[I 2024-03-04 00:06:09,348] Using an existing study with name 'my_study1' instead of creating a new one.
[I 2024-03-04 01:13:55,196] Trial 74 finished with value: 0.033721815794706345 and parameters: {'W_layers': 6, 'W_layer_units_exponent_0': 4, 'W_layer_units_exponent_1': 7, 'W_layer_units_exponent_2': 8, 'W_layer_units_exponent_3': 9, 'W_layer_units_exponent_4': 10, 'W_layer_units_exponent_5': 7, 'D_layers': 6, 'D_layer_units_exponent_0': 9, 'D_layer_units_exponent_1': 10, 'D_layer_units_exponent_2': 9, 'D_layer_units_exponent_3': 10, 'D_layer_units_exponent_4': 10, 'D_layer_units_exponent_5': 8, 'D_dagger_layers': 6, 'D_dagger_layer_units_exponent_0': 9, 'D_dagger_layer_units_exponent_1': 10, 'D_dagger_layer_units_exponent_2': 7, 'D_dagger_layer_units_exponent_3': 9, 'D_dagger_layer_units_exponent_4': 4, 'D_dagger_layer_units_exponent_5': 9, 'log_learning_rate': -2.0571107562716686, 'log_learning_rate_D': -4.56972289543298, 'log_learning_rate_D_dagger': -3.530290036040169, 'training_batch_size': 6, 'training_p': 6}. Best is trial 27 with value: 0.019390789791941643.
[I 2024-03-04 02:18:17,258] Trial 75 finished with value: 0.03128296136856079 and parameters: {'W_layers': 5, 'W_layer_units_exponent_0': 5, 'W_layer_units_exponent_1': 8, 'W_layer_units_exponent_2': 8, 'W_layer_units_exponent_3': 7, 'W_layer_units_exponent_4': 10, 'D_layers': 6, 'D_layer_units_exponent_0': 10, 'D_layer_units_exponent_1': 10, 'D_layer_units_exponent_2': 9, 'D_layer_units_exponent_3': 10, 'D_layer_units_exponent_4': 10, 'D_layer_units_exponent_5': 9, 'D_dagger_layers': 6, 'D_dagger_layer_units_exponent_0': 10, 'D_dagger_layer_units_exponent_1': 10, 'D_dagger_layer_units_exponent_2': 7, 'D_dagger_layer_units_exponent_3': 9, 'D_dagger_layer_units_exponent_4': 4, 'D_dagger_layer_units_exponent_5': 7, 'log_learning_rate': -1.7954978112402, 'log_learning_rate_D': -3.894050074790703, 'log_learning_rate_D_dagger': -3.1446890186359897, 'training_batch_size': 6, 'training_p': 8}. Best is trial 27 with value: 0.019390789791941643.
[I 2024-03-04 03:22:39,901] Trial 76 finished with value: 1.0152051448822021 and parameters: {'W_layers': 6, 'W_layer_units_exponent_0': 4, 'W_layer_units_exponent_1': 9, 'W_layer_units_exponent_2': 9, 'W_layer_units_exponent_3': 10, 'W_layer_units_exponent_4': 9, 'W_layer_units_exponent_5': 4, 'D_layers': 5, 'D_layer_units_exponent_0': 9, 'D_layer_units_exponent_1': 10, 'D_layer_units_exponent_2': 10, 'D_layer_units_exponent_3': 10, 'D_layer_units_exponent_4': 9, 'D_dagger_layers': 6, 'D_dagger_layer_units_exponent_0': 9, 'D_dagger_layer_units_exponent_1': 9, 'D_dagger_layer_units_exponent_2': 7, 'D_dagger_layer_units_exponent_3': 8, 'D_dagger_layer_units_exponent_4': 4, 'D_dagger_layer_units_exponent_5': 10, 'log_learning_rate': -1.9847520711594144, 'log_learning_rate_D': -2.113408771198525, 'log_learning_rate_D_dagger': -3.2982987492451614, 'training_batch_size': 6, 'training_p': 7}. Best is trial 27 with value: 0.019390789791941643.
[I 2024-03-04 04:29:44,337] Trial 77 finished with value: 0.03757816180586815 and parameters: {'W_layers': 5, 'W_layer_units_exponent_0': 5, 'W_layer_units_exponent_1': 10, 'W_layer_units_exponent_2': 8, 'W_layer_units_exponent_3': 9, 'W_layer_units_exponent_4': 10, 'D_layers': 7, 'D_layer_units_exponent_0': 10, 'D_layer_units_exponent_1': 4, 'D_layer_units_exponent_2': 8, 'D_layer_units_exponent_3': 10, 'D_layer_units_exponent_4': 10, 'D_layer_units_exponent_5': 7, 'D_layer_units_exponent_6': 8, 'D_dagger_layers': 6, 'D_dagger_layer_units_exponent_0': 8, 'D_dagger_layer_units_exponent_1': 10, 'D_dagger_layer_units_exponent_2': 8, 'D_dagger_layer_units_exponent_3': 9, 'D_dagger_layer_units_exponent_4': 5, 'D_dagger_layer_units_exponent_5': 8, 'log_learning_rate': -2.668530611341591, 'log_learning_rate_D': -4.762147005934904, 'log_learning_rate_D_dagger': -3.7069409728267333, 'training_batch_size': 6, 'training_p': 6}. Best is trial 27 with value: 0.019390789791941643.
[I 2024-03-04 05:28:07,591] Trial 78 finished with value: 0.03752080351114273 and parameters: {'W_layers': 5, 'W_layer_units_exponent_0': 5, 'W_layer_units_exponent_1': 10, 'W_layer_units_exponent_2': 7, 'W_layer_units_exponent_3': 8, 'W_layer_units_exponent_4': 8, 'D_layers': 5, 'D_layer_units_exponent_0': 8, 'D_layer_units_exponent_1': 10, 'D_layer_units_exponent_2': 10, 'D_layer_units_exponent_3': 10, 'D_layer_units_exponent_4': 5, 'D_dagger_layers': 5, 'D_dagger_layer_units_exponent_0': 7, 'D_dagger_layer_units_exponent_1': 9, 'D_dagger_layer_units_exponent_2': 7, 'D_dagger_layer_units_exponent_3': 7, 'D_dagger_layer_units_exponent_4': 4, 'log_learning_rate': -2.2914786982241035, 'log_learning_rate_D': -4.075205401858692, 'log_learning_rate_D_dagger': -3.86943765050258, 'training_batch_size': 6, 'training_p': 5}. Best is trial 27 with value: 0.019390789791941643.
[I 2024-03-04 05:56:46,625] Trial 79 finished with value: 0.10606815665960312 and parameters: {'W_layers': 3, 'W_layer_units_exponent_0': 4, 'W_layer_units_exponent_1': 7, 'W_layer_units_exponent_2': 6, 'D_layers': 4, 'D_layer_units_exponent_0': 10, 'D_layer_units_exponent_1': 9, 'D_layer_units_exponent_2': 9, 'D_layer_units_exponent_3': 10, 'D_dagger_layers': 7, 'D_dagger_layer_units_exponent_0': 9, 'D_dagger_layer_units_exponent_1': 10, 'D_dagger_layer_units_exponent_2': 6, 'D_dagger_layer_units_exponent_3': 10, 'D_dagger_layer_units_exponent_4': 4, 'D_dagger_layer_units_exponent_5': 9, 'D_dagger_layer_units_exponent_6': 8, 'log_learning_rate': -1.453346711700317, 'log_learning_rate_D': -4.435563488199046, 'log_learning_rate_D_dagger': -3.007765444033319, 'training_batch_size': 7, 'training_p': 3}. Best is trial 27 with value: 0.019390789791941643.
[I 2024-03-04 06:07:09,376] Trial 80 finished with value: 32.03787612915039 and parameters: {'W_layers': 5, 'W_layer_units_exponent_0': 8, 'W_layer_units_exponent_1': 9, 'W_layer_units_exponent_2': 7, 'W_layer_units_exponent_3': 9, 'W_layer_units_exponent_4': 7, 'D_layers': 7, 'D_layer_units_exponent_0': 8, 'D_layer_units_exponent_1': 10, 'D_layer_units_exponent_2': 10, 'D_layer_units_exponent_3': 9, 'D_layer_units_exponent_4': 8, 'D_layer_units_exponent_5': 8, 'D_layer_units_exponent_6': 10, 'D_dagger_layers': 6, 'D_dagger_layer_units_exponent_0': 8, 'D_dagger_layer_units_exponent_1': 9, 'D_dagger_layer_units_exponent_2': 7, 'D_dagger_layer_units_exponent_3': 5, 'D_dagger_layer_units_exponent_4': 5, 'D_dagger_layer_units_exponent_5': 10, 'log_learning_rate': -1.6028782621536406, 'log_learning_rate_D': -4.628579531593733, 'log_learning_rate_D_dagger': -2.774518774357688, 'training_batch_size': 11, 'training_p': 6}. Best is trial 27 with value: 0.019390789791941643.
[I 2024-03-04 07:05:32,791] Trial 81 finished with value: 0.020818807184696198 and parameters: {'W_layers': 5, 'W_layer_units_exponent_0': 6, 'W_layer_units_exponent_1': 8, 'W_layer_units_exponent_2': 8, 'W_layer_units_exponent_3': 8, 'W_layer_units_exponent_4': 9, 'D_layers': 5, 'D_layer_units_exponent_0': 9, 'D_layer_units_exponent_1': 9, 'D_layer_units_exponent_2': 10, 'D_layer_units_exponent_3': 9, 'D_layer_units_exponent_4': 10, 'D_dagger_layers': 5, 'D_dagger_layer_units_exponent_0': 9, 'D_dagger_layer_units_exponent_1': 7, 'D_dagger_layer_units_exponent_2': 9, 'D_dagger_layer_units_exponent_3': 8, 'D_dagger_layer_units_exponent_4': 6, 'log_learning_rate': -2.79129701489288, 'log_learning_rate_D': -3.664517365327065, 'log_learning_rate_D_dagger': -3.390720491267764, 'training_batch_size': 6, 'training_p': 7}. Best is trial 27 with value: 0.019390789791941643.
[I 2024-03-04 07:13:40,324] Trial 82 finished with value: 0.20469136536121368 and parameters: {'W_layers': 5, 'W_layer_units_exponent_0': 6, 'W_layer_units_exponent_1': 6, 'W_layer_units_exponent_2': 5, 'W_layer_units_exponent_3': 8, 'W_layer_units_exponent_4': 9, 'D_layers': 5, 'D_layer_units_exponent_0': 10, 'D_layer_units_exponent_1': 6, 'D_layer_units_exponent_2': 10, 'D_layer_units_exponent_3': 8, 'D_layer_units_exponent_4': 10, 'D_dagger_layers': 5, 'D_dagger_layer_units_exponent_0': 8, 'D_dagger_layer_units_exponent_1': 6, 'D_dagger_layer_units_exponent_2': 9, 'D_dagger_layer_units_exponent_3': 8, 'D_dagger_layer_units_exponent_4': 6, 'log_learning_rate': -2.8101806388586623, 'log_learning_rate_D': -3.617310871769457, 'log_learning_rate_D_dagger': -2.897871311468542, 'training_batch_size': 10, 'training_p': 6}. Best is trial 27 with value: 0.019390789791941643.
[I 2024-03-04 08:09:25,896] Trial 83 finished with value: 0.03646405041217804 and parameters: {'W_layers': 4, 'W_layer_units_exponent_0': 6, 'W_layer_units_exponent_1': 8, 'W_layer_units_exponent_2': 10, 'W_layer_units_exponent_3': 7, 'D_layers': 5, 'D_layer_units_exponent_0': 9, 'D_layer_units_exponent_1': 9, 'D_layer_units_exponent_2': 10, 'D_layer_units_exponent_3': 9, 'D_layer_units_exponent_4': 10, 'D_dagger_layers': 5, 'D_dagger_layer_units_exponent_0': 9, 'D_dagger_layer_units_exponent_1': 6, 'D_dagger_layer_units_exponent_2': 8, 'D_dagger_layer_units_exponent_3': 8, 'D_dagger_layer_units_exponent_4': 6, 'log_learning_rate': -2.417090591293412, 'log_learning_rate_D': -3.7512781957500048, 'log_learning_rate_D_dagger': -3.4277931760340263, 'training_batch_size': 6, 'training_p': 7}. Best is trial 27 with value: 0.019390789791941643.
[I 2024-03-04 09:10:31,723] Trial 84 finished with value: 0.04296426847577095 and parameters: {'W_layers': 5, 'W_layer_units_exponent_0': 5, 'W_layer_units_exponent_1': 7, 'W_layer_units_exponent_2': 8, 'W_layer_units_exponent_3': 8, 'W_layer_units_exponent_4': 9, 'D_layers': 5, 'D_layer_units_exponent_0': 9, 'D_layer_units_exponent_1': 7, 'D_layer_units_exponent_2': 10, 'D_layer_units_exponent_3': 8, 'D_layer_units_exponent_4': 10, 'D_dagger_layers': 6, 'D_dagger_layer_units_exponent_0': 9, 'D_dagger_layer_units_exponent_1': 7, 'D_dagger_layer_units_exponent_2': 10, 'D_dagger_layer_units_exponent_3': 9, 'D_dagger_layer_units_exponent_4': 4, 'D_dagger_layer_units_exponent_5': 8, 'log_learning_rate': -2.076272432505759, 'log_learning_rate_D': -3.5210508296575362, 'log_learning_rate_D_dagger': -3.656095269508421, 'training_batch_size': 6, 'training_p': 7}. Best is trial 27 with value: 0.019390789791941643.
[I 2024-03-04 10:11:19,261] Trial 85 finished with value: 0.05685049295425415 and parameters: {'W_layers': 5, 'W_layer_units_exponent_0': 5, 'W_layer_units_exponent_1': 8, 'W_layer_units_exponent_2': 8, 'W_layer_units_exponent_3': 8, 'W_layer_units_exponent_4': 10, 'D_layers': 6, 'D_layer_units_exponent_0': 10, 'D_layer_units_exponent_1': 8, 'D_layer_units_exponent_2': 9, 'D_layer_units_exponent_3': 10, 'D_layer_units_exponent_4': 7, 'D_layer_units_exponent_5': 10, 'D_dagger_layers': 5, 'D_dagger_layer_units_exponent_0': 10, 'D_dagger_layer_units_exponent_1': 7, 'D_dagger_layer_units_exponent_2': 9, 'D_dagger_layer_units_exponent_3': 6, 'D_dagger_layer_units_exponent_4': 7, 'log_learning_rate': -2.9581375019505627, 'log_learning_rate_D': -3.86097463702522, 'log_learning_rate_D_dagger': -3.2432597692503284, 'training_batch_size': 6, 'training_p': 7}. Best is trial 27 with value: 0.019390789791941643.
[I 2024-03-04 11:18:27,720] Trial 86 finished with value: 0.021479947492480278 and parameters: {'W_layers': 7, 'W_layer_units_exponent_0': 4, 'W_layer_units_exponent_1': 10, 'W_layer_units_exponent_2': 9, 'W_layer_units_exponent_3': 7, 'W_layer_units_exponent_4': 8, 'W_layer_units_exponent_5': 6, 'W_layer_units_exponent_6': 6, 'D_layers': 5, 'D_layer_units_exponent_0': 9, 'D_layer_units_exponent_1': 9, 'D_layer_units_exponent_2': 10, 'D_layer_units_exponent_3': 10, 'D_layer_units_exponent_4': 10, 'D_dagger_layers': 6, 'D_dagger_layer_units_exponent_0': 9, 'D_dagger_layer_units_exponent_1': 8, 'D_dagger_layer_units_exponent_2': 7, 'D_dagger_layer_units_exponent_3': 7, 'D_dagger_layer_units_exponent_4': 5, 'D_dagger_layer_units_exponent_5': 6, 'log_learning_rate': -2.5137606485061137, 'log_learning_rate_D': -3.6912079615270548, 'log_learning_rate_D_dagger': -3.143208702732097, 'training_batch_size': 6, 'training_p': 6}. Best is trial 27 with value: 0.019390789791941643.
[I 2024-03-04 12:25:34,035] Trial 87 finished with value: 0.03434957191348076 and parameters: {'W_layers': 7, 'W_layer_units_exponent_0': 6, 'W_layer_units_exponent_1': 10, 'W_layer_units_exponent_2': 10, 'W_layer_units_exponent_3': 7, 'W_layer_units_exponent_4': 8, 'W_layer_units_exponent_5': 5, 'W_layer_units_exponent_6': 6, 'D_layers': 5, 'D_layer_units_exponent_0': 10, 'D_layer_units_exponent_1': 9, 'D_layer_units_exponent_2': 10, 'D_layer_units_exponent_3': 10, 'D_layer_units_exponent_4': 10, 'D_dagger_layers': 5, 'D_dagger_layer_units_exponent_0': 9, 'D_dagger_layer_units_exponent_1': 8, 'D_dagger_layer_units_exponent_2': 8, 'D_dagger_layer_units_exponent_3': 7, 'D_dagger_layer_units_exponent_4': 5, 'log_learning_rate': -2.468416134530132, 'log_learning_rate_D': -3.698366907451217, 'log_learning_rate_D_dagger': -3.10763570304817, 'training_batch_size': 6, 'training_p': 6}. Best is trial 27 with value: 0.019390789791941643.
[I 2024-03-04 12:58:01,975] Trial 88 finished with value: 0.6111937761306763 and parameters: {'W_layers': 7, 'W_layer_units_exponent_0': 5, 'W_layer_units_exponent_1': 10, 'W_layer_units_exponent_2': 9, 'W_layer_units_exponent_3': 7, 'W_layer_units_exponent_4': 8, 'W_layer_units_exponent_5': 6, 'W_layer_units_exponent_6': 7, 'D_layers': 4, 'D_layer_units_exponent_0': 8, 'D_layer_units_exponent_1': 9, 'D_layer_units_exponent_2': 10, 'D_layer_units_exponent_3': 10, 'D_dagger_layers': 6, 'D_dagger_layer_units_exponent_0': 7, 'D_dagger_layer_units_exponent_1': 7, 'D_dagger_layer_units_exponent_2': 9, 'D_dagger_layer_units_exponent_3': 7, 'D_dagger_layer_units_exponent_4': 7, 'D_dagger_layer_units_exponent_5': 6, 'log_learning_rate': -2.7144460864807143, 'log_learning_rate_D': -3.353813750369011, 'log_learning_rate_D_dagger': -1.7061077355619951, 'training_batch_size': 7, 'training_p': 6}. Best is trial 27 with value: 0.019390789791941643.
[I 2024-03-04 13:59:04,833] Trial 89 finished with value: 0.02151702158153057 and parameters: {'W_layers': 4, 'W_layer_units_exponent_0': 4, 'W_layer_units_exponent_1': 10, 'W_layer_units_exponent_2': 9, 'W_layer_units_exponent_3': 7, 'D_layers': 5, 'D_layer_units_exponent_0': 9, 'D_layer_units_exponent_1': 9, 'D_layer_units_exponent_2': 10, 'D_layer_units_exponent_3': 9, 'D_layer_units_exponent_4': 9, 'D_dagger_layers': 7, 'D_dagger_layer_units_exponent_0': 9, 'D_dagger_layer_units_exponent_1': 8, 'D_dagger_layer_units_exponent_2': 7, 'D_dagger_layer_units_exponent_3': 6, 'D_dagger_layer_units_exponent_4': 5, 'D_dagger_layer_units_exponent_5': 5, 'D_dagger_layer_units_exponent_6': 6, 'log_learning_rate': -2.2060049107057074, 'log_learning_rate_D': -3.966226498273231, 'log_learning_rate_D_dagger': -3.318217135252355, 'training_batch_size': 6, 'training_p': 5}. Best is trial 27 with value: 0.019390789791941643.
[I 2024-03-04 14:51:46,707] Trial 90 finished with value: 0.0326155424118042 and parameters: {'W_layers': 4, 'W_layer_units_exponent_0': 4, 'W_layer_units_exponent_1': 10, 'W_layer_units_exponent_2': 9, 'W_layer_units_exponent_3': 6, 'D_layers': 5, 'D_layer_units_exponent_0': 9, 'D_layer_units_exponent_1': 9, 'D_layer_units_exponent_2': 10, 'D_layer_units_exponent_3': 8, 'D_layer_units_exponent_4': 9, 'D_dagger_layers': 4, 'D_dagger_layer_units_exponent_0': 9, 'D_dagger_layer_units_exponent_1': 7, 'D_dagger_layer_units_exponent_2': 7, 'D_dagger_layer_units_exponent_3': 6, 'log_learning_rate': -2.209272186731431, 'log_learning_rate_D': -3.959533056471698, 'log_learning_rate_D_dagger': -3.0353724408366864, 'training_batch_size': 6, 'training_p': 5}. Best is trial 27 with value: 0.019390789791941643.
[I 2024-03-04 15:52:56,702] Trial 91 finished with value: 0.01727818325161934 and parameters: {'W_layers': 4, 'W_layer_units_exponent_0': 4, 'W_layer_units_exponent_1': 10, 'W_layer_units_exponent_2': 9, 'W_layer_units_exponent_3': 7, 'D_layers': 4, 'D_layer_units_exponent_0': 9, 'D_layer_units_exponent_1': 9, 'D_layer_units_exponent_2': 10, 'D_layer_units_exponent_3': 9, 'D_dagger_layers': 8, 'D_dagger_layer_units_exponent_0': 10, 'D_dagger_layer_units_exponent_1': 8, 'D_dagger_layer_units_exponent_2': 6, 'D_dagger_layer_units_exponent_3': 7, 'D_dagger_layer_units_exponent_4': 6, 'D_dagger_layer_units_exponent_5': 5, 'D_dagger_layer_units_exponent_6': 6, 'D_dagger_layer_units_exponent_7': 4, 'log_learning_rate': -2.3181020192516693, 'log_learning_rate_D': -3.214966995751131, 'log_learning_rate_D_dagger': -3.317032167441085, 'training_batch_size': 6, 'training_p': 5}. Best is trial 91 with value: 0.01727818325161934.
[I 2024-03-04 16:12:22,827] Trial 92 finished with value: 0.15695220232009888 and parameters: {'W_layers': 3, 'W_layer_units_exponent_0': 4, 'W_layer_units_exponent_1': 10, 'W_layer_units_exponent_2': 9, 'D_layers': 3, 'D_layer_units_exponent_0': 9, 'D_layer_units_exponent_1': 9, 'D_layer_units_exponent_2': 10, 'D_dagger_layers': 8, 'D_dagger_layer_units_exponent_0': 10, 'D_dagger_layer_units_exponent_1': 8, 'D_dagger_layer_units_exponent_2': 8, 'D_dagger_layer_units_exponent_3': 7, 'D_dagger_layer_units_exponent_4': 6, 'D_dagger_layer_units_exponent_5': 5, 'D_dagger_layer_units_exponent_6': 6, 'D_dagger_layer_units_exponent_7': 4, 'log_learning_rate': -2.605472069853798, 'log_learning_rate_D': -3.035048694879072, 'log_learning_rate_D_dagger': -3.352369161183347, 'training_batch_size': 8, 'training_p': 4}. Best is trial 91 with value: 0.01727818325161934.
[I 2024-03-04 17:14:02,026] Trial 93 finished with value: 0.025647630915045738 and parameters: {'W_layers': 4, 'W_layer_units_exponent_0': 4, 'W_layer_units_exponent_1': 10, 'W_layer_units_exponent_2': 9, 'W_layer_units_exponent_3': 7, 'D_layers': 4, 'D_layer_units_exponent_0': 9, 'D_layer_units_exponent_1': 9, 'D_layer_units_exponent_2': 10, 'D_layer_units_exponent_3': 9, 'D_dagger_layers': 8, 'D_dagger_layer_units_exponent_0': 10, 'D_dagger_layer_units_exponent_1': 8, 'D_dagger_layer_units_exponent_2': 5, 'D_dagger_layer_units_exponent_3': 7, 'D_dagger_layer_units_exponent_4': 6, 'D_dagger_layer_units_exponent_5': 4, 'D_dagger_layer_units_exponent_6': 5, 'D_dagger_layer_units_exponent_7': 6, 'log_learning_rate': -2.317778964832453, 'log_learning_rate_D': -3.239151174993054, 'log_learning_rate_D_dagger': -3.1586508074146447, 'training_batch_size': 6, 'training_p': 5}. Best is trial 91 with value: 0.01727818325161934.
[I 2024-03-04 18:15:42,930] Trial 94 finished with value: 0.039137523621320724 and parameters: {'W_layers': 4, 'W_layer_units_exponent_0': 4, 'W_layer_units_exponent_1': 10, 'W_layer_units_exponent_2': 9, 'W_layer_units_exponent_3': 7, 'D_layers': 4, 'D_layer_units_exponent_0': 9, 'D_layer_units_exponent_1': 9, 'D_layer_units_exponent_2': 10, 'D_layer_units_exponent_3': 9, 'D_dagger_layers': 8, 'D_dagger_layer_units_exponent_0': 10, 'D_dagger_layer_units_exponent_1': 8, 'D_dagger_layer_units_exponent_2': 5, 'D_dagger_layer_units_exponent_3': 7, 'D_dagger_layer_units_exponent_4': 6, 'D_dagger_layer_units_exponent_5': 4, 'D_dagger_layer_units_exponent_6': 5, 'D_dagger_layer_units_exponent_7': 6, 'log_learning_rate': -2.297885743120699, 'log_learning_rate_D': -3.247712776404895, 'log_learning_rate_D_dagger': -3.564110740562941, 'training_batch_size': 6, 'training_p': 5}. Best is trial 91 with value: 0.01727818325161934.
[I 2024-03-04 19:17:37,156] Trial 95 finished with value: 0.02464912086725235 and parameters: {'W_layers': 4, 'W_layer_units_exponent_0': 4, 'W_layer_units_exponent_1': 10, 'W_layer_units_exponent_2': 9, 'W_layer_units_exponent_3': 7, 'D_layers': 4, 'D_layer_units_exponent_0': 9, 'D_layer_units_exponent_1': 9, 'D_layer_units_exponent_2': 10, 'D_layer_units_exponent_3': 9, 'D_dagger_layers': 8, 'D_dagger_layer_units_exponent_0': 10, 'D_dagger_layer_units_exponent_1': 8, 'D_dagger_layer_units_exponent_2': 4, 'D_dagger_layer_units_exponent_3': 7, 'D_dagger_layer_units_exponent_4': 6, 'D_dagger_layer_units_exponent_5': 4, 'D_dagger_layer_units_exponent_6': 6, 'D_dagger_layer_units_exponent_7': 5, 'log_learning_rate': -2.4877809656780387, 'log_learning_rate_D': -2.844049463512114, 'log_learning_rate_D_dagger': -3.1675942937966846, 'training_batch_size': 6, 'training_p': 5}. Best is trial 91 with value: 0.01727818325161934.
[I 2024-03-04 20:17:38,624] Trial 96 finished with value: 0.02568027190864086 and parameters: {'W_layers': 4, 'W_layer_units_exponent_0': 4, 'W_layer_units_exponent_1': 10, 'W_layer_units_exponent_2': 9, 'W_layer_units_exponent_3': 7, 'D_layers': 4, 'D_layer_units_exponent_0': 9, 'D_layer_units_exponent_1': 9, 'D_layer_units_exponent_2': 10, 'D_layer_units_exponent_3': 9, 'D_dagger_layers': 8, 'D_dagger_layer_units_exponent_0': 10, 'D_dagger_layer_units_exponent_1': 8, 'D_dagger_layer_units_exponent_2': 4, 'D_dagger_layer_units_exponent_3': 7, 'D_dagger_layer_units_exponent_4': 6, 'D_dagger_layer_units_exponent_5': 5, 'D_dagger_layer_units_exponent_6': 6, 'D_dagger_layer_units_exponent_7': 5, 'log_learning_rate': -2.845012484647812, 'log_learning_rate_D': -2.951552238444804, 'log_learning_rate_D_dagger': -3.357034496842858, 'training_batch_size': 6, 'training_p': 5}. Best is trial 91 with value: 0.01727818325161934.
