[I 2023-11-20 17:08:33,727] Trial 33 finished with value: 1.0 and parameters: {'W_layers': 7, 'W_layer_units_exponent_0': 9, 'W_layer_units_exponent_1': 10, 'W_layer_units_exponent_2': 7, 'W_layer_units_exponent_3': 8, 'W_layer_units_exponent_4': 6, 'W_layer_units_exponent_5': 7, 'W_layer_units_exponent_6': 10, 'D_layers': 5, 'D_layer_units_exponent_0': 8, 'D_layer_units_exponent_1': 10, 'D_layer_units_exponent_2': 6, 'D_layer_units_exponent_3': 10, 'D_layer_units_exponent_4': 6, 'D_dagger_layers': 4, 'D_dagger_layer_units_exponent_0': 5, 'D_dagger_layer_units_exponent_1': 6, 'D_dagger_layer_units_exponent_2': 10, 'D_dagger_layer_units_exponent_3': 6, 'log_learning_rate': -3.3279977925579587, 'log_learning_rate_D': -3.5206710366217226, 'log_learning_rate_D_dagger': -4.106480524510268, 'training_batch_size': 12, 'training_p': 4}. Best is trial 14 with value: 0.10091722011566162.
Time for this trial:  218.05404353141785
Memory status after this trial: 
Memory allocated:  268.36572265625
Memory cached:  292.0
--------------------  Trial  34   --------------------
Start timing: 
Parameters: 
{'W_layers': 8, 'W_layer_units_exponent_0': 8, 'W_layer_units_exponent_1': 9, 'W_layer_units_exponent_2': 6, 'W_layer_units_exponent_3': 9, 'W_layer_units_exponent_4': 7, 'W_layer_units_exponent_5': 5, 'W_layer_units_exponent_6': 6, 'W_layer_units_exponent_7': 5, 'D_layers': 7, 'D_layer_units_exponent_0': 7, 'D_layer_units_exponent_1': 9, 'D_layer_units_exponent_2': 9, 'D_layer_units_exponent_3': 9, 'D_layer_units_exponent_4': 8, 'D_layer_units_exponent_5': 8, 'D_layer_units_exponent_6': 4, 'D_dagger_layers': 3, 'D_dagger_layer_units_exponent_0': 7, 'D_dagger_layer_units_exponent_1': 4, 'D_dagger_layer_units_exponent_2': 9, 'log_learning_rate': -3.8793314539328874, 'log_learning_rate_D': -3.0909130059660708, 'log_learning_rate_D_dagger': -3.4223244361674694, 'training_batch_size': 10, 'training_p': 4}
	 epoch  0 training error:  tensor(0.9984, device='cuda:0', grad_fn=<DivBackward0>)
Memory status after this epoch: 
Memory allocated:  16.55908203125
Memory cached:  150.0
	 epoch  10 training error:  tensor(0.9815, device='cuda:0', grad_fn=<DivBackward0>)
Memory status after this epoch: 
Memory allocated:  16.55908203125
Memory cached:  218.0
	 epoch  20 training error:  tensor(0.9571, device='cuda:0', grad_fn=<DivBackward0>)
Memory status after this epoch: 
Memory allocated:  16.55908203125
Memory cached:  218.0
	 epoch  30 training error:  tensor(0.9227, device='cuda:0', grad_fn=<DivBackward0>)
Memory status after this epoch: 
Memory allocated:  16.55908203125
Memory cached:  220.0
	 epoch  40 training error:  tensor(0.8833, device='cuda:0', grad_fn=<DivBackward0>)
Memory status after this epoch: 
Memory allocated:  16.55908203125
Memory cached:  230.0
	 epoch  50 training error:  tensor(1., device='cuda:0', grad_fn=<DivBackward0>)
Memory status after this epoch: 
Memory allocated:  16.55908203125
Memory cached:  216.0
	 epoch  60 training error:  tensor(1., device='cuda:0', grad_fn=<DivBackward0>)
Memory status after this epoch: 
Memory allocated:  16.55908203125
Memory cached:  228.0
	 epoch  70 training error:  tensor(1., device='cuda:0', grad_fn=<DivBackward0>)
Memory status after this epoch: 
Memory allocated:  16.55908203125
Memory cached:  220.0
	 epoch  80 training error:  tensor(1., device='cuda:0', grad_fn=<DivBackward0>)
Memory status after this epoch: 
Memory allocated:  16.55908203125
Memory cached:  226.0
	 epoch  90 training error:  tensor(1., device='cuda:0', grad_fn=<DivBackward0>)
Memory status after this epoch: 
Memory allocated:  16.55908203125
Memory cached:  214.0
[I 2023-11-20 17:12:11,553] Trial 34 finished with value: 1.0 and parameters: {'W_layers': 8, 'W_layer_units_exponent_0': 8, 'W_layer_units_exponent_1': 9, 'W_layer_units_exponent_2': 6, 'W_layer_units_exponent_3': 9, 'W_layer_units_exponent_4': 7, 'W_layer_units_exponent_5': 5, 'W_layer_units_exponent_6': 6, 'W_layer_units_exponent_7': 5, 'D_layers': 7, 'D_layer_units_exponent_0': 7, 'D_layer_units_exponent_1': 9, 'D_layer_units_exponent_2': 9, 'D_layer_units_exponent_3': 9, 'D_layer_units_exponent_4': 8, 'D_layer_units_exponent_5': 8, 'D_layer_units_exponent_6': 4, 'D_dagger_layers': 3, 'D_dagger_layer_units_exponent_0': 7, 'D_dagger_layer_units_exponent_1': 4, 'D_dagger_layer_units_exponent_2': 9, 'log_learning_rate': -3.8793314539328874, 'log_learning_rate_D': -3.0909130059660708, 'log_learning_rate_D_dagger': -3.4223244361674694, 'training_batch_size': 10, 'training_p': 4}. Best is trial 14 with value: 0.10091722011566162.
Time for this trial:  217.55199813842773
Memory status after this trial: 
Memory allocated:  178.005859375
Memory cached:  192.0
--------------------  Trial  35   --------------------
Start timing: 
Parameters: 
{'W_layers': 7, 'W_layer_units_exponent_0': 10, 'W_layer_units_exponent_1': 6, 'W_layer_units_exponent_2': 5, 'W_layer_units_exponent_3': 7, 'W_layer_units_exponent_4': 9, 'W_layer_units_exponent_5': 7, 'W_layer_units_exponent_6': 8, 'D_layers': 4, 'D_layer_units_exponent_0': 9, 'D_layer_units_exponent_1': 8, 'D_layer_units_exponent_2': 5, 'D_layer_units_exponent_3': 8, 'D_dagger_layers': 4, 'D_dagger_layer_units_exponent_0': 10, 'D_dagger_layer_units_exponent_1': 5, 'D_dagger_layer_units_exponent_2': 10, 'D_dagger_layer_units_exponent_3': 9, 'log_learning_rate': -3.684446721478182, 'log_learning_rate_D': -3.382440036839236, 'log_learning_rate_D_dagger': -4.428128754306324, 'training_batch_size': 11, 'training_p': 5}
	 epoch  0 training error:  tensor(0.9996, device='cuda:0', grad_fn=<DivBackward0>)
Memory status after this epoch: 
Memory allocated:  15.12548828125
Memory cached:  86.0
	 epoch  10 training error:  tensor(0.9847, device='cuda:0', grad_fn=<DivBackward0>)
Memory status after this epoch: 
Memory allocated:  15.12548828125
Memory cached:  118.0
	 epoch  20 training error:  tensor(0.9644, device='cuda:0', grad_fn=<DivBackward0>)
Memory status after this epoch: 
Memory allocated:  15.12548828125
Memory cached:  120.0
	 epoch  30 training error:  tensor(0.9384, device='cuda:0', grad_fn=<DivBackward0>)
Memory status after this epoch: 
Memory allocated:  15.12548828125
Memory cached:  118.0
	 epoch  40 training error:  tensor(0.9071, device='cuda:0', grad_fn=<DivBackward0>)
Memory status after this epoch: 
Memory allocated:  15.12548828125
Memory cached:  116.0
	 epoch  50 training error:  tensor(0.8786, device='cuda:0', grad_fn=<DivBackward0>)
Memory status after this epoch: 
Memory allocated:  15.12548828125
Memory cached:  118.0
	 epoch  60 training error:  tensor(0.8618, device='cuda:0', grad_fn=<DivBackward0>)
Memory status after this epoch: 
Memory allocated:  15.12548828125
Memory cached:  116.0
	 epoch  70 training error:  tensor(0.8551, device='cuda:0', grad_fn=<DivBackward0>)
Memory status after this epoch: 
Memory allocated:  15.12548828125
Memory cached:  116.0
	 epoch  80 training error:  tensor(0.8529, device='cuda:0', grad_fn=<DivBackward0>)
Memory status after this epoch: 
Memory allocated:  15.12548828125
Memory cached:  118.0
	 epoch  90 training error:  tensor(0.8521, device='cuda:0', grad_fn=<DivBackward0>)
Memory status after this epoch: 
Memory allocated:  15.12548828125
Memory cached:  118.0
[I 2023-11-20 17:15:39,177] Trial 35 finished with value: 0.9621145129203796 and parameters: {'W_layers': 7, 'W_layer_units_exponent_0': 10, 'W_layer_units_exponent_1': 6, 'W_layer_units_exponent_2': 5, 'W_layer_units_exponent_3': 7, 'W_layer_units_exponent_4': 9, 'W_layer_units_exponent_5': 7, 'W_layer_units_exponent_6': 8, 'D_layers': 4, 'D_layer_units_exponent_0': 9, 'D_layer_units_exponent_1': 8, 'D_layer_units_exponent_2': 5, 'D_layer_units_exponent_3': 8, 'D_dagger_layers': 4, 'D_dagger_layer_units_exponent_0': 10, 'D_dagger_layer_units_exponent_1': 5, 'D_dagger_layer_units_exponent_2': 10, 'D_dagger_layer_units_exponent_3': 9, 'log_learning_rate': -3.684446721478182, 'log_learning_rate_D': -3.382440036839236, 'log_learning_rate_D_dagger': -4.428128754306324, 'training_batch_size': 11, 'training_p': 5}. Best is trial 14 with value: 0.10091722011566162.
Time for this trial:  207.35260796546936
Memory status after this trial: 
Memory allocated:  228.7490234375
Memory cached:  250.0
--------------------  Trial  36   --------------------
Start timing: 
Parameters: 
{'W_layers': 6, 'W_layer_units_exponent_0': 10, 'W_layer_units_exponent_1': 8, 'W_layer_units_exponent_2': 7, 'W_layer_units_exponent_3': 10, 'W_layer_units_exponent_4': 5, 'W_layer_units_exponent_5': 6, 'D_layers': 8, 'D_layer_units_exponent_0': 8, 'D_layer_units_exponent_1': 7, 'D_layer_units_exponent_2': 7, 'D_layer_units_exponent_3': 9, 'D_layer_units_exponent_4': 5, 'D_layer_units_exponent_5': 9, 'D_layer_units_exponent_6': 8, 'D_layer_units_exponent_7': 10, 'D_dagger_layers': 6, 'D_dagger_layer_units_exponent_0': 6, 'D_dagger_layer_units_exponent_1': 6, 'D_dagger_layer_units_exponent_2': 9, 'D_dagger_layer_units_exponent_3': 7, 'D_dagger_layer_units_exponent_4': 7, 'D_dagger_layer_units_exponent_5': 4, 'log_learning_rate': -3.232893921770801, 'log_learning_rate_D': -2.588995817203952, 'log_learning_rate_D_dagger': -3.643123469434035, 'training_batch_size': 10, 'training_p': 3}
	 epoch  0 training error:  tensor(0.9983, device='cuda:0', grad_fn=<DivBackward0>)
Memory status after this epoch: 
Memory allocated:  17.38720703125
Memory cached:  146.0
	 epoch  10 training error:  tensor(0.8048, device='cuda:0', grad_fn=<DivBackward0>)
Memory status after this epoch: 
Memory allocated:  17.38720703125
Memory cached:  234.0
	 epoch  20 training error:  tensor(0.2227, device='cuda:0', grad_fn=<DivBackward0>)
Memory status after this epoch: 
Memory allocated:  17.38720703125
Memory cached:  236.0
	 epoch  30 training error:  tensor(0.2204, device='cuda:0', grad_fn=<DivBackward0>)
Memory status after this epoch: 
Memory allocated:  17.38720703125
Memory cached:  236.0
	 epoch  40 training error:  tensor(0.1778, device='cuda:0', grad_fn=<DivBackward0>)
Memory status after this epoch: 
Memory allocated:  17.38720703125
Memory cached:  240.0
	 epoch  50 training error:  tensor(0.1637, device='cuda:0', grad_fn=<DivBackward0>)
Memory status after this epoch: 
Memory allocated:  17.38720703125
Memory cached:  244.0
	 epoch  60 training error:  tensor(0.1478, device='cuda:0', grad_fn=<DivBackward0>)
Memory status after this epoch: 
Memory allocated:  17.38720703125
Memory cached:  242.0
	 epoch  70 training error:  tensor(0.1440, device='cuda:0', grad_fn=<DivBackward0>)
Memory status after this epoch: 
Memory allocated:  17.38720703125
Memory cached:  238.0
	 epoch  80 training error:  tensor(0.1422, device='cuda:0', grad_fn=<DivBackward0>)
Memory status after this epoch: 
Memory allocated:  17.38720703125
Memory cached:  238.0
	 epoch  90 training error:  tensor(0.1410, device='cuda:0', grad_fn=<DivBackward0>)
Memory status after this epoch: 
Memory allocated:  17.38720703125
Memory cached:  242.0
[I 2023-11-20 17:19:39,600] Trial 36 finished with value: 0.1150970458984375 and parameters: {'W_layers': 6, 'W_layer_units_exponent_0': 10, 'W_layer_units_exponent_1': 8, 'W_layer_units_exponent_2': 7, 'W_layer_units_exponent_3': 10, 'W_layer_units_exponent_4': 5, 'W_layer_units_exponent_5': 6, 'D_layers': 8, 'D_layer_units_exponent_0': 8, 'D_layer_units_exponent_1': 7, 'D_layer_units_exponent_2': 7, 'D_layer_units_exponent_3': 9, 'D_layer_units_exponent_4': 5, 'D_layer_units_exponent_5': 9, 'D_layer_units_exponent_6': 8, 'D_layer_units_exponent_7': 10, 'D_dagger_layers': 6, 'D_dagger_layer_units_exponent_0': 6, 'D_dagger_layer_units_exponent_1': 6, 'D_dagger_layer_units_exponent_2': 9, 'D_dagger_layer_units_exponent_3': 7, 'D_dagger_layer_units_exponent_4': 7, 'D_dagger_layer_units_exponent_5': 4, 'log_learning_rate': -3.232893921770801, 'log_learning_rate_D': -2.588995817203952, 'log_learning_rate_D_dagger': -3.643123469434035, 'training_batch_size': 10, 'training_p': 3}. Best is trial 14 with value: 0.10091722011566162.
Time for this trial:  240.15099930763245
Memory status after this trial: 
Memory allocated:  248.2392578125
Memory cached:  258.0
--------------------  Trial  37   --------------------
Start timing: 
Parameters: 
{'W_layers': 6, 'W_layer_units_exponent_0': 10, 'W_layer_units_exponent_1': 10, 'W_layer_units_exponent_2': 7, 'W_layer_units_exponent_3': 10, 'W_layer_units_exponent_4': 5, 'W_layer_units_exponent_5': 5, 'D_layers': 8, 'D_layer_units_exponent_0': 8, 'D_layer_units_exponent_1': 6, 'D_layer_units_exponent_2': 7, 'D_layer_units_exponent_3': 9, 'D_layer_units_exponent_4': 5, 'D_layer_units_exponent_5': 9, 'D_layer_units_exponent_6': 8, 'D_layer_units_exponent_7': 10, 'D_dagger_layers': 6, 'D_dagger_layer_units_exponent_0': 7, 'D_dagger_layer_units_exponent_1': 6, 'D_dagger_layer_units_exponent_2': 10, 'D_dagger_layer_units_exponent_3': 7, 'D_dagger_layer_units_exponent_4': 7, 'D_dagger_layer_units_exponent_5': 4, 'log_learning_rate': -3.1984451179011777, 'log_learning_rate_D': -2.579452697226394, 'log_learning_rate_D_dagger': -3.5869791250740435, 'training_batch_size': 10, 'training_p': 2}
	 epoch  0 training error:  tensor(1.0000, device='cuda:0', grad_fn=<DivBackward0>)
Memory status after this epoch: 
Memory allocated:  32.08056640625
Memory cached:  158.0
	 epoch  10 training error:  tensor(0.5018, device='cuda:0', grad_fn=<DivBackward0>)
Memory status after this epoch: 
Memory allocated:  32.08056640625
Memory cached:  244.0
	 epoch  20 training error:  tensor(1., device='cuda:0', grad_fn=<DivBackward0>)
Memory status after this epoch: 
Memory allocated:  32.08056640625
Memory cached:  238.0
	 epoch  30 training error:  tensor(1., device='cuda:0', grad_fn=<DivBackward0>)
Memory status after this epoch: 
Memory allocated:  32.08056640625
Memory cached:  244.0
	 epoch  40 training error:  tensor(1., device='cuda:0', grad_fn=<DivBackward0>)
Memory status after this epoch: 
Memory allocated:  32.08056640625
Memory cached:  248.0
	 epoch  50 training error:  tensor(1., device='cuda:0', grad_fn=<DivBackward0>)
Memory status after this epoch: 
Memory allocated:  32.08056640625
Memory cached:  240.0
	 epoch  60 training error:  tensor(1., device='cuda:0', grad_fn=<DivBackward0>)
Memory status after this epoch: 
Memory allocated:  32.08056640625
Memory cached:  238.0
	 epoch  70 training error:  tensor(1., device='cuda:0', grad_fn=<DivBackward0>)
Memory status after this epoch: 
Memory allocated:  32.08056640625
Memory cached:  240.0
	 epoch  80 training error:  tensor(1., device='cuda:0', grad_fn=<DivBackward0>)
Memory status after this epoch: 
Memory allocated:  32.08056640625
Memory cached:  248.0
	 epoch  90 training error:  tensor(1., device='cuda:0', grad_fn=<DivBackward0>)
Memory status after this epoch: 
Memory allocated:  32.08056640625
Memory cached:  246.0
[I 2023-11-20 17:23:47,384] Trial 37 finished with value: 1.0 and parameters: {'W_layers': 6, 'W_layer_units_exponent_0': 10, 'W_layer_units_exponent_1': 10, 'W_layer_units_exponent_2': 7, 'W_layer_units_exponent_3': 10, 'W_layer_units_exponent_4': 5, 'W_layer_units_exponent_5': 5, 'D_layers': 8, 'D_layer_units_exponent_0': 8, 'D_layer_units_exponent_1': 6, 'D_layer_units_exponent_2': 7, 'D_layer_units_exponent_3': 9, 'D_layer_units_exponent_4': 5, 'D_layer_units_exponent_5': 9, 'D_layer_units_exponent_6': 8, 'D_layer_units_exponent_7': 10, 'D_dagger_layers': 6, 'D_dagger_layer_units_exponent_0': 7, 'D_dagger_layer_units_exponent_1': 6, 'D_dagger_layer_units_exponent_2': 10, 'D_dagger_layer_units_exponent_3': 7, 'D_dagger_layer_units_exponent_4': 7, 'D_dagger_layer_units_exponent_5': 4, 'log_learning_rate': -3.1984451179011777, 'log_learning_rate_D': -2.579452697226394, 'log_learning_rate_D_dagger': -3.5869791250740435, 'training_batch_size': 10, 'training_p': 2}. Best is trial 14 with value: 0.10091722011566162.
Time for this trial:  247.4888837337494
Memory status after this trial: 
Memory allocated:  303.2177734375
Memory cached:  324.0
--------------------  Trial  38   --------------------
Start timing: 
Parameters: 
{'W_layers': 5, 'W_layer_units_exponent_0': 10, 'W_layer_units_exponent_1': 8, 'W_layer_units_exponent_2': 8, 'W_layer_units_exponent_3': 10, 'W_layer_units_exponent_4': 4, 'D_layers': 7, 'D_layer_units_exponent_0': 7, 'D_layer_units_exponent_1': 9, 'D_layer_units_exponent_2': 6, 'D_layer_units_exponent_3': 8, 'D_layer_units_exponent_4': 6, 'D_layer_units_exponent_5': 9, 'D_layer_units_exponent_6': 7, 'D_dagger_layers': 6, 'D_dagger_layer_units_exponent_0': 8, 'D_dagger_layer_units_exponent_1': 7, 'D_dagger_layer_units_exponent_2': 10, 'D_dagger_layer_units_exponent_3': 5, 'D_dagger_layer_units_exponent_4': 8, 'D_dagger_layer_units_exponent_5': 5, 'log_learning_rate': -2.733687554105238, 'log_learning_rate_D': -2.5973277356161253, 'log_learning_rate_D_dagger': -2.8270784948971572, 'training_batch_size': 11, 'training_p': 3}
	 epoch  0 training error:  tensor(1.0048, device='cuda:0', grad_fn=<DivBackward0>)
Memory status after this epoch: 
Memory allocated:  16.24658203125
Memory cached:  146.0
	 epoch  10 training error:  tensor(0.1643, device='cuda:0', grad_fn=<DivBackward0>)
Memory status after this epoch: 
Memory allocated:  16.24658203125
Memory cached:  240.0
	 epoch  20 training error:  tensor(0.1415, device='cuda:0', grad_fn=<DivBackward0>)
Memory status after this epoch: 
Memory allocated:  16.24658203125
Memory cached:  240.0
	 epoch  30 training error:  tensor(0.1420, device='cuda:0', grad_fn=<DivBackward0>)
Memory status after this epoch: 
Memory allocated:  16.24658203125
Memory cached:  228.0
	 epoch  40 training error:  tensor(0.1453, device='cuda:0', grad_fn=<DivBackward0>)
Memory status after this epoch: 
Memory allocated:  16.24658203125
Memory cached:  244.0
	 epoch  50 training error:  tensor(0.1423, device='cuda:0', grad_fn=<DivBackward0>)
Memory status after this epoch: 
Memory allocated:  16.24658203125
Memory cached:  236.0
	 epoch  60 training error:  tensor(0.1420, device='cuda:0', grad_fn=<DivBackward0>)
Memory status after this epoch: 
Memory allocated:  16.24658203125
Memory cached:  230.0
	 epoch  70 training error:  tensor(0.1415, device='cuda:0', grad_fn=<DivBackward0>)
Memory status after this epoch: 
Memory allocated:  16.24658203125
Memory cached:  232.0
	 epoch  80 training error:  tensor(0.1411, device='cuda:0', grad_fn=<DivBackward0>)
Memory status after this epoch: 
Memory allocated:  16.24658203125
Memory cached:  244.0
	 epoch  90 training error:  tensor(0.1409, device='cuda:0', grad_fn=<DivBackward0>)
Memory status after this epoch: 
Memory allocated:  16.24658203125
Memory cached:  228.0
