[I 2023-11-28 23:43:21,282] Trial 21 finished with value: 24.48533821105957 and parameters: {'W_layers': 7, 'W_layer_units_exponent_0': 6, 'W_layer_units_exponent_1': 9, 'W_layer_units_exponent_2': 9, 'W_layer_units_exponent_3': 7, 'W_layer_units_exponent_4': 4, 'W_layer_units_exponent_5': 5, 'W_layer_units_exponent_6': 4, 'D_layers': 5, 'D_layer_units_exponent_0': 8, 'D_layer_units_exponent_1': 6, 'D_layer_units_exponent_2': 9, 'D_layer_units_exponent_3': 6, 'D_layer_units_exponent_4': 10, 'D_dagger_layers': 4, 'D_dagger_layer_units_exponent_0': 8, 'D_dagger_layer_units_exponent_1': 9, 'D_dagger_layer_units_exponent_2': 6, 'D_dagger_layer_units_exponent_3': 8, 'log_learning_rate': -2.869258180855802, 'log_learning_rate_D': -2.73857431496284, 'log_learning_rate_D_dagger': -1.237452903938277, 'training_batch_size': 10, 'training_p': 6}. Best is trial 6 with value: 1.0.
Time for this trial:  327.9954240322113
Memory status after this trial: 
Memory allocated:  238.15576171875
Memory cached:  244.0
--------------------  Trial  22   --------------------
Start timing: 
Parameters: 
{'W_layers': 5, 'W_layer_units_exponent_0': 8, 'W_layer_units_exponent_1': 6, 'W_layer_units_exponent_2': 8, 'W_layer_units_exponent_3': 5, 'W_layer_units_exponent_4': 8, 'D_layers': 8, 'D_layer_units_exponent_0': 6, 'D_layer_units_exponent_1': 6, 'D_layer_units_exponent_2': 4, 'D_layer_units_exponent_3': 4, 'D_layer_units_exponent_4': 4, 'D_layer_units_exponent_5': 10, 'D_layer_units_exponent_6': 10, 'D_layer_units_exponent_7': 7, 'D_dagger_layers': 3, 'D_dagger_layer_units_exponent_0': 9, 'D_dagger_layer_units_exponent_1': 6, 'D_dagger_layer_units_exponent_2': 8, 'log_learning_rate': -1.8416724603736898, 'log_learning_rate_D': -1.8460535101567102, 'log_learning_rate_D_dagger': -2.1014711352745543, 'training_batch_size': 6, 'training_p': 7}
[W 2023-11-28 23:43:29,309] Trial 22 failed with parameters: {'W_layers': 5, 'W_layer_units_exponent_0': 8, 'W_layer_units_exponent_1': 6, 'W_layer_units_exponent_2': 8, 'W_layer_units_exponent_3': 5, 'W_layer_units_exponent_4': 8, 'D_layers': 8, 'D_layer_units_exponent_0': 6, 'D_layer_units_exponent_1': 6, 'D_layer_units_exponent_2': 4, 'D_layer_units_exponent_3': 4, 'D_layer_units_exponent_4': 4, 'D_layer_units_exponent_5': 10, 'D_layer_units_exponent_6': 10, 'D_layer_units_exponent_7': 7, 'D_dagger_layers': 3, 'D_dagger_layer_units_exponent_0': 9, 'D_dagger_layer_units_exponent_1': 6, 'D_dagger_layer_units_exponent_2': 8, 'log_learning_rate': -1.8416724603736898, 'log_learning_rate_D': -1.8460535101567102, 'log_learning_rate_D_dagger': -2.1014711352745543, 'training_batch_size': 6, 'training_p': 7} because of the following error: The value nan is not acceptable.
[W 2023-11-28 23:43:29,310] Trial 22 failed with value tensor(nan, device='cuda:0', grad_fn=<DivBackward0>).
Time for this trial:  7.750239849090576
Memory status after this trial: 
Memory allocated:  229.8583984375
Memory cached:  246.0
--------------------  Trial  23   --------------------
Start timing: 
Parameters: 
{'W_layers': 5, 'W_layer_units_exponent_0': 8, 'W_layer_units_exponent_1': 6, 'W_layer_units_exponent_2': 8, 'W_layer_units_exponent_3': 5, 'W_layer_units_exponent_4': 8, 'D_layers': 8, 'D_layer_units_exponent_0': 6, 'D_layer_units_exponent_1': 6, 'D_layer_units_exponent_2': 4, 'D_layer_units_exponent_3': 4, 'D_layer_units_exponent_4': 5, 'D_layer_units_exponent_5': 10, 'D_layer_units_exponent_6': 10, 'D_layer_units_exponent_7': 7, 'D_dagger_layers': 3, 'D_dagger_layer_units_exponent_0': 9, 'D_dagger_layer_units_exponent_1': 6, 'D_dagger_layer_units_exponent_2': 8, 'log_learning_rate': -1.7265122524778136, 'log_learning_rate_D': -1.6553560331504864, 'log_learning_rate_D_dagger': -1.991089659792629, 'training_batch_size': 6, 'training_p': 7}
[W 2023-11-28 23:43:37,396] Trial 23 failed with parameters: {'W_layers': 5, 'W_layer_units_exponent_0': 8, 'W_layer_units_exponent_1': 6, 'W_layer_units_exponent_2': 8, 'W_layer_units_exponent_3': 5, 'W_layer_units_exponent_4': 8, 'D_layers': 8, 'D_layer_units_exponent_0': 6, 'D_layer_units_exponent_1': 6, 'D_layer_units_exponent_2': 4, 'D_layer_units_exponent_3': 4, 'D_layer_units_exponent_4': 5, 'D_layer_units_exponent_5': 10, 'D_layer_units_exponent_6': 10, 'D_layer_units_exponent_7': 7, 'D_dagger_layers': 3, 'D_dagger_layer_units_exponent_0': 9, 'D_dagger_layer_units_exponent_1': 6, 'D_dagger_layer_units_exponent_2': 8, 'log_learning_rate': -1.7265122524778136, 'log_learning_rate_D': -1.6553560331504864, 'log_learning_rate_D_dagger': -1.991089659792629, 'training_batch_size': 6, 'training_p': 7} because of the following error: The value nan is not acceptable.
[W 2023-11-28 23:43:37,397] Trial 23 failed with value tensor(nan, device='cuda:0', grad_fn=<DivBackward0>).
Time for this trial:  7.798020362854004
Memory status after this trial: 
Memory allocated:  230.662109375
Memory cached:  246.0
--------------------  Trial  24   --------------------
Start timing: 
Parameters: 
{'W_layers': 5, 'W_layer_units_exponent_0': 8, 'W_layer_units_exponent_1': 6, 'W_layer_units_exponent_2': 8, 'W_layer_units_exponent_3': 5, 'W_layer_units_exponent_4': 8, 'D_layers': 8, 'D_layer_units_exponent_0': 6, 'D_layer_units_exponent_1': 6, 'D_layer_units_exponent_2': 4, 'D_layer_units_exponent_3': 4, 'D_layer_units_exponent_4': 4, 'D_layer_units_exponent_5': 10, 'D_layer_units_exponent_6': 10, 'D_layer_units_exponent_7': 7, 'D_dagger_layers': 3, 'D_dagger_layer_units_exponent_0': 9, 'D_dagger_layer_units_exponent_1': 6, 'D_dagger_layer_units_exponent_2': 8, 'log_learning_rate': -2.011753736791956, 'log_learning_rate_D': -1.7954230119731391, 'log_learning_rate_D_dagger': -1.9287121655429385, 'training_batch_size': 6, 'training_p': 7}
	 epoch  0 training error:  tensor(3.9124, device='cuda:0', grad_fn=<DivBackward0>)
Memory status after this epoch: 
Memory allocated:  20.27099609375
Memory cached:  168.0
[W 2023-11-28 23:43:51,614] Trial 24 failed with parameters: {'W_layers': 5, 'W_layer_units_exponent_0': 8, 'W_layer_units_exponent_1': 6, 'W_layer_units_exponent_2': 8, 'W_layer_units_exponent_3': 5, 'W_layer_units_exponent_4': 8, 'D_layers': 8, 'D_layer_units_exponent_0': 6, 'D_layer_units_exponent_1': 6, 'D_layer_units_exponent_2': 4, 'D_layer_units_exponent_3': 4, 'D_layer_units_exponent_4': 4, 'D_layer_units_exponent_5': 10, 'D_layer_units_exponent_6': 10, 'D_layer_units_exponent_7': 7, 'D_dagger_layers': 3, 'D_dagger_layer_units_exponent_0': 9, 'D_dagger_layer_units_exponent_1': 6, 'D_dagger_layer_units_exponent_2': 8, 'log_learning_rate': -2.011753736791956, 'log_learning_rate_D': -1.7954230119731391, 'log_learning_rate_D_dagger': -1.9287121655429385, 'training_batch_size': 6, 'training_p': 7} because of the following error: The value nan is not acceptable.
[W 2023-11-28 23:43:51,615] Trial 24 failed with value tensor(nan, device='cuda:0', grad_fn=<DivBackward0>).
Time for this trial:  13.900794267654419
Memory status after this trial: 
Memory allocated:  229.8583984375
Memory cached:  246.0
--------------------  Trial  25   --------------------
Start timing: 
Parameters: 
{'W_layers': 5, 'W_layer_units_exponent_0': 8, 'W_layer_units_exponent_1': 6, 'W_layer_units_exponent_2': 8, 'W_layer_units_exponent_3': 5, 'W_layer_units_exponent_4': 8, 'D_layers': 8, 'D_layer_units_exponent_0': 6, 'D_layer_units_exponent_1': 6, 'D_layer_units_exponent_2': 4, 'D_layer_units_exponent_3': 4, 'D_layer_units_exponent_4': 4, 'D_layer_units_exponent_5': 4, 'D_layer_units_exponent_6': 10, 'D_layer_units_exponent_7': 7, 'D_dagger_layers': 3, 'D_dagger_layer_units_exponent_0': 9, 'D_dagger_layer_units_exponent_1': 6, 'D_dagger_layer_units_exponent_2': 8, 'log_learning_rate': -2.024732207596161, 'log_learning_rate_D': -1.702138876942729, 'log_learning_rate_D_dagger': -2.0600839285740014, 'training_batch_size': 6, 'training_p': 7}
	 epoch  0 training error:  tensor(3.8278, device='cuda:0', grad_fn=<DivBackward0>)
Memory status after this epoch: 
Memory allocated:  4.22705078125
Memory cached:  142.0
	 epoch  10 training error:  tensor(3.8537, device='cuda:0', grad_fn=<DivBackward0>)
Memory status after this epoch: 
Memory allocated:  4.22705078125
Memory cached:  202.0
	 epoch  20 training error:  tensor(3.9379, device='cuda:0', grad_fn=<DivBackward0>)
Memory status after this epoch: 
Memory allocated:  4.22705078125
Memory cached:  204.0
[W 2023-11-28 23:46:24,578] Trial 25 failed with parameters: {'W_layers': 5, 'W_layer_units_exponent_0': 8, 'W_layer_units_exponent_1': 6, 'W_layer_units_exponent_2': 8, 'W_layer_units_exponent_3': 5, 'W_layer_units_exponent_4': 8, 'D_layers': 8, 'D_layer_units_exponent_0': 6, 'D_layer_units_exponent_1': 6, 'D_layer_units_exponent_2': 4, 'D_layer_units_exponent_3': 4, 'D_layer_units_exponent_4': 4, 'D_layer_units_exponent_5': 4, 'D_layer_units_exponent_6': 10, 'D_layer_units_exponent_7': 7, 'D_dagger_layers': 3, 'D_dagger_layer_units_exponent_0': 9, 'D_dagger_layer_units_exponent_1': 6, 'D_dagger_layer_units_exponent_2': 8, 'log_learning_rate': -2.024732207596161, 'log_learning_rate_D': -1.702138876942729, 'log_learning_rate_D_dagger': -2.0600839285740014, 'training_batch_size': 6, 'training_p': 7} because of the following error: The value nan is not acceptable.
[W 2023-11-28 23:46:24,579] Trial 25 failed with value tensor(nan, device='cuda:0', grad_fn=<DivBackward0>).
Time for this trial:  152.6631636619568
Memory status after this trial: 
Memory allocated:  168.03076171875
Memory cached:  172.0
--------------------  Trial  26   --------------------
Start timing: 
Parameters: 
{'W_layers': 5, 'W_layer_units_exponent_0': 8, 'W_layer_units_exponent_1': 6, 'W_layer_units_exponent_2': 8, 'W_layer_units_exponent_3': 4, 'W_layer_units_exponent_4': 8, 'D_layers': 8, 'D_layer_units_exponent_0': 6, 'D_layer_units_exponent_1': 6, 'D_layer_units_exponent_2': 4, 'D_layer_units_exponent_3': 4, 'D_layer_units_exponent_4': 4, 'D_layer_units_exponent_5': 10, 'D_layer_units_exponent_6': 10, 'D_layer_units_exponent_7': 10, 'D_dagger_layers': 3, 'D_dagger_layer_units_exponent_0': 9, 'D_dagger_layer_units_exponent_1': 6, 'D_dagger_layer_units_exponent_2': 8, 'log_learning_rate': -2.0108853726380946, 'log_learning_rate_D': -1.6152719814865915, 'log_learning_rate_D_dagger': -2.009915382766513, 'training_batch_size': 6, 'training_p': 7}
[W 2023-11-28 23:46:32,830] Trial 26 failed with parameters: {'W_layers': 5, 'W_layer_units_exponent_0': 8, 'W_layer_units_exponent_1': 6, 'W_layer_units_exponent_2': 8, 'W_layer_units_exponent_3': 4, 'W_layer_units_exponent_4': 8, 'D_layers': 8, 'D_layer_units_exponent_0': 6, 'D_layer_units_exponent_1': 6, 'D_layer_units_exponent_2': 4, 'D_layer_units_exponent_3': 4, 'D_layer_units_exponent_4': 4, 'D_layer_units_exponent_5': 10, 'D_layer_units_exponent_6': 10, 'D_layer_units_exponent_7': 10, 'D_dagger_layers': 3, 'D_dagger_layer_units_exponent_0': 9, 'D_dagger_layer_units_exponent_1': 6, 'D_dagger_layer_units_exponent_2': 8, 'log_learning_rate': -2.0108853726380946, 'log_learning_rate_D': -1.6152719814865915, 'log_learning_rate_D_dagger': -2.009915382766513, 'training_batch_size': 6, 'training_p': 7} because of the following error: The value nan is not acceptable.
[W 2023-11-28 23:46:32,831] Trial 26 failed with value tensor(nan, device='cuda:0', grad_fn=<DivBackward0>).
Time for this trial:  7.955910921096802
Memory status after this trial: 
Memory allocated:  284.1962890625
Memory cached:  310.0
--------------------  Trial  27   --------------------
Start timing: 
Parameters: 
{'W_layers': 5, 'W_layer_units_exponent_0': 8, 'W_layer_units_exponent_1': 6, 'W_layer_units_exponent_2': 8, 'W_layer_units_exponent_3': 5, 'W_layer_units_exponent_4': 8, 'D_layers': 8, 'D_layer_units_exponent_0': 6, 'D_layer_units_exponent_1': 6, 'D_layer_units_exponent_2': 4, 'D_layer_units_exponent_3': 4, 'D_layer_units_exponent_4': 4, 'D_layer_units_exponent_5': 10, 'D_layer_units_exponent_6': 10, 'D_layer_units_exponent_7': 7, 'D_dagger_layers': 3, 'D_dagger_layer_units_exponent_0': 9, 'D_dagger_layer_units_exponent_1': 6, 'D_dagger_layer_units_exponent_2': 8, 'log_learning_rate': -1.036942284562428, 'log_learning_rate_D': -1.848214082085368, 'log_learning_rate_D_dagger': -2.009368945860406, 'training_batch_size': 6, 'training_p': 7}
[W 2023-11-28 23:46:40,941] Trial 27 failed with parameters: {'W_layers': 5, 'W_layer_units_exponent_0': 8, 'W_layer_units_exponent_1': 6, 'W_layer_units_exponent_2': 8, 'W_layer_units_exponent_3': 5, 'W_layer_units_exponent_4': 8, 'D_layers': 8, 'D_layer_units_exponent_0': 6, 'D_layer_units_exponent_1': 6, 'D_layer_units_exponent_2': 4, 'D_layer_units_exponent_3': 4, 'D_layer_units_exponent_4': 4, 'D_layer_units_exponent_5': 10, 'D_layer_units_exponent_6': 10, 'D_layer_units_exponent_7': 7, 'D_dagger_layers': 3, 'D_dagger_layer_units_exponent_0': 9, 'D_dagger_layer_units_exponent_1': 6, 'D_dagger_layer_units_exponent_2': 8, 'log_learning_rate': -1.036942284562428, 'log_learning_rate_D': -1.848214082085368, 'log_learning_rate_D_dagger': -2.009368945860406, 'training_batch_size': 6, 'training_p': 7} because of the following error: The value nan is not acceptable.
[W 2023-11-28 23:46:40,942] Trial 27 failed with value tensor(nan, device='cuda:0', grad_fn=<DivBackward0>).
Time for this trial:  7.828493356704712
Memory status after this trial: 
Memory allocated:  229.8583984375
Memory cached:  246.0
--------------------  Trial  28   --------------------
Start timing: 
Parameters: 
{'W_layers': 5, 'W_layer_units_exponent_0': 8, 'W_layer_units_exponent_1': 6, 'W_layer_units_exponent_2': 8, 'W_layer_units_exponent_3': 5, 'W_layer_units_exponent_4': 8, 'D_layers': 6, 'D_layer_units_exponent_0': 6, 'D_layer_units_exponent_1': 6, 'D_layer_units_exponent_2': 4, 'D_layer_units_exponent_3': 4, 'D_layer_units_exponent_4': 4, 'D_layer_units_exponent_5': 10, 'D_dagger_layers': 3, 'D_dagger_layer_units_exponent_0': 9, 'D_dagger_layer_units_exponent_1': 6, 'D_dagger_layer_units_exponent_2': 8, 'log_learning_rate': -2.015957818653602, 'log_learning_rate_D': -1.6393479857520188, 'log_learning_rate_D_dagger': -2.060527889286872, 'training_batch_size': 6, 'training_p': 7}
[W 2023-11-28 23:46:48,164] Trial 28 failed with parameters: {'W_layers': 5, 'W_layer_units_exponent_0': 8, 'W_layer_units_exponent_1': 6, 'W_layer_units_exponent_2': 8, 'W_layer_units_exponent_3': 5, 'W_layer_units_exponent_4': 8, 'D_layers': 6, 'D_layer_units_exponent_0': 6, 'D_layer_units_exponent_1': 6, 'D_layer_units_exponent_2': 4, 'D_layer_units_exponent_3': 4, 'D_layer_units_exponent_4': 4, 'D_layer_units_exponent_5': 10, 'D_dagger_layers': 3, 'D_dagger_layer_units_exponent_0': 9, 'D_dagger_layer_units_exponent_1': 6, 'D_dagger_layer_units_exponent_2': 8, 'log_learning_rate': -2.015957818653602, 'log_learning_rate_D': -1.6393479857520188, 'log_learning_rate_D_dagger': -2.060527889286872, 'training_batch_size': 6, 'training_p': 7} because of the following error: The value nan is not acceptable.
[W 2023-11-28 23:46:48,164] Trial 28 failed with value tensor(nan, device='cuda:0', grad_fn=<DivBackward0>).
Time for this trial:  6.95790958404541
Memory status after this trial: 
Memory allocated:  159.0517578125
Memory cached:  162.0
--------------------  Trial  29   --------------------
Start timing: 
Parameters: 
{'W_layers': 5, 'W_layer_units_exponent_0': 8, 'W_layer_units_exponent_1': 6, 'W_layer_units_exponent_2': 8, 'W_layer_units_exponent_3': 5, 'W_layer_units_exponent_4': 8, 'D_layers': 8, 'D_layer_units_exponent_0': 6, 'D_layer_units_exponent_1': 6, 'D_layer_units_exponent_2': 4, 'D_layer_units_exponent_3': 4, 'D_layer_units_exponent_4': 4, 'D_layer_units_exponent_5': 10, 'D_layer_units_exponent_6': 10, 'D_layer_units_exponent_7': 7, 'D_dagger_layers': 3, 'D_dagger_layer_units_exponent_0': 9, 'D_dagger_layer_units_exponent_1': 6, 'D_dagger_layer_units_exponent_2': 8, 'log_learning_rate': -2.1264799046751133, 'log_learning_rate_D': -1.7063743415380042, 'log_learning_rate_D_dagger': -1.9491675343768717, 'training_batch_size': 6, 'training_p': 7}
	 epoch  0 training error:  tensor(3.2097, device='cuda:0', grad_fn=<DivBackward0>)
Memory status after this epoch: 
Memory allocated:  20.27099609375
Memory cached:  170.0
	 epoch  10 training error:  tensor(6.8089, device='cuda:0', grad_fn=<DivBackward0>)
Memory status after this epoch: 
Memory allocated:  20.27099609375
Memory cached:  264.0
	 epoch  20 training error:  tensor(14.0828, device='cuda:0', grad_fn=<DivBackward0>)
Memory status after this epoch: 
Memory allocated:  20.27099609375
Memory cached:  270.0
	 epoch  30 training error:  tensor(7.5270, device='cuda:0', grad_fn=<DivBackward0>)
Memory status after this epoch: 
Memory allocated:  20.27099609375
Memory cached:  256.0
	 epoch  40 training error:  tensor(7.6722, device='cuda:0', grad_fn=<DivBackward0>)
Memory status after this epoch: 
Memory allocated:  20.27099609375
Memory cached:  264.0
	 epoch  50 training error:  tensor(8.1402, device='cuda:0', grad_fn=<DivBackward0>)
Memory status after this epoch: 
Memory allocated:  20.27099609375
Memory cached:  258.0
	 epoch  60 training error:  tensor(7.3249, device='cuda:0', grad_fn=<DivBackward0>)
Memory status after this epoch: 
Memory allocated:  20.27099609375
Memory cached:  268.0
	 epoch  70 training error:  tensor(8.3981, device='cuda:0', grad_fn=<DivBackward0>)
Memory status after this epoch: 
Memory allocated:  20.27099609375
Memory cached:  252.0
	 epoch  80 training error:  tensor(7.0732, device='cuda:0', grad_fn=<DivBackward0>)
Memory status after this epoch: 
Memory allocated:  20.27099609375
Memory cached:  260.0
	 epoch  90 training error:  tensor(8.0620, device='cuda:0', grad_fn=<DivBackward0>)
Memory status after this epoch: 
Memory allocated:  20.27099609375
Memory cached:  252.0
[I 2023-11-28 23:57:00,996] Trial 29 finished with value: 5.625985622406006 and parameters: {'W_layers': 5, 'W_layer_units_exponent_0': 8, 'W_layer_units_exponent_1': 6, 'W_layer_units_exponent_2': 8, 'W_layer_units_exponent_3': 5, 'W_layer_units_exponent_4': 8, 'D_layers': 8, 'D_layer_units_exponent_0': 6, 'D_layer_units_exponent_1': 6, 'D_layer_units_exponent_2': 4, 'D_layer_units_exponent_3': 4, 'D_layer_units_exponent_4': 4, 'D_layer_units_exponent_5': 10, 'D_layer_units_exponent_6': 10, 'D_layer_units_exponent_7': 7, 'D_dagger_layers': 3, 'D_dagger_layer_units_exponent_0': 9, 'D_dagger_layer_units_exponent_1': 6, 'D_dagger_layer_units_exponent_2': 8, 'log_learning_rate': -2.1264799046751133, 'log_learning_rate_D': -1.7063743415380042, 'log_learning_rate_D_dagger': -1.9491675343768717, 'training_batch_size': 6, 'training_p': 7}. Best is trial 6 with value: 1.0.
Time for this trial:  612.5373690128326
Memory status after this trial: 
Memory allocated:  229.8583984375
Memory cached:  246.0
--------------------  Trial  30   --------------------
Start timing: 
Parameters: 
{'W_layers': 4, 'W_layer_units_exponent_0': 6, 'W_layer_units_exponent_1': 9, 'W_layer_units_exponent_2': 6, 'W_layer_units_exponent_3': 8, 'D_layers': 4, 'D_layer_units_exponent_0': 9, 'D_layer_units_exponent_1': 5, 'D_layer_units_exponent_2': 10, 'D_layer_units_exponent_3': 7, 'D_dagger_layers': 6, 'D_dagger_layer_units_exponent_0': 6, 'D_dagger_layer_units_exponent_1': 9, 'D_dagger_layer_units_exponent_2': 6, 'D_dagger_layer_units_exponent_3': 8, 'D_dagger_layer_units_exponent_4': 10, 'D_dagger_layer_units_exponent_5': 4, 'log_learning_rate': -1.571935992263302, 'log_learning_rate_D': -2.37707454657271, 'log_learning_rate_D_dagger': -2.648243760421982, 'training_batch_size': 8, 'training_p': 4}
	 epoch  0 training error:  tensor(9.4869, device='cuda:0', grad_fn=<DivBackward0>)
Memory status after this epoch: 
Memory allocated:  9.91064453125
Memory cached:  158.0
	 epoch  10 training error:  tensor(4.3420, device='cuda:0', grad_fn=<DivBackward0>)
Memory status after this epoch: 
Memory allocated:  9.91064453125
Memory cached:  316.0
	 epoch  20 training error:  tensor(7.4615, device='cuda:0', grad_fn=<DivBackward0>)
Memory status after this epoch: 
Memory allocated:  9.91064453125
Memory cached:  324.0
	 epoch  30 training error:  tensor(6.6693, device='cuda:0', grad_fn=<DivBackward0>)
Memory status after this epoch: 
Memory allocated:  9.91064453125
Memory cached:  324.0
	 epoch  40 training error:  tensor(5.1030, device='cuda:0', grad_fn=<DivBackward0>)
Memory status after this epoch: 
Memory allocated:  9.91064453125
Memory cached:  318.0
	 epoch  50 training error:  tensor(3.9680, device='cuda:0', grad_fn=<DivBackward0>)
Memory status after this epoch: 
Memory allocated:  9.91064453125
Memory cached:  300.0
	 epoch  60 training error:  tensor(3.3938, device='cuda:0', grad_fn=<DivBackward0>)
Memory status after this epoch: 
Memory allocated:  9.91064453125
Memory cached:  308.0
	 epoch  70 training error:  tensor(3.1726, device='cuda:0', grad_fn=<DivBackward0>)
Memory status after this epoch: 
Memory allocated:  9.91064453125
Memory cached:  308.0
	 epoch  80 training error:  tensor(3.1528, device='cuda:0', grad_fn=<DivBackward0>)
Memory status after this epoch: 
Memory allocated:  9.91064453125
Memory cached:  320.0
	 epoch  90 training error:  tensor(3.1807, device='cuda:0', grad_fn=<DivBackward0>)
Memory status after this epoch: 
Memory allocated:  9.91064453125
Memory cached:  304.0
