[I 2023-11-29 01:19:50,586] Trial 47 finished with value: 7.447071075439453 and parameters: {'W_layers': 6, 'W_layer_units_exponent_0': 4, 'W_layer_units_exponent_1': 7, 'W_layer_units_exponent_2': 10, 'W_layer_units_exponent_3': 6, 'W_layer_units_exponent_4': 6, 'W_layer_units_exponent_5': 7, 'D_layers': 6, 'D_layer_units_exponent_0': 10, 'D_layer_units_exponent_1': 5, 'D_layer_units_exponent_2': 5, 'D_layer_units_exponent_3': 5, 'D_layer_units_exponent_4': 4, 'D_layer_units_exponent_5': 7, 'D_dagger_layers': 2, 'D_dagger_layer_units_exponent_0': 7, 'D_dagger_layer_units_exponent_1': 8, 'log_learning_rate': -1.2367027958562715, 'log_learning_rate_D': -2.0785504566850572, 'log_learning_rate_D_dagger': -1.2225994546867094, 'training_batch_size': 7, 'training_p': 8}. Best is trial 6 with value: 1.0.
Time for this trial:  287.9933216571808
Memory status after this trial: 
Memory allocated:  169.52001953125
Memory cached:  192.0
--------------------  Trial  48   --------------------
Start timing: 
Parameters: 
{'W_layers': 7, 'W_layer_units_exponent_0': 4, 'W_layer_units_exponent_1': 7, 'W_layer_units_exponent_2': 10, 'W_layer_units_exponent_3': 6, 'W_layer_units_exponent_4': 5, 'W_layer_units_exponent_5': 6, 'W_layer_units_exponent_6': 6, 'D_layers': 7, 'D_layer_units_exponent_0': 10, 'D_layer_units_exponent_1': 5, 'D_layer_units_exponent_2': 4, 'D_layer_units_exponent_3': 5, 'D_layer_units_exponent_4': 5, 'D_layer_units_exponent_5': 6, 'D_layer_units_exponent_6': 4, 'D_dagger_layers': 2, 'D_dagger_layer_units_exponent_0': 7, 'D_dagger_layer_units_exponent_1': 9, 'log_learning_rate': -1.4486781804134459, 'log_learning_rate_D': -1.4882735281110557, 'log_learning_rate_D_dagger': -1.0033789648109868, 'training_batch_size': 8, 'training_p': 8}
	 epoch  0 training error:  tensor(1.8079, device='cuda:0', grad_fn=<DivBackward0>)
Memory status after this epoch: 
Memory allocated:  5.11865234375
Memory cached:  166.0
	 epoch  10 training error:  tensor(1., device='cuda:0', grad_fn=<DivBackward0>)
Memory status after this epoch: 
Memory allocated:  5.11865234375
Memory cached:  274.0
	 epoch  20 training error:  tensor(1., device='cuda:0', grad_fn=<DivBackward0>)
Memory status after this epoch: 
Memory allocated:  5.11865234375
Memory cached:  274.0
	 epoch  30 training error:  tensor(1., device='cuda:0', grad_fn=<DivBackward0>)
Memory status after this epoch: 
Memory allocated:  5.11865234375
Memory cached:  266.0
	 epoch  40 training error:  tensor(1., device='cuda:0', grad_fn=<DivBackward0>)
Memory status after this epoch: 
Memory allocated:  5.11865234375
Memory cached:  280.0
	 epoch  50 training error:  tensor(1., device='cuda:0', grad_fn=<DivBackward0>)
Memory status after this epoch: 
Memory allocated:  5.11865234375
Memory cached:  272.0
	 epoch  60 training error:  tensor(1., device='cuda:0', grad_fn=<DivBackward0>)
Memory status after this epoch: 
Memory allocated:  5.11865234375
Memory cached:  268.0
	 epoch  70 training error:  tensor(1., device='cuda:0', grad_fn=<DivBackward0>)
Memory status after this epoch: 
Memory allocated:  5.11865234375
Memory cached:  272.0
	 epoch  80 training error:  tensor(1., device='cuda:0', grad_fn=<DivBackward0>)
Memory status after this epoch: 
Memory allocated:  5.11865234375
Memory cached:  272.0
	 epoch  90 training error:  tensor(1., device='cuda:0', grad_fn=<DivBackward0>)
Memory status after this epoch: 
Memory allocated:  5.11865234375
Memory cached:  276.0
[I 2023-11-29 01:25:07,508] Trial 48 finished with value: 1.0 and parameters: {'W_layers': 7, 'W_layer_units_exponent_0': 4, 'W_layer_units_exponent_1': 7, 'W_layer_units_exponent_2': 10, 'W_layer_units_exponent_3': 6, 'W_layer_units_exponent_4': 5, 'W_layer_units_exponent_5': 6, 'W_layer_units_exponent_6': 6, 'D_layers': 7, 'D_layer_units_exponent_0': 10, 'D_layer_units_exponent_1': 5, 'D_layer_units_exponent_2': 4, 'D_layer_units_exponent_3': 5, 'D_layer_units_exponent_4': 5, 'D_layer_units_exponent_5': 6, 'D_layer_units_exponent_6': 4, 'D_dagger_layers': 2, 'D_dagger_layer_units_exponent_0': 7, 'D_dagger_layer_units_exponent_1': 9, 'log_learning_rate': -1.4486781804134459, 'log_learning_rate_D': -1.4882735281110557, 'log_learning_rate_D_dagger': -1.0033789648109868, 'training_batch_size': 8, 'training_p': 8}. Best is trial 6 with value: 1.0.
Time for this trial:  316.6307144165039
Memory status after this trial: 
Memory allocated:  179.744140625
Memory cached:  192.0
--------------------  Trial  49   --------------------
Start timing: 
Parameters: 
{'W_layers': 6, 'W_layer_units_exponent_0': 5, 'W_layer_units_exponent_1': 8, 'W_layer_units_exponent_2': 10, 'W_layer_units_exponent_3': 5, 'W_layer_units_exponent_4': 8, 'W_layer_units_exponent_5': 8, 'D_layers': 6, 'D_layer_units_exponent_0': 10, 'D_layer_units_exponent_1': 5, 'D_layer_units_exponent_2': 4, 'D_layer_units_exponent_3': 7, 'D_layer_units_exponent_4': 5, 'D_layer_units_exponent_5': 9, 'D_dagger_layers': 2, 'D_dagger_layer_units_exponent_0': 8, 'D_dagger_layer_units_exponent_1': 8, 'log_learning_rate': -1.7885591459233492, 'log_learning_rate_D': -1.2006474350732443, 'log_learning_rate_D_dagger': -1.3665625414003244, 'training_batch_size': 7, 'training_p': 7}
	 epoch  0 training error:  tensor(1.5068, device='cuda:0', grad_fn=<DivBackward0>)
Memory status after this epoch: 
Memory allocated:  8.01318359375
Memory cached:  162.0
	 epoch  10 training error:  tensor(1., device='cuda:0', grad_fn=<DivBackward0>)
Memory status after this epoch: 
Memory allocated:  8.01318359375
Memory cached:  276.0
	 epoch  20 training error:  tensor(1., device='cuda:0', grad_fn=<DivBackward0>)
Memory status after this epoch: 
Memory allocated:  8.01318359375
Memory cached:  280.0
	 epoch  30 training error:  tensor(1., device='cuda:0', grad_fn=<DivBackward0>)
Memory status after this epoch: 
Memory allocated:  8.01318359375
Memory cached:  266.0
	 epoch  40 training error:  tensor(1., device='cuda:0', grad_fn=<DivBackward0>)
Memory status after this epoch: 
Memory allocated:  8.01318359375
Memory cached:  284.0
	 epoch  50 training error:  tensor(1., device='cuda:0', grad_fn=<DivBackward0>)
Memory status after this epoch: 
Memory allocated:  8.01318359375
Memory cached:  278.0
	 epoch  60 training error:  tensor(1., device='cuda:0', grad_fn=<DivBackward0>)
Memory status after this epoch: 
Memory allocated:  8.01318359375
Memory cached:  278.0
	 epoch  70 training error:  tensor(1., device='cuda:0', grad_fn=<DivBackward0>)
Memory status after this epoch: 
Memory allocated:  8.01318359375
Memory cached:  290.0
	 epoch  80 training error:  tensor(1., device='cuda:0', grad_fn=<DivBackward0>)
Memory status after this epoch: 
Memory allocated:  8.01318359375
Memory cached:  280.0
	 epoch  90 training error:  tensor(1., device='cuda:0', grad_fn=<DivBackward0>)
Memory status after this epoch: 
Memory allocated:  8.01318359375
Memory cached:  272.0
[I 2023-11-29 01:30:04,943] Trial 49 finished with value: 1.4816464185714722 and parameters: {'W_layers': 6, 'W_layer_units_exponent_0': 5, 'W_layer_units_exponent_1': 8, 'W_layer_units_exponent_2': 10, 'W_layer_units_exponent_3': 5, 'W_layer_units_exponent_4': 8, 'W_layer_units_exponent_5': 8, 'D_layers': 6, 'D_layer_units_exponent_0': 10, 'D_layer_units_exponent_1': 5, 'D_layer_units_exponent_2': 4, 'D_layer_units_exponent_3': 7, 'D_layer_units_exponent_4': 5, 'D_layer_units_exponent_5': 9, 'D_dagger_layers': 2, 'D_dagger_layer_units_exponent_0': 8, 'D_dagger_layer_units_exponent_1': 8, 'log_learning_rate': -1.7885591459233492, 'log_learning_rate_D': -1.2006474350732443, 'log_learning_rate_D_dagger': -1.3665625414003244, 'training_batch_size': 7, 'training_p': 7}. Best is trial 6 with value: 1.0.
[I 2023-11-29 01:30:04,989] A new study created in memory with name: no-name-fa97673e-9ebb-4779-8027-9fb8a7022a3c
Time for this trial:  297.1673958301544
Memory status after this trial: 
Memory allocated:  227.0048828125
Memory cached:  232.0
--------------------  Trial  0   --------------------
Start timing: 
Parameters: 
{'W_layers': 2, 'W_layer_units_exponent_0': 4, 'W_layer_units_exponent_1': 7, 'D_layers': 4, 'D_layer_units_exponent_0': 7, 'D_layer_units_exponent_1': 8, 'D_layer_units_exponent_2': 8, 'D_layer_units_exponent_3': 4, 'D_dagger_layers': 7, 'D_dagger_layer_units_exponent_0': 8, 'D_dagger_layer_units_exponent_1': 8, 'D_dagger_layer_units_exponent_2': 7, 'D_dagger_layer_units_exponent_3': 5, 'D_dagger_layer_units_exponent_4': 9, 'D_dagger_layer_units_exponent_5': 7, 'D_dagger_layer_units_exponent_6': 7, 'log_learning_rate': -2.8846829753544587, 'log_learning_rate_D': -1.1958979535734917, 'log_learning_rate_D_dagger': -1.0532971063419394, 'training_batch_size': 12, 'training_p': 5}
	 epoch  0 training error:  tensor(15.8737, device='cuda:0', grad_fn=<DivBackward0>)
Memory status after this epoch: 
Memory allocated:  4.94140625
Memory cached:  140.0
	 epoch  10 training error:  tensor(38.7142, device='cuda:0', grad_fn=<DivBackward0>)
Memory status after this epoch: 
Memory allocated:  4.94140625
Memory cached:  228.0
	 epoch  20 training error:  tensor(50.8224, device='cuda:0', grad_fn=<DivBackward0>)
Memory status after this epoch: 
Memory allocated:  4.94140625
Memory cached:  230.0
	 epoch  30 training error:  tensor(48.9910, device='cuda:0', grad_fn=<DivBackward0>)
Memory status after this epoch: 
Memory allocated:  4.94140625
Memory cached:  228.0
	 epoch  40 training error:  tensor(45.6216, device='cuda:0', grad_fn=<DivBackward0>)
Memory status after this epoch: 
Memory allocated:  4.94140625
Memory cached:  230.0
	 epoch  50 training error:  tensor(42.9694, device='cuda:0', grad_fn=<DivBackward0>)
Memory status after this epoch: 
Memory allocated:  4.94140625
Memory cached:  228.0
	 epoch  60 training error:  tensor(44.5178, device='cuda:0', grad_fn=<DivBackward0>)
Memory status after this epoch: 
Memory allocated:  4.94140625
Memory cached:  230.0
	 epoch  70 training error:  tensor(43.6913, device='cuda:0', grad_fn=<DivBackward0>)
Memory status after this epoch: 
Memory allocated:  4.94140625
Memory cached:  230.0
	 epoch  80 training error:  tensor(38.0538, device='cuda:0', grad_fn=<DivBackward0>)
Memory status after this epoch: 
Memory allocated:  4.94140625
Memory cached:  238.0
	 epoch  90 training error:  tensor(36.4152, device='cuda:0', grad_fn=<DivBackward0>)
Memory status after this epoch: 
Memory allocated:  4.94140625
Memory cached:  226.0
[I 2023-11-29 01:34:34,031] Trial 0 finished with value: 37.51882553100586 and parameters: {'W_layers': 2, 'W_layer_units_exponent_0': 4, 'W_layer_units_exponent_1': 7, 'D_layers': 4, 'D_layer_units_exponent_0': 7, 'D_layer_units_exponent_1': 8, 'D_layer_units_exponent_2': 8, 'D_layer_units_exponent_3': 4, 'D_dagger_layers': 7, 'D_dagger_layer_units_exponent_0': 8, 'D_dagger_layer_units_exponent_1': 8, 'D_dagger_layer_units_exponent_2': 7, 'D_dagger_layer_units_exponent_3': 5, 'D_dagger_layer_units_exponent_4': 9, 'D_dagger_layer_units_exponent_5': 7, 'D_dagger_layer_units_exponent_6': 7, 'log_learning_rate': -2.8846829753544587, 'log_learning_rate_D': -1.1958979535734917, 'log_learning_rate_D_dagger': -1.0532971063419394, 'training_batch_size': 12, 'training_p': 5}. Best is trial 0 with value: 37.51882553100586.
Time for this trial:  268.9215569496155
Memory status after this trial: 
Memory allocated:  124.685546875
Memory cached:  170.0
--------------------  Trial  1   --------------------
Start timing: 
Parameters: 
{'W_layers': 6, 'W_layer_units_exponent_0': 4, 'W_layer_units_exponent_1': 9, 'W_layer_units_exponent_2': 7, 'W_layer_units_exponent_3': 8, 'W_layer_units_exponent_4': 6, 'W_layer_units_exponent_5': 5, 'D_layers': 5, 'D_layer_units_exponent_0': 10, 'D_layer_units_exponent_1': 9, 'D_layer_units_exponent_2': 10, 'D_layer_units_exponent_3': 10, 'D_layer_units_exponent_4': 10, 'D_dagger_layers': 2, 'D_dagger_layer_units_exponent_0': 9, 'D_dagger_layer_units_exponent_1': 6, 'log_learning_rate': -2.0663537453240024, 'log_learning_rate_D': -1.0324643097558601, 'log_learning_rate_D_dagger': -3.289500336404264, 'training_batch_size': 9, 'training_p': 3}
	 epoch  0 training error:  tensor(1.7995, device='cuda:0', grad_fn=<DivBackward0>)
Memory status after this epoch: 
Memory allocated:  50.9560546875
Memory cached:  222.0
[W 2023-11-29 01:34:44,729] Trial 1 failed with parameters: {'W_layers': 6, 'W_layer_units_exponent_0': 4, 'W_layer_units_exponent_1': 9, 'W_layer_units_exponent_2': 7, 'W_layer_units_exponent_3': 8, 'W_layer_units_exponent_4': 6, 'W_layer_units_exponent_5': 5, 'D_layers': 5, 'D_layer_units_exponent_0': 10, 'D_layer_units_exponent_1': 9, 'D_layer_units_exponent_2': 10, 'D_layer_units_exponent_3': 10, 'D_layer_units_exponent_4': 10, 'D_dagger_layers': 2, 'D_dagger_layer_units_exponent_0': 9, 'D_dagger_layer_units_exponent_1': 6, 'log_learning_rate': -2.0663537453240024, 'log_learning_rate_D': -1.0324643097558601, 'log_learning_rate_D_dagger': -3.289500336404264, 'training_batch_size': 9, 'training_p': 3} because of the following error: The value nan is not acceptable.
[W 2023-11-29 01:34:44,730] Trial 1 failed with value tensor(nan, device='cuda:0', grad_fn=<DivBackward0>).
Time for this trial:  10.532757043838501
Memory status after this trial: 
Memory allocated:  359.48583984375
Memory cached:  378.0
--------------------  Trial  2   --------------------
Start timing: 
Parameters: 
{'W_layers': 3, 'W_layer_units_exponent_0': 4, 'W_layer_units_exponent_1': 5, 'W_layer_units_exponent_2': 6, 'D_layers': 8, 'D_layer_units_exponent_0': 9, 'D_layer_units_exponent_1': 8, 'D_layer_units_exponent_2': 10, 'D_layer_units_exponent_3': 8, 'D_layer_units_exponent_4': 8, 'D_layer_units_exponent_5': 9, 'D_layer_units_exponent_6': 5, 'D_layer_units_exponent_7': 9, 'D_dagger_layers': 5, 'D_dagger_layer_units_exponent_0': 7, 'D_dagger_layer_units_exponent_1': 4, 'D_dagger_layer_units_exponent_2': 7, 'D_dagger_layer_units_exponent_3': 10, 'D_dagger_layer_units_exponent_4': 7, 'log_learning_rate': -4.963848628054684, 'log_learning_rate_D': -1.197831463212844, 'log_learning_rate_D_dagger': -2.9973934788818073, 'training_batch_size': 12, 'training_p': 2}
	 epoch  0 training error:  tensor(5.7489, device='cuda:0', grad_fn=<DivBackward0>)
Memory status after this epoch: 
Memory allocated:  18.05029296875
Memory cached:  162.0
[W 2023-11-29 01:34:53,217] Trial 2 failed with parameters: {'W_layers': 3, 'W_layer_units_exponent_0': 4, 'W_layer_units_exponent_1': 5, 'W_layer_units_exponent_2': 6, 'D_layers': 8, 'D_layer_units_exponent_0': 9, 'D_layer_units_exponent_1': 8, 'D_layer_units_exponent_2': 10, 'D_layer_units_exponent_3': 8, 'D_layer_units_exponent_4': 8, 'D_layer_units_exponent_5': 9, 'D_layer_units_exponent_6': 5, 'D_layer_units_exponent_7': 9, 'D_dagger_layers': 5, 'D_dagger_layer_units_exponent_0': 7, 'D_dagger_layer_units_exponent_1': 4, 'D_dagger_layer_units_exponent_2': 7, 'D_dagger_layer_units_exponent_3': 10, 'D_dagger_layer_units_exponent_4': 7, 'log_learning_rate': -4.963848628054684, 'log_learning_rate_D': -1.197831463212844, 'log_learning_rate_D_dagger': -2.9973934788818073, 'training_batch_size': 12, 'training_p': 2} because of the following error: The value nan is not acceptable.
[W 2023-11-29 01:34:53,218] Trial 2 failed with value tensor(nan, device='cuda:0', grad_fn=<DivBackward0>).
Time for this trial:  8.325919151306152
Memory status after this trial: 
Memory allocated:  273.78125
Memory cached:  284.0
--------------------  Trial  3   --------------------
Start timing: 
Parameters: 
{'W_layers': 8, 'W_layer_units_exponent_0': 7, 'W_layer_units_exponent_1': 6, 'W_layer_units_exponent_2': 8, 'W_layer_units_exponent_3': 4, 'W_layer_units_exponent_4': 7, 'W_layer_units_exponent_5': 6, 'W_layer_units_exponent_6': 5, 'W_layer_units_exponent_7': 4, 'D_layers': 5, 'D_layer_units_exponent_0': 4, 'D_layer_units_exponent_1': 9, 'D_layer_units_exponent_2': 7, 'D_layer_units_exponent_3': 10, 'D_layer_units_exponent_4': 8, 'D_dagger_layers': 4, 'D_dagger_layer_units_exponent_0': 4, 'D_dagger_layer_units_exponent_1': 10, 'D_dagger_layer_units_exponent_2': 7, 'D_dagger_layer_units_exponent_3': 7, 'log_learning_rate': -2.651104301961458, 'log_learning_rate_D': -4.062123785819333, 'log_learning_rate_D_dagger': -4.353261928211583, 'training_batch_size': 11, 'training_p': 8}
	 epoch  0 training error:  tensor(3.2575, device='cuda:0', grad_fn=<DivBackward0>)
Memory status after this epoch: 
Memory allocated:  10.64453125
Memory cached:  152.0
	 epoch  10 training error:  tensor(2.6800, device='cuda:0', grad_fn=<DivBackward0>)
Memory status after this epoch: 
Memory allocated:  10.64453125
Memory cached:  276.0
	 epoch  20 training error:  tensor(2.1629, device='cuda:0', grad_fn=<DivBackward0>)
Memory status after this epoch: 
Memory allocated:  10.64453125
Memory cached:  270.0
	 epoch  30 training error:  tensor(2.2981, device='cuda:0', grad_fn=<DivBackward0>)
Memory status after this epoch: 
Memory allocated:  10.64453125
Memory cached:  280.0
	 epoch  40 training error:  tensor(2.2941, device='cuda:0', grad_fn=<DivBackward0>)
Memory status after this epoch: 
Memory allocated:  10.64453125
Memory cached:  284.0
	 epoch  50 training error:  tensor(2.4915, device='cuda:0', grad_fn=<DivBackward0>)
Memory status after this epoch: 
Memory allocated:  10.64453125
Memory cached:  278.0
	 epoch  60 training error:  tensor(2.4825, device='cuda:0', grad_fn=<DivBackward0>)
Memory status after this epoch: 
Memory allocated:  10.64453125
Memory cached:  272.0
	 epoch  70 training error:  tensor(2.4936, device='cuda:0', grad_fn=<DivBackward0>)
Memory status after this epoch: 
Memory allocated:  10.64453125
Memory cached:  276.0
	 epoch  80 training error:  tensor(2.4881, device='cuda:0', grad_fn=<DivBackward0>)
Memory status after this epoch: 
Memory allocated:  10.64453125
Memory cached:  278.0
	 epoch  90 training error:  tensor(2.5463, device='cuda:0', grad_fn=<DivBackward0>)
Memory status after this epoch: 
Memory allocated:  10.64453125
Memory cached:  286.0
[I 2023-11-29 01:40:29,510] Trial 3 finished with value: 2.044386625289917 and parameters: {'W_layers': 8, 'W_layer_units_exponent_0': 7, 'W_layer_units_exponent_1': 6, 'W_layer_units_exponent_2': 8, 'W_layer_units_exponent_3': 4, 'W_layer_units_exponent_4': 7, 'W_layer_units_exponent_5': 6, 'W_layer_units_exponent_6': 5, 'W_layer_units_exponent_7': 4, 'D_layers': 5, 'D_layer_units_exponent_0': 4, 'D_layer_units_exponent_1': 9, 'D_layer_units_exponent_2': 7, 'D_layer_units_exponent_3': 10, 'D_layer_units_exponent_4': 8, 'D_dagger_layers': 4, 'D_dagger_layer_units_exponent_0': 4, 'D_dagger_layer_units_exponent_1': 10, 'D_dagger_layer_units_exponent_2': 7, 'D_dagger_layer_units_exponent_3': 7, 'log_learning_rate': -2.651104301961458, 'log_learning_rate_D': -4.062123785819333, 'log_learning_rate_D_dagger': -4.353261928211583, 'training_batch_size': 11, 'training_p': 8}. Best is trial 3 with value: 2.044386625289917.
Time for this trial:  336.1266186237335
Memory status after this trial: 
Memory allocated:  219.3310546875
Memory cached:  226.0
--------------------  Trial  4   --------------------
Start timing: 
Parameters: 
{'W_layers': 8, 'W_layer_units_exponent_0': 10, 'W_layer_units_exponent_1': 6, 'W_layer_units_exponent_2': 4, 'W_layer_units_exponent_3': 6, 'W_layer_units_exponent_4': 9, 'W_layer_units_exponent_5': 4, 'W_layer_units_exponent_6': 5, 'W_layer_units_exponent_7': 7, 'D_layers': 8, 'D_layer_units_exponent_0': 9, 'D_layer_units_exponent_1': 10, 'D_layer_units_exponent_2': 7, 'D_layer_units_exponent_3': 10, 'D_layer_units_exponent_4': 7, 'D_layer_units_exponent_5': 9, 'D_layer_units_exponent_6': 5, 'D_layer_units_exponent_7': 9, 'D_dagger_layers': 6, 'D_dagger_layer_units_exponent_0': 5, 'D_dagger_layer_units_exponent_1': 10, 'D_dagger_layer_units_exponent_2': 6, 'D_dagger_layer_units_exponent_3': 5, 'D_dagger_layer_units_exponent_4': 6, 'D_dagger_layer_units_exponent_5': 9, 'log_learning_rate': -2.54188895570736, 'log_learning_rate_D': -2.4531803161593086, 'log_learning_rate_D_dagger': -3.5663304360301913, 'training_batch_size': 11, 'training_p': 5}
	 epoch  0 training error:  tensor(9.3668, device='cuda:0', grad_fn=<DivBackward0>)
Memory status after this epoch: 
Memory allocated:  19.91357421875
Memory cached:  180.0
	 epoch  10 training error:  tensor(7.0311, device='cuda:0', grad_fn=<DivBackward0>)
Memory status after this epoch: 
Memory allocated:  19.91357421875
Memory cached:  338.0
	 epoch  20 training error:  tensor(7.1387, device='cuda:0', grad_fn=<DivBackward0>)
Memory status after this epoch: 
Memory allocated:  19.91357421875
Memory cached:  358.0
	 epoch  30 training error:  tensor(7.2215, device='cuda:0', grad_fn=<DivBackward0>)
Memory status after this epoch: 
Memory allocated:  19.91357421875
Memory cached:  356.0
	 epoch  40 training error:  tensor(7.4446, device='cuda:0', grad_fn=<DivBackward0>)
Memory status after this epoch: 
Memory allocated:  19.91357421875
Memory cached:  352.0
	 epoch  50 training error:  tensor(7.6300, device='cuda:0', grad_fn=<DivBackward0>)
Memory status after this epoch: 
Memory allocated:  19.91357421875
Memory cached:  338.0
	 epoch  60 training error:  tensor(7.2161, device='cuda:0', grad_fn=<DivBackward0>)
Memory status after this epoch: 
Memory allocated:  19.91357421875
Memory cached:  344.0
	 epoch  70 training error:  tensor(7.5441, device='cuda:0', grad_fn=<DivBackward0>)
Memory status after this epoch: 
Memory allocated:  19.91357421875
Memory cached:  350.0
	 epoch  80 training error:  tensor(7.4298, device='cuda:0', grad_fn=<DivBackward0>)
Memory status after this epoch: 
Memory allocated:  19.91357421875
Memory cached:  352.0
	 epoch  90 training error:  tensor(7.3505, device='cuda:0', grad_fn=<DivBackward0>)
Memory status after this epoch: 
Memory allocated:  19.91357421875
Memory cached:  340.0
