[I 2023-11-20 15:36:43,579] Trial 9 finished with value: 0.833121120929718 and parameters: {'W_layers': 2, 'W_layer_units_exponent_0': 7, 'W_layer_units_exponent_1': 7, 'D_layers': 3, 'D_layer_units_exponent_0': 5, 'D_layer_units_exponent_1': 7, 'D_layer_units_exponent_2': 10, 'D_dagger_layers': 8, 'D_dagger_layer_units_exponent_0': 6, 'D_dagger_layer_units_exponent_1': 9, 'D_dagger_layer_units_exponent_2': 7, 'D_dagger_layer_units_exponent_3': 8, 'D_dagger_layer_units_exponent_4': 10, 'D_dagger_layer_units_exponent_5': 10, 'D_dagger_layer_units_exponent_6': 6, 'D_dagger_layer_units_exponent_7': 10, 'log_learning_rate': -4.53355285679867, 'log_learning_rate_D': -4.276121092134617, 'log_learning_rate_D_dagger': -4.763580484145587, 'training_batch_size': 7, 'training_p': 8}. Best is trial 9 with value: 0.833121120929718.
Time for this trial:  186.6362340450287
Memory status after this trial: 
Memory allocated:  224.650390625
Memory cached:  244.0
--------------------  Trial  10   --------------------
Start timing: 
Parameters: 
{'W_layers': 7, 'W_layer_units_exponent_0': 8, 'W_layer_units_exponent_1': 10, 'W_layer_units_exponent_2': 4, 'W_layer_units_exponent_3': 10, 'W_layer_units_exponent_4': 10, 'W_layer_units_exponent_5': 4, 'W_layer_units_exponent_6': 10, 'D_layers': 2, 'D_layer_units_exponent_0': 10, 'D_layer_units_exponent_1': 8, 'D_dagger_layers': 8, 'D_dagger_layer_units_exponent_0': 4, 'D_dagger_layer_units_exponent_1': 9, 'D_dagger_layer_units_exponent_2': 5, 'D_dagger_layer_units_exponent_3': 10, 'D_dagger_layer_units_exponent_4': 10, 'D_dagger_layer_units_exponent_5': 6, 'D_dagger_layer_units_exponent_6': 5, 'D_dagger_layer_units_exponent_7': 10, 'log_learning_rate': -4.976608260926854, 'log_learning_rate_D': -4.925498554264146, 'log_learning_rate_D_dagger': -1.2846313785090655, 'training_batch_size': 6, 'training_p': 8}
	 epoch  0 training error:  tensor(1.1825, device='cuda:0', grad_fn=<DivBackward0>)
Memory status after this epoch: 
Memory allocated:  43.75830078125
Memory cached:  174.0
	 epoch  10 training error:  tensor(0.9961, device='cuda:0', grad_fn=<DivBackward0>)
Memory status after this epoch: 
Memory allocated:  43.75830078125
Memory cached:  176.0
	 epoch  20 training error:  tensor(0.9898, device='cuda:0', grad_fn=<DivBackward0>)
Memory status after this epoch: 
Memory allocated:  43.75830078125
Memory cached:  178.0
	 epoch  30 training error:  tensor(0.9842, device='cuda:0', grad_fn=<DivBackward0>)
Memory status after this epoch: 
Memory allocated:  43.75830078125
Memory cached:  176.0
	 epoch  40 training error:  tensor(0.9700, device='cuda:0', grad_fn=<DivBackward0>)
Memory status after this epoch: 
Memory allocated:  43.75830078125
Memory cached:  176.0
	 epoch  50 training error:  tensor(0.9546, device='cuda:0', grad_fn=<DivBackward0>)
Memory status after this epoch: 
Memory allocated:  43.75830078125
Memory cached:  178.0
	 epoch  60 training error:  tensor(0.9228, device='cuda:0', grad_fn=<DivBackward0>)
Memory status after this epoch: 
Memory allocated:  43.75830078125
Memory cached:  180.0
	 epoch  70 training error:  tensor(0.8793, device='cuda:0', grad_fn=<DivBackward0>)
Memory status after this epoch: 
Memory allocated:  43.75830078125
Memory cached:  178.0
	 epoch  80 training error:  tensor(0.8186, device='cuda:0', grad_fn=<DivBackward0>)
Memory status after this epoch: 
Memory allocated:  43.75830078125
Memory cached:  174.0
	 epoch  90 training error:  tensor(1., device='cuda:0', grad_fn=<DivBackward0>)
Memory status after this epoch: 
Memory allocated:  43.75830078125
Memory cached:  176.0
[I 2023-11-20 15:43:31,710] Trial 10 finished with value: 1.0 and parameters: {'W_layers': 7, 'W_layer_units_exponent_0': 8, 'W_layer_units_exponent_1': 10, 'W_layer_units_exponent_2': 4, 'W_layer_units_exponent_3': 10, 'W_layer_units_exponent_4': 10, 'W_layer_units_exponent_5': 4, 'W_layer_units_exponent_6': 10, 'D_layers': 2, 'D_layer_units_exponent_0': 10, 'D_layer_units_exponent_1': 8, 'D_dagger_layers': 8, 'D_dagger_layer_units_exponent_0': 4, 'D_dagger_layer_units_exponent_1': 9, 'D_dagger_layer_units_exponent_2': 5, 'D_dagger_layer_units_exponent_3': 10, 'D_dagger_layer_units_exponent_4': 10, 'D_dagger_layer_units_exponent_5': 6, 'D_dagger_layer_units_exponent_6': 5, 'D_dagger_layer_units_exponent_7': 10, 'log_learning_rate': -4.976608260926854, 'log_learning_rate_D': -4.925498554264146, 'log_learning_rate_D_dagger': -1.2846313785090655, 'training_batch_size': 6, 'training_p': 8}. Best is trial 9 with value: 0.833121120929718.
Time for this trial:  407.8696162700653
Memory status after this trial: 
Memory allocated:  380.71240234375
Memory cached:  412.0
--------------------  Trial  11   --------------------
Start timing: 
Parameters: 
{'W_layers': 6, 'W_layer_units_exponent_0': 8, 'W_layer_units_exponent_1': 4, 'W_layer_units_exponent_2': 7, 'W_layer_units_exponent_3': 7, 'W_layer_units_exponent_4': 9, 'W_layer_units_exponent_5': 7, 'D_layers': 4, 'D_layer_units_exponent_0': 7, 'D_layer_units_exponent_1': 10, 'D_layer_units_exponent_2': 4, 'D_layer_units_exponent_3': 9, 'D_dagger_layers': 5, 'D_dagger_layer_units_exponent_0': 4, 'D_dagger_layer_units_exponent_1': 8, 'D_dagger_layer_units_exponent_2': 7, 'D_dagger_layer_units_exponent_3': 9, 'D_dagger_layer_units_exponent_4': 8, 'log_learning_rate': -4.827387761477795, 'log_learning_rate_D': -4.218553552396298, 'log_learning_rate_D_dagger': -3.90358139163179, 'training_batch_size': 7, 'training_p': 2}
	 epoch  0 training error:  tensor(1.0024, device='cuda:0', grad_fn=<DivBackward0>)
Memory status after this epoch: 
Memory allocated:  8.48681640625
Memory cached:  136.0
	 epoch  10 training error:  tensor(0.9903, device='cuda:0', grad_fn=<DivBackward0>)
Memory status after this epoch: 
Memory allocated:  8.48681640625
Memory cached:  198.0
	 epoch  20 training error:  tensor(0.9765, device='cuda:0', grad_fn=<DivBackward0>)
Memory status after this epoch: 
Memory allocated:  8.48681640625
Memory cached:  196.0
	 epoch  30 training error:  tensor(0.9530, device='cuda:0', grad_fn=<DivBackward0>)
Memory status after this epoch: 
Memory allocated:  8.48681640625
Memory cached:  194.0
	 epoch  40 training error:  tensor(1., device='cuda:0', grad_fn=<DivBackward0>)
Memory status after this epoch: 
Memory allocated:  8.48681640625
Memory cached:  200.0
	 epoch  50 training error:  tensor(1., device='cuda:0', grad_fn=<DivBackward0>)
Memory status after this epoch: 
Memory allocated:  8.48681640625
Memory cached:  204.0
	 epoch  60 training error:  tensor(1., device='cuda:0', grad_fn=<DivBackward0>)
Memory status after this epoch: 
Memory allocated:  8.48681640625
Memory cached:  188.0
	 epoch  70 training error:  tensor(1., device='cuda:0', grad_fn=<DivBackward0>)
Memory status after this epoch: 
Memory allocated:  8.48681640625
Memory cached:  196.0
	 epoch  80 training error:  tensor(1., device='cuda:0', grad_fn=<DivBackward0>)
Memory status after this epoch: 
Memory allocated:  8.48681640625
Memory cached:  192.0
	 epoch  90 training error:  tensor(1., device='cuda:0', grad_fn=<DivBackward0>)
Memory status after this epoch: 
Memory allocated:  8.48681640625
Memory cached:  198.0
[I 2023-11-20 15:46:46,493] Trial 11 finished with value: 1.0 and parameters: {'W_layers': 6, 'W_layer_units_exponent_0': 8, 'W_layer_units_exponent_1': 4, 'W_layer_units_exponent_2': 7, 'W_layer_units_exponent_3': 7, 'W_layer_units_exponent_4': 9, 'W_layer_units_exponent_5': 7, 'D_layers': 4, 'D_layer_units_exponent_0': 7, 'D_layer_units_exponent_1': 10, 'D_layer_units_exponent_2': 4, 'D_layer_units_exponent_3': 9, 'D_dagger_layers': 5, 'D_dagger_layer_units_exponent_0': 4, 'D_dagger_layer_units_exponent_1': 8, 'D_dagger_layer_units_exponent_2': 7, 'D_dagger_layer_units_exponent_3': 9, 'D_dagger_layer_units_exponent_4': 8, 'log_learning_rate': -4.827387761477795, 'log_learning_rate_D': -4.218553552396298, 'log_learning_rate_D_dagger': -3.90358139163179, 'training_batch_size': 7, 'training_p': 2}. Best is trial 9 with value: 0.833121120929718.
Time for this trial:  194.53786945343018
Memory status after this trial: 
Memory allocated:  157.8076171875
Memory cached:  172.0
--------------------  Trial  12   --------------------
Start timing: 
Parameters: 
{'W_layers': 5, 'W_layer_units_exponent_0': 6, 'W_layer_units_exponent_1': 5, 'W_layer_units_exponent_2': 10, 'W_layer_units_exponent_3': 6, 'W_layer_units_exponent_4': 4, 'D_layers': 5, 'D_layer_units_exponent_0': 6, 'D_layer_units_exponent_1': 8, 'D_layer_units_exponent_2': 10, 'D_layer_units_exponent_3': 10, 'D_layer_units_exponent_4': 5, 'D_dagger_layers': 5, 'D_dagger_layer_units_exponent_0': 6, 'D_dagger_layer_units_exponent_1': 10, 'D_dagger_layer_units_exponent_2': 8, 'D_dagger_layer_units_exponent_3': 4, 'D_dagger_layer_units_exponent_4': 7, 'log_learning_rate': -4.2652451434002066, 'log_learning_rate_D': -4.090896357097433, 'log_learning_rate_D_dagger': -3.926992794292483, 'training_batch_size': 8, 'training_p': 5}
	 epoch  0 training error:  tensor(0.9978, device='cuda:0', grad_fn=<DivBackward0>)
Memory status after this epoch: 
Memory allocated:  27.60791015625
Memory cached:  156.0
	 epoch  10 training error:  tensor(0.9888, device='cuda:0', grad_fn=<DivBackward0>)
Memory status after this epoch: 
Memory allocated:  27.60791015625
Memory cached:  240.0
	 epoch  20 training error:  tensor(0.9856, device='cuda:0', grad_fn=<DivBackward0>)
Memory status after this epoch: 
Memory allocated:  27.60791015625
Memory cached:  248.0
	 epoch  30 training error:  tensor(0.9815, device='cuda:0', grad_fn=<DivBackward0>)
Memory status after this epoch: 
Memory allocated:  27.60791015625
Memory cached:  252.0
	 epoch  40 training error:  tensor(0.9761, device='cuda:0', grad_fn=<DivBackward0>)
Memory status after this epoch: 
Memory allocated:  27.60791015625
Memory cached:  244.0
	 epoch  50 training error:  tensor(0.9685, device='cuda:0', grad_fn=<DivBackward0>)
Memory status after this epoch: 
Memory allocated:  27.60791015625
Memory cached:  240.0
	 epoch  60 training error:  tensor(0.9690, device='cuda:0', grad_fn=<DivBackward0>)
Memory status after this epoch: 
Memory allocated:  27.60791015625
Memory cached:  238.0
	 epoch  70 training error:  tensor(0.9666, device='cuda:0', grad_fn=<DivBackward0>)
Memory status after this epoch: 
Memory allocated:  27.60791015625
Memory cached:  236.0
	 epoch  80 training error:  tensor(0.9582, device='cuda:0', grad_fn=<DivBackward0>)
Memory status after this epoch: 
Memory allocated:  27.60791015625
Memory cached:  240.0
	 epoch  90 training error:  tensor(0.9480, device='cuda:0', grad_fn=<DivBackward0>)
Memory status after this epoch: 
Memory allocated:  27.60791015625
Memory cached:  238.0
[I 2023-11-20 15:50:05,148] Trial 12 finished with value: 0.9621894955635071 and parameters: {'W_layers': 5, 'W_layer_units_exponent_0': 6, 'W_layer_units_exponent_1': 5, 'W_layer_units_exponent_2': 10, 'W_layer_units_exponent_3': 6, 'W_layer_units_exponent_4': 4, 'D_layers': 5, 'D_layer_units_exponent_0': 6, 'D_layer_units_exponent_1': 8, 'D_layer_units_exponent_2': 10, 'D_layer_units_exponent_3': 10, 'D_layer_units_exponent_4': 5, 'D_dagger_layers': 5, 'D_dagger_layer_units_exponent_0': 6, 'D_dagger_layer_units_exponent_1': 10, 'D_dagger_layer_units_exponent_2': 8, 'D_dagger_layer_units_exponent_3': 4, 'D_dagger_layer_units_exponent_4': 7, 'log_learning_rate': -4.2652451434002066, 'log_learning_rate_D': -4.090896357097433, 'log_learning_rate_D_dagger': -3.926992794292483, 'training_batch_size': 8, 'training_p': 5}. Best is trial 9 with value: 0.833121120929718.
Time for this trial:  198.40921926498413
Memory status after this trial: 
Memory allocated:  207.8662109375
Memory cached:  226.0
--------------------  Trial  13   --------------------
Start timing: 
Parameters: 
{'W_layers': 3, 'W_layer_units_exponent_0': 6, 'W_layer_units_exponent_1': 5, 'W_layer_units_exponent_2': 4, 'D_layers': 4, 'D_layer_units_exponent_0': 6, 'D_layer_units_exponent_1': 6, 'D_layer_units_exponent_2': 6, 'D_layer_units_exponent_3': 8, 'D_dagger_layers': 5, 'D_dagger_layer_units_exponent_0': 5, 'D_dagger_layer_units_exponent_1': 4, 'D_dagger_layer_units_exponent_2': 6, 'D_dagger_layer_units_exponent_3': 9, 'D_dagger_layer_units_exponent_4': 10, 'log_learning_rate': -4.357664049943409, 'log_learning_rate_D': -4.3048332851986135, 'log_learning_rate_D_dagger': -3.282416382923346, 'training_batch_size': 10, 'training_p': 2}
	 epoch  0 training error:  tensor(0.9996, device='cuda:0', grad_fn=<DivBackward0>)
Memory status after this epoch: 
Memory allocated:  9.12744140625
Memory cached:  134.0
	 epoch  10 training error:  tensor(1., device='cuda:0', grad_fn=<DivBackward0>)
Memory status after this epoch: 
Memory allocated:  9.12744140625
Memory cached:  144.0
	 epoch  20 training error:  tensor(1., device='cuda:0', grad_fn=<DivBackward0>)
Memory status after this epoch: 
Memory allocated:  9.12744140625
Memory cached:  130.0
	 epoch  30 training error:  tensor(1., device='cuda:0', grad_fn=<DivBackward0>)
Memory status after this epoch: 
Memory allocated:  9.12744140625
Memory cached:  138.0
	 epoch  40 training error:  tensor(1., device='cuda:0', grad_fn=<DivBackward0>)
Memory status after this epoch: 
Memory allocated:  9.12744140625
Memory cached:  144.0
	 epoch  50 training error:  tensor(1., device='cuda:0', grad_fn=<DivBackward0>)
Memory status after this epoch: 
Memory allocated:  9.12744140625
Memory cached:  144.0
	 epoch  60 training error:  tensor(1., device='cuda:0', grad_fn=<DivBackward0>)
Memory status after this epoch: 
Memory allocated:  9.12744140625
Memory cached:  138.0
	 epoch  70 training error:  tensor(1., device='cuda:0', grad_fn=<DivBackward0>)
Memory status after this epoch: 
Memory allocated:  9.12744140625
Memory cached:  136.0
	 epoch  80 training error:  tensor(1., device='cuda:0', grad_fn=<DivBackward0>)
Memory status after this epoch: 
Memory allocated:  9.12744140625
Memory cached:  138.0
	 epoch  90 training error:  tensor(1., device='cuda:0', grad_fn=<DivBackward0>)
Memory status after this epoch: 
Memory allocated:  9.12744140625
Memory cached:  140.0
[I 2023-11-20 15:52:50,229] Trial 13 finished with value: 1.0 and parameters: {'W_layers': 3, 'W_layer_units_exponent_0': 6, 'W_layer_units_exponent_1': 5, 'W_layer_units_exponent_2': 4, 'D_layers': 4, 'D_layer_units_exponent_0': 6, 'D_layer_units_exponent_1': 6, 'D_layer_units_exponent_2': 6, 'D_layer_units_exponent_3': 8, 'D_dagger_layers': 5, 'D_dagger_layer_units_exponent_0': 5, 'D_dagger_layer_units_exponent_1': 4, 'D_dagger_layer_units_exponent_2': 6, 'D_dagger_layer_units_exponent_3': 9, 'D_dagger_layer_units_exponent_4': 10, 'log_learning_rate': -4.357664049943409, 'log_learning_rate_D': -4.3048332851986135, 'log_learning_rate_D_dagger': -3.282416382923346, 'training_batch_size': 10, 'training_p': 2}. Best is trial 9 with value: 0.833121120929718.
Time for this trial:  164.8376772403717
Memory status after this trial: 
Memory allocated:  89.50732421875
Memory cached:  122.0
--------------------  Trial  14   --------------------
Start timing: 
Parameters: 
{'W_layers': 8, 'W_layer_units_exponent_0': 8, 'W_layer_units_exponent_1': 8, 'W_layer_units_exponent_2': 6, 'W_layer_units_exponent_3': 5, 'W_layer_units_exponent_4': 7, 'W_layer_units_exponent_5': 10, 'W_layer_units_exponent_6': 9, 'W_layer_units_exponent_7': 6, 'D_layers': 2, 'D_layer_units_exponent_0': 9, 'D_layer_units_exponent_1': 8, 'D_dagger_layers': 4, 'D_dagger_layer_units_exponent_0': 5, 'D_dagger_layer_units_exponent_1': 8, 'D_dagger_layer_units_exponent_2': 9, 'D_dagger_layer_units_exponent_3': 8, 'log_learning_rate': -4.200540437944854, 'log_learning_rate_D': -3.1316987163704466, 'log_learning_rate_D_dagger': -4.338262237390572, 'training_batch_size': 11, 'training_p': 4}
	 epoch  0 training error:  tensor(0.9999, device='cuda:0', grad_fn=<DivBackward0>)
Memory status after this epoch: 
Memory allocated:  18.17822265625
Memory cached:  78.0
	 epoch  10 training error:  tensor(0.9815, device='cuda:0', grad_fn=<DivBackward0>)
Memory status after this epoch: 
Memory allocated:  18.17822265625
Memory cached:  112.0
	 epoch  20 training error:  tensor(0.9632, device='cuda:0', grad_fn=<DivBackward0>)
Memory status after this epoch: 
Memory allocated:  18.17822265625
Memory cached:  112.0
	 epoch  30 training error:  tensor(0.9518, device='cuda:0', grad_fn=<DivBackward0>)
Memory status after this epoch: 
Memory allocated:  18.17822265625
Memory cached:  108.0
	 epoch  40 training error:  tensor(0.9073, device='cuda:0', grad_fn=<DivBackward0>)
Memory status after this epoch: 
Memory allocated:  18.17822265625
Memory cached:  116.0
	 epoch  50 training error:  tensor(0.8128, device='cuda:0', grad_fn=<DivBackward0>)
Memory status after this epoch: 
Memory allocated:  18.17822265625
Memory cached:  114.0
	 epoch  60 training error:  tensor(0.6103, device='cuda:0', grad_fn=<DivBackward0>)
Memory status after this epoch: 
Memory allocated:  18.17822265625
Memory cached:  112.0
	 epoch  70 training error:  tensor(0.2149, device='cuda:0', grad_fn=<DivBackward0>)
Memory status after this epoch: 
Memory allocated:  18.17822265625
Memory cached:  116.0
	 epoch  80 training error:  tensor(0.1807, device='cuda:0', grad_fn=<DivBackward0>)
Memory status after this epoch: 
Memory allocated:  18.17822265625
Memory cached:  110.0
	 epoch  90 training error:  tensor(0.1453, device='cuda:0', grad_fn=<DivBackward0>)
Memory status after this epoch: 
Memory allocated:  18.17822265625
Memory cached:  112.0
[I 2023-11-20 15:56:02,304] Trial 14 finished with value: 0.10091722011566162 and parameters: {'W_layers': 8, 'W_layer_units_exponent_0': 8, 'W_layer_units_exponent_1': 8, 'W_layer_units_exponent_2': 6, 'W_layer_units_exponent_3': 5, 'W_layer_units_exponent_4': 7, 'W_layer_units_exponent_5': 10, 'W_layer_units_exponent_6': 9, 'W_layer_units_exponent_7': 6, 'D_layers': 2, 'D_layer_units_exponent_0': 9, 'D_layer_units_exponent_1': 8, 'D_dagger_layers': 4, 'D_dagger_layer_units_exponent_0': 5, 'D_dagger_layer_units_exponent_1': 8, 'D_dagger_layer_units_exponent_2': 9, 'D_dagger_layer_units_exponent_3': 8, 'log_learning_rate': -4.200540437944854, 'log_learning_rate_D': -3.1316987163704466, 'log_learning_rate_D_dagger': -4.338262237390572, 'training_batch_size': 11, 'training_p': 4}. Best is trial 14 with value: 0.10091722011566162.
Time for this trial:  191.82699918746948
Memory status after this trial: 
Memory allocated:  168.12939453125
Memory cached:  190.0
--------------------  Trial  15   --------------------
Start timing: 
Parameters: 
{'W_layers': 8, 'W_layer_units_exponent_0': 8, 'W_layer_units_exponent_1': 9, 'W_layer_units_exponent_2': 8, 'W_layer_units_exponent_3': 5, 'W_layer_units_exponent_4': 7, 'W_layer_units_exponent_5': 10, 'W_layer_units_exponent_6': 9, 'W_layer_units_exponent_7': 6, 'D_layers': 2, 'D_layer_units_exponent_0': 9, 'D_layer_units_exponent_1': 8, 'D_dagger_layers': 7, 'D_dagger_layer_units_exponent_0': 7, 'D_dagger_layer_units_exponent_1': 8, 'D_dagger_layer_units_exponent_2': 9, 'D_dagger_layer_units_exponent_3': 8, 'D_dagger_layer_units_exponent_4': 6, 'D_dagger_layer_units_exponent_5': 6, 'D_dagger_layer_units_exponent_6': 10, 'log_learning_rate': -4.047187151470097, 'log_learning_rate_D': -1.0241329467439817, 'log_learning_rate_D_dagger': -4.356692549557549, 'training_batch_size': 7, 'training_p': 6}
	 epoch  0 training error:  tensor(1., device='cuda:0', grad_fn=<DivBackward0>)
Memory status after this epoch: 
Memory allocated:  22.74853515625
Memory cached:  86.0
	 epoch  10 training error:  tensor(1., device='cuda:0', grad_fn=<DivBackward0>)
Memory status after this epoch: 
Memory allocated:  22.74853515625
Memory cached:  120.0
	 epoch  20 training error:  tensor(1., device='cuda:0', grad_fn=<DivBackward0>)
Memory status after this epoch: 
Memory allocated:  22.74853515625
Memory cached:  120.0
	 epoch  30 training error:  tensor(1., device='cuda:0', grad_fn=<DivBackward0>)
Memory status after this epoch: 
Memory allocated:  22.74853515625
Memory cached:  124.0
	 epoch  40 training error:  tensor(1., device='cuda:0', grad_fn=<DivBackward0>)
Memory status after this epoch: 
Memory allocated:  22.74853515625
Memory cached:  120.0
	 epoch  50 training error:  tensor(1., device='cuda:0', grad_fn=<DivBackward0>)
Memory status after this epoch: 
Memory allocated:  22.74853515625
Memory cached:  124.0
	 epoch  60 training error:  tensor(1., device='cuda:0', grad_fn=<DivBackward0>)
Memory status after this epoch: 
Memory allocated:  22.74853515625
Memory cached:  126.0
	 epoch  70 training error:  tensor(1., device='cuda:0', grad_fn=<DivBackward0>)
Memory status after this epoch: 
Memory allocated:  22.74853515625
Memory cached:  122.0
	 epoch  80 training error:  tensor(1., device='cuda:0', grad_fn=<DivBackward0>)
Memory status after this epoch: 
Memory allocated:  22.74853515625
Memory cached:  120.0
	 epoch  90 training error:  tensor(1., device='cuda:0', grad_fn=<DivBackward0>)
Memory status after this epoch: 
Memory allocated:  22.74853515625
Memory cached:  124.0
