[I 2023-11-29 02:55:30,771] Trial 16 finished with value: 4.610215663909912 and parameters: {'W_layers': 6, 'W_layer_units_exponent_0': 8, 'W_layer_units_exponent_1': 8, 'W_layer_units_exponent_2': 5, 'W_layer_units_exponent_3': 7, 'W_layer_units_exponent_4': 10, 'W_layer_units_exponent_5': 9, 'D_layers': 6, 'D_layer_units_exponent_0': 5, 'D_layer_units_exponent_1': 5, 'D_layer_units_exponent_2': 10, 'D_layer_units_exponent_3': 8, 'D_layer_units_exponent_4': 8, 'D_layer_units_exponent_5': 6, 'D_dagger_layers': 3, 'D_dagger_layer_units_exponent_0': 6, 'D_dagger_layer_units_exponent_1': 9, 'D_dagger_layer_units_exponent_2': 10, 'log_learning_rate': -4.943353910827423, 'log_learning_rate_D': -4.458649398576164, 'log_learning_rate_D_dagger': -1.6282147235453368, 'training_batch_size': 7, 'training_p': 7}. Best is trial 8 with value: 1.0.
Time for this trial:  321.64826107025146
Memory status after this trial: 
Memory allocated:  309.45068359375
Memory cached:  328.0
--------------------  Trial  17   --------------------
Start timing: 
Parameters: 
{'W_layers': 4, 'W_layer_units_exponent_0': 6, 'W_layer_units_exponent_1': 5, 'W_layer_units_exponent_2': 7, 'W_layer_units_exponent_3': 8, 'D_layers': 3, 'D_layer_units_exponent_0': 7, 'D_layer_units_exponent_1': 5, 'D_layer_units_exponent_2': 9, 'D_dagger_layers': 5, 'D_dagger_layer_units_exponent_0': 4, 'D_dagger_layer_units_exponent_1': 6, 'D_dagger_layer_units_exponent_2': 8, 'D_dagger_layer_units_exponent_3': 9, 'D_dagger_layer_units_exponent_4': 4, 'log_learning_rate': -3.2329986600728686, 'log_learning_rate_D': -3.3711571016593784, 'log_learning_rate_D_dagger': -2.7189830922822047, 'training_batch_size': 9, 'training_p': 3}
	 epoch  0 training error:  tensor(1.4745, device='cuda:0', grad_fn=<DivBackward0>)
Memory status after this epoch: 
Memory allocated:  3.57958984375
Memory cached:  140.0
	 epoch  10 training error:  tensor(2.8916, device='cuda:0', grad_fn=<DivBackward0>)
Memory status after this epoch: 
Memory allocated:  3.57958984375
Memory cached:  210.0
	 epoch  20 training error:  tensor(2.6799, device='cuda:0', grad_fn=<DivBackward0>)
Memory status after this epoch: 
Memory allocated:  3.57958984375
Memory cached:  210.0
	 epoch  30 training error:  tensor(2.8624, device='cuda:0', grad_fn=<DivBackward0>)
Memory status after this epoch: 
Memory allocated:  3.57958984375
Memory cached:  218.0
	 epoch  40 training error:  tensor(2.6092, device='cuda:0', grad_fn=<DivBackward0>)
Memory status after this epoch: 
Memory allocated:  3.57958984375
Memory cached:  212.0
	 epoch  50 training error:  tensor(2.8611, device='cuda:0', grad_fn=<DivBackward0>)
Memory status after this epoch: 
Memory allocated:  3.57958984375
Memory cached:  216.0
	 epoch  60 training error:  tensor(2.7137, device='cuda:0', grad_fn=<DivBackward0>)
Memory status after this epoch: 
Memory allocated:  3.57958984375
Memory cached:  210.0
	 epoch  70 training error:  tensor(2.4717, device='cuda:0', grad_fn=<DivBackward0>)
Memory status after this epoch: 
Memory allocated:  3.57958984375
Memory cached:  210.0
	 epoch  80 training error:  tensor(2.5167, device='cuda:0', grad_fn=<DivBackward0>)
Memory status after this epoch: 
Memory allocated:  3.57958984375
Memory cached:  210.0
	 epoch  90 training error:  tensor(2.7273, device='cuda:0', grad_fn=<DivBackward0>)
Memory status after this epoch: 
Memory allocated:  3.57958984375
Memory cached:  208.0
[I 2023-11-29 02:59:43,746] Trial 17 finished with value: 2.6262314319610596 and parameters: {'W_layers': 4, 'W_layer_units_exponent_0': 6, 'W_layer_units_exponent_1': 5, 'W_layer_units_exponent_2': 7, 'W_layer_units_exponent_3': 8, 'D_layers': 3, 'D_layer_units_exponent_0': 7, 'D_layer_units_exponent_1': 5, 'D_layer_units_exponent_2': 9, 'D_dagger_layers': 5, 'D_dagger_layer_units_exponent_0': 4, 'D_dagger_layer_units_exponent_1': 6, 'D_dagger_layer_units_exponent_2': 8, 'D_dagger_layer_units_exponent_3': 9, 'D_dagger_layer_units_exponent_4': 4, 'log_learning_rate': -3.2329986600728686, 'log_learning_rate_D': -3.3711571016593784, 'log_learning_rate_D_dagger': -2.7189830922822047, 'training_batch_size': 9, 'training_p': 3}. Best is trial 8 with value: 1.0.
Time for this trial:  252.73007726669312
Memory status after this trial: 
Memory allocated:  112.03515625
Memory cached:  154.0
--------------------  Trial  18   --------------------
Start timing: 
Parameters: 
{'W_layers': 2, 'W_layer_units_exponent_0': 8, 'W_layer_units_exponent_1': 8, 'D_layers': 6, 'D_layer_units_exponent_0': 6, 'D_layer_units_exponent_1': 7, 'D_layer_units_exponent_2': 5, 'D_layer_units_exponent_3': 9, 'D_layer_units_exponent_4': 4, 'D_layer_units_exponent_5': 10, 'D_dagger_layers': 2, 'D_dagger_layer_units_exponent_0': 7, 'D_dagger_layer_units_exponent_1': 9, 'log_learning_rate': -3.8992475353558453, 'log_learning_rate_D': -2.123873648869418, 'log_learning_rate_D_dagger': -1.6292999895783202, 'training_batch_size': 7, 'training_p': 6}
	 epoch  0 training error:  tensor(1.7331, device='cuda:0', grad_fn=<DivBackward0>)
Memory status after this epoch: 
Memory allocated:  3.14599609375
Memory cached:  150.0
	 epoch  10 training error:  tensor(2.2609, device='cuda:0', grad_fn=<DivBackward0>)
Memory status after this epoch: 
Memory allocated:  3.14599609375
Memory cached:  252.0
	 epoch  20 training error:  tensor(1., device='cuda:0', grad_fn=<DivBackward0>)
Memory status after this epoch: 
Memory allocated:  3.14599609375
Memory cached:  242.0
	 epoch  30 training error:  tensor(1., device='cuda:0', grad_fn=<DivBackward0>)
Memory status after this epoch: 
Memory allocated:  3.14599609375
Memory cached:  250.0
	 epoch  40 training error:  tensor(1., device='cuda:0', grad_fn=<DivBackward0>)
Memory status after this epoch: 
Memory allocated:  3.14599609375
Memory cached:  236.0
	 epoch  50 training error:  tensor(1., device='cuda:0', grad_fn=<DivBackward0>)
Memory status after this epoch: 
Memory allocated:  3.14599609375
Memory cached:  252.0
	 epoch  60 training error:  tensor(1., device='cuda:0', grad_fn=<DivBackward0>)
Memory status after this epoch: 
Memory allocated:  3.14599609375
Memory cached:  260.0
	 epoch  70 training error:  tensor(1., device='cuda:0', grad_fn=<DivBackward0>)
Memory status after this epoch: 
Memory allocated:  3.14599609375
Memory cached:  260.0
	 epoch  80 training error:  tensor(1., device='cuda:0', grad_fn=<DivBackward0>)
Memory status after this epoch: 
Memory allocated:  3.14599609375
Memory cached:  252.0
	 epoch  90 training error:  tensor(1., device='cuda:0', grad_fn=<DivBackward0>)
Memory status after this epoch: 
Memory allocated:  3.14599609375
Memory cached:  244.0
[I 2023-11-29 03:03:33,869] Trial 18 finished with value: 1.0 and parameters: {'W_layers': 2, 'W_layer_units_exponent_0': 8, 'W_layer_units_exponent_1': 8, 'D_layers': 6, 'D_layer_units_exponent_0': 6, 'D_layer_units_exponent_1': 7, 'D_layer_units_exponent_2': 5, 'D_layer_units_exponent_3': 9, 'D_layer_units_exponent_4': 4, 'D_layer_units_exponent_5': 10, 'D_dagger_layers': 2, 'D_dagger_layer_units_exponent_0': 7, 'D_dagger_layer_units_exponent_1': 9, 'log_learning_rate': -3.8992475353558453, 'log_learning_rate_D': -2.123873648869418, 'log_learning_rate_D_dagger': -1.6292999895783202, 'training_batch_size': 7, 'training_p': 6}. Best is trial 8 with value: 1.0.
Time for this trial:  229.89560556411743
Memory status after this trial: 
Memory allocated:  160.24365234375
Memory cached:  182.0
--------------------  Trial  19   --------------------
Start timing: 
Parameters: 
{'W_layers': 6, 'W_layer_units_exponent_0': 6, 'W_layer_units_exponent_1': 5, 'W_layer_units_exponent_2': 5, 'W_layer_units_exponent_3': 5, 'W_layer_units_exponent_4': 7, 'W_layer_units_exponent_5': 5, 'D_layers': 3, 'D_layer_units_exponent_0': 4, 'D_layer_units_exponent_1': 4, 'D_layer_units_exponent_2': 8, 'D_dagger_layers': 3, 'D_dagger_layer_units_exponent_0': 5, 'D_dagger_layer_units_exponent_1': 4, 'D_dagger_layer_units_exponent_2': 8, 'log_learning_rate': -2.878769729030956, 'log_learning_rate_D': -2.9767760276199757, 'log_learning_rate_D_dagger': -2.706673941716582, 'training_batch_size': 10, 'training_p': 7}
	 epoch  0 training error:  tensor(2.7567, device='cuda:0', grad_fn=<DivBackward0>)
Memory status after this epoch: 
Memory allocated:  0.56005859375
Memory cached:  102.0
	 epoch  10 training error:  tensor(1., device='cuda:0', grad_fn=<DivBackward0>)
Memory status after this epoch: 
Memory allocated:  0.56005859375
Memory cached:  130.0
	 epoch  20 training error:  tensor(1., device='cuda:0', grad_fn=<DivBackward0>)
Memory status after this epoch: 
Memory allocated:  0.56005859375
Memory cached:  126.0
	 epoch  30 training error:  tensor(1., device='cuda:0', grad_fn=<DivBackward0>)
Memory status after this epoch: 
Memory allocated:  0.56005859375
Memory cached:  130.0
	 epoch  40 training error:  tensor(1., device='cuda:0', grad_fn=<DivBackward0>)
Memory status after this epoch: 
Memory allocated:  0.56005859375
Memory cached:  140.0
	 epoch  50 training error:  tensor(1., device='cuda:0', grad_fn=<DivBackward0>)
Memory status after this epoch: 
Memory allocated:  0.56005859375
Memory cached:  130.0
	 epoch  60 training error:  tensor(1., device='cuda:0', grad_fn=<DivBackward0>)
Memory status after this epoch: 
Memory allocated:  0.56005859375
Memory cached:  130.0
	 epoch  70 training error:  tensor(1., device='cuda:0', grad_fn=<DivBackward0>)
Memory status after this epoch: 
Memory allocated:  0.56005859375
Memory cached:  128.0
	 epoch  80 training error:  tensor(1., device='cuda:0', grad_fn=<DivBackward0>)
Memory status after this epoch: 
Memory allocated:  0.56005859375
Memory cached:  128.0
	 epoch  90 training error:  tensor(1., device='cuda:0', grad_fn=<DivBackward0>)
Memory status after this epoch: 
Memory allocated:  0.56005859375
Memory cached:  130.0
[I 2023-11-29 03:07:39,102] Trial 19 finished with value: 1.0 and parameters: {'W_layers': 6, 'W_layer_units_exponent_0': 6, 'W_layer_units_exponent_1': 5, 'W_layer_units_exponent_2': 5, 'W_layer_units_exponent_3': 5, 'W_layer_units_exponent_4': 7, 'W_layer_units_exponent_5': 5, 'D_layers': 3, 'D_layer_units_exponent_0': 4, 'D_layer_units_exponent_1': 4, 'D_layer_units_exponent_2': 8, 'D_dagger_layers': 3, 'D_dagger_layer_units_exponent_0': 5, 'D_dagger_layer_units_exponent_1': 4, 'D_dagger_layer_units_exponent_2': 8, 'log_learning_rate': -2.878769729030956, 'log_learning_rate_D': -2.9767760276199757, 'log_learning_rate_D_dagger': -2.706673941716582, 'training_batch_size': 10, 'training_p': 7}. Best is trial 8 with value: 1.0.
Time for this trial:  244.99319911003113
Memory status after this trial: 
Memory allocated:  51.35107421875
Memory cached:  108.0
--------------------  Trial  20   --------------------
Start timing: 
Parameters: 
{'W_layers': 4, 'W_layer_units_exponent_0': 4, 'W_layer_units_exponent_1': 10, 'W_layer_units_exponent_2': 4, 'W_layer_units_exponent_3': 6, 'D_layers': 5, 'D_layer_units_exponent_0': 8, 'D_layer_units_exponent_1': 7, 'D_layer_units_exponent_2': 6, 'D_layer_units_exponent_3': 9, 'D_layer_units_exponent_4': 9, 'D_dagger_layers': 5, 'D_dagger_layer_units_exponent_0': 7, 'D_dagger_layer_units_exponent_1': 7, 'D_dagger_layer_units_exponent_2': 6, 'D_dagger_layer_units_exponent_3': 7, 'D_dagger_layer_units_exponent_4': 8, 'log_learning_rate': -2.2201264972851686, 'log_learning_rate_D': -3.6728033113969567, 'log_learning_rate_D_dagger': -1.62524652230839, 'training_batch_size': 11, 'training_p': 3}
	 epoch  0 training error:  tensor(8.3478, device='cuda:0', grad_fn=<DivBackward0>)
Memory status after this epoch: 
Memory allocated:  6.99365234375
Memory cached:  180.0
	 epoch  10 training error:  tensor(3.2900, device='cuda:0', grad_fn=<DivBackward0>)
Memory status after this epoch: 
Memory allocated:  6.99365234375
Memory cached:  296.0
	 epoch  20 training error:  tensor(2.0188, device='cuda:0', grad_fn=<DivBackward0>)
Memory status after this epoch: 
Memory allocated:  6.99365234375
Memory cached:  286.0
	 epoch  30 training error:  tensor(1.5927, device='cuda:0', grad_fn=<DivBackward0>)
Memory status after this epoch: 
Memory allocated:  6.99365234375
Memory cached:  298.0
	 epoch  40 training error:  tensor(11.0520, device='cuda:0', grad_fn=<DivBackward0>)
Memory status after this epoch: 
Memory allocated:  6.99365234375
Memory cached:  306.0
	 epoch  50 training error:  tensor(14.3883, device='cuda:0', grad_fn=<DivBackward0>)
Memory status after this epoch: 
Memory allocated:  6.99365234375
Memory cached:  296.0
	 epoch  60 training error:  tensor(15.6341, device='cuda:0', grad_fn=<DivBackward0>)
Memory status after this epoch: 
Memory allocated:  6.99365234375
Memory cached:  300.0
	 epoch  70 training error:  tensor(14.9821, device='cuda:0', grad_fn=<DivBackward0>)
Memory status after this epoch: 
Memory allocated:  6.99365234375
Memory cached:  298.0
	 epoch  80 training error:  tensor(14.2170, device='cuda:0', grad_fn=<DivBackward0>)
Memory status after this epoch: 
Memory allocated:  6.99365234375
Memory cached:  294.0
	 epoch  90 training error:  tensor(13.8749, device='cuda:0', grad_fn=<DivBackward0>)
Memory status after this epoch: 
Memory allocated:  6.99365234375
Memory cached:  292.0
[I 2023-11-29 03:12:27,188] Trial 20 finished with value: 14.7479887008667 and parameters: {'W_layers': 4, 'W_layer_units_exponent_0': 4, 'W_layer_units_exponent_1': 10, 'W_layer_units_exponent_2': 4, 'W_layer_units_exponent_3': 6, 'D_layers': 5, 'D_layer_units_exponent_0': 8, 'D_layer_units_exponent_1': 7, 'D_layer_units_exponent_2': 6, 'D_layer_units_exponent_3': 9, 'D_layer_units_exponent_4': 9, 'D_dagger_layers': 5, 'D_dagger_layer_units_exponent_0': 7, 'D_dagger_layer_units_exponent_1': 7, 'D_dagger_layer_units_exponent_2': 6, 'D_dagger_layer_units_exponent_3': 7, 'D_dagger_layer_units_exponent_4': 8, 'log_learning_rate': -2.2201264972851686, 'log_learning_rate_D': -3.6728033113969567, 'log_learning_rate_D_dagger': -1.62524652230839, 'training_batch_size': 11, 'training_p': 3}. Best is trial 8 with value: 1.0.
Time for this trial:  287.8390164375305
Memory status after this trial: 
Memory allocated:  182.55126953125
Memory cached:  234.0
--------------------  Trial  21   --------------------
Start timing: 
Parameters: 
{'W_layers': 3, 'W_layer_units_exponent_0': 9, 'W_layer_units_exponent_1': 9, 'W_layer_units_exponent_2': 7, 'D_layers': 4, 'D_layer_units_exponent_0': 5, 'D_layer_units_exponent_1': 8, 'D_layer_units_exponent_2': 9, 'D_layer_units_exponent_3': 7, 'D_dagger_layers': 2, 'D_dagger_layer_units_exponent_0': 6, 'D_dagger_layer_units_exponent_1': 5, 'log_learning_rate': -3.65297456457057, 'log_learning_rate_D': -4.1763557239199915, 'log_learning_rate_D_dagger': -1.9979507174759283, 'training_batch_size': 7, 'training_p': 5}
	 epoch  0 training error:  tensor(1.5347, device='cuda:0', grad_fn=<DivBackward0>)
Memory status after this epoch: 
Memory allocated:  8.4287109375
Memory cached:  128.0
	 epoch  10 training error:  tensor(1., device='cuda:0', grad_fn=<DivBackward0>)
Memory status after this epoch: 
Memory allocated:  8.4287109375
Memory cached:  208.0
	 epoch  20 training error:  tensor(1., device='cuda:0', grad_fn=<DivBackward0>)
Memory status after this epoch: 
Memory allocated:  8.4287109375
Memory cached:  220.0
	 epoch  30 training error:  tensor(1., device='cuda:0', grad_fn=<DivBackward0>)
Memory status after this epoch: 
Memory allocated:  8.4287109375
Memory cached:  214.0
	 epoch  40 training error:  tensor(1., device='cuda:0', grad_fn=<DivBackward0>)
Memory status after this epoch: 
Memory allocated:  8.4287109375
Memory cached:  210.0
	 epoch  50 training error:  tensor(1., device='cuda:0', grad_fn=<DivBackward0>)
Memory status after this epoch: 
Memory allocated:  8.4287109375
Memory cached:  220.0
	 epoch  60 training error:  tensor(1., device='cuda:0', grad_fn=<DivBackward0>)
Memory status after this epoch: 
Memory allocated:  8.4287109375
Memory cached:  216.0
	 epoch  70 training error:  tensor(1., device='cuda:0', grad_fn=<DivBackward0>)
Memory status after this epoch: 
Memory allocated:  8.4287109375
Memory cached:  222.0
	 epoch  80 training error:  tensor(1., device='cuda:0', grad_fn=<DivBackward0>)
Memory status after this epoch: 
Memory allocated:  8.4287109375
Memory cached:  212.0
	 epoch  90 training error:  tensor(1., device='cuda:0', grad_fn=<DivBackward0>)
Memory status after this epoch: 
Memory allocated:  8.4287109375
Memory cached:  222.0
[I 2023-11-29 03:15:59,198] Trial 21 finished with value: 1.0 and parameters: {'W_layers': 3, 'W_layer_units_exponent_0': 9, 'W_layer_units_exponent_1': 9, 'W_layer_units_exponent_2': 7, 'D_layers': 4, 'D_layer_units_exponent_0': 5, 'D_layer_units_exponent_1': 8, 'D_layer_units_exponent_2': 9, 'D_layer_units_exponent_3': 7, 'D_dagger_layers': 2, 'D_dagger_layer_units_exponent_0': 6, 'D_dagger_layer_units_exponent_1': 5, 'log_learning_rate': -3.65297456457057, 'log_learning_rate_D': -4.1763557239199915, 'log_learning_rate_D_dagger': -1.9979507174759283, 'training_batch_size': 7, 'training_p': 5}. Best is trial 8 with value: 1.0.
Time for this trial:  211.7800953388214
Memory status after this trial: 
Memory allocated:  122.4267578125
Memory cached:  172.0
--------------------  Trial  22   --------------------
Start timing: 
Parameters: 
{'W_layers': 5, 'W_layer_units_exponent_0': 6, 'W_layer_units_exponent_1': 7, 'W_layer_units_exponent_2': 8, 'W_layer_units_exponent_3': 10, 'W_layer_units_exponent_4': 6, 'D_layers': 7, 'D_layer_units_exponent_0': 6, 'D_layer_units_exponent_1': 10, 'D_layer_units_exponent_2': 6, 'D_layer_units_exponent_3': 9, 'D_layer_units_exponent_4': 9, 'D_layer_units_exponent_5': 4, 'D_layer_units_exponent_6': 4, 'D_dagger_layers': 4, 'D_dagger_layer_units_exponent_0': 9, 'D_dagger_layer_units_exponent_1': 10, 'D_dagger_layer_units_exponent_2': 8, 'D_dagger_layer_units_exponent_3': 4, 'log_learning_rate': -3.187328769202453, 'log_learning_rate_D': -3.197346889991975, 'log_learning_rate_D_dagger': -1.325193203916345, 'training_batch_size': 9, 'training_p': 8}
	 epoch  0 training error:  tensor(4.4203, device='cuda:0', grad_fn=<DivBackward0>)
Memory status after this epoch: 
Memory allocated:  24.80419921875
Memory cached:  174.0
	 epoch  10 training error:  tensor(2.5624, device='cuda:0', grad_fn=<DivBackward0>)
Memory status after this epoch: 
Memory allocated:  24.80419921875
Memory cached:  384.0
	 epoch  20 training error:  tensor(3.1083, device='cuda:0', grad_fn=<DivBackward0>)
Memory status after this epoch: 
Memory allocated:  24.80419921875
Memory cached:  378.0
	 epoch  30 training error:  tensor(3.3759, device='cuda:0', grad_fn=<DivBackward0>)
Memory status after this epoch: 
Memory allocated:  24.80419921875
Memory cached:  364.0
	 epoch  40 training error:  tensor(3.3784, device='cuda:0', grad_fn=<DivBackward0>)
Memory status after this epoch: 
Memory allocated:  24.80419921875
Memory cached:  364.0
	 epoch  50 training error:  tensor(3.4656, device='cuda:0', grad_fn=<DivBackward0>)
Memory status after this epoch: 
Memory allocated:  24.80419921875
Memory cached:  372.0
	 epoch  60 training error:  tensor(3.4181, device='cuda:0', grad_fn=<DivBackward0>)
Memory status after this epoch: 
Memory allocated:  24.80419921875
Memory cached:  366.0
	 epoch  70 training error:  tensor(3.4822, device='cuda:0', grad_fn=<DivBackward0>)
Memory status after this epoch: 
Memory allocated:  24.80419921875
Memory cached:  360.0
	 epoch  80 training error:  tensor(3.3740, device='cuda:0', grad_fn=<DivBackward0>)
Memory status after this epoch: 
Memory allocated:  24.80419921875
Memory cached:  378.0
	 epoch  90 training error:  tensor(3.4319, device='cuda:0', grad_fn=<DivBackward0>)
Memory status after this epoch: 
Memory allocated:  24.80419921875
Memory cached:  376.0
