[I 2023-11-22 09:50:57,420] Trial 38 finished with value: 1.0 and parameters: {'W_layers': 4, 'W_layer_units_exponent_0': 8, 'W_layer_units_exponent_1': 9, 'W_layer_units_exponent_2': 9, 'W_layer_units_exponent_3': 5, 'D_layers': 8, 'D_layer_units_exponent_0': 4, 'D_layer_units_exponent_1': 10, 'D_layer_units_exponent_2': 9, 'D_layer_units_exponent_3': 6, 'D_layer_units_exponent_4': 6, 'D_layer_units_exponent_5': 10, 'D_layer_units_exponent_6': 6, 'D_layer_units_exponent_7': 6, 'D_dagger_layers': 2, 'D_dagger_layer_units_exponent_0': 10, 'D_dagger_layer_units_exponent_1': 10, 'log_learning_rate': -2.858057909578454, 'log_learning_rate_D': -1.5752090652505752, 'log_learning_rate_D_dagger': -3.9592659450781498, 'training_batch_size': 6, 'training_p': 6}. Best is trial 27 with value: 0.06352072954177856.
Time for this trial:  19.060575008392334
Memory status after this trial: 
Memory allocated:  141.7763671875
Memory cached:  180.0
--------------------  Trial  39   --------------------
Start timing: 
Parameters: 
{'W_layers': 3, 'W_layer_units_exponent_0': 10, 'W_layer_units_exponent_1': 10, 'W_layer_units_exponent_2': 5, 'D_layers': 7, 'D_layer_units_exponent_0': 5, 'D_layer_units_exponent_1': 8, 'D_layer_units_exponent_2': 10, 'D_layer_units_exponent_3': 7, 'D_layer_units_exponent_4': 5, 'D_layer_units_exponent_5': 9, 'D_layer_units_exponent_6': 9, 'D_dagger_layers': 5, 'D_dagger_layer_units_exponent_0': 8, 'D_dagger_layer_units_exponent_1': 5, 'D_dagger_layer_units_exponent_2': 9, 'D_dagger_layer_units_exponent_3': 6, 'D_dagger_layer_units_exponent_4': 8, 'log_learning_rate': -2.307431591721756, 'log_learning_rate_D': -1.136594852644579, 'log_learning_rate_D_dagger': -3.3636381226712952, 'training_batch_size': 7, 'training_p': 3}
	 epoch  0 training error:  tensor(0.6068, device='cuda:0', grad_fn=<DivBackward0>)
Memory status after this epoch: 
Memory allocated:  20.4833984375
Memory cached:  42.0
	 epoch  10 training error:  tensor(1., device='cuda:0', grad_fn=<DivBackward0>)
Memory status after this epoch: 
Memory allocated:  20.4833984375
Memory cached:  44.0
	 epoch  20 training error:  tensor(1., device='cuda:0', grad_fn=<DivBackward0>)
Memory status after this epoch: 
Memory allocated:  20.4833984375
Memory cached:  44.0
	 epoch  30 training error:  tensor(1., device='cuda:0', grad_fn=<DivBackward0>)
Memory status after this epoch: 
Memory allocated:  20.4833984375
Memory cached:  44.0
	 epoch  40 training error:  tensor(1., device='cuda:0', grad_fn=<DivBackward0>)
Memory status after this epoch: 
Memory allocated:  20.4833984375
Memory cached:  44.0
	 epoch  50 training error:  tensor(1., device='cuda:0', grad_fn=<DivBackward0>)
Memory status after this epoch: 
Memory allocated:  20.4833984375
Memory cached:  44.0
	 epoch  60 training error:  tensor(1., device='cuda:0', grad_fn=<DivBackward0>)
Memory status after this epoch: 
Memory allocated:  20.4833984375
Memory cached:  44.0
	 epoch  70 training error:  tensor(1., device='cuda:0', grad_fn=<DivBackward0>)
Memory status after this epoch: 
Memory allocated:  20.4833984375
Memory cached:  44.0
	 epoch  80 training error:  tensor(1., device='cuda:0', grad_fn=<DivBackward0>)
Memory status after this epoch: 
Memory allocated:  20.4833984375
Memory cached:  44.0
	 epoch  90 training error:  tensor(1., device='cuda:0', grad_fn=<DivBackward0>)
Memory status after this epoch: 
Memory allocated:  20.4833984375
Memory cached:  44.0
[I 2023-11-22 09:51:14,101] Trial 39 finished with value: 1.0 and parameters: {'W_layers': 3, 'W_layer_units_exponent_0': 10, 'W_layer_units_exponent_1': 10, 'W_layer_units_exponent_2': 5, 'D_layers': 7, 'D_layer_units_exponent_0': 5, 'D_layer_units_exponent_1': 8, 'D_layer_units_exponent_2': 10, 'D_layer_units_exponent_3': 7, 'D_layer_units_exponent_4': 5, 'D_layer_units_exponent_5': 9, 'D_layer_units_exponent_6': 9, 'D_dagger_layers': 5, 'D_dagger_layer_units_exponent_0': 8, 'D_dagger_layer_units_exponent_1': 5, 'D_dagger_layer_units_exponent_2': 9, 'D_dagger_layer_units_exponent_3': 6, 'D_dagger_layer_units_exponent_4': 8, 'log_learning_rate': -2.307431591721756, 'log_learning_rate_D': -1.136594852644579, 'log_learning_rate_D_dagger': -3.3636381226712952, 'training_batch_size': 7, 'training_p': 3}. Best is trial 27 with value: 0.06352072954177856.
Time for this trial:  16.474284648895264
Memory status after this trial: 
Memory allocated:  133.7451171875
Memory cached:  160.0
--------------------  Trial  40   --------------------
Start timing: 
Parameters: 
{'W_layers': 5, 'W_layer_units_exponent_0': 5, 'W_layer_units_exponent_1': 9, 'W_layer_units_exponent_2': 8, 'W_layer_units_exponent_3': 4, 'W_layer_units_exponent_4': 4, 'D_layers': 6, 'D_layer_units_exponent_0': 4, 'D_layer_units_exponent_1': 7, 'D_layer_units_exponent_2': 6, 'D_layer_units_exponent_3': 5, 'D_layer_units_exponent_4': 8, 'D_layer_units_exponent_5': 8, 'D_dagger_layers': 3, 'D_dagger_layer_units_exponent_0': 10, 'D_dagger_layer_units_exponent_1': 9, 'D_dagger_layer_units_exponent_2': 8, 'log_learning_rate': -3.1225875128135168, 'log_learning_rate_D': -1.8889657527825148, 'log_learning_rate_D_dagger': -2.5082902659484727, 'training_batch_size': 8, 'training_p': 8}
	 epoch  0 training error:  tensor(1.1773, device='cuda:0', grad_fn=<DivBackward0>)
Memory status after this epoch: 
Memory allocated:  13.06396484375
Memory cached:  26.0
	 epoch  10 training error:  tensor(0.8579, device='cuda:0', grad_fn=<DivBackward0>)
Memory status after this epoch: 
Memory allocated:  13.06396484375
Memory cached:  28.0
	 epoch  20 training error:  tensor(0.3192, device='cuda:0', grad_fn=<DivBackward0>)
Memory status after this epoch: 
Memory allocated:  13.06396484375
Memory cached:  28.0
	 epoch  30 training error:  tensor(0.2362, device='cuda:0', grad_fn=<DivBackward0>)
Memory status after this epoch: 
Memory allocated:  13.06396484375
Memory cached:  28.0
	 epoch  40 training error:  tensor(0.1156, device='cuda:0', grad_fn=<DivBackward0>)
Memory status after this epoch: 
Memory allocated:  13.06396484375
Memory cached:  28.0
	 epoch  50 training error:  tensor(0.1096, device='cuda:0', grad_fn=<DivBackward0>)
Memory status after this epoch: 
Memory allocated:  13.06396484375
Memory cached:  28.0
	 epoch  60 training error:  tensor(0.0962, device='cuda:0', grad_fn=<DivBackward0>)
Memory status after this epoch: 
Memory allocated:  13.06396484375
Memory cached:  28.0
	 epoch  70 training error:  tensor(0.1165, device='cuda:0', grad_fn=<DivBackward0>)
Memory status after this epoch: 
Memory allocated:  13.06396484375
Memory cached:  28.0
	 epoch  80 training error:  tensor(0.0912, device='cuda:0', grad_fn=<DivBackward0>)
Memory status after this epoch: 
Memory allocated:  13.06396484375
Memory cached:  28.0
	 epoch  90 training error:  tensor(0.0934, device='cuda:0', grad_fn=<DivBackward0>)
Memory status after this epoch: 
Memory allocated:  13.06396484375
Memory cached:  28.0
[I 2023-11-22 09:51:30,475] Trial 40 finished with value: 0.07388703525066376 and parameters: {'W_layers': 5, 'W_layer_units_exponent_0': 5, 'W_layer_units_exponent_1': 9, 'W_layer_units_exponent_2': 8, 'W_layer_units_exponent_3': 4, 'W_layer_units_exponent_4': 4, 'D_layers': 6, 'D_layer_units_exponent_0': 4, 'D_layer_units_exponent_1': 7, 'D_layer_units_exponent_2': 6, 'D_layer_units_exponent_3': 5, 'D_layer_units_exponent_4': 8, 'D_layer_units_exponent_5': 8, 'D_dagger_layers': 3, 'D_dagger_layer_units_exponent_0': 10, 'D_dagger_layer_units_exponent_1': 9, 'D_dagger_layer_units_exponent_2': 8, 'log_learning_rate': -3.1225875128135168, 'log_learning_rate_D': -1.8889657527825148, 'log_learning_rate_D_dagger': -2.5082902659484727, 'training_batch_size': 8, 'training_p': 8}. Best is trial 27 with value: 0.06352072954177856.
Time for this trial:  16.17019534111023
Memory status after this trial: 
Memory allocated:  107.89453125
Memory cached:  126.0
--------------------  Trial  41   --------------------
Start timing: 
Parameters: 
{'W_layers': 5, 'W_layer_units_exponent_0': 6, 'W_layer_units_exponent_1': 9, 'W_layer_units_exponent_2': 9, 'W_layer_units_exponent_3': 5, 'W_layer_units_exponent_4': 6, 'D_layers': 8, 'D_layer_units_exponent_0': 4, 'D_layer_units_exponent_1': 9, 'D_layer_units_exponent_2': 9, 'D_layer_units_exponent_3': 10, 'D_layer_units_exponent_4': 5, 'D_layer_units_exponent_5': 8, 'D_layer_units_exponent_6': 10, 'D_layer_units_exponent_7': 9, 'D_dagger_layers': 4, 'D_dagger_layer_units_exponent_0': 9, 'D_dagger_layer_units_exponent_1': 10, 'D_dagger_layer_units_exponent_2': 7, 'D_dagger_layer_units_exponent_3': 4, 'log_learning_rate': -1.7946653858525619, 'log_learning_rate_D': -1.7082656917553327, 'log_learning_rate_D_dagger': -3.277105348080646, 'training_batch_size': 8, 'training_p': 6}
	 epoch  0 training error:  tensor(0.9642, device='cuda:0', grad_fn=<DivBackward0>)
Memory status after this epoch: 
Memory allocated:  21.61376953125
Memory cached:  48.0
	 epoch  10 training error:  tensor(0.2242, device='cuda:0', grad_fn=<DivBackward0>)
Memory status after this epoch: 
Memory allocated:  21.61376953125
Memory cached:  50.0
	 epoch  20 training error:  tensor(0.1915, device='cuda:0', grad_fn=<DivBackward0>)
Memory status after this epoch: 
Memory allocated:  21.61376953125
Memory cached:  50.0
	 epoch  30 training error:  tensor(0.1326, device='cuda:0', grad_fn=<DivBackward0>)
Memory status after this epoch: 
Memory allocated:  21.61376953125
Memory cached:  50.0
	 epoch  40 training error:  tensor(0.0921, device='cuda:0', grad_fn=<DivBackward0>)
Memory status after this epoch: 
Memory allocated:  21.61376953125
Memory cached:  50.0
	 epoch  50 training error:  tensor(0.0946, device='cuda:0', grad_fn=<DivBackward0>)
Memory status after this epoch: 
Memory allocated:  21.61376953125
Memory cached:  50.0
	 epoch  60 training error:  tensor(0.0879, device='cuda:0', grad_fn=<DivBackward0>)
Memory status after this epoch: 
Memory allocated:  21.61376953125
Memory cached:  52.0
	 epoch  70 training error:  tensor(0.0920, device='cuda:0', grad_fn=<DivBackward0>)
Memory status after this epoch: 
Memory allocated:  21.61376953125
Memory cached:  50.0
	 epoch  80 training error:  tensor(0.0837, device='cuda:0', grad_fn=<DivBackward0>)
Memory status after this epoch: 
Memory allocated:  21.61376953125
Memory cached:  50.0
	 epoch  90 training error:  tensor(0.0817, device='cuda:0', grad_fn=<DivBackward0>)
Memory status after this epoch: 
Memory allocated:  21.61376953125
Memory cached:  50.0
[I 2023-11-22 09:51:47,459] Trial 41 finished with value: 0.075384221971035 and parameters: {'W_layers': 5, 'W_layer_units_exponent_0': 6, 'W_layer_units_exponent_1': 9, 'W_layer_units_exponent_2': 9, 'W_layer_units_exponent_3': 5, 'W_layer_units_exponent_4': 6, 'D_layers': 8, 'D_layer_units_exponent_0': 4, 'D_layer_units_exponent_1': 9, 'D_layer_units_exponent_2': 9, 'D_layer_units_exponent_3': 10, 'D_layer_units_exponent_4': 5, 'D_layer_units_exponent_5': 8, 'D_layer_units_exponent_6': 10, 'D_layer_units_exponent_7': 9, 'D_dagger_layers': 4, 'D_dagger_layer_units_exponent_0': 9, 'D_dagger_layer_units_exponent_1': 10, 'D_dagger_layer_units_exponent_2': 7, 'D_dagger_layer_units_exponent_3': 4, 'log_learning_rate': -1.7946653858525619, 'log_learning_rate_D': -1.7082656917553327, 'log_learning_rate_D_dagger': -3.277105348080646, 'training_batch_size': 8, 'training_p': 6}. Best is trial 27 with value: 0.06352072954177856.
Time for this trial:  16.767211198806763
Memory status after this trial: 
Memory allocated:  119.138671875
Memory cached:  136.0
--------------------  Trial  42   --------------------
Start timing: 
Parameters: 
{'W_layers': 4, 'W_layer_units_exponent_0': 7, 'W_layer_units_exponent_1': 10, 'W_layer_units_exponent_2': 9, 'W_layer_units_exponent_3': 6, 'D_layers': 8, 'D_layer_units_exponent_0': 6, 'D_layer_units_exponent_1': 10, 'D_layer_units_exponent_2': 10, 'D_layer_units_exponent_3': 8, 'D_layer_units_exponent_4': 4, 'D_layer_units_exponent_5': 9, 'D_layer_units_exponent_6': 8, 'D_layer_units_exponent_7': 9, 'D_dagger_layers': 4, 'D_dagger_layer_units_exponent_0': 9, 'D_dagger_layer_units_exponent_1': 10, 'D_dagger_layer_units_exponent_2': 9, 'D_dagger_layer_units_exponent_3': 5, 'log_learning_rate': -2.0020885674989355, 'log_learning_rate_D': -1.3112730381265039, 'log_learning_rate_D_dagger': -2.917136361144186, 'training_batch_size': 7, 'training_p': 6}
	 epoch  0 training error:  tensor(0.9998, device='cuda:0', grad_fn=<DivBackward0>)
Memory status after this epoch: 
Memory allocated:  33.71826171875
Memory cached:  58.0
	 epoch  10 training error:  tensor(1., device='cuda:0', grad_fn=<DivBackward0>)
Memory status after this epoch: 
Memory allocated:  33.71826171875
Memory cached:  58.0
	 epoch  20 training error:  tensor(1., device='cuda:0', grad_fn=<DivBackward0>)
Memory status after this epoch: 
Memory allocated:  33.71826171875
Memory cached:  58.0
	 epoch  30 training error:  tensor(1., device='cuda:0', grad_fn=<DivBackward0>)
Memory status after this epoch: 
Memory allocated:  33.71826171875
Memory cached:  58.0
	 epoch  40 training error:  tensor(1., device='cuda:0', grad_fn=<DivBackward0>)
Memory status after this epoch: 
Memory allocated:  33.71826171875
Memory cached:  58.0
	 epoch  50 training error:  tensor(1., device='cuda:0', grad_fn=<DivBackward0>)
Memory status after this epoch: 
Memory allocated:  33.71826171875
Memory cached:  58.0
	 epoch  60 training error:  tensor(1., device='cuda:0', grad_fn=<DivBackward0>)
Memory status after this epoch: 
Memory allocated:  33.71826171875
Memory cached:  58.0
	 epoch  70 training error:  tensor(1., device='cuda:0', grad_fn=<DivBackward0>)
Memory status after this epoch: 
Memory allocated:  33.71826171875
Memory cached:  58.0
	 epoch  80 training error:  tensor(1., device='cuda:0', grad_fn=<DivBackward0>)
Memory status after this epoch: 
Memory allocated:  33.71826171875
Memory cached:  58.0
	 epoch  90 training error:  tensor(1., device='cuda:0', grad_fn=<DivBackward0>)
Memory status after this epoch: 
Memory allocated:  33.71826171875
Memory cached:  58.0
[I 2023-11-22 09:52:04,303] Trial 42 finished with value: 1.0 and parameters: {'W_layers': 4, 'W_layer_units_exponent_0': 7, 'W_layer_units_exponent_1': 10, 'W_layer_units_exponent_2': 9, 'W_layer_units_exponent_3': 6, 'D_layers': 8, 'D_layer_units_exponent_0': 6, 'D_layer_units_exponent_1': 10, 'D_layer_units_exponent_2': 10, 'D_layer_units_exponent_3': 8, 'D_layer_units_exponent_4': 4, 'D_layer_units_exponent_5': 9, 'D_layer_units_exponent_6': 8, 'D_layer_units_exponent_7': 9, 'D_dagger_layers': 4, 'D_dagger_layer_units_exponent_0': 9, 'D_dagger_layer_units_exponent_1': 10, 'D_dagger_layer_units_exponent_2': 9, 'D_dagger_layer_units_exponent_3': 5, 'log_learning_rate': -2.0020885674989355, 'log_learning_rate_D': -1.3112730381265039, 'log_learning_rate_D_dagger': -2.917136361144186, 'training_batch_size': 7, 'training_p': 6}. Best is trial 27 with value: 0.06352072954177856.
Time for this trial:  16.634033918380737
Memory status after this trial: 
Memory allocated:  162.1083984375
Memory cached:  188.0
--------------------  Trial  43   --------------------
Start timing: 
Parameters: 
{'W_layers': 6, 'W_layer_units_exponent_0': 6, 'W_layer_units_exponent_1': 10, 'W_layer_units_exponent_2': 10, 'W_layer_units_exponent_3': 5, 'W_layer_units_exponent_4': 10, 'W_layer_units_exponent_5': 4, 'D_layers': 7, 'D_layer_units_exponent_0': 8, 'D_layer_units_exponent_1': 10, 'D_layer_units_exponent_2': 5, 'D_layer_units_exponent_3': 6, 'D_layer_units_exponent_4': 7, 'D_layer_units_exponent_5': 8, 'D_layer_units_exponent_6': 9, 'D_dagger_layers': 4, 'D_dagger_layer_units_exponent_0': 10, 'D_dagger_layer_units_exponent_1': 10, 'D_dagger_layer_units_exponent_2': 10, 'D_dagger_layer_units_exponent_3': 6, 'log_learning_rate': -2.1128678878593807, 'log_learning_rate_D': -1.6015580692169968, 'log_learning_rate_D_dagger': -3.5764305264944585, 'training_batch_size': 6, 'training_p': 7}
	 epoch  0 training error:  tensor(0.9271, device='cuda:0', grad_fn=<DivBackward0>)
Memory status after this epoch: 
Memory allocated:  53.3076171875
Memory cached:  60.0
	 epoch  10 training error:  tensor(0.2071, device='cuda:0', grad_fn=<DivBackward0>)
Memory status after this epoch: 
Memory allocated:  53.3076171875
Memory cached:  64.0
	 epoch  20 training error:  tensor(0.1232, device='cuda:0', grad_fn=<DivBackward0>)
Memory status after this epoch: 
Memory allocated:  53.3076171875
Memory cached:  62.0
	 epoch  30 training error:  tensor(0.0916, device='cuda:0', grad_fn=<DivBackward0>)
Memory status after this epoch: 
Memory allocated:  53.3076171875
Memory cached:  60.0
	 epoch  40 training error:  tensor(0.1173, device='cuda:0', grad_fn=<DivBackward0>)
Memory status after this epoch: 
Memory allocated:  53.3076171875
Memory cached:  62.0
	 epoch  50 training error:  tensor(0.1179, device='cuda:0', grad_fn=<DivBackward0>)
Memory status after this epoch: 
Memory allocated:  53.3076171875
Memory cached:  62.0
	 epoch  60 training error:  tensor(0.0960, device='cuda:0', grad_fn=<DivBackward0>)
Memory status after this epoch: 
Memory allocated:  53.3076171875
Memory cached:  64.0
	 epoch  70 training error:  tensor(0.0961, device='cuda:0', grad_fn=<DivBackward0>)
Memory status after this epoch: 
Memory allocated:  53.3076171875
Memory cached:  62.0
	 epoch  80 training error:  tensor(0.0988, device='cuda:0', grad_fn=<DivBackward0>)
Memory status after this epoch: 
Memory allocated:  53.3076171875
Memory cached:  60.0
	 epoch  90 training error:  tensor(0.0949, device='cuda:0', grad_fn=<DivBackward0>)
Memory status after this epoch: 
Memory allocated:  53.3076171875
Memory cached:  60.0
[I 2023-11-22 09:52:26,846] Trial 43 finished with value: 0.09297534078359604 and parameters: {'W_layers': 6, 'W_layer_units_exponent_0': 6, 'W_layer_units_exponent_1': 10, 'W_layer_units_exponent_2': 10, 'W_layer_units_exponent_3': 5, 'W_layer_units_exponent_4': 10, 'W_layer_units_exponent_5': 4, 'D_layers': 7, 'D_layer_units_exponent_0': 8, 'D_layer_units_exponent_1': 10, 'D_layer_units_exponent_2': 5, 'D_layer_units_exponent_3': 6, 'D_layer_units_exponent_4': 7, 'D_layer_units_exponent_5': 8, 'D_layer_units_exponent_6': 9, 'D_dagger_layers': 4, 'D_dagger_layer_units_exponent_0': 10, 'D_dagger_layer_units_exponent_1': 10, 'D_dagger_layer_units_exponent_2': 10, 'D_dagger_layer_units_exponent_3': 6, 'log_learning_rate': -2.1128678878593807, 'log_learning_rate_D': -1.6015580692169968, 'log_learning_rate_D_dagger': -3.5764305264944585, 'training_batch_size': 6, 'training_p': 7}. Best is trial 27 with value: 0.06352072954177856.
Time for this trial:  22.33062195777893
Memory status after this trial: 
Memory allocated:  268.8486328125
Memory cached:  346.0
--------------------  Trial  44   --------------------
Start timing: 
Parameters: 
{'W_layers': 4, 'W_layer_units_exponent_0': 5, 'W_layer_units_exponent_1': 6, 'W_layer_units_exponent_2': 10, 'W_layer_units_exponent_3': 6, 'D_layers': 8, 'D_layer_units_exponent_0': 9, 'D_layer_units_exponent_1': 9, 'D_layer_units_exponent_2': 10, 'D_layer_units_exponent_3': 9, 'D_layer_units_exponent_4': 5, 'D_layer_units_exponent_5': 9, 'D_layer_units_exponent_6': 9, 'D_layer_units_exponent_7': 10, 'D_dagger_layers': 4, 'D_dagger_layer_units_exponent_0': 9, 'D_dagger_layer_units_exponent_1': 10, 'D_dagger_layer_units_exponent_2': 10, 'D_dagger_layer_units_exponent_3': 4, 'log_learning_rate': -1.7854588087646979, 'log_learning_rate_D': -2.147383482903718, 'log_learning_rate_D_dagger': -3.33313865790484, 'training_batch_size': 8, 'training_p': 6}
	 epoch  0 training error:  tensor(0.9190, device='cuda:0', grad_fn=<DivBackward0>)
Memory status after this epoch: 
Memory allocated:  34.6630859375
Memory cached:  62.0
	 epoch  10 training error:  tensor(0.1954, device='cuda:0', grad_fn=<DivBackward0>)
Memory status after this epoch: 
Memory allocated:  34.6630859375
Memory cached:  64.0
	 epoch  20 training error:  tensor(0.0902, device='cuda:0', grad_fn=<DivBackward0>)
Memory status after this epoch: 
Memory allocated:  34.6630859375
Memory cached:  62.0
	 epoch  30 training error:  tensor(0.0835, device='cuda:0', grad_fn=<DivBackward0>)
Memory status after this epoch: 
Memory allocated:  34.6630859375
Memory cached:  62.0
	 epoch  40 training error:  tensor(0.1140, device='cuda:0', grad_fn=<DivBackward0>)
Memory status after this epoch: 
Memory allocated:  34.6630859375
Memory cached:  62.0
	 epoch  50 training error:  tensor(0.0890, device='cuda:0', grad_fn=<DivBackward0>)
Memory status after this epoch: 
Memory allocated:  34.6630859375
Memory cached:  62.0
	 epoch  60 training error:  tensor(0.1104, device='cuda:0', grad_fn=<DivBackward0>)
Memory status after this epoch: 
Memory allocated:  34.6630859375
Memory cached:  62.0
	 epoch  70 training error:  tensor(0.0881, device='cuda:0', grad_fn=<DivBackward0>)
Memory status after this epoch: 
Memory allocated:  34.6630859375
Memory cached:  62.0
	 epoch  80 training error:  tensor(0.0888, device='cuda:0', grad_fn=<DivBackward0>)
Memory status after this epoch: 
Memory allocated:  34.6630859375
Memory cached:  62.0
	 epoch  90 training error:  tensor(0.0910, device='cuda:0', grad_fn=<DivBackward0>)
Memory status after this epoch: 
Memory allocated:  34.6630859375
Memory cached:  62.0
