[I 2023-11-29 04:18:12,321] Trial 34 finished with value: 4.965824127197266 and parameters: {'W_layers': 3, 'W_layer_units_exponent_0': 6, 'W_layer_units_exponent_1': 8, 'W_layer_units_exponent_2': 6, 'D_layers': 4, 'D_layer_units_exponent_0': 5, 'D_layer_units_exponent_1': 6, 'D_layer_units_exponent_2': 5, 'D_layer_units_exponent_3': 7, 'D_dagger_layers': 5, 'D_dagger_layer_units_exponent_0': 5, 'D_dagger_layer_units_exponent_1': 10, 'D_dagger_layer_units_exponent_2': 10, 'D_dagger_layer_units_exponent_3': 8, 'D_dagger_layer_units_exponent_4': 10, 'log_learning_rate': -3.4471931327992364, 'log_learning_rate_D': -3.4820211864093533, 'log_learning_rate_D_dagger': -2.752887644500441, 'training_batch_size': 9, 'training_p': 4}. Best is trial 8 with value: 1.0.
Time for this trial:  264.9187285900116
Memory status after this trial: 
Memory allocated:  230.31396484375
Memory cached:  250.0
--------------------  Trial  35   --------------------
Start timing: 
Parameters: 
{'W_layers': 4, 'W_layer_units_exponent_0': 7, 'W_layer_units_exponent_1': 9, 'W_layer_units_exponent_2': 6, 'W_layer_units_exponent_3': 10, 'D_layers': 4, 'D_layer_units_exponent_0': 4, 'D_layer_units_exponent_1': 8, 'D_layer_units_exponent_2': 4, 'D_layer_units_exponent_3': 7, 'D_dagger_layers': 4, 'D_dagger_layer_units_exponent_0': 4, 'D_dagger_layer_units_exponent_1': 7, 'D_dagger_layer_units_exponent_2': 9, 'D_dagger_layer_units_exponent_3': 10, 'log_learning_rate': -2.812998378356313, 'log_learning_rate_D': -3.433165587602618, 'log_learning_rate_D_dagger': -2.4952747481915796, 'training_batch_size': 11, 'training_p': 5}
	 epoch  0 training error:  tensor(5.4910, device='cuda:0', grad_fn=<DivBackward0>)
Memory status after this epoch: 
Memory allocated:  12.07666015625
Memory cached:  188.0
	 epoch  10 training error:  tensor(1.7008, device='cuda:0', grad_fn=<DivBackward0>)
Memory status after this epoch: 
Memory allocated:  12.07666015625
Memory cached:  318.0
	 epoch  20 training error:  tensor(1., device='cuda:0', grad_fn=<DivBackward0>)
Memory status after this epoch: 
Memory allocated:  12.07666015625
Memory cached:  320.0
	 epoch  30 training error:  tensor(1., device='cuda:0', grad_fn=<DivBackward0>)
Memory status after this epoch: 
Memory allocated:  12.07666015625
Memory cached:  308.0
	 epoch  40 training error:  tensor(1., device='cuda:0', grad_fn=<DivBackward0>)
Memory status after this epoch: 
Memory allocated:  12.07666015625
Memory cached:  304.0
	 epoch  50 training error:  tensor(1., device='cuda:0', grad_fn=<DivBackward0>)
Memory status after this epoch: 
Memory allocated:  12.07666015625
Memory cached:  308.0
	 epoch  60 training error:  tensor(1., device='cuda:0', grad_fn=<DivBackward0>)
Memory status after this epoch: 
Memory allocated:  12.07666015625
Memory cached:  310.0
	 epoch  70 training error:  tensor(1., device='cuda:0', grad_fn=<DivBackward0>)
Memory status after this epoch: 
Memory allocated:  12.07666015625
Memory cached:  306.0
	 epoch  80 training error:  tensor(1., device='cuda:0', grad_fn=<DivBackward0>)
Memory status after this epoch: 
Memory allocated:  12.07666015625
Memory cached:  316.0
	 epoch  90 training error:  tensor(1., device='cuda:0', grad_fn=<DivBackward0>)
Memory status after this epoch: 
Memory allocated:  12.07666015625
Memory cached:  314.0
[I 2023-11-29 04:22:38,217] Trial 35 finished with value: 1.0 and parameters: {'W_layers': 4, 'W_layer_units_exponent_0': 7, 'W_layer_units_exponent_1': 9, 'W_layer_units_exponent_2': 6, 'W_layer_units_exponent_3': 10, 'D_layers': 4, 'D_layer_units_exponent_0': 4, 'D_layer_units_exponent_1': 8, 'D_layer_units_exponent_2': 4, 'D_layer_units_exponent_3': 7, 'D_dagger_layers': 4, 'D_dagger_layer_units_exponent_0': 4, 'D_dagger_layer_units_exponent_1': 7, 'D_dagger_layer_units_exponent_2': 9, 'D_dagger_layer_units_exponent_3': 10, 'log_learning_rate': -2.812998378356313, 'log_learning_rate_D': -3.433165587602618, 'log_learning_rate_D_dagger': -2.4952747481915796, 'training_batch_size': 11, 'training_p': 5}. Best is trial 8 with value: 1.0.
Time for this trial:  265.64852643013
Memory status after this trial: 
Memory allocated:  214.42236328125
Memory cached:  250.0
--------------------  Trial  36   --------------------
Start timing: 
Parameters: 
{'W_layers': 2, 'W_layer_units_exponent_0': 7, 'W_layer_units_exponent_1': 7, 'D_layers': 5, 'D_layer_units_exponent_0': 4, 'D_layer_units_exponent_1': 6, 'D_layer_units_exponent_2': 6, 'D_layer_units_exponent_3': 9, 'D_layer_units_exponent_4': 8, 'D_dagger_layers': 4, 'D_dagger_layer_units_exponent_0': 6, 'D_dagger_layer_units_exponent_1': 10, 'D_dagger_layer_units_exponent_2': 8, 'D_dagger_layer_units_exponent_3': 9, 'log_learning_rate': -3.1223206381381523, 'log_learning_rate_D': -4.254102422444621, 'log_learning_rate_D_dagger': -2.1650097589814354, 'training_batch_size': 9, 'training_p': 6}
	 epoch  0 training error:  tensor(6.0530, device='cuda:0', grad_fn=<DivBackward0>)
Memory status after this epoch: 
Memory allocated:  10.1513671875
Memory cached:  140.0
	 epoch  10 training error:  tensor(5.0243, device='cuda:0', grad_fn=<DivBackward0>)
Memory status after this epoch: 
Memory allocated:  10.1513671875
Memory cached:  280.0
	 epoch  20 training error:  tensor(5.2825, device='cuda:0', grad_fn=<DivBackward0>)
Memory status after this epoch: 
Memory allocated:  10.1513671875
Memory cached:  282.0
	 epoch  30 training error:  tensor(6.4855, device='cuda:0', grad_fn=<DivBackward0>)
Memory status after this epoch: 
Memory allocated:  10.1513671875
Memory cached:  278.0
	 epoch  40 training error:  tensor(6.8885, device='cuda:0', grad_fn=<DivBackward0>)
Memory status after this epoch: 
Memory allocated:  10.1513671875
Memory cached:  276.0
	 epoch  50 training error:  tensor(7.0599, device='cuda:0', grad_fn=<DivBackward0>)
Memory status after this epoch: 
Memory allocated:  10.1513671875
Memory cached:  280.0
	 epoch  60 training error:  tensor(7.1050, device='cuda:0', grad_fn=<DivBackward0>)
Memory status after this epoch: 
Memory allocated:  10.1513671875
Memory cached:  276.0
	 epoch  70 training error:  tensor(7.0700, device='cuda:0', grad_fn=<DivBackward0>)
Memory status after this epoch: 
Memory allocated:  10.1513671875
Memory cached:  260.0
	 epoch  80 training error:  tensor(7.0951, device='cuda:0', grad_fn=<DivBackward0>)
Memory status after this epoch: 
Memory allocated:  10.1513671875
Memory cached:  278.0
	 epoch  90 training error:  tensor(7.1849, device='cuda:0', grad_fn=<DivBackward0>)
Memory status after this epoch: 
Memory allocated:  10.1513671875
Memory cached:  278.0
[I 2023-11-29 04:26:42,042] Trial 36 finished with value: 4.776010990142822 and parameters: {'W_layers': 2, 'W_layer_units_exponent_0': 7, 'W_layer_units_exponent_1': 7, 'D_layers': 5, 'D_layer_units_exponent_0': 4, 'D_layer_units_exponent_1': 6, 'D_layer_units_exponent_2': 6, 'D_layer_units_exponent_3': 9, 'D_layer_units_exponent_4': 8, 'D_dagger_layers': 4, 'D_dagger_layer_units_exponent_0': 6, 'D_dagger_layer_units_exponent_1': 10, 'D_dagger_layer_units_exponent_2': 8, 'D_dagger_layer_units_exponent_3': 9, 'log_learning_rate': -3.1223206381381523, 'log_learning_rate_D': -4.254102422444621, 'log_learning_rate_D_dagger': -2.1650097589814354, 'training_batch_size': 9, 'training_p': 6}. Best is trial 8 with value: 1.0.
Time for this trial:  243.5937898159027
Memory status after this trial: 
Memory allocated:  169.439453125
Memory cached:  210.0
--------------------  Trial  37   --------------------
Start timing: 
Parameters: 
{'W_layers': 5, 'W_layer_units_exponent_0': 10, 'W_layer_units_exponent_1': 9, 'W_layer_units_exponent_2': 7, 'W_layer_units_exponent_3': 6, 'W_layer_units_exponent_4': 8, 'D_layers': 3, 'D_layer_units_exponent_0': 5, 'D_layer_units_exponent_1': 8, 'D_layer_units_exponent_2': 5, 'D_dagger_layers': 3, 'D_dagger_layer_units_exponent_0': 5, 'D_dagger_layer_units_exponent_1': 8, 'D_dagger_layer_units_exponent_2': 7, 'log_learning_rate': -2.5368483504082517, 'log_learning_rate_D': -3.9576855485915603, 'log_learning_rate_D_dagger': -1.7458256028278991, 'training_batch_size': 11, 'training_p': 4}
	 epoch  0 training error:  tensor(2.0626, device='cuda:0', grad_fn=<DivBackward0>)
Memory status after this epoch: 
Memory allocated:  10.5654296875
Memory cached:  156.0
	 epoch  10 training error:  tensor(1., device='cuda:0', grad_fn=<DivBackward0>)
Memory status after this epoch: 
Memory allocated:  10.5654296875
Memory cached:  246.0
	 epoch  20 training error:  tensor(1., device='cuda:0', grad_fn=<DivBackward0>)
Memory status after this epoch: 
Memory allocated:  10.5654296875
Memory cached:  256.0
	 epoch  30 training error:  tensor(1., device='cuda:0', grad_fn=<DivBackward0>)
Memory status after this epoch: 
Memory allocated:  10.5654296875
Memory cached:  250.0
	 epoch  40 training error:  tensor(1., device='cuda:0', grad_fn=<DivBackward0>)
Memory status after this epoch: 
Memory allocated:  10.5654296875
Memory cached:  262.0
	 epoch  50 training error:  tensor(1., device='cuda:0', grad_fn=<DivBackward0>)
Memory status after this epoch: 
Memory allocated:  10.5654296875
Memory cached:  254.0
	 epoch  60 training error:  tensor(1., device='cuda:0', grad_fn=<DivBackward0>)
Memory status after this epoch: 
Memory allocated:  10.5654296875
Memory cached:  246.0
	 epoch  70 training error:  tensor(1., device='cuda:0', grad_fn=<DivBackward0>)
Memory status after this epoch: 
Memory allocated:  10.5654296875
Memory cached:  258.0
	 epoch  80 training error:  tensor(1., device='cuda:0', grad_fn=<DivBackward0>)
Memory status after this epoch: 
Memory allocated:  10.5654296875
Memory cached:  258.0
	 epoch  90 training error:  tensor(1., device='cuda:0', grad_fn=<DivBackward0>)
Memory status after this epoch: 
Memory allocated:  10.5654296875
Memory cached:  270.0
[I 2023-11-29 04:30:45,973] Trial 37 finished with value: 1.0049494504928589 and parameters: {'W_layers': 5, 'W_layer_units_exponent_0': 10, 'W_layer_units_exponent_1': 9, 'W_layer_units_exponent_2': 7, 'W_layer_units_exponent_3': 6, 'W_layer_units_exponent_4': 8, 'D_layers': 3, 'D_layer_units_exponent_0': 5, 'D_layer_units_exponent_1': 8, 'D_layer_units_exponent_2': 5, 'D_dagger_layers': 3, 'D_dagger_layer_units_exponent_0': 5, 'D_dagger_layer_units_exponent_1': 8, 'D_dagger_layer_units_exponent_2': 7, 'log_learning_rate': -2.5368483504082517, 'log_learning_rate_D': -3.9576855485915603, 'log_learning_rate_D_dagger': -1.7458256028278991, 'training_batch_size': 11, 'training_p': 4}. Best is trial 8 with value: 1.0.
Time for this trial:  243.70708537101746
Memory status after this trial: 
Memory allocated:  153.36669921875
Memory cached:  198.0
--------------------  Trial  38   --------------------
Start timing: 
Parameters: 
{'W_layers': 6, 'W_layer_units_exponent_0': 5, 'W_layer_units_exponent_1': 8, 'W_layer_units_exponent_2': 5, 'W_layer_units_exponent_3': 8, 'W_layer_units_exponent_4': 6, 'W_layer_units_exponent_5': 8, 'D_layers': 5, 'D_layer_units_exponent_0': 6, 'D_layer_units_exponent_1': 7, 'D_layer_units_exponent_2': 8, 'D_layer_units_exponent_3': 8, 'D_layer_units_exponent_4': 4, 'D_dagger_layers': 6, 'D_dagger_layer_units_exponent_0': 4, 'D_dagger_layer_units_exponent_1': 9, 'D_dagger_layer_units_exponent_2': 10, 'D_dagger_layer_units_exponent_3': 8, 'D_dagger_layer_units_exponent_4': 6, 'D_dagger_layer_units_exponent_5': 6, 'log_learning_rate': -3.3465929506613707, 'log_learning_rate_D': -2.790113246199416, 'log_learning_rate_D_dagger': -1.5006174979865912, 'training_batch_size': 10, 'training_p': 3}
	 epoch  0 training error:  tensor(8.4086, device='cuda:0', grad_fn=<DivBackward0>)
Memory status after this epoch: 
Memory allocated:  15.3662109375
Memory cached:  168.0
	 epoch  10 training error:  tensor(5.8304, device='cuda:0', grad_fn=<DivBackward0>)
Memory status after this epoch: 
Memory allocated:  15.3662109375
Memory cached:  296.0
	 epoch  20 training error:  tensor(5.4365, device='cuda:0', grad_fn=<DivBackward0>)
Memory status after this epoch: 
Memory allocated:  15.3662109375
Memory cached:  304.0
	 epoch  30 training error:  tensor(4.3593, device='cuda:0', grad_fn=<DivBackward0>)
Memory status after this epoch: 
Memory allocated:  15.3662109375
Memory cached:  304.0
	 epoch  40 training error:  tensor(4.2773, device='cuda:0', grad_fn=<DivBackward0>)
Memory status after this epoch: 
Memory allocated:  15.3662109375
Memory cached:  300.0
	 epoch  50 training error:  tensor(4.4331, device='cuda:0', grad_fn=<DivBackward0>)
Memory status after this epoch: 
Memory allocated:  15.3662109375
Memory cached:  286.0
	 epoch  60 training error:  tensor(4.4351, device='cuda:0', grad_fn=<DivBackward0>)
Memory status after this epoch: 
Memory allocated:  15.3662109375
Memory cached:  286.0
	 epoch  70 training error:  tensor(4.4514, device='cuda:0', grad_fn=<DivBackward0>)
Memory status after this epoch: 
Memory allocated:  15.3662109375
Memory cached:  302.0
	 epoch  80 training error:  tensor(4.4546, device='cuda:0', grad_fn=<DivBackward0>)
Memory status after this epoch: 
Memory allocated:  15.3662109375
Memory cached:  298.0
	 epoch  90 training error:  tensor(4.6274, device='cuda:0', grad_fn=<DivBackward0>)
Memory status after this epoch: 
Memory allocated:  15.3662109375
Memory cached:  290.0
[I 2023-11-29 04:36:19,806] Trial 38 finished with value: 5.556926727294922 and parameters: {'W_layers': 6, 'W_layer_units_exponent_0': 5, 'W_layer_units_exponent_1': 8, 'W_layer_units_exponent_2': 5, 'W_layer_units_exponent_3': 8, 'W_layer_units_exponent_4': 6, 'W_layer_units_exponent_5': 8, 'D_layers': 5, 'D_layer_units_exponent_0': 6, 'D_layer_units_exponent_1': 7, 'D_layer_units_exponent_2': 8, 'D_layer_units_exponent_3': 8, 'D_layer_units_exponent_4': 4, 'D_dagger_layers': 6, 'D_dagger_layer_units_exponent_0': 4, 'D_dagger_layer_units_exponent_1': 9, 'D_dagger_layer_units_exponent_2': 10, 'D_dagger_layer_units_exponent_3': 8, 'D_dagger_layer_units_exponent_4': 6, 'D_dagger_layer_units_exponent_5': 6, 'log_learning_rate': -3.3465929506613707, 'log_learning_rate_D': -2.790113246199416, 'log_learning_rate_D_dagger': -1.5006174979865912, 'training_batch_size': 10, 'training_p': 3}. Best is trial 8 with value: 1.0.
Time for this trial:  333.5513150691986
Memory status after this trial: 
Memory allocated:  201.2060546875
Memory cached:  222.0
--------------------  Trial  39   --------------------
Start timing: 
Parameters: 
{'W_layers': 3, 'W_layer_units_exponent_0': 6, 'W_layer_units_exponent_1': 6, 'W_layer_units_exponent_2': 8, 'D_layers': 4, 'D_layer_units_exponent_0': 5, 'D_layer_units_exponent_1': 5, 'D_layer_units_exponent_2': 7, 'D_layer_units_exponent_3': 5, 'D_dagger_layers': 4, 'D_dagger_layer_units_exponent_0': 6, 'D_dagger_layer_units_exponent_1': 7, 'D_dagger_layer_units_exponent_2': 9, 'D_dagger_layer_units_exponent_3': 6, 'log_learning_rate': -3.8736851030057533, 'log_learning_rate_D': -3.1666589544252206, 'log_learning_rate_D_dagger': -1.8380042547275268, 'training_batch_size': 8, 'training_p': 5}
	 epoch  0 training error:  tensor(5.8928, device='cuda:0', grad_fn=<DivBackward0>)
Memory status after this epoch: 
Memory allocated:  2.3203125
Memory cached:  110.0
	 epoch  10 training error:  tensor(4.2105, device='cuda:0', grad_fn=<DivBackward0>)
Memory status after this epoch: 
Memory allocated:  2.3203125
Memory cached:  160.0
	 epoch  20 training error:  tensor(2.3300, device='cuda:0', grad_fn=<DivBackward0>)
Memory status after this epoch: 
Memory allocated:  2.3203125
Memory cached:  166.0
	 epoch  30 training error:  tensor(2.0646, device='cuda:0', grad_fn=<DivBackward0>)
Memory status after this epoch: 
Memory allocated:  2.3203125
Memory cached:  162.0
	 epoch  40 training error:  tensor(2.0597, device='cuda:0', grad_fn=<DivBackward0>)
Memory status after this epoch: 
Memory allocated:  2.3203125
Memory cached:  166.0
	 epoch  50 training error:  tensor(1.9377, device='cuda:0', grad_fn=<DivBackward0>)
Memory status after this epoch: 
Memory allocated:  2.3203125
Memory cached:  156.0
	 epoch  60 training error:  tensor(1.8134, device='cuda:0', grad_fn=<DivBackward0>)
Memory status after this epoch: 
Memory allocated:  2.3203125
Memory cached:  160.0
	 epoch  70 training error:  tensor(1.7973, device='cuda:0', grad_fn=<DivBackward0>)
Memory status after this epoch: 
Memory allocated:  2.3203125
Memory cached:  158.0
	 epoch  80 training error:  tensor(1.8054, device='cuda:0', grad_fn=<DivBackward0>)
Memory status after this epoch: 
Memory allocated:  2.3203125
Memory cached:  160.0
	 epoch  90 training error:  tensor(1.7631, device='cuda:0', grad_fn=<DivBackward0>)
Memory status after this epoch: 
Memory allocated:  2.3203125
Memory cached:  148.0
[I 2023-11-29 04:40:14,953] Trial 39 finished with value: 1.7929489612579346 and parameters: {'W_layers': 3, 'W_layer_units_exponent_0': 6, 'W_layer_units_exponent_1': 6, 'W_layer_units_exponent_2': 8, 'D_layers': 4, 'D_layer_units_exponent_0': 5, 'D_layer_units_exponent_1': 5, 'D_layer_units_exponent_2': 7, 'D_layer_units_exponent_3': 5, 'D_dagger_layers': 4, 'D_dagger_layer_units_exponent_0': 6, 'D_dagger_layer_units_exponent_1': 7, 'D_dagger_layer_units_exponent_2': 9, 'D_dagger_layer_units_exponent_3': 6, 'log_learning_rate': -3.8736851030057533, 'log_learning_rate_D': -3.1666589544252206, 'log_learning_rate_D_dagger': -1.8380042547275268, 'training_batch_size': 8, 'training_p': 5}. Best is trial 8 with value: 1.0.
Time for this trial:  234.89487409591675
Memory status after this trial: 
Memory allocated:  76.634765625
Memory cached:  130.0
--------------------  Trial  40   --------------------
Start timing: 
Parameters: 
{'W_layers': 4, 'W_layer_units_exponent_0': 5, 'W_layer_units_exponent_1': 6, 'W_layer_units_exponent_2': 6, 'W_layer_units_exponent_3': 9, 'D_layers': 2, 'D_layer_units_exponent_0': 4, 'D_layer_units_exponent_1': 9, 'D_dagger_layers': 7, 'D_dagger_layer_units_exponent_0': 5, 'D_dagger_layer_units_exponent_1': 8, 'D_dagger_layer_units_exponent_2': 8, 'D_dagger_layer_units_exponent_3': 7, 'D_dagger_layer_units_exponent_4': 8, 'D_dagger_layer_units_exponent_5': 6, 'D_dagger_layer_units_exponent_6': 4, 'log_learning_rate': -2.7480392699683454, 'log_learning_rate_D': -3.3417305805304274, 'log_learning_rate_D_dagger': -3.0027624006176503, 'training_batch_size': 12, 'training_p': 4}
	 epoch  0 training error:  tensor(11.6861, device='cuda:0', grad_fn=<DivBackward0>)
Memory status after this epoch: 
Memory allocated:  3.408203125
Memory cached:  148.0
	 epoch  10 training error:  tensor(1.7664, device='cuda:0', grad_fn=<DivBackward0>)
Memory status after this epoch: 
Memory allocated:  3.408203125
Memory cached:  228.0
	 epoch  20 training error:  tensor(1.8053, device='cuda:0', grad_fn=<DivBackward0>)
Memory status after this epoch: 
Memory allocated:  3.408203125
Memory cached:  222.0
	 epoch  30 training error:  tensor(1.0987, device='cuda:0', grad_fn=<DivBackward0>)
Memory status after this epoch: 
Memory allocated:  3.408203125
Memory cached:  218.0
	 epoch  40 training error:  tensor(1.0617, device='cuda:0', grad_fn=<DivBackward0>)
Memory status after this epoch: 
Memory allocated:  3.408203125
Memory cached:  234.0
	 epoch  50 training error:  tensor(1., device='cuda:0', grad_fn=<DivBackward0>)
Memory status after this epoch: 
Memory allocated:  3.408203125
Memory cached:  228.0
	 epoch  60 training error:  tensor(1., device='cuda:0', grad_fn=<DivBackward0>)
Memory status after this epoch: 
Memory allocated:  3.408203125
Memory cached:  224.0
	 epoch  70 training error:  tensor(1., device='cuda:0', grad_fn=<DivBackward0>)
Memory status after this epoch: 
Memory allocated:  3.408203125
Memory cached:  224.0
	 epoch  80 training error:  tensor(1., device='cuda:0', grad_fn=<DivBackward0>)
Memory status after this epoch: 
Memory allocated:  3.408203125
Memory cached:  228.0
	 epoch  90 training error:  tensor(1., device='cuda:0', grad_fn=<DivBackward0>)
Memory status after this epoch: 
Memory allocated:  3.408203125
Memory cached:  216.0
