[I 2023-11-22 10:19:16,692] Trial 6 finished with value: 1.0 and parameters: {'W_layers': 6, 'W_layer_units_exponent_0': 10, 'W_layer_units_exponent_1': 4, 'W_layer_units_exponent_2': 8, 'W_layer_units_exponent_3': 7, 'W_layer_units_exponent_4': 7, 'W_layer_units_exponent_5': 6, 'D_layers': 5, 'D_layer_units_exponent_0': 7, 'D_layer_units_exponent_1': 4, 'D_layer_units_exponent_2': 9, 'D_layer_units_exponent_3': 8, 'D_layer_units_exponent_4': 6, 'D_dagger_layers': 3, 'D_dagger_layer_units_exponent_0': 6, 'D_dagger_layer_units_exponent_1': 5, 'D_dagger_layer_units_exponent_2': 10, 'log_learning_rate': -4.721961671613365, 'log_learning_rate_D': -2.4299477995998946, 'log_learning_rate_D_dagger': -3.2420806271660463, 'training_batch_size': 11, 'training_p': 5}. Best is trial 0 with value: 0.06954008340835571.
Time for this trial:  180.8367063999176
Memory status after this trial: 
Memory allocated:  144.287109375
Memory cached:  148.0
--------------------  Trial  7   --------------------
Start timing: 
Parameters: 
{'W_layers': 6, 'W_layer_units_exponent_0': 8, 'W_layer_units_exponent_1': 9, 'W_layer_units_exponent_2': 5, 'W_layer_units_exponent_3': 10, 'W_layer_units_exponent_4': 6, 'W_layer_units_exponent_5': 5, 'D_layers': 2, 'D_layer_units_exponent_0': 7, 'D_layer_units_exponent_1': 6, 'D_dagger_layers': 5, 'D_dagger_layer_units_exponent_0': 9, 'D_dagger_layer_units_exponent_1': 7, 'D_dagger_layer_units_exponent_2': 10, 'D_dagger_layer_units_exponent_3': 4, 'D_dagger_layer_units_exponent_4': 8, 'log_learning_rate': -1.3791126228356854, 'log_learning_rate_D': -1.2304394733437305, 'log_learning_rate_D_dagger': -3.6978186183037467, 'training_batch_size': 9, 'training_p': 7}
	 epoch  0 training error:  tensor(0.9973, device='cuda:0', grad_fn=<DivBackward0>)
Memory status after this epoch: 
Memory allocated:  7.43408203125
Memory cached:  136.0
	 epoch  10 training error:  tensor(0.8973, device='cuda:0', grad_fn=<DivBackward0>)
Memory status after this epoch: 
Memory allocated:  7.43408203125
Memory cached:  198.0
	 epoch  20 training error:  tensor(0.3672, device='cuda:0', grad_fn=<DivBackward0>)
Memory status after this epoch: 
Memory allocated:  7.43408203125
Memory cached:  194.0
	 epoch  30 training error:  tensor(0.2240, device='cuda:0', grad_fn=<DivBackward0>)
Memory status after this epoch: 
Memory allocated:  7.43408203125
Memory cached:  196.0
	 epoch  40 training error:  tensor(0.1238, device='cuda:0', grad_fn=<DivBackward0>)
Memory status after this epoch: 
Memory allocated:  7.43408203125
Memory cached:  200.0
	 epoch  50 training error:  tensor(0.1018, device='cuda:0', grad_fn=<DivBackward0>)
Memory status after this epoch: 
Memory allocated:  7.43408203125
Memory cached:  202.0
	 epoch  60 training error:  tensor(0.1025, device='cuda:0', grad_fn=<DivBackward0>)
Memory status after this epoch: 
Memory allocated:  7.43408203125
Memory cached:  198.0
	 epoch  70 training error:  tensor(0.0933, device='cuda:0', grad_fn=<DivBackward0>)
Memory status after this epoch: 
Memory allocated:  7.43408203125
Memory cached:  198.0
	 epoch  80 training error:  tensor(0.0907, device='cuda:0', grad_fn=<DivBackward0>)
Memory status after this epoch: 
Memory allocated:  7.43408203125
Memory cached:  194.0
	 epoch  90 training error:  tensor(0.0893, device='cuda:0', grad_fn=<DivBackward0>)
Memory status after this epoch: 
Memory allocated:  7.43408203125
Memory cached:  196.0
[I 2023-11-22 10:22:11,466] Trial 7 finished with value: 0.06439194828271866 and parameters: {'W_layers': 6, 'W_layer_units_exponent_0': 8, 'W_layer_units_exponent_1': 9, 'W_layer_units_exponent_2': 5, 'W_layer_units_exponent_3': 10, 'W_layer_units_exponent_4': 6, 'W_layer_units_exponent_5': 5, 'D_layers': 2, 'D_layer_units_exponent_0': 7, 'D_layer_units_exponent_1': 6, 'D_dagger_layers': 5, 'D_dagger_layer_units_exponent_0': 9, 'D_dagger_layer_units_exponent_1': 7, 'D_dagger_layer_units_exponent_2': 10, 'D_dagger_layer_units_exponent_3': 4, 'D_dagger_layer_units_exponent_4': 8, 'log_learning_rate': -1.3791126228356854, 'log_learning_rate_D': -1.2304394733437305, 'log_learning_rate_D_dagger': -3.6978186183037467, 'training_batch_size': 9, 'training_p': 7}. Best is trial 7 with value: 0.06439194828271866.
Time for this trial:  174.62948966026306
Memory status after this trial: 
Memory allocated:  158.82666015625
Memory cached:  164.0
--------------------  Trial  8   --------------------
Start timing: 
Parameters: 
{'W_layers': 4, 'W_layer_units_exponent_0': 4, 'W_layer_units_exponent_1': 5, 'W_layer_units_exponent_2': 5, 'W_layer_units_exponent_3': 6, 'D_layers': 3, 'D_layer_units_exponent_0': 8, 'D_layer_units_exponent_1': 4, 'D_layer_units_exponent_2': 6, 'D_dagger_layers': 4, 'D_dagger_layer_units_exponent_0': 9, 'D_dagger_layer_units_exponent_1': 4, 'D_dagger_layer_units_exponent_2': 9, 'D_dagger_layer_units_exponent_3': 4, 'log_learning_rate': -2.613343222318273, 'log_learning_rate_D': -2.9036948267424534, 'log_learning_rate_D_dagger': -1.7282571643305094, 'training_batch_size': 10, 'training_p': 8}
	 epoch  0 training error:  tensor(1.0296, device='cuda:0', grad_fn=<DivBackward0>)
Memory status after this epoch: 
Memory allocated:  0.68798828125
Memory cached:  80.0
	 epoch  10 training error:  tensor(0.6429, device='cuda:0', grad_fn=<DivBackward0>)
Memory status after this epoch: 
Memory allocated:  0.68798828125
Memory cached:  92.0
	 epoch  20 training error:  tensor(0.2964, device='cuda:0', grad_fn=<DivBackward0>)
Memory status after this epoch: 
Memory allocated:  0.68798828125
Memory cached:  92.0
	 epoch  30 training error:  tensor(0.1271, device='cuda:0', grad_fn=<DivBackward0>)
Memory status after this epoch: 
Memory allocated:  0.68798828125
Memory cached:  92.0
	 epoch  40 training error:  tensor(0.1242, device='cuda:0', grad_fn=<DivBackward0>)
Memory status after this epoch: 
Memory allocated:  0.68798828125
Memory cached:  94.0
	 epoch  50 training error:  tensor(0.0923, device='cuda:0', grad_fn=<DivBackward0>)
Memory status after this epoch: 
Memory allocated:  0.68798828125
Memory cached:  88.0
	 epoch  60 training error:  tensor(0.1094, device='cuda:0', grad_fn=<DivBackward0>)
Memory status after this epoch: 
Memory allocated:  0.68798828125
Memory cached:  90.0
	 epoch  70 training error:  tensor(0.1204, device='cuda:0', grad_fn=<DivBackward0>)
Memory status after this epoch: 
Memory allocated:  0.68798828125
Memory cached:  90.0
	 epoch  80 training error:  tensor(0.1072, device='cuda:0', grad_fn=<DivBackward0>)
Memory status after this epoch: 
Memory allocated:  0.68798828125
Memory cached:  90.0
	 epoch  90 training error:  tensor(0.0732, device='cuda:0', grad_fn=<DivBackward0>)
Memory status after this epoch: 
Memory allocated:  0.68798828125
Memory cached:  90.0
[I 2023-11-22 10:24:40,776] Trial 8 finished with value: 0.0455283485352993 and parameters: {'W_layers': 4, 'W_layer_units_exponent_0': 4, 'W_layer_units_exponent_1': 5, 'W_layer_units_exponent_2': 5, 'W_layer_units_exponent_3': 6, 'D_layers': 3, 'D_layer_units_exponent_0': 8, 'D_layer_units_exponent_1': 4, 'D_layer_units_exponent_2': 6, 'D_dagger_layers': 4, 'D_dagger_layer_units_exponent_0': 9, 'D_dagger_layer_units_exponent_1': 4, 'D_dagger_layer_units_exponent_2': 9, 'D_dagger_layer_units_exponent_3': 4, 'log_learning_rate': -2.613343222318273, 'log_learning_rate_D': -2.9036948267424534, 'log_learning_rate_D_dagger': -1.7282571643305094, 'training_batch_size': 10, 'training_p': 8}. Best is trial 8 with value: 0.0455283485352993.
Time for this trial:  149.17182970046997
Memory status after this trial: 
Memory allocated:  59.9384765625
Memory cached:  78.0
--------------------  Trial  9   --------------------
Start timing: 
Parameters: 
{'W_layers': 3, 'W_layer_units_exponent_0': 8, 'W_layer_units_exponent_1': 5, 'W_layer_units_exponent_2': 9, 'D_layers': 4, 'D_layer_units_exponent_0': 7, 'D_layer_units_exponent_1': 4, 'D_layer_units_exponent_2': 7, 'D_layer_units_exponent_3': 5, 'D_dagger_layers': 8, 'D_dagger_layer_units_exponent_0': 8, 'D_dagger_layer_units_exponent_1': 5, 'D_dagger_layer_units_exponent_2': 6, 'D_dagger_layer_units_exponent_3': 10, 'D_dagger_layer_units_exponent_4': 10, 'D_dagger_layer_units_exponent_5': 6, 'D_dagger_layer_units_exponent_6': 6, 'D_dagger_layer_units_exponent_7': 9, 'log_learning_rate': -3.6816045412956284, 'log_learning_rate_D': -4.3833380753172255, 'log_learning_rate_D_dagger': -4.933127879199871, 'training_batch_size': 12, 'training_p': 2}
	 epoch  0 training error:  tensor(1.4831, device='cuda:0', grad_fn=<DivBackward0>)
Memory status after this epoch: 
Memory allocated:  19.43994140625
Memory cached:  148.0
	 epoch  10 training error:  tensor(0.5728, device='cuda:0', grad_fn=<DivBackward0>)
Memory status after this epoch: 
Memory allocated:  19.43994140625
Memory cached:  234.0
	 epoch  20 training error:  tensor(0.1979, device='cuda:0', grad_fn=<DivBackward0>)
Memory status after this epoch: 
Memory allocated:  19.43994140625
Memory cached:  238.0
	 epoch  30 training error:  tensor(0.1178, device='cuda:0', grad_fn=<DivBackward0>)
Memory status after this epoch: 
Memory allocated:  19.43994140625
Memory cached:  234.0
	 epoch  40 training error:  tensor(0.1138, device='cuda:0', grad_fn=<DivBackward0>)
Memory status after this epoch: 
Memory allocated:  19.43994140625
Memory cached:  228.0
	 epoch  50 training error:  tensor(0.1141, device='cuda:0', grad_fn=<DivBackward0>)
Memory status after this epoch: 
Memory allocated:  19.43994140625
Memory cached:  236.0
	 epoch  60 training error:  tensor(0.1134, device='cuda:0', grad_fn=<DivBackward0>)
Memory status after this epoch: 
Memory allocated:  19.43994140625
Memory cached:  228.0
	 epoch  70 training error:  tensor(0.1152, device='cuda:0', grad_fn=<DivBackward0>)
Memory status after this epoch: 
Memory allocated:  19.43994140625
Memory cached:  228.0
	 epoch  80 training error:  tensor(0.1140, device='cuda:0', grad_fn=<DivBackward0>)
Memory status after this epoch: 
Memory allocated:  19.43994140625
Memory cached:  224.0
	 epoch  90 training error:  tensor(0.1134, device='cuda:0', grad_fn=<DivBackward0>)
Memory status after this epoch: 
Memory allocated:  19.43994140625
Memory cached:  220.0
[I 2023-11-22 10:27:48,356] Trial 9 finished with value: 0.1308329850435257 and parameters: {'W_layers': 3, 'W_layer_units_exponent_0': 8, 'W_layer_units_exponent_1': 5, 'W_layer_units_exponent_2': 9, 'D_layers': 4, 'D_layer_units_exponent_0': 7, 'D_layer_units_exponent_1': 4, 'D_layer_units_exponent_2': 7, 'D_layer_units_exponent_3': 5, 'D_dagger_layers': 8, 'D_dagger_layer_units_exponent_0': 8, 'D_dagger_layer_units_exponent_1': 5, 'D_dagger_layer_units_exponent_2': 6, 'D_dagger_layer_units_exponent_3': 10, 'D_dagger_layer_units_exponent_4': 10, 'D_dagger_layer_units_exponent_5': 6, 'D_dagger_layer_units_exponent_6': 6, 'D_dagger_layer_units_exponent_7': 9, 'log_learning_rate': -3.6816045412956284, 'log_learning_rate_D': -4.3833380753172255, 'log_learning_rate_D_dagger': -4.933127879199871, 'training_batch_size': 12, 'training_p': 2}. Best is trial 8 with value: 0.0455283485352993.
Time for this trial:  187.45488452911377
Memory status after this trial: 
Memory allocated:  168.44775390625
Memory cached:  196.0
--------------------  Trial  10   --------------------
Start timing: 
Parameters: 
{'W_layers': 4, 'W_layer_units_exponent_0': 5, 'W_layer_units_exponent_1': 6, 'W_layer_units_exponent_2': 4, 'W_layer_units_exponent_3': 4, 'D_layers': 7, 'D_layer_units_exponent_0': 4, 'D_layer_units_exponent_1': 6, 'D_layer_units_exponent_2': 10, 'D_layer_units_exponent_3': 4, 'D_layer_units_exponent_4': 10, 'D_layer_units_exponent_5': 10, 'D_layer_units_exponent_6': 4, 'D_dagger_layers': 2, 'D_dagger_layer_units_exponent_0': 10, 'D_dagger_layer_units_exponent_1': 4, 'log_learning_rate': -2.688770937066198, 'log_learning_rate_D': -4.127885028531946, 'log_learning_rate_D_dagger': -1.0291799678599762, 'training_batch_size': 10, 'training_p': 3}
	 epoch  0 training error:  tensor(0.8801, device='cuda:0', grad_fn=<DivBackward0>)
Memory status after this epoch: 
Memory allocated:  18.30517578125
Memory cached:  158.0
	 epoch  10 training error:  tensor(0.7251, device='cuda:0', grad_fn=<DivBackward0>)
Memory status after this epoch: 
Memory allocated:  18.30517578125
Memory cached:  232.0
	 epoch  20 training error:  tensor(0.4131, device='cuda:0', grad_fn=<DivBackward0>)
Memory status after this epoch: 
Memory allocated:  18.30517578125
Memory cached:  216.0
	 epoch  30 training error:  tensor(0.2404, device='cuda:0', grad_fn=<DivBackward0>)
Memory status after this epoch: 
Memory allocated:  18.30517578125
Memory cached:  216.0
	 epoch  40 training error:  tensor(0.1671, device='cuda:0', grad_fn=<DivBackward0>)
Memory status after this epoch: 
Memory allocated:  18.30517578125
Memory cached:  220.0
	 epoch  50 training error:  tensor(0.1388, device='cuda:0', grad_fn=<DivBackward0>)
Memory status after this epoch: 
Memory allocated:  18.30517578125
Memory cached:  216.0
	 epoch  60 training error:  tensor(0.1289, device='cuda:0', grad_fn=<DivBackward0>)
Memory status after this epoch: 
Memory allocated:  18.30517578125
Memory cached:  226.0
	 epoch  70 training error:  tensor(0.1253, device='cuda:0', grad_fn=<DivBackward0>)
Memory status after this epoch: 
Memory allocated:  18.30517578125
Memory cached:  214.0
	 epoch  80 training error:  tensor(0.1240, device='cuda:0', grad_fn=<DivBackward0>)
Memory status after this epoch: 
Memory allocated:  18.30517578125
Memory cached:  216.0
	 epoch  90 training error:  tensor(0.1235, device='cuda:0', grad_fn=<DivBackward0>)
Memory status after this epoch: 
Memory allocated:  18.30517578125
Memory cached:  216.0
[I 2023-11-22 10:30:42,852] Trial 10 finished with value: 0.13010063767433167 and parameters: {'W_layers': 4, 'W_layer_units_exponent_0': 5, 'W_layer_units_exponent_1': 6, 'W_layer_units_exponent_2': 4, 'W_layer_units_exponent_3': 4, 'D_layers': 7, 'D_layer_units_exponent_0': 4, 'D_layer_units_exponent_1': 6, 'D_layer_units_exponent_2': 10, 'D_layer_units_exponent_3': 4, 'D_layer_units_exponent_4': 10, 'D_layer_units_exponent_5': 10, 'D_layer_units_exponent_6': 4, 'D_dagger_layers': 2, 'D_dagger_layer_units_exponent_0': 10, 'D_dagger_layer_units_exponent_1': 4, 'log_learning_rate': -2.688770937066198, 'log_learning_rate_D': -4.127885028531946, 'log_learning_rate_D_dagger': -1.0291799678599762, 'training_batch_size': 10, 'training_p': 3}. Best is trial 8 with value: 0.0455283485352993.
Time for this trial:  174.27289247512817
Memory status after this trial: 
Memory allocated:  175.32421875
Memory cached:  190.0
--------------------  Trial  11   --------------------
Start timing: 
Parameters: 
{'W_layers': 5, 'W_layer_units_exponent_0': 6, 'W_layer_units_exponent_1': 8, 'W_layer_units_exponent_2': 4, 'W_layer_units_exponent_3': 6, 'W_layer_units_exponent_4': 4, 'D_layers': 4, 'D_layer_units_exponent_0': 10, 'D_layer_units_exponent_1': 6, 'D_layer_units_exponent_2': 6, 'D_layer_units_exponent_3': 10, 'D_dagger_layers': 6, 'D_dagger_layer_units_exponent_0': 10, 'D_dagger_layer_units_exponent_1': 7, 'D_dagger_layer_units_exponent_2': 10, 'D_dagger_layer_units_exponent_3': 6, 'D_dagger_layer_units_exponent_4': 4, 'D_dagger_layer_units_exponent_5': 4, 'log_learning_rate': -1.21193553389588, 'log_learning_rate_D': -1.2641371060627984, 'log_learning_rate_D_dagger': -1.4979717953971152, 'training_batch_size': 9, 'training_p': 7}
	 epoch  0 training error:  tensor(0.9940, device='cuda:0', grad_fn=<DivBackward0>)
Memory status after this epoch: 
Memory allocated:  7.69775390625
Memory cached:  138.0
	 epoch  10 training error:  tensor(1., device='cuda:0', grad_fn=<DivBackward0>)
Memory status after this epoch: 
Memory allocated:  7.69775390625
Memory cached:  222.0
	 epoch  20 training error:  tensor(1., device='cuda:0', grad_fn=<DivBackward0>)
Memory status after this epoch: 
Memory allocated:  7.69775390625
Memory cached:  212.0
	 epoch  30 training error:  tensor(1., device='cuda:0', grad_fn=<DivBackward0>)
Memory status after this epoch: 
Memory allocated:  7.69775390625
Memory cached:  214.0
	 epoch  40 training error:  tensor(1., device='cuda:0', grad_fn=<DivBackward0>)
Memory status after this epoch: 
Memory allocated:  7.69775390625
Memory cached:  222.0
	 epoch  50 training error:  tensor(1., device='cuda:0', grad_fn=<DivBackward0>)
Memory status after this epoch: 
Memory allocated:  7.69775390625
Memory cached:  220.0
	 epoch  60 training error:  tensor(1., device='cuda:0', grad_fn=<DivBackward0>)
Memory status after this epoch: 
Memory allocated:  7.69775390625
Memory cached:  226.0
	 epoch  70 training error:  tensor(1., device='cuda:0', grad_fn=<DivBackward0>)
Memory status after this epoch: 
Memory allocated:  7.69775390625
Memory cached:  226.0
	 epoch  80 training error:  tensor(1., device='cuda:0', grad_fn=<DivBackward0>)
Memory status after this epoch: 
Memory allocated:  7.69775390625
Memory cached:  224.0
	 epoch  90 training error:  tensor(1., device='cuda:0', grad_fn=<DivBackward0>)
Memory status after this epoch: 
Memory allocated:  7.69775390625
Memory cached:  212.0
[I 2023-11-22 10:33:55,469] Trial 11 finished with value: 1.0 and parameters: {'W_layers': 5, 'W_layer_units_exponent_0': 6, 'W_layer_units_exponent_1': 8, 'W_layer_units_exponent_2': 4, 'W_layer_units_exponent_3': 6, 'W_layer_units_exponent_4': 4, 'D_layers': 4, 'D_layer_units_exponent_0': 10, 'D_layer_units_exponent_1': 6, 'D_layer_units_exponent_2': 6, 'D_layer_units_exponent_3': 10, 'D_dagger_layers': 6, 'D_dagger_layer_units_exponent_0': 10, 'D_dagger_layer_units_exponent_1': 7, 'D_dagger_layer_units_exponent_2': 10, 'D_dagger_layer_units_exponent_3': 6, 'D_dagger_layer_units_exponent_4': 4, 'D_dagger_layer_units_exponent_5': 4, 'log_learning_rate': -1.21193553389588, 'log_learning_rate_D': -1.2641371060627984, 'log_learning_rate_D_dagger': -1.4979717953971152, 'training_batch_size': 9, 'training_p': 7}. Best is trial 8 with value: 0.0455283485352993.
Time for this trial:  192.3774378299713
Memory status after this trial: 
Memory allocated:  189.69580078125
Memory cached:  194.0
--------------------  Trial  12   --------------------
Start timing: 
Parameters: 
{'W_layers': 5, 'W_layer_units_exponent_0': 8, 'W_layer_units_exponent_1': 7, 'W_layer_units_exponent_2': 7, 'W_layer_units_exponent_3': 10, 'W_layer_units_exponent_4': 6, 'D_layers': 6, 'D_layer_units_exponent_0': 5, 'D_layer_units_exponent_1': 6, 'D_layer_units_exponent_2': 8, 'D_layer_units_exponent_3': 6, 'D_layer_units_exponent_4': 4, 'D_layer_units_exponent_5': 4, 'D_dagger_layers': 4, 'D_dagger_layer_units_exponent_0': 9, 'D_dagger_layer_units_exponent_1': 7, 'D_dagger_layer_units_exponent_2': 8, 'D_dagger_layer_units_exponent_3': 4, 'log_learning_rate': -2.3326194533553744, 'log_learning_rate_D': -1.9798424711015663, 'log_learning_rate_D_dagger': -4.013996212089454, 'training_batch_size': 9, 'training_p': 6}
	 epoch  0 training error:  tensor(0.9620, device='cuda:0', grad_fn=<DivBackward0>)
Memory status after this epoch: 
Memory allocated:  6.06298828125
Memory cached:  124.0
	 epoch  10 training error:  tensor(0.1899, device='cuda:0', grad_fn=<DivBackward0>)
Memory status after this epoch: 
Memory allocated:  6.06298828125
Memory cached:  142.0
	 epoch  20 training error:  tensor(0.1418, device='cuda:0', grad_fn=<DivBackward0>)
Memory status after this epoch: 
Memory allocated:  6.06298828125
Memory cached:  136.0
	 epoch  30 training error:  tensor(0.3203, device='cuda:0', grad_fn=<DivBackward0>)
Memory status after this epoch: 
Memory allocated:  6.06298828125
Memory cached:  138.0
	 epoch  40 training error:  tensor(0.1358, device='cuda:0', grad_fn=<DivBackward0>)
Memory status after this epoch: 
Memory allocated:  6.06298828125
Memory cached:  140.0
	 epoch  50 training error:  tensor(0.1558, device='cuda:0', grad_fn=<DivBackward0>)
Memory status after this epoch: 
Memory allocated:  6.06298828125
Memory cached:  140.0
	 epoch  60 training error:  tensor(0.1361, device='cuda:0', grad_fn=<DivBackward0>)
Memory status after this epoch: 
Memory allocated:  6.06298828125
Memory cached:  134.0
	 epoch  70 training error:  tensor(0.1362, device='cuda:0', grad_fn=<DivBackward0>)
Memory status after this epoch: 
Memory allocated:  6.06298828125
Memory cached:  140.0
	 epoch  80 training error:  tensor(0.1343, device='cuda:0', grad_fn=<DivBackward0>)
Memory status after this epoch: 
Memory allocated:  6.06298828125
Memory cached:  138.0
	 epoch  90 training error:  tensor(0.1311, device='cuda:0', grad_fn=<DivBackward0>)
Memory status after this epoch: 
Memory allocated:  6.06298828125
Memory cached:  134.0
