[I 2023-11-29 06:08:27,163] Trial 8 finished with value: 27.709936141967773 and parameters: {'W_layers': 3, 'W_layer_units_exponent_0': 4, 'W_layer_units_exponent_1': 6, 'W_layer_units_exponent_2': 9, 'D_layers': 4, 'D_layer_units_exponent_0': 5, 'D_layer_units_exponent_1': 5, 'D_layer_units_exponent_2': 4, 'D_layer_units_exponent_3': 8, 'D_dagger_layers': 4, 'D_dagger_layer_units_exponent_0': 9, 'D_dagger_layer_units_exponent_1': 10, 'D_dagger_layer_units_exponent_2': 9, 'D_dagger_layer_units_exponent_3': 7, 'log_learning_rate': -1.3085413897800127, 'log_learning_rate_D': -1.1221278571484605, 'log_learning_rate_D_dagger': -1.1745975801525215, 'training_batch_size': 10, 'training_p': 5}. Best is trial 0 with value: 1.0.
Time for this trial:  244.4273805618286
Memory status after this trial: 
Memory allocated:  178.302734375
Memory cached:  206.0
--------------------  Trial  9   --------------------
Start timing: 
Parameters: 
{'W_layers': 7, 'W_layer_units_exponent_0': 7, 'W_layer_units_exponent_1': 10, 'W_layer_units_exponent_2': 6, 'W_layer_units_exponent_3': 5, 'W_layer_units_exponent_4': 7, 'W_layer_units_exponent_5': 8, 'W_layer_units_exponent_6': 4, 'D_layers': 7, 'D_layer_units_exponent_0': 10, 'D_layer_units_exponent_1': 9, 'D_layer_units_exponent_2': 8, 'D_layer_units_exponent_3': 8, 'D_layer_units_exponent_4': 8, 'D_layer_units_exponent_5': 9, 'D_layer_units_exponent_6': 8, 'D_dagger_layers': 3, 'D_dagger_layer_units_exponent_0': 7, 'D_dagger_layer_units_exponent_1': 6, 'D_dagger_layer_units_exponent_2': 9, 'log_learning_rate': -3.562734334287513, 'log_learning_rate_D': -1.4526899579495756, 'log_learning_rate_D_dagger': -1.841209844399049, 'training_batch_size': 9, 'training_p': 3}
	 epoch  0 training error:  tensor(2.6598, device='cuda:0', grad_fn=<DivBackward0>)
Memory status after this epoch: 
Memory allocated:  20.8046875
Memory cached:  166.0
[W 2023-11-29 06:08:56,852] Trial 9 failed with parameters: {'W_layers': 7, 'W_layer_units_exponent_0': 7, 'W_layer_units_exponent_1': 10, 'W_layer_units_exponent_2': 6, 'W_layer_units_exponent_3': 5, 'W_layer_units_exponent_4': 7, 'W_layer_units_exponent_5': 8, 'W_layer_units_exponent_6': 4, 'D_layers': 7, 'D_layer_units_exponent_0': 10, 'D_layer_units_exponent_1': 9, 'D_layer_units_exponent_2': 8, 'D_layer_units_exponent_3': 8, 'D_layer_units_exponent_4': 8, 'D_layer_units_exponent_5': 9, 'D_layer_units_exponent_6': 8, 'D_dagger_layers': 3, 'D_dagger_layer_units_exponent_0': 7, 'D_dagger_layer_units_exponent_1': 6, 'D_dagger_layer_units_exponent_2': 9, 'log_learning_rate': -3.562734334287513, 'log_learning_rate_D': -1.4526899579495756, 'log_learning_rate_D_dagger': -1.841209844399049, 'training_batch_size': 9, 'training_p': 3} because of the following error: The value nan is not acceptable.
[W 2023-11-29 06:08:56,853] Trial 9 failed with value tensor(nan, device='cuda:0', grad_fn=<DivBackward0>).
Time for this trial:  29.541751384735107
Memory status after this trial: 
Memory allocated:  303.63720703125
Memory cached:  328.0
--------------------  Trial  10   --------------------
Start timing: 
Parameters: 
{'W_layers': 2, 'W_layer_units_exponent_0': 4, 'W_layer_units_exponent_1': 7, 'D_layers': 4, 'D_layer_units_exponent_0': 7, 'D_layer_units_exponent_1': 9, 'D_layer_units_exponent_2': 9, 'D_layer_units_exponent_3': 5, 'D_dagger_layers': 8, 'D_dagger_layer_units_exponent_0': 5, 'D_dagger_layer_units_exponent_1': 5, 'D_dagger_layer_units_exponent_2': 8, 'D_dagger_layer_units_exponent_3': 7, 'D_dagger_layer_units_exponent_4': 9, 'D_dagger_layer_units_exponent_5': 6, 'D_dagger_layer_units_exponent_6': 5, 'D_dagger_layer_units_exponent_7': 10, 'log_learning_rate': -1.3025897845981675, 'log_learning_rate_D': -2.4022591867780996, 'log_learning_rate_D_dagger': -2.7904785176413776, 'training_batch_size': 7, 'training_p': 3}
	 epoch  0 training error:  tensor(19.4720, device='cuda:0', grad_fn=<DivBackward0>)
Memory status after this epoch: 
Memory allocated:  8.32470703125
Memory cached:  154.0
	 epoch  10 training error:  tensor(2.0986, device='cuda:0', grad_fn=<DivBackward0>)
Memory status after this epoch: 
Memory allocated:  8.32470703125
Memory cached:  300.0
	 epoch  20 training error:  tensor(1.7181, device='cuda:0', grad_fn=<DivBackward0>)
Memory status after this epoch: 
Memory allocated:  8.32470703125
Memory cached:  306.0
	 epoch  30 training error:  tensor(1.9248, device='cuda:0', grad_fn=<DivBackward0>)
Memory status after this epoch: 
Memory allocated:  8.32470703125
Memory cached:  294.0
	 epoch  40 training error:  tensor(2.7215, device='cuda:0', grad_fn=<DivBackward0>)
Memory status after this epoch: 
Memory allocated:  8.32470703125
Memory cached:  292.0
	 epoch  50 training error:  tensor(1.7532, device='cuda:0', grad_fn=<DivBackward0>)
Memory status after this epoch: 
Memory allocated:  8.32470703125
Memory cached:  294.0
	 epoch  60 training error:  tensor(1.3996, device='cuda:0', grad_fn=<DivBackward0>)
Memory status after this epoch: 
Memory allocated:  8.32470703125
Memory cached:  284.0
	 epoch  70 training error:  tensor(1.7127, device='cuda:0', grad_fn=<DivBackward0>)
Memory status after this epoch: 
Memory allocated:  8.32470703125
Memory cached:  280.0
	 epoch  80 training error:  tensor(1.5299, device='cuda:0', grad_fn=<DivBackward0>)
Memory status after this epoch: 
Memory allocated:  8.32470703125
Memory cached:  292.0
	 epoch  90 training error:  tensor(1.4168, device='cuda:0', grad_fn=<DivBackward0>)
Memory status after this epoch: 
Memory allocated:  8.32470703125
Memory cached:  286.0
[I 2023-11-29 06:13:47,295] Trial 10 finished with value: 2.6409318447113037 and parameters: {'W_layers': 2, 'W_layer_units_exponent_0': 4, 'W_layer_units_exponent_1': 7, 'D_layers': 4, 'D_layer_units_exponent_0': 7, 'D_layer_units_exponent_1': 9, 'D_layer_units_exponent_2': 9, 'D_layer_units_exponent_3': 5, 'D_dagger_layers': 8, 'D_dagger_layer_units_exponent_0': 5, 'D_dagger_layer_units_exponent_1': 5, 'D_dagger_layer_units_exponent_2': 8, 'D_dagger_layer_units_exponent_3': 7, 'D_dagger_layer_units_exponent_4': 9, 'D_dagger_layer_units_exponent_5': 6, 'D_dagger_layer_units_exponent_6': 5, 'D_dagger_layer_units_exponent_7': 10, 'log_learning_rate': -1.3025897845981675, 'log_learning_rate_D': -2.4022591867780996, 'log_learning_rate_D_dagger': -2.7904785176413776, 'training_batch_size': 7, 'training_p': 3}. Best is trial 0 with value: 1.0.
Time for this trial:  290.25785732269287
Memory status after this trial: 
Memory allocated:  189.3798828125
Memory cached:  204.0
--------------------  Trial  11   --------------------
Start timing: 
Parameters: 
{'W_layers': 5, 'W_layer_units_exponent_0': 10, 'W_layer_units_exponent_1': 10, 'W_layer_units_exponent_2': 4, 'W_layer_units_exponent_3': 10, 'W_layer_units_exponent_4': 10, 'D_layers': 7, 'D_layer_units_exponent_0': 10, 'D_layer_units_exponent_1': 8, 'D_layer_units_exponent_2': 6, 'D_layer_units_exponent_3': 4, 'D_layer_units_exponent_4': 4, 'D_layer_units_exponent_5': 4, 'D_layer_units_exponent_6': 4, 'D_dagger_layers': 5, 'D_dagger_layer_units_exponent_0': 10, 'D_dagger_layer_units_exponent_1': 7, 'D_dagger_layer_units_exponent_2': 10, 'D_dagger_layer_units_exponent_3': 4, 'D_dagger_layer_units_exponent_4': 10, 'log_learning_rate': -4.046451319852828, 'log_learning_rate_D': -4.9163365415012725, 'log_learning_rate_D_dagger': -4.19014257045728, 'training_batch_size': 9, 'training_p': 2}
	 epoch  0 training error:  tensor(4.2035, device='cuda:0', grad_fn=<DivBackward0>)
Memory status after this epoch: 
Memory allocated:  42.1005859375
Memory cached:  196.0
	 epoch  10 training error:  tensor(2.8202, device='cuda:0', grad_fn=<DivBackward0>)
Memory status after this epoch: 
Memory allocated:  42.1005859375
Memory cached:  374.0
	 epoch  20 training error:  tensor(2.0262, device='cuda:0', grad_fn=<DivBackward0>)
Memory status after this epoch: 
Memory allocated:  42.1005859375
Memory cached:  372.0
	 epoch  30 training error:  tensor(2.4483, device='cuda:0', grad_fn=<DivBackward0>)
Memory status after this epoch: 
Memory allocated:  42.1005859375
Memory cached:  376.0
	 epoch  40 training error:  tensor(2.2728, device='cuda:0', grad_fn=<DivBackward0>)
Memory status after this epoch: 
Memory allocated:  42.1005859375
Memory cached:  366.0
	 epoch  50 training error:  tensor(2.8713, device='cuda:0', grad_fn=<DivBackward0>)
Memory status after this epoch: 
Memory allocated:  42.1005859375
Memory cached:  370.0
	 epoch  60 training error:  tensor(2.8390, device='cuda:0', grad_fn=<DivBackward0>)
Memory status after this epoch: 
Memory allocated:  42.1005859375
Memory cached:  368.0
	 epoch  70 training error:  tensor(2.6290, device='cuda:0', grad_fn=<DivBackward0>)
Memory status after this epoch: 
Memory allocated:  42.1005859375
Memory cached:  376.0
	 epoch  80 training error:  tensor(2.5724, device='cuda:0', grad_fn=<DivBackward0>)
Memory status after this epoch: 
Memory allocated:  42.1005859375
Memory cached:  376.0
	 epoch  90 training error:  tensor(2.3595, device='cuda:0', grad_fn=<DivBackward0>)
Memory status after this epoch: 
Memory allocated:  42.1005859375
Memory cached:  372.0
[I 2023-11-29 06:19:59,866] Trial 11 finished with value: 3.2449233531951904 and parameters: {'W_layers': 5, 'W_layer_units_exponent_0': 10, 'W_layer_units_exponent_1': 10, 'W_layer_units_exponent_2': 4, 'W_layer_units_exponent_3': 10, 'W_layer_units_exponent_4': 10, 'D_layers': 7, 'D_layer_units_exponent_0': 10, 'D_layer_units_exponent_1': 8, 'D_layer_units_exponent_2': 6, 'D_layer_units_exponent_3': 4, 'D_layer_units_exponent_4': 4, 'D_layer_units_exponent_5': 4, 'D_layer_units_exponent_6': 4, 'D_dagger_layers': 5, 'D_dagger_layer_units_exponent_0': 10, 'D_dagger_layer_units_exponent_1': 7, 'D_dagger_layer_units_exponent_2': 10, 'D_dagger_layer_units_exponent_3': 4, 'D_dagger_layer_units_exponent_4': 10, 'log_learning_rate': -4.046451319852828, 'log_learning_rate_D': -4.9163365415012725, 'log_learning_rate_D_dagger': -4.19014257045728, 'training_batch_size': 9, 'training_p': 2}. Best is trial 0 with value: 1.0.
Time for this trial:  372.3112413883209
Memory status after this trial: 
Memory allocated:  495.75634765625
Memory cached:  526.0
--------------------  Trial  12   --------------------
Start timing: 
Parameters: 
{'W_layers': 4, 'W_layer_units_exponent_0': 8, 'W_layer_units_exponent_1': 9, 'W_layer_units_exponent_2': 7, 'W_layer_units_exponent_3': 9, 'D_layers': 5, 'D_layer_units_exponent_0': 7, 'D_layer_units_exponent_1': 4, 'D_layer_units_exponent_2': 7, 'D_layer_units_exponent_3': 5, 'D_layer_units_exponent_4': 4, 'D_dagger_layers': 2, 'D_dagger_layer_units_exponent_0': 10, 'D_dagger_layer_units_exponent_1': 7, 'log_learning_rate': -2.5484536394433617, 'log_learning_rate_D': -2.9495350823220883, 'log_learning_rate_D_dagger': -1.4023698806737899, 'training_batch_size': 6, 'training_p': 4}
	 epoch  0 training error:  tensor(1.5964, device='cuda:0', grad_fn=<DivBackward0>)
Memory status after this epoch: 
Memory allocated:  6.5546875
Memory cached:  126.0
	 epoch  10 training error:  tensor(3.7808, device='cuda:0', grad_fn=<DivBackward0>)
Memory status after this epoch: 
Memory allocated:  6.5546875
Memory cached:  224.0
	 epoch  20 training error:  tensor(1.4348, device='cuda:0', grad_fn=<DivBackward0>)
Memory status after this epoch: 
Memory allocated:  6.5546875
Memory cached:  220.0
	 epoch  30 training error:  tensor(4.3698, device='cuda:0', grad_fn=<DivBackward0>)
Memory status after this epoch: 
Memory allocated:  6.5546875
Memory cached:  214.0
	 epoch  40 training error:  tensor(1., device='cuda:0', grad_fn=<DivBackward0>)
Memory status after this epoch: 
Memory allocated:  6.5546875
Memory cached:  230.0
	 epoch  50 training error:  tensor(1., device='cuda:0', grad_fn=<DivBackward0>)
Memory status after this epoch: 
Memory allocated:  6.5546875
Memory cached:  218.0
	 epoch  60 training error:  tensor(1., device='cuda:0', grad_fn=<DivBackward0>)
Memory status after this epoch: 
Memory allocated:  6.5546875
Memory cached:  228.0
	 epoch  70 training error:  tensor(1., device='cuda:0', grad_fn=<DivBackward0>)
Memory status after this epoch: 
Memory allocated:  6.5546875
Memory cached:  222.0
	 epoch  80 training error:  tensor(1., device='cuda:0', grad_fn=<DivBackward0>)
Memory status after this epoch: 
Memory allocated:  6.5546875
Memory cached:  228.0
	 epoch  90 training error:  tensor(1., device='cuda:0', grad_fn=<DivBackward0>)
Memory status after this epoch: 
Memory allocated:  6.5546875
Memory cached:  232.0
[I 2023-11-29 06:27:39,021] Trial 12 finished with value: 1.0 and parameters: {'W_layers': 4, 'W_layer_units_exponent_0': 8, 'W_layer_units_exponent_1': 9, 'W_layer_units_exponent_2': 7, 'W_layer_units_exponent_3': 9, 'D_layers': 5, 'D_layer_units_exponent_0': 7, 'D_layer_units_exponent_1': 4, 'D_layer_units_exponent_2': 7, 'D_layer_units_exponent_3': 5, 'D_layer_units_exponent_4': 4, 'D_dagger_layers': 2, 'D_dagger_layer_units_exponent_0': 10, 'D_dagger_layer_units_exponent_1': 7, 'log_learning_rate': -2.5484536394433617, 'log_learning_rate_D': -2.9495350823220883, 'log_learning_rate_D_dagger': -1.4023698806737899, 'training_batch_size': 6, 'training_p': 4}. Best is trial 0 with value: 1.0.
Time for this trial:  458.9101541042328
Memory status after this trial: 
Memory allocated:  160.37890625
Memory cached:  184.0
--------------------  Trial  13   --------------------
Start timing: 
Parameters: 
{'W_layers': 2, 'W_layer_units_exponent_0': 7, 'W_layer_units_exponent_1': 8, 'D_layers': 6, 'D_layer_units_exponent_0': 6, 'D_layer_units_exponent_1': 7, 'D_layer_units_exponent_2': 10, 'D_layer_units_exponent_3': 4, 'D_layer_units_exponent_4': 6, 'D_layer_units_exponent_5': 10, 'D_dagger_layers': 4, 'D_dagger_layer_units_exponent_0': 6, 'D_dagger_layer_units_exponent_1': 4, 'D_dagger_layer_units_exponent_2': 4, 'D_dagger_layer_units_exponent_3': 10, 'log_learning_rate': -4.94837214520722, 'log_learning_rate_D': -4.977889091198375, 'log_learning_rate_D_dagger': -2.268034607637815, 'training_batch_size': 6, 'training_p': 4}
	 epoch  0 training error:  tensor(9.6550, device='cuda:0', grad_fn=<DivBackward0>)
Memory status after this epoch: 
Memory allocated:  4.58935546875
Memory cached:  154.0
	 epoch  10 training error:  tensor(15.3466, device='cuda:0', grad_fn=<DivBackward0>)
Memory status after this epoch: 
Memory allocated:  4.58935546875
Memory cached:  276.0
	 epoch  20 training error:  tensor(30.7895, device='cuda:0', grad_fn=<DivBackward0>)
Memory status after this epoch: 
Memory allocated:  4.58935546875
Memory cached:  280.0
	 epoch  30 training error:  tensor(31.9656, device='cuda:0', grad_fn=<DivBackward0>)
Memory status after this epoch: 
Memory allocated:  4.58935546875
Memory cached:  270.0
	 epoch  40 training error:  tensor(27.1440, device='cuda:0', grad_fn=<DivBackward0>)
Memory status after this epoch: 
Memory allocated:  4.58935546875
Memory cached:  272.0
	 epoch  50 training error:  tensor(36.0155, device='cuda:0', grad_fn=<DivBackward0>)
Memory status after this epoch: 
Memory allocated:  4.58935546875
Memory cached:  270.0
	 epoch  60 training error:  tensor(27.9125, device='cuda:0', grad_fn=<DivBackward0>)
Memory status after this epoch: 
Memory allocated:  4.58935546875
Memory cached:  270.0
	 epoch  70 training error:  tensor(26.6413, device='cuda:0', grad_fn=<DivBackward0>)
Memory status after this epoch: 
Memory allocated:  4.58935546875
Memory cached:  276.0
	 epoch  80 training error:  tensor(32.7991, device='cuda:0', grad_fn=<DivBackward0>)
Memory status after this epoch: 
Memory allocated:  4.58935546875
Memory cached:  282.0
	 epoch  90 training error:  tensor(30.4879, device='cuda:0', grad_fn=<DivBackward0>)
Memory status after this epoch: 
Memory allocated:  4.58935546875
Memory cached:  276.0
[I 2023-11-29 06:35:53,155] Trial 13 finished with value: 23.811233520507812 and parameters: {'W_layers': 2, 'W_layer_units_exponent_0': 7, 'W_layer_units_exponent_1': 8, 'D_layers': 6, 'D_layer_units_exponent_0': 6, 'D_layer_units_exponent_1': 7, 'D_layer_units_exponent_2': 10, 'D_layer_units_exponent_3': 4, 'D_layer_units_exponent_4': 6, 'D_layer_units_exponent_5': 10, 'D_dagger_layers': 4, 'D_dagger_layer_units_exponent_0': 6, 'D_dagger_layer_units_exponent_1': 4, 'D_dagger_layer_units_exponent_2': 4, 'D_dagger_layer_units_exponent_3': 10, 'log_learning_rate': -4.94837214520722, 'log_learning_rate_D': -4.977889091198375, 'log_learning_rate_D_dagger': -2.268034607637815, 'training_batch_size': 6, 'training_p': 4}. Best is trial 0 with value: 1.0.
Time for this trial:  493.87654161453247
Memory status after this trial: 
Memory allocated:  209.7841796875
Memory cached:  216.0
--------------------  Trial  14   --------------------
Start timing: 
Parameters: 
{'W_layers': 8, 'W_layer_units_exponent_0': 8, 'W_layer_units_exponent_1': 5, 'W_layer_units_exponent_2': 7, 'W_layer_units_exponent_3': 8, 'W_layer_units_exponent_4': 10, 'W_layer_units_exponent_5': 7, 'W_layer_units_exponent_6': 4, 'W_layer_units_exponent_7': 10, 'D_layers': 5, 'D_layer_units_exponent_0': 8, 'D_layer_units_exponent_1': 6, 'D_layer_units_exponent_2': 7, 'D_layer_units_exponent_3': 6, 'D_layer_units_exponent_4': 10, 'D_dagger_layers': 4, 'D_dagger_layer_units_exponent_0': 8, 'D_dagger_layer_units_exponent_1': 8, 'D_dagger_layer_units_exponent_2': 6, 'D_dagger_layer_units_exponent_3': 6, 'log_learning_rate': -3.6783396138066293, 'log_learning_rate_D': -3.0671185890036123, 'log_learning_rate_D_dagger': -1.0726094908687904, 'training_batch_size': 8, 'training_p': 3}
	 epoch  0 training error:  tensor(2.1005, device='cuda:0', grad_fn=<DivBackward0>)
Memory status after this epoch: 
Memory allocated:  10.275390625
Memory cached:  148.0
	 epoch  10 training error:  tensor(10.0956, device='cuda:0', grad_fn=<DivBackward0>)
Memory status after this epoch: 
Memory allocated:  10.275390625
Memory cached:  282.0
	 epoch  20 training error:  tensor(17.3590, device='cuda:0', grad_fn=<DivBackward0>)
Memory status after this epoch: 
Memory allocated:  10.275390625
Memory cached:  292.0
	 epoch  30 training error:  tensor(21.0973, device='cuda:0', grad_fn=<DivBackward0>)
Memory status after this epoch: 
Memory allocated:  10.275390625
Memory cached:  304.0
	 epoch  40 training error:  tensor(22.9344, device='cuda:0', grad_fn=<DivBackward0>)
Memory status after this epoch: 
Memory allocated:  10.275390625
Memory cached:  306.0
	 epoch  50 training error:  tensor(23.4613, device='cuda:0', grad_fn=<DivBackward0>)
Memory status after this epoch: 
Memory allocated:  10.275390625
Memory cached:  314.0
	 epoch  60 training error:  tensor(24.1771, device='cuda:0', grad_fn=<DivBackward0>)
Memory status after this epoch: 
Memory allocated:  10.275390625
Memory cached:  292.0
	 epoch  70 training error:  tensor(24.1048, device='cuda:0', grad_fn=<DivBackward0>)
Memory status after this epoch: 
Memory allocated:  10.275390625
Memory cached:  308.0
	 epoch  80 training error:  tensor(24.1312, device='cuda:0', grad_fn=<DivBackward0>)
Memory status after this epoch: 
Memory allocated:  10.275390625
Memory cached:  300.0
	 epoch  90 training error:  tensor(23.8967, device='cuda:0', grad_fn=<DivBackward0>)
Memory status after this epoch: 
Memory allocated:  10.275390625
Memory cached:  300.0
