[I 2023-11-29 08:20:58,698] Trial 32 finished with value: 2.0822651386260986 and parameters: {'W_layers': 2, 'W_layer_units_exponent_0': 9, 'W_layer_units_exponent_1': 6, 'D_layers': 3, 'D_layer_units_exponent_0': 4, 'D_layer_units_exponent_1': 4, 'D_layer_units_exponent_2': 5, 'D_dagger_layers': 6, 'D_dagger_layer_units_exponent_0': 7, 'D_dagger_layer_units_exponent_1': 8, 'D_dagger_layer_units_exponent_2': 8, 'D_dagger_layer_units_exponent_3': 5, 'D_dagger_layer_units_exponent_4': 10, 'D_dagger_layer_units_exponent_5': 4, 'log_learning_rate': -3.0496066569774603, 'log_learning_rate_D': -2.961889033696976, 'log_learning_rate_D_dagger': -1.8168457900508996, 'training_batch_size': 6, 'training_p': 4}. Best is trial 0 with value: 1.0.
Time for this trial:  458.6905813217163
Memory status after this trial: 
Memory allocated:  130.6259765625
Memory cached:  156.0
--------------------  Trial  33   --------------------
Start timing: 
Parameters: 
{'W_layers': 4, 'W_layer_units_exponent_0': 9, 'W_layer_units_exponent_1': 9, 'W_layer_units_exponent_2': 7, 'W_layer_units_exponent_3': 9, 'D_layers': 4, 'D_layer_units_exponent_0': 6, 'D_layer_units_exponent_1': 5, 'D_layer_units_exponent_2': 8, 'D_layer_units_exponent_3': 5, 'D_dagger_layers': 3, 'D_dagger_layer_units_exponent_0': 10, 'D_dagger_layer_units_exponent_1': 4, 'D_dagger_layer_units_exponent_2': 6, 'log_learning_rate': -1.9259561881624858, 'log_learning_rate_D': -2.81988485898312, 'log_learning_rate_D_dagger': -1.4050809120975527, 'training_batch_size': 6, 'training_p': 3}
	 epoch  0 training error:  tensor(2.3896, device='cuda:0', grad_fn=<DivBackward0>)
Memory status after this epoch: 
Memory allocated:  6.9892578125
Memory cached:  132.0
	 epoch  10 training error:  tensor(6.0138, device='cuda:0', grad_fn=<DivBackward0>)
Memory status after this epoch: 
Memory allocated:  6.9892578125
Memory cached:  228.0
	 epoch  20 training error:  tensor(5.2741, device='cuda:0', grad_fn=<DivBackward0>)
Memory status after this epoch: 
Memory allocated:  6.9892578125
Memory cached:  228.0
	 epoch  30 training error:  tensor(6.0886, device='cuda:0', grad_fn=<DivBackward0>)
Memory status after this epoch: 
Memory allocated:  6.9892578125
Memory cached:  234.0
	 epoch  40 training error:  tensor(5.8807, device='cuda:0', grad_fn=<DivBackward0>)
Memory status after this epoch: 
Memory allocated:  6.9892578125
Memory cached:  234.0
	 epoch  50 training error:  tensor(5.9028, device='cuda:0', grad_fn=<DivBackward0>)
Memory status after this epoch: 
Memory allocated:  6.9892578125
Memory cached:  236.0
	 epoch  60 training error:  tensor(5.8515, device='cuda:0', grad_fn=<DivBackward0>)
Memory status after this epoch: 
Memory allocated:  6.9892578125
Memory cached:  224.0
	 epoch  70 training error:  tensor(6.2643, device='cuda:0', grad_fn=<DivBackward0>)
Memory status after this epoch: 
Memory allocated:  6.9892578125
Memory cached:  228.0
	 epoch  80 training error:  tensor(6.0081, device='cuda:0', grad_fn=<DivBackward0>)
Memory status after this epoch: 
Memory allocated:  6.9892578125
Memory cached:  228.0
	 epoch  90 training error:  tensor(5.5954, device='cuda:0', grad_fn=<DivBackward0>)
Memory status after this epoch: 
Memory allocated:  6.9892578125
Memory cached:  242.0
[I 2023-11-29 08:28:43,467] Trial 33 finished with value: 3.129462718963623 and parameters: {'W_layers': 4, 'W_layer_units_exponent_0': 9, 'W_layer_units_exponent_1': 9, 'W_layer_units_exponent_2': 7, 'W_layer_units_exponent_3': 9, 'D_layers': 4, 'D_layer_units_exponent_0': 6, 'D_layer_units_exponent_1': 5, 'D_layer_units_exponent_2': 8, 'D_layer_units_exponent_3': 5, 'D_dagger_layers': 3, 'D_dagger_layer_units_exponent_0': 10, 'D_dagger_layer_units_exponent_1': 4, 'D_dagger_layer_units_exponent_2': 6, 'log_learning_rate': -1.9259561881624858, 'log_learning_rate_D': -2.81988485898312, 'log_learning_rate_D_dagger': -1.4050809120975527, 'training_batch_size': 6, 'training_p': 3}. Best is trial 0 with value: 1.0.
Time for this trial:  464.51555585861206
Memory status after this trial: 
Memory allocated:  175.21533203125
Memory cached:  202.0
--------------------  Trial  34   --------------------
Start timing: 
Parameters: 
{'W_layers': 4, 'W_layer_units_exponent_0': 10, 'W_layer_units_exponent_1': 9, 'W_layer_units_exponent_2': 7, 'W_layer_units_exponent_3': 10, 'D_layers': 4, 'D_layer_units_exponent_0': 6, 'D_layer_units_exponent_1': 5, 'D_layer_units_exponent_2': 7, 'D_layer_units_exponent_3': 6, 'D_dagger_layers': 3, 'D_dagger_layer_units_exponent_0': 10, 'D_dagger_layer_units_exponent_1': 4, 'D_dagger_layer_units_exponent_2': 6, 'log_learning_rate': -1.8506945893424522, 'log_learning_rate_D': -3.2218077002575587, 'log_learning_rate_D_dagger': -1.6033371831442131, 'training_batch_size': 6, 'training_p': 3}
	 epoch  0 training error:  tensor(2.9331, device='cuda:0', grad_fn=<DivBackward0>)
Memory status after this epoch: 
Memory allocated:  11.990234375
Memory cached:  168.0
	 epoch  10 training error:  tensor(1., device='cuda:0', grad_fn=<DivBackward0>)
Memory status after this epoch: 
Memory allocated:  11.990234375
Memory cached:  274.0
	 epoch  20 training error:  tensor(1., device='cuda:0', grad_fn=<DivBackward0>)
Memory status after this epoch: 
Memory allocated:  11.990234375
Memory cached:  268.0
	 epoch  30 training error:  tensor(1., device='cuda:0', grad_fn=<DivBackward0>)
Memory status after this epoch: 
Memory allocated:  11.990234375
Memory cached:  262.0
	 epoch  40 training error:  tensor(1., device='cuda:0', grad_fn=<DivBackward0>)
Memory status after this epoch: 
Memory allocated:  11.990234375
Memory cached:  276.0
	 epoch  50 training error:  tensor(1., device='cuda:0', grad_fn=<DivBackward0>)
Memory status after this epoch: 
Memory allocated:  11.990234375
Memory cached:  274.0
	 epoch  60 training error:  tensor(1., device='cuda:0', grad_fn=<DivBackward0>)
Memory status after this epoch: 
Memory allocated:  11.990234375
Memory cached:  270.0
	 epoch  70 training error:  tensor(1., device='cuda:0', grad_fn=<DivBackward0>)
Memory status after this epoch: 
Memory allocated:  11.990234375
Memory cached:  264.0
	 epoch  80 training error:  tensor(1., device='cuda:0', grad_fn=<DivBackward0>)
Memory status after this epoch: 
Memory allocated:  11.990234375
Memory cached:  266.0
	 epoch  90 training error:  tensor(1., device='cuda:0', grad_fn=<DivBackward0>)
Memory status after this epoch: 
Memory allocated:  11.990234375
Memory cached:  258.0
[I 2023-11-29 08:36:32,062] Trial 34 finished with value: 1.0 and parameters: {'W_layers': 4, 'W_layer_units_exponent_0': 10, 'W_layer_units_exponent_1': 9, 'W_layer_units_exponent_2': 7, 'W_layer_units_exponent_3': 10, 'D_layers': 4, 'D_layer_units_exponent_0': 6, 'D_layer_units_exponent_1': 5, 'D_layer_units_exponent_2': 7, 'D_layer_units_exponent_3': 6, 'D_dagger_layers': 3, 'D_dagger_layer_units_exponent_0': 10, 'D_dagger_layer_units_exponent_1': 4, 'D_dagger_layer_units_exponent_2': 6, 'log_learning_rate': -1.8506945893424522, 'log_learning_rate_D': -3.2218077002575587, 'log_learning_rate_D_dagger': -1.6033371831442131, 'training_batch_size': 6, 'training_p': 3}. Best is trial 0 with value: 1.0.
Time for this trial:  468.3165602684021
Memory status after this trial: 
Memory allocated:  228.015625
Memory cached:  248.0
--------------------  Trial  35   --------------------
Start timing: 
Parameters: 
{'W_layers': 5, 'W_layer_units_exponent_0': 8, 'W_layer_units_exponent_1': 10, 'W_layer_units_exponent_2': 8, 'W_layer_units_exponent_3': 9, 'W_layer_units_exponent_4': 8, 'D_layers': 6, 'D_layer_units_exponent_0': 6, 'D_layer_units_exponent_1': 7, 'D_layer_units_exponent_2': 9, 'D_layer_units_exponent_3': 5, 'D_layer_units_exponent_4': 9, 'D_layer_units_exponent_5': 9, 'D_dagger_layers': 4, 'D_dagger_layer_units_exponent_0': 10, 'D_dagger_layer_units_exponent_1': 5, 'D_dagger_layer_units_exponent_2': 5, 'D_dagger_layer_units_exponent_3': 8, 'log_learning_rate': -2.2239864784097993, 'log_learning_rate_D': -2.564155505135573, 'log_learning_rate_D_dagger': -1.2517075907400268, 'training_batch_size': 7, 'training_p': 5}
	 epoch  0 training error:  tensor(7.5834, device='cuda:0', grad_fn=<DivBackward0>)
Memory status after this epoch: 
Memory allocated:  18.8017578125
Memory cached:  152.0
	 epoch  10 training error:  tensor(3.1871, device='cuda:0', grad_fn=<DivBackward0>)
Memory status after this epoch: 
Memory allocated:  18.8017578125
Memory cached:  286.0
	 epoch  20 training error:  tensor(1., device='cuda:0', grad_fn=<DivBackward0>)
Memory status after this epoch: 
Memory allocated:  18.8017578125
Memory cached:  314.0
	 epoch  30 training error:  tensor(7.8995, device='cuda:0', grad_fn=<DivBackward0>)
Memory status after this epoch: 
Memory allocated:  18.8017578125
Memory cached:  298.0
	 epoch  40 training error:  tensor(14.3045, device='cuda:0', grad_fn=<DivBackward0>)
Memory status after this epoch: 
Memory allocated:  18.8017578125
Memory cached:  290.0
	 epoch  50 training error:  tensor(1., device='cuda:0', grad_fn=<DivBackward0>)
Memory status after this epoch: 
Memory allocated:  18.8017578125
Memory cached:  292.0
	 epoch  60 training error:  tensor(1., device='cuda:0', grad_fn=<DivBackward0>)
Memory status after this epoch: 
Memory allocated:  18.8017578125
Memory cached:  294.0
	 epoch  70 training error:  tensor(1., device='cuda:0', grad_fn=<DivBackward0>)
Memory status after this epoch: 
Memory allocated:  18.8017578125
Memory cached:  268.0
	 epoch  80 training error:  tensor(1., device='cuda:0', grad_fn=<DivBackward0>)
Memory status after this epoch: 
Memory allocated:  18.8017578125
Memory cached:  298.0
	 epoch  90 training error:  tensor(1., device='cuda:0', grad_fn=<DivBackward0>)
Memory status after this epoch: 
Memory allocated:  18.8017578125
Memory cached:  298.0
[I 2023-11-29 08:41:53,411] Trial 35 finished with value: 1.0 and parameters: {'W_layers': 5, 'W_layer_units_exponent_0': 8, 'W_layer_units_exponent_1': 10, 'W_layer_units_exponent_2': 8, 'W_layer_units_exponent_3': 9, 'W_layer_units_exponent_4': 8, 'D_layers': 6, 'D_layer_units_exponent_0': 6, 'D_layer_units_exponent_1': 7, 'D_layer_units_exponent_2': 9, 'D_layer_units_exponent_3': 5, 'D_layer_units_exponent_4': 9, 'D_layer_units_exponent_5': 9, 'D_dagger_layers': 4, 'D_dagger_layer_units_exponent_0': 10, 'D_dagger_layer_units_exponent_1': 5, 'D_dagger_layer_units_exponent_2': 5, 'D_dagger_layer_units_exponent_3': 8, 'log_learning_rate': -2.2239864784097993, 'log_learning_rate_D': -2.564155505135573, 'log_learning_rate_D_dagger': -1.2517075907400268, 'training_batch_size': 7, 'training_p': 5}. Best is trial 0 with value: 1.0.
Time for this trial:  321.0651240348816
Memory status after this trial: 
Memory allocated:  302.3203125
Memory cached:  312.0
--------------------  Trial  36   --------------------
Start timing: 
Parameters: 
{'W_layers': 3, 'W_layer_units_exponent_0': 9, 'W_layer_units_exponent_1': 7, 'W_layer_units_exponent_2': 5, 'D_layers': 5, 'D_layer_units_exponent_0': 6, 'D_layer_units_exponent_1': 6, 'D_layer_units_exponent_2': 8, 'D_layer_units_exponent_3': 4, 'D_layer_units_exponent_4': 6, 'D_dagger_layers': 3, 'D_dagger_layer_units_exponent_0': 9, 'D_dagger_layer_units_exponent_1': 4, 'D_dagger_layer_units_exponent_2': 7, 'log_learning_rate': -2.63438040904957, 'log_learning_rate_D': -2.9007125438368724, 'log_learning_rate_D_dagger': -1.5769054874258162, 'training_batch_size': 6, 'training_p': 3}
	 epoch  0 training error:  tensor(2.8086, device='cuda:0', grad_fn=<DivBackward0>)
Memory status after this epoch: 
Memory allocated:  1.9384765625
Memory cached:  118.0
	 epoch  10 training error:  tensor(1.1901, device='cuda:0', grad_fn=<DivBackward0>)
Memory status after this epoch: 
Memory allocated:  1.9384765625
Memory cached:  154.0
	 epoch  20 training error:  tensor(5.6892, device='cuda:0', grad_fn=<DivBackward0>)
Memory status after this epoch: 
Memory allocated:  1.9384765625
Memory cached:  158.0
	 epoch  30 training error:  tensor(8.0292, device='cuda:0', grad_fn=<DivBackward0>)
Memory status after this epoch: 
Memory allocated:  1.9384765625
Memory cached:  158.0
	 epoch  40 training error:  tensor(4.7901, device='cuda:0', grad_fn=<DivBackward0>)
Memory status after this epoch: 
Memory allocated:  1.9384765625
Memory cached:  156.0
	 epoch  50 training error:  tensor(3.1988, device='cuda:0', grad_fn=<DivBackward0>)
Memory status after this epoch: 
Memory allocated:  1.9384765625
Memory cached:  160.0
	 epoch  60 training error:  tensor(2.2778, device='cuda:0', grad_fn=<DivBackward0>)
Memory status after this epoch: 
Memory allocated:  1.9384765625
Memory cached:  160.0
	 epoch  70 training error:  tensor(1.9819, device='cuda:0', grad_fn=<DivBackward0>)
Memory status after this epoch: 
Memory allocated:  1.9384765625
Memory cached:  164.0
	 epoch  80 training error:  tensor(2.0792, device='cuda:0', grad_fn=<DivBackward0>)
Memory status after this epoch: 
Memory allocated:  1.9384765625
Memory cached:  162.0
	 epoch  90 training error:  tensor(2.0469, device='cuda:0', grad_fn=<DivBackward0>)
Memory status after this epoch: 
Memory allocated:  1.9384765625
Memory cached:  160.0
[I 2023-11-29 08:49:27,711] Trial 36 finished with value: 1.7689541578292847 and parameters: {'W_layers': 3, 'W_layer_units_exponent_0': 9, 'W_layer_units_exponent_1': 7, 'W_layer_units_exponent_2': 5, 'D_layers': 5, 'D_layer_units_exponent_0': 6, 'D_layer_units_exponent_1': 6, 'D_layer_units_exponent_2': 8, 'D_layer_units_exponent_3': 4, 'D_layer_units_exponent_4': 6, 'D_dagger_layers': 3, 'D_dagger_layer_units_exponent_0': 9, 'D_dagger_layer_units_exponent_1': 4, 'D_dagger_layer_units_exponent_2': 7, 'log_learning_rate': -2.63438040904957, 'log_learning_rate_D': -2.9007125438368724, 'log_learning_rate_D_dagger': -1.5769054874258162, 'training_batch_size': 6, 'training_p': 3}. Best is trial 0 with value: 1.0.
Time for this trial:  454.0638356208801
Memory status after this trial: 
Memory allocated:  99.2021484375
Memory cached:  134.0
--------------------  Trial  37   --------------------
Start timing: 
Parameters: 
{'W_layers': 4, 'W_layer_units_exponent_0': 8, 'W_layer_units_exponent_1': 7, 'W_layer_units_exponent_2': 6, 'W_layer_units_exponent_3': 7, 'D_layers': 3, 'D_layer_units_exponent_0': 7, 'D_layer_units_exponent_1': 4, 'D_layer_units_exponent_2': 7, 'D_dagger_layers': 2, 'D_dagger_layer_units_exponent_0': 4, 'D_dagger_layer_units_exponent_1': 4, 'log_learning_rate': -1.6942890821683525, 'log_learning_rate_D': -3.3801631146643905, 'log_learning_rate_D_dagger': -2.1041341736116608, 'training_batch_size': 8, 'training_p': 4}
	 epoch  0 training error:  tensor(2.1609, device='cuda:0', grad_fn=<DivBackward0>)
Memory status after this epoch: 
Memory allocated:  1.0283203125
Memory cached:  90.0
	 epoch  10 training error:  tensor(2.3362, device='cuda:0', grad_fn=<DivBackward0>)
Memory status after this epoch: 
Memory allocated:  1.0283203125
Memory cached:  110.0
	 epoch  20 training error:  tensor(3.4488, device='cuda:0', grad_fn=<DivBackward0>)
Memory status after this epoch: 
Memory allocated:  1.0283203125
Memory cached:  108.0
	 epoch  30 training error:  tensor(4.1226, device='cuda:0', grad_fn=<DivBackward0>)
Memory status after this epoch: 
Memory allocated:  1.0283203125
Memory cached:  112.0
	 epoch  40 training error:  tensor(4.3801, device='cuda:0', grad_fn=<DivBackward0>)
Memory status after this epoch: 
Memory allocated:  1.0283203125
Memory cached:  106.0
	 epoch  50 training error:  tensor(2.6130, device='cuda:0', grad_fn=<DivBackward0>)
Memory status after this epoch: 
Memory allocated:  1.0283203125
Memory cached:  108.0
	 epoch  60 training error:  tensor(2.0273, device='cuda:0', grad_fn=<DivBackward0>)
Memory status after this epoch: 
Memory allocated:  1.0283203125
Memory cached:  108.0
	 epoch  70 training error:  tensor(2.0457, device='cuda:0', grad_fn=<DivBackward0>)
Memory status after this epoch: 
Memory allocated:  1.0283203125
Memory cached:  108.0
	 epoch  80 training error:  tensor(1.7822, device='cuda:0', grad_fn=<DivBackward0>)
Memory status after this epoch: 
Memory allocated:  1.0283203125
Memory cached:  108.0
	 epoch  90 training error:  tensor(1.7727, device='cuda:0', grad_fn=<DivBackward0>)
Memory status after this epoch: 
Memory allocated:  1.0283203125
Memory cached:  110.0
[I 2023-11-29 08:52:50,240] Trial 37 finished with value: 1.991938591003418 and parameters: {'W_layers': 4, 'W_layer_units_exponent_0': 8, 'W_layer_units_exponent_1': 7, 'W_layer_units_exponent_2': 6, 'W_layer_units_exponent_3': 7, 'D_layers': 3, 'D_layer_units_exponent_0': 7, 'D_layer_units_exponent_1': 4, 'D_layer_units_exponent_2': 7, 'D_dagger_layers': 2, 'D_dagger_layer_units_exponent_0': 4, 'D_dagger_layer_units_exponent_1': 4, 'log_learning_rate': -1.6942890821683525, 'log_learning_rate_D': -3.3801631146643905, 'log_learning_rate_D_dagger': -2.1041341736116608, 'training_batch_size': 8, 'training_p': 4}. Best is trial 0 with value: 1.0.
Time for this trial:  202.3053262233734
Memory status after this trial: 
Memory allocated:  49.49609375
Memory cached:  98.0
--------------------  Trial  38   --------------------
Start timing: 
Parameters: 
{'W_layers': 6, 'W_layer_units_exponent_0': 9, 'W_layer_units_exponent_1': 9, 'W_layer_units_exponent_2': 8, 'W_layer_units_exponent_3': 10, 'W_layer_units_exponent_4': 10, 'W_layer_units_exponent_5': 8, 'D_layers': 4, 'D_layer_units_exponent_0': 5, 'D_layer_units_exponent_1': 5, 'D_layer_units_exponent_2': 9, 'D_layer_units_exponent_3': 5, 'D_dagger_layers': 3, 'D_dagger_layer_units_exponent_0': 10, 'D_dagger_layer_units_exponent_1': 10, 'D_dagger_layer_units_exponent_2': 5, 'log_learning_rate': -2.0778072359588533, 'log_learning_rate_D': -3.0843364046576873, 'log_learning_rate_D_dagger': -1.309314462013742, 'training_batch_size': 7, 'training_p': 2}
	 epoch  0 training error:  tensor(2.1113, device='cuda:0', grad_fn=<DivBackward0>)
Memory status after this epoch: 
Memory allocated:  47.5927734375
Memory cached:  206.0
	 epoch  10 training error:  tensor(1.0497, device='cuda:0', grad_fn=<DivBackward0>)
Memory status after this epoch: 
Memory allocated:  47.5927734375
Memory cached:  332.0
	 epoch  20 training error:  tensor(1.0215, device='cuda:0', grad_fn=<DivBackward0>)
Memory status after this epoch: 
Memory allocated:  47.5927734375
Memory cached:  336.0
	 epoch  30 training error:  tensor(1.0361, device='cuda:0', grad_fn=<DivBackward0>)
Memory status after this epoch: 
Memory allocated:  47.5927734375
Memory cached:  336.0
	 epoch  40 training error:  tensor(1.5491, device='cuda:0', grad_fn=<DivBackward0>)
Memory status after this epoch: 
Memory allocated:  47.5927734375
Memory cached:  328.0
	 epoch  50 training error:  tensor(1.1366, device='cuda:0', grad_fn=<DivBackward0>)
Memory status after this epoch: 
Memory allocated:  47.5927734375
Memory cached:  342.0
	 epoch  60 training error:  tensor(1.0041, device='cuda:0', grad_fn=<DivBackward0>)
Memory status after this epoch: 
Memory allocated:  47.5927734375
Memory cached:  336.0
	 epoch  70 training error:  tensor(1.2219, device='cuda:0', grad_fn=<DivBackward0>)
Memory status after this epoch: 
Memory allocated:  47.5927734375
Memory cached:  344.0
	 epoch  80 training error:  tensor(1., device='cuda:0', grad_fn=<DivBackward0>)
Memory status after this epoch: 
Memory allocated:  47.5927734375
Memory cached:  348.0
	 epoch  90 training error:  tensor(1., device='cuda:0', grad_fn=<DivBackward0>)
Memory status after this epoch: 
Memory allocated:  47.5927734375
Memory cached:  334.0
