[I 2023-11-20 16:19:18,169] Trial 21 finished with value: 1.0 and parameters: {'W_layers': 6, 'W_layer_units_exponent_0': 7, 'W_layer_units_exponent_1': 8, 'W_layer_units_exponent_2': 6, 'W_layer_units_exponent_3': 5, 'W_layer_units_exponent_4': 6, 'W_layer_units_exponent_5': 6, 'D_layers': 3, 'D_layer_units_exponent_0': 10, 'D_layer_units_exponent_1': 7, 'D_layer_units_exponent_2': 10, 'D_dagger_layers': 6, 'D_dagger_layer_units_exponent_0': 6, 'D_dagger_layer_units_exponent_1': 9, 'D_dagger_layer_units_exponent_2': 8, 'D_dagger_layer_units_exponent_3': 8, 'D_dagger_layer_units_exponent_4': 8, 'D_dagger_layer_units_exponent_5': 10, 'log_learning_rate': -4.533165186714801, 'log_learning_rate_D': -3.806551455820255, 'log_learning_rate_D_dagger': -4.6133502922880965, 'training_batch_size': 7, 'training_p': 6}. Best is trial 14 with value: 0.10091722011566162.
Time for this trial:  204.97639226913452
Memory status after this trial: 
Memory allocated:  203.15966796875
Memory cached:  212.0
--------------------  Trial  22   --------------------
Start timing: 
Parameters: 
{'W_layers': 7, 'W_layer_units_exponent_0': 7, 'W_layer_units_exponent_1': 7, 'W_layer_units_exponent_2': 7, 'W_layer_units_exponent_3': 8, 'W_layer_units_exponent_4': 8, 'W_layer_units_exponent_5': 9, 'W_layer_units_exponent_6': 6, 'D_layers': 3, 'D_layer_units_exponent_0': 8, 'D_layer_units_exponent_1': 8, 'D_layer_units_exponent_2': 10, 'D_dagger_layers': 5, 'D_dagger_layer_units_exponent_0': 5, 'D_dagger_layer_units_exponent_1': 9, 'D_dagger_layer_units_exponent_2': 9, 'D_dagger_layer_units_exponent_3': 9, 'D_dagger_layer_units_exponent_4': 9, 'log_learning_rate': -3.987154204470072, 'log_learning_rate_D': -3.204495481291045, 'log_learning_rate_D_dagger': -4.1300622444680055, 'training_batch_size': 7, 'training_p': 5}
	 epoch  0 training error:  tensor(1., device='cuda:0', grad_fn=<DivBackward0>)
Memory status after this epoch: 
Memory allocated:  21.98095703125
Memory cached:  68.0
	 epoch  10 training error:  tensor(1., device='cuda:0', grad_fn=<DivBackward0>)
Memory status after this epoch: 
Memory allocated:  21.98095703125
Memory cached:  96.0
	 epoch  20 training error:  tensor(1., device='cuda:0', grad_fn=<DivBackward0>)
Memory status after this epoch: 
Memory allocated:  21.98095703125
Memory cached:  102.0
	 epoch  30 training error:  tensor(1., device='cuda:0', grad_fn=<DivBackward0>)
Memory status after this epoch: 
Memory allocated:  21.98095703125
Memory cached:  106.0
	 epoch  40 training error:  tensor(1., device='cuda:0', grad_fn=<DivBackward0>)
Memory status after this epoch: 
Memory allocated:  21.98095703125
Memory cached:  104.0
	 epoch  50 training error:  tensor(1., device='cuda:0', grad_fn=<DivBackward0>)
Memory status after this epoch: 
Memory allocated:  21.98095703125
Memory cached:  104.0
	 epoch  60 training error:  tensor(1., device='cuda:0', grad_fn=<DivBackward0>)
Memory status after this epoch: 
Memory allocated:  21.98095703125
Memory cached:  102.0
	 epoch  70 training error:  tensor(1., device='cuda:0', grad_fn=<DivBackward0>)
Memory status after this epoch: 
Memory allocated:  21.98095703125
Memory cached:  104.0
	 epoch  80 training error:  tensor(1., device='cuda:0', grad_fn=<DivBackward0>)
Memory status after this epoch: 
Memory allocated:  21.98095703125
Memory cached:  102.0
	 epoch  90 training error:  tensor(1., device='cuda:0', grad_fn=<DivBackward0>)
Memory status after this epoch: 
Memory allocated:  21.98095703125
Memory cached:  110.0
[I 2023-11-20 16:22:43,404] Trial 22 finished with value: 1.0 and parameters: {'W_layers': 7, 'W_layer_units_exponent_0': 7, 'W_layer_units_exponent_1': 7, 'W_layer_units_exponent_2': 7, 'W_layer_units_exponent_3': 8, 'W_layer_units_exponent_4': 8, 'W_layer_units_exponent_5': 9, 'W_layer_units_exponent_6': 6, 'D_layers': 3, 'D_layer_units_exponent_0': 8, 'D_layer_units_exponent_1': 8, 'D_layer_units_exponent_2': 10, 'D_dagger_layers': 5, 'D_dagger_layer_units_exponent_0': 5, 'D_dagger_layer_units_exponent_1': 9, 'D_dagger_layer_units_exponent_2': 9, 'D_dagger_layer_units_exponent_3': 9, 'D_dagger_layer_units_exponent_4': 9, 'log_learning_rate': -3.987154204470072, 'log_learning_rate_D': -3.204495481291045, 'log_learning_rate_D_dagger': -4.1300622444680055, 'training_batch_size': 7, 'training_p': 5}. Best is trial 14 with value: 0.10091722011566162.
Time for this trial:  204.96757817268372
Memory status after this trial: 
Memory allocated:  205.13818359375
Memory cached:  218.0
--------------------  Trial  23   --------------------
Start timing: 
Parameters: 
{'W_layers': 8, 'W_layer_units_exponent_0': 8, 'W_layer_units_exponent_1': 6, 'W_layer_units_exponent_2': 8, 'W_layer_units_exponent_3': 5, 'W_layer_units_exponent_4': 6, 'W_layer_units_exponent_5': 9, 'W_layer_units_exponent_6': 4, 'W_layer_units_exponent_7': 4, 'D_layers': 4, 'D_layer_units_exponent_0': 9, 'D_layer_units_exponent_1': 7, 'D_layer_units_exponent_2': 9, 'D_layer_units_exponent_3': 8, 'D_dagger_layers': 3, 'D_dagger_layer_units_exponent_0': 6, 'D_dagger_layer_units_exponent_1': 10, 'D_dagger_layer_units_exponent_2': 6, 'log_learning_rate': -4.541921973628374, 'log_learning_rate_D': -2.876197650164916, 'log_learning_rate_D_dagger': -4.559602476149678, 'training_batch_size': 8, 'training_p': 3}
	 epoch  0 training error:  tensor(1.0030, device='cuda:0', grad_fn=<DivBackward0>)
Memory status after this epoch: 
Memory allocated:  7.49072265625
Memory cached:  144.0
	 epoch  10 training error:  tensor(0.9997, device='cuda:0', grad_fn=<DivBackward0>)
Memory status after this epoch: 
Memory allocated:  7.49072265625
Memory cached:  192.0
	 epoch  20 training error:  tensor(0.9995, device='cuda:0', grad_fn=<DivBackward0>)
Memory status after this epoch: 
Memory allocated:  7.49072265625
Memory cached:  190.0
	 epoch  30 training error:  tensor(0.9994, device='cuda:0', grad_fn=<DivBackward0>)
Memory status after this epoch: 
Memory allocated:  7.49072265625
Memory cached:  188.0
	 epoch  40 training error:  tensor(0.9996, device='cuda:0', grad_fn=<DivBackward0>)
Memory status after this epoch: 
Memory allocated:  7.49072265625
Memory cached:  192.0
	 epoch  50 training error:  tensor(0.9993, device='cuda:0', grad_fn=<DivBackward0>)
Memory status after this epoch: 
Memory allocated:  7.49072265625
Memory cached:  186.0
	 epoch  60 training error:  tensor(0.9991, device='cuda:0', grad_fn=<DivBackward0>)
Memory status after this epoch: 
Memory allocated:  7.49072265625
Memory cached:  190.0
	 epoch  70 training error:  tensor(0.9989, device='cuda:0', grad_fn=<DivBackward0>)
Memory status after this epoch: 
Memory allocated:  7.49072265625
Memory cached:  192.0
	 epoch  80 training error:  tensor(0.9987, device='cuda:0', grad_fn=<DivBackward0>)
Memory status after this epoch: 
Memory allocated:  7.49072265625
Memory cached:  192.0
	 epoch  90 training error:  tensor(0.9983, device='cuda:0', grad_fn=<DivBackward0>)
Memory status after this epoch: 
Memory allocated:  7.49072265625
Memory cached:  184.0
[I 2023-11-20 16:25:57,437] Trial 23 finished with value: 0.997754693031311 and parameters: {'W_layers': 8, 'W_layer_units_exponent_0': 8, 'W_layer_units_exponent_1': 6, 'W_layer_units_exponent_2': 8, 'W_layer_units_exponent_3': 5, 'W_layer_units_exponent_4': 6, 'W_layer_units_exponent_5': 9, 'W_layer_units_exponent_6': 4, 'W_layer_units_exponent_7': 4, 'D_layers': 4, 'D_layer_units_exponent_0': 9, 'D_layer_units_exponent_1': 7, 'D_layer_units_exponent_2': 9, 'D_layer_units_exponent_3': 8, 'D_dagger_layers': 3, 'D_dagger_layer_units_exponent_0': 6, 'D_dagger_layer_units_exponent_1': 10, 'D_dagger_layer_units_exponent_2': 6, 'log_learning_rate': -4.541921973628374, 'log_learning_rate_D': -2.876197650164916, 'log_learning_rate_D_dagger': -4.559602476149678, 'training_batch_size': 8, 'training_p': 3}. Best is trial 14 with value: 0.10091722011566162.
Time for this trial:  193.77208137512207
Memory status after this trial: 
Memory allocated:  148.13720703125
Memory cached:  160.0
--------------------  Trial  24   --------------------
Start timing: 
Parameters: 
{'W_layers': 5, 'W_layer_units_exponent_0': 7, 'W_layer_units_exponent_1': 9, 'W_layer_units_exponent_2': 5, 'W_layer_units_exponent_3': 10, 'W_layer_units_exponent_4': 5, 'D_layers': 5, 'D_layer_units_exponent_0': 10, 'D_layer_units_exponent_1': 6, 'D_layer_units_exponent_2': 7, 'D_layer_units_exponent_3': 7, 'D_layer_units_exponent_4': 4, 'D_dagger_layers': 7, 'D_dagger_layer_units_exponent_0': 4, 'D_dagger_layer_units_exponent_1': 8, 'D_dagger_layer_units_exponent_2': 8, 'D_dagger_layer_units_exponent_3': 8, 'D_dagger_layer_units_exponent_4': 6, 'D_dagger_layer_units_exponent_5': 8, 'D_dagger_layer_units_exponent_6': 7, 'log_learning_rate': -4.912582088454322, 'log_learning_rate_D': -4.5950837146586165, 'log_learning_rate_D_dagger': -3.6225625055651363, 'training_batch_size': 6, 'training_p': 7}
	 epoch  0 training error:  tensor(0.9998, device='cuda:0', grad_fn=<DivBackward0>)
Memory status after this epoch: 
Memory allocated:  6.96142578125
Memory cached:  110.0
	 epoch  10 training error:  tensor(0.9866, device='cuda:0', grad_fn=<DivBackward0>)
Memory status after this epoch: 
Memory allocated:  6.96142578125
Memory cached:  108.0
	 epoch  20 training error:  tensor(0.9753, device='cuda:0', grad_fn=<DivBackward0>)
Memory status after this epoch: 
Memory allocated:  6.96142578125
Memory cached:  108.0
	 epoch  30 training error:  tensor(0.8970, device='cuda:0', grad_fn=<DivBackward0>)
Memory status after this epoch: 
Memory allocated:  6.96142578125
Memory cached:  108.0
	 epoch  40 training error:  tensor(0.8660, device='cuda:0', grad_fn=<DivBackward0>)
Memory status after this epoch: 
Memory allocated:  6.96142578125
Memory cached:  108.0
	 epoch  50 training error:  tensor(0.8660, device='cuda:0', grad_fn=<DivBackward0>)
Memory status after this epoch: 
Memory allocated:  6.96142578125
Memory cached:  110.0
	 epoch  60 training error:  tensor(0.8660, device='cuda:0', grad_fn=<DivBackward0>)
Memory status after this epoch: 
Memory allocated:  6.96142578125
Memory cached:  108.0
	 epoch  70 training error:  tensor(0.8660, device='cuda:0', grad_fn=<DivBackward0>)
Memory status after this epoch: 
Memory allocated:  6.96142578125
Memory cached:  108.0
	 epoch  80 training error:  tensor(0.8660, device='cuda:0', grad_fn=<DivBackward0>)
Memory status after this epoch: 
Memory allocated:  6.96142578125
Memory cached:  108.0
	 epoch  90 training error:  tensor(0.8660, device='cuda:0', grad_fn=<DivBackward0>)
Memory status after this epoch: 
Memory allocated:  6.96142578125
Memory cached:  106.0
[I 2023-11-20 16:32:22,188] Trial 24 finished with value: 0.7459402680397034 and parameters: {'W_layers': 5, 'W_layer_units_exponent_0': 7, 'W_layer_units_exponent_1': 9, 'W_layer_units_exponent_2': 5, 'W_layer_units_exponent_3': 10, 'W_layer_units_exponent_4': 5, 'D_layers': 5, 'D_layer_units_exponent_0': 10, 'D_layer_units_exponent_1': 6, 'D_layer_units_exponent_2': 7, 'D_layer_units_exponent_3': 7, 'D_layer_units_exponent_4': 4, 'D_dagger_layers': 7, 'D_dagger_layer_units_exponent_0': 4, 'D_dagger_layer_units_exponent_1': 8, 'D_dagger_layer_units_exponent_2': 8, 'D_dagger_layer_units_exponent_3': 8, 'D_dagger_layer_units_exponent_4': 6, 'D_dagger_layer_units_exponent_5': 8, 'D_dagger_layer_units_exponent_6': 7, 'log_learning_rate': -4.912582088454322, 'log_learning_rate_D': -4.5950837146586165, 'log_learning_rate_D_dagger': -3.6225625055651363, 'training_batch_size': 6, 'training_p': 7}. Best is trial 14 with value: 0.10091722011566162.
Time for this trial:  384.45295429229736
Memory status after this trial: 
Memory allocated:  168.6787109375
Memory cached:  174.0
--------------------  Trial  25   --------------------
Start timing: 
Parameters: 
{'W_layers': 5, 'W_layer_units_exponent_0': 10, 'W_layer_units_exponent_1': 9, 'W_layer_units_exponent_2': 5, 'W_layer_units_exponent_3': 10, 'W_layer_units_exponent_4': 4, 'D_layers': 5, 'D_layer_units_exponent_0': 10, 'D_layer_units_exponent_1': 5, 'D_layer_units_exponent_2': 7, 'D_layer_units_exponent_3': 7, 'D_layer_units_exponent_4': 4, 'D_dagger_layers': 7, 'D_dagger_layer_units_exponent_0': 4, 'D_dagger_layer_units_exponent_1': 7, 'D_dagger_layer_units_exponent_2': 9, 'D_dagger_layer_units_exponent_3': 7, 'D_dagger_layer_units_exponent_4': 5, 'D_dagger_layer_units_exponent_5': 7, 'D_dagger_layer_units_exponent_6': 8, 'log_learning_rate': -4.932016705348911, 'log_learning_rate_D': -4.729002814412423, 'log_learning_rate_D_dagger': -3.5210582218672535, 'training_batch_size': 6, 'training_p': 7}
	 epoch  0 training error:  tensor(0.9998, device='cuda:0', grad_fn=<DivBackward0>)
Memory status after this epoch: 
Memory allocated:  12.77197265625
Memory cached:  126.0
	 epoch  10 training error:  tensor(0.9763, device='cuda:0', grad_fn=<DivBackward0>)
Memory status after this epoch: 
Memory allocated:  12.77197265625
Memory cached:  108.0
	 epoch  20 training error:  tensor(0.9471, device='cuda:0', grad_fn=<DivBackward0>)
Memory status after this epoch: 
Memory allocated:  12.77197265625
Memory cached:  106.0
	 epoch  30 training error:  tensor(0.8398, device='cuda:0', grad_fn=<DivBackward0>)
Memory status after this epoch: 
Memory allocated:  12.77197265625
Memory cached:  104.0
	 epoch  40 training error:  tensor(0.8054, device='cuda:0', grad_fn=<DivBackward0>)
Memory status after this epoch: 
Memory allocated:  12.77197265625
Memory cached:  106.0
	 epoch  50 training error:  tensor(0.7830, device='cuda:0', grad_fn=<DivBackward0>)
Memory status after this epoch: 
Memory allocated:  12.77197265625
Memory cached:  104.0
	 epoch  60 training error:  tensor(0.7575, device='cuda:0', grad_fn=<DivBackward0>)
Memory status after this epoch: 
Memory allocated:  12.77197265625
Memory cached:  104.0
	 epoch  70 training error:  tensor(0.7188, device='cuda:0', grad_fn=<DivBackward0>)
Memory status after this epoch: 
Memory allocated:  12.77197265625
Memory cached:  104.0
	 epoch  80 training error:  tensor(0.6685, device='cuda:0', grad_fn=<DivBackward0>)
Memory status after this epoch: 
Memory allocated:  12.77197265625
Memory cached:  104.0
	 epoch  90 training error:  tensor(0.6057, device='cuda:0', grad_fn=<DivBackward0>)
Memory status after this epoch: 
Memory allocated:  12.77197265625
Memory cached:  106.0
[I 2023-11-20 16:38:50,864] Trial 25 finished with value: 0.4648508131504059 and parameters: {'W_layers': 5, 'W_layer_units_exponent_0': 10, 'W_layer_units_exponent_1': 9, 'W_layer_units_exponent_2': 5, 'W_layer_units_exponent_3': 10, 'W_layer_units_exponent_4': 4, 'D_layers': 5, 'D_layer_units_exponent_0': 10, 'D_layer_units_exponent_1': 5, 'D_layer_units_exponent_2': 7, 'D_layer_units_exponent_3': 7, 'D_layer_units_exponent_4': 4, 'D_dagger_layers': 7, 'D_dagger_layer_units_exponent_0': 4, 'D_dagger_layer_units_exponent_1': 7, 'D_dagger_layer_units_exponent_2': 9, 'D_dagger_layer_units_exponent_3': 7, 'D_dagger_layer_units_exponent_4': 5, 'D_dagger_layer_units_exponent_5': 7, 'D_dagger_layer_units_exponent_6': 8, 'log_learning_rate': -4.932016705348911, 'log_learning_rate_D': -4.729002814412423, 'log_learning_rate_D_dagger': -3.5210582218672535, 'training_batch_size': 6, 'training_p': 7}. Best is trial 14 with value: 0.10091722011566162.
Time for this trial:  388.3344564437866
Memory status after this trial: 
Memory allocated:  202.84619140625
Memory cached:  222.0
--------------------  Trial  26   --------------------
Start timing: 
Parameters: 
{'W_layers': 5, 'W_layer_units_exponent_0': 10, 'W_layer_units_exponent_1': 9, 'W_layer_units_exponent_2': 4, 'W_layer_units_exponent_3': 9, 'W_layer_units_exponent_4': 4, 'D_layers': 6, 'D_layer_units_exponent_0': 10, 'D_layer_units_exponent_1': 5, 'D_layer_units_exponent_2': 5, 'D_layer_units_exponent_3': 6, 'D_layer_units_exponent_4': 4, 'D_layer_units_exponent_5': 10, 'D_dagger_layers': 4, 'D_dagger_layer_units_exponent_0': 4, 'D_dagger_layer_units_exponent_1': 7, 'D_dagger_layer_units_exponent_2': 9, 'D_dagger_layer_units_exponent_3': 6, 'log_learning_rate': -4.227440511592947, 'log_learning_rate_D': -4.589788854416081, 'log_learning_rate_D_dagger': -4.013751277186017, 'training_batch_size': 9, 'training_p': 4}
	 epoch  0 training error:  tensor(1., device='cuda:0', grad_fn=<DivBackward0>)
Memory status after this epoch: 
Memory allocated:  10.97705078125
Memory cached:  158.0
	 epoch  10 training error:  tensor(1., device='cuda:0', grad_fn=<DivBackward0>)
Memory status after this epoch: 
Memory allocated:  10.97705078125
Memory cached:  236.0
	 epoch  20 training error:  tensor(1., device='cuda:0', grad_fn=<DivBackward0>)
Memory status after this epoch: 
Memory allocated:  10.97705078125
Memory cached:  238.0
	 epoch  30 training error:  tensor(1., device='cuda:0', grad_fn=<DivBackward0>)
Memory status after this epoch: 
Memory allocated:  10.97705078125
Memory cached:  230.0
	 epoch  40 training error:  tensor(1., device='cuda:0', grad_fn=<DivBackward0>)
Memory status after this epoch: 
Memory allocated:  10.97705078125
Memory cached:  228.0
	 epoch  50 training error:  tensor(1., device='cuda:0', grad_fn=<DivBackward0>)
Memory status after this epoch: 
Memory allocated:  10.97705078125
Memory cached:  228.0
	 epoch  60 training error:  tensor(1., device='cuda:0', grad_fn=<DivBackward0>)
Memory status after this epoch: 
Memory allocated:  10.97705078125
Memory cached:  236.0
	 epoch  70 training error:  tensor(1., device='cuda:0', grad_fn=<DivBackward0>)
Memory status after this epoch: 
Memory allocated:  10.97705078125
Memory cached:  236.0
	 epoch  80 training error:  tensor(1., device='cuda:0', grad_fn=<DivBackward0>)
Memory status after this epoch: 
Memory allocated:  10.97705078125
Memory cached:  236.0
	 epoch  90 training error:  tensor(1., device='cuda:0', grad_fn=<DivBackward0>)
Memory status after this epoch: 
Memory allocated:  10.97705078125
Memory cached:  234.0
[I 2023-11-20 16:42:11,146] Trial 26 finished with value: 1.0 and parameters: {'W_layers': 5, 'W_layer_units_exponent_0': 10, 'W_layer_units_exponent_1': 9, 'W_layer_units_exponent_2': 4, 'W_layer_units_exponent_3': 9, 'W_layer_units_exponent_4': 4, 'D_layers': 6, 'D_layer_units_exponent_0': 10, 'D_layer_units_exponent_1': 5, 'D_layer_units_exponent_2': 5, 'D_layer_units_exponent_3': 6, 'D_layer_units_exponent_4': 4, 'D_layer_units_exponent_5': 10, 'D_dagger_layers': 4, 'D_dagger_layer_units_exponent_0': 4, 'D_dagger_layer_units_exponent_1': 7, 'D_dagger_layer_units_exponent_2': 9, 'D_dagger_layer_units_exponent_3': 6, 'log_learning_rate': -4.227440511592947, 'log_learning_rate_D': -4.589788854416081, 'log_learning_rate_D_dagger': -4.013751277186017, 'training_batch_size': 9, 'training_p': 4}. Best is trial 14 with value: 0.10091722011566162.
Time for this trial:  199.98625564575195
Memory status after this trial: 
Memory allocated:  196.2109375
Memory cached:  214.0
--------------------  Trial  27   --------------------
Start timing: 
Parameters: 
{'W_layers': 6, 'W_layer_units_exponent_0': 10, 'W_layer_units_exponent_1': 10, 'W_layer_units_exponent_2': 6, 'W_layer_units_exponent_3': 10, 'W_layer_units_exponent_4': 5, 'W_layer_units_exponent_5': 7, 'D_layers': 5, 'D_layer_units_exponent_0': 9, 'D_layer_units_exponent_1': 5, 'D_layer_units_exponent_2': 7, 'D_layer_units_exponent_3': 8, 'D_layer_units_exponent_4': 6, 'D_dagger_layers': 4, 'D_dagger_layer_units_exponent_0': 5, 'D_dagger_layer_units_exponent_1': 6, 'D_dagger_layer_units_exponent_2': 10, 'D_dagger_layer_units_exponent_3': 7, 'log_learning_rate': -3.8054489214869816, 'log_learning_rate_D': -3.92398611281771, 'log_learning_rate_D_dagger': -3.5097929786006556, 'training_batch_size': 6, 'training_p': 6}
	 epoch  0 training error:  tensor(1.0005, device='cuda:0', grad_fn=<DivBackward0>)
Memory status after this epoch: 
Memory allocated:  22.92236328125
Memory cached:  112.0
	 epoch  10 training error:  tensor(0.7919, device='cuda:0', grad_fn=<DivBackward0>)
Memory status after this epoch: 
Memory allocated:  22.92236328125
Memory cached:  110.0
	 epoch  20 training error:  tensor(0.2612, device='cuda:0', grad_fn=<DivBackward0>)
Memory status after this epoch: 
Memory allocated:  22.92236328125
Memory cached:  112.0
	 epoch  30 training error:  tensor(0.2027, device='cuda:0', grad_fn=<DivBackward0>)
Memory status after this epoch: 
Memory allocated:  22.92236328125
Memory cached:  110.0
	 epoch  40 training error:  tensor(0.1955, device='cuda:0', grad_fn=<DivBackward0>)
Memory status after this epoch: 
Memory allocated:  22.92236328125
Memory cached:  112.0
	 epoch  50 training error:  tensor(0.1951, device='cuda:0', grad_fn=<DivBackward0>)
Memory status after this epoch: 
Memory allocated:  22.92236328125
Memory cached:  112.0
	 epoch  60 training error:  tensor(0.1951, device='cuda:0', grad_fn=<DivBackward0>)
Memory status after this epoch: 
Memory allocated:  22.92236328125
Memory cached:  114.0
	 epoch  70 training error:  tensor(0.1950, device='cuda:0', grad_fn=<DivBackward0>)
Memory status after this epoch: 
Memory allocated:  22.92236328125
Memory cached:  112.0
	 epoch  80 training error:  tensor(0.1951, device='cuda:0', grad_fn=<DivBackward0>)
Memory status after this epoch: 
Memory allocated:  22.92236328125
Memory cached:  110.0
	 epoch  90 training error:  tensor(0.1950, device='cuda:0', grad_fn=<DivBackward0>)
Memory status after this epoch: 
Memory allocated:  22.92236328125
Memory cached:  112.0
