[I 2023-11-20 18:27:19,282] Trial 4 finished with value: 1.0 and parameters: {'W_layers': 4, 'W_layer_units_exponent_0': 7, 'W_layer_units_exponent_1': 7, 'W_layer_units_exponent_2': 10, 'W_layer_units_exponent_3': 10, 'D_layers': 2, 'D_layer_units_exponent_0': 6, 'D_layer_units_exponent_1': 10, 'D_dagger_layers': 6, 'D_dagger_layer_units_exponent_0': 10, 'D_dagger_layer_units_exponent_1': 5, 'D_dagger_layer_units_exponent_2': 6, 'D_dagger_layer_units_exponent_3': 7, 'D_dagger_layer_units_exponent_4': 9, 'D_dagger_layer_units_exponent_5': 10, 'log_learning_rate': -1.7304435909253248, 'log_learning_rate_D': -4.804290359698561, 'log_learning_rate_D_dagger': -4.721106212825468, 'training_batch_size': 9, 'training_p': 7}. Best is trial 0 with value: 0.11528480052947998.
Time for this trial:  186.5675754547119
Memory status after this trial: 
Memory allocated:  250.43310546875
Memory cached:  282.0
--------------------  Trial  5   --------------------
Start timing: 
Parameters: 
{'W_layers': 4, 'W_layer_units_exponent_0': 6, 'W_layer_units_exponent_1': 8, 'W_layer_units_exponent_2': 8, 'W_layer_units_exponent_3': 5, 'D_layers': 4, 'D_layer_units_exponent_0': 6, 'D_layer_units_exponent_1': 10, 'D_layer_units_exponent_2': 6, 'D_layer_units_exponent_3': 8, 'D_dagger_layers': 2, 'D_dagger_layer_units_exponent_0': 7, 'D_dagger_layer_units_exponent_1': 5, 'log_learning_rate': -2.995504044582946, 'log_learning_rate_D': -1.4394083606196917, 'log_learning_rate_D_dagger': -2.7266391860879673, 'training_batch_size': 7, 'training_p': 7}
	 epoch  0 training error:  tensor(1.0208, device='cuda:0', grad_fn=<DivBackward0>)
Memory status after this epoch: 
Memory allocated:  3.86279296875
Memory cached:  102.0
	 epoch  10 training error:  tensor(0.9255, device='cuda:0', grad_fn=<DivBackward0>)
Memory status after this epoch: 
Memory allocated:  3.86279296875
Memory cached:  142.0
	 epoch  20 training error:  tensor(0.8817, device='cuda:0', grad_fn=<DivBackward0>)
Memory status after this epoch: 
Memory allocated:  3.86279296875
Memory cached:  138.0
	 epoch  30 training error:  tensor(0.8691, device='cuda:0', grad_fn=<DivBackward0>)
Memory status after this epoch: 
Memory allocated:  3.86279296875
Memory cached:  134.0
	 epoch  40 training error:  tensor(0.8671, device='cuda:0', grad_fn=<DivBackward0>)
Memory status after this epoch: 
Memory allocated:  3.86279296875
Memory cached:  140.0
	 epoch  50 training error:  tensor(0.8663, device='cuda:0', grad_fn=<DivBackward0>)
Memory status after this epoch: 
Memory allocated:  3.86279296875
Memory cached:  138.0
	 epoch  60 training error:  tensor(0.8661, device='cuda:0', grad_fn=<DivBackward0>)
Memory status after this epoch: 
Memory allocated:  3.86279296875
Memory cached:  130.0
	 epoch  70 training error:  tensor(0.8661, device='cuda:0', grad_fn=<DivBackward0>)
Memory status after this epoch: 
Memory allocated:  3.86279296875
Memory cached:  134.0
	 epoch  80 training error:  tensor(0.8661, device='cuda:0', grad_fn=<DivBackward0>)
Memory status after this epoch: 
Memory allocated:  3.86279296875
Memory cached:  142.0
	 epoch  90 training error:  tensor(0.8661, device='cuda:0', grad_fn=<DivBackward0>)
Memory status after this epoch: 
Memory allocated:  3.86279296875
Memory cached:  150.0
[I 2023-11-20 18:29:49,957] Trial 5 finished with value: 0.7585842609405518 and parameters: {'W_layers': 4, 'W_layer_units_exponent_0': 6, 'W_layer_units_exponent_1': 8, 'W_layer_units_exponent_2': 8, 'W_layer_units_exponent_3': 5, 'D_layers': 4, 'D_layer_units_exponent_0': 6, 'D_layer_units_exponent_1': 10, 'D_layer_units_exponent_2': 6, 'D_layer_units_exponent_3': 8, 'D_dagger_layers': 2, 'D_dagger_layer_units_exponent_0': 7, 'D_dagger_layer_units_exponent_1': 5, 'log_learning_rate': -2.995504044582946, 'log_learning_rate_D': -1.4394083606196917, 'log_learning_rate_D_dagger': -2.7266391860879673, 'training_batch_size': 7, 'training_p': 7}. Best is trial 0 with value: 0.11528480052947998.
Time for this trial:  150.53781843185425
Memory status after this trial: 
Memory allocated:  85.04443359375
Memory cached:  112.0
--------------------  Trial  6   --------------------
Start timing: 
Parameters: 
{'W_layers': 6, 'W_layer_units_exponent_0': 9, 'W_layer_units_exponent_1': 5, 'W_layer_units_exponent_2': 6, 'W_layer_units_exponent_3': 10, 'W_layer_units_exponent_4': 8, 'W_layer_units_exponent_5': 9, 'D_layers': 5, 'D_layer_units_exponent_0': 8, 'D_layer_units_exponent_1': 5, 'D_layer_units_exponent_2': 7, 'D_layer_units_exponent_3': 8, 'D_layer_units_exponent_4': 8, 'D_dagger_layers': 3, 'D_dagger_layer_units_exponent_0': 8, 'D_dagger_layer_units_exponent_1': 7, 'D_dagger_layer_units_exponent_2': 9, 'log_learning_rate': -3.4899925609510425, 'log_learning_rate_D': -2.015533416939417, 'log_learning_rate_D_dagger': -4.736072881715886, 'training_batch_size': 10, 'training_p': 6}
	 epoch  0 training error:  tensor(0.9984, device='cuda:0', grad_fn=<DivBackward0>)
Memory status after this epoch: 
Memory allocated:  10.70263671875
Memory cached:  104.0
	 epoch  10 training error:  tensor(0.9916, device='cuda:0', grad_fn=<DivBackward0>)
Memory status after this epoch: 
Memory allocated:  10.70263671875
Memory cached:  144.0
	 epoch  20 training error:  tensor(0.9881, device='cuda:0', grad_fn=<DivBackward0>)
Memory status after this epoch: 
Memory allocated:  10.70263671875
Memory cached:  140.0
	 epoch  30 training error:  tensor(0.9843, device='cuda:0', grad_fn=<DivBackward0>)
Memory status after this epoch: 
Memory allocated:  10.70263671875
Memory cached:  146.0
	 epoch  40 training error:  tensor(0.9804, device='cuda:0', grad_fn=<DivBackward0>)
Memory status after this epoch: 
Memory allocated:  10.70263671875
Memory cached:  152.0
	 epoch  50 training error:  tensor(0.9765, device='cuda:0', grad_fn=<DivBackward0>)
Memory status after this epoch: 
Memory allocated:  10.70263671875
Memory cached:  144.0
	 epoch  60 training error:  tensor(0.9726, device='cuda:0', grad_fn=<DivBackward0>)
Memory status after this epoch: 
Memory allocated:  10.70263671875
Memory cached:  142.0
	 epoch  70 training error:  tensor(0.9687, device='cuda:0', grad_fn=<DivBackward0>)
Memory status after this epoch: 
Memory allocated:  10.70263671875
Memory cached:  136.0
	 epoch  80 training error:  tensor(0.9649, device='cuda:0', grad_fn=<DivBackward0>)
Memory status after this epoch: 
Memory allocated:  10.70263671875
Memory cached:  144.0
	 epoch  90 training error:  tensor(0.9613, device='cuda:0', grad_fn=<DivBackward0>)
Memory status after this epoch: 
Memory allocated:  10.70263671875
Memory cached:  152.0
[I 2023-11-20 18:33:00,419] Trial 6 finished with value: 0.9620336890220642 and parameters: {'W_layers': 6, 'W_layer_units_exponent_0': 9, 'W_layer_units_exponent_1': 5, 'W_layer_units_exponent_2': 6, 'W_layer_units_exponent_3': 10, 'W_layer_units_exponent_4': 8, 'W_layer_units_exponent_5': 9, 'D_layers': 5, 'D_layer_units_exponent_0': 8, 'D_layer_units_exponent_1': 5, 'D_layer_units_exponent_2': 7, 'D_layer_units_exponent_3': 8, 'D_layer_units_exponent_4': 8, 'D_dagger_layers': 3, 'D_dagger_layer_units_exponent_0': 8, 'D_dagger_layer_units_exponent_1': 7, 'D_dagger_layer_units_exponent_2': 9, 'log_learning_rate': -3.4899925609510425, 'log_learning_rate_D': -2.015533416939417, 'log_learning_rate_D_dagger': -4.736072881715886, 'training_batch_size': 10, 'training_p': 6}. Best is trial 0 with value: 0.11528480052947998.
Time for this trial:  190.32272577285767
Memory status after this trial: 
Memory allocated:  166.7724609375
Memory cached:  174.0
--------------------  Trial  7   --------------------
Start timing: 
Parameters: 
{'W_layers': 2, 'W_layer_units_exponent_0': 8, 'W_layer_units_exponent_1': 9, 'D_layers': 4, 'D_layer_units_exponent_0': 6, 'D_layer_units_exponent_1': 7, 'D_layer_units_exponent_2': 10, 'D_layer_units_exponent_3': 8, 'D_dagger_layers': 7, 'D_dagger_layer_units_exponent_0': 4, 'D_dagger_layer_units_exponent_1': 4, 'D_dagger_layer_units_exponent_2': 9, 'D_dagger_layer_units_exponent_3': 4, 'D_dagger_layer_units_exponent_4': 6, 'D_dagger_layer_units_exponent_5': 10, 'D_dagger_layer_units_exponent_6': 8, 'log_learning_rate': -2.6039105490313754, 'log_learning_rate_D': -1.8350746015427375, 'log_learning_rate_D_dagger': -3.9698001804327565, 'training_batch_size': 8, 'training_p': 3}
	 epoch  0 training error:  tensor(1., device='cuda:0', grad_fn=<DivBackward0>)
Memory status after this epoch: 
Memory allocated:  13.60693359375
Memory cached:  138.0
	 epoch  10 training error:  tensor(1., device='cuda:0', grad_fn=<DivBackward0>)
Memory status after this epoch: 
Memory allocated:  13.60693359375
Memory cached:  228.0
	 epoch  20 training error:  tensor(1., device='cuda:0', grad_fn=<DivBackward0>)
Memory status after this epoch: 
Memory allocated:  13.60693359375
Memory cached:  230.0
	 epoch  30 training error:  tensor(1., device='cuda:0', grad_fn=<DivBackward0>)
Memory status after this epoch: 
Memory allocated:  13.60693359375
Memory cached:  228.0
	 epoch  40 training error:  tensor(1., device='cuda:0', grad_fn=<DivBackward0>)
Memory status after this epoch: 
Memory allocated:  13.60693359375
Memory cached:  226.0
	 epoch  50 training error:  tensor(1., device='cuda:0', grad_fn=<DivBackward0>)
Memory status after this epoch: 
Memory allocated:  13.60693359375
Memory cached:  222.0
	 epoch  60 training error:  tensor(1., device='cuda:0', grad_fn=<DivBackward0>)
Memory status after this epoch: 
Memory allocated:  13.60693359375
Memory cached:  222.0
	 epoch  70 training error:  tensor(1., device='cuda:0', grad_fn=<DivBackward0>)
Memory status after this epoch: 
Memory allocated:  13.60693359375
Memory cached:  232.0
	 epoch  80 training error:  tensor(1., device='cuda:0', grad_fn=<DivBackward0>)
Memory status after this epoch: 
Memory allocated:  13.60693359375
Memory cached:  214.0
	 epoch  90 training error:  tensor(1., device='cuda:0', grad_fn=<DivBackward0>)
Memory status after this epoch: 
Memory allocated:  13.60693359375
Memory cached:  214.0
[I 2023-11-20 18:35:59,714] Trial 7 finished with value: 1.0 and parameters: {'W_layers': 2, 'W_layer_units_exponent_0': 8, 'W_layer_units_exponent_1': 9, 'D_layers': 4, 'D_layer_units_exponent_0': 6, 'D_layer_units_exponent_1': 7, 'D_layer_units_exponent_2': 10, 'D_layer_units_exponent_3': 8, 'D_dagger_layers': 7, 'D_dagger_layer_units_exponent_0': 4, 'D_dagger_layer_units_exponent_1': 4, 'D_dagger_layer_units_exponent_2': 9, 'D_dagger_layer_units_exponent_3': 4, 'D_dagger_layer_units_exponent_4': 6, 'D_dagger_layer_units_exponent_5': 10, 'D_dagger_layer_units_exponent_6': 8, 'log_learning_rate': -2.6039105490313754, 'log_learning_rate_D': -1.8350746015427375, 'log_learning_rate_D_dagger': -3.9698001804327565, 'training_batch_size': 8, 'training_p': 3}. Best is trial 0 with value: 0.11528480052947998.
Time for this trial:  179.14939188957214
Memory status after this trial: 
Memory allocated:  165.33154296875
Memory cached:  176.0
--------------------  Trial  8   --------------------
Start timing: 
Parameters: 
{'W_layers': 5, 'W_layer_units_exponent_0': 9, 'W_layer_units_exponent_1': 8, 'W_layer_units_exponent_2': 8, 'W_layer_units_exponent_3': 6, 'W_layer_units_exponent_4': 7, 'D_layers': 8, 'D_layer_units_exponent_0': 4, 'D_layer_units_exponent_1': 8, 'D_layer_units_exponent_2': 6, 'D_layer_units_exponent_3': 6, 'D_layer_units_exponent_4': 6, 'D_layer_units_exponent_5': 6, 'D_layer_units_exponent_6': 9, 'D_layer_units_exponent_7': 10, 'D_dagger_layers': 4, 'D_dagger_layer_units_exponent_0': 6, 'D_dagger_layer_units_exponent_1': 10, 'D_dagger_layer_units_exponent_2': 4, 'D_dagger_layer_units_exponent_3': 5, 'log_learning_rate': -4.487237550613335, 'log_learning_rate_D': -1.8314784300098848, 'log_learning_rate_D_dagger': -4.57794117642331, 'training_batch_size': 8, 'training_p': 8}
	 epoch  0 training error:  tensor(0.9975, device='cuda:0', grad_fn=<DivBackward0>)
Memory status after this epoch: 
Memory allocated:  13.86279296875
Memory cached:  148.0
	 epoch  10 training error:  tensor(0.9901, device='cuda:0', grad_fn=<DivBackward0>)
Memory status after this epoch: 
Memory allocated:  13.86279296875
Memory cached:  234.0
	 epoch  20 training error:  tensor(0.9821, device='cuda:0', grad_fn=<DivBackward0>)
Memory status after this epoch: 
Memory allocated:  13.86279296875
Memory cached:  232.0
	 epoch  30 training error:  tensor(0.9724, device='cuda:0', grad_fn=<DivBackward0>)
Memory status after this epoch: 
Memory allocated:  13.86279296875
Memory cached:  252.0
	 epoch  40 training error:  tensor(0.9607, device='cuda:0', grad_fn=<DivBackward0>)
Memory status after this epoch: 
Memory allocated:  13.86279296875
Memory cached:  248.0
	 epoch  50 training error:  tensor(0.9475, device='cuda:0', grad_fn=<DivBackward0>)
Memory status after this epoch: 
Memory allocated:  13.86279296875
Memory cached:  242.0
	 epoch  60 training error:  tensor(0.9360, device='cuda:0', grad_fn=<DivBackward0>)
Memory status after this epoch: 
Memory allocated:  13.86279296875
Memory cached:  248.0
	 epoch  70 training error:  tensor(0.9198, device='cuda:0', grad_fn=<DivBackward0>)
Memory status after this epoch: 
Memory allocated:  13.86279296875
Memory cached:  246.0
	 epoch  80 training error:  tensor(0.9110, device='cuda:0', grad_fn=<DivBackward0>)
Memory status after this epoch: 
Memory allocated:  13.86279296875
Memory cached:  258.0
	 epoch  90 training error:  tensor(0.8812, device='cuda:0', grad_fn=<DivBackward0>)
Memory status after this epoch: 
Memory allocated:  13.86279296875
Memory cached:  246.0
[I 2023-11-20 18:39:29,086] Trial 8 finished with value: 0.8357812762260437 and parameters: {'W_layers': 5, 'W_layer_units_exponent_0': 9, 'W_layer_units_exponent_1': 8, 'W_layer_units_exponent_2': 8, 'W_layer_units_exponent_3': 6, 'W_layer_units_exponent_4': 7, 'D_layers': 8, 'D_layer_units_exponent_0': 4, 'D_layer_units_exponent_1': 8, 'D_layer_units_exponent_2': 6, 'D_layer_units_exponent_3': 6, 'D_layer_units_exponent_4': 6, 'D_layer_units_exponent_5': 6, 'D_layer_units_exponent_6': 9, 'D_layer_units_exponent_7': 10, 'D_dagger_layers': 4, 'D_dagger_layer_units_exponent_0': 6, 'D_dagger_layer_units_exponent_1': 10, 'D_dagger_layer_units_exponent_2': 4, 'D_dagger_layer_units_exponent_3': 5, 'log_learning_rate': -4.487237550613335, 'log_learning_rate_D': -1.8314784300098848, 'log_learning_rate_D_dagger': -4.57794117642331, 'training_batch_size': 8, 'training_p': 8}. Best is trial 0 with value: 0.11528480052947998.
Time for this trial:  209.23012256622314
Memory status after this trial: 
Memory allocated:  175.486328125
Memory cached:  196.0
--------------------  Trial  9   --------------------
Start timing: 
Parameters: 
{'W_layers': 7, 'W_layer_units_exponent_0': 4, 'W_layer_units_exponent_1': 7, 'W_layer_units_exponent_2': 10, 'W_layer_units_exponent_3': 4, 'W_layer_units_exponent_4': 9, 'W_layer_units_exponent_5': 9, 'W_layer_units_exponent_6': 8, 'D_layers': 3, 'D_layer_units_exponent_0': 4, 'D_layer_units_exponent_1': 8, 'D_layer_units_exponent_2': 4, 'D_dagger_layers': 5, 'D_dagger_layer_units_exponent_0': 5, 'D_dagger_layer_units_exponent_1': 10, 'D_dagger_layer_units_exponent_2': 10, 'D_dagger_layer_units_exponent_3': 7, 'D_dagger_layer_units_exponent_4': 9, 'log_learning_rate': -2.0711199564242104, 'log_learning_rate_D': -1.2710680727709764, 'log_learning_rate_D_dagger': -3.7200235429661834, 'training_batch_size': 8, 'training_p': 2}
	 epoch  0 training error:  tensor(0.9997, device='cuda:0', grad_fn=<DivBackward0>)
Memory status after this epoch: 
Memory allocated:  28.26123046875
Memory cached:  164.0
	 epoch  10 training error:  tensor(0.2982, device='cuda:0', grad_fn=<DivBackward0>)
Memory status after this epoch: 
Memory allocated:  28.26123046875
Memory cached:  272.0
	 epoch  20 training error:  tensor(0.1588, device='cuda:0', grad_fn=<DivBackward0>)
Memory status after this epoch: 
Memory allocated:  28.26123046875
Memory cached:  288.0
	 epoch  30 training error:  tensor(0.1204, device='cuda:0', grad_fn=<DivBackward0>)
Memory status after this epoch: 
Memory allocated:  28.26123046875
Memory cached:  276.0
	 epoch  40 training error:  tensor(0.2130, device='cuda:0', grad_fn=<DivBackward0>)
Memory status after this epoch: 
Memory allocated:  28.26123046875
Memory cached:  272.0
	 epoch  50 training error:  tensor(0.1103, device='cuda:0', grad_fn=<DivBackward0>)
Memory status after this epoch: 
Memory allocated:  28.26123046875
Memory cached:  282.0
	 epoch  60 training error:  tensor(0.1859, device='cuda:0', grad_fn=<DivBackward0>)
Memory status after this epoch: 
Memory allocated:  28.26123046875
Memory cached:  278.0
	 epoch  70 training error:  tensor(0.1257, device='cuda:0', grad_fn=<DivBackward0>)
Memory status after this epoch: 
Memory allocated:  28.26123046875
Memory cached:  284.0
	 epoch  80 training error:  tensor(0.1291, device='cuda:0', grad_fn=<DivBackward0>)
Memory status after this epoch: 
Memory allocated:  28.26123046875
Memory cached:  276.0
	 epoch  90 training error:  tensor(0.1653, device='cuda:0', grad_fn=<DivBackward0>)
Memory status after this epoch: 
Memory allocated:  28.26123046875
Memory cached:  282.0
[I 2023-11-20 18:42:49,599] Trial 9 finished with value: 0.22692100703716278 and parameters: {'W_layers': 7, 'W_layer_units_exponent_0': 4, 'W_layer_units_exponent_1': 7, 'W_layer_units_exponent_2': 10, 'W_layer_units_exponent_3': 4, 'W_layer_units_exponent_4': 9, 'W_layer_units_exponent_5': 9, 'W_layer_units_exponent_6': 8, 'D_layers': 3, 'D_layer_units_exponent_0': 4, 'D_layer_units_exponent_1': 8, 'D_layer_units_exponent_2': 4, 'D_dagger_layers': 5, 'D_dagger_layer_units_exponent_0': 5, 'D_dagger_layer_units_exponent_1': 10, 'D_dagger_layer_units_exponent_2': 10, 'D_dagger_layer_units_exponent_3': 7, 'D_dagger_layer_units_exponent_4': 9, 'log_learning_rate': -2.0711199564242104, 'log_learning_rate_D': -1.2710680727709764, 'log_learning_rate_D_dagger': -3.7200235429661834, 'training_batch_size': 8, 'training_p': 2}. Best is trial 0 with value: 0.11528480052947998.
Time for this trial:  200.36687803268433
Memory status after this trial: 
Memory allocated:  223.88916015625
Memory cached:  244.0
--------------------  Trial  10   --------------------
Start timing: 
Parameters: 
{'W_layers': 3, 'W_layer_units_exponent_0': 4, 'W_layer_units_exponent_1': 10, 'W_layer_units_exponent_2': 4, 'D_layers': 8, 'D_layer_units_exponent_0': 10, 'D_layer_units_exponent_1': 4, 'D_layer_units_exponent_2': 9, 'D_layer_units_exponent_3': 4, 'D_layer_units_exponent_4': 4, 'D_layer_units_exponent_5': 4, 'D_layer_units_exponent_6': 10, 'D_layer_units_exponent_7': 4, 'D_dagger_layers': 8, 'D_dagger_layer_units_exponent_0': 10, 'D_dagger_layer_units_exponent_1': 8, 'D_dagger_layer_units_exponent_2': 8, 'D_dagger_layer_units_exponent_3': 5, 'D_dagger_layer_units_exponent_4': 4, 'D_dagger_layer_units_exponent_5': 4, 'D_dagger_layer_units_exponent_6': 4, 'D_dagger_layer_units_exponent_7': 4, 'log_learning_rate': -1.142759648487293, 'log_learning_rate_D': -3.907952982059711, 'log_learning_rate_D_dagger': -3.498690416885492, 'training_batch_size': 12, 'training_p': 4}
	 epoch  0 training error:  tensor(1., device='cuda:0', grad_fn=<DivBackward0>)
Memory status after this epoch: 
Memory allocated:  6.95849609375
Memory cached:  152.0
	 epoch  10 training error:  tensor(1., device='cuda:0', grad_fn=<DivBackward0>)
Memory status after this epoch: 
Memory allocated:  6.95849609375
Memory cached:  252.0
	 epoch  20 training error:  tensor(1., device='cuda:0', grad_fn=<DivBackward0>)
Memory status after this epoch: 
Memory allocated:  6.95849609375
Memory cached:  266.0
	 epoch  30 training error:  tensor(1., device='cuda:0', grad_fn=<DivBackward0>)
Memory status after this epoch: 
Memory allocated:  6.95849609375
Memory cached:  260.0
	 epoch  40 training error:  tensor(1., device='cuda:0', grad_fn=<DivBackward0>)
Memory status after this epoch: 
Memory allocated:  6.95849609375
Memory cached:  258.0
	 epoch  50 training error:  tensor(1., device='cuda:0', grad_fn=<DivBackward0>)
Memory status after this epoch: 
Memory allocated:  6.95849609375
Memory cached:  256.0
	 epoch  60 training error:  tensor(1., device='cuda:0', grad_fn=<DivBackward0>)
Memory status after this epoch: 
Memory allocated:  6.95849609375
Memory cached:  266.0
	 epoch  70 training error:  tensor(1., device='cuda:0', grad_fn=<DivBackward0>)
Memory status after this epoch: 
Memory allocated:  6.95849609375
Memory cached:  260.0
	 epoch  80 training error:  tensor(1., device='cuda:0', grad_fn=<DivBackward0>)
Memory status after this epoch: 
Memory allocated:  6.95849609375
Memory cached:  264.0
	 epoch  90 training error:  tensor(1., device='cuda:0', grad_fn=<DivBackward0>)
Memory status after this epoch: 
Memory allocated:  6.95849609375
Memory cached:  260.0
