[I 2023-11-20 21:42:17,487] Trial 5 finished with value: 1.0 and parameters: {'W_layers': 8, 'W_layer_units_exponent_0': 8, 'W_layer_units_exponent_1': 6, 'W_layer_units_exponent_2': 10, 'W_layer_units_exponent_3': 9, 'W_layer_units_exponent_4': 5, 'W_layer_units_exponent_5': 9, 'W_layer_units_exponent_6': 6, 'W_layer_units_exponent_7': 7, 'D_layers': 3, 'D_layer_units_exponent_0': 4, 'D_layer_units_exponent_1': 6, 'D_layer_units_exponent_2': 9, 'D_dagger_layers': 5, 'D_dagger_layer_units_exponent_0': 7, 'D_dagger_layer_units_exponent_1': 8, 'D_dagger_layer_units_exponent_2': 10, 'D_dagger_layer_units_exponent_3': 8, 'D_dagger_layer_units_exponent_4': 6, 'log_learning_rate': -4.4542217995937925, 'log_learning_rate_D': -3.195824040727017, 'log_learning_rate_D_dagger': -4.6719175809265305, 'training_batch_size': 9, 'training_p': 2}. Best is trial 3 with value: 0.11403980106115341.
Time for this trial:  205.50783228874207
Memory status after this trial: 
Memory allocated:  197.8505859375
Memory cached:  220.0
--------------------  Trial  6   --------------------
Start timing: 
Parameters: 
{'W_layers': 4, 'W_layer_units_exponent_0': 10, 'W_layer_units_exponent_1': 4, 'W_layer_units_exponent_2': 4, 'W_layer_units_exponent_3': 5, 'D_layers': 8, 'D_layer_units_exponent_0': 8, 'D_layer_units_exponent_1': 6, 'D_layer_units_exponent_2': 4, 'D_layer_units_exponent_3': 4, 'D_layer_units_exponent_4': 5, 'D_layer_units_exponent_5': 5, 'D_layer_units_exponent_6': 5, 'D_layer_units_exponent_7': 4, 'D_dagger_layers': 3, 'D_dagger_layer_units_exponent_0': 9, 'D_dagger_layer_units_exponent_1': 4, 'D_dagger_layer_units_exponent_2': 10, 'log_learning_rate': -2.4640848007608267, 'log_learning_rate_D': -2.7009725124160697, 'log_learning_rate_D_dagger': -4.229370518963341, 'training_batch_size': 9, 'training_p': 3}
	 epoch  0 training error:  tensor(1.0177, device='cuda:0', grad_fn=<DivBackward0>)
Memory status after this epoch: 
Memory allocated:  1.22705078125
Memory cached:  112.0
	 epoch  10 training error:  tensor(0.6636, device='cuda:0', grad_fn=<DivBackward0>)
Memory status after this epoch: 
Memory allocated:  1.22705078125
Memory cached:  182.0
	 epoch  20 training error:  tensor(0.2916, device='cuda:0', grad_fn=<DivBackward0>)
Memory status after this epoch: 
Memory allocated:  1.22705078125
Memory cached:  180.0
	 epoch  30 training error:  tensor(0.1810, device='cuda:0', grad_fn=<DivBackward0>)
Memory status after this epoch: 
Memory allocated:  1.22705078125
Memory cached:  196.0
	 epoch  40 training error:  tensor(0.1444, device='cuda:0', grad_fn=<DivBackward0>)
Memory status after this epoch: 
Memory allocated:  1.22705078125
Memory cached:  184.0
	 epoch  50 training error:  tensor(0.1490, device='cuda:0', grad_fn=<DivBackward0>)
Memory status after this epoch: 
Memory allocated:  1.22705078125
Memory cached:  192.0
	 epoch  60 training error:  tensor(0.1411, device='cuda:0', grad_fn=<DivBackward0>)
Memory status after this epoch: 
Memory allocated:  1.22705078125
Memory cached:  190.0
	 epoch  70 training error:  tensor(0.1418, device='cuda:0', grad_fn=<DivBackward0>)
Memory status after this epoch: 
Memory allocated:  1.22705078125
Memory cached:  186.0
	 epoch  80 training error:  tensor(0.1409, device='cuda:0', grad_fn=<DivBackward0>)
Memory status after this epoch: 
Memory allocated:  1.22705078125
Memory cached:  194.0
	 epoch  90 training error:  tensor(0.1409, device='cuda:0', grad_fn=<DivBackward0>)
Memory status after this epoch: 
Memory allocated:  1.22705078125
Memory cached:  188.0
[I 2023-11-20 21:45:27,402] Trial 6 finished with value: 0.11483901739120483 and parameters: {'W_layers': 4, 'W_layer_units_exponent_0': 10, 'W_layer_units_exponent_1': 4, 'W_layer_units_exponent_2': 4, 'W_layer_units_exponent_3': 5, 'D_layers': 8, 'D_layer_units_exponent_0': 8, 'D_layer_units_exponent_1': 6, 'D_layer_units_exponent_2': 4, 'D_layer_units_exponent_3': 4, 'D_layer_units_exponent_4': 5, 'D_layer_units_exponent_5': 5, 'D_layer_units_exponent_6': 5, 'D_layer_units_exponent_7': 4, 'D_dagger_layers': 3, 'D_dagger_layer_units_exponent_0': 9, 'D_dagger_layer_units_exponent_1': 4, 'D_dagger_layer_units_exponent_2': 10, 'log_learning_rate': -2.4640848007608267, 'log_learning_rate_D': -2.7009725124160697, 'log_learning_rate_D_dagger': -4.229370518963341, 'training_batch_size': 9, 'training_p': 3}. Best is trial 3 with value: 0.11403980106115341.
Time for this trial:  189.75979495048523
Memory status after this trial: 
Memory allocated:  120.21630859375
Memory cached:  144.0
--------------------  Trial  7   --------------------
Start timing: 
Parameters: 
{'W_layers': 7, 'W_layer_units_exponent_0': 7, 'W_layer_units_exponent_1': 5, 'W_layer_units_exponent_2': 10, 'W_layer_units_exponent_3': 4, 'W_layer_units_exponent_4': 9, 'W_layer_units_exponent_5': 8, 'W_layer_units_exponent_6': 5, 'D_layers': 7, 'D_layer_units_exponent_0': 6, 'D_layer_units_exponent_1': 4, 'D_layer_units_exponent_2': 9, 'D_layer_units_exponent_3': 9, 'D_layer_units_exponent_4': 7, 'D_layer_units_exponent_5': 9, 'D_layer_units_exponent_6': 8, 'D_dagger_layers': 8, 'D_dagger_layer_units_exponent_0': 4, 'D_dagger_layer_units_exponent_1': 7, 'D_dagger_layer_units_exponent_2': 10, 'D_dagger_layer_units_exponent_3': 5, 'D_dagger_layer_units_exponent_4': 10, 'D_dagger_layer_units_exponent_5': 7, 'D_dagger_layer_units_exponent_6': 9, 'D_dagger_layer_units_exponent_7': 6, 'log_learning_rate': -4.213526438615551, 'log_learning_rate_D': -3.846874809188208, 'log_learning_rate_D_dagger': -4.994761831588587, 'training_batch_size': 6, 'training_p': 7}
	 epoch  0 training error:  tensor(0.9983, device='cuda:0', grad_fn=<DivBackward0>)
Memory status after this epoch: 
Memory allocated:  18.01123046875
Memory cached:  156.0
	 epoch  10 training error:  tensor(0.9854, device='cuda:0', grad_fn=<DivBackward0>)
Memory status after this epoch: 
Memory allocated:  18.01123046875
Memory cached:  222.0
	 epoch  20 training error:  tensor(0.9461, device='cuda:0', grad_fn=<DivBackward0>)
Memory status after this epoch: 
Memory allocated:  18.01123046875
Memory cached:  230.0
	 epoch  30 training error:  tensor(0.8780, device='cuda:0', grad_fn=<DivBackward0>)
Memory status after this epoch: 
Memory allocated:  18.01123046875
Memory cached:  232.0
	 epoch  40 training error:  tensor(0.6323, device='cuda:0', grad_fn=<DivBackward0>)
Memory status after this epoch: 
Memory allocated:  18.01123046875
Memory cached:  230.0
	 epoch  50 training error:  tensor(0.2078, device='cuda:0', grad_fn=<DivBackward0>)
Memory status after this epoch: 
Memory allocated:  18.01123046875
Memory cached:  222.0
	 epoch  60 training error:  tensor(0.2164, device='cuda:0', grad_fn=<DivBackward0>)
Memory status after this epoch: 
Memory allocated:  18.01123046875
Memory cached:  220.0
	 epoch  70 training error:  tensor(0.2053, device='cuda:0', grad_fn=<DivBackward0>)
Memory status after this epoch: 
Memory allocated:  18.01123046875
Memory cached:  218.0
	 epoch  80 training error:  tensor(0.2050, device='cuda:0', grad_fn=<DivBackward0>)
Memory status after this epoch: 
Memory allocated:  18.01123046875
Memory cached:  230.0
	 epoch  90 training error:  tensor(0.2043, device='cuda:0', grad_fn=<DivBackward0>)
Memory status after this epoch: 
Memory allocated:  18.01123046875
Memory cached:  224.0
[I 2023-11-20 21:53:09,920] Trial 7 finished with value: 0.11289186775684357 and parameters: {'W_layers': 7, 'W_layer_units_exponent_0': 7, 'W_layer_units_exponent_1': 5, 'W_layer_units_exponent_2': 10, 'W_layer_units_exponent_3': 4, 'W_layer_units_exponent_4': 9, 'W_layer_units_exponent_5': 8, 'W_layer_units_exponent_6': 5, 'D_layers': 7, 'D_layer_units_exponent_0': 6, 'D_layer_units_exponent_1': 4, 'D_layer_units_exponent_2': 9, 'D_layer_units_exponent_3': 9, 'D_layer_units_exponent_4': 7, 'D_layer_units_exponent_5': 9, 'D_layer_units_exponent_6': 8, 'D_dagger_layers': 8, 'D_dagger_layer_units_exponent_0': 4, 'D_dagger_layer_units_exponent_1': 7, 'D_dagger_layer_units_exponent_2': 10, 'D_dagger_layer_units_exponent_3': 5, 'D_dagger_layer_units_exponent_4': 10, 'D_dagger_layer_units_exponent_5': 7, 'D_dagger_layer_units_exponent_6': 9, 'D_dagger_layer_units_exponent_7': 6, 'log_learning_rate': -4.213526438615551, 'log_learning_rate_D': -3.846874809188208, 'log_learning_rate_D_dagger': -4.994761831588587, 'training_batch_size': 6, 'training_p': 7}. Best is trial 7 with value: 0.11289186775684357.
Time for this trial:  462.3253598213196
Memory status after this trial: 
Memory allocated:  273.5693359375
Memory cached:  284.0
--------------------  Trial  8   --------------------
Start timing: 
Parameters: 
{'W_layers': 2, 'W_layer_units_exponent_0': 6, 'W_layer_units_exponent_1': 4, 'D_layers': 2, 'D_layer_units_exponent_0': 6, 'D_layer_units_exponent_1': 10, 'D_dagger_layers': 2, 'D_dagger_layer_units_exponent_0': 6, 'D_dagger_layer_units_exponent_1': 9, 'log_learning_rate': -2.5976741446308056, 'log_learning_rate_D': -2.8082980238080606, 'log_learning_rate_D_dagger': -3.181052516997994, 'training_batch_size': 12, 'training_p': 6}
	 epoch  0 training error:  tensor(0.9448, device='cuda:0', grad_fn=<DivBackward0>)
Memory status after this epoch: 
Memory allocated:  1.70361328125
Memory cached:  90.0
	 epoch  10 training error:  tensor(0.7695, device='cuda:0', grad_fn=<DivBackward0>)
Memory status after this epoch: 
Memory allocated:  1.70361328125
Memory cached:  136.0
	 epoch  20 training error:  tensor(0.6314, device='cuda:0', grad_fn=<DivBackward0>)
Memory status after this epoch: 
Memory allocated:  1.70361328125
Memory cached:  136.0
	 epoch  30 training error:  tensor(0.4033, device='cuda:0', grad_fn=<DivBackward0>)
Memory status after this epoch: 
Memory allocated:  1.70361328125
Memory cached:  140.0
	 epoch  40 training error:  tensor(0.2080, device='cuda:0', grad_fn=<DivBackward0>)
Memory status after this epoch: 
Memory allocated:  1.70361328125
Memory cached:  136.0
	 epoch  50 training error:  tensor(0.2190, device='cuda:0', grad_fn=<DivBackward0>)
Memory status after this epoch: 
Memory allocated:  1.70361328125
Memory cached:  136.0
	 epoch  60 training error:  tensor(0.1972, device='cuda:0', grad_fn=<DivBackward0>)
Memory status after this epoch: 
Memory allocated:  1.70361328125
Memory cached:  134.0
	 epoch  70 training error:  tensor(0.1954, device='cuda:0', grad_fn=<DivBackward0>)
Memory status after this epoch: 
Memory allocated:  1.70361328125
Memory cached:  144.0
	 epoch  80 training error:  tensor(0.1951, device='cuda:0', grad_fn=<DivBackward0>)
Memory status after this epoch: 
Memory allocated:  1.70361328125
Memory cached:  138.0
	 epoch  90 training error:  tensor(0.1952, device='cuda:0', grad_fn=<DivBackward0>)
Memory status after this epoch: 
Memory allocated:  1.70361328125
Memory cached:  132.0
[I 2023-11-20 21:55:11,075] Trial 8 finished with value: 0.11609897762537003 and parameters: {'W_layers': 2, 'W_layer_units_exponent_0': 6, 'W_layer_units_exponent_1': 4, 'D_layers': 2, 'D_layer_units_exponent_0': 6, 'D_layer_units_exponent_1': 10, 'D_dagger_layers': 2, 'D_dagger_layer_units_exponent_0': 6, 'D_dagger_layer_units_exponent_1': 9, 'log_learning_rate': -2.5976741446308056, 'log_learning_rate_D': -2.8082980238080606, 'log_learning_rate_D_dagger': -3.181052516997994, 'training_batch_size': 12, 'training_p': 6}. Best is trial 7 with value: 0.11289186775684357.
Time for this trial:  121.00398707389832
Memory status after this trial: 
Memory allocated:  67.72998046875
Memory cached:  96.0
--------------------  Trial  9   --------------------
Start timing: 
Parameters: 
{'W_layers': 3, 'W_layer_units_exponent_0': 10, 'W_layer_units_exponent_1': 5, 'W_layer_units_exponent_2': 10, 'D_layers': 5, 'D_layer_units_exponent_0': 9, 'D_layer_units_exponent_1': 10, 'D_layer_units_exponent_2': 6, 'D_layer_units_exponent_3': 8, 'D_layer_units_exponent_4': 6, 'D_dagger_layers': 4, 'D_dagger_layer_units_exponent_0': 4, 'D_dagger_layer_units_exponent_1': 8, 'D_dagger_layer_units_exponent_2': 9, 'D_dagger_layer_units_exponent_3': 7, 'log_learning_rate': -2.575730944544735, 'log_learning_rate_D': -4.525706511711027, 'log_learning_rate_D_dagger': -2.8115721616396017, 'training_batch_size': 6, 'training_p': 6}
	 epoch  0 training error:  tensor(1.0023, device='cuda:0', grad_fn=<DivBackward0>)
Memory status after this epoch: 
Memory allocated:  13.85498046875
Memory cached:  140.0
	 epoch  10 training error:  tensor(1., device='cuda:0', grad_fn=<DivBackward0>)
Memory status after this epoch: 
Memory allocated:  13.85498046875
Memory cached:  202.0
	 epoch  20 training error:  tensor(1., device='cuda:0', grad_fn=<DivBackward0>)
Memory status after this epoch: 
Memory allocated:  13.85498046875
Memory cached:  192.0
	 epoch  30 training error:  tensor(1., device='cuda:0', grad_fn=<DivBackward0>)
Memory status after this epoch: 
Memory allocated:  13.85498046875
Memory cached:  208.0
	 epoch  40 training error:  tensor(1., device='cuda:0', grad_fn=<DivBackward0>)
Memory status after this epoch: 
Memory allocated:  13.85498046875
Memory cached:  204.0
	 epoch  50 training error:  tensor(1., device='cuda:0', grad_fn=<DivBackward0>)
Memory status after this epoch: 
Memory allocated:  13.85498046875
Memory cached:  198.0
	 epoch  60 training error:  tensor(1., device='cuda:0', grad_fn=<DivBackward0>)
Memory status after this epoch: 
Memory allocated:  13.85498046875
Memory cached:  200.0
	 epoch  70 training error:  tensor(1., device='cuda:0', grad_fn=<DivBackward0>)
Memory status after this epoch: 
Memory allocated:  13.85498046875
Memory cached:  198.0
	 epoch  80 training error:  tensor(1., device='cuda:0', grad_fn=<DivBackward0>)
Memory status after this epoch: 
Memory allocated:  13.85498046875
Memory cached:  220.0
	 epoch  90 training error:  tensor(1., device='cuda:0', grad_fn=<DivBackward0>)
Memory status after this epoch: 
Memory allocated:  13.85498046875
Memory cached:  194.0
[I 2023-11-20 22:00:28,581] Trial 9 finished with value: 1.0 and parameters: {'W_layers': 3, 'W_layer_units_exponent_0': 10, 'W_layer_units_exponent_1': 5, 'W_layer_units_exponent_2': 10, 'D_layers': 5, 'D_layer_units_exponent_0': 9, 'D_layer_units_exponent_1': 10, 'D_layer_units_exponent_2': 6, 'D_layer_units_exponent_3': 8, 'D_layer_units_exponent_4': 6, 'D_dagger_layers': 4, 'D_dagger_layer_units_exponent_0': 4, 'D_dagger_layer_units_exponent_1': 8, 'D_dagger_layer_units_exponent_2': 9, 'D_dagger_layer_units_exponent_3': 7, 'log_learning_rate': -2.575730944544735, 'log_learning_rate_D': -4.525706511711027, 'log_learning_rate_D_dagger': -2.8115721616396017, 'training_batch_size': 6, 'training_p': 6}. Best is trial 7 with value: 0.11289186775684357.
Time for this trial:  317.34637808799744
Memory status after this trial: 
Memory allocated:  194.37451171875
Memory cached:  214.0
--------------------  Trial  10   --------------------
Start timing: 
Parameters: 
{'W_layers': 5, 'W_layer_units_exponent_0': 7, 'W_layer_units_exponent_1': 10, 'W_layer_units_exponent_2': 7, 'W_layer_units_exponent_3': 10, 'W_layer_units_exponent_4': 10, 'D_layers': 5, 'D_layer_units_exponent_0': 4, 'D_layer_units_exponent_1': 4, 'D_layer_units_exponent_2': 10, 'D_layer_units_exponent_3': 10, 'D_layer_units_exponent_4': 9, 'D_dagger_layers': 8, 'D_dagger_layer_units_exponent_0': 4, 'D_dagger_layer_units_exponent_1': 10, 'D_dagger_layer_units_exponent_2': 7, 'D_dagger_layer_units_exponent_3': 4, 'D_dagger_layer_units_exponent_4': 10, 'D_dagger_layer_units_exponent_5': 6, 'D_dagger_layer_units_exponent_6': 8, 'D_dagger_layer_units_exponent_7': 6, 'log_learning_rate': -4.980625662990189, 'log_learning_rate_D': -4.029092495602806, 'log_learning_rate_D_dagger': -3.7642314167616133, 'training_batch_size': 6, 'training_p': 8}
	 epoch  0 training error:  tensor(1.0006, device='cuda:0', grad_fn=<DivBackward0>)
Memory status after this epoch: 
Memory allocated:  50.59912109375
Memory cached:  202.0
	 epoch  10 training error:  tensor(0.9708, device='cuda:0', grad_fn=<DivBackward0>)
Memory status after this epoch: 
Memory allocated:  50.59912109375
Memory cached:  268.0
	 epoch  20 training error:  tensor(0.9669, device='cuda:0', grad_fn=<DivBackward0>)
Memory status after this epoch: 
Memory allocated:  50.59912109375
Memory cached:  268.0
	 epoch  30 training error:  tensor(0.9407, device='cuda:0', grad_fn=<DivBackward0>)
Memory status after this epoch: 
Memory allocated:  50.59912109375
Memory cached:  274.0
	 epoch  40 training error:  tensor(0.8995, device='cuda:0', grad_fn=<DivBackward0>)
Memory status after this epoch: 
Memory allocated:  50.59912109375
Memory cached:  264.0
	 epoch  50 training error:  tensor(0.8372, device='cuda:0', grad_fn=<DivBackward0>)
Memory status after this epoch: 
Memory allocated:  50.59912109375
Memory cached:  272.0
	 epoch  60 training error:  tensor(0.7632, device='cuda:0', grad_fn=<DivBackward0>)
Memory status after this epoch: 
Memory allocated:  50.59912109375
Memory cached:  260.0
	 epoch  70 training error:  tensor(0.6508, device='cuda:0', grad_fn=<DivBackward0>)
Memory status after this epoch: 
Memory allocated:  50.59912109375
Memory cached:  266.0
	 epoch  80 training error:  tensor(0.5062, device='cuda:0', grad_fn=<DivBackward0>)
Memory status after this epoch: 
Memory allocated:  50.59912109375
Memory cached:  276.0
	 epoch  90 training error:  tensor(0.3429, device='cuda:0', grad_fn=<DivBackward0>)
Memory status after this epoch: 
Memory allocated:  50.59912109375
Memory cached:  276.0
[I 2023-11-20 22:07:24,748] Trial 10 finished with value: 0.12244998663663864 and parameters: {'W_layers': 5, 'W_layer_units_exponent_0': 7, 'W_layer_units_exponent_1': 10, 'W_layer_units_exponent_2': 7, 'W_layer_units_exponent_3': 10, 'W_layer_units_exponent_4': 10, 'D_layers': 5, 'D_layer_units_exponent_0': 4, 'D_layer_units_exponent_1': 4, 'D_layer_units_exponent_2': 10, 'D_layer_units_exponent_3': 10, 'D_layer_units_exponent_4': 9, 'D_dagger_layers': 8, 'D_dagger_layer_units_exponent_0': 4, 'D_dagger_layer_units_exponent_1': 10, 'D_dagger_layer_units_exponent_2': 7, 'D_dagger_layer_units_exponent_3': 4, 'D_dagger_layer_units_exponent_4': 10, 'D_dagger_layer_units_exponent_5': 6, 'D_dagger_layer_units_exponent_6': 8, 'D_dagger_layer_units_exponent_7': 6, 'log_learning_rate': -4.980625662990189, 'log_learning_rate_D': -4.029092495602806, 'log_learning_rate_D_dagger': -3.7642314167616133, 'training_batch_size': 6, 'training_p': 8}. Best is trial 7 with value: 0.11289186775684357.
Time for this trial:  415.8819012641907
Memory status after this trial: 
Memory allocated:  350.18310546875
Memory cached:  376.0
--------------------  Trial  11   --------------------
Start timing: 
Parameters: 
{'W_layers': 2, 'W_layer_units_exponent_0': 6, 'W_layer_units_exponent_1': 7, 'D_layers': 7, 'D_layer_units_exponent_0': 5, 'D_layer_units_exponent_1': 8, 'D_layer_units_exponent_2': 5, 'D_layer_units_exponent_3': 10, 'D_layer_units_exponent_4': 8, 'D_layer_units_exponent_5': 10, 'D_layer_units_exponent_6': 9, 'D_dagger_layers': 8, 'D_dagger_layer_units_exponent_0': 5, 'D_dagger_layer_units_exponent_1': 6, 'D_dagger_layer_units_exponent_2': 4, 'D_dagger_layer_units_exponent_3': 5, 'D_dagger_layer_units_exponent_4': 9, 'D_dagger_layer_units_exponent_5': 9, 'D_dagger_layer_units_exponent_6': 4, 'D_dagger_layer_units_exponent_7': 6, 'log_learning_rate': -3.453935636699428, 'log_learning_rate_D': -1.0224931839783251, 'log_learning_rate_D_dagger': -4.841352055919784, 'training_batch_size': 7, 'training_p': 8}
	 epoch  0 training error:  tensor(0.9736, device='cuda:0', grad_fn=<DivBackward0>)
Memory status after this epoch: 
Memory allocated:  21.54150390625
Memory cached:  140.0
	 epoch  10 training error:  tensor(0.8905, device='cuda:0', grad_fn=<DivBackward0>)
Memory status after this epoch: 
Memory allocated:  21.54150390625
Memory cached:  260.0
	 epoch  20 training error:  tensor(0.8203, device='cuda:0', grad_fn=<DivBackward0>)
Memory status after this epoch: 
Memory allocated:  21.54150390625
Memory cached:  282.0
	 epoch  30 training error:  tensor(0.7352, device='cuda:0', grad_fn=<DivBackward0>)
Memory status after this epoch: 
Memory allocated:  21.54150390625
Memory cached:  258.0
	 epoch  40 training error:  tensor(0.6436, device='cuda:0', grad_fn=<DivBackward0>)
Memory status after this epoch: 
Memory allocated:  21.54150390625
Memory cached:  272.0
	 epoch  50 training error:  tensor(0.5666, device='cuda:0', grad_fn=<DivBackward0>)
Memory status after this epoch: 
Memory allocated:  21.54150390625
Memory cached:  256.0
	 epoch  60 training error:  tensor(0.4614, device='cuda:0', grad_fn=<DivBackward0>)
Memory status after this epoch: 
Memory allocated:  21.54150390625
Memory cached:  270.0
	 epoch  70 training error:  tensor(0.3485, device='cuda:0', grad_fn=<DivBackward0>)
Memory status after this epoch: 
Memory allocated:  21.54150390625
Memory cached:  254.0
	 epoch  80 training error:  tensor(0.2377, device='cuda:0', grad_fn=<DivBackward0>)
Memory status after this epoch: 
Memory allocated:  21.54150390625
Memory cached:  264.0
	 epoch  90 training error:  tensor(0.2269, device='cuda:0', grad_fn=<DivBackward0>)
Memory status after this epoch: 
Memory allocated:  21.54150390625
Memory cached:  258.0
