[I 2023-11-22 11:45:31,478] Trial 36 finished with value: 0.07122489809989929 and parameters: {'W_layers': 5, 'W_layer_units_exponent_0': 8, 'W_layer_units_exponent_1': 10, 'W_layer_units_exponent_2': 6, 'W_layer_units_exponent_3': 6, 'W_layer_units_exponent_4': 5, 'D_layers': 2, 'D_layer_units_exponent_0': 7, 'D_layer_units_exponent_1': 5, 'D_dagger_layers': 5, 'D_dagger_layer_units_exponent_0': 6, 'D_dagger_layer_units_exponent_1': 6, 'D_dagger_layer_units_exponent_2': 9, 'D_dagger_layer_units_exponent_3': 5, 'D_dagger_layer_units_exponent_4': 9, 'log_learning_rate': -3.7895567005941584, 'log_learning_rate_D': -3.089345475710549, 'log_learning_rate_D_dagger': -2.6946765015413066, 'training_batch_size': 11, 'training_p': 8}. Best is trial 8 with value: 0.0455283485352993.
Time for this trial:  162.99558019638062
Memory status after this trial: 
Memory allocated:  109.9853515625
Memory cached:  114.0
--------------------  Trial  37   --------------------
Start timing: 
Parameters: 
{'W_layers': 4, 'W_layer_units_exponent_0': 9, 'W_layer_units_exponent_1': 9, 'W_layer_units_exponent_2': 5, 'W_layer_units_exponent_3': 5, 'D_layers': 5, 'D_layer_units_exponent_0': 8, 'D_layer_units_exponent_1': 4, 'D_layer_units_exponent_2': 7, 'D_layer_units_exponent_3': 8, 'D_layer_units_exponent_4': 7, 'D_dagger_layers': 5, 'D_dagger_layer_units_exponent_0': 7, 'D_dagger_layer_units_exponent_1': 9, 'D_dagger_layer_units_exponent_2': 7, 'D_dagger_layer_units_exponent_3': 7, 'D_dagger_layer_units_exponent_4': 5, 'log_learning_rate': -2.538730404228363, 'log_learning_rate_D': -1.6255061172559055, 'log_learning_rate_D_dagger': -2.1276142222467063, 'training_batch_size': 10, 'training_p': 4}
	 epoch  0 training error:  tensor(1., device='cuda:0', grad_fn=<DivBackward0>)
Memory status after this epoch: 
Memory allocated:  7.85986328125
Memory cached:  104.0
	 epoch  10 training error:  tensor(1., device='cuda:0', grad_fn=<DivBackward0>)
Memory status after this epoch: 
Memory allocated:  7.85986328125
Memory cached:  134.0
	 epoch  20 training error:  tensor(1., device='cuda:0', grad_fn=<DivBackward0>)
Memory status after this epoch: 
Memory allocated:  7.85986328125
Memory cached:  144.0
	 epoch  30 training error:  tensor(1., device='cuda:0', grad_fn=<DivBackward0>)
Memory status after this epoch: 
Memory allocated:  7.85986328125
Memory cached:  142.0
	 epoch  40 training error:  tensor(1., device='cuda:0', grad_fn=<DivBackward0>)
Memory status after this epoch: 
Memory allocated:  7.85986328125
Memory cached:  150.0
	 epoch  50 training error:  tensor(1., device='cuda:0', grad_fn=<DivBackward0>)
Memory status after this epoch: 
Memory allocated:  7.85986328125
Memory cached:  140.0
	 epoch  60 training error:  tensor(1., device='cuda:0', grad_fn=<DivBackward0>)
Memory status after this epoch: 
Memory allocated:  7.85986328125
Memory cached:  136.0
	 epoch  70 training error:  tensor(1., device='cuda:0', grad_fn=<DivBackward0>)
Memory status after this epoch: 
Memory allocated:  7.85986328125
Memory cached:  144.0
	 epoch  80 training error:  tensor(1., device='cuda:0', grad_fn=<DivBackward0>)
Memory status after this epoch: 
Memory allocated:  7.85986328125
Memory cached:  134.0
	 epoch  90 training error:  tensor(1., device='cuda:0', grad_fn=<DivBackward0>)
Memory status after this epoch: 
Memory allocated:  7.85986328125
Memory cached:  138.0
[I 2023-11-22 11:48:29,023] Trial 37 finished with value: 1.0 and parameters: {'W_layers': 4, 'W_layer_units_exponent_0': 9, 'W_layer_units_exponent_1': 9, 'W_layer_units_exponent_2': 5, 'W_layer_units_exponent_3': 5, 'D_layers': 5, 'D_layer_units_exponent_0': 8, 'D_layer_units_exponent_1': 4, 'D_layer_units_exponent_2': 7, 'D_layer_units_exponent_3': 8, 'D_layer_units_exponent_4': 7, 'D_dagger_layers': 5, 'D_dagger_layer_units_exponent_0': 7, 'D_dagger_layer_units_exponent_1': 9, 'D_dagger_layer_units_exponent_2': 7, 'D_dagger_layer_units_exponent_3': 7, 'D_dagger_layer_units_exponent_4': 5, 'log_learning_rate': -2.538730404228363, 'log_learning_rate_D': -1.6255061172559055, 'log_learning_rate_D_dagger': -2.1276142222467063, 'training_batch_size': 10, 'training_p': 4}. Best is trial 8 with value: 0.0455283485352993.
Time for this trial:  177.29899978637695
Memory status after this trial: 
Memory allocated:  111.205078125
Memory cached:  122.0
--------------------  Trial  38   --------------------
Start timing: 
Parameters: 
{'W_layers': 6, 'W_layer_units_exponent_0': 10, 'W_layer_units_exponent_1': 6, 'W_layer_units_exponent_2': 6, 'W_layer_units_exponent_3': 7, 'W_layer_units_exponent_4': 8, 'W_layer_units_exponent_5': 6, 'D_layers': 4, 'D_layer_units_exponent_0': 7, 'D_layer_units_exponent_1': 4, 'D_layer_units_exponent_2': 5, 'D_layer_units_exponent_3': 9, 'D_dagger_layers': 3, 'D_dagger_layer_units_exponent_0': 6, 'D_dagger_layer_units_exponent_1': 5, 'D_dagger_layer_units_exponent_2': 8, 'log_learning_rate': -1.7167346755598951, 'log_learning_rate_D': -2.309552103363009, 'log_learning_rate_D_dagger': -2.566153098372479, 'training_batch_size': 12, 'training_p': 7}
	 epoch  0 training error:  tensor(1.0018, device='cuda:0', grad_fn=<DivBackward0>)
Memory status after this epoch: 
Memory allocated:  2.58251953125
Memory cached:  100.0
	 epoch  10 training error:  tensor(3.3106, device='cuda:0', grad_fn=<DivBackward0>)
Memory status after this epoch: 
Memory allocated:  2.58251953125
Memory cached:  126.0
	 epoch  20 training error:  tensor(0.7850, device='cuda:0', grad_fn=<DivBackward0>)
Memory status after this epoch: 
Memory allocated:  2.58251953125
Memory cached:  118.0
	 epoch  30 training error:  tensor(0.6698, device='cuda:0', grad_fn=<DivBackward0>)
Memory status after this epoch: 
Memory allocated:  2.58251953125
Memory cached:  124.0
	 epoch  40 training error:  tensor(1.2525, device='cuda:0', grad_fn=<DivBackward0>)
Memory status after this epoch: 
Memory allocated:  2.58251953125
Memory cached:  114.0
	 epoch  50 training error:  tensor(0.1845, device='cuda:0', grad_fn=<DivBackward0>)
Memory status after this epoch: 
Memory allocated:  2.58251953125
Memory cached:  120.0
	 epoch  60 training error:  tensor(0.1382, device='cuda:0', grad_fn=<DivBackward0>)
Memory status after this epoch: 
Memory allocated:  2.58251953125
Memory cached:  118.0
	 epoch  70 training error:  tensor(0.1253, device='cuda:0', grad_fn=<DivBackward0>)
Memory status after this epoch: 
Memory allocated:  2.58251953125
Memory cached:  120.0
	 epoch  80 training error:  tensor(0.1261, device='cuda:0', grad_fn=<DivBackward0>)
Memory status after this epoch: 
Memory allocated:  2.58251953125
Memory cached:  122.0
	 epoch  90 training error:  tensor(0.0991, device='cuda:0', grad_fn=<DivBackward0>)
Memory status after this epoch: 
Memory allocated:  2.58251953125
Memory cached:  114.0
[I 2023-11-22 11:51:19,953] Trial 38 finished with value: 0.07195702940225601 and parameters: {'W_layers': 6, 'W_layer_units_exponent_0': 10, 'W_layer_units_exponent_1': 6, 'W_layer_units_exponent_2': 6, 'W_layer_units_exponent_3': 7, 'W_layer_units_exponent_4': 8, 'W_layer_units_exponent_5': 6, 'D_layers': 4, 'D_layer_units_exponent_0': 7, 'D_layer_units_exponent_1': 4, 'D_layer_units_exponent_2': 5, 'D_layer_units_exponent_3': 9, 'D_dagger_layers': 3, 'D_dagger_layer_units_exponent_0': 6, 'D_dagger_layer_units_exponent_1': 5, 'D_dagger_layer_units_exponent_2': 8, 'log_learning_rate': -1.7167346755598951, 'log_learning_rate_D': -2.309552103363009, 'log_learning_rate_D_dagger': -2.566153098372479, 'training_batch_size': 12, 'training_p': 7}. Best is trial 8 with value: 0.0455283485352993.
Time for this trial:  170.685781955719
Memory status after this trial: 
Memory allocated:  102.49951171875
Memory cached:  104.0
--------------------  Trial  39   --------------------
Start timing: 
Parameters: 
{'W_layers': 3, 'W_layer_units_exponent_0': 8, 'W_layer_units_exponent_1': 8, 'W_layer_units_exponent_2': 5, 'D_layers': 2, 'D_layer_units_exponent_0': 7, 'D_layer_units_exponent_1': 6, 'D_dagger_layers': 4, 'D_dagger_layer_units_exponent_0': 5, 'D_dagger_layer_units_exponent_1': 8, 'D_dagger_layer_units_exponent_2': 6, 'D_dagger_layer_units_exponent_3': 8, 'log_learning_rate': -2.8332094604222644, 'log_learning_rate_D': -2.6420913941164166, 'log_learning_rate_D_dagger': -2.395086849074037, 'training_batch_size': 9, 'training_p': 3}
	 epoch  0 training error:  tensor(1.0948, device='cuda:0', grad_fn=<DivBackward0>)
Memory status after this epoch: 
Memory allocated:  2.03369140625
Memory cached:  64.0
	 epoch  10 training error:  tensor(0.1534, device='cuda:0', grad_fn=<DivBackward0>)
Memory status after this epoch: 
Memory allocated:  2.03369140625
Memory cached:  62.0
	 epoch  20 training error:  tensor(0.1030, device='cuda:0', grad_fn=<DivBackward0>)
Memory status after this epoch: 
Memory allocated:  2.03369140625
Memory cached:  60.0
	 epoch  30 training error:  tensor(0.0858, device='cuda:0', grad_fn=<DivBackward0>)
Memory status after this epoch: 
Memory allocated:  2.03369140625
Memory cached:  60.0
	 epoch  40 training error:  tensor(0.0592, device='cuda:0', grad_fn=<DivBackward0>)
Memory status after this epoch: 
Memory allocated:  2.03369140625
Memory cached:  58.0
	 epoch  50 training error:  tensor(0.0714, device='cuda:0', grad_fn=<DivBackward0>)
Memory status after this epoch: 
Memory allocated:  2.03369140625
Memory cached:  60.0
	 epoch  60 training error:  tensor(0.0527, device='cuda:0', grad_fn=<DivBackward0>)
Memory status after this epoch: 
Memory allocated:  2.03369140625
Memory cached:  56.0
	 epoch  70 training error:  tensor(0.0512, device='cuda:0', grad_fn=<DivBackward0>)
Memory status after this epoch: 
Memory allocated:  2.03369140625
Memory cached:  62.0
	 epoch  80 training error:  tensor(0.0515, device='cuda:0', grad_fn=<DivBackward0>)
Memory status after this epoch: 
Memory allocated:  2.03369140625
Memory cached:  58.0
	 epoch  90 training error:  tensor(0.0525, device='cuda:0', grad_fn=<DivBackward0>)
Memory status after this epoch: 
Memory allocated:  2.03369140625
Memory cached:  58.0
[I 2023-11-22 11:53:38,203] Trial 39 finished with value: 0.04487457871437073 and parameters: {'W_layers': 3, 'W_layer_units_exponent_0': 8, 'W_layer_units_exponent_1': 8, 'W_layer_units_exponent_2': 5, 'D_layers': 2, 'D_layer_units_exponent_0': 7, 'D_layer_units_exponent_1': 6, 'D_dagger_layers': 4, 'D_dagger_layer_units_exponent_0': 5, 'D_dagger_layer_units_exponent_1': 8, 'D_dagger_layer_units_exponent_2': 6, 'D_dagger_layer_units_exponent_3': 8, 'log_learning_rate': -2.8332094604222644, 'log_learning_rate_D': -2.6420913941164166, 'log_learning_rate_D_dagger': -2.395086849074037, 'training_batch_size': 9, 'training_p': 3}. Best is trial 39 with value: 0.04487457871437073.
Time for this trial:  138.03402137756348
Memory status after this trial: 
Memory allocated:  52.85498046875
Memory cached:  54.0
--------------------  Trial  40   --------------------
Start timing: 
Parameters: 
{'W_layers': 2, 'W_layer_units_exponent_0': 7, 'W_layer_units_exponent_1': 5, 'D_layers': 2, 'D_layer_units_exponent_0': 7, 'D_layer_units_exponent_1': 6, 'D_dagger_layers': 5, 'D_dagger_layer_units_exponent_0': 5, 'D_dagger_layer_units_exponent_1': 8, 'D_dagger_layer_units_exponent_2': 5, 'D_dagger_layer_units_exponent_3': 8, 'D_dagger_layer_units_exponent_4': 7, 'log_learning_rate': -2.839707257395676, 'log_learning_rate_D': -2.646790228491027, 'log_learning_rate_D_dagger': -2.3537595150291892, 'training_batch_size': 8, 'training_p': 3}
	 epoch  0 training error:  tensor(1.0073, device='cuda:0', grad_fn=<DivBackward0>)
Memory status after this epoch: 
Memory allocated:  1.21337890625
Memory cached:  52.0
	 epoch  10 training error:  tensor(0.8037, device='cuda:0', grad_fn=<DivBackward0>)
Memory status after this epoch: 
Memory allocated:  1.21337890625
Memory cached:  60.0
	 epoch  20 training error:  tensor(0.6707, device='cuda:0', grad_fn=<DivBackward0>)
Memory status after this epoch: 
Memory allocated:  1.21337890625
Memory cached:  62.0
	 epoch  30 training error:  tensor(0.6950, device='cuda:0', grad_fn=<DivBackward0>)
Memory status after this epoch: 
Memory allocated:  1.21337890625
Memory cached:  56.0
	 epoch  40 training error:  tensor(0.6664, device='cuda:0', grad_fn=<DivBackward0>)
Memory status after this epoch: 
Memory allocated:  1.21337890625
Memory cached:  56.0
	 epoch  50 training error:  tensor(0.6267, device='cuda:0', grad_fn=<DivBackward0>)
Memory status after this epoch: 
Memory allocated:  1.21337890625
Memory cached:  58.0
	 epoch  60 training error:  tensor(0.2307, device='cuda:0', grad_fn=<DivBackward0>)
Memory status after this epoch: 
Memory allocated:  1.21337890625
Memory cached:  60.0
	 epoch  70 training error:  tensor(0.6084, device='cuda:0', grad_fn=<DivBackward0>)
Memory status after this epoch: 
Memory allocated:  1.21337890625
Memory cached:  56.0
	 epoch  80 training error:  tensor(0.1352, device='cuda:0', grad_fn=<DivBackward0>)
Memory status after this epoch: 
Memory allocated:  1.21337890625
Memory cached:  60.0
	 epoch  90 training error:  tensor(0.2011, device='cuda:0', grad_fn=<DivBackward0>)
Memory status after this epoch: 
Memory allocated:  1.21337890625
Memory cached:  56.0
[I 2023-11-22 11:55:52,819] Trial 40 finished with value: 0.14643800258636475 and parameters: {'W_layers': 2, 'W_layer_units_exponent_0': 7, 'W_layer_units_exponent_1': 5, 'D_layers': 2, 'D_layer_units_exponent_0': 7, 'D_layer_units_exponent_1': 6, 'D_dagger_layers': 5, 'D_dagger_layer_units_exponent_0': 5, 'D_dagger_layer_units_exponent_1': 8, 'D_dagger_layer_units_exponent_2': 5, 'D_dagger_layer_units_exponent_3': 8, 'D_dagger_layer_units_exponent_4': 7, 'log_learning_rate': -2.839707257395676, 'log_learning_rate_D': -2.646790228491027, 'log_learning_rate_D_dagger': -2.3537595150291892, 'training_batch_size': 8, 'training_p': 3}. Best is trial 39 with value: 0.04487457871437073.
Time for this trial:  134.40327405929565
Memory status after this trial: 
Memory allocated:  41.45849609375
Memory cached:  52.0
--------------------  Trial  41   --------------------
Start timing: 
Parameters: 
{'W_layers': 3, 'W_layer_units_exponent_0': 8, 'W_layer_units_exponent_1': 8, 'W_layer_units_exponent_2': 5, 'D_layers': 2, 'D_layer_units_exponent_0': 7, 'D_layer_units_exponent_1': 5, 'D_dagger_layers': 4, 'D_dagger_layer_units_exponent_0': 4, 'D_dagger_layer_units_exponent_1': 10, 'D_dagger_layer_units_exponent_2': 6, 'D_dagger_layer_units_exponent_3': 8, 'log_learning_rate': -3.074942659290045, 'log_learning_rate_D': -2.99640476762779, 'log_learning_rate_D_dagger': -3.016706786714317, 'training_batch_size': 9, 'training_p': 3}
	 epoch  0 training error:  tensor(1.4653, device='cuda:0', grad_fn=<DivBackward0>)
Memory status after this epoch: 
Memory allocated:  2.85791015625
Memory cached:  92.0
	 epoch  10 training error:  tensor(0.1476, device='cuda:0', grad_fn=<DivBackward0>)
Memory status after this epoch: 
Memory allocated:  2.85791015625
Memory cached:  96.0
	 epoch  20 training error:  tensor(0.0809, device='cuda:0', grad_fn=<DivBackward0>)
Memory status after this epoch: 
Memory allocated:  2.85791015625
Memory cached:  104.0
	 epoch  30 training error:  tensor(0.1255, device='cuda:0', grad_fn=<DivBackward0>)
Memory status after this epoch: 
Memory allocated:  2.85791015625
Memory cached:  112.0
	 epoch  40 training error:  tensor(0.0932, device='cuda:0', grad_fn=<DivBackward0>)
Memory status after this epoch: 
Memory allocated:  2.85791015625
Memory cached:  106.0
	 epoch  50 training error:  tensor(0.0867, device='cuda:0', grad_fn=<DivBackward0>)
Memory status after this epoch: 
Memory allocated:  2.85791015625
Memory cached:  108.0
	 epoch  60 training error:  tensor(0.0733, device='cuda:0', grad_fn=<DivBackward0>)
Memory status after this epoch: 
Memory allocated:  2.85791015625
Memory cached:  106.0
	 epoch  70 training error:  tensor(0.0722, device='cuda:0', grad_fn=<DivBackward0>)
Memory status after this epoch: 
Memory allocated:  2.85791015625
Memory cached:  104.0
	 epoch  80 training error:  tensor(0.0733, device='cuda:0', grad_fn=<DivBackward0>)
Memory status after this epoch: 
Memory allocated:  2.85791015625
Memory cached:  98.0
	 epoch  90 training error:  tensor(0.0725, device='cuda:0', grad_fn=<DivBackward0>)
Memory status after this epoch: 
Memory allocated:  2.85791015625
Memory cached:  106.0
[I 2023-11-22 11:58:11,927] Trial 41 finished with value: 0.07089578360319138 and parameters: {'W_layers': 3, 'W_layer_units_exponent_0': 8, 'W_layer_units_exponent_1': 8, 'W_layer_units_exponent_2': 5, 'D_layers': 2, 'D_layer_units_exponent_0': 7, 'D_layer_units_exponent_1': 5, 'D_dagger_layers': 4, 'D_dagger_layer_units_exponent_0': 4, 'D_dagger_layer_units_exponent_1': 10, 'D_dagger_layer_units_exponent_2': 6, 'D_dagger_layer_units_exponent_3': 8, 'log_learning_rate': -3.074942659290045, 'log_learning_rate_D': -2.99640476762779, 'log_learning_rate_D_dagger': -3.016706786714317, 'training_batch_size': 9, 'training_p': 3}. Best is trial 39 with value: 0.04487457871437073.
Time for this trial:  138.89432168006897
Memory status after this trial: 
Memory allocated:  80.8671875
Memory cached:  84.0
--------------------  Trial  42   --------------------
Start timing: 
Parameters: 
{'W_layers': 4, 'W_layer_units_exponent_0': 8, 'W_layer_units_exponent_1': 9, 'W_layer_units_exponent_2': 6, 'W_layer_units_exponent_3': 8, 'D_layers': 2, 'D_layer_units_exponent_0': 8, 'D_layer_units_exponent_1': 6, 'D_dagger_layers': 4, 'D_dagger_layer_units_exponent_0': 7, 'D_dagger_layer_units_exponent_1': 9, 'D_dagger_layer_units_exponent_2': 5, 'D_dagger_layer_units_exponent_3': 9, 'log_learning_rate': -3.5392005243618954, 'log_learning_rate_D': -2.4753212769095416, 'log_learning_rate_D_dagger': -2.673302657026838, 'training_batch_size': 9, 'training_p': 2}
	 epoch  0 training error:  tensor(1.0780, device='cuda:0', grad_fn=<DivBackward0>)
Memory status after this epoch: 
Memory allocated:  4.68603515625
Memory cached:  62.0
	 epoch  10 training error:  tensor(0.1815, device='cuda:0', grad_fn=<DivBackward0>)
Memory status after this epoch: 
Memory allocated:  4.68603515625
Memory cached:  84.0
	 epoch  20 training error:  tensor(0.0859, device='cuda:0', grad_fn=<DivBackward0>)
Memory status after this epoch: 
Memory allocated:  4.68603515625
Memory cached:  86.0
	 epoch  30 training error:  tensor(0.0817, device='cuda:0', grad_fn=<DivBackward0>)
Memory status after this epoch: 
Memory allocated:  4.68603515625
Memory cached:  86.0
	 epoch  40 training error:  tensor(0.0668, device='cuda:0', grad_fn=<DivBackward0>)
Memory status after this epoch: 
Memory allocated:  4.68603515625
Memory cached:  86.0
	 epoch  50 training error:  tensor(0.0658, device='cuda:0', grad_fn=<DivBackward0>)
Memory status after this epoch: 
Memory allocated:  4.68603515625
Memory cached:  84.0
	 epoch  60 training error:  tensor(0.0626, device='cuda:0', grad_fn=<DivBackward0>)
Memory status after this epoch: 
Memory allocated:  4.68603515625
Memory cached:  90.0
	 epoch  70 training error:  tensor(0.0609, device='cuda:0', grad_fn=<DivBackward0>)
Memory status after this epoch: 
Memory allocated:  4.68603515625
Memory cached:  88.0
	 epoch  80 training error:  tensor(0.0605, device='cuda:0', grad_fn=<DivBackward0>)
Memory status after this epoch: 
Memory allocated:  4.68603515625
Memory cached:  82.0
	 epoch  90 training error:  tensor(0.0609, device='cuda:0', grad_fn=<DivBackward0>)
Memory status after this epoch: 
Memory allocated:  4.68603515625
Memory cached:  84.0
