[I 2023-11-29 10:44:06,922] Trial 11 finished with value: 0.0683114156126976 and parameters: {'W_layers': 2, 'W_layer_units_exponent_0': 6, 'W_layer_units_exponent_1': 6, 'D_layers': 5, 'D_layer_units_exponent_0': 4, 'D_layer_units_exponent_1': 8, 'D_layer_units_exponent_2': 7, 'D_layer_units_exponent_3': 6, 'D_layer_units_exponent_4': 4, 'D_dagger_layers': 8, 'D_dagger_layer_units_exponent_0': 6, 'D_dagger_layer_units_exponent_1': 8, 'D_dagger_layer_units_exponent_2': 5, 'D_dagger_layer_units_exponent_3': 8, 'D_dagger_layer_units_exponent_4': 7, 'D_dagger_layer_units_exponent_5': 7, 'D_dagger_layer_units_exponent_6': 6, 'D_dagger_layer_units_exponent_7': 5, 'log_learning_rate': -4.430839629588339, 'log_learning_rate_D': -2.830352350797057, 'log_learning_rate_D_dagger': -2.5812754282104775, 'training_batch_size': 10, 'training_p': 7}. Best is trial 7 with value: 0.06770654767751694.
Time for this trial:  15.411818504333496
Memory status after this trial: 
Memory allocated:  42.9208984375
Memory cached:  46.0
--------------------  Trial  12   --------------------
Start timing: 
Parameters: 
{'W_layers': 2, 'W_layer_units_exponent_0': 6, 'W_layer_units_exponent_1': 6, 'D_layers': 5, 'D_layer_units_exponent_0': 4, 'D_layer_units_exponent_1': 9, 'D_layer_units_exponent_2': 6, 'D_layer_units_exponent_3': 6, 'D_layer_units_exponent_4': 4, 'D_dagger_layers': 8, 'D_dagger_layer_units_exponent_0': 7, 'D_dagger_layer_units_exponent_1': 7, 'D_dagger_layer_units_exponent_2': 5, 'D_dagger_layer_units_exponent_3': 8, 'D_dagger_layer_units_exponent_4': 7, 'D_dagger_layer_units_exponent_5': 7, 'D_dagger_layer_units_exponent_6': 6, 'D_dagger_layer_units_exponent_7': 4, 'log_learning_rate': -4.700687308703156, 'log_learning_rate_D': -3.5760838846742837, 'log_learning_rate_D_dagger': -2.4380796329615113, 'training_batch_size': 10, 'training_p': 8}
	 epoch  0 training error:  tensor(0.2847, device='cuda:0', grad_fn=<DivBackward0>)
Memory status after this epoch: 
Memory allocated:  1.7587890625
Memory cached:  6.0
	 epoch  10 training error:  tensor(0.2419, device='cuda:0', grad_fn=<DivBackward0>)
Memory status after this epoch: 
Memory allocated:  1.7587890625
Memory cached:  6.0
	 epoch  20 training error:  tensor(0.2017, device='cuda:0', grad_fn=<DivBackward0>)
Memory status after this epoch: 
Memory allocated:  1.7587890625
Memory cached:  6.0
	 epoch  30 training error:  tensor(0.1729, device='cuda:0', grad_fn=<DivBackward0>)
Memory status after this epoch: 
Memory allocated:  1.7587890625
Memory cached:  6.0
	 epoch  40 training error:  tensor(0.1579, device='cuda:0', grad_fn=<DivBackward0>)
Memory status after this epoch: 
Memory allocated:  1.7587890625
Memory cached:  6.0
	 epoch  50 training error:  tensor(0.1520, device='cuda:0', grad_fn=<DivBackward0>)
Memory status after this epoch: 
Memory allocated:  1.7587890625
Memory cached:  6.0
	 epoch  60 training error:  tensor(0.1502, device='cuda:0', grad_fn=<DivBackward0>)
Memory status after this epoch: 
Memory allocated:  1.7587890625
Memory cached:  6.0
	 epoch  70 training error:  tensor(0.1499, device='cuda:0', grad_fn=<DivBackward0>)
Memory status after this epoch: 
Memory allocated:  1.7587890625
Memory cached:  6.0
	 epoch  80 training error:  tensor(0.1499, device='cuda:0', grad_fn=<DivBackward0>)
Memory status after this epoch: 
Memory allocated:  1.7587890625
Memory cached:  6.0
	 epoch  90 training error:  tensor(0.1499, device='cuda:0', grad_fn=<DivBackward0>)
Memory status after this epoch: 
Memory allocated:  1.7587890625
Memory cached:  6.0
[I 2023-11-29 10:44:22,213] Trial 12 finished with value: 0.12981374561786652 and parameters: {'W_layers': 2, 'W_layer_units_exponent_0': 6, 'W_layer_units_exponent_1': 6, 'D_layers': 5, 'D_layer_units_exponent_0': 4, 'D_layer_units_exponent_1': 9, 'D_layer_units_exponent_2': 6, 'D_layer_units_exponent_3': 6, 'D_layer_units_exponent_4': 4, 'D_dagger_layers': 8, 'D_dagger_layer_units_exponent_0': 7, 'D_dagger_layer_units_exponent_1': 7, 'D_dagger_layer_units_exponent_2': 5, 'D_dagger_layer_units_exponent_3': 8, 'D_dagger_layer_units_exponent_4': 7, 'D_dagger_layer_units_exponent_5': 7, 'D_dagger_layer_units_exponent_6': 6, 'D_dagger_layer_units_exponent_7': 4, 'log_learning_rate': -4.700687308703156, 'log_learning_rate_D': -3.5760838846742837, 'log_learning_rate_D_dagger': -2.4380796329615113, 'training_batch_size': 10, 'training_p': 8}. Best is trial 7 with value: 0.06770654767751694.
Time for this trial:  15.095726728439331
Memory status after this trial: 
Memory allocated:  39.3603515625
Memory cached:  52.0
--------------------  Trial  13   --------------------
Start timing: 
Parameters: 
{'W_layers': 7, 'W_layer_units_exponent_0': 6, 'W_layer_units_exponent_1': 7, 'W_layer_units_exponent_2': 9, 'W_layer_units_exponent_3': 4, 'W_layer_units_exponent_4': 6, 'W_layer_units_exponent_5': 8, 'W_layer_units_exponent_6': 8, 'D_layers': 4, 'D_layer_units_exponent_0': 6, 'D_layer_units_exponent_1': 8, 'D_layer_units_exponent_2': 7, 'D_layer_units_exponent_3': 7, 'D_dagger_layers': 7, 'D_dagger_layer_units_exponent_0': 7, 'D_dagger_layer_units_exponent_1': 8, 'D_dagger_layer_units_exponent_2': 5, 'D_dagger_layer_units_exponent_3': 8, 'D_dagger_layer_units_exponent_4': 6, 'D_dagger_layer_units_exponent_5': 7, 'D_dagger_layer_units_exponent_6': 7, 'log_learning_rate': -4.366855184122264, 'log_learning_rate_D': -3.958506303071175, 'log_learning_rate_D_dagger': -2.3226669112751126, 'training_batch_size': 11, 'training_p': 7}
	 epoch  0 training error:  tensor(1.0087, device='cuda:0', grad_fn=<DivBackward0>)
Memory status after this epoch: 
Memory allocated:  4.35302734375
Memory cached:  8.0
	 epoch  10 training error:  tensor(0.9961, device='cuda:0', grad_fn=<DivBackward0>)
Memory status after this epoch: 
Memory allocated:  4.35302734375
Memory cached:  10.0
	 epoch  20 training error:  tensor(0.9811, device='cuda:0', grad_fn=<DivBackward0>)
Memory status after this epoch: 
Memory allocated:  4.35302734375
Memory cached:  10.0
	 epoch  30 training error:  tensor(0.9505, device='cuda:0', grad_fn=<DivBackward0>)
Memory status after this epoch: 
Memory allocated:  4.35302734375
Memory cached:  10.0
	 epoch  40 training error:  tensor(0.8939, device='cuda:0', grad_fn=<DivBackward0>)
Memory status after this epoch: 
Memory allocated:  4.35302734375
Memory cached:  10.0
	 epoch  50 training error:  tensor(0.8087, device='cuda:0', grad_fn=<DivBackward0>)
Memory status after this epoch: 
Memory allocated:  4.35302734375
Memory cached:  10.0
	 epoch  60 training error:  tensor(0.6704, device='cuda:0', grad_fn=<DivBackward0>)
Memory status after this epoch: 
Memory allocated:  4.35302734375
Memory cached:  10.0
	 epoch  70 training error:  tensor(0.4633, device='cuda:0', grad_fn=<DivBackward0>)
Memory status after this epoch: 
Memory allocated:  4.35302734375
Memory cached:  10.0
	 epoch  80 training error:  tensor(0.4269, device='cuda:0', grad_fn=<DivBackward0>)
Memory status after this epoch: 
Memory allocated:  4.35302734375
Memory cached:  10.0
	 epoch  90 training error:  tensor(0.1566, device='cuda:0', grad_fn=<DivBackward0>)
Memory status after this epoch: 
Memory allocated:  4.35302734375
Memory cached:  10.0
[I 2023-11-29 10:44:39,492] Trial 13 finished with value: 0.13072536885738373 and parameters: {'W_layers': 7, 'W_layer_units_exponent_0': 6, 'W_layer_units_exponent_1': 7, 'W_layer_units_exponent_2': 9, 'W_layer_units_exponent_3': 4, 'W_layer_units_exponent_4': 6, 'W_layer_units_exponent_5': 8, 'W_layer_units_exponent_6': 8, 'D_layers': 4, 'D_layer_units_exponent_0': 6, 'D_layer_units_exponent_1': 8, 'D_layer_units_exponent_2': 7, 'D_layer_units_exponent_3': 7, 'D_dagger_layers': 7, 'D_dagger_layer_units_exponent_0': 7, 'D_dagger_layer_units_exponent_1': 8, 'D_dagger_layer_units_exponent_2': 5, 'D_dagger_layer_units_exponent_3': 8, 'D_dagger_layer_units_exponent_4': 6, 'D_dagger_layer_units_exponent_5': 7, 'D_dagger_layer_units_exponent_6': 7, 'log_learning_rate': -4.366855184122264, 'log_learning_rate_D': -3.958506303071175, 'log_learning_rate_D_dagger': -2.3226669112751126, 'training_batch_size': 11, 'training_p': 7}. Best is trial 7 with value: 0.06770654767751694.
Time for this trial:  17.08098530769348
Memory status after this trial: 
Memory allocated:  90.85546875
Memory cached:  94.0
--------------------  Trial  14   --------------------
Start timing: 
Parameters: 
{'W_layers': 2, 'W_layer_units_exponent_0': 8, 'W_layer_units_exponent_1': 10, 'D_layers': 6, 'D_layer_units_exponent_0': 5, 'D_layer_units_exponent_1': 9, 'D_layer_units_exponent_2': 7, 'D_layer_units_exponent_3': 10, 'D_layer_units_exponent_4': 4, 'D_layer_units_exponent_5': 4, 'D_dagger_layers': 7, 'D_dagger_layer_units_exponent_0': 6, 'D_dagger_layer_units_exponent_1': 6, 'D_dagger_layer_units_exponent_2': 4, 'D_dagger_layer_units_exponent_3': 9, 'D_dagger_layer_units_exponent_4': 8, 'D_dagger_layer_units_exponent_5': 9, 'D_dagger_layer_units_exponent_6': 4, 'log_learning_rate': -4.3301000160254155, 'log_learning_rate_D': -2.79484272504982, 'log_learning_rate_D_dagger': -2.3019316043900826, 'training_batch_size': 10, 'training_p': 5}
	 epoch  0 training error:  tensor(1.0928, device='cuda:0', grad_fn=<DivBackward0>)
Memory status after this epoch: 
Memory allocated:  9.44140625
Memory cached:  12.0
	 epoch  10 training error:  tensor(0.3528, device='cuda:0', grad_fn=<DivBackward0>)
Memory status after this epoch: 
Memory allocated:  9.44140625
Memory cached:  14.0
	 epoch  20 training error:  tensor(0.2216, device='cuda:0', grad_fn=<DivBackward0>)
Memory status after this epoch: 
Memory allocated:  9.44140625
Memory cached:  14.0
	 epoch  30 training error:  tensor(0.1552, device='cuda:0', grad_fn=<DivBackward0>)
Memory status after this epoch: 
Memory allocated:  9.44140625
Memory cached:  14.0
	 epoch  40 training error:  tensor(0.1376, device='cuda:0', grad_fn=<DivBackward0>)
Memory status after this epoch: 
Memory allocated:  9.44140625
Memory cached:  14.0
	 epoch  50 training error:  tensor(0.1385, device='cuda:0', grad_fn=<DivBackward0>)
Memory status after this epoch: 
Memory allocated:  9.44140625
Memory cached:  14.0
	 epoch  60 training error:  tensor(0.1385, device='cuda:0', grad_fn=<DivBackward0>)
Memory status after this epoch: 
Memory allocated:  9.44140625
Memory cached:  14.0
	 epoch  70 training error:  tensor(0.1372, device='cuda:0', grad_fn=<DivBackward0>)
Memory status after this epoch: 
Memory allocated:  9.44140625
Memory cached:  14.0
	 epoch  80 training error:  tensor(0.1371, device='cuda:0', grad_fn=<DivBackward0>)
Memory status after this epoch: 
Memory allocated:  9.44140625
Memory cached:  14.0
	 epoch  90 training error:  tensor(0.1371, device='cuda:0', grad_fn=<DivBackward0>)
Memory status after this epoch: 
Memory allocated:  9.44140625
Memory cached:  14.0
[I 2023-11-29 10:44:56,176] Trial 14 finished with value: 0.13017813861370087 and parameters: {'W_layers': 2, 'W_layer_units_exponent_0': 8, 'W_layer_units_exponent_1': 10, 'D_layers': 6, 'D_layer_units_exponent_0': 5, 'D_layer_units_exponent_1': 9, 'D_layer_units_exponent_2': 7, 'D_layer_units_exponent_3': 10, 'D_layer_units_exponent_4': 4, 'D_layer_units_exponent_5': 4, 'D_dagger_layers': 7, 'D_dagger_layer_units_exponent_0': 6, 'D_dagger_layer_units_exponent_1': 6, 'D_dagger_layer_units_exponent_2': 4, 'D_dagger_layer_units_exponent_3': 9, 'D_dagger_layer_units_exponent_4': 8, 'D_dagger_layer_units_exponent_5': 9, 'D_dagger_layer_units_exponent_6': 4, 'log_learning_rate': -4.3301000160254155, 'log_learning_rate_D': -2.79484272504982, 'log_learning_rate_D_dagger': -2.3019316043900826, 'training_batch_size': 10, 'training_p': 5}. Best is trial 7 with value: 0.06770654767751694.
Time for this trial:  16.49894690513611
Memory status after this trial: 
Memory allocated:  110.5009765625
Memory cached:  118.0
--------------------  Trial  15   --------------------
Start timing: 
Parameters: 
{'W_layers': 7, 'W_layer_units_exponent_0': 6, 'W_layer_units_exponent_1': 7, 'W_layer_units_exponent_2': 7, 'W_layer_units_exponent_3': 7, 'W_layer_units_exponent_4': 7, 'W_layer_units_exponent_5': 7, 'W_layer_units_exponent_6': 7, 'D_layers': 4, 'D_layer_units_exponent_0': 7, 'D_layer_units_exponent_1': 9, 'D_layer_units_exponent_2': 6, 'D_layer_units_exponent_3': 7, 'D_dagger_layers': 8, 'D_dagger_layer_units_exponent_0': 4, 'D_dagger_layer_units_exponent_1': 8, 'D_dagger_layer_units_exponent_2': 6, 'D_dagger_layer_units_exponent_3': 7, 'D_dagger_layer_units_exponent_4': 5, 'D_dagger_layer_units_exponent_5': 5, 'D_dagger_layer_units_exponent_6': 7, 'D_dagger_layer_units_exponent_7': 6, 'log_learning_rate': -4.921717541661717, 'log_learning_rate_D': -4.903106094994651, 'log_learning_rate_D_dagger': -2.9519236125931543, 'training_batch_size': 11, 'training_p': 7}
	 epoch  0 training error:  tensor(0.9980, device='cuda:0', grad_fn=<DivBackward0>)
Memory status after this epoch: 
Memory allocated:  2.68603515625
Memory cached:  6.0
	 epoch  10 training error:  tensor(0.9941, device='cuda:0', grad_fn=<DivBackward0>)
Memory status after this epoch: 
Memory allocated:  2.68603515625
Memory cached:  6.0
	 epoch  20 training error:  tensor(0.9902, device='cuda:0', grad_fn=<DivBackward0>)
Memory status after this epoch: 
Memory allocated:  2.68603515625
Memory cached:  6.0
	 epoch  30 training error:  tensor(0.9861, device='cuda:0', grad_fn=<DivBackward0>)
Memory status after this epoch: 
Memory allocated:  2.68603515625
Memory cached:  6.0
	 epoch  40 training error:  tensor(0.9819, device='cuda:0', grad_fn=<DivBackward0>)
Memory status after this epoch: 
Memory allocated:  2.68603515625
Memory cached:  6.0
	 epoch  50 training error:  tensor(0.9761, device='cuda:0', grad_fn=<DivBackward0>)
Memory status after this epoch: 
Memory allocated:  2.68603515625
Memory cached:  6.0
	 epoch  60 training error:  tensor(0.9713, device='cuda:0', grad_fn=<DivBackward0>)
Memory status after this epoch: 
Memory allocated:  2.68603515625
Memory cached:  6.0
	 epoch  70 training error:  tensor(0.9665, device='cuda:0', grad_fn=<DivBackward0>)
Memory status after this epoch: 
Memory allocated:  2.68603515625
Memory cached:  6.0
	 epoch  80 training error:  tensor(0.9607, device='cuda:0', grad_fn=<DivBackward0>)
Memory status after this epoch: 
Memory allocated:  2.68603515625
Memory cached:  6.0
	 epoch  90 training error:  tensor(0.9544, device='cuda:0', grad_fn=<DivBackward0>)
Memory status after this epoch: 
Memory allocated:  2.68603515625
Memory cached:  6.0
[I 2023-11-29 10:45:12,835] Trial 15 finished with value: 0.9447098970413208 and parameters: {'W_layers': 7, 'W_layer_units_exponent_0': 6, 'W_layer_units_exponent_1': 7, 'W_layer_units_exponent_2': 7, 'W_layer_units_exponent_3': 7, 'W_layer_units_exponent_4': 7, 'W_layer_units_exponent_5': 7, 'W_layer_units_exponent_6': 7, 'D_layers': 4, 'D_layer_units_exponent_0': 7, 'D_layer_units_exponent_1': 9, 'D_layer_units_exponent_2': 6, 'D_layer_units_exponent_3': 7, 'D_dagger_layers': 8, 'D_dagger_layer_units_exponent_0': 4, 'D_dagger_layer_units_exponent_1': 8, 'D_dagger_layer_units_exponent_2': 6, 'D_dagger_layer_units_exponent_3': 7, 'D_dagger_layer_units_exponent_4': 5, 'D_dagger_layer_units_exponent_5': 5, 'D_dagger_layer_units_exponent_6': 7, 'D_dagger_layer_units_exponent_7': 6, 'log_learning_rate': -4.921717541661717, 'log_learning_rate_D': -4.903106094994651, 'log_learning_rate_D_dagger': -2.9519236125931543, 'training_batch_size': 11, 'training_p': 7}. Best is trial 7 with value: 0.06770654767751694.
Time for this trial:  16.461921215057373
Memory status after this trial: 
Memory allocated:  60.4609375
Memory cached:  74.0
--------------------  Trial  16   --------------------
Start timing: 
Parameters: 
{'W_layers': 4, 'W_layer_units_exponent_0': 8, 'W_layer_units_exponent_1': 5, 'W_layer_units_exponent_2': 9, 'W_layer_units_exponent_3': 8, 'D_layers': 6, 'D_layer_units_exponent_0': 5, 'D_layer_units_exponent_1': 8, 'D_layer_units_exponent_2': 8, 'D_layer_units_exponent_3': 5, 'D_layer_units_exponent_4': 6, 'D_layer_units_exponent_5': 10, 'D_dagger_layers': 6, 'D_dagger_layer_units_exponent_0': 6, 'D_dagger_layer_units_exponent_1': 4, 'D_dagger_layer_units_exponent_2': 6, 'D_dagger_layer_units_exponent_3': 7, 'D_dagger_layer_units_exponent_4': 7, 'D_dagger_layer_units_exponent_5': 7, 'log_learning_rate': -3.9487971873476484, 'log_learning_rate_D': -2.2505836694608234, 'log_learning_rate_D_dagger': -1.9250927159940376, 'training_batch_size': 9, 'training_p': 4}
	 epoch  0 training error:  tensor(1.0000, device='cuda:0', grad_fn=<DivBackward0>)
Memory status after this epoch: 
Memory allocated:  3.8125
Memory cached:  8.0
	 epoch  10 training error:  tensor(0.4856, device='cuda:0', grad_fn=<DivBackward0>)
Memory status after this epoch: 
Memory allocated:  3.8125
Memory cached:  12.0
	 epoch  20 training error:  tensor(0.2284, device='cuda:0', grad_fn=<DivBackward0>)
Memory status after this epoch: 
Memory allocated:  3.8125
Memory cached:  12.0
	 epoch  30 training error:  tensor(0.9122, device='cuda:0', grad_fn=<DivBackward0>)
Memory status after this epoch: 
Memory allocated:  3.8125
Memory cached:  12.0
	 epoch  40 training error:  tensor(0.3338, device='cuda:0', grad_fn=<DivBackward0>)
Memory status after this epoch: 
Memory allocated:  3.8125
Memory cached:  12.0
	 epoch  50 training error:  tensor(0.2423, device='cuda:0', grad_fn=<DivBackward0>)
Memory status after this epoch: 
Memory allocated:  3.8125
Memory cached:  12.0
	 epoch  60 training error:  tensor(0.1528, device='cuda:0', grad_fn=<DivBackward0>)
Memory status after this epoch: 
Memory allocated:  3.8125
Memory cached:  12.0
	 epoch  70 training error:  tensor(0.0827, device='cuda:0', grad_fn=<DivBackward0>)
Memory status after this epoch: 
Memory allocated:  3.8125
Memory cached:  12.0
	 epoch  80 training error:  tensor(0.0891, device='cuda:0', grad_fn=<DivBackward0>)
Memory status after this epoch: 
Memory allocated:  3.8125
Memory cached:  12.0
	 epoch  90 training error:  tensor(0.0953, device='cuda:0', grad_fn=<DivBackward0>)
Memory status after this epoch: 
Memory allocated:  3.8125
Memory cached:  12.0
[I 2023-11-29 10:45:28,515] Trial 16 finished with value: 0.08065110445022583 and parameters: {'W_layers': 4, 'W_layer_units_exponent_0': 8, 'W_layer_units_exponent_1': 5, 'W_layer_units_exponent_2': 9, 'W_layer_units_exponent_3': 8, 'D_layers': 6, 'D_layer_units_exponent_0': 5, 'D_layer_units_exponent_1': 8, 'D_layer_units_exponent_2': 8, 'D_layer_units_exponent_3': 5, 'D_layer_units_exponent_4': 6, 'D_layer_units_exponent_5': 10, 'D_dagger_layers': 6, 'D_dagger_layer_units_exponent_0': 6, 'D_dagger_layer_units_exponent_1': 4, 'D_dagger_layer_units_exponent_2': 6, 'D_dagger_layer_units_exponent_3': 7, 'D_dagger_layer_units_exponent_4': 7, 'D_dagger_layer_units_exponent_5': 7, 'log_learning_rate': -3.9487971873476484, 'log_learning_rate_D': -2.2505836694608234, 'log_learning_rate_D_dagger': -1.9250927159940376, 'training_batch_size': 9, 'training_p': 4}. Best is trial 7 with value: 0.06770654767751694.
Time for this trial:  15.48722791671753
Memory status after this trial: 
Memory allocated:  63.0966796875
Memory cached:  68.0
--------------------  Trial  17   --------------------
Start timing: 
Parameters: 
{'W_layers': 7, 'W_layer_units_exponent_0': 4, 'W_layer_units_exponent_1': 8, 'W_layer_units_exponent_2': 7, 'W_layer_units_exponent_3': 4, 'W_layer_units_exponent_4': 10, 'W_layer_units_exponent_5': 6, 'W_layer_units_exponent_6': 8, 'D_layers': 3, 'D_layer_units_exponent_0': 7, 'D_layer_units_exponent_1': 10, 'D_layer_units_exponent_2': 8, 'D_dagger_layers': 6, 'D_dagger_layer_units_exponent_0': 10, 'D_dagger_layer_units_exponent_1': 9, 'D_dagger_layer_units_exponent_2': 10, 'D_dagger_layer_units_exponent_3': 9, 'D_dagger_layer_units_exponent_4': 5, 'D_dagger_layer_units_exponent_5': 8, 'log_learning_rate': -4.463280183037261, 'log_learning_rate_D': -3.2391699651049297, 'log_learning_rate_D_dagger': -2.7698537083147423, 'training_batch_size': 6, 'training_p': 7}
	 epoch  0 training error:  tensor(0.9442, device='cuda:0', grad_fn=<DivBackward0>)
Memory status after this epoch: 
Memory allocated:  28.46875
Memory cached:  70.0
	 epoch  10 training error:  tensor(0.3353, device='cuda:0', grad_fn=<DivBackward0>)
Memory status after this epoch: 
Memory allocated:  28.46875
Memory cached:  70.0
	 epoch  20 training error:  tensor(0.3018, device='cuda:0', grad_fn=<DivBackward0>)
Memory status after this epoch: 
Memory allocated:  28.46875
Memory cached:  72.0
	 epoch  30 training error:  tensor(0.1796, device='cuda:0', grad_fn=<DivBackward0>)
Memory status after this epoch: 
Memory allocated:  28.46875
Memory cached:  72.0
	 epoch  40 training error:  tensor(0.2125, device='cuda:0', grad_fn=<DivBackward0>)
Memory status after this epoch: 
Memory allocated:  28.46875
Memory cached:  72.0
	 epoch  50 training error:  tensor(0.1543, device='cuda:0', grad_fn=<DivBackward0>)
Memory status after this epoch: 
Memory allocated:  28.46875
Memory cached:  70.0
	 epoch  60 training error:  tensor(0.1166, device='cuda:0', grad_fn=<DivBackward0>)
Memory status after this epoch: 
Memory allocated:  28.46875
Memory cached:  72.0
	 epoch  70 training error:  tensor(0.1236, device='cuda:0', grad_fn=<DivBackward0>)
Memory status after this epoch: 
Memory allocated:  28.46875
Memory cached:  72.0
	 epoch  80 training error:  tensor(0.1302, device='cuda:0', grad_fn=<DivBackward0>)
Memory status after this epoch: 
Memory allocated:  28.46875
Memory cached:  70.0
	 epoch  90 training error:  tensor(0.1258, device='cuda:0', grad_fn=<DivBackward0>)
Memory status after this epoch: 
Memory allocated:  28.46875
Memory cached:  72.0
