[I 2023-11-22 09:44:07,453] Trial 15 finished with value: 1.0 and parameters: {'W_layers': 8, 'W_layer_units_exponent_0': 10, 'W_layer_units_exponent_1': 8, 'W_layer_units_exponent_2': 9, 'W_layer_units_exponent_3': 5, 'W_layer_units_exponent_4': 9, 'W_layer_units_exponent_5': 8, 'W_layer_units_exponent_6': 4, 'W_layer_units_exponent_7': 4, 'D_layers': 7, 'D_layer_units_exponent_0': 7, 'D_layer_units_exponent_1': 10, 'D_layer_units_exponent_2': 9, 'D_layer_units_exponent_3': 8, 'D_layer_units_exponent_4': 8, 'D_layer_units_exponent_5': 10, 'D_layer_units_exponent_6': 10, 'D_dagger_layers': 5, 'D_dagger_layer_units_exponent_0': 7, 'D_dagger_layer_units_exponent_1': 9, 'D_dagger_layer_units_exponent_2': 8, 'D_dagger_layer_units_exponent_3': 7, 'D_dagger_layer_units_exponent_4': 9, 'log_learning_rate': -1.0208552173165601, 'log_learning_rate_D': -2.388894820916901, 'log_learning_rate_D_dagger': -3.968654269043375, 'training_batch_size': 11, 'training_p': 7}. Best is trial 1 with value: 0.06739296019077301.
Time for this trial:  18.33818769454956
Memory status after this trial: 
Memory allocated:  168.986328125
Memory cached:  186.0
--------------------  Trial  16   --------------------
Start timing: 
Parameters: 
{'W_layers': 8, 'W_layer_units_exponent_0': 6, 'W_layer_units_exponent_1': 9, 'W_layer_units_exponent_2': 6, 'W_layer_units_exponent_3': 6, 'W_layer_units_exponent_4': 8, 'W_layer_units_exponent_5': 7, 'W_layer_units_exponent_6': 6, 'W_layer_units_exponent_7': 7, 'D_layers': 4, 'D_layer_units_exponent_0': 5, 'D_layer_units_exponent_1': 9, 'D_layer_units_exponent_2': 9, 'D_layer_units_exponent_3': 8, 'D_dagger_layers': 6, 'D_dagger_layer_units_exponent_0': 7, 'D_dagger_layer_units_exponent_1': 9, 'D_dagger_layer_units_exponent_2': 8, 'D_dagger_layer_units_exponent_3': 8, 'D_dagger_layer_units_exponent_4': 8, 'D_dagger_layer_units_exponent_5': 8, 'log_learning_rate': -2.224182823617028, 'log_learning_rate_D': -2.726732815320453, 'log_learning_rate_D_dagger': -4.118176288418543, 'training_batch_size': 9, 'training_p': 7}
	 epoch  0 training error:  tensor(0.9717, device='cuda:0', grad_fn=<DivBackward0>)
Memory status after this epoch: 
Memory allocated:  9.8486328125
Memory cached:  10.0
	 epoch  10 training error:  tensor(0.1400, device='cuda:0', grad_fn=<DivBackward0>)
Memory status after this epoch: 
Memory allocated:  9.8486328125
Memory cached:  12.0
	 epoch  20 training error:  tensor(0.1671, device='cuda:0', grad_fn=<DivBackward0>)
Memory status after this epoch: 
Memory allocated:  9.8486328125
Memory cached:  12.0
	 epoch  30 training error:  tensor(0.1304, device='cuda:0', grad_fn=<DivBackward0>)
Memory status after this epoch: 
Memory allocated:  9.8486328125
Memory cached:  12.0
	 epoch  40 training error:  tensor(0.1365, device='cuda:0', grad_fn=<DivBackward0>)
Memory status after this epoch: 
Memory allocated:  9.8486328125
Memory cached:  12.0
	 epoch  50 training error:  tensor(0.1139, device='cuda:0', grad_fn=<DivBackward0>)
Memory status after this epoch: 
Memory allocated:  9.8486328125
Memory cached:  12.0
	 epoch  60 training error:  tensor(0.1001, device='cuda:0', grad_fn=<DivBackward0>)
Memory status after this epoch: 
Memory allocated:  9.8486328125
Memory cached:  12.0
	 epoch  70 training error:  tensor(0.1152, device='cuda:0', grad_fn=<DivBackward0>)
Memory status after this epoch: 
Memory allocated:  9.8486328125
Memory cached:  12.0
	 epoch  80 training error:  tensor(0.1031, device='cuda:0', grad_fn=<DivBackward0>)
Memory status after this epoch: 
Memory allocated:  9.8486328125
Memory cached:  12.0
	 epoch  90 training error:  tensor(0.1075, device='cuda:0', grad_fn=<DivBackward0>)
Memory status after this epoch: 
Memory allocated:  9.8486328125
Memory cached:  12.0
[I 2023-11-22 09:44:25,502] Trial 16 finished with value: 0.09066775441169739 and parameters: {'W_layers': 8, 'W_layer_units_exponent_0': 6, 'W_layer_units_exponent_1': 9, 'W_layer_units_exponent_2': 6, 'W_layer_units_exponent_3': 6, 'W_layer_units_exponent_4': 8, 'W_layer_units_exponent_5': 7, 'W_layer_units_exponent_6': 6, 'W_layer_units_exponent_7': 7, 'D_layers': 4, 'D_layer_units_exponent_0': 5, 'D_layer_units_exponent_1': 9, 'D_layer_units_exponent_2': 9, 'D_layer_units_exponent_3': 8, 'D_dagger_layers': 6, 'D_dagger_layer_units_exponent_0': 7, 'D_dagger_layer_units_exponent_1': 9, 'D_dagger_layer_units_exponent_2': 8, 'D_dagger_layer_units_exponent_3': 8, 'D_dagger_layer_units_exponent_4': 8, 'D_dagger_layer_units_exponent_5': 8, 'log_learning_rate': -2.224182823617028, 'log_learning_rate_D': -2.726732815320453, 'log_learning_rate_D_dagger': -4.118176288418543, 'training_batch_size': 9, 'training_p': 7}. Best is trial 1 with value: 0.06739296019077301.
Time for this trial:  17.797085285186768
Memory status after this trial: 
Memory allocated:  117.9697265625
Memory cached:  134.0
--------------------  Trial  17   --------------------
Start timing: 
Parameters: 
{'W_layers': 6, 'W_layer_units_exponent_0': 6, 'W_layer_units_exponent_1': 8, 'W_layer_units_exponent_2': 9, 'W_layer_units_exponent_3': 6, 'W_layer_units_exponent_4': 9, 'W_layer_units_exponent_5': 10, 'D_layers': 7, 'D_layer_units_exponent_0': 8, 'D_layer_units_exponent_1': 9, 'D_layer_units_exponent_2': 8, 'D_layer_units_exponent_3': 10, 'D_layer_units_exponent_4': 5, 'D_layer_units_exponent_5': 8, 'D_layer_units_exponent_6': 10, 'D_dagger_layers': 4, 'D_dagger_layer_units_exponent_0': 9, 'D_dagger_layer_units_exponent_1': 10, 'D_dagger_layer_units_exponent_2': 5, 'D_dagger_layer_units_exponent_3': 8, 'log_learning_rate': -1.596058951209756, 'log_learning_rate_D': -1.7142448231754717, 'log_learning_rate_D_dagger': -3.2912926283837414, 'training_batch_size': 10, 'training_p': 6}
	 epoch  0 training error:  tensor(1.0532, device='cuda:0', grad_fn=<DivBackward0>)
Memory status after this epoch: 
Memory allocated:  24.0546875
Memory cached:  70.0
	 epoch  10 training error:  tensor(0.2246, device='cuda:0', grad_fn=<DivBackward0>)
Memory status after this epoch: 
Memory allocated:  24.0546875
Memory cached:  70.0
	 epoch  20 training error:  tensor(0.1547, device='cuda:0', grad_fn=<DivBackward0>)
Memory status after this epoch: 
Memory allocated:  24.0546875
Memory cached:  72.0
	 epoch  30 training error:  tensor(0.1504, device='cuda:0', grad_fn=<DivBackward0>)
Memory status after this epoch: 
Memory allocated:  24.0546875
Memory cached:  70.0
	 epoch  40 training error:  tensor(0.1520, device='cuda:0', grad_fn=<DivBackward0>)
Memory status after this epoch: 
Memory allocated:  24.0546875
Memory cached:  72.0
	 epoch  50 training error:  tensor(0.1065, device='cuda:0', grad_fn=<DivBackward0>)
Memory status after this epoch: 
Memory allocated:  24.0546875
Memory cached:  70.0
	 epoch  60 training error:  tensor(0.1063, device='cuda:0', grad_fn=<DivBackward0>)
Memory status after this epoch: 
Memory allocated:  24.0546875
Memory cached:  72.0
	 epoch  70 training error:  tensor(0.0992, device='cuda:0', grad_fn=<DivBackward0>)
Memory status after this epoch: 
Memory allocated:  24.0546875
Memory cached:  70.0
	 epoch  80 training error:  tensor(0.0930, device='cuda:0', grad_fn=<DivBackward0>)
Memory status after this epoch: 
Memory allocated:  24.0546875
Memory cached:  72.0
	 epoch  90 training error:  tensor(0.0923, device='cuda:0', grad_fn=<DivBackward0>)
Memory status after this epoch: 
Memory allocated:  24.0546875
Memory cached:  70.0
[I 2023-11-22 09:44:42,957] Trial 17 finished with value: 0.06696076691150665 and parameters: {'W_layers': 6, 'W_layer_units_exponent_0': 6, 'W_layer_units_exponent_1': 8, 'W_layer_units_exponent_2': 9, 'W_layer_units_exponent_3': 6, 'W_layer_units_exponent_4': 9, 'W_layer_units_exponent_5': 10, 'D_layers': 7, 'D_layer_units_exponent_0': 8, 'D_layer_units_exponent_1': 9, 'D_layer_units_exponent_2': 8, 'D_layer_units_exponent_3': 10, 'D_layer_units_exponent_4': 5, 'D_layer_units_exponent_5': 8, 'D_layer_units_exponent_6': 10, 'D_dagger_layers': 4, 'D_dagger_layer_units_exponent_0': 9, 'D_dagger_layer_units_exponent_1': 10, 'D_dagger_layer_units_exponent_2': 5, 'D_dagger_layer_units_exponent_3': 8, 'log_learning_rate': -1.596058951209756, 'log_learning_rate_D': -1.7142448231754717, 'log_learning_rate_D_dagger': -3.2912926283837414, 'training_batch_size': 10, 'training_p': 6}. Best is trial 17 with value: 0.06696076691150665.
Time for this trial:  17.259262084960938
Memory status after this trial: 
Memory allocated:  175.6787109375
Memory cached:  192.0
--------------------  Trial  18   --------------------
Start timing: 
Parameters: 
{'W_layers': 6, 'W_layer_units_exponent_0': 6, 'W_layer_units_exponent_1': 10, 'W_layer_units_exponent_2': 9, 'W_layer_units_exponent_3': 8, 'W_layer_units_exponent_4': 9, 'W_layer_units_exponent_5': 10, 'D_layers': 5, 'D_layer_units_exponent_0': 8, 'D_layer_units_exponent_1': 4, 'D_layer_units_exponent_2': 8, 'D_layer_units_exponent_3': 10, 'D_layer_units_exponent_4': 5, 'D_dagger_layers': 2, 'D_dagger_layer_units_exponent_0': 9, 'D_dagger_layer_units_exponent_1': 10, 'log_learning_rate': -1.4392861461334152, 'log_learning_rate_D': -1.7361743834074772, 'log_learning_rate_D_dagger': -3.1900722118645524, 'training_batch_size': 12, 'training_p': 6}
	 epoch  0 training error:  tensor(1.5789, device='cuda:0', grad_fn=<DivBackward0>)
Memory status after this epoch: 
Memory allocated:  31.330078125
Memory cached:  68.0
	 epoch  10 training error:  tensor(0.9286, device='cuda:0', grad_fn=<DivBackward0>)
Memory status after this epoch: 
Memory allocated:  31.330078125
Memory cached:  68.0
	 epoch  20 training error:  tensor(0.8271, device='cuda:0', grad_fn=<DivBackward0>)
Memory status after this epoch: 
Memory allocated:  31.330078125
Memory cached:  68.0
	 epoch  30 training error:  tensor(0.9513, device='cuda:0', grad_fn=<DivBackward0>)
Memory status after this epoch: 
Memory allocated:  31.330078125
Memory cached:  68.0
	 epoch  40 training error:  tensor(0.3190, device='cuda:0', grad_fn=<DivBackward0>)
Memory status after this epoch: 
Memory allocated:  31.330078125
Memory cached:  68.0
	 epoch  50 training error:  tensor(0.1509, device='cuda:0', grad_fn=<DivBackward0>)
Memory status after this epoch: 
Memory allocated:  31.330078125
Memory cached:  68.0
	 epoch  60 training error:  tensor(0.1819, device='cuda:0', grad_fn=<DivBackward0>)
Memory status after this epoch: 
Memory allocated:  31.330078125
Memory cached:  68.0
	 epoch  70 training error:  tensor(0.1374, device='cuda:0', grad_fn=<DivBackward0>)
Memory status after this epoch: 
Memory allocated:  31.330078125
Memory cached:  68.0
	 epoch  80 training error:  tensor(0.1450, device='cuda:0', grad_fn=<DivBackward0>)
Memory status after this epoch: 
Memory allocated:  31.330078125
Memory cached:  68.0
	 epoch  90 training error:  tensor(0.1167, device='cuda:0', grad_fn=<DivBackward0>)
Memory status after this epoch: 
Memory allocated:  31.330078125
Memory cached:  68.0
[I 2023-11-22 09:45:00,162] Trial 18 finished with value: 0.28417664766311646 and parameters: {'W_layers': 6, 'W_layer_units_exponent_0': 6, 'W_layer_units_exponent_1': 10, 'W_layer_units_exponent_2': 9, 'W_layer_units_exponent_3': 8, 'W_layer_units_exponent_4': 9, 'W_layer_units_exponent_5': 10, 'D_layers': 5, 'D_layer_units_exponent_0': 8, 'D_layer_units_exponent_1': 4, 'D_layer_units_exponent_2': 8, 'D_layer_units_exponent_3': 10, 'D_layer_units_exponent_4': 5, 'D_dagger_layers': 2, 'D_dagger_layer_units_exponent_0': 9, 'D_dagger_layer_units_exponent_1': 10, 'log_learning_rate': -1.4392861461334152, 'log_learning_rate_D': -1.7361743834074772, 'log_learning_rate_D_dagger': -3.1900722118645524, 'training_batch_size': 12, 'training_p': 6}. Best is trial 17 with value: 0.06696076691150665.
Time for this trial:  17.0301730632782
Memory status after this trial: 
Memory allocated:  206.8232421875
Memory cached:  224.0
--------------------  Trial  19   --------------------
Start timing: 
Parameters: 
{'W_layers': 7, 'W_layer_units_exponent_0': 5, 'W_layer_units_exponent_1': 7, 'W_layer_units_exponent_2': 10, 'W_layer_units_exponent_3': 4, 'W_layer_units_exponent_4': 9, 'W_layer_units_exponent_5': 10, 'W_layer_units_exponent_6': 9, 'D_layers': 3, 'D_layer_units_exponent_0': 9, 'D_layer_units_exponent_1': 10, 'D_layer_units_exponent_2': 10, 'D_dagger_layers': 3, 'D_dagger_layer_units_exponent_0': 9, 'D_dagger_layer_units_exponent_1': 10, 'D_dagger_layer_units_exponent_2': 4, 'log_learning_rate': -1.6285872434068516, 'log_learning_rate_D': -1.5400014974053153, 'log_learning_rate_D_dagger': -3.1813268647912696, 'training_batch_size': 10, 'training_p': 6}
	 epoch  0 training error:  tensor(0.7033, device='cuda:0', grad_fn=<DivBackward0>)
Memory status after this epoch: 
Memory allocated:  33.70751953125
Memory cached:  66.0
	 epoch  10 training error:  tensor(0.7963, device='cuda:0', grad_fn=<DivBackward0>)
Memory status after this epoch: 
Memory allocated:  33.70751953125
Memory cached:  66.0
	 epoch  20 training error:  tensor(0.5912, device='cuda:0', grad_fn=<DivBackward0>)
Memory status after this epoch: 
Memory allocated:  33.70751953125
Memory cached:  68.0
	 epoch  30 training error:  tensor(0.5591, device='cuda:0', grad_fn=<DivBackward0>)
Memory status after this epoch: 
Memory allocated:  33.70751953125
Memory cached:  66.0
	 epoch  40 training error:  tensor(0.6254, device='cuda:0', grad_fn=<DivBackward0>)
Memory status after this epoch: 
Memory allocated:  33.70751953125
Memory cached:  70.0
	 epoch  50 training error:  tensor(0.6322, device='cuda:0', grad_fn=<DivBackward0>)
Memory status after this epoch: 
Memory allocated:  33.70751953125
Memory cached:  68.0
	 epoch  60 training error:  tensor(0.6290, device='cuda:0', grad_fn=<DivBackward0>)
Memory status after this epoch: 
Memory allocated:  33.70751953125
Memory cached:  68.0
	 epoch  70 training error:  tensor(0.5910, device='cuda:0', grad_fn=<DivBackward0>)
Memory status after this epoch: 
Memory allocated:  33.70751953125
Memory cached:  68.0
	 epoch  80 training error:  tensor(0.5867, device='cuda:0', grad_fn=<DivBackward0>)
Memory status after this epoch: 
Memory allocated:  33.70751953125
Memory cached:  66.0
	 epoch  90 training error:  tensor(0.5695, device='cuda:0', grad_fn=<DivBackward0>)
Memory status after this epoch: 
Memory allocated:  33.70751953125
Memory cached:  68.0
[I 2023-11-22 09:45:17,615] Trial 19 finished with value: 0.5724784731864929 and parameters: {'W_layers': 7, 'W_layer_units_exponent_0': 5, 'W_layer_units_exponent_1': 7, 'W_layer_units_exponent_2': 10, 'W_layer_units_exponent_3': 4, 'W_layer_units_exponent_4': 9, 'W_layer_units_exponent_5': 10, 'W_layer_units_exponent_6': 9, 'D_layers': 3, 'D_layer_units_exponent_0': 9, 'D_layer_units_exponent_1': 10, 'D_layer_units_exponent_2': 10, 'D_dagger_layers': 3, 'D_dagger_layer_units_exponent_0': 9, 'D_dagger_layer_units_exponent_1': 10, 'D_dagger_layer_units_exponent_2': 4, 'log_learning_rate': -1.6285872434068516, 'log_learning_rate_D': -1.5400014974053153, 'log_learning_rate_D_dagger': -3.1813268647912696, 'training_batch_size': 10, 'training_p': 6}. Best is trial 17 with value: 0.06696076691150665.
Time for this trial:  17.25816583633423
Memory status after this trial: 
Memory allocated:  201.1025390625
Memory cached:  244.0
--------------------  Trial  20   --------------------
Start timing: 
Parameters: 
{'W_layers': 6, 'W_layer_units_exponent_0': 4, 'W_layer_units_exponent_1': 9, 'W_layer_units_exponent_2': 9, 'W_layer_units_exponent_3': 10, 'W_layer_units_exponent_4': 5, 'W_layer_units_exponent_5': 9, 'D_layers': 6, 'D_layer_units_exponent_0': 10, 'D_layer_units_exponent_1': 8, 'D_layer_units_exponent_2': 9, 'D_layer_units_exponent_3': 9, 'D_layer_units_exponent_4': 5, 'D_layer_units_exponent_5': 9, 'D_dagger_layers': 4, 'D_dagger_layer_units_exponent_0': 9, 'D_dagger_layer_units_exponent_1': 9, 'D_dagger_layer_units_exponent_2': 5, 'D_dagger_layer_units_exponent_3': 8, 'log_learning_rate': -1.6486360312350172, 'log_learning_rate_D': -2.2126403028843615, 'log_learning_rate_D_dagger': -4.3732725346495025, 'training_batch_size': 7, 'training_p': 8}
	 epoch  0 training error:  tensor(1., device='cuda:0', grad_fn=<DivBackward0>)
Memory status after this epoch: 
Memory allocated:  20.5078125
Memory cached:  52.0
	 epoch  10 training error:  tensor(1., device='cuda:0', grad_fn=<DivBackward0>)
Memory status after this epoch: 
Memory allocated:  20.5078125
Memory cached:  54.0
	 epoch  20 training error:  tensor(1., device='cuda:0', grad_fn=<DivBackward0>)
Memory status after this epoch: 
Memory allocated:  20.5078125
Memory cached:  54.0
	 epoch  30 training error:  tensor(1., device='cuda:0', grad_fn=<DivBackward0>)
Memory status after this epoch: 
Memory allocated:  20.5078125
Memory cached:  54.0
	 epoch  40 training error:  tensor(1., device='cuda:0', grad_fn=<DivBackward0>)
Memory status after this epoch: 
Memory allocated:  20.5078125
Memory cached:  54.0
	 epoch  50 training error:  tensor(1., device='cuda:0', grad_fn=<DivBackward0>)
Memory status after this epoch: 
Memory allocated:  20.5078125
Memory cached:  54.0
	 epoch  60 training error:  tensor(1., device='cuda:0', grad_fn=<DivBackward0>)
Memory status after this epoch: 
Memory allocated:  20.5078125
Memory cached:  54.0
	 epoch  70 training error:  tensor(1., device='cuda:0', grad_fn=<DivBackward0>)
Memory status after this epoch: 
Memory allocated:  20.5078125
Memory cached:  54.0
	 epoch  80 training error:  tensor(1., device='cuda:0', grad_fn=<DivBackward0>)
Memory status after this epoch: 
Memory allocated:  20.5078125
Memory cached:  54.0
	 epoch  90 training error:  tensor(1., device='cuda:0', grad_fn=<DivBackward0>)
Memory status after this epoch: 
Memory allocated:  20.5078125
Memory cached:  54.0
[I 2023-11-22 09:45:35,377] Trial 20 finished with value: 1.0 and parameters: {'W_layers': 6, 'W_layer_units_exponent_0': 4, 'W_layer_units_exponent_1': 9, 'W_layer_units_exponent_2': 9, 'W_layer_units_exponent_3': 10, 'W_layer_units_exponent_4': 5, 'W_layer_units_exponent_5': 9, 'D_layers': 6, 'D_layer_units_exponent_0': 10, 'D_layer_units_exponent_1': 8, 'D_layer_units_exponent_2': 9, 'D_layer_units_exponent_3': 9, 'D_layer_units_exponent_4': 5, 'D_layer_units_exponent_5': 9, 'D_dagger_layers': 4, 'D_dagger_layer_units_exponent_0': 9, 'D_dagger_layer_units_exponent_1': 9, 'D_dagger_layer_units_exponent_2': 5, 'D_dagger_layer_units_exponent_3': 8, 'log_learning_rate': -1.6486360312350172, 'log_learning_rate_D': -2.2126403028843615, 'log_learning_rate_D_dagger': -4.3732725346495025, 'training_batch_size': 7, 'training_p': 8}. Best is trial 17 with value: 0.06696076691150665.
Time for this trial:  17.560776948928833
Memory status after this trial: 
Memory allocated:  161.02734375
Memory cached:  192.0
--------------------  Trial  21   --------------------
Start timing: 
Parameters: 
{'W_layers': 8, 'W_layer_units_exponent_0': 8, 'W_layer_units_exponent_1': 8, 'W_layer_units_exponent_2': 7, 'W_layer_units_exponent_3': 6, 'W_layer_units_exponent_4': 8, 'W_layer_units_exponent_5': 8, 'W_layer_units_exponent_6': 5, 'W_layer_units_exponent_7': 10, 'D_layers': 7, 'D_layer_units_exponent_0': 7, 'D_layer_units_exponent_1': 9, 'D_layer_units_exponent_2': 8, 'D_layer_units_exponent_3': 9, 'D_layer_units_exponent_4': 5, 'D_layer_units_exponent_5': 7, 'D_layer_units_exponent_6': 10, 'D_dagger_layers': 6, 'D_dagger_layer_units_exponent_0': 7, 'D_dagger_layer_units_exponent_1': 8, 'D_dagger_layer_units_exponent_2': 5, 'D_dagger_layer_units_exponent_3': 7, 'D_dagger_layer_units_exponent_4': 6, 'D_dagger_layer_units_exponent_5': 7, 'log_learning_rate': -2.4284671648243843, 'log_learning_rate_D': -2.013115736612879, 'log_learning_rate_D_dagger': -3.4916875101635365, 'training_batch_size': 9, 'training_p': 7}
	 epoch  0 training error:  tensor(0.9882, device='cuda:0', grad_fn=<DivBackward0>)
Memory status after this epoch: 
Memory allocated:  6.5126953125
Memory cached:  10.0
	 epoch  10 training error:  tensor(0.8039, device='cuda:0', grad_fn=<DivBackward0>)
Memory status after this epoch: 
Memory allocated:  6.5126953125
Memory cached:  10.0
	 epoch  20 training error:  tensor(0.2662, device='cuda:0', grad_fn=<DivBackward0>)
Memory status after this epoch: 
Memory allocated:  6.5126953125
Memory cached:  10.0
	 epoch  30 training error:  tensor(0.1116, device='cuda:0', grad_fn=<DivBackward0>)
Memory status after this epoch: 
Memory allocated:  6.5126953125
Memory cached:  10.0
	 epoch  40 training error:  tensor(0.1169, device='cuda:0', grad_fn=<DivBackward0>)
Memory status after this epoch: 
Memory allocated:  6.5126953125
Memory cached:  10.0
	 epoch  50 training error:  tensor(0.1119, device='cuda:0', grad_fn=<DivBackward0>)
Memory status after this epoch: 
Memory allocated:  6.5126953125
Memory cached:  10.0
	 epoch  60 training error:  tensor(0.1091, device='cuda:0', grad_fn=<DivBackward0>)
Memory status after this epoch: 
Memory allocated:  6.5126953125
Memory cached:  10.0
	 epoch  70 training error:  tensor(0.1032, device='cuda:0', grad_fn=<DivBackward0>)
Memory status after this epoch: 
Memory allocated:  6.5126953125
Memory cached:  10.0
	 epoch  80 training error:  tensor(0.1024, device='cuda:0', grad_fn=<DivBackward0>)
Memory status after this epoch: 
Memory allocated:  6.5126953125
Memory cached:  10.0
	 epoch  90 training error:  tensor(0.0952, device='cuda:0', grad_fn=<DivBackward0>)
Memory status after this epoch: 
Memory allocated:  6.5126953125
Memory cached:  10.0
