[I 2023-11-29 10:06:32,725] Trial 1 finished with value: 1.0936754941940308 and parameters: {'W_layers': 5, 'W_layer_units_exponent_0': 5, 'W_layer_units_exponent_1': 5, 'W_layer_units_exponent_2': 9, 'W_layer_units_exponent_3': 9, 'W_layer_units_exponent_4': 5, 'D_layers': 4, 'D_layer_units_exponent_0': 4, 'D_layer_units_exponent_1': 5, 'D_layer_units_exponent_2': 5, 'D_layer_units_exponent_3': 8, 'D_dagger_layers': 6, 'D_dagger_layer_units_exponent_0': 5, 'D_dagger_layer_units_exponent_1': 5, 'D_dagger_layer_units_exponent_2': 5, 'D_dagger_layer_units_exponent_3': 6, 'D_dagger_layer_units_exponent_4': 7, 'D_dagger_layer_units_exponent_5': 9, 'log_learning_rate': -3.9238735631539963, 'log_learning_rate_D': -4.5966039480972976, 'log_learning_rate_D_dagger': -2.636007355539283, 'training_batch_size': 11, 'training_p': 8}. Best is trial 1 with value: 1.0936754941940308.
Time for this trial:  296.5503468513489
Memory status after this trial: 
Memory allocated:  126.7470703125
Memory cached:  168.0
--------------------  Trial  2   --------------------
Start timing: 
Parameters: 
{'W_layers': 2, 'W_layer_units_exponent_0': 6, 'W_layer_units_exponent_1': 5, 'D_layers': 2, 'D_layer_units_exponent_0': 6, 'D_layer_units_exponent_1': 5, 'D_dagger_layers': 6, 'D_dagger_layer_units_exponent_0': 5, 'D_dagger_layer_units_exponent_1': 4, 'D_dagger_layer_units_exponent_2': 7, 'D_dagger_layer_units_exponent_3': 6, 'D_dagger_layer_units_exponent_4': 4, 'D_dagger_layer_units_exponent_5': 5, 'log_learning_rate': -3.9380738329925076, 'log_learning_rate_D': -1.6304388718922302, 'log_learning_rate_D_dagger': -4.835771191375188, 'training_batch_size': 10, 'training_p': 3}
	 epoch  0 training error:  tensor(15.3341, device='cuda:0', grad_fn=<DivBackward0>)
Memory status after this epoch: 
Memory allocated:  0.46630859375
Memory cached:  64.0
	 epoch  10 training error:  tensor(10.5687, device='cuda:0', grad_fn=<DivBackward0>)
Memory status after this epoch: 
Memory allocated:  0.46630859375
Memory cached:  68.0
	 epoch  20 training error:  tensor(11.3737, device='cuda:0', grad_fn=<DivBackward0>)
Memory status after this epoch: 
Memory allocated:  0.46630859375
Memory cached:  64.0
	 epoch  30 training error:  tensor(11.7782, device='cuda:0', grad_fn=<DivBackward0>)
Memory status after this epoch: 
Memory allocated:  0.46630859375
Memory cached:  70.0
	 epoch  40 training error:  tensor(12.1665, device='cuda:0', grad_fn=<DivBackward0>)
Memory status after this epoch: 
Memory allocated:  0.46630859375
Memory cached:  68.0
	 epoch  50 training error:  tensor(12.0510, device='cuda:0', grad_fn=<DivBackward0>)
Memory status after this epoch: 
Memory allocated:  0.46630859375
Memory cached:  68.0
	 epoch  60 training error:  tensor(12.1059, device='cuda:0', grad_fn=<DivBackward0>)
Memory status after this epoch: 
Memory allocated:  0.46630859375
Memory cached:  64.0
	 epoch  70 training error:  tensor(13.2246, device='cuda:0', grad_fn=<DivBackward0>)
Memory status after this epoch: 
Memory allocated:  0.46630859375
Memory cached:  66.0
	 epoch  80 training error:  tensor(12.7716, device='cuda:0', grad_fn=<DivBackward0>)
Memory status after this epoch: 
Memory allocated:  0.46630859375
Memory cached:  66.0
	 epoch  90 training error:  tensor(12.8220, device='cuda:0', grad_fn=<DivBackward0>)
Memory status after this epoch: 
Memory allocated:  0.46630859375
Memory cached:  70.0
[I 2023-11-29 10:10:06,621] Trial 2 finished with value: 12.174018859863281 and parameters: {'W_layers': 2, 'W_layer_units_exponent_0': 6, 'W_layer_units_exponent_1': 5, 'D_layers': 2, 'D_layer_units_exponent_0': 6, 'D_layer_units_exponent_1': 5, 'D_dagger_layers': 6, 'D_dagger_layer_units_exponent_0': 5, 'D_dagger_layer_units_exponent_1': 4, 'D_dagger_layer_units_exponent_2': 7, 'D_dagger_layer_units_exponent_3': 6, 'D_dagger_layer_units_exponent_4': 4, 'D_dagger_layer_units_exponent_5': 5, 'log_learning_rate': -3.9380738329925076, 'log_learning_rate_D': -1.6304388718922302, 'log_learning_rate_D_dagger': -4.835771191375188, 'training_batch_size': 10, 'training_p': 3}. Best is trial 1 with value: 1.0936754941940308.
Time for this trial:  213.7234766483307
Memory status after this trial: 
Memory allocated:  27.876953125
Memory cached:  60.0
--------------------  Trial  3   --------------------
Start timing: 
Parameters: 
{'W_layers': 2, 'W_layer_units_exponent_0': 7, 'W_layer_units_exponent_1': 4, 'D_layers': 3, 'D_layer_units_exponent_0': 10, 'D_layer_units_exponent_1': 5, 'D_layer_units_exponent_2': 8, 'D_dagger_layers': 8, 'D_dagger_layer_units_exponent_0': 6, 'D_dagger_layer_units_exponent_1': 7, 'D_dagger_layer_units_exponent_2': 6, 'D_dagger_layer_units_exponent_3': 9, 'D_dagger_layer_units_exponent_4': 4, 'D_dagger_layer_units_exponent_5': 10, 'D_dagger_layer_units_exponent_6': 6, 'D_dagger_layer_units_exponent_7': 7, 'log_learning_rate': -1.462170359496013, 'log_learning_rate_D': -2.857014349989915, 'log_learning_rate_D_dagger': -1.237587087613334, 'training_batch_size': 9, 'training_p': 7}
	 epoch  0 training error:  tensor(31.8316, device='cuda:0', grad_fn=<DivBackward0>)
Memory status after this epoch: 
Memory allocated:  3.390625
Memory cached:  150.0
	 epoch  10 training error:  tensor(31.5331, device='cuda:0', grad_fn=<DivBackward0>)
Memory status after this epoch: 
Memory allocated:  3.390625
Memory cached:  280.0
	 epoch  20 training error:  tensor(87.6191, device='cuda:0', grad_fn=<DivBackward0>)
Memory status after this epoch: 
Memory allocated:  3.390625
Memory cached:  268.0
	 epoch  30 training error:  tensor(63.4252, device='cuda:0', grad_fn=<DivBackward0>)
Memory status after this epoch: 
Memory allocated:  3.390625
Memory cached:  270.0
	 epoch  40 training error:  tensor(163.9682, device='cuda:0', grad_fn=<DivBackward0>)
Memory status after this epoch: 
Memory allocated:  3.390625
Memory cached:  274.0
	 epoch  50 training error:  tensor(96.5129, device='cuda:0', grad_fn=<DivBackward0>)
Memory status after this epoch: 
Memory allocated:  3.390625
Memory cached:  274.0
	 epoch  60 training error:  tensor(56.9701, device='cuda:0', grad_fn=<DivBackward0>)
Memory status after this epoch: 
Memory allocated:  3.390625
Memory cached:  286.0
	 epoch  70 training error:  tensor(22.8229, device='cuda:0', grad_fn=<DivBackward0>)
Memory status after this epoch: 
Memory allocated:  3.390625
Memory cached:  280.0
	 epoch  80 training error:  tensor(21.4214, device='cuda:0', grad_fn=<DivBackward0>)
Memory status after this epoch: 
Memory allocated:  3.390625
Memory cached:  282.0
	 epoch  90 training error:  tensor(14.3731, device='cuda:0', grad_fn=<DivBackward0>)
Memory status after this epoch: 
Memory allocated:  3.390625
Memory cached:  278.0
[I 2023-11-29 10:14:41,829] Trial 3 finished with value: 17.9637508392334 and parameters: {'W_layers': 2, 'W_layer_units_exponent_0': 7, 'W_layer_units_exponent_1': 4, 'D_layers': 3, 'D_layer_units_exponent_0': 10, 'D_layer_units_exponent_1': 5, 'D_layer_units_exponent_2': 8, 'D_dagger_layers': 8, 'D_dagger_layer_units_exponent_0': 6, 'D_dagger_layer_units_exponent_1': 7, 'D_dagger_layer_units_exponent_2': 6, 'D_dagger_layer_units_exponent_3': 9, 'D_dagger_layer_units_exponent_4': 4, 'D_dagger_layer_units_exponent_5': 10, 'D_dagger_layer_units_exponent_6': 6, 'D_dagger_layer_units_exponent_7': 7, 'log_learning_rate': -1.462170359496013, 'log_learning_rate_D': -2.857014349989915, 'log_learning_rate_D_dagger': -1.237587087613334, 'training_batch_size': 9, 'training_p': 7}. Best is trial 1 with value: 1.0936754941940308.
Time for this trial:  275.0536091327667
Memory status after this trial: 
Memory allocated:  189.6767578125
Memory cached:  192.0
--------------------  Trial  4   --------------------
Start timing: 
Parameters: 
{'W_layers': 5, 'W_layer_units_exponent_0': 5, 'W_layer_units_exponent_1': 5, 'W_layer_units_exponent_2': 6, 'W_layer_units_exponent_3': 6, 'W_layer_units_exponent_4': 6, 'D_layers': 5, 'D_layer_units_exponent_0': 6, 'D_layer_units_exponent_1': 5, 'D_layer_units_exponent_2': 6, 'D_layer_units_exponent_3': 6, 'D_layer_units_exponent_4': 9, 'D_dagger_layers': 5, 'D_dagger_layer_units_exponent_0': 4, 'D_dagger_layer_units_exponent_1': 6, 'D_dagger_layer_units_exponent_2': 9, 'D_dagger_layer_units_exponent_3': 10, 'D_dagger_layer_units_exponent_4': 10, 'log_learning_rate': -4.323784068184425, 'log_learning_rate_D': -3.912640620677719, 'log_learning_rate_D_dagger': -1.8304504278129388, 'training_batch_size': 12, 'training_p': 2}
	 epoch  0 training error:  tensor(3.2085, device='cuda:0', grad_fn=<DivBackward0>)
Memory status after this epoch: 
Memory allocated:  25.7197265625
Memory cached:  184.0
	 epoch  10 training error:  tensor(1., device='cuda:0', grad_fn=<DivBackward0>)
Memory status after this epoch: 
Memory allocated:  25.7197265625
Memory cached:  330.0
	 epoch  20 training error:  tensor(1., device='cuda:0', grad_fn=<DivBackward0>)
Memory status after this epoch: 
Memory allocated:  25.7197265625
Memory cached:  322.0
	 epoch  30 training error:  tensor(1., device='cuda:0', grad_fn=<DivBackward0>)
Memory status after this epoch: 
Memory allocated:  25.7197265625
Memory cached:  338.0
	 epoch  40 training error:  tensor(1., device='cuda:0', grad_fn=<DivBackward0>)
Memory status after this epoch: 
Memory allocated:  25.7197265625
Memory cached:  326.0
	 epoch  50 training error:  tensor(1., device='cuda:0', grad_fn=<DivBackward0>)
Memory status after this epoch: 
Memory allocated:  25.7197265625
Memory cached:  334.0
	 epoch  60 training error:  tensor(1., device='cuda:0', grad_fn=<DivBackward0>)
Memory status after this epoch: 
Memory allocated:  25.7197265625
Memory cached:  322.0
	 epoch  70 training error:  tensor(1., device='cuda:0', grad_fn=<DivBackward0>)
Memory status after this epoch: 
Memory allocated:  25.7197265625
Memory cached:  326.0
	 epoch  80 training error:  tensor(1., device='cuda:0', grad_fn=<DivBackward0>)
Memory status after this epoch: 
Memory allocated:  25.7197265625
Memory cached:  328.0
	 epoch  90 training error:  tensor(1., device='cuda:0', grad_fn=<DivBackward0>)
Memory status after this epoch: 
Memory allocated:  25.7197265625
Memory cached:  332.0
[I 2023-11-29 10:19:45,201] Trial 4 finished with value: 1.0084614753723145 and parameters: {'W_layers': 5, 'W_layer_units_exponent_0': 5, 'W_layer_units_exponent_1': 5, 'W_layer_units_exponent_2': 6, 'W_layer_units_exponent_3': 6, 'W_layer_units_exponent_4': 6, 'D_layers': 5, 'D_layer_units_exponent_0': 6, 'D_layer_units_exponent_1': 5, 'D_layer_units_exponent_2': 6, 'D_layer_units_exponent_3': 6, 'D_layer_units_exponent_4': 9, 'D_dagger_layers': 5, 'D_dagger_layer_units_exponent_0': 4, 'D_dagger_layer_units_exponent_1': 6, 'D_dagger_layer_units_exponent_2': 9, 'D_dagger_layer_units_exponent_3': 10, 'D_dagger_layer_units_exponent_4': 10, 'log_learning_rate': -4.323784068184425, 'log_learning_rate_D': -3.912640620677719, 'log_learning_rate_D_dagger': -1.8304504278129388, 'training_batch_size': 12, 'training_p': 2}. Best is trial 4 with value: 1.0084614753723145.
Time for this trial:  303.21022963523865
Memory status after this trial: 
Memory allocated:  210.7724609375
Memory cached:  264.0
--------------------  Trial  5   --------------------
Start timing: 
Parameters: 
{'W_layers': 4, 'W_layer_units_exponent_0': 6, 'W_layer_units_exponent_1': 8, 'W_layer_units_exponent_2': 9, 'W_layer_units_exponent_3': 7, 'D_layers': 7, 'D_layer_units_exponent_0': 5, 'D_layer_units_exponent_1': 7, 'D_layer_units_exponent_2': 4, 'D_layer_units_exponent_3': 10, 'D_layer_units_exponent_4': 7, 'D_layer_units_exponent_5': 7, 'D_layer_units_exponent_6': 10, 'D_dagger_layers': 8, 'D_dagger_layer_units_exponent_0': 9, 'D_dagger_layer_units_exponent_1': 5, 'D_dagger_layer_units_exponent_2': 10, 'D_dagger_layer_units_exponent_3': 4, 'D_dagger_layer_units_exponent_4': 4, 'D_dagger_layer_units_exponent_5': 5, 'D_dagger_layer_units_exponent_6': 5, 'D_dagger_layer_units_exponent_7': 10, 'log_learning_rate': -1.061837195697641, 'log_learning_rate_D': -1.3850631177540769, 'log_learning_rate_D_dagger': -3.331960001404541, 'training_batch_size': 8, 'training_p': 5}
	 epoch  0 training error:  tensor(17.6691, device='cuda:0', grad_fn=<DivBackward0>)
Memory status after this epoch: 
Memory allocated:  9.98046875
Memory cached:  154.0
[W 2023-11-29 10:20:10,082] Trial 5 failed with parameters: {'W_layers': 4, 'W_layer_units_exponent_0': 6, 'W_layer_units_exponent_1': 8, 'W_layer_units_exponent_2': 9, 'W_layer_units_exponent_3': 7, 'D_layers': 7, 'D_layer_units_exponent_0': 5, 'D_layer_units_exponent_1': 7, 'D_layer_units_exponent_2': 4, 'D_layer_units_exponent_3': 10, 'D_layer_units_exponent_4': 7, 'D_layer_units_exponent_5': 7, 'D_layer_units_exponent_6': 10, 'D_dagger_layers': 8, 'D_dagger_layer_units_exponent_0': 9, 'D_dagger_layer_units_exponent_1': 5, 'D_dagger_layer_units_exponent_2': 10, 'D_dagger_layer_units_exponent_3': 4, 'D_dagger_layer_units_exponent_4': 4, 'D_dagger_layer_units_exponent_5': 5, 'D_dagger_layer_units_exponent_6': 5, 'D_dagger_layer_units_exponent_7': 10, 'log_learning_rate': -1.061837195697641, 'log_learning_rate_D': -1.3850631177540769, 'log_learning_rate_D_dagger': -3.331960001404541, 'training_batch_size': 8, 'training_p': 5} because of the following error: The value nan is not acceptable.
[W 2023-11-29 10:20:10,084] Trial 5 failed with value tensor(nan, device='cuda:0', grad_fn=<DivBackward0>).
Time for this trial:  24.716701984405518
Memory status after this trial: 
Memory allocated:  337.46337890625
Memory cached:  344.0
--------------------  Trial  6   --------------------
Start timing: 
Parameters: 
{'W_layers': 8, 'W_layer_units_exponent_0': 10, 'W_layer_units_exponent_1': 9, 'W_layer_units_exponent_2': 5, 'W_layer_units_exponent_3': 4, 'W_layer_units_exponent_4': 4, 'W_layer_units_exponent_5': 7, 'W_layer_units_exponent_6': 8, 'W_layer_units_exponent_7': 8, 'D_layers': 3, 'D_layer_units_exponent_0': 6, 'D_layer_units_exponent_1': 9, 'D_layer_units_exponent_2': 5, 'D_dagger_layers': 2, 'D_dagger_layer_units_exponent_0': 10, 'D_dagger_layer_units_exponent_1': 9, 'log_learning_rate': -2.7684919739430196, 'log_learning_rate_D': -1.5357205422939288, 'log_learning_rate_D_dagger': -3.3046954075257897, 'training_batch_size': 10, 'training_p': 6}
	 epoch  0 training error:  tensor(1.5125, device='cuda:0', grad_fn=<DivBackward0>)
Memory status after this epoch: 
Memory allocated:  19.1083984375
Memory cached:  148.0
	 epoch  10 training error:  tensor(1.5646, device='cuda:0', grad_fn=<DivBackward0>)
Memory status after this epoch: 
Memory allocated:  19.1083984375
Memory cached:  270.0
	 epoch  20 training error:  tensor(1.5040, device='cuda:0', grad_fn=<DivBackward0>)
Memory status after this epoch: 
Memory allocated:  19.1083984375
Memory cached:  286.0
	 epoch  30 training error:  tensor(2.3846, device='cuda:0', grad_fn=<DivBackward0>)
Memory status after this epoch: 
Memory allocated:  19.1083984375
Memory cached:  280.0
	 epoch  40 training error:  tensor(2.6422, device='cuda:0', grad_fn=<DivBackward0>)
Memory status after this epoch: 
Memory allocated:  19.1083984375
Memory cached:  286.0
	 epoch  50 training error:  tensor(2.8962, device='cuda:0', grad_fn=<DivBackward0>)
Memory status after this epoch: 
Memory allocated:  19.1083984375
Memory cached:  282.0
	 epoch  60 training error:  tensor(2.8912, device='cuda:0', grad_fn=<DivBackward0>)
Memory status after this epoch: 
Memory allocated:  19.1083984375
Memory cached:  286.0
	 epoch  70 training error:  tensor(3.1144, device='cuda:0', grad_fn=<DivBackward0>)
Memory status after this epoch: 
Memory allocated:  19.1083984375
Memory cached:  274.0
	 epoch  80 training error:  tensor(3.1478, device='cuda:0', grad_fn=<DivBackward0>)
Memory status after this epoch: 
Memory allocated:  19.1083984375
Memory cached:  272.0
	 epoch  90 training error:  tensor(3.1987, device='cuda:0', grad_fn=<DivBackward0>)
Memory status after this epoch: 
Memory allocated:  19.1083984375
Memory cached:  302.0
[I 2023-11-29 10:24:55,004] Trial 6 finished with value: 2.127117156982422 and parameters: {'W_layers': 8, 'W_layer_units_exponent_0': 10, 'W_layer_units_exponent_1': 9, 'W_layer_units_exponent_2': 5, 'W_layer_units_exponent_3': 4, 'W_layer_units_exponent_4': 4, 'W_layer_units_exponent_5': 7, 'W_layer_units_exponent_6': 8, 'W_layer_units_exponent_7': 8, 'D_layers': 3, 'D_layer_units_exponent_0': 6, 'D_layer_units_exponent_1': 9, 'D_layer_units_exponent_2': 5, 'D_dagger_layers': 2, 'D_dagger_layer_units_exponent_0': 10, 'D_dagger_layer_units_exponent_1': 9, 'log_learning_rate': -2.7684919739430196, 'log_learning_rate_D': -1.5357205422939288, 'log_learning_rate_D_dagger': -3.3046954075257897, 'training_batch_size': 10, 'training_p': 6}. Best is trial 4 with value: 1.0084614753723145.
Time for this trial:  284.75138115882874
Memory status after this trial: 
Memory allocated:  248.1640625
Memory cached:  262.0
--------------------  Trial  7   --------------------
Start timing: 
Parameters: 
{'W_layers': 3, 'W_layer_units_exponent_0': 9, 'W_layer_units_exponent_1': 10, 'W_layer_units_exponent_2': 10, 'D_layers': 8, 'D_layer_units_exponent_0': 7, 'D_layer_units_exponent_1': 5, 'D_layer_units_exponent_2': 8, 'D_layer_units_exponent_3': 10, 'D_layer_units_exponent_4': 5, 'D_layer_units_exponent_5': 6, 'D_layer_units_exponent_6': 6, 'D_layer_units_exponent_7': 6, 'D_dagger_layers': 5, 'D_dagger_layer_units_exponent_0': 6, 'D_dagger_layer_units_exponent_1': 7, 'D_dagger_layer_units_exponent_2': 10, 'D_dagger_layer_units_exponent_3': 6, 'D_dagger_layer_units_exponent_4': 8, 'log_learning_rate': -3.5756353401837515, 'log_learning_rate_D': -1.8785381119801126, 'log_learning_rate_D_dagger': -4.722911221993737, 'training_batch_size': 12, 'training_p': 5}
	 epoch  0 training error:  tensor(9.0262, device='cuda:0', grad_fn=<DivBackward0>)
Memory status after this epoch: 
Memory allocated:  32.73779296875
Memory cached:  180.0
	 epoch  10 training error:  tensor(9.3432, device='cuda:0', grad_fn=<DivBackward0>)
Memory status after this epoch: 
Memory allocated:  32.73779296875
Memory cached:  372.0
	 epoch  20 training error:  tensor(9.5044, device='cuda:0', grad_fn=<DivBackward0>)
Memory status after this epoch: 
Memory allocated:  32.73779296875
Memory cached:  348.0
	 epoch  30 training error:  tensor(10.1056, device='cuda:0', grad_fn=<DivBackward0>)
Memory status after this epoch: 
Memory allocated:  32.73779296875
Memory cached:  362.0
	 epoch  40 training error:  tensor(9.4988, device='cuda:0', grad_fn=<DivBackward0>)
Memory status after this epoch: 
Memory allocated:  32.73779296875
Memory cached:  350.0
	 epoch  50 training error:  tensor(9.4502, device='cuda:0', grad_fn=<DivBackward0>)
Memory status after this epoch: 
Memory allocated:  32.73779296875
Memory cached:  350.0
	 epoch  60 training error:  tensor(9.3520, device='cuda:0', grad_fn=<DivBackward0>)
Memory status after this epoch: 
Memory allocated:  32.73779296875
Memory cached:  350.0
	 epoch  70 training error:  tensor(9.4103, device='cuda:0', grad_fn=<DivBackward0>)
Memory status after this epoch: 
Memory allocated:  32.73779296875
Memory cached:  336.0
	 epoch  80 training error:  tensor(9.4043, device='cuda:0', grad_fn=<DivBackward0>)
Memory status after this epoch: 
Memory allocated:  32.73779296875
Memory cached:  344.0
	 epoch  90 training error:  tensor(9.3046, device='cuda:0', grad_fn=<DivBackward0>)
Memory status after this epoch: 
Memory allocated:  32.73779296875
Memory cached:  352.0
