[I 2023-11-22 16:23:02,058] Trial 18 finished with value: 1.0 and parameters: {'W_layers': 7, 'W_layer_units_exponent_0': 5, 'W_layer_units_exponent_1': 4, 'W_layer_units_exponent_2': 9, 'W_layer_units_exponent_3': 6, 'W_layer_units_exponent_4': 8, 'W_layer_units_exponent_5': 7, 'W_layer_units_exponent_6': 6, 'D_layers': 6, 'D_layer_units_exponent_0': 10, 'D_layer_units_exponent_1': 6, 'D_layer_units_exponent_2': 5, 'D_layer_units_exponent_3': 6, 'D_layer_units_exponent_4': 5, 'D_layer_units_exponent_5': 8, 'D_dagger_layers': 6, 'D_dagger_layer_units_exponent_0': 8, 'D_dagger_layer_units_exponent_1': 5, 'D_dagger_layer_units_exponent_2': 6, 'D_dagger_layer_units_exponent_3': 9, 'D_dagger_layer_units_exponent_4': 6, 'D_dagger_layer_units_exponent_5': 4, 'log_learning_rate': -4.549175535739174, 'log_learning_rate_D': -2.794446896789462, 'log_learning_rate_D_dagger': -3.5043246320207704, 'training_batch_size': 8, 'training_p': 3}. Best is trial 10 with value: 0.039460815489292145.
Time for this trial:  212.8641815185547
Memory status after this trial: 
Memory allocated:  135.47119140625
Memory cached:  158.0
--------------------  Trial  19   --------------------
Start timing: 
Parameters: 
{'W_layers': 8, 'W_layer_units_exponent_0': 9, 'W_layer_units_exponent_1': 6, 'W_layer_units_exponent_2': 10, 'W_layer_units_exponent_3': 7, 'W_layer_units_exponent_4': 5, 'W_layer_units_exponent_5': 9, 'W_layer_units_exponent_6': 9, 'W_layer_units_exponent_7': 10, 'D_layers': 2, 'D_layer_units_exponent_0': 6, 'D_layer_units_exponent_1': 4, 'D_dagger_layers': 7, 'D_dagger_layer_units_exponent_0': 6, 'D_dagger_layer_units_exponent_1': 6, 'D_dagger_layer_units_exponent_2': 10, 'D_dagger_layer_units_exponent_3': 7, 'D_dagger_layer_units_exponent_4': 9, 'D_dagger_layer_units_exponent_5': 6, 'D_dagger_layer_units_exponent_6': 7, 'log_learning_rate': -4.493938739333729, 'log_learning_rate_D': -4.108656547557463, 'log_learning_rate_D_dagger': -4.239729797029475, 'training_batch_size': 10, 'training_p': 7}
	 epoch  0 training error:  tensor(1.0007, device='cuda:0', grad_fn=<DivBackward0>)
Memory status after this epoch: 
Memory allocated:  20.77001953125
Memory cached:  148.0
	 epoch  10 training error:  tensor(0.9740, device='cuda:0', grad_fn=<DivBackward0>)
Memory status after this epoch: 
Memory allocated:  20.77001953125
Memory cached:  282.0
	 epoch  20 training error:  tensor(0.9262, device='cuda:0', grad_fn=<DivBackward0>)
Memory status after this epoch: 
Memory allocated:  20.77001953125
Memory cached:  266.0
	 epoch  30 training error:  tensor(0.8085, device='cuda:0', grad_fn=<DivBackward0>)
Memory status after this epoch: 
Memory allocated:  20.77001953125
Memory cached:  260.0
	 epoch  40 training error:  tensor(0.5998, device='cuda:0', grad_fn=<DivBackward0>)
Memory status after this epoch: 
Memory allocated:  20.77001953125
Memory cached:  280.0
	 epoch  50 training error:  tensor(0.2273, device='cuda:0', grad_fn=<DivBackward0>)
Memory status after this epoch: 
Memory allocated:  20.77001953125
Memory cached:  280.0
	 epoch  60 training error:  tensor(0.1642, device='cuda:0', grad_fn=<DivBackward0>)
Memory status after this epoch: 
Memory allocated:  20.77001953125
Memory cached:  268.0
	 epoch  70 training error:  tensor(0.1782, device='cuda:0', grad_fn=<DivBackward0>)
Memory status after this epoch: 
Memory allocated:  20.77001953125
Memory cached:  264.0
	 epoch  80 training error:  tensor(0.1568, device='cuda:0', grad_fn=<DivBackward0>)
Memory status after this epoch: 
Memory allocated:  20.77001953125
Memory cached:  282.0
	 epoch  90 training error:  tensor(0.1491, device='cuda:0', grad_fn=<DivBackward0>)
Memory status after this epoch: 
Memory allocated:  20.77001953125
Memory cached:  260.0
[I 2023-11-22 16:26:33,710] Trial 19 finished with value: 0.12884224951267242 and parameters: {'W_layers': 8, 'W_layer_units_exponent_0': 9, 'W_layer_units_exponent_1': 6, 'W_layer_units_exponent_2': 10, 'W_layer_units_exponent_3': 7, 'W_layer_units_exponent_4': 5, 'W_layer_units_exponent_5': 9, 'W_layer_units_exponent_6': 9, 'W_layer_units_exponent_7': 10, 'D_layers': 2, 'D_layer_units_exponent_0': 6, 'D_layer_units_exponent_1': 4, 'D_dagger_layers': 7, 'D_dagger_layer_units_exponent_0': 6, 'D_dagger_layer_units_exponent_1': 6, 'D_dagger_layer_units_exponent_2': 10, 'D_dagger_layer_units_exponent_3': 7, 'D_dagger_layer_units_exponent_4': 9, 'D_dagger_layer_units_exponent_5': 6, 'D_dagger_layer_units_exponent_6': 7, 'log_learning_rate': -4.493938739333729, 'log_learning_rate_D': -4.108656547557463, 'log_learning_rate_D_dagger': -4.239729797029475, 'training_batch_size': 10, 'training_p': 7}. Best is trial 10 with value: 0.039460815489292145.
Time for this trial:  211.39957928657532
Memory status after this trial: 
Memory allocated:  235.1171875
Memory cached:  258.0
--------------------  Trial  20   --------------------
Start timing: 
Parameters: 
{'W_layers': 4, 'W_layer_units_exponent_0': 5, 'W_layer_units_exponent_1': 9, 'W_layer_units_exponent_2': 7, 'W_layer_units_exponent_3': 5, 'D_layers': 6, 'D_layer_units_exponent_0': 4, 'D_layer_units_exponent_1': 7, 'D_layer_units_exponent_2': 8, 'D_layer_units_exponent_3': 5, 'D_layer_units_exponent_4': 8, 'D_layer_units_exponent_5': 6, 'D_dagger_layers': 3, 'D_dagger_layer_units_exponent_0': 10, 'D_dagger_layer_units_exponent_1': 8, 'D_dagger_layer_units_exponent_2': 8, 'log_learning_rate': -4.968438392113196, 'log_learning_rate_D': -3.5450000680307197, 'log_learning_rate_D_dagger': -2.632549859883343, 'training_batch_size': 7, 'training_p': 5}
	 epoch  0 training error:  tensor(1.0421, device='cuda:0', grad_fn=<DivBackward0>)
Memory status after this epoch: 
Memory allocated:  7.60595703125
Memory cached:  116.0
	 epoch  10 training error:  tensor(0.1588, device='cuda:0', grad_fn=<DivBackward0>)
Memory status after this epoch: 
Memory allocated:  7.60595703125
Memory cached:  176.0
	 epoch  20 training error:  tensor(0.1161, device='cuda:0', grad_fn=<DivBackward0>)
Memory status after this epoch: 
Memory allocated:  7.60595703125
Memory cached:  194.0
	 epoch  30 training error:  tensor(0.2003, device='cuda:0', grad_fn=<DivBackward0>)
Memory status after this epoch: 
Memory allocated:  7.60595703125
Memory cached:  174.0
	 epoch  40 training error:  tensor(0.1108, device='cuda:0', grad_fn=<DivBackward0>)
Memory status after this epoch: 
Memory allocated:  7.60595703125
Memory cached:  180.0
	 epoch  50 training error:  tensor(0.1149, device='cuda:0', grad_fn=<DivBackward0>)
Memory status after this epoch: 
Memory allocated:  7.60595703125
Memory cached:  170.0
	 epoch  60 training error:  tensor(0.0912, device='cuda:0', grad_fn=<DivBackward0>)
Memory status after this epoch: 
Memory allocated:  7.60595703125
Memory cached:  186.0
	 epoch  70 training error:  tensor(0.0871, device='cuda:0', grad_fn=<DivBackward0>)
Memory status after this epoch: 
Memory allocated:  7.60595703125
Memory cached:  176.0
	 epoch  80 training error:  tensor(0.2577, device='cuda:0', grad_fn=<DivBackward0>)
Memory status after this epoch: 
Memory allocated:  7.60595703125
Memory cached:  182.0
	 epoch  90 training error:  tensor(0.0904, device='cuda:0', grad_fn=<DivBackward0>)
Memory status after this epoch: 
Memory allocated:  7.60595703125
Memory cached:  176.0
[I 2023-11-22 16:29:23,696] Trial 20 finished with value: 0.10800023376941681 and parameters: {'W_layers': 4, 'W_layer_units_exponent_0': 5, 'W_layer_units_exponent_1': 9, 'W_layer_units_exponent_2': 7, 'W_layer_units_exponent_3': 5, 'D_layers': 6, 'D_layer_units_exponent_0': 4, 'D_layer_units_exponent_1': 7, 'D_layer_units_exponent_2': 8, 'D_layer_units_exponent_3': 5, 'D_layer_units_exponent_4': 8, 'D_layer_units_exponent_5': 6, 'D_dagger_layers': 3, 'D_dagger_layer_units_exponent_0': 10, 'D_dagger_layer_units_exponent_1': 8, 'D_dagger_layer_units_exponent_2': 8, 'log_learning_rate': -4.968438392113196, 'log_learning_rate_D': -3.5450000680307197, 'log_learning_rate_D_dagger': -2.632549859883343, 'training_batch_size': 7, 'training_p': 5}. Best is trial 10 with value: 0.039460815489292145.
Time for this trial:  169.74310517311096
Memory status after this trial: 
Memory allocated:  118.41552734375
Memory cached:  148.0
--------------------  Trial  21   --------------------
Start timing: 
Parameters: 
{'W_layers': 7, 'W_layer_units_exponent_0': 8, 'W_layer_units_exponent_1': 4, 'W_layer_units_exponent_2': 10, 'W_layer_units_exponent_3': 5, 'W_layer_units_exponent_4': 7, 'W_layer_units_exponent_5': 9, 'W_layer_units_exponent_6': 4, 'D_layers': 2, 'D_layer_units_exponent_0': 4, 'D_layer_units_exponent_1': 5, 'D_dagger_layers': 4, 'D_dagger_layer_units_exponent_0': 9, 'D_dagger_layer_units_exponent_1': 10, 'D_dagger_layer_units_exponent_2': 9, 'D_dagger_layer_units_exponent_3': 10, 'log_learning_rate': -4.558233373251623, 'log_learning_rate_D': -2.296265604868439, 'log_learning_rate_D_dagger': -3.3914271498153887, 'training_batch_size': 11, 'training_p': 8}
	 epoch  0 training error:  tensor(1.0343, device='cuda:0', grad_fn=<DivBackward0>)
Memory status after this epoch: 
Memory allocated:  26.27783203125
Memory cached:  148.0
	 epoch  10 training error:  tensor(0.2515, device='cuda:0', grad_fn=<DivBackward0>)
Memory status after this epoch: 
Memory allocated:  26.27783203125
Memory cached:  288.0
	 epoch  20 training error:  tensor(0.1093, device='cuda:0', grad_fn=<DivBackward0>)
Memory status after this epoch: 
Memory allocated:  26.27783203125
Memory cached:  280.0
	 epoch  30 training error:  tensor(0.1251, device='cuda:0', grad_fn=<DivBackward0>)
Memory status after this epoch: 
Memory allocated:  26.27783203125
Memory cached:  288.0
	 epoch  40 training error:  tensor(0.1000, device='cuda:0', grad_fn=<DivBackward0>)
Memory status after this epoch: 
Memory allocated:  26.27783203125
Memory cached:  284.0
	 epoch  50 training error:  tensor(0.0985, device='cuda:0', grad_fn=<DivBackward0>)
Memory status after this epoch: 
Memory allocated:  26.27783203125
Memory cached:  290.0
	 epoch  60 training error:  tensor(0.1042, device='cuda:0', grad_fn=<DivBackward0>)
Memory status after this epoch: 
Memory allocated:  26.27783203125
Memory cached:  286.0
	 epoch  70 training error:  tensor(0.0958, device='cuda:0', grad_fn=<DivBackward0>)
Memory status after this epoch: 
Memory allocated:  26.27783203125
Memory cached:  286.0
	 epoch  80 training error:  tensor(0.0975, device='cuda:0', grad_fn=<DivBackward0>)
Memory status after this epoch: 
Memory allocated:  26.27783203125
Memory cached:  288.0
	 epoch  90 training error:  tensor(0.0935, device='cuda:0', grad_fn=<DivBackward0>)
Memory status after this epoch: 
Memory allocated:  26.27783203125
Memory cached:  288.0
[I 2023-11-22 16:32:22,738] Trial 21 finished with value: 0.06835439056158066 and parameters: {'W_layers': 7, 'W_layer_units_exponent_0': 8, 'W_layer_units_exponent_1': 4, 'W_layer_units_exponent_2': 10, 'W_layer_units_exponent_3': 5, 'W_layer_units_exponent_4': 7, 'W_layer_units_exponent_5': 9, 'W_layer_units_exponent_6': 4, 'D_layers': 2, 'D_layer_units_exponent_0': 4, 'D_layer_units_exponent_1': 5, 'D_dagger_layers': 4, 'D_dagger_layer_units_exponent_0': 9, 'D_dagger_layer_units_exponent_1': 10, 'D_dagger_layer_units_exponent_2': 9, 'D_dagger_layer_units_exponent_3': 10, 'log_learning_rate': -4.558233373251623, 'log_learning_rate_D': -2.296265604868439, 'log_learning_rate_D_dagger': -3.3914271498153887, 'training_batch_size': 11, 'training_p': 8}. Best is trial 10 with value: 0.039460815489292145.
Time for this trial:  178.8153784275055
Memory status after this trial: 
Memory allocated:  208.83056640625
Memory cached:  220.0
--------------------  Trial  22   --------------------
Start timing: 
Parameters: 
{'W_layers': 7, 'W_layer_units_exponent_0': 8, 'W_layer_units_exponent_1': 5, 'W_layer_units_exponent_2': 10, 'W_layer_units_exponent_3': 4, 'W_layer_units_exponent_4': 7, 'W_layer_units_exponent_5': 6, 'W_layer_units_exponent_6': 5, 'D_layers': 3, 'D_layer_units_exponent_0': 5, 'D_layer_units_exponent_1': 5, 'D_layer_units_exponent_2': 6, 'D_dagger_layers': 5, 'D_dagger_layer_units_exponent_0': 9, 'D_dagger_layer_units_exponent_1': 10, 'D_dagger_layer_units_exponent_2': 9, 'D_dagger_layer_units_exponent_3': 10, 'D_dagger_layer_units_exponent_4': 4, 'log_learning_rate': -3.8707254089123597, 'log_learning_rate_D': -2.199431408126712, 'log_learning_rate_D_dagger': -3.6825042417658715, 'training_batch_size': 12, 'training_p': 8}
	 epoch  0 training error:  tensor(1.0020, device='cuda:0', grad_fn=<DivBackward0>)
Memory status after this epoch: 
Memory allocated:  25.61376953125
Memory cached:  178.0
	 epoch  10 training error:  tensor(0.2979, device='cuda:0', grad_fn=<DivBackward0>)
Memory status after this epoch: 
Memory allocated:  25.61376953125
Memory cached:  262.0
	 epoch  20 training error:  tensor(0.2175, device='cuda:0', grad_fn=<DivBackward0>)
Memory status after this epoch: 
Memory allocated:  25.61376953125
Memory cached:  260.0
	 epoch  30 training error:  tensor(0.1242, device='cuda:0', grad_fn=<DivBackward0>)
Memory status after this epoch: 
Memory allocated:  25.61376953125
Memory cached:  234.0
	 epoch  40 training error:  tensor(0.1034, device='cuda:0', grad_fn=<DivBackward0>)
Memory status after this epoch: 
Memory allocated:  25.61376953125
Memory cached:  250.0
	 epoch  50 training error:  tensor(0.0932, device='cuda:0', grad_fn=<DivBackward0>)
Memory status after this epoch: 
Memory allocated:  25.61376953125
Memory cached:  248.0
	 epoch  60 training error:  tensor(0.0829, device='cuda:0', grad_fn=<DivBackward0>)
Memory status after this epoch: 
Memory allocated:  25.61376953125
Memory cached:  246.0
	 epoch  70 training error:  tensor(0.0815, device='cuda:0', grad_fn=<DivBackward0>)
Memory status after this epoch: 
Memory allocated:  25.61376953125
Memory cached:  242.0
	 epoch  80 training error:  tensor(0.0793, device='cuda:0', grad_fn=<DivBackward0>)
Memory status after this epoch: 
Memory allocated:  25.61376953125
Memory cached:  238.0
	 epoch  90 training error:  tensor(0.0778, device='cuda:0', grad_fn=<DivBackward0>)
Memory status after this epoch: 
Memory allocated:  25.61376953125
Memory cached:  246.0
[I 2023-11-22 16:35:33,080] Trial 22 finished with value: 0.05601861700415611 and parameters: {'W_layers': 7, 'W_layer_units_exponent_0': 8, 'W_layer_units_exponent_1': 5, 'W_layer_units_exponent_2': 10, 'W_layer_units_exponent_3': 4, 'W_layer_units_exponent_4': 7, 'W_layer_units_exponent_5': 6, 'W_layer_units_exponent_6': 5, 'D_layers': 3, 'D_layer_units_exponent_0': 5, 'D_layer_units_exponent_1': 5, 'D_layer_units_exponent_2': 6, 'D_dagger_layers': 5, 'D_dagger_layer_units_exponent_0': 9, 'D_dagger_layer_units_exponent_1': 10, 'D_dagger_layer_units_exponent_2': 9, 'D_dagger_layer_units_exponent_3': 10, 'D_dagger_layer_units_exponent_4': 4, 'log_learning_rate': -3.8707254089123597, 'log_learning_rate_D': -2.199431408126712, 'log_learning_rate_D_dagger': -3.6825042417658715, 'training_batch_size': 12, 'training_p': 8}. Best is trial 10 with value: 0.039460815489292145.
Time for this trial:  190.07965683937073
Memory status after this trial: 
Memory allocated:  195.52978515625
Memory cached:  206.0
--------------------  Trial  23   --------------------
Start timing: 
Parameters: 
{'W_layers': 6, 'W_layer_units_exponent_0': 7, 'W_layer_units_exponent_1': 5, 'W_layer_units_exponent_2': 9, 'W_layer_units_exponent_3': 4, 'W_layer_units_exponent_4': 6, 'W_layer_units_exponent_5': 5, 'D_layers': 3, 'D_layer_units_exponent_0': 5, 'D_layer_units_exponent_1': 5, 'D_layer_units_exponent_2': 6, 'D_dagger_layers': 5, 'D_dagger_layer_units_exponent_0': 8, 'D_dagger_layer_units_exponent_1': 9, 'D_dagger_layer_units_exponent_2': 10, 'D_dagger_layer_units_exponent_3': 9, 'D_dagger_layer_units_exponent_4': 4, 'log_learning_rate': -3.7049132656962005, 'log_learning_rate_D': -2.6349324612136553, 'log_learning_rate_D_dagger': -3.836050941216018, 'training_batch_size': 12, 'training_p': 7}
	 epoch  0 training error:  tensor(1.0084, device='cuda:0', grad_fn=<DivBackward0>)
Memory status after this epoch: 
Memory allocated:  18.86572265625
Memory cached:  136.0
	 epoch  10 training error:  tensor(0.5084, device='cuda:0', grad_fn=<DivBackward0>)
Memory status after this epoch: 
Memory allocated:  18.86572265625
Memory cached:  230.0
	 epoch  20 training error:  tensor(0.1384, device='cuda:0', grad_fn=<DivBackward0>)
Memory status after this epoch: 
Memory allocated:  18.86572265625
Memory cached:  224.0
	 epoch  30 training error:  tensor(0.1163, device='cuda:0', grad_fn=<DivBackward0>)
Memory status after this epoch: 
Memory allocated:  18.86572265625
Memory cached:  224.0
	 epoch  40 training error:  tensor(0.0966, device='cuda:0', grad_fn=<DivBackward0>)
Memory status after this epoch: 
Memory allocated:  18.86572265625
Memory cached:  224.0
	 epoch  50 training error:  tensor(0.0954, device='cuda:0', grad_fn=<DivBackward0>)
Memory status after this epoch: 
Memory allocated:  18.86572265625
Memory cached:  232.0
	 epoch  60 training error:  tensor(0.0895, device='cuda:0', grad_fn=<DivBackward0>)
Memory status after this epoch: 
Memory allocated:  18.86572265625
Memory cached:  232.0
	 epoch  70 training error:  tensor(0.0887, device='cuda:0', grad_fn=<DivBackward0>)
Memory status after this epoch: 
Memory allocated:  18.86572265625
Memory cached:  222.0
	 epoch  80 training error:  tensor(0.0868, device='cuda:0', grad_fn=<DivBackward0>)
Memory status after this epoch: 
Memory allocated:  18.86572265625
Memory cached:  224.0
	 epoch  90 training error:  tensor(0.0869, device='cuda:0', grad_fn=<DivBackward0>)
Memory status after this epoch: 
Memory allocated:  18.86572265625
Memory cached:  234.0
[I 2023-11-22 16:38:29,545] Trial 23 finished with value: 0.06976450979709625 and parameters: {'W_layers': 6, 'W_layer_units_exponent_0': 7, 'W_layer_units_exponent_1': 5, 'W_layer_units_exponent_2': 9, 'W_layer_units_exponent_3': 4, 'W_layer_units_exponent_4': 6, 'W_layer_units_exponent_5': 5, 'D_layers': 3, 'D_layer_units_exponent_0': 5, 'D_layer_units_exponent_1': 5, 'D_layer_units_exponent_2': 6, 'D_dagger_layers': 5, 'D_dagger_layer_units_exponent_0': 8, 'D_dagger_layer_units_exponent_1': 9, 'D_dagger_layer_units_exponent_2': 10, 'D_dagger_layer_units_exponent_3': 9, 'D_dagger_layer_units_exponent_4': 4, 'log_learning_rate': -3.7049132656962005, 'log_learning_rate_D': -2.6349324612136553, 'log_learning_rate_D_dagger': -3.836050941216018, 'training_batch_size': 12, 'training_p': 7}. Best is trial 10 with value: 0.039460815489292145.
Time for this trial:  176.21795344352722
Memory status after this trial: 
Memory allocated:  133.56201171875
Memory cached:  172.0
--------------------  Trial  24   --------------------
Start timing: 
Parameters: 
{'W_layers': 8, 'W_layer_units_exponent_0': 9, 'W_layer_units_exponent_1': 5, 'W_layer_units_exponent_2': 10, 'W_layer_units_exponent_3': 4, 'W_layer_units_exponent_4': 5, 'W_layer_units_exponent_5': 6, 'W_layer_units_exponent_6': 5, 'W_layer_units_exponent_7': 6, 'D_layers': 5, 'D_layer_units_exponent_0': 5, 'D_layer_units_exponent_1': 6, 'D_layer_units_exponent_2': 6, 'D_layer_units_exponent_3': 10, 'D_layer_units_exponent_4': 7, 'D_dagger_layers': 5, 'D_dagger_layer_units_exponent_0': 10, 'D_dagger_layer_units_exponent_1': 9, 'D_dagger_layer_units_exponent_2': 8, 'D_dagger_layer_units_exponent_3': 8, 'D_dagger_layer_units_exponent_4': 5, 'log_learning_rate': -4.055546511172508, 'log_learning_rate_D': -2.123738188172795, 'log_learning_rate_D_dagger': -4.457207012260312, 'training_batch_size': 12, 'training_p': 8}
	 epoch  0 training error:  tensor(1.0065, device='cuda:0', grad_fn=<DivBackward0>)
Memory status after this epoch: 
Memory allocated:  15.62548828125
Memory cached:  140.0
	 epoch  10 training error:  tensor(0.9916, device='cuda:0', grad_fn=<DivBackward0>)
Memory status after this epoch: 
Memory allocated:  15.62548828125
Memory cached:  242.0
	 epoch  20 training error:  tensor(0.9780, device='cuda:0', grad_fn=<DivBackward0>)
Memory status after this epoch: 
Memory allocated:  15.62548828125
Memory cached:  256.0
	 epoch  30 training error:  tensor(0.9554, device='cuda:0', grad_fn=<DivBackward0>)
Memory status after this epoch: 
Memory allocated:  15.62548828125
Memory cached:  260.0
	 epoch  40 training error:  tensor(0.9043, device='cuda:0', grad_fn=<DivBackward0>)
Memory status after this epoch: 
Memory allocated:  15.62548828125
Memory cached:  254.0
	 epoch  50 training error:  tensor(1., device='cuda:0', grad_fn=<DivBackward0>)
Memory status after this epoch: 
Memory allocated:  15.62548828125
Memory cached:  250.0
	 epoch  60 training error:  tensor(1., device='cuda:0', grad_fn=<DivBackward0>)
Memory status after this epoch: 
Memory allocated:  15.62548828125
Memory cached:  250.0
	 epoch  70 training error:  tensor(1., device='cuda:0', grad_fn=<DivBackward0>)
Memory status after this epoch: 
Memory allocated:  15.62548828125
Memory cached:  248.0
	 epoch  80 training error:  tensor(1., device='cuda:0', grad_fn=<DivBackward0>)
Memory status after this epoch: 
Memory allocated:  15.62548828125
Memory cached:  260.0
	 epoch  90 training error:  tensor(1., device='cuda:0', grad_fn=<DivBackward0>)
Memory status after this epoch: 
Memory allocated:  15.62548828125
Memory cached:  254.0
