[I 2023-11-29 05:07:55,839] Trial 45 finished with value: 1.0 and parameters: {'W_layers': 3, 'W_layer_units_exponent_0': 9, 'W_layer_units_exponent_1': 8, 'W_layer_units_exponent_2': 7, 'D_layers': 6, 'D_layer_units_exponent_0': 4, 'D_layer_units_exponent_1': 7, 'D_layer_units_exponent_2': 4, 'D_layer_units_exponent_3': 10, 'D_layer_units_exponent_4': 5, 'D_layer_units_exponent_5': 8, 'D_dagger_layers': 3, 'D_dagger_layer_units_exponent_0': 7, 'D_dagger_layer_units_exponent_1': 9, 'D_dagger_layer_units_exponent_2': 7, 'log_learning_rate': -3.437573245339558, 'log_learning_rate_D': -1.7192336634081835, 'log_learning_rate_D_dagger': -1.5278555361782618, 'training_batch_size': 8, 'training_p': 7}. Best is trial 8 with value: 1.0.
Time for this trial:  260.4024660587311
Memory status after this trial: 
Memory allocated:  173.193359375
Memory cached:  184.0
--------------------  Trial  46   --------------------
Start timing: 
Parameters: 
{'W_layers': 2, 'W_layer_units_exponent_0': 8, 'W_layer_units_exponent_1': 7, 'D_layers': 6, 'D_layer_units_exponent_0': 7, 'D_layer_units_exponent_1': 7, 'D_layer_units_exponent_2': 5, 'D_layer_units_exponent_3': 9, 'D_layer_units_exponent_4': 7, 'D_layer_units_exponent_5': 9, 'D_dagger_layers': 2, 'D_dagger_layer_units_exponent_0': 9, 'D_dagger_layer_units_exponent_1': 10, 'log_learning_rate': -3.5698374634471137, 'log_learning_rate_D': -2.9735415199257007, 'log_learning_rate_D_dagger': -1.1684696320060004, 'training_batch_size': 8, 'training_p': 8}
	 epoch  0 training error:  tensor(2.2358, device='cuda:0', grad_fn=<DivBackward0>)
Memory status after this epoch: 
Memory allocated:  11.42724609375
Memory cached:  174.0
[W 2023-11-29 05:08:01,975] Trial 46 failed with parameters: {'W_layers': 2, 'W_layer_units_exponent_0': 8, 'W_layer_units_exponent_1': 7, 'D_layers': 6, 'D_layer_units_exponent_0': 7, 'D_layer_units_exponent_1': 7, 'D_layer_units_exponent_2': 5, 'D_layer_units_exponent_3': 9, 'D_layer_units_exponent_4': 7, 'D_layer_units_exponent_5': 9, 'D_dagger_layers': 2, 'D_dagger_layer_units_exponent_0': 9, 'D_dagger_layer_units_exponent_1': 10, 'log_learning_rate': -3.5698374634471137, 'log_learning_rate_D': -2.9735415199257007, 'log_learning_rate_D_dagger': -1.1684696320060004, 'training_batch_size': 8, 'training_p': 8} because of the following error: The value nan is not acceptable.
[W 2023-11-29 05:08:01,976] Trial 46 failed with value tensor(nan, device='cuda:0', grad_fn=<DivBackward0>).
Time for this trial:  5.892653226852417
Memory status after this trial: 
Memory allocated:  187.666015625
Memory cached:  224.0
--------------------  Trial  47   --------------------
Start timing: 
Parameters: 
{'W_layers': 2, 'W_layer_units_exponent_0': 8, 'W_layer_units_exponent_1': 7, 'D_layers': 7, 'D_layer_units_exponent_0': 7, 'D_layer_units_exponent_1': 7, 'D_layer_units_exponent_2': 5, 'D_layer_units_exponent_3': 9, 'D_layer_units_exponent_4': 7, 'D_layer_units_exponent_5': 9, 'D_layer_units_exponent_6': 10, 'D_dagger_layers': 2, 'D_dagger_layer_units_exponent_0': 9, 'D_dagger_layer_units_exponent_1': 10, 'log_learning_rate': -4.265299439063742, 'log_learning_rate_D': -3.0044064606143674, 'log_learning_rate_D_dagger': -2.4972059749499422, 'training_batch_size': 6, 'training_p': 8}
	 epoch  0 training error:  tensor(2.1138, device='cuda:0', grad_fn=<DivBackward0>)
Memory status after this epoch: 
Memory allocated:  19.5146484375
Memory cached:  148.0
[W 2023-11-29 05:08:36,446] Trial 47 failed with parameters: {'W_layers': 2, 'W_layer_units_exponent_0': 8, 'W_layer_units_exponent_1': 7, 'D_layers': 7, 'D_layer_units_exponent_0': 7, 'D_layer_units_exponent_1': 7, 'D_layer_units_exponent_2': 5, 'D_layer_units_exponent_3': 9, 'D_layer_units_exponent_4': 7, 'D_layer_units_exponent_5': 9, 'D_layer_units_exponent_6': 10, 'D_dagger_layers': 2, 'D_dagger_layer_units_exponent_0': 9, 'D_dagger_layer_units_exponent_1': 10, 'log_learning_rate': -4.265299439063742, 'log_learning_rate_D': -3.0044064606143674, 'log_learning_rate_D_dagger': -2.4972059749499422, 'training_batch_size': 6, 'training_p': 8} because of the following error: The value nan is not acceptable.
[W 2023-11-29 05:08:36,447] Trial 47 failed with value tensor(nan, device='cuda:0', grad_fn=<DivBackward0>).
Time for this trial:  34.2256646156311
Memory status after this trial: 
Memory allocated:  246.6640625
Memory cached:  262.0
--------------------  Trial  48   --------------------
Start timing: 
Parameters: 
{'W_layers': 2, 'W_layer_units_exponent_0': 8, 'W_layer_units_exponent_1': 7, 'D_layers': 7, 'D_layer_units_exponent_0': 7, 'D_layer_units_exponent_1': 7, 'D_layer_units_exponent_2': 5, 'D_layer_units_exponent_3': 9, 'D_layer_units_exponent_4': 7, 'D_layer_units_exponent_5': 9, 'D_layer_units_exponent_6': 10, 'D_dagger_layers': 2, 'D_dagger_layer_units_exponent_0': 9, 'D_dagger_layer_units_exponent_1': 10, 'log_learning_rate': -4.243881782036217, 'log_learning_rate_D': -3.016326257866686, 'log_learning_rate_D_dagger': -1.185630721642971, 'training_batch_size': 6, 'training_p': 8}
	 epoch  0 training error:  tensor(9.0835, device='cuda:0', grad_fn=<DivBackward0>)
Memory status after this epoch: 
Memory allocated:  19.5146484375
Memory cached:  160.0
	 epoch  10 training error:  tensor(91.6030, device='cuda:0', grad_fn=<DivBackward0>)
Memory status after this epoch: 
Memory allocated:  19.5146484375
Memory cached:  222.0
	 epoch  20 training error:  tensor(105.2967, device='cuda:0', grad_fn=<DivBackward0>)
Memory status after this epoch: 
Memory allocated:  19.5146484375
Memory cached:  222.0
	 epoch  30 training error:  tensor(104.8483, device='cuda:0', grad_fn=<DivBackward0>)
Memory status after this epoch: 
Memory allocated:  19.5146484375
Memory cached:  214.0
	 epoch  40 training error:  tensor(104.4567, device='cuda:0', grad_fn=<DivBackward0>)
Memory status after this epoch: 
Memory allocated:  19.5146484375
Memory cached:  214.0
	 epoch  50 training error:  tensor(104.2727, device='cuda:0', grad_fn=<DivBackward0>)
Memory status after this epoch: 
Memory allocated:  19.5146484375
Memory cached:  198.0
	 epoch  60 training error:  tensor(138.8786, device='cuda:0', grad_fn=<DivBackward0>)
Memory status after this epoch: 
Memory allocated:  19.5146484375
Memory cached:  216.0
	 epoch  70 training error:  tensor(182.6678, device='cuda:0', grad_fn=<DivBackward0>)
Memory status after this epoch: 
Memory allocated:  19.5146484375
Memory cached:  214.0
	 epoch  80 training error:  tensor(209.3520, device='cuda:0', grad_fn=<DivBackward0>)
Memory status after this epoch: 
Memory allocated:  19.5146484375
Memory cached:  212.0
	 epoch  90 training error:  tensor(109.0188, device='cuda:0', grad_fn=<DivBackward0>)
Memory status after this epoch: 
Memory allocated:  19.5146484375
Memory cached:  220.0
[I 2023-11-29 05:16:29,104] Trial 48 finished with value: 83.78661346435547 and parameters: {'W_layers': 2, 'W_layer_units_exponent_0': 8, 'W_layer_units_exponent_1': 7, 'D_layers': 7, 'D_layer_units_exponent_0': 7, 'D_layer_units_exponent_1': 7, 'D_layer_units_exponent_2': 5, 'D_layer_units_exponent_3': 9, 'D_layer_units_exponent_4': 7, 'D_layer_units_exponent_5': 9, 'D_layer_units_exponent_6': 10, 'D_dagger_layers': 2, 'D_dagger_layer_units_exponent_0': 9, 'D_dagger_layer_units_exponent_1': 10, 'log_learning_rate': -4.243881782036217, 'log_learning_rate_D': -3.016326257866686, 'log_learning_rate_D_dagger': -1.185630721642971, 'training_batch_size': 6, 'training_p': 8}. Best is trial 8 with value: 1.0.
Time for this trial:  472.4059281349182
Memory status after this trial: 
Memory allocated:  246.6640625
Memory cached:  262.0
--------------------  Trial  49   --------------------
Start timing: 
Parameters: 
{'W_layers': 3, 'W_layer_units_exponent_0': 7, 'W_layer_units_exponent_1': 9, 'W_layer_units_exponent_2': 5, 'D_layers': 5, 'D_layer_units_exponent_0': 5, 'D_layer_units_exponent_1': 8, 'D_layer_units_exponent_2': 7, 'D_layer_units_exponent_3': 10, 'D_layer_units_exponent_4': 4, 'D_dagger_layers': 3, 'D_dagger_layer_units_exponent_0': 6, 'D_dagger_layer_units_exponent_1': 8, 'D_dagger_layer_units_exponent_2': 5, 'log_learning_rate': -3.636626291698961, 'log_learning_rate_D': -2.7484377162560483, 'log_learning_rate_D_dagger': -1.4583898491914997, 'training_batch_size': 7, 'training_p': 5}
	 epoch  0 training error:  tensor(2.8800, device='cuda:0', grad_fn=<DivBackward0>)
Memory status after this epoch: 
Memory allocated:  4.794921875
Memory cached:  136.0
	 epoch  10 training error:  tensor(1.8310, device='cuda:0', grad_fn=<DivBackward0>)
Memory status after this epoch: 
Memory allocated:  4.794921875
Memory cached:  230.0
	 epoch  20 training error:  tensor(2.0508, device='cuda:0', grad_fn=<DivBackward0>)
Memory status after this epoch: 
Memory allocated:  4.794921875
Memory cached:  228.0
	 epoch  30 training error:  tensor(1.9861, device='cuda:0', grad_fn=<DivBackward0>)
Memory status after this epoch: 
Memory allocated:  4.794921875
Memory cached:  232.0
	 epoch  40 training error:  tensor(2.0181, device='cuda:0', grad_fn=<DivBackward0>)
Memory status after this epoch: 
Memory allocated:  4.794921875
Memory cached:  228.0
	 epoch  50 training error:  tensor(2.0608, device='cuda:0', grad_fn=<DivBackward0>)
Memory status after this epoch: 
Memory allocated:  4.794921875
Memory cached:  218.0
	 epoch  60 training error:  tensor(1.9164, device='cuda:0', grad_fn=<DivBackward0>)
Memory status after this epoch: 
Memory allocated:  4.794921875
Memory cached:  228.0
	 epoch  70 training error:  tensor(2.0903, device='cuda:0', grad_fn=<DivBackward0>)
Memory status after this epoch: 
Memory allocated:  4.794921875
Memory cached:  238.0
	 epoch  80 training error:  tensor(1.9832, device='cuda:0', grad_fn=<DivBackward0>)
Memory status after this epoch: 
Memory allocated:  4.794921875
Memory cached:  238.0
	 epoch  90 training error:  tensor(2.1305, device='cuda:0', grad_fn=<DivBackward0>)
Memory status after this epoch: 
Memory allocated:  4.794921875
Memory cached:  232.0
[I 2023-11-29 05:20:31,923] Trial 49 finished with value: 1.8639135360717773 and parameters: {'W_layers': 3, 'W_layer_units_exponent_0': 7, 'W_layer_units_exponent_1': 9, 'W_layer_units_exponent_2': 5, 'D_layers': 5, 'D_layer_units_exponent_0': 5, 'D_layer_units_exponent_1': 8, 'D_layer_units_exponent_2': 7, 'D_layer_units_exponent_3': 10, 'D_layer_units_exponent_4': 4, 'D_dagger_layers': 3, 'D_dagger_layer_units_exponent_0': 6, 'D_dagger_layer_units_exponent_1': 8, 'D_dagger_layer_units_exponent_2': 5, 'log_learning_rate': -3.636626291698961, 'log_learning_rate_D': -2.7484377162560483, 'log_learning_rate_D_dagger': -1.4583898491914997, 'training_batch_size': 7, 'training_p': 5}. Best is trial 8 with value: 1.0.
[I 2023-11-29 05:20:31,960] A new study created in memory with name: no-name-93175a17-ef26-41e9-a80c-b363429515a0
Time for this trial:  242.5841519832611
Memory status after this trial: 
Memory allocated:  137.11962890625
Memory cached:  168.0
--------------------  Trial  0   --------------------
Start timing: 
Parameters: 
{'W_layers': 8, 'W_layer_units_exponent_0': 8, 'W_layer_units_exponent_1': 8, 'W_layer_units_exponent_2': 4, 'W_layer_units_exponent_3': 10, 'W_layer_units_exponent_4': 10, 'W_layer_units_exponent_5': 8, 'W_layer_units_exponent_6': 7, 'W_layer_units_exponent_7': 9, 'D_layers': 6, 'D_layer_units_exponent_0': 6, 'D_layer_units_exponent_1': 6, 'D_layer_units_exponent_2': 8, 'D_layer_units_exponent_3': 4, 'D_layer_units_exponent_4': 4, 'D_layer_units_exponent_5': 10, 'D_dagger_layers': 3, 'D_dagger_layer_units_exponent_0': 10, 'D_dagger_layer_units_exponent_1': 4, 'D_dagger_layer_units_exponent_2': 4, 'log_learning_rate': -3.82332501541763, 'log_learning_rate_D': -4.682060040478076, 'log_learning_rate_D_dagger': -2.046706780699102, 'training_batch_size': 9, 'training_p': 3}
	 epoch  0 training error:  tensor(1., device='cuda:0', grad_fn=<DivBackward0>)
Memory status after this epoch: 
Memory allocated:  24.2900390625
Memory cached:  192.0
	 epoch  10 training error:  tensor(1., device='cuda:0', grad_fn=<DivBackward0>)
Memory status after this epoch: 
Memory allocated:  24.2900390625
Memory cached:  340.0
	 epoch  20 training error:  tensor(1., device='cuda:0', grad_fn=<DivBackward0>)
Memory status after this epoch: 
Memory allocated:  24.2900390625
Memory cached:  336.0
	 epoch  30 training error:  tensor(1., device='cuda:0', grad_fn=<DivBackward0>)
Memory status after this epoch: 
Memory allocated:  24.2900390625
Memory cached:  346.0
	 epoch  40 training error:  tensor(1., device='cuda:0', grad_fn=<DivBackward0>)
Memory status after this epoch: 
Memory allocated:  24.2900390625
Memory cached:  366.0
	 epoch  50 training error:  tensor(1., device='cuda:0', grad_fn=<DivBackward0>)
Memory status after this epoch: 
Memory allocated:  24.2900390625
Memory cached:  354.0
	 epoch  60 training error:  tensor(1., device='cuda:0', grad_fn=<DivBackward0>)
Memory status after this epoch: 
Memory allocated:  24.2900390625
Memory cached:  348.0
	 epoch  70 training error:  tensor(1., device='cuda:0', grad_fn=<DivBackward0>)
Memory status after this epoch: 
Memory allocated:  24.2900390625
Memory cached:  342.0
	 epoch  80 training error:  tensor(1., device='cuda:0', grad_fn=<DivBackward0>)
Memory status after this epoch: 
Memory allocated:  24.2900390625
Memory cached:  350.0
	 epoch  90 training error:  tensor(1., device='cuda:0', grad_fn=<DivBackward0>)
Memory status after this epoch: 
Memory allocated:  24.2900390625
Memory cached:  356.0
[I 2023-11-29 05:26:23,818] Trial 0 finished with value: 1.0 and parameters: {'W_layers': 8, 'W_layer_units_exponent_0': 8, 'W_layer_units_exponent_1': 8, 'W_layer_units_exponent_2': 4, 'W_layer_units_exponent_3': 10, 'W_layer_units_exponent_4': 10, 'W_layer_units_exponent_5': 8, 'W_layer_units_exponent_6': 7, 'W_layer_units_exponent_7': 9, 'D_layers': 6, 'D_layer_units_exponent_0': 6, 'D_layer_units_exponent_1': 6, 'D_layer_units_exponent_2': 8, 'D_layer_units_exponent_3': 4, 'D_layer_units_exponent_4': 4, 'D_layer_units_exponent_5': 10, 'D_dagger_layers': 3, 'D_dagger_layer_units_exponent_0': 10, 'D_dagger_layer_units_exponent_1': 4, 'D_dagger_layer_units_exponent_2': 4, 'log_learning_rate': -3.82332501541763, 'log_learning_rate_D': -4.682060040478076, 'log_learning_rate_D_dagger': -2.046706780699102, 'training_batch_size': 9, 'training_p': 3}. Best is trial 0 with value: 1.0.
Time for this trial:  351.74052119255066
Memory status after this trial: 
Memory allocated:  336.68115234375
Memory cached:  354.0
--------------------  Trial  1   --------------------
Start timing: 
Parameters: 
{'W_layers': 8, 'W_layer_units_exponent_0': 6, 'W_layer_units_exponent_1': 6, 'W_layer_units_exponent_2': 5, 'W_layer_units_exponent_3': 5, 'W_layer_units_exponent_4': 5, 'W_layer_units_exponent_5': 9, 'W_layer_units_exponent_6': 6, 'W_layer_units_exponent_7': 5, 'D_layers': 6, 'D_layer_units_exponent_0': 9, 'D_layer_units_exponent_1': 4, 'D_layer_units_exponent_2': 9, 'D_layer_units_exponent_3': 7, 'D_layer_units_exponent_4': 7, 'D_layer_units_exponent_5': 10, 'D_dagger_layers': 8, 'D_dagger_layer_units_exponent_0': 8, 'D_dagger_layer_units_exponent_1': 6, 'D_dagger_layer_units_exponent_2': 7, 'D_dagger_layer_units_exponent_3': 10, 'D_dagger_layer_units_exponent_4': 5, 'D_dagger_layer_units_exponent_5': 8, 'D_dagger_layer_units_exponent_6': 6, 'D_dagger_layer_units_exponent_7': 5, 'log_learning_rate': -3.179729976166505, 'log_learning_rate_D': -1.6367880787480589, 'log_learning_rate_D_dagger': -2.652875406804354, 'training_batch_size': 9, 'training_p': 2}
	 epoch  0 training error:  tensor(12.6564, device='cuda:0', grad_fn=<DivBackward0>)
Memory status after this epoch: 
Memory allocated:  8.21142578125
Memory cached:  160.0
	 epoch  10 training error:  tensor(1.6048, device='cuda:0', grad_fn=<DivBackward0>)
Memory status after this epoch: 
Memory allocated:  8.21142578125
Memory cached:  328.0
	 epoch  20 training error:  tensor(1.7022, device='cuda:0', grad_fn=<DivBackward0>)
Memory status after this epoch: 
Memory allocated:  8.21142578125
Memory cached:  322.0
	 epoch  30 training error:  tensor(1.6175, device='cuda:0', grad_fn=<DivBackward0>)
Memory status after this epoch: 
Memory allocated:  8.21142578125
Memory cached:  336.0
	 epoch  40 training error:  tensor(1.6435, device='cuda:0', grad_fn=<DivBackward0>)
Memory status after this epoch: 
Memory allocated:  8.21142578125
Memory cached:  310.0
	 epoch  50 training error:  tensor(1.6795, device='cuda:0', grad_fn=<DivBackward0>)
Memory status after this epoch: 
Memory allocated:  8.21142578125
Memory cached:  326.0
	 epoch  60 training error:  tensor(1.6877, device='cuda:0', grad_fn=<DivBackward0>)
Memory status after this epoch: 
Memory allocated:  8.21142578125
Memory cached:  310.0
	 epoch  70 training error:  tensor(1.6624, device='cuda:0', grad_fn=<DivBackward0>)
Memory status after this epoch: 
Memory allocated:  8.21142578125
Memory cached:  322.0
	 epoch  80 training error:  tensor(1.6527, device='cuda:0', grad_fn=<DivBackward0>)
Memory status after this epoch: 
Memory allocated:  8.21142578125
Memory cached:  322.0
	 epoch  90 training error:  tensor(1.7273, device='cuda:0', grad_fn=<DivBackward0>)
Memory status after this epoch: 
Memory allocated:  8.21142578125
Memory cached:  310.0
[I 2023-11-29 05:33:20,819] Trial 1 finished with value: 1.6589444875717163 and parameters: {'W_layers': 8, 'W_layer_units_exponent_0': 6, 'W_layer_units_exponent_1': 6, 'W_layer_units_exponent_2': 5, 'W_layer_units_exponent_3': 5, 'W_layer_units_exponent_4': 5, 'W_layer_units_exponent_5': 9, 'W_layer_units_exponent_6': 6, 'W_layer_units_exponent_7': 5, 'D_layers': 6, 'D_layer_units_exponent_0': 9, 'D_layer_units_exponent_1': 4, 'D_layer_units_exponent_2': 9, 'D_layer_units_exponent_3': 7, 'D_layer_units_exponent_4': 7, 'D_layer_units_exponent_5': 10, 'D_dagger_layers': 8, 'D_dagger_layer_units_exponent_0': 8, 'D_dagger_layer_units_exponent_1': 6, 'D_dagger_layer_units_exponent_2': 7, 'D_dagger_layer_units_exponent_3': 10, 'D_dagger_layer_units_exponent_4': 5, 'D_dagger_layer_units_exponent_5': 8, 'D_dagger_layer_units_exponent_6': 6, 'D_dagger_layer_units_exponent_7': 5, 'log_learning_rate': -3.179729976166505, 'log_learning_rate_D': -1.6367880787480589, 'log_learning_rate_D_dagger': -2.652875406804354, 'training_batch_size': 9, 'training_p': 2}. Best is trial 0 with value: 1.0.
Time for this trial:  416.8097491264343
Memory status after this trial: 
Memory allocated:  275.7236328125
Memory cached:  280.0
--------------------  Trial  2   --------------------
Start timing: 
Parameters: 
{'W_layers': 7, 'W_layer_units_exponent_0': 5, 'W_layer_units_exponent_1': 7, 'W_layer_units_exponent_2': 4, 'W_layer_units_exponent_3': 10, 'W_layer_units_exponent_4': 7, 'W_layer_units_exponent_5': 9, 'W_layer_units_exponent_6': 10, 'D_layers': 8, 'D_layer_units_exponent_0': 6, 'D_layer_units_exponent_1': 7, 'D_layer_units_exponent_2': 4, 'D_layer_units_exponent_3': 8, 'D_layer_units_exponent_4': 10, 'D_layer_units_exponent_5': 8, 'D_layer_units_exponent_6': 10, 'D_layer_units_exponent_7': 4, 'D_dagger_layers': 6, 'D_dagger_layer_units_exponent_0': 7, 'D_dagger_layer_units_exponent_1': 10, 'D_dagger_layer_units_exponent_2': 5, 'D_dagger_layer_units_exponent_3': 8, 'D_dagger_layer_units_exponent_4': 4, 'D_dagger_layer_units_exponent_5': 8, 'log_learning_rate': -2.0244129561482542, 'log_learning_rate_D': -3.4179083208510948, 'log_learning_rate_D_dagger': -1.6721969054579051, 'training_batch_size': 7, 'training_p': 6}
	 epoch  0 training error:  tensor(5.2350, device='cuda:0', grad_fn=<DivBackward0>)
Memory status after this epoch: 
Memory allocated:  27.16015625
Memory cached:  186.0
	 epoch  10 training error:  tensor(20.2901, device='cuda:0', grad_fn=<DivBackward0>)
Memory status after this epoch: 
Memory allocated:  27.16015625
Memory cached:  390.0
	 epoch  20 training error:  tensor(25.1320, device='cuda:0', grad_fn=<DivBackward0>)
Memory status after this epoch: 
Memory allocated:  27.16015625
Memory cached:  384.0
	 epoch  30 training error:  tensor(23.2955, device='cuda:0', grad_fn=<DivBackward0>)
Memory status after this epoch: 
Memory allocated:  27.16015625
Memory cached:  392.0
	 epoch  40 training error:  tensor(23.0764, device='cuda:0', grad_fn=<DivBackward0>)
Memory status after this epoch: 
Memory allocated:  27.16015625
Memory cached:  396.0
	 epoch  50 training error:  tensor(22.8832, device='cuda:0', grad_fn=<DivBackward0>)
Memory status after this epoch: 
Memory allocated:  27.16015625
Memory cached:  386.0
	 epoch  60 training error:  tensor(22.8773, device='cuda:0', grad_fn=<DivBackward0>)
Memory status after this epoch: 
Memory allocated:  27.16015625
Memory cached:  388.0
	 epoch  70 training error:  tensor(22.7707, device='cuda:0', grad_fn=<DivBackward0>)
Memory status after this epoch: 
Memory allocated:  27.16015625
Memory cached:  394.0
	 epoch  80 training error:  tensor(22.7109, device='cuda:0', grad_fn=<DivBackward0>)
Memory status after this epoch: 
Memory allocated:  27.16015625
Memory cached:  392.0
	 epoch  90 training error:  tensor(22.6911, device='cuda:0', grad_fn=<DivBackward0>)
Memory status after this epoch: 
Memory allocated:  27.16015625
Memory cached:  398.0
