[I 2023-11-29 00:26:31,685] Trial 35 finished with value: 1.0 and parameters: {'W_layers': 6, 'W_layer_units_exponent_0': 8, 'W_layer_units_exponent_1': 8, 'W_layer_units_exponent_2': 7, 'W_layer_units_exponent_3': 10, 'W_layer_units_exponent_4': 4, 'W_layer_units_exponent_5': 4, 'D_layers': 2, 'D_layer_units_exponent_0': 7, 'D_layer_units_exponent_1': 5, 'D_dagger_layers': 4, 'D_dagger_layer_units_exponent_0': 7, 'D_dagger_layer_units_exponent_1': 8, 'D_dagger_layer_units_exponent_2': 5, 'D_dagger_layer_units_exponent_3': 10, 'log_learning_rate': -2.3828323645209304, 'log_learning_rate_D': -1.2758738525314532, 'log_learning_rate_D_dagger': -1.0582913270900958, 'training_batch_size': 12, 'training_p': 7}. Best is trial 6 with value: 1.0.
Time for this trial:  263.3517806529999
Memory status after this trial: 
Memory allocated:  182.4111328125
Memory cached:  186.0
--------------------  Trial  36   --------------------
Start timing: 
Parameters: 
{'W_layers': 6, 'W_layer_units_exponent_0': 8, 'W_layer_units_exponent_1': 8, 'W_layer_units_exponent_2': 6, 'W_layer_units_exponent_3': 9, 'W_layer_units_exponent_4': 4, 'W_layer_units_exponent_5': 4, 'D_layers': 2, 'D_layer_units_exponent_0': 7, 'D_layer_units_exponent_1': 4, 'D_dagger_layers': 3, 'D_dagger_layer_units_exponent_0': 7, 'D_dagger_layer_units_exponent_1': 8, 'D_dagger_layer_units_exponent_2': 4, 'log_learning_rate': -2.5829345349477655, 'log_learning_rate_D': -1.0557168342391514, 'log_learning_rate_D_dagger': -1.42013225994521, 'training_batch_size': 11, 'training_p': 8}
	 epoch  0 training error:  tensor(3.2418, device='cuda:0', grad_fn=<DivBackward0>)
Memory status after this epoch: 
Memory allocated:  2.7275390625
Memory cached:  122.0
	 epoch  10 training error:  tensor(2.2037, device='cuda:0', grad_fn=<DivBackward0>)
Memory status after this epoch: 
Memory allocated:  2.7275390625
Memory cached:  140.0
	 epoch  20 training error:  tensor(1.4713, device='cuda:0', grad_fn=<DivBackward0>)
Memory status after this epoch: 
Memory allocated:  2.7275390625
Memory cached:  148.0
	 epoch  30 training error:  tensor(1.4464, device='cuda:0', grad_fn=<DivBackward0>)
Memory status after this epoch: 
Memory allocated:  2.7275390625
Memory cached:  144.0
	 epoch  40 training error:  tensor(1.4616, device='cuda:0', grad_fn=<DivBackward0>)
Memory status after this epoch: 
Memory allocated:  2.7275390625
Memory cached:  148.0
[W 2023-11-29 00:28:12,829] Trial 36 failed with parameters: {'W_layers': 6, 'W_layer_units_exponent_0': 8, 'W_layer_units_exponent_1': 8, 'W_layer_units_exponent_2': 6, 'W_layer_units_exponent_3': 9, 'W_layer_units_exponent_4': 4, 'W_layer_units_exponent_5': 4, 'D_layers': 2, 'D_layer_units_exponent_0': 7, 'D_layer_units_exponent_1': 4, 'D_dagger_layers': 3, 'D_dagger_layer_units_exponent_0': 7, 'D_dagger_layer_units_exponent_1': 8, 'D_dagger_layer_units_exponent_2': 4, 'log_learning_rate': -2.5829345349477655, 'log_learning_rate_D': -1.0557168342391514, 'log_learning_rate_D_dagger': -1.42013225994521, 'training_batch_size': 11, 'training_p': 8} because of the following error: The value nan is not acceptable.
[W 2023-11-29 00:28:12,829] Trial 36 failed with value tensor(nan, device='cuda:0', grad_fn=<DivBackward0>).
Time for this trial:  100.91498064994812
Memory status after this trial: 
Memory allocated:  93.1416015625
Memory cached:  122.0
--------------------  Trial  37   --------------------
Start timing: 
Parameters: 
{'W_layers': 6, 'W_layer_units_exponent_0': 8, 'W_layer_units_exponent_1': 8, 'W_layer_units_exponent_2': 6, 'W_layer_units_exponent_3': 9, 'W_layer_units_exponent_4': 4, 'W_layer_units_exponent_5': 4, 'D_layers': 2, 'D_layer_units_exponent_0': 7, 'D_layer_units_exponent_1': 4, 'D_dagger_layers': 3, 'D_dagger_layer_units_exponent_0': 7, 'D_dagger_layer_units_exponent_1': 8, 'D_dagger_layer_units_exponent_2': 4, 'log_learning_rate': -2.5115000751260235, 'log_learning_rate_D': -1.0021102407347966, 'log_learning_rate_D_dagger': -1.3536590487294013, 'training_batch_size': 12, 'training_p': 8}
	 epoch  0 training error:  tensor(5.6963, device='cuda:0', grad_fn=<DivBackward0>)
Memory status after this epoch: 
Memory allocated:  2.7275390625
Memory cached:  114.0
	 epoch  10 training error:  tensor(1.4551, device='cuda:0', grad_fn=<DivBackward0>)
Memory status after this epoch: 
Memory allocated:  2.7275390625
Memory cached:  144.0
	 epoch  20 training error:  tensor(5.1739, device='cuda:0', grad_fn=<DivBackward0>)
Memory status after this epoch: 
Memory allocated:  2.7275390625
Memory cached:  138.0
	 epoch  30 training error:  tensor(11.3787, device='cuda:0', grad_fn=<DivBackward0>)
Memory status after this epoch: 
Memory allocated:  2.7275390625
Memory cached:  140.0
	 epoch  40 training error:  tensor(8.8590, device='cuda:0', grad_fn=<DivBackward0>)
Memory status after this epoch: 
Memory allocated:  2.7275390625
Memory cached:  142.0
	 epoch  50 training error:  tensor(8.5314, device='cuda:0', grad_fn=<DivBackward0>)
Memory status after this epoch: 
Memory allocated:  2.7275390625
Memory cached:  142.0
	 epoch  60 training error:  tensor(8.5387, device='cuda:0', grad_fn=<DivBackward0>)
Memory status after this epoch: 
Memory allocated:  2.7275390625
Memory cached:  146.0
	 epoch  70 training error:  tensor(8.8295, device='cuda:0', grad_fn=<DivBackward0>)
Memory status after this epoch: 
Memory allocated:  2.7275390625
Memory cached:  142.0
	 epoch  80 training error:  tensor(9.4056, device='cuda:0', grad_fn=<DivBackward0>)
Memory status after this epoch: 
Memory allocated:  2.7275390625
Memory cached:  138.0
	 epoch  90 training error:  tensor(8.7180, device='cuda:0', grad_fn=<DivBackward0>)
Memory status after this epoch: 
Memory allocated:  2.7275390625
Memory cached:  142.0
[I 2023-11-29 00:32:11,543] Trial 37 finished with value: 5.480250835418701 and parameters: {'W_layers': 6, 'W_layer_units_exponent_0': 8, 'W_layer_units_exponent_1': 8, 'W_layer_units_exponent_2': 6, 'W_layer_units_exponent_3': 9, 'W_layer_units_exponent_4': 4, 'W_layer_units_exponent_5': 4, 'D_layers': 2, 'D_layer_units_exponent_0': 7, 'D_layer_units_exponent_1': 4, 'D_dagger_layers': 3, 'D_dagger_layer_units_exponent_0': 7, 'D_dagger_layer_units_exponent_1': 8, 'D_dagger_layer_units_exponent_2': 4, 'log_learning_rate': -2.5115000751260235, 'log_learning_rate_D': -1.0021102407347966, 'log_learning_rate_D_dagger': -1.3536590487294013, 'training_batch_size': 12, 'training_p': 8}. Best is trial 6 with value: 1.0.
Time for this trial:  238.48681807518005
Memory status after this trial: 
Memory allocated:  93.1416015625
Memory cached:  118.0
--------------------  Trial  38   --------------------
Start timing: 
Parameters: 
{'W_layers': 5, 'W_layer_units_exponent_0': 9, 'W_layer_units_exponent_1': 7, 'W_layer_units_exponent_2': 7, 'W_layer_units_exponent_3': 8, 'W_layer_units_exponent_4': 5, 'D_layers': 3, 'D_layer_units_exponent_0': 6, 'D_layer_units_exponent_1': 5, 'D_layer_units_exponent_2': 5, 'D_dagger_layers': 4, 'D_dagger_layer_units_exponent_0': 6, 'D_dagger_layer_units_exponent_1': 7, 'D_dagger_layer_units_exponent_2': 5, 'D_dagger_layer_units_exponent_3': 10, 'log_learning_rate': -2.997704645082248, 'log_learning_rate_D': -1.0212022812577526, 'log_learning_rate_D_dagger': -1.8293864711053662, 'training_batch_size': 11, 'training_p': 7}
	 epoch  0 training error:  tensor(3.2605, device='cuda:0', grad_fn=<DivBackward0>)
Memory status after this epoch: 
Memory allocated:  2.92138671875
Memory cached:  126.0
	 epoch  10 training error:  tensor(33.1686, device='cuda:0', grad_fn=<DivBackward0>)
Memory status after this epoch: 
Memory allocated:  2.92138671875
Memory cached:  202.0
	 epoch  20 training error:  tensor(49.6603, device='cuda:0', grad_fn=<DivBackward0>)
Memory status after this epoch: 
Memory allocated:  2.92138671875
Memory cached:  206.0
	 epoch  30 training error:  tensor(57.3552, device='cuda:0', grad_fn=<DivBackward0>)
Memory status after this epoch: 
Memory allocated:  2.92138671875
Memory cached:  204.0
	 epoch  40 training error:  tensor(60.9266, device='cuda:0', grad_fn=<DivBackward0>)
Memory status after this epoch: 
Memory allocated:  2.92138671875
Memory cached:  196.0
	 epoch  50 training error:  tensor(62.4383, device='cuda:0', grad_fn=<DivBackward0>)
Memory status after this epoch: 
Memory allocated:  2.92138671875
Memory cached:  204.0
	 epoch  60 training error:  tensor(62.4625, device='cuda:0', grad_fn=<DivBackward0>)
Memory status after this epoch: 
Memory allocated:  2.92138671875
Memory cached:  196.0
	 epoch  70 training error:  tensor(63.6065, device='cuda:0', grad_fn=<DivBackward0>)
Memory status after this epoch: 
Memory allocated:  2.92138671875
Memory cached:  204.0
	 epoch  80 training error:  tensor(61.3764, device='cuda:0', grad_fn=<DivBackward0>)
Memory status after this epoch: 
Memory allocated:  2.92138671875
Memory cached:  198.0
	 epoch  90 training error:  tensor(63.3414, device='cuda:0', grad_fn=<DivBackward0>)
Memory status after this epoch: 
Memory allocated:  2.92138671875
Memory cached:  202.0
[I 2023-11-29 00:36:26,590] Trial 38 finished with value: 26.39131736755371 and parameters: {'W_layers': 5, 'W_layer_units_exponent_0': 9, 'W_layer_units_exponent_1': 7, 'W_layer_units_exponent_2': 7, 'W_layer_units_exponent_3': 8, 'W_layer_units_exponent_4': 5, 'D_layers': 3, 'D_layer_units_exponent_0': 6, 'D_layer_units_exponent_1': 5, 'D_layer_units_exponent_2': 5, 'D_dagger_layers': 4, 'D_dagger_layer_units_exponent_0': 6, 'D_dagger_layer_units_exponent_1': 7, 'D_dagger_layer_units_exponent_2': 5, 'D_dagger_layer_units_exponent_3': 10, 'log_learning_rate': -2.997704645082248, 'log_learning_rate_D': -1.0212022812577526, 'log_learning_rate_D_dagger': -1.8293864711053662, 'training_batch_size': 11, 'training_p': 7}. Best is trial 6 with value: 1.0.
Time for this trial:  254.8138837814331
Memory status after this trial: 
Memory allocated:  134.16845703125
Memory cached:  174.0
--------------------  Trial  39   --------------------
Start timing: 
Parameters: 
{'W_layers': 7, 'W_layer_units_exponent_0': 8, 'W_layer_units_exponent_1': 9, 'W_layer_units_exponent_2': 6, 'W_layer_units_exponent_3': 7, 'W_layer_units_exponent_4': 6, 'W_layer_units_exponent_5': 6, 'W_layer_units_exponent_6': 4, 'D_layers': 4, 'D_layer_units_exponent_0': 7, 'D_layer_units_exponent_1': 8, 'D_layer_units_exponent_2': 6, 'D_layer_units_exponent_3': 5, 'D_dagger_layers': 2, 'D_dagger_layer_units_exponent_0': 8, 'D_dagger_layer_units_exponent_1': 9, 'log_learning_rate': -1.936005238727245, 'log_learning_rate_D': -1.6975459862325954, 'log_learning_rate_D_dagger': -1.2833097517364298, 'training_batch_size': 11, 'training_p': 6}
	 epoch  0 training error:  tensor(1., device='cuda:0', grad_fn=<DivBackward0>)
Memory status after this epoch: 
Memory allocated:  5.9091796875
Memory cached:  126.0
	 epoch  10 training error:  tensor(1., device='cuda:0', grad_fn=<DivBackward0>)
Memory status after this epoch: 
Memory allocated:  5.9091796875
Memory cached:  188.0
	 epoch  20 training error:  tensor(1., device='cuda:0', grad_fn=<DivBackward0>)
Memory status after this epoch: 
Memory allocated:  5.9091796875
Memory cached:  186.0
	 epoch  30 training error:  tensor(1., device='cuda:0', grad_fn=<DivBackward0>)
Memory status after this epoch: 
Memory allocated:  5.9091796875
Memory cached:  194.0
	 epoch  40 training error:  tensor(1., device='cuda:0', grad_fn=<DivBackward0>)
Memory status after this epoch: 
Memory allocated:  5.9091796875
Memory cached:  184.0
	 epoch  50 training error:  tensor(1., device='cuda:0', grad_fn=<DivBackward0>)
Memory status after this epoch: 
Memory allocated:  5.9091796875
Memory cached:  186.0
	 epoch  60 training error:  tensor(1., device='cuda:0', grad_fn=<DivBackward0>)
Memory status after this epoch: 
Memory allocated:  5.9091796875
Memory cached:  190.0
	 epoch  70 training error:  tensor(1., device='cuda:0', grad_fn=<DivBackward0>)
Memory status after this epoch: 
Memory allocated:  5.9091796875
Memory cached:  194.0
	 epoch  80 training error:  tensor(1., device='cuda:0', grad_fn=<DivBackward0>)
Memory status after this epoch: 
Memory allocated:  5.9091796875
Memory cached:  192.0
	 epoch  90 training error:  tensor(1., device='cuda:0', grad_fn=<DivBackward0>)
Memory status after this epoch: 
Memory allocated:  5.9091796875
Memory cached:  190.0
[I 2023-11-29 00:40:56,893] Trial 39 finished with value: 1.0 and parameters: {'W_layers': 7, 'W_layer_units_exponent_0': 8, 'W_layer_units_exponent_1': 9, 'W_layer_units_exponent_2': 6, 'W_layer_units_exponent_3': 7, 'W_layer_units_exponent_4': 6, 'W_layer_units_exponent_5': 6, 'W_layer_units_exponent_6': 4, 'D_layers': 4, 'D_layer_units_exponent_0': 7, 'D_layer_units_exponent_1': 8, 'D_layer_units_exponent_2': 6, 'D_layer_units_exponent_3': 5, 'D_dagger_layers': 2, 'D_dagger_layer_units_exponent_0': 8, 'D_dagger_layer_units_exponent_1': 9, 'log_learning_rate': -1.936005238727245, 'log_learning_rate_D': -1.6975459862325954, 'log_learning_rate_D_dagger': -1.2833097517364298, 'training_batch_size': 11, 'training_p': 6}. Best is trial 6 with value: 1.0.
Time for this trial:  270.0483703613281
Memory status after this trial: 
Memory allocated:  131.2724609375
Memory cached:  162.0
--------------------  Trial  40   --------------------
Start timing: 
Parameters: 
{'W_layers': 4, 'W_layer_units_exponent_0': 6, 'W_layer_units_exponent_1': 6, 'W_layer_units_exponent_2': 8, 'W_layer_units_exponent_3': 10, 'D_layers': 2, 'D_layer_units_exponent_0': 9, 'D_layer_units_exponent_1': 6, 'D_dagger_layers': 5, 'D_dagger_layer_units_exponent_0': 6, 'D_dagger_layer_units_exponent_1': 8, 'D_dagger_layer_units_exponent_2': 4, 'D_dagger_layer_units_exponent_3': 8, 'D_dagger_layer_units_exponent_4': 7, 'log_learning_rate': -2.311580099743146, 'log_learning_rate_D': -1.5312060735143609, 'log_learning_rate_D_dagger': -1.753463778662189, 'training_batch_size': 11, 'training_p': 5}
	 epoch  0 training error:  tensor(10.9838, device='cuda:0', grad_fn=<DivBackward0>)
Memory status after this epoch: 
Memory allocated:  6.005859375
Memory cached:  144.0
	 epoch  10 training error:  tensor(2.3001, device='cuda:0', grad_fn=<DivBackward0>)
Memory status after this epoch: 
Memory allocated:  6.005859375
Memory cached:  216.0
	 epoch  20 training error:  tensor(1.0931, device='cuda:0', grad_fn=<DivBackward0>)
Memory status after this epoch: 
Memory allocated:  6.005859375
Memory cached:  226.0
	 epoch  30 training error:  tensor(1., device='cuda:0', grad_fn=<DivBackward0>)
Memory status after this epoch: 
Memory allocated:  6.005859375
Memory cached:  226.0
	 epoch  40 training error:  tensor(1., device='cuda:0', grad_fn=<DivBackward0>)
Memory status after this epoch: 
Memory allocated:  6.005859375
Memory cached:  232.0
	 epoch  50 training error:  tensor(1., device='cuda:0', grad_fn=<DivBackward0>)
Memory status after this epoch: 
Memory allocated:  6.005859375
Memory cached:  226.0
	 epoch  60 training error:  tensor(1., device='cuda:0', grad_fn=<DivBackward0>)
Memory status after this epoch: 
Memory allocated:  6.005859375
Memory cached:  228.0
	 epoch  70 training error:  tensor(1., device='cuda:0', grad_fn=<DivBackward0>)
Memory status after this epoch: 
Memory allocated:  6.005859375
Memory cached:  234.0
	 epoch  80 training error:  tensor(1., device='cuda:0', grad_fn=<DivBackward0>)
Memory status after this epoch: 
Memory allocated:  6.005859375
Memory cached:  230.0
	 epoch  90 training error:  tensor(1., device='cuda:0', grad_fn=<DivBackward0>)
Memory status after this epoch: 
Memory allocated:  6.005859375
Memory cached:  226.0
[I 2023-11-29 00:45:01,676] Trial 40 finished with value: 1.0 and parameters: {'W_layers': 4, 'W_layer_units_exponent_0': 6, 'W_layer_units_exponent_1': 6, 'W_layer_units_exponent_2': 8, 'W_layer_units_exponent_3': 10, 'D_layers': 2, 'D_layer_units_exponent_0': 9, 'D_layer_units_exponent_1': 6, 'D_dagger_layers': 5, 'D_dagger_layer_units_exponent_0': 6, 'D_dagger_layer_units_exponent_1': 8, 'D_dagger_layer_units_exponent_2': 4, 'D_dagger_layer_units_exponent_3': 8, 'D_dagger_layer_units_exponent_4': 7, 'log_learning_rate': -2.311580099743146, 'log_learning_rate_D': -1.5312060735143609, 'log_learning_rate_D_dagger': -1.753463778662189, 'training_batch_size': 11, 'training_p': 5}. Best is trial 6 with value: 1.0.
Time for this trial:  244.55394411087036
Memory status after this trial: 
Memory allocated:  150.26513671875
Memory cached:  184.0
--------------------  Trial  41   --------------------
Start timing: 
Parameters: 
{'W_layers': 6, 'W_layer_units_exponent_0': 7, 'W_layer_units_exponent_1': 8, 'W_layer_units_exponent_2': 9, 'W_layer_units_exponent_3': 9, 'W_layer_units_exponent_4': 4, 'W_layer_units_exponent_5': 5, 'D_layers': 3, 'D_layer_units_exponent_0': 8, 'D_layer_units_exponent_1': 4, 'D_layer_units_exponent_2': 8, 'D_dagger_layers': 7, 'D_dagger_layer_units_exponent_0': 5, 'D_dagger_layer_units_exponent_1': 10, 'D_dagger_layer_units_exponent_2': 7, 'D_dagger_layer_units_exponent_3': 9, 'D_dagger_layer_units_exponent_4': 8, 'D_dagger_layer_units_exponent_5': 6, 'D_dagger_layer_units_exponent_6': 6, 'log_learning_rate': -2.6106371962471795, 'log_learning_rate_D': -2.0161241385097712, 'log_learning_rate_D_dagger': -1.4286767151751507, 'training_batch_size': 10, 'training_p': 7}
	 epoch  0 training error:  tensor(24.5333, device='cuda:0', grad_fn=<DivBackward0>)
Memory status after this epoch: 
Memory allocated:  12.95751953125
Memory cached:  142.0
	 epoch  10 training error:  tensor(1., device='cuda:0', grad_fn=<DivBackward0>)
Memory status after this epoch: 
Memory allocated:  12.95751953125
Memory cached:  278.0
	 epoch  20 training error:  tensor(1., device='cuda:0', grad_fn=<DivBackward0>)
Memory status after this epoch: 
Memory allocated:  12.95751953125
Memory cached:  274.0
	 epoch  30 training error:  tensor(1., device='cuda:0', grad_fn=<DivBackward0>)
Memory status after this epoch: 
Memory allocated:  12.95751953125
Memory cached:  292.0
	 epoch  40 training error:  tensor(1., device='cuda:0', grad_fn=<DivBackward0>)
Memory status after this epoch: 
Memory allocated:  12.95751953125
Memory cached:  292.0
	 epoch  50 training error:  tensor(1., device='cuda:0', grad_fn=<DivBackward0>)
Memory status after this epoch: 
Memory allocated:  12.95751953125
Memory cached:  294.0
	 epoch  60 training error:  tensor(1., device='cuda:0', grad_fn=<DivBackward0>)
Memory status after this epoch: 
Memory allocated:  12.95751953125
Memory cached:  280.0
	 epoch  70 training error:  tensor(1., device='cuda:0', grad_fn=<DivBackward0>)
Memory status after this epoch: 
Memory allocated:  12.95751953125
Memory cached:  290.0
	 epoch  80 training error:  tensor(1., device='cuda:0', grad_fn=<DivBackward0>)
Memory status after this epoch: 
Memory allocated:  12.95751953125
Memory cached:  278.0
	 epoch  90 training error:  tensor(1., device='cuda:0', grad_fn=<DivBackward0>)
Memory status after this epoch: 
Memory allocated:  12.95751953125
Memory cached:  298.0
