[I 2023-11-29 07:49:04,910] Trial 26 finished with value: 1.6057814359664917 and parameters: {'W_layers': 5, 'W_layer_units_exponent_0': 6, 'W_layer_units_exponent_1': 8, 'W_layer_units_exponent_2': 8, 'W_layer_units_exponent_3': 9, 'W_layer_units_exponent_4': 9, 'D_layers': 4, 'D_layer_units_exponent_0': 7, 'D_layer_units_exponent_1': 4, 'D_layer_units_exponent_2': 7, 'D_layer_units_exponent_3': 6, 'D_dagger_layers': 3, 'D_dagger_layer_units_exponent_0': 10, 'D_dagger_layer_units_exponent_1': 6, 'D_dagger_layer_units_exponent_2': 8, 'log_learning_rate': -2.3909164555968614, 'log_learning_rate_D': -2.5655731737550838, 'log_learning_rate_D_dagger': -1.0146335474608388, 'training_batch_size': 9, 'training_p': 6}. Best is trial 0 with value: 1.0.
Time for this trial:  261.5278789997101
Memory status after this trial: 
Memory allocated:  183.09765625
Memory cached:  200.0
--------------------  Trial  27   --------------------
Start timing: 
Parameters: 
{'W_layers': 3, 'W_layer_units_exponent_0': 8, 'W_layer_units_exponent_1': 6, 'W_layer_units_exponent_2': 4, 'D_layers': 6, 'D_layer_units_exponent_0': 6, 'D_layer_units_exponent_1': 5, 'D_layer_units_exponent_2': 9, 'D_layer_units_exponent_3': 4, 'D_layer_units_exponent_4': 6, 'D_layer_units_exponent_5': 9, 'D_dagger_layers': 2, 'D_dagger_layer_units_exponent_0': 8, 'D_dagger_layer_units_exponent_1': 9, 'log_learning_rate': -1.672129184574993, 'log_learning_rate_D': -2.169597052145148, 'log_learning_rate_D_dagger': -1.4300074955758375, 'training_batch_size': 6, 'training_p': 5}
	 epoch  0 training error:  tensor(2.9138, device='cuda:0', grad_fn=<DivBackward0>)
Memory status after this epoch: 
Memory allocated:  3.5322265625
Memory cached:  138.0
	 epoch  10 training error:  tensor(22.4034, device='cuda:0', grad_fn=<DivBackward0>)
Memory status after this epoch: 
Memory allocated:  3.5322265625
Memory cached:  188.0
	 epoch  20 training error:  tensor(55.6849, device='cuda:0', grad_fn=<DivBackward0>)
Memory status after this epoch: 
Memory allocated:  3.5322265625
Memory cached:  202.0
	 epoch  30 training error:  tensor(78.9707, device='cuda:0', grad_fn=<DivBackward0>)
Memory status after this epoch: 
Memory allocated:  3.5322265625
Memory cached:  186.0
	 epoch  40 training error:  tensor(42.3290, device='cuda:0', grad_fn=<DivBackward0>)
Memory status after this epoch: 
Memory allocated:  3.5322265625
Memory cached:  192.0
	 epoch  50 training error:  tensor(26.8913, device='cuda:0', grad_fn=<DivBackward0>)
Memory status after this epoch: 
Memory allocated:  3.5322265625
Memory cached:  194.0
	 epoch  60 training error:  tensor(21.5695, device='cuda:0', grad_fn=<DivBackward0>)
Memory status after this epoch: 
Memory allocated:  3.5322265625
Memory cached:  190.0
	 epoch  70 training error:  tensor(16.7673, device='cuda:0', grad_fn=<DivBackward0>)
Memory status after this epoch: 
Memory allocated:  3.5322265625
Memory cached:  188.0
	 epoch  80 training error:  tensor(1., device='cuda:0', grad_fn=<DivBackward0>)
Memory status after this epoch: 
Memory allocated:  3.5322265625
Memory cached:  202.0
	 epoch  90 training error:  tensor(1., device='cuda:0', grad_fn=<DivBackward0>)
Memory status after this epoch: 
Memory allocated:  3.5322265625
Memory cached:  190.0
[I 2023-11-29 07:56:44,073] Trial 27 finished with value: 1.0 and parameters: {'W_layers': 3, 'W_layer_units_exponent_0': 8, 'W_layer_units_exponent_1': 6, 'W_layer_units_exponent_2': 4, 'D_layers': 6, 'D_layer_units_exponent_0': 6, 'D_layer_units_exponent_1': 5, 'D_layer_units_exponent_2': 9, 'D_layer_units_exponent_3': 4, 'D_layer_units_exponent_4': 6, 'D_layer_units_exponent_5': 9, 'D_dagger_layers': 2, 'D_dagger_layer_units_exponent_0': 8, 'D_dagger_layer_units_exponent_1': 9, 'log_learning_rate': -1.672129184574993, 'log_learning_rate_D': -2.169597052145148, 'log_learning_rate_D_dagger': -1.4300074955758375, 'training_batch_size': 6, 'training_p': 5}. Best is trial 0 with value: 1.0.
Time for this trial:  458.8809654712677
Memory status after this trial: 
Memory allocated:  127.33642578125
Memory cached:  148.0
--------------------  Trial  28   --------------------
Start timing: 
Parameters: 
{'W_layers': 4, 'W_layer_units_exponent_0': 7, 'W_layer_units_exponent_1': 7, 'W_layer_units_exponent_2': 6, 'W_layer_units_exponent_3': 10, 'D_layers': 5, 'D_layer_units_exponent_0': 5, 'D_layer_units_exponent_1': 5, 'D_layer_units_exponent_2': 8, 'D_layer_units_exponent_3': 10, 'D_layer_units_exponent_4': 4, 'D_dagger_layers': 4, 'D_dagger_layer_units_exponent_0': 7, 'D_dagger_layer_units_exponent_1': 7, 'D_dagger_layer_units_exponent_2': 5, 'D_dagger_layer_units_exponent_3': 9, 'log_learning_rate': -2.3546239144158077, 'log_learning_rate_D': -3.199440500287473, 'log_learning_rate_D_dagger': -1.8424800181606797, 'training_batch_size': 7, 'training_p': 3}
	 epoch  0 training error:  tensor(5.6434, device='cuda:0', grad_fn=<DivBackward0>)
Memory status after this epoch: 
Memory allocated:  6.705078125
Memory cached:  138.0
	 epoch  10 training error:  tensor(10.3687, device='cuda:0', grad_fn=<DivBackward0>)
Memory status after this epoch: 
Memory allocated:  6.705078125
Memory cached:  272.0
	 epoch  20 training error:  tensor(11.1149, device='cuda:0', grad_fn=<DivBackward0>)
Memory status after this epoch: 
Memory allocated:  6.705078125
Memory cached:  284.0
	 epoch  30 training error:  tensor(12.6166, device='cuda:0', grad_fn=<DivBackward0>)
Memory status after this epoch: 
Memory allocated:  6.705078125
Memory cached:  274.0
	 epoch  40 training error:  tensor(13.3007, device='cuda:0', grad_fn=<DivBackward0>)
Memory status after this epoch: 
Memory allocated:  6.705078125
Memory cached:  288.0
	 epoch  50 training error:  tensor(13.2814, device='cuda:0', grad_fn=<DivBackward0>)
Memory status after this epoch: 
Memory allocated:  6.705078125
Memory cached:  274.0
	 epoch  60 training error:  tensor(13.1657, device='cuda:0', grad_fn=<DivBackward0>)
Memory status after this epoch: 
Memory allocated:  6.705078125
Memory cached:  282.0
	 epoch  70 training error:  tensor(12.7890, device='cuda:0', grad_fn=<DivBackward0>)
Memory status after this epoch: 
Memory allocated:  6.705078125
Memory cached:  270.0
	 epoch  80 training error:  tensor(12.6204, device='cuda:0', grad_fn=<DivBackward0>)
Memory status after this epoch: 
Memory allocated:  6.705078125
Memory cached:  286.0
	 epoch  90 training error:  tensor(12.8541, device='cuda:0', grad_fn=<DivBackward0>)
Memory status after this epoch: 
Memory allocated:  6.705078125
Memory cached:  280.0
[I 2023-11-29 08:01:20,990] Trial 28 finished with value: 18.274539947509766 and parameters: {'W_layers': 4, 'W_layer_units_exponent_0': 7, 'W_layer_units_exponent_1': 7, 'W_layer_units_exponent_2': 6, 'W_layer_units_exponent_3': 10, 'D_layers': 5, 'D_layer_units_exponent_0': 5, 'D_layer_units_exponent_1': 5, 'D_layer_units_exponent_2': 8, 'D_layer_units_exponent_3': 10, 'D_layer_units_exponent_4': 4, 'D_dagger_layers': 4, 'D_dagger_layer_units_exponent_0': 7, 'D_dagger_layer_units_exponent_1': 7, 'D_dagger_layer_units_exponent_2': 5, 'D_dagger_layer_units_exponent_3': 9, 'log_learning_rate': -2.3546239144158077, 'log_learning_rate_D': -3.199440500287473, 'log_learning_rate_D_dagger': -1.8424800181606797, 'training_batch_size': 7, 'training_p': 3}. Best is trial 0 with value: 1.0.
Time for this trial:  276.6517074108124
Memory status after this trial: 
Memory allocated:  193.5986328125
Memory cached:  198.0
--------------------  Trial  29   --------------------
Start timing: 
Parameters: 
{'W_layers': 8, 'W_layer_units_exponent_0': 5, 'W_layer_units_exponent_1': 9, 'W_layer_units_exponent_2': 9, 'W_layer_units_exponent_3': 8, 'W_layer_units_exponent_4': 6, 'W_layer_units_exponent_5': 7, 'W_layer_units_exponent_6': 9, 'W_layer_units_exponent_7': 9, 'D_layers': 5, 'D_layer_units_exponent_0': 7, 'D_layer_units_exponent_1': 4, 'D_layer_units_exponent_2': 6, 'D_layer_units_exponent_3': 5, 'D_layer_units_exponent_4': 5, 'D_dagger_layers': 3, 'D_dagger_layer_units_exponent_0': 9, 'D_dagger_layer_units_exponent_1': 5, 'D_dagger_layer_units_exponent_2': 4, 'log_learning_rate': -3.385216691247738, 'log_learning_rate_D': -2.7260310455014554, 'log_learning_rate_D_dagger': -2.347661938794649, 'training_batch_size': 11, 'training_p': 2}
	 epoch  0 training error:  tensor(2.2523, device='cuda:0', grad_fn=<DivBackward0>)
Memory status after this epoch: 
Memory allocated:  12.38330078125
Memory cached:  146.0
	 epoch  10 training error:  tensor(1.0520, device='cuda:0', grad_fn=<DivBackward0>)
Memory status after this epoch: 
Memory allocated:  12.38330078125
Memory cached:  292.0
	 epoch  20 training error:  tensor(1.0204, device='cuda:0', grad_fn=<DivBackward0>)
Memory status after this epoch: 
Memory allocated:  12.38330078125
Memory cached:  306.0
	 epoch  30 training error:  tensor(1.0130, device='cuda:0', grad_fn=<DivBackward0>)
Memory status after this epoch: 
Memory allocated:  12.38330078125
Memory cached:  290.0
	 epoch  40 training error:  tensor(1.0345, device='cuda:0', grad_fn=<DivBackward0>)
Memory status after this epoch: 
Memory allocated:  12.38330078125
Memory cached:  292.0
	 epoch  50 training error:  tensor(1.0159, device='cuda:0', grad_fn=<DivBackward0>)
Memory status after this epoch: 
Memory allocated:  12.38330078125
Memory cached:  260.0
	 epoch  60 training error:  tensor(1.0108, device='cuda:0', grad_fn=<DivBackward0>)
Memory status after this epoch: 
Memory allocated:  12.38330078125
Memory cached:  284.0
	 epoch  70 training error:  tensor(1.0041, device='cuda:0', grad_fn=<DivBackward0>)
Memory status after this epoch: 
Memory allocated:  12.38330078125
Memory cached:  290.0
	 epoch  80 training error:  tensor(1.0014, device='cuda:0', grad_fn=<DivBackward0>)
Memory status after this epoch: 
Memory allocated:  12.38330078125
Memory cached:  274.0
	 epoch  90 training error:  tensor(1.0023, device='cuda:0', grad_fn=<DivBackward0>)
Memory status after this epoch: 
Memory allocated:  12.38330078125
Memory cached:  278.0
[I 2023-11-29 08:06:39,784] Trial 29 finished with value: 1.0036617517471313 and parameters: {'W_layers': 8, 'W_layer_units_exponent_0': 5, 'W_layer_units_exponent_1': 9, 'W_layer_units_exponent_2': 9, 'W_layer_units_exponent_3': 8, 'W_layer_units_exponent_4': 6, 'W_layer_units_exponent_5': 7, 'W_layer_units_exponent_6': 9, 'W_layer_units_exponent_7': 9, 'D_layers': 5, 'D_layer_units_exponent_0': 7, 'D_layer_units_exponent_1': 4, 'D_layer_units_exponent_2': 6, 'D_layer_units_exponent_3': 5, 'D_layer_units_exponent_4': 5, 'D_dagger_layers': 3, 'D_dagger_layer_units_exponent_0': 9, 'D_dagger_layer_units_exponent_1': 5, 'D_dagger_layer_units_exponent_2': 4, 'log_learning_rate': -3.385216691247738, 'log_learning_rate_D': -2.7260310455014554, 'log_learning_rate_D_dagger': -2.347661938794649, 'training_batch_size': 11, 'training_p': 2}. Best is trial 0 with value: 1.0.
Time for this trial:  318.5239996910095
Memory status after this trial: 
Memory allocated:  189.6044921875
Memory cached:  212.0
--------------------  Trial  30   --------------------
Start timing: 
Parameters: 
{'W_layers': 8, 'W_layer_units_exponent_0': 7, 'W_layer_units_exponent_1': 8, 'W_layer_units_exponent_2': 7, 'W_layer_units_exponent_3': 9, 'W_layer_units_exponent_4': 9, 'W_layer_units_exponent_5': 10, 'W_layer_units_exponent_6': 5, 'W_layer_units_exponent_7': 7, 'D_layers': 7, 'D_layer_units_exponent_0': 9, 'D_layer_units_exponent_1': 6, 'D_layer_units_exponent_2': 8, 'D_layer_units_exponent_3': 8, 'D_layer_units_exponent_4': 7, 'D_layer_units_exponent_5': 5, 'D_layer_units_exponent_6': 7, 'D_dagger_layers': 2, 'D_dagger_layer_units_exponent_0': 8, 'D_dagger_layer_units_exponent_1': 6, 'log_learning_rate': -1.0411940893714764, 'log_learning_rate_D': -2.2078218041995297, 'log_learning_rate_D_dagger': -2.7185446039589225, 'training_batch_size': 9, 'training_p': 2}
	 epoch  0 training error:  tensor(1.5094, device='cuda:0', grad_fn=<DivBackward0>)
Memory status after this epoch: 
Memory allocated:  17.626953125
Memory cached:  166.0
	 epoch  10 training error:  tensor(1., device='cuda:0', grad_fn=<DivBackward0>)
Memory status after this epoch: 
Memory allocated:  17.626953125
Memory cached:  304.0
[W 2023-11-29 08:07:39,807] Trial 30 failed with parameters: {'W_layers': 8, 'W_layer_units_exponent_0': 7, 'W_layer_units_exponent_1': 8, 'W_layer_units_exponent_2': 7, 'W_layer_units_exponent_3': 9, 'W_layer_units_exponent_4': 9, 'W_layer_units_exponent_5': 10, 'W_layer_units_exponent_6': 5, 'W_layer_units_exponent_7': 7, 'D_layers': 7, 'D_layer_units_exponent_0': 9, 'D_layer_units_exponent_1': 6, 'D_layer_units_exponent_2': 8, 'D_layer_units_exponent_3': 8, 'D_layer_units_exponent_4': 7, 'D_layer_units_exponent_5': 5, 'D_layer_units_exponent_6': 7, 'D_dagger_layers': 2, 'D_dagger_layer_units_exponent_0': 8, 'D_dagger_layer_units_exponent_1': 6, 'log_learning_rate': -1.0411940893714764, 'log_learning_rate_D': -2.2078218041995297, 'log_learning_rate_D_dagger': -2.7185446039589225, 'training_batch_size': 9, 'training_p': 2} because of the following error: The value nan is not acceptable.
[W 2023-11-29 08:07:39,808] Trial 30 failed with value tensor(nan, device='cuda:0', grad_fn=<DivBackward0>).
Time for this trial:  59.76005458831787
Memory status after this trial: 
Memory allocated:  248.1767578125
Memory cached:  270.0
--------------------  Trial  31   --------------------
Start timing: 
Parameters: 
{'W_layers': 8, 'W_layer_units_exponent_0': 7, 'W_layer_units_exponent_1': 8, 'W_layer_units_exponent_2': 7, 'W_layer_units_exponent_3': 9, 'W_layer_units_exponent_4': 9, 'W_layer_units_exponent_5': 10, 'W_layer_units_exponent_6': 5, 'W_layer_units_exponent_7': 7, 'D_layers': 7, 'D_layer_units_exponent_0': 9, 'D_layer_units_exponent_1': 6, 'D_layer_units_exponent_2': 8, 'D_layer_units_exponent_3': 4, 'D_layer_units_exponent_4': 7, 'D_layer_units_exponent_5': 6, 'D_layer_units_exponent_6': 7, 'D_dagger_layers': 2, 'D_dagger_layer_units_exponent_0': 8, 'D_dagger_layer_units_exponent_1': 6, 'log_learning_rate': -1.036052126359015, 'log_learning_rate_D': -1.9542219155394616, 'log_learning_rate_D_dagger': -2.574563219523147, 'training_batch_size': 9, 'training_p': 2}
	 epoch  0 training error:  tensor(1.5890, device='cuda:0', grad_fn=<DivBackward0>)
Memory status after this epoch: 
Memory allocated:  16.3388671875
Memory cached:  174.0
	 epoch  10 training error:  tensor(1.1223, device='cuda:0', grad_fn=<DivBackward0>)
Memory status after this epoch: 
Memory allocated:  16.3388671875
Memory cached:  308.0
	 epoch  20 training error:  tensor(1.3277, device='cuda:0', grad_fn=<DivBackward0>)
Memory status after this epoch: 
Memory allocated:  16.3388671875
Memory cached:  298.0
	 epoch  30 training error:  tensor(1.2452, device='cuda:0', grad_fn=<DivBackward0>)
Memory status after this epoch: 
Memory allocated:  16.3388671875
Memory cached:  310.0
	 epoch  40 training error:  tensor(1.2131, device='cuda:0', grad_fn=<DivBackward0>)
Memory status after this epoch: 
Memory allocated:  16.3388671875
Memory cached:  298.0
	 epoch  50 training error:  tensor(1.2687, device='cuda:0', grad_fn=<DivBackward0>)
Memory status after this epoch: 
Memory allocated:  16.3388671875
Memory cached:  296.0
	 epoch  60 training error:  tensor(1.1845, device='cuda:0', grad_fn=<DivBackward0>)
Memory status after this epoch: 
Memory allocated:  16.3388671875
Memory cached:  298.0
	 epoch  70 training error:  tensor(1.1799, device='cuda:0', grad_fn=<DivBackward0>)
Memory status after this epoch: 
Memory allocated:  16.3388671875
Memory cached:  304.0
	 epoch  80 training error:  tensor(1.1839, device='cuda:0', grad_fn=<DivBackward0>)
Memory status after this epoch: 
Memory allocated:  16.3388671875
Memory cached:  290.0
	 epoch  90 training error:  tensor(1.1827, device='cuda:0', grad_fn=<DivBackward0>)
Memory status after this epoch: 
Memory allocated:  16.3388671875
Memory cached:  304.0
[I 2023-11-29 08:13:19,750] Trial 31 finished with value: 1.2090084552764893 and parameters: {'W_layers': 8, 'W_layer_units_exponent_0': 7, 'W_layer_units_exponent_1': 8, 'W_layer_units_exponent_2': 7, 'W_layer_units_exponent_3': 9, 'W_layer_units_exponent_4': 9, 'W_layer_units_exponent_5': 10, 'W_layer_units_exponent_6': 5, 'W_layer_units_exponent_7': 7, 'D_layers': 7, 'D_layer_units_exponent_0': 9, 'D_layer_units_exponent_1': 6, 'D_layer_units_exponent_2': 8, 'D_layer_units_exponent_3': 4, 'D_layer_units_exponent_4': 7, 'D_layer_units_exponent_5': 6, 'D_layer_units_exponent_6': 7, 'D_dagger_layers': 2, 'D_dagger_layer_units_exponent_0': 8, 'D_dagger_layer_units_exponent_1': 6, 'log_learning_rate': -1.036052126359015, 'log_learning_rate_D': -1.9542219155394616, 'log_learning_rate_D_dagger': -2.574563219523147, 'training_batch_size': 9, 'training_p': 2}. Best is trial 0 with value: 1.0.
Time for this trial:  339.65291142463684
Memory status after this trial: 
Memory allocated:  236.607421875
Memory cached:  258.0
--------------------  Trial  32   --------------------
Start timing: 
Parameters: 
{'W_layers': 2, 'W_layer_units_exponent_0': 9, 'W_layer_units_exponent_1': 6, 'D_layers': 3, 'D_layer_units_exponent_0': 4, 'D_layer_units_exponent_1': 4, 'D_layer_units_exponent_2': 5, 'D_dagger_layers': 6, 'D_dagger_layer_units_exponent_0': 7, 'D_dagger_layer_units_exponent_1': 8, 'D_dagger_layer_units_exponent_2': 8, 'D_dagger_layer_units_exponent_3': 5, 'D_dagger_layer_units_exponent_4': 10, 'D_dagger_layer_units_exponent_5': 4, 'log_learning_rate': -3.0496066569774603, 'log_learning_rate_D': -2.961889033696976, 'log_learning_rate_D_dagger': -1.8168457900508996, 'training_batch_size': 6, 'training_p': 4}
	 epoch  0 training error:  tensor(9.0093, device='cuda:0', grad_fn=<DivBackward0>)
Memory status after this epoch: 
Memory allocated:  3.21875
Memory cached:  122.0
	 epoch  10 training error:  tensor(2.5240, device='cuda:0', grad_fn=<DivBackward0>)
Memory status after this epoch: 
Memory allocated:  3.21875
Memory cached:  198.0
	 epoch  20 training error:  tensor(2.7760, device='cuda:0', grad_fn=<DivBackward0>)
Memory status after this epoch: 
Memory allocated:  3.21875
Memory cached:  196.0
	 epoch  30 training error:  tensor(3.1140, device='cuda:0', grad_fn=<DivBackward0>)
Memory status after this epoch: 
Memory allocated:  3.21875
Memory cached:  188.0
	 epoch  40 training error:  tensor(3.1752, device='cuda:0', grad_fn=<DivBackward0>)
Memory status after this epoch: 
Memory allocated:  3.21875
Memory cached:  192.0
	 epoch  50 training error:  tensor(2.7838, device='cuda:0', grad_fn=<DivBackward0>)
Memory status after this epoch: 
Memory allocated:  3.21875
Memory cached:  186.0
	 epoch  60 training error:  tensor(2.8071, device='cuda:0', grad_fn=<DivBackward0>)
Memory status after this epoch: 
Memory allocated:  3.21875
Memory cached:  194.0
	 epoch  70 training error:  tensor(3.0257, device='cuda:0', grad_fn=<DivBackward0>)
Memory status after this epoch: 
Memory allocated:  3.21875
Memory cached:  190.0
	 epoch  80 training error:  tensor(3.1305, device='cuda:0', grad_fn=<DivBackward0>)
Memory status after this epoch: 
Memory allocated:  3.21875
Memory cached:  182.0
	 epoch  90 training error:  tensor(3.2157, device='cuda:0', grad_fn=<DivBackward0>)
Memory status after this epoch: 
Memory allocated:  3.21875
Memory cached:  186.0
