[I 2023-11-21 01:45:12,428] Trial 19 finished with value: 1.0 and parameters: {'W_layers': 6, 'W_layer_units_exponent_0': 5, 'W_layer_units_exponent_1': 8, 'W_layer_units_exponent_2': 7, 'W_layer_units_exponent_3': 6, 'W_layer_units_exponent_4': 6, 'W_layer_units_exponent_5': 10, 'D_layers': 3, 'D_layer_units_exponent_0': 10, 'D_layer_units_exponent_1': 6, 'D_layer_units_exponent_2': 4, 'D_dagger_layers': 7, 'D_dagger_layer_units_exponent_0': 5, 'D_dagger_layer_units_exponent_1': 6, 'D_dagger_layer_units_exponent_2': 7, 'D_dagger_layer_units_exponent_3': 8, 'D_dagger_layer_units_exponent_4': 9, 'D_dagger_layer_units_exponent_5': 5, 'D_dagger_layer_units_exponent_6': 8, 'log_learning_rate': -3.5904183491852826, 'log_learning_rate_D': -4.62546857346505, 'log_learning_rate_D_dagger': -2.4228221475775307, 'training_batch_size': 8, 'training_p': 2}. Best is trial 10 with value: 0.11474492400884628.
Time for this trial:  195.0831069946289
Memory status after this trial: 
Memory allocated:  154.30078125
Memory cached:  166.0
--------------------  Trial  20   --------------------
Start timing: 
Parameters: 
{'W_layers': 3, 'W_layer_units_exponent_0': 4, 'W_layer_units_exponent_1': 7, 'W_layer_units_exponent_2': 9, 'D_layers': 2, 'D_layer_units_exponent_0': 6, 'D_layer_units_exponent_1': 9, 'D_dagger_layers': 8, 'D_dagger_layer_units_exponent_0': 7, 'D_dagger_layer_units_exponent_1': 8, 'D_dagger_layer_units_exponent_2': 8, 'D_dagger_layer_units_exponent_3': 4, 'D_dagger_layer_units_exponent_4': 6, 'D_dagger_layer_units_exponent_5': 10, 'D_dagger_layer_units_exponent_6': 6, 'D_dagger_layer_units_exponent_7': 7, 'log_learning_rate': -2.949023697118003, 'log_learning_rate_D': -4.985640210210241, 'log_learning_rate_D_dagger': -3.556607213788367, 'training_batch_size': 9, 'training_p': 5}
	 epoch  0 training error:  tensor(1., device='cuda:0', grad_fn=<DivBackward0>)
Memory status after this epoch: 
Memory allocated:  5.45556640625
Memory cached:  114.0
	 epoch  10 training error:  tensor(1., device='cuda:0', grad_fn=<DivBackward0>)
Memory status after this epoch: 
Memory allocated:  5.45556640625
Memory cached:  200.0
	 epoch  20 training error:  tensor(1., device='cuda:0', grad_fn=<DivBackward0>)
Memory status after this epoch: 
Memory allocated:  5.45556640625
Memory cached:  202.0
	 epoch  30 training error:  tensor(1., device='cuda:0', grad_fn=<DivBackward0>)
Memory status after this epoch: 
Memory allocated:  5.45556640625
Memory cached:  190.0
	 epoch  40 training error:  tensor(1., device='cuda:0', grad_fn=<DivBackward0>)
Memory status after this epoch: 
Memory allocated:  5.45556640625
Memory cached:  190.0
	 epoch  50 training error:  tensor(1., device='cuda:0', grad_fn=<DivBackward0>)
Memory status after this epoch: 
Memory allocated:  5.45556640625
Memory cached:  196.0
	 epoch  60 training error:  tensor(1., device='cuda:0', grad_fn=<DivBackward0>)
Memory status after this epoch: 
Memory allocated:  5.45556640625
Memory cached:  196.0
	 epoch  70 training error:  tensor(1., device='cuda:0', grad_fn=<DivBackward0>)
Memory status after this epoch: 
Memory allocated:  5.45556640625
Memory cached:  196.0
	 epoch  80 training error:  tensor(1., device='cuda:0', grad_fn=<DivBackward0>)
Memory status after this epoch: 
Memory allocated:  5.45556640625
Memory cached:  190.0
	 epoch  90 training error:  tensor(1., device='cuda:0', grad_fn=<DivBackward0>)
Memory status after this epoch: 
Memory allocated:  5.45556640625
Memory cached:  204.0
[I 2023-11-21 01:48:01,912] Trial 20 finished with value: 1.0 and parameters: {'W_layers': 3, 'W_layer_units_exponent_0': 4, 'W_layer_units_exponent_1': 7, 'W_layer_units_exponent_2': 9, 'D_layers': 2, 'D_layer_units_exponent_0': 6, 'D_layer_units_exponent_1': 9, 'D_dagger_layers': 8, 'D_dagger_layer_units_exponent_0': 7, 'D_dagger_layer_units_exponent_1': 8, 'D_dagger_layer_units_exponent_2': 8, 'D_dagger_layer_units_exponent_3': 4, 'D_dagger_layer_units_exponent_4': 6, 'D_dagger_layer_units_exponent_5': 10, 'D_dagger_layer_units_exponent_6': 6, 'D_dagger_layer_units_exponent_7': 7, 'log_learning_rate': -2.949023697118003, 'log_learning_rate_D': -4.985640210210241, 'log_learning_rate_D_dagger': -3.556607213788367, 'training_batch_size': 9, 'training_p': 5}. Best is trial 10 with value: 0.11474492400884628.
Time for this trial:  169.2545871734619
Memory status after this trial: 
Memory allocated:  124.34326171875
Memory cached:  144.0
--------------------  Trial  21   --------------------
Start timing: 
Parameters: 
{'W_layers': 8, 'W_layer_units_exponent_0': 10, 'W_layer_units_exponent_1': 10, 'W_layer_units_exponent_2': 6, 'W_layer_units_exponent_3': 6, 'W_layer_units_exponent_4': 7, 'W_layer_units_exponent_5': 8, 'W_layer_units_exponent_6': 9, 'W_layer_units_exponent_7': 10, 'D_layers': 6, 'D_layer_units_exponent_0': 5, 'D_layer_units_exponent_1': 8, 'D_layer_units_exponent_2': 6, 'D_layer_units_exponent_3': 6, 'D_layer_units_exponent_4': 6, 'D_layer_units_exponent_5': 10, 'D_dagger_layers': 4, 'D_dagger_layer_units_exponent_0': 6, 'D_dagger_layer_units_exponent_1': 10, 'D_dagger_layer_units_exponent_2': 10, 'D_dagger_layer_units_exponent_3': 8, 'log_learning_rate': -1.5216922833562039, 'log_learning_rate_D': -1.0243680197159617, 'log_learning_rate_D_dagger': -3.045594166153448, 'training_batch_size': 11, 'training_p': 4}
	 epoch  0 training error:  tensor(1.0045, device='cuda:0', grad_fn=<DivBackward0>)
Memory status after this epoch: 
Memory allocated:  50.50244140625
Memory cached:  138.0
	 epoch  10 training error:  tensor(6.2610, device='cuda:0', grad_fn=<DivBackward0>)
Memory status after this epoch: 
Memory allocated:  50.50244140625
Memory cached:  228.0
	 epoch  20 training error:  tensor(1., device='cuda:0', grad_fn=<DivBackward0>)
Memory status after this epoch: 
Memory allocated:  50.50244140625
Memory cached:  230.0
	 epoch  30 training error:  tensor(1., device='cuda:0', grad_fn=<DivBackward0>)
Memory status after this epoch: 
Memory allocated:  50.50244140625
Memory cached:  228.0
	 epoch  40 training error:  tensor(1., device='cuda:0', grad_fn=<DivBackward0>)
Memory status after this epoch: 
Memory allocated:  50.50244140625
Memory cached:  228.0
	 epoch  50 training error:  tensor(1., device='cuda:0', grad_fn=<DivBackward0>)
Memory status after this epoch: 
Memory allocated:  50.50244140625
Memory cached:  226.0
	 epoch  60 training error:  tensor(1., device='cuda:0', grad_fn=<DivBackward0>)
Memory status after this epoch: 
Memory allocated:  50.50244140625
Memory cached:  228.0
	 epoch  70 training error:  tensor(1., device='cuda:0', grad_fn=<DivBackward0>)
Memory status after this epoch: 
Memory allocated:  50.50244140625
Memory cached:  218.0
	 epoch  80 training error:  tensor(1., device='cuda:0', grad_fn=<DivBackward0>)
Memory status after this epoch: 
Memory allocated:  50.50244140625
Memory cached:  218.0
	 epoch  90 training error:  tensor(1., device='cuda:0', grad_fn=<DivBackward0>)
Memory status after this epoch: 
Memory allocated:  50.50244140625
Memory cached:  230.0
[I 2023-11-21 01:51:54,707] Trial 21 finished with value: 1.0 and parameters: {'W_layers': 8, 'W_layer_units_exponent_0': 10, 'W_layer_units_exponent_1': 10, 'W_layer_units_exponent_2': 6, 'W_layer_units_exponent_3': 6, 'W_layer_units_exponent_4': 7, 'W_layer_units_exponent_5': 8, 'W_layer_units_exponent_6': 9, 'W_layer_units_exponent_7': 10, 'D_layers': 6, 'D_layer_units_exponent_0': 5, 'D_layer_units_exponent_1': 8, 'D_layer_units_exponent_2': 6, 'D_layer_units_exponent_3': 6, 'D_layer_units_exponent_4': 6, 'D_layer_units_exponent_5': 10, 'D_dagger_layers': 4, 'D_dagger_layer_units_exponent_0': 6, 'D_dagger_layer_units_exponent_1': 10, 'D_dagger_layer_units_exponent_2': 10, 'D_dagger_layer_units_exponent_3': 8, 'log_learning_rate': -1.5216922833562039, 'log_learning_rate_D': -1.0243680197159617, 'log_learning_rate_D_dagger': -3.045594166153448, 'training_batch_size': 11, 'training_p': 4}. Best is trial 10 with value: 0.11474492400884628.
Time for this trial:  232.53348970413208
Memory status after this trial: 
Memory allocated:  329.3740234375
Memory cached:  356.0
--------------------  Trial  22   --------------------
Start timing: 
Parameters: 
{'W_layers': 8, 'W_layer_units_exponent_0': 8, 'W_layer_units_exponent_1': 10, 'W_layer_units_exponent_2': 6, 'W_layer_units_exponent_3': 8, 'W_layer_units_exponent_4': 10, 'W_layer_units_exponent_5': 9, 'W_layer_units_exponent_6': 6, 'W_layer_units_exponent_7': 10, 'D_layers': 8, 'D_layer_units_exponent_0': 5, 'D_layer_units_exponent_1': 8, 'D_layer_units_exponent_2': 8, 'D_layer_units_exponent_3': 8, 'D_layer_units_exponent_4': 6, 'D_layer_units_exponent_5': 7, 'D_layer_units_exponent_6': 7, 'D_layer_units_exponent_7': 10, 'D_dagger_layers': 6, 'D_dagger_layer_units_exponent_0': 6, 'D_dagger_layer_units_exponent_1': 8, 'D_dagger_layer_units_exponent_2': 10, 'D_dagger_layer_units_exponent_3': 9, 'D_dagger_layer_units_exponent_4': 7, 'D_dagger_layer_units_exponent_5': 7, 'log_learning_rate': -1.4892725607843846, 'log_learning_rate_D': -2.4481434078977595, 'log_learning_rate_D_dagger': -2.7012516614709132, 'training_batch_size': 11, 'training_p': 4}
	 epoch  0 training error:  tensor(1.0000, device='cuda:0', grad_fn=<DivBackward0>)
Memory status after this epoch: 
Memory allocated:  37.30712890625
Memory cached:  124.0
	 epoch  10 training error:  tensor(1., device='cuda:0', grad_fn=<DivBackward0>)
Memory status after this epoch: 
Memory allocated:  37.30712890625
Memory cached:  206.0
	 epoch  20 training error:  tensor(1., device='cuda:0', grad_fn=<DivBackward0>)
Memory status after this epoch: 
Memory allocated:  37.30712890625
Memory cached:  208.0
	 epoch  30 training error:  tensor(1., device='cuda:0', grad_fn=<DivBackward0>)
Memory status after this epoch: 
Memory allocated:  37.30712890625
Memory cached:  206.0
	 epoch  40 training error:  tensor(1., device='cuda:0', grad_fn=<DivBackward0>)
Memory status after this epoch: 
Memory allocated:  37.30712890625
Memory cached:  206.0
	 epoch  50 training error:  tensor(1., device='cuda:0', grad_fn=<DivBackward0>)
Memory status after this epoch: 
Memory allocated:  37.30712890625
Memory cached:  208.0
	 epoch  60 training error:  tensor(1., device='cuda:0', grad_fn=<DivBackward0>)
Memory status after this epoch: 
Memory allocated:  37.30712890625
Memory cached:  216.0
	 epoch  70 training error:  tensor(1., device='cuda:0', grad_fn=<DivBackward0>)
Memory status after this epoch: 
Memory allocated:  37.30712890625
Memory cached:  208.0
	 epoch  80 training error:  tensor(1., device='cuda:0', grad_fn=<DivBackward0>)
Memory status after this epoch: 
Memory allocated:  37.30712890625
Memory cached:  208.0
	 epoch  90 training error:  tensor(1., device='cuda:0', grad_fn=<DivBackward0>)
Memory status after this epoch: 
Memory allocated:  37.30712890625
Memory cached:  202.0
[I 2023-11-21 01:56:19,393] Trial 22 finished with value: 1.0 and parameters: {'W_layers': 8, 'W_layer_units_exponent_0': 8, 'W_layer_units_exponent_1': 10, 'W_layer_units_exponent_2': 6, 'W_layer_units_exponent_3': 8, 'W_layer_units_exponent_4': 10, 'W_layer_units_exponent_5': 9, 'W_layer_units_exponent_6': 6, 'W_layer_units_exponent_7': 10, 'D_layers': 8, 'D_layer_units_exponent_0': 5, 'D_layer_units_exponent_1': 8, 'D_layer_units_exponent_2': 8, 'D_layer_units_exponent_3': 8, 'D_layer_units_exponent_4': 6, 'D_layer_units_exponent_5': 7, 'D_layer_units_exponent_6': 7, 'D_layer_units_exponent_7': 10, 'D_dagger_layers': 6, 'D_dagger_layer_units_exponent_0': 6, 'D_dagger_layer_units_exponent_1': 8, 'D_dagger_layer_units_exponent_2': 10, 'D_dagger_layer_units_exponent_3': 9, 'D_dagger_layer_units_exponent_4': 7, 'D_dagger_layer_units_exponent_5': 7, 'log_learning_rate': -1.4892725607843846, 'log_learning_rate_D': -2.4481434078977595, 'log_learning_rate_D_dagger': -2.7012516614709132, 'training_batch_size': 11, 'training_p': 4}. Best is trial 10 with value: 0.11474492400884628.
Time for this trial:  264.4082775115967
Memory status after this trial: 
Memory allocated:  342.0634765625
Memory cached:  366.0
--------------------  Trial  23   --------------------
Start timing: 
Parameters: 
{'W_layers': 7, 'W_layer_units_exponent_0': 9, 'W_layer_units_exponent_1': 9, 'W_layer_units_exponent_2': 5, 'W_layer_units_exponent_3': 5, 'W_layer_units_exponent_4': 7, 'W_layer_units_exponent_5': 8, 'W_layer_units_exponent_6': 8, 'D_layers': 7, 'D_layer_units_exponent_0': 4, 'D_layer_units_exponent_1': 10, 'D_layer_units_exponent_2': 9, 'D_layer_units_exponent_3': 6, 'D_layer_units_exponent_4': 6, 'D_layer_units_exponent_5': 10, 'D_layer_units_exponent_6': 8, 'D_dagger_layers': 3, 'D_dagger_layer_units_exponent_0': 5, 'D_dagger_layer_units_exponent_1': 6, 'D_dagger_layer_units_exponent_2': 9, 'log_learning_rate': -2.0312396650560856, 'log_learning_rate_D': -1.7953356369218265, 'log_learning_rate_D_dagger': -4.58645462488586, 'training_batch_size': 11, 'training_p': 3}
	 epoch  0 training error:  tensor(1.0036, device='cuda:0', grad_fn=<DivBackward0>)
Memory status after this epoch: 
Memory allocated:  20.41455078125
Memory cached:  148.0
	 epoch  10 training error:  tensor(1.0012, device='cuda:0', grad_fn=<DivBackward0>)
Memory status after this epoch: 
Memory allocated:  20.41455078125
Memory cached:  220.0
	 epoch  20 training error:  tensor(0.9993, device='cuda:0', grad_fn=<DivBackward0>)
Memory status after this epoch: 
Memory allocated:  20.41455078125
Memory cached:  246.0
	 epoch  30 training error:  tensor(0.9970, device='cuda:0', grad_fn=<DivBackward0>)
Memory status after this epoch: 
Memory allocated:  20.41455078125
Memory cached:  222.0
	 epoch  40 training error:  tensor(0.9967, device='cuda:0', grad_fn=<DivBackward0>)
Memory status after this epoch: 
Memory allocated:  20.41455078125
Memory cached:  242.0
	 epoch  50 training error:  tensor(0.9959, device='cuda:0', grad_fn=<DivBackward0>)
Memory status after this epoch: 
Memory allocated:  20.41455078125
Memory cached:  226.0
	 epoch  60 training error:  tensor(0.9951, device='cuda:0', grad_fn=<DivBackward0>)
Memory status after this epoch: 
Memory allocated:  20.41455078125
Memory cached:  228.0
	 epoch  70 training error:  tensor(0.9943, device='cuda:0', grad_fn=<DivBackward0>)
Memory status after this epoch: 
Memory allocated:  20.41455078125
Memory cached:  234.0
	 epoch  80 training error:  tensor(0.9935, device='cuda:0', grad_fn=<DivBackward0>)
Memory status after this epoch: 
Memory allocated:  20.41455078125
Memory cached:  216.0
	 epoch  90 training error:  tensor(0.9927, device='cuda:0', grad_fn=<DivBackward0>)
Memory status after this epoch: 
Memory allocated:  20.41455078125
Memory cached:  216.0
[I 2023-11-21 01:59:49,815] Trial 23 finished with value: 0.9919351935386658 and parameters: {'W_layers': 7, 'W_layer_units_exponent_0': 9, 'W_layer_units_exponent_1': 9, 'W_layer_units_exponent_2': 5, 'W_layer_units_exponent_3': 5, 'W_layer_units_exponent_4': 7, 'W_layer_units_exponent_5': 8, 'W_layer_units_exponent_6': 8, 'D_layers': 7, 'D_layer_units_exponent_0': 4, 'D_layer_units_exponent_1': 10, 'D_layer_units_exponent_2': 9, 'D_layer_units_exponent_3': 6, 'D_layer_units_exponent_4': 6, 'D_layer_units_exponent_5': 10, 'D_layer_units_exponent_6': 8, 'D_dagger_layers': 3, 'D_dagger_layer_units_exponent_0': 5, 'D_dagger_layer_units_exponent_1': 6, 'D_dagger_layer_units_exponent_2': 9, 'log_learning_rate': -2.0312396650560856, 'log_learning_rate_D': -1.7953356369218265, 'log_learning_rate_D_dagger': -4.58645462488586, 'training_batch_size': 11, 'training_p': 3}. Best is trial 10 with value: 0.11474492400884628.
Time for this trial:  210.16927933692932
Memory status after this trial: 
Memory allocated:  211.966796875
Memory cached:  236.0
--------------------  Trial  24   --------------------
Start timing: 
Parameters: 
{'W_layers': 8, 'W_layer_units_exponent_0': 7, 'W_layer_units_exponent_1': 10, 'W_layer_units_exponent_2': 8, 'W_layer_units_exponent_3': 6, 'W_layer_units_exponent_4': 5, 'W_layer_units_exponent_5': 5, 'W_layer_units_exponent_6': 5, 'W_layer_units_exponent_7': 8, 'D_layers': 6, 'D_layer_units_exponent_0': 5, 'D_layer_units_exponent_1': 9, 'D_layer_units_exponent_2': 6, 'D_layer_units_exponent_3': 6, 'D_layer_units_exponent_4': 4, 'D_layer_units_exponent_5': 4, 'D_dagger_layers': 6, 'D_dagger_layer_units_exponent_0': 7, 'D_dagger_layer_units_exponent_1': 9, 'D_dagger_layer_units_exponent_2': 10, 'D_dagger_layer_units_exponent_3': 9, 'D_dagger_layer_units_exponent_4': 8, 'D_dagger_layer_units_exponent_5': 5, 'log_learning_rate': -1.270959740309255, 'log_learning_rate_D': -3.7190663108702324, 'log_learning_rate_D_dagger': -3.3801833196359916, 'training_batch_size': 10, 'training_p': 4}
	 epoch  0 training error:  tensor(0.9996, device='cuda:0', grad_fn=<DivBackward0>)
Memory status after this epoch: 
Memory allocated:  26.63720703125
Memory cached:  136.0
	 epoch  10 training error:  tensor(0.9625, device='cuda:0', grad_fn=<DivBackward0>)
Memory status after this epoch: 
Memory allocated:  26.63720703125
Memory cached:  250.0
	 epoch  20 training error:  tensor(1., device='cuda:0', grad_fn=<DivBackward0>)
Memory status after this epoch: 
Memory allocated:  26.63720703125
Memory cached:  242.0
	 epoch  30 training error:  tensor(1., device='cuda:0', grad_fn=<DivBackward0>)
Memory status after this epoch: 
Memory allocated:  26.63720703125
Memory cached:  250.0
	 epoch  40 training error:  tensor(1., device='cuda:0', grad_fn=<DivBackward0>)
Memory status after this epoch: 
Memory allocated:  26.63720703125
Memory cached:  258.0
	 epoch  50 training error:  tensor(1., device='cuda:0', grad_fn=<DivBackward0>)
Memory status after this epoch: 
Memory allocated:  26.63720703125
Memory cached:  232.0
	 epoch  60 training error:  tensor(1., device='cuda:0', grad_fn=<DivBackward0>)
Memory status after this epoch: 
Memory allocated:  26.63720703125
Memory cached:  250.0
	 epoch  70 training error:  tensor(1., device='cuda:0', grad_fn=<DivBackward0>)
Memory status after this epoch: 
Memory allocated:  26.63720703125
Memory cached:  250.0
	 epoch  80 training error:  tensor(1., device='cuda:0', grad_fn=<DivBackward0>)
Memory status after this epoch: 
Memory allocated:  26.63720703125
Memory cached:  244.0
	 epoch  90 training error:  tensor(1., device='cuda:0', grad_fn=<DivBackward0>)
Memory status after this epoch: 
Memory allocated:  26.63720703125
Memory cached:  242.0
