[I 2023-11-22 19:17:57,500] Trial 22 finished with value: 0.05823814868927002 and parameters: {'W_layers': 2, 'W_layer_units_exponent_0': 5, 'W_layer_units_exponent_1': 6, 'D_layers': 3, 'D_layer_units_exponent_0': 9, 'D_layer_units_exponent_1': 9, 'D_layer_units_exponent_2': 8, 'D_dagger_layers': 7, 'D_dagger_layer_units_exponent_0': 9, 'D_dagger_layer_units_exponent_1': 9, 'D_dagger_layer_units_exponent_2': 5, 'D_dagger_layer_units_exponent_3': 5, 'D_dagger_layer_units_exponent_4': 8, 'D_dagger_layer_units_exponent_5': 7, 'D_dagger_layer_units_exponent_6': 9, 'log_learning_rate': -1.3713686052183993, 'log_learning_rate_D': -4.468602708002636, 'log_learning_rate_D_dagger': -3.2480085700176162, 'training_batch_size': 11, 'training_p': 7}. Best is trial 21 with value: 0.0485965870320797.
Time for this trial:  169.40831875801086
Memory status after this trial: 
Memory allocated:  134.55126953125
Memory cached:  142.0
--------------------  Trial  23   --------------------
Start timing: 
Parameters: 
{'W_layers': 3, 'W_layer_units_exponent_0': 6, 'W_layer_units_exponent_1': 5, 'W_layer_units_exponent_2': 8, 'D_layers': 2, 'D_layer_units_exponent_0': 9, 'D_layer_units_exponent_1': 6, 'D_dagger_layers': 8, 'D_dagger_layer_units_exponent_0': 8, 'D_dagger_layer_units_exponent_1': 8, 'D_dagger_layer_units_exponent_2': 4, 'D_dagger_layer_units_exponent_3': 6, 'D_dagger_layer_units_exponent_4': 8, 'D_dagger_layer_units_exponent_5': 6, 'D_dagger_layer_units_exponent_6': 8, 'D_dagger_layer_units_exponent_7': 10, 'log_learning_rate': -1.496816674366466, 'log_learning_rate_D': -4.988984668070048, 'log_learning_rate_D_dagger': -3.562937540708178, 'training_batch_size': 12, 'training_p': 6}
	 epoch  0 training error:  tensor(1.0009, device='cuda:0', grad_fn=<DivBackward0>)
Memory status after this epoch: 
Memory allocated:  6.78173828125
Memory cached:  102.0
	 epoch  10 training error:  tensor(0.9140, device='cuda:0', grad_fn=<DivBackward0>)
Memory status after this epoch: 
Memory allocated:  6.78173828125
Memory cached:  184.0
	 epoch  20 training error:  tensor(0.5721, device='cuda:0', grad_fn=<DivBackward0>)
Memory status after this epoch: 
Memory allocated:  6.78173828125
Memory cached:  196.0
	 epoch  30 training error:  tensor(0.3087, device='cuda:0', grad_fn=<DivBackward0>)
Memory status after this epoch: 
Memory allocated:  6.78173828125
Memory cached:  184.0
	 epoch  40 training error:  tensor(0.1912, device='cuda:0', grad_fn=<DivBackward0>)
Memory status after this epoch: 
Memory allocated:  6.78173828125
Memory cached:  186.0
	 epoch  50 training error:  tensor(0.1103, device='cuda:0', grad_fn=<DivBackward0>)
Memory status after this epoch: 
Memory allocated:  6.78173828125
Memory cached:  192.0
	 epoch  60 training error:  tensor(0.0896, device='cuda:0', grad_fn=<DivBackward0>)
Memory status after this epoch: 
Memory allocated:  6.78173828125
Memory cached:  182.0
	 epoch  70 training error:  tensor(0.0876, device='cuda:0', grad_fn=<DivBackward0>)
Memory status after this epoch: 
Memory allocated:  6.78173828125
Memory cached:  198.0
	 epoch  80 training error:  tensor(0.0798, device='cuda:0', grad_fn=<DivBackward0>)
Memory status after this epoch: 
Memory allocated:  6.78173828125
Memory cached:  184.0
	 epoch  90 training error:  tensor(0.0780, device='cuda:0', grad_fn=<DivBackward0>)
Memory status after this epoch: 
Memory allocated:  6.78173828125
Memory cached:  186.0
[I 2023-11-22 19:20:52,819] Trial 23 finished with value: 0.04995369911193848 and parameters: {'W_layers': 3, 'W_layer_units_exponent_0': 6, 'W_layer_units_exponent_1': 5, 'W_layer_units_exponent_2': 8, 'D_layers': 2, 'D_layer_units_exponent_0': 9, 'D_layer_units_exponent_1': 6, 'D_dagger_layers': 8, 'D_dagger_layer_units_exponent_0': 8, 'D_dagger_layer_units_exponent_1': 8, 'D_dagger_layer_units_exponent_2': 4, 'D_dagger_layer_units_exponent_3': 6, 'D_dagger_layer_units_exponent_4': 8, 'D_dagger_layer_units_exponent_5': 6, 'D_dagger_layer_units_exponent_6': 8, 'D_dagger_layer_units_exponent_7': 10, 'log_learning_rate': -1.496816674366466, 'log_learning_rate_D': -4.988984668070048, 'log_learning_rate_D_dagger': -3.562937540708178, 'training_batch_size': 12, 'training_p': 6}. Best is trial 21 with value: 0.0485965870320797.
Time for this trial:  175.10238122940063
Memory status after this trial: 
Memory allocated:  123.05322265625
Memory cached:  138.0
--------------------  Trial  24   --------------------
Start timing: 
Parameters: 
{'W_layers': 4, 'W_layer_units_exponent_0': 6, 'W_layer_units_exponent_1': 4, 'W_layer_units_exponent_2': 10, 'W_layer_units_exponent_3': 9, 'D_layers': 2, 'D_layer_units_exponent_0': 9, 'D_layer_units_exponent_1': 5, 'D_dagger_layers': 8, 'D_dagger_layer_units_exponent_0': 9, 'D_dagger_layer_units_exponent_1': 9, 'D_dagger_layer_units_exponent_2': 4, 'D_dagger_layer_units_exponent_3': 6, 'D_dagger_layer_units_exponent_4': 8, 'D_dagger_layer_units_exponent_5': 6, 'D_dagger_layer_units_exponent_6': 8, 'D_dagger_layer_units_exponent_7': 10, 'log_learning_rate': -1.7968487228863235, 'log_learning_rate_D': -4.988838386347397, 'log_learning_rate_D_dagger': -3.584157218258385, 'training_batch_size': 12, 'training_p': 8}
	 epoch  0 training error:  tensor(0.9994, device='cuda:0', grad_fn=<DivBackward0>)
Memory status after this epoch: 
Memory allocated:  17.77001953125
Memory cached:  156.0
	 epoch  10 training error:  tensor(0.8046, device='cuda:0', grad_fn=<DivBackward0>)
Memory status after this epoch: 
Memory allocated:  17.77001953125
Memory cached:  254.0
	 epoch  20 training error:  tensor(0.3551, device='cuda:0', grad_fn=<DivBackward0>)
Memory status after this epoch: 
Memory allocated:  17.77001953125
Memory cached:  250.0
	 epoch  30 training error:  tensor(0.2057, device='cuda:0', grad_fn=<DivBackward0>)
Memory status after this epoch: 
Memory allocated:  17.77001953125
Memory cached:  248.0
	 epoch  40 training error:  tensor(0.1446, device='cuda:0', grad_fn=<DivBackward0>)
Memory status after this epoch: 
Memory allocated:  17.77001953125
Memory cached:  258.0
	 epoch  50 training error:  tensor(0.1021, device='cuda:0', grad_fn=<DivBackward0>)
Memory status after this epoch: 
Memory allocated:  17.77001953125
Memory cached:  252.0
	 epoch  60 training error:  tensor(0.0926, device='cuda:0', grad_fn=<DivBackward0>)
Memory status after this epoch: 
Memory allocated:  17.77001953125
Memory cached:  264.0
	 epoch  70 training error:  tensor(0.0833, device='cuda:0', grad_fn=<DivBackward0>)
Memory status after this epoch: 
Memory allocated:  17.77001953125
Memory cached:  254.0
	 epoch  80 training error:  tensor(0.0774, device='cuda:0', grad_fn=<DivBackward0>)
Memory status after this epoch: 
Memory allocated:  17.77001953125
Memory cached:  246.0
	 epoch  90 training error:  tensor(0.0691, device='cuda:0', grad_fn=<DivBackward0>)
Memory status after this epoch: 
Memory allocated:  17.77001953125
Memory cached:  232.0
[I 2023-11-22 19:24:03,127] Trial 24 finished with value: 0.04343442618846893 and parameters: {'W_layers': 4, 'W_layer_units_exponent_0': 6, 'W_layer_units_exponent_1': 4, 'W_layer_units_exponent_2': 10, 'W_layer_units_exponent_3': 9, 'D_layers': 2, 'D_layer_units_exponent_0': 9, 'D_layer_units_exponent_1': 5, 'D_dagger_layers': 8, 'D_dagger_layer_units_exponent_0': 9, 'D_dagger_layer_units_exponent_1': 9, 'D_dagger_layer_units_exponent_2': 4, 'D_dagger_layer_units_exponent_3': 6, 'D_dagger_layer_units_exponent_4': 8, 'D_dagger_layer_units_exponent_5': 6, 'D_dagger_layer_units_exponent_6': 8, 'D_dagger_layer_units_exponent_7': 10, 'log_learning_rate': -1.7968487228863235, 'log_learning_rate_D': -4.988838386347397, 'log_learning_rate_D_dagger': -3.584157218258385, 'training_batch_size': 12, 'training_p': 8}. Best is trial 24 with value: 0.04343442618846893.
Time for this trial:  190.06337523460388
Memory status after this trial: 
Memory allocated:  195.2099609375
Memory cached:  218.0
--------------------  Trial  25   --------------------
Start timing: 
Parameters: 
{'W_layers': 4, 'W_layer_units_exponent_0': 8, 'W_layer_units_exponent_1': 4, 'W_layer_units_exponent_2': 10, 'W_layer_units_exponent_3': 9, 'D_layers': 2, 'D_layer_units_exponent_0': 8, 'D_layer_units_exponent_1': 5, 'D_dagger_layers': 7, 'D_dagger_layer_units_exponent_0': 9, 'D_dagger_layer_units_exponent_1': 9, 'D_dagger_layer_units_exponent_2': 4, 'D_dagger_layer_units_exponent_3': 4, 'D_dagger_layer_units_exponent_4': 8, 'D_dagger_layer_units_exponent_5': 6, 'D_dagger_layer_units_exponent_6': 8, 'log_learning_rate': -1.907085514867902, 'log_learning_rate_D': -4.255797196050003, 'log_learning_rate_D_dagger': -3.746905567559134, 'training_batch_size': 12, 'training_p': 8}
	 epoch  0 training error:  tensor(1., device='cuda:0', grad_fn=<DivBackward0>)
Memory status after this epoch: 
Memory allocated:  13.43408203125
Memory cached:  134.0
	 epoch  10 training error:  tensor(1., device='cuda:0', grad_fn=<DivBackward0>)
Memory status after this epoch: 
Memory allocated:  13.43408203125
Memory cached:  234.0
	 epoch  20 training error:  tensor(1., device='cuda:0', grad_fn=<DivBackward0>)
Memory status after this epoch: 
Memory allocated:  13.43408203125
Memory cached:  220.0
	 epoch  30 training error:  tensor(1., device='cuda:0', grad_fn=<DivBackward0>)
Memory status after this epoch: 
Memory allocated:  13.43408203125
Memory cached:  210.0
	 epoch  40 training error:  tensor(1., device='cuda:0', grad_fn=<DivBackward0>)
Memory status after this epoch: 
Memory allocated:  13.43408203125
Memory cached:  224.0
	 epoch  50 training error:  tensor(1., device='cuda:0', grad_fn=<DivBackward0>)
Memory status after this epoch: 
Memory allocated:  13.43408203125
Memory cached:  214.0
	 epoch  60 training error:  tensor(1., device='cuda:0', grad_fn=<DivBackward0>)
Memory status after this epoch: 
Memory allocated:  13.43408203125
Memory cached:  218.0
	 epoch  70 training error:  tensor(1., device='cuda:0', grad_fn=<DivBackward0>)
Memory status after this epoch: 
Memory allocated:  13.43408203125
Memory cached:  218.0
	 epoch  80 training error:  tensor(1., device='cuda:0', grad_fn=<DivBackward0>)
Memory status after this epoch: 
Memory allocated:  13.43408203125
Memory cached:  218.0
	 epoch  90 training error:  tensor(1., device='cuda:0', grad_fn=<DivBackward0>)
Memory status after this epoch: 
Memory allocated:  13.43408203125
Memory cached:  218.0
[I 2023-11-22 19:27:00,874] Trial 25 finished with value: 1.0 and parameters: {'W_layers': 4, 'W_layer_units_exponent_0': 8, 'W_layer_units_exponent_1': 4, 'W_layer_units_exponent_2': 10, 'W_layer_units_exponent_3': 9, 'D_layers': 2, 'D_layer_units_exponent_0': 8, 'D_layer_units_exponent_1': 5, 'D_dagger_layers': 7, 'D_dagger_layer_units_exponent_0': 9, 'D_dagger_layer_units_exponent_1': 9, 'D_dagger_layer_units_exponent_2': 4, 'D_dagger_layer_units_exponent_3': 4, 'D_dagger_layer_units_exponent_4': 8, 'D_dagger_layer_units_exponent_5': 6, 'D_dagger_layer_units_exponent_6': 8, 'log_learning_rate': -1.907085514867902, 'log_learning_rate_D': -4.255797196050003, 'log_learning_rate_D_dagger': -3.746905567559134, 'training_batch_size': 12, 'training_p': 8}. Best is trial 24 with value: 0.04343442618846893.
Time for this trial:  177.51193761825562
Memory status after this trial: 
Memory allocated:  149.9267578125
Memory cached:  180.0
--------------------  Trial  26   --------------------
Start timing: 
Parameters: 
{'W_layers': 6, 'W_layer_units_exponent_0': 4, 'W_layer_units_exponent_1': 4, 'W_layer_units_exponent_2': 9, 'W_layer_units_exponent_3': 9, 'W_layer_units_exponent_4': 8, 'W_layer_units_exponent_5': 4, 'D_layers': 4, 'D_layer_units_exponent_0': 9, 'D_layer_units_exponent_1': 5, 'D_layer_units_exponent_2': 6, 'D_layer_units_exponent_3': 5, 'D_dagger_layers': 8, 'D_dagger_layer_units_exponent_0': 9, 'D_dagger_layer_units_exponent_1': 10, 'D_dagger_layer_units_exponent_2': 5, 'D_dagger_layer_units_exponent_3': 6, 'D_dagger_layer_units_exponent_4': 6, 'D_dagger_layer_units_exponent_5': 8, 'D_dagger_layer_units_exponent_6': 6, 'D_dagger_layer_units_exponent_7': 8, 'log_learning_rate': -1.284493536415449, 'log_learning_rate_D': -4.8302674332135975, 'log_learning_rate_D_dagger': -3.448859465317479, 'training_batch_size': 11, 'training_p': 8}
	 epoch  0 training error:  tensor(1.0044, device='cuda:0', grad_fn=<DivBackward0>)
Memory status after this epoch: 
Memory allocated:  16.18994140625
Memory cached:  136.0
	 epoch  10 training error:  tensor(1., device='cuda:0', grad_fn=<DivBackward0>)
Memory status after this epoch: 
Memory allocated:  16.18994140625
Memory cached:  236.0
	 epoch  20 training error:  tensor(1., device='cuda:0', grad_fn=<DivBackward0>)
Memory status after this epoch: 
Memory allocated:  16.18994140625
Memory cached:  250.0
	 epoch  30 training error:  tensor(1., device='cuda:0', grad_fn=<DivBackward0>)
Memory status after this epoch: 
Memory allocated:  16.18994140625
Memory cached:  236.0
	 epoch  40 training error:  tensor(1., device='cuda:0', grad_fn=<DivBackward0>)
Memory status after this epoch: 
Memory allocated:  16.18994140625
Memory cached:  250.0
	 epoch  50 training error:  tensor(1., device='cuda:0', grad_fn=<DivBackward0>)
Memory status after this epoch: 
Memory allocated:  16.18994140625
Memory cached:  226.0
	 epoch  60 training error:  tensor(1., device='cuda:0', grad_fn=<DivBackward0>)
Memory status after this epoch: 
Memory allocated:  16.18994140625
Memory cached:  236.0
	 epoch  70 training error:  tensor(1., device='cuda:0', grad_fn=<DivBackward0>)
Memory status after this epoch: 
Memory allocated:  16.18994140625
Memory cached:  242.0
	 epoch  80 training error:  tensor(1., device='cuda:0', grad_fn=<DivBackward0>)
Memory status after this epoch: 
Memory allocated:  16.18994140625
Memory cached:  242.0
	 epoch  90 training error:  tensor(1., device='cuda:0', grad_fn=<DivBackward0>)
Memory status after this epoch: 
Memory allocated:  16.18994140625
Memory cached:  246.0
[I 2023-11-22 19:30:35,325] Trial 26 finished with value: 1.0 and parameters: {'W_layers': 6, 'W_layer_units_exponent_0': 4, 'W_layer_units_exponent_1': 4, 'W_layer_units_exponent_2': 9, 'W_layer_units_exponent_3': 9, 'W_layer_units_exponent_4': 8, 'W_layer_units_exponent_5': 4, 'D_layers': 4, 'D_layer_units_exponent_0': 9, 'D_layer_units_exponent_1': 5, 'D_layer_units_exponent_2': 6, 'D_layer_units_exponent_3': 5, 'D_dagger_layers': 8, 'D_dagger_layer_units_exponent_0': 9, 'D_dagger_layer_units_exponent_1': 10, 'D_dagger_layer_units_exponent_2': 5, 'D_dagger_layer_units_exponent_3': 6, 'D_dagger_layer_units_exponent_4': 6, 'D_dagger_layer_units_exponent_5': 8, 'D_dagger_layer_units_exponent_6': 6, 'D_dagger_layer_units_exponent_7': 8, 'log_learning_rate': -1.284493536415449, 'log_learning_rate_D': -4.8302674332135975, 'log_learning_rate_D_dagger': -3.448859465317479, 'training_batch_size': 11, 'training_p': 8}. Best is trial 24 with value: 0.04343442618846893.
Time for this trial:  214.174711227417
Memory status after this trial: 
Memory allocated:  170.70166015625
Memory cached:  192.0
--------------------  Trial  27   --------------------
Start timing: 
Parameters: 
{'W_layers': 2, 'W_layer_units_exponent_0': 6, 'W_layer_units_exponent_1': 5, 'D_layers': 2, 'D_layer_units_exponent_0': 10, 'D_layer_units_exponent_1': 7, 'D_dagger_layers': 6, 'D_dagger_layer_units_exponent_0': 10, 'D_dagger_layer_units_exponent_1': 9, 'D_dagger_layer_units_exponent_2': 4, 'D_dagger_layer_units_exponent_3': 5, 'D_dagger_layer_units_exponent_4': 9, 'D_dagger_layer_units_exponent_5': 7, 'log_learning_rate': -2.473902581382176, 'log_learning_rate_D': -4.72626353977121, 'log_learning_rate_D_dagger': -3.852577078136596, 'training_batch_size': 12, 'training_p': 7}
	 epoch  0 training error:  tensor(1.5347, device='cuda:0', grad_fn=<DivBackward0>)
Memory status after this epoch: 
Memory allocated:  11.86767578125
Memory cached:  128.0
	 epoch  10 training error:  tensor(0.3309, device='cuda:0', grad_fn=<DivBackward0>)
Memory status after this epoch: 
Memory allocated:  11.86767578125
Memory cached:  228.0
	 epoch  20 training error:  tensor(0.1469, device='cuda:0', grad_fn=<DivBackward0>)
Memory status after this epoch: 
Memory allocated:  11.86767578125
Memory cached:  236.0
	 epoch  30 training error:  tensor(0.1734, device='cuda:0', grad_fn=<DivBackward0>)
Memory status after this epoch: 
Memory allocated:  11.86767578125
Memory cached:  240.0
	 epoch  40 training error:  tensor(0.1475, device='cuda:0', grad_fn=<DivBackward0>)
Memory status after this epoch: 
Memory allocated:  11.86767578125
Memory cached:  228.0
	 epoch  50 training error:  tensor(0.1472, device='cuda:0', grad_fn=<DivBackward0>)
Memory status after this epoch: 
Memory allocated:  11.86767578125
Memory cached:  230.0
	 epoch  60 training error:  tensor(0.1474, device='cuda:0', grad_fn=<DivBackward0>)
Memory status after this epoch: 
Memory allocated:  11.86767578125
Memory cached:  228.0
	 epoch  70 training error:  tensor(0.1463, device='cuda:0', grad_fn=<DivBackward0>)
Memory status after this epoch: 
Memory allocated:  11.86767578125
Memory cached:  244.0
	 epoch  80 training error:  tensor(0.1464, device='cuda:0', grad_fn=<DivBackward0>)
Memory status after this epoch: 
Memory allocated:  11.86767578125
Memory cached:  224.0
	 epoch  90 training error:  tensor(0.1463, device='cuda:0', grad_fn=<DivBackward0>)
Memory status after this epoch: 
Memory allocated:  11.86767578125
Memory cached:  230.0
[I 2023-11-22 19:33:09,828] Trial 27 finished with value: 0.12955783307552338 and parameters: {'W_layers': 2, 'W_layer_units_exponent_0': 6, 'W_layer_units_exponent_1': 5, 'D_layers': 2, 'D_layer_units_exponent_0': 10, 'D_layer_units_exponent_1': 7, 'D_dagger_layers': 6, 'D_dagger_layer_units_exponent_0': 10, 'D_dagger_layer_units_exponent_1': 9, 'D_dagger_layer_units_exponent_2': 4, 'D_dagger_layer_units_exponent_3': 5, 'D_dagger_layer_units_exponent_4': 9, 'D_dagger_layer_units_exponent_5': 7, 'log_learning_rate': -2.473902581382176, 'log_learning_rate_D': -4.72626353977121, 'log_learning_rate_D_dagger': -3.852577078136596, 'training_batch_size': 12, 'training_p': 7}. Best is trial 24 with value: 0.04343442618846893.
Time for this trial:  154.2704257965088
Memory status after this trial: 
Memory allocated:  138.80419921875
Memory cached:  184.0
--------------------  Trial  28   --------------------
Start timing: 
Parameters: 
{'W_layers': 4, 'W_layer_units_exponent_0': 7, 'W_layer_units_exponent_1': 4, 'W_layer_units_exponent_2': 8, 'W_layer_units_exponent_3': 8, 'D_layers': 3, 'D_layer_units_exponent_0': 9, 'D_layer_units_exponent_1': 6, 'D_layer_units_exponent_2': 6, 'D_dagger_layers': 8, 'D_dagger_layer_units_exponent_0': 8, 'D_dagger_layer_units_exponent_1': 10, 'D_dagger_layer_units_exponent_2': 6, 'D_dagger_layer_units_exponent_3': 8, 'D_dagger_layer_units_exponent_4': 7, 'D_dagger_layer_units_exponent_5': 5, 'D_dagger_layer_units_exponent_6': 9, 'D_dagger_layer_units_exponent_7': 8, 'log_learning_rate': -1.7903922770688978, 'log_learning_rate_D': -4.288098740431442, 'log_learning_rate_D_dagger': -3.3486015582268047, 'training_batch_size': 10, 'training_p': 8}
	 epoch  0 training error:  tensor(1.0415, device='cuda:0', grad_fn=<DivBackward0>)
Memory status after this epoch: 
Memory allocated:  10.01416015625
Memory cached:  122.0
	 epoch  10 training error:  tensor(1., device='cuda:0', grad_fn=<DivBackward0>)
Memory status after this epoch: 
Memory allocated:  10.01416015625
Memory cached:  210.0
	 epoch  20 training error:  tensor(1., device='cuda:0', grad_fn=<DivBackward0>)
Memory status after this epoch: 
Memory allocated:  10.01416015625
Memory cached:  218.0
	 epoch  30 training error:  tensor(1., device='cuda:0', grad_fn=<DivBackward0>)
Memory status after this epoch: 
Memory allocated:  10.01416015625
Memory cached:  194.0
	 epoch  40 training error:  tensor(1., device='cuda:0', grad_fn=<DivBackward0>)
Memory status after this epoch: 
Memory allocated:  10.01416015625
Memory cached:  208.0
	 epoch  50 training error:  tensor(1., device='cuda:0', grad_fn=<DivBackward0>)
Memory status after this epoch: 
Memory allocated:  10.01416015625
Memory cached:  218.0
	 epoch  60 training error:  tensor(1., device='cuda:0', grad_fn=<DivBackward0>)
Memory status after this epoch: 
Memory allocated:  10.01416015625
Memory cached:  204.0
	 epoch  70 training error:  tensor(1., device='cuda:0', grad_fn=<DivBackward0>)
Memory status after this epoch: 
Memory allocated:  10.01416015625
Memory cached:  206.0
	 epoch  80 training error:  tensor(1., device='cuda:0', grad_fn=<DivBackward0>)
Memory status after this epoch: 
Memory allocated:  10.01416015625
Memory cached:  206.0
	 epoch  90 training error:  tensor(1., device='cuda:0', grad_fn=<DivBackward0>)
Memory status after this epoch: 
Memory allocated:  10.01416015625
Memory cached:  200.0
