[I 2023-11-29 02:24:12,108] Trial 10 finished with value: 1.0 and parameters: {'W_layers': 6, 'W_layer_units_exponent_0': 7, 'W_layer_units_exponent_1': 8, 'W_layer_units_exponent_2': 6, 'W_layer_units_exponent_3': 6, 'W_layer_units_exponent_4': 8, 'W_layer_units_exponent_5': 8, 'D_layers': 5, 'D_layer_units_exponent_0': 4, 'D_layer_units_exponent_1': 7, 'D_layer_units_exponent_2': 6, 'D_layer_units_exponent_3': 8, 'D_layer_units_exponent_4': 10, 'D_dagger_layers': 4, 'D_dagger_layer_units_exponent_0': 5, 'D_dagger_layer_units_exponent_1': 10, 'D_dagger_layer_units_exponent_2': 9, 'D_dagger_layer_units_exponent_3': 10, 'log_learning_rate': -3.7349278410343176, 'log_learning_rate_D': -2.7563071335275464, 'log_learning_rate_D_dagger': -2.4524372917261963, 'training_batch_size': 12, 'training_p': 8}. Best is trial 8 with value: 1.0.
Time for this trial:  318.46569061279297
Memory status after this trial: 
Memory allocated:  288.5185546875
Memory cached:  306.0
--------------------  Trial  11   --------------------
Start timing: 
Parameters: 
{'W_layers': 7, 'W_layer_units_exponent_0': 5, 'W_layer_units_exponent_1': 9, 'W_layer_units_exponent_2': 4, 'W_layer_units_exponent_3': 6, 'W_layer_units_exponent_4': 6, 'W_layer_units_exponent_5': 7, 'W_layer_units_exponent_6': 8, 'D_layers': 3, 'D_layer_units_exponent_0': 6, 'D_layer_units_exponent_1': 8, 'D_layer_units_exponent_2': 6, 'D_dagger_layers': 3, 'D_dagger_layer_units_exponent_0': 10, 'D_dagger_layer_units_exponent_1': 7, 'D_dagger_layer_units_exponent_2': 7, 'log_learning_rate': -3.3361815166895843, 'log_learning_rate_D': -3.036826306847239, 'log_learning_rate_D_dagger': -4.843586881339, 'training_batch_size': 6, 'training_p': 7}
	 epoch  0 training error:  tensor(2.1486, device='cuda:0', grad_fn=<DivBackward0>)
Memory status after this epoch: 
Memory allocated:  4.20703125
Memory cached:  126.0
	 epoch  10 training error:  tensor(1.9157, device='cuda:0', grad_fn=<DivBackward0>)
Memory status after this epoch: 
Memory allocated:  4.20703125
Memory cached:  208.0
	 epoch  20 training error:  tensor(3.8018, device='cuda:0', grad_fn=<DivBackward0>)
Memory status after this epoch: 
Memory allocated:  4.20703125
Memory cached:  208.0
	 epoch  30 training error:  tensor(1.9641, device='cuda:0', grad_fn=<DivBackward0>)
Memory status after this epoch: 
Memory allocated:  4.20703125
Memory cached:  210.0
	 epoch  40 training error:  tensor(1.8792, device='cuda:0', grad_fn=<DivBackward0>)
Memory status after this epoch: 
Memory allocated:  4.20703125
Memory cached:  202.0
	 epoch  50 training error:  tensor(1.8336, device='cuda:0', grad_fn=<DivBackward0>)
Memory status after this epoch: 
Memory allocated:  4.20703125
Memory cached:  202.0
	 epoch  60 training error:  tensor(2.3238, device='cuda:0', grad_fn=<DivBackward0>)
Memory status after this epoch: 
Memory allocated:  4.20703125
Memory cached:  206.0
	 epoch  70 training error:  tensor(1.9433, device='cuda:0', grad_fn=<DivBackward0>)
Memory status after this epoch: 
Memory allocated:  4.20703125
Memory cached:  206.0
	 epoch  80 training error:  tensor(2.0578, device='cuda:0', grad_fn=<DivBackward0>)
Memory status after this epoch: 
Memory allocated:  4.20703125
Memory cached:  208.0
	 epoch  90 training error:  tensor(2.0010, device='cuda:0', grad_fn=<DivBackward0>)
Memory status after this epoch: 
Memory allocated:  4.20703125
Memory cached:  204.0
[I 2023-11-29 02:32:51,598] Trial 11 finished with value: 1.9252442121505737 and parameters: {'W_layers': 7, 'W_layer_units_exponent_0': 5, 'W_layer_units_exponent_1': 9, 'W_layer_units_exponent_2': 4, 'W_layer_units_exponent_3': 6, 'W_layer_units_exponent_4': 6, 'W_layer_units_exponent_5': 7, 'W_layer_units_exponent_6': 8, 'D_layers': 3, 'D_layer_units_exponent_0': 6, 'D_layer_units_exponent_1': 8, 'D_layer_units_exponent_2': 6, 'D_dagger_layers': 3, 'D_dagger_layer_units_exponent_0': 10, 'D_dagger_layer_units_exponent_1': 7, 'D_dagger_layer_units_exponent_2': 7, 'log_learning_rate': -3.3361815166895843, 'log_learning_rate_D': -3.036826306847239, 'log_learning_rate_D_dagger': -4.843586881339, 'training_batch_size': 6, 'training_p': 7}. Best is trial 8 with value: 1.0.
Time for this trial:  519.2646210193634
Memory status after this trial: 
Memory allocated:  151.31298828125
Memory cached:  176.0
--------------------  Trial  12   --------------------
Start timing: 
Parameters: 
{'W_layers': 5, 'W_layer_units_exponent_0': 9, 'W_layer_units_exponent_1': 4, 'W_layer_units_exponent_2': 6, 'W_layer_units_exponent_3': 10, 'W_layer_units_exponent_4': 10, 'D_layers': 2, 'D_layer_units_exponent_0': 6, 'D_layer_units_exponent_1': 4, 'D_dagger_layers': 2, 'D_dagger_layer_units_exponent_0': 4, 'D_dagger_layer_units_exponent_1': 6, 'log_learning_rate': -1.0378434282746642, 'log_learning_rate_D': -4.947357353103511, 'log_learning_rate_D_dagger': -1.1045885080279019, 'training_batch_size': 8, 'training_p': 2}
	 epoch  0 training error:  tensor(1.5748, device='cuda:0', grad_fn=<DivBackward0>)
Memory status after this epoch: 
Memory allocated:  17.50390625
Memory cached:  168.0
	 epoch  10 training error:  tensor(1., device='cuda:0', grad_fn=<DivBackward0>)
Memory status after this epoch: 
Memory allocated:  17.50390625
Memory cached:  244.0
	 epoch  20 training error:  tensor(1., device='cuda:0', grad_fn=<DivBackward0>)
Memory status after this epoch: 
Memory allocated:  17.50390625
Memory cached:  242.0
	 epoch  30 training error:  tensor(1., device='cuda:0', grad_fn=<DivBackward0>)
Memory status after this epoch: 
Memory allocated:  17.50390625
Memory cached:  240.0
	 epoch  40 training error:  tensor(1., device='cuda:0', grad_fn=<DivBackward0>)
Memory status after this epoch: 
Memory allocated:  17.50390625
Memory cached:  234.0
	 epoch  50 training error:  tensor(1., device='cuda:0', grad_fn=<DivBackward0>)
Memory status after this epoch: 
Memory allocated:  17.50390625
Memory cached:  236.0
	 epoch  60 training error:  tensor(1., device='cuda:0', grad_fn=<DivBackward0>)
Memory status after this epoch: 
Memory allocated:  17.50390625
Memory cached:  250.0
	 epoch  70 training error:  tensor(1., device='cuda:0', grad_fn=<DivBackward0>)
Memory status after this epoch: 
Memory allocated:  17.50390625
Memory cached:  232.0
	 epoch  80 training error:  tensor(1., device='cuda:0', grad_fn=<DivBackward0>)
Memory status after this epoch: 
Memory allocated:  17.50390625
Memory cached:  238.0
	 epoch  90 training error:  tensor(1., device='cuda:0', grad_fn=<DivBackward0>)
Memory status after this epoch: 
Memory allocated:  17.50390625
Memory cached:  254.0
[I 2023-11-29 02:36:27,114] Trial 12 finished with value: 1.0 and parameters: {'W_layers': 5, 'W_layer_units_exponent_0': 9, 'W_layer_units_exponent_1': 4, 'W_layer_units_exponent_2': 6, 'W_layer_units_exponent_3': 10, 'W_layer_units_exponent_4': 10, 'D_layers': 2, 'D_layer_units_exponent_0': 6, 'D_layer_units_exponent_1': 4, 'D_dagger_layers': 2, 'D_dagger_layer_units_exponent_0': 4, 'D_dagger_layer_units_exponent_1': 6, 'log_learning_rate': -1.0378434282746642, 'log_learning_rate_D': -4.947357353103511, 'log_learning_rate_D_dagger': -1.1045885080279019, 'training_batch_size': 8, 'training_p': 2}. Best is trial 8 with value: 1.0.
Time for this trial:  215.28030586242676
Memory status after this trial: 
Memory allocated:  161.9462890625
Memory cached:  178.0
--------------------  Trial  13   --------------------
Start timing: 
Parameters: 
{'W_layers': 6, 'W_layer_units_exponent_0': 7, 'W_layer_units_exponent_1': 10, 'W_layer_units_exponent_2': 6, 'W_layer_units_exponent_3': 8, 'W_layer_units_exponent_4': 5, 'W_layer_units_exponent_5': 10, 'D_layers': 6, 'D_layer_units_exponent_0': 4, 'D_layer_units_exponent_1': 4, 'D_layer_units_exponent_2': 4, 'D_layer_units_exponent_3': 8, 'D_layer_units_exponent_4': 10, 'D_layer_units_exponent_5': 4, 'D_dagger_layers': 2, 'D_dagger_layer_units_exponent_0': 6, 'D_dagger_layer_units_exponent_1': 9, 'log_learning_rate': -4.536012554382593, 'log_learning_rate_D': -3.7032853169623685, 'log_learning_rate_D_dagger': -2.0018478668805653, 'training_batch_size': 8, 'training_p': 8}
	 epoch  0 training error:  tensor(2.1017, device='cuda:0', grad_fn=<DivBackward0>)
Memory status after this epoch: 
Memory allocated:  9.12744140625
Memory cached:  154.0
	 epoch  10 training error:  tensor(1.9499, device='cuda:0', grad_fn=<DivBackward0>)
Memory status after this epoch: 
Memory allocated:  9.12744140625
Memory cached:  298.0
	 epoch  20 training error:  tensor(2.4461, device='cuda:0', grad_fn=<DivBackward0>)
Memory status after this epoch: 
Memory allocated:  9.12744140625
Memory cached:  304.0
	 epoch  30 training error:  tensor(4.0516, device='cuda:0', grad_fn=<DivBackward0>)
Memory status after this epoch: 
Memory allocated:  9.12744140625
Memory cached:  294.0
	 epoch  40 training error:  tensor(4.4056, device='cuda:0', grad_fn=<DivBackward0>)
Memory status after this epoch: 
Memory allocated:  9.12744140625
Memory cached:  288.0
	 epoch  50 training error:  tensor(5.4359, device='cuda:0', grad_fn=<DivBackward0>)
Memory status after this epoch: 
Memory allocated:  9.12744140625
Memory cached:  308.0
	 epoch  60 training error:  tensor(4.3750, device='cuda:0', grad_fn=<DivBackward0>)
Memory status after this epoch: 
Memory allocated:  9.12744140625
Memory cached:  296.0
	 epoch  70 training error:  tensor(3.1756, device='cuda:0', grad_fn=<DivBackward0>)
Memory status after this epoch: 
Memory allocated:  9.12744140625
Memory cached:  308.0
	 epoch  80 training error:  tensor(2.9569, device='cuda:0', grad_fn=<DivBackward0>)
Memory status after this epoch: 
Memory allocated:  9.12744140625
Memory cached:  320.0
	 epoch  90 training error:  tensor(3.9542, device='cuda:0', grad_fn=<DivBackward0>)
Memory status after this epoch: 
Memory allocated:  9.12744140625
Memory cached:  304.0
[I 2023-11-29 02:41:25,666] Trial 13 finished with value: 3.6972413063049316 and parameters: {'W_layers': 6, 'W_layer_units_exponent_0': 7, 'W_layer_units_exponent_1': 10, 'W_layer_units_exponent_2': 6, 'W_layer_units_exponent_3': 8, 'W_layer_units_exponent_4': 5, 'W_layer_units_exponent_5': 10, 'D_layers': 6, 'D_layer_units_exponent_0': 4, 'D_layer_units_exponent_1': 4, 'D_layer_units_exponent_2': 4, 'D_layer_units_exponent_3': 8, 'D_layer_units_exponent_4': 10, 'D_layer_units_exponent_5': 4, 'D_dagger_layers': 2, 'D_dagger_layer_units_exponent_0': 6, 'D_dagger_layer_units_exponent_1': 9, 'log_learning_rate': -4.536012554382593, 'log_learning_rate_D': -3.7032853169623685, 'log_learning_rate_D_dagger': -2.0018478668805653, 'training_batch_size': 8, 'training_p': 8}. Best is trial 8 with value: 1.0.
Time for this trial:  298.3189356327057
Memory status after this trial: 
Memory allocated:  246.62255859375
Memory cached:  252.0
--------------------  Trial  14   --------------------
Start timing: 
Parameters: 
{'W_layers': 5, 'W_layer_units_exponent_0': 7, 'W_layer_units_exponent_1': 4, 'W_layer_units_exponent_2': 5, 'W_layer_units_exponent_3': 7, 'W_layer_units_exponent_4': 8, 'D_layers': 4, 'D_layer_units_exponent_0': 4, 'D_layer_units_exponent_1': 6, 'D_layer_units_exponent_2': 10, 'D_layer_units_exponent_3': 7, 'D_dagger_layers': 5, 'D_dagger_layer_units_exponent_0': 5, 'D_dagger_layer_units_exponent_1': 6, 'D_dagger_layer_units_exponent_2': 9, 'D_dagger_layer_units_exponent_3': 8, 'D_dagger_layer_units_exponent_4': 10, 'log_learning_rate': -4.1185465748186045, 'log_learning_rate_D': -3.9608154409903165, 'log_learning_rate_D_dagger': -2.3585996028050094, 'training_batch_size': 8, 'training_p': 6}
	 epoch  0 training error:  tensor(6.5279, device='cuda:0', grad_fn=<DivBackward0>)
Memory status after this epoch: 
Memory allocated:  10.52685546875
Memory cached:  158.0
	 epoch  10 training error:  tensor(4.1995, device='cuda:0', grad_fn=<DivBackward0>)
Memory status after this epoch: 
Memory allocated:  10.52685546875
Memory cached:  294.0
	 epoch  20 training error:  tensor(3.8270, device='cuda:0', grad_fn=<DivBackward0>)
Memory status after this epoch: 
Memory allocated:  10.52685546875
Memory cached:  306.0
	 epoch  30 training error:  tensor(3.0143, device='cuda:0', grad_fn=<DivBackward0>)
Memory status after this epoch: 
Memory allocated:  10.52685546875
Memory cached:  314.0
	 epoch  40 training error:  tensor(18.1218, device='cuda:0', grad_fn=<DivBackward0>)
Memory status after this epoch: 
Memory allocated:  10.52685546875
Memory cached:  312.0
	 epoch  50 training error:  tensor(9.7826, device='cuda:0', grad_fn=<DivBackward0>)
Memory status after this epoch: 
Memory allocated:  10.52685546875
Memory cached:  302.0
	 epoch  60 training error:  tensor(8.3108, device='cuda:0', grad_fn=<DivBackward0>)
Memory status after this epoch: 
Memory allocated:  10.52685546875
Memory cached:  288.0
	 epoch  70 training error:  tensor(9.0105, device='cuda:0', grad_fn=<DivBackward0>)
Memory status after this epoch: 
Memory allocated:  10.52685546875
Memory cached:  292.0
	 epoch  80 training error:  tensor(9.0930, device='cuda:0', grad_fn=<DivBackward0>)
Memory status after this epoch: 
Memory allocated:  10.52685546875
Memory cached:  294.0
	 epoch  90 training error:  tensor(9.2606, device='cuda:0', grad_fn=<DivBackward0>)
Memory status after this epoch: 
Memory allocated:  10.52685546875
Memory cached:  308.0
[I 2023-11-29 02:46:16,938] Trial 14 finished with value: 6.6554083824157715 and parameters: {'W_layers': 5, 'W_layer_units_exponent_0': 7, 'W_layer_units_exponent_1': 4, 'W_layer_units_exponent_2': 5, 'W_layer_units_exponent_3': 7, 'W_layer_units_exponent_4': 8, 'D_layers': 4, 'D_layer_units_exponent_0': 4, 'D_layer_units_exponent_1': 6, 'D_layer_units_exponent_2': 10, 'D_layer_units_exponent_3': 7, 'D_dagger_layers': 5, 'D_dagger_layer_units_exponent_0': 5, 'D_dagger_layer_units_exponent_1': 6, 'D_dagger_layer_units_exponent_2': 9, 'D_dagger_layer_units_exponent_3': 8, 'D_dagger_layer_units_exponent_4': 10, 'log_learning_rate': -4.1185465748186045, 'log_learning_rate_D': -3.9608154409903165, 'log_learning_rate_D_dagger': -2.3585996028050094, 'training_batch_size': 8, 'training_p': 6}. Best is trial 8 with value: 1.0.
Time for this trial:  291.0100932121277
Memory status after this trial: 
Memory allocated:  205.345703125
Memory cached:  220.0
--------------------  Trial  15   --------------------
Start timing: 
Parameters: 
{'W_layers': 3, 'W_layer_units_exponent_0': 6, 'W_layer_units_exponent_1': 8, 'W_layer_units_exponent_2': 6, 'D_layers': 4, 'D_layer_units_exponent_0': 5, 'D_layer_units_exponent_1': 6, 'D_layer_units_exponent_2': 5, 'D_layer_units_exponent_3': 8, 'D_dagger_layers': 4, 'D_dagger_layer_units_exponent_0': 5, 'D_dagger_layer_units_exponent_1': 8, 'D_dagger_layer_units_exponent_2': 9, 'D_dagger_layer_units_exponent_3': 8, 'log_learning_rate': -3.9422140284767293, 'log_learning_rate_D': -3.5096036417694956, 'log_learning_rate_D_dagger': -2.3991122920458965, 'training_batch_size': 9, 'training_p': 4}
	 epoch  0 training error:  tensor(2.8044, device='cuda:0', grad_fn=<DivBackward0>)
Memory status after this epoch: 
Memory allocated:  5.0751953125
Memory cached:  138.0
	 epoch  10 training error:  tensor(1.3803, device='cuda:0', grad_fn=<DivBackward0>)
Memory status after this epoch: 
Memory allocated:  5.0751953125
Memory cached:  190.0
	 epoch  20 training error:  tensor(1.0937, device='cuda:0', grad_fn=<DivBackward0>)
Memory status after this epoch: 
Memory allocated:  5.0751953125
Memory cached:  194.0
	 epoch  30 training error:  tensor(1., device='cuda:0', grad_fn=<DivBackward0>)
Memory status after this epoch: 
Memory allocated:  5.0751953125
Memory cached:  196.0
	 epoch  40 training error:  tensor(1., device='cuda:0', grad_fn=<DivBackward0>)
Memory status after this epoch: 
Memory allocated:  5.0751953125
Memory cached:  200.0
	 epoch  50 training error:  tensor(1.2721, device='cuda:0', grad_fn=<DivBackward0>)
Memory status after this epoch: 
Memory allocated:  5.0751953125
Memory cached:  192.0
	 epoch  60 training error:  tensor(1.0468, device='cuda:0', grad_fn=<DivBackward0>)
Memory status after this epoch: 
Memory allocated:  5.0751953125
Memory cached:  196.0
	 epoch  70 training error:  tensor(1.0391, device='cuda:0', grad_fn=<DivBackward0>)
Memory status after this epoch: 
Memory allocated:  5.0751953125
Memory cached:  190.0
	 epoch  80 training error:  tensor(1.0356, device='cuda:0', grad_fn=<DivBackward0>)
Memory status after this epoch: 
Memory allocated:  5.0751953125
Memory cached:  192.0
	 epoch  90 training error:  tensor(1., device='cuda:0', grad_fn=<DivBackward0>)
Memory status after this epoch: 
Memory allocated:  5.0751953125
Memory cached:  200.0
[I 2023-11-29 02:50:08,876] Trial 15 finished with value: 1.0 and parameters: {'W_layers': 3, 'W_layer_units_exponent_0': 6, 'W_layer_units_exponent_1': 8, 'W_layer_units_exponent_2': 6, 'D_layers': 4, 'D_layer_units_exponent_0': 5, 'D_layer_units_exponent_1': 6, 'D_layer_units_exponent_2': 5, 'D_layer_units_exponent_3': 8, 'D_dagger_layers': 4, 'D_dagger_layer_units_exponent_0': 5, 'D_dagger_layer_units_exponent_1': 8, 'D_dagger_layer_units_exponent_2': 9, 'D_dagger_layer_units_exponent_3': 8, 'log_learning_rate': -3.9422140284767293, 'log_learning_rate_D': -3.5096036417694956, 'log_learning_rate_D_dagger': -2.3991122920458965, 'training_batch_size': 9, 'training_p': 4}. Best is trial 8 with value: 1.0.
Time for this trial:  231.6944136619568
Memory status after this trial: 
Memory allocated:  102.14599609375
Memory cached:  146.0
--------------------  Trial  16   --------------------
Start timing: 
Parameters: 
{'W_layers': 6, 'W_layer_units_exponent_0': 8, 'W_layer_units_exponent_1': 8, 'W_layer_units_exponent_2': 5, 'W_layer_units_exponent_3': 7, 'W_layer_units_exponent_4': 10, 'W_layer_units_exponent_5': 9, 'D_layers': 6, 'D_layer_units_exponent_0': 5, 'D_layer_units_exponent_1': 5, 'D_layer_units_exponent_2': 10, 'D_layer_units_exponent_3': 8, 'D_layer_units_exponent_4': 8, 'D_layer_units_exponent_5': 6, 'D_dagger_layers': 3, 'D_dagger_layer_units_exponent_0': 6, 'D_dagger_layer_units_exponent_1': 9, 'D_dagger_layer_units_exponent_2': 10, 'log_learning_rate': -4.943353910827423, 'log_learning_rate_D': -4.458649398576164, 'log_learning_rate_D_dagger': -1.6282147235453368, 'training_batch_size': 7, 'training_p': 7}
	 epoch  0 training error:  tensor(3.2085, device='cuda:0', grad_fn=<DivBackward0>)
Memory status after this epoch: 
Memory allocated:  25.9287109375
Memory cached:  168.0
	 epoch  10 training error:  tensor(16.6789, device='cuda:0', grad_fn=<DivBackward0>)
Memory status after this epoch: 
Memory allocated:  25.9287109375
Memory cached:  330.0
	 epoch  20 training error:  tensor(14.7099, device='cuda:0', grad_fn=<DivBackward0>)
Memory status after this epoch: 
Memory allocated:  25.9287109375
Memory cached:  342.0
	 epoch  30 training error:  tensor(15.7183, device='cuda:0', grad_fn=<DivBackward0>)
Memory status after this epoch: 
Memory allocated:  25.9287109375
Memory cached:  352.0
	 epoch  40 training error:  tensor(13.0912, device='cuda:0', grad_fn=<DivBackward0>)
Memory status after this epoch: 
Memory allocated:  25.9287109375
Memory cached:  358.0
	 epoch  50 training error:  tensor(11.2720, device='cuda:0', grad_fn=<DivBackward0>)
Memory status after this epoch: 
Memory allocated:  25.9287109375
Memory cached:  342.0
	 epoch  60 training error:  tensor(9.5389, device='cuda:0', grad_fn=<DivBackward0>)
Memory status after this epoch: 
Memory allocated:  25.9287109375
Memory cached:  350.0
	 epoch  70 training error:  tensor(8.8450, device='cuda:0', grad_fn=<DivBackward0>)
Memory status after this epoch: 
Memory allocated:  25.9287109375
Memory cached:  350.0
	 epoch  80 training error:  tensor(8.0324, device='cuda:0', grad_fn=<DivBackward0>)
Memory status after this epoch: 
Memory allocated:  25.9287109375
Memory cached:  352.0
	 epoch  90 training error:  tensor(6.9137, device='cuda:0', grad_fn=<DivBackward0>)
Memory status after this epoch: 
Memory allocated:  25.9287109375
Memory cached:  350.0
