[I 2023-11-29 10:30:31,001] Trial 7 finished with value: 8.838847160339355 and parameters: {'W_layers': 3, 'W_layer_units_exponent_0': 9, 'W_layer_units_exponent_1': 10, 'W_layer_units_exponent_2': 10, 'D_layers': 8, 'D_layer_units_exponent_0': 7, 'D_layer_units_exponent_1': 5, 'D_layer_units_exponent_2': 8, 'D_layer_units_exponent_3': 10, 'D_layer_units_exponent_4': 5, 'D_layer_units_exponent_5': 6, 'D_layer_units_exponent_6': 6, 'D_layer_units_exponent_7': 6, 'D_dagger_layers': 5, 'D_dagger_layer_units_exponent_0': 6, 'D_dagger_layer_units_exponent_1': 7, 'D_dagger_layer_units_exponent_2': 10, 'D_dagger_layer_units_exponent_3': 6, 'D_dagger_layer_units_exponent_4': 8, 'log_learning_rate': -3.5756353401837515, 'log_learning_rate_D': -1.8785381119801126, 'log_learning_rate_D_dagger': -4.722911221993737, 'training_batch_size': 12, 'training_p': 5}. Best is trial 4 with value: 1.0084614753723145.
Time for this trial:  335.83307790756226
Memory status after this trial: 
Memory allocated:  328.62841796875
Memory cached:  362.0
--------------------  Trial  8   --------------------
Start timing: 
Parameters: 
{'W_layers': 5, 'W_layer_units_exponent_0': 4, 'W_layer_units_exponent_1': 10, 'W_layer_units_exponent_2': 5, 'W_layer_units_exponent_3': 9, 'W_layer_units_exponent_4': 6, 'D_layers': 7, 'D_layer_units_exponent_0': 5, 'D_layer_units_exponent_1': 9, 'D_layer_units_exponent_2': 8, 'D_layer_units_exponent_3': 10, 'D_layer_units_exponent_4': 5, 'D_layer_units_exponent_5': 9, 'D_layer_units_exponent_6': 8, 'D_dagger_layers': 4, 'D_dagger_layer_units_exponent_0': 8, 'D_dagger_layer_units_exponent_1': 6, 'D_dagger_layer_units_exponent_2': 5, 'D_dagger_layer_units_exponent_3': 10, 'log_learning_rate': -1.6307799805230632, 'log_learning_rate_D': -3.129777706490171, 'log_learning_rate_D_dagger': -1.8544856374041458, 'training_batch_size': 6, 'training_p': 7}
	 epoch  0 training error:  tensor(8.0410, device='cuda:0', grad_fn=<DivBackward0>)
Memory status after this epoch: 
Memory allocated:  11.83251953125
Memory cached:  186.0
	 epoch  10 training error:  tensor(48.3949, device='cuda:0', grad_fn=<DivBackward0>)
Memory status after this epoch: 
Memory allocated:  11.83251953125
Memory cached:  324.0
	 epoch  20 training error:  tensor(55.4939, device='cuda:0', grad_fn=<DivBackward0>)
Memory status after this epoch: 
Memory allocated:  11.83251953125
Memory cached:  332.0
[W 2023-11-29 10:33:00,992] Trial 8 failed with parameters: {'W_layers': 5, 'W_layer_units_exponent_0': 4, 'W_layer_units_exponent_1': 10, 'W_layer_units_exponent_2': 5, 'W_layer_units_exponent_3': 9, 'W_layer_units_exponent_4': 6, 'D_layers': 7, 'D_layer_units_exponent_0': 5, 'D_layer_units_exponent_1': 9, 'D_layer_units_exponent_2': 8, 'D_layer_units_exponent_3': 10, 'D_layer_units_exponent_4': 5, 'D_layer_units_exponent_5': 9, 'D_layer_units_exponent_6': 8, 'D_dagger_layers': 4, 'D_dagger_layer_units_exponent_0': 8, 'D_dagger_layer_units_exponent_1': 6, 'D_dagger_layer_units_exponent_2': 5, 'D_dagger_layer_units_exponent_3': 10, 'log_learning_rate': -1.6307799805230632, 'log_learning_rate_D': -3.129777706490171, 'log_learning_rate_D_dagger': -1.8544856374041458, 'training_batch_size': 6, 'training_p': 7} because of the following error: KeyboardInterrupt().
Traceback (most recent call last):
  File "/home/shengduo/anaconda3/lib/python3.9/site-packages/optuna/study/_optimize.py", line 200, in _run_trial
    value_or_values = func(trial)
  File "/home/shengduo/RateAndStateWithPotential/TuneDimXi_logV_WDsep_deltaTSqed.py", line 209, in objective
    avg_training_loss = train1Epoch(trainDataLoader, Loss, myWD, params['training_p'])
  File "/home/shengduo/RateAndStateWithPotential/FrictionNNModels.py", line 175, in train1Epoch
    loss.backward()
  File "/home/shengduo/anaconda3/lib/python3.9/site-packages/torch/_tensor.py", line 396, in backward
    torch.autograd.backward(self, gradient, retain_graph, create_graph, inputs=inputs)
  File "/home/shengduo/anaconda3/lib/python3.9/site-packages/torch/autograd/__init__.py", line 173, in backward
    Variable._execution_engine.run_backward(  # Calls into the C++ engine to run the backward pass
KeyboardInterrupt
[W 2023-11-29 10:33:00,995] Trial 8 failed with value None.
Traceback (most recent call last):
  File "/home/shengduo/RateAndStateWithPotential/TuneDimXi_logV_WDsep_deltaTSqed.py", line 258, in <module>
    this_study.optimize(myOpt.objective, n_trials=50)
  File "/home/shengduo/anaconda3/lib/python3.9/site-packages/optuna/study/study.py", line 442, in optimize
    _optimize(
  File "/home/shengduo/anaconda3/lib/python3.9/site-packages/optuna/study/_optimize.py", line 66, in _optimize
    _optimize_sequential(
  File "/home/shengduo/anaconda3/lib/python3.9/site-packages/optuna/study/_optimize.py", line 163, in _optimize_sequential
    frozen_trial = _run_trial(study, func, catch)
  File "/home/shengduo/anaconda3/lib/python3.9/site-packages/optuna/study/_optimize.py", line 251, in _run_trial
    raise func_err
  File "/home/shengduo/anaconda3/lib/python3.9/site-packages/optuna/study/_optimize.py", line 200, in _run_trial
    value_or_values = func(trial)
  File "/home/shengduo/RateAndStateWithPotential/TuneDimXi_logV_WDsep_deltaTSqed.py", line 209, in objective
    avg_training_loss = train1Epoch(trainDataLoader, Loss, myWD, params['training_p'])
  File "/home/shengduo/RateAndStateWithPotential/FrictionNNModels.py", line 175, in train1Epoch
    loss.backward()
  File "/home/shengduo/anaconda3/lib/python3.9/site-packages/torch/_tensor.py", line 396, in backward
    torch.autograd.backward(self, gradient, retain_graph, create_graph, inputs=inputs)
  File "/home/shengduo/anaconda3/lib/python3.9/site-packages/torch/autograd/__init__.py", line 173, in backward
    Variable._execution_engine.run_backward(  # Calls into the C++ engine to run the backward pass
KeyboardInterrupt
