/home/shengduo/anaconda3/lib/python3.9/site-packages/scipy/__init__.py:146: UserWarning: A NumPy version >=1.16.5 and <1.23.0 is required for this version of SciPy (detected version 1.24.1
  warnings.warn(f"A NumPy version >={np_minversion} and <{np_maxversion}"
[I 2023-11-28 22:06:25,899] A new study created in memory with name: no-name-fb6d2b04-9e07-4012-8333-3baf04b43992
Cuda is available:  True
Device is:  cuda:0
Memory allocated:  0.0
Memory cached:  0.0
Data file:  ./data/Trial1108_bigDRS_Burigede.pt
Vs.shape:  torch.Size([100, 100])
thetas.shape:  torch.Size([100, 100])
fs.shape:  torch.Size([100, 100])
ts.shape:  torch.Size([100, 100])
Xs.shape:  torch.Size([100, 100])
--------------------  Trial  0   --------------------
Start timing: 
Parameters: 
{'W_layers': 8, 'W_layer_units_exponent_0': 6, 'W_layer_units_exponent_1': 10, 'W_layer_units_exponent_2': 10, 'W_layer_units_exponent_3': 8, 'W_layer_units_exponent_4': 5, 'W_layer_units_exponent_5': 6, 'W_layer_units_exponent_6': 6, 'W_layer_units_exponent_7': 10, 'D_layers': 4, 'D_layer_units_exponent_0': 9, 'D_layer_units_exponent_1': 8, 'D_layer_units_exponent_2': 5, 'D_layer_units_exponent_3': 10, 'D_dagger_layers': 7, 'D_dagger_layer_units_exponent_0': 10, 'D_dagger_layer_units_exponent_1': 8, 'D_dagger_layer_units_exponent_2': 7, 'D_dagger_layer_units_exponent_3': 4, 'D_dagger_layer_units_exponent_4': 6, 'D_dagger_layer_units_exponent_5': 8, 'D_dagger_layer_units_exponent_6': 5, 'log_learning_rate': -4.486027903493216, 'log_learning_rate_D': -4.1956028393199665, 'log_learning_rate_D_dagger': -3.241041033361396, 'training_batch_size': 8, 'training_p': 8}
	 epoch  0 training error:  tensor(9.6722, device='cuda:0', grad_fn=<DivBackward0>)
Memory status after this epoch: 
Memory allocated:  30.3837890625
Memory cached:  210.0
	 epoch  10 training error:  tensor(26.4723, device='cuda:0', grad_fn=<DivBackward0>)
Memory status after this epoch: 
Memory allocated:  30.3837890625
Memory cached:  414.0
	 epoch  20 training error:  tensor(15.0790, device='cuda:0', grad_fn=<DivBackward0>)
Memory status after this epoch: 
Memory allocated:  30.3837890625
Memory cached:  396.0
	 epoch  30 training error:  tensor(7.5128, device='cuda:0', grad_fn=<DivBackward0>)
Memory status after this epoch: 
Memory allocated:  30.3837890625
Memory cached:  394.0
	 epoch  40 training error:  tensor(10.8010, device='cuda:0', grad_fn=<DivBackward0>)
Memory status after this epoch: 
Memory allocated:  30.3837890625
Memory cached:  402.0
	 epoch  50 training error:  tensor(5.6101, device='cuda:0', grad_fn=<DivBackward0>)
Memory status after this epoch: 
Memory allocated:  30.3837890625
Memory cached:  398.0
	 epoch  60 training error:  tensor(13.1853, device='cuda:0', grad_fn=<DivBackward0>)
Memory status after this epoch: 
Memory allocated:  30.3837890625
Memory cached:  402.0
	 epoch  70 training error:  tensor(9.1915, device='cuda:0', grad_fn=<DivBackward0>)
Memory status after this epoch: 
Memory allocated:  30.3837890625
Memory cached:  406.0
	 epoch  80 training error:  tensor(7.3501, device='cuda:0', grad_fn=<DivBackward0>)
Memory status after this epoch: 
Memory allocated:  30.3837890625
Memory cached:  404.0
	 epoch  90 training error:  tensor(6.6657, device='cuda:0', grad_fn=<DivBackward0>)
Memory status after this epoch: 
Memory allocated:  30.3837890625
Memory cached:  402.0
[I 2023-11-28 22:12:58,257] Trial 0 finished with value: 5.096315383911133 and parameters: {'W_layers': 8, 'W_layer_units_exponent_0': 6, 'W_layer_units_exponent_1': 10, 'W_layer_units_exponent_2': 10, 'W_layer_units_exponent_3': 8, 'W_layer_units_exponent_4': 5, 'W_layer_units_exponent_5': 6, 'W_layer_units_exponent_6': 6, 'W_layer_units_exponent_7': 10, 'D_layers': 4, 'D_layer_units_exponent_0': 9, 'D_layer_units_exponent_1': 8, 'D_layer_units_exponent_2': 5, 'D_layer_units_exponent_3': 10, 'D_dagger_layers': 7, 'D_dagger_layer_units_exponent_0': 10, 'D_dagger_layer_units_exponent_1': 8, 'D_dagger_layer_units_exponent_2': 7, 'D_dagger_layer_units_exponent_3': 4, 'D_dagger_layer_units_exponent_4': 6, 'D_dagger_layer_units_exponent_5': 8, 'D_dagger_layer_units_exponent_6': 5, 'log_learning_rate': -4.486027903493216, 'log_learning_rate_D': -4.1956028393199665, 'log_learning_rate_D_dagger': -3.241041033361396, 'training_batch_size': 8, 'training_p': 8}. Best is trial 0 with value: 5.096315383911133.
Time for this trial:  392.2406346797943
Memory status after this trial: 
Memory allocated:  402.9560546875
Memory cached:  424.0
--------------------  Trial  1   --------------------
Start timing: 
Parameters: 
{'W_layers': 8, 'W_layer_units_exponent_0': 5, 'W_layer_units_exponent_1': 4, 'W_layer_units_exponent_2': 6, 'W_layer_units_exponent_3': 7, 'W_layer_units_exponent_4': 9, 'W_layer_units_exponent_5': 10, 'W_layer_units_exponent_6': 9, 'W_layer_units_exponent_7': 7, 'D_layers': 7, 'D_layer_units_exponent_0': 10, 'D_layer_units_exponent_1': 9, 'D_layer_units_exponent_2': 6, 'D_layer_units_exponent_3': 5, 'D_layer_units_exponent_4': 10, 'D_layer_units_exponent_5': 7, 'D_layer_units_exponent_6': 4, 'D_dagger_layers': 6, 'D_dagger_layer_units_exponent_0': 7, 'D_dagger_layer_units_exponent_1': 10, 'D_dagger_layer_units_exponent_2': 9, 'D_dagger_layer_units_exponent_3': 7, 'D_dagger_layer_units_exponent_4': 7, 'D_dagger_layer_units_exponent_5': 5, 'log_learning_rate': -2.3981127049515245, 'log_learning_rate_D': -2.3301935709849735, 'log_learning_rate_D_dagger': -1.5561143208668988, 'training_batch_size': 6, 'training_p': 7}
	 epoch  0 training error:  tensor(9.3166, device='cuda:0', grad_fn=<DivBackward0>)
Memory status after this epoch: 
Memory allocated:  41.12109375
Memory cached:  240.0
	 epoch  10 training error:  tensor(3.2350, device='cuda:0', grad_fn=<DivBackward0>)
Memory status after this epoch: 
Memory allocated:  41.12109375
Memory cached:  360.0
	 epoch  20 training error:  tensor(2.2228, device='cuda:0', grad_fn=<DivBackward0>)
Memory status after this epoch: 
Memory allocated:  41.12109375
Memory cached:  364.0
	 epoch  30 training error:  tensor(2.1410, device='cuda:0', grad_fn=<DivBackward0>)
Memory status after this epoch: 
Memory allocated:  41.12109375
Memory cached:  358.0
	 epoch  40 training error:  tensor(4.2061, device='cuda:0', grad_fn=<DivBackward0>)
Memory status after this epoch: 
Memory allocated:  41.12109375
Memory cached:  384.0
[W 2023-11-28 22:18:57,148] Trial 1 failed with parameters: {'W_layers': 8, 'W_layer_units_exponent_0': 5, 'W_layer_units_exponent_1': 4, 'W_layer_units_exponent_2': 6, 'W_layer_units_exponent_3': 7, 'W_layer_units_exponent_4': 9, 'W_layer_units_exponent_5': 10, 'W_layer_units_exponent_6': 9, 'W_layer_units_exponent_7': 7, 'D_layers': 7, 'D_layer_units_exponent_0': 10, 'D_layer_units_exponent_1': 9, 'D_layer_units_exponent_2': 6, 'D_layer_units_exponent_3': 5, 'D_layer_units_exponent_4': 10, 'D_layer_units_exponent_5': 7, 'D_layer_units_exponent_6': 4, 'D_dagger_layers': 6, 'D_dagger_layer_units_exponent_0': 7, 'D_dagger_layer_units_exponent_1': 10, 'D_dagger_layer_units_exponent_2': 9, 'D_dagger_layer_units_exponent_3': 7, 'D_dagger_layer_units_exponent_4': 7, 'D_dagger_layer_units_exponent_5': 5, 'log_learning_rate': -2.3981127049515245, 'log_learning_rate_D': -2.3301935709849735, 'log_learning_rate_D_dagger': -1.5561143208668988, 'training_batch_size': 6, 'training_p': 7} because of the following error: The value nan is not acceptable.
[W 2023-11-28 22:18:57,149] Trial 1 failed with value tensor(nan, device='cuda:0', grad_fn=<DivBackward0>).
Time for this trial:  358.68180084228516
Memory status after this trial: 
Memory allocated:  408.85498046875
Memory cached:  438.0
--------------------  Trial  2   --------------------
Start timing: 
Parameters: 
{'W_layers': 3, 'W_layer_units_exponent_0': 7, 'W_layer_units_exponent_1': 8, 'W_layer_units_exponent_2': 8, 'D_layers': 4, 'D_layer_units_exponent_0': 4, 'D_layer_units_exponent_1': 10, 'D_layer_units_exponent_2': 10, 'D_layer_units_exponent_3': 8, 'D_dagger_layers': 2, 'D_dagger_layer_units_exponent_0': 5, 'D_dagger_layer_units_exponent_1': 10, 'log_learning_rate': -4.945493604873295, 'log_learning_rate_D': -4.0717110659663165, 'log_learning_rate_D_dagger': -3.1817819780379275, 'training_batch_size': 9, 'training_p': 6}
	 epoch  0 training error:  tensor(1.8549, device='cuda:0', grad_fn=<DivBackward0>)
Memory status after this epoch: 
Memory allocated:  22.626953125
Memory cached:  156.0
	 epoch  10 training error:  tensor(2.2144, device='cuda:0', grad_fn=<DivBackward0>)
Memory status after this epoch: 
Memory allocated:  22.626953125
Memory cached:  264.0
	 epoch  20 training error:  tensor(2.1799, device='cuda:0', grad_fn=<DivBackward0>)
Memory status after this epoch: 
Memory allocated:  22.626953125
Memory cached:  252.0
	 epoch  30 training error:  tensor(2.3454, device='cuda:0', grad_fn=<DivBackward0>)
Memory status after this epoch: 
Memory allocated:  22.626953125
Memory cached:  254.0
	 epoch  40 training error:  tensor(2.3675, device='cuda:0', grad_fn=<DivBackward0>)
Memory status after this epoch: 
Memory allocated:  22.626953125
Memory cached:  266.0
	 epoch  50 training error:  tensor(2.4147, device='cuda:0', grad_fn=<DivBackward0>)
Memory status after this epoch: 
Memory allocated:  22.626953125
Memory cached:  266.0
	 epoch  60 training error:  tensor(2.2977, device='cuda:0', grad_fn=<DivBackward0>)
Memory status after this epoch: 
Memory allocated:  22.626953125
Memory cached:  272.0
	 epoch  70 training error:  tensor(2.2755, device='cuda:0', grad_fn=<DivBackward0>)
Memory status after this epoch: 
Memory allocated:  22.626953125
Memory cached:  274.0
	 epoch  80 training error:  tensor(2.4914, device='cuda:0', grad_fn=<DivBackward0>)
Memory status after this epoch: 
Memory allocated:  22.626953125
Memory cached:  278.0
	 epoch  90 training error:  tensor(2.2738, device='cuda:0', grad_fn=<DivBackward0>)
Memory status after this epoch: 
Memory allocated:  22.626953125
Memory cached:  268.0
[I 2023-11-28 22:22:41,611] Trial 2 finished with value: 1.7333393096923828 and parameters: {'W_layers': 3, 'W_layer_units_exponent_0': 7, 'W_layer_units_exponent_1': 8, 'W_layer_units_exponent_2': 8, 'D_layers': 4, 'D_layer_units_exponent_0': 4, 'D_layer_units_exponent_1': 10, 'D_layer_units_exponent_2': 10, 'D_layer_units_exponent_3': 8, 'D_dagger_layers': 2, 'D_dagger_layer_units_exponent_0': 5, 'D_dagger_layer_units_exponent_1': 10, 'log_learning_rate': -4.945493604873295, 'log_learning_rate_D': -4.0717110659663165, 'log_learning_rate_D_dagger': -3.1817819780379275, 'training_batch_size': 9, 'training_p': 6}. Best is trial 2 with value: 1.7333393096923828.
Time for this trial:  224.28183436393738
Memory status after this trial: 
Memory allocated:  228.5810546875
Memory cached:  244.0
--------------------  Trial  3   --------------------
Start timing: 
Parameters: 
{'W_layers': 4, 'W_layer_units_exponent_0': 5, 'W_layer_units_exponent_1': 4, 'W_layer_units_exponent_2': 5, 'W_layer_units_exponent_3': 9, 'D_layers': 7, 'D_layer_units_exponent_0': 8, 'D_layer_units_exponent_1': 7, 'D_layer_units_exponent_2': 9, 'D_layer_units_exponent_3': 6, 'D_layer_units_exponent_4': 6, 'D_layer_units_exponent_5': 4, 'D_layer_units_exponent_6': 8, 'D_dagger_layers': 6, 'D_dagger_layer_units_exponent_0': 9, 'D_dagger_layer_units_exponent_1': 10, 'D_dagger_layer_units_exponent_2': 9, 'D_dagger_layer_units_exponent_3': 4, 'D_dagger_layer_units_exponent_4': 9, 'D_dagger_layer_units_exponent_5': 10, 'log_learning_rate': -1.5923601174381696, 'log_learning_rate_D': -3.4910614105838054, 'log_learning_rate_D_dagger': -4.587581563430475, 'training_batch_size': 9, 'training_p': 2}
	 epoch  0 training error:  tensor(1.4001, device='cuda:0', grad_fn=<DivBackward0>)
Memory status after this epoch: 
Memory allocated:  27.1591796875
Memory cached:  202.0
	 epoch  10 training error:  tensor(1.2493, device='cuda:0', grad_fn=<DivBackward0>)
Memory status after this epoch: 
Memory allocated:  27.1591796875
Memory cached:  352.0
	 epoch  20 training error:  tensor(1.8383, device='cuda:0', grad_fn=<DivBackward0>)
Memory status after this epoch: 
Memory allocated:  27.1591796875
Memory cached:  356.0
	 epoch  30 training error:  tensor(1., device='cuda:0', grad_fn=<DivBackward0>)
Memory status after this epoch: 
Memory allocated:  27.1591796875
Memory cached:  364.0
	 epoch  40 training error:  tensor(1.3923, device='cuda:0', grad_fn=<DivBackward0>)
Memory status after this epoch: 
Memory allocated:  27.1591796875
Memory cached:  350.0
	 epoch  50 training error:  tensor(1., device='cuda:0', grad_fn=<DivBackward0>)
Memory status after this epoch: 
Memory allocated:  27.1591796875
Memory cached:  366.0
	 epoch  60 training error:  tensor(1., device='cuda:0', grad_fn=<DivBackward0>)
Memory status after this epoch: 
Memory allocated:  27.1591796875
Memory cached:  346.0
	 epoch  70 training error:  tensor(1., device='cuda:0', grad_fn=<DivBackward0>)
Memory status after this epoch: 
Memory allocated:  27.1591796875
Memory cached:  362.0
	 epoch  80 training error:  tensor(1., device='cuda:0', grad_fn=<DivBackward0>)
Memory status after this epoch: 
Memory allocated:  27.1591796875
Memory cached:  350.0
	 epoch  90 training error:  tensor(1., device='cuda:0', grad_fn=<DivBackward0>)
Memory status after this epoch: 
Memory allocated:  27.1591796875
Memory cached:  358.0
[I 2023-11-28 22:28:29,999] Trial 3 finished with value: 4.721348762512207 and parameters: {'W_layers': 4, 'W_layer_units_exponent_0': 5, 'W_layer_units_exponent_1': 4, 'W_layer_units_exponent_2': 5, 'W_layer_units_exponent_3': 9, 'D_layers': 7, 'D_layer_units_exponent_0': 8, 'D_layer_units_exponent_1': 7, 'D_layer_units_exponent_2': 9, 'D_layer_units_exponent_3': 6, 'D_layer_units_exponent_4': 6, 'D_layer_units_exponent_5': 4, 'D_layer_units_exponent_6': 8, 'D_dagger_layers': 6, 'D_dagger_layer_units_exponent_0': 9, 'D_dagger_layer_units_exponent_1': 10, 'D_dagger_layer_units_exponent_2': 9, 'D_dagger_layer_units_exponent_3': 4, 'D_dagger_layer_units_exponent_4': 9, 'D_dagger_layer_units_exponent_5': 10, 'log_learning_rate': -1.5923601174381696, 'log_learning_rate_D': -3.4910614105838054, 'log_learning_rate_D_dagger': -4.587581563430475, 'training_batch_size': 9, 'training_p': 2}. Best is trial 2 with value: 1.7333393096923828.
Time for this trial:  348.2355463504791
Memory status after this trial: 
Memory allocated:  311.826171875
Memory cached:  322.0
--------------------  Trial  4   --------------------
Start timing: 
Parameters: 
{'W_layers': 2, 'W_layer_units_exponent_0': 7, 'W_layer_units_exponent_1': 4, 'D_layers': 4, 'D_layer_units_exponent_0': 7, 'D_layer_units_exponent_1': 4, 'D_layer_units_exponent_2': 7, 'D_layer_units_exponent_3': 9, 'D_dagger_layers': 3, 'D_dagger_layer_units_exponent_0': 5, 'D_dagger_layer_units_exponent_1': 9, 'D_dagger_layer_units_exponent_2': 7, 'log_learning_rate': -4.761135962404005, 'log_learning_rate_D': -3.1528505015902626, 'log_learning_rate_D_dagger': -4.528204508452681, 'training_batch_size': 6, 'training_p': 3}
	 epoch  0 training error:  tensor(1.9235, device='cuda:0', grad_fn=<DivBackward0>)
Memory status after this epoch: 
Memory allocated:  2.611328125
Memory cached:  90.0
	 epoch  10 training error:  tensor(1.9034, device='cuda:0', grad_fn=<DivBackward0>)
Memory status after this epoch: 
Memory allocated:  2.611328125
Memory cached:  134.0
	 epoch  20 training error:  tensor(1.6473, device='cuda:0', grad_fn=<DivBackward0>)
Memory status after this epoch: 
Memory allocated:  2.611328125
Memory cached:  130.0
	 epoch  30 training error:  tensor(1.5582, device='cuda:0', grad_fn=<DivBackward0>)
Memory status after this epoch: 
Memory allocated:  2.611328125
Memory cached:  130.0
	 epoch  40 training error:  tensor(1.5567, device='cuda:0', grad_fn=<DivBackward0>)
Memory status after this epoch: 
Memory allocated:  2.611328125
Memory cached:  138.0
	 epoch  50 training error:  tensor(1.5068, device='cuda:0', grad_fn=<DivBackward0>)
Memory status after this epoch: 
Memory allocated:  2.611328125
Memory cached:  130.0
	 epoch  60 training error:  tensor(1.3584, device='cuda:0', grad_fn=<DivBackward0>)
Memory status after this epoch: 
Memory allocated:  2.611328125
Memory cached:  126.0
	 epoch  70 training error:  tensor(1.3797, device='cuda:0', grad_fn=<DivBackward0>)
Memory status after this epoch: 
Memory allocated:  2.611328125
Memory cached:  130.0
	 epoch  80 training error:  tensor(1.4269, device='cuda:0', grad_fn=<DivBackward0>)
Memory status after this epoch: 
Memory allocated:  2.611328125
Memory cached:  128.0
	 epoch  90 training error:  tensor(1.4210, device='cuda:0', grad_fn=<DivBackward0>)
Memory status after this epoch: 
Memory allocated:  2.611328125
Memory cached:  128.0
[I 2023-11-28 22:35:06,283] Trial 4 finished with value: 1.1843699216842651 and parameters: {'W_layers': 2, 'W_layer_units_exponent_0': 7, 'W_layer_units_exponent_1': 4, 'D_layers': 4, 'D_layer_units_exponent_0': 7, 'D_layer_units_exponent_1': 4, 'D_layer_units_exponent_2': 7, 'D_layer_units_exponent_3': 9, 'D_dagger_layers': 3, 'D_dagger_layer_units_exponent_0': 5, 'D_dagger_layer_units_exponent_1': 9, 'D_dagger_layer_units_exponent_2': 7, 'log_learning_rate': -4.761135962404005, 'log_learning_rate_D': -3.1528505015902626, 'log_learning_rate_D_dagger': -4.528204508452681, 'training_batch_size': 6, 'training_p': 3}. Best is trial 4 with value: 1.1843699216842651.
Time for this trial:  396.11138367652893
Memory status after this trial: 
Memory allocated:  88.818359375
Memory cached:  122.0
--------------------  Trial  5   --------------------
Start timing: 
Parameters: 
{'W_layers': 6, 'W_layer_units_exponent_0': 10, 'W_layer_units_exponent_1': 10, 'W_layer_units_exponent_2': 9, 'W_layer_units_exponent_3': 6, 'W_layer_units_exponent_4': 7, 'W_layer_units_exponent_5': 8, 'D_layers': 3, 'D_layer_units_exponent_0': 10, 'D_layer_units_exponent_1': 9, 'D_layer_units_exponent_2': 5, 'D_dagger_layers': 4, 'D_dagger_layer_units_exponent_0': 8, 'D_dagger_layer_units_exponent_1': 5, 'D_dagger_layer_units_exponent_2': 9, 'D_dagger_layer_units_exponent_3': 7, 'log_learning_rate': -3.3276539772364577, 'log_learning_rate_D': -4.22213385505345, 'log_learning_rate_D_dagger': -2.1492958411197045, 'training_batch_size': 6, 'training_p': 5}
	 epoch  0 training error:  tensor(5.6024, device='cuda:0', grad_fn=<DivBackward0>)
Memory status after this epoch: 
Memory allocated:  35.25390625
Memory cached:  212.0
	 epoch  10 training error:  tensor(1.1923, device='cuda:0', grad_fn=<DivBackward0>)
Memory status after this epoch: 
Memory allocated:  35.25390625
Memory cached:  314.0
	 epoch  20 training error:  tensor(1.6572, device='cuda:0', grad_fn=<DivBackward0>)
Memory status after this epoch: 
Memory allocated:  35.25390625
Memory cached:  314.0
	 epoch  30 training error:  tensor(1.3434, device='cuda:0', grad_fn=<DivBackward0>)
Memory status after this epoch: 
Memory allocated:  35.25390625
Memory cached:  320.0
	 epoch  40 training error:  tensor(1.0447, device='cuda:0', grad_fn=<DivBackward0>)
Memory status after this epoch: 
Memory allocated:  35.25390625
Memory cached:  330.0
	 epoch  50 training error:  tensor(1.0546, device='cuda:0', grad_fn=<DivBackward0>)
Memory status after this epoch: 
Memory allocated:  35.25390625
Memory cached:  326.0
	 epoch  60 training error:  tensor(1.0962, device='cuda:0', grad_fn=<DivBackward0>)
Memory status after this epoch: 
Memory allocated:  35.25390625
Memory cached:  322.0
	 epoch  70 training error:  tensor(1.0711, device='cuda:0', grad_fn=<DivBackward0>)
Memory status after this epoch: 
Memory allocated:  35.25390625
Memory cached:  310.0
	 epoch  80 training error:  tensor(1.0338, device='cuda:0', grad_fn=<DivBackward0>)
Memory status after this epoch: 
Memory allocated:  35.25390625
Memory cached:  318.0
	 epoch  90 training error:  tensor(1.0465, device='cuda:0', grad_fn=<DivBackward0>)
Memory status after this epoch: 
Memory allocated:  35.25390625
Memory cached:  316.0
