[I 2023-11-29 08:57:49,430] Trial 38 finished with value: 1.0 and parameters: {'W_layers': 6, 'W_layer_units_exponent_0': 9, 'W_layer_units_exponent_1': 9, 'W_layer_units_exponent_2': 8, 'W_layer_units_exponent_3': 10, 'W_layer_units_exponent_4': 10, 'W_layer_units_exponent_5': 8, 'D_layers': 4, 'D_layer_units_exponent_0': 5, 'D_layer_units_exponent_1': 5, 'D_layer_units_exponent_2': 9, 'D_layer_units_exponent_3': 5, 'D_dagger_layers': 3, 'D_dagger_layer_units_exponent_0': 10, 'D_dagger_layer_units_exponent_1': 10, 'D_dagger_layer_units_exponent_2': 5, 'log_learning_rate': -2.0778072359588533, 'log_learning_rate_D': -3.0843364046576873, 'log_learning_rate_D_dagger': -1.309314462013742, 'training_batch_size': 7, 'training_p': 2}. Best is trial 0 with value: 1.0.
Time for this trial:  298.95714259147644
Memory status after this trial: 
Memory allocated:  364.1689453125
Memory cached:  378.0
--------------------  Trial  39   --------------------
Start timing: 
Parameters: 
{'W_layers': 7, 'W_layer_units_exponent_0': 5, 'W_layer_units_exponent_1': 10, 'W_layer_units_exponent_2': 4, 'W_layer_units_exponent_3': 8, 'W_layer_units_exponent_4': 7, 'W_layer_units_exponent_5': 6, 'W_layer_units_exponent_6': 7, 'D_layers': 3, 'D_layer_units_exponent_0': 6, 'D_layer_units_exponent_1': 6, 'D_layer_units_exponent_2': 8, 'D_dagger_layers': 4, 'D_dagger_layer_units_exponent_0': 9, 'D_dagger_layer_units_exponent_1': 9, 'D_dagger_layer_units_exponent_2': 4, 'D_dagger_layer_units_exponent_3': 6, 'log_learning_rate': -2.8794352689387894, 'log_learning_rate_D': -2.185603961812751, 'log_learning_rate_D_dagger': -2.146617701101347, 'training_batch_size': 6, 'training_p': 6}
	 epoch  0 training error:  tensor(5.4992, device='cuda:0', grad_fn=<DivBackward0>)
Memory status after this epoch: 
Memory allocated:  6.41748046875
Memory cached:  146.0
	 epoch  10 training error:  tensor(1.6072, device='cuda:0', grad_fn=<DivBackward0>)
Memory status after this epoch: 
Memory allocated:  6.41748046875
Memory cached:  262.0
	 epoch  20 training error:  tensor(3.0380, device='cuda:0', grad_fn=<DivBackward0>)
Memory status after this epoch: 
Memory allocated:  6.41748046875
Memory cached:  264.0
	 epoch  30 training error:  tensor(2.7599, device='cuda:0', grad_fn=<DivBackward0>)
Memory status after this epoch: 
Memory allocated:  6.41748046875
Memory cached:  256.0
	 epoch  40 training error:  tensor(2.3809, device='cuda:0', grad_fn=<DivBackward0>)
Memory status after this epoch: 
Memory allocated:  6.41748046875
Memory cached:  260.0
	 epoch  50 training error:  tensor(2.1048, device='cuda:0', grad_fn=<DivBackward0>)
Memory status after this epoch: 
Memory allocated:  6.41748046875
Memory cached:  252.0
	 epoch  60 training error:  tensor(1.8260, device='cuda:0', grad_fn=<DivBackward0>)
Memory status after this epoch: 
Memory allocated:  6.41748046875
Memory cached:  252.0
	 epoch  70 training error:  tensor(1.7310, device='cuda:0', grad_fn=<DivBackward0>)
Memory status after this epoch: 
Memory allocated:  6.41748046875
Memory cached:  254.0
	 epoch  80 training error:  tensor(1.5404, device='cuda:0', grad_fn=<DivBackward0>)
Memory status after this epoch: 
Memory allocated:  6.41748046875
Memory cached:  260.0
	 epoch  90 training error:  tensor(1.4841, device='cuda:0', grad_fn=<DivBackward0>)
Memory status after this epoch: 
Memory allocated:  6.41748046875
Memory cached:  254.0
[I 2023-11-29 09:07:02,148] Trial 39 finished with value: 1.1942447423934937 and parameters: {'W_layers': 7, 'W_layer_units_exponent_0': 5, 'W_layer_units_exponent_1': 10, 'W_layer_units_exponent_2': 4, 'W_layer_units_exponent_3': 8, 'W_layer_units_exponent_4': 7, 'W_layer_units_exponent_5': 6, 'W_layer_units_exponent_6': 7, 'D_layers': 3, 'D_layer_units_exponent_0': 6, 'D_layer_units_exponent_1': 6, 'D_layer_units_exponent_2': 8, 'D_dagger_layers': 4, 'D_dagger_layer_units_exponent_0': 9, 'D_dagger_layer_units_exponent_1': 9, 'D_dagger_layer_units_exponent_2': 4, 'D_dagger_layer_units_exponent_3': 6, 'log_learning_rate': -2.8794352689387894, 'log_learning_rate_D': -2.185603961812751, 'log_learning_rate_D_dagger': -2.146617701101347, 'training_batch_size': 6, 'training_p': 6}. Best is trial 0 with value: 1.0.
Time for this trial:  552.4351637363434
Memory status after this trial: 
Memory allocated:  174.34423828125
Memory cached:  200.0
--------------------  Trial  40   --------------------
Start timing: 
Parameters: 
{'W_layers': 3, 'W_layer_units_exponent_0': 6, 'W_layer_units_exponent_1': 8, 'W_layer_units_exponent_2': 7, 'D_layers': 6, 'D_layer_units_exponent_0': 7, 'D_layer_units_exponent_1': 5, 'D_layer_units_exponent_2': 7, 'D_layer_units_exponent_3': 7, 'D_layer_units_exponent_4': 4, 'D_layer_units_exponent_5': 5, 'D_dagger_layers': 2, 'D_dagger_layer_units_exponent_0': 10, 'D_dagger_layer_units_exponent_1': 5, 'log_learning_rate': -2.472200057446482, 'log_learning_rate_D': -3.587840281283754, 'log_learning_rate_D_dagger': -1.7757248774597902, 'training_batch_size': 12, 'training_p': 5}
	 epoch  0 training error:  tensor(1.7402, device='cuda:0', grad_fn=<DivBackward0>)
Memory status after this epoch: 
Memory allocated:  2.0126953125
Memory cached:  132.0
	 epoch  10 training error:  tensor(1.9373, device='cuda:0', grad_fn=<DivBackward0>)
Memory status after this epoch: 
Memory allocated:  2.0126953125
Memory cached:  204.0
	 epoch  20 training error:  tensor(2.6580, device='cuda:0', grad_fn=<DivBackward0>)
Memory status after this epoch: 
Memory allocated:  2.0126953125
Memory cached:  202.0
	 epoch  30 training error:  tensor(1.9765, device='cuda:0', grad_fn=<DivBackward0>)
Memory status after this epoch: 
Memory allocated:  2.0126953125
Memory cached:  194.0
	 epoch  40 training error:  tensor(2.5691, device='cuda:0', grad_fn=<DivBackward0>)
Memory status after this epoch: 
Memory allocated:  2.0126953125
Memory cached:  208.0
	 epoch  50 training error:  tensor(2.0482, device='cuda:0', grad_fn=<DivBackward0>)
Memory status after this epoch: 
Memory allocated:  2.0126953125
Memory cached:  206.0
	 epoch  60 training error:  tensor(1.9307, device='cuda:0', grad_fn=<DivBackward0>)
Memory status after this epoch: 
Memory allocated:  2.0126953125
Memory cached:  200.0
	 epoch  70 training error:  tensor(1.8615, device='cuda:0', grad_fn=<DivBackward0>)
Memory status after this epoch: 
Memory allocated:  2.0126953125
Memory cached:  192.0
	 epoch  80 training error:  tensor(1.9350, device='cuda:0', grad_fn=<DivBackward0>)
Memory status after this epoch: 
Memory allocated:  2.0126953125
Memory cached:  206.0
	 epoch  90 training error:  tensor(1.8229, device='cuda:0', grad_fn=<DivBackward0>)
Memory status after this epoch: 
Memory allocated:  2.0126953125
Memory cached:  200.0
[I 2023-11-29 09:10:59,910] Trial 40 finished with value: 1.4970752000808716 and parameters: {'W_layers': 3, 'W_layer_units_exponent_0': 6, 'W_layer_units_exponent_1': 8, 'W_layer_units_exponent_2': 7, 'D_layers': 6, 'D_layer_units_exponent_0': 7, 'D_layer_units_exponent_1': 5, 'D_layer_units_exponent_2': 7, 'D_layer_units_exponent_3': 7, 'D_layer_units_exponent_4': 4, 'D_layer_units_exponent_5': 5, 'D_dagger_layers': 2, 'D_dagger_layer_units_exponent_0': 10, 'D_dagger_layer_units_exponent_1': 5, 'log_learning_rate': -2.472200057446482, 'log_learning_rate_D': -3.587840281283754, 'log_learning_rate_D_dagger': -1.7757248774597902, 'training_batch_size': 12, 'training_p': 5}. Best is trial 0 with value: 1.0.
Time for this trial:  237.51354217529297
Memory status after this trial: 
Memory allocated:  108.529296875
Memory cached:  142.0
--------------------  Trial  41   --------------------
Start timing: 
Parameters: 
{'W_layers': 5, 'W_layer_units_exponent_0': 7, 'W_layer_units_exponent_1': 4, 'W_layer_units_exponent_2': 10, 'W_layer_units_exponent_3': 9, 'W_layer_units_exponent_4': 6, 'D_layers': 2, 'D_layer_units_exponent_0': 5, 'D_layer_units_exponent_1': 10, 'D_dagger_layers': 8, 'D_dagger_layer_units_exponent_0': 8, 'D_dagger_layer_units_exponent_1': 9, 'D_dagger_layer_units_exponent_2': 7, 'D_dagger_layer_units_exponent_3': 5, 'D_dagger_layer_units_exponent_4': 7, 'D_dagger_layer_units_exponent_5': 10, 'D_dagger_layer_units_exponent_6': 10, 'D_dagger_layer_units_exponent_7': 9, 'log_learning_rate': -2.186795659990776, 'log_learning_rate_D': -2.4564428093600363, 'log_learning_rate_D_dagger': -1.0044707657133993, 'training_batch_size': 8, 'training_p': 8}
	 epoch  0 training error:  tensor(8.5256, device='cuda:0', grad_fn=<DivBackward0>)
Memory status after this epoch: 
Memory allocated:  38.9443359375
Memory cached:  220.0
	 epoch  10 training error:  tensor(4.0085, device='cuda:0', grad_fn=<DivBackward0>)
Memory status after this epoch: 
Memory allocated:  38.9443359375
Memory cached:  388.0
	 epoch  20 training error:  tensor(71.5581, device='cuda:0', grad_fn=<DivBackward0>)
Memory status after this epoch: 
Memory allocated:  38.9443359375
Memory cached:  398.0
	 epoch  30 training error:  tensor(55.5974, device='cuda:0', grad_fn=<DivBackward0>)
Memory status after this epoch: 
Memory allocated:  38.9443359375
Memory cached:  384.0
	 epoch  40 training error:  tensor(35.9764, device='cuda:0', grad_fn=<DivBackward0>)
Memory status after this epoch: 
Memory allocated:  38.9443359375
Memory cached:  402.0
	 epoch  50 training error:  tensor(1., device='cuda:0', grad_fn=<DivBackward0>)
Memory status after this epoch: 
Memory allocated:  38.9443359375
Memory cached:  382.0
	 epoch  60 training error:  tensor(1., device='cuda:0', grad_fn=<DivBackward0>)
Memory status after this epoch: 
Memory allocated:  38.9443359375
Memory cached:  396.0
	 epoch  70 training error:  tensor(1., device='cuda:0', grad_fn=<DivBackward0>)
Memory status after this epoch: 
Memory allocated:  38.9443359375
Memory cached:  392.0
	 epoch  80 training error:  tensor(1., device='cuda:0', grad_fn=<DivBackward0>)
Memory status after this epoch: 
Memory allocated:  38.9443359375
Memory cached:  382.0
	 epoch  90 training error:  tensor(1., device='cuda:0', grad_fn=<DivBackward0>)
Memory status after this epoch: 
Memory allocated:  38.9443359375
Memory cached:  400.0
[I 2023-11-29 09:16:28,918] Trial 41 finished with value: 1.0 and parameters: {'W_layers': 5, 'W_layer_units_exponent_0': 7, 'W_layer_units_exponent_1': 4, 'W_layer_units_exponent_2': 10, 'W_layer_units_exponent_3': 9, 'W_layer_units_exponent_4': 6, 'D_layers': 2, 'D_layer_units_exponent_0': 5, 'D_layer_units_exponent_1': 10, 'D_dagger_layers': 8, 'D_dagger_layer_units_exponent_0': 8, 'D_dagger_layer_units_exponent_1': 9, 'D_dagger_layer_units_exponent_2': 7, 'D_dagger_layer_units_exponent_3': 5, 'D_dagger_layer_units_exponent_4': 7, 'D_dagger_layer_units_exponent_5': 10, 'D_dagger_layer_units_exponent_6': 10, 'D_dagger_layer_units_exponent_7': 9, 'log_learning_rate': -2.186795659990776, 'log_learning_rate_D': -2.4564428093600363, 'log_learning_rate_D_dagger': -1.0044707657133993, 'training_batch_size': 8, 'training_p': 8}. Best is trial 0 with value: 1.0.
Time for this trial:  328.7551543712616
Memory status after this trial: 
Memory allocated:  367.5625
Memory cached:  376.0
--------------------  Trial  42   --------------------
Start timing: 
Parameters: 
{'W_layers': 3, 'W_layer_units_exponent_0': 10, 'W_layer_units_exponent_1': 7, 'W_layer_units_exponent_2': 6, 'D_layers': 4, 'D_layer_units_exponent_0': 4, 'D_layer_units_exponent_1': 7, 'D_layer_units_exponent_2': 9, 'D_layer_units_exponent_3': 6, 'D_dagger_layers': 3, 'D_dagger_layer_units_exponent_0': 5, 'D_dagger_layer_units_exponent_1': 4, 'D_dagger_layer_units_exponent_2': 6, 'log_learning_rate': -3.201670995460387, 'log_learning_rate_D': -2.74574701340747, 'log_learning_rate_D_dagger': -1.9869093778870344, 'training_batch_size': 11, 'training_p': 3}
	 epoch  0 training error:  tensor(2.8100, device='cuda:0', grad_fn=<DivBackward0>)
Memory status after this epoch: 
Memory allocated:  3.96826171875
Memory cached:  120.0
	 epoch  10 training error:  tensor(1.6098, device='cuda:0', grad_fn=<DivBackward0>)
Memory status after this epoch: 
Memory allocated:  3.96826171875
Memory cached:  208.0
	 epoch  20 training error:  tensor(1.2160, device='cuda:0', grad_fn=<DivBackward0>)
Memory status after this epoch: 
Memory allocated:  3.96826171875
Memory cached:  202.0
	 epoch  30 training error:  tensor(1.1253, device='cuda:0', grad_fn=<DivBackward0>)
Memory status after this epoch: 
Memory allocated:  3.96826171875
Memory cached:  196.0
	 epoch  40 training error:  tensor(1.0831, device='cuda:0', grad_fn=<DivBackward0>)
Memory status after this epoch: 
Memory allocated:  3.96826171875
Memory cached:  202.0
	 epoch  50 training error:  tensor(1.0530, device='cuda:0', grad_fn=<DivBackward0>)
Memory status after this epoch: 
Memory allocated:  3.96826171875
Memory cached:  202.0
	 epoch  60 training error:  tensor(1.0444, device='cuda:0', grad_fn=<DivBackward0>)
Memory status after this epoch: 
Memory allocated:  3.96826171875
Memory cached:  196.0
	 epoch  70 training error:  tensor(1.0299, device='cuda:0', grad_fn=<DivBackward0>)
Memory status after this epoch: 
Memory allocated:  3.96826171875
Memory cached:  210.0
	 epoch  80 training error:  tensor(1.0355, device='cuda:0', grad_fn=<DivBackward0>)
Memory status after this epoch: 
Memory allocated:  3.96826171875
Memory cached:  206.0
	 epoch  90 training error:  tensor(1.0301, device='cuda:0', grad_fn=<DivBackward0>)
Memory status after this epoch: 
Memory allocated:  3.96826171875
Memory cached:  206.0
[I 2023-11-29 09:20:13,918] Trial 42 finished with value: 1.018501877784729 and parameters: {'W_layers': 3, 'W_layer_units_exponent_0': 10, 'W_layer_units_exponent_1': 7, 'W_layer_units_exponent_2': 6, 'D_layers': 4, 'D_layer_units_exponent_0': 4, 'D_layer_units_exponent_1': 7, 'D_layer_units_exponent_2': 9, 'D_layer_units_exponent_3': 6, 'D_dagger_layers': 3, 'D_dagger_layer_units_exponent_0': 5, 'D_dagger_layer_units_exponent_1': 4, 'D_dagger_layer_units_exponent_2': 6, 'log_learning_rate': -3.201670995460387, 'log_learning_rate_D': -2.74574701340747, 'log_learning_rate_D_dagger': -1.9869093778870344, 'training_batch_size': 11, 'training_p': 3}. Best is trial 0 with value: 1.0.
Time for this trial:  224.74678111076355
Memory status after this trial: 
Memory allocated:  113.9111328125
Memory cached:  146.0
--------------------  Trial  43   --------------------
Start timing: 
Parameters: 
{'W_layers': 3, 'W_layer_units_exponent_0': 8, 'W_layer_units_exponent_1': 6, 'W_layer_units_exponent_2': 4, 'D_layers': 6, 'D_layer_units_exponent_0': 6, 'D_layer_units_exponent_1': 5, 'D_layer_units_exponent_2': 9, 'D_layer_units_exponent_3': 4, 'D_layer_units_exponent_4': 6, 'D_layer_units_exponent_5': 9, 'D_dagger_layers': 2, 'D_dagger_layer_units_exponent_0': 8, 'D_dagger_layer_units_exponent_1': 9, 'log_learning_rate': -1.6333763719495644, 'log_learning_rate_D': -2.1650263628682866, 'log_learning_rate_D_dagger': -1.4657012351197605, 'training_batch_size': 6, 'training_p': 5}
	 epoch  0 training error:  tensor(1.7435, device='cuda:0', grad_fn=<DivBackward0>)
Memory status after this epoch: 
Memory allocated:  3.5322265625
Memory cached:  140.0
	 epoch  10 training error:  tensor(6.3675, device='cuda:0', grad_fn=<DivBackward0>)
Memory status after this epoch: 
Memory allocated:  3.5322265625
Memory cached:  182.0
	 epoch  20 training error:  tensor(6.6216, device='cuda:0', grad_fn=<DivBackward0>)
Memory status after this epoch: 
Memory allocated:  3.5322265625
Memory cached:  190.0
	 epoch  30 training error:  tensor(6.5690, device='cuda:0', grad_fn=<DivBackward0>)
Memory status after this epoch: 
Memory allocated:  3.5322265625
Memory cached:  184.0
	 epoch  40 training error:  tensor(8.5965, device='cuda:0', grad_fn=<DivBackward0>)
Memory status after this epoch: 
Memory allocated:  3.5322265625
Memory cached:  182.0
	 epoch  50 training error:  tensor(7.3218, device='cuda:0', grad_fn=<DivBackward0>)
Memory status after this epoch: 
Memory allocated:  3.5322265625
Memory cached:  188.0
	 epoch  60 training error:  tensor(6.2331, device='cuda:0', grad_fn=<DivBackward0>)
Memory status after this epoch: 
Memory allocated:  3.5322265625
Memory cached:  192.0
	 epoch  70 training error:  tensor(6.1220, device='cuda:0', grad_fn=<DivBackward0>)
Memory status after this epoch: 
Memory allocated:  3.5322265625
Memory cached:  188.0
	 epoch  80 training error:  tensor(6.8528, device='cuda:0', grad_fn=<DivBackward0>)
Memory status after this epoch: 
Memory allocated:  3.5322265625
Memory cached:  188.0
	 epoch  90 training error:  tensor(6.6065, device='cuda:0', grad_fn=<DivBackward0>)
Memory status after this epoch: 
Memory allocated:  3.5322265625
Memory cached:  188.0
[I 2023-11-29 09:27:54,704] Trial 43 finished with value: 3.8521840572357178 and parameters: {'W_layers': 3, 'W_layer_units_exponent_0': 8, 'W_layer_units_exponent_1': 6, 'W_layer_units_exponent_2': 4, 'D_layers': 6, 'D_layer_units_exponent_0': 6, 'D_layer_units_exponent_1': 5, 'D_layer_units_exponent_2': 9, 'D_layer_units_exponent_3': 4, 'D_layer_units_exponent_4': 6, 'D_layer_units_exponent_5': 9, 'D_dagger_layers': 2, 'D_dagger_layer_units_exponent_0': 8, 'D_dagger_layer_units_exponent_1': 9, 'log_learning_rate': -1.6333763719495644, 'log_learning_rate_D': -2.1650263628682866, 'log_learning_rate_D_dagger': -1.4657012351197605, 'training_batch_size': 6, 'training_p': 5}. Best is trial 0 with value: 1.0.
Time for this trial:  460.53471279144287
Memory status after this trial: 
Memory allocated:  127.33642578125
Memory cached:  158.0
--------------------  Trial  44   --------------------
Start timing: 
Parameters: 
{'W_layers': 3, 'W_layer_units_exponent_0': 8, 'W_layer_units_exponent_1': 5, 'W_layer_units_exponent_2': 4, 'D_layers': 5, 'D_layer_units_exponent_0': 6, 'D_layer_units_exponent_1': 5, 'D_layer_units_exponent_2': 10, 'D_layer_units_exponent_3': 4, 'D_layer_units_exponent_4': 5, 'D_dagger_layers': 2, 'D_dagger_layer_units_exponent_0': 7, 'D_dagger_layer_units_exponent_1': 9, 'log_learning_rate': -1.7615360056575726, 'log_learning_rate_D': -1.8938609054540891, 'log_learning_rate_D_dagger': -1.236938954611018, 'training_batch_size': 7, 'training_p': 7}
	 epoch  0 training error:  tensor(1.7712, device='cuda:0', grad_fn=<DivBackward0>)
Memory status after this epoch: 
Memory allocated:  2.21923828125
Memory cached:  124.0
	 epoch  10 training error:  tensor(5.9666, device='cuda:0', grad_fn=<DivBackward0>)
Memory status after this epoch: 
Memory allocated:  2.21923828125
Memory cached:  204.0
	 epoch  20 training error:  tensor(1., device='cuda:0', grad_fn=<DivBackward0>)
Memory status after this epoch: 
Memory allocated:  2.21923828125
Memory cached:  200.0
	 epoch  30 training error:  tensor(1., device='cuda:0', grad_fn=<DivBackward0>)
Memory status after this epoch: 
Memory allocated:  2.21923828125
Memory cached:  192.0
	 epoch  40 training error:  tensor(1., device='cuda:0', grad_fn=<DivBackward0>)
Memory status after this epoch: 
Memory allocated:  2.21923828125
Memory cached:  202.0
	 epoch  50 training error:  tensor(1., device='cuda:0', grad_fn=<DivBackward0>)
Memory status after this epoch: 
Memory allocated:  2.21923828125
Memory cached:  190.0
	 epoch  60 training error:  tensor(1., device='cuda:0', grad_fn=<DivBackward0>)
Memory status after this epoch: 
Memory allocated:  2.21923828125
Memory cached:  192.0
	 epoch  70 training error:  tensor(1., device='cuda:0', grad_fn=<DivBackward0>)
Memory status after this epoch: 
Memory allocated:  2.21923828125
Memory cached:  186.0
	 epoch  80 training error:  tensor(1., device='cuda:0', grad_fn=<DivBackward0>)
Memory status after this epoch: 
Memory allocated:  2.21923828125
Memory cached:  182.0
	 epoch  90 training error:  tensor(1., device='cuda:0', grad_fn=<DivBackward0>)
Memory status after this epoch: 
Memory allocated:  2.21923828125
Memory cached:  194.0
