[I 2023-11-29 06:41:41,268] Trial 14 finished with value: 20.404943466186523 and parameters: {'W_layers': 8, 'W_layer_units_exponent_0': 8, 'W_layer_units_exponent_1': 5, 'W_layer_units_exponent_2': 7, 'W_layer_units_exponent_3': 8, 'W_layer_units_exponent_4': 10, 'W_layer_units_exponent_5': 7, 'W_layer_units_exponent_6': 4, 'W_layer_units_exponent_7': 10, 'D_layers': 5, 'D_layer_units_exponent_0': 8, 'D_layer_units_exponent_1': 6, 'D_layer_units_exponent_2': 7, 'D_layer_units_exponent_3': 6, 'D_layer_units_exponent_4': 10, 'D_dagger_layers': 4, 'D_dagger_layer_units_exponent_0': 8, 'D_dagger_layer_units_exponent_1': 8, 'D_dagger_layer_units_exponent_2': 6, 'D_dagger_layer_units_exponent_3': 6, 'log_learning_rate': -3.6783396138066293, 'log_learning_rate_D': -3.0671185890036123, 'log_learning_rate_D_dagger': -1.0726094908687904, 'training_batch_size': 8, 'training_p': 3}. Best is trial 0 with value: 1.0.
Time for this trial:  347.8306655883789
Memory status after this trial: 
Memory allocated:  278.49951171875
Memory cached:  284.0
--------------------  Trial  15   --------------------
Start timing: 
Parameters: 
{'W_layers': 4, 'W_layer_units_exponent_0': 7, 'W_layer_units_exponent_1': 8, 'W_layer_units_exponent_2': 8, 'W_layer_units_exponent_3': 4, 'D_layers': 6, 'D_layer_units_exponent_0': 5, 'D_layer_units_exponent_1': 5, 'D_layer_units_exponent_2': 6, 'D_layer_units_exponent_3': 10, 'D_layer_units_exponent_4': 6, 'D_layer_units_exponent_5': 7, 'D_dagger_layers': 3, 'D_dagger_layer_units_exponent_0': 8, 'D_dagger_layer_units_exponent_1': 6, 'D_dagger_layer_units_exponent_2': 5, 'log_learning_rate': -2.335882927740735, 'log_learning_rate_D': -3.9803384135202484, 'log_learning_rate_D_dagger': -1.776855505006806, 'training_batch_size': 10, 'training_p': 4}
	 epoch  0 training error:  tensor(2.7022, device='cuda:0', grad_fn=<DivBackward0>)
Memory status after this epoch: 
Memory allocated:  4.328125
Memory cached:  132.0
	 epoch  10 training error:  tensor(3.3763, device='cuda:0', grad_fn=<DivBackward0>)
Memory status after this epoch: 
Memory allocated:  4.328125
Memory cached:  216.0
	 epoch  20 training error:  tensor(3.4445, device='cuda:0', grad_fn=<DivBackward0>)
Memory status after this epoch: 
Memory allocated:  4.328125
Memory cached:  218.0
	 epoch  30 training error:  tensor(3.5780, device='cuda:0', grad_fn=<DivBackward0>)
Memory status after this epoch: 
Memory allocated:  4.328125
Memory cached:  214.0
	 epoch  40 training error:  tensor(3.8353, device='cuda:0', grad_fn=<DivBackward0>)
Memory status after this epoch: 
Memory allocated:  4.328125
Memory cached:  220.0
	 epoch  50 training error:  tensor(3.8342, device='cuda:0', grad_fn=<DivBackward0>)
Memory status after this epoch: 
Memory allocated:  4.328125
Memory cached:  222.0
	 epoch  60 training error:  tensor(3.9248, device='cuda:0', grad_fn=<DivBackward0>)
Memory status after this epoch: 
Memory allocated:  4.328125
Memory cached:  220.0
	 epoch  70 training error:  tensor(3.8812, device='cuda:0', grad_fn=<DivBackward0>)
Memory status after this epoch: 
Memory allocated:  4.328125
Memory cached:  222.0
	 epoch  80 training error:  tensor(3.7879, device='cuda:0', grad_fn=<DivBackward0>)
Memory status after this epoch: 
Memory allocated:  4.328125
Memory cached:  212.0
	 epoch  90 training error:  tensor(3.5456, device='cuda:0', grad_fn=<DivBackward0>)
Memory status after this epoch: 
Memory allocated:  4.328125
Memory cached:  214.0
[I 2023-11-29 06:46:11,430] Trial 15 finished with value: 3.869377851486206 and parameters: {'W_layers': 4, 'W_layer_units_exponent_0': 7, 'W_layer_units_exponent_1': 8, 'W_layer_units_exponent_2': 8, 'W_layer_units_exponent_3': 4, 'D_layers': 6, 'D_layer_units_exponent_0': 5, 'D_layer_units_exponent_1': 5, 'D_layer_units_exponent_2': 6, 'D_layer_units_exponent_3': 10, 'D_layer_units_exponent_4': 6, 'D_layer_units_exponent_5': 7, 'D_dagger_layers': 3, 'D_dagger_layer_units_exponent_0': 8, 'D_dagger_layer_units_exponent_1': 6, 'D_dagger_layer_units_exponent_2': 5, 'log_learning_rate': -2.335882927740735, 'log_learning_rate_D': -3.9803384135202484, 'log_learning_rate_D_dagger': -1.776855505006806, 'training_batch_size': 10, 'training_p': 4}. Best is trial 0 with value: 1.0.
Time for this trial:  269.8904130458832
Memory status after this trial: 
Memory allocated:  130.11181640625
Memory cached:  174.0
--------------------  Trial  16   --------------------
Start timing: 
Parameters: 
{'W_layers': 6, 'W_layer_units_exponent_0': 10, 'W_layer_units_exponent_1': 8, 'W_layer_units_exponent_2': 6, 'W_layer_units_exponent_3': 8, 'W_layer_units_exponent_4': 8, 'W_layer_units_exponent_5': 10, 'D_layers': 8, 'D_layer_units_exponent_0': 5, 'D_layer_units_exponent_1': 8, 'D_layer_units_exponent_2': 8, 'D_layer_units_exponent_3': 5, 'D_layer_units_exponent_4': 8, 'D_layer_units_exponent_5': 7, 'D_layer_units_exponent_6': 7, 'D_layer_units_exponent_7': 10, 'D_dagger_layers': 5, 'D_dagger_layer_units_exponent_0': 10, 'D_dagger_layer_units_exponent_1': 8, 'D_dagger_layer_units_exponent_2': 4, 'D_dagger_layer_units_exponent_3': 5, 'D_dagger_layer_units_exponent_4': 6, 'log_learning_rate': -3.4151348307239564, 'log_learning_rate_D': -4.356004747782249, 'log_learning_rate_D_dagger': -3.500632407918049, 'training_batch_size': 7, 'training_p': 3}
	 epoch  0 training error:  tensor(4.1141, device='cuda:0', grad_fn=<DivBackward0>)
Memory status after this epoch: 
Memory allocated:  18.353515625
Memory cached:  162.0
	 epoch  10 training error:  tensor(2.1735, device='cuda:0', grad_fn=<DivBackward0>)
Memory status after this epoch: 
Memory allocated:  18.353515625
Memory cached:  344.0
	 epoch  20 training error:  tensor(3.3086, device='cuda:0', grad_fn=<DivBackward0>)
Memory status after this epoch: 
Memory allocated:  18.353515625
Memory cached:  344.0
	 epoch  30 training error:  tensor(3.9040, device='cuda:0', grad_fn=<DivBackward0>)
Memory status after this epoch: 
Memory allocated:  18.353515625
Memory cached:  332.0
	 epoch  40 training error:  tensor(4.0745, device='cuda:0', grad_fn=<DivBackward0>)
Memory status after this epoch: 
Memory allocated:  18.353515625
Memory cached:  332.0
	 epoch  50 training error:  tensor(3.8775, device='cuda:0', grad_fn=<DivBackward0>)
Memory status after this epoch: 
Memory allocated:  18.353515625
Memory cached:  336.0
	 epoch  60 training error:  tensor(3.8894, device='cuda:0', grad_fn=<DivBackward0>)
Memory status after this epoch: 
Memory allocated:  18.353515625
Memory cached:  340.0
	 epoch  70 training error:  tensor(3.9709, device='cuda:0', grad_fn=<DivBackward0>)
Memory status after this epoch: 
Memory allocated:  18.353515625
Memory cached:  350.0
	 epoch  80 training error:  tensor(3.9617, device='cuda:0', grad_fn=<DivBackward0>)
Memory status after this epoch: 
Memory allocated:  18.353515625
Memory cached:  346.0
	 epoch  90 training error:  tensor(4.1469, device='cuda:0', grad_fn=<DivBackward0>)
Memory status after this epoch: 
Memory allocated:  18.353515625
Memory cached:  328.0
[I 2023-11-29 06:52:39,813] Trial 16 finished with value: 4.091176509857178 and parameters: {'W_layers': 6, 'W_layer_units_exponent_0': 10, 'W_layer_units_exponent_1': 8, 'W_layer_units_exponent_2': 6, 'W_layer_units_exponent_3': 8, 'W_layer_units_exponent_4': 8, 'W_layer_units_exponent_5': 10, 'D_layers': 8, 'D_layer_units_exponent_0': 5, 'D_layer_units_exponent_1': 8, 'D_layer_units_exponent_2': 8, 'D_layer_units_exponent_3': 5, 'D_layer_units_exponent_4': 8, 'D_layer_units_exponent_5': 7, 'D_layer_units_exponent_6': 7, 'D_layer_units_exponent_7': 10, 'D_dagger_layers': 5, 'D_dagger_layer_units_exponent_0': 10, 'D_dagger_layer_units_exponent_1': 8, 'D_dagger_layer_units_exponent_2': 4, 'D_dagger_layer_units_exponent_3': 5, 'D_dagger_layer_units_exponent_4': 6, 'log_learning_rate': -3.4151348307239564, 'log_learning_rate_D': -4.356004747782249, 'log_learning_rate_D_dagger': -3.500632407918049, 'training_batch_size': 7, 'training_p': 3}. Best is trial 0 with value: 1.0.
Time for this trial:  388.0720896720886
Memory status after this trial: 
Memory allocated:  355.08251953125
Memory cached:  366.0
--------------------  Trial  17   --------------------
Start timing: 
Parameters: 
{'W_layers': 4, 'W_layer_units_exponent_0': 9, 'W_layer_units_exponent_1': 6, 'W_layer_units_exponent_2': 6, 'W_layer_units_exponent_3': 9, 'D_layers': 4, 'D_layer_units_exponent_0': 8, 'D_layer_units_exponent_1': 5, 'D_layer_units_exponent_2': 8, 'D_layer_units_exponent_3': 4, 'D_dagger_layers': 2, 'D_dagger_layer_units_exponent_0': 6, 'D_dagger_layer_units_exponent_1': 5, 'log_learning_rate': -2.718286036324701, 'log_learning_rate_D': -3.573562175751149, 'log_learning_rate_D_dagger': -2.4434806672581484, 'training_batch_size': 8, 'training_p': 4}
	 epoch  0 training error:  tensor(1.5674, device='cuda:0', grad_fn=<DivBackward0>)
Memory status after this epoch: 
Memory allocated:  1.69482421875
Memory cached:  116.0
	 epoch  10 training error:  tensor(1.1292, device='cuda:0', grad_fn=<DivBackward0>)
Memory status after this epoch: 
Memory allocated:  1.69482421875
Memory cached:  172.0
	 epoch  20 training error:  tensor(1.1042, device='cuda:0', grad_fn=<DivBackward0>)
Memory status after this epoch: 
Memory allocated:  1.69482421875
Memory cached:  180.0
	 epoch  30 training error:  tensor(1.0525, device='cuda:0', grad_fn=<DivBackward0>)
Memory status after this epoch: 
Memory allocated:  1.69482421875
Memory cached:  186.0
	 epoch  40 training error:  tensor(1.0230, device='cuda:0', grad_fn=<DivBackward0>)
Memory status after this epoch: 
Memory allocated:  1.69482421875
Memory cached:  178.0
	 epoch  50 training error:  tensor(1.0226, device='cuda:0', grad_fn=<DivBackward0>)
Memory status after this epoch: 
Memory allocated:  1.69482421875
Memory cached:  178.0
	 epoch  60 training error:  tensor(1., device='cuda:0', grad_fn=<DivBackward0>)
Memory status after this epoch: 
Memory allocated:  1.69482421875
Memory cached:  176.0
	 epoch  70 training error:  tensor(1.0664, device='cuda:0', grad_fn=<DivBackward0>)
Memory status after this epoch: 
Memory allocated:  1.69482421875
Memory cached:  186.0
	 epoch  80 training error:  tensor(1.0532, device='cuda:0', grad_fn=<DivBackward0>)
Memory status after this epoch: 
Memory allocated:  1.69482421875
Memory cached:  192.0
	 epoch  90 training error:  tensor(1.0309, device='cuda:0', grad_fn=<DivBackward0>)
Memory status after this epoch: 
Memory allocated:  1.69482421875
Memory cached:  178.0
[I 2023-11-29 06:56:23,531] Trial 17 finished with value: 1.1163326501846313 and parameters: {'W_layers': 4, 'W_layer_units_exponent_0': 9, 'W_layer_units_exponent_1': 6, 'W_layer_units_exponent_2': 6, 'W_layer_units_exponent_3': 9, 'D_layers': 4, 'D_layer_units_exponent_0': 8, 'D_layer_units_exponent_1': 5, 'D_layer_units_exponent_2': 8, 'D_layer_units_exponent_3': 4, 'D_dagger_layers': 2, 'D_dagger_layer_units_exponent_0': 6, 'D_dagger_layer_units_exponent_1': 5, 'log_learning_rate': -2.718286036324701, 'log_learning_rate_D': -3.573562175751149, 'log_learning_rate_D_dagger': -2.4434806672581484, 'training_batch_size': 8, 'training_p': 4}. Best is trial 0 with value: 1.0.
Time for this trial:  223.43896079063416
Memory status after this trial: 
Memory allocated:  99.67626953125
Memory cached:  136.0
--------------------  Trial  18   --------------------
Start timing: 
Parameters: 
{'W_layers': 3, 'W_layer_units_exponent_0': 6, 'W_layer_units_exponent_1': 5, 'W_layer_units_exponent_2': 8, 'D_layers': 7, 'D_layer_units_exponent_0': 6, 'D_layer_units_exponent_1': 6, 'D_layer_units_exponent_2': 10, 'D_layer_units_exponent_3': 6, 'D_layer_units_exponent_4': 5, 'D_layer_units_exponent_5': 4, 'D_layer_units_exponent_6': 4, 'D_dagger_layers': 3, 'D_dagger_layer_units_exponent_0': 9, 'D_dagger_layer_units_exponent_1': 8, 'D_dagger_layer_units_exponent_2': 6, 'log_learning_rate': -2.0452618917137673, 'log_learning_rate_D': -4.521338066819508, 'log_learning_rate_D_dagger': -1.6411767262763344, 'training_batch_size': 10, 'training_p': 2}
	 epoch  0 training error:  tensor(1.9638, device='cuda:0', grad_fn=<DivBackward0>)
Memory status after this epoch: 
Memory allocated:  4.861328125
Memory cached:  134.0
	 epoch  10 training error:  tensor(1.2979, device='cuda:0', grad_fn=<DivBackward0>)
Memory status after this epoch: 
Memory allocated:  4.861328125
Memory cached:  226.0
	 epoch  20 training error:  tensor(1.2405, device='cuda:0', grad_fn=<DivBackward0>)
Memory status after this epoch: 
Memory allocated:  4.861328125
Memory cached:  228.0
	 epoch  30 training error:  tensor(8.1977, device='cuda:0', grad_fn=<DivBackward0>)
Memory status after this epoch: 
Memory allocated:  4.861328125
Memory cached:  232.0
	 epoch  40 training error:  tensor(7.0719, device='cuda:0', grad_fn=<DivBackward0>)
Memory status after this epoch: 
Memory allocated:  4.861328125
Memory cached:  222.0
	 epoch  50 training error:  tensor(2.7066, device='cuda:0', grad_fn=<DivBackward0>)
Memory status after this epoch: 
Memory allocated:  4.861328125
Memory cached:  226.0
	 epoch  60 training error:  tensor(1.9184, device='cuda:0', grad_fn=<DivBackward0>)
Memory status after this epoch: 
Memory allocated:  4.861328125
Memory cached:  226.0
	 epoch  70 training error:  tensor(1.7690, device='cuda:0', grad_fn=<DivBackward0>)
Memory status after this epoch: 
Memory allocated:  4.861328125
Memory cached:  228.0
	 epoch  80 training error:  tensor(1.7771, device='cuda:0', grad_fn=<DivBackward0>)
Memory status after this epoch: 
Memory allocated:  4.861328125
Memory cached:  234.0
	 epoch  90 training error:  tensor(1.7311, device='cuda:0', grad_fn=<DivBackward0>)
Memory status after this epoch: 
Memory allocated:  4.861328125
Memory cached:  216.0
[I 2023-11-29 07:00:53,153] Trial 18 finished with value: 2.1847732067108154 and parameters: {'W_layers': 3, 'W_layer_units_exponent_0': 6, 'W_layer_units_exponent_1': 5, 'W_layer_units_exponent_2': 8, 'D_layers': 7, 'D_layer_units_exponent_0': 6, 'D_layer_units_exponent_1': 6, 'D_layer_units_exponent_2': 10, 'D_layer_units_exponent_3': 6, 'D_layer_units_exponent_4': 5, 'D_layer_units_exponent_5': 4, 'D_layer_units_exponent_6': 4, 'D_dagger_layers': 3, 'D_dagger_layer_units_exponent_0': 9, 'D_dagger_layer_units_exponent_1': 8, 'D_dagger_layer_units_exponent_2': 6, 'log_learning_rate': -2.0452618917137673, 'log_learning_rate_D': -4.521338066819508, 'log_learning_rate_D_dagger': -1.6411767262763344, 'training_batch_size': 10, 'training_p': 2}. Best is trial 0 with value: 1.0.
Time for this trial:  269.38000202178955
Memory status after this trial: 
Memory allocated:  136.7568359375
Memory cached:  174.0
--------------------  Trial  19   --------------------
Start timing: 
Parameters: 
{'W_layers': 5, 'W_layer_units_exponent_0': 9, 'W_layer_units_exponent_1': 9, 'W_layer_units_exponent_2': 8, 'W_layer_units_exponent_3': 8, 'W_layer_units_exponent_4': 8, 'D_layers': 5, 'D_layer_units_exponent_0': 7, 'D_layer_units_exponent_1': 4, 'D_layer_units_exponent_2': 6, 'D_layer_units_exponent_3': 6, 'D_layer_units_exponent_4': 8, 'D_dagger_layers': 6, 'D_dagger_layer_units_exponent_0': 8, 'D_dagger_layer_units_exponent_1': 6, 'D_dagger_layer_units_exponent_2': 6, 'D_dagger_layer_units_exponent_3': 9, 'D_dagger_layer_units_exponent_4': 7, 'D_dagger_layer_units_exponent_5': 4, 'log_learning_rate': -3.917950855474944, 'log_learning_rate_D': -3.2042110900171883, 'log_learning_rate_D_dagger': -2.2765754918918977, 'training_batch_size': 6, 'training_p': 6}
	 epoch  0 training error:  tensor(12.2986, device='cuda:0', grad_fn=<DivBackward0>)
Memory status after this epoch: 
Memory allocated:  10.60498046875
Memory cached:  158.0
	 epoch  10 training error:  tensor(4.2223, device='cuda:0', grad_fn=<DivBackward0>)
Memory status after this epoch: 
Memory allocated:  10.60498046875
Memory cached:  278.0
	 epoch  20 training error:  tensor(3.8790, device='cuda:0', grad_fn=<DivBackward0>)
Memory status after this epoch: 
Memory allocated:  10.60498046875
Memory cached:  254.0
	 epoch  30 training error:  tensor(2.8271, device='cuda:0', grad_fn=<DivBackward0>)
Memory status after this epoch: 
Memory allocated:  10.60498046875
Memory cached:  262.0
	 epoch  40 training error:  tensor(2.6961, device='cuda:0', grad_fn=<DivBackward0>)
Memory status after this epoch: 
Memory allocated:  10.60498046875
Memory cached:  266.0
	 epoch  50 training error:  tensor(2.7750, device='cuda:0', grad_fn=<DivBackward0>)
Memory status after this epoch: 
Memory allocated:  10.60498046875
Memory cached:  274.0
	 epoch  60 training error:  tensor(2.9438, device='cuda:0', grad_fn=<DivBackward0>)
Memory status after this epoch: 
Memory allocated:  10.60498046875
Memory cached:  266.0
	 epoch  70 training error:  tensor(4.2337, device='cuda:0', grad_fn=<DivBackward0>)
Memory status after this epoch: 
Memory allocated:  10.60498046875
Memory cached:  262.0
	 epoch  80 training error:  tensor(10.9647, device='cuda:0', grad_fn=<DivBackward0>)
Memory status after this epoch: 
Memory allocated:  10.60498046875
Memory cached:  262.0
	 epoch  90 training error:  tensor(11.3791, device='cuda:0', grad_fn=<DivBackward0>)
Memory status after this epoch: 
Memory allocated:  10.60498046875
Memory cached:  262.0
[I 2023-11-29 07:11:01,898] Trial 19 finished with value: 6.70260763168335 and parameters: {'W_layers': 5, 'W_layer_units_exponent_0': 9, 'W_layer_units_exponent_1': 9, 'W_layer_units_exponent_2': 8, 'W_layer_units_exponent_3': 8, 'W_layer_units_exponent_4': 8, 'D_layers': 5, 'D_layer_units_exponent_0': 7, 'D_layer_units_exponent_1': 4, 'D_layer_units_exponent_2': 6, 'D_layer_units_exponent_3': 6, 'D_layer_units_exponent_4': 8, 'D_dagger_layers': 6, 'D_dagger_layer_units_exponent_0': 8, 'D_dagger_layer_units_exponent_1': 6, 'D_dagger_layer_units_exponent_2': 6, 'D_dagger_layer_units_exponent_3': 9, 'D_dagger_layer_units_exponent_4': 7, 'D_dagger_layer_units_exponent_5': 4, 'log_learning_rate': -3.917950855474944, 'log_learning_rate_D': -3.2042110900171883, 'log_learning_rate_D_dagger': -2.2765754918918977, 'training_batch_size': 6, 'training_p': 6}. Best is trial 0 with value: 1.0.
Time for this trial:  608.4648447036743
Memory status after this trial: 
Memory allocated:  188.41796875
Memory cached:  216.0
--------------------  Trial  20   --------------------
Start timing: 
Parameters: 
{'W_layers': 7, 'W_layer_units_exponent_0': 7, 'W_layer_units_exponent_1': 9, 'W_layer_units_exponent_2': 5, 'W_layer_units_exponent_3': 10, 'W_layer_units_exponent_4': 9, 'W_layer_units_exponent_5': 5, 'W_layer_units_exponent_6': 7, 'D_layers': 2, 'D_layer_units_exponent_0': 8, 'D_layer_units_exponent_1': 8, 'D_dagger_layers': 4, 'D_dagger_layer_units_exponent_0': 6, 'D_dagger_layer_units_exponent_1': 5, 'D_dagger_layer_units_exponent_2': 5, 'D_dagger_layer_units_exponent_3': 8, 'log_learning_rate': -3.2414212045753263, 'log_learning_rate_D': -2.67501822224388, 'log_learning_rate_D_dagger': -2.5715068658115094, 'training_batch_size': 11, 'training_p': 3}
	 epoch  0 training error:  tensor(3.3273, device='cuda:0', grad_fn=<DivBackward0>)
Memory status after this epoch: 
Memory allocated:  11.591796875
Memory cached:  166.0
	 epoch  10 training error:  tensor(2.5193, device='cuda:0', grad_fn=<DivBackward0>)
Memory status after this epoch: 
Memory allocated:  11.591796875
Memory cached:  262.0
	 epoch  20 training error:  tensor(2.4654, device='cuda:0', grad_fn=<DivBackward0>)
Memory status after this epoch: 
Memory allocated:  11.591796875
Memory cached:  274.0
	 epoch  30 training error:  tensor(3.8165, device='cuda:0', grad_fn=<DivBackward0>)
Memory status after this epoch: 
Memory allocated:  11.591796875
Memory cached:  258.0
	 epoch  40 training error:  tensor(4.1029, device='cuda:0', grad_fn=<DivBackward0>)
Memory status after this epoch: 
Memory allocated:  11.591796875
Memory cached:  272.0
	 epoch  50 training error:  tensor(4.4729, device='cuda:0', grad_fn=<DivBackward0>)
Memory status after this epoch: 
Memory allocated:  11.591796875
Memory cached:  266.0
	 epoch  60 training error:  tensor(4.0711, device='cuda:0', grad_fn=<DivBackward0>)
Memory status after this epoch: 
Memory allocated:  11.591796875
Memory cached:  276.0
	 epoch  70 training error:  tensor(3.7990, device='cuda:0', grad_fn=<DivBackward0>)
Memory status after this epoch: 
Memory allocated:  11.591796875
Memory cached:  262.0
	 epoch  80 training error:  tensor(3.8337, device='cuda:0', grad_fn=<DivBackward0>)
Memory status after this epoch: 
Memory allocated:  11.591796875
Memory cached:  276.0
	 epoch  90 training error:  tensor(3.6870, device='cuda:0', grad_fn=<DivBackward0>)
Memory status after this epoch: 
Memory allocated:  11.591796875
Memory cached:  270.0
