[I 2023-11-29 05:40:22,222] Trial 2 finished with value: 15.262740135192871 and parameters: {'W_layers': 7, 'W_layer_units_exponent_0': 5, 'W_layer_units_exponent_1': 7, 'W_layer_units_exponent_2': 4, 'W_layer_units_exponent_3': 10, 'W_layer_units_exponent_4': 7, 'W_layer_units_exponent_5': 9, 'W_layer_units_exponent_6': 10, 'D_layers': 8, 'D_layer_units_exponent_0': 6, 'D_layer_units_exponent_1': 7, 'D_layer_units_exponent_2': 4, 'D_layer_units_exponent_3': 8, 'D_layer_units_exponent_4': 10, 'D_layer_units_exponent_5': 8, 'D_layer_units_exponent_6': 10, 'D_layer_units_exponent_7': 4, 'D_dagger_layers': 6, 'D_dagger_layer_units_exponent_0': 7, 'D_dagger_layer_units_exponent_1': 10, 'D_dagger_layer_units_exponent_2': 5, 'D_dagger_layer_units_exponent_3': 8, 'D_dagger_layer_units_exponent_4': 4, 'D_dagger_layer_units_exponent_5': 8, 'log_learning_rate': -2.0244129561482542, 'log_learning_rate_D': -3.4179083208510948, 'log_learning_rate_D_dagger': -1.6721969054579051, 'training_batch_size': 7, 'training_p': 6}. Best is trial 0 with value: 1.0.
Time for this trial:  421.20175218582153
Memory status after this trial: 
Memory allocated:  412.63720703125
Memory cached:  440.0
--------------------  Trial  3   --------------------
Start timing: 
Parameters: 
{'W_layers': 5, 'W_layer_units_exponent_0': 4, 'W_layer_units_exponent_1': 4, 'W_layer_units_exponent_2': 10, 'W_layer_units_exponent_3': 6, 'W_layer_units_exponent_4': 4, 'D_layers': 3, 'D_layer_units_exponent_0': 6, 'D_layer_units_exponent_1': 6, 'D_layer_units_exponent_2': 4, 'D_dagger_layers': 3, 'D_dagger_layer_units_exponent_0': 7, 'D_dagger_layer_units_exponent_1': 9, 'D_dagger_layer_units_exponent_2': 4, 'log_learning_rate': -4.719256915492412, 'log_learning_rate_D': -4.241029455520068, 'log_learning_rate_D_dagger': -1.9987615439643625, 'training_batch_size': 11, 'training_p': 5}
	 epoch  0 training error:  tensor(2.2022, device='cuda:0', grad_fn=<DivBackward0>)
Memory status after this epoch: 
Memory allocated:  2.7626953125
Memory cached:  136.0
	 epoch  10 training error:  tensor(1.0111, device='cuda:0', grad_fn=<DivBackward0>)
Memory status after this epoch: 
Memory allocated:  2.7626953125
Memory cached:  202.0
	 epoch  20 training error:  tensor(1.0301, device='cuda:0', grad_fn=<DivBackward0>)
Memory status after this epoch: 
Memory allocated:  2.7626953125
Memory cached:  200.0
	 epoch  30 training error:  tensor(1.0208, device='cuda:0', grad_fn=<DivBackward0>)
Memory status after this epoch: 
Memory allocated:  2.7626953125
Memory cached:  208.0
	 epoch  40 training error:  tensor(1.1716, device='cuda:0', grad_fn=<DivBackward0>)
Memory status after this epoch: 
Memory allocated:  2.7626953125
Memory cached:  206.0
	 epoch  50 training error:  tensor(1.1913, device='cuda:0', grad_fn=<DivBackward0>)
Memory status after this epoch: 
Memory allocated:  2.7626953125
Memory cached:  206.0
	 epoch  60 training error:  tensor(1.1723, device='cuda:0', grad_fn=<DivBackward0>)
Memory status after this epoch: 
Memory allocated:  2.7626953125
Memory cached:  212.0
	 epoch  70 training error:  tensor(1.0764, device='cuda:0', grad_fn=<DivBackward0>)
Memory status after this epoch: 
Memory allocated:  2.7626953125
Memory cached:  206.0
	 epoch  80 training error:  tensor(1.0911, device='cuda:0', grad_fn=<DivBackward0>)
Memory status after this epoch: 
Memory allocated:  2.7626953125
Memory cached:  214.0
	 epoch  90 training error:  tensor(1.0589, device='cuda:0', grad_fn=<DivBackward0>)
Memory status after this epoch: 
Memory allocated:  2.7626953125
Memory cached:  202.0
[I 2023-11-29 05:44:18,171] Trial 3 finished with value: 1.0592539310455322 and parameters: {'W_layers': 5, 'W_layer_units_exponent_0': 4, 'W_layer_units_exponent_1': 4, 'W_layer_units_exponent_2': 10, 'W_layer_units_exponent_3': 6, 'W_layer_units_exponent_4': 4, 'D_layers': 3, 'D_layer_units_exponent_0': 6, 'D_layer_units_exponent_1': 6, 'D_layer_units_exponent_2': 4, 'D_dagger_layers': 3, 'D_dagger_layer_units_exponent_0': 7, 'D_dagger_layer_units_exponent_1': 9, 'D_dagger_layer_units_exponent_2': 4, 'log_learning_rate': -4.719256915492412, 'log_learning_rate_D': -4.241029455520068, 'log_learning_rate_D_dagger': -1.9987615439643625, 'training_batch_size': 11, 'training_p': 5}. Best is trial 0 with value: 1.0.
Time for this trial:  235.76349234580994
Memory status after this trial: 
Memory allocated:  108.2490234375
Memory cached:  152.0
--------------------  Trial  4   --------------------
Start timing: 
Parameters: 
{'W_layers': 3, 'W_layer_units_exponent_0': 7, 'W_layer_units_exponent_1': 6, 'W_layer_units_exponent_2': 8, 'D_layers': 4, 'D_layer_units_exponent_0': 6, 'D_layer_units_exponent_1': 5, 'D_layer_units_exponent_2': 8, 'D_layer_units_exponent_3': 5, 'D_dagger_layers': 3, 'D_dagger_layer_units_exponent_0': 8, 'D_dagger_layer_units_exponent_1': 9, 'D_dagger_layer_units_exponent_2': 5, 'log_learning_rate': -2.3018564788988676, 'log_learning_rate_D': -2.610877116139382, 'log_learning_rate_D_dagger': -2.1937994396109204, 'training_batch_size': 6, 'training_p': 4}
	 epoch  0 training error:  tensor(1.4202, device='cuda:0', grad_fn=<DivBackward0>)
Memory status after this epoch: 
Memory allocated:  3.19775390625
Memory cached:  122.0
	 epoch  10 training error:  tensor(1., device='cuda:0', grad_fn=<DivBackward0>)
Memory status after this epoch: 
Memory allocated:  3.19775390625
Memory cached:  156.0
	 epoch  20 training error:  tensor(1., device='cuda:0', grad_fn=<DivBackward0>)
Memory status after this epoch: 
Memory allocated:  3.19775390625
Memory cached:  164.0
	 epoch  30 training error:  tensor(1., device='cuda:0', grad_fn=<DivBackward0>)
Memory status after this epoch: 
Memory allocated:  3.19775390625
Memory cached:  156.0
	 epoch  40 training error:  tensor(1., device='cuda:0', grad_fn=<DivBackward0>)
Memory status after this epoch: 
Memory allocated:  3.19775390625
Memory cached:  164.0
	 epoch  50 training error:  tensor(1., device='cuda:0', grad_fn=<DivBackward0>)
Memory status after this epoch: 
Memory allocated:  3.19775390625
Memory cached:  162.0
	 epoch  60 training error:  tensor(1., device='cuda:0', grad_fn=<DivBackward0>)
Memory status after this epoch: 
Memory allocated:  3.19775390625
Memory cached:  160.0
	 epoch  70 training error:  tensor(1., device='cuda:0', grad_fn=<DivBackward0>)
Memory status after this epoch: 
Memory allocated:  3.19775390625
Memory cached:  162.0
	 epoch  80 training error:  tensor(1., device='cuda:0', grad_fn=<DivBackward0>)
Memory status after this epoch: 
Memory allocated:  3.19775390625
Memory cached:  162.0
	 epoch  90 training error:  tensor(1., device='cuda:0', grad_fn=<DivBackward0>)
Memory status after this epoch: 
Memory allocated:  3.19775390625
Memory cached:  166.0
[I 2023-11-29 05:51:23,341] Trial 4 finished with value: 1.0 and parameters: {'W_layers': 3, 'W_layer_units_exponent_0': 7, 'W_layer_units_exponent_1': 6, 'W_layer_units_exponent_2': 8, 'D_layers': 4, 'D_layer_units_exponent_0': 6, 'D_layer_units_exponent_1': 5, 'D_layer_units_exponent_2': 8, 'D_layer_units_exponent_3': 5, 'D_dagger_layers': 3, 'D_dagger_layer_units_exponent_0': 8, 'D_dagger_layer_units_exponent_1': 9, 'D_dagger_layer_units_exponent_2': 5, 'log_learning_rate': -2.3018564788988676, 'log_learning_rate_D': -2.610877116139382, 'log_learning_rate_D_dagger': -2.1937994396109204, 'training_batch_size': 6, 'training_p': 4}. Best is trial 0 with value: 1.0.
Time for this trial:  425.00543904304504
Memory status after this trial: 
Memory allocated:  90.79443359375
Memory cached:  138.0
--------------------  Trial  5   --------------------
Start timing: 
Parameters: 
{'W_layers': 3, 'W_layer_units_exponent_0': 8, 'W_layer_units_exponent_1': 4, 'W_layer_units_exponent_2': 6, 'D_layers': 2, 'D_layer_units_exponent_0': 9, 'D_layer_units_exponent_1': 10, 'D_dagger_layers': 7, 'D_dagger_layer_units_exponent_0': 4, 'D_dagger_layer_units_exponent_1': 4, 'D_dagger_layer_units_exponent_2': 5, 'D_dagger_layer_units_exponent_3': 4, 'D_dagger_layer_units_exponent_4': 8, 'D_dagger_layer_units_exponent_5': 10, 'D_dagger_layer_units_exponent_6': 6, 'log_learning_rate': -3.631191414274336, 'log_learning_rate_D': -1.5536845727051416, 'log_learning_rate_D_dagger': -2.1289740047144603, 'training_batch_size': 12, 'training_p': 8}
	 epoch  0 training error:  tensor(33.1181, device='cuda:0', grad_fn=<DivBackward0>)
Memory status after this epoch: 
Memory allocated:  13.55419921875
Memory cached:  150.0
	 epoch  10 training error:  tensor(19.3737, device='cuda:0', grad_fn=<DivBackward0>)
Memory status after this epoch: 
Memory allocated:  13.55419921875
Memory cached:  246.0
	 epoch  20 training error:  tensor(20.0132, device='cuda:0', grad_fn=<DivBackward0>)
Memory status after this epoch: 
Memory allocated:  13.55419921875
Memory cached:  240.0
	 epoch  30 training error:  tensor(21.2066, device='cuda:0', grad_fn=<DivBackward0>)
Memory status after this epoch: 
Memory allocated:  13.55419921875
Memory cached:  258.0
	 epoch  40 training error:  tensor(19.9999, device='cuda:0', grad_fn=<DivBackward0>)
Memory status after this epoch: 
Memory allocated:  13.55419921875
Memory cached:  252.0
	 epoch  50 training error:  tensor(20.3520, device='cuda:0', grad_fn=<DivBackward0>)
Memory status after this epoch: 
Memory allocated:  13.55419921875
Memory cached:  240.0
	 epoch  60 training error:  tensor(18.7645, device='cuda:0', grad_fn=<DivBackward0>)
Memory status after this epoch: 
Memory allocated:  13.55419921875
Memory cached:  264.0
	 epoch  70 training error:  tensor(21.3864, device='cuda:0', grad_fn=<DivBackward0>)
Memory status after this epoch: 
Memory allocated:  13.55419921875
Memory cached:  250.0
	 epoch  80 training error:  tensor(20.2598, device='cuda:0', grad_fn=<DivBackward0>)
Memory status after this epoch: 
Memory allocated:  13.55419921875
Memory cached:  248.0
	 epoch  90 training error:  tensor(19.0833, device='cuda:0', grad_fn=<DivBackward0>)
Memory status after this epoch: 
Memory allocated:  13.55419921875
Memory cached:  248.0
[I 2023-11-29 05:55:45,833] Trial 5 finished with value: 13.300311088562012 and parameters: {'W_layers': 3, 'W_layer_units_exponent_0': 8, 'W_layer_units_exponent_1': 4, 'W_layer_units_exponent_2': 6, 'D_layers': 2, 'D_layer_units_exponent_0': 9, 'D_layer_units_exponent_1': 10, 'D_dagger_layers': 7, 'D_dagger_layer_units_exponent_0': 4, 'D_dagger_layer_units_exponent_1': 4, 'D_dagger_layer_units_exponent_2': 5, 'D_dagger_layer_units_exponent_3': 4, 'D_dagger_layer_units_exponent_4': 8, 'D_dagger_layer_units_exponent_5': 10, 'D_dagger_layer_units_exponent_6': 6, 'log_learning_rate': -3.631191414274336, 'log_learning_rate_D': -1.5536845727051416, 'log_learning_rate_D_dagger': -2.1289740047144603, 'training_batch_size': 12, 'training_p': 8}. Best is trial 0 with value: 1.0.
Time for this trial:  262.3396236896515
Memory status after this trial: 
Memory allocated:  186.33642578125
Memory cached:  206.0
--------------------  Trial  6   --------------------
Start timing: 
Parameters: 
{'W_layers': 7, 'W_layer_units_exponent_0': 6, 'W_layer_units_exponent_1': 7, 'W_layer_units_exponent_2': 9, 'W_layer_units_exponent_3': 6, 'W_layer_units_exponent_4': 5, 'W_layer_units_exponent_5': 6, 'W_layer_units_exponent_6': 8, 'D_layers': 3, 'D_layer_units_exponent_0': 4, 'D_layer_units_exponent_1': 5, 'D_layer_units_exponent_2': 4, 'D_dagger_layers': 2, 'D_dagger_layer_units_exponent_0': 9, 'D_dagger_layer_units_exponent_1': 9, 'log_learning_rate': -3.0044699899784826, 'log_learning_rate_D': -2.341849118961362, 'log_learning_rate_D_dagger': -2.9493003798352735, 'training_batch_size': 8, 'training_p': 7}
	 epoch  0 training error:  tensor(1.8534, device='cuda:0', grad_fn=<DivBackward0>)
Memory status after this epoch: 
Memory allocated:  6.28564453125
Memory cached:  132.0
	 epoch  10 training error:  tensor(1.7475, device='cuda:0', grad_fn=<DivBackward0>)
Memory status after this epoch: 
Memory allocated:  6.28564453125
Memory cached:  232.0
	 epoch  20 training error:  tensor(1.3179, device='cuda:0', grad_fn=<DivBackward0>)
Memory status after this epoch: 
Memory allocated:  6.28564453125
Memory cached:  220.0
	 epoch  30 training error:  tensor(1.2781, device='cuda:0', grad_fn=<DivBackward0>)
Memory status after this epoch: 
Memory allocated:  6.28564453125
Memory cached:  228.0
	 epoch  40 training error:  tensor(1.9276, device='cuda:0', grad_fn=<DivBackward0>)
Memory status after this epoch: 
Memory allocated:  6.28564453125
Memory cached:  228.0
	 epoch  50 training error:  tensor(1.6256, device='cuda:0', grad_fn=<DivBackward0>)
Memory status after this epoch: 
Memory allocated:  6.28564453125
Memory cached:  236.0
	 epoch  60 training error:  tensor(1.7098, device='cuda:0', grad_fn=<DivBackward0>)
Memory status after this epoch: 
Memory allocated:  6.28564453125
Memory cached:  234.0
	 epoch  70 training error:  tensor(1.7914, device='cuda:0', grad_fn=<DivBackward0>)
Memory status after this epoch: 
Memory allocated:  6.28564453125
Memory cached:  232.0
	 epoch  80 training error:  tensor(1.8120, device='cuda:0', grad_fn=<DivBackward0>)
Memory status after this epoch: 
Memory allocated:  6.28564453125
Memory cached:  236.0
	 epoch  90 training error:  tensor(1.7740, device='cuda:0', grad_fn=<DivBackward0>)
Memory status after this epoch: 
Memory allocated:  6.28564453125
Memory cached:  220.0
[I 2023-11-29 05:59:58,619] Trial 6 finished with value: 1.5662881135940552 and parameters: {'W_layers': 7, 'W_layer_units_exponent_0': 6, 'W_layer_units_exponent_1': 7, 'W_layer_units_exponent_2': 9, 'W_layer_units_exponent_3': 6, 'W_layer_units_exponent_4': 5, 'W_layer_units_exponent_5': 6, 'W_layer_units_exponent_6': 8, 'D_layers': 3, 'D_layer_units_exponent_0': 4, 'D_layer_units_exponent_1': 5, 'D_layer_units_exponent_2': 4, 'D_dagger_layers': 2, 'D_dagger_layer_units_exponent_0': 9, 'D_dagger_layer_units_exponent_1': 9, 'log_learning_rate': -3.0044699899784826, 'log_learning_rate_D': -2.341849118961362, 'log_learning_rate_D_dagger': -2.9493003798352735, 'training_batch_size': 8, 'training_p': 7}. Best is trial 0 with value: 1.0.
Time for this trial:  252.61626887321472
Memory status after this trial: 
Memory allocated:  124.1630859375
Memory cached:  166.0
--------------------  Trial  7   --------------------
Start timing: 
Parameters: 
{'W_layers': 6, 'W_layer_units_exponent_0': 9, 'W_layer_units_exponent_1': 10, 'W_layer_units_exponent_2': 9, 'W_layer_units_exponent_3': 7, 'W_layer_units_exponent_4': 4, 'W_layer_units_exponent_5': 4, 'D_layers': 3, 'D_layer_units_exponent_0': 4, 'D_layer_units_exponent_1': 6, 'D_layer_units_exponent_2': 8, 'D_dagger_layers': 3, 'D_dagger_layer_units_exponent_0': 9, 'D_dagger_layer_units_exponent_1': 9, 'D_dagger_layer_units_exponent_2': 7, 'log_learning_rate': -4.340399020732585, 'log_learning_rate_D': -3.818339360757916, 'log_learning_rate_D_dagger': -3.296015413181175, 'training_batch_size': 12, 'training_p': 7}
	 epoch  0 training error:  tensor(1., device='cuda:0', grad_fn=<DivBackward0>)
Memory status after this epoch: 
Memory allocated:  22.70166015625
Memory cached:  162.0
	 epoch  10 training error:  tensor(1., device='cuda:0', grad_fn=<DivBackward0>)
Memory status after this epoch: 
Memory allocated:  22.70166015625
Memory cached:  286.0
	 epoch  20 training error:  tensor(1., device='cuda:0', grad_fn=<DivBackward0>)
Memory status after this epoch: 
Memory allocated:  22.70166015625
Memory cached:  294.0
	 epoch  30 training error:  tensor(1., device='cuda:0', grad_fn=<DivBackward0>)
Memory status after this epoch: 
Memory allocated:  22.70166015625
Memory cached:  290.0
	 epoch  40 training error:  tensor(1., device='cuda:0', grad_fn=<DivBackward0>)
Memory status after this epoch: 
Memory allocated:  22.70166015625
Memory cached:  280.0
	 epoch  50 training error:  tensor(1., device='cuda:0', grad_fn=<DivBackward0>)
Memory status after this epoch: 
Memory allocated:  22.70166015625
Memory cached:  286.0
	 epoch  60 training error:  tensor(1., device='cuda:0', grad_fn=<DivBackward0>)
Memory status after this epoch: 
Memory allocated:  22.70166015625
Memory cached:  302.0
	 epoch  70 training error:  tensor(1., device='cuda:0', grad_fn=<DivBackward0>)
Memory status after this epoch: 
Memory allocated:  22.70166015625
Memory cached:  286.0
	 epoch  80 training error:  tensor(1., device='cuda:0', grad_fn=<DivBackward0>)
Memory status after this epoch: 
Memory allocated:  22.70166015625
Memory cached:  302.0
	 epoch  90 training error:  tensor(1., device='cuda:0', grad_fn=<DivBackward0>)
Memory status after this epoch: 
Memory allocated:  22.70166015625
Memory cached:  300.0
[I 2023-11-29 06:04:22,587] Trial 7 finished with value: 1.0406692028045654 and parameters: {'W_layers': 6, 'W_layer_units_exponent_0': 9, 'W_layer_units_exponent_1': 10, 'W_layer_units_exponent_2': 9, 'W_layer_units_exponent_3': 7, 'W_layer_units_exponent_4': 4, 'W_layer_units_exponent_5': 4, 'D_layers': 3, 'D_layer_units_exponent_0': 4, 'D_layer_units_exponent_1': 6, 'D_layer_units_exponent_2': 8, 'D_dagger_layers': 3, 'D_dagger_layer_units_exponent_0': 9, 'D_dagger_layer_units_exponent_1': 9, 'D_dagger_layer_units_exponent_2': 7, 'log_learning_rate': -4.340399020732585, 'log_learning_rate_D': -3.818339360757916, 'log_learning_rate_D_dagger': -3.296015413181175, 'training_batch_size': 12, 'training_p': 7}. Best is trial 0 with value: 1.0.
Time for this trial:  263.81551218032837
Memory status after this trial: 
Memory allocated:  212.8466796875
Memory cached:  230.0
--------------------  Trial  8   --------------------
Start timing: 
Parameters: 
{'W_layers': 3, 'W_layer_units_exponent_0': 4, 'W_layer_units_exponent_1': 6, 'W_layer_units_exponent_2': 9, 'D_layers': 4, 'D_layer_units_exponent_0': 5, 'D_layer_units_exponent_1': 5, 'D_layer_units_exponent_2': 4, 'D_layer_units_exponent_3': 8, 'D_dagger_layers': 4, 'D_dagger_layer_units_exponent_0': 9, 'D_dagger_layer_units_exponent_1': 10, 'D_dagger_layer_units_exponent_2': 9, 'D_dagger_layer_units_exponent_3': 7, 'log_learning_rate': -1.3085413897800127, 'log_learning_rate_D': -1.1221278571484605, 'log_learning_rate_D_dagger': -1.1745975801525215, 'training_batch_size': 10, 'training_p': 5}
	 epoch  0 training error:  tensor(1.5974, device='cuda:0', grad_fn=<DivBackward0>)
Memory status after this epoch: 
Memory allocated:  17.974609375
Memory cached:  166.0
	 epoch  10 training error:  tensor(24.3905, device='cuda:0', grad_fn=<DivBackward0>)
Memory status after this epoch: 
Memory allocated:  17.974609375
Memory cached:  294.0
	 epoch  20 training error:  tensor(14.6057, device='cuda:0', grad_fn=<DivBackward0>)
Memory status after this epoch: 
Memory allocated:  17.974609375
Memory cached:  280.0
	 epoch  30 training error:  tensor(26.1842, device='cuda:0', grad_fn=<DivBackward0>)
Memory status after this epoch: 
Memory allocated:  17.974609375
Memory cached:  280.0
	 epoch  40 training error:  tensor(28.1995, device='cuda:0', grad_fn=<DivBackward0>)
Memory status after this epoch: 
Memory allocated:  17.974609375
Memory cached:  292.0
	 epoch  50 training error:  tensor(30.9573, device='cuda:0', grad_fn=<DivBackward0>)
Memory status after this epoch: 
Memory allocated:  17.974609375
Memory cached:  294.0
	 epoch  60 training error:  tensor(28.7796, device='cuda:0', grad_fn=<DivBackward0>)
Memory status after this epoch: 
Memory allocated:  17.974609375
Memory cached:  294.0
	 epoch  70 training error:  tensor(31.9815, device='cuda:0', grad_fn=<DivBackward0>)
Memory status after this epoch: 
Memory allocated:  17.974609375
Memory cached:  292.0
	 epoch  80 training error:  tensor(30.8226, device='cuda:0', grad_fn=<DivBackward0>)
Memory status after this epoch: 
Memory allocated:  17.974609375
Memory cached:  294.0
	 epoch  90 training error:  tensor(35.1110, device='cuda:0', grad_fn=<DivBackward0>)
Memory status after this epoch: 
Memory allocated:  17.974609375
Memory cached:  292.0
