[I 2023-11-20 23:48:19,447] Trial 37 finished with value: 1.0 and parameters: {'W_layers': 8, 'W_layer_units_exponent_0': 7, 'W_layer_units_exponent_1': 6, 'W_layer_units_exponent_2': 8, 'W_layer_units_exponent_3': 5, 'W_layer_units_exponent_4': 9, 'W_layer_units_exponent_5': 9, 'W_layer_units_exponent_6': 7, 'W_layer_units_exponent_7': 9, 'D_layers': 8, 'D_layer_units_exponent_0': 10, 'D_layer_units_exponent_1': 5, 'D_layer_units_exponent_2': 4, 'D_layer_units_exponent_3': 9, 'D_layer_units_exponent_4': 8, 'D_layer_units_exponent_5': 8, 'D_layer_units_exponent_6': 9, 'D_layer_units_exponent_7': 6, 'D_dagger_layers': 5, 'D_dagger_layer_units_exponent_0': 9, 'D_dagger_layer_units_exponent_1': 8, 'D_dagger_layer_units_exponent_2': 7, 'D_dagger_layer_units_exponent_3': 9, 'D_dagger_layer_units_exponent_4': 4, 'log_learning_rate': -2.4038730573417757, 'log_learning_rate_D': -3.366382801471949, 'log_learning_rate_D_dagger': -4.416147593702007, 'training_batch_size': 9, 'training_p': 2}. Best is trial 20 with value: 0.10796939581632614.
Time for this trial:  242.1743266582489
Memory status after this trial: 
Memory allocated:  246.32666015625
Memory cached:  256.0
--------------------  Trial  38   --------------------
Start timing: 
Parameters: 
{'W_layers': 6, 'W_layer_units_exponent_0': 4, 'W_layer_units_exponent_1': 4, 'W_layer_units_exponent_2': 10, 'W_layer_units_exponent_3': 4, 'W_layer_units_exponent_4': 7, 'W_layer_units_exponent_5': 5, 'D_layers': 7, 'D_layer_units_exponent_0': 9, 'D_layer_units_exponent_1': 6, 'D_layer_units_exponent_2': 8, 'D_layer_units_exponent_3': 5, 'D_layer_units_exponent_4': 6, 'D_layer_units_exponent_5': 9, 'D_layer_units_exponent_6': 6, 'D_dagger_layers': 3, 'D_dagger_layer_units_exponent_0': 8, 'D_dagger_layer_units_exponent_1': 7, 'D_dagger_layer_units_exponent_2': 5, 'log_learning_rate': -4.1326441852546445, 'log_learning_rate_D': -2.828123315379091, 'log_learning_rate_D_dagger': -4.794624838035265, 'training_batch_size': 10, 'training_p': 4}
	 epoch  0 training error:  tensor(1.0021, device='cuda:0', grad_fn=<DivBackward0>)
Memory status after this epoch: 
Memory allocated:  3.30517578125
Memory cached:  110.0
	 epoch  10 training error:  tensor(1.0027, device='cuda:0', grad_fn=<DivBackward0>)
Memory status after this epoch: 
Memory allocated:  3.30517578125
Memory cached:  184.0
	 epoch  20 training error:  tensor(1.0007, device='cuda:0', grad_fn=<DivBackward0>)
Memory status after this epoch: 
Memory allocated:  3.30517578125
Memory cached:  200.0
	 epoch  30 training error:  tensor(0.9990, device='cuda:0', grad_fn=<DivBackward0>)
Memory status after this epoch: 
Memory allocated:  3.30517578125
Memory cached:  202.0
	 epoch  40 training error:  tensor(0.9958, device='cuda:0', grad_fn=<DivBackward0>)
Memory status after this epoch: 
Memory allocated:  3.30517578125
Memory cached:  206.0
	 epoch  50 training error:  tensor(0.9940, device='cuda:0', grad_fn=<DivBackward0>)
Memory status after this epoch: 
Memory allocated:  3.30517578125
Memory cached:  206.0
	 epoch  60 training error:  tensor(0.9925, device='cuda:0', grad_fn=<DivBackward0>)
Memory status after this epoch: 
Memory allocated:  3.30517578125
Memory cached:  192.0
	 epoch  70 training error:  tensor(0.9902, device='cuda:0', grad_fn=<DivBackward0>)
Memory status after this epoch: 
Memory allocated:  3.30517578125
Memory cached:  218.0
	 epoch  80 training error:  tensor(0.9881, device='cuda:0', grad_fn=<DivBackward0>)
Memory status after this epoch: 
Memory allocated:  3.30517578125
Memory cached:  194.0
	 epoch  90 training error:  tensor(0.9859, device='cuda:0', grad_fn=<DivBackward0>)
Memory status after this epoch: 
Memory allocated:  3.30517578125
Memory cached:  204.0
[I 2023-11-20 23:51:30,313] Trial 38 finished with value: 0.9833465814590454 and parameters: {'W_layers': 6, 'W_layer_units_exponent_0': 4, 'W_layer_units_exponent_1': 4, 'W_layer_units_exponent_2': 10, 'W_layer_units_exponent_3': 4, 'W_layer_units_exponent_4': 7, 'W_layer_units_exponent_5': 5, 'D_layers': 7, 'D_layer_units_exponent_0': 9, 'D_layer_units_exponent_1': 6, 'D_layer_units_exponent_2': 8, 'D_layer_units_exponent_3': 5, 'D_layer_units_exponent_4': 6, 'D_layer_units_exponent_5': 9, 'D_layer_units_exponent_6': 6, 'D_dagger_layers': 3, 'D_dagger_layer_units_exponent_0': 8, 'D_dagger_layer_units_exponent_1': 7, 'D_dagger_layer_units_exponent_2': 5, 'log_learning_rate': -4.1326441852546445, 'log_learning_rate_D': -2.828123315379091, 'log_learning_rate_D_dagger': -4.794624838035265, 'training_batch_size': 10, 'training_p': 4}. Best is trial 20 with value: 0.10796939581632614.
Time for this trial:  190.59041285514832
Memory status after this trial: 
Memory allocated:  122.3271484375
Memory cached:  150.0
--------------------  Trial  39   --------------------
Start timing: 
Parameters: 
{'W_layers': 4, 'W_layer_units_exponent_0': 6, 'W_layer_units_exponent_1': 5, 'W_layer_units_exponent_2': 9, 'W_layer_units_exponent_3': 5, 'D_layers': 6, 'D_layer_units_exponent_0': 6, 'D_layer_units_exponent_1': 4, 'D_layer_units_exponent_2': 10, 'D_layer_units_exponent_3': 10, 'D_layer_units_exponent_4': 7, 'D_layer_units_exponent_5': 7, 'D_dagger_layers': 7, 'D_dagger_layer_units_exponent_0': 6, 'D_dagger_layer_units_exponent_1': 4, 'D_dagger_layer_units_exponent_2': 10, 'D_dagger_layer_units_exponent_3': 10, 'D_dagger_layer_units_exponent_4': 10, 'D_dagger_layer_units_exponent_5': 7, 'D_dagger_layer_units_exponent_6': 5, 'log_learning_rate': -3.5303282203533466, 'log_learning_rate_D': -3.0544001803081544, 'log_learning_rate_D_dagger': -4.153405039288565, 'training_batch_size': 8, 'training_p': 3}
	 epoch  0 training error:  tensor(0.9977, device='cuda:0', grad_fn=<DivBackward0>)
Memory status after this epoch: 
Memory allocated:  53.61962890625
Memory cached:  182.0
	 epoch  10 training error:  tensor(0.9970, device='cuda:0', grad_fn=<DivBackward0>)
Memory status after this epoch: 
Memory allocated:  53.61962890625
Memory cached:  300.0
	 epoch  20 training error:  tensor(0.9944, device='cuda:0', grad_fn=<DivBackward0>)
Memory status after this epoch: 
Memory allocated:  53.61962890625
Memory cached:  310.0
	 epoch  30 training error:  tensor(0.9943, device='cuda:0', grad_fn=<DivBackward0>)
Memory status after this epoch: 
Memory allocated:  53.61962890625
Memory cached:  302.0
	 epoch  40 training error:  tensor(0.9893, device='cuda:0', grad_fn=<DivBackward0>)
Memory status after this epoch: 
Memory allocated:  53.61962890625
Memory cached:  302.0
	 epoch  50 training error:  tensor(0.9878, device='cuda:0', grad_fn=<DivBackward0>)
Memory status after this epoch: 
Memory allocated:  53.61962890625
Memory cached:  290.0
	 epoch  60 training error:  tensor(0.9723, device='cuda:0', grad_fn=<DivBackward0>)
Memory status after this epoch: 
Memory allocated:  53.61962890625
Memory cached:  308.0
	 epoch  70 training error:  tensor(0.9750, device='cuda:0', grad_fn=<DivBackward0>)
Memory status after this epoch: 
Memory allocated:  53.61962890625
Memory cached:  310.0
	 epoch  80 training error:  tensor(0.9487, device='cuda:0', grad_fn=<DivBackward0>)
Memory status after this epoch: 
Memory allocated:  53.61962890625
Memory cached:  302.0
	 epoch  90 training error:  tensor(1., device='cuda:0', grad_fn=<DivBackward0>)
Memory status after this epoch: 
Memory allocated:  53.61962890625
Memory cached:  294.0
[I 2023-11-20 23:55:03,522] Trial 39 finished with value: 1.0 and parameters: {'W_layers': 4, 'W_layer_units_exponent_0': 6, 'W_layer_units_exponent_1': 5, 'W_layer_units_exponent_2': 9, 'W_layer_units_exponent_3': 5, 'D_layers': 6, 'D_layer_units_exponent_0': 6, 'D_layer_units_exponent_1': 4, 'D_layer_units_exponent_2': 10, 'D_layer_units_exponent_3': 10, 'D_layer_units_exponent_4': 7, 'D_layer_units_exponent_5': 7, 'D_dagger_layers': 7, 'D_dagger_layer_units_exponent_0': 6, 'D_dagger_layer_units_exponent_1': 4, 'D_dagger_layer_units_exponent_2': 10, 'D_dagger_layer_units_exponent_3': 10, 'D_dagger_layer_units_exponent_4': 10, 'D_dagger_layer_units_exponent_5': 7, 'D_dagger_layer_units_exponent_6': 5, 'log_learning_rate': -3.5303282203533466, 'log_learning_rate_D': -3.0544001803081544, 'log_learning_rate_D_dagger': -4.153405039288565, 'training_batch_size': 8, 'training_p': 3}. Best is trial 20 with value: 0.10796939581632614.
Time for this trial:  212.94709587097168
Memory status after this trial: 
Memory allocated:  268.4853515625
Memory cached:  288.0
--------------------  Trial  40   --------------------
Start timing: 
Parameters: 
{'W_layers': 6, 'W_layer_units_exponent_0': 5, 'W_layer_units_exponent_1': 4, 'W_layer_units_exponent_2': 10, 'W_layer_units_exponent_3': 5, 'W_layer_units_exponent_4': 5, 'W_layer_units_exponent_5': 7, 'D_layers': 5, 'D_layer_units_exponent_0': 5, 'D_layer_units_exponent_1': 6, 'D_layer_units_exponent_2': 9, 'D_layer_units_exponent_3': 8, 'D_layer_units_exponent_4': 4, 'D_dagger_layers': 8, 'D_dagger_layer_units_exponent_0': 10, 'D_dagger_layer_units_exponent_1': 5, 'D_dagger_layer_units_exponent_2': 6, 'D_dagger_layer_units_exponent_3': 8, 'D_dagger_layer_units_exponent_4': 4, 'D_dagger_layer_units_exponent_5': 9, 'D_dagger_layer_units_exponent_6': 9, 'D_dagger_layer_units_exponent_7': 4, 'log_learning_rate': -3.128996546662342, 'log_learning_rate_D': -2.5998323753324404, 'log_learning_rate_D_dagger': -4.585766680641757, 'training_batch_size': 12, 'training_p': 6}
	 epoch  0 training error:  tensor(1.0002, device='cuda:0', grad_fn=<DivBackward0>)
Memory status after this epoch: 
Memory allocated:  8.81689453125
Memory cached:  116.0
	 epoch  10 training error:  tensor(0.9999, device='cuda:0', grad_fn=<DivBackward0>)
Memory status after this epoch: 
Memory allocated:  8.81689453125
Memory cached:  224.0
	 epoch  20 training error:  tensor(0.9997, device='cuda:0', grad_fn=<DivBackward0>)
Memory status after this epoch: 
Memory allocated:  8.81689453125
Memory cached:  226.0
	 epoch  30 training error:  tensor(0.9993, device='cuda:0', grad_fn=<DivBackward0>)
Memory status after this epoch: 
Memory allocated:  8.81689453125
Memory cached:  228.0
	 epoch  40 training error:  tensor(0.9988, device='cuda:0', grad_fn=<DivBackward0>)
Memory status after this epoch: 
Memory allocated:  8.81689453125
Memory cached:  212.0
	 epoch  50 training error:  tensor(0.9977, device='cuda:0', grad_fn=<DivBackward0>)
Memory status after this epoch: 
Memory allocated:  8.81689453125
Memory cached:  220.0
	 epoch  60 training error:  tensor(0.9949, device='cuda:0', grad_fn=<DivBackward0>)
Memory status after this epoch: 
Memory allocated:  8.81689453125
Memory cached:  236.0
	 epoch  70 training error:  tensor(0.9924, device='cuda:0', grad_fn=<DivBackward0>)
Memory status after this epoch: 
Memory allocated:  8.81689453125
Memory cached:  236.0
	 epoch  80 training error:  tensor(0.9882, device='cuda:0', grad_fn=<DivBackward0>)
Memory status after this epoch: 
Memory allocated:  8.81689453125
Memory cached:  250.0
	 epoch  90 training error:  tensor(0.9842, device='cuda:0', grad_fn=<DivBackward0>)
Memory status after this epoch: 
Memory allocated:  8.81689453125
Memory cached:  232.0
[I 2023-11-20 23:58:42,521] Trial 40 finished with value: 0.9818716049194336 and parameters: {'W_layers': 6, 'W_layer_units_exponent_0': 5, 'W_layer_units_exponent_1': 4, 'W_layer_units_exponent_2': 10, 'W_layer_units_exponent_3': 5, 'W_layer_units_exponent_4': 5, 'W_layer_units_exponent_5': 7, 'D_layers': 5, 'D_layer_units_exponent_0': 5, 'D_layer_units_exponent_1': 6, 'D_layer_units_exponent_2': 9, 'D_layer_units_exponent_3': 8, 'D_layer_units_exponent_4': 4, 'D_dagger_layers': 8, 'D_dagger_layer_units_exponent_0': 10, 'D_dagger_layer_units_exponent_1': 5, 'D_dagger_layer_units_exponent_2': 6, 'D_dagger_layer_units_exponent_3': 8, 'D_dagger_layer_units_exponent_4': 4, 'D_dagger_layer_units_exponent_5': 9, 'D_dagger_layer_units_exponent_6': 9, 'D_dagger_layer_units_exponent_7': 4, 'log_learning_rate': -3.128996546662342, 'log_learning_rate_D': -2.5998323753324404, 'log_learning_rate_D_dagger': -4.585766680641757, 'training_batch_size': 12, 'training_p': 6}. Best is trial 20 with value: 0.10796939581632614.
Time for this trial:  218.70793867111206
Memory status after this trial: 
Memory allocated:  179.76318359375
Memory cached:  186.0
--------------------  Trial  41   --------------------
Start timing: 
Parameters: 
{'W_layers': 8, 'W_layer_units_exponent_0': 6, 'W_layer_units_exponent_1': 4, 'W_layer_units_exponent_2': 9, 'W_layer_units_exponent_3': 6, 'W_layer_units_exponent_4': 4, 'W_layer_units_exponent_5': 6, 'W_layer_units_exponent_6': 10, 'W_layer_units_exponent_7': 4, 'D_layers': 6, 'D_layer_units_exponent_0': 5, 'D_layer_units_exponent_1': 5, 'D_layer_units_exponent_2': 10, 'D_layer_units_exponent_3': 8, 'D_layer_units_exponent_4': 8, 'D_layer_units_exponent_5': 10, 'D_dagger_layers': 7, 'D_dagger_layer_units_exponent_0': 10, 'D_dagger_layer_units_exponent_1': 6, 'D_dagger_layer_units_exponent_2': 7, 'D_dagger_layer_units_exponent_3': 7, 'D_dagger_layer_units_exponent_4': 5, 'D_dagger_layer_units_exponent_5': 9, 'D_dagger_layer_units_exponent_6': 6, 'log_learning_rate': -2.4543988617437127, 'log_learning_rate_D': -2.0347505631327345, 'log_learning_rate_D_dagger': -4.947327761576871, 'training_batch_size': 10, 'training_p': 2}
	 epoch  0 training error:  tensor(0.9999, device='cuda:0', grad_fn=<DivBackward0>)
Memory status after this epoch: 
Memory allocated:  13.95751953125
Memory cached:  132.0
	 epoch  10 training error:  tensor(0.9998, device='cuda:0', grad_fn=<DivBackward0>)
Memory status after this epoch: 
Memory allocated:  13.95751953125
Memory cached:  238.0
	 epoch  20 training error:  tensor(0.9996, device='cuda:0', grad_fn=<DivBackward0>)
Memory status after this epoch: 
Memory allocated:  13.95751953125
Memory cached:  252.0
	 epoch  30 training error:  tensor(0.9994, device='cuda:0', grad_fn=<DivBackward0>)
Memory status after this epoch: 
Memory allocated:  13.95751953125
Memory cached:  262.0
	 epoch  40 training error:  tensor(0.9993, device='cuda:0', grad_fn=<DivBackward0>)
Memory status after this epoch: 
Memory allocated:  13.95751953125
Memory cached:  244.0
	 epoch  50 training error:  tensor(0.9992, device='cuda:0', grad_fn=<DivBackward0>)
Memory status after this epoch: 
Memory allocated:  13.95751953125
Memory cached:  256.0
	 epoch  60 training error:  tensor(0.9989, device='cuda:0', grad_fn=<DivBackward0>)
Memory status after this epoch: 
Memory allocated:  13.95751953125
Memory cached:  264.0
	 epoch  70 training error:  tensor(0.9987, device='cuda:0', grad_fn=<DivBackward0>)
Memory status after this epoch: 
Memory allocated:  13.95751953125
Memory cached:  248.0
	 epoch  80 training error:  tensor(0.9983, device='cuda:0', grad_fn=<DivBackward0>)
Memory status after this epoch: 
Memory allocated:  13.95751953125
Memory cached:  258.0
	 epoch  90 training error:  tensor(0.9979, device='cuda:0', grad_fn=<DivBackward0>)
Memory status after this epoch: 
Memory allocated:  13.95751953125
Memory cached:  256.0
[I 2023-11-21 00:02:45,513] Trial 41 finished with value: 0.9987571835517883 and parameters: {'W_layers': 8, 'W_layer_units_exponent_0': 6, 'W_layer_units_exponent_1': 4, 'W_layer_units_exponent_2': 9, 'W_layer_units_exponent_3': 6, 'W_layer_units_exponent_4': 4, 'W_layer_units_exponent_5': 6, 'W_layer_units_exponent_6': 10, 'W_layer_units_exponent_7': 4, 'D_layers': 6, 'D_layer_units_exponent_0': 5, 'D_layer_units_exponent_1': 5, 'D_layer_units_exponent_2': 10, 'D_layer_units_exponent_3': 8, 'D_layer_units_exponent_4': 8, 'D_layer_units_exponent_5': 10, 'D_dagger_layers': 7, 'D_dagger_layer_units_exponent_0': 10, 'D_dagger_layer_units_exponent_1': 6, 'D_dagger_layer_units_exponent_2': 7, 'D_dagger_layer_units_exponent_3': 7, 'D_dagger_layer_units_exponent_4': 5, 'D_dagger_layer_units_exponent_5': 9, 'D_dagger_layer_units_exponent_6': 6, 'log_learning_rate': -2.4543988617437127, 'log_learning_rate_D': -2.0347505631327345, 'log_learning_rate_D_dagger': -4.947327761576871, 'training_batch_size': 10, 'training_p': 2}. Best is trial 20 with value: 0.10796939581632614.
Time for this trial:  242.67198705673218
Memory status after this trial: 
Memory allocated:  249.29638671875
Memory cached:  258.0
--------------------  Trial  42   --------------------
Start timing: 
Parameters: 
{'W_layers': 8, 'W_layer_units_exponent_0': 6, 'W_layer_units_exponent_1': 10, 'W_layer_units_exponent_2': 9, 'W_layer_units_exponent_3': 6, 'W_layer_units_exponent_4': 4, 'W_layer_units_exponent_5': 6, 'W_layer_units_exponent_6': 5, 'W_layer_units_exponent_7': 5, 'D_layers': 7, 'D_layer_units_exponent_0': 4, 'D_layer_units_exponent_1': 4, 'D_layer_units_exponent_2': 10, 'D_layer_units_exponent_3': 8, 'D_layer_units_exponent_4': 8, 'D_layer_units_exponent_5': 10, 'D_layer_units_exponent_6': 7, 'D_dagger_layers': 6, 'D_dagger_layer_units_exponent_0': 9, 'D_dagger_layer_units_exponent_1': 6, 'D_dagger_layer_units_exponent_2': 7, 'D_dagger_layer_units_exponent_3': 7, 'D_dagger_layer_units_exponent_4': 5, 'D_dagger_layer_units_exponent_5': 10, 'log_learning_rate': -2.604443380608882, 'log_learning_rate_D': -2.416614209360621, 'log_learning_rate_D_dagger': -4.977945860478164, 'training_batch_size': 10, 'training_p': 2}
	 epoch  0 training error:  tensor(1., device='cuda:0', grad_fn=<DivBackward0>)
Memory status after this epoch: 
Memory allocated:  22.56298828125
Memory cached:  146.0
	 epoch  10 training error:  tensor(1., device='cuda:0', grad_fn=<DivBackward0>)
Memory status after this epoch: 
Memory allocated:  22.56298828125
Memory cached:  264.0
	 epoch  20 training error:  tensor(1., device='cuda:0', grad_fn=<DivBackward0>)
Memory status after this epoch: 
Memory allocated:  22.56298828125
Memory cached:  266.0
	 epoch  30 training error:  tensor(1., device='cuda:0', grad_fn=<DivBackward0>)
Memory status after this epoch: 
Memory allocated:  22.56298828125
Memory cached:  268.0
	 epoch  40 training error:  tensor(1., device='cuda:0', grad_fn=<DivBackward0>)
Memory status after this epoch: 
Memory allocated:  22.56298828125
Memory cached:  254.0
	 epoch  50 training error:  tensor(1., device='cuda:0', grad_fn=<DivBackward0>)
Memory status after this epoch: 
Memory allocated:  22.56298828125
Memory cached:  270.0
	 epoch  60 training error:  tensor(1., device='cuda:0', grad_fn=<DivBackward0>)
Memory status after this epoch: 
Memory allocated:  22.56298828125
Memory cached:  258.0
	 epoch  70 training error:  tensor(1., device='cuda:0', grad_fn=<DivBackward0>)
Memory status after this epoch: 
Memory allocated:  22.56298828125
Memory cached:  258.0
	 epoch  80 training error:  tensor(1., device='cuda:0', grad_fn=<DivBackward0>)
Memory status after this epoch: 
Memory allocated:  22.56298828125
Memory cached:  258.0
	 epoch  90 training error:  tensor(1., device='cuda:0', grad_fn=<DivBackward0>)
Memory status after this epoch: 
Memory allocated:  22.56298828125
Memory cached:  258.0
