[I 2023-11-22 15:44:37,595] Trial 6 finished with value: 1.0 and parameters: {'W_layers': 3, 'W_layer_units_exponent_0': 10, 'W_layer_units_exponent_1': 5, 'W_layer_units_exponent_2': 9, 'D_layers': 3, 'D_layer_units_exponent_0': 8, 'D_layer_units_exponent_1': 6, 'D_layer_units_exponent_2': 5, 'D_dagger_layers': 3, 'D_dagger_layer_units_exponent_0': 5, 'D_dagger_layer_units_exponent_1': 5, 'D_dagger_layer_units_exponent_2': 6, 'log_learning_rate': -2.3618813850870817, 'log_learning_rate_D': -3.9749780132139167, 'log_learning_rate_D_dagger': -4.860637487091143, 'training_batch_size': 6, 'training_p': 2}. Best is trial 0 with value: 0.06333441287279129.
Time for this trial:  256.15727949142456
Memory status after this trial: 
Memory allocated:  79.32421875
Memory cached:  82.0
--------------------  Trial  7   --------------------
Start timing: 
Parameters: 
{'W_layers': 5, 'W_layer_units_exponent_0': 7, 'W_layer_units_exponent_1': 10, 'W_layer_units_exponent_2': 8, 'W_layer_units_exponent_3': 8, 'W_layer_units_exponent_4': 10, 'D_layers': 8, 'D_layer_units_exponent_0': 8, 'D_layer_units_exponent_1': 4, 'D_layer_units_exponent_2': 7, 'D_layer_units_exponent_3': 4, 'D_layer_units_exponent_4': 10, 'D_layer_units_exponent_5': 9, 'D_layer_units_exponent_6': 8, 'D_layer_units_exponent_7': 8, 'D_dagger_layers': 2, 'D_dagger_layer_units_exponent_0': 4, 'D_dagger_layer_units_exponent_1': 5, 'log_learning_rate': -2.9910191132641644, 'log_learning_rate_D': -1.3250688097795544, 'log_learning_rate_D_dagger': -4.768747639245712, 'training_batch_size': 8, 'training_p': 5}
	 epoch  0 training error:  tensor(0.9196, device='cuda:0', grad_fn=<DivBackward0>)
Memory status after this epoch: 
Memory allocated:  22.62939453125
Memory cached:  146.0
	 epoch  10 training error:  tensor(0.9181, device='cuda:0', grad_fn=<DivBackward0>)
Memory status after this epoch: 
Memory allocated:  22.62939453125
Memory cached:  272.0
	 epoch  20 training error:  tensor(0.9165, device='cuda:0', grad_fn=<DivBackward0>)
Memory status after this epoch: 
Memory allocated:  22.62939453125
Memory cached:  274.0
	 epoch  30 training error:  tensor(0.9146, device='cuda:0', grad_fn=<DivBackward0>)
Memory status after this epoch: 
Memory allocated:  22.62939453125
Memory cached:  276.0
	 epoch  40 training error:  tensor(0.9130, device='cuda:0', grad_fn=<DivBackward0>)
Memory status after this epoch: 
Memory allocated:  22.62939453125
Memory cached:  284.0
	 epoch  50 training error:  tensor(0.9114, device='cuda:0', grad_fn=<DivBackward0>)
Memory status after this epoch: 
Memory allocated:  22.62939453125
Memory cached:  276.0
	 epoch  60 training error:  tensor(0.9095, device='cuda:0', grad_fn=<DivBackward0>)
Memory status after this epoch: 
Memory allocated:  22.62939453125
Memory cached:  272.0
	 epoch  70 training error:  tensor(0.9077, device='cuda:0', grad_fn=<DivBackward0>)
Memory status after this epoch: 
Memory allocated:  22.62939453125
Memory cached:  270.0
	 epoch  80 training error:  tensor(0.9056, device='cuda:0', grad_fn=<DivBackward0>)
Memory status after this epoch: 
Memory allocated:  22.62939453125
Memory cached:  282.0
	 epoch  90 training error:  tensor(0.9038, device='cuda:0', grad_fn=<DivBackward0>)
Memory status after this epoch: 
Memory allocated:  22.62939453125
Memory cached:  278.0
[I 2023-11-22 15:47:51,105] Trial 7 finished with value: 0.8993261456489563 and parameters: {'W_layers': 5, 'W_layer_units_exponent_0': 7, 'W_layer_units_exponent_1': 10, 'W_layer_units_exponent_2': 8, 'W_layer_units_exponent_3': 8, 'W_layer_units_exponent_4': 10, 'D_layers': 8, 'D_layer_units_exponent_0': 8, 'D_layer_units_exponent_1': 4, 'D_layer_units_exponent_2': 7, 'D_layer_units_exponent_3': 4, 'D_layer_units_exponent_4': 10, 'D_layer_units_exponent_5': 9, 'D_layer_units_exponent_6': 8, 'D_layer_units_exponent_7': 8, 'D_dagger_layers': 2, 'D_dagger_layer_units_exponent_0': 4, 'D_dagger_layer_units_exponent_1': 5, 'log_learning_rate': -2.9910191132641644, 'log_learning_rate_D': -1.3250688097795544, 'log_learning_rate_D_dagger': -4.768747639245712, 'training_batch_size': 8, 'training_p': 5}. Best is trial 0 with value: 0.06333441287279129.
Time for this trial:  193.36307048797607
Memory status after this trial: 
Memory allocated:  209.74560546875
Memory cached:  234.0
--------------------  Trial  8   --------------------
Start timing: 
Parameters: 
{'W_layers': 6, 'W_layer_units_exponent_0': 5, 'W_layer_units_exponent_1': 8, 'W_layer_units_exponent_2': 9, 'W_layer_units_exponent_3': 9, 'W_layer_units_exponent_4': 4, 'W_layer_units_exponent_5': 10, 'D_layers': 4, 'D_layer_units_exponent_0': 5, 'D_layer_units_exponent_1': 10, 'D_layer_units_exponent_2': 9, 'D_layer_units_exponent_3': 8, 'D_dagger_layers': 2, 'D_dagger_layer_units_exponent_0': 8, 'D_dagger_layer_units_exponent_1': 8, 'log_learning_rate': -1.280766430699078, 'log_learning_rate_D': -3.2079266106210267, 'log_learning_rate_D_dagger': -1.1924488487195903, 'training_batch_size': 8, 'training_p': 3}
	 epoch  0 training error:  tensor(0.9684, device='cuda:0', grad_fn=<DivBackward0>)
Memory status after this epoch: 
Memory allocated:  18.24267578125
Memory cached:  142.0
	 epoch  10 training error:  tensor(1., device='cuda:0', grad_fn=<DivBackward0>)
Memory status after this epoch: 
Memory allocated:  18.24267578125
Memory cached:  242.0
	 epoch  20 training error:  tensor(2.0602, device='cuda:0', grad_fn=<DivBackward0>)
Memory status after this epoch: 
Memory allocated:  18.24267578125
Memory cached:  240.0
	 epoch  30 training error:  tensor(20.5151, device='cuda:0', grad_fn=<DivBackward0>)
Memory status after this epoch: 
Memory allocated:  18.24267578125
Memory cached:  240.0
	 epoch  40 training error:  tensor(1., device='cuda:0', grad_fn=<DivBackward0>)
Memory status after this epoch: 
Memory allocated:  18.24267578125
Memory cached:  238.0
	 epoch  50 training error:  tensor(1., device='cuda:0', grad_fn=<DivBackward0>)
Memory status after this epoch: 
Memory allocated:  18.24267578125
Memory cached:  236.0
	 epoch  60 training error:  tensor(1., device='cuda:0', grad_fn=<DivBackward0>)
Memory status after this epoch: 
Memory allocated:  18.24267578125
Memory cached:  228.0
	 epoch  70 training error:  tensor(1., device='cuda:0', grad_fn=<DivBackward0>)
Memory status after this epoch: 
Memory allocated:  18.24267578125
Memory cached:  248.0
	 epoch  80 training error:  tensor(1., device='cuda:0', grad_fn=<DivBackward0>)
Memory status after this epoch: 
Memory allocated:  18.24267578125
Memory cached:  250.0
	 epoch  90 training error:  tensor(1., device='cuda:0', grad_fn=<DivBackward0>)
Memory status after this epoch: 
Memory allocated:  18.24267578125
Memory cached:  232.0
[I 2023-11-22 15:50:43,693] Trial 8 finished with value: 1.0 and parameters: {'W_layers': 6, 'W_layer_units_exponent_0': 5, 'W_layer_units_exponent_1': 8, 'W_layer_units_exponent_2': 9, 'W_layer_units_exponent_3': 9, 'W_layer_units_exponent_4': 4, 'W_layer_units_exponent_5': 10, 'D_layers': 4, 'D_layer_units_exponent_0': 5, 'D_layer_units_exponent_1': 10, 'D_layer_units_exponent_2': 9, 'D_layer_units_exponent_3': 8, 'D_dagger_layers': 2, 'D_dagger_layer_units_exponent_0': 8, 'D_dagger_layer_units_exponent_1': 8, 'log_learning_rate': -1.280766430699078, 'log_learning_rate_D': -3.2079266106210267, 'log_learning_rate_D_dagger': -1.1924488487195903, 'training_batch_size': 8, 'training_p': 3}. Best is trial 0 with value: 0.06333441287279129.
Time for this trial:  172.44707489013672
Memory status after this trial: 
Memory allocated:  188.0234375
Memory cached:  210.0
--------------------  Trial  9   --------------------
Start timing: 
Parameters: 
{'W_layers': 8, 'W_layer_units_exponent_0': 9, 'W_layer_units_exponent_1': 9, 'W_layer_units_exponent_2': 7, 'W_layer_units_exponent_3': 7, 'W_layer_units_exponent_4': 8, 'W_layer_units_exponent_5': 4, 'W_layer_units_exponent_6': 8, 'W_layer_units_exponent_7': 7, 'D_layers': 6, 'D_layer_units_exponent_0': 5, 'D_layer_units_exponent_1': 9, 'D_layer_units_exponent_2': 6, 'D_layer_units_exponent_3': 8, 'D_layer_units_exponent_4': 8, 'D_layer_units_exponent_5': 4, 'D_dagger_layers': 6, 'D_dagger_layer_units_exponent_0': 8, 'D_dagger_layer_units_exponent_1': 7, 'D_dagger_layer_units_exponent_2': 4, 'D_dagger_layer_units_exponent_3': 4, 'D_dagger_layer_units_exponent_4': 4, 'D_dagger_layer_units_exponent_5': 7, 'log_learning_rate': -1.454412768399136, 'log_learning_rate_D': -1.7949228533310353, 'log_learning_rate_D_dagger': -2.959874271320355, 'training_batch_size': 9, 'training_p': 8}
	 epoch  0 training error:  tensor(1., device='cuda:0', grad_fn=<DivBackward0>)
Memory status after this epoch: 
Memory allocated:  9.22900390625
Memory cached:  106.0
	 epoch  10 training error:  tensor(1., device='cuda:0', grad_fn=<DivBackward0>)
Memory status after this epoch: 
Memory allocated:  9.22900390625
Memory cached:  190.0
	 epoch  20 training error:  tensor(1., device='cuda:0', grad_fn=<DivBackward0>)
Memory status after this epoch: 
Memory allocated:  9.22900390625
Memory cached:  190.0
	 epoch  30 training error:  tensor(1., device='cuda:0', grad_fn=<DivBackward0>)
Memory status after this epoch: 
Memory allocated:  9.22900390625
Memory cached:  178.0
	 epoch  40 training error:  tensor(1., device='cuda:0', grad_fn=<DivBackward0>)
Memory status after this epoch: 
Memory allocated:  9.22900390625
Memory cached:  178.0
	 epoch  50 training error:  tensor(1., device='cuda:0', grad_fn=<DivBackward0>)
Memory status after this epoch: 
Memory allocated:  9.22900390625
Memory cached:  186.0
	 epoch  60 training error:  tensor(1., device='cuda:0', grad_fn=<DivBackward0>)
Memory status after this epoch: 
Memory allocated:  9.22900390625
Memory cached:  194.0
	 epoch  70 training error:  tensor(1., device='cuda:0', grad_fn=<DivBackward0>)
Memory status after this epoch: 
Memory allocated:  9.22900390625
Memory cached:  192.0
	 epoch  80 training error:  tensor(1., device='cuda:0', grad_fn=<DivBackward0>)
Memory status after this epoch: 
Memory allocated:  9.22900390625
Memory cached:  184.0
	 epoch  90 training error:  tensor(1., device='cuda:0', grad_fn=<DivBackward0>)
Memory status after this epoch: 
Memory allocated:  9.22900390625
Memory cached:  192.0
[I 2023-11-22 15:54:24,902] Trial 9 finished with value: 1.0 and parameters: {'W_layers': 8, 'W_layer_units_exponent_0': 9, 'W_layer_units_exponent_1': 9, 'W_layer_units_exponent_2': 7, 'W_layer_units_exponent_3': 7, 'W_layer_units_exponent_4': 8, 'W_layer_units_exponent_5': 4, 'W_layer_units_exponent_6': 8, 'W_layer_units_exponent_7': 7, 'D_layers': 6, 'D_layer_units_exponent_0': 5, 'D_layer_units_exponent_1': 9, 'D_layer_units_exponent_2': 6, 'D_layer_units_exponent_3': 8, 'D_layer_units_exponent_4': 8, 'D_layer_units_exponent_5': 4, 'D_dagger_layers': 6, 'D_dagger_layer_units_exponent_0': 8, 'D_dagger_layer_units_exponent_1': 7, 'D_dagger_layer_units_exponent_2': 4, 'D_dagger_layer_units_exponent_3': 4, 'D_dagger_layer_units_exponent_4': 4, 'D_dagger_layer_units_exponent_5': 7, 'log_learning_rate': -1.454412768399136, 'log_learning_rate_D': -1.7949228533310353, 'log_learning_rate_D_dagger': -2.959874271320355, 'training_batch_size': 9, 'training_p': 8}. Best is trial 0 with value: 0.06333441287279129.
Time for this trial:  221.05354690551758
Memory status after this trial: 
Memory allocated:  143.98291015625
Memory cached:  150.0
--------------------  Trial  10   --------------------
Start timing: 
Parameters: 
{'W_layers': 8, 'W_layer_units_exponent_0': 6, 'W_layer_units_exponent_1': 4, 'W_layer_units_exponent_2': 10, 'W_layer_units_exponent_3': 4, 'W_layer_units_exponent_4': 6, 'W_layer_units_exponent_5': 10, 'W_layer_units_exponent_6': 4, 'W_layer_units_exponent_7': 4, 'D_layers': 2, 'D_layer_units_exponent_0': 4, 'D_layer_units_exponent_1': 6, 'D_dagger_layers': 4, 'D_dagger_layer_units_exponent_0': 10, 'D_dagger_layer_units_exponent_1': 6, 'D_dagger_layer_units_exponent_2': 10, 'D_dagger_layer_units_exponent_3': 10, 'log_learning_rate': -4.731874509349826, 'log_learning_rate_D': -2.3245004455342184, 'log_learning_rate_D_dagger': -3.7668228115300098, 'training_batch_size': 11, 'training_p': 7}
	 epoch  0 training error:  tensor(0.8971, device='cuda:0', grad_fn=<DivBackward0>)
Memory status after this epoch: 
Memory allocated:  20.11767578125
Memory cached:  134.0
	 epoch  10 training error:  tensor(0.2729, device='cuda:0', grad_fn=<DivBackward0>)
Memory status after this epoch: 
Memory allocated:  20.11767578125
Memory cached:  256.0
	 epoch  20 training error:  tensor(0.1013, device='cuda:0', grad_fn=<DivBackward0>)
Memory status after this epoch: 
Memory allocated:  20.11767578125
Memory cached:  258.0
	 epoch  30 training error:  tensor(0.1036, device='cuda:0', grad_fn=<DivBackward0>)
Memory status after this epoch: 
Memory allocated:  20.11767578125
Memory cached:  260.0
	 epoch  40 training error:  tensor(0.0691, device='cuda:0', grad_fn=<DivBackward0>)
Memory status after this epoch: 
Memory allocated:  20.11767578125
Memory cached:  254.0
	 epoch  50 training error:  tensor(0.0626, device='cuda:0', grad_fn=<DivBackward0>)
Memory status after this epoch: 
Memory allocated:  20.11767578125
Memory cached:  244.0
	 epoch  60 training error:  tensor(0.0587, device='cuda:0', grad_fn=<DivBackward0>)
Memory status after this epoch: 
Memory allocated:  20.11767578125
Memory cached:  252.0
	 epoch  70 training error:  tensor(0.0575, device='cuda:0', grad_fn=<DivBackward0>)
Memory status after this epoch: 
Memory allocated:  20.11767578125
Memory cached:  264.0
	 epoch  80 training error:  tensor(0.0525, device='cuda:0', grad_fn=<DivBackward0>)
Memory status after this epoch: 
Memory allocated:  20.11767578125
Memory cached:  248.0
	 epoch  90 training error:  tensor(0.0600, device='cuda:0', grad_fn=<DivBackward0>)
Memory status after this epoch: 
Memory allocated:  20.11767578125
Memory cached:  262.0
[I 2023-11-22 15:57:31,675] Trial 10 finished with value: 0.039460815489292145 and parameters: {'W_layers': 8, 'W_layer_units_exponent_0': 6, 'W_layer_units_exponent_1': 4, 'W_layer_units_exponent_2': 10, 'W_layer_units_exponent_3': 4, 'W_layer_units_exponent_4': 6, 'W_layer_units_exponent_5': 10, 'W_layer_units_exponent_6': 4, 'W_layer_units_exponent_7': 4, 'D_layers': 2, 'D_layer_units_exponent_0': 4, 'D_layer_units_exponent_1': 6, 'D_dagger_layers': 4, 'D_dagger_layer_units_exponent_0': 10, 'D_dagger_layer_units_exponent_1': 6, 'D_dagger_layer_units_exponent_2': 10, 'D_dagger_layer_units_exponent_3': 10, 'log_learning_rate': -4.731874509349826, 'log_learning_rate_D': -2.3245004455342184, 'log_learning_rate_D_dagger': -3.7668228115300098, 'training_batch_size': 11, 'training_p': 7}. Best is trial 10 with value: 0.039460815489292145.
Time for this trial:  186.50684785842896
Memory status after this trial: 
Memory allocated:  219.41015625
Memory cached:  234.0
--------------------  Trial  11   --------------------
Start timing: 
Parameters: 
{'W_layers': 8, 'W_layer_units_exponent_0': 6, 'W_layer_units_exponent_1': 4, 'W_layer_units_exponent_2': 10, 'W_layer_units_exponent_3': 4, 'W_layer_units_exponent_4': 6, 'W_layer_units_exponent_5': 10, 'W_layer_units_exponent_6': 4, 'W_layer_units_exponent_7': 4, 'D_layers': 2, 'D_layer_units_exponent_0': 4, 'D_layer_units_exponent_1': 6, 'D_dagger_layers': 4, 'D_dagger_layer_units_exponent_0': 10, 'D_dagger_layer_units_exponent_1': 6, 'D_dagger_layer_units_exponent_2': 10, 'D_dagger_layer_units_exponent_3': 10, 'log_learning_rate': -4.822969818867514, 'log_learning_rate_D': -2.3828395937738067, 'log_learning_rate_D_dagger': -3.70041020625464, 'training_batch_size': 11, 'training_p': 7}
	 epoch  0 training error:  tensor(1.0074, device='cuda:0', grad_fn=<DivBackward0>)
Memory status after this epoch: 
Memory allocated:  20.11767578125
Memory cached:  154.0
	 epoch  10 training error:  tensor(0.2818, device='cuda:0', grad_fn=<DivBackward0>)
Memory status after this epoch: 
Memory allocated:  20.11767578125
Memory cached:  262.0
	 epoch  20 training error:  tensor(0.0931, device='cuda:0', grad_fn=<DivBackward0>)
Memory status after this epoch: 
Memory allocated:  20.11767578125
Memory cached:  258.0
	 epoch  30 training error:  tensor(0.0934, device='cuda:0', grad_fn=<DivBackward0>)
Memory status after this epoch: 
Memory allocated:  20.11767578125
Memory cached:  256.0
	 epoch  40 training error:  tensor(0.0937, device='cuda:0', grad_fn=<DivBackward0>)
Memory status after this epoch: 
Memory allocated:  20.11767578125
Memory cached:  248.0
	 epoch  50 training error:  tensor(0.0919, device='cuda:0', grad_fn=<DivBackward0>)
Memory status after this epoch: 
Memory allocated:  20.11767578125
Memory cached:  260.0
	 epoch  60 training error:  tensor(0.0875, device='cuda:0', grad_fn=<DivBackward0>)
Memory status after this epoch: 
Memory allocated:  20.11767578125
Memory cached:  252.0
	 epoch  70 training error:  tensor(0.0866, device='cuda:0', grad_fn=<DivBackward0>)
Memory status after this epoch: 
Memory allocated:  20.11767578125
Memory cached:  266.0
	 epoch  80 training error:  tensor(0.0862, device='cuda:0', grad_fn=<DivBackward0>)
Memory status after this epoch: 
Memory allocated:  20.11767578125
Memory cached:  252.0
	 epoch  90 training error:  tensor(0.0850, device='cuda:0', grad_fn=<DivBackward0>)
Memory status after this epoch: 
Memory allocated:  20.11767578125
Memory cached:  252.0
[I 2023-11-22 16:00:37,822] Trial 11 finished with value: 0.06820237636566162 and parameters: {'W_layers': 8, 'W_layer_units_exponent_0': 6, 'W_layer_units_exponent_1': 4, 'W_layer_units_exponent_2': 10, 'W_layer_units_exponent_3': 4, 'W_layer_units_exponent_4': 6, 'W_layer_units_exponent_5': 10, 'W_layer_units_exponent_6': 4, 'W_layer_units_exponent_7': 4, 'D_layers': 2, 'D_layer_units_exponent_0': 4, 'D_layer_units_exponent_1': 6, 'D_dagger_layers': 4, 'D_dagger_layer_units_exponent_0': 10, 'D_dagger_layer_units_exponent_1': 6, 'D_dagger_layer_units_exponent_2': 10, 'D_dagger_layer_units_exponent_3': 10, 'log_learning_rate': -4.822969818867514, 'log_learning_rate_D': -2.3828395937738067, 'log_learning_rate_D_dagger': -3.70041020625464, 'training_batch_size': 11, 'training_p': 7}. Best is trial 10 with value: 0.039460815489292145.
Time for this trial:  185.92066025733948
Memory status after this trial: 
Memory allocated:  219.41015625
Memory cached:  234.0
--------------------  Trial  12   --------------------
Start timing: 
Parameters: 
{'W_layers': 7, 'W_layer_units_exponent_0': 8, 'W_layer_units_exponent_1': 4, 'W_layer_units_exponent_2': 10, 'W_layer_units_exponent_3': 5, 'W_layer_units_exponent_4': 7, 'W_layer_units_exponent_5': 8, 'W_layer_units_exponent_6': 4, 'D_layers': 2, 'D_layer_units_exponent_0': 4, 'D_layer_units_exponent_1': 5, 'D_dagger_layers': 4, 'D_dagger_layer_units_exponent_0': 9, 'D_dagger_layer_units_exponent_1': 10, 'D_dagger_layer_units_exponent_2': 9, 'D_dagger_layer_units_exponent_3': 10, 'log_learning_rate': -4.691480026931837, 'log_learning_rate_D': -2.325139106980331, 'log_learning_rate_D_dagger': -3.443015053416881, 'training_batch_size': 11, 'training_p': 8}
	 epoch  0 training error:  tensor(0.9938, device='cuda:0', grad_fn=<DivBackward0>)
Memory status after this epoch: 
Memory allocated:  25.71142578125
Memory cached:  160.0
	 epoch  10 training error:  tensor(0.2420, device='cuda:0', grad_fn=<DivBackward0>)
Memory status after this epoch: 
Memory allocated:  25.71142578125
Memory cached:  268.0
	 epoch  20 training error:  tensor(0.1343, device='cuda:0', grad_fn=<DivBackward0>)
Memory status after this epoch: 
Memory allocated:  25.71142578125
Memory cached:  268.0
	 epoch  30 training error:  tensor(0.1218, device='cuda:0', grad_fn=<DivBackward0>)
Memory status after this epoch: 
Memory allocated:  25.71142578125
Memory cached:  246.0
	 epoch  40 training error:  tensor(0.1029, device='cuda:0', grad_fn=<DivBackward0>)
Memory status after this epoch: 
Memory allocated:  25.71142578125
Memory cached:  236.0
	 epoch  50 training error:  tensor(0.1163, device='cuda:0', grad_fn=<DivBackward0>)
Memory status after this epoch: 
Memory allocated:  25.71142578125
Memory cached:  254.0
	 epoch  60 training error:  tensor(0.1137, device='cuda:0', grad_fn=<DivBackward0>)
Memory status after this epoch: 
Memory allocated:  25.71142578125
Memory cached:  266.0
	 epoch  70 training error:  tensor(0.0925, device='cuda:0', grad_fn=<DivBackward0>)
Memory status after this epoch: 
Memory allocated:  25.71142578125
Memory cached:  256.0
	 epoch  80 training error:  tensor(0.0953, device='cuda:0', grad_fn=<DivBackward0>)
Memory status after this epoch: 
Memory allocated:  25.71142578125
Memory cached:  246.0
	 epoch  90 training error:  tensor(0.0902, device='cuda:0', grad_fn=<DivBackward0>)
Memory status after this epoch: 
Memory allocated:  25.71142578125
Memory cached:  260.0
