[I 2023-11-22 13:01:13,066] Trial 10 finished with value: 1.0 and parameters: {'W_layers': 4, 'W_layer_units_exponent_0': 4, 'W_layer_units_exponent_1': 10, 'W_layer_units_exponent_2': 4, 'W_layer_units_exponent_3': 9, 'D_layers': 8, 'D_layer_units_exponent_0': 4, 'D_layer_units_exponent_1': 7, 'D_layer_units_exponent_2': 10, 'D_layer_units_exponent_3': 7, 'D_layer_units_exponent_4': 10, 'D_layer_units_exponent_5': 4, 'D_layer_units_exponent_6': 6, 'D_layer_units_exponent_7': 8, 'D_dagger_layers': 3, 'D_dagger_layer_units_exponent_0': 8, 'D_dagger_layer_units_exponent_1': 9, 'D_dagger_layer_units_exponent_2': 4, 'log_learning_rate': -1.3156969384414103, 'log_learning_rate_D': -3.6826859843217132, 'log_learning_rate_D_dagger': -1.083870481839099, 'training_batch_size': 6, 'training_p': 7}. Best is trial 7 with value: 0.06907530128955841.
Time for this trial:  354.586834192276
Memory status after this trial: 
Memory allocated:  196.09130859375
Memory cached:  202.0
--------------------  Trial  11   --------------------
Start timing: 
Parameters: 
{'W_layers': 4, 'W_layer_units_exponent_0': 10, 'W_layer_units_exponent_1': 8, 'W_layer_units_exponent_2': 4, 'W_layer_units_exponent_3': 5, 'D_layers': 5, 'D_layer_units_exponent_0': 7, 'D_layer_units_exponent_1': 6, 'D_layer_units_exponent_2': 8, 'D_layer_units_exponent_3': 7, 'D_layer_units_exponent_4': 8, 'D_dagger_layers': 2, 'D_dagger_layer_units_exponent_0': 9, 'D_dagger_layer_units_exponent_1': 10, 'log_learning_rate': -1.064835438052619, 'log_learning_rate_D': -4.258533264694297, 'log_learning_rate_D_dagger': -3.0236079515178096, 'training_batch_size': 8, 'training_p': 2}
	 epoch  0 training error:  tensor(0.9825, device='cuda:0', grad_fn=<DivBackward0>)
Memory status after this epoch: 
Memory allocated:  13.68896484375
Memory cached:  148.0
	 epoch  10 training error:  tensor(0.8777, device='cuda:0', grad_fn=<DivBackward0>)
Memory status after this epoch: 
Memory allocated:  13.68896484375
Memory cached:  234.0
	 epoch  20 training error:  tensor(0.2382, device='cuda:0', grad_fn=<DivBackward0>)
Memory status after this epoch: 
Memory allocated:  13.68896484375
Memory cached:  230.0
	 epoch  30 training error:  tensor(0.1837, device='cuda:0', grad_fn=<DivBackward0>)
Memory status after this epoch: 
Memory allocated:  13.68896484375
Memory cached:  222.0
	 epoch  40 training error:  tensor(0.1024, device='cuda:0', grad_fn=<DivBackward0>)
Memory status after this epoch: 
Memory allocated:  13.68896484375
Memory cached:  232.0
	 epoch  50 training error:  tensor(0.0981, device='cuda:0', grad_fn=<DivBackward0>)
Memory status after this epoch: 
Memory allocated:  13.68896484375
Memory cached:  226.0
	 epoch  60 training error:  tensor(0.1298, device='cuda:0', grad_fn=<DivBackward0>)
Memory status after this epoch: 
Memory allocated:  13.68896484375
Memory cached:  242.0
	 epoch  70 training error:  tensor(0.0947, device='cuda:0', grad_fn=<DivBackward0>)
Memory status after this epoch: 
Memory allocated:  13.68896484375
Memory cached:  232.0
	 epoch  80 training error:  tensor(0.0982, device='cuda:0', grad_fn=<DivBackward0>)
Memory status after this epoch: 
Memory allocated:  13.68896484375
Memory cached:  240.0
	 epoch  90 training error:  tensor(0.1057, device='cuda:0', grad_fn=<DivBackward0>)
Memory status after this epoch: 
Memory allocated:  13.68896484375
Memory cached:  220.0
[I 2023-11-22 13:03:53,184] Trial 11 finished with value: 0.08882998675107956 and parameters: {'W_layers': 4, 'W_layer_units_exponent_0': 10, 'W_layer_units_exponent_1': 8, 'W_layer_units_exponent_2': 4, 'W_layer_units_exponent_3': 5, 'D_layers': 5, 'D_layer_units_exponent_0': 7, 'D_layer_units_exponent_1': 6, 'D_layer_units_exponent_2': 8, 'D_layer_units_exponent_3': 7, 'D_layer_units_exponent_4': 8, 'D_dagger_layers': 2, 'D_dagger_layer_units_exponent_0': 9, 'D_dagger_layer_units_exponent_1': 10, 'log_learning_rate': -1.064835438052619, 'log_learning_rate_D': -4.258533264694297, 'log_learning_rate_D_dagger': -3.0236079515178096, 'training_batch_size': 8, 'training_p': 2}. Best is trial 7 with value: 0.06907530128955841.
Time for this trial:  159.87756514549255
Memory status after this trial: 
Memory allocated:  148.28271484375
Memory cached:  184.0
--------------------  Trial  12   --------------------
Start timing: 
Parameters: 
{'W_layers': 4, 'W_layer_units_exponent_0': 10, 'W_layer_units_exponent_1': 8, 'W_layer_units_exponent_2': 5, 'W_layer_units_exponent_3': 4, 'D_layers': 6, 'D_layer_units_exponent_0': 8, 'D_layer_units_exponent_1': 6, 'D_layer_units_exponent_2': 8, 'D_layer_units_exponent_3': 7, 'D_layer_units_exponent_4': 8, 'D_layer_units_exponent_5': 5, 'D_dagger_layers': 2, 'D_dagger_layer_units_exponent_0': 8, 'D_dagger_layer_units_exponent_1': 10, 'log_learning_rate': -1.0088150438556704, 'log_learning_rate_D': -4.121426269368118, 'log_learning_rate_D_dagger': -3.369651313167774, 'training_batch_size': 8, 'training_p': 6}
	 epoch  0 training error:  tensor(0.5692, device='cuda:0', grad_fn=<DivBackward0>)
Memory status after this epoch: 
Memory allocated:  9.99169921875
Memory cached:  138.0
	 epoch  10 training error:  tensor(0.1578, device='cuda:0', grad_fn=<DivBackward0>)
Memory status after this epoch: 
Memory allocated:  9.99169921875
Memory cached:  210.0
	 epoch  20 training error:  tensor(0.1513, device='cuda:0', grad_fn=<DivBackward0>)
Memory status after this epoch: 
Memory allocated:  9.99169921875
Memory cached:  212.0
	 epoch  30 training error:  tensor(0.1368, device='cuda:0', grad_fn=<DivBackward0>)
Memory status after this epoch: 
Memory allocated:  9.99169921875
Memory cached:  204.0
	 epoch  40 training error:  tensor(0.1046, device='cuda:0', grad_fn=<DivBackward0>)
Memory status after this epoch: 
Memory allocated:  9.99169921875
Memory cached:  208.0
	 epoch  50 training error:  tensor(0.0954, device='cuda:0', grad_fn=<DivBackward0>)
Memory status after this epoch: 
Memory allocated:  9.99169921875
Memory cached:  206.0
	 epoch  60 training error:  tensor(0.0967, device='cuda:0', grad_fn=<DivBackward0>)
Memory status after this epoch: 
Memory allocated:  9.99169921875
Memory cached:  210.0
	 epoch  70 training error:  tensor(0.0982, device='cuda:0', grad_fn=<DivBackward0>)
Memory status after this epoch: 
Memory allocated:  9.99169921875
Memory cached:  220.0
	 epoch  80 training error:  tensor(0.1025, device='cuda:0', grad_fn=<DivBackward0>)
Memory status after this epoch: 
Memory allocated:  9.99169921875
Memory cached:  206.0
	 epoch  90 training error:  tensor(0.0992, device='cuda:0', grad_fn=<DivBackward0>)
Memory status after this epoch: 
Memory allocated:  9.99169921875
Memory cached:  206.0
[I 2023-11-22 13:06:39,614] Trial 12 finished with value: 0.06761053204536438 and parameters: {'W_layers': 4, 'W_layer_units_exponent_0': 10, 'W_layer_units_exponent_1': 8, 'W_layer_units_exponent_2': 5, 'W_layer_units_exponent_3': 4, 'D_layers': 6, 'D_layer_units_exponent_0': 8, 'D_layer_units_exponent_1': 6, 'D_layer_units_exponent_2': 8, 'D_layer_units_exponent_3': 7, 'D_layer_units_exponent_4': 8, 'D_layer_units_exponent_5': 5, 'D_dagger_layers': 2, 'D_dagger_layer_units_exponent_0': 8, 'D_dagger_layer_units_exponent_1': 10, 'log_learning_rate': -1.0088150438556704, 'log_learning_rate_D': -4.121426269368118, 'log_learning_rate_D_dagger': -3.369651313167774, 'training_batch_size': 8, 'training_p': 6}. Best is trial 12 with value: 0.06761053204536438.
Time for this trial:  166.20162343978882
Memory status after this trial: 
Memory allocated:  142.7109375
Memory cached:  164.0
--------------------  Trial  13   --------------------
Start timing: 
Parameters: 
{'W_layers': 4, 'W_layer_units_exponent_0': 10, 'W_layer_units_exponent_1': 10, 'W_layer_units_exponent_2': 6, 'W_layer_units_exponent_3': 4, 'D_layers': 7, 'D_layer_units_exponent_0': 8, 'D_layer_units_exponent_1': 8, 'D_layer_units_exponent_2': 8, 'D_layer_units_exponent_3': 10, 'D_layer_units_exponent_4': 8, 'D_layer_units_exponent_5': 5, 'D_layer_units_exponent_6': 10, 'D_dagger_layers': 4, 'D_dagger_layer_units_exponent_0': 6, 'D_dagger_layer_units_exponent_1': 8, 'D_dagger_layer_units_exponent_2': 6, 'D_dagger_layer_units_exponent_3': 7, 'log_learning_rate': -1.1479381623194505, 'log_learning_rate_D': -4.045391522371557, 'log_learning_rate_D_dagger': -3.524616774671147, 'training_batch_size': 6, 'training_p': 6}
	 epoch  0 training error:  tensor(1.1463, device='cuda:0', grad_fn=<DivBackward0>)
Memory status after this epoch: 
Memory allocated:  28.54931640625
Memory cached:  138.0
	 epoch  10 training error:  tensor(1., device='cuda:0', grad_fn=<DivBackward0>)
Memory status after this epoch: 
Memory allocated:  28.54931640625
Memory cached:  130.0
	 epoch  20 training error:  tensor(1., device='cuda:0', grad_fn=<DivBackward0>)
Memory status after this epoch: 
Memory allocated:  28.54931640625
Memory cached:  128.0
	 epoch  30 training error:  tensor(1., device='cuda:0', grad_fn=<DivBackward0>)
Memory status after this epoch: 
Memory allocated:  28.54931640625
Memory cached:  130.0
	 epoch  40 training error:  tensor(1., device='cuda:0', grad_fn=<DivBackward0>)
Memory status after this epoch: 
Memory allocated:  28.54931640625
Memory cached:  124.0
	 epoch  50 training error:  tensor(1., device='cuda:0', grad_fn=<DivBackward0>)
Memory status after this epoch: 
Memory allocated:  28.54931640625
Memory cached:  128.0
	 epoch  60 training error:  tensor(1., device='cuda:0', grad_fn=<DivBackward0>)
Memory status after this epoch: 
Memory allocated:  28.54931640625
Memory cached:  128.0
	 epoch  70 training error:  tensor(1., device='cuda:0', grad_fn=<DivBackward0>)
Memory status after this epoch: 
Memory allocated:  28.54931640625
Memory cached:  128.0
	 epoch  80 training error:  tensor(1., device='cuda:0', grad_fn=<DivBackward0>)
Memory status after this epoch: 
Memory allocated:  28.54931640625
Memory cached:  128.0
	 epoch  90 training error:  tensor(1., device='cuda:0', grad_fn=<DivBackward0>)
Memory status after this epoch: 
Memory allocated:  28.54931640625
Memory cached:  132.0
[I 2023-11-22 13:12:41,028] Trial 13 finished with value: 1.0 and parameters: {'W_layers': 4, 'W_layer_units_exponent_0': 10, 'W_layer_units_exponent_1': 10, 'W_layer_units_exponent_2': 6, 'W_layer_units_exponent_3': 4, 'D_layers': 7, 'D_layer_units_exponent_0': 8, 'D_layer_units_exponent_1': 8, 'D_layer_units_exponent_2': 8, 'D_layer_units_exponent_3': 10, 'D_layer_units_exponent_4': 8, 'D_layer_units_exponent_5': 5, 'D_layer_units_exponent_6': 10, 'D_dagger_layers': 4, 'D_dagger_layer_units_exponent_0': 6, 'D_dagger_layer_units_exponent_1': 8, 'D_dagger_layer_units_exponent_2': 6, 'D_dagger_layer_units_exponent_3': 7, 'log_learning_rate': -1.1479381623194505, 'log_learning_rate_D': -4.045391522371557, 'log_learning_rate_D_dagger': -3.524616774671147, 'training_batch_size': 6, 'training_p': 6}. Best is trial 12 with value: 0.06761053204536438.
Time for this trial:  361.1465766429901
Memory status after this trial: 
Memory allocated:  233.0078125
Memory cached:  252.0
--------------------  Trial  14   --------------------
Start timing: 
Parameters: 
{'W_layers': 3, 'W_layer_units_exponent_0': 6, 'W_layer_units_exponent_1': 8, 'W_layer_units_exponent_2': 5, 'D_layers': 7, 'D_layer_units_exponent_0': 8, 'D_layer_units_exponent_1': 6, 'D_layer_units_exponent_2': 9, 'D_layer_units_exponent_3': 6, 'D_layer_units_exponent_4': 4, 'D_layer_units_exponent_5': 6, 'D_layer_units_exponent_6': 4, 'D_dagger_layers': 4, 'D_dagger_layer_units_exponent_0': 7, 'D_dagger_layer_units_exponent_1': 8, 'D_dagger_layer_units_exponent_2': 4, 'D_dagger_layer_units_exponent_3': 10, 'log_learning_rate': -1.7063049635474234, 'log_learning_rate_D': -3.9761544723654514, 'log_learning_rate_D_dagger': -3.6046600471606665, 'training_batch_size': 8, 'training_p': 6}
	 epoch  0 training error:  tensor(1.0075, device='cuda:0', grad_fn=<DivBackward0>)
Memory status after this epoch: 
Memory allocated:  2.69091796875
Memory cached:  132.0
	 epoch  10 training error:  tensor(0.5284, device='cuda:0', grad_fn=<DivBackward0>)
Memory status after this epoch: 
Memory allocated:  2.69091796875
Memory cached:  194.0
	 epoch  20 training error:  tensor(0.2709, device='cuda:0', grad_fn=<DivBackward0>)
Memory status after this epoch: 
Memory allocated:  2.69091796875
Memory cached:  186.0
	 epoch  30 training error:  tensor(0.1438, device='cuda:0', grad_fn=<DivBackward0>)
Memory status after this epoch: 
Memory allocated:  2.69091796875
Memory cached:  198.0
	 epoch  40 training error:  tensor(0.1158, device='cuda:0', grad_fn=<DivBackward0>)
Memory status after this epoch: 
Memory allocated:  2.69091796875
Memory cached:  188.0
	 epoch  50 training error:  tensor(0.0967, device='cuda:0', grad_fn=<DivBackward0>)
Memory status after this epoch: 
Memory allocated:  2.69091796875
Memory cached:  184.0
	 epoch  60 training error:  tensor(0.0967, device='cuda:0', grad_fn=<DivBackward0>)
Memory status after this epoch: 
Memory allocated:  2.69091796875
Memory cached:  180.0
	 epoch  70 training error:  tensor(0.0918, device='cuda:0', grad_fn=<DivBackward0>)
Memory status after this epoch: 
Memory allocated:  2.69091796875
Memory cached:  186.0
	 epoch  80 training error:  tensor(0.0909, device='cuda:0', grad_fn=<DivBackward0>)
Memory status after this epoch: 
Memory allocated:  2.69091796875
Memory cached:  188.0
	 epoch  90 training error:  tensor(0.0898, device='cuda:0', grad_fn=<DivBackward0>)
Memory status after this epoch: 
Memory allocated:  2.69091796875
Memory cached:  182.0
[I 2023-11-22 13:15:40,777] Trial 14 finished with value: 0.07147534936666489 and parameters: {'W_layers': 3, 'W_layer_units_exponent_0': 6, 'W_layer_units_exponent_1': 8, 'W_layer_units_exponent_2': 5, 'D_layers': 7, 'D_layer_units_exponent_0': 8, 'D_layer_units_exponent_1': 6, 'D_layer_units_exponent_2': 9, 'D_layer_units_exponent_3': 6, 'D_layer_units_exponent_4': 4, 'D_layer_units_exponent_5': 6, 'D_layer_units_exponent_6': 4, 'D_dagger_layers': 4, 'D_dagger_layer_units_exponent_0': 7, 'D_dagger_layer_units_exponent_1': 8, 'D_dagger_layer_units_exponent_2': 4, 'D_dagger_layer_units_exponent_3': 10, 'log_learning_rate': -1.7063049635474234, 'log_learning_rate_D': -3.9761544723654514, 'log_learning_rate_D_dagger': -3.6046600471606665, 'training_batch_size': 8, 'training_p': 6}. Best is trial 12 with value: 0.06761053204536438.
Time for this trial:  179.50167727470398
Memory status after this trial: 
Memory allocated:  107.56396484375
Memory cached:  138.0
--------------------  Trial  15   --------------------
Start timing: 
Parameters: 
{'W_layers': 5, 'W_layer_units_exponent_0': 5, 'W_layer_units_exponent_1': 6, 'W_layer_units_exponent_2': 5, 'W_layer_units_exponent_3': 9, 'W_layer_units_exponent_4': 9, 'D_layers': 7, 'D_layer_units_exponent_0': 8, 'D_layer_units_exponent_1': 6, 'D_layer_units_exponent_2': 7, 'D_layer_units_exponent_3': 9, 'D_layer_units_exponent_4': 9, 'D_layer_units_exponent_5': 5, 'D_layer_units_exponent_6': 10, 'D_dagger_layers': 3, 'D_dagger_layer_units_exponent_0': 8, 'D_dagger_layer_units_exponent_1': 9, 'D_dagger_layer_units_exponent_2': 6, 'log_learning_rate': -1.1231622827045031, 'log_learning_rate_D': -3.265911359642143, 'log_learning_rate_D_dagger': -2.8841716682824545, 'training_batch_size': 7, 'training_p': 6}
	 epoch  0 training error:  tensor(1.0257, device='cuda:0', grad_fn=<DivBackward0>)
Memory status after this epoch: 
Memory allocated:  13.17919921875
Memory cached:  108.0
	 epoch  10 training error:  tensor(0.1515, device='cuda:0', grad_fn=<DivBackward0>)
Memory status after this epoch: 
Memory allocated:  13.17919921875
Memory cached:  144.0
	 epoch  20 training error:  tensor(0.1158, device='cuda:0', grad_fn=<DivBackward0>)
Memory status after this epoch: 
Memory allocated:  13.17919921875
Memory cached:  144.0
	 epoch  30 training error:  tensor(0.0987, device='cuda:0', grad_fn=<DivBackward0>)
Memory status after this epoch: 
Memory allocated:  13.17919921875
Memory cached:  148.0
	 epoch  40 training error:  tensor(0.0989, device='cuda:0', grad_fn=<DivBackward0>)
Memory status after this epoch: 
Memory allocated:  13.17919921875
Memory cached:  142.0
	 epoch  50 training error:  tensor(0.0845, device='cuda:0', grad_fn=<DivBackward0>)
Memory status after this epoch: 
Memory allocated:  13.17919921875
Memory cached:  144.0
	 epoch  60 training error:  tensor(0.1517, device='cuda:0', grad_fn=<DivBackward0>)
Memory status after this epoch: 
Memory allocated:  13.17919921875
Memory cached:  144.0
	 epoch  70 training error:  tensor(0.0938, device='cuda:0', grad_fn=<DivBackward0>)
Memory status after this epoch: 
Memory allocated:  13.17919921875
Memory cached:  144.0
	 epoch  80 training error:  tensor(0.1047, device='cuda:0', grad_fn=<DivBackward0>)
Memory status after this epoch: 
Memory allocated:  13.17919921875
Memory cached:  152.0
	 epoch  90 training error:  tensor(0.0933, device='cuda:0', grad_fn=<DivBackward0>)
Memory status after this epoch: 
Memory allocated:  13.17919921875
Memory cached:  146.0
[I 2023-11-22 13:18:59,947] Trial 15 finished with value: 0.06606530398130417 and parameters: {'W_layers': 5, 'W_layer_units_exponent_0': 5, 'W_layer_units_exponent_1': 6, 'W_layer_units_exponent_2': 5, 'W_layer_units_exponent_3': 9, 'W_layer_units_exponent_4': 9, 'D_layers': 7, 'D_layer_units_exponent_0': 8, 'D_layer_units_exponent_1': 6, 'D_layer_units_exponent_2': 7, 'D_layer_units_exponent_3': 9, 'D_layer_units_exponent_4': 9, 'D_layer_units_exponent_5': 5, 'D_layer_units_exponent_6': 10, 'D_dagger_layers': 3, 'D_dagger_layer_units_exponent_0': 8, 'D_dagger_layer_units_exponent_1': 9, 'D_dagger_layer_units_exponent_2': 6, 'log_learning_rate': -1.1231622827045031, 'log_learning_rate_D': -3.265911359642143, 'log_learning_rate_D_dagger': -2.8841716682824545, 'training_batch_size': 7, 'training_p': 6}. Best is trial 15 with value: 0.06606530398130417.
Time for this trial:  198.91252493858337
Memory status after this trial: 
Memory allocated:  178.38671875
Memory cached:  186.0
--------------------  Trial  16   --------------------
Start timing: 
Parameters: 
{'W_layers': 3, 'W_layer_units_exponent_0': 7, 'W_layer_units_exponent_1': 6, 'W_layer_units_exponent_2': 7, 'D_layers': 6, 'D_layer_units_exponent_0': 8, 'D_layer_units_exponent_1': 6, 'D_layer_units_exponent_2': 7, 'D_layer_units_exponent_3': 8, 'D_layer_units_exponent_4': 8, 'D_layer_units_exponent_5': 4, 'D_dagger_layers': 3, 'D_dagger_layer_units_exponent_0': 8, 'D_dagger_layer_units_exponent_1': 9, 'D_dagger_layer_units_exponent_2': 7, 'log_learning_rate': -1.0067073575465852, 'log_learning_rate_D': -3.0929724886784093, 'log_learning_rate_D_dagger': -3.7065004590677093, 'training_batch_size': 8, 'training_p': 7}
	 epoch  0 training error:  tensor(1.3206, device='cuda:0', grad_fn=<DivBackward0>)
Memory status after this epoch: 
Memory allocated:  5.37060546875
Memory cached:  114.0
	 epoch  10 training error:  tensor(0.2186, device='cuda:0', grad_fn=<DivBackward0>)
Memory status after this epoch: 
Memory allocated:  5.37060546875
Memory cached:  162.0
	 epoch  20 training error:  tensor(0.1993, device='cuda:0', grad_fn=<DivBackward0>)
Memory status after this epoch: 
Memory allocated:  5.37060546875
Memory cached:  152.0
	 epoch  30 training error:  tensor(0.1630, device='cuda:0', grad_fn=<DivBackward0>)
Memory status after this epoch: 
Memory allocated:  5.37060546875
Memory cached:  168.0
	 epoch  40 training error:  tensor(0.1075, device='cuda:0', grad_fn=<DivBackward0>)
Memory status after this epoch: 
Memory allocated:  5.37060546875
Memory cached:  166.0
	 epoch  50 training error:  tensor(0.1037, device='cuda:0', grad_fn=<DivBackward0>)
Memory status after this epoch: 
Memory allocated:  5.37060546875
Memory cached:  160.0
	 epoch  60 training error:  tensor(0.0968, device='cuda:0', grad_fn=<DivBackward0>)
Memory status after this epoch: 
Memory allocated:  5.37060546875
Memory cached:  154.0
	 epoch  70 training error:  tensor(0.1001, device='cuda:0', grad_fn=<DivBackward0>)
Memory status after this epoch: 
Memory allocated:  5.37060546875
Memory cached:  162.0
	 epoch  80 training error:  tensor(0.0941, device='cuda:0', grad_fn=<DivBackward0>)
Memory status after this epoch: 
Memory allocated:  5.37060546875
Memory cached:  156.0
	 epoch  90 training error:  tensor(0.0911, device='cuda:0', grad_fn=<DivBackward0>)
Memory status after this epoch: 
Memory allocated:  5.37060546875
Memory cached:  160.0
