[I 2023-11-22 17:37:50,199] Trial 42 finished with value: 0.07146542519330978 and parameters: {'W_layers': 7, 'W_layer_units_exponent_0': 4, 'W_layer_units_exponent_1': 10, 'W_layer_units_exponent_2': 8, 'W_layer_units_exponent_3': 4, 'W_layer_units_exponent_4': 9, 'W_layer_units_exponent_5': 10, 'W_layer_units_exponent_6': 5, 'D_layers': 8, 'D_layer_units_exponent_0': 5, 'D_layer_units_exponent_1': 8, 'D_layer_units_exponent_2': 9, 'D_layer_units_exponent_3': 10, 'D_layer_units_exponent_4': 4, 'D_layer_units_exponent_5': 5, 'D_layer_units_exponent_6': 10, 'D_layer_units_exponent_7': 4, 'D_dagger_layers': 4, 'D_dagger_layer_units_exponent_0': 6, 'D_dagger_layer_units_exponent_1': 5, 'D_dagger_layer_units_exponent_2': 6, 'D_dagger_layer_units_exponent_3': 10, 'log_learning_rate': -3.6939061210382564, 'log_learning_rate_D': -1.2126265800522837, 'log_learning_rate_D_dagger': -3.0316856804656824, 'training_batch_size': 9, 'training_p': 7}. Best is trial 10 with value: 0.039460815489292145.
Time for this trial:  229.55837869644165
Memory status after this trial: 
Memory allocated:  278.83251953125
Memory cached:  296.0
--------------------  Trial  43   --------------------
Start timing: 
Parameters: 
{'W_layers': 8, 'W_layer_units_exponent_0': 6, 'W_layer_units_exponent_1': 7, 'W_layer_units_exponent_2': 9, 'W_layer_units_exponent_3': 5, 'W_layer_units_exponent_4': 7, 'W_layer_units_exponent_5': 7, 'W_layer_units_exponent_6': 7, 'W_layer_units_exponent_7': 4, 'D_layers': 3, 'D_layer_units_exponent_0': 4, 'D_layer_units_exponent_1': 9, 'D_layer_units_exponent_2': 8, 'D_dagger_layers': 3, 'D_dagger_layer_units_exponent_0': 4, 'D_dagger_layer_units_exponent_1': 6, 'D_dagger_layer_units_exponent_2': 7, 'log_learning_rate': -4.393161814908213, 'log_learning_rate_D': -1.514003358028765, 'log_learning_rate_D_dagger': -2.8158434014889897, 'training_batch_size': 10, 'training_p': 8}
	 epoch  0 training error:  tensor(1.0101, device='cuda:0', grad_fn=<DivBackward0>)
Memory status after this epoch: 
Memory allocated:  4.40869140625
Memory cached:  96.0
	 epoch  10 training error:  tensor(0.9996, device='cuda:0', grad_fn=<DivBackward0>)
Memory status after this epoch: 
Memory allocated:  4.40869140625
Memory cached:  144.0
	 epoch  20 training error:  tensor(0.9901, device='cuda:0', grad_fn=<DivBackward0>)
Memory status after this epoch: 
Memory allocated:  4.40869140625
Memory cached:  150.0
	 epoch  30 training error:  tensor(0.9782, device='cuda:0', grad_fn=<DivBackward0>)
Memory status after this epoch: 
Memory allocated:  4.40869140625
Memory cached:  152.0
	 epoch  40 training error:  tensor(0.9608, device='cuda:0', grad_fn=<DivBackward0>)
Memory status after this epoch: 
Memory allocated:  4.40869140625
Memory cached:  148.0
	 epoch  50 training error:  tensor(0.9334, device='cuda:0', grad_fn=<DivBackward0>)
Memory status after this epoch: 
Memory allocated:  4.40869140625
Memory cached:  144.0
	 epoch  60 training error:  tensor(0.8899, device='cuda:0', grad_fn=<DivBackward0>)
Memory status after this epoch: 
Memory allocated:  4.40869140625
Memory cached:  158.0
	 epoch  70 training error:  tensor(0.8267, device='cuda:0', grad_fn=<DivBackward0>)
Memory status after this epoch: 
Memory allocated:  4.40869140625
Memory cached:  142.0
	 epoch  80 training error:  tensor(0.7250, device='cuda:0', grad_fn=<DivBackward0>)
Memory status after this epoch: 
Memory allocated:  4.40869140625
Memory cached:  150.0
	 epoch  90 training error:  tensor(0.5766, device='cuda:0', grad_fn=<DivBackward0>)
Memory status after this epoch: 
Memory allocated:  4.40869140625
Memory cached:  146.0
[I 2023-11-22 17:40:41,609] Trial 43 finished with value: 0.32693225145339966 and parameters: {'W_layers': 8, 'W_layer_units_exponent_0': 6, 'W_layer_units_exponent_1': 7, 'W_layer_units_exponent_2': 9, 'W_layer_units_exponent_3': 5, 'W_layer_units_exponent_4': 7, 'W_layer_units_exponent_5': 7, 'W_layer_units_exponent_6': 7, 'W_layer_units_exponent_7': 4, 'D_layers': 3, 'D_layer_units_exponent_0': 4, 'D_layer_units_exponent_1': 9, 'D_layer_units_exponent_2': 8, 'D_dagger_layers': 3, 'D_dagger_layer_units_exponent_0': 4, 'D_dagger_layer_units_exponent_1': 6, 'D_dagger_layer_units_exponent_2': 7, 'log_learning_rate': -4.393161814908213, 'log_learning_rate_D': -1.514003358028765, 'log_learning_rate_D_dagger': -2.8158434014889897, 'training_batch_size': 10, 'training_p': 8}. Best is trial 10 with value: 0.039460815489292145.
Time for this trial:  171.14710879325867
Memory status after this trial: 
Memory allocated:  84.08984375
Memory cached:  112.0
--------------------  Trial  44   --------------------
Start timing: 
Parameters: 
{'W_layers': 7, 'W_layer_units_exponent_0': 7, 'W_layer_units_exponent_1': 8, 'W_layer_units_exponent_2': 10, 'W_layer_units_exponent_3': 4, 'W_layer_units_exponent_4': 8, 'W_layer_units_exponent_5': 8, 'W_layer_units_exponent_6': 8, 'D_layers': 4, 'D_layer_units_exponent_0': 5, 'D_layer_units_exponent_1': 7, 'D_layer_units_exponent_2': 7, 'D_layer_units_exponent_3': 6, 'D_dagger_layers': 4, 'D_dagger_layer_units_exponent_0': 10, 'D_dagger_layer_units_exponent_1': 5, 'D_dagger_layer_units_exponent_2': 4, 'D_dagger_layer_units_exponent_3': 9, 'log_learning_rate': -3.4180999073933864, 'log_learning_rate_D': -1.2947089213524943, 'log_learning_rate_D_dagger': -3.360988391565431, 'training_batch_size': 11, 'training_p': 8}
	 epoch  0 training error:  tensor(1., device='cuda:0', grad_fn=<DivBackward0>)
Memory status after this epoch: 
Memory allocated:  8.16845703125
Memory cached:  116.0
	 epoch  10 training error:  tensor(1., device='cuda:0', grad_fn=<DivBackward0>)
Memory status after this epoch: 
Memory allocated:  8.16845703125
Memory cached:  210.0
	 epoch  20 training error:  tensor(1., device='cuda:0', grad_fn=<DivBackward0>)
Memory status after this epoch: 
Memory allocated:  8.16845703125
Memory cached:  224.0
	 epoch  30 training error:  tensor(1., device='cuda:0', grad_fn=<DivBackward0>)
Memory status after this epoch: 
Memory allocated:  8.16845703125
Memory cached:  216.0
	 epoch  40 training error:  tensor(1., device='cuda:0', grad_fn=<DivBackward0>)
Memory status after this epoch: 
Memory allocated:  8.16845703125
Memory cached:  214.0
	 epoch  50 training error:  tensor(1., device='cuda:0', grad_fn=<DivBackward0>)
Memory status after this epoch: 
Memory allocated:  8.16845703125
Memory cached:  218.0
	 epoch  60 training error:  tensor(1., device='cuda:0', grad_fn=<DivBackward0>)
Memory status after this epoch: 
Memory allocated:  8.16845703125
Memory cached:  214.0
	 epoch  70 training error:  tensor(1., device='cuda:0', grad_fn=<DivBackward0>)
Memory status after this epoch: 
Memory allocated:  8.16845703125
Memory cached:  218.0
	 epoch  80 training error:  tensor(1., device='cuda:0', grad_fn=<DivBackward0>)
Memory status after this epoch: 
Memory allocated:  8.16845703125
Memory cached:  220.0
	 epoch  90 training error:  tensor(1., device='cuda:0', grad_fn=<DivBackward0>)
Memory status after this epoch: 
Memory allocated:  8.16845703125
Memory cached:  224.0
[I 2023-11-22 17:43:48,174] Trial 44 finished with value: 1.0 and parameters: {'W_layers': 7, 'W_layer_units_exponent_0': 7, 'W_layer_units_exponent_1': 8, 'W_layer_units_exponent_2': 10, 'W_layer_units_exponent_3': 4, 'W_layer_units_exponent_4': 8, 'W_layer_units_exponent_5': 8, 'W_layer_units_exponent_6': 8, 'D_layers': 4, 'D_layer_units_exponent_0': 5, 'D_layer_units_exponent_1': 7, 'D_layer_units_exponent_2': 7, 'D_layer_units_exponent_3': 6, 'D_dagger_layers': 4, 'D_dagger_layer_units_exponent_0': 10, 'D_dagger_layer_units_exponent_1': 5, 'D_dagger_layer_units_exponent_2': 4, 'D_dagger_layer_units_exponent_3': 9, 'log_learning_rate': -3.4180999073933864, 'log_learning_rate_D': -1.2947089213524943, 'log_learning_rate_D_dagger': -3.360988391565431, 'training_batch_size': 11, 'training_p': 8}. Best is trial 10 with value: 0.039460815489292145.
Time for this trial:  186.28130102157593
Memory status after this trial: 
Memory allocated:  162.3076171875
Memory cached:  168.0
--------------------  Trial  45   --------------------
Start timing: 
Parameters: 
{'W_layers': 8, 'W_layer_units_exponent_0': 10, 'W_layer_units_exponent_1': 9, 'W_layer_units_exponent_2': 8, 'W_layer_units_exponent_3': 5, 'W_layer_units_exponent_4': 6, 'W_layer_units_exponent_5': 4, 'W_layer_units_exponent_6': 4, 'W_layer_units_exponent_7': 5, 'D_layers': 7, 'D_layer_units_exponent_0': 4, 'D_layer_units_exponent_1': 6, 'D_layer_units_exponent_2': 7, 'D_layer_units_exponent_3': 4, 'D_layer_units_exponent_4': 9, 'D_layer_units_exponent_5': 8, 'D_layer_units_exponent_6': 5, 'D_dagger_layers': 2, 'D_dagger_layer_units_exponent_0': 8, 'D_dagger_layer_units_exponent_1': 4, 'log_learning_rate': -2.810018947555851, 'log_learning_rate_D': -1.8028771989446302, 'log_learning_rate_D_dagger': -3.666313703868497, 'training_batch_size': 8, 'training_p': 7}
	 epoch  0 training error:  tensor(0.9804, device='cuda:0', grad_fn=<DivBackward0>)
Memory status after this epoch: 
Memory allocated:  12.89501953125
Memory cached:  138.0
	 epoch  10 training error:  tensor(0.8610, device='cuda:0', grad_fn=<DivBackward0>)
Memory status after this epoch: 
Memory allocated:  12.89501953125
Memory cached:  212.0
	 epoch  20 training error:  tensor(0.7600, device='cuda:0', grad_fn=<DivBackward0>)
Memory status after this epoch: 
Memory allocated:  12.89501953125
Memory cached:  212.0
	 epoch  30 training error:  tensor(0.7494, device='cuda:0', grad_fn=<DivBackward0>)
Memory status after this epoch: 
Memory allocated:  12.89501953125
Memory cached:  216.0
	 epoch  40 training error:  tensor(0.7414, device='cuda:0', grad_fn=<DivBackward0>)
Memory status after this epoch: 
Memory allocated:  12.89501953125
Memory cached:  216.0
	 epoch  50 training error:  tensor(0.7410, device='cuda:0', grad_fn=<DivBackward0>)
Memory status after this epoch: 
Memory allocated:  12.89501953125
Memory cached:  222.0
	 epoch  60 training error:  tensor(0.7410, device='cuda:0', grad_fn=<DivBackward0>)
Memory status after this epoch: 
Memory allocated:  12.89501953125
Memory cached:  222.0
	 epoch  70 training error:  tensor(0.7389, device='cuda:0', grad_fn=<DivBackward0>)
Memory status after this epoch: 
Memory allocated:  12.89501953125
Memory cached:  204.0
	 epoch  80 training error:  tensor(0.7393, device='cuda:0', grad_fn=<DivBackward0>)
Memory status after this epoch: 
Memory allocated:  12.89501953125
Memory cached:  216.0
	 epoch  90 training error:  tensor(0.7443, device='cuda:0', grad_fn=<DivBackward0>)
Memory status after this epoch: 
Memory allocated:  12.89501953125
Memory cached:  222.0
[I 2023-11-22 17:47:06,947] Trial 45 finished with value: 0.6942346692085266 and parameters: {'W_layers': 8, 'W_layer_units_exponent_0': 10, 'W_layer_units_exponent_1': 9, 'W_layer_units_exponent_2': 8, 'W_layer_units_exponent_3': 5, 'W_layer_units_exponent_4': 6, 'W_layer_units_exponent_5': 4, 'W_layer_units_exponent_6': 4, 'W_layer_units_exponent_7': 5, 'D_layers': 7, 'D_layer_units_exponent_0': 4, 'D_layer_units_exponent_1': 6, 'D_layer_units_exponent_2': 7, 'D_layer_units_exponent_3': 4, 'D_layer_units_exponent_4': 9, 'D_layer_units_exponent_5': 8, 'D_layer_units_exponent_6': 5, 'D_dagger_layers': 2, 'D_dagger_layer_units_exponent_0': 8, 'D_dagger_layer_units_exponent_1': 4, 'log_learning_rate': -2.810018947555851, 'log_learning_rate_D': -1.8028771989446302, 'log_learning_rate_D_dagger': -3.666313703868497, 'training_batch_size': 8, 'training_p': 7}. Best is trial 10 with value: 0.039460815489292145.
Time for this trial:  198.51492714881897
Memory status after this trial: 
Memory allocated:  131.208984375
Memory cached:  170.0
--------------------  Trial  46   --------------------
Start timing: 
Parameters: 
{'W_layers': 2, 'W_layer_units_exponent_0': 5, 'W_layer_units_exponent_1': 7, 'D_layers': 2, 'D_layer_units_exponent_0': 5, 'D_layer_units_exponent_1': 7, 'D_dagger_layers': 3, 'D_dagger_layer_units_exponent_0': 10, 'D_dagger_layer_units_exponent_1': 6, 'D_dagger_layer_units_exponent_2': 6, 'log_learning_rate': -3.936897993353201, 'log_learning_rate_D': -1.5124508456786492, 'log_learning_rate_D_dagger': -3.129476544502076, 'training_batch_size': 9, 'training_p': 6}
	 epoch  0 training error:  tensor(1.0972, device='cuda:0', grad_fn=<DivBackward0>)
Memory status after this epoch: 
Memory allocated:  1.42236328125
Memory cached:  94.0
	 epoch  10 training error:  tensor(0.1936, device='cuda:0', grad_fn=<DivBackward0>)
Memory status after this epoch: 
Memory allocated:  1.42236328125
Memory cached:  118.0
	 epoch  20 training error:  tensor(0.2039, device='cuda:0', grad_fn=<DivBackward0>)
Memory status after this epoch: 
Memory allocated:  1.42236328125
Memory cached:  114.0
	 epoch  30 training error:  tensor(0.1527, device='cuda:0', grad_fn=<DivBackward0>)
Memory status after this epoch: 
Memory allocated:  1.42236328125
Memory cached:  120.0
	 epoch  40 training error:  tensor(0.1136, device='cuda:0', grad_fn=<DivBackward0>)
Memory status after this epoch: 
Memory allocated:  1.42236328125
Memory cached:  112.0
	 epoch  50 training error:  tensor(0.1009, device='cuda:0', grad_fn=<DivBackward0>)
Memory status after this epoch: 
Memory allocated:  1.42236328125
Memory cached:  120.0
	 epoch  60 training error:  tensor(0.0969, device='cuda:0', grad_fn=<DivBackward0>)
Memory status after this epoch: 
Memory allocated:  1.42236328125
Memory cached:  114.0
	 epoch  70 training error:  tensor(0.0941, device='cuda:0', grad_fn=<DivBackward0>)
Memory status after this epoch: 
Memory allocated:  1.42236328125
Memory cached:  110.0
	 epoch  80 training error:  tensor(0.1016, device='cuda:0', grad_fn=<DivBackward0>)
Memory status after this epoch: 
Memory allocated:  1.42236328125
Memory cached:  114.0
	 epoch  90 training error:  tensor(0.1015, device='cuda:0', grad_fn=<DivBackward0>)
Memory status after this epoch: 
Memory allocated:  1.42236328125
Memory cached:  112.0
[I 2023-11-22 17:49:06,130] Trial 46 finished with value: 0.07377414405345917 and parameters: {'W_layers': 2, 'W_layer_units_exponent_0': 5, 'W_layer_units_exponent_1': 7, 'D_layers': 2, 'D_layer_units_exponent_0': 5, 'D_layer_units_exponent_1': 7, 'D_dagger_layers': 3, 'D_dagger_layer_units_exponent_0': 10, 'D_dagger_layer_units_exponent_1': 6, 'D_dagger_layer_units_exponent_2': 6, 'log_learning_rate': -3.936897993353201, 'log_learning_rate_D': -1.5124508456786492, 'log_learning_rate_D_dagger': -3.129476544502076, 'training_batch_size': 9, 'training_p': 6}. Best is trial 10 with value: 0.039460815489292145.
Time for this trial:  118.96960520744324
Memory status after this trial: 
Memory allocated:  57.4453125
Memory cached:  96.0
--------------------  Trial  47   --------------------
Start timing: 
Parameters: 
{'W_layers': 7, 'W_layer_units_exponent_0': 6, 'W_layer_units_exponent_1': 4, 'W_layer_units_exponent_2': 9, 'W_layer_units_exponent_3': 4, 'W_layer_units_exponent_4': 7, 'W_layer_units_exponent_5': 10, 'W_layer_units_exponent_6': 5, 'D_layers': 5, 'D_layer_units_exponent_0': 4, 'D_layer_units_exponent_1': 10, 'D_layer_units_exponent_2': 10, 'D_layer_units_exponent_3': 5, 'D_layer_units_exponent_4': 6, 'D_dagger_layers': 5, 'D_dagger_layer_units_exponent_0': 5, 'D_dagger_layer_units_exponent_1': 5, 'D_dagger_layer_units_exponent_2': 5, 'D_dagger_layer_units_exponent_3': 10, 'D_dagger_layer_units_exponent_4': 5, 'log_learning_rate': -4.174131793257271, 'log_learning_rate_D': -1.8781887767448897, 'log_learning_rate_D_dagger': -2.9828713497786405, 'training_batch_size': 12, 'training_p': 4}
	 epoch  0 training error:  tensor(1.0034, device='cuda:0', grad_fn=<DivBackward0>)
Memory status after this epoch: 
Memory allocated:  20.83642578125
Memory cached:  158.0
	 epoch  10 training error:  tensor(0.9744, device='cuda:0', grad_fn=<DivBackward0>)
Memory status after this epoch: 
Memory allocated:  20.83642578125
Memory cached:  268.0
	 epoch  20 training error:  tensor(0.9268, device='cuda:0', grad_fn=<DivBackward0>)
Memory status after this epoch: 
Memory allocated:  20.83642578125
Memory cached:  258.0
	 epoch  30 training error:  tensor(0.8350, device='cuda:0', grad_fn=<DivBackward0>)
Memory status after this epoch: 
Memory allocated:  20.83642578125
Memory cached:  280.0
	 epoch  40 training error:  tensor(0.6773, device='cuda:0', grad_fn=<DivBackward0>)
Memory status after this epoch: 
Memory allocated:  20.83642578125
Memory cached:  260.0
	 epoch  50 training error:  tensor(0.4442, device='cuda:0', grad_fn=<DivBackward0>)
Memory status after this epoch: 
Memory allocated:  20.83642578125
Memory cached:  266.0
	 epoch  60 training error:  tensor(0.1344, device='cuda:0', grad_fn=<DivBackward0>)
Memory status after this epoch: 
Memory allocated:  20.83642578125
Memory cached:  264.0
	 epoch  70 training error:  tensor(0.1567, device='cuda:0', grad_fn=<DivBackward0>)
Memory status after this epoch: 
Memory allocated:  20.83642578125
Memory cached:  262.0
	 epoch  80 training error:  tensor(0.1407, device='cuda:0', grad_fn=<DivBackward0>)
Memory status after this epoch: 
Memory allocated:  20.83642578125
Memory cached:  274.0
	 epoch  90 training error:  tensor(0.1313, device='cuda:0', grad_fn=<DivBackward0>)
Memory status after this epoch: 
Memory allocated:  20.83642578125
Memory cached:  262.0
[I 2023-11-22 17:52:31,209] Trial 47 finished with value: 0.13421230018138885 and parameters: {'W_layers': 7, 'W_layer_units_exponent_0': 6, 'W_layer_units_exponent_1': 4, 'W_layer_units_exponent_2': 9, 'W_layer_units_exponent_3': 4, 'W_layer_units_exponent_4': 7, 'W_layer_units_exponent_5': 10, 'W_layer_units_exponent_6': 5, 'D_layers': 5, 'D_layer_units_exponent_0': 4, 'D_layer_units_exponent_1': 10, 'D_layer_units_exponent_2': 10, 'D_layer_units_exponent_3': 5, 'D_layer_units_exponent_4': 6, 'D_dagger_layers': 5, 'D_dagger_layer_units_exponent_0': 5, 'D_dagger_layer_units_exponent_1': 5, 'D_dagger_layer_units_exponent_2': 5, 'D_dagger_layer_units_exponent_3': 10, 'D_dagger_layer_units_exponent_4': 5, 'log_learning_rate': -4.174131793257271, 'log_learning_rate_D': -1.8781887767448897, 'log_learning_rate_D_dagger': -2.9828713497786405, 'training_batch_size': 12, 'training_p': 4}. Best is trial 10 with value: 0.039460815489292145.
Time for this trial:  204.8364338874817
Memory status after this trial: 
Memory allocated:  205.30419921875
Memory cached:  220.0
--------------------  Trial  48   --------------------
Start timing: 
Parameters: 
{'W_layers': 5, 'W_layer_units_exponent_0': 9, 'W_layer_units_exponent_1': 6, 'W_layer_units_exponent_2': 10, 'W_layer_units_exponent_3': 8, 'W_layer_units_exponent_4': 10, 'D_layers': 3, 'D_layer_units_exponent_0': 6, 'D_layer_units_exponent_1': 4, 'D_layer_units_exponent_2': 7, 'D_dagger_layers': 4, 'D_dagger_layer_units_exponent_0': 7, 'D_dagger_layer_units_exponent_1': 4, 'D_dagger_layer_units_exponent_2': 10, 'D_dagger_layer_units_exponent_3': 7, 'log_learning_rate': -4.830522092571796, 'log_learning_rate_D': -1.5908274240489106, 'log_learning_rate_D_dagger': -3.8654619844325424, 'training_batch_size': 10, 'training_p': 3}
	 epoch  0 training error:  tensor(1.0510, device='cuda:0', grad_fn=<DivBackward0>)
Memory status after this epoch: 
Memory allocated:  12.06103515625
Memory cached:  116.0
	 epoch  10 training error:  tensor(0.9434, device='cuda:0', grad_fn=<DivBackward0>)
Memory status after this epoch: 
Memory allocated:  12.06103515625
Memory cached:  222.0
	 epoch  20 training error:  tensor(0.8495, device='cuda:0', grad_fn=<DivBackward0>)
Memory status after this epoch: 
Memory allocated:  12.06103515625
Memory cached:  230.0
	 epoch  30 training error:  tensor(0.7281, device='cuda:0', grad_fn=<DivBackward0>)
Memory status after this epoch: 
Memory allocated:  12.06103515625
Memory cached:  226.0
	 epoch  40 training error:  tensor(1., device='cuda:0', grad_fn=<DivBackward0>)
Memory status after this epoch: 
Memory allocated:  12.06103515625
Memory cached:  218.0
	 epoch  50 training error:  tensor(1., device='cuda:0', grad_fn=<DivBackward0>)
Memory status after this epoch: 
Memory allocated:  12.06103515625
Memory cached:  228.0
	 epoch  60 training error:  tensor(1., device='cuda:0', grad_fn=<DivBackward0>)
Memory status after this epoch: 
Memory allocated:  12.06103515625
Memory cached:  222.0
	 epoch  70 training error:  tensor(1., device='cuda:0', grad_fn=<DivBackward0>)
Memory status after this epoch: 
Memory allocated:  12.06103515625
Memory cached:  222.0
	 epoch  80 training error:  tensor(1., device='cuda:0', grad_fn=<DivBackward0>)
Memory status after this epoch: 
Memory allocated:  12.06103515625
Memory cached:  222.0
	 epoch  90 training error:  tensor(1., device='cuda:0', grad_fn=<DivBackward0>)
Memory status after this epoch: 
Memory allocated:  12.06103515625
Memory cached:  222.0
