/home/shengduo/anaconda3/lib/python3.9/site-packages/scipy/__init__.py:146: UserWarning: A NumPy version >=1.16.5 and <1.23.0 is required for this version of SciPy (detected version 1.24.1
  warnings.warn(f"A NumPy version >={np_minversion} and <{np_maxversion}"
[I 2023-11-22 09:39:15,244] A new study created in memory with name: no-name-247e886e-db1f-4246-bb21-fea4f6c96e47
Cuda is available:  True
Device is:  cuda:0
Memory allocated:  0.0
Memory cached:  0.0
Data file:  ./data/Trial1108_bigDRS_Burigede.pt
Vs.shape:  torch.Size([100, 100])
thetas.shape:  torch.Size([100, 100])
fs.shape:  torch.Size([100, 100])
ts.shape:  torch.Size([100, 100])
Xs.shape:  torch.Size([100, 100])
--------------------  Trial  0   --------------------
Start timing: 
Parameters: 
{'W_layers': 7, 'W_layer_units_exponent_0': 5, 'W_layer_units_exponent_1': 7, 'W_layer_units_exponent_2': 5, 'W_layer_units_exponent_3': 8, 'W_layer_units_exponent_4': 4, 'W_layer_units_exponent_5': 9, 'W_layer_units_exponent_6': 10, 'D_layers': 5, 'D_layer_units_exponent_0': 8, 'D_layer_units_exponent_1': 7, 'D_layer_units_exponent_2': 6, 'D_layer_units_exponent_3': 9, 'D_layer_units_exponent_4': 6, 'D_dagger_layers': 6, 'D_dagger_layer_units_exponent_0': 8, 'D_dagger_layer_units_exponent_1': 4, 'D_dagger_layer_units_exponent_2': 6, 'D_dagger_layer_units_exponent_3': 9, 'D_dagger_layer_units_exponent_4': 7, 'D_dagger_layer_units_exponent_5': 10, 'log_learning_rate': -2.988102211328585, 'log_learning_rate_D': -4.537181681333157, 'log_learning_rate_D_dagger': -2.1359376081201593, 'training_batch_size': 6, 'training_p': 5}
/home/shengduo/anaconda3/lib/python3.9/site-packages/torch/nn/init.py:405: UserWarning: Initializing zero-element tensors is a no-op
  warnings.warn("Initializing zero-element tensors is a no-op")
	 epoch  0 training error:  tensor(0.9853, device='cuda:0', grad_fn=<DivBackward0>)
Memory status after this epoch: 
Memory allocated:  13.04150390625
Memory cached:  66.0
	 epoch  10 training error:  tensor(0.1572, device='cuda:0', grad_fn=<DivBackward0>)
Memory status after this epoch: 
Memory allocated:  13.04150390625
Memory cached:  68.0
	 epoch  20 training error:  tensor(0.1358, device='cuda:0', grad_fn=<DivBackward0>)
Memory status after this epoch: 
Memory allocated:  13.04150390625
Memory cached:  68.0
	 epoch  30 training error:  tensor(0.1372, device='cuda:0', grad_fn=<DivBackward0>)
Memory status after this epoch: 
Memory allocated:  13.04150390625
Memory cached:  70.0
	 epoch  40 training error:  tensor(0.1378, device='cuda:0', grad_fn=<DivBackward0>)
Memory status after this epoch: 
Memory allocated:  13.04150390625
Memory cached:  68.0
	 epoch  50 training error:  tensor(0.1373, device='cuda:0', grad_fn=<DivBackward0>)
Memory status after this epoch: 
Memory allocated:  13.04150390625
Memory cached:  68.0
	 epoch  60 training error:  tensor(0.1375, device='cuda:0', grad_fn=<DivBackward0>)
Memory status after this epoch: 
Memory allocated:  13.04150390625
Memory cached:  70.0
	 epoch  70 training error:  tensor(0.1375, device='cuda:0', grad_fn=<DivBackward0>)
Memory status after this epoch: 
Memory allocated:  13.04150390625
Memory cached:  68.0
	 epoch  80 training error:  tensor(0.1383, device='cuda:0', grad_fn=<DivBackward0>)
Memory status after this epoch: 
Memory allocated:  13.04150390625
Memory cached:  70.0
	 epoch  90 training error:  tensor(0.1379, device='cuda:0', grad_fn=<DivBackward0>)
Memory status after this epoch: 
Memory allocated:  13.04150390625
Memory cached:  68.0
[I 2023-11-22 09:39:37,939] Trial 0 finished with value: 0.1294001191854477 and parameters: {'W_layers': 7, 'W_layer_units_exponent_0': 5, 'W_layer_units_exponent_1': 7, 'W_layer_units_exponent_2': 5, 'W_layer_units_exponent_3': 8, 'W_layer_units_exponent_4': 4, 'W_layer_units_exponent_5': 9, 'W_layer_units_exponent_6': 10, 'D_layers': 5, 'D_layer_units_exponent_0': 8, 'D_layer_units_exponent_1': 7, 'D_layer_units_exponent_2': 6, 'D_layer_units_exponent_3': 9, 'D_layer_units_exponent_4': 6, 'D_dagger_layers': 6, 'D_dagger_layer_units_exponent_0': 8, 'D_dagger_layer_units_exponent_1': 4, 'D_dagger_layer_units_exponent_2': 6, 'D_dagger_layer_units_exponent_3': 9, 'D_dagger_layer_units_exponent_4': 7, 'D_dagger_layer_units_exponent_5': 10, 'log_learning_rate': -2.988102211328585, 'log_learning_rate_D': -4.537181681333157, 'log_learning_rate_D_dagger': -2.1359376081201593, 'training_batch_size': 6, 'training_p': 5}. Best is trial 0 with value: 0.1294001191854477.
Time for this trial:  22.60284686088562
Memory status after this trial: 
Memory allocated:  161.7060546875
Memory cached:  172.0
--------------------  Trial  1   --------------------
Start timing: 
Parameters: 
{'W_layers': 8, 'W_layer_units_exponent_0': 8, 'W_layer_units_exponent_1': 10, 'W_layer_units_exponent_2': 10, 'W_layer_units_exponent_3': 8, 'W_layer_units_exponent_4': 8, 'W_layer_units_exponent_5': 9, 'W_layer_units_exponent_6': 7, 'W_layer_units_exponent_7': 9, 'D_layers': 5, 'D_layer_units_exponent_0': 7, 'D_layer_units_exponent_1': 10, 'D_layer_units_exponent_2': 10, 'D_layer_units_exponent_3': 8, 'D_layer_units_exponent_4': 5, 'D_dagger_layers': 7, 'D_dagger_layer_units_exponent_0': 6, 'D_dagger_layer_units_exponent_1': 10, 'D_dagger_layer_units_exponent_2': 6, 'D_dagger_layer_units_exponent_3': 7, 'D_dagger_layer_units_exponent_4': 9, 'D_dagger_layer_units_exponent_5': 7, 'D_dagger_layer_units_exponent_6': 8, 'log_learning_rate': -1.1835364050327244, 'log_learning_rate_D': -1.8761391536906187, 'log_learning_rate_D_dagger': -3.3724337485876705, 'training_batch_size': 7, 'training_p': 7}
	 epoch  0 training error:  tensor(1.0039, device='cuda:0', grad_fn=<DivBackward0>)
Memory status after this epoch: 
Memory allocated:  39.4384765625
Memory cached:  50.0
	 epoch  10 training error:  tensor(0.5516, device='cuda:0', grad_fn=<DivBackward0>)
Memory status after this epoch: 
Memory allocated:  39.4384765625
Memory cached:  50.0
	 epoch  20 training error:  tensor(0.3128, device='cuda:0', grad_fn=<DivBackward0>)
Memory status after this epoch: 
Memory allocated:  39.4384765625
Memory cached:  50.0
	 epoch  30 training error:  tensor(0.1330, device='cuda:0', grad_fn=<DivBackward0>)
Memory status after this epoch: 
Memory allocated:  39.4384765625
Memory cached:  50.0
	 epoch  40 training error:  tensor(0.1059, device='cuda:0', grad_fn=<DivBackward0>)
Memory status after this epoch: 
Memory allocated:  39.4384765625
Memory cached:  50.0
	 epoch  50 training error:  tensor(0.1035, device='cuda:0', grad_fn=<DivBackward0>)
Memory status after this epoch: 
Memory allocated:  39.4384765625
Memory cached:  50.0
	 epoch  60 training error:  tensor(0.0931, device='cuda:0', grad_fn=<DivBackward0>)
Memory status after this epoch: 
Memory allocated:  39.4384765625
Memory cached:  50.0
	 epoch  70 training error:  tensor(0.0951, device='cuda:0', grad_fn=<DivBackward0>)
Memory status after this epoch: 
Memory allocated:  39.4384765625
Memory cached:  50.0
	 epoch  80 training error:  tensor(0.0891, device='cuda:0', grad_fn=<DivBackward0>)
Memory status after this epoch: 
Memory allocated:  39.4384765625
Memory cached:  50.0
	 epoch  90 training error:  tensor(0.0873, device='cuda:0', grad_fn=<DivBackward0>)
Memory status after this epoch: 
Memory allocated:  39.4384765625
Memory cached:  50.0
[I 2023-11-22 09:39:57,000] Trial 1 finished with value: 0.06739296019077301 and parameters: {'W_layers': 8, 'W_layer_units_exponent_0': 8, 'W_layer_units_exponent_1': 10, 'W_layer_units_exponent_2': 10, 'W_layer_units_exponent_3': 8, 'W_layer_units_exponent_4': 8, 'W_layer_units_exponent_5': 9, 'W_layer_units_exponent_6': 7, 'W_layer_units_exponent_7': 9, 'D_layers': 5, 'D_layer_units_exponent_0': 7, 'D_layer_units_exponent_1': 10, 'D_layer_units_exponent_2': 10, 'D_layer_units_exponent_3': 8, 'D_layer_units_exponent_4': 5, 'D_dagger_layers': 7, 'D_dagger_layer_units_exponent_0': 6, 'D_dagger_layer_units_exponent_1': 10, 'D_dagger_layer_units_exponent_2': 6, 'D_dagger_layer_units_exponent_3': 7, 'D_dagger_layer_units_exponent_4': 9, 'D_dagger_layer_units_exponent_5': 7, 'D_dagger_layer_units_exponent_6': 8, 'log_learning_rate': -1.1835364050327244, 'log_learning_rate_D': -1.8761391536906187, 'log_learning_rate_D_dagger': -3.3724337485876705, 'training_batch_size': 7, 'training_p': 7}. Best is trial 1 with value: 0.06739296019077301.
Time for this trial:  18.973382472991943
Memory status after this trial: 
Memory allocated:  255.8017578125
Memory cached:  282.0
--------------------  Trial  2   --------------------
Start timing: 
Parameters: 
{'W_layers': 5, 'W_layer_units_exponent_0': 8, 'W_layer_units_exponent_1': 6, 'W_layer_units_exponent_2': 7, 'W_layer_units_exponent_3': 7, 'W_layer_units_exponent_4': 7, 'D_layers': 8, 'D_layer_units_exponent_0': 5, 'D_layer_units_exponent_1': 8, 'D_layer_units_exponent_2': 5, 'D_layer_units_exponent_3': 4, 'D_layer_units_exponent_4': 9, 'D_layer_units_exponent_5': 6, 'D_layer_units_exponent_6': 4, 'D_layer_units_exponent_7': 7, 'D_dagger_layers': 8, 'D_dagger_layer_units_exponent_0': 5, 'D_dagger_layer_units_exponent_1': 7, 'D_dagger_layer_units_exponent_2': 7, 'D_dagger_layer_units_exponent_3': 4, 'D_dagger_layer_units_exponent_4': 7, 'D_dagger_layer_units_exponent_5': 10, 'D_dagger_layer_units_exponent_6': 8, 'D_dagger_layer_units_exponent_7': 10, 'log_learning_rate': -2.945790420238737, 'log_learning_rate_D': -3.703326669941966, 'log_learning_rate_D_dagger': -2.4199740492247077, 'training_batch_size': 8, 'training_p': 2}
	 epoch  0 training error:  tensor(0.9665, device='cuda:0', grad_fn=<DivBackward0>)
Memory status after this epoch: 
Memory allocated:  11.7275390625
Memory cached:  14.0
	 epoch  10 training error:  tensor(0.1258, device='cuda:0', grad_fn=<DivBackward0>)
Memory status after this epoch: 
Memory allocated:  11.7275390625
Memory cached:  16.0
	 epoch  20 training error:  tensor(0.0804, device='cuda:0', grad_fn=<DivBackward0>)
Memory status after this epoch: 
Memory allocated:  11.7275390625
Memory cached:  16.0
	 epoch  30 training error:  tensor(0.0728, device='cuda:0', grad_fn=<DivBackward0>)
Memory status after this epoch: 
Memory allocated:  11.7275390625
Memory cached:  16.0
	 epoch  40 training error:  tensor(0.0670, device='cuda:0', grad_fn=<DivBackward0>)
Memory status after this epoch: 
Memory allocated:  11.7275390625
Memory cached:  16.0
	 epoch  50 training error:  tensor(0.0660, device='cuda:0', grad_fn=<DivBackward0>)
Memory status after this epoch: 
Memory allocated:  11.7275390625
Memory cached:  16.0
	 epoch  60 training error:  tensor(0.0661, device='cuda:0', grad_fn=<DivBackward0>)
Memory status after this epoch: 
Memory allocated:  11.7275390625
Memory cached:  16.0
	 epoch  70 training error:  tensor(0.0661, device='cuda:0', grad_fn=<DivBackward0>)
Memory status after this epoch: 
Memory allocated:  11.7275390625
Memory cached:  16.0
	 epoch  80 training error:  tensor(0.0631, device='cuda:0', grad_fn=<DivBackward0>)
Memory status after this epoch: 
Memory allocated:  11.7275390625
Memory cached:  16.0
	 epoch  90 training error:  tensor(0.0742, device='cuda:0', grad_fn=<DivBackward0>)
Memory status after this epoch: 
Memory allocated:  11.7275390625
Memory cached:  16.0
[I 2023-11-22 09:40:14,713] Trial 2 finished with value: 0.07241269201040268 and parameters: {'W_layers': 5, 'W_layer_units_exponent_0': 8, 'W_layer_units_exponent_1': 6, 'W_layer_units_exponent_2': 7, 'W_layer_units_exponent_3': 7, 'W_layer_units_exponent_4': 7, 'D_layers': 8, 'D_layer_units_exponent_0': 5, 'D_layer_units_exponent_1': 8, 'D_layer_units_exponent_2': 5, 'D_layer_units_exponent_3': 4, 'D_layer_units_exponent_4': 9, 'D_layer_units_exponent_5': 6, 'D_layer_units_exponent_6': 4, 'D_layer_units_exponent_7': 7, 'D_dagger_layers': 8, 'D_dagger_layer_units_exponent_0': 5, 'D_dagger_layer_units_exponent_1': 7, 'D_dagger_layer_units_exponent_2': 7, 'D_dagger_layer_units_exponent_3': 4, 'D_dagger_layer_units_exponent_4': 7, 'D_dagger_layer_units_exponent_5': 10, 'D_dagger_layer_units_exponent_6': 8, 'D_dagger_layer_units_exponent_7': 10, 'log_learning_rate': -2.945790420238737, 'log_learning_rate_D': -3.703326669941966, 'log_learning_rate_D_dagger': -2.4199740492247077, 'training_batch_size': 8, 'training_p': 2}. Best is trial 1 with value: 0.06739296019077301.
Time for this trial:  17.607434511184692
Memory status after this trial: 
Memory allocated:  138.4951171875
Memory cached:  166.0
--------------------  Trial  3   --------------------
Start timing: 
Parameters: 
{'W_layers': 7, 'W_layer_units_exponent_0': 10, 'W_layer_units_exponent_1': 6, 'W_layer_units_exponent_2': 4, 'W_layer_units_exponent_3': 7, 'W_layer_units_exponent_4': 6, 'W_layer_units_exponent_5': 4, 'W_layer_units_exponent_6': 7, 'D_layers': 8, 'D_layer_units_exponent_0': 4, 'D_layer_units_exponent_1': 6, 'D_layer_units_exponent_2': 6, 'D_layer_units_exponent_3': 10, 'D_layer_units_exponent_4': 7, 'D_layer_units_exponent_5': 6, 'D_layer_units_exponent_6': 7, 'D_layer_units_exponent_7': 8, 'D_dagger_layers': 8, 'D_dagger_layer_units_exponent_0': 4, 'D_dagger_layer_units_exponent_1': 5, 'D_dagger_layer_units_exponent_2': 4, 'D_dagger_layer_units_exponent_3': 6, 'D_dagger_layer_units_exponent_4': 5, 'D_dagger_layer_units_exponent_5': 10, 'D_dagger_layer_units_exponent_6': 4, 'D_dagger_layer_units_exponent_7': 9, 'log_learning_rate': -3.8560619246626757, 'log_learning_rate_D': -1.8507124788116425, 'log_learning_rate_D_dagger': -2.771347292023667, 'training_batch_size': 6, 'training_p': 6}
	 epoch  0 training error:  tensor(0.9927, device='cuda:0', grad_fn=<DivBackward0>)
Memory status after this epoch: 
Memory allocated:  3.34619140625
Memory cached:  14.0
	 epoch  10 training error:  tensor(0.6646, device='cuda:0', grad_fn=<DivBackward0>)
Memory status after this epoch: 
Memory allocated:  3.34619140625
Memory cached:  18.0
	 epoch  20 training error:  tensor(0.3708, device='cuda:0', grad_fn=<DivBackward0>)
Memory status after this epoch: 
Memory allocated:  3.34619140625
Memory cached:  14.0
	 epoch  30 training error:  tensor(0.1121, device='cuda:0', grad_fn=<DivBackward0>)
Memory status after this epoch: 
Memory allocated:  3.34619140625
Memory cached:  18.0
	 epoch  40 training error:  tensor(0.1053, device='cuda:0', grad_fn=<DivBackward0>)
Memory status after this epoch: 
Memory allocated:  3.34619140625
Memory cached:  16.0
	 epoch  50 training error:  tensor(0.0917, device='cuda:0', grad_fn=<DivBackward0>)
Memory status after this epoch: 
Memory allocated:  3.34619140625
Memory cached:  16.0
	 epoch  60 training error:  tensor(0.0902, device='cuda:0', grad_fn=<DivBackward0>)
Memory status after this epoch: 
Memory allocated:  3.34619140625
Memory cached:  16.0
	 epoch  70 training error:  tensor(0.0901, device='cuda:0', grad_fn=<DivBackward0>)
Memory status after this epoch: 
Memory allocated:  3.34619140625
Memory cached:  16.0
	 epoch  80 training error:  tensor(0.0881, device='cuda:0', grad_fn=<DivBackward0>)
Memory status after this epoch: 
Memory allocated:  3.34619140625
Memory cached:  16.0
	 epoch  90 training error:  tensor(0.0916, device='cuda:0', grad_fn=<DivBackward0>)
Memory status after this epoch: 
Memory allocated:  3.34619140625
Memory cached:  16.0
[I 2023-11-22 09:40:35,805] Trial 3 finished with value: 0.07430364936590195 and parameters: {'W_layers': 7, 'W_layer_units_exponent_0': 10, 'W_layer_units_exponent_1': 6, 'W_layer_units_exponent_2': 4, 'W_layer_units_exponent_3': 7, 'W_layer_units_exponent_4': 6, 'W_layer_units_exponent_5': 4, 'W_layer_units_exponent_6': 7, 'D_layers': 8, 'D_layer_units_exponent_0': 4, 'D_layer_units_exponent_1': 6, 'D_layer_units_exponent_2': 6, 'D_layer_units_exponent_3': 10, 'D_layer_units_exponent_4': 7, 'D_layer_units_exponent_5': 6, 'D_layer_units_exponent_6': 7, 'D_layer_units_exponent_7': 8, 'D_dagger_layers': 8, 'D_dagger_layer_units_exponent_0': 4, 'D_dagger_layer_units_exponent_1': 5, 'D_dagger_layer_units_exponent_2': 4, 'D_dagger_layer_units_exponent_3': 6, 'D_dagger_layer_units_exponent_4': 5, 'D_dagger_layer_units_exponent_5': 10, 'D_dagger_layer_units_exponent_6': 4, 'D_dagger_layer_units_exponent_7': 9, 'log_learning_rate': -3.8560619246626757, 'log_learning_rate_D': -1.8507124788116425, 'log_learning_rate_D_dagger': -2.771347292023667, 'training_batch_size': 6, 'training_p': 6}. Best is trial 1 with value: 0.06739296019077301.
Time for this trial:  20.995195627212524
Memory status after this trial: 
Memory allocated:  122.966796875
Memory cached:  148.0
--------------------  Trial  4   --------------------
Start timing: 
Parameters: 
{'W_layers': 7, 'W_layer_units_exponent_0': 7, 'W_layer_units_exponent_1': 6, 'W_layer_units_exponent_2': 8, 'W_layer_units_exponent_3': 7, 'W_layer_units_exponent_4': 7, 'W_layer_units_exponent_5': 10, 'W_layer_units_exponent_6': 4, 'D_layers': 4, 'D_layer_units_exponent_0': 6, 'D_layer_units_exponent_1': 7, 'D_layer_units_exponent_2': 4, 'D_layer_units_exponent_3': 7, 'D_dagger_layers': 2, 'D_dagger_layer_units_exponent_0': 8, 'D_dagger_layer_units_exponent_1': 4, 'log_learning_rate': -2.984934204759189, 'log_learning_rate_D': -4.602927385136171, 'log_learning_rate_D_dagger': -1.4055737713268566, 'training_batch_size': 10, 'training_p': 8}
	 epoch  0 training error:  tensor(0.7827, device='cuda:0', grad_fn=<DivBackward0>)
Memory status after this epoch: 
Memory allocated:  3.6904296875
Memory cached:  6.0
	 epoch  10 training error:  tensor(0.4054, device='cuda:0', grad_fn=<DivBackward0>)
Memory status after this epoch: 
Memory allocated:  3.6904296875
Memory cached:  10.0
	 epoch  20 training error:  tensor(0.4018, device='cuda:0', grad_fn=<DivBackward0>)
Memory status after this epoch: 
Memory allocated:  3.6904296875
Memory cached:  8.0
	 epoch  30 training error:  tensor(0.2841, device='cuda:0', grad_fn=<DivBackward0>)
Memory status after this epoch: 
Memory allocated:  3.6904296875
Memory cached:  10.0
	 epoch  40 training error:  tensor(0.2061, device='cuda:0', grad_fn=<DivBackward0>)
Memory status after this epoch: 
Memory allocated:  3.6904296875
Memory cached:  10.0
	 epoch  50 training error:  tensor(0.2034, device='cuda:0', grad_fn=<DivBackward0>)
Memory status after this epoch: 
Memory allocated:  3.6904296875
Memory cached:  8.0
	 epoch  60 training error:  tensor(0.1085, device='cuda:0', grad_fn=<DivBackward0>)
Memory status after this epoch: 
Memory allocated:  3.6904296875
Memory cached:  10.0
	 epoch  70 training error:  tensor(0.1679, device='cuda:0', grad_fn=<DivBackward0>)
Memory status after this epoch: 
Memory allocated:  3.6904296875
Memory cached:  10.0
	 epoch  80 training error:  tensor(0.0930, device='cuda:0', grad_fn=<DivBackward0>)
Memory status after this epoch: 
Memory allocated:  3.6904296875
Memory cached:  8.0
	 epoch  90 training error:  tensor(0.1405, device='cuda:0', grad_fn=<DivBackward0>)
Memory status after this epoch: 
Memory allocated:  3.6904296875
Memory cached:  10.0
