[I 2023-11-22 10:55:52,226] Trial 18 finished with value: 0.13034339249134064 and parameters: {'W_layers': 2, 'W_layer_units_exponent_0': 7, 'W_layer_units_exponent_1': 8, 'D_layers': 5, 'D_layer_units_exponent_0': 8, 'D_layer_units_exponent_1': 5, 'D_layer_units_exponent_2': 8, 'D_layer_units_exponent_3': 9, 'D_layer_units_exponent_4': 8, 'D_dagger_layers': 7, 'D_dagger_layer_units_exponent_0': 10, 'D_dagger_layer_units_exponent_1': 6, 'D_dagger_layer_units_exponent_2': 7, 'D_dagger_layer_units_exponent_3': 5, 'D_dagger_layer_units_exponent_4': 6, 'D_dagger_layer_units_exponent_5': 8, 'D_dagger_layer_units_exponent_6': 10, 'log_learning_rate': -2.0819312556856255, 'log_learning_rate_D': -3.660879514937089, 'log_learning_rate_D_dagger': -2.5013514867241495, 'training_batch_size': 7, 'training_p': 4}. Best is trial 8 with value: 0.0455283485352993.
Time for this trial:  185.69764852523804
Memory status after this trial: 
Memory allocated:  168.94921875
Memory cached:  176.0
--------------------  Trial  19   --------------------
Start timing: 
Parameters: 
{'W_layers': 3, 'W_layer_units_exponent_0': 5, 'W_layer_units_exponent_1': 5, 'W_layer_units_exponent_2': 8, 'D_layers': 4, 'D_layer_units_exponent_0': 10, 'D_layer_units_exponent_1': 7, 'D_layer_units_exponent_2': 5, 'D_layer_units_exponent_3': 4, 'D_dagger_layers': 4, 'D_dagger_layer_units_exponent_0': 8, 'D_dagger_layer_units_exponent_1': 8, 'D_dagger_layer_units_exponent_2': 9, 'D_dagger_layer_units_exponent_3': 5, 'log_learning_rate': -2.831349858939289, 'log_learning_rate_D': -4.773847023641158, 'log_learning_rate_D_dagger': -1.7029084984753462, 'training_batch_size': 10, 'training_p': 8}
	 epoch  0 training error:  tensor(1., device='cuda:0', grad_fn=<DivBackward0>)
Memory status after this epoch: 
Memory allocated:  5.65869140625
Memory cached:  100.0
	 epoch  10 training error:  tensor(1., device='cuda:0', grad_fn=<DivBackward0>)
Memory status after this epoch: 
Memory allocated:  5.65869140625
Memory cached:  130.0
	 epoch  20 training error:  tensor(1., device='cuda:0', grad_fn=<DivBackward0>)
Memory status after this epoch: 
Memory allocated:  5.65869140625
Memory cached:  128.0
	 epoch  30 training error:  tensor(1., device='cuda:0', grad_fn=<DivBackward0>)
Memory status after this epoch: 
Memory allocated:  5.65869140625
Memory cached:  126.0
	 epoch  40 training error:  tensor(1., device='cuda:0', grad_fn=<DivBackward0>)
Memory status after this epoch: 
Memory allocated:  5.65869140625
Memory cached:  140.0
	 epoch  50 training error:  tensor(1., device='cuda:0', grad_fn=<DivBackward0>)
Memory status after this epoch: 
Memory allocated:  5.65869140625
Memory cached:  126.0
	 epoch  60 training error:  tensor(1., device='cuda:0', grad_fn=<DivBackward0>)
Memory status after this epoch: 
Memory allocated:  5.65869140625
Memory cached:  124.0
	 epoch  70 training error:  tensor(1., device='cuda:0', grad_fn=<DivBackward0>)
Memory status after this epoch: 
Memory allocated:  5.65869140625
Memory cached:  136.0
	 epoch  80 training error:  tensor(1., device='cuda:0', grad_fn=<DivBackward0>)
Memory status after this epoch: 
Memory allocated:  5.65869140625
Memory cached:  144.0
	 epoch  90 training error:  tensor(1., device='cuda:0', grad_fn=<DivBackward0>)
Memory status after this epoch: 
Memory allocated:  5.65869140625
Memory cached:  136.0
[I 2023-11-22 10:58:27,897] Trial 19 finished with value: 1.0 and parameters: {'W_layers': 3, 'W_layer_units_exponent_0': 5, 'W_layer_units_exponent_1': 5, 'W_layer_units_exponent_2': 8, 'D_layers': 4, 'D_layer_units_exponent_0': 10, 'D_layer_units_exponent_1': 7, 'D_layer_units_exponent_2': 5, 'D_layer_units_exponent_3': 4, 'D_dagger_layers': 4, 'D_dagger_layer_units_exponent_0': 8, 'D_dagger_layer_units_exponent_1': 8, 'D_dagger_layer_units_exponent_2': 9, 'D_dagger_layer_units_exponent_3': 5, 'log_learning_rate': -2.831349858939289, 'log_learning_rate_D': -4.773847023641158, 'log_learning_rate_D_dagger': -1.7029084984753462, 'training_batch_size': 10, 'training_p': 8}. Best is trial 8 with value: 0.0455283485352993.
Time for this trial:  155.45630359649658
Memory status after this trial: 
Memory allocated:  101.40087890625
Memory cached:  116.0
--------------------  Trial  20   --------------------
Start timing: 
Parameters: 
{'W_layers': 7, 'W_layer_units_exponent_0': 9, 'W_layer_units_exponent_1': 9, 'W_layer_units_exponent_2': 6, 'W_layer_units_exponent_3': 5, 'W_layer_units_exponent_4': 5, 'W_layer_units_exponent_5': 7, 'W_layer_units_exponent_6': 8, 'D_layers': 3, 'D_layer_units_exponent_0': 4, 'D_layer_units_exponent_1': 4, 'D_layer_units_exponent_2': 8, 'D_dagger_layers': 3, 'D_dagger_layer_units_exponent_0': 6, 'D_dagger_layer_units_exponent_1': 6, 'D_dagger_layer_units_exponent_2': 10, 'log_learning_rate': -3.2365425949952082, 'log_learning_rate_D': -2.758487872142733, 'log_learning_rate_D_dagger': -2.265110184301547, 'training_batch_size': 11, 'training_p': 6}
	 epoch  0 training error:  tensor(0.9216, device='cuda:0', grad_fn=<DivBackward0>)
Memory status after this epoch: 
Memory allocated:  6.44580078125
Memory cached:  116.0
	 epoch  10 training error:  tensor(0.8386, device='cuda:0', grad_fn=<DivBackward0>)
Memory status after this epoch: 
Memory allocated:  6.44580078125
Memory cached:  132.0
	 epoch  20 training error:  tensor(0.9518, device='cuda:0', grad_fn=<DivBackward0>)
Memory status after this epoch: 
Memory allocated:  6.44580078125
Memory cached:  142.0
	 epoch  30 training error:  tensor(0.8966, device='cuda:0', grad_fn=<DivBackward0>)
Memory status after this epoch: 
Memory allocated:  6.44580078125
Memory cached:  140.0
	 epoch  40 training error:  tensor(0.9083, device='cuda:0', grad_fn=<DivBackward0>)
Memory status after this epoch: 
Memory allocated:  6.44580078125
Memory cached:  140.0
	 epoch  50 training error:  tensor(0.9042, device='cuda:0', grad_fn=<DivBackward0>)
Memory status after this epoch: 
Memory allocated:  6.44580078125
Memory cached:  142.0
	 epoch  60 training error:  tensor(0.9027, device='cuda:0', grad_fn=<DivBackward0>)
Memory status after this epoch: 
Memory allocated:  6.44580078125
Memory cached:  144.0
	 epoch  70 training error:  tensor(0.9025, device='cuda:0', grad_fn=<DivBackward0>)
Memory status after this epoch: 
Memory allocated:  6.44580078125
Memory cached:  140.0
	 epoch  80 training error:  tensor(0.9025, device='cuda:0', grad_fn=<DivBackward0>)
Memory status after this epoch: 
Memory allocated:  6.44580078125
Memory cached:  140.0
	 epoch  90 training error:  tensor(0.9031, device='cuda:0', grad_fn=<DivBackward0>)
Memory status after this epoch: 
Memory allocated:  6.44580078125
Memory cached:  134.0
[I 2023-11-22 11:01:19,282] Trial 20 finished with value: 0.8245105743408203 and parameters: {'W_layers': 7, 'W_layer_units_exponent_0': 9, 'W_layer_units_exponent_1': 9, 'W_layer_units_exponent_2': 6, 'W_layer_units_exponent_3': 5, 'W_layer_units_exponent_4': 5, 'W_layer_units_exponent_5': 7, 'W_layer_units_exponent_6': 8, 'D_layers': 3, 'D_layer_units_exponent_0': 4, 'D_layer_units_exponent_1': 4, 'D_layer_units_exponent_2': 8, 'D_dagger_layers': 3, 'D_dagger_layer_units_exponent_0': 6, 'D_dagger_layer_units_exponent_1': 6, 'D_dagger_layer_units_exponent_2': 10, 'log_learning_rate': -3.2365425949952082, 'log_learning_rate_D': -2.758487872142733, 'log_learning_rate_D_dagger': -2.265110184301547, 'training_batch_size': 11, 'training_p': 6}. Best is trial 8 with value: 0.0455283485352993.
Time for this trial:  171.1345829963684
Memory status after this trial: 
Memory allocated:  117.52197265625
Memory cached:  122.0
--------------------  Trial  21   --------------------
Start timing: 
Parameters: 
{'W_layers': 4, 'W_layer_units_exponent_0': 9, 'W_layer_units_exponent_1': 7, 'W_layer_units_exponent_2': 4, 'W_layer_units_exponent_3': 6, 'D_layers': 4, 'D_layer_units_exponent_0': 6, 'D_layer_units_exponent_1': 5, 'D_layer_units_exponent_2': 6, 'D_layer_units_exponent_3': 7, 'D_dagger_layers': 4, 'D_dagger_layer_units_exponent_0': 8, 'D_dagger_layer_units_exponent_1': 10, 'D_dagger_layer_units_exponent_2': 8, 'D_dagger_layer_units_exponent_3': 7, 'log_learning_rate': -3.2218368075073593, 'log_learning_rate_D': -3.5428155068029237, 'log_learning_rate_D_dagger': -2.8512969690896792, 'training_batch_size': 10, 'training_p': 6}
	 epoch  0 training error:  tensor(1.0235, device='cuda:0', grad_fn=<DivBackward0>)
Memory status after this epoch: 
Memory allocated:  9.92236328125
Memory cached:  116.0
	 epoch  10 training error:  tensor(0.1325, device='cuda:0', grad_fn=<DivBackward0>)
Memory status after this epoch: 
Memory allocated:  9.92236328125
Memory cached:  132.0
	 epoch  20 training error:  tensor(0.1146, device='cuda:0', grad_fn=<DivBackward0>)
Memory status after this epoch: 
Memory allocated:  9.92236328125
Memory cached:  134.0
	 epoch  30 training error:  tensor(0.0924, device='cuda:0', grad_fn=<DivBackward0>)
Memory status after this epoch: 
Memory allocated:  9.92236328125
Memory cached:  132.0
	 epoch  40 training error:  tensor(0.0936, device='cuda:0', grad_fn=<DivBackward0>)
Memory status after this epoch: 
Memory allocated:  9.92236328125
Memory cached:  128.0
	 epoch  50 training error:  tensor(0.0940, device='cuda:0', grad_fn=<DivBackward0>)
Memory status after this epoch: 
Memory allocated:  9.92236328125
Memory cached:  130.0
	 epoch  60 training error:  tensor(0.0897, device='cuda:0', grad_fn=<DivBackward0>)
Memory status after this epoch: 
Memory allocated:  9.92236328125
Memory cached:  126.0
	 epoch  70 training error:  tensor(0.0898, device='cuda:0', grad_fn=<DivBackward0>)
Memory status after this epoch: 
Memory allocated:  9.92236328125
Memory cached:  132.0
	 epoch  80 training error:  tensor(0.0904, device='cuda:0', grad_fn=<DivBackward0>)
Memory status after this epoch: 
Memory allocated:  9.92236328125
Memory cached:  136.0
	 epoch  90 training error:  tensor(0.0887, device='cuda:0', grad_fn=<DivBackward0>)
Memory status after this epoch: 
Memory allocated:  9.92236328125
Memory cached:  128.0
[I 2023-11-22 11:04:01,182] Trial 21 finished with value: 0.07559509575366974 and parameters: {'W_layers': 4, 'W_layer_units_exponent_0': 9, 'W_layer_units_exponent_1': 7, 'W_layer_units_exponent_2': 4, 'W_layer_units_exponent_3': 6, 'D_layers': 4, 'D_layer_units_exponent_0': 6, 'D_layer_units_exponent_1': 5, 'D_layer_units_exponent_2': 6, 'D_layer_units_exponent_3': 7, 'D_dagger_layers': 4, 'D_dagger_layer_units_exponent_0': 8, 'D_dagger_layer_units_exponent_1': 10, 'D_dagger_layer_units_exponent_2': 8, 'D_dagger_layer_units_exponent_3': 7, 'log_learning_rate': -3.2218368075073593, 'log_learning_rate_D': -3.5428155068029237, 'log_learning_rate_D_dagger': -2.8512969690896792, 'training_batch_size': 10, 'training_p': 6}. Best is trial 8 with value: 0.0455283485352993.
Time for this trial:  161.6574411392212
Memory status after this trial: 
Memory allocated:  107.5439453125
Memory cached:  114.0
--------------------  Trial  22   --------------------
Start timing: 
Parameters: 
{'W_layers': 4, 'W_layer_units_exponent_0': 8, 'W_layer_units_exponent_1': 7, 'W_layer_units_exponent_2': 4, 'W_layer_units_exponent_3': 7, 'D_layers': 4, 'D_layer_units_exponent_0': 5, 'D_layer_units_exponent_1': 5, 'D_layer_units_exponent_2': 6, 'D_layer_units_exponent_3': 8, 'D_dagger_layers': 4, 'D_dagger_layer_units_exponent_0': 8, 'D_dagger_layer_units_exponent_1': 10, 'D_dagger_layer_units_exponent_2': 7, 'D_dagger_layer_units_exponent_3': 6, 'log_learning_rate': -3.680250499302007, 'log_learning_rate_D': -2.119347920612989, 'log_learning_rate_D_dagger': -2.907651561833313, 'training_batch_size': 9, 'training_p': 4}
	 epoch  0 training error:  tensor(0.7309, device='cuda:0', grad_fn=<DivBackward0>)
Memory status after this epoch: 
Memory allocated:  7.16650390625
Memory cached:  104.0
	 epoch  10 training error:  tensor(0.1472, device='cuda:0', grad_fn=<DivBackward0>)
Memory status after this epoch: 
Memory allocated:  7.16650390625
Memory cached:  124.0
	 epoch  20 training error:  tensor(0.0985, device='cuda:0', grad_fn=<DivBackward0>)
Memory status after this epoch: 
Memory allocated:  7.16650390625
Memory cached:  118.0
	 epoch  30 training error:  tensor(0.0783, device='cuda:0', grad_fn=<DivBackward0>)
Memory status after this epoch: 
Memory allocated:  7.16650390625
Memory cached:  128.0
	 epoch  40 training error:  tensor(0.1006, device='cuda:0', grad_fn=<DivBackward0>)
Memory status after this epoch: 
Memory allocated:  7.16650390625
Memory cached:  124.0
	 epoch  50 training error:  tensor(0.0812, device='cuda:0', grad_fn=<DivBackward0>)
Memory status after this epoch: 
Memory allocated:  7.16650390625
Memory cached:  124.0
	 epoch  60 training error:  tensor(0.0742, device='cuda:0', grad_fn=<DivBackward0>)
Memory status after this epoch: 
Memory allocated:  7.16650390625
Memory cached:  124.0
	 epoch  70 training error:  tensor(0.0715, device='cuda:0', grad_fn=<DivBackward0>)
Memory status after this epoch: 
Memory allocated:  7.16650390625
Memory cached:  122.0
	 epoch  80 training error:  tensor(0.0713, device='cuda:0', grad_fn=<DivBackward0>)
Memory status after this epoch: 
Memory allocated:  7.16650390625
Memory cached:  122.0
	 epoch  90 training error:  tensor(0.0721, device='cuda:0', grad_fn=<DivBackward0>)
Memory status after this epoch: 
Memory allocated:  7.16650390625
Memory cached:  122.0
[I 2023-11-22 11:06:42,197] Trial 22 finished with value: 0.06193483993411064 and parameters: {'W_layers': 4, 'W_layer_units_exponent_0': 8, 'W_layer_units_exponent_1': 7, 'W_layer_units_exponent_2': 4, 'W_layer_units_exponent_3': 7, 'D_layers': 4, 'D_layer_units_exponent_0': 5, 'D_layer_units_exponent_1': 5, 'D_layer_units_exponent_2': 6, 'D_layer_units_exponent_3': 8, 'D_dagger_layers': 4, 'D_dagger_layer_units_exponent_0': 8, 'D_dagger_layer_units_exponent_1': 10, 'D_dagger_layer_units_exponent_2': 7, 'D_dagger_layer_units_exponent_3': 6, 'log_learning_rate': -3.680250499302007, 'log_learning_rate_D': -2.119347920612989, 'log_learning_rate_D_dagger': -2.907651561833313, 'training_batch_size': 9, 'training_p': 4}. Best is trial 8 with value: 0.0455283485352993.
Time for this trial:  160.7702076435089
Memory status after this trial: 
Memory allocated:  95.14306640625
Memory cached:  104.0
--------------------  Trial  23   --------------------
Start timing: 
Parameters: 
{'W_layers': 5, 'W_layer_units_exponent_0': 8, 'W_layer_units_exponent_1': 7, 'W_layer_units_exponent_2': 5, 'W_layer_units_exponent_3': 7, 'W_layer_units_exponent_4': 8, 'D_layers': 5, 'D_layer_units_exponent_0': 5, 'D_layer_units_exponent_1': 4, 'D_layer_units_exponent_2': 7, 'D_layer_units_exponent_3': 8, 'D_layer_units_exponent_4': 8, 'D_dagger_layers': 5, 'D_dagger_layer_units_exponent_0': 9, 'D_dagger_layer_units_exponent_1': 8, 'D_dagger_layer_units_exponent_2': 6, 'D_dagger_layer_units_exponent_3': 4, 'D_dagger_layer_units_exponent_4': 4, 'log_learning_rate': -2.686566469856376, 'log_learning_rate_D': -2.0671222704441927, 'log_learning_rate_D_dagger': -2.1962591481611997, 'training_batch_size': 9, 'training_p': 4}
	 epoch  0 training error:  tensor(1., device='cuda:0', grad_fn=<DivBackward0>)
Memory status after this epoch: 
Memory allocated:  5.12744140625
Memory cached:  88.0
	 epoch  10 training error:  tensor(1., device='cuda:0', grad_fn=<DivBackward0>)
Memory status after this epoch: 
Memory allocated:  5.12744140625
Memory cached:  106.0
	 epoch  20 training error:  tensor(1., device='cuda:0', grad_fn=<DivBackward0>)
Memory status after this epoch: 
Memory allocated:  5.12744140625
Memory cached:  114.0
	 epoch  30 training error:  tensor(1., device='cuda:0', grad_fn=<DivBackward0>)
Memory status after this epoch: 
Memory allocated:  5.12744140625
Memory cached:  106.0
	 epoch  40 training error:  tensor(1., device='cuda:0', grad_fn=<DivBackward0>)
Memory status after this epoch: 
Memory allocated:  5.12744140625
Memory cached:  104.0
	 epoch  50 training error:  tensor(1., device='cuda:0', grad_fn=<DivBackward0>)
Memory status after this epoch: 
Memory allocated:  5.12744140625
Memory cached:  112.0
	 epoch  60 training error:  tensor(1., device='cuda:0', grad_fn=<DivBackward0>)
Memory status after this epoch: 
Memory allocated:  5.12744140625
Memory cached:  108.0
	 epoch  70 training error:  tensor(1., device='cuda:0', grad_fn=<DivBackward0>)
Memory status after this epoch: 
Memory allocated:  5.12744140625
Memory cached:  104.0
	 epoch  80 training error:  tensor(1., device='cuda:0', grad_fn=<DivBackward0>)
Memory status after this epoch: 
Memory allocated:  5.12744140625
Memory cached:  110.0
	 epoch  90 training error:  tensor(1., device='cuda:0', grad_fn=<DivBackward0>)
Memory status after this epoch: 
Memory allocated:  5.12744140625
Memory cached:  116.0
[I 2023-11-22 11:09:44,858] Trial 23 finished with value: 1.0 and parameters: {'W_layers': 5, 'W_layer_units_exponent_0': 8, 'W_layer_units_exponent_1': 7, 'W_layer_units_exponent_2': 5, 'W_layer_units_exponent_3': 7, 'W_layer_units_exponent_4': 8, 'D_layers': 5, 'D_layer_units_exponent_0': 5, 'D_layer_units_exponent_1': 4, 'D_layer_units_exponent_2': 7, 'D_layer_units_exponent_3': 8, 'D_layer_units_exponent_4': 8, 'D_dagger_layers': 5, 'D_dagger_layer_units_exponent_0': 9, 'D_dagger_layer_units_exponent_1': 8, 'D_dagger_layer_units_exponent_2': 6, 'D_dagger_layer_units_exponent_3': 4, 'D_dagger_layer_units_exponent_4': 4, 'log_learning_rate': -2.686566469856376, 'log_learning_rate_D': -2.0671222704441927, 'log_learning_rate_D_dagger': -2.1962591481611997, 'training_batch_size': 9, 'training_p': 4}. Best is trial 8 with value: 0.0455283485352993.
Time for this trial:  182.41500210762024
Memory status after this trial: 
Memory allocated:  93.02978515625
Memory cached:  100.0
--------------------  Trial  24   --------------------
Start timing: 
Parameters: 
{'W_layers': 5, 'W_layer_units_exponent_0': 8, 'W_layer_units_exponent_1': 8, 'W_layer_units_exponent_2': 4, 'W_layer_units_exponent_3': 7, 'W_layer_units_exponent_4': 5, 'D_layers': 3, 'D_layer_units_exponent_0': 5, 'D_layer_units_exponent_1': 7, 'D_layer_units_exponent_2': 5, 'D_dagger_layers': 3, 'D_dagger_layer_units_exponent_0': 7, 'D_dagger_layer_units_exponent_1': 10, 'D_dagger_layer_units_exponent_2': 7, 'log_learning_rate': -4.033251822671671, 'log_learning_rate_D': -1.6665797930143964, 'log_learning_rate_D_dagger': -3.0691476330815606, 'training_batch_size': 8, 'training_p': 3}
	 epoch  0 training error:  tensor(1., device='cuda:0', grad_fn=<DivBackward0>)
Memory status after this epoch: 
Memory allocated:  5.45361328125
Memory cached:  96.0
	 epoch  10 training error:  tensor(1., device='cuda:0', grad_fn=<DivBackward0>)
Memory status after this epoch: 
Memory allocated:  5.45361328125
Memory cached:  112.0
	 epoch  20 training error:  tensor(1., device='cuda:0', grad_fn=<DivBackward0>)
Memory status after this epoch: 
Memory allocated:  5.45361328125
Memory cached:  102.0
	 epoch  30 training error:  tensor(1., device='cuda:0', grad_fn=<DivBackward0>)
Memory status after this epoch: 
Memory allocated:  5.45361328125
Memory cached:  106.0
	 epoch  40 training error:  tensor(1., device='cuda:0', grad_fn=<DivBackward0>)
Memory status after this epoch: 
Memory allocated:  5.45361328125
Memory cached:  118.0
	 epoch  50 training error:  tensor(1., device='cuda:0', grad_fn=<DivBackward0>)
Memory status after this epoch: 
Memory allocated:  5.45361328125
Memory cached:  116.0
	 epoch  60 training error:  tensor(1., device='cuda:0', grad_fn=<DivBackward0>)
Memory status after this epoch: 
Memory allocated:  5.45361328125
Memory cached:  110.0
	 epoch  70 training error:  tensor(1., device='cuda:0', grad_fn=<DivBackward0>)
Memory status after this epoch: 
Memory allocated:  5.45361328125
Memory cached:  114.0
	 epoch  80 training error:  tensor(1., device='cuda:0', grad_fn=<DivBackward0>)
Memory status after this epoch: 
Memory allocated:  5.45361328125
Memory cached:  108.0
	 epoch  90 training error:  tensor(1., device='cuda:0', grad_fn=<DivBackward0>)
Memory status after this epoch: 
Memory allocated:  5.45361328125
Memory cached:  108.0
