[I 2023-11-29 01:47:43,299] Trial 4 finished with value: 9.103761672973633 and parameters: {'W_layers': 8, 'W_layer_units_exponent_0': 10, 'W_layer_units_exponent_1': 6, 'W_layer_units_exponent_2': 4, 'W_layer_units_exponent_3': 6, 'W_layer_units_exponent_4': 9, 'W_layer_units_exponent_5': 4, 'W_layer_units_exponent_6': 5, 'W_layer_units_exponent_7': 7, 'D_layers': 8, 'D_layer_units_exponent_0': 9, 'D_layer_units_exponent_1': 10, 'D_layer_units_exponent_2': 7, 'D_layer_units_exponent_3': 10, 'D_layer_units_exponent_4': 7, 'D_layer_units_exponent_5': 9, 'D_layer_units_exponent_6': 5, 'D_layer_units_exponent_7': 9, 'D_dagger_layers': 6, 'D_dagger_layer_units_exponent_0': 5, 'D_dagger_layer_units_exponent_1': 10, 'D_dagger_layer_units_exponent_2': 6, 'D_dagger_layer_units_exponent_3': 5, 'D_dagger_layer_units_exponent_4': 6, 'D_dagger_layer_units_exponent_5': 9, 'log_learning_rate': -2.54188895570736, 'log_learning_rate_D': -2.4531803161593086, 'log_learning_rate_D_dagger': -3.5663304360301913, 'training_batch_size': 11, 'training_p': 5}. Best is trial 3 with value: 2.044386625289917.
Time for this trial:  433.6090052127838
Memory status after this trial: 
Memory allocated:  413.41015625
Memory cached:  436.0
--------------------  Trial  5   --------------------
Start timing: 
Parameters: 
{'W_layers': 4, 'W_layer_units_exponent_0': 5, 'W_layer_units_exponent_1': 9, 'W_layer_units_exponent_2': 10, 'W_layer_units_exponent_3': 9, 'D_layers': 8, 'D_layer_units_exponent_0': 5, 'D_layer_units_exponent_1': 6, 'D_layer_units_exponent_2': 7, 'D_layer_units_exponent_3': 6, 'D_layer_units_exponent_4': 6, 'D_layer_units_exponent_5': 6, 'D_layer_units_exponent_6': 9, 'D_layer_units_exponent_7': 8, 'D_dagger_layers': 4, 'D_dagger_layer_units_exponent_0': 8, 'D_dagger_layer_units_exponent_1': 7, 'D_dagger_layer_units_exponent_2': 9, 'D_dagger_layer_units_exponent_3': 10, 'log_learning_rate': -4.472194197232751, 'log_learning_rate_D': -3.2664092752766627, 'log_learning_rate_D_dagger': -3.2643705410954533, 'training_batch_size': 10, 'training_p': 4}
	 epoch  0 training error:  tensor(4.1630, device='cuda:0', grad_fn=<DivBackward0>)
Memory status after this epoch: 
Memory allocated:  29.12646484375
Memory cached:  190.0
	 epoch  10 training error:  tensor(6.8543, device='cuda:0', grad_fn=<DivBackward0>)
Memory status after this epoch: 
Memory allocated:  29.12646484375
Memory cached:  370.0
	 epoch  20 training error:  tensor(7.4777, device='cuda:0', grad_fn=<DivBackward0>)
Memory status after this epoch: 
Memory allocated:  29.12646484375
Memory cached:  346.0
	 epoch  30 training error:  tensor(5.4946, device='cuda:0', grad_fn=<DivBackward0>)
Memory status after this epoch: 
Memory allocated:  29.12646484375
Memory cached:  354.0
	 epoch  40 training error:  tensor(4.0483, device='cuda:0', grad_fn=<DivBackward0>)
Memory status after this epoch: 
Memory allocated:  29.12646484375
Memory cached:  344.0
	 epoch  50 training error:  tensor(3.9555, device='cuda:0', grad_fn=<DivBackward0>)
Memory status after this epoch: 
Memory allocated:  29.12646484375
Memory cached:  358.0
	 epoch  60 training error:  tensor(5.0536, device='cuda:0', grad_fn=<DivBackward0>)
Memory status after this epoch: 
Memory allocated:  29.12646484375
Memory cached:  360.0
	 epoch  70 training error:  tensor(4.8999, device='cuda:0', grad_fn=<DivBackward0>)
Memory status after this epoch: 
Memory allocated:  29.12646484375
Memory cached:  350.0
	 epoch  80 training error:  tensor(4.8017, device='cuda:0', grad_fn=<DivBackward0>)
Memory status after this epoch: 
Memory allocated:  29.12646484375
Memory cached:  348.0
	 epoch  90 training error:  tensor(4.6677, device='cuda:0', grad_fn=<DivBackward0>)
Memory status after this epoch: 
Memory allocated:  29.12646484375
Memory cached:  346.0
[I 2023-11-29 01:53:15,628] Trial 5 finished with value: 5.741950035095215 and parameters: {'W_layers': 4, 'W_layer_units_exponent_0': 5, 'W_layer_units_exponent_1': 9, 'W_layer_units_exponent_2': 10, 'W_layer_units_exponent_3': 9, 'D_layers': 8, 'D_layer_units_exponent_0': 5, 'D_layer_units_exponent_1': 6, 'D_layer_units_exponent_2': 7, 'D_layer_units_exponent_3': 6, 'D_layer_units_exponent_4': 6, 'D_layer_units_exponent_5': 6, 'D_layer_units_exponent_6': 9, 'D_layer_units_exponent_7': 8, 'D_dagger_layers': 4, 'D_dagger_layer_units_exponent_0': 8, 'D_dagger_layer_units_exponent_1': 7, 'D_dagger_layer_units_exponent_2': 9, 'D_dagger_layer_units_exponent_3': 10, 'log_learning_rate': -4.472194197232751, 'log_learning_rate_D': -3.2664092752766627, 'log_learning_rate_D_dagger': -3.2643705410954533, 'training_batch_size': 10, 'training_p': 4}. Best is trial 3 with value: 2.044386625289917.
Time for this trial:  332.1046578884125
Memory status after this trial: 
Memory allocated:  295.7314453125
Memory cached:  308.0
--------------------  Trial  6   --------------------
Start timing: 
Parameters: 
{'W_layers': 8, 'W_layer_units_exponent_0': 5, 'W_layer_units_exponent_1': 7, 'W_layer_units_exponent_2': 8, 'W_layer_units_exponent_3': 5, 'W_layer_units_exponent_4': 8, 'W_layer_units_exponent_5': 7, 'W_layer_units_exponent_6': 6, 'W_layer_units_exponent_7': 5, 'D_layers': 7, 'D_layer_units_exponent_0': 10, 'D_layer_units_exponent_1': 7, 'D_layer_units_exponent_2': 9, 'D_layer_units_exponent_3': 5, 'D_layer_units_exponent_4': 10, 'D_layer_units_exponent_5': 9, 'D_layer_units_exponent_6': 9, 'D_dagger_layers': 3, 'D_dagger_layer_units_exponent_0': 10, 'D_dagger_layer_units_exponent_1': 5, 'D_dagger_layer_units_exponent_2': 5, 'log_learning_rate': -2.157518950603288, 'log_learning_rate_D': -2.8371855697601696, 'log_learning_rate_D_dagger': -3.61559856293953, 'training_batch_size': 12, 'training_p': 2}
	 epoch  0 training error:  tensor(1.1578, device='cuda:0', grad_fn=<DivBackward0>)
Memory status after this epoch: 
Memory allocated:  18.29541015625
Memory cached:  190.0
	 epoch  10 training error:  tensor(1.2329, device='cuda:0', grad_fn=<DivBackward0>)
Memory status after this epoch: 
Memory allocated:  18.29541015625
Memory cached:  368.0
	 epoch  20 training error:  tensor(1.5396, device='cuda:0', grad_fn=<DivBackward0>)
Memory status after this epoch: 
Memory allocated:  18.29541015625
Memory cached:  368.0
	 epoch  30 training error:  tensor(1.5195, device='cuda:0', grad_fn=<DivBackward0>)
Memory status after this epoch: 
Memory allocated:  18.29541015625
Memory cached:  358.0
	 epoch  40 training error:  tensor(1.4198, device='cuda:0', grad_fn=<DivBackward0>)
Memory status after this epoch: 
Memory allocated:  18.29541015625
Memory cached:  362.0
	 epoch  50 training error:  tensor(1.4731, device='cuda:0', grad_fn=<DivBackward0>)
Memory status after this epoch: 
Memory allocated:  18.29541015625
Memory cached:  356.0
	 epoch  60 training error:  tensor(1.5516, device='cuda:0', grad_fn=<DivBackward0>)
Memory status after this epoch: 
Memory allocated:  18.29541015625
Memory cached:  370.0
	 epoch  70 training error:  tensor(1.5118, device='cuda:0', grad_fn=<DivBackward0>)
Memory status after this epoch: 
Memory allocated:  18.29541015625
Memory cached:  362.0
	 epoch  80 training error:  tensor(1.6304, device='cuda:0', grad_fn=<DivBackward0>)
Memory status after this epoch: 
Memory allocated:  18.29541015625
Memory cached:  370.0
	 epoch  90 training error:  tensor(1.4327, device='cuda:0', grad_fn=<DivBackward0>)
Memory status after this epoch: 
Memory allocated:  18.29541015625
Memory cached:  362.0
[I 2023-11-29 01:59:19,353] Trial 6 finished with value: 1.6440120935440063 and parameters: {'W_layers': 8, 'W_layer_units_exponent_0': 5, 'W_layer_units_exponent_1': 7, 'W_layer_units_exponent_2': 8, 'W_layer_units_exponent_3': 5, 'W_layer_units_exponent_4': 8, 'W_layer_units_exponent_5': 7, 'W_layer_units_exponent_6': 6, 'W_layer_units_exponent_7': 5, 'D_layers': 7, 'D_layer_units_exponent_0': 10, 'D_layer_units_exponent_1': 7, 'D_layer_units_exponent_2': 9, 'D_layer_units_exponent_3': 5, 'D_layer_units_exponent_4': 10, 'D_layer_units_exponent_5': 9, 'D_layer_units_exponent_6': 9, 'D_dagger_layers': 3, 'D_dagger_layer_units_exponent_0': 10, 'D_dagger_layer_units_exponent_1': 5, 'D_dagger_layer_units_exponent_2': 5, 'log_learning_rate': -2.157518950603288, 'log_learning_rate_D': -2.8371855697601696, 'log_learning_rate_D_dagger': -3.61559856293953, 'training_batch_size': 12, 'training_p': 2}. Best is trial 6 with value: 1.6440120935440063.
Time for this trial:  363.53679060935974
Memory status after this trial: 
Memory allocated:  320.28125
Memory cached:  342.0
--------------------  Trial  7   --------------------
Start timing: 
Parameters: 
{'W_layers': 8, 'W_layer_units_exponent_0': 5, 'W_layer_units_exponent_1': 6, 'W_layer_units_exponent_2': 10, 'W_layer_units_exponent_3': 4, 'W_layer_units_exponent_4': 4, 'W_layer_units_exponent_5': 9, 'W_layer_units_exponent_6': 6, 'W_layer_units_exponent_7': 10, 'D_layers': 2, 'D_layer_units_exponent_0': 10, 'D_layer_units_exponent_1': 9, 'D_dagger_layers': 8, 'D_dagger_layer_units_exponent_0': 7, 'D_dagger_layer_units_exponent_1': 4, 'D_dagger_layer_units_exponent_2': 10, 'D_dagger_layer_units_exponent_3': 5, 'D_dagger_layer_units_exponent_4': 5, 'D_dagger_layer_units_exponent_5': 4, 'D_dagger_layer_units_exponent_6': 10, 'D_dagger_layer_units_exponent_7': 8, 'log_learning_rate': -3.604555479577895, 'log_learning_rate_D': -2.569838833589964, 'log_learning_rate_D_dagger': -3.275123912552055, 'training_batch_size': 10, 'training_p': 4}
	 epoch  0 training error:  tensor(32.4273, device='cuda:0', grad_fn=<DivBackward0>)
Memory status after this epoch: 
Memory allocated:  16.56884765625
Memory cached:  188.0
	 epoch  10 training error:  tensor(5.0581, device='cuda:0', grad_fn=<DivBackward0>)
Memory status after this epoch: 
Memory allocated:  16.56884765625
Memory cached:  354.0
	 epoch  20 training error:  tensor(9.9207, device='cuda:0', grad_fn=<DivBackward0>)
Memory status after this epoch: 
Memory allocated:  16.56884765625
Memory cached:  352.0
	 epoch  30 training error:  tensor(7.5012, device='cuda:0', grad_fn=<DivBackward0>)
Memory status after this epoch: 
Memory allocated:  16.56884765625
Memory cached:  368.0
	 epoch  40 training error:  tensor(6.2294, device='cuda:0', grad_fn=<DivBackward0>)
Memory status after this epoch: 
Memory allocated:  16.56884765625
Memory cached:  358.0
	 epoch  50 training error:  tensor(5.0439, device='cuda:0', grad_fn=<DivBackward0>)
Memory status after this epoch: 
Memory allocated:  16.56884765625
Memory cached:  358.0
	 epoch  60 training error:  tensor(4.8707, device='cuda:0', grad_fn=<DivBackward0>)
Memory status after this epoch: 
Memory allocated:  16.56884765625
Memory cached:  352.0
	 epoch  70 training error:  tensor(4.4143, device='cuda:0', grad_fn=<DivBackward0>)
Memory status after this epoch: 
Memory allocated:  16.56884765625
Memory cached:  346.0
	 epoch  80 training error:  tensor(3.9660, device='cuda:0', grad_fn=<DivBackward0>)
Memory status after this epoch: 
Memory allocated:  16.56884765625
Memory cached:  344.0
	 epoch  90 training error:  tensor(3.8412, device='cuda:0', grad_fn=<DivBackward0>)
Memory status after this epoch: 
Memory allocated:  16.56884765625
Memory cached:  360.0
[I 2023-11-29 02:05:31,622] Trial 7 finished with value: 4.179859161376953 and parameters: {'W_layers': 8, 'W_layer_units_exponent_0': 5, 'W_layer_units_exponent_1': 6, 'W_layer_units_exponent_2': 10, 'W_layer_units_exponent_3': 4, 'W_layer_units_exponent_4': 4, 'W_layer_units_exponent_5': 9, 'W_layer_units_exponent_6': 6, 'W_layer_units_exponent_7': 10, 'D_layers': 2, 'D_layer_units_exponent_0': 10, 'D_layer_units_exponent_1': 9, 'D_dagger_layers': 8, 'D_dagger_layer_units_exponent_0': 7, 'D_dagger_layer_units_exponent_1': 4, 'D_dagger_layer_units_exponent_2': 10, 'D_dagger_layer_units_exponent_3': 5, 'D_dagger_layer_units_exponent_4': 5, 'D_dagger_layer_units_exponent_5': 4, 'D_dagger_layer_units_exponent_6': 10, 'D_dagger_layer_units_exponent_7': 8, 'log_learning_rate': -3.604555479577895, 'log_learning_rate_D': -2.569838833589964, 'log_learning_rate_D_dagger': -3.275123912552055, 'training_batch_size': 10, 'training_p': 4}. Best is trial 6 with value: 1.6440120935440063.
Time for this trial:  372.0799787044525
Memory status after this trial: 
Memory allocated:  378.67626953125
Memory cached:  400.0
--------------------  Trial  8   --------------------
Start timing: 
Parameters: 
{'W_layers': 3, 'W_layer_units_exponent_0': 6, 'W_layer_units_exponent_1': 6, 'W_layer_units_exponent_2': 4, 'D_layers': 4, 'D_layer_units_exponent_0': 4, 'D_layer_units_exponent_1': 4, 'D_layer_units_exponent_2': 9, 'D_layer_units_exponent_3': 10, 'D_dagger_layers': 2, 'D_dagger_layer_units_exponent_0': 5, 'D_dagger_layer_units_exponent_1': 7, 'log_learning_rate': -3.125898116557682, 'log_learning_rate_D': -3.732113022757302, 'log_learning_rate_D_dagger': -1.09611106904201, 'training_batch_size': 8, 'training_p': 5}
	 epoch  0 training error:  tensor(1., device='cuda:0', grad_fn=<DivBackward0>)
Memory status after this epoch: 
Memory allocated:  8.5478515625
Memory cached:  138.0
	 epoch  10 training error:  tensor(1., device='cuda:0', grad_fn=<DivBackward0>)
Memory status after this epoch: 
Memory allocated:  8.5478515625
Memory cached:  208.0
	 epoch  20 training error:  tensor(1., device='cuda:0', grad_fn=<DivBackward0>)
Memory status after this epoch: 
Memory allocated:  8.5478515625
Memory cached:  210.0
	 epoch  30 training error:  tensor(1., device='cuda:0', grad_fn=<DivBackward0>)
Memory status after this epoch: 
Memory allocated:  8.5478515625
Memory cached:  202.0
	 epoch  40 training error:  tensor(1., device='cuda:0', grad_fn=<DivBackward0>)
Memory status after this epoch: 
Memory allocated:  8.5478515625
Memory cached:  196.0
	 epoch  50 training error:  tensor(1., device='cuda:0', grad_fn=<DivBackward0>)
Memory status after this epoch: 
Memory allocated:  8.5478515625
Memory cached:  204.0
	 epoch  60 training error:  tensor(1., device='cuda:0', grad_fn=<DivBackward0>)
Memory status after this epoch: 
Memory allocated:  8.5478515625
Memory cached:  208.0
	 epoch  70 training error:  tensor(1., device='cuda:0', grad_fn=<DivBackward0>)
Memory status after this epoch: 
Memory allocated:  8.5478515625
Memory cached:  204.0
	 epoch  80 training error:  tensor(1., device='cuda:0', grad_fn=<DivBackward0>)
Memory status after this epoch: 
Memory allocated:  8.5478515625
Memory cached:  214.0
	 epoch  90 training error:  tensor(1., device='cuda:0', grad_fn=<DivBackward0>)
Memory status after this epoch: 
Memory allocated:  8.5478515625
Memory cached:  214.0
[I 2023-11-29 02:09:00,925] Trial 8 finished with value: 1.0 and parameters: {'W_layers': 3, 'W_layer_units_exponent_0': 6, 'W_layer_units_exponent_1': 6, 'W_layer_units_exponent_2': 4, 'D_layers': 4, 'D_layer_units_exponent_0': 4, 'D_layer_units_exponent_1': 4, 'D_layer_units_exponent_2': 9, 'D_layer_units_exponent_3': 10, 'D_dagger_layers': 2, 'D_dagger_layer_units_exponent_0': 5, 'D_dagger_layer_units_exponent_1': 7, 'log_learning_rate': -3.125898116557682, 'log_learning_rate_D': -3.732113022757302, 'log_learning_rate_D_dagger': -1.09611106904201, 'training_batch_size': 8, 'training_p': 5}. Best is trial 8 with value: 1.0.
Time for this trial:  209.11341953277588
Memory status after this trial: 
Memory allocated:  106.41259765625
Memory cached:  152.0
--------------------  Trial  9   --------------------
Start timing: 
Parameters: 
{'W_layers': 3, 'W_layer_units_exponent_0': 8, 'W_layer_units_exponent_1': 6, 'W_layer_units_exponent_2': 10, 'D_layers': 5, 'D_layer_units_exponent_0': 9, 'D_layer_units_exponent_1': 5, 'D_layer_units_exponent_2': 7, 'D_layer_units_exponent_3': 10, 'D_layer_units_exponent_4': 5, 'D_dagger_layers': 7, 'D_dagger_layer_units_exponent_0': 6, 'D_dagger_layer_units_exponent_1': 8, 'D_dagger_layer_units_exponent_2': 4, 'D_dagger_layer_units_exponent_3': 10, 'D_dagger_layer_units_exponent_4': 7, 'D_dagger_layer_units_exponent_5': 8, 'D_dagger_layer_units_exponent_6': 6, 'log_learning_rate': -3.5094056117357013, 'log_learning_rate_D': -1.899646803033686, 'log_learning_rate_D_dagger': -4.1493571526826, 'training_batch_size': 6, 'training_p': 6}
	 epoch  0 training error:  tensor(23.2288, device='cuda:0', grad_fn=<DivBackward0>)
Memory status after this epoch: 
Memory allocated:  7.85546875
Memory cached:  170.0
	 epoch  10 training error:  tensor(24.8504, device='cuda:0', grad_fn=<DivBackward0>)
Memory status after this epoch: 
Memory allocated:  7.85546875
Memory cached:  280.0
	 epoch  20 training error:  tensor(24.4879, device='cuda:0', grad_fn=<DivBackward0>)
Memory status after this epoch: 
Memory allocated:  7.85546875
Memory cached:  266.0
	 epoch  30 training error:  tensor(31.1153, device='cuda:0', grad_fn=<DivBackward0>)
Memory status after this epoch: 
Memory allocated:  7.85546875
Memory cached:  282.0
	 epoch  40 training error:  tensor(33.3519, device='cuda:0', grad_fn=<DivBackward0>)
Memory status after this epoch: 
Memory allocated:  7.85546875
Memory cached:  278.0
	 epoch  50 training error:  tensor(26.9882, device='cuda:0', grad_fn=<DivBackward0>)
Memory status after this epoch: 
Memory allocated:  7.85546875
Memory cached:  288.0
	 epoch  60 training error:  tensor(24.7763, device='cuda:0', grad_fn=<DivBackward0>)
Memory status after this epoch: 
Memory allocated:  7.85546875
Memory cached:  274.0
	 epoch  70 training error:  tensor(27.1672, device='cuda:0', grad_fn=<DivBackward0>)
Memory status after this epoch: 
Memory allocated:  7.85546875
Memory cached:  282.0
	 epoch  80 training error:  tensor(24.8188, device='cuda:0', grad_fn=<DivBackward0>)
Memory status after this epoch: 
Memory allocated:  7.85546875
Memory cached:  284.0
	 epoch  90 training error:  tensor(23.8110, device='cuda:0', grad_fn=<DivBackward0>)
Memory status after this epoch: 
Memory allocated:  7.85546875
Memory cached:  268.0
[I 2023-11-29 02:18:53,423] Trial 9 finished with value: 18.27512550354004 and parameters: {'W_layers': 3, 'W_layer_units_exponent_0': 8, 'W_layer_units_exponent_1': 6, 'W_layer_units_exponent_2': 10, 'D_layers': 5, 'D_layer_units_exponent_0': 9, 'D_layer_units_exponent_1': 5, 'D_layer_units_exponent_2': 7, 'D_layer_units_exponent_3': 10, 'D_layer_units_exponent_4': 5, 'D_dagger_layers': 7, 'D_dagger_layer_units_exponent_0': 6, 'D_dagger_layer_units_exponent_1': 8, 'D_dagger_layer_units_exponent_2': 4, 'D_dagger_layer_units_exponent_3': 10, 'D_dagger_layer_units_exponent_4': 7, 'D_dagger_layer_units_exponent_5': 8, 'D_dagger_layer_units_exponent_6': 6, 'log_learning_rate': -3.5094056117357013, 'log_learning_rate_D': -1.899646803033686, 'log_learning_rate_D_dagger': -4.1493571526826, 'training_batch_size': 6, 'training_p': 6}. Best is trial 8 with value: 1.0.
Time for this trial:  592.3019104003906
Memory status after this trial: 
Memory allocated:  268.57861328125
Memory cached:  274.0
--------------------  Trial  10   --------------------
Start timing: 
Parameters: 
{'W_layers': 6, 'W_layer_units_exponent_0': 7, 'W_layer_units_exponent_1': 8, 'W_layer_units_exponent_2': 6, 'W_layer_units_exponent_3': 6, 'W_layer_units_exponent_4': 8, 'W_layer_units_exponent_5': 8, 'D_layers': 5, 'D_layer_units_exponent_0': 4, 'D_layer_units_exponent_1': 7, 'D_layer_units_exponent_2': 6, 'D_layer_units_exponent_3': 8, 'D_layer_units_exponent_4': 10, 'D_dagger_layers': 4, 'D_dagger_layer_units_exponent_0': 5, 'D_dagger_layer_units_exponent_1': 10, 'D_dagger_layer_units_exponent_2': 9, 'D_dagger_layer_units_exponent_3': 10, 'log_learning_rate': -3.7349278410343176, 'log_learning_rate_D': -2.7563071335275464, 'log_learning_rate_D_dagger': -2.4524372917261963, 'training_batch_size': 12, 'training_p': 8}
	 epoch  0 training error:  tensor(2.7396, device='cuda:0', grad_fn=<DivBackward0>)
Memory status after this epoch: 
Memory allocated:  23.4296875
Memory cached:  180.0
	 epoch  10 training error:  tensor(1.8757, device='cuda:0', grad_fn=<DivBackward0>)
Memory status after this epoch: 
Memory allocated:  23.4296875
Memory cached:  350.0
	 epoch  20 training error:  tensor(1.6712, device='cuda:0', grad_fn=<DivBackward0>)
Memory status after this epoch: 
Memory allocated:  23.4296875
Memory cached:  340.0
	 epoch  30 training error:  tensor(1.4621, device='cuda:0', grad_fn=<DivBackward0>)
Memory status after this epoch: 
Memory allocated:  23.4296875
Memory cached:  350.0
	 epoch  40 training error:  tensor(5.9826, device='cuda:0', grad_fn=<DivBackward0>)
Memory status after this epoch: 
Memory allocated:  23.4296875
Memory cached:  348.0
	 epoch  50 training error:  tensor(1., device='cuda:0', grad_fn=<DivBackward0>)
Memory status after this epoch: 
Memory allocated:  23.4296875
Memory cached:  350.0
	 epoch  60 training error:  tensor(1., device='cuda:0', grad_fn=<DivBackward0>)
Memory status after this epoch: 
Memory allocated:  23.4296875
Memory cached:  344.0
	 epoch  70 training error:  tensor(1., device='cuda:0', grad_fn=<DivBackward0>)
Memory status after this epoch: 
Memory allocated:  23.4296875
Memory cached:  348.0
	 epoch  80 training error:  tensor(1., device='cuda:0', grad_fn=<DivBackward0>)
Memory status after this epoch: 
Memory allocated:  23.4296875
Memory cached:  362.0
	 epoch  90 training error:  tensor(1., device='cuda:0', grad_fn=<DivBackward0>)
Memory status after this epoch: 
Memory allocated:  23.4296875
Memory cached:  366.0
