[I 2023-11-22 19:01:15,689] Trial 16 finished with value: 0.05076536163687706 and parameters: {'W_layers': 3, 'W_layer_units_exponent_0': 5, 'W_layer_units_exponent_1': 6, 'W_layer_units_exponent_2': 5, 'D_layers': 3, 'D_layer_units_exponent_0': 6, 'D_layer_units_exponent_1': 9, 'D_layer_units_exponent_2': 9, 'D_dagger_layers': 2, 'D_dagger_layer_units_exponent_0': 7, 'D_dagger_layer_units_exponent_1': 8, 'log_learning_rate': -1.5469316122792252, 'log_learning_rate_D': -4.489463711294786, 'log_learning_rate_D_dagger': -2.93536381598552, 'training_batch_size': 9, 'training_p': 5}. Best is trial 16 with value: 0.05076536163687706.
Time for this trial:  133.19563031196594
Memory status after this trial: 
Memory allocated:  63.98876953125
Memory cached:  90.0
--------------------  Trial  17   --------------------
Start timing: 
Parameters: 
{'W_layers': 3, 'W_layer_units_exponent_0': 5, 'W_layer_units_exponent_1': 6, 'W_layer_units_exponent_2': 6, 'D_layers': 3, 'D_layer_units_exponent_0': 6, 'D_layer_units_exponent_1': 9, 'D_layer_units_exponent_2': 8, 'D_dagger_layers': 2, 'D_dagger_layer_units_exponent_0': 7, 'D_dagger_layer_units_exponent_1': 8, 'log_learning_rate': -1.5656912132567078, 'log_learning_rate_D': -4.572292718794328, 'log_learning_rate_D_dagger': -2.9256890919451575, 'training_batch_size': 9, 'training_p': 5}
	 epoch  0 training error:  tensor(1.0675, device='cuda:0', grad_fn=<DivBackward0>)
Memory status after this epoch: 
Memory allocated:  3.27783203125
Memory cached:  80.0
	 epoch  10 training error:  tensor(0.7793, device='cuda:0', grad_fn=<DivBackward0>)
Memory status after this epoch: 
Memory allocated:  3.27783203125
Memory cached:  116.0
	 epoch  20 training error:  tensor(0.7495, device='cuda:0', grad_fn=<DivBackward0>)
Memory status after this epoch: 
Memory allocated:  3.27783203125
Memory cached:  112.0
	 epoch  30 training error:  tensor(0.7201, device='cuda:0', grad_fn=<DivBackward0>)
Memory status after this epoch: 
Memory allocated:  3.27783203125
Memory cached:  112.0
	 epoch  40 training error:  tensor(0.7139, device='cuda:0', grad_fn=<DivBackward0>)
Memory status after this epoch: 
Memory allocated:  3.27783203125
Memory cached:  108.0
	 epoch  50 training error:  tensor(0.6718, device='cuda:0', grad_fn=<DivBackward0>)
Memory status after this epoch: 
Memory allocated:  3.27783203125
Memory cached:  118.0
	 epoch  60 training error:  tensor(0.6576, device='cuda:0', grad_fn=<DivBackward0>)
Memory status after this epoch: 
Memory allocated:  3.27783203125
Memory cached:  108.0
	 epoch  70 training error:  tensor(0.6452, device='cuda:0', grad_fn=<DivBackward0>)
Memory status after this epoch: 
Memory allocated:  3.27783203125
Memory cached:  116.0
	 epoch  80 training error:  tensor(0.5624, device='cuda:0', grad_fn=<DivBackward0>)
Memory status after this epoch: 
Memory allocated:  3.27783203125
Memory cached:  116.0
	 epoch  90 training error:  tensor(0.5311, device='cuda:0', grad_fn=<DivBackward0>)
Memory status after this epoch: 
Memory allocated:  3.27783203125
Memory cached:  112.0
[I 2023-11-22 19:03:28,416] Trial 17 finished with value: 0.4867609143257141 and parameters: {'W_layers': 3, 'W_layer_units_exponent_0': 5, 'W_layer_units_exponent_1': 6, 'W_layer_units_exponent_2': 6, 'D_layers': 3, 'D_layer_units_exponent_0': 6, 'D_layer_units_exponent_1': 9, 'D_layer_units_exponent_2': 8, 'D_dagger_layers': 2, 'D_dagger_layer_units_exponent_0': 7, 'D_dagger_layer_units_exponent_1': 8, 'log_learning_rate': -1.5656912132567078, 'log_learning_rate_D': -4.572292718794328, 'log_learning_rate_D_dagger': -2.9256890919451575, 'training_batch_size': 9, 'training_p': 5}. Best is trial 16 with value: 0.05076536163687706.
Time for this trial:  132.52862191200256
Memory status after this trial: 
Memory allocated:  54.55322265625
Memory cached:  90.0
--------------------  Trial  18   --------------------
Start timing: 
Parameters: 
{'W_layers': 2, 'W_layer_units_exponent_0': 4, 'W_layer_units_exponent_1': 5, 'D_layers': 3, 'D_layer_units_exponent_0': 9, 'D_layer_units_exponent_1': 6, 'D_layer_units_exponent_2': 9, 'D_dagger_layers': 8, 'D_dagger_layer_units_exponent_0': 9, 'D_dagger_layer_units_exponent_1': 8, 'D_dagger_layer_units_exponent_2': 5, 'D_dagger_layer_units_exponent_3': 4, 'D_dagger_layer_units_exponent_4': 7, 'D_dagger_layer_units_exponent_5': 10, 'D_dagger_layer_units_exponent_6': 7, 'D_dagger_layer_units_exponent_7': 10, 'log_learning_rate': -1.0120004452520064, 'log_learning_rate_D': -4.9061046861099165, 'log_learning_rate_D_dagger': -2.8261402449509023, 'training_batch_size': 10, 'training_p': 7}
	 epoch  0 training error:  tensor(0.9999, device='cuda:0', grad_fn=<DivBackward0>)
Memory status after this epoch: 
Memory allocated:  9.52587890625
Memory cached:  114.0
	 epoch  10 training error:  tensor(0.3504, device='cuda:0', grad_fn=<DivBackward0>)
Memory status after this epoch: 
Memory allocated:  9.52587890625
Memory cached:  222.0
	 epoch  20 training error:  tensor(0.1780, device='cuda:0', grad_fn=<DivBackward0>)
Memory status after this epoch: 
Memory allocated:  9.52587890625
Memory cached:  236.0
	 epoch  30 training error:  tensor(0.1248, device='cuda:0', grad_fn=<DivBackward0>)
Memory status after this epoch: 
Memory allocated:  9.52587890625
Memory cached:  240.0
	 epoch  40 training error:  tensor(0.1236, device='cuda:0', grad_fn=<DivBackward0>)
Memory status after this epoch: 
Memory allocated:  9.52587890625
Memory cached:  238.0
	 epoch  50 training error:  tensor(0.0837, device='cuda:0', grad_fn=<DivBackward0>)
Memory status after this epoch: 
Memory allocated:  9.52587890625
Memory cached:  240.0
	 epoch  60 training error:  tensor(0.0806, device='cuda:0', grad_fn=<DivBackward0>)
Memory status after this epoch: 
Memory allocated:  9.52587890625
Memory cached:  246.0
	 epoch  70 training error:  tensor(0.0797, device='cuda:0', grad_fn=<DivBackward0>)
Memory status after this epoch: 
Memory allocated:  9.52587890625
Memory cached:  228.0
	 epoch  80 training error:  tensor(0.0816, device='cuda:0', grad_fn=<DivBackward0>)
Memory status after this epoch: 
Memory allocated:  9.52587890625
Memory cached:  214.0
	 epoch  90 training error:  tensor(0.0752, device='cuda:0', grad_fn=<DivBackward0>)
Memory status after this epoch: 
Memory allocated:  9.52587890625
Memory cached:  226.0
[I 2023-11-22 19:06:27,406] Trial 18 finished with value: 0.04977799579501152 and parameters: {'W_layers': 2, 'W_layer_units_exponent_0': 4, 'W_layer_units_exponent_1': 5, 'D_layers': 3, 'D_layer_units_exponent_0': 9, 'D_layer_units_exponent_1': 6, 'D_layer_units_exponent_2': 9, 'D_dagger_layers': 8, 'D_dagger_layer_units_exponent_0': 9, 'D_dagger_layer_units_exponent_1': 8, 'D_dagger_layer_units_exponent_2': 5, 'D_dagger_layer_units_exponent_3': 4, 'D_dagger_layer_units_exponent_4': 7, 'D_dagger_layer_units_exponent_5': 10, 'D_dagger_layer_units_exponent_6': 7, 'D_dagger_layer_units_exponent_7': 10, 'log_learning_rate': -1.0120004452520064, 'log_learning_rate_D': -4.9061046861099165, 'log_learning_rate_D_dagger': -2.8261402449509023, 'training_batch_size': 10, 'training_p': 7}. Best is trial 18 with value: 0.04977799579501152.
Time for this trial:  178.75877165794373
Memory status after this trial: 
Memory allocated:  167.68701171875
Memory cached:  186.0
--------------------  Trial  19   --------------------
Start timing: 
Parameters: 
{'W_layers': 3, 'W_layer_units_exponent_0': 4, 'W_layer_units_exponent_1': 5, 'W_layer_units_exponent_2': 5, 'D_layers': 3, 'D_layer_units_exponent_0': 9, 'D_layer_units_exponent_1': 6, 'D_layer_units_exponent_2': 9, 'D_dagger_layers': 8, 'D_dagger_layer_units_exponent_0': 9, 'D_dagger_layer_units_exponent_1': 8, 'D_dagger_layer_units_exponent_2': 6, 'D_dagger_layer_units_exponent_3': 4, 'D_dagger_layer_units_exponent_4': 7, 'D_dagger_layer_units_exponent_5': 10, 'D_dagger_layer_units_exponent_6': 7, 'D_dagger_layer_units_exponent_7': 10, 'log_learning_rate': -1.0256921023520689, 'log_learning_rate_D': -4.9899399432047815, 'log_learning_rate_D_dagger': -2.643532479807275, 'training_batch_size': 10, 'training_p': 5}
	 epoch  0 training error:  tensor(0.1904, device='cuda:0', grad_fn=<DivBackward0>)
Memory status after this epoch: 
Memory allocated:  9.67626953125
Memory cached:  130.0
	 epoch  10 training error:  tensor(1., device='cuda:0', grad_fn=<DivBackward0>)
Memory status after this epoch: 
Memory allocated:  9.67626953125
Memory cached:  226.0
	 epoch  20 training error:  tensor(1., device='cuda:0', grad_fn=<DivBackward0>)
Memory status after this epoch: 
Memory allocated:  9.67626953125
Memory cached:  224.0
	 epoch  30 training error:  tensor(1., device='cuda:0', grad_fn=<DivBackward0>)
Memory status after this epoch: 
Memory allocated:  9.67626953125
Memory cached:  242.0
	 epoch  40 training error:  tensor(1., device='cuda:0', grad_fn=<DivBackward0>)
Memory status after this epoch: 
Memory allocated:  9.67626953125
Memory cached:  234.0
	 epoch  50 training error:  tensor(1., device='cuda:0', grad_fn=<DivBackward0>)
Memory status after this epoch: 
Memory allocated:  9.67626953125
Memory cached:  242.0
	 epoch  60 training error:  tensor(1., device='cuda:0', grad_fn=<DivBackward0>)
Memory status after this epoch: 
Memory allocated:  9.67626953125
Memory cached:  228.0
	 epoch  70 training error:  tensor(1., device='cuda:0', grad_fn=<DivBackward0>)
Memory status after this epoch: 
Memory allocated:  9.67626953125
Memory cached:  230.0
	 epoch  80 training error:  tensor(1., device='cuda:0', grad_fn=<DivBackward0>)
Memory status after this epoch: 
Memory allocated:  9.67626953125
Memory cached:  220.0
	 epoch  90 training error:  tensor(1., device='cuda:0', grad_fn=<DivBackward0>)
Memory status after this epoch: 
Memory allocated:  9.67626953125
Memory cached:  220.0
[I 2023-11-22 19:09:33,374] Trial 19 finished with value: 1.0 and parameters: {'W_layers': 3, 'W_layer_units_exponent_0': 4, 'W_layer_units_exponent_1': 5, 'W_layer_units_exponent_2': 5, 'D_layers': 3, 'D_layer_units_exponent_0': 9, 'D_layer_units_exponent_1': 6, 'D_layer_units_exponent_2': 9, 'D_dagger_layers': 8, 'D_dagger_layer_units_exponent_0': 9, 'D_dagger_layer_units_exponent_1': 8, 'D_dagger_layer_units_exponent_2': 6, 'D_dagger_layer_units_exponent_3': 4, 'D_dagger_layer_units_exponent_4': 7, 'D_dagger_layer_units_exponent_5': 10, 'D_dagger_layer_units_exponent_6': 7, 'D_dagger_layer_units_exponent_7': 10, 'log_learning_rate': -1.0256921023520689, 'log_learning_rate_D': -4.9899399432047815, 'log_learning_rate_D_dagger': -2.643532479807275, 'training_batch_size': 10, 'training_p': 5}. Best is trial 18 with value: 0.04977799579501152.
Time for this trial:  185.72278380393982
Memory status after this trial: 
Memory allocated:  170.20361328125
Memory cached:  180.0
--------------------  Trial  20   --------------------
Start timing: 
Parameters: 
{'W_layers': 2, 'W_layer_units_exponent_0': 4, 'W_layer_units_exponent_1': 5, 'D_layers': 5, 'D_layer_units_exponent_0': 6, 'D_layer_units_exponent_1': 5, 'D_layer_units_exponent_2': 9, 'D_layer_units_exponent_3': 4, 'D_layer_units_exponent_4': 6, 'D_dagger_layers': 7, 'D_dagger_layer_units_exponent_0': 7, 'D_dagger_layer_units_exponent_1': 10, 'D_dagger_layer_units_exponent_2': 5, 'D_dagger_layer_units_exponent_3': 5, 'D_dagger_layer_units_exponent_4': 6, 'D_dagger_layer_units_exponent_5': 6, 'D_dagger_layer_units_exponent_6': 7, 'log_learning_rate': -1.732490753768202, 'log_learning_rate_D': -4.554531353449618, 'log_learning_rate_D_dagger': -1.9909138071728907, 'training_batch_size': 10, 'training_p': 4}
	 epoch  0 training error:  tensor(1.0848, device='cuda:0', grad_fn=<DivBackward0>)
Memory status after this epoch: 
Memory allocated:  3.36572265625
Memory cached:  106.0
	 epoch  10 training error:  tensor(0.1222, device='cuda:0', grad_fn=<DivBackward0>)
Memory status after this epoch: 
Memory allocated:  3.36572265625
Memory cached:  170.0
	 epoch  20 training error:  tensor(0.0947, device='cuda:0', grad_fn=<DivBackward0>)
Memory status after this epoch: 
Memory allocated:  3.36572265625
Memory cached:  164.0
	 epoch  30 training error:  tensor(0.0849, device='cuda:0', grad_fn=<DivBackward0>)
Memory status after this epoch: 
Memory allocated:  3.36572265625
Memory cached:  164.0
	 epoch  40 training error:  tensor(0.0809, device='cuda:0', grad_fn=<DivBackward0>)
Memory status after this epoch: 
Memory allocated:  3.36572265625
Memory cached:  158.0
	 epoch  50 training error:  tensor(0.0826, device='cuda:0', grad_fn=<DivBackward0>)
Memory status after this epoch: 
Memory allocated:  3.36572265625
Memory cached:  162.0
	 epoch  60 training error:  tensor(0.0861, device='cuda:0', grad_fn=<DivBackward0>)
Memory status after this epoch: 
Memory allocated:  3.36572265625
Memory cached:  158.0
	 epoch  70 training error:  tensor(0.0852, device='cuda:0', grad_fn=<DivBackward0>)
Memory status after this epoch: 
Memory allocated:  3.36572265625
Memory cached:  164.0
	 epoch  80 training error:  tensor(0.0804, device='cuda:0', grad_fn=<DivBackward0>)
Memory status after this epoch: 
Memory allocated:  3.36572265625
Memory cached:  162.0
	 epoch  90 training error:  tensor(0.0782, device='cuda:0', grad_fn=<DivBackward0>)
Memory status after this epoch: 
Memory allocated:  3.36572265625
Memory cached:  160.0
[I 2023-11-22 19:12:29,180] Trial 20 finished with value: 0.07041624933481216 and parameters: {'W_layers': 2, 'W_layer_units_exponent_0': 4, 'W_layer_units_exponent_1': 5, 'D_layers': 5, 'D_layer_units_exponent_0': 6, 'D_layer_units_exponent_1': 5, 'D_layer_units_exponent_2': 9, 'D_layer_units_exponent_3': 4, 'D_layer_units_exponent_4': 6, 'D_dagger_layers': 7, 'D_dagger_layer_units_exponent_0': 7, 'D_dagger_layer_units_exponent_1': 10, 'D_dagger_layer_units_exponent_2': 5, 'D_dagger_layer_units_exponent_3': 5, 'D_dagger_layer_units_exponent_4': 6, 'D_dagger_layer_units_exponent_5': 6, 'D_dagger_layer_units_exponent_6': 7, 'log_learning_rate': -1.732490753768202, 'log_learning_rate_D': -4.554531353449618, 'log_learning_rate_D_dagger': -1.9909138071728907, 'training_batch_size': 10, 'training_p': 4}. Best is trial 18 with value: 0.04977799579501152.
Time for this trial:  175.56959319114685
Memory status after this trial: 
Memory allocated:  86.63330078125
Memory cached:  128.0
--------------------  Trial  21   --------------------
Start timing: 
Parameters: 
{'W_layers': 2, 'W_layer_units_exponent_0': 5, 'W_layer_units_exponent_1': 7, 'D_layers': 2, 'D_layer_units_exponent_0': 9, 'D_layer_units_exponent_1': 7, 'D_dagger_layers': 7, 'D_dagger_layer_units_exponent_0': 9, 'D_dagger_layer_units_exponent_1': 9, 'D_dagger_layer_units_exponent_2': 4, 'D_dagger_layer_units_exponent_3': 6, 'D_dagger_layer_units_exponent_4': 8, 'D_dagger_layer_units_exponent_5': 7, 'D_dagger_layer_units_exponent_6': 9, 'log_learning_rate': -1.3603046615218564, 'log_learning_rate_D': -4.354698222806144, 'log_learning_rate_D_dagger': -3.489237634697981, 'training_batch_size': 11, 'training_p': 7}
	 epoch  0 training error:  tensor(1.5104, device='cuda:0', grad_fn=<DivBackward0>)
Memory status after this epoch: 
Memory allocated:  7.26806640625
Memory cached:  102.0
	 epoch  10 training error:  tensor(0.8017, device='cuda:0', grad_fn=<DivBackward0>)
Memory status after this epoch: 
Memory allocated:  7.26806640625
Memory cached:  174.0
	 epoch  20 training error:  tensor(0.5609, device='cuda:0', grad_fn=<DivBackward0>)
Memory status after this epoch: 
Memory allocated:  7.26806640625
Memory cached:  176.0
	 epoch  30 training error:  tensor(0.2067, device='cuda:0', grad_fn=<DivBackward0>)
Memory status after this epoch: 
Memory allocated:  7.26806640625
Memory cached:  188.0
	 epoch  40 training error:  tensor(0.1451, device='cuda:0', grad_fn=<DivBackward0>)
Memory status after this epoch: 
Memory allocated:  7.26806640625
Memory cached:  186.0
	 epoch  50 training error:  tensor(0.1184, device='cuda:0', grad_fn=<DivBackward0>)
Memory status after this epoch: 
Memory allocated:  7.26806640625
Memory cached:  180.0
	 epoch  60 training error:  tensor(0.0966, device='cuda:0', grad_fn=<DivBackward0>)
Memory status after this epoch: 
Memory allocated:  7.26806640625
Memory cached:  176.0
	 epoch  70 training error:  tensor(0.0887, device='cuda:0', grad_fn=<DivBackward0>)
Memory status after this epoch: 
Memory allocated:  7.26806640625
Memory cached:  188.0
	 epoch  80 training error:  tensor(0.0897, device='cuda:0', grad_fn=<DivBackward0>)
Memory status after this epoch: 
Memory allocated:  7.26806640625
Memory cached:  176.0
	 epoch  90 training error:  tensor(0.0747, device='cuda:0', grad_fn=<DivBackward0>)
Memory status after this epoch: 
Memory allocated:  7.26806640625
Memory cached:  180.0
[I 2023-11-22 19:15:07,866] Trial 21 finished with value: 0.0485965870320797 and parameters: {'W_layers': 2, 'W_layer_units_exponent_0': 5, 'W_layer_units_exponent_1': 7, 'D_layers': 2, 'D_layer_units_exponent_0': 9, 'D_layer_units_exponent_1': 7, 'D_dagger_layers': 7, 'D_dagger_layer_units_exponent_0': 9, 'D_dagger_layer_units_exponent_1': 9, 'D_dagger_layer_units_exponent_2': 4, 'D_dagger_layer_units_exponent_3': 6, 'D_dagger_layer_units_exponent_4': 8, 'D_dagger_layer_units_exponent_5': 7, 'D_dagger_layer_units_exponent_6': 9, 'log_learning_rate': -1.3603046615218564, 'log_learning_rate_D': -4.354698222806144, 'log_learning_rate_D_dagger': -3.489237634697981, 'training_batch_size': 11, 'training_p': 7}. Best is trial 21 with value: 0.0485965870320797.
Time for this trial:  158.49226474761963
Memory status after this trial: 
Memory allocated:  111.06494140625
Memory cached:  140.0
--------------------  Trial  22   --------------------
Start timing: 
Parameters: 
{'W_layers': 2, 'W_layer_units_exponent_0': 5, 'W_layer_units_exponent_1': 6, 'D_layers': 3, 'D_layer_units_exponent_0': 9, 'D_layer_units_exponent_1': 9, 'D_layer_units_exponent_2': 8, 'D_dagger_layers': 7, 'D_dagger_layer_units_exponent_0': 9, 'D_dagger_layer_units_exponent_1': 9, 'D_dagger_layer_units_exponent_2': 5, 'D_dagger_layer_units_exponent_3': 5, 'D_dagger_layer_units_exponent_4': 8, 'D_dagger_layer_units_exponent_5': 7, 'D_dagger_layer_units_exponent_6': 9, 'log_learning_rate': -1.3713686052183993, 'log_learning_rate_D': -4.468602708002636, 'log_learning_rate_D_dagger': -3.2480085700176162, 'training_batch_size': 11, 'training_p': 7}
	 epoch  0 training error:  tensor(1.0016, device='cuda:0', grad_fn=<DivBackward0>)
Memory status after this epoch: 
Memory allocated:  12.24853515625
Memory cached:  116.0
	 epoch  10 training error:  tensor(0.5937, device='cuda:0', grad_fn=<DivBackward0>)
Memory status after this epoch: 
Memory allocated:  12.24853515625
Memory cached:  174.0
	 epoch  20 training error:  tensor(0.2097, device='cuda:0', grad_fn=<DivBackward0>)
Memory status after this epoch: 
Memory allocated:  12.24853515625
Memory cached:  176.0
	 epoch  30 training error:  tensor(0.1109, device='cuda:0', grad_fn=<DivBackward0>)
Memory status after this epoch: 
Memory allocated:  12.24853515625
Memory cached:  184.0
	 epoch  40 training error:  tensor(0.0967, device='cuda:0', grad_fn=<DivBackward0>)
Memory status after this epoch: 
Memory allocated:  12.24853515625
Memory cached:  174.0
	 epoch  50 training error:  tensor(0.0860, device='cuda:0', grad_fn=<DivBackward0>)
Memory status after this epoch: 
Memory allocated:  12.24853515625
Memory cached:  168.0
	 epoch  60 training error:  tensor(0.0816, device='cuda:0', grad_fn=<DivBackward0>)
Memory status after this epoch: 
Memory allocated:  12.24853515625
Memory cached:  194.0
	 epoch  70 training error:  tensor(0.0780, device='cuda:0', grad_fn=<DivBackward0>)
Memory status after this epoch: 
Memory allocated:  12.24853515625
Memory cached:  182.0
	 epoch  80 training error:  tensor(0.0738, device='cuda:0', grad_fn=<DivBackward0>)
Memory status after this epoch: 
Memory allocated:  12.24853515625
Memory cached:  192.0
	 epoch  90 training error:  tensor(0.0763, device='cuda:0', grad_fn=<DivBackward0>)
Memory status after this epoch: 
Memory allocated:  12.24853515625
Memory cached:  180.0
