/home/shengduo/anaconda3/lib/python3.9/site-packages/scipy/__init__.py:146: UserWarning: A NumPy version >=1.16.5 and <1.23.0 is required for this version of SciPy (detected version 1.24.1
  warnings.warn(f"A NumPy version >={np_minversion} and <{np_maxversion}"
[I 2023-11-20 14:49:18,544] A new study created in memory with name: no-name-39564e7e-774f-4f19-8122-86a2e015815a
Cuda is available:  True
Device is:  cuda:0
Memory allocated:  0.0
Memory cached:  0.0
Data file:  ./data/Trial1116_smallDRS_largeA.pt
Vs.shape:  torch.Size([100, 100])
thetas.shape:  torch.Size([100, 100])
fs.shape:  torch.Size([100, 100])
ts.shape:  torch.Size([100, 100])
Xs.shape:  torch.Size([100, 100])
--------------------  Trial  0   --------------------
Start timing: 
Parameters: 
{'W_layers': 4, 'W_layer_units_exponent_0': 6, 'W_layer_units_exponent_1': 8, 'W_layer_units_exponent_2': 10, 'W_layer_units_exponent_3': 9, 'D_layers': 6, 'D_layer_units_exponent_0': 9, 'D_layer_units_exponent_1': 10, 'D_layer_units_exponent_2': 5, 'D_layer_units_exponent_3': 4, 'D_layer_units_exponent_4': 9, 'D_layer_units_exponent_5': 6, 'D_dagger_layers': 5, 'D_dagger_layer_units_exponent_0': 7, 'D_dagger_layer_units_exponent_1': 7, 'D_dagger_layer_units_exponent_2': 10, 'D_dagger_layer_units_exponent_3': 5, 'D_dagger_layer_units_exponent_4': 4, 'log_learning_rate': -3.3987834522719362, 'log_learning_rate_D': -2.42825385834608, 'log_learning_rate_D_dagger': -1.8222923882094788, 'training_batch_size': 7, 'training_p': 6}
/home/shengduo/anaconda3/lib/python3.9/site-packages/torch/nn/init.py:405: UserWarning: Initializing zero-element tensors is a no-op
  warnings.warn("Initializing zero-element tensors is a no-op")
	 epoch  0 training error:  tensor(1.0109, device='cuda:0', grad_fn=<DivBackward0>)
Memory status after this epoch: 
Memory allocated:  17.52587890625
Memory cached:  46.0
	 epoch  10 training error:  tensor(0.2139, device='cuda:0', grad_fn=<DivBackward0>)
Memory status after this epoch: 
Memory allocated:  17.52587890625
Memory cached:  48.0
	 epoch  20 training error:  tensor(0.2682, device='cuda:0', grad_fn=<DivBackward0>)
Memory status after this epoch: 
Memory allocated:  17.52587890625
Memory cached:  46.0
	 epoch  30 training error:  tensor(0.2042, device='cuda:0', grad_fn=<DivBackward0>)
Memory status after this epoch: 
Memory allocated:  17.52587890625
Memory cached:  48.0
	 epoch  40 training error:  tensor(0.2050, device='cuda:0', grad_fn=<DivBackward0>)
Memory status after this epoch: 
Memory allocated:  17.52587890625
Memory cached:  48.0
	 epoch  50 training error:  tensor(0.1965, device='cuda:0', grad_fn=<DivBackward0>)
Memory status after this epoch: 
Memory allocated:  17.52587890625
Memory cached:  46.0
	 epoch  60 training error:  tensor(0.1955, device='cuda:0', grad_fn=<DivBackward0>)
Memory status after this epoch: 
Memory allocated:  17.52587890625
Memory cached:  48.0
	 epoch  70 training error:  tensor(0.1954, device='cuda:0', grad_fn=<DivBackward0>)
Memory status after this epoch: 
Memory allocated:  17.52587890625
Memory cached:  48.0
	 epoch  80 training error:  tensor(0.1950, device='cuda:0', grad_fn=<DivBackward0>)
Memory status after this epoch: 
Memory allocated:  17.52587890625
Memory cached:  46.0
	 epoch  90 training error:  tensor(0.1950, device='cuda:0', grad_fn=<DivBackward0>)
Memory status after this epoch: 
Memory allocated:  17.52587890625
Memory cached:  48.0
[I 2023-11-20 14:49:37,293] Trial 0 finished with value: 0.11539208889007568 and parameters: {'W_layers': 4, 'W_layer_units_exponent_0': 6, 'W_layer_units_exponent_1': 8, 'W_layer_units_exponent_2': 10, 'W_layer_units_exponent_3': 9, 'D_layers': 6, 'D_layer_units_exponent_0': 9, 'D_layer_units_exponent_1': 10, 'D_layer_units_exponent_2': 5, 'D_layer_units_exponent_3': 4, 'D_layer_units_exponent_4': 9, 'D_layer_units_exponent_5': 6, 'D_dagger_layers': 5, 'D_dagger_layer_units_exponent_0': 7, 'D_dagger_layer_units_exponent_1': 7, 'D_dagger_layer_units_exponent_2': 10, 'D_dagger_layer_units_exponent_3': 5, 'D_dagger_layer_units_exponent_4': 4, 'log_learning_rate': -3.3987834522719362, 'log_learning_rate_D': -2.42825385834608, 'log_learning_rate_D_dagger': -1.8222923882094788, 'training_batch_size': 7, 'training_p': 6}. Best is trial 0 with value: 0.11539208889007568.
Time for this trial:  18.651119709014893
Memory status after this trial: 
Memory allocated:  130.6484375
Memory cached:  156.0
--------------------  Trial  1   --------------------
Start timing: 
Parameters: 
{'W_layers': 3, 'W_layer_units_exponent_0': 5, 'W_layer_units_exponent_1': 10, 'W_layer_units_exponent_2': 7, 'D_layers': 2, 'D_layer_units_exponent_0': 5, 'D_layer_units_exponent_1': 5, 'D_dagger_layers': 8, 'D_dagger_layer_units_exponent_0': 6, 'D_dagger_layer_units_exponent_1': 10, 'D_dagger_layer_units_exponent_2': 6, 'D_dagger_layer_units_exponent_3': 9, 'D_dagger_layer_units_exponent_4': 10, 'D_dagger_layer_units_exponent_5': 7, 'D_dagger_layer_units_exponent_6': 6, 'D_dagger_layer_units_exponent_7': 7, 'log_learning_rate': -4.830470004893742, 'log_learning_rate_D': -1.9057164480226367, 'log_learning_rate_D_dagger': -1.7078753028529432, 'training_batch_size': 10, 'training_p': 7}
	 epoch  0 training error:  tensor(1., device='cuda:0', grad_fn=<DivBackward0>)
Memory status after this epoch: 
Memory allocated:  15.865234375
Memory cached:  46.0
	 epoch  10 training error:  tensor(1., device='cuda:0', grad_fn=<DivBackward0>)
Memory status after this epoch: 
Memory allocated:  15.865234375
Memory cached:  48.0
	 epoch  20 training error:  tensor(1., device='cuda:0', grad_fn=<DivBackward0>)
Memory status after this epoch: 
Memory allocated:  15.865234375
Memory cached:  48.0
	 epoch  30 training error:  tensor(1., device='cuda:0', grad_fn=<DivBackward0>)
Memory status after this epoch: 
Memory allocated:  15.865234375
Memory cached:  48.0
	 epoch  40 training error:  tensor(1., device='cuda:0', grad_fn=<DivBackward0>)
Memory status after this epoch: 
Memory allocated:  15.865234375
Memory cached:  48.0
	 epoch  50 training error:  tensor(1., device='cuda:0', grad_fn=<DivBackward0>)
Memory status after this epoch: 
Memory allocated:  15.865234375
Memory cached:  48.0
	 epoch  60 training error:  tensor(1., device='cuda:0', grad_fn=<DivBackward0>)
Memory status after this epoch: 
Memory allocated:  15.865234375
Memory cached:  48.0
	 epoch  70 training error:  tensor(1., device='cuda:0', grad_fn=<DivBackward0>)
Memory status after this epoch: 
Memory allocated:  15.865234375
Memory cached:  48.0
	 epoch  80 training error:  tensor(1., device='cuda:0', grad_fn=<DivBackward0>)
Memory status after this epoch: 
Memory allocated:  15.865234375
Memory cached:  48.0
	 epoch  90 training error:  tensor(1., device='cuda:0', grad_fn=<DivBackward0>)
Memory status after this epoch: 
Memory allocated:  15.865234375
Memory cached:  48.0
[I 2023-11-20 14:49:54,904] Trial 1 finished with value: 1.0 and parameters: {'W_layers': 3, 'W_layer_units_exponent_0': 5, 'W_layer_units_exponent_1': 10, 'W_layer_units_exponent_2': 7, 'D_layers': 2, 'D_layer_units_exponent_0': 5, 'D_layer_units_exponent_1': 5, 'D_dagger_layers': 8, 'D_dagger_layer_units_exponent_0': 6, 'D_dagger_layer_units_exponent_1': 10, 'D_dagger_layer_units_exponent_2': 6, 'D_dagger_layer_units_exponent_3': 9, 'D_dagger_layer_units_exponent_4': 10, 'D_dagger_layer_units_exponent_5': 7, 'D_dagger_layer_units_exponent_6': 6, 'D_dagger_layer_units_exponent_7': 7, 'log_learning_rate': -4.830470004893742, 'log_learning_rate_D': -1.9057164480226367, 'log_learning_rate_D_dagger': -1.7078753028529432, 'training_batch_size': 10, 'training_p': 7}. Best is trial 0 with value: 0.11539208889007568.
Time for this trial:  17.522204875946045
Memory status after this trial: 
Memory allocated:  169.9296875
Memory cached:  204.0
--------------------  Trial  2   --------------------
Start timing: 
Parameters: 
{'W_layers': 4, 'W_layer_units_exponent_0': 6, 'W_layer_units_exponent_1': 7, 'W_layer_units_exponent_2': 4, 'W_layer_units_exponent_3': 8, 'D_layers': 2, 'D_layer_units_exponent_0': 9, 'D_layer_units_exponent_1': 8, 'D_dagger_layers': 4, 'D_dagger_layer_units_exponent_0': 5, 'D_dagger_layer_units_exponent_1': 4, 'D_dagger_layer_units_exponent_2': 6, 'D_dagger_layer_units_exponent_3': 5, 'log_learning_rate': -1.5857088316987613, 'log_learning_rate_D': -1.9086775798857225, 'log_learning_rate_D_dagger': -1.4265430832689487, 'training_batch_size': 7, 'training_p': 8}
	 epoch  0 training error:  tensor(1.0005, device='cuda:0', grad_fn=<DivBackward0>)
Memory status after this epoch: 
Memory allocated:  0.96337890625
Memory cached:  10.0
	 epoch  10 training error:  tensor(0.8828, device='cuda:0', grad_fn=<DivBackward0>)
Memory status after this epoch: 
Memory allocated:  0.96337890625
Memory cached:  12.0
	 epoch  20 training error:  tensor(0.8686, device='cuda:0', grad_fn=<DivBackward0>)
Memory status after this epoch: 
Memory allocated:  0.96337890625
Memory cached:  12.0
	 epoch  30 training error:  tensor(0.8686, device='cuda:0', grad_fn=<DivBackward0>)
Memory status after this epoch: 
Memory allocated:  0.96337890625
Memory cached:  12.0
	 epoch  40 training error:  tensor(0.8686, device='cuda:0', grad_fn=<DivBackward0>)
Memory status after this epoch: 
Memory allocated:  0.96337890625
Memory cached:  12.0
	 epoch  50 training error:  tensor(0.8686, device='cuda:0', grad_fn=<DivBackward0>)
Memory status after this epoch: 
Memory allocated:  0.96337890625
Memory cached:  12.0
	 epoch  60 training error:  tensor(0.8686, device='cuda:0', grad_fn=<DivBackward0>)
Memory status after this epoch: 
Memory allocated:  0.96337890625
Memory cached:  12.0
	 epoch  70 training error:  tensor(0.8686, device='cuda:0', grad_fn=<DivBackward0>)
Memory status after this epoch: 
Memory allocated:  0.96337890625
Memory cached:  12.0
	 epoch  80 training error:  tensor(0.8686, device='cuda:0', grad_fn=<DivBackward0>)
Memory status after this epoch: 
Memory allocated:  0.96337890625
Memory cached:  12.0
	 epoch  90 training error:  tensor(0.8686, device='cuda:0', grad_fn=<DivBackward0>)
Memory status after this epoch: 
Memory allocated:  0.96337890625
Memory cached:  12.0
[I 2023-11-20 14:50:09,624] Trial 2 finished with value: 0.7457824945449829 and parameters: {'W_layers': 4, 'W_layer_units_exponent_0': 6, 'W_layer_units_exponent_1': 7, 'W_layer_units_exponent_2': 4, 'W_layer_units_exponent_3': 8, 'D_layers': 2, 'D_layer_units_exponent_0': 9, 'D_layer_units_exponent_1': 8, 'D_dagger_layers': 4, 'D_dagger_layer_units_exponent_0': 5, 'D_dagger_layer_units_exponent_1': 4, 'D_dagger_layer_units_exponent_2': 6, 'D_dagger_layer_units_exponent_3': 5, 'log_learning_rate': -1.5857088316987613, 'log_learning_rate_D': -1.9086775798857225, 'log_learning_rate_D_dagger': -1.4265430832689487, 'training_batch_size': 7, 'training_p': 8}. Best is trial 0 with value: 0.11539208889007568.
Time for this trial:  14.630258560180664
Memory status after this trial: 
Memory allocated:  23.5419921875
Memory cached:  36.0
--------------------  Trial  3   --------------------
Start timing: 
Parameters: 
{'W_layers': 3, 'W_layer_units_exponent_0': 7, 'W_layer_units_exponent_1': 9, 'W_layer_units_exponent_2': 4, 'D_layers': 2, 'D_layer_units_exponent_0': 7, 'D_layer_units_exponent_1': 5, 'D_dagger_layers': 5, 'D_dagger_layer_units_exponent_0': 8, 'D_dagger_layer_units_exponent_1': 8, 'D_dagger_layer_units_exponent_2': 6, 'D_dagger_layer_units_exponent_3': 10, 'D_dagger_layer_units_exponent_4': 4, 'log_learning_rate': -3.2808919697984664, 'log_learning_rate_D': -3.3884003909895664, 'log_learning_rate_D_dagger': -1.5948073456075251, 'training_batch_size': 11, 'training_p': 6}
	 epoch  0 training error:  tensor(0.9887, device='cuda:0', grad_fn=<DivBackward0>)
Memory status after this epoch: 
Memory allocated:  3.849609375
Memory cached:  6.0
	 epoch  10 training error:  tensor(0.8044, device='cuda:0', grad_fn=<DivBackward0>)
Memory status after this epoch: 
Memory allocated:  3.849609375
Memory cached:  6.0
	 epoch  20 training error:  tensor(1., device='cuda:0', grad_fn=<DivBackward0>)
Memory status after this epoch: 
Memory allocated:  3.849609375
Memory cached:  6.0
	 epoch  30 training error:  tensor(1., device='cuda:0', grad_fn=<DivBackward0>)
Memory status after this epoch: 
Memory allocated:  3.849609375
Memory cached:  6.0
	 epoch  40 training error:  tensor(1., device='cuda:0', grad_fn=<DivBackward0>)
Memory status after this epoch: 
Memory allocated:  3.849609375
Memory cached:  6.0
	 epoch  50 training error:  tensor(1., device='cuda:0', grad_fn=<DivBackward0>)
Memory status after this epoch: 
Memory allocated:  3.849609375
Memory cached:  6.0
	 epoch  60 training error:  tensor(1., device='cuda:0', grad_fn=<DivBackward0>)
Memory status after this epoch: 
Memory allocated:  3.849609375
Memory cached:  6.0
	 epoch  70 training error:  tensor(1., device='cuda:0', grad_fn=<DivBackward0>)
Memory status after this epoch: 
Memory allocated:  3.849609375
Memory cached:  6.0
	 epoch  80 training error:  tensor(1., device='cuda:0', grad_fn=<DivBackward0>)
Memory status after this epoch: 
Memory allocated:  3.849609375
Memory cached:  6.0
	 epoch  90 training error:  tensor(1., device='cuda:0', grad_fn=<DivBackward0>)
Memory status after this epoch: 
Memory allocated:  3.849609375
Memory cached:  6.0
[I 2023-11-20 14:50:25,595] Trial 3 finished with value: 1.0 and parameters: {'W_layers': 3, 'W_layer_units_exponent_0': 7, 'W_layer_units_exponent_1': 9, 'W_layer_units_exponent_2': 4, 'D_layers': 2, 'D_layer_units_exponent_0': 7, 'D_layer_units_exponent_1': 5, 'D_dagger_layers': 5, 'D_dagger_layer_units_exponent_0': 8, 'D_dagger_layer_units_exponent_1': 8, 'D_dagger_layer_units_exponent_2': 6, 'D_dagger_layer_units_exponent_3': 10, 'D_dagger_layer_units_exponent_4': 4, 'log_learning_rate': -3.2808919697984664, 'log_learning_rate_D': -3.3884003909895664, 'log_learning_rate_D_dagger': -1.5948073456075251, 'training_batch_size': 11, 'training_p': 6}. Best is trial 0 with value: 0.11539208889007568.
Time for this trial:  15.878732204437256
Memory status after this trial: 
Memory allocated:  90.580078125
Memory cached:  94.0
--------------------  Trial  4   --------------------
Start timing: 
Parameters: 
{'W_layers': 6, 'W_layer_units_exponent_0': 8, 'W_layer_units_exponent_1': 7, 'W_layer_units_exponent_2': 9, 'W_layer_units_exponent_3': 7, 'W_layer_units_exponent_4': 4, 'W_layer_units_exponent_5': 6, 'D_layers': 8, 'D_layer_units_exponent_0': 10, 'D_layer_units_exponent_1': 7, 'D_layer_units_exponent_2': 4, 'D_layer_units_exponent_3': 7, 'D_layer_units_exponent_4': 10, 'D_layer_units_exponent_5': 9, 'D_layer_units_exponent_6': 4, 'D_layer_units_exponent_7': 10, 'D_dagger_layers': 6, 'D_dagger_layer_units_exponent_0': 10, 'D_dagger_layer_units_exponent_1': 5, 'D_dagger_layer_units_exponent_2': 7, 'D_dagger_layer_units_exponent_3': 7, 'D_dagger_layer_units_exponent_4': 10, 'D_dagger_layer_units_exponent_5': 7, 'log_learning_rate': -4.14427342707152, 'log_learning_rate_D': -3.50616857660525, 'log_learning_rate_D_dagger': -1.7967876142127182, 'training_batch_size': 11, 'training_p': 4}
	 epoch  0 training error:  tensor(1.0004, device='cuda:0', grad_fn=<DivBackward0>)
Memory status after this epoch: 
Memory allocated:  10.72900390625
Memory cached:  30.0
	 epoch  10 training error:  tensor(0.9942, device='cuda:0', grad_fn=<DivBackward0>)
Memory status after this epoch: 
Memory allocated:  10.72900390625
Memory cached:  32.0
	 epoch  20 training error:  tensor(0.9877, device='cuda:0', grad_fn=<DivBackward0>)
Memory status after this epoch: 
Memory allocated:  10.72900390625
Memory cached:  32.0
	 epoch  30 training error:  tensor(0.9797, device='cuda:0', grad_fn=<DivBackward0>)
Memory status after this epoch: 
Memory allocated:  10.72900390625
Memory cached:  32.0
	 epoch  40 training error:  tensor(0.9673, device='cuda:0', grad_fn=<DivBackward0>)
Memory status after this epoch: 
Memory allocated:  10.72900390625
Memory cached:  32.0
	 epoch  50 training error:  tensor(0.9465, device='cuda:0', grad_fn=<DivBackward0>)
Memory status after this epoch: 
Memory allocated:  10.72900390625
Memory cached:  32.0
	 epoch  60 training error:  tensor(0.9166, device='cuda:0', grad_fn=<DivBackward0>)
Memory status after this epoch: 
Memory allocated:  10.72900390625
Memory cached:  32.0
	 epoch  70 training error:  tensor(0.8904, device='cuda:0', grad_fn=<DivBackward0>)
Memory status after this epoch: 
Memory allocated:  10.72900390625
Memory cached:  32.0
	 epoch  80 training error:  tensor(0.8421, device='cuda:0', grad_fn=<DivBackward0>)
Memory status after this epoch: 
Memory allocated:  10.72900390625
Memory cached:  32.0
	 epoch  90 training error:  tensor(0.8304, device='cuda:0', grad_fn=<DivBackward0>)
Memory status after this epoch: 
Memory allocated:  10.72900390625
Memory cached:  32.0
[I 2023-11-20 14:50:43,120] Trial 4 finished with value: 0.7360606789588928 and parameters: {'W_layers': 6, 'W_layer_units_exponent_0': 8, 'W_layer_units_exponent_1': 7, 'W_layer_units_exponent_2': 9, 'W_layer_units_exponent_3': 7, 'W_layer_units_exponent_4': 4, 'W_layer_units_exponent_5': 6, 'D_layers': 8, 'D_layer_units_exponent_0': 10, 'D_layer_units_exponent_1': 7, 'D_layer_units_exponent_2': 4, 'D_layer_units_exponent_3': 7, 'D_layer_units_exponent_4': 10, 'D_layer_units_exponent_5': 9, 'D_layer_units_exponent_6': 4, 'D_layer_units_exponent_7': 10, 'D_dagger_layers': 6, 'D_dagger_layer_units_exponent_0': 10, 'D_dagger_layer_units_exponent_1': 5, 'D_dagger_layer_units_exponent_2': 7, 'D_dagger_layer_units_exponent_3': 7, 'D_dagger_layer_units_exponent_4': 10, 'D_dagger_layer_units_exponent_5': 7, 'log_learning_rate': -4.14427342707152, 'log_learning_rate_D': -3.50616857660525, 'log_learning_rate_D_dagger': -1.7967876142127182, 'training_batch_size': 11, 'training_p': 4}. Best is trial 0 with value: 0.11539208889007568.
Time for this trial:  17.436721563339233
Memory status after this trial: 
Memory allocated:  140.91796875
Memory cached:  180.0
--------------------  Trial  5   --------------------
Start timing: 
Parameters: 
{'W_layers': 3, 'W_layer_units_exponent_0': 5, 'W_layer_units_exponent_1': 7, 'W_layer_units_exponent_2': 8, 'D_layers': 4, 'D_layer_units_exponent_0': 10, 'D_layer_units_exponent_1': 4, 'D_layer_units_exponent_2': 6, 'D_layer_units_exponent_3': 6, 'D_dagger_layers': 4, 'D_dagger_layer_units_exponent_0': 8, 'D_dagger_layer_units_exponent_1': 9, 'D_dagger_layer_units_exponent_2': 9, 'D_dagger_layer_units_exponent_3': 9, 'log_learning_rate': -2.724730225660239, 'log_learning_rate_D': -2.095882575346515, 'log_learning_rate_D_dagger': -4.720855660789644, 'training_batch_size': 8, 'training_p': 3}
	 epoch  0 training error:  tensor(0.9961, device='cuda:0', grad_fn=<DivBackward0>)
Memory status after this epoch: 
Memory allocated:  10.86181640625
Memory cached:  14.0
	 epoch  10 training error:  tensor(1., device='cuda:0', grad_fn=<DivBackward0>)
Memory status after this epoch: 
Memory allocated:  10.86181640625
Memory cached:  16.0
	 epoch  20 training error:  tensor(1., device='cuda:0', grad_fn=<DivBackward0>)
Memory status after this epoch: 
Memory allocated:  10.86181640625
Memory cached:  14.0
	 epoch  30 training error:  tensor(1., device='cuda:0', grad_fn=<DivBackward0>)
Memory status after this epoch: 
Memory allocated:  10.86181640625
Memory cached:  16.0
	 epoch  40 training error:  tensor(1., device='cuda:0', grad_fn=<DivBackward0>)
Memory status after this epoch: 
Memory allocated:  10.86181640625
Memory cached:  16.0
	 epoch  50 training error:  tensor(1., device='cuda:0', grad_fn=<DivBackward0>)
Memory status after this epoch: 
Memory allocated:  10.86181640625
Memory cached:  14.0
	 epoch  60 training error:  tensor(1., device='cuda:0', grad_fn=<DivBackward0>)
Memory status after this epoch: 
Memory allocated:  10.86181640625
Memory cached:  16.0
	 epoch  70 training error:  tensor(1., device='cuda:0', grad_fn=<DivBackward0>)
Memory status after this epoch: 
Memory allocated:  10.86181640625
Memory cached:  16.0
	 epoch  80 training error:  tensor(1., device='cuda:0', grad_fn=<DivBackward0>)
Memory status after this epoch: 
Memory allocated:  10.86181640625
Memory cached:  14.0
	 epoch  90 training error:  tensor(1., device='cuda:0', grad_fn=<DivBackward0>)
Memory status after this epoch: 
Memory allocated:  10.86181640625
Memory cached:  16.0
