[I 2023-11-29 09:31:39,128] Trial 44 finished with value: 2.4093384742736816 and parameters: {'W_layers': 3, 'W_layer_units_exponent_0': 8, 'W_layer_units_exponent_1': 5, 'W_layer_units_exponent_2': 4, 'D_layers': 5, 'D_layer_units_exponent_0': 6, 'D_layer_units_exponent_1': 5, 'D_layer_units_exponent_2': 10, 'D_layer_units_exponent_3': 4, 'D_layer_units_exponent_4': 5, 'D_dagger_layers': 2, 'D_dagger_layer_units_exponent_0': 7, 'D_dagger_layer_units_exponent_1': 9, 'log_learning_rate': -1.7615360056575726, 'log_learning_rate_D': -1.8938609054540891, 'log_learning_rate_D_dagger': -1.236938954611018, 'training_batch_size': 7, 'training_p': 7}. Best is trial 0 with value: 1.0.
Time for this trial:  224.19044375419617
Memory status after this trial: 
Memory allocated:  116.30859375
Memory cached:  146.0
--------------------  Trial  45   --------------------
Start timing: 
Parameters: 
{'W_layers': 4, 'W_layer_units_exponent_0': 8, 'W_layer_units_exponent_1': 6, 'W_layer_units_exponent_2': 5, 'W_layer_units_exponent_3': 10, 'D_layers': 6, 'D_layer_units_exponent_0': 7, 'D_layer_units_exponent_1': 6, 'D_layer_units_exponent_2': 9, 'D_layer_units_exponent_3': 5, 'D_layer_units_exponent_4': 8, 'D_layer_units_exponent_5': 10, 'D_dagger_layers': 2, 'D_dagger_layer_units_exponent_0': 9, 'D_dagger_layer_units_exponent_1': 10, 'log_learning_rate': -1.5753590632072236, 'log_learning_rate_D': -2.565475510898698, 'log_learning_rate_D_dagger': -1.4545895726357525, 'training_batch_size': 6, 'training_p': 5}
	 epoch  0 training error:  tensor(1.9194, device='cuda:0', grad_fn=<DivBackward0>)
Memory status after this epoch: 
Memory allocated:  14.30908203125
Memory cached:  182.0
[W 2023-11-29 09:31:50,852] Trial 45 failed with parameters: {'W_layers': 4, 'W_layer_units_exponent_0': 8, 'W_layer_units_exponent_1': 6, 'W_layer_units_exponent_2': 5, 'W_layer_units_exponent_3': 10, 'D_layers': 6, 'D_layer_units_exponent_0': 7, 'D_layer_units_exponent_1': 6, 'D_layer_units_exponent_2': 9, 'D_layer_units_exponent_3': 5, 'D_layer_units_exponent_4': 8, 'D_layer_units_exponent_5': 10, 'D_dagger_layers': 2, 'D_dagger_layer_units_exponent_0': 9, 'D_dagger_layer_units_exponent_1': 10, 'log_learning_rate': -1.5753590632072236, 'log_learning_rate_D': -2.565475510898698, 'log_learning_rate_D_dagger': -1.4545895726357525, 'training_batch_size': 6, 'training_p': 5} because of the following error: The value nan is not acceptable.
[W 2023-11-29 09:31:50,852] Trial 45 failed with value tensor(nan, device='cuda:0', grad_fn=<DivBackward0>).
Time for this trial:  11.475318908691406
Memory status after this trial: 
Memory allocated:  273.9453125
Memory cached:  294.0
--------------------  Trial  46   --------------------
Start timing: 
Parameters: 
{'W_layers': 4, 'W_layer_units_exponent_0': 8, 'W_layer_units_exponent_1': 6, 'W_layer_units_exponent_2': 5, 'W_layer_units_exponent_3': 10, 'D_layers': 6, 'D_layer_units_exponent_0': 7, 'D_layer_units_exponent_1': 6, 'D_layer_units_exponent_2': 9, 'D_layer_units_exponent_3': 5, 'D_layer_units_exponent_4': 8, 'D_layer_units_exponent_5': 10, 'D_dagger_layers': 2, 'D_dagger_layer_units_exponent_0': 9, 'D_dagger_layer_units_exponent_1': 10, 'log_learning_rate': -1.5844980005520286, 'log_learning_rate_D': -2.301023733082917, 'log_learning_rate_D_dagger': -1.438907763331337, 'training_batch_size': 6, 'training_p': 5}
	 epoch  0 training error:  tensor(1.9650, device='cuda:0', grad_fn=<DivBackward0>)
Memory status after this epoch: 
Memory allocated:  14.30908203125
Memory cached:  180.0
	 epoch  10 training error:  tensor(12.9762, device='cuda:0', grad_fn=<DivBackward0>)
Memory status after this epoch: 
Memory allocated:  14.30908203125
Memory cached:  296.0
	 epoch  20 training error:  tensor(12.8047, device='cuda:0', grad_fn=<DivBackward0>)
Memory status after this epoch: 
Memory allocated:  14.30908203125
Memory cached:  284.0
	 epoch  30 training error:  tensor(13.1694, device='cuda:0', grad_fn=<DivBackward0>)
Memory status after this epoch: 
Memory allocated:  14.30908203125
Memory cached:  300.0
	 epoch  40 training error:  tensor(14.6279, device='cuda:0', grad_fn=<DivBackward0>)
Memory status after this epoch: 
Memory allocated:  14.30908203125
Memory cached:  292.0
	 epoch  50 training error:  tensor(14.8938, device='cuda:0', grad_fn=<DivBackward0>)
Memory status after this epoch: 
Memory allocated:  14.30908203125
Memory cached:  286.0
	 epoch  60 training error:  tensor(12.9095, device='cuda:0', grad_fn=<DivBackward0>)
Memory status after this epoch: 
Memory allocated:  14.30908203125
Memory cached:  292.0
	 epoch  70 training error:  tensor(14.0353, device='cuda:0', grad_fn=<DivBackward0>)
Memory status after this epoch: 
Memory allocated:  14.30908203125
Memory cached:  294.0
	 epoch  80 training error:  tensor(14.7348, device='cuda:0', grad_fn=<DivBackward0>)
Memory status after this epoch: 
Memory allocated:  14.30908203125
Memory cached:  290.0
	 epoch  90 training error:  tensor(13.8759, device='cuda:0', grad_fn=<DivBackward0>)
Memory status after this epoch: 
Memory allocated:  14.30908203125
Memory cached:  286.0
[I 2023-11-29 09:40:10,975] Trial 46 finished with value: 12.9599609375 and parameters: {'W_layers': 4, 'W_layer_units_exponent_0': 8, 'W_layer_units_exponent_1': 6, 'W_layer_units_exponent_2': 5, 'W_layer_units_exponent_3': 10, 'D_layers': 6, 'D_layer_units_exponent_0': 7, 'D_layer_units_exponent_1': 6, 'D_layer_units_exponent_2': 9, 'D_layer_units_exponent_3': 5, 'D_layer_units_exponent_4': 8, 'D_layer_units_exponent_5': 10, 'D_dagger_layers': 2, 'D_dagger_layer_units_exponent_0': 9, 'D_dagger_layer_units_exponent_1': 10, 'log_learning_rate': -1.5844980005520286, 'log_learning_rate_D': -2.301023733082917, 'log_learning_rate_D_dagger': -1.438907763331337, 'training_batch_size': 6, 'training_p': 5}. Best is trial 0 with value: 1.0.
Time for this trial:  499.85729217529297
Memory status after this trial: 
Memory allocated:  273.9453125
Memory cached:  294.0
--------------------  Trial  47   --------------------
Start timing: 
Parameters: 
{'W_layers': 2, 'W_layer_units_exponent_0': 9, 'W_layer_units_exponent_1': 6, 'D_layers': 6, 'D_layer_units_exponent_0': 6, 'D_layer_units_exponent_1': 4, 'D_layer_units_exponent_2': 8, 'D_layer_units_exponent_3': 9, 'D_layer_units_exponent_4': 5, 'D_layer_units_exponent_5': 8, 'D_dagger_layers': 3, 'D_dagger_layer_units_exponent_0': 8, 'D_dagger_layer_units_exponent_1': 10, 'D_dagger_layer_units_exponent_2': 5, 'log_learning_rate': -1.980914700065348, 'log_learning_rate_D': -2.5482147891266815, 'log_learning_rate_D_dagger': -1.66662963380556, 'training_batch_size': 6, 'training_p': 4}
	 epoch  0 training error:  tensor(2.4155, device='cuda:0', grad_fn=<DivBackward0>)
Memory status after this epoch: 
Memory allocated:  7.826171875
Memory cached:  136.0
	 epoch  10 training error:  tensor(1.8179, device='cuda:0', grad_fn=<DivBackward0>)
Memory status after this epoch: 
Memory allocated:  7.826171875
Memory cached:  222.0
	 epoch  20 training error:  tensor(1.7157, device='cuda:0', grad_fn=<DivBackward0>)
Memory status after this epoch: 
Memory allocated:  7.826171875
Memory cached:  220.0
[W 2023-11-29 09:41:58,552] Trial 47 failed with parameters: {'W_layers': 2, 'W_layer_units_exponent_0': 9, 'W_layer_units_exponent_1': 6, 'D_layers': 6, 'D_layer_units_exponent_0': 6, 'D_layer_units_exponent_1': 4, 'D_layer_units_exponent_2': 8, 'D_layer_units_exponent_3': 9, 'D_layer_units_exponent_4': 5, 'D_layer_units_exponent_5': 8, 'D_dagger_layers': 3, 'D_dagger_layer_units_exponent_0': 8, 'D_dagger_layer_units_exponent_1': 10, 'D_dagger_layer_units_exponent_2': 5, 'log_learning_rate': -1.980914700065348, 'log_learning_rate_D': -2.5482147891266815, 'log_learning_rate_D_dagger': -1.66662963380556, 'training_batch_size': 6, 'training_p': 4} because of the following error: The value nan is not acceptable.
[W 2023-11-29 09:41:58,554] Trial 47 failed with value tensor(nan, device='cuda:0', grad_fn=<DivBackward0>).
Time for this trial:  107.31057858467102
Memory status after this trial: 
Memory allocated:  168.29052734375
Memory cached:  182.0
--------------------  Trial  48   --------------------
Start timing: 
Parameters: 
{'W_layers': 2, 'W_layer_units_exponent_0': 9, 'W_layer_units_exponent_1': 6, 'D_layers': 6, 'D_layer_units_exponent_0': 6, 'D_layer_units_exponent_1': 4, 'D_layer_units_exponent_2': 8, 'D_layer_units_exponent_3': 8, 'D_layer_units_exponent_4': 5, 'D_layer_units_exponent_5': 8, 'D_dagger_layers': 3, 'D_dagger_layer_units_exponent_0': 8, 'D_dagger_layer_units_exponent_1': 8, 'D_dagger_layer_units_exponent_2': 5, 'log_learning_rate': -2.0044755008373407, 'log_learning_rate_D': -2.465270528517489, 'log_learning_rate_D_dagger': -1.7034935431457334, 'training_batch_size': 6, 'training_p': 4}
	 epoch  0 training error:  tensor(3.9287, device='cuda:0', grad_fn=<DivBackward0>)
Memory status after this epoch: 
Memory allocated:  3.271484375
Memory cached:  124.0
	 epoch  10 training error:  tensor(2.9072, device='cuda:0', grad_fn=<DivBackward0>)
Memory status after this epoch: 
Memory allocated:  3.271484375
Memory cached:  164.0
	 epoch  20 training error:  tensor(6.7553, device='cuda:0', grad_fn=<DivBackward0>)
Memory status after this epoch: 
Memory allocated:  3.271484375
Memory cached:  180.0
	 epoch  30 training error:  tensor(4.9764, device='cuda:0', grad_fn=<DivBackward0>)
Memory status after this epoch: 
Memory allocated:  3.271484375
Memory cached:  180.0
	 epoch  40 training error:  tensor(11.1386, device='cuda:0', grad_fn=<DivBackward0>)
Memory status after this epoch: 
Memory allocated:  3.271484375
Memory cached:  182.0
	 epoch  50 training error:  tensor(4.8697, device='cuda:0', grad_fn=<DivBackward0>)
Memory status after this epoch: 
Memory allocated:  3.271484375
Memory cached:  178.0
	 epoch  60 training error:  tensor(4.8688, device='cuda:0', grad_fn=<DivBackward0>)
Memory status after this epoch: 
Memory allocated:  3.271484375
Memory cached:  174.0
	 epoch  70 training error:  tensor(5.0038, device='cuda:0', grad_fn=<DivBackward0>)
Memory status after this epoch: 
Memory allocated:  3.271484375
Memory cached:  174.0
	 epoch  80 training error:  tensor(4.9664, device='cuda:0', grad_fn=<DivBackward0>)
Memory status after this epoch: 
Memory allocated:  3.271484375
Memory cached:  180.0
	 epoch  90 training error:  tensor(4.7693, device='cuda:0', grad_fn=<DivBackward0>)
Memory status after this epoch: 
Memory allocated:  3.271484375
Memory cached:  174.0
[I 2023-11-29 09:49:35,201] Trial 48 finished with value: 4.174754619598389 and parameters: {'W_layers': 2, 'W_layer_units_exponent_0': 9, 'W_layer_units_exponent_1': 6, 'D_layers': 6, 'D_layer_units_exponent_0': 6, 'D_layer_units_exponent_1': 4, 'D_layer_units_exponent_2': 8, 'D_layer_units_exponent_3': 8, 'D_layer_units_exponent_4': 5, 'D_layer_units_exponent_5': 8, 'D_dagger_layers': 3, 'D_dagger_layer_units_exponent_0': 8, 'D_dagger_layer_units_exponent_1': 8, 'D_dagger_layer_units_exponent_2': 5, 'log_learning_rate': -2.0044755008373407, 'log_learning_rate_D': -2.465270528517489, 'log_learning_rate_D_dagger': -1.7034935431457334, 'training_batch_size': 6, 'training_p': 4}. Best is trial 0 with value: 1.0.
Time for this trial:  456.38340067863464
Memory status after this trial: 
Memory allocated:  110.67919921875
Memory cached:  150.0
--------------------  Trial  49   --------------------
Start timing: 
Parameters: 
{'W_layers': 3, 'W_layer_units_exponent_0': 7, 'W_layer_units_exponent_1': 5, 'W_layer_units_exponent_2': 4, 'D_layers': 7, 'D_layer_units_exponent_0': 5, 'D_layer_units_exponent_1': 5, 'D_layer_units_exponent_2': 8, 'D_layer_units_exponent_3': 4, 'D_layer_units_exponent_4': 4, 'D_layer_units_exponent_5': 8, 'D_layer_units_exponent_6': 8, 'D_dagger_layers': 4, 'D_dagger_layer_units_exponent_0': 9, 'D_dagger_layer_units_exponent_1': 10, 'D_dagger_layer_units_exponent_2': 4, 'D_dagger_layer_units_exponent_3': 9, 'log_learning_rate': -2.5308256484926934, 'log_learning_rate_D': -2.6600812325438774, 'log_learning_rate_D_dagger': -1.2812117485462613, 'training_batch_size': 7, 'training_p': 4}
	 epoch  0 training error:  tensor(5.7648, device='cuda:0', grad_fn=<DivBackward0>)
Memory status after this epoch: 
Memory allocated:  10.10302734375
Memory cached:  178.0
	 epoch  10 training error:  tensor(58.3731, device='cuda:0', grad_fn=<DivBackward0>)
Memory status after this epoch: 
Memory allocated:  10.10302734375
Memory cached:  282.0
	 epoch  20 training error:  tensor(63.6861, device='cuda:0', grad_fn=<DivBackward0>)
Memory status after this epoch: 
Memory allocated:  10.10302734375
Memory cached:  286.0
	 epoch  30 training error:  tensor(59.7345, device='cuda:0', grad_fn=<DivBackward0>)
Memory status after this epoch: 
Memory allocated:  10.10302734375
Memory cached:  278.0
	 epoch  40 training error:  tensor(56.7404, device='cuda:0', grad_fn=<DivBackward0>)
Memory status after this epoch: 
Memory allocated:  10.10302734375
Memory cached:  292.0
	 epoch  50 training error:  tensor(55.4022, device='cuda:0', grad_fn=<DivBackward0>)
Memory status after this epoch: 
Memory allocated:  10.10302734375
Memory cached:  290.0
	 epoch  60 training error:  tensor(49.9163, device='cuda:0', grad_fn=<DivBackward0>)
Memory status after this epoch: 
Memory allocated:  10.10302734375
Memory cached:  298.0
	 epoch  70 training error:  tensor(49.8327, device='cuda:0', grad_fn=<DivBackward0>)
Memory status after this epoch: 
Memory allocated:  10.10302734375
Memory cached:  286.0
	 epoch  80 training error:  tensor(47.4408, device='cuda:0', grad_fn=<DivBackward0>)
Memory status after this epoch: 
Memory allocated:  10.10302734375
Memory cached:  292.0
	 epoch  90 training error:  tensor(46.0053, device='cuda:0', grad_fn=<DivBackward0>)
Memory status after this epoch: 
Memory allocated:  10.10302734375
Memory cached:  290.0
[I 2023-11-29 09:54:23,833] Trial 49 finished with value: 42.48384475708008 and parameters: {'W_layers': 3, 'W_layer_units_exponent_0': 7, 'W_layer_units_exponent_1': 5, 'W_layer_units_exponent_2': 4, 'D_layers': 7, 'D_layer_units_exponent_0': 5, 'D_layer_units_exponent_1': 5, 'D_layer_units_exponent_2': 8, 'D_layer_units_exponent_3': 4, 'D_layer_units_exponent_4': 4, 'D_layer_units_exponent_5': 8, 'D_layer_units_exponent_6': 8, 'D_dagger_layers': 4, 'D_dagger_layer_units_exponent_0': 9, 'D_dagger_layer_units_exponent_1': 10, 'D_dagger_layer_units_exponent_2': 4, 'D_dagger_layer_units_exponent_3': 9, 'log_learning_rate': -2.5308256484926934, 'log_learning_rate_D': -2.6600812325438774, 'log_learning_rate_D_dagger': -1.2812117485462613, 'training_batch_size': 7, 'training_p': 4}. Best is trial 0 with value: 1.0.
[I 2023-11-29 09:54:23,880] A new study created in memory with name: no-name-921ec8f9-a0dc-4dcb-bf40-aca8915205bc
Time for this trial:  288.3682975769043
Memory status after this trial: 
Memory allocated:  174.61572265625
Memory cached:  210.0
--------------------  Trial  0   --------------------
Start timing: 
Parameters: 
{'W_layers': 8, 'W_layer_units_exponent_0': 6, 'W_layer_units_exponent_1': 9, 'W_layer_units_exponent_2': 5, 'W_layer_units_exponent_3': 5, 'W_layer_units_exponent_4': 4, 'W_layer_units_exponent_5': 4, 'W_layer_units_exponent_6': 7, 'W_layer_units_exponent_7': 8, 'D_layers': 6, 'D_layer_units_exponent_0': 10, 'D_layer_units_exponent_1': 9, 'D_layer_units_exponent_2': 7, 'D_layer_units_exponent_3': 8, 'D_layer_units_exponent_4': 9, 'D_layer_units_exponent_5': 9, 'D_dagger_layers': 8, 'D_dagger_layer_units_exponent_0': 9, 'D_dagger_layer_units_exponent_1': 10, 'D_dagger_layer_units_exponent_2': 9, 'D_dagger_layer_units_exponent_3': 7, 'D_dagger_layer_units_exponent_4': 7, 'D_dagger_layer_units_exponent_5': 9, 'D_dagger_layer_units_exponent_6': 9, 'D_dagger_layer_units_exponent_7': 8, 'log_learning_rate': -1.9648499058219007, 'log_learning_rate_D': -1.6491360470321457, 'log_learning_rate_D_dagger': -3.510382895079316, 'training_batch_size': 9, 'training_p': 8}
	 epoch  0 training error:  tensor(29.1616, device='cuda:0', grad_fn=<DivBackward0>)
Memory status after this epoch: 
Memory allocated:  41.83447265625
Memory cached:  208.0
	 epoch  10 training error:  tensor(29.8400, device='cuda:0', grad_fn=<DivBackward0>)
Memory status after this epoch: 
Memory allocated:  41.83447265625
Memory cached:  392.0
	 epoch  20 training error:  tensor(27.1450, device='cuda:0', grad_fn=<DivBackward0>)
Memory status after this epoch: 
Memory allocated:  41.83447265625
Memory cached:  392.0
	 epoch  30 training error:  tensor(27.2683, device='cuda:0', grad_fn=<DivBackward0>)
Memory status after this epoch: 
Memory allocated:  41.83447265625
Memory cached:  404.0
	 epoch  40 training error:  tensor(27.3338, device='cuda:0', grad_fn=<DivBackward0>)
Memory status after this epoch: 
Memory allocated:  41.83447265625
Memory cached:  398.0
	 epoch  50 training error:  tensor(25.4864, device='cuda:0', grad_fn=<DivBackward0>)
Memory status after this epoch: 
Memory allocated:  41.83447265625
Memory cached:  400.0
	 epoch  60 training error:  tensor(25.4001, device='cuda:0', grad_fn=<DivBackward0>)
Memory status after this epoch: 
Memory allocated:  41.83447265625
Memory cached:  402.0
	 epoch  70 training error:  tensor(24.8952, device='cuda:0', grad_fn=<DivBackward0>)
Memory status after this epoch: 
Memory allocated:  41.83447265625
Memory cached:  388.0
	 epoch  80 training error:  tensor(22.6480, device='cuda:0', grad_fn=<DivBackward0>)
Memory status after this epoch: 
Memory allocated:  41.83447265625
Memory cached:  394.0
	 epoch  90 training error:  tensor(23.7786, device='cuda:0', grad_fn=<DivBackward0>)
Memory status after this epoch: 
Memory allocated:  41.83447265625
Memory cached:  408.0
[I 2023-11-29 10:01:35,986] Trial 0 finished with value: 20.750410079956055 and parameters: {'W_layers': 8, 'W_layer_units_exponent_0': 6, 'W_layer_units_exponent_1': 9, 'W_layer_units_exponent_2': 5, 'W_layer_units_exponent_3': 5, 'W_layer_units_exponent_4': 4, 'W_layer_units_exponent_5': 4, 'W_layer_units_exponent_6': 7, 'W_layer_units_exponent_7': 8, 'D_layers': 6, 'D_layer_units_exponent_0': 10, 'D_layer_units_exponent_1': 9, 'D_layer_units_exponent_2': 7, 'D_layer_units_exponent_3': 8, 'D_layer_units_exponent_4': 9, 'D_layer_units_exponent_5': 9, 'D_dagger_layers': 8, 'D_dagger_layer_units_exponent_0': 9, 'D_dagger_layer_units_exponent_1': 10, 'D_dagger_layer_units_exponent_2': 9, 'D_dagger_layer_units_exponent_3': 7, 'D_dagger_layer_units_exponent_4': 7, 'D_dagger_layer_units_exponent_5': 9, 'D_dagger_layer_units_exponent_6': 9, 'D_dagger_layer_units_exponent_7': 8, 'log_learning_rate': -1.9648499058219007, 'log_learning_rate_D': -1.6491360470321457, 'log_learning_rate_D_dagger': -3.510382895079316, 'training_batch_size': 9, 'training_p': 8}. Best is trial 0 with value: 20.750410079956055.
Time for this trial:  431.98292803764343
Memory status after this trial: 
Memory allocated:  431.61279296875
Memory cached:  450.0
--------------------  Trial  1   --------------------
Start timing: 
Parameters: 
{'W_layers': 5, 'W_layer_units_exponent_0': 5, 'W_layer_units_exponent_1': 5, 'W_layer_units_exponent_2': 9, 'W_layer_units_exponent_3': 9, 'W_layer_units_exponent_4': 5, 'D_layers': 4, 'D_layer_units_exponent_0': 4, 'D_layer_units_exponent_1': 5, 'D_layer_units_exponent_2': 5, 'D_layer_units_exponent_3': 8, 'D_dagger_layers': 6, 'D_dagger_layer_units_exponent_0': 5, 'D_dagger_layer_units_exponent_1': 5, 'D_dagger_layer_units_exponent_2': 5, 'D_dagger_layer_units_exponent_3': 6, 'D_dagger_layer_units_exponent_4': 7, 'D_dagger_layer_units_exponent_5': 9, 'log_learning_rate': -3.9238735631539963, 'log_learning_rate_D': -4.5966039480972976, 'log_learning_rate_D_dagger': -2.636007355539283, 'training_batch_size': 11, 'training_p': 8}
	 epoch  0 training error:  tensor(15.1402, device='cuda:0', grad_fn=<DivBackward0>)
Memory status after this epoch: 
Memory allocated:  6.1748046875
Memory cached:  126.0
	 epoch  10 training error:  tensor(3.8228, device='cuda:0', grad_fn=<DivBackward0>)
Memory status after this epoch: 
Memory allocated:  6.1748046875
Memory cached:  220.0
	 epoch  20 training error:  tensor(2.3297, device='cuda:0', grad_fn=<DivBackward0>)
Memory status after this epoch: 
Memory allocated:  6.1748046875
Memory cached:  228.0
	 epoch  30 training error:  tensor(2.7457, device='cuda:0', grad_fn=<DivBackward0>)
Memory status after this epoch: 
Memory allocated:  6.1748046875
Memory cached:  228.0
	 epoch  40 training error:  tensor(2.0700, device='cuda:0', grad_fn=<DivBackward0>)
Memory status after this epoch: 
Memory allocated:  6.1748046875
Memory cached:  226.0
	 epoch  50 training error:  tensor(1.6176, device='cuda:0', grad_fn=<DivBackward0>)
Memory status after this epoch: 
Memory allocated:  6.1748046875
Memory cached:  220.0
	 epoch  60 training error:  tensor(1.3304, device='cuda:0', grad_fn=<DivBackward0>)
Memory status after this epoch: 
Memory allocated:  6.1748046875
Memory cached:  226.0
	 epoch  70 training error:  tensor(1.2229, device='cuda:0', grad_fn=<DivBackward0>)
Memory status after this epoch: 
Memory allocated:  6.1748046875
Memory cached:  230.0
	 epoch  80 training error:  tensor(1.8911, device='cuda:0', grad_fn=<DivBackward0>)
Memory status after this epoch: 
Memory allocated:  6.1748046875
Memory cached:  228.0
	 epoch  90 training error:  tensor(1.4657, device='cuda:0', grad_fn=<DivBackward0>)
Memory status after this epoch: 
Memory allocated:  6.1748046875
Memory cached:  230.0
