[I 2023-11-29 03:47:01,055] Trial 28 finished with value: 1.0035673379898071 and parameters: {'W_layers': 4, 'W_layer_units_exponent_0': 7, 'W_layer_units_exponent_1': 8, 'W_layer_units_exponent_2': 5, 'W_layer_units_exponent_3': 7, 'D_layers': 2, 'D_layer_units_exponent_0': 4, 'D_layer_units_exponent_1': 6, 'D_dagger_layers': 2, 'D_dagger_layer_units_exponent_0': 6, 'D_dagger_layer_units_exponent_1': 6, 'log_learning_rate': -2.611340682866027, 'log_learning_rate_D': -4.1101880154750825, 'log_learning_rate_D_dagger': -1.846068392358411, 'training_batch_size': 9, 'training_p': 5}. Best is trial 8 with value: 1.0.
Time for this trial:  187.46309304237366
Memory status after this trial: 
Memory allocated:  42.291015625
Memory cached:  78.0
--------------------  Trial  29   --------------------
Start timing: 
Parameters: 
{'W_layers': 3, 'W_layer_units_exponent_0': 6, 'W_layer_units_exponent_1': 4, 'W_layer_units_exponent_2': 7, 'D_layers': 6, 'D_layer_units_exponent_0': 6, 'D_layer_units_exponent_1': 4, 'D_layer_units_exponent_2': 8, 'D_layer_units_exponent_3': 8, 'D_layer_units_exponent_4': 9, 'D_layer_units_exponent_5': 7, 'D_dagger_layers': 4, 'D_dagger_layer_units_exponent_0': 4, 'D_dagger_layer_units_exponent_1': 7, 'D_dagger_layer_units_exponent_2': 6, 'D_dagger_layer_units_exponent_3': 6, 'log_learning_rate': -3.0348390136955823, 'log_learning_rate_D': -4.732944343079753, 'log_learning_rate_D_dagger': -2.31827819777756, 'training_batch_size': 10, 'training_p': 7}
	 epoch  0 training error:  tensor(6.1655, device='cuda:0', grad_fn=<DivBackward0>)
Memory status after this epoch: 
Memory allocated:  4.603515625
Memory cached:  126.0
	 epoch  10 training error:  tensor(3.0807, device='cuda:0', grad_fn=<DivBackward0>)
Memory status after this epoch: 
Memory allocated:  4.603515625
Memory cached:  180.0
	 epoch  20 training error:  tensor(2.3115, device='cuda:0', grad_fn=<DivBackward0>)
Memory status after this epoch: 
Memory allocated:  4.603515625
Memory cached:  176.0
	 epoch  30 training error:  tensor(3.2318, device='cuda:0', grad_fn=<DivBackward0>)
Memory status after this epoch: 
Memory allocated:  4.603515625
Memory cached:  176.0
	 epoch  40 training error:  tensor(2.8810, device='cuda:0', grad_fn=<DivBackward0>)
Memory status after this epoch: 
Memory allocated:  4.603515625
Memory cached:  188.0
	 epoch  50 training error:  tensor(2.7072, device='cuda:0', grad_fn=<DivBackward0>)
Memory status after this epoch: 
Memory allocated:  4.603515625
Memory cached:  184.0
	 epoch  60 training error:  tensor(2.5610, device='cuda:0', grad_fn=<DivBackward0>)
Memory status after this epoch: 
Memory allocated:  4.603515625
Memory cached:  188.0
	 epoch  70 training error:  tensor(2.7324, device='cuda:0', grad_fn=<DivBackward0>)
Memory status after this epoch: 
Memory allocated:  4.603515625
Memory cached:  184.0
	 epoch  80 training error:  tensor(2.8154, device='cuda:0', grad_fn=<DivBackward0>)
Memory status after this epoch: 
Memory allocated:  4.603515625
Memory cached:  174.0
	 epoch  90 training error:  tensor(2.7872, device='cuda:0', grad_fn=<DivBackward0>)
Memory status after this epoch: 
Memory allocated:  4.603515625
Memory cached:  182.0
[I 2023-11-29 03:51:25,781] Trial 29 finished with value: 1.6953295469284058 and parameters: {'W_layers': 3, 'W_layer_units_exponent_0': 6, 'W_layer_units_exponent_1': 4, 'W_layer_units_exponent_2': 7, 'D_layers': 6, 'D_layer_units_exponent_0': 6, 'D_layer_units_exponent_1': 4, 'D_layer_units_exponent_2': 8, 'D_layer_units_exponent_3': 8, 'D_layer_units_exponent_4': 9, 'D_layer_units_exponent_5': 7, 'D_dagger_layers': 4, 'D_dagger_layer_units_exponent_0': 4, 'D_dagger_layer_units_exponent_1': 7, 'D_dagger_layer_units_exponent_2': 6, 'D_dagger_layer_units_exponent_3': 6, 'log_learning_rate': -3.0348390136955823, 'log_learning_rate_D': -4.732944343079753, 'log_learning_rate_D_dagger': -2.31827819777756, 'training_batch_size': 10, 'training_p': 7}. Best is trial 8 with value: 1.0.
Time for this trial:  264.4868426322937
Memory status after this trial: 
Memory allocated:  95.98046875
Memory cached:  138.0
--------------------  Trial  30   --------------------
Start timing: 
Parameters: 
{'W_layers': 2, 'W_layer_units_exponent_0': 9, 'W_layer_units_exponent_1': 6, 'D_layers': 3, 'D_layer_units_exponent_0': 7, 'D_layer_units_exponent_1': 9, 'D_layer_units_exponent_2': 10, 'D_dagger_layers': 2, 'D_dagger_layer_units_exponent_0': 5, 'D_dagger_layer_units_exponent_1': 5, 'log_learning_rate': -1.6661710082475194, 'log_learning_rate_D': -4.2628026161740085, 'log_learning_rate_D_dagger': -1.2699067337703613, 'training_batch_size': 7, 'training_p': 3}
	 epoch  0 training error:  tensor(1.4076, device='cuda:0', grad_fn=<DivBackward0>)
Memory status after this epoch: 
Memory allocated:  9.8076171875
Memory cached:  152.0
	 epoch  10 training error:  tensor(1.6830, device='cuda:0', grad_fn=<DivBackward0>)
Memory status after this epoch: 
Memory allocated:  9.8076171875
Memory cached:  240.0
	 epoch  20 training error:  tensor(1.5934, device='cuda:0', grad_fn=<DivBackward0>)
Memory status after this epoch: 
Memory allocated:  9.8076171875
Memory cached:  236.0
	 epoch  30 training error:  tensor(1.1662, device='cuda:0', grad_fn=<DivBackward0>)
Memory status after this epoch: 
Memory allocated:  9.8076171875
Memory cached:  238.0
	 epoch  40 training error:  tensor(1.2702, device='cuda:0', grad_fn=<DivBackward0>)
Memory status after this epoch: 
Memory allocated:  9.8076171875
Memory cached:  242.0
	 epoch  50 training error:  tensor(1.1786, device='cuda:0', grad_fn=<DivBackward0>)
Memory status after this epoch: 
Memory allocated:  9.8076171875
Memory cached:  228.0
	 epoch  60 training error:  tensor(1.2068, device='cuda:0', grad_fn=<DivBackward0>)
Memory status after this epoch: 
Memory allocated:  9.8076171875
Memory cached:  240.0
	 epoch  70 training error:  tensor(1.1464, device='cuda:0', grad_fn=<DivBackward0>)
Memory status after this epoch: 
Memory allocated:  9.8076171875
Memory cached:  238.0
	 epoch  80 training error:  tensor(1.1349, device='cuda:0', grad_fn=<DivBackward0>)
Memory status after this epoch: 
Memory allocated:  9.8076171875
Memory cached:  238.0
	 epoch  90 training error:  tensor(1.1213, device='cuda:0', grad_fn=<DivBackward0>)
Memory status after this epoch: 
Memory allocated:  9.8076171875
Memory cached:  230.0
[I 2023-11-29 03:54:28,520] Trial 30 finished with value: 1.1000837087631226 and parameters: {'W_layers': 2, 'W_layer_units_exponent_0': 9, 'W_layer_units_exponent_1': 6, 'D_layers': 3, 'D_layer_units_exponent_0': 7, 'D_layer_units_exponent_1': 9, 'D_layer_units_exponent_2': 10, 'D_dagger_layers': 2, 'D_dagger_layer_units_exponent_0': 5, 'D_dagger_layer_units_exponent_1': 5, 'log_learning_rate': -1.6661710082475194, 'log_learning_rate_D': -4.2628026161740085, 'log_learning_rate_D_dagger': -1.2699067337703613, 'training_batch_size': 7, 'training_p': 3}. Best is trial 8 with value: 1.0.
Time for this trial:  182.52807879447937
Memory status after this trial: 
Memory allocated:  129.65283203125
Memory cached:  184.0
--------------------  Trial  31   --------------------
Start timing: 
Parameters: 
{'W_layers': 2, 'W_layer_units_exponent_0': 4, 'W_layer_units_exponent_1': 7, 'D_layers': 5, 'D_layer_units_exponent_0': 8, 'D_layer_units_exponent_1': 7, 'D_layer_units_exponent_2': 6, 'D_layer_units_exponent_3': 6, 'D_layer_units_exponent_4': 6, 'D_dagger_layers': 6, 'D_dagger_layer_units_exponent_0': 8, 'D_dagger_layer_units_exponent_1': 8, 'D_dagger_layer_units_exponent_2': 5, 'D_dagger_layer_units_exponent_3': 9, 'D_dagger_layer_units_exponent_4': 7, 'D_dagger_layer_units_exponent_5': 10, 'log_learning_rate': -2.9628980125548257, 'log_learning_rate_D': -4.693585742618298, 'log_learning_rate_D_dagger': -1.251335095685878, 'training_batch_size': 12, 'training_p': 5}
	 epoch  0 training error:  tensor(14.1755, device='cuda:0', grad_fn=<DivBackward0>)
Memory status after this epoch: 
Memory allocated:  5.5
Memory cached:  144.0
	 epoch  10 training error:  tensor(1., device='cuda:0', grad_fn=<DivBackward0>)
Memory status after this epoch: 
Memory allocated:  5.5
Memory cached:  270.0
	 epoch  20 training error:  tensor(1., device='cuda:0', grad_fn=<DivBackward0>)
Memory status after this epoch: 
Memory allocated:  5.5
Memory cached:  270.0
	 epoch  30 training error:  tensor(1., device='cuda:0', grad_fn=<DivBackward0>)
Memory status after this epoch: 
Memory allocated:  5.5
Memory cached:  274.0
	 epoch  40 training error:  tensor(1., device='cuda:0', grad_fn=<DivBackward0>)
Memory status after this epoch: 
Memory allocated:  5.5
Memory cached:  260.0
	 epoch  50 training error:  tensor(1., device='cuda:0', grad_fn=<DivBackward0>)
Memory status after this epoch: 
Memory allocated:  5.5
Memory cached:  268.0
	 epoch  60 training error:  tensor(1., device='cuda:0', grad_fn=<DivBackward0>)
Memory status after this epoch: 
Memory allocated:  5.5
Memory cached:  268.0
	 epoch  70 training error:  tensor(1., device='cuda:0', grad_fn=<DivBackward0>)
Memory status after this epoch: 
Memory allocated:  5.5
Memory cached:  274.0
	 epoch  80 training error:  tensor(1., device='cuda:0', grad_fn=<DivBackward0>)
Memory status after this epoch: 
Memory allocated:  5.5
Memory cached:  262.0
	 epoch  90 training error:  tensor(1., device='cuda:0', grad_fn=<DivBackward0>)
Memory status after this epoch: 
Memory allocated:  5.5
Memory cached:  266.0
[I 2023-11-29 03:59:01,237] Trial 31 finished with value: 8.836609840393066 and parameters: {'W_layers': 2, 'W_layer_units_exponent_0': 4, 'W_layer_units_exponent_1': 7, 'D_layers': 5, 'D_layer_units_exponent_0': 8, 'D_layer_units_exponent_1': 7, 'D_layer_units_exponent_2': 6, 'D_layer_units_exponent_3': 6, 'D_layer_units_exponent_4': 6, 'D_dagger_layers': 6, 'D_dagger_layer_units_exponent_0': 8, 'D_dagger_layer_units_exponent_1': 8, 'D_dagger_layer_units_exponent_2': 5, 'D_dagger_layer_units_exponent_3': 9, 'D_dagger_layer_units_exponent_4': 7, 'D_dagger_layer_units_exponent_5': 10, 'log_learning_rate': -2.9628980125548257, 'log_learning_rate_D': -4.693585742618298, 'log_learning_rate_D_dagger': -1.251335095685878, 'training_batch_size': 12, 'training_p': 5}. Best is trial 8 with value: 1.0.
Time for this trial:  272.4945013523102
Memory status after this trial: 
Memory allocated:  162.17041015625
Memory cached:  206.0
--------------------  Trial  32   --------------------
Start timing: 
Parameters: 
{'W_layers': 7, 'W_layer_units_exponent_0': 8, 'W_layer_units_exponent_1': 5, 'W_layer_units_exponent_2': 4, 'W_layer_units_exponent_3': 7, 'W_layer_units_exponent_4': 9, 'W_layer_units_exponent_5': 6, 'W_layer_units_exponent_6': 4, 'D_layers': 7, 'D_layer_units_exponent_0': 7, 'D_layer_units_exponent_1': 5, 'D_layer_units_exponent_2': 9, 'D_layer_units_exponent_3': 10, 'D_layer_units_exponent_4': 10, 'D_layer_units_exponent_5': 8, 'D_layer_units_exponent_6': 7, 'D_dagger_layers': 3, 'D_dagger_layer_units_exponent_0': 4, 'D_dagger_layer_units_exponent_1': 9, 'D_dagger_layer_units_exponent_2': 8, 'log_learning_rate': -2.3327714667707053, 'log_learning_rate_D': -3.8734576803159886, 'log_learning_rate_D_dagger': -1.023067391075536, 'training_batch_size': 6, 'training_p': 2}
	 epoch  0 training error:  tensor(1.8799, device='cuda:0', grad_fn=<DivBackward0>)
Memory status after this epoch: 
Memory allocated:  33.080078125
Memory cached:  204.0
	 epoch  10 training error:  tensor(32.5556, device='cuda:0', grad_fn=<DivBackward0>)
Memory status after this epoch: 
Memory allocated:  33.080078125
Memory cached:  302.0
	 epoch  20 training error:  tensor(59.6750, device='cuda:0', grad_fn=<DivBackward0>)
Memory status after this epoch: 
Memory allocated:  33.080078125
Memory cached:  306.0
	 epoch  30 training error:  tensor(62.0180, device='cuda:0', grad_fn=<DivBackward0>)
Memory status after this epoch: 
Memory allocated:  33.080078125
Memory cached:  318.0
	 epoch  40 training error:  tensor(63.8789, device='cuda:0', grad_fn=<DivBackward0>)
Memory status after this epoch: 
Memory allocated:  33.080078125
Memory cached:  318.0
	 epoch  50 training error:  tensor(63.4335, device='cuda:0', grad_fn=<DivBackward0>)
Memory status after this epoch: 
Memory allocated:  33.080078125
Memory cached:  318.0
	 epoch  60 training error:  tensor(60.7263, device='cuda:0', grad_fn=<DivBackward0>)
Memory status after this epoch: 
Memory allocated:  33.080078125
Memory cached:  314.0
	 epoch  70 training error:  tensor(72.2032, device='cuda:0', grad_fn=<DivBackward0>)
Memory status after this epoch: 
Memory allocated:  33.080078125
Memory cached:  312.0
	 epoch  80 training error:  tensor(64.2508, device='cuda:0', grad_fn=<DivBackward0>)
Memory status after this epoch: 
Memory allocated:  33.080078125
Memory cached:  324.0
	 epoch  90 training error:  tensor(64.6002, device='cuda:0', grad_fn=<DivBackward0>)
Memory status after this epoch: 
Memory allocated:  33.080078125
Memory cached:  318.0
[I 2023-11-29 04:09:48,420] Trial 32 finished with value: 78.88162231445312 and parameters: {'W_layers': 7, 'W_layer_units_exponent_0': 8, 'W_layer_units_exponent_1': 5, 'W_layer_units_exponent_2': 4, 'W_layer_units_exponent_3': 7, 'W_layer_units_exponent_4': 9, 'W_layer_units_exponent_5': 6, 'W_layer_units_exponent_6': 4, 'D_layers': 7, 'D_layer_units_exponent_0': 7, 'D_layer_units_exponent_1': 5, 'D_layer_units_exponent_2': 9, 'D_layer_units_exponent_3': 10, 'D_layer_units_exponent_4': 10, 'D_layer_units_exponent_5': 8, 'D_layer_units_exponent_6': 7, 'D_dagger_layers': 3, 'D_dagger_layer_units_exponent_0': 4, 'D_dagger_layer_units_exponent_1': 9, 'D_dagger_layer_units_exponent_2': 8, 'log_learning_rate': -2.3327714667707053, 'log_learning_rate_D': -3.8734576803159886, 'log_learning_rate_D_dagger': -1.023067391075536, 'training_batch_size': 6, 'training_p': 2}. Best is trial 8 with value: 1.0.
Time for this trial:  646.8930442333221
Memory status after this trial: 
Memory allocated:  282.5947265625
Memory cached:  296.0
--------------------  Trial  33   --------------------
Start timing: 
Parameters: 
{'W_layers': 3, 'W_layer_units_exponent_0': 6, 'W_layer_units_exponent_1': 8, 'W_layer_units_exponent_2': 6, 'D_layers': 4, 'D_layer_units_exponent_0': 5, 'D_layer_units_exponent_1': 6, 'D_layer_units_exponent_2': 5, 'D_layer_units_exponent_3': 8, 'D_dagger_layers': 4, 'D_dagger_layer_units_exponent_0': 5, 'D_dagger_layer_units_exponent_1': 8, 'D_dagger_layer_units_exponent_2': 9, 'D_dagger_layer_units_exponent_3': 8, 'log_learning_rate': -3.8141774385826706, 'log_learning_rate_D': -3.599822035390482, 'log_learning_rate_D_dagger': -2.253076210552682, 'training_batch_size': 8, 'training_p': 4}
	 epoch  0 training error:  tensor(3.6745, device='cuda:0', grad_fn=<DivBackward0>)
Memory status after this epoch: 
Memory allocated:  5.0751953125
Memory cached:  130.0
	 epoch  10 training error:  tensor(4.6305, device='cuda:0', grad_fn=<DivBackward0>)
Memory status after this epoch: 
Memory allocated:  5.0751953125
Memory cached:  194.0
	 epoch  20 training error:  tensor(5.7889, device='cuda:0', grad_fn=<DivBackward0>)
Memory status after this epoch: 
Memory allocated:  5.0751953125
Memory cached:  188.0
	 epoch  30 training error:  tensor(5.5830, device='cuda:0', grad_fn=<DivBackward0>)
Memory status after this epoch: 
Memory allocated:  5.0751953125
Memory cached:  192.0
	 epoch  40 training error:  tensor(5.9781, device='cuda:0', grad_fn=<DivBackward0>)
Memory status after this epoch: 
Memory allocated:  5.0751953125
Memory cached:  196.0
	 epoch  50 training error:  tensor(5.7894, device='cuda:0', grad_fn=<DivBackward0>)
Memory status after this epoch: 
Memory allocated:  5.0751953125
Memory cached:  196.0
	 epoch  60 training error:  tensor(5.8079, device='cuda:0', grad_fn=<DivBackward0>)
Memory status after this epoch: 
Memory allocated:  5.0751953125
Memory cached:  194.0
	 epoch  70 training error:  tensor(5.2329, device='cuda:0', grad_fn=<DivBackward0>)
Memory status after this epoch: 
Memory allocated:  5.0751953125
Memory cached:  200.0
	 epoch  80 training error:  tensor(5.3894, device='cuda:0', grad_fn=<DivBackward0>)
Memory status after this epoch: 
Memory allocated:  5.0751953125
Memory cached:  192.0
	 epoch  90 training error:  tensor(6.3474, device='cuda:0', grad_fn=<DivBackward0>)
Memory status after this epoch: 
Memory allocated:  5.0751953125
Memory cached:  190.0
[I 2023-11-29 04:13:47,170] Trial 33 finished with value: 6.325852394104004 and parameters: {'W_layers': 3, 'W_layer_units_exponent_0': 6, 'W_layer_units_exponent_1': 8, 'W_layer_units_exponent_2': 6, 'D_layers': 4, 'D_layer_units_exponent_0': 5, 'D_layer_units_exponent_1': 6, 'D_layer_units_exponent_2': 5, 'D_layer_units_exponent_3': 8, 'D_dagger_layers': 4, 'D_dagger_layer_units_exponent_0': 5, 'D_dagger_layer_units_exponent_1': 8, 'D_dagger_layer_units_exponent_2': 9, 'D_dagger_layer_units_exponent_3': 8, 'log_learning_rate': -3.8141774385826706, 'log_learning_rate_D': -3.599822035390482, 'log_learning_rate_D_dagger': -2.253076210552682, 'training_batch_size': 8, 'training_p': 4}. Best is trial 8 with value: 1.0.
Time for this trial:  238.49836945533752
Memory status after this trial: 
Memory allocated:  102.14599609375
Memory cached:  154.0
--------------------  Trial  34   --------------------
Start timing: 
Parameters: 
{'W_layers': 3, 'W_layer_units_exponent_0': 6, 'W_layer_units_exponent_1': 8, 'W_layer_units_exponent_2': 6, 'D_layers': 4, 'D_layer_units_exponent_0': 5, 'D_layer_units_exponent_1': 6, 'D_layer_units_exponent_2': 5, 'D_layer_units_exponent_3': 7, 'D_dagger_layers': 5, 'D_dagger_layer_units_exponent_0': 5, 'D_dagger_layer_units_exponent_1': 10, 'D_dagger_layer_units_exponent_2': 10, 'D_dagger_layer_units_exponent_3': 8, 'D_dagger_layer_units_exponent_4': 10, 'log_learning_rate': -3.4471931327992364, 'log_learning_rate_D': -3.4820211864093533, 'log_learning_rate_D_dagger': -2.752887644500441, 'training_batch_size': 9, 'training_p': 4}
	 epoch  0 training error:  tensor(7.5128, device='cuda:0', grad_fn=<DivBackward0>)
Memory status after this epoch: 
Memory allocated:  25.51416015625
Memory cached:  174.0
	 epoch  10 training error:  tensor(6.1041, device='cuda:0', grad_fn=<DivBackward0>)
Memory status after this epoch: 
Memory allocated:  25.51416015625
Memory cached:  316.0
	 epoch  20 training error:  tensor(4.6871, device='cuda:0', grad_fn=<DivBackward0>)
Memory status after this epoch: 
Memory allocated:  25.51416015625
Memory cached:  322.0
	 epoch  30 training error:  tensor(5.1646, device='cuda:0', grad_fn=<DivBackward0>)
Memory status after this epoch: 
Memory allocated:  25.51416015625
Memory cached:  336.0
	 epoch  40 training error:  tensor(5.8208, device='cuda:0', grad_fn=<DivBackward0>)
Memory status after this epoch: 
Memory allocated:  25.51416015625
Memory cached:  308.0
	 epoch  50 training error:  tensor(5.9840, device='cuda:0', grad_fn=<DivBackward0>)
Memory status after this epoch: 
Memory allocated:  25.51416015625
Memory cached:  322.0
	 epoch  60 training error:  tensor(5.8479, device='cuda:0', grad_fn=<DivBackward0>)
Memory status after this epoch: 
Memory allocated:  25.51416015625
Memory cached:  328.0
	 epoch  70 training error:  tensor(5.7963, device='cuda:0', grad_fn=<DivBackward0>)
Memory status after this epoch: 
Memory allocated:  25.51416015625
Memory cached:  312.0
	 epoch  80 training error:  tensor(6.2214, device='cuda:0', grad_fn=<DivBackward0>)
Memory status after this epoch: 
Memory allocated:  25.51416015625
Memory cached:  322.0
	 epoch  90 training error:  tensor(6.0157, device='cuda:0', grad_fn=<DivBackward0>)
Memory status after this epoch: 
Memory allocated:  25.51416015625
Memory cached:  330.0
