[I 2023-11-29 10:55:14,385] Trial 48 finished with value: 0.06609189510345459 and parameters: {'W_layers': 7, 'W_layer_units_exponent_0': 10, 'W_layer_units_exponent_1': 8, 'W_layer_units_exponent_2': 7, 'W_layer_units_exponent_3': 10, 'W_layer_units_exponent_4': 7, 'W_layer_units_exponent_5': 10, 'W_layer_units_exponent_6': 5, 'D_layers': 7, 'D_layer_units_exponent_0': 4, 'D_layer_units_exponent_1': 9, 'D_layer_units_exponent_2': 4, 'D_layer_units_exponent_3': 5, 'D_layer_units_exponent_4': 10, 'D_layer_units_exponent_5': 10, 'D_layer_units_exponent_6': 10, 'D_dagger_layers': 8, 'D_dagger_layer_units_exponent_0': 7, 'D_dagger_layer_units_exponent_1': 10, 'D_dagger_layer_units_exponent_2': 7, 'D_dagger_layer_units_exponent_3': 5, 'D_dagger_layer_units_exponent_4': 8, 'D_dagger_layer_units_exponent_5': 6, 'D_dagger_layer_units_exponent_6': 10, 'D_dagger_layer_units_exponent_7': 10, 'log_learning_rate': -3.59618567257121, 'log_learning_rate_D': -4.998770712540517, 'log_learning_rate_D_dagger': -3.319205049538057, 'training_batch_size': 10, 'training_p': 4}. Best is trial 18 with value: 0.06241733953356743.
Time for this trial:  18.483189344406128
Memory status after this trial: 
Memory allocated:  297.4375
Memory cached:  374.0
--------------------  Trial  49   --------------------
Start timing: 
Parameters: 
{'W_layers': 4, 'W_layer_units_exponent_0': 9, 'W_layer_units_exponent_1': 10, 'W_layer_units_exponent_2': 4, 'W_layer_units_exponent_3': 7, 'D_layers': 3, 'D_layer_units_exponent_0': 9, 'D_layer_units_exponent_1': 8, 'D_layer_units_exponent_2': 5, 'D_dagger_layers': 7, 'D_dagger_layer_units_exponent_0': 4, 'D_dagger_layer_units_exponent_1': 5, 'D_dagger_layer_units_exponent_2': 7, 'D_dagger_layer_units_exponent_3': 9, 'D_dagger_layer_units_exponent_4': 7, 'D_dagger_layer_units_exponent_5': 7, 'D_dagger_layer_units_exponent_6': 9, 'log_learning_rate': -3.8471035035057586, 'log_learning_rate_D': -4.740041932509018, 'log_learning_rate_D_dagger': -3.0894724974886736, 'training_batch_size': 8, 'training_p': 2}
	 epoch  0 training error:  tensor(1.0006, device='cuda:0', grad_fn=<DivBackward0>)
Memory status after this epoch: 
Memory allocated:  12.74267578125
Memory cached:  48.0
	 epoch  10 training error:  tensor(0.3705, device='cuda:0', grad_fn=<DivBackward0>)
Memory status after this epoch: 
Memory allocated:  12.74267578125
Memory cached:  48.0
	 epoch  20 training error:  tensor(0.1522, device='cuda:0', grad_fn=<DivBackward0>)
Memory status after this epoch: 
Memory allocated:  12.74267578125
Memory cached:  48.0
	 epoch  30 training error:  tensor(0.1064, device='cuda:0', grad_fn=<DivBackward0>)
Memory status after this epoch: 
Memory allocated:  12.74267578125
Memory cached:  48.0
	 epoch  40 training error:  tensor(0.0871, device='cuda:0', grad_fn=<DivBackward0>)
Memory status after this epoch: 
Memory allocated:  12.74267578125
Memory cached:  48.0
	 epoch  50 training error:  tensor(0.0884, device='cuda:0', grad_fn=<DivBackward0>)
Memory status after this epoch: 
Memory allocated:  12.74267578125
Memory cached:  48.0
	 epoch  60 training error:  tensor(0.0862, device='cuda:0', grad_fn=<DivBackward0>)
Memory status after this epoch: 
Memory allocated:  12.74267578125
Memory cached:  48.0
	 epoch  70 training error:  tensor(0.0736, device='cuda:0', grad_fn=<DivBackward0>)
Memory status after this epoch: 
Memory allocated:  12.74267578125
Memory cached:  48.0
	 epoch  80 training error:  tensor(0.0675, device='cuda:0', grad_fn=<DivBackward0>)
Memory status after this epoch: 
Memory allocated:  12.74267578125
Memory cached:  48.0
	 epoch  90 training error:  tensor(0.0617, device='cuda:0', grad_fn=<DivBackward0>)
Memory status after this epoch: 
Memory allocated:  12.74267578125
Memory cached:  48.0
[I 2023-11-29 10:55:31,749] Trial 49 finished with value: 0.06351416558027267 and parameters: {'W_layers': 4, 'W_layer_units_exponent_0': 9, 'W_layer_units_exponent_1': 10, 'W_layer_units_exponent_2': 4, 'W_layer_units_exponent_3': 7, 'D_layers': 3, 'D_layer_units_exponent_0': 9, 'D_layer_units_exponent_1': 8, 'D_layer_units_exponent_2': 5, 'D_dagger_layers': 7, 'D_dagger_layer_units_exponent_0': 4, 'D_dagger_layer_units_exponent_1': 5, 'D_dagger_layer_units_exponent_2': 7, 'D_dagger_layer_units_exponent_3': 9, 'D_dagger_layer_units_exponent_4': 7, 'D_dagger_layer_units_exponent_5': 7, 'D_dagger_layer_units_exponent_6': 9, 'log_learning_rate': -3.8471035035057586, 'log_learning_rate_D': -4.740041932509018, 'log_learning_rate_D_dagger': -3.0894724974886736, 'training_batch_size': 8, 'training_p': 2}. Best is trial 18 with value: 0.06241733953356743.
[I 2023-11-29 10:55:31,750] A new study created in memory with name: no-name-293e6db2-ce54-4e85-8c65-afc18155d356
Time for this trial:  17.172746896743774
Memory status after this trial: 
Memory allocated:  127.8203125
Memory cached:  140.0
--------------------  Trial  0   --------------------
Start timing: 
Parameters: 
{'W_layers': 7, 'W_layer_units_exponent_0': 10, 'W_layer_units_exponent_1': 4, 'W_layer_units_exponent_2': 6, 'W_layer_units_exponent_3': 8, 'W_layer_units_exponent_4': 10, 'W_layer_units_exponent_5': 7, 'W_layer_units_exponent_6': 4, 'D_layers': 7, 'D_layer_units_exponent_0': 5, 'D_layer_units_exponent_1': 4, 'D_layer_units_exponent_2': 8, 'D_layer_units_exponent_3': 8, 'D_layer_units_exponent_4': 6, 'D_layer_units_exponent_5': 4, 'D_layer_units_exponent_6': 4, 'D_dagger_layers': 5, 'D_dagger_layer_units_exponent_0': 6, 'D_dagger_layer_units_exponent_1': 5, 'D_dagger_layer_units_exponent_2': 9, 'D_dagger_layer_units_exponent_3': 5, 'D_dagger_layer_units_exponent_4': 5, 'log_learning_rate': -3.5016176289211174, 'log_learning_rate_D': -3.8831462082162833, 'log_learning_rate_D_dagger': -4.959383688358084, 'training_batch_size': 10, 'training_p': 7}
	 epoch  0 training error:  tensor(1.0033, device='cuda:0', grad_fn=<DivBackward0>)
Memory status after this epoch: 
Memory allocated:  8.65283203125
Memory cached:  128.0
	 epoch  10 training error:  tensor(0.1955, device='cuda:0', grad_fn=<DivBackward0>)
Memory status after this epoch: 
Memory allocated:  8.65283203125
Memory cached:  210.0
	 epoch  20 training error:  tensor(0.2219, device='cuda:0', grad_fn=<DivBackward0>)
Memory status after this epoch: 
Memory allocated:  8.65283203125
Memory cached:  202.0
	 epoch  30 training error:  tensor(0.1571, device='cuda:0', grad_fn=<DivBackward0>)
Memory status after this epoch: 
Memory allocated:  8.65283203125
Memory cached:  214.0
	 epoch  40 training error:  tensor(0.1352, device='cuda:0', grad_fn=<DivBackward0>)
Memory status after this epoch: 
Memory allocated:  8.65283203125
Memory cached:  214.0
	 epoch  50 training error:  tensor(0.1340, device='cuda:0', grad_fn=<DivBackward0>)
Memory status after this epoch: 
Memory allocated:  8.65283203125
Memory cached:  198.0
	 epoch  60 training error:  tensor(0.1328, device='cuda:0', grad_fn=<DivBackward0>)
Memory status after this epoch: 
Memory allocated:  8.65283203125
Memory cached:  204.0
	 epoch  70 training error:  tensor(0.1300, device='cuda:0', grad_fn=<DivBackward0>)
Memory status after this epoch: 
Memory allocated:  8.65283203125
Memory cached:  204.0
	 epoch  80 training error:  tensor(0.1274, device='cuda:0', grad_fn=<DivBackward0>)
Memory status after this epoch: 
Memory allocated:  8.65283203125
Memory cached:  196.0
	 epoch  90 training error:  tensor(0.1252, device='cuda:0', grad_fn=<DivBackward0>)
Memory status after this epoch: 
Memory allocated:  8.65283203125
Memory cached:  208.0
[I 2023-11-29 10:59:09,811] Trial 0 finished with value: 0.1082695946097374 and parameters: {'W_layers': 7, 'W_layer_units_exponent_0': 10, 'W_layer_units_exponent_1': 4, 'W_layer_units_exponent_2': 6, 'W_layer_units_exponent_3': 8, 'W_layer_units_exponent_4': 10, 'W_layer_units_exponent_5': 7, 'W_layer_units_exponent_6': 4, 'D_layers': 7, 'D_layer_units_exponent_0': 5, 'D_layer_units_exponent_1': 4, 'D_layer_units_exponent_2': 8, 'D_layer_units_exponent_3': 8, 'D_layer_units_exponent_4': 6, 'D_layer_units_exponent_5': 4, 'D_layer_units_exponent_6': 4, 'D_dagger_layers': 5, 'D_dagger_layer_units_exponent_0': 6, 'D_dagger_layer_units_exponent_1': 5, 'D_dagger_layer_units_exponent_2': 9, 'D_dagger_layer_units_exponent_3': 5, 'D_dagger_layer_units_exponent_4': 5, 'log_learning_rate': -3.5016176289211174, 'log_learning_rate_D': -3.8831462082162833, 'log_learning_rate_D_dagger': -4.959383688358084, 'training_batch_size': 10, 'training_p': 7}. Best is trial 0 with value: 0.1082695946097374.
Time for this trial:  217.93167304992676
Memory status after this trial: 
Memory allocated:  152.41943359375
Memory cached:  158.0
--------------------  Trial  1   --------------------
Start timing: 
Parameters: 
{'W_layers': 3, 'W_layer_units_exponent_0': 7, 'W_layer_units_exponent_1': 10, 'W_layer_units_exponent_2': 8, 'D_layers': 5, 'D_layer_units_exponent_0': 7, 'D_layer_units_exponent_1': 10, 'D_layer_units_exponent_2': 9, 'D_layer_units_exponent_3': 8, 'D_layer_units_exponent_4': 9, 'D_dagger_layers': 5, 'D_dagger_layer_units_exponent_0': 6, 'D_dagger_layer_units_exponent_1': 6, 'D_dagger_layer_units_exponent_2': 9, 'D_dagger_layer_units_exponent_3': 5, 'D_dagger_layer_units_exponent_4': 4, 'log_learning_rate': -3.6056287673927265, 'log_learning_rate_D': -1.929448479189325, 'log_learning_rate_D_dagger': -4.388507715467751, 'training_batch_size': 10, 'training_p': 2}
	 epoch  0 training error:  tensor(1., device='cuda:0', grad_fn=<DivBackward0>)
Memory status after this epoch: 
Memory allocated:  21.03173828125
Memory cached:  160.0
	 epoch  10 training error:  tensor(1., device='cuda:0', grad_fn=<DivBackward0>)
Memory status after this epoch: 
Memory allocated:  21.03173828125
Memory cached:  260.0
	 epoch  20 training error:  tensor(1., device='cuda:0', grad_fn=<DivBackward0>)
Memory status after this epoch: 
Memory allocated:  21.03173828125
Memory cached:  248.0
	 epoch  30 training error:  tensor(1., device='cuda:0', grad_fn=<DivBackward0>)
Memory status after this epoch: 
Memory allocated:  21.03173828125
Memory cached:  248.0
	 epoch  40 training error:  tensor(1., device='cuda:0', grad_fn=<DivBackward0>)
Memory status after this epoch: 
Memory allocated:  21.03173828125
Memory cached:  250.0
	 epoch  50 training error:  tensor(1., device='cuda:0', grad_fn=<DivBackward0>)
Memory status after this epoch: 
Memory allocated:  21.03173828125
Memory cached:  252.0
	 epoch  60 training error:  tensor(1., device='cuda:0', grad_fn=<DivBackward0>)
Memory status after this epoch: 
Memory allocated:  21.03173828125
Memory cached:  246.0
	 epoch  70 training error:  tensor(1., device='cuda:0', grad_fn=<DivBackward0>)
Memory status after this epoch: 
Memory allocated:  21.03173828125
Memory cached:  248.0
	 epoch  80 training error:  tensor(1., device='cuda:0', grad_fn=<DivBackward0>)
Memory status after this epoch: 
Memory allocated:  21.03173828125
Memory cached:  250.0
	 epoch  90 training error:  tensor(1., device='cuda:0', grad_fn=<DivBackward0>)
Memory status after this epoch: 
Memory allocated:  21.03173828125
Memory cached:  256.0
[I 2023-11-29 11:02:10,042] Trial 1 finished with value: 1.0 and parameters: {'W_layers': 3, 'W_layer_units_exponent_0': 7, 'W_layer_units_exponent_1': 10, 'W_layer_units_exponent_2': 8, 'D_layers': 5, 'D_layer_units_exponent_0': 7, 'D_layer_units_exponent_1': 10, 'D_layer_units_exponent_2': 9, 'D_layer_units_exponent_3': 8, 'D_layer_units_exponent_4': 9, 'D_dagger_layers': 5, 'D_dagger_layer_units_exponent_0': 6, 'D_dagger_layer_units_exponent_1': 6, 'D_dagger_layer_units_exponent_2': 9, 'D_dagger_layer_units_exponent_3': 5, 'D_dagger_layer_units_exponent_4': 4, 'log_learning_rate': -3.6056287673927265, 'log_learning_rate_D': -1.929448479189325, 'log_learning_rate_D_dagger': -4.388507715467751, 'training_batch_size': 10, 'training_p': 2}. Best is trial 0 with value: 0.1082695946097374.
Time for this trial:  180.06575393676758
Memory status after this trial: 
Memory allocated:  183.08154296875
Memory cached:  206.0
--------------------  Trial  2   --------------------
Start timing: 
Parameters: 
{'W_layers': 5, 'W_layer_units_exponent_0': 5, 'W_layer_units_exponent_1': 4, 'W_layer_units_exponent_2': 7, 'W_layer_units_exponent_3': 7, 'W_layer_units_exponent_4': 8, 'D_layers': 5, 'D_layer_units_exponent_0': 9, 'D_layer_units_exponent_1': 6, 'D_layer_units_exponent_2': 5, 'D_layer_units_exponent_3': 9, 'D_layer_units_exponent_4': 7, 'D_dagger_layers': 3, 'D_dagger_layer_units_exponent_0': 8, 'D_dagger_layer_units_exponent_1': 5, 'D_dagger_layer_units_exponent_2': 10, 'log_learning_rate': -2.972085238386233, 'log_learning_rate_D': -2.717383376261058, 'log_learning_rate_D_dagger': -3.777844904751563, 'training_batch_size': 11, 'training_p': 2}
	 epoch  0 training error:  tensor(1.0905, device='cuda:0', grad_fn=<DivBackward0>)
Memory status after this epoch: 
Memory allocated:  3.40673828125
Memory cached:  132.0
	 epoch  10 training error:  tensor(0.1887, device='cuda:0', grad_fn=<DivBackward0>)
Memory status after this epoch: 
Memory allocated:  3.40673828125
Memory cached:  174.0
	 epoch  20 training error:  tensor(0.1589, device='cuda:0', grad_fn=<DivBackward0>)
Memory status after this epoch: 
Memory allocated:  3.40673828125
Memory cached:  166.0
	 epoch  30 training error:  tensor(0.1198, device='cuda:0', grad_fn=<DivBackward0>)
Memory status after this epoch: 
Memory allocated:  3.40673828125
Memory cached:  170.0
	 epoch  40 training error:  tensor(0.0820, device='cuda:0', grad_fn=<DivBackward0>)
Memory status after this epoch: 
Memory allocated:  3.40673828125
Memory cached:  164.0
	 epoch  50 training error:  tensor(0.0746, device='cuda:0', grad_fn=<DivBackward0>)
Memory status after this epoch: 
Memory allocated:  3.40673828125
Memory cached:  170.0
	 epoch  60 training error:  tensor(0.0694, device='cuda:0', grad_fn=<DivBackward0>)
Memory status after this epoch: 
Memory allocated:  3.40673828125
Memory cached:  168.0
[W 2023-11-29 11:03:56,098] Trial 2 failed with parameters: {'W_layers': 5, 'W_layer_units_exponent_0': 5, 'W_layer_units_exponent_1': 4, 'W_layer_units_exponent_2': 7, 'W_layer_units_exponent_3': 7, 'W_layer_units_exponent_4': 8, 'D_layers': 5, 'D_layer_units_exponent_0': 9, 'D_layer_units_exponent_1': 6, 'D_layer_units_exponent_2': 5, 'D_layer_units_exponent_3': 9, 'D_layer_units_exponent_4': 7, 'D_dagger_layers': 3, 'D_dagger_layer_units_exponent_0': 8, 'D_dagger_layer_units_exponent_1': 5, 'D_dagger_layer_units_exponent_2': 10, 'log_learning_rate': -2.972085238386233, 'log_learning_rate_D': -2.717383376261058, 'log_learning_rate_D_dagger': -3.777844904751563, 'training_batch_size': 11, 'training_p': 2} because of the following error: KeyboardInterrupt().
Traceback (most recent call last):
  File "/home/shengduo/anaconda3/lib/python3.9/site-packages/optuna/study/_optimize.py", line 200, in _run_trial
    value_or_values = func(trial)
  File "/home/shengduo/RateAndStateWithPotential/TuneDimXi_logV_WDsep_deltaTSqed.py", line 209, in objective
    avg_training_loss = train1Epoch(trainDataLoader, Loss, myWD, params['training_p'])
  File "/home/shengduo/RateAndStateWithPotential/FrictionNNModels.py", line 169, in train1Epoch
    myPot.calf(Xs, XDots, ts)
  File "/home/shengduo/RateAndStateWithPotential/FrictionNNModels.py", line 117, in calf
    xiNext = list_xis[-1] + torch.autograd.grad(outputs=D, inputs=this_input, create_graph=True)[0] * (t[:, idx + 1:idx + 2] - t[:, idx:idx + 1])
  File "/home/shengduo/anaconda3/lib/python3.9/site-packages/torch/autograd/__init__.py", line 276, in grad
    return Variable._execution_engine.run_backward(  # Calls into the C++ engine to run the backward pass
KeyboardInterrupt
[W 2023-11-29 11:03:56,100] Trial 2 failed with value None.
Traceback (most recent call last):
  File "/home/shengduo/RateAndStateWithPotential/TuneDimXi_logV_WDsep_deltaTSqed.py", line 258, in <module>
    this_study.optimize(myOpt.objective, n_trials=50)
  File "/home/shengduo/anaconda3/lib/python3.9/site-packages/optuna/study/study.py", line 442, in optimize
    _optimize(
  File "/home/shengduo/anaconda3/lib/python3.9/site-packages/optuna/study/_optimize.py", line 66, in _optimize
    _optimize_sequential(
  File "/home/shengduo/anaconda3/lib/python3.9/site-packages/optuna/study/_optimize.py", line 163, in _optimize_sequential
    frozen_trial = _run_trial(study, func, catch)
  File "/home/shengduo/anaconda3/lib/python3.9/site-packages/optuna/study/_optimize.py", line 251, in _run_trial
    raise func_err
  File "/home/shengduo/anaconda3/lib/python3.9/site-packages/optuna/study/_optimize.py", line 200, in _run_trial
    value_or_values = func(trial)
  File "/home/shengduo/RateAndStateWithPotential/TuneDimXi_logV_WDsep_deltaTSqed.py", line 209, in objective
    avg_training_loss = train1Epoch(trainDataLoader, Loss, myWD, params['training_p'])
  File "/home/shengduo/RateAndStateWithPotential/FrictionNNModels.py", line 169, in train1Epoch
    myPot.calf(Xs, XDots, ts)
  File "/home/shengduo/RateAndStateWithPotential/FrictionNNModels.py", line 117, in calf
    xiNext = list_xis[-1] + torch.autograd.grad(outputs=D, inputs=this_input, create_graph=True)[0] * (t[:, idx + 1:idx + 2] - t[:, idx:idx + 1])
  File "/home/shengduo/anaconda3/lib/python3.9/site-packages/torch/autograd/__init__.py", line 276, in grad
    return Variable._execution_engine.run_backward(  # Calls into the C++ engine to run the backward pass
KeyboardInterrupt
