[I 2023-11-29 03:21:34,119] Trial 22 finished with value: 3.396843671798706 and parameters: {'W_layers': 5, 'W_layer_units_exponent_0': 6, 'W_layer_units_exponent_1': 7, 'W_layer_units_exponent_2': 8, 'W_layer_units_exponent_3': 10, 'W_layer_units_exponent_4': 6, 'D_layers': 7, 'D_layer_units_exponent_0': 6, 'D_layer_units_exponent_1': 10, 'D_layer_units_exponent_2': 6, 'D_layer_units_exponent_3': 9, 'D_layer_units_exponent_4': 9, 'D_layer_units_exponent_5': 4, 'D_layer_units_exponent_6': 4, 'D_dagger_layers': 4, 'D_dagger_layer_units_exponent_0': 9, 'D_dagger_layer_units_exponent_1': 10, 'D_dagger_layer_units_exponent_2': 8, 'D_dagger_layer_units_exponent_3': 4, 'log_learning_rate': -3.187328769202453, 'log_learning_rate_D': -3.197346889991975, 'log_learning_rate_D_dagger': -1.325193203916345, 'training_batch_size': 9, 'training_p': 8}. Best is trial 8 with value: 1.0.
Time for this trial:  334.6756067276001
Memory status after this trial: 
Memory allocated:  313.57080078125
Memory cached:  340.0
--------------------  Trial  23   --------------------
Start timing: 
Parameters: 
{'W_layers': 7, 'W_layer_units_exponent_0': 9, 'W_layer_units_exponent_1': 4, 'W_layer_units_exponent_2': 6, 'W_layer_units_exponent_3': 10, 'W_layer_units_exponent_4': 10, 'W_layer_units_exponent_5': 8, 'W_layer_units_exponent_6': 10, 'D_layers': 2, 'D_layer_units_exponent_0': 6, 'D_layer_units_exponent_1': 4, 'D_dagger_layers': 2, 'D_dagger_layer_units_exponent_0': 4, 'D_dagger_layer_units_exponent_1': 6, 'log_learning_rate': -1.2375792634487222, 'log_learning_rate_D': -4.861187947369759, 'log_learning_rate_D_dagger': -1.0292255181360783, 'training_batch_size': 8, 'training_p': 2}
	 epoch  0 training error:  tensor(1.1435, device='cuda:0', grad_fn=<DivBackward0>)
Memory status after this epoch: 
Memory allocated:  25.5732421875
Memory cached:  188.0
	 epoch  10 training error:  tensor(1., device='cuda:0', grad_fn=<DivBackward0>)
Memory status after this epoch: 
Memory allocated:  25.5732421875
Memory cached:  300.0
	 epoch  20 training error:  tensor(1., device='cuda:0', grad_fn=<DivBackward0>)
Memory status after this epoch: 
Memory allocated:  25.5732421875
Memory cached:  310.0
	 epoch  30 training error:  tensor(1., device='cuda:0', grad_fn=<DivBackward0>)
Memory status after this epoch: 
Memory allocated:  25.5732421875
Memory cached:  306.0
	 epoch  40 training error:  tensor(1., device='cuda:0', grad_fn=<DivBackward0>)
Memory status after this epoch: 
Memory allocated:  25.5732421875
Memory cached:  304.0
	 epoch  50 training error:  tensor(1., device='cuda:0', grad_fn=<DivBackward0>)
Memory status after this epoch: 
Memory allocated:  25.5732421875
Memory cached:  300.0
	 epoch  60 training error:  tensor(1., device='cuda:0', grad_fn=<DivBackward0>)
Memory status after this epoch: 
Memory allocated:  25.5732421875
Memory cached:  314.0
	 epoch  70 training error:  tensor(1., device='cuda:0', grad_fn=<DivBackward0>)
Memory status after this epoch: 
Memory allocated:  25.5732421875
Memory cached:  304.0
	 epoch  80 training error:  tensor(1., device='cuda:0', grad_fn=<DivBackward0>)
Memory status after this epoch: 
Memory allocated:  25.5732421875
Memory cached:  310.0
	 epoch  90 training error:  tensor(1., device='cuda:0', grad_fn=<DivBackward0>)
Memory status after this epoch: 
Memory allocated:  25.5732421875
Memory cached:  308.0
[I 2023-11-29 03:25:46,786] Trial 23 finished with value: 1.0 and parameters: {'W_layers': 7, 'W_layer_units_exponent_0': 9, 'W_layer_units_exponent_1': 4, 'W_layer_units_exponent_2': 6, 'W_layer_units_exponent_3': 10, 'W_layer_units_exponent_4': 10, 'W_layer_units_exponent_5': 8, 'W_layer_units_exponent_6': 10, 'D_layers': 2, 'D_layer_units_exponent_0': 6, 'D_layer_units_exponent_1': 4, 'D_dagger_layers': 2, 'D_dagger_layer_units_exponent_0': 4, 'D_dagger_layer_units_exponent_1': 6, 'log_learning_rate': -1.2375792634487222, 'log_learning_rate_D': -4.861187947369759, 'log_learning_rate_D_dagger': -1.0292255181360783, 'training_batch_size': 8, 'training_p': 2}. Best is trial 8 with value: 1.0.
Time for this trial:  252.42140769958496
Memory status after this trial: 
Memory allocated:  235.3212890625
Memory cached:  254.0
--------------------  Trial  24   --------------------
Start timing: 
Parameters: 
{'W_layers': 5, 'W_layer_units_exponent_0': 10, 'W_layer_units_exponent_1': 5, 'W_layer_units_exponent_2': 6, 'W_layer_units_exponent_3': 9, 'W_layer_units_exponent_4': 9, 'D_layers': 2, 'D_layer_units_exponent_0': 5, 'D_layer_units_exponent_1': 5, 'D_dagger_layers': 2, 'D_dagger_layer_units_exponent_0': 4, 'D_dagger_layer_units_exponent_1': 5, 'log_learning_rate': -1.3844119324898756, 'log_learning_rate_D': -4.975661869665564, 'log_learning_rate_D_dagger': -1.0014613273944208, 'training_batch_size': 8, 'training_p': 3}
	 epoch  0 training error:  tensor(1.1238, device='cuda:0', grad_fn=<DivBackward0>)
Memory status after this epoch: 
Memory allocated:  5.359375
Memory cached:  126.0
	 epoch  10 training error:  tensor(1.4429, device='cuda:0', grad_fn=<DivBackward0>)
Memory status after this epoch: 
Memory allocated:  5.359375
Memory cached:  218.0
	 epoch  20 training error:  tensor(1., device='cuda:0', grad_fn=<DivBackward0>)
Memory status after this epoch: 
Memory allocated:  5.359375
Memory cached:  214.0
	 epoch  30 training error:  tensor(1., device='cuda:0', grad_fn=<DivBackward0>)
Memory status after this epoch: 
Memory allocated:  5.359375
Memory cached:  216.0
	 epoch  40 training error:  tensor(1., device='cuda:0', grad_fn=<DivBackward0>)
Memory status after this epoch: 
Memory allocated:  5.359375
Memory cached:  214.0
	 epoch  50 training error:  tensor(1., device='cuda:0', grad_fn=<DivBackward0>)
Memory status after this epoch: 
Memory allocated:  5.359375
Memory cached:  214.0
	 epoch  60 training error:  tensor(1., device='cuda:0', grad_fn=<DivBackward0>)
Memory status after this epoch: 
Memory allocated:  5.359375
Memory cached:  216.0
	 epoch  70 training error:  tensor(1., device='cuda:0', grad_fn=<DivBackward0>)
Memory status after this epoch: 
Memory allocated:  5.359375
Memory cached:  216.0
	 epoch  80 training error:  tensor(1., device='cuda:0', grad_fn=<DivBackward0>)
Memory status after this epoch: 
Memory allocated:  5.359375
Memory cached:  212.0
	 epoch  90 training error:  tensor(1., device='cuda:0', grad_fn=<DivBackward0>)
Memory status after this epoch: 
Memory allocated:  5.359375
Memory cached:  214.0
[I 2023-11-29 03:29:18,671] Trial 24 finished with value: 1.0 and parameters: {'W_layers': 5, 'W_layer_units_exponent_0': 10, 'W_layer_units_exponent_1': 5, 'W_layer_units_exponent_2': 6, 'W_layer_units_exponent_3': 9, 'W_layer_units_exponent_4': 9, 'D_layers': 2, 'D_layer_units_exponent_0': 5, 'D_layer_units_exponent_1': 5, 'D_dagger_layers': 2, 'D_dagger_layer_units_exponent_0': 4, 'D_dagger_layer_units_exponent_1': 5, 'log_learning_rate': -1.3844119324898756, 'log_learning_rate_D': -4.975661869665564, 'log_learning_rate_D_dagger': -1.0014613273944208, 'training_batch_size': 8, 'training_p': 3}. Best is trial 8 with value: 1.0.
Time for this trial:  211.65002465248108
Memory status after this trial: 
Memory allocated:  126.09716796875
Memory cached:  154.0
--------------------  Trial  25   --------------------
Start timing: 
Parameters: 
{'W_layers': 7, 'W_layer_units_exponent_0': 9, 'W_layer_units_exponent_1': 4, 'W_layer_units_exponent_2': 7, 'W_layer_units_exponent_3': 8, 'W_layer_units_exponent_4': 9, 'W_layer_units_exponent_5': 10, 'W_layer_units_exponent_6': 9, 'D_layers': 3, 'D_layer_units_exponent_0': 4, 'D_layer_units_exponent_1': 4, 'D_layer_units_exponent_2': 8, 'D_dagger_layers': 3, 'D_dagger_layer_units_exponent_0': 5, 'D_dagger_layer_units_exponent_1': 6, 'D_dagger_layer_units_exponent_2': 10, 'log_learning_rate': -1.0128136584726675, 'log_learning_rate_D': -4.548843863433613, 'log_learning_rate_D_dagger': -1.3886057113585035, 'training_batch_size': 7, 'training_p': 2}
	 epoch  0 training error:  tensor(2.2067, device='cuda:0', grad_fn=<DivBackward0>)
Memory status after this epoch: 
Memory allocated:  20.177734375
Memory cached:  172.0
	 epoch  10 training error:  tensor(1., device='cuda:0', grad_fn=<DivBackward0>)
Memory status after this epoch: 
Memory allocated:  20.177734375
Memory cached:  316.0
	 epoch  20 training error:  tensor(1., device='cuda:0', grad_fn=<DivBackward0>)
Memory status after this epoch: 
Memory allocated:  20.177734375
Memory cached:  336.0
	 epoch  30 training error:  tensor(1., device='cuda:0', grad_fn=<DivBackward0>)
Memory status after this epoch: 
Memory allocated:  20.177734375
Memory cached:  316.0
	 epoch  40 training error:  tensor(1., device='cuda:0', grad_fn=<DivBackward0>)
Memory status after this epoch: 
Memory allocated:  20.177734375
Memory cached:  328.0
	 epoch  50 training error:  tensor(1., device='cuda:0', grad_fn=<DivBackward0>)
Memory status after this epoch: 
Memory allocated:  20.177734375
Memory cached:  316.0
	 epoch  60 training error:  tensor(1., device='cuda:0', grad_fn=<DivBackward0>)
Memory status after this epoch: 
Memory allocated:  20.177734375
Memory cached:  326.0
	 epoch  70 training error:  tensor(1., device='cuda:0', grad_fn=<DivBackward0>)
Memory status after this epoch: 
Memory allocated:  20.177734375
Memory cached:  326.0
	 epoch  80 training error:  tensor(1., device='cuda:0', grad_fn=<DivBackward0>)
Memory status after this epoch: 
Memory allocated:  20.177734375
Memory cached:  328.0
	 epoch  90 training error:  tensor(1., device='cuda:0', grad_fn=<DivBackward0>)
Memory status after this epoch: 
Memory allocated:  20.177734375
Memory cached:  340.0
[I 2023-11-29 03:34:02,360] Trial 25 finished with value: 1.0 and parameters: {'W_layers': 7, 'W_layer_units_exponent_0': 9, 'W_layer_units_exponent_1': 4, 'W_layer_units_exponent_2': 7, 'W_layer_units_exponent_3': 8, 'W_layer_units_exponent_4': 9, 'W_layer_units_exponent_5': 10, 'W_layer_units_exponent_6': 9, 'D_layers': 3, 'D_layer_units_exponent_0': 4, 'D_layer_units_exponent_1': 4, 'D_layer_units_exponent_2': 8, 'D_dagger_layers': 3, 'D_dagger_layer_units_exponent_0': 5, 'D_dagger_layer_units_exponent_1': 6, 'D_dagger_layer_units_exponent_2': 10, 'log_learning_rate': -1.0128136584726675, 'log_learning_rate_D': -4.548843863433613, 'log_learning_rate_D_dagger': -1.3886057113585035, 'training_batch_size': 7, 'training_p': 2}. Best is trial 8 with value: 1.0.
Time for this trial:  283.4519839286804
Memory status after this trial: 
Memory allocated:  248.08544921875
Memory cached:  264.0
--------------------  Trial  26   --------------------
Start timing: 
Parameters: 
{'W_layers': 6, 'W_layer_units_exponent_0': 8, 'W_layer_units_exponent_1': 5, 'W_layer_units_exponent_2': 5, 'W_layer_units_exponent_3': 9, 'W_layer_units_exponent_4': 8, 'W_layer_units_exponent_5': 8, 'D_layers': 4, 'D_layer_units_exponent_0': 8, 'D_layer_units_exponent_1': 5, 'D_layer_units_exponent_2': 4, 'D_layer_units_exponent_3': 6, 'D_dagger_layers': 3, 'D_dagger_layer_units_exponent_0': 4, 'D_dagger_layer_units_exponent_1': 8, 'D_dagger_layer_units_exponent_2': 4, 'log_learning_rate': -1.7742520812439442, 'log_learning_rate_D': -4.481374461593001, 'log_learning_rate_D_dagger': -1.9625231357242905, 'training_batch_size': 9, 'training_p': 4}
	 epoch  0 training error:  tensor(1.0902, device='cuda:0', grad_fn=<DivBackward0>)
Memory status after this epoch: 
Memory allocated:  3.9541015625
Memory cached:  138.0
	 epoch  10 training error:  tensor(1.4281, device='cuda:0', grad_fn=<DivBackward0>)
Memory status after this epoch: 
Memory allocated:  3.9541015625
Memory cached:  210.0
	 epoch  20 training error:  tensor(2.8214, device='cuda:0', grad_fn=<DivBackward0>)
Memory status after this epoch: 
Memory allocated:  3.9541015625
Memory cached:  208.0
	 epoch  30 training error:  tensor(3.2701, device='cuda:0', grad_fn=<DivBackward0>)
Memory status after this epoch: 
Memory allocated:  3.9541015625
Memory cached:  204.0
	 epoch  40 training error:  tensor(3.2791, device='cuda:0', grad_fn=<DivBackward0>)
Memory status after this epoch: 
Memory allocated:  3.9541015625
Memory cached:  212.0
	 epoch  50 training error:  tensor(3.4003, device='cuda:0', grad_fn=<DivBackward0>)
Memory status after this epoch: 
Memory allocated:  3.9541015625
Memory cached:  206.0
	 epoch  60 training error:  tensor(3.4583, device='cuda:0', grad_fn=<DivBackward0>)
Memory status after this epoch: 
Memory allocated:  3.9541015625
Memory cached:  192.0
	 epoch  70 training error:  tensor(3.4901, device='cuda:0', grad_fn=<DivBackward0>)
Memory status after this epoch: 
Memory allocated:  3.9541015625
Memory cached:  210.0
	 epoch  80 training error:  tensor(3.4455, device='cuda:0', grad_fn=<DivBackward0>)
Memory status after this epoch: 
Memory allocated:  3.9541015625
Memory cached:  204.0
	 epoch  90 training error:  tensor(3.5294, device='cuda:0', grad_fn=<DivBackward0>)
Memory status after this epoch: 
Memory allocated:  3.9541015625
Memory cached:  210.0
[I 2023-11-29 03:38:30,793] Trial 26 finished with value: 2.294699192047119 and parameters: {'W_layers': 6, 'W_layer_units_exponent_0': 8, 'W_layer_units_exponent_1': 5, 'W_layer_units_exponent_2': 5, 'W_layer_units_exponent_3': 9, 'W_layer_units_exponent_4': 8, 'W_layer_units_exponent_5': 8, 'D_layers': 4, 'D_layer_units_exponent_0': 8, 'D_layer_units_exponent_1': 5, 'D_layer_units_exponent_2': 4, 'D_layer_units_exponent_3': 6, 'D_dagger_layers': 3, 'D_dagger_layer_units_exponent_0': 4, 'D_dagger_layer_units_exponent_1': 8, 'D_dagger_layer_units_exponent_2': 4, 'log_learning_rate': -1.7742520812439442, 'log_learning_rate_D': -4.481374461593001, 'log_learning_rate_D_dagger': -1.9625231357242905, 'training_batch_size': 9, 'training_p': 4}. Best is trial 8 with value: 1.0.
Time for this trial:  268.1905846595764
Memory status after this trial: 
Memory allocated:  111.79833984375
Memory cached:  154.0
--------------------  Trial  27   --------------------
Start timing: 
Parameters: 
{'W_layers': 5, 'W_layer_units_exponent_0': 7, 'W_layer_units_exponent_1': 7, 'W_layer_units_exponent_2': 9, 'W_layer_units_exponent_3': 5, 'W_layer_units_exponent_4': 10, 'D_layers': 5, 'D_layer_units_exponent_0': 5, 'D_layer_units_exponent_1': 4, 'D_layer_units_exponent_2': 5, 'D_layer_units_exponent_3': 9, 'D_layer_units_exponent_4': 7, 'D_dagger_layers': 6, 'D_dagger_layer_units_exponent_0': 5, 'D_dagger_layer_units_exponent_1': 7, 'D_dagger_layer_units_exponent_2': 9, 'D_dagger_layer_units_exponent_3': 9, 'D_dagger_layer_units_exponent_4': 4, 'D_dagger_layer_units_exponent_5': 4, 'log_learning_rate': -1.9334790980235241, 'log_learning_rate_D': -3.74793138825393, 'log_learning_rate_D_dagger': -1.4040345516265231, 'training_batch_size': 8, 'training_p': 6}
	 epoch  0 training error:  tensor(12.6334, device='cuda:0', grad_fn=<DivBackward0>)
Memory status after this epoch: 
Memory allocated:  8.84814453125
Memory cached:  164.0
	 epoch  10 training error:  tensor(1.0961, device='cuda:0', grad_fn=<DivBackward0>)
Memory status after this epoch: 
Memory allocated:  8.84814453125
Memory cached:  290.0
	 epoch  20 training error:  tensor(1.2108, device='cuda:0', grad_fn=<DivBackward0>)
Memory status after this epoch: 
Memory allocated:  8.84814453125
Memory cached:  286.0
	 epoch  30 training error:  tensor(1.4688, device='cuda:0', grad_fn=<DivBackward0>)
Memory status after this epoch: 
Memory allocated:  8.84814453125
Memory cached:  304.0
	 epoch  40 training error:  tensor(1.1795, device='cuda:0', grad_fn=<DivBackward0>)
Memory status after this epoch: 
Memory allocated:  8.84814453125
Memory cached:  284.0
	 epoch  50 training error:  tensor(5.7180, device='cuda:0', grad_fn=<DivBackward0>)
Memory status after this epoch: 
Memory allocated:  8.84814453125
Memory cached:  294.0
	 epoch  60 training error:  tensor(6.3358, device='cuda:0', grad_fn=<DivBackward0>)
Memory status after this epoch: 
Memory allocated:  8.84814453125
Memory cached:  288.0
	 epoch  70 training error:  tensor(4.4505, device='cuda:0', grad_fn=<DivBackward0>)
Memory status after this epoch: 
Memory allocated:  8.84814453125
Memory cached:  284.0
	 epoch  80 training error:  tensor(5.2081, device='cuda:0', grad_fn=<DivBackward0>)
Memory status after this epoch: 
Memory allocated:  8.84814453125
Memory cached:  282.0
	 epoch  90 training error:  tensor(4.8064, device='cuda:0', grad_fn=<DivBackward0>)
Memory status after this epoch: 
Memory allocated:  8.84814453125
Memory cached:  292.0
[I 2023-11-29 03:43:53,361] Trial 27 finished with value: 3.9023079872131348 and parameters: {'W_layers': 5, 'W_layer_units_exponent_0': 7, 'W_layer_units_exponent_1': 7, 'W_layer_units_exponent_2': 9, 'W_layer_units_exponent_3': 5, 'W_layer_units_exponent_4': 10, 'D_layers': 5, 'D_layer_units_exponent_0': 5, 'D_layer_units_exponent_1': 4, 'D_layer_units_exponent_2': 5, 'D_layer_units_exponent_3': 9, 'D_layer_units_exponent_4': 7, 'D_dagger_layers': 6, 'D_dagger_layer_units_exponent_0': 5, 'D_dagger_layer_units_exponent_1': 7, 'D_dagger_layer_units_exponent_2': 9, 'D_dagger_layer_units_exponent_3': 9, 'D_dagger_layer_units_exponent_4': 4, 'D_dagger_layer_units_exponent_5': 4, 'log_learning_rate': -1.9334790980235241, 'log_learning_rate_D': -3.74793138825393, 'log_learning_rate_D_dagger': -1.4040345516265231, 'training_batch_size': 8, 'training_p': 6}. Best is trial 8 with value: 1.0.
Time for this trial:  322.3083143234253
Memory status after this trial: 
Memory allocated:  209.421875
Memory cached:  214.0
--------------------  Trial  28   --------------------
Start timing: 
Parameters: 
{'W_layers': 4, 'W_layer_units_exponent_0': 7, 'W_layer_units_exponent_1': 8, 'W_layer_units_exponent_2': 5, 'W_layer_units_exponent_3': 7, 'D_layers': 2, 'D_layer_units_exponent_0': 4, 'D_layer_units_exponent_1': 6, 'D_dagger_layers': 2, 'D_dagger_layer_units_exponent_0': 6, 'D_dagger_layer_units_exponent_1': 6, 'log_learning_rate': -2.611340682866027, 'log_learning_rate_D': -4.1101880154750825, 'log_learning_rate_D_dagger': -1.846068392358411, 'training_batch_size': 9, 'training_p': 5}
	 epoch  0 training error:  tensor(1.9668, device='cuda:0', grad_fn=<DivBackward0>)
Memory status after this epoch: 
Memory allocated:  0.96337890625
Memory cached:  78.0
	 epoch  10 training error:  tensor(1.1223, device='cuda:0', grad_fn=<DivBackward0>)
Memory status after this epoch: 
Memory allocated:  0.96337890625
Memory cached:  96.0
	 epoch  20 training error:  tensor(1.0425, device='cuda:0', grad_fn=<DivBackward0>)
Memory status after this epoch: 
Memory allocated:  0.96337890625
Memory cached:  102.0
	 epoch  30 training error:  tensor(1.0245, device='cuda:0', grad_fn=<DivBackward0>)
Memory status after this epoch: 
Memory allocated:  0.96337890625
Memory cached:  100.0
	 epoch  40 training error:  tensor(1.0127, device='cuda:0', grad_fn=<DivBackward0>)
Memory status after this epoch: 
Memory allocated:  0.96337890625
Memory cached:  98.0
	 epoch  50 training error:  tensor(1.0251, device='cuda:0', grad_fn=<DivBackward0>)
Memory status after this epoch: 
Memory allocated:  0.96337890625
Memory cached:  96.0
	 epoch  60 training error:  tensor(1.0077, device='cuda:0', grad_fn=<DivBackward0>)
Memory status after this epoch: 
Memory allocated:  0.96337890625
Memory cached:  100.0
	 epoch  70 training error:  tensor(1.0158, device='cuda:0', grad_fn=<DivBackward0>)
Memory status after this epoch: 
Memory allocated:  0.96337890625
Memory cached:  96.0
	 epoch  80 training error:  tensor(1.0192, device='cuda:0', grad_fn=<DivBackward0>)
Memory status after this epoch: 
Memory allocated:  0.96337890625
Memory cached:  96.0
	 epoch  90 training error:  tensor(1.0161, device='cuda:0', grad_fn=<DivBackward0>)
Memory status after this epoch: 
Memory allocated:  0.96337890625
Memory cached:  92.0
