[I 2023-11-16 05:46:44,323] Trial 42 finished with value: 0.03193723037838936 and parameters: {'W_layers': 5, 'W_layer_units_exponent_0': 6, 'W_layer_units_exponent_1': 5, 'W_layer_units_exponent_2': 10, 'W_layer_units_exponent_3': 4, 'W_layer_units_exponent_4': 5, 'D_layers': 7, 'D_layer_units_exponent_0': 7, 'D_layer_units_exponent_1': 6, 'D_layer_units_exponent_2': 9, 'D_layer_units_exponent_3': 5, 'D_layer_units_exponent_4': 8, 'D_layer_units_exponent_5': 4, 'D_layer_units_exponent_6': 5, 'log_learning_rate': -3.403165794996985, 'log_learning_rate_D': -2.763598561164588, 'training_batch_size': 6, 'training_p': 6}. Best is trial 9 with value: 0.03132004663348198.
Time for this trial:  296.0955066680908
Memory status after this trial: 
Memory allocated:  845.75439453125
Memory cached:  852.0
--------------------  Trial  43   --------------------
Start timing: 
Parameters: 
{'W_layers': 6, 'W_layer_units_exponent_0': 6, 'W_layer_units_exponent_1': 4, 'W_layer_units_exponent_2': 10, 'W_layer_units_exponent_3': 5, 'W_layer_units_exponent_4': 6, 'W_layer_units_exponent_5': 5, 'D_layers': 6, 'D_layer_units_exponent_0': 6, 'D_layer_units_exponent_1': 7, 'D_layer_units_exponent_2': 9, 'D_layer_units_exponent_3': 6, 'D_layer_units_exponent_4': 7, 'D_layer_units_exponent_5': 5, 'log_learning_rate': -2.974186707111355, 'log_learning_rate_D': -3.1662888687989366, 'training_batch_size': 6, 'training_p': 8}
	 epoch  0 training error:  tensor(1.7171, device='cuda:0', grad_fn=<DivBackward0>)
	 epoch  0 test error:  tensor(0.5182, device='cuda:0', grad_fn=<DivBackward0>)
Memory status after this epoch: 
Memory allocated:  437.26806640625
Memory cached:  722.0
	 epoch  10 training error:  tensor(0.3665, device='cuda:0', grad_fn=<DivBackward0>)
	 epoch  10 test error:  tensor(0.0333, device='cuda:0', grad_fn=<DivBackward0>)
Memory status after this epoch: 
Memory allocated:  439.37744140625
Memory cached:  848.0
	 epoch  20 training error:  tensor(0.3426, device='cuda:0', grad_fn=<DivBackward0>)
	 epoch  20 test error:  tensor(0.0323, device='cuda:0', grad_fn=<DivBackward0>)
Memory status after this epoch: 
Memory allocated:  437.26806640625
Memory cached:  848.0
	 epoch  30 training error:  tensor(0.3289, device='cuda:0', grad_fn=<DivBackward0>)
	 epoch  30 test error:  tensor(0.0327, device='cuda:0', grad_fn=<DivBackward0>)
Memory status after this epoch: 
Memory allocated:  439.37744140625
Memory cached:  848.0
	 epoch  40 training error:  tensor(0.3265, device='cuda:0', grad_fn=<DivBackward0>)
	 epoch  40 test error:  tensor(0.0312, device='cuda:0', grad_fn=<DivBackward0>)
Memory status after this epoch: 
Memory allocated:  437.26806640625
Memory cached:  848.0
	 epoch  50 training error:  tensor(0.3276, device='cuda:0', grad_fn=<DivBackward0>)
	 epoch  50 test error:  tensor(0.0317, device='cuda:0', grad_fn=<DivBackward0>)
Memory status after this epoch: 
Memory allocated:  439.37744140625
Memory cached:  848.0
	 epoch  60 training error:  tensor(0.3270, device='cuda:0', grad_fn=<DivBackward0>)
	 epoch  60 test error:  tensor(0.0319, device='cuda:0', grad_fn=<DivBackward0>)
Memory status after this epoch: 
Memory allocated:  437.26806640625
Memory cached:  848.0
	 epoch  70 training error:  tensor(0.3261, device='cuda:0', grad_fn=<DivBackward0>)
	 epoch  70 test error:  tensor(0.0323, device='cuda:0', grad_fn=<DivBackward0>)
Memory status after this epoch: 
Memory allocated:  439.37744140625
Memory cached:  848.0
	 epoch  80 training error:  tensor(0.3371, device='cuda:0', grad_fn=<DivBackward0>)
	 epoch  80 test error:  tensor(0.0320, device='cuda:0', grad_fn=<DivBackward0>)
Memory status after this epoch: 
Memory allocated:  437.26806640625
Memory cached:  848.0
	 epoch  90 training error:  tensor(0.3285, device='cuda:0', grad_fn=<DivBackward0>)
	 epoch  90 test error:  tensor(0.0311, device='cuda:0', grad_fn=<DivBackward0>)
Memory status after this epoch: 
Memory allocated:  439.37744140625
Memory cached:  848.0
[I 2023-11-16 05:51:41,336] Trial 43 finished with value: 0.03221334517002106 and parameters: {'W_layers': 6, 'W_layer_units_exponent_0': 6, 'W_layer_units_exponent_1': 4, 'W_layer_units_exponent_2': 10, 'W_layer_units_exponent_3': 5, 'W_layer_units_exponent_4': 6, 'W_layer_units_exponent_5': 5, 'D_layers': 6, 'D_layer_units_exponent_0': 6, 'D_layer_units_exponent_1': 7, 'D_layer_units_exponent_2': 9, 'D_layer_units_exponent_3': 6, 'D_layer_units_exponent_4': 7, 'D_layer_units_exponent_5': 5, 'log_learning_rate': -2.974186707111355, 'log_learning_rate_D': -3.1662888687989366, 'training_batch_size': 6, 'training_p': 8}. Best is trial 9 with value: 0.03132004663348198.
Time for this trial:  296.693900346756
Memory status after this trial: 
Memory allocated:  840.79736328125
Memory cached:  848.0
--------------------  Trial  44   --------------------
Start timing: 
Parameters: 
{'W_layers': 4, 'W_layer_units_exponent_0': 7, 'W_layer_units_exponent_1': 5, 'W_layer_units_exponent_2': 10, 'W_layer_units_exponent_3': 4, 'D_layers': 7, 'D_layer_units_exponent_0': 7, 'D_layer_units_exponent_1': 5, 'D_layer_units_exponent_2': 8, 'D_layer_units_exponent_3': 5, 'D_layer_units_exponent_4': 6, 'D_layer_units_exponent_5': 4, 'D_layer_units_exponent_6': 4, 'log_learning_rate': -3.276215570364057, 'log_learning_rate_D': -3.4262936200372733, 'training_batch_size': 6, 'training_p': 7}
	 epoch  0 training error:  tensor(2.4849, device='cuda:0', grad_fn=<DivBackward0>)
	 epoch  0 test error:  tensor(0.5080, device='cuda:0', grad_fn=<DivBackward0>)
Memory status after this epoch: 
Memory allocated:  416.2373046875
Memory cached:  700.0
	 epoch  10 training error:  tensor(0.9802, device='cuda:0', grad_fn=<DivBackward0>)
	 epoch  10 test error:  tensor(0.0685, device='cuda:0', grad_fn=<DivBackward0>)
Memory status after this epoch: 
Memory allocated:  414.1279296875
Memory cached:  802.0
	 epoch  20 training error:  tensor(0.6999, device='cuda:0', grad_fn=<DivBackward0>)
	 epoch  20 test error:  tensor(0.0545, device='cuda:0', grad_fn=<DivBackward0>)
Memory status after this epoch: 
Memory allocated:  416.2373046875
Memory cached:  802.0
	 epoch  30 training error:  tensor(0.4690, device='cuda:0', grad_fn=<DivBackward0>)
	 epoch  30 test error:  tensor(0.0342, device='cuda:0', grad_fn=<DivBackward0>)
Memory status after this epoch: 
Memory allocated:  414.1279296875
Memory cached:  802.0
	 epoch  40 training error:  tensor(0.3604, device='cuda:0', grad_fn=<DivBackward0>)
	 epoch  40 test error:  tensor(0.0318, device='cuda:0', grad_fn=<DivBackward0>)
Memory status after this epoch: 
Memory allocated:  416.2373046875
Memory cached:  802.0
	 epoch  50 training error:  tensor(0.3377, device='cuda:0', grad_fn=<DivBackward0>)
	 epoch  50 test error:  tensor(0.0316, device='cuda:0', grad_fn=<DivBackward0>)
Memory status after this epoch: 
Memory allocated:  414.1279296875
Memory cached:  802.0
	 epoch  60 training error:  tensor(0.3345, device='cuda:0', grad_fn=<DivBackward0>)
	 epoch  60 test error:  tensor(0.0317, device='cuda:0', grad_fn=<DivBackward0>)
Memory status after this epoch: 
Memory allocated:  416.2373046875
Memory cached:  802.0
	 epoch  70 training error:  tensor(0.3339, device='cuda:0', grad_fn=<DivBackward0>)
	 epoch  70 test error:  tensor(0.0323, device='cuda:0', grad_fn=<DivBackward0>)
Memory status after this epoch: 
Memory allocated:  414.1279296875
Memory cached:  802.0
	 epoch  80 training error:  tensor(0.3343, device='cuda:0', grad_fn=<DivBackward0>)
	 epoch  80 test error:  tensor(0.0316, device='cuda:0', grad_fn=<DivBackward0>)
Memory status after this epoch: 
Memory allocated:  416.2373046875
Memory cached:  802.0
	 epoch  90 training error:  tensor(0.3351, device='cuda:0', grad_fn=<DivBackward0>)
	 epoch  90 test error:  tensor(0.0323, device='cuda:0', grad_fn=<DivBackward0>)
Memory status after this epoch: 
Memory allocated:  414.1279296875
Memory cached:  802.0
[I 2023-11-16 05:56:20,650] Trial 44 finished with value: 0.03378235176205635 and parameters: {'W_layers': 4, 'W_layer_units_exponent_0': 7, 'W_layer_units_exponent_1': 5, 'W_layer_units_exponent_2': 10, 'W_layer_units_exponent_3': 4, 'D_layers': 7, 'D_layer_units_exponent_0': 7, 'D_layer_units_exponent_1': 5, 'D_layer_units_exponent_2': 8, 'D_layer_units_exponent_3': 5, 'D_layer_units_exponent_4': 6, 'D_layer_units_exponent_5': 4, 'D_layer_units_exponent_6': 4, 'log_learning_rate': -3.276215570364057, 'log_learning_rate_D': -3.4262936200372733, 'training_batch_size': 6, 'training_p': 7}. Best is trial 9 with value: 0.03132004663348198.
Time for this trial:  279.0169565677643
Memory status after this trial: 
Memory allocated:  796.71728515625
Memory cached:  802.0
--------------------  Trial  45   --------------------
Start timing: 
Parameters: 
{'W_layers': 5, 'W_layer_units_exponent_0': 5, 'W_layer_units_exponent_1': 6, 'W_layer_units_exponent_2': 9, 'W_layer_units_exponent_3': 4, 'W_layer_units_exponent_4': 7, 'D_layers': 8, 'D_layer_units_exponent_0': 8, 'D_layer_units_exponent_1': 7, 'D_layer_units_exponent_2': 10, 'D_layer_units_exponent_3': 4, 'D_layer_units_exponent_4': 7, 'D_layer_units_exponent_5': 4, 'D_layer_units_exponent_6': 6, 'D_layer_units_exponent_7': 6, 'log_learning_rate': -2.6646512059644145, 'log_learning_rate_D': -3.0038355782982067, 'training_batch_size': 7, 'training_p': 7}
	 epoch  0 training error:  tensor(0.9034, device='cuda:0', grad_fn=<DivBackward0>)
	 epoch  0 test error:  tensor(0.7125, device='cuda:0', grad_fn=<DivBackward0>)
Memory status after this epoch: 
Memory allocated:  453.5224609375
Memory cached:  738.0
	 epoch  10 training error:  tensor(0.9522, device='cuda:0', grad_fn=<DivBackward0>)
	 epoch  10 test error:  tensor(0.0821, device='cuda:0', grad_fn=<DivBackward0>)
Memory status after this epoch: 
Memory allocated:  455.6318359375
Memory cached:  880.0
	 epoch  20 training error:  tensor(0.8111, device='cuda:0', grad_fn=<DivBackward0>)
	 epoch  20 test error:  tensor(0.0618, device='cuda:0', grad_fn=<DivBackward0>)
Memory status after this epoch: 
Memory allocated:  453.5224609375
Memory cached:  880.0
	 epoch  30 training error:  tensor(0.4163, device='cuda:0', grad_fn=<DivBackward0>)
	 epoch  30 test error:  tensor(0.0357, device='cuda:0', grad_fn=<DivBackward0>)
Memory status after this epoch: 
Memory allocated:  455.6318359375
Memory cached:  880.0
	 epoch  40 training error:  tensor(0.3524, device='cuda:0', grad_fn=<DivBackward0>)
	 epoch  40 test error:  tensor(0.0317, device='cuda:0', grad_fn=<DivBackward0>)
Memory status after this epoch: 
Memory allocated:  453.5224609375
Memory cached:  880.0
	 epoch  50 training error:  tensor(0.3430, device='cuda:0', grad_fn=<DivBackward0>)
	 epoch  50 test error:  tensor(0.0324, device='cuda:0', grad_fn=<DivBackward0>)
Memory status after this epoch: 
Memory allocated:  455.6318359375
Memory cached:  880.0
	 epoch  60 training error:  tensor(0.3404, device='cuda:0', grad_fn=<DivBackward0>)
	 epoch  60 test error:  tensor(0.0323, device='cuda:0', grad_fn=<DivBackward0>)
Memory status after this epoch: 
Memory allocated:  453.5224609375
Memory cached:  880.0
	 epoch  70 training error:  tensor(0.3355, device='cuda:0', grad_fn=<DivBackward0>)
	 epoch  70 test error:  tensor(0.0322, device='cuda:0', grad_fn=<DivBackward0>)
Memory status after this epoch: 
Memory allocated:  455.6318359375
Memory cached:  880.0
	 epoch  80 training error:  tensor(0.3336, device='cuda:0', grad_fn=<DivBackward0>)
	 epoch  80 test error:  tensor(0.0320, device='cuda:0', grad_fn=<DivBackward0>)
Memory status after this epoch: 
Memory allocated:  453.5224609375
Memory cached:  880.0
	 epoch  90 training error:  tensor(0.3328, device='cuda:0', grad_fn=<DivBackward0>)
	 epoch  90 test error:  tensor(0.0317, device='cuda:0', grad_fn=<DivBackward0>)
Memory status after this epoch: 
Memory allocated:  455.6318359375
Memory cached:  880.0
[I 2023-11-16 05:59:23,234] Trial 45 finished with value: 0.03173825889825821 and parameters: {'W_layers': 5, 'W_layer_units_exponent_0': 5, 'W_layer_units_exponent_1': 6, 'W_layer_units_exponent_2': 9, 'W_layer_units_exponent_3': 4, 'W_layer_units_exponent_4': 7, 'D_layers': 8, 'D_layer_units_exponent_0': 8, 'D_layer_units_exponent_1': 7, 'D_layer_units_exponent_2': 10, 'D_layer_units_exponent_3': 4, 'D_layer_units_exponent_4': 7, 'D_layer_units_exponent_5': 4, 'D_layer_units_exponent_6': 6, 'D_layer_units_exponent_7': 6, 'log_learning_rate': -2.6646512059644145, 'log_learning_rate_D': -3.0038355782982067, 'training_batch_size': 7, 'training_p': 7}. Best is trial 9 with value: 0.03132004663348198.
Time for this trial:  182.27943634986877
Memory status after this trial: 
Memory allocated:  871.88818359375
Memory cached:  880.0
--------------------  Trial  46   --------------------
Start timing: 
Parameters: 
{'W_layers': 6, 'W_layer_units_exponent_0': 8, 'W_layer_units_exponent_1': 5, 'W_layer_units_exponent_2': 10, 'W_layer_units_exponent_3': 10, 'W_layer_units_exponent_4': 6, 'W_layer_units_exponent_5': 7, 'D_layers': 7, 'D_layer_units_exponent_0': 7, 'D_layer_units_exponent_1': 8, 'D_layer_units_exponent_2': 9, 'D_layer_units_exponent_3': 5, 'D_layer_units_exponent_4': 4, 'D_layer_units_exponent_5': 7, 'D_layer_units_exponent_6': 5, 'log_learning_rate': -3.6116887526729142, 'log_learning_rate_D': -2.7924994779192813, 'training_batch_size': 6, 'training_p': 8}
	 epoch  0 training error:  tensor(2.1872, device='cuda:0', grad_fn=<DivBackward0>)
	 epoch  0 test error:  tensor(1.0894, device='cuda:0', grad_fn=<DivBackward0>)
Memory status after this epoch: 
Memory allocated:  535.97900390625
Memory cached:  820.0
	 epoch  10 training error:  tensor(1.0675, device='cuda:0', grad_fn=<DivBackward0>)
	 epoch  10 test error:  tensor(0.0880, device='cuda:0', grad_fn=<DivBackward0>)
Memory status after this epoch: 
Memory allocated:  535.18212890625
Memory cached:  1022.0
	 epoch  20 training error:  tensor(0.4565, device='cuda:0', grad_fn=<DivBackward0>)
	 epoch  20 test error:  tensor(0.0370, device='cuda:0', grad_fn=<DivBackward0>)
Memory status after this epoch: 
Memory allocated:  535.97900390625
Memory cached:  1022.0
	 epoch  30 training error:  tensor(0.3430, device='cuda:0', grad_fn=<DivBackward0>)
	 epoch  30 test error:  tensor(0.0379, device='cuda:0', grad_fn=<DivBackward0>)
Memory status after this epoch: 
Memory allocated:  535.18212890625
Memory cached:  1022.0
	 epoch  40 training error:  tensor(0.3372, device='cuda:0', grad_fn=<DivBackward0>)
	 epoch  40 test error:  tensor(0.0330, device='cuda:0', grad_fn=<DivBackward0>)
Memory status after this epoch: 
Memory allocated:  535.97900390625
Memory cached:  1022.0
	 epoch  50 training error:  tensor(0.3318, device='cuda:0', grad_fn=<DivBackward0>)
	 epoch  50 test error:  tensor(0.0320, device='cuda:0', grad_fn=<DivBackward0>)
Memory status after this epoch: 
Memory allocated:  535.18212890625
Memory cached:  1022.0
	 epoch  60 training error:  tensor(0.3309, device='cuda:0', grad_fn=<DivBackward0>)
	 epoch  60 test error:  tensor(0.0320, device='cuda:0', grad_fn=<DivBackward0>)
Memory status after this epoch: 
Memory allocated:  535.97900390625
Memory cached:  1022.0
	 epoch  70 training error:  tensor(0.3297, device='cuda:0', grad_fn=<DivBackward0>)
	 epoch  70 test error:  tensor(0.0317, device='cuda:0', grad_fn=<DivBackward0>)
Memory status after this epoch: 
Memory allocated:  535.18212890625
Memory cached:  1022.0
	 epoch  80 training error:  tensor(0.3285, device='cuda:0', grad_fn=<DivBackward0>)
	 epoch  80 test error:  tensor(0.0316, device='cuda:0', grad_fn=<DivBackward0>)
Memory status after this epoch: 
Memory allocated:  535.97900390625
Memory cached:  1022.0
	 epoch  90 training error:  tensor(0.3285, device='cuda:0', grad_fn=<DivBackward0>)
	 epoch  90 test error:  tensor(0.0316, device='cuda:0', grad_fn=<DivBackward0>)
Memory status after this epoch: 
Memory allocated:  535.18212890625
Memory cached:  1022.0
[I 2023-11-16 06:04:44,835] Trial 46 finished with value: 0.03206629678606987 and parameters: {'W_layers': 6, 'W_layer_units_exponent_0': 8, 'W_layer_units_exponent_1': 5, 'W_layer_units_exponent_2': 10, 'W_layer_units_exponent_3': 10, 'W_layer_units_exponent_4': 6, 'W_layer_units_exponent_5': 7, 'D_layers': 7, 'D_layer_units_exponent_0': 7, 'D_layer_units_exponent_1': 8, 'D_layer_units_exponent_2': 9, 'D_layer_units_exponent_3': 5, 'D_layer_units_exponent_4': 4, 'D_layer_units_exponent_5': 7, 'D_layer_units_exponent_6': 5, 'log_learning_rate': -3.6116887526729142, 'log_learning_rate_D': -2.7924994779192813, 'training_batch_size': 6, 'training_p': 8}. Best is trial 9 with value: 0.03132004663348198.
Time for this trial:  321.274338722229
Memory status after this trial: 
Memory allocated:  1006.07763671875
Memory cached:  1022.0
--------------------  Trial  47   --------------------
Start timing: 
Parameters: 
{'W_layers': 5, 'W_layer_units_exponent_0': 6, 'W_layer_units_exponent_1': 9, 'W_layer_units_exponent_2': 8, 'W_layer_units_exponent_3': 5, 'W_layer_units_exponent_4': 5, 'D_layers': 8, 'D_layer_units_exponent_0': 8, 'D_layer_units_exponent_1': 9, 'D_layer_units_exponent_2': 8, 'D_layer_units_exponent_3': 6, 'D_layer_units_exponent_4': 9, 'D_layer_units_exponent_5': 4, 'D_layer_units_exponent_6': 4, 'D_layer_units_exponent_7': 8, 'log_learning_rate': -3.4805603663781692, 'log_learning_rate_D': -2.571520912432339, 'training_batch_size': 7, 'training_p': 5}
	 epoch  0 training error:  tensor(2.0848, device='cuda:0', grad_fn=<DivBackward0>)
	 epoch  0 test error:  tensor(0.2533, device='cuda:0', grad_fn=<DivBackward0>)
Memory status after this epoch: 
Memory allocated:  476.048828125
Memory cached:  740.0
	 epoch  10 training error:  tensor(0.8735, device='cuda:0', grad_fn=<DivBackward0>)
	 epoch  10 test error:  tensor(0.0454, device='cuda:0', grad_fn=<DivBackward0>)
Memory status after this epoch: 
Memory allocated:  476.845703125
Memory cached:  914.0
	 epoch  20 training error:  tensor(0.5056, device='cuda:0', grad_fn=<DivBackward0>)
	 epoch  20 test error:  tensor(0.0509, device='cuda:0', grad_fn=<DivBackward0>)
Memory status after this epoch: 
Memory allocated:  476.048828125
Memory cached:  914.0
	 epoch  30 training error:  tensor(0.3979, device='cuda:0', grad_fn=<DivBackward0>)
	 epoch  30 test error:  tensor(0.0351, device='cuda:0', grad_fn=<DivBackward0>)
Memory status after this epoch: 
Memory allocated:  476.845703125
Memory cached:  914.0
	 epoch  40 training error:  tensor(0.3628, device='cuda:0', grad_fn=<DivBackward0>)
	 epoch  40 test error:  tensor(0.0330, device='cuda:0', grad_fn=<DivBackward0>)
Memory status after this epoch: 
Memory allocated:  476.048828125
Memory cached:  914.0
	 epoch  50 training error:  tensor(0.3509, device='cuda:0', grad_fn=<DivBackward0>)
	 epoch  50 test error:  tensor(0.0313, device='cuda:0', grad_fn=<DivBackward0>)
Memory status after this epoch: 
Memory allocated:  476.845703125
Memory cached:  914.0
	 epoch  60 training error:  tensor(0.3508, device='cuda:0', grad_fn=<DivBackward0>)
	 epoch  60 test error:  tensor(0.0330, device='cuda:0', grad_fn=<DivBackward0>)
Memory status after this epoch: 
Memory allocated:  476.048828125
Memory cached:  914.0
	 epoch  70 training error:  tensor(0.3499, device='cuda:0', grad_fn=<DivBackward0>)
	 epoch  70 test error:  tensor(0.0315, device='cuda:0', grad_fn=<DivBackward0>)
Memory status after this epoch: 
Memory allocated:  476.845703125
Memory cached:  914.0
	 epoch  80 training error:  tensor(0.3491, device='cuda:0', grad_fn=<DivBackward0>)
	 epoch  80 test error:  tensor(0.0317, device='cuda:0', grad_fn=<DivBackward0>)
Memory status after this epoch: 
Memory allocated:  476.048828125
Memory cached:  916.0
	 epoch  90 training error:  tensor(0.3487, device='cuda:0', grad_fn=<DivBackward0>)
	 epoch  90 test error:  tensor(0.0320, device='cuda:0', grad_fn=<DivBackward0>)
Memory status after this epoch: 
Memory allocated:  476.845703125
Memory cached:  918.0
