[I 2023-11-16 12:05:51,768] Trial 27 finished with value: 0.007595311850309372 and parameters: {'W_layers': 8, 'W_layer_units_exponent_0': 9, 'W_layer_units_exponent_1': 5, 'W_layer_units_exponent_2': 5, 'W_layer_units_exponent_3': 5, 'W_layer_units_exponent_4': 7, 'W_layer_units_exponent_5': 6, 'W_layer_units_exponent_6': 5, 'W_layer_units_exponent_7': 10, 'D_layers': 4, 'D_layer_units_exponent_0': 4, 'D_layer_units_exponent_1': 5, 'D_layer_units_exponent_2': 8, 'D_layer_units_exponent_3': 5, 'D_dagger_layers': 3, 'D_dagger_layer_units_exponent_0': 6, 'D_dagger_layer_units_exponent_1': 9, 'D_dagger_layer_units_exponent_2': 7, 'log_learning_rate': -4.162785244564801, 'log_learning_rate_D': -4.097756855477192, 'log_learning_rate_D_dagger': -1.489367131391791, 'training_batch_size': 6, 'training_p': 8}. Best is trial 23 with value: 0.007120855152606964.
Time for this trial:  22.67080545425415
Memory status after this trial: 
Memory allocated:  140.5791015625
Memory cached:  148.0
--------------------  Trial  28   --------------------
Start timing: 
Parameters: 
{'W_layers': 7, 'W_layer_units_exponent_0': 8, 'W_layer_units_exponent_1': 6, 'W_layer_units_exponent_2': 4, 'W_layer_units_exponent_3': 6, 'W_layer_units_exponent_4': 9, 'W_layer_units_exponent_5': 6, 'W_layer_units_exponent_6': 6, 'D_layers': 4, 'D_layer_units_exponent_0': 7, 'D_layer_units_exponent_1': 5, 'D_layer_units_exponent_2': 7, 'D_layer_units_exponent_3': 4, 'D_dagger_layers': 2, 'D_dagger_layer_units_exponent_0': 5, 'D_dagger_layer_units_exponent_1': 8, 'log_learning_rate': -4.953215928059832, 'log_learning_rate_D': -3.819073511749465, 'log_learning_rate_D_dagger': -1.9381299796974352, 'training_batch_size': 7, 'training_p': 4}
	 epoch  0 training error:  tensor(1.2013, device='cuda:0', grad_fn=<DivBackward0>)
Memory status after this epoch: 
Memory allocated:  1.7080078125
Memory cached:  8.0
	 epoch  10 training error:  tensor(0.2768, device='cuda:0', grad_fn=<DivBackward0>)
Memory status after this epoch: 
Memory allocated:  1.7080078125
Memory cached:  8.0
	 epoch  20 training error:  tensor(0.0621, device='cuda:0', grad_fn=<DivBackward0>)
Memory status after this epoch: 
Memory allocated:  1.7080078125
Memory cached:  10.0
	 epoch  30 training error:  tensor(0.0136, device='cuda:0', grad_fn=<DivBackward0>)
Memory status after this epoch: 
Memory allocated:  1.7080078125
Memory cached:  10.0
	 epoch  40 training error:  tensor(0.1713, device='cuda:0', grad_fn=<DivBackward0>)
Memory status after this epoch: 
Memory allocated:  1.7080078125
Memory cached:  8.0
	 epoch  50 training error:  tensor(0.1219, device='cuda:0', grad_fn=<DivBackward0>)
Memory status after this epoch: 
Memory allocated:  1.7080078125
Memory cached:  8.0
	 epoch  60 training error:  tensor(0.1166, device='cuda:0', grad_fn=<DivBackward0>)
Memory status after this epoch: 
Memory allocated:  1.7080078125
Memory cached:  10.0
	 epoch  70 training error:  tensor(0.0352, device='cuda:0', grad_fn=<DivBackward0>)
Memory status after this epoch: 
Memory allocated:  1.7080078125
Memory cached:  8.0
	 epoch  80 training error:  tensor(0.0664, device='cuda:0', grad_fn=<DivBackward0>)
Memory status after this epoch: 
Memory allocated:  1.7080078125
Memory cached:  8.0
	 epoch  90 training error:  tensor(0.0961, device='cuda:0', grad_fn=<DivBackward0>)
Memory status after this epoch: 
Memory allocated:  1.7080078125
Memory cached:  10.0
[I 2023-11-16 12:06:09,872] Trial 28 finished with value: 0.031904902309179306 and parameters: {'W_layers': 7, 'W_layer_units_exponent_0': 8, 'W_layer_units_exponent_1': 6, 'W_layer_units_exponent_2': 4, 'W_layer_units_exponent_3': 6, 'W_layer_units_exponent_4': 9, 'W_layer_units_exponent_5': 6, 'W_layer_units_exponent_6': 6, 'D_layers': 4, 'D_layer_units_exponent_0': 7, 'D_layer_units_exponent_1': 5, 'D_layer_units_exponent_2': 7, 'D_layer_units_exponent_3': 4, 'D_dagger_layers': 2, 'D_dagger_layer_units_exponent_0': 5, 'D_dagger_layer_units_exponent_1': 8, 'log_learning_rate': -4.953215928059832, 'log_learning_rate_D': -3.819073511749465, 'log_learning_rate_D_dagger': -1.9381299796974352, 'training_batch_size': 7, 'training_p': 4}. Best is trial 23 with value: 0.007120855152606964.
Time for this trial:  17.910765886306763
Memory status after this trial: 
Memory allocated:  72.84375
Memory cached:  80.0
--------------------  Trial  29   --------------------
Start timing: 
Parameters: 
{'W_layers': 6, 'W_layer_units_exponent_0': 10, 'W_layer_units_exponent_1': 4, 'W_layer_units_exponent_2': 6, 'W_layer_units_exponent_3': 5, 'W_layer_units_exponent_4': 6, 'W_layer_units_exponent_5': 8, 'D_layers': 5, 'D_layer_units_exponent_0': 6, 'D_layer_units_exponent_1': 4, 'D_layer_units_exponent_2': 9, 'D_layer_units_exponent_3': 5, 'D_layer_units_exponent_4': 7, 'D_dagger_layers': 5, 'D_dagger_layer_units_exponent_0': 6, 'D_dagger_layer_units_exponent_1': 9, 'D_dagger_layer_units_exponent_2': 6, 'D_dagger_layer_units_exponent_3': 5, 'D_dagger_layer_units_exponent_4': 9, 'log_learning_rate': -4.224262473910665, 'log_learning_rate_D': -4.273506851054678, 'log_learning_rate_D_dagger': -1.378425819495339, 'training_batch_size': 6, 'training_p': 7}
	 epoch  0 training error:  tensor(5.0181, device='cuda:0', grad_fn=<DivBackward0>)
Memory status after this epoch: 
Memory allocated:  2.189453125
Memory cached:  12.0
	 epoch  10 training error:  tensor(0.8356, device='cuda:0', grad_fn=<DivBackward0>)
Memory status after this epoch: 
Memory allocated:  2.189453125
Memory cached:  12.0
	 epoch  20 training error:  tensor(0.2499, device='cuda:0', grad_fn=<DivBackward0>)
Memory status after this epoch: 
Memory allocated:  2.189453125
Memory cached:  12.0
	 epoch  30 training error:  tensor(0.0581, device='cuda:0', grad_fn=<DivBackward0>)
Memory status after this epoch: 
Memory allocated:  2.189453125
Memory cached:  12.0
	 epoch  40 training error:  tensor(0.0269, device='cuda:0', grad_fn=<DivBackward0>)
Memory status after this epoch: 
Memory allocated:  2.189453125
Memory cached:  12.0
	 epoch  50 training error:  tensor(0.0168, device='cuda:0', grad_fn=<DivBackward0>)
Memory status after this epoch: 
Memory allocated:  2.189453125
Memory cached:  14.0
	 epoch  60 training error:  tensor(0.0167, device='cuda:0', grad_fn=<DivBackward0>)
Memory status after this epoch: 
Memory allocated:  2.189453125
Memory cached:  12.0
	 epoch  70 training error:  tensor(0.0167, device='cuda:0', grad_fn=<DivBackward0>)
Memory status after this epoch: 
Memory allocated:  2.189453125
Memory cached:  12.0
	 epoch  80 training error:  tensor(0.0167, device='cuda:0', grad_fn=<DivBackward0>)
Memory status after this epoch: 
Memory allocated:  2.189453125
Memory cached:  14.0
	 epoch  90 training error:  tensor(0.0167, device='cuda:0', grad_fn=<DivBackward0>)
Memory status after this epoch: 
Memory allocated:  2.189453125
Memory cached:  12.0
[I 2023-11-16 12:06:32,143] Trial 29 finished with value: 0.007451444864273071 and parameters: {'W_layers': 6, 'W_layer_units_exponent_0': 10, 'W_layer_units_exponent_1': 4, 'W_layer_units_exponent_2': 6, 'W_layer_units_exponent_3': 5, 'W_layer_units_exponent_4': 6, 'W_layer_units_exponent_5': 8, 'D_layers': 5, 'D_layer_units_exponent_0': 6, 'D_layer_units_exponent_1': 4, 'D_layer_units_exponent_2': 9, 'D_layer_units_exponent_3': 5, 'D_layer_units_exponent_4': 7, 'D_dagger_layers': 5, 'D_dagger_layer_units_exponent_0': 6, 'D_dagger_layer_units_exponent_1': 9, 'D_dagger_layer_units_exponent_2': 6, 'D_dagger_layer_units_exponent_3': 5, 'D_dagger_layer_units_exponent_4': 9, 'log_learning_rate': -4.224262473910665, 'log_learning_rate_D': -4.273506851054678, 'log_learning_rate_D_dagger': -1.378425819495339, 'training_batch_size': 6, 'training_p': 7}. Best is trial 23 with value: 0.007120855152606964.
Time for this trial:  22.091525077819824
Memory status after this trial: 
Memory allocated:  144.439453125
Memory cached:  158.0
--------------------  Trial  30   --------------------
Start timing: 
Parameters: 
{'W_layers': 8, 'W_layer_units_exponent_0': 9, 'W_layer_units_exponent_1': 5, 'W_layer_units_exponent_2': 5, 'W_layer_units_exponent_3': 7, 'W_layer_units_exponent_4': 6, 'W_layer_units_exponent_5': 5, 'W_layer_units_exponent_6': 10, 'W_layer_units_exponent_7': 10, 'D_layers': 3, 'D_layer_units_exponent_0': 4, 'D_layer_units_exponent_1': 8, 'D_layer_units_exponent_2': 10, 'D_dagger_layers': 3, 'D_dagger_layer_units_exponent_0': 4, 'D_dagger_layer_units_exponent_1': 8, 'D_dagger_layer_units_exponent_2': 8, 'log_learning_rate': -3.7100665200302334, 'log_learning_rate_D': -3.6915681276324874, 'log_learning_rate_D_dagger': -1.8195427747207962, 'training_batch_size': 8, 'training_p': 8}
	 epoch  0 training error:  tensor(1.0964, device='cuda:0', grad_fn=<DivBackward0>)
Memory status after this epoch: 
Memory allocated:  19.318359375
Memory cached:  46.0
	 epoch  10 training error:  tensor(0.0815, device='cuda:0', grad_fn=<DivBackward0>)
Memory status after this epoch: 
Memory allocated:  19.318359375
Memory cached:  50.0
	 epoch  20 training error:  tensor(0.0217, device='cuda:0', grad_fn=<DivBackward0>)
Memory status after this epoch: 
Memory allocated:  19.318359375
Memory cached:  48.0
	 epoch  30 training error:  tensor(0.0267, device='cuda:0', grad_fn=<DivBackward0>)
Memory status after this epoch: 
Memory allocated:  19.318359375
Memory cached:  48.0
	 epoch  40 training error:  tensor(0.0466, device='cuda:0', grad_fn=<DivBackward0>)
Memory status after this epoch: 
Memory allocated:  19.318359375
Memory cached:  50.0
	 epoch  50 training error:  tensor(0.0182, device='cuda:0', grad_fn=<DivBackward0>)
Memory status after this epoch: 
Memory allocated:  19.318359375
Memory cached:  48.0
	 epoch  60 training error:  tensor(0.0191, device='cuda:0', grad_fn=<DivBackward0>)
Memory status after this epoch: 
Memory allocated:  19.318359375
Memory cached:  48.0
	 epoch  70 training error:  tensor(0.0199, device='cuda:0', grad_fn=<DivBackward0>)
Memory status after this epoch: 
Memory allocated:  19.318359375
Memory cached:  50.0
	 epoch  80 training error:  tensor(0.0203, device='cuda:0', grad_fn=<DivBackward0>)
Memory status after this epoch: 
Memory allocated:  19.318359375
Memory cached:  48.0
	 epoch  90 training error:  tensor(0.0211, device='cuda:0', grad_fn=<DivBackward0>)
Memory status after this epoch: 
Memory allocated:  19.318359375
Memory cached:  48.0
[I 2023-11-16 12:06:52,205] Trial 30 finished with value: 0.010698645375669003 and parameters: {'W_layers': 8, 'W_layer_units_exponent_0': 9, 'W_layer_units_exponent_1': 5, 'W_layer_units_exponent_2': 5, 'W_layer_units_exponent_3': 7, 'W_layer_units_exponent_4': 6, 'W_layer_units_exponent_5': 5, 'W_layer_units_exponent_6': 10, 'W_layer_units_exponent_7': 10, 'D_layers': 3, 'D_layer_units_exponent_0': 4, 'D_layer_units_exponent_1': 8, 'D_layer_units_exponent_2': 10, 'D_dagger_layers': 3, 'D_dagger_layer_units_exponent_0': 4, 'D_dagger_layer_units_exponent_1': 8, 'D_dagger_layer_units_exponent_2': 8, 'log_learning_rate': -3.7100665200302334, 'log_learning_rate_D': -3.6915681276324874, 'log_learning_rate_D_dagger': -1.8195427747207962, 'training_batch_size': 8, 'training_p': 8}. Best is trial 23 with value: 0.007120855152606964.
Time for this trial:  19.85205912590027
Memory status after this trial: 
Memory allocated:  193.5322265625
Memory cached:  204.0
--------------------  Trial  31   --------------------
Start timing: 
Parameters: 
{'W_layers': 7, 'W_layer_units_exponent_0': 8, 'W_layer_units_exponent_1': 6, 'W_layer_units_exponent_2': 7, 'W_layer_units_exponent_3': 8, 'W_layer_units_exponent_4': 9, 'W_layer_units_exponent_5': 6, 'W_layer_units_exponent_6': 5, 'D_layers': 4, 'D_layer_units_exponent_0': 7, 'D_layer_units_exponent_1': 9, 'D_layer_units_exponent_2': 7, 'D_layer_units_exponent_3': 6, 'D_dagger_layers': 4, 'D_dagger_layer_units_exponent_0': 5, 'D_dagger_layer_units_exponent_1': 10, 'D_dagger_layer_units_exponent_2': 5, 'D_dagger_layer_units_exponent_3': 10, 'log_learning_rate': -4.670526051007693, 'log_learning_rate_D': -4.303078362834833, 'log_learning_rate_D_dagger': -1.4410689861218269, 'training_batch_size': 7, 'training_p': 6}
	 epoch  0 training error:  tensor(0.8533, device='cuda:0', grad_fn=<DivBackward0>)
Memory status after this epoch: 
Memory allocated:  5.68212890625
Memory cached:  12.0
	 epoch  10 training error:  tensor(0.9894, device='cuda:0', grad_fn=<DivBackward0>)
Memory status after this epoch: 
Memory allocated:  5.68212890625
Memory cached:  14.0
	 epoch  20 training error:  tensor(0.9355, device='cuda:0', grad_fn=<DivBackward0>)
Memory status after this epoch: 
Memory allocated:  5.68212890625
Memory cached:  14.0
	 epoch  30 training error:  tensor(0.8679, device='cuda:0', grad_fn=<DivBackward0>)
Memory status after this epoch: 
Memory allocated:  5.68212890625
Memory cached:  14.0
	 epoch  40 training error:  tensor(0.7767, device='cuda:0', grad_fn=<DivBackward0>)
Memory status after this epoch: 
Memory allocated:  5.68212890625
Memory cached:  14.0
	 epoch  50 training error:  tensor(0.6478, device='cuda:0', grad_fn=<DivBackward0>)
Memory status after this epoch: 
Memory allocated:  5.68212890625
Memory cached:  14.0
	 epoch  60 training error:  tensor(0.4623, device='cuda:0', grad_fn=<DivBackward0>)
Memory status after this epoch: 
Memory allocated:  5.68212890625
Memory cached:  14.0
	 epoch  70 training error:  tensor(0.1941, device='cuda:0', grad_fn=<DivBackward0>)
Memory status after this epoch: 
Memory allocated:  5.68212890625
Memory cached:  14.0
	 epoch  80 training error:  tensor(0.1003, device='cuda:0', grad_fn=<DivBackward0>)
Memory status after this epoch: 
Memory allocated:  5.68212890625
Memory cached:  14.0
	 epoch  90 training error:  tensor(0.0379, device='cuda:0', grad_fn=<DivBackward0>)
Memory status after this epoch: 
Memory allocated:  5.68212890625
Memory cached:  14.0
[I 2023-11-16 12:07:12,716] Trial 31 finished with value: 0.02323816530406475 and parameters: {'W_layers': 7, 'W_layer_units_exponent_0': 8, 'W_layer_units_exponent_1': 6, 'W_layer_units_exponent_2': 7, 'W_layer_units_exponent_3': 8, 'W_layer_units_exponent_4': 9, 'W_layer_units_exponent_5': 6, 'W_layer_units_exponent_6': 5, 'D_layers': 4, 'D_layer_units_exponent_0': 7, 'D_layer_units_exponent_1': 9, 'D_layer_units_exponent_2': 7, 'D_layer_units_exponent_3': 6, 'D_dagger_layers': 4, 'D_dagger_layer_units_exponent_0': 5, 'D_dagger_layer_units_exponent_1': 10, 'D_dagger_layer_units_exponent_2': 5, 'D_dagger_layer_units_exponent_3': 10, 'log_learning_rate': -4.670526051007693, 'log_learning_rate_D': -4.303078362834833, 'log_learning_rate_D_dagger': -1.4410689861218269, 'training_batch_size': 7, 'training_p': 6}. Best is trial 23 with value: 0.007120855152606964.
Time for this trial:  20.299214124679565
Memory status after this trial: 
Memory allocated:  188.7724609375
Memory cached:  202.0
--------------------  Trial  32   --------------------
Start timing: 
Parameters: 
{'W_layers': 6, 'W_layer_units_exponent_0': 10, 'W_layer_units_exponent_1': 4, 'W_layer_units_exponent_2': 6, 'W_layer_units_exponent_3': 5, 'W_layer_units_exponent_4': 6, 'W_layer_units_exponent_5': 8, 'D_layers': 5, 'D_layer_units_exponent_0': 6, 'D_layer_units_exponent_1': 4, 'D_layer_units_exponent_2': 9, 'D_layer_units_exponent_3': 5, 'D_layer_units_exponent_4': 7, 'D_dagger_layers': 5, 'D_dagger_layer_units_exponent_0': 6, 'D_dagger_layer_units_exponent_1': 9, 'D_dagger_layer_units_exponent_2': 6, 'D_dagger_layer_units_exponent_3': 5, 'D_dagger_layer_units_exponent_4': 9, 'log_learning_rate': -4.201828543416485, 'log_learning_rate_D': -4.298258241696726, 'log_learning_rate_D_dagger': -1.2788770734102064, 'training_batch_size': 6, 'training_p': 8}
	 epoch  0 training error:  tensor(4.3710, device='cuda:0', grad_fn=<DivBackward0>)
Memory status after this epoch: 
Memory allocated:  2.189453125
Memory cached:  12.0
	 epoch  10 training error:  tensor(0.6931, device='cuda:0', grad_fn=<DivBackward0>)
Memory status after this epoch: 
Memory allocated:  2.189453125
Memory cached:  12.0
	 epoch  20 training error:  tensor(0.0770, device='cuda:0', grad_fn=<DivBackward0>)
Memory status after this epoch: 
Memory allocated:  2.189453125
Memory cached:  12.0
	 epoch  30 training error:  tensor(0.0242, device='cuda:0', grad_fn=<DivBackward0>)
Memory status after this epoch: 
Memory allocated:  2.189453125
Memory cached:  12.0
	 epoch  40 training error:  tensor(0.0228, device='cuda:0', grad_fn=<DivBackward0>)
Memory status after this epoch: 
Memory allocated:  2.189453125
Memory cached:  12.0
	 epoch  50 training error:  tensor(0.0176, device='cuda:0', grad_fn=<DivBackward0>)
Memory status after this epoch: 
Memory allocated:  2.189453125
Memory cached:  12.0
	 epoch  60 training error:  tensor(0.0176, device='cuda:0', grad_fn=<DivBackward0>)
Memory status after this epoch: 
Memory allocated:  2.189453125
Memory cached:  12.0
	 epoch  70 training error:  tensor(0.0176, device='cuda:0', grad_fn=<DivBackward0>)
Memory status after this epoch: 
Memory allocated:  2.189453125
Memory cached:  12.0
	 epoch  80 training error:  tensor(0.0175, device='cuda:0', grad_fn=<DivBackward0>)
Memory status after this epoch: 
Memory allocated:  2.189453125
Memory cached:  12.0
	 epoch  90 training error:  tensor(0.0177, device='cuda:0', grad_fn=<DivBackward0>)
Memory status after this epoch: 
Memory allocated:  2.189453125
Memory cached:  12.0
[I 2023-11-16 12:07:35,108] Trial 32 finished with value: 0.007746774237602949 and parameters: {'W_layers': 6, 'W_layer_units_exponent_0': 10, 'W_layer_units_exponent_1': 4, 'W_layer_units_exponent_2': 6, 'W_layer_units_exponent_3': 5, 'W_layer_units_exponent_4': 6, 'W_layer_units_exponent_5': 8, 'D_layers': 5, 'D_layer_units_exponent_0': 6, 'D_layer_units_exponent_1': 4, 'D_layer_units_exponent_2': 9, 'D_layer_units_exponent_3': 5, 'D_layer_units_exponent_4': 7, 'D_dagger_layers': 5, 'D_dagger_layer_units_exponent_0': 6, 'D_dagger_layer_units_exponent_1': 9, 'D_dagger_layer_units_exponent_2': 6, 'D_dagger_layer_units_exponent_3': 5, 'D_dagger_layer_units_exponent_4': 9, 'log_learning_rate': -4.201828543416485, 'log_learning_rate_D': -4.298258241696726, 'log_learning_rate_D_dagger': -1.2788770734102064, 'training_batch_size': 6, 'training_p': 8}. Best is trial 23 with value: 0.007120855152606964.
Time for this trial:  22.167244911193848
Memory status after this trial: 
Memory allocated:  144.439453125
Memory cached:  158.0
--------------------  Trial  33   --------------------
Start timing: 
Parameters: 
{'W_layers': 7, 'W_layer_units_exponent_0': 10, 'W_layer_units_exponent_1': 4, 'W_layer_units_exponent_2': 6, 'W_layer_units_exponent_3': 4, 'W_layer_units_exponent_4': 7, 'W_layer_units_exponent_5': 8, 'W_layer_units_exponent_6': 4, 'D_layers': 5, 'D_layer_units_exponent_0': 5, 'D_layer_units_exponent_1': 4, 'D_layer_units_exponent_2': 9, 'D_layer_units_exponent_3': 5, 'D_layer_units_exponent_4': 8, 'D_dagger_layers': 5, 'D_dagger_layer_units_exponent_0': 7, 'D_dagger_layer_units_exponent_1': 7, 'D_dagger_layer_units_exponent_2': 7, 'D_dagger_layer_units_exponent_3': 5, 'D_dagger_layer_units_exponent_4': 9, 'log_learning_rate': -4.32780436041338, 'log_learning_rate_D': -3.958848398720332, 'log_learning_rate_D_dagger': -1.0042776680459475, 'training_batch_size': 6, 'training_p': 7}
	 epoch  0 training error:  tensor(25.1437, device='cuda:0', grad_fn=<DivBackward0>)
Memory status after this epoch: 
Memory allocated:  2.0263671875
Memory cached:  12.0
	 epoch  10 training error:  tensor(0.8673, device='cuda:0', grad_fn=<DivBackward0>)
Memory status after this epoch: 
Memory allocated:  2.0263671875
Memory cached:  14.0
	 epoch  20 training error:  tensor(0.4377, device='cuda:0', grad_fn=<DivBackward0>)
Memory status after this epoch: 
Memory allocated:  2.0263671875
Memory cached:  14.0
	 epoch  30 training error:  tensor(0.0787, device='cuda:0', grad_fn=<DivBackward0>)
Memory status after this epoch: 
Memory allocated:  2.0263671875
Memory cached:  14.0
	 epoch  40 training error:  tensor(0.0212, device='cuda:0', grad_fn=<DivBackward0>)
Memory status after this epoch: 
Memory allocated:  2.0263671875
Memory cached:  14.0
	 epoch  50 training error:  tensor(0.0192, device='cuda:0', grad_fn=<DivBackward0>)
Memory status after this epoch: 
Memory allocated:  2.0263671875
Memory cached:  14.0
	 epoch  60 training error:  tensor(0.0168, device='cuda:0', grad_fn=<DivBackward0>)
Memory status after this epoch: 
Memory allocated:  2.0263671875
Memory cached:  14.0
	 epoch  70 training error:  tensor(0.0168, device='cuda:0', grad_fn=<DivBackward0>)
Memory status after this epoch: 
Memory allocated:  2.0263671875
Memory cached:  14.0
	 epoch  80 training error:  tensor(0.0167, device='cuda:0', grad_fn=<DivBackward0>)
Memory status after this epoch: 
Memory allocated:  2.0263671875
Memory cached:  14.0
	 epoch  90 training error:  tensor(0.0167, device='cuda:0', grad_fn=<DivBackward0>)
Memory status after this epoch: 
Memory allocated:  2.0263671875
Memory cached:  14.0
