[I 2023-11-16 17:21:36,112] Trial 33 finished with value: 4.145549774169922 and parameters: {'W_layers': 3, 'W_layer_units_exponent_0': 10, 'W_layer_units_exponent_1': 8, 'W_layer_units_exponent_2': 9, 'D_layers': 7, 'D_layer_units_exponent_0': 5, 'D_layer_units_exponent_1': 5, 'D_layer_units_exponent_2': 10, 'D_layer_units_exponent_3': 8, 'D_layer_units_exponent_4': 9, 'D_layer_units_exponent_5': 8, 'D_layer_units_exponent_6': 5, 'D_dagger_layers': 5, 'D_dagger_layer_units_exponent_0': 5, 'D_dagger_layer_units_exponent_1': 8, 'D_dagger_layer_units_exponent_2': 9, 'D_dagger_layer_units_exponent_3': 7, 'D_dagger_layer_units_exponent_4': 4, 'log_learning_rate': -1.3438559133995758, 'log_learning_rate_D': -3.5105604698126402, 'log_learning_rate_D_dagger': -3.1696036071272298, 'training_batch_size': 6, 'training_p': 6}. Best is trial 25 with value: 0.7502580285072327.
Time for this trial:  21.102330684661865
Memory status after this trial: 
Memory allocated:  154.1494140625
Memory cached:  176.0
--------------------  Trial  34   --------------------
Start timing: 
Parameters: 
{'W_layers': 3, 'W_layer_units_exponent_0': 9, 'W_layer_units_exponent_1': 8, 'W_layer_units_exponent_2': 8, 'D_layers': 7, 'D_layer_units_exponent_0': 6, 'D_layer_units_exponent_1': 6, 'D_layer_units_exponent_2': 8, 'D_layer_units_exponent_3': 6, 'D_layer_units_exponent_4': 5, 'D_layer_units_exponent_5': 8, 'D_layer_units_exponent_6': 9, 'D_dagger_layers': 6, 'D_dagger_layer_units_exponent_0': 4, 'D_dagger_layer_units_exponent_1': 7, 'D_dagger_layer_units_exponent_2': 4, 'D_dagger_layer_units_exponent_3': 7, 'D_dagger_layer_units_exponent_4': 7, 'D_dagger_layer_units_exponent_5': 6, 'log_learning_rate': -1.8539628164512623, 'log_learning_rate_D': -3.7596724861489106, 'log_learning_rate_D_dagger': -4.317222761410259, 'training_batch_size': 9, 'training_p': 5}
	 epoch  0 training error:  tensor(95.6911, device='cuda:0', grad_fn=<DivBackward0>)
Memory status after this epoch: 
Memory allocated:  4.35791015625
Memory cached:  10.0
	 epoch  10 training error:  tensor(69.9183, device='cuda:0', grad_fn=<DivBackward0>)
Memory status after this epoch: 
Memory allocated:  4.35791015625
Memory cached:  10.0
	 epoch  20 training error:  tensor(67.5579, device='cuda:0', grad_fn=<DivBackward0>)
Memory status after this epoch: 
Memory allocated:  4.35791015625
Memory cached:  10.0
	 epoch  30 training error:  tensor(64.5826, device='cuda:0', grad_fn=<DivBackward0>)
Memory status after this epoch: 
Memory allocated:  4.35791015625
Memory cached:  10.0
	 epoch  40 training error:  tensor(60.7977, device='cuda:0', grad_fn=<DivBackward0>)
Memory status after this epoch: 
Memory allocated:  4.35791015625
Memory cached:  10.0
	 epoch  50 training error:  tensor(55.9702, device='cuda:0', grad_fn=<DivBackward0>)
Memory status after this epoch: 
Memory allocated:  4.35791015625
Memory cached:  10.0
	 epoch  60 training error:  tensor(49.9122, device='cuda:0', grad_fn=<DivBackward0>)
Memory status after this epoch: 
Memory allocated:  4.35791015625
Memory cached:  10.0
	 epoch  70 training error:  tensor(42.5736, device='cuda:0', grad_fn=<DivBackward0>)
Memory status after this epoch: 
Memory allocated:  4.35791015625
Memory cached:  10.0
	 epoch  80 training error:  tensor(34.0970, device='cuda:0', grad_fn=<DivBackward0>)
Memory status after this epoch: 
Memory allocated:  4.35791015625
Memory cached:  10.0
	 epoch  90 training error:  tensor(24.3585, device='cuda:0', grad_fn=<DivBackward0>)
Memory status after this epoch: 
Memory allocated:  4.35791015625
Memory cached:  10.0
[I 2023-11-16 17:21:54,116] Trial 34 finished with value: 24.10927391052246 and parameters: {'W_layers': 3, 'W_layer_units_exponent_0': 9, 'W_layer_units_exponent_1': 8, 'W_layer_units_exponent_2': 8, 'D_layers': 7, 'D_layer_units_exponent_0': 6, 'D_layer_units_exponent_1': 6, 'D_layer_units_exponent_2': 8, 'D_layer_units_exponent_3': 6, 'D_layer_units_exponent_4': 5, 'D_layer_units_exponent_5': 8, 'D_layer_units_exponent_6': 9, 'D_dagger_layers': 6, 'D_dagger_layer_units_exponent_0': 4, 'D_dagger_layer_units_exponent_1': 7, 'D_dagger_layer_units_exponent_2': 4, 'D_dagger_layer_units_exponent_3': 7, 'D_dagger_layer_units_exponent_4': 7, 'D_dagger_layer_units_exponent_5': 6, 'log_learning_rate': -1.8539628164512623, 'log_learning_rate_D': -3.7596724861489106, 'log_learning_rate_D_dagger': -4.317222761410259, 'training_batch_size': 9, 'training_p': 5}. Best is trial 25 with value: 0.7502580285072327.
Time for this trial:  17.78777289390564
Memory status after this trial: 
Memory allocated:  83.2451171875
Memory cached:  92.0
--------------------  Trial  35   --------------------
Start timing: 
Parameters: 
{'W_layers': 5, 'W_layer_units_exponent_0': 9, 'W_layer_units_exponent_1': 9, 'W_layer_units_exponent_2': 10, 'W_layer_units_exponent_3': 6, 'W_layer_units_exponent_4': 8, 'D_layers': 8, 'D_layer_units_exponent_0': 6, 'D_layer_units_exponent_1': 7, 'D_layer_units_exponent_2': 8, 'D_layer_units_exponent_3': 7, 'D_layer_units_exponent_4': 8, 'D_layer_units_exponent_5': 9, 'D_layer_units_exponent_6': 6, 'D_layer_units_exponent_7': 4, 'D_dagger_layers': 7, 'D_dagger_layer_units_exponent_0': 7, 'D_dagger_layer_units_exponent_1': 8, 'D_dagger_layer_units_exponent_2': 4, 'D_dagger_layer_units_exponent_3': 6, 'D_dagger_layer_units_exponent_4': 7, 'D_dagger_layer_units_exponent_5': 8, 'D_dagger_layer_units_exponent_6': 7, 'log_learning_rate': -2.1508090790773284, 'log_learning_rate_D': -3.9066610568003037, 'log_learning_rate_D_dagger': -4.54333308394561, 'training_batch_size': 10, 'training_p': 5}
	 epoch  0 training error:  tensor(73.0913, device='cuda:0', grad_fn=<DivBackward0>)
Memory status after this epoch: 
Memory allocated:  16.22412109375
Memory cached:  66.0
	 epoch  10 training error:  tensor(38.4359, device='cuda:0', grad_fn=<DivBackward0>)
Memory status after this epoch: 
Memory allocated:  16.22412109375
Memory cached:  66.0
	 epoch  20 training error:  tensor(70.9020, device='cuda:0', grad_fn=<DivBackward0>)
Memory status after this epoch: 
Memory allocated:  16.22412109375
Memory cached:  66.0
	 epoch  30 training error:  tensor(68.5328, device='cuda:0', grad_fn=<DivBackward0>)
Memory status after this epoch: 
Memory allocated:  16.22412109375
Memory cached:  66.0
	 epoch  40 training error:  tensor(64.1823, device='cuda:0', grad_fn=<DivBackward0>)
Memory status after this epoch: 
Memory allocated:  16.22412109375
Memory cached:  66.0
	 epoch  50 training error:  tensor(57.0416, device='cuda:0', grad_fn=<DivBackward0>)
Memory status after this epoch: 
Memory allocated:  16.22412109375
Memory cached:  66.0
	 epoch  60 training error:  tensor(46.3879, device='cuda:0', grad_fn=<DivBackward0>)
Memory status after this epoch: 
Memory allocated:  16.22412109375
Memory cached:  66.0
	 epoch  70 training error:  tensor(32.0332, device='cuda:0', grad_fn=<DivBackward0>)
Memory status after this epoch: 
Memory allocated:  16.22412109375
Memory cached:  66.0
	 epoch  80 training error:  tensor(13.6036, device='cuda:0', grad_fn=<DivBackward0>)
Memory status after this epoch: 
Memory allocated:  16.22412109375
Memory cached:  66.0
	 epoch  90 training error:  tensor(5.9526, device='cuda:0', grad_fn=<DivBackward0>)
Memory status after this epoch: 
Memory allocated:  16.22412109375
Memory cached:  66.0
[I 2023-11-16 17:22:14,542] Trial 35 finished with value: 2.002326250076294 and parameters: {'W_layers': 5, 'W_layer_units_exponent_0': 9, 'W_layer_units_exponent_1': 9, 'W_layer_units_exponent_2': 10, 'W_layer_units_exponent_3': 6, 'W_layer_units_exponent_4': 8, 'D_layers': 8, 'D_layer_units_exponent_0': 6, 'D_layer_units_exponent_1': 7, 'D_layer_units_exponent_2': 8, 'D_layer_units_exponent_3': 7, 'D_layer_units_exponent_4': 8, 'D_layer_units_exponent_5': 9, 'D_layer_units_exponent_6': 6, 'D_layer_units_exponent_7': 4, 'D_dagger_layers': 7, 'D_dagger_layer_units_exponent_0': 7, 'D_dagger_layer_units_exponent_1': 8, 'D_dagger_layer_units_exponent_2': 4, 'D_dagger_layer_units_exponent_3': 6, 'D_dagger_layer_units_exponent_4': 7, 'D_dagger_layer_units_exponent_5': 8, 'D_dagger_layer_units_exponent_6': 7, 'log_learning_rate': -2.1508090790773284, 'log_learning_rate_D': -3.9066610568003037, 'log_learning_rate_D_dagger': -4.54333308394561, 'training_batch_size': 10, 'training_p': 5}. Best is trial 25 with value: 0.7502580285072327.
Time for this trial:  20.182695150375366
Memory status after this trial: 
Memory allocated:  189.705078125
Memory cached:  210.0
--------------------  Trial  36   --------------------
Start timing: 
Parameters: 
{'W_layers': 2, 'W_layer_units_exponent_0': 10, 'W_layer_units_exponent_1': 8, 'D_layers': 6, 'D_layer_units_exponent_0': 5, 'D_layer_units_exponent_1': 7, 'D_layer_units_exponent_2': 7, 'D_layer_units_exponent_3': 7, 'D_layer_units_exponent_4': 7, 'D_layer_units_exponent_5': 7, 'D_dagger_layers': 6, 'D_dagger_layer_units_exponent_0': 9, 'D_dagger_layer_units_exponent_1': 9, 'D_dagger_layer_units_exponent_2': 4, 'D_dagger_layer_units_exponent_3': 7, 'D_dagger_layer_units_exponent_4': 9, 'D_dagger_layer_units_exponent_5': 5, 'log_learning_rate': -1.1079269235819043, 'log_learning_rate_D': -3.2289219439793304, 'log_learning_rate_D_dagger': -4.189536629753988, 'training_batch_size': 7, 'training_p': 4}
	 epoch  0 training error:  tensor(78.0344, device='cuda:0', grad_fn=<DivBackward0>)
Memory status after this epoch: 
Memory allocated:  9.912109375
Memory cached:  14.0
	 epoch  10 training error:  tensor(50.2366, device='cuda:0', grad_fn=<DivBackward0>)
Memory status after this epoch: 
Memory allocated:  9.912109375
Memory cached:  16.0
	 epoch  20 training error:  tensor(6.5028, device='cuda:0', grad_fn=<DivBackward0>)
Memory status after this epoch: 
Memory allocated:  9.912109375
Memory cached:  16.0
	 epoch  30 training error:  tensor(3.2784, device='cuda:0', grad_fn=<DivBackward0>)
Memory status after this epoch: 
Memory allocated:  9.912109375
Memory cached:  16.0
	 epoch  40 training error:  tensor(3.6244, device='cuda:0', grad_fn=<DivBackward0>)
Memory status after this epoch: 
Memory allocated:  9.912109375
Memory cached:  16.0
	 epoch  50 training error:  tensor(1.1950, device='cuda:0', grad_fn=<DivBackward0>)
Memory status after this epoch: 
Memory allocated:  9.912109375
Memory cached:  16.0
	 epoch  60 training error:  tensor(1.1338, device='cuda:0', grad_fn=<DivBackward0>)
Memory status after this epoch: 
Memory allocated:  9.912109375
Memory cached:  16.0
	 epoch  70 training error:  tensor(1.1864, device='cuda:0', grad_fn=<DivBackward0>)
Memory status after this epoch: 
Memory allocated:  9.912109375
Memory cached:  16.0
	 epoch  80 training error:  tensor(1.0925, device='cuda:0', grad_fn=<DivBackward0>)
Memory status after this epoch: 
Memory allocated:  9.912109375
Memory cached:  16.0
	 epoch  90 training error:  tensor(0.9383, device='cuda:0', grad_fn=<DivBackward0>)
Memory status after this epoch: 
Memory allocated:  9.912109375
Memory cached:  16.0
[I 2023-11-16 17:22:34,155] Trial 36 finished with value: 0.7839865684509277 and parameters: {'W_layers': 2, 'W_layer_units_exponent_0': 10, 'W_layer_units_exponent_1': 8, 'D_layers': 6, 'D_layer_units_exponent_0': 5, 'D_layer_units_exponent_1': 7, 'D_layer_units_exponent_2': 7, 'D_layer_units_exponent_3': 7, 'D_layer_units_exponent_4': 7, 'D_layer_units_exponent_5': 7, 'D_dagger_layers': 6, 'D_dagger_layer_units_exponent_0': 9, 'D_dagger_layer_units_exponent_1': 9, 'D_dagger_layer_units_exponent_2': 4, 'D_dagger_layer_units_exponent_3': 7, 'D_dagger_layer_units_exponent_4': 9, 'D_dagger_layer_units_exponent_5': 5, 'log_learning_rate': -1.1079269235819043, 'log_learning_rate_D': -3.2289219439793304, 'log_learning_rate_D_dagger': -4.189536629753988, 'training_batch_size': 7, 'training_p': 4}. Best is trial 25 with value: 0.7502580285072327.
Time for this trial:  19.36951208114624
Memory status after this trial: 
Memory allocated:  167.94921875
Memory cached:  176.0
--------------------  Trial  37   --------------------
Start timing: 
Parameters: 
{'W_layers': 4, 'W_layer_units_exponent_0': 9, 'W_layer_units_exponent_1': 5, 'W_layer_units_exponent_2': 10, 'W_layer_units_exponent_3': 9, 'D_layers': 7, 'D_layer_units_exponent_0': 4, 'D_layer_units_exponent_1': 6, 'D_layer_units_exponent_2': 6, 'D_layer_units_exponent_3': 6, 'D_layer_units_exponent_4': 5, 'D_layer_units_exponent_5': 5, 'D_layer_units_exponent_6': 8, 'D_dagger_layers': 7, 'D_dagger_layer_units_exponent_0': 5, 'D_dagger_layer_units_exponent_1': 7, 'D_dagger_layer_units_exponent_2': 5, 'D_dagger_layer_units_exponent_3': 5, 'D_dagger_layer_units_exponent_4': 6, 'D_dagger_layer_units_exponent_5': 9, 'D_dagger_layer_units_exponent_6': 8, 'log_learning_rate': -2.339166902308883, 'log_learning_rate_D': -4.147730376989928, 'log_learning_rate_D_dagger': -4.628619589921006, 'training_batch_size': 12, 'training_p': 5}
	 epoch  0 training error:  tensor(65.6233, device='cuda:0', grad_fn=<DivBackward0>)
Memory status after this epoch: 
Memory allocated:  12.11474609375
Memory cached:  52.0
	 epoch  10 training error:  tensor(70.2259, device='cuda:0', grad_fn=<DivBackward0>)
Memory status after this epoch: 
Memory allocated:  12.11474609375
Memory cached:  54.0
	 epoch  20 training error:  tensor(39.8928, device='cuda:0', grad_fn=<DivBackward0>)
Memory status after this epoch: 
Memory allocated:  12.11474609375
Memory cached:  54.0
	 epoch  30 training error:  tensor(11.1788, device='cuda:0', grad_fn=<DivBackward0>)
Memory status after this epoch: 
Memory allocated:  12.11474609375
Memory cached:  54.0
	 epoch  40 training error:  tensor(1.1791, device='cuda:0', grad_fn=<DivBackward0>)
Memory status after this epoch: 
Memory allocated:  12.11474609375
Memory cached:  54.0
	 epoch  50 training error:  tensor(2.3649, device='cuda:0', grad_fn=<DivBackward0>)
Memory status after this epoch: 
Memory allocated:  12.11474609375
Memory cached:  54.0
	 epoch  60 training error:  tensor(13.1022, device='cuda:0', grad_fn=<DivBackward0>)
Memory status after this epoch: 
Memory allocated:  12.11474609375
Memory cached:  54.0
	 epoch  70 training error:  tensor(7.9031, device='cuda:0', grad_fn=<DivBackward0>)
Memory status after this epoch: 
Memory allocated:  12.11474609375
Memory cached:  54.0
	 epoch  80 training error:  tensor(4.0873, device='cuda:0', grad_fn=<DivBackward0>)
Memory status after this epoch: 
Memory allocated:  12.11474609375
Memory cached:  54.0
	 epoch  90 training error:  tensor(44.9277, device='cuda:0', grad_fn=<DivBackward0>)
Memory status after this epoch: 
Memory allocated:  12.11474609375
Memory cached:  54.0
[I 2023-11-16 17:22:54,381] Trial 37 finished with value: 66.62679290771484 and parameters: {'W_layers': 4, 'W_layer_units_exponent_0': 9, 'W_layer_units_exponent_1': 5, 'W_layer_units_exponent_2': 10, 'W_layer_units_exponent_3': 9, 'D_layers': 7, 'D_layer_units_exponent_0': 4, 'D_layer_units_exponent_1': 6, 'D_layer_units_exponent_2': 6, 'D_layer_units_exponent_3': 6, 'D_layer_units_exponent_4': 5, 'D_layer_units_exponent_5': 5, 'D_layer_units_exponent_6': 8, 'D_dagger_layers': 7, 'D_dagger_layer_units_exponent_0': 5, 'D_dagger_layer_units_exponent_1': 7, 'D_dagger_layer_units_exponent_2': 5, 'D_dagger_layer_units_exponent_3': 5, 'D_dagger_layer_units_exponent_4': 6, 'D_dagger_layer_units_exponent_5': 9, 'D_dagger_layer_units_exponent_6': 8, 'log_learning_rate': -2.339166902308883, 'log_learning_rate_D': -4.147730376989928, 'log_learning_rate_D_dagger': -4.628619589921006, 'training_batch_size': 12, 'training_p': 5}. Best is trial 25 with value: 0.7502580285072327.
Time for this trial:  19.992136001586914
Memory status after this trial: 
Memory allocated:  176.458984375
Memory cached:  194.0
--------------------  Trial  38   --------------------
Start timing: 
Parameters: 
{'W_layers': 6, 'W_layer_units_exponent_0': 8, 'W_layer_units_exponent_1': 8, 'W_layer_units_exponent_2': 7, 'W_layer_units_exponent_3': 8, 'W_layer_units_exponent_4': 4, 'W_layer_units_exponent_5': 8, 'D_layers': 8, 'D_layer_units_exponent_0': 8, 'D_layer_units_exponent_1': 6, 'D_layer_units_exponent_2': 8, 'D_layer_units_exponent_3': 8, 'D_layer_units_exponent_4': 8, 'D_layer_units_exponent_5': 8, 'D_layer_units_exponent_6': 5, 'D_layer_units_exponent_7': 7, 'D_dagger_layers': 6, 'D_dagger_layer_units_exponent_0': 4, 'D_dagger_layer_units_exponent_1': 4, 'D_dagger_layer_units_exponent_2': 4, 'D_dagger_layer_units_exponent_3': 9, 'D_dagger_layer_units_exponent_4': 7, 'D_dagger_layer_units_exponent_5': 7, 'log_learning_rate': -1.8094587246375462, 'log_learning_rate_D': -3.588531622814575, 'log_learning_rate_D_dagger': -4.983186326778987, 'training_batch_size': 12, 'training_p': 2}
	 epoch  0 training error:  tensor(98.0141, device='cuda:0', grad_fn=<DivBackward0>)
Memory status after this epoch: 
Memory allocated:  4.64404296875
Memory cached:  14.0
	 epoch  10 training error:  tensor(102.4121, device='cuda:0', grad_fn=<DivBackward0>)
Memory status after this epoch: 
Memory allocated:  4.64404296875
Memory cached:  14.0
	 epoch  20 training error:  tensor(100.5097, device='cuda:0', grad_fn=<DivBackward0>)
Memory status after this epoch: 
Memory allocated:  4.64404296875
Memory cached:  14.0
	 epoch  30 training error:  tensor(98.1630, device='cuda:0', grad_fn=<DivBackward0>)
Memory status after this epoch: 
Memory allocated:  4.64404296875
Memory cached:  14.0
	 epoch  40 training error:  tensor(95.6558, device='cuda:0', grad_fn=<DivBackward0>)
Memory status after this epoch: 
Memory allocated:  4.64404296875
Memory cached:  14.0
	 epoch  50 training error:  tensor(93.0298, device='cuda:0', grad_fn=<DivBackward0>)
Memory status after this epoch: 
Memory allocated:  4.64404296875
Memory cached:  14.0
	 epoch  60 training error:  tensor(90.2759, device='cuda:0', grad_fn=<DivBackward0>)
Memory status after this epoch: 
Memory allocated:  4.64404296875
Memory cached:  14.0
	 epoch  70 training error:  tensor(87.3787, device='cuda:0', grad_fn=<DivBackward0>)
Memory status after this epoch: 
Memory allocated:  4.64404296875
Memory cached:  14.0
	 epoch  80 training error:  tensor(84.3189, device='cuda:0', grad_fn=<DivBackward0>)
Memory status after this epoch: 
Memory allocated:  4.64404296875
Memory cached:  14.0
	 epoch  90 training error:  tensor(81.0875, device='cuda:0', grad_fn=<DivBackward0>)
Memory status after this epoch: 
Memory allocated:  4.64404296875
Memory cached:  14.0
