[I 2023-11-10 12:12:54,140] Trial 11 finished with value: 0.0390225388109684 and parameters: {'W_layers': 6, 'W_layer_units_exponent_0': 9, 'W_layer_units_exponent_1': 9, 'W_layer_units_exponent_2': 4, 'W_layer_units_exponent_3': 10, 'W_layer_units_exponent_4': 5, 'W_layer_units_exponent_5': 4, 'D_layers': 4, 'D_layer_units_exponent_0': 6, 'D_layer_units_exponent_1': 6, 'D_layer_units_exponent_2': 7, 'D_layer_units_exponent_3': 10, 'log_learning_rate': -3.5699843913706983, 'log_learning_rate_D': -3.6484673322766152, 'training_batch_size': 8, 'training_p': 8}. Best is trial 8 with value: 0.03806528449058533.
Time for this trial:  160.8109531402588
Memory status after this trial: 
Memory allocated:  874.04736328125
Memory cached:  896.0
--------------------  Trial  12   --------------------
Start timing: 
Parameters: 
{'W_layers': 5, 'W_layer_units_exponent_0': 6, 'W_layer_units_exponent_1': 5, 'W_layer_units_exponent_2': 6, 'W_layer_units_exponent_3': 6, 'W_layer_units_exponent_4': 4, 'D_layers': 2, 'D_layer_units_exponent_0': 7, 'D_layer_units_exponent_1': 7, 'log_learning_rate': -2.0218033963500046, 'log_learning_rate_D': -4.775088937939359, 'training_batch_size': 8, 'training_p': 7}
	 epoch  0 training error:  tensor(1.8640, device='cuda:0', grad_fn=<DivBackward0>)
	 epoch  0 test error:  tensor(1.1774, device='cuda:0', grad_fn=<DivBackward0>)
Memory status after this epoch: 
Memory allocated:  288.779296875
Memory cached:  564.0
	 epoch  10 training error:  tensor(1.4777, device='cuda:0', grad_fn=<DivBackward0>)
	 epoch  10 test error:  tensor(0.1231, device='cuda:0', grad_fn=<DivBackward0>)
Memory status after this epoch: 
Memory allocated:  287.138671875
Memory cached:  578.0
	 epoch  20 training error:  tensor(0.9872, device='cuda:0', grad_fn=<DivBackward0>)
	 epoch  20 test error:  tensor(0.0789, device='cuda:0', grad_fn=<DivBackward0>)
Memory status after this epoch: 
Memory allocated:  288.310546875
Memory cached:  578.0
	 epoch  30 training error:  tensor(1.0011, device='cuda:0', grad_fn=<DivBackward0>)
	 epoch  30 test error:  tensor(0.0725, device='cuda:0', grad_fn=<DivBackward0>)
Memory status after this epoch: 
Memory allocated:  288.076171875
Memory cached:  578.0
	 epoch  40 training error:  tensor(0.9847, device='cuda:0', grad_fn=<DivBackward0>)
	 epoch  40 test error:  tensor(0.0750, device='cuda:0', grad_fn=<DivBackward0>)
Memory status after this epoch: 
Memory allocated:  288.779296875
Memory cached:  578.0
	 epoch  50 training error:  tensor(0.9813, device='cuda:0', grad_fn=<DivBackward0>)
	 epoch  50 test error:  tensor(0.0735, device='cuda:0', grad_fn=<DivBackward0>)
Memory status after this epoch: 
Memory allocated:  287.607421875
Memory cached:  578.0
	 epoch  60 training error:  tensor(0.9806, device='cuda:0', grad_fn=<DivBackward0>)
	 epoch  60 test error:  tensor(0.0737, device='cuda:0', grad_fn=<DivBackward0>)
Memory status after this epoch: 
Memory allocated:  288.873046875
Memory cached:  578.0
	 epoch  70 training error:  tensor(0.9800, device='cuda:0', grad_fn=<DivBackward0>)
	 epoch  70 test error:  tensor(0.0739, device='cuda:0', grad_fn=<DivBackward0>)
Memory status after this epoch: 
Memory allocated:  287.607421875
Memory cached:  578.0
	 epoch  80 training error:  tensor(0.9788, device='cuda:0', grad_fn=<DivBackward0>)
	 epoch  80 test error:  tensor(0.0736, device='cuda:0', grad_fn=<DivBackward0>)
Memory status after this epoch: 
Memory allocated:  288.779296875
Memory cached:  578.0
	 epoch  90 training error:  tensor(0.9769, device='cuda:0', grad_fn=<DivBackward0>)
	 epoch  90 test error:  tensor(0.0736, device='cuda:0', grad_fn=<DivBackward0>)
Memory status after this epoch: 
Memory allocated:  287.607421875
Memory cached:  578.0
[I 2023-11-10 12:14:50,606] Trial 12 finished with value: 0.07330182194709778 and parameters: {'W_layers': 5, 'W_layer_units_exponent_0': 6, 'W_layer_units_exponent_1': 5, 'W_layer_units_exponent_2': 6, 'W_layer_units_exponent_3': 6, 'W_layer_units_exponent_4': 4, 'D_layers': 2, 'D_layer_units_exponent_0': 7, 'D_layer_units_exponent_1': 7, 'log_learning_rate': -2.0218033963500046, 'log_learning_rate_D': -4.775088937939359, 'training_batch_size': 8, 'training_p': 7}. Best is trial 8 with value: 0.03806528449058533.
Time for this trial:  116.23811793327332
Memory status after this trial: 
Memory allocated:  562.56591796875
Memory cached:  578.0
--------------------  Trial  13   --------------------
Start timing: 
Parameters: 
{'W_layers': 7, 'W_layer_units_exponent_0': 8, 'W_layer_units_exponent_1': 8, 'W_layer_units_exponent_2': 5, 'W_layer_units_exponent_3': 8, 'W_layer_units_exponent_4': 6, 'W_layer_units_exponent_5': 8, 'W_layer_units_exponent_6': 4, 'D_layers': 4, 'D_layer_units_exponent_0': 6, 'D_layer_units_exponent_1': 6, 'D_layer_units_exponent_2': 8, 'D_layer_units_exponent_3': 6, 'log_learning_rate': -3.7948155733886986, 'log_learning_rate_D': -3.483297399172832, 'training_batch_size': 7, 'training_p': 3}
	 epoch  0 training error:  tensor(1.1312, device='cuda:0', grad_fn=<DivBackward0>)
	 epoch  0 test error:  tensor(0.0909, device='cuda:0', grad_fn=<DivBackward0>)
Memory status after this epoch: 
Memory allocated:  347.6181640625
Memory cached:  602.0
	 epoch  10 training error:  tensor(1.0056, device='cuda:0', grad_fn=<DivBackward0>)
	 epoch  10 test error:  tensor(0.0723, device='cuda:0', grad_fn=<DivBackward0>)
Memory status after this epoch: 
Memory allocated:  348.3212890625
Memory cached:  696.0
	 epoch  20 training error:  tensor(0.7372, device='cuda:0', grad_fn=<DivBackward0>)
	 epoch  20 test error:  tensor(0.0539, device='cuda:0', grad_fn=<DivBackward0>)
Memory status after this epoch: 
Memory allocated:  348.0869140625
Memory cached:  696.0
	 epoch  30 training error:  tensor(0.5726, device='cuda:0', grad_fn=<DivBackward0>)
	 epoch  30 test error:  tensor(0.0360, device='cuda:0', grad_fn=<DivBackward0>)
Memory status after this epoch: 
Memory allocated:  348.3212890625
Memory cached:  696.0
	 epoch  40 training error:  tensor(0.5286, device='cuda:0', grad_fn=<DivBackward0>)
	 epoch  40 test error:  tensor(0.0430, device='cuda:0', grad_fn=<DivBackward0>)
Memory status after this epoch: 
Memory allocated:  348.0869140625
Memory cached:  696.0
	 epoch  50 training error:  tensor(0.5072, device='cuda:0', grad_fn=<DivBackward0>)
	 epoch  50 test error:  tensor(0.0369, device='cuda:0', grad_fn=<DivBackward0>)
Memory status after this epoch: 
Memory allocated:  348.3212890625
Memory cached:  696.0
	 epoch  60 training error:  tensor(0.5010, device='cuda:0', grad_fn=<DivBackward0>)
	 epoch  60 test error:  tensor(0.0391, device='cuda:0', grad_fn=<DivBackward0>)
Memory status after this epoch: 
Memory allocated:  348.0869140625
Memory cached:  696.0
	 epoch  70 training error:  tensor(0.4973, device='cuda:0', grad_fn=<DivBackward0>)
	 epoch  70 test error:  tensor(0.0381, device='cuda:0', grad_fn=<DivBackward0>)
Memory status after this epoch: 
Memory allocated:  348.3212890625
Memory cached:  696.0
	 epoch  80 training error:  tensor(0.4958, device='cuda:0', grad_fn=<DivBackward0>)
	 epoch  80 test error:  tensor(0.0381, device='cuda:0', grad_fn=<DivBackward0>)
Memory status after this epoch: 
Memory allocated:  348.0869140625
Memory cached:  696.0
	 epoch  90 training error:  tensor(0.4952, device='cuda:0', grad_fn=<DivBackward0>)
	 epoch  90 test error:  tensor(0.0384, device='cuda:0', grad_fn=<DivBackward0>)
Memory status after this epoch: 
Memory allocated:  348.3212890625
Memory cached:  696.0
[I 2023-11-10 12:17:29,943] Trial 13 finished with value: 0.03815780580043793 and parameters: {'W_layers': 7, 'W_layer_units_exponent_0': 8, 'W_layer_units_exponent_1': 8, 'W_layer_units_exponent_2': 5, 'W_layer_units_exponent_3': 8, 'W_layer_units_exponent_4': 6, 'W_layer_units_exponent_5': 8, 'W_layer_units_exponent_6': 4, 'D_layers': 4, 'D_layer_units_exponent_0': 6, 'D_layer_units_exponent_1': 6, 'D_layer_units_exponent_2': 8, 'D_layer_units_exponent_3': 6, 'log_learning_rate': -3.7948155733886986, 'log_learning_rate_D': -3.483297399172832, 'training_batch_size': 7, 'training_p': 3}. Best is trial 8 with value: 0.03806528449058533.
Time for this trial:  159.0786988735199
Memory status after this trial: 
Memory allocated:  679.57568359375
Memory cached:  698.0
--------------------  Trial  14   --------------------
Start timing: 
Parameters: 
{'W_layers': 7, 'W_layer_units_exponent_0': 9, 'W_layer_units_exponent_1': 6, 'W_layer_units_exponent_2': 7, 'W_layer_units_exponent_3': 8, 'W_layer_units_exponent_4': 9, 'W_layer_units_exponent_5': 8, 'W_layer_units_exponent_6': 4, 'D_layers': 8, 'D_layer_units_exponent_0': 5, 'D_layer_units_exponent_1': 8, 'D_layer_units_exponent_2': 8, 'D_layer_units_exponent_3': 6, 'D_layer_units_exponent_4': 10, 'D_layer_units_exponent_5': 4, 'D_layer_units_exponent_6': 4, 'D_layer_units_exponent_7': 4, 'log_learning_rate': -3.8636892146595327, 'log_learning_rate_D': -3.3049637478546963, 'training_batch_size': 7, 'training_p': 3}
	 epoch  0 training error:  tensor(1.1849, device='cuda:0', grad_fn=<DivBackward0>)
	 epoch  0 test error:  tensor(0.1253, device='cuda:0', grad_fn=<DivBackward0>)
Memory status after this epoch: 
Memory allocated:  451.453125
Memory cached:  706.0
	 epoch  10 training error:  tensor(1.1024, device='cuda:0', grad_fn=<DivBackward0>)
	 epoch  10 test error:  tensor(0.0759, device='cuda:0', grad_fn=<DivBackward0>)
Memory status after this epoch: 
Memory allocated:  452.15625
Memory cached:  898.0
	 epoch  20 training error:  tensor(0.5717, device='cuda:0', grad_fn=<DivBackward0>)
	 epoch  20 test error:  tensor(0.0398, device='cuda:0', grad_fn=<DivBackward0>)
Memory status after this epoch: 
Memory allocated:  451.453125
Memory cached:  898.0
	 epoch  30 training error:  tensor(0.5251, device='cuda:0', grad_fn=<DivBackward0>)
	 epoch  30 test error:  tensor(0.0414, device='cuda:0', grad_fn=<DivBackward0>)
Memory status after this epoch: 
Memory allocated:  452.15625
Memory cached:  898.0
	 epoch  40 training error:  tensor(0.5155, device='cuda:0', grad_fn=<DivBackward0>)
	 epoch  40 test error:  tensor(0.0379, device='cuda:0', grad_fn=<DivBackward0>)
Memory status after this epoch: 
Memory allocated:  451.453125
Memory cached:  898.0
	 epoch  50 training error:  tensor(0.5027, device='cuda:0', grad_fn=<DivBackward0>)
	 epoch  50 test error:  tensor(0.0392, device='cuda:0', grad_fn=<DivBackward0>)
Memory status after this epoch: 
Memory allocated:  452.15625
Memory cached:  898.0
	 epoch  60 training error:  tensor(0.4988, device='cuda:0', grad_fn=<DivBackward0>)
	 epoch  60 test error:  tensor(0.0387, device='cuda:0', grad_fn=<DivBackward0>)
Memory status after this epoch: 
Memory allocated:  450.984375
Memory cached:  898.0
	 epoch  70 training error:  tensor(0.4967, device='cuda:0', grad_fn=<DivBackward0>)
	 epoch  70 test error:  tensor(0.0383, device='cuda:0', grad_fn=<DivBackward0>)
Memory status after this epoch: 
Memory allocated:  452.15625
Memory cached:  898.0
	 epoch  80 training error:  tensor(0.4956, device='cuda:0', grad_fn=<DivBackward0>)
	 epoch  80 test error:  tensor(0.0381, device='cuda:0', grad_fn=<DivBackward0>)
Memory status after this epoch: 
Memory allocated:  450.984375
Memory cached:  898.0
	 epoch  90 training error:  tensor(0.4950, device='cuda:0', grad_fn=<DivBackward0>)
	 epoch  90 test error:  tensor(0.0383, device='cuda:0', grad_fn=<DivBackward0>)
Memory status after this epoch: 
Memory allocated:  452.15625
Memory cached:  898.0
[I 2023-11-10 12:20:53,423] Trial 14 finished with value: 0.03837190195918083 and parameters: {'W_layers': 7, 'W_layer_units_exponent_0': 9, 'W_layer_units_exponent_1': 6, 'W_layer_units_exponent_2': 7, 'W_layer_units_exponent_3': 8, 'W_layer_units_exponent_4': 9, 'W_layer_units_exponent_5': 8, 'W_layer_units_exponent_6': 4, 'D_layers': 8, 'D_layer_units_exponent_0': 5, 'D_layer_units_exponent_1': 8, 'D_layer_units_exponent_2': 8, 'D_layer_units_exponent_3': 6, 'D_layer_units_exponent_4': 10, 'D_layer_units_exponent_5': 4, 'D_layer_units_exponent_6': 4, 'D_layer_units_exponent_7': 4, 'log_learning_rate': -3.8636892146595327, 'log_learning_rate_D': -3.3049637478546963, 'training_batch_size': 7, 'training_p': 3}. Best is trial 8 with value: 0.03806528449058533.
Time for this trial:  203.14928603172302
Memory status after this trial: 
Memory allocated:  878.08154296875
Memory cached:  898.0
--------------------  Trial  15   --------------------
Start timing: 
Parameters: 
{'W_layers': 7, 'W_layer_units_exponent_0': 8, 'W_layer_units_exponent_1': 8, 'W_layer_units_exponent_2': 5, 'W_layer_units_exponent_3': 5, 'W_layer_units_exponent_4': 6, 'W_layer_units_exponent_5': 7, 'W_layer_units_exponent_6': 4, 'D_layers': 5, 'D_layer_units_exponent_0': 6, 'D_layer_units_exponent_1': 5, 'D_layer_units_exponent_2': 9, 'D_layer_units_exponent_3': 7, 'D_layer_units_exponent_4': 4, 'log_learning_rate': -4.938316104808033, 'log_learning_rate_D': -3.8624273888370944, 'training_batch_size': 10, 'training_p': 3}
	 epoch  0 training error:  tensor(1.1164, device='cuda:0', grad_fn=<DivBackward0>)
	 epoch  0 test error:  tensor(0.0774, device='cuda:0', grad_fn=<DivBackward0>)
Memory status after this epoch: 
Memory allocated:  346.2666015625
Memory cached:  600.0
	 epoch  10 training error:  tensor(0.9850, device='cuda:0', grad_fn=<DivBackward0>)
	 epoch  10 test error:  tensor(0.0715, device='cuda:0', grad_fn=<DivBackward0>)
Memory status after this epoch: 
Memory allocated:  345.0947265625
Memory cached:  692.0
	 epoch  20 training error:  tensor(0.9657, device='cuda:0', grad_fn=<DivBackward0>)
	 epoch  20 test error:  tensor(0.0701, device='cuda:0', grad_fn=<DivBackward0>)
Memory status after this epoch: 
Memory allocated:  346.2666015625
Memory cached:  694.0
	 epoch  30 training error:  tensor(0.9434, device='cuda:0', grad_fn=<DivBackward0>)
	 epoch  30 test error:  tensor(0.0689, device='cuda:0', grad_fn=<DivBackward0>)
Memory status after this epoch: 
Memory allocated:  345.1884765625
Memory cached:  692.0
	 epoch  40 training error:  tensor(0.9064, device='cuda:0', grad_fn=<DivBackward0>)
	 epoch  40 test error:  tensor(0.0663, device='cuda:0', grad_fn=<DivBackward0>)
Memory status after this epoch: 
Memory allocated:  346.1728515625
Memory cached:  694.0
	 epoch  50 training error:  tensor(0.8417, device='cuda:0', grad_fn=<DivBackward0>)
	 epoch  50 test error:  tensor(0.0622, device='cuda:0', grad_fn=<DivBackward0>)
Memory status after this epoch: 
Memory allocated:  345.6572265625
Memory cached:  692.0
	 epoch  60 training error:  tensor(0.7480, device='cuda:0', grad_fn=<DivBackward0>)
	 epoch  60 test error:  tensor(0.0565, device='cuda:0', grad_fn=<DivBackward0>)
Memory status after this epoch: 
Memory allocated:  346.1728515625
Memory cached:  694.0
	 epoch  70 training error:  tensor(0.6446, device='cuda:0', grad_fn=<DivBackward0>)
	 epoch  70 test error:  tensor(0.0503, device='cuda:0', grad_fn=<DivBackward0>)
Memory status after this epoch: 
Memory allocated:  344.3447265625
Memory cached:  694.0
	 epoch  80 training error:  tensor(0.5588, device='cuda:0', grad_fn=<DivBackward0>)
	 epoch  80 test error:  tensor(0.0446, device='cuda:0', grad_fn=<DivBackward0>)
Memory status after this epoch: 
Memory allocated:  346.5947265625
Memory cached:  694.0
	 epoch  90 training error:  tensor(0.5143, device='cuda:0', grad_fn=<DivBackward0>)
	 epoch  90 test error:  tensor(0.0405, device='cuda:0', grad_fn=<DivBackward0>)
Memory status after this epoch: 
Memory allocated:  344.7666015625
Memory cached:  694.0
[I 2023-11-10 12:23:39,030] Trial 15 finished with value: 0.03854239732027054 and parameters: {'W_layers': 7, 'W_layer_units_exponent_0': 8, 'W_layer_units_exponent_1': 8, 'W_layer_units_exponent_2': 5, 'W_layer_units_exponent_3': 5, 'W_layer_units_exponent_4': 6, 'W_layer_units_exponent_5': 7, 'W_layer_units_exponent_6': 4, 'D_layers': 5, 'D_layer_units_exponent_0': 6, 'D_layer_units_exponent_1': 5, 'D_layer_units_exponent_2': 9, 'D_layer_units_exponent_3': 7, 'D_layer_units_exponent_4': 4, 'log_learning_rate': -4.938316104808033, 'log_learning_rate_D': -3.8624273888370944, 'training_batch_size': 10, 'training_p': 3}. Best is trial 8 with value: 0.03806528449058533.
Time for this trial:  165.29442882537842
Memory status after this trial: 
Memory allocated:  674.12744140625
Memory cached:  696.0
--------------------  Trial  16   --------------------
Start timing: 
Parameters: 
{'W_layers': 6, 'W_layer_units_exponent_0': 4, 'W_layer_units_exponent_1': 6, 'W_layer_units_exponent_2': 7, 'W_layer_units_exponent_3': 8, 'W_layer_units_exponent_4': 8, 'W_layer_units_exponent_5': 9, 'D_layers': 4, 'D_layer_units_exponent_0': 8, 'D_layer_units_exponent_1': 8, 'D_layer_units_exponent_2': 8, 'D_layer_units_exponent_3': 6, 'log_learning_rate': -3.985356977869479, 'log_learning_rate_D': -3.109363224431502, 'training_batch_size': 7, 'training_p': 3}
	 epoch  0 training error:  tensor(1.2406, device='cuda:0', grad_fn=<DivBackward0>)
	 epoch  0 test error:  tensor(0.1211, device='cuda:0', grad_fn=<DivBackward0>)
Memory status after this epoch: 
Memory allocated:  376.4755859375
Memory cached:  630.0
	 epoch  10 training error:  tensor(0.9235, device='cuda:0', grad_fn=<DivBackward0>)
	 epoch  10 test error:  tensor(0.0607, device='cuda:0', grad_fn=<DivBackward0>)
Memory status after this epoch: 
Memory allocated:  376.8974609375
Memory cached:  750.0
	 epoch  20 training error:  tensor(0.6049, device='cuda:0', grad_fn=<DivBackward0>)
	 epoch  20 test error:  tensor(0.0494, device='cuda:0', grad_fn=<DivBackward0>)
Memory status after this epoch: 
Memory allocated:  376.9443359375
Memory cached:  750.0
	 epoch  30 training error:  tensor(0.5814, device='cuda:0', grad_fn=<DivBackward0>)
	 epoch  30 test error:  tensor(0.0367, device='cuda:0', grad_fn=<DivBackward0>)
Memory status after this epoch: 
Memory allocated:  376.9912109375
Memory cached:  750.0
	 epoch  40 training error:  tensor(0.5316, device='cuda:0', grad_fn=<DivBackward0>)
	 epoch  40 test error:  tensor(0.0409, device='cuda:0', grad_fn=<DivBackward0>)
Memory status after this epoch: 
Memory allocated:  376.3818359375
Memory cached:  752.0
	 epoch  50 training error:  tensor(0.5135, device='cuda:0', grad_fn=<DivBackward0>)
	 epoch  50 test error:  tensor(0.0388, device='cuda:0', grad_fn=<DivBackward0>)
Memory status after this epoch: 
Memory allocated:  377.1787109375
Memory cached:  752.0
	 epoch  60 training error:  tensor(0.5061, device='cuda:0', grad_fn=<DivBackward0>)
	 epoch  60 test error:  tensor(0.0389, device='cuda:0', grad_fn=<DivBackward0>)
Memory status after this epoch: 
Memory allocated:  376.7568359375
Memory cached:  750.0
	 epoch  70 training error:  tensor(0.5022, device='cuda:0', grad_fn=<DivBackward0>)
	 epoch  70 test error:  tensor(0.0381, device='cuda:0', grad_fn=<DivBackward0>)
Memory status after this epoch: 
Memory allocated:  377.0849609375
Memory cached:  750.0
	 epoch  80 training error:  tensor(0.5000, device='cuda:0', grad_fn=<DivBackward0>)
	 epoch  80 test error:  tensor(0.0383, device='cuda:0', grad_fn=<DivBackward0>)
Memory status after this epoch: 
Memory allocated:  376.7568359375
Memory cached:  750.0
	 epoch  90 training error:  tensor(0.4987, device='cuda:0', grad_fn=<DivBackward0>)
	 epoch  90 test error:  tensor(0.0382, device='cuda:0', grad_fn=<DivBackward0>)
Memory status after this epoch: 
Memory allocated:  377.0849609375
Memory cached:  750.0
