[I 2023-11-16 21:27:35,552] Trial 30 finished with value: 0.9912969470024109 and parameters: {'W_layers': 4, 'W_layer_units_exponent_0': 5, 'W_layer_units_exponent_1': 6, 'W_layer_units_exponent_2': 7, 'W_layer_units_exponent_3': 5, 'D_layers': 8, 'D_layer_units_exponent_0': 4, 'D_layer_units_exponent_1': 5, 'D_layer_units_exponent_2': 7, 'D_layer_units_exponent_3': 5, 'D_layer_units_exponent_4': 9, 'D_layer_units_exponent_5': 8, 'D_layer_units_exponent_6': 8, 'D_layer_units_exponent_7': 8, 'log_learning_rate': -4.5899304984885365, 'log_learning_rate_D': -4.631847252492187, 'training_batch_size': 9, 'training_p': 8}. Best is trial 5 with value: 0.7917489409446716.
Time for this trial:  163.98482179641724
Memory status after this trial: 
Memory allocated:  349.0234375
Memory cached:  360.0
--------------------  Trial  31   --------------------
Start timing: 
Parameters: 
{'W_layers': 5, 'W_layer_units_exponent_0': 4, 'W_layer_units_exponent_1': 4, 'W_layer_units_exponent_2': 4, 'W_layer_units_exponent_3': 4, 'W_layer_units_exponent_4': 4, 'D_layers': 8, 'D_layer_units_exponent_0': 10, 'D_layer_units_exponent_1': 10, 'D_layer_units_exponent_2': 6, 'D_layer_units_exponent_3': 6, 'D_layer_units_exponent_4': 9, 'D_layer_units_exponent_5': 9, 'D_layer_units_exponent_6': 4, 'D_layer_units_exponent_7': 10, 'log_learning_rate': -3.3086380542947107, 'log_learning_rate_D': -1.546753565077423, 'training_batch_size': 10, 'training_p': 2}
	 epoch  0 training error:  tensor(1.7210, device='cuda:0', grad_fn=<DivBackward0>)
	 epoch  0 test error:  tensor(4.9935, device='cuda:0', grad_fn=<DivBackward0>)
Memory status after this epoch: 
Memory allocated:  336.0751953125
Memory cached:  402.0
	 epoch  10 training error:  tensor(1.4964, device='cuda:0', grad_fn=<DivBackward0>)
	 epoch  10 test error:  tensor(7.8379, device='cuda:0', grad_fn=<DivBackward0>)
Memory status after this epoch: 
Memory allocated:  335.9345703125
Memory cached:  654.0
	 epoch  20 training error:  tensor(1.4144, device='cuda:0', grad_fn=<DivBackward0>)
	 epoch  20 test error:  tensor(7.3781, device='cuda:0', grad_fn=<DivBackward0>)
Memory status after this epoch: 
Memory allocated:  336.0283203125
Memory cached:  654.0
	 epoch  30 training error:  tensor(1.2946, device='cuda:0', grad_fn=<DivBackward0>)
	 epoch  30 test error:  tensor(6.7317, device='cuda:0', grad_fn=<DivBackward0>)
Memory status after this epoch: 
Memory allocated:  335.8408203125
Memory cached:  654.0
	 epoch  40 training error:  tensor(1.2009, device='cuda:0', grad_fn=<DivBackward0>)
	 epoch  40 test error:  tensor(6.2287, device='cuda:0', grad_fn=<DivBackward0>)
Memory status after this epoch: 
Memory allocated:  335.5595703125
Memory cached:  654.0
	 epoch  50 training error:  tensor(1.0673, device='cuda:0', grad_fn=<DivBackward0>)
	 epoch  50 test error:  tensor(5.5172, device='cuda:0', grad_fn=<DivBackward0>)
Memory status after this epoch: 
Memory allocated:  335.8408203125
Memory cached:  654.0
	 epoch  60 training error:  tensor(1.0389, device='cuda:0', grad_fn=<DivBackward0>)
	 epoch  60 test error:  tensor(5.3655, device='cuda:0', grad_fn=<DivBackward0>)
Memory status after this epoch: 
Memory allocated:  336.0283203125
Memory cached:  656.0
	 epoch  70 training error:  tensor(1.0183, device='cuda:0', grad_fn=<DivBackward0>)
	 epoch  70 test error:  tensor(5.2555, device='cuda:0', grad_fn=<DivBackward0>)
Memory status after this epoch: 
Memory allocated:  335.8408203125
Memory cached:  656.0
	 epoch  80 training error:  tensor(1.0029, device='cuda:0', grad_fn=<DivBackward0>)
	 epoch  80 test error:  tensor(5.1723, device='cuda:0', grad_fn=<DivBackward0>)
Memory status after this epoch: 
Memory allocated:  335.5595703125
Memory cached:  656.0
	 epoch  90 training error:  tensor(0.9981, device='cuda:0', grad_fn=<DivBackward0>)
	 epoch  90 test error:  tensor(5.1534, device='cuda:0', grad_fn=<DivBackward0>)
Memory status after this epoch: 
Memory allocated:  336.3095703125
Memory cached:  654.0
[I 2023-11-16 21:30:44,523] Trial 31 finished with value: 5.153275966644287 and parameters: {'W_layers': 5, 'W_layer_units_exponent_0': 4, 'W_layer_units_exponent_1': 4, 'W_layer_units_exponent_2': 4, 'W_layer_units_exponent_3': 4, 'W_layer_units_exponent_4': 4, 'D_layers': 8, 'D_layer_units_exponent_0': 10, 'D_layer_units_exponent_1': 10, 'D_layer_units_exponent_2': 6, 'D_layer_units_exponent_3': 6, 'D_layer_units_exponent_4': 9, 'D_layer_units_exponent_5': 9, 'D_layer_units_exponent_6': 4, 'D_layer_units_exponent_7': 10, 'log_learning_rate': -3.3086380542947107, 'log_learning_rate_D': -1.546753565077423, 'training_batch_size': 10, 'training_p': 2}. Best is trial 5 with value: 0.7917489409446716.
Time for this trial:  188.63928532600403
Memory status after this trial: 
Memory allocated:  632.3134765625
Memory cached:  656.0
--------------------  Trial  32   --------------------
Start timing: 
Parameters: 
{'W_layers': 5, 'W_layer_units_exponent_0': 4, 'W_layer_units_exponent_1': 4, 'W_layer_units_exponent_2': 4, 'W_layer_units_exponent_3': 4, 'W_layer_units_exponent_4': 4, 'D_layers': 7, 'D_layer_units_exponent_0': 10, 'D_layer_units_exponent_1': 10, 'D_layer_units_exponent_2': 5, 'D_layer_units_exponent_3': 7, 'D_layer_units_exponent_4': 10, 'D_layer_units_exponent_5': 9, 'D_layer_units_exponent_6': 5, 'log_learning_rate': -2.9090917960750273, 'log_learning_rate_D': -1.4005523567723088, 'training_batch_size': 11, 'training_p': 2}
	 epoch  0 training error:  tensor(1.1058, device='cuda:0', grad_fn=<DivBackward0>)
	 epoch  0 test error:  tensor(5.2932, device='cuda:0', grad_fn=<DivBackward0>)
Memory status after this epoch: 
Memory allocated:  316.41455078125
Memory cached:  394.0
	 epoch  10 training error:  tensor(0.9995, device='cuda:0', grad_fn=<DivBackward0>)
	 epoch  10 test error:  tensor(5.1455, device='cuda:0', grad_fn=<DivBackward0>)
Memory status after this epoch: 
Memory allocated:  315.14892578125
Memory cached:  622.0
	 epoch  20 training error:  tensor(0.9684, device='cuda:0', grad_fn=<DivBackward0>)
	 epoch  20 test error:  tensor(4.9666, device='cuda:0', grad_fn=<DivBackward0>)
Memory status after this epoch: 
Memory allocated:  316.69580078125
Memory cached:  602.0
	 epoch  30 training error:  tensor(0.9405, device='cuda:0', grad_fn=<DivBackward0>)
	 epoch  30 test error:  tensor(4.7959, device='cuda:0', grad_fn=<DivBackward0>)
Memory status after this epoch: 
Memory allocated:  315.14892578125
Memory cached:  602.0
	 epoch  40 training error:  tensor(0.8438, device='cuda:0', grad_fn=<DivBackward0>)
	 epoch  40 test error:  tensor(4.2036, device='cuda:0', grad_fn=<DivBackward0>)
Memory status after this epoch: 
Memory allocated:  316.69580078125
Memory cached:  602.0
	 epoch  50 training error:  tensor(0.5491, device='cuda:0', grad_fn=<DivBackward0>)
	 epoch  50 test error:  tensor(2.3942, device='cuda:0', grad_fn=<DivBackward0>)
Memory status after this epoch: 
Memory allocated:  315.14892578125
Memory cached:  602.0
	 epoch  60 training error:  tensor(0.2856, device='cuda:0', grad_fn=<DivBackward0>)
	 epoch  60 test error:  tensor(1.7182, device='cuda:0', grad_fn=<DivBackward0>)
Memory status after this epoch: 
Memory allocated:  316.69580078125
Memory cached:  602.0
	 epoch  70 training error:  tensor(0.2062, device='cuda:0', grad_fn=<DivBackward0>)
	 epoch  70 test error:  tensor(0.7559, device='cuda:0', grad_fn=<DivBackward0>)
Memory status after this epoch: 
Memory allocated:  315.14892578125
Memory cached:  602.0
	 epoch  80 training error:  tensor(0.2014, device='cuda:0', grad_fn=<DivBackward0>)
	 epoch  80 test error:  tensor(0.8553, device='cuda:0', grad_fn=<DivBackward0>)
Memory status after this epoch: 
Memory allocated:  316.69580078125
Memory cached:  602.0
	 epoch  90 training error:  tensor(0.2027, device='cuda:0', grad_fn=<DivBackward0>)
	 epoch  90 test error:  tensor(0.8299, device='cuda:0', grad_fn=<DivBackward0>)
Memory status after this epoch: 
Memory allocated:  315.14892578125
Memory cached:  602.0
[I 2023-11-16 21:33:42,178] Trial 32 finished with value: 0.7752977609634399 and parameters: {'W_layers': 5, 'W_layer_units_exponent_0': 4, 'W_layer_units_exponent_1': 4, 'W_layer_units_exponent_2': 4, 'W_layer_units_exponent_3': 4, 'W_layer_units_exponent_4': 4, 'D_layers': 7, 'D_layer_units_exponent_0': 10, 'D_layer_units_exponent_1': 10, 'D_layer_units_exponent_2': 5, 'D_layer_units_exponent_3': 7, 'D_layer_units_exponent_4': 10, 'D_layer_units_exponent_5': 9, 'D_layer_units_exponent_6': 5, 'log_learning_rate': -2.9090917960750273, 'log_learning_rate_D': -1.4005523567723088, 'training_batch_size': 11, 'training_p': 2}. Best is trial 32 with value: 0.7752977609634399.
Time for this trial:  177.33329057693481
Memory status after this trial: 
Memory allocated:  584.9619140625
Memory cached:  602.0
--------------------  Trial  33   --------------------
Start timing: 
Parameters: 
{'W_layers': 6, 'W_layer_units_exponent_0': 4, 'W_layer_units_exponent_1': 5, 'W_layer_units_exponent_2': 5, 'W_layer_units_exponent_3': 5, 'W_layer_units_exponent_4': 5, 'W_layer_units_exponent_5': 10, 'D_layers': 7, 'D_layer_units_exponent_0': 10, 'D_layer_units_exponent_1': 10, 'D_layer_units_exponent_2': 4, 'D_layer_units_exponent_3': 7, 'D_layer_units_exponent_4': 10, 'D_layer_units_exponent_5': 9, 'D_layer_units_exponent_6': 6, 'log_learning_rate': -2.686702909720428, 'log_learning_rate_D': -1.3127851675905515, 'training_batch_size': 12, 'training_p': 3}
	 epoch  0 training error:  tensor(0.6540, device='cuda:0', grad_fn=<DivBackward0>)
	 epoch  0 test error:  tensor(4.2038, device='cuda:0', grad_fn=<DivBackward0>)
Memory status after this epoch: 
Memory allocated:  374.451171875
Memory cached:  454.0
	 epoch  10 training error:  tensor(0.4756, device='cuda:0', grad_fn=<DivBackward0>)
	 epoch  10 test error:  tensor(0.7359, device='cuda:0', grad_fn=<DivBackward0>)
Memory status after this epoch: 
Memory allocated:  375.060546875
Memory cached:  740.0
	 epoch  20 training error:  tensor(0.2676, device='cuda:0', grad_fn=<DivBackward0>)
	 epoch  20 test error:  tensor(0.9122, device='cuda:0', grad_fn=<DivBackward0>)
Memory status after this epoch: 
Memory allocated:  374.826171875
Memory cached:  740.0
	 epoch  30 training error:  tensor(0.2419, device='cuda:0', grad_fn=<DivBackward0>)
	 epoch  30 test error:  tensor(0.9128, device='cuda:0', grad_fn=<DivBackward0>)
Memory status after this epoch: 
Memory allocated:  375.060546875
Memory cached:  740.0
	 epoch  40 training error:  tensor(0.2410, device='cuda:0', grad_fn=<DivBackward0>)
	 epoch  40 test error:  tensor(0.8286, device='cuda:0', grad_fn=<DivBackward0>)
Memory status after this epoch: 
Memory allocated:  374.826171875
Memory cached:  740.0
	 epoch  50 training error:  tensor(0.2373, device='cuda:0', grad_fn=<DivBackward0>)
	 epoch  50 test error:  tensor(0.8323, device='cuda:0', grad_fn=<DivBackward0>)
Memory status after this epoch: 
Memory allocated:  375.060546875
Memory cached:  740.0
	 epoch  60 training error:  tensor(0.2351, device='cuda:0', grad_fn=<DivBackward0>)
	 epoch  60 test error:  tensor(0.8518, device='cuda:0', grad_fn=<DivBackward0>)
Memory status after this epoch: 
Memory allocated:  374.826171875
Memory cached:  740.0
	 epoch  70 training error:  tensor(0.2342, device='cuda:0', grad_fn=<DivBackward0>)
	 epoch  70 test error:  tensor(0.8717, device='cuda:0', grad_fn=<DivBackward0>)
Memory status after this epoch: 
Memory allocated:  375.060546875
Memory cached:  742.0
	 epoch  80 training error:  tensor(0.2339, device='cuda:0', grad_fn=<DivBackward0>)
	 epoch  80 test error:  tensor(0.8860, device='cuda:0', grad_fn=<DivBackward0>)
Memory status after this epoch: 
Memory allocated:  374.826171875
Memory cached:  740.0
	 epoch  90 training error:  tensor(0.2339, device='cuda:0', grad_fn=<DivBackward0>)
	 epoch  90 test error:  tensor(0.8911, device='cuda:0', grad_fn=<DivBackward0>)
Memory status after this epoch: 
Memory allocated:  375.060546875
Memory cached:  740.0
[I 2023-11-16 21:36:55,167] Trial 33 finished with value: 0.8872805833816528 and parameters: {'W_layers': 6, 'W_layer_units_exponent_0': 4, 'W_layer_units_exponent_1': 5, 'W_layer_units_exponent_2': 5, 'W_layer_units_exponent_3': 5, 'W_layer_units_exponent_4': 5, 'W_layer_units_exponent_5': 10, 'D_layers': 7, 'D_layer_units_exponent_0': 10, 'D_layer_units_exponent_1': 10, 'D_layer_units_exponent_2': 4, 'D_layer_units_exponent_3': 7, 'D_layer_units_exponent_4': 10, 'D_layer_units_exponent_5': 9, 'D_layer_units_exponent_6': 6, 'log_learning_rate': -2.686702909720428, 'log_learning_rate_D': -1.3127851675905515, 'training_batch_size': 12, 'training_p': 3}. Best is trial 32 with value: 0.7752977609634399.
Time for this trial:  192.6690752506256
Memory status after this trial: 
Memory allocated:  702.4794921875
Memory cached:  740.0
--------------------  Trial  34   --------------------
Start timing: 
Parameters: 
{'W_layers': 4, 'W_layer_units_exponent_0': 5, 'W_layer_units_exponent_1': 4, 'W_layer_units_exponent_2': 4, 'W_layer_units_exponent_3': 4, 'D_layers': 7, 'D_layer_units_exponent_0': 9, 'D_layer_units_exponent_1': 9, 'D_layer_units_exponent_2': 4, 'D_layer_units_exponent_3': 9, 'D_layer_units_exponent_4': 7, 'D_layer_units_exponent_5': 8, 'D_layer_units_exponent_6': 6, 'log_learning_rate': -2.965546527887279, 'log_learning_rate_D': -2.0081183533335016, 'training_batch_size': 11, 'training_p': 2}
	 epoch  0 training error:  tensor(1.5977, device='cuda:0', grad_fn=<DivBackward0>)
	 epoch  0 test error:  tensor(5.7501, device='cuda:0', grad_fn=<DivBackward0>)
Memory status after this epoch: 
Memory allocated:  200.921875
Memory cached:  264.0
	 epoch  10 training error:  tensor(0.4476, device='cuda:0', grad_fn=<DivBackward0>)
	 epoch  10 test error:  tensor(2.3541, device='cuda:0', grad_fn=<DivBackward0>)
Memory status after this epoch: 
Memory allocated:  200.59375
Memory cached:  396.0
	 epoch  20 training error:  tensor(0.2794, device='cuda:0', grad_fn=<DivBackward0>)
	 epoch  20 test error:  tensor(1.0268, device='cuda:0', grad_fn=<DivBackward0>)
Memory status after this epoch: 
Memory allocated:  201.296875
Memory cached:  396.0
	 epoch  30 training error:  tensor(0.2261, device='cuda:0', grad_fn=<DivBackward0>)
	 epoch  30 test error:  tensor(1.0674, device='cuda:0', grad_fn=<DivBackward0>)
Memory status after this epoch: 
Memory allocated:  200.546875
Memory cached:  396.0
	 epoch  40 training error:  tensor(0.2099, device='cuda:0', grad_fn=<DivBackward0>)
	 epoch  40 test error:  tensor(0.7442, device='cuda:0', grad_fn=<DivBackward0>)
Memory status after this epoch: 
Memory allocated:  201.34375
Memory cached:  396.0
	 epoch  50 training error:  tensor(0.2038, device='cuda:0', grad_fn=<DivBackward0>)
	 epoch  50 test error:  tensor(0.8592, device='cuda:0', grad_fn=<DivBackward0>)
Memory status after this epoch: 
Memory allocated:  200.265625
Memory cached:  396.0
	 epoch  60 training error:  tensor(0.2018, device='cuda:0', grad_fn=<DivBackward0>)
	 epoch  60 test error:  tensor(0.7964, device='cuda:0', grad_fn=<DivBackward0>)
Memory status after this epoch: 
Memory allocated:  201.203125
Memory cached:  396.0
	 epoch  70 training error:  tensor(0.2013, device='cuda:0', grad_fn=<DivBackward0>)
	 epoch  70 test error:  tensor(0.8018, device='cuda:0', grad_fn=<DivBackward0>)
Memory status after this epoch: 
Memory allocated:  200.59375
Memory cached:  396.0
	 epoch  80 training error:  tensor(0.2014, device='cuda:0', grad_fn=<DivBackward0>)
	 epoch  80 test error:  tensor(0.8208, device='cuda:0', grad_fn=<DivBackward0>)
Memory status after this epoch: 
Memory allocated:  200.875
Memory cached:  398.0
	 epoch  90 training error:  tensor(0.2014, device='cuda:0', grad_fn=<DivBackward0>)
	 epoch  90 test error:  tensor(0.7992, device='cuda:0', grad_fn=<DivBackward0>)
Memory status after this epoch: 
Memory allocated:  200.96875
Memory cached:  398.0
[I 2023-11-16 21:39:32,608] Trial 34 finished with value: 0.8128708004951477 and parameters: {'W_layers': 4, 'W_layer_units_exponent_0': 5, 'W_layer_units_exponent_1': 4, 'W_layer_units_exponent_2': 4, 'W_layer_units_exponent_3': 4, 'D_layers': 7, 'D_layer_units_exponent_0': 9, 'D_layer_units_exponent_1': 9, 'D_layer_units_exponent_2': 4, 'D_layer_units_exponent_3': 9, 'D_layer_units_exponent_4': 7, 'D_layer_units_exponent_5': 8, 'D_layer_units_exponent_6': 6, 'log_learning_rate': -2.965546527887279, 'log_learning_rate_D': -2.0081183533335016, 'training_batch_size': 11, 'training_p': 2}. Best is trial 32 with value: 0.7752977609634399.
Time for this trial:  157.12765431404114
Memory status after this trial: 
Memory allocated:  386.3876953125
Memory cached:  400.0
--------------------  Trial  35   --------------------
Start timing: 
Parameters: 
{'W_layers': 5, 'W_layer_units_exponent_0': 8, 'W_layer_units_exponent_1': 5, 'W_layer_units_exponent_2': 5, 'W_layer_units_exponent_3': 7, 'W_layer_units_exponent_4': 5, 'D_layers': 6, 'D_layer_units_exponent_0': 8, 'D_layer_units_exponent_1': 8, 'D_layer_units_exponent_2': 5, 'D_layer_units_exponent_3': 8, 'D_layer_units_exponent_4': 10, 'D_layer_units_exponent_5': 6, 'log_learning_rate': -4.204884796635138, 'log_learning_rate_D': -1.4505443711884296, 'training_batch_size': 11, 'training_p': 2}
	 epoch  0 training error:  tensor(1.5062, device='cuda:0', grad_fn=<DivBackward0>)
	 epoch  0 test error:  tensor(5.5803, device='cuda:0', grad_fn=<DivBackward0>)
Memory status after this epoch: 
Memory allocated:  216.2314453125
Memory cached:  280.0
	 epoch  10 training error:  tensor(0.4063, device='cuda:0', grad_fn=<DivBackward0>)
	 epoch  10 test error:  tensor(1.2548, device='cuda:0', grad_fn=<DivBackward0>)
Memory status after this epoch: 
Memory allocated:  215.7158203125
Memory cached:  426.0
	 epoch  20 training error:  tensor(0.3532, device='cuda:0', grad_fn=<DivBackward0>)
	 epoch  20 test error:  tensor(1.8713, device='cuda:0', grad_fn=<DivBackward0>)
Memory status after this epoch: 
Memory allocated:  216.3251953125
Memory cached:  426.0
	 epoch  30 training error:  tensor(0.2428, device='cuda:0', grad_fn=<DivBackward0>)
	 epoch  30 test error:  tensor(0.9430, device='cuda:0', grad_fn=<DivBackward0>)
Memory status after this epoch: 
Memory allocated:  216.0439453125
Memory cached:  426.0
	 epoch  40 training error:  tensor(0.2099, device='cuda:0', grad_fn=<DivBackward0>)
	 epoch  40 test error:  tensor(1.0117, device='cuda:0', grad_fn=<DivBackward0>)
Memory status after this epoch: 
Memory allocated:  215.9033203125
Memory cached:  428.0
	 epoch  50 training error:  tensor(0.2018, device='cuda:0', grad_fn=<DivBackward0>)
	 epoch  50 test error:  tensor(0.7654, device='cuda:0', grad_fn=<DivBackward0>)
Memory status after this epoch: 
Memory allocated:  216.0439453125
Memory cached:  430.0
	 epoch  60 training error:  tensor(0.2013, device='cuda:0', grad_fn=<DivBackward0>)
	 epoch  60 test error:  tensor(0.8226, device='cuda:0', grad_fn=<DivBackward0>)
Memory status after this epoch: 
Memory allocated:  215.9033203125
Memory cached:  426.0
	 epoch  70 training error:  tensor(0.2014, device='cuda:0', grad_fn=<DivBackward0>)
	 epoch  70 test error:  tensor(0.8068, device='cuda:0', grad_fn=<DivBackward0>)
Memory status after this epoch: 
Memory allocated:  216.0439453125
Memory cached:  426.0
	 epoch  80 training error:  tensor(0.2014, device='cuda:0', grad_fn=<DivBackward0>)
	 epoch  80 test error:  tensor(0.8069, device='cuda:0', grad_fn=<DivBackward0>)
Memory status after this epoch: 
Memory allocated:  215.9033203125
Memory cached:  426.0
	 epoch  90 training error:  tensor(0.2013, device='cuda:0', grad_fn=<DivBackward0>)
	 epoch  90 test error:  tensor(0.8086, device='cuda:0', grad_fn=<DivBackward0>)
Memory status after this epoch: 
Memory allocated:  216.0439453125
Memory cached:  426.0
