[I 2023-11-17 10:24:45,987] Trial 29 finished with value: 0.14884932339191437 and parameters: {'W_layers': 7, 'W_layer_units_exponent_0': 5, 'W_layer_units_exponent_1': 10, 'W_layer_units_exponent_2': 5, 'W_layer_units_exponent_3': 10, 'W_layer_units_exponent_4': 6, 'W_layer_units_exponent_5': 10, 'W_layer_units_exponent_6': 10, 'D_layers': 6, 'D_layer_units_exponent_0': 5, 'D_layer_units_exponent_1': 5, 'D_layer_units_exponent_2': 7, 'D_layer_units_exponent_3': 8, 'D_layer_units_exponent_4': 8, 'D_layer_units_exponent_5': 4, 'D_dagger_layers': 2, 'D_dagger_layer_units_exponent_0': 7, 'D_dagger_layer_units_exponent_1': 5, 'log_learning_rate': -4.7870904912838945, 'log_learning_rate_D': -4.629234086760307, 'log_learning_rate_D_dagger': -1.405410382572224, 'training_batch_size': 10, 'training_p': 2}. Best is trial 26 with value: 0.12664595246315002.
Time for this trial:  19.74424648284912
Memory status after this trial: 
Memory allocated:  245.3134765625
Memory cached:  322.0
--------------------  Trial  30   --------------------
Start timing: 
Parameters: 
{'W_layers': 6, 'W_layer_units_exponent_0': 4, 'W_layer_units_exponent_1': 10, 'W_layer_units_exponent_2': 4, 'W_layer_units_exponent_3': 9, 'W_layer_units_exponent_4': 7, 'W_layer_units_exponent_5': 10, 'D_layers': 4, 'D_layer_units_exponent_0': 5, 'D_layer_units_exponent_1': 4, 'D_layer_units_exponent_2': 7, 'D_layer_units_exponent_3': 8, 'D_dagger_layers': 2, 'D_dagger_layer_units_exponent_0': 9, 'D_dagger_layer_units_exponent_1': 6, 'log_learning_rate': -3.8737544605648226, 'log_learning_rate_D': -3.7673430553012794, 'log_learning_rate_D_dagger': -2.0779014751071365, 'training_batch_size': 8, 'training_p': 3}
	 epoch  0 training error:  tensor(1.0276, device='cuda:0', grad_fn=<DivBackward0>)
Memory status after this epoch: 
Memory allocated:  4.50390625
Memory cached:  10.0
	 epoch  10 training error:  tensor(0.3894, device='cuda:0', grad_fn=<DivBackward0>)
Memory status after this epoch: 
Memory allocated:  4.50390625
Memory cached:  10.0
	 epoch  20 training error:  tensor(0.2324, device='cuda:0', grad_fn=<DivBackward0>)
Memory status after this epoch: 
Memory allocated:  4.50390625
Memory cached:  10.0
	 epoch  30 training error:  tensor(0.1688, device='cuda:0', grad_fn=<DivBackward0>)
Memory status after this epoch: 
Memory allocated:  4.50390625
Memory cached:  10.0
	 epoch  40 training error:  tensor(0.1547, device='cuda:0', grad_fn=<DivBackward0>)
Memory status after this epoch: 
Memory allocated:  4.50390625
Memory cached:  10.0
	 epoch  50 training error:  tensor(0.1625, device='cuda:0', grad_fn=<DivBackward0>)
Memory status after this epoch: 
Memory allocated:  4.50390625
Memory cached:  10.0
	 epoch  60 training error:  tensor(0.1467, device='cuda:0', grad_fn=<DivBackward0>)
Memory status after this epoch: 
Memory allocated:  4.50390625
Memory cached:  10.0
	 epoch  70 training error:  tensor(0.1451, device='cuda:0', grad_fn=<DivBackward0>)
Memory status after this epoch: 
Memory allocated:  4.50390625
Memory cached:  10.0
	 epoch  80 training error:  tensor(0.1454, device='cuda:0', grad_fn=<DivBackward0>)
Memory status after this epoch: 
Memory allocated:  4.50390625
Memory cached:  10.0
	 epoch  90 training error:  tensor(0.1424, device='cuda:0', grad_fn=<DivBackward0>)
Memory status after this epoch: 
Memory allocated:  4.50390625
Memory cached:  10.0
[I 2023-11-17 10:25:05,083] Trial 30 finished with value: 0.12802653014659882 and parameters: {'W_layers': 6, 'W_layer_units_exponent_0': 4, 'W_layer_units_exponent_1': 10, 'W_layer_units_exponent_2': 4, 'W_layer_units_exponent_3': 9, 'W_layer_units_exponent_4': 7, 'W_layer_units_exponent_5': 10, 'D_layers': 4, 'D_layer_units_exponent_0': 5, 'D_layer_units_exponent_1': 4, 'D_layer_units_exponent_2': 7, 'D_layer_units_exponent_3': 8, 'D_dagger_layers': 2, 'D_dagger_layer_units_exponent_0': 9, 'D_dagger_layer_units_exponent_1': 6, 'log_learning_rate': -3.8737544605648226, 'log_learning_rate_D': -3.7673430553012794, 'log_learning_rate_D_dagger': -2.0779014751071365, 'training_batch_size': 8, 'training_p': 3}. Best is trial 26 with value: 0.12664595246315002.
Time for this trial:  18.92460012435913
Memory status after this trial: 
Memory allocated:  182.0146484375
Memory cached:  190.0
--------------------  Trial  31   --------------------
Start timing: 
Parameters: 
{'W_layers': 6, 'W_layer_units_exponent_0': 4, 'W_layer_units_exponent_1': 10, 'W_layer_units_exponent_2': 4, 'W_layer_units_exponent_3': 9, 'W_layer_units_exponent_4': 7, 'W_layer_units_exponent_5': 10, 'D_layers': 4, 'D_layer_units_exponent_0': 5, 'D_layer_units_exponent_1': 4, 'D_layer_units_exponent_2': 7, 'D_layer_units_exponent_3': 8, 'D_dagger_layers': 2, 'D_dagger_layer_units_exponent_0': 9, 'D_dagger_layer_units_exponent_1': 6, 'log_learning_rate': -4.032288964459088, 'log_learning_rate_D': -4.0322149012911375, 'log_learning_rate_D_dagger': -2.0374271201206935, 'training_batch_size': 8, 'training_p': 3}
	 epoch  0 training error:  tensor(1.0464, device='cuda:0', grad_fn=<DivBackward0>)
Memory status after this epoch: 
Memory allocated:  4.50390625
Memory cached:  10.0
	 epoch  10 training error:  tensor(0.4636, device='cuda:0', grad_fn=<DivBackward0>)
Memory status after this epoch: 
Memory allocated:  4.50390625
Memory cached:  10.0
	 epoch  20 training error:  tensor(0.3502, device='cuda:0', grad_fn=<DivBackward0>)
Memory status after this epoch: 
Memory allocated:  4.50390625
Memory cached:  10.0
	 epoch  30 training error:  tensor(0.2137, device='cuda:0', grad_fn=<DivBackward0>)
Memory status after this epoch: 
Memory allocated:  4.50390625
Memory cached:  10.0
	 epoch  40 training error:  tensor(0.2046, device='cuda:0', grad_fn=<DivBackward0>)
Memory status after this epoch: 
Memory allocated:  4.50390625
Memory cached:  10.0
	 epoch  50 training error:  tensor(0.1773, device='cuda:0', grad_fn=<DivBackward0>)
Memory status after this epoch: 
Memory allocated:  4.50390625
Memory cached:  10.0
	 epoch  60 training error:  tensor(0.1678, device='cuda:0', grad_fn=<DivBackward0>)
Memory status after this epoch: 
Memory allocated:  4.50390625
Memory cached:  10.0
	 epoch  70 training error:  tensor(0.1589, device='cuda:0', grad_fn=<DivBackward0>)
Memory status after this epoch: 
Memory allocated:  4.50390625
Memory cached:  10.0
	 epoch  80 training error:  tensor(0.1465, device='cuda:0', grad_fn=<DivBackward0>)
Memory status after this epoch: 
Memory allocated:  4.50390625
Memory cached:  10.0
	 epoch  90 training error:  tensor(0.1446, device='cuda:0', grad_fn=<DivBackward0>)
Memory status after this epoch: 
Memory allocated:  4.50390625
Memory cached:  10.0
[I 2023-11-17 10:25:23,359] Trial 31 finished with value: 0.12773321568965912 and parameters: {'W_layers': 6, 'W_layer_units_exponent_0': 4, 'W_layer_units_exponent_1': 10, 'W_layer_units_exponent_2': 4, 'W_layer_units_exponent_3': 9, 'W_layer_units_exponent_4': 7, 'W_layer_units_exponent_5': 10, 'D_layers': 4, 'D_layer_units_exponent_0': 5, 'D_layer_units_exponent_1': 4, 'D_layer_units_exponent_2': 7, 'D_layer_units_exponent_3': 8, 'D_dagger_layers': 2, 'D_dagger_layer_units_exponent_0': 9, 'D_dagger_layer_units_exponent_1': 6, 'log_learning_rate': -4.032288964459088, 'log_learning_rate_D': -4.0322149012911375, 'log_learning_rate_D_dagger': -2.0374271201206935, 'training_batch_size': 8, 'training_p': 3}. Best is trial 26 with value: 0.12664595246315002.
Time for this trial:  18.105875968933105
Memory status after this trial: 
Memory allocated:  182.0146484375
Memory cached:  190.0
--------------------  Trial  32   --------------------
Start timing: 
Parameters: 
{'W_layers': 6, 'W_layer_units_exponent_0': 4, 'W_layer_units_exponent_1': 10, 'W_layer_units_exponent_2': 4, 'W_layer_units_exponent_3': 9, 'W_layer_units_exponent_4': 7, 'W_layer_units_exponent_5': 10, 'D_layers': 4, 'D_layer_units_exponent_0': 5, 'D_layer_units_exponent_1': 4, 'D_layer_units_exponent_2': 7, 'D_layer_units_exponent_3': 8, 'D_dagger_layers': 2, 'D_dagger_layer_units_exponent_0': 9, 'D_dagger_layer_units_exponent_1': 6, 'log_learning_rate': -3.974953524087871, 'log_learning_rate_D': -3.711724839310612, 'log_learning_rate_D_dagger': -2.0093285017594, 'training_batch_size': 8, 'training_p': 3}
	 epoch  0 training error:  tensor(0.9837, device='cuda:0', grad_fn=<DivBackward0>)
Memory status after this epoch: 
Memory allocated:  4.50390625
Memory cached:  10.0
	 epoch  10 training error:  tensor(0.8590, device='cuda:0', grad_fn=<DivBackward0>)
Memory status after this epoch: 
Memory allocated:  4.50390625
Memory cached:  10.0
	 epoch  20 training error:  tensor(0.4293, device='cuda:0', grad_fn=<DivBackward0>)
Memory status after this epoch: 
Memory allocated:  4.50390625
Memory cached:  10.0
	 epoch  30 training error:  tensor(0.2103, device='cuda:0', grad_fn=<DivBackward0>)
Memory status after this epoch: 
Memory allocated:  4.50390625
Memory cached:  10.0
	 epoch  40 training error:  tensor(0.1871, device='cuda:0', grad_fn=<DivBackward0>)
Memory status after this epoch: 
Memory allocated:  4.50390625
Memory cached:  10.0
	 epoch  50 training error:  tensor(0.1610, device='cuda:0', grad_fn=<DivBackward0>)
Memory status after this epoch: 
Memory allocated:  4.50390625
Memory cached:  10.0
	 epoch  60 training error:  tensor(0.1460, device='cuda:0', grad_fn=<DivBackward0>)
Memory status after this epoch: 
Memory allocated:  4.50390625
Memory cached:  10.0
	 epoch  70 training error:  tensor(0.1430, device='cuda:0', grad_fn=<DivBackward0>)
Memory status after this epoch: 
Memory allocated:  4.50390625
Memory cached:  10.0
	 epoch  80 training error:  tensor(0.1438, device='cuda:0', grad_fn=<DivBackward0>)
Memory status after this epoch: 
Memory allocated:  4.50390625
Memory cached:  10.0
	 epoch  90 training error:  tensor(0.1417, device='cuda:0', grad_fn=<DivBackward0>)
Memory status after this epoch: 
Memory allocated:  4.50390625
Memory cached:  10.0
[I 2023-11-17 10:25:42,632] Trial 32 finished with value: 0.12583905458450317 and parameters: {'W_layers': 6, 'W_layer_units_exponent_0': 4, 'W_layer_units_exponent_1': 10, 'W_layer_units_exponent_2': 4, 'W_layer_units_exponent_3': 9, 'W_layer_units_exponent_4': 7, 'W_layer_units_exponent_5': 10, 'D_layers': 4, 'D_layer_units_exponent_0': 5, 'D_layer_units_exponent_1': 4, 'D_layer_units_exponent_2': 7, 'D_layer_units_exponent_3': 8, 'D_dagger_layers': 2, 'D_dagger_layer_units_exponent_0': 9, 'D_dagger_layer_units_exponent_1': 6, 'log_learning_rate': -3.974953524087871, 'log_learning_rate_D': -3.711724839310612, 'log_learning_rate_D_dagger': -2.0093285017594, 'training_batch_size': 8, 'training_p': 3}. Best is trial 32 with value: 0.12583905458450317.
Time for this trial:  19.0967698097229
Memory status after this trial: 
Memory allocated:  182.0146484375
Memory cached:  190.0
--------------------  Trial  33   --------------------
Start timing: 
Parameters: 
{'W_layers': 6, 'W_layer_units_exponent_0': 4, 'W_layer_units_exponent_1': 9, 'W_layer_units_exponent_2': 4, 'W_layer_units_exponent_3': 9, 'W_layer_units_exponent_4': 8, 'W_layer_units_exponent_5': 9, 'D_layers': 3, 'D_layer_units_exponent_0': 5, 'D_layer_units_exponent_1': 4, 'D_layer_units_exponent_2': 7, 'D_dagger_layers': 2, 'D_dagger_layer_units_exponent_0': 9, 'D_dagger_layer_units_exponent_1': 6, 'log_learning_rate': -3.9162246338601685, 'log_learning_rate_D': -3.6687548401423538, 'log_learning_rate_D_dagger': -1.9640747001417753, 'training_batch_size': 8, 'training_p': 2}
	 epoch  0 training error:  tensor(0.9714, device='cuda:0', grad_fn=<DivBackward0>)
Memory status after this epoch: 
Memory allocated:  5.10595703125
Memory cached:  10.0
	 epoch  10 training error:  tensor(0.4347, device='cuda:0', grad_fn=<DivBackward0>)
Memory status after this epoch: 
Memory allocated:  5.10595703125
Memory cached:  10.0
	 epoch  20 training error:  tensor(0.2993, device='cuda:0', grad_fn=<DivBackward0>)
Memory status after this epoch: 
Memory allocated:  5.10595703125
Memory cached:  10.0
	 epoch  30 training error:  tensor(0.2030, device='cuda:0', grad_fn=<DivBackward0>)
Memory status after this epoch: 
Memory allocated:  5.10595703125
Memory cached:  10.0
	 epoch  40 training error:  tensor(0.1622, device='cuda:0', grad_fn=<DivBackward0>)
Memory status after this epoch: 
Memory allocated:  5.10595703125
Memory cached:  10.0
	 epoch  50 training error:  tensor(0.1574, device='cuda:0', grad_fn=<DivBackward0>)
Memory status after this epoch: 
Memory allocated:  5.10595703125
Memory cached:  10.0
	 epoch  60 training error:  tensor(0.1625, device='cuda:0', grad_fn=<DivBackward0>)
Memory status after this epoch: 
Memory allocated:  5.10595703125
Memory cached:  10.0
	 epoch  70 training error:  tensor(0.1402, device='cuda:0', grad_fn=<DivBackward0>)
Memory status after this epoch: 
Memory allocated:  5.10595703125
Memory cached:  10.0
	 epoch  80 training error:  tensor(0.1384, device='cuda:0', grad_fn=<DivBackward0>)
Memory status after this epoch: 
Memory allocated:  5.10595703125
Memory cached:  10.0
	 epoch  90 training error:  tensor(0.1268, device='cuda:0', grad_fn=<DivBackward0>)
Memory status after this epoch: 
Memory allocated:  5.10595703125
Memory cached:  10.0
[I 2023-11-17 10:26:00,469] Trial 33 finished with value: 0.12632624804973602 and parameters: {'W_layers': 6, 'W_layer_units_exponent_0': 4, 'W_layer_units_exponent_1': 9, 'W_layer_units_exponent_2': 4, 'W_layer_units_exponent_3': 9, 'W_layer_units_exponent_4': 8, 'W_layer_units_exponent_5': 9, 'D_layers': 3, 'D_layer_units_exponent_0': 5, 'D_layer_units_exponent_1': 4, 'D_layer_units_exponent_2': 7, 'D_dagger_layers': 2, 'D_dagger_layer_units_exponent_0': 9, 'D_dagger_layer_units_exponent_1': 6, 'log_learning_rate': -3.9162246338601685, 'log_learning_rate_D': -3.6687548401423538, 'log_learning_rate_D_dagger': -1.9640747001417753, 'training_batch_size': 8, 'training_p': 2}. Best is trial 32 with value: 0.12583905458450317.
Time for this trial:  17.64399528503418
Memory status after this trial: 
Memory allocated:  133.21484375
Memory cached:  152.0
--------------------  Trial  34   --------------------
Start timing: 
Parameters: 
{'W_layers': 6, 'W_layer_units_exponent_0': 4, 'W_layer_units_exponent_1': 9, 'W_layer_units_exponent_2': 4, 'W_layer_units_exponent_3': 9, 'W_layer_units_exponent_4': 9, 'W_layer_units_exponent_5': 9, 'D_layers': 3, 'D_layer_units_exponent_0': 6, 'D_layer_units_exponent_1': 4, 'D_layer_units_exponent_2': 6, 'D_dagger_layers': 2, 'D_dagger_layer_units_exponent_0': 9, 'D_dagger_layer_units_exponent_1': 6, 'log_learning_rate': -3.2957059786693286, 'log_learning_rate_D': -3.5962702545072815, 'log_learning_rate_D_dagger': -1.6246648356294928, 'training_batch_size': 9, 'training_p': 2}
	 epoch  0 training error:  tensor(0.9514, device='cuda:0', grad_fn=<DivBackward0>)
Memory status after this epoch: 
Memory allocated:  9.10791015625
Memory cached:  12.0
	 epoch  10 training error:  tensor(0.1870, device='cuda:0', grad_fn=<DivBackward0>)
Memory status after this epoch: 
Memory allocated:  9.10791015625
Memory cached:  14.0
	 epoch  20 training error:  tensor(0.2074, device='cuda:0', grad_fn=<DivBackward0>)
Memory status after this epoch: 
Memory allocated:  9.10791015625
Memory cached:  12.0
	 epoch  30 training error:  tensor(0.2002, device='cuda:0', grad_fn=<DivBackward0>)
Memory status after this epoch: 
Memory allocated:  9.10791015625
Memory cached:  12.0
	 epoch  40 training error:  tensor(0.1872, device='cuda:0', grad_fn=<DivBackward0>)
Memory status after this epoch: 
Memory allocated:  9.10791015625
Memory cached:  12.0
	 epoch  50 training error:  tensor(0.1889, device='cuda:0', grad_fn=<DivBackward0>)
Memory status after this epoch: 
Memory allocated:  9.10791015625
Memory cached:  14.0
	 epoch  60 training error:  tensor(0.1873, device='cuda:0', grad_fn=<DivBackward0>)
Memory status after this epoch: 
Memory allocated:  9.10791015625
Memory cached:  12.0
	 epoch  70 training error:  tensor(0.1871, device='cuda:0', grad_fn=<DivBackward0>)
Memory status after this epoch: 
Memory allocated:  9.10791015625
Memory cached:  12.0
	 epoch  80 training error:  tensor(0.1871, device='cuda:0', grad_fn=<DivBackward0>)
Memory status after this epoch: 
Memory allocated:  9.10791015625
Memory cached:  12.0
	 epoch  90 training error:  tensor(0.1871, device='cuda:0', grad_fn=<DivBackward0>)
Memory status after this epoch: 
Memory allocated:  9.10791015625
Memory cached:  12.0
[I 2023-11-17 10:26:18,245] Trial 34 finished with value: 0.19233427941799164 and parameters: {'W_layers': 6, 'W_layer_units_exponent_0': 4, 'W_layer_units_exponent_1': 9, 'W_layer_units_exponent_2': 4, 'W_layer_units_exponent_3': 9, 'W_layer_units_exponent_4': 9, 'W_layer_units_exponent_5': 9, 'D_layers': 3, 'D_layer_units_exponent_0': 6, 'D_layer_units_exponent_1': 4, 'D_layer_units_exponent_2': 6, 'D_dagger_layers': 2, 'D_dagger_layer_units_exponent_0': 9, 'D_dagger_layer_units_exponent_1': 6, 'log_learning_rate': -3.2957059786693286, 'log_learning_rate_D': -3.5962702545072815, 'log_learning_rate_D_dagger': -1.6246648356294928, 'training_batch_size': 9, 'training_p': 2}. Best is trial 32 with value: 0.12583905458450317.
Time for this trial:  17.604866981506348
Memory status after this trial: 
Memory allocated:  149.826171875
Memory cached:  156.0
--------------------  Trial  35   --------------------
Start timing: 
Parameters: 
{'W_layers': 5, 'W_layer_units_exponent_0': 5, 'W_layer_units_exponent_1': 9, 'W_layer_units_exponent_2': 4, 'W_layer_units_exponent_3': 9, 'W_layer_units_exponent_4': 8, 'D_layers': 3, 'D_layer_units_exponent_0': 4, 'D_layer_units_exponent_1': 4, 'D_layer_units_exponent_2': 5, 'D_dagger_layers': 2, 'D_dagger_layer_units_exponent_0': 8, 'D_dagger_layer_units_exponent_1': 7, 'log_learning_rate': -3.9257644086646057, 'log_learning_rate_D': -3.9754570027372833, 'log_learning_rate_D_dagger': -1.9855738269890075, 'training_batch_size': 10, 'training_p': 2}
	 epoch  0 training error:  tensor(1.0061, device='cuda:0', grad_fn=<DivBackward0>)
Memory status after this epoch: 
Memory allocated:  3.20458984375
Memory cached:  12.0
	 epoch  10 training error:  tensor(0.3870, device='cuda:0', grad_fn=<DivBackward0>)
Memory status after this epoch: 
Memory allocated:  3.20458984375
Memory cached:  14.0
	 epoch  20 training error:  tensor(0.3200, device='cuda:0', grad_fn=<DivBackward0>)
Memory status after this epoch: 
Memory allocated:  3.20458984375
Memory cached:  14.0
	 epoch  30 training error:  tensor(0.2427, device='cuda:0', grad_fn=<DivBackward0>)
Memory status after this epoch: 
Memory allocated:  3.20458984375
Memory cached:  14.0
	 epoch  40 training error:  tensor(0.1663, device='cuda:0', grad_fn=<DivBackward0>)
Memory status after this epoch: 
Memory allocated:  3.20458984375
Memory cached:  14.0
	 epoch  50 training error:  tensor(0.1440, device='cuda:0', grad_fn=<DivBackward0>)
Memory status after this epoch: 
Memory allocated:  3.20458984375
Memory cached:  14.0
	 epoch  60 training error:  tensor(0.1443, device='cuda:0', grad_fn=<DivBackward0>)
Memory status after this epoch: 
Memory allocated:  3.20458984375
Memory cached:  14.0
	 epoch  70 training error:  tensor(0.1318, device='cuda:0', grad_fn=<DivBackward0>)
Memory status after this epoch: 
Memory allocated:  3.20458984375
Memory cached:  14.0
	 epoch  80 training error:  tensor(0.1445, device='cuda:0', grad_fn=<DivBackward0>)
Memory status after this epoch: 
Memory allocated:  3.20458984375
Memory cached:  14.0
	 epoch  90 training error:  tensor(0.1292, device='cuda:0', grad_fn=<DivBackward0>)
Memory status after this epoch: 
Memory allocated:  3.20458984375
Memory cached:  14.0
