[I 2023-11-16 19:42:36,956] Trial 45 finished with value: 0.8824125528335571 and parameters: {'W_layers': 7, 'W_layer_units_exponent_0': 6, 'W_layer_units_exponent_1': 8, 'W_layer_units_exponent_2': 6, 'W_layer_units_exponent_3': 9, 'W_layer_units_exponent_4': 7, 'W_layer_units_exponent_5': 4, 'W_layer_units_exponent_6': 10, 'D_layers': 3, 'D_layer_units_exponent_0': 9, 'D_layer_units_exponent_1': 8, 'D_layer_units_exponent_2': 10, 'log_learning_rate': -3.874737093567812, 'log_learning_rate_D': -2.573509769607054, 'training_batch_size': 10, 'training_p': 3}. Best is trial 16 with value: 0.8001757860183716.
Time for this trial:  165.48661375045776
Memory status after this trial: 
Memory allocated:  576.484375
Memory cached:  584.0
--------------------  Trial  46   --------------------
Start timing: 
Parameters: 
{'W_layers': 8, 'W_layer_units_exponent_0': 6, 'W_layer_units_exponent_1': 9, 'W_layer_units_exponent_2': 7, 'W_layer_units_exponent_3': 5, 'W_layer_units_exponent_4': 8, 'W_layer_units_exponent_5': 4, 'W_layer_units_exponent_6': 9, 'W_layer_units_exponent_7': 5, 'D_layers': 3, 'D_layer_units_exponent_0': 5, 'D_layer_units_exponent_1': 8, 'D_layer_units_exponent_2': 10, 'log_learning_rate': -3.983316351079387, 'log_learning_rate_D': -3.0273528027399728, 'training_batch_size': 11, 'training_p': 3}
	 epoch  0 training error:  tensor(0.8025, device='cuda:0', grad_fn=<DivBackward0>)
	 epoch  0 test error:  tensor(2.7262, device='cuda:0', grad_fn=<DivBackward0>)
Memory status after this epoch: 
Memory allocated:  242.2822265625
Memory cached:  302.0
	 epoch  10 training error:  tensor(0.2885, device='cuda:0', grad_fn=<DivBackward0>)
	 epoch  10 test error:  tensor(0.7943, device='cuda:0', grad_fn=<DivBackward0>)
Memory status after this epoch: 
Memory allocated:  243.0791015625
Memory cached:  476.0
	 epoch  20 training error:  tensor(0.2456, device='cuda:0', grad_fn=<DivBackward0>)
	 epoch  20 test error:  tensor(0.7386, device='cuda:0', grad_fn=<DivBackward0>)
Memory status after this epoch: 
Memory allocated:  242.2822265625
Memory cached:  476.0
	 epoch  30 training error:  tensor(0.2345, device='cuda:0', grad_fn=<DivBackward0>)
	 epoch  30 test error:  tensor(0.8453, device='cuda:0', grad_fn=<DivBackward0>)
Memory status after this epoch: 
Memory allocated:  242.6103515625
Memory cached:  476.0
	 epoch  40 training error:  tensor(0.2361, device='cuda:0', grad_fn=<DivBackward0>)
	 epoch  40 test error:  tensor(0.9253, device='cuda:0', grad_fn=<DivBackward0>)
Memory status after this epoch: 
Memory allocated:  242.7509765625
Memory cached:  476.0
	 epoch  50 training error:  tensor(0.2349, device='cuda:0', grad_fn=<DivBackward0>)
	 epoch  50 test error:  tensor(0.9249, device='cuda:0', grad_fn=<DivBackward0>)
Memory status after this epoch: 
Memory allocated:  242.1416015625
Memory cached:  476.0
	 epoch  60 training error:  tensor(0.2342, device='cuda:0', grad_fn=<DivBackward0>)
	 epoch  60 test error:  tensor(0.9086, device='cuda:0', grad_fn=<DivBackward0>)
Memory status after this epoch: 
Memory allocated:  242.7509765625
Memory cached:  476.0
	 epoch  70 training error:  tensor(0.2340, device='cuda:0', grad_fn=<DivBackward0>)
	 epoch  70 test error:  tensor(0.8955, device='cuda:0', grad_fn=<DivBackward0>)
Memory status after this epoch: 
Memory allocated:  242.1416015625
Memory cached:  476.0
	 epoch  80 training error:  tensor(0.2339, device='cuda:0', grad_fn=<DivBackward0>)
	 epoch  80 test error:  tensor(0.8862, device='cuda:0', grad_fn=<DivBackward0>)
Memory status after this epoch: 
Memory allocated:  243.2197265625
Memory cached:  478.0
	 epoch  90 training error:  tensor(0.2339, device='cuda:0', grad_fn=<DivBackward0>)
	 epoch  90 test error:  tensor(0.8797, device='cuda:0', grad_fn=<DivBackward0>)
Memory status after this epoch: 
Memory allocated:  242.1416015625
Memory cached:  480.0
[I 2023-11-16 19:45:29,389] Trial 46 finished with value: 0.8790569305419922 and parameters: {'W_layers': 8, 'W_layer_units_exponent_0': 6, 'W_layer_units_exponent_1': 9, 'W_layer_units_exponent_2': 7, 'W_layer_units_exponent_3': 5, 'W_layer_units_exponent_4': 8, 'W_layer_units_exponent_5': 4, 'W_layer_units_exponent_6': 9, 'W_layer_units_exponent_7': 5, 'D_layers': 3, 'D_layer_units_exponent_0': 5, 'D_layer_units_exponent_1': 8, 'D_layer_units_exponent_2': 10, 'log_learning_rate': -3.983316351079387, 'log_learning_rate_D': -3.0273528027399728, 'training_batch_size': 11, 'training_p': 3}. Best is trial 16 with value: 0.8001757860183716.
Time for this trial:  172.15527272224426
Memory status after this trial: 
Memory allocated:  470.0556640625
Memory cached:  480.0
--------------------  Trial  47   --------------------
Start timing: 
Parameters: 
{'W_layers': 4, 'W_layer_units_exponent_0': 5, 'W_layer_units_exponent_1': 8, 'W_layer_units_exponent_2': 7, 'W_layer_units_exponent_3': 10, 'D_layers': 2, 'D_layer_units_exponent_0': 10, 'D_layer_units_exponent_1': 10, 'log_learning_rate': -3.4130645264726, 'log_learning_rate_D': -2.163947655100703, 'training_batch_size': 11, 'training_p': 2}
	 epoch  0 training error:  tensor(0.7043, device='cuda:0', grad_fn=<DivBackward0>)
	 epoch  0 test error:  tensor(6.9997, device='cuda:0', grad_fn=<DivBackward0>)
Memory status after this epoch: 
Memory allocated:  287.68408203125
Memory cached:  350.0
	 epoch  10 training error:  tensor(1.0074, device='cuda:0', grad_fn=<DivBackward0>)
	 epoch  10 test error:  tensor(5.2017, device='cuda:0', grad_fn=<DivBackward0>)
Memory status after this epoch: 
Memory allocated:  288.52783203125
Memory cached:  558.0
	 epoch  20 training error:  tensor(1.0093, device='cuda:0', grad_fn=<DivBackward0>)
	 epoch  20 test error:  tensor(5.2195, device='cuda:0', grad_fn=<DivBackward0>)
Memory status after this epoch: 
Memory allocated:  287.12158203125
Memory cached:  558.0
	 epoch  30 training error:  tensor(1.0065, device='cuda:0', grad_fn=<DivBackward0>)
	 epoch  30 test error:  tensor(5.1981, device='cuda:0', grad_fn=<DivBackward0>)
Memory status after this epoch: 
Memory allocated:  288.90283203125
Memory cached:  558.0
	 epoch  40 training error:  tensor(1.0008, device='cuda:0', grad_fn=<DivBackward0>)
	 epoch  40 test error:  tensor(5.1667, device='cuda:0', grad_fn=<DivBackward0>)
Memory status after this epoch: 
Memory allocated:  287.12158203125
Memory cached:  560.0
	 epoch  50 training error:  tensor(0.9990, device='cuda:0', grad_fn=<DivBackward0>)
	 epoch  50 test error:  tensor(5.1582, device='cuda:0', grad_fn=<DivBackward0>)
Memory status after this epoch: 
Memory allocated:  288.43408203125
Memory cached:  558.0
	 epoch  60 training error:  tensor(0.9990, device='cuda:0', grad_fn=<DivBackward0>)
	 epoch  60 test error:  tensor(5.1584, device='cuda:0', grad_fn=<DivBackward0>)
Memory status after this epoch: 
Memory allocated:  287.59033203125
Memory cached:  558.0
	 epoch  70 training error:  tensor(0.9989, device='cuda:0', grad_fn=<DivBackward0>)
	 epoch  70 test error:  tensor(5.1576, device='cuda:0', grad_fn=<DivBackward0>)
Memory status after this epoch: 
Memory allocated:  288.43408203125
Memory cached:  558.0
	 epoch  80 training error:  tensor(0.9987, device='cuda:0', grad_fn=<DivBackward0>)
	 epoch  80 test error:  tensor(5.1567, device='cuda:0', grad_fn=<DivBackward0>)
Memory status after this epoch: 
Memory allocated:  287.12158203125
Memory cached:  560.0
	 epoch  90 training error:  tensor(0.9986, device='cuda:0', grad_fn=<DivBackward0>)
	 epoch  90 test error:  tensor(5.1563, device='cuda:0', grad_fn=<DivBackward0>)
Memory status after this epoch: 
Memory allocated:  288.43408203125
Memory cached:  560.0
[I 2023-11-16 19:47:41,489] Trial 47 finished with value: 5.156033992767334 and parameters: {'W_layers': 4, 'W_layer_units_exponent_0': 5, 'W_layer_units_exponent_1': 8, 'W_layer_units_exponent_2': 7, 'W_layer_units_exponent_3': 10, 'D_layers': 2, 'D_layer_units_exponent_0': 10, 'D_layer_units_exponent_1': 10, 'log_learning_rate': -3.4130645264726, 'log_learning_rate_D': -2.163947655100703, 'training_batch_size': 11, 'training_p': 2}. Best is trial 16 with value: 0.8001757860183716.
Time for this trial:  131.865380525589
Memory status after this trial: 
Memory allocated:  541.40625
Memory cached:  562.0
--------------------  Trial  48   --------------------
Start timing: 
Parameters: 
{'W_layers': 7, 'W_layer_units_exponent_0': 8, 'W_layer_units_exponent_1': 7, 'W_layer_units_exponent_2': 9, 'W_layer_units_exponent_3': 5, 'W_layer_units_exponent_4': 6, 'W_layer_units_exponent_5': 5, 'W_layer_units_exponent_6': 10, 'D_layers': 5, 'D_layer_units_exponent_0': 9, 'D_layer_units_exponent_1': 9, 'D_layer_units_exponent_2': 10, 'D_layer_units_exponent_3': 8, 'D_layer_units_exponent_4': 9, 'log_learning_rate': -3.7492930807724414, 'log_learning_rate_D': -3.487461543401071, 'training_batch_size': 10, 'training_p': 2}
	 epoch  0 training error:  tensor(1.1340, device='cuda:0', grad_fn=<DivBackward0>)
	 epoch  0 test error:  tensor(3.4423, device='cuda:0', grad_fn=<DivBackward0>)
Memory status after this epoch: 
Memory allocated:  363.86767578125
Memory cached:  434.0
	 epoch  10 training error:  tensor(0.2782, device='cuda:0', grad_fn=<DivBackward0>)
	 epoch  10 test error:  tensor(0.7405, device='cuda:0', grad_fn=<DivBackward0>)
Memory status after this epoch: 
Memory allocated:  362.13330078125
Memory cached:  714.0
	 epoch  20 training error:  tensor(0.2374, device='cuda:0', grad_fn=<DivBackward0>)
	 epoch  20 test error:  tensor(0.7681, device='cuda:0', grad_fn=<DivBackward0>)
Memory status after this epoch: 
Memory allocated:  363.72705078125
Memory cached:  714.0
	 epoch  30 training error:  tensor(0.2077, device='cuda:0', grad_fn=<DivBackward0>)
	 epoch  30 test error:  tensor(0.7422, device='cuda:0', grad_fn=<DivBackward0>)
Memory status after this epoch: 
Memory allocated:  362.22705078125
Memory cached:  714.0
	 epoch  40 training error:  tensor(0.1968, device='cuda:0', grad_fn=<DivBackward0>)
	 epoch  40 test error:  tensor(0.7431, device='cuda:0', grad_fn=<DivBackward0>)
Memory status after this epoch: 
Memory allocated:  363.72705078125
Memory cached:  714.0
	 epoch  50 training error:  tensor(0.1922, device='cuda:0', grad_fn=<DivBackward0>)
	 epoch  50 test error:  tensor(0.7896, device='cuda:0', grad_fn=<DivBackward0>)
Memory status after this epoch: 
Memory allocated:  362.22705078125
Memory cached:  714.0
	 epoch  60 training error:  tensor(0.1880, device='cuda:0', grad_fn=<DivBackward0>)
	 epoch  60 test error:  tensor(0.8724, device='cuda:0', grad_fn=<DivBackward0>)
Memory status after this epoch: 
Memory allocated:  363.72705078125
Memory cached:  714.0
	 epoch  70 training error:  tensor(0.1878, device='cuda:0', grad_fn=<DivBackward0>)
	 epoch  70 test error:  tensor(0.8713, device='cuda:0', grad_fn=<DivBackward0>)
Memory status after this epoch: 
Memory allocated:  362.22705078125
Memory cached:  714.0
	 epoch  80 training error:  tensor(0.1874, device='cuda:0', grad_fn=<DivBackward0>)
	 epoch  80 test error:  tensor(0.8490, device='cuda:0', grad_fn=<DivBackward0>)
Memory status after this epoch: 
Memory allocated:  363.72705078125
Memory cached:  714.0
	 epoch  90 training error:  tensor(0.1873, device='cuda:0', grad_fn=<DivBackward0>)
	 epoch  90 test error:  tensor(0.8449, device='cuda:0', grad_fn=<DivBackward0>)
Memory status after this epoch: 
Memory allocated:  362.22705078125
Memory cached:  714.0
[I 2023-11-16 19:50:47,528] Trial 48 finished with value: 0.8490466475486755 and parameters: {'W_layers': 7, 'W_layer_units_exponent_0': 8, 'W_layer_units_exponent_1': 7, 'W_layer_units_exponent_2': 9, 'W_layer_units_exponent_3': 5, 'W_layer_units_exponent_4': 6, 'W_layer_units_exponent_5': 5, 'W_layer_units_exponent_6': 10, 'D_layers': 5, 'D_layer_units_exponent_0': 9, 'D_layer_units_exponent_1': 9, 'D_layer_units_exponent_2': 10, 'D_layer_units_exponent_3': 8, 'D_layer_units_exponent_4': 9, 'log_learning_rate': -3.7492930807724414, 'log_learning_rate_D': -3.487461543401071, 'training_batch_size': 10, 'training_p': 2}. Best is trial 16 with value: 0.8001757860183716.
Time for this trial:  185.7248296737671
Memory status after this trial: 
Memory allocated:  688.2216796875
Memory cached:  714.0
--------------------  Trial  49   --------------------
Start timing: 
Parameters: 
{'W_layers': 6, 'W_layer_units_exponent_0': 5, 'W_layer_units_exponent_1': 7, 'W_layer_units_exponent_2': 5, 'W_layer_units_exponent_3': 4, 'W_layer_units_exponent_4': 7, 'W_layer_units_exponent_5': 4, 'D_layers': 3, 'D_layer_units_exponent_0': 10, 'D_layer_units_exponent_1': 8, 'D_layer_units_exponent_2': 9, 'log_learning_rate': -1.0075467632052102, 'log_learning_rate_D': -3.6860083393730916, 'training_batch_size': 6, 'training_p': 5}
	 epoch  0 training error:  tensor(244.4269, device='cuda:0', grad_fn=<DivBackward0>)
	 epoch  0 test error:  tensor(504.7068, device='cuda:0', grad_fn=<DivBackward0>)
Memory status after this epoch: 
Memory allocated:  203.77880859375
Memory cached:  284.0
	 epoch  10 training error:  tensor(1., device='cuda:0', grad_fn=<DivBackward0>)
	 epoch  10 test error:  tensor(5.1642, device='cuda:0', grad_fn=<DivBackward0>)
Memory status after this epoch: 
Memory allocated:  203.91943359375
Memory cached:  420.0
	 epoch  20 training error:  tensor(1., device='cuda:0', grad_fn=<DivBackward0>)
	 epoch  20 test error:  tensor(5.1642, device='cuda:0', grad_fn=<DivBackward0>)
Memory status after this epoch: 
Memory allocated:  203.82568359375
Memory cached:  400.0
	 epoch  30 training error:  tensor(1., device='cuda:0', grad_fn=<DivBackward0>)
	 epoch  30 test error:  tensor(5.1642, device='cuda:0', grad_fn=<DivBackward0>)
Memory status after this epoch: 
Memory allocated:  204.34130859375
Memory cached:  400.0
	 epoch  40 training error:  tensor(1., device='cuda:0', grad_fn=<DivBackward0>)
	 epoch  40 test error:  tensor(5.1642, device='cuda:0', grad_fn=<DivBackward0>)
Memory status after this epoch: 
Memory allocated:  203.73193359375
Memory cached:  400.0
	 epoch  50 training error:  tensor(1., device='cuda:0', grad_fn=<DivBackward0>)
	 epoch  50 test error:  tensor(5.1642, device='cuda:0', grad_fn=<DivBackward0>)
Memory status after this epoch: 
Memory allocated:  204.43505859375
Memory cached:  400.0
	 epoch  60 training error:  tensor(1., device='cuda:0', grad_fn=<DivBackward0>)
	 epoch  60 test error:  tensor(5.1642, device='cuda:0', grad_fn=<DivBackward0>)
Memory status after this epoch: 
Memory allocated:  203.26318359375
Memory cached:  400.0
	 epoch  70 training error:  tensor(1., device='cuda:0', grad_fn=<DivBackward0>)
	 epoch  70 test error:  tensor(5.1642, device='cuda:0', grad_fn=<DivBackward0>)
Memory status after this epoch: 
Memory allocated:  204.43505859375
Memory cached:  400.0
	 epoch  80 training error:  tensor(1., device='cuda:0', grad_fn=<DivBackward0>)
	 epoch  80 test error:  tensor(5.1642, device='cuda:0', grad_fn=<DivBackward0>)
Memory status after this epoch: 
Memory allocated:  203.68505859375
Memory cached:  400.0
	 epoch  90 training error:  tensor(1., device='cuda:0', grad_fn=<DivBackward0>)
	 epoch  90 test error:  tensor(5.1642, device='cuda:0', grad_fn=<DivBackward0>)
Memory status after this epoch: 
Memory allocated:  204.15380859375
Memory cached:  400.0
[I 2023-11-16 19:54:59,702] Trial 49 finished with value: 5.164222240447998 and parameters: {'W_layers': 6, 'W_layer_units_exponent_0': 5, 'W_layer_units_exponent_1': 7, 'W_layer_units_exponent_2': 5, 'W_layer_units_exponent_3': 4, 'W_layer_units_exponent_4': 7, 'W_layer_units_exponent_5': 4, 'D_layers': 3, 'D_layer_units_exponent_0': 10, 'D_layer_units_exponent_1': 8, 'D_layer_units_exponent_2': 9, 'log_learning_rate': -1.0075467632052102, 'log_learning_rate_D': -3.6860083393730916, 'training_batch_size': 6, 'training_p': 5}. Best is trial 16 with value: 0.8001757860183716.
[I 2023-11-16 19:54:59,798] A new study created in memory with name: no-name-390bb54b-47bf-4a12-ba6c-88d2b4c312d6
Time for this trial:  251.88326144218445
Memory status after this trial: 
Memory allocated:  392.482421875
Memory cached:  400.0
--------------------  Trial  0   --------------------
Start timing: 
Parameters: 
{'W_layers': 8, 'W_layer_units_exponent_0': 8, 'W_layer_units_exponent_1': 7, 'W_layer_units_exponent_2': 9, 'W_layer_units_exponent_3': 8, 'W_layer_units_exponent_4': 10, 'W_layer_units_exponent_5': 7, 'W_layer_units_exponent_6': 8, 'W_layer_units_exponent_7': 4, 'D_layers': 8, 'D_layer_units_exponent_0': 5, 'D_layer_units_exponent_1': 9, 'D_layer_units_exponent_2': 4, 'D_layer_units_exponent_3': 10, 'D_layer_units_exponent_4': 10, 'D_layer_units_exponent_5': 9, 'D_layer_units_exponent_6': 9, 'D_layer_units_exponent_7': 5, 'log_learning_rate': -3.6660078781454914, 'log_learning_rate_D': -4.833467317982247, 'training_batch_size': 8, 'training_p': 3}
	 epoch  0 training error:  tensor(1.1049, device='cuda:0', grad_fn=<DivBackward0>)
	 epoch  0 test error:  tensor(1.8082, device='cuda:0', grad_fn=<DivBackward0>)
Memory status after this epoch: 
Memory allocated:  454.884765625
Memory cached:  530.0
	 epoch  10 training error:  tensor(0.2622, device='cuda:0', grad_fn=<DivBackward0>)
	 epoch  10 test error:  tensor(0.7881, device='cuda:0', grad_fn=<DivBackward0>)
Memory status after this epoch: 
Memory allocated:  455.634765625
Memory cached:  884.0
	 epoch  20 training error:  tensor(0.2397, device='cuda:0', grad_fn=<DivBackward0>)
	 epoch  20 test error:  tensor(1.0878, device='cuda:0', grad_fn=<DivBackward0>)
Memory status after this epoch: 
Memory allocated:  454.791015625
Memory cached:  884.0
	 epoch  30 training error:  tensor(0.2339, device='cuda:0', grad_fn=<DivBackward0>)
	 epoch  30 test error:  tensor(0.8178, device='cuda:0', grad_fn=<DivBackward0>)
Memory status after this epoch: 
Memory allocated:  455.634765625
Memory cached:  884.0
	 epoch  40 training error:  tensor(0.2346, device='cuda:0', grad_fn=<DivBackward0>)
	 epoch  40 test error:  tensor(0.8779, device='cuda:0', grad_fn=<DivBackward0>)
Memory status after this epoch: 
Memory allocated:  454.791015625
Memory cached:  884.0
	 epoch  50 training error:  tensor(0.2340, device='cuda:0', grad_fn=<DivBackward0>)
	 epoch  50 test error:  tensor(0.8805, device='cuda:0', grad_fn=<DivBackward0>)
Memory status after this epoch: 
Memory allocated:  455.634765625
Memory cached:  884.0
	 epoch  60 training error:  tensor(0.2329, device='cuda:0', grad_fn=<DivBackward0>)
	 epoch  60 test error:  tensor(0.8817, device='cuda:0', grad_fn=<DivBackward0>)
Memory status after this epoch: 
Memory allocated:  454.791015625
Memory cached:  884.0
	 epoch  70 training error:  tensor(0.2293, device='cuda:0', grad_fn=<DivBackward0>)
	 epoch  70 test error:  tensor(0.8501, device='cuda:0', grad_fn=<DivBackward0>)
Memory status after this epoch: 
Memory allocated:  455.634765625
Memory cached:  884.0
	 epoch  80 training error:  tensor(0.2238, device='cuda:0', grad_fn=<DivBackward0>)
	 epoch  80 test error:  tensor(0.8444, device='cuda:0', grad_fn=<DivBackward0>)
Memory status after this epoch: 
Memory allocated:  454.791015625
Memory cached:  884.0
	 epoch  90 training error:  tensor(0.2207, device='cuda:0', grad_fn=<DivBackward0>)
	 epoch  90 test error:  tensor(0.8983, device='cuda:0', grad_fn=<DivBackward0>)
Memory status after this epoch: 
Memory allocated:  455.634765625
Memory cached:  884.0
