[I 2023-11-16 16:39:13,987] Trial 41 finished with value: 0.007384630385786295 and parameters: {'W_layers': 6, 'W_layer_units_exponent_0': 7, 'W_layer_units_exponent_1': 7, 'W_layer_units_exponent_2': 7, 'W_layer_units_exponent_3': 5, 'W_layer_units_exponent_4': 6, 'W_layer_units_exponent_5': 5, 'D_layers': 8, 'D_layer_units_exponent_0': 4, 'D_layer_units_exponent_1': 8, 'D_layer_units_exponent_2': 6, 'D_layer_units_exponent_3': 8, 'D_layer_units_exponent_4': 5, 'D_layer_units_exponent_5': 4, 'D_layer_units_exponent_6': 6, 'D_layer_units_exponent_7': 4, 'log_learning_rate': -3.5072047182521144, 'log_learning_rate_D': -1.2499416417051794, 'training_batch_size': 11, 'training_p': 2}. Best is trial 41 with value: 0.007384630385786295.
Time for this trial:  170.35322189331055
Memory status after this trial: 
Memory allocated:  261.89013671875
Memory cached:  280.0
--------------------  Trial  42   --------------------
Start timing: 
Parameters: 
{'W_layers': 6, 'W_layer_units_exponent_0': 7, 'W_layer_units_exponent_1': 7, 'W_layer_units_exponent_2': 7, 'W_layer_units_exponent_3': 5, 'W_layer_units_exponent_4': 6, 'W_layer_units_exponent_5': 5, 'D_layers': 8, 'D_layer_units_exponent_0': 4, 'D_layer_units_exponent_1': 8, 'D_layer_units_exponent_2': 6, 'D_layer_units_exponent_3': 8, 'D_layer_units_exponent_4': 5, 'D_layer_units_exponent_5': 4, 'D_layer_units_exponent_6': 6, 'D_layer_units_exponent_7': 4, 'log_learning_rate': -3.408094960244836, 'log_learning_rate_D': -1.2408521343352705, 'training_batch_size': 11, 'training_p': 2}
	 epoch  0 training error:  tensor(0.8750, device='cuda:0', grad_fn=<DivBackward0>)
	 epoch  0 test error:  tensor(0.0139, device='cuda:0', grad_fn=<DivBackward0>)
Memory status after this epoch: 
Memory allocated:  132.205078125
Memory cached:  192.0
	 epoch  10 training error:  tensor(0.2273, device='cuda:0', grad_fn=<DivBackward0>)
	 epoch  10 test error:  tensor(0.0135, device='cuda:0', grad_fn=<DivBackward0>)
Memory status after this epoch: 
Memory allocated:  133.048828125
Memory cached:  280.0
	 epoch  20 training error:  tensor(0.2925, device='cuda:0', grad_fn=<DivBackward0>)
	 epoch  20 test error:  tensor(0.0087, device='cuda:0', grad_fn=<DivBackward0>)
Memory status after this epoch: 
Memory allocated:  132.205078125
Memory cached:  282.0
	 epoch  30 training error:  tensor(0.2176, device='cuda:0', grad_fn=<DivBackward0>)
	 epoch  30 test error:  tensor(0.0074, device='cuda:0', grad_fn=<DivBackward0>)
Memory status after this epoch: 
Memory allocated:  133.048828125
Memory cached:  280.0
	 epoch  40 training error:  tensor(0.2215, device='cuda:0', grad_fn=<DivBackward0>)
	 epoch  40 test error:  tensor(0.0077, device='cuda:0', grad_fn=<DivBackward0>)
Memory status after this epoch: 
Memory allocated:  132.205078125
Memory cached:  280.0
	 epoch  50 training error:  tensor(0.2191, device='cuda:0', grad_fn=<DivBackward0>)
	 epoch  50 test error:  tensor(0.0079, device='cuda:0', grad_fn=<DivBackward0>)
Memory status after this epoch: 
Memory allocated:  133.048828125
Memory cached:  280.0
	 epoch  60 training error:  tensor(0.2170, device='cuda:0', grad_fn=<DivBackward0>)
	 epoch  60 test error:  tensor(0.0075, device='cuda:0', grad_fn=<DivBackward0>)
Memory status after this epoch: 
Memory allocated:  132.205078125
Memory cached:  280.0
	 epoch  70 training error:  tensor(0.2173, device='cuda:0', grad_fn=<DivBackward0>)
	 epoch  70 test error:  tensor(0.0073, device='cuda:0', grad_fn=<DivBackward0>)
Memory status after this epoch: 
Memory allocated:  133.048828125
Memory cached:  282.0
	 epoch  80 training error:  tensor(0.2172, device='cuda:0', grad_fn=<DivBackward0>)
	 epoch  80 test error:  tensor(0.0073, device='cuda:0', grad_fn=<DivBackward0>)
Memory status after this epoch: 
Memory allocated:  132.205078125
Memory cached:  280.0
	 epoch  90 training error:  tensor(0.2171, device='cuda:0', grad_fn=<DivBackward0>)
	 epoch  90 test error:  tensor(0.0074, device='cuda:0', grad_fn=<DivBackward0>)
Memory status after this epoch: 
Memory allocated:  133.048828125
Memory cached:  280.0
[I 2023-11-16 16:42:07,668] Trial 42 finished with value: 0.007389496546238661 and parameters: {'W_layers': 6, 'W_layer_units_exponent_0': 7, 'W_layer_units_exponent_1': 7, 'W_layer_units_exponent_2': 7, 'W_layer_units_exponent_3': 5, 'W_layer_units_exponent_4': 6, 'W_layer_units_exponent_5': 5, 'D_layers': 8, 'D_layer_units_exponent_0': 4, 'D_layer_units_exponent_1': 8, 'D_layer_units_exponent_2': 6, 'D_layer_units_exponent_3': 8, 'D_layer_units_exponent_4': 5, 'D_layer_units_exponent_5': 4, 'D_layer_units_exponent_6': 6, 'D_layer_units_exponent_7': 4, 'log_learning_rate': -3.408094960244836, 'log_learning_rate_D': -1.2408521343352705, 'training_batch_size': 11, 'training_p': 2}. Best is trial 41 with value: 0.007384630385786295.
Time for this trial:  173.38089680671692
Memory status after this trial: 
Memory allocated:  261.89013671875
Memory cached:  280.0
--------------------  Trial  43   --------------------
Start timing: 
Parameters: 
{'W_layers': 6, 'W_layer_units_exponent_0': 6, 'W_layer_units_exponent_1': 7, 'W_layer_units_exponent_2': 7, 'W_layer_units_exponent_3': 5, 'W_layer_units_exponent_4': 6, 'W_layer_units_exponent_5': 5, 'D_layers': 8, 'D_layer_units_exponent_0': 4, 'D_layer_units_exponent_1': 8, 'D_layer_units_exponent_2': 6, 'D_layer_units_exponent_3': 8, 'D_layer_units_exponent_4': 5, 'D_layer_units_exponent_5': 4, 'D_layer_units_exponent_6': 6, 'D_layer_units_exponent_7': 4, 'log_learning_rate': -3.427474835798239, 'log_learning_rate_D': -1.2596253615832782, 'training_batch_size': 12, 'training_p': 2}
	 epoch  0 training error:  tensor(2.0215, device='cuda:0', grad_fn=<DivBackward0>)
	 epoch  0 test error:  tensor(0.0565, device='cuda:0', grad_fn=<DivBackward0>)
Memory status after this epoch: 
Memory allocated:  129.50390625
Memory cached:  168.0
	 epoch  10 training error:  tensor(0.3686, device='cuda:0', grad_fn=<DivBackward0>)
	 epoch  10 test error:  tensor(0.0176, device='cuda:0', grad_fn=<DivBackward0>)
Memory status after this epoch: 
Memory allocated:  128.66015625
Memory cached:  272.0
	 epoch  20 training error:  tensor(0.2308, device='cuda:0', grad_fn=<DivBackward0>)
	 epoch  20 test error:  tensor(0.0076, device='cuda:0', grad_fn=<DivBackward0>)
Memory status after this epoch: 
Memory allocated:  129.50390625
Memory cached:  272.0
	 epoch  30 training error:  tensor(0.2343, device='cuda:0', grad_fn=<DivBackward0>)
	 epoch  30 test error:  tensor(0.0077, device='cuda:0', grad_fn=<DivBackward0>)
Memory status after this epoch: 
Memory allocated:  128.66015625
Memory cached:  272.0
	 epoch  40 training error:  tensor(0.2172, device='cuda:0', grad_fn=<DivBackward0>)
	 epoch  40 test error:  tensor(0.0072, device='cuda:0', grad_fn=<DivBackward0>)
Memory status after this epoch: 
Memory allocated:  129.50390625
Memory cached:  274.0
	 epoch  50 training error:  tensor(0.2194, device='cuda:0', grad_fn=<DivBackward0>)
	 epoch  50 test error:  tensor(0.0077, device='cuda:0', grad_fn=<DivBackward0>)
Memory status after this epoch: 
Memory allocated:  128.66015625
Memory cached:  274.0
	 epoch  60 training error:  tensor(0.2174, device='cuda:0', grad_fn=<DivBackward0>)
	 epoch  60 test error:  tensor(0.0076, device='cuda:0', grad_fn=<DivBackward0>)
Memory status after this epoch: 
Memory allocated:  129.50390625
Memory cached:  276.0
	 epoch  70 training error:  tensor(0.2171, device='cuda:0', grad_fn=<DivBackward0>)
	 epoch  70 test error:  tensor(0.0074, device='cuda:0', grad_fn=<DivBackward0>)
Memory status after this epoch: 
Memory allocated:  128.66015625
Memory cached:  276.0
	 epoch  80 training error:  tensor(0.2171, device='cuda:0', grad_fn=<DivBackward0>)
	 epoch  80 test error:  tensor(0.0073, device='cuda:0', grad_fn=<DivBackward0>)
Memory status after this epoch: 
Memory allocated:  129.50390625
Memory cached:  278.0
	 epoch  90 training error:  tensor(0.2171, device='cuda:0', grad_fn=<DivBackward0>)
	 epoch  90 test error:  tensor(0.0074, device='cuda:0', grad_fn=<DivBackward0>)
Memory status after this epoch: 
Memory allocated:  128.66015625
Memory cached:  278.0
[I 2023-11-16 16:44:58,087] Trial 43 finished with value: 0.007383355405181646 and parameters: {'W_layers': 6, 'W_layer_units_exponent_0': 6, 'W_layer_units_exponent_1': 7, 'W_layer_units_exponent_2': 7, 'W_layer_units_exponent_3': 5, 'W_layer_units_exponent_4': 6, 'W_layer_units_exponent_5': 5, 'D_layers': 8, 'D_layer_units_exponent_0': 4, 'D_layer_units_exponent_1': 8, 'D_layer_units_exponent_2': 6, 'D_layer_units_exponent_3': 8, 'D_layer_units_exponent_4': 5, 'D_layer_units_exponent_5': 4, 'D_layer_units_exponent_6': 6, 'D_layer_units_exponent_7': 4, 'log_learning_rate': -3.427474835798239, 'log_learning_rate_D': -1.2596253615832782, 'training_batch_size': 12, 'training_p': 2}. Best is trial 43 with value: 0.007383355405181646.
Time for this trial:  170.04879760742188
Memory status after this trial: 
Memory allocated:  254.99072265625
Memory cached:  280.0
--------------------  Trial  44   --------------------
Start timing: 
Parameters: 
{'W_layers': 6, 'W_layer_units_exponent_0': 5, 'W_layer_units_exponent_1': 7, 'W_layer_units_exponent_2': 7, 'W_layer_units_exponent_3': 5, 'W_layer_units_exponent_4': 6, 'W_layer_units_exponent_5': 5, 'D_layers': 8, 'D_layer_units_exponent_0': 4, 'D_layer_units_exponent_1': 8, 'D_layer_units_exponent_2': 6, 'D_layer_units_exponent_3': 8, 'D_layer_units_exponent_4': 5, 'D_layer_units_exponent_5': 4, 'D_layer_units_exponent_6': 6, 'D_layer_units_exponent_7': 4, 'log_learning_rate': -3.27975254178753, 'log_learning_rate_D': -1.3747597381207504, 'training_batch_size': 12, 'training_p': 2}
	 epoch  0 training error:  tensor(1.1197, device='cuda:0', grad_fn=<DivBackward0>)
	 epoch  0 test error:  tensor(0.0247, device='cuda:0', grad_fn=<DivBackward0>)
Memory status after this epoch: 
Memory allocated:  126.88671875
Memory cached:  186.0
	 epoch  10 training error:  tensor(0.4165, device='cuda:0', grad_fn=<DivBackward0>)
	 epoch  10 test error:  tensor(0.0194, device='cuda:0', grad_fn=<DivBackward0>)
Memory status after this epoch: 
Memory allocated:  127.73046875
Memory cached:  270.0
	 epoch  20 training error:  tensor(0.2623, device='cuda:0', grad_fn=<DivBackward0>)
	 epoch  20 test error:  tensor(0.0071, device='cuda:0', grad_fn=<DivBackward0>)
Memory status after this epoch: 
Memory allocated:  126.88671875
Memory cached:  270.0
	 epoch  30 training error:  tensor(0.2222, device='cuda:0', grad_fn=<DivBackward0>)
	 epoch  30 test error:  tensor(0.0077, device='cuda:0', grad_fn=<DivBackward0>)
Memory status after this epoch: 
Memory allocated:  127.73046875
Memory cached:  270.0
	 epoch  40 training error:  tensor(0.2218, device='cuda:0', grad_fn=<DivBackward0>)
	 epoch  40 test error:  tensor(0.0077, device='cuda:0', grad_fn=<DivBackward0>)
Memory status after this epoch: 
Memory allocated:  126.88671875
Memory cached:  270.0
	 epoch  50 training error:  tensor(0.2194, device='cuda:0', grad_fn=<DivBackward0>)
	 epoch  50 test error:  tensor(0.0079, device='cuda:0', grad_fn=<DivBackward0>)
Memory status after this epoch: 
Memory allocated:  127.73046875
Memory cached:  270.0
	 epoch  60 training error:  tensor(0.2171, device='cuda:0', grad_fn=<DivBackward0>)
	 epoch  60 test error:  tensor(0.0075, device='cuda:0', grad_fn=<DivBackward0>)
Memory status after this epoch: 
Memory allocated:  126.88671875
Memory cached:  270.0
	 epoch  70 training error:  tensor(0.2174, device='cuda:0', grad_fn=<DivBackward0>)
	 epoch  70 test error:  tensor(0.0073, device='cuda:0', grad_fn=<DivBackward0>)
Memory status after this epoch: 
Memory allocated:  127.73046875
Memory cached:  270.0
	 epoch  80 training error:  tensor(0.2171, device='cuda:0', grad_fn=<DivBackward0>)
	 epoch  80 test error:  tensor(0.0073, device='cuda:0', grad_fn=<DivBackward0>)
Memory status after this epoch: 
Memory allocated:  126.88671875
Memory cached:  270.0
	 epoch  90 training error:  tensor(0.2170, device='cuda:0', grad_fn=<DivBackward0>)
	 epoch  90 test error:  tensor(0.0074, device='cuda:0', grad_fn=<DivBackward0>)
Memory status after this epoch: 
Memory allocated:  127.73046875
Memory cached:  270.0
[I 2023-11-16 16:47:47,088] Trial 44 finished with value: 0.007423712406307459 and parameters: {'W_layers': 6, 'W_layer_units_exponent_0': 5, 'W_layer_units_exponent_1': 7, 'W_layer_units_exponent_2': 7, 'W_layer_units_exponent_3': 5, 'W_layer_units_exponent_4': 6, 'W_layer_units_exponent_5': 5, 'D_layers': 8, 'D_layer_units_exponent_0': 4, 'D_layer_units_exponent_1': 8, 'D_layer_units_exponent_2': 6, 'D_layer_units_exponent_3': 8, 'D_layer_units_exponent_4': 5, 'D_layer_units_exponent_5': 4, 'D_layer_units_exponent_6': 6, 'D_layer_units_exponent_7': 4, 'log_learning_rate': -3.27975254178753, 'log_learning_rate_D': -1.3747597381207504, 'training_batch_size': 12, 'training_p': 2}. Best is trial 43 with value: 0.007383355405181646.
Time for this trial:  168.67393350601196
Memory status after this trial: 
Memory allocated:  251.54052734375
Memory cached:  270.0
--------------------  Trial  45   --------------------
Start timing: 
Parameters: 
{'W_layers': 6, 'W_layer_units_exponent_0': 6, 'W_layer_units_exponent_1': 7, 'W_layer_units_exponent_2': 7, 'W_layer_units_exponent_3': 4, 'W_layer_units_exponent_4': 5, 'W_layer_units_exponent_5': 5, 'D_layers': 8, 'D_layer_units_exponent_0': 4, 'D_layer_units_exponent_1': 8, 'D_layer_units_exponent_2': 7, 'D_layer_units_exponent_3': 7, 'D_layer_units_exponent_4': 4, 'D_layer_units_exponent_5': 4, 'D_layer_units_exponent_6': 5, 'D_layer_units_exponent_7': 5, 'log_learning_rate': -3.859870569971244, 'log_learning_rate_D': -1.4074001144991135, 'training_batch_size': 12, 'training_p': 3}
	 epoch  0 training error:  tensor(1.3570, device='cuda:0', grad_fn=<DivBackward0>)
	 epoch  0 test error:  tensor(0.0504, device='cuda:0', grad_fn=<DivBackward0>)
Memory status after this epoch: 
Memory allocated:  122.10791015625
Memory cached:  160.0
	 epoch  10 training error:  tensor(0.4632, device='cuda:0', grad_fn=<DivBackward0>)
	 epoch  10 test error:  tensor(0.0142, device='cuda:0', grad_fn=<DivBackward0>)
Memory status after this epoch: 
Memory allocated:  121.26416015625
Memory cached:  258.0
	 epoch  20 training error:  tensor(0.3192, device='cuda:0', grad_fn=<DivBackward0>)
	 epoch  20 test error:  tensor(0.0107, device='cuda:0', grad_fn=<DivBackward0>)
Memory status after this epoch: 
Memory allocated:  122.10791015625
Memory cached:  258.0
	 epoch  30 training error:  tensor(0.2658, device='cuda:0', grad_fn=<DivBackward0>)
	 epoch  30 test error:  tensor(0.0074, device='cuda:0', grad_fn=<DivBackward0>)
Memory status after this epoch: 
Memory allocated:  121.26416015625
Memory cached:  258.0
	 epoch  40 training error:  tensor(0.2605, device='cuda:0', grad_fn=<DivBackward0>)
	 epoch  40 test error:  tensor(0.0073, device='cuda:0', grad_fn=<DivBackward0>)
Memory status after this epoch: 
Memory allocated:  122.10791015625
Memory cached:  260.0
	 epoch  50 training error:  tensor(0.2610, device='cuda:0', grad_fn=<DivBackward0>)
	 epoch  50 test error:  tensor(0.0081, device='cuda:0', grad_fn=<DivBackward0>)
Memory status after this epoch: 
Memory allocated:  121.26416015625
Memory cached:  260.0
	 epoch  60 training error:  tensor(0.2615, device='cuda:0', grad_fn=<DivBackward0>)
	 epoch  60 test error:  tensor(0.0073, device='cuda:0', grad_fn=<DivBackward0>)
Memory status after this epoch: 
Memory allocated:  122.10791015625
Memory cached:  260.0
	 epoch  70 training error:  tensor(0.2608, device='cuda:0', grad_fn=<DivBackward0>)
	 epoch  70 test error:  tensor(0.0077, device='cuda:0', grad_fn=<DivBackward0>)
Memory status after this epoch: 
Memory allocated:  121.26416015625
Memory cached:  260.0
	 epoch  80 training error:  tensor(0.2605, device='cuda:0', grad_fn=<DivBackward0>)
	 epoch  80 test error:  tensor(0.0077, device='cuda:0', grad_fn=<DivBackward0>)
Memory status after this epoch: 
Memory allocated:  122.10791015625
Memory cached:  262.0
	 epoch  90 training error:  tensor(0.2605, device='cuda:0', grad_fn=<DivBackward0>)
	 epoch  90 test error:  tensor(0.0075, device='cuda:0', grad_fn=<DivBackward0>)
Memory status after this epoch: 
Memory allocated:  121.26416015625
Memory cached:  262.0
[I 2023-11-16 16:50:35,654] Trial 45 finished with value: 0.007646182086318731 and parameters: {'W_layers': 6, 'W_layer_units_exponent_0': 6, 'W_layer_units_exponent_1': 7, 'W_layer_units_exponent_2': 7, 'W_layer_units_exponent_3': 4, 'W_layer_units_exponent_4': 5, 'W_layer_units_exponent_5': 5, 'D_layers': 8, 'D_layer_units_exponent_0': 4, 'D_layer_units_exponent_1': 8, 'D_layer_units_exponent_2': 7, 'D_layer_units_exponent_3': 7, 'D_layer_units_exponent_4': 4, 'D_layer_units_exponent_5': 4, 'D_layer_units_exponent_6': 5, 'D_layer_units_exponent_7': 5, 'log_learning_rate': -3.859870569971244, 'log_learning_rate_D': -1.4074001144991135, 'training_batch_size': 12, 'training_p': 3}. Best is trial 43 with value: 0.007383355405181646.
Time for this trial:  168.2369523048401
Memory status after this trial: 
Memory allocated:  240.09033203125
Memory cached:  260.0
--------------------  Trial  46   --------------------
Start timing: 
Parameters: 
{'W_layers': 6, 'W_layer_units_exponent_0': 4, 'W_layer_units_exponent_1': 6, 'W_layer_units_exponent_2': 8, 'W_layer_units_exponent_3': 5, 'W_layer_units_exponent_4': 5, 'W_layer_units_exponent_5': 5, 'D_layers': 8, 'D_layer_units_exponent_0': 4, 'D_layer_units_exponent_1': 8, 'D_layer_units_exponent_2': 6, 'D_layer_units_exponent_3': 7, 'D_layer_units_exponent_4': 5, 'D_layer_units_exponent_5': 5, 'D_layer_units_exponent_6': 5, 'D_layer_units_exponent_7': 5, 'log_learning_rate': -3.6656721886155434, 'log_learning_rate_D': -1.2090048928298986, 'training_batch_size': 11, 'training_p': 3}
	 epoch  0 training error:  tensor(0.3368, device='cuda:0', grad_fn=<DivBackward0>)
	 epoch  0 test error:  tensor(0.0144, device='cuda:0', grad_fn=<DivBackward0>)
Memory status after this epoch: 
Memory allocated:  120.61083984375
Memory cached:  180.0
	 epoch  10 training error:  tensor(0.2747, device='cuda:0', grad_fn=<DivBackward0>)
	 epoch  10 test error:  tensor(0.0078, device='cuda:0', grad_fn=<DivBackward0>)
Memory status after this epoch: 
Memory allocated:  121.45458984375
Memory cached:  258.0
	 epoch  20 training error:  tensor(0.2605, device='cuda:0', grad_fn=<DivBackward0>)
	 epoch  20 test error:  tensor(0.0072, device='cuda:0', grad_fn=<DivBackward0>)
Memory status after this epoch: 
Memory allocated:  120.61083984375
Memory cached:  258.0
	 epoch  30 training error:  tensor(0.2621, device='cuda:0', grad_fn=<DivBackward0>)
	 epoch  30 test error:  tensor(0.0072, device='cuda:0', grad_fn=<DivBackward0>)
Memory status after this epoch: 
Memory allocated:  121.45458984375
Memory cached:  258.0
	 epoch  40 training error:  tensor(0.2617, device='cuda:0', grad_fn=<DivBackward0>)
	 epoch  40 test error:  tensor(0.0073, device='cuda:0', grad_fn=<DivBackward0>)
Memory status after this epoch: 
Memory allocated:  120.61083984375
Memory cached:  260.0
	 epoch  50 training error:  tensor(0.2608, device='cuda:0', grad_fn=<DivBackward0>)
	 epoch  50 test error:  tensor(0.0076, device='cuda:0', grad_fn=<DivBackward0>)
Memory status after this epoch: 
Memory allocated:  121.45458984375
Memory cached:  258.0
	 epoch  60 training error:  tensor(0.2605, device='cuda:0', grad_fn=<DivBackward0>)
	 epoch  60 test error:  tensor(0.0078, device='cuda:0', grad_fn=<DivBackward0>)
Memory status after this epoch: 
Memory allocated:  120.61083984375
Memory cached:  258.0
	 epoch  70 training error:  tensor(0.2605, device='cuda:0', grad_fn=<DivBackward0>)
	 epoch  70 test error:  tensor(0.0076, device='cuda:0', grad_fn=<DivBackward0>)
Memory status after this epoch: 
Memory allocated:  121.45458984375
Memory cached:  258.0
	 epoch  80 training error:  tensor(0.2605, device='cuda:0', grad_fn=<DivBackward0>)
	 epoch  80 test error:  tensor(0.0076, device='cuda:0', grad_fn=<DivBackward0>)
Memory status after this epoch: 
Memory allocated:  120.61083984375
Memory cached:  258.0
	 epoch  90 training error:  tensor(0.2605, device='cuda:0', grad_fn=<DivBackward0>)
	 epoch  90 test error:  tensor(0.0076, device='cuda:0', grad_fn=<DivBackward0>)
Memory status after this epoch: 
Memory allocated:  121.45458984375
Memory cached:  258.0
