[I 2023-11-10 11:30:56,410] Trial 41 finished with value: 0.06781138479709625 and parameters: {'W_layers': 7, 'W_layer_units_exponent_0': 9, 'W_layer_units_exponent_1': 4, 'W_layer_units_exponent_2': 4, 'W_layer_units_exponent_3': 6, 'W_layer_units_exponent_4': 8, 'W_layer_units_exponent_5': 9, 'W_layer_units_exponent_6': 4, 'D_layers': 2, 'D_layer_units_exponent_0': 7, 'D_layer_units_exponent_1': 4, 'D_dagger_layers': 8, 'D_dagger_layer_units_exponent_0': 5, 'D_dagger_layer_units_exponent_1': 9, 'D_dagger_layer_units_exponent_2': 10, 'D_dagger_layer_units_exponent_3': 4, 'D_dagger_layer_units_exponent_4': 4, 'D_dagger_layer_units_exponent_5': 6, 'D_dagger_layer_units_exponent_6': 8, 'D_dagger_layer_units_exponent_7': 4, 'log_learning_rate': -1.394123282782997, 'log_learning_rate_D': -3.3039524073768565, 'log_learning_rate_D_dagger': -3.8559522664197248, 'training_batch_size': 10, 'training_p': 3}. Best is trial 37 with value: 0.06665463000535965.
Time for this trial:  20.635554790496826
Memory status after this trial: 
Memory allocated:  187.6162109375
Memory cached:  194.0
--------------------  Trial  42   --------------------
Start timing: 
Parameters: 
{'W_layers': 6, 'W_layer_units_exponent_0': 9, 'W_layer_units_exponent_1': 4, 'W_layer_units_exponent_2': 5, 'W_layer_units_exponent_3': 5, 'W_layer_units_exponent_4': 9, 'W_layer_units_exponent_5': 9, 'D_layers': 3, 'D_layer_units_exponent_0': 9, 'D_layer_units_exponent_1': 5, 'D_layer_units_exponent_2': 7, 'D_dagger_layers': 8, 'D_dagger_layer_units_exponent_0': 6, 'D_dagger_layer_units_exponent_1': 9, 'D_dagger_layer_units_exponent_2': 10, 'D_dagger_layer_units_exponent_3': 4, 'D_dagger_layer_units_exponent_4': 4, 'D_dagger_layer_units_exponent_5': 8, 'D_dagger_layer_units_exponent_6': 8, 'D_dagger_layer_units_exponent_7': 4, 'log_learning_rate': -1.0091279130317088, 'log_learning_rate_D': -3.565807242869246, 'log_learning_rate_D_dagger': -4.326288202522653, 'training_batch_size': 10, 'training_p': 2}
	 epoch  0 training error:  tensor(1.0282, device='cuda:0', grad_fn=<DivBackward0>)
Memory status after this epoch: 
Memory allocated:  14.98046875
Memory cached:  54.0
	 epoch  10 training error:  tensor(0.6652, device='cuda:0', grad_fn=<DivBackward0>)
Memory status after this epoch: 
Memory allocated:  14.98046875
Memory cached:  58.0
	 epoch  20 training error:  tensor(0.4379, device='cuda:0', grad_fn=<DivBackward0>)
Memory status after this epoch: 
Memory allocated:  14.98046875
Memory cached:  58.0
	 epoch  30 training error:  tensor(0.3377, device='cuda:0', grad_fn=<DivBackward0>)
Memory status after this epoch: 
Memory allocated:  14.98046875
Memory cached:  58.0
	 epoch  40 training error:  tensor(0.2706, device='cuda:0', grad_fn=<DivBackward0>)
Memory status after this epoch: 
Memory allocated:  14.98046875
Memory cached:  58.0
	 epoch  50 training error:  tensor(0.2457, device='cuda:0', grad_fn=<DivBackward0>)
Memory status after this epoch: 
Memory allocated:  14.98046875
Memory cached:  58.0
	 epoch  60 training error:  tensor(0.2232, device='cuda:0', grad_fn=<DivBackward0>)
Memory status after this epoch: 
Memory allocated:  14.98046875
Memory cached:  58.0
	 epoch  70 training error:  tensor(0.2042, device='cuda:0', grad_fn=<DivBackward0>)
Memory status after this epoch: 
Memory allocated:  14.98046875
Memory cached:  58.0
	 epoch  80 training error:  tensor(0.1834, device='cuda:0', grad_fn=<DivBackward0>)
Memory status after this epoch: 
Memory allocated:  14.98046875
Memory cached:  58.0
	 epoch  90 training error:  tensor(0.1627, device='cuda:0', grad_fn=<DivBackward0>)
Memory status after this epoch: 
Memory allocated:  14.98046875
Memory cached:  58.0
[I 2023-11-10 11:31:17,267] Trial 42 finished with value: 0.14657431840896606 and parameters: {'W_layers': 6, 'W_layer_units_exponent_0': 9, 'W_layer_units_exponent_1': 4, 'W_layer_units_exponent_2': 5, 'W_layer_units_exponent_3': 5, 'W_layer_units_exponent_4': 9, 'W_layer_units_exponent_5': 9, 'D_layers': 3, 'D_layer_units_exponent_0': 9, 'D_layer_units_exponent_1': 5, 'D_layer_units_exponent_2': 7, 'D_dagger_layers': 8, 'D_dagger_layer_units_exponent_0': 6, 'D_dagger_layer_units_exponent_1': 9, 'D_dagger_layer_units_exponent_2': 10, 'D_dagger_layer_units_exponent_3': 4, 'D_dagger_layer_units_exponent_4': 4, 'D_dagger_layer_units_exponent_5': 8, 'D_dagger_layer_units_exponent_6': 8, 'D_dagger_layer_units_exponent_7': 4, 'log_learning_rate': -1.0091279130317088, 'log_learning_rate_D': -3.565807242869246, 'log_learning_rate_D_dagger': -4.326288202522653, 'training_batch_size': 10, 'training_p': 2}. Best is trial 37 with value: 0.06665463000535965.
Time for this trial:  20.612704277038574
Memory status after this trial: 
Memory allocated:  213.103515625
Memory cached:  234.0
--------------------  Trial  43   --------------------
Start timing: 
Parameters: 
{'W_layers': 6, 'W_layer_units_exponent_0': 9, 'W_layer_units_exponent_1': 4, 'W_layer_units_exponent_2': 5, 'W_layer_units_exponent_3': 5, 'W_layer_units_exponent_4': 9, 'W_layer_units_exponent_5': 10, 'D_layers': 2, 'D_layer_units_exponent_0': 8, 'D_layer_units_exponent_1': 4, 'D_dagger_layers': 7, 'D_dagger_layer_units_exponent_0': 7, 'D_dagger_layer_units_exponent_1': 10, 'D_dagger_layer_units_exponent_2': 10, 'D_dagger_layer_units_exponent_3': 5, 'D_dagger_layer_units_exponent_4': 5, 'D_dagger_layer_units_exponent_5': 5, 'D_dagger_layer_units_exponent_6': 8, 'log_learning_rate': -1.1756092222778838, 'log_learning_rate_D': -2.62038475101566, 'log_learning_rate_D_dagger': -3.6788203798406967, 'training_batch_size': 9, 'training_p': 2}
	 epoch  0 training error:  tensor(1.0280, device='cuda:0', grad_fn=<DivBackward0>)
Memory status after this epoch: 
Memory allocated:  27.71533203125
Memory cached:  52.0
	 epoch  10 training error:  tensor(0.8558, device='cuda:0', grad_fn=<DivBackward0>)
Memory status after this epoch: 
Memory allocated:  27.71533203125
Memory cached:  54.0
	 epoch  20 training error:  tensor(0.2870, device='cuda:0', grad_fn=<DivBackward0>)
Memory status after this epoch: 
Memory allocated:  27.71533203125
Memory cached:  54.0
	 epoch  30 training error:  tensor(0.2011, device='cuda:0', grad_fn=<DivBackward0>)
Memory status after this epoch: 
Memory allocated:  27.71533203125
Memory cached:  54.0
	 epoch  40 training error:  tensor(0.1531, device='cuda:0', grad_fn=<DivBackward0>)
Memory status after this epoch: 
Memory allocated:  27.71533203125
Memory cached:  54.0
	 epoch  50 training error:  tensor(0.0916, device='cuda:0', grad_fn=<DivBackward0>)
Memory status after this epoch: 
Memory allocated:  27.71533203125
Memory cached:  54.0
	 epoch  60 training error:  tensor(0.0656, device='cuda:0', grad_fn=<DivBackward0>)
Memory status after this epoch: 
Memory allocated:  27.71533203125
Memory cached:  54.0
	 epoch  70 training error:  tensor(0.0645, device='cuda:0', grad_fn=<DivBackward0>)
Memory status after this epoch: 
Memory allocated:  27.71533203125
Memory cached:  54.0
	 epoch  80 training error:  tensor(0.0620, device='cuda:0', grad_fn=<DivBackward0>)
Memory status after this epoch: 
Memory allocated:  27.71533203125
Memory cached:  54.0
	 epoch  90 training error:  tensor(0.0613, device='cuda:0', grad_fn=<DivBackward0>)
Memory status after this epoch: 
Memory allocated:  27.71533203125
Memory cached:  54.0
[I 2023-11-10 11:31:37,584] Trial 43 finished with value: 0.06829670071601868 and parameters: {'W_layers': 6, 'W_layer_units_exponent_0': 9, 'W_layer_units_exponent_1': 4, 'W_layer_units_exponent_2': 5, 'W_layer_units_exponent_3': 5, 'W_layer_units_exponent_4': 9, 'W_layer_units_exponent_5': 10, 'D_layers': 2, 'D_layer_units_exponent_0': 8, 'D_layer_units_exponent_1': 4, 'D_dagger_layers': 7, 'D_dagger_layer_units_exponent_0': 7, 'D_dagger_layer_units_exponent_1': 10, 'D_dagger_layer_units_exponent_2': 10, 'D_dagger_layer_units_exponent_3': 5, 'D_dagger_layer_units_exponent_4': 5, 'D_dagger_layer_units_exponent_5': 5, 'D_dagger_layer_units_exponent_6': 8, 'log_learning_rate': -1.1756092222778838, 'log_learning_rate_D': -2.62038475101566, 'log_learning_rate_D_dagger': -3.6788203798406967, 'training_batch_size': 9, 'training_p': 2}. Best is trial 37 with value: 0.06665463000535965.
Time for this trial:  20.091822147369385
Memory status after this trial: 
Memory allocated:  266.59375
Memory cached:  310.0
--------------------  Trial  44   --------------------
Start timing: 
Parameters: 
{'W_layers': 6, 'W_layer_units_exponent_0': 10, 'W_layer_units_exponent_1': 4, 'W_layer_units_exponent_2': 6, 'W_layer_units_exponent_3': 6, 'W_layer_units_exponent_4': 8, 'W_layer_units_exponent_5': 9, 'D_layers': 3, 'D_layer_units_exponent_0': 9, 'D_layer_units_exponent_1': 5, 'D_layer_units_exponent_2': 6, 'D_dagger_layers': 8, 'D_dagger_layer_units_exponent_0': 6, 'D_dagger_layer_units_exponent_1': 9, 'D_dagger_layer_units_exponent_2': 5, 'D_dagger_layer_units_exponent_3': 4, 'D_dagger_layer_units_exponent_4': 4, 'D_dagger_layer_units_exponent_5': 6, 'D_dagger_layer_units_exponent_6': 9, 'D_dagger_layer_units_exponent_7': 6, 'log_learning_rate': -1.1824946210035574, 'log_learning_rate_D': -3.017030219241767, 'log_learning_rate_D_dagger': -3.895933439694413, 'training_batch_size': 10, 'training_p': 3}
	 epoch  0 training error:  tensor(0.6812, device='cuda:0', grad_fn=<DivBackward0>)
Memory status after this epoch: 
Memory allocated:  4.67578125
Memory cached:  10.0
	 epoch  10 training error:  tensor(0.3486, device='cuda:0', grad_fn=<DivBackward0>)
Memory status after this epoch: 
Memory allocated:  4.67578125
Memory cached:  12.0
	 epoch  20 training error:  tensor(0.3232, device='cuda:0', grad_fn=<DivBackward0>)
Memory status after this epoch: 
Memory allocated:  4.67578125
Memory cached:  12.0
	 epoch  30 training error:  tensor(0.2475, device='cuda:0', grad_fn=<DivBackward0>)
Memory status after this epoch: 
Memory allocated:  4.67578125
Memory cached:  12.0
	 epoch  40 training error:  tensor(0.1979, device='cuda:0', grad_fn=<DivBackward0>)
Memory status after this epoch: 
Memory allocated:  4.67578125
Memory cached:  12.0
	 epoch  50 training error:  tensor(0.1497, device='cuda:0', grad_fn=<DivBackward0>)
Memory status after this epoch: 
Memory allocated:  4.67578125
Memory cached:  12.0
	 epoch  60 training error:  tensor(0.1086, device='cuda:0', grad_fn=<DivBackward0>)
Memory status after this epoch: 
Memory allocated:  4.67578125
Memory cached:  12.0
	 epoch  70 training error:  tensor(0.0883, device='cuda:0', grad_fn=<DivBackward0>)
Memory status after this epoch: 
Memory allocated:  4.67578125
Memory cached:  12.0
	 epoch  80 training error:  tensor(0.0772, device='cuda:0', grad_fn=<DivBackward0>)
Memory status after this epoch: 
Memory allocated:  4.67578125
Memory cached:  12.0
	 epoch  90 training error:  tensor(0.0716, device='cuda:0', grad_fn=<DivBackward0>)
Memory status after this epoch: 
Memory allocated:  4.67578125
Memory cached:  12.0
[I 2023-11-10 11:31:57,620] Trial 44 finished with value: 0.06902354210615158 and parameters: {'W_layers': 6, 'W_layer_units_exponent_0': 10, 'W_layer_units_exponent_1': 4, 'W_layer_units_exponent_2': 6, 'W_layer_units_exponent_3': 6, 'W_layer_units_exponent_4': 8, 'W_layer_units_exponent_5': 9, 'D_layers': 3, 'D_layer_units_exponent_0': 9, 'D_layer_units_exponent_1': 5, 'D_layer_units_exponent_2': 6, 'D_dagger_layers': 8, 'D_dagger_layer_units_exponent_0': 6, 'D_dagger_layer_units_exponent_1': 9, 'D_dagger_layer_units_exponent_2': 5, 'D_dagger_layer_units_exponent_3': 4, 'D_dagger_layer_units_exponent_4': 4, 'D_dagger_layer_units_exponent_5': 6, 'D_dagger_layer_units_exponent_6': 9, 'D_dagger_layer_units_exponent_7': 6, 'log_learning_rate': -1.1824946210035574, 'log_learning_rate_D': -3.017030219241767, 'log_learning_rate_D_dagger': -3.895933439694413, 'training_batch_size': 10, 'training_p': 3}. Best is trial 37 with value: 0.06665463000535965.
Time for this trial:  19.79555344581604
Memory status after this trial: 
Memory allocated:  177.3916015625
Memory cached:  184.0
--------------------  Trial  45   --------------------
Start timing: 
Parameters: 
{'W_layers': 7, 'W_layer_units_exponent_0': 9, 'W_layer_units_exponent_1': 4, 'W_layer_units_exponent_2': 4, 'W_layer_units_exponent_3': 5, 'W_layer_units_exponent_4': 10, 'W_layer_units_exponent_5': 8, 'W_layer_units_exponent_6': 10, 'D_layers': 2, 'D_layer_units_exponent_0': 9, 'D_layer_units_exponent_1': 4, 'D_dagger_layers': 7, 'D_dagger_layer_units_exponent_0': 5, 'D_dagger_layer_units_exponent_1': 8, 'D_dagger_layer_units_exponent_2': 10, 'D_dagger_layer_units_exponent_3': 4, 'D_dagger_layer_units_exponent_4': 4, 'D_dagger_layer_units_exponent_5': 7, 'D_dagger_layer_units_exponent_6': 7, 'log_learning_rate': -1.4706747579143615, 'log_learning_rate_D': -2.8190349329386506, 'log_learning_rate_D_dagger': -3.630524267938959, 'training_batch_size': 10, 'training_p': 2}
	 epoch  0 training error:  tensor(0.8738, device='cuda:0', grad_fn=<DivBackward0>)
Memory status after this epoch: 
Memory allocated:  13.59521484375
Memory cached:  22.0
	 epoch  10 training error:  tensor(0.3254, device='cuda:0', grad_fn=<DivBackward0>)
Memory status after this epoch: 
Memory allocated:  13.59521484375
Memory cached:  24.0
	 epoch  20 training error:  tensor(0.2106, device='cuda:0', grad_fn=<DivBackward0>)
Memory status after this epoch: 
Memory allocated:  13.59521484375
Memory cached:  24.0
	 epoch  30 training error:  tensor(0.1433, device='cuda:0', grad_fn=<DivBackward0>)
Memory status after this epoch: 
Memory allocated:  13.59521484375
Memory cached:  24.0
	 epoch  40 training error:  tensor(0.0993, device='cuda:0', grad_fn=<DivBackward0>)
Memory status after this epoch: 
Memory allocated:  13.59521484375
Memory cached:  24.0
	 epoch  50 training error:  tensor(0.0772, device='cuda:0', grad_fn=<DivBackward0>)
Memory status after this epoch: 
Memory allocated:  13.59521484375
Memory cached:  24.0
	 epoch  60 training error:  tensor(0.0625, device='cuda:0', grad_fn=<DivBackward0>)
Memory status after this epoch: 
Memory allocated:  13.59521484375
Memory cached:  24.0
	 epoch  70 training error:  tensor(0.0615, device='cuda:0', grad_fn=<DivBackward0>)
Memory status after this epoch: 
Memory allocated:  13.59521484375
Memory cached:  24.0
	 epoch  80 training error:  tensor(0.0606, device='cuda:0', grad_fn=<DivBackward0>)
Memory status after this epoch: 
Memory allocated:  13.59521484375
Memory cached:  24.0
	 epoch  90 training error:  tensor(0.0600, device='cuda:0', grad_fn=<DivBackward0>)
Memory status after this epoch: 
Memory allocated:  13.59521484375
Memory cached:  24.0
[I 2023-11-10 11:32:18,490] Trial 45 finished with value: 0.06574658304452896 and parameters: {'W_layers': 7, 'W_layer_units_exponent_0': 9, 'W_layer_units_exponent_1': 4, 'W_layer_units_exponent_2': 4, 'W_layer_units_exponent_3': 5, 'W_layer_units_exponent_4': 10, 'W_layer_units_exponent_5': 8, 'W_layer_units_exponent_6': 10, 'D_layers': 2, 'D_layer_units_exponent_0': 9, 'D_layer_units_exponent_1': 4, 'D_dagger_layers': 7, 'D_dagger_layer_units_exponent_0': 5, 'D_dagger_layer_units_exponent_1': 8, 'D_dagger_layer_units_exponent_2': 10, 'D_dagger_layer_units_exponent_3': 4, 'D_dagger_layer_units_exponent_4': 4, 'D_dagger_layer_units_exponent_5': 7, 'D_dagger_layer_units_exponent_6': 7, 'log_learning_rate': -1.4706747579143615, 'log_learning_rate_D': -2.8190349329386506, 'log_learning_rate_D_dagger': -3.630524267938959, 'training_batch_size': 10, 'training_p': 2}. Best is trial 45 with value: 0.06574658304452896.
Time for this trial:  20.617518186569214
Memory status after this trial: 
Memory allocated:  251.1572265625
Memory cached:  268.0
--------------------  Trial  46   --------------------
Start timing: 
Parameters: 
{'W_layers': 7, 'W_layer_units_exponent_0': 9, 'W_layer_units_exponent_1': 4, 'W_layer_units_exponent_2': 4, 'W_layer_units_exponent_3': 5, 'W_layer_units_exponent_4': 10, 'W_layer_units_exponent_5': 8, 'W_layer_units_exponent_6': 10, 'D_layers': 2, 'D_layer_units_exponent_0': 8, 'D_layer_units_exponent_1': 4, 'D_dagger_layers': 7, 'D_dagger_layer_units_exponent_0': 5, 'D_dagger_layer_units_exponent_1': 8, 'D_dagger_layer_units_exponent_2': 10, 'D_dagger_layer_units_exponent_3': 4, 'D_dagger_layer_units_exponent_4': 4, 'D_dagger_layer_units_exponent_5': 7, 'D_dagger_layer_units_exponent_6': 7, 'log_learning_rate': -1.946435402705255, 'log_learning_rate_D': -2.944040519172208, 'log_learning_rate_D_dagger': -3.5750329487014603, 'training_batch_size': 10, 'training_p': 2}
	 epoch  0 training error:  tensor(1.1214, device='cuda:0', grad_fn=<DivBackward0>)
Memory status after this epoch: 
Memory allocated:  13.57861328125
Memory cached:  22.0
	 epoch  10 training error:  tensor(0.3575, device='cuda:0', grad_fn=<DivBackward0>)
Memory status after this epoch: 
Memory allocated:  13.57861328125
Memory cached:  24.0
	 epoch  20 training error:  tensor(0.2435, device='cuda:0', grad_fn=<DivBackward0>)
Memory status after this epoch: 
Memory allocated:  13.57861328125
Memory cached:  24.0
	 epoch  30 training error:  tensor(0.1771, device='cuda:0', grad_fn=<DivBackward0>)
Memory status after this epoch: 
Memory allocated:  13.57861328125
Memory cached:  24.0
	 epoch  40 training error:  tensor(0.1285, device='cuda:0', grad_fn=<DivBackward0>)
Memory status after this epoch: 
Memory allocated:  13.57861328125
Memory cached:  24.0
	 epoch  50 training error:  tensor(0.0867, device='cuda:0', grad_fn=<DivBackward0>)
Memory status after this epoch: 
Memory allocated:  13.57861328125
Memory cached:  24.0
	 epoch  60 training error:  tensor(0.0673, device='cuda:0', grad_fn=<DivBackward0>)
Memory status after this epoch: 
Memory allocated:  13.57861328125
Memory cached:  24.0
	 epoch  70 training error:  tensor(0.0628, device='cuda:0', grad_fn=<DivBackward0>)
Memory status after this epoch: 
Memory allocated:  13.57861328125
Memory cached:  24.0
	 epoch  80 training error:  tensor(0.0617, device='cuda:0', grad_fn=<DivBackward0>)
Memory status after this epoch: 
Memory allocated:  13.57861328125
Memory cached:  24.0
	 epoch  90 training error:  tensor(0.0610, device='cuda:0', grad_fn=<DivBackward0>)
Memory status after this epoch: 
Memory allocated:  13.57861328125
Memory cached:  24.0
