[I 2023-11-16 16:12:36,928] Trial 31 finished with value: 0.00842898990958929 and parameters: {'W_layers': 7, 'W_layer_units_exponent_0': 8, 'W_layer_units_exponent_1': 7, 'W_layer_units_exponent_2': 4, 'W_layer_units_exponent_3': 8, 'W_layer_units_exponent_4': 8, 'W_layer_units_exponent_5': 7, 'W_layer_units_exponent_6': 9, 'D_layers': 2, 'D_layer_units_exponent_0': 8, 'D_layer_units_exponent_1': 8, 'log_learning_rate': -3.65813119963954, 'log_learning_rate_D': -2.0297337177040804, 'training_batch_size': 10, 'training_p': 6}. Best is trial 9 with value: 0.007390871644020081.
Time for this trial:  136.38738989830017
Memory status after this trial: 
Memory allocated:  351.68798828125
Memory cached:  372.0
--------------------  Trial  32   --------------------
Start timing: 
Parameters: 
{'W_layers': 3, 'W_layer_units_exponent_0': 9, 'W_layer_units_exponent_1': 9, 'W_layer_units_exponent_2': 4, 'D_layers': 7, 'D_layer_units_exponent_0': 9, 'D_layer_units_exponent_1': 9, 'D_layer_units_exponent_2': 5, 'D_layer_units_exponent_3': 9, 'D_layer_units_exponent_4': 8, 'D_layer_units_exponent_5': 7, 'D_layer_units_exponent_6': 8, 'log_learning_rate': -4.558088445128786, 'log_learning_rate_D': -2.505943464918013, 'training_batch_size': 9, 'training_p': 6}
	 epoch  0 training error:  tensor(1.9374, device='cuda:0', grad_fn=<DivBackward0>)
	 epoch  0 test error:  tensor(0.0441, device='cuda:0', grad_fn=<DivBackward0>)
Memory status after this epoch: 
Memory allocated:  249.06787109375
Memory cached:  308.0
	 epoch  10 training error:  tensor(0.4700, device='cuda:0', grad_fn=<DivBackward0>)
	 epoch  10 test error:  tensor(0.0089, device='cuda:0', grad_fn=<DivBackward0>)
Memory status after this epoch: 
Memory allocated:  249.91162109375
Memory cached:  504.0
	 epoch  20 training error:  tensor(0.3377, device='cuda:0', grad_fn=<DivBackward0>)
	 epoch  20 test error:  tensor(0.0091, device='cuda:0', grad_fn=<DivBackward0>)
Memory status after this epoch: 
Memory allocated:  249.06787109375
Memory cached:  504.0
	 epoch  30 training error:  tensor(0.3687, device='cuda:0', grad_fn=<DivBackward0>)
	 epoch  30 test error:  tensor(0.0073, device='cuda:0', grad_fn=<DivBackward0>)
Memory status after this epoch: 
Memory allocated:  249.91162109375
Memory cached:  504.0
	 epoch  40 training error:  tensor(0.3503, device='cuda:0', grad_fn=<DivBackward0>)
	 epoch  40 test error:  tensor(0.0080, device='cuda:0', grad_fn=<DivBackward0>)
Memory status after this epoch: 
Memory allocated:  249.06787109375
Memory cached:  504.0
	 epoch  50 training error:  tensor(0.3419, device='cuda:0', grad_fn=<DivBackward0>)
	 epoch  50 test error:  tensor(0.0075, device='cuda:0', grad_fn=<DivBackward0>)
Memory status after this epoch: 
Memory allocated:  249.91162109375
Memory cached:  504.0
	 epoch  60 training error:  tensor(0.3383, device='cuda:0', grad_fn=<DivBackward0>)
	 epoch  60 test error:  tensor(0.0074, device='cuda:0', grad_fn=<DivBackward0>)
Memory status after this epoch: 
Memory allocated:  249.06787109375
Memory cached:  506.0
	 epoch  70 training error:  tensor(0.3375, device='cuda:0', grad_fn=<DivBackward0>)
	 epoch  70 test error:  tensor(0.0078, device='cuda:0', grad_fn=<DivBackward0>)
Memory status after this epoch: 
Memory allocated:  249.91162109375
Memory cached:  506.0
	 epoch  80 training error:  tensor(0.3377, device='cuda:0', grad_fn=<DivBackward0>)
	 epoch  80 test error:  tensor(0.0075, device='cuda:0', grad_fn=<DivBackward0>)
Memory status after this epoch: 
Memory allocated:  249.06787109375
Memory cached:  506.0
	 epoch  90 training error:  tensor(0.3374, device='cuda:0', grad_fn=<DivBackward0>)
	 epoch  90 test error:  tensor(0.0075, device='cuda:0', grad_fn=<DivBackward0>)
Memory status after this epoch: 
Memory allocated:  249.91162109375
Memory cached:  506.0
[I 2023-11-16 16:15:13,965] Trial 32 finished with value: 0.007599429693073034 and parameters: {'W_layers': 3, 'W_layer_units_exponent_0': 9, 'W_layer_units_exponent_1': 9, 'W_layer_units_exponent_2': 4, 'D_layers': 7, 'D_layer_units_exponent_0': 9, 'D_layer_units_exponent_1': 9, 'D_layer_units_exponent_2': 5, 'D_layer_units_exponent_3': 9, 'D_layer_units_exponent_4': 8, 'D_layer_units_exponent_5': 7, 'D_layer_units_exponent_6': 8, 'log_learning_rate': -4.558088445128786, 'log_learning_rate_D': -2.505943464918013, 'training_batch_size': 9, 'training_p': 6}. Best is trial 9 with value: 0.007390871644020081.
Time for this trial:  156.76983499526978
Memory status after this trial: 
Memory allocated:  480.12353515625
Memory cached:  506.0
--------------------  Trial  33   --------------------
Start timing: 
Parameters: 
{'W_layers': 3, 'W_layer_units_exponent_0': 9, 'W_layer_units_exponent_1': 9, 'W_layer_units_exponent_2': 4, 'D_layers': 8, 'D_layer_units_exponent_0': 10, 'D_layer_units_exponent_1': 9, 'D_layer_units_exponent_2': 5, 'D_layer_units_exponent_3': 9, 'D_layer_units_exponent_4': 7, 'D_layer_units_exponent_5': 6, 'D_layer_units_exponent_6': 9, 'D_layer_units_exponent_7': 4, 'log_learning_rate': -4.364878630239164, 'log_learning_rate_D': -1.5768238212877708, 'training_batch_size': 10, 'training_p': 7}
	 epoch  0 training error:  tensor(1.4951, device='cuda:0', grad_fn=<DivBackward0>)
	 epoch  0 test error:  tensor(0.0139, device='cuda:0', grad_fn=<DivBackward0>)
Memory status after this epoch: 
Memory allocated:  284.015625
Memory cached:  334.0
	 epoch  10 training error:  tensor(1.0121, device='cuda:0', grad_fn=<DivBackward0>)
	 epoch  10 test error:  tensor(0.0444, device='cuda:0', grad_fn=<DivBackward0>)
Memory status after this epoch: 
Memory allocated:  284.015625
Memory cached:  560.0
	 epoch  20 training error:  tensor(0.9995, device='cuda:0', grad_fn=<DivBackward0>)
	 epoch  20 test error:  tensor(0.0442, device='cuda:0', grad_fn=<DivBackward0>)
Memory status after this epoch: 
Memory allocated:  283.546875
Memory cached:  560.0
	 epoch  30 training error:  tensor(0.9995, device='cuda:0', grad_fn=<DivBackward0>)
	 epoch  30 test error:  tensor(0.0442, device='cuda:0', grad_fn=<DivBackward0>)
Memory status after this epoch: 
Memory allocated:  284.015625
Memory cached:  560.0
	 epoch  40 training error:  tensor(0.9995, device='cuda:0', grad_fn=<DivBackward0>)
	 epoch  40 test error:  tensor(0.0442, device='cuda:0', grad_fn=<DivBackward0>)
Memory status after this epoch: 
Memory allocated:  283.546875
Memory cached:  560.0
	 epoch  50 training error:  tensor(0.9995, device='cuda:0', grad_fn=<DivBackward0>)
	 epoch  50 test error:  tensor(0.0442, device='cuda:0', grad_fn=<DivBackward0>)
Memory status after this epoch: 
Memory allocated:  284.015625
Memory cached:  560.0
	 epoch  60 training error:  tensor(0.9995, device='cuda:0', grad_fn=<DivBackward0>)
	 epoch  60 test error:  tensor(0.0442, device='cuda:0', grad_fn=<DivBackward0>)
Memory status after this epoch: 
Memory allocated:  283.546875
Memory cached:  562.0
	 epoch  70 training error:  tensor(0.9995, device='cuda:0', grad_fn=<DivBackward0>)
	 epoch  70 test error:  tensor(0.0442, device='cuda:0', grad_fn=<DivBackward0>)
Memory status after this epoch: 
Memory allocated:  284.015625
Memory cached:  564.0
	 epoch  80 training error:  tensor(0.9995, device='cuda:0', grad_fn=<DivBackward0>)
	 epoch  80 test error:  tensor(0.0442, device='cuda:0', grad_fn=<DivBackward0>)
Memory status after this epoch: 
Memory allocated:  283.546875
Memory cached:  562.0
	 epoch  90 training error:  tensor(0.9995, device='cuda:0', grad_fn=<DivBackward0>)
	 epoch  90 test error:  tensor(0.0442, device='cuda:0', grad_fn=<DivBackward0>)
Memory status after this epoch: 
Memory allocated:  284.015625
Memory cached:  560.0
[I 2023-11-16 16:17:57,822] Trial 33 finished with value: 0.04415415599942207 and parameters: {'W_layers': 3, 'W_layer_units_exponent_0': 9, 'W_layer_units_exponent_1': 9, 'W_layer_units_exponent_2': 4, 'D_layers': 8, 'D_layer_units_exponent_0': 10, 'D_layer_units_exponent_1': 9, 'D_layer_units_exponent_2': 5, 'D_layer_units_exponent_3': 9, 'D_layer_units_exponent_4': 7, 'D_layer_units_exponent_5': 6, 'D_layer_units_exponent_6': 9, 'D_layer_units_exponent_7': 4, 'log_learning_rate': -4.364878630239164, 'log_learning_rate_D': -1.5768238212877708, 'training_batch_size': 10, 'training_p': 7}. Best is trial 9 with value: 0.007390871644020081.
Time for this trial:  163.57953310012817
Memory status after this trial: 
Memory allocated:  544.07470703125
Memory cached:  560.0
--------------------  Trial  34   --------------------
Start timing: 
Parameters: 
{'W_layers': 2, 'W_layer_units_exponent_0': 9, 'W_layer_units_exponent_1': 10, 'D_layers': 7, 'D_layer_units_exponent_0': 9, 'D_layer_units_exponent_1': 10, 'D_layer_units_exponent_2': 6, 'D_layer_units_exponent_3': 8, 'D_layer_units_exponent_4': 8, 'D_layer_units_exponent_5': 9, 'D_layer_units_exponent_6': 6, 'log_learning_rate': -4.051654147583772, 'log_learning_rate_D': -1.8963053560439738, 'training_batch_size': 8, 'training_p': 6}
	 epoch  0 training error:  tensor(1.0334, device='cuda:0', grad_fn=<DivBackward0>)
	 epoch  0 test error:  tensor(0.2361, device='cuda:0', grad_fn=<DivBackward0>)
Memory status after this epoch: 
Memory allocated:  310.9931640625
Memory cached:  374.0
	 epoch  10 training error:  tensor(3.2140, device='cuda:0', grad_fn=<DivBackward0>)
	 epoch  10 test error:  tensor(0.1460, device='cuda:0', grad_fn=<DivBackward0>)
Memory status after this epoch: 
Memory allocated:  310.2431640625
Memory cached:  620.0
	 epoch  20 training error:  tensor(2.8855, device='cuda:0', grad_fn=<DivBackward0>)
	 epoch  20 test error:  tensor(0.1267, device='cuda:0', grad_fn=<DivBackward0>)
Memory status after this epoch: 
Memory allocated:  310.8994140625
Memory cached:  620.0
	 epoch  30 training error:  tensor(2.6433, device='cuda:0', grad_fn=<DivBackward0>)
	 epoch  30 test error:  tensor(0.1164, device='cuda:0', grad_fn=<DivBackward0>)
Memory status after this epoch: 
Memory allocated:  310.2431640625
Memory cached:  620.0
	 epoch  40 training error:  tensor(1.5359, device='cuda:0', grad_fn=<DivBackward0>)
	 epoch  40 test error:  tensor(0.0276, device='cuda:0', grad_fn=<DivBackward0>)
Memory status after this epoch: 
Memory allocated:  310.8994140625
Memory cached:  620.0
	 epoch  50 training error:  tensor(1.2937, device='cuda:0', grad_fn=<DivBackward0>)
	 epoch  50 test error:  tensor(0.0894, device='cuda:0', grad_fn=<DivBackward0>)
Memory status after this epoch: 
Memory allocated:  310.2431640625
Memory cached:  620.0
	 epoch  60 training error:  tensor(1.3943, device='cuda:0', grad_fn=<DivBackward0>)
	 epoch  60 test error:  tensor(0.0187, device='cuda:0', grad_fn=<DivBackward0>)
Memory status after this epoch: 
Memory allocated:  310.8994140625
Memory cached:  622.0
	 epoch  70 training error:  tensor(1.0417, device='cuda:0', grad_fn=<DivBackward0>)
	 epoch  70 test error:  tensor(0.0723, device='cuda:0', grad_fn=<DivBackward0>)
Memory status after this epoch: 
Memory allocated:  310.2431640625
Memory cached:  620.0
	 epoch  80 training error:  tensor(1.5444, device='cuda:0', grad_fn=<DivBackward0>)
	 epoch  80 test error:  tensor(0.0243, device='cuda:0', grad_fn=<DivBackward0>)
Memory status after this epoch: 
Memory allocated:  310.8994140625
Memory cached:  620.0
	 epoch  90 training error:  tensor(1.1316, device='cuda:0', grad_fn=<DivBackward0>)
	 epoch  90 test error:  tensor(0.0790, device='cuda:0', grad_fn=<DivBackward0>)
Memory status after this epoch: 
Memory allocated:  310.2431640625
Memory cached:  622.0
[I 2023-11-16 16:20:28,721] Trial 34 finished with value: 0.06736036390066147 and parameters: {'W_layers': 2, 'W_layer_units_exponent_0': 9, 'W_layer_units_exponent_1': 10, 'D_layers': 7, 'D_layer_units_exponent_0': 9, 'D_layer_units_exponent_1': 10, 'D_layer_units_exponent_2': 6, 'D_layer_units_exponent_3': 8, 'D_layer_units_exponent_4': 8, 'D_layer_units_exponent_5': 9, 'D_layer_units_exponent_6': 6, 'log_learning_rate': -4.051654147583772, 'log_learning_rate_D': -1.8963053560439738, 'training_batch_size': 8, 'training_p': 6}. Best is trial 9 with value: 0.007390871644020081.
Time for this trial:  150.6381471157074
Memory status after this trial: 
Memory allocated:  587.90478515625
Memory cached:  620.0
--------------------  Trial  35   --------------------
Start timing: 
Parameters: 
{'W_layers': 3, 'W_layer_units_exponent_0': 8, 'W_layer_units_exponent_1': 8, 'W_layer_units_exponent_2': 6, 'D_layers': 6, 'D_layer_units_exponent_0': 8, 'D_layer_units_exponent_1': 8, 'D_layer_units_exponent_2': 10, 'D_layer_units_exponent_3': 10, 'D_layer_units_exponent_4': 9, 'D_layer_units_exponent_5': 6, 'log_learning_rate': -3.3503146705673754, 'log_learning_rate_D': -2.5832662498418264, 'training_batch_size': 9, 'training_p': 5}
	 epoch  0 training error:  tensor(2.4375, device='cuda:0', grad_fn=<DivBackward0>)
	 epoch  0 test error:  tensor(0.2168, device='cuda:0', grad_fn=<DivBackward0>)
Memory status after this epoch: 
Memory allocated:  292.525390625
Memory cached:  348.0
	 epoch  10 training error:  tensor(0.4933, device='cuda:0', grad_fn=<DivBackward0>)
	 epoch  10 test error:  tensor(0.0341, device='cuda:0', grad_fn=<DivBackward0>)
Memory status after this epoch: 
Memory allocated:  293.181640625
Memory cached:  566.0
	 epoch  20 training error:  tensor(0.3539, device='cuda:0', grad_fn=<DivBackward0>)
	 epoch  20 test error:  tensor(0.0085, device='cuda:0', grad_fn=<DivBackward0>)
Memory status after this epoch: 
Memory allocated:  292.384765625
Memory cached:  566.0
	 epoch  30 training error:  tensor(0.3612, device='cuda:0', grad_fn=<DivBackward0>)
	 epoch  30 test error:  tensor(0.0076, device='cuda:0', grad_fn=<DivBackward0>)
Memory status after this epoch: 
Memory allocated:  293.181640625
Memory cached:  566.0
	 epoch  40 training error:  tensor(0.3207, device='cuda:0', grad_fn=<DivBackward0>)
	 epoch  40 test error:  tensor(0.0073, device='cuda:0', grad_fn=<DivBackward0>)
Memory status after this epoch: 
Memory allocated:  292.384765625
Memory cached:  566.0
	 epoch  50 training error:  tensor(0.3657, device='cuda:0', grad_fn=<DivBackward0>)
	 epoch  50 test error:  tensor(0.0080, device='cuda:0', grad_fn=<DivBackward0>)
Memory status after this epoch: 
Memory allocated:  293.181640625
Memory cached:  566.0
	 epoch  60 training error:  tensor(0.3207, device='cuda:0', grad_fn=<DivBackward0>)
	 epoch  60 test error:  tensor(0.0085, device='cuda:0', grad_fn=<DivBackward0>)
Memory status after this epoch: 
Memory allocated:  292.384765625
Memory cached:  566.0
	 epoch  70 training error:  tensor(0.3205, device='cuda:0', grad_fn=<DivBackward0>)
	 epoch  70 test error:  tensor(0.0073, device='cuda:0', grad_fn=<DivBackward0>)
Memory status after this epoch: 
Memory allocated:  293.181640625
Memory cached:  566.0
	 epoch  80 training error:  tensor(0.3185, device='cuda:0', grad_fn=<DivBackward0>)
	 epoch  80 test error:  tensor(0.0074, device='cuda:0', grad_fn=<DivBackward0>)
Memory status after this epoch: 
Memory allocated:  292.384765625
Memory cached:  566.0
	 epoch  90 training error:  tensor(0.3187, device='cuda:0', grad_fn=<DivBackward0>)
	 epoch  90 test error:  tensor(0.0078, device='cuda:0', grad_fn=<DivBackward0>)
Memory status after this epoch: 
Memory allocated:  293.181640625
Memory cached:  568.0
[I 2023-11-16 16:22:55,864] Trial 35 finished with value: 0.00750365573912859 and parameters: {'W_layers': 3, 'W_layer_units_exponent_0': 8, 'W_layer_units_exponent_1': 8, 'W_layer_units_exponent_2': 6, 'D_layers': 6, 'D_layer_units_exponent_0': 8, 'D_layer_units_exponent_1': 8, 'D_layer_units_exponent_2': 10, 'D_layer_units_exponent_3': 10, 'D_layer_units_exponent_4': 9, 'D_layer_units_exponent_5': 6, 'log_learning_rate': -3.3503146705673754, 'log_learning_rate_D': -2.5832662498418264, 'training_batch_size': 9, 'training_p': 5}. Best is trial 9 with value: 0.007390871644020081.
Time for this trial:  146.86571407318115
Memory status after this trial: 
Memory allocated:  537.57763671875
Memory cached:  566.0
--------------------  Trial  36   --------------------
Start timing: 
Parameters: 
{'W_layers': 2, 'W_layer_units_exponent_0': 9, 'W_layer_units_exponent_1': 8, 'D_layers': 8, 'D_layer_units_exponent_0': 9, 'D_layer_units_exponent_1': 7, 'D_layer_units_exponent_2': 9, 'D_layer_units_exponent_3': 9, 'D_layer_units_exponent_4': 8, 'D_layer_units_exponent_5': 8, 'D_layer_units_exponent_6': 9, 'D_layer_units_exponent_7': 10, 'log_learning_rate': -4.357110431022081, 'log_learning_rate_D': -2.2183647105280526, 'training_batch_size': 7, 'training_p': 6}
	 epoch  0 training error:  tensor(0.5173, device='cuda:0', grad_fn=<DivBackward0>)
	 epoch  0 test error:  tensor(0.0976, device='cuda:0', grad_fn=<DivBackward0>)
Memory status after this epoch: 
Memory allocated:  324.1376953125
Memory cached:  376.0
	 epoch  10 training error:  tensor(0.7164, device='cuda:0', grad_fn=<DivBackward0>)
	 epoch  10 test error:  tensor(0.0185, device='cuda:0', grad_fn=<DivBackward0>)
Memory status after this epoch: 
Memory allocated:  323.2470703125
Memory cached:  634.0
	 epoch  20 training error:  tensor(0.4659, device='cuda:0', grad_fn=<DivBackward0>)
	 epoch  20 test error:  tensor(0.0139, device='cuda:0', grad_fn=<DivBackward0>)
Memory status after this epoch: 
Memory allocated:  323.9970703125
Memory cached:  634.0
	 epoch  30 training error:  tensor(0.3991, device='cuda:0', grad_fn=<DivBackward0>)
	 epoch  30 test error:  tensor(0.0097, device='cuda:0', grad_fn=<DivBackward0>)
Memory status after this epoch: 
Memory allocated:  323.7158203125
Memory cached:  634.0
	 epoch  40 training error:  tensor(0.3559, device='cuda:0', grad_fn=<DivBackward0>)
	 epoch  40 test error:  tensor(0.0089, device='cuda:0', grad_fn=<DivBackward0>)
Memory status after this epoch: 
Memory allocated:  323.5283203125
Memory cached:  634.0
	 epoch  50 training error:  tensor(0.3417, device='cuda:0', grad_fn=<DivBackward0>)
	 epoch  50 test error:  tensor(0.0073, device='cuda:0', grad_fn=<DivBackward0>)
Memory status after this epoch: 
Memory allocated:  323.7158203125
Memory cached:  634.0
	 epoch  60 training error:  tensor(0.3375, device='cuda:0', grad_fn=<DivBackward0>)
	 epoch  60 test error:  tensor(0.0072, device='cuda:0', grad_fn=<DivBackward0>)
Memory status after this epoch: 
Memory allocated:  323.5283203125
Memory cached:  634.0
	 epoch  70 training error:  tensor(0.3382, device='cuda:0', grad_fn=<DivBackward0>)
	 epoch  70 test error:  tensor(0.0077, device='cuda:0', grad_fn=<DivBackward0>)
Memory status after this epoch: 
Memory allocated:  323.7158203125
Memory cached:  634.0
	 epoch  80 training error:  tensor(0.3378, device='cuda:0', grad_fn=<DivBackward0>)
	 epoch  80 test error:  tensor(0.0076, device='cuda:0', grad_fn=<DivBackward0>)
Memory status after this epoch: 
Memory allocated:  323.5283203125
Memory cached:  634.0
	 epoch  90 training error:  tensor(0.3376, device='cuda:0', grad_fn=<DivBackward0>)
	 epoch  90 test error:  tensor(0.0076, device='cuda:0', grad_fn=<DivBackward0>)
Memory status after this epoch: 
Memory allocated:  323.7158203125
Memory cached:  634.0
