[I 2023-11-16 21:12:09,372] Trial 25 finished with value: 0.837407112121582 and parameters: {'W_layers': 6, 'W_layer_units_exponent_0': 5, 'W_layer_units_exponent_1': 6, 'W_layer_units_exponent_2': 5, 'W_layer_units_exponent_3': 6, 'W_layer_units_exponent_4': 6, 'W_layer_units_exponent_5': 6, 'D_layers': 3, 'D_layer_units_exponent_0': 8, 'D_layer_units_exponent_1': 7, 'D_layer_units_exponent_2': 7, 'log_learning_rate': -3.775054377660969, 'log_learning_rate_D': -2.2026990632928616, 'training_batch_size': 7, 'training_p': 2}. Best is trial 5 with value: 0.7917489409446716.
Time for this trial:  135.12194085121155
Memory status after this trial: 
Memory allocated:  250.9150390625
Memory cached:  264.0
--------------------  Trial  26   --------------------
Start timing: 
Parameters: 
{'W_layers': 6, 'W_layer_units_exponent_0': 4, 'W_layer_units_exponent_1': 5, 'W_layer_units_exponent_2': 9, 'W_layer_units_exponent_3': 5, 'W_layer_units_exponent_4': 7, 'W_layer_units_exponent_5': 8, 'D_layers': 7, 'D_layer_units_exponent_0': 6, 'D_layer_units_exponent_1': 10, 'D_layer_units_exponent_2': 5, 'D_layer_units_exponent_3': 5, 'D_layer_units_exponent_4': 7, 'D_layer_units_exponent_5': 7, 'D_layer_units_exponent_6': 7, 'log_learning_rate': -2.984358097765652, 'log_learning_rate_D': -1.8031516448172595, 'training_batch_size': 11, 'training_p': 3}
	 epoch  0 training error:  tensor(0.7818, device='cuda:0', grad_fn=<DivBackward0>)
	 epoch  0 test error:  tensor(8.3685, device='cuda:0', grad_fn=<DivBackward0>)
Memory status after this epoch: 
Memory allocated:  221.18505859375
Memory cached:  284.0
	 epoch  10 training error:  tensor(0.4091, device='cuda:0', grad_fn=<DivBackward0>)
	 epoch  10 test error:  tensor(2.0263, device='cuda:0', grad_fn=<DivBackward0>)
Memory status after this epoch: 
Memory allocated:  220.52880859375
Memory cached:  440.0
	 epoch  20 training error:  tensor(0.2652, device='cuda:0', grad_fn=<DivBackward0>)
	 epoch  20 test error:  tensor(1.1659, device='cuda:0', grad_fn=<DivBackward0>)
Memory status after this epoch: 
Memory allocated:  221.18505859375
Memory cached:  440.0
	 epoch  30 training error:  tensor(0.2401, device='cuda:0', grad_fn=<DivBackward0>)
	 epoch  30 test error:  tensor(0.9939, device='cuda:0', grad_fn=<DivBackward0>)
Memory status after this epoch: 
Memory allocated:  220.52880859375
Memory cached:  440.0
	 epoch  40 training error:  tensor(0.2389, device='cuda:0', grad_fn=<DivBackward0>)
	 epoch  40 test error:  tensor(0.8411, device='cuda:0', grad_fn=<DivBackward0>)
Memory status after this epoch: 
Memory allocated:  221.18505859375
Memory cached:  442.0
	 epoch  50 training error:  tensor(0.2351, device='cuda:0', grad_fn=<DivBackward0>)
	 epoch  50 test error:  tensor(0.8230, device='cuda:0', grad_fn=<DivBackward0>)
Memory status after this epoch: 
Memory allocated:  220.52880859375
Memory cached:  444.0
	 epoch  60 training error:  tensor(0.2340, device='cuda:0', grad_fn=<DivBackward0>)
	 epoch  60 test error:  tensor(0.8392, device='cuda:0', grad_fn=<DivBackward0>)
Memory status after this epoch: 
Memory allocated:  221.18505859375
Memory cached:  446.0
	 epoch  70 training error:  tensor(0.2339, device='cuda:0', grad_fn=<DivBackward0>)
	 epoch  70 test error:  tensor(0.8543, device='cuda:0', grad_fn=<DivBackward0>)
Memory status after this epoch: 
Memory allocated:  220.52880859375
Memory cached:  446.0
	 epoch  80 training error:  tensor(0.2339, device='cuda:0', grad_fn=<DivBackward0>)
	 epoch  80 test error:  tensor(0.8643, device='cuda:0', grad_fn=<DivBackward0>)
Memory status after this epoch: 
Memory allocated:  221.18505859375
Memory cached:  442.0
	 epoch  90 training error:  tensor(0.2339, device='cuda:0', grad_fn=<DivBackward0>)
	 epoch  90 test error:  tensor(0.8744, device='cuda:0', grad_fn=<DivBackward0>)
Memory status after this epoch: 
Memory allocated:  220.52880859375
Memory cached:  440.0
[I 2023-11-16 21:15:10,021] Trial 26 finished with value: 0.8751506805419922 and parameters: {'W_layers': 6, 'W_layer_units_exponent_0': 4, 'W_layer_units_exponent_1': 5, 'W_layer_units_exponent_2': 9, 'W_layer_units_exponent_3': 5, 'W_layer_units_exponent_4': 7, 'W_layer_units_exponent_5': 8, 'D_layers': 7, 'D_layer_units_exponent_0': 6, 'D_layer_units_exponent_1': 10, 'D_layer_units_exponent_2': 5, 'D_layer_units_exponent_3': 5, 'D_layer_units_exponent_4': 7, 'D_layer_units_exponent_5': 7, 'D_layer_units_exponent_6': 7, 'log_learning_rate': -2.984358097765652, 'log_learning_rate_D': -1.8031516448172595, 'training_batch_size': 11, 'training_p': 3}. Best is trial 5 with value: 0.7917489409446716.
Time for this trial:  180.35205364227295
Memory status after this trial: 
Memory allocated:  430.7080078125
Memory cached:  440.0
--------------------  Trial  27   --------------------
Start timing: 
Parameters: 
{'W_layers': 8, 'W_layer_units_exponent_0': 7, 'W_layer_units_exponent_1': 9, 'W_layer_units_exponent_2': 5, 'W_layer_units_exponent_3': 7, 'W_layer_units_exponent_4': 9, 'W_layer_units_exponent_5': 5, 'W_layer_units_exponent_6': 7, 'W_layer_units_exponent_7': 10, 'D_layers': 6, 'D_layer_units_exponent_0': 10, 'D_layer_units_exponent_1': 8, 'D_layer_units_exponent_2': 10, 'D_layer_units_exponent_3': 7, 'D_layer_units_exponent_4': 5, 'D_layer_units_exponent_5': 8, 'log_learning_rate': -4.053570711335281, 'log_learning_rate_D': -2.4835806475812046, 'training_batch_size': 8, 'training_p': 2}
	 epoch  0 training error:  tensor(0.9750, device='cuda:0', grad_fn=<DivBackward0>)
	 epoch  0 test error:  tensor(3.7178, device='cuda:0', grad_fn=<DivBackward0>)
Memory status after this epoch: 
Memory allocated:  375.8828125
Memory cached:  440.0
	 epoch  10 training error:  tensor(0.2035, device='cuda:0', grad_fn=<DivBackward0>)
	 epoch  10 test error:  tensor(0.7538, device='cuda:0', grad_fn=<DivBackward0>)
Memory status after this epoch: 
Memory allocated:  376.5390625
Memory cached:  738.0
	 epoch  20 training error:  tensor(0.2013, device='cuda:0', grad_fn=<DivBackward0>)
	 epoch  20 test error:  tensor(0.7528, device='cuda:0', grad_fn=<DivBackward0>)
Memory status after this epoch: 
Memory allocated:  375.8828125
Memory cached:  738.0
	 epoch  30 training error:  tensor(0.2020, device='cuda:0', grad_fn=<DivBackward0>)
	 epoch  30 test error:  tensor(0.7928, device='cuda:0', grad_fn=<DivBackward0>)
Memory status after this epoch: 
Memory allocated:  376.5390625
Memory cached:  738.0
	 epoch  40 training error:  tensor(0.2017, device='cuda:0', grad_fn=<DivBackward0>)
	 epoch  40 test error:  tensor(0.8034, device='cuda:0', grad_fn=<DivBackward0>)
Memory status after this epoch: 
Memory allocated:  375.8828125
Memory cached:  738.0
	 epoch  50 training error:  tensor(0.2014, device='cuda:0', grad_fn=<DivBackward0>)
	 epoch  50 test error:  tensor(0.7998, device='cuda:0', grad_fn=<DivBackward0>)
Memory status after this epoch: 
Memory allocated:  376.5390625
Memory cached:  738.0
	 epoch  60 training error:  tensor(0.2013, device='cuda:0', grad_fn=<DivBackward0>)
	 epoch  60 test error:  tensor(0.7961, device='cuda:0', grad_fn=<DivBackward0>)
Memory status after this epoch: 
Memory allocated:  375.8828125
Memory cached:  738.0
	 epoch  70 training error:  tensor(0.2014, device='cuda:0', grad_fn=<DivBackward0>)
	 epoch  70 test error:  tensor(0.7979, device='cuda:0', grad_fn=<DivBackward0>)
Memory status after this epoch: 
Memory allocated:  376.5390625
Memory cached:  738.0
	 epoch  80 training error:  tensor(0.2013, device='cuda:0', grad_fn=<DivBackward0>)
	 epoch  80 test error:  tensor(0.8049, device='cuda:0', grad_fn=<DivBackward0>)
Memory status after this epoch: 
Memory allocated:  375.8828125
Memory cached:  738.0
	 epoch  90 training error:  tensor(0.2013, device='cuda:0', grad_fn=<DivBackward0>)
	 epoch  90 test error:  tensor(0.8108, device='cuda:0', grad_fn=<DivBackward0>)
Memory status after this epoch: 
Memory allocated:  376.5390625
Memory cached:  738.0
[I 2023-11-16 21:18:30,853] Trial 27 finished with value: 0.810487687587738 and parameters: {'W_layers': 8, 'W_layer_units_exponent_0': 7, 'W_layer_units_exponent_1': 9, 'W_layer_units_exponent_2': 5, 'W_layer_units_exponent_3': 7, 'W_layer_units_exponent_4': 9, 'W_layer_units_exponent_5': 5, 'W_layer_units_exponent_6': 7, 'W_layer_units_exponent_7': 10, 'D_layers': 6, 'D_layer_units_exponent_0': 10, 'D_layer_units_exponent_1': 8, 'D_layer_units_exponent_2': 10, 'D_layer_units_exponent_3': 7, 'D_layer_units_exponent_4': 5, 'D_layer_units_exponent_5': 8, 'log_learning_rate': -4.053570711335281, 'log_learning_rate_D': -2.4835806475812046, 'training_batch_size': 8, 'training_p': 2}. Best is trial 5 with value: 0.7917489409446716.
Time for this trial:  200.53221917152405
Memory status after this trial: 
Memory allocated:  723.7939453125
Memory cached:  738.0
--------------------  Trial  28   --------------------
Start timing: 
Parameters: 
{'W_layers': 7, 'W_layer_units_exponent_0': 10, 'W_layer_units_exponent_1': 8, 'W_layer_units_exponent_2': 10, 'W_layer_units_exponent_3': 9, 'W_layer_units_exponent_4': 6, 'W_layer_units_exponent_5': 5, 'W_layer_units_exponent_6': 4, 'D_layers': 4, 'D_layer_units_exponent_0': 9, 'D_layer_units_exponent_1': 9, 'D_layer_units_exponent_2': 6, 'D_layer_units_exponent_3': 4, 'log_learning_rate': -3.5988608097130124, 'log_learning_rate_D': -2.849700820714233, 'training_batch_size': 7, 'training_p': 4}
	 epoch  0 training error:  tensor(0.8291, device='cuda:0', grad_fn=<DivBackward0>)
	 epoch  0 test error:  tensor(7.6043, device='cuda:0', grad_fn=<DivBackward0>)
Memory status after this epoch: 
Memory allocated:  320.79296875
Memory cached:  396.0
	 epoch  10 training error:  tensor(0.3087, device='cuda:0', grad_fn=<DivBackward0>)
	 epoch  10 test error:  tensor(0.8171, device='cuda:0', grad_fn=<DivBackward0>)
Memory status after this epoch: 
Memory allocated:  319.99609375
Memory cached:  632.0
	 epoch  20 training error:  tensor(0.2743, device='cuda:0', grad_fn=<DivBackward0>)
	 epoch  20 test error:  tensor(0.8562, device='cuda:0', grad_fn=<DivBackward0>)
Memory status after this epoch: 
Memory allocated:  320.74609375
Memory cached:  632.0
	 epoch  30 training error:  tensor(0.2629, device='cuda:0', grad_fn=<DivBackward0>)
	 epoch  30 test error:  tensor(1.0356, device='cuda:0', grad_fn=<DivBackward0>)
Memory status after this epoch: 
Memory allocated:  319.57421875
Memory cached:  632.0
	 epoch  40 training error:  tensor(0.2509, device='cuda:0', grad_fn=<DivBackward0>)
	 epoch  40 test error:  tensor(0.8674, device='cuda:0', grad_fn=<DivBackward0>)
Memory status after this epoch: 
Memory allocated:  321.12109375
Memory cached:  632.0
	 epoch  50 training error:  tensor(0.2484, device='cuda:0', grad_fn=<DivBackward0>)
	 epoch  50 test error:  tensor(0.9598, device='cuda:0', grad_fn=<DivBackward0>)
Memory status after this epoch: 
Memory allocated:  319.57421875
Memory cached:  632.0
	 epoch  60 training error:  tensor(0.2474, device='cuda:0', grad_fn=<DivBackward0>)
	 epoch  60 test error:  tensor(0.8966, device='cuda:0', grad_fn=<DivBackward0>)
Memory status after this epoch: 
Memory allocated:  321.12109375
Memory cached:  632.0
	 epoch  70 training error:  tensor(0.2465, device='cuda:0', grad_fn=<DivBackward0>)
	 epoch  70 test error:  tensor(0.9103, device='cuda:0', grad_fn=<DivBackward0>)
Memory status after this epoch: 
Memory allocated:  319.57421875
Memory cached:  632.0
	 epoch  80 training error:  tensor(0.2464, device='cuda:0', grad_fn=<DivBackward0>)
	 epoch  80 test error:  tensor(0.9232, device='cuda:0', grad_fn=<DivBackward0>)
Memory status after this epoch: 
Memory allocated:  321.12109375
Memory cached:  632.0
	 epoch  90 training error:  tensor(0.2462, device='cuda:0', grad_fn=<DivBackward0>)
	 epoch  90 test error:  tensor(0.9200, device='cuda:0', grad_fn=<DivBackward0>)
Memory status after this epoch: 
Memory allocated:  319.57421875
Memory cached:  632.0
[I 2023-11-16 21:21:23,727] Trial 28 finished with value: 0.9121277928352356 and parameters: {'W_layers': 7, 'W_layer_units_exponent_0': 10, 'W_layer_units_exponent_1': 8, 'W_layer_units_exponent_2': 10, 'W_layer_units_exponent_3': 9, 'W_layer_units_exponent_4': 6, 'W_layer_units_exponent_5': 5, 'W_layer_units_exponent_6': 4, 'D_layers': 4, 'D_layer_units_exponent_0': 9, 'D_layer_units_exponent_1': 9, 'D_layer_units_exponent_2': 6, 'D_layer_units_exponent_3': 4, 'log_learning_rate': -3.5988608097130124, 'log_learning_rate_D': -2.849700820714233, 'training_batch_size': 7, 'training_p': 4}. Best is trial 5 with value: 0.7917489409446716.
Time for this trial:  172.5845205783844
Memory status after this trial: 
Memory allocated:  602.712890625
Memory cached:  632.0
--------------------  Trial  29   --------------------
Start timing: 
Parameters: 
{'W_layers': 8, 'W_layer_units_exponent_0': 7, 'W_layer_units_exponent_1': 7, 'W_layer_units_exponent_2': 9, 'W_layer_units_exponent_3': 6, 'W_layer_units_exponent_4': 5, 'W_layer_units_exponent_5': 8, 'W_layer_units_exponent_6': 7, 'W_layer_units_exponent_7': 7, 'D_layers': 8, 'D_layer_units_exponent_0': 7, 'D_layer_units_exponent_1': 9, 'D_layer_units_exponent_2': 9, 'D_layer_units_exponent_3': 9, 'D_layer_units_exponent_4': 8, 'D_layer_units_exponent_5': 7, 'D_layer_units_exponent_6': 6, 'D_layer_units_exponent_7': 7, 'log_learning_rate': -3.6922798785310933, 'log_learning_rate_D': -4.785778200978964, 'training_batch_size': 8, 'training_p': 3}
	 epoch  0 training error:  tensor(0.9262, device='cuda:0', grad_fn=<DivBackward0>)
	 epoch  0 test error:  tensor(2.8397, device='cuda:0', grad_fn=<DivBackward0>)
Memory status after this epoch: 
Memory allocated:  289.79345703125
Memory cached:  354.0
	 epoch  10 training error:  tensor(0.3234, device='cuda:0', grad_fn=<DivBackward0>)
	 epoch  10 test error:  tensor(0.7826, device='cuda:0', grad_fn=<DivBackward0>)
Memory status after this epoch: 
Memory allocated:  290.87158203125
Memory cached:  568.0
	 epoch  20 training error:  tensor(0.2740, device='cuda:0', grad_fn=<DivBackward0>)
	 epoch  20 test error:  tensor(0.7539, device='cuda:0', grad_fn=<DivBackward0>)
Memory status after this epoch: 
Memory allocated:  290.21533203125
Memory cached:  568.0
	 epoch  30 training error:  tensor(0.2458, device='cuda:0', grad_fn=<DivBackward0>)
	 epoch  30 test error:  tensor(0.7421, device='cuda:0', grad_fn=<DivBackward0>)
Memory status after this epoch: 
Memory allocated:  290.49658203125
Memory cached:  568.0
	 epoch  40 training error:  tensor(0.2346, device='cuda:0', grad_fn=<DivBackward0>)
	 epoch  40 test error:  tensor(0.7904, device='cuda:0', grad_fn=<DivBackward0>)
Memory status after this epoch: 
Memory allocated:  290.63720703125
Memory cached:  568.0
	 epoch  50 training error:  tensor(0.2333, device='cuda:0', grad_fn=<DivBackward0>)
	 epoch  50 test error:  tensor(0.8316, device='cuda:0', grad_fn=<DivBackward0>)
Memory status after this epoch: 
Memory allocated:  290.44970703125
Memory cached:  568.0
	 epoch  60 training error:  tensor(0.2327, device='cuda:0', grad_fn=<DivBackward0>)
	 epoch  60 test error:  tensor(0.8460, device='cuda:0', grad_fn=<DivBackward0>)
Memory status after this epoch: 
Memory allocated:  290.68408203125
Memory cached:  568.0
	 epoch  70 training error:  tensor(0.2314, device='cuda:0', grad_fn=<DivBackward0>)
	 epoch  70 test error:  tensor(0.8478, device='cuda:0', grad_fn=<DivBackward0>)
Memory status after this epoch: 
Memory allocated:  290.07470703125
Memory cached:  568.0
	 epoch  80 training error:  tensor(0.2293, device='cuda:0', grad_fn=<DivBackward0>)
	 epoch  80 test error:  tensor(0.8482, device='cuda:0', grad_fn=<DivBackward0>)
Memory status after this epoch: 
Memory allocated:  290.59033203125
Memory cached:  568.0
	 epoch  90 training error:  tensor(0.2265, device='cuda:0', grad_fn=<DivBackward0>)
	 epoch  90 test error:  tensor(0.8530, device='cuda:0', grad_fn=<DivBackward0>)
Memory status after this epoch: 
Memory allocated:  290.07470703125
Memory cached:  568.0
[I 2023-11-16 21:24:51,253] Trial 29 finished with value: 0.8553003668785095 and parameters: {'W_layers': 8, 'W_layer_units_exponent_0': 7, 'W_layer_units_exponent_1': 7, 'W_layer_units_exponent_2': 9, 'W_layer_units_exponent_3': 6, 'W_layer_units_exponent_4': 5, 'W_layer_units_exponent_5': 8, 'W_layer_units_exponent_6': 7, 'W_layer_units_exponent_7': 7, 'D_layers': 8, 'D_layer_units_exponent_0': 7, 'D_layer_units_exponent_1': 9, 'D_layer_units_exponent_2': 9, 'D_layer_units_exponent_3': 9, 'D_layer_units_exponent_4': 8, 'D_layer_units_exponent_5': 7, 'D_layer_units_exponent_6': 6, 'D_layer_units_exponent_7': 7, 'log_learning_rate': -3.6922798785310933, 'log_learning_rate_D': -4.785778200978964, 'training_batch_size': 8, 'training_p': 3}. Best is trial 5 with value: 0.7917489409446716.
Time for this trial:  207.21710205078125
Memory status after this trial: 
Memory allocated:  552.7490234375
Memory cached:  568.0
--------------------  Trial  30   --------------------
Start timing: 
Parameters: 
{'W_layers': 4, 'W_layer_units_exponent_0': 5, 'W_layer_units_exponent_1': 6, 'W_layer_units_exponent_2': 7, 'W_layer_units_exponent_3': 5, 'D_layers': 8, 'D_layer_units_exponent_0': 4, 'D_layer_units_exponent_1': 5, 'D_layer_units_exponent_2': 7, 'D_layer_units_exponent_3': 5, 'D_layer_units_exponent_4': 9, 'D_layer_units_exponent_5': 8, 'D_layer_units_exponent_6': 8, 'D_layer_units_exponent_7': 8, 'log_learning_rate': -4.5899304984885365, 'log_learning_rate_D': -4.631847252492187, 'training_batch_size': 9, 'training_p': 8}
	 epoch  0 training error:  tensor(3.6174, device='cuda:0', grad_fn=<DivBackward0>)
	 epoch  0 test error:  tensor(21.0346, device='cuda:0', grad_fn=<DivBackward0>)
Memory status after this epoch: 
Memory allocated:  180.837890625
Memory cached:  244.0
	 epoch  10 training error:  tensor(2.9803, device='cuda:0', grad_fn=<DivBackward0>)
	 epoch  10 test error:  tensor(17.1554, device='cuda:0', grad_fn=<DivBackward0>)
Memory status after this epoch: 
Memory allocated:  181.353515625
Memory cached:  358.0
	 epoch  20 training error:  tensor(2.3558, device='cuda:0', grad_fn=<DivBackward0>)
	 epoch  20 test error:  tensor(13.3352, device='cuda:0', grad_fn=<DivBackward0>)
Memory status after this epoch: 
Memory allocated:  180.837890625
Memory cached:  358.0
	 epoch  30 training error:  tensor(1.7443, device='cuda:0', grad_fn=<DivBackward0>)
	 epoch  30 test error:  tensor(9.5591, device='cuda:0', grad_fn=<DivBackward0>)
Memory status after this epoch: 
Memory allocated:  181.353515625
Memory cached:  358.0
	 epoch  40 training error:  tensor(1.1521, device='cuda:0', grad_fn=<DivBackward0>)
	 epoch  40 test error:  tensor(5.8212, device='cuda:0', grad_fn=<DivBackward0>)
Memory status after this epoch: 
Memory allocated:  180.837890625
Memory cached:  358.0
	 epoch  50 training error:  tensor(0.6107, device='cuda:0', grad_fn=<DivBackward0>)
	 epoch  50 test error:  tensor(2.2098, device='cuda:0', grad_fn=<DivBackward0>)
Memory status after this epoch: 
Memory allocated:  181.353515625
Memory cached:  358.0
	 epoch  60 training error:  tensor(0.3373, device='cuda:0', grad_fn=<DivBackward0>)
	 epoch  60 test error:  tensor(1.3892, device='cuda:0', grad_fn=<DivBackward0>)
Memory status after this epoch: 
Memory allocated:  180.837890625
Memory cached:  358.0
	 epoch  70 training error:  tensor(0.3652, device='cuda:0', grad_fn=<DivBackward0>)
	 epoch  70 test error:  tensor(1.3577, device='cuda:0', grad_fn=<DivBackward0>)
Memory status after this epoch: 
Memory allocated:  181.353515625
Memory cached:  360.0
	 epoch  80 training error:  tensor(0.3279, device='cuda:0', grad_fn=<DivBackward0>)
	 epoch  80 test error:  tensor(0.7429, device='cuda:0', grad_fn=<DivBackward0>)
Memory status after this epoch: 
Memory allocated:  180.837890625
Memory cached:  360.0
	 epoch  90 training error:  tensor(0.3153, device='cuda:0', grad_fn=<DivBackward0>)
	 epoch  90 test error:  tensor(0.8755, device='cuda:0', grad_fn=<DivBackward0>)
Memory status after this epoch: 
Memory allocated:  181.353515625
Memory cached:  360.0
