[I 2023-11-17 10:17:03,381] Trial 5 finished with value: 0.18494145572185516 and parameters: {'W_layers': 5, 'W_layer_units_exponent_0': 10, 'W_layer_units_exponent_1': 9, 'W_layer_units_exponent_2': 7, 'W_layer_units_exponent_3': 5, 'W_layer_units_exponent_4': 8, 'D_layers': 3, 'D_layer_units_exponent_0': 7, 'D_layer_units_exponent_1': 5, 'D_layer_units_exponent_2': 7, 'D_dagger_layers': 3, 'D_dagger_layer_units_exponent_0': 8, 'D_dagger_layer_units_exponent_1': 7, 'D_dagger_layer_units_exponent_2': 8, 'log_learning_rate': -2.316671488449087, 'log_learning_rate_D': -3.0040521249595753, 'log_learning_rate_D_dagger': -4.504782714210562, 'training_batch_size': 11, 'training_p': 5}. Best is trial 4 with value: 0.14036637544631958.
Time for this trial:  18.450039625167847
Memory status after this trial: 
Memory allocated:  146.31640625
Memory cached:  156.0
--------------------  Trial  6   --------------------
Start timing: 
Parameters: 
{'W_layers': 3, 'W_layer_units_exponent_0': 8, 'W_layer_units_exponent_1': 5, 'W_layer_units_exponent_2': 9, 'D_layers': 6, 'D_layer_units_exponent_0': 6, 'D_layer_units_exponent_1': 6, 'D_layer_units_exponent_2': 5, 'D_layer_units_exponent_3': 9, 'D_layer_units_exponent_4': 7, 'D_layer_units_exponent_5': 4, 'D_dagger_layers': 6, 'D_dagger_layer_units_exponent_0': 10, 'D_dagger_layer_units_exponent_1': 9, 'D_dagger_layer_units_exponent_2': 5, 'D_dagger_layer_units_exponent_3': 7, 'D_dagger_layer_units_exponent_4': 10, 'D_dagger_layer_units_exponent_5': 4, 'log_learning_rate': -1.110022903073948, 'log_learning_rate_D': -3.373435724982843, 'log_learning_rate_D_dagger': -3.9286908522308, 'training_batch_size': 6, 'training_p': 5}
	 epoch  0 training error:  tensor(4.4403, device='cuda:0', grad_fn=<DivBackward0>)
Memory status after this epoch: 
Memory allocated:  11.50830078125
Memory cached:  46.0
	 epoch  10 training error:  tensor(0.7396, device='cuda:0', grad_fn=<DivBackward0>)
Memory status after this epoch: 
Memory allocated:  11.50830078125
Memory cached:  48.0
	 epoch  20 training error:  tensor(0.5224, device='cuda:0', grad_fn=<DivBackward0>)
Memory status after this epoch: 
Memory allocated:  11.50830078125
Memory cached:  48.0
	 epoch  30 training error:  tensor(0.5053, device='cuda:0', grad_fn=<DivBackward0>)
Memory status after this epoch: 
Memory allocated:  11.50830078125
Memory cached:  48.0
	 epoch  40 training error:  tensor(0.4997, device='cuda:0', grad_fn=<DivBackward0>)
Memory status after this epoch: 
Memory allocated:  11.50830078125
Memory cached:  48.0
	 epoch  50 training error:  tensor(0.5005, device='cuda:0', grad_fn=<DivBackward0>)
Memory status after this epoch: 
Memory allocated:  11.50830078125
Memory cached:  48.0
	 epoch  60 training error:  tensor(0.4967, device='cuda:0', grad_fn=<DivBackward0>)
Memory status after this epoch: 
Memory allocated:  11.50830078125
Memory cached:  48.0
	 epoch  70 training error:  tensor(0.4974, device='cuda:0', grad_fn=<DivBackward0>)
Memory status after this epoch: 
Memory allocated:  11.50830078125
Memory cached:  48.0
	 epoch  80 training error:  tensor(0.4979, device='cuda:0', grad_fn=<DivBackward0>)
Memory status after this epoch: 
Memory allocated:  11.50830078125
Memory cached:  48.0
	 epoch  90 training error:  tensor(0.5008, device='cuda:0', grad_fn=<DivBackward0>)
Memory status after this epoch: 
Memory allocated:  11.50830078125
Memory cached:  48.0
[I 2023-11-17 10:17:25,827] Trial 6 finished with value: 0.46520039439201355 and parameters: {'W_layers': 3, 'W_layer_units_exponent_0': 8, 'W_layer_units_exponent_1': 5, 'W_layer_units_exponent_2': 9, 'D_layers': 6, 'D_layer_units_exponent_0': 6, 'D_layer_units_exponent_1': 6, 'D_layer_units_exponent_2': 5, 'D_layer_units_exponent_3': 9, 'D_layer_units_exponent_4': 7, 'D_layer_units_exponent_5': 4, 'D_dagger_layers': 6, 'D_dagger_layer_units_exponent_0': 10, 'D_dagger_layer_units_exponent_1': 9, 'D_dagger_layer_units_exponent_2': 5, 'D_dagger_layer_units_exponent_3': 7, 'D_dagger_layer_units_exponent_4': 10, 'D_dagger_layer_units_exponent_5': 4, 'log_learning_rate': -1.110022903073948, 'log_learning_rate_D': -3.373435724982843, 'log_learning_rate_D_dagger': -3.9286908522308, 'training_batch_size': 6, 'training_p': 5}. Best is trial 4 with value: 0.14036637544631958.
Time for this trial:  22.3577618598938
Memory status after this trial: 
Memory allocated:  198.5068359375
Memory cached:  228.0
--------------------  Trial  7   --------------------
Start timing: 
Parameters: 
{'W_layers': 6, 'W_layer_units_exponent_0': 9, 'W_layer_units_exponent_1': 4, 'W_layer_units_exponent_2': 7, 'W_layer_units_exponent_3': 6, 'W_layer_units_exponent_4': 10, 'W_layer_units_exponent_5': 7, 'D_layers': 2, 'D_layer_units_exponent_0': 4, 'D_layer_units_exponent_1': 5, 'D_dagger_layers': 2, 'D_dagger_layer_units_exponent_0': 6, 'D_dagger_layer_units_exponent_1': 8, 'log_learning_rate': -2.9853646954614814, 'log_learning_rate_D': -3.2193040998030757, 'log_learning_rate_D_dagger': -4.535421084218197, 'training_batch_size': 12, 'training_p': 7}
	 epoch  0 training error:  tensor(1.0644, device='cuda:0', grad_fn=<DivBackward0>)
Memory status after this epoch: 
Memory allocated:  3.74609375
Memory cached:  4.0
	 epoch  10 training error:  tensor(0.2844, device='cuda:0', grad_fn=<DivBackward0>)
Memory status after this epoch: 
Memory allocated:  3.74609375
Memory cached:  6.0
	 epoch  20 training error:  tensor(0.2653, device='cuda:0', grad_fn=<DivBackward0>)
Memory status after this epoch: 
Memory allocated:  3.74609375
Memory cached:  6.0
	 epoch  30 training error:  tensor(0.2711, device='cuda:0', grad_fn=<DivBackward0>)
Memory status after this epoch: 
Memory allocated:  3.74609375
Memory cached:  6.0
	 epoch  40 training error:  tensor(0.2618, device='cuda:0', grad_fn=<DivBackward0>)
Memory status after this epoch: 
Memory allocated:  3.74609375
Memory cached:  6.0
	 epoch  50 training error:  tensor(0.2609, device='cuda:0', grad_fn=<DivBackward0>)
Memory status after this epoch: 
Memory allocated:  3.74609375
Memory cached:  6.0
	 epoch  60 training error:  tensor(0.2588, device='cuda:0', grad_fn=<DivBackward0>)
Memory status after this epoch: 
Memory allocated:  3.74609375
Memory cached:  6.0
	 epoch  70 training error:  tensor(0.2568, device='cuda:0', grad_fn=<DivBackward0>)
Memory status after this epoch: 
Memory allocated:  3.74609375
Memory cached:  6.0
	 epoch  80 training error:  tensor(0.2551, device='cuda:0', grad_fn=<DivBackward0>)
Memory status after this epoch: 
Memory allocated:  3.74609375
Memory cached:  6.0
	 epoch  90 training error:  tensor(0.2534, device='cuda:0', grad_fn=<DivBackward0>)
Memory status after this epoch: 
Memory allocated:  3.74609375
Memory cached:  6.0
[I 2023-11-17 10:17:44,163] Trial 7 finished with value: 0.18864434957504272 and parameters: {'W_layers': 6, 'W_layer_units_exponent_0': 9, 'W_layer_units_exponent_1': 4, 'W_layer_units_exponent_2': 7, 'W_layer_units_exponent_3': 6, 'W_layer_units_exponent_4': 10, 'W_layer_units_exponent_5': 7, 'D_layers': 2, 'D_layer_units_exponent_0': 4, 'D_layer_units_exponent_1': 5, 'D_dagger_layers': 2, 'D_dagger_layer_units_exponent_0': 6, 'D_dagger_layer_units_exponent_1': 8, 'log_learning_rate': -2.9853646954614814, 'log_learning_rate_D': -3.2193040998030757, 'log_learning_rate_D_dagger': -4.535421084218197, 'training_batch_size': 12, 'training_p': 7}. Best is trial 4 with value: 0.14036637544631958.
Time for this trial:  18.248074293136597
Memory status after this trial: 
Memory allocated:  121.3369140625
Memory cached:  142.0
--------------------  Trial  8   --------------------
Start timing: 
Parameters: 
{'W_layers': 4, 'W_layer_units_exponent_0': 8, 'W_layer_units_exponent_1': 5, 'W_layer_units_exponent_2': 4, 'W_layer_units_exponent_3': 8, 'D_layers': 2, 'D_layer_units_exponent_0': 5, 'D_layer_units_exponent_1': 6, 'D_dagger_layers': 8, 'D_dagger_layer_units_exponent_0': 4, 'D_dagger_layer_units_exponent_1': 7, 'D_dagger_layer_units_exponent_2': 9, 'D_dagger_layer_units_exponent_3': 5, 'D_dagger_layer_units_exponent_4': 10, 'D_dagger_layer_units_exponent_5': 6, 'D_dagger_layer_units_exponent_6': 4, 'D_dagger_layer_units_exponent_7': 4, 'log_learning_rate': -2.1281627850341094, 'log_learning_rate_D': -3.513138973581833, 'log_learning_rate_D_dagger': -4.732853806527475, 'training_batch_size': 7, 'training_p': 3}
	 epoch  0 training error:  tensor(0.9951, device='cuda:0', grad_fn=<DivBackward0>)
Memory status after this epoch: 
Memory allocated:  3.22265625
Memory cached:  12.0
	 epoch  10 training error:  tensor(0.2258, device='cuda:0', grad_fn=<DivBackward0>)
Memory status after this epoch: 
Memory allocated:  3.22265625
Memory cached:  14.0
	 epoch  20 training error:  tensor(0.2084, device='cuda:0', grad_fn=<DivBackward0>)
Memory status after this epoch: 
Memory allocated:  3.22265625
Memory cached:  14.0
	 epoch  30 training error:  tensor(0.2094, device='cuda:0', grad_fn=<DivBackward0>)
Memory status after this epoch: 
Memory allocated:  3.22265625
Memory cached:  14.0
	 epoch  40 training error:  tensor(0.2085, device='cuda:0', grad_fn=<DivBackward0>)
Memory status after this epoch: 
Memory allocated:  3.22265625
Memory cached:  14.0
	 epoch  50 training error:  tensor(0.2075, device='cuda:0', grad_fn=<DivBackward0>)
Memory status after this epoch: 
Memory allocated:  3.22265625
Memory cached:  14.0
	 epoch  60 training error:  tensor(0.2069, device='cuda:0', grad_fn=<DivBackward0>)
Memory status after this epoch: 
Memory allocated:  3.22265625
Memory cached:  14.0
	 epoch  70 training error:  tensor(0.2067, device='cuda:0', grad_fn=<DivBackward0>)
Memory status after this epoch: 
Memory allocated:  3.22265625
Memory cached:  14.0
	 epoch  80 training error:  tensor(0.2063, device='cuda:0', grad_fn=<DivBackward0>)
Memory status after this epoch: 
Memory allocated:  3.22265625
Memory cached:  14.0
	 epoch  90 training error:  tensor(0.2058, device='cuda:0', grad_fn=<DivBackward0>)
Memory status after this epoch: 
Memory allocated:  3.22265625
Memory cached:  14.0
[I 2023-11-17 10:18:03,248] Trial 8 finished with value: 0.1901579350233078 and parameters: {'W_layers': 4, 'W_layer_units_exponent_0': 8, 'W_layer_units_exponent_1': 5, 'W_layer_units_exponent_2': 4, 'W_layer_units_exponent_3': 8, 'D_layers': 2, 'D_layer_units_exponent_0': 5, 'D_layer_units_exponent_1': 6, 'D_dagger_layers': 8, 'D_dagger_layer_units_exponent_0': 4, 'D_dagger_layer_units_exponent_1': 7, 'D_dagger_layer_units_exponent_2': 9, 'D_dagger_layer_units_exponent_3': 5, 'D_dagger_layer_units_exponent_4': 10, 'D_dagger_layer_units_exponent_5': 6, 'D_dagger_layer_units_exponent_6': 4, 'D_dagger_layer_units_exponent_7': 4, 'log_learning_rate': -2.1281627850341094, 'log_learning_rate_D': -3.513138973581833, 'log_learning_rate_D_dagger': -4.732853806527475, 'training_batch_size': 7, 'training_p': 3}. Best is trial 4 with value: 0.14036637544631958.
Time for this trial:  19.00445532798767
Memory status after this trial: 
Memory allocated:  130.5654296875
Memory cached:  138.0
--------------------  Trial  9   --------------------
Start timing: 
Parameters: 
{'W_layers': 8, 'W_layer_units_exponent_0': 8, 'W_layer_units_exponent_1': 7, 'W_layer_units_exponent_2': 6, 'W_layer_units_exponent_3': 4, 'W_layer_units_exponent_4': 4, 'W_layer_units_exponent_5': 8, 'W_layer_units_exponent_6': 7, 'W_layer_units_exponent_7': 5, 'D_layers': 5, 'D_layer_units_exponent_0': 6, 'D_layer_units_exponent_1': 7, 'D_layer_units_exponent_2': 6, 'D_layer_units_exponent_3': 6, 'D_layer_units_exponent_4': 5, 'D_dagger_layers': 3, 'D_dagger_layer_units_exponent_0': 10, 'D_dagger_layer_units_exponent_1': 9, 'D_dagger_layer_units_exponent_2': 8, 'log_learning_rate': -3.7140927252503375, 'log_learning_rate_D': -4.8582029438577425, 'log_learning_rate_D_dagger': -2.990538470664248, 'training_batch_size': 7, 'training_p': 5}
	 epoch  0 training error:  tensor(1.0066, device='cuda:0', grad_fn=<DivBackward0>)
Memory status after this epoch: 
Memory allocated:  11.58935546875
Memory cached:  44.0
	 epoch  10 training error:  tensor(0.4889, device='cuda:0', grad_fn=<DivBackward0>)
Memory status after this epoch: 
Memory allocated:  11.58935546875
Memory cached:  46.0
	 epoch  20 training error:  tensor(0.3255, device='cuda:0', grad_fn=<DivBackward0>)
Memory status after this epoch: 
Memory allocated:  11.58935546875
Memory cached:  44.0
	 epoch  30 training error:  tensor(0.2151, device='cuda:0', grad_fn=<DivBackward0>)
Memory status after this epoch: 
Memory allocated:  11.58935546875
Memory cached:  44.0
	 epoch  40 training error:  tensor(0.1806, device='cuda:0', grad_fn=<DivBackward0>)
Memory status after this epoch: 
Memory allocated:  11.58935546875
Memory cached:  46.0
	 epoch  50 training error:  tensor(0.2013, device='cuda:0', grad_fn=<DivBackward0>)
Memory status after this epoch: 
Memory allocated:  11.58935546875
Memory cached:  46.0
	 epoch  60 training error:  tensor(0.1921, device='cuda:0', grad_fn=<DivBackward0>)
Memory status after this epoch: 
Memory allocated:  11.58935546875
Memory cached:  44.0
	 epoch  70 training error:  tensor(0.1744, device='cuda:0', grad_fn=<DivBackward0>)
Memory status after this epoch: 
Memory allocated:  11.58935546875
Memory cached:  48.0
	 epoch  80 training error:  tensor(0.1731, device='cuda:0', grad_fn=<DivBackward0>)
Memory status after this epoch: 
Memory allocated:  11.58935546875
Memory cached:  46.0
	 epoch  90 training error:  tensor(0.1720, device='cuda:0', grad_fn=<DivBackward0>)
Memory status after this epoch: 
Memory allocated:  11.58935546875
Memory cached:  44.0
[I 2023-11-17 10:18:21,519] Trial 9 finished with value: 0.13405199348926544 and parameters: {'W_layers': 8, 'W_layer_units_exponent_0': 8, 'W_layer_units_exponent_1': 7, 'W_layer_units_exponent_2': 6, 'W_layer_units_exponent_3': 4, 'W_layer_units_exponent_4': 4, 'W_layer_units_exponent_5': 8, 'W_layer_units_exponent_6': 7, 'W_layer_units_exponent_7': 5, 'D_layers': 5, 'D_layer_units_exponent_0': 6, 'D_layer_units_exponent_1': 7, 'D_layer_units_exponent_2': 6, 'D_layer_units_exponent_3': 6, 'D_layer_units_exponent_4': 5, 'D_dagger_layers': 3, 'D_dagger_layer_units_exponent_0': 10, 'D_dagger_layer_units_exponent_1': 9, 'D_dagger_layer_units_exponent_2': 8, 'log_learning_rate': -3.7140927252503375, 'log_learning_rate_D': -4.8582029438577425, 'log_learning_rate_D_dagger': -2.990538470664248, 'training_batch_size': 7, 'training_p': 5}. Best is trial 9 with value: 0.13405199348926544.
Time for this trial:  18.190834045410156
Memory status after this trial: 
Memory allocated:  151.423828125
Memory cached:  178.0
--------------------  Trial  10   --------------------
Start timing: 
Parameters: 
{'W_layers': 8, 'W_layer_units_exponent_0': 4, 'W_layer_units_exponent_1': 6, 'W_layer_units_exponent_2': 4, 'W_layer_units_exponent_3': 10, 'W_layer_units_exponent_4': 4, 'W_layer_units_exponent_5': 10, 'W_layer_units_exponent_6': 8, 'W_layer_units_exponent_7': 5, 'D_layers': 8, 'D_layer_units_exponent_0': 10, 'D_layer_units_exponent_1': 10, 'D_layer_units_exponent_2': 9, 'D_layer_units_exponent_3': 6, 'D_layer_units_exponent_4': 4, 'D_layer_units_exponent_5': 10, 'D_layer_units_exponent_6': 8, 'D_layer_units_exponent_7': 4, 'D_dagger_layers': 2, 'D_dagger_layer_units_exponent_0': 10, 'D_dagger_layer_units_exponent_1': 5, 'log_learning_rate': -4.785477172177071, 'log_learning_rate_D': -1.1612184041915588, 'log_learning_rate_D_dagger': -2.9774807201178595, 'training_batch_size': 8, 'training_p': 4}
	 epoch  0 training error:  tensor(0.9271, device='cuda:0', grad_fn=<DivBackward0>)
Memory status after this epoch: 
Memory allocated:  12.87255859375
Memory cached:  32.0
	 epoch  10 training error:  tensor(0.4962, device='cuda:0', grad_fn=<DivBackward0>)
Memory status after this epoch: 
Memory allocated:  12.87255859375
Memory cached:  34.0
	 epoch  20 training error:  tensor(0.4629, device='cuda:0', grad_fn=<DivBackward0>)
Memory status after this epoch: 
Memory allocated:  12.87255859375
Memory cached:  34.0
	 epoch  30 training error:  tensor(0.4310, device='cuda:0', grad_fn=<DivBackward0>)
Memory status after this epoch: 
Memory allocated:  12.87255859375
Memory cached:  34.0
	 epoch  40 training error:  tensor(0.3850, device='cuda:0', grad_fn=<DivBackward0>)
Memory status after this epoch: 
Memory allocated:  12.87255859375
Memory cached:  34.0
	 epoch  50 training error:  tensor(0.3505, device='cuda:0', grad_fn=<DivBackward0>)
Memory status after this epoch: 
Memory allocated:  12.87255859375
Memory cached:  34.0
	 epoch  60 training error:  tensor(0.3174, device='cuda:0', grad_fn=<DivBackward0>)
Memory status after this epoch: 
Memory allocated:  12.87255859375
Memory cached:  34.0
	 epoch  70 training error:  tensor(0.2788, device='cuda:0', grad_fn=<DivBackward0>)
Memory status after this epoch: 
Memory allocated:  12.87255859375
Memory cached:  34.0
	 epoch  80 training error:  tensor(0.2339, device='cuda:0', grad_fn=<DivBackward0>)
Memory status after this epoch: 
Memory allocated:  12.87255859375
Memory cached:  34.0
	 epoch  90 training error:  tensor(0.1966, device='cuda:0', grad_fn=<DivBackward0>)
Memory status after this epoch: 
Memory allocated:  12.87255859375
Memory cached:  34.0
[I 2023-11-17 10:18:40,483] Trial 10 finished with value: 0.14392594993114471 and parameters: {'W_layers': 8, 'W_layer_units_exponent_0': 4, 'W_layer_units_exponent_1': 6, 'W_layer_units_exponent_2': 4, 'W_layer_units_exponent_3': 10, 'W_layer_units_exponent_4': 4, 'W_layer_units_exponent_5': 10, 'W_layer_units_exponent_6': 8, 'W_layer_units_exponent_7': 5, 'D_layers': 8, 'D_layer_units_exponent_0': 10, 'D_layer_units_exponent_1': 10, 'D_layer_units_exponent_2': 9, 'D_layer_units_exponent_3': 6, 'D_layer_units_exponent_4': 4, 'D_layer_units_exponent_5': 10, 'D_layer_units_exponent_6': 8, 'D_layer_units_exponent_7': 4, 'D_dagger_layers': 2, 'D_dagger_layer_units_exponent_0': 10, 'D_dagger_layer_units_exponent_1': 5, 'log_learning_rate': -4.785477172177071, 'log_learning_rate_D': -1.1612184041915588, 'log_learning_rate_D_dagger': -2.9774807201178595, 'training_batch_size': 8, 'training_p': 4}. Best is trial 9 with value: 0.13405199348926544.
Time for this trial:  18.774989128112793
Memory status after this trial: 
Memory allocated:  192.4990234375
Memory cached:  224.0
--------------------  Trial  11   --------------------
Start timing: 
Parameters: 
{'W_layers': 8, 'W_layer_units_exponent_0': 7, 'W_layer_units_exponent_1': 7, 'W_layer_units_exponent_2': 6, 'W_layer_units_exponent_3': 4, 'W_layer_units_exponent_4': 4, 'W_layer_units_exponent_5': 9, 'W_layer_units_exponent_6': 4, 'W_layer_units_exponent_7': 10, 'D_layers': 8, 'D_layer_units_exponent_0': 9, 'D_layer_units_exponent_1': 4, 'D_layer_units_exponent_2': 8, 'D_layer_units_exponent_3': 10, 'D_layer_units_exponent_4': 4, 'D_layer_units_exponent_5': 10, 'D_layer_units_exponent_6': 4, 'D_layer_units_exponent_7': 10, 'D_dagger_layers': 4, 'D_dagger_layer_units_exponent_0': 5, 'D_dagger_layer_units_exponent_1': 4, 'D_dagger_layer_units_exponent_2': 7, 'D_dagger_layer_units_exponent_3': 8, 'log_learning_rate': -3.7858287182489194, 'log_learning_rate_D': -4.91803706518486, 'log_learning_rate_D_dagger': -2.627437457326905, 'training_batch_size': 6, 'training_p': 8}
	 epoch  0 training error:  tensor(0.9706, device='cuda:0', grad_fn=<DivBackward0>)
Memory status after this epoch: 
Memory allocated:  2.953125
Memory cached:  12.0
	 epoch  10 training error:  tensor(0.5014, device='cuda:0', grad_fn=<DivBackward0>)
Memory status after this epoch: 
Memory allocated:  2.953125
Memory cached:  14.0
	 epoch  20 training error:  tensor(0.2626, device='cuda:0', grad_fn=<DivBackward0>)
Memory status after this epoch: 
Memory allocated:  2.953125
Memory cached:  10.0
	 epoch  30 training error:  tensor(0.2475, device='cuda:0', grad_fn=<DivBackward0>)
Memory status after this epoch: 
Memory allocated:  2.953125
Memory cached:  14.0
	 epoch  40 training error:  tensor(0.2334, device='cuda:0', grad_fn=<DivBackward0>)
Memory status after this epoch: 
Memory allocated:  2.953125
Memory cached:  14.0
	 epoch  50 training error:  tensor(0.2352, device='cuda:0', grad_fn=<DivBackward0>)
Memory status after this epoch: 
Memory allocated:  2.953125
Memory cached:  14.0
	 epoch  60 training error:  tensor(0.2144, device='cuda:0', grad_fn=<DivBackward0>)
Memory status after this epoch: 
Memory allocated:  2.953125
Memory cached:  16.0
	 epoch  70 training error:  tensor(0.2142, device='cuda:0', grad_fn=<DivBackward0>)
Memory status after this epoch: 
Memory allocated:  2.953125
Memory cached:  12.0
	 epoch  80 training error:  tensor(0.2111, device='cuda:0', grad_fn=<DivBackward0>)
Memory status after this epoch: 
Memory allocated:  2.953125
Memory cached:  12.0
	 epoch  90 training error:  tensor(0.2112, device='cuda:0', grad_fn=<DivBackward0>)
Memory status after this epoch: 
Memory allocated:  2.953125
Memory cached:  14.0
