[I 2023-11-16 02:42:39,116] Trial 37 finished with value: 0.031989529728889465 and parameters: {'W_layers': 5, 'W_layer_units_exponent_0': 5, 'W_layer_units_exponent_1': 6, 'W_layer_units_exponent_2': 6, 'W_layer_units_exponent_3': 5, 'W_layer_units_exponent_4': 9, 'D_layers': 7, 'D_layer_units_exponent_0': 8, 'D_layer_units_exponent_1': 6, 'D_layer_units_exponent_2': 7, 'D_layer_units_exponent_3': 10, 'D_layer_units_exponent_4': 8, 'D_layer_units_exponent_5': 4, 'D_layer_units_exponent_6': 10, 'log_learning_rate': -3.7552885537804483, 'log_learning_rate_D': -4.709609892162721, 'training_batch_size': 10, 'training_p': 7}. Best is trial 22 with value: 0.03143644332885742.
Time for this trial:  176.65248155593872
Memory status after this trial: 
Memory allocated:  981.38134765625
Memory cached:  994.0
--------------------  Trial  38   --------------------
Start timing: 
Parameters: 
{'W_layers': 4, 'W_layer_units_exponent_0': 7, 'W_layer_units_exponent_1': 9, 'W_layer_units_exponent_2': 7, 'W_layer_units_exponent_3': 6, 'D_layers': 5, 'D_layer_units_exponent_0': 8, 'D_layer_units_exponent_1': 9, 'D_layer_units_exponent_2': 4, 'D_layer_units_exponent_3': 9, 'D_layer_units_exponent_4': 5, 'log_learning_rate': -2.6943372562720542, 'log_learning_rate_D': -4.499642237888373, 'training_batch_size': 8, 'training_p': 5}
	 epoch  0 training error:  tensor(1.0330, device='cuda:0', grad_fn=<DivBackward0>)
	 epoch  0 test error:  tensor(4.0617, device='cuda:0', grad_fn=<DivBackward0>)
Memory status after this epoch: 
Memory allocated:  439.4072265625
Memory cached:  728.0
	 epoch  10 training error:  tensor(2.4919, device='cuda:0', grad_fn=<DivBackward0>)
	 epoch  10 test error:  tensor(0.1315, device='cuda:0', grad_fn=<DivBackward0>)
Memory status after this epoch: 
Memory allocated:  438.6572265625
Memory cached:  854.0
	 epoch  20 training error:  tensor(0.8395, device='cuda:0', grad_fn=<DivBackward0>)
	 epoch  20 test error:  tensor(0.0674, device='cuda:0', grad_fn=<DivBackward0>)
Memory status after this epoch: 
Memory allocated:  439.4072265625
Memory cached:  854.0
	 epoch  30 training error:  tensor(0.9384, device='cuda:0', grad_fn=<DivBackward0>)
	 epoch  30 test error:  tensor(0.0691, device='cuda:0', grad_fn=<DivBackward0>)
Memory status after this epoch: 
Memory allocated:  438.6572265625
Memory cached:  854.0
	 epoch  40 training error:  tensor(0.8320, device='cuda:0', grad_fn=<DivBackward0>)
	 epoch  40 test error:  tensor(0.0677, device='cuda:0', grad_fn=<DivBackward0>)
Memory status after this epoch: 
Memory allocated:  439.4072265625
Memory cached:  854.0
	 epoch  50 training error:  tensor(0.8221, device='cuda:0', grad_fn=<DivBackward0>)
	 epoch  50 test error:  tensor(0.0677, device='cuda:0', grad_fn=<DivBackward0>)
Memory status after this epoch: 
Memory allocated:  438.6572265625
Memory cached:  856.0
	 epoch  60 training error:  tensor(0.7859, device='cuda:0', grad_fn=<DivBackward0>)
	 epoch  60 test error:  tensor(0.0633, device='cuda:0', grad_fn=<DivBackward0>)
Memory status after this epoch: 
Memory allocated:  439.4072265625
Memory cached:  854.0
	 epoch  70 training error:  tensor(0.7237, device='cuda:0', grad_fn=<DivBackward0>)
	 epoch  70 test error:  tensor(0.0591, device='cuda:0', grad_fn=<DivBackward0>)
Memory status after this epoch: 
Memory allocated:  438.6572265625
Memory cached:  854.0
	 epoch  80 training error:  tensor(0.6219, device='cuda:0', grad_fn=<DivBackward0>)
	 epoch  80 test error:  tensor(0.0515, device='cuda:0', grad_fn=<DivBackward0>)
Memory status after this epoch: 
Memory allocated:  439.4072265625
Memory cached:  856.0
	 epoch  90 training error:  tensor(0.5078, device='cuda:0', grad_fn=<DivBackward0>)
	 epoch  90 test error:  tensor(0.0432, device='cuda:0', grad_fn=<DivBackward0>)
Memory status after this epoch: 
Memory allocated:  438.6572265625
Memory cached:  854.0
[I 2023-11-16 02:45:05,132] Trial 38 finished with value: 0.03969420865178108 and parameters: {'W_layers': 4, 'W_layer_units_exponent_0': 7, 'W_layer_units_exponent_1': 9, 'W_layer_units_exponent_2': 7, 'W_layer_units_exponent_3': 6, 'D_layers': 5, 'D_layer_units_exponent_0': 8, 'D_layer_units_exponent_1': 9, 'D_layer_units_exponent_2': 4, 'D_layer_units_exponent_3': 9, 'D_layer_units_exponent_4': 5, 'log_learning_rate': -2.6943372562720542, 'log_learning_rate_D': -4.499642237888373, 'training_batch_size': 8, 'training_p': 5}. Best is trial 22 with value: 0.03143644332885742.
Time for this trial:  145.73384499549866
Memory status after this trial: 
Memory allocated:  841.54345703125
Memory cached:  854.0
--------------------  Trial  39   --------------------
Start timing: 
Parameters: 
{'W_layers': 2, 'W_layer_units_exponent_0': 6, 'W_layer_units_exponent_1': 7, 'D_layers': 6, 'D_layer_units_exponent_0': 10, 'D_layer_units_exponent_1': 7, 'D_layer_units_exponent_2': 8, 'D_layer_units_exponent_3': 8, 'D_layer_units_exponent_4': 9, 'D_layer_units_exponent_5': 8, 'log_learning_rate': -2.9749553363842107, 'log_learning_rate_D': -3.8446908449370474, 'training_batch_size': 11, 'training_p': 5}
	 epoch  0 training error:  tensor(2.0610, device='cuda:0', grad_fn=<DivBackward0>)
	 epoch  0 test error:  tensor(0.8011, device='cuda:0', grad_fn=<DivBackward0>)
Memory status after this epoch: 
Memory allocated:  465.6943359375
Memory cached:  740.0
	 epoch  10 training error:  tensor(2.1401, device='cuda:0', grad_fn=<DivBackward0>)
	 epoch  10 test error:  tensor(0.1301, device='cuda:0', grad_fn=<DivBackward0>)
Memory status after this epoch: 
Memory allocated:  466.4443359375
Memory cached:  904.0
	 epoch  20 training error:  tensor(1.0152, device='cuda:0', grad_fn=<DivBackward0>)
	 epoch  20 test error:  tensor(0.1047, device='cuda:0', grad_fn=<DivBackward0>)
Memory status after this epoch: 
Memory allocated:  465.6943359375
Memory cached:  904.0
	 epoch  30 training error:  tensor(0.6958, device='cuda:0', grad_fn=<DivBackward0>)
	 epoch  30 test error:  tensor(0.0514, device='cuda:0', grad_fn=<DivBackward0>)
Memory status after this epoch: 
Memory allocated:  466.4443359375
Memory cached:  904.0
	 epoch  40 training error:  tensor(0.5107, device='cuda:0', grad_fn=<DivBackward0>)
	 epoch  40 test error:  tensor(0.0331, device='cuda:0', grad_fn=<DivBackward0>)
Memory status after this epoch: 
Memory allocated:  465.6943359375
Memory cached:  904.0
	 epoch  50 training error:  tensor(0.4484, device='cuda:0', grad_fn=<DivBackward0>)
	 epoch  50 test error:  tensor(0.0460, device='cuda:0', grad_fn=<DivBackward0>)
Memory status after this epoch: 
Memory allocated:  466.4443359375
Memory cached:  906.0
	 epoch  60 training error:  tensor(0.4217, device='cuda:0', grad_fn=<DivBackward0>)
	 epoch  60 test error:  tensor(0.0332, device='cuda:0', grad_fn=<DivBackward0>)
Memory status after this epoch: 
Memory allocated:  465.6943359375
Memory cached:  906.0
	 epoch  70 training error:  tensor(0.3834, device='cuda:0', grad_fn=<DivBackward0>)
	 epoch  70 test error:  tensor(0.0325, device='cuda:0', grad_fn=<DivBackward0>)
Memory status after this epoch: 
Memory allocated:  466.4443359375
Memory cached:  906.0
	 epoch  80 training error:  tensor(0.3659, device='cuda:0', grad_fn=<DivBackward0>)
	 epoch  80 test error:  tensor(0.0315, device='cuda:0', grad_fn=<DivBackward0>)
Memory status after this epoch: 
Memory allocated:  465.6943359375
Memory cached:  908.0
	 epoch  90 training error:  tensor(0.3586, device='cuda:0', grad_fn=<DivBackward0>)
	 epoch  90 test error:  tensor(0.0324, device='cuda:0', grad_fn=<DivBackward0>)
Memory status after this epoch: 
Memory allocated:  466.4443359375
Memory cached:  908.0
[I 2023-11-16 02:47:25,892] Trial 39 finished with value: 0.031758811324834824 and parameters: {'W_layers': 2, 'W_layer_units_exponent_0': 6, 'W_layer_units_exponent_1': 7, 'D_layers': 6, 'D_layer_units_exponent_0': 10, 'D_layer_units_exponent_1': 7, 'D_layer_units_exponent_2': 8, 'D_layer_units_exponent_3': 8, 'D_layer_units_exponent_4': 9, 'D_layer_units_exponent_5': 8, 'log_learning_rate': -2.9749553363842107, 'log_learning_rate_D': -3.8446908449370474, 'training_batch_size': 11, 'training_p': 5}. Best is trial 22 with value: 0.03143644332885742.
Time for this trial:  140.50352454185486
Memory status after this trial: 
Memory allocated:  891.09423828125
Memory cached:  908.0
--------------------  Trial  40   --------------------
Start timing: 
Parameters: 
{'W_layers': 3, 'W_layer_units_exponent_0': 8, 'W_layer_units_exponent_1': 8, 'W_layer_units_exponent_2': 8, 'D_layers': 5, 'D_layer_units_exponent_0': 5, 'D_layer_units_exponent_1': 8, 'D_layer_units_exponent_2': 8, 'D_layer_units_exponent_3': 10, 'D_layer_units_exponent_4': 6, 'log_learning_rate': -3.3065499877655378, 'log_learning_rate_D': -4.204962958382478, 'training_batch_size': 9, 'training_p': 8}
	 epoch  0 training error:  tensor(1.4426, device='cuda:0', grad_fn=<DivBackward0>)
	 epoch  0 test error:  tensor(1.8861, device='cuda:0', grad_fn=<DivBackward0>)
Memory status after this epoch: 
Memory allocated:  455.39892578125
Memory cached:  744.0
	 epoch  10 training error:  tensor(2.3407, device='cuda:0', grad_fn=<DivBackward0>)
	 epoch  10 test error:  tensor(0.2593, device='cuda:0', grad_fn=<DivBackward0>)
Memory status after this epoch: 
Memory allocated:  454.64892578125
Memory cached:  882.0
	 epoch  20 training error:  tensor(1.1589, device='cuda:0', grad_fn=<DivBackward0>)
	 epoch  20 test error:  tensor(0.0626, device='cuda:0', grad_fn=<DivBackward0>)
Memory status after this epoch: 
Memory allocated:  455.39892578125
Memory cached:  882.0
	 epoch  30 training error:  tensor(0.7467, device='cuda:0', grad_fn=<DivBackward0>)
	 epoch  30 test error:  tensor(0.0566, device='cuda:0', grad_fn=<DivBackward0>)
Memory status after this epoch: 
Memory allocated:  454.64892578125
Memory cached:  882.0
	 epoch  40 training error:  tensor(0.4014, device='cuda:0', grad_fn=<DivBackward0>)
	 epoch  40 test error:  tensor(0.0356, device='cuda:0', grad_fn=<DivBackward0>)
Memory status after this epoch: 
Memory allocated:  455.39892578125
Memory cached:  882.0
	 epoch  50 training error:  tensor(0.3625, device='cuda:0', grad_fn=<DivBackward0>)
	 epoch  50 test error:  tensor(0.0315, device='cuda:0', grad_fn=<DivBackward0>)
Memory status after this epoch: 
Memory allocated:  454.64892578125
Memory cached:  884.0
	 epoch  60 training error:  tensor(0.3401, device='cuda:0', grad_fn=<DivBackward0>)
	 epoch  60 test error:  tensor(0.0317, device='cuda:0', grad_fn=<DivBackward0>)
Memory status after this epoch: 
Memory allocated:  455.39892578125
Memory cached:  886.0
	 epoch  70 training error:  tensor(0.3362, device='cuda:0', grad_fn=<DivBackward0>)
	 epoch  70 test error:  tensor(0.0321, device='cuda:0', grad_fn=<DivBackward0>)
Memory status after this epoch: 
Memory allocated:  454.64892578125
Memory cached:  886.0
	 epoch  80 training error:  tensor(0.3345, device='cuda:0', grad_fn=<DivBackward0>)
	 epoch  80 test error:  tensor(0.0322, device='cuda:0', grad_fn=<DivBackward0>)
Memory status after this epoch: 
Memory allocated:  455.39892578125
Memory cached:  888.0
	 epoch  90 training error:  tensor(0.3324, device='cuda:0', grad_fn=<DivBackward0>)
	 epoch  90 test error:  tensor(0.0318, device='cuda:0', grad_fn=<DivBackward0>)
Memory status after this epoch: 
Memory allocated:  454.64892578125
Memory cached:  888.0
[I 2023-11-16 02:49:46,030] Trial 40 finished with value: 0.031564053148031235 and parameters: {'W_layers': 3, 'W_layer_units_exponent_0': 8, 'W_layer_units_exponent_1': 8, 'W_layer_units_exponent_2': 8, 'D_layers': 5, 'D_layer_units_exponent_0': 5, 'D_layer_units_exponent_1': 8, 'D_layer_units_exponent_2': 8, 'D_layer_units_exponent_3': 10, 'D_layer_units_exponent_4': 6, 'log_learning_rate': -3.3065499877655378, 'log_learning_rate_D': -4.204962958382478, 'training_batch_size': 9, 'training_p': 8}. Best is trial 22 with value: 0.03143644332885742.
Time for this trial:  139.87654209136963
Memory status after this trial: 
Memory allocated:  868.26806640625
Memory cached:  886.0
--------------------  Trial  41   --------------------
Start timing: 
Parameters: 
{'W_layers': 4, 'W_layer_units_exponent_0': 6, 'W_layer_units_exponent_1': 7, 'W_layer_units_exponent_2': 7, 'W_layer_units_exponent_3': 8, 'D_layers': 4, 'D_layer_units_exponent_0': 7, 'D_layer_units_exponent_1': 8, 'D_layer_units_exponent_2': 8, 'D_layer_units_exponent_3': 9, 'log_learning_rate': -3.350423166071998, 'log_learning_rate_D': -4.401744724499052, 'training_batch_size': 9, 'training_p': 8}
	 epoch  0 training error:  tensor(3.2600, device='cuda:0', grad_fn=<DivBackward0>)
	 epoch  0 test error:  tensor(0.2640, device='cuda:0', grad_fn=<DivBackward0>)
Memory status after this epoch: 
Memory allocated:  415.2548828125
Memory cached:  688.0
	 epoch  10 training error:  tensor(2.1835, device='cuda:0', grad_fn=<DivBackward0>)
	 epoch  10 test error:  tensor(0.1772, device='cuda:0', grad_fn=<DivBackward0>)
Memory status after this epoch: 
Memory allocated:  416.0048828125
Memory cached:  806.0
	 epoch  20 training error:  tensor(1.2272, device='cuda:0', grad_fn=<DivBackward0>)
	 epoch  20 test error:  tensor(0.0863, device='cuda:0', grad_fn=<DivBackward0>)
Memory status after this epoch: 
Memory allocated:  415.2548828125
Memory cached:  806.0
	 epoch  30 training error:  tensor(0.8597, device='cuda:0', grad_fn=<DivBackward0>)
	 epoch  30 test error:  tensor(0.0749, device='cuda:0', grad_fn=<DivBackward0>)
Memory status after this epoch: 
Memory allocated:  416.0048828125
Memory cached:  806.0
	 epoch  40 training error:  tensor(0.8342, device='cuda:0', grad_fn=<DivBackward0>)
	 epoch  40 test error:  tensor(0.0700, device='cuda:0', grad_fn=<DivBackward0>)
Memory status after this epoch: 
Memory allocated:  415.2548828125
Memory cached:  806.0
	 epoch  50 training error:  tensor(0.6363, device='cuda:0', grad_fn=<DivBackward0>)
	 epoch  50 test error:  tensor(0.0547, device='cuda:0', grad_fn=<DivBackward0>)
Memory status after this epoch: 
Memory allocated:  416.0048828125
Memory cached:  806.0
	 epoch  60 training error:  tensor(0.4309, device='cuda:0', grad_fn=<DivBackward0>)
	 epoch  60 test error:  tensor(0.0363, device='cuda:0', grad_fn=<DivBackward0>)
Memory status after this epoch: 
Memory allocated:  415.2548828125
Memory cached:  808.0
	 epoch  70 training error:  tensor(0.3789, device='cuda:0', grad_fn=<DivBackward0>)
	 epoch  70 test error:  tensor(0.0345, device='cuda:0', grad_fn=<DivBackward0>)
Memory status after this epoch: 
Memory allocated:  416.0048828125
Memory cached:  810.0
	 epoch  80 training error:  tensor(0.3514, device='cuda:0', grad_fn=<DivBackward0>)
	 epoch  80 test error:  tensor(0.0321, device='cuda:0', grad_fn=<DivBackward0>)
Memory status after this epoch: 
Memory allocated:  415.2548828125
Memory cached:  810.0
	 epoch  90 training error:  tensor(0.3421, device='cuda:0', grad_fn=<DivBackward0>)
	 epoch  90 test error:  tensor(0.0323, device='cuda:0', grad_fn=<DivBackward0>)
Memory status after this epoch: 
Memory allocated:  416.0048828125
Memory cached:  808.0
[I 2023-11-16 02:52:01,115] Trial 41 finished with value: 0.03143104538321495 and parameters: {'W_layers': 4, 'W_layer_units_exponent_0': 6, 'W_layer_units_exponent_1': 7, 'W_layer_units_exponent_2': 7, 'W_layer_units_exponent_3': 8, 'D_layers': 4, 'D_layer_units_exponent_0': 7, 'D_layer_units_exponent_1': 8, 'D_layer_units_exponent_2': 8, 'D_layer_units_exponent_3': 9, 'log_learning_rate': -3.350423166071998, 'log_learning_rate_D': -4.401744724499052, 'training_batch_size': 9, 'training_p': 8}. Best is trial 41 with value: 0.03143104538321495.
Time for this trial:  134.78679656982422
Memory status after this trial: 
Memory allocated:  795.12255859375
Memory cached:  806.0
--------------------  Trial  42   --------------------
Start timing: 
Parameters: 
{'W_layers': 3, 'W_layer_units_exponent_0': 5, 'W_layer_units_exponent_1': 7, 'W_layer_units_exponent_2': 8, 'D_layers': 4, 'D_layer_units_exponent_0': 7, 'D_layer_units_exponent_1': 8, 'D_layer_units_exponent_2': 7, 'D_layer_units_exponent_3': 9, 'log_learning_rate': -3.074409080520557, 'log_learning_rate_D': -4.779911257185126, 'training_batch_size': 9, 'training_p': 8}
	 epoch  0 training error:  tensor(3.3128, device='cuda:0', grad_fn=<DivBackward0>)
	 epoch  0 test error:  tensor(0.7342, device='cuda:0', grad_fn=<DivBackward0>)
Memory status after this epoch: 
Memory allocated:  398.8759765625
Memory cached:  688.0
	 epoch  10 training error:  tensor(3.1124, device='cuda:0', grad_fn=<DivBackward0>)
	 epoch  10 test error:  tensor(0.2256, device='cuda:0', grad_fn=<DivBackward0>)
Memory status after this epoch: 
Memory allocated:  398.1259765625
Memory cached:  774.0
	 epoch  20 training error:  tensor(2.9013, device='cuda:0', grad_fn=<DivBackward0>)
	 epoch  20 test error:  tensor(0.2387, device='cuda:0', grad_fn=<DivBackward0>)
Memory status after this epoch: 
Memory allocated:  398.8759765625
Memory cached:  774.0
	 epoch  30 training error:  tensor(0.9701, device='cuda:0', grad_fn=<DivBackward0>)
	 epoch  30 test error:  tensor(0.0962, device='cuda:0', grad_fn=<DivBackward0>)
Memory status after this epoch: 
Memory allocated:  398.1259765625
Memory cached:  774.0
	 epoch  40 training error:  tensor(0.5976, device='cuda:0', grad_fn=<DivBackward0>)
	 epoch  40 test error:  tensor(0.0790, device='cuda:0', grad_fn=<DivBackward0>)
Memory status after this epoch: 
Memory allocated:  398.8759765625
Memory cached:  774.0
	 epoch  50 training error:  tensor(0.5205, device='cuda:0', grad_fn=<DivBackward0>)
	 epoch  50 test error:  tensor(0.0516, device='cuda:0', grad_fn=<DivBackward0>)
Memory status after this epoch: 
Memory allocated:  398.1259765625
Memory cached:  774.0
	 epoch  60 training error:  tensor(0.6144, device='cuda:0', grad_fn=<DivBackward0>)
	 epoch  60 test error:  tensor(0.0431, device='cuda:0', grad_fn=<DivBackward0>)
Memory status after this epoch: 
Memory allocated:  398.8759765625
Memory cached:  774.0
	 epoch  70 training error:  tensor(0.4809, device='cuda:0', grad_fn=<DivBackward0>)
	 epoch  70 test error:  tensor(0.0503, device='cuda:0', grad_fn=<DivBackward0>)
Memory status after this epoch: 
Memory allocated:  398.1259765625
Memory cached:  774.0
	 epoch  80 training error:  tensor(0.5926, device='cuda:0', grad_fn=<DivBackward0>)
	 epoch  80 test error:  tensor(0.0401, device='cuda:0', grad_fn=<DivBackward0>)
Memory status after this epoch: 
Memory allocated:  398.8759765625
Memory cached:  774.0
	 epoch  90 training error:  tensor(0.5125, device='cuda:0', grad_fn=<DivBackward0>)
	 epoch  90 test error:  tensor(0.0509, device='cuda:0', grad_fn=<DivBackward0>)
Memory status after this epoch: 
Memory allocated:  398.1259765625
Memory cached:  774.0
