[I 2023-11-16 19:14:19,023] Trial 35 finished with value: 0.9058302044868469 and parameters: {'W_layers': 7, 'W_layer_units_exponent_0': 6, 'W_layer_units_exponent_1': 6, 'W_layer_units_exponent_2': 9, 'W_layer_units_exponent_3': 6, 'W_layer_units_exponent_4': 7, 'W_layer_units_exponent_5': 6, 'W_layer_units_exponent_6': 4, 'D_layers': 6, 'D_layer_units_exponent_0': 9, 'D_layer_units_exponent_1': 6, 'D_layer_units_exponent_2': 8, 'D_layer_units_exponent_3': 8, 'D_layer_units_exponent_4': 8, 'D_layer_units_exponent_5': 8, 'log_learning_rate': -4.001865477014356, 'log_learning_rate_D': -3.5595806513428565, 'training_batch_size': 11, 'training_p': 6}. Best is trial 16 with value: 0.8001757860183716.
Time for this trial:  183.1018304824829
Memory status after this trial: 
Memory allocated:  431.08984375
Memory cached:  438.0
--------------------  Trial  36   --------------------
Start timing: 
Parameters: 
{'W_layers': 4, 'W_layer_units_exponent_0': 4, 'W_layer_units_exponent_1': 7, 'W_layer_units_exponent_2': 10, 'W_layer_units_exponent_3': 5, 'D_layers': 5, 'D_layer_units_exponent_0': 10, 'D_layer_units_exponent_1': 8, 'D_layer_units_exponent_2': 6, 'D_layer_units_exponent_3': 9, 'D_layer_units_exponent_4': 7, 'log_learning_rate': -3.120273960309184, 'log_learning_rate_D': -4.051280294084645, 'training_batch_size': 10, 'training_p': 3}
	 epoch  0 training error:  tensor(4.3546, device='cuda:0', grad_fn=<DivBackward0>)
	 epoch  0 test error:  tensor(45.5734, device='cuda:0', grad_fn=<DivBackward0>)
Memory status after this epoch: 
Memory allocated:  261.51513671875
Memory cached:  320.0
	 epoch  10 training error:  tensor(2.7898, device='cuda:0', grad_fn=<DivBackward0>)
	 epoch  10 test error:  tensor(14.3045, device='cuda:0', grad_fn=<DivBackward0>)
Memory status after this epoch: 
Memory allocated:  260.90576171875
Memory cached:  512.0
	 epoch  20 training error:  tensor(0.8932, device='cuda:0', grad_fn=<DivBackward0>)
	 epoch  20 test error:  tensor(7.7402, device='cuda:0', grad_fn=<DivBackward0>)
Memory status after this epoch: 
Memory allocated:  261.51513671875
Memory cached:  512.0
	 epoch  30 training error:  tensor(0.2780, device='cuda:0', grad_fn=<DivBackward0>)
	 epoch  30 test error:  tensor(2.6976, device='cuda:0', grad_fn=<DivBackward0>)
Memory status after this epoch: 
Memory allocated:  260.90576171875
Memory cached:  512.0
	 epoch  40 training error:  tensor(0.3745, device='cuda:0', grad_fn=<DivBackward0>)
	 epoch  40 test error:  tensor(2.0558, device='cuda:0', grad_fn=<DivBackward0>)
Memory status after this epoch: 
Memory allocated:  261.51513671875
Memory cached:  512.0
	 epoch  50 training error:  tensor(0.2331, device='cuda:0', grad_fn=<DivBackward0>)
	 epoch  50 test error:  tensor(0.7606, device='cuda:0', grad_fn=<DivBackward0>)
Memory status after this epoch: 
Memory allocated:  260.90576171875
Memory cached:  512.0
	 epoch  60 training error:  tensor(0.2353, device='cuda:0', grad_fn=<DivBackward0>)
	 epoch  60 test error:  tensor(0.9319, device='cuda:0', grad_fn=<DivBackward0>)
Memory status after this epoch: 
Memory allocated:  261.51513671875
Memory cached:  514.0
	 epoch  70 training error:  tensor(0.2284, device='cuda:0', grad_fn=<DivBackward0>)
	 epoch  70 test error:  tensor(0.9679, device='cuda:0', grad_fn=<DivBackward0>)
Memory status after this epoch: 
Memory allocated:  260.90576171875
Memory cached:  514.0
	 epoch  80 training error:  tensor(0.2215, device='cuda:0', grad_fn=<DivBackward0>)
	 epoch  80 test error:  tensor(0.8741, device='cuda:0', grad_fn=<DivBackward0>)
Memory status after this epoch: 
Memory allocated:  261.51513671875
Memory cached:  512.0
	 epoch  90 training error:  tensor(0.2205, device='cuda:0', grad_fn=<DivBackward0>)
	 epoch  90 test error:  tensor(0.9110, device='cuda:0', grad_fn=<DivBackward0>)
Memory status after this epoch: 
Memory allocated:  260.90576171875
Memory cached:  512.0
[I 2023-11-16 19:16:52,596] Trial 36 finished with value: 0.8698277473449707 and parameters: {'W_layers': 4, 'W_layer_units_exponent_0': 4, 'W_layer_units_exponent_1': 7, 'W_layer_units_exponent_2': 10, 'W_layer_units_exponent_3': 5, 'D_layers': 5, 'D_layer_units_exponent_0': 10, 'D_layer_units_exponent_1': 8, 'D_layer_units_exponent_2': 6, 'D_layer_units_exponent_3': 9, 'D_layer_units_exponent_4': 7, 'log_learning_rate': -3.120273960309184, 'log_learning_rate_D': -4.051280294084645, 'training_batch_size': 10, 'training_p': 3}. Best is trial 16 with value: 0.8001757860183716.
Time for this trial:  153.30983543395996
Memory status after this trial: 
Memory allocated:  504.0654296875
Memory cached:  512.0
--------------------  Trial  37   --------------------
Start timing: 
Parameters: 
{'W_layers': 8, 'W_layer_units_exponent_0': 8, 'W_layer_units_exponent_1': 4, 'W_layer_units_exponent_2': 6, 'W_layer_units_exponent_3': 7, 'W_layer_units_exponent_4': 10, 'W_layer_units_exponent_5': 4, 'W_layer_units_exponent_6': 10, 'W_layer_units_exponent_7': 5, 'D_layers': 3, 'D_layer_units_exponent_0': 7, 'D_layer_units_exponent_1': 6, 'D_layer_units_exponent_2': 9, 'log_learning_rate': -3.5124543761809566, 'log_learning_rate_D': -3.547615218993606, 'training_batch_size': 11, 'training_p': 2}
	 epoch  0 training error:  tensor(0.9972, device='cuda:0', grad_fn=<DivBackward0>)
	 epoch  0 test error:  tensor(2.2339, device='cuda:0', grad_fn=<DivBackward0>)
Memory status after this epoch: 
Memory allocated:  261.58154296875
Memory cached:  322.0
	 epoch  10 training error:  tensor(0.2032, device='cuda:0', grad_fn=<DivBackward0>)
	 epoch  10 test error:  tensor(1.3493, device='cuda:0', grad_fn=<DivBackward0>)
Memory status after this epoch: 
Memory allocated:  262.19091796875
Memory cached:  518.0
	 epoch  20 training error:  tensor(0.2109, device='cuda:0', grad_fn=<DivBackward0>)
	 epoch  20 test error:  tensor(0.8250, device='cuda:0', grad_fn=<DivBackward0>)
Memory status after this epoch: 
Memory allocated:  261.58154296875
Memory cached:  518.0
	 epoch  30 training error:  tensor(0.2047, device='cuda:0', grad_fn=<DivBackward0>)
	 epoch  30 test error:  tensor(0.9720, device='cuda:0', grad_fn=<DivBackward0>)
Memory status after this epoch: 
Memory allocated:  262.19091796875
Memory cached:  518.0
	 epoch  40 training error:  tensor(0.2021, device='cuda:0', grad_fn=<DivBackward0>)
	 epoch  40 test error:  tensor(0.7533, device='cuda:0', grad_fn=<DivBackward0>)
Memory status after this epoch: 
Memory allocated:  261.58154296875
Memory cached:  518.0
	 epoch  50 training error:  tensor(0.2013, device='cuda:0', grad_fn=<DivBackward0>)
	 epoch  50 test error:  tensor(0.8484, device='cuda:0', grad_fn=<DivBackward0>)
Memory status after this epoch: 
Memory allocated:  262.19091796875
Memory cached:  518.0
	 epoch  60 training error:  tensor(0.1992, device='cuda:0', grad_fn=<DivBackward0>)
	 epoch  60 test error:  tensor(0.8050, device='cuda:0', grad_fn=<DivBackward0>)
Memory status after this epoch: 
Memory allocated:  261.58154296875
Memory cached:  518.0
	 epoch  70 training error:  tensor(0.1955, device='cuda:0', grad_fn=<DivBackward0>)
	 epoch  70 test error:  tensor(0.7872, device='cuda:0', grad_fn=<DivBackward0>)
Memory status after this epoch: 
Memory allocated:  262.19091796875
Memory cached:  520.0
	 epoch  80 training error:  tensor(0.1888, device='cuda:0', grad_fn=<DivBackward0>)
	 epoch  80 test error:  tensor(0.8329, device='cuda:0', grad_fn=<DivBackward0>)
Memory status after this epoch: 
Memory allocated:  261.58154296875
Memory cached:  520.0
	 epoch  90 training error:  tensor(0.1885, device='cuda:0', grad_fn=<DivBackward0>)
	 epoch  90 test error:  tensor(0.8954, device='cuda:0', grad_fn=<DivBackward0>)
Memory status after this epoch: 
Memory allocated:  262.19091796875
Memory cached:  520.0
[I 2023-11-16 19:19:41,809] Trial 37 finished with value: 0.845904529094696 and parameters: {'W_layers': 8, 'W_layer_units_exponent_0': 8, 'W_layer_units_exponent_1': 4, 'W_layer_units_exponent_2': 6, 'W_layer_units_exponent_3': 7, 'W_layer_units_exponent_4': 10, 'W_layer_units_exponent_5': 4, 'W_layer_units_exponent_6': 10, 'W_layer_units_exponent_7': 5, 'D_layers': 3, 'D_layer_units_exponent_0': 7, 'D_layer_units_exponent_1': 6, 'D_layer_units_exponent_2': 9, 'log_learning_rate': -3.5124543761809566, 'log_learning_rate_D': -3.547615218993606, 'training_batch_size': 11, 'training_p': 2}. Best is trial 16 with value: 0.8001757860183716.
Time for this trial:  168.94489765167236
Memory status after this trial: 
Memory allocated:  512.09375
Memory cached:  520.0
--------------------  Trial  38   --------------------
Start timing: 
Parameters: 
{'W_layers': 6, 'W_layer_units_exponent_0': 7, 'W_layer_units_exponent_1': 5, 'W_layer_units_exponent_2': 9, 'W_layer_units_exponent_3': 8, 'W_layer_units_exponent_4': 5, 'W_layer_units_exponent_5': 5, 'D_layers': 4, 'D_layer_units_exponent_0': 8, 'D_layer_units_exponent_1': 7, 'D_layer_units_exponent_2': 7, 'D_layer_units_exponent_3': 10, 'log_learning_rate': -2.7989243490665725, 'log_learning_rate_D': -3.187380428559805, 'training_batch_size': 7, 'training_p': 8}
	 epoch  0 training error:  tensor(0.5074, device='cuda:0', grad_fn=<DivBackward0>)
	 epoch  0 test error:  tensor(58.7677, device='cuda:0', grad_fn=<DivBackward0>)
Memory status after this epoch: 
Memory allocated:  223.46533203125
Memory cached:  282.0
	 epoch  10 training error:  tensor(0.4320, device='cuda:0', grad_fn=<DivBackward0>)
	 epoch  10 test error:  tensor(2.0571, device='cuda:0', grad_fn=<DivBackward0>)
Memory status after this epoch: 
Memory allocated:  222.85595703125
Memory cached:  438.0
	 epoch  20 training error:  tensor(0.3384, device='cuda:0', grad_fn=<DivBackward0>)
	 epoch  20 test error:  tensor(1.5164, device='cuda:0', grad_fn=<DivBackward0>)
Memory status after this epoch: 
Memory allocated:  223.46533203125
Memory cached:  438.0
	 epoch  30 training error:  tensor(0.3294, device='cuda:0', grad_fn=<DivBackward0>)
	 epoch  30 test error:  tensor(0.7652, device='cuda:0', grad_fn=<DivBackward0>)
Memory status after this epoch: 
Memory allocated:  222.85595703125
Memory cached:  438.0
	 epoch  40 training error:  tensor(0.3174, device='cuda:0', grad_fn=<DivBackward0>)
	 epoch  40 test error:  tensor(0.9886, device='cuda:0', grad_fn=<DivBackward0>)
Memory status after this epoch: 
Memory allocated:  223.46533203125
Memory cached:  440.0
	 epoch  50 training error:  tensor(0.3110, device='cuda:0', grad_fn=<DivBackward0>)
	 epoch  50 test error:  tensor(0.9006, device='cuda:0', grad_fn=<DivBackward0>)
Memory status after this epoch: 
Memory allocated:  222.85595703125
Memory cached:  440.0
	 epoch  60 training error:  tensor(0.3091, device='cuda:0', grad_fn=<DivBackward0>)
	 epoch  60 test error:  tensor(0.9044, device='cuda:0', grad_fn=<DivBackward0>)
Memory status after this epoch: 
Memory allocated:  223.46533203125
Memory cached:  438.0
	 epoch  70 training error:  tensor(0.3087, device='cuda:0', grad_fn=<DivBackward0>)
	 epoch  70 test error:  tensor(0.9686, device='cuda:0', grad_fn=<DivBackward0>)
Memory status after this epoch: 
Memory allocated:  222.85595703125
Memory cached:  438.0
	 epoch  80 training error:  tensor(0.3087, device='cuda:0', grad_fn=<DivBackward0>)
	 epoch  80 test error:  tensor(0.9226, device='cuda:0', grad_fn=<DivBackward0>)
Memory status after this epoch: 
Memory allocated:  223.46533203125
Memory cached:  438.0
	 epoch  90 training error:  tensor(0.3085, device='cuda:0', grad_fn=<DivBackward0>)
	 epoch  90 test error:  tensor(0.9226, device='cuda:0', grad_fn=<DivBackward0>)
Memory status after this epoch: 
Memory allocated:  222.85595703125
Memory cached:  438.0
[I 2023-11-16 19:22:22,351] Trial 38 finished with value: 0.930573582649231 and parameters: {'W_layers': 6, 'W_layer_units_exponent_0': 7, 'W_layer_units_exponent_1': 5, 'W_layer_units_exponent_2': 9, 'W_layer_units_exponent_3': 8, 'W_layer_units_exponent_4': 5, 'W_layer_units_exponent_5': 5, 'D_layers': 4, 'D_layer_units_exponent_0': 8, 'D_layer_units_exponent_1': 7, 'D_layer_units_exponent_2': 7, 'D_layer_units_exponent_3': 10, 'log_learning_rate': -2.7989243490665725, 'log_learning_rate_D': -3.187380428559805, 'training_batch_size': 7, 'training_p': 8}. Best is trial 16 with value: 0.8001757860183716.
Time for this trial:  160.26728415489197
Memory status after this trial: 
Memory allocated:  432.591796875
Memory cached:  438.0
--------------------  Trial  39   --------------------
Start timing: 
Parameters: 
{'W_layers': 8, 'W_layer_units_exponent_0': 6, 'W_layer_units_exponent_1': 8, 'W_layer_units_exponent_2': 8, 'W_layer_units_exponent_3': 6, 'W_layer_units_exponent_4': 6, 'W_layer_units_exponent_5': 6, 'W_layer_units_exponent_6': 9, 'W_layer_units_exponent_7': 10, 'D_layers': 5, 'D_layer_units_exponent_0': 10, 'D_layer_units_exponent_1': 6, 'D_layer_units_exponent_2': 6, 'D_layer_units_exponent_3': 9, 'D_layer_units_exponent_4': 10, 'log_learning_rate': -3.3106901358203, 'log_learning_rate_D': -2.7669612859422337, 'training_batch_size': 12, 'training_p': 6}
	 epoch  0 training error:  tensor(0.8889, device='cuda:0', grad_fn=<DivBackward0>)
	 epoch  0 test error:  tensor(8.3668, device='cuda:0', grad_fn=<DivBackward0>)
Memory status after this epoch: 
Memory allocated:  369.22314453125
Memory cached:  452.0
	 epoch  10 training error:  tensor(0.5946, device='cuda:0', grad_fn=<DivBackward0>)
	 epoch  10 test error:  tensor(2.0801, device='cuda:0', grad_fn=<DivBackward0>)
Memory status after this epoch: 
Memory allocated:  369.69189453125
Memory cached:  740.0
	 epoch  20 training error:  tensor(0.2914, device='cuda:0', grad_fn=<DivBackward0>)
	 epoch  20 test error:  tensor(1.0431, device='cuda:0', grad_fn=<DivBackward0>)
Memory status after this epoch: 
Memory allocated:  369.22314453125
Memory cached:  720.0
	 epoch  30 training error:  tensor(0.2894, device='cuda:0', grad_fn=<DivBackward0>)
	 epoch  30 test error:  tensor(0.8085, device='cuda:0', grad_fn=<DivBackward0>)
Memory status after this epoch: 
Memory allocated:  369.22314453125
Memory cached:  720.0
	 epoch  40 training error:  tensor(0.2864, device='cuda:0', grad_fn=<DivBackward0>)
	 epoch  40 test error:  tensor(0.9734, device='cuda:0', grad_fn=<DivBackward0>)
Memory status after this epoch: 
Memory allocated:  369.17626953125
Memory cached:  720.0
	 epoch  50 training error:  tensor(0.2862, device='cuda:0', grad_fn=<DivBackward0>)
	 epoch  50 test error:  tensor(0.9266, device='cuda:0', grad_fn=<DivBackward0>)
Memory status after this epoch: 
Memory allocated:  369.31689453125
Memory cached:  720.0
	 epoch  60 training error:  tensor(0.2852, device='cuda:0', grad_fn=<DivBackward0>)
	 epoch  60 test error:  tensor(0.9398, device='cuda:0', grad_fn=<DivBackward0>)
Memory status after this epoch: 
Memory allocated:  369.55126953125
Memory cached:  720.0
	 epoch  70 training error:  tensor(0.2847, device='cuda:0', grad_fn=<DivBackward0>)
	 epoch  70 test error:  tensor(0.9300, device='cuda:0', grad_fn=<DivBackward0>)
Memory status after this epoch: 
Memory allocated:  369.31689453125
Memory cached:  720.0
	 epoch  80 training error:  tensor(0.2844, device='cuda:0', grad_fn=<DivBackward0>)
	 epoch  80 test error:  tensor(0.9414, device='cuda:0', grad_fn=<DivBackward0>)
Memory status after this epoch: 
Memory allocated:  369.55126953125
Memory cached:  720.0
	 epoch  90 training error:  tensor(0.2842, device='cuda:0', grad_fn=<DivBackward0>)
	 epoch  90 test error:  tensor(0.9286, device='cuda:0', grad_fn=<DivBackward0>)
Memory status after this epoch: 
Memory allocated:  368.84814453125
Memory cached:  720.0
[I 2023-11-16 19:25:42,792] Trial 39 finished with value: 0.9348970651626587 and parameters: {'W_layers': 8, 'W_layer_units_exponent_0': 6, 'W_layer_units_exponent_1': 8, 'W_layer_units_exponent_2': 8, 'W_layer_units_exponent_3': 6, 'W_layer_units_exponent_4': 6, 'W_layer_units_exponent_5': 6, 'W_layer_units_exponent_6': 9, 'W_layer_units_exponent_7': 10, 'D_layers': 5, 'D_layer_units_exponent_0': 10, 'D_layer_units_exponent_1': 6, 'D_layer_units_exponent_2': 6, 'D_layer_units_exponent_3': 9, 'D_layer_units_exponent_4': 10, 'log_learning_rate': -3.3106901358203, 'log_learning_rate_D': -2.7669612859422337, 'training_batch_size': 12, 'training_p': 6}. Best is trial 16 with value: 0.8001757860183716.
Time for this trial:  200.14361143112183
Memory status after this trial: 
Memory allocated:  702.052734375
Memory cached:  720.0
--------------------  Trial  40   --------------------
Start timing: 
Parameters: 
{'W_layers': 2, 'W_layer_units_exponent_0': 9, 'W_layer_units_exponent_1': 6, 'D_layers': 7, 'D_layer_units_exponent_0': 6, 'D_layer_units_exponent_1': 5, 'D_layer_units_exponent_2': 4, 'D_layer_units_exponent_3': 8, 'D_layer_units_exponent_4': 4, 'D_layer_units_exponent_5': 9, 'D_layer_units_exponent_6': 10, 'log_learning_rate': -2.946053721470276, 'log_learning_rate_D': -2.9587323033818063, 'training_batch_size': 9, 'training_p': 7}
	 epoch  0 training error:  tensor(2.1752, device='cuda:0', grad_fn=<DivBackward0>)
	 epoch  0 test error:  tensor(149.7364, device='cuda:0', grad_fn=<DivBackward0>)
Memory status after this epoch: 
Memory allocated:  225.8154296875
Memory cached:  296.0
	 epoch  10 training error:  tensor(1.2219, device='cuda:0', grad_fn=<DivBackward0>)
	 epoch  10 test error:  tensor(5.8705, device='cuda:0', grad_fn=<DivBackward0>)
Memory status after this epoch: 
Memory allocated:  225.2060546875
Memory cached:  452.0
	 epoch  20 training error:  tensor(1.0178, device='cuda:0', grad_fn=<DivBackward0>)
	 epoch  20 test error:  tensor(5.2235, device='cuda:0', grad_fn=<DivBackward0>)
Memory status after this epoch: 
Memory allocated:  225.8154296875
Memory cached:  452.0
	 epoch  30 training error:  tensor(1.0058, device='cuda:0', grad_fn=<DivBackward0>)
	 epoch  30 test error:  tensor(5.1892, device='cuda:0', grad_fn=<DivBackward0>)
Memory status after this epoch: 
Memory allocated:  225.2060546875
Memory cached:  452.0
	 epoch  40 training error:  tensor(1.0037, device='cuda:0', grad_fn=<DivBackward0>)
	 epoch  40 test error:  tensor(5.1828, device='cuda:0', grad_fn=<DivBackward0>)
Memory status after this epoch: 
Memory allocated:  225.8154296875
Memory cached:  452.0
	 epoch  50 training error:  tensor(1.0030, device='cuda:0', grad_fn=<DivBackward0>)
	 epoch  50 test error:  tensor(5.1803, device='cuda:0', grad_fn=<DivBackward0>)
Memory status after this epoch: 
Memory allocated:  225.2060546875
Memory cached:  452.0
	 epoch  60 training error:  tensor(1.0026, device='cuda:0', grad_fn=<DivBackward0>)
	 epoch  60 test error:  tensor(5.1790, device='cuda:0', grad_fn=<DivBackward0>)
Memory status after this epoch: 
Memory allocated:  225.8154296875
Memory cached:  452.0
	 epoch  70 training error:  tensor(1.0024, device='cuda:0', grad_fn=<DivBackward0>)
	 epoch  70 test error:  tensor(5.1782, device='cuda:0', grad_fn=<DivBackward0>)
Memory status after this epoch: 
Memory allocated:  225.2060546875
Memory cached:  452.0
	 epoch  80 training error:  tensor(1.0022, device='cuda:0', grad_fn=<DivBackward0>)
	 epoch  80 test error:  tensor(5.1775, device='cuda:0', grad_fn=<DivBackward0>)
Memory status after this epoch: 
Memory allocated:  225.8154296875
Memory cached:  452.0
	 epoch  90 training error:  tensor(1.0020, device='cuda:0', grad_fn=<DivBackward0>)
	 epoch  90 test error:  tensor(5.1769, device='cuda:0', grad_fn=<DivBackward0>)
Memory status after this epoch: 
Memory allocated:  225.2060546875
Memory cached:  452.0
