[I 2023-11-17 13:59:55,088] Trial 26 finished with value: 0.19053710997104645 and parameters: {'W_layers': 3, 'W_layer_units_exponent_0': 10, 'W_layer_units_exponent_1': 8, 'W_layer_units_exponent_2': 9, 'D_layers': 3, 'D_layer_units_exponent_0': 10, 'D_layer_units_exponent_1': 10, 'D_layer_units_exponent_2': 8, 'log_learning_rate': -4.565515491848689, 'log_learning_rate_D': -4.1121506851102705, 'training_batch_size': 12, 'training_p': 2}. Best is trial 26 with value: 0.19053710997104645.
Time for this trial:  128.03240513801575
Memory status after this trial: 
Memory allocated:  727.1552734375
Memory cached:  754.0
--------------------  Trial  27   --------------------
Start timing: 
Parameters: 
{'W_layers': 3, 'W_layer_units_exponent_0': 9, 'W_layer_units_exponent_1': 7, 'W_layer_units_exponent_2': 9, 'D_layers': 5, 'D_layer_units_exponent_0': 9, 'D_layer_units_exponent_1': 9, 'D_layer_units_exponent_2': 8, 'D_layer_units_exponent_3': 9, 'D_layer_units_exponent_4': 8, 'log_learning_rate': -3.825365364648813, 'log_learning_rate_D': -3.5162554688267855, 'training_batch_size': 12, 'training_p': 3}
	 epoch  0 training error:  tensor(1.0141, device='cuda:0', grad_fn=<DivBackward0>)
	 epoch  0 test error:  tensor(0.1913, device='cuda:0', grad_fn=<DivBackward0>)
Memory status after this epoch: 
Memory allocated:  323.25048828125
Memory cached:  466.0
	 epoch  10 training error:  tensor(0.9940, device='cuda:0', grad_fn=<DivBackward0>)
	 epoch  10 test error:  tensor(0.1915, device='cuda:0', grad_fn=<DivBackward0>)
Memory status after this epoch: 
Memory allocated:  323.25048828125
Memory cached:  648.0
	 epoch  20 training error:  tensor(0.9933, device='cuda:0', grad_fn=<DivBackward0>)
	 epoch  20 test error:  tensor(0.1917, device='cuda:0', grad_fn=<DivBackward0>)
Memory status after this epoch: 
Memory allocated:  323.25048828125
Memory cached:  648.0
	 epoch  30 training error:  tensor(0.9932, device='cuda:0', grad_fn=<DivBackward0>)
	 epoch  30 test error:  tensor(0.1916, device='cuda:0', grad_fn=<DivBackward0>)
Memory status after this epoch: 
Memory allocated:  323.25048828125
Memory cached:  648.0
	 epoch  40 training error:  tensor(0.9930, device='cuda:0', grad_fn=<DivBackward0>)
	 epoch  40 test error:  tensor(0.1916, device='cuda:0', grad_fn=<DivBackward0>)
Memory status after this epoch: 
Memory allocated:  323.25048828125
Memory cached:  648.0
	 epoch  50 training error:  tensor(0.9929, device='cuda:0', grad_fn=<DivBackward0>)
	 epoch  50 test error:  tensor(0.1917, device='cuda:0', grad_fn=<DivBackward0>)
Memory status after this epoch: 
Memory allocated:  323.25048828125
Memory cached:  648.0
	 epoch  60 training error:  tensor(0.9929, device='cuda:0', grad_fn=<DivBackward0>)
	 epoch  60 test error:  tensor(0.1917, device='cuda:0', grad_fn=<DivBackward0>)
Memory status after this epoch: 
Memory allocated:  323.25048828125
Memory cached:  648.0
	 epoch  70 training error:  tensor(0.9929, device='cuda:0', grad_fn=<DivBackward0>)
	 epoch  70 test error:  tensor(0.1917, device='cuda:0', grad_fn=<DivBackward0>)
Memory status after this epoch: 
Memory allocated:  323.25048828125
Memory cached:  648.0
	 epoch  80 training error:  tensor(0.9929, device='cuda:0', grad_fn=<DivBackward0>)
	 epoch  80 test error:  tensor(0.1917, device='cuda:0', grad_fn=<DivBackward0>)
Memory status after this epoch: 
Memory allocated:  323.25048828125
Memory cached:  648.0
	 epoch  90 training error:  tensor(0.9929, device='cuda:0', grad_fn=<DivBackward0>)
	 epoch  90 test error:  tensor(0.1917, device='cuda:0', grad_fn=<DivBackward0>)
Memory status after this epoch: 
Memory allocated:  323.25048828125
Memory cached:  648.0
[I 2023-11-17 14:02:13,525] Trial 27 finished with value: 0.19171935319900513 and parameters: {'W_layers': 3, 'W_layer_units_exponent_0': 9, 'W_layer_units_exponent_1': 7, 'W_layer_units_exponent_2': 9, 'D_layers': 5, 'D_layer_units_exponent_0': 9, 'D_layer_units_exponent_1': 9, 'D_layer_units_exponent_2': 8, 'D_layer_units_exponent_3': 9, 'D_layer_units_exponent_4': 8, 'log_learning_rate': -3.825365364648813, 'log_learning_rate_D': -3.5162554688267855, 'training_batch_size': 12, 'training_p': 3}. Best is trial 26 with value: 0.19053710997104645.
Time for this trial:  138.24074959754944
Memory status after this trial: 
Memory allocated:  624.77734375
Memory cached:  648.0
--------------------  Trial  28   --------------------
Start timing: 
Parameters: 
{'W_layers': 4, 'W_layer_units_exponent_0': 8, 'W_layer_units_exponent_1': 8, 'W_layer_units_exponent_2': 10, 'W_layer_units_exponent_3': 8, 'D_layers': 3, 'D_layer_units_exponent_0': 8, 'D_layer_units_exponent_1': 10, 'D_layer_units_exponent_2': 8, 'log_learning_rate': -3.4462814955773684, 'log_learning_rate_D': -3.9563401187158567, 'training_batch_size': 12, 'training_p': 2}
	 epoch  0 training error:  tensor(0.9950, device='cuda:0', grad_fn=<DivBackward0>)
	 epoch  0 test error:  tensor(0.2222, device='cuda:0', grad_fn=<DivBackward0>)
Memory status after this epoch: 
Memory allocated:  335.32275390625
Memory cached:  458.0
	 epoch  10 training error:  tensor(0.9999, device='cuda:0', grad_fn=<DivBackward0>)
	 epoch  10 test error:  tensor(0.1927, device='cuda:0', grad_fn=<DivBackward0>)
Memory status after this epoch: 
Memory allocated:  335.32275390625
Memory cached:  668.0
	 epoch  20 training error:  tensor(0.9964, device='cuda:0', grad_fn=<DivBackward0>)
	 epoch  20 test error:  tensor(0.1921, device='cuda:0', grad_fn=<DivBackward0>)
Memory status after this epoch: 
Memory allocated:  335.32275390625
Memory cached:  668.0
	 epoch  30 training error:  tensor(0.9964, device='cuda:0', grad_fn=<DivBackward0>)
	 epoch  30 test error:  tensor(0.1919, device='cuda:0', grad_fn=<DivBackward0>)
Memory status after this epoch: 
Memory allocated:  335.32275390625
Memory cached:  668.0
	 epoch  40 training error:  tensor(0.9946, device='cuda:0', grad_fn=<DivBackward0>)
	 epoch  40 test error:  tensor(0.1913, device='cuda:0', grad_fn=<DivBackward0>)
Memory status after this epoch: 
Memory allocated:  335.32275390625
Memory cached:  668.0
	 epoch  50 training error:  tensor(0.9939, device='cuda:0', grad_fn=<DivBackward0>)
	 epoch  50 test error:  tensor(0.1909, device='cuda:0', grad_fn=<DivBackward0>)
Memory status after this epoch: 
Memory allocated:  335.32275390625
Memory cached:  668.0
	 epoch  60 training error:  tensor(0.9938, device='cuda:0', grad_fn=<DivBackward0>)
	 epoch  60 test error:  tensor(0.1904, device='cuda:0', grad_fn=<DivBackward0>)
Memory status after this epoch: 
Memory allocated:  335.32275390625
Memory cached:  668.0
	 epoch  70 training error:  tensor(0.9938, device='cuda:0', grad_fn=<DivBackward0>)
	 epoch  70 test error:  tensor(0.1905, device='cuda:0', grad_fn=<DivBackward0>)
Memory status after this epoch: 
Memory allocated:  335.32275390625
Memory cached:  668.0
	 epoch  80 training error:  tensor(0.9937, device='cuda:0', grad_fn=<DivBackward0>)
	 epoch  80 test error:  tensor(0.1906, device='cuda:0', grad_fn=<DivBackward0>)
Memory status after this epoch: 
Memory allocated:  335.32275390625
Memory cached:  668.0
	 epoch  90 training error:  tensor(0.9937, device='cuda:0', grad_fn=<DivBackward0>)
	 epoch  90 test error:  tensor(0.1906, device='cuda:0', grad_fn=<DivBackward0>)
Memory status after this epoch: 
Memory allocated:  335.32275390625
Memory cached:  668.0
[I 2023-11-17 14:04:24,047] Trial 28 finished with value: 0.19055183231830597 and parameters: {'W_layers': 4, 'W_layer_units_exponent_0': 8, 'W_layer_units_exponent_1': 8, 'W_layer_units_exponent_2': 10, 'W_layer_units_exponent_3': 8, 'D_layers': 3, 'D_layer_units_exponent_0': 8, 'D_layer_units_exponent_1': 10, 'D_layer_units_exponent_2': 8, 'log_learning_rate': -3.4462814955773684, 'log_learning_rate_D': -3.9563401187158567, 'training_batch_size': 12, 'training_p': 2}. Best is trial 26 with value: 0.19053710997104645.
Time for this trial:  130.3337926864624
Memory status after this trial: 
Memory allocated:  641.4775390625
Memory cached:  668.0
--------------------  Trial  29   --------------------
Start timing: 
Parameters: 
{'W_layers': 4, 'W_layer_units_exponent_0': 8, 'W_layer_units_exponent_1': 8, 'W_layer_units_exponent_2': 10, 'W_layer_units_exponent_3': 8, 'D_layers': 4, 'D_layer_units_exponent_0': 8, 'D_layer_units_exponent_1': 8, 'D_layer_units_exponent_2': 8, 'D_layer_units_exponent_3': 4, 'log_learning_rate': -3.3002901478779334, 'log_learning_rate_D': -3.9459919026898747, 'training_batch_size': 12, 'training_p': 2}
	 epoch  0 training error:  tensor(1.0092, device='cuda:0', grad_fn=<DivBackward0>)
	 epoch  0 test error:  tensor(0.2307, device='cuda:0', grad_fn=<DivBackward0>)
Memory status after this epoch: 
Memory allocated:  289.783203125
Memory cached:  432.0
	 epoch  10 training error:  tensor(0.9992, device='cuda:0', grad_fn=<DivBackward0>)
	 epoch  10 test error:  tensor(0.1922, device='cuda:0', grad_fn=<DivBackward0>)
Memory status after this epoch: 
Memory allocated:  289.783203125
Memory cached:  582.0
	 epoch  20 training error:  tensor(0.9950, device='cuda:0', grad_fn=<DivBackward0>)
	 epoch  20 test error:  tensor(0.1917, device='cuda:0', grad_fn=<DivBackward0>)
Memory status after this epoch: 
Memory allocated:  289.783203125
Memory cached:  582.0
	 epoch  30 training error:  tensor(0.9961, device='cuda:0', grad_fn=<DivBackward0>)
	 epoch  30 test error:  tensor(0.1918, device='cuda:0', grad_fn=<DivBackward0>)
Memory status after this epoch: 
Memory allocated:  289.783203125
Memory cached:  582.0
	 epoch  40 training error:  tensor(0.9946, device='cuda:0', grad_fn=<DivBackward0>)
	 epoch  40 test error:  tensor(0.1915, device='cuda:0', grad_fn=<DivBackward0>)
Memory status after this epoch: 
Memory allocated:  289.783203125
Memory cached:  582.0
	 epoch  50 training error:  tensor(0.9946, device='cuda:0', grad_fn=<DivBackward0>)
	 epoch  50 test error:  tensor(0.1914, device='cuda:0', grad_fn=<DivBackward0>)
Memory status after this epoch: 
Memory allocated:  289.783203125
Memory cached:  582.0
	 epoch  60 training error:  tensor(0.9943, device='cuda:0', grad_fn=<DivBackward0>)
	 epoch  60 test error:  tensor(0.1914, device='cuda:0', grad_fn=<DivBackward0>)
Memory status after this epoch: 
Memory allocated:  289.783203125
Memory cached:  582.0
	 epoch  70 training error:  tensor(0.9942, device='cuda:0', grad_fn=<DivBackward0>)
	 epoch  70 test error:  tensor(0.1913, device='cuda:0', grad_fn=<DivBackward0>)
Memory status after this epoch: 
Memory allocated:  289.783203125
Memory cached:  582.0
	 epoch  80 training error:  tensor(0.9940, device='cuda:0', grad_fn=<DivBackward0>)
	 epoch  80 test error:  tensor(0.1910, device='cuda:0', grad_fn=<DivBackward0>)
Memory status after this epoch: 
Memory allocated:  289.783203125
Memory cached:  582.0
	 epoch  90 training error:  tensor(0.9939, device='cuda:0', grad_fn=<DivBackward0>)
	 epoch  90 test error:  tensor(0.1909, device='cuda:0', grad_fn=<DivBackward0>)
Memory status after this epoch: 
Memory allocated:  289.783203125
Memory cached:  582.0
[I 2023-11-17 14:06:39,100] Trial 29 finished with value: 0.19074207544326782 and parameters: {'W_layers': 4, 'W_layer_units_exponent_0': 8, 'W_layer_units_exponent_1': 8, 'W_layer_units_exponent_2': 10, 'W_layer_units_exponent_3': 8, 'D_layers': 4, 'D_layer_units_exponent_0': 8, 'D_layer_units_exponent_1': 8, 'D_layer_units_exponent_2': 8, 'D_layer_units_exponent_3': 4, 'log_learning_rate': -3.3002901478779334, 'log_learning_rate_D': -3.9459919026898747, 'training_batch_size': 12, 'training_p': 2}. Best is trial 26 with value: 0.19053710997104645.
Time for this trial:  134.85615825653076
Memory status after this trial: 
Memory allocated:  559.322265625
Memory cached:  582.0
--------------------  Trial  30   --------------------
Start timing: 
Parameters: 
{'W_layers': 5, 'W_layer_units_exponent_0': 8, 'W_layer_units_exponent_1': 7, 'W_layer_units_exponent_2': 9, 'W_layer_units_exponent_3': 8, 'W_layer_units_exponent_4': 10, 'D_layers': 3, 'D_layer_units_exponent_0': 7, 'D_layer_units_exponent_1': 9, 'D_layer_units_exponent_2': 9, 'log_learning_rate': -3.2291280584615087, 'log_learning_rate_D': -3.5301907763803184, 'training_batch_size': 12, 'training_p': 4}
	 epoch  0 training error:  tensor(0.9963, device='cuda:0', grad_fn=<DivBackward0>)
	 epoch  0 test error:  tensor(0.2106, device='cuda:0', grad_fn=<DivBackward0>)
Memory status after this epoch: 
Memory allocated:  331.03564453125
Memory cached:  454.0
	 epoch  10 training error:  tensor(0.9929, device='cuda:0', grad_fn=<DivBackward0>)
	 epoch  10 test error:  tensor(0.1921, device='cuda:0', grad_fn=<DivBackward0>)
Memory status after this epoch: 
Memory allocated:  331.03564453125
Memory cached:  664.0
	 epoch  20 training error:  tensor(0.9926, device='cuda:0', grad_fn=<DivBackward0>)
	 epoch  20 test error:  tensor(0.1928, device='cuda:0', grad_fn=<DivBackward0>)
Memory status after this epoch: 
Memory allocated:  331.03564453125
Memory cached:  664.0
	 epoch  30 training error:  tensor(0.9912, device='cuda:0', grad_fn=<DivBackward0>)
	 epoch  30 test error:  tensor(0.1928, device='cuda:0', grad_fn=<DivBackward0>)
Memory status after this epoch: 
Memory allocated:  331.03564453125
Memory cached:  664.0
	 epoch  40 training error:  tensor(0.9910, device='cuda:0', grad_fn=<DivBackward0>)
	 epoch  40 test error:  tensor(0.1924, device='cuda:0', grad_fn=<DivBackward0>)
Memory status after this epoch: 
Memory allocated:  331.03564453125
Memory cached:  664.0
	 epoch  50 training error:  tensor(0.9908, device='cuda:0', grad_fn=<DivBackward0>)
	 epoch  50 test error:  tensor(0.1925, device='cuda:0', grad_fn=<DivBackward0>)
Memory status after this epoch: 
Memory allocated:  331.03564453125
Memory cached:  664.0
	 epoch  60 training error:  tensor(0.9906, device='cuda:0', grad_fn=<DivBackward0>)
	 epoch  60 test error:  tensor(0.1926, device='cuda:0', grad_fn=<DivBackward0>)
Memory status after this epoch: 
Memory allocated:  331.03564453125
Memory cached:  664.0
	 epoch  70 training error:  tensor(0.9903, device='cuda:0', grad_fn=<DivBackward0>)
	 epoch  70 test error:  tensor(0.1926, device='cuda:0', grad_fn=<DivBackward0>)
Memory status after this epoch: 
Memory allocated:  331.03564453125
Memory cached:  664.0
	 epoch  80 training error:  tensor(0.9900, device='cuda:0', grad_fn=<DivBackward0>)
	 epoch  80 test error:  tensor(0.1928, device='cuda:0', grad_fn=<DivBackward0>)
Memory status after this epoch: 
Memory allocated:  331.03564453125
Memory cached:  664.0
	 epoch  90 training error:  tensor(0.9895, device='cuda:0', grad_fn=<DivBackward0>)
	 epoch  90 test error:  tensor(0.1930, device='cuda:0', grad_fn=<DivBackward0>)
Memory status after this epoch: 
Memory allocated:  331.03564453125
Memory cached:  664.0
[I 2023-11-17 14:09:00,997] Trial 30 finished with value: 0.1932365447282791 and parameters: {'W_layers': 5, 'W_layer_units_exponent_0': 8, 'W_layer_units_exponent_1': 7, 'W_layer_units_exponent_2': 9, 'W_layer_units_exponent_3': 8, 'W_layer_units_exponent_4': 10, 'D_layers': 3, 'D_layer_units_exponent_0': 7, 'D_layer_units_exponent_1': 9, 'D_layer_units_exponent_2': 9, 'log_learning_rate': -3.2291280584615087, 'log_learning_rate_D': -3.5301907763803184, 'training_batch_size': 12, 'training_p': 4}. Best is trial 26 with value: 0.19053710997104645.
Time for this trial:  141.69470477104187
Memory status after this trial: 
Memory allocated:  639.6416015625
Memory cached:  664.0
--------------------  Trial  31   --------------------
Start timing: 
Parameters: 
{'W_layers': 3, 'W_layer_units_exponent_0': 9, 'W_layer_units_exponent_1': 9, 'W_layer_units_exponent_2': 10, 'D_layers': 3, 'D_layer_units_exponent_0': 9, 'D_layer_units_exponent_1': 10, 'D_layer_units_exponent_2': 8, 'log_learning_rate': -4.24579196770603, 'log_learning_rate_D': -4.149167480426684, 'training_batch_size': 12, 'training_p': 2}
	 epoch  0 training error:  tensor(0.9963, device='cuda:0', grad_fn=<DivBackward0>)
	 epoch  0 test error:  tensor(0.1926, device='cuda:0', grad_fn=<DivBackward0>)
Memory status after this epoch: 
Memory allocated:  369.67822265625
Memory cached:  514.0
	 epoch  10 training error:  tensor(0.9968, device='cuda:0', grad_fn=<DivBackward0>)
	 epoch  10 test error:  tensor(0.1914, device='cuda:0', grad_fn=<DivBackward0>)
Memory status after this epoch: 
Memory allocated:  369.63134765625
Memory cached:  730.0
	 epoch  20 training error:  tensor(0.9947, device='cuda:0', grad_fn=<DivBackward0>)
	 epoch  20 test error:  tensor(0.1912, device='cuda:0', grad_fn=<DivBackward0>)
Memory status after this epoch: 
Memory allocated:  370.19384765625
Memory cached:  714.0
	 epoch  30 training error:  tensor(0.9939, device='cuda:0', grad_fn=<DivBackward0>)
	 epoch  30 test error:  tensor(0.1908, device='cuda:0', grad_fn=<DivBackward0>)
Memory status after this epoch: 
Memory allocated:  369.63134765625
Memory cached:  714.0
	 epoch  40 training error:  tensor(0.9938, device='cuda:0', grad_fn=<DivBackward0>)
	 epoch  40 test error:  tensor(0.1906, device='cuda:0', grad_fn=<DivBackward0>)
Memory status after this epoch: 
Memory allocated:  370.19384765625
Memory cached:  714.0
	 epoch  50 training error:  tensor(0.9937, device='cuda:0', grad_fn=<DivBackward0>)
	 epoch  50 test error:  tensor(0.1905, device='cuda:0', grad_fn=<DivBackward0>)
Memory status after this epoch: 
Memory allocated:  369.63134765625
Memory cached:  712.0
	 epoch  60 training error:  tensor(0.9936, device='cuda:0', grad_fn=<DivBackward0>)
	 epoch  60 test error:  tensor(0.1906, device='cuda:0', grad_fn=<DivBackward0>)
Memory status after this epoch: 
Memory allocated:  370.19384765625
Memory cached:  712.0
	 epoch  70 training error:  tensor(0.9936, device='cuda:0', grad_fn=<DivBackward0>)
	 epoch  70 test error:  tensor(0.1906, device='cuda:0', grad_fn=<DivBackward0>)
Memory status after this epoch: 
Memory allocated:  369.63134765625
Memory cached:  712.0
	 epoch  80 training error:  tensor(0.9935, device='cuda:0', grad_fn=<DivBackward0>)
	 epoch  80 test error:  tensor(0.1906, device='cuda:0', grad_fn=<DivBackward0>)
Memory status after this epoch: 
Memory allocated:  370.19384765625
Memory cached:  712.0
	 epoch  90 training error:  tensor(0.9935, device='cuda:0', grad_fn=<DivBackward0>)
	 epoch  90 test error:  tensor(0.1906, device='cuda:0', grad_fn=<DivBackward0>)
Memory status after this epoch: 
Memory allocated:  369.63134765625
Memory cached:  712.0
