[I 2023-11-17 16:37:10,535] Trial 31 finished with value: 0.19218312203884125 and parameters: {'W_layers': 8, 'W_layer_units_exponent_0': 8, 'W_layer_units_exponent_1': 4, 'W_layer_units_exponent_2': 9, 'W_layer_units_exponent_3': 7, 'W_layer_units_exponent_4': 10, 'W_layer_units_exponent_5': 4, 'W_layer_units_exponent_6': 5, 'W_layer_units_exponent_7': 10, 'D_layers': 6, 'D_layer_units_exponent_0': 6, 'D_layer_units_exponent_1': 6, 'D_layer_units_exponent_2': 7, 'D_layer_units_exponent_3': 5, 'D_layer_units_exponent_4': 5, 'D_layer_units_exponent_5': 6, 'log_learning_rate': -2.171429364271969, 'log_learning_rate_D': -2.2367132118155846, 'training_batch_size': 11, 'training_p': 2}. Best is trial 27 with value: 0.1900663673877716.
Time for this trial:  196.8300199508667
Memory status after this trial: 
Memory allocated:  644.0927734375
Memory cached:  656.0
--------------------  Trial  32   --------------------
Start timing: 
Parameters: 
{'W_layers': 7, 'W_layer_units_exponent_0': 7, 'W_layer_units_exponent_1': 4, 'W_layer_units_exponent_2': 8, 'W_layer_units_exponent_3': 6, 'W_layer_units_exponent_4': 10, 'W_layer_units_exponent_5': 5, 'W_layer_units_exponent_6': 5, 'D_layers': 7, 'D_layer_units_exponent_0': 6, 'D_layer_units_exponent_1': 6, 'D_layer_units_exponent_2': 8, 'D_layer_units_exponent_3': 6, 'D_layer_units_exponent_4': 7, 'D_layer_units_exponent_5': 8, 'D_layer_units_exponent_6': 8, 'log_learning_rate': -2.498780170535148, 'log_learning_rate_D': -2.400047284381586, 'training_batch_size': 11, 'training_p': 2}
	 epoch  0 training error:  tensor(1.0002, device='cuda:0', grad_fn=<DivBackward0>)
	 epoch  0 test error:  tensor(0.1921, device='cuda:0', grad_fn=<DivBackward0>)
Memory status after this epoch: 
Memory allocated:  284.93603515625
Memory cached:  422.0
	 epoch  10 training error:  tensor(0.9948, device='cuda:0', grad_fn=<DivBackward0>)
	 epoch  10 test error:  tensor(0.1914, device='cuda:0', grad_fn=<DivBackward0>)
Memory status after this epoch: 
Memory allocated:  287.37353515625
Memory cached:  574.0
	 epoch  20 training error:  tensor(0.9944, device='cuda:0', grad_fn=<DivBackward0>)
	 epoch  20 test error:  tensor(0.1914, device='cuda:0', grad_fn=<DivBackward0>)
Memory status after this epoch: 
Memory allocated:  284.93603515625
Memory cached:  574.0
	 epoch  30 training error:  tensor(0.9944, device='cuda:0', grad_fn=<DivBackward0>)
	 epoch  30 test error:  tensor(0.1915, device='cuda:0', grad_fn=<DivBackward0>)
Memory status after this epoch: 
Memory allocated:  287.37353515625
Memory cached:  574.0
	 epoch  40 training error:  tensor(0.9944, device='cuda:0', grad_fn=<DivBackward0>)
	 epoch  40 test error:  tensor(0.1915, device='cuda:0', grad_fn=<DivBackward0>)
Memory status after this epoch: 
Memory allocated:  284.93603515625
Memory cached:  574.0
	 epoch  50 training error:  tensor(0.9944, device='cuda:0', grad_fn=<DivBackward0>)
	 epoch  50 test error:  tensor(0.1915, device='cuda:0', grad_fn=<DivBackward0>)
Memory status after this epoch: 
Memory allocated:  287.37353515625
Memory cached:  574.0
	 epoch  60 training error:  tensor(0.9944, device='cuda:0', grad_fn=<DivBackward0>)
	 epoch  60 test error:  tensor(0.1915, device='cuda:0', grad_fn=<DivBackward0>)
Memory status after this epoch: 
Memory allocated:  284.93603515625
Memory cached:  574.0
	 epoch  70 training error:  tensor(0.9944, device='cuda:0', grad_fn=<DivBackward0>)
	 epoch  70 test error:  tensor(0.1915, device='cuda:0', grad_fn=<DivBackward0>)
Memory status after this epoch: 
Memory allocated:  287.37353515625
Memory cached:  574.0
	 epoch  80 training error:  tensor(0.9944, device='cuda:0', grad_fn=<DivBackward0>)
	 epoch  80 test error:  tensor(0.1915, device='cuda:0', grad_fn=<DivBackward0>)
Memory status after this epoch: 
Memory allocated:  284.93603515625
Memory cached:  574.0
	 epoch  90 training error:  tensor(0.9944, device='cuda:0', grad_fn=<DivBackward0>)
	 epoch  90 test error:  tensor(0.1915, device='cuda:0', grad_fn=<DivBackward0>)
Memory status after this epoch: 
Memory allocated:  287.37353515625
Memory cached:  574.0
[I 2023-11-17 16:40:23,207] Trial 32 finished with value: 0.19145910441875458 and parameters: {'W_layers': 7, 'W_layer_units_exponent_0': 7, 'W_layer_units_exponent_1': 4, 'W_layer_units_exponent_2': 8, 'W_layer_units_exponent_3': 6, 'W_layer_units_exponent_4': 10, 'W_layer_units_exponent_5': 5, 'W_layer_units_exponent_6': 5, 'D_layers': 7, 'D_layer_units_exponent_0': 6, 'D_layer_units_exponent_1': 6, 'D_layer_units_exponent_2': 8, 'D_layer_units_exponent_3': 6, 'D_layer_units_exponent_4': 7, 'D_layer_units_exponent_5': 8, 'D_layer_units_exponent_6': 8, 'log_learning_rate': -2.498780170535148, 'log_learning_rate_D': -2.400047284381586, 'training_batch_size': 11, 'training_p': 2}. Best is trial 27 with value: 0.1900663673877716.
Time for this trial:  192.38504028320312
Memory status after this trial: 
Memory allocated:  562.5498046875
Memory cached:  574.0
--------------------  Trial  33   --------------------
Start timing: 
Parameters: 
{'W_layers': 8, 'W_layer_units_exponent_0': 7, 'W_layer_units_exponent_1': 5, 'W_layer_units_exponent_2': 7, 'W_layer_units_exponent_3': 5, 'W_layer_units_exponent_4': 10, 'W_layer_units_exponent_5': 7, 'W_layer_units_exponent_6': 6, 'W_layer_units_exponent_7': 6, 'D_layers': 5, 'D_layer_units_exponent_0': 7, 'D_layer_units_exponent_1': 6, 'D_layer_units_exponent_2': 6, 'D_layer_units_exponent_3': 7, 'D_layer_units_exponent_4': 6, 'log_learning_rate': -2.811559809065448, 'log_learning_rate_D': -2.0246257321524794, 'training_batch_size': 12, 'training_p': 2}
	 epoch  0 training error:  tensor(0.9998, device='cuda:0', grad_fn=<DivBackward0>)
	 epoch  0 test error:  tensor(0.1914, device='cuda:0', grad_fn=<DivBackward0>)
Memory status after this epoch: 
Memory allocated:  255.19775390625
Memory cached:  390.0
	 epoch  10 training error:  tensor(0.9946, device='cuda:0', grad_fn=<DivBackward0>)
	 epoch  10 test error:  tensor(0.1917, device='cuda:0', grad_fn=<DivBackward0>)
Memory status after this epoch: 
Memory allocated:  252.76025390625
Memory cached:  510.0
	 epoch  20 training error:  tensor(0.9939, device='cuda:0', grad_fn=<DivBackward0>)
	 epoch  20 test error:  tensor(0.1909, device='cuda:0', grad_fn=<DivBackward0>)
Memory status after this epoch: 
Memory allocated:  255.19775390625
Memory cached:  510.0
	 epoch  30 training error:  tensor(0.9937, device='cuda:0', grad_fn=<DivBackward0>)
	 epoch  30 test error:  tensor(0.1904, device='cuda:0', grad_fn=<DivBackward0>)
Memory status after this epoch: 
Memory allocated:  252.76025390625
Memory cached:  510.0
	 epoch  40 training error:  tensor(0.9936, device='cuda:0', grad_fn=<DivBackward0>)
	 epoch  40 test error:  tensor(0.1905, device='cuda:0', grad_fn=<DivBackward0>)
Memory status after this epoch: 
Memory allocated:  255.19775390625
Memory cached:  510.0
	 epoch  50 training error:  tensor(0.9934, device='cuda:0', grad_fn=<DivBackward0>)
	 epoch  50 test error:  tensor(0.1905, device='cuda:0', grad_fn=<DivBackward0>)
Memory status after this epoch: 
Memory allocated:  252.76025390625
Memory cached:  510.0
	 epoch  60 training error:  tensor(0.9932, device='cuda:0', grad_fn=<DivBackward0>)
	 epoch  60 test error:  tensor(0.1905, device='cuda:0', grad_fn=<DivBackward0>)
Memory status after this epoch: 
Memory allocated:  255.19775390625
Memory cached:  510.0
	 epoch  70 training error:  tensor(0.9943, device='cuda:0', grad_fn=<DivBackward0>)
	 epoch  70 test error:  tensor(0.1915, device='cuda:0', grad_fn=<DivBackward0>)
Memory status after this epoch: 
Memory allocated:  252.76025390625
Memory cached:  510.0
	 epoch  80 training error:  tensor(0.9931, device='cuda:0', grad_fn=<DivBackward0>)
	 epoch  80 test error:  tensor(0.1904, device='cuda:0', grad_fn=<DivBackward0>)
Memory status after this epoch: 
Memory allocated:  255.19775390625
Memory cached:  510.0
	 epoch  90 training error:  tensor(0.9915, device='cuda:0', grad_fn=<DivBackward0>)
	 epoch  90 test error:  tensor(0.1905, device='cuda:0', grad_fn=<DivBackward0>)
Memory status after this epoch: 
Memory allocated:  252.76025390625
Memory cached:  510.0
[I 2023-11-17 16:43:21,308] Trial 33 finished with value: 0.19225697219371796 and parameters: {'W_layers': 8, 'W_layer_units_exponent_0': 7, 'W_layer_units_exponent_1': 5, 'W_layer_units_exponent_2': 7, 'W_layer_units_exponent_3': 5, 'W_layer_units_exponent_4': 10, 'W_layer_units_exponent_5': 7, 'W_layer_units_exponent_6': 6, 'W_layer_units_exponent_7': 6, 'D_layers': 5, 'D_layer_units_exponent_0': 7, 'D_layer_units_exponent_1': 6, 'D_layer_units_exponent_2': 6, 'D_layer_units_exponent_3': 7, 'D_layer_units_exponent_4': 6, 'log_learning_rate': -2.811559809065448, 'log_learning_rate_D': -2.0246257321524794, 'training_batch_size': 12, 'training_p': 2}. Best is trial 27 with value: 0.1900663673877716.
Time for this trial:  177.8284947872162
Memory status after this trial: 
Memory allocated:  499.2939453125
Memory cached:  510.0
--------------------  Trial  34   --------------------
Start timing: 
Parameters: 
{'W_layers': 7, 'W_layer_units_exponent_0': 9, 'W_layer_units_exponent_1': 8, 'W_layer_units_exponent_2': 4, 'W_layer_units_exponent_3': 4, 'W_layer_units_exponent_4': 8, 'W_layer_units_exponent_5': 5, 'W_layer_units_exponent_6': 5, 'D_layers': 6, 'D_layer_units_exponent_0': 5, 'D_layer_units_exponent_1': 5, 'D_layer_units_exponent_2': 7, 'D_layer_units_exponent_3': 5, 'D_layer_units_exponent_4': 5, 'D_layer_units_exponent_5': 6, 'log_learning_rate': -2.0791250286459673, 'log_learning_rate_D': -3.0716298562463042, 'training_batch_size': 11, 'training_p': 5}
	 epoch  0 training error:  tensor(1.0003, device='cuda:0', grad_fn=<DivBackward0>)
	 epoch  0 test error:  tensor(0.2300, device='cuda:0', grad_fn=<DivBackward0>)
Memory status after this epoch: 
Memory allocated:  219.91650390625
Memory cached:  356.0
	 epoch  10 training error:  tensor(0.9945, device='cuda:0', grad_fn=<DivBackward0>)
	 epoch  10 test error:  tensor(0.1917, device='cuda:0', grad_fn=<DivBackward0>)
Memory status after this epoch: 
Memory allocated:  222.35400390625
Memory cached:  446.0
	 epoch  20 training error:  tensor(0.9912, device='cuda:0', grad_fn=<DivBackward0>)
	 epoch  20 test error:  tensor(0.1922, device='cuda:0', grad_fn=<DivBackward0>)
Memory status after this epoch: 
Memory allocated:  219.91650390625
Memory cached:  450.0
	 epoch  30 training error:  tensor(0.9914, device='cuda:0', grad_fn=<DivBackward0>)
	 epoch  30 test error:  tensor(0.1916, device='cuda:0', grad_fn=<DivBackward0>)
Memory status after this epoch: 
Memory allocated:  222.35400390625
Memory cached:  446.0
	 epoch  40 training error:  tensor(0.9910, device='cuda:0', grad_fn=<DivBackward0>)
	 epoch  40 test error:  tensor(0.1918, device='cuda:0', grad_fn=<DivBackward0>)
Memory status after this epoch: 
Memory allocated:  219.91650390625
Memory cached:  446.0
	 epoch  50 training error:  tensor(0.9901, device='cuda:0', grad_fn=<DivBackward0>)
	 epoch  50 test error:  tensor(0.1929, device='cuda:0', grad_fn=<DivBackward0>)
Memory status after this epoch: 
Memory allocated:  222.35400390625
Memory cached:  448.0
	 epoch  60 training error:  tensor(0.9899, device='cuda:0', grad_fn=<DivBackward0>)
	 epoch  60 test error:  tensor(0.1932, device='cuda:0', grad_fn=<DivBackward0>)
Memory status after this epoch: 
Memory allocated:  219.91650390625
Memory cached:  450.0
	 epoch  70 training error:  tensor(0.9899, device='cuda:0', grad_fn=<DivBackward0>)
	 epoch  70 test error:  tensor(0.1929, device='cuda:0', grad_fn=<DivBackward0>)
Memory status after this epoch: 
Memory allocated:  222.35400390625
Memory cached:  448.0
	 epoch  80 training error:  tensor(0.9898, device='cuda:0', grad_fn=<DivBackward0>)
	 epoch  80 test error:  tensor(0.1932, device='cuda:0', grad_fn=<DivBackward0>)
Memory status after this epoch: 
Memory allocated:  219.91650390625
Memory cached:  448.0
	 epoch  90 training error:  tensor(0.9897, device='cuda:0', grad_fn=<DivBackward0>)
	 epoch  90 test error:  tensor(0.1931, device='cuda:0', grad_fn=<DivBackward0>)
Memory status after this epoch: 
Memory allocated:  222.35400390625
Memory cached:  450.0
[I 2023-11-17 16:46:17,698] Trial 34 finished with value: 0.1931682825088501 and parameters: {'W_layers': 7, 'W_layer_units_exponent_0': 9, 'W_layer_units_exponent_1': 8, 'W_layer_units_exponent_2': 4, 'W_layer_units_exponent_3': 4, 'W_layer_units_exponent_4': 8, 'W_layer_units_exponent_5': 5, 'W_layer_units_exponent_6': 5, 'D_layers': 6, 'D_layer_units_exponent_0': 5, 'D_layer_units_exponent_1': 5, 'D_layer_units_exponent_2': 7, 'D_layer_units_exponent_3': 5, 'D_layer_units_exponent_4': 5, 'D_layer_units_exponent_5': 6, 'log_learning_rate': -2.0791250286459673, 'log_learning_rate_D': -3.0716298562463042, 'training_batch_size': 11, 'training_p': 5}. Best is trial 27 with value: 0.1900663673877716.
Time for this trial:  176.1168851852417
Memory status after this trial: 
Memory allocated:  434.78125
Memory cached:  452.0
--------------------  Trial  35   --------------------
Start timing: 
Parameters: 
{'W_layers': 8, 'W_layer_units_exponent_0': 8, 'W_layer_units_exponent_1': 4, 'W_layer_units_exponent_2': 5, 'W_layer_units_exponent_3': 7, 'W_layer_units_exponent_4': 9, 'W_layer_units_exponent_5': 4, 'W_layer_units_exponent_6': 4, 'W_layer_units_exponent_7': 5, 'D_layers': 7, 'D_layer_units_exponent_0': 7, 'D_layer_units_exponent_1': 7, 'D_layer_units_exponent_2': 10, 'D_layer_units_exponent_3': 9, 'D_layer_units_exponent_4': 4, 'D_layer_units_exponent_5': 5, 'D_layer_units_exponent_6': 9, 'log_learning_rate': -2.5145062969723835, 'log_learning_rate_D': -2.767675929862398, 'training_batch_size': 10, 'training_p': 3}
	 epoch  0 training error:  tensor(1.0000, device='cuda:0', grad_fn=<DivBackward0>)
	 epoch  0 test error:  tensor(0.1917, device='cuda:0', grad_fn=<DivBackward0>)
Memory status after this epoch: 
Memory allocated:  333.91162109375
Memory cached:  476.0
	 epoch  10 training error:  tensor(0.9946, device='cuda:0', grad_fn=<DivBackward0>)
	 epoch  10 test error:  tensor(0.1915, device='cuda:0', grad_fn=<DivBackward0>)
Memory status after this epoch: 
Memory allocated:  332.03662109375
Memory cached:  666.0
	 epoch  20 training error:  tensor(0.9935, device='cuda:0', grad_fn=<DivBackward0>)
	 epoch  20 test error:  tensor(0.1915, device='cuda:0', grad_fn=<DivBackward0>)
Memory status after this epoch: 
Memory allocated:  333.86474609375
Memory cached:  650.0
	 epoch  30 training error:  tensor(0.9932, device='cuda:0', grad_fn=<DivBackward0>)
	 epoch  30 test error:  tensor(0.1915, device='cuda:0', grad_fn=<DivBackward0>)
Memory status after this epoch: 
Memory allocated:  332.03662109375
Memory cached:  650.0
	 epoch  40 training error:  tensor(0.9931, device='cuda:0', grad_fn=<DivBackward0>)
	 epoch  40 test error:  tensor(0.1914, device='cuda:0', grad_fn=<DivBackward0>)
Memory status after this epoch: 
Memory allocated:  333.86474609375
Memory cached:  650.0
	 epoch  50 training error:  tensor(0.9930, device='cuda:0', grad_fn=<DivBackward0>)
	 epoch  50 test error:  tensor(0.1914, device='cuda:0', grad_fn=<DivBackward0>)
Memory status after this epoch: 
Memory allocated:  332.03662109375
Memory cached:  650.0
	 epoch  60 training error:  tensor(0.9930, device='cuda:0', grad_fn=<DivBackward0>)
	 epoch  60 test error:  tensor(0.1914, device='cuda:0', grad_fn=<DivBackward0>)
Memory status after this epoch: 
Memory allocated:  333.86474609375
Memory cached:  650.0
	 epoch  70 training error:  tensor(0.9930, device='cuda:0', grad_fn=<DivBackward0>)
	 epoch  70 test error:  tensor(0.1914, device='cuda:0', grad_fn=<DivBackward0>)
Memory status after this epoch: 
Memory allocated:  332.03662109375
Memory cached:  650.0
	 epoch  80 training error:  tensor(0.9930, device='cuda:0', grad_fn=<DivBackward0>)
	 epoch  80 test error:  tensor(0.1914, device='cuda:0', grad_fn=<DivBackward0>)
Memory status after this epoch: 
Memory allocated:  333.86474609375
Memory cached:  650.0
	 epoch  90 training error:  tensor(0.9930, device='cuda:0', grad_fn=<DivBackward0>)
	 epoch  90 test error:  tensor(0.1914, device='cuda:0', grad_fn=<DivBackward0>)
Memory status after this epoch: 
Memory allocated:  332.03662109375
Memory cached:  650.0
[I 2023-11-17 16:49:42,337] Trial 35 finished with value: 0.19145536422729492 and parameters: {'W_layers': 8, 'W_layer_units_exponent_0': 8, 'W_layer_units_exponent_1': 4, 'W_layer_units_exponent_2': 5, 'W_layer_units_exponent_3': 7, 'W_layer_units_exponent_4': 9, 'W_layer_units_exponent_5': 4, 'W_layer_units_exponent_6': 4, 'W_layer_units_exponent_7': 5, 'D_layers': 7, 'D_layer_units_exponent_0': 7, 'D_layer_units_exponent_1': 7, 'D_layer_units_exponent_2': 10, 'D_layer_units_exponent_3': 9, 'D_layer_units_exponent_4': 4, 'D_layer_units_exponent_5': 5, 'D_layer_units_exponent_6': 9, 'log_learning_rate': -2.5145062969723835, 'log_learning_rate_D': -2.767675929862398, 'training_batch_size': 10, 'training_p': 3}. Best is trial 27 with value: 0.1900663673877716.
Time for this trial:  204.34635519981384
Memory status after this trial: 
Memory allocated:  643.0869140625
Memory cached:  650.0
--------------------  Trial  36   --------------------
Start timing: 
Parameters: 
{'W_layers': 2, 'W_layer_units_exponent_0': 6, 'W_layer_units_exponent_1': 7, 'D_layers': 2, 'D_layer_units_exponent_0': 6, 'D_layer_units_exponent_1': 6, 'log_learning_rate': -3.023025948731588, 'log_learning_rate_D': -2.3066139983014304, 'training_batch_size': 12, 'training_p': 2}
	 epoch  0 training error:  tensor(0.9987, device='cuda:0', grad_fn=<DivBackward0>)
	 epoch  0 test error:  tensor(0.1914, device='cuda:0', grad_fn=<DivBackward0>)
Memory status after this epoch: 
Memory allocated:  158.16162109375
Memory cached:  340.0
	 epoch  10 training error:  tensor(0.9947, device='cuda:0', grad_fn=<DivBackward0>)
	 epoch  10 test error:  tensor(0.1913, device='cuda:0', grad_fn=<DivBackward0>)
Memory status after this epoch: 
Memory allocated:  159.28662109375
Memory cached:  342.0
	 epoch  20 training error:  tensor(0.9941, device='cuda:0', grad_fn=<DivBackward0>)
	 epoch  20 test error:  tensor(0.1912, device='cuda:0', grad_fn=<DivBackward0>)
Memory status after this epoch: 
Memory allocated:  158.16162109375
Memory cached:  342.0
	 epoch  30 training error:  tensor(0.9939, device='cuda:0', grad_fn=<DivBackward0>)
	 epoch  30 test error:  tensor(0.1907, device='cuda:0', grad_fn=<DivBackward0>)
Memory status after this epoch: 
Memory allocated:  159.28662109375
Memory cached:  342.0
	 epoch  40 training error:  tensor(0.9938, device='cuda:0', grad_fn=<DivBackward0>)
	 epoch  40 test error:  tensor(0.1905, device='cuda:0', grad_fn=<DivBackward0>)
Memory status after this epoch: 
Memory allocated:  158.16162109375
Memory cached:  344.0
	 epoch  50 training error:  tensor(0.9937, device='cuda:0', grad_fn=<DivBackward0>)
	 epoch  50 test error:  tensor(0.1906, device='cuda:0', grad_fn=<DivBackward0>)
Memory status after this epoch: 
Memory allocated:  159.28662109375
Memory cached:  342.0
	 epoch  60 training error:  tensor(0.9936, device='cuda:0', grad_fn=<DivBackward0>)
	 epoch  60 test error:  tensor(0.1905, device='cuda:0', grad_fn=<DivBackward0>)
Memory status after this epoch: 
Memory allocated:  158.16162109375
Memory cached:  340.0
	 epoch  70 training error:  tensor(0.9935, device='cuda:0', grad_fn=<DivBackward0>)
	 epoch  70 test error:  tensor(0.1905, device='cuda:0', grad_fn=<DivBackward0>)
Memory status after this epoch: 
Memory allocated:  159.28662109375
Memory cached:  340.0
	 epoch  80 training error:  tensor(0.9935, device='cuda:0', grad_fn=<DivBackward0>)
	 epoch  80 test error:  tensor(0.1905, device='cuda:0', grad_fn=<DivBackward0>)
Memory status after this epoch: 
Memory allocated:  158.16162109375
Memory cached:  340.0
	 epoch  90 training error:  tensor(0.9935, device='cuda:0', grad_fn=<DivBackward0>)
	 epoch  90 test error:  tensor(0.1905, device='cuda:0', grad_fn=<DivBackward0>)
Memory status after this epoch: 
Memory allocated:  159.28662109375
Memory cached:  340.0
