[I 2023-11-10 15:34:40,492] Trial 21 finished with value: 0.03823688253760338 and parameters: {'W_layers': 7, 'W_layer_units_exponent_0': 9, 'W_layer_units_exponent_1': 9, 'W_layer_units_exponent_2': 8, 'W_layer_units_exponent_3': 10, 'W_layer_units_exponent_4': 8, 'W_layer_units_exponent_5': 7, 'W_layer_units_exponent_6': 10, 'D_layers': 7, 'D_layer_units_exponent_0': 9, 'D_layer_units_exponent_1': 6, 'D_layer_units_exponent_2': 5, 'D_layer_units_exponent_3': 8, 'D_layer_units_exponent_4': 8, 'D_layer_units_exponent_5': 8, 'D_layer_units_exponent_6': 7, 'log_learning_rate': -4.529575678713999, 'log_learning_rate_D': -4.93232995201361, 'training_batch_size': 8, 'training_p': 6}. Best is trial 17 with value: 0.03733406588435173.
Time for this trial:  207.36665868759155
Memory status after this trial: 
Memory allocated:  1074.45263671875
Memory cached:  1088.0
--------------------  Trial  22   --------------------
Start timing: 
Parameters: 
{'W_layers': 8, 'W_layer_units_exponent_0': 9, 'W_layer_units_exponent_1': 8, 'W_layer_units_exponent_2': 8, 'W_layer_units_exponent_3': 9, 'W_layer_units_exponent_4': 8, 'W_layer_units_exponent_5': 7, 'W_layer_units_exponent_6': 7, 'W_layer_units_exponent_7': 10, 'D_layers': 7, 'D_layer_units_exponent_0': 10, 'D_layer_units_exponent_1': 6, 'D_layer_units_exponent_2': 6, 'D_layer_units_exponent_3': 8, 'D_layer_units_exponent_4': 9, 'D_layer_units_exponent_5': 7, 'D_layer_units_exponent_6': 8, 'log_learning_rate': -4.547985732852946, 'log_learning_rate_D': -4.458404780998797, 'training_batch_size': 9, 'training_p': 7}
	 epoch  0 training error:  tensor(1.2525, device='cuda:0', grad_fn=<DivBackward0>)
	 epoch  0 test error:  tensor(0.0739, device='cuda:0', grad_fn=<DivBackward0>)
Memory status after this epoch: 
Memory allocated:  562.0224609375
Memory cached:  804.0
	 epoch  10 training error:  tensor(0.9913, device='cuda:0', grad_fn=<DivBackward0>)
	 epoch  10 test error:  tensor(0.0724, device='cuda:0', grad_fn=<DivBackward0>)
Memory status after this epoch: 
Memory allocated:  562.2568359375
Memory cached:  1100.0
	 epoch  20 training error:  tensor(0.9894, device='cuda:0', grad_fn=<DivBackward0>)
	 epoch  20 test error:  tensor(0.0759, device='cuda:0', grad_fn=<DivBackward0>)
Memory status after this epoch: 
Memory allocated:  562.0224609375
Memory cached:  1100.0
	 epoch  30 training error:  tensor(0.9746, device='cuda:0', grad_fn=<DivBackward0>)
	 epoch  30 test error:  tensor(0.0719, device='cuda:0', grad_fn=<DivBackward0>)
Memory status after this epoch: 
Memory allocated:  562.2568359375
Memory cached:  1100.0
	 epoch  40 training error:  tensor(0.9187, device='cuda:0', grad_fn=<DivBackward0>)
	 epoch  40 test error:  tensor(0.0684, device='cuda:0', grad_fn=<DivBackward0>)
Memory status after this epoch: 
Memory allocated:  562.0224609375
Memory cached:  1100.0
	 epoch  50 training error:  tensor(0.7244, device='cuda:0', grad_fn=<DivBackward0>)
	 epoch  50 test error:  tensor(0.0530, device='cuda:0', grad_fn=<DivBackward0>)
Memory status after this epoch: 
Memory allocated:  562.2568359375
Memory cached:  1100.0
	 epoch  60 training error:  tensor(0.4893, device='cuda:0', grad_fn=<DivBackward0>)
	 epoch  60 test error:  tensor(0.0373, device='cuda:0', grad_fn=<DivBackward0>)
Memory status after this epoch: 
Memory allocated:  562.0224609375
Memory cached:  1100.0
	 epoch  70 training error:  tensor(0.4731, device='cuda:0', grad_fn=<DivBackward0>)
	 epoch  70 test error:  tensor(0.0392, device='cuda:0', grad_fn=<DivBackward0>)
Memory status after this epoch: 
Memory allocated:  562.2568359375
Memory cached:  1100.0
	 epoch  80 training error:  tensor(0.4743, device='cuda:0', grad_fn=<DivBackward0>)
	 epoch  80 test error:  tensor(0.0398, device='cuda:0', grad_fn=<DivBackward0>)
Memory status after this epoch: 
Memory allocated:  562.0224609375
Memory cached:  1100.0
	 epoch  90 training error:  tensor(0.4674, device='cuda:0', grad_fn=<DivBackward0>)
	 epoch  90 test error:  tensor(0.0386, device='cuda:0', grad_fn=<DivBackward0>)
Memory status after this epoch: 
Memory allocated:  562.2568359375
Memory cached:  1100.0
[I 2023-11-10 15:38:16,384] Trial 22 finished with value: 0.03879302367568016 and parameters: {'W_layers': 8, 'W_layer_units_exponent_0': 9, 'W_layer_units_exponent_1': 8, 'W_layer_units_exponent_2': 8, 'W_layer_units_exponent_3': 9, 'W_layer_units_exponent_4': 8, 'W_layer_units_exponent_5': 7, 'W_layer_units_exponent_6': 7, 'W_layer_units_exponent_7': 10, 'D_layers': 7, 'D_layer_units_exponent_0': 10, 'D_layer_units_exponent_1': 6, 'D_layer_units_exponent_2': 6, 'D_layer_units_exponent_3': 8, 'D_layer_units_exponent_4': 9, 'D_layer_units_exponent_5': 7, 'D_layer_units_exponent_6': 8, 'log_learning_rate': -4.547985732852946, 'log_learning_rate_D': -4.458404780998797, 'training_batch_size': 9, 'training_p': 7}. Best is trial 17 with value: 0.03733406588435173.
Time for this trial:  215.5848364830017
Memory status after this trial: 
Memory allocated:  1088.15087890625
Memory cached:  1100.0
--------------------  Trial  23   --------------------
Start timing: 
Parameters: 
{'W_layers': 7, 'W_layer_units_exponent_0': 8, 'W_layer_units_exponent_1': 9, 'W_layer_units_exponent_2': 9, 'W_layer_units_exponent_3': 10, 'W_layer_units_exponent_4': 6, 'W_layer_units_exponent_5': 6, 'W_layer_units_exponent_6': 10, 'D_layers': 6, 'D_layer_units_exponent_0': 9, 'D_layer_units_exponent_1': 7, 'D_layer_units_exponent_2': 5, 'D_layer_units_exponent_3': 6, 'D_layer_units_exponent_4': 7, 'D_layer_units_exponent_5': 8, 'log_learning_rate': -3.797627856660097, 'log_learning_rate_D': -4.915306352558233, 'training_batch_size': 7, 'training_p': 6}
	 epoch  0 training error:  tensor(0.9915, device='cuda:0', grad_fn=<DivBackward0>)
	 epoch  0 test error:  tensor(0.2548, device='cuda:0', grad_fn=<DivBackward0>)
Memory status after this epoch: 
Memory allocated:  523.25244140625
Memory cached:  772.0
	 epoch  10 training error:  tensor(1.1782, device='cuda:0', grad_fn=<DivBackward0>)
	 epoch  10 test error:  tensor(0.0814, device='cuda:0', grad_fn=<DivBackward0>)
Memory status after this epoch: 
Memory allocated:  524.42431640625
Memory cached:  1026.0
	 epoch  20 training error:  tensor(0.9960, device='cuda:0', grad_fn=<DivBackward0>)
	 epoch  20 test error:  tensor(0.0763, device='cuda:0', grad_fn=<DivBackward0>)
Memory status after this epoch: 
Memory allocated:  523.25244140625
Memory cached:  1026.0
	 epoch  30 training error:  tensor(1.0006, device='cuda:0', grad_fn=<DivBackward0>)
	 epoch  30 test error:  tensor(0.0724, device='cuda:0', grad_fn=<DivBackward0>)
Memory status after this epoch: 
Memory allocated:  524.33056640625
Memory cached:  1026.0
	 epoch  40 training error:  tensor(0.9919, device='cuda:0', grad_fn=<DivBackward0>)
	 epoch  40 test error:  tensor(0.0743, device='cuda:0', grad_fn=<DivBackward0>)
Memory status after this epoch: 
Memory allocated:  523.25244140625
Memory cached:  1026.0
	 epoch  50 training error:  tensor(0.9884, device='cuda:0', grad_fn=<DivBackward0>)
	 epoch  50 test error:  tensor(0.0729, device='cuda:0', grad_fn=<DivBackward0>)
Memory status after this epoch: 
Memory allocated:  524.33056640625
Memory cached:  1026.0
	 epoch  60 training error:  tensor(0.9854, device='cuda:0', grad_fn=<DivBackward0>)
	 epoch  60 test error:  tensor(0.0733, device='cuda:0', grad_fn=<DivBackward0>)
Memory status after this epoch: 
Memory allocated:  523.25244140625
Memory cached:  1026.0
	 epoch  70 training error:  tensor(0.9785, device='cuda:0', grad_fn=<DivBackward0>)
	 epoch  70 test error:  tensor(0.0724, device='cuda:0', grad_fn=<DivBackward0>)
Memory status after this epoch: 
Memory allocated:  524.33056640625
Memory cached:  1026.0
	 epoch  80 training error:  tensor(0.9545, device='cuda:0', grad_fn=<DivBackward0>)
	 epoch  80 test error:  tensor(0.0706, device='cuda:0', grad_fn=<DivBackward0>)
Memory status after this epoch: 
Memory allocated:  523.25244140625
Memory cached:  1026.0
	 epoch  90 training error:  tensor(0.8120, device='cuda:0', grad_fn=<DivBackward0>)
	 epoch  90 test error:  tensor(0.0580, device='cuda:0', grad_fn=<DivBackward0>)
Memory status after this epoch: 
Memory allocated:  524.33056640625
Memory cached:  1026.0
[I 2023-11-10 15:41:31,917] Trial 23 finished with value: 0.06502571702003479 and parameters: {'W_layers': 7, 'W_layer_units_exponent_0': 8, 'W_layer_units_exponent_1': 9, 'W_layer_units_exponent_2': 9, 'W_layer_units_exponent_3': 10, 'W_layer_units_exponent_4': 6, 'W_layer_units_exponent_5': 6, 'W_layer_units_exponent_6': 10, 'D_layers': 6, 'D_layer_units_exponent_0': 9, 'D_layer_units_exponent_1': 7, 'D_layer_units_exponent_2': 5, 'D_layer_units_exponent_3': 6, 'D_layer_units_exponent_4': 7, 'D_layer_units_exponent_5': 8, 'log_learning_rate': -3.797627856660097, 'log_learning_rate_D': -4.915306352558233, 'training_batch_size': 7, 'training_p': 6}. Best is trial 17 with value: 0.03733406588435173.
Time for this trial:  195.20047068595886
Memory status after this trial: 
Memory allocated:  1004.71337890625
Memory cached:  1026.0
--------------------  Trial  24   --------------------
Start timing: 
Parameters: 
{'W_layers': 8, 'W_layer_units_exponent_0': 9, 'W_layer_units_exponent_1': 10, 'W_layer_units_exponent_2': 5, 'W_layer_units_exponent_3': 8, 'W_layer_units_exponent_4': 6, 'W_layer_units_exponent_5': 8, 'W_layer_units_exponent_6': 6, 'W_layer_units_exponent_7': 4, 'D_layers': 4, 'D_layer_units_exponent_0': 6, 'D_layer_units_exponent_1': 7, 'D_layer_units_exponent_2': 7, 'D_layer_units_exponent_3': 7, 'log_learning_rate': -4.050774335883082, 'log_learning_rate_D': -3.6960216271090705, 'training_batch_size': 10, 'training_p': 5}
	 epoch  0 training error:  tensor(0.9988, device='cuda:0', grad_fn=<DivBackward0>)
	 epoch  0 test error:  tensor(0.0926, device='cuda:0', grad_fn=<DivBackward0>)
Memory status after this epoch: 
Memory allocated:  415.458984375
Memory cached:  648.0
	 epoch  10 training error:  tensor(1.0235, device='cuda:0', grad_fn=<DivBackward0>)
	 epoch  10 test error:  tensor(0.0757, device='cuda:0', grad_fn=<DivBackward0>)
Memory status after this epoch: 
Memory allocated:  413.958984375
Memory cached:  816.0
	 epoch  20 training error:  tensor(0.9784, device='cuda:0', grad_fn=<DivBackward0>)
	 epoch  20 test error:  tensor(0.0705, device='cuda:0', grad_fn=<DivBackward0>)
Memory status after this epoch: 
Memory allocated:  415.458984375
Memory cached:  818.0
	 epoch  30 training error:  tensor(0.8278, device='cuda:0', grad_fn=<DivBackward0>)
	 epoch  30 test error:  tensor(0.0591, device='cuda:0', grad_fn=<DivBackward0>)
Memory status after this epoch: 
Memory allocated:  413.958984375
Memory cached:  816.0
	 epoch  40 training error:  tensor(0.5780, device='cuda:0', grad_fn=<DivBackward0>)
	 epoch  40 test error:  tensor(0.0377, device='cuda:0', grad_fn=<DivBackward0>)
Memory status after this epoch: 
Memory allocated:  415.458984375
Memory cached:  818.0
	 epoch  50 training error:  tensor(0.5194, device='cuda:0', grad_fn=<DivBackward0>)
	 epoch  50 test error:  tensor(0.0433, device='cuda:0', grad_fn=<DivBackward0>)
Memory status after this epoch: 
Memory allocated:  413.958984375
Memory cached:  820.0
	 epoch  60 training error:  tensor(0.4936, device='cuda:0', grad_fn=<DivBackward0>)
	 epoch  60 test error:  tensor(0.0381, device='cuda:0', grad_fn=<DivBackward0>)
Memory status after this epoch: 
Memory allocated:  415.458984375
Memory cached:  818.0
	 epoch  70 training error:  tensor(0.4861, device='cuda:0', grad_fn=<DivBackward0>)
	 epoch  70 test error:  tensor(0.0392, device='cuda:0', grad_fn=<DivBackward0>)
Memory status after this epoch: 
Memory allocated:  413.958984375
Memory cached:  818.0
	 epoch  80 training error:  tensor(0.4817, device='cuda:0', grad_fn=<DivBackward0>)
	 epoch  80 test error:  tensor(0.0383, device='cuda:0', grad_fn=<DivBackward0>)
Memory status after this epoch: 
Memory allocated:  415.458984375
Memory cached:  820.0
	 epoch  90 training error:  tensor(0.4791, device='cuda:0', grad_fn=<DivBackward0>)
	 epoch  90 test error:  tensor(0.0387, device='cuda:0', grad_fn=<DivBackward0>)
Memory status after this epoch: 
Memory allocated:  413.958984375
Memory cached:  818.0
[I 2023-11-10 15:44:24,676] Trial 24 finished with value: 0.03863156959414482 and parameters: {'W_layers': 8, 'W_layer_units_exponent_0': 9, 'W_layer_units_exponent_1': 10, 'W_layer_units_exponent_2': 5, 'W_layer_units_exponent_3': 8, 'W_layer_units_exponent_4': 6, 'W_layer_units_exponent_5': 8, 'W_layer_units_exponent_6': 6, 'W_layer_units_exponent_7': 4, 'D_layers': 4, 'D_layer_units_exponent_0': 6, 'D_layer_units_exponent_1': 7, 'D_layer_units_exponent_2': 7, 'D_layer_units_exponent_3': 7, 'log_learning_rate': -4.050774335883082, 'log_learning_rate_D': -3.6960216271090705, 'training_batch_size': 10, 'training_p': 5}. Best is trial 17 with value: 0.03733406588435173.
Time for this trial:  172.46672081947327
Memory status after this trial: 
Memory allocated:  798.49853515625
Memory cached:  816.0
--------------------  Trial  25   --------------------
Start timing: 
Parameters: 
{'W_layers': 6, 'W_layer_units_exponent_0': 10, 'W_layer_units_exponent_1': 8, 'W_layer_units_exponent_2': 7, 'W_layer_units_exponent_3': 9, 'W_layer_units_exponent_4': 8, 'W_layer_units_exponent_5': 5, 'D_layers': 7, 'D_layer_units_exponent_0': 8, 'D_layer_units_exponent_1': 5, 'D_layer_units_exponent_2': 4, 'D_layer_units_exponent_3': 8, 'D_layer_units_exponent_4': 6, 'D_layer_units_exponent_5': 10, 'D_layer_units_exponent_6': 5, 'log_learning_rate': -4.628970647608844, 'log_learning_rate_D': -4.159243819810297, 'training_batch_size': 9, 'training_p': 8}
	 epoch  0 training error:  tensor(1.0547, device='cuda:0', grad_fn=<DivBackward0>)
	 epoch  0 test error:  tensor(0.0813, device='cuda:0', grad_fn=<DivBackward0>)
Memory status after this epoch: 
Memory allocated:  478.35986328125
Memory cached:  720.0
	 epoch  10 training error:  tensor(0.9783, device='cuda:0', grad_fn=<DivBackward0>)
	 epoch  10 test error:  tensor(0.0738, device='cuda:0', grad_fn=<DivBackward0>)
Memory status after this epoch: 
Memory allocated:  478.03173828125
Memory cached:  936.0
	 epoch  20 training error:  tensor(0.9406, device='cuda:0', grad_fn=<DivBackward0>)
	 epoch  20 test error:  tensor(0.0702, device='cuda:0', grad_fn=<DivBackward0>)
Memory status after this epoch: 
Memory allocated:  478.35986328125
Memory cached:  936.0
	 epoch  30 training error:  tensor(0.8130, device='cuda:0', grad_fn=<DivBackward0>)
	 epoch  30 test error:  tensor(0.0592, device='cuda:0', grad_fn=<DivBackward0>)
Memory status after this epoch: 
Memory allocated:  478.03173828125
Memory cached:  936.0
	 epoch  40 training error:  tensor(0.5218, device='cuda:0', grad_fn=<DivBackward0>)
	 epoch  40 test error:  tensor(0.0387, device='cuda:0', grad_fn=<DivBackward0>)
Memory status after this epoch: 
Memory allocated:  478.26611328125
Memory cached:  938.0
	 epoch  50 training error:  tensor(0.4938, device='cuda:0', grad_fn=<DivBackward0>)
	 epoch  50 test error:  tensor(0.0388, device='cuda:0', grad_fn=<DivBackward0>)
Memory status after this epoch: 
Memory allocated:  478.03173828125
Memory cached:  936.0
	 epoch  60 training error:  tensor(0.4719, device='cuda:0', grad_fn=<DivBackward0>)
	 epoch  60 test error:  tensor(0.0410, device='cuda:0', grad_fn=<DivBackward0>)
Memory status after this epoch: 
Memory allocated:  478.26611328125
Memory cached:  936.0
	 epoch  70 training error:  tensor(0.4571, device='cuda:0', grad_fn=<DivBackward0>)
	 epoch  70 test error:  tensor(0.0386, device='cuda:0', grad_fn=<DivBackward0>)
Memory status after this epoch: 
Memory allocated:  478.03173828125
Memory cached:  936.0
	 epoch  80 training error:  tensor(0.4553, device='cuda:0', grad_fn=<DivBackward0>)
	 epoch  80 test error:  tensor(0.0388, device='cuda:0', grad_fn=<DivBackward0>)
Memory status after this epoch: 
Memory allocated:  478.26611328125
Memory cached:  936.0
	 epoch  90 training error:  tensor(0.4539, device='cuda:0', grad_fn=<DivBackward0>)
	 epoch  90 test error:  tensor(0.0387, device='cuda:0', grad_fn=<DivBackward0>)
Memory status after this epoch: 
Memory allocated:  478.03173828125
Memory cached:  936.0
[I 2023-11-10 15:47:35,257] Trial 25 finished with value: 0.03883462771773338 and parameters: {'W_layers': 6, 'W_layer_units_exponent_0': 10, 'W_layer_units_exponent_1': 8, 'W_layer_units_exponent_2': 7, 'W_layer_units_exponent_3': 9, 'W_layer_units_exponent_4': 8, 'W_layer_units_exponent_5': 5, 'D_layers': 7, 'D_layer_units_exponent_0': 8, 'D_layer_units_exponent_1': 5, 'D_layer_units_exponent_2': 4, 'D_layer_units_exponent_3': 8, 'D_layer_units_exponent_4': 6, 'D_layer_units_exponent_5': 10, 'D_layer_units_exponent_6': 5, 'log_learning_rate': -4.628970647608844, 'log_learning_rate_D': -4.159243819810297, 'training_batch_size': 9, 'training_p': 8}. Best is trial 17 with value: 0.03733406588435173.
Time for this trial:  190.2652268409729
Memory status after this trial: 
Memory allocated:  927.70751953125
Memory cached:  936.0
--------------------  Trial  26   --------------------
Start timing: 
Parameters: 
{'W_layers': 7, 'W_layer_units_exponent_0': 8, 'W_layer_units_exponent_1': 5, 'W_layer_units_exponent_2': 9, 'W_layer_units_exponent_3': 10, 'W_layer_units_exponent_4': 10, 'W_layer_units_exponent_5': 8, 'W_layer_units_exponent_6': 9, 'D_layers': 8, 'D_layer_units_exponent_0': 7, 'D_layer_units_exponent_1': 8, 'D_layer_units_exponent_2': 6, 'D_layer_units_exponent_3': 9, 'D_layer_units_exponent_4': 9, 'D_layer_units_exponent_5': 6, 'D_layer_units_exponent_6': 8, 'D_layer_units_exponent_7': 4, 'log_learning_rate': -4.593958321996046, 'log_learning_rate_D': -4.568419818271171, 'training_batch_size': 8, 'training_p': 7}
	 epoch  0 training error:  tensor(1.0224, device='cuda:0', grad_fn=<DivBackward0>)
	 epoch  0 test error:  tensor(0.0902, device='cuda:0', grad_fn=<DivBackward0>)
Memory status after this epoch: 
Memory allocated:  587.13134765625
Memory cached:  840.0
	 epoch  10 training error:  tensor(1.0171, device='cuda:0', grad_fn=<DivBackward0>)
	 epoch  10 test error:  tensor(0.0747, device='cuda:0', grad_fn=<DivBackward0>)
Memory status after this epoch: 
Memory allocated:  589.00634765625
Memory cached:  1138.0
	 epoch  20 training error:  tensor(0.9819, device='cuda:0', grad_fn=<DivBackward0>)
	 epoch  20 test error:  tensor(0.0770, device='cuda:0', grad_fn=<DivBackward0>)
Memory status after this epoch: 
Memory allocated:  587.31884765625
Memory cached:  1142.0
	 epoch  30 training error:  tensor(0.9817, device='cuda:0', grad_fn=<DivBackward0>)
	 epoch  30 test error:  tensor(0.0749, device='cuda:0', grad_fn=<DivBackward0>)
Memory status after this epoch: 
Memory allocated:  588.81884765625
Memory cached:  1142.0
	 epoch  40 training error:  tensor(0.9438, device='cuda:0', grad_fn=<DivBackward0>)
	 epoch  40 test error:  tensor(0.0702, device='cuda:0', grad_fn=<DivBackward0>)
Memory status after this epoch: 
Memory allocated:  587.31884765625
Memory cached:  1142.0
	 epoch  50 training error:  tensor(0.8537, device='cuda:0', grad_fn=<DivBackward0>)
	 epoch  50 test error:  tensor(0.0626, device='cuda:0', grad_fn=<DivBackward0>)
Memory status after this epoch: 
Memory allocated:  588.91259765625
Memory cached:  1126.0
	 epoch  60 training error:  tensor(0.6137, device='cuda:0', grad_fn=<DivBackward0>)
	 epoch  60 test error:  tensor(0.0443, device='cuda:0', grad_fn=<DivBackward0>)
Memory status after this epoch: 
Memory allocated:  587.31884765625
Memory cached:  1126.0
	 epoch  70 training error:  tensor(0.5352, device='cuda:0', grad_fn=<DivBackward0>)
	 epoch  70 test error:  tensor(0.0363, device='cuda:0', grad_fn=<DivBackward0>)
Memory status after this epoch: 
Memory allocated:  588.91259765625
Memory cached:  1126.0
	 epoch  80 training error:  tensor(0.4871, device='cuda:0', grad_fn=<DivBackward0>)
	 epoch  80 test error:  tensor(0.0386, device='cuda:0', grad_fn=<DivBackward0>)
Memory status after this epoch: 
Memory allocated:  587.31884765625
Memory cached:  1126.0
	 epoch  90 training error:  tensor(0.4686, device='cuda:0', grad_fn=<DivBackward0>)
	 epoch  90 test error:  tensor(0.0382, device='cuda:0', grad_fn=<DivBackward0>)
Memory status after this epoch: 
Memory allocated:  588.91259765625
Memory cached:  1126.0
