[I 2023-11-17 10:58:28,073] Trial 8 finished with value: 0.1966497153043747 and parameters: {'W_layers': 6, 'W_layer_units_exponent_0': 8, 'W_layer_units_exponent_1': 6, 'W_layer_units_exponent_2': 7, 'W_layer_units_exponent_3': 5, 'W_layer_units_exponent_4': 7, 'W_layer_units_exponent_5': 6, 'D_layers': 5, 'D_layer_units_exponent_0': 7, 'D_layer_units_exponent_1': 7, 'D_layer_units_exponent_2': 7, 'D_layer_units_exponent_3': 8, 'D_layer_units_exponent_4': 4, 'log_learning_rate': -3.57236097807887, 'log_learning_rate_D': -3.450218979038902, 'training_batch_size': 12, 'training_p': 8}. Best is trial 0 with value: 0.19070954620838165.
Time for this trial:  155.05784058570862
Memory status after this trial: 
Memory allocated:  421.259765625
Memory cached:  434.0
--------------------  Trial  9   --------------------
Start timing: 
Parameters: 
{'W_layers': 2, 'W_layer_units_exponent_0': 5, 'W_layer_units_exponent_1': 8, 'D_layers': 2, 'D_layer_units_exponent_0': 8, 'D_layer_units_exponent_1': 7, 'log_learning_rate': -3.1194823793639768, 'log_learning_rate_D': -1.912743992438839, 'training_batch_size': 7, 'training_p': 3}
	 epoch  0 training error:  tensor(1.0212, device='cuda:0', grad_fn=<DivBackward0>)
	 epoch  0 test error:  tensor(0.1946, device='cuda:0', grad_fn=<DivBackward0>)
Memory status after this epoch: 
Memory allocated:  178.67626953125
Memory cached:  312.0
	 epoch  10 training error:  tensor(0.9968, device='cuda:0', grad_fn=<DivBackward0>)
	 epoch  10 test error:  tensor(0.1931, device='cuda:0', grad_fn=<DivBackward0>)
Memory status after this epoch: 
Memory allocated:  176.42626953125
Memory cached:  360.0
	 epoch  20 training error:  tensor(0.9924, device='cuda:0', grad_fn=<DivBackward0>)
	 epoch  20 test error:  tensor(0.1908, device='cuda:0', grad_fn=<DivBackward0>)
Memory status after this epoch: 
Memory allocated:  179.14501953125
Memory cached:  360.0
	 epoch  30 training error:  tensor(0.9903, device='cuda:0', grad_fn=<DivBackward0>)
	 epoch  30 test error:  tensor(0.1909, device='cuda:0', grad_fn=<DivBackward0>)
Memory status after this epoch: 
Memory allocated:  176.05126953125
Memory cached:  360.0
	 epoch  40 training error:  tensor(0.9882, device='cuda:0', grad_fn=<DivBackward0>)
	 epoch  40 test error:  tensor(0.1916, device='cuda:0', grad_fn=<DivBackward0>)
Memory status after this epoch: 
Memory allocated:  179.52001953125
Memory cached:  360.0
	 epoch  50 training error:  tensor(0.9863, device='cuda:0', grad_fn=<DivBackward0>)
	 epoch  50 test error:  tensor(0.1916, device='cuda:0', grad_fn=<DivBackward0>)
Memory status after this epoch: 
Memory allocated:  175.58251953125
Memory cached:  362.0
	 epoch  60 training error:  tensor(0.9845, device='cuda:0', grad_fn=<DivBackward0>)
	 epoch  60 test error:  tensor(0.1913, device='cuda:0', grad_fn=<DivBackward0>)
Memory status after this epoch: 
Memory allocated:  179.98876953125
Memory cached:  362.0
	 epoch  70 training error:  tensor(0.9837, device='cuda:0', grad_fn=<DivBackward0>)
	 epoch  70 test error:  tensor(0.1913, device='cuda:0', grad_fn=<DivBackward0>)
Memory status after this epoch: 
Memory allocated:  175.11376953125
Memory cached:  362.0
	 epoch  80 training error:  tensor(0.9835, device='cuda:0', grad_fn=<DivBackward0>)
	 epoch  80 test error:  tensor(0.1914, device='cuda:0', grad_fn=<DivBackward0>)
Memory status after this epoch: 
Memory allocated:  179.98876953125
Memory cached:  364.0
	 epoch  90 training error:  tensor(0.9835, device='cuda:0', grad_fn=<DivBackward0>)
	 epoch  90 test error:  tensor(0.1914, device='cuda:0', grad_fn=<DivBackward0>)
Memory status after this epoch: 
Memory allocated:  175.58251953125
Memory cached:  366.0
[I 2023-11-17 11:00:04,061] Trial 9 finished with value: 0.19141481816768646 and parameters: {'W_layers': 2, 'W_layer_units_exponent_0': 5, 'W_layer_units_exponent_1': 8, 'D_layers': 2, 'D_layer_units_exponent_0': 8, 'D_layer_units_exponent_1': 7, 'log_learning_rate': -3.1194823793639768, 'log_learning_rate_D': -1.912743992438839, 'training_batch_size': 7, 'training_p': 3}. Best is trial 0 with value: 0.19070954620838165.
Time for this trial:  95.85501265525818
Memory status after this trial: 
Memory allocated:  350.6044921875
Memory cached:  366.0
--------------------  Trial  10   --------------------
Start timing: 
Parameters: 
{'W_layers': 8, 'W_layer_units_exponent_0': 10, 'W_layer_units_exponent_1': 10, 'W_layer_units_exponent_2': 10, 'W_layer_units_exponent_3': 10, 'W_layer_units_exponent_4': 4, 'W_layer_units_exponent_5': 10, 'W_layer_units_exponent_6': 10, 'W_layer_units_exponent_7': 10, 'D_layers': 2, 'D_layer_units_exponent_0': 6, 'D_layer_units_exponent_1': 10, 'log_learning_rate': -4.795796747378633, 'log_learning_rate_D': -4.881571765974395, 'training_batch_size': 11, 'training_p': 2}
	 epoch  0 training error:  tensor(0.9996, device='cuda:0', grad_fn=<DivBackward0>)
	 epoch  0 test error:  tensor(0.1918, device='cuda:0', grad_fn=<DivBackward0>)
Memory status after this epoch: 
Memory allocated:  664.46240234375
Memory cached:  822.0
	 epoch  10 training error:  tensor(0.9950, device='cuda:0', grad_fn=<DivBackward0>)
	 epoch  10 test error:  tensor(0.1916, device='cuda:0', grad_fn=<DivBackward0>)
Memory status after this epoch: 
Memory allocated:  664.36865234375
Memory cached:  1280.0
	 epoch  20 training error:  tensor(0.9944, device='cuda:0', grad_fn=<DivBackward0>)
	 epoch  20 test error:  tensor(0.1915, device='cuda:0', grad_fn=<DivBackward0>)
Memory status after this epoch: 
Memory allocated:  664.36865234375
Memory cached:  1280.0
	 epoch  30 training error:  tensor(0.9944, device='cuda:0', grad_fn=<DivBackward0>)
	 epoch  30 test error:  tensor(0.1914, device='cuda:0', grad_fn=<DivBackward0>)
Memory status after this epoch: 
Memory allocated:  664.46240234375
Memory cached:  1280.0
	 epoch  40 training error:  tensor(0.9943, device='cuda:0', grad_fn=<DivBackward0>)
	 epoch  40 test error:  tensor(0.1914, device='cuda:0', grad_fn=<DivBackward0>)
Memory status after this epoch: 
Memory allocated:  664.36865234375
Memory cached:  1280.0
	 epoch  50 training error:  tensor(0.9943, device='cuda:0', grad_fn=<DivBackward0>)
	 epoch  50 test error:  tensor(0.1914, device='cuda:0', grad_fn=<DivBackward0>)
Memory status after this epoch: 
Memory allocated:  664.46240234375
Memory cached:  1280.0
	 epoch  60 training error:  tensor(0.9941, device='cuda:0', grad_fn=<DivBackward0>)
	 epoch  60 test error:  tensor(0.1912, device='cuda:0', grad_fn=<DivBackward0>)
Memory status after this epoch: 
Memory allocated:  664.36865234375
Memory cached:  1280.0
	 epoch  70 training error:  tensor(0.9940, device='cuda:0', grad_fn=<DivBackward0>)
	 epoch  70 test error:  tensor(0.1910, device='cuda:0', grad_fn=<DivBackward0>)
Memory status after this epoch: 
Memory allocated:  664.46240234375
Memory cached:  1280.0
	 epoch  80 training error:  tensor(0.9938, device='cuda:0', grad_fn=<DivBackward0>)
	 epoch  80 test error:  tensor(0.1906, device='cuda:0', grad_fn=<DivBackward0>)
Memory status after this epoch: 
Memory allocated:  664.36865234375
Memory cached:  1280.0
	 epoch  90 training error:  tensor(0.9938, device='cuda:0', grad_fn=<DivBackward0>)
	 epoch  90 test error:  tensor(0.1904, device='cuda:0', grad_fn=<DivBackward0>)
Memory status after this epoch: 
Memory allocated:  664.46240234375
Memory cached:  1280.0
[I 2023-11-17 11:03:21,866] Trial 10 finished with value: 0.19057177007198334 and parameters: {'W_layers': 8, 'W_layer_units_exponent_0': 10, 'W_layer_units_exponent_1': 10, 'W_layer_units_exponent_2': 10, 'W_layer_units_exponent_3': 10, 'W_layer_units_exponent_4': 4, 'W_layer_units_exponent_5': 10, 'W_layer_units_exponent_6': 10, 'W_layer_units_exponent_7': 10, 'D_layers': 2, 'D_layer_units_exponent_0': 6, 'D_layer_units_exponent_1': 10, 'log_learning_rate': -4.795796747378633, 'log_learning_rate_D': -4.881571765974395, 'training_batch_size': 11, 'training_p': 2}. Best is trial 10 with value: 0.19057177007198334.
Time for this trial:  197.61113286018372
Memory status after this trial: 
Memory allocated:  1201.546875
Memory cached:  1280.0
--------------------  Trial  11   --------------------
Start timing: 
Parameters: 
{'W_layers': 8, 'W_layer_units_exponent_0': 10, 'W_layer_units_exponent_1': 10, 'W_layer_units_exponent_2': 10, 'W_layer_units_exponent_3': 10, 'W_layer_units_exponent_4': 4, 'W_layer_units_exponent_5': 10, 'W_layer_units_exponent_6': 10, 'W_layer_units_exponent_7': 10, 'D_layers': 2, 'D_layer_units_exponent_0': 6, 'D_layer_units_exponent_1': 10, 'log_learning_rate': -4.941224208912235, 'log_learning_rate_D': -4.98657069496254, 'training_batch_size': 11, 'training_p': 2}
	 epoch  0 training error:  tensor(0.9980, device='cuda:0', grad_fn=<DivBackward0>)
	 epoch  0 test error:  tensor(0.1918, device='cuda:0', grad_fn=<DivBackward0>)
Memory status after this epoch: 
Memory allocated:  665.21240234375
Memory cached:  722.0
	 epoch  10 training error:  tensor(0.9946, device='cuda:0', grad_fn=<DivBackward0>)
	 epoch  10 test error:  tensor(0.1916, device='cuda:0', grad_fn=<DivBackward0>)
Memory status after this epoch: 
Memory allocated:  663.99365234375
Memory cached:  1256.0
	 epoch  20 training error:  tensor(0.9945, device='cuda:0', grad_fn=<DivBackward0>)
	 epoch  20 test error:  tensor(0.1914, device='cuda:0', grad_fn=<DivBackward0>)
Memory status after this epoch: 
Memory allocated:  665.21240234375
Memory cached:  1256.0
	 epoch  30 training error:  tensor(0.9943, device='cuda:0', grad_fn=<DivBackward0>)
	 epoch  30 test error:  tensor(0.1914, device='cuda:0', grad_fn=<DivBackward0>)
Memory status after this epoch: 
Memory allocated:  663.99365234375
Memory cached:  1256.0
	 epoch  40 training error:  tensor(0.9943, device='cuda:0', grad_fn=<DivBackward0>)
	 epoch  40 test error:  tensor(0.1914, device='cuda:0', grad_fn=<DivBackward0>)
Memory status after this epoch: 
Memory allocated:  665.21240234375
Memory cached:  1256.0
	 epoch  50 training error:  tensor(0.9943, device='cuda:0', grad_fn=<DivBackward0>)
	 epoch  50 test error:  tensor(0.1914, device='cuda:0', grad_fn=<DivBackward0>)
Memory status after this epoch: 
Memory allocated:  663.99365234375
Memory cached:  1256.0
	 epoch  60 training error:  tensor(0.9942, device='cuda:0', grad_fn=<DivBackward0>)
	 epoch  60 test error:  tensor(0.1912, device='cuda:0', grad_fn=<DivBackward0>)
Memory status after this epoch: 
Memory allocated:  665.21240234375
Memory cached:  1256.0
	 epoch  70 training error:  tensor(0.9940, device='cuda:0', grad_fn=<DivBackward0>)
	 epoch  70 test error:  tensor(0.1910, device='cuda:0', grad_fn=<DivBackward0>)
Memory status after this epoch: 
Memory allocated:  663.99365234375
Memory cached:  1256.0
	 epoch  80 training error:  tensor(0.9938, device='cuda:0', grad_fn=<DivBackward0>)
	 epoch  80 test error:  tensor(0.1907, device='cuda:0', grad_fn=<DivBackward0>)
Memory status after this epoch: 
Memory allocated:  665.21240234375
Memory cached:  1256.0
	 epoch  90 training error:  tensor(0.9938, device='cuda:0', grad_fn=<DivBackward0>)
	 epoch  90 test error:  tensor(0.1905, device='cuda:0', grad_fn=<DivBackward0>)
Memory status after this epoch: 
Memory allocated:  663.99365234375
Memory cached:  1256.0
[I 2023-11-17 11:06:39,779] Trial 11 finished with value: 0.19058780372142792 and parameters: {'W_layers': 8, 'W_layer_units_exponent_0': 10, 'W_layer_units_exponent_1': 10, 'W_layer_units_exponent_2': 10, 'W_layer_units_exponent_3': 10, 'W_layer_units_exponent_4': 4, 'W_layer_units_exponent_5': 10, 'W_layer_units_exponent_6': 10, 'W_layer_units_exponent_7': 10, 'D_layers': 2, 'D_layer_units_exponent_0': 6, 'D_layer_units_exponent_1': 10, 'log_learning_rate': -4.941224208912235, 'log_learning_rate_D': -4.98657069496254, 'training_batch_size': 11, 'training_p': 2}. Best is trial 10 with value: 0.19057177007198334.
Time for this trial:  197.68440461158752
Memory status after this trial: 
Memory allocated:  1202.390625
Memory cached:  1256.0
--------------------  Trial  12   --------------------
Start timing: 
Parameters: 
{'W_layers': 8, 'W_layer_units_exponent_0': 10, 'W_layer_units_exponent_1': 10, 'W_layer_units_exponent_2': 10, 'W_layer_units_exponent_3': 8, 'W_layer_units_exponent_4': 4, 'W_layer_units_exponent_5': 10, 'W_layer_units_exponent_6': 10, 'W_layer_units_exponent_7': 10, 'D_layers': 2, 'D_layer_units_exponent_0': 5, 'D_layer_units_exponent_1': 10, 'log_learning_rate': -4.953135076048728, 'log_learning_rate_D': -4.918222350320133, 'training_batch_size': 12, 'training_p': 2}
	 epoch  0 training error:  tensor(1.0029, device='cuda:0', grad_fn=<DivBackward0>)
	 epoch  0 test error:  tensor(0.1922, device='cuda:0', grad_fn=<DivBackward0>)
Memory status after this epoch: 
Memory allocated:  608.4931640625
Memory cached:  736.0
	 epoch  10 training error:  tensor(0.9952, device='cuda:0', grad_fn=<DivBackward0>)
	 epoch  10 test error:  tensor(0.1914, device='cuda:0', grad_fn=<DivBackward0>)
Memory status after this epoch: 
Memory allocated:  609.8056640625
Memory cached:  1146.0
	 epoch  20 training error:  tensor(0.9944, device='cuda:0', grad_fn=<DivBackward0>)
	 epoch  20 test error:  tensor(0.1914, device='cuda:0', grad_fn=<DivBackward0>)
Memory status after this epoch: 
Memory allocated:  608.4931640625
Memory cached:  1146.0
	 epoch  30 training error:  tensor(0.9943, device='cuda:0', grad_fn=<DivBackward0>)
	 epoch  30 test error:  tensor(0.1914, device='cuda:0', grad_fn=<DivBackward0>)
Memory status after this epoch: 
Memory allocated:  609.8056640625
Memory cached:  1146.0
	 epoch  40 training error:  tensor(0.9942, device='cuda:0', grad_fn=<DivBackward0>)
	 epoch  40 test error:  tensor(0.1913, device='cuda:0', grad_fn=<DivBackward0>)
Memory status after this epoch: 
Memory allocated:  608.4931640625
Memory cached:  1146.0
	 epoch  50 training error:  tensor(0.9941, device='cuda:0', grad_fn=<DivBackward0>)
	 epoch  50 test error:  tensor(0.1912, device='cuda:0', grad_fn=<DivBackward0>)
Memory status after this epoch: 
Memory allocated:  609.8056640625
Memory cached:  1146.0
	 epoch  60 training error:  tensor(0.9940, device='cuda:0', grad_fn=<DivBackward0>)
	 epoch  60 test error:  tensor(0.1911, device='cuda:0', grad_fn=<DivBackward0>)
Memory status after this epoch: 
Memory allocated:  608.4931640625
Memory cached:  1146.0
	 epoch  70 training error:  tensor(0.9939, device='cuda:0', grad_fn=<DivBackward0>)
	 epoch  70 test error:  tensor(0.1909, device='cuda:0', grad_fn=<DivBackward0>)
Memory status after this epoch: 
Memory allocated:  609.8056640625
Memory cached:  1146.0
	 epoch  80 training error:  tensor(0.9938, device='cuda:0', grad_fn=<DivBackward0>)
	 epoch  80 test error:  tensor(0.1907, device='cuda:0', grad_fn=<DivBackward0>)
Memory status after this epoch: 
Memory allocated:  608.4931640625
Memory cached:  1146.0
	 epoch  90 training error:  tensor(0.9938, device='cuda:0', grad_fn=<DivBackward0>)
	 epoch  90 test error:  tensor(0.1906, device='cuda:0', grad_fn=<DivBackward0>)
Memory status after this epoch: 
Memory allocated:  609.8056640625
Memory cached:  1146.0
[I 2023-11-17 11:09:51,724] Trial 12 finished with value: 0.19056355953216553 and parameters: {'W_layers': 8, 'W_layer_units_exponent_0': 10, 'W_layer_units_exponent_1': 10, 'W_layer_units_exponent_2': 10, 'W_layer_units_exponent_3': 8, 'W_layer_units_exponent_4': 4, 'W_layer_units_exponent_5': 10, 'W_layer_units_exponent_6': 10, 'W_layer_units_exponent_7': 10, 'D_layers': 2, 'D_layer_units_exponent_0': 5, 'D_layer_units_exponent_1': 10, 'log_learning_rate': -4.953135076048728, 'log_learning_rate_D': -4.918222350320133, 'training_batch_size': 12, 'training_p': 2}. Best is trial 12 with value: 0.19056355953216553.
Time for this trial:  191.7142698764801
Memory status after this trial: 
Memory allocated:  1110.7197265625
Memory cached:  1146.0
--------------------  Trial  13   --------------------
Start timing: 
Parameters: 
{'W_layers': 8, 'W_layer_units_exponent_0': 7, 'W_layer_units_exponent_1': 10, 'W_layer_units_exponent_2': 9, 'W_layer_units_exponent_3': 8, 'W_layer_units_exponent_4': 4, 'W_layer_units_exponent_5': 10, 'W_layer_units_exponent_6': 5, 'W_layer_units_exponent_7': 10, 'D_layers': 2, 'D_layer_units_exponent_0': 5, 'D_layer_units_exponent_1': 10, 'log_learning_rate': -4.980614562719611, 'log_learning_rate_D': -4.955272314054663, 'training_batch_size': 11, 'training_p': 2}
	 epoch  0 training error:  tensor(1.0004, device='cuda:0', grad_fn=<DivBackward0>)
	 epoch  0 test error:  tensor(0.1922, device='cuda:0', grad_fn=<DivBackward0>)
Memory status after this epoch: 
Memory allocated:  426.1943359375
Memory cached:  500.0
	 epoch  10 training error:  tensor(0.9966, device='cuda:0', grad_fn=<DivBackward0>)
	 epoch  10 test error:  tensor(0.1918, device='cuda:0', grad_fn=<DivBackward0>)
Memory status after this epoch: 
Memory allocated:  425.5380859375
Memory cached:  840.0
	 epoch  20 training error:  tensor(0.9945, device='cuda:0', grad_fn=<DivBackward0>)
	 epoch  20 test error:  tensor(0.1915, device='cuda:0', grad_fn=<DivBackward0>)
Memory status after this epoch: 
Memory allocated:  426.1005859375
Memory cached:  840.0
	 epoch  30 training error:  tensor(0.9946, device='cuda:0', grad_fn=<DivBackward0>)
	 epoch  30 test error:  tensor(0.1914, device='cuda:0', grad_fn=<DivBackward0>)
Memory status after this epoch: 
Memory allocated:  425.9130859375
Memory cached:  836.0
	 epoch  40 training error:  tensor(0.9944, device='cuda:0', grad_fn=<DivBackward0>)
	 epoch  40 test error:  tensor(0.1915, device='cuda:0', grad_fn=<DivBackward0>)
Memory status after this epoch: 
Memory allocated:  426.1005859375
Memory cached:  836.0
	 epoch  50 training error:  tensor(0.9944, device='cuda:0', grad_fn=<DivBackward0>)
	 epoch  50 test error:  tensor(0.1915, device='cuda:0', grad_fn=<DivBackward0>)
Memory status after this epoch: 
Memory allocated:  425.9130859375
Memory cached:  836.0
	 epoch  60 training error:  tensor(0.9944, device='cuda:0', grad_fn=<DivBackward0>)
	 epoch  60 test error:  tensor(0.1915, device='cuda:0', grad_fn=<DivBackward0>)
Memory status after this epoch: 
Memory allocated:  426.1005859375
Memory cached:  838.0
	 epoch  70 training error:  tensor(0.9944, device='cuda:0', grad_fn=<DivBackward0>)
	 epoch  70 test error:  tensor(0.1915, device='cuda:0', grad_fn=<DivBackward0>)
Memory status after this epoch: 
Memory allocated:  425.9130859375
Memory cached:  836.0
	 epoch  80 training error:  tensor(0.9944, device='cuda:0', grad_fn=<DivBackward0>)
	 epoch  80 test error:  tensor(0.1915, device='cuda:0', grad_fn=<DivBackward0>)
Memory status after this epoch: 
Memory allocated:  426.1005859375
Memory cached:  836.0
	 epoch  90 training error:  tensor(0.9944, device='cuda:0', grad_fn=<DivBackward0>)
	 epoch  90 test error:  tensor(0.1915, device='cuda:0', grad_fn=<DivBackward0>)
Memory status after this epoch: 
Memory allocated:  425.9130859375
Memory cached:  836.0
