[I 2023-11-16 15:34:38,875] Trial 16 finished with value: 0.04426875337958336 and parameters: {'W_layers': 5, 'W_layer_units_exponent_0': 7, 'W_layer_units_exponent_1': 9, 'W_layer_units_exponent_2': 4, 'W_layer_units_exponent_3': 10, 'W_layer_units_exponent_4': 10, 'D_layers': 7, 'D_layer_units_exponent_0': 8, 'D_layer_units_exponent_1': 9, 'D_layer_units_exponent_2': 9, 'D_layer_units_exponent_3': 10, 'D_layer_units_exponent_4': 8, 'D_layer_units_exponent_5': 9, 'D_layer_units_exponent_6': 10, 'log_learning_rate': -2.7071299204255155, 'log_learning_rate_D': -1.011314459215546, 'training_batch_size': 9, 'training_p': 7}. Best is trial 9 with value: 0.007390871644020081.
Time for this trial:  187.7167944908142
Memory status after this trial: 
Memory allocated:  874.59033203125
Memory cached:  902.0
--------------------  Trial  17   --------------------
Start timing: 
Parameters: 
{'W_layers': 7, 'W_layer_units_exponent_0': 10, 'W_layer_units_exponent_1': 9, 'W_layer_units_exponent_2': 5, 'W_layer_units_exponent_3': 4, 'W_layer_units_exponent_4': 8, 'W_layer_units_exponent_5': 6, 'W_layer_units_exponent_6': 4, 'D_layers': 7, 'D_layer_units_exponent_0': 8, 'D_layer_units_exponent_1': 8, 'D_layer_units_exponent_2': 9, 'D_layer_units_exponent_3': 9, 'D_layer_units_exponent_4': 9, 'D_layer_units_exponent_5': 8, 'D_layer_units_exponent_6': 10, 'log_learning_rate': -1.996658166783778, 'log_learning_rate_D': -1.7819356316214487, 'training_batch_size': 8, 'training_p': 7}
	 epoch  0 training error:  tensor(1.0233, device='cuda:0', grad_fn=<DivBackward0>)
	 epoch  0 test error:  tensor(2.3764, device='cuda:0', grad_fn=<DivBackward0>)
Memory status after this epoch: 
Memory allocated:  369.6142578125
Memory cached:  422.0
	 epoch  10 training error:  tensor(1.0000, device='cuda:0', grad_fn=<DivBackward0>)
	 epoch  10 test error:  tensor(0.0443, device='cuda:0', grad_fn=<DivBackward0>)
Memory status after this epoch: 
Memory allocated:  370.0361328125
Memory cached:  722.0
	 epoch  20 training error:  tensor(1., device='cuda:0', grad_fn=<DivBackward0>)
	 epoch  20 test error:  tensor(0.0443, device='cuda:0', grad_fn=<DivBackward0>)
Memory status after this epoch: 
Memory allocated:  369.9423828125
Memory cached:  722.0
	 epoch  30 training error:  tensor(1., device='cuda:0', grad_fn=<DivBackward0>)
	 epoch  30 test error:  tensor(0.0443, device='cuda:0', grad_fn=<DivBackward0>)
Memory status after this epoch: 
Memory allocated:  369.6611328125
Memory cached:  722.0
	 epoch  40 training error:  tensor(1., device='cuda:0', grad_fn=<DivBackward0>)
	 epoch  40 test error:  tensor(0.0443, device='cuda:0', grad_fn=<DivBackward0>)
Memory status after this epoch: 
Memory allocated:  370.3173828125
Memory cached:  722.0
	 epoch  50 training error:  tensor(1., device='cuda:0', grad_fn=<DivBackward0>)
	 epoch  50 test error:  tensor(0.0443, device='cuda:0', grad_fn=<DivBackward0>)
Memory status after this epoch: 
Memory allocated:  369.3330078125
Memory cached:  722.0
	 epoch  60 training error:  tensor(1., device='cuda:0', grad_fn=<DivBackward0>)
	 epoch  60 test error:  tensor(0.0443, device='cuda:0', grad_fn=<DivBackward0>)
Memory status after this epoch: 
Memory allocated:  370.3173828125
Memory cached:  722.0
	 epoch  70 training error:  tensor(1., device='cuda:0', grad_fn=<DivBackward0>)
	 epoch  70 test error:  tensor(0.0443, device='cuda:0', grad_fn=<DivBackward0>)
Memory status after this epoch: 
Memory allocated:  369.3330078125
Memory cached:  722.0
	 epoch  80 training error:  tensor(1., device='cuda:0', grad_fn=<DivBackward0>)
	 epoch  80 test error:  tensor(0.0443, device='cuda:0', grad_fn=<DivBackward0>)
Memory status after this epoch: 
Memory allocated:  370.3173828125
Memory cached:  722.0
	 epoch  90 training error:  tensor(1., device='cuda:0', grad_fn=<DivBackward0>)
	 epoch  90 test error:  tensor(0.0443, device='cuda:0', grad_fn=<DivBackward0>)
Memory status after this epoch: 
Memory allocated:  369.3330078125
Memory cached:  722.0
[I 2023-11-16 15:37:53,535] Trial 17 finished with value: 0.04426875337958336 and parameters: {'W_layers': 7, 'W_layer_units_exponent_0': 10, 'W_layer_units_exponent_1': 9, 'W_layer_units_exponent_2': 5, 'W_layer_units_exponent_3': 4, 'W_layer_units_exponent_4': 8, 'W_layer_units_exponent_5': 6, 'W_layer_units_exponent_6': 4, 'D_layers': 7, 'D_layer_units_exponent_0': 8, 'D_layer_units_exponent_1': 8, 'D_layer_units_exponent_2': 9, 'D_layer_units_exponent_3': 9, 'D_layer_units_exponent_4': 9, 'D_layer_units_exponent_5': 8, 'D_layer_units_exponent_6': 10, 'log_learning_rate': -1.996658166783778, 'log_learning_rate_D': -1.7819356316214487, 'training_batch_size': 8, 'training_p': 7}. Best is trial 9 with value: 0.007390871644020081.
Time for this trial:  194.36179280281067
Memory status after this trial: 
Memory allocated:  699.76220703125
Memory cached:  722.0
--------------------  Trial  18   --------------------
Start timing: 
Parameters: 
{'W_layers': 3, 'W_layer_units_exponent_0': 9, 'W_layer_units_exponent_1': 9, 'W_layer_units_exponent_2': 6, 'D_layers': 7, 'D_layer_units_exponent_0': 8, 'D_layer_units_exponent_1': 8, 'D_layer_units_exponent_2': 9, 'D_layer_units_exponent_3': 9, 'D_layer_units_exponent_4': 7, 'D_layer_units_exponent_5': 8, 'D_layer_units_exponent_6': 8, 'log_learning_rate': -3.158912352018937, 'log_learning_rate_D': -1.7403519466487136, 'training_batch_size': 12, 'training_p': 5}
	 epoch  0 training error:  tensor(0.4264, device='cuda:0', grad_fn=<DivBackward0>)
	 epoch  0 test error:  tensor(1.2367, device='cuda:0', grad_fn=<DivBackward0>)
Memory status after this epoch: 
Memory allocated:  252.4619140625
Memory cached:  312.0
	 epoch  10 training error:  tensor(1.9476, device='cuda:0', grad_fn=<DivBackward0>)
	 epoch  10 test error:  tensor(0.0590, device='cuda:0', grad_fn=<DivBackward0>)
Memory status after this epoch: 
Memory allocated:  252.5556640625
Memory cached:  508.0
	 epoch  20 training error:  tensor(0.3625, device='cuda:0', grad_fn=<DivBackward0>)
	 epoch  20 test error:  tensor(0.0074, device='cuda:0', grad_fn=<DivBackward0>)
Memory status after this epoch: 
Memory allocated:  252.5556640625
Memory cached:  508.0
	 epoch  30 training error:  tensor(0.4115, device='cuda:0', grad_fn=<DivBackward0>)
	 epoch  30 test error:  tensor(0.0128, device='cuda:0', grad_fn=<DivBackward0>)
Memory status after this epoch: 
Memory allocated:  252.5556640625
Memory cached:  508.0
	 epoch  40 training error:  tensor(0.3367, device='cuda:0', grad_fn=<DivBackward0>)
	 epoch  40 test error:  tensor(0.0072, device='cuda:0', grad_fn=<DivBackward0>)
Memory status after this epoch: 
Memory allocated:  252.5556640625
Memory cached:  508.0
	 epoch  50 training error:  tensor(0.3188, device='cuda:0', grad_fn=<DivBackward0>)
	 epoch  50 test error:  tensor(0.0073, device='cuda:0', grad_fn=<DivBackward0>)
Memory status after this epoch: 
Memory allocated:  252.5556640625
Memory cached:  508.0
	 epoch  60 training error:  tensor(0.3234, device='cuda:0', grad_fn=<DivBackward0>)
	 epoch  60 test error:  tensor(0.0085, device='cuda:0', grad_fn=<DivBackward0>)
Memory status after this epoch: 
Memory allocated:  252.5556640625
Memory cached:  508.0
	 epoch  70 training error:  tensor(0.3195, device='cuda:0', grad_fn=<DivBackward0>)
	 epoch  70 test error:  tensor(0.0075, device='cuda:0', grad_fn=<DivBackward0>)
Memory status after this epoch: 
Memory allocated:  252.5556640625
Memory cached:  508.0
	 epoch  80 training error:  tensor(0.3186, device='cuda:0', grad_fn=<DivBackward0>)
	 epoch  80 test error:  tensor(0.0074, device='cuda:0', grad_fn=<DivBackward0>)
Memory status after this epoch: 
Memory allocated:  252.5556640625
Memory cached:  508.0
	 epoch  90 training error:  tensor(0.3187, device='cuda:0', grad_fn=<DivBackward0>)
	 epoch  90 test error:  tensor(0.0077, device='cuda:0', grad_fn=<DivBackward0>)
Memory status after this epoch: 
Memory allocated:  252.5556640625
Memory cached:  508.0
[I 2023-11-16 15:40:24,539] Trial 18 finished with value: 0.007626758422702551 and parameters: {'W_layers': 3, 'W_layer_units_exponent_0': 9, 'W_layer_units_exponent_1': 9, 'W_layer_units_exponent_2': 6, 'D_layers': 7, 'D_layer_units_exponent_0': 8, 'D_layer_units_exponent_1': 8, 'D_layer_units_exponent_2': 9, 'D_layer_units_exponent_3': 9, 'D_layer_units_exponent_4': 7, 'D_layer_units_exponent_5': 8, 'D_layer_units_exponent_6': 8, 'log_learning_rate': -3.158912352018937, 'log_learning_rate_D': -1.7403519466487136, 'training_batch_size': 12, 'training_p': 5}. Best is trial 9 with value: 0.007390871644020081.
Time for this trial:  150.73753380775452
Memory status after this trial: 
Memory allocated:  482.70751953125
Memory cached:  508.0
--------------------  Trial  19   --------------------
Start timing: 
Parameters: 
{'W_layers': 7, 'W_layer_units_exponent_0': 8, 'W_layer_units_exponent_1': 9, 'W_layer_units_exponent_2': 5, 'W_layer_units_exponent_3': 8, 'W_layer_units_exponent_4': 9, 'W_layer_units_exponent_5': 9, 'W_layer_units_exponent_6': 8, 'D_layers': 6, 'D_layer_units_exponent_0': 10, 'D_layer_units_exponent_1': 10, 'D_layer_units_exponent_2': 7, 'D_layer_units_exponent_3': 7, 'D_layer_units_exponent_4': 9, 'D_layer_units_exponent_5': 9, 'log_learning_rate': -2.1761936828258666, 'log_learning_rate_D': -1.0403905333230745, 'training_batch_size': 10, 'training_p': 6}
	 epoch  0 training error:  tensor(1.2104, device='cuda:0', grad_fn=<DivBackward0>)
	 epoch  0 test error:  tensor(0.0922, device='cuda:0', grad_fn=<DivBackward0>)
Memory status after this epoch: 
Memory allocated:  400.0283203125
Memory cached:  462.0
	 epoch  10 training error:  tensor(1., device='cuda:0', grad_fn=<DivBackward0>)
	 epoch  10 test error:  tensor(0.0443, device='cuda:0', grad_fn=<DivBackward0>)
Memory status after this epoch: 
Memory allocated:  399.5126953125
Memory cached:  786.0
	 epoch  20 training error:  tensor(18.5521, device='cuda:0', grad_fn=<DivBackward0>)
	 epoch  20 test error:  tensor(13.5320, device='cuda:0', grad_fn=<DivBackward0>)
Memory status after this epoch: 
Memory allocated:  400.4033203125
Memory cached:  766.0
	 epoch  30 training error:  tensor(1., device='cuda:0', grad_fn=<DivBackward0>)
	 epoch  30 test error:  tensor(0.0443, device='cuda:0', grad_fn=<DivBackward0>)
Memory status after this epoch: 
Memory allocated:  399.5126953125
Memory cached:  766.0
	 epoch  40 training error:  tensor(1., device='cuda:0', grad_fn=<DivBackward0>)
	 epoch  40 test error:  tensor(0.0443, device='cuda:0', grad_fn=<DivBackward0>)
Memory status after this epoch: 
Memory allocated:  400.4033203125
Memory cached:  766.0
	 epoch  50 training error:  tensor(1., device='cuda:0', grad_fn=<DivBackward0>)
	 epoch  50 test error:  tensor(0.0443, device='cuda:0', grad_fn=<DivBackward0>)
Memory status after this epoch: 
Memory allocated:  399.5126953125
Memory cached:  766.0
	 epoch  60 training error:  tensor(1., device='cuda:0', grad_fn=<DivBackward0>)
	 epoch  60 test error:  tensor(0.0443, device='cuda:0', grad_fn=<DivBackward0>)
Memory status after this epoch: 
Memory allocated:  400.4033203125
Memory cached:  766.0
	 epoch  70 training error:  tensor(1., device='cuda:0', grad_fn=<DivBackward0>)
	 epoch  70 test error:  tensor(0.0443, device='cuda:0', grad_fn=<DivBackward0>)
Memory status after this epoch: 
Memory allocated:  399.5126953125
Memory cached:  766.0
	 epoch  80 training error:  tensor(1., device='cuda:0', grad_fn=<DivBackward0>)
	 epoch  80 test error:  tensor(0.0443, device='cuda:0', grad_fn=<DivBackward0>)
Memory status after this epoch: 
Memory allocated:  400.4033203125
Memory cached:  766.0
	 epoch  90 training error:  tensor(1., device='cuda:0', grad_fn=<DivBackward0>)
	 epoch  90 test error:  tensor(0.0443, device='cuda:0', grad_fn=<DivBackward0>)
Memory status after this epoch: 
Memory allocated:  399.5126953125
Memory cached:  766.0
[I 2023-11-16 15:43:33,994] Trial 19 finished with value: 0.04426875337958336 and parameters: {'W_layers': 7, 'W_layer_units_exponent_0': 8, 'W_layer_units_exponent_1': 9, 'W_layer_units_exponent_2': 5, 'W_layer_units_exponent_3': 8, 'W_layer_units_exponent_4': 9, 'W_layer_units_exponent_5': 9, 'W_layer_units_exponent_6': 8, 'D_layers': 6, 'D_layer_units_exponent_0': 10, 'D_layer_units_exponent_1': 10, 'D_layer_units_exponent_2': 7, 'D_layer_units_exponent_3': 7, 'D_layer_units_exponent_4': 9, 'D_layer_units_exponent_5': 9, 'log_learning_rate': -2.1761936828258666, 'log_learning_rate_D': -1.0403905333230745, 'training_batch_size': 10, 'training_p': 6}. Best is trial 9 with value: 0.007390871644020081.
Time for this trial:  189.18202781677246
Memory status after this trial: 
Memory allocated:  747.52392578125
Memory cached:  766.0
--------------------  Trial  20   --------------------
Start timing: 
Parameters: 
{'W_layers': 3, 'W_layer_units_exponent_0': 6, 'W_layer_units_exponent_1': 8, 'W_layer_units_exponent_2': 8, 'D_layers': 7, 'D_layer_units_exponent_0': 7, 'D_layer_units_exponent_1': 6, 'D_layer_units_exponent_2': 9, 'D_layer_units_exponent_3': 10, 'D_layer_units_exponent_4': 6, 'D_layer_units_exponent_5': 8, 'D_layer_units_exponent_6': 7, 'log_learning_rate': -3.5453255410315787, 'log_learning_rate_D': -2.295749240387993, 'training_batch_size': 11, 'training_p': 7}
	 epoch  0 training error:  tensor(0.3672, device='cuda:0', grad_fn=<DivBackward0>)
	 epoch  0 test error:  tensor(0.2174, device='cuda:0', grad_fn=<DivBackward0>)
Memory status after this epoch: 
Memory allocated:  222.3857421875
Memory cached:  274.0
	 epoch  10 training error:  tensor(1.2278, device='cuda:0', grad_fn=<DivBackward0>)
	 epoch  10 test error:  tensor(0.0474, device='cuda:0', grad_fn=<DivBackward0>)
Memory status after this epoch: 
Memory allocated:  223.0888671875
Memory cached:  442.0
	 epoch  20 training error:  tensor(0.9989, device='cuda:0', grad_fn=<DivBackward0>)
	 epoch  20 test error:  tensor(0.0443, device='cuda:0', grad_fn=<DivBackward0>)
Memory status after this epoch: 
Memory allocated:  222.7138671875
Memory cached:  442.0
	 epoch  30 training error:  tensor(0.9996, device='cuda:0', grad_fn=<DivBackward0>)
	 epoch  30 test error:  tensor(0.0442, device='cuda:0', grad_fn=<DivBackward0>)
Memory status after this epoch: 
Memory allocated:  222.7138671875
Memory cached:  442.0
	 epoch  40 training error:  tensor(0.9994, device='cuda:0', grad_fn=<DivBackward0>)
	 epoch  40 test error:  tensor(0.0442, device='cuda:0', grad_fn=<DivBackward0>)
Memory status after this epoch: 
Memory allocated:  222.7607421875
Memory cached:  444.0
	 epoch  50 training error:  tensor(0.9995, device='cuda:0', grad_fn=<DivBackward0>)
	 epoch  50 test error:  tensor(0.0442, device='cuda:0', grad_fn=<DivBackward0>)
Memory status after this epoch: 
Memory allocated:  223.1357421875
Memory cached:  442.0
	 epoch  60 training error:  tensor(0.9997, device='cuda:0', grad_fn=<DivBackward0>)
	 epoch  60 test error:  tensor(0.0442, device='cuda:0', grad_fn=<DivBackward0>)
Memory status after this epoch: 
Memory allocated:  222.3388671875
Memory cached:  444.0
	 epoch  70 training error:  tensor(0.9995, device='cuda:0', grad_fn=<DivBackward0>)
	 epoch  70 test error:  tensor(0.0442, device='cuda:0', grad_fn=<DivBackward0>)
Memory status after this epoch: 
Memory allocated:  223.1357421875
Memory cached:  444.0
	 epoch  80 training error:  tensor(0.9995, device='cuda:0', grad_fn=<DivBackward0>)
	 epoch  80 test error:  tensor(0.0442, device='cuda:0', grad_fn=<DivBackward0>)
Memory status after this epoch: 
Memory allocated:  222.3388671875
Memory cached:  442.0
	 epoch  90 training error:  tensor(0.9994, device='cuda:0', grad_fn=<DivBackward0>)
	 epoch  90 test error:  tensor(0.0442, device='cuda:0', grad_fn=<DivBackward0>)
Memory status after this epoch: 
Memory allocated:  223.1357421875
Memory cached:  444.0
[I 2023-11-16 15:46:03,085] Trial 20 finished with value: 0.04418625682592392 and parameters: {'W_layers': 3, 'W_layer_units_exponent_0': 6, 'W_layer_units_exponent_1': 8, 'W_layer_units_exponent_2': 8, 'D_layers': 7, 'D_layer_units_exponent_0': 7, 'D_layer_units_exponent_1': 6, 'D_layer_units_exponent_2': 9, 'D_layer_units_exponent_3': 10, 'D_layer_units_exponent_4': 6, 'D_layer_units_exponent_5': 8, 'D_layer_units_exponent_6': 7, 'log_learning_rate': -3.5453255410315787, 'log_learning_rate_D': -2.295749240387993, 'training_batch_size': 11, 'training_p': 7}. Best is trial 9 with value: 0.007390871644020081.
Time for this trial:  148.8251655101776
Memory status after this trial: 
Memory allocated:  426.67724609375
Memory cached:  446.0
--------------------  Trial  21   --------------------
Start timing: 
Parameters: 
{'W_layers': 5, 'W_layer_units_exponent_0': 10, 'W_layer_units_exponent_1': 10, 'W_layer_units_exponent_2': 4, 'W_layer_units_exponent_3': 10, 'W_layer_units_exponent_4': 7, 'D_layers': 5, 'D_layer_units_exponent_0': 8, 'D_layer_units_exponent_1': 9, 'D_layer_units_exponent_2': 8, 'D_layer_units_exponent_3': 9, 'D_layer_units_exponent_4': 9, 'log_learning_rate': -3.03278622821754, 'log_learning_rate_D': -1.6212795108037605, 'training_batch_size': 9, 'training_p': 5}
	 epoch  0 training error:  tensor(1.4154, device='cuda:0', grad_fn=<DivBackward0>)
	 epoch  0 test error:  tensor(1.4808, device='cuda:0', grad_fn=<DivBackward0>)
Memory status after this epoch: 
Memory allocated:  374.7275390625
Memory cached:  418.0
	 epoch  10 training error:  tensor(0.9221, device='cuda:0', grad_fn=<DivBackward0>)
	 epoch  10 test error:  tensor(0.0412, device='cuda:0', grad_fn=<DivBackward0>)
Memory status after this epoch: 
Memory allocated:  374.3056640625
Memory cached:  720.0
	 epoch  20 training error:  tensor(0.9630, device='cuda:0', grad_fn=<DivBackward0>)
	 epoch  20 test error:  tensor(0.0424, device='cuda:0', grad_fn=<DivBackward0>)
Memory status after this epoch: 
Memory allocated:  374.7275390625
Memory cached:  720.0
	 epoch  30 training error:  tensor(0.8847, device='cuda:0', grad_fn=<DivBackward0>)
	 epoch  30 test error:  tensor(0.0372, device='cuda:0', grad_fn=<DivBackward0>)
Memory status after this epoch: 
Memory allocated:  374.3056640625
Memory cached:  720.0
	 epoch  40 training error:  tensor(0.5891, device='cuda:0', grad_fn=<DivBackward0>)
	 epoch  40 test error:  tensor(0.0242, device='cuda:0', grad_fn=<DivBackward0>)
Memory status after this epoch: 
Memory allocated:  374.7275390625
Memory cached:  720.0
	 epoch  50 training error:  tensor(0.3570, device='cuda:0', grad_fn=<DivBackward0>)
	 epoch  50 test error:  tensor(0.0095, device='cuda:0', grad_fn=<DivBackward0>)
Memory status after this epoch: 
Memory allocated:  374.3056640625
Memory cached:  720.0
	 epoch  60 training error:  tensor(0.3640, device='cuda:0', grad_fn=<DivBackward0>)
	 epoch  60 test error:  tensor(0.0099, device='cuda:0', grad_fn=<DivBackward0>)
Memory status after this epoch: 
Memory allocated:  374.7275390625
Memory cached:  720.0
	 epoch  70 training error:  tensor(0.3300, device='cuda:0', grad_fn=<DivBackward0>)
	 epoch  70 test error:  tensor(0.0092, device='cuda:0', grad_fn=<DivBackward0>)
Memory status after this epoch: 
Memory allocated:  374.3056640625
Memory cached:  720.0
	 epoch  80 training error:  tensor(0.3312, device='cuda:0', grad_fn=<DivBackward0>)
	 epoch  80 test error:  tensor(0.0080, device='cuda:0', grad_fn=<DivBackward0>)
Memory status after this epoch: 
Memory allocated:  374.7275390625
Memory cached:  720.0
	 epoch  90 training error:  tensor(0.3231, device='cuda:0', grad_fn=<DivBackward0>)
	 epoch  90 test error:  tensor(0.0079, device='cuda:0', grad_fn=<DivBackward0>)
Memory status after this epoch: 
Memory allocated:  374.3056640625
Memory cached:  720.0
