[I 2023-11-16 17:40:43,814] Trial 5 finished with value: 5.164222240447998 and parameters: {'W_layers': 5, 'W_layer_units_exponent_0': 5, 'W_layer_units_exponent_1': 10, 'W_layer_units_exponent_2': 4, 'W_layer_units_exponent_3': 8, 'W_layer_units_exponent_4': 8, 'D_layers': 5, 'D_layer_units_exponent_0': 5, 'D_layer_units_exponent_1': 9, 'D_layer_units_exponent_2': 7, 'D_layer_units_exponent_3': 8, 'D_layer_units_exponent_4': 4, 'log_learning_rate': -1.6464356236676867, 'log_learning_rate_D': -1.9371164214454706, 'training_batch_size': 7, 'training_p': 7}. Best is trial 3 with value: 0.869036853313446.
Time for this trial:  153.06329941749573
Memory status after this trial: 
Memory allocated:  433.5771484375
Memory cached:  438.0
--------------------  Trial  6   --------------------
Start timing: 
Parameters: 
{'W_layers': 4, 'W_layer_units_exponent_0': 10, 'W_layer_units_exponent_1': 8, 'W_layer_units_exponent_2': 4, 'W_layer_units_exponent_3': 6, 'D_layers': 7, 'D_layer_units_exponent_0': 7, 'D_layer_units_exponent_1': 7, 'D_layer_units_exponent_2': 10, 'D_layer_units_exponent_3': 6, 'D_layer_units_exponent_4': 7, 'D_layer_units_exponent_5': 7, 'D_layer_units_exponent_6': 6, 'log_learning_rate': -2.360849432930491, 'log_learning_rate_D': -1.0712017747253624, 'training_batch_size': 6, 'training_p': 4}
	 epoch  0 training error:  tensor(18.9757, device='cuda:0', grad_fn=<DivBackward0>)
	 epoch  0 test error:  tensor(102.5279, device='cuda:0', grad_fn=<DivBackward0>)
Memory status after this epoch: 
Memory allocated:  252.56201171875
Memory cached:  312.0
	 epoch  10 training error:  tensor(0.3888, device='cuda:0', grad_fn=<DivBackward0>)
	 epoch  10 test error:  tensor(1.3478, device='cuda:0', grad_fn=<DivBackward0>)
Memory status after this epoch: 
Memory allocated:  252.70263671875
Memory cached:  494.0
	 epoch  20 training error:  tensor(0.2740, device='cuda:0', grad_fn=<DivBackward0>)
	 epoch  20 test error:  tensor(0.7394, device='cuda:0', grad_fn=<DivBackward0>)
Memory status after this epoch: 
Memory allocated:  252.23388671875
Memory cached:  494.0
	 epoch  30 training error:  tensor(0.2627, device='cuda:0', grad_fn=<DivBackward0>)
	 epoch  30 test error:  tensor(1.0035, device='cuda:0', grad_fn=<DivBackward0>)
Memory status after this epoch: 
Memory allocated:  253.03076171875
Memory cached:  494.0
	 epoch  40 training error:  tensor(0.2593, device='cuda:0', grad_fn=<DivBackward0>)
	 epoch  40 test error:  tensor(0.9681, device='cuda:0', grad_fn=<DivBackward0>)
Memory status after this epoch: 
Memory allocated:  252.23388671875
Memory cached:  494.0
	 epoch  50 training error:  tensor(0.2595, device='cuda:0', grad_fn=<DivBackward0>)
	 epoch  50 test error:  tensor(0.9341, device='cuda:0', grad_fn=<DivBackward0>)
Memory status after this epoch: 
Memory allocated:  253.03076171875
Memory cached:  494.0
	 epoch  60 training error:  tensor(0.2594, device='cuda:0', grad_fn=<DivBackward0>)
	 epoch  60 test error:  tensor(0.9215, device='cuda:0', grad_fn=<DivBackward0>)
Memory status after this epoch: 
Memory allocated:  252.23388671875
Memory cached:  494.0
	 epoch  70 training error:  tensor(0.2595, device='cuda:0', grad_fn=<DivBackward0>)
	 epoch  70 test error:  tensor(0.9174, device='cuda:0', grad_fn=<DivBackward0>)
Memory status after this epoch: 
Memory allocated:  252.70263671875
Memory cached:  494.0
	 epoch  80 training error:  tensor(0.2594, device='cuda:0', grad_fn=<DivBackward0>)
	 epoch  80 test error:  tensor(0.9007, device='cuda:0', grad_fn=<DivBackward0>)
Memory status after this epoch: 
Memory allocated:  252.56201171875
Memory cached:  494.0
	 epoch  90 training error:  tensor(0.2599, device='cuda:0', grad_fn=<DivBackward0>)
	 epoch  90 test error:  tensor(0.9184, device='cuda:0', grad_fn=<DivBackward0>)
Memory status after this epoch: 
Memory allocated:  252.70263671875
Memory cached:  494.0
[I 2023-11-16 17:45:23,085] Trial 6 finished with value: 0.9518348574638367 and parameters: {'W_layers': 4, 'W_layer_units_exponent_0': 10, 'W_layer_units_exponent_1': 8, 'W_layer_units_exponent_2': 4, 'W_layer_units_exponent_3': 6, 'D_layers': 7, 'D_layer_units_exponent_0': 7, 'D_layer_units_exponent_1': 7, 'D_layer_units_exponent_2': 10, 'D_layer_units_exponent_3': 6, 'D_layer_units_exponent_4': 7, 'D_layer_units_exponent_5': 7, 'D_layer_units_exponent_6': 6, 'log_learning_rate': -2.360849432930491, 'log_learning_rate_D': -1.0712017747253624, 'training_batch_size': 6, 'training_p': 4}. Best is trial 3 with value: 0.869036853313446.
Time for this trial:  279.08870005607605
Memory status after this trial: 
Memory allocated:  487.5673828125
Memory cached:  494.0
--------------------  Trial  7   --------------------
Start timing: 
Parameters: 
{'W_layers': 8, 'W_layer_units_exponent_0': 6, 'W_layer_units_exponent_1': 4, 'W_layer_units_exponent_2': 8, 'W_layer_units_exponent_3': 9, 'W_layer_units_exponent_4': 7, 'W_layer_units_exponent_5': 5, 'W_layer_units_exponent_6': 6, 'W_layer_units_exponent_7': 5, 'D_layers': 7, 'D_layer_units_exponent_0': 4, 'D_layer_units_exponent_1': 7, 'D_layer_units_exponent_2': 7, 'D_layer_units_exponent_3': 7, 'D_layer_units_exponent_4': 9, 'D_layer_units_exponent_5': 6, 'D_layer_units_exponent_6': 8, 'log_learning_rate': -4.97631319511221, 'log_learning_rate_D': -1.9162266035483189, 'training_batch_size': 7, 'training_p': 8}
	 epoch  0 training error:  tensor(0.9434, device='cuda:0', grad_fn=<DivBackward0>)
	 epoch  0 test error:  tensor(4.5817, device='cuda:0', grad_fn=<DivBackward0>)
Memory status after this epoch: 
Memory allocated:  213.9814453125
Memory cached:  274.0
	 epoch  10 training error:  tensor(0.8550, device='cuda:0', grad_fn=<DivBackward0>)
	 epoch  10 test error:  tensor(3.0670, device='cuda:0', grad_fn=<DivBackward0>)
Memory status after this epoch: 
Memory allocated:  213.5126953125
Memory cached:  420.0
	 epoch  20 training error:  tensor(0.4804, device='cuda:0', grad_fn=<DivBackward0>)
	 epoch  20 test error:  tensor(1.4298, device='cuda:0', grad_fn=<DivBackward0>)
Memory status after this epoch: 
Memory allocated:  214.3095703125
Memory cached:  420.0
	 epoch  30 training error:  tensor(0.3177, device='cuda:0', grad_fn=<DivBackward0>)
	 epoch  30 test error:  tensor(1.0208, device='cuda:0', grad_fn=<DivBackward0>)
Memory status after this epoch: 
Memory allocated:  213.0439453125
Memory cached:  420.0
	 epoch  40 training error:  tensor(0.3416, device='cuda:0', grad_fn=<DivBackward0>)
	 epoch  40 test error:  tensor(1.2287, device='cuda:0', grad_fn=<DivBackward0>)
Memory status after this epoch: 
Memory allocated:  214.3095703125
Memory cached:  420.0
	 epoch  50 training error:  tensor(0.3194, device='cuda:0', grad_fn=<DivBackward0>)
	 epoch  50 test error:  tensor(0.8432, device='cuda:0', grad_fn=<DivBackward0>)
Memory status after this epoch: 
Memory allocated:  213.0439453125
Memory cached:  420.0
	 epoch  60 training error:  tensor(0.3198, device='cuda:0', grad_fn=<DivBackward0>)
	 epoch  60 test error:  tensor(0.8690, device='cuda:0', grad_fn=<DivBackward0>)
Memory status after this epoch: 
Memory allocated:  214.3095703125
Memory cached:  420.0
	 epoch  70 training error:  tensor(0.3187, device='cuda:0', grad_fn=<DivBackward0>)
	 epoch  70 test error:  tensor(0.9859, device='cuda:0', grad_fn=<DivBackward0>)
Memory status after this epoch: 
Memory allocated:  213.0439453125
Memory cached:  420.0
	 epoch  80 training error:  tensor(0.3177, device='cuda:0', grad_fn=<DivBackward0>)
	 epoch  80 test error:  tensor(0.9142, device='cuda:0', grad_fn=<DivBackward0>)
Memory status after this epoch: 
Memory allocated:  214.3095703125
Memory cached:  420.0
	 epoch  90 training error:  tensor(0.3177, device='cuda:0', grad_fn=<DivBackward0>)
	 epoch  90 test error:  tensor(0.9165, device='cuda:0', grad_fn=<DivBackward0>)
Memory status after this epoch: 
Memory allocated:  213.0439453125
Memory cached:  420.0
[I 2023-11-16 17:48:35,277] Trial 7 finished with value: 0.9401912689208984 and parameters: {'W_layers': 8, 'W_layer_units_exponent_0': 6, 'W_layer_units_exponent_1': 4, 'W_layer_units_exponent_2': 8, 'W_layer_units_exponent_3': 9, 'W_layer_units_exponent_4': 7, 'W_layer_units_exponent_5': 5, 'W_layer_units_exponent_6': 6, 'W_layer_units_exponent_7': 5, 'D_layers': 7, 'D_layer_units_exponent_0': 4, 'D_layer_units_exponent_1': 7, 'D_layer_units_exponent_2': 7, 'D_layer_units_exponent_3': 7, 'D_layer_units_exponent_4': 9, 'D_layer_units_exponent_5': 6, 'D_layer_units_exponent_6': 8, 'log_learning_rate': -4.97631319511221, 'log_learning_rate_D': -1.9162266035483189, 'training_batch_size': 7, 'training_p': 8}. Best is trial 3 with value: 0.869036853313446.
Time for this trial:  192.00586366653442
Memory status after this trial: 
Memory allocated:  413.22265625
Memory cached:  422.0
--------------------  Trial  8   --------------------
Start timing: 
Parameters: 
{'W_layers': 3, 'W_layer_units_exponent_0': 9, 'W_layer_units_exponent_1': 10, 'W_layer_units_exponent_2': 10, 'D_layers': 8, 'D_layer_units_exponent_0': 6, 'D_layer_units_exponent_1': 8, 'D_layer_units_exponent_2': 5, 'D_layer_units_exponent_3': 6, 'D_layer_units_exponent_4': 4, 'D_layer_units_exponent_5': 8, 'D_layer_units_exponent_6': 6, 'D_layer_units_exponent_7': 9, 'log_learning_rate': -3.248277997929343, 'log_learning_rate_D': -1.2572340814743108, 'training_batch_size': 11, 'training_p': 2}
	 epoch  0 training error:  tensor(2.2847, device='cuda:0', grad_fn=<DivBackward0>)
	 epoch  0 test error:  tensor(381.2583, device='cuda:0', grad_fn=<DivBackward0>)
Memory status after this epoch: 
Memory allocated:  312.96826171875
Memory cached:  388.0
	 epoch  10 training error:  tensor(0.9999, device='cuda:0', grad_fn=<DivBackward0>)
	 epoch  10 test error:  tensor(5.1639, device='cuda:0', grad_fn=<DivBackward0>)
Memory status after this epoch: 
Memory allocated:  314.51513671875
Memory cached:  614.0
	 epoch  20 training error:  tensor(1.0000, device='cuda:0', grad_fn=<DivBackward0>)
	 epoch  20 test error:  tensor(5.1642, device='cuda:0', grad_fn=<DivBackward0>)
Memory status after this epoch: 
Memory allocated:  312.49951171875
Memory cached:  614.0
	 epoch  30 training error:  tensor(1.0000, device='cuda:0', grad_fn=<DivBackward0>)
	 epoch  30 test error:  tensor(5.1642, device='cuda:0', grad_fn=<DivBackward0>)
Memory status after this epoch: 
Memory allocated:  314.32763671875
Memory cached:  614.0
	 epoch  40 training error:  tensor(1.0000, device='cuda:0', grad_fn=<DivBackward0>)
	 epoch  40 test error:  tensor(5.1642, device='cuda:0', grad_fn=<DivBackward0>)
Memory status after this epoch: 
Memory allocated:  312.49951171875
Memory cached:  614.0
	 epoch  50 training error:  tensor(1.0000, device='cuda:0', grad_fn=<DivBackward0>)
	 epoch  50 test error:  tensor(5.1642, device='cuda:0', grad_fn=<DivBackward0>)
Memory status after this epoch: 
Memory allocated:  314.32763671875
Memory cached:  614.0
	 epoch  60 training error:  tensor(1.0000, device='cuda:0', grad_fn=<DivBackward0>)
	 epoch  60 test error:  tensor(5.1642, device='cuda:0', grad_fn=<DivBackward0>)
Memory status after this epoch: 
Memory allocated:  312.49951171875
Memory cached:  616.0
	 epoch  70 training error:  tensor(1.0000, device='cuda:0', grad_fn=<DivBackward0>)
	 epoch  70 test error:  tensor(5.1642, device='cuda:0', grad_fn=<DivBackward0>)
Memory status after this epoch: 
Memory allocated:  314.32763671875
Memory cached:  620.0
	 epoch  80 training error:  tensor(1.0000, device='cuda:0', grad_fn=<DivBackward0>)
	 epoch  80 test error:  tensor(5.1642, device='cuda:0', grad_fn=<DivBackward0>)
Memory status after this epoch: 
Memory allocated:  312.49951171875
Memory cached:  620.0
	 epoch  90 training error:  tensor(1.0000, device='cuda:0', grad_fn=<DivBackward0>)
	 epoch  90 test error:  tensor(5.1642, device='cuda:0', grad_fn=<DivBackward0>)
Memory status after this epoch: 
Memory allocated:  314.32763671875
Memory cached:  618.0
[I 2023-11-16 17:51:26,478] Trial 8 finished with value: 5.164218902587891 and parameters: {'W_layers': 3, 'W_layer_units_exponent_0': 9, 'W_layer_units_exponent_1': 10, 'W_layer_units_exponent_2': 10, 'D_layers': 8, 'D_layer_units_exponent_0': 6, 'D_layer_units_exponent_1': 8, 'D_layer_units_exponent_2': 5, 'D_layer_units_exponent_3': 6, 'D_layer_units_exponent_4': 4, 'D_layer_units_exponent_5': 8, 'D_layer_units_exponent_6': 6, 'D_layer_units_exponent_7': 9, 'log_learning_rate': -3.248277997929343, 'log_learning_rate_D': -1.2572340814743108, 'training_batch_size': 11, 'training_p': 2}. Best is trial 3 with value: 0.869036853313446.
Time for this trial:  171.0081605911255
Memory status after this trial: 
Memory allocated:  582.1513671875
Memory cached:  618.0
--------------------  Trial  9   --------------------
Start timing: 
Parameters: 
{'W_layers': 7, 'W_layer_units_exponent_0': 5, 'W_layer_units_exponent_1': 5, 'W_layer_units_exponent_2': 9, 'W_layer_units_exponent_3': 6, 'W_layer_units_exponent_4': 4, 'W_layer_units_exponent_5': 7, 'W_layer_units_exponent_6': 8, 'D_layers': 5, 'D_layer_units_exponent_0': 7, 'D_layer_units_exponent_1': 5, 'D_layer_units_exponent_2': 5, 'D_layer_units_exponent_3': 10, 'D_layer_units_exponent_4': 5, 'log_learning_rate': -2.952991543149067, 'log_learning_rate_D': -1.9434889410199045, 'training_batch_size': 6, 'training_p': 2}
	 epoch  0 training error:  tensor(0.8935, device='cuda:0', grad_fn=<DivBackward0>)
	 epoch  0 test error:  tensor(4.4180, device='cuda:0', grad_fn=<DivBackward0>)
Memory status after this epoch: 
Memory allocated:  209.3193359375
Memory cached:  268.0
	 epoch  10 training error:  tensor(0.2792, device='cuda:0', grad_fn=<DivBackward0>)
	 epoch  10 test error:  tensor(1.9256, device='cuda:0', grad_fn=<DivBackward0>)
Memory status after this epoch: 
Memory allocated:  206.7412109375
Memory cached:  410.0
	 epoch  20 training error:  tensor(0.2107, device='cuda:0', grad_fn=<DivBackward0>)
	 epoch  20 test error:  tensor(1.0502, device='cuda:0', grad_fn=<DivBackward0>)
Memory status after this epoch: 
Memory allocated:  208.9443359375
Memory cached:  410.0
	 epoch  30 training error:  tensor(0.1880, device='cuda:0', grad_fn=<DivBackward0>)
	 epoch  30 test error:  tensor(0.9292, device='cuda:0', grad_fn=<DivBackward0>)
Memory status after this epoch: 
Memory allocated:  207.2099609375
Memory cached:  410.0
	 epoch  40 training error:  tensor(0.1862, device='cuda:0', grad_fn=<DivBackward0>)
	 epoch  40 test error:  tensor(0.8412, device='cuda:0', grad_fn=<DivBackward0>)
Memory status after this epoch: 
Memory allocated:  208.4755859375
Memory cached:  410.0
	 epoch  50 training error:  tensor(0.1858, device='cuda:0', grad_fn=<DivBackward0>)
	 epoch  50 test error:  tensor(0.9007, device='cuda:0', grad_fn=<DivBackward0>)
Memory status after this epoch: 
Memory allocated:  207.6787109375
Memory cached:  410.0
	 epoch  60 training error:  tensor(0.1842, device='cuda:0', grad_fn=<DivBackward0>)
	 epoch  60 test error:  tensor(0.8151, device='cuda:0', grad_fn=<DivBackward0>)
Memory status after this epoch: 
Memory allocated:  208.0068359375
Memory cached:  412.0
	 epoch  70 training error:  tensor(0.1898, device='cuda:0', grad_fn=<DivBackward0>)
	 epoch  70 test error:  tensor(0.8183, device='cuda:0', grad_fn=<DivBackward0>)
Memory status after this epoch: 
Memory allocated:  208.1474609375
Memory cached:  410.0
	 epoch  80 training error:  tensor(0.1968, device='cuda:0', grad_fn=<DivBackward0>)
	 epoch  80 test error:  tensor(0.8506, device='cuda:0', grad_fn=<DivBackward0>)
Memory status after this epoch: 
Memory allocated:  208.0068359375
Memory cached:  410.0
	 epoch  90 training error:  tensor(0.1909, device='cuda:0', grad_fn=<DivBackward0>)
	 epoch  90 test error:  tensor(0.8353, device='cuda:0', grad_fn=<DivBackward0>)
Memory status after this epoch: 
Memory allocated:  208.1474609375
Memory cached:  410.0
[I 2023-11-16 17:56:17,632] Trial 9 finished with value: 0.8129703402519226 and parameters: {'W_layers': 7, 'W_layer_units_exponent_0': 5, 'W_layer_units_exponent_1': 5, 'W_layer_units_exponent_2': 9, 'W_layer_units_exponent_3': 6, 'W_layer_units_exponent_4': 4, 'W_layer_units_exponent_5': 7, 'W_layer_units_exponent_6': 8, 'D_layers': 5, 'D_layer_units_exponent_0': 7, 'D_layer_units_exponent_1': 5, 'D_layer_units_exponent_2': 5, 'D_layer_units_exponent_3': 10, 'D_layer_units_exponent_4': 5, 'log_learning_rate': -2.952991543149067, 'log_learning_rate_D': -1.9434889410199045, 'training_batch_size': 6, 'training_p': 2}. Best is trial 9 with value: 0.8129703402519226.
Time for this trial:  290.9748742580414
Memory status after this trial: 
Memory allocated:  406.6630859375
Memory cached:  410.0
--------------------  Trial  10   --------------------
Start timing: 
Parameters: 
{'W_layers': 6, 'W_layer_units_exponent_0': 8, 'W_layer_units_exponent_1': 5, 'W_layer_units_exponent_2': 7, 'W_layer_units_exponent_3': 4, 'W_layer_units_exponent_4': 4, 'W_layer_units_exponent_5': 10, 'D_layers': 2, 'D_layer_units_exponent_0': 10, 'D_layer_units_exponent_1': 4, 'log_learning_rate': -2.042371821947321, 'log_learning_rate_D': -2.571867537779545, 'training_batch_size': 9, 'training_p': 2}
	 epoch  0 training error:  tensor(0.6333, device='cuda:0', grad_fn=<DivBackward0>)
	 epoch  0 test error:  tensor(127.2355, device='cuda:0', grad_fn=<DivBackward0>)
Memory status after this epoch: 
Memory allocated:  218.923828125
Memory cached:  278.0
	 epoch  10 training error:  tensor(0.9985, device='cuda:0', grad_fn=<DivBackward0>)
	 epoch  10 test error:  tensor(5.1548, device='cuda:0', grad_fn=<DivBackward0>)
Memory status after this epoch: 
Memory allocated:  218.783203125
Memory cached:  434.0
	 epoch  20 training error:  tensor(17.0766, device='cuda:0', grad_fn=<DivBackward0>)
	 epoch  20 test error:  tensor(5.2786, device='cuda:0', grad_fn=<DivBackward0>)
Memory status after this epoch: 
Memory allocated:  218.923828125
Memory cached:  434.0
	 epoch  30 training error:  tensor(1., device='cuda:0', grad_fn=<DivBackward0>)
	 epoch  30 test error:  tensor(5.1642, device='cuda:0', grad_fn=<DivBackward0>)
Memory status after this epoch: 
Memory allocated:  218.783203125
Memory cached:  434.0
	 epoch  40 training error:  tensor(1., device='cuda:0', grad_fn=<DivBackward0>)
	 epoch  40 test error:  tensor(5.1642, device='cuda:0', grad_fn=<DivBackward0>)
Memory status after this epoch: 
Memory allocated:  218.923828125
Memory cached:  438.0
	 epoch  50 training error:  tensor(1., device='cuda:0', grad_fn=<DivBackward0>)
	 epoch  50 test error:  tensor(5.1642, device='cuda:0', grad_fn=<DivBackward0>)
Memory status after this epoch: 
Memory allocated:  218.408203125
Memory cached:  436.0
	 epoch  60 training error:  tensor(1., device='cuda:0', grad_fn=<DivBackward0>)
	 epoch  60 test error:  tensor(5.1642, device='cuda:0', grad_fn=<DivBackward0>)
Memory status after this epoch: 
Memory allocated:  219.298828125
Memory cached:  436.0
	 epoch  70 training error:  tensor(1., device='cuda:0', grad_fn=<DivBackward0>)
	 epoch  70 test error:  tensor(5.1642, device='cuda:0', grad_fn=<DivBackward0>)
Memory status after this epoch: 
Memory allocated:  218.408203125
Memory cached:  434.0
	 epoch  80 training error:  tensor(1., device='cuda:0', grad_fn=<DivBackward0>)
	 epoch  80 test error:  tensor(5.1642, device='cuda:0', grad_fn=<DivBackward0>)
Memory status after this epoch: 
Memory allocated:  218.830078125
Memory cached:  434.0
	 epoch  90 training error:  tensor(1., device='cuda:0', grad_fn=<DivBackward0>)
	 epoch  90 test error:  tensor(5.1642, device='cuda:0', grad_fn=<DivBackward0>)
Memory status after this epoch: 
Memory allocated:  218.408203125
Memory cached:  434.0
