[I 2023-11-17 12:23:20,595] Trial 38 finished with value: 0.19367720186710358 and parameters: {'W_layers': 3, 'W_layer_units_exponent_0': 9, 'W_layer_units_exponent_1': 9, 'W_layer_units_exponent_2': 6, 'D_layers': 8, 'D_layer_units_exponent_0': 8, 'D_layer_units_exponent_1': 10, 'D_layer_units_exponent_2': 9, 'D_layer_units_exponent_3': 6, 'D_layer_units_exponent_4': 9, 'D_layer_units_exponent_5': 9, 'D_layer_units_exponent_6': 7, 'D_layer_units_exponent_7': 4, 'log_learning_rate': -4.4352603162914175, 'log_learning_rate_D': -4.399671172924392, 'training_batch_size': 11, 'training_p': 7}. Best is trial 32 with value: 0.1905340552330017.
Time for this trial:  170.92045950889587
Memory status after this trial: 
Memory allocated:  726.447265625
Memory cached:  740.0
--------------------  Trial  39   --------------------
Start timing: 
Parameters: 
{'W_layers': 4, 'W_layer_units_exponent_0': 8, 'W_layer_units_exponent_1': 10, 'W_layer_units_exponent_2': 9, 'W_layer_units_exponent_3': 4, 'D_layers': 4, 'D_layer_units_exponent_0': 6, 'D_layer_units_exponent_1': 6, 'D_layer_units_exponent_2': 7, 'D_layer_units_exponent_3': 5, 'log_learning_rate': -3.4987368166499992, 'log_learning_rate_D': -3.7332793053680104, 'training_batch_size': 12, 'training_p': 2}
	 epoch  0 training error:  tensor(1.0013, device='cuda:0', grad_fn=<DivBackward0>)
	 epoch  0 test error:  tensor(0.2768, device='cuda:0', grad_fn=<DivBackward0>)
Memory status after this epoch: 
Memory allocated:  266.2099609375
Memory cached:  408.0
	 epoch  10 training error:  tensor(1.0437, device='cuda:0', grad_fn=<DivBackward0>)
	 epoch  10 test error:  tensor(0.1962, device='cuda:0', grad_fn=<DivBackward0>)
Memory status after this epoch: 
Memory allocated:  265.4599609375
Memory cached:  532.0
	 epoch  20 training error:  tensor(1.0026, device='cuda:0', grad_fn=<DivBackward0>)
	 epoch  20 test error:  tensor(0.1925, device='cuda:0', grad_fn=<DivBackward0>)
Memory status after this epoch: 
Memory allocated:  266.2099609375
Memory cached:  532.0
	 epoch  30 training error:  tensor(0.9944, device='cuda:0', grad_fn=<DivBackward0>)
	 epoch  30 test error:  tensor(0.1914, device='cuda:0', grad_fn=<DivBackward0>)
Memory status after this epoch: 
Memory allocated:  265.8818359375
Memory cached:  532.0
	 epoch  40 training error:  tensor(0.9953, device='cuda:0', grad_fn=<DivBackward0>)
	 epoch  40 test error:  tensor(0.1914, device='cuda:0', grad_fn=<DivBackward0>)
Memory status after this epoch: 
Memory allocated:  266.2099609375
Memory cached:  532.0
	 epoch  50 training error:  tensor(0.9944, device='cuda:0', grad_fn=<DivBackward0>)
	 epoch  50 test error:  tensor(0.1914, device='cuda:0', grad_fn=<DivBackward0>)
Memory status after this epoch: 
Memory allocated:  265.8818359375
Memory cached:  534.0
	 epoch  60 training error:  tensor(0.9942, device='cuda:0', grad_fn=<DivBackward0>)
	 epoch  60 test error:  tensor(0.1913, device='cuda:0', grad_fn=<DivBackward0>)
Memory status after this epoch: 
Memory allocated:  266.2099609375
Memory cached:  534.0
	 epoch  70 training error:  tensor(0.9942, device='cuda:0', grad_fn=<DivBackward0>)
	 epoch  70 test error:  tensor(0.1912, device='cuda:0', grad_fn=<DivBackward0>)
Memory status after this epoch: 
Memory allocated:  265.8818359375
Memory cached:  532.0
	 epoch  80 training error:  tensor(0.9941, device='cuda:0', grad_fn=<DivBackward0>)
	 epoch  80 test error:  tensor(0.1912, device='cuda:0', grad_fn=<DivBackward0>)
Memory status after this epoch: 
Memory allocated:  266.2099609375
Memory cached:  532.0
	 epoch  90 training error:  tensor(0.9940, device='cuda:0', grad_fn=<DivBackward0>)
	 epoch  90 test error:  tensor(0.1911, device='cuda:0', grad_fn=<DivBackward0>)
Memory status after this epoch: 
Memory allocated:  265.8818359375
Memory cached:  532.0
[I 2023-11-17 12:25:36,328] Trial 39 finished with value: 0.1910502016544342 and parameters: {'W_layers': 4, 'W_layer_units_exponent_0': 8, 'W_layer_units_exponent_1': 10, 'W_layer_units_exponent_2': 9, 'W_layer_units_exponent_3': 4, 'D_layers': 4, 'D_layer_units_exponent_0': 6, 'D_layer_units_exponent_1': 6, 'D_layer_units_exponent_2': 7, 'D_layer_units_exponent_3': 5, 'log_learning_rate': -3.4987368166499992, 'log_learning_rate_D': -3.7332793053680104, 'training_batch_size': 12, 'training_p': 2}. Best is trial 32 with value: 0.1905340552330017.
Time for this trial:  135.511084318161
Memory status after this trial: 
Memory allocated:  509.365234375
Memory cached:  532.0
--------------------  Trial  40   --------------------
Start timing: 
Parameters: 
{'W_layers': 6, 'W_layer_units_exponent_0': 4, 'W_layer_units_exponent_1': 10, 'W_layer_units_exponent_2': 4, 'W_layer_units_exponent_3': 10, 'W_layer_units_exponent_4': 4, 'W_layer_units_exponent_5': 10, 'D_layers': 7, 'D_layer_units_exponent_0': 7, 'D_layer_units_exponent_1': 10, 'D_layer_units_exponent_2': 6, 'D_layer_units_exponent_3': 7, 'D_layer_units_exponent_4': 5, 'D_layer_units_exponent_5': 8, 'D_layer_units_exponent_6': 10, 'log_learning_rate': -4.337768869673228, 'log_learning_rate_D': -4.792037966462635, 'training_batch_size': 12, 'training_p': 6}
	 epoch  0 training error:  tensor(1.0086, device='cuda:0', grad_fn=<DivBackward0>)
	 epoch  0 test error:  tensor(0.1932, device='cuda:0', grad_fn=<DivBackward0>)
Memory status after this epoch: 
Memory allocated:  457.759765625
Memory cached:  588.0
	 epoch  10 training error:  tensor(0.9944, device='cuda:0', grad_fn=<DivBackward0>)
	 epoch  10 test error:  tensor(0.1915, device='cuda:0', grad_fn=<DivBackward0>)
Memory status after this epoch: 
Memory allocated:  457.150390625
Memory cached:  908.0
	 epoch  20 training error:  tensor(0.9921, device='cuda:0', grad_fn=<DivBackward0>)
	 epoch  20 test error:  tensor(0.1922, device='cuda:0', grad_fn=<DivBackward0>)
Memory status after this epoch: 
Memory allocated:  458.181640625
Memory cached:  908.0
	 epoch  30 training error:  tensor(0.9912, device='cuda:0', grad_fn=<DivBackward0>)
	 epoch  30 test error:  tensor(0.1916, device='cuda:0', grad_fn=<DivBackward0>)
Memory status after this epoch: 
Memory allocated:  456.681640625
Memory cached:  908.0
	 epoch  40 training error:  tensor(0.9911, device='cuda:0', grad_fn=<DivBackward0>)
	 epoch  40 test error:  tensor(0.1917, device='cuda:0', grad_fn=<DivBackward0>)
Memory status after this epoch: 
Memory allocated:  458.650390625
Memory cached:  908.0
	 epoch  50 training error:  tensor(0.9909, device='cuda:0', grad_fn=<DivBackward0>)
	 epoch  50 test error:  tensor(0.1919, device='cuda:0', grad_fn=<DivBackward0>)
Memory status after this epoch: 
Memory allocated:  456.306640625
Memory cached:  908.0
	 epoch  60 training error:  tensor(0.9907, device='cuda:0', grad_fn=<DivBackward0>)
	 epoch  60 test error:  tensor(0.1919, device='cuda:0', grad_fn=<DivBackward0>)
Memory status after this epoch: 
Memory allocated:  458.744140625
Memory cached:  908.0
	 epoch  70 training error:  tensor(0.9903, device='cuda:0', grad_fn=<DivBackward0>)
	 epoch  70 test error:  tensor(0.1922, device='cuda:0', grad_fn=<DivBackward0>)
Memory status after this epoch: 
Memory allocated:  456.494140625
Memory cached:  908.0
	 epoch  80 training error:  tensor(0.9898, device='cuda:0', grad_fn=<DivBackward0>)
	 epoch  80 test error:  tensor(0.1927, device='cuda:0', grad_fn=<DivBackward0>)
Memory status after this epoch: 
Memory allocated:  458.744140625
Memory cached:  908.0
	 epoch  90 training error:  tensor(0.9896, device='cuda:0', grad_fn=<DivBackward0>)
	 epoch  90 test error:  tensor(0.1933, device='cuda:0', grad_fn=<DivBackward0>)
Memory status after this epoch: 
Memory allocated:  456.587890625
Memory cached:  908.0
[I 2023-11-17 12:28:58,995] Trial 40 finished with value: 0.1933978945016861 and parameters: {'W_layers': 6, 'W_layer_units_exponent_0': 4, 'W_layer_units_exponent_1': 10, 'W_layer_units_exponent_2': 4, 'W_layer_units_exponent_3': 10, 'W_layer_units_exponent_4': 4, 'W_layer_units_exponent_5': 10, 'D_layers': 7, 'D_layer_units_exponent_0': 7, 'D_layer_units_exponent_1': 10, 'D_layer_units_exponent_2': 6, 'D_layer_units_exponent_3': 7, 'D_layer_units_exponent_4': 5, 'D_layer_units_exponent_5': 8, 'D_layer_units_exponent_6': 10, 'log_learning_rate': -4.337768869673228, 'log_learning_rate_D': -4.792037966462635, 'training_batch_size': 12, 'training_p': 6}. Best is trial 32 with value: 0.1905340552330017.
Time for this trial:  202.40703892707825
Memory status after this trial: 
Memory allocated:  898.2978515625
Memory cached:  908.0
--------------------  Trial  41   --------------------
Start timing: 
Parameters: 
{'W_layers': 7, 'W_layer_units_exponent_0': 10, 'W_layer_units_exponent_1': 10, 'W_layer_units_exponent_2': 10, 'W_layer_units_exponent_3': 10, 'W_layer_units_exponent_4': 5, 'W_layer_units_exponent_5': 8, 'W_layer_units_exponent_6': 5, 'D_layers': 5, 'D_layer_units_exponent_0': 7, 'D_layer_units_exponent_1': 9, 'D_layer_units_exponent_2': 10, 'D_layer_units_exponent_3': 9, 'D_layer_units_exponent_4': 8, 'log_learning_rate': -3.775014162730338, 'log_learning_rate_D': -4.263503497540944, 'training_batch_size': 11, 'training_p': 2}
	 epoch  0 training error:  tensor(0.9968, device='cuda:0', grad_fn=<DivBackward0>)
	 epoch  0 test error:  tensor(0.2011, device='cuda:0', grad_fn=<DivBackward0>)
Memory status after this epoch: 
Memory allocated:  574.43017578125
Memory cached:  736.0
	 epoch  10 training error:  tensor(0.9955, device='cuda:0', grad_fn=<DivBackward0>)
	 epoch  10 test error:  tensor(0.1917, device='cuda:0', grad_fn=<DivBackward0>)
Memory status after this epoch: 
Memory allocated:  572.74267578125
Memory cached:  1114.0
	 epoch  20 training error:  tensor(0.9958, device='cuda:0', grad_fn=<DivBackward0>)
	 epoch  20 test error:  tensor(0.1917, device='cuda:0', grad_fn=<DivBackward0>)
Memory status after this epoch: 
Memory allocated:  574.75830078125
Memory cached:  1094.0
	 epoch  30 training error:  tensor(0.9946, device='cuda:0', grad_fn=<DivBackward0>)
	 epoch  30 test error:  tensor(0.1914, device='cuda:0', grad_fn=<DivBackward0>)
Memory status after this epoch: 
Memory allocated:  572.46142578125
Memory cached:  1094.0
	 epoch  40 training error:  tensor(0.9943, device='cuda:0', grad_fn=<DivBackward0>)
	 epoch  40 test error:  tensor(0.1913, device='cuda:0', grad_fn=<DivBackward0>)
Memory status after this epoch: 
Memory allocated:  574.57080078125
Memory cached:  1090.0
	 epoch  50 training error:  tensor(0.9941, device='cuda:0', grad_fn=<DivBackward0>)
	 epoch  50 test error:  tensor(0.1910, device='cuda:0', grad_fn=<DivBackward0>)
Memory status after this epoch: 
Memory allocated:  573.16455078125
Memory cached:  1090.0
	 epoch  60 training error:  tensor(0.9939, device='cuda:0', grad_fn=<DivBackward0>)
	 epoch  60 test error:  tensor(0.1909, device='cuda:0', grad_fn=<DivBackward0>)
Memory status after this epoch: 
Memory allocated:  574.19580078125
Memory cached:  1090.0
	 epoch  70 training error:  tensor(0.9938, device='cuda:0', grad_fn=<DivBackward0>)
	 epoch  70 test error:  tensor(0.1907, device='cuda:0', grad_fn=<DivBackward0>)
Memory status after this epoch: 
Memory allocated:  573.86767578125
Memory cached:  1090.0
	 epoch  80 training error:  tensor(0.9937, device='cuda:0', grad_fn=<DivBackward0>)
	 epoch  80 test error:  tensor(0.1906, device='cuda:0', grad_fn=<DivBackward0>)
Memory status after this epoch: 
Memory allocated:  574.10205078125
Memory cached:  1086.0
	 epoch  90 training error:  tensor(0.9936, device='cuda:0', grad_fn=<DivBackward0>)
	 epoch  90 test error:  tensor(0.1906, device='cuda:0', grad_fn=<DivBackward0>)
Memory status after this epoch: 
Memory allocated:  573.86767578125
Memory cached:  1086.0
[I 2023-11-17 12:32:18,069] Trial 41 finished with value: 0.1905839890241623 and parameters: {'W_layers': 7, 'W_layer_units_exponent_0': 10, 'W_layer_units_exponent_1': 10, 'W_layer_units_exponent_2': 10, 'W_layer_units_exponent_3': 10, 'W_layer_units_exponent_4': 5, 'W_layer_units_exponent_5': 8, 'W_layer_units_exponent_6': 5, 'D_layers': 5, 'D_layer_units_exponent_0': 7, 'D_layer_units_exponent_1': 9, 'D_layer_units_exponent_2': 10, 'D_layer_units_exponent_3': 9, 'D_layer_units_exponent_4': 8, 'log_learning_rate': -3.775014162730338, 'log_learning_rate_D': -4.263503497540944, 'training_batch_size': 11, 'training_p': 2}. Best is trial 32 with value: 0.1905340552330017.
Time for this trial:  198.8341715335846
Memory status after this trial: 
Memory allocated:  1042.037109375
Memory cached:  1086.0
--------------------  Trial  42   --------------------
Start timing: 
Parameters: 
{'W_layers': 8, 'W_layer_units_exponent_0': 10, 'W_layer_units_exponent_1': 10, 'W_layer_units_exponent_2': 9, 'W_layer_units_exponent_3': 10, 'W_layer_units_exponent_4': 5, 'W_layer_units_exponent_5': 8, 'W_layer_units_exponent_6': 5, 'W_layer_units_exponent_7': 9, 'D_layers': 2, 'D_layer_units_exponent_0': 7, 'D_layer_units_exponent_1': 9, 'log_learning_rate': -4.501060463562273, 'log_learning_rate_D': -4.511101281725095, 'training_batch_size': 11, 'training_p': 2}
	 epoch  0 training error:  tensor(0.9985, device='cuda:0', grad_fn=<DivBackward0>)
	 epoch  0 test error:  tensor(0.1917, device='cuda:0', grad_fn=<DivBackward0>)
Memory status after this epoch: 
Memory allocated:  445.07275390625
Memory cached:  540.0
	 epoch  10 training error:  tensor(0.9944, device='cuda:0', grad_fn=<DivBackward0>)
	 epoch  10 test error:  tensor(0.1915, device='cuda:0', grad_fn=<DivBackward0>)
Memory status after this epoch: 
Memory allocated:  447.08837890625
Memory cached:  858.0
	 epoch  20 training error:  tensor(0.9943, device='cuda:0', grad_fn=<DivBackward0>)
	 epoch  20 test error:  tensor(0.1914, device='cuda:0', grad_fn=<DivBackward0>)
Memory status after this epoch: 
Memory allocated:  444.83837890625
Memory cached:  858.0
	 epoch  30 training error:  tensor(0.9942, device='cuda:0', grad_fn=<DivBackward0>)
	 epoch  30 test error:  tensor(0.1913, device='cuda:0', grad_fn=<DivBackward0>)
Memory status after this epoch: 
Memory allocated:  446.85400390625
Memory cached:  858.0
	 epoch  40 training error:  tensor(0.9941, device='cuda:0', grad_fn=<DivBackward0>)
	 epoch  40 test error:  tensor(0.1912, device='cuda:0', grad_fn=<DivBackward0>)
Memory status after this epoch: 
Memory allocated:  445.07275390625
Memory cached:  858.0
	 epoch  50 training error:  tensor(0.9940, device='cuda:0', grad_fn=<DivBackward0>)
	 epoch  50 test error:  tensor(0.1911, device='cuda:0', grad_fn=<DivBackward0>)
Memory status after this epoch: 
Memory allocated:  446.90087890625
Memory cached:  854.0
	 epoch  60 training error:  tensor(0.9939, device='cuda:0', grad_fn=<DivBackward0>)
	 epoch  60 test error:  tensor(0.1908, device='cuda:0', grad_fn=<DivBackward0>)
Memory status after this epoch: 
Memory allocated:  445.07275390625
Memory cached:  854.0
	 epoch  70 training error:  tensor(0.9938, device='cuda:0', grad_fn=<DivBackward0>)
	 epoch  70 test error:  tensor(0.1906, device='cuda:0', grad_fn=<DivBackward0>)
Memory status after this epoch: 
Memory allocated:  446.90087890625
Memory cached:  854.0
	 epoch  80 training error:  tensor(0.9937, device='cuda:0', grad_fn=<DivBackward0>)
	 epoch  80 test error:  tensor(0.1905, device='cuda:0', grad_fn=<DivBackward0>)
Memory status after this epoch: 
Memory allocated:  445.07275390625
Memory cached:  856.0
	 epoch  90 training error:  tensor(0.9937, device='cuda:0', grad_fn=<DivBackward0>)
	 epoch  90 test error:  tensor(0.1905, device='cuda:0', grad_fn=<DivBackward0>)
Memory status after this epoch: 
Memory allocated:  446.90087890625
Memory cached:  854.0
[I 2023-11-17 12:35:09,424] Trial 42 finished with value: 0.1905541867017746 and parameters: {'W_layers': 8, 'W_layer_units_exponent_0': 10, 'W_layer_units_exponent_1': 10, 'W_layer_units_exponent_2': 9, 'W_layer_units_exponent_3': 10, 'W_layer_units_exponent_4': 5, 'W_layer_units_exponent_5': 8, 'W_layer_units_exponent_6': 5, 'W_layer_units_exponent_7': 9, 'D_layers': 2, 'D_layer_units_exponent_0': 7, 'D_layer_units_exponent_1': 9, 'log_learning_rate': -4.501060463562273, 'log_learning_rate_D': -4.511101281725095, 'training_batch_size': 11, 'training_p': 2}. Best is trial 32 with value: 0.1905340552330017.
Time for this trial:  171.13362741470337
Memory status after this trial: 
Memory allocated:  834.7236328125
Memory cached:  856.0
--------------------  Trial  43   --------------------
Start timing: 
Parameters: 
{'W_layers': 7, 'W_layer_units_exponent_0': 10, 'W_layer_units_exponent_1': 9, 'W_layer_units_exponent_2': 10, 'W_layer_units_exponent_3': 10, 'W_layer_units_exponent_4': 5, 'W_layer_units_exponent_5': 7, 'W_layer_units_exponent_6': 4, 'D_layers': 6, 'D_layer_units_exponent_0': 7, 'D_layer_units_exponent_1': 8, 'D_layer_units_exponent_2': 8, 'D_layer_units_exponent_3': 10, 'D_layer_units_exponent_4': 8, 'D_layer_units_exponent_5': 7, 'log_learning_rate': -4.78056422033663, 'log_learning_rate_D': -4.138864455721085, 'training_batch_size': 11, 'training_p': 3}
	 epoch  0 training error:  tensor(0.9994, device='cuda:0', grad_fn=<DivBackward0>)
	 epoch  0 test error:  tensor(0.1920, device='cuda:0', grad_fn=<DivBackward0>)
Memory status after this epoch: 
Memory allocated:  494.55908203125
Memory cached:  628.0
	 epoch  10 training error:  tensor(0.9932, device='cuda:0', grad_fn=<DivBackward0>)
	 epoch  10 test error:  tensor(0.1915, device='cuda:0', grad_fn=<DivBackward0>)
Memory status after this epoch: 
Memory allocated:  493.05908203125
Memory cached:  950.0
	 epoch  20 training error:  tensor(0.9931, device='cuda:0', grad_fn=<DivBackward0>)
	 epoch  20 test error:  tensor(0.1915, device='cuda:0', grad_fn=<DivBackward0>)
Memory status after this epoch: 
Memory allocated:  493.71533203125
Memory cached:  946.0
	 epoch  30 training error:  tensor(0.9931, device='cuda:0', grad_fn=<DivBackward0>)
	 epoch  30 test error:  tensor(0.1915, device='cuda:0', grad_fn=<DivBackward0>)
Memory status after this epoch: 
Memory allocated:  493.05908203125
Memory cached:  946.0
	 epoch  40 training error:  tensor(0.9930, device='cuda:0', grad_fn=<DivBackward0>)
	 epoch  40 test error:  tensor(0.1915, device='cuda:0', grad_fn=<DivBackward0>)
Memory status after this epoch: 
Memory allocated:  493.71533203125
Memory cached:  946.0
	 epoch  50 training error:  tensor(0.9930, device='cuda:0', grad_fn=<DivBackward0>)
	 epoch  50 test error:  tensor(0.1915, device='cuda:0', grad_fn=<DivBackward0>)
Memory status after this epoch: 
Memory allocated:  493.05908203125
Memory cached:  946.0
	 epoch  60 training error:  tensor(0.9930, device='cuda:0', grad_fn=<DivBackward0>)
	 epoch  60 test error:  tensor(0.1916, device='cuda:0', grad_fn=<DivBackward0>)
Memory status after this epoch: 
Memory allocated:  493.71533203125
Memory cached:  946.0
	 epoch  70 training error:  tensor(0.9930, device='cuda:0', grad_fn=<DivBackward0>)
	 epoch  70 test error:  tensor(0.1916, device='cuda:0', grad_fn=<DivBackward0>)
Memory status after this epoch: 
Memory allocated:  493.05908203125
Memory cached:  946.0
	 epoch  80 training error:  tensor(0.9930, device='cuda:0', grad_fn=<DivBackward0>)
	 epoch  80 test error:  tensor(0.1917, device='cuda:0', grad_fn=<DivBackward0>)
Memory status after this epoch: 
Memory allocated:  493.71533203125
Memory cached:  946.0
	 epoch  90 training error:  tensor(0.9930, device='cuda:0', grad_fn=<DivBackward0>)
	 epoch  90 test error:  tensor(0.1918, device='cuda:0', grad_fn=<DivBackward0>)
Memory status after this epoch: 
Memory allocated:  493.05908203125
Memory cached:  946.0
