[I 2023-11-16 12:32:01,981] Trial 6 finished with value: 0.04426875337958336 and parameters: {'W_layers': 5, 'W_layer_units_exponent_0': 10, 'W_layer_units_exponent_1': 6, 'W_layer_units_exponent_2': 5, 'W_layer_units_exponent_3': 6, 'W_layer_units_exponent_4': 4, 'D_layers': 4, 'D_layer_units_exponent_0': 5, 'D_layer_units_exponent_1': 10, 'D_layer_units_exponent_2': 7, 'D_layer_units_exponent_3': 7, 'log_learning_rate': -1.60971149230198, 'log_learning_rate_D': -1.0155810233460558, 'training_batch_size': 6, 'training_p': 6}. Best is trial 5 with value: 0.007464349269866943.
Time for this trial:  247.6034722328186
Memory status after this trial: 
Memory allocated:  398.56103515625
Memory cached:  418.0
--------------------  Trial  7   --------------------
Start timing: 
Parameters: 
{'W_layers': 2, 'W_layer_units_exponent_0': 4, 'W_layer_units_exponent_1': 7, 'D_layers': 6, 'D_layer_units_exponent_0': 6, 'D_layer_units_exponent_1': 9, 'D_layer_units_exponent_2': 10, 'D_layer_units_exponent_3': 7, 'D_layer_units_exponent_4': 7, 'D_layer_units_exponent_5': 9, 'log_learning_rate': -2.481121630975252, 'log_learning_rate_D': -3.306730821650062, 'training_batch_size': 8, 'training_p': 2}
	 epoch  0 training error:  tensor(7.0288, device='cuda:0', grad_fn=<DivBackward0>)
	 epoch  0 test error:  tensor(0.0334, device='cuda:0', grad_fn=<DivBackward0>)
Memory status after this epoch: 
Memory allocated:  210.4912109375
Memory cached:  262.0
	 epoch  10 training error:  tensor(1.8683, device='cuda:0', grad_fn=<DivBackward0>)
	 epoch  10 test error:  tensor(0.0585, device='cuda:0', grad_fn=<DivBackward0>)
Memory status after this epoch: 
Memory allocated:  210.1162109375
Memory cached:  416.0
	 epoch  20 training error:  tensor(0.2351, device='cuda:0', grad_fn=<DivBackward0>)
	 epoch  20 test error:  tensor(0.0126, device='cuda:0', grad_fn=<DivBackward0>)
Memory status after this epoch: 
Memory allocated:  210.9599609375
Memory cached:  416.0
	 epoch  30 training error:  tensor(0.2333, device='cuda:0', grad_fn=<DivBackward0>)
	 epoch  30 test error:  tensor(0.0101, device='cuda:0', grad_fn=<DivBackward0>)
Memory status after this epoch: 
Memory allocated:  209.6474609375
Memory cached:  416.0
	 epoch  40 training error:  tensor(0.2217, device='cuda:0', grad_fn=<DivBackward0>)
	 epoch  40 test error:  tensor(0.0074, device='cuda:0', grad_fn=<DivBackward0>)
Memory status after this epoch: 
Memory allocated:  210.9599609375
Memory cached:  416.0
	 epoch  50 training error:  tensor(0.2174, device='cuda:0', grad_fn=<DivBackward0>)
	 epoch  50 test error:  tensor(0.0072, device='cuda:0', grad_fn=<DivBackward0>)
Memory status after this epoch: 
Memory allocated:  209.6474609375
Memory cached:  416.0
	 epoch  60 training error:  tensor(0.2174, device='cuda:0', grad_fn=<DivBackward0>)
	 epoch  60 test error:  tensor(0.0073, device='cuda:0', grad_fn=<DivBackward0>)
Memory status after this epoch: 
Memory allocated:  210.9599609375
Memory cached:  416.0
	 epoch  70 training error:  tensor(0.2171, device='cuda:0', grad_fn=<DivBackward0>)
	 epoch  70 test error:  tensor(0.0075, device='cuda:0', grad_fn=<DivBackward0>)
Memory status after this epoch: 
Memory allocated:  209.6474609375
Memory cached:  418.0
	 epoch  80 training error:  tensor(0.2171, device='cuda:0', grad_fn=<DivBackward0>)
	 epoch  80 test error:  tensor(0.0074, device='cuda:0', grad_fn=<DivBackward0>)
Memory status after this epoch: 
Memory allocated:  210.9599609375
Memory cached:  418.0
	 epoch  90 training error:  tensor(0.2171, device='cuda:0', grad_fn=<DivBackward0>)
	 epoch  90 test error:  tensor(0.0074, device='cuda:0', grad_fn=<DivBackward0>)
Memory status after this epoch: 
Memory allocated:  209.6474609375
Memory cached:  416.0
[I 2023-11-16 12:34:21,365] Trial 7 finished with value: 0.007424442563205957 and parameters: {'W_layers': 2, 'W_layer_units_exponent_0': 4, 'W_layer_units_exponent_1': 7, 'D_layers': 6, 'D_layer_units_exponent_0': 6, 'D_layer_units_exponent_1': 9, 'D_layer_units_exponent_2': 10, 'D_layer_units_exponent_3': 7, 'D_layer_units_exponent_4': 7, 'D_layer_units_exponent_5': 9, 'log_learning_rate': -2.481121630975252, 'log_learning_rate_D': -3.306730821650062, 'training_batch_size': 8, 'training_p': 2}. Best is trial 7 with value: 0.007424442563205957.
Time for this trial:  139.21965336799622
Memory status after this trial: 
Memory allocated:  400.83251953125
Memory cached:  416.0
--------------------  Trial  8   --------------------
Start timing: 
Parameters: 
{'W_layers': 6, 'W_layer_units_exponent_0': 7, 'W_layer_units_exponent_1': 8, 'W_layer_units_exponent_2': 4, 'W_layer_units_exponent_3': 6, 'W_layer_units_exponent_4': 7, 'W_layer_units_exponent_5': 8, 'D_layers': 3, 'D_layer_units_exponent_0': 4, 'D_layer_units_exponent_1': 4, 'D_layer_units_exponent_2': 6, 'log_learning_rate': -3.8563569141579035, 'log_learning_rate_D': -2.1872527329864733, 'training_batch_size': 10, 'training_p': 5}
	 epoch  0 training error:  tensor(0.5397, device='cuda:0', grad_fn=<DivBackward0>)
	 epoch  0 test error:  tensor(0.0091, device='cuda:0', grad_fn=<DivBackward0>)
Memory status after this epoch: 
Memory allocated:  117.01953125
Memory cached:  176.0
	 epoch  10 training error:  tensor(0.3179, device='cuda:0', grad_fn=<DivBackward0>)
	 epoch  10 test error:  tensor(0.0091, device='cuda:0', grad_fn=<DivBackward0>)
Memory status after this epoch: 
Memory allocated:  117.86328125
Memory cached:  250.0
	 epoch  20 training error:  tensor(0.3237, device='cuda:0', grad_fn=<DivBackward0>)
	 epoch  20 test error:  tensor(0.0085, device='cuda:0', grad_fn=<DivBackward0>)
Memory status after this epoch: 
Memory allocated:  117.01953125
Memory cached:  250.0
	 epoch  30 training error:  tensor(0.3078, device='cuda:0', grad_fn=<DivBackward0>)
	 epoch  30 test error:  tensor(0.0075, device='cuda:0', grad_fn=<DivBackward0>)
Memory status after this epoch: 
Memory allocated:  117.86328125
Memory cached:  250.0
	 epoch  40 training error:  tensor(0.3079, device='cuda:0', grad_fn=<DivBackward0>)
	 epoch  40 test error:  tensor(0.0087, device='cuda:0', grad_fn=<DivBackward0>)
Memory status after this epoch: 
Memory allocated:  117.01953125
Memory cached:  252.0
	 epoch  50 training error:  tensor(0.3049, device='cuda:0', grad_fn=<DivBackward0>)
	 epoch  50 test error:  tensor(0.0080, device='cuda:0', grad_fn=<DivBackward0>)
Memory status after this epoch: 
Memory allocated:  117.86328125
Memory cached:  250.0
	 epoch  60 training error:  tensor(0.3040, device='cuda:0', grad_fn=<DivBackward0>)
	 epoch  60 test error:  tensor(0.0083, device='cuda:0', grad_fn=<DivBackward0>)
Memory status after this epoch: 
Memory allocated:  117.01953125
Memory cached:  252.0
	 epoch  70 training error:  tensor(0.3034, device='cuda:0', grad_fn=<DivBackward0>)
	 epoch  70 test error:  tensor(0.0084, device='cuda:0', grad_fn=<DivBackward0>)
Memory status after this epoch: 
Memory allocated:  117.86328125
Memory cached:  250.0
	 epoch  80 training error:  tensor(0.3029, device='cuda:0', grad_fn=<DivBackward0>)
	 epoch  80 test error:  tensor(0.0084, device='cuda:0', grad_fn=<DivBackward0>)
Memory status after this epoch: 
Memory allocated:  117.01953125
Memory cached:  252.0
	 epoch  90 training error:  tensor(0.3025, device='cuda:0', grad_fn=<DivBackward0>)
	 epoch  90 test error:  tensor(0.0083, device='cuda:0', grad_fn=<DivBackward0>)
Memory status after this epoch: 
Memory allocated:  117.86328125
Memory cached:  250.0
[I 2023-11-16 12:36:40,790] Trial 8 finished with value: 0.008361929096281528 and parameters: {'W_layers': 6, 'W_layer_units_exponent_0': 7, 'W_layer_units_exponent_1': 8, 'W_layer_units_exponent_2': 4, 'W_layer_units_exponent_3': 6, 'W_layer_units_exponent_4': 7, 'W_layer_units_exponent_5': 8, 'D_layers': 3, 'D_layer_units_exponent_0': 4, 'D_layer_units_exponent_1': 4, 'D_layer_units_exponent_2': 6, 'log_learning_rate': -3.8563569141579035, 'log_learning_rate_D': -2.1872527329864733, 'training_batch_size': 10, 'training_p': 5}. Best is trial 7 with value: 0.007424442563205957.
Time for this trial:  139.26876211166382
Memory status after this trial: 
Memory allocated:  231.72802734375
Memory cached:  252.0
--------------------  Trial  9   --------------------
Start timing: 
Parameters: 
{'W_layers': 4, 'W_layer_units_exponent_0': 7, 'W_layer_units_exponent_1': 8, 'W_layer_units_exponent_2': 8, 'W_layer_units_exponent_3': 8, 'D_layers': 5, 'D_layer_units_exponent_0': 4, 'D_layer_units_exponent_1': 4, 'D_layer_units_exponent_2': 4, 'D_layer_units_exponent_3': 4, 'D_layer_units_exponent_4': 7, 'log_learning_rate': -3.855868212143526, 'log_learning_rate_D': -2.7897290126347563, 'training_batch_size': 12, 'training_p': 8}
	 epoch  0 training error:  tensor(0.7629, device='cuda:0', grad_fn=<DivBackward0>)
	 epoch  0 test error:  tensor(0.0937, device='cuda:0', grad_fn=<DivBackward0>)
Memory status after this epoch: 
Memory allocated:  126.9921875
Memory cached:  186.0
	 epoch  10 training error:  tensor(0.8810, device='cuda:0', grad_fn=<DivBackward0>)
	 epoch  10 test error:  tensor(0.0249, device='cuda:0', grad_fn=<DivBackward0>)
Memory status after this epoch: 
Memory allocated:  126.1484375
Memory cached:  266.0
	 epoch  20 training error:  tensor(0.4399, device='cuda:0', grad_fn=<DivBackward0>)
	 epoch  20 test error:  tensor(0.0130, device='cuda:0', grad_fn=<DivBackward0>)
Memory status after this epoch: 
Memory allocated:  126.9921875
Memory cached:  266.0
	 epoch  30 training error:  tensor(0.4430, device='cuda:0', grad_fn=<DivBackward0>)
	 epoch  30 test error:  tensor(0.0076, device='cuda:0', grad_fn=<DivBackward0>)
Memory status after this epoch: 
Memory allocated:  126.1484375
Memory cached:  266.0
	 epoch  40 training error:  tensor(0.3629, device='cuda:0', grad_fn=<DivBackward0>)
	 epoch  40 test error:  tensor(0.0104, device='cuda:0', grad_fn=<DivBackward0>)
Memory status after this epoch: 
Memory allocated:  126.9921875
Memory cached:  268.0
	 epoch  50 training error:  tensor(0.3602, device='cuda:0', grad_fn=<DivBackward0>)
	 epoch  50 test error:  tensor(0.0088, device='cuda:0', grad_fn=<DivBackward0>)
Memory status after this epoch: 
Memory allocated:  126.1484375
Memory cached:  266.0
	 epoch  60 training error:  tensor(0.3589, device='cuda:0', grad_fn=<DivBackward0>)
	 epoch  60 test error:  tensor(0.0077, device='cuda:0', grad_fn=<DivBackward0>)
Memory status after this epoch: 
Memory allocated:  126.9921875
Memory cached:  266.0
	 epoch  70 training error:  tensor(0.3542, device='cuda:0', grad_fn=<DivBackward0>)
	 epoch  70 test error:  tensor(0.0079, device='cuda:0', grad_fn=<DivBackward0>)
Memory status after this epoch: 
Memory allocated:  126.1484375
Memory cached:  266.0
	 epoch  80 training error:  tensor(0.3527, device='cuda:0', grad_fn=<DivBackward0>)
	 epoch  80 test error:  tensor(0.0084, device='cuda:0', grad_fn=<DivBackward0>)
Memory status after this epoch: 
Memory allocated:  126.9921875
Memory cached:  266.0
	 epoch  90 training error:  tensor(0.3518, device='cuda:0', grad_fn=<DivBackward0>)
	 epoch  90 test error:  tensor(0.0082, device='cuda:0', grad_fn=<DivBackward0>)
Memory status after this epoch: 
Memory allocated:  126.1484375
Memory cached:  268.0
[I 2023-11-16 12:39:01,277] Trial 9 finished with value: 0.008196945302188396 and parameters: {'W_layers': 4, 'W_layer_units_exponent_0': 7, 'W_layer_units_exponent_1': 8, 'W_layer_units_exponent_2': 8, 'W_layer_units_exponent_3': 8, 'D_layers': 5, 'D_layer_units_exponent_0': 4, 'D_layer_units_exponent_1': 4, 'D_layer_units_exponent_2': 4, 'D_layer_units_exponent_3': 4, 'D_layer_units_exponent_4': 7, 'log_learning_rate': -3.855868212143526, 'log_learning_rate_D': -2.7897290126347563, 'training_batch_size': 12, 'training_p': 8}. Best is trial 7 with value: 0.007424442563205957.
Time for this trial:  140.33203840255737
Memory status after this trial: 
Memory allocated:  248.00244140625
Memory cached:  268.0
--------------------  Trial  10   --------------------
Start timing: 
Parameters: 
{'W_layers': 2, 'W_layer_units_exponent_0': 4, 'W_layer_units_exponent_1': 10, 'D_layers': 7, 'D_layer_units_exponent_0': 8, 'D_layer_units_exponent_1': 8, 'D_layer_units_exponent_2': 10, 'D_layer_units_exponent_3': 8, 'D_layer_units_exponent_4': 10, 'D_layer_units_exponent_5': 10, 'D_layer_units_exponent_6': 10, 'log_learning_rate': -2.4950819985355333, 'log_learning_rate_D': -3.6218098872820628, 'training_batch_size': 6, 'training_p': 2}
	 epoch  0 training error:  tensor(7.2162, device='cuda:0', grad_fn=<DivBackward0>)
	 epoch  0 test error:  tensor(1.4194, device='cuda:0', grad_fn=<DivBackward0>)
Memory status after this epoch: 
Memory allocated:  423.7138671875
Memory cached:  490.0
	 epoch  10 training error:  tensor(0.7217, device='cuda:0', grad_fn=<DivBackward0>)
	 epoch  10 test error:  tensor(0.0334, device='cuda:0', grad_fn=<DivBackward0>)
Memory status after this epoch: 
Memory allocated:  423.4326171875
Memory cached:  826.0
	 epoch  20 training error:  tensor(0.6772, device='cuda:0', grad_fn=<DivBackward0>)
	 epoch  20 test error:  tensor(0.0288, device='cuda:0', grad_fn=<DivBackward0>)
Memory status after this epoch: 
Memory allocated:  423.6201171875
Memory cached:  806.0
	 epoch  30 training error:  tensor(0.3065, device='cuda:0', grad_fn=<DivBackward0>)
	 epoch  30 test error:  tensor(0.0087, device='cuda:0', grad_fn=<DivBackward0>)
Memory status after this epoch: 
Memory allocated:  423.5732421875
Memory cached:  806.0
	 epoch  40 training error:  tensor(0.2276, device='cuda:0', grad_fn=<DivBackward0>)
	 epoch  40 test error:  tensor(0.0071, device='cuda:0', grad_fn=<DivBackward0>)
Memory status after this epoch: 
Memory allocated:  423.9482421875
Memory cached:  806.0
	 epoch  50 training error:  tensor(0.2178, device='cuda:0', grad_fn=<DivBackward0>)
	 epoch  50 test error:  tensor(0.0073, device='cuda:0', grad_fn=<DivBackward0>)
Memory status after this epoch: 
Memory allocated:  423.1044921875
Memory cached:  806.0
	 epoch  60 training error:  tensor(0.2170, device='cuda:0', grad_fn=<DivBackward0>)
	 epoch  60 test error:  tensor(0.0074, device='cuda:0', grad_fn=<DivBackward0>)
Memory status after this epoch: 
Memory allocated:  424.0419921875
Memory cached:  806.0
	 epoch  70 training error:  tensor(0.2170, device='cuda:0', grad_fn=<DivBackward0>)
	 epoch  70 test error:  tensor(0.0074, device='cuda:0', grad_fn=<DivBackward0>)
Memory status after this epoch: 
Memory allocated:  423.4794921875
Memory cached:  806.0
	 epoch  80 training error:  tensor(0.2170, device='cuda:0', grad_fn=<DivBackward0>)
	 epoch  80 test error:  tensor(0.0074, device='cuda:0', grad_fn=<DivBackward0>)
Memory status after this epoch: 
Memory allocated:  424.0419921875
Memory cached:  806.0
	 epoch  90 training error:  tensor(0.2170, device='cuda:0', grad_fn=<DivBackward0>)
	 epoch  90 test error:  tensor(0.0074, device='cuda:0', grad_fn=<DivBackward0>)
Memory status after this epoch: 
Memory allocated:  423.4794921875
Memory cached:  806.0
[I 2023-11-16 12:43:31,235] Trial 10 finished with value: 0.007422677706927061 and parameters: {'W_layers': 2, 'W_layer_units_exponent_0': 4, 'W_layer_units_exponent_1': 10, 'D_layers': 7, 'D_layer_units_exponent_0': 8, 'D_layer_units_exponent_1': 8, 'D_layer_units_exponent_2': 10, 'D_layer_units_exponent_3': 8, 'D_layer_units_exponent_4': 10, 'D_layer_units_exponent_5': 10, 'D_layer_units_exponent_6': 10, 'log_learning_rate': -2.4950819985355333, 'log_learning_rate_D': -3.6218098872820628, 'training_batch_size': 6, 'training_p': 2}. Best is trial 10 with value: 0.007422677706927061.
Time for this trial:  269.69936442375183
Memory status after this trial: 
Memory allocated:  777.80615234375
Memory cached:  806.0
--------------------  Trial  11   --------------------
Start timing: 
Parameters: 
{'W_layers': 2, 'W_layer_units_exponent_0': 4, 'W_layer_units_exponent_1': 10, 'D_layers': 7, 'D_layer_units_exponent_0': 8, 'D_layer_units_exponent_1': 8, 'D_layer_units_exponent_2': 10, 'D_layer_units_exponent_3': 8, 'D_layer_units_exponent_4': 10, 'D_layer_units_exponent_5': 10, 'D_layer_units_exponent_6': 10, 'log_learning_rate': -2.4385746805535167, 'log_learning_rate_D': -3.606732507991114, 'training_batch_size': 6, 'training_p': 2}
	 epoch  0 training error:  tensor(10.3182, device='cuda:0', grad_fn=<DivBackward0>)
	 epoch  0 test error:  tensor(1.1241, device='cuda:0', grad_fn=<DivBackward0>)
Memory status after this epoch: 
Memory allocated:  423.6669921875
Memory cached:  470.0
	 epoch  10 training error:  tensor(0.8520, device='cuda:0', grad_fn=<DivBackward0>)
	 epoch  10 test error:  tensor(0.0385, device='cuda:0', grad_fn=<DivBackward0>)
Memory status after this epoch: 
Memory allocated:  423.8544921875
Memory cached:  806.0
	 epoch  20 training error:  tensor(0.8540, device='cuda:0', grad_fn=<DivBackward0>)
	 epoch  20 test error:  tensor(0.0375, device='cuda:0', grad_fn=<DivBackward0>)
Memory status after this epoch: 
Memory allocated:  423.1982421875
Memory cached:  806.0
	 epoch  30 training error:  tensor(0.5335, device='cuda:0', grad_fn=<DivBackward0>)
	 epoch  30 test error:  tensor(0.0201, device='cuda:0', grad_fn=<DivBackward0>)
Memory status after this epoch: 
Memory allocated:  423.9482421875
Memory cached:  806.0
	 epoch  40 training error:  tensor(0.2660, device='cuda:0', grad_fn=<DivBackward0>)
	 epoch  40 test error:  tensor(0.0101, device='cuda:0', grad_fn=<DivBackward0>)
Memory status after this epoch: 
Memory allocated:  423.1982421875
Memory cached:  806.0
	 epoch  50 training error:  tensor(0.2171, device='cuda:0', grad_fn=<DivBackward0>)
	 epoch  50 test error:  tensor(0.0072, device='cuda:0', grad_fn=<DivBackward0>)
Memory status after this epoch: 
Memory allocated:  423.9482421875
Memory cached:  806.0
	 epoch  60 training error:  tensor(0.2179, device='cuda:0', grad_fn=<DivBackward0>)
	 epoch  60 test error:  tensor(0.0072, device='cuda:0', grad_fn=<DivBackward0>)
Memory status after this epoch: 
Memory allocated:  423.5732421875
Memory cached:  806.0
	 epoch  70 training error:  tensor(0.2171, device='cuda:0', grad_fn=<DivBackward0>)
	 epoch  70 test error:  tensor(0.0074, device='cuda:0', grad_fn=<DivBackward0>)
Memory status after this epoch: 
Memory allocated:  423.4794921875
Memory cached:  806.0
	 epoch  80 training error:  tensor(0.2170, device='cuda:0', grad_fn=<DivBackward0>)
	 epoch  80 test error:  tensor(0.0074, device='cuda:0', grad_fn=<DivBackward0>)
Memory status after this epoch: 
Memory allocated:  423.5732421875
Memory cached:  806.0
	 epoch  90 training error:  tensor(0.2170, device='cuda:0', grad_fn=<DivBackward0>)
	 epoch  90 test error:  tensor(0.0074, device='cuda:0', grad_fn=<DivBackward0>)
Memory status after this epoch: 
Memory allocated:  423.4794921875
Memory cached:  806.0
