[I 2023-11-16 17:23:13,269] Trial 38 finished with value: 89.21794128417969 and parameters: {'W_layers': 6, 'W_layer_units_exponent_0': 8, 'W_layer_units_exponent_1': 8, 'W_layer_units_exponent_2': 7, 'W_layer_units_exponent_3': 8, 'W_layer_units_exponent_4': 4, 'W_layer_units_exponent_5': 8, 'D_layers': 8, 'D_layer_units_exponent_0': 8, 'D_layer_units_exponent_1': 6, 'D_layer_units_exponent_2': 8, 'D_layer_units_exponent_3': 8, 'D_layer_units_exponent_4': 8, 'D_layer_units_exponent_5': 8, 'D_layer_units_exponent_6': 5, 'D_layer_units_exponent_7': 7, 'D_dagger_layers': 6, 'D_dagger_layer_units_exponent_0': 4, 'D_dagger_layer_units_exponent_1': 4, 'D_dagger_layer_units_exponent_2': 4, 'D_dagger_layer_units_exponent_3': 9, 'D_dagger_layer_units_exponent_4': 7, 'D_dagger_layer_units_exponent_5': 7, 'log_learning_rate': -1.8094587246375462, 'log_learning_rate_D': -3.588531622814575, 'log_learning_rate_D_dagger': -4.983186326778987, 'training_batch_size': 12, 'training_p': 2}. Best is trial 25 with value: 0.7502580285072327.
Time for this trial:  18.65063166618347
Memory status after this trial: 
Memory allocated:  109.83984375
Memory cached:  130.0
--------------------  Trial  39   --------------------
Start timing: 
Parameters: 
{'W_layers': 7, 'W_layer_units_exponent_0': 9, 'W_layer_units_exponent_1': 7, 'W_layer_units_exponent_2': 9, 'W_layer_units_exponent_3': 7, 'W_layer_units_exponent_4': 9, 'W_layer_units_exponent_5': 6, 'W_layer_units_exponent_6': 5, 'D_layers': 5, 'D_layer_units_exponent_0': 9, 'D_layer_units_exponent_1': 10, 'D_layer_units_exponent_2': 7, 'D_layer_units_exponent_3': 5, 'D_layer_units_exponent_4': 9, 'D_dagger_layers': 5, 'D_dagger_layer_units_exponent_0': 8, 'D_dagger_layer_units_exponent_1': 10, 'D_dagger_layer_units_exponent_2': 5, 'D_dagger_layer_units_exponent_3': 6, 'D_dagger_layer_units_exponent_4': 9, 'log_learning_rate': -2.3293687012170254, 'log_learning_rate_D': -2.941165365539188, 'log_learning_rate_D_dagger': -3.8854267217180287, 'training_batch_size': 11, 'training_p': 6}
	 epoch  0 training error:  tensor(69.7878, device='cuda:0', grad_fn=<DivBackward0>)
Memory status after this epoch: 
Memory allocated:  12.39404296875
Memory cached:  32.0
	 epoch  10 training error:  tensor(134.7798, device='cuda:0', grad_fn=<DivBackward0>)
Memory status after this epoch: 
Memory allocated:  12.39404296875
Memory cached:  34.0
	 epoch  20 training error:  tensor(15.8184, device='cuda:0', grad_fn=<DivBackward0>)
Memory status after this epoch: 
Memory allocated:  12.39404296875
Memory cached:  34.0
	 epoch  30 training error:  tensor(2.9764, device='cuda:0', grad_fn=<DivBackward0>)
Memory status after this epoch: 
Memory allocated:  12.39404296875
Memory cached:  34.0
	 epoch  40 training error:  tensor(1.3584, device='cuda:0', grad_fn=<DivBackward0>)
Memory status after this epoch: 
Memory allocated:  12.39404296875
Memory cached:  34.0
	 epoch  50 training error:  tensor(1.0442, device='cuda:0', grad_fn=<DivBackward0>)
Memory status after this epoch: 
Memory allocated:  12.39404296875
Memory cached:  34.0
	 epoch  60 training error:  tensor(1.0947, device='cuda:0', grad_fn=<DivBackward0>)
Memory status after this epoch: 
Memory allocated:  12.39404296875
Memory cached:  34.0
	 epoch  70 training error:  tensor(0.9798, device='cuda:0', grad_fn=<DivBackward0>)
Memory status after this epoch: 
Memory allocated:  12.39404296875
Memory cached:  34.0
	 epoch  80 training error:  tensor(0.9467, device='cuda:0', grad_fn=<DivBackward0>)
Memory status after this epoch: 
Memory allocated:  12.39404296875
Memory cached:  34.0
	 epoch  90 training error:  tensor(1.0560, device='cuda:0', grad_fn=<DivBackward0>)
Memory status after this epoch: 
Memory allocated:  12.39404296875
Memory cached:  34.0
[I 2023-11-16 17:23:34,233] Trial 39 finished with value: 0.8726996779441833 and parameters: {'W_layers': 7, 'W_layer_units_exponent_0': 9, 'W_layer_units_exponent_1': 7, 'W_layer_units_exponent_2': 9, 'W_layer_units_exponent_3': 7, 'W_layer_units_exponent_4': 9, 'W_layer_units_exponent_5': 6, 'W_layer_units_exponent_6': 5, 'D_layers': 5, 'D_layer_units_exponent_0': 9, 'D_layer_units_exponent_1': 10, 'D_layer_units_exponent_2': 7, 'D_layer_units_exponent_3': 5, 'D_layer_units_exponent_4': 9, 'D_dagger_layers': 5, 'D_dagger_layer_units_exponent_0': 8, 'D_dagger_layer_units_exponent_1': 10, 'D_dagger_layer_units_exponent_2': 5, 'D_dagger_layer_units_exponent_3': 6, 'D_dagger_layer_units_exponent_4': 9, 'log_learning_rate': -2.3293687012170254, 'log_learning_rate_D': -2.941165365539188, 'log_learning_rate_D_dagger': -3.8854267217180287, 'training_batch_size': 11, 'training_p': 6}. Best is trial 25 with value: 0.7502580285072327.
Time for this trial:  20.722017765045166
Memory status after this trial: 
Memory allocated:  210.884765625
Memory cached:  232.0
--------------------  Trial  40   --------------------
Start timing: 
Parameters: 
{'W_layers': 4, 'W_layer_units_exponent_0': 10, 'W_layer_units_exponent_1': 6, 'W_layer_units_exponent_2': 8, 'W_layer_units_exponent_3': 6, 'D_layers': 6, 'D_layer_units_exponent_0': 7, 'D_layer_units_exponent_1': 8, 'D_layer_units_exponent_2': 9, 'D_layer_units_exponent_3': 9, 'D_layer_units_exponent_4': 6, 'D_layer_units_exponent_5': 10, 'D_dagger_layers': 2, 'D_dagger_layer_units_exponent_0': 6, 'D_dagger_layer_units_exponent_1': 6, 'log_learning_rate': -1.2299204952979248, 'log_learning_rate_D': -4.505371538834034, 'log_learning_rate_D_dagger': -4.725253731686024, 'training_batch_size': 6, 'training_p': 7}
	 epoch  0 training error:  tensor(1267.2660, device='cuda:0', grad_fn=<DivBackward0>)
Memory status after this epoch: 
Memory allocated:  3.75927734375
Memory cached:  8.0
	 epoch  10 training error:  tensor(64.7254, device='cuda:0', grad_fn=<DivBackward0>)
Memory status after this epoch: 
Memory allocated:  3.75927734375
Memory cached:  8.0
	 epoch  20 training error:  tensor(60.3303, device='cuda:0', grad_fn=<DivBackward0>)
Memory status after this epoch: 
Memory allocated:  3.75927734375
Memory cached:  6.0
	 epoch  30 training error:  tensor(55.8601, device='cuda:0', grad_fn=<DivBackward0>)
Memory status after this epoch: 
Memory allocated:  3.75927734375
Memory cached:  6.0
	 epoch  40 training error:  tensor(51.4232, device='cuda:0', grad_fn=<DivBackward0>)
Memory status after this epoch: 
Memory allocated:  3.75927734375
Memory cached:  6.0
	 epoch  50 training error:  tensor(46.9871, device='cuda:0', grad_fn=<DivBackward0>)
Memory status after this epoch: 
Memory allocated:  3.75927734375
Memory cached:  6.0
	 epoch  60 training error:  tensor(42.5728, device='cuda:0', grad_fn=<DivBackward0>)
Memory status after this epoch: 
Memory allocated:  3.75927734375
Memory cached:  6.0
	 epoch  70 training error:  tensor(38.1594, device='cuda:0', grad_fn=<DivBackward0>)
Memory status after this epoch: 
Memory allocated:  3.75927734375
Memory cached:  6.0
	 epoch  80 training error:  tensor(33.7425, device='cuda:0', grad_fn=<DivBackward0>)
Memory status after this epoch: 
Memory allocated:  3.75927734375
Memory cached:  6.0
	 epoch  90 training error:  tensor(29.3022, device='cuda:0', grad_fn=<DivBackward0>)
Memory status after this epoch: 
Memory allocated:  3.75927734375
Memory cached:  6.0
[I 2023-11-16 17:23:53,785] Trial 40 finished with value: 46.25495529174805 and parameters: {'W_layers': 4, 'W_layer_units_exponent_0': 10, 'W_layer_units_exponent_1': 6, 'W_layer_units_exponent_2': 8, 'W_layer_units_exponent_3': 6, 'D_layers': 6, 'D_layer_units_exponent_0': 7, 'D_layer_units_exponent_1': 8, 'D_layer_units_exponent_2': 9, 'D_layer_units_exponent_3': 9, 'D_layer_units_exponent_4': 6, 'D_layer_units_exponent_5': 10, 'D_dagger_layers': 2, 'D_dagger_layer_units_exponent_0': 6, 'D_dagger_layer_units_exponent_1': 6, 'log_learning_rate': -1.2299204952979248, 'log_learning_rate_D': -4.505371538834034, 'log_learning_rate_D_dagger': -4.725253731686024, 'training_batch_size': 6, 'training_p': 7}. Best is trial 25 with value: 0.7502580285072327.
Time for this trial:  19.34324026107788
Memory status after this trial: 
Memory allocated:  83.53515625
Memory cached:  98.0
--------------------  Trial  41   --------------------
Start timing: 
Parameters: 
{'W_layers': 2, 'W_layer_units_exponent_0': 8, 'W_layer_units_exponent_1': 10, 'D_layers': 7, 'D_layer_units_exponent_0': 4, 'D_layer_units_exponent_1': 5, 'D_layer_units_exponent_2': 7, 'D_layer_units_exponent_3': 7, 'D_layer_units_exponent_4': 9, 'D_layer_units_exponent_5': 9, 'D_layer_units_exponent_6': 9, 'D_dagger_layers': 8, 'D_dagger_layer_units_exponent_0': 5, 'D_dagger_layer_units_exponent_1': 9, 'D_dagger_layer_units_exponent_2': 7, 'D_dagger_layer_units_exponent_3': 7, 'D_dagger_layer_units_exponent_4': 8, 'D_dagger_layer_units_exponent_5': 5, 'D_dagger_layer_units_exponent_6': 5, 'D_dagger_layer_units_exponent_7': 10, 'log_learning_rate': -2.87267927526278, 'log_learning_rate_D': -3.9638507615653364, 'log_learning_rate_D_dagger': -3.6479541142087886, 'training_batch_size': 8, 'training_p': 3}
	 epoch  0 training error:  tensor(88.0552, device='cuda:0', grad_fn=<DivBackward0>)
Memory status after this epoch: 
Memory allocated:  9.23291015625
Memory cached:  12.0
	 epoch  10 training error:  tensor(81.1879, device='cuda:0', grad_fn=<DivBackward0>)
Memory status after this epoch: 
Memory allocated:  9.23291015625
Memory cached:  14.0
	 epoch  20 training error:  tensor(34.1112, device='cuda:0', grad_fn=<DivBackward0>)
Memory status after this epoch: 
Memory allocated:  9.23291015625
Memory cached:  14.0
	 epoch  30 training error:  tensor(2.5610, device='cuda:0', grad_fn=<DivBackward0>)
Memory status after this epoch: 
Memory allocated:  9.23291015625
Memory cached:  14.0
	 epoch  40 training error:  tensor(40.7660, device='cuda:0', grad_fn=<DivBackward0>)
Memory status after this epoch: 
Memory allocated:  9.23291015625
Memory cached:  14.0
	 epoch  50 training error:  tensor(31.3377, device='cuda:0', grad_fn=<DivBackward0>)
Memory status after this epoch: 
Memory allocated:  9.23291015625
Memory cached:  14.0
	 epoch  60 training error:  tensor(36.8877, device='cuda:0', grad_fn=<DivBackward0>)
Memory status after this epoch: 
Memory allocated:  9.23291015625
Memory cached:  14.0
	 epoch  70 training error:  tensor(1.9093, device='cuda:0', grad_fn=<DivBackward0>)
Memory status after this epoch: 
Memory allocated:  9.23291015625
Memory cached:  14.0
	 epoch  80 training error:  tensor(2.4265, device='cuda:0', grad_fn=<DivBackward0>)
Memory status after this epoch: 
Memory allocated:  9.23291015625
Memory cached:  14.0
	 epoch  90 training error:  tensor(1.2258, device='cuda:0', grad_fn=<DivBackward0>)
Memory status after this epoch: 
Memory allocated:  9.23291015625
Memory cached:  14.0
[I 2023-11-16 17:24:14,036] Trial 41 finished with value: 3.7196052074432373 and parameters: {'W_layers': 2, 'W_layer_units_exponent_0': 8, 'W_layer_units_exponent_1': 10, 'D_layers': 7, 'D_layer_units_exponent_0': 4, 'D_layer_units_exponent_1': 5, 'D_layer_units_exponent_2': 7, 'D_layer_units_exponent_3': 7, 'D_layer_units_exponent_4': 9, 'D_layer_units_exponent_5': 9, 'D_layer_units_exponent_6': 9, 'D_dagger_layers': 8, 'D_dagger_layer_units_exponent_0': 5, 'D_dagger_layer_units_exponent_1': 9, 'D_dagger_layer_units_exponent_2': 7, 'D_dagger_layer_units_exponent_3': 7, 'D_dagger_layer_units_exponent_4': 8, 'D_dagger_layer_units_exponent_5': 5, 'D_dagger_layer_units_exponent_6': 5, 'D_dagger_layer_units_exponent_7': 10, 'log_learning_rate': -2.87267927526278, 'log_learning_rate_D': -3.9638507615653364, 'log_learning_rate_D_dagger': -3.6479541142087886, 'training_batch_size': 8, 'training_p': 3}. Best is trial 25 with value: 0.7502580285072327.
Time for this trial:  20.023274660110474
Memory status after this trial: 
Memory allocated:  190.1142578125
Memory cached:  200.0
--------------------  Trial  42   --------------------
Start timing: 
Parameters: 
{'W_layers': 3, 'W_layer_units_exponent_0': 9, 'W_layer_units_exponent_1': 6, 'W_layer_units_exponent_2': 6, 'D_layers': 8, 'D_layer_units_exponent_0': 5, 'D_layer_units_exponent_1': 9, 'D_layer_units_exponent_2': 8, 'D_layer_units_exponent_3': 9, 'D_layer_units_exponent_4': 10, 'D_layer_units_exponent_5': 7, 'D_layer_units_exponent_6': 7, 'D_layer_units_exponent_7': 6, 'D_dagger_layers': 4, 'D_dagger_layer_units_exponent_0': 10, 'D_dagger_layer_units_exponent_1': 5, 'D_dagger_layer_units_exponent_2': 4, 'D_dagger_layer_units_exponent_3': 8, 'log_learning_rate': -1.532528944286086, 'log_learning_rate_D': -3.763644241061852, 'log_learning_rate_D_dagger': -2.9796345794276977, 'training_batch_size': 10, 'training_p': 4}
	 epoch  0 training error:  tensor(88.0040, device='cuda:0', grad_fn=<DivBackward0>)
Memory status after this epoch: 
Memory allocated:  5.0234375
Memory cached:  26.0
	 epoch  10 training error:  tensor(7.3821, device='cuda:0', grad_fn=<DivBackward0>)
Memory status after this epoch: 
Memory allocated:  5.0234375
Memory cached:  26.0
	 epoch  20 training error:  tensor(4.1800, device='cuda:0', grad_fn=<DivBackward0>)
Memory status after this epoch: 
Memory allocated:  5.0234375
Memory cached:  28.0
	 epoch  30 training error:  tensor(1.8445, device='cuda:0', grad_fn=<DivBackward0>)
Memory status after this epoch: 
Memory allocated:  5.0234375
Memory cached:  26.0
	 epoch  40 training error:  tensor(3.9598, device='cuda:0', grad_fn=<DivBackward0>)
Memory status after this epoch: 
Memory allocated:  5.0234375
Memory cached:  26.0
	 epoch  50 training error:  tensor(3.1709, device='cuda:0', grad_fn=<DivBackward0>)
Memory status after this epoch: 
Memory allocated:  5.0234375
Memory cached:  26.0
	 epoch  60 training error:  tensor(2.1906, device='cuda:0', grad_fn=<DivBackward0>)
Memory status after this epoch: 
Memory allocated:  5.0234375
Memory cached:  26.0
	 epoch  70 training error:  tensor(1.7831, device='cuda:0', grad_fn=<DivBackward0>)
Memory status after this epoch: 
Memory allocated:  5.0234375
Memory cached:  26.0
	 epoch  80 training error:  tensor(1.6568, device='cuda:0', grad_fn=<DivBackward0>)
Memory status after this epoch: 
Memory allocated:  5.0234375
Memory cached:  26.0
	 epoch  90 training error:  tensor(3.1897, device='cuda:0', grad_fn=<DivBackward0>)
Memory status after this epoch: 
Memory allocated:  5.0234375
Memory cached:  26.0
[I 2023-11-16 17:24:32,288] Trial 42 finished with value: 2.618929147720337 and parameters: {'W_layers': 3, 'W_layer_units_exponent_0': 9, 'W_layer_units_exponent_1': 6, 'W_layer_units_exponent_2': 6, 'D_layers': 8, 'D_layer_units_exponent_0': 5, 'D_layer_units_exponent_1': 9, 'D_layer_units_exponent_2': 8, 'D_layer_units_exponent_3': 9, 'D_layer_units_exponent_4': 10, 'D_layer_units_exponent_5': 7, 'D_layer_units_exponent_6': 7, 'D_layer_units_exponent_7': 6, 'D_dagger_layers': 4, 'D_dagger_layer_units_exponent_0': 10, 'D_dagger_layer_units_exponent_1': 5, 'D_dagger_layer_units_exponent_2': 4, 'D_dagger_layer_units_exponent_3': 8, 'log_learning_rate': -1.532528944286086, 'log_learning_rate_D': -3.763644241061852, 'log_learning_rate_D_dagger': -2.9796345794276977, 'training_batch_size': 10, 'training_p': 4}. Best is trial 25 with value: 0.7502580285072327.
Time for this trial:  18.033539056777954
Memory status after this trial: 
Memory allocated:  107.6650390625
Memory cached:  130.0
--------------------  Trial  43   --------------------
Start timing: 
Parameters: 
{'W_layers': 5, 'W_layer_units_exponent_0': 7, 'W_layer_units_exponent_1': 8, 'W_layer_units_exponent_2': 7, 'W_layer_units_exponent_3': 5, 'W_layer_units_exponent_4': 6, 'D_layers': 6, 'D_layer_units_exponent_0': 10, 'D_layer_units_exponent_1': 6, 'D_layer_units_exponent_2': 5, 'D_layer_units_exponent_3': 6, 'D_layer_units_exponent_4': 7, 'D_layer_units_exponent_5': 6, 'D_dagger_layers': 7, 'D_dagger_layer_units_exponent_0': 8, 'D_dagger_layer_units_exponent_1': 9, 'D_dagger_layer_units_exponent_2': 5, 'D_dagger_layer_units_exponent_3': 6, 'D_dagger_layer_units_exponent_4': 5, 'D_dagger_layer_units_exponent_5': 9, 'D_dagger_layer_units_exponent_6': 10, 'log_learning_rate': -1.9100414861165684, 'log_learning_rate_D': -3.325359042015518, 'log_learning_rate_D_dagger': -3.4953004860141994, 'training_batch_size': 9, 'training_p': 5}
	 epoch  0 training error:  tensor(73.3056, device='cuda:0', grad_fn=<DivBackward0>)
Memory status after this epoch: 
Memory allocated:  12.64794921875
Memory cached:  48.0
	 epoch  10 training error:  tensor(18.9563, device='cuda:0', grad_fn=<DivBackward0>)
Memory status after this epoch: 
Memory allocated:  12.64794921875
Memory cached:  50.0
	 epoch  20 training error:  tensor(27.5918, device='cuda:0', grad_fn=<DivBackward0>)
Memory status after this epoch: 
Memory allocated:  12.64794921875
Memory cached:  50.0
	 epoch  30 training error:  tensor(20.6229, device='cuda:0', grad_fn=<DivBackward0>)
Memory status after this epoch: 
Memory allocated:  12.64794921875
Memory cached:  50.0
	 epoch  40 training error:  tensor(8.6069, device='cuda:0', grad_fn=<DivBackward0>)
Memory status after this epoch: 
Memory allocated:  12.64794921875
Memory cached:  50.0
	 epoch  50 training error:  tensor(7.1710, device='cuda:0', grad_fn=<DivBackward0>)
Memory status after this epoch: 
Memory allocated:  12.64794921875
Memory cached:  50.0
	 epoch  60 training error:  tensor(2.6978, device='cuda:0', grad_fn=<DivBackward0>)
Memory status after this epoch: 
Memory allocated:  12.64794921875
Memory cached:  50.0
	 epoch  70 training error:  tensor(2.0269, device='cuda:0', grad_fn=<DivBackward0>)
Memory status after this epoch: 
Memory allocated:  12.64794921875
Memory cached:  50.0
	 epoch  80 training error:  tensor(2.6362, device='cuda:0', grad_fn=<DivBackward0>)
Memory status after this epoch: 
Memory allocated:  12.64794921875
Memory cached:  50.0
	 epoch  90 training error:  tensor(1.7706, device='cuda:0', grad_fn=<DivBackward0>)
Memory status after this epoch: 
Memory allocated:  12.64794921875
Memory cached:  50.0
[I 2023-11-16 17:24:52,949] Trial 43 finished with value: 1.8760563135147095 and parameters: {'W_layers': 5, 'W_layer_units_exponent_0': 7, 'W_layer_units_exponent_1': 8, 'W_layer_units_exponent_2': 7, 'W_layer_units_exponent_3': 5, 'W_layer_units_exponent_4': 6, 'D_layers': 6, 'D_layer_units_exponent_0': 10, 'D_layer_units_exponent_1': 6, 'D_layer_units_exponent_2': 5, 'D_layer_units_exponent_3': 6, 'D_layer_units_exponent_4': 7, 'D_layer_units_exponent_5': 6, 'D_dagger_layers': 7, 'D_dagger_layer_units_exponent_0': 8, 'D_dagger_layer_units_exponent_1': 9, 'D_dagger_layer_units_exponent_2': 5, 'D_dagger_layer_units_exponent_3': 6, 'D_dagger_layer_units_exponent_4': 5, 'D_dagger_layer_units_exponent_5': 9, 'D_dagger_layer_units_exponent_6': 10, 'log_learning_rate': -1.9100414861165684, 'log_learning_rate_D': -3.325359042015518, 'log_learning_rate_D_dagger': -3.4953004860141994, 'training_batch_size': 9, 'training_p': 5}. Best is trial 25 with value: 0.7502580285072327.
Time for this trial:  20.422114849090576
Memory status after this trial: 
Memory allocated:  171.35546875
Memory cached:  184.0
--------------------  Trial  44   --------------------
Start timing: 
Parameters: 
{'W_layers': 5, 'W_layer_units_exponent_0': 10, 'W_layer_units_exponent_1': 7, 'W_layer_units_exponent_2': 7, 'W_layer_units_exponent_3': 7, 'W_layer_units_exponent_4': 6, 'D_layers': 5, 'D_layer_units_exponent_0': 6, 'D_layer_units_exponent_1': 6, 'D_layer_units_exponent_2': 9, 'D_layer_units_exponent_3': 10, 'D_layer_units_exponent_4': 8, 'D_dagger_layers': 3, 'D_dagger_layer_units_exponent_0': 4, 'D_dagger_layer_units_exponent_1': 6, 'D_dagger_layer_units_exponent_2': 6, 'log_learning_rate': -1.1154396810237222, 'log_learning_rate_D': -3.7186486912577186, 'log_learning_rate_D_dagger': -3.851530491770876, 'training_batch_size': 8, 'training_p': 8}
	 epoch  0 training error:  tensor(44.9199, device='cuda:0', grad_fn=<DivBackward0>)
Memory status after this epoch: 
Memory allocated:  6.06201171875
Memory cached:  22.0
	 epoch  10 training error:  tensor(inf, device='cuda:0', grad_fn=<DivBackward0>)
Memory status after this epoch: 
Memory allocated:  6.06201171875
Memory cached:  24.0
	 epoch  20 training error:  tensor(inf, device='cuda:0', grad_fn=<DivBackward0>)
Memory status after this epoch: 
Memory allocated:  6.06201171875
Memory cached:  24.0
	 epoch  30 training error:  tensor(inf, device='cuda:0', grad_fn=<DivBackward0>)
Memory status after this epoch: 
Memory allocated:  6.06201171875
Memory cached:  24.0
	 epoch  40 training error:  tensor(inf, device='cuda:0', grad_fn=<DivBackward0>)
Memory status after this epoch: 
Memory allocated:  6.06201171875
Memory cached:  24.0
	 epoch  50 training error:  tensor(inf, device='cuda:0', grad_fn=<DivBackward0>)
Memory status after this epoch: 
Memory allocated:  6.06201171875
Memory cached:  24.0
	 epoch  60 training error:  tensor(inf, device='cuda:0', grad_fn=<DivBackward0>)
Memory status after this epoch: 
Memory allocated:  6.06201171875
Memory cached:  24.0
	 epoch  70 training error:  tensor(inf, device='cuda:0', grad_fn=<DivBackward0>)
Memory status after this epoch: 
Memory allocated:  6.06201171875
Memory cached:  24.0
	 epoch  80 training error:  tensor(inf, device='cuda:0', grad_fn=<DivBackward0>)
Memory status after this epoch: 
Memory allocated:  6.06201171875
Memory cached:  24.0
	 epoch  90 training error:  tensor(inf, device='cuda:0', grad_fn=<DivBackward0>)
Memory status after this epoch: 
Memory allocated:  6.06201171875
Memory cached:  24.0
