[I 2023-11-17 02:01:30,328] Trial 2 finished with value: 0.09801609069108963 and parameters: {'W_layers': 6, 'W_layer_units_exponent_0': 7, 'W_layer_units_exponent_1': 5, 'W_layer_units_exponent_2': 10, 'W_layer_units_exponent_3': 7, 'W_layer_units_exponent_4': 10, 'W_layer_units_exponent_5': 4, 'D_layers': 7, 'D_layer_units_exponent_0': 6, 'D_layer_units_exponent_1': 7, 'D_layer_units_exponent_2': 5, 'D_layer_units_exponent_3': 9, 'D_layer_units_exponent_4': 4, 'D_layer_units_exponent_5': 4, 'D_layer_units_exponent_6': 7, 'log_learning_rate': -3.8166994860598495, 'log_learning_rate_D': -1.701575584242502, 'training_batch_size': 12, 'training_p': 2}. Best is trial 0 with value: 0.09673389047384262.
Time for this trial:  185.23584961891174
Memory status after this trial: 
Memory allocated:  415.46875
Memory cached:  432.0
--------------------  Trial  3   --------------------
Start timing: 
Parameters: 
{'W_layers': 5, 'W_layer_units_exponent_0': 6, 'W_layer_units_exponent_1': 9, 'W_layer_units_exponent_2': 7, 'W_layer_units_exponent_3': 7, 'W_layer_units_exponent_4': 7, 'D_layers': 6, 'D_layer_units_exponent_0': 10, 'D_layer_units_exponent_1': 7, 'D_layer_units_exponent_2': 4, 'D_layer_units_exponent_3': 9, 'D_layer_units_exponent_4': 6, 'D_layer_units_exponent_5': 7, 'log_learning_rate': -3.4299403383229277, 'log_learning_rate_D': -4.251780335123957, 'training_batch_size': 10, 'training_p': 5}
	 epoch  0 training error:  tensor(1.0030, device='cuda:0', grad_fn=<DivBackward0>)
	 epoch  0 test error:  tensor(0.0989, device='cuda:0', grad_fn=<DivBackward0>)
Memory status after this epoch: 
Memory allocated:  189.3330078125
Memory cached:  196.0
	 epoch  10 training error:  tensor(0.9634, device='cuda:0', grad_fn=<DivBackward0>)
	 epoch  10 test error:  tensor(0.0976, device='cuda:0', grad_fn=<DivBackward0>)
Memory status after this epoch: 
Memory allocated:  189.3330078125
Memory cached:  384.0
	 epoch  20 training error:  tensor(0.9617, device='cuda:0', grad_fn=<DivBackward0>)
	 epoch  20 test error:  tensor(0.0976, device='cuda:0', grad_fn=<DivBackward0>)
Memory status after this epoch: 
Memory allocated:  189.3330078125
Memory cached:  384.0
	 epoch  30 training error:  tensor(0.9554, device='cuda:0', grad_fn=<DivBackward0>)
	 epoch  30 test error:  tensor(0.0978, device='cuda:0', grad_fn=<DivBackward0>)
Memory status after this epoch: 
Memory allocated:  189.3330078125
Memory cached:  384.0
	 epoch  40 training error:  tensor(0.9564, device='cuda:0', grad_fn=<DivBackward0>)
	 epoch  40 test error:  tensor(0.0977, device='cuda:0', grad_fn=<DivBackward0>)
Memory status after this epoch: 
Memory allocated:  189.3330078125
Memory cached:  384.0
	 epoch  50 training error:  tensor(0.9540, device='cuda:0', grad_fn=<DivBackward0>)
	 epoch  50 test error:  tensor(0.0978, device='cuda:0', grad_fn=<DivBackward0>)
Memory status after this epoch: 
Memory allocated:  189.3330078125
Memory cached:  386.0
	 epoch  60 training error:  tensor(0.9477, device='cuda:0', grad_fn=<DivBackward0>)
	 epoch  60 test error:  tensor(0.0984, device='cuda:0', grad_fn=<DivBackward0>)
Memory status after this epoch: 
Memory allocated:  189.3330078125
Memory cached:  388.0
	 epoch  70 training error:  tensor(0.9542, device='cuda:0', grad_fn=<DivBackward0>)
	 epoch  70 test error:  tensor(0.0983, device='cuda:0', grad_fn=<DivBackward0>)
Memory status after this epoch: 
Memory allocated:  189.3330078125
Memory cached:  386.0
	 epoch  80 training error:  tensor(0.9524, device='cuda:0', grad_fn=<DivBackward0>)
	 epoch  80 test error:  tensor(0.0987, device='cuda:0', grad_fn=<DivBackward0>)
Memory status after this epoch: 
Memory allocated:  189.3330078125
Memory cached:  384.0
	 epoch  90 training error:  tensor(0.9519, device='cuda:0', grad_fn=<DivBackward0>)
	 epoch  90 test error:  tensor(0.0986, device='cuda:0', grad_fn=<DivBackward0>)
Memory status after this epoch: 
Memory allocated:  189.3330078125
Memory cached:  386.0
[I 2023-11-17 02:04:18,068] Trial 3 finished with value: 0.09833680093288422 and parameters: {'W_layers': 5, 'W_layer_units_exponent_0': 6, 'W_layer_units_exponent_1': 9, 'W_layer_units_exponent_2': 7, 'W_layer_units_exponent_3': 7, 'W_layer_units_exponent_4': 7, 'D_layers': 6, 'D_layer_units_exponent_0': 10, 'D_layer_units_exponent_1': 7, 'D_layer_units_exponent_2': 4, 'D_layer_units_exponent_3': 9, 'D_layer_units_exponent_4': 6, 'D_layer_units_exponent_5': 7, 'log_learning_rate': -3.4299403383229277, 'log_learning_rate_D': -4.251780335123957, 'training_batch_size': 10, 'training_p': 5}. Best is trial 0 with value: 0.09673389047384262.
Time for this trial:  167.566339969635
Memory status after this trial: 
Memory allocated:  369.01953125
Memory cached:  384.0
--------------------  Trial  4   --------------------
Start timing: 
Parameters: 
{'W_layers': 3, 'W_layer_units_exponent_0': 4, 'W_layer_units_exponent_1': 5, 'W_layer_units_exponent_2': 6, 'D_layers': 8, 'D_layer_units_exponent_0': 10, 'D_layer_units_exponent_1': 5, 'D_layer_units_exponent_2': 7, 'D_layer_units_exponent_3': 9, 'D_layer_units_exponent_4': 4, 'D_layer_units_exponent_5': 9, 'D_layer_units_exponent_6': 8, 'D_layer_units_exponent_7': 5, 'log_learning_rate': -2.646928433890776, 'log_learning_rate_D': -2.796610729223867, 'training_batch_size': 6, 'training_p': 2}
	 epoch  0 training error:  tensor(0.9552, device='cuda:0', grad_fn=<DivBackward0>)
	 epoch  0 test error:  tensor(0.0974, device='cuda:0', grad_fn=<DivBackward0>)
Memory status after this epoch: 
Memory allocated:  177.2470703125
Memory cached:  204.0
	 epoch  10 training error:  tensor(0.9565, device='cuda:0', grad_fn=<DivBackward0>)
	 epoch  10 test error:  tensor(0.0968, device='cuda:0', grad_fn=<DivBackward0>)
Memory status after this epoch: 
Memory allocated:  177.2470703125
Memory cached:  362.0
	 epoch  20 training error:  tensor(0.9484, device='cuda:0', grad_fn=<DivBackward0>)
	 epoch  20 test error:  tensor(0.0979, device='cuda:0', grad_fn=<DivBackward0>)
Memory status after this epoch: 
Memory allocated:  177.2470703125
Memory cached:  362.0
	 epoch  30 training error:  tensor(0.9471, device='cuda:0', grad_fn=<DivBackward0>)
	 epoch  30 test error:  tensor(0.0977, device='cuda:0', grad_fn=<DivBackward0>)
Memory status after this epoch: 
Memory allocated:  177.2470703125
Memory cached:  362.0
	 epoch  40 training error:  tensor(0.9479, device='cuda:0', grad_fn=<DivBackward0>)
	 epoch  40 test error:  tensor(0.0983, device='cuda:0', grad_fn=<DivBackward0>)
Memory status after this epoch: 
Memory allocated:  177.2470703125
Memory cached:  362.0
	 epoch  50 training error:  tensor(0.9473, device='cuda:0', grad_fn=<DivBackward0>)
	 epoch  50 test error:  tensor(0.0984, device='cuda:0', grad_fn=<DivBackward0>)
Memory status after this epoch: 
Memory allocated:  177.2470703125
Memory cached:  362.0
	 epoch  60 training error:  tensor(0.9478, device='cuda:0', grad_fn=<DivBackward0>)
	 epoch  60 test error:  tensor(0.0980, device='cuda:0', grad_fn=<DivBackward0>)
Memory status after this epoch: 
Memory allocated:  177.2470703125
Memory cached:  362.0
	 epoch  70 training error:  tensor(0.9472, device='cuda:0', grad_fn=<DivBackward0>)
	 epoch  70 test error:  tensor(0.0981, device='cuda:0', grad_fn=<DivBackward0>)
Memory status after this epoch: 
Memory allocated:  177.2470703125
Memory cached:  362.0
	 epoch  80 training error:  tensor(0.9494, device='cuda:0', grad_fn=<DivBackward0>)
	 epoch  80 test error:  tensor(0.0974, device='cuda:0', grad_fn=<DivBackward0>)
Memory status after this epoch: 
Memory allocated:  177.2470703125
Memory cached:  362.0
	 epoch  90 training error:  tensor(0.9476, device='cuda:0', grad_fn=<DivBackward0>)
	 epoch  90 test error:  tensor(0.0983, device='cuda:0', grad_fn=<DivBackward0>)
Memory status after this epoch: 
Memory allocated:  177.2470703125
Memory cached:  364.0
[I 2023-11-17 02:08:59,186] Trial 4 finished with value: 0.09802921116352081 and parameters: {'W_layers': 3, 'W_layer_units_exponent_0': 4, 'W_layer_units_exponent_1': 5, 'W_layer_units_exponent_2': 6, 'D_layers': 8, 'D_layer_units_exponent_0': 10, 'D_layer_units_exponent_1': 5, 'D_layer_units_exponent_2': 7, 'D_layer_units_exponent_3': 9, 'D_layer_units_exponent_4': 4, 'D_layer_units_exponent_5': 9, 'D_layer_units_exponent_6': 8, 'D_layer_units_exponent_7': 5, 'log_learning_rate': -2.646928433890776, 'log_learning_rate_D': -2.796610729223867, 'training_batch_size': 6, 'training_p': 2}. Best is trial 0 with value: 0.09673389047384262.
Time for this trial:  280.91005182266235
Memory status after this trial: 
Memory allocated:  346.0576171875
Memory cached:  362.0
--------------------  Trial  5   --------------------
Start timing: 
Parameters: 
{'W_layers': 8, 'W_layer_units_exponent_0': 4, 'W_layer_units_exponent_1': 4, 'W_layer_units_exponent_2': 5, 'W_layer_units_exponent_3': 8, 'W_layer_units_exponent_4': 4, 'W_layer_units_exponent_5': 5, 'W_layer_units_exponent_6': 10, 'W_layer_units_exponent_7': 8, 'D_layers': 3, 'D_layer_units_exponent_0': 10, 'D_layer_units_exponent_1': 6, 'D_layer_units_exponent_2': 9, 'log_learning_rate': -1.1413054690888464, 'log_learning_rate_D': -1.6044451517935547, 'training_batch_size': 12, 'training_p': 5}
	 epoch  0 training error:  tensor(1.0004, device='cuda:0', grad_fn=<DivBackward0>)
	 epoch  0 test error:  tensor(5.4148, device='cuda:0', grad_fn=<DivBackward0>)
Memory status after this epoch: 
Memory allocated:  213.47998046875
Memory cached:  220.0
	 epoch  10 training error:  tensor(1., device='cuda:0', grad_fn=<DivBackward0>)
	 epoch  10 test error:  tensor(0.0967, device='cuda:0', grad_fn=<DivBackward0>)
Memory status after this epoch: 
Memory allocated:  213.47998046875
Memory cached:  432.0
	 epoch  20 training error:  tensor(1., device='cuda:0', grad_fn=<DivBackward0>)
	 epoch  20 test error:  tensor(0.0967, device='cuda:0', grad_fn=<DivBackward0>)
Memory status after this epoch: 
Memory allocated:  213.47998046875
Memory cached:  432.0
	 epoch  30 training error:  tensor(1., device='cuda:0', grad_fn=<DivBackward0>)
	 epoch  30 test error:  tensor(0.0967, device='cuda:0', grad_fn=<DivBackward0>)
Memory status after this epoch: 
Memory allocated:  213.47998046875
Memory cached:  432.0
	 epoch  40 training error:  tensor(1., device='cuda:0', grad_fn=<DivBackward0>)
	 epoch  40 test error:  tensor(0.0967, device='cuda:0', grad_fn=<DivBackward0>)
Memory status after this epoch: 
Memory allocated:  213.47998046875
Memory cached:  434.0
	 epoch  50 training error:  tensor(1., device='cuda:0', grad_fn=<DivBackward0>)
	 epoch  50 test error:  tensor(0.0967, device='cuda:0', grad_fn=<DivBackward0>)
Memory status after this epoch: 
Memory allocated:  213.47998046875
Memory cached:  438.0
	 epoch  60 training error:  tensor(1., device='cuda:0', grad_fn=<DivBackward0>)
	 epoch  60 test error:  tensor(0.0967, device='cuda:0', grad_fn=<DivBackward0>)
Memory status after this epoch: 
Memory allocated:  213.47998046875
Memory cached:  434.0
	 epoch  70 training error:  tensor(1., device='cuda:0', grad_fn=<DivBackward0>)
	 epoch  70 test error:  tensor(0.0967, device='cuda:0', grad_fn=<DivBackward0>)
Memory status after this epoch: 
Memory allocated:  213.47998046875
Memory cached:  434.0
	 epoch  80 training error:  tensor(1., device='cuda:0', grad_fn=<DivBackward0>)
	 epoch  80 test error:  tensor(0.0967, device='cuda:0', grad_fn=<DivBackward0>)
Memory status after this epoch: 
Memory allocated:  213.47998046875
Memory cached:  434.0
	 epoch  90 training error:  tensor(1., device='cuda:0', grad_fn=<DivBackward0>)
	 epoch  90 test error:  tensor(0.0967, device='cuda:0', grad_fn=<DivBackward0>)
Memory status after this epoch: 
Memory allocated:  213.47998046875
Memory cached:  434.0
[I 2023-11-17 02:11:49,833] Trial 5 finished with value: 0.09674400091171265 and parameters: {'W_layers': 8, 'W_layer_units_exponent_0': 4, 'W_layer_units_exponent_1': 4, 'W_layer_units_exponent_2': 5, 'W_layer_units_exponent_3': 8, 'W_layer_units_exponent_4': 4, 'W_layer_units_exponent_5': 5, 'W_layer_units_exponent_6': 10, 'W_layer_units_exponent_7': 8, 'D_layers': 3, 'D_layer_units_exponent_0': 10, 'D_layer_units_exponent_1': 6, 'D_layer_units_exponent_2': 9, 'log_learning_rate': -1.1413054690888464, 'log_learning_rate_D': -1.6044451517935547, 'training_batch_size': 12, 'training_p': 5}. Best is trial 0 with value: 0.09673389047384262.
Time for this trial:  170.46088361740112
Memory status after this trial: 
Memory allocated:  415.1513671875
Memory cached:  432.0
--------------------  Trial  6   --------------------
Start timing: 
Parameters: 
{'W_layers': 5, 'W_layer_units_exponent_0': 7, 'W_layer_units_exponent_1': 7, 'W_layer_units_exponent_2': 9, 'W_layer_units_exponent_3': 10, 'W_layer_units_exponent_4': 4, 'D_layers': 3, 'D_layer_units_exponent_0': 6, 'D_layer_units_exponent_1': 4, 'D_layer_units_exponent_2': 4, 'log_learning_rate': -3.2070220169805137, 'log_learning_rate_D': -2.16461597654053, 'training_batch_size': 10, 'training_p': 3}
	 epoch  0 training error:  tensor(1.0048, device='cuda:0', grad_fn=<DivBackward0>)
	 epoch  0 test error:  tensor(0.1416, device='cuda:0', grad_fn=<DivBackward0>)
Memory status after this epoch: 
Memory allocated:  145.59228515625
Memory cached:  164.0
	 epoch  10 training error:  tensor(0.9520, device='cuda:0', grad_fn=<DivBackward0>)
	 epoch  10 test error:  tensor(0.0998, device='cuda:0', grad_fn=<DivBackward0>)
Memory status after this epoch: 
Memory allocated:  146.01416015625
Memory cached:  284.0
	 epoch  20 training error:  tensor(0.9677, device='cuda:0', grad_fn=<DivBackward0>)
	 epoch  20 test error:  tensor(0.0968, device='cuda:0', grad_fn=<DivBackward0>)
Memory status after this epoch: 
Memory allocated:  145.82666015625
Memory cached:  284.0
	 epoch  30 training error:  tensor(0.9596, device='cuda:0', grad_fn=<DivBackward0>)
	 epoch  30 test error:  tensor(0.0974, device='cuda:0', grad_fn=<DivBackward0>)
Memory status after this epoch: 
Memory allocated:  145.59228515625
Memory cached:  284.0
	 epoch  40 training error:  tensor(0.9514, device='cuda:0', grad_fn=<DivBackward0>)
	 epoch  40 test error:  tensor(0.0979, device='cuda:0', grad_fn=<DivBackward0>)
Memory status after this epoch: 
Memory allocated:  146.24853515625
Memory cached:  284.0
	 epoch  50 training error:  tensor(0.9527, device='cuda:0', grad_fn=<DivBackward0>)
	 epoch  50 test error:  tensor(0.0978, device='cuda:0', grad_fn=<DivBackward0>)
Memory status after this epoch: 
Memory allocated:  145.59228515625
Memory cached:  284.0
	 epoch  60 training error:  tensor(0.9529, device='cuda:0', grad_fn=<DivBackward0>)
	 epoch  60 test error:  tensor(0.0982, device='cuda:0', grad_fn=<DivBackward0>)
Memory status after this epoch: 
Memory allocated:  145.82666015625
Memory cached:  284.0
	 epoch  70 training error:  tensor(0.9503, device='cuda:0', grad_fn=<DivBackward0>)
	 epoch  70 test error:  tensor(0.0981, device='cuda:0', grad_fn=<DivBackward0>)
Memory status after this epoch: 
Memory allocated:  146.01416015625
Memory cached:  284.0
	 epoch  80 training error:  tensor(0.9497, device='cuda:0', grad_fn=<DivBackward0>)
	 epoch  80 test error:  tensor(0.0982, device='cuda:0', grad_fn=<DivBackward0>)
Memory status after this epoch: 
Memory allocated:  145.82666015625
Memory cached:  284.0
	 epoch  90 training error:  tensor(0.9504, device='cuda:0', grad_fn=<DivBackward0>)
	 epoch  90 test error:  tensor(0.0982, device='cuda:0', grad_fn=<DivBackward0>)
Memory status after this epoch: 
Memory allocated:  146.01416015625
Memory cached:  284.0
[I 2023-11-17 02:14:06,191] Trial 6 finished with value: 0.09833113849163055 and parameters: {'W_layers': 5, 'W_layer_units_exponent_0': 7, 'W_layer_units_exponent_1': 7, 'W_layer_units_exponent_2': 9, 'W_layer_units_exponent_3': 10, 'W_layer_units_exponent_4': 4, 'D_layers': 3, 'D_layer_units_exponent_0': 6, 'D_layer_units_exponent_1': 4, 'D_layer_units_exponent_2': 4, 'log_learning_rate': -3.2070220169805137, 'log_learning_rate_D': -2.16461597654053, 'training_batch_size': 10, 'training_p': 3}. Best is trial 0 with value: 0.09673389047384262.
Time for this trial:  136.18917989730835
Memory status after this trial: 
Memory allocated:  274.9990234375
Memory cached:  286.0
--------------------  Trial  7   --------------------
Start timing: 
Parameters: 
{'W_layers': 2, 'W_layer_units_exponent_0': 4, 'W_layer_units_exponent_1': 7, 'D_layers': 8, 'D_layer_units_exponent_0': 6, 'D_layer_units_exponent_1': 8, 'D_layer_units_exponent_2': 5, 'D_layer_units_exponent_3': 5, 'D_layer_units_exponent_4': 4, 'D_layer_units_exponent_5': 9, 'D_layer_units_exponent_6': 9, 'D_layer_units_exponent_7': 9, 'log_learning_rate': -4.4815318720427095, 'log_learning_rate_D': -3.3426567327026104, 'training_batch_size': 12, 'training_p': 2}
	 epoch  0 training error:  tensor(0.9774, device='cuda:0', grad_fn=<DivBackward0>)
	 epoch  0 test error:  tensor(0.0970, device='cuda:0', grad_fn=<DivBackward0>)
Memory status after this epoch: 
Memory allocated:  152.830078125
Memory cached:  180.0
	 epoch  10 training error:  tensor(0.9590, device='cuda:0', grad_fn=<DivBackward0>)
	 epoch  10 test error:  tensor(0.0982, device='cuda:0', grad_fn=<DivBackward0>)
Memory status after this epoch: 
Memory allocated:  153.205078125
Memory cached:  308.0
	 epoch  20 training error:  tensor(0.9476, device='cuda:0', grad_fn=<DivBackward0>)
	 epoch  20 test error:  tensor(0.0981, device='cuda:0', grad_fn=<DivBackward0>)
Memory status after this epoch: 
Memory allocated:  152.830078125
Memory cached:  308.0
	 epoch  30 training error:  tensor(0.9471, device='cuda:0', grad_fn=<DivBackward0>)
	 epoch  30 test error:  tensor(0.0980, device='cuda:0', grad_fn=<DivBackward0>)
Memory status after this epoch: 
Memory allocated:  153.205078125
Memory cached:  308.0
	 epoch  40 training error:  tensor(0.9470, device='cuda:0', grad_fn=<DivBackward0>)
	 epoch  40 test error:  tensor(0.0980, device='cuda:0', grad_fn=<DivBackward0>)
Memory status after this epoch: 
Memory allocated:  152.830078125
Memory cached:  308.0
	 epoch  50 training error:  tensor(0.9463, device='cuda:0', grad_fn=<DivBackward0>)
	 epoch  50 test error:  tensor(0.0981, device='cuda:0', grad_fn=<DivBackward0>)
Memory status after this epoch: 
Memory allocated:  153.205078125
Memory cached:  310.0
	 epoch  60 training error:  tensor(0.9462, device='cuda:0', grad_fn=<DivBackward0>)
	 epoch  60 test error:  tensor(0.0981, device='cuda:0', grad_fn=<DivBackward0>)
Memory status after this epoch: 
Memory allocated:  152.830078125
Memory cached:  310.0
	 epoch  70 training error:  tensor(0.9462, device='cuda:0', grad_fn=<DivBackward0>)
	 epoch  70 test error:  tensor(0.0981, device='cuda:0', grad_fn=<DivBackward0>)
Memory status after this epoch: 
Memory allocated:  153.205078125
Memory cached:  308.0
	 epoch  80 training error:  tensor(0.9461, device='cuda:0', grad_fn=<DivBackward0>)
	 epoch  80 test error:  tensor(0.0981, device='cuda:0', grad_fn=<DivBackward0>)
Memory status after this epoch: 
Memory allocated:  152.830078125
Memory cached:  308.0
	 epoch  90 training error:  tensor(0.9461, device='cuda:0', grad_fn=<DivBackward0>)
	 epoch  90 test error:  tensor(0.0981, device='cuda:0', grad_fn=<DivBackward0>)
Memory status after this epoch: 
Memory allocated:  153.205078125
Memory cached:  308.0
