/home/shengduo/anaconda3/lib/python3.9/site-packages/scipy/__init__.py:146: UserWarning: A NumPy version >=1.16.5 and <1.23.0 is required for this version of SciPy (detected version 1.24.1
  warnings.warn(f"A NumPy version >={np_minversion} and <{np_maxversion}"
[I 2023-11-16 23:24:40,387] A new study created in memory with name: no-name-642407b6-2934-4b5e-9caa-c8c9fdd02378
Cuda is available:  True
Device is:  cuda:0
Memory allocated:  0.0
Memory cached:  0.0
Vs.shape:  torch.Size([100, 100])
thetas.shape:  torch.Size([100, 100])
fs.shape:  torch.Size([100, 100])
ts.shape:  torch.Size([100, 100])
Xs.shape:  torch.Size([100, 100])
--------------------  Trial  0   --------------------
Start timing: 
Parameters: 
{'W_layers': 2, 'W_layer_units_exponent_0': 6, 'W_layer_units_exponent_1': 9, 'D_layers': 8, 'D_layer_units_exponent_0': 6, 'D_layer_units_exponent_1': 4, 'D_layer_units_exponent_2': 8, 'D_layer_units_exponent_3': 9, 'D_layer_units_exponent_4': 7, 'D_layer_units_exponent_5': 4, 'D_layer_units_exponent_6': 7, 'D_layer_units_exponent_7': 6, 'D_dagger_layers': 7, 'D_dagger_layer_units_exponent_0': 6, 'D_dagger_layer_units_exponent_1': 7, 'D_dagger_layer_units_exponent_2': 4, 'D_dagger_layer_units_exponent_3': 7, 'D_dagger_layer_units_exponent_4': 4, 'D_dagger_layer_units_exponent_5': 10, 'D_dagger_layer_units_exponent_6': 9, 'log_learning_rate': -4.658122119927972, 'log_learning_rate_D': -2.9743811436993295, 'log_learning_rate_D_dagger': -2.772354992262708, 'training_batch_size': 7, 'training_p': 5}
/home/shengduo/anaconda3/lib/python3.9/site-packages/torch/nn/init.py:405: UserWarning: Initializing zero-element tensors is a no-op
  warnings.warn("Initializing zero-element tensors is a no-op")
	 epoch  0 training error:  tensor(1.0580, device='cuda:0', grad_fn=<DivBackward0>)
Memory status after this epoch: 
Memory allocated:  10.0126953125
Memory cached:  48.0
	 epoch  10 training error:  tensor(0.2007, device='cuda:0', grad_fn=<DivBackward0>)
Memory status after this epoch: 
Memory allocated:  10.0126953125
Memory cached:  50.0
	 epoch  20 training error:  tensor(0.1511, device='cuda:0', grad_fn=<DivBackward0>)
Memory status after this epoch: 
Memory allocated:  10.0126953125
Memory cached:  48.0
	 epoch  30 training error:  tensor(0.1481, device='cuda:0', grad_fn=<DivBackward0>)
Memory status after this epoch: 
Memory allocated:  10.0126953125
Memory cached:  48.0
	 epoch  40 training error:  tensor(0.1391, device='cuda:0', grad_fn=<DivBackward0>)
Memory status after this epoch: 
Memory allocated:  10.0126953125
Memory cached:  48.0
	 epoch  50 training error:  tensor(0.1399, device='cuda:0', grad_fn=<DivBackward0>)
Memory status after this epoch: 
Memory allocated:  10.0126953125
Memory cached:  48.0
	 epoch  60 training error:  tensor(0.1393, device='cuda:0', grad_fn=<DivBackward0>)
Memory status after this epoch: 
Memory allocated:  10.0126953125
Memory cached:  48.0
	 epoch  70 training error:  tensor(0.1407, device='cuda:0', grad_fn=<DivBackward0>)
Memory status after this epoch: 
Memory allocated:  10.0126953125
Memory cached:  50.0
	 epoch  80 training error:  tensor(0.1429, device='cuda:0', grad_fn=<DivBackward0>)
Memory status after this epoch: 
Memory allocated:  10.0126953125
Memory cached:  48.0
	 epoch  90 training error:  tensor(0.1433, device='cuda:0', grad_fn=<DivBackward0>)
Memory status after this epoch: 
Memory allocated:  10.0126953125
Memory cached:  48.0
[I 2023-11-16 23:25:01,300] Trial 0 finished with value: 0.1123598963022232 and parameters: {'W_layers': 2, 'W_layer_units_exponent_0': 6, 'W_layer_units_exponent_1': 9, 'D_layers': 8, 'D_layer_units_exponent_0': 6, 'D_layer_units_exponent_1': 4, 'D_layer_units_exponent_2': 8, 'D_layer_units_exponent_3': 9, 'D_layer_units_exponent_4': 7, 'D_layer_units_exponent_5': 4, 'D_layer_units_exponent_6': 7, 'D_layer_units_exponent_7': 6, 'D_dagger_layers': 7, 'D_dagger_layer_units_exponent_0': 6, 'D_dagger_layer_units_exponent_1': 7, 'D_dagger_layer_units_exponent_2': 4, 'D_dagger_layer_units_exponent_3': 7, 'D_dagger_layer_units_exponent_4': 4, 'D_dagger_layer_units_exponent_5': 10, 'D_dagger_layer_units_exponent_6': 9, 'log_learning_rate': -4.658122119927972, 'log_learning_rate_D': -2.9743811436993295, 'log_learning_rate_D_dagger': -2.772354992262708, 'training_batch_size': 7, 'training_p': 5}. Best is trial 0 with value: 0.1123598963022232.
Time for this trial:  20.8095645904541
Memory status after this trial: 
Memory allocated:  137.7431640625
Memory cached:  166.0
--------------------  Trial  1   --------------------
Start timing: 
Parameters: 
{'W_layers': 2, 'W_layer_units_exponent_0': 9, 'W_layer_units_exponent_1': 5, 'D_layers': 8, 'D_layer_units_exponent_0': 4, 'D_layer_units_exponent_1': 8, 'D_layer_units_exponent_2': 9, 'D_layer_units_exponent_3': 9, 'D_layer_units_exponent_4': 8, 'D_layer_units_exponent_5': 9, 'D_layer_units_exponent_6': 5, 'D_layer_units_exponent_7': 8, 'D_dagger_layers': 8, 'D_dagger_layer_units_exponent_0': 10, 'D_dagger_layer_units_exponent_1': 6, 'D_dagger_layer_units_exponent_2': 10, 'D_dagger_layer_units_exponent_3': 9, 'D_dagger_layer_units_exponent_4': 10, 'D_dagger_layer_units_exponent_5': 6, 'D_dagger_layer_units_exponent_6': 6, 'D_dagger_layer_units_exponent_7': 4, 'log_learning_rate': -4.1895061490668315, 'log_learning_rate_D': -2.944356410080419, 'log_learning_rate_D_dagger': -1.410491380287942, 'training_batch_size': 12, 'training_p': 4}
	 epoch  0 training error:  tensor(0.9750, device='cuda:0', grad_fn=<DivBackward0>)
Memory status after this epoch: 
Memory allocated:  23.09716796875
Memory cached:  90.0
	 epoch  10 training error:  tensor(0.8088, device='cuda:0', grad_fn=<DivBackward0>)
Memory status after this epoch: 
Memory allocated:  23.09716796875
Memory cached:  92.0
	 epoch  20 training error:  tensor(0.6384, device='cuda:0', grad_fn=<DivBackward0>)
Memory status after this epoch: 
Memory allocated:  23.09716796875
Memory cached:  92.0
	 epoch  30 training error:  tensor(0.4652, device='cuda:0', grad_fn=<DivBackward0>)
Memory status after this epoch: 
Memory allocated:  23.09716796875
Memory cached:  92.0
	 epoch  40 training error:  tensor(0.2968, device='cuda:0', grad_fn=<DivBackward0>)
Memory status after this epoch: 
Memory allocated:  23.09716796875
Memory cached:  92.0
	 epoch  50 training error:  tensor(0.1760, device='cuda:0', grad_fn=<DivBackward0>)
Memory status after this epoch: 
Memory allocated:  23.09716796875
Memory cached:  92.0
	 epoch  60 training error:  tensor(0.1740, device='cuda:0', grad_fn=<DivBackward0>)
Memory status after this epoch: 
Memory allocated:  23.09716796875
Memory cached:  92.0
	 epoch  70 training error:  tensor(0.1681, device='cuda:0', grad_fn=<DivBackward0>)
Memory status after this epoch: 
Memory allocated:  23.09716796875
Memory cached:  92.0
	 epoch  80 training error:  tensor(0.1639, device='cuda:0', grad_fn=<DivBackward0>)
Memory status after this epoch: 
Memory allocated:  23.09716796875
Memory cached:  92.0
	 epoch  90 training error:  tensor(0.1645, device='cuda:0', grad_fn=<DivBackward0>)
Memory status after this epoch: 
Memory allocated:  23.09716796875
Memory cached:  92.0
[I 2023-11-16 23:25:20,777] Trial 1 finished with value: 0.11515014618635178 and parameters: {'W_layers': 2, 'W_layer_units_exponent_0': 9, 'W_layer_units_exponent_1': 5, 'D_layers': 8, 'D_layer_units_exponent_0': 4, 'D_layer_units_exponent_1': 8, 'D_layer_units_exponent_2': 9, 'D_layer_units_exponent_3': 9, 'D_layer_units_exponent_4': 8, 'D_layer_units_exponent_5': 9, 'D_layer_units_exponent_6': 5, 'D_layer_units_exponent_7': 8, 'D_dagger_layers': 8, 'D_dagger_layer_units_exponent_0': 10, 'D_dagger_layer_units_exponent_1': 6, 'D_dagger_layer_units_exponent_2': 10, 'D_dagger_layer_units_exponent_3': 9, 'D_dagger_layer_units_exponent_4': 10, 'D_dagger_layer_units_exponent_5': 6, 'D_dagger_layer_units_exponent_6': 6, 'D_dagger_layer_units_exponent_7': 4, 'log_learning_rate': -4.1895061490668315, 'log_learning_rate_D': -2.944356410080419, 'log_learning_rate_D_dagger': -1.410491380287942, 'training_batch_size': 12, 'training_p': 4}. Best is trial 0 with value: 0.1123598963022232.
Time for this trial:  19.344534397125244
Memory status after this trial: 
Memory allocated:  246.0576171875
Memory cached:  272.0
--------------------  Trial  2   --------------------
Start timing: 
Parameters: 
{'W_layers': 7, 'W_layer_units_exponent_0': 4, 'W_layer_units_exponent_1': 6, 'W_layer_units_exponent_2': 10, 'W_layer_units_exponent_3': 6, 'W_layer_units_exponent_4': 9, 'W_layer_units_exponent_5': 6, 'W_layer_units_exponent_6': 5, 'D_layers': 5, 'D_layer_units_exponent_0': 10, 'D_layer_units_exponent_1': 5, 'D_layer_units_exponent_2': 7, 'D_layer_units_exponent_3': 4, 'D_layer_units_exponent_4': 9, 'D_dagger_layers': 5, 'D_dagger_layer_units_exponent_0': 4, 'D_dagger_layer_units_exponent_1': 5, 'D_dagger_layer_units_exponent_2': 10, 'D_dagger_layer_units_exponent_3': 9, 'D_dagger_layer_units_exponent_4': 7, 'log_learning_rate': -3.998018133501661, 'log_learning_rate_D': -1.8749441713238735, 'log_learning_rate_D_dagger': -1.95977938059012, 'training_batch_size': 9, 'training_p': 6}
	 epoch  0 training error:  tensor(0.9916, device='cuda:0', grad_fn=<DivBackward0>)
Memory status after this epoch: 
Memory allocated:  12.97265625
Memory cached:  50.0
	 epoch  10 training error:  tensor(0.2356, device='cuda:0', grad_fn=<DivBackward0>)
Memory status after this epoch: 
Memory allocated:  12.97265625
Memory cached:  50.0
	 epoch  20 training error:  tensor(0.2257, device='cuda:0', grad_fn=<DivBackward0>)
Memory status after this epoch: 
Memory allocated:  12.97265625
Memory cached:  52.0
	 epoch  30 training error:  tensor(0.4747, device='cuda:0', grad_fn=<DivBackward0>)
Memory status after this epoch: 
Memory allocated:  12.97265625
Memory cached:  50.0
	 epoch  40 training error:  tensor(0.1961, device='cuda:0', grad_fn=<DivBackward0>)
Memory status after this epoch: 
Memory allocated:  12.97265625
Memory cached:  52.0
	 epoch  50 training error:  tensor(0.1462, device='cuda:0', grad_fn=<DivBackward0>)
Memory status after this epoch: 
Memory allocated:  12.97265625
Memory cached:  50.0
	 epoch  60 training error:  tensor(0.1471, device='cuda:0', grad_fn=<DivBackward0>)
Memory status after this epoch: 
Memory allocated:  12.97265625
Memory cached:  52.0
	 epoch  70 training error:  tensor(0.1455, device='cuda:0', grad_fn=<DivBackward0>)
Memory status after this epoch: 
Memory allocated:  12.97265625
Memory cached:  50.0
	 epoch  80 training error:  tensor(0.1453, device='cuda:0', grad_fn=<DivBackward0>)
Memory status after this epoch: 
Memory allocated:  12.97265625
Memory cached:  52.0
	 epoch  90 training error:  tensor(0.1455, device='cuda:0', grad_fn=<DivBackward0>)
Memory status after this epoch: 
Memory allocated:  12.97265625
Memory cached:  50.0
[I 2023-11-16 23:25:41,453] Trial 2 finished with value: 0.11787193268537521 and parameters: {'W_layers': 7, 'W_layer_units_exponent_0': 4, 'W_layer_units_exponent_1': 6, 'W_layer_units_exponent_2': 10, 'W_layer_units_exponent_3': 6, 'W_layer_units_exponent_4': 9, 'W_layer_units_exponent_5': 6, 'W_layer_units_exponent_6': 5, 'D_layers': 5, 'D_layer_units_exponent_0': 10, 'D_layer_units_exponent_1': 5, 'D_layer_units_exponent_2': 7, 'D_layer_units_exponent_3': 4, 'D_layer_units_exponent_4': 9, 'D_dagger_layers': 5, 'D_dagger_layer_units_exponent_0': 4, 'D_dagger_layer_units_exponent_1': 5, 'D_dagger_layer_units_exponent_2': 10, 'D_dagger_layer_units_exponent_3': 9, 'D_dagger_layer_units_exponent_4': 7, 'log_learning_rate': -3.998018133501661, 'log_learning_rate_D': -1.8749441713238735, 'log_learning_rate_D_dagger': -1.95977938059012, 'training_batch_size': 9, 'training_p': 6}. Best is trial 0 with value: 0.1123598963022232.
Time for this trial:  20.55422019958496
Memory status after this trial: 
Memory allocated:  195.4931640625
Memory cached:  220.0
--------------------  Trial  3   --------------------
Start timing: 
Parameters: 
{'W_layers': 4, 'W_layer_units_exponent_0': 6, 'W_layer_units_exponent_1': 8, 'W_layer_units_exponent_2': 9, 'W_layer_units_exponent_3': 10, 'D_layers': 3, 'D_layer_units_exponent_0': 10, 'D_layer_units_exponent_1': 9, 'D_layer_units_exponent_2': 6, 'D_dagger_layers': 5, 'D_dagger_layer_units_exponent_0': 10, 'D_dagger_layer_units_exponent_1': 4, 'D_dagger_layer_units_exponent_2': 5, 'D_dagger_layer_units_exponent_3': 5, 'D_dagger_layer_units_exponent_4': 7, 'log_learning_rate': -4.2163596983504785, 'log_learning_rate_D': -1.3705196025692032, 'log_learning_rate_D_dagger': -3.9852535247566747, 'training_batch_size': 8, 'training_p': 8}
	 epoch  0 training error:  tensor(1.0016, device='cuda:0', grad_fn=<DivBackward0>)
Memory status after this epoch: 
Memory allocated:  13.10498046875
Memory cached:  24.0
	 epoch  10 training error:  tensor(0.6849, device='cuda:0', grad_fn=<DivBackward0>)
Memory status after this epoch: 
Memory allocated:  13.10498046875
Memory cached:  26.0
	 epoch  20 training error:  tensor(0.2798, device='cuda:0', grad_fn=<DivBackward0>)
Memory status after this epoch: 
Memory allocated:  13.10498046875
Memory cached:  26.0
	 epoch  30 training error:  tensor(0.2330, device='cuda:0', grad_fn=<DivBackward0>)
Memory status after this epoch: 
Memory allocated:  13.10498046875
Memory cached:  26.0
	 epoch  40 training error:  tensor(0.1872, device='cuda:0', grad_fn=<DivBackward0>)
Memory status after this epoch: 
Memory allocated:  13.10498046875
Memory cached:  26.0
	 epoch  50 training error:  tensor(0.1605, device='cuda:0', grad_fn=<DivBackward0>)
Memory status after this epoch: 
Memory allocated:  13.10498046875
Memory cached:  26.0
	 epoch  60 training error:  tensor(0.1559, device='cuda:0', grad_fn=<DivBackward0>)
Memory status after this epoch: 
Memory allocated:  13.10498046875
Memory cached:  26.0
	 epoch  70 training error:  tensor(0.1549, device='cuda:0', grad_fn=<DivBackward0>)
Memory status after this epoch: 
Memory allocated:  13.10498046875
Memory cached:  26.0
	 epoch  80 training error:  tensor(0.1547, device='cuda:0', grad_fn=<DivBackward0>)
Memory status after this epoch: 
Memory allocated:  13.10498046875
Memory cached:  26.0
	 epoch  90 training error:  tensor(0.1542, device='cuda:0', grad_fn=<DivBackward0>)
Memory status after this epoch: 
Memory allocated:  13.10498046875
Memory cached:  26.0
[I 2023-11-16 23:26:01,460] Trial 3 finished with value: 0.12594178318977356 and parameters: {'W_layers': 4, 'W_layer_units_exponent_0': 6, 'W_layer_units_exponent_1': 8, 'W_layer_units_exponent_2': 9, 'W_layer_units_exponent_3': 10, 'D_layers': 3, 'D_layer_units_exponent_0': 10, 'D_layer_units_exponent_1': 9, 'D_layer_units_exponent_2': 6, 'D_dagger_layers': 5, 'D_dagger_layer_units_exponent_0': 10, 'D_dagger_layer_units_exponent_1': 4, 'D_dagger_layer_units_exponent_2': 5, 'D_dagger_layer_units_exponent_3': 5, 'D_dagger_layer_units_exponent_4': 7, 'log_learning_rate': -4.2163596983504785, 'log_learning_rate_D': -1.3705196025692032, 'log_learning_rate_D_dagger': -3.9852535247566747, 'training_batch_size': 8, 'training_p': 8}. Best is trial 0 with value: 0.1123598963022232.
Time for this trial:  19.894832134246826
Memory status after this trial: 
Memory allocated:  173.3427734375
Memory cached:  192.0
--------------------  Trial  4   --------------------
Start timing: 
Parameters: 
{'W_layers': 3, 'W_layer_units_exponent_0': 7, 'W_layer_units_exponent_1': 7, 'W_layer_units_exponent_2': 8, 'D_layers': 5, 'D_layer_units_exponent_0': 9, 'D_layer_units_exponent_1': 6, 'D_layer_units_exponent_2': 10, 'D_layer_units_exponent_3': 5, 'D_layer_units_exponent_4': 10, 'D_dagger_layers': 3, 'D_dagger_layer_units_exponent_0': 8, 'D_dagger_layer_units_exponent_1': 7, 'D_dagger_layer_units_exponent_2': 8, 'log_learning_rate': -1.185760947517244, 'log_learning_rate_D': -3.439605667516318, 'log_learning_rate_D_dagger': -2.2531289515683794, 'training_batch_size': 8, 'training_p': 2}
	 epoch  0 training error:  tensor(0.9947, device='cuda:0', grad_fn=<DivBackward0>)
Memory status after this epoch: 
Memory allocated:  2.57958984375
Memory cached:  4.0
	 epoch  10 training error:  tensor(0.6159, device='cuda:0', grad_fn=<DivBackward0>)
Memory status after this epoch: 
Memory allocated:  2.57958984375
Memory cached:  4.0
	 epoch  20 training error:  tensor(0.1823, device='cuda:0', grad_fn=<DivBackward0>)
Memory status after this epoch: 
Memory allocated:  2.57958984375
Memory cached:  4.0
	 epoch  30 training error:  tensor(0.0992, device='cuda:0', grad_fn=<DivBackward0>)
Memory status after this epoch: 
Memory allocated:  2.57958984375
Memory cached:  4.0
	 epoch  40 training error:  tensor(0.0946, device='cuda:0', grad_fn=<DivBackward0>)
Memory status after this epoch: 
Memory allocated:  2.57958984375
Memory cached:  4.0
	 epoch  50 training error:  tensor(0.0960, device='cuda:0', grad_fn=<DivBackward0>)
Memory status after this epoch: 
Memory allocated:  2.57958984375
Memory cached:  4.0
	 epoch  60 training error:  tensor(0.0949, device='cuda:0', grad_fn=<DivBackward0>)
Memory status after this epoch: 
Memory allocated:  2.57958984375
Memory cached:  4.0
	 epoch  70 training error:  tensor(0.0943, device='cuda:0', grad_fn=<DivBackward0>)
Memory status after this epoch: 
Memory allocated:  2.57958984375
Memory cached:  4.0
	 epoch  80 training error:  tensor(0.0940, device='cuda:0', grad_fn=<DivBackward0>)
Memory status after this epoch: 
Memory allocated:  2.57958984375
Memory cached:  4.0
	 epoch  90 training error:  tensor(0.0940, device='cuda:0', grad_fn=<DivBackward0>)
Memory status after this epoch: 
Memory allocated:  2.57958984375
Memory cached:  4.0
[I 2023-11-16 23:26:18,745] Trial 4 finished with value: 0.0967848002910614 and parameters: {'W_layers': 3, 'W_layer_units_exponent_0': 7, 'W_layer_units_exponent_1': 7, 'W_layer_units_exponent_2': 8, 'D_layers': 5, 'D_layer_units_exponent_0': 9, 'D_layer_units_exponent_1': 6, 'D_layer_units_exponent_2': 10, 'D_layer_units_exponent_3': 5, 'D_layer_units_exponent_4': 10, 'D_dagger_layers': 3, 'D_dagger_layer_units_exponent_0': 8, 'D_dagger_layer_units_exponent_1': 7, 'D_dagger_layer_units_exponent_2': 8, 'log_learning_rate': -1.185760947517244, 'log_learning_rate_D': -3.439605667516318, 'log_learning_rate_D_dagger': -2.2531289515683794, 'training_batch_size': 8, 'training_p': 2}. Best is trial 4 with value: 0.0967848002910614.
Time for this trial:  17.181244611740112
Memory status after this trial: 
Memory allocated:  63.5810546875
Memory cached:  86.0
--------------------  Trial  5   --------------------
Start timing: 
Parameters: 
{'W_layers': 7, 'W_layer_units_exponent_0': 6, 'W_layer_units_exponent_1': 6, 'W_layer_units_exponent_2': 9, 'W_layer_units_exponent_3': 4, 'W_layer_units_exponent_4': 5, 'W_layer_units_exponent_5': 8, 'W_layer_units_exponent_6': 5, 'D_layers': 7, 'D_layer_units_exponent_0': 8, 'D_layer_units_exponent_1': 9, 'D_layer_units_exponent_2': 5, 'D_layer_units_exponent_3': 5, 'D_layer_units_exponent_4': 4, 'D_layer_units_exponent_5': 10, 'D_layer_units_exponent_6': 5, 'D_dagger_layers': 7, 'D_dagger_layer_units_exponent_0': 8, 'D_dagger_layer_units_exponent_1': 9, 'D_dagger_layer_units_exponent_2': 4, 'D_dagger_layer_units_exponent_3': 7, 'D_dagger_layer_units_exponent_4': 9, 'D_dagger_layer_units_exponent_5': 4, 'D_dagger_layer_units_exponent_6': 9, 'log_learning_rate': -4.854795437144422, 'log_learning_rate_D': -1.600246488091436, 'log_learning_rate_D_dagger': -2.400005595023681, 'training_batch_size': 12, 'training_p': 7}
	 epoch  0 training error:  tensor(0.9967, device='cuda:0', grad_fn=<DivBackward0>)
Memory status after this epoch: 
Memory allocated:  5.345703125
Memory cached:  18.0
	 epoch  10 training error:  tensor(0.7092, device='cuda:0', grad_fn=<DivBackward0>)
Memory status after this epoch: 
Memory allocated:  5.345703125
Memory cached:  20.0
	 epoch  20 training error:  tensor(0.9922, device='cuda:0', grad_fn=<DivBackward0>)
Memory status after this epoch: 
Memory allocated:  5.345703125
Memory cached:  20.0
	 epoch  30 training error:  tensor(0.9903, device='cuda:0', grad_fn=<DivBackward0>)
Memory status after this epoch: 
Memory allocated:  5.345703125
Memory cached:  20.0
	 epoch  40 training error:  tensor(0.9865, device='cuda:0', grad_fn=<DivBackward0>)
Memory status after this epoch: 
Memory allocated:  5.345703125
Memory cached:  20.0
	 epoch  50 training error:  tensor(0.9818, device='cuda:0', grad_fn=<DivBackward0>)
Memory status after this epoch: 
Memory allocated:  5.345703125
Memory cached:  20.0
	 epoch  60 training error:  tensor(0.9760, device='cuda:0', grad_fn=<DivBackward0>)
Memory status after this epoch: 
Memory allocated:  5.345703125
Memory cached:  20.0
	 epoch  70 training error:  tensor(0.9690, device='cuda:0', grad_fn=<DivBackward0>)
Memory status after this epoch: 
Memory allocated:  5.345703125
Memory cached:  20.0
	 epoch  80 training error:  tensor(0.9606, device='cuda:0', grad_fn=<DivBackward0>)
Memory status after this epoch: 
Memory allocated:  5.345703125
Memory cached:  20.0
	 epoch  90 training error:  tensor(0.9505, device='cuda:0', grad_fn=<DivBackward0>)
Memory status after this epoch: 
Memory allocated:  5.345703125
Memory cached:  20.0
