[I 2023-11-17 14:53:05,099] Trial 46 finished with value: 0.19105440378189087 and parameters: {'W_layers': 7, 'W_layer_units_exponent_0': 6, 'W_layer_units_exponent_1': 6, 'W_layer_units_exponent_2': 8, 'W_layer_units_exponent_3': 10, 'W_layer_units_exponent_4': 5, 'W_layer_units_exponent_5': 6, 'W_layer_units_exponent_6': 5, 'D_layers': 5, 'D_layer_units_exponent_0': 5, 'D_layer_units_exponent_1': 6, 'D_layer_units_exponent_2': 9, 'D_layer_units_exponent_3': 9, 'D_layer_units_exponent_4': 9, 'log_learning_rate': -4.3914166548143125, 'log_learning_rate_D': -3.3670885562251356, 'training_batch_size': 10, 'training_p': 2}. Best is trial 37 with value: 0.19051067531108856.
Time for this trial:  177.25749492645264
Memory status after this trial: 
Memory allocated:  622.337890625
Memory cached:  638.0
--------------------  Trial  47   --------------------
Start timing: 
Parameters: 
{'W_layers': 6, 'W_layer_units_exponent_0': 5, 'W_layer_units_exponent_1': 7, 'W_layer_units_exponent_2': 7, 'W_layer_units_exponent_3': 9, 'W_layer_units_exponent_4': 6, 'W_layer_units_exponent_5': 9, 'D_layers': 8, 'D_layer_units_exponent_0': 7, 'D_layer_units_exponent_1': 4, 'D_layer_units_exponent_2': 7, 'D_layer_units_exponent_3': 7, 'D_layer_units_exponent_4': 5, 'D_layer_units_exponent_5': 4, 'D_layer_units_exponent_6': 4, 'D_layer_units_exponent_7': 10, 'log_learning_rate': -4.777449066316203, 'log_learning_rate_D': -3.7144753571278883, 'training_batch_size': 9, 'training_p': 2}
	 epoch  0 training error:  tensor(1.0020, device='cuda:0', grad_fn=<DivBackward0>)
	 epoch  0 test error:  tensor(0.1924, device='cuda:0', grad_fn=<DivBackward0>)
Memory status after this epoch: 
Memory allocated:  296.92529296875
Memory cached:  432.0
	 epoch  10 training error:  tensor(0.9984, device='cuda:0', grad_fn=<DivBackward0>)
	 epoch  10 test error:  tensor(0.1920, device='cuda:0', grad_fn=<DivBackward0>)
Memory status after this epoch: 
Memory allocated:  296.97216796875
Memory cached:  596.0
	 epoch  20 training error:  tensor(0.9958, device='cuda:0', grad_fn=<DivBackward0>)
	 epoch  20 test error:  tensor(0.1916, device='cuda:0', grad_fn=<DivBackward0>)
Memory status after this epoch: 
Memory allocated:  296.92529296875
Memory cached:  596.0
	 epoch  30 training error:  tensor(0.9945, device='cuda:0', grad_fn=<DivBackward0>)
	 epoch  30 test error:  tensor(0.1914, device='cuda:0', grad_fn=<DivBackward0>)
Memory status after this epoch: 
Memory allocated:  296.97216796875
Memory cached:  596.0
	 epoch  40 training error:  tensor(0.9943, device='cuda:0', grad_fn=<DivBackward0>)
	 epoch  40 test error:  tensor(0.1914, device='cuda:0', grad_fn=<DivBackward0>)
Memory status after this epoch: 
Memory allocated:  296.92529296875
Memory cached:  598.0
	 epoch  50 training error:  tensor(0.9943, device='cuda:0', grad_fn=<DivBackward0>)
	 epoch  50 test error:  tensor(0.1913, device='cuda:0', grad_fn=<DivBackward0>)
Memory status after this epoch: 
Memory allocated:  296.97216796875
Memory cached:  598.0
	 epoch  60 training error:  tensor(0.9943, device='cuda:0', grad_fn=<DivBackward0>)
	 epoch  60 test error:  tensor(0.1913, device='cuda:0', grad_fn=<DivBackward0>)
Memory status after this epoch: 
Memory allocated:  296.92529296875
Memory cached:  598.0
	 epoch  70 training error:  tensor(0.9942, device='cuda:0', grad_fn=<DivBackward0>)
	 epoch  70 test error:  tensor(0.1913, device='cuda:0', grad_fn=<DivBackward0>)
Memory status after this epoch: 
Memory allocated:  296.97216796875
Memory cached:  596.0
	 epoch  80 training error:  tensor(0.9942, device='cuda:0', grad_fn=<DivBackward0>)
	 epoch  80 test error:  tensor(0.1913, device='cuda:0', grad_fn=<DivBackward0>)
Memory status after this epoch: 
Memory allocated:  296.92529296875
Memory cached:  596.0
	 epoch  90 training error:  tensor(0.9942, device='cuda:0', grad_fn=<DivBackward0>)
	 epoch  90 test error:  tensor(0.1913, device='cuda:0', grad_fn=<DivBackward0>)
Memory status after this epoch: 
Memory allocated:  296.97216796875
Memory cached:  598.0
[I 2023-11-17 14:56:10,794] Trial 47 finished with value: 0.19127540290355682 and parameters: {'W_layers': 6, 'W_layer_units_exponent_0': 5, 'W_layer_units_exponent_1': 7, 'W_layer_units_exponent_2': 7, 'W_layer_units_exponent_3': 9, 'W_layer_units_exponent_4': 6, 'W_layer_units_exponent_5': 9, 'D_layers': 8, 'D_layer_units_exponent_0': 7, 'D_layer_units_exponent_1': 4, 'D_layer_units_exponent_2': 7, 'D_layer_units_exponent_3': 7, 'D_layer_units_exponent_4': 5, 'D_layer_units_exponent_5': 4, 'D_layer_units_exponent_6': 4, 'D_layer_units_exponent_7': 10, 'log_learning_rate': -4.777449066316203, 'log_learning_rate_D': -3.7144753571278883, 'training_batch_size': 9, 'training_p': 2}. Best is trial 37 with value: 0.19051067531108856.
Time for this trial:  185.413241147995
Memory status after this trial: 
Memory allocated:  585.814453125
Memory cached:  598.0
--------------------  Trial  48   --------------------
Start timing: 
Parameters: 
{'W_layers': 8, 'W_layer_units_exponent_0': 6, 'W_layer_units_exponent_1': 5, 'W_layer_units_exponent_2': 9, 'W_layer_units_exponent_3': 8, 'W_layer_units_exponent_4': 7, 'W_layer_units_exponent_5': 8, 'W_layer_units_exponent_6': 4, 'W_layer_units_exponent_7': 8, 'D_layers': 4, 'D_layer_units_exponent_0': 8, 'D_layer_units_exponent_1': 6, 'D_layer_units_exponent_2': 6, 'D_layer_units_exponent_3': 8, 'log_learning_rate': -3.8835464058354146, 'log_learning_rate_D': -2.931470012842207, 'training_batch_size': 10, 'training_p': 3}
	 epoch  0 training error:  tensor(0.9995, device='cuda:0', grad_fn=<DivBackward0>)
	 epoch  0 test error:  tensor(0.1919, device='cuda:0', grad_fn=<DivBackward0>)
Memory status after this epoch: 
Memory allocated:  260.49072265625
Memory cached:  396.0
	 epoch  10 training error:  tensor(0.9937, device='cuda:0', grad_fn=<DivBackward0>)
	 epoch  10 test error:  tensor(0.1918, device='cuda:0', grad_fn=<DivBackward0>)
Memory status after this epoch: 
Memory allocated:  260.44384765625
Memory cached:  522.0
	 epoch  20 training error:  tensor(0.9930, device='cuda:0', grad_fn=<DivBackward0>)
	 epoch  20 test error:  tensor(0.1916, device='cuda:0', grad_fn=<DivBackward0>)
Memory status after this epoch: 
Memory allocated:  260.49072265625
Memory cached:  524.0
	 epoch  30 training error:  tensor(0.9930, device='cuda:0', grad_fn=<DivBackward0>)
	 epoch  30 test error:  tensor(0.1916, device='cuda:0', grad_fn=<DivBackward0>)
Memory status after this epoch: 
Memory allocated:  260.44384765625
Memory cached:  522.0
	 epoch  40 training error:  tensor(0.9930, device='cuda:0', grad_fn=<DivBackward0>)
	 epoch  40 test error:  tensor(0.1917, device='cuda:0', grad_fn=<DivBackward0>)
Memory status after this epoch: 
Memory allocated:  260.49072265625
Memory cached:  522.0
	 epoch  50 training error:  tensor(0.9929, device='cuda:0', grad_fn=<DivBackward0>)
	 epoch  50 test error:  tensor(0.1918, device='cuda:0', grad_fn=<DivBackward0>)
Memory status after this epoch: 
Memory allocated:  260.44384765625
Memory cached:  522.0
	 epoch  60 training error:  tensor(0.9929, device='cuda:0', grad_fn=<DivBackward0>)
	 epoch  60 test error:  tensor(0.1918, device='cuda:0', grad_fn=<DivBackward0>)
Memory status after this epoch: 
Memory allocated:  260.49072265625
Memory cached:  522.0
	 epoch  70 training error:  tensor(0.9929, device='cuda:0', grad_fn=<DivBackward0>)
	 epoch  70 test error:  tensor(0.1918, device='cuda:0', grad_fn=<DivBackward0>)
Memory status after this epoch: 
Memory allocated:  260.44384765625
Memory cached:  524.0
	 epoch  80 training error:  tensor(0.9929, device='cuda:0', grad_fn=<DivBackward0>)
	 epoch  80 test error:  tensor(0.1918, device='cuda:0', grad_fn=<DivBackward0>)
Memory status after this epoch: 
Memory allocated:  260.49072265625
Memory cached:  522.0
	 epoch  90 training error:  tensor(0.9929, device='cuda:0', grad_fn=<DivBackward0>)
	 epoch  90 test error:  tensor(0.1918, device='cuda:0', grad_fn=<DivBackward0>)
Memory status after this epoch: 
Memory allocated:  260.44384765625
Memory cached:  522.0
[I 2023-11-17 14:58:56,916] Trial 48 finished with value: 0.191753551363945 and parameters: {'W_layers': 8, 'W_layer_units_exponent_0': 6, 'W_layer_units_exponent_1': 5, 'W_layer_units_exponent_2': 9, 'W_layer_units_exponent_3': 8, 'W_layer_units_exponent_4': 7, 'W_layer_units_exponent_5': 8, 'W_layer_units_exponent_6': 4, 'W_layer_units_exponent_7': 8, 'D_layers': 4, 'D_layer_units_exponent_0': 8, 'D_layer_units_exponent_1': 6, 'D_layer_units_exponent_2': 6, 'D_layer_units_exponent_3': 8, 'log_learning_rate': -3.8835464058354146, 'log_learning_rate_D': -2.931470012842207, 'training_batch_size': 10, 'training_p': 3}. Best is trial 37 with value: 0.19051067531108856.
Time for this trial:  165.85995149612427
Memory status after this trial: 
Memory allocated:  511.3515625
Memory cached:  524.0
--------------------  Trial  49   --------------------
Start timing: 
Parameters: 
{'W_layers': 7, 'W_layer_units_exponent_0': 7, 'W_layer_units_exponent_1': 6, 'W_layer_units_exponent_2': 8, 'W_layer_units_exponent_3': 9, 'W_layer_units_exponent_4': 5, 'W_layer_units_exponent_5': 7, 'W_layer_units_exponent_6': 9, 'D_layers': 3, 'D_layer_units_exponent_0': 7, 'D_layer_units_exponent_1': 7, 'D_layer_units_exponent_2': 8, 'log_learning_rate': -4.102486719912691, 'log_learning_rate_D': -3.287465140537909, 'training_batch_size': 7, 'training_p': 7}
	 epoch  0 training error:  tensor(1.0001, device='cuda:0', grad_fn=<DivBackward0>)
	 epoch  0 test error:  tensor(0.1920, device='cuda:0', grad_fn=<DivBackward0>)
Memory status after this epoch: 
Memory allocated:  259.95166015625
Memory cached:  396.0
	 epoch  10 training error:  tensor(0.9901, device='cuda:0', grad_fn=<DivBackward0>)
	 epoch  10 test error:  tensor(0.1926, device='cuda:0', grad_fn=<DivBackward0>)
Memory status after this epoch: 
Memory allocated:  259.99853515625
Memory cached:  522.0
	 epoch  20 training error:  tensor(0.9899, device='cuda:0', grad_fn=<DivBackward0>)
	 epoch  20 test error:  tensor(0.1941, device='cuda:0', grad_fn=<DivBackward0>)
Memory status after this epoch: 
Memory allocated:  259.95166015625
Memory cached:  522.0
	 epoch  30 training error:  tensor(0.9892, device='cuda:0', grad_fn=<DivBackward0>)
	 epoch  30 test error:  tensor(0.1931, device='cuda:0', grad_fn=<DivBackward0>)
Memory status after this epoch: 
Memory allocated:  259.99853515625
Memory cached:  522.0
	 epoch  40 training error:  tensor(0.9887, device='cuda:0', grad_fn=<DivBackward0>)
	 epoch  40 test error:  tensor(0.1939, device='cuda:0', grad_fn=<DivBackward0>)
Memory status after this epoch: 
Memory allocated:  259.95166015625
Memory cached:  524.0
	 epoch  50 training error:  tensor(0.9882, device='cuda:0', grad_fn=<DivBackward0>)
	 epoch  50 test error:  tensor(0.1938, device='cuda:0', grad_fn=<DivBackward0>)
Memory status after this epoch: 
Memory allocated:  259.99853515625
Memory cached:  522.0
	 epoch  60 training error:  tensor(0.9876, device='cuda:0', grad_fn=<DivBackward0>)
	 epoch  60 test error:  tensor(0.1942, device='cuda:0', grad_fn=<DivBackward0>)
Memory status after this epoch: 
Memory allocated:  259.95166015625
Memory cached:  522.0
	 epoch  70 training error:  tensor(0.9868, device='cuda:0', grad_fn=<DivBackward0>)
	 epoch  70 test error:  tensor(0.1944, device='cuda:0', grad_fn=<DivBackward0>)
Memory status after this epoch: 
Memory allocated:  259.99853515625
Memory cached:  522.0
	 epoch  80 training error:  tensor(0.9856, device='cuda:0', grad_fn=<DivBackward0>)
	 epoch  80 test error:  tensor(0.1949, device='cuda:0', grad_fn=<DivBackward0>)
Memory status after this epoch: 
Memory allocated:  259.95166015625
Memory cached:  522.0
	 epoch  90 training error:  tensor(0.9845, device='cuda:0', grad_fn=<DivBackward0>)
	 epoch  90 test error:  tensor(0.1956, device='cuda:0', grad_fn=<DivBackward0>)
Memory status after this epoch: 
Memory allocated:  259.99853515625
Memory cached:  522.0
[I 2023-11-17 15:01:27,344] Trial 49 finished with value: 0.19624708592891693 and parameters: {'W_layers': 7, 'W_layer_units_exponent_0': 7, 'W_layer_units_exponent_1': 6, 'W_layer_units_exponent_2': 8, 'W_layer_units_exponent_3': 9, 'W_layer_units_exponent_4': 5, 'W_layer_units_exponent_5': 7, 'W_layer_units_exponent_6': 9, 'D_layers': 3, 'D_layer_units_exponent_0': 7, 'D_layer_units_exponent_1': 7, 'D_layer_units_exponent_2': 8, 'log_learning_rate': -4.102486719912691, 'log_learning_rate_D': -3.287465140537909, 'training_batch_size': 7, 'training_p': 7}. Best is trial 37 with value: 0.19051067531108856.
[I 2023-11-17 15:01:27,397] A new study created in memory with name: no-name-4712447c-cae1-4450-a138-82817856d943
Time for this trial:  150.1850790977478
Memory status after this trial: 
Memory allocated:  509.669921875
Memory cached:  522.0
--------------------  Trial  0   --------------------
Start timing: 
Parameters: 
{'W_layers': 3, 'W_layer_units_exponent_0': 10, 'W_layer_units_exponent_1': 10, 'W_layer_units_exponent_2': 9, 'D_layers': 5, 'D_layer_units_exponent_0': 9, 'D_layer_units_exponent_1': 4, 'D_layer_units_exponent_2': 6, 'D_layer_units_exponent_3': 5, 'D_layer_units_exponent_4': 6, 'log_learning_rate': -4.603429447207274, 'log_learning_rate_D': -2.9485667282769397, 'training_batch_size': 12, 'training_p': 6}
	 epoch  0 training error:  tensor(0.9954, device='cuda:0', grad_fn=<DivBackward0>)
	 epoch  0 test error:  tensor(0.1917, device='cuda:0', grad_fn=<DivBackward0>)
Memory status after this epoch: 
Memory allocated:  340.98583984375
Memory cached:  470.0
	 epoch  10 training error:  tensor(0.9910, device='cuda:0', grad_fn=<DivBackward0>)
	 epoch  10 test error:  tensor(0.1920, device='cuda:0', grad_fn=<DivBackward0>)
Memory status after this epoch: 
Memory allocated:  338.92333984375
Memory cached:  656.0
	 epoch  20 training error:  tensor(0.9904, device='cuda:0', grad_fn=<DivBackward0>)
	 epoch  20 test error:  tensor(0.1923, device='cuda:0', grad_fn=<DivBackward0>)
Memory status after this epoch: 
Memory allocated:  340.61083984375
Memory cached:  658.0
	 epoch  30 training error:  tensor(0.9898, device='cuda:0', grad_fn=<DivBackward0>)
	 epoch  30 test error:  tensor(0.1936, device='cuda:0', grad_fn=<DivBackward0>)
Memory status after this epoch: 
Memory allocated:  339.29833984375
Memory cached:  656.0
	 epoch  40 training error:  tensor(0.9895, device='cuda:0', grad_fn=<DivBackward0>)
	 epoch  40 test error:  tensor(0.1930, device='cuda:0', grad_fn=<DivBackward0>)
Memory status after this epoch: 
Memory allocated:  340.04833984375
Memory cached:  656.0
	 epoch  50 training error:  tensor(0.9892, device='cuda:0', grad_fn=<DivBackward0>)
	 epoch  50 test error:  tensor(0.1936, device='cuda:0', grad_fn=<DivBackward0>)
Memory status after this epoch: 
Memory allocated:  339.86083984375
Memory cached:  658.0
	 epoch  60 training error:  tensor(0.9890, device='cuda:0', grad_fn=<DivBackward0>)
	 epoch  60 test error:  tensor(0.1934, device='cuda:0', grad_fn=<DivBackward0>)
Memory status after this epoch: 
Memory allocated:  339.48583984375
Memory cached:  658.0
	 epoch  70 training error:  tensor(0.9888, device='cuda:0', grad_fn=<DivBackward0>)
	 epoch  70 test error:  tensor(0.1935, device='cuda:0', grad_fn=<DivBackward0>)
Memory status after this epoch: 
Memory allocated:  339.95458984375
Memory cached:  656.0
	 epoch  80 training error:  tensor(0.9886, device='cuda:0', grad_fn=<DivBackward0>)
	 epoch  80 test error:  tensor(0.1937, device='cuda:0', grad_fn=<DivBackward0>)
Memory status after this epoch: 
Memory allocated:  339.53271484375
Memory cached:  656.0
	 epoch  90 training error:  tensor(0.9884, device='cuda:0', grad_fn=<DivBackward0>)
	 epoch  90 test error:  tensor(0.1937, device='cuda:0', grad_fn=<DivBackward0>)
Memory status after this epoch: 
Memory allocated:  340.04833984375
Memory cached:  656.0
[I 2023-11-17 15:03:51,752] Trial 0 finished with value: 0.1937628537416458 and parameters: {'W_layers': 3, 'W_layer_units_exponent_0': 10, 'W_layer_units_exponent_1': 10, 'W_layer_units_exponent_2': 9, 'D_layers': 5, 'D_layer_units_exponent_0': 9, 'D_layer_units_exponent_1': 4, 'D_layer_units_exponent_2': 6, 'D_layer_units_exponent_3': 5, 'D_layer_units_exponent_4': 6, 'log_learning_rate': -4.603429447207274, 'log_learning_rate_D': -2.9485667282769397, 'training_batch_size': 12, 'training_p': 6}. Best is trial 0 with value: 0.1937628537416458.
Time for this trial:  144.22921633720398
Memory status after this trial: 
Memory allocated:  638.1689453125
Memory cached:  656.0
--------------------  Trial  1   --------------------
Start timing: 
Parameters: 
{'W_layers': 3, 'W_layer_units_exponent_0': 9, 'W_layer_units_exponent_1': 9, 'W_layer_units_exponent_2': 10, 'D_layers': 2, 'D_layer_units_exponent_0': 9, 'D_layer_units_exponent_1': 9, 'log_learning_rate': -2.9857047793871563, 'log_learning_rate_D': -3.7968062733519794, 'training_batch_size': 9, 'training_p': 4}
	 epoch  0 training error:  tensor(1.0029, device='cuda:0', grad_fn=<DivBackward0>)
	 epoch  0 test error:  tensor(0.3870, device='cuda:0', grad_fn=<DivBackward0>)
Memory status after this epoch: 
Memory allocated:  322.06396484375
Memory cached:  456.0
	 epoch  10 training error:  tensor(0.9912, device='cuda:0', grad_fn=<DivBackward0>)
	 epoch  10 test error:  tensor(0.1925, device='cuda:0', grad_fn=<DivBackward0>)
Memory status after this epoch: 
Memory allocated:  320.89208984375
Memory cached:  632.0
	 epoch  20 training error:  tensor(0.9995, device='cuda:0', grad_fn=<DivBackward0>)
	 epoch  20 test error:  tensor(0.1922, device='cuda:0', grad_fn=<DivBackward0>)
Memory status after this epoch: 
Memory allocated:  322.06396484375
Memory cached:  632.0
	 epoch  30 training error:  tensor(0.9998, device='cuda:0', grad_fn=<DivBackward0>)
	 epoch  30 test error:  tensor(0.1922, device='cuda:0', grad_fn=<DivBackward0>)
Memory status after this epoch: 
Memory allocated:  320.93896484375
Memory cached:  632.0
	 epoch  40 training error:  tensor(0.9998, device='cuda:0', grad_fn=<DivBackward0>)
	 epoch  40 test error:  tensor(0.1922, device='cuda:0', grad_fn=<DivBackward0>)
Memory status after this epoch: 
Memory allocated:  322.25146484375
Memory cached:  632.0
	 epoch  50 training error:  tensor(0.9997, device='cuda:0', grad_fn=<DivBackward0>)
	 epoch  50 test error:  tensor(0.1922, device='cuda:0', grad_fn=<DivBackward0>)
Memory status after this epoch: 
Memory allocated:  320.61083984375
Memory cached:  632.0
	 epoch  60 training error:  tensor(0.9995, device='cuda:0', grad_fn=<DivBackward0>)
	 epoch  60 test error:  tensor(0.1922, device='cuda:0', grad_fn=<DivBackward0>)
Memory status after this epoch: 
Memory allocated:  322.25146484375
Memory cached:  632.0
	 epoch  70 training error:  tensor(0.9992, device='cuda:0', grad_fn=<DivBackward0>)
	 epoch  70 test error:  tensor(0.1923, device='cuda:0', grad_fn=<DivBackward0>)
Memory status after this epoch: 
Memory allocated:  321.07958984375
Memory cached:  632.0
	 epoch  80 training error:  tensor(0.9985, device='cuda:0', grad_fn=<DivBackward0>)
	 epoch  80 test error:  tensor(0.1923, device='cuda:0', grad_fn=<DivBackward0>)
Memory status after this epoch: 
Memory allocated:  321.82958984375
Memory cached:  632.0
	 epoch  90 training error:  tensor(0.9960, device='cuda:0', grad_fn=<DivBackward0>)
	 epoch  90 test error:  tensor(0.1924, device='cuda:0', grad_fn=<DivBackward0>)
Memory status after this epoch: 
Memory allocated:  321.45458984375
Memory cached:  632.0
