[I 2023-11-17 00:54:16,182] Trial 27 finished with value: 0.09674400091171265 and parameters: {'W_layers': 2, 'W_layer_units_exponent_0': 9, 'W_layer_units_exponent_1': 7, 'D_layers': 2, 'D_layer_units_exponent_0': 7, 'D_layer_units_exponent_1': 5, 'log_learning_rate': -1.7718923421743153, 'log_learning_rate_D': -4.2196194144462895, 'training_batch_size': 9, 'training_p': 3}. Best is trial 15 with value: 0.09673945605754852.
Time for this trial:  100.22411966323853
Memory status after this trial: 
Memory allocated:  151.5654296875
Memory cached:  168.0
--------------------  Trial  28   --------------------
Start timing: 
Parameters: 
{'W_layers': 8, 'W_layer_units_exponent_0': 7, 'W_layer_units_exponent_1': 6, 'W_layer_units_exponent_2': 6, 'W_layer_units_exponent_3': 9, 'W_layer_units_exponent_4': 4, 'W_layer_units_exponent_5': 8, 'W_layer_units_exponent_6': 6, 'W_layer_units_exponent_7': 4, 'D_layers': 4, 'D_layer_units_exponent_0': 6, 'D_layer_units_exponent_1': 4, 'D_layer_units_exponent_2': 8, 'D_layer_units_exponent_3': 8, 'log_learning_rate': -2.7117812102283563, 'log_learning_rate_D': -3.745021115228016, 'training_batch_size': 11, 'training_p': 5}
	 epoch  0 training error:  tensor(0.9994, device='cuda:0', grad_fn=<DivBackward0>)
	 epoch  0 test error:  tensor(0.1018, device='cuda:0', grad_fn=<DivBackward0>)
Memory status after this epoch: 
Memory allocated:  127.7666015625
Memory cached:  156.0
	 epoch  10 training error:  tensor(0.9952, device='cuda:0', grad_fn=<DivBackward0>)
	 epoch  10 test error:  tensor(0.0968, device='cuda:0', grad_fn=<DivBackward0>)
Memory status after this epoch: 
Memory allocated:  128.0478515625
Memory cached:  264.0
	 epoch  20 training error:  tensor(0.9489, device='cuda:0', grad_fn=<DivBackward0>)
	 epoch  20 test error:  tensor(0.0982, device='cuda:0', grad_fn=<DivBackward0>)
Memory status after this epoch: 
Memory allocated:  127.7666015625
Memory cached:  264.0
	 epoch  30 training error:  tensor(0.9710, device='cuda:0', grad_fn=<DivBackward0>)
	 epoch  30 test error:  tensor(0.0970, device='cuda:0', grad_fn=<DivBackward0>)
Memory status after this epoch: 
Memory allocated:  128.0478515625
Memory cached:  264.0
	 epoch  40 training error:  tensor(0.9549, device='cuda:0', grad_fn=<DivBackward0>)
	 epoch  40 test error:  tensor(0.0977, device='cuda:0', grad_fn=<DivBackward0>)
Memory status after this epoch: 
Memory allocated:  127.7666015625
Memory cached:  264.0
	 epoch  50 training error:  tensor(0.9505, device='cuda:0', grad_fn=<DivBackward0>)
	 epoch  50 test error:  tensor(0.0986, device='cuda:0', grad_fn=<DivBackward0>)
Memory status after this epoch: 
Memory allocated:  128.0478515625
Memory cached:  266.0
	 epoch  60 training error:  tensor(0.9487, device='cuda:0', grad_fn=<DivBackward0>)
	 epoch  60 test error:  tensor(0.0980, device='cuda:0', grad_fn=<DivBackward0>)
Memory status after this epoch: 
Memory allocated:  127.7666015625
Memory cached:  268.0
	 epoch  70 training error:  tensor(0.9473, device='cuda:0', grad_fn=<DivBackward0>)
	 epoch  70 test error:  tensor(0.0985, device='cuda:0', grad_fn=<DivBackward0>)
Memory status after this epoch: 
Memory allocated:  128.0478515625
Memory cached:  266.0
	 epoch  80 training error:  tensor(0.9496, device='cuda:0', grad_fn=<DivBackward0>)
	 epoch  80 test error:  tensor(0.0982, device='cuda:0', grad_fn=<DivBackward0>)
Memory status after this epoch: 
Memory allocated:  127.7666015625
Memory cached:  266.0
	 epoch  90 training error:  tensor(0.9564, device='cuda:0', grad_fn=<DivBackward0>)
	 epoch  90 test error:  tensor(0.0981, device='cuda:0', grad_fn=<DivBackward0>)
Memory status after this epoch: 
Memory allocated:  128.0478515625
Memory cached:  264.0
[I 2023-11-17 00:57:07,161] Trial 28 finished with value: 0.09783472120761871 and parameters: {'W_layers': 8, 'W_layer_units_exponent_0': 7, 'W_layer_units_exponent_1': 6, 'W_layer_units_exponent_2': 6, 'W_layer_units_exponent_3': 9, 'W_layer_units_exponent_4': 4, 'W_layer_units_exponent_5': 8, 'W_layer_units_exponent_6': 6, 'W_layer_units_exponent_7': 4, 'D_layers': 4, 'D_layer_units_exponent_0': 6, 'D_layer_units_exponent_1': 4, 'D_layer_units_exponent_2': 8, 'D_layer_units_exponent_3': 8, 'log_learning_rate': -2.7117812102283563, 'log_learning_rate_D': -3.745021115228016, 'training_batch_size': 11, 'training_p': 5}. Best is trial 15 with value: 0.09673945605754852.
Time for this trial:  170.73985767364502
Memory status after this trial: 
Memory allocated:  250.1220703125
Memory cached:  266.0
--------------------  Trial  29   --------------------
Start timing: 
Parameters: 
{'W_layers': 5, 'W_layer_units_exponent_0': 6, 'W_layer_units_exponent_1': 5, 'W_layer_units_exponent_2': 8, 'W_layer_units_exponent_3': 7, 'W_layer_units_exponent_4': 5, 'D_layers': 3, 'D_layer_units_exponent_0': 7, 'D_layer_units_exponent_1': 7, 'D_layer_units_exponent_2': 5, 'log_learning_rate': -2.570145395162347, 'log_learning_rate_D': -3.9597297103246807, 'training_batch_size': 6, 'training_p': 7}
	 epoch  0 training error:  tensor(1.0982, device='cuda:0', grad_fn=<DivBackward0>)
	 epoch  0 test error:  tensor(0.1314, device='cuda:0', grad_fn=<DivBackward0>)
Memory status after this epoch: 
Memory allocated:  77.78515625
Memory cached:  124.0
	 epoch  10 training error:  tensor(0.9523, device='cuda:0', grad_fn=<DivBackward0>)
	 epoch  10 test error:  tensor(0.0979, device='cuda:0', grad_fn=<DivBackward0>)
Memory status after this epoch: 
Memory allocated:  77.50390625
Memory cached:  166.0
	 epoch  20 training error:  tensor(0.9582, device='cuda:0', grad_fn=<DivBackward0>)
	 epoch  20 test error:  tensor(0.0979, device='cuda:0', grad_fn=<DivBackward0>)
Memory status after this epoch: 
Memory allocated:  77.78515625
Memory cached:  166.0
	 epoch  30 training error:  tensor(0.9589, device='cuda:0', grad_fn=<DivBackward0>)
	 epoch  30 test error:  tensor(0.0976, device='cuda:0', grad_fn=<DivBackward0>)
Memory status after this epoch: 
Memory allocated:  77.50390625
Memory cached:  166.0
	 epoch  40 training error:  tensor(0.9878, device='cuda:0', grad_fn=<DivBackward0>)
	 epoch  40 test error:  tensor(0.0968, device='cuda:0', grad_fn=<DivBackward0>)
Memory status after this epoch: 
Memory allocated:  77.78515625
Memory cached:  166.0
	 epoch  50 training error:  tensor(0.9642, device='cuda:0', grad_fn=<DivBackward0>)
	 epoch  50 test error:  tensor(0.0975, device='cuda:0', grad_fn=<DivBackward0>)
Memory status after this epoch: 
Memory allocated:  77.50390625
Memory cached:  166.0
	 epoch  60 training error:  tensor(0.9598, device='cuda:0', grad_fn=<DivBackward0>)
	 epoch  60 test error:  tensor(0.0977, device='cuda:0', grad_fn=<DivBackward0>)
Memory status after this epoch: 
Memory allocated:  77.78515625
Memory cached:  166.0
	 epoch  70 training error:  tensor(0.9609, device='cuda:0', grad_fn=<DivBackward0>)
	 epoch  70 test error:  tensor(0.0977, device='cuda:0', grad_fn=<DivBackward0>)
Memory status after this epoch: 
Memory allocated:  77.50390625
Memory cached:  166.0
	 epoch  80 training error:  tensor(0.9502, device='cuda:0', grad_fn=<DivBackward0>)
	 epoch  80 test error:  tensor(0.0987, device='cuda:0', grad_fn=<DivBackward0>)
Memory status after this epoch: 
Memory allocated:  77.78515625
Memory cached:  166.0
	 epoch  90 training error:  tensor(0.9529, device='cuda:0', grad_fn=<DivBackward0>)
	 epoch  90 test error:  tensor(0.0978, device='cuda:0', grad_fn=<DivBackward0>)
Memory status after this epoch: 
Memory allocated:  77.50390625
Memory cached:  166.0
[I 2023-11-17 01:00:54,469] Trial 29 finished with value: 0.09796130657196045 and parameters: {'W_layers': 5, 'W_layer_units_exponent_0': 6, 'W_layer_units_exponent_1': 5, 'W_layer_units_exponent_2': 8, 'W_layer_units_exponent_3': 7, 'W_layer_units_exponent_4': 5, 'D_layers': 3, 'D_layer_units_exponent_0': 7, 'D_layer_units_exponent_1': 7, 'D_layer_units_exponent_2': 5, 'log_learning_rate': -2.570145395162347, 'log_learning_rate_D': -3.9597297103246807, 'training_batch_size': 6, 'training_p': 7}. Best is trial 15 with value: 0.09673945605754852.
Time for this trial:  227.07271313667297
Memory status after this trial: 
Memory allocated:  151.4091796875
Memory cached:  166.0
--------------------  Trial  30   --------------------
Start timing: 
Parameters: 
{'W_layers': 6, 'W_layer_units_exponent_0': 8, 'W_layer_units_exponent_1': 8, 'W_layer_units_exponent_2': 5, 'W_layer_units_exponent_3': 8, 'W_layer_units_exponent_4': 8, 'W_layer_units_exponent_5': 10, 'D_layers': 2, 'D_layer_units_exponent_0': 10, 'D_layer_units_exponent_1': 8, 'log_learning_rate': -2.183438533514021, 'log_learning_rate_D': -2.9076527721497465, 'training_batch_size': 9, 'training_p': 2}
	 epoch  0 training error:  tensor(0.9989, device='cuda:0', grad_fn=<DivBackward0>)
	 epoch  0 test error:  tensor(0.4372, device='cuda:0', grad_fn=<DivBackward0>)
Memory status after this epoch: 
Memory allocated:  222.98095703125
Memory cached:  250.0
	 epoch  10 training error:  tensor(1., device='cuda:0', grad_fn=<DivBackward0>)
	 epoch  10 test error:  tensor(0.0967, device='cuda:0', grad_fn=<DivBackward0>)
Memory status after this epoch: 
Memory allocated:  223.26220703125
Memory cached:  446.0
	 epoch  20 training error:  tensor(1., device='cuda:0', grad_fn=<DivBackward0>)
	 epoch  20 test error:  tensor(0.0967, device='cuda:0', grad_fn=<DivBackward0>)
Memory status after this epoch: 
Memory allocated:  222.98095703125
Memory cached:  446.0
	 epoch  30 training error:  tensor(1., device='cuda:0', grad_fn=<DivBackward0>)
	 epoch  30 test error:  tensor(0.0967, device='cuda:0', grad_fn=<DivBackward0>)
Memory status after this epoch: 
Memory allocated:  223.26220703125
Memory cached:  446.0
	 epoch  40 training error:  tensor(1., device='cuda:0', grad_fn=<DivBackward0>)
	 epoch  40 test error:  tensor(0.0967, device='cuda:0', grad_fn=<DivBackward0>)
Memory status after this epoch: 
Memory allocated:  222.98095703125
Memory cached:  446.0
	 epoch  50 training error:  tensor(1., device='cuda:0', grad_fn=<DivBackward0>)
	 epoch  50 test error:  tensor(0.0967, device='cuda:0', grad_fn=<DivBackward0>)
Memory status after this epoch: 
Memory allocated:  223.26220703125
Memory cached:  446.0
	 epoch  60 training error:  tensor(1., device='cuda:0', grad_fn=<DivBackward0>)
	 epoch  60 test error:  tensor(0.0967, device='cuda:0', grad_fn=<DivBackward0>)
Memory status after this epoch: 
Memory allocated:  222.98095703125
Memory cached:  446.0
	 epoch  70 training error:  tensor(1., device='cuda:0', grad_fn=<DivBackward0>)
	 epoch  70 test error:  tensor(0.0967, device='cuda:0', grad_fn=<DivBackward0>)
Memory status after this epoch: 
Memory allocated:  223.26220703125
Memory cached:  446.0
	 epoch  80 training error:  tensor(1., device='cuda:0', grad_fn=<DivBackward0>)
	 epoch  80 test error:  tensor(0.0967, device='cuda:0', grad_fn=<DivBackward0>)
Memory status after this epoch: 
Memory allocated:  222.98095703125
Memory cached:  446.0
	 epoch  90 training error:  tensor(1., device='cuda:0', grad_fn=<DivBackward0>)
	 epoch  90 test error:  tensor(0.0967, device='cuda:0', grad_fn=<DivBackward0>)
Memory status after this epoch: 
Memory allocated:  223.26220703125
Memory cached:  446.0
[I 2023-11-17 01:03:26,431] Trial 30 finished with value: 0.09674400091171265 and parameters: {'W_layers': 6, 'W_layer_units_exponent_0': 8, 'W_layer_units_exponent_1': 8, 'W_layer_units_exponent_2': 5, 'W_layer_units_exponent_3': 8, 'W_layer_units_exponent_4': 8, 'W_layer_units_exponent_5': 10, 'D_layers': 2, 'D_layer_units_exponent_0': 10, 'D_layer_units_exponent_1': 8, 'log_learning_rate': -2.183438533514021, 'log_learning_rate_D': -2.9076527721497465, 'training_batch_size': 9, 'training_p': 2}. Best is trial 15 with value: 0.09673945605754852.
Time for this trial:  151.74220180511475
Memory status after this trial: 
Memory allocated:  428.4306640625
Memory cached:  446.0
--------------------  Trial  31   --------------------
Start timing: 
Parameters: 
{'W_layers': 4, 'W_layer_units_exponent_0': 4, 'W_layer_units_exponent_1': 6, 'W_layer_units_exponent_2': 9, 'W_layer_units_exponent_3': 9, 'D_layers': 2, 'D_layer_units_exponent_0': 6, 'D_layer_units_exponent_1': 8, 'log_learning_rate': -1.9693846569499274, 'log_learning_rate_D': -4.579938049418137, 'training_batch_size': 9, 'training_p': 2}
	 epoch  0 training error:  tensor(0.9512, device='cuda:0', grad_fn=<DivBackward0>)
	 epoch  0 test error:  tensor(1.6869, device='cuda:0', grad_fn=<DivBackward0>)
Memory status after this epoch: 
Memory allocated:  115.01318359375
Memory cached:  142.0
	 epoch  10 training error:  tensor(1.0009, device='cuda:0', grad_fn=<DivBackward0>)
	 epoch  10 test error:  tensor(0.0967, device='cuda:0', grad_fn=<DivBackward0>)
Memory status after this epoch: 
Memory allocated:  114.73193359375
Memory cached:  236.0
	 epoch  20 training error:  tensor(1., device='cuda:0', grad_fn=<DivBackward0>)
	 epoch  20 test error:  tensor(0.0967, device='cuda:0', grad_fn=<DivBackward0>)
Memory status after this epoch: 
Memory allocated:  115.01318359375
Memory cached:  236.0
	 epoch  30 training error:  tensor(1., device='cuda:0', grad_fn=<DivBackward0>)
	 epoch  30 test error:  tensor(0.0967, device='cuda:0', grad_fn=<DivBackward0>)
Memory status after this epoch: 
Memory allocated:  114.73193359375
Memory cached:  236.0
	 epoch  40 training error:  tensor(1., device='cuda:0', grad_fn=<DivBackward0>)
	 epoch  40 test error:  tensor(0.0967, device='cuda:0', grad_fn=<DivBackward0>)
Memory status after this epoch: 
Memory allocated:  115.01318359375
Memory cached:  238.0
	 epoch  50 training error:  tensor(1., device='cuda:0', grad_fn=<DivBackward0>)
	 epoch  50 test error:  tensor(0.0967, device='cuda:0', grad_fn=<DivBackward0>)
Memory status after this epoch: 
Memory allocated:  114.73193359375
Memory cached:  240.0
	 epoch  60 training error:  tensor(1., device='cuda:0', grad_fn=<DivBackward0>)
	 epoch  60 test error:  tensor(0.0967, device='cuda:0', grad_fn=<DivBackward0>)
Memory status after this epoch: 
Memory allocated:  115.01318359375
Memory cached:  236.0
	 epoch  70 training error:  tensor(1., device='cuda:0', grad_fn=<DivBackward0>)
	 epoch  70 test error:  tensor(0.0967, device='cuda:0', grad_fn=<DivBackward0>)
Memory status after this epoch: 
Memory allocated:  114.73193359375
Memory cached:  238.0
	 epoch  80 training error:  tensor(1., device='cuda:0', grad_fn=<DivBackward0>)
	 epoch  80 test error:  tensor(0.0967, device='cuda:0', grad_fn=<DivBackward0>)
Memory status after this epoch: 
Memory allocated:  115.01318359375
Memory cached:  236.0
	 epoch  90 training error:  tensor(1., device='cuda:0', grad_fn=<DivBackward0>)
	 epoch  90 test error:  tensor(0.0967, device='cuda:0', grad_fn=<DivBackward0>)
Memory status after this epoch: 
Memory allocated:  114.73193359375
Memory cached:  236.0
[I 2023-11-17 01:05:27,614] Trial 31 finished with value: 0.09674399346113205 and parameters: {'W_layers': 4, 'W_layer_units_exponent_0': 4, 'W_layer_units_exponent_1': 6, 'W_layer_units_exponent_2': 9, 'W_layer_units_exponent_3': 9, 'D_layers': 2, 'D_layer_units_exponent_0': 6, 'D_layer_units_exponent_1': 8, 'log_learning_rate': -1.9693846569499274, 'log_learning_rate_D': -4.579938049418137, 'training_batch_size': 9, 'training_p': 2}. Best is trial 15 with value: 0.09673945605754852.
Time for this trial:  120.98250389099121
Memory status after this trial: 
Memory allocated:  220.2412109375
Memory cached:  236.0
--------------------  Trial  32   --------------------
Start timing: 
Parameters: 
{'W_layers': 4, 'W_layer_units_exponent_0': 4, 'W_layer_units_exponent_1': 6, 'W_layer_units_exponent_2': 9, 'W_layer_units_exponent_3': 10, 'D_layers': 2, 'D_layer_units_exponent_0': 5, 'D_layer_units_exponent_1': 8, 'log_learning_rate': -1.8412608568320594, 'log_learning_rate_D': -4.605782754607701, 'training_batch_size': 10, 'training_p': 2}
	 epoch  0 training error:  tensor(0.9828, device='cuda:0', grad_fn=<DivBackward0>)
	 epoch  0 test error:  tensor(0.4284, device='cuda:0', grad_fn=<DivBackward0>)
Memory status after this epoch: 
Memory allocated:  144.1806640625
Memory cached:  164.0
	 epoch  10 training error:  tensor(1., device='cuda:0', grad_fn=<DivBackward0>)
	 epoch  10 test error:  tensor(0.0967, device='cuda:0', grad_fn=<DivBackward0>)
Memory status after this epoch: 
Memory allocated:  144.5556640625
Memory cached:  284.0
	 epoch  20 training error:  tensor(1., device='cuda:0', grad_fn=<DivBackward0>)
	 epoch  20 test error:  tensor(0.0967, device='cuda:0', grad_fn=<DivBackward0>)
Memory status after this epoch: 
Memory allocated:  144.5556640625
Memory cached:  284.0
	 epoch  30 training error:  tensor(1., device='cuda:0', grad_fn=<DivBackward0>)
	 epoch  30 test error:  tensor(0.0967, device='cuda:0', grad_fn=<DivBackward0>)
Memory status after this epoch: 
Memory allocated:  144.1806640625
Memory cached:  284.0
	 epoch  40 training error:  tensor(1., device='cuda:0', grad_fn=<DivBackward0>)
	 epoch  40 test error:  tensor(0.0967, device='cuda:0', grad_fn=<DivBackward0>)
Memory status after this epoch: 
Memory allocated:  144.5556640625
Memory cached:  284.0
	 epoch  50 training error:  tensor(1., device='cuda:0', grad_fn=<DivBackward0>)
	 epoch  50 test error:  tensor(0.0967, device='cuda:0', grad_fn=<DivBackward0>)
Memory status after this epoch: 
Memory allocated:  144.1806640625
Memory cached:  284.0
	 epoch  60 training error:  tensor(1., device='cuda:0', grad_fn=<DivBackward0>)
	 epoch  60 test error:  tensor(0.0967, device='cuda:0', grad_fn=<DivBackward0>)
Memory status after this epoch: 
Memory allocated:  144.5556640625
Memory cached:  284.0
	 epoch  70 training error:  tensor(1., device='cuda:0', grad_fn=<DivBackward0>)
	 epoch  70 test error:  tensor(0.0967, device='cuda:0', grad_fn=<DivBackward0>)
Memory status after this epoch: 
Memory allocated:  144.1806640625
Memory cached:  284.0
	 epoch  80 training error:  tensor(1., device='cuda:0', grad_fn=<DivBackward0>)
	 epoch  80 test error:  tensor(0.0967, device='cuda:0', grad_fn=<DivBackward0>)
Memory status after this epoch: 
Memory allocated:  144.5556640625
Memory cached:  284.0
	 epoch  90 training error:  tensor(1., device='cuda:0', grad_fn=<DivBackward0>)
	 epoch  90 test error:  tensor(0.0967, device='cuda:0', grad_fn=<DivBackward0>)
Memory status after this epoch: 
Memory allocated:  144.1806640625
Memory cached:  284.0
