[I 2023-11-16 17:25:10,991] Trial 44 finished with value: 20881072.0 and parameters: {'W_layers': 5, 'W_layer_units_exponent_0': 10, 'W_layer_units_exponent_1': 7, 'W_layer_units_exponent_2': 7, 'W_layer_units_exponent_3': 7, 'W_layer_units_exponent_4': 6, 'D_layers': 5, 'D_layer_units_exponent_0': 6, 'D_layer_units_exponent_1': 6, 'D_layer_units_exponent_2': 9, 'D_layer_units_exponent_3': 10, 'D_layer_units_exponent_4': 8, 'D_dagger_layers': 3, 'D_dagger_layer_units_exponent_0': 4, 'D_dagger_layer_units_exponent_1': 6, 'D_dagger_layer_units_exponent_2': 6, 'log_learning_rate': -1.1154396810237222, 'log_learning_rate_D': -3.7186486912577186, 'log_learning_rate_D_dagger': -3.851530491770876, 'training_batch_size': 8, 'training_p': 8}. Best is trial 25 with value: 0.7502580285072327.
Time for this trial:  17.82607889175415
Memory status after this trial: 
Memory allocated:  87.91015625
Memory cached:  114.0
--------------------  Trial  45   --------------------
Start timing: 
Parameters: 
{'W_layers': 6, 'W_layer_units_exponent_0': 10, 'W_layer_units_exponent_1': 7, 'W_layer_units_exponent_2': 7, 'W_layer_units_exponent_3': 7, 'W_layer_units_exponent_4': 7, 'W_layer_units_exponent_5': 9, 'D_layers': 5, 'D_layer_units_exponent_0': 6, 'D_layer_units_exponent_1': 6, 'D_layer_units_exponent_2': 8, 'D_layer_units_exponent_3': 10, 'D_layer_units_exponent_4': 8, 'D_dagger_layers': 3, 'D_dagger_layer_units_exponent_0': 4, 'D_dagger_layer_units_exponent_1': 7, 'D_dagger_layer_units_exponent_2': 6, 'log_learning_rate': -1.0249285561637713, 'log_learning_rate_D': -3.5986639979178694, 'log_learning_rate_D_dagger': -4.284011593670413, 'training_batch_size': 8, 'training_p': 8}
	 epoch  0 training error:  tensor(52.8953, device='cuda:0', grad_fn=<DivBackward0>)
Memory status after this epoch: 
Memory allocated:  6.21533203125
Memory cached:  8.0
	 epoch  10 training error:  tensor(47.7343, device='cuda:0', grad_fn=<DivBackward0>)
Memory status after this epoch: 
Memory allocated:  6.21533203125
Memory cached:  10.0
	 epoch  20 training error:  tensor(41.1231, device='cuda:0', grad_fn=<DivBackward0>)
Memory status after this epoch: 
Memory allocated:  6.21533203125
Memory cached:  10.0
	 epoch  30 training error:  tensor(34.4457, device='cuda:0', grad_fn=<DivBackward0>)
Memory status after this epoch: 
Memory allocated:  6.21533203125
Memory cached:  10.0
	 epoch  40 training error:  tensor(27.6395, device='cuda:0', grad_fn=<DivBackward0>)
Memory status after this epoch: 
Memory allocated:  6.21533203125
Memory cached:  10.0
	 epoch  50 training error:  tensor(20.6646, device='cuda:0', grad_fn=<DivBackward0>)
Memory status after this epoch: 
Memory allocated:  6.21533203125
Memory cached:  10.0
	 epoch  60 training error:  tensor(13.6221, device='cuda:0', grad_fn=<DivBackward0>)
Memory status after this epoch: 
Memory allocated:  6.21533203125
Memory cached:  10.0
	 epoch  70 training error:  tensor(6.5757, device='cuda:0', grad_fn=<DivBackward0>)
Memory status after this epoch: 
Memory allocated:  6.21533203125
Memory cached:  10.0
	 epoch  80 training error:  tensor(1.9888, device='cuda:0', grad_fn=<DivBackward0>)
Memory status after this epoch: 
Memory allocated:  6.21533203125
Memory cached:  12.0
	 epoch  90 training error:  tensor(2.0089, device='cuda:0', grad_fn=<DivBackward0>)
Memory status after this epoch: 
Memory allocated:  6.21533203125
Memory cached:  10.0
[I 2023-11-16 17:25:29,826] Trial 45 finished with value: 1.6325794458389282 and parameters: {'W_layers': 6, 'W_layer_units_exponent_0': 10, 'W_layer_units_exponent_1': 7, 'W_layer_units_exponent_2': 7, 'W_layer_units_exponent_3': 7, 'W_layer_units_exponent_4': 7, 'W_layer_units_exponent_5': 9, 'D_layers': 5, 'D_layer_units_exponent_0': 6, 'D_layer_units_exponent_1': 6, 'D_layer_units_exponent_2': 8, 'D_layer_units_exponent_3': 10, 'D_layer_units_exponent_4': 8, 'D_dagger_layers': 3, 'D_dagger_layer_units_exponent_0': 4, 'D_dagger_layer_units_exponent_1': 7, 'D_dagger_layer_units_exponent_2': 6, 'log_learning_rate': -1.0249285561637713, 'log_learning_rate_D': -3.5986639979178694, 'log_learning_rate_D_dagger': -4.284011593670413, 'training_batch_size': 8, 'training_p': 8}. Best is trial 25 with value: 0.7502580285072327.
Time for this trial:  18.615077018737793
Memory status after this trial: 
Memory allocated:  124.1044921875
Memory cached:  144.0
--------------------  Trial  46   --------------------
Start timing: 
Parameters: 
{'W_layers': 4, 'W_layer_units_exponent_0': 10, 'W_layer_units_exponent_1': 8, 'W_layer_units_exponent_2': 6, 'W_layer_units_exponent_3': 6, 'D_layers': 6, 'D_layer_units_exponent_0': 8, 'D_layer_units_exponent_1': 6, 'D_layer_units_exponent_2': 9, 'D_layer_units_exponent_3': 7, 'D_layer_units_exponent_4': 9, 'D_layer_units_exponent_5': 5, 'D_dagger_layers': 2, 'D_dagger_layer_units_exponent_0': 4, 'D_dagger_layer_units_exponent_1': 6, 'log_learning_rate': -1.2699201216132026, 'log_learning_rate_D': -3.141228501119199, 'log_learning_rate_D_dagger': -3.9944137785405203, 'training_batch_size': 7, 'training_p': 8}
	 epoch  0 training error:  tensor(72.8240, device='cuda:0', grad_fn=<DivBackward0>)
Memory status after this epoch: 
Memory allocated:  5.29248046875
Memory cached:  8.0
	 epoch  10 training error:  tensor(55.9004, device='cuda:0', grad_fn=<DivBackward0>)
Memory status after this epoch: 
Memory allocated:  5.29248046875
Memory cached:  8.0
	 epoch  20 training error:  tensor(52.0976, device='cuda:0', grad_fn=<DivBackward0>)
Memory status after this epoch: 
Memory allocated:  5.29248046875
Memory cached:  8.0
	 epoch  30 training error:  tensor(48.0907, device='cuda:0', grad_fn=<DivBackward0>)
Memory status after this epoch: 
Memory allocated:  5.29248046875
Memory cached:  8.0
	 epoch  40 training error:  tensor(44.2553, device='cuda:0', grad_fn=<DivBackward0>)
Memory status after this epoch: 
Memory allocated:  5.29248046875
Memory cached:  8.0
	 epoch  50 training error:  tensor(40.3603, device='cuda:0', grad_fn=<DivBackward0>)
Memory status after this epoch: 
Memory allocated:  5.29248046875
Memory cached:  8.0
	 epoch  60 training error:  tensor(36.3422, device='cuda:0', grad_fn=<DivBackward0>)
Memory status after this epoch: 
Memory allocated:  5.29248046875
Memory cached:  8.0
	 epoch  70 training error:  tensor(32.1536, device='cuda:0', grad_fn=<DivBackward0>)
Memory status after this epoch: 
Memory allocated:  5.29248046875
Memory cached:  8.0
	 epoch  80 training error:  tensor(27.7562, device='cuda:0', grad_fn=<DivBackward0>)
Memory status after this epoch: 
Memory allocated:  5.29248046875
Memory cached:  8.0
	 epoch  90 training error:  tensor(23.1238, device='cuda:0', grad_fn=<DivBackward0>)
Memory status after this epoch: 
Memory allocated:  5.29248046875
Memory cached:  8.0
[I 2023-11-16 17:25:47,535] Trial 46 finished with value: 34.909297943115234 and parameters: {'W_layers': 4, 'W_layer_units_exponent_0': 10, 'W_layer_units_exponent_1': 8, 'W_layer_units_exponent_2': 6, 'W_layer_units_exponent_3': 6, 'D_layers': 6, 'D_layer_units_exponent_0': 8, 'D_layer_units_exponent_1': 6, 'D_layer_units_exponent_2': 9, 'D_layer_units_exponent_3': 7, 'D_layer_units_exponent_4': 9, 'D_layer_units_exponent_5': 5, 'D_dagger_layers': 2, 'D_dagger_layer_units_exponent_0': 4, 'D_dagger_layer_units_exponent_1': 6, 'log_learning_rate': -1.2699201216132026, 'log_learning_rate_D': -3.141228501119199, 'log_learning_rate_D_dagger': -3.9944137785405203, 'training_batch_size': 7, 'training_p': 8}. Best is trial 25 with value: 0.7502580285072327.
Time for this trial:  17.49282693862915
Memory status after this trial: 
Memory allocated:  82.3544921875
Memory cached:  98.0
--------------------  Trial  47   --------------------
Start timing: 
Parameters: 
{'W_layers': 6, 'W_layer_units_exponent_0': 9, 'W_layer_units_exponent_1': 6, 'W_layer_units_exponent_2': 8, 'W_layer_units_exponent_3': 8, 'W_layer_units_exponent_4': 5, 'W_layer_units_exponent_5': 5, 'D_layers': 4, 'D_layer_units_exponent_0': 7, 'D_layer_units_exponent_1': 5, 'D_layer_units_exponent_2': 8, 'D_layer_units_exponent_3': 5, 'D_dagger_layers': 2, 'D_dagger_layer_units_exponent_0': 4, 'D_dagger_layer_units_exponent_1': 7, 'log_learning_rate': -1.4816887218382342, 'log_learning_rate_D': -3.4172239593950233, 'log_learning_rate_D_dagger': -3.700559506276103, 'training_batch_size': 7, 'training_p': 7}
	 epoch  0 training error:  tensor(56.3064, device='cuda:0', grad_fn=<DivBackward0>)
Memory status after this epoch: 
Memory allocated:  2.20068359375
Memory cached:  8.0
	 epoch  10 training error:  tensor(49.1556, device='cuda:0', grad_fn=<DivBackward0>)
Memory status after this epoch: 
Memory allocated:  2.20068359375
Memory cached:  10.0
	 epoch  20 training error:  tensor(37.7748, device='cuda:0', grad_fn=<DivBackward0>)
Memory status after this epoch: 
Memory allocated:  2.20068359375
Memory cached:  10.0
	 epoch  30 training error:  tensor(25.7053, device='cuda:0', grad_fn=<DivBackward0>)
Memory status after this epoch: 
Memory allocated:  2.20068359375
Memory cached:  10.0
	 epoch  40 training error:  tensor(12.5252, device='cuda:0', grad_fn=<DivBackward0>)
Memory status after this epoch: 
Memory allocated:  2.20068359375
Memory cached:  10.0
	 epoch  50 training error:  tensor(1.7691, device='cuda:0', grad_fn=<DivBackward0>)
Memory status after this epoch: 
Memory allocated:  2.20068359375
Memory cached:  10.0
	 epoch  60 training error:  tensor(3.3422, device='cuda:0', grad_fn=<DivBackward0>)
Memory status after this epoch: 
Memory allocated:  2.20068359375
Memory cached:  10.0
	 epoch  70 training error:  tensor(2.0454, device='cuda:0', grad_fn=<DivBackward0>)
Memory status after this epoch: 
Memory allocated:  2.20068359375
Memory cached:  10.0
	 epoch  80 training error:  tensor(1.3609, device='cuda:0', grad_fn=<DivBackward0>)
Memory status after this epoch: 
Memory allocated:  2.20068359375
Memory cached:  10.0
	 epoch  90 training error:  tensor(0.9163, device='cuda:0', grad_fn=<DivBackward0>)
Memory status after this epoch: 
Memory allocated:  2.20068359375
Memory cached:  10.0
[I 2023-11-16 17:26:05,534] Trial 47 finished with value: 0.8739818930625916 and parameters: {'W_layers': 6, 'W_layer_units_exponent_0': 9, 'W_layer_units_exponent_1': 6, 'W_layer_units_exponent_2': 8, 'W_layer_units_exponent_3': 8, 'W_layer_units_exponent_4': 5, 'W_layer_units_exponent_5': 5, 'D_layers': 4, 'D_layer_units_exponent_0': 7, 'D_layer_units_exponent_1': 5, 'D_layer_units_exponent_2': 8, 'D_layer_units_exponent_3': 5, 'D_dagger_layers': 2, 'D_dagger_layer_units_exponent_0': 4, 'D_dagger_layer_units_exponent_1': 7, 'log_learning_rate': -1.4816887218382342, 'log_learning_rate_D': -3.4172239593950233, 'log_learning_rate_D_dagger': -3.700559506276103, 'training_batch_size': 7, 'training_p': 7}. Best is trial 25 with value: 0.7502580285072327.
Time for this trial:  17.78312039375305
Memory status after this trial: 
Memory allocated:  71.361328125
Memory cached:  78.0
--------------------  Trial  48   --------------------
Start timing: 
Parameters: 
{'W_layers': 5, 'W_layer_units_exponent_0': 10, 'W_layer_units_exponent_1': 7, 'W_layer_units_exponent_2': 5, 'W_layer_units_exponent_3': 7, 'W_layer_units_exponent_4': 7, 'D_layers': 3, 'D_layer_units_exponent_0': 6, 'D_layer_units_exponent_1': 7, 'D_layer_units_exponent_2': 9, 'D_dagger_layers': 4, 'D_dagger_layer_units_exponent_0': 9, 'D_dagger_layer_units_exponent_1': 5, 'D_dagger_layer_units_exponent_2': 5, 'D_dagger_layer_units_exponent_3': 4, 'log_learning_rate': -3.2176486198430965, 'log_learning_rate_D': -3.8529506626410184, 'log_learning_rate_D_dagger': -4.133548196852464, 'training_batch_size': 8, 'training_p': 8}
	 epoch  0 training error:  tensor(65.8313, device='cuda:0', grad_fn=<DivBackward0>)
Memory status after this epoch: 
Memory allocated:  3.15771484375
Memory cached:  10.0
	 epoch  10 training error:  tensor(10.0810, device='cuda:0', grad_fn=<DivBackward0>)
Memory status after this epoch: 
Memory allocated:  3.15771484375
Memory cached:  14.0
	 epoch  20 training error:  tensor(1.6731, device='cuda:0', grad_fn=<DivBackward0>)
Memory status after this epoch: 
Memory allocated:  3.15771484375
Memory cached:  14.0
	 epoch  30 training error:  tensor(1.5890, device='cuda:0', grad_fn=<DivBackward0>)
Memory status after this epoch: 
Memory allocated:  3.15771484375
Memory cached:  14.0
	 epoch  40 training error:  tensor(1.3525, device='cuda:0', grad_fn=<DivBackward0>)
Memory status after this epoch: 
Memory allocated:  3.15771484375
Memory cached:  14.0
	 epoch  50 training error:  tensor(5.7567, device='cuda:0', grad_fn=<DivBackward0>)
Memory status after this epoch: 
Memory allocated:  3.15771484375
Memory cached:  14.0
	 epoch  60 training error:  tensor(0.9293, device='cuda:0', grad_fn=<DivBackward0>)
Memory status after this epoch: 
Memory allocated:  3.15771484375
Memory cached:  14.0
	 epoch  70 training error:  tensor(2.8843, device='cuda:0', grad_fn=<DivBackward0>)
Memory status after this epoch: 
Memory allocated:  3.15771484375
Memory cached:  14.0
	 epoch  80 training error:  tensor(1.3101, device='cuda:0', grad_fn=<DivBackward0>)
Memory status after this epoch: 
Memory allocated:  3.15771484375
Memory cached:  14.0
	 epoch  90 training error:  tensor(2.6946, device='cuda:0', grad_fn=<DivBackward0>)
Memory status after this epoch: 
Memory allocated:  3.15771484375
Memory cached:  14.0
[I 2023-11-16 17:26:24,401] Trial 48 finished with value: 2.6192948818206787 and parameters: {'W_layers': 5, 'W_layer_units_exponent_0': 10, 'W_layer_units_exponent_1': 7, 'W_layer_units_exponent_2': 5, 'W_layer_units_exponent_3': 7, 'W_layer_units_exponent_4': 7, 'D_layers': 3, 'D_layer_units_exponent_0': 6, 'D_layer_units_exponent_1': 7, 'D_layer_units_exponent_2': 9, 'D_dagger_layers': 4, 'D_dagger_layer_units_exponent_0': 9, 'D_dagger_layer_units_exponent_1': 5, 'D_dagger_layer_units_exponent_2': 5, 'D_dagger_layer_units_exponent_3': 4, 'log_learning_rate': -3.2176486198430965, 'log_learning_rate_D': -3.8529506626410184, 'log_learning_rate_D_dagger': -4.133548196852464, 'training_batch_size': 8, 'training_p': 8}. Best is trial 25 with value: 0.7502580285072327.
Time for this trial:  18.65017294883728
Memory status after this trial: 
Memory allocated:  111.9814453125
Memory cached:  128.0
--------------------  Trial  49   --------------------
Start timing: 
Parameters: 
{'W_layers': 5, 'W_layer_units_exponent_0': 4, 'W_layer_units_exponent_1': 9, 'W_layer_units_exponent_2': 7, 'W_layer_units_exponent_3': 8, 'W_layer_units_exponent_4': 6, 'D_layers': 7, 'D_layer_units_exponent_0': 7, 'D_layer_units_exponent_1': 6, 'D_layer_units_exponent_2': 10, 'D_layer_units_exponent_3': 9, 'D_layer_units_exponent_4': 9, 'D_layer_units_exponent_5': 7, 'D_layer_units_exponent_6': 9, 'D_dagger_layers': 3, 'D_dagger_layer_units_exponent_0': 6, 'D_dagger_layer_units_exponent_1': 8, 'D_dagger_layer_units_exponent_2': 7, 'log_learning_rate': -2.8116204271593728, 'log_learning_rate_D': -3.6487050817681514, 'log_learning_rate_D_dagger': -4.4666269198309925, 'training_batch_size': 6, 'training_p': 6}
	 epoch  0 training error:  tensor(72.4125, device='cuda:0', grad_fn=<DivBackward0>)
Memory status after this epoch: 
Memory allocated:  6.5869140625
Memory cached:  24.0
	 epoch  10 training error:  tensor(7.5832, device='cuda:0', grad_fn=<DivBackward0>)
Memory status after this epoch: 
Memory allocated:  6.5869140625
Memory cached:  22.0
	 epoch  20 training error:  tensor(3.2294, device='cuda:0', grad_fn=<DivBackward0>)
Memory status after this epoch: 
Memory allocated:  6.5869140625
Memory cached:  24.0
	 epoch  30 training error:  tensor(2.1052, device='cuda:0', grad_fn=<DivBackward0>)
Memory status after this epoch: 
Memory allocated:  6.5869140625
Memory cached:  26.0
	 epoch  40 training error:  tensor(3.1109, device='cuda:0', grad_fn=<DivBackward0>)
Memory status after this epoch: 
Memory allocated:  6.5869140625
Memory cached:  24.0
	 epoch  50 training error:  tensor(2.3318, device='cuda:0', grad_fn=<DivBackward0>)
Memory status after this epoch: 
Memory allocated:  6.5869140625
Memory cached:  24.0
	 epoch  60 training error:  tensor(1.8371, device='cuda:0', grad_fn=<DivBackward0>)
Memory status after this epoch: 
Memory allocated:  6.5869140625
Memory cached:  24.0
	 epoch  70 training error:  tensor(2.1518, device='cuda:0', grad_fn=<DivBackward0>)
Memory status after this epoch: 
Memory allocated:  6.5869140625
Memory cached:  26.0
	 epoch  80 training error:  tensor(2.4805, device='cuda:0', grad_fn=<DivBackward0>)
Memory status after this epoch: 
Memory allocated:  6.5869140625
Memory cached:  28.0
	 epoch  90 training error:  tensor(2.7107, device='cuda:0', grad_fn=<DivBackward0>)
Memory status after this epoch: 
Memory allocated:  6.5869140625
Memory cached:  24.0
[I 2023-11-16 17:26:44,620] Trial 49 finished with value: 5.164222240447998 and parameters: {'W_layers': 5, 'W_layer_units_exponent_0': 4, 'W_layer_units_exponent_1': 9, 'W_layer_units_exponent_2': 7, 'W_layer_units_exponent_3': 8, 'W_layer_units_exponent_4': 6, 'D_layers': 7, 'D_layer_units_exponent_0': 7, 'D_layer_units_exponent_1': 6, 'D_layer_units_exponent_2': 10, 'D_layer_units_exponent_3': 9, 'D_layer_units_exponent_4': 9, 'D_layer_units_exponent_5': 7, 'D_layer_units_exponent_6': 9, 'D_dagger_layers': 3, 'D_dagger_layer_units_exponent_0': 6, 'D_dagger_layer_units_exponent_1': 8, 'D_dagger_layer_units_exponent_2': 7, 'log_learning_rate': -2.8116204271593728, 'log_learning_rate_D': -3.6487050817681514, 'log_learning_rate_D_dagger': -4.4666269198309925, 'training_batch_size': 6, 'training_p': 6}. Best is trial 25 with value: 0.7502580285072327.
[I 2023-11-16 17:26:44,645] A new study created in memory with name: no-name-3b3da083-7f09-402f-8c8f-71d90cb12d16
Time for this trial:  19.984074115753174
Memory status after this trial: 
Memory allocated:  78.8740234375
Memory cached:  104.0
--------------------  Trial  0   --------------------
Start timing: 
Parameters: 
{'W_layers': 3, 'W_layer_units_exponent_0': 4, 'W_layer_units_exponent_1': 7, 'W_layer_units_exponent_2': 9, 'D_layers': 5, 'D_layer_units_exponent_0': 4, 'D_layer_units_exponent_1': 9, 'D_layer_units_exponent_2': 4, 'D_layer_units_exponent_3': 8, 'D_layer_units_exponent_4': 10, 'log_learning_rate': -2.9229820599425187, 'log_learning_rate_D': -4.587661112079752, 'training_batch_size': 7, 'training_p': 7}
	 epoch  0 training error:  tensor(1.7115, device='cuda:0', grad_fn=<DivBackward0>)
	 epoch  0 test error:  tensor(64.4391, device='cuda:0', grad_fn=<DivBackward0>)
Memory status after this epoch: 
Memory allocated:  221.30615234375
Memory cached:  256.0
	 epoch  10 training error:  tensor(3.1828, device='cuda:0', grad_fn=<DivBackward0>)
	 epoch  10 test error:  tensor(10.1315, device='cuda:0', grad_fn=<DivBackward0>)
Memory status after this epoch: 
Memory allocated:  221.25927734375
Memory cached:  450.0
	 epoch  20 training error:  tensor(1.2910, device='cuda:0', grad_fn=<DivBackward0>)
	 epoch  20 test error:  tensor(10.8016, device='cuda:0', grad_fn=<DivBackward0>)
Memory status after this epoch: 
Memory allocated:  221.30615234375
Memory cached:  450.0
	 epoch  30 training error:  tensor(1.1456, device='cuda:0', grad_fn=<DivBackward0>)
	 epoch  30 test error:  tensor(1.7543, device='cuda:0', grad_fn=<DivBackward0>)
Memory status after this epoch: 
Memory allocated:  221.25927734375
Memory cached:  450.0
	 epoch  40 training error:  tensor(0.7192, device='cuda:0', grad_fn=<DivBackward0>)
	 epoch  40 test error:  tensor(6.5800, device='cuda:0', grad_fn=<DivBackward0>)
Memory status after this epoch: 
Memory allocated:  221.30615234375
Memory cached:  452.0
	 epoch  50 training error:  tensor(1.0161, device='cuda:0', grad_fn=<DivBackward0>)
	 epoch  50 test error:  tensor(2.4869, device='cuda:0', grad_fn=<DivBackward0>)
Memory status after this epoch: 
Memory allocated:  221.25927734375
Memory cached:  452.0
	 epoch  60 training error:  tensor(0.7018, device='cuda:0', grad_fn=<DivBackward0>)
	 epoch  60 test error:  tensor(5.3717, device='cuda:0', grad_fn=<DivBackward0>)
Memory status after this epoch: 
Memory allocated:  221.30615234375
Memory cached:  452.0
	 epoch  70 training error:  tensor(0.8366, device='cuda:0', grad_fn=<DivBackward0>)
	 epoch  70 test error:  tensor(1.4635, device='cuda:0', grad_fn=<DivBackward0>)
Memory status after this epoch: 
Memory allocated:  221.25927734375
Memory cached:  452.0
	 epoch  80 training error:  tensor(0.6054, device='cuda:0', grad_fn=<DivBackward0>)
	 epoch  80 test error:  tensor(4.9984, device='cuda:0', grad_fn=<DivBackward0>)
Memory status after this epoch: 
Memory allocated:  221.30615234375
Memory cached:  450.0
	 epoch  90 training error:  tensor(0.7283, device='cuda:0', grad_fn=<DivBackward0>)
	 epoch  90 test error:  tensor(1.6757, device='cuda:0', grad_fn=<DivBackward0>)
Memory status after this epoch: 
Memory allocated:  221.25927734375
Memory cached:  450.0
