[I 2023-11-16 23:37:52,694] Trial 41 finished with value: 0.09675054997205734 and parameters: {'W_layers': 3, 'W_layer_units_exponent_0': 5, 'W_layer_units_exponent_1': 8, 'W_layer_units_exponent_2': 7, 'D_layers': 2, 'D_layer_units_exponent_0': 10, 'D_layer_units_exponent_1': 8, 'D_dagger_layers': 4, 'D_dagger_layer_units_exponent_0': 5, 'D_dagger_layer_units_exponent_1': 10, 'D_dagger_layer_units_exponent_2': 5, 'D_dagger_layer_units_exponent_3': 4, 'log_learning_rate': -4.9910926036204195, 'log_learning_rate_D': -2.7817004119027313, 'log_learning_rate_D_dagger': -2.549128623325551, 'training_batch_size': 7, 'training_p': 2}. Best is trial 20 with value: 0.09674187749624252.
Time for this trial:  17.425965785980225
Memory status after this trial: 
Memory allocated:  82.7099609375
Memory cached:  98.0
--------------------  Trial  42   --------------------
Start timing: 
Parameters: 
{'W_layers': 3, 'W_layer_units_exponent_0': 6, 'W_layer_units_exponent_1': 8, 'W_layer_units_exponent_2': 7, 'D_layers': 2, 'D_layer_units_exponent_0': 10, 'D_layer_units_exponent_1': 8, 'D_dagger_layers': 4, 'D_dagger_layer_units_exponent_0': 5, 'D_dagger_layer_units_exponent_1': 10, 'D_dagger_layer_units_exponent_2': 5, 'D_dagger_layer_units_exponent_3': 4, 'log_learning_rate': -4.81975494945775, 'log_learning_rate_D': -2.328328223636535, 'log_learning_rate_D_dagger': -2.3412872071174813, 'training_batch_size': 7, 'training_p': 2}
	 epoch  0 training error:  tensor(0.9662, device='cuda:0', grad_fn=<DivBackward0>)
Memory status after this epoch: 
Memory allocated:  2.95947265625
Memory cached:  10.0
	 epoch  10 training error:  tensor(0.1049, device='cuda:0', grad_fn=<DivBackward0>)
Memory status after this epoch: 
Memory allocated:  2.95947265625
Memory cached:  10.0
	 epoch  20 training error:  tensor(0.0990, device='cuda:0', grad_fn=<DivBackward0>)
Memory status after this epoch: 
Memory allocated:  2.95947265625
Memory cached:  12.0
	 epoch  30 training error:  tensor(0.1023, device='cuda:0', grad_fn=<DivBackward0>)
Memory status after this epoch: 
Memory allocated:  2.95947265625
Memory cached:  10.0
	 epoch  40 training error:  tensor(0.0996, device='cuda:0', grad_fn=<DivBackward0>)
Memory status after this epoch: 
Memory allocated:  2.95947265625
Memory cached:  12.0
	 epoch  50 training error:  tensor(0.0961, device='cuda:0', grad_fn=<DivBackward0>)
Memory status after this epoch: 
Memory allocated:  2.95947265625
Memory cached:  10.0
	 epoch  60 training error:  tensor(0.0944, device='cuda:0', grad_fn=<DivBackward0>)
Memory status after this epoch: 
Memory allocated:  2.95947265625
Memory cached:  12.0
	 epoch  70 training error:  tensor(0.0943, device='cuda:0', grad_fn=<DivBackward0>)
Memory status after this epoch: 
Memory allocated:  2.95947265625
Memory cached:  10.0
	 epoch  80 training error:  tensor(0.0942, device='cuda:0', grad_fn=<DivBackward0>)
Memory status after this epoch: 
Memory allocated:  2.95947265625
Memory cached:  12.0
	 epoch  90 training error:  tensor(0.0940, device='cuda:0', grad_fn=<DivBackward0>)
Memory status after this epoch: 
Memory allocated:  2.95947265625
Memory cached:  10.0
[I 2023-11-16 23:38:10,469] Trial 42 finished with value: 0.0968053862452507 and parameters: {'W_layers': 3, 'W_layer_units_exponent_0': 6, 'W_layer_units_exponent_1': 8, 'W_layer_units_exponent_2': 7, 'D_layers': 2, 'D_layer_units_exponent_0': 10, 'D_layer_units_exponent_1': 8, 'D_dagger_layers': 4, 'D_dagger_layer_units_exponent_0': 5, 'D_dagger_layer_units_exponent_1': 10, 'D_dagger_layer_units_exponent_2': 5, 'D_dagger_layer_units_exponent_3': 4, 'log_learning_rate': -4.81975494945775, 'log_learning_rate_D': -2.328328223636535, 'log_learning_rate_D_dagger': -2.3412872071174813, 'training_batch_size': 7, 'training_p': 2}. Best is trial 20 with value: 0.09674187749624252.
Time for this trial:  17.60103416442871
Memory status after this trial: 
Memory allocated:  84.4814453125
Memory cached:  98.0
--------------------  Trial  43   --------------------
Start timing: 
Parameters: 
{'W_layers': 2, 'W_layer_units_exponent_0': 4, 'W_layer_units_exponent_1': 7, 'D_layers': 2, 'D_layer_units_exponent_0': 10, 'D_layer_units_exponent_1': 8, 'D_dagger_layers': 3, 'D_dagger_layer_units_exponent_0': 6, 'D_dagger_layer_units_exponent_1': 10, 'D_dagger_layer_units_exponent_2': 4, 'log_learning_rate': -4.321956795285725, 'log_learning_rate_D': -2.861865410974479, 'log_learning_rate_D_dagger': -2.6263010577519283, 'training_batch_size': 8, 'training_p': 2}
	 epoch  0 training error:  tensor(1.1508, device='cuda:0', grad_fn=<DivBackward0>)
Memory status after this epoch: 
Memory allocated:  2.47705078125
Memory cached:  12.0
	 epoch  10 training error:  tensor(0.1589, device='cuda:0', grad_fn=<DivBackward0>)
Memory status after this epoch: 
Memory allocated:  2.47705078125
Memory cached:  12.0
	 epoch  20 training error:  tensor(0.1309, device='cuda:0', grad_fn=<DivBackward0>)
Memory status after this epoch: 
Memory allocated:  2.47705078125
Memory cached:  12.0
	 epoch  30 training error:  tensor(0.1053, device='cuda:0', grad_fn=<DivBackward0>)
Memory status after this epoch: 
Memory allocated:  2.47705078125
Memory cached:  12.0
	 epoch  40 training error:  tensor(0.1003, device='cuda:0', grad_fn=<DivBackward0>)
Memory status after this epoch: 
Memory allocated:  2.47705078125
Memory cached:  12.0
	 epoch  50 training error:  tensor(0.0953, device='cuda:0', grad_fn=<DivBackward0>)
Memory status after this epoch: 
Memory allocated:  2.47705078125
Memory cached:  12.0
	 epoch  60 training error:  tensor(0.0940, device='cuda:0', grad_fn=<DivBackward0>)
Memory status after this epoch: 
Memory allocated:  2.47705078125
Memory cached:  12.0
	 epoch  70 training error:  tensor(0.0941, device='cuda:0', grad_fn=<DivBackward0>)
Memory status after this epoch: 
Memory allocated:  2.47705078125
Memory cached:  12.0
	 epoch  80 training error:  tensor(0.0940, device='cuda:0', grad_fn=<DivBackward0>)
Memory status after this epoch: 
Memory allocated:  2.47705078125
Memory cached:  12.0
	 epoch  90 training error:  tensor(0.0940, device='cuda:0', grad_fn=<DivBackward0>)
Memory status after this epoch: 
Memory allocated:  2.47705078125
Memory cached:  12.0
[I 2023-11-16 23:38:26,831] Trial 43 finished with value: 0.09675677865743637 and parameters: {'W_layers': 2, 'W_layer_units_exponent_0': 4, 'W_layer_units_exponent_1': 7, 'D_layers': 2, 'D_layer_units_exponent_0': 10, 'D_layer_units_exponent_1': 8, 'D_dagger_layers': 3, 'D_dagger_layer_units_exponent_0': 6, 'D_dagger_layer_units_exponent_1': 10, 'D_dagger_layer_units_exponent_2': 4, 'log_learning_rate': -4.321956795285725, 'log_learning_rate_D': -2.861865410974479, 'log_learning_rate_D_dagger': -2.6263010577519283, 'training_batch_size': 8, 'training_p': 2}. Best is trial 20 with value: 0.09674187749624252.
Time for this trial:  16.18742561340332
Memory status after this trial: 
Memory allocated:  67.5361328125
Memory cached:  96.0
--------------------  Trial  44   --------------------
Start timing: 
Parameters: 
{'W_layers': 2, 'W_layer_units_exponent_0': 6, 'W_layer_units_exponent_1': 9, 'D_layers': 2, 'D_layer_units_exponent_0': 9, 'D_layer_units_exponent_1': 7, 'D_dagger_layers': 5, 'D_dagger_layer_units_exponent_0': 4, 'D_dagger_layer_units_exponent_1': 9, 'D_dagger_layer_units_exponent_2': 4, 'D_dagger_layer_units_exponent_3': 4, 'D_dagger_layer_units_exponent_4': 5, 'log_learning_rate': -4.816314258825557, 'log_learning_rate_D': -2.598476496793118, 'log_learning_rate_D_dagger': -2.835651271527272, 'training_batch_size': 7, 'training_p': 3}
	 epoch  0 training error:  tensor(1.0919, device='cuda:0', grad_fn=<DivBackward0>)
Memory status after this epoch: 
Memory allocated:  1.21240234375
Memory cached:  6.0
	 epoch  10 training error:  tensor(0.7345, device='cuda:0', grad_fn=<DivBackward0>)
Memory status after this epoch: 
Memory allocated:  1.21240234375
Memory cached:  10.0
	 epoch  20 training error:  tensor(0.2748, device='cuda:0', grad_fn=<DivBackward0>)
Memory status after this epoch: 
Memory allocated:  1.21240234375
Memory cached:  10.0
	 epoch  30 training error:  tensor(0.1500, device='cuda:0', grad_fn=<DivBackward0>)
Memory status after this epoch: 
Memory allocated:  1.21240234375
Memory cached:  10.0
	 epoch  40 training error:  tensor(0.1182, device='cuda:0', grad_fn=<DivBackward0>)
Memory status after this epoch: 
Memory allocated:  1.21240234375
Memory cached:  10.0
	 epoch  50 training error:  tensor(0.1191, device='cuda:0', grad_fn=<DivBackward0>)
Memory status after this epoch: 
Memory allocated:  1.21240234375
Memory cached:  10.0
	 epoch  60 training error:  tensor(0.1168, device='cuda:0', grad_fn=<DivBackward0>)
Memory status after this epoch: 
Memory allocated:  1.21240234375
Memory cached:  10.0
	 epoch  70 training error:  tensor(0.1165, device='cuda:0', grad_fn=<DivBackward0>)
Memory status after this epoch: 
Memory allocated:  1.21240234375
Memory cached:  10.0
	 epoch  80 training error:  tensor(0.1155, device='cuda:0', grad_fn=<DivBackward0>)
Memory status after this epoch: 
Memory allocated:  1.21240234375
Memory cached:  10.0
	 epoch  90 training error:  tensor(0.1155, device='cuda:0', grad_fn=<DivBackward0>)
Memory status after this epoch: 
Memory allocated:  1.21240234375
Memory cached:  10.0
[I 2023-11-16 23:38:43,857] Trial 44 finished with value: 0.10005661100149155 and parameters: {'W_layers': 2, 'W_layer_units_exponent_0': 6, 'W_layer_units_exponent_1': 9, 'D_layers': 2, 'D_layer_units_exponent_0': 9, 'D_layer_units_exponent_1': 7, 'D_dagger_layers': 5, 'D_dagger_layer_units_exponent_0': 4, 'D_dagger_layer_units_exponent_1': 9, 'D_dagger_layer_units_exponent_2': 4, 'D_dagger_layer_units_exponent_3': 4, 'D_dagger_layer_units_exponent_4': 5, 'log_learning_rate': -4.816314258825557, 'log_learning_rate_D': -2.598476496793118, 'log_learning_rate_D_dagger': -2.835651271527272, 'training_batch_size': 7, 'training_p': 3}. Best is trial 20 with value: 0.09674187749624252.
Time for this trial:  16.849092483520508
Memory status after this trial: 
Memory allocated:  63.9453125
Memory cached:  70.0
--------------------  Trial  45   --------------------
Start timing: 
Parameters: 
{'W_layers': 3, 'W_layer_units_exponent_0': 5, 'W_layer_units_exponent_1': 7, 'W_layer_units_exponent_2': 8, 'D_layers': 7, 'D_layer_units_exponent_0': 10, 'D_layer_units_exponent_1': 9, 'D_layer_units_exponent_2': 6, 'D_layer_units_exponent_3': 8, 'D_layer_units_exponent_4': 5, 'D_layer_units_exponent_5': 6, 'D_layer_units_exponent_6': 10, 'D_dagger_layers': 3, 'D_dagger_layer_units_exponent_0': 6, 'D_dagger_layer_units_exponent_1': 10, 'D_dagger_layer_units_exponent_2': 5, 'log_learning_rate': -4.593519800237507, 'log_learning_rate_D': -3.3051323003081463, 'log_learning_rate_D_dagger': -2.372151928417686, 'training_batch_size': 8, 'training_p': 2}
	 epoch  0 training error:  tensor(0.9548, device='cuda:0', grad_fn=<DivBackward0>)
Memory status after this epoch: 
Memory allocated:  4.7509765625
Memory cached:  30.0
	 epoch  10 training error:  tensor(0.2431, device='cuda:0', grad_fn=<DivBackward0>)
Memory status after this epoch: 
Memory allocated:  4.7509765625
Memory cached:  34.0
	 epoch  20 training error:  tensor(0.1217, device='cuda:0', grad_fn=<DivBackward0>)
Memory status after this epoch: 
Memory allocated:  4.7509765625
Memory cached:  34.0
	 epoch  30 training error:  tensor(0.1056, device='cuda:0', grad_fn=<DivBackward0>)
Memory status after this epoch: 
Memory allocated:  4.7509765625
Memory cached:  34.0
	 epoch  40 training error:  tensor(0.1030, device='cuda:0', grad_fn=<DivBackward0>)
Memory status after this epoch: 
Memory allocated:  4.7509765625
Memory cached:  34.0
	 epoch  50 training error:  tensor(0.0953, device='cuda:0', grad_fn=<DivBackward0>)
Memory status after this epoch: 
Memory allocated:  4.7509765625
Memory cached:  34.0
	 epoch  60 training error:  tensor(0.0984, device='cuda:0', grad_fn=<DivBackward0>)
Memory status after this epoch: 
Memory allocated:  4.7509765625
Memory cached:  34.0
	 epoch  70 training error:  tensor(0.0941, device='cuda:0', grad_fn=<DivBackward0>)
Memory status after this epoch: 
Memory allocated:  4.7509765625
Memory cached:  34.0
	 epoch  80 training error:  tensor(0.1006, device='cuda:0', grad_fn=<DivBackward0>)
Memory status after this epoch: 
Memory allocated:  4.7509765625
Memory cached:  34.0
	 epoch  90 training error:  tensor(0.0940, device='cuda:0', grad_fn=<DivBackward0>)
Memory status after this epoch: 
Memory allocated:  4.7509765625
Memory cached:  34.0
[I 2023-11-16 23:39:01,208] Trial 45 finished with value: 0.09697164595127106 and parameters: {'W_layers': 3, 'W_layer_units_exponent_0': 5, 'W_layer_units_exponent_1': 7, 'W_layer_units_exponent_2': 8, 'D_layers': 7, 'D_layer_units_exponent_0': 10, 'D_layer_units_exponent_1': 9, 'D_layer_units_exponent_2': 6, 'D_layer_units_exponent_3': 8, 'D_layer_units_exponent_4': 5, 'D_layer_units_exponent_5': 6, 'D_layer_units_exponent_6': 10, 'D_dagger_layers': 3, 'D_dagger_layer_units_exponent_0': 6, 'D_dagger_layer_units_exponent_1': 10, 'D_dagger_layer_units_exponent_2': 5, 'log_learning_rate': -4.593519800237507, 'log_learning_rate_D': -3.3051323003081463, 'log_learning_rate_D_dagger': -2.372151928417686, 'training_batch_size': 8, 'training_p': 2}. Best is trial 20 with value: 0.09674187749624252.
Time for this trial:  17.15286684036255
Memory status after this trial: 
Memory allocated:  84.201171875
Memory cached:  98.0
--------------------  Trial  46   --------------------
Start timing: 
Parameters: 
{'W_layers': 4, 'W_layer_units_exponent_0': 4, 'W_layer_units_exponent_1': 8, 'W_layer_units_exponent_2': 7, 'W_layer_units_exponent_3': 10, 'D_layers': 3, 'D_layer_units_exponent_0': 9, 'D_layer_units_exponent_1': 7, 'D_layer_units_exponent_2': 8, 'D_dagger_layers': 4, 'D_dagger_layer_units_exponent_0': 5, 'D_dagger_layer_units_exponent_1': 9, 'D_dagger_layer_units_exponent_2': 6, 'D_dagger_layer_units_exponent_3': 8, 'log_learning_rate': -4.820906173802504, 'log_learning_rate_D': -1.9323836779711403, 'log_learning_rate_D_dagger': -2.552578632336208, 'training_batch_size': 7, 'training_p': 3}
	 epoch  0 training error:  tensor(1.0107, device='cuda:0', grad_fn=<DivBackward0>)
Memory status after this epoch: 
Memory allocated:  4.1630859375
Memory cached:  8.0
	 epoch  10 training error:  tensor(0.2851, device='cuda:0', grad_fn=<DivBackward0>)
Memory status after this epoch: 
Memory allocated:  4.1630859375
Memory cached:  10.0
	 epoch  20 training error:  tensor(0.1607, device='cuda:0', grad_fn=<DivBackward0>)
Memory status after this epoch: 
Memory allocated:  4.1630859375
Memory cached:  10.0
	 epoch  30 training error:  tensor(0.1448, device='cuda:0', grad_fn=<DivBackward0>)
Memory status after this epoch: 
Memory allocated:  4.1630859375
Memory cached:  10.0
	 epoch  40 training error:  tensor(0.1163, device='cuda:0', grad_fn=<DivBackward0>)
Memory status after this epoch: 
Memory allocated:  4.1630859375
Memory cached:  10.0
	 epoch  50 training error:  tensor(0.1165, device='cuda:0', grad_fn=<DivBackward0>)
Memory status after this epoch: 
Memory allocated:  4.1630859375
Memory cached:  10.0
	 epoch  60 training error:  tensor(0.1159, device='cuda:0', grad_fn=<DivBackward0>)
Memory status after this epoch: 
Memory allocated:  4.1630859375
Memory cached:  10.0
	 epoch  70 training error:  tensor(0.1155, device='cuda:0', grad_fn=<DivBackward0>)
Memory status after this epoch: 
Memory allocated:  4.1630859375
Memory cached:  10.0
	 epoch  80 training error:  tensor(0.1156, device='cuda:0', grad_fn=<DivBackward0>)
Memory status after this epoch: 
Memory allocated:  4.1630859375
Memory cached:  10.0
	 epoch  90 training error:  tensor(0.1154, device='cuda:0', grad_fn=<DivBackward0>)
Memory status after this epoch: 
Memory allocated:  4.1630859375
Memory cached:  10.0
[I 2023-11-16 23:39:20,175] Trial 46 finished with value: 0.09992070496082306 and parameters: {'W_layers': 4, 'W_layer_units_exponent_0': 4, 'W_layer_units_exponent_1': 8, 'W_layer_units_exponent_2': 7, 'W_layer_units_exponent_3': 10, 'D_layers': 3, 'D_layer_units_exponent_0': 9, 'D_layer_units_exponent_1': 7, 'D_layer_units_exponent_2': 8, 'D_dagger_layers': 4, 'D_dagger_layer_units_exponent_0': 5, 'D_dagger_layer_units_exponent_1': 9, 'D_dagger_layer_units_exponent_2': 6, 'D_dagger_layer_units_exponent_3': 8, 'log_learning_rate': -4.820906173802504, 'log_learning_rate_D': -1.9323836779711403, 'log_learning_rate_D_dagger': -2.552578632336208, 'training_batch_size': 7, 'training_p': 3}. Best is trial 20 with value: 0.09674187749624252.
Time for this trial:  18.783196926116943
Memory status after this trial: 
Memory allocated:  126.578125
Memory cached:  134.0
--------------------  Trial  47   --------------------
Start timing: 
Parameters: 
{'W_layers': 3, 'W_layer_units_exponent_0': 5, 'W_layer_units_exponent_1': 8, 'W_layer_units_exponent_2': 6, 'D_layers': 2, 'D_layer_units_exponent_0': 10, 'D_layer_units_exponent_1': 8, 'D_dagger_layers': 8, 'D_dagger_layer_units_exponent_0': 4, 'D_dagger_layer_units_exponent_1': 10, 'D_dagger_layer_units_exponent_2': 5, 'D_dagger_layer_units_exponent_3': 5, 'D_dagger_layer_units_exponent_4': 8, 'D_dagger_layer_units_exponent_5': 6, 'D_dagger_layer_units_exponent_6': 10, 'D_dagger_layer_units_exponent_7': 10, 'log_learning_rate': -4.993023381954556, 'log_learning_rate_D': -2.4677786262608015, 'log_learning_rate_D_dagger': -2.0729027322789904, 'training_batch_size': 6, 'training_p': 2}
	 epoch  0 training error:  tensor(0.9914, device='cuda:0', grad_fn=<DivBackward0>)
Memory status after this epoch: 
Memory allocated:  19.74365234375
Memory cached:  52.0
	 epoch  10 training error:  tensor(5.9262, device='cuda:0', grad_fn=<DivBackward0>)
Memory status after this epoch: 
Memory allocated:  19.74365234375
Memory cached:  52.0
	 epoch  20 training error:  tensor(0.9404, device='cuda:0', grad_fn=<DivBackward0>)
Memory status after this epoch: 
Memory allocated:  19.74365234375
Memory cached:  52.0
	 epoch  30 training error:  tensor(0.9163, device='cuda:0', grad_fn=<DivBackward0>)
Memory status after this epoch: 
Memory allocated:  19.74365234375
Memory cached:  54.0
	 epoch  40 training error:  tensor(0.8920, device='cuda:0', grad_fn=<DivBackward0>)
Memory status after this epoch: 
Memory allocated:  19.74365234375
Memory cached:  52.0
	 epoch  50 training error:  tensor(0.8678, device='cuda:0', grad_fn=<DivBackward0>)
Memory status after this epoch: 
Memory allocated:  19.74365234375
Memory cached:  54.0
	 epoch  60 training error:  tensor(0.8433, device='cuda:0', grad_fn=<DivBackward0>)
Memory status after this epoch: 
Memory allocated:  19.74365234375
Memory cached:  54.0
	 epoch  70 training error:  tensor(0.8187, device='cuda:0', grad_fn=<DivBackward0>)
Memory status after this epoch: 
Memory allocated:  19.74365234375
Memory cached:  52.0
	 epoch  80 training error:  tensor(0.7938, device='cuda:0', grad_fn=<DivBackward0>)
Memory status after this epoch: 
Memory allocated:  19.74365234375
Memory cached:  52.0
	 epoch  90 training error:  tensor(0.7685, device='cuda:0', grad_fn=<DivBackward0>)
Memory status after this epoch: 
Memory allocated:  19.74365234375
Memory cached:  52.0
