[I 2023-11-16 14:38:37,612] Trial 46 finished with value: 0.007369905710220337 and parameters: {'W_layers': 5, 'W_layer_units_exponent_0': 7, 'W_layer_units_exponent_1': 8, 'W_layer_units_exponent_2': 10, 'W_layer_units_exponent_3': 5, 'W_layer_units_exponent_4': 6, 'D_layers': 8, 'D_layer_units_exponent_0': 5, 'D_layer_units_exponent_1': 7, 'D_layer_units_exponent_2': 5, 'D_layer_units_exponent_3': 7, 'D_layer_units_exponent_4': 7, 'D_layer_units_exponent_5': 6, 'D_layer_units_exponent_6': 6, 'D_layer_units_exponent_7': 8, 'log_learning_rate': -4.062072147547289, 'log_learning_rate_D': -4.342402480307555, 'training_batch_size': 11, 'training_p': 8}. Best is trial 30 with value: 0.007359908428043127.
Time for this trial:  178.58705520629883
Memory status after this trial: 
Memory allocated:  380.95751953125
Memory cached:  404.0
--------------------  Trial  47   --------------------
Start timing: 
Parameters: 
{'W_layers': 5, 'W_layer_units_exponent_0': 7, 'W_layer_units_exponent_1': 8, 'W_layer_units_exponent_2': 10, 'W_layer_units_exponent_3': 7, 'W_layer_units_exponent_4': 6, 'D_layers': 8, 'D_layer_units_exponent_0': 4, 'D_layer_units_exponent_1': 7, 'D_layer_units_exponent_2': 7, 'D_layer_units_exponent_3': 6, 'D_layer_units_exponent_4': 6, 'D_layer_units_exponent_5': 5, 'D_layer_units_exponent_6': 6, 'D_layer_units_exponent_7': 8, 'log_learning_rate': -3.8303467441993395, 'log_learning_rate_D': -4.997222205764033, 'training_batch_size': 11, 'training_p': 8}
	 epoch  0 training error:  tensor(1.1182, device='cuda:0', grad_fn=<DivBackward0>)
	 epoch  0 test error:  tensor(0.1150, device='cuda:0', grad_fn=<DivBackward0>)
Memory status after this epoch: 
Memory allocated:  198.5263671875
Memory cached:  258.0
	 epoch  10 training error:  tensor(0.9291, device='cuda:0', grad_fn=<DivBackward0>)
	 epoch  10 test error:  tensor(0.0246, device='cuda:0', grad_fn=<DivBackward0>)
Memory status after this epoch: 
Memory allocated:  197.7763671875
Memory cached:  404.0
	 epoch  20 training error:  tensor(0.4576, device='cuda:0', grad_fn=<DivBackward0>)
	 epoch  20 test error:  tensor(0.0110, device='cuda:0', grad_fn=<DivBackward0>)
Memory status after this epoch: 
Memory allocated:  198.5263671875
Memory cached:  404.0
	 epoch  30 training error:  tensor(0.3822, device='cuda:0', grad_fn=<DivBackward0>)
	 epoch  30 test error:  tensor(0.0075, device='cuda:0', grad_fn=<DivBackward0>)
Memory status after this epoch: 
Memory allocated:  197.7763671875
Memory cached:  404.0
	 epoch  40 training error:  tensor(0.3631, device='cuda:0', grad_fn=<DivBackward0>)
	 epoch  40 test error:  tensor(0.0071, device='cuda:0', grad_fn=<DivBackward0>)
Memory status after this epoch: 
Memory allocated:  198.5263671875
Memory cached:  404.0
	 epoch  50 training error:  tensor(0.3652, device='cuda:0', grad_fn=<DivBackward0>)
	 epoch  50 test error:  tensor(0.0078, device='cuda:0', grad_fn=<DivBackward0>)
Memory status after this epoch: 
Memory allocated:  197.7763671875
Memory cached:  404.0
	 epoch  60 training error:  tensor(0.3637, device='cuda:0', grad_fn=<DivBackward0>)
	 epoch  60 test error:  tensor(0.0074, device='cuda:0', grad_fn=<DivBackward0>)
Memory status after this epoch: 
Memory allocated:  198.5263671875
Memory cached:  406.0
	 epoch  70 training error:  tensor(0.3629, device='cuda:0', grad_fn=<DivBackward0>)
	 epoch  70 test error:  tensor(0.0077, device='cuda:0', grad_fn=<DivBackward0>)
Memory status after this epoch: 
Memory allocated:  197.7763671875
Memory cached:  408.0
	 epoch  80 training error:  tensor(0.3631, device='cuda:0', grad_fn=<DivBackward0>)
	 epoch  80 test error:  tensor(0.0076, device='cuda:0', grad_fn=<DivBackward0>)
Memory status after this epoch: 
Memory allocated:  198.5263671875
Memory cached:  410.0
	 epoch  90 training error:  tensor(0.3630, device='cuda:0', grad_fn=<DivBackward0>)
	 epoch  90 test error:  tensor(0.0075, device='cuda:0', grad_fn=<DivBackward0>)
Memory status after this epoch: 
Memory allocated:  197.7763671875
Memory cached:  410.0
[I 2023-11-16 14:41:36,857] Trial 47 finished with value: 0.007486672606319189 and parameters: {'W_layers': 5, 'W_layer_units_exponent_0': 7, 'W_layer_units_exponent_1': 8, 'W_layer_units_exponent_2': 10, 'W_layer_units_exponent_3': 7, 'W_layer_units_exponent_4': 6, 'D_layers': 8, 'D_layer_units_exponent_0': 4, 'D_layer_units_exponent_1': 7, 'D_layer_units_exponent_2': 7, 'D_layer_units_exponent_3': 6, 'D_layer_units_exponent_4': 6, 'D_layer_units_exponent_5': 5, 'D_layer_units_exponent_6': 6, 'D_layer_units_exponent_7': 8, 'log_learning_rate': -3.8303467441993395, 'log_learning_rate_D': -4.997222205764033, 'training_batch_size': 11, 'training_p': 8}. Best is trial 30 with value: 0.007359908428043127.
Time for this trial:  178.9028663635254
Memory status after this trial: 
Memory allocated:  383.84033203125
Memory cached:  408.0
--------------------  Trial  48   --------------------
Start timing: 
Parameters: 
{'W_layers': 6, 'W_layer_units_exponent_0': 7, 'W_layer_units_exponent_1': 7, 'W_layer_units_exponent_2': 10, 'W_layer_units_exponent_3': 6, 'W_layer_units_exponent_4': 6, 'W_layer_units_exponent_5': 9, 'D_layers': 8, 'D_layer_units_exponent_0': 5, 'D_layer_units_exponent_1': 7, 'D_layer_units_exponent_2': 6, 'D_layer_units_exponent_3': 7, 'D_layer_units_exponent_4': 4, 'D_layer_units_exponent_5': 6, 'D_layer_units_exponent_6': 5, 'D_layer_units_exponent_7': 8, 'log_learning_rate': -3.9977508496517786, 'log_learning_rate_D': -4.634896461916627, 'training_batch_size': 12, 'training_p': 8}
	 epoch  0 training error:  tensor(1.0505, device='cuda:0', grad_fn=<DivBackward0>)
	 epoch  0 test error:  tensor(0.0098, device='cuda:0', grad_fn=<DivBackward0>)
Memory status after this epoch: 
Memory allocated:  210.10791015625
Memory cached:  250.0
	 epoch  10 training error:  tensor(0.4845, device='cuda:0', grad_fn=<DivBackward0>)
	 epoch  10 test error:  tensor(0.0086, device='cuda:0', grad_fn=<DivBackward0>)
Memory status after this epoch: 
Memory allocated:  210.85791015625
Memory cached:  432.0
	 epoch  20 training error:  tensor(0.4377, device='cuda:0', grad_fn=<DivBackward0>)
	 epoch  20 test error:  tensor(0.0105, device='cuda:0', grad_fn=<DivBackward0>)
Memory status after this epoch: 
Memory allocated:  210.10791015625
Memory cached:  432.0
	 epoch  30 training error:  tensor(0.3898, device='cuda:0', grad_fn=<DivBackward0>)
	 epoch  30 test error:  tensor(0.0090, device='cuda:0', grad_fn=<DivBackward0>)
Memory status after this epoch: 
Memory allocated:  210.85791015625
Memory cached:  432.0
	 epoch  40 training error:  tensor(0.3710, device='cuda:0', grad_fn=<DivBackward0>)
	 epoch  40 test error:  tensor(0.0080, device='cuda:0', grad_fn=<DivBackward0>)
Memory status after this epoch: 
Memory allocated:  210.10791015625
Memory cached:  434.0
	 epoch  50 training error:  tensor(0.3653, device='cuda:0', grad_fn=<DivBackward0>)
	 epoch  50 test error:  tensor(0.0077, device='cuda:0', grad_fn=<DivBackward0>)
Memory status after this epoch: 
Memory allocated:  210.85791015625
Memory cached:  434.0
	 epoch  60 training error:  tensor(0.3631, device='cuda:0', grad_fn=<DivBackward0>)
	 epoch  60 test error:  tensor(0.0075, device='cuda:0', grad_fn=<DivBackward0>)
Memory status after this epoch: 
Memory allocated:  210.10791015625
Memory cached:  434.0
	 epoch  70 training error:  tensor(0.3630, device='cuda:0', grad_fn=<DivBackward0>)
	 epoch  70 test error:  tensor(0.0074, device='cuda:0', grad_fn=<DivBackward0>)
Memory status after this epoch: 
Memory allocated:  210.85791015625
Memory cached:  434.0
	 epoch  80 training error:  tensor(0.3630, device='cuda:0', grad_fn=<DivBackward0>)
	 epoch  80 test error:  tensor(0.0074, device='cuda:0', grad_fn=<DivBackward0>)
Memory status after this epoch: 
Memory allocated:  210.10791015625
Memory cached:  432.0
	 epoch  90 training error:  tensor(0.3628, device='cuda:0', grad_fn=<DivBackward0>)
	 epoch  90 test error:  tensor(0.0075, device='cuda:0', grad_fn=<DivBackward0>)
Memory status after this epoch: 
Memory allocated:  210.85791015625
Memory cached:  432.0
[I 2023-11-16 14:44:46,149] Trial 48 finished with value: 0.00755489943549037 and parameters: {'W_layers': 6, 'W_layer_units_exponent_0': 7, 'W_layer_units_exponent_1': 7, 'W_layer_units_exponent_2': 10, 'W_layer_units_exponent_3': 6, 'W_layer_units_exponent_4': 6, 'W_layer_units_exponent_5': 9, 'D_layers': 8, 'D_layer_units_exponent_0': 5, 'D_layer_units_exponent_1': 7, 'D_layer_units_exponent_2': 6, 'D_layer_units_exponent_3': 7, 'D_layer_units_exponent_4': 4, 'D_layer_units_exponent_5': 6, 'D_layer_units_exponent_6': 5, 'D_layer_units_exponent_7': 8, 'log_learning_rate': -3.9977508496517786, 'log_learning_rate_D': -4.634896461916627, 'training_batch_size': 12, 'training_p': 8}. Best is trial 30 with value: 0.007359908428043127.
Time for this trial:  188.9852476119995
Memory status after this trial: 
Memory allocated:  413.10302734375
Memory cached:  432.0
--------------------  Trial  49   --------------------
Start timing: 
Parameters: 
{'W_layers': 6, 'W_layer_units_exponent_0': 8, 'W_layer_units_exponent_1': 8, 'W_layer_units_exponent_2': 10, 'W_layer_units_exponent_3': 5, 'W_layer_units_exponent_4': 7, 'W_layer_units_exponent_5': 9, 'D_layers': 8, 'D_layer_units_exponent_0': 5, 'D_layer_units_exponent_1': 6, 'D_layer_units_exponent_2': 4, 'D_layer_units_exponent_3': 4, 'D_layer_units_exponent_4': 7, 'D_layer_units_exponent_5': 5, 'D_layer_units_exponent_6': 7, 'D_layer_units_exponent_7': 10, 'log_learning_rate': -3.5626174228999443, 'log_learning_rate_D': -4.789601376814825, 'training_batch_size': 12, 'training_p': 5}
	 epoch  0 training error:  tensor(0.9406, device='cuda:0', grad_fn=<DivBackward0>)
	 epoch  0 test error:  tensor(0.1046, device='cuda:0', grad_fn=<DivBackward0>)
Memory status after this epoch: 
Memory allocated:  268.9482421875
Memory cached:  328.0
	 epoch  10 training error:  tensor(0.5579, device='cuda:0', grad_fn=<DivBackward0>)
	 epoch  10 test error:  tensor(0.0149, device='cuda:0', grad_fn=<DivBackward0>)
Memory status after this epoch: 
Memory allocated:  268.1982421875
Memory cached:  544.0
	 epoch  20 training error:  tensor(0.3731, device='cuda:0', grad_fn=<DivBackward0>)
	 epoch  20 test error:  tensor(0.0153, device='cuda:0', grad_fn=<DivBackward0>)
Memory status after this epoch: 
Memory allocated:  268.9482421875
Memory cached:  544.0
	 epoch  30 training error:  tensor(0.3386, device='cuda:0', grad_fn=<DivBackward0>)
	 epoch  30 test error:  tensor(0.0074, device='cuda:0', grad_fn=<DivBackward0>)
Memory status after this epoch: 
Memory allocated:  268.1982421875
Memory cached:  544.0
	 epoch  40 training error:  tensor(0.3318, device='cuda:0', grad_fn=<DivBackward0>)
	 epoch  40 test error:  tensor(0.0071, device='cuda:0', grad_fn=<DivBackward0>)
Memory status after this epoch: 
Memory allocated:  268.9482421875
Memory cached:  544.0
	 epoch  50 training error:  tensor(0.3183, device='cuda:0', grad_fn=<DivBackward0>)
	 epoch  50 test error:  tensor(0.0080, device='cuda:0', grad_fn=<DivBackward0>)
Memory status after this epoch: 
Memory allocated:  268.1982421875
Memory cached:  546.0
	 epoch  60 training error:  tensor(0.3197, device='cuda:0', grad_fn=<DivBackward0>)
	 epoch  60 test error:  tensor(0.0078, device='cuda:0', grad_fn=<DivBackward0>)
Memory status after this epoch: 
Memory allocated:  268.9482421875
Memory cached:  546.0
	 epoch  70 training error:  tensor(0.3184, device='cuda:0', grad_fn=<DivBackward0>)
	 epoch  70 test error:  tensor(0.0074, device='cuda:0', grad_fn=<DivBackward0>)
Memory status after this epoch: 
Memory allocated:  268.1982421875
Memory cached:  544.0
	 epoch  80 training error:  tensor(0.3180, device='cuda:0', grad_fn=<DivBackward0>)
	 epoch  80 test error:  tensor(0.0077, device='cuda:0', grad_fn=<DivBackward0>)
Memory status after this epoch: 
Memory allocated:  268.9482421875
Memory cached:  544.0
	 epoch  90 training error:  tensor(0.3179, device='cuda:0', grad_fn=<DivBackward0>)
	 epoch  90 test error:  tensor(0.0075, device='cuda:0', grad_fn=<DivBackward0>)
Memory status after this epoch: 
Memory allocated:  268.1982421875
Memory cached:  544.0
[I 2023-11-16 14:48:00,081] Trial 49 finished with value: 0.007515955250710249 and parameters: {'W_layers': 6, 'W_layer_units_exponent_0': 8, 'W_layer_units_exponent_1': 8, 'W_layer_units_exponent_2': 10, 'W_layer_units_exponent_3': 5, 'W_layer_units_exponent_4': 7, 'W_layer_units_exponent_5': 9, 'D_layers': 8, 'D_layer_units_exponent_0': 5, 'D_layer_units_exponent_1': 6, 'D_layer_units_exponent_2': 4, 'D_layer_units_exponent_3': 4, 'D_layer_units_exponent_4': 7, 'D_layer_units_exponent_5': 5, 'D_layer_units_exponent_6': 7, 'D_layer_units_exponent_7': 10, 'log_learning_rate': -3.5626174228999443, 'log_learning_rate_D': -4.789601376814825, 'training_batch_size': 12, 'training_p': 5}. Best is trial 30 with value: 0.007359908428043127.
[I 2023-11-16 14:48:00,152] A new study created in memory with name: no-name-9e477c18-e7a7-41f8-9261-4a6790a678c7
Time for this trial:  193.61528515815735
Memory status after this trial: 
Memory allocated:  522.57470703125
Memory cached:  544.0
--------------------  Trial  0   --------------------
Start timing: 
Parameters: 
{'W_layers': 7, 'W_layer_units_exponent_0': 10, 'W_layer_units_exponent_1': 8, 'W_layer_units_exponent_2': 9, 'W_layer_units_exponent_3': 4, 'W_layer_units_exponent_4': 10, 'W_layer_units_exponent_5': 8, 'W_layer_units_exponent_6': 5, 'D_layers': 6, 'D_layer_units_exponent_0': 7, 'D_layer_units_exponent_1': 6, 'D_layer_units_exponent_2': 5, 'D_layer_units_exponent_3': 8, 'D_layer_units_exponent_4': 4, 'D_layer_units_exponent_5': 6, 'log_learning_rate': -1.4255650735850312, 'log_learning_rate_D': -3.101645748613746, 'training_batch_size': 10, 'training_p': 8}
	 epoch  0 training error:  tensor(1.0293, device='cuda:0', grad_fn=<DivBackward0>)
	 epoch  0 test error:  tensor(0.5368, device='cuda:0', grad_fn=<DivBackward0>)
Memory status after this epoch: 
Memory allocated:  274.6474609375
Memory cached:  428.0
[W 2023-11-16 14:48:18,008] Trial 0 failed with parameters: {'W_layers': 7, 'W_layer_units_exponent_0': 10, 'W_layer_units_exponent_1': 8, 'W_layer_units_exponent_2': 9, 'W_layer_units_exponent_3': 4, 'W_layer_units_exponent_4': 10, 'W_layer_units_exponent_5': 8, 'W_layer_units_exponent_6': 5, 'D_layers': 6, 'D_layer_units_exponent_0': 7, 'D_layer_units_exponent_1': 6, 'D_layer_units_exponent_2': 5, 'D_layer_units_exponent_3': 8, 'D_layer_units_exponent_4': 4, 'D_layer_units_exponent_5': 6, 'log_learning_rate': -1.4255650735850312, 'log_learning_rate_D': -3.101645748613746, 'training_batch_size': 10, 'training_p': 8} because of the following error: The value nan is not acceptable.
[W 2023-11-16 14:48:18,009] Trial 0 failed with value tensor(nan, device='cuda:0', grad_fn=<DivBackward0>).
Time for this trial:  17.711938619613647
Memory status after this trial: 
Memory allocated:  529.82080078125
Memory cached:  646.0
--------------------  Trial  1   --------------------
Start timing: 
Parameters: 
{'W_layers': 8, 'W_layer_units_exponent_0': 9, 'W_layer_units_exponent_1': 4, 'W_layer_units_exponent_2': 6, 'W_layer_units_exponent_3': 7, 'W_layer_units_exponent_4': 9, 'W_layer_units_exponent_5': 7, 'W_layer_units_exponent_6': 6, 'W_layer_units_exponent_7': 4, 'D_layers': 4, 'D_layer_units_exponent_0': 10, 'D_layer_units_exponent_1': 5, 'D_layer_units_exponent_2': 10, 'D_layer_units_exponent_3': 10, 'log_learning_rate': -3.2922836843818226, 'log_learning_rate_D': -4.87321525595676, 'training_batch_size': 10, 'training_p': 5}
	 epoch  0 training error:  tensor(1.0456, device='cuda:0', grad_fn=<DivBackward0>)
	 epoch  0 test error:  tensor(0.0144, device='cuda:0', grad_fn=<DivBackward0>)
Memory status after this epoch: 
Memory allocated:  326.18115234375
Memory cached:  386.0
	 epoch  10 training error:  tensor(0.4125, device='cuda:0', grad_fn=<DivBackward0>)
	 epoch  10 test error:  tensor(0.0112, device='cuda:0', grad_fn=<DivBackward0>)
Memory status after this epoch: 
Memory allocated:  326.69677734375
Memory cached:  648.0
	 epoch  20 training error:  tensor(0.3458, device='cuda:0', grad_fn=<DivBackward0>)
	 epoch  20 test error:  tensor(0.0073, device='cuda:0', grad_fn=<DivBackward0>)
Memory status after this epoch: 
Memory allocated:  326.18115234375
Memory cached:  648.0
	 epoch  30 training error:  tensor(0.3173, device='cuda:0', grad_fn=<DivBackward0>)
	 epoch  30 test error:  tensor(0.0086, device='cuda:0', grad_fn=<DivBackward0>)
Memory status after this epoch: 
Memory allocated:  326.69677734375
Memory cached:  648.0
	 epoch  40 training error:  tensor(0.3179, device='cuda:0', grad_fn=<DivBackward0>)
	 epoch  40 test error:  tensor(0.0080, device='cuda:0', grad_fn=<DivBackward0>)
Memory status after this epoch: 
Memory allocated:  326.18115234375
Memory cached:  648.0
	 epoch  50 training error:  tensor(0.3109, device='cuda:0', grad_fn=<DivBackward0>)
	 epoch  50 test error:  tensor(0.0073, device='cuda:0', grad_fn=<DivBackward0>)
Memory status after this epoch: 
Memory allocated:  326.69677734375
Memory cached:  648.0
	 epoch  60 training error:  tensor(0.3076, device='cuda:0', grad_fn=<DivBackward0>)
	 epoch  60 test error:  tensor(0.0076, device='cuda:0', grad_fn=<DivBackward0>)
Memory status after this epoch: 
Memory allocated:  326.18115234375
Memory cached:  648.0
	 epoch  70 training error:  tensor(0.3055, device='cuda:0', grad_fn=<DivBackward0>)
	 epoch  70 test error:  tensor(0.0083, device='cuda:0', grad_fn=<DivBackward0>)
Memory status after this epoch: 
Memory allocated:  326.69677734375
Memory cached:  648.0
	 epoch  80 training error:  tensor(0.3054, device='cuda:0', grad_fn=<DivBackward0>)
	 epoch  80 test error:  tensor(0.0085, device='cuda:0', grad_fn=<DivBackward0>)
Memory status after this epoch: 
Memory allocated:  326.18115234375
Memory cached:  648.0
	 epoch  90 training error:  tensor(0.3050, device='cuda:0', grad_fn=<DivBackward0>)
	 epoch  90 test error:  tensor(0.0082, device='cuda:0', grad_fn=<DivBackward0>)
Memory status after this epoch: 
Memory allocated:  326.69677734375
Memory cached:  648.0
