[I 2023-11-16 14:08:50,378] Trial 36 finished with value: 0.007495915982872248 and parameters: {'W_layers': 6, 'W_layer_units_exponent_0': 7, 'W_layer_units_exponent_1': 9, 'W_layer_units_exponent_2': 8, 'W_layer_units_exponent_3': 4, 'W_layer_units_exponent_4': 5, 'W_layer_units_exponent_5': 6, 'D_layers': 6, 'D_layer_units_exponent_0': 6, 'D_layer_units_exponent_1': 5, 'D_layer_units_exponent_2': 5, 'D_layer_units_exponent_3': 7, 'D_layer_units_exponent_4': 7, 'D_layer_units_exponent_5': 8, 'log_learning_rate': -4.986842427128976, 'log_learning_rate_D': -4.711904600769739, 'training_batch_size': 11, 'training_p': 7}. Best is trial 30 with value: 0.007359908428043127.
Time for this trial:  163.45222640037537
Memory status after this trial: 
Memory allocated:  307.04052734375
Memory cached:  328.0
--------------------  Trial  37   --------------------
Start timing: 
Parameters: 
{'W_layers': 7, 'W_layer_units_exponent_0': 6, 'W_layer_units_exponent_1': 9, 'W_layer_units_exponent_2': 9, 'W_layer_units_exponent_3': 5, 'W_layer_units_exponent_4': 5, 'W_layer_units_exponent_5': 6, 'W_layer_units_exponent_6': 7, 'D_layers': 4, 'D_layer_units_exponent_0': 10, 'D_layer_units_exponent_1': 6, 'D_layer_units_exponent_2': 4, 'D_layer_units_exponent_3': 5, 'log_learning_rate': -4.314663231171602, 'log_learning_rate_D': -4.300787589368264, 'training_batch_size': 9, 'training_p': 7}
	 epoch  0 training error:  tensor(0.9945, device='cuda:0', grad_fn=<DivBackward0>)
	 epoch  0 test error:  tensor(0.0361, device='cuda:0', grad_fn=<DivBackward0>)
Memory status after this epoch: 
Memory allocated:  203.7099609375
Memory cached:  242.0
	 epoch  10 training error:  tensor(0.4688, device='cuda:0', grad_fn=<DivBackward0>)
	 epoch  10 test error:  tensor(0.0103, device='cuda:0', grad_fn=<DivBackward0>)
Memory status after this epoch: 
Memory allocated:  202.9599609375
Memory cached:  416.0
	 epoch  20 training error:  tensor(0.3811, device='cuda:0', grad_fn=<DivBackward0>)
	 epoch  20 test error:  tensor(0.0089, device='cuda:0', grad_fn=<DivBackward0>)
Memory status after this epoch: 
Memory allocated:  203.7099609375
Memory cached:  416.0
	 epoch  30 training error:  tensor(0.3511, device='cuda:0', grad_fn=<DivBackward0>)
	 epoch  30 test error:  tensor(0.0080, device='cuda:0', grad_fn=<DivBackward0>)
Memory status after this epoch: 
Memory allocated:  202.9599609375
Memory cached:  416.0
	 epoch  40 training error:  tensor(0.3525, device='cuda:0', grad_fn=<DivBackward0>)
	 epoch  40 test error:  tensor(0.0071, device='cuda:0', grad_fn=<DivBackward0>)
Memory status after this epoch: 
Memory allocated:  203.7099609375
Memory cached:  418.0
	 epoch  50 training error:  tensor(0.3476, device='cuda:0', grad_fn=<DivBackward0>)
	 epoch  50 test error:  tensor(0.0075, device='cuda:0', grad_fn=<DivBackward0>)
Memory status after this epoch: 
Memory allocated:  202.9599609375
Memory cached:  420.0
	 epoch  60 training error:  tensor(0.3439, device='cuda:0', grad_fn=<DivBackward0>)
	 epoch  60 test error:  tensor(0.0076, device='cuda:0', grad_fn=<DivBackward0>)
Memory status after this epoch: 
Memory allocated:  203.7099609375
Memory cached:  422.0
	 epoch  70 training error:  tensor(0.3419, device='cuda:0', grad_fn=<DivBackward0>)
	 epoch  70 test error:  tensor(0.0077, device='cuda:0', grad_fn=<DivBackward0>)
Memory status after this epoch: 
Memory allocated:  202.9599609375
Memory cached:  422.0
	 epoch  80 training error:  tensor(0.3409, device='cuda:0', grad_fn=<DivBackward0>)
	 epoch  80 test error:  tensor(0.0080, device='cuda:0', grad_fn=<DivBackward0>)
Memory status after this epoch: 
Memory allocated:  203.7099609375
Memory cached:  418.0
	 epoch  90 training error:  tensor(0.3406, device='cuda:0', grad_fn=<DivBackward0>)
	 epoch  90 test error:  tensor(0.0083, device='cuda:0', grad_fn=<DivBackward0>)
Memory status after this epoch: 
Memory allocated:  202.9599609375
Memory cached:  418.0
[I 2023-11-16 14:11:31,597] Trial 37 finished with value: 0.008406639099121094 and parameters: {'W_layers': 7, 'W_layer_units_exponent_0': 6, 'W_layer_units_exponent_1': 9, 'W_layer_units_exponent_2': 9, 'W_layer_units_exponent_3': 5, 'W_layer_units_exponent_4': 5, 'W_layer_units_exponent_5': 6, 'W_layer_units_exponent_6': 7, 'D_layers': 4, 'D_layer_units_exponent_0': 10, 'D_layer_units_exponent_1': 6, 'D_layer_units_exponent_2': 4, 'D_layer_units_exponent_3': 5, 'log_learning_rate': -4.314663231171602, 'log_learning_rate_D': -4.300787589368264, 'training_batch_size': 9, 'training_p': 7}. Best is trial 30 with value: 0.007359908428043127.
Time for this trial:  160.93212985992432
Memory status after this trial: 
Memory allocated:  396.37841796875
Memory cached:  416.0
--------------------  Trial  38   --------------------
Start timing: 
Parameters: 
{'W_layers': 6, 'W_layer_units_exponent_0': 8, 'W_layer_units_exponent_1': 10, 'W_layer_units_exponent_2': 9, 'W_layer_units_exponent_3': 6, 'W_layer_units_exponent_4': 7, 'W_layer_units_exponent_5': 8, 'D_layers': 6, 'D_layer_units_exponent_0': 7, 'D_layer_units_exponent_1': 5, 'D_layer_units_exponent_2': 5, 'D_layer_units_exponent_3': 6, 'D_layer_units_exponent_4': 8, 'D_layer_units_exponent_5': 7, 'log_learning_rate': -3.645056430841872, 'log_learning_rate_D': -4.93594089576235, 'training_batch_size': 10, 'training_p': 8}
	 epoch  0 training error:  tensor(0.7341, device='cuda:0', grad_fn=<DivBackward0>)
	 epoch  0 test error:  tensor(0.1568, device='cuda:0', grad_fn=<DivBackward0>)
Memory status after this epoch: 
Memory allocated:  232.359375
Memory cached:  284.0
	 epoch  10 training error:  tensor(0.6659, device='cuda:0', grad_fn=<DivBackward0>)
	 epoch  10 test error:  tensor(0.0264, device='cuda:0', grad_fn=<DivBackward0>)
Memory status after this epoch: 
Memory allocated:  233.296875
Memory cached:  460.0
	 epoch  20 training error:  tensor(0.3647, device='cuda:0', grad_fn=<DivBackward0>)
	 epoch  20 test error:  tensor(0.0102, device='cuda:0', grad_fn=<DivBackward0>)
Memory status after this epoch: 
Memory allocated:  232.734375
Memory cached:  460.0
	 epoch  30 training error:  tensor(0.3629, device='cuda:0', grad_fn=<DivBackward0>)
	 epoch  30 test error:  tensor(0.0079, device='cuda:0', grad_fn=<DivBackward0>)
Memory status after this epoch: 
Memory allocated:  232.828125
Memory cached:  460.0
	 epoch  40 training error:  tensor(0.3648, device='cuda:0', grad_fn=<DivBackward0>)
	 epoch  40 test error:  tensor(0.0073, device='cuda:0', grad_fn=<DivBackward0>)
Memory status after this epoch: 
Memory allocated:  233.109375
Memory cached:  460.0
	 epoch  50 training error:  tensor(0.3680, device='cuda:0', grad_fn=<DivBackward0>)
	 epoch  50 test error:  tensor(0.0071, device='cuda:0', grad_fn=<DivBackward0>)
Memory status after this epoch: 
Memory allocated:  232.828125
Memory cached:  460.0
	 epoch  60 training error:  tensor(0.3654, device='cuda:0', grad_fn=<DivBackward0>)
	 epoch  60 test error:  tensor(0.0073, device='cuda:0', grad_fn=<DivBackward0>)
Memory status after this epoch: 
Memory allocated:  232.734375
Memory cached:  460.0
	 epoch  70 training error:  tensor(0.3632, device='cuda:0', grad_fn=<DivBackward0>)
	 epoch  70 test error:  tensor(0.0075, device='cuda:0', grad_fn=<DivBackward0>)
Memory status after this epoch: 
Memory allocated:  233.296875
Memory cached:  462.0
	 epoch  80 training error:  tensor(0.3629, device='cuda:0', grad_fn=<DivBackward0>)
	 epoch  80 test error:  tensor(0.0077, device='cuda:0', grad_fn=<DivBackward0>)
Memory status after this epoch: 
Memory allocated:  232.734375
Memory cached:  462.0
	 epoch  90 training error:  tensor(0.3629, device='cuda:0', grad_fn=<DivBackward0>)
	 epoch  90 test error:  tensor(0.0076, device='cuda:0', grad_fn=<DivBackward0>)
Memory status after this epoch: 
Memory allocated:  232.828125
Memory cached:  462.0
[I 2023-11-16 14:14:23,441] Trial 38 finished with value: 0.0074967192485928535 and parameters: {'W_layers': 6, 'W_layer_units_exponent_0': 8, 'W_layer_units_exponent_1': 10, 'W_layer_units_exponent_2': 9, 'W_layer_units_exponent_3': 6, 'W_layer_units_exponent_4': 7, 'W_layer_units_exponent_5': 8, 'D_layers': 6, 'D_layer_units_exponent_0': 7, 'D_layer_units_exponent_1': 5, 'D_layer_units_exponent_2': 5, 'D_layer_units_exponent_3': 6, 'D_layer_units_exponent_4': 8, 'D_layer_units_exponent_5': 7, 'log_learning_rate': -3.645056430841872, 'log_learning_rate_D': -4.93594089576235, 'training_batch_size': 10, 'training_p': 8}. Best is trial 30 with value: 0.007359908428043127.
Time for this trial:  171.53995990753174
Memory status after this trial: 
Memory allocated:  443.68701171875
Memory cached:  464.0
--------------------  Trial  39   --------------------
Start timing: 
Parameters: 
{'W_layers': 5, 'W_layer_units_exponent_0': 6, 'W_layer_units_exponent_1': 8, 'W_layer_units_exponent_2': 8, 'W_layer_units_exponent_3': 7, 'W_layer_units_exponent_4': 5, 'D_layers': 8, 'D_layer_units_exponent_0': 5, 'D_layer_units_exponent_1': 6, 'D_layer_units_exponent_2': 6, 'D_layer_units_exponent_3': 7, 'D_layer_units_exponent_4': 6, 'D_layer_units_exponent_5': 9, 'D_layer_units_exponent_6': 7, 'D_layer_units_exponent_7': 7, 'log_learning_rate': -4.24235034836178, 'log_learning_rate_D': -4.382175043247501, 'training_batch_size': 11, 'training_p': 5}
	 epoch  0 training error:  tensor(1.3058, device='cuda:0', grad_fn=<DivBackward0>)
	 epoch  0 test error:  tensor(0.0380, device='cuda:0', grad_fn=<DivBackward0>)
Memory status after this epoch: 
Memory allocated:  167.40966796875
Memory cached:  226.0
	 epoch  10 training error:  tensor(0.3994, device='cuda:0', grad_fn=<DivBackward0>)
	 epoch  10 test error:  tensor(0.0165, device='cuda:0', grad_fn=<DivBackward0>)
Memory status after this epoch: 
Memory allocated:  168.15966796875
Memory cached:  348.0
	 epoch  20 training error:  tensor(0.3341, device='cuda:0', grad_fn=<DivBackward0>)
	 epoch  20 test error:  tensor(0.0078, device='cuda:0', grad_fn=<DivBackward0>)
Memory status after this epoch: 
Memory allocated:  167.40966796875
Memory cached:  348.0
	 epoch  30 training error:  tensor(0.3364, device='cuda:0', grad_fn=<DivBackward0>)
	 epoch  30 test error:  tensor(0.0072, device='cuda:0', grad_fn=<DivBackward0>)
Memory status after this epoch: 
Memory allocated:  168.15966796875
Memory cached:  348.0
	 epoch  40 training error:  tensor(0.3243, device='cuda:0', grad_fn=<DivBackward0>)
	 epoch  40 test error:  tensor(0.0072, device='cuda:0', grad_fn=<DivBackward0>)
Memory status after this epoch: 
Memory allocated:  167.40966796875
Memory cached:  348.0
	 epoch  50 training error:  tensor(0.3206, device='cuda:0', grad_fn=<DivBackward0>)
	 epoch  50 test error:  tensor(0.0073, device='cuda:0', grad_fn=<DivBackward0>)
Memory status after this epoch: 
Memory allocated:  168.15966796875
Memory cached:  348.0
	 epoch  60 training error:  tensor(0.3185, device='cuda:0', grad_fn=<DivBackward0>)
	 epoch  60 test error:  tensor(0.0074, device='cuda:0', grad_fn=<DivBackward0>)
Memory status after this epoch: 
Memory allocated:  167.40966796875
Memory cached:  350.0
	 epoch  70 training error:  tensor(0.3173, device='cuda:0', grad_fn=<DivBackward0>)
	 epoch  70 test error:  tensor(0.0075, device='cuda:0', grad_fn=<DivBackward0>)
Memory status after this epoch: 
Memory allocated:  168.15966796875
Memory cached:  350.0
	 epoch  80 training error:  tensor(0.3160, device='cuda:0', grad_fn=<DivBackward0>)
	 epoch  80 test error:  tensor(0.0075, device='cuda:0', grad_fn=<DivBackward0>)
Memory status after this epoch: 
Memory allocated:  167.40966796875
Memory cached:  352.0
	 epoch  90 training error:  tensor(0.3147, device='cuda:0', grad_fn=<DivBackward0>)
	 epoch  90 test error:  tensor(0.0075, device='cuda:0', grad_fn=<DivBackward0>)
Memory status after this epoch: 
Memory allocated:  168.15966796875
Memory cached:  352.0
[I 2023-11-16 14:17:16,836] Trial 39 finished with value: 0.00740772346034646 and parameters: {'W_layers': 5, 'W_layer_units_exponent_0': 6, 'W_layer_units_exponent_1': 8, 'W_layer_units_exponent_2': 8, 'W_layer_units_exponent_3': 7, 'W_layer_units_exponent_4': 5, 'D_layers': 8, 'D_layer_units_exponent_0': 5, 'D_layer_units_exponent_1': 6, 'D_layer_units_exponent_2': 6, 'D_layer_units_exponent_3': 7, 'D_layer_units_exponent_4': 6, 'D_layer_units_exponent_5': 9, 'D_layer_units_exponent_6': 7, 'D_layer_units_exponent_7': 7, 'log_learning_rate': -4.24235034836178, 'log_learning_rate_D': -4.382175043247501, 'training_batch_size': 11, 'training_p': 5}. Best is trial 30 with value: 0.007359908428043127.
Time for this trial:  173.07567238807678
Memory status after this trial: 
Memory allocated:  328.37451171875
Memory cached:  352.0
--------------------  Trial  40   --------------------
Start timing: 
Parameters: 
{'W_layers': 5, 'W_layer_units_exponent_0': 6, 'W_layer_units_exponent_1': 8, 'W_layer_units_exponent_2': 8, 'W_layer_units_exponent_3': 7, 'W_layer_units_exponent_4': 5, 'D_layers': 8, 'D_layer_units_exponent_0': 5, 'D_layer_units_exponent_1': 6, 'D_layer_units_exponent_2': 6, 'D_layer_units_exponent_3': 7, 'D_layer_units_exponent_4': 5, 'D_layer_units_exponent_5': 8, 'D_layer_units_exponent_6': 6, 'D_layer_units_exponent_7': 7, 'log_learning_rate': -4.267842306131292, 'log_learning_rate_D': -4.451672310239198, 'training_batch_size': 11, 'training_p': 5}
	 epoch  0 training error:  tensor(1.7607, device='cuda:0', grad_fn=<DivBackward0>)
	 epoch  0 test error:  tensor(0.0573, device='cuda:0', grad_fn=<DivBackward0>)
Memory status after this epoch: 
Memory allocated:  148.232421875
Memory cached:  208.0
	 epoch  10 training error:  tensor(0.3712, device='cuda:0', grad_fn=<DivBackward0>)
	 epoch  10 test error:  tensor(0.0093, device='cuda:0', grad_fn=<DivBackward0>)
Memory status after this epoch: 
Memory allocated:  147.482421875
Memory cached:  310.0
	 epoch  20 training error:  tensor(0.4170, device='cuda:0', grad_fn=<DivBackward0>)
	 epoch  20 test error:  tensor(0.0123, device='cuda:0', grad_fn=<DivBackward0>)
Memory status after this epoch: 
Memory allocated:  148.232421875
Memory cached:  312.0
	 epoch  30 training error:  tensor(0.3203, device='cuda:0', grad_fn=<DivBackward0>)
	 epoch  30 test error:  tensor(0.0071, device='cuda:0', grad_fn=<DivBackward0>)
Memory status after this epoch: 
Memory allocated:  147.482421875
Memory cached:  310.0
	 epoch  40 training error:  tensor(0.3262, device='cuda:0', grad_fn=<DivBackward0>)
	 epoch  40 test error:  tensor(0.0078, device='cuda:0', grad_fn=<DivBackward0>)
Memory status after this epoch: 
Memory allocated:  148.232421875
Memory cached:  310.0
	 epoch  50 training error:  tensor(0.3209, device='cuda:0', grad_fn=<DivBackward0>)
	 epoch  50 test error:  tensor(0.0076, device='cuda:0', grad_fn=<DivBackward0>)
Memory status after this epoch: 
Memory allocated:  147.482421875
Memory cached:  310.0
	 epoch  60 training error:  tensor(0.3198, device='cuda:0', grad_fn=<DivBackward0>)
	 epoch  60 test error:  tensor(0.0077, device='cuda:0', grad_fn=<DivBackward0>)
Memory status after this epoch: 
Memory allocated:  148.232421875
Memory cached:  312.0
	 epoch  70 training error:  tensor(0.3188, device='cuda:0', grad_fn=<DivBackward0>)
	 epoch  70 test error:  tensor(0.0076, device='cuda:0', grad_fn=<DivBackward0>)
Memory status after this epoch: 
Memory allocated:  147.482421875
Memory cached:  312.0
	 epoch  80 training error:  tensor(0.3183, device='cuda:0', grad_fn=<DivBackward0>)
	 epoch  80 test error:  tensor(0.0075, device='cuda:0', grad_fn=<DivBackward0>)
Memory status after this epoch: 
Memory allocated:  148.232421875
Memory cached:  314.0
	 epoch  90 training error:  tensor(0.3182, device='cuda:0', grad_fn=<DivBackward0>)
	 epoch  90 test error:  tensor(0.0075, device='cuda:0', grad_fn=<DivBackward0>)
Memory status after this epoch: 
Memory allocated:  147.482421875
Memory cached:  316.0
[I 2023-11-16 14:20:09,587] Trial 40 finished with value: 0.007515613920986652 and parameters: {'W_layers': 5, 'W_layer_units_exponent_0': 6, 'W_layer_units_exponent_1': 8, 'W_layer_units_exponent_2': 8, 'W_layer_units_exponent_3': 7, 'W_layer_units_exponent_4': 5, 'D_layers': 8, 'D_layer_units_exponent_0': 5, 'D_layer_units_exponent_1': 6, 'D_layer_units_exponent_2': 6, 'D_layer_units_exponent_3': 7, 'D_layer_units_exponent_4': 5, 'D_layer_units_exponent_5': 8, 'D_layer_units_exponent_6': 6, 'D_layer_units_exponent_7': 7, 'log_learning_rate': -4.267842306131292, 'log_learning_rate_D': -4.451672310239198, 'training_batch_size': 11, 'training_p': 5}. Best is trial 30 with value: 0.007359908428043127.
Time for this trial:  172.44245791435242
Memory status after this trial: 
Memory allocated:  290.49462890625
Memory cached:  314.0
--------------------  Trial  41   --------------------
Start timing: 
Parameters: 
{'W_layers': 8, 'W_layer_units_exponent_0': 7, 'W_layer_units_exponent_1': 9, 'W_layer_units_exponent_2': 10, 'W_layer_units_exponent_3': 5, 'W_layer_units_exponent_4': 6, 'W_layer_units_exponent_5': 5, 'W_layer_units_exponent_6': 5, 'W_layer_units_exponent_7': 7, 'D_layers': 8, 'D_layer_units_exponent_0': 5, 'D_layer_units_exponent_1': 6, 'D_layer_units_exponent_2': 5, 'D_layer_units_exponent_3': 7, 'D_layer_units_exponent_4': 6, 'D_layer_units_exponent_5': 9, 'D_layer_units_exponent_6': 7, 'D_layer_units_exponent_7': 6, 'log_learning_rate': -3.1941223190529975, 'log_learning_rate_D': -4.724549876115754, 'training_batch_size': 10, 'training_p': 6}
	 epoch  0 training error:  tensor(1.1577, device='cuda:0', grad_fn=<DivBackward0>)
	 epoch  0 test error:  tensor(0.0713, device='cuda:0', grad_fn=<DivBackward0>)
Memory status after this epoch: 
Memory allocated:  234.908203125
Memory cached:  286.0
	 epoch  10 training error:  tensor(0.3538, device='cuda:0', grad_fn=<DivBackward0>)
	 epoch  10 test error:  tensor(0.0140, device='cuda:0', grad_fn=<DivBackward0>)
Memory status after this epoch: 
Memory allocated:  235.564453125
Memory cached:  466.0
	 epoch  20 training error:  tensor(0.3876, device='cuda:0', grad_fn=<DivBackward0>)
	 epoch  20 test error:  tensor(0.0128, device='cuda:0', grad_fn=<DivBackward0>)
Memory status after this epoch: 
Memory allocated:  235.283203125
Memory cached:  466.0
	 epoch  30 training error:  tensor(0.3636, device='cuda:0', grad_fn=<DivBackward0>)
	 epoch  30 test error:  tensor(0.0092, device='cuda:0', grad_fn=<DivBackward0>)
Memory status after this epoch: 
Memory allocated:  235.095703125
Memory cached:  466.0
	 epoch  40 training error:  tensor(0.3379, device='cuda:0', grad_fn=<DivBackward0>)
	 epoch  40 test error:  tensor(0.0072, device='cuda:0', grad_fn=<DivBackward0>)
Memory status after this epoch: 
Memory allocated:  235.283203125
Memory cached:  466.0
	 epoch  50 training error:  tensor(0.3423, device='cuda:0', grad_fn=<DivBackward0>)
	 epoch  50 test error:  tensor(0.0072, device='cuda:0', grad_fn=<DivBackward0>)
Memory status after this epoch: 
Memory allocated:  235.095703125
Memory cached:  466.0
	 epoch  60 training error:  tensor(0.3374, device='cuda:0', grad_fn=<DivBackward0>)
	 epoch  60 test error:  tensor(0.0079, device='cuda:0', grad_fn=<DivBackward0>)
Memory status after this epoch: 
Memory allocated:  235.283203125
Memory cached:  466.0
	 epoch  70 training error:  tensor(0.3378, device='cuda:0', grad_fn=<DivBackward0>)
	 epoch  70 test error:  tensor(0.0076, device='cuda:0', grad_fn=<DivBackward0>)
Memory status after this epoch: 
Memory allocated:  235.095703125
Memory cached:  466.0
	 epoch  80 training error:  tensor(0.3375, device='cuda:0', grad_fn=<DivBackward0>)
	 epoch  80 test error:  tensor(0.0074, device='cuda:0', grad_fn=<DivBackward0>)
Memory status after this epoch: 
Memory allocated:  235.283203125
Memory cached:  468.0
	 epoch  90 training error:  tensor(0.3372, device='cuda:0', grad_fn=<DivBackward0>)
	 epoch  90 test error:  tensor(0.0076, device='cuda:0', grad_fn=<DivBackward0>)
Memory status after this epoch: 
Memory allocated:  235.095703125
Memory cached:  468.0
