[I 2023-11-17 11:41:20,917] Trial 23 finished with value: 0.19173714518547058 and parameters: {'W_layers': 7, 'W_layer_units_exponent_0': 9, 'W_layer_units_exponent_1': 9, 'W_layer_units_exponent_2': 9, 'W_layer_units_exponent_3': 9, 'W_layer_units_exponent_4': 5, 'W_layer_units_exponent_5': 9, 'W_layer_units_exponent_6': 9, 'D_layers': 3, 'D_layer_units_exponent_0': 5, 'D_layer_units_exponent_1': 9, 'D_layer_units_exponent_2': 6, 'log_learning_rate': -4.9842055673883126, 'log_learning_rate_D': -4.098637185021024, 'training_batch_size': 12, 'training_p': 3}. Best is trial 22 with value: 0.19054608047008514.
Time for this trial:  163.68097615242004
Memory status after this trial: 
Memory allocated:  683.6044921875
Memory cached:  714.0
--------------------  Trial  24   --------------------
Start timing: 
Parameters: 
{'W_layers': 8, 'W_layer_units_exponent_0': 10, 'W_layer_units_exponent_1': 10, 'W_layer_units_exponent_2': 10, 'W_layer_units_exponent_3': 8, 'W_layer_units_exponent_4': 4, 'W_layer_units_exponent_5': 8, 'W_layer_units_exponent_6': 9, 'W_layer_units_exponent_7': 8, 'D_layers': 2, 'D_layer_units_exponent_0': 8, 'D_layer_units_exponent_1': 10, 'log_learning_rate': -4.214216570760078, 'log_learning_rate_D': -4.638890453394096, 'training_batch_size': 12, 'training_p': 2}
	 epoch  0 training error:  tensor(1.0000, device='cuda:0', grad_fn=<DivBackward0>)
	 epoch  0 test error:  tensor(0.1915, device='cuda:0', grad_fn=<DivBackward0>)
Memory status after this epoch: 
Memory allocated:  486.93798828125
Memory cached:  634.0
	 epoch  10 training error:  tensor(0.9943, device='cuda:0', grad_fn=<DivBackward0>)
	 epoch  10 test error:  tensor(0.1914, device='cuda:0', grad_fn=<DivBackward0>)
Memory status after this epoch: 
Memory allocated:  486.46923828125
Memory cached:  946.0
	 epoch  20 training error:  tensor(0.9944, device='cuda:0', grad_fn=<DivBackward0>)
	 epoch  20 test error:  tensor(0.1914, device='cuda:0', grad_fn=<DivBackward0>)
Memory status after this epoch: 
Memory allocated:  487.40673828125
Memory cached:  926.0
	 epoch  30 training error:  tensor(0.9942, device='cuda:0', grad_fn=<DivBackward0>)
	 epoch  30 test error:  tensor(0.1912, device='cuda:0', grad_fn=<DivBackward0>)
Memory status after this epoch: 
Memory allocated:  486.46923828125
Memory cached:  926.0
	 epoch  40 training error:  tensor(0.9940, device='cuda:0', grad_fn=<DivBackward0>)
	 epoch  40 test error:  tensor(0.1909, device='cuda:0', grad_fn=<DivBackward0>)
Memory status after this epoch: 
Memory allocated:  487.40673828125
Memory cached:  926.0
	 epoch  50 training error:  tensor(0.9939, device='cuda:0', grad_fn=<DivBackward0>)
	 epoch  50 test error:  tensor(0.1907, device='cuda:0', grad_fn=<DivBackward0>)
Memory status after this epoch: 
Memory allocated:  486.46923828125
Memory cached:  926.0
	 epoch  60 training error:  tensor(0.9938, device='cuda:0', grad_fn=<DivBackward0>)
	 epoch  60 test error:  tensor(0.1906, device='cuda:0', grad_fn=<DivBackward0>)
Memory status after this epoch: 
Memory allocated:  487.40673828125
Memory cached:  926.0
	 epoch  70 training error:  tensor(0.9938, device='cuda:0', grad_fn=<DivBackward0>)
	 epoch  70 test error:  tensor(0.1906, device='cuda:0', grad_fn=<DivBackward0>)
Memory status after this epoch: 
Memory allocated:  486.46923828125
Memory cached:  926.0
	 epoch  80 training error:  tensor(0.9937, device='cuda:0', grad_fn=<DivBackward0>)
	 epoch  80 test error:  tensor(0.1906, device='cuda:0', grad_fn=<DivBackward0>)
Memory status after this epoch: 
Memory allocated:  487.40673828125
Memory cached:  926.0
	 epoch  90 training error:  tensor(0.9936, device='cuda:0', grad_fn=<DivBackward0>)
	 epoch  90 test error:  tensor(0.1905, device='cuda:0', grad_fn=<DivBackward0>)
Memory status after this epoch: 
Memory allocated:  486.46923828125
Memory cached:  926.0
[I 2023-11-17 11:44:17,428] Trial 24 finished with value: 0.19054962694644928 and parameters: {'W_layers': 8, 'W_layer_units_exponent_0': 10, 'W_layer_units_exponent_1': 10, 'W_layer_units_exponent_2': 10, 'W_layer_units_exponent_3': 8, 'W_layer_units_exponent_4': 4, 'W_layer_units_exponent_5': 8, 'W_layer_units_exponent_6': 9, 'W_layer_units_exponent_7': 8, 'D_layers': 2, 'D_layer_units_exponent_0': 8, 'D_layer_units_exponent_1': 10, 'log_learning_rate': -4.214216570760078, 'log_learning_rate_D': -4.638890453394096, 'training_batch_size': 12, 'training_p': 2}. Best is trial 22 with value: 0.19054608047008514.
Time for this trial:  176.28342866897583
Memory status after this trial: 
Memory allocated:  903.48046875
Memory cached:  926.0
--------------------  Trial  25   --------------------
Start timing: 
Parameters: 
{'W_layers': 6, 'W_layer_units_exponent_0': 9, 'W_layer_units_exponent_1': 9, 'W_layer_units_exponent_2': 8, 'W_layer_units_exponent_3': 9, 'W_layer_units_exponent_4': 5, 'W_layer_units_exponent_5': 8, 'D_layers': 3, 'D_layer_units_exponent_0': 8, 'D_layer_units_exponent_1': 8, 'D_layer_units_exponent_2': 9, 'log_learning_rate': -4.254310995246911, 'log_learning_rate_D': -4.104635598601794, 'training_batch_size': 12, 'training_p': 4}
	 epoch  0 training error:  tensor(0.9984, device='cuda:0', grad_fn=<DivBackward0>)
	 epoch  0 test error:  tensor(0.1916, device='cuda:0', grad_fn=<DivBackward0>)
Memory status after this epoch: 
Memory allocated:  317.57080078125
Memory cached:  422.0
	 epoch  10 training error:  tensor(0.9917, device='cuda:0', grad_fn=<DivBackward0>)
	 epoch  10 test error:  tensor(0.1915, device='cuda:0', grad_fn=<DivBackward0>)
Memory status after this epoch: 
Memory allocated:  318.32080078125
Memory cached:  634.0
	 epoch  20 training error:  tensor(0.9914, device='cuda:0', grad_fn=<DivBackward0>)
	 epoch  20 test error:  tensor(0.1918, device='cuda:0', grad_fn=<DivBackward0>)
Memory status after this epoch: 
Memory allocated:  317.66455078125
Memory cached:  634.0
	 epoch  30 training error:  tensor(0.9910, device='cuda:0', grad_fn=<DivBackward0>)
	 epoch  30 test error:  tensor(0.1926, device='cuda:0', grad_fn=<DivBackward0>)
Memory status after this epoch: 
Memory allocated:  318.32080078125
Memory cached:  634.0
	 epoch  40 training error:  tensor(0.9909, device='cuda:0', grad_fn=<DivBackward0>)
	 epoch  40 test error:  tensor(0.1928, device='cuda:0', grad_fn=<DivBackward0>)
Memory status after this epoch: 
Memory allocated:  317.75830078125
Memory cached:  634.0
	 epoch  50 training error:  tensor(0.9908, device='cuda:0', grad_fn=<DivBackward0>)
	 epoch  50 test error:  tensor(0.1927, device='cuda:0', grad_fn=<DivBackward0>)
Memory status after this epoch: 
Memory allocated:  318.13330078125
Memory cached:  634.0
	 epoch  60 training error:  tensor(0.9907, device='cuda:0', grad_fn=<DivBackward0>)
	 epoch  60 test error:  tensor(0.1928, device='cuda:0', grad_fn=<DivBackward0>)
Memory status after this epoch: 
Memory allocated:  317.94580078125
Memory cached:  634.0
	 epoch  70 training error:  tensor(0.9906, device='cuda:0', grad_fn=<DivBackward0>)
	 epoch  70 test error:  tensor(0.1929, device='cuda:0', grad_fn=<DivBackward0>)
Memory status after this epoch: 
Memory allocated:  317.94580078125
Memory cached:  634.0
	 epoch  80 training error:  tensor(0.9904, device='cuda:0', grad_fn=<DivBackward0>)
	 epoch  80 test error:  tensor(0.1929, device='cuda:0', grad_fn=<DivBackward0>)
Memory status after this epoch: 
Memory allocated:  318.03955078125
Memory cached:  634.0
	 epoch  90 training error:  tensor(0.9903, device='cuda:0', grad_fn=<DivBackward0>)
	 epoch  90 test error:  tensor(0.1930, device='cuda:0', grad_fn=<DivBackward0>)
Memory status after this epoch: 
Memory allocated:  318.03955078125
Memory cached:  634.0
[I 2023-11-17 11:46:49,991] Trial 25 finished with value: 0.19299812614917755 and parameters: {'W_layers': 6, 'W_layer_units_exponent_0': 9, 'W_layer_units_exponent_1': 9, 'W_layer_units_exponent_2': 8, 'W_layer_units_exponent_3': 9, 'W_layer_units_exponent_4': 5, 'W_layer_units_exponent_5': 8, 'D_layers': 3, 'D_layer_units_exponent_0': 8, 'D_layer_units_exponent_1': 8, 'D_layer_units_exponent_2': 9, 'log_learning_rate': -4.254310995246911, 'log_learning_rate_D': -4.104635598601794, 'training_batch_size': 12, 'training_p': 4}. Best is trial 22 with value: 0.19054608047008514.
Time for this trial:  152.32263159751892
Memory status after this trial: 
Memory allocated:  615.18359375
Memory cached:  634.0
--------------------  Trial  26   --------------------
Start timing: 
Parameters: 
{'W_layers': 7, 'W_layer_units_exponent_0': 10, 'W_layer_units_exponent_1': 10, 'W_layer_units_exponent_2': 9, 'W_layer_units_exponent_3': 10, 'W_layer_units_exponent_4': 7, 'W_layer_units_exponent_5': 5, 'W_layer_units_exponent_6': 8, 'D_layers': 2, 'D_layer_units_exponent_0': 9, 'D_layer_units_exponent_1': 9, 'log_learning_rate': -4.5511079145592905, 'log_learning_rate_D': -4.636839139366155, 'training_batch_size': 10, 'training_p': 3}
	 epoch  0 training error:  tensor(1.0017, device='cuda:0', grad_fn=<DivBackward0>)
	 epoch  0 test error:  tensor(0.1920, device='cuda:0', grad_fn=<DivBackward0>)
Memory status after this epoch: 
Memory allocated:  448.00244140625
Memory cached:  590.0
	 epoch  10 training error:  tensor(0.9939, device='cuda:0', grad_fn=<DivBackward0>)
	 epoch  10 test error:  tensor(0.1917, device='cuda:0', grad_fn=<DivBackward0>)
Memory status after this epoch: 
Memory allocated:  446.97119140625
Memory cached:  870.0
	 epoch  20 training error:  tensor(0.9933, device='cuda:0', grad_fn=<DivBackward0>)
	 epoch  20 test error:  tensor(0.1917, device='cuda:0', grad_fn=<DivBackward0>)
Memory status after this epoch: 
Memory allocated:  448.79931640625
Memory cached:  870.0
	 epoch  30 training error:  tensor(0.9930, device='cuda:0', grad_fn=<DivBackward0>)
	 epoch  30 test error:  tensor(0.1917, device='cuda:0', grad_fn=<DivBackward0>)
Memory status after this epoch: 
Memory allocated:  447.01806640625
Memory cached:  870.0
	 epoch  40 training error:  tensor(0.9929, device='cuda:0', grad_fn=<DivBackward0>)
	 epoch  40 test error:  tensor(0.1917, device='cuda:0', grad_fn=<DivBackward0>)
Memory status after this epoch: 
Memory allocated:  448.23681640625
Memory cached:  866.0
	 epoch  50 training error:  tensor(0.9929, device='cuda:0', grad_fn=<DivBackward0>)
	 epoch  50 test error:  tensor(0.1917, device='cuda:0', grad_fn=<DivBackward0>)
Memory status after this epoch: 
Memory allocated:  447.48681640625
Memory cached:  866.0
	 epoch  60 training error:  tensor(0.9929, device='cuda:0', grad_fn=<DivBackward0>)
	 epoch  60 test error:  tensor(0.1918, device='cuda:0', grad_fn=<DivBackward0>)
Memory status after this epoch: 
Memory allocated:  448.23681640625
Memory cached:  866.0
	 epoch  70 training error:  tensor(0.9929, device='cuda:0', grad_fn=<DivBackward0>)
	 epoch  70 test error:  tensor(0.1918, device='cuda:0', grad_fn=<DivBackward0>)
Memory status after this epoch: 
Memory allocated:  447.81494140625
Memory cached:  866.0
	 epoch  80 training error:  tensor(0.9929, device='cuda:0', grad_fn=<DivBackward0>)
	 epoch  80 test error:  tensor(0.1918, device='cuda:0', grad_fn=<DivBackward0>)
Memory status after this epoch: 
Memory allocated:  447.95556640625
Memory cached:  866.0
	 epoch  90 training error:  tensor(0.9928, device='cuda:0', grad_fn=<DivBackward0>)
	 epoch  90 test error:  tensor(0.1918, device='cuda:0', grad_fn=<DivBackward0>)
Memory status after this epoch: 
Memory allocated:  447.62744140625
Memory cached:  866.0
[I 2023-11-17 11:49:29,580] Trial 26 finished with value: 0.19176673889160156 and parameters: {'W_layers': 7, 'W_layer_units_exponent_0': 10, 'W_layer_units_exponent_1': 10, 'W_layer_units_exponent_2': 9, 'W_layer_units_exponent_3': 10, 'W_layer_units_exponent_4': 7, 'W_layer_units_exponent_5': 5, 'W_layer_units_exponent_6': 8, 'D_layers': 2, 'D_layer_units_exponent_0': 9, 'D_layer_units_exponent_1': 9, 'log_learning_rate': -4.5511079145592905, 'log_learning_rate_D': -4.636839139366155, 'training_batch_size': 10, 'training_p': 3}. Best is trial 22 with value: 0.19054608047008514.
Time for this trial:  159.37878727912903
Memory status after this trial: 
Memory allocated:  833.9736328125
Memory cached:  868.0
--------------------  Trial  27   --------------------
Start timing: 
Parameters: 
{'W_layers': 8, 'W_layer_units_exponent_0': 9, 'W_layer_units_exponent_1': 8, 'W_layer_units_exponent_2': 10, 'W_layer_units_exponent_3': 6, 'W_layer_units_exponent_4': 4, 'W_layer_units_exponent_5': 8, 'W_layer_units_exponent_6': 8, 'W_layer_units_exponent_7': 8, 'D_layers': 3, 'D_layer_units_exponent_0': 8, 'D_layer_units_exponent_1': 10, 'D_layer_units_exponent_2': 5, 'log_learning_rate': -4.174133678529535, 'log_learning_rate_D': -4.6368155912355915, 'training_batch_size': 11, 'training_p': 2}
	 epoch  0 training error:  tensor(0.9995, device='cuda:0', grad_fn=<DivBackward0>)
	 epoch  0 test error:  tensor(0.1918, device='cuda:0', grad_fn=<DivBackward0>)
Memory status after this epoch: 
Memory allocated:  364.4794921875
Memory cached:  500.0
	 epoch  10 training error:  tensor(0.9946, device='cuda:0', grad_fn=<DivBackward0>)
	 epoch  10 test error:  tensor(0.1916, device='cuda:0', grad_fn=<DivBackward0>)
Memory status after this epoch: 
Memory allocated:  365.9326171875
Memory cached:  724.0
	 epoch  20 training error:  tensor(0.9946, device='cuda:0', grad_fn=<DivBackward0>)
	 epoch  20 test error:  tensor(0.1914, device='cuda:0', grad_fn=<DivBackward0>)
Memory status after this epoch: 
Memory allocated:  364.8544921875
Memory cached:  724.0
	 epoch  30 training error:  tensor(0.9944, device='cuda:0', grad_fn=<DivBackward0>)
	 epoch  30 test error:  tensor(0.1914, device='cuda:0', grad_fn=<DivBackward0>)
Memory status after this epoch: 
Memory allocated:  365.9794921875
Memory cached:  724.0
	 epoch  40 training error:  tensor(0.9942, device='cuda:0', grad_fn=<DivBackward0>)
	 epoch  40 test error:  tensor(0.1913, device='cuda:0', grad_fn=<DivBackward0>)
Memory status after this epoch: 
Memory allocated:  364.8544921875
Memory cached:  724.0
	 epoch  50 training error:  tensor(0.9941, device='cuda:0', grad_fn=<DivBackward0>)
	 epoch  50 test error:  tensor(0.1912, device='cuda:0', grad_fn=<DivBackward0>)
Memory status after this epoch: 
Memory allocated:  365.9794921875
Memory cached:  724.0
	 epoch  60 training error:  tensor(0.9940, device='cuda:0', grad_fn=<DivBackward0>)
	 epoch  60 test error:  tensor(0.1910, device='cuda:0', grad_fn=<DivBackward0>)
Memory status after this epoch: 
Memory allocated:  364.9482421875
Memory cached:  724.0
	 epoch  70 training error:  tensor(0.9939, device='cuda:0', grad_fn=<DivBackward0>)
	 epoch  70 test error:  tensor(0.1907, device='cuda:0', grad_fn=<DivBackward0>)
Memory status after this epoch: 
Memory allocated:  365.9794921875
Memory cached:  724.0
	 epoch  80 training error:  tensor(0.9938, device='cuda:0', grad_fn=<DivBackward0>)
	 epoch  80 test error:  tensor(0.1905, device='cuda:0', grad_fn=<DivBackward0>)
Memory status after this epoch: 
Memory allocated:  365.3232421875
Memory cached:  724.0
	 epoch  90 training error:  tensor(0.9938, device='cuda:0', grad_fn=<DivBackward0>)
	 epoch  90 test error:  tensor(0.1906, device='cuda:0', grad_fn=<DivBackward0>)
Memory status after this epoch: 
Memory allocated:  365.5107421875
Memory cached:  724.0
[I 2023-11-17 11:52:25,930] Trial 27 finished with value: 0.1905909776687622 and parameters: {'W_layers': 8, 'W_layer_units_exponent_0': 9, 'W_layer_units_exponent_1': 8, 'W_layer_units_exponent_2': 10, 'W_layer_units_exponent_3': 6, 'W_layer_units_exponent_4': 4, 'W_layer_units_exponent_5': 8, 'W_layer_units_exponent_6': 8, 'W_layer_units_exponent_7': 8, 'D_layers': 3, 'D_layer_units_exponent_0': 8, 'D_layer_units_exponent_1': 10, 'D_layer_units_exponent_2': 5, 'log_learning_rate': -4.174133678529535, 'log_learning_rate_D': -4.6368155912355915, 'training_batch_size': 11, 'training_p': 2}. Best is trial 22 with value: 0.19054608047008514.
Time for this trial:  176.10291981697083
Memory status after this trial: 
Memory allocated:  707.228515625
Memory cached:  724.0
--------------------  Trial  28   --------------------
Start timing: 
Parameters: 
{'W_layers': 7, 'W_layer_units_exponent_0': 8, 'W_layer_units_exponent_1': 9, 'W_layer_units_exponent_2': 6, 'W_layer_units_exponent_3': 9, 'W_layer_units_exponent_4': 6, 'W_layer_units_exponent_5': 7, 'W_layer_units_exponent_6': 9, 'D_layers': 2, 'D_layer_units_exponent_0': 9, 'D_layer_units_exponent_1': 9, 'log_learning_rate': -4.693283061783961, 'log_learning_rate_D': -3.747423865828461, 'training_batch_size': 12, 'training_p': 3}
	 epoch  0 training error:  tensor(1.0028, device='cuda:0', grad_fn=<DivBackward0>)
	 epoch  0 test error:  tensor(0.1923, device='cuda:0', grad_fn=<DivBackward0>)
Memory status after this epoch: 
Memory allocated:  313.20556640625
Memory cached:  448.0
	 epoch  10 training error:  tensor(0.9956, device='cuda:0', grad_fn=<DivBackward0>)
	 epoch  10 test error:  tensor(0.1919, device='cuda:0', grad_fn=<DivBackward0>)
Memory status after this epoch: 
Memory allocated:  313.67431640625
Memory cached:  624.0
	 epoch  20 training error:  tensor(0.9930, device='cuda:0', grad_fn=<DivBackward0>)
	 epoch  20 test error:  tensor(0.1915, device='cuda:0', grad_fn=<DivBackward0>)
Memory status after this epoch: 
Memory allocated:  313.20556640625
Memory cached:  624.0
	 epoch  30 training error:  tensor(0.9930, device='cuda:0', grad_fn=<DivBackward0>)
	 epoch  30 test error:  tensor(0.1918, device='cuda:0', grad_fn=<DivBackward0>)
Memory status after this epoch: 
Memory allocated:  313.67431640625
Memory cached:  624.0
	 epoch  40 training error:  tensor(0.9930, device='cuda:0', grad_fn=<DivBackward0>)
	 epoch  40 test error:  tensor(0.1919, device='cuda:0', grad_fn=<DivBackward0>)
Memory status after this epoch: 
Memory allocated:  313.20556640625
Memory cached:  624.0
	 epoch  50 training error:  tensor(0.9929, device='cuda:0', grad_fn=<DivBackward0>)
	 epoch  50 test error:  tensor(0.1917, device='cuda:0', grad_fn=<DivBackward0>)
Memory status after this epoch: 
Memory allocated:  313.67431640625
Memory cached:  624.0
	 epoch  60 training error:  tensor(0.9929, device='cuda:0', grad_fn=<DivBackward0>)
	 epoch  60 test error:  tensor(0.1917, device='cuda:0', grad_fn=<DivBackward0>)
Memory status after this epoch: 
Memory allocated:  313.20556640625
Memory cached:  624.0
	 epoch  70 training error:  tensor(0.9929, device='cuda:0', grad_fn=<DivBackward0>)
	 epoch  70 test error:  tensor(0.1917, device='cuda:0', grad_fn=<DivBackward0>)
Memory status after this epoch: 
Memory allocated:  313.67431640625
Memory cached:  624.0
	 epoch  80 training error:  tensor(0.9929, device='cuda:0', grad_fn=<DivBackward0>)
	 epoch  80 test error:  tensor(0.1917, device='cuda:0', grad_fn=<DivBackward0>)
Memory status after this epoch: 
Memory allocated:  313.20556640625
Memory cached:  624.0
	 epoch  90 training error:  tensor(0.9929, device='cuda:0', grad_fn=<DivBackward0>)
	 epoch  90 test error:  tensor(0.1917, device='cuda:0', grad_fn=<DivBackward0>)
Memory status after this epoch: 
Memory allocated:  313.67431640625
Memory cached:  624.0
