[I 2023-11-17 04:37:23,517] Trial 47 finished with value: 0.09674503654241562 and parameters: {'W_layers': 4, 'W_layer_units_exponent_0': 4, 'W_layer_units_exponent_1': 5, 'W_layer_units_exponent_2': 6, 'W_layer_units_exponent_3': 6, 'D_layers': 8, 'D_layer_units_exponent_0': 10, 'D_layer_units_exponent_1': 6, 'D_layer_units_exponent_2': 6, 'D_layer_units_exponent_3': 10, 'D_layer_units_exponent_4': 10, 'D_layer_units_exponent_5': 8, 'D_layer_units_exponent_6': 6, 'D_layer_units_exponent_7': 4, 'log_learning_rate': -4.41608610657638, 'log_learning_rate_D': -1.1730575452781222, 'training_batch_size': 7, 'training_p': 5}. Best is trial 14 with value: 0.09673155844211578.
Time for this trial:  181.34784293174744
Memory status after this trial: 
Memory allocated:  470.50390625
Memory cached:  500.0
--------------------  Trial  48   --------------------
Start timing: 
Parameters: 
{'W_layers': 2, 'W_layer_units_exponent_0': 6, 'W_layer_units_exponent_1': 4, 'D_layers': 7, 'D_layer_units_exponent_0': 5, 'D_layer_units_exponent_1': 5, 'D_layer_units_exponent_2': 8, 'D_layer_units_exponent_3': 9, 'D_layer_units_exponent_4': 9, 'D_layer_units_exponent_5': 6, 'D_layer_units_exponent_6': 4, 'log_learning_rate': -4.592928661475392, 'log_learning_rate_D': -1.503361684818709, 'training_batch_size': 11, 'training_p': 4}
	 epoch  0 training error:  tensor(1.0180, device='cuda:0', grad_fn=<DivBackward0>)
	 epoch  0 test error:  tensor(0.0972, device='cuda:0', grad_fn=<DivBackward0>)
Memory status after this epoch: 
Memory allocated:  120.587890625
Memory cached:  150.0
	 epoch  10 training error:  tensor(1.0077, device='cuda:0', grad_fn=<DivBackward0>)
	 epoch  10 test error:  tensor(0.0968, device='cuda:0', grad_fn=<DivBackward0>)
Memory status after this epoch: 
Memory allocated:  120.681640625
Memory cached:  246.0
	 epoch  20 training error:  tensor(0.9980, device='cuda:0', grad_fn=<DivBackward0>)
	 epoch  20 test error:  tensor(0.0967, device='cuda:0', grad_fn=<DivBackward0>)
Memory status after this epoch: 
Memory allocated:  120.587890625
Memory cached:  246.0
	 epoch  30 training error:  tensor(0.9888, device='cuda:0', grad_fn=<DivBackward0>)
	 epoch  30 test error:  tensor(0.0968, device='cuda:0', grad_fn=<DivBackward0>)
Memory status after this epoch: 
Memory allocated:  120.681640625
Memory cached:  246.0
	 epoch  40 training error:  tensor(0.9801, device='cuda:0', grad_fn=<DivBackward0>)
	 epoch  40 test error:  tensor(0.0969, device='cuda:0', grad_fn=<DivBackward0>)
Memory status after this epoch: 
Memory allocated:  120.587890625
Memory cached:  248.0
	 epoch  50 training error:  tensor(0.9721, device='cuda:0', grad_fn=<DivBackward0>)
	 epoch  50 test error:  tensor(0.0971, device='cuda:0', grad_fn=<DivBackward0>)
Memory status after this epoch: 
Memory allocated:  120.681640625
Memory cached:  248.0
	 epoch  60 training error:  tensor(0.9645, device='cuda:0', grad_fn=<DivBackward0>)
	 epoch  60 test error:  tensor(0.0974, device='cuda:0', grad_fn=<DivBackward0>)
Memory status after this epoch: 
Memory allocated:  120.587890625
Memory cached:  252.0
	 epoch  70 training error:  tensor(0.9575, device='cuda:0', grad_fn=<DivBackward0>)
	 epoch  70 test error:  tensor(0.0977, device='cuda:0', grad_fn=<DivBackward0>)
Memory status after this epoch: 
Memory allocated:  120.681640625
Memory cached:  250.0
	 epoch  80 training error:  tensor(0.9509, device='cuda:0', grad_fn=<DivBackward0>)
	 epoch  80 test error:  tensor(0.0981, device='cuda:0', grad_fn=<DivBackward0>)
Memory status after this epoch: 
Memory allocated:  120.587890625
Memory cached:  252.0
	 epoch  90 training error:  tensor(0.9497, device='cuda:0', grad_fn=<DivBackward0>)
	 epoch  90 test error:  tensor(0.0984, device='cuda:0', grad_fn=<DivBackward0>)
Memory status after this epoch: 
Memory allocated:  120.681640625
Memory cached:  252.0
[I 2023-11-17 04:39:47,040] Trial 48 finished with value: 0.0981537476181984 and parameters: {'W_layers': 2, 'W_layer_units_exponent_0': 6, 'W_layer_units_exponent_1': 4, 'D_layers': 7, 'D_layer_units_exponent_0': 5, 'D_layer_units_exponent_1': 5, 'D_layer_units_exponent_2': 8, 'D_layer_units_exponent_3': 9, 'D_layer_units_exponent_4': 9, 'D_layer_units_exponent_5': 6, 'D_layer_units_exponent_6': 4, 'log_learning_rate': -4.592928661475392, 'log_learning_rate_D': -1.503361684818709, 'training_batch_size': 11, 'training_p': 4}. Best is trial 14 with value: 0.09673155844211578.
Time for this trial:  143.28465962409973
Memory status after this trial: 
Memory allocated:  228.9013671875
Memory cached:  254.0
--------------------  Trial  49   --------------------
Start timing: 
Parameters: 
{'W_layers': 5, 'W_layer_units_exponent_0': 10, 'W_layer_units_exponent_1': 6, 'W_layer_units_exponent_2': 5, 'W_layer_units_exponent_3': 7, 'W_layer_units_exponent_4': 7, 'D_layers': 7, 'D_layer_units_exponent_0': 8, 'D_layer_units_exponent_1': 10, 'D_layer_units_exponent_2': 7, 'D_layer_units_exponent_3': 10, 'D_layer_units_exponent_4': 10, 'D_layer_units_exponent_5': 9, 'D_layer_units_exponent_6': 5, 'log_learning_rate': -4.999246293491693, 'log_learning_rate_D': -1.0068857296447262, 'training_batch_size': 6, 'training_p': 3}
	 epoch  0 training error:  tensor(0.9860, device='cuda:0', grad_fn=<DivBackward0>)
	 epoch  0 test error:  tensor(0.0969, device='cuda:0', grad_fn=<DivBackward0>)
Memory status after this epoch: 
Memory allocated:  352.8623046875
Memory cached:  376.0
	 epoch  10 training error:  tensor(0.9999, device='cuda:0', grad_fn=<DivBackward0>)
	 epoch  10 test error:  tensor(0.0967, device='cuda:0', grad_fn=<DivBackward0>)
Memory status after this epoch: 
Memory allocated:  353.2373046875
Memory cached:  678.0
	 epoch  20 training error:  tensor(0.9999, device='cuda:0', grad_fn=<DivBackward0>)
	 epoch  20 test error:  tensor(0.0967, device='cuda:0', grad_fn=<DivBackward0>)
Memory status after this epoch: 
Memory allocated:  353.0498046875
Memory cached:  678.0
	 epoch  30 training error:  tensor(0.9999, device='cuda:0', grad_fn=<DivBackward0>)
	 epoch  30 test error:  tensor(0.0967, device='cuda:0', grad_fn=<DivBackward0>)
Memory status after this epoch: 
Memory allocated:  352.8623046875
Memory cached:  678.0
	 epoch  40 training error:  tensor(0.9999, device='cuda:0', grad_fn=<DivBackward0>)
	 epoch  40 test error:  tensor(0.0967, device='cuda:0', grad_fn=<DivBackward0>)
Memory status after this epoch: 
Memory allocated:  353.0498046875
Memory cached:  678.0
	 epoch  50 training error:  tensor(0.9999, device='cuda:0', grad_fn=<DivBackward0>)
	 epoch  50 test error:  tensor(0.0967, device='cuda:0', grad_fn=<DivBackward0>)
Memory status after this epoch: 
Memory allocated:  352.8623046875
Memory cached:  678.0
	 epoch  60 training error:  tensor(0.9999, device='cuda:0', grad_fn=<DivBackward0>)
	 epoch  60 test error:  tensor(0.0967, device='cuda:0', grad_fn=<DivBackward0>)
Memory status after this epoch: 
Memory allocated:  353.0498046875
Memory cached:  678.0
	 epoch  70 training error:  tensor(0.9999, device='cuda:0', grad_fn=<DivBackward0>)
	 epoch  70 test error:  tensor(0.0967, device='cuda:0', grad_fn=<DivBackward0>)
Memory status after this epoch: 
Memory allocated:  352.8623046875
Memory cached:  678.0
	 epoch  80 training error:  tensor(0.9999, device='cuda:0', grad_fn=<DivBackward0>)
	 epoch  80 test error:  tensor(0.0967, device='cuda:0', grad_fn=<DivBackward0>)
Memory status after this epoch: 
Memory allocated:  353.0498046875
Memory cached:  678.0
	 epoch  90 training error:  tensor(0.9999, device='cuda:0', grad_fn=<DivBackward0>)
	 epoch  90 test error:  tensor(0.0967, device='cuda:0', grad_fn=<DivBackward0>)
Memory status after this epoch: 
Memory allocated:  352.8623046875
Memory cached:  678.0
[I 2023-11-17 04:45:03,095] Trial 49 finished with value: 0.09673317521810532 and parameters: {'W_layers': 5, 'W_layer_units_exponent_0': 10, 'W_layer_units_exponent_1': 6, 'W_layer_units_exponent_2': 5, 'W_layer_units_exponent_3': 7, 'W_layer_units_exponent_4': 7, 'D_layers': 7, 'D_layer_units_exponent_0': 8, 'D_layer_units_exponent_1': 10, 'D_layer_units_exponent_2': 7, 'D_layer_units_exponent_3': 10, 'D_layer_units_exponent_4': 10, 'D_layer_units_exponent_5': 9, 'D_layer_units_exponent_6': 5, 'log_learning_rate': -4.999246293491693, 'log_learning_rate_D': -1.0068857296447262, 'training_batch_size': 6, 'training_p': 3}. Best is trial 14 with value: 0.09673155844211578.
[I 2023-11-17 04:45:03,166] A new study created in memory with name: no-name-fdf959ee-8183-40f8-8e0d-6ff498eaee2a
Time for this trial:  315.77996826171875
Memory status after this trial: 
Memory allocated:  652.4345703125
Memory cached:  678.0
--------------------  Trial  0   --------------------
Start timing: 
Parameters: 
{'W_layers': 3, 'W_layer_units_exponent_0': 6, 'W_layer_units_exponent_1': 5, 'W_layer_units_exponent_2': 7, 'D_layers': 5, 'D_layer_units_exponent_0': 6, 'D_layer_units_exponent_1': 7, 'D_layer_units_exponent_2': 7, 'D_layer_units_exponent_3': 5, 'D_layer_units_exponent_4': 6, 'log_learning_rate': -1.7630348011387902, 'log_learning_rate_D': -2.8875138415461086, 'training_batch_size': 10, 'training_p': 8}
	 epoch  0 training error:  tensor(1.0099, device='cuda:0', grad_fn=<DivBackward0>)
	 epoch  0 test error:  tensor(0.1382, device='cuda:0', grad_fn=<DivBackward0>)
Memory status after this epoch: 
Memory allocated:  69.02734375
Memory cached:  148.0
	 epoch  10 training error:  tensor(0.9845, device='cuda:0', grad_fn=<DivBackward0>)
	 epoch  10 test error:  tensor(0.0968, device='cuda:0', grad_fn=<DivBackward0>)
Memory status after this epoch: 
Memory allocated:  69.12109375
Memory cached:  188.0
	 epoch  20 training error:  tensor(0.9580, device='cuda:0', grad_fn=<DivBackward0>)
	 epoch  20 test error:  tensor(0.0975, device='cuda:0', grad_fn=<DivBackward0>)
Memory status after this epoch: 
Memory allocated:  68.93359375
Memory cached:  150.0
	 epoch  30 training error:  tensor(0.9835, device='cuda:0', grad_fn=<DivBackward0>)
	 epoch  30 test error:  tensor(0.0968, device='cuda:0', grad_fn=<DivBackward0>)
Memory status after this epoch: 
Memory allocated:  68.65234375
Memory cached:  148.0
	 epoch  40 training error:  tensor(0.9751, device='cuda:0', grad_fn=<DivBackward0>)
	 epoch  40 test error:  tensor(0.0982, device='cuda:0', grad_fn=<DivBackward0>)
Memory status after this epoch: 
Memory allocated:  68.93359375
Memory cached:  148.0
	 epoch  50 training error:  tensor(0.9580, device='cuda:0', grad_fn=<DivBackward0>)
	 epoch  50 test error:  tensor(0.0977, device='cuda:0', grad_fn=<DivBackward0>)
Memory status after this epoch: 
Memory allocated:  68.65234375
Memory cached:  150.0
	 epoch  60 training error:  tensor(0.9593, device='cuda:0', grad_fn=<DivBackward0>)
	 epoch  60 test error:  tensor(0.0978, device='cuda:0', grad_fn=<DivBackward0>)
Memory status after this epoch: 
Memory allocated:  68.93359375
Memory cached:  150.0
	 epoch  70 training error:  tensor(0.9555, device='cuda:0', grad_fn=<DivBackward0>)
	 epoch  70 test error:  tensor(0.0985, device='cuda:0', grad_fn=<DivBackward0>)
Memory status after this epoch: 
Memory allocated:  68.65234375
Memory cached:  152.0
	 epoch  80 training error:  tensor(0.9510, device='cuda:0', grad_fn=<DivBackward0>)
	 epoch  80 test error:  tensor(0.0980, device='cuda:0', grad_fn=<DivBackward0>)
Memory status after this epoch: 
Memory allocated:  68.93359375
Memory cached:  150.0
	 epoch  90 training error:  tensor(0.9560, device='cuda:0', grad_fn=<DivBackward0>)
	 epoch  90 test error:  tensor(0.0980, device='cuda:0', grad_fn=<DivBackward0>)
Memory status after this epoch: 
Memory allocated:  68.65234375
Memory cached:  150.0
[I 2023-11-17 04:47:13,657] Trial 0 finished with value: 0.09888454526662827 and parameters: {'W_layers': 3, 'W_layer_units_exponent_0': 6, 'W_layer_units_exponent_1': 5, 'W_layer_units_exponent_2': 7, 'D_layers': 5, 'D_layer_units_exponent_0': 6, 'D_layer_units_exponent_1': 7, 'D_layer_units_exponent_2': 7, 'D_layer_units_exponent_3': 5, 'D_layer_units_exponent_4': 6, 'log_learning_rate': -1.7630348011387902, 'log_learning_rate_D': -2.8875138415461086, 'training_batch_size': 10, 'training_p': 8}. Best is trial 0 with value: 0.09888454526662827.
Time for this trial:  130.35976791381836
Memory status after this trial: 
Memory allocated:  134.3603515625
Memory cached:  152.0
--------------------  Trial  1   --------------------
Start timing: 
Parameters: 
{'W_layers': 6, 'W_layer_units_exponent_0': 6, 'W_layer_units_exponent_1': 8, 'W_layer_units_exponent_2': 9, 'W_layer_units_exponent_3': 9, 'W_layer_units_exponent_4': 7, 'W_layer_units_exponent_5': 5, 'D_layers': 5, 'D_layer_units_exponent_0': 5, 'D_layer_units_exponent_1': 4, 'D_layer_units_exponent_2': 4, 'D_layer_units_exponent_3': 9, 'D_layer_units_exponent_4': 10, 'log_learning_rate': -3.7001705760630577, 'log_learning_rate_D': -1.6766503743623744, 'training_batch_size': 7, 'training_p': 8}
	 epoch  0 training error:  tensor(0.9962, device='cuda:0', grad_fn=<DivBackward0>)
	 epoch  0 test error:  tensor(0.0968, device='cuda:0', grad_fn=<DivBackward0>)
Memory status after this epoch: 
Memory allocated:  214.7880859375
Memory cached:  234.0
	 epoch  10 training error:  tensor(0.9832, device='cuda:0', grad_fn=<DivBackward0>)
	 epoch  10 test error:  tensor(0.1010, device='cuda:0', grad_fn=<DivBackward0>)
Memory status after this epoch: 
Memory allocated:  215.2568359375
Memory cached:  418.0
	 epoch  20 training error:  tensor(0.9771, device='cuda:0', grad_fn=<DivBackward0>)
	 epoch  20 test error:  tensor(0.0972, device='cuda:0', grad_fn=<DivBackward0>)
Memory status after this epoch: 
Memory allocated:  215.0693359375
Memory cached:  418.0
	 epoch  30 training error:  tensor(0.9584, device='cuda:0', grad_fn=<DivBackward0>)
	 epoch  30 test error:  tensor(0.0976, device='cuda:0', grad_fn=<DivBackward0>)
Memory status after this epoch: 
Memory allocated:  214.7880859375
Memory cached:  418.0
	 epoch  40 training error:  tensor(0.9571, device='cuda:0', grad_fn=<DivBackward0>)
	 epoch  40 test error:  tensor(0.0986, device='cuda:0', grad_fn=<DivBackward0>)
Memory status after this epoch: 
Memory allocated:  215.5380859375
Memory cached:  418.0
	 epoch  50 training error:  tensor(0.9497, device='cuda:0', grad_fn=<DivBackward0>)
	 epoch  50 test error:  tensor(0.0982, device='cuda:0', grad_fn=<DivBackward0>)
Memory status after this epoch: 
Memory allocated:  214.7880859375
Memory cached:  418.0
	 epoch  60 training error:  tensor(0.9514, device='cuda:0', grad_fn=<DivBackward0>)
	 epoch  60 test error:  tensor(0.0982, device='cuda:0', grad_fn=<DivBackward0>)
Memory status after this epoch: 
Memory allocated:  215.0693359375
Memory cached:  418.0
	 epoch  70 training error:  tensor(0.9544, device='cuda:0', grad_fn=<DivBackward0>)
	 epoch  70 test error:  tensor(0.0980, device='cuda:0', grad_fn=<DivBackward0>)
Memory status after this epoch: 
Memory allocated:  215.2568359375
Memory cached:  418.0
	 epoch  80 training error:  tensor(0.9537, device='cuda:0', grad_fn=<DivBackward0>)
	 epoch  80 test error:  tensor(0.0981, device='cuda:0', grad_fn=<DivBackward0>)
Memory status after this epoch: 
Memory allocated:  215.0693359375
Memory cached:  418.0
	 epoch  90 training error:  tensor(0.9552, device='cuda:0', grad_fn=<DivBackward0>)
	 epoch  90 test error:  tensor(0.0980, device='cuda:0', grad_fn=<DivBackward0>)
Memory status after this epoch: 
Memory allocated:  215.2568359375
Memory cached:  420.0
[I 2023-11-17 04:50:04,927] Trial 1 finished with value: 0.09799110889434814 and parameters: {'W_layers': 6, 'W_layer_units_exponent_0': 6, 'W_layer_units_exponent_1': 8, 'W_layer_units_exponent_2': 9, 'W_layer_units_exponent_3': 9, 'W_layer_units_exponent_4': 7, 'W_layer_units_exponent_5': 5, 'D_layers': 5, 'D_layer_units_exponent_0': 5, 'D_layer_units_exponent_1': 4, 'D_layer_units_exponent_2': 4, 'D_layer_units_exponent_3': 9, 'D_layer_units_exponent_4': 10, 'log_learning_rate': -3.7001705760630577, 'log_learning_rate_D': -1.6766503743623744, 'training_batch_size': 7, 'training_p': 8}. Best is trial 1 with value: 0.09799110889434814.
Time for this trial:  171.10273671150208
Memory status after this trial: 
Memory allocated:  404.703125
Memory cached:  420.0
--------------------  Trial  2   --------------------
Start timing: 
Parameters: 
{'W_layers': 7, 'W_layer_units_exponent_0': 10, 'W_layer_units_exponent_1': 4, 'W_layer_units_exponent_2': 7, 'W_layer_units_exponent_3': 7, 'W_layer_units_exponent_4': 5, 'W_layer_units_exponent_5': 7, 'W_layer_units_exponent_6': 6, 'D_layers': 4, 'D_layer_units_exponent_0': 4, 'D_layer_units_exponent_1': 8, 'D_layer_units_exponent_2': 8, 'D_layer_units_exponent_3': 6, 'log_learning_rate': -4.701724834598032, 'log_learning_rate_D': -2.3378232087104776, 'training_batch_size': 7, 'training_p': 4}
	 epoch  0 training error:  tensor(0.9996, device='cuda:0', grad_fn=<DivBackward0>)
	 epoch  0 test error:  tensor(0.0968, device='cuda:0', grad_fn=<DivBackward0>)
Memory status after this epoch: 
Memory allocated:  149.677734375
Memory cached:  176.0
	 epoch  10 training error:  tensor(0.9940, device='cuda:0', grad_fn=<DivBackward0>)
	 epoch  10 test error:  tensor(0.0968, device='cuda:0', grad_fn=<DivBackward0>)
Memory status after this epoch: 
Memory allocated:  149.490234375
Memory cached:  308.0
	 epoch  20 training error:  tensor(0.9874, device='cuda:0', grad_fn=<DivBackward0>)
	 epoch  20 test error:  tensor(0.0968, device='cuda:0', grad_fn=<DivBackward0>)
Memory status after this epoch: 
Memory allocated:  149.677734375
Memory cached:  312.0
	 epoch  30 training error:  tensor(0.9781, device='cuda:0', grad_fn=<DivBackward0>)
	 epoch  30 test error:  tensor(0.0970, device='cuda:0', grad_fn=<DivBackward0>)
Memory status after this epoch: 
Memory allocated:  149.208984375
Memory cached:  308.0
	 epoch  40 training error:  tensor(0.9654, device='cuda:0', grad_fn=<DivBackward0>)
	 epoch  40 test error:  tensor(0.0974, device='cuda:0', grad_fn=<DivBackward0>)
Memory status after this epoch: 
Memory allocated:  149.677734375
Memory cached:  308.0
	 epoch  50 training error:  tensor(0.9497, device='cuda:0', grad_fn=<DivBackward0>)
	 epoch  50 test error:  tensor(0.0983, device='cuda:0', grad_fn=<DivBackward0>)
Memory status after this epoch: 
Memory allocated:  149.208984375
Memory cached:  308.0
	 epoch  60 training error:  tensor(0.9513, device='cuda:0', grad_fn=<DivBackward0>)
	 epoch  60 test error:  tensor(0.0981, device='cuda:0', grad_fn=<DivBackward0>)
Memory status after this epoch: 
Memory allocated:  149.677734375
Memory cached:  308.0
	 epoch  70 training error:  tensor(0.9487, device='cuda:0', grad_fn=<DivBackward0>)
	 epoch  70 test error:  tensor(0.0983, device='cuda:0', grad_fn=<DivBackward0>)
Memory status after this epoch: 
Memory allocated:  149.208984375
Memory cached:  310.0
	 epoch  80 training error:  tensor(0.9482, device='cuda:0', grad_fn=<DivBackward0>)
	 epoch  80 test error:  tensor(0.0982, device='cuda:0', grad_fn=<DivBackward0>)
Memory status after this epoch: 
Memory allocated:  149.677734375
Memory cached:  310.0
	 epoch  90 training error:  tensor(0.9480, device='cuda:0', grad_fn=<DivBackward0>)
	 epoch  90 test error:  tensor(0.0982, device='cuda:0', grad_fn=<DivBackward0>)
Memory status after this epoch: 
Memory allocated:  149.208984375
Memory cached:  308.0
