[I 2023-11-17 03:53:04,471] Trial 37 finished with value: 0.09821491688489914 and parameters: {'W_layers': 6, 'W_layer_units_exponent_0': 6, 'W_layer_units_exponent_1': 9, 'W_layer_units_exponent_2': 6, 'W_layer_units_exponent_3': 8, 'W_layer_units_exponent_4': 8, 'W_layer_units_exponent_5': 4, 'D_layers': 6, 'D_layer_units_exponent_0': 7, 'D_layer_units_exponent_1': 6, 'D_layer_units_exponent_2': 5, 'D_layer_units_exponent_3': 8, 'D_layer_units_exponent_4': 7, 'D_layer_units_exponent_5': 5, 'log_learning_rate': -4.562760762865942, 'log_learning_rate_D': -1.2075981532237337, 'training_batch_size': 8, 'training_p': 3}. Best is trial 14 with value: 0.09673155844211578.
Time for this trial:  171.7848722934723
Memory status after this trial: 
Memory allocated:  260.1650390625
Memory cached:  276.0
--------------------  Trial  38   --------------------
Start timing: 
Parameters: 
{'W_layers': 8, 'W_layer_units_exponent_0': 8, 'W_layer_units_exponent_1': 6, 'W_layer_units_exponent_2': 4, 'W_layer_units_exponent_3': 10, 'W_layer_units_exponent_4': 7, 'W_layer_units_exponent_5': 5, 'W_layer_units_exponent_6': 9, 'W_layer_units_exponent_7': 6, 'D_layers': 5, 'D_layer_units_exponent_0': 10, 'D_layer_units_exponent_1': 5, 'D_layer_units_exponent_2': 4, 'D_layer_units_exponent_3': 9, 'D_layer_units_exponent_4': 5, 'log_learning_rate': -4.328463149730663, 'log_learning_rate_D': -2.0474151708194297, 'training_batch_size': 10, 'training_p': 4}
	 epoch  0 training error:  tensor(0.9986, device='cuda:0', grad_fn=<DivBackward0>)
	 epoch  0 test error:  tensor(0.0967, device='cuda:0', grad_fn=<DivBackward0>)
Memory status after this epoch: 
Memory allocated:  236.1005859375
Memory cached:  264.0
	 epoch  10 training error:  tensor(0.9544, device='cuda:0', grad_fn=<DivBackward0>)
	 epoch  10 test error:  tensor(0.0982, device='cuda:0', grad_fn=<DivBackward0>)
Memory status after this epoch: 
Memory allocated:  236.1474609375
Memory cached:  478.0
	 epoch  20 training error:  tensor(0.9544, device='cuda:0', grad_fn=<DivBackward0>)
	 epoch  20 test error:  tensor(0.0978, device='cuda:0', grad_fn=<DivBackward0>)
Memory status after this epoch: 
Memory allocated:  236.1005859375
Memory cached:  478.0
	 epoch  30 training error:  tensor(0.9516, device='cuda:0', grad_fn=<DivBackward0>)
	 epoch  30 test error:  tensor(0.0985, device='cuda:0', grad_fn=<DivBackward0>)
Memory status after this epoch: 
Memory allocated:  236.1474609375
Memory cached:  478.0
	 epoch  40 training error:  tensor(0.9500, device='cuda:0', grad_fn=<DivBackward0>)
	 epoch  40 test error:  tensor(0.0982, device='cuda:0', grad_fn=<DivBackward0>)
Memory status after this epoch: 
Memory allocated:  236.1005859375
Memory cached:  480.0
	 epoch  50 training error:  tensor(0.9485, device='cuda:0', grad_fn=<DivBackward0>)
	 epoch  50 test error:  tensor(0.0983, device='cuda:0', grad_fn=<DivBackward0>)
Memory status after this epoch: 
Memory allocated:  236.1474609375
Memory cached:  480.0
	 epoch  60 training error:  tensor(0.9477, device='cuda:0', grad_fn=<DivBackward0>)
	 epoch  60 test error:  tensor(0.0981, device='cuda:0', grad_fn=<DivBackward0>)
Memory status after this epoch: 
Memory allocated:  236.1005859375
Memory cached:  482.0
	 epoch  70 training error:  tensor(0.9493, device='cuda:0', grad_fn=<DivBackward0>)
	 epoch  70 test error:  tensor(0.0983, device='cuda:0', grad_fn=<DivBackward0>)
Memory status after this epoch: 
Memory allocated:  236.1474609375
Memory cached:  484.0
	 epoch  80 training error:  tensor(0.9495, device='cuda:0', grad_fn=<DivBackward0>)
	 epoch  80 test error:  tensor(0.0983, device='cuda:0', grad_fn=<DivBackward0>)
Memory status after this epoch: 
Memory allocated:  236.1005859375
Memory cached:  482.0
	 epoch  90 training error:  tensor(0.9480, device='cuda:0', grad_fn=<DivBackward0>)
	 epoch  90 test error:  tensor(0.0982, device='cuda:0', grad_fn=<DivBackward0>)
Memory status after this epoch: 
Memory allocated:  236.1474609375
Memory cached:  480.0
[I 2023-11-17 03:56:16,803] Trial 38 finished with value: 0.09818374365568161 and parameters: {'W_layers': 8, 'W_layer_units_exponent_0': 8, 'W_layer_units_exponent_1': 6, 'W_layer_units_exponent_2': 4, 'W_layer_units_exponent_3': 10, 'W_layer_units_exponent_4': 7, 'W_layer_units_exponent_5': 5, 'W_layer_units_exponent_6': 9, 'W_layer_units_exponent_7': 6, 'D_layers': 5, 'D_layer_units_exponent_0': 10, 'D_layer_units_exponent_1': 5, 'D_layer_units_exponent_2': 4, 'D_layer_units_exponent_3': 9, 'D_layer_units_exponent_4': 5, 'log_learning_rate': -4.328463149730663, 'log_learning_rate_D': -2.0474151708194297, 'training_batch_size': 10, 'training_p': 4}. Best is trial 14 with value: 0.09673155844211578.
Time for this trial:  192.04672145843506
Memory status after this trial: 
Memory allocated:  463.4072265625
Memory cached:  480.0
--------------------  Trial  39   --------------------
Start timing: 
Parameters: 
{'W_layers': 5, 'W_layer_units_exponent_0': 5, 'W_layer_units_exponent_1': 5, 'W_layer_units_exponent_2': 5, 'W_layer_units_exponent_3': 7, 'W_layer_units_exponent_4': 10, 'D_layers': 7, 'D_layer_units_exponent_0': 10, 'D_layer_units_exponent_1': 4, 'D_layer_units_exponent_2': 8, 'D_layer_units_exponent_3': 10, 'D_layer_units_exponent_4': 10, 'D_layer_units_exponent_5': 9, 'D_layer_units_exponent_6': 5, 'log_learning_rate': -4.817094203915022, 'log_learning_rate_D': -1.6806117051796727, 'training_batch_size': 6, 'training_p': 3}
	 epoch  0 training error:  tensor(1.0222, device='cuda:0', grad_fn=<DivBackward0>)
	 epoch  0 test error:  tensor(0.0968, device='cuda:0', grad_fn=<DivBackward0>)
Memory status after this epoch: 
Memory allocated:  337.18212890625
Memory cached:  360.0
	 epoch  10 training error:  tensor(1.0000, device='cuda:0', grad_fn=<DivBackward0>)
	 epoch  10 test error:  tensor(0.0967, device='cuda:0', grad_fn=<DivBackward0>)
Memory status after this epoch: 
Memory allocated:  337.41650390625
Memory cached:  650.0
	 epoch  20 training error:  tensor(1.0000, device='cuda:0', grad_fn=<DivBackward0>)
	 epoch  20 test error:  tensor(0.0967, device='cuda:0', grad_fn=<DivBackward0>)
Memory status after this epoch: 
Memory allocated:  337.18212890625
Memory cached:  650.0
	 epoch  30 training error:  tensor(1.0000, device='cuda:0', grad_fn=<DivBackward0>)
	 epoch  30 test error:  tensor(0.0967, device='cuda:0', grad_fn=<DivBackward0>)
Memory status after this epoch: 
Memory allocated:  337.41650390625
Memory cached:  650.0
	 epoch  40 training error:  tensor(1.0000, device='cuda:0', grad_fn=<DivBackward0>)
	 epoch  40 test error:  tensor(0.0967, device='cuda:0', grad_fn=<DivBackward0>)
Memory status after this epoch: 
Memory allocated:  337.18212890625
Memory cached:  650.0
	 epoch  50 training error:  tensor(1.0000, device='cuda:0', grad_fn=<DivBackward0>)
	 epoch  50 test error:  tensor(0.0967, device='cuda:0', grad_fn=<DivBackward0>)
Memory status after this epoch: 
Memory allocated:  337.41650390625
Memory cached:  650.0
	 epoch  60 training error:  tensor(1.0000, device='cuda:0', grad_fn=<DivBackward0>)
	 epoch  60 test error:  tensor(0.0967, device='cuda:0', grad_fn=<DivBackward0>)
Memory status after this epoch: 
Memory allocated:  337.18212890625
Memory cached:  650.0
	 epoch  70 training error:  tensor(1.0000, device='cuda:0', grad_fn=<DivBackward0>)
	 epoch  70 test error:  tensor(0.0967, device='cuda:0', grad_fn=<DivBackward0>)
Memory status after this epoch: 
Memory allocated:  337.41650390625
Memory cached:  650.0
	 epoch  80 training error:  tensor(1.0000, device='cuda:0', grad_fn=<DivBackward0>)
	 epoch  80 test error:  tensor(0.0967, device='cuda:0', grad_fn=<DivBackward0>)
Memory status after this epoch: 
Memory allocated:  337.18212890625
Memory cached:  650.0
	 epoch  90 training error:  tensor(1.0000, device='cuda:0', grad_fn=<DivBackward0>)
	 epoch  90 test error:  tensor(0.0967, device='cuda:0', grad_fn=<DivBackward0>)
Memory status after this epoch: 
Memory allocated:  337.41650390625
Memory cached:  650.0
[I 2023-11-17 04:01:31,300] Trial 39 finished with value: 0.09674041718244553 and parameters: {'W_layers': 5, 'W_layer_units_exponent_0': 5, 'W_layer_units_exponent_1': 5, 'W_layer_units_exponent_2': 5, 'W_layer_units_exponent_3': 7, 'W_layer_units_exponent_4': 10, 'D_layers': 7, 'D_layer_units_exponent_0': 10, 'D_layer_units_exponent_1': 4, 'D_layer_units_exponent_2': 8, 'D_layer_units_exponent_3': 10, 'D_layer_units_exponent_4': 10, 'D_layer_units_exponent_5': 9, 'D_layer_units_exponent_6': 5, 'log_learning_rate': -4.817094203915022, 'log_learning_rate_D': -1.6806117051796727, 'training_batch_size': 6, 'training_p': 3}. Best is trial 14 with value: 0.09673155844211578.
Time for this trial:  314.21830797195435
Memory status after this trial: 
Memory allocated:  625.7822265625
Memory cached:  650.0
--------------------  Trial  40   --------------------
Start timing: 
Parameters: 
{'W_layers': 3, 'W_layer_units_exponent_0': 4, 'W_layer_units_exponent_1': 5, 'W_layer_units_exponent_2': 7, 'D_layers': 8, 'D_layer_units_exponent_0': 10, 'D_layer_units_exponent_1': 4, 'D_layer_units_exponent_2': 8, 'D_layer_units_exponent_3': 10, 'D_layer_units_exponent_4': 10, 'D_layer_units_exponent_5': 9, 'D_layer_units_exponent_6': 5, 'D_layer_units_exponent_7': 7, 'log_learning_rate': -4.767647765864714, 'log_learning_rate_D': -1.6371495583912392, 'training_batch_size': 6, 'training_p': 2}
	 epoch  0 training error:  tensor(1.0440, device='cuda:0', grad_fn=<DivBackward0>)
	 epoch  0 test error:  tensor(0.0968, device='cuda:0', grad_fn=<DivBackward0>)
Memory status after this epoch: 
Memory allocated:  285.20556640625
Memory cached:  308.0
	 epoch  10 training error:  tensor(1.0104, device='cuda:0', grad_fn=<DivBackward0>)
	 epoch  10 test error:  tensor(0.0968, device='cuda:0', grad_fn=<DivBackward0>)
Memory status after this epoch: 
Memory allocated:  285.53369140625
Memory cached:  548.0
	 epoch  20 training error:  tensor(1.0422, device='cuda:0', grad_fn=<DivBackward0>)
	 epoch  20 test error:  tensor(0.0971, device='cuda:0', grad_fn=<DivBackward0>)
Memory status after this epoch: 
Memory allocated:  285.20556640625
Memory cached:  548.0
	 epoch  30 training error:  tensor(1.0413, device='cuda:0', grad_fn=<DivBackward0>)
	 epoch  30 test error:  tensor(0.0971, device='cuda:0', grad_fn=<DivBackward0>)
Memory status after this epoch: 
Memory allocated:  285.11181640625
Memory cached:  548.0
	 epoch  40 training error:  tensor(1.0407, device='cuda:0', grad_fn=<DivBackward0>)
	 epoch  40 test error:  tensor(0.0971, device='cuda:0', grad_fn=<DivBackward0>)
Memory status after this epoch: 
Memory allocated:  285.20556640625
Memory cached:  548.0
	 epoch  50 training error:  tensor(1.0403, device='cuda:0', grad_fn=<DivBackward0>)
	 epoch  50 test error:  tensor(0.0971, device='cuda:0', grad_fn=<DivBackward0>)
Memory status after this epoch: 
Memory allocated:  285.11181640625
Memory cached:  548.0
	 epoch  60 training error:  tensor(1.0398, device='cuda:0', grad_fn=<DivBackward0>)
	 epoch  60 test error:  tensor(0.0971, device='cuda:0', grad_fn=<DivBackward0>)
Memory status after this epoch: 
Memory allocated:  285.20556640625
Memory cached:  548.0
	 epoch  70 training error:  tensor(1.0393, device='cuda:0', grad_fn=<DivBackward0>)
	 epoch  70 test error:  tensor(0.0971, device='cuda:0', grad_fn=<DivBackward0>)
Memory status after this epoch: 
Memory allocated:  285.11181640625
Memory cached:  548.0
	 epoch  80 training error:  tensor(1.0389, device='cuda:0', grad_fn=<DivBackward0>)
	 epoch  80 test error:  tensor(0.0971, device='cuda:0', grad_fn=<DivBackward0>)
Memory status after this epoch: 
Memory allocated:  285.20556640625
Memory cached:  548.0
	 epoch  90 training error:  tensor(1.0385, device='cuda:0', grad_fn=<DivBackward0>)
	 epoch  90 test error:  tensor(0.0971, device='cuda:0', grad_fn=<DivBackward0>)
Memory status after this epoch: 
Memory allocated:  285.11181640625
Memory cached:  548.0
[I 2023-11-17 04:06:26,184] Trial 40 finished with value: 0.09705126285552979 and parameters: {'W_layers': 3, 'W_layer_units_exponent_0': 4, 'W_layer_units_exponent_1': 5, 'W_layer_units_exponent_2': 7, 'D_layers': 8, 'D_layer_units_exponent_0': 10, 'D_layer_units_exponent_1': 4, 'D_layer_units_exponent_2': 8, 'D_layer_units_exponent_3': 10, 'D_layer_units_exponent_4': 10, 'D_layer_units_exponent_5': 9, 'D_layer_units_exponent_6': 5, 'D_layer_units_exponent_7': 7, 'log_learning_rate': -4.767647765864714, 'log_learning_rate_D': -1.6371495583912392, 'training_batch_size': 6, 'training_p': 2}. Best is trial 14 with value: 0.09673155844211578.
Time for this trial:  294.6046504974365
Memory status after this trial: 
Memory allocated:  523.9267578125
Memory cached:  548.0
--------------------  Trial  41   --------------------
Start timing: 
Parameters: 
{'W_layers': 5, 'W_layer_units_exponent_0': 5, 'W_layer_units_exponent_1': 5, 'W_layer_units_exponent_2': 5, 'W_layer_units_exponent_3': 7, 'W_layer_units_exponent_4': 10, 'D_layers': 7, 'D_layer_units_exponent_0': 10, 'D_layer_units_exponent_1': 4, 'D_layer_units_exponent_2': 9, 'D_layer_units_exponent_3': 10, 'D_layer_units_exponent_4': 10, 'D_layer_units_exponent_5': 9, 'D_layer_units_exponent_6': 5, 'log_learning_rate': -4.9707037248236565, 'log_learning_rate_D': -1.2811860088278653, 'training_batch_size': 6, 'training_p': 3}
	 epoch  0 training error:  tensor(0.9862, device='cuda:0', grad_fn=<DivBackward0>)
	 epoch  0 test error:  tensor(0.0967, device='cuda:0', grad_fn=<DivBackward0>)
Memory status after this epoch: 
Memory allocated:  355.20556640625
Memory cached:  390.0
	 epoch  10 training error:  tensor(0.9999, device='cuda:0', grad_fn=<DivBackward0>)
	 epoch  10 test error:  tensor(0.0967, device='cuda:0', grad_fn=<DivBackward0>)
Memory status after this epoch: 
Memory allocated:  355.25244140625
Memory cached:  694.0
	 epoch  20 training error:  tensor(0.9999, device='cuda:0', grad_fn=<DivBackward0>)
	 epoch  20 test error:  tensor(0.0967, device='cuda:0', grad_fn=<DivBackward0>)
Memory status after this epoch: 
Memory allocated:  355.20556640625
Memory cached:  694.0
	 epoch  30 training error:  tensor(0.9999, device='cuda:0', grad_fn=<DivBackward0>)
	 epoch  30 test error:  tensor(0.0967, device='cuda:0', grad_fn=<DivBackward0>)
Memory status after this epoch: 
Memory allocated:  355.25244140625
Memory cached:  694.0
	 epoch  40 training error:  tensor(0.9999, device='cuda:0', grad_fn=<DivBackward0>)
	 epoch  40 test error:  tensor(0.0967, device='cuda:0', grad_fn=<DivBackward0>)
Memory status after this epoch: 
Memory allocated:  355.20556640625
Memory cached:  694.0
	 epoch  50 training error:  tensor(0.9999, device='cuda:0', grad_fn=<DivBackward0>)
	 epoch  50 test error:  tensor(0.0967, device='cuda:0', grad_fn=<DivBackward0>)
Memory status after this epoch: 
Memory allocated:  355.25244140625
Memory cached:  694.0
	 epoch  60 training error:  tensor(0.9999, device='cuda:0', grad_fn=<DivBackward0>)
	 epoch  60 test error:  tensor(0.0967, device='cuda:0', grad_fn=<DivBackward0>)
Memory status after this epoch: 
Memory allocated:  355.20556640625
Memory cached:  694.0
	 epoch  70 training error:  tensor(0.9999, device='cuda:0', grad_fn=<DivBackward0>)
	 epoch  70 test error:  tensor(0.0967, device='cuda:0', grad_fn=<DivBackward0>)
Memory status after this epoch: 
Memory allocated:  355.25244140625
Memory cached:  694.0
	 epoch  80 training error:  tensor(0.9999, device='cuda:0', grad_fn=<DivBackward0>)
	 epoch  80 test error:  tensor(0.0967, device='cuda:0', grad_fn=<DivBackward0>)
Memory status after this epoch: 
Memory allocated:  355.20556640625
Memory cached:  694.0
	 epoch  90 training error:  tensor(0.9999, device='cuda:0', grad_fn=<DivBackward0>)
	 epoch  90 test error:  tensor(0.0967, device='cuda:0', grad_fn=<DivBackward0>)
Memory status after this epoch: 
Memory allocated:  355.25244140625
Memory cached:  694.0
[I 2023-11-17 04:11:41,690] Trial 41 finished with value: 0.09673517942428589 and parameters: {'W_layers': 5, 'W_layer_units_exponent_0': 5, 'W_layer_units_exponent_1': 5, 'W_layer_units_exponent_2': 5, 'W_layer_units_exponent_3': 7, 'W_layer_units_exponent_4': 10, 'D_layers': 7, 'D_layer_units_exponent_0': 10, 'D_layer_units_exponent_1': 4, 'D_layer_units_exponent_2': 9, 'D_layer_units_exponent_3': 10, 'D_layer_units_exponent_4': 10, 'D_layer_units_exponent_5': 9, 'D_layer_units_exponent_6': 5, 'log_learning_rate': -4.9707037248236565, 'log_learning_rate_D': -1.2811860088278653, 'training_batch_size': 6, 'training_p': 3}. Best is trial 14 with value: 0.09673155844211578.
Time for this trial:  315.2116746902466
Memory status after this trial: 
Memory allocated:  655.0263671875
Memory cached:  694.0
--------------------  Trial  42   --------------------
Start timing: 
Parameters: 
{'W_layers': 5, 'W_layer_units_exponent_0': 5, 'W_layer_units_exponent_1': 5, 'W_layer_units_exponent_2': 5, 'W_layer_units_exponent_3': 6, 'W_layer_units_exponent_4': 10, 'D_layers': 7, 'D_layer_units_exponent_0': 10, 'D_layer_units_exponent_1': 4, 'D_layer_units_exponent_2': 9, 'D_layer_units_exponent_3': 10, 'D_layer_units_exponent_4': 10, 'D_layer_units_exponent_5': 9, 'D_layer_units_exponent_6': 5, 'log_learning_rate': -4.862116775592357, 'log_learning_rate_D': -1.229667109698383, 'training_batch_size': 6, 'training_p': 2}
	 epoch  0 training error:  tensor(1.0714, device='cuda:0', grad_fn=<DivBackward0>)
	 epoch  0 test error:  tensor(0.0976, device='cuda:0', grad_fn=<DivBackward0>)
Memory status after this epoch: 
Memory allocated:  350.75634765625
Memory cached:  366.0
	 epoch  10 training error:  tensor(1.0376, device='cuda:0', grad_fn=<DivBackward0>)
	 epoch  10 test error:  tensor(0.0970, device='cuda:0', grad_fn=<DivBackward0>)
Memory status after this epoch: 
Memory allocated:  350.42822265625
Memory cached:  666.0
	 epoch  20 training error:  tensor(1.0111, device='cuda:0', grad_fn=<DivBackward0>)
	 epoch  20 test error:  tensor(0.0968, device='cuda:0', grad_fn=<DivBackward0>)
Memory status after this epoch: 
Memory allocated:  350.75634765625
Memory cached:  666.0
	 epoch  30 training error:  tensor(0.9896, device='cuda:0', grad_fn=<DivBackward0>)
	 epoch  30 test error:  tensor(0.0968, device='cuda:0', grad_fn=<DivBackward0>)
Memory status after this epoch: 
Memory allocated:  350.42822265625
Memory cached:  666.0
	 epoch  40 training error:  tensor(0.9716, device='cuda:0', grad_fn=<DivBackward0>)
	 epoch  40 test error:  tensor(0.0971, device='cuda:0', grad_fn=<DivBackward0>)
Memory status after this epoch: 
Memory allocated:  350.75634765625
Memory cached:  666.0
	 epoch  50 training error:  tensor(0.9573, device='cuda:0', grad_fn=<DivBackward0>)
	 epoch  50 test error:  tensor(0.0976, device='cuda:0', grad_fn=<DivBackward0>)
Memory status after this epoch: 
Memory allocated:  350.42822265625
Memory cached:  666.0
	 epoch  60 training error:  tensor(0.9464, device='cuda:0', grad_fn=<DivBackward0>)
	 epoch  60 test error:  tensor(0.0983, device='cuda:0', grad_fn=<DivBackward0>)
Memory status after this epoch: 
Memory allocated:  350.75634765625
Memory cached:  666.0
	 epoch  70 training error:  tensor(0.9464, device='cuda:0', grad_fn=<DivBackward0>)
	 epoch  70 test error:  tensor(0.0983, device='cuda:0', grad_fn=<DivBackward0>)
Memory status after this epoch: 
Memory allocated:  350.42822265625
Memory cached:  666.0
	 epoch  80 training error:  tensor(0.9461, device='cuda:0', grad_fn=<DivBackward0>)
	 epoch  80 test error:  tensor(0.0982, device='cuda:0', grad_fn=<DivBackward0>)
Memory status after this epoch: 
Memory allocated:  350.75634765625
Memory cached:  666.0
	 epoch  90 training error:  tensor(0.9464, device='cuda:0', grad_fn=<DivBackward0>)
	 epoch  90 test error:  tensor(0.0982, device='cuda:0', grad_fn=<DivBackward0>)
Memory status after this epoch: 
Memory allocated:  350.42822265625
Memory cached:  666.0
