[I 2023-11-16 15:59:34,582] Trial 26 finished with value: 0.008415766060352325 and parameters: {'W_layers': 5, 'W_layer_units_exponent_0': 7, 'W_layer_units_exponent_1': 5, 'W_layer_units_exponent_2': 8, 'W_layer_units_exponent_3': 6, 'W_layer_units_exponent_4': 9, 'D_layers': 6, 'D_layer_units_exponent_0': 5, 'D_layer_units_exponent_1': 8, 'D_layer_units_exponent_2': 5, 'D_layer_units_exponent_3': 4, 'D_layer_units_exponent_4': 6, 'D_layer_units_exponent_5': 10, 'log_learning_rate': -3.774817842451414, 'log_learning_rate_D': -2.391261198321584, 'training_batch_size': 7, 'training_p': 6}. Best is trial 9 with value: 0.007390871644020081.
Time for this trial:  155.64155888557434
Memory status after this trial: 
Memory allocated:  387.37255859375
Memory cached:  406.0
--------------------  Trial  27   --------------------
Start timing: 
Parameters: 
{'W_layers': 5, 'W_layer_units_exponent_0': 8, 'W_layer_units_exponent_1': 7, 'W_layer_units_exponent_2': 6, 'W_layer_units_exponent_3': 7, 'W_layer_units_exponent_4': 8, 'D_layers': 3, 'D_layer_units_exponent_0': 4, 'D_layer_units_exponent_1': 7, 'D_layer_units_exponent_2': 10, 'log_learning_rate': -2.921238525408517, 'log_learning_rate_D': -1.9436293646780614, 'training_batch_size': 10, 'training_p': 7}
	 epoch  0 training error:  tensor(1.7746, device='cuda:0', grad_fn=<DivBackward0>)
	 epoch  0 test error:  tensor(0.0847, device='cuda:0', grad_fn=<DivBackward0>)
Memory status after this epoch: 
Memory allocated:  174.97119140625
Memory cached:  234.0
	 epoch  10 training error:  tensor(0.4015, device='cuda:0', grad_fn=<DivBackward0>)
	 epoch  10 test error:  tensor(0.0107, device='cuda:0', grad_fn=<DivBackward0>)
Memory status after this epoch: 
Memory allocated:  175.06494140625
Memory cached:  362.0
	 epoch  20 training error:  tensor(0.3477, device='cuda:0', grad_fn=<DivBackward0>)
	 epoch  20 test error:  tensor(0.0093, device='cuda:0', grad_fn=<DivBackward0>)
Memory status after this epoch: 
Memory allocated:  174.97119140625
Memory cached:  362.0
	 epoch  30 training error:  tensor(0.3422, device='cuda:0', grad_fn=<DivBackward0>)
	 epoch  30 test error:  tensor(0.0080, device='cuda:0', grad_fn=<DivBackward0>)
Memory status after this epoch: 
Memory allocated:  175.06494140625
Memory cached:  362.0
	 epoch  40 training error:  tensor(0.3384, device='cuda:0', grad_fn=<DivBackward0>)
	 epoch  40 test error:  tensor(0.0087, device='cuda:0', grad_fn=<DivBackward0>)
Memory status after this epoch: 
Memory allocated:  174.97119140625
Memory cached:  362.0
	 epoch  50 training error:  tensor(0.3369, device='cuda:0', grad_fn=<DivBackward0>)
	 epoch  50 test error:  tensor(0.0088, device='cuda:0', grad_fn=<DivBackward0>)
Memory status after this epoch: 
Memory allocated:  175.06494140625
Memory cached:  362.0
	 epoch  60 training error:  tensor(0.3376, device='cuda:0', grad_fn=<DivBackward0>)
	 epoch  60 test error:  tensor(0.0085, device='cuda:0', grad_fn=<DivBackward0>)
Memory status after this epoch: 
Memory allocated:  174.97119140625
Memory cached:  362.0
	 epoch  70 training error:  tensor(0.3362, device='cuda:0', grad_fn=<DivBackward0>)
	 epoch  70 test error:  tensor(0.0084, device='cuda:0', grad_fn=<DivBackward0>)
Memory status after this epoch: 
Memory allocated:  175.06494140625
Memory cached:  362.0
	 epoch  80 training error:  tensor(0.3356, device='cuda:0', grad_fn=<DivBackward0>)
	 epoch  80 test error:  tensor(0.0085, device='cuda:0', grad_fn=<DivBackward0>)
Memory status after this epoch: 
Memory allocated:  174.97119140625
Memory cached:  364.0
	 epoch  90 training error:  tensor(0.3365, device='cuda:0', grad_fn=<DivBackward0>)
	 epoch  90 test error:  tensor(0.0082, device='cuda:0', grad_fn=<DivBackward0>)
Memory status after this epoch: 
Memory allocated:  175.06494140625
Memory cached:  364.0
[I 2023-11-16 16:01:43,670] Trial 27 finished with value: 0.008267379365861416 and parameters: {'W_layers': 5, 'W_layer_units_exponent_0': 8, 'W_layer_units_exponent_1': 7, 'W_layer_units_exponent_2': 6, 'W_layer_units_exponent_3': 7, 'W_layer_units_exponent_4': 8, 'D_layers': 3, 'D_layer_units_exponent_0': 4, 'D_layer_units_exponent_1': 7, 'D_layer_units_exponent_2': 10, 'log_learning_rate': -2.921238525408517, 'log_learning_rate_D': -1.9436293646780614, 'training_batch_size': 10, 'training_p': 7}. Best is trial 9 with value: 0.007390871644020081.
Time for this trial:  128.8432276248932
Memory status after this trial: 
Memory allocated:  343.74267578125
Memory cached:  364.0
--------------------  Trial  28   --------------------
Start timing: 
Parameters: 
{'W_layers': 3, 'W_layer_units_exponent_0': 9, 'W_layer_units_exponent_1': 9, 'W_layer_units_exponent_2': 4, 'D_layers': 7, 'D_layer_units_exponent_0': 9, 'D_layer_units_exponent_1': 9, 'D_layer_units_exponent_2': 5, 'D_layer_units_exponent_3': 9, 'D_layer_units_exponent_4': 8, 'D_layer_units_exponent_5': 7, 'D_layer_units_exponent_6': 8, 'log_learning_rate': -4.386379433941668, 'log_learning_rate_D': -2.509339935855367, 'training_batch_size': 9, 'training_p': 6}
	 epoch  0 training error:  tensor(1.5014, device='cuda:0', grad_fn=<DivBackward0>)
	 epoch  0 test error:  tensor(0.0339, device='cuda:0', grad_fn=<DivBackward0>)
Memory status after this epoch: 
Memory allocated:  249.53662109375
Memory cached:  268.0
	 epoch  10 training error:  tensor(0.6033, device='cuda:0', grad_fn=<DivBackward0>)
	 epoch  10 test error:  tensor(0.0099, device='cuda:0', grad_fn=<DivBackward0>)
Memory status after this epoch: 
Memory allocated:  249.44287109375
Memory cached:  504.0
	 epoch  20 training error:  tensor(0.4401, device='cuda:0', grad_fn=<DivBackward0>)
	 epoch  20 test error:  tensor(0.0180, device='cuda:0', grad_fn=<DivBackward0>)
Memory status after this epoch: 
Memory allocated:  249.53662109375
Memory cached:  504.0
	 epoch  30 training error:  tensor(0.4350, device='cuda:0', grad_fn=<DivBackward0>)
	 epoch  30 test error:  tensor(0.0081, device='cuda:0', grad_fn=<DivBackward0>)
Memory status after this epoch: 
Memory allocated:  249.44287109375
Memory cached:  504.0
	 epoch  40 training error:  tensor(0.3681, device='cuda:0', grad_fn=<DivBackward0>)
	 epoch  40 test error:  tensor(0.0073, device='cuda:0', grad_fn=<DivBackward0>)
Memory status after this epoch: 
Memory allocated:  249.53662109375
Memory cached:  504.0
	 epoch  50 training error:  tensor(0.3605, device='cuda:0', grad_fn=<DivBackward0>)
	 epoch  50 test error:  tensor(0.0080, device='cuda:0', grad_fn=<DivBackward0>)
Memory status after this epoch: 
Memory allocated:  249.44287109375
Memory cached:  504.0
	 epoch  60 training error:  tensor(0.3433, device='cuda:0', grad_fn=<DivBackward0>)
	 epoch  60 test error:  tensor(0.0079, device='cuda:0', grad_fn=<DivBackward0>)
Memory status after this epoch: 
Memory allocated:  249.53662109375
Memory cached:  506.0
	 epoch  70 training error:  tensor(0.3397, device='cuda:0', grad_fn=<DivBackward0>)
	 epoch  70 test error:  tensor(0.0077, device='cuda:0', grad_fn=<DivBackward0>)
Memory status after this epoch: 
Memory allocated:  249.44287109375
Memory cached:  504.0
	 epoch  80 training error:  tensor(0.3379, device='cuda:0', grad_fn=<DivBackward0>)
	 epoch  80 test error:  tensor(0.0074, device='cuda:0', grad_fn=<DivBackward0>)
Memory status after this epoch: 
Memory allocated:  249.53662109375
Memory cached:  504.0
	 epoch  90 training error:  tensor(0.3375, device='cuda:0', grad_fn=<DivBackward0>)
	 epoch  90 test error:  tensor(0.0074, device='cuda:0', grad_fn=<DivBackward0>)
Memory status after this epoch: 
Memory allocated:  249.44287109375
Memory cached:  506.0
[I 2023-11-16 16:04:16,331] Trial 28 finished with value: 0.007498519029468298 and parameters: {'W_layers': 3, 'W_layer_units_exponent_0': 9, 'W_layer_units_exponent_1': 9, 'W_layer_units_exponent_2': 4, 'D_layers': 7, 'D_layer_units_exponent_0': 9, 'D_layer_units_exponent_1': 9, 'D_layer_units_exponent_2': 5, 'D_layer_units_exponent_3': 9, 'D_layer_units_exponent_4': 8, 'D_layer_units_exponent_5': 7, 'D_layer_units_exponent_6': 8, 'log_learning_rate': -4.386379433941668, 'log_learning_rate_D': -2.509339935855367, 'training_batch_size': 9, 'training_p': 6}. Best is trial 9 with value: 0.007390871644020081.
Time for this trial:  152.39868783950806
Memory status after this trial: 
Memory allocated:  480.12353515625
Memory cached:  508.0
--------------------  Trial  29   --------------------
Start timing: 
Parameters: 
{'W_layers': 8, 'W_layer_units_exponent_0': 10, 'W_layer_units_exponent_1': 8, 'W_layer_units_exponent_2': 5, 'W_layer_units_exponent_3': 8, 'W_layer_units_exponent_4': 9, 'W_layer_units_exponent_5': 5, 'W_layer_units_exponent_6': 8, 'W_layer_units_exponent_7': 4, 'D_layers': 5, 'D_layer_units_exponent_0': 7, 'D_layer_units_exponent_1': 7, 'D_layer_units_exponent_2': 7, 'D_layer_units_exponent_3': 5, 'D_layer_units_exponent_4': 7, 'log_learning_rate': -4.036562682218396, 'log_learning_rate_D': -3.0437548758456643, 'training_batch_size': 12, 'training_p': 7}
	 epoch  0 training error:  tensor(0.9879, device='cuda:0', grad_fn=<DivBackward0>)
	 epoch  0 test error:  tensor(0.0267, device='cuda:0', grad_fn=<DivBackward0>)
Memory status after this epoch: 
Memory allocated:  228.93701171875
Memory cached:  288.0
	 epoch  10 training error:  tensor(0.4346, device='cuda:0', grad_fn=<DivBackward0>)
	 epoch  10 test error:  tensor(0.0097, device='cuda:0', grad_fn=<DivBackward0>)
Memory status after this epoch: 
Memory allocated:  229.03076171875
Memory cached:  466.0
	 epoch  20 training error:  tensor(0.3874, device='cuda:0', grad_fn=<DivBackward0>)
	 epoch  20 test error:  tensor(0.0092, device='cuda:0', grad_fn=<DivBackward0>)
Memory status after this epoch: 
Memory allocated:  228.93701171875
Memory cached:  466.0
	 epoch  30 training error:  tensor(0.3587, device='cuda:0', grad_fn=<DivBackward0>)
	 epoch  30 test error:  tensor(0.0080, device='cuda:0', grad_fn=<DivBackward0>)
Memory status after this epoch: 
Memory allocated:  229.03076171875
Memory cached:  466.0
	 epoch  40 training error:  tensor(0.3452, device='cuda:0', grad_fn=<DivBackward0>)
	 epoch  40 test error:  tensor(0.0075, device='cuda:0', grad_fn=<DivBackward0>)
Memory status after this epoch: 
Memory allocated:  228.93701171875
Memory cached:  466.0
	 epoch  50 training error:  tensor(0.3427, device='cuda:0', grad_fn=<DivBackward0>)
	 epoch  50 test error:  tensor(0.0078, device='cuda:0', grad_fn=<DivBackward0>)
Memory status after this epoch: 
Memory allocated:  229.03076171875
Memory cached:  466.0
	 epoch  60 training error:  tensor(0.3413, device='cuda:0', grad_fn=<DivBackward0>)
	 epoch  60 test error:  tensor(0.0082, device='cuda:0', grad_fn=<DivBackward0>)
Memory status after this epoch: 
Memory allocated:  228.93701171875
Memory cached:  466.0
	 epoch  70 training error:  tensor(0.3408, device='cuda:0', grad_fn=<DivBackward0>)
	 epoch  70 test error:  tensor(0.0083, device='cuda:0', grad_fn=<DivBackward0>)
Memory status after this epoch: 
Memory allocated:  229.03076171875
Memory cached:  466.0
	 epoch  80 training error:  tensor(0.3404, device='cuda:0', grad_fn=<DivBackward0>)
	 epoch  80 test error:  tensor(0.0084, device='cuda:0', grad_fn=<DivBackward0>)
Memory status after this epoch: 
Memory allocated:  228.93701171875
Memory cached:  466.0
	 epoch  90 training error:  tensor(0.3402, device='cuda:0', grad_fn=<DivBackward0>)
	 epoch  90 test error:  tensor(0.0084, device='cuda:0', grad_fn=<DivBackward0>)
Memory status after this epoch: 
Memory allocated:  229.03076171875
Memory cached:  468.0
[I 2023-11-16 16:07:10,688] Trial 29 finished with value: 0.008383153937757015 and parameters: {'W_layers': 8, 'W_layer_units_exponent_0': 10, 'W_layer_units_exponent_1': 8, 'W_layer_units_exponent_2': 5, 'W_layer_units_exponent_3': 8, 'W_layer_units_exponent_4': 9, 'W_layer_units_exponent_5': 5, 'W_layer_units_exponent_6': 8, 'W_layer_units_exponent_7': 4, 'D_layers': 5, 'D_layer_units_exponent_0': 7, 'D_layer_units_exponent_1': 7, 'D_layer_units_exponent_2': 7, 'D_layer_units_exponent_3': 5, 'D_layer_units_exponent_4': 7, 'log_learning_rate': -4.036562682218396, 'log_learning_rate_D': -3.0437548758456643, 'training_batch_size': 12, 'training_p': 7}. Best is trial 9 with value: 0.007390871644020081.
Time for this trial:  174.08592414855957
Memory status after this trial: 
Memory allocated:  445.56884765625
Memory cached:  468.0
--------------------  Trial  30   --------------------
Start timing: 
Parameters: 
{'W_layers': 8, 'W_layer_units_exponent_0': 7, 'W_layer_units_exponent_1': 4, 'W_layer_units_exponent_2': 8, 'W_layer_units_exponent_3': 5, 'W_layer_units_exponent_4': 10, 'W_layer_units_exponent_5': 8, 'W_layer_units_exponent_6': 6, 'W_layer_units_exponent_7': 10, 'D_layers': 5, 'D_layer_units_exponent_0': 10, 'D_layer_units_exponent_1': 6, 'D_layer_units_exponent_2': 8, 'D_layer_units_exponent_3': 10, 'D_layer_units_exponent_4': 9, 'log_learning_rate': -3.2284974746401436, 'log_learning_rate_D': -1.3495025132637766, 'training_batch_size': 9, 'training_p': 5}
	 epoch  0 training error:  tensor(0.6436, device='cuda:0', grad_fn=<DivBackward0>)
	 epoch  0 test error:  tensor(0.0349, device='cuda:0', grad_fn=<DivBackward0>)
Memory status after this epoch: 
Memory allocated:  386.662109375
Memory cached:  418.0
	 epoch  10 training error:  tensor(0.3676, device='cuda:0', grad_fn=<DivBackward0>)
	 epoch  10 test error:  tensor(0.0170, device='cuda:0', grad_fn=<DivBackward0>)
Memory status after this epoch: 
Memory allocated:  386.615234375
Memory cached:  762.0
	 epoch  20 training error:  tensor(0.3221, device='cuda:0', grad_fn=<DivBackward0>)
	 epoch  20 test error:  tensor(0.0076, device='cuda:0', grad_fn=<DivBackward0>)
Memory status after this epoch: 
Memory allocated:  386.568359375
Memory cached:  762.0
	 epoch  30 training error:  tensor(0.3221, device='cuda:0', grad_fn=<DivBackward0>)
	 epoch  30 test error:  tensor(0.0079, device='cuda:0', grad_fn=<DivBackward0>)
Memory status after this epoch: 
Memory allocated:  387.037109375
Memory cached:  762.0
	 epoch  40 training error:  tensor(0.3230, device='cuda:0', grad_fn=<DivBackward0>)
	 epoch  40 test error:  tensor(0.0081, device='cuda:0', grad_fn=<DivBackward0>)
Memory status after this epoch: 
Memory allocated:  386.099609375
Memory cached:  762.0
	 epoch  50 training error:  tensor(0.3193, device='cuda:0', grad_fn=<DivBackward0>)
	 epoch  50 test error:  tensor(0.0073, device='cuda:0', grad_fn=<DivBackward0>)
Memory status after this epoch: 
Memory allocated:  387.037109375
Memory cached:  762.0
	 epoch  60 training error:  tensor(0.3186, device='cuda:0', grad_fn=<DivBackward0>)
	 epoch  60 test error:  tensor(0.0078, device='cuda:0', grad_fn=<DivBackward0>)
Memory status after this epoch: 
Memory allocated:  386.099609375
Memory cached:  762.0
	 epoch  70 training error:  tensor(0.3185, device='cuda:0', grad_fn=<DivBackward0>)
	 epoch  70 test error:  tensor(0.0075, device='cuda:0', grad_fn=<DivBackward0>)
Memory status after this epoch: 
Memory allocated:  387.037109375
Memory cached:  762.0
	 epoch  80 training error:  tensor(0.3185, device='cuda:0', grad_fn=<DivBackward0>)
	 epoch  80 test error:  tensor(0.0077, device='cuda:0', grad_fn=<DivBackward0>)
Memory status after this epoch: 
Memory allocated:  386.099609375
Memory cached:  762.0
	 epoch  90 training error:  tensor(0.3185, device='cuda:0', grad_fn=<DivBackward0>)
	 epoch  90 test error:  tensor(0.0076, device='cuda:0', grad_fn=<DivBackward0>)
Memory status after this epoch: 
Memory allocated:  387.037109375
Memory cached:  762.0
[I 2023-11-16 16:10:20,264] Trial 30 finished with value: 0.007603061385452747 and parameters: {'W_layers': 8, 'W_layer_units_exponent_0': 7, 'W_layer_units_exponent_1': 4, 'W_layer_units_exponent_2': 8, 'W_layer_units_exponent_3': 5, 'W_layer_units_exponent_4': 10, 'W_layer_units_exponent_5': 8, 'W_layer_units_exponent_6': 6, 'W_layer_units_exponent_7': 10, 'D_layers': 5, 'D_layer_units_exponent_0': 10, 'D_layer_units_exponent_1': 6, 'D_layer_units_exponent_2': 8, 'D_layer_units_exponent_3': 10, 'D_layer_units_exponent_4': 9, 'log_learning_rate': -3.2284974746401436, 'log_learning_rate_D': -1.3495025132637766, 'training_batch_size': 9, 'training_p': 5}. Best is trial 9 with value: 0.007390871644020081.
Time for this trial:  189.2758891582489
Memory status after this trial: 
Memory allocated:  742.80810546875
Memory cached:  762.0
--------------------  Trial  31   --------------------
Start timing: 
Parameters: 
{'W_layers': 7, 'W_layer_units_exponent_0': 8, 'W_layer_units_exponent_1': 7, 'W_layer_units_exponent_2': 4, 'W_layer_units_exponent_3': 8, 'W_layer_units_exponent_4': 8, 'W_layer_units_exponent_5': 7, 'W_layer_units_exponent_6': 9, 'D_layers': 2, 'D_layer_units_exponent_0': 8, 'D_layer_units_exponent_1': 8, 'log_learning_rate': -3.65813119963954, 'log_learning_rate_D': -2.0297337177040804, 'training_batch_size': 10, 'training_p': 6}
	 epoch  0 training error:  tensor(0.5918, device='cuda:0', grad_fn=<DivBackward0>)
	 epoch  0 test error:  tensor(0.0142, device='cuda:0', grad_fn=<DivBackward0>)
Memory status after this epoch: 
Memory allocated:  180.0205078125
Memory cached:  218.0
	 epoch  10 training error:  tensor(0.3819, device='cuda:0', grad_fn=<DivBackward0>)
	 epoch  10 test error:  tensor(0.0082, device='cuda:0', grad_fn=<DivBackward0>)
Memory status after this epoch: 
Memory allocated:  179.1767578125
Memory cached:  372.0
	 epoch  20 training error:  tensor(0.3283, device='cuda:0', grad_fn=<DivBackward0>)
	 epoch  20 test error:  tensor(0.0081, device='cuda:0', grad_fn=<DivBackward0>)
Memory status after this epoch: 
Memory allocated:  180.0205078125
Memory cached:  372.0
	 epoch  30 training error:  tensor(0.3251, device='cuda:0', grad_fn=<DivBackward0>)
	 epoch  30 test error:  tensor(0.0087, device='cuda:0', grad_fn=<DivBackward0>)
Memory status after this epoch: 
Memory allocated:  179.1767578125
Memory cached:  372.0
	 epoch  40 training error:  tensor(0.3240, device='cuda:0', grad_fn=<DivBackward0>)
	 epoch  40 test error:  tensor(0.0081, device='cuda:0', grad_fn=<DivBackward0>)
Memory status after this epoch: 
Memory allocated:  180.0205078125
Memory cached:  372.0
	 epoch  50 training error:  tensor(0.3229, device='cuda:0', grad_fn=<DivBackward0>)
	 epoch  50 test error:  tensor(0.0084, device='cuda:0', grad_fn=<DivBackward0>)
Memory status after this epoch: 
Memory allocated:  179.1767578125
Memory cached:  372.0
	 epoch  60 training error:  tensor(0.3227, device='cuda:0', grad_fn=<DivBackward0>)
	 epoch  60 test error:  tensor(0.0084, device='cuda:0', grad_fn=<DivBackward0>)
Memory status after this epoch: 
Memory allocated:  180.0205078125
Memory cached:  374.0
	 epoch  70 training error:  tensor(0.3220, device='cuda:0', grad_fn=<DivBackward0>)
	 epoch  70 test error:  tensor(0.0083, device='cuda:0', grad_fn=<DivBackward0>)
Memory status after this epoch: 
Memory allocated:  179.1767578125
Memory cached:  374.0
	 epoch  80 training error:  tensor(0.3216, device='cuda:0', grad_fn=<DivBackward0>)
	 epoch  80 test error:  tensor(0.0084, device='cuda:0', grad_fn=<DivBackward0>)
Memory status after this epoch: 
Memory allocated:  180.0205078125
Memory cached:  372.0
	 epoch  90 training error:  tensor(0.3214, device='cuda:0', grad_fn=<DivBackward0>)
	 epoch  90 test error:  tensor(0.0084, device='cuda:0', grad_fn=<DivBackward0>)
Memory status after this epoch: 
Memory allocated:  179.1767578125
Memory cached:  372.0
