[I 2023-11-16 13:02:14,853] Trial 16 finished with value: 0.007982841692864895 and parameters: {'W_layers': 3, 'W_layer_units_exponent_0': 8, 'W_layer_units_exponent_1': 4, 'W_layer_units_exponent_2': 7, 'D_layers': 7, 'D_layer_units_exponent_0': 6, 'D_layer_units_exponent_1': 6, 'D_layer_units_exponent_2': 9, 'D_layer_units_exponent_3': 8, 'D_layer_units_exponent_4': 8, 'D_layer_units_exponent_5': 8, 'D_layer_units_exponent_6': 8, 'log_learning_rate': -2.882868513019054, 'log_learning_rate_D': -3.1391670742919757, 'training_batch_size': 8, 'training_p': 3}. Best is trial 10 with value: 0.007422677706927061.
Time for this trial:  154.04509115219116
Memory status after this trial: 
Memory allocated:  351.23095703125
Memory cached:  372.0
--------------------  Trial  17   --------------------
Start timing: 
Parameters: 
{'W_layers': 2, 'W_layer_units_exponent_0': 4, 'W_layer_units_exponent_1': 9, 'D_layers': 6, 'D_layer_units_exponent_0': 6, 'D_layer_units_exponent_1': 9, 'D_layer_units_exponent_2': 8, 'D_layer_units_exponent_3': 6, 'D_layer_units_exponent_4': 6, 'D_layer_units_exponent_5': 9, 'log_learning_rate': -2.1266391581806148, 'log_learning_rate_D': -2.933970433879197, 'training_batch_size': 8, 'training_p': 4}
	 epoch  0 training error:  tensor(6.7262, device='cuda:0', grad_fn=<DivBackward0>)
	 epoch  0 test error:  tensor(1.0587, device='cuda:0', grad_fn=<DivBackward0>)
Memory status after this epoch: 
Memory allocated:  175.0478515625
Memory cached:  214.0
	 epoch  10 training error:  tensor(0.9998, device='cuda:0', grad_fn=<DivBackward0>)
	 epoch  10 test error:  tensor(0.0443, device='cuda:0', grad_fn=<DivBackward0>)
Memory status after this epoch: 
Memory allocated:  174.9541015625
Memory cached:  362.0
	 epoch  20 training error:  tensor(0.9999, device='cuda:0', grad_fn=<DivBackward0>)
	 epoch  20 test error:  tensor(0.0443, device='cuda:0', grad_fn=<DivBackward0>)
Memory status after this epoch: 
Memory allocated:  175.0478515625
Memory cached:  362.0
	 epoch  30 training error:  tensor(1.0000, device='cuda:0', grad_fn=<DivBackward0>)
	 epoch  30 test error:  tensor(0.0443, device='cuda:0', grad_fn=<DivBackward0>)
Memory status after this epoch: 
Memory allocated:  174.9541015625
Memory cached:  362.0
	 epoch  40 training error:  tensor(1.0000, device='cuda:0', grad_fn=<DivBackward0>)
	 epoch  40 test error:  tensor(0.0443, device='cuda:0', grad_fn=<DivBackward0>)
Memory status after this epoch: 
Memory allocated:  175.0478515625
Memory cached:  362.0
	 epoch  50 training error:  tensor(1.0000, device='cuda:0', grad_fn=<DivBackward0>)
	 epoch  50 test error:  tensor(0.0443, device='cuda:0', grad_fn=<DivBackward0>)
Memory status after this epoch: 
Memory allocated:  174.9541015625
Memory cached:  362.0
	 epoch  60 training error:  tensor(1.0000, device='cuda:0', grad_fn=<DivBackward0>)
	 epoch  60 test error:  tensor(0.0443, device='cuda:0', grad_fn=<DivBackward0>)
Memory status after this epoch: 
Memory allocated:  175.0478515625
Memory cached:  364.0
	 epoch  70 training error:  tensor(1.0000, device='cuda:0', grad_fn=<DivBackward0>)
	 epoch  70 test error:  tensor(0.0443, device='cuda:0', grad_fn=<DivBackward0>)
Memory status after this epoch: 
Memory allocated:  174.9541015625
Memory cached:  366.0
	 epoch  80 training error:  tensor(1.0000, device='cuda:0', grad_fn=<DivBackward0>)
	 epoch  80 test error:  tensor(0.0443, device='cuda:0', grad_fn=<DivBackward0>)
Memory status after this epoch: 
Memory allocated:  175.0478515625
Memory cached:  364.0
	 epoch  90 training error:  tensor(1.0000, device='cuda:0', grad_fn=<DivBackward0>)
	 epoch  90 test error:  tensor(0.0443, device='cuda:0', grad_fn=<DivBackward0>)
Memory status after this epoch: 
Memory allocated:  174.9541015625
Memory cached:  362.0
[I 2023-11-16 13:04:33,914] Trial 17 finished with value: 0.044267404824495316 and parameters: {'W_layers': 2, 'W_layer_units_exponent_0': 4, 'W_layer_units_exponent_1': 9, 'D_layers': 6, 'D_layer_units_exponent_0': 6, 'D_layer_units_exponent_1': 9, 'D_layer_units_exponent_2': 8, 'D_layer_units_exponent_3': 6, 'D_layer_units_exponent_4': 6, 'D_layer_units_exponent_5': 9, 'log_learning_rate': -2.1266391581806148, 'log_learning_rate_D': -2.933970433879197, 'training_batch_size': 8, 'training_p': 4}. Best is trial 10 with value: 0.007422677706927061.
Time for this trial:  138.8488211631775
Memory status after this trial: 
Memory allocated:  343.49267578125
Memory cached:  362.0
--------------------  Trial  18   --------------------
Start timing: 
Parameters: 
{'W_layers': 3, 'W_layer_units_exponent_0': 5, 'W_layer_units_exponent_1': 6, 'W_layer_units_exponent_2': 6, 'D_layers': 4, 'D_layer_units_exponent_0': 7, 'D_layer_units_exponent_1': 8, 'D_layer_units_exponent_2': 10, 'D_layer_units_exponent_3': 10, 'log_learning_rate': -1.9063960880455406, 'log_learning_rate_D': -4.006954105690935, 'training_batch_size': 6, 'training_p': 5}
	 epoch  0 training error:  tensor(8.1526, device='cuda:0', grad_fn=<DivBackward0>)
	 epoch  0 test error:  tensor(0.6062, device='cuda:0', grad_fn=<DivBackward0>)
Memory status after this epoch: 
Memory allocated:  223.2412109375
Memory cached:  286.0
	 epoch  10 training error:  tensor(0.8679, device='cuda:0', grad_fn=<DivBackward0>)
	 epoch  10 test error:  tensor(0.0352, device='cuda:0', grad_fn=<DivBackward0>)
Memory status after this epoch: 
Memory allocated:  223.4755859375
Memory cached:  446.0
	 epoch  20 training error:  tensor(0.4295, device='cuda:0', grad_fn=<DivBackward0>)
	 epoch  20 test error:  tensor(0.0145, device='cuda:0', grad_fn=<DivBackward0>)
Memory status after this epoch: 
Memory allocated:  223.3349609375
Memory cached:  426.0
	 epoch  30 training error:  tensor(0.3726, device='cuda:0', grad_fn=<DivBackward0>)
	 epoch  30 test error:  tensor(0.0096, device='cuda:0', grad_fn=<DivBackward0>)
Memory status after this epoch: 
Memory allocated:  223.4755859375
Memory cached:  426.0
	 epoch  40 training error:  tensor(0.3225, device='cuda:0', grad_fn=<DivBackward0>)
	 epoch  40 test error:  tensor(0.0096, device='cuda:0', grad_fn=<DivBackward0>)
Memory status after this epoch: 
Memory allocated:  223.3349609375
Memory cached:  426.0
	 epoch  50 training error:  tensor(0.3647, device='cuda:0', grad_fn=<DivBackward0>)
	 epoch  50 test error:  tensor(0.0104, device='cuda:0', grad_fn=<DivBackward0>)
Memory status after this epoch: 
Memory allocated:  223.4755859375
Memory cached:  426.0
	 epoch  60 training error:  tensor(0.3361, device='cuda:0', grad_fn=<DivBackward0>)
	 epoch  60 test error:  tensor(0.0086, device='cuda:0', grad_fn=<DivBackward0>)
Memory status after this epoch: 
Memory allocated:  223.3349609375
Memory cached:  426.0
	 epoch  70 training error:  tensor(0.3205, device='cuda:0', grad_fn=<DivBackward0>)
	 epoch  70 test error:  tensor(0.0111, device='cuda:0', grad_fn=<DivBackward0>)
Memory status after this epoch: 
Memory allocated:  223.4755859375
Memory cached:  426.0
	 epoch  80 training error:  tensor(0.3509, device='cuda:0', grad_fn=<DivBackward0>)
	 epoch  80 test error:  tensor(0.0100, device='cuda:0', grad_fn=<DivBackward0>)
Memory status after this epoch: 
Memory allocated:  223.3349609375
Memory cached:  426.0
	 epoch  90 training error:  tensor(0.3322, device='cuda:0', grad_fn=<DivBackward0>)
	 epoch  90 test error:  tensor(0.0085, device='cuda:0', grad_fn=<DivBackward0>)
Memory status after this epoch: 
Memory allocated:  223.4755859375
Memory cached:  426.0
[I 2023-11-16 13:08:15,545] Trial 18 finished with value: 0.008642695844173431 and parameters: {'W_layers': 3, 'W_layer_units_exponent_0': 5, 'W_layer_units_exponent_1': 6, 'W_layer_units_exponent_2': 6, 'D_layers': 4, 'D_layer_units_exponent_0': 7, 'D_layer_units_exponent_1': 8, 'D_layer_units_exponent_2': 10, 'D_layer_units_exponent_3': 10, 'log_learning_rate': -1.9063960880455406, 'log_learning_rate_D': -4.006954105690935, 'training_batch_size': 6, 'training_p': 5}. Best is trial 10 with value: 0.007422677706927061.
Time for this trial:  221.40618467330933
Memory status after this trial: 
Memory allocated:  413.75439453125
Memory cached:  426.0
--------------------  Trial  19   --------------------
Start timing: 
Parameters: 
{'W_layers': 4, 'W_layer_units_exponent_0': 8, 'W_layer_units_exponent_1': 7, 'W_layer_units_exponent_2': 8, 'W_layer_units_exponent_3': 4, 'D_layers': 8, 'D_layer_units_exponent_0': 9, 'D_layer_units_exponent_1': 10, 'D_layer_units_exponent_2': 7, 'D_layer_units_exponent_3': 9, 'D_layer_units_exponent_4': 8, 'D_layer_units_exponent_5': 6, 'D_layer_units_exponent_6': 8, 'D_layer_units_exponent_7': 9, 'log_learning_rate': -2.823477445136427, 'log_learning_rate_D': -3.118411365863507, 'training_batch_size': 7, 'training_p': 3}
	 epoch  0 training error:  tensor(1.7757, device='cuda:0', grad_fn=<DivBackward0>)
	 epoch  0 test error:  tensor(0.4122, device='cuda:0', grad_fn=<DivBackward0>)
Memory status after this epoch: 
Memory allocated:  289.8349609375
Memory cached:  320.0
	 epoch  10 training error:  tensor(0.9904, device='cuda:0', grad_fn=<DivBackward0>)
	 epoch  10 test error:  tensor(0.0415, device='cuda:0', grad_fn=<DivBackward0>)
Memory status after this epoch: 
Memory allocated:  289.7412109375
Memory cached:  570.0
	 epoch  20 training error:  tensor(0.4086, device='cuda:0', grad_fn=<DivBackward0>)
	 epoch  20 test error:  tensor(0.0122, device='cuda:0', grad_fn=<DivBackward0>)
Memory status after this epoch: 
Memory allocated:  290.3037109375
Memory cached:  570.0
	 epoch  30 training error:  tensor(0.2569, device='cuda:0', grad_fn=<DivBackward0>)
	 epoch  30 test error:  tensor(0.0079, device='cuda:0', grad_fn=<DivBackward0>)
Memory status after this epoch: 
Memory allocated:  289.7412109375
Memory cached:  570.0
	 epoch  40 training error:  tensor(0.2443, device='cuda:0', grad_fn=<DivBackward0>)
	 epoch  40 test error:  tensor(0.0082, device='cuda:0', grad_fn=<DivBackward0>)
Memory status after this epoch: 
Memory allocated:  289.8349609375
Memory cached:  572.0
	 epoch  50 training error:  tensor(0.2428, device='cuda:0', grad_fn=<DivBackward0>)
	 epoch  50 test error:  tensor(0.0077, device='cuda:0', grad_fn=<DivBackward0>)
Memory status after this epoch: 
Memory allocated:  290.1162109375
Memory cached:  570.0
	 epoch  60 training error:  tensor(0.2415, device='cuda:0', grad_fn=<DivBackward0>)
	 epoch  60 test error:  tensor(0.0080, device='cuda:0', grad_fn=<DivBackward0>)
Memory status after this epoch: 
Memory allocated:  289.9287109375
Memory cached:  570.0
	 epoch  70 training error:  tensor(0.2408, device='cuda:0', grad_fn=<DivBackward0>)
	 epoch  70 test error:  tensor(0.0079, device='cuda:0', grad_fn=<DivBackward0>)
Memory status after this epoch: 
Memory allocated:  289.6474609375
Memory cached:  570.0
	 epoch  80 training error:  tensor(0.2399, device='cuda:0', grad_fn=<DivBackward0>)
	 epoch  80 test error:  tensor(0.0078, device='cuda:0', grad_fn=<DivBackward0>)
Memory status after this epoch: 
Memory allocated:  289.9287109375
Memory cached:  570.0
	 epoch  90 training error:  tensor(0.2395, device='cuda:0', grad_fn=<DivBackward0>)
	 epoch  90 test error:  tensor(0.0079, device='cuda:0', grad_fn=<DivBackward0>)
Memory status after this epoch: 
Memory allocated:  289.6474609375
Memory cached:  570.0
[I 2023-11-16 13:11:15,454] Trial 19 finished with value: 0.007878594100475311 and parameters: {'W_layers': 4, 'W_layer_units_exponent_0': 8, 'W_layer_units_exponent_1': 7, 'W_layer_units_exponent_2': 8, 'W_layer_units_exponent_3': 4, 'D_layers': 8, 'D_layer_units_exponent_0': 9, 'D_layer_units_exponent_1': 10, 'D_layer_units_exponent_2': 7, 'D_layer_units_exponent_3': 9, 'D_layer_units_exponent_4': 8, 'D_layer_units_exponent_5': 6, 'D_layer_units_exponent_6': 8, 'D_layer_units_exponent_7': 9, 'log_learning_rate': -2.823477445136427, 'log_learning_rate_D': -3.118411365863507, 'training_batch_size': 7, 'training_p': 3}. Best is trial 10 with value: 0.007422677706927061.
Time for this trial:  179.60816049575806
Memory status after this trial: 
Memory allocated:  552.76708984375
Memory cached:  572.0
--------------------  Trial  20   --------------------
Start timing: 
Parameters: 
{'W_layers': 2, 'W_layer_units_exponent_0': 6, 'W_layer_units_exponent_1': 10, 'D_layers': 5, 'D_layer_units_exponent_0': 9, 'D_layer_units_exponent_1': 7, 'D_layer_units_exponent_2': 9, 'D_layer_units_exponent_3': 6, 'D_layer_units_exponent_4': 9, 'log_learning_rate': -2.093455705683519, 'log_learning_rate_D': -2.436121764286713, 'training_batch_size': 11, 'training_p': 2}
	 epoch  0 training error:  tensor(3.6594, device='cuda:0', grad_fn=<DivBackward0>)
	 epoch  0 test error:  tensor(2.1285, device='cuda:0', grad_fn=<DivBackward0>)
Memory status after this epoch: 
Memory allocated:  218.9521484375
Memory cached:  258.0
	 epoch  10 training error:  tensor(1.0000, device='cuda:0', grad_fn=<DivBackward0>)
	 epoch  10 test error:  tensor(0.0443, device='cuda:0', grad_fn=<DivBackward0>)
Memory status after this epoch: 
Memory allocated:  218.7646484375
Memory cached:  450.0
	 epoch  20 training error:  tensor(1., device='cuda:0', grad_fn=<DivBackward0>)
	 epoch  20 test error:  tensor(0.0443, device='cuda:0', grad_fn=<DivBackward0>)
Memory status after this epoch: 
Memory allocated:  218.9521484375
Memory cached:  450.0
	 epoch  30 training error:  tensor(1., device='cuda:0', grad_fn=<DivBackward0>)
	 epoch  30 test error:  tensor(0.0443, device='cuda:0', grad_fn=<DivBackward0>)
Memory status after this epoch: 
Memory allocated:  218.7646484375
Memory cached:  450.0
	 epoch  40 training error:  tensor(1., device='cuda:0', grad_fn=<DivBackward0>)
	 epoch  40 test error:  tensor(0.0443, device='cuda:0', grad_fn=<DivBackward0>)
Memory status after this epoch: 
Memory allocated:  218.9521484375
Memory cached:  450.0
	 epoch  50 training error:  tensor(1., device='cuda:0', grad_fn=<DivBackward0>)
	 epoch  50 test error:  tensor(0.0443, device='cuda:0', grad_fn=<DivBackward0>)
Memory status after this epoch: 
Memory allocated:  218.7646484375
Memory cached:  450.0
	 epoch  60 training error:  tensor(1., device='cuda:0', grad_fn=<DivBackward0>)
	 epoch  60 test error:  tensor(0.0443, device='cuda:0', grad_fn=<DivBackward0>)
Memory status after this epoch: 
Memory allocated:  218.9521484375
Memory cached:  450.0
	 epoch  70 training error:  tensor(1., device='cuda:0', grad_fn=<DivBackward0>)
	 epoch  70 test error:  tensor(0.0443, device='cuda:0', grad_fn=<DivBackward0>)
Memory status after this epoch: 
Memory allocated:  218.7646484375
Memory cached:  450.0
	 epoch  80 training error:  tensor(1., device='cuda:0', grad_fn=<DivBackward0>)
	 epoch  80 test error:  tensor(0.0443, device='cuda:0', grad_fn=<DivBackward0>)
Memory status after this epoch: 
Memory allocated:  218.9521484375
Memory cached:  452.0
	 epoch  90 training error:  tensor(1., device='cuda:0', grad_fn=<DivBackward0>)
	 epoch  90 test error:  tensor(0.0443, device='cuda:0', grad_fn=<DivBackward0>)
Memory status after this epoch: 
Memory allocated:  218.7646484375
Memory cached:  452.0
[I 2023-11-16 13:13:30,622] Trial 20 finished with value: 0.04426875337958336 and parameters: {'W_layers': 2, 'W_layer_units_exponent_0': 6, 'W_layer_units_exponent_1': 10, 'D_layers': 5, 'D_layer_units_exponent_0': 9, 'D_layer_units_exponent_1': 7, 'D_layer_units_exponent_2': 9, 'D_layer_units_exponent_3': 6, 'D_layer_units_exponent_4': 9, 'log_learning_rate': -2.093455705683519, 'log_learning_rate_D': -2.436121764286713, 'training_batch_size': 11, 'training_p': 2}. Best is trial 10 with value: 0.007422677706927061.
Time for this trial:  134.9220404624939
Memory status after this trial: 
Memory allocated:  430.32861328125
Memory cached:  452.0
--------------------  Trial  21   --------------------
Start timing: 
Parameters: 
{'W_layers': 2, 'W_layer_units_exponent_0': 4, 'W_layer_units_exponent_1': 10, 'D_layers': 7, 'D_layer_units_exponent_0': 8, 'D_layer_units_exponent_1': 8, 'D_layer_units_exponent_2': 10, 'D_layer_units_exponent_3': 8, 'D_layer_units_exponent_4': 10, 'D_layer_units_exponent_5': 10, 'D_layer_units_exponent_6': 10, 'log_learning_rate': -2.441571526647154, 'log_learning_rate_D': -3.4043499503473, 'training_batch_size': 6, 'training_p': 2}
	 epoch  0 training error:  tensor(9.0988, device='cuda:0', grad_fn=<DivBackward0>)
	 epoch  0 test error:  tensor(2.3598, device='cuda:0', grad_fn=<DivBackward0>)
Memory status after this epoch: 
Memory allocated:  423.8544921875
Memory cached:  470.0
	 epoch  10 training error:  tensor(0.9984, device='cuda:0', grad_fn=<DivBackward0>)
	 epoch  10 test error:  tensor(0.0442, device='cuda:0', grad_fn=<DivBackward0>)
Memory status after this epoch: 
Memory allocated:  423.6201171875
Memory cached:  806.0
	 epoch  20 training error:  tensor(0.9965, device='cuda:0', grad_fn=<DivBackward0>)
	 epoch  20 test error:  tensor(0.0441, device='cuda:0', grad_fn=<DivBackward0>)
Memory status after this epoch: 
Memory allocated:  423.7607421875
Memory cached:  806.0
	 epoch  30 training error:  tensor(0.9965, device='cuda:0', grad_fn=<DivBackward0>)
	 epoch  30 test error:  tensor(0.0441, device='cuda:0', grad_fn=<DivBackward0>)
Memory status after this epoch: 
Memory allocated:  424.0419921875
Memory cached:  806.0
	 epoch  40 training error:  tensor(0.9964, device='cuda:0', grad_fn=<DivBackward0>)
	 epoch  40 test error:  tensor(0.0441, device='cuda:0', grad_fn=<DivBackward0>)
Memory status after this epoch: 
Memory allocated:  423.8076171875
Memory cached:  806.0
	 epoch  50 training error:  tensor(0.9964, device='cuda:0', grad_fn=<DivBackward0>)
	 epoch  50 test error:  tensor(0.0441, device='cuda:0', grad_fn=<DivBackward0>)
Memory status after this epoch: 
Memory allocated:  424.0419921875
Memory cached:  806.0
	 epoch  60 training error:  tensor(0.9963, device='cuda:0', grad_fn=<DivBackward0>)
	 epoch  60 test error:  tensor(0.0441, device='cuda:0', grad_fn=<DivBackward0>)
Memory status after this epoch: 
Memory allocated:  423.8076171875
Memory cached:  806.0
	 epoch  70 training error:  tensor(0.9963, device='cuda:0', grad_fn=<DivBackward0>)
	 epoch  70 test error:  tensor(0.0441, device='cuda:0', grad_fn=<DivBackward0>)
Memory status after this epoch: 
Memory allocated:  424.0419921875
Memory cached:  806.0
	 epoch  80 training error:  tensor(0.9962, device='cuda:0', grad_fn=<DivBackward0>)
	 epoch  80 test error:  tensor(0.0441, device='cuda:0', grad_fn=<DivBackward0>)
Memory status after this epoch: 
Memory allocated:  423.8076171875
Memory cached:  806.0
	 epoch  90 training error:  tensor(0.9961, device='cuda:0', grad_fn=<DivBackward0>)
	 epoch  90 test error:  tensor(0.0441, device='cuda:0', grad_fn=<DivBackward0>)
Memory status after this epoch: 
Memory allocated:  423.5732421875
Memory cached:  806.0
