[I 2023-11-16 02:18:44,100] Trial 27 finished with value: 0.03956032171845436 and parameters: {'W_layers': 5, 'W_layer_units_exponent_0': 8, 'W_layer_units_exponent_1': 6, 'W_layer_units_exponent_2': 5, 'W_layer_units_exponent_3': 7, 'W_layer_units_exponent_4': 10, 'D_layers': 4, 'D_layer_units_exponent_0': 9, 'D_layer_units_exponent_1': 8, 'D_layer_units_exponent_2': 9, 'D_layer_units_exponent_3': 8, 'log_learning_rate': -2.6094199970142595, 'log_learning_rate_D': -4.083039706302247, 'training_batch_size': 9, 'training_p': 3}. Best is trial 22 with value: 0.03143644332885742.
Time for this trial:  151.7421989440918
Memory status after this trial: 
Memory allocated:  936.66650390625
Memory cached:  950.0
--------------------  Trial  28   --------------------
Start timing: 
Parameters: 
{'W_layers': 4, 'W_layer_units_exponent_0': 5, 'W_layer_units_exponent_1': 7, 'W_layer_units_exponent_2': 4, 'W_layer_units_exponent_3': 8, 'D_layers': 6, 'D_layer_units_exponent_0': 8, 'D_layer_units_exponent_1': 9, 'D_layer_units_exponent_2': 6, 'D_layer_units_exponent_3': 10, 'D_layer_units_exponent_4': 4, 'D_layer_units_exponent_5': 6, 'log_learning_rate': -3.236268107844477, 'log_learning_rate_D': -4.341411950368733, 'training_batch_size': 11, 'training_p': 7}
	 epoch  0 training error:  tensor(4.8257, device='cuda:0', grad_fn=<DivBackward0>)
	 epoch  0 test error:  tensor(0.3267, device='cuda:0', grad_fn=<DivBackward0>)
Memory status after this epoch: 
Memory allocated:  449.94580078125
Memory cached:  718.0
	 epoch  10 training error:  tensor(0.8714, device='cuda:0', grad_fn=<DivBackward0>)
	 epoch  10 test error:  tensor(0.0795, device='cuda:0', grad_fn=<DivBackward0>)
Memory status after this epoch: 
Memory allocated:  448.44580078125
Memory cached:  870.0
	 epoch  20 training error:  tensor(0.9164, device='cuda:0', grad_fn=<DivBackward0>)
	 epoch  20 test error:  tensor(0.0858, device='cuda:0', grad_fn=<DivBackward0>)
Memory status after this epoch: 
Memory allocated:  449.94580078125
Memory cached:  870.0
	 epoch  30 training error:  tensor(0.8714, device='cuda:0', grad_fn=<DivBackward0>)
	 epoch  30 test error:  tensor(0.0679, device='cuda:0', grad_fn=<DivBackward0>)
Memory status after this epoch: 
Memory allocated:  448.44580078125
Memory cached:  870.0
	 epoch  40 training error:  tensor(0.8204, device='cuda:0', grad_fn=<DivBackward0>)
	 epoch  40 test error:  tensor(0.0719, device='cuda:0', grad_fn=<DivBackward0>)
Memory status after this epoch: 
Memory allocated:  449.94580078125
Memory cached:  870.0
	 epoch  50 training error:  tensor(0.7660, device='cuda:0', grad_fn=<DivBackward0>)
	 epoch  50 test error:  tensor(0.0634, device='cuda:0', grad_fn=<DivBackward0>)
Memory status after this epoch: 
Memory allocated:  448.44580078125
Memory cached:  870.0
	 epoch  60 training error:  tensor(0.5731, device='cuda:0', grad_fn=<DivBackward0>)
	 epoch  60 test error:  tensor(0.0462, device='cuda:0', grad_fn=<DivBackward0>)
Memory status after this epoch: 
Memory allocated:  449.94580078125
Memory cached:  870.0
	 epoch  70 training error:  tensor(0.3923, device='cuda:0', grad_fn=<DivBackward0>)
	 epoch  70 test error:  tensor(0.0334, device='cuda:0', grad_fn=<DivBackward0>)
Memory status after this epoch: 
Memory allocated:  448.44580078125
Memory cached:  870.0
	 epoch  80 training error:  tensor(0.3570, device='cuda:0', grad_fn=<DivBackward0>)
	 epoch  80 test error:  tensor(0.0332, device='cuda:0', grad_fn=<DivBackward0>)
Memory status after this epoch: 
Memory allocated:  449.94580078125
Memory cached:  870.0
	 epoch  90 training error:  tensor(0.3518, device='cuda:0', grad_fn=<DivBackward0>)
	 epoch  90 test error:  tensor(0.0322, device='cuda:0', grad_fn=<DivBackward0>)
Memory status after this epoch: 
Memory allocated:  448.44580078125
Memory cached:  870.0
[I 2023-11-16 02:21:19,354] Trial 28 finished with value: 0.03203121945261955 and parameters: {'W_layers': 4, 'W_layer_units_exponent_0': 5, 'W_layer_units_exponent_1': 7, 'W_layer_units_exponent_2': 4, 'W_layer_units_exponent_3': 8, 'D_layers': 6, 'D_layer_units_exponent_0': 8, 'D_layer_units_exponent_1': 9, 'D_layer_units_exponent_2': 6, 'D_layer_units_exponent_3': 10, 'D_layer_units_exponent_4': 4, 'D_layer_units_exponent_5': 6, 'log_learning_rate': -3.236268107844477, 'log_learning_rate_D': -4.341411950368733, 'training_batch_size': 11, 'training_p': 7}. Best is trial 22 with value: 0.03143644332885742.
Time for this trial:  154.97911405563354
Memory status after this trial: 
Memory allocated:  862.91650390625
Memory cached:  870.0
--------------------  Trial  29   --------------------
Start timing: 
Parameters: 
{'W_layers': 3, 'W_layer_units_exponent_0': 6, 'W_layer_units_exponent_1': 9, 'W_layer_units_exponent_2': 7, 'D_layers': 5, 'D_layer_units_exponent_0': 7, 'D_layer_units_exponent_1': 7, 'D_layer_units_exponent_2': 8, 'D_layer_units_exponent_3': 9, 'D_layer_units_exponent_4': 8, 'log_learning_rate': -3.6315021620903134, 'log_learning_rate_D': -3.9946690909585127, 'training_batch_size': 8, 'training_p': 6}
	 epoch  0 training error:  tensor(3.0186, device='cuda:0', grad_fn=<DivBackward0>)
	 epoch  0 test error:  tensor(0.6521, device='cuda:0', grad_fn=<DivBackward0>)
Memory status after this epoch: 
Memory allocated:  430.2626953125
Memory cached:  700.0
	 epoch  10 training error:  tensor(3.1700, device='cuda:0', grad_fn=<DivBackward0>)
	 epoch  10 test error:  tensor(0.3248, device='cuda:0', grad_fn=<DivBackward0>)
Memory status after this epoch: 
Memory allocated:  431.7626953125
Memory cached:  832.0
	 epoch  20 training error:  tensor(1.4322, device='cuda:0', grad_fn=<DivBackward0>)
	 epoch  20 test error:  tensor(0.1979, device='cuda:0', grad_fn=<DivBackward0>)
Memory status after this epoch: 
Memory allocated:  430.2626953125
Memory cached:  834.0
	 epoch  30 training error:  tensor(0.4316, device='cuda:0', grad_fn=<DivBackward0>)
	 epoch  30 test error:  tensor(0.0818, device='cuda:0', grad_fn=<DivBackward0>)
Memory status after this epoch: 
Memory allocated:  431.7626953125
Memory cached:  832.0
	 epoch  40 training error:  tensor(0.6749, device='cuda:0', grad_fn=<DivBackward0>)
	 epoch  40 test error:  tensor(0.0762, device='cuda:0', grad_fn=<DivBackward0>)
Memory status after this epoch: 
Memory allocated:  430.2626953125
Memory cached:  832.0
	 epoch  50 training error:  tensor(0.5736, device='cuda:0', grad_fn=<DivBackward0>)
	 epoch  50 test error:  tensor(0.0326, device='cuda:0', grad_fn=<DivBackward0>)
Memory status after this epoch: 
Memory allocated:  431.7626953125
Memory cached:  832.0
	 epoch  60 training error:  tensor(0.4376, device='cuda:0', grad_fn=<DivBackward0>)
	 epoch  60 test error:  tensor(0.0322, device='cuda:0', grad_fn=<DivBackward0>)
Memory status after this epoch: 
Memory allocated:  430.2626953125
Memory cached:  832.0
	 epoch  70 training error:  tensor(0.3508, device='cuda:0', grad_fn=<DivBackward0>)
	 epoch  70 test error:  tensor(0.0350, device='cuda:0', grad_fn=<DivBackward0>)
Memory status after this epoch: 
Memory allocated:  431.7626953125
Memory cached:  834.0
	 epoch  80 training error:  tensor(0.3559, device='cuda:0', grad_fn=<DivBackward0>)
	 epoch  80 test error:  tensor(0.0316, device='cuda:0', grad_fn=<DivBackward0>)
Memory status after this epoch: 
Memory allocated:  430.2626953125
Memory cached:  834.0
	 epoch  90 training error:  tensor(0.3482, device='cuda:0', grad_fn=<DivBackward0>)
	 epoch  90 test error:  tensor(0.0318, device='cuda:0', grad_fn=<DivBackward0>)
Memory status after this epoch: 
Memory allocated:  431.7626953125
Memory cached:  836.0
[I 2023-11-16 02:23:35,089] Trial 29 finished with value: 0.03213350102305412 and parameters: {'W_layers': 3, 'W_layer_units_exponent_0': 6, 'W_layer_units_exponent_1': 9, 'W_layer_units_exponent_2': 7, 'D_layers': 5, 'D_layer_units_exponent_0': 7, 'D_layer_units_exponent_1': 7, 'D_layer_units_exponent_2': 8, 'D_layer_units_exponent_3': 9, 'D_layer_units_exponent_4': 8, 'log_learning_rate': -3.6315021620903134, 'log_learning_rate_D': -3.9946690909585127, 'training_batch_size': 8, 'training_p': 6}. Best is trial 22 with value: 0.03143644332885742.
Time for this trial:  135.48040390014648
Memory status after this trial: 
Memory allocated:  823.07861328125
Memory cached:  838.0
--------------------  Trial  30   --------------------
Start timing: 
Parameters: 
{'W_layers': 2, 'W_layer_units_exponent_0': 7, 'W_layer_units_exponent_1': 8, 'D_layers': 4, 'D_layer_units_exponent_0': 8, 'D_layer_units_exponent_1': 8, 'D_layer_units_exponent_2': 6, 'D_layer_units_exponent_3': 8, 'log_learning_rate': -3.086404664142946, 'log_learning_rate_D': -4.571811580974336, 'training_batch_size': 9, 'training_p': 8}
	 epoch  0 training error:  tensor(5.0108, device='cuda:0', grad_fn=<DivBackward0>)
	 epoch  0 test error:  tensor(1.2232, device='cuda:0', grad_fn=<DivBackward0>)
Memory status after this epoch: 
Memory allocated:  386.73046875
Memory cached:  656.0
	 epoch  10 training error:  tensor(2.1844, device='cuda:0', grad_fn=<DivBackward0>)
	 epoch  10 test error:  tensor(0.1585, device='cuda:0', grad_fn=<DivBackward0>)
Memory status after this epoch: 
Memory allocated:  385.23046875
Memory cached:  746.0
	 epoch  20 training error:  tensor(1.1728, device='cuda:0', grad_fn=<DivBackward0>)
	 epoch  20 test error:  tensor(0.0683, device='cuda:0', grad_fn=<DivBackward0>)
Memory status after this epoch: 
Memory allocated:  386.73046875
Memory cached:  746.0
	 epoch  30 training error:  tensor(0.8639, device='cuda:0', grad_fn=<DivBackward0>)
	 epoch  30 test error:  tensor(0.0912, device='cuda:0', grad_fn=<DivBackward0>)
Memory status after this epoch: 
Memory allocated:  385.23046875
Memory cached:  746.0
	 epoch  40 training error:  tensor(0.7833, device='cuda:0', grad_fn=<DivBackward0>)
	 epoch  40 test error:  tensor(0.0657, device='cuda:0', grad_fn=<DivBackward0>)
Memory status after this epoch: 
Memory allocated:  386.73046875
Memory cached:  746.0
	 epoch  50 training error:  tensor(0.7521, device='cuda:0', grad_fn=<DivBackward0>)
	 epoch  50 test error:  tensor(0.0708, device='cuda:0', grad_fn=<DivBackward0>)
Memory status after this epoch: 
Memory allocated:  385.23046875
Memory cached:  746.0
	 epoch  60 training error:  tensor(0.6807, device='cuda:0', grad_fn=<DivBackward0>)
	 epoch  60 test error:  tensor(0.0567, device='cuda:0', grad_fn=<DivBackward0>)
Memory status after this epoch: 
Memory allocated:  386.73046875
Memory cached:  746.0
	 epoch  70 training error:  tensor(0.5161, device='cuda:0', grad_fn=<DivBackward0>)
	 epoch  70 test error:  tensor(0.0428, device='cuda:0', grad_fn=<DivBackward0>)
Memory status after this epoch: 
Memory allocated:  385.23046875
Memory cached:  746.0
	 epoch  80 training error:  tensor(0.4190, device='cuda:0', grad_fn=<DivBackward0>)
	 epoch  80 test error:  tensor(0.0357, device='cuda:0', grad_fn=<DivBackward0>)
Memory status after this epoch: 
Memory allocated:  386.73046875
Memory cached:  746.0
	 epoch  90 training error:  tensor(0.3869, device='cuda:0', grad_fn=<DivBackward0>)
	 epoch  90 test error:  tensor(0.0337, device='cuda:0', grad_fn=<DivBackward0>)
Memory status after this epoch: 
Memory allocated:  385.23046875
Memory cached:  746.0
[I 2023-11-16 02:25:29,612] Trial 30 finished with value: 0.0332481674849987 and parameters: {'W_layers': 2, 'W_layer_units_exponent_0': 7, 'W_layer_units_exponent_1': 8, 'D_layers': 4, 'D_layer_units_exponent_0': 8, 'D_layer_units_exponent_1': 8, 'D_layer_units_exponent_2': 6, 'D_layer_units_exponent_3': 8, 'log_learning_rate': -3.086404664142946, 'log_learning_rate_D': -4.571811580974336, 'training_batch_size': 9, 'training_p': 8}. Best is trial 22 with value: 0.03143644332885742.
Time for this trial:  114.29515528678894
Memory status after this trial: 
Memory allocated:  739.39794921875
Memory cached:  746.0
--------------------  Trial  31   --------------------
Start timing: 
Parameters: 
{'W_layers': 5, 'W_layer_units_exponent_0': 6, 'W_layer_units_exponent_1': 7, 'W_layer_units_exponent_2': 7, 'W_layer_units_exponent_3': 8, 'W_layer_units_exponent_4': 7, 'D_layers': 3, 'D_layer_units_exponent_0': 7, 'D_layer_units_exponent_1': 7, 'D_layer_units_exponent_2': 9, 'log_learning_rate': -3.4289468228236433, 'log_learning_rate_D': -4.281305415464758, 'training_batch_size': 9, 'training_p': 8}
	 epoch  0 training error:  tensor(1.5677, device='cuda:0', grad_fn=<DivBackward0>)
	 epoch  0 test error:  tensor(0.3111, device='cuda:0', grad_fn=<DivBackward0>)
Memory status after this epoch: 
Memory allocated:  399.5634765625
Memory cached:  670.0
	 epoch  10 training error:  tensor(1.1732, device='cuda:0', grad_fn=<DivBackward0>)
	 epoch  10 test error:  tensor(0.1176, device='cuda:0', grad_fn=<DivBackward0>)
Memory status after this epoch: 
Memory allocated:  401.0634765625
Memory cached:  774.0
	 epoch  20 training error:  tensor(0.6911, device='cuda:0', grad_fn=<DivBackward0>)
	 epoch  20 test error:  tensor(0.0597, device='cuda:0', grad_fn=<DivBackward0>)
Memory status after this epoch: 
Memory allocated:  399.5634765625
Memory cached:  776.0
	 epoch  30 training error:  tensor(0.4254, device='cuda:0', grad_fn=<DivBackward0>)
	 epoch  30 test error:  tensor(0.0374, device='cuda:0', grad_fn=<DivBackward0>)
Memory status after this epoch: 
Memory allocated:  401.0634765625
Memory cached:  774.0
	 epoch  40 training error:  tensor(0.4292, device='cuda:0', grad_fn=<DivBackward0>)
	 epoch  40 test error:  tensor(0.0343, device='cuda:0', grad_fn=<DivBackward0>)
Memory status after this epoch: 
Memory allocated:  399.5634765625
Memory cached:  776.0
	 epoch  50 training error:  tensor(0.3779, device='cuda:0', grad_fn=<DivBackward0>)
	 epoch  50 test error:  tensor(0.0333, device='cuda:0', grad_fn=<DivBackward0>)
Memory status after this epoch: 
Memory allocated:  401.0634765625
Memory cached:  776.0
	 epoch  60 training error:  tensor(0.3555, device='cuda:0', grad_fn=<DivBackward0>)
	 epoch  60 test error:  tensor(0.0325, device='cuda:0', grad_fn=<DivBackward0>)
Memory status after this epoch: 
Memory allocated:  399.5634765625
Memory cached:  776.0
	 epoch  70 training error:  tensor(0.3442, device='cuda:0', grad_fn=<DivBackward0>)
	 epoch  70 test error:  tensor(0.0313, device='cuda:0', grad_fn=<DivBackward0>)
Memory status after this epoch: 
Memory allocated:  401.0634765625
Memory cached:  776.0
	 epoch  80 training error:  tensor(0.3390, device='cuda:0', grad_fn=<DivBackward0>)
	 epoch  80 test error:  tensor(0.0316, device='cuda:0', grad_fn=<DivBackward0>)
Memory status after this epoch: 
Memory allocated:  399.5634765625
Memory cached:  776.0
	 epoch  90 training error:  tensor(0.3361, device='cuda:0', grad_fn=<DivBackward0>)
	 epoch  90 test error:  tensor(0.0317, device='cuda:0', grad_fn=<DivBackward0>)
Memory status after this epoch: 
Memory allocated:  401.0634765625
Memory cached:  776.0
[I 2023-11-16 02:27:42,008] Trial 31 finished with value: 0.03158950433135033 and parameters: {'W_layers': 5, 'W_layer_units_exponent_0': 6, 'W_layer_units_exponent_1': 7, 'W_layer_units_exponent_2': 7, 'W_layer_units_exponent_3': 8, 'W_layer_units_exponent_4': 7, 'D_layers': 3, 'D_layer_units_exponent_0': 7, 'D_layer_units_exponent_1': 7, 'D_layer_units_exponent_2': 9, 'log_learning_rate': -3.4289468228236433, 'log_learning_rate_D': -4.281305415464758, 'training_batch_size': 9, 'training_p': 8}. Best is trial 22 with value: 0.03143644332885742.
Time for this trial:  132.1467342376709
Memory status after this trial: 
Memory allocated:  767.12353515625
Memory cached:  776.0
--------------------  Trial  32   --------------------
Start timing: 
Parameters: 
{'W_layers': 4, 'W_layer_units_exponent_0': 6, 'W_layer_units_exponent_1': 7, 'W_layer_units_exponent_2': 7, 'W_layer_units_exponent_3': 8, 'D_layers': 4, 'D_layer_units_exponent_0': 7, 'D_layer_units_exponent_1': 6, 'D_layer_units_exponent_2': 8, 'D_layer_units_exponent_3': 9, 'log_learning_rate': -3.807090520019483, 'log_learning_rate_D': -4.191816278854154, 'training_batch_size': 8, 'training_p': 8}
	 epoch  0 training error:  tensor(2.9494, device='cuda:0', grad_fn=<DivBackward0>)
	 epoch  0 test error:  tensor(0.1659, device='cuda:0', grad_fn=<DivBackward0>)
Memory status after this epoch: 
Memory allocated:  405.0078125
Memory cached:  674.0
	 epoch  10 training error:  tensor(0.8418, device='cuda:0', grad_fn=<DivBackward0>)
	 epoch  10 test error:  tensor(0.0642, device='cuda:0', grad_fn=<DivBackward0>)
Memory status after this epoch: 
Memory allocated:  403.5078125
Memory cached:  782.0
	 epoch  20 training error:  tensor(0.7231, device='cuda:0', grad_fn=<DivBackward0>)
	 epoch  20 test error:  tensor(0.0577, device='cuda:0', grad_fn=<DivBackward0>)
Memory status after this epoch: 
Memory allocated:  405.0078125
Memory cached:  782.0
	 epoch  30 training error:  tensor(0.4906, device='cuda:0', grad_fn=<DivBackward0>)
	 epoch  30 test error:  tensor(0.0407, device='cuda:0', grad_fn=<DivBackward0>)
Memory status after this epoch: 
Memory allocated:  403.5078125
Memory cached:  782.0
	 epoch  40 training error:  tensor(0.3900, device='cuda:0', grad_fn=<DivBackward0>)
	 epoch  40 test error:  tensor(0.0351, device='cuda:0', grad_fn=<DivBackward0>)
Memory status after this epoch: 
Memory allocated:  405.0078125
Memory cached:  782.0
	 epoch  50 training error:  tensor(0.3521, device='cuda:0', grad_fn=<DivBackward0>)
	 epoch  50 test error:  tensor(0.0333, device='cuda:0', grad_fn=<DivBackward0>)
Memory status after this epoch: 
Memory allocated:  403.5078125
Memory cached:  782.0
	 epoch  60 training error:  tensor(0.3432, device='cuda:0', grad_fn=<DivBackward0>)
	 epoch  60 test error:  tensor(0.0315, device='cuda:0', grad_fn=<DivBackward0>)
Memory status after this epoch: 
Memory allocated:  405.0078125
Memory cached:  782.0
	 epoch  70 training error:  tensor(0.3389, device='cuda:0', grad_fn=<DivBackward0>)
	 epoch  70 test error:  tensor(0.0316, device='cuda:0', grad_fn=<DivBackward0>)
Memory status after this epoch: 
Memory allocated:  403.5078125
Memory cached:  782.0
	 epoch  80 training error:  tensor(0.3357, device='cuda:0', grad_fn=<DivBackward0>)
	 epoch  80 test error:  tensor(0.0314, device='cuda:0', grad_fn=<DivBackward0>)
Memory status after this epoch: 
Memory allocated:  405.0078125
Memory cached:  784.0
	 epoch  90 training error:  tensor(0.3334, device='cuda:0', grad_fn=<DivBackward0>)
	 epoch  90 test error:  tensor(0.0316, device='cuda:0', grad_fn=<DivBackward0>)
Memory status after this epoch: 
Memory allocated:  403.5078125
Memory cached:  786.0
