[I 2023-11-10 16:30:04,955] Trial 41 finished with value: 0.038020193576812744 and parameters: {'W_layers': 2, 'W_layer_units_exponent_0': 7, 'W_layer_units_exponent_1': 10, 'D_layers': 7, 'D_layer_units_exponent_0': 10, 'D_layer_units_exponent_1': 8, 'D_layer_units_exponent_2': 8, 'D_layer_units_exponent_3': 5, 'D_layer_units_exponent_4': 9, 'D_layer_units_exponent_5': 7, 'D_layer_units_exponent_6': 6, 'log_learning_rate': -4.230855929906987, 'log_learning_rate_D': -4.7133398355092915, 'training_batch_size': 12, 'training_p': 8}. Best is trial 34 with value: 0.03669334203004837.
Time for this trial:  153.76034116744995
Memory status after this trial: 
Memory allocated:  876.44580078125
Memory cached:  898.0
--------------------  Trial  42   --------------------
Start timing: 
Parameters: 
{'W_layers': 3, 'W_layer_units_exponent_0': 7, 'W_layer_units_exponent_1': 10, 'W_layer_units_exponent_2': 4, 'D_layers': 6, 'D_layer_units_exponent_0': 10, 'D_layer_units_exponent_1': 8, 'D_layer_units_exponent_2': 9, 'D_layer_units_exponent_3': 5, 'D_layer_units_exponent_4': 10, 'D_layer_units_exponent_5': 5, 'log_learning_rate': -4.486775304600444, 'log_learning_rate_D': -4.729757368095556, 'training_batch_size': 11, 'training_p': 8}
	 epoch  0 training error:  tensor(6.7898, device='cuda:0', grad_fn=<DivBackward0>)
	 epoch  0 test error:  tensor(0.5043, device='cuda:0', grad_fn=<DivBackward0>)
Memory status after this epoch: 
Memory allocated:  488.193359375
Memory cached:  734.0
	 epoch  10 training error:  tensor(2.1332, device='cuda:0', grad_fn=<DivBackward0>)
	 epoch  10 test error:  tensor(0.1378, device='cuda:0', grad_fn=<DivBackward0>)
Memory status after this epoch: 
Memory allocated:  483.552734375
Memory cached:  960.0
	 epoch  20 training error:  tensor(0.9384, device='cuda:0', grad_fn=<DivBackward0>)
	 epoch  20 test error:  tensor(0.0687, device='cuda:0', grad_fn=<DivBackward0>)
Memory status after this epoch: 
Memory allocated:  488.193359375
Memory cached:  960.0
	 epoch  30 training error:  tensor(1.0289, device='cuda:0', grad_fn=<DivBackward0>)
	 epoch  30 test error:  tensor(0.0720, device='cuda:0', grad_fn=<DivBackward0>)
Memory status after this epoch: 
Memory allocated:  483.552734375
Memory cached:  960.0
	 epoch  40 training error:  tensor(0.7744, device='cuda:0', grad_fn=<DivBackward0>)
	 epoch  40 test error:  tensor(0.0546, device='cuda:0', grad_fn=<DivBackward0>)
Memory status after this epoch: 
Memory allocated:  488.193359375
Memory cached:  960.0
	 epoch  50 training error:  tensor(0.5666, device='cuda:0', grad_fn=<DivBackward0>)
	 epoch  50 test error:  tensor(0.0411, device='cuda:0', grad_fn=<DivBackward0>)
Memory status after this epoch: 
Memory allocated:  483.552734375
Memory cached:  960.0
	 epoch  60 training error:  tensor(0.5574, device='cuda:0', grad_fn=<DivBackward0>)
	 epoch  60 test error:  tensor(0.0388, device='cuda:0', grad_fn=<DivBackward0>)
Memory status after this epoch: 
Memory allocated:  488.193359375
Memory cached:  960.0
	 epoch  70 training error:  tensor(0.5244, device='cuda:0', grad_fn=<DivBackward0>)
	 epoch  70 test error:  tensor(0.0373, device='cuda:0', grad_fn=<DivBackward0>)
Memory status after this epoch: 
Memory allocated:  483.552734375
Memory cached:  960.0
	 epoch  80 training error:  tensor(0.5041, device='cuda:0', grad_fn=<DivBackward0>)
	 epoch  80 test error:  tensor(0.0372, device='cuda:0', grad_fn=<DivBackward0>)
Memory status after this epoch: 
Memory allocated:  488.193359375
Memory cached:  960.0
	 epoch  90 training error:  tensor(0.4884, device='cuda:0', grad_fn=<DivBackward0>)
	 epoch  90 test error:  tensor(0.0368, device='cuda:0', grad_fn=<DivBackward0>)
Memory status after this epoch: 
Memory allocated:  483.552734375
Memory cached:  960.0
[I 2023-11-10 16:32:42,210] Trial 42 finished with value: 0.03710871934890747 and parameters: {'W_layers': 3, 'W_layer_units_exponent_0': 7, 'W_layer_units_exponent_1': 10, 'W_layer_units_exponent_2': 4, 'D_layers': 6, 'D_layer_units_exponent_0': 10, 'D_layer_units_exponent_1': 8, 'D_layer_units_exponent_2': 9, 'D_layer_units_exponent_3': 5, 'D_layer_units_exponent_4': 10, 'D_layer_units_exponent_5': 5, 'log_learning_rate': -4.486775304600444, 'log_learning_rate_D': -4.729757368095556, 'training_batch_size': 11, 'training_p': 8}. Best is trial 34 with value: 0.03669334203004837.
Time for this trial:  156.9634566307068
Memory status after this trial: 
Memory allocated:  943.28759765625
Memory cached:  960.0
--------------------  Trial  43   --------------------
Start timing: 
Parameters: 
{'W_layers': 3, 'W_layer_units_exponent_0': 7, 'W_layer_units_exponent_1': 10, 'W_layer_units_exponent_2': 4, 'D_layers': 6, 'D_layer_units_exponent_0': 9, 'D_layer_units_exponent_1': 7, 'D_layer_units_exponent_2': 9, 'D_layer_units_exponent_3': 4, 'D_layer_units_exponent_4': 10, 'D_layer_units_exponent_5': 5, 'log_learning_rate': -4.507658476166652, 'log_learning_rate_D': -4.992622364021095, 'training_batch_size': 11, 'training_p': 8}
	 epoch  0 training error:  tensor(2.5642, device='cuda:0', grad_fn=<DivBackward0>)
	 epoch  0 test error:  tensor(0.1084, device='cuda:0', grad_fn=<DivBackward0>)
Memory status after this epoch: 
Memory allocated:  444.6376953125
Memory cached:  696.0
	 epoch  10 training error:  tensor(0.9733, device='cuda:0', grad_fn=<DivBackward0>)
	 epoch  10 test error:  tensor(0.0851, device='cuda:0', grad_fn=<DivBackward0>)
Memory status after this epoch: 
Memory allocated:  449.2783203125
Memory cached:  886.0
	 epoch  20 training error:  tensor(1.0316, device='cuda:0', grad_fn=<DivBackward0>)
	 epoch  20 test error:  tensor(0.0809, device='cuda:0', grad_fn=<DivBackward0>)
Memory status after this epoch: 
Memory allocated:  444.6376953125
Memory cached:  886.0
	 epoch  30 training error:  tensor(0.9424, device='cuda:0', grad_fn=<DivBackward0>)
	 epoch  30 test error:  tensor(0.0701, device='cuda:0', grad_fn=<DivBackward0>)
Memory status after this epoch: 
Memory allocated:  449.2783203125
Memory cached:  886.0
	 epoch  40 training error:  tensor(0.9106, device='cuda:0', grad_fn=<DivBackward0>)
	 epoch  40 test error:  tensor(0.0682, device='cuda:0', grad_fn=<DivBackward0>)
Memory status after this epoch: 
Memory allocated:  444.6376953125
Memory cached:  886.0
	 epoch  50 training error:  tensor(0.8398, device='cuda:0', grad_fn=<DivBackward0>)
	 epoch  50 test error:  tensor(0.0630, device='cuda:0', grad_fn=<DivBackward0>)
Memory status after this epoch: 
Memory allocated:  449.2783203125
Memory cached:  886.0
	 epoch  60 training error:  tensor(0.7210, device='cuda:0', grad_fn=<DivBackward0>)
	 epoch  60 test error:  tensor(0.0543, device='cuda:0', grad_fn=<DivBackward0>)
Memory status after this epoch: 
Memory allocated:  444.6376953125
Memory cached:  886.0
	 epoch  70 training error:  tensor(0.5923, device='cuda:0', grad_fn=<DivBackward0>)
	 epoch  70 test error:  tensor(0.0425, device='cuda:0', grad_fn=<DivBackward0>)
Memory status after this epoch: 
Memory allocated:  449.2783203125
Memory cached:  886.0
	 epoch  80 training error:  tensor(0.5750, device='cuda:0', grad_fn=<DivBackward0>)
	 epoch  80 test error:  tensor(0.0396, device='cuda:0', grad_fn=<DivBackward0>)
Memory status after this epoch: 
Memory allocated:  444.6376953125
Memory cached:  886.0
	 epoch  90 training error:  tensor(0.5682, device='cuda:0', grad_fn=<DivBackward0>)
	 epoch  90 test error:  tensor(0.0393, device='cuda:0', grad_fn=<DivBackward0>)
Memory status after this epoch: 
Memory allocated:  449.2783203125
Memory cached:  886.0
[I 2023-11-10 16:35:15,781] Trial 43 finished with value: 0.03959256410598755 and parameters: {'W_layers': 3, 'W_layer_units_exponent_0': 7, 'W_layer_units_exponent_1': 10, 'W_layer_units_exponent_2': 4, 'D_layers': 6, 'D_layer_units_exponent_0': 9, 'D_layer_units_exponent_1': 7, 'D_layer_units_exponent_2': 9, 'D_layer_units_exponent_3': 4, 'D_layer_units_exponent_4': 10, 'D_layer_units_exponent_5': 5, 'log_learning_rate': -4.507658476166652, 'log_learning_rate_D': -4.992622364021095, 'training_batch_size': 11, 'training_p': 8}. Best is trial 34 with value: 0.03669334203004837.
Time for this trial:  153.29135966300964
Memory status after this trial: 
Memory allocated:  872.05810546875
Memory cached:  886.0
--------------------  Trial  44   --------------------
Start timing: 
Parameters: 
{'W_layers': 3, 'W_layer_units_exponent_0': 7, 'W_layer_units_exponent_1': 9, 'W_layer_units_exponent_2': 4, 'D_layers': 5, 'D_layer_units_exponent_0': 10, 'D_layer_units_exponent_1': 8, 'D_layer_units_exponent_2': 9, 'D_layer_units_exponent_3': 5, 'D_layer_units_exponent_4': 10, 'log_learning_rate': -4.741324095077432, 'log_learning_rate_D': -4.5383540567252805, 'training_batch_size': 11, 'training_p': 7}
	 epoch  0 training error:  tensor(1.0728, device='cuda:0', grad_fn=<DivBackward0>)
	 epoch  0 test error:  tensor(0.0723, device='cuda:0', grad_fn=<DivBackward0>)
Memory status after this epoch: 
Memory allocated:  457.53662109375
Memory cached:  704.0
	 epoch  10 training error:  tensor(0.9554, device='cuda:0', grad_fn=<DivBackward0>)
	 epoch  10 test error:  tensor(0.0689, device='cuda:0', grad_fn=<DivBackward0>)
Memory status after this epoch: 
Memory allocated:  452.89599609375
Memory cached:  900.0
	 epoch  20 training error:  tensor(0.8721, device='cuda:0', grad_fn=<DivBackward0>)
	 epoch  20 test error:  tensor(0.0633, device='cuda:0', grad_fn=<DivBackward0>)
Memory status after this epoch: 
Memory allocated:  457.53662109375
Memory cached:  900.0
	 epoch  30 training error:  tensor(0.6894, device='cuda:0', grad_fn=<DivBackward0>)
	 epoch  30 test error:  tensor(0.0499, device='cuda:0', grad_fn=<DivBackward0>)
Memory status after this epoch: 
Memory allocated:  452.89599609375
Memory cached:  900.0
	 epoch  40 training error:  tensor(0.5695, device='cuda:0', grad_fn=<DivBackward0>)
	 epoch  40 test error:  tensor(0.0389, device='cuda:0', grad_fn=<DivBackward0>)
Memory status after this epoch: 
Memory allocated:  457.53662109375
Memory cached:  902.0
	 epoch  50 training error:  tensor(0.5059, device='cuda:0', grad_fn=<DivBackward0>)
	 epoch  50 test error:  tensor(0.0375, device='cuda:0', grad_fn=<DivBackward0>)
Memory status after this epoch: 
Memory allocated:  452.89599609375
Memory cached:  904.0
	 epoch  60 training error:  tensor(0.4892, device='cuda:0', grad_fn=<DivBackward0>)
	 epoch  60 test error:  tensor(0.0391, device='cuda:0', grad_fn=<DivBackward0>)
Memory status after this epoch: 
Memory allocated:  457.53662109375
Memory cached:  906.0
	 epoch  70 training error:  tensor(0.4784, device='cuda:0', grad_fn=<DivBackward0>)
	 epoch  70 test error:  tensor(0.0379, device='cuda:0', grad_fn=<DivBackward0>)
Memory status after this epoch: 
Memory allocated:  452.89599609375
Memory cached:  904.0
	 epoch  80 training error:  tensor(0.4722, device='cuda:0', grad_fn=<DivBackward0>)
	 epoch  80 test error:  tensor(0.0390, device='cuda:0', grad_fn=<DivBackward0>)
Memory status after this epoch: 
Memory allocated:  457.53662109375
Memory cached:  904.0
	 epoch  90 training error:  tensor(0.4679, device='cuda:0', grad_fn=<DivBackward0>)
	 epoch  90 test error:  tensor(0.0388, device='cuda:0', grad_fn=<DivBackward0>)
Memory status after this epoch: 
Memory allocated:  452.89599609375
Memory cached:  904.0
[I 2023-11-10 16:37:42,384] Trial 44 finished with value: 0.03865819424390793 and parameters: {'W_layers': 3, 'W_layer_units_exponent_0': 7, 'W_layer_units_exponent_1': 9, 'W_layer_units_exponent_2': 4, 'D_layers': 5, 'D_layer_units_exponent_0': 10, 'D_layer_units_exponent_1': 8, 'D_layer_units_exponent_2': 9, 'D_layer_units_exponent_3': 5, 'D_layer_units_exponent_4': 10, 'log_learning_rate': -4.741324095077432, 'log_learning_rate_D': -4.5383540567252805, 'training_batch_size': 11, 'training_p': 7}. Best is trial 34 with value: 0.03669334203004837.
Time for this trial:  146.33091115951538
Memory status after this trial: 
Memory allocated:  884.40576171875
Memory cached:  904.0
--------------------  Trial  45   --------------------
Start timing: 
Parameters: 
{'W_layers': 4, 'W_layer_units_exponent_0': 8, 'W_layer_units_exponent_1': 8, 'W_layer_units_exponent_2': 5, 'W_layer_units_exponent_3': 5, 'D_layers': 6, 'D_layer_units_exponent_0': 9, 'D_layer_units_exponent_1': 7, 'D_layer_units_exponent_2': 10, 'D_layer_units_exponent_3': 6, 'D_layer_units_exponent_4': 10, 'D_layer_units_exponent_5': 4, 'log_learning_rate': -4.444327242369921, 'log_learning_rate_D': -4.396465574386677, 'training_batch_size': 10, 'training_p': 8}
	 epoch  0 training error:  tensor(2.4653, device='cuda:0', grad_fn=<DivBackward0>)
	 epoch  0 test error:  tensor(0.1591, device='cuda:0', grad_fn=<DivBackward0>)
Memory status after this epoch: 
Memory allocated:  442.88427734375
Memory cached:  694.0
	 epoch  10 training error:  tensor(1.1636, device='cuda:0', grad_fn=<DivBackward0>)
	 epoch  10 test error:  tensor(0.0809, device='cuda:0', grad_fn=<DivBackward0>)
Memory status after this epoch: 
Memory allocated:  447.52490234375
Memory cached:  882.0
	 epoch  20 training error:  tensor(0.9644, device='cuda:0', grad_fn=<DivBackward0>)
	 epoch  20 test error:  tensor(0.0780, device='cuda:0', grad_fn=<DivBackward0>)
Memory status after this epoch: 
Memory allocated:  442.88427734375
Memory cached:  882.0
	 epoch  30 training error:  tensor(0.9763, device='cuda:0', grad_fn=<DivBackward0>)
	 epoch  30 test error:  tensor(0.0686, device='cuda:0', grad_fn=<DivBackward0>)
Memory status after this epoch: 
Memory allocated:  447.52490234375
Memory cached:  882.0
	 epoch  40 training error:  tensor(0.8443, device='cuda:0', grad_fn=<DivBackward0>)
	 epoch  40 test error:  tensor(0.0612, device='cuda:0', grad_fn=<DivBackward0>)
Memory status after this epoch: 
Memory allocated:  442.88427734375
Memory cached:  882.0
	 epoch  50 training error:  tensor(0.6268, device='cuda:0', grad_fn=<DivBackward0>)
	 epoch  50 test error:  tensor(0.0457, device='cuda:0', grad_fn=<DivBackward0>)
Memory status after this epoch: 
Memory allocated:  447.52490234375
Memory cached:  882.0
	 epoch  60 training error:  tensor(0.5112, device='cuda:0', grad_fn=<DivBackward0>)
	 epoch  60 test error:  tensor(0.0366, device='cuda:0', grad_fn=<DivBackward0>)
Memory status after this epoch: 
Memory allocated:  442.88427734375
Memory cached:  884.0
	 epoch  70 training error:  tensor(0.4783, device='cuda:0', grad_fn=<DivBackward0>)
	 epoch  70 test error:  tensor(0.0373, device='cuda:0', grad_fn=<DivBackward0>)
Memory status after this epoch: 
Memory allocated:  447.52490234375
Memory cached:  884.0
	 epoch  80 training error:  tensor(0.4631, device='cuda:0', grad_fn=<DivBackward0>)
	 epoch  80 test error:  tensor(0.0398, device='cuda:0', grad_fn=<DivBackward0>)
Memory status after this epoch: 
Memory allocated:  442.88427734375
Memory cached:  884.0
	 epoch  90 training error:  tensor(0.4550, device='cuda:0', grad_fn=<DivBackward0>)
	 epoch  90 test error:  tensor(0.0383, device='cuda:0', grad_fn=<DivBackward0>)
Memory status after this epoch: 
Memory allocated:  447.52490234375
Memory cached:  884.0
[I 2023-11-10 16:40:23,897] Trial 45 finished with value: 0.038827646523714066 and parameters: {'W_layers': 4, 'W_layer_units_exponent_0': 8, 'W_layer_units_exponent_1': 8, 'W_layer_units_exponent_2': 5, 'W_layer_units_exponent_3': 5, 'D_layers': 6, 'D_layer_units_exponent_0': 9, 'D_layer_units_exponent_1': 7, 'D_layer_units_exponent_2': 10, 'D_layer_units_exponent_3': 6, 'D_layer_units_exponent_4': 10, 'D_layer_units_exponent_5': 4, 'log_learning_rate': -4.444327242369921, 'log_learning_rate_D': -4.396465574386677, 'training_batch_size': 10, 'training_p': 8}. Best is trial 34 with value: 0.03669334203004837.
Time for this trial:  161.22587728500366
Memory status after this trial: 
Memory allocated:  866.64404296875
Memory cached:  884.0
--------------------  Trial  46   --------------------
Start timing: 
Parameters: 
{'W_layers': 3, 'W_layer_units_exponent_0': 8, 'W_layer_units_exponent_1': 10, 'W_layer_units_exponent_2': 4, 'D_layers': 4, 'D_layer_units_exponent_0': 10, 'D_layer_units_exponent_1': 9, 'D_layer_units_exponent_2': 9, 'D_layer_units_exponent_3': 4, 'log_learning_rate': -4.148129311873918, 'log_learning_rate_D': -4.070492923216092, 'training_batch_size': 11, 'training_p': 7}
	 epoch  0 training error:  tensor(2.1593, device='cuda:0', grad_fn=<DivBackward0>)
	 epoch  0 test error:  tensor(0.2416, device='cuda:0', grad_fn=<DivBackward0>)
Memory status after this epoch: 
Memory allocated:  459.11181640625
Memory cached:  698.0
	 epoch  10 training error:  tensor(0.5876, device='cuda:0', grad_fn=<DivBackward0>)
	 epoch  10 test error:  tensor(0.0463, device='cuda:0', grad_fn=<DivBackward0>)
Memory status after this epoch: 
Memory allocated:  454.42431640625
Memory cached:  902.0
	 epoch  20 training error:  tensor(0.5219, device='cuda:0', grad_fn=<DivBackward0>)
	 epoch  20 test error:  tensor(0.0408, device='cuda:0', grad_fn=<DivBackward0>)
Memory status after this epoch: 
Memory allocated:  459.58056640625
Memory cached:  902.0
	 epoch  30 training error:  tensor(0.5011, device='cuda:0', grad_fn=<DivBackward0>)
	 epoch  30 test error:  tensor(0.0391, device='cuda:0', grad_fn=<DivBackward0>)
Memory status after this epoch: 
Memory allocated:  454.89306640625
Memory cached:  886.0
	 epoch  40 training error:  tensor(0.4684, device='cuda:0', grad_fn=<DivBackward0>)
	 epoch  40 test error:  tensor(0.0368, device='cuda:0', grad_fn=<DivBackward0>)
Memory status after this epoch: 
Memory allocated:  459.58056640625
Memory cached:  886.0
	 epoch  50 training error:  tensor(0.4647, device='cuda:0', grad_fn=<DivBackward0>)
	 epoch  50 test error:  tensor(0.0380, device='cuda:0', grad_fn=<DivBackward0>)
Memory status after this epoch: 
Memory allocated:  454.89306640625
Memory cached:  886.0
	 epoch  60 training error:  tensor(0.4626, device='cuda:0', grad_fn=<DivBackward0>)
	 epoch  60 test error:  tensor(0.0394, device='cuda:0', grad_fn=<DivBackward0>)
Memory status after this epoch: 
Memory allocated:  459.58056640625
Memory cached:  886.0
	 epoch  70 training error:  tensor(0.4619, device='cuda:0', grad_fn=<DivBackward0>)
	 epoch  70 test error:  tensor(0.0385, device='cuda:0', grad_fn=<DivBackward0>)
Memory status after this epoch: 
Memory allocated:  454.89306640625
Memory cached:  886.0
	 epoch  80 training error:  tensor(0.4607, device='cuda:0', grad_fn=<DivBackward0>)
	 epoch  80 test error:  tensor(0.0387, device='cuda:0', grad_fn=<DivBackward0>)
Memory status after this epoch: 
Memory allocated:  459.58056640625
Memory cached:  886.0
	 epoch  90 training error:  tensor(0.4601, device='cuda:0', grad_fn=<DivBackward0>)
	 epoch  90 test error:  tensor(0.0388, device='cuda:0', grad_fn=<DivBackward0>)
Memory status after this epoch: 
Memory allocated:  454.89306640625
Memory cached:  886.0
