[I 2023-11-10 13:12:03,565] Trial 31 finished with value: 0.03784233331680298 and parameters: {'W_layers': 2, 'W_layer_units_exponent_0': 4, 'W_layer_units_exponent_1': 8, 'D_layers': 7, 'D_layer_units_exponent_0': 5, 'D_layer_units_exponent_1': 4, 'D_layer_units_exponent_2': 6, 'D_layer_units_exponent_3': 9, 'D_layer_units_exponent_4': 7, 'D_layer_units_exponent_5': 6, 'D_layer_units_exponent_6': 5, 'log_learning_rate': -2.969418075599516, 'log_learning_rate_D': -2.763095205770429, 'training_batch_size': 11, 'training_p': 2}. Best is trial 29 with value: 0.03778737410902977.
Time for this trial:  143.50835514068604
Memory status after this trial: 
Memory allocated:  629.04248046875
Memory cached:  642.0
--------------------  Trial  32   --------------------
Start timing: 
Parameters: 
{'W_layers': 2, 'W_layer_units_exponent_0': 5, 'W_layer_units_exponent_1': 7, 'D_layers': 7, 'D_layer_units_exponent_0': 5, 'D_layer_units_exponent_1': 4, 'D_layer_units_exponent_2': 6, 'D_layer_units_exponent_3': 9, 'D_layer_units_exponent_4': 8, 'D_layer_units_exponent_5': 6, 'D_layer_units_exponent_6': 5, 'log_learning_rate': -2.976952717778422, 'log_learning_rate_D': -2.690128089048758, 'training_batch_size': 12, 'training_p': 2}
	 epoch  0 training error:  tensor(19.1503, device='cuda:0', grad_fn=<DivBackward0>)
	 epoch  0 test error:  tensor(0.4985, device='cuda:0', grad_fn=<DivBackward0>)
Memory status after this epoch: 
Memory allocated:  324.92041015625
Memory cached:  574.0
	 epoch  10 training error:  tensor(2.3707, device='cuda:0', grad_fn=<DivBackward0>)
	 epoch  10 test error:  tensor(0.1654, device='cuda:0', grad_fn=<DivBackward0>)
Memory status after this epoch: 
Memory allocated:  323.46728515625
Memory cached:  644.0
	 epoch  20 training error:  tensor(1.3405, device='cuda:0', grad_fn=<DivBackward0>)
	 epoch  20 test error:  tensor(0.1035, device='cuda:0', grad_fn=<DivBackward0>)
Memory status after this epoch: 
Memory allocated:  324.92041015625
Memory cached:  644.0
	 epoch  30 training error:  tensor(1.0895, device='cuda:0', grad_fn=<DivBackward0>)
	 epoch  30 test error:  tensor(0.0565, device='cuda:0', grad_fn=<DivBackward0>)
Memory status after this epoch: 
Memory allocated:  323.46728515625
Memory cached:  644.0
	 epoch  40 training error:  tensor(0.6582, device='cuda:0', grad_fn=<DivBackward0>)
	 epoch  40 test error:  tensor(0.0444, device='cuda:0', grad_fn=<DivBackward0>)
Memory status after this epoch: 
Memory allocated:  324.92041015625
Memory cached:  644.0
	 epoch  50 training error:  tensor(0.6935, device='cuda:0', grad_fn=<DivBackward0>)
	 epoch  50 test error:  tensor(0.0434, device='cuda:0', grad_fn=<DivBackward0>)
Memory status after this epoch: 
Memory allocated:  323.46728515625
Memory cached:  646.0
	 epoch  60 training error:  tensor(0.6668, device='cuda:0', grad_fn=<DivBackward0>)
	 epoch  60 test error:  tensor(0.0407, device='cuda:0', grad_fn=<DivBackward0>)
Memory status after this epoch: 
Memory allocated:  324.92041015625
Memory cached:  644.0
	 epoch  70 training error:  tensor(0.5873, device='cuda:0', grad_fn=<DivBackward0>)
	 epoch  70 test error:  tensor(0.0408, device='cuda:0', grad_fn=<DivBackward0>)
Memory status after this epoch: 
Memory allocated:  323.46728515625
Memory cached:  646.0
	 epoch  80 training error:  tensor(0.5202, device='cuda:0', grad_fn=<DivBackward0>)
	 epoch  80 test error:  tensor(0.0389, device='cuda:0', grad_fn=<DivBackward0>)
Memory status after this epoch: 
Memory allocated:  324.92041015625
Memory cached:  644.0
	 epoch  90 training error:  tensor(0.5149, device='cuda:0', grad_fn=<DivBackward0>)
	 epoch  90 test error:  tensor(0.0381, device='cuda:0', grad_fn=<DivBackward0>)
Memory status after this epoch: 
Memory allocated:  323.46728515625
Memory cached:  644.0
[I 2023-11-10 13:14:27,344] Trial 32 finished with value: 0.03806194290518761 and parameters: {'W_layers': 2, 'W_layer_units_exponent_0': 5, 'W_layer_units_exponent_1': 7, 'D_layers': 7, 'D_layer_units_exponent_0': 5, 'D_layer_units_exponent_1': 4, 'D_layer_units_exponent_2': 6, 'D_layer_units_exponent_3': 9, 'D_layer_units_exponent_4': 8, 'D_layer_units_exponent_5': 6, 'D_layer_units_exponent_6': 5, 'log_learning_rate': -2.976952717778422, 'log_learning_rate_D': -2.690128089048758, 'training_batch_size': 12, 'training_p': 2}. Best is trial 29 with value: 0.03778737410902977.
Time for this trial:  143.5259141921997
Memory status after this trial: 
Memory allocated:  630.83447265625
Memory cached:  644.0
--------------------  Trial  33   --------------------
Start timing: 
Parameters: 
{'W_layers': 2, 'W_layer_units_exponent_0': 5, 'W_layer_units_exponent_1': 7, 'D_layers': 7, 'D_layer_units_exponent_0': 5, 'D_layer_units_exponent_1': 5, 'D_layer_units_exponent_2': 6, 'D_layer_units_exponent_3': 10, 'D_layer_units_exponent_4': 7, 'D_layer_units_exponent_5': 7, 'D_layer_units_exponent_6': 4, 'log_learning_rate': -3.2709722213495875, 'log_learning_rate_D': -2.8673368068206435, 'training_batch_size': 11, 'training_p': 2}
	 epoch  0 training error:  tensor(6.7980, device='cuda:0', grad_fn=<DivBackward0>)
	 epoch  0 test error:  tensor(0.1927, device='cuda:0', grad_fn=<DivBackward0>)
Memory status after this epoch: 
Memory allocated:  347.68310546875
Memory cached:  598.0
	 epoch  10 training error:  tensor(1.0790, device='cuda:0', grad_fn=<DivBackward0>)
	 epoch  10 test error:  tensor(0.0923, device='cuda:0', grad_fn=<DivBackward0>)
Memory status after this epoch: 
Memory allocated:  349.13623046875
Memory cached:  692.0
	 epoch  20 training error:  tensor(1.0373, device='cuda:0', grad_fn=<DivBackward0>)
	 epoch  20 test error:  tensor(0.0721, device='cuda:0', grad_fn=<DivBackward0>)
Memory status after this epoch: 
Memory allocated:  347.68310546875
Memory cached:  692.0
	 epoch  30 training error:  tensor(0.5530, device='cuda:0', grad_fn=<DivBackward0>)
	 epoch  30 test error:  tensor(0.0456, device='cuda:0', grad_fn=<DivBackward0>)
Memory status after this epoch: 
Memory allocated:  349.13623046875
Memory cached:  692.0
	 epoch  40 training error:  tensor(0.6210, device='cuda:0', grad_fn=<DivBackward0>)
	 epoch  40 test error:  tensor(0.0418, device='cuda:0', grad_fn=<DivBackward0>)
Memory status after this epoch: 
Memory allocated:  347.68310546875
Memory cached:  692.0
	 epoch  50 training error:  tensor(0.5135, device='cuda:0', grad_fn=<DivBackward0>)
	 epoch  50 test error:  tensor(0.0380, device='cuda:0', grad_fn=<DivBackward0>)
Memory status after this epoch: 
Memory allocated:  349.13623046875
Memory cached:  692.0
	 epoch  60 training error:  tensor(0.5076, device='cuda:0', grad_fn=<DivBackward0>)
	 epoch  60 test error:  tensor(0.0387, device='cuda:0', grad_fn=<DivBackward0>)
Memory status after this epoch: 
Memory allocated:  347.68310546875
Memory cached:  692.0
	 epoch  70 training error:  tensor(0.5058, device='cuda:0', grad_fn=<DivBackward0>)
	 epoch  70 test error:  tensor(0.0380, device='cuda:0', grad_fn=<DivBackward0>)
Memory status after this epoch: 
Memory allocated:  349.13623046875
Memory cached:  696.0
	 epoch  80 training error:  tensor(0.5015, device='cuda:0', grad_fn=<DivBackward0>)
	 epoch  80 test error:  tensor(0.0379, device='cuda:0', grad_fn=<DivBackward0>)
Memory status after this epoch: 
Memory allocated:  347.68310546875
Memory cached:  694.0
	 epoch  90 training error:  tensor(0.5008, device='cuda:0', grad_fn=<DivBackward0>)
	 epoch  90 test error:  tensor(0.0380, device='cuda:0', grad_fn=<DivBackward0>)
Memory status after this epoch: 
Memory allocated:  349.13623046875
Memory cached:  692.0
[I 2023-11-10 13:16:53,248] Trial 33 finished with value: 0.037952739745378494 and parameters: {'W_layers': 2, 'W_layer_units_exponent_0': 5, 'W_layer_units_exponent_1': 7, 'D_layers': 7, 'D_layer_units_exponent_0': 5, 'D_layer_units_exponent_1': 5, 'D_layer_units_exponent_2': 6, 'D_layer_units_exponent_3': 10, 'D_layer_units_exponent_4': 7, 'D_layer_units_exponent_5': 7, 'D_layer_units_exponent_6': 4, 'log_learning_rate': -3.2709722213495875, 'log_learning_rate_D': -2.8673368068206435, 'training_batch_size': 11, 'training_p': 2}. Best is trial 29 with value: 0.03778737410902977.
Time for this trial:  145.65302896499634
Memory status after this trial: 
Memory allocated:  678.47216796875
Memory cached:  692.0
--------------------  Trial  34   --------------------
Start timing: 
Parameters: 
{'W_layers': 8, 'W_layer_units_exponent_0': 6, 'W_layer_units_exponent_1': 8, 'W_layer_units_exponent_2': 4, 'W_layer_units_exponent_3': 5, 'W_layer_units_exponent_4': 9, 'W_layer_units_exponent_5': 5, 'W_layer_units_exponent_6': 6, 'W_layer_units_exponent_7': 7, 'D_layers': 7, 'D_layer_units_exponent_0': 6, 'D_layer_units_exponent_1': 4, 'D_layer_units_exponent_2': 5, 'D_layer_units_exponent_3': 8, 'D_layer_units_exponent_4': 9, 'D_layer_units_exponent_5': 7, 'D_layer_units_exponent_6': 6, 'log_learning_rate': -2.85069011118476, 'log_learning_rate_D': -2.5843669379042025, 'training_batch_size': 12, 'training_p': 3}
	 epoch  0 training error:  tensor(1.0170, device='cuda:0', grad_fn=<DivBackward0>)
	 epoch  0 test error:  tensor(0.2085, device='cuda:0', grad_fn=<DivBackward0>)
Memory status after this epoch: 
Memory allocated:  381.984375
Memory cached:  630.0
	 epoch  10 training error:  tensor(0.6006, device='cuda:0', grad_fn=<DivBackward0>)
	 epoch  10 test error:  tensor(0.0440, device='cuda:0', grad_fn=<DivBackward0>)
Memory status after this epoch: 
Memory allocated:  380.53125
Memory cached:  756.0
	 epoch  20 training error:  tensor(0.5744, device='cuda:0', grad_fn=<DivBackward0>)
	 epoch  20 test error:  tensor(0.0376, device='cuda:0', grad_fn=<DivBackward0>)
Memory status after this epoch: 
Memory allocated:  381.984375
Memory cached:  760.0
	 epoch  30 training error:  tensor(0.5097, device='cuda:0', grad_fn=<DivBackward0>)
	 epoch  30 test error:  tensor(0.0371, device='cuda:0', grad_fn=<DivBackward0>)
Memory status after this epoch: 
Memory allocated:  380.53125
Memory cached:  756.0
	 epoch  40 training error:  tensor(0.4965, device='cuda:0', grad_fn=<DivBackward0>)
	 epoch  40 test error:  tensor(0.0367, device='cuda:0', grad_fn=<DivBackward0>)
Memory status after this epoch: 
Memory allocated:  381.984375
Memory cached:  758.0
	 epoch  50 training error:  tensor(0.4959, device='cuda:0', grad_fn=<DivBackward0>)
	 epoch  50 test error:  tensor(0.0379, device='cuda:0', grad_fn=<DivBackward0>)
Memory status after this epoch: 
Memory allocated:  380.53125
Memory cached:  758.0
	 epoch  60 training error:  tensor(0.4950, device='cuda:0', grad_fn=<DivBackward0>)
	 epoch  60 test error:  tensor(0.0378, device='cuda:0', grad_fn=<DivBackward0>)
Memory status after this epoch: 
Memory allocated:  381.984375
Memory cached:  758.0
	 epoch  70 training error:  tensor(0.4945, device='cuda:0', grad_fn=<DivBackward0>)
	 epoch  70 test error:  tensor(0.0379, device='cuda:0', grad_fn=<DivBackward0>)
Memory status after this epoch: 
Memory allocated:  380.53125
Memory cached:  756.0
	 epoch  80 training error:  tensor(0.4940, device='cuda:0', grad_fn=<DivBackward0>)
	 epoch  80 test error:  tensor(0.0382, device='cuda:0', grad_fn=<DivBackward0>)
Memory status after this epoch: 
Memory allocated:  381.984375
Memory cached:  756.0
	 epoch  90 training error:  tensor(0.4939, device='cuda:0', grad_fn=<DivBackward0>)
	 epoch  90 test error:  tensor(0.0383, device='cuda:0', grad_fn=<DivBackward0>)
Memory status after this epoch: 
Memory allocated:  380.53125
Memory cached:  758.0
[I 2023-11-10 13:20:12,304] Trial 34 finished with value: 0.03822825476527214 and parameters: {'W_layers': 8, 'W_layer_units_exponent_0': 6, 'W_layer_units_exponent_1': 8, 'W_layer_units_exponent_2': 4, 'W_layer_units_exponent_3': 5, 'W_layer_units_exponent_4': 9, 'W_layer_units_exponent_5': 5, 'W_layer_units_exponent_6': 6, 'W_layer_units_exponent_7': 7, 'D_layers': 7, 'D_layer_units_exponent_0': 6, 'D_layer_units_exponent_1': 4, 'D_layer_units_exponent_2': 5, 'D_layer_units_exponent_3': 8, 'D_layer_units_exponent_4': 9, 'D_layer_units_exponent_5': 7, 'D_layer_units_exponent_6': 6, 'log_learning_rate': -2.85069011118476, 'log_learning_rate_D': -2.5843669379042025, 'training_batch_size': 12, 'training_p': 3}. Best is trial 29 with value: 0.03778737410902977.
Time for this trial:  198.78501534461975
Memory status after this trial: 
Memory allocated:  742.85888671875
Memory cached:  758.0
--------------------  Trial  35   --------------------
Start timing: 
Parameters: 
{'W_layers': 8, 'W_layer_units_exponent_0': 5, 'W_layer_units_exponent_1': 8, 'W_layer_units_exponent_2': 6, 'W_layer_units_exponent_3': 5, 'W_layer_units_exponent_4': 7, 'W_layer_units_exponent_5': 4, 'W_layer_units_exponent_6': 6, 'W_layer_units_exponent_7': 6, 'D_layers': 6, 'D_layer_units_exponent_0': 5, 'D_layer_units_exponent_1': 5, 'D_layer_units_exponent_2': 5, 'D_layer_units_exponent_3': 9, 'D_layer_units_exponent_4': 7, 'D_layer_units_exponent_5': 6, 'log_learning_rate': -2.820556110572874, 'log_learning_rate_D': -2.3014815098341366, 'training_batch_size': 11, 'training_p': 4}
	 epoch  0 training error:  tensor(1.0026, device='cuda:0', grad_fn=<DivBackward0>)
	 epoch  0 test error:  tensor(0.1891, device='cuda:0', grad_fn=<DivBackward0>)
Memory status after this epoch: 
Memory allocated:  339.77978515625
Memory cached:  590.0
	 epoch  10 training error:  tensor(1.0295, device='cuda:0', grad_fn=<DivBackward0>)
	 epoch  10 test error:  tensor(0.0726, device='cuda:0', grad_fn=<DivBackward0>)
Memory status after this epoch: 
Memory allocated:  341.23291015625
Memory cached:  678.0
	 epoch  20 training error:  tensor(1.0080, device='cuda:0', grad_fn=<DivBackward0>)
	 epoch  20 test error:  tensor(0.0724, device='cuda:0', grad_fn=<DivBackward0>)
Memory status after this epoch: 
Memory allocated:  339.77978515625
Memory cached:  678.0
	 epoch  30 training error:  tensor(1.0004, device='cuda:0', grad_fn=<DivBackward0>)
	 epoch  30 test error:  tensor(0.0724, device='cuda:0', grad_fn=<DivBackward0>)
Memory status after this epoch: 
Memory allocated:  341.23291015625
Memory cached:  678.0
	 epoch  40 training error:  tensor(1.0002, device='cuda:0', grad_fn=<DivBackward0>)
	 epoch  40 test error:  tensor(0.0727, device='cuda:0', grad_fn=<DivBackward0>)
Memory status after this epoch: 
Memory allocated:  339.77978515625
Memory cached:  678.0
	 epoch  50 training error:  tensor(0.9999, device='cuda:0', grad_fn=<DivBackward0>)
	 epoch  50 test error:  tensor(0.0725, device='cuda:0', grad_fn=<DivBackward0>)
Memory status after this epoch: 
Memory allocated:  341.23291015625
Memory cached:  678.0
	 epoch  60 training error:  tensor(0.9999, device='cuda:0', grad_fn=<DivBackward0>)
	 epoch  60 test error:  tensor(0.0726, device='cuda:0', grad_fn=<DivBackward0>)
Memory status after this epoch: 
Memory allocated:  339.77978515625
Memory cached:  678.0
	 epoch  70 training error:  tensor(0.9999, device='cuda:0', grad_fn=<DivBackward0>)
	 epoch  70 test error:  tensor(0.0725, device='cuda:0', grad_fn=<DivBackward0>)
Memory status after this epoch: 
Memory allocated:  341.23291015625
Memory cached:  680.0
	 epoch  80 training error:  tensor(0.9999, device='cuda:0', grad_fn=<DivBackward0>)
	 epoch  80 test error:  tensor(0.0725, device='cuda:0', grad_fn=<DivBackward0>)
Memory status after this epoch: 
Memory allocated:  339.77978515625
Memory cached:  680.0
	 epoch  90 training error:  tensor(0.9999, device='cuda:0', grad_fn=<DivBackward0>)
	 epoch  90 test error:  tensor(0.0725, device='cuda:0', grad_fn=<DivBackward0>)
Memory status after this epoch: 
Memory allocated:  341.23291015625
Memory cached:  680.0
[I 2023-11-10 13:23:17,260] Trial 35 finished with value: 0.07253443449735641 and parameters: {'W_layers': 8, 'W_layer_units_exponent_0': 5, 'W_layer_units_exponent_1': 8, 'W_layer_units_exponent_2': 6, 'W_layer_units_exponent_3': 5, 'W_layer_units_exponent_4': 7, 'W_layer_units_exponent_5': 4, 'W_layer_units_exponent_6': 6, 'W_layer_units_exponent_7': 6, 'D_layers': 6, 'D_layer_units_exponent_0': 5, 'D_layer_units_exponent_1': 5, 'D_layer_units_exponent_2': 5, 'D_layer_units_exponent_3': 9, 'D_layer_units_exponent_4': 7, 'D_layer_units_exponent_5': 6, 'log_learning_rate': -2.820556110572874, 'log_learning_rate_D': -2.3014815098341366, 'training_batch_size': 11, 'training_p': 4}. Best is trial 29 with value: 0.03778737410902977.
Time for this trial:  184.643572807312
Memory status after this trial: 
Memory allocated:  664.76904296875
Memory cached:  680.0
--------------------  Trial  36   --------------------
Start timing: 
Parameters: 
{'W_layers': 7, 'W_layer_units_exponent_0': 7, 'W_layer_units_exponent_1': 7, 'W_layer_units_exponent_2': 5, 'W_layer_units_exponent_3': 9, 'W_layer_units_exponent_4': 9, 'W_layer_units_exponent_5': 7, 'W_layer_units_exponent_6': 5, 'D_layers': 7, 'D_layer_units_exponent_0': 7, 'D_layer_units_exponent_1': 6, 'D_layer_units_exponent_2': 7, 'D_layer_units_exponent_3': 10, 'D_layer_units_exponent_4': 9, 'D_layer_units_exponent_5': 8, 'D_layer_units_exponent_6': 5, 'log_learning_rate': -3.064408782163945, 'log_learning_rate_D': -3.100490541450828, 'training_batch_size': 9, 'training_p': 2}
	 epoch  0 training error:  tensor(0.9784, device='cuda:0', grad_fn=<DivBackward0>)
	 epoch  0 test error:  tensor(0.7910, device='cuda:0', grad_fn=<DivBackward0>)
Memory status after this epoch: 
Memory allocated:  472.02490234375
Memory cached:  712.0
	 epoch  10 training error:  tensor(1.4144, device='cuda:0', grad_fn=<DivBackward0>)
	 epoch  10 test error:  tensor(0.0819, device='cuda:0', grad_fn=<DivBackward0>)
Memory status after this epoch: 
Memory allocated:  471.97802734375
Memory cached:  914.0
	 epoch  20 training error:  tensor(1.0345, device='cuda:0', grad_fn=<DivBackward0>)
	 epoch  20 test error:  tensor(0.0750, device='cuda:0', grad_fn=<DivBackward0>)
Memory status after this epoch: 
Memory allocated:  471.55615234375
Memory cached:  914.0
	 epoch  30 training error:  tensor(0.8189, device='cuda:0', grad_fn=<DivBackward0>)
	 epoch  30 test error:  tensor(0.0621, device='cuda:0', grad_fn=<DivBackward0>)
Memory status after this epoch: 
Memory allocated:  472.44677734375
Memory cached:  914.0
	 epoch  40 training error:  tensor(0.5562, device='cuda:0', grad_fn=<DivBackward0>)
	 epoch  40 test error:  tensor(0.0404, device='cuda:0', grad_fn=<DivBackward0>)
Memory status after this epoch: 
Memory allocated:  471.55615234375
Memory cached:  916.0
	 epoch  50 training error:  tensor(0.5073, device='cuda:0', grad_fn=<DivBackward0>)
	 epoch  50 test error:  tensor(0.0377, device='cuda:0', grad_fn=<DivBackward0>)
Memory status after this epoch: 
Memory allocated:  472.44677734375
Memory cached:  914.0
	 epoch  60 training error:  tensor(0.5049, device='cuda:0', grad_fn=<DivBackward0>)
	 epoch  60 test error:  tensor(0.0373, device='cuda:0', grad_fn=<DivBackward0>)
Memory status after this epoch: 
Memory allocated:  471.08740234375
Memory cached:  914.0
	 epoch  70 training error:  tensor(0.4995, device='cuda:0', grad_fn=<DivBackward0>)
	 epoch  70 test error:  tensor(0.0379, device='cuda:0', grad_fn=<DivBackward0>)
Memory status after this epoch: 
Memory allocated:  472.44677734375
Memory cached:  914.0
	 epoch  80 training error:  tensor(0.4996, device='cuda:0', grad_fn=<DivBackward0>)
	 epoch  80 test error:  tensor(0.0381, device='cuda:0', grad_fn=<DivBackward0>)
Memory status after this epoch: 
Memory allocated:  471.08740234375
Memory cached:  914.0
	 epoch  90 training error:  tensor(0.4991, device='cuda:0', grad_fn=<DivBackward0>)
	 epoch  90 test error:  tensor(0.0380, device='cuda:0', grad_fn=<DivBackward0>)
Memory status after this epoch: 
Memory allocated:  472.44677734375
Memory cached:  914.0
