[I 2023-11-16 17:14:53,507] Trial 11 finished with value: 118.53584289550781 and parameters: {'W_layers': 8, 'W_layer_units_exponent_0': 4, 'W_layer_units_exponent_1': 10, 'W_layer_units_exponent_2': 8, 'W_layer_units_exponent_3': 10, 'W_layer_units_exponent_4': 10, 'W_layer_units_exponent_5': 10, 'W_layer_units_exponent_6': 10, 'W_layer_units_exponent_7': 4, 'D_layers': 2, 'D_layer_units_exponent_0': 6, 'D_layer_units_exponent_1': 4, 'D_dagger_layers': 5, 'D_dagger_layer_units_exponent_0': 6, 'D_dagger_layer_units_exponent_1': 7, 'D_dagger_layer_units_exponent_2': 10, 'D_dagger_layer_units_exponent_3': 10, 'D_dagger_layer_units_exponent_4': 4, 'log_learning_rate': -2.0958693270425863, 'log_learning_rate_D': -4.991218180512404, 'log_learning_rate_D_dagger': -1.971802570414353, 'training_batch_size': 6, 'training_p': 5}. Best is trial 0 with value: 0.7597449421882629.
Time for this trial:  27.948144912719727
Memory status after this trial: 
Memory allocated:  451.0029296875
Memory cached:  562.0
--------------------  Trial  12   --------------------
Start timing: 
Parameters: 
{'W_layers': 6, 'W_layer_units_exponent_0': 6, 'W_layer_units_exponent_1': 8, 'W_layer_units_exponent_2': 8, 'W_layer_units_exponent_3': 10, 'W_layer_units_exponent_4': 9, 'W_layer_units_exponent_5': 7, 'D_layers': 3, 'D_layer_units_exponent_0': 10, 'D_layer_units_exponent_1': 4, 'D_layer_units_exponent_2': 10, 'D_dagger_layers': 8, 'D_dagger_layer_units_exponent_0': 10, 'D_dagger_layer_units_exponent_1': 4, 'D_dagger_layer_units_exponent_2': 4, 'D_dagger_layer_units_exponent_3': 6, 'D_dagger_layer_units_exponent_4': 10, 'D_dagger_layer_units_exponent_5': 10, 'D_dagger_layer_units_exponent_6': 10, 'D_dagger_layer_units_exponent_7': 4, 'log_learning_rate': -2.626934169333452, 'log_learning_rate_D': -4.5353433565681085, 'log_learning_rate_D_dagger': -4.8045150987081335, 'training_batch_size': 10, 'training_p': 5}
	 epoch  0 training error:  tensor(67.1037, device='cuda:0', grad_fn=<DivBackward0>)
Memory status after this epoch: 
Memory allocated:  49.3642578125
Memory cached:  88.0
	 epoch  10 training error:  tensor(69.4698, device='cuda:0', grad_fn=<DivBackward0>)
Memory status after this epoch: 
Memory allocated:  49.3642578125
Memory cached:  90.0
	 epoch  20 training error:  tensor(59.7266, device='cuda:0', grad_fn=<DivBackward0>)
Memory status after this epoch: 
Memory allocated:  49.3642578125
Memory cached:  90.0
	 epoch  30 training error:  tensor(41.7208, device='cuda:0', grad_fn=<DivBackward0>)
Memory status after this epoch: 
Memory allocated:  49.3642578125
Memory cached:  90.0
	 epoch  40 training error:  tensor(29.6254, device='cuda:0', grad_fn=<DivBackward0>)
Memory status after this epoch: 
Memory allocated:  49.3642578125
Memory cached:  90.0
	 epoch  50 training error:  tensor(3.6930, device='cuda:0', grad_fn=<DivBackward0>)
Memory status after this epoch: 
Memory allocated:  49.3642578125
Memory cached:  90.0
	 epoch  60 training error:  tensor(2.4056, device='cuda:0', grad_fn=<DivBackward0>)
Memory status after this epoch: 
Memory allocated:  49.3642578125
Memory cached:  90.0
	 epoch  70 training error:  tensor(1.5898, device='cuda:0', grad_fn=<DivBackward0>)
Memory status after this epoch: 
Memory allocated:  49.3642578125
Memory cached:  90.0
	 epoch  80 training error:  tensor(0.9375, device='cuda:0', grad_fn=<DivBackward0>)
Memory status after this epoch: 
Memory allocated:  49.3642578125
Memory cached:  90.0
	 epoch  90 training error:  tensor(0.9554, device='cuda:0', grad_fn=<DivBackward0>)
Memory status after this epoch: 
Memory allocated:  49.3642578125
Memory cached:  90.0
[I 2023-11-16 17:15:15,655] Trial 12 finished with value: 1.1228896379470825 and parameters: {'W_layers': 6, 'W_layer_units_exponent_0': 6, 'W_layer_units_exponent_1': 8, 'W_layer_units_exponent_2': 8, 'W_layer_units_exponent_3': 10, 'W_layer_units_exponent_4': 9, 'W_layer_units_exponent_5': 7, 'D_layers': 3, 'D_layer_units_exponent_0': 10, 'D_layer_units_exponent_1': 4, 'D_layer_units_exponent_2': 10, 'D_dagger_layers': 8, 'D_dagger_layer_units_exponent_0': 10, 'D_dagger_layer_units_exponent_1': 4, 'D_dagger_layer_units_exponent_2': 4, 'D_dagger_layer_units_exponent_3': 6, 'D_dagger_layer_units_exponent_4': 10, 'D_dagger_layer_units_exponent_5': 10, 'D_dagger_layer_units_exponent_6': 10, 'D_dagger_layer_units_exponent_7': 4, 'log_learning_rate': -2.626934169333452, 'log_learning_rate_D': -4.5353433565681085, 'log_learning_rate_D_dagger': -4.8045150987081335, 'training_batch_size': 10, 'training_p': 5}. Best is trial 0 with value: 0.7597449421882629.
Time for this trial:  21.949605464935303
Memory status after this trial: 
Memory allocated:  375.0068359375
Memory cached:  426.0
--------------------  Trial  13   --------------------
Start timing: 
Parameters: 
{'W_layers': 7, 'W_layer_units_exponent_0': 6, 'W_layer_units_exponent_1': 7, 'W_layer_units_exponent_2': 4, 'W_layer_units_exponent_3': 8, 'W_layer_units_exponent_4': 7, 'W_layer_units_exponent_5': 10, 'W_layer_units_exponent_6': 4, 'D_layers': 6, 'D_layer_units_exponent_0': 10, 'D_layer_units_exponent_1': 7, 'D_layer_units_exponent_2': 4, 'D_layer_units_exponent_3': 5, 'D_layer_units_exponent_4': 6, 'D_layer_units_exponent_5': 4, 'D_dagger_layers': 6, 'D_dagger_layer_units_exponent_0': 7, 'D_dagger_layer_units_exponent_1': 6, 'D_dagger_layer_units_exponent_2': 5, 'D_dagger_layer_units_exponent_3': 4, 'D_dagger_layer_units_exponent_4': 4, 'D_dagger_layer_units_exponent_5': 10, 'log_learning_rate': -3.0302448769168495, 'log_learning_rate_D': -4.279514798300699, 'log_learning_rate_D_dagger': -4.138342326504632, 'training_batch_size': 10, 'training_p': 6}
	 epoch  0 training error:  tensor(69.6377, device='cuda:0', grad_fn=<DivBackward0>)
Memory status after this epoch: 
Memory allocated:  4.14990234375
Memory cached:  8.0
	 epoch  10 training error:  tensor(4.0404, device='cuda:0', grad_fn=<DivBackward0>)
Memory status after this epoch: 
Memory allocated:  4.14990234375
Memory cached:  10.0
	 epoch  20 training error:  tensor(2.3805, device='cuda:0', grad_fn=<DivBackward0>)
Memory status after this epoch: 
Memory allocated:  4.14990234375
Memory cached:  10.0
	 epoch  30 training error:  tensor(6.0076, device='cuda:0', grad_fn=<DivBackward0>)
Memory status after this epoch: 
Memory allocated:  4.14990234375
Memory cached:  10.0
	 epoch  40 training error:  tensor(5.8299, device='cuda:0', grad_fn=<DivBackward0>)
Memory status after this epoch: 
Memory allocated:  4.14990234375
Memory cached:  10.0
	 epoch  50 training error:  tensor(2.5884, device='cuda:0', grad_fn=<DivBackward0>)
Memory status after this epoch: 
Memory allocated:  4.14990234375
Memory cached:  10.0
	 epoch  60 training error:  tensor(4.2451, device='cuda:0', grad_fn=<DivBackward0>)
Memory status after this epoch: 
Memory allocated:  4.14990234375
Memory cached:  10.0
	 epoch  70 training error:  tensor(4.0722, device='cuda:0', grad_fn=<DivBackward0>)
Memory status after this epoch: 
Memory allocated:  4.14990234375
Memory cached:  10.0
	 epoch  80 training error:  tensor(3.6670, device='cuda:0', grad_fn=<DivBackward0>)
Memory status after this epoch: 
Memory allocated:  4.14990234375
Memory cached:  10.0
	 epoch  90 training error:  tensor(1.1783, device='cuda:0', grad_fn=<DivBackward0>)
Memory status after this epoch: 
Memory allocated:  4.14990234375
Memory cached:  10.0
[I 2023-11-16 17:15:35,549] Trial 13 finished with value: 11.81920051574707 and parameters: {'W_layers': 7, 'W_layer_units_exponent_0': 6, 'W_layer_units_exponent_1': 7, 'W_layer_units_exponent_2': 4, 'W_layer_units_exponent_3': 8, 'W_layer_units_exponent_4': 7, 'W_layer_units_exponent_5': 10, 'W_layer_units_exponent_6': 4, 'D_layers': 6, 'D_layer_units_exponent_0': 10, 'D_layer_units_exponent_1': 7, 'D_layer_units_exponent_2': 4, 'D_layer_units_exponent_3': 5, 'D_layer_units_exponent_4': 6, 'D_layer_units_exponent_5': 4, 'D_dagger_layers': 6, 'D_dagger_layer_units_exponent_0': 7, 'D_dagger_layer_units_exponent_1': 6, 'D_dagger_layer_units_exponent_2': 5, 'D_dagger_layer_units_exponent_3': 4, 'D_dagger_layer_units_exponent_4': 4, 'D_dagger_layer_units_exponent_5': 10, 'log_learning_rate': -3.0302448769168495, 'log_learning_rate_D': -4.279514798300699, 'log_learning_rate_D_dagger': -4.138342326504632, 'training_batch_size': 10, 'training_p': 6}. Best is trial 0 with value: 0.7597449421882629.
Time for this trial:  19.694650888442993
Memory status after this trial: 
Memory allocated:  158.791015625
Memory cached:  194.0
--------------------  Trial  14   --------------------
Start timing: 
Parameters: 
{'W_layers': 2, 'W_layer_units_exponent_0': 5, 'W_layer_units_exponent_1': 9, 'D_layers': 4, 'D_layer_units_exponent_0': 8, 'D_layer_units_exponent_1': 5, 'D_layer_units_exponent_2': 7, 'D_layer_units_exponent_3': 6, 'D_dagger_layers': 8, 'D_dagger_layer_units_exponent_0': 7, 'D_dagger_layer_units_exponent_1': 4, 'D_dagger_layer_units_exponent_2': 6, 'D_dagger_layer_units_exponent_3': 7, 'D_dagger_layer_units_exponent_4': 6, 'D_dagger_layer_units_exponent_5': 4, 'D_dagger_layer_units_exponent_6': 8, 'D_dagger_layer_units_exponent_7': 10, 'log_learning_rate': -2.1725714377497343, 'log_learning_rate_D': -3.9900586468565735, 'log_learning_rate_D_dagger': -4.397033714843772, 'training_batch_size': 11, 'training_p': 4}
	 epoch  0 training error:  tensor(87.6449, device='cuda:0', grad_fn=<DivBackward0>)
Memory status after this epoch: 
Memory allocated:  4.93310546875
Memory cached:  14.0
	 epoch  10 training error:  tensor(21.2040, device='cuda:0', grad_fn=<DivBackward0>)
Memory status after this epoch: 
Memory allocated:  4.93310546875
Memory cached:  14.0
	 epoch  20 training error:  tensor(11.0052, device='cuda:0', grad_fn=<DivBackward0>)
Memory status after this epoch: 
Memory allocated:  4.93310546875
Memory cached:  14.0
	 epoch  30 training error:  tensor(14.8034, device='cuda:0', grad_fn=<DivBackward0>)
Memory status after this epoch: 
Memory allocated:  4.93310546875
Memory cached:  14.0
	 epoch  40 training error:  tensor(4.4001, device='cuda:0', grad_fn=<DivBackward0>)
Memory status after this epoch: 
Memory allocated:  4.93310546875
Memory cached:  14.0
	 epoch  50 training error:  tensor(5.8704, device='cuda:0', grad_fn=<DivBackward0>)
Memory status after this epoch: 
Memory allocated:  4.93310546875
Memory cached:  14.0
	 epoch  60 training error:  tensor(7.3374, device='cuda:0', grad_fn=<DivBackward0>)
Memory status after this epoch: 
Memory allocated:  4.93310546875
Memory cached:  14.0
	 epoch  70 training error:  tensor(2.6907, device='cuda:0', grad_fn=<DivBackward0>)
Memory status after this epoch: 
Memory allocated:  4.93310546875
Memory cached:  14.0
	 epoch  80 training error:  tensor(1.3150, device='cuda:0', grad_fn=<DivBackward0>)
Memory status after this epoch: 
Memory allocated:  4.93310546875
Memory cached:  14.0
	 epoch  90 training error:  tensor(0.9355, device='cuda:0', grad_fn=<DivBackward0>)
Memory status after this epoch: 
Memory allocated:  4.93310546875
Memory cached:  14.0
[I 2023-11-16 17:15:54,323] Trial 14 finished with value: 1.0044764280319214 and parameters: {'W_layers': 2, 'W_layer_units_exponent_0': 5, 'W_layer_units_exponent_1': 9, 'D_layers': 4, 'D_layer_units_exponent_0': 8, 'D_layer_units_exponent_1': 5, 'D_layer_units_exponent_2': 7, 'D_layer_units_exponent_3': 6, 'D_dagger_layers': 8, 'D_dagger_layer_units_exponent_0': 7, 'D_dagger_layer_units_exponent_1': 4, 'D_dagger_layer_units_exponent_2': 6, 'D_dagger_layer_units_exponent_3': 7, 'D_dagger_layer_units_exponent_4': 6, 'D_dagger_layer_units_exponent_5': 4, 'D_dagger_layer_units_exponent_6': 8, 'D_dagger_layer_units_exponent_7': 10, 'log_learning_rate': -2.1725714377497343, 'log_learning_rate_D': -3.9900586468565735, 'log_learning_rate_D_dagger': -4.397033714843772, 'training_batch_size': 11, 'training_p': 4}. Best is trial 0 with value: 0.7597449421882629.
Time for this trial:  18.59755229949951
Memory status after this trial: 
Memory allocated:  124.080078125
Memory cached:  130.0
--------------------  Trial  15   --------------------
Start timing: 
Parameters: 
{'W_layers': 6, 'W_layer_units_exponent_0': 10, 'W_layer_units_exponent_1': 7, 'W_layer_units_exponent_2': 8, 'W_layer_units_exponent_3': 8, 'W_layer_units_exponent_4': 8, 'W_layer_units_exponent_5': 5, 'D_layers': 7, 'D_layer_units_exponent_0': 6, 'D_layer_units_exponent_1': 7, 'D_layer_units_exponent_2': 10, 'D_layer_units_exponent_3': 5, 'D_layer_units_exponent_4': 4, 'D_layer_units_exponent_5': 6, 'D_layer_units_exponent_6': 10, 'D_dagger_layers': 6, 'D_dagger_layer_units_exponent_0': 9, 'D_dagger_layer_units_exponent_1': 6, 'D_dagger_layer_units_exponent_2': 4, 'D_dagger_layer_units_exponent_3': 8, 'D_dagger_layer_units_exponent_4': 9, 'D_dagger_layer_units_exponent_5': 8, 'log_learning_rate': -3.05595297366857, 'log_learning_rate_D': -4.8787709847699015, 'log_learning_rate_D_dagger': -4.064835287322197, 'training_batch_size': 9, 'training_p': 6}
	 epoch  0 training error:  tensor(65.1979, device='cuda:0', grad_fn=<DivBackward0>)
Memory status after this epoch: 
Memory allocated:  10.3759765625
Memory cached:  12.0
	 epoch  10 training error:  tensor(25.0360, device='cuda:0', grad_fn=<DivBackward0>)
Memory status after this epoch: 
Memory allocated:  10.3759765625
Memory cached:  14.0
	 epoch  20 training error:  tensor(7.6886, device='cuda:0', grad_fn=<DivBackward0>)
Memory status after this epoch: 
Memory allocated:  10.3759765625
Memory cached:  14.0
	 epoch  30 training error:  tensor(2.2178, device='cuda:0', grad_fn=<DivBackward0>)
Memory status after this epoch: 
Memory allocated:  10.3759765625
Memory cached:  14.0
	 epoch  40 training error:  tensor(3.3690, device='cuda:0', grad_fn=<DivBackward0>)
Memory status after this epoch: 
Memory allocated:  10.3759765625
Memory cached:  14.0
	 epoch  50 training error:  tensor(2.1202, device='cuda:0', grad_fn=<DivBackward0>)
Memory status after this epoch: 
Memory allocated:  10.3759765625
Memory cached:  14.0
	 epoch  60 training error:  tensor(2.0410, device='cuda:0', grad_fn=<DivBackward0>)
Memory status after this epoch: 
Memory allocated:  10.3759765625
Memory cached:  14.0
	 epoch  70 training error:  tensor(2.4471, device='cuda:0', grad_fn=<DivBackward0>)
Memory status after this epoch: 
Memory allocated:  10.3759765625
Memory cached:  14.0
	 epoch  80 training error:  tensor(1.6105, device='cuda:0', grad_fn=<DivBackward0>)
Memory status after this epoch: 
Memory allocated:  10.3759765625
Memory cached:  14.0
	 epoch  90 training error:  tensor(2.5243, device='cuda:0', grad_fn=<DivBackward0>)
Memory status after this epoch: 
Memory allocated:  10.3759765625
Memory cached:  14.0
[I 2023-11-16 17:16:15,238] Trial 15 finished with value: 2.2248687744140625 and parameters: {'W_layers': 6, 'W_layer_units_exponent_0': 10, 'W_layer_units_exponent_1': 7, 'W_layer_units_exponent_2': 8, 'W_layer_units_exponent_3': 8, 'W_layer_units_exponent_4': 8, 'W_layer_units_exponent_5': 5, 'D_layers': 7, 'D_layer_units_exponent_0': 6, 'D_layer_units_exponent_1': 7, 'D_layer_units_exponent_2': 10, 'D_layer_units_exponent_3': 5, 'D_layer_units_exponent_4': 4, 'D_layer_units_exponent_5': 6, 'D_layer_units_exponent_6': 10, 'D_dagger_layers': 6, 'D_dagger_layer_units_exponent_0': 9, 'D_dagger_layer_units_exponent_1': 6, 'D_dagger_layer_units_exponent_2': 4, 'D_dagger_layer_units_exponent_3': 8, 'D_dagger_layer_units_exponent_4': 9, 'D_dagger_layer_units_exponent_5': 8, 'log_learning_rate': -3.05595297366857, 'log_learning_rate_D': -4.8787709847699015, 'log_learning_rate_D_dagger': -4.064835287322197, 'training_batch_size': 9, 'training_p': 6}. Best is trial 0 with value: 0.7597449421882629.
Time for this trial:  20.71125364303589
Memory status after this trial: 
Memory allocated:  199.0830078125
Memory cached:  220.0
--------------------  Trial  16   --------------------
Start timing: 
Parameters: 
{'W_layers': 7, 'W_layer_units_exponent_0': 7, 'W_layer_units_exponent_1': 4, 'W_layer_units_exponent_2': 6, 'W_layer_units_exponent_3': 9, 'W_layer_units_exponent_4': 4, 'W_layer_units_exponent_5': 8, 'W_layer_units_exponent_6': 7, 'D_layers': 7, 'D_layer_units_exponent_0': 9, 'D_layer_units_exponent_1': 5, 'D_layer_units_exponent_2': 7, 'D_layer_units_exponent_3': 6, 'D_layer_units_exponent_4': 8, 'D_layer_units_exponent_5': 9, 'D_layer_units_exponent_6': 10, 'D_dagger_layers': 7, 'D_dagger_layer_units_exponent_0': 6, 'D_dagger_layer_units_exponent_1': 5, 'D_dagger_layer_units_exponent_2': 8, 'D_dagger_layer_units_exponent_3': 5, 'D_dagger_layer_units_exponent_4': 6, 'D_dagger_layer_units_exponent_5': 8, 'D_dagger_layer_units_exponent_6': 7, 'log_learning_rate': -1.62267885732183, 'log_learning_rate_D': -4.264943660240302, 'log_learning_rate_D_dagger': -3.480489466884812, 'training_batch_size': 12, 'training_p': 4}
	 epoch  0 training error:  tensor(78.9091, device='cuda:0', grad_fn=<DivBackward0>)
Memory status after this epoch: 
Memory allocated:  5.1884765625
Memory cached:  34.0
	 epoch  10 training error:  tensor(80.8490, device='cuda:0', grad_fn=<DivBackward0>)
Memory status after this epoch: 
Memory allocated:  5.1884765625
Memory cached:  34.0
	 epoch  20 training error:  tensor(61.9764, device='cuda:0', grad_fn=<DivBackward0>)
Memory status after this epoch: 
Memory allocated:  5.1884765625
Memory cached:  34.0
	 epoch  30 training error:  tensor(18.1282, device='cuda:0', grad_fn=<DivBackward0>)
Memory status after this epoch: 
Memory allocated:  5.1884765625
Memory cached:  34.0
	 epoch  40 training error:  tensor(7.2569, device='cuda:0', grad_fn=<DivBackward0>)
Memory status after this epoch: 
Memory allocated:  5.1884765625
Memory cached:  34.0
	 epoch  50 training error:  tensor(2.2534, device='cuda:0', grad_fn=<DivBackward0>)
Memory status after this epoch: 
Memory allocated:  5.1884765625
Memory cached:  34.0
	 epoch  60 training error:  tensor(2.0898, device='cuda:0', grad_fn=<DivBackward0>)
Memory status after this epoch: 
Memory allocated:  5.1884765625
Memory cached:  34.0
	 epoch  70 training error:  tensor(1.8064, device='cuda:0', grad_fn=<DivBackward0>)
Memory status after this epoch: 
Memory allocated:  5.1884765625
Memory cached:  34.0
	 epoch  80 training error:  tensor(1.7753, device='cuda:0', grad_fn=<DivBackward0>)
Memory status after this epoch: 
Memory allocated:  5.1884765625
Memory cached:  34.0
	 epoch  90 training error:  tensor(1.1745, device='cuda:0', grad_fn=<DivBackward0>)
Memory status after this epoch: 
Memory allocated:  5.1884765625
Memory cached:  34.0
