/home/shengduo/anaconda3/lib/python3.9/site-packages/scipy/__init__.py:146: UserWarning: A NumPy version >=1.16.5 and <1.23.0 is required for this version of SciPy (detected version 1.24.1
  warnings.warn(f"A NumPy version >={np_minversion} and <{np_maxversion}"
[I 2023-11-16 17:11:10,323] A new study created in memory with name: no-name-8a701676-ff9e-464f-9ec6-ff09c74900d2
Cuda is available:  True
Device is:  cuda:0
Memory allocated:  0.0
Memory cached:  0.0
Vs.shape:  torch.Size([100, 100])
thetas.shape:  torch.Size([100, 100])
fs.shape:  torch.Size([100, 100])
ts.shape:  torch.Size([100, 100])
Xs.shape:  torch.Size([100, 100])
--------------------  Trial  0   --------------------
Start timing: 
Parameters: 
{'W_layers': 8, 'W_layer_units_exponent_0': 4, 'W_layer_units_exponent_1': 6, 'W_layer_units_exponent_2': 7, 'W_layer_units_exponent_3': 10, 'W_layer_units_exponent_4': 7, 'W_layer_units_exponent_5': 6, 'W_layer_units_exponent_6': 10, 'W_layer_units_exponent_7': 4, 'D_layers': 7, 'D_layer_units_exponent_0': 5, 'D_layer_units_exponent_1': 5, 'D_layer_units_exponent_2': 8, 'D_layer_units_exponent_3': 6, 'D_layer_units_exponent_4': 8, 'D_layer_units_exponent_5': 5, 'D_layer_units_exponent_6': 5, 'D_dagger_layers': 6, 'D_dagger_layer_units_exponent_0': 7, 'D_dagger_layer_units_exponent_1': 6, 'D_dagger_layer_units_exponent_2': 4, 'D_dagger_layer_units_exponent_3': 6, 'D_dagger_layer_units_exponent_4': 4, 'D_dagger_layer_units_exponent_5': 10, 'log_learning_rate': -2.557879646137392, 'log_learning_rate_D': -4.630603837288685, 'log_learning_rate_D_dagger': -3.3024468078362728, 'training_batch_size': 12, 'training_p': 5}
/home/shengduo/anaconda3/lib/python3.9/site-packages/torch/nn/init.py:405: UserWarning: Initializing zero-element tensors is a no-op
  warnings.warn("Initializing zero-element tensors is a no-op")
	 epoch  0 training error:  tensor(74.4666, device='cuda:0', grad_fn=<DivBackward0>)
Memory status after this epoch: 
Memory allocated:  6.38623046875
Memory cached:  10.0
	 epoch  10 training error:  tensor(8.4393, device='cuda:0', grad_fn=<DivBackward0>)
Memory status after this epoch: 
Memory allocated:  6.38623046875
Memory cached:  12.0
	 epoch  20 training error:  tensor(8.1927, device='cuda:0', grad_fn=<DivBackward0>)
Memory status after this epoch: 
Memory allocated:  6.38623046875
Memory cached:  12.0
	 epoch  30 training error:  tensor(2.8715, device='cuda:0', grad_fn=<DivBackward0>)
Memory status after this epoch: 
Memory allocated:  6.38623046875
Memory cached:  12.0
	 epoch  40 training error:  tensor(1.2051, device='cuda:0', grad_fn=<DivBackward0>)
Memory status after this epoch: 
Memory allocated:  6.38623046875
Memory cached:  12.0
	 epoch  50 training error:  tensor(1.9322, device='cuda:0', grad_fn=<DivBackward0>)
Memory status after this epoch: 
Memory allocated:  6.38623046875
Memory cached:  12.0
	 epoch  60 training error:  tensor(1.0110, device='cuda:0', grad_fn=<DivBackward0>)
Memory status after this epoch: 
Memory allocated:  6.38623046875
Memory cached:  12.0
	 epoch  70 training error:  tensor(1.1494, device='cuda:0', grad_fn=<DivBackward0>)
Memory status after this epoch: 
Memory allocated:  6.38623046875
Memory cached:  12.0
	 epoch  80 training error:  tensor(1.3302, device='cuda:0', grad_fn=<DivBackward0>)
Memory status after this epoch: 
Memory allocated:  6.38623046875
Memory cached:  12.0
	 epoch  90 training error:  tensor(0.9680, device='cuda:0', grad_fn=<DivBackward0>)
Memory status after this epoch: 
Memory allocated:  6.38623046875
Memory cached:  12.0
[I 2023-11-16 17:11:32,898] Trial 0 finished with value: 0.7597449421882629 and parameters: {'W_layers': 8, 'W_layer_units_exponent_0': 4, 'W_layer_units_exponent_1': 6, 'W_layer_units_exponent_2': 7, 'W_layer_units_exponent_3': 10, 'W_layer_units_exponent_4': 7, 'W_layer_units_exponent_5': 6, 'W_layer_units_exponent_6': 10, 'W_layer_units_exponent_7': 4, 'D_layers': 7, 'D_layer_units_exponent_0': 5, 'D_layer_units_exponent_1': 5, 'D_layer_units_exponent_2': 8, 'D_layer_units_exponent_3': 6, 'D_layer_units_exponent_4': 8, 'D_layer_units_exponent_5': 5, 'D_layer_units_exponent_6': 5, 'D_dagger_layers': 6, 'D_dagger_layer_units_exponent_0': 7, 'D_dagger_layer_units_exponent_1': 6, 'D_dagger_layer_units_exponent_2': 4, 'D_dagger_layer_units_exponent_3': 6, 'D_dagger_layer_units_exponent_4': 4, 'D_dagger_layer_units_exponent_5': 10, 'log_learning_rate': -2.557879646137392, 'log_learning_rate_D': -4.630603837288685, 'log_learning_rate_D_dagger': -3.3024468078362728, 'training_batch_size': 12, 'training_p': 5}. Best is trial 0 with value: 0.7597449421882629.
Time for this trial:  22.498295068740845
Memory status after this trial: 
Memory allocated:  205.6533203125
Memory cached:  258.0
--------------------  Trial  1   --------------------
Start timing: 
Parameters: 
{'W_layers': 4, 'W_layer_units_exponent_0': 4, 'W_layer_units_exponent_1': 10, 'W_layer_units_exponent_2': 4, 'W_layer_units_exponent_3': 6, 'D_layers': 6, 'D_layer_units_exponent_0': 4, 'D_layer_units_exponent_1': 10, 'D_layer_units_exponent_2': 8, 'D_layer_units_exponent_3': 6, 'D_layer_units_exponent_4': 6, 'D_layer_units_exponent_5': 8, 'D_dagger_layers': 8, 'D_dagger_layer_units_exponent_0': 6, 'D_dagger_layer_units_exponent_1': 7, 'D_dagger_layer_units_exponent_2': 10, 'D_dagger_layer_units_exponent_3': 7, 'D_dagger_layer_units_exponent_4': 4, 'D_dagger_layer_units_exponent_5': 6, 'D_dagger_layer_units_exponent_6': 9, 'D_dagger_layer_units_exponent_7': 10, 'log_learning_rate': -1.7697960370994155, 'log_learning_rate_D': -3.5180988063921186, 'log_learning_rate_D_dagger': -1.2970513096340541, 'training_batch_size': 11, 'training_p': 6}
	 epoch  0 training error:  tensor(61.9873, device='cuda:0', grad_fn=<DivBackward0>)
Memory status after this epoch: 
Memory allocated:  15.0244140625
Memory cached:  48.0
	 epoch  10 training error:  tensor(inf, device='cuda:0', grad_fn=<DivBackward0>)
Memory status after this epoch: 
Memory allocated:  15.0244140625
Memory cached:  50.0
	 epoch  20 training error:  tensor(inf, device='cuda:0', grad_fn=<DivBackward0>)
Memory status after this epoch: 
Memory allocated:  15.0244140625
Memory cached:  50.0
[W 2023-11-16 17:11:38,624] Trial 1 failed with parameters: {'W_layers': 4, 'W_layer_units_exponent_0': 4, 'W_layer_units_exponent_1': 10, 'W_layer_units_exponent_2': 4, 'W_layer_units_exponent_3': 6, 'D_layers': 6, 'D_layer_units_exponent_0': 4, 'D_layer_units_exponent_1': 10, 'D_layer_units_exponent_2': 8, 'D_layer_units_exponent_3': 6, 'D_layer_units_exponent_4': 6, 'D_layer_units_exponent_5': 8, 'D_dagger_layers': 8, 'D_dagger_layer_units_exponent_0': 6, 'D_dagger_layer_units_exponent_1': 7, 'D_dagger_layer_units_exponent_2': 10, 'D_dagger_layer_units_exponent_3': 7, 'D_dagger_layer_units_exponent_4': 4, 'D_dagger_layer_units_exponent_5': 6, 'D_dagger_layer_units_exponent_6': 9, 'D_dagger_layer_units_exponent_7': 10, 'log_learning_rate': -1.7697960370994155, 'log_learning_rate_D': -3.5180988063921186, 'log_learning_rate_D_dagger': -1.2970513096340541, 'training_batch_size': 11, 'training_p': 6} because of the following error: The value nan is not acceptable.
[W 2023-11-16 17:11:38,625] Trial 1 failed with value tensor(nan, device='cuda:0', grad_fn=<DivBackward0>).
Time for this trial:  5.640878915786743
Memory status after this trial: 
Memory allocated:  228.2333984375
Memory cached:  264.0
--------------------  Trial  2   --------------------
Start timing: 
Parameters: 
{'W_layers': 5, 'W_layer_units_exponent_0': 10, 'W_layer_units_exponent_1': 8, 'W_layer_units_exponent_2': 10, 'W_layer_units_exponent_3': 6, 'W_layer_units_exponent_4': 5, 'D_layers': 5, 'D_layer_units_exponent_0': 6, 'D_layer_units_exponent_1': 6, 'D_layer_units_exponent_2': 8, 'D_layer_units_exponent_3': 7, 'D_layer_units_exponent_4': 9, 'D_dagger_layers': 4, 'D_dagger_layer_units_exponent_0': 4, 'D_dagger_layer_units_exponent_1': 10, 'D_dagger_layer_units_exponent_2': 4, 'D_dagger_layer_units_exponent_3': 6, 'log_learning_rate': -1.083281303222631, 'log_learning_rate_D': -3.5741804939385657, 'log_learning_rate_D_dagger': -3.796209918074211, 'training_batch_size': 8, 'training_p': 7}
	 epoch  0 training error:  tensor(63.2983, device='cuda:0', grad_fn=<DivBackward0>)
Memory status after this epoch: 
Memory allocated:  10.2470703125
Memory cached:  14.0
	 epoch  10 training error:  tensor(34.0974, device='cuda:0', grad_fn=<DivBackward0>)
Memory status after this epoch: 
Memory allocated:  10.2470703125
Memory cached:  16.0
	 epoch  20 training error:  tensor(8.2965, device='cuda:0', grad_fn=<DivBackward0>)
Memory status after this epoch: 
Memory allocated:  10.2470703125
Memory cached:  16.0
	 epoch  30 training error:  tensor(4.6049, device='cuda:0', grad_fn=<DivBackward0>)
Memory status after this epoch: 
Memory allocated:  10.2470703125
Memory cached:  16.0
	 epoch  40 training error:  tensor(2.7364, device='cuda:0', grad_fn=<DivBackward0>)
Memory status after this epoch: 
Memory allocated:  10.2470703125
Memory cached:  16.0
	 epoch  50 training error:  tensor(1.5188, device='cuda:0', grad_fn=<DivBackward0>)
Memory status after this epoch: 
Memory allocated:  10.2470703125
Memory cached:  16.0
	 epoch  60 training error:  tensor(1.0565, device='cuda:0', grad_fn=<DivBackward0>)
Memory status after this epoch: 
Memory allocated:  10.2470703125
Memory cached:  16.0
	 epoch  70 training error:  tensor(1.0027, device='cuda:0', grad_fn=<DivBackward0>)
Memory status after this epoch: 
Memory allocated:  10.2470703125
Memory cached:  16.0
	 epoch  80 training error:  tensor(0.9338, device='cuda:0', grad_fn=<DivBackward0>)
Memory status after this epoch: 
Memory allocated:  10.2470703125
Memory cached:  16.0
	 epoch  90 training error:  tensor(0.9126, device='cuda:0', grad_fn=<DivBackward0>)
Memory status after this epoch: 
Memory allocated:  10.2470703125
Memory cached:  16.0
[I 2023-11-16 17:11:58,263] Trial 2 finished with value: 0.8966802954673767 and parameters: {'W_layers': 5, 'W_layer_units_exponent_0': 10, 'W_layer_units_exponent_1': 8, 'W_layer_units_exponent_2': 10, 'W_layer_units_exponent_3': 6, 'W_layer_units_exponent_4': 5, 'D_layers': 5, 'D_layer_units_exponent_0': 6, 'D_layer_units_exponent_1': 6, 'D_layer_units_exponent_2': 8, 'D_layer_units_exponent_3': 7, 'D_layer_units_exponent_4': 9, 'D_dagger_layers': 4, 'D_dagger_layer_units_exponent_0': 4, 'D_dagger_layer_units_exponent_1': 10, 'D_dagger_layer_units_exponent_2': 4, 'D_dagger_layer_units_exponent_3': 6, 'log_learning_rate': -1.083281303222631, 'log_learning_rate_D': -3.5741804939385657, 'log_learning_rate_D_dagger': -3.796209918074211, 'training_batch_size': 8, 'training_p': 7}. Best is trial 0 with value: 0.7597449421882629.
Time for this trial:  19.545685529708862
Memory status after this trial: 
Memory allocated:  195.1884765625
Memory cached:  234.0
--------------------  Trial  3   --------------------
Start timing: 
Parameters: 
{'W_layers': 3, 'W_layer_units_exponent_0': 9, 'W_layer_units_exponent_1': 5, 'W_layer_units_exponent_2': 5, 'D_layers': 8, 'D_layer_units_exponent_0': 8, 'D_layer_units_exponent_1': 8, 'D_layer_units_exponent_2': 5, 'D_layer_units_exponent_3': 8, 'D_layer_units_exponent_4': 9, 'D_layer_units_exponent_5': 5, 'D_layer_units_exponent_6': 8, 'D_layer_units_exponent_7': 7, 'D_dagger_layers': 6, 'D_dagger_layer_units_exponent_0': 8, 'D_dagger_layer_units_exponent_1': 9, 'D_dagger_layer_units_exponent_2': 10, 'D_dagger_layer_units_exponent_3': 4, 'D_dagger_layer_units_exponent_4': 6, 'D_dagger_layer_units_exponent_5': 7, 'log_learning_rate': -4.759450261013559, 'log_learning_rate_D': -3.1084509533361326, 'log_learning_rate_D_dagger': -2.8198070785821843, 'training_batch_size': 6, 'training_p': 2}
	 epoch  0 training error:  tensor(114.3671, device='cuda:0', grad_fn=<DivBackward0>)
Memory status after this epoch: 
Memory allocated:  11.89013671875
Memory cached:  48.0
	 epoch  10 training error:  tensor(11.0439, device='cuda:0', grad_fn=<DivBackward0>)
Memory status after this epoch: 
Memory allocated:  11.89013671875
Memory cached:  50.0
	 epoch  20 training error:  tensor(18.2751, device='cuda:0', grad_fn=<DivBackward0>)
Memory status after this epoch: 
Memory allocated:  11.89013671875
Memory cached:  52.0
	 epoch  30 training error:  tensor(13.6030, device='cuda:0', grad_fn=<DivBackward0>)
Memory status after this epoch: 
Memory allocated:  11.89013671875
Memory cached:  50.0
	 epoch  40 training error:  tensor(29.1515, device='cuda:0', grad_fn=<DivBackward0>)
Memory status after this epoch: 
Memory allocated:  11.89013671875
Memory cached:  50.0
	 epoch  50 training error:  tensor(10.5238, device='cuda:0', grad_fn=<DivBackward0>)
Memory status after this epoch: 
Memory allocated:  11.89013671875
Memory cached:  50.0
	 epoch  60 training error:  tensor(10.7092, device='cuda:0', grad_fn=<DivBackward0>)
Memory status after this epoch: 
Memory allocated:  11.89013671875
Memory cached:  50.0
	 epoch  70 training error:  tensor(6.9625, device='cuda:0', grad_fn=<DivBackward0>)
Memory status after this epoch: 
Memory allocated:  11.89013671875
Memory cached:  50.0
	 epoch  80 training error:  tensor(8.8077, device='cuda:0', grad_fn=<DivBackward0>)
Memory status after this epoch: 
Memory allocated:  11.89013671875
Memory cached:  50.0
	 epoch  90 training error:  tensor(3.8765, device='cuda:0', grad_fn=<DivBackward0>)
Memory status after this epoch: 
Memory allocated:  11.89013671875
Memory cached:  50.0
[I 2023-11-16 17:12:19,079] Trial 3 finished with value: 3.6165695190429688 and parameters: {'W_layers': 3, 'W_layer_units_exponent_0': 9, 'W_layer_units_exponent_1': 5, 'W_layer_units_exponent_2': 5, 'D_layers': 8, 'D_layer_units_exponent_0': 8, 'D_layer_units_exponent_1': 8, 'D_layer_units_exponent_2': 5, 'D_layer_units_exponent_3': 8, 'D_layer_units_exponent_4': 9, 'D_layer_units_exponent_5': 5, 'D_layer_units_exponent_6': 8, 'D_layer_units_exponent_7': 7, 'D_dagger_layers': 6, 'D_dagger_layer_units_exponent_0': 8, 'D_dagger_layer_units_exponent_1': 9, 'D_dagger_layer_units_exponent_2': 10, 'D_dagger_layer_units_exponent_3': 4, 'D_dagger_layer_units_exponent_4': 6, 'D_dagger_layer_units_exponent_5': 7, 'log_learning_rate': -4.759450261013559, 'log_learning_rate_D': -3.1084509533361326, 'log_learning_rate_D_dagger': -2.8198070785821843, 'training_batch_size': 6, 'training_p': 2}. Best is trial 0 with value: 0.7597449421882629.
Time for this trial:  20.724972248077393
Memory status after this trial: 
Memory allocated:  146.6142578125
Memory cached:  156.0
--------------------  Trial  4   --------------------
Start timing: 
Parameters: 
{'W_layers': 4, 'W_layer_units_exponent_0': 4, 'W_layer_units_exponent_1': 4, 'W_layer_units_exponent_2': 7, 'W_layer_units_exponent_3': 5, 'D_layers': 6, 'D_layer_units_exponent_0': 9, 'D_layer_units_exponent_1': 6, 'D_layer_units_exponent_2': 6, 'D_layer_units_exponent_3': 9, 'D_layer_units_exponent_4': 9, 'D_layer_units_exponent_5': 10, 'D_dagger_layers': 2, 'D_dagger_layer_units_exponent_0': 5, 'D_dagger_layer_units_exponent_1': 7, 'log_learning_rate': -3.592724331021788, 'log_learning_rate_D': -2.423418685420731, 'log_learning_rate_D_dagger': -4.76799348060347, 'training_batch_size': 12, 'training_p': 3}
	 epoch  0 training error:  tensor(114.5563, device='cuda:0', grad_fn=<DivBackward0>)
Memory status after this epoch: 
Memory allocated:  3.61865234375
Memory cached:  28.0
	 epoch  10 training error:  tensor(100.2229, device='cuda:0', grad_fn=<DivBackward0>)
Memory status after this epoch: 
Memory allocated:  3.61865234375
Memory cached:  30.0
	 epoch  20 training error:  tensor(84.8305, device='cuda:0', grad_fn=<DivBackward0>)
Memory status after this epoch: 
Memory allocated:  3.61865234375
Memory cached:  30.0
	 epoch  30 training error:  tensor(65.6315, device='cuda:0', grad_fn=<DivBackward0>)
Memory status after this epoch: 
Memory allocated:  3.61865234375
Memory cached:  30.0
	 epoch  40 training error:  tensor(39.5289, device='cuda:0', grad_fn=<DivBackward0>)
Memory status after this epoch: 
Memory allocated:  3.61865234375
Memory cached:  30.0
	 epoch  50 training error:  tensor(4.2304, device='cuda:0', grad_fn=<DivBackward0>)
Memory status after this epoch: 
Memory allocated:  3.61865234375
Memory cached:  30.0
	 epoch  60 training error:  tensor(8.3906, device='cuda:0', grad_fn=<DivBackward0>)
Memory status after this epoch: 
Memory allocated:  3.61865234375
Memory cached:  30.0
	 epoch  70 training error:  tensor(5.3157, device='cuda:0', grad_fn=<DivBackward0>)
Memory status after this epoch: 
Memory allocated:  3.61865234375
Memory cached:  30.0
	 epoch  80 training error:  tensor(2.9165, device='cuda:0', grad_fn=<DivBackward0>)
Memory status after this epoch: 
Memory allocated:  3.61865234375
Memory cached:  30.0
	 epoch  90 training error:  tensor(2.6709, device='cuda:0', grad_fn=<DivBackward0>)
Memory status after this epoch: 
Memory allocated:  3.61865234375
Memory cached:  30.0
[I 2023-11-16 17:12:34,483] Trial 4 finished with value: 2.9345738887786865 and parameters: {'W_layers': 4, 'W_layer_units_exponent_0': 4, 'W_layer_units_exponent_1': 4, 'W_layer_units_exponent_2': 7, 'W_layer_units_exponent_3': 5, 'D_layers': 6, 'D_layer_units_exponent_0': 9, 'D_layer_units_exponent_1': 6, 'D_layer_units_exponent_2': 6, 'D_layer_units_exponent_3': 9, 'D_layer_units_exponent_4': 9, 'D_layer_units_exponent_5': 10, 'D_dagger_layers': 2, 'D_dagger_layer_units_exponent_0': 5, 'D_dagger_layer_units_exponent_1': 7, 'log_learning_rate': -3.592724331021788, 'log_learning_rate_D': -2.423418685420731, 'log_learning_rate_D_dagger': -4.76799348060347, 'training_batch_size': 12, 'training_p': 3}. Best is trial 0 with value: 0.7597449421882629.
Time for this trial:  15.317604064941406
Memory status after this trial: 
Memory allocated:  19.1181640625
Memory cached:  22.0
--------------------  Trial  5   --------------------
Start timing: 
Parameters: 
{'W_layers': 2, 'W_layer_units_exponent_0': 7, 'W_layer_units_exponent_1': 6, 'D_layers': 8, 'D_layer_units_exponent_0': 4, 'D_layer_units_exponent_1': 10, 'D_layer_units_exponent_2': 8, 'D_layer_units_exponent_3': 9, 'D_layer_units_exponent_4': 9, 'D_layer_units_exponent_5': 7, 'D_layer_units_exponent_6': 4, 'D_layer_units_exponent_7': 5, 'D_dagger_layers': 7, 'D_dagger_layer_units_exponent_0': 6, 'D_dagger_layer_units_exponent_1': 10, 'D_dagger_layer_units_exponent_2': 7, 'D_dagger_layer_units_exponent_3': 6, 'D_dagger_layer_units_exponent_4': 8, 'D_dagger_layer_units_exponent_5': 5, 'D_dagger_layer_units_exponent_6': 4, 'log_learning_rate': -2.050886416723706, 'log_learning_rate_D': -1.4182310543505015, 'log_learning_rate_D_dagger': -1.3094784577256946, 'training_batch_size': 12, 'training_p': 2}
	 epoch  0 training error:  tensor(107.0545, device='cuda:0', grad_fn=<DivBackward0>)
Memory status after this epoch: 
Memory allocated:  6.666015625
Memory cached:  12.0
	 epoch  10 training error:  tensor(44.3990, device='cuda:0', grad_fn=<DivBackward0>)
Memory status after this epoch: 
Memory allocated:  6.666015625
Memory cached:  12.0
	 epoch  20 training error:  tensor(2.4370, device='cuda:0', grad_fn=<DivBackward0>)
Memory status after this epoch: 
Memory allocated:  6.666015625
Memory cached:  12.0
	 epoch  30 training error:  tensor(4.2963, device='cuda:0', grad_fn=<DivBackward0>)
Memory status after this epoch: 
Memory allocated:  6.666015625
Memory cached:  12.0
	 epoch  40 training error:  tensor(11.5996, device='cuda:0', grad_fn=<DivBackward0>)
Memory status after this epoch: 
Memory allocated:  6.666015625
Memory cached:  12.0
	 epoch  50 training error:  tensor(2.0321, device='cuda:0', grad_fn=<DivBackward0>)
Memory status after this epoch: 
Memory allocated:  6.666015625
Memory cached:  12.0
	 epoch  60 training error:  tensor(3.2244, device='cuda:0', grad_fn=<DivBackward0>)
Memory status after this epoch: 
Memory allocated:  6.666015625
Memory cached:  12.0
	 epoch  70 training error:  tensor(7.8646, device='cuda:0', grad_fn=<DivBackward0>)
Memory status after this epoch: 
Memory allocated:  6.666015625
Memory cached:  12.0
	 epoch  80 training error:  tensor(2.5213, device='cuda:0', grad_fn=<DivBackward0>)
Memory status after this epoch: 
Memory allocated:  6.666015625
Memory cached:  12.0
	 epoch  90 training error:  tensor(3.8291, device='cuda:0', grad_fn=<DivBackward0>)
Memory status after this epoch: 
Memory allocated:  6.666015625
Memory cached:  12.0
