[I 2023-11-16 21:56:46,810] Trial 40 finished with value: 0.9261110424995422 and parameters: {'W_layers': 7, 'W_layer_units_exponent_0': 4, 'W_layer_units_exponent_1': 8, 'W_layer_units_exponent_2': 9, 'W_layer_units_exponent_3': 10, 'W_layer_units_exponent_4': 8, 'W_layer_units_exponent_5': 4, 'W_layer_units_exponent_6': 5, 'D_layers': 5, 'D_layer_units_exponent_0': 9, 'D_layer_units_exponent_1': 6, 'D_layer_units_exponent_2': 5, 'D_layer_units_exponent_3': 10, 'D_layer_units_exponent_4': 10, 'log_learning_rate': -3.3763522046950776, 'log_learning_rate_D': -1.998099163768789, 'training_batch_size': 10, 'training_p': 7}. Best is trial 32 with value: 0.7752977609634399.
Time for this trial:  188.76230263710022
Memory status after this trial: 
Memory allocated:  684.857421875
Memory cached:  704.0
--------------------  Trial  41   --------------------
Start timing: 
Parameters: 
{'W_layers': 5, 'W_layer_units_exponent_0': 8, 'W_layer_units_exponent_1': 5, 'W_layer_units_exponent_2': 5, 'W_layer_units_exponent_3': 7, 'W_layer_units_exponent_4': 5, 'D_layers': 6, 'D_layer_units_exponent_0': 8, 'D_layer_units_exponent_1': 10, 'D_layer_units_exponent_2': 5, 'D_layer_units_exponent_3': 8, 'D_layer_units_exponent_4': 10, 'D_layer_units_exponent_5': 6, 'log_learning_rate': -4.2577094299391955, 'log_learning_rate_D': -1.3184051325138422, 'training_batch_size': 11, 'training_p': 2}
	 epoch  0 training error:  tensor(1.1966, device='cuda:0', grad_fn=<DivBackward0>)
	 epoch  0 test error:  tensor(6.0131, device='cuda:0', grad_fn=<DivBackward0>)
Memory status after this epoch: 
Memory allocated:  259.3798828125
Memory cached:  304.0
	 epoch  10 training error:  tensor(0.4442, device='cuda:0', grad_fn=<DivBackward0>)
	 epoch  10 test error:  tensor(2.0506, device='cuda:0', grad_fn=<DivBackward0>)
Memory status after this epoch: 
Memory allocated:  260.5517578125
Memory cached:  512.0
	 epoch  20 training error:  tensor(0.5191, device='cuda:0', grad_fn=<DivBackward0>)
	 epoch  20 test error:  tensor(2.5149, device='cuda:0', grad_fn=<DivBackward0>)
Memory status after this epoch: 
Memory allocated:  259.8017578125
Memory cached:  512.0
	 epoch  30 training error:  tensor(0.4376, device='cuda:0', grad_fn=<DivBackward0>)
	 epoch  30 test error:  tensor(1.9423, device='cuda:0', grad_fn=<DivBackward0>)
Memory status after this epoch: 
Memory allocated:  260.5986328125
Memory cached:  512.0
	 epoch  40 training error:  tensor(0.2748, device='cuda:0', grad_fn=<DivBackward0>)
	 epoch  40 test error:  tensor(1.0230, device='cuda:0', grad_fn=<DivBackward0>)
Memory status after this epoch: 
Memory allocated:  259.3330078125
Memory cached:  514.0
	 epoch  50 training error:  tensor(0.2028, device='cuda:0', grad_fn=<DivBackward0>)
	 epoch  50 test error:  tensor(0.8695, device='cuda:0', grad_fn=<DivBackward0>)
Memory status after this epoch: 
Memory allocated:  260.6455078125
Memory cached:  514.0
	 epoch  60 training error:  tensor(0.2133, device='cuda:0', grad_fn=<DivBackward0>)
	 epoch  60 test error:  tensor(1.0048, device='cuda:0', grad_fn=<DivBackward0>)
Memory status after this epoch: 
Memory allocated:  259.6611328125
Memory cached:  516.0
	 epoch  70 training error:  tensor(0.2039, device='cuda:0', grad_fn=<DivBackward0>)
	 epoch  70 test error:  tensor(0.8711, device='cuda:0', grad_fn=<DivBackward0>)
Memory status after this epoch: 
Memory allocated:  260.3642578125
Memory cached:  516.0
	 epoch  80 training error:  tensor(0.2016, device='cuda:0', grad_fn=<DivBackward0>)
	 epoch  80 test error:  tensor(0.7860, device='cuda:0', grad_fn=<DivBackward0>)
Memory status after this epoch: 
Memory allocated:  259.6142578125
Memory cached:  516.0
	 epoch  90 training error:  tensor(0.2019, device='cuda:0', grad_fn=<DivBackward0>)
	 epoch  90 test error:  tensor(0.7815, device='cuda:0', grad_fn=<DivBackward0>)
Memory status after this epoch: 
Memory allocated:  260.3642578125
Memory cached:  516.0
[I 2023-11-16 21:59:36,583] Trial 41 finished with value: 0.803135335445404 and parameters: {'W_layers': 5, 'W_layer_units_exponent_0': 8, 'W_layer_units_exponent_1': 5, 'W_layer_units_exponent_2': 5, 'W_layer_units_exponent_3': 7, 'W_layer_units_exponent_4': 5, 'D_layers': 6, 'D_layer_units_exponent_0': 8, 'D_layer_units_exponent_1': 10, 'D_layer_units_exponent_2': 5, 'D_layer_units_exponent_3': 8, 'D_layer_units_exponent_4': 10, 'D_layer_units_exponent_5': 6, 'log_learning_rate': -4.2577094299391955, 'log_learning_rate_D': -1.3184051325138422, 'training_batch_size': 11, 'training_p': 2}. Best is trial 32 with value: 0.7752977609634399.
Time for this trial:  169.47232174873352
Memory status after this trial: 
Memory allocated:  498.8271484375
Memory cached:  512.0
--------------------  Trial  42   --------------------
Start timing: 
Parameters: 
{'W_layers': 5, 'W_layer_units_exponent_0': 8, 'W_layer_units_exponent_1': 5, 'W_layer_units_exponent_2': 4, 'W_layer_units_exponent_3': 8, 'W_layer_units_exponent_4': 5, 'D_layers': 7, 'D_layer_units_exponent_0': 8, 'D_layer_units_exponent_1': 10, 'D_layer_units_exponent_2': 5, 'D_layer_units_exponent_3': 8, 'D_layer_units_exponent_4': 9, 'D_layer_units_exponent_5': 6, 'D_layer_units_exponent_6': 5, 'log_learning_rate': -4.229830587717339, 'log_learning_rate_D': -1.5722104973517141, 'training_batch_size': 11, 'training_p': 2}
	 epoch  0 training error:  tensor(1.2378, device='cuda:0', grad_fn=<DivBackward0>)
	 epoch  0 test error:  tensor(7.1270, device='cuda:0', grad_fn=<DivBackward0>)
Memory status after this epoch: 
Memory allocated:  238.72021484375
Memory cached:  302.0
	 epoch  10 training error:  tensor(0.3662, device='cuda:0', grad_fn=<DivBackward0>)
	 epoch  10 test error:  tensor(1.1706, device='cuda:0', grad_fn=<DivBackward0>)
Memory status after this epoch: 
Memory allocated:  237.97021484375
Memory cached:  470.0
	 epoch  20 training error:  tensor(0.3160, device='cuda:0', grad_fn=<DivBackward0>)
	 epoch  20 test error:  tensor(1.6960, device='cuda:0', grad_fn=<DivBackward0>)
Memory status after this epoch: 
Memory allocated:  238.72021484375
Memory cached:  470.0
	 epoch  30 training error:  tensor(0.2193, device='cuda:0', grad_fn=<DivBackward0>)
	 epoch  30 test error:  tensor(0.8290, device='cuda:0', grad_fn=<DivBackward0>)
Memory status after this epoch: 
Memory allocated:  237.97021484375
Memory cached:  470.0
	 epoch  40 training error:  tensor(0.2022, device='cuda:0', grad_fn=<DivBackward0>)
	 epoch  40 test error:  tensor(0.8925, device='cuda:0', grad_fn=<DivBackward0>)
Memory status after this epoch: 
Memory allocated:  238.72021484375
Memory cached:  472.0
	 epoch  50 training error:  tensor(0.2022, device='cuda:0', grad_fn=<DivBackward0>)
	 epoch  50 test error:  tensor(0.8254, device='cuda:0', grad_fn=<DivBackward0>)
Memory status after this epoch: 
Memory allocated:  237.97021484375
Memory cached:  470.0
	 epoch  60 training error:  tensor(0.2027, device='cuda:0', grad_fn=<DivBackward0>)
	 epoch  60 test error:  tensor(0.7762, device='cuda:0', grad_fn=<DivBackward0>)
Memory status after this epoch: 
Memory allocated:  238.72021484375
Memory cached:  472.0
	 epoch  70 training error:  tensor(0.2020, device='cuda:0', grad_fn=<DivBackward0>)
	 epoch  70 test error:  tensor(0.8406, device='cuda:0', grad_fn=<DivBackward0>)
Memory status after this epoch: 
Memory allocated:  237.97021484375
Memory cached:  474.0
	 epoch  80 training error:  tensor(0.2015, device='cuda:0', grad_fn=<DivBackward0>)
	 epoch  80 test error:  tensor(0.7907, device='cuda:0', grad_fn=<DivBackward0>)
Memory status after this epoch: 
Memory allocated:  238.72021484375
Memory cached:  476.0
	 epoch  90 training error:  tensor(0.2014, device='cuda:0', grad_fn=<DivBackward0>)
	 epoch  90 test error:  tensor(0.8189, device='cuda:0', grad_fn=<DivBackward0>)
Memory status after this epoch: 
Memory allocated:  237.97021484375
Memory cached:  474.0
[I 2023-11-16 22:02:36,924] Trial 42 finished with value: 0.8035165071487427 and parameters: {'W_layers': 5, 'W_layer_units_exponent_0': 8, 'W_layer_units_exponent_1': 5, 'W_layer_units_exponent_2': 4, 'W_layer_units_exponent_3': 8, 'W_layer_units_exponent_4': 5, 'D_layers': 7, 'D_layer_units_exponent_0': 8, 'D_layer_units_exponent_1': 10, 'D_layer_units_exponent_2': 5, 'D_layer_units_exponent_3': 8, 'D_layer_units_exponent_4': 9, 'D_layer_units_exponent_5': 6, 'D_layer_units_exponent_6': 5, 'log_learning_rate': -4.229830587717339, 'log_learning_rate_D': -1.5722104973517141, 'training_batch_size': 11, 'training_p': 2}. Best is trial 32 with value: 0.7752977609634399.
Time for this trial:  180.03677463531494
Memory status after this trial: 
Memory allocated:  459.166015625
Memory cached:  474.0
--------------------  Trial  43   --------------------
Start timing: 
Parameters: 
{'W_layers': 5, 'W_layer_units_exponent_0': 8, 'W_layer_units_exponent_1': 4, 'W_layer_units_exponent_2': 4, 'W_layer_units_exponent_3': 8, 'W_layer_units_exponent_4': 5, 'D_layers': 6, 'D_layer_units_exponent_0': 8, 'D_layer_units_exponent_1': 10, 'D_layer_units_exponent_2': 4, 'D_layer_units_exponent_3': 8, 'D_layer_units_exponent_4': 9, 'D_layer_units_exponent_5': 6, 'log_learning_rate': -4.244661233792631, 'log_learning_rate_D': -1.3525984952218228, 'training_batch_size': 12, 'training_p': 2}
	 epoch  0 training error:  tensor(0.2684, device='cuda:0', grad_fn=<DivBackward0>)
	 epoch  0 test error:  tensor(4.6720, device='cuda:0', grad_fn=<DivBackward0>)
Memory status after this epoch: 
Memory allocated:  234.505859375
Memory cached:  298.0
	 epoch  10 training error:  tensor(0.2022, device='cuda:0', grad_fn=<DivBackward0>)
	 epoch  10 test error:  tensor(0.8093, device='cuda:0', grad_fn=<DivBackward0>)
Memory status after this epoch: 
Memory allocated:  235.255859375
Memory cached:  464.0
	 epoch  20 training error:  tensor(0.2018, device='cuda:0', grad_fn=<DivBackward0>)
	 epoch  20 test error:  tensor(0.8144, device='cuda:0', grad_fn=<DivBackward0>)
Memory status after this epoch: 
Memory allocated:  234.505859375
Memory cached:  464.0
	 epoch  30 training error:  tensor(0.2015, device='cuda:0', grad_fn=<DivBackward0>)
	 epoch  30 test error:  tensor(0.8100, device='cuda:0', grad_fn=<DivBackward0>)
Memory status after this epoch: 
Memory allocated:  235.255859375
Memory cached:  464.0
	 epoch  40 training error:  tensor(0.2013, device='cuda:0', grad_fn=<DivBackward0>)
	 epoch  40 test error:  tensor(0.8033, device='cuda:0', grad_fn=<DivBackward0>)
Memory status after this epoch: 
Memory allocated:  234.505859375
Memory cached:  464.0
	 epoch  50 training error:  tensor(0.2013, device='cuda:0', grad_fn=<DivBackward0>)
	 epoch  50 test error:  tensor(0.8006, device='cuda:0', grad_fn=<DivBackward0>)
Memory status after this epoch: 
Memory allocated:  235.255859375
Memory cached:  464.0
	 epoch  60 training error:  tensor(0.2013, device='cuda:0', grad_fn=<DivBackward0>)
	 epoch  60 test error:  tensor(0.8046, device='cuda:0', grad_fn=<DivBackward0>)
Memory status after this epoch: 
Memory allocated:  234.505859375
Memory cached:  466.0
	 epoch  70 training error:  tensor(0.2013, device='cuda:0', grad_fn=<DivBackward0>)
	 epoch  70 test error:  tensor(0.8101, device='cuda:0', grad_fn=<DivBackward0>)
Memory status after this epoch: 
Memory allocated:  235.255859375
Memory cached:  466.0
	 epoch  80 training error:  tensor(0.2013, device='cuda:0', grad_fn=<DivBackward0>)
	 epoch  80 test error:  tensor(0.8091, device='cuda:0', grad_fn=<DivBackward0>)
Memory status after this epoch: 
Memory allocated:  234.505859375
Memory cached:  468.0
	 epoch  90 training error:  tensor(0.2013, device='cuda:0', grad_fn=<DivBackward0>)
	 epoch  90 test error:  tensor(0.8070, device='cuda:0', grad_fn=<DivBackward0>)
Memory status after this epoch: 
Memory allocated:  235.255859375
Memory cached:  466.0
[I 2023-11-16 22:05:24,921] Trial 43 finished with value: 0.807941734790802 and parameters: {'W_layers': 5, 'W_layer_units_exponent_0': 8, 'W_layer_units_exponent_1': 4, 'W_layer_units_exponent_2': 4, 'W_layer_units_exponent_3': 8, 'W_layer_units_exponent_4': 5, 'D_layers': 6, 'D_layer_units_exponent_0': 8, 'D_layer_units_exponent_1': 10, 'D_layer_units_exponent_2': 4, 'D_layer_units_exponent_3': 8, 'D_layer_units_exponent_4': 9, 'D_layer_units_exponent_5': 6, 'log_learning_rate': -4.244661233792631, 'log_learning_rate_D': -1.3525984952218228, 'training_batch_size': 12, 'training_p': 2}. Best is trial 32 with value: 0.7752977609634399.
Time for this trial:  167.7093744277954
Memory status after this trial: 
Memory allocated:  452.85546875
Memory cached:  466.0
--------------------  Trial  44   --------------------
Start timing: 
Parameters: 
{'W_layers': 4, 'W_layer_units_exponent_0': 9, 'W_layer_units_exponent_1': 5, 'W_layer_units_exponent_2': 5, 'W_layer_units_exponent_3': 9, 'D_layers': 6, 'D_layer_units_exponent_0': 7, 'D_layer_units_exponent_1': 10, 'D_layer_units_exponent_2': 5, 'D_layer_units_exponent_3': 8, 'D_layer_units_exponent_4': 10, 'D_layer_units_exponent_5': 5, 'log_learning_rate': -4.631774590142304, 'log_learning_rate_D': -1.2285380647666242, 'training_batch_size': 11, 'training_p': 2}
	 epoch  0 training error:  tensor(0.7185, device='cuda:0', grad_fn=<DivBackward0>)
	 epoch  0 test error:  tensor(2.8137, device='cuda:0', grad_fn=<DivBackward0>)
Memory status after this epoch: 
Memory allocated:  282.14501953125
Memory cached:  344.0
	 epoch  10 training error:  tensor(0.2868, device='cuda:0', grad_fn=<DivBackward0>)
	 epoch  10 test error:  tensor(1.4923, device='cuda:0', grad_fn=<DivBackward0>)
Memory status after this epoch: 
Memory allocated:  281.39501953125
Memory cached:  558.0
	 epoch  20 training error:  tensor(0.2247, device='cuda:0', grad_fn=<DivBackward0>)
	 epoch  20 test error:  tensor(0.7357, device='cuda:0', grad_fn=<DivBackward0>)
Memory status after this epoch: 
Memory allocated:  282.14501953125
Memory cached:  558.0
	 epoch  30 training error:  tensor(0.2070, device='cuda:0', grad_fn=<DivBackward0>)
	 epoch  30 test error:  tensor(0.8810, device='cuda:0', grad_fn=<DivBackward0>)
Memory status after this epoch: 
Memory allocated:  281.39501953125
Memory cached:  558.0
	 epoch  40 training error:  tensor(0.2021, device='cuda:0', grad_fn=<DivBackward0>)
	 epoch  40 test error:  tensor(0.7998, device='cuda:0', grad_fn=<DivBackward0>)
Memory status after this epoch: 
Memory allocated:  282.14501953125
Memory cached:  558.0
	 epoch  50 training error:  tensor(0.2013, device='cuda:0', grad_fn=<DivBackward0>)
	 epoch  50 test error:  tensor(0.7902, device='cuda:0', grad_fn=<DivBackward0>)
Memory status after this epoch: 
Memory allocated:  281.39501953125
Memory cached:  560.0
	 epoch  60 training error:  tensor(0.2016, device='cuda:0', grad_fn=<DivBackward0>)
	 epoch  60 test error:  tensor(0.8350, device='cuda:0', grad_fn=<DivBackward0>)
Memory status after this epoch: 
Memory allocated:  282.14501953125
Memory cached:  562.0
	 epoch  70 training error:  tensor(0.2015, device='cuda:0', grad_fn=<DivBackward0>)
	 epoch  70 test error:  tensor(0.7955, device='cuda:0', grad_fn=<DivBackward0>)
Memory status after this epoch: 
Memory allocated:  281.39501953125
Memory cached:  564.0
	 epoch  80 training error:  tensor(0.2013, device='cuda:0', grad_fn=<DivBackward0>)
	 epoch  80 test error:  tensor(0.8071, device='cuda:0', grad_fn=<DivBackward0>)
Memory status after this epoch: 
Memory allocated:  282.14501953125
Memory cached:  560.0
	 epoch  90 training error:  tensor(0.2013, device='cuda:0', grad_fn=<DivBackward0>)
	 epoch  90 test error:  tensor(0.8137, device='cuda:0', grad_fn=<DivBackward0>)
Memory status after this epoch: 
Memory allocated:  281.39501953125
Memory cached:  560.0
[I 2023-11-16 22:08:12,771] Trial 44 finished with value: 0.8052366375923157 and parameters: {'W_layers': 4, 'W_layer_units_exponent_0': 9, 'W_layer_units_exponent_1': 5, 'W_layer_units_exponent_2': 5, 'W_layer_units_exponent_3': 9, 'D_layers': 6, 'D_layer_units_exponent_0': 7, 'D_layer_units_exponent_1': 10, 'D_layer_units_exponent_2': 5, 'D_layer_units_exponent_3': 8, 'D_layer_units_exponent_4': 10, 'D_layer_units_exponent_5': 5, 'log_learning_rate': -4.631774590142304, 'log_learning_rate_D': -1.2285380647666242, 'training_batch_size': 11, 'training_p': 2}. Best is trial 32 with value: 0.7752977609634399.
Time for this trial:  167.58183574676514
Memory status after this trial: 
Memory allocated:  545.734375
Memory cached:  560.0
--------------------  Trial  45   --------------------
Start timing: 
Parameters: 
{'W_layers': 5, 'W_layer_units_exponent_0': 7, 'W_layer_units_exponent_1': 6, 'W_layer_units_exponent_2': 4, 'W_layer_units_exponent_3': 8, 'W_layer_units_exponent_4': 10, 'D_layers': 7, 'D_layer_units_exponent_0': 8, 'D_layer_units_exponent_1': 9, 'D_layer_units_exponent_2': 5, 'D_layer_units_exponent_3': 9, 'D_layer_units_exponent_4': 9, 'D_layer_units_exponent_5': 6, 'D_layer_units_exponent_6': 5, 'log_learning_rate': -4.060405776247954, 'log_learning_rate_D': -1.367424624537933, 'training_batch_size': 12, 'training_p': 3}
	 epoch  0 training error:  tensor(0.3870, device='cuda:0', grad_fn=<DivBackward0>)
	 epoch  0 test error:  tensor(3.1080, device='cuda:0', grad_fn=<DivBackward0>)
Memory status after this epoch: 
Memory allocated:  276.06005859375
Memory cached:  340.0
	 epoch  10 training error:  tensor(0.3390, device='cuda:0', grad_fn=<DivBackward0>)
	 epoch  10 test error:  tensor(1.0437, device='cuda:0', grad_fn=<DivBackward0>)
Memory status after this epoch: 
Memory allocated:  276.81005859375
Memory cached:  542.0
	 epoch  20 training error:  tensor(0.2632, device='cuda:0', grad_fn=<DivBackward0>)
	 epoch  20 test error:  tensor(0.7788, device='cuda:0', grad_fn=<DivBackward0>)
Memory status after this epoch: 
Memory allocated:  276.06005859375
Memory cached:  542.0
	 epoch  30 training error:  tensor(0.2403, device='cuda:0', grad_fn=<DivBackward0>)
	 epoch  30 test error:  tensor(0.8672, device='cuda:0', grad_fn=<DivBackward0>)
Memory status after this epoch: 
Memory allocated:  276.81005859375
Memory cached:  542.0
	 epoch  40 training error:  tensor(0.2339, device='cuda:0', grad_fn=<DivBackward0>)
	 epoch  40 test error:  tensor(0.9614, device='cuda:0', grad_fn=<DivBackward0>)
Memory status after this epoch: 
Memory allocated:  276.06005859375
Memory cached:  542.0
	 epoch  50 training error:  tensor(0.2353, device='cuda:0', grad_fn=<DivBackward0>)
	 epoch  50 test error:  tensor(0.9561, device='cuda:0', grad_fn=<DivBackward0>)
Memory status after this epoch: 
Memory allocated:  276.81005859375
Memory cached:  542.0
	 epoch  60 training error:  tensor(0.2342, device='cuda:0', grad_fn=<DivBackward0>)
	 epoch  60 test error:  tensor(0.8752, device='cuda:0', grad_fn=<DivBackward0>)
Memory status after this epoch: 
Memory allocated:  276.06005859375
Memory cached:  542.0
	 epoch  70 training error:  tensor(0.2340, device='cuda:0', grad_fn=<DivBackward0>)
	 epoch  70 test error:  tensor(0.8543, device='cuda:0', grad_fn=<DivBackward0>)
Memory status after this epoch: 
Memory allocated:  276.81005859375
Memory cached:  544.0
	 epoch  80 training error:  tensor(0.2339, device='cuda:0', grad_fn=<DivBackward0>)
	 epoch  80 test error:  tensor(0.8896, device='cuda:0', grad_fn=<DivBackward0>)
Memory status after this epoch: 
Memory allocated:  276.06005859375
Memory cached:  544.0
	 epoch  90 training error:  tensor(0.2339, device='cuda:0', grad_fn=<DivBackward0>)
	 epoch  90 test error:  tensor(0.8794, device='cuda:0', grad_fn=<DivBackward0>)
Memory status after this epoch: 
Memory allocated:  276.81005859375
Memory cached:  544.0
