[I 2023-11-16 01:25:52,966] Trial 7 finished with value: 0.07304592430591583 and parameters: {'W_layers': 3, 'W_layer_units_exponent_0': 10, 'W_layer_units_exponent_1': 9, 'W_layer_units_exponent_2': 7, 'D_layers': 5, 'D_layer_units_exponent_0': 5, 'D_layer_units_exponent_1': 4, 'D_layer_units_exponent_2': 10, 'D_layer_units_exponent_3': 7, 'D_layer_units_exponent_4': 6, 'log_learning_rate': -1.760219806072357, 'log_learning_rate_D': -4.698625528907067, 'training_batch_size': 6, 'training_p': 5}. Best is trial 6 with value: 0.03164605796337128.
Time for this trial:  238.47849106788635
Memory status after this trial: 
Memory allocated:  926.05712890625
Memory cached:  938.0
--------------------  Trial  8   --------------------
Start timing: 
Parameters: 
{'W_layers': 7, 'W_layer_units_exponent_0': 9, 'W_layer_units_exponent_1': 7, 'W_layer_units_exponent_2': 10, 'W_layer_units_exponent_3': 7, 'W_layer_units_exponent_4': 6, 'W_layer_units_exponent_5': 4, 'W_layer_units_exponent_6': 10, 'D_layers': 8, 'D_layer_units_exponent_0': 7, 'D_layer_units_exponent_1': 4, 'D_layer_units_exponent_2': 7, 'D_layer_units_exponent_3': 9, 'D_layer_units_exponent_4': 5, 'D_layer_units_exponent_5': 10, 'D_layer_units_exponent_6': 5, 'D_layer_units_exponent_7': 5, 'log_learning_rate': -1.6175999168755553, 'log_learning_rate_D': -4.925095618607806, 'training_batch_size': 10, 'training_p': 4}
	 epoch  0 training error:  tensor(1.8278, device='cuda:0', grad_fn=<DivBackward0>)
	 epoch  0 test error:  tensor(0.5517, device='cuda:0', grad_fn=<DivBackward0>)
Memory status after this epoch: 
Memory allocated:  583.705078125
Memory cached:  872.0
	 epoch  10 training error:  tensor(1., device='cuda:0', grad_fn=<DivBackward0>)
	 epoch  10 test error:  tensor(0.0730, device='cuda:0', grad_fn=<DivBackward0>)
Memory status after this epoch: 
Memory allocated:  581.830078125
Memory cached:  1138.0
	 epoch  20 training error:  tensor(1., device='cuda:0', grad_fn=<DivBackward0>)
	 epoch  20 test error:  tensor(0.0730, device='cuda:0', grad_fn=<DivBackward0>)
Memory status after this epoch: 
Memory allocated:  583.705078125
Memory cached:  1138.0
	 epoch  30 training error:  tensor(1., device='cuda:0', grad_fn=<DivBackward0>)
	 epoch  30 test error:  tensor(0.0730, device='cuda:0', grad_fn=<DivBackward0>)
Memory status after this epoch: 
Memory allocated:  581.830078125
Memory cached:  1138.0
	 epoch  40 training error:  tensor(1., device='cuda:0', grad_fn=<DivBackward0>)
	 epoch  40 test error:  tensor(0.0730, device='cuda:0', grad_fn=<DivBackward0>)
Memory status after this epoch: 
Memory allocated:  583.705078125
Memory cached:  1138.0
	 epoch  50 training error:  tensor(1., device='cuda:0', grad_fn=<DivBackward0>)
	 epoch  50 test error:  tensor(0.0730, device='cuda:0', grad_fn=<DivBackward0>)
Memory status after this epoch: 
Memory allocated:  581.830078125
Memory cached:  1138.0
	 epoch  60 training error:  tensor(1., device='cuda:0', grad_fn=<DivBackward0>)
	 epoch  60 test error:  tensor(0.0730, device='cuda:0', grad_fn=<DivBackward0>)
Memory status after this epoch: 
Memory allocated:  583.705078125
Memory cached:  1138.0
	 epoch  70 training error:  tensor(1., device='cuda:0', grad_fn=<DivBackward0>)
	 epoch  70 test error:  tensor(0.0730, device='cuda:0', grad_fn=<DivBackward0>)
Memory status after this epoch: 
Memory allocated:  581.830078125
Memory cached:  1142.0
	 epoch  80 training error:  tensor(1., device='cuda:0', grad_fn=<DivBackward0>)
	 epoch  80 test error:  tensor(0.0730, device='cuda:0', grad_fn=<DivBackward0>)
Memory status after this epoch: 
Memory allocated:  583.705078125
Memory cached:  1142.0
	 epoch  90 training error:  tensor(1., device='cuda:0', grad_fn=<DivBackward0>)
	 epoch  90 test error:  tensor(0.0730, device='cuda:0', grad_fn=<DivBackward0>)
Memory status after this epoch: 
Memory allocated:  581.830078125
Memory cached:  1138.0
[I 2023-11-16 01:29:23,081] Trial 8 finished with value: 0.07304593175649643 and parameters: {'W_layers': 7, 'W_layer_units_exponent_0': 9, 'W_layer_units_exponent_1': 7, 'W_layer_units_exponent_2': 10, 'W_layer_units_exponent_3': 7, 'W_layer_units_exponent_4': 6, 'W_layer_units_exponent_5': 4, 'W_layer_units_exponent_6': 10, 'D_layers': 8, 'D_layer_units_exponent_0': 7, 'D_layer_units_exponent_1': 4, 'D_layer_units_exponent_2': 7, 'D_layer_units_exponent_3': 9, 'D_layer_units_exponent_4': 5, 'D_layer_units_exponent_5': 10, 'D_layer_units_exponent_6': 5, 'D_layer_units_exponent_7': 5, 'log_learning_rate': -1.6175999168755553, 'log_learning_rate_D': -4.925095618607806, 'training_batch_size': 10, 'training_p': 4}. Best is trial 6 with value: 0.03164605796337128.
Time for this trial:  209.9318401813507
Memory status after this trial: 
Memory allocated:  1124.27099609375
Memory cached:  1138.0
--------------------  Trial  9   --------------------
Start timing: 
Parameters: 
{'W_layers': 3, 'W_layer_units_exponent_0': 8, 'W_layer_units_exponent_1': 4, 'W_layer_units_exponent_2': 8, 'D_layers': 2, 'D_layer_units_exponent_0': 9, 'D_layer_units_exponent_1': 5, 'log_learning_rate': -1.492741641572188, 'log_learning_rate_D': -1.0731167873073133, 'training_batch_size': 11, 'training_p': 2}
	 epoch  0 training error:  tensor(9.9899, device='cuda:0', grad_fn=<DivBackward0>)
	 epoch  0 test error:  tensor(9.9965, device='cuda:0', grad_fn=<DivBackward0>)
Memory status after this epoch: 
Memory allocated:  375.87060546875
Memory cached:  650.0
	 epoch  10 training error:  tensor(1., device='cuda:0', grad_fn=<DivBackward0>)
	 epoch  10 test error:  tensor(0.0730, device='cuda:0', grad_fn=<DivBackward0>)
Memory status after this epoch: 
Memory allocated:  377.74560546875
Memory cached:  734.0
	 epoch  20 training error:  tensor(1., device='cuda:0', grad_fn=<DivBackward0>)
	 epoch  20 test error:  tensor(0.0730, device='cuda:0', grad_fn=<DivBackward0>)
Memory status after this epoch: 
Memory allocated:  375.87060546875
Memory cached:  736.0
	 epoch  30 training error:  tensor(1., device='cuda:0', grad_fn=<DivBackward0>)
	 epoch  30 test error:  tensor(0.0730, device='cuda:0', grad_fn=<DivBackward0>)
Memory status after this epoch: 
Memory allocated:  377.74560546875
Memory cached:  734.0
	 epoch  40 training error:  tensor(1., device='cuda:0', grad_fn=<DivBackward0>)
	 epoch  40 test error:  tensor(0.0730, device='cuda:0', grad_fn=<DivBackward0>)
Memory status after this epoch: 
Memory allocated:  375.87060546875
Memory cached:  734.0
	 epoch  50 training error:  tensor(1., device='cuda:0', grad_fn=<DivBackward0>)
	 epoch  50 test error:  tensor(0.0730, device='cuda:0', grad_fn=<DivBackward0>)
Memory status after this epoch: 
Memory allocated:  377.74560546875
Memory cached:  734.0
	 epoch  60 training error:  tensor(1., device='cuda:0', grad_fn=<DivBackward0>)
	 epoch  60 test error:  tensor(0.0730, device='cuda:0', grad_fn=<DivBackward0>)
Memory status after this epoch: 
Memory allocated:  375.87060546875
Memory cached:  734.0
	 epoch  70 training error:  tensor(1., device='cuda:0', grad_fn=<DivBackward0>)
	 epoch  70 test error:  tensor(0.0730, device='cuda:0', grad_fn=<DivBackward0>)
Memory status after this epoch: 
Memory allocated:  377.74560546875
Memory cached:  734.0
	 epoch  80 training error:  tensor(1., device='cuda:0', grad_fn=<DivBackward0>)
	 epoch  80 test error:  tensor(0.0730, device='cuda:0', grad_fn=<DivBackward0>)
Memory status after this epoch: 
Memory allocated:  375.87060546875
Memory cached:  734.0
	 epoch  90 training error:  tensor(1., device='cuda:0', grad_fn=<DivBackward0>)
	 epoch  90 test error:  tensor(0.0730, device='cuda:0', grad_fn=<DivBackward0>)
Memory status after this epoch: 
Memory allocated:  377.74560546875
Memory cached:  734.0
[I 2023-11-16 01:31:13,013] Trial 9 finished with value: 0.07304593175649643 and parameters: {'W_layers': 3, 'W_layer_units_exponent_0': 8, 'W_layer_units_exponent_1': 4, 'W_layer_units_exponent_2': 8, 'D_layers': 2, 'D_layer_units_exponent_0': 9, 'D_layer_units_exponent_1': 5, 'log_learning_rate': -1.492741641572188, 'log_learning_rate_D': -1.0731167873073133, 'training_batch_size': 11, 'training_p': 2}. Best is trial 6 with value: 0.03164605796337128.
Time for this trial:  109.76358485221863
Memory status after this trial: 
Memory allocated:  723.48193359375
Memory cached:  734.0
--------------------  Trial  10   --------------------
Start timing: 
Parameters: 
{'W_layers': 6, 'W_layer_units_exponent_0': 5, 'W_layer_units_exponent_1': 4, 'W_layer_units_exponent_2': 7, 'W_layer_units_exponent_3': 10, 'W_layer_units_exponent_4': 4, 'W_layer_units_exponent_5': 10, 'D_layers': 3, 'D_layer_units_exponent_0': 6, 'D_layer_units_exponent_1': 10, 'D_layer_units_exponent_2': 10, 'log_learning_rate': -3.91115753426663, 'log_learning_rate_D': -2.935480533438165, 'training_batch_size': 7, 'training_p': 8}
	 epoch  0 training error:  tensor(1.4770, device='cuda:0', grad_fn=<DivBackward0>)
	 epoch  0 test error:  tensor(0.0713, device='cuda:0', grad_fn=<DivBackward0>)
Memory status after this epoch: 
Memory allocated:  572.04296875
Memory cached:  864.0
	 epoch  10 training error:  tensor(0.5406, device='cuda:0', grad_fn=<DivBackward0>)
	 epoch  10 test error:  tensor(0.0485, device='cuda:0', grad_fn=<DivBackward0>)
Memory status after this epoch: 
Memory allocated:  570.44921875
Memory cached:  1106.0
	 epoch  20 training error:  tensor(0.4238, device='cuda:0', grad_fn=<DivBackward0>)
	 epoch  20 test error:  tensor(0.0415, device='cuda:0', grad_fn=<DivBackward0>)
Memory status after this epoch: 
Memory allocated:  572.13671875
Memory cached:  1106.0
	 epoch  30 training error:  tensor(0.3529, device='cuda:0', grad_fn=<DivBackward0>)
	 epoch  30 test error:  tensor(0.0334, device='cuda:0', grad_fn=<DivBackward0>)
Memory status after this epoch: 
Memory allocated:  570.91796875
Memory cached:  1106.0
	 epoch  40 training error:  tensor(0.3399, device='cuda:0', grad_fn=<DivBackward0>)
	 epoch  40 test error:  tensor(0.0312, device='cuda:0', grad_fn=<DivBackward0>)
Memory status after this epoch: 
Memory allocated:  571.66796875
Memory cached:  1106.0
	 epoch  50 training error:  tensor(0.3290, device='cuda:0', grad_fn=<DivBackward0>)
	 epoch  50 test error:  tensor(0.0317, device='cuda:0', grad_fn=<DivBackward0>)
Memory status after this epoch: 
Memory allocated:  571.38671875
Memory cached:  1106.0
	 epoch  60 training error:  tensor(0.3273, device='cuda:0', grad_fn=<DivBackward0>)
	 epoch  60 test error:  tensor(0.0318, device='cuda:0', grad_fn=<DivBackward0>)
Memory status after this epoch: 
Memory allocated:  571.19921875
Memory cached:  1106.0
	 epoch  70 training error:  tensor(0.3267, device='cuda:0', grad_fn=<DivBackward0>)
	 epoch  70 test error:  tensor(0.0316, device='cuda:0', grad_fn=<DivBackward0>)
Memory status after this epoch: 
Memory allocated:  571.38671875
Memory cached:  1106.0
	 epoch  80 training error:  tensor(0.3265, device='cuda:0', grad_fn=<DivBackward0>)
	 epoch  80 test error:  tensor(0.0316, device='cuda:0', grad_fn=<DivBackward0>)
Memory status after this epoch: 
Memory allocated:  571.19921875
Memory cached:  1106.0
	 epoch  90 training error:  tensor(0.3263, device='cuda:0', grad_fn=<DivBackward0>)
	 epoch  90 test error:  tensor(0.0317, device='cuda:0', grad_fn=<DivBackward0>)
Memory status after this epoch: 
Memory allocated:  571.38671875
Memory cached:  1108.0
[I 2023-11-16 01:33:56,959] Trial 10 finished with value: 0.031704287976026535 and parameters: {'W_layers': 6, 'W_layer_units_exponent_0': 5, 'W_layer_units_exponent_1': 4, 'W_layer_units_exponent_2': 7, 'W_layer_units_exponent_3': 10, 'W_layer_units_exponent_4': 4, 'W_layer_units_exponent_5': 10, 'D_layers': 3, 'D_layer_units_exponent_0': 6, 'D_layer_units_exponent_1': 10, 'D_layer_units_exponent_2': 10, 'log_learning_rate': -3.91115753426663, 'log_learning_rate_D': -2.935480533438165, 'training_batch_size': 7, 'training_p': 8}. Best is trial 6 with value: 0.03164605796337128.
Time for this trial:  163.72635579109192
Memory status after this trial: 
Memory allocated:  1081.63720703125
Memory cached:  1110.0
--------------------  Trial  11   --------------------
Start timing: 
Parameters: 
{'W_layers': 6, 'W_layer_units_exponent_0': 4, 'W_layer_units_exponent_1': 4, 'W_layer_units_exponent_2': 7, 'W_layer_units_exponent_3': 10, 'W_layer_units_exponent_4': 4, 'W_layer_units_exponent_5': 10, 'D_layers': 3, 'D_layer_units_exponent_0': 6, 'D_layer_units_exponent_1': 10, 'D_layer_units_exponent_2': 10, 'log_learning_rate': -4.017296801122782, 'log_learning_rate_D': -3.05844495920992, 'training_batch_size': 7, 'training_p': 8}
	 epoch  0 training error:  tensor(1.2315, device='cuda:0', grad_fn=<DivBackward0>)
	 epoch  0 test error:  tensor(0.0710, device='cuda:0', grad_fn=<DivBackward0>)
Memory status after this epoch: 
Memory allocated:  570.23046875
Memory cached:  864.0
	 epoch  10 training error:  tensor(0.4184, device='cuda:0', grad_fn=<DivBackward0>)
	 epoch  10 test error:  tensor(0.0350, device='cuda:0', grad_fn=<DivBackward0>)
Memory status after this epoch: 
Memory allocated:  570.98046875
Memory cached:  1104.0
	 epoch  20 training error:  tensor(0.3504, device='cuda:0', grad_fn=<DivBackward0>)
	 epoch  20 test error:  tensor(0.0346, device='cuda:0', grad_fn=<DivBackward0>)
Memory status after this epoch: 
Memory allocated:  570.23046875
Memory cached:  1104.0
	 epoch  30 training error:  tensor(0.3341, device='cuda:0', grad_fn=<DivBackward0>)
	 epoch  30 test error:  tensor(0.0312, device='cuda:0', grad_fn=<DivBackward0>)
Memory status after this epoch: 
Memory allocated:  570.98046875
Memory cached:  1104.0
	 epoch  40 training error:  tensor(0.3293, device='cuda:0', grad_fn=<DivBackward0>)
	 epoch  40 test error:  tensor(0.0324, device='cuda:0', grad_fn=<DivBackward0>)
Memory status after this epoch: 
Memory allocated:  570.23046875
Memory cached:  1104.0
	 epoch  50 training error:  tensor(0.3282, device='cuda:0', grad_fn=<DivBackward0>)
	 epoch  50 test error:  tensor(0.0315, device='cuda:0', grad_fn=<DivBackward0>)
Memory status after this epoch: 
Memory allocated:  570.98046875
Memory cached:  1104.0
	 epoch  60 training error:  tensor(0.3276, device='cuda:0', grad_fn=<DivBackward0>)
	 epoch  60 test error:  tensor(0.0318, device='cuda:0', grad_fn=<DivBackward0>)
Memory status after this epoch: 
Memory allocated:  570.23046875
Memory cached:  1104.0
	 epoch  70 training error:  tensor(0.3271, device='cuda:0', grad_fn=<DivBackward0>)
	 epoch  70 test error:  tensor(0.0315, device='cuda:0', grad_fn=<DivBackward0>)
Memory status after this epoch: 
Memory allocated:  570.98046875
Memory cached:  1104.0
	 epoch  80 training error:  tensor(0.3269, device='cuda:0', grad_fn=<DivBackward0>)
	 epoch  80 test error:  tensor(0.0318, device='cuda:0', grad_fn=<DivBackward0>)
Memory status after this epoch: 
Memory allocated:  570.23046875
Memory cached:  1104.0
	 epoch  90 training error:  tensor(0.3267, device='cuda:0', grad_fn=<DivBackward0>)
	 epoch  90 test error:  tensor(0.0316, device='cuda:0', grad_fn=<DivBackward0>)
Memory status after this epoch: 
Memory allocated:  570.98046875
Memory cached:  1104.0
[I 2023-11-16 01:36:37,749] Trial 11 finished with value: 0.03164440765976906 and parameters: {'W_layers': 6, 'W_layer_units_exponent_0': 4, 'W_layer_units_exponent_1': 4, 'W_layer_units_exponent_2': 7, 'W_layer_units_exponent_3': 10, 'W_layer_units_exponent_4': 4, 'W_layer_units_exponent_5': 10, 'D_layers': 3, 'D_layer_units_exponent_0': 6, 'D_layer_units_exponent_1': 10, 'D_layer_units_exponent_2': 10, 'log_learning_rate': -4.017296801122782, 'log_learning_rate_D': -3.05844495920992, 'training_batch_size': 7, 'training_p': 8}. Best is trial 11 with value: 0.03164440765976906.
Time for this trial:  160.49884271621704
Memory status after this trial: 
Memory allocated:  1080.26806640625
Memory cached:  1104.0
--------------------  Trial  12   --------------------
Start timing: 
Parameters: 
{'W_layers': 6, 'W_layer_units_exponent_0': 4, 'W_layer_units_exponent_1': 5, 'W_layer_units_exponent_2': 6, 'W_layer_units_exponent_3': 10, 'W_layer_units_exponent_4': 4, 'W_layer_units_exponent_5': 9, 'D_layers': 2, 'D_layer_units_exponent_0': 6, 'D_layer_units_exponent_1': 9, 'log_learning_rate': -3.860245948542332, 'log_learning_rate_D': -3.2057811854138425, 'training_batch_size': 7, 'training_p': 7}
	 epoch  0 training error:  tensor(2.0285, device='cuda:0', grad_fn=<DivBackward0>)
	 epoch  0 test error:  tensor(0.1232, device='cuda:0', grad_fn=<DivBackward0>)
Memory status after this epoch: 
Memory allocated:  441.8359375
Memory cached:  730.0
	 epoch  10 training error:  tensor(0.7971, device='cuda:0', grad_fn=<DivBackward0>)
	 epoch  10 test error:  tensor(0.0606, device='cuda:0', grad_fn=<DivBackward0>)
Memory status after this epoch: 
Memory allocated:  439.9609375
Memory cached:  860.0
	 epoch  20 training error:  tensor(0.4165, device='cuda:0', grad_fn=<DivBackward0>)
	 epoch  20 test error:  tensor(0.0354, device='cuda:0', grad_fn=<DivBackward0>)
Memory status after this epoch: 
Memory allocated:  441.8359375
Memory cached:  860.0
	 epoch  30 training error:  tensor(0.3981, device='cuda:0', grad_fn=<DivBackward0>)
	 epoch  30 test error:  tensor(0.0351, device='cuda:0', grad_fn=<DivBackward0>)
Memory status after this epoch: 
Memory allocated:  439.9609375
Memory cached:  860.0
	 epoch  40 training error:  tensor(0.3698, device='cuda:0', grad_fn=<DivBackward0>)
	 epoch  40 test error:  tensor(0.0338, device='cuda:0', grad_fn=<DivBackward0>)
Memory status after this epoch: 
Memory allocated:  441.8359375
Memory cached:  860.0
	 epoch  50 training error:  tensor(0.3624, device='cuda:0', grad_fn=<DivBackward0>)
	 epoch  50 test error:  tensor(0.0327, device='cuda:0', grad_fn=<DivBackward0>)
Memory status after this epoch: 
Memory allocated:  439.9609375
Memory cached:  862.0
	 epoch  60 training error:  tensor(0.3584, device='cuda:0', grad_fn=<DivBackward0>)
	 epoch  60 test error:  tensor(0.0323, device='cuda:0', grad_fn=<DivBackward0>)
Memory status after this epoch: 
Memory allocated:  441.8359375
Memory cached:  864.0
	 epoch  70 training error:  tensor(0.3525, device='cuda:0', grad_fn=<DivBackward0>)
	 epoch  70 test error:  tensor(0.0324, device='cuda:0', grad_fn=<DivBackward0>)
Memory status after this epoch: 
Memory allocated:  439.9609375
Memory cached:  862.0
	 epoch  80 training error:  tensor(0.3474, device='cuda:0', grad_fn=<DivBackward0>)
	 epoch  80 test error:  tensor(0.0321, device='cuda:0', grad_fn=<DivBackward0>)
Memory status after this epoch: 
Memory allocated:  441.8359375
Memory cached:  862.0
	 epoch  90 training error:  tensor(0.3429, device='cuda:0', grad_fn=<DivBackward0>)
	 epoch  90 test error:  tensor(0.0320, device='cuda:0', grad_fn=<DivBackward0>)
Memory status after this epoch: 
Memory allocated:  439.9609375
Memory cached:  862.0
