[I 2023-11-16 02:54:05,872] Trial 42 finished with value: 0.047188013792037964 and parameters: {'W_layers': 3, 'W_layer_units_exponent_0': 5, 'W_layer_units_exponent_1': 7, 'W_layer_units_exponent_2': 8, 'D_layers': 4, 'D_layer_units_exponent_0': 7, 'D_layer_units_exponent_1': 8, 'D_layer_units_exponent_2': 7, 'D_layer_units_exponent_3': 9, 'log_learning_rate': -3.074409080520557, 'log_learning_rate_D': -4.779911257185126, 'training_batch_size': 9, 'training_p': 8}. Best is trial 41 with value: 0.03143104538321495.
Time for this trial:  124.50927805900574
Memory status after this trial: 
Memory allocated:  763.58935546875
Memory cached:  774.0
--------------------  Trial  43   --------------------
Start timing: 
Parameters: 
{'W_layers': 4, 'W_layer_units_exponent_0': 7, 'W_layer_units_exponent_1': 6, 'W_layer_units_exponent_2': 7, 'W_layer_units_exponent_3': 8, 'D_layers': 3, 'D_layer_units_exponent_0': 6, 'D_layer_units_exponent_1': 9, 'D_layer_units_exponent_2': 9, 'log_learning_rate': -3.5354073318969657, 'log_learning_rate_D': -4.51068855877012, 'training_batch_size': 8, 'training_p': 7}
	 epoch  0 training error:  tensor(0.9503, device='cuda:0', grad_fn=<DivBackward0>)
	 epoch  0 test error:  tensor(0.2444, device='cuda:0', grad_fn=<DivBackward0>)
Memory status after this epoch: 
Memory allocated:  412.748046875
Memory cached:  686.0
	 epoch  10 training error:  tensor(1.1820, device='cuda:0', grad_fn=<DivBackward0>)
	 epoch  10 test error:  tensor(0.0704, device='cuda:0', grad_fn=<DivBackward0>)
Memory status after this epoch: 
Memory allocated:  413.498046875
Memory cached:  800.0
	 epoch  20 training error:  tensor(0.6470, device='cuda:0', grad_fn=<DivBackward0>)
	 epoch  20 test error:  tensor(0.0640, device='cuda:0', grad_fn=<DivBackward0>)
Memory status after this epoch: 
Memory allocated:  412.748046875
Memory cached:  800.0
	 epoch  30 training error:  tensor(0.4305, device='cuda:0', grad_fn=<DivBackward0>)
	 epoch  30 test error:  tensor(0.0382, device='cuda:0', grad_fn=<DivBackward0>)
Memory status after this epoch: 
Memory allocated:  413.498046875
Memory cached:  800.0
	 epoch  40 training error:  tensor(0.3567, device='cuda:0', grad_fn=<DivBackward0>)
	 epoch  40 test error:  tensor(0.0333, device='cuda:0', grad_fn=<DivBackward0>)
Memory status after this epoch: 
Memory allocated:  412.748046875
Memory cached:  800.0
	 epoch  50 training error:  tensor(0.3599, device='cuda:0', grad_fn=<DivBackward0>)
	 epoch  50 test error:  tensor(0.0321, device='cuda:0', grad_fn=<DivBackward0>)
Memory status after this epoch: 
Memory allocated:  413.498046875
Memory cached:  800.0
	 epoch  60 training error:  tensor(0.3462, device='cuda:0', grad_fn=<DivBackward0>)
	 epoch  60 test error:  tensor(0.0311, device='cuda:0', grad_fn=<DivBackward0>)
Memory status after this epoch: 
Memory allocated:  412.748046875
Memory cached:  802.0
	 epoch  70 training error:  tensor(0.3417, device='cuda:0', grad_fn=<DivBackward0>)
	 epoch  70 test error:  tensor(0.0318, device='cuda:0', grad_fn=<DivBackward0>)
Memory status after this epoch: 
Memory allocated:  413.498046875
Memory cached:  802.0
	 epoch  80 training error:  tensor(0.3390, device='cuda:0', grad_fn=<DivBackward0>)
	 epoch  80 test error:  tensor(0.0313, device='cuda:0', grad_fn=<DivBackward0>)
Memory status after this epoch: 
Memory allocated:  412.748046875
Memory cached:  804.0
	 epoch  90 training error:  tensor(0.3372, device='cuda:0', grad_fn=<DivBackward0>)
	 epoch  90 test error:  tensor(0.0316, device='cuda:0', grad_fn=<DivBackward0>)
Memory status after this epoch: 
Memory allocated:  413.498046875
Memory cached:  806.0
[I 2023-11-16 02:56:10,841] Trial 43 finished with value: 0.03159066662192345 and parameters: {'W_layers': 4, 'W_layer_units_exponent_0': 7, 'W_layer_units_exponent_1': 6, 'W_layer_units_exponent_2': 7, 'W_layer_units_exponent_3': 8, 'D_layers': 3, 'D_layer_units_exponent_0': 6, 'D_layer_units_exponent_1': 9, 'D_layer_units_exponent_2': 9, 'log_learning_rate': -3.5354073318969657, 'log_learning_rate_D': -4.51068855877012, 'training_batch_size': 8, 'training_p': 7}. Best is trial 41 with value: 0.03143104538321495.
Time for this trial:  124.71750712394714
Memory status after this trial: 
Memory allocated:  788.79345703125
Memory cached:  806.0
--------------------  Trial  44   --------------------
Start timing: 
Parameters: 
{'W_layers': 4, 'W_layer_units_exponent_0': 6, 'W_layer_units_exponent_1': 7, 'W_layer_units_exponent_2': 6, 'W_layer_units_exponent_3': 7, 'D_layers': 4, 'D_layer_units_exponent_0': 8, 'D_layer_units_exponent_1': 7, 'D_layer_units_exponent_2': 8, 'D_layer_units_exponent_3': 8, 'log_learning_rate': -3.738477498924831, 'log_learning_rate_D': -4.062751946211492, 'training_batch_size': 10, 'training_p': 8}
	 epoch  0 training error:  tensor(1.2141, device='cuda:0', grad_fn=<DivBackward0>)
	 epoch  0 test error:  tensor(0.0681, device='cuda:0', grad_fn=<DivBackward0>)
Memory status after this epoch: 
Memory allocated:  390.2060546875
Memory cached:  680.0
	 epoch  10 training error:  tensor(0.5948, device='cuda:0', grad_fn=<DivBackward0>)
	 epoch  10 test error:  tensor(0.0557, device='cuda:0', grad_fn=<DivBackward0>)
Memory status after this epoch: 
Memory allocated:  389.4560546875
Memory cached:  758.0
	 epoch  20 training error:  tensor(0.3871, device='cuda:0', grad_fn=<DivBackward0>)
	 epoch  20 test error:  tensor(0.0333, device='cuda:0', grad_fn=<DivBackward0>)
Memory status after this epoch: 
Memory allocated:  390.2060546875
Memory cached:  758.0
	 epoch  30 training error:  tensor(0.3623, device='cuda:0', grad_fn=<DivBackward0>)
	 epoch  30 test error:  tensor(0.0317, device='cuda:0', grad_fn=<DivBackward0>)
Memory status after this epoch: 
Memory allocated:  389.4560546875
Memory cached:  758.0
	 epoch  40 training error:  tensor(0.3469, device='cuda:0', grad_fn=<DivBackward0>)
	 epoch  40 test error:  tensor(0.0327, device='cuda:0', grad_fn=<DivBackward0>)
Memory status after this epoch: 
Memory allocated:  390.2060546875
Memory cached:  758.0
	 epoch  50 training error:  tensor(0.3357, device='cuda:0', grad_fn=<DivBackward0>)
	 epoch  50 test error:  tensor(0.0320, device='cuda:0', grad_fn=<DivBackward0>)
Memory status after this epoch: 
Memory allocated:  389.4560546875
Memory cached:  758.0
	 epoch  60 training error:  tensor(0.3319, device='cuda:0', grad_fn=<DivBackward0>)
	 epoch  60 test error:  tensor(0.0317, device='cuda:0', grad_fn=<DivBackward0>)
Memory status after this epoch: 
Memory allocated:  390.2060546875
Memory cached:  758.0
	 epoch  70 training error:  tensor(0.3299, device='cuda:0', grad_fn=<DivBackward0>)
	 epoch  70 test error:  tensor(0.0316, device='cuda:0', grad_fn=<DivBackward0>)
Memory status after this epoch: 
Memory allocated:  389.4560546875
Memory cached:  760.0
	 epoch  80 training error:  tensor(0.3287, device='cuda:0', grad_fn=<DivBackward0>)
	 epoch  80 test error:  tensor(0.0317, device='cuda:0', grad_fn=<DivBackward0>)
Memory status after this epoch: 
Memory allocated:  390.2060546875
Memory cached:  760.0
	 epoch  90 training error:  tensor(0.3281, device='cuda:0', grad_fn=<DivBackward0>)
	 epoch  90 test error:  tensor(0.0316, device='cuda:0', grad_fn=<DivBackward0>)
Memory status after this epoch: 
Memory allocated:  389.4560546875
Memory cached:  758.0
[I 2023-11-16 02:58:21,501] Trial 44 finished with value: 0.031739216297864914 and parameters: {'W_layers': 4, 'W_layer_units_exponent_0': 6, 'W_layer_units_exponent_1': 7, 'W_layer_units_exponent_2': 6, 'W_layer_units_exponent_3': 7, 'D_layers': 4, 'D_layer_units_exponent_0': 8, 'D_layer_units_exponent_1': 7, 'D_layer_units_exponent_2': 8, 'D_layer_units_exponent_3': 8, 'log_learning_rate': -3.738477498924831, 'log_learning_rate_D': -4.062751946211492, 'training_batch_size': 10, 'training_p': 8}. Best is trial 41 with value: 0.03143104538321495.
Time for this trial:  130.4139416217804
Memory status after this trial: 
Memory allocated:  746.53955078125
Memory cached:  758.0
--------------------  Trial  45   --------------------
Start timing: 
Parameters: 
{'W_layers': 5, 'W_layer_units_exponent_0': 6, 'W_layer_units_exponent_1': 8, 'W_layer_units_exponent_2': 7, 'W_layer_units_exponent_3': 9, 'W_layer_units_exponent_4': 9, 'D_layers': 5, 'D_layer_units_exponent_0': 6, 'D_layer_units_exponent_1': 5, 'D_layer_units_exponent_2': 8, 'D_layer_units_exponent_3': 9, 'D_layer_units_exponent_4': 4, 'log_learning_rate': -3.342553019403334, 'log_learning_rate_D': -4.820398980537622, 'training_batch_size': 9, 'training_p': 8}
	 epoch  0 training error:  tensor(1.5501, device='cuda:0', grad_fn=<DivBackward0>)
	 epoch  0 test error:  tensor(1.1734, device='cuda:0', grad_fn=<DivBackward0>)
Memory status after this epoch: 
Memory allocated:  452.5625
Memory cached:  726.0
	 epoch  10 training error:  tensor(1.6745, device='cuda:0', grad_fn=<DivBackward0>)
	 epoch  10 test error:  tensor(0.1230, device='cuda:0', grad_fn=<DivBackward0>)
Memory status after this epoch: 
Memory allocated:  453.3125
Memory cached:  878.0
	 epoch  20 training error:  tensor(0.9130, device='cuda:0', grad_fn=<DivBackward0>)
	 epoch  20 test error:  tensor(0.0690, device='cuda:0', grad_fn=<DivBackward0>)
Memory status after this epoch: 
Memory allocated:  452.5625
Memory cached:  878.0
	 epoch  30 training error:  tensor(0.7971, device='cuda:0', grad_fn=<DivBackward0>)
	 epoch  30 test error:  tensor(0.0658, device='cuda:0', grad_fn=<DivBackward0>)
Memory status after this epoch: 
Memory allocated:  453.3125
Memory cached:  878.0
	 epoch  40 training error:  tensor(0.7755, device='cuda:0', grad_fn=<DivBackward0>)
	 epoch  40 test error:  tensor(0.0634, device='cuda:0', grad_fn=<DivBackward0>)
Memory status after this epoch: 
Memory allocated:  452.5625
Memory cached:  878.0
	 epoch  50 training error:  tensor(0.6739, device='cuda:0', grad_fn=<DivBackward0>)
	 epoch  50 test error:  tensor(0.0580, device='cuda:0', grad_fn=<DivBackward0>)
Memory status after this epoch: 
Memory allocated:  453.3125
Memory cached:  878.0
	 epoch  60 training error:  tensor(0.4652, device='cuda:0', grad_fn=<DivBackward0>)
	 epoch  60 test error:  tensor(0.0383, device='cuda:0', grad_fn=<DivBackward0>)
Memory status after this epoch: 
Memory allocated:  452.5625
Memory cached:  880.0
	 epoch  70 training error:  tensor(0.4251, device='cuda:0', grad_fn=<DivBackward0>)
	 epoch  70 test error:  tensor(0.0351, device='cuda:0', grad_fn=<DivBackward0>)
Memory status after this epoch: 
Memory allocated:  453.3125
Memory cached:  878.0
	 epoch  80 training error:  tensor(0.4027, device='cuda:0', grad_fn=<DivBackward0>)
	 epoch  80 test error:  tensor(0.0349, device='cuda:0', grad_fn=<DivBackward0>)
Memory status after this epoch: 
Memory allocated:  452.5625
Memory cached:  878.0
	 epoch  90 training error:  tensor(0.3809, device='cuda:0', grad_fn=<DivBackward0>)
	 epoch  90 test error:  tensor(0.0331, device='cuda:0', grad_fn=<DivBackward0>)
Memory status after this epoch: 
Memory allocated:  453.3125
Memory cached:  880.0
[I 2023-11-16 03:00:58,822] Trial 45 finished with value: 0.03251338377594948 and parameters: {'W_layers': 5, 'W_layer_units_exponent_0': 6, 'W_layer_units_exponent_1': 8, 'W_layer_units_exponent_2': 7, 'W_layer_units_exponent_3': 9, 'W_layer_units_exponent_4': 9, 'D_layers': 5, 'D_layer_units_exponent_0': 6, 'D_layer_units_exponent_1': 5, 'D_layer_units_exponent_2': 8, 'D_layer_units_exponent_3': 9, 'D_layer_units_exponent_4': 4, 'log_learning_rate': -3.342553019403334, 'log_learning_rate_D': -4.820398980537622, 'training_batch_size': 9, 'training_p': 8}. Best is trial 41 with value: 0.03143104538321495.
Time for this trial:  157.05723452568054
Memory status after this trial: 
Memory allocated:  864.23583984375
Memory cached:  878.0
--------------------  Trial  46   --------------------
Start timing: 
Parameters: 
{'W_layers': 5, 'W_layer_units_exponent_0': 7, 'W_layer_units_exponent_1': 6, 'W_layer_units_exponent_2': 5, 'W_layer_units_exponent_3': 7, 'W_layer_units_exponent_4': 7, 'D_layers': 4, 'D_layer_units_exponent_0': 7, 'D_layer_units_exponent_1': 8, 'D_layer_units_exponent_2': 7, 'D_layer_units_exponent_3': 10, 'log_learning_rate': -3.0265033738182603, 'log_learning_rate_D': -3.553800242634098, 'training_batch_size': 8, 'training_p': 4}
	 epoch  0 training error:  tensor(0.8734, device='cuda:0', grad_fn=<DivBackward0>)
	 epoch  0 test error:  tensor(0.6114, device='cuda:0', grad_fn=<DivBackward0>)
Memory status after this epoch: 
Memory allocated:  430.2880859375
Memory cached:  720.0
	 epoch  10 training error:  tensor(0.9655, device='cuda:0', grad_fn=<DivBackward0>)
	 epoch  10 test error:  tensor(0.0764, device='cuda:0', grad_fn=<DivBackward0>)
Memory status after this epoch: 
Memory allocated:  429.5380859375
Memory cached:  836.0
	 epoch  20 training error:  tensor(0.8724, device='cuda:0', grad_fn=<DivBackward0>)
	 epoch  20 test error:  tensor(0.0709, device='cuda:0', grad_fn=<DivBackward0>)
Memory status after this epoch: 
Memory allocated:  430.2880859375
Memory cached:  836.0
	 epoch  30 training error:  tensor(0.8692, device='cuda:0', grad_fn=<DivBackward0>)
	 epoch  30 test error:  tensor(0.0643, device='cuda:0', grad_fn=<DivBackward0>)
Memory status after this epoch: 
Memory allocated:  429.5380859375
Memory cached:  836.0
	 epoch  40 training error:  tensor(0.4025, device='cuda:0', grad_fn=<DivBackward0>)
	 epoch  40 test error:  tensor(0.0330, device='cuda:0', grad_fn=<DivBackward0>)
Memory status after this epoch: 
Memory allocated:  430.2880859375
Memory cached:  836.0
	 epoch  50 training error:  tensor(0.4128, device='cuda:0', grad_fn=<DivBackward0>)
	 epoch  50 test error:  tensor(0.0355, device='cuda:0', grad_fn=<DivBackward0>)
Memory status after this epoch: 
Memory allocated:  429.5380859375
Memory cached:  836.0
	 epoch  60 training error:  tensor(0.3830, device='cuda:0', grad_fn=<DivBackward0>)
	 epoch  60 test error:  tensor(0.0319, device='cuda:0', grad_fn=<DivBackward0>)
Memory status after this epoch: 
Memory allocated:  430.2880859375
Memory cached:  836.0
	 epoch  70 training error:  tensor(0.3672, device='cuda:0', grad_fn=<DivBackward0>)
	 epoch  70 test error:  tensor(0.0318, device='cuda:0', grad_fn=<DivBackward0>)
Memory status after this epoch: 
Memory allocated:  429.5380859375
Memory cached:  836.0
	 epoch  80 training error:  tensor(0.3665, device='cuda:0', grad_fn=<DivBackward0>)
	 epoch  80 test error:  tensor(0.0324, device='cuda:0', grad_fn=<DivBackward0>)
Memory status after this epoch: 
Memory allocated:  430.2880859375
Memory cached:  836.0
	 epoch  90 training error:  tensor(0.3633, device='cuda:0', grad_fn=<DivBackward0>)
	 epoch  90 test error:  tensor(0.0321, device='cuda:0', grad_fn=<DivBackward0>)
Memory status after this epoch: 
Memory allocated:  429.5380859375
Memory cached:  836.0
[I 2023-11-16 03:03:23,311] Trial 46 finished with value: 0.031779419630765915 and parameters: {'W_layers': 5, 'W_layer_units_exponent_0': 7, 'W_layer_units_exponent_1': 6, 'W_layer_units_exponent_2': 5, 'W_layer_units_exponent_3': 7, 'W_layer_units_exponent_4': 7, 'D_layers': 4, 'D_layer_units_exponent_0': 7, 'D_layer_units_exponent_1': 8, 'D_layer_units_exponent_2': 7, 'D_layer_units_exponent_3': 10, 'log_learning_rate': -3.0265033738182603, 'log_learning_rate_D': -3.553800242634098, 'training_batch_size': 8, 'training_p': 4}. Best is trial 41 with value: 0.03143104538321495.
Time for this trial:  144.21320009231567
Memory status after this trial: 
Memory allocated:  825.02783203125
Memory cached:  836.0
--------------------  Trial  47   --------------------
Start timing: 
Parameters: 
{'W_layers': 4, 'W_layer_units_exponent_0': 5, 'W_layer_units_exponent_1': 7, 'W_layer_units_exponent_2': 7, 'W_layer_units_exponent_3': 5, 'D_layers': 3, 'D_layer_units_exponent_0': 9, 'D_layer_units_exponent_1': 9, 'D_layer_units_exponent_2': 9, 'log_learning_rate': -3.9236783284203813, 'log_learning_rate_D': -4.412447929268196, 'training_batch_size': 10, 'training_p': 7}
	 epoch  0 training error:  tensor(6.5863, device='cuda:0', grad_fn=<DivBackward0>)
	 epoch  0 test error:  tensor(0.6288, device='cuda:0', grad_fn=<DivBackward0>)
Memory status after this epoch: 
Memory allocated:  425.8935546875
Memory cached:  700.0
	 epoch  10 training error:  tensor(1.0054, device='cuda:0', grad_fn=<DivBackward0>)
	 epoch  10 test error:  tensor(0.1009, device='cuda:0', grad_fn=<DivBackward0>)
Memory status after this epoch: 
Memory allocated:  426.6435546875
Memory cached:  824.0
	 epoch  20 training error:  tensor(1.0563, device='cuda:0', grad_fn=<DivBackward0>)
	 epoch  20 test error:  tensor(0.0670, device='cuda:0', grad_fn=<DivBackward0>)
Memory status after this epoch: 
Memory allocated:  425.8935546875
Memory cached:  826.0
	 epoch  30 training error:  tensor(0.6238, device='cuda:0', grad_fn=<DivBackward0>)
	 epoch  30 test error:  tensor(0.0449, device='cuda:0', grad_fn=<DivBackward0>)
Memory status after this epoch: 
Memory allocated:  426.6435546875
Memory cached:  824.0
	 epoch  40 training error:  tensor(0.3700, device='cuda:0', grad_fn=<DivBackward0>)
	 epoch  40 test error:  tensor(0.0359, device='cuda:0', grad_fn=<DivBackward0>)
Memory status after this epoch: 
Memory allocated:  425.8935546875
Memory cached:  824.0
	 epoch  50 training error:  tensor(0.3824, device='cuda:0', grad_fn=<DivBackward0>)
	 epoch  50 test error:  tensor(0.0324, device='cuda:0', grad_fn=<DivBackward0>)
Memory status after this epoch: 
Memory allocated:  426.6435546875
Memory cached:  824.0
	 epoch  60 training error:  tensor(0.3647, device='cuda:0', grad_fn=<DivBackward0>)
	 epoch  60 test error:  tensor(0.0336, device='cuda:0', grad_fn=<DivBackward0>)
Memory status after this epoch: 
Memory allocated:  425.8935546875
Memory cached:  824.0
	 epoch  70 training error:  tensor(0.3537, device='cuda:0', grad_fn=<DivBackward0>)
	 epoch  70 test error:  tensor(0.0335, device='cuda:0', grad_fn=<DivBackward0>)
Memory status after this epoch: 
Memory allocated:  426.6435546875
Memory cached:  824.0
	 epoch  80 training error:  tensor(0.3473, device='cuda:0', grad_fn=<DivBackward0>)
	 epoch  80 test error:  tensor(0.0325, device='cuda:0', grad_fn=<DivBackward0>)
Memory status after this epoch: 
Memory allocated:  425.8935546875
Memory cached:  824.0
	 epoch  90 training error:  tensor(0.3458, device='cuda:0', grad_fn=<DivBackward0>)
	 epoch  90 test error:  tensor(0.0320, device='cuda:0', grad_fn=<DivBackward0>)
Memory status after this epoch: 
Memory allocated:  426.6435546875
Memory cached:  824.0
