[I 2023-11-16 14:51:20,436] Trial 1 finished with value: 0.00817213673144579 and parameters: {'W_layers': 8, 'W_layer_units_exponent_0': 9, 'W_layer_units_exponent_1': 4, 'W_layer_units_exponent_2': 6, 'W_layer_units_exponent_3': 7, 'W_layer_units_exponent_4': 9, 'W_layer_units_exponent_5': 7, 'W_layer_units_exponent_6': 6, 'W_layer_units_exponent_7': 4, 'D_layers': 4, 'D_layer_units_exponent_0': 10, 'D_layer_units_exponent_1': 5, 'D_layer_units_exponent_2': 10, 'D_layer_units_exponent_3': 10, 'log_learning_rate': -3.2922836843818226, 'log_learning_rate_D': -4.87321525595676, 'training_batch_size': 10, 'training_p': 5}. Best is trial 1 with value: 0.00817213673144579.
Time for this trial:  182.20849752426147
Memory status after this trial: 
Memory allocated:  621.71142578125
Memory cached:  648.0
--------------------  Trial  2   --------------------
Start timing: 
Parameters: 
{'W_layers': 3, 'W_layer_units_exponent_0': 8, 'W_layer_units_exponent_1': 8, 'W_layer_units_exponent_2': 7, 'D_layers': 8, 'D_layer_units_exponent_0': 6, 'D_layer_units_exponent_1': 7, 'D_layer_units_exponent_2': 8, 'D_layer_units_exponent_3': 8, 'D_layer_units_exponent_4': 6, 'D_layer_units_exponent_5': 7, 'D_layer_units_exponent_6': 4, 'D_layer_units_exponent_7': 10, 'log_learning_rate': -4.22305574086656, 'log_learning_rate_D': -4.503690274864459, 'training_batch_size': 6, 'training_p': 8}
	 epoch  0 training error:  tensor(4.2431, device='cuda:0', grad_fn=<DivBackward0>)
	 epoch  0 test error:  tensor(0.1163, device='cuda:0', grad_fn=<DivBackward0>)
Memory status after this epoch: 
Memory allocated:  206.34619140625
Memory cached:  226.0
	 epoch  10 training error:  tensor(0.5488, device='cuda:0', grad_fn=<DivBackward0>)
	 epoch  10 test error:  tensor(0.0097, device='cuda:0', grad_fn=<DivBackward0>)
Memory status after this epoch: 
Memory allocated:  205.40869140625
Memory cached:  424.0
	 epoch  20 training error:  tensor(0.4066, device='cuda:0', grad_fn=<DivBackward0>)
	 epoch  20 test error:  tensor(0.0078, device='cuda:0', grad_fn=<DivBackward0>)
Memory status after this epoch: 
Memory allocated:  206.34619140625
Memory cached:  424.0
	 epoch  30 training error:  tensor(0.3685, device='cuda:0', grad_fn=<DivBackward0>)
	 epoch  30 test error:  tensor(0.0083, device='cuda:0', grad_fn=<DivBackward0>)
Memory status after this epoch: 
Memory allocated:  205.40869140625
Memory cached:  424.0
	 epoch  40 training error:  tensor(0.3615, device='cuda:0', grad_fn=<DivBackward0>)
	 epoch  40 test error:  tensor(0.0072, device='cuda:0', grad_fn=<DivBackward0>)
Memory status after this epoch: 
Memory allocated:  206.34619140625
Memory cached:  424.0
	 epoch  50 training error:  tensor(0.3601, device='cuda:0', grad_fn=<DivBackward0>)
	 epoch  50 test error:  tensor(0.0075, device='cuda:0', grad_fn=<DivBackward0>)
Memory status after this epoch: 
Memory allocated:  205.40869140625
Memory cached:  424.0
	 epoch  60 training error:  tensor(0.3590, device='cuda:0', grad_fn=<DivBackward0>)
	 epoch  60 test error:  tensor(0.0075, device='cuda:0', grad_fn=<DivBackward0>)
Memory status after this epoch: 
Memory allocated:  206.34619140625
Memory cached:  424.0
	 epoch  70 training error:  tensor(0.3581, device='cuda:0', grad_fn=<DivBackward0>)
	 epoch  70 test error:  tensor(0.0072, device='cuda:0', grad_fn=<DivBackward0>)
Memory status after this epoch: 
Memory allocated:  205.40869140625
Memory cached:  424.0
	 epoch  80 training error:  tensor(0.3568, device='cuda:0', grad_fn=<DivBackward0>)
	 epoch  80 test error:  tensor(0.0074, device='cuda:0', grad_fn=<DivBackward0>)
Memory status after this epoch: 
Memory allocated:  206.34619140625
Memory cached:  424.0
	 epoch  90 training error:  tensor(0.3725, device='cuda:0', grad_fn=<DivBackward0>)
	 epoch  90 test error:  tensor(0.0080, device='cuda:0', grad_fn=<DivBackward0>)
Memory status after this epoch: 
Memory allocated:  205.40869140625
Memory cached:  424.0
[I 2023-11-16 14:55:59,505] Trial 2 finished with value: 0.007876552641391754 and parameters: {'W_layers': 3, 'W_layer_units_exponent_0': 8, 'W_layer_units_exponent_1': 8, 'W_layer_units_exponent_2': 7, 'D_layers': 8, 'D_layer_units_exponent_0': 6, 'D_layer_units_exponent_1': 7, 'D_layer_units_exponent_2': 8, 'D_layer_units_exponent_3': 8, 'D_layer_units_exponent_4': 6, 'D_layer_units_exponent_5': 7, 'D_layer_units_exponent_6': 4, 'D_layer_units_exponent_7': 10, 'log_learning_rate': -4.22305574086656, 'log_learning_rate_D': -4.503690274864459, 'training_batch_size': 6, 'training_p': 8}. Best is trial 2 with value: 0.007876552641391754.
Time for this trial:  278.8820331096649
Memory status after this trial: 
Memory allocated:  404.69970703125
Memory cached:  424.0
--------------------  Trial  3   --------------------
Start timing: 
Parameters: 
{'W_layers': 2, 'W_layer_units_exponent_0': 6, 'W_layer_units_exponent_1': 7, 'D_layers': 6, 'D_layer_units_exponent_0': 4, 'D_layer_units_exponent_1': 5, 'D_layer_units_exponent_2': 7, 'D_layer_units_exponent_3': 6, 'D_layer_units_exponent_4': 7, 'D_layer_units_exponent_5': 6, 'log_learning_rate': -2.643662092280938, 'log_learning_rate_D': -3.619293815692613, 'training_batch_size': 8, 'training_p': 6}
	 epoch  0 training error:  tensor(2.9576, device='cuda:0', grad_fn=<DivBackward0>)
	 epoch  0 test error:  tensor(0.3404, device='cuda:0', grad_fn=<DivBackward0>)
Memory status after this epoch: 
Memory allocated:  98.7041015625
Memory cached:  188.0
	 epoch  10 training error:  tensor(2.5813, device='cuda:0', grad_fn=<DivBackward0>)
	 epoch  10 test error:  tensor(0.0542, device='cuda:0', grad_fn=<DivBackward0>)
Memory status after this epoch: 
Memory allocated:  99.6416015625
Memory cached:  214.0
	 epoch  20 training error:  tensor(1.1276, device='cuda:0', grad_fn=<DivBackward0>)
	 epoch  20 test error:  tensor(0.0845, device='cuda:0', grad_fn=<DivBackward0>)
Memory status after this epoch: 
Memory allocated:  98.7041015625
Memory cached:  214.0
	 epoch  30 training error:  tensor(1.3607, device='cuda:0', grad_fn=<DivBackward0>)
	 epoch  30 test error:  tensor(0.0214, device='cuda:0', grad_fn=<DivBackward0>)
Memory status after this epoch: 
Memory allocated:  99.6416015625
Memory cached:  214.0
	 epoch  40 training error:  tensor(0.9255, device='cuda:0', grad_fn=<DivBackward0>)
	 epoch  40 test error:  tensor(0.0607, device='cuda:0', grad_fn=<DivBackward0>)
Memory status after this epoch: 
Memory allocated:  98.7041015625
Memory cached:  216.0
	 epoch  50 training error:  tensor(1.2112, device='cuda:0', grad_fn=<DivBackward0>)
	 epoch  50 test error:  tensor(0.0186, device='cuda:0', grad_fn=<DivBackward0>)
Memory status after this epoch: 
Memory allocated:  99.6416015625
Memory cached:  218.0
	 epoch  60 training error:  tensor(0.8695, device='cuda:0', grad_fn=<DivBackward0>)
	 epoch  60 test error:  tensor(0.0584, device='cuda:0', grad_fn=<DivBackward0>)
Memory status after this epoch: 
Memory allocated:  98.7041015625
Memory cached:  218.0
	 epoch  70 training error:  tensor(1.0701, device='cuda:0', grad_fn=<DivBackward0>)
	 epoch  70 test error:  tensor(0.0184, device='cuda:0', grad_fn=<DivBackward0>)
Memory status after this epoch: 
Memory allocated:  99.6416015625
Memory cached:  220.0
	 epoch  80 training error:  tensor(0.7515, device='cuda:0', grad_fn=<DivBackward0>)
	 epoch  80 test error:  tensor(0.0473, device='cuda:0', grad_fn=<DivBackward0>)
Memory status after this epoch: 
Memory allocated:  98.7041015625
Memory cached:  220.0
	 epoch  90 training error:  tensor(0.9319, device='cuda:0', grad_fn=<DivBackward0>)
	 epoch  90 test error:  tensor(0.0126, device='cuda:0', grad_fn=<DivBackward0>)
Memory status after this epoch: 
Memory allocated:  99.6416015625
Memory cached:  222.0
[I 2023-11-16 14:58:01,222] Trial 3 finished with value: 0.03078451193869114 and parameters: {'W_layers': 2, 'W_layer_units_exponent_0': 6, 'W_layer_units_exponent_1': 7, 'D_layers': 6, 'D_layer_units_exponent_0': 4, 'D_layer_units_exponent_1': 5, 'D_layer_units_exponent_2': 7, 'D_layer_units_exponent_3': 6, 'D_layer_units_exponent_4': 7, 'D_layer_units_exponent_5': 6, 'log_learning_rate': -2.643662092280938, 'log_learning_rate_D': -3.619293815692613, 'training_batch_size': 8, 'training_p': 6}. Best is trial 2 with value: 0.007876552641391754.
Time for this trial:  121.55974292755127
Memory status after this trial: 
Memory allocated:  196.18017578125
Memory cached:  222.0
--------------------  Trial  4   --------------------
Start timing: 
Parameters: 
{'W_layers': 2, 'W_layer_units_exponent_0': 4, 'W_layer_units_exponent_1': 8, 'D_layers': 8, 'D_layer_units_exponent_0': 9, 'D_layer_units_exponent_1': 5, 'D_layer_units_exponent_2': 4, 'D_layer_units_exponent_3': 6, 'D_layer_units_exponent_4': 10, 'D_layer_units_exponent_5': 5, 'D_layer_units_exponent_6': 4, 'D_layer_units_exponent_7': 6, 'log_learning_rate': -1.2557698265346655, 'log_learning_rate_D': -4.538506840424105, 'training_batch_size': 9, 'training_p': 4}
	 epoch  0 training error:  tensor(1.6855, device='cuda:0', grad_fn=<DivBackward0>)
	 epoch  0 test error:  tensor(0.8414, device='cuda:0', grad_fn=<DivBackward0>)
Memory status after this epoch: 
Memory allocated:  175.7958984375
Memory cached:  194.0
	 epoch  10 training error:  tensor(1., device='cuda:0', grad_fn=<DivBackward0>)
	 epoch  10 test error:  tensor(0.0443, device='cuda:0', grad_fn=<DivBackward0>)
Memory status after this epoch: 
Memory allocated:  174.8583984375
Memory cached:  364.0
	 epoch  20 training error:  tensor(1., device='cuda:0', grad_fn=<DivBackward0>)
	 epoch  20 test error:  tensor(0.0443, device='cuda:0', grad_fn=<DivBackward0>)
Memory status after this epoch: 
Memory allocated:  175.7958984375
Memory cached:  364.0
	 epoch  30 training error:  tensor(1., device='cuda:0', grad_fn=<DivBackward0>)
	 epoch  30 test error:  tensor(0.0443, device='cuda:0', grad_fn=<DivBackward0>)
Memory status after this epoch: 
Memory allocated:  174.8583984375
Memory cached:  364.0
	 epoch  40 training error:  tensor(1., device='cuda:0', grad_fn=<DivBackward0>)
	 epoch  40 test error:  tensor(0.0443, device='cuda:0', grad_fn=<DivBackward0>)
Memory status after this epoch: 
Memory allocated:  175.7958984375
Memory cached:  364.0
	 epoch  50 training error:  tensor(1., device='cuda:0', grad_fn=<DivBackward0>)
	 epoch  50 test error:  tensor(0.0443, device='cuda:0', grad_fn=<DivBackward0>)
Memory status after this epoch: 
Memory allocated:  174.8583984375
Memory cached:  364.0
	 epoch  60 training error:  tensor(1., device='cuda:0', grad_fn=<DivBackward0>)
	 epoch  60 test error:  tensor(0.0443, device='cuda:0', grad_fn=<DivBackward0>)
Memory status after this epoch: 
Memory allocated:  175.7958984375
Memory cached:  364.0
	 epoch  70 training error:  tensor(1., device='cuda:0', grad_fn=<DivBackward0>)
	 epoch  70 test error:  tensor(0.0443, device='cuda:0', grad_fn=<DivBackward0>)
Memory status after this epoch: 
Memory allocated:  174.8583984375
Memory cached:  364.0
	 epoch  80 training error:  tensor(1., device='cuda:0', grad_fn=<DivBackward0>)
	 epoch  80 test error:  tensor(0.0443, device='cuda:0', grad_fn=<DivBackward0>)
Memory status after this epoch: 
Memory allocated:  175.7958984375
Memory cached:  364.0
	 epoch  90 training error:  tensor(1., device='cuda:0', grad_fn=<DivBackward0>)
	 epoch  90 test error:  tensor(0.0443, device='cuda:0', grad_fn=<DivBackward0>)
Memory status after this epoch: 
Memory allocated:  174.8583984375
Memory cached:  364.0
[I 2023-11-16 15:00:28,440] Trial 4 finished with value: 0.04426875337958336 and parameters: {'W_layers': 2, 'W_layer_units_exponent_0': 4, 'W_layer_units_exponent_1': 8, 'D_layers': 8, 'D_layer_units_exponent_0': 9, 'D_layer_units_exponent_1': 5, 'D_layer_units_exponent_2': 4, 'D_layer_units_exponent_3': 6, 'D_layer_units_exponent_4': 10, 'D_layer_units_exponent_5': 5, 'D_layer_units_exponent_6': 4, 'D_layer_units_exponent_7': 6, 'log_learning_rate': -1.2557698265346655, 'log_learning_rate_D': -4.538506840424105, 'training_batch_size': 9, 'training_p': 4}. Best is trial 2 with value: 0.007876552641391754.
Time for this trial:  147.0477433204651
Memory status after this trial: 
Memory allocated:  346.49658203125
Memory cached:  364.0
--------------------  Trial  5   --------------------
Start timing: 
Parameters: 
{'W_layers': 6, 'W_layer_units_exponent_0': 5, 'W_layer_units_exponent_1': 7, 'W_layer_units_exponent_2': 7, 'W_layer_units_exponent_3': 9, 'W_layer_units_exponent_4': 5, 'W_layer_units_exponent_5': 8, 'D_layers': 8, 'D_layer_units_exponent_0': 9, 'D_layer_units_exponent_1': 4, 'D_layer_units_exponent_2': 6, 'D_layer_units_exponent_3': 4, 'D_layer_units_exponent_4': 8, 'D_layer_units_exponent_5': 4, 'D_layer_units_exponent_6': 4, 'D_layer_units_exponent_7': 7, 'log_learning_rate': -1.18834440776604, 'log_learning_rate_D': -4.694923163791959, 'training_batch_size': 8, 'training_p': 2}
	 epoch  0 training error:  tensor(1.4605, device='cuda:0', grad_fn=<DivBackward0>)
	 epoch  0 test error:  tensor(0.2437, device='cuda:0', grad_fn=<DivBackward0>)
Memory status after this epoch: 
Memory allocated:  179.837890625
Memory cached:  240.0
	 epoch  10 training error:  tensor(1., device='cuda:0', grad_fn=<DivBackward0>)
	 epoch  10 test error:  tensor(0.0443, device='cuda:0', grad_fn=<DivBackward0>)
Memory status after this epoch: 
Memory allocated:  180.775390625
Memory cached:  374.0
	 epoch  20 training error:  tensor(1., device='cuda:0', grad_fn=<DivBackward0>)
	 epoch  20 test error:  tensor(308541.0938, device='cuda:0', grad_fn=<DivBackward0>)
Memory status after this epoch: 
Memory allocated:  179.837890625
Memory cached:  374.0
	 epoch  30 training error:  tensor(1., device='cuda:0', grad_fn=<DivBackward0>)
	 epoch  30 test error:  tensor(0.0443, device='cuda:0', grad_fn=<DivBackward0>)
Memory status after this epoch: 
Memory allocated:  180.775390625
Memory cached:  374.0
	 epoch  40 training error:  tensor(1., device='cuda:0', grad_fn=<DivBackward0>)
	 epoch  40 test error:  tensor(0.0443, device='cuda:0', grad_fn=<DivBackward0>)
Memory status after this epoch: 
Memory allocated:  179.837890625
Memory cached:  376.0
	 epoch  50 training error:  tensor(1., device='cuda:0', grad_fn=<DivBackward0>)
	 epoch  50 test error:  tensor(0.0443, device='cuda:0', grad_fn=<DivBackward0>)
Memory status after this epoch: 
Memory allocated:  180.775390625
Memory cached:  374.0
	 epoch  60 training error:  tensor(1., device='cuda:0', grad_fn=<DivBackward0>)
	 epoch  60 test error:  tensor(0.0443, device='cuda:0', grad_fn=<DivBackward0>)
Memory status after this epoch: 
Memory allocated:  179.837890625
Memory cached:  374.0
	 epoch  70 training error:  tensor(1., device='cuda:0', grad_fn=<DivBackward0>)
	 epoch  70 test error:  tensor(0.0443, device='cuda:0', grad_fn=<DivBackward0>)
Memory status after this epoch: 
Memory allocated:  180.775390625
Memory cached:  376.0
	 epoch  80 training error:  tensor(1., device='cuda:0', grad_fn=<DivBackward0>)
	 epoch  80 test error:  tensor(0.0443, device='cuda:0', grad_fn=<DivBackward0>)
Memory status after this epoch: 
Memory allocated:  179.837890625
Memory cached:  374.0
	 epoch  90 training error:  tensor(1., device='cuda:0', grad_fn=<DivBackward0>)
	 epoch  90 test error:  tensor(0.0443, device='cuda:0', grad_fn=<DivBackward0>)
Memory status after this epoch: 
Memory allocated:  180.775390625
Memory cached:  376.0
[I 2023-11-16 15:03:27,508] Trial 5 finished with value: 0.04426875337958336 and parameters: {'W_layers': 6, 'W_layer_units_exponent_0': 5, 'W_layer_units_exponent_1': 7, 'W_layer_units_exponent_2': 7, 'W_layer_units_exponent_3': 9, 'W_layer_units_exponent_4': 5, 'W_layer_units_exponent_5': 8, 'D_layers': 8, 'D_layer_units_exponent_0': 9, 'D_layer_units_exponent_1': 4, 'D_layer_units_exponent_2': 6, 'D_layer_units_exponent_3': 4, 'D_layer_units_exponent_4': 8, 'D_layer_units_exponent_5': 4, 'D_layer_units_exponent_6': 4, 'D_layer_units_exponent_7': 7, 'log_learning_rate': -1.18834440776604, 'log_learning_rate_D': -4.694923163791959, 'training_batch_size': 8, 'training_p': 2}. Best is trial 2 with value: 0.007876552641391754.
Time for this trial:  178.90270113945007
Memory status after this trial: 
Memory allocated:  356.23583984375
Memory cached:  378.0
--------------------  Trial  6   --------------------
Start timing: 
Parameters: 
{'W_layers': 4, 'W_layer_units_exponent_0': 8, 'W_layer_units_exponent_1': 4, 'W_layer_units_exponent_2': 9, 'W_layer_units_exponent_3': 6, 'D_layers': 6, 'D_layer_units_exponent_0': 7, 'D_layer_units_exponent_1': 4, 'D_layer_units_exponent_2': 5, 'D_layer_units_exponent_3': 6, 'D_layer_units_exponent_4': 4, 'D_layer_units_exponent_5': 10, 'log_learning_rate': -3.996394794313124, 'log_learning_rate_D': -1.3901214125533659, 'training_batch_size': 10, 'training_p': 4}
	 epoch  0 training error:  tensor(0.2935, device='cuda:0', grad_fn=<DivBackward0>)
	 epoch  0 test error:  tensor(0.0349, device='cuda:0', grad_fn=<DivBackward0>)
Memory status after this epoch: 
Memory allocated:  180.35302734375
Memory cached:  200.0
	 epoch  10 training error:  tensor(0.3981, device='cuda:0', grad_fn=<DivBackward0>)
	 epoch  10 test error:  tensor(0.0091, device='cuda:0', grad_fn=<DivBackward0>)
Memory status after this epoch: 
Memory allocated:  179.41552734375
Memory cached:  374.0
	 epoch  20 training error:  tensor(0.3155, device='cuda:0', grad_fn=<DivBackward0>)
	 epoch  20 test error:  tensor(0.0077, device='cuda:0', grad_fn=<DivBackward0>)
Memory status after this epoch: 
Memory allocated:  180.35302734375
Memory cached:  374.0
	 epoch  30 training error:  tensor(0.2940, device='cuda:0', grad_fn=<DivBackward0>)
	 epoch  30 test error:  tensor(0.0072, device='cuda:0', grad_fn=<DivBackward0>)
Memory status after this epoch: 
Memory allocated:  179.41552734375
Memory cached:  374.0
	 epoch  40 training error:  tensor(0.2963, device='cuda:0', grad_fn=<DivBackward0>)
	 epoch  40 test error:  tensor(0.0071, device='cuda:0', grad_fn=<DivBackward0>)
Memory status after this epoch: 
Memory allocated:  180.35302734375
Memory cached:  374.0
	 epoch  50 training error:  tensor(0.2957, device='cuda:0', grad_fn=<DivBackward0>)
	 epoch  50 test error:  tensor(0.0072, device='cuda:0', grad_fn=<DivBackward0>)
Memory status after this epoch: 
Memory allocated:  179.41552734375
Memory cached:  376.0
	 epoch  60 training error:  tensor(0.2942, device='cuda:0', grad_fn=<DivBackward0>)
	 epoch  60 test error:  tensor(0.0075, device='cuda:0', grad_fn=<DivBackward0>)
Memory status after this epoch: 
Memory allocated:  180.35302734375
Memory cached:  376.0
	 epoch  70 training error:  tensor(0.2935, device='cuda:0', grad_fn=<DivBackward0>)
	 epoch  70 test error:  tensor(0.0078, device='cuda:0', grad_fn=<DivBackward0>)
Memory status after this epoch: 
Memory allocated:  179.41552734375
Memory cached:  374.0
	 epoch  80 training error:  tensor(0.2936, device='cuda:0', grad_fn=<DivBackward0>)
	 epoch  80 test error:  tensor(0.0077, device='cuda:0', grad_fn=<DivBackward0>)
Memory status after this epoch: 
Memory allocated:  180.35302734375
Memory cached:  376.0
	 epoch  90 training error:  tensor(0.2935, device='cuda:0', grad_fn=<DivBackward0>)
	 epoch  90 test error:  tensor(0.0076, device='cuda:0', grad_fn=<DivBackward0>)
Memory status after this epoch: 
Memory allocated:  179.41552734375
Memory cached:  376.0
