[I 2023-11-16 00:55:41,826] Trial 37 finished with value: 0.07173013687133789 and parameters: {'W_layers': 7, 'W_layer_units_exponent_0': 9, 'W_layer_units_exponent_1': 8, 'W_layer_units_exponent_2': 7, 'W_layer_units_exponent_3': 4, 'W_layer_units_exponent_4': 7, 'W_layer_units_exponent_5': 10, 'W_layer_units_exponent_6': 5, 'D_layers': 6, 'D_layer_units_exponent_0': 8, 'D_layer_units_exponent_1': 7, 'D_layer_units_exponent_2': 10, 'D_layer_units_exponent_3': 4, 'D_layer_units_exponent_4': 4, 'D_layer_units_exponent_5': 9, 'D_dagger_layers': 5, 'D_dagger_layer_units_exponent_0': 5, 'D_dagger_layer_units_exponent_1': 9, 'D_dagger_layer_units_exponent_2': 7, 'D_dagger_layer_units_exponent_3': 8, 'D_dagger_layer_units_exponent_4': 10, 'log_learning_rate': -1.3088504291640934, 'log_learning_rate_D': -1.511503789427533, 'log_learning_rate_D_dagger': -4.240921118999346, 'training_batch_size': 12, 'training_p': 2}. Best is trial 26 with value: 0.06750839203596115.
Time for this trial:  20.218366861343384
Memory status after this trial: 
Memory allocated:  226.369140625
Memory cached:  250.0
--------------------  Trial  38   --------------------
Start timing: 
Parameters: 
{'W_layers': 4, 'W_layer_units_exponent_0': 8, 'W_layer_units_exponent_1': 7, 'W_layer_units_exponent_2': 8, 'W_layer_units_exponent_3': 5, 'D_layers': 7, 'D_layer_units_exponent_0': 7, 'D_layer_units_exponent_1': 6, 'D_layer_units_exponent_2': 9, 'D_layer_units_exponent_3': 7, 'D_layer_units_exponent_4': 5, 'D_layer_units_exponent_5': 8, 'D_layer_units_exponent_6': 6, 'D_dagger_layers': 6, 'D_dagger_layer_units_exponent_0': 6, 'D_dagger_layer_units_exponent_1': 6, 'D_dagger_layer_units_exponent_2': 8, 'D_dagger_layer_units_exponent_3': 10, 'D_dagger_layer_units_exponent_4': 10, 'D_dagger_layer_units_exponent_5': 4, 'log_learning_rate': -1.0115523874913672, 'log_learning_rate_D': -1.606266770969414, 'log_learning_rate_D_dagger': -3.8444212684656827, 'training_batch_size': 9, 'training_p': 3}
	 epoch  0 training error:  tensor(0.8461, device='cuda:0', grad_fn=<DivBackward0>)
Memory status after this epoch: 
Memory allocated:  22.80517578125
Memory cached:  46.0
	 epoch  10 training error:  tensor(0.2252, device='cuda:0', grad_fn=<DivBackward0>)
Memory status after this epoch: 
Memory allocated:  22.80517578125
Memory cached:  46.0
	 epoch  20 training error:  tensor(0.1404, device='cuda:0', grad_fn=<DivBackward0>)
Memory status after this epoch: 
Memory allocated:  22.80517578125
Memory cached:  46.0
	 epoch  30 training error:  tensor(0.0959, device='cuda:0', grad_fn=<DivBackward0>)
Memory status after this epoch: 
Memory allocated:  22.80517578125
Memory cached:  46.0
	 epoch  40 training error:  tensor(0.0861, device='cuda:0', grad_fn=<DivBackward0>)
Memory status after this epoch: 
Memory allocated:  22.80517578125
Memory cached:  46.0
	 epoch  50 training error:  tensor(0.0736, device='cuda:0', grad_fn=<DivBackward0>)
Memory status after this epoch: 
Memory allocated:  22.80517578125
Memory cached:  46.0
	 epoch  60 training error:  tensor(0.0724, device='cuda:0', grad_fn=<DivBackward0>)
Memory status after this epoch: 
Memory allocated:  22.80517578125
Memory cached:  46.0
	 epoch  70 training error:  tensor(0.0713, device='cuda:0', grad_fn=<DivBackward0>)
Memory status after this epoch: 
Memory allocated:  22.80517578125
Memory cached:  46.0
	 epoch  80 training error:  tensor(0.0703, device='cuda:0', grad_fn=<DivBackward0>)
Memory status after this epoch: 
Memory allocated:  22.80517578125
Memory cached:  46.0
	 epoch  90 training error:  tensor(0.0698, device='cuda:0', grad_fn=<DivBackward0>)
Memory status after this epoch: 
Memory allocated:  22.80517578125
Memory cached:  46.0
[I 2023-11-16 00:56:00,621] Trial 38 finished with value: 0.06896395981311798 and parameters: {'W_layers': 4, 'W_layer_units_exponent_0': 8, 'W_layer_units_exponent_1': 7, 'W_layer_units_exponent_2': 8, 'W_layer_units_exponent_3': 5, 'D_layers': 7, 'D_layer_units_exponent_0': 7, 'D_layer_units_exponent_1': 6, 'D_layer_units_exponent_2': 9, 'D_layer_units_exponent_3': 7, 'D_layer_units_exponent_4': 5, 'D_layer_units_exponent_5': 8, 'D_layer_units_exponent_6': 6, 'D_dagger_layers': 6, 'D_dagger_layer_units_exponent_0': 6, 'D_dagger_layer_units_exponent_1': 6, 'D_dagger_layer_units_exponent_2': 8, 'D_dagger_layer_units_exponent_3': 10, 'D_dagger_layer_units_exponent_4': 10, 'D_dagger_layer_units_exponent_5': 4, 'log_learning_rate': -1.0115523874913672, 'log_learning_rate_D': -1.606266770969414, 'log_learning_rate_D_dagger': -3.8444212684656827, 'training_batch_size': 9, 'training_p': 3}. Best is trial 26 with value: 0.06750839203596115.
Time for this trial:  18.561522245407104
Memory status after this trial: 
Memory allocated:  180.91796875
Memory cached:  196.0
--------------------  Trial  39   --------------------
Start timing: 
Parameters: 
{'W_layers': 6, 'W_layer_units_exponent_0': 9, 'W_layer_units_exponent_1': 7, 'W_layer_units_exponent_2': 4, 'W_layer_units_exponent_3': 4, 'W_layer_units_exponent_4': 8, 'W_layer_units_exponent_5': 9, 'D_layers': 6, 'D_layer_units_exponent_0': 8, 'D_layer_units_exponent_1': 7, 'D_layer_units_exponent_2': 10, 'D_layer_units_exponent_3': 6, 'D_layer_units_exponent_4': 4, 'D_layer_units_exponent_5': 7, 'D_dagger_layers': 7, 'D_dagger_layer_units_exponent_0': 4, 'D_dagger_layer_units_exponent_1': 10, 'D_dagger_layer_units_exponent_2': 10, 'D_dagger_layer_units_exponent_3': 8, 'D_dagger_layer_units_exponent_4': 10, 'D_dagger_layer_units_exponent_5': 4, 'D_dagger_layer_units_exponent_6': 4, 'log_learning_rate': -1.5440108496845517, 'log_learning_rate_D': -1.3120707198902477, 'log_learning_rate_D_dagger': -3.1051055727759076, 'training_batch_size': 10, 'training_p': 2}
	 epoch  0 training error:  tensor(0.9269, device='cuda:0', grad_fn=<DivBackward0>)
Memory status after this epoch: 
Memory allocated:  29.130859375
Memory cached:  54.0
	 epoch  10 training error:  tensor(0.3928, device='cuda:0', grad_fn=<DivBackward0>)
Memory status after this epoch: 
Memory allocated:  29.130859375
Memory cached:  56.0
	 epoch  20 training error:  tensor(0.2032, device='cuda:0', grad_fn=<DivBackward0>)
Memory status after this epoch: 
Memory allocated:  29.130859375
Memory cached:  56.0
	 epoch  30 training error:  tensor(0.1132, device='cuda:0', grad_fn=<DivBackward0>)
Memory status after this epoch: 
Memory allocated:  29.130859375
Memory cached:  56.0
	 epoch  40 training error:  tensor(0.0881, device='cuda:0', grad_fn=<DivBackward0>)
Memory status after this epoch: 
Memory allocated:  29.130859375
Memory cached:  56.0
	 epoch  50 training error:  tensor(0.0694, device='cuda:0', grad_fn=<DivBackward0>)
Memory status after this epoch: 
Memory allocated:  29.130859375
Memory cached:  56.0
	 epoch  60 training error:  tensor(0.0652, device='cuda:0', grad_fn=<DivBackward0>)
Memory status after this epoch: 
Memory allocated:  29.130859375
Memory cached:  56.0
	 epoch  70 training error:  tensor(0.0628, device='cuda:0', grad_fn=<DivBackward0>)
Memory status after this epoch: 
Memory allocated:  29.130859375
Memory cached:  56.0
	 epoch  80 training error:  tensor(0.0617, device='cuda:0', grad_fn=<DivBackward0>)
Memory status after this epoch: 
Memory allocated:  29.130859375
Memory cached:  56.0
	 epoch  90 training error:  tensor(0.0608, device='cuda:0', grad_fn=<DivBackward0>)
Memory status after this epoch: 
Memory allocated:  29.130859375
Memory cached:  56.0
[I 2023-11-16 00:56:21,204] Trial 39 finished with value: 0.06857098639011383 and parameters: {'W_layers': 6, 'W_layer_units_exponent_0': 9, 'W_layer_units_exponent_1': 7, 'W_layer_units_exponent_2': 4, 'W_layer_units_exponent_3': 4, 'W_layer_units_exponent_4': 8, 'W_layer_units_exponent_5': 9, 'D_layers': 6, 'D_layer_units_exponent_0': 8, 'D_layer_units_exponent_1': 7, 'D_layer_units_exponent_2': 10, 'D_layer_units_exponent_3': 6, 'D_layer_units_exponent_4': 4, 'D_layer_units_exponent_5': 7, 'D_dagger_layers': 7, 'D_dagger_layer_units_exponent_0': 4, 'D_dagger_layer_units_exponent_1': 10, 'D_dagger_layer_units_exponent_2': 10, 'D_dagger_layer_units_exponent_3': 8, 'D_dagger_layer_units_exponent_4': 10, 'D_dagger_layer_units_exponent_5': 4, 'D_dagger_layer_units_exponent_6': 4, 'log_learning_rate': -1.5440108496845517, 'log_learning_rate_D': -1.3120707198902477, 'log_learning_rate_D_dagger': -3.1051055727759076, 'training_batch_size': 10, 'training_p': 2}. Best is trial 26 with value: 0.06750839203596115.
Time for this trial:  20.32926034927368
Memory status after this trial: 
Memory allocated:  276.251953125
Memory cached:  314.0
--------------------  Trial  40   --------------------
Start timing: 
Parameters: 
{'W_layers': 5, 'W_layer_units_exponent_0': 10, 'W_layer_units_exponent_1': 7, 'W_layer_units_exponent_2': 4, 'W_layer_units_exponent_3': 4, 'W_layer_units_exponent_4': 8, 'D_layers': 6, 'D_layer_units_exponent_0': 9, 'D_layer_units_exponent_1': 7, 'D_layer_units_exponent_2': 10, 'D_layer_units_exponent_3': 6, 'D_layer_units_exponent_4': 4, 'D_layer_units_exponent_5': 7, 'D_dagger_layers': 7, 'D_dagger_layer_units_exponent_0': 4, 'D_dagger_layer_units_exponent_1': 5, 'D_dagger_layer_units_exponent_2': 10, 'D_dagger_layer_units_exponent_3': 9, 'D_dagger_layer_units_exponent_4': 9, 'D_dagger_layer_units_exponent_5': 4, 'D_dagger_layer_units_exponent_6': 4, 'log_learning_rate': -1.5724310486257267, 'log_learning_rate_D': -1.9515747970529043, 'log_learning_rate_D_dagger': -3.05063701323225, 'training_batch_size': 11, 'training_p': 2}
	 epoch  0 training error:  tensor(1.3845, device='cuda:0', grad_fn=<DivBackward0>)
Memory status after this epoch: 
Memory allocated:  16.0009765625
Memory cached:  52.0
	 epoch  10 training error:  tensor(0.7221, device='cuda:0', grad_fn=<DivBackward0>)
Memory status after this epoch: 
Memory allocated:  16.0009765625
Memory cached:  54.0
	 epoch  20 training error:  tensor(0.3624, device='cuda:0', grad_fn=<DivBackward0>)
Memory status after this epoch: 
Memory allocated:  16.0009765625
Memory cached:  54.0
	 epoch  30 training error:  tensor(0.1362, device='cuda:0', grad_fn=<DivBackward0>)
Memory status after this epoch: 
Memory allocated:  16.0009765625
Memory cached:  54.0
	 epoch  40 training error:  tensor(0.0900, device='cuda:0', grad_fn=<DivBackward0>)
Memory status after this epoch: 
Memory allocated:  16.0009765625
Memory cached:  54.0
	 epoch  50 training error:  tensor(0.0675, device='cuda:0', grad_fn=<DivBackward0>)
Memory status after this epoch: 
Memory allocated:  16.0009765625
Memory cached:  54.0
	 epoch  60 training error:  tensor(0.0644, device='cuda:0', grad_fn=<DivBackward0>)
Memory status after this epoch: 
Memory allocated:  16.0009765625
Memory cached:  54.0
	 epoch  70 training error:  tensor(0.0627, device='cuda:0', grad_fn=<DivBackward0>)
Memory status after this epoch: 
Memory allocated:  16.0009765625
Memory cached:  54.0
	 epoch  80 training error:  tensor(0.0620, device='cuda:0', grad_fn=<DivBackward0>)
Memory status after this epoch: 
Memory allocated:  16.0009765625
Memory cached:  54.0
	 epoch  90 training error:  tensor(0.0614, device='cuda:0', grad_fn=<DivBackward0>)
Memory status after this epoch: 
Memory allocated:  16.0009765625
Memory cached:  54.0
[I 2023-11-16 00:56:40,754] Trial 40 finished with value: 0.06897362321615219 and parameters: {'W_layers': 5, 'W_layer_units_exponent_0': 10, 'W_layer_units_exponent_1': 7, 'W_layer_units_exponent_2': 4, 'W_layer_units_exponent_3': 4, 'W_layer_units_exponent_4': 8, 'D_layers': 6, 'D_layer_units_exponent_0': 9, 'D_layer_units_exponent_1': 7, 'D_layer_units_exponent_2': 10, 'D_layer_units_exponent_3': 6, 'D_layer_units_exponent_4': 4, 'D_layer_units_exponent_5': 7, 'D_dagger_layers': 7, 'D_dagger_layer_units_exponent_0': 4, 'D_dagger_layer_units_exponent_1': 5, 'D_dagger_layer_units_exponent_2': 10, 'D_dagger_layer_units_exponent_3': 9, 'D_dagger_layer_units_exponent_4': 9, 'D_dagger_layer_units_exponent_5': 4, 'D_dagger_layer_units_exponent_6': 4, 'log_learning_rate': -1.5724310486257267, 'log_learning_rate_D': -1.9515747970529043, 'log_learning_rate_D_dagger': -3.05063701323225, 'training_batch_size': 11, 'training_p': 2}. Best is trial 26 with value: 0.06750839203596115.
Time for this trial:  19.294856071472168
Memory status after this trial: 
Memory allocated:  201.0986328125
Memory cached:  234.0
--------------------  Trial  41   --------------------
Start timing: 
Parameters: 
{'W_layers': 6, 'W_layer_units_exponent_0': 9, 'W_layer_units_exponent_1': 8, 'W_layer_units_exponent_2': 4, 'W_layer_units_exponent_3': 4, 'W_layer_units_exponent_4': 8, 'W_layer_units_exponent_5': 9, 'D_layers': 7, 'D_layer_units_exponent_0': 8, 'D_layer_units_exponent_1': 7, 'D_layer_units_exponent_2': 10, 'D_layer_units_exponent_3': 6, 'D_layer_units_exponent_4': 4, 'D_layer_units_exponent_5': 8, 'D_layer_units_exponent_6': 6, 'D_dagger_layers': 7, 'D_dagger_layer_units_exponent_0': 4, 'D_dagger_layer_units_exponent_1': 10, 'D_dagger_layer_units_exponent_2': 10, 'D_dagger_layer_units_exponent_3': 8, 'D_dagger_layer_units_exponent_4': 10, 'D_dagger_layer_units_exponent_5': 4, 'D_dagger_layer_units_exponent_6': 6, 'log_learning_rate': -1.3076749726724581, 'log_learning_rate_D': -1.2873674609771453, 'log_learning_rate_D_dagger': -3.6977633460284145, 'training_batch_size': 10, 'training_p': 2}
	 epoch  0 training error:  tensor(1.0696, device='cuda:0', grad_fn=<DivBackward0>)
Memory status after this epoch: 
Memory allocated:  30.2470703125
Memory cached:  56.0
	 epoch  10 training error:  tensor(0.2537, device='cuda:0', grad_fn=<DivBackward0>)
Memory status after this epoch: 
Memory allocated:  30.2470703125
Memory cached:  58.0
	 epoch  20 training error:  tensor(0.1953, device='cuda:0', grad_fn=<DivBackward0>)
Memory status after this epoch: 
Memory allocated:  30.2470703125
Memory cached:  58.0
	 epoch  30 training error:  tensor(0.1010, device='cuda:0', grad_fn=<DivBackward0>)
Memory status after this epoch: 
Memory allocated:  30.2470703125
Memory cached:  58.0
	 epoch  40 training error:  tensor(0.0666, device='cuda:0', grad_fn=<DivBackward0>)
Memory status after this epoch: 
Memory allocated:  30.2470703125
Memory cached:  58.0
	 epoch  50 training error:  tensor(0.0644, device='cuda:0', grad_fn=<DivBackward0>)
Memory status after this epoch: 
Memory allocated:  30.2470703125
Memory cached:  58.0
	 epoch  60 training error:  tensor(0.0639, device='cuda:0', grad_fn=<DivBackward0>)
Memory status after this epoch: 
Memory allocated:  30.2470703125
Memory cached:  58.0
	 epoch  70 training error:  tensor(0.0619, device='cuda:0', grad_fn=<DivBackward0>)
Memory status after this epoch: 
Memory allocated:  30.2470703125
Memory cached:  58.0
	 epoch  80 training error:  tensor(0.0608, device='cuda:0', grad_fn=<DivBackward0>)
Memory status after this epoch: 
Memory allocated:  30.2470703125
Memory cached:  58.0
	 epoch  90 training error:  tensor(0.0599, device='cuda:0', grad_fn=<DivBackward0>)
Memory status after this epoch: 
Memory allocated:  30.2470703125
Memory cached:  58.0
[I 2023-11-16 00:57:01,609] Trial 41 finished with value: 0.0665002316236496 and parameters: {'W_layers': 6, 'W_layer_units_exponent_0': 9, 'W_layer_units_exponent_1': 8, 'W_layer_units_exponent_2': 4, 'W_layer_units_exponent_3': 4, 'W_layer_units_exponent_4': 8, 'W_layer_units_exponent_5': 9, 'D_layers': 7, 'D_layer_units_exponent_0': 8, 'D_layer_units_exponent_1': 7, 'D_layer_units_exponent_2': 10, 'D_layer_units_exponent_3': 6, 'D_layer_units_exponent_4': 4, 'D_layer_units_exponent_5': 8, 'D_layer_units_exponent_6': 6, 'D_dagger_layers': 7, 'D_dagger_layer_units_exponent_0': 4, 'D_dagger_layer_units_exponent_1': 10, 'D_dagger_layer_units_exponent_2': 10, 'D_dagger_layer_units_exponent_3': 8, 'D_dagger_layer_units_exponent_4': 10, 'D_dagger_layer_units_exponent_5': 4, 'D_dagger_layer_units_exponent_6': 6, 'log_learning_rate': -1.3076749726724581, 'log_learning_rate_D': -1.2873674609771453, 'log_learning_rate_D_dagger': -3.6977633460284145, 'training_batch_size': 10, 'training_p': 2}. Best is trial 41 with value: 0.0665002316236496.
Time for this trial:  20.590067148208618
Memory status after this trial: 
Memory allocated:  286.267578125
Memory cached:  330.0
--------------------  Trial  42   --------------------
Start timing: 
Parameters: 
{'W_layers': 6, 'W_layer_units_exponent_0': 9, 'W_layer_units_exponent_1': 8, 'W_layer_units_exponent_2': 4, 'W_layer_units_exponent_3': 4, 'W_layer_units_exponent_4': 8, 'W_layer_units_exponent_5': 9, 'D_layers': 6, 'D_layer_units_exponent_0': 8, 'D_layer_units_exponent_1': 6, 'D_layer_units_exponent_2': 10, 'D_layer_units_exponent_3': 5, 'D_layer_units_exponent_4': 4, 'D_layer_units_exponent_5': 7, 'D_dagger_layers': 7, 'D_dagger_layer_units_exponent_0': 4, 'D_dagger_layer_units_exponent_1': 10, 'D_dagger_layer_units_exponent_2': 10, 'D_dagger_layer_units_exponent_3': 7, 'D_dagger_layer_units_exponent_4': 10, 'D_dagger_layer_units_exponent_5': 5, 'D_dagger_layer_units_exponent_6': 6, 'log_learning_rate': -1.3138141155342797, 'log_learning_rate_D': -1.6575553652811785, 'log_learning_rate_D_dagger': -3.538124061535096, 'training_batch_size': 10, 'training_p': 2}
	 epoch  0 training error:  tensor(0.9004, device='cuda:0', grad_fn=<DivBackward0>)
Memory status after this epoch: 
Memory allocated:  26.0
Memory cached:  52.0
	 epoch  10 training error:  tensor(2307.6882, device='cuda:0', grad_fn=<DivBackward0>)
Memory status after this epoch: 
Memory allocated:  26.0
Memory cached:  54.0
	 epoch  20 training error:  tensor(0.2236, device='cuda:0', grad_fn=<DivBackward0>)
Memory status after this epoch: 
Memory allocated:  26.0
Memory cached:  54.0
	 epoch  30 training error:  tensor(0.1131, device='cuda:0', grad_fn=<DivBackward0>)
Memory status after this epoch: 
Memory allocated:  26.0
Memory cached:  54.0
	 epoch  40 training error:  tensor(0.0741, device='cuda:0', grad_fn=<DivBackward0>)
Memory status after this epoch: 
Memory allocated:  26.0
Memory cached:  54.0
	 epoch  50 training error:  tensor(0.0682, device='cuda:0', grad_fn=<DivBackward0>)
Memory status after this epoch: 
Memory allocated:  26.0
Memory cached:  54.0
	 epoch  60 training error:  tensor(0.0638, device='cuda:0', grad_fn=<DivBackward0>)
Memory status after this epoch: 
Memory allocated:  26.0
Memory cached:  54.0
	 epoch  70 training error:  tensor(0.0614, device='cuda:0', grad_fn=<DivBackward0>)
Memory status after this epoch: 
Memory allocated:  26.0
Memory cached:  54.0
	 epoch  80 training error:  tensor(0.0607, device='cuda:0', grad_fn=<DivBackward0>)
Memory status after this epoch: 
Memory allocated:  26.0
Memory cached:  54.0
	 epoch  90 training error:  tensor(0.0602, device='cuda:0', grad_fn=<DivBackward0>)
Memory status after this epoch: 
Memory allocated:  26.0
Memory cached:  54.0
