[I 2023-11-16 13:34:58,387] Trial 26 finished with value: 0.009461130015552044 and parameters: {'W_layers': 3, 'W_layer_units_exponent_0': 4, 'W_layer_units_exponent_1': 7, 'W_layer_units_exponent_2': 9, 'D_layers': 7, 'D_layer_units_exponent_0': 5, 'D_layer_units_exponent_1': 8, 'D_layer_units_exponent_2': 8, 'D_layer_units_exponent_3': 9, 'D_layer_units_exponent_4': 9, 'D_layer_units_exponent_5': 10, 'D_layer_units_exponent_6': 4, 'log_learning_rate': -2.6693024082724435, 'log_learning_rate_D': -4.101682353819847, 'training_batch_size': 7, 'training_p': 3}. Best is trial 10 with value: 0.007422677706927061.
Time for this trial:  161.3720302581787
Memory status after this trial: 
Memory allocated:  483.74365234375
Memory cached:  502.0
--------------------  Trial  27   --------------------
Start timing: 
Parameters: 
{'W_layers': 2, 'W_layer_units_exponent_0': 5, 'W_layer_units_exponent_1': 10, 'D_layers': 5, 'D_layer_units_exponent_0': 8, 'D_layer_units_exponent_1': 9, 'D_layer_units_exponent_2': 7, 'D_layer_units_exponent_3': 8, 'D_layer_units_exponent_4': 10, 'log_learning_rate': -3.0656922260128003, 'log_learning_rate_D': -3.1234274174224117, 'training_batch_size': 6, 'training_p': 2}
	 epoch  0 training error:  tensor(8.2718, device='cuda:0', grad_fn=<DivBackward0>)
	 epoch  0 test error:  tensor(0.2786, device='cuda:0', grad_fn=<DivBackward0>)
Memory status after this epoch: 
Memory allocated:  244.9873046875
Memory cached:  304.0
	 epoch  10 training error:  tensor(0.9403, device='cuda:0', grad_fn=<DivBackward0>)
	 epoch  10 test error:  tensor(0.0409, device='cuda:0', grad_fn=<DivBackward0>)
Memory status after this epoch: 
Memory allocated:  244.7060546875
Memory cached:  498.0
	 epoch  20 training error:  tensor(0.5003, device='cuda:0', grad_fn=<DivBackward0>)
	 epoch  20 test error:  tensor(0.0157, device='cuda:0', grad_fn=<DivBackward0>)
Memory status after this epoch: 
Memory allocated:  244.9873046875
Memory cached:  498.0
	 epoch  30 training error:  tensor(0.2399, device='cuda:0', grad_fn=<DivBackward0>)
	 epoch  30 test error:  tensor(0.0086, device='cuda:0', grad_fn=<DivBackward0>)
Memory status after this epoch: 
Memory allocated:  244.7060546875
Memory cached:  498.0
	 epoch  40 training error:  tensor(0.2141, device='cuda:0', grad_fn=<DivBackward0>)
	 epoch  40 test error:  tensor(0.0083, device='cuda:0', grad_fn=<DivBackward0>)
Memory status after this epoch: 
Memory allocated:  244.9873046875
Memory cached:  498.0
	 epoch  50 training error:  tensor(0.2065, device='cuda:0', grad_fn=<DivBackward0>)
	 epoch  50 test error:  tensor(0.0081, device='cuda:0', grad_fn=<DivBackward0>)
Memory status after this epoch: 
Memory allocated:  244.7060546875
Memory cached:  498.0
	 epoch  60 training error:  tensor(0.2045, device='cuda:0', grad_fn=<DivBackward0>)
	 epoch  60 test error:  tensor(0.0080, device='cuda:0', grad_fn=<DivBackward0>)
Memory status after this epoch: 
Memory allocated:  244.9873046875
Memory cached:  498.0
	 epoch  70 training error:  tensor(0.2030, device='cuda:0', grad_fn=<DivBackward0>)
	 epoch  70 test error:  tensor(0.0078, device='cuda:0', grad_fn=<DivBackward0>)
Memory status after this epoch: 
Memory allocated:  244.7060546875
Memory cached:  498.0
	 epoch  80 training error:  tensor(0.2018, device='cuda:0', grad_fn=<DivBackward0>)
	 epoch  80 test error:  tensor(0.0077, device='cuda:0', grad_fn=<DivBackward0>)
Memory status after this epoch: 
Memory allocated:  244.9873046875
Memory cached:  498.0
	 epoch  90 training error:  tensor(0.2011, device='cuda:0', grad_fn=<DivBackward0>)
	 epoch  90 test error:  tensor(0.0076, device='cuda:0', grad_fn=<DivBackward0>)
Memory status after this epoch: 
Memory allocated:  244.7060546875
Memory cached:  498.0
[I 2023-11-16 13:38:45,365] Trial 27 finished with value: 0.007639007177203894 and parameters: {'W_layers': 2, 'W_layer_units_exponent_0': 5, 'W_layer_units_exponent_1': 10, 'D_layers': 5, 'D_layer_units_exponent_0': 8, 'D_layer_units_exponent_1': 9, 'D_layer_units_exponent_2': 7, 'D_layer_units_exponent_3': 8, 'D_layer_units_exponent_4': 10, 'log_learning_rate': -3.0656922260128003, 'log_learning_rate_D': -3.1234274174224117, 'training_batch_size': 6, 'training_p': 2}. Best is trial 10 with value: 0.007422677706927061.
Time for this trial:  226.74402904510498
Memory status after this trial: 
Memory allocated:  476.28955078125
Memory cached:  498.0
--------------------  Trial  28   --------------------
Start timing: 
Parameters: 
{'W_layers': 4, 'W_layer_units_exponent_0': 4, 'W_layer_units_exponent_1': 8, 'W_layer_units_exponent_2': 6, 'W_layer_units_exponent_3': 10, 'D_layers': 6, 'D_layer_units_exponent_0': 7, 'D_layer_units_exponent_1': 10, 'D_layer_units_exponent_2': 10, 'D_layer_units_exponent_3': 6, 'D_layer_units_exponent_4': 8, 'D_layer_units_exponent_5': 7, 'log_learning_rate': -2.2356210947837987, 'log_learning_rate_D': -3.6602366877682737, 'training_batch_size': 8, 'training_p': 3}
	 epoch  0 training error:  tensor(0.2935, device='cuda:0', grad_fn=<DivBackward0>)
	 epoch  0 test error:  tensor(2.4163, device='cuda:0', grad_fn=<DivBackward0>)
Memory status after this epoch: 
Memory allocated:  298.0458984375
Memory cached:  362.0
	 epoch  10 training error:  tensor(1.0019, device='cuda:0', grad_fn=<DivBackward0>)
	 epoch  10 test error:  tensor(0.0443, device='cuda:0', grad_fn=<DivBackward0>)
Memory status after this epoch: 
Memory allocated:  298.1865234375
Memory cached:  594.0
	 epoch  20 training error:  tensor(1.0000, device='cuda:0', grad_fn=<DivBackward0>)
	 epoch  20 test error:  tensor(0.0443, device='cuda:0', grad_fn=<DivBackward0>)
Memory status after this epoch: 
Memory allocated:  298.0458984375
Memory cached:  594.0
	 epoch  30 training error:  tensor(1.0000, device='cuda:0', grad_fn=<DivBackward0>)
	 epoch  30 test error:  tensor(0.0443, device='cuda:0', grad_fn=<DivBackward0>)
Memory status after this epoch: 
Memory allocated:  297.8583984375
Memory cached:  594.0
	 epoch  40 training error:  tensor(1.0000, device='cuda:0', grad_fn=<DivBackward0>)
	 epoch  40 test error:  tensor(0.0443, device='cuda:0', grad_fn=<DivBackward0>)
Memory status after this epoch: 
Memory allocated:  298.3271484375
Memory cached:  576.0
	 epoch  50 training error:  tensor(1.0000, device='cuda:0', grad_fn=<DivBackward0>)
	 epoch  50 test error:  tensor(0.0443, device='cuda:0', grad_fn=<DivBackward0>)
Memory status after this epoch: 
Memory allocated:  297.8583984375
Memory cached:  574.0
	 epoch  60 training error:  tensor(1., device='cuda:0', grad_fn=<DivBackward0>)
	 epoch  60 test error:  tensor(0.0443, device='cuda:0', grad_fn=<DivBackward0>)
Memory status after this epoch: 
Memory allocated:  298.3271484375
Memory cached:  574.0
	 epoch  70 training error:  tensor(1., device='cuda:0', grad_fn=<DivBackward0>)
	 epoch  70 test error:  tensor(0.0443, device='cuda:0', grad_fn=<DivBackward0>)
Memory status after this epoch: 
Memory allocated:  297.8583984375
Memory cached:  574.0
	 epoch  80 training error:  tensor(1., device='cuda:0', grad_fn=<DivBackward0>)
	 epoch  80 test error:  tensor(0.0443, device='cuda:0', grad_fn=<DivBackward0>)
Memory status after this epoch: 
Memory allocated:  298.3271484375
Memory cached:  574.0
	 epoch  90 training error:  tensor(1., device='cuda:0', grad_fn=<DivBackward0>)
	 epoch  90 test error:  tensor(0.0443, device='cuda:0', grad_fn=<DivBackward0>)
Memory status after this epoch: 
Memory allocated:  297.8583984375
Memory cached:  574.0
[I 2023-11-16 13:41:31,359] Trial 28 finished with value: 0.04426875337958336 and parameters: {'W_layers': 4, 'W_layer_units_exponent_0': 4, 'W_layer_units_exponent_1': 8, 'W_layer_units_exponent_2': 6, 'W_layer_units_exponent_3': 10, 'D_layers': 6, 'D_layer_units_exponent_0': 7, 'D_layer_units_exponent_1': 10, 'D_layer_units_exponent_2': 10, 'D_layer_units_exponent_3': 6, 'D_layer_units_exponent_4': 8, 'D_layer_units_exponent_5': 7, 'log_learning_rate': -2.2356210947837987, 'log_learning_rate_D': -3.6602366877682737, 'training_batch_size': 8, 'training_p': 3}. Best is trial 10 with value: 0.007422677706927061.
Time for this trial:  165.75760531425476
Memory status after this trial: 
Memory allocated:  563.00439453125
Memory cached:  576.0
--------------------  Trial  29   --------------------
Start timing: 
Parameters: 
{'W_layers': 8, 'W_layer_units_exponent_0': 4, 'W_layer_units_exponent_1': 9, 'W_layer_units_exponent_2': 5, 'W_layer_units_exponent_3': 8, 'W_layer_units_exponent_4': 8, 'W_layer_units_exponent_5': 7, 'W_layer_units_exponent_6': 7, 'W_layer_units_exponent_7': 10, 'D_layers': 8, 'D_layer_units_exponent_0': 10, 'D_layer_units_exponent_1': 7, 'D_layer_units_exponent_2': 9, 'D_layer_units_exponent_3': 7, 'D_layer_units_exponent_4': 9, 'D_layer_units_exponent_5': 9, 'D_layer_units_exponent_6': 6, 'D_layer_units_exponent_7': 7, 'log_learning_rate': -2.6086902352861525, 'log_learning_rate_D': -4.178222477295949, 'training_batch_size': 9, 'training_p': 4}
	 epoch  0 training error:  tensor(1.0717, device='cuda:0', grad_fn=<DivBackward0>)
	 epoch  0 test error:  tensor(0.1043, device='cuda:0', grad_fn=<DivBackward0>)
Memory status after this epoch: 
Memory allocated:  363.8935546875
Memory cached:  424.0
	 epoch  10 training error:  tensor(0.9274, device='cuda:0', grad_fn=<DivBackward0>)
	 epoch  10 test error:  tensor(0.0450, device='cuda:0', grad_fn=<DivBackward0>)
Memory status after this epoch: 
Memory allocated:  364.3623046875
Memory cached:  730.0
	 epoch  20 training error:  tensor(0.4696, device='cuda:0', grad_fn=<DivBackward0>)
	 epoch  20 test error:  tensor(0.0090, device='cuda:0', grad_fn=<DivBackward0>)
Memory status after this epoch: 
Memory allocated:  363.8935546875
Memory cached:  730.0
	 epoch  30 training error:  tensor(0.3339, device='cuda:0', grad_fn=<DivBackward0>)
	 epoch  30 test error:  tensor(0.0132, device='cuda:0', grad_fn=<DivBackward0>)
Memory status after this epoch: 
Memory allocated:  364.3623046875
Memory cached:  730.0
	 epoch  40 training error:  tensor(0.3087, device='cuda:0', grad_fn=<DivBackward0>)
	 epoch  40 test error:  tensor(0.0079, device='cuda:0', grad_fn=<DivBackward0>)
Memory status after this epoch: 
Memory allocated:  363.8935546875
Memory cached:  730.0
	 epoch  50 training error:  tensor(0.2959, device='cuda:0', grad_fn=<DivBackward0>)
	 epoch  50 test error:  tensor(0.0077, device='cuda:0', grad_fn=<DivBackward0>)
Memory status after this epoch: 
Memory allocated:  364.3623046875
Memory cached:  730.0
	 epoch  60 training error:  tensor(0.2806, device='cuda:0', grad_fn=<DivBackward0>)
	 epoch  60 test error:  tensor(0.0082, device='cuda:0', grad_fn=<DivBackward0>)
Memory status after this epoch: 
Memory allocated:  363.8935546875
Memory cached:  730.0
	 epoch  70 training error:  tensor(0.2799, device='cuda:0', grad_fn=<DivBackward0>)
	 epoch  70 test error:  tensor(0.0085, device='cuda:0', grad_fn=<DivBackward0>)
Memory status after this epoch: 
Memory allocated:  364.3623046875
Memory cached:  730.0
	 epoch  80 training error:  tensor(0.2794, device='cuda:0', grad_fn=<DivBackward0>)
	 epoch  80 test error:  tensor(0.0081, device='cuda:0', grad_fn=<DivBackward0>)
Memory status after this epoch: 
Memory allocated:  363.8935546875
Memory cached:  730.0
	 epoch  90 training error:  tensor(0.2794, device='cuda:0', grad_fn=<DivBackward0>)
	 epoch  90 test error:  tensor(0.0080, device='cuda:0', grad_fn=<DivBackward0>)
Memory status after this epoch: 
Memory allocated:  364.3623046875
Memory cached:  730.0
[I 2023-11-16 13:45:12,334] Trial 29 finished with value: 0.00810888409614563 and parameters: {'W_layers': 8, 'W_layer_units_exponent_0': 4, 'W_layer_units_exponent_1': 9, 'W_layer_units_exponent_2': 5, 'W_layer_units_exponent_3': 8, 'W_layer_units_exponent_4': 8, 'W_layer_units_exponent_5': 7, 'W_layer_units_exponent_6': 7, 'W_layer_units_exponent_7': 10, 'D_layers': 8, 'D_layer_units_exponent_0': 10, 'D_layer_units_exponent_1': 7, 'D_layer_units_exponent_2': 9, 'D_layer_units_exponent_3': 7, 'D_layer_units_exponent_4': 9, 'D_layer_units_exponent_5': 9, 'D_layer_units_exponent_6': 6, 'D_layer_units_exponent_7': 7, 'log_learning_rate': -2.6086902352861525, 'log_learning_rate_D': -4.178222477295949, 'training_batch_size': 9, 'training_p': 4}. Best is trial 10 with value: 0.007422677706927061.
Time for this trial:  220.69554901123047
Memory status after this trial: 
Memory allocated:  705.99072265625
Memory cached:  730.0
--------------------  Trial  30   --------------------
Start timing: 
Parameters: 
{'W_layers': 7, 'W_layer_units_exponent_0': 6, 'W_layer_units_exponent_1': 10, 'W_layer_units_exponent_2': 9, 'W_layer_units_exponent_3': 5, 'W_layer_units_exponent_4': 6, 'W_layer_units_exponent_5': 10, 'W_layer_units_exponent_6': 10, 'D_layers': 7, 'D_layer_units_exponent_0': 8, 'D_layer_units_exponent_1': 7, 'D_layer_units_exponent_2': 6, 'D_layer_units_exponent_3': 8, 'D_layer_units_exponent_4': 7, 'D_layer_units_exponent_5': 10, 'D_layer_units_exponent_6': 9, 'log_learning_rate': -3.1347557030114794, 'log_learning_rate_D': -4.509665219951612, 'training_batch_size': 7, 'training_p': 6}
	 epoch  0 training error:  tensor(0.7543, device='cuda:0', grad_fn=<DivBackward0>)
	 epoch  0 test error:  tensor(0.9279, device='cuda:0', grad_fn=<DivBackward0>)
Memory status after this epoch: 
Memory allocated:  428.8564453125
Memory cached:  496.0
	 epoch  10 training error:  tensor(1.3755, device='cuda:0', grad_fn=<DivBackward0>)
	 epoch  10 test error:  tensor(0.0269, device='cuda:0', grad_fn=<DivBackward0>)
Memory status after this epoch: 
Memory allocated:  428.2939453125
Memory cached:  842.0
	 epoch  20 training error:  tensor(0.4348, device='cuda:0', grad_fn=<DivBackward0>)
	 epoch  20 test error:  tensor(0.0095, device='cuda:0', grad_fn=<DivBackward0>)
Memory status after this epoch: 
Memory allocated:  428.5751953125
Memory cached:  822.0
	 epoch  30 training error:  tensor(0.3378, device='cuda:0', grad_fn=<DivBackward0>)
	 epoch  30 test error:  tensor(0.0080, device='cuda:0', grad_fn=<DivBackward0>)
Memory status after this epoch: 
Memory allocated:  428.7158203125
Memory cached:  822.0
	 epoch  40 training error:  tensor(0.3351, device='cuda:0', grad_fn=<DivBackward0>)
	 epoch  40 test error:  tensor(0.0071, device='cuda:0', grad_fn=<DivBackward0>)
Memory status after this epoch: 
Memory allocated:  428.6220703125
Memory cached:  822.0
	 epoch  50 training error:  tensor(0.3359, device='cuda:0', grad_fn=<DivBackward0>)
	 epoch  50 test error:  tensor(0.0071, device='cuda:0', grad_fn=<DivBackward0>)
Memory status after this epoch: 
Memory allocated:  428.7158203125
Memory cached:  822.0
	 epoch  60 training error:  tensor(0.3360, device='cuda:0', grad_fn=<DivBackward0>)
	 epoch  60 test error:  tensor(0.0071, device='cuda:0', grad_fn=<DivBackward0>)
Memory status after this epoch: 
Memory allocated:  428.1533203125
Memory cached:  822.0
	 epoch  70 training error:  tensor(0.3339, device='cuda:0', grad_fn=<DivBackward0>)
	 epoch  70 test error:  tensor(0.0073, device='cuda:0', grad_fn=<DivBackward0>)
Memory status after this epoch: 
Memory allocated:  428.9033203125
Memory cached:  822.0
	 epoch  80 training error:  tensor(0.3320, device='cuda:0', grad_fn=<DivBackward0>)
	 epoch  80 test error:  tensor(0.0074, device='cuda:0', grad_fn=<DivBackward0>)
Memory status after this epoch: 
Memory allocated:  428.4345703125
Memory cached:  822.0
	 epoch  90 training error:  tensor(0.3311, device='cuda:0', grad_fn=<DivBackward0>)
	 epoch  90 test error:  tensor(0.0074, device='cuda:0', grad_fn=<DivBackward0>)
Memory status after this epoch: 
Memory allocated:  428.4345703125
Memory cached:  822.0
[I 2023-11-16 13:48:41,832] Trial 30 finished with value: 0.007359908428043127 and parameters: {'W_layers': 7, 'W_layer_units_exponent_0': 6, 'W_layer_units_exponent_1': 10, 'W_layer_units_exponent_2': 9, 'W_layer_units_exponent_3': 5, 'W_layer_units_exponent_4': 6, 'W_layer_units_exponent_5': 10, 'W_layer_units_exponent_6': 10, 'D_layers': 7, 'D_layer_units_exponent_0': 8, 'D_layer_units_exponent_1': 7, 'D_layer_units_exponent_2': 6, 'D_layer_units_exponent_3': 8, 'D_layer_units_exponent_4': 7, 'D_layer_units_exponent_5': 10, 'D_layer_units_exponent_6': 9, 'log_learning_rate': -3.1347557030114794, 'log_learning_rate_D': -4.509665219951612, 'training_batch_size': 7, 'training_p': 6}. Best is trial 30 with value: 0.007359908428043127.
Time for this trial:  209.21203351020813
Memory status after this trial: 
Memory allocated:  798.40771484375
Memory cached:  822.0
--------------------  Trial  31   --------------------
Start timing: 
Parameters: 
{'W_layers': 7, 'W_layer_units_exponent_0': 6, 'W_layer_units_exponent_1': 10, 'W_layer_units_exponent_2': 9, 'W_layer_units_exponent_3': 4, 'W_layer_units_exponent_4': 6, 'W_layer_units_exponent_5': 10, 'W_layer_units_exponent_6': 10, 'D_layers': 7, 'D_layer_units_exponent_0': 8, 'D_layer_units_exponent_1': 7, 'D_layer_units_exponent_2': 6, 'D_layer_units_exponent_3': 8, 'D_layer_units_exponent_4': 7, 'D_layer_units_exponent_5': 10, 'D_layer_units_exponent_6': 9, 'log_learning_rate': -3.103458768947497, 'log_learning_rate_D': -4.602660187002049, 'training_batch_size': 7, 'training_p': 6}
	 epoch  0 training error:  tensor(0.9253, device='cuda:0', grad_fn=<DivBackward0>)
	 epoch  0 test error:  tensor(0.9798, device='cuda:0', grad_fn=<DivBackward0>)
Memory status after this epoch: 
Memory allocated:  427.7978515625
Memory cached:  494.0
	 epoch  10 training error:  tensor(0.4990, device='cuda:0', grad_fn=<DivBackward0>)
	 epoch  10 test error:  tensor(0.0075, device='cuda:0', grad_fn=<DivBackward0>)
Memory status after this epoch: 
Memory allocated:  427.9384765625
Memory cached:  842.0
	 epoch  20 training error:  tensor(0.4641, device='cuda:0', grad_fn=<DivBackward0>)
	 epoch  20 test error:  tensor(0.0146, device='cuda:0', grad_fn=<DivBackward0>)
Memory status after this epoch: 
Memory allocated:  427.2822265625
Memory cached:  822.0
	 epoch  30 training error:  tensor(0.6198, device='cuda:0', grad_fn=<DivBackward0>)
	 epoch  30 test error:  tensor(0.0210, device='cuda:0', grad_fn=<DivBackward0>)
Memory status after this epoch: 
Memory allocated:  428.4072265625
Memory cached:  822.0
	 epoch  40 training error:  tensor(0.3560, device='cuda:0', grad_fn=<DivBackward0>)
	 epoch  40 test error:  tensor(0.0280, device='cuda:0', grad_fn=<DivBackward0>)
Memory status after this epoch: 
Memory allocated:  427.2822265625
Memory cached:  822.0
	 epoch  50 training error:  tensor(0.7444, device='cuda:0', grad_fn=<DivBackward0>)
	 epoch  50 test error:  tensor(0.0157, device='cuda:0', grad_fn=<DivBackward0>)
Memory status after this epoch: 
Memory allocated:  428.4072265625
Memory cached:  822.0
	 epoch  60 training error:  tensor(0.3400, device='cuda:0', grad_fn=<DivBackward0>)
	 epoch  60 test error:  tensor(0.0142, device='cuda:0', grad_fn=<DivBackward0>)
Memory status after this epoch: 
Memory allocated:  427.2822265625
Memory cached:  822.0
	 epoch  70 training error:  tensor(0.3410, device='cuda:0', grad_fn=<DivBackward0>)
	 epoch  70 test error:  tensor(0.0105, device='cuda:0', grad_fn=<DivBackward0>)
Memory status after this epoch: 
Memory allocated:  427.9384765625
Memory cached:  822.0
	 epoch  80 training error:  tensor(0.3524, device='cuda:0', grad_fn=<DivBackward0>)
	 epoch  80 test error:  tensor(0.0081, device='cuda:0', grad_fn=<DivBackward0>)
Memory status after this epoch: 
Memory allocated:  427.6572265625
Memory cached:  822.0
	 epoch  90 training error:  tensor(0.3400, device='cuda:0', grad_fn=<DivBackward0>)
	 epoch  90 test error:  tensor(0.0082, device='cuda:0', grad_fn=<DivBackward0>)
Memory status after this epoch: 
Memory allocated:  427.9384765625
Memory cached:  822.0
