[I 2023-11-17 14:23:56,462] Trial 36 finished with value: 0.19282929599285126 and parameters: {'W_layers': 6, 'W_layer_units_exponent_0': 8, 'W_layer_units_exponent_1': 8, 'W_layer_units_exponent_2': 10, 'W_layer_units_exponent_3': 9, 'W_layer_units_exponent_4': 4, 'W_layer_units_exponent_5': 10, 'D_layers': 5, 'D_layer_units_exponent_0': 6, 'D_layer_units_exponent_1': 8, 'D_layer_units_exponent_2': 7, 'D_layer_units_exponent_3': 10, 'D_layer_units_exponent_4': 9, 'log_learning_rate': -3.75505604698984, 'log_learning_rate_D': -4.292991470838905, 'training_batch_size': 11, 'training_p': 4}. Best is trial 34 with value: 0.19052360951900482.
Time for this trial:  178.86005210876465
Memory status after this trial: 
Memory allocated:  830.30859375
Memory cached:  848.0
--------------------  Trial  37   --------------------
Start timing: 
Parameters: 
{'W_layers': 7, 'W_layer_units_exponent_0': 7, 'W_layer_units_exponent_1': 7, 'W_layer_units_exponent_2': 9, 'W_layer_units_exponent_3': 9, 'W_layer_units_exponent_4': 6, 'W_layer_units_exponent_5': 8, 'W_layer_units_exponent_6': 4, 'D_layers': 3, 'D_layer_units_exponent_0': 8, 'D_layer_units_exponent_1': 10, 'D_layer_units_exponent_2': 8, 'log_learning_rate': -4.032673374780654, 'log_learning_rate_D': -3.913458822344162, 'training_batch_size': 10, 'training_p': 2}
	 epoch  0 training error:  tensor(1.0003, device='cuda:0', grad_fn=<DivBackward0>)
	 epoch  0 test error:  tensor(0.1919, device='cuda:0', grad_fn=<DivBackward0>)
Memory status after this epoch: 
Memory allocated:  324.36376953125
Memory cached:  470.0
	 epoch  10 training error:  tensor(0.9947, device='cuda:0', grad_fn=<DivBackward0>)
	 epoch  10 test error:  tensor(0.1915, device='cuda:0', grad_fn=<DivBackward0>)
Memory status after this epoch: 
Memory allocated:  321.59814453125
Memory cached:  650.0
	 epoch  20 training error:  tensor(0.9945, device='cuda:0', grad_fn=<DivBackward0>)
	 epoch  20 test error:  tensor(0.1915, device='cuda:0', grad_fn=<DivBackward0>)
Memory status after this epoch: 
Memory allocated:  324.78564453125
Memory cached:  630.0
	 epoch  30 training error:  tensor(0.9944, device='cuda:0', grad_fn=<DivBackward0>)
	 epoch  30 test error:  tensor(0.1914, device='cuda:0', grad_fn=<DivBackward0>)
Memory status after this epoch: 
Memory allocated:  321.59814453125
Memory cached:  630.0
	 epoch  40 training error:  tensor(0.9942, device='cuda:0', grad_fn=<DivBackward0>)
	 epoch  40 test error:  tensor(0.1913, device='cuda:0', grad_fn=<DivBackward0>)
Memory status after this epoch: 
Memory allocated:  324.78564453125
Memory cached:  630.0
	 epoch  50 training error:  tensor(0.9941, device='cuda:0', grad_fn=<DivBackward0>)
	 epoch  50 test error:  tensor(0.1912, device='cuda:0', grad_fn=<DivBackward0>)
Memory status after this epoch: 
Memory allocated:  321.59814453125
Memory cached:  630.0
	 epoch  60 training error:  tensor(0.9940, device='cuda:0', grad_fn=<DivBackward0>)
	 epoch  60 test error:  tensor(0.1910, device='cuda:0', grad_fn=<DivBackward0>)
Memory status after this epoch: 
Memory allocated:  324.78564453125
Memory cached:  632.0
	 epoch  70 training error:  tensor(0.9938, device='cuda:0', grad_fn=<DivBackward0>)
	 epoch  70 test error:  tensor(0.1908, device='cuda:0', grad_fn=<DivBackward0>)
Memory status after this epoch: 
Memory allocated:  321.59814453125
Memory cached:  632.0
	 epoch  80 training error:  tensor(0.9937, device='cuda:0', grad_fn=<DivBackward0>)
	 epoch  80 test error:  tensor(0.1906, device='cuda:0', grad_fn=<DivBackward0>)
Memory status after this epoch: 
Memory allocated:  324.78564453125
Memory cached:  632.0
	 epoch  90 training error:  tensor(0.9936, device='cuda:0', grad_fn=<DivBackward0>)
	 epoch  90 test error:  tensor(0.1905, device='cuda:0', grad_fn=<DivBackward0>)
Memory status after this epoch: 
Memory allocated:  321.59814453125
Memory cached:  630.0
[I 2023-11-17 14:26:33,913] Trial 37 finished with value: 0.19051067531108856 and parameters: {'W_layers': 7, 'W_layer_units_exponent_0': 7, 'W_layer_units_exponent_1': 7, 'W_layer_units_exponent_2': 9, 'W_layer_units_exponent_3': 9, 'W_layer_units_exponent_4': 6, 'W_layer_units_exponent_5': 8, 'W_layer_units_exponent_6': 4, 'D_layers': 3, 'D_layer_units_exponent_0': 8, 'D_layer_units_exponent_1': 10, 'D_layer_units_exponent_2': 8, 'log_learning_rate': -4.032673374780654, 'log_learning_rate_D': -3.913458822344162, 'training_batch_size': 10, 'training_p': 2}. Best is trial 37 with value: 0.19051067531108856.
Time for this trial:  157.2065622806549
Memory status after this trial: 
Memory allocated:  621.6396484375
Memory cached:  630.0
--------------------  Trial  38   --------------------
Start timing: 
Parameters: 
{'W_layers': 8, 'W_layer_units_exponent_0': 7, 'W_layer_units_exponent_1': 7, 'W_layer_units_exponent_2': 9, 'W_layer_units_exponent_3': 9, 'W_layer_units_exponent_4': 6, 'W_layer_units_exponent_5': 8, 'W_layer_units_exponent_6': 4, 'W_layer_units_exponent_7': 10, 'D_layers': 4, 'D_layer_units_exponent_0': 7, 'D_layer_units_exponent_1': 5, 'D_layer_units_exponent_2': 9, 'D_layer_units_exponent_3': 9, 'log_learning_rate': -4.017450363352105, 'log_learning_rate_D': -2.867524853170754, 'training_batch_size': 10, 'training_p': 2}
	 epoch  0 training error:  tensor(0.9998, device='cuda:0', grad_fn=<DivBackward0>)
	 epoch  0 test error:  tensor(0.1920, device='cuda:0', grad_fn=<DivBackward0>)
Memory status after this epoch: 
Memory allocated:  354.2587890625
Memory cached:  482.0
	 epoch  10 training error:  tensor(0.9948, device='cuda:0', grad_fn=<DivBackward0>)
	 epoch  10 test error:  tensor(0.1916, device='cuda:0', grad_fn=<DivBackward0>)
Memory status after this epoch: 
Memory allocated:  357.4462890625
Memory cached:  698.0
	 epoch  20 training error:  tensor(0.9944, device='cuda:0', grad_fn=<DivBackward0>)
	 epoch  20 test error:  tensor(0.1914, device='cuda:0', grad_fn=<DivBackward0>)
Memory status after this epoch: 
Memory allocated:  354.2587890625
Memory cached:  698.0
	 epoch  30 training error:  tensor(0.9943, device='cuda:0', grad_fn=<DivBackward0>)
	 epoch  30 test error:  tensor(0.1914, device='cuda:0', grad_fn=<DivBackward0>)
Memory status after this epoch: 
Memory allocated:  357.4462890625
Memory cached:  698.0
	 epoch  40 training error:  tensor(0.9942, device='cuda:0', grad_fn=<DivBackward0>)
	 epoch  40 test error:  tensor(0.1913, device='cuda:0', grad_fn=<DivBackward0>)
Memory status after this epoch: 
Memory allocated:  354.2587890625
Memory cached:  698.0
	 epoch  50 training error:  tensor(0.9940, device='cuda:0', grad_fn=<DivBackward0>)
	 epoch  50 test error:  tensor(0.1911, device='cuda:0', grad_fn=<DivBackward0>)
Memory status after this epoch: 
Memory allocated:  357.4462890625
Memory cached:  698.0
	 epoch  60 training error:  tensor(0.9939, device='cuda:0', grad_fn=<DivBackward0>)
	 epoch  60 test error:  tensor(0.1909, device='cuda:0', grad_fn=<DivBackward0>)
Memory status after this epoch: 
Memory allocated:  354.2587890625
Memory cached:  698.0
	 epoch  70 training error:  tensor(0.9937, device='cuda:0', grad_fn=<DivBackward0>)
	 epoch  70 test error:  tensor(0.1906, device='cuda:0', grad_fn=<DivBackward0>)
Memory status after this epoch: 
Memory allocated:  357.4462890625
Memory cached:  698.0
	 epoch  80 training error:  tensor(0.9936, device='cuda:0', grad_fn=<DivBackward0>)
	 epoch  80 test error:  tensor(0.1905, device='cuda:0', grad_fn=<DivBackward0>)
Memory status after this epoch: 
Memory allocated:  354.2587890625
Memory cached:  698.0
	 epoch  90 training error:  tensor(0.9936, device='cuda:0', grad_fn=<DivBackward0>)
	 epoch  90 test error:  tensor(0.1905, device='cuda:0', grad_fn=<DivBackward0>)
Memory status after this epoch: 
Memory allocated:  357.4462890625
Memory cached:  698.0
[I 2023-11-17 14:29:32,807] Trial 38 finished with value: 0.19052496552467346 and parameters: {'W_layers': 8, 'W_layer_units_exponent_0': 7, 'W_layer_units_exponent_1': 7, 'W_layer_units_exponent_2': 9, 'W_layer_units_exponent_3': 9, 'W_layer_units_exponent_4': 6, 'W_layer_units_exponent_5': 8, 'W_layer_units_exponent_6': 4, 'W_layer_units_exponent_7': 10, 'D_layers': 4, 'D_layer_units_exponent_0': 7, 'D_layer_units_exponent_1': 5, 'D_layer_units_exponent_2': 9, 'D_layer_units_exponent_3': 9, 'log_learning_rate': -4.017450363352105, 'log_learning_rate_D': -2.867524853170754, 'training_batch_size': 10, 'training_p': 2}. Best is trial 37 with value: 0.19051067531108856.
Time for this trial:  178.62796878814697
Memory status after this trial: 
Memory allocated:  692.0849609375
Memory cached:  698.0
--------------------  Trial  39   --------------------
Start timing: 
Parameters: 
{'W_layers': 8, 'W_layer_units_exponent_0': 7, 'W_layer_units_exponent_1': 7, 'W_layer_units_exponent_2': 8, 'W_layer_units_exponent_3': 10, 'W_layer_units_exponent_4': 6, 'W_layer_units_exponent_5': 8, 'W_layer_units_exponent_6': 4, 'W_layer_units_exponent_7': 10, 'D_layers': 4, 'D_layer_units_exponent_0': 6, 'D_layer_units_exponent_1': 4, 'D_layer_units_exponent_2': 9, 'D_layer_units_exponent_3': 9, 'log_learning_rate': -3.979742205113838, 'log_learning_rate_D': -2.756725324685842, 'training_batch_size': 10, 'training_p': 3}
	 epoch  0 training error:  tensor(1.0004, device='cuda:0', grad_fn=<DivBackward0>)
	 epoch  0 test error:  tensor(0.1920, device='cuda:0', grad_fn=<DivBackward0>)
Memory status after this epoch: 
Memory allocated:  366.8857421875
Memory cached:  492.0
	 epoch  10 training error:  tensor(0.9932, device='cuda:0', grad_fn=<DivBackward0>)
	 epoch  10 test error:  tensor(0.1923, device='cuda:0', grad_fn=<DivBackward0>)
Memory status after this epoch: 
Memory allocated:  363.6982421875
Memory cached:  718.0
	 epoch  20 training error:  tensor(0.9930, device='cuda:0', grad_fn=<DivBackward0>)
	 epoch  20 test error:  tensor(0.1916, device='cuda:0', grad_fn=<DivBackward0>)
Memory status after this epoch: 
Memory allocated:  366.8857421875
Memory cached:  718.0
	 epoch  30 training error:  tensor(0.9930, device='cuda:0', grad_fn=<DivBackward0>)
	 epoch  30 test error:  tensor(0.1916, device='cuda:0', grad_fn=<DivBackward0>)
Memory status after this epoch: 
Memory allocated:  363.6982421875
Memory cached:  718.0
	 epoch  40 training error:  tensor(0.9930, device='cuda:0', grad_fn=<DivBackward0>)
	 epoch  40 test error:  tensor(0.1918, device='cuda:0', grad_fn=<DivBackward0>)
Memory status after this epoch: 
Memory allocated:  366.8857421875
Memory cached:  718.0
	 epoch  50 training error:  tensor(0.9929, device='cuda:0', grad_fn=<DivBackward0>)
	 epoch  50 test error:  tensor(0.1917, device='cuda:0', grad_fn=<DivBackward0>)
Memory status after this epoch: 
Memory allocated:  363.6982421875
Memory cached:  718.0
	 epoch  60 training error:  tensor(0.9929, device='cuda:0', grad_fn=<DivBackward0>)
	 epoch  60 test error:  tensor(0.1917, device='cuda:0', grad_fn=<DivBackward0>)
Memory status after this epoch: 
Memory allocated:  366.8857421875
Memory cached:  720.0
	 epoch  70 training error:  tensor(0.9929, device='cuda:0', grad_fn=<DivBackward0>)
	 epoch  70 test error:  tensor(0.1917, device='cuda:0', grad_fn=<DivBackward0>)
Memory status after this epoch: 
Memory allocated:  363.6982421875
Memory cached:  722.0
	 epoch  80 training error:  tensor(0.9929, device='cuda:0', grad_fn=<DivBackward0>)
	 epoch  80 test error:  tensor(0.1917, device='cuda:0', grad_fn=<DivBackward0>)
Memory status after this epoch: 
Memory allocated:  366.8857421875
Memory cached:  724.0
	 epoch  90 training error:  tensor(0.9928, device='cuda:0', grad_fn=<DivBackward0>)
	 epoch  90 test error:  tensor(0.1917, device='cuda:0', grad_fn=<DivBackward0>)
Memory status after this epoch: 
Memory allocated:  363.6982421875
Memory cached:  724.0
[I 2023-11-17 14:32:29,099] Trial 39 finished with value: 0.1917380839586258 and parameters: {'W_layers': 8, 'W_layer_units_exponent_0': 7, 'W_layer_units_exponent_1': 7, 'W_layer_units_exponent_2': 8, 'W_layer_units_exponent_3': 10, 'W_layer_units_exponent_4': 6, 'W_layer_units_exponent_5': 8, 'W_layer_units_exponent_6': 4, 'W_layer_units_exponent_7': 10, 'D_layers': 4, 'D_layer_units_exponent_0': 6, 'D_layer_units_exponent_1': 4, 'D_layer_units_exponent_2': 9, 'D_layer_units_exponent_3': 9, 'log_learning_rate': -3.979742205113838, 'log_learning_rate_D': -2.756725324685842, 'training_batch_size': 10, 'training_p': 3}. Best is trial 37 with value: 0.19051067531108856.
Time for this trial:  176.03210949897766
Memory status after this trial: 
Memory allocated:  711.2216796875
Memory cached:  722.0
--------------------  Trial  40   --------------------
Start timing: 
Parameters: 
{'W_layers': 7, 'W_layer_units_exponent_0': 6, 'W_layer_units_exponent_1': 5, 'W_layer_units_exponent_2': 9, 'W_layer_units_exponent_3': 9, 'W_layer_units_exponent_4': 6, 'W_layer_units_exponent_5': 8, 'W_layer_units_exponent_6': 4, 'D_layers': 5, 'D_layer_units_exponent_0': 6, 'D_layer_units_exponent_1': 5, 'D_layer_units_exponent_2': 9, 'D_layer_units_exponent_3': 9, 'D_layer_units_exponent_4': 5, 'log_learning_rate': -3.7635250811301404, 'log_learning_rate_D': -2.8038419810736053, 'training_batch_size': 8, 'training_p': 5}
	 epoch  0 training error:  tensor(1.0025, device='cuda:0', grad_fn=<DivBackward0>)
	 epoch  0 test error:  tensor(0.1920, device='cuda:0', grad_fn=<DivBackward0>)
Memory status after this epoch: 
Memory allocated:  288.29345703125
Memory cached:  418.0
	 epoch  10 training error:  tensor(0.9901, device='cuda:0', grad_fn=<DivBackward0>)
	 epoch  10 test error:  tensor(0.1937, device='cuda:0', grad_fn=<DivBackward0>)
Memory status after this epoch: 
Memory allocated:  291.48095703125
Memory cached:  568.0
	 epoch  20 training error:  tensor(0.9896, device='cuda:0', grad_fn=<DivBackward0>)
	 epoch  20 test error:  tensor(0.1927, device='cuda:0', grad_fn=<DivBackward0>)
Memory status after this epoch: 
Memory allocated:  288.29345703125
Memory cached:  568.0
	 epoch  30 training error:  tensor(0.9894, device='cuda:0', grad_fn=<DivBackward0>)
	 epoch  30 test error:  tensor(0.1934, device='cuda:0', grad_fn=<DivBackward0>)
Memory status after this epoch: 
Memory allocated:  291.48095703125
Memory cached:  568.0
	 epoch  40 training error:  tensor(0.9892, device='cuda:0', grad_fn=<DivBackward0>)
	 epoch  40 test error:  tensor(0.1933, device='cuda:0', grad_fn=<DivBackward0>)
Memory status after this epoch: 
Memory allocated:  288.29345703125
Memory cached:  568.0
	 epoch  50 training error:  tensor(0.9889, device='cuda:0', grad_fn=<DivBackward0>)
	 epoch  50 test error:  tensor(0.1935, device='cuda:0', grad_fn=<DivBackward0>)
Memory status after this epoch: 
Memory allocated:  291.48095703125
Memory cached:  568.0
	 epoch  60 training error:  tensor(0.9886, device='cuda:0', grad_fn=<DivBackward0>)
	 epoch  60 test error:  tensor(0.1935, device='cuda:0', grad_fn=<DivBackward0>)
Memory status after this epoch: 
Memory allocated:  288.29345703125
Memory cached:  570.0
	 epoch  70 training error:  tensor(0.9881, device='cuda:0', grad_fn=<DivBackward0>)
	 epoch  70 test error:  tensor(0.1937, device='cuda:0', grad_fn=<DivBackward0>)
Memory status after this epoch: 
Memory allocated:  291.48095703125
Memory cached:  568.0
	 epoch  80 training error:  tensor(0.9873, device='cuda:0', grad_fn=<DivBackward0>)
	 epoch  80 test error:  tensor(0.1941, device='cuda:0', grad_fn=<DivBackward0>)
Memory status after this epoch: 
Memory allocated:  288.29345703125
Memory cached:  568.0
	 epoch  90 training error:  tensor(0.9867, device='cuda:0', grad_fn=<DivBackward0>)
	 epoch  90 test error:  tensor(0.1946, device='cuda:0', grad_fn=<DivBackward0>)
Memory status after this epoch: 
Memory allocated:  291.48095703125
Memory cached:  568.0
[I 2023-11-17 14:35:19,798] Trial 40 finished with value: 0.19483570754528046 and parameters: {'W_layers': 7, 'W_layer_units_exponent_0': 6, 'W_layer_units_exponent_1': 5, 'W_layer_units_exponent_2': 9, 'W_layer_units_exponent_3': 9, 'W_layer_units_exponent_4': 6, 'W_layer_units_exponent_5': 8, 'W_layer_units_exponent_6': 4, 'D_layers': 5, 'D_layer_units_exponent_0': 6, 'D_layer_units_exponent_1': 5, 'D_layer_units_exponent_2': 9, 'D_layer_units_exponent_3': 9, 'D_layer_units_exponent_4': 5, 'log_learning_rate': -3.7635250811301404, 'log_learning_rate_D': -2.8038419810736053, 'training_batch_size': 8, 'training_p': 5}. Best is trial 37 with value: 0.19051067531108856.
Time for this trial:  170.44671654701233
Memory status after this trial: 
Memory allocated:  561.7158203125
Memory cached:  568.0
--------------------  Trial  41   --------------------
Start timing: 
Parameters: 
{'W_layers': 7, 'W_layer_units_exponent_0': 7, 'W_layer_units_exponent_1': 7, 'W_layer_units_exponent_2': 9, 'W_layer_units_exponent_3': 8, 'W_layer_units_exponent_4': 7, 'W_layer_units_exponent_5': 9, 'W_layer_units_exponent_6': 5, 'D_layers': 3, 'D_layer_units_exponent_0': 7, 'D_layer_units_exponent_1': 5, 'D_layer_units_exponent_2': 8, 'log_learning_rate': -3.4744681555895194, 'log_learning_rate_D': -3.900048983757309, 'training_batch_size': 10, 'training_p': 2}
	 epoch  0 training error:  tensor(1.0024, device='cuda:0', grad_fn=<DivBackward0>)
	 epoch  0 test error:  tensor(0.1915, device='cuda:0', grad_fn=<DivBackward0>)
Memory status after this epoch: 
Memory allocated:  260.7724609375
Memory cached:  386.0
	 epoch  10 training error:  tensor(0.9948, device='cuda:0', grad_fn=<DivBackward0>)
	 epoch  10 test error:  tensor(0.1915, device='cuda:0', grad_fn=<DivBackward0>)
Memory status after this epoch: 
Memory allocated:  257.5849609375
Memory cached:  510.0
	 epoch  20 training error:  tensor(0.9945, device='cuda:0', grad_fn=<DivBackward0>)
	 epoch  20 test error:  tensor(0.1915, device='cuda:0', grad_fn=<DivBackward0>)
Memory status after this epoch: 
Memory allocated:  260.7724609375
Memory cached:  510.0
	 epoch  30 training error:  tensor(0.9944, device='cuda:0', grad_fn=<DivBackward0>)
	 epoch  30 test error:  tensor(0.1914, device='cuda:0', grad_fn=<DivBackward0>)
Memory status after this epoch: 
Memory allocated:  257.5849609375
Memory cached:  510.0
	 epoch  40 training error:  tensor(0.9943, device='cuda:0', grad_fn=<DivBackward0>)
	 epoch  40 test error:  tensor(0.1914, device='cuda:0', grad_fn=<DivBackward0>)
Memory status after this epoch: 
Memory allocated:  260.7724609375
Memory cached:  510.0
	 epoch  50 training error:  tensor(0.9943, device='cuda:0', grad_fn=<DivBackward0>)
	 epoch  50 test error:  tensor(0.1914, device='cuda:0', grad_fn=<DivBackward0>)
Memory status after this epoch: 
Memory allocated:  257.5849609375
Memory cached:  510.0
	 epoch  60 training error:  tensor(0.9942, device='cuda:0', grad_fn=<DivBackward0>)
	 epoch  60 test error:  tensor(0.1913, device='cuda:0', grad_fn=<DivBackward0>)
Memory status after this epoch: 
Memory allocated:  260.7724609375
Memory cached:  510.0
	 epoch  70 training error:  tensor(0.9941, device='cuda:0', grad_fn=<DivBackward0>)
	 epoch  70 test error:  tensor(0.1911, device='cuda:0', grad_fn=<DivBackward0>)
Memory status after this epoch: 
Memory allocated:  257.5849609375
Memory cached:  510.0
	 epoch  80 training error:  tensor(0.9938, device='cuda:0', grad_fn=<DivBackward0>)
	 epoch  80 test error:  tensor(0.1906, device='cuda:0', grad_fn=<DivBackward0>)
Memory status after this epoch: 
Memory allocated:  260.7724609375
Memory cached:  512.0
	 epoch  90 training error:  tensor(0.9937, device='cuda:0', grad_fn=<DivBackward0>)
	 epoch  90 test error:  tensor(0.1904, device='cuda:0', grad_fn=<DivBackward0>)
Memory status after this epoch: 
Memory allocated:  257.5849609375
Memory cached:  512.0
