[I 2023-11-17 16:22:29,582] Trial 26 finished with value: 0.193586528301239 and parameters: {'W_layers': 8, 'W_layer_units_exponent_0': 9, 'W_layer_units_exponent_1': 5, 'W_layer_units_exponent_2': 9, 'W_layer_units_exponent_3': 8, 'W_layer_units_exponent_4': 9, 'W_layer_units_exponent_5': 5, 'W_layer_units_exponent_6': 4, 'W_layer_units_exponent_7': 7, 'D_layers': 3, 'D_layer_units_exponent_0': 7, 'D_layer_units_exponent_1': 8, 'D_layer_units_exponent_2': 9, 'log_learning_rate': -3.1498439449724547, 'log_learning_rate_D': -2.9387787960034903, 'training_batch_size': 12, 'training_p': 4}. Best is trial 12 with value: 0.1905091106891632.
Time for this trial:  172.54872012138367
Memory status after this trial: 
Memory allocated:  591.779296875
Memory cached:  606.0
--------------------  Trial  27   --------------------
Start timing: 
Parameters: 
{'W_layers': 7, 'W_layer_units_exponent_0': 8, 'W_layer_units_exponent_1': 4, 'W_layer_units_exponent_2': 8, 'W_layer_units_exponent_3': 5, 'W_layer_units_exponent_4': 10, 'W_layer_units_exponent_5': 6, 'W_layer_units_exponent_6': 5, 'D_layers': 6, 'D_layer_units_exponent_0': 6, 'D_layer_units_exponent_1': 6, 'D_layer_units_exponent_2': 8, 'D_layer_units_exponent_3': 6, 'D_layer_units_exponent_4': 5, 'D_layer_units_exponent_5': 6, 'log_learning_rate': -2.575003251515604, 'log_learning_rate_D': -2.2487007871953058, 'training_batch_size': 11, 'training_p': 2}
	 epoch  0 training error:  tensor(1.0008, device='cuda:0', grad_fn=<DivBackward0>)
	 epoch  0 test error:  tensor(0.1916, device='cuda:0', grad_fn=<DivBackward0>)
Memory status after this epoch: 
Memory allocated:  263.833984375
Memory cached:  398.0
	 epoch  10 training error:  tensor(0.9947, device='cuda:0', grad_fn=<DivBackward0>)
	 epoch  10 test error:  tensor(0.1918, device='cuda:0', grad_fn=<DivBackward0>)
Memory status after this epoch: 
Memory allocated:  261.396484375
Memory cached:  528.0
	 epoch  20 training error:  tensor(0.9951, device='cuda:0', grad_fn=<DivBackward0>)
	 epoch  20 test error:  tensor(0.1916, device='cuda:0', grad_fn=<DivBackward0>)
Memory status after this epoch: 
Memory allocated:  263.833984375
Memory cached:  530.0
	 epoch  30 training error:  tensor(0.9945, device='cuda:0', grad_fn=<DivBackward0>)
	 epoch  30 test error:  tensor(0.1915, device='cuda:0', grad_fn=<DivBackward0>)
Memory status after this epoch: 
Memory allocated:  261.396484375
Memory cached:  528.0
	 epoch  40 training error:  tensor(0.9941, device='cuda:0', grad_fn=<DivBackward0>)
	 epoch  40 test error:  tensor(0.1911, device='cuda:0', grad_fn=<DivBackward0>)
Memory status after this epoch: 
Memory allocated:  263.833984375
Memory cached:  528.0
	 epoch  50 training error:  tensor(0.9937, device='cuda:0', grad_fn=<DivBackward0>)
	 epoch  50 test error:  tensor(0.1905, device='cuda:0', grad_fn=<DivBackward0>)
Memory status after this epoch: 
Memory allocated:  261.396484375
Memory cached:  530.0
	 epoch  60 training error:  tensor(0.9935, device='cuda:0', grad_fn=<DivBackward0>)
	 epoch  60 test error:  tensor(0.1905, device='cuda:0', grad_fn=<DivBackward0>)
Memory status after this epoch: 
Memory allocated:  263.833984375
Memory cached:  532.0
	 epoch  70 training error:  tensor(0.9934, device='cuda:0', grad_fn=<DivBackward0>)
	 epoch  70 test error:  tensor(0.1906, device='cuda:0', grad_fn=<DivBackward0>)
Memory status after this epoch: 
Memory allocated:  261.396484375
Memory cached:  532.0
	 epoch  80 training error:  tensor(0.9933, device='cuda:0', grad_fn=<DivBackward0>)
	 epoch  80 test error:  tensor(0.1904, device='cuda:0', grad_fn=<DivBackward0>)
Memory status after this epoch: 
Memory allocated:  263.833984375
Memory cached:  532.0
	 epoch  90 training error:  tensor(0.9935, device='cuda:0', grad_fn=<DivBackward0>)
	 epoch  90 test error:  tensor(0.1906, device='cuda:0', grad_fn=<DivBackward0>)
Memory status after this epoch: 
Memory allocated:  261.396484375
Memory cached:  534.0
[I 2023-11-17 16:25:32,750] Trial 27 finished with value: 0.1900663673877716 and parameters: {'W_layers': 7, 'W_layer_units_exponent_0': 8, 'W_layer_units_exponent_1': 4, 'W_layer_units_exponent_2': 8, 'W_layer_units_exponent_3': 5, 'W_layer_units_exponent_4': 10, 'W_layer_units_exponent_5': 6, 'W_layer_units_exponent_6': 5, 'D_layers': 6, 'D_layer_units_exponent_0': 6, 'D_layer_units_exponent_1': 6, 'D_layer_units_exponent_2': 8, 'D_layer_units_exponent_3': 6, 'D_layer_units_exponent_4': 5, 'D_layer_units_exponent_5': 6, 'log_learning_rate': -2.575003251515604, 'log_learning_rate_D': -2.2487007871953058, 'training_batch_size': 11, 'training_p': 2}. Best is trial 27 with value: 0.1900663673877716.
Time for this trial:  182.90486311912537
Memory status after this trial: 
Memory allocated:  517.890625
Memory cached:  534.0
--------------------  Trial  28   --------------------
Start timing: 
Parameters: 
{'W_layers': 6, 'W_layer_units_exponent_0': 8, 'W_layer_units_exponent_1': 5, 'W_layer_units_exponent_2': 8, 'W_layer_units_exponent_3': 4, 'W_layer_units_exponent_4': 7, 'W_layer_units_exponent_5': 7, 'D_layers': 4, 'D_layer_units_exponent_0': 5, 'D_layer_units_exponent_1': 7, 'D_layer_units_exponent_2': 8, 'D_layer_units_exponent_3': 6, 'log_learning_rate': -2.6398092187598077, 'log_learning_rate_D': -2.664018610022451, 'training_batch_size': 10, 'training_p': 3}
	 epoch  0 training error:  tensor(0.9989, device='cuda:0', grad_fn=<DivBackward0>)
	 epoch  0 test error:  tensor(0.1916, device='cuda:0', grad_fn=<DivBackward0>)
Memory status after this epoch: 
Memory allocated:  210.8427734375
Memory cached:  348.0
	 epoch  10 training error:  tensor(0.9933, device='cuda:0', grad_fn=<DivBackward0>)
	 epoch  10 test error:  tensor(0.1916, device='cuda:0', grad_fn=<DivBackward0>)
Memory status after this epoch: 
Memory allocated:  213.2802734375
Memory cached:  428.0
	 epoch  20 training error:  tensor(0.9930, device='cuda:0', grad_fn=<DivBackward0>)
	 epoch  20 test error:  tensor(0.1917, device='cuda:0', grad_fn=<DivBackward0>)
Memory status after this epoch: 
Memory allocated:  210.8427734375
Memory cached:  430.0
	 epoch  30 training error:  tensor(0.9930, device='cuda:0', grad_fn=<DivBackward0>)
	 epoch  30 test error:  tensor(0.1917, device='cuda:0', grad_fn=<DivBackward0>)
Memory status after this epoch: 
Memory allocated:  213.2802734375
Memory cached:  428.0
	 epoch  40 training error:  tensor(0.9928, device='cuda:0', grad_fn=<DivBackward0>)
	 epoch  40 test error:  tensor(0.1918, device='cuda:0', grad_fn=<DivBackward0>)
Memory status after this epoch: 
Memory allocated:  210.8427734375
Memory cached:  428.0
	 epoch  50 training error:  tensor(0.9926, device='cuda:0', grad_fn=<DivBackward0>)
	 epoch  50 test error:  tensor(0.1918, device='cuda:0', grad_fn=<DivBackward0>)
Memory status after this epoch: 
Memory allocated:  213.2802734375
Memory cached:  430.0
	 epoch  60 training error:  tensor(0.9923, device='cuda:0', grad_fn=<DivBackward0>)
	 epoch  60 test error:  tensor(0.1920, device='cuda:0', grad_fn=<DivBackward0>)
Memory status after this epoch: 
Memory allocated:  210.8427734375
Memory cached:  430.0
	 epoch  70 training error:  tensor(0.9920, device='cuda:0', grad_fn=<DivBackward0>)
	 epoch  70 test error:  tensor(0.1920, device='cuda:0', grad_fn=<DivBackward0>)
Memory status after this epoch: 
Memory allocated:  213.2802734375
Memory cached:  430.0
	 epoch  80 training error:  tensor(0.9920, device='cuda:0', grad_fn=<DivBackward0>)
	 epoch  80 test error:  tensor(0.1921, device='cuda:0', grad_fn=<DivBackward0>)
Memory status after this epoch: 
Memory allocated:  210.8427734375
Memory cached:  430.0
	 epoch  90 training error:  tensor(0.9917, device='cuda:0', grad_fn=<DivBackward0>)
	 epoch  90 test error:  tensor(0.1921, device='cuda:0', grad_fn=<DivBackward0>)
Memory status after this epoch: 
Memory allocated:  213.2802734375
Memory cached:  430.0
[I 2023-11-17 16:28:05,647] Trial 28 finished with value: 0.1922338753938675 and parameters: {'W_layers': 6, 'W_layer_units_exponent_0': 8, 'W_layer_units_exponent_1': 5, 'W_layer_units_exponent_2': 8, 'W_layer_units_exponent_3': 4, 'W_layer_units_exponent_4': 7, 'W_layer_units_exponent_5': 7, 'D_layers': 4, 'D_layer_units_exponent_0': 5, 'D_layer_units_exponent_1': 7, 'D_layer_units_exponent_2': 8, 'D_layer_units_exponent_3': 6, 'log_learning_rate': -2.6398092187598077, 'log_learning_rate_D': -2.664018610022451, 'training_batch_size': 10, 'training_p': 3}. Best is trial 27 with value: 0.1900663673877716.
Time for this trial:  152.6561963558197
Memory status after this trial: 
Memory allocated:  418.32421875
Memory cached:  430.0
--------------------  Trial  29   --------------------
Start timing: 
Parameters: 
{'W_layers': 7, 'W_layer_units_exponent_0': 10, 'W_layer_units_exponent_1': 6, 'W_layer_units_exponent_2': 9, 'W_layer_units_exponent_3': 5, 'W_layer_units_exponent_4': 9, 'W_layer_units_exponent_5': 6, 'W_layer_units_exponent_6': 8, 'D_layers': 6, 'D_layer_units_exponent_0': 8, 'D_layer_units_exponent_1': 5, 'D_layer_units_exponent_2': 10, 'D_layer_units_exponent_3': 7, 'D_layer_units_exponent_4': 5, 'D_layer_units_exponent_5': 10, 'log_learning_rate': -4.978735374534521, 'log_learning_rate_D': -2.9548684939850194, 'training_batch_size': 12, 'training_p': 6}
	 epoch  0 training error:  tensor(1.0006, device='cuda:0', grad_fn=<DivBackward0>)
	 epoch  0 test error:  tensor(0.1922, device='cuda:0', grad_fn=<DivBackward0>)
Memory status after this epoch: 
Memory allocated:  412.56884765625
Memory cached:  546.0
	 epoch  10 training error:  tensor(0.9987, device='cuda:0', grad_fn=<DivBackward0>)
	 epoch  10 test error:  tensor(0.1920, device='cuda:0', grad_fn=<DivBackward0>)
Memory status after this epoch: 
Memory allocated:  410.13134765625
Memory cached:  822.0
	 epoch  20 training error:  tensor(0.9975, device='cuda:0', grad_fn=<DivBackward0>)
	 epoch  20 test error:  tensor(0.1919, device='cuda:0', grad_fn=<DivBackward0>)
Memory status after this epoch: 
Memory allocated:  412.56884765625
Memory cached:  822.0
	 epoch  30 training error:  tensor(0.9960, device='cuda:0', grad_fn=<DivBackward0>)
	 epoch  30 test error:  tensor(0.1917, device='cuda:0', grad_fn=<DivBackward0>)
Memory status after this epoch: 
Memory allocated:  410.13134765625
Memory cached:  822.0
	 epoch  40 training error:  tensor(0.9942, device='cuda:0', grad_fn=<DivBackward0>)
	 epoch  40 test error:  tensor(0.1916, device='cuda:0', grad_fn=<DivBackward0>)
Memory status after this epoch: 
Memory allocated:  412.56884765625
Memory cached:  822.0
	 epoch  50 training error:  tensor(0.9923, device='cuda:0', grad_fn=<DivBackward0>)
	 epoch  50 test error:  tensor(0.1916, device='cuda:0', grad_fn=<DivBackward0>)
Memory status after this epoch: 
Memory allocated:  410.13134765625
Memory cached:  822.0
	 epoch  60 training error:  tensor(0.9907, device='cuda:0', grad_fn=<DivBackward0>)
	 epoch  60 test error:  tensor(0.1919, device='cuda:0', grad_fn=<DivBackward0>)
Memory status after this epoch: 
Memory allocated:  412.56884765625
Memory cached:  822.0
	 epoch  70 training error:  tensor(0.9898, device='cuda:0', grad_fn=<DivBackward0>)
	 epoch  70 test error:  tensor(0.1925, device='cuda:0', grad_fn=<DivBackward0>)
Memory status after this epoch: 
Memory allocated:  410.13134765625
Memory cached:  822.0
	 epoch  80 training error:  tensor(0.9895, device='cuda:0', grad_fn=<DivBackward0>)
	 epoch  80 test error:  tensor(0.1931, device='cuda:0', grad_fn=<DivBackward0>)
Memory status after this epoch: 
Memory allocated:  412.56884765625
Memory cached:  822.0
	 epoch  90 training error:  tensor(0.9893, device='cuda:0', grad_fn=<DivBackward0>)
	 epoch  90 test error:  tensor(0.1934, device='cuda:0', grad_fn=<DivBackward0>)
Memory status after this epoch: 
Memory allocated:  410.13134765625
Memory cached:  822.0
[I 2023-11-17 16:31:27,435] Trial 29 finished with value: 0.19345584511756897 and parameters: {'W_layers': 7, 'W_layer_units_exponent_0': 10, 'W_layer_units_exponent_1': 6, 'W_layer_units_exponent_2': 9, 'W_layer_units_exponent_3': 5, 'W_layer_units_exponent_4': 9, 'W_layer_units_exponent_5': 6, 'W_layer_units_exponent_6': 8, 'D_layers': 6, 'D_layer_units_exponent_0': 8, 'D_layer_units_exponent_1': 5, 'D_layer_units_exponent_2': 10, 'D_layer_units_exponent_3': 7, 'D_layer_units_exponent_4': 5, 'D_layer_units_exponent_5': 10, 'log_learning_rate': -4.978735374534521, 'log_learning_rate_D': -2.9548684939850194, 'training_batch_size': 12, 'training_p': 6}. Best is trial 27 with value: 0.1900663673877716.
Time for this trial:  201.51429224014282
Memory status after this trial: 
Memory allocated:  809.615234375
Memory cached:  822.0
--------------------  Trial  30   --------------------
Start timing: 
Parameters: 
{'W_layers': 3, 'W_layer_units_exponent_0': 9, 'W_layer_units_exponent_1': 4, 'W_layer_units_exponent_2': 8, 'D_layers': 5, 'D_layer_units_exponent_0': 4, 'D_layer_units_exponent_1': 4, 'D_layer_units_exponent_2': 9, 'D_layer_units_exponent_3': 8, 'D_layer_units_exponent_4': 10, 'log_learning_rate': -3.24213062098376, 'log_learning_rate_D': -1.5910057287024773, 'training_batch_size': 9, 'training_p': 4}
	 epoch  0 training error:  tensor(0.9954, device='cuda:0', grad_fn=<DivBackward0>)
	 epoch  0 test error:  tensor(0.1917, device='cuda:0', grad_fn=<DivBackward0>)
Memory status after this epoch: 
Memory allocated:  285.53955078125
Memory cached:  422.0
	 epoch  10 training error:  tensor(0.9920, device='cuda:0', grad_fn=<DivBackward0>)
	 epoch  10 test error:  tensor(0.1917, device='cuda:0', grad_fn=<DivBackward0>)
Memory status after this epoch: 
Memory allocated:  287.97705078125
Memory cached:  574.0
	 epoch  20 training error:  tensor(0.9917, device='cuda:0', grad_fn=<DivBackward0>)
	 epoch  20 test error:  tensor(0.1915, device='cuda:0', grad_fn=<DivBackward0>)
Memory status after this epoch: 
Memory allocated:  285.53955078125
Memory cached:  574.0
	 epoch  30 training error:  tensor(0.9918, device='cuda:0', grad_fn=<DivBackward0>)
	 epoch  30 test error:  tensor(0.1915, device='cuda:0', grad_fn=<DivBackward0>)
Memory status after this epoch: 
Memory allocated:  287.97705078125
Memory cached:  574.0
	 epoch  40 training error:  tensor(0.9917, device='cuda:0', grad_fn=<DivBackward0>)
	 epoch  40 test error:  tensor(0.1915, device='cuda:0', grad_fn=<DivBackward0>)
Memory status after this epoch: 
Memory allocated:  285.53955078125
Memory cached:  574.0
	 epoch  50 training error:  tensor(0.9917, device='cuda:0', grad_fn=<DivBackward0>)
	 epoch  50 test error:  tensor(0.1915, device='cuda:0', grad_fn=<DivBackward0>)
Memory status after this epoch: 
Memory allocated:  287.97705078125
Memory cached:  574.0
	 epoch  60 training error:  tensor(0.9917, device='cuda:0', grad_fn=<DivBackward0>)
	 epoch  60 test error:  tensor(0.1915, device='cuda:0', grad_fn=<DivBackward0>)
Memory status after this epoch: 
Memory allocated:  285.53955078125
Memory cached:  574.0
	 epoch  70 training error:  tensor(0.9917, device='cuda:0', grad_fn=<DivBackward0>)
	 epoch  70 test error:  tensor(0.1915, device='cuda:0', grad_fn=<DivBackward0>)
Memory status after this epoch: 
Memory allocated:  287.97705078125
Memory cached:  574.0
	 epoch  80 training error:  tensor(0.9917, device='cuda:0', grad_fn=<DivBackward0>)
	 epoch  80 test error:  tensor(0.1915, device='cuda:0', grad_fn=<DivBackward0>)
Memory status after this epoch: 
Memory allocated:  285.53955078125
Memory cached:  574.0
	 epoch  90 training error:  tensor(0.9917, device='cuda:0', grad_fn=<DivBackward0>)
	 epoch  90 test error:  tensor(0.1915, device='cuda:0', grad_fn=<DivBackward0>)
Memory status after this epoch: 
Memory allocated:  287.97705078125
Memory cached:  574.0
[I 2023-11-17 16:33:53,431] Trial 30 finished with value: 0.19150781631469727 and parameters: {'W_layers': 3, 'W_layer_units_exponent_0': 9, 'W_layer_units_exponent_1': 4, 'W_layer_units_exponent_2': 8, 'D_layers': 5, 'D_layer_units_exponent_0': 4, 'D_layer_units_exponent_1': 4, 'D_layer_units_exponent_2': 9, 'D_layer_units_exponent_3': 8, 'D_layer_units_exponent_4': 10, 'log_learning_rate': -3.24213062098376, 'log_learning_rate_D': -1.5910057287024773, 'training_batch_size': 9, 'training_p': 4}. Best is trial 27 with value: 0.1900663673877716.
Time for this trial:  145.76147508621216
Memory status after this trial: 
Memory allocated:  560.2060546875
Memory cached:  574.0
--------------------  Trial  31   --------------------
Start timing: 
Parameters: 
{'W_layers': 8, 'W_layer_units_exponent_0': 8, 'W_layer_units_exponent_1': 4, 'W_layer_units_exponent_2': 9, 'W_layer_units_exponent_3': 7, 'W_layer_units_exponent_4': 10, 'W_layer_units_exponent_5': 4, 'W_layer_units_exponent_6': 5, 'W_layer_units_exponent_7': 10, 'D_layers': 6, 'D_layer_units_exponent_0': 6, 'D_layer_units_exponent_1': 6, 'D_layer_units_exponent_2': 7, 'D_layer_units_exponent_3': 5, 'D_layer_units_exponent_4': 5, 'D_layer_units_exponent_5': 6, 'log_learning_rate': -2.171429364271969, 'log_learning_rate_D': -2.2367132118155846, 'training_batch_size': 11, 'training_p': 2}
	 epoch  0 training error:  tensor(1.0001, device='cuda:0', grad_fn=<DivBackward0>)
	 epoch  0 test error:  tensor(0.1928, device='cuda:0', grad_fn=<DivBackward0>)
Memory status after this epoch: 
Memory allocated:  328.33544921875
Memory cached:  462.0
	 epoch  10 training error:  tensor(1., device='cuda:0', grad_fn=<DivBackward0>)
	 epoch  10 test error:  tensor(0.1922, device='cuda:0', grad_fn=<DivBackward0>)
Memory status after this epoch: 
Memory allocated:  325.89794921875
Memory cached:  656.0
	 epoch  20 training error:  tensor(1., device='cuda:0', grad_fn=<DivBackward0>)
	 epoch  20 test error:  tensor(0.1922, device='cuda:0', grad_fn=<DivBackward0>)
Memory status after this epoch: 
Memory allocated:  328.33544921875
Memory cached:  656.0
	 epoch  30 training error:  tensor(1., device='cuda:0', grad_fn=<DivBackward0>)
	 epoch  30 test error:  tensor(0.1922, device='cuda:0', grad_fn=<DivBackward0>)
Memory status after this epoch: 
Memory allocated:  325.89794921875
Memory cached:  656.0
	 epoch  40 training error:  tensor(1., device='cuda:0', grad_fn=<DivBackward0>)
	 epoch  40 test error:  tensor(0.1922, device='cuda:0', grad_fn=<DivBackward0>)
Memory status after this epoch: 
Memory allocated:  328.33544921875
Memory cached:  656.0
	 epoch  50 training error:  tensor(1.0000, device='cuda:0', grad_fn=<DivBackward0>)
	 epoch  50 test error:  tensor(0.1922, device='cuda:0', grad_fn=<DivBackward0>)
Memory status after this epoch: 
Memory allocated:  325.89794921875
Memory cached:  656.0
	 epoch  60 training error:  tensor(1.0000, device='cuda:0', grad_fn=<DivBackward0>)
	 epoch  60 test error:  tensor(0.1922, device='cuda:0', grad_fn=<DivBackward0>)
Memory status after this epoch: 
Memory allocated:  328.33544921875
Memory cached:  656.0
	 epoch  70 training error:  tensor(1.0000, device='cuda:0', grad_fn=<DivBackward0>)
	 epoch  70 test error:  tensor(0.1922, device='cuda:0', grad_fn=<DivBackward0>)
Memory status after this epoch: 
Memory allocated:  325.89794921875
Memory cached:  656.0
	 epoch  80 training error:  tensor(1.0000, device='cuda:0', grad_fn=<DivBackward0>)
	 epoch  80 test error:  tensor(0.1922, device='cuda:0', grad_fn=<DivBackward0>)
Memory status after this epoch: 
Memory allocated:  328.33544921875
Memory cached:  656.0
	 epoch  90 training error:  tensor(1.0000, device='cuda:0', grad_fn=<DivBackward0>)
	 epoch  90 test error:  tensor(0.1922, device='cuda:0', grad_fn=<DivBackward0>)
Memory status after this epoch: 
Memory allocated:  325.89794921875
Memory cached:  656.0
