[I 2023-11-16 17:16:34,060] Trial 16 finished with value: 1.1809452772140503 and parameters: {'W_layers': 7, 'W_layer_units_exponent_0': 7, 'W_layer_units_exponent_1': 4, 'W_layer_units_exponent_2': 6, 'W_layer_units_exponent_3': 9, 'W_layer_units_exponent_4': 4, 'W_layer_units_exponent_5': 8, 'W_layer_units_exponent_6': 7, 'D_layers': 7, 'D_layer_units_exponent_0': 9, 'D_layer_units_exponent_1': 5, 'D_layer_units_exponent_2': 7, 'D_layer_units_exponent_3': 6, 'D_layer_units_exponent_4': 8, 'D_layer_units_exponent_5': 9, 'D_layer_units_exponent_6': 10, 'D_dagger_layers': 7, 'D_dagger_layer_units_exponent_0': 6, 'D_dagger_layer_units_exponent_1': 5, 'D_dagger_layer_units_exponent_2': 8, 'D_dagger_layer_units_exponent_3': 5, 'D_dagger_layer_units_exponent_4': 6, 'D_dagger_layer_units_exponent_5': 8, 'D_dagger_layer_units_exponent_6': 7, 'log_learning_rate': -1.62267885732183, 'log_learning_rate_D': -4.264943660240302, 'log_learning_rate_D_dagger': -3.480489466884812, 'training_batch_size': 12, 'training_p': 4}. Best is trial 0 with value: 0.7597449421882629.
Time for this trial:  18.612054586410522
Memory status after this trial: 
Memory allocated:  106.9150390625
Memory cached:  116.0
--------------------  Trial  17   --------------------
Start timing: 
Parameters: 
{'W_layers': 5, 'W_layer_units_exponent_0': 5, 'W_layer_units_exponent_1': 5, 'W_layer_units_exponent_2': 9, 'W_layer_units_exponent_3': 7, 'W_layer_units_exponent_4': 6, 'D_layers': 7, 'D_layer_units_exponent_0': 5, 'D_layer_units_exponent_1': 8, 'D_layer_units_exponent_2': 6, 'D_layer_units_exponent_3': 5, 'D_layer_units_exponent_4': 6, 'D_layer_units_exponent_5': 6, 'D_layer_units_exponent_6': 4, 'D_dagger_layers': 5, 'D_dagger_layer_units_exponent_0': 9, 'D_dagger_layer_units_exponent_1': 6, 'D_dagger_layer_units_exponent_2': 5, 'D_dagger_layer_units_exponent_3': 10, 'D_dagger_layer_units_exponent_4': 5, 'log_learning_rate': -2.5457616100123417, 'log_learning_rate_D': -3.4880215621361286, 'log_learning_rate_D_dagger': -4.562706265613385, 'training_batch_size': 10, 'training_p': 6}
	 epoch  0 training error:  tensor(67.8276, device='cuda:0', grad_fn=<DivBackward0>)
Memory status after this epoch: 
Memory allocated:  3.2724609375
Memory cached:  14.0
	 epoch  10 training error:  tensor(5.3874, device='cuda:0', grad_fn=<DivBackward0>)
Memory status after this epoch: 
Memory allocated:  3.2724609375
Memory cached:  14.0
	 epoch  20 training error:  tensor(1.0960, device='cuda:0', grad_fn=<DivBackward0>)
Memory status after this epoch: 
Memory allocated:  3.2724609375
Memory cached:  14.0
	 epoch  30 training error:  tensor(1.6698, device='cuda:0', grad_fn=<DivBackward0>)
Memory status after this epoch: 
Memory allocated:  3.2724609375
Memory cached:  14.0
	 epoch  40 training error:  tensor(4.2056, device='cuda:0', grad_fn=<DivBackward0>)
Memory status after this epoch: 
Memory allocated:  3.2724609375
Memory cached:  14.0
	 epoch  50 training error:  tensor(2.2265, device='cuda:0', grad_fn=<DivBackward0>)
Memory status after this epoch: 
Memory allocated:  3.2724609375
Memory cached:  14.0
	 epoch  60 training error:  tensor(2.8409, device='cuda:0', grad_fn=<DivBackward0>)
Memory status after this epoch: 
Memory allocated:  3.2724609375
Memory cached:  14.0
	 epoch  70 training error:  tensor(2.3290, device='cuda:0', grad_fn=<DivBackward0>)
Memory status after this epoch: 
Memory allocated:  3.2724609375
Memory cached:  14.0
	 epoch  80 training error:  tensor(1.9292, device='cuda:0', grad_fn=<DivBackward0>)
Memory status after this epoch: 
Memory allocated:  3.2724609375
Memory cached:  14.0
	 epoch  90 training error:  tensor(2.4671, device='cuda:0', grad_fn=<DivBackward0>)
Memory status after this epoch: 
Memory allocated:  3.2724609375
Memory cached:  14.0
[I 2023-11-16 17:16:53,680] Trial 17 finished with value: 2.6102631092071533 and parameters: {'W_layers': 5, 'W_layer_units_exponent_0': 5, 'W_layer_units_exponent_1': 5, 'W_layer_units_exponent_2': 9, 'W_layer_units_exponent_3': 7, 'W_layer_units_exponent_4': 6, 'D_layers': 7, 'D_layer_units_exponent_0': 5, 'D_layer_units_exponent_1': 8, 'D_layer_units_exponent_2': 6, 'D_layer_units_exponent_3': 5, 'D_layer_units_exponent_4': 6, 'D_layer_units_exponent_5': 6, 'D_layer_units_exponent_6': 4, 'D_dagger_layers': 5, 'D_dagger_layer_units_exponent_0': 9, 'D_dagger_layer_units_exponent_1': 6, 'D_dagger_layer_units_exponent_2': 5, 'D_dagger_layer_units_exponent_3': 10, 'D_dagger_layer_units_exponent_4': 5, 'log_learning_rate': -2.5457616100123417, 'log_learning_rate_D': -3.4880215621361286, 'log_learning_rate_D_dagger': -4.562706265613385, 'training_batch_size': 10, 'training_p': 6}. Best is trial 0 with value: 0.7597449421882629.
Time for this trial:  19.420342206954956
Memory status after this trial: 
Memory allocated:  133.9462890625
Memory cached:  142.0
--------------------  Trial  18   --------------------
Start timing: 
Parameters: 
{'W_layers': 4, 'W_layer_units_exponent_0': 8, 'W_layer_units_exponent_1': 9, 'W_layer_units_exponent_2': 6, 'W_layer_units_exponent_3': 10, 'D_layers': 6, 'D_layer_units_exponent_0': 7, 'D_layer_units_exponent_1': 4, 'D_layer_units_exponent_2': 9, 'D_layer_units_exponent_3': 10, 'D_layer_units_exponent_4': 10, 'D_layer_units_exponent_5': 4, 'D_dagger_layers': 4, 'D_dagger_layer_units_exponent_0': 5, 'D_dagger_layer_units_exponent_1': 4, 'D_dagger_layer_units_exponent_2': 6, 'D_dagger_layer_units_exponent_3': 7, 'log_learning_rate': -3.132392138884789, 'log_learning_rate_D': -4.555916195739008, 'log_learning_rate_D_dagger': -4.909586515008805, 'training_batch_size': 8, 'training_p': 3}
	 epoch  0 training error:  tensor(90.6879, device='cuda:0', grad_fn=<DivBackward0>)
Memory status after this epoch: 
Memory allocated:  9.98095703125
Memory cached:  24.0
	 epoch  10 training error:  tensor(35.1590, device='cuda:0', grad_fn=<DivBackward0>)
Memory status after this epoch: 
Memory allocated:  9.98095703125
Memory cached:  26.0
	 epoch  20 training error:  tensor(3.9733, device='cuda:0', grad_fn=<DivBackward0>)
Memory status after this epoch: 
Memory allocated:  9.98095703125
Memory cached:  26.0
	 epoch  30 training error:  tensor(6.2484, device='cuda:0', grad_fn=<DivBackward0>)
Memory status after this epoch: 
Memory allocated:  9.98095703125
Memory cached:  26.0
	 epoch  40 training error:  tensor(2.7015, device='cuda:0', grad_fn=<DivBackward0>)
Memory status after this epoch: 
Memory allocated:  9.98095703125
Memory cached:  26.0
	 epoch  50 training error:  tensor(3.4934, device='cuda:0', grad_fn=<DivBackward0>)
Memory status after this epoch: 
Memory allocated:  9.98095703125
Memory cached:  26.0
	 epoch  60 training error:  tensor(2.9360, device='cuda:0', grad_fn=<DivBackward0>)
Memory status after this epoch: 
Memory allocated:  9.98095703125
Memory cached:  26.0
	 epoch  70 training error:  tensor(2.7852, device='cuda:0', grad_fn=<DivBackward0>)
Memory status after this epoch: 
Memory allocated:  9.98095703125
Memory cached:  26.0
	 epoch  80 training error:  tensor(2.7000, device='cuda:0', grad_fn=<DivBackward0>)
Memory status after this epoch: 
Memory allocated:  9.98095703125
Memory cached:  26.0
	 epoch  90 training error:  tensor(2.0617, device='cuda:0', grad_fn=<DivBackward0>)
Memory status after this epoch: 
Memory allocated:  9.98095703125
Memory cached:  26.0
[I 2023-11-16 17:17:12,493] Trial 18 finished with value: 3.6001060009002686 and parameters: {'W_layers': 4, 'W_layer_units_exponent_0': 8, 'W_layer_units_exponent_1': 9, 'W_layer_units_exponent_2': 6, 'W_layer_units_exponent_3': 10, 'D_layers': 6, 'D_layer_units_exponent_0': 7, 'D_layer_units_exponent_1': 4, 'D_layer_units_exponent_2': 9, 'D_layer_units_exponent_3': 10, 'D_layer_units_exponent_4': 10, 'D_layer_units_exponent_5': 4, 'D_dagger_layers': 4, 'D_dagger_layer_units_exponent_0': 5, 'D_dagger_layer_units_exponent_1': 4, 'D_dagger_layer_units_exponent_2': 6, 'D_dagger_layer_units_exponent_3': 7, 'log_learning_rate': -3.132392138884789, 'log_learning_rate_D': -4.555916195739008, 'log_learning_rate_D_dagger': -4.909586515008805, 'training_batch_size': 8, 'training_p': 3}. Best is trial 0 with value: 0.7597449421882629.
Time for this trial:  18.591655731201172
Memory status after this trial: 
Memory allocated:  116.1318359375
Memory cached:  134.0
--------------------  Trial  19   --------------------
Start timing: 
Parameters: 
{'W_layers': 3, 'W_layer_units_exponent_0': 7, 'W_layer_units_exponent_1': 7, 'W_layer_units_exponent_2': 9, 'D_layers': 4, 'D_layer_units_exponent_0': 9, 'D_layer_units_exponent_1': 5, 'D_layer_units_exponent_2': 9, 'D_layer_units_exponent_3': 6, 'D_dagger_layers': 8, 'D_dagger_layer_units_exponent_0': 7, 'D_dagger_layer_units_exponent_1': 7, 'D_dagger_layer_units_exponent_2': 8, 'D_dagger_layer_units_exponent_3': 9, 'D_dagger_layer_units_exponent_4': 8, 'D_dagger_layer_units_exponent_5': 4, 'D_dagger_layer_units_exponent_6': 9, 'D_dagger_layer_units_exponent_7': 7, 'log_learning_rate': -2.5444573273489843, 'log_learning_rate_D': -3.934622066021647, 'log_learning_rate_D_dagger': -4.264018611321568, 'training_batch_size': 11, 'training_p': 5}
	 epoch  0 training error:  tensor(81.1782, device='cuda:0', grad_fn=<DivBackward0>)
Memory status after this epoch: 
Memory allocated:  7.658203125
Memory cached:  8.0
	 epoch  10 training error:  tensor(12.2484, device='cuda:0', grad_fn=<DivBackward0>)
Memory status after this epoch: 
Memory allocated:  7.658203125
Memory cached:  10.0
	 epoch  20 training error:  tensor(2.1518, device='cuda:0', grad_fn=<DivBackward0>)
Memory status after this epoch: 
Memory allocated:  7.658203125
Memory cached:  10.0
	 epoch  30 training error:  tensor(7.7493, device='cuda:0', grad_fn=<DivBackward0>)
Memory status after this epoch: 
Memory allocated:  7.658203125
Memory cached:  10.0
	 epoch  40 training error:  tensor(1.6987, device='cuda:0', grad_fn=<DivBackward0>)
Memory status after this epoch: 
Memory allocated:  7.658203125
Memory cached:  10.0
	 epoch  50 training error:  tensor(2.9419, device='cuda:0', grad_fn=<DivBackward0>)
Memory status after this epoch: 
Memory allocated:  7.658203125
Memory cached:  10.0
	 epoch  60 training error:  tensor(2.2947, device='cuda:0', grad_fn=<DivBackward0>)
Memory status after this epoch: 
Memory allocated:  7.658203125
Memory cached:  10.0
	 epoch  70 training error:  tensor(1.5890, device='cuda:0', grad_fn=<DivBackward0>)
Memory status after this epoch: 
Memory allocated:  7.658203125
Memory cached:  10.0
	 epoch  80 training error:  tensor(1.2305, device='cuda:0', grad_fn=<DivBackward0>)
Memory status after this epoch: 
Memory allocated:  7.658203125
Memory cached:  10.0
	 epoch  90 training error:  tensor(0.9293, device='cuda:0', grad_fn=<DivBackward0>)
Memory status after this epoch: 
Memory allocated:  7.658203125
Memory cached:  10.0
[I 2023-11-16 17:17:32,135] Trial 19 finished with value: 1.1066697835922241 and parameters: {'W_layers': 3, 'W_layer_units_exponent_0': 7, 'W_layer_units_exponent_1': 7, 'W_layer_units_exponent_2': 9, 'D_layers': 4, 'D_layer_units_exponent_0': 9, 'D_layer_units_exponent_1': 5, 'D_layer_units_exponent_2': 9, 'D_layer_units_exponent_3': 6, 'D_dagger_layers': 8, 'D_dagger_layer_units_exponent_0': 7, 'D_dagger_layer_units_exponent_1': 7, 'D_dagger_layer_units_exponent_2': 8, 'D_dagger_layer_units_exponent_3': 9, 'D_dagger_layer_units_exponent_4': 8, 'D_dagger_layer_units_exponent_5': 4, 'D_dagger_layer_units_exponent_6': 9, 'D_dagger_layer_units_exponent_7': 7, 'log_learning_rate': -2.5444573273489843, 'log_learning_rate_D': -3.934622066021647, 'log_learning_rate_D_dagger': -4.264018611321568, 'training_batch_size': 11, 'training_p': 5}. Best is trial 0 with value: 0.7597449421882629.
Time for this trial:  19.44682502746582
Memory status after this trial: 
Memory allocated:  150.6044921875
Memory cached:  164.0
--------------------  Trial  20   --------------------
Start timing: 
Parameters: 
{'W_layers': 7, 'W_layer_units_exponent_0': 5, 'W_layer_units_exponent_1': 9, 'W_layer_units_exponent_2': 4, 'W_layer_units_exponent_3': 6, 'W_layer_units_exponent_4': 8, 'W_layer_units_exponent_5': 8, 'W_layer_units_exponent_6': 7, 'D_layers': 8, 'D_layer_units_exponent_0': 5, 'D_layer_units_exponent_1': 8, 'D_layer_units_exponent_2': 7, 'D_layer_units_exponent_3': 4, 'D_layer_units_exponent_4': 6, 'D_layer_units_exponent_5': 6, 'D_layer_units_exponent_6': 6, 'D_layer_units_exponent_7': 10, 'D_dagger_layers': 6, 'D_dagger_layer_units_exponent_0': 10, 'D_dagger_layer_units_exponent_1': 8, 'D_dagger_layer_units_exponent_2': 6, 'D_dagger_layer_units_exponent_3': 5, 'D_dagger_layer_units_exponent_4': 5, 'D_dagger_layer_units_exponent_5': 6, 'log_learning_rate': -1.6374895922186572, 'log_learning_rate_D': -3.2944075009532114, 'log_learning_rate_D_dagger': -3.711576402660529, 'training_batch_size': 7, 'training_p': 5}
	 epoch  0 training error:  tensor(70.4339, device='cuda:0', grad_fn=<DivBackward0>)
Memory status after this epoch: 
Memory allocated:  7.16064453125
Memory cached:  18.0
	 epoch  10 training error:  tensor(22.0396, device='cuda:0', grad_fn=<DivBackward0>)
Memory status after this epoch: 
Memory allocated:  7.16064453125
Memory cached:  20.0
	 epoch  20 training error:  tensor(2.4086, device='cuda:0', grad_fn=<DivBackward0>)
Memory status after this epoch: 
Memory allocated:  7.16064453125
Memory cached:  20.0
	 epoch  30 training error:  tensor(4.2553, device='cuda:0', grad_fn=<DivBackward0>)
Memory status after this epoch: 
Memory allocated:  7.16064453125
Memory cached:  20.0
	 epoch  40 training error:  tensor(1.9513, device='cuda:0', grad_fn=<DivBackward0>)
Memory status after this epoch: 
Memory allocated:  7.16064453125
Memory cached:  20.0
	 epoch  50 training error:  tensor(3.3845, device='cuda:0', grad_fn=<DivBackward0>)
Memory status after this epoch: 
Memory allocated:  7.16064453125
Memory cached:  20.0
	 epoch  60 training error:  tensor(1.7961, device='cuda:0', grad_fn=<DivBackward0>)
Memory status after this epoch: 
Memory allocated:  7.16064453125
Memory cached:  20.0
	 epoch  70 training error:  tensor(2.1162, device='cuda:0', grad_fn=<DivBackward0>)
Memory status after this epoch: 
Memory allocated:  7.16064453125
Memory cached:  20.0
	 epoch  80 training error:  tensor(2.2787, device='cuda:0', grad_fn=<DivBackward0>)
Memory status after this epoch: 
Memory allocated:  7.16064453125
Memory cached:  20.0
	 epoch  90 training error:  tensor(1.5675, device='cuda:0', grad_fn=<DivBackward0>)
Memory status after this epoch: 
Memory allocated:  7.16064453125
Memory cached:  20.0
[I 2023-11-16 17:17:52,524] Trial 20 finished with value: 1.4714628458023071 and parameters: {'W_layers': 7, 'W_layer_units_exponent_0': 5, 'W_layer_units_exponent_1': 9, 'W_layer_units_exponent_2': 4, 'W_layer_units_exponent_3': 6, 'W_layer_units_exponent_4': 8, 'W_layer_units_exponent_5': 8, 'W_layer_units_exponent_6': 7, 'D_layers': 8, 'D_layer_units_exponent_0': 5, 'D_layer_units_exponent_1': 8, 'D_layer_units_exponent_2': 7, 'D_layer_units_exponent_3': 4, 'D_layer_units_exponent_4': 6, 'D_layer_units_exponent_5': 6, 'D_layer_units_exponent_6': 6, 'D_layer_units_exponent_7': 10, 'D_dagger_layers': 6, 'D_dagger_layer_units_exponent_0': 10, 'D_dagger_layer_units_exponent_1': 8, 'D_dagger_layer_units_exponent_2': 6, 'D_dagger_layer_units_exponent_3': 5, 'D_dagger_layer_units_exponent_4': 5, 'D_dagger_layer_units_exponent_5': 6, 'log_learning_rate': -1.6374895922186572, 'log_learning_rate_D': -3.2944075009532114, 'log_learning_rate_D_dagger': -3.711576402660529, 'training_batch_size': 7, 'training_p': 5}. Best is trial 0 with value: 0.7597449421882629.
Time for this trial:  20.168026447296143
Memory status after this trial: 
Memory allocated:  151.4931640625
Memory cached:  172.0
--------------------  Trial  21   --------------------
Start timing: 
Parameters: 
{'W_layers': 8, 'W_layer_units_exponent_0': 6, 'W_layer_units_exponent_1': 5, 'W_layer_units_exponent_2': 6, 'W_layer_units_exponent_3': 9, 'W_layer_units_exponent_4': 10, 'W_layer_units_exponent_5': 4, 'W_layer_units_exponent_6': 9, 'W_layer_units_exponent_7': 4, 'D_layers': 4, 'D_layer_units_exponent_0': 7, 'D_layer_units_exponent_1': 7, 'D_layer_units_exponent_2': 5, 'D_layer_units_exponent_3': 8, 'D_dagger_layers': 7, 'D_dagger_layer_units_exponent_0': 8, 'D_dagger_layer_units_exponent_1': 5, 'D_dagger_layer_units_exponent_2': 4, 'D_dagger_layer_units_exponent_3': 5, 'D_dagger_layer_units_exponent_4': 10, 'D_dagger_layer_units_exponent_5': 9, 'D_dagger_layer_units_exponent_6': 5, 'log_learning_rate': -4.009997620098476, 'log_learning_rate_D': -2.7893052469465265, 'log_learning_rate_D_dagger': -3.25283471623353, 'training_batch_size': 9, 'training_p': 3}
	 epoch  0 training error:  tensor(93.4993, device='cuda:0', grad_fn=<DivBackward0>)
Memory status after this epoch: 
Memory allocated:  19.013671875
Memory cached:  58.0
	 epoch  10 training error:  tensor(4.2260, device='cuda:0', grad_fn=<DivBackward0>)
Memory status after this epoch: 
Memory allocated:  19.013671875
Memory cached:  60.0
	 epoch  20 training error:  tensor(7.2134, device='cuda:0', grad_fn=<DivBackward0>)
Memory status after this epoch: 
Memory allocated:  19.013671875
Memory cached:  60.0
	 epoch  30 training error:  tensor(13.1117, device='cuda:0', grad_fn=<DivBackward0>)
Memory status after this epoch: 
Memory allocated:  19.013671875
Memory cached:  60.0
	 epoch  40 training error:  tensor(1.0115, device='cuda:0', grad_fn=<DivBackward0>)
Memory status after this epoch: 
Memory allocated:  19.013671875
Memory cached:  60.0
	 epoch  50 training error:  tensor(2.7230, device='cuda:0', grad_fn=<DivBackward0>)
Memory status after this epoch: 
Memory allocated:  19.013671875
Memory cached:  60.0
	 epoch  60 training error:  tensor(4.9623, device='cuda:0', grad_fn=<DivBackward0>)
Memory status after this epoch: 
Memory allocated:  19.013671875
Memory cached:  60.0
	 epoch  70 training error:  tensor(2.1021, device='cuda:0', grad_fn=<DivBackward0>)
Memory status after this epoch: 
Memory allocated:  19.013671875
Memory cached:  60.0
	 epoch  80 training error:  tensor(2.3214, device='cuda:0', grad_fn=<DivBackward0>)
Memory status after this epoch: 
Memory allocated:  19.013671875
Memory cached:  60.0
	 epoch  90 training error:  tensor(4.3858, device='cuda:0', grad_fn=<DivBackward0>)
Memory status after this epoch: 
Memory allocated:  19.013671875
Memory cached:  60.0
