[I 2023-11-16 06:07:51,531] Trial 47 finished with value: 0.03179352357983589 and parameters: {'W_layers': 5, 'W_layer_units_exponent_0': 6, 'W_layer_units_exponent_1': 9, 'W_layer_units_exponent_2': 8, 'W_layer_units_exponent_3': 5, 'W_layer_units_exponent_4': 5, 'D_layers': 8, 'D_layer_units_exponent_0': 8, 'D_layer_units_exponent_1': 9, 'D_layer_units_exponent_2': 8, 'D_layer_units_exponent_3': 6, 'D_layer_units_exponent_4': 9, 'D_layer_units_exponent_5': 4, 'D_layer_units_exponent_6': 4, 'D_layer_units_exponent_7': 8, 'log_learning_rate': -3.4805603663781692, 'log_learning_rate_D': -2.571520912432339, 'training_batch_size': 7, 'training_p': 5}. Best is trial 9 with value: 0.03132004663348198.
Time for this trial:  186.39216470718384
Memory status after this trial: 
Memory allocated:  909.61083984375
Memory cached:  916.0
--------------------  Trial  48   --------------------
Start timing: 
Parameters: 
{'W_layers': 3, 'W_layer_units_exponent_0': 6, 'W_layer_units_exponent_1': 6, 'W_layer_units_exponent_2': 9, 'D_layers': 8, 'D_layer_units_exponent_0': 7, 'D_layer_units_exponent_1': 7, 'D_layer_units_exponent_2': 10, 'D_layer_units_exponent_3': 4, 'D_layer_units_exponent_4': 8, 'D_layer_units_exponent_5': 7, 'D_layer_units_exponent_6': 5, 'D_layer_units_exponent_7': 5, 'log_learning_rate': -3.888696509739434, 'log_learning_rate_D': -3.855089224660734, 'training_batch_size': 8, 'training_p': 6}
	 epoch  0 training error:  tensor(1.7436, device='cuda:0', grad_fn=<DivBackward0>)
	 epoch  0 test error:  tensor(0.0690, device='cuda:0', grad_fn=<DivBackward0>)
Memory status after this epoch: 
Memory allocated:  451.50439453125
Memory cached:  732.0
	 epoch  10 training error:  tensor(0.8430, device='cuda:0', grad_fn=<DivBackward0>)
	 epoch  10 test error:  tensor(0.0793, device='cuda:0', grad_fn=<DivBackward0>)
Memory status after this epoch: 
Memory allocated:  450.70751953125
Memory cached:  868.0
	 epoch  20 training error:  tensor(0.7554, device='cuda:0', grad_fn=<DivBackward0>)
	 epoch  20 test error:  tensor(0.0595, device='cuda:0', grad_fn=<DivBackward0>)
Memory status after this epoch: 
Memory allocated:  451.50439453125
Memory cached:  868.0
	 epoch  30 training error:  tensor(0.5533, device='cuda:0', grad_fn=<DivBackward0>)
	 epoch  30 test error:  tensor(0.0446, device='cuda:0', grad_fn=<DivBackward0>)
Memory status after this epoch: 
Memory allocated:  450.70751953125
Memory cached:  868.0
	 epoch  40 training error:  tensor(0.3839, device='cuda:0', grad_fn=<DivBackward0>)
	 epoch  40 test error:  tensor(0.0325, device='cuda:0', grad_fn=<DivBackward0>)
Memory status after this epoch: 
Memory allocated:  451.50439453125
Memory cached:  868.0
	 epoch  50 training error:  tensor(0.3525, device='cuda:0', grad_fn=<DivBackward0>)
	 epoch  50 test error:  tensor(0.0325, device='cuda:0', grad_fn=<DivBackward0>)
Memory status after this epoch: 
Memory allocated:  450.70751953125
Memory cached:  868.0
	 epoch  60 training error:  tensor(0.3503, device='cuda:0', grad_fn=<DivBackward0>)
	 epoch  60 test error:  tensor(0.0325, device='cuda:0', grad_fn=<DivBackward0>)
Memory status after this epoch: 
Memory allocated:  451.50439453125
Memory cached:  870.0
	 epoch  70 training error:  tensor(0.3462, device='cuda:0', grad_fn=<DivBackward0>)
	 epoch  70 test error:  tensor(0.0314, device='cuda:0', grad_fn=<DivBackward0>)
Memory status after this epoch: 
Memory allocated:  450.70751953125
Memory cached:  872.0
	 epoch  80 training error:  tensor(0.3422, device='cuda:0', grad_fn=<DivBackward0>)
	 epoch  80 test error:  tensor(0.0320, device='cuda:0', grad_fn=<DivBackward0>)
Memory status after this epoch: 
Memory allocated:  451.50439453125
Memory cached:  870.0
	 epoch  90 training error:  tensor(0.3409, device='cuda:0', grad_fn=<DivBackward0>)
	 epoch  90 test error:  tensor(0.0317, device='cuda:0', grad_fn=<DivBackward0>)
Memory status after this epoch: 
Memory allocated:  450.70751953125
Memory cached:  868.0
[I 2023-11-16 06:10:37,948] Trial 48 finished with value: 0.03174865245819092 and parameters: {'W_layers': 3, 'W_layer_units_exponent_0': 6, 'W_layer_units_exponent_1': 6, 'W_layer_units_exponent_2': 9, 'D_layers': 8, 'D_layer_units_exponent_0': 7, 'D_layer_units_exponent_1': 7, 'D_layer_units_exponent_2': 10, 'D_layer_units_exponent_3': 4, 'D_layer_units_exponent_4': 8, 'D_layer_units_exponent_5': 7, 'D_layer_units_exponent_6': 5, 'D_layer_units_exponent_7': 5, 'log_learning_rate': -3.888696509739434, 'log_learning_rate_D': -3.855089224660734, 'training_batch_size': 8, 'training_p': 6}. Best is trial 9 with value: 0.03132004663348198.
Time for this trial:  166.13685655593872
Memory status after this trial: 
Memory allocated:  864.75830078125
Memory cached:  868.0
--------------------  Trial  49   --------------------
Start timing: 
Parameters: 
{'W_layers': 7, 'W_layer_units_exponent_0': 7, 'W_layer_units_exponent_1': 4, 'W_layer_units_exponent_2': 7, 'W_layer_units_exponent_3': 4, 'W_layer_units_exponent_4': 7, 'W_layer_units_exponent_5': 4, 'W_layer_units_exponent_6': 10, 'D_layers': 6, 'D_layer_units_exponent_0': 6, 'D_layer_units_exponent_1': 8, 'D_layer_units_exponent_2': 9, 'D_layer_units_exponent_3': 5, 'D_layer_units_exponent_4': 6, 'D_layer_units_exponent_5': 5, 'log_learning_rate': -3.1590622316545587, 'log_learning_rate_D': -2.9235579872616384, 'training_batch_size': 6, 'training_p': 4}
	 epoch  0 training error:  tensor(0.9875, device='cuda:0', grad_fn=<DivBackward0>)
	 epoch  0 test error:  tensor(0.0853, device='cuda:0', grad_fn=<DivBackward0>)
Memory status after this epoch: 
Memory allocated:  452.4560546875
Memory cached:  716.0
	 epoch  10 training error:  tensor(0.8228, device='cuda:0', grad_fn=<DivBackward0>)
	 epoch  10 test error:  tensor(0.0644, device='cuda:0', grad_fn=<DivBackward0>)
Memory status after this epoch: 
Memory allocated:  453.2529296875
Memory cached:  872.0
	 epoch  20 training error:  tensor(0.4055, device='cuda:0', grad_fn=<DivBackward0>)
	 epoch  20 test error:  tensor(0.0328, device='cuda:0', grad_fn=<DivBackward0>)
Memory status after this epoch: 
Memory allocated:  452.4560546875
Memory cached:  872.0
	 epoch  30 training error:  tensor(0.3687, device='cuda:0', grad_fn=<DivBackward0>)
	 epoch  30 test error:  tensor(0.0331, device='cuda:0', grad_fn=<DivBackward0>)
Memory status after this epoch: 
Memory allocated:  453.2529296875
Memory cached:  872.0
	 epoch  40 training error:  tensor(0.3667, device='cuda:0', grad_fn=<DivBackward0>)
	 epoch  40 test error:  tensor(0.0329, device='cuda:0', grad_fn=<DivBackward0>)
Memory status after this epoch: 
Memory allocated:  452.4560546875
Memory cached:  872.0
	 epoch  50 training error:  tensor(0.3635, device='cuda:0', grad_fn=<DivBackward0>)
	 epoch  50 test error:  tensor(0.0315, device='cuda:0', grad_fn=<DivBackward0>)
Memory status after this epoch: 
Memory allocated:  453.2529296875
Memory cached:  872.0
	 epoch  60 training error:  tensor(0.3641, device='cuda:0', grad_fn=<DivBackward0>)
	 epoch  60 test error:  tensor(0.0322, device='cuda:0', grad_fn=<DivBackward0>)
Memory status after this epoch: 
Memory allocated:  452.4560546875
Memory cached:  872.0
	 epoch  70 training error:  tensor(0.3630, device='cuda:0', grad_fn=<DivBackward0>)
	 epoch  70 test error:  tensor(0.0320, device='cuda:0', grad_fn=<DivBackward0>)
Memory status after this epoch: 
Memory allocated:  453.2529296875
Memory cached:  872.0
	 epoch  80 training error:  tensor(0.3629, device='cuda:0', grad_fn=<DivBackward0>)
	 epoch  80 test error:  tensor(0.0316, device='cuda:0', grad_fn=<DivBackward0>)
Memory status after this epoch: 
Memory allocated:  452.4560546875
Memory cached:  872.0
	 epoch  90 training error:  tensor(0.3670, device='cuda:0', grad_fn=<DivBackward0>)
	 epoch  90 test error:  tensor(0.0315, device='cuda:0', grad_fn=<DivBackward0>)
Memory status after this epoch: 
Memory allocated:  453.2529296875
Memory cached:  872.0
[I 2023-11-16 06:15:51,708] Trial 49 finished with value: 0.031440578401088715 and parameters: {'W_layers': 7, 'W_layer_units_exponent_0': 7, 'W_layer_units_exponent_1': 4, 'W_layer_units_exponent_2': 7, 'W_layer_units_exponent_3': 4, 'W_layer_units_exponent_4': 7, 'W_layer_units_exponent_5': 4, 'W_layer_units_exponent_6': 10, 'D_layers': 6, 'D_layer_units_exponent_0': 6, 'D_layer_units_exponent_1': 8, 'D_layer_units_exponent_2': 9, 'D_layer_units_exponent_3': 5, 'D_layer_units_exponent_4': 6, 'D_layer_units_exponent_5': 5, 'log_learning_rate': -3.1590622316545587, 'log_learning_rate_D': -2.9235579872616384, 'training_batch_size': 6, 'training_p': 4}. Best is trial 9 with value: 0.03132004663348198.
Time for this trial:  313.44181299209595
Memory status after this trial: 
Memory allocated:  869.33935546875
Memory cached:  872.0
