[I 2023-11-16 04:29:21,785] Trial 22 finished with value: 0.031530383974313736 and parameters: {'W_layers': 5, 'W_layer_units_exponent_0': 6, 'W_layer_units_exponent_1': 6, 'W_layer_units_exponent_2': 10, 'W_layer_units_exponent_3': 4, 'W_layer_units_exponent_4': 6, 'D_layers': 8, 'D_layer_units_exponent_0': 7, 'D_layer_units_exponent_1': 7, 'D_layer_units_exponent_2': 9, 'D_layer_units_exponent_3': 6, 'D_layer_units_exponent_4': 8, 'D_layer_units_exponent_5': 4, 'D_layer_units_exponent_6': 5, 'D_layer_units_exponent_7': 7, 'log_learning_rate': -3.273339438868476, 'log_learning_rate_D': -3.109486375954209, 'training_batch_size': 6, 'training_p': 7}. Best is trial 9 with value: 0.03132004663348198.
Time for this trial:  313.27791261672974
Memory status after this trial: 
Memory allocated:  877.07861328125
Memory cached:  884.0
--------------------  Trial  23   --------------------
Start timing: 
Parameters: 
{'W_layers': 4, 'W_layer_units_exponent_0': 5, 'W_layer_units_exponent_1': 6, 'W_layer_units_exponent_2': 10, 'W_layer_units_exponent_3': 5, 'D_layers': 7, 'D_layer_units_exponent_0': 7, 'D_layer_units_exponent_1': 7, 'D_layer_units_exponent_2': 10, 'D_layer_units_exponent_3': 6, 'D_layer_units_exponent_4': 8, 'D_layer_units_exponent_5': 6, 'D_layer_units_exponent_6': 6, 'log_learning_rate': -3.0347657620677726, 'log_learning_rate_D': -2.9978510237174003, 'training_batch_size': 6, 'training_p': 8}
	 epoch  0 training error:  tensor(3.1033, device='cuda:0', grad_fn=<DivBackward0>)
	 epoch  0 test error:  tensor(1.3682, device='cuda:0', grad_fn=<DivBackward0>)
Memory status after this epoch: 
Memory allocated:  477.8330078125
Memory cached:  764.0
	 epoch  10 training error:  tensor(0.6532, device='cuda:0', grad_fn=<DivBackward0>)
	 epoch  10 test error:  tensor(0.0514, device='cuda:0', grad_fn=<DivBackward0>)
Memory status after this epoch: 
Memory allocated:  479.9423828125
Memory cached:  926.0
	 epoch  20 training error:  tensor(0.3967, device='cuda:0', grad_fn=<DivBackward0>)
	 epoch  20 test error:  tensor(0.0379, device='cuda:0', grad_fn=<DivBackward0>)
Memory status after this epoch: 
Memory allocated:  477.8330078125
Memory cached:  926.0
	 epoch  30 training error:  tensor(0.3446, device='cuda:0', grad_fn=<DivBackward0>)
	 epoch  30 test error:  tensor(0.0327, device='cuda:0', grad_fn=<DivBackward0>)
Memory status after this epoch: 
Memory allocated:  479.9423828125
Memory cached:  926.0
	 epoch  40 training error:  tensor(0.3328, device='cuda:0', grad_fn=<DivBackward0>)
	 epoch  40 test error:  tensor(0.0315, device='cuda:0', grad_fn=<DivBackward0>)
Memory status after this epoch: 
Memory allocated:  477.8330078125
Memory cached:  926.0
	 epoch  50 training error:  tensor(0.3303, device='cuda:0', grad_fn=<DivBackward0>)
	 epoch  50 test error:  tensor(0.0314, device='cuda:0', grad_fn=<DivBackward0>)
Memory status after this epoch: 
Memory allocated:  479.9423828125
Memory cached:  926.0
	 epoch  60 training error:  tensor(0.3293, device='cuda:0', grad_fn=<DivBackward0>)
	 epoch  60 test error:  tensor(0.0316, device='cuda:0', grad_fn=<DivBackward0>)
Memory status after this epoch: 
Memory allocated:  477.8330078125
Memory cached:  926.0
	 epoch  70 training error:  tensor(0.3300, device='cuda:0', grad_fn=<DivBackward0>)
	 epoch  70 test error:  tensor(0.0313, device='cuda:0', grad_fn=<DivBackward0>)
Memory status after this epoch: 
Memory allocated:  479.9423828125
Memory cached:  926.0
	 epoch  80 training error:  tensor(0.3272, device='cuda:0', grad_fn=<DivBackward0>)
	 epoch  80 test error:  tensor(0.0328, device='cuda:0', grad_fn=<DivBackward0>)
Memory status after this epoch: 
Memory allocated:  477.8330078125
Memory cached:  926.0
	 epoch  90 training error:  tensor(0.3346, device='cuda:0', grad_fn=<DivBackward0>)
	 epoch  90 test error:  tensor(0.0320, device='cuda:0', grad_fn=<DivBackward0>)
Memory status after this epoch: 
Memory allocated:  479.9423828125
Memory cached:  926.0
[I 2023-11-16 04:34:08,762] Trial 23 finished with value: 0.03150860220193863 and parameters: {'W_layers': 4, 'W_layer_units_exponent_0': 5, 'W_layer_units_exponent_1': 6, 'W_layer_units_exponent_2': 10, 'W_layer_units_exponent_3': 5, 'D_layers': 7, 'D_layer_units_exponent_0': 7, 'D_layer_units_exponent_1': 7, 'D_layer_units_exponent_2': 10, 'D_layer_units_exponent_3': 6, 'D_layer_units_exponent_4': 8, 'D_layer_units_exponent_5': 6, 'D_layer_units_exponent_6': 6, 'log_learning_rate': -3.0347657620677726, 'log_learning_rate_D': -2.9978510237174003, 'training_batch_size': 6, 'training_p': 8}. Best is trial 9 with value: 0.03132004663348198.
Time for this trial:  286.69518780708313
Memory status after this trial: 
Memory allocated:  917.86083984375
Memory cached:  926.0
--------------------  Trial  24   --------------------
Start timing: 
Parameters: 
{'W_layers': 4, 'W_layer_units_exponent_0': 5, 'W_layer_units_exponent_1': 6, 'W_layer_units_exponent_2': 9, 'W_layer_units_exponent_3': 5, 'D_layers': 8, 'D_layer_units_exponent_0': 7, 'D_layer_units_exponent_1': 6, 'D_layer_units_exponent_2': 10, 'D_layer_units_exponent_3': 8, 'D_layer_units_exponent_4': 9, 'D_layer_units_exponent_5': 6, 'D_layer_units_exponent_6': 6, 'D_layer_units_exponent_7': 6, 'log_learning_rate': -3.05602659501802, 'log_learning_rate_D': -3.6190348834258357, 'training_batch_size': 7, 'training_p': 8}
	 epoch  0 training error:  tensor(1.5749, device='cuda:0', grad_fn=<DivBackward0>)
	 epoch  0 test error:  tensor(0.5447, device='cuda:0', grad_fn=<DivBackward0>)
Memory status after this epoch: 
Memory allocated:  479.47265625
Memory cached:  762.0
	 epoch  10 training error:  tensor(1.3919, device='cuda:0', grad_fn=<DivBackward0>)
	 epoch  10 test error:  tensor(0.1414, device='cuda:0', grad_fn=<DivBackward0>)
Memory status after this epoch: 
Memory allocated:  477.36328125
Memory cached:  922.0
	 epoch  20 training error:  tensor(0.6881, device='cuda:0', grad_fn=<DivBackward0>)
	 epoch  20 test error:  tensor(0.0706, device='cuda:0', grad_fn=<DivBackward0>)
Memory status after this epoch: 
Memory allocated:  479.47265625
Memory cached:  922.0
	 epoch  30 training error:  tensor(0.4004, device='cuda:0', grad_fn=<DivBackward0>)
	 epoch  30 test error:  tensor(0.0333, device='cuda:0', grad_fn=<DivBackward0>)
Memory status after this epoch: 
Memory allocated:  477.36328125
Memory cached:  922.0
	 epoch  40 training error:  tensor(0.3790, device='cuda:0', grad_fn=<DivBackward0>)
	 epoch  40 test error:  tensor(0.0351, device='cuda:0', grad_fn=<DivBackward0>)
Memory status after this epoch: 
Memory allocated:  479.47265625
Memory cached:  924.0
	 epoch  50 training error:  tensor(0.3361, device='cuda:0', grad_fn=<DivBackward0>)
	 epoch  50 test error:  tensor(0.0314, device='cuda:0', grad_fn=<DivBackward0>)
Memory status after this epoch: 
Memory allocated:  477.36328125
Memory cached:  924.0
	 epoch  60 training error:  tensor(0.3385, device='cuda:0', grad_fn=<DivBackward0>)
	 epoch  60 test error:  tensor(0.0319, device='cuda:0', grad_fn=<DivBackward0>)
Memory status after this epoch: 
Memory allocated:  479.47265625
Memory cached:  924.0
	 epoch  70 training error:  tensor(0.3332, device='cuda:0', grad_fn=<DivBackward0>)
	 epoch  70 test error:  tensor(0.0316, device='cuda:0', grad_fn=<DivBackward0>)
Memory status after this epoch: 
Memory allocated:  477.36328125
Memory cached:  924.0
	 epoch  80 training error:  tensor(0.3313, device='cuda:0', grad_fn=<DivBackward0>)
	 epoch  80 test error:  tensor(0.0319, device='cuda:0', grad_fn=<DivBackward0>)
Memory status after this epoch: 
Memory allocated:  479.47265625
Memory cached:  926.0
	 epoch  90 training error:  tensor(0.3299, device='cuda:0', grad_fn=<DivBackward0>)
	 epoch  90 test error:  tensor(0.0316, device='cuda:0', grad_fn=<DivBackward0>)
Memory status after this epoch: 
Memory allocated:  477.36328125
Memory cached:  924.0
[I 2023-11-16 04:37:01,850] Trial 24 finished with value: 0.03157936409115791 and parameters: {'W_layers': 4, 'W_layer_units_exponent_0': 5, 'W_layer_units_exponent_1': 6, 'W_layer_units_exponent_2': 9, 'W_layer_units_exponent_3': 5, 'D_layers': 8, 'D_layer_units_exponent_0': 7, 'D_layer_units_exponent_1': 6, 'D_layer_units_exponent_2': 10, 'D_layer_units_exponent_3': 8, 'D_layer_units_exponent_4': 9, 'D_layer_units_exponent_5': 6, 'D_layer_units_exponent_6': 6, 'D_layer_units_exponent_7': 6, 'log_learning_rate': -3.05602659501802, 'log_learning_rate_D': -3.6190348834258357, 'training_batch_size': 7, 'training_p': 8}. Best is trial 9 with value: 0.03132004663348198.
Time for this trial:  172.71566200256348
Memory status after this trial: 
Memory allocated:  912.14013671875
Memory cached:  922.0
--------------------  Trial  25   --------------------
Start timing: 
Parameters: 
{'W_layers': 4, 'W_layer_units_exponent_0': 4, 'W_layer_units_exponent_1': 6, 'W_layer_units_exponent_2': 10, 'W_layer_units_exponent_3': 6, 'D_layers': 6, 'D_layer_units_exponent_0': 6, 'D_layer_units_exponent_1': 8, 'D_layer_units_exponent_2': 10, 'D_layer_units_exponent_3': 6, 'D_layer_units_exponent_4': 8, 'D_layer_units_exponent_5': 8, 'log_learning_rate': -2.55117337580207, 'log_learning_rate_D': -3.026495206521028, 'training_batch_size': 6, 'training_p': 8}
	 epoch  0 training error:  tensor(11.9328, device='cuda:0', grad_fn=<DivBackward0>)
	 epoch  0 test error:  tensor(2.4052, device='cuda:0', grad_fn=<DivBackward0>)
Memory status after this epoch: 
Memory allocated:  492.18359375
Memory cached:  778.0
	 epoch  10 training error:  tensor(0.9999, device='cuda:0', grad_fn=<DivBackward0>)
	 epoch  10 test error:  tensor(0.0730, device='cuda:0', grad_fn=<DivBackward0>)
Memory status after this epoch: 
Memory allocated:  494.29296875
Memory cached:  952.0
	 epoch  20 training error:  tensor(1.0000, device='cuda:0', grad_fn=<DivBackward0>)
	 epoch  20 test error:  tensor(0.0730, device='cuda:0', grad_fn=<DivBackward0>)
Memory status after this epoch: 
Memory allocated:  492.18359375
Memory cached:  952.0
	 epoch  30 training error:  tensor(1.0000, device='cuda:0', grad_fn=<DivBackward0>)
	 epoch  30 test error:  tensor(0.0730, device='cuda:0', grad_fn=<DivBackward0>)
Memory status after this epoch: 
Memory allocated:  494.29296875
Memory cached:  952.0
	 epoch  40 training error:  tensor(1.0000, device='cuda:0', grad_fn=<DivBackward0>)
	 epoch  40 test error:  tensor(0.0730, device='cuda:0', grad_fn=<DivBackward0>)
Memory status after this epoch: 
Memory allocated:  492.18359375
Memory cached:  952.0
	 epoch  50 training error:  tensor(1.0000, device='cuda:0', grad_fn=<DivBackward0>)
	 epoch  50 test error:  tensor(0.0730, device='cuda:0', grad_fn=<DivBackward0>)
Memory status after this epoch: 
Memory allocated:  494.29296875
Memory cached:  952.0
	 epoch  60 training error:  tensor(1.0000, device='cuda:0', grad_fn=<DivBackward0>)
	 epoch  60 test error:  tensor(0.0730, device='cuda:0', grad_fn=<DivBackward0>)
Memory status after this epoch: 
Memory allocated:  492.18359375
Memory cached:  952.0
	 epoch  70 training error:  tensor(1.0000, device='cuda:0', grad_fn=<DivBackward0>)
	 epoch  70 test error:  tensor(0.0730, device='cuda:0', grad_fn=<DivBackward0>)
Memory status after this epoch: 
Memory allocated:  494.29296875
Memory cached:  952.0
	 epoch  80 training error:  tensor(1.0000, device='cuda:0', grad_fn=<DivBackward0>)
	 epoch  80 test error:  tensor(0.0730, device='cuda:0', grad_fn=<DivBackward0>)
Memory status after this epoch: 
Memory allocated:  492.18359375
Memory cached:  952.0
	 epoch  90 training error:  tensor(1.0000, device='cuda:0', grad_fn=<DivBackward0>)
	 epoch  90 test error:  tensor(0.0730, device='cuda:0', grad_fn=<DivBackward0>)
Memory status after this epoch: 
Memory allocated:  494.29296875
Memory cached:  952.0
[I 2023-11-16 04:41:31,811] Trial 25 finished with value: 0.07304635643959045 and parameters: {'W_layers': 4, 'W_layer_units_exponent_0': 4, 'W_layer_units_exponent_1': 6, 'W_layer_units_exponent_2': 10, 'W_layer_units_exponent_3': 6, 'D_layers': 6, 'D_layer_units_exponent_0': 6, 'D_layer_units_exponent_1': 8, 'D_layer_units_exponent_2': 10, 'D_layer_units_exponent_3': 6, 'D_layer_units_exponent_4': 8, 'D_layer_units_exponent_5': 8, 'log_learning_rate': -2.55117337580207, 'log_learning_rate_D': -3.026495206521028, 'training_batch_size': 6, 'training_p': 8}. Best is trial 9 with value: 0.03132004663348198.
Time for this trial:  269.61958169937134
Memory status after this trial: 
Memory allocated:  941.80126953125
Memory cached:  952.0
--------------------  Trial  26   --------------------
Start timing: 
Parameters: 
{'W_layers': 4, 'W_layer_units_exponent_0': 5, 'W_layer_units_exponent_1': 8, 'W_layer_units_exponent_2': 9, 'W_layer_units_exponent_3': 5, 'D_layers': 7, 'D_layer_units_exponent_0': 9, 'D_layer_units_exponent_1': 6, 'D_layer_units_exponent_2': 10, 'D_layer_units_exponent_3': 8, 'D_layer_units_exponent_4': 9, 'D_layer_units_exponent_5': 6, 'D_layer_units_exponent_6': 6, 'log_learning_rate': -3.0630492955722626, 'log_learning_rate_D': -3.6209779104392132, 'training_batch_size': 8, 'training_p': 6}
	 epoch  0 training error:  tensor(2.9376, device='cuda:0', grad_fn=<DivBackward0>)
	 epoch  0 test error:  tensor(1.5483, device='cuda:0', grad_fn=<DivBackward0>)
Memory status after this epoch: 
Memory allocated:  508.5693359375
Memory cached:  792.0
	 epoch  10 training error:  tensor(2.6440, device='cuda:0', grad_fn=<DivBackward0>)
	 epoch  10 test error:  tensor(0.2666, device='cuda:0', grad_fn=<DivBackward0>)
Memory status after this epoch: 
Memory allocated:  506.4599609375
Memory cached:  978.0
	 epoch  20 training error:  tensor(0.5501, device='cuda:0', grad_fn=<DivBackward0>)
	 epoch  20 test error:  tensor(0.0621, device='cuda:0', grad_fn=<DivBackward0>)
Memory status after this epoch: 
Memory allocated:  508.5693359375
Memory cached:  978.0
	 epoch  30 training error:  tensor(0.3959, device='cuda:0', grad_fn=<DivBackward0>)
	 epoch  30 test error:  tensor(0.0486, device='cuda:0', grad_fn=<DivBackward0>)
Memory status after this epoch: 
Memory allocated:  506.4599609375
Memory cached:  978.0
	 epoch  40 training error:  tensor(0.4442, device='cuda:0', grad_fn=<DivBackward0>)
	 epoch  40 test error:  tensor(0.0334, device='cuda:0', grad_fn=<DivBackward0>)
Memory status after this epoch: 
Memory allocated:  508.5693359375
Memory cached:  980.0
	 epoch  50 training error:  tensor(0.3655, device='cuda:0', grad_fn=<DivBackward0>)
	 epoch  50 test error:  tensor(0.0332, device='cuda:0', grad_fn=<DivBackward0>)
Memory status after this epoch: 
Memory allocated:  506.4599609375
Memory cached:  980.0
	 epoch  60 training error:  tensor(0.3448, device='cuda:0', grad_fn=<DivBackward0>)
	 epoch  60 test error:  tensor(0.0327, device='cuda:0', grad_fn=<DivBackward0>)
Memory status after this epoch: 
Memory allocated:  508.5693359375
Memory cached:  982.0
	 epoch  70 training error:  tensor(0.3470, device='cuda:0', grad_fn=<DivBackward0>)
	 epoch  70 test error:  tensor(0.0321, device='cuda:0', grad_fn=<DivBackward0>)
Memory status after this epoch: 
Memory allocated:  506.4599609375
Memory cached:  982.0
	 epoch  80 training error:  tensor(0.3435, device='cuda:0', grad_fn=<DivBackward0>)
	 epoch  80 test error:  tensor(0.0315, device='cuda:0', grad_fn=<DivBackward0>)
Memory status after this epoch: 
Memory allocated:  508.5693359375
Memory cached:  982.0
	 epoch  90 training error:  tensor(0.3419, device='cuda:0', grad_fn=<DivBackward0>)
	 epoch  90 test error:  tensor(0.0319, device='cuda:0', grad_fn=<DivBackward0>)
Memory status after this epoch: 
Memory allocated:  506.4599609375
Memory cached:  982.0
[I 2023-11-16 04:44:21,360] Trial 26 finished with value: 0.03187679499387741 and parameters: {'W_layers': 4, 'W_layer_units_exponent_0': 5, 'W_layer_units_exponent_1': 8, 'W_layer_units_exponent_2': 9, 'W_layer_units_exponent_3': 5, 'D_layers': 7, 'D_layer_units_exponent_0': 9, 'D_layer_units_exponent_1': 6, 'D_layer_units_exponent_2': 10, 'D_layer_units_exponent_3': 8, 'D_layer_units_exponent_4': 9, 'D_layer_units_exponent_5': 6, 'D_layer_units_exponent_6': 6, 'log_learning_rate': -3.0630492955722626, 'log_learning_rate_D': -3.6209779104392132, 'training_batch_size': 8, 'training_p': 6}. Best is trial 9 with value: 0.03132004663348198.
Time for this trial:  169.22618556022644
Memory status after this trial: 
Memory allocated:  967.44775390625
Memory cached:  982.0
--------------------  Trial  27   --------------------
Start timing: 
Parameters: 
{'W_layers': 2, 'W_layer_units_exponent_0': 8, 'W_layer_units_exponent_1': 7, 'D_layers': 8, 'D_layer_units_exponent_0': 8, 'D_layer_units_exponent_1': 7, 'D_layer_units_exponent_2': 8, 'D_layer_units_exponent_3': 7, 'D_layer_units_exponent_4': 8, 'D_layer_units_exponent_5': 5, 'D_layer_units_exponent_6': 5, 'D_layer_units_exponent_7': 7, 'log_learning_rate': -2.4267452690351945, 'log_learning_rate_D': -2.584817203102867, 'training_batch_size': 7, 'training_p': 8}
	 epoch  0 training error:  tensor(8.4989, device='cuda:0', grad_fn=<DivBackward0>)
	 epoch  0 test error:  tensor(5.2621, device='cuda:0', grad_fn=<DivBackward0>)
Memory status after this epoch: 
Memory allocated:  407.0966796875
Memory cached:  692.0
	 epoch  10 training error:  tensor(0.9026, device='cuda:0', grad_fn=<DivBackward0>)
	 epoch  10 test error:  tensor(0.0711, device='cuda:0', grad_fn=<DivBackward0>)
Memory status after this epoch: 
Memory allocated:  409.2060546875
Memory cached:  788.0
	 epoch  20 training error:  tensor(0.9819, device='cuda:0', grad_fn=<DivBackward0>)
	 epoch  20 test error:  tensor(0.0727, device='cuda:0', grad_fn=<DivBackward0>)
Memory status after this epoch: 
Memory allocated:  407.0966796875
Memory cached:  788.0
	 epoch  30 training error:  tensor(0.9883, device='cuda:0', grad_fn=<DivBackward0>)
	 epoch  30 test error:  tensor(0.0728, device='cuda:0', grad_fn=<DivBackward0>)
Memory status after this epoch: 
Memory allocated:  409.2060546875
Memory cached:  788.0
	 epoch  40 training error:  tensor(0.9879, device='cuda:0', grad_fn=<DivBackward0>)
	 epoch  40 test error:  tensor(0.0727, device='cuda:0', grad_fn=<DivBackward0>)
Memory status after this epoch: 
Memory allocated:  407.0966796875
Memory cached:  788.0
	 epoch  50 training error:  tensor(0.9874, device='cuda:0', grad_fn=<DivBackward0>)
	 epoch  50 test error:  tensor(0.0721, device='cuda:0', grad_fn=<DivBackward0>)
Memory status after this epoch: 
Memory allocated:  409.2060546875
Memory cached:  788.0
	 epoch  60 training error:  tensor(0.9887, device='cuda:0', grad_fn=<DivBackward0>)
	 epoch  60 test error:  tensor(0.0728, device='cuda:0', grad_fn=<DivBackward0>)
Memory status after this epoch: 
Memory allocated:  407.0966796875
Memory cached:  788.0
	 epoch  70 training error:  tensor(0.9880, device='cuda:0', grad_fn=<DivBackward0>)
	 epoch  70 test error:  tensor(0.0728, device='cuda:0', grad_fn=<DivBackward0>)
Memory status after this epoch: 
Memory allocated:  409.2060546875
Memory cached:  788.0
	 epoch  80 training error:  tensor(0.9854, device='cuda:0', grad_fn=<DivBackward0>)
	 epoch  80 test error:  tensor(0.0727, device='cuda:0', grad_fn=<DivBackward0>)
Memory status after this epoch: 
Memory allocated:  407.0966796875
Memory cached:  788.0
	 epoch  90 training error:  tensor(0.9810, device='cuda:0', grad_fn=<DivBackward0>)
	 epoch  90 test error:  tensor(0.0724, device='cuda:0', grad_fn=<DivBackward0>)
Memory status after this epoch: 
Memory allocated:  409.2060546875
Memory cached:  788.0
