[I 2023-11-16 13:18:02,582] Trial 21 finished with value: 0.044103458523750305 and parameters: {'W_layers': 2, 'W_layer_units_exponent_0': 4, 'W_layer_units_exponent_1': 10, 'D_layers': 7, 'D_layer_units_exponent_0': 8, 'D_layer_units_exponent_1': 8, 'D_layer_units_exponent_2': 10, 'D_layer_units_exponent_3': 8, 'D_layer_units_exponent_4': 10, 'D_layer_units_exponent_5': 10, 'D_layer_units_exponent_6': 10, 'log_learning_rate': -2.441571526647154, 'log_learning_rate_D': -3.4043499503473, 'training_batch_size': 6, 'training_p': 2}. Best is trial 10 with value: 0.007422677706927061.
Time for this trial:  271.72723507881165
Memory status after this trial: 
Memory allocated:  777.80615234375
Memory cached:  806.0
--------------------  Trial  22   --------------------
Start timing: 
Parameters: 
{'W_layers': 3, 'W_layer_units_exponent_0': 4, 'W_layer_units_exponent_1': 9, 'W_layer_units_exponent_2': 5, 'D_layers': 7, 'D_layer_units_exponent_0': 8, 'D_layer_units_exponent_1': 8, 'D_layer_units_exponent_2': 10, 'D_layer_units_exponent_3': 8, 'D_layer_units_exponent_4': 10, 'D_layer_units_exponent_5': 9, 'D_layer_units_exponent_6': 10, 'log_learning_rate': -2.6537098978273126, 'log_learning_rate_D': -3.662515951766841, 'training_batch_size': 6, 'training_p': 2}
	 epoch  0 training error:  tensor(6.0039, device='cuda:0', grad_fn=<DivBackward0>)
	 epoch  0 test error:  tensor(1.5947, device='cuda:0', grad_fn=<DivBackward0>)
Memory status after this epoch: 
Memory allocated:  355.2001953125
Memory cached:  418.0
	 epoch  10 training error:  tensor(0.7439, device='cuda:0', grad_fn=<DivBackward0>)
	 epoch  10 test error:  tensor(0.0302, device='cuda:0', grad_fn=<DivBackward0>)
Memory status after this epoch: 
Memory allocated:  355.9970703125
Memory cached:  700.0
	 epoch  20 training error:  tensor(0.4371, device='cuda:0', grad_fn=<DivBackward0>)
	 epoch  20 test error:  tensor(0.0620, device='cuda:0', grad_fn=<DivBackward0>)
Memory status after this epoch: 
Memory allocated:  355.0126953125
Memory cached:  700.0
	 epoch  30 training error:  tensor(0.9838, device='cuda:0', grad_fn=<DivBackward0>)
	 epoch  30 test error:  tensor(0.0436, device='cuda:0', grad_fn=<DivBackward0>)
Memory status after this epoch: 
Memory allocated:  355.9970703125
Memory cached:  700.0
	 epoch  40 training error:  tensor(0.9746, device='cuda:0', grad_fn=<DivBackward0>)
	 epoch  40 test error:  tensor(0.0432, device='cuda:0', grad_fn=<DivBackward0>)
Memory status after this epoch: 
Memory allocated:  355.1064453125
Memory cached:  700.0
	 epoch  50 training error:  tensor(0.9715, device='cuda:0', grad_fn=<DivBackward0>)
	 epoch  50 test error:  tensor(0.0431, device='cuda:0', grad_fn=<DivBackward0>)
Memory status after this epoch: 
Memory allocated:  356.0908203125
Memory cached:  700.0
	 epoch  60 training error:  tensor(0.9677, device='cuda:0', grad_fn=<DivBackward0>)
	 epoch  60 test error:  tensor(0.0429, device='cuda:0', grad_fn=<DivBackward0>)
Memory status after this epoch: 
Memory allocated:  354.9189453125
Memory cached:  700.0
	 epoch  70 training error:  tensor(0.9625, device='cuda:0', grad_fn=<DivBackward0>)
	 epoch  70 test error:  tensor(0.0427, device='cuda:0', grad_fn=<DivBackward0>)
Memory status after this epoch: 
Memory allocated:  356.2783203125
Memory cached:  700.0
	 epoch  80 training error:  tensor(0.9545, device='cuda:0', grad_fn=<DivBackward0>)
	 epoch  80 test error:  tensor(0.0423, device='cuda:0', grad_fn=<DivBackward0>)
Memory status after this epoch: 
Memory allocated:  354.9189453125
Memory cached:  700.0
	 epoch  90 training error:  tensor(0.9393, device='cuda:0', grad_fn=<DivBackward0>)
	 epoch  90 test error:  tensor(0.0417, device='cuda:0', grad_fn=<DivBackward0>)
Memory status after this epoch: 
Memory allocated:  355.9501953125
Memory cached:  700.0
[I 2023-11-16 13:22:40,999] Trial 22 finished with value: 0.04008213430643082 and parameters: {'W_layers': 3, 'W_layer_units_exponent_0': 4, 'W_layer_units_exponent_1': 9, 'W_layer_units_exponent_2': 5, 'D_layers': 7, 'D_layer_units_exponent_0': 8, 'D_layer_units_exponent_1': 8, 'D_layer_units_exponent_2': 10, 'D_layer_units_exponent_3': 8, 'D_layer_units_exponent_4': 10, 'D_layer_units_exponent_5': 9, 'D_layer_units_exponent_6': 10, 'log_learning_rate': -2.6537098978273126, 'log_learning_rate_D': -3.662515951766841, 'training_batch_size': 6, 'training_p': 2}. Best is trial 10 with value: 0.007422677706927061.
Time for this trial:  278.1691219806671
Memory status after this trial: 
Memory allocated:  664.53857421875
Memory cached:  700.0
--------------------  Trial  23   --------------------
Start timing: 
Parameters: 
{'W_layers': 2, 'W_layer_units_exponent_0': 5, 'W_layer_units_exponent_1': 10, 'D_layers': 7, 'D_layer_units_exponent_0': 6, 'D_layer_units_exponent_1': 9, 'D_layer_units_exponent_2': 9, 'D_layer_units_exponent_3': 9, 'D_layer_units_exponent_4': 9, 'D_layer_units_exponent_5': 9, 'D_layer_units_exponent_6': 8, 'log_learning_rate': -2.964946455654789, 'log_learning_rate_D': -4.15240457359298, 'training_batch_size': 7, 'training_p': 3}
	 epoch  0 training error:  tensor(8.9911, device='cuda:0', grad_fn=<DivBackward0>)
	 epoch  0 test error:  tensor(0.2990, device='cuda:0', grad_fn=<DivBackward0>)
Memory status after this epoch: 
Memory allocated:  293.2060546875
Memory cached:  352.0
	 epoch  10 training error:  tensor(3.5788, device='cuda:0', grad_fn=<DivBackward0>)
	 epoch  10 test error:  tensor(0.2079, device='cuda:0', grad_fn=<DivBackward0>)
Memory status after this epoch: 
Memory allocated:  292.9248046875
Memory cached:  584.0
	 epoch  20 training error:  tensor(6.1585, device='cuda:0', grad_fn=<DivBackward0>)
	 epoch  20 test error:  tensor(0.2822, device='cuda:0', grad_fn=<DivBackward0>)
Memory status after this epoch: 
Memory allocated:  293.2060546875
Memory cached:  584.0
	 epoch  30 training error:  tensor(4.7682, device='cuda:0', grad_fn=<DivBackward0>)
	 epoch  30 test error:  tensor(0.2151, device='cuda:0', grad_fn=<DivBackward0>)
Memory status after this epoch: 
Memory allocated:  292.9248046875
Memory cached:  584.0
	 epoch  40 training error:  tensor(3.6186, device='cuda:0', grad_fn=<DivBackward0>)
	 epoch  40 test error:  tensor(0.1692, device='cuda:0', grad_fn=<DivBackward0>)
Memory status after this epoch: 
Memory allocated:  293.2060546875
Memory cached:  584.0
	 epoch  50 training error:  tensor(4.0322, device='cuda:0', grad_fn=<DivBackward0>)
	 epoch  50 test error:  tensor(0.1901, device='cuda:0', grad_fn=<DivBackward0>)
Memory status after this epoch: 
Memory allocated:  292.9248046875
Memory cached:  584.0
	 epoch  60 training error:  tensor(3.8268, device='cuda:0', grad_fn=<DivBackward0>)
	 epoch  60 test error:  tensor(0.1728, device='cuda:0', grad_fn=<DivBackward0>)
Memory status after this epoch: 
Memory allocated:  293.2060546875
Memory cached:  584.0
	 epoch  70 training error:  tensor(0.9868, device='cuda:0', grad_fn=<DivBackward0>)
	 epoch  70 test error:  tensor(0.0468, device='cuda:0', grad_fn=<DivBackward0>)
Memory status after this epoch: 
Memory allocated:  292.9248046875
Memory cached:  584.0
	 epoch  80 training error:  tensor(0.2806, device='cuda:0', grad_fn=<DivBackward0>)
	 epoch  80 test error:  tensor(0.0152, device='cuda:0', grad_fn=<DivBackward0>)
Memory status after this epoch: 
Memory allocated:  293.2060546875
Memory cached:  584.0
	 epoch  90 training error:  tensor(0.2766, device='cuda:0', grad_fn=<DivBackward0>)
	 epoch  90 test error:  tensor(0.0102, device='cuda:0', grad_fn=<DivBackward0>)
Memory status after this epoch: 
Memory allocated:  292.9248046875
Memory cached:  584.0
[I 2023-11-16 13:25:18,408] Trial 23 finished with value: 0.007488719653338194 and parameters: {'W_layers': 2, 'W_layer_units_exponent_0': 5, 'W_layer_units_exponent_1': 10, 'D_layers': 7, 'D_layer_units_exponent_0': 6, 'D_layer_units_exponent_1': 9, 'D_layer_units_exponent_2': 9, 'D_layer_units_exponent_3': 9, 'D_layer_units_exponent_4': 9, 'D_layer_units_exponent_5': 9, 'D_layer_units_exponent_6': 8, 'log_learning_rate': -2.964946455654789, 'log_learning_rate_D': -4.15240457359298, 'training_batch_size': 7, 'training_p': 3}. Best is trial 10 with value: 0.007422677706927061.
Time for this trial:  157.17396235466003
Memory status after this trial: 
Memory allocated:  556.23095703125
Memory cached:  584.0
--------------------  Trial  24   --------------------
Start timing: 
Parameters: 
{'W_layers': 3, 'W_layer_units_exponent_0': 4, 'W_layer_units_exponent_1': 8, 'W_layer_units_exponent_2': 8, 'D_layers': 6, 'D_layer_units_exponent_0': 7, 'D_layer_units_exponent_1': 7, 'D_layer_units_exponent_2': 10, 'D_layer_units_exponent_3': 7, 'D_layer_units_exponent_4': 6, 'D_layer_units_exponent_5': 10, 'log_learning_rate': -2.3175902642549233, 'log_learning_rate_D': -3.6394011889784266, 'training_batch_size': 8, 'training_p': 2}
	 epoch  0 training error:  tensor(2.2159, device='cuda:0', grad_fn=<DivBackward0>)
	 epoch  0 test error:  tensor(1.0419, device='cuda:0', grad_fn=<DivBackward0>)
Memory status after this epoch: 
Memory allocated:  232.0185546875
Memory cached:  272.0
	 epoch  10 training error:  tensor(0.9994, device='cuda:0', grad_fn=<DivBackward0>)
	 epoch  10 test error:  tensor(0.0443, device='cuda:0', grad_fn=<DivBackward0>)
Memory status after this epoch: 
Memory allocated:  232.2998046875
Memory cached:  474.0
	 epoch  20 training error:  tensor(1.0000, device='cuda:0', grad_fn=<DivBackward0>)
	 epoch  20 test error:  tensor(0.0443, device='cuda:0', grad_fn=<DivBackward0>)
Memory status after this epoch: 
Memory allocated:  232.0185546875
Memory cached:  474.0
	 epoch  30 training error:  tensor(1.0000, device='cuda:0', grad_fn=<DivBackward0>)
	 epoch  30 test error:  tensor(0.0443, device='cuda:0', grad_fn=<DivBackward0>)
Memory status after this epoch: 
Memory allocated:  232.2998046875
Memory cached:  474.0
	 epoch  40 training error:  tensor(1.0000, device='cuda:0', grad_fn=<DivBackward0>)
	 epoch  40 test error:  tensor(0.0443, device='cuda:0', grad_fn=<DivBackward0>)
Memory status after this epoch: 
Memory allocated:  232.0185546875
Memory cached:  476.0
	 epoch  50 training error:  tensor(1.0000, device='cuda:0', grad_fn=<DivBackward0>)
	 epoch  50 test error:  tensor(0.0443, device='cuda:0', grad_fn=<DivBackward0>)
Memory status after this epoch: 
Memory allocated:  232.2998046875
Memory cached:  474.0
	 epoch  60 training error:  tensor(1.0000, device='cuda:0', grad_fn=<DivBackward0>)
	 epoch  60 test error:  tensor(0.0443, device='cuda:0', grad_fn=<DivBackward0>)
Memory status after this epoch: 
Memory allocated:  232.0185546875
Memory cached:  476.0
	 epoch  70 training error:  tensor(1.0000, device='cuda:0', grad_fn=<DivBackward0>)
	 epoch  70 test error:  tensor(0.0443, device='cuda:0', grad_fn=<DivBackward0>)
Memory status after this epoch: 
Memory allocated:  232.2998046875
Memory cached:  476.0
	 epoch  80 training error:  tensor(1.0000, device='cuda:0', grad_fn=<DivBackward0>)
	 epoch  80 test error:  tensor(0.0443, device='cuda:0', grad_fn=<DivBackward0>)
Memory status after this epoch: 
Memory allocated:  232.0185546875
Memory cached:  476.0
	 epoch  90 training error:  tensor(1.0000, device='cuda:0', grad_fn=<DivBackward0>)
	 epoch  90 test error:  tensor(0.0443, device='cuda:0', grad_fn=<DivBackward0>)
Memory status after this epoch: 
Memory allocated:  232.2998046875
Memory cached:  474.0
[I 2023-11-16 13:27:50,602] Trial 24 finished with value: 0.044268738478422165 and parameters: {'W_layers': 3, 'W_layer_units_exponent_0': 4, 'W_layer_units_exponent_1': 8, 'W_layer_units_exponent_2': 8, 'D_layers': 6, 'D_layer_units_exponent_0': 7, 'D_layer_units_exponent_1': 7, 'D_layer_units_exponent_2': 10, 'D_layer_units_exponent_3': 7, 'D_layer_units_exponent_4': 6, 'D_layer_units_exponent_5': 10, 'log_learning_rate': -2.3175902642549233, 'log_learning_rate_D': -3.6394011889784266, 'training_batch_size': 8, 'training_p': 2}. Best is trial 10 with value: 0.007422677706927061.
Time for this trial:  151.96394205093384
Memory status after this trial: 
Memory allocated:  453.28271484375
Memory cached:  476.0
--------------------  Trial  25   --------------------
Start timing: 
Parameters: 
{'W_layers': 2, 'W_layer_units_exponent_0': 5, 'W_layer_units_exponent_1': 9, 'D_layers': 8, 'D_layer_units_exponent_0': 9, 'D_layer_units_exponent_1': 6, 'D_layer_units_exponent_2': 9, 'D_layer_units_exponent_3': 7, 'D_layer_units_exponent_4': 7, 'D_layer_units_exponent_5': 9, 'D_layer_units_exponent_6': 9, 'D_layer_units_exponent_7': 4, 'log_learning_rate': -1.8559135424597124, 'log_learning_rate_D': -3.42372585960995, 'training_batch_size': 6, 'training_p': 4}
	 epoch  0 training error:  tensor(20.6205, device='cuda:0', grad_fn=<DivBackward0>)
	 epoch  0 test error:  tensor(0.6866, device='cuda:0', grad_fn=<DivBackward0>)
Memory status after this epoch: 
Memory allocated:  228.41552734375
Memory cached:  288.0
	 epoch  10 training error:  tensor(1., device='cuda:0', grad_fn=<DivBackward0>)
	 epoch  10 test error:  tensor(0.0443, device='cuda:0', grad_fn=<DivBackward0>)
Memory status after this epoch: 
Memory allocated:  228.13427734375
Memory cached:  464.0
	 epoch  20 training error:  tensor(1., device='cuda:0', grad_fn=<DivBackward0>)
	 epoch  20 test error:  tensor(0.0443, device='cuda:0', grad_fn=<DivBackward0>)
Memory status after this epoch: 
Memory allocated:  228.41552734375
Memory cached:  464.0
	 epoch  30 training error:  tensor(1., device='cuda:0', grad_fn=<DivBackward0>)
	 epoch  30 test error:  tensor(0.0443, device='cuda:0', grad_fn=<DivBackward0>)
Memory status after this epoch: 
Memory allocated:  228.13427734375
Memory cached:  464.0
	 epoch  40 training error:  tensor(1., device='cuda:0', grad_fn=<DivBackward0>)
	 epoch  40 test error:  tensor(0.0443, device='cuda:0', grad_fn=<DivBackward0>)
Memory status after this epoch: 
Memory allocated:  228.41552734375
Memory cached:  464.0
	 epoch  50 training error:  tensor(1., device='cuda:0', grad_fn=<DivBackward0>)
	 epoch  50 test error:  tensor(0.0443, device='cuda:0', grad_fn=<DivBackward0>)
Memory status after this epoch: 
Memory allocated:  228.13427734375
Memory cached:  464.0
	 epoch  60 training error:  tensor(1., device='cuda:0', grad_fn=<DivBackward0>)
	 epoch  60 test error:  tensor(0.0443, device='cuda:0', grad_fn=<DivBackward0>)
Memory status after this epoch: 
Memory allocated:  228.41552734375
Memory cached:  464.0
	 epoch  70 training error:  tensor(1., device='cuda:0', grad_fn=<DivBackward0>)
	 epoch  70 test error:  tensor(0.0443, device='cuda:0', grad_fn=<DivBackward0>)
Memory status after this epoch: 
Memory allocated:  228.13427734375
Memory cached:  464.0
	 epoch  80 training error:  tensor(1., device='cuda:0', grad_fn=<DivBackward0>)
	 epoch  80 test error:  tensor(0.0443, device='cuda:0', grad_fn=<DivBackward0>)
Memory status after this epoch: 
Memory allocated:  228.41552734375
Memory cached:  464.0
	 epoch  90 training error:  tensor(1., device='cuda:0', grad_fn=<DivBackward0>)
	 epoch  90 test error:  tensor(0.0443, device='cuda:0', grad_fn=<DivBackward0>)
Memory status after this epoch: 
Memory allocated:  228.13427734375
Memory cached:  464.0
[I 2023-11-16 13:32:16,765] Trial 25 finished with value: 0.04426875337958336 and parameters: {'W_layers': 2, 'W_layer_units_exponent_0': 5, 'W_layer_units_exponent_1': 9, 'D_layers': 8, 'D_layer_units_exponent_0': 9, 'D_layer_units_exponent_1': 6, 'D_layer_units_exponent_2': 9, 'D_layer_units_exponent_3': 7, 'D_layer_units_exponent_4': 7, 'D_layer_units_exponent_5': 9, 'D_layer_units_exponent_6': 9, 'D_layer_units_exponent_7': 4, 'log_learning_rate': -1.8559135424597124, 'log_learning_rate_D': -3.42372585960995, 'training_batch_size': 6, 'training_p': 4}. Best is trial 10 with value: 0.007422677706927061.
Time for this trial:  265.90975761413574
Memory status after this trial: 
Memory allocated:  443.73779296875
Memory cached:  464.0
--------------------  Trial  26   --------------------
Start timing: 
Parameters: 
{'W_layers': 3, 'W_layer_units_exponent_0': 4, 'W_layer_units_exponent_1': 7, 'W_layer_units_exponent_2': 9, 'D_layers': 7, 'D_layer_units_exponent_0': 5, 'D_layer_units_exponent_1': 8, 'D_layer_units_exponent_2': 8, 'D_layer_units_exponent_3': 9, 'D_layer_units_exponent_4': 9, 'D_layer_units_exponent_5': 10, 'D_layer_units_exponent_6': 4, 'log_learning_rate': -2.6693024082724435, 'log_learning_rate_D': -4.101682353819847, 'training_batch_size': 7, 'training_p': 3}
	 epoch  0 training error:  tensor(1.0692, device='cuda:0', grad_fn=<DivBackward0>)
	 epoch  0 test error:  tensor(0.5552, device='cuda:0', grad_fn=<DivBackward0>)
Memory status after this epoch: 
Memory allocated:  254.81640625
Memory cached:  306.0
	 epoch  10 training error:  tensor(0.8941, device='cuda:0', grad_fn=<DivBackward0>)
	 epoch  10 test error:  tensor(0.0412, device='cuda:0', grad_fn=<DivBackward0>)
Memory status after this epoch: 
Memory allocated:  255.89453125
Memory cached:  502.0
	 epoch  20 training error:  tensor(0.9824, device='cuda:0', grad_fn=<DivBackward0>)
	 epoch  20 test error:  tensor(0.0435, device='cuda:0', grad_fn=<DivBackward0>)
Memory status after this epoch: 
Memory allocated:  254.76953125
Memory cached:  502.0
	 epoch  30 training error:  tensor(0.9794, device='cuda:0', grad_fn=<DivBackward0>)
	 epoch  30 test error:  tensor(0.0433, device='cuda:0', grad_fn=<DivBackward0>)
Memory status after this epoch: 
Memory allocated:  255.42578125
Memory cached:  502.0
	 epoch  40 training error:  tensor(0.9720, device='cuda:0', grad_fn=<DivBackward0>)
	 epoch  40 test error:  tensor(0.0430, device='cuda:0', grad_fn=<DivBackward0>)
Memory status after this epoch: 
Memory allocated:  254.76953125
Memory cached:  502.0
	 epoch  50 training error:  tensor(0.9560, device='cuda:0', grad_fn=<DivBackward0>)
	 epoch  50 test error:  tensor(0.0422, device='cuda:0', grad_fn=<DivBackward0>)
Memory status after this epoch: 
Memory allocated:  255.42578125
Memory cached:  502.0
	 epoch  60 training error:  tensor(0.9160, device='cuda:0', grad_fn=<DivBackward0>)
	 epoch  60 test error:  tensor(0.0402, device='cuda:0', grad_fn=<DivBackward0>)
Memory status after this epoch: 
Memory allocated:  254.76953125
Memory cached:  504.0
	 epoch  70 training error:  tensor(0.7646, device='cuda:0', grad_fn=<DivBackward0>)
	 epoch  70 test error:  tensor(0.0320, device='cuda:0', grad_fn=<DivBackward0>)
Memory status after this epoch: 
Memory allocated:  255.42578125
Memory cached:  506.0
	 epoch  80 training error:  tensor(0.4612, device='cuda:0', grad_fn=<DivBackward0>)
	 epoch  80 test error:  tensor(0.0133, device='cuda:0', grad_fn=<DivBackward0>)
Memory status after this epoch: 
Memory allocated:  254.76953125
Memory cached:  506.0
	 epoch  90 training error:  tensor(0.2666, device='cuda:0', grad_fn=<DivBackward0>)
	 epoch  90 test error:  tensor(0.0074, device='cuda:0', grad_fn=<DivBackward0>)
Memory status after this epoch: 
Memory allocated:  255.42578125
Memory cached:  502.0
