[I 2023-11-17 11:12:38,120] Trial 13 finished with value: 0.19145464897155762 and parameters: {'W_layers': 8, 'W_layer_units_exponent_0': 7, 'W_layer_units_exponent_1': 10, 'W_layer_units_exponent_2': 9, 'W_layer_units_exponent_3': 8, 'W_layer_units_exponent_4': 4, 'W_layer_units_exponent_5': 10, 'W_layer_units_exponent_6': 5, 'W_layer_units_exponent_7': 10, 'D_layers': 2, 'D_layer_units_exponent_0': 5, 'D_layer_units_exponent_1': 10, 'log_learning_rate': -4.980614562719611, 'log_learning_rate_D': -4.955272314054663, 'training_batch_size': 11, 'training_p': 2}. Best is trial 12 with value: 0.19056355953216553.
Time for this trial:  166.181786775589
Memory status after this trial: 
Memory allocated:  826.7470703125
Memory cached:  836.0
--------------------  Trial  14   --------------------
Start timing: 
Parameters: 
{'W_layers': 8, 'W_layer_units_exponent_0': 7, 'W_layer_units_exponent_1': 9, 'W_layer_units_exponent_2': 8, 'W_layer_units_exponent_3': 8, 'W_layer_units_exponent_4': 9, 'W_layer_units_exponent_5': 9, 'W_layer_units_exponent_6': 9, 'W_layer_units_exponent_7': 4, 'D_layers': 3, 'D_layer_units_exponent_0': 4, 'D_layer_units_exponent_1': 9, 'D_layer_units_exponent_2': 4, 'log_learning_rate': -2.6184055892173093, 'log_learning_rate_D': -4.39269208985511, 'training_batch_size': 12, 'training_p': 3}
	 epoch  0 training error:  tensor(1.0015, device='cuda:0', grad_fn=<DivBackward0>)
	 epoch  0 test error:  tensor(0.2036, device='cuda:0', grad_fn=<DivBackward0>)
Memory status after this epoch: 
Memory allocated:  329.43310546875
Memory cached:  464.0
	 epoch  10 training error:  tensor(1.0128, device='cuda:0', grad_fn=<DivBackward0>)
	 epoch  10 test error:  tensor(0.1926, device='cuda:0', grad_fn=<DivBackward0>)
Memory status after this epoch: 
Memory allocated:  329.24560546875
Memory cached:  650.0
	 epoch  20 training error:  tensor(0.9930, device='cuda:0', grad_fn=<DivBackward0>)
	 epoch  20 test error:  tensor(0.1915, device='cuda:0', grad_fn=<DivBackward0>)
Memory status after this epoch: 
Memory allocated:  329.43310546875
Memory cached:  646.0
	 epoch  30 training error:  tensor(0.9931, device='cuda:0', grad_fn=<DivBackward0>)
	 epoch  30 test error:  tensor(0.1914, device='cuda:0', grad_fn=<DivBackward0>)
Memory status after this epoch: 
Memory allocated:  329.24560546875
Memory cached:  646.0
	 epoch  40 training error:  tensor(0.9931, device='cuda:0', grad_fn=<DivBackward0>)
	 epoch  40 test error:  tensor(0.1914, device='cuda:0', grad_fn=<DivBackward0>)
Memory status after this epoch: 
Memory allocated:  329.71435546875
Memory cached:  642.0
	 epoch  50 training error:  tensor(0.9931, device='cuda:0', grad_fn=<DivBackward0>)
	 epoch  50 test error:  tensor(0.1915, device='cuda:0', grad_fn=<DivBackward0>)
Memory status after this epoch: 
Memory allocated:  329.24560546875
Memory cached:  642.0
	 epoch  60 training error:  tensor(0.9930, device='cuda:0', grad_fn=<DivBackward0>)
	 epoch  60 test error:  tensor(0.1915, device='cuda:0', grad_fn=<DivBackward0>)
Memory status after this epoch: 
Memory allocated:  329.71435546875
Memory cached:  642.0
	 epoch  70 training error:  tensor(0.9930, device='cuda:0', grad_fn=<DivBackward0>)
	 epoch  70 test error:  tensor(0.1915, device='cuda:0', grad_fn=<DivBackward0>)
Memory status after this epoch: 
Memory allocated:  329.24560546875
Memory cached:  642.0
	 epoch  80 training error:  tensor(0.9930, device='cuda:0', grad_fn=<DivBackward0>)
	 epoch  80 test error:  tensor(0.1915, device='cuda:0', grad_fn=<DivBackward0>)
Memory status after this epoch: 
Memory allocated:  329.71435546875
Memory cached:  642.0
	 epoch  90 training error:  tensor(0.9930, device='cuda:0', grad_fn=<DivBackward0>)
	 epoch  90 test error:  tensor(0.1915, device='cuda:0', grad_fn=<DivBackward0>)
Memory status after this epoch: 
Memory allocated:  329.24560546875
Memory cached:  642.0
[I 2023-11-17 11:15:26,422] Trial 14 finished with value: 0.19147217273712158 and parameters: {'W_layers': 8, 'W_layer_units_exponent_0': 7, 'W_layer_units_exponent_1': 9, 'W_layer_units_exponent_2': 8, 'W_layer_units_exponent_3': 8, 'W_layer_units_exponent_4': 9, 'W_layer_units_exponent_5': 9, 'W_layer_units_exponent_6': 9, 'W_layer_units_exponent_7': 4, 'D_layers': 3, 'D_layer_units_exponent_0': 4, 'D_layer_units_exponent_1': 9, 'D_layer_units_exponent_2': 4, 'log_learning_rate': -2.6184055892173093, 'log_learning_rate_D': -4.39269208985511, 'training_batch_size': 12, 'training_p': 3}. Best is trial 12 with value: 0.19056355953216553.
Time for this trial:  168.0687222480774
Memory status after this trial: 
Memory allocated:  633.775390625
Memory cached:  642.0
--------------------  Trial  15   --------------------
Start timing: 
Parameters: 
{'W_layers': 7, 'W_layer_units_exponent_0': 10, 'W_layer_units_exponent_1': 9, 'W_layer_units_exponent_2': 9, 'W_layer_units_exponent_3': 8, 'W_layer_units_exponent_4': 4, 'W_layer_units_exponent_5': 4, 'W_layer_units_exponent_6': 7, 'D_layers': 8, 'D_layer_units_exponent_0': 6, 'D_layer_units_exponent_1': 9, 'D_layer_units_exponent_2': 4, 'D_layer_units_exponent_3': 4, 'D_layer_units_exponent_4': 10, 'D_layer_units_exponent_5': 10, 'D_layer_units_exponent_6': 4, 'D_layer_units_exponent_7': 7, 'log_learning_rate': -4.122277446695234, 'log_learning_rate_D': -4.344509116782044, 'training_batch_size': 11, 'training_p': 4}
	 epoch  0 training error:  tensor(0.9992, device='cuda:0', grad_fn=<DivBackward0>)
	 epoch  0 test error:  tensor(0.1915, device='cuda:0', grad_fn=<DivBackward0>)
Memory status after this epoch: 
Memory allocated:  453.0859375
Memory cached:  556.0
	 epoch  10 training error:  tensor(0.9924, device='cuda:0', grad_fn=<DivBackward0>)
	 epoch  10 test error:  tensor(0.1914, device='cuda:0', grad_fn=<DivBackward0>)
Memory status after this epoch: 
Memory allocated:  453.8359375
Memory cached:  884.0
	 epoch  20 training error:  tensor(0.9920, device='cuda:0', grad_fn=<DivBackward0>)
	 epoch  20 test error:  tensor(0.1916, device='cuda:0', grad_fn=<DivBackward0>)
Memory status after this epoch: 
Memory allocated:  453.0859375
Memory cached:  884.0
	 epoch  30 training error:  tensor(0.9918, device='cuda:0', grad_fn=<DivBackward0>)
	 epoch  30 test error:  tensor(0.1915, device='cuda:0', grad_fn=<DivBackward0>)
Memory status after this epoch: 
Memory allocated:  453.7421875
Memory cached:  880.0
	 epoch  40 training error:  tensor(0.9917, device='cuda:0', grad_fn=<DivBackward0>)
	 epoch  40 test error:  tensor(0.1915, device='cuda:0', grad_fn=<DivBackward0>)
Memory status after this epoch: 
Memory allocated:  453.4609375
Memory cached:  880.0
	 epoch  50 training error:  tensor(0.9917, device='cuda:0', grad_fn=<DivBackward0>)
	 epoch  50 test error:  tensor(0.1915, device='cuda:0', grad_fn=<DivBackward0>)
Memory status after this epoch: 
Memory allocated:  453.2734375
Memory cached:  880.0
	 epoch  60 training error:  tensor(0.9913, device='cuda:0', grad_fn=<DivBackward0>)
	 epoch  60 test error:  tensor(0.1919, device='cuda:0', grad_fn=<DivBackward0>)
Memory status after this epoch: 
Memory allocated:  453.5546875
Memory cached:  882.0
	 epoch  70 training error:  tensor(0.9910, device='cuda:0', grad_fn=<DivBackward0>)
	 epoch  70 test error:  tensor(0.1928, device='cuda:0', grad_fn=<DivBackward0>)
Memory status after this epoch: 
Memory allocated:  453.2734375
Memory cached:  880.0
	 epoch  80 training error:  tensor(0.9909, device='cuda:0', grad_fn=<DivBackward0>)
	 epoch  80 test error:  tensor(0.1927, device='cuda:0', grad_fn=<DivBackward0>)
Memory status after this epoch: 
Memory allocated:  453.9296875
Memory cached:  880.0
	 epoch  90 training error:  tensor(0.9908, device='cuda:0', grad_fn=<DivBackward0>)
	 epoch  90 test error:  tensor(0.1928, device='cuda:0', grad_fn=<DivBackward0>)
Memory status after this epoch: 
Memory allocated:  452.8046875
Memory cached:  880.0
[I 2023-11-17 11:18:58,797] Trial 15 finished with value: 0.1928328275680542 and parameters: {'W_layers': 7, 'W_layer_units_exponent_0': 10, 'W_layer_units_exponent_1': 9, 'W_layer_units_exponent_2': 9, 'W_layer_units_exponent_3': 8, 'W_layer_units_exponent_4': 4, 'W_layer_units_exponent_5': 4, 'W_layer_units_exponent_6': 7, 'D_layers': 8, 'D_layer_units_exponent_0': 6, 'D_layer_units_exponent_1': 9, 'D_layer_units_exponent_2': 4, 'D_layer_units_exponent_3': 4, 'D_layer_units_exponent_4': 10, 'D_layer_units_exponent_5': 10, 'D_layer_units_exponent_6': 4, 'D_layer_units_exponent_7': 7, 'log_learning_rate': -4.122277446695234, 'log_learning_rate_D': -4.344509116782044, 'training_batch_size': 11, 'training_p': 4}. Best is trial 12 with value: 0.19056355953216553.
Time for this trial:  212.09515523910522
Memory status after this trial: 
Memory allocated:  855.7568359375
Memory cached:  884.0
--------------------  Trial  16   --------------------
Start timing: 
Parameters: 
{'W_layers': 7, 'W_layer_units_exponent_0': 8, 'W_layer_units_exponent_1': 9, 'W_layer_units_exponent_2': 10, 'W_layer_units_exponent_3': 9, 'W_layer_units_exponent_4': 6, 'W_layer_units_exponent_5': 10, 'W_layer_units_exponent_6': 8, 'D_layers': 3, 'D_layer_units_exponent_0': 5, 'D_layer_units_exponent_1': 10, 'D_layer_units_exponent_2': 6, 'log_learning_rate': -4.6774756418322765, 'log_learning_rate_D': -2.7804207060585115, 'training_batch_size': 10, 'training_p': 5}
	 epoch  0 training error:  tensor(1.0000, device='cuda:0', grad_fn=<DivBackward0>)
	 epoch  0 test error:  tensor(0.1918, device='cuda:0', grad_fn=<DivBackward0>)
Memory status after this epoch: 
Memory allocated:  420.2109375
Memory cached:  568.0
	 epoch  10 training error:  tensor(0.9902, device='cuda:0', grad_fn=<DivBackward0>)
	 epoch  10 test error:  tensor(0.1933, device='cuda:0', grad_fn=<DivBackward0>)
Memory status after this epoch: 
Memory allocated:  420.2109375
Memory cached:  834.0
	 epoch  20 training error:  tensor(0.9899, device='cuda:0', grad_fn=<DivBackward0>)
	 epoch  20 test error:  tensor(0.1932, device='cuda:0', grad_fn=<DivBackward0>)
Memory status after this epoch: 
Memory allocated:  420.3984375
Memory cached:  834.0
	 epoch  30 training error:  tensor(0.9897, device='cuda:0', grad_fn=<DivBackward0>)
	 epoch  30 test error:  tensor(0.1926, device='cuda:0', grad_fn=<DivBackward0>)
Memory status after this epoch: 
Memory allocated:  420.2578125
Memory cached:  834.0
	 epoch  40 training error:  tensor(0.9894, device='cuda:0', grad_fn=<DivBackward0>)
	 epoch  40 test error:  tensor(0.1933, device='cuda:0', grad_fn=<DivBackward0>)
Memory status after this epoch: 
Memory allocated:  420.3515625
Memory cached:  834.0
	 epoch  50 training error:  tensor(0.9891, device='cuda:0', grad_fn=<DivBackward0>)
	 epoch  50 test error:  tensor(0.1932, device='cuda:0', grad_fn=<DivBackward0>)
Memory status after this epoch: 
Memory allocated:  420.2578125
Memory cached:  834.0
	 epoch  60 training error:  tensor(0.9888, device='cuda:0', grad_fn=<DivBackward0>)
	 epoch  60 test error:  tensor(0.1935, device='cuda:0', grad_fn=<DivBackward0>)
Memory status after this epoch: 
Memory allocated:  420.3515625
Memory cached:  834.0
	 epoch  70 training error:  tensor(0.9885, device='cuda:0', grad_fn=<DivBackward0>)
	 epoch  70 test error:  tensor(0.1934, device='cuda:0', grad_fn=<DivBackward0>)
Memory status after this epoch: 
Memory allocated:  420.2578125
Memory cached:  834.0
	 epoch  80 training error:  tensor(0.9881, device='cuda:0', grad_fn=<DivBackward0>)
	 epoch  80 test error:  tensor(0.1937, device='cuda:0', grad_fn=<DivBackward0>)
Memory status after this epoch: 
Memory allocated:  420.3515625
Memory cached:  834.0
	 epoch  90 training error:  tensor(0.9877, device='cuda:0', grad_fn=<DivBackward0>)
	 epoch  90 test error:  tensor(0.1939, device='cuda:0', grad_fn=<DivBackward0>)
Memory status after this epoch: 
Memory allocated:  420.2578125
Memory cached:  834.0
[I 2023-11-17 11:21:48,973] Trial 16 finished with value: 0.19410260021686554 and parameters: {'W_layers': 7, 'W_layer_units_exponent_0': 8, 'W_layer_units_exponent_1': 9, 'W_layer_units_exponent_2': 10, 'W_layer_units_exponent_3': 9, 'W_layer_units_exponent_4': 6, 'W_layer_units_exponent_5': 10, 'W_layer_units_exponent_6': 8, 'D_layers': 3, 'D_layer_units_exponent_0': 5, 'D_layer_units_exponent_1': 10, 'D_layer_units_exponent_2': 6, 'log_learning_rate': -4.6774756418322765, 'log_learning_rate_D': -2.7804207060585115, 'training_batch_size': 10, 'training_p': 5}. Best is trial 12 with value: 0.19056355953216553.
Time for this trial:  169.92436265945435
Memory status after this trial: 
Memory allocated:  799.4462890625
Memory cached:  834.0
--------------------  Trial  17   --------------------
Start timing: 
Parameters: 
{'W_layers': 5, 'W_layer_units_exponent_0': 10, 'W_layer_units_exponent_1': 7, 'W_layer_units_exponent_2': 8, 'W_layer_units_exponent_3': 7, 'W_layer_units_exponent_4': 5, 'D_layers': 2, 'D_layer_units_exponent_0': 6, 'D_layer_units_exponent_1': 8, 'log_learning_rate': -3.9381713299711327, 'log_learning_rate_D': -4.468358741853971, 'training_batch_size': 12, 'training_p': 2}
	 epoch  0 training error:  tensor(1.0015, device='cuda:0', grad_fn=<DivBackward0>)
	 epoch  0 test error:  tensor(0.1914, device='cuda:0', grad_fn=<DivBackward0>)
Memory status after this epoch: 
Memory allocated:  245.49560546875
Memory cached:  356.0
	 epoch  10 training error:  tensor(0.9944, device='cuda:0', grad_fn=<DivBackward0>)
	 epoch  10 test error:  tensor(0.1914, device='cuda:0', grad_fn=<DivBackward0>)
Memory status after this epoch: 
Memory allocated:  245.30810546875
Memory cached:  486.0
	 epoch  20 training error:  tensor(0.9947, device='cuda:0', grad_fn=<DivBackward0>)
	 epoch  20 test error:  tensor(0.1915, device='cuda:0', grad_fn=<DivBackward0>)
Memory status after this epoch: 
Memory allocated:  245.49560546875
Memory cached:  486.0
	 epoch  30 training error:  tensor(0.9944, device='cuda:0', grad_fn=<DivBackward0>)
	 epoch  30 test error:  tensor(0.1914, device='cuda:0', grad_fn=<DivBackward0>)
Memory status after this epoch: 
Memory allocated:  245.30810546875
Memory cached:  486.0
	 epoch  40 training error:  tensor(0.9943, device='cuda:0', grad_fn=<DivBackward0>)
	 epoch  40 test error:  tensor(0.1914, device='cuda:0', grad_fn=<DivBackward0>)
Memory status after this epoch: 
Memory allocated:  245.49560546875
Memory cached:  486.0
	 epoch  50 training error:  tensor(0.9942, device='cuda:0', grad_fn=<DivBackward0>)
	 epoch  50 test error:  tensor(0.1913, device='cuda:0', grad_fn=<DivBackward0>)
Memory status after this epoch: 
Memory allocated:  245.30810546875
Memory cached:  486.0
	 epoch  60 training error:  tensor(0.9941, device='cuda:0', grad_fn=<DivBackward0>)
	 epoch  60 test error:  tensor(0.1911, device='cuda:0', grad_fn=<DivBackward0>)
Memory status after this epoch: 
Memory allocated:  245.49560546875
Memory cached:  486.0
	 epoch  70 training error:  tensor(0.9939, device='cuda:0', grad_fn=<DivBackward0>)
	 epoch  70 test error:  tensor(0.1909, device='cuda:0', grad_fn=<DivBackward0>)
Memory status after this epoch: 
Memory allocated:  245.30810546875
Memory cached:  486.0
	 epoch  80 training error:  tensor(0.9938, device='cuda:0', grad_fn=<DivBackward0>)
	 epoch  80 test error:  tensor(0.1906, device='cuda:0', grad_fn=<DivBackward0>)
Memory status after this epoch: 
Memory allocated:  245.49560546875
Memory cached:  486.0
	 epoch  90 training error:  tensor(0.9938, device='cuda:0', grad_fn=<DivBackward0>)
	 epoch  90 test error:  tensor(0.1905, device='cuda:0', grad_fn=<DivBackward0>)
Memory status after this epoch: 
Memory allocated:  245.30810546875
Memory cached:  486.0
[I 2023-11-17 11:23:55,419] Trial 17 finished with value: 0.19058793783187866 and parameters: {'W_layers': 5, 'W_layer_units_exponent_0': 10, 'W_layer_units_exponent_1': 7, 'W_layer_units_exponent_2': 8, 'W_layer_units_exponent_3': 7, 'W_layer_units_exponent_4': 5, 'D_layers': 2, 'D_layer_units_exponent_0': 6, 'D_layer_units_exponent_1': 8, 'log_learning_rate': -3.9381713299711327, 'log_learning_rate_D': -4.468358741853971, 'training_batch_size': 12, 'training_p': 2}. Best is trial 12 with value: 0.19056355953216553.
Time for this trial:  126.25517868995667
Memory status after this trial: 
Memory allocated:  482.2041015625
Memory cached:  486.0
--------------------  Trial  18   --------------------
Start timing: 
Parameters: 
{'W_layers': 8, 'W_layer_units_exponent_0': 9, 'W_layer_units_exponent_1': 10, 'W_layer_units_exponent_2': 8, 'W_layer_units_exponent_3': 9, 'W_layer_units_exponent_4': 8, 'W_layer_units_exponent_5': 9, 'W_layer_units_exponent_6': 7, 'W_layer_units_exponent_7': 8, 'D_layers': 3, 'D_layer_units_exponent_0': 5, 'D_layer_units_exponent_1': 8, 'D_layer_units_exponent_2': 5, 'log_learning_rate': -4.485407052870471, 'log_learning_rate_D': -3.9352534038346105, 'training_batch_size': 10, 'training_p': 3}
	 epoch  0 training error:  tensor(0.9994, device='cuda:0', grad_fn=<DivBackward0>)
	 epoch  0 test error:  tensor(0.1919, device='cuda:0', grad_fn=<DivBackward0>)
Memory status after this epoch: 
Memory allocated:  362.54248046875
Memory cached:  502.0
	 epoch  10 training error:  tensor(0.9938, device='cuda:0', grad_fn=<DivBackward0>)
	 epoch  10 test error:  tensor(0.1915, device='cuda:0', grad_fn=<DivBackward0>)
Memory status after this epoch: 
Memory allocated:  362.91748046875
Memory cached:  716.0
	 epoch  20 training error:  tensor(0.9933, device='cuda:0', grad_fn=<DivBackward0>)
	 epoch  20 test error:  tensor(0.1915, device='cuda:0', grad_fn=<DivBackward0>)
Memory status after this epoch: 
Memory allocated:  362.07373046875
Memory cached:  712.0
	 epoch  30 training error:  tensor(0.9931, device='cuda:0', grad_fn=<DivBackward0>)
	 epoch  30 test error:  tensor(0.1915, device='cuda:0', grad_fn=<DivBackward0>)
Memory status after this epoch: 
Memory allocated:  363.33935546875
Memory cached:  712.0
	 epoch  40 training error:  tensor(0.9930, device='cuda:0', grad_fn=<DivBackward0>)
	 epoch  40 test error:  tensor(0.1915, device='cuda:0', grad_fn=<DivBackward0>)
Memory status after this epoch: 
Memory allocated:  361.65185546875
Memory cached:  714.0
	 epoch  50 training error:  tensor(0.9930, device='cuda:0', grad_fn=<DivBackward0>)
	 epoch  50 test error:  tensor(0.1915, device='cuda:0', grad_fn=<DivBackward0>)
Memory status after this epoch: 
Memory allocated:  363.85498046875
Memory cached:  712.0
	 epoch  60 training error:  tensor(0.9930, device='cuda:0', grad_fn=<DivBackward0>)
	 epoch  60 test error:  tensor(0.1916, device='cuda:0', grad_fn=<DivBackward0>)
Memory status after this epoch: 
Memory allocated:  361.55810546875
Memory cached:  712.0
	 epoch  70 training error:  tensor(0.9930, device='cuda:0', grad_fn=<DivBackward0>)
	 epoch  70 test error:  tensor(0.1916, device='cuda:0', grad_fn=<DivBackward0>)
Memory status after this epoch: 
Memory allocated:  364.18310546875
Memory cached:  712.0
	 epoch  80 training error:  tensor(0.9930, device='cuda:0', grad_fn=<DivBackward0>)
	 epoch  80 test error:  tensor(0.1917, device='cuda:0', grad_fn=<DivBackward0>)
Memory status after this epoch: 
Memory allocated:  361.55810546875
Memory cached:  712.0
	 epoch  90 training error:  tensor(0.9930, device='cuda:0', grad_fn=<DivBackward0>)
	 epoch  90 test error:  tensor(0.1917, device='cuda:0', grad_fn=<DivBackward0>)
Memory status after this epoch: 
Memory allocated:  364.18310546875
Memory cached:  712.0
