[I 2023-11-16 12:12:02,125] Trial 45 finished with value: 0.007425159215927124 and parameters: {'W_layers': 7, 'W_layer_units_exponent_0': 9, 'W_layer_units_exponent_1': 5, 'W_layer_units_exponent_2': 5, 'W_layer_units_exponent_3': 6, 'W_layer_units_exponent_4': 6, 'W_layer_units_exponent_5': 7, 'W_layer_units_exponent_6': 4, 'D_layers': 4, 'D_layer_units_exponent_0': 5, 'D_layer_units_exponent_1': 6, 'D_layer_units_exponent_2': 9, 'D_layer_units_exponent_3': 4, 'D_dagger_layers': 2, 'D_dagger_layer_units_exponent_0': 5, 'D_dagger_layer_units_exponent_1': 9, 'log_learning_rate': -4.057125591975241, 'log_learning_rate_D': -4.0336182020215245, 'log_learning_rate_D_dagger': -1.5990442909383107, 'training_batch_size': 7, 'training_p': 7}. Best is trial 23 with value: 0.007120855152606964.
Time for this trial:  17.73198127746582
Memory status after this trial: 
Memory allocated:  75.9150390625
Memory cached:  82.0
--------------------  Trial  46   --------------------
Start timing: 
Parameters: 
{'W_layers': 5, 'W_layer_units_exponent_0': 8, 'W_layer_units_exponent_1': 4, 'W_layer_units_exponent_2': 7, 'W_layer_units_exponent_3': 6, 'W_layer_units_exponent_4': 5, 'D_layers': 5, 'D_layer_units_exponent_0': 6, 'D_layer_units_exponent_1': 6, 'D_layer_units_exponent_2': 10, 'D_layer_units_exponent_3': 4, 'D_layer_units_exponent_4': 5, 'D_dagger_layers': 2, 'D_dagger_layer_units_exponent_0': 5, 'D_dagger_layer_units_exponent_1': 7, 'log_learning_rate': -3.7764443689699645, 'log_learning_rate_D': -3.5143898328586305, 'log_learning_rate_D_dagger': -1.233769613709745, 'training_batch_size': 8, 'training_p': 7}
	 epoch  0 training error:  tensor(1.0787, device='cuda:0', grad_fn=<DivBackward0>)
Memory status after this epoch: 
Memory allocated:  0.8330078125
Memory cached:  12.0
	 epoch  10 training error:  tensor(0.8746, device='cuda:0', grad_fn=<DivBackward0>)
Memory status after this epoch: 
Memory allocated:  0.8330078125
Memory cached:  14.0
	 epoch  20 training error:  tensor(0.5213, device='cuda:0', grad_fn=<DivBackward0>)
Memory status after this epoch: 
Memory allocated:  0.8330078125
Memory cached:  14.0
	 epoch  30 training error:  tensor(0.1671, device='cuda:0', grad_fn=<DivBackward0>)
Memory status after this epoch: 
Memory allocated:  0.8330078125
Memory cached:  14.0
	 epoch  40 training error:  tensor(0.0957, device='cuda:0', grad_fn=<DivBackward0>)
Memory status after this epoch: 
Memory allocated:  0.8330078125
Memory cached:  14.0
	 epoch  50 training error:  tensor(0.0599, device='cuda:0', grad_fn=<DivBackward0>)
Memory status after this epoch: 
Memory allocated:  0.8330078125
Memory cached:  14.0
	 epoch  60 training error:  tensor(0.0216, device='cuda:0', grad_fn=<DivBackward0>)
Memory status after this epoch: 
Memory allocated:  0.8330078125
Memory cached:  14.0
	 epoch  70 training error:  tensor(0.0215, device='cuda:0', grad_fn=<DivBackward0>)
Memory status after this epoch: 
Memory allocated:  0.8330078125
Memory cached:  14.0
	 epoch  80 training error:  tensor(0.0167, device='cuda:0', grad_fn=<DivBackward0>)
Memory status after this epoch: 
Memory allocated:  0.8330078125
Memory cached:  14.0
	 epoch  90 training error:  tensor(0.0178, device='cuda:0', grad_fn=<DivBackward0>)
Memory status after this epoch: 
Memory allocated:  0.8330078125
Memory cached:  14.0
[I 2023-11-16 12:12:18,887] Trial 46 finished with value: 0.008013458922505379 and parameters: {'W_layers': 5, 'W_layer_units_exponent_0': 8, 'W_layer_units_exponent_1': 4, 'W_layer_units_exponent_2': 7, 'W_layer_units_exponent_3': 6, 'W_layer_units_exponent_4': 5, 'D_layers': 5, 'D_layer_units_exponent_0': 6, 'D_layer_units_exponent_1': 6, 'D_layer_units_exponent_2': 10, 'D_layer_units_exponent_3': 4, 'D_layer_units_exponent_4': 5, 'D_dagger_layers': 2, 'D_dagger_layer_units_exponent_0': 5, 'D_dagger_layer_units_exponent_1': 7, 'log_learning_rate': -3.7764443689699645, 'log_learning_rate_D': -3.5143898328586305, 'log_learning_rate_D_dagger': -1.233769613709745, 'training_batch_size': 8, 'training_p': 7}. Best is trial 23 with value: 0.007120855152606964.
Time for this trial:  16.539010047912598
Memory status after this trial: 
Memory allocated:  35.4326171875
Memory cached:  44.0
--------------------  Trial  47   --------------------
Start timing: 
Parameters: 
{'W_layers': 7, 'W_layer_units_exponent_0': 10, 'W_layer_units_exponent_1': 6, 'W_layer_units_exponent_2': 4, 'W_layer_units_exponent_3': 7, 'W_layer_units_exponent_4': 6, 'W_layer_units_exponent_5': 7, 'W_layer_units_exponent_6': 4, 'D_layers': 4, 'D_layer_units_exponent_0': 5, 'D_layer_units_exponent_1': 6, 'D_layer_units_exponent_2': 9, 'D_layer_units_exponent_3': 4, 'D_dagger_layers': 2, 'D_dagger_layer_units_exponent_0': 4, 'D_dagger_layer_units_exponent_1': 10, 'log_learning_rate': -4.031247089551692, 'log_learning_rate_D': -4.775117555510213, 'log_learning_rate_D_dagger': -2.1116710567099535, 'training_batch_size': 9, 'training_p': 5}
	 epoch  0 training error:  tensor(0.6985, device='cuda:0', grad_fn=<DivBackward0>)
Memory status after this epoch: 
Memory allocated:  1.98486328125
Memory cached:  12.0
	 epoch  10 training error:  tensor(0.7691, device='cuda:0', grad_fn=<DivBackward0>)
Memory status after this epoch: 
Memory allocated:  1.98486328125
Memory cached:  12.0
	 epoch  20 training error:  tensor(0.3689, device='cuda:0', grad_fn=<DivBackward0>)
Memory status after this epoch: 
Memory allocated:  1.98486328125
Memory cached:  12.0
	 epoch  30 training error:  tensor(0.4395, device='cuda:0', grad_fn=<DivBackward0>)
Memory status after this epoch: 
Memory allocated:  1.98486328125
Memory cached:  12.0
	 epoch  40 training error:  tensor(0.2082, device='cuda:0', grad_fn=<DivBackward0>)
Memory status after this epoch: 
Memory allocated:  1.98486328125
Memory cached:  12.0
	 epoch  50 training error:  tensor(0.0777, device='cuda:0', grad_fn=<DivBackward0>)
Memory status after this epoch: 
Memory allocated:  1.98486328125
Memory cached:  12.0
	 epoch  60 training error:  tensor(0.1398, device='cuda:0', grad_fn=<DivBackward0>)
Memory status after this epoch: 
Memory allocated:  1.98486328125
Memory cached:  12.0
	 epoch  70 training error:  tensor(0.0629, device='cuda:0', grad_fn=<DivBackward0>)
Memory status after this epoch: 
Memory allocated:  1.98486328125
Memory cached:  12.0
	 epoch  80 training error:  tensor(0.0676, device='cuda:0', grad_fn=<DivBackward0>)
Memory status after this epoch: 
Memory allocated:  1.98486328125
Memory cached:  12.0
	 epoch  90 training error:  tensor(0.0211, device='cuda:0', grad_fn=<DivBackward0>)
Memory status after this epoch: 
Memory allocated:  1.98486328125
Memory cached:  12.0
[I 2023-11-16 12:12:37,820] Trial 47 finished with value: 0.06408483535051346 and parameters: {'W_layers': 7, 'W_layer_units_exponent_0': 10, 'W_layer_units_exponent_1': 6, 'W_layer_units_exponent_2': 4, 'W_layer_units_exponent_3': 7, 'W_layer_units_exponent_4': 6, 'W_layer_units_exponent_5': 7, 'W_layer_units_exponent_6': 4, 'D_layers': 4, 'D_layer_units_exponent_0': 5, 'D_layer_units_exponent_1': 6, 'D_layer_units_exponent_2': 9, 'D_layer_units_exponent_3': 4, 'D_dagger_layers': 2, 'D_dagger_layer_units_exponent_0': 4, 'D_dagger_layer_units_exponent_1': 10, 'log_learning_rate': -4.031247089551692, 'log_learning_rate_D': -4.775117555510213, 'log_learning_rate_D_dagger': -2.1116710567099535, 'training_batch_size': 9, 'training_p': 5}. Best is trial 23 with value: 0.007120855152606964.
Time for this trial:  18.711511850357056
Memory status after this trial: 
Memory allocated:  133.8798828125
Memory cached:  162.0
--------------------  Trial  48   --------------------
Start timing: 
Parameters: 
{'W_layers': 7, 'W_layer_units_exponent_0': 9, 'W_layer_units_exponent_1': 5, 'W_layer_units_exponent_2': 6, 'W_layer_units_exponent_3': 6, 'W_layer_units_exponent_4': 5, 'W_layer_units_exponent_5': 8, 'W_layer_units_exponent_6': 10, 'D_layers': 3, 'D_layer_units_exponent_0': 6, 'D_layer_units_exponent_1': 6, 'D_layer_units_exponent_2': 10, 'D_dagger_layers': 6, 'D_dagger_layer_units_exponent_0': 5, 'D_dagger_layer_units_exponent_1': 9, 'D_dagger_layer_units_exponent_2': 9, 'D_dagger_layer_units_exponent_3': 6, 'D_dagger_layer_units_exponent_4': 7, 'D_dagger_layer_units_exponent_5': 9, 'log_learning_rate': -3.5632997187242794, 'log_learning_rate_D': -3.321665994966856, 'log_learning_rate_D_dagger': -1.683434141274857, 'training_batch_size': 7, 'training_p': 7}
	 epoch  0 training error:  tensor(0.9959, device='cuda:0', grad_fn=<DivBackward0>)
Memory status after this epoch: 
Memory allocated:  10.90576171875
Memory cached:  20.0
	 epoch  10 training error:  tensor(0.8132, device='cuda:0', grad_fn=<DivBackward0>)
Memory status after this epoch: 
Memory allocated:  10.90576171875
Memory cached:  22.0
	 epoch  20 training error:  tensor(0.0820, device='cuda:0', grad_fn=<DivBackward0>)
Memory status after this epoch: 
Memory allocated:  10.90576171875
Memory cached:  22.0
	 epoch  30 training error:  tensor(0.0393, device='cuda:0', grad_fn=<DivBackward0>)
Memory status after this epoch: 
Memory allocated:  10.90576171875
Memory cached:  22.0
	 epoch  40 training error:  tensor(0.0254, device='cuda:0', grad_fn=<DivBackward0>)
Memory status after this epoch: 
Memory allocated:  10.90576171875
Memory cached:  22.0
	 epoch  50 training error:  tensor(0.0179, device='cuda:0', grad_fn=<DivBackward0>)
Memory status after this epoch: 
Memory allocated:  10.90576171875
Memory cached:  22.0
	 epoch  60 training error:  tensor(0.0181, device='cuda:0', grad_fn=<DivBackward0>)
Memory status after this epoch: 
Memory allocated:  10.90576171875
Memory cached:  22.0
	 epoch  70 training error:  tensor(0.0198, device='cuda:0', grad_fn=<DivBackward0>)
Memory status after this epoch: 
Memory allocated:  10.90576171875
Memory cached:  22.0
	 epoch  80 training error:  tensor(0.0205, device='cuda:0', grad_fn=<DivBackward0>)
Memory status after this epoch: 
Memory allocated:  10.90576171875
Memory cached:  22.0
	 epoch  90 training error:  tensor(0.0204, device='cuda:0', grad_fn=<DivBackward0>)
Memory status after this epoch: 
Memory allocated:  10.90576171875
Memory cached:  22.0
[I 2023-11-16 12:12:59,160] Trial 48 finished with value: 0.012565082870423794 and parameters: {'W_layers': 7, 'W_layer_units_exponent_0': 9, 'W_layer_units_exponent_1': 5, 'W_layer_units_exponent_2': 6, 'W_layer_units_exponent_3': 6, 'W_layer_units_exponent_4': 5, 'W_layer_units_exponent_5': 8, 'W_layer_units_exponent_6': 10, 'D_layers': 3, 'D_layer_units_exponent_0': 6, 'D_layer_units_exponent_1': 6, 'D_layer_units_exponent_2': 10, 'D_dagger_layers': 6, 'D_dagger_layer_units_exponent_0': 5, 'D_dagger_layer_units_exponent_1': 9, 'D_dagger_layer_units_exponent_2': 9, 'D_dagger_layer_units_exponent_3': 6, 'D_dagger_layer_units_exponent_4': 7, 'D_dagger_layer_units_exponent_5': 9, 'log_learning_rate': -3.5632997187242794, 'log_learning_rate_D': -3.321665994966856, 'log_learning_rate_D_dagger': -1.683434141274857, 'training_batch_size': 7, 'training_p': 7}. Best is trial 23 with value: 0.007120855152606964.
Time for this trial:  21.097352266311646
Memory status after this trial: 
Memory allocated:  209.0732421875
Memory cached:  230.0
--------------------  Trial  49   --------------------
Start timing: 
Parameters: 
{'W_layers': 6, 'W_layer_units_exponent_0': 8, 'W_layer_units_exponent_1': 7, 'W_layer_units_exponent_2': 8, 'W_layer_units_exponent_3': 6, 'W_layer_units_exponent_4': 6, 'W_layer_units_exponent_5': 7, 'D_layers': 6, 'D_layer_units_exponent_0': 7, 'D_layer_units_exponent_1': 4, 'D_layer_units_exponent_2': 9, 'D_layer_units_exponent_3': 4, 'D_layer_units_exponent_4': 6, 'D_layer_units_exponent_5': 5, 'D_dagger_layers': 2, 'D_dagger_layer_units_exponent_0': 4, 'D_dagger_layer_units_exponent_1': 8, 'log_learning_rate': -4.55837251103722, 'log_learning_rate_D': -3.99587487980961, 'log_learning_rate_D_dagger': -2.3133504918834698, 'training_batch_size': 7, 'training_p': 3}
	 epoch  0 training error:  tensor(1.1838, device='cuda:0', grad_fn=<DivBackward0>)
Memory status after this epoch: 
Memory allocated:  1.77880859375
Memory cached:  6.0
	 epoch  10 training error:  tensor(0.1529, device='cuda:0', grad_fn=<DivBackward0>)
Memory status after this epoch: 
Memory allocated:  1.77880859375
Memory cached:  6.0
	 epoch  20 training error:  tensor(0.0622, device='cuda:0', grad_fn=<DivBackward0>)
Memory status after this epoch: 
Memory allocated:  1.77880859375
Memory cached:  6.0
	 epoch  30 training error:  tensor(0.0582, device='cuda:0', grad_fn=<DivBackward0>)
Memory status after this epoch: 
Memory allocated:  1.77880859375
Memory cached:  6.0
	 epoch  40 training error:  tensor(0.0477, device='cuda:0', grad_fn=<DivBackward0>)
Memory status after this epoch: 
Memory allocated:  1.77880859375
Memory cached:  6.0
	 epoch  50 training error:  tensor(0.0352, device='cuda:0', grad_fn=<DivBackward0>)
Memory status after this epoch: 
Memory allocated:  1.77880859375
Memory cached:  6.0
	 epoch  60 training error:  tensor(0.0305, device='cuda:0', grad_fn=<DivBackward0>)
Memory status after this epoch: 
Memory allocated:  1.77880859375
Memory cached:  6.0
	 epoch  70 training error:  tensor(0.0436, device='cuda:0', grad_fn=<DivBackward0>)
Memory status after this epoch: 
Memory allocated:  1.77880859375
Memory cached:  6.0
	 epoch  80 training error:  tensor(0.0269, device='cuda:0', grad_fn=<DivBackward0>)
Memory status after this epoch: 
Memory allocated:  1.77880859375
Memory cached:  6.0
	 epoch  90 training error:  tensor(0.0349, device='cuda:0', grad_fn=<DivBackward0>)
Memory status after this epoch: 
Memory allocated:  1.77880859375
Memory cached:  6.0
[I 2023-11-16 12:13:16,688] Trial 49 finished with value: 0.04426875337958336 and parameters: {'W_layers': 6, 'W_layer_units_exponent_0': 8, 'W_layer_units_exponent_1': 7, 'W_layer_units_exponent_2': 8, 'W_layer_units_exponent_3': 6, 'W_layer_units_exponent_4': 6, 'W_layer_units_exponent_5': 7, 'D_layers': 6, 'D_layer_units_exponent_0': 7, 'D_layer_units_exponent_1': 4, 'D_layer_units_exponent_2': 9, 'D_layer_units_exponent_3': 4, 'D_layer_units_exponent_4': 6, 'D_layer_units_exponent_5': 5, 'D_dagger_layers': 2, 'D_dagger_layer_units_exponent_0': 4, 'D_dagger_layer_units_exponent_1': 8, 'log_learning_rate': -4.55837251103722, 'log_learning_rate_D': -3.99587487980961, 'log_learning_rate_D_dagger': -2.3133504918834698, 'training_batch_size': 7, 'training_p': 3}. Best is trial 23 with value: 0.007120855152606964.
[I 2023-11-16 12:13:16,710] A new study created in memory with name: no-name-4226a858-c81c-480c-8561-607e0d89260a
Time for this trial:  17.293721675872803
Memory status after this trial: 
Memory allocated:  64.3115234375
Memory cached:  84.0
--------------------  Trial  0   --------------------
Start timing: 
Parameters: 
{'W_layers': 7, 'W_layer_units_exponent_0': 4, 'W_layer_units_exponent_1': 5, 'W_layer_units_exponent_2': 10, 'W_layer_units_exponent_3': 9, 'W_layer_units_exponent_4': 9, 'W_layer_units_exponent_5': 4, 'W_layer_units_exponent_6': 10, 'D_layers': 2, 'D_layer_units_exponent_0': 10, 'D_layer_units_exponent_1': 7, 'log_learning_rate': -4.633067829158056, 'log_learning_rate_D': -4.382970046866408, 'training_batch_size': 9, 'training_p': 8}
	 epoch  0 training error:  tensor(0.7187, device='cuda:0', grad_fn=<DivBackward0>)
	 epoch  0 test error:  tensor(0.0175, device='cuda:0', grad_fn=<DivBackward0>)
Memory status after this epoch: 
Memory allocated:  309.78125
Memory cached:  360.0
	 epoch  10 training error:  tensor(0.4168, device='cuda:0', grad_fn=<DivBackward0>)
	 epoch  10 test error:  tensor(0.0115, device='cuda:0', grad_fn=<DivBackward0>)
Memory status after this epoch: 
Memory allocated:  309.3125
Memory cached:  612.0
	 epoch  20 training error:  tensor(0.3557, device='cuda:0', grad_fn=<DivBackward0>)
	 epoch  20 test error:  tensor(0.0079, device='cuda:0', grad_fn=<DivBackward0>)
Memory status after this epoch: 
Memory allocated:  309.3125
Memory cached:  612.0
	 epoch  30 training error:  tensor(0.3626, device='cuda:0', grad_fn=<DivBackward0>)
	 epoch  30 test error:  tensor(0.0077, device='cuda:0', grad_fn=<DivBackward0>)
Memory status after this epoch: 
Memory allocated:  309.78125
Memory cached:  612.0
	 epoch  40 training error:  tensor(0.3549, device='cuda:0', grad_fn=<DivBackward0>)
	 epoch  40 test error:  tensor(0.0080, device='cuda:0', grad_fn=<DivBackward0>)
Memory status after this epoch: 
Memory allocated:  308.84375
Memory cached:  612.0
	 epoch  50 training error:  tensor(0.3531, device='cuda:0', grad_fn=<DivBackward0>)
	 epoch  50 test error:  tensor(0.0081, device='cuda:0', grad_fn=<DivBackward0>)
Memory status after this epoch: 
Memory allocated:  309.78125
Memory cached:  612.0
	 epoch  60 training error:  tensor(0.3527, device='cuda:0', grad_fn=<DivBackward0>)
	 epoch  60 test error:  tensor(0.0083, device='cuda:0', grad_fn=<DivBackward0>)
Memory status after this epoch: 
Memory allocated:  309.3125
Memory cached:  614.0
	 epoch  70 training error:  tensor(0.3526, device='cuda:0', grad_fn=<DivBackward0>)
	 epoch  70 test error:  tensor(0.0084, device='cuda:0', grad_fn=<DivBackward0>)
Memory status after this epoch: 
Memory allocated:  309.3125
Memory cached:  614.0
	 epoch  80 training error:  tensor(0.3524, device='cuda:0', grad_fn=<DivBackward0>)
	 epoch  80 test error:  tensor(0.0085, device='cuda:0', grad_fn=<DivBackward0>)
Memory status after this epoch: 
Memory allocated:  309.78125
Memory cached:  612.0
	 epoch  90 training error:  tensor(0.3522, device='cuda:0', grad_fn=<DivBackward0>)
	 epoch  90 test error:  tensor(0.0085, device='cuda:0', grad_fn=<DivBackward0>)
Memory status after this epoch: 
Memory allocated:  309.3125
Memory cached:  612.0
[I 2023-11-16 12:15:53,356] Trial 0 finished with value: 0.008469883352518082 and parameters: {'W_layers': 7, 'W_layer_units_exponent_0': 4, 'W_layer_units_exponent_1': 5, 'W_layer_units_exponent_2': 10, 'W_layer_units_exponent_3': 9, 'W_layer_units_exponent_4': 9, 'W_layer_units_exponent_5': 4, 'W_layer_units_exponent_6': 10, 'D_layers': 2, 'D_layer_units_exponent_0': 10, 'D_layer_units_exponent_1': 7, 'log_learning_rate': -4.633067829158056, 'log_learning_rate_D': -4.382970046866408, 'training_batch_size': 9, 'training_p': 8}. Best is trial 0 with value: 0.008469883352518082.
Time for this trial:  156.50694131851196
Memory status after this trial: 
Memory allocated:  593.37158203125
Memory cached:  614.0
--------------------  Trial  1   --------------------
Start timing: 
Parameters: 
{'W_layers': 4, 'W_layer_units_exponent_0': 6, 'W_layer_units_exponent_1': 5, 'W_layer_units_exponent_2': 9, 'W_layer_units_exponent_3': 8, 'D_layers': 2, 'D_layer_units_exponent_0': 10, 'D_layer_units_exponent_1': 5, 'log_learning_rate': -3.2123211045911972, 'log_learning_rate_D': -1.4764013060814514, 'training_batch_size': 10, 'training_p': 4}
	 epoch  0 training error:  tensor(0.4241, device='cuda:0', grad_fn=<DivBackward0>)
	 epoch  0 test error:  tensor(0.1485, device='cuda:0', grad_fn=<DivBackward0>)
Memory status after this epoch: 
Memory allocated:  170.12548828125
Memory cached:  230.0
	 epoch  10 training error:  tensor(0.7056, device='cuda:0', grad_fn=<DivBackward0>)
	 epoch  10 test error:  tensor(0.1150, device='cuda:0', grad_fn=<DivBackward0>)
Memory status after this epoch: 
Memory allocated:  170.12548828125
Memory cached:  354.0
	 epoch  20 training error:  tensor(2.8537, device='cuda:0', grad_fn=<DivBackward0>)
	 epoch  20 test error:  tensor(0.1230, device='cuda:0', grad_fn=<DivBackward0>)
Memory status after this epoch: 
Memory allocated:  170.12548828125
Memory cached:  354.0
	 epoch  30 training error:  tensor(0.5928, device='cuda:0', grad_fn=<DivBackward0>)
	 epoch  30 test error:  tensor(0.0107, device='cuda:0', grad_fn=<DivBackward0>)
Memory status after this epoch: 
Memory allocated:  170.12548828125
Memory cached:  354.0
	 epoch  40 training error:  tensor(0.5812, device='cuda:0', grad_fn=<DivBackward0>)
	 epoch  40 test error:  tensor(0.0167, device='cuda:0', grad_fn=<DivBackward0>)
Memory status after this epoch: 
Memory allocated:  170.12548828125
Memory cached:  354.0
	 epoch  50 training error:  tensor(0.3621, device='cuda:0', grad_fn=<DivBackward0>)
	 epoch  50 test error:  tensor(0.0110, device='cuda:0', grad_fn=<DivBackward0>)
Memory status after this epoch: 
Memory allocated:  170.12548828125
Memory cached:  354.0
	 epoch  60 training error:  tensor(0.3052, device='cuda:0', grad_fn=<DivBackward0>)
	 epoch  60 test error:  tensor(0.0081, device='cuda:0', grad_fn=<DivBackward0>)
Memory status after this epoch: 
Memory allocated:  170.12548828125
Memory cached:  354.0
	 epoch  70 training error:  tensor(0.2951, device='cuda:0', grad_fn=<DivBackward0>)
	 epoch  70 test error:  tensor(0.0071, device='cuda:0', grad_fn=<DivBackward0>)
Memory status after this epoch: 
Memory allocated:  170.12548828125
Memory cached:  354.0
	 epoch  80 training error:  tensor(0.2937, device='cuda:0', grad_fn=<DivBackward0>)
	 epoch  80 test error:  tensor(0.0073, device='cuda:0', grad_fn=<DivBackward0>)
Memory status after this epoch: 
Memory allocated:  170.12548828125
Memory cached:  354.0
	 epoch  90 training error:  tensor(0.2936, device='cuda:0', grad_fn=<DivBackward0>)
	 epoch  90 test error:  tensor(0.0075, device='cuda:0', grad_fn=<DivBackward0>)
Memory status after this epoch: 
Memory allocated:  170.12548828125
Memory cached:  354.0
