[I 2023-11-17 03:22:25,779] Trial 27 finished with value: 0.18606437742710114 and parameters: {'W_layers': 6, 'W_layer_units_exponent_0': 8, 'W_layer_units_exponent_1': 8, 'W_layer_units_exponent_2': 8, 'W_layer_units_exponent_3': 10, 'W_layer_units_exponent_4': 9, 'W_layer_units_exponent_5': 7, 'D_layers': 7, 'D_layer_units_exponent_0': 5, 'D_layer_units_exponent_1': 10, 'D_layer_units_exponent_2': 7, 'D_layer_units_exponent_3': 10, 'D_layer_units_exponent_4': 6, 'D_layer_units_exponent_5': 10, 'D_layer_units_exponent_6': 10, 'log_learning_rate': -2.3198777944676916, 'log_learning_rate_D': -2.294270423161681, 'training_batch_size': 7, 'training_p': 3}. Best is trial 14 with value: 0.09673155844211578.
Time for this trial:  214.14884424209595
Memory status after this trial: 
Memory allocated:  801.0927734375
Memory cached:  830.0
--------------------  Trial  28   --------------------
Start timing: 
Parameters: 
{'W_layers': 4, 'W_layer_units_exponent_0': 9, 'W_layer_units_exponent_1': 6, 'W_layer_units_exponent_2': 7, 'W_layer_units_exponent_3': 9, 'D_layers': 6, 'D_layer_units_exponent_0': 8, 'D_layer_units_exponent_1': 9, 'D_layer_units_exponent_2': 10, 'D_layer_units_exponent_3': 6, 'D_layer_units_exponent_4': 8, 'D_layer_units_exponent_5': 5, 'log_learning_rate': -2.932507854989076, 'log_learning_rate_D': -1.7859012203869764, 'training_batch_size': 7, 'training_p': 4}
	 epoch  0 training error:  tensor(1.0206, device='cuda:0', grad_fn=<DivBackward0>)
	 epoch  0 test error:  tensor(0.1278, device='cuda:0', grad_fn=<DivBackward0>)
Memory status after this epoch: 
Memory allocated:  225.529296875
Memory cached:  264.0
	 epoch  10 training error:  tensor(1.0511, device='cuda:0', grad_fn=<DivBackward0>)
	 epoch  10 test error:  tensor(0.0973, device='cuda:0', grad_fn=<DivBackward0>)
Memory status after this epoch: 
Memory allocated:  225.529296875
Memory cached:  460.0
	 epoch  20 training error:  tensor(1.0003, device='cuda:0', grad_fn=<DivBackward0>)
	 epoch  20 test error:  tensor(0.0968, device='cuda:0', grad_fn=<DivBackward0>)
Memory status after this epoch: 
Memory allocated:  225.529296875
Memory cached:  440.0
	 epoch  30 training error:  tensor(0.9793, device='cuda:0', grad_fn=<DivBackward0>)
	 epoch  30 test error:  tensor(0.0969, device='cuda:0', grad_fn=<DivBackward0>)
Memory status after this epoch: 
Memory allocated:  225.951171875
Memory cached:  440.0
	 epoch  40 training error:  tensor(0.9501, device='cuda:0', grad_fn=<DivBackward0>)
	 epoch  40 test error:  tensor(0.0977, device='cuda:0', grad_fn=<DivBackward0>)
Memory status after this epoch: 
Memory allocated:  225.529296875
Memory cached:  440.0
	 epoch  50 training error:  tensor(0.9602, device='cuda:0', grad_fn=<DivBackward0>)
	 epoch  50 test error:  tensor(0.0981, device='cuda:0', grad_fn=<DivBackward0>)
Memory status after this epoch: 
Memory allocated:  225.951171875
Memory cached:  440.0
	 epoch  60 training error:  tensor(0.9495, device='cuda:0', grad_fn=<DivBackward0>)
	 epoch  60 test error:  tensor(0.0980, device='cuda:0', grad_fn=<DivBackward0>)
Memory status after this epoch: 
Memory allocated:  225.529296875
Memory cached:  442.0
	 epoch  70 training error:  tensor(0.9513, device='cuda:0', grad_fn=<DivBackward0>)
	 epoch  70 test error:  tensor(0.0982, device='cuda:0', grad_fn=<DivBackward0>)
Memory status after this epoch: 
Memory allocated:  225.951171875
Memory cached:  442.0
	 epoch  80 training error:  tensor(0.9577, device='cuda:0', grad_fn=<DivBackward0>)
	 epoch  80 test error:  tensor(0.0978, device='cuda:0', grad_fn=<DivBackward0>)
Memory status after this epoch: 
Memory allocated:  225.529296875
Memory cached:  440.0
	 epoch  90 training error:  tensor(0.9475, device='cuda:0', grad_fn=<DivBackward0>)
	 epoch  90 test error:  tensor(0.0984, device='cuda:0', grad_fn=<DivBackward0>)
Memory status after this epoch: 
Memory allocated:  225.529296875
Memory cached:  440.0
[I 2023-11-17 03:25:11,313] Trial 28 finished with value: 0.0978522002696991 and parameters: {'W_layers': 4, 'W_layer_units_exponent_0': 9, 'W_layer_units_exponent_1': 6, 'W_layer_units_exponent_2': 7, 'W_layer_units_exponent_3': 9, 'D_layers': 6, 'D_layer_units_exponent_0': 8, 'D_layer_units_exponent_1': 9, 'D_layer_units_exponent_2': 10, 'D_layer_units_exponent_3': 6, 'D_layer_units_exponent_4': 8, 'D_layer_units_exponent_5': 5, 'log_learning_rate': -2.932507854989076, 'log_learning_rate_D': -1.7859012203869764, 'training_batch_size': 7, 'training_p': 4}. Best is trial 14 with value: 0.09673155844211578.
Time for this trial:  165.26970028877258
Memory status after this trial: 
Memory allocated:  428.755859375
Memory cached:  440.0
--------------------  Trial  29   --------------------
Start timing: 
Parameters: 
{'W_layers': 4, 'W_layer_units_exponent_0': 10, 'W_layer_units_exponent_1': 8, 'W_layer_units_exponent_2': 4, 'W_layer_units_exponent_3': 7, 'D_layers': 5, 'D_layer_units_exponent_0': 9, 'D_layer_units_exponent_1': 7, 'D_layer_units_exponent_2': 8, 'D_layer_units_exponent_3': 5, 'D_layer_units_exponent_4': 7, 'log_learning_rate': -4.126525451828145, 'log_learning_rate_D': -1.2950078271423, 'training_batch_size': 9, 'training_p': 3}
	 epoch  0 training error:  tensor(1.0269, device='cuda:0', grad_fn=<DivBackward0>)
	 epoch  0 test error:  tensor(0.0975, device='cuda:0', grad_fn=<DivBackward0>)
Memory status after this epoch: 
Memory allocated:  172.2412109375
Memory cached:  200.0
	 epoch  10 training error:  tensor(0.9783, device='cuda:0', grad_fn=<DivBackward0>)
	 epoch  10 test error:  tensor(0.1004, device='cuda:0', grad_fn=<DivBackward0>)
Memory status after this epoch: 
Memory allocated:  171.7724609375
Memory cached:  350.0
	 epoch  20 training error:  tensor(0.9587, device='cuda:0', grad_fn=<DivBackward0>)
	 epoch  20 test error:  tensor(0.0992, device='cuda:0', grad_fn=<DivBackward0>)
Memory status after this epoch: 
Memory allocated:  172.2412109375
Memory cached:  350.0
	 epoch  30 training error:  tensor(0.9638, device='cuda:0', grad_fn=<DivBackward0>)
	 epoch  30 test error:  tensor(0.0995, device='cuda:0', grad_fn=<DivBackward0>)
Memory status after this epoch: 
Memory allocated:  171.7724609375
Memory cached:  350.0
	 epoch  40 training error:  tensor(0.9645, device='cuda:0', grad_fn=<DivBackward0>)
	 epoch  40 test error:  tensor(0.0995, device='cuda:0', grad_fn=<DivBackward0>)
Memory status after this epoch: 
Memory allocated:  172.2412109375
Memory cached:  352.0
	 epoch  50 training error:  tensor(0.9607, device='cuda:0', grad_fn=<DivBackward0>)
	 epoch  50 test error:  tensor(0.0992, device='cuda:0', grad_fn=<DivBackward0>)
Memory status after this epoch: 
Memory allocated:  171.7724609375
Memory cached:  350.0
	 epoch  60 training error:  tensor(0.9581, device='cuda:0', grad_fn=<DivBackward0>)
	 epoch  60 test error:  tensor(0.0991, device='cuda:0', grad_fn=<DivBackward0>)
Memory status after this epoch: 
Memory allocated:  172.2412109375
Memory cached:  350.0
	 epoch  70 training error:  tensor(0.9576, device='cuda:0', grad_fn=<DivBackward0>)
	 epoch  70 test error:  tensor(0.0990, device='cuda:0', grad_fn=<DivBackward0>)
Memory status after this epoch: 
Memory allocated:  171.7724609375
Memory cached:  350.0
	 epoch  80 training error:  tensor(0.9573, device='cuda:0', grad_fn=<DivBackward0>)
	 epoch  80 test error:  tensor(0.0990, device='cuda:0', grad_fn=<DivBackward0>)
Memory status after this epoch: 
Memory allocated:  172.2412109375
Memory cached:  350.0
	 epoch  90 training error:  tensor(0.9564, device='cuda:0', grad_fn=<DivBackward0>)
	 epoch  90 test error:  tensor(0.0990, device='cuda:0', grad_fn=<DivBackward0>)
Memory status after this epoch: 
Memory allocated:  171.7724609375
Memory cached:  350.0
[I 2023-11-17 03:27:41,929] Trial 29 finished with value: 0.09865007549524307 and parameters: {'W_layers': 4, 'W_layer_units_exponent_0': 10, 'W_layer_units_exponent_1': 8, 'W_layer_units_exponent_2': 4, 'W_layer_units_exponent_3': 7, 'D_layers': 5, 'D_layer_units_exponent_0': 9, 'D_layer_units_exponent_1': 7, 'D_layer_units_exponent_2': 8, 'D_layer_units_exponent_3': 5, 'D_layer_units_exponent_4': 7, 'log_learning_rate': -4.126525451828145, 'log_learning_rate_D': -1.2950078271423, 'training_batch_size': 9, 'training_p': 3}. Best is trial 14 with value: 0.09673155844211578.
Time for this trial:  150.36914467811584
Memory status after this trial: 
Memory allocated:  332.814453125
Memory cached:  350.0
--------------------  Trial  30   --------------------
Start timing: 
Parameters: 
{'W_layers': 7, 'W_layer_units_exponent_0': 5, 'W_layer_units_exponent_1': 7, 'W_layer_units_exponent_2': 5, 'W_layer_units_exponent_3': 9, 'W_layer_units_exponent_4': 8, 'W_layer_units_exponent_5': 6, 'W_layer_units_exponent_6': 6, 'D_layers': 7, 'D_layer_units_exponent_0': 7, 'D_layer_units_exponent_1': 4, 'D_layer_units_exponent_2': 6, 'D_layer_units_exponent_3': 8, 'D_layer_units_exponent_4': 9, 'D_layer_units_exponent_5': 8, 'D_layer_units_exponent_6': 6, 'log_learning_rate': -4.95707947162931, 'log_learning_rate_D': -1.0048277342074068, 'training_batch_size': 8, 'training_p': 4}
	 epoch  0 training error:  tensor(0.9913, device='cuda:0', grad_fn=<DivBackward0>)
	 epoch  0 test error:  tensor(0.0968, device='cuda:0', grad_fn=<DivBackward0>)
Memory status after this epoch: 
Memory allocated:  167.875
Memory cached:  196.0
	 epoch  10 training error:  tensor(0.9999, device='cuda:0', grad_fn=<DivBackward0>)
	 epoch  10 test error:  tensor(0.0967, device='cuda:0', grad_fn=<DivBackward0>)
Memory status after this epoch: 
Memory allocated:  168.34375
Memory cached:  340.0
	 epoch  20 training error:  tensor(0.9999, device='cuda:0', grad_fn=<DivBackward0>)
	 epoch  20 test error:  tensor(0.0967, device='cuda:0', grad_fn=<DivBackward0>)
Memory status after this epoch: 
Memory allocated:  167.875
Memory cached:  340.0
	 epoch  30 training error:  tensor(0.9999, device='cuda:0', grad_fn=<DivBackward0>)
	 epoch  30 test error:  tensor(0.0967, device='cuda:0', grad_fn=<DivBackward0>)
Memory status after this epoch: 
Memory allocated:  168.34375
Memory cached:  340.0
	 epoch  40 training error:  tensor(0.9999, device='cuda:0', grad_fn=<DivBackward0>)
	 epoch  40 test error:  tensor(0.0967, device='cuda:0', grad_fn=<DivBackward0>)
Memory status after this epoch: 
Memory allocated:  167.875
Memory cached:  342.0
	 epoch  50 training error:  tensor(0.9999, device='cuda:0', grad_fn=<DivBackward0>)
	 epoch  50 test error:  tensor(0.0967, device='cuda:0', grad_fn=<DivBackward0>)
Memory status after this epoch: 
Memory allocated:  168.34375
Memory cached:  342.0
	 epoch  60 training error:  tensor(0.9999, device='cuda:0', grad_fn=<DivBackward0>)
	 epoch  60 test error:  tensor(0.0967, device='cuda:0', grad_fn=<DivBackward0>)
Memory status after this epoch: 
Memory allocated:  167.875
Memory cached:  342.0
	 epoch  70 training error:  tensor(0.9999, device='cuda:0', grad_fn=<DivBackward0>)
	 epoch  70 test error:  tensor(0.0967, device='cuda:0', grad_fn=<DivBackward0>)
Memory status after this epoch: 
Memory allocated:  168.34375
Memory cached:  342.0
	 epoch  80 training error:  tensor(0.9999, device='cuda:0', grad_fn=<DivBackward0>)
	 epoch  80 test error:  tensor(0.0967, device='cuda:0', grad_fn=<DivBackward0>)
Memory status after this epoch: 
Memory allocated:  167.875
Memory cached:  342.0
	 epoch  90 training error:  tensor(0.9999, device='cuda:0', grad_fn=<DivBackward0>)
	 epoch  90 test error:  tensor(0.0967, device='cuda:0', grad_fn=<DivBackward0>)
Memory status after this epoch: 
Memory allocated:  168.34375
Memory cached:  342.0
[I 2023-11-17 03:30:51,262] Trial 30 finished with value: 0.09673847258090973 and parameters: {'W_layers': 7, 'W_layer_units_exponent_0': 5, 'W_layer_units_exponent_1': 7, 'W_layer_units_exponent_2': 5, 'W_layer_units_exponent_3': 9, 'W_layer_units_exponent_4': 8, 'W_layer_units_exponent_5': 6, 'W_layer_units_exponent_6': 6, 'D_layers': 7, 'D_layer_units_exponent_0': 7, 'D_layer_units_exponent_1': 4, 'D_layer_units_exponent_2': 6, 'D_layer_units_exponent_3': 8, 'D_layer_units_exponent_4': 9, 'D_layer_units_exponent_5': 8, 'D_layer_units_exponent_6': 6, 'log_learning_rate': -4.95707947162931, 'log_learning_rate_D': -1.0048277342074068, 'training_batch_size': 8, 'training_p': 4}. Best is trial 14 with value: 0.09673155844211578.
Time for this trial:  189.0458664894104
Memory status after this trial: 
Memory allocated:  322.98046875
Memory cached:  340.0
--------------------  Trial  31   --------------------
Start timing: 
Parameters: 
{'W_layers': 7, 'W_layer_units_exponent_0': 5, 'W_layer_units_exponent_1': 7, 'W_layer_units_exponent_2': 5, 'W_layer_units_exponent_3': 9, 'W_layer_units_exponent_4': 8, 'W_layer_units_exponent_5': 6, 'W_layer_units_exponent_6': 6, 'D_layers': 7, 'D_layer_units_exponent_0': 7, 'D_layer_units_exponent_1': 4, 'D_layer_units_exponent_2': 6, 'D_layer_units_exponent_3': 8, 'D_layer_units_exponent_4': 9, 'D_layer_units_exponent_5': 8, 'D_layer_units_exponent_6': 6, 'log_learning_rate': -4.96678574903857, 'log_learning_rate_D': -1.0370918149751944, 'training_batch_size': 8, 'training_p': 4}
	 epoch  0 training error:  tensor(1.0014, device='cuda:0', grad_fn=<DivBackward0>)
	 epoch  0 test error:  tensor(0.0967, device='cuda:0', grad_fn=<DivBackward0>)
Memory status after this epoch: 
Memory allocated:  168.34375
Memory cached:  196.0
	 epoch  10 training error:  tensor(0.9930, device='cuda:0', grad_fn=<DivBackward0>)
	 epoch  10 test error:  tensor(0.0967, device='cuda:0', grad_fn=<DivBackward0>)
Memory status after this epoch: 
Memory allocated:  167.875
Memory cached:  340.0
	 epoch  20 training error:  tensor(0.9858, device='cuda:0', grad_fn=<DivBackward0>)
	 epoch  20 test error:  tensor(0.0969, device='cuda:0', grad_fn=<DivBackward0>)
Memory status after this epoch: 
Memory allocated:  168.34375
Memory cached:  340.0
	 epoch  30 training error:  tensor(0.9780, device='cuda:0', grad_fn=<DivBackward0>)
	 epoch  30 test error:  tensor(0.0970, device='cuda:0', grad_fn=<DivBackward0>)
Memory status after this epoch: 
Memory allocated:  167.875
Memory cached:  340.0
	 epoch  40 training error:  tensor(0.9698, device='cuda:0', grad_fn=<DivBackward0>)
	 epoch  40 test error:  tensor(0.0972, device='cuda:0', grad_fn=<DivBackward0>)
Memory status after this epoch: 
Memory allocated:  168.34375
Memory cached:  342.0
	 epoch  50 training error:  tensor(0.9614, device='cuda:0', grad_fn=<DivBackward0>)
	 epoch  50 test error:  tensor(0.0975, device='cuda:0', grad_fn=<DivBackward0>)
Memory status after this epoch: 
Memory allocated:  167.875
Memory cached:  342.0
	 epoch  60 training error:  tensor(0.9527, device='cuda:0', grad_fn=<DivBackward0>)
	 epoch  60 test error:  tensor(0.0980, device='cuda:0', grad_fn=<DivBackward0>)
Memory status after this epoch: 
Memory allocated:  168.34375
Memory cached:  340.0
	 epoch  70 training error:  tensor(0.9498, device='cuda:0', grad_fn=<DivBackward0>)
	 epoch  70 test error:  tensor(0.0983, device='cuda:0', grad_fn=<DivBackward0>)
Memory status after this epoch: 
Memory allocated:  167.875
Memory cached:  340.0
	 epoch  80 training error:  tensor(0.9488, device='cuda:0', grad_fn=<DivBackward0>)
	 epoch  80 test error:  tensor(0.0982, device='cuda:0', grad_fn=<DivBackward0>)
Memory status after this epoch: 
Memory allocated:  168.34375
Memory cached:  340.0
	 epoch  90 training error:  tensor(0.9477, device='cuda:0', grad_fn=<DivBackward0>)
	 epoch  90 test error:  tensor(0.0982, device='cuda:0', grad_fn=<DivBackward0>)
Memory status after this epoch: 
Memory allocated:  167.875
Memory cached:  340.0
[I 2023-11-17 03:34:03,439] Trial 31 finished with value: 0.09824764728546143 and parameters: {'W_layers': 7, 'W_layer_units_exponent_0': 5, 'W_layer_units_exponent_1': 7, 'W_layer_units_exponent_2': 5, 'W_layer_units_exponent_3': 9, 'W_layer_units_exponent_4': 8, 'W_layer_units_exponent_5': 6, 'W_layer_units_exponent_6': 6, 'D_layers': 7, 'D_layer_units_exponent_0': 7, 'D_layer_units_exponent_1': 4, 'D_layer_units_exponent_2': 6, 'D_layer_units_exponent_3': 8, 'D_layer_units_exponent_4': 9, 'D_layer_units_exponent_5': 8, 'D_layer_units_exponent_6': 6, 'log_learning_rate': -4.96678574903857, 'log_learning_rate_D': -1.0370918149751944, 'training_batch_size': 8, 'training_p': 4}. Best is trial 14 with value: 0.09673155844211578.
Time for this trial:  191.8789610862732
Memory status after this trial: 
Memory allocated:  322.98046875
Memory cached:  340.0
--------------------  Trial  32   --------------------
Start timing: 
Parameters: 
{'W_layers': 6, 'W_layer_units_exponent_0': 5, 'W_layer_units_exponent_1': 7, 'W_layer_units_exponent_2': 5, 'W_layer_units_exponent_3': 9, 'W_layer_units_exponent_4': 9, 'W_layer_units_exponent_5': 5, 'D_layers': 7, 'D_layer_units_exponent_0': 8, 'D_layer_units_exponent_1': 5, 'D_layer_units_exponent_2': 5, 'D_layer_units_exponent_3': 9, 'D_layer_units_exponent_4': 10, 'D_layer_units_exponent_5': 8, 'D_layer_units_exponent_6': 5, 'log_learning_rate': -4.662636965545805, 'log_learning_rate_D': -1.2554099356113055, 'training_batch_size': 7, 'training_p': 3}
	 epoch  0 training error:  tensor(0.9909, device='cuda:0', grad_fn=<DivBackward0>)
	 epoch  0 test error:  tensor(0.0968, device='cuda:0', grad_fn=<DivBackward0>)
Memory status after this epoch: 
Memory allocated:  231.4375
Memory cached:  250.0
	 epoch  10 training error:  tensor(0.9501, device='cuda:0', grad_fn=<DivBackward0>)
	 epoch  10 test error:  tensor(0.0986, device='cuda:0', grad_fn=<DivBackward0>)
Memory status after this epoch: 
Memory allocated:  231.484375
Memory cached:  448.0
	 epoch  20 training error:  tensor(0.9504, device='cuda:0', grad_fn=<DivBackward0>)
	 epoch  20 test error:  tensor(0.0967, device='cuda:0', grad_fn=<DivBackward0>)
Memory status after this epoch: 
Memory allocated:  231.4375
Memory cached:  448.0
	 epoch  30 training error:  tensor(0.9493, device='cuda:0', grad_fn=<DivBackward0>)
	 epoch  30 test error:  tensor(0.0983, device='cuda:0', grad_fn=<DivBackward0>)
Memory status after this epoch: 
Memory allocated:  231.0625
Memory cached:  448.0
	 epoch  40 training error:  tensor(0.9496, device='cuda:0', grad_fn=<DivBackward0>)
	 epoch  40 test error:  tensor(0.0982, device='cuda:0', grad_fn=<DivBackward0>)
Memory status after this epoch: 
Memory allocated:  231.390625
Memory cached:  448.0
	 epoch  50 training error:  tensor(0.9505, device='cuda:0', grad_fn=<DivBackward0>)
	 epoch  50 test error:  tensor(0.0982, device='cuda:0', grad_fn=<DivBackward0>)
Memory status after this epoch: 
Memory allocated:  231.484375
Memory cached:  448.0
	 epoch  60 training error:  tensor(0.9494, device='cuda:0', grad_fn=<DivBackward0>)
	 epoch  60 test error:  tensor(0.0982, device='cuda:0', grad_fn=<DivBackward0>)
Memory status after this epoch: 
Memory allocated:  231.390625
Memory cached:  450.0
	 epoch  70 training error:  tensor(0.9506, device='cuda:0', grad_fn=<DivBackward0>)
	 epoch  70 test error:  tensor(0.0981, device='cuda:0', grad_fn=<DivBackward0>)
Memory status after this epoch: 
Memory allocated:  231.0625
Memory cached:  452.0
	 epoch  80 training error:  tensor(0.9504, device='cuda:0', grad_fn=<DivBackward0>)
	 epoch  80 test error:  tensor(0.0981, device='cuda:0', grad_fn=<DivBackward0>)
Memory status after this epoch: 
Memory allocated:  231.4375
Memory cached:  454.0
	 epoch  90 training error:  tensor(0.9497, device='cuda:0', grad_fn=<DivBackward0>)
	 epoch  90 test error:  tensor(0.0982, device='cuda:0', grad_fn=<DivBackward0>)
Memory status after this epoch: 
Memory allocated:  231.0625
Memory cached:  454.0
