[I 2023-11-17 12:38:25,430] Trial 43 finished with value: 0.19181320071220398 and parameters: {'W_layers': 7, 'W_layer_units_exponent_0': 10, 'W_layer_units_exponent_1': 9, 'W_layer_units_exponent_2': 10, 'W_layer_units_exponent_3': 10, 'W_layer_units_exponent_4': 5, 'W_layer_units_exponent_5': 7, 'W_layer_units_exponent_6': 4, 'D_layers': 6, 'D_layer_units_exponent_0': 7, 'D_layer_units_exponent_1': 8, 'D_layer_units_exponent_2': 8, 'D_layer_units_exponent_3': 10, 'D_layer_units_exponent_4': 8, 'D_layer_units_exponent_5': 7, 'log_learning_rate': -4.78056422033663, 'log_learning_rate_D': -4.138864455721085, 'training_batch_size': 11, 'training_p': 3}. Best is trial 32 with value: 0.1905340552330017.
Time for this trial:  195.7365493774414
Memory status after this trial: 
Memory allocated:  917.9931640625
Memory cached:  946.0
--------------------  Trial  44   --------------------
Start timing: 
Parameters: 
{'W_layers': 8, 'W_layer_units_exponent_0': 9, 'W_layer_units_exponent_1': 10, 'W_layer_units_exponent_2': 10, 'W_layer_units_exponent_3': 10, 'W_layer_units_exponent_4': 4, 'W_layer_units_exponent_5': 9, 'W_layer_units_exponent_6': 6, 'W_layer_units_exponent_7': 7, 'D_layers': 2, 'D_layer_units_exponent_0': 8, 'D_layer_units_exponent_1': 10, 'log_learning_rate': -4.111075194636599, 'log_learning_rate_D': -4.753300030179152, 'training_batch_size': 12, 'training_p': 2}
	 epoch  0 training error:  tensor(0.9991, device='cuda:0', grad_fn=<DivBackward0>)
	 epoch  0 test error:  tensor(0.1915, device='cuda:0', grad_fn=<DivBackward0>)
Memory status after this epoch: 
Memory allocated:  485.12744140625
Memory cached:  576.0
	 epoch  10 training error:  tensor(0.9947, device='cuda:0', grad_fn=<DivBackward0>)
	 epoch  10 test error:  tensor(0.1915, device='cuda:0', grad_fn=<DivBackward0>)
Memory status after this epoch: 
Memory allocated:  484.89306640625
Memory cached:  924.0
	 epoch  20 training error:  tensor(0.9944, device='cuda:0', grad_fn=<DivBackward0>)
	 epoch  20 test error:  tensor(0.1914, device='cuda:0', grad_fn=<DivBackward0>)
Memory status after this epoch: 
Memory allocated:  484.56494140625
Memory cached:  924.0
	 epoch  30 training error:  tensor(0.9943, device='cuda:0', grad_fn=<DivBackward0>)
	 epoch  30 test error:  tensor(0.1913, device='cuda:0', grad_fn=<DivBackward0>)
Memory status after this epoch: 
Memory allocated:  484.89306640625
Memory cached:  924.0
	 epoch  40 training error:  tensor(0.9941, device='cuda:0', grad_fn=<DivBackward0>)
	 epoch  40 test error:  tensor(0.1911, device='cuda:0', grad_fn=<DivBackward0>)
Memory status after this epoch: 
Memory allocated:  484.56494140625
Memory cached:  924.0
	 epoch  50 training error:  tensor(0.9939, device='cuda:0', grad_fn=<DivBackward0>)
	 epoch  50 test error:  tensor(0.1908, device='cuda:0', grad_fn=<DivBackward0>)
Memory status after this epoch: 
Memory allocated:  484.89306640625
Memory cached:  924.0
	 epoch  60 training error:  tensor(0.9938, device='cuda:0', grad_fn=<DivBackward0>)
	 epoch  60 test error:  tensor(0.1905, device='cuda:0', grad_fn=<DivBackward0>)
Memory status after this epoch: 
Memory allocated:  484.56494140625
Memory cached:  924.0
	 epoch  70 training error:  tensor(0.9937, device='cuda:0', grad_fn=<DivBackward0>)
	 epoch  70 test error:  tensor(0.1906, device='cuda:0', grad_fn=<DivBackward0>)
Memory status after this epoch: 
Memory allocated:  484.89306640625
Memory cached:  924.0
	 epoch  80 training error:  tensor(0.9936, device='cuda:0', grad_fn=<DivBackward0>)
	 epoch  80 test error:  tensor(0.1906, device='cuda:0', grad_fn=<DivBackward0>)
Memory status after this epoch: 
Memory allocated:  484.56494140625
Memory cached:  926.0
	 epoch  90 training error:  tensor(0.9935, device='cuda:0', grad_fn=<DivBackward0>)
	 epoch  90 test error:  tensor(0.1905, device='cuda:0', grad_fn=<DivBackward0>)
Memory status after this epoch: 
Memory allocated:  484.89306640625
Memory cached:  924.0
[I 2023-11-17 12:41:17,126] Trial 44 finished with value: 0.19056832790374756 and parameters: {'W_layers': 8, 'W_layer_units_exponent_0': 9, 'W_layer_units_exponent_1': 10, 'W_layer_units_exponent_2': 10, 'W_layer_units_exponent_3': 10, 'W_layer_units_exponent_4': 4, 'W_layer_units_exponent_5': 9, 'W_layer_units_exponent_6': 6, 'W_layer_units_exponent_7': 7, 'D_layers': 2, 'D_layer_units_exponent_0': 8, 'D_layer_units_exponent_1': 10, 'log_learning_rate': -4.111075194636599, 'log_learning_rate_D': -4.753300030179152, 'training_batch_size': 12, 'training_p': 2}. Best is trial 32 with value: 0.1905340552330017.
Time for this trial:  171.46731758117676
Memory status after this trial: 
Memory allocated:  896.4169921875
Memory cached:  924.0
--------------------  Trial  45   --------------------
Start timing: 
Parameters: 
{'W_layers': 8, 'W_layer_units_exponent_0': 10, 'W_layer_units_exponent_1': 10, 'W_layer_units_exponent_2': 9, 'W_layer_units_exponent_3': 9, 'W_layer_units_exponent_4': 4, 'W_layer_units_exponent_5': 8, 'W_layer_units_exponent_6': 9, 'W_layer_units_exponent_7': 9, 'D_layers': 4, 'D_layer_units_exponent_0': 6, 'D_layer_units_exponent_1': 9, 'D_layer_units_exponent_2': 9, 'D_layer_units_exponent_3': 8, 'log_learning_rate': -4.8122467953611086, 'log_learning_rate_D': -4.291576650584844, 'training_batch_size': 8, 'training_p': 2}
	 epoch  0 training error:  tensor(1.0009, device='cuda:0', grad_fn=<DivBackward0>)
	 epoch  0 test error:  tensor(0.1921, device='cuda:0', grad_fn=<DivBackward0>)
Memory status after this epoch: 
Memory allocated:  487.25146484375
Memory cached:  582.0
	 epoch  10 training error:  tensor(0.9952, device='cuda:0', grad_fn=<DivBackward0>)
	 epoch  10 test error:  tensor(0.1915, device='cuda:0', grad_fn=<DivBackward0>)
Memory status after this epoch: 
Memory allocated:  486.73583984375
Memory cached:  934.0
	 epoch  20 training error:  tensor(0.9946, device='cuda:0', grad_fn=<DivBackward0>)
	 epoch  20 test error:  tensor(0.1915, device='cuda:0', grad_fn=<DivBackward0>)
Memory status after this epoch: 
Memory allocated:  487.15771484375
Memory cached:  934.0
	 epoch  30 training error:  tensor(0.9944, device='cuda:0', grad_fn=<DivBackward0>)
	 epoch  30 test error:  tensor(0.1914, device='cuda:0', grad_fn=<DivBackward0>)
Memory status after this epoch: 
Memory allocated:  487.11083984375
Memory cached:  930.0
	 epoch  40 training error:  tensor(0.9944, device='cuda:0', grad_fn=<DivBackward0>)
	 epoch  40 test error:  tensor(0.1914, device='cuda:0', grad_fn=<DivBackward0>)
Memory status after this epoch: 
Memory allocated:  487.15771484375
Memory cached:  930.0
	 epoch  50 training error:  tensor(0.9943, device='cuda:0', grad_fn=<DivBackward0>)
	 epoch  50 test error:  tensor(0.1914, device='cuda:0', grad_fn=<DivBackward0>)
Memory status after this epoch: 
Memory allocated:  487.11083984375
Memory cached:  930.0
	 epoch  60 training error:  tensor(0.9943, device='cuda:0', grad_fn=<DivBackward0>)
	 epoch  60 test error:  tensor(0.1914, device='cuda:0', grad_fn=<DivBackward0>)
Memory status after this epoch: 
Memory allocated:  487.15771484375
Memory cached:  930.0
	 epoch  70 training error:  tensor(0.9942, device='cuda:0', grad_fn=<DivBackward0>)
	 epoch  70 test error:  tensor(0.1913, device='cuda:0', grad_fn=<DivBackward0>)
Memory status after this epoch: 
Memory allocated:  487.11083984375
Memory cached:  930.0
	 epoch  80 training error:  tensor(0.9941, device='cuda:0', grad_fn=<DivBackward0>)
	 epoch  80 test error:  tensor(0.1911, device='cuda:0', grad_fn=<DivBackward0>)
Memory status after this epoch: 
Memory allocated:  487.15771484375
Memory cached:  930.0
	 epoch  90 training error:  tensor(0.9940, device='cuda:0', grad_fn=<DivBackward0>)
	 epoch  90 test error:  tensor(0.1910, device='cuda:0', grad_fn=<DivBackward0>)
Memory status after this epoch: 
Memory allocated:  487.11083984375
Memory cached:  930.0
[I 2023-11-17 12:44:29,326] Trial 45 finished with value: 0.1908193975687027 and parameters: {'W_layers': 8, 'W_layer_units_exponent_0': 10, 'W_layer_units_exponent_1': 10, 'W_layer_units_exponent_2': 9, 'W_layer_units_exponent_3': 9, 'W_layer_units_exponent_4': 4, 'W_layer_units_exponent_5': 8, 'W_layer_units_exponent_6': 9, 'W_layer_units_exponent_7': 9, 'D_layers': 4, 'D_layer_units_exponent_0': 6, 'D_layer_units_exponent_1': 9, 'D_layer_units_exponent_2': 9, 'D_layer_units_exponent_3': 8, 'log_learning_rate': -4.8122467953611086, 'log_learning_rate_D': -4.291576650584844, 'training_batch_size': 8, 'training_p': 2}. Best is trial 32 with value: 0.1905340552330017.
Time for this trial:  191.95056200027466
Memory status after this trial: 
Memory allocated:  908.150390625
Memory cached:  930.0
--------------------  Trial  46   --------------------
Start timing: 
Parameters: 
{'W_layers': 7, 'W_layer_units_exponent_0': 9, 'W_layer_units_exponent_1': 6, 'W_layer_units_exponent_2': 10, 'W_layer_units_exponent_3': 7, 'W_layer_units_exponent_4': 6, 'W_layer_units_exponent_5': 10, 'W_layer_units_exponent_6': 5, 'D_layers': 3, 'D_layer_units_exponent_0': 6, 'D_layer_units_exponent_1': 7, 'D_layer_units_exponent_2': 8, 'log_learning_rate': -4.539549076079685, 'log_learning_rate_D': -4.841685907467115, 'training_batch_size': 10, 'training_p': 2}
	 epoch  0 training error:  tensor(1.0008, device='cuda:0', grad_fn=<DivBackward0>)
	 epoch  0 test error:  tensor(0.1921, device='cuda:0', grad_fn=<DivBackward0>)
Memory status after this epoch: 
Memory allocated:  323.30224609375
Memory cached:  406.0
	 epoch  10 training error:  tensor(0.9948, device='cuda:0', grad_fn=<DivBackward0>)
	 epoch  10 test error:  tensor(0.1915, device='cuda:0', grad_fn=<DivBackward0>)
Memory status after this epoch: 
Memory allocated:  322.45849609375
Memory cached:  650.0
	 epoch  20 training error:  tensor(0.9944, device='cuda:0', grad_fn=<DivBackward0>)
	 epoch  20 test error:  tensor(0.1915, device='cuda:0', grad_fn=<DivBackward0>)
Memory status after this epoch: 
Memory allocated:  323.30224609375
Memory cached:  646.0
	 epoch  30 training error:  tensor(0.9944, device='cuda:0', grad_fn=<DivBackward0>)
	 epoch  30 test error:  tensor(0.1915, device='cuda:0', grad_fn=<DivBackward0>)
Memory status after this epoch: 
Memory allocated:  322.36474609375
Memory cached:  646.0
	 epoch  40 training error:  tensor(0.9944, device='cuda:0', grad_fn=<DivBackward0>)
	 epoch  40 test error:  tensor(0.1914, device='cuda:0', grad_fn=<DivBackward0>)
Memory status after this epoch: 
Memory allocated:  323.30224609375
Memory cached:  642.0
	 epoch  50 training error:  tensor(0.9944, device='cuda:0', grad_fn=<DivBackward0>)
	 epoch  50 test error:  tensor(0.1915, device='cuda:0', grad_fn=<DivBackward0>)
Memory status after this epoch: 
Memory allocated:  322.36474609375
Memory cached:  642.0
	 epoch  60 training error:  tensor(0.9944, device='cuda:0', grad_fn=<DivBackward0>)
	 epoch  60 test error:  tensor(0.1915, device='cuda:0', grad_fn=<DivBackward0>)
Memory status after this epoch: 
Memory allocated:  323.25537109375
Memory cached:  644.0
	 epoch  70 training error:  tensor(0.9944, device='cuda:0', grad_fn=<DivBackward0>)
	 epoch  70 test error:  tensor(0.1915, device='cuda:0', grad_fn=<DivBackward0>)
Memory status after this epoch: 
Memory allocated:  322.59912109375
Memory cached:  646.0
	 epoch  80 training error:  tensor(0.9944, device='cuda:0', grad_fn=<DivBackward0>)
	 epoch  80 test error:  tensor(0.1915, device='cuda:0', grad_fn=<DivBackward0>)
Memory status after this epoch: 
Memory allocated:  323.06787109375
Memory cached:  644.0
	 epoch  90 training error:  tensor(0.9944, device='cuda:0', grad_fn=<DivBackward0>)
	 epoch  90 test error:  tensor(0.1914, device='cuda:0', grad_fn=<DivBackward0>)
Memory status after this epoch: 
Memory allocated:  322.97412109375
Memory cached:  646.0
[I 2023-11-17 12:47:09,909] Trial 46 finished with value: 0.19144396483898163 and parameters: {'W_layers': 7, 'W_layer_units_exponent_0': 9, 'W_layer_units_exponent_1': 6, 'W_layer_units_exponent_2': 10, 'W_layer_units_exponent_3': 7, 'W_layer_units_exponent_4': 6, 'W_layer_units_exponent_5': 10, 'W_layer_units_exponent_6': 5, 'D_layers': 3, 'D_layer_units_exponent_0': 6, 'D_layer_units_exponent_1': 7, 'D_layer_units_exponent_2': 8, 'log_learning_rate': -4.539549076079685, 'log_learning_rate_D': -4.841685907467115, 'training_batch_size': 10, 'training_p': 2}. Best is trial 32 with value: 0.1905340552330017.
Time for this trial:  160.3539798259735
Memory status after this trial: 
Memory allocated:  633.5869140625
Memory cached:  644.0
--------------------  Trial  47   --------------------
Start timing: 
Parameters: 
{'W_layers': 8, 'W_layer_units_exponent_0': 10, 'W_layer_units_exponent_1': 4, 'W_layer_units_exponent_2': 9, 'W_layer_units_exponent_3': 6, 'W_layer_units_exponent_4': 10, 'W_layer_units_exponent_5': 9, 'W_layer_units_exponent_6': 8, 'W_layer_units_exponent_7': 5, 'D_layers': 5, 'D_layer_units_exponent_0': 8, 'D_layer_units_exponent_1': 10, 'D_layer_units_exponent_2': 10, 'D_layer_units_exponent_3': 7, 'D_layer_units_exponent_4': 6, 'log_learning_rate': -3.3317177061069185, 'log_learning_rate_D': -3.9697267026989866, 'training_batch_size': 11, 'training_p': 3}
	 epoch  0 training error:  tensor(0.9985, device='cuda:0', grad_fn=<DivBackward0>)
	 epoch  0 test error:  tensor(0.1940, device='cuda:0', grad_fn=<DivBackward0>)
Memory status after this epoch: 
Memory allocated:  491.56787109375
Memory cached:  618.0
	 epoch  10 training error:  tensor(0.9944, device='cuda:0', grad_fn=<DivBackward0>)
	 epoch  10 test error:  tensor(0.1917, device='cuda:0', grad_fn=<DivBackward0>)
Memory status after this epoch: 
Memory allocated:  492.73974609375
Memory cached:  946.0
	 epoch  20 training error:  tensor(0.9933, device='cuda:0', grad_fn=<DivBackward0>)
	 epoch  20 test error:  tensor(0.1918, device='cuda:0', grad_fn=<DivBackward0>)
Memory status after this epoch: 
Memory allocated:  491.56787109375
Memory cached:  946.0
	 epoch  30 training error:  tensor(0.9930, device='cuda:0', grad_fn=<DivBackward0>)
	 epoch  30 test error:  tensor(0.1919, device='cuda:0', grad_fn=<DivBackward0>)
Memory status after this epoch: 
Memory allocated:  492.73974609375
Memory cached:  946.0
	 epoch  40 training error:  tensor(0.9929, device='cuda:0', grad_fn=<DivBackward0>)
	 epoch  40 test error:  tensor(0.1919, device='cuda:0', grad_fn=<DivBackward0>)
Memory status after this epoch: 
Memory allocated:  491.56787109375
Memory cached:  946.0
	 epoch  50 training error:  tensor(0.9927, device='cuda:0', grad_fn=<DivBackward0>)
	 epoch  50 test error:  tensor(0.1919, device='cuda:0', grad_fn=<DivBackward0>)
Memory status after this epoch: 
Memory allocated:  492.73974609375
Memory cached:  946.0
	 epoch  60 training error:  tensor(0.9925, device='cuda:0', grad_fn=<DivBackward0>)
	 epoch  60 test error:  tensor(0.1920, device='cuda:0', grad_fn=<DivBackward0>)
Memory status after this epoch: 
Memory allocated:  491.56787109375
Memory cached:  946.0
	 epoch  70 training error:  tensor(0.9922, device='cuda:0', grad_fn=<DivBackward0>)
	 epoch  70 test error:  tensor(0.1920, device='cuda:0', grad_fn=<DivBackward0>)
Memory status after this epoch: 
Memory allocated:  492.73974609375
Memory cached:  946.0
	 epoch  80 training error:  tensor(0.9920, device='cuda:0', grad_fn=<DivBackward0>)
	 epoch  80 test error:  tensor(0.1921, device='cuda:0', grad_fn=<DivBackward0>)
Memory status after this epoch: 
Memory allocated:  491.56787109375
Memory cached:  946.0
	 epoch  90 training error:  tensor(0.9918, device='cuda:0', grad_fn=<DivBackward0>)
	 epoch  90 test error:  tensor(0.1921, device='cuda:0', grad_fn=<DivBackward0>)
Memory status after this epoch: 
Memory allocated:  492.73974609375
Memory cached:  948.0
[I 2023-11-17 12:50:33,313] Trial 47 finished with value: 0.19213984906673431 and parameters: {'W_layers': 8, 'W_layer_units_exponent_0': 10, 'W_layer_units_exponent_1': 4, 'W_layer_units_exponent_2': 9, 'W_layer_units_exponent_3': 6, 'W_layer_units_exponent_4': 10, 'W_layer_units_exponent_5': 9, 'W_layer_units_exponent_6': 8, 'W_layer_units_exponent_7': 5, 'D_layers': 5, 'D_layer_units_exponent_0': 8, 'D_layer_units_exponent_1': 10, 'D_layer_units_exponent_2': 10, 'D_layer_units_exponent_3': 7, 'D_layer_units_exponent_4': 6, 'log_learning_rate': -3.3317177061069185, 'log_learning_rate_D': -3.9697267026989866, 'training_batch_size': 11, 'training_p': 3}. Best is trial 32 with value: 0.1905340552330017.
Time for this trial:  203.13806343078613
Memory status after this trial: 
Memory allocated:  927.142578125
Memory cached:  946.0
--------------------  Trial  48   --------------------
Start timing: 
Parameters: 
{'W_layers': 6, 'W_layer_units_exponent_0': 10, 'W_layer_units_exponent_1': 9, 'W_layer_units_exponent_2': 10, 'W_layer_units_exponent_3': 5, 'W_layer_units_exponent_4': 7, 'W_layer_units_exponent_5': 8, 'D_layers': 2, 'D_layer_units_exponent_0': 7, 'D_layer_units_exponent_1': 5, 'log_learning_rate': -4.879152092947285, 'log_learning_rate_D': -3.4768260561185813, 'training_batch_size': 12, 'training_p': 2}
	 epoch  0 training error:  tensor(1.0006, device='cuda:0', grad_fn=<DivBackward0>)
	 epoch  0 test error:  tensor(0.1919, device='cuda:0', grad_fn=<DivBackward0>)
Memory status after this epoch: 
Memory allocated:  327.3291015625
Memory cached:  450.0
	 epoch  10 training error:  tensor(0.9954, device='cuda:0', grad_fn=<DivBackward0>)
	 epoch  10 test error:  tensor(0.1915, device='cuda:0', grad_fn=<DivBackward0>)
Memory status after this epoch: 
Memory allocated:  324.7978515625
Memory cached:  644.0
	 epoch  20 training error:  tensor(0.9946, device='cuda:0', grad_fn=<DivBackward0>)
	 epoch  20 test error:  tensor(0.1915, device='cuda:0', grad_fn=<DivBackward0>)
Memory status after this epoch: 
Memory allocated:  327.2353515625
Memory cached:  640.0
	 epoch  30 training error:  tensor(0.9943, device='cuda:0', grad_fn=<DivBackward0>)
	 epoch  30 test error:  tensor(0.1914, device='cuda:0', grad_fn=<DivBackward0>)
Memory status after this epoch: 
Memory allocated:  324.8447265625
Memory cached:  640.0
	 epoch  40 training error:  tensor(0.9943, device='cuda:0', grad_fn=<DivBackward0>)
	 epoch  40 test error:  tensor(0.1914, device='cuda:0', grad_fn=<DivBackward0>)
Memory status after this epoch: 
Memory allocated:  327.0947265625
Memory cached:  636.0
	 epoch  50 training error:  tensor(0.9942, device='cuda:0', grad_fn=<DivBackward0>)
	 epoch  50 test error:  tensor(0.1913, device='cuda:0', grad_fn=<DivBackward0>)
Memory status after this epoch: 
Memory allocated:  324.8916015625
Memory cached:  636.0
	 epoch  60 training error:  tensor(0.9941, device='cuda:0', grad_fn=<DivBackward0>)
	 epoch  60 test error:  tensor(0.1912, device='cuda:0', grad_fn=<DivBackward0>)
Memory status after this epoch: 
Memory allocated:  327.0009765625
Memory cached:  636.0
	 epoch  70 training error:  tensor(0.9941, device='cuda:0', grad_fn=<DivBackward0>)
	 epoch  70 test error:  tensor(0.1911, device='cuda:0', grad_fn=<DivBackward0>)
Memory status after this epoch: 
Memory allocated:  324.9384765625
Memory cached:  636.0
	 epoch  80 training error:  tensor(0.9940, device='cuda:0', grad_fn=<DivBackward0>)
	 epoch  80 test error:  tensor(0.1910, device='cuda:0', grad_fn=<DivBackward0>)
Memory status after this epoch: 
Memory allocated:  327.0009765625
Memory cached:  638.0
	 epoch  90 training error:  tensor(0.9939, device='cuda:0', grad_fn=<DivBackward0>)
	 epoch  90 test error:  tensor(0.1909, device='cuda:0', grad_fn=<DivBackward0>)
Memory status after this epoch: 
Memory allocated:  325.3134765625
Memory cached:  636.0
