[I 2023-11-17 13:20:50,002] Trial 8 finished with value: 0.19178959727287292 and parameters: {'W_layers': 5, 'W_layer_units_exponent_0': 6, 'W_layer_units_exponent_1': 6, 'W_layer_units_exponent_2': 9, 'W_layer_units_exponent_3': 4, 'W_layer_units_exponent_4': 4, 'D_layers': 7, 'D_layer_units_exponent_0': 8, 'D_layer_units_exponent_1': 8, 'D_layer_units_exponent_2': 6, 'D_layer_units_exponent_3': 4, 'D_layer_units_exponent_4': 4, 'D_layer_units_exponent_5': 7, 'D_layer_units_exponent_6': 10, 'log_learning_rate': -3.9328475328399786, 'log_learning_rate_D': -2.337635588613311, 'training_batch_size': 12, 'training_p': 3}. Best is trial 6 with value: 0.1912660449743271.
Time for this trial:  168.76259779930115
Memory status after this trial: 
Memory allocated:  540.1064453125
Memory cached:  554.0
--------------------  Trial  9   --------------------
Start timing: 
Parameters: 
{'W_layers': 3, 'W_layer_units_exponent_0': 8, 'W_layer_units_exponent_1': 6, 'W_layer_units_exponent_2': 7, 'D_layers': 6, 'D_layer_units_exponent_0': 8, 'D_layer_units_exponent_1': 6, 'D_layer_units_exponent_2': 7, 'D_layer_units_exponent_3': 5, 'D_layer_units_exponent_4': 4, 'D_layer_units_exponent_5': 10, 'log_learning_rate': -1.9700799540284581, 'log_learning_rate_D': -4.363211990570374, 'training_batch_size': 8, 'training_p': 7}
	 epoch  0 training error:  tensor(0.9914, device='cuda:0', grad_fn=<DivBackward0>)
	 epoch  0 test error:  tensor(0.7633, device='cuda:0', grad_fn=<DivBackward0>)
Memory status after this epoch: 
Memory allocated:  246.08935546875
Memory cached:  378.0
	 epoch  10 training error:  tensor(1.0002, device='cuda:0', grad_fn=<DivBackward0>)
	 epoch  10 test error:  tensor(0.1922, device='cuda:0', grad_fn=<DivBackward0>)
Memory status after this epoch: 
Memory allocated:  247.49560546875
Memory cached:  494.0
	 epoch  20 training error:  tensor(1.0000, device='cuda:0', grad_fn=<DivBackward0>)
	 epoch  20 test error:  tensor(0.1922, device='cuda:0', grad_fn=<DivBackward0>)
Memory status after this epoch: 
Memory allocated:  246.08935546875
Memory cached:  494.0
	 epoch  30 training error:  tensor(1.0000, device='cuda:0', grad_fn=<DivBackward0>)
	 epoch  30 test error:  tensor(0.1922, device='cuda:0', grad_fn=<DivBackward0>)
Memory status after this epoch: 
Memory allocated:  247.49560546875
Memory cached:  494.0
	 epoch  40 training error:  tensor(1.0000, device='cuda:0', grad_fn=<DivBackward0>)
	 epoch  40 test error:  tensor(0.1922, device='cuda:0', grad_fn=<DivBackward0>)
Memory status after this epoch: 
Memory allocated:  246.08935546875
Memory cached:  494.0
	 epoch  50 training error:  tensor(1.0000, device='cuda:0', grad_fn=<DivBackward0>)
	 epoch  50 test error:  tensor(0.1922, device='cuda:0', grad_fn=<DivBackward0>)
Memory status after this epoch: 
Memory allocated:  247.49560546875
Memory cached:  494.0
	 epoch  60 training error:  tensor(1.0000, device='cuda:0', grad_fn=<DivBackward0>)
	 epoch  60 test error:  tensor(0.1922, device='cuda:0', grad_fn=<DivBackward0>)
Memory status after this epoch: 
Memory allocated:  246.08935546875
Memory cached:  496.0
	 epoch  70 training error:  tensor(1.0000, device='cuda:0', grad_fn=<DivBackward0>)
	 epoch  70 test error:  tensor(0.1922, device='cuda:0', grad_fn=<DivBackward0>)
Memory status after this epoch: 
Memory allocated:  247.49560546875
Memory cached:  496.0
	 epoch  80 training error:  tensor(1.0000, device='cuda:0', grad_fn=<DivBackward0>)
	 epoch  80 test error:  tensor(0.1922, device='cuda:0', grad_fn=<DivBackward0>)
Memory status after this epoch: 
Memory allocated:  246.08935546875
Memory cached:  496.0
	 epoch  90 training error:  tensor(1.0000, device='cuda:0', grad_fn=<DivBackward0>)
	 epoch  90 test error:  tensor(0.1922, device='cuda:0', grad_fn=<DivBackward0>)
Memory status after this epoch: 
Memory allocated:  247.49560546875
Memory cached:  498.0
[I 2023-11-17 13:23:13,021] Trial 9 finished with value: 0.1921815723180771 and parameters: {'W_layers': 3, 'W_layer_units_exponent_0': 8, 'W_layer_units_exponent_1': 6, 'W_layer_units_exponent_2': 7, 'D_layers': 6, 'D_layer_units_exponent_0': 8, 'D_layer_units_exponent_1': 6, 'D_layer_units_exponent_2': 7, 'D_layer_units_exponent_3': 5, 'D_layer_units_exponent_4': 4, 'D_layer_units_exponent_5': 10, 'log_learning_rate': -1.9700799540284581, 'log_learning_rate_D': -4.363211990570374, 'training_batch_size': 8, 'training_p': 7}. Best is trial 6 with value: 0.1912660449743271.
Time for this trial:  142.87353777885437
Memory status after this trial: 
Memory allocated:  488.3203125
Memory cached:  498.0
--------------------  Trial  10   --------------------
Start timing: 
Parameters: 
{'W_layers': 2, 'W_layer_units_exponent_0': 10, 'W_layer_units_exponent_1': 10, 'D_layers': 2, 'D_layer_units_exponent_0': 10, 'D_layer_units_exponent_1': 10, 'log_learning_rate': -4.992923870190247, 'log_learning_rate_D': -4.989311682067607, 'training_batch_size': 11, 'training_p': 2}
	 epoch  0 training error:  tensor(0.9963, device='cuda:0', grad_fn=<DivBackward0>)
	 epoch  0 test error:  tensor(0.1915, device='cuda:0', grad_fn=<DivBackward0>)
Memory status after this epoch: 
Memory allocated:  391.86181640625
Memory cached:  532.0
	 epoch  10 training error:  tensor(0.9947, device='cuda:0', grad_fn=<DivBackward0>)
	 epoch  10 test error:  tensor(0.1913, device='cuda:0', grad_fn=<DivBackward0>)
Memory status after this epoch: 
Memory allocated:  393.08056640625
Memory cached:  766.0
	 epoch  20 training error:  tensor(0.9943, device='cuda:0', grad_fn=<DivBackward0>)
	 epoch  20 test error:  tensor(0.1912, device='cuda:0', grad_fn=<DivBackward0>)
Memory status after this epoch: 
Memory allocated:  391.86181640625
Memory cached:  766.0
	 epoch  30 training error:  tensor(0.9939, device='cuda:0', grad_fn=<DivBackward0>)
	 epoch  30 test error:  tensor(0.1910, device='cuda:0', grad_fn=<DivBackward0>)
Memory status after this epoch: 
Memory allocated:  393.08056640625
Memory cached:  766.0
	 epoch  40 training error:  tensor(0.9938, device='cuda:0', grad_fn=<DivBackward0>)
	 epoch  40 test error:  tensor(0.1908, device='cuda:0', grad_fn=<DivBackward0>)
Memory status after this epoch: 
Memory allocated:  391.86181640625
Memory cached:  766.0
	 epoch  50 training error:  tensor(0.9938, device='cuda:0', grad_fn=<DivBackward0>)
	 epoch  50 test error:  tensor(0.1907, device='cuda:0', grad_fn=<DivBackward0>)
Memory status after this epoch: 
Memory allocated:  393.08056640625
Memory cached:  766.0
	 epoch  60 training error:  tensor(0.9937, device='cuda:0', grad_fn=<DivBackward0>)
	 epoch  60 test error:  tensor(0.1907, device='cuda:0', grad_fn=<DivBackward0>)
Memory status after this epoch: 
Memory allocated:  391.86181640625
Memory cached:  766.0
	 epoch  70 training error:  tensor(0.9937, device='cuda:0', grad_fn=<DivBackward0>)
	 epoch  70 test error:  tensor(0.1907, device='cuda:0', grad_fn=<DivBackward0>)
Memory status after this epoch: 
Memory allocated:  393.08056640625
Memory cached:  766.0
	 epoch  80 training error:  tensor(0.9936, device='cuda:0', grad_fn=<DivBackward0>)
	 epoch  80 test error:  tensor(0.1906, device='cuda:0', grad_fn=<DivBackward0>)
Memory status after this epoch: 
Memory allocated:  391.86181640625
Memory cached:  766.0
	 epoch  90 training error:  tensor(0.9936, device='cuda:0', grad_fn=<DivBackward0>)
	 epoch  90 test error:  tensor(0.1906, device='cuda:0', grad_fn=<DivBackward0>)
Memory status after this epoch: 
Memory allocated:  393.08056640625
Memory cached:  766.0
[I 2023-11-17 13:25:14,567] Trial 10 finished with value: 0.190627321600914 and parameters: {'W_layers': 2, 'W_layer_units_exponent_0': 10, 'W_layer_units_exponent_1': 10, 'D_layers': 2, 'D_layer_units_exponent_0': 10, 'D_layer_units_exponent_1': 10, 'log_learning_rate': -4.992923870190247, 'log_learning_rate_D': -4.989311682067607, 'training_batch_size': 11, 'training_p': 2}. Best is trial 10 with value: 0.190627321600914.
Time for this trial:  121.38698863983154
Memory status after this trial: 
Memory allocated:  728.7509765625
Memory cached:  766.0
--------------------  Trial  11   --------------------
Start timing: 
Parameters: 
{'W_layers': 2, 'W_layer_units_exponent_0': 10, 'W_layer_units_exponent_1': 9, 'D_layers': 2, 'D_layer_units_exponent_0': 10, 'D_layer_units_exponent_1': 10, 'log_learning_rate': -4.961526414548338, 'log_learning_rate_D': -4.774696294207041, 'training_batch_size': 11, 'training_p': 2}
	 epoch  0 training error:  tensor(1.0168, device='cuda:0', grad_fn=<DivBackward0>)
	 epoch  0 test error:  tensor(0.1926, device='cuda:0', grad_fn=<DivBackward0>)
Memory status after this epoch: 
Memory allocated:  358.00244140625
Memory cached:  484.0
	 epoch  10 training error:  tensor(0.9950, device='cuda:0', grad_fn=<DivBackward0>)
	 epoch  10 test error:  tensor(0.1914, device='cuda:0', grad_fn=<DivBackward0>)
Memory status after this epoch: 
Memory allocated:  354.43994140625
Memory cached:  702.0
	 epoch  20 training error:  tensor(0.9946, device='cuda:0', grad_fn=<DivBackward0>)
	 epoch  20 test error:  tensor(0.1914, device='cuda:0', grad_fn=<DivBackward0>)
Memory status after this epoch: 
Memory allocated:  357.86181640625
Memory cached:  702.0
	 epoch  30 training error:  tensor(0.9943, device='cuda:0', grad_fn=<DivBackward0>)
	 epoch  30 test error:  tensor(0.1913, device='cuda:0', grad_fn=<DivBackward0>)
Memory status after this epoch: 
Memory allocated:  354.86181640625
Memory cached:  702.0
	 epoch  40 training error:  tensor(0.9941, device='cuda:0', grad_fn=<DivBackward0>)
	 epoch  40 test error:  tensor(0.1911, device='cuda:0', grad_fn=<DivBackward0>)
Memory status after this epoch: 
Memory allocated:  357.39306640625
Memory cached:  698.0
	 epoch  50 training error:  tensor(0.9939, device='cuda:0', grad_fn=<DivBackward0>)
	 epoch  50 test error:  tensor(0.1910, device='cuda:0', grad_fn=<DivBackward0>)
Memory status after this epoch: 
Memory allocated:  354.76806640625
Memory cached:  698.0
	 epoch  60 training error:  tensor(0.9939, device='cuda:0', grad_fn=<DivBackward0>)
	 epoch  60 test error:  tensor(0.1908, device='cuda:0', grad_fn=<DivBackward0>)
Memory status after this epoch: 
Memory allocated:  357.39306640625
Memory cached:  698.0
	 epoch  70 training error:  tensor(0.9938, device='cuda:0', grad_fn=<DivBackward0>)
	 epoch  70 test error:  tensor(0.1907, device='cuda:0', grad_fn=<DivBackward0>)
Memory status after this epoch: 
Memory allocated:  354.81494140625
Memory cached:  698.0
	 epoch  80 training error:  tensor(0.9938, device='cuda:0', grad_fn=<DivBackward0>)
	 epoch  80 test error:  tensor(0.1907, device='cuda:0', grad_fn=<DivBackward0>)
Memory status after this epoch: 
Memory allocated:  357.43994140625
Memory cached:  698.0
	 epoch  90 training error:  tensor(0.9937, device='cuda:0', grad_fn=<DivBackward0>)
	 epoch  90 test error:  tensor(0.1907, device='cuda:0', grad_fn=<DivBackward0>)
Memory status after this epoch: 
Memory allocated:  354.62744140625
Memory cached:  698.0
[I 2023-11-17 13:27:09,762] Trial 11 finished with value: 0.19067005813121796 and parameters: {'W_layers': 2, 'W_layer_units_exponent_0': 10, 'W_layer_units_exponent_1': 9, 'D_layers': 2, 'D_layer_units_exponent_0': 10, 'D_layer_units_exponent_1': 10, 'log_learning_rate': -4.961526414548338, 'log_learning_rate_D': -4.774696294207041, 'training_batch_size': 11, 'training_p': 2}. Best is trial 10 with value: 0.190627321600914.
Time for this trial:  115.0333206653595
Memory status after this trial: 
Memory allocated:  671.4619140625
Memory cached:  698.0
--------------------  Trial  12   --------------------
Start timing: 
Parameters: 
{'W_layers': 2, 'W_layer_units_exponent_0': 10, 'W_layer_units_exponent_1': 10, 'D_layers': 2, 'D_layer_units_exponent_0': 10, 'D_layer_units_exponent_1': 10, 'log_learning_rate': -4.600154390328615, 'log_learning_rate_D': -4.974311701810108, 'training_batch_size': 11, 'training_p': 2}
	 epoch  0 training error:  tensor(0.9952, device='cuda:0', grad_fn=<DivBackward0>)
	 epoch  0 test error:  tensor(0.1937, device='cuda:0', grad_fn=<DivBackward0>)
Memory status after this epoch: 
Memory allocated:  390.92431640625
Memory cached:  552.0
	 epoch  10 training error:  tensor(0.9977, device='cuda:0', grad_fn=<DivBackward0>)
	 epoch  10 test error:  tensor(0.1915, device='cuda:0', grad_fn=<DivBackward0>)
Memory status after this epoch: 
Memory allocated:  391.25244140625
Memory cached:  786.0
	 epoch  20 training error:  tensor(0.9955, device='cuda:0', grad_fn=<DivBackward0>)
	 epoch  20 test error:  tensor(0.1914, device='cuda:0', grad_fn=<DivBackward0>)
Memory status after this epoch: 
Memory allocated:  391.11181640625
Memory cached:  766.0
	 epoch  30 training error:  tensor(0.9940, device='cuda:0', grad_fn=<DivBackward0>)
	 epoch  30 test error:  tensor(0.1911, device='cuda:0', grad_fn=<DivBackward0>)
Memory status after this epoch: 
Memory allocated:  391.20556640625
Memory cached:  766.0
	 epoch  40 training error:  tensor(0.9940, device='cuda:0', grad_fn=<DivBackward0>)
	 epoch  40 test error:  tensor(0.1909, device='cuda:0', grad_fn=<DivBackward0>)
Memory status after this epoch: 
Memory allocated:  391.01806640625
Memory cached:  762.0
	 epoch  50 training error:  tensor(0.9939, device='cuda:0', grad_fn=<DivBackward0>)
	 epoch  50 test error:  tensor(0.1908, device='cuda:0', grad_fn=<DivBackward0>)
Memory status after this epoch: 
Memory allocated:  391.29931640625
Memory cached:  762.0
	 epoch  60 training error:  tensor(0.9938, device='cuda:0', grad_fn=<DivBackward0>)
	 epoch  60 test error:  tensor(0.1907, device='cuda:0', grad_fn=<DivBackward0>)
Memory status after this epoch: 
Memory allocated:  391.01806640625
Memory cached:  762.0
	 epoch  70 training error:  tensor(0.9938, device='cuda:0', grad_fn=<DivBackward0>)
	 epoch  70 test error:  tensor(0.1907, device='cuda:0', grad_fn=<DivBackward0>)
Memory status after this epoch: 
Memory allocated:  391.29931640625
Memory cached:  762.0
	 epoch  80 training error:  tensor(0.9937, device='cuda:0', grad_fn=<DivBackward0>)
	 epoch  80 test error:  tensor(0.1907, device='cuda:0', grad_fn=<DivBackward0>)
Memory status after this epoch: 
Memory allocated:  391.29931640625
Memory cached:  762.0
	 epoch  90 training error:  tensor(0.9937, device='cuda:0', grad_fn=<DivBackward0>)
	 epoch  90 test error:  tensor(0.1907, device='cuda:0', grad_fn=<DivBackward0>)
Memory status after this epoch: 
Memory allocated:  390.83056640625
Memory cached:  762.0
[I 2023-11-17 13:29:11,776] Trial 12 finished with value: 0.19063995778560638 and parameters: {'W_layers': 2, 'W_layer_units_exponent_0': 10, 'W_layer_units_exponent_1': 10, 'D_layers': 2, 'D_layer_units_exponent_0': 10, 'D_layer_units_exponent_1': 10, 'log_learning_rate': -4.600154390328615, 'log_learning_rate_D': -4.974311701810108, 'training_batch_size': 11, 'training_p': 2}. Best is trial 10 with value: 0.190627321600914.
Time for this trial:  121.85253834724426
Memory status after this trial: 
Memory allocated:  730.1572265625
Memory cached:  762.0
--------------------  Trial  13   --------------------
Start timing: 
Parameters: 
{'W_layers': 2, 'W_layer_units_exponent_0': 10, 'W_layer_units_exponent_1': 10, 'D_layers': 2, 'D_layer_units_exponent_0': 10, 'D_layer_units_exponent_1': 10, 'log_learning_rate': -4.422848973248033, 'log_learning_rate_D': -4.044100514402652, 'training_batch_size': 10, 'training_p': 4}
	 epoch  0 training error:  tensor(1.0444, device='cuda:0', grad_fn=<DivBackward0>)
	 epoch  0 test error:  tensor(0.1912, device='cuda:0', grad_fn=<DivBackward0>)
Memory status after this epoch: 
Memory allocated:  391.29931640625
Memory cached:  524.0
	 epoch  10 training error:  tensor(0.9921, device='cuda:0', grad_fn=<DivBackward0>)
	 epoch  10 test error:  tensor(0.1924, device='cuda:0', grad_fn=<DivBackward0>)
Memory status after this epoch: 
Memory allocated:  391.95556640625
Memory cached:  758.0
	 epoch  20 training error:  tensor(0.9937, device='cuda:0', grad_fn=<DivBackward0>)
	 epoch  20 test error:  tensor(0.1926, device='cuda:0', grad_fn=<DivBackward0>)
Memory status after this epoch: 
Memory allocated:  391.29931640625
Memory cached:  758.0
	 epoch  30 training error:  tensor(0.9915, device='cuda:0', grad_fn=<DivBackward0>)
	 epoch  30 test error:  tensor(0.1926, device='cuda:0', grad_fn=<DivBackward0>)
Memory status after this epoch: 
Memory allocated:  391.95556640625
Memory cached:  758.0
	 epoch  40 training error:  tensor(0.9905, device='cuda:0', grad_fn=<DivBackward0>)
	 epoch  40 test error:  tensor(0.1926, device='cuda:0', grad_fn=<DivBackward0>)
Memory status after this epoch: 
Memory allocated:  391.29931640625
Memory cached:  758.0
	 epoch  50 training error:  tensor(0.9903, device='cuda:0', grad_fn=<DivBackward0>)
	 epoch  50 test error:  tensor(0.1927, device='cuda:0', grad_fn=<DivBackward0>)
Memory status after this epoch: 
Memory allocated:  391.95556640625
Memory cached:  758.0
	 epoch  60 training error:  tensor(0.9902, device='cuda:0', grad_fn=<DivBackward0>)
	 epoch  60 test error:  tensor(0.1927, device='cuda:0', grad_fn=<DivBackward0>)
Memory status after this epoch: 
Memory allocated:  391.29931640625
Memory cached:  758.0
	 epoch  70 training error:  tensor(0.9900, device='cuda:0', grad_fn=<DivBackward0>)
	 epoch  70 test error:  tensor(0.1928, device='cuda:0', grad_fn=<DivBackward0>)
Memory status after this epoch: 
Memory allocated:  391.95556640625
Memory cached:  758.0
	 epoch  80 training error:  tensor(0.9900, device='cuda:0', grad_fn=<DivBackward0>)
	 epoch  80 test error:  tensor(0.1928, device='cuda:0', grad_fn=<DivBackward0>)
Memory status after this epoch: 
Memory allocated:  391.29931640625
Memory cached:  758.0
	 epoch  90 training error:  tensor(0.9899, device='cuda:0', grad_fn=<DivBackward0>)
	 epoch  90 test error:  tensor(0.1928, device='cuda:0', grad_fn=<DivBackward0>)
Memory status after this epoch: 
Memory allocated:  391.95556640625
Memory cached:  758.0
[I 2023-11-17 13:31:11,888] Trial 13 finished with value: 0.19283397495746613 and parameters: {'W_layers': 2, 'W_layer_units_exponent_0': 10, 'W_layer_units_exponent_1': 10, 'D_layers': 2, 'D_layer_units_exponent_0': 10, 'D_layer_units_exponent_1': 10, 'log_learning_rate': -4.422848973248033, 'log_learning_rate_D': -4.044100514402652, 'training_batch_size': 10, 'training_p': 4}. Best is trial 10 with value: 0.190627321600914.
Time for this trial:  119.92528009414673
Memory status after this trial: 
Memory allocated:  729.8759765625
Memory cached:  758.0
--------------------  Trial  14   --------------------
Start timing: 
Parameters: 
{'W_layers': 4, 'W_layer_units_exponent_0': 9, 'W_layer_units_exponent_1': 10, 'W_layer_units_exponent_2': 10, 'W_layer_units_exponent_3': 10, 'D_layers': 3, 'D_layer_units_exponent_0': 10, 'D_layer_units_exponent_1': 10, 'D_layer_units_exponent_2': 4, 'log_learning_rate': -4.2047480051459605, 'log_learning_rate_D': -3.657807609975585, 'training_batch_size': 11, 'training_p': 3}
	 epoch  0 training error:  tensor(0.9988, device='cuda:0', grad_fn=<DivBackward0>)
	 epoch  0 test error:  tensor(0.1967, device='cuda:0', grad_fn=<DivBackward0>)
Memory status after this epoch: 
Memory allocated:  499.740234375
Memory cached:  630.0
	 epoch  10 training error:  tensor(0.9962, device='cuda:0', grad_fn=<DivBackward0>)
	 epoch  10 test error:  tensor(0.1927, device='cuda:0', grad_fn=<DivBackward0>)
Memory status after this epoch: 
Memory allocated:  498.333984375
Memory cached:  958.0
	 epoch  20 training error:  tensor(0.9945, device='cuda:0', grad_fn=<DivBackward0>)
	 epoch  20 test error:  tensor(0.1923, device='cuda:0', grad_fn=<DivBackward0>)
Memory status after this epoch: 
Memory allocated:  499.505859375
Memory cached:  954.0
	 epoch  30 training error:  tensor(0.9931, device='cuda:0', grad_fn=<DivBackward0>)
	 epoch  30 test error:  tensor(0.1917, device='cuda:0', grad_fn=<DivBackward0>)
Memory status after this epoch: 
Memory allocated:  498.240234375
Memory cached:  954.0
	 epoch  40 training error:  tensor(0.9929, device='cuda:0', grad_fn=<DivBackward0>)
	 epoch  40 test error:  tensor(0.1914, device='cuda:0', grad_fn=<DivBackward0>)
Memory status after this epoch: 
Memory allocated:  499.412109375
Memory cached:  950.0
	 epoch  50 training error:  tensor(0.9927, device='cuda:0', grad_fn=<DivBackward0>)
	 epoch  50 test error:  tensor(0.1918, device='cuda:0', grad_fn=<DivBackward0>)
Memory status after this epoch: 
Memory allocated:  498.521484375
Memory cached:  950.0
	 epoch  60 training error:  tensor(0.9926, device='cuda:0', grad_fn=<DivBackward0>)
	 epoch  60 test error:  tensor(0.1917, device='cuda:0', grad_fn=<DivBackward0>)
Memory status after this epoch: 
Memory allocated:  499.037109375
Memory cached:  946.0
	 epoch  70 training error:  tensor(0.9926, device='cuda:0', grad_fn=<DivBackward0>)
	 epoch  70 test error:  tensor(0.1916, device='cuda:0', grad_fn=<DivBackward0>)
Memory status after this epoch: 
Memory allocated:  498.240234375
Memory cached:  946.0
	 epoch  80 training error:  tensor(0.9925, device='cuda:0', grad_fn=<DivBackward0>)
	 epoch  80 test error:  tensor(0.1917, device='cuda:0', grad_fn=<DivBackward0>)
Memory status after this epoch: 
Memory allocated:  498.990234375
Memory cached:  946.0
	 epoch  90 training error:  tensor(0.9924, device='cuda:0', grad_fn=<DivBackward0>)
	 epoch  90 test error:  tensor(0.1917, device='cuda:0', grad_fn=<DivBackward0>)
Memory status after this epoch: 
Memory allocated:  499.177734375
Memory cached:  946.0
