[I 2023-11-16 20:32:13,003] Trial 10 finished with value: 0.8067337870597839 and parameters: {'W_layers': 5, 'W_layer_units_exponent_0': 4, 'W_layer_units_exponent_1': 4, 'W_layer_units_exponent_2': 4, 'W_layer_units_exponent_3': 4, 'W_layer_units_exponent_4': 4, 'D_layers': 8, 'D_layer_units_exponent_0': 10, 'D_layer_units_exponent_1': 10, 'D_layer_units_exponent_2': 6, 'D_layer_units_exponent_3': 6, 'D_layer_units_exponent_4': 9, 'D_layer_units_exponent_5': 10, 'D_layer_units_exponent_6': 4, 'D_layer_units_exponent_7': 10, 'log_learning_rate': -3.3766328695834975, 'log_learning_rate_D': -1.0276699270212517, 'training_batch_size': 10, 'training_p': 2}. Best is trial 5 with value: 0.7917489409446716.
Time for this trial:  188.69133353233337
Memory status after this trial: 
Memory allocated:  688.0986328125
Memory cached:  720.0
--------------------  Trial  11   --------------------
Start timing: 
Parameters: 
{'W_layers': 6, 'W_layer_units_exponent_0': 9, 'W_layer_units_exponent_1': 8, 'W_layer_units_exponent_2': 10, 'W_layer_units_exponent_3': 6, 'W_layer_units_exponent_4': 10, 'W_layer_units_exponent_5': 10, 'D_layers': 2, 'D_layer_units_exponent_0': 9, 'D_layer_units_exponent_1': 6, 'log_learning_rate': -4.893214051640395, 'log_learning_rate_D': -2.355074179984134, 'training_batch_size': 8, 'training_p': 2}
	 epoch  0 training error:  tensor(1.3493, device='cuda:0', grad_fn=<DivBackward0>)
	 epoch  0 test error:  tensor(4.5932, device='cuda:0', grad_fn=<DivBackward0>)
Memory status after this epoch: 
Memory allocated:  347.48876953125
Memory cached:  390.0
	 epoch  10 training error:  tensor(0.3870, device='cuda:0', grad_fn=<DivBackward0>)
	 epoch  10 test error:  tensor(1.6994, device='cuda:0', grad_fn=<DivBackward0>)
Memory status after this epoch: 
Memory allocated:  347.62939453125
Memory cached:  672.0
	 epoch  20 training error:  tensor(0.2000, device='cuda:0', grad_fn=<DivBackward0>)
	 epoch  20 test error:  tensor(0.8343, device='cuda:0', grad_fn=<DivBackward0>)
Memory status after this epoch: 
Memory allocated:  347.91064453125
Memory cached:  672.0
	 epoch  30 training error:  tensor(0.1929, device='cuda:0', grad_fn=<DivBackward0>)
	 epoch  30 test error:  tensor(0.8560, device='cuda:0', grad_fn=<DivBackward0>)
Memory status after this epoch: 
Memory allocated:  347.30126953125
Memory cached:  672.0
	 epoch  40 training error:  tensor(0.1887, device='cuda:0', grad_fn=<DivBackward0>)
	 epoch  40 test error:  tensor(0.8511, device='cuda:0', grad_fn=<DivBackward0>)
Memory status after this epoch: 
Memory allocated:  348.28564453125
Memory cached:  672.0
	 epoch  50 training error:  tensor(0.1873, device='cuda:0', grad_fn=<DivBackward0>)
	 epoch  50 test error:  tensor(0.8580, device='cuda:0', grad_fn=<DivBackward0>)
Memory status after this epoch: 
Memory allocated:  347.30126953125
Memory cached:  672.0
	 epoch  60 training error:  tensor(0.1861, device='cuda:0', grad_fn=<DivBackward0>)
	 epoch  60 test error:  tensor(0.8575, device='cuda:0', grad_fn=<DivBackward0>)
Memory status after this epoch: 
Memory allocated:  347.81689453125
Memory cached:  672.0
	 epoch  70 training error:  tensor(0.1855, device='cuda:0', grad_fn=<DivBackward0>)
	 epoch  70 test error:  tensor(0.8506, device='cuda:0', grad_fn=<DivBackward0>)
Memory status after this epoch: 
Memory allocated:  347.30126953125
Memory cached:  672.0
	 epoch  80 training error:  tensor(0.1852, device='cuda:0', grad_fn=<DivBackward0>)
	 epoch  80 test error:  tensor(0.8496, device='cuda:0', grad_fn=<DivBackward0>)
Memory status after this epoch: 
Memory allocated:  348.28564453125
Memory cached:  674.0
	 epoch  90 training error:  tensor(0.1851, device='cuda:0', grad_fn=<DivBackward0>)
	 epoch  90 test error:  tensor(0.8469, device='cuda:0', grad_fn=<DivBackward0>)
Memory status after this epoch: 
Memory allocated:  347.25439453125
Memory cached:  672.0
[I 2023-11-16 20:34:40,942] Trial 11 finished with value: 0.846871554851532 and parameters: {'W_layers': 6, 'W_layer_units_exponent_0': 9, 'W_layer_units_exponent_1': 8, 'W_layer_units_exponent_2': 10, 'W_layer_units_exponent_3': 6, 'W_layer_units_exponent_4': 10, 'W_layer_units_exponent_5': 10, 'D_layers': 2, 'D_layer_units_exponent_0': 9, 'D_layer_units_exponent_1': 6, 'log_learning_rate': -4.893214051640395, 'log_learning_rate_D': -2.355074179984134, 'training_batch_size': 8, 'training_p': 2}. Best is trial 5 with value: 0.7917489409446716.
Time for this trial:  147.70456671714783
Memory status after this trial: 
Memory allocated:  651.8388671875
Memory cached:  672.0
--------------------  Trial  12   --------------------
Start timing: 
Parameters: 
{'W_layers': 5, 'W_layer_units_exponent_0': 10, 'W_layer_units_exponent_1': 8, 'W_layer_units_exponent_2': 10, 'W_layer_units_exponent_3': 5, 'W_layer_units_exponent_4': 8, 'D_layers': 4, 'D_layer_units_exponent_0': 8, 'D_layer_units_exponent_1': 7, 'D_layer_units_exponent_2': 8, 'D_layer_units_exponent_3': 7, 'log_learning_rate': -4.090214932843875, 'log_learning_rate_D': -3.4652458900571577, 'training_batch_size': 8, 'training_p': 4}
	 epoch  0 training error:  tensor(2.1784, device='cuda:0', grad_fn=<DivBackward0>)
	 epoch  0 test error:  tensor(1.0779, device='cuda:0', grad_fn=<DivBackward0>)
Memory status after this epoch: 
Memory allocated:  273.22998046875
Memory cached:  352.0
	 epoch  10 training error:  tensor(0.6890, device='cuda:0', grad_fn=<DivBackward0>)
	 epoch  10 test error:  tensor(1.5866, device='cuda:0', grad_fn=<DivBackward0>)
Memory status after this epoch: 
Memory allocated:  273.37060546875
Memory cached:  554.0
	 epoch  20 training error:  tensor(0.4086, device='cuda:0', grad_fn=<DivBackward0>)
	 epoch  20 test error:  tensor(1.3916, device='cuda:0', grad_fn=<DivBackward0>)
Memory status after this epoch: 
Memory allocated:  273.41748046875
Memory cached:  534.0
	 epoch  30 training error:  tensor(0.2915, device='cuda:0', grad_fn=<DivBackward0>)
	 epoch  30 test error:  tensor(1.0997, device='cuda:0', grad_fn=<DivBackward0>)
Memory status after this epoch: 
Memory allocated:  273.37060546875
Memory cached:  534.0
	 epoch  40 training error:  tensor(0.2629, device='cuda:0', grad_fn=<DivBackward0>)
	 epoch  40 test error:  tensor(0.8296, device='cuda:0', grad_fn=<DivBackward0>)
Memory status after this epoch: 
Memory allocated:  273.22998046875
Memory cached:  536.0
	 epoch  50 training error:  tensor(0.2526, device='cuda:0', grad_fn=<DivBackward0>)
	 epoch  50 test error:  tensor(0.8205, device='cuda:0', grad_fn=<DivBackward0>)
Memory status after this epoch: 
Memory allocated:  273.08935546875
Memory cached:  536.0
	 epoch  60 training error:  tensor(0.2484, device='cuda:0', grad_fn=<DivBackward0>)
	 epoch  60 test error:  tensor(0.8869, device='cuda:0', grad_fn=<DivBackward0>)
Memory status after this epoch: 
Memory allocated:  273.69873046875
Memory cached:  534.0
	 epoch  70 training error:  tensor(0.2467, device='cuda:0', grad_fn=<DivBackward0>)
	 epoch  70 test error:  tensor(0.9208, device='cuda:0', grad_fn=<DivBackward0>)
Memory status after this epoch: 
Memory allocated:  273.08935546875
Memory cached:  534.0
	 epoch  80 training error:  tensor(0.2459, device='cuda:0', grad_fn=<DivBackward0>)
	 epoch  80 test error:  tensor(0.9213, device='cuda:0', grad_fn=<DivBackward0>)
Memory status after this epoch: 
Memory allocated:  273.22998046875
Memory cached:  534.0
	 epoch  90 training error:  tensor(0.2457, device='cuda:0', grad_fn=<DivBackward0>)
	 epoch  90 test error:  tensor(0.9250, device='cuda:0', grad_fn=<DivBackward0>)
Memory status after this epoch: 
Memory allocated:  273.18310546875
Memory cached:  534.0
[I 2023-11-16 20:37:10,680] Trial 12 finished with value: 0.9203133583068848 and parameters: {'W_layers': 5, 'W_layer_units_exponent_0': 10, 'W_layer_units_exponent_1': 8, 'W_layer_units_exponent_2': 10, 'W_layer_units_exponent_3': 5, 'W_layer_units_exponent_4': 8, 'D_layers': 4, 'D_layer_units_exponent_0': 8, 'D_layer_units_exponent_1': 7, 'D_layer_units_exponent_2': 8, 'D_layer_units_exponent_3': 7, 'log_learning_rate': -4.090214932843875, 'log_learning_rate_D': -3.4652458900571577, 'training_batch_size': 8, 'training_p': 4}. Best is trial 5 with value: 0.7917489409446716.
Time for this trial:  149.50347423553467
Memory status after this trial: 
Memory allocated:  524.810546875
Memory cached:  534.0
--------------------  Trial  13   --------------------
Start timing: 
Parameters: 
{'W_layers': 6, 'W_layer_units_exponent_0': 10, 'W_layer_units_exponent_1': 10, 'W_layer_units_exponent_2': 10, 'W_layer_units_exponent_3': 7, 'W_layer_units_exponent_4': 8, 'W_layer_units_exponent_5': 7, 'D_layers': 3, 'D_layer_units_exponent_0': 8, 'D_layer_units_exponent_1': 4, 'D_layer_units_exponent_2': 5, 'log_learning_rate': -3.0785213372234517, 'log_learning_rate_D': -2.1479116573833443, 'training_batch_size': 9, 'training_p': 2}
	 epoch  0 training error:  tensor(0.3590, device='cuda:0', grad_fn=<DivBackward0>)
	 epoch  0 test error:  tensor(192.2171, device='cuda:0', grad_fn=<DivBackward0>)
Memory status after this epoch: 
Memory allocated:  327.87646484375
Memory cached:  414.0
	 epoch  10 training error:  tensor(0.6761, device='cuda:0', grad_fn=<DivBackward0>)
	 epoch  10 test error:  tensor(2.4256, device='cuda:0', grad_fn=<DivBackward0>)
Memory status after this epoch: 
Memory allocated:  327.03271484375
Memory cached:  644.0
	 epoch  20 training error:  tensor(0.3352, device='cuda:0', grad_fn=<DivBackward0>)
	 epoch  20 test error:  tensor(1.8432, device='cuda:0', grad_fn=<DivBackward0>)
Memory status after this epoch: 
Memory allocated:  327.22021484375
Memory cached:  624.0
	 epoch  30 training error:  tensor(0.2533, device='cuda:0', grad_fn=<DivBackward0>)
	 epoch  30 test error:  tensor(0.9153, device='cuda:0', grad_fn=<DivBackward0>)
Memory status after this epoch: 
Memory allocated:  327.40771484375
Memory cached:  624.0
	 epoch  40 training error:  tensor(0.2013, device='cuda:0', grad_fn=<DivBackward0>)
	 epoch  40 test error:  tensor(1.0063, device='cuda:0', grad_fn=<DivBackward0>)
Memory status after this epoch: 
Memory allocated:  327.22021484375
Memory cached:  624.0
	 epoch  50 training error:  tensor(0.1888, device='cuda:0', grad_fn=<DivBackward0>)
	 epoch  50 test error:  tensor(0.9205, device='cuda:0', grad_fn=<DivBackward0>)
Memory status after this epoch: 
Memory allocated:  326.93896484375
Memory cached:  624.0
	 epoch  60 training error:  tensor(0.1855, device='cuda:0', grad_fn=<DivBackward0>)
	 epoch  60 test error:  tensor(0.8605, device='cuda:0', grad_fn=<DivBackward0>)
Memory status after this epoch: 
Memory allocated:  327.31396484375
Memory cached:  624.0
	 epoch  70 training error:  tensor(0.1853, device='cuda:0', grad_fn=<DivBackward0>)
	 epoch  70 test error:  tensor(0.8401, device='cuda:0', grad_fn=<DivBackward0>)
Memory status after this epoch: 
Memory allocated:  327.31396484375
Memory cached:  624.0
	 epoch  80 training error:  tensor(0.1850, device='cuda:0', grad_fn=<DivBackward0>)
	 epoch  80 test error:  tensor(0.8608, device='cuda:0', grad_fn=<DivBackward0>)
Memory status after this epoch: 
Memory allocated:  327.31396484375
Memory cached:  626.0
	 epoch  90 training error:  tensor(0.1848, device='cuda:0', grad_fn=<DivBackward0>)
	 epoch  90 test error:  tensor(0.8498, device='cuda:0', grad_fn=<DivBackward0>)
Memory status after this epoch: 
Memory allocated:  327.31396484375
Memory cached:  624.0
[I 2023-11-16 20:39:43,588] Trial 13 finished with value: 0.8384607434272766 and parameters: {'W_layers': 6, 'W_layer_units_exponent_0': 10, 'W_layer_units_exponent_1': 10, 'W_layer_units_exponent_2': 10, 'W_layer_units_exponent_3': 7, 'W_layer_units_exponent_4': 8, 'W_layer_units_exponent_5': 7, 'D_layers': 3, 'D_layer_units_exponent_0': 8, 'D_layer_units_exponent_1': 4, 'D_layer_units_exponent_2': 5, 'log_learning_rate': -3.0785213372234517, 'log_learning_rate_D': -2.1479116573833443, 'training_batch_size': 9, 'training_p': 2}. Best is trial 5 with value: 0.7917489409446716.
Time for this trial:  152.67230463027954
Memory status after this trial: 
Memory allocated:  595.361328125
Memory cached:  624.0
--------------------  Trial  14   --------------------
Start timing: 
Parameters: 
{'W_layers': 4, 'W_layer_units_exponent_0': 4, 'W_layer_units_exponent_1': 6, 'W_layer_units_exponent_2': 8, 'W_layer_units_exponent_3': 10, 'D_layers': 7, 'D_layer_units_exponent_0': 7, 'D_layer_units_exponent_1': 8, 'D_layer_units_exponent_2': 6, 'D_layer_units_exponent_3': 4, 'D_layer_units_exponent_4': 8, 'D_layer_units_exponent_5': 8, 'D_layer_units_exponent_6': 5, 'log_learning_rate': -4.93129801663121, 'log_learning_rate_D': -3.125771917734744, 'training_batch_size': 9, 'training_p': 4}
	 epoch  0 training error:  tensor(0.5979, device='cuda:0', grad_fn=<DivBackward0>)
	 epoch  0 test error:  tensor(1.7194, device='cuda:0', grad_fn=<DivBackward0>)
Memory status after this epoch: 
Memory allocated:  217.02587890625
Memory cached:  296.0
	 epoch  10 training error:  tensor(0.2731, device='cuda:0', grad_fn=<DivBackward0>)
	 epoch  10 test error:  tensor(0.7814, device='cuda:0', grad_fn=<DivBackward0>)
Memory status after this epoch: 
Memory allocated:  216.36962890625
Memory cached:  444.0
	 epoch  20 training error:  tensor(0.2730, device='cuda:0', grad_fn=<DivBackward0>)
	 epoch  20 test error:  tensor(1.1036, device='cuda:0', grad_fn=<DivBackward0>)
Memory status after this epoch: 
Memory allocated:  217.30712890625
Memory cached:  444.0
	 epoch  30 training error:  tensor(0.2560, device='cuda:0', grad_fn=<DivBackward0>)
	 epoch  30 test error:  tensor(0.9909, device='cuda:0', grad_fn=<DivBackward0>)
Memory status after this epoch: 
Memory allocated:  216.46337890625
Memory cached:  444.0
	 epoch  40 training error:  tensor(0.2550, device='cuda:0', grad_fn=<DivBackward0>)
	 epoch  40 test error:  tensor(0.8379, device='cuda:0', grad_fn=<DivBackward0>)
Memory status after this epoch: 
Memory allocated:  216.93212890625
Memory cached:  446.0
	 epoch  50 training error:  tensor(0.2491, device='cuda:0', grad_fn=<DivBackward0>)
	 epoch  50 test error:  tensor(0.8653, device='cuda:0', grad_fn=<DivBackward0>)
Memory status after this epoch: 
Memory allocated:  216.83837890625
Memory cached:  446.0
	 epoch  60 training error:  tensor(0.2481, device='cuda:0', grad_fn=<DivBackward0>)
	 epoch  60 test error:  tensor(0.9010, device='cuda:0', grad_fn=<DivBackward0>)
Memory status after this epoch: 
Memory allocated:  216.83837890625
Memory cached:  444.0
	 epoch  70 training error:  tensor(0.2477, device='cuda:0', grad_fn=<DivBackward0>)
	 epoch  70 test error:  tensor(0.8777, device='cuda:0', grad_fn=<DivBackward0>)
Memory status after this epoch: 
Memory allocated:  216.46337890625
Memory cached:  444.0
	 epoch  80 training error:  tensor(0.2471, device='cuda:0', grad_fn=<DivBackward0>)
	 epoch  80 test error:  tensor(0.8807, device='cuda:0', grad_fn=<DivBackward0>)
Memory status after this epoch: 
Memory allocated:  217.30712890625
Memory cached:  444.0
	 epoch  90 training error:  tensor(0.2468, device='cuda:0', grad_fn=<DivBackward0>)
	 epoch  90 test error:  tensor(0.8853, device='cuda:0', grad_fn=<DivBackward0>)
Memory status after this epoch: 
Memory allocated:  216.04150390625
Memory cached:  444.0
[I 2023-11-16 20:42:25,988] Trial 14 finished with value: 0.8985387682914734 and parameters: {'W_layers': 4, 'W_layer_units_exponent_0': 4, 'W_layer_units_exponent_1': 6, 'W_layer_units_exponent_2': 8, 'W_layer_units_exponent_3': 10, 'D_layers': 7, 'D_layer_units_exponent_0': 7, 'D_layer_units_exponent_1': 8, 'D_layer_units_exponent_2': 6, 'D_layer_units_exponent_3': 4, 'D_layer_units_exponent_4': 8, 'D_layer_units_exponent_5': 8, 'D_layer_units_exponent_6': 5, 'log_learning_rate': -4.93129801663121, 'log_learning_rate_D': -3.125771917734744, 'training_batch_size': 9, 'training_p': 4}. Best is trial 5 with value: 0.7917489409446716.
Time for this trial:  162.1175878047943
Memory status after this trial: 
Memory allocated:  418.14453125
Memory cached:  444.0
--------------------  Trial  15   --------------------
Start timing: 
Parameters: 
{'W_layers': 6, 'W_layer_units_exponent_0': 6, 'W_layer_units_exponent_1': 9, 'W_layer_units_exponent_2': 8, 'W_layer_units_exponent_3': 8, 'W_layer_units_exponent_4': 7, 'W_layer_units_exponent_5': 6, 'D_layers': 4, 'D_layer_units_exponent_0': 8, 'D_layer_units_exponent_1': 6, 'D_layer_units_exponent_2': 5, 'D_layer_units_exponent_3': 6, 'log_learning_rate': -3.926336479825082, 'log_learning_rate_D': -3.7943056295785738, 'training_batch_size': 7, 'training_p': 4}
	 epoch  0 training error:  tensor(1.2109, device='cuda:0', grad_fn=<DivBackward0>)
	 epoch  0 test error:  tensor(2.0268, device='cuda:0', grad_fn=<DivBackward0>)
Memory status after this epoch: 
Memory allocated:  178.234375
Memory cached:  258.0
	 epoch  10 training error:  tensor(0.3426, device='cuda:0', grad_fn=<DivBackward0>)
	 epoch  10 test error:  tensor(0.7986, device='cuda:0', grad_fn=<DivBackward0>)
Memory status after this epoch: 
Memory allocated:  179.734375
Memory cached:  370.0
	 epoch  20 training error:  tensor(0.3008, device='cuda:0', grad_fn=<DivBackward0>)
	 epoch  20 test error:  tensor(0.7455, device='cuda:0', grad_fn=<DivBackward0>)
Memory status after this epoch: 
Memory allocated:  178.609375
Memory cached:  370.0
	 epoch  30 training error:  tensor(0.2736, device='cuda:0', grad_fn=<DivBackward0>)
	 epoch  30 test error:  tensor(0.7417, device='cuda:0', grad_fn=<DivBackward0>)
Memory status after this epoch: 
Memory allocated:  179.265625
Memory cached:  370.0
	 epoch  40 training error:  tensor(0.2591, device='cuda:0', grad_fn=<DivBackward0>)
	 epoch  40 test error:  tensor(0.7748, device='cuda:0', grad_fn=<DivBackward0>)
Memory status after this epoch: 
Memory allocated:  179.078125
Memory cached:  372.0
	 epoch  50 training error:  tensor(0.2542, device='cuda:0', grad_fn=<DivBackward0>)
	 epoch  50 test error:  tensor(0.8082, device='cuda:0', grad_fn=<DivBackward0>)
Memory status after this epoch: 
Memory allocated:  178.890625
Memory cached:  372.0
	 epoch  60 training error:  tensor(0.2515, device='cuda:0', grad_fn=<DivBackward0>)
	 epoch  60 test error:  tensor(0.8288, device='cuda:0', grad_fn=<DivBackward0>)
Memory status after this epoch: 
Memory allocated:  179.453125
Memory cached:  372.0
	 epoch  70 training error:  tensor(0.2494, device='cuda:0', grad_fn=<DivBackward0>)
	 epoch  70 test error:  tensor(0.8564, device='cuda:0', grad_fn=<DivBackward0>)
Memory status after this epoch: 
Memory allocated:  178.890625
Memory cached:  374.0
	 epoch  80 training error:  tensor(0.2479, device='cuda:0', grad_fn=<DivBackward0>)
	 epoch  80 test error:  tensor(0.8953, device='cuda:0', grad_fn=<DivBackward0>)
Memory status after this epoch: 
Memory allocated:  179.078125
Memory cached:  374.0
	 epoch  90 training error:  tensor(0.2472, device='cuda:0', grad_fn=<DivBackward0>)
	 epoch  90 test error:  tensor(0.9140, device='cuda:0', grad_fn=<DivBackward0>)
Memory status after this epoch: 
Memory allocated:  179.265625
Memory cached:  376.0
