[I 2023-11-16 20:57:36,356] Trial 20 finished with value: 0.8553991317749023 and parameters: {'W_layers': 5, 'W_layer_units_exponent_0': 4, 'W_layer_units_exponent_1': 7, 'W_layer_units_exponent_2': 8, 'W_layer_units_exponent_3': 8, 'W_layer_units_exponent_4': 4, 'D_layers': 5, 'D_layer_units_exponent_0': 6, 'D_layer_units_exponent_1': 8, 'D_layer_units_exponent_2': 8, 'D_layer_units_exponent_3': 8, 'D_layer_units_exponent_4': 5, 'log_learning_rate': -3.847082621820885, 'log_learning_rate_D': -3.9294013294886883, 'training_batch_size': 8, 'training_p': 2}. Best is trial 5 with value: 0.7917489409446716.
Time for this trial:  150.49154615402222
Memory status after this trial: 
Memory allocated:  328.154296875
Memory cached:  356.0
--------------------  Trial  21   --------------------
Start timing: 
Parameters: 
{'W_layers': 5, 'W_layer_units_exponent_0': 4, 'W_layer_units_exponent_1': 4, 'W_layer_units_exponent_2': 4, 'W_layer_units_exponent_3': 4, 'W_layer_units_exponent_4': 4, 'D_layers': 8, 'D_layer_units_exponent_0': 10, 'D_layer_units_exponent_1': 10, 'D_layer_units_exponent_2': 6, 'D_layer_units_exponent_3': 6, 'D_layer_units_exponent_4': 9, 'D_layer_units_exponent_5': 10, 'D_layer_units_exponent_6': 4, 'D_layer_units_exponent_7': 10, 'log_learning_rate': -3.4649463181047113, 'log_learning_rate_D': -1.12481642558969, 'training_batch_size': 11, 'training_p': 2}
	 epoch  0 training error:  tensor(0.6318, device='cuda:0', grad_fn=<DivBackward0>)
	 epoch  0 test error:  tensor(5.2175, device='cuda:0', grad_fn=<DivBackward0>)
Memory status after this epoch: 
Memory allocated:  366.8095703125
Memory cached:  442.0
	 epoch  10 training error:  tensor(0.9982, device='cuda:0', grad_fn=<DivBackward0>)
	 epoch  10 test error:  tensor(5.1539, device='cuda:0', grad_fn=<DivBackward0>)
Memory status after this epoch: 
Memory allocated:  367.7470703125
Memory cached:  720.0
	 epoch  20 training error:  tensor(0.9982, device='cuda:0', grad_fn=<DivBackward0>)
	 epoch  20 test error:  tensor(5.1535, device='cuda:0', grad_fn=<DivBackward0>)
Memory status after this epoch: 
Memory allocated:  366.8095703125
Memory cached:  720.0
	 epoch  30 training error:  tensor(0.9981, device='cuda:0', grad_fn=<DivBackward0>)
	 epoch  30 test error:  tensor(5.1533, device='cuda:0', grad_fn=<DivBackward0>)
Memory status after this epoch: 
Memory allocated:  367.2783203125
Memory cached:  720.0
	 epoch  40 training error:  tensor(0.9981, device='cuda:0', grad_fn=<DivBackward0>)
	 epoch  40 test error:  tensor(5.1533, device='cuda:0', grad_fn=<DivBackward0>)
Memory status after this epoch: 
Memory allocated:  367.2314453125
Memory cached:  720.0
	 epoch  50 training error:  tensor(0.9981, device='cuda:0', grad_fn=<DivBackward0>)
	 epoch  50 test error:  tensor(5.1532, device='cuda:0', grad_fn=<DivBackward0>)
Memory status after this epoch: 
Memory allocated:  367.2783203125
Memory cached:  720.0
	 epoch  60 training error:  tensor(0.9981, device='cuda:0', grad_fn=<DivBackward0>)
	 epoch  60 test error:  tensor(5.1532, device='cuda:0', grad_fn=<DivBackward0>)
Memory status after this epoch: 
Memory allocated:  367.2314453125
Memory cached:  722.0
	 epoch  70 training error:  tensor(0.9981, device='cuda:0', grad_fn=<DivBackward0>)
	 epoch  70 test error:  tensor(5.1532, device='cuda:0', grad_fn=<DivBackward0>)
Memory status after this epoch: 
Memory allocated:  367.2783203125
Memory cached:  720.0
	 epoch  80 training error:  tensor(0.9981, device='cuda:0', grad_fn=<DivBackward0>)
	 epoch  80 test error:  tensor(5.1532, device='cuda:0', grad_fn=<DivBackward0>)
Memory status after this epoch: 
Memory allocated:  367.2314453125
Memory cached:  720.0
	 epoch  90 training error:  tensor(0.9981, device='cuda:0', grad_fn=<DivBackward0>)
	 epoch  90 test error:  tensor(5.1531, device='cuda:0', grad_fn=<DivBackward0>)
Memory status after this epoch: 
Memory allocated:  367.2783203125
Memory cached:  720.0
[I 2023-11-16 21:00:46,516] Trial 21 finished with value: 5.153112888336182 and parameters: {'W_layers': 5, 'W_layer_units_exponent_0': 4, 'W_layer_units_exponent_1': 4, 'W_layer_units_exponent_2': 4, 'W_layer_units_exponent_3': 4, 'W_layer_units_exponent_4': 4, 'D_layers': 8, 'D_layer_units_exponent_0': 10, 'D_layer_units_exponent_1': 10, 'D_layer_units_exponent_2': 6, 'D_layer_units_exponent_3': 6, 'D_layer_units_exponent_4': 9, 'D_layer_units_exponent_5': 10, 'D_layer_units_exponent_6': 4, 'D_layer_units_exponent_7': 10, 'log_learning_rate': -3.4649463181047113, 'log_learning_rate_D': -1.12481642558969, 'training_batch_size': 11, 'training_p': 2}. Best is trial 5 with value: 0.7917489409446716.
Time for this trial:  189.89377284049988
Memory status after this trial: 
Memory allocated:  687.9580078125
Memory cached:  720.0
--------------------  Trial  22   --------------------
Start timing: 
Parameters: 
{'W_layers': 5, 'W_layer_units_exponent_0': 5, 'W_layer_units_exponent_1': 4, 'W_layer_units_exponent_2': 6, 'W_layer_units_exponent_3': 5, 'W_layer_units_exponent_4': 5, 'D_layers': 7, 'D_layer_units_exponent_0': 9, 'D_layer_units_exponent_1': 9, 'D_layer_units_exponent_2': 5, 'D_layer_units_exponent_3': 7, 'D_layer_units_exponent_4': 8, 'D_layer_units_exponent_5': 10, 'D_layer_units_exponent_6': 7, 'log_learning_rate': -3.3412133977332696, 'log_learning_rate_D': -1.0520741707046692, 'training_batch_size': 10, 'training_p': 3}
	 epoch  0 training error:  tensor(1.4374, device='cuda:0', grad_fn=<DivBackward0>)
	 epoch  0 test error:  tensor(5.2635, device='cuda:0', grad_fn=<DivBackward0>)
Memory status after this epoch: 
Memory allocated:  241.90234375
Memory cached:  300.0
	 epoch  10 training error:  tensor(0.9992, device='cuda:0', grad_fn=<DivBackward0>)
	 epoch  10 test error:  tensor(5.1570, device='cuda:0', grad_fn=<DivBackward0>)
Memory status after this epoch: 
Memory allocated:  241.43359375
Memory cached:  470.0
	 epoch  20 training error:  tensor(0.9990, device='cuda:0', grad_fn=<DivBackward0>)
	 epoch  20 test error:  tensor(5.1547, device='cuda:0', grad_fn=<DivBackward0>)
Memory status after this epoch: 
Memory allocated:  241.57421875
Memory cached:  470.0
	 epoch  30 training error:  tensor(0.9989, device='cuda:0', grad_fn=<DivBackward0>)
	 epoch  30 test error:  tensor(5.1540, device='cuda:0', grad_fn=<DivBackward0>)
Memory status after this epoch: 
Memory allocated:  241.80859375
Memory cached:  470.0
	 epoch  40 training error:  tensor(0.9989, device='cuda:0', grad_fn=<DivBackward0>)
	 epoch  40 test error:  tensor(5.1537, device='cuda:0', grad_fn=<DivBackward0>)
Memory status after this epoch: 
Memory allocated:  241.24609375
Memory cached:  470.0
	 epoch  50 training error:  tensor(0.9989, device='cuda:0', grad_fn=<DivBackward0>)
	 epoch  50 test error:  tensor(5.1536, device='cuda:0', grad_fn=<DivBackward0>)
Memory status after this epoch: 
Memory allocated:  241.66796875
Memory cached:  470.0
	 epoch  60 training error:  tensor(0.9989, device='cuda:0', grad_fn=<DivBackward0>)
	 epoch  60 test error:  tensor(5.1536, device='cuda:0', grad_fn=<DivBackward0>)
Memory status after this epoch: 
Memory allocated:  241.66796875
Memory cached:  470.0
	 epoch  70 training error:  tensor(0.9989, device='cuda:0', grad_fn=<DivBackward0>)
	 epoch  70 test error:  tensor(5.1535, device='cuda:0', grad_fn=<DivBackward0>)
Memory status after this epoch: 
Memory allocated:  241.71484375
Memory cached:  470.0
	 epoch  80 training error:  tensor(0.9989, device='cuda:0', grad_fn=<DivBackward0>)
	 epoch  80 test error:  tensor(5.1535, device='cuda:0', grad_fn=<DivBackward0>)
Memory status after this epoch: 
Memory allocated:  241.62109375
Memory cached:  470.0
	 epoch  90 training error:  tensor(0.9989, device='cuda:0', grad_fn=<DivBackward0>)
	 epoch  90 test error:  tensor(5.1534, device='cuda:0', grad_fn=<DivBackward0>)
Memory status after this epoch: 
Memory allocated:  241.76171875
Memory cached:  470.0
[I 2023-11-16 21:03:37,401] Trial 22 finished with value: 5.153419017791748 and parameters: {'W_layers': 5, 'W_layer_units_exponent_0': 5, 'W_layer_units_exponent_1': 4, 'W_layer_units_exponent_2': 6, 'W_layer_units_exponent_3': 5, 'W_layer_units_exponent_4': 5, 'D_layers': 7, 'D_layer_units_exponent_0': 9, 'D_layer_units_exponent_1': 9, 'D_layer_units_exponent_2': 5, 'D_layer_units_exponent_3': 7, 'D_layer_units_exponent_4': 8, 'D_layer_units_exponent_5': 10, 'D_layer_units_exponent_6': 7, 'log_learning_rate': -3.3412133977332696, 'log_learning_rate_D': -1.0520741707046692, 'training_batch_size': 10, 'training_p': 3}. Best is trial 5 with value: 0.7917489409446716.
Time for this trial:  170.62046337127686
Memory status after this trial: 
Memory allocated:  460.705078125
Memory cached:  470.0
--------------------  Trial  23   --------------------
Start timing: 
Parameters: 
{'W_layers': 6, 'W_layer_units_exponent_0': 4, 'W_layer_units_exponent_1': 5, 'W_layer_units_exponent_2': 4, 'W_layer_units_exponent_3': 5, 'W_layer_units_exponent_4': 6, 'W_layer_units_exponent_5': 5, 'D_layers': 8, 'D_layer_units_exponent_0': 10, 'D_layer_units_exponent_1': 10, 'D_layer_units_exponent_2': 6, 'D_layer_units_exponent_3': 5, 'D_layer_units_exponent_4': 10, 'D_layer_units_exponent_5': 8, 'D_layer_units_exponent_6': 6, 'D_layer_units_exponent_7': 10, 'log_learning_rate': -2.9794910868880637, 'log_learning_rate_D': -1.6797741446155627, 'training_batch_size': 11, 'training_p': 2}
	 epoch  0 training error:  tensor(0.8422, device='cuda:0', grad_fn=<DivBackward0>)
	 epoch  0 test error:  tensor(3.7744, device='cuda:0', grad_fn=<DivBackward0>)
Memory status after this epoch: 
Memory allocated:  356.81640625
Memory cached:  420.0
	 epoch  10 training error:  tensor(0.2799, device='cuda:0', grad_fn=<DivBackward0>)
	 epoch  10 test error:  tensor(1.0507, device='cuda:0', grad_fn=<DivBackward0>)
Memory status after this epoch: 
Memory allocated:  356.16015625
Memory cached:  690.0
	 epoch  20 training error:  tensor(0.2022, device='cuda:0', grad_fn=<DivBackward0>)
	 epoch  20 test error:  tensor(0.7370, device='cuda:0', grad_fn=<DivBackward0>)
Memory status after this epoch: 
Memory allocated:  356.25390625
Memory cached:  690.0
	 epoch  30 training error:  tensor(0.2077, device='cuda:0', grad_fn=<DivBackward0>)
	 epoch  30 test error:  tensor(0.8706, device='cuda:0', grad_fn=<DivBackward0>)
Memory status after this epoch: 
Memory allocated:  356.53515625
Memory cached:  690.0
	 epoch  40 training error:  tensor(0.2033, device='cuda:0', grad_fn=<DivBackward0>)
	 epoch  40 test error:  tensor(0.8941, device='cuda:0', grad_fn=<DivBackward0>)
Memory status after this epoch: 
Memory allocated:  356.25390625
Memory cached:  690.0
	 epoch  50 training error:  tensor(0.2014, device='cuda:0', grad_fn=<DivBackward0>)
	 epoch  50 test error:  tensor(0.8229, device='cuda:0', grad_fn=<DivBackward0>)
Memory status after this epoch: 
Memory allocated:  356.06640625
Memory cached:  690.0
	 epoch  60 training error:  tensor(0.2016, device='cuda:0', grad_fn=<DivBackward0>)
	 epoch  60 test error:  tensor(0.7973, device='cuda:0', grad_fn=<DivBackward0>)
Memory status after this epoch: 
Memory allocated:  356.72265625
Memory cached:  690.0
	 epoch  70 training error:  tensor(0.2015, device='cuda:0', grad_fn=<DivBackward0>)
	 epoch  70 test error:  tensor(0.7955, device='cuda:0', grad_fn=<DivBackward0>)
Memory status after this epoch: 
Memory allocated:  356.06640625
Memory cached:  690.0
	 epoch  80 training error:  tensor(0.2014, device='cuda:0', grad_fn=<DivBackward0>)
	 epoch  80 test error:  tensor(0.7992, device='cuda:0', grad_fn=<DivBackward0>)
Memory status after this epoch: 
Memory allocated:  356.72265625
Memory cached:  690.0
	 epoch  90 training error:  tensor(0.2013, device='cuda:0', grad_fn=<DivBackward0>)
	 epoch  90 test error:  tensor(0.8026, device='cuda:0', grad_fn=<DivBackward0>)
Memory status after this epoch: 
Memory allocated:  356.06640625
Memory cached:  690.0
[I 2023-11-16 21:06:59,230] Trial 23 finished with value: 0.8050321936607361 and parameters: {'W_layers': 6, 'W_layer_units_exponent_0': 4, 'W_layer_units_exponent_1': 5, 'W_layer_units_exponent_2': 4, 'W_layer_units_exponent_3': 5, 'W_layer_units_exponent_4': 6, 'W_layer_units_exponent_5': 5, 'D_layers': 8, 'D_layer_units_exponent_0': 10, 'D_layer_units_exponent_1': 10, 'D_layer_units_exponent_2': 6, 'D_layer_units_exponent_3': 5, 'D_layer_units_exponent_4': 10, 'D_layer_units_exponent_5': 8, 'D_layer_units_exponent_6': 6, 'D_layer_units_exponent_7': 10, 'log_learning_rate': -2.9794910868880637, 'log_learning_rate_D': -1.6797741446155627, 'training_batch_size': 11, 'training_p': 2}. Best is trial 5 with value: 0.7917489409446716.
Time for this trial:  201.5514223575592
Memory status after this trial: 
Memory allocated:  671.619140625
Memory cached:  692.0
--------------------  Trial  24   --------------------
Start timing: 
Parameters: 
{'W_layers': 7, 'W_layer_units_exponent_0': 6, 'W_layer_units_exponent_1': 5, 'W_layer_units_exponent_2': 5, 'W_layer_units_exponent_3': 5, 'W_layer_units_exponent_4': 6, 'W_layer_units_exponent_5': 5, 'W_layer_units_exponent_6': 10, 'D_layers': 5, 'D_layer_units_exponent_0': 9, 'D_layer_units_exponent_1': 9, 'D_layer_units_exponent_2': 4, 'D_layer_units_exponent_3': 5, 'D_layer_units_exponent_4': 10, 'log_learning_rate': -2.759770656645675, 'log_learning_rate_D': -1.7504939600137408, 'training_batch_size': 11, 'training_p': 3}
	 epoch  0 training error:  tensor(0.9446, device='cuda:0', grad_fn=<DivBackward0>)
	 epoch  0 test error:  tensor(1.8780, device='cuda:0', grad_fn=<DivBackward0>)
Memory status after this epoch: 
Memory allocated:  269.19287109375
Memory cached:  332.0
	 epoch  10 training error:  tensor(0.6001, device='cuda:0', grad_fn=<DivBackward0>)
	 epoch  10 test error:  tensor(2.0611, device='cuda:0', grad_fn=<DivBackward0>)
Memory status after this epoch: 
Memory allocated:  268.53662109375
Memory cached:  534.0
	 epoch  20 training error:  tensor(0.2580, device='cuda:0', grad_fn=<DivBackward0>)
	 epoch  20 test error:  tensor(1.1004, device='cuda:0', grad_fn=<DivBackward0>)
Memory status after this epoch: 
Memory allocated:  269.19287109375
Memory cached:  534.0
	 epoch  30 training error:  tensor(0.2484, device='cuda:0', grad_fn=<DivBackward0>)
	 epoch  30 test error:  tensor(1.0218, device='cuda:0', grad_fn=<DivBackward0>)
Memory status after this epoch: 
Memory allocated:  268.53662109375
Memory cached:  534.0
	 epoch  40 training error:  tensor(0.2345, device='cuda:0', grad_fn=<DivBackward0>)
	 epoch  40 test error:  tensor(0.9079, device='cuda:0', grad_fn=<DivBackward0>)
Memory status after this epoch: 
Memory allocated:  269.19287109375
Memory cached:  534.0
	 epoch  50 training error:  tensor(0.2905, device='cuda:0', grad_fn=<DivBackward0>)
	 epoch  50 test error:  tensor(1.0370, device='cuda:0', grad_fn=<DivBackward0>)
Memory status after this epoch: 
Memory allocated:  268.53662109375
Memory cached:  534.0
	 epoch  60 training error:  tensor(0.2387, device='cuda:0', grad_fn=<DivBackward0>)
	 epoch  60 test error:  tensor(1.0709, device='cuda:0', grad_fn=<DivBackward0>)
Memory status after this epoch: 
Memory allocated:  269.19287109375
Memory cached:  534.0
	 epoch  70 training error:  tensor(0.2338, device='cuda:0', grad_fn=<DivBackward0>)
	 epoch  70 test error:  tensor(0.9327, device='cuda:0', grad_fn=<DivBackward0>)
Memory status after this epoch: 
Memory allocated:  268.53662109375
Memory cached:  534.0
	 epoch  80 training error:  tensor(0.2341, device='cuda:0', grad_fn=<DivBackward0>)
	 epoch  80 test error:  tensor(0.7407, device='cuda:0', grad_fn=<DivBackward0>)
Memory status after this epoch: 
Memory allocated:  269.19287109375
Memory cached:  534.0
	 epoch  90 training error:  tensor(0.2338, device='cuda:0', grad_fn=<DivBackward0>)
	 epoch  90 test error:  tensor(0.9845, device='cuda:0', grad_fn=<DivBackward0>)
Memory status after this epoch: 
Memory allocated:  268.53662109375
Memory cached:  534.0
[I 2023-11-16 21:09:53,990] Trial 24 finished with value: 0.920399010181427 and parameters: {'W_layers': 7, 'W_layer_units_exponent_0': 6, 'W_layer_units_exponent_1': 5, 'W_layer_units_exponent_2': 5, 'W_layer_units_exponent_3': 5, 'W_layer_units_exponent_4': 6, 'W_layer_units_exponent_5': 5, 'W_layer_units_exponent_6': 10, 'D_layers': 5, 'D_layer_units_exponent_0': 9, 'D_layer_units_exponent_1': 9, 'D_layer_units_exponent_2': 4, 'D_layer_units_exponent_3': 5, 'D_layer_units_exponent_4': 10, 'log_learning_rate': -2.759770656645675, 'log_learning_rate_D': -1.7504939600137408, 'training_batch_size': 11, 'training_p': 3}. Best is trial 5 with value: 0.7917489409446716.
Time for this trial:  174.3843331336975
Memory status after this trial: 
Memory allocated:  523.474609375
Memory cached:  536.0
--------------------  Trial  25   --------------------
Start timing: 
Parameters: 
{'W_layers': 6, 'W_layer_units_exponent_0': 5, 'W_layer_units_exponent_1': 6, 'W_layer_units_exponent_2': 5, 'W_layer_units_exponent_3': 6, 'W_layer_units_exponent_4': 6, 'W_layer_units_exponent_5': 6, 'D_layers': 3, 'D_layer_units_exponent_0': 8, 'D_layer_units_exponent_1': 7, 'D_layer_units_exponent_2': 7, 'log_learning_rate': -3.775054377660969, 'log_learning_rate_D': -2.2026990632928616, 'training_batch_size': 7, 'training_p': 2}
	 epoch  0 training error:  tensor(1.1536, device='cuda:0', grad_fn=<DivBackward0>)
	 epoch  0 test error:  tensor(4.1759, device='cuda:0', grad_fn=<DivBackward0>)
Memory status after this epoch: 
Memory allocated:  128.97998046875
Memory cached:  222.0
	 epoch  10 training error:  tensor(0.2934, device='cuda:0', grad_fn=<DivBackward0>)
	 epoch  10 test error:  tensor(2.0397, device='cuda:0', grad_fn=<DivBackward0>)
Memory status after this epoch: 
Memory allocated:  129.63623046875
Memory cached:  258.0
	 epoch  20 training error:  tensor(0.2029, device='cuda:0', grad_fn=<DivBackward0>)
	 epoch  20 test error:  tensor(0.8688, device='cuda:0', grad_fn=<DivBackward0>)
Memory status after this epoch: 
Memory allocated:  128.97998046875
Memory cached:  258.0
	 epoch  30 training error:  tensor(0.1923, device='cuda:0', grad_fn=<DivBackward0>)
	 epoch  30 test error:  tensor(0.8462, device='cuda:0', grad_fn=<DivBackward0>)
Memory status after this epoch: 
Memory allocated:  129.63623046875
Memory cached:  258.0
	 epoch  40 training error:  tensor(0.1904, device='cuda:0', grad_fn=<DivBackward0>)
	 epoch  40 test error:  tensor(0.8838, device='cuda:0', grad_fn=<DivBackward0>)
Memory status after this epoch: 
Memory allocated:  128.97998046875
Memory cached:  258.0
	 epoch  50 training error:  tensor(0.1878, device='cuda:0', grad_fn=<DivBackward0>)
	 epoch  50 test error:  tensor(0.8338, device='cuda:0', grad_fn=<DivBackward0>)
Memory status after this epoch: 
Memory allocated:  129.63623046875
Memory cached:  260.0
	 epoch  60 training error:  tensor(0.1879, device='cuda:0', grad_fn=<DivBackward0>)
	 epoch  60 test error:  tensor(0.8265, device='cuda:0', grad_fn=<DivBackward0>)
Memory status after this epoch: 
Memory allocated:  128.97998046875
Memory cached:  260.0
	 epoch  70 training error:  tensor(0.1877, device='cuda:0', grad_fn=<DivBackward0>)
	 epoch  70 test error:  tensor(0.8290, device='cuda:0', grad_fn=<DivBackward0>)
Memory status after this epoch: 
Memory allocated:  129.63623046875
Memory cached:  262.0
	 epoch  80 training error:  tensor(0.1875, device='cuda:0', grad_fn=<DivBackward0>)
	 epoch  80 test error:  tensor(0.8343, device='cuda:0', grad_fn=<DivBackward0>)
Memory status after this epoch: 
Memory allocated:  128.97998046875
Memory cached:  262.0
	 epoch  90 training error:  tensor(0.1874, device='cuda:0', grad_fn=<DivBackward0>)
	 epoch  90 test error:  tensor(0.8360, device='cuda:0', grad_fn=<DivBackward0>)
Memory status after this epoch: 
Memory allocated:  129.63623046875
Memory cached:  264.0
