[I 2023-11-10 11:37:43,942] Trial 1 finished with value: 0.07268914580345154 and parameters: {'W_layers': 3, 'W_layer_units_exponent_0': 7, 'W_layer_units_exponent_1': 6, 'W_layer_units_exponent_2': 6, 'D_layers': 7, 'D_layer_units_exponent_0': 8, 'D_layer_units_exponent_1': 4, 'D_layer_units_exponent_2': 5, 'D_layer_units_exponent_3': 6, 'D_layer_units_exponent_4': 4, 'D_layer_units_exponent_5': 5, 'D_layer_units_exponent_6': 10, 'log_learning_rate': -2.2460124137972146, 'log_learning_rate_D': -4.723206141484161, 'training_batch_size': 8, 'training_p': 2}. Best is trial 0 with value: 0.03854818269610405.
Time for this trial:  148.73598217964172
Memory status after this trial: 
Memory allocated:  689.94677734375
Memory cached:  702.0
--------------------  Trial  2   --------------------
Start timing: 
Parameters: 
{'W_layers': 8, 'W_layer_units_exponent_0': 6, 'W_layer_units_exponent_1': 7, 'W_layer_units_exponent_2': 5, 'W_layer_units_exponent_3': 10, 'W_layer_units_exponent_4': 10, 'W_layer_units_exponent_5': 5, 'W_layer_units_exponent_6': 7, 'W_layer_units_exponent_7': 10, 'D_layers': 3, 'D_layer_units_exponent_0': 7, 'D_layer_units_exponent_1': 6, 'D_layer_units_exponent_2': 7, 'log_learning_rate': -2.867760411479748, 'log_learning_rate_D': -2.3930847904603776, 'training_batch_size': 12, 'training_p': 4}
	 epoch  0 training error:  tensor(1.0225, device='cuda:0', grad_fn=<DivBackward0>)
	 epoch  0 test error:  tensor(0.8571, device='cuda:0', grad_fn=<DivBackward0>)
Memory status after this epoch: 
Memory allocated:  484.0888671875
Memory cached:  732.0
	 epoch  10 training error:  tensor(1.4559, device='cuda:0', grad_fn=<DivBackward0>)
	 epoch  10 test error:  tensor(0.0857, device='cuda:0', grad_fn=<DivBackward0>)
Memory status after this epoch: 
Memory allocated:  482.4482421875
Memory cached:  944.0
	 epoch  20 training error:  tensor(0.8381, device='cuda:0', grad_fn=<DivBackward0>)
	 epoch  20 test error:  tensor(0.0667, device='cuda:0', grad_fn=<DivBackward0>)
Memory status after this epoch: 
Memory allocated:  482.6826171875
Memory cached:  946.0
	 epoch  30 training error:  tensor(0.8123, device='cuda:0', grad_fn=<DivBackward0>)
	 epoch  30 test error:  tensor(0.0588, device='cuda:0', grad_fn=<DivBackward0>)
Memory status after this epoch: 
Memory allocated:  483.3857421875
Memory cached:  944.0
	 epoch  40 training error:  tensor(0.7894, device='cuda:0', grad_fn=<DivBackward0>)
	 epoch  40 test error:  tensor(0.0593, device='cuda:0', grad_fn=<DivBackward0>)
Memory status after this epoch: 
Memory allocated:  481.7451171875
Memory cached:  944.0
	 epoch  50 training error:  tensor(0.7852, device='cuda:0', grad_fn=<DivBackward0>)
	 epoch  50 test error:  tensor(0.0564, device='cuda:0', grad_fn=<DivBackward0>)
Memory status after this epoch: 
Memory allocated:  483.9482421875
Memory cached:  944.0
	 epoch  60 training error:  tensor(0.7843, device='cuda:0', grad_fn=<DivBackward0>)
	 epoch  60 test error:  tensor(0.0576, device='cuda:0', grad_fn=<DivBackward0>)
Memory status after this epoch: 
Memory allocated:  481.6513671875
Memory cached:  944.0
	 epoch  70 training error:  tensor(0.7812, device='cuda:0', grad_fn=<DivBackward0>)
	 epoch  70 test error:  tensor(0.0572, device='cuda:0', grad_fn=<DivBackward0>)
Memory status after this epoch: 
Memory allocated:  484.4169921875
Memory cached:  944.0
	 epoch  80 training error:  tensor(0.7794, device='cuda:0', grad_fn=<DivBackward0>)
	 epoch  80 test error:  tensor(0.0565, device='cuda:0', grad_fn=<DivBackward0>)
Memory status after this epoch: 
Memory allocated:  482.1201171875
Memory cached:  944.0
	 epoch  90 training error:  tensor(0.7768, device='cuda:0', grad_fn=<DivBackward0>)
	 epoch  90 test error:  tensor(0.0561, device='cuda:0', grad_fn=<DivBackward0>)
Memory status after this epoch: 
Memory allocated:  483.9482421875
Memory cached:  944.0
[I 2023-11-10 11:40:34,225] Trial 2 finished with value: 0.05562685802578926 and parameters: {'W_layers': 8, 'W_layer_units_exponent_0': 6, 'W_layer_units_exponent_1': 7, 'W_layer_units_exponent_2': 5, 'W_layer_units_exponent_3': 10, 'W_layer_units_exponent_4': 10, 'W_layer_units_exponent_5': 5, 'W_layer_units_exponent_6': 7, 'W_layer_units_exponent_7': 10, 'D_layers': 3, 'D_layer_units_exponent_0': 7, 'D_layer_units_exponent_1': 6, 'D_layer_units_exponent_2': 7, 'log_learning_rate': -2.867760411479748, 'log_learning_rate_D': -2.3930847904603776, 'training_batch_size': 12, 'training_p': 4}. Best is trial 0 with value: 0.03854818269610405.
Time for this trial:  170.11043882369995
Memory status after this trial: 
Memory allocated:  921.70849609375
Memory cached:  944.0
--------------------  Trial  3   --------------------
Start timing: 
Parameters: 
{'W_layers': 7, 'W_layer_units_exponent_0': 5, 'W_layer_units_exponent_1': 5, 'W_layer_units_exponent_2': 10, 'W_layer_units_exponent_3': 8, 'W_layer_units_exponent_4': 7, 'W_layer_units_exponent_5': 10, 'W_layer_units_exponent_6': 8, 'D_layers': 7, 'D_layer_units_exponent_0': 10, 'D_layer_units_exponent_1': 7, 'D_layer_units_exponent_2': 6, 'D_layer_units_exponent_3': 5, 'D_layer_units_exponent_4': 6, 'D_layer_units_exponent_5': 5, 'D_layer_units_exponent_6': 10, 'log_learning_rate': -3.0406245645611927, 'log_learning_rate_D': -1.080941672391373, 'training_batch_size': 11, 'training_p': 4}
	 epoch  0 training error:  tensor(0.9999, device='cuda:0', grad_fn=<DivBackward0>)
	 epoch  0 test error:  tensor(1.8279, device='cuda:0', grad_fn=<DivBackward0>)
Memory status after this epoch: 
Memory allocated:  547.7802734375
Memory cached:  788.0
	 epoch  10 training error:  tensor(1.7044, device='cuda:0', grad_fn=<DivBackward0>)
	 epoch  10 test error:  tensor(0.1049, device='cuda:0', grad_fn=<DivBackward0>)
Memory status after this epoch: 
Memory allocated:  546.9833984375
Memory cached:  1086.0
	 epoch  20 training error:  tensor(1.1260, device='cuda:0', grad_fn=<DivBackward0>)
	 epoch  20 test error:  tensor(0.0823, device='cuda:0', grad_fn=<DivBackward0>)
Memory status after this epoch: 
Memory allocated:  547.6865234375
Memory cached:  1086.0
	 epoch  30 training error:  tensor(1.0660, device='cuda:0', grad_fn=<DivBackward0>)
	 epoch  30 test error:  tensor(0.0751, device='cuda:0', grad_fn=<DivBackward0>)
Memory status after this epoch: 
Memory allocated:  546.9833984375
Memory cached:  1086.0
	 epoch  40 training error:  tensor(1.0082, device='cuda:0', grad_fn=<DivBackward0>)
	 epoch  40 test error:  tensor(0.0724, device='cuda:0', grad_fn=<DivBackward0>)
Memory status after this epoch: 
Memory allocated:  547.7802734375
Memory cached:  1070.0
	 epoch  50 training error:  tensor(1.0017, device='cuda:0', grad_fn=<DivBackward0>)
	 epoch  50 test error:  tensor(0.0727, device='cuda:0', grad_fn=<DivBackward0>)
Memory status after this epoch: 
Memory allocated:  546.9833984375
Memory cached:  1070.0
	 epoch  60 training error:  tensor(1.0006, device='cuda:0', grad_fn=<DivBackward0>)
	 epoch  60 test error:  tensor(0.0725, device='cuda:0', grad_fn=<DivBackward0>)
Memory status after this epoch: 
Memory allocated:  547.7802734375
Memory cached:  1070.0
	 epoch  70 training error:  tensor(1.0002, device='cuda:0', grad_fn=<DivBackward0>)
	 epoch  70 test error:  tensor(0.0726, device='cuda:0', grad_fn=<DivBackward0>)
Memory status after this epoch: 
Memory allocated:  546.9833984375
Memory cached:  1070.0
	 epoch  80 training error:  tensor(1.0000, device='cuda:0', grad_fn=<DivBackward0>)
	 epoch  80 test error:  tensor(0.0725, device='cuda:0', grad_fn=<DivBackward0>)
Memory status after this epoch: 
Memory allocated:  547.3115234375
Memory cached:  1070.0
	 epoch  90 training error:  tensor(0.9999, device='cuda:0', grad_fn=<DivBackward0>)
	 epoch  90 test error:  tensor(0.0726, device='cuda:0', grad_fn=<DivBackward0>)
Memory status after this epoch: 
Memory allocated:  547.4521484375
Memory cached:  1070.0
[I 2023-11-10 11:43:58,947] Trial 3 finished with value: 0.07252724468708038 and parameters: {'W_layers': 7, 'W_layer_units_exponent_0': 5, 'W_layer_units_exponent_1': 5, 'W_layer_units_exponent_2': 10, 'W_layer_units_exponent_3': 8, 'W_layer_units_exponent_4': 7, 'W_layer_units_exponent_5': 10, 'W_layer_units_exponent_6': 8, 'D_layers': 7, 'D_layer_units_exponent_0': 10, 'D_layer_units_exponent_1': 7, 'D_layer_units_exponent_2': 6, 'D_layer_units_exponent_3': 5, 'D_layer_units_exponent_4': 6, 'D_layer_units_exponent_5': 5, 'D_layer_units_exponent_6': 10, 'log_learning_rate': -3.0406245645611927, 'log_learning_rate_D': -1.080941672391373, 'training_batch_size': 11, 'training_p': 4}. Best is trial 0 with value: 0.03854818269610405.
Time for this trial:  204.53270983695984
Memory status after this trial: 
Memory allocated:  1060.77490234375
Memory cached:  1070.0
--------------------  Trial  4   --------------------
Start timing: 
Parameters: 
{'W_layers': 5, 'W_layer_units_exponent_0': 7, 'W_layer_units_exponent_1': 8, 'W_layer_units_exponent_2': 4, 'W_layer_units_exponent_3': 10, 'W_layer_units_exponent_4': 6, 'D_layers': 3, 'D_layer_units_exponent_0': 7, 'D_layer_units_exponent_1': 6, 'D_layer_units_exponent_2': 4, 'log_learning_rate': -2.8375563062301805, 'log_learning_rate_D': -4.309383534768132, 'training_batch_size': 8, 'training_p': 7}
	 epoch  0 training error:  tensor(1.1689, device='cuda:0', grad_fn=<DivBackward0>)
	 epoch  0 test error:  tensor(2.3966, device='cuda:0', grad_fn=<DivBackward0>)
Memory status after this epoch: 
Memory allocated:  354.22119140625
Memory cached:  596.0
	 epoch  10 training error:  tensor(1.5680, device='cuda:0', grad_fn=<DivBackward0>)
	 epoch  10 test error:  tensor(0.0761, device='cuda:0', grad_fn=<DivBackward0>)
Memory status after this epoch: 
Memory allocated:  354.08056640625
Memory cached:  696.0
	 epoch  20 training error:  tensor(1.1280, device='cuda:0', grad_fn=<DivBackward0>)
	 epoch  20 test error:  tensor(0.0907, device='cuda:0', grad_fn=<DivBackward0>)
Memory status after this epoch: 
Memory allocated:  354.22119140625
Memory cached:  696.0
	 epoch  30 training error:  tensor(1.0818, device='cuda:0', grad_fn=<DivBackward0>)
	 epoch  30 test error:  tensor(0.0696, device='cuda:0', grad_fn=<DivBackward0>)
Memory status after this epoch: 
Memory allocated:  354.08056640625
Memory cached:  696.0
	 epoch  40 training error:  tensor(0.9573, device='cuda:0', grad_fn=<DivBackward0>)
	 epoch  40 test error:  tensor(0.0691, device='cuda:0', grad_fn=<DivBackward0>)
Memory status after this epoch: 
Memory allocated:  354.22119140625
Memory cached:  696.0
	 epoch  50 training error:  tensor(0.9041, device='cuda:0', grad_fn=<DivBackward0>)
	 epoch  50 test error:  tensor(0.0669, device='cuda:0', grad_fn=<DivBackward0>)
Memory status after this epoch: 
Memory allocated:  354.08056640625
Memory cached:  698.0
	 epoch  60 training error:  tensor(0.8137, device='cuda:0', grad_fn=<DivBackward0>)
	 epoch  60 test error:  tensor(0.0614, device='cuda:0', grad_fn=<DivBackward0>)
Memory status after this epoch: 
Memory allocated:  354.22119140625
Memory cached:  698.0
	 epoch  70 training error:  tensor(0.6019, device='cuda:0', grad_fn=<DivBackward0>)
	 epoch  70 test error:  tensor(0.0416, device='cuda:0', grad_fn=<DivBackward0>)
Memory status after this epoch: 
Memory allocated:  354.08056640625
Memory cached:  696.0
	 epoch  80 training error:  tensor(0.5907, device='cuda:0', grad_fn=<DivBackward0>)
	 epoch  80 test error:  tensor(0.0399, device='cuda:0', grad_fn=<DivBackward0>)
Memory status after this epoch: 
Memory allocated:  354.22119140625
Memory cached:  698.0
	 epoch  90 training error:  tensor(0.5948, device='cuda:0', grad_fn=<DivBackward0>)
	 epoch  90 test error:  tensor(0.0420, device='cuda:0', grad_fn=<DivBackward0>)
Memory status after this epoch: 
Memory allocated:  354.08056640625
Memory cached:  698.0
[I 2023-11-10 11:46:12,873] Trial 4 finished with value: 0.03828228637576103 and parameters: {'W_layers': 5, 'W_layer_units_exponent_0': 7, 'W_layer_units_exponent_1': 8, 'W_layer_units_exponent_2': 4, 'W_layer_units_exponent_3': 10, 'W_layer_units_exponent_4': 6, 'D_layers': 3, 'D_layer_units_exponent_0': 7, 'D_layer_units_exponent_1': 6, 'D_layer_units_exponent_2': 4, 'log_learning_rate': -2.8375563062301805, 'log_learning_rate_D': -4.309383534768132, 'training_batch_size': 8, 'training_p': 7}. Best is trial 4 with value: 0.03828228637576103.
Time for this trial:  133.71431612968445
Memory status after this trial: 
Memory allocated:  692.10791015625
Memory cached:  698.0
--------------------  Trial  5   --------------------
Start timing: 
Parameters: 
{'W_layers': 4, 'W_layer_units_exponent_0': 7, 'W_layer_units_exponent_1': 4, 'W_layer_units_exponent_2': 8, 'W_layer_units_exponent_3': 4, 'D_layers': 6, 'D_layer_units_exponent_0': 9, 'D_layer_units_exponent_1': 5, 'D_layer_units_exponent_2': 10, 'D_layer_units_exponent_3': 8, 'D_layer_units_exponent_4': 9, 'D_layer_units_exponent_5': 6, 'log_learning_rate': -3.0790168385835477, 'log_learning_rate_D': -4.188237312641078, 'training_batch_size': 6, 'training_p': 5}
	 epoch  0 training error:  tensor(2.2403, device='cuda:0', grad_fn=<DivBackward0>)
	 epoch  0 test error:  tensor(0.4501, device='cuda:0', grad_fn=<DivBackward0>)
Memory status after this epoch: 
Memory allocated:  418.20361328125
Memory cached:  660.0
	 epoch  10 training error:  tensor(1.2009, device='cuda:0', grad_fn=<DivBackward0>)
	 epoch  10 test error:  tensor(0.0808, device='cuda:0', grad_fn=<DivBackward0>)
Memory status after this epoch: 
Memory allocated:  418.34423828125
Memory cached:  818.0
	 epoch  20 training error:  tensor(0.9252, device='cuda:0', grad_fn=<DivBackward0>)
	 epoch  20 test error:  tensor(0.0644, device='cuda:0', grad_fn=<DivBackward0>)
Memory status after this epoch: 
Memory allocated:  418.20361328125
Memory cached:  818.0
	 epoch  30 training error:  tensor(0.5127, device='cuda:0', grad_fn=<DivBackward0>)
	 epoch  30 test error:  tensor(0.0429, device='cuda:0', grad_fn=<DivBackward0>)
Memory status after this epoch: 
Memory allocated:  417.87548828125
Memory cached:  818.0
	 epoch  40 training error:  tensor(0.4897, device='cuda:0', grad_fn=<DivBackward0>)
	 epoch  40 test error:  tensor(0.0404, device='cuda:0', grad_fn=<DivBackward0>)
Memory status after this epoch: 
Memory allocated:  418.20361328125
Memory cached:  818.0
	 epoch  50 training error:  tensor(0.4812, device='cuda:0', grad_fn=<DivBackward0>)
	 epoch  50 test error:  tensor(0.0387, device='cuda:0', grad_fn=<DivBackward0>)
Memory status after this epoch: 
Memory allocated:  418.34423828125
Memory cached:  818.0
	 epoch  60 training error:  tensor(0.4800, device='cuda:0', grad_fn=<DivBackward0>)
	 epoch  60 test error:  tensor(0.0385, device='cuda:0', grad_fn=<DivBackward0>)
Memory status after this epoch: 
Memory allocated:  418.20361328125
Memory cached:  818.0
	 epoch  70 training error:  tensor(0.4790, device='cuda:0', grad_fn=<DivBackward0>)
	 epoch  70 test error:  tensor(0.0385, device='cuda:0', grad_fn=<DivBackward0>)
Memory status after this epoch: 
Memory allocated:  418.34423828125
Memory cached:  818.0
	 epoch  80 training error:  tensor(0.4779, device='cuda:0', grad_fn=<DivBackward0>)
	 epoch  80 test error:  tensor(0.0384, device='cuda:0', grad_fn=<DivBackward0>)
Memory status after this epoch: 
Memory allocated:  418.20361328125
Memory cached:  818.0
	 epoch  90 training error:  tensor(0.4826, device='cuda:0', grad_fn=<DivBackward0>)
	 epoch  90 test error:  tensor(0.0402, device='cuda:0', grad_fn=<DivBackward0>)
Memory status after this epoch: 
Memory allocated:  417.96923828125
Memory cached:  818.0
[I 2023-11-10 11:50:41,736] Trial 5 finished with value: 0.03851978853344917 and parameters: {'W_layers': 4, 'W_layer_units_exponent_0': 7, 'W_layer_units_exponent_1': 4, 'W_layer_units_exponent_2': 8, 'W_layer_units_exponent_3': 4, 'D_layers': 6, 'D_layer_units_exponent_0': 9, 'D_layer_units_exponent_1': 5, 'D_layer_units_exponent_2': 10, 'D_layer_units_exponent_3': 8, 'D_layer_units_exponent_4': 9, 'D_layer_units_exponent_5': 6, 'log_learning_rate': -3.0790168385835477, 'log_learning_rate_D': -4.188237312641078, 'training_batch_size': 6, 'training_p': 5}. Best is trial 4 with value: 0.03828228637576103.
Time for this trial:  268.66528153419495
Memory status after this trial: 
Memory allocated:  812.13818359375
Memory cached:  818.0
--------------------  Trial  6   --------------------
Start timing: 
Parameters: 
{'W_layers': 8, 'W_layer_units_exponent_0': 8, 'W_layer_units_exponent_1': 10, 'W_layer_units_exponent_2': 8, 'W_layer_units_exponent_3': 7, 'W_layer_units_exponent_4': 5, 'W_layer_units_exponent_5': 6, 'W_layer_units_exponent_6': 8, 'W_layer_units_exponent_7': 10, 'D_layers': 7, 'D_layer_units_exponent_0': 5, 'D_layer_units_exponent_1': 9, 'D_layer_units_exponent_2': 9, 'D_layer_units_exponent_3': 8, 'D_layer_units_exponent_4': 8, 'D_layer_units_exponent_5': 7, 'D_layer_units_exponent_6': 7, 'log_learning_rate': -1.202605704781441, 'log_learning_rate_D': -2.00518828743861, 'training_batch_size': 6, 'training_p': 6}
	 epoch  0 training error:  tensor(1046.5100, device='cuda:0', grad_fn=<DivBackward0>)
	 epoch  0 test error:  tensor(150611.2812, device='cuda:0', grad_fn=<DivBackward0>)
Memory status after this epoch: 
Memory allocated:  540.31982421875
Memory cached:  782.0
	 epoch  10 training error:  tensor(1., device='cuda:0', grad_fn=<DivBackward0>)
	 epoch  10 test error:  tensor(0.0725, device='cuda:0', grad_fn=<DivBackward0>)
Memory status after this epoch: 
Memory allocated:  541.86669921875
Memory cached:  1052.0
	 epoch  20 training error:  tensor(1., device='cuda:0', grad_fn=<DivBackward0>)
	 epoch  20 test error:  tensor(0.0725, device='cuda:0', grad_fn=<DivBackward0>)
Memory status after this epoch: 
Memory allocated:  540.31982421875
Memory cached:  1052.0
	 epoch  30 training error:  tensor(1., device='cuda:0', grad_fn=<DivBackward0>)
	 epoch  30 test error:  tensor(0.0725, device='cuda:0', grad_fn=<DivBackward0>)
Memory status after this epoch: 
Memory allocated:  541.39794921875
Memory cached:  1052.0
	 epoch  40 training error:  tensor(1., device='cuda:0', grad_fn=<DivBackward0>)
	 epoch  40 test error:  tensor(0.0725, device='cuda:0', grad_fn=<DivBackward0>)
Memory status after this epoch: 
Memory allocated:  540.78857421875
Memory cached:  1052.0
	 epoch  50 training error:  tensor(1., device='cuda:0', grad_fn=<DivBackward0>)
	 epoch  50 test error:  tensor(0.0725, device='cuda:0', grad_fn=<DivBackward0>)
Memory status after this epoch: 
Memory allocated:  541.39794921875
Memory cached:  1052.0
	 epoch  60 training error:  tensor(1., device='cuda:0', grad_fn=<DivBackward0>)
	 epoch  60 test error:  tensor(0.0725, device='cuda:0', grad_fn=<DivBackward0>)
Memory status after this epoch: 
Memory allocated:  540.31982421875
Memory cached:  1052.0
	 epoch  70 training error:  tensor(1., device='cuda:0', grad_fn=<DivBackward0>)
	 epoch  70 test error:  tensor(0.0725, device='cuda:0', grad_fn=<DivBackward0>)
Memory status after this epoch: 
Memory allocated:  541.86669921875
Memory cached:  1052.0
	 epoch  80 training error:  tensor(1., device='cuda:0', grad_fn=<DivBackward0>)
	 epoch  80 test error:  tensor(0.0725, device='cuda:0', grad_fn=<DivBackward0>)
Memory status after this epoch: 
Memory allocated:  540.31982421875
Memory cached:  1052.0
	 epoch  90 training error:  tensor(1., device='cuda:0', grad_fn=<DivBackward0>)
	 epoch  90 test error:  tensor(0.0725, device='cuda:0', grad_fn=<DivBackward0>)
Memory status after this epoch: 
Memory allocated:  541.39794921875
Memory cached:  1052.0
