[I 2023-11-16 04:11:16,007] Trial 17 finished with value: 0.07124044001102448 and parameters: {'W_layers': 4, 'W_layer_units_exponent_0': 5, 'W_layer_units_exponent_1': 6, 'W_layer_units_exponent_2': 5, 'W_layer_units_exponent_3': 10, 'D_layers': 8, 'D_layer_units_exponent_0': 6, 'D_layer_units_exponent_1': 9, 'D_layer_units_exponent_2': 8, 'D_layer_units_exponent_3': 6, 'D_layer_units_exponent_4': 8, 'D_layer_units_exponent_5': 4, 'D_layer_units_exponent_6': 9, 'D_layer_units_exponent_7': 4, 'log_learning_rate': -3.6496280966094874, 'log_learning_rate_D': -2.234414268334942, 'training_batch_size': 6, 'training_p': 7}. Best is trial 9 with value: 0.03132004663348198.
Time for this trial:  299.738605260849
Memory status after this trial: 
Memory allocated:  914.42626953125
Memory cached:  922.0
--------------------  Trial  18   --------------------
Start timing: 
Parameters: 
{'W_layers': 6, 'W_layer_units_exponent_0': 7, 'W_layer_units_exponent_1': 7, 'W_layer_units_exponent_2': 8, 'W_layer_units_exponent_3': 6, 'W_layer_units_exponent_4': 6, 'W_layer_units_exponent_5': 10, 'D_layers': 7, 'D_layer_units_exponent_0': 9, 'D_layer_units_exponent_1': 9, 'D_layer_units_exponent_2': 7, 'D_layer_units_exponent_3': 5, 'D_layer_units_exponent_4': 5, 'D_layer_units_exponent_5': 5, 'D_layer_units_exponent_6': 4, 'log_learning_rate': -3.0771833637729697, 'log_learning_rate_D': -2.678577409219936, 'training_batch_size': 8, 'training_p': 4}
	 epoch  0 training error:  tensor(0.8848, device='cuda:0', grad_fn=<DivBackward0>)
	 epoch  0 test error:  tensor(0.4635, device='cuda:0', grad_fn=<DivBackward0>)
Memory status after this epoch: 
Memory allocated:  484.7744140625
Memory cached:  768.0
	 epoch  10 training error:  tensor(1.4276, device='cuda:0', grad_fn=<DivBackward0>)
	 epoch  10 test error:  tensor(0.0910, device='cuda:0', grad_fn=<DivBackward0>)
Memory status after this epoch: 
Memory allocated:  482.6650390625
Memory cached:  934.0
	 epoch  20 training error:  tensor(0.3759, device='cuda:0', grad_fn=<DivBackward0>)
	 epoch  20 test error:  tensor(0.0417, device='cuda:0', grad_fn=<DivBackward0>)
Memory status after this epoch: 
Memory allocated:  484.7744140625
Memory cached:  934.0
	 epoch  30 training error:  tensor(0.4048, device='cuda:0', grad_fn=<DivBackward0>)
	 epoch  30 test error:  tensor(0.0332, device='cuda:0', grad_fn=<DivBackward0>)
Memory status after this epoch: 
Memory allocated:  482.6650390625
Memory cached:  934.0
	 epoch  40 training error:  tensor(0.3794, device='cuda:0', grad_fn=<DivBackward0>)
	 epoch  40 test error:  tensor(0.0330, device='cuda:0', grad_fn=<DivBackward0>)
Memory status after this epoch: 
Memory allocated:  484.7744140625
Memory cached:  934.0
	 epoch  50 training error:  tensor(0.3684, device='cuda:0', grad_fn=<DivBackward0>)
	 epoch  50 test error:  tensor(0.0321, device='cuda:0', grad_fn=<DivBackward0>)
Memory status after this epoch: 
Memory allocated:  482.6650390625
Memory cached:  934.0
	 epoch  60 training error:  tensor(0.3641, device='cuda:0', grad_fn=<DivBackward0>)
	 epoch  60 test error:  tensor(0.0317, device='cuda:0', grad_fn=<DivBackward0>)
Memory status after this epoch: 
Memory allocated:  484.7744140625
Memory cached:  934.0
	 epoch  70 training error:  tensor(0.3623, device='cuda:0', grad_fn=<DivBackward0>)
	 epoch  70 test error:  tensor(0.0317, device='cuda:0', grad_fn=<DivBackward0>)
Memory status after this epoch: 
Memory allocated:  482.6650390625
Memory cached:  934.0
	 epoch  80 training error:  tensor(0.3621, device='cuda:0', grad_fn=<DivBackward0>)
	 epoch  80 test error:  tensor(0.0319, device='cuda:0', grad_fn=<DivBackward0>)
Memory status after this epoch: 
Memory allocated:  484.7744140625
Memory cached:  936.0
	 epoch  90 training error:  tensor(0.3619, device='cuda:0', grad_fn=<DivBackward0>)
	 epoch  90 test error:  tensor(0.0320, device='cuda:0', grad_fn=<DivBackward0>)
Memory status after this epoch: 
Memory allocated:  482.6650390625
Memory cached:  938.0
[I 2023-11-16 04:14:18,876] Trial 18 finished with value: 0.03186216950416565 and parameters: {'W_layers': 6, 'W_layer_units_exponent_0': 7, 'W_layer_units_exponent_1': 7, 'W_layer_units_exponent_2': 8, 'W_layer_units_exponent_3': 6, 'W_layer_units_exponent_4': 6, 'W_layer_units_exponent_5': 10, 'D_layers': 7, 'D_layer_units_exponent_0': 9, 'D_layer_units_exponent_1': 9, 'D_layer_units_exponent_2': 7, 'D_layer_units_exponent_3': 5, 'D_layer_units_exponent_4': 5, 'D_layer_units_exponent_5': 5, 'D_layer_units_exponent_6': 4, 'log_learning_rate': -3.0771833637729697, 'log_learning_rate_D': -2.678577409219936, 'training_batch_size': 8, 'training_p': 4}. Best is trial 9 with value: 0.03132004663348198.
Time for this trial:  182.5246376991272
Memory status after this trial: 
Memory allocated:  924.74755859375
Memory cached:  936.0
--------------------  Trial  19   --------------------
Start timing: 
Parameters: 
{'W_layers': 8, 'W_layer_units_exponent_0': 7, 'W_layer_units_exponent_1': 4, 'W_layer_units_exponent_2': 10, 'W_layer_units_exponent_3': 8, 'W_layer_units_exponent_4': 8, 'W_layer_units_exponent_5': 4, 'W_layer_units_exponent_6': 4, 'W_layer_units_exponent_7': 4, 'D_layers': 2, 'D_layer_units_exponent_0': 6, 'D_layer_units_exponent_1': 5, 'log_learning_rate': -2.258964970942288, 'log_learning_rate_D': -1.985646161236357, 'training_batch_size': 7, 'training_p': 6}
	 epoch  0 training error:  tensor(0.9467, device='cuda:0', grad_fn=<DivBackward0>)
	 epoch  0 test error:  tensor(1.5411, device='cuda:0', grad_fn=<DivBackward0>)
Memory status after this epoch: 
Memory allocated:  423.01904296875
Memory cached:  708.0
	 epoch  10 training error:  tensor(0.5351, device='cuda:0', grad_fn=<DivBackward0>)
	 epoch  10 test error:  tensor(0.0495, device='cuda:0', grad_fn=<DivBackward0>)
Memory status after this epoch: 
Memory allocated:  425.12841796875
Memory cached:  816.0
	 epoch  20 training error:  tensor(0.3881, device='cuda:0', grad_fn=<DivBackward0>)
	 epoch  20 test error:  tensor(0.0381, device='cuda:0', grad_fn=<DivBackward0>)
Memory status after this epoch: 
Memory allocated:  423.01904296875
Memory cached:  818.0
	 epoch  30 training error:  tensor(0.3633, device='cuda:0', grad_fn=<DivBackward0>)
	 epoch  30 test error:  tensor(0.0344, device='cuda:0', grad_fn=<DivBackward0>)
Memory status after this epoch: 
Memory allocated:  425.12841796875
Memory cached:  816.0
	 epoch  40 training error:  tensor(0.3424, device='cuda:0', grad_fn=<DivBackward0>)
	 epoch  40 test error:  tensor(0.0313, device='cuda:0', grad_fn=<DivBackward0>)
Memory status after this epoch: 
Memory allocated:  423.01904296875
Memory cached:  818.0
	 epoch  50 training error:  tensor(0.3441, device='cuda:0', grad_fn=<DivBackward0>)
	 epoch  50 test error:  tensor(0.0320, device='cuda:0', grad_fn=<DivBackward0>)
Memory status after this epoch: 
Memory allocated:  425.12841796875
Memory cached:  818.0
	 epoch  60 training error:  tensor(0.3406, device='cuda:0', grad_fn=<DivBackward0>)
	 epoch  60 test error:  tensor(0.0314, device='cuda:0', grad_fn=<DivBackward0>)
Memory status after this epoch: 
Memory allocated:  423.01904296875
Memory cached:  816.0
	 epoch  70 training error:  tensor(0.3401, device='cuda:0', grad_fn=<DivBackward0>)
	 epoch  70 test error:  tensor(0.0317, device='cuda:0', grad_fn=<DivBackward0>)
Memory status after this epoch: 
Memory allocated:  425.12841796875
Memory cached:  816.0
	 epoch  80 training error:  tensor(0.3393, device='cuda:0', grad_fn=<DivBackward0>)
	 epoch  80 test error:  tensor(0.0317, device='cuda:0', grad_fn=<DivBackward0>)
Memory status after this epoch: 
Memory allocated:  423.01904296875
Memory cached:  816.0
	 epoch  90 training error:  tensor(0.3391, device='cuda:0', grad_fn=<DivBackward0>)
	 epoch  90 test error:  tensor(0.0321, device='cuda:0', grad_fn=<DivBackward0>)
Memory status after this epoch: 
Memory allocated:  425.12841796875
Memory cached:  816.0
[I 2023-11-16 04:16:48,861] Trial 19 finished with value: 0.03195614367723465 and parameters: {'W_layers': 8, 'W_layer_units_exponent_0': 7, 'W_layer_units_exponent_1': 4, 'W_layer_units_exponent_2': 10, 'W_layer_units_exponent_3': 8, 'W_layer_units_exponent_4': 8, 'W_layer_units_exponent_5': 4, 'W_layer_units_exponent_6': 4, 'W_layer_units_exponent_7': 4, 'D_layers': 2, 'D_layer_units_exponent_0': 6, 'D_layer_units_exponent_1': 5, 'log_learning_rate': -2.258964970942288, 'log_learning_rate_D': -1.985646161236357, 'training_batch_size': 7, 'training_p': 6}. Best is trial 9 with value: 0.03132004663348198.
Time for this trial:  149.71741938591003
Memory status after this trial: 
Memory allocated:  808.19189453125
Memory cached:  816.0
--------------------  Trial  20   --------------------
Start timing: 
Parameters: 
{'W_layers': 5, 'W_layer_units_exponent_0': 6, 'W_layer_units_exponent_1': 5, 'W_layer_units_exponent_2': 5, 'W_layer_units_exponent_3': 5, 'W_layer_units_exponent_4': 5, 'D_layers': 5, 'D_layer_units_exponent_0': 8, 'D_layer_units_exponent_1': 7, 'D_layer_units_exponent_2': 6, 'D_layer_units_exponent_3': 4, 'D_layer_units_exponent_4': 8, 'log_learning_rate': -4.934070432280988, 'log_learning_rate_D': -2.277752287474437, 'training_batch_size': 9, 'training_p': 3}
	 epoch  0 training error:  tensor(1.2465, device='cuda:0', grad_fn=<DivBackward0>)
	 epoch  0 test error:  tensor(0.0904, device='cuda:0', grad_fn=<DivBackward0>)
Memory status after this epoch: 
Memory allocated:  370.96533203125
Memory cached:  666.0
	 epoch  10 training error:  tensor(1.1304, device='cuda:0', grad_fn=<DivBackward0>)
	 epoch  10 test error:  tensor(0.0809, device='cuda:0', grad_fn=<DivBackward0>)
Memory status after this epoch: 
Memory allocated:  368.85595703125
Memory cached:  712.0
	 epoch  20 training error:  tensor(1.0421, device='cuda:0', grad_fn=<DivBackward0>)
	 epoch  20 test error:  tensor(0.0753, device='cuda:0', grad_fn=<DivBackward0>)
Memory status after this epoch: 
Memory allocated:  370.96533203125
Memory cached:  712.0
	 epoch  30 training error:  tensor(0.9627, device='cuda:0', grad_fn=<DivBackward0>)
	 epoch  30 test error:  tensor(0.0696, device='cuda:0', grad_fn=<DivBackward0>)
Memory status after this epoch: 
Memory allocated:  368.85595703125
Memory cached:  712.0
	 epoch  40 training error:  tensor(0.9246, device='cuda:0', grad_fn=<DivBackward0>)
	 epoch  40 test error:  tensor(0.0686, device='cuda:0', grad_fn=<DivBackward0>)
Memory status after this epoch: 
Memory allocated:  370.96533203125
Memory cached:  714.0
	 epoch  50 training error:  tensor(0.8423, device='cuda:0', grad_fn=<DivBackward0>)
	 epoch  50 test error:  tensor(0.0639, device='cuda:0', grad_fn=<DivBackward0>)
Memory status after this epoch: 
Memory allocated:  368.85595703125
Memory cached:  714.0
	 epoch  60 training error:  tensor(0.7802, device='cuda:0', grad_fn=<DivBackward0>)
	 epoch  60 test error:  tensor(0.0585, device='cuda:0', grad_fn=<DivBackward0>)
Memory status after this epoch: 
Memory allocated:  370.96533203125
Memory cached:  712.0
	 epoch  70 training error:  tensor(0.7192, device='cuda:0', grad_fn=<DivBackward0>)
	 epoch  70 test error:  tensor(0.0538, device='cuda:0', grad_fn=<DivBackward0>)
Memory status after this epoch: 
Memory allocated:  368.85595703125
Memory cached:  712.0
	 epoch  80 training error:  tensor(0.6603, device='cuda:0', grad_fn=<DivBackward0>)
	 epoch  80 test error:  tensor(0.0503, device='cuda:0', grad_fn=<DivBackward0>)
Memory status after this epoch: 
Memory allocated:  370.96533203125
Memory cached:  712.0
	 epoch  90 training error:  tensor(0.6056, device='cuda:0', grad_fn=<DivBackward0>)
	 epoch  90 test error:  tensor(0.0469, device='cuda:0', grad_fn=<DivBackward0>)
Memory status after this epoch: 
Memory allocated:  368.85595703125
Memory cached:  712.0
[I 2023-11-16 04:19:12,911] Trial 20 finished with value: 0.044398993253707886 and parameters: {'W_layers': 5, 'W_layer_units_exponent_0': 6, 'W_layer_units_exponent_1': 5, 'W_layer_units_exponent_2': 5, 'W_layer_units_exponent_3': 5, 'W_layer_units_exponent_4': 5, 'D_layers': 5, 'D_layer_units_exponent_0': 8, 'D_layer_units_exponent_1': 7, 'D_layer_units_exponent_2': 6, 'D_layer_units_exponent_3': 4, 'D_layer_units_exponent_4': 8, 'log_learning_rate': -4.934070432280988, 'log_learning_rate_D': -2.277752287474437, 'training_batch_size': 9, 'training_p': 3}. Best is trial 9 with value: 0.03132004663348198.
Time for this trial:  143.7864797115326
Memory status after this trial: 
Memory allocated:  706.77978515625
Memory cached:  714.0
--------------------  Trial  21   --------------------
Start timing: 
Parameters: 
{'W_layers': 5, 'W_layer_units_exponent_0': 6, 'W_layer_units_exponent_1': 5, 'W_layer_units_exponent_2': 10, 'W_layer_units_exponent_3': 4, 'W_layer_units_exponent_4': 6, 'D_layers': 7, 'D_layer_units_exponent_0': 7, 'D_layer_units_exponent_1': 7, 'D_layer_units_exponent_2': 9, 'D_layer_units_exponent_3': 5, 'D_layer_units_exponent_4': 7, 'D_layer_units_exponent_5': 4, 'D_layer_units_exponent_6': 4, 'log_learning_rate': -3.4105219131516447, 'log_learning_rate_D': -3.0518868906241083, 'training_batch_size': 6, 'training_p': 7}
	 epoch  0 training error:  tensor(1.7800, device='cuda:0', grad_fn=<DivBackward0>)
	 epoch  0 test error:  tensor(0.1664, device='cuda:0', grad_fn=<DivBackward0>)
Memory status after this epoch: 
Memory allocated:  437.34521484375
Memory cached:  722.0
	 epoch  10 training error:  tensor(0.8245, device='cuda:0', grad_fn=<DivBackward0>)
	 epoch  10 test error:  tensor(0.0572, device='cuda:0', grad_fn=<DivBackward0>)
Memory status after this epoch: 
Memory allocated:  439.45458984375
Memory cached:  848.0
	 epoch  20 training error:  tensor(0.4058, device='cuda:0', grad_fn=<DivBackward0>)
	 epoch  20 test error:  tensor(0.0363, device='cuda:0', grad_fn=<DivBackward0>)
Memory status after this epoch: 
Memory allocated:  437.34521484375
Memory cached:  848.0
	 epoch  30 training error:  tensor(0.3466, device='cuda:0', grad_fn=<DivBackward0>)
	 epoch  30 test error:  tensor(0.0324, device='cuda:0', grad_fn=<DivBackward0>)
Memory status after this epoch: 
Memory allocated:  439.45458984375
Memory cached:  848.0
	 epoch  40 training error:  tensor(0.3383, device='cuda:0', grad_fn=<DivBackward0>)
	 epoch  40 test error:  tensor(0.0316, device='cuda:0', grad_fn=<DivBackward0>)
Memory status after this epoch: 
Memory allocated:  437.34521484375
Memory cached:  848.0
	 epoch  50 training error:  tensor(0.3366, device='cuda:0', grad_fn=<DivBackward0>)
	 epoch  50 test error:  tensor(0.0316, device='cuda:0', grad_fn=<DivBackward0>)
Memory status after this epoch: 
Memory allocated:  439.45458984375
Memory cached:  848.0
	 epoch  60 training error:  tensor(0.3347, device='cuda:0', grad_fn=<DivBackward0>)
	 epoch  60 test error:  tensor(0.0319, device='cuda:0', grad_fn=<DivBackward0>)
Memory status after this epoch: 
Memory allocated:  437.34521484375
Memory cached:  848.0
	 epoch  70 training error:  tensor(0.3350, device='cuda:0', grad_fn=<DivBackward0>)
	 epoch  70 test error:  tensor(0.0322, device='cuda:0', grad_fn=<DivBackward0>)
Memory status after this epoch: 
Memory allocated:  439.45458984375
Memory cached:  848.0
	 epoch  80 training error:  tensor(0.3347, device='cuda:0', grad_fn=<DivBackward0>)
	 epoch  80 test error:  tensor(0.0318, device='cuda:0', grad_fn=<DivBackward0>)
Memory status after this epoch: 
Memory allocated:  437.34521484375
Memory cached:  848.0
	 epoch  90 training error:  tensor(0.3335, device='cuda:0', grad_fn=<DivBackward0>)
	 epoch  90 test error:  tensor(0.0322, device='cuda:0', grad_fn=<DivBackward0>)
Memory status after this epoch: 
Memory allocated:  439.45458984375
Memory cached:  850.0
[I 2023-11-16 04:24:08,208] Trial 21 finished with value: 0.031551312655210495 and parameters: {'W_layers': 5, 'W_layer_units_exponent_0': 6, 'W_layer_units_exponent_1': 5, 'W_layer_units_exponent_2': 10, 'W_layer_units_exponent_3': 4, 'W_layer_units_exponent_4': 6, 'D_layers': 7, 'D_layer_units_exponent_0': 7, 'D_layer_units_exponent_1': 7, 'D_layer_units_exponent_2': 9, 'D_layer_units_exponent_3': 5, 'D_layer_units_exponent_4': 7, 'D_layer_units_exponent_5': 4, 'D_layer_units_exponent_6': 4, 'log_learning_rate': -3.4105219131516447, 'log_learning_rate_D': -3.0518868906241083, 'training_batch_size': 6, 'training_p': 7}. Best is trial 9 with value: 0.03132004663348198.
Time for this trial:  295.0184202194214
Memory status after this trial: 
Memory allocated:  841.31787109375
Memory cached:  848.0
--------------------  Trial  22   --------------------
Start timing: 
Parameters: 
{'W_layers': 5, 'W_layer_units_exponent_0': 6, 'W_layer_units_exponent_1': 6, 'W_layer_units_exponent_2': 10, 'W_layer_units_exponent_3': 4, 'W_layer_units_exponent_4': 6, 'D_layers': 8, 'D_layer_units_exponent_0': 7, 'D_layer_units_exponent_1': 7, 'D_layer_units_exponent_2': 9, 'D_layer_units_exponent_3': 6, 'D_layer_units_exponent_4': 8, 'D_layer_units_exponent_5': 4, 'D_layer_units_exponent_6': 5, 'D_layer_units_exponent_7': 7, 'log_learning_rate': -3.273339438868476, 'log_learning_rate_D': -3.109486375954209, 'training_batch_size': 6, 'training_p': 7}
	 epoch  0 training error:  tensor(1.8083, device='cuda:0', grad_fn=<DivBackward0>)
	 epoch  0 test error:  tensor(0.3110, device='cuda:0', grad_fn=<DivBackward0>)
Memory status after this epoch: 
Memory allocated:  458.1376953125
Memory cached:  742.0
	 epoch  10 training error:  tensor(0.8120, device='cuda:0', grad_fn=<DivBackward0>)
	 epoch  10 test error:  tensor(0.0660, device='cuda:0', grad_fn=<DivBackward0>)
Memory status after this epoch: 
Memory allocated:  456.0283203125
Memory cached:  884.0
	 epoch  20 training error:  tensor(0.4128, device='cuda:0', grad_fn=<DivBackward0>)
	 epoch  20 test error:  tensor(0.0463, device='cuda:0', grad_fn=<DivBackward0>)
Memory status after this epoch: 
Memory allocated:  458.1376953125
Memory cached:  884.0
	 epoch  30 training error:  tensor(0.3446, device='cuda:0', grad_fn=<DivBackward0>)
	 epoch  30 test error:  tensor(0.0322, device='cuda:0', grad_fn=<DivBackward0>)
Memory status after this epoch: 
Memory allocated:  456.0283203125
Memory cached:  884.0
	 epoch  40 training error:  tensor(0.3377, device='cuda:0', grad_fn=<DivBackward0>)
	 epoch  40 test error:  tensor(0.0318, device='cuda:0', grad_fn=<DivBackward0>)
Memory status after this epoch: 
Memory allocated:  458.1376953125
Memory cached:  884.0
	 epoch  50 training error:  tensor(0.3344, device='cuda:0', grad_fn=<DivBackward0>)
	 epoch  50 test error:  tensor(0.0321, device='cuda:0', grad_fn=<DivBackward0>)
Memory status after this epoch: 
Memory allocated:  456.0283203125
Memory cached:  884.0
	 epoch  60 training error:  tensor(0.3333, device='cuda:0', grad_fn=<DivBackward0>)
	 epoch  60 test error:  tensor(0.0318, device='cuda:0', grad_fn=<DivBackward0>)
Memory status after this epoch: 
Memory allocated:  458.1376953125
Memory cached:  884.0
	 epoch  70 training error:  tensor(0.3329, device='cuda:0', grad_fn=<DivBackward0>)
	 epoch  70 test error:  tensor(0.0318, device='cuda:0', grad_fn=<DivBackward0>)
Memory status after this epoch: 
Memory allocated:  456.0283203125
Memory cached:  884.0
	 epoch  80 training error:  tensor(0.3329, device='cuda:0', grad_fn=<DivBackward0>)
	 epoch  80 test error:  tensor(0.0320, device='cuda:0', grad_fn=<DivBackward0>)
Memory status after this epoch: 
Memory allocated:  458.1376953125
Memory cached:  884.0
	 epoch  90 training error:  tensor(0.3327, device='cuda:0', grad_fn=<DivBackward0>)
	 epoch  90 test error:  tensor(0.0318, device='cuda:0', grad_fn=<DivBackward0>)
Memory status after this epoch: 
Memory allocated:  456.0283203125
Memory cached:  884.0
