[I 2023-11-16 03:30:53,436] Trial 7 finished with value: 0.07304590940475464 and parameters: {'W_layers': 5, 'W_layer_units_exponent_0': 10, 'W_layer_units_exponent_1': 7, 'W_layer_units_exponent_2': 7, 'W_layer_units_exponent_3': 9, 'W_layer_units_exponent_4': 4, 'D_layers': 8, 'D_layer_units_exponent_0': 5, 'D_layer_units_exponent_1': 4, 'D_layer_units_exponent_2': 10, 'D_layer_units_exponent_3': 7, 'D_layer_units_exponent_4': 4, 'D_layer_units_exponent_5': 7, 'D_layer_units_exponent_6': 10, 'D_layer_units_exponent_7': 5, 'log_learning_rate': -2.1219281363273983, 'log_learning_rate_D': -1.4530554362693837, 'training_batch_size': 11, 'training_p': 8}. Best is trial 5 with value: 0.03171822056174278.
Time for this trial:  188.84721040725708
Memory status after this trial: 
Memory allocated:  1061.27783203125
Memory cached:  1080.0
--------------------  Trial  8   --------------------
Start timing: 
Parameters: 
{'W_layers': 2, 'W_layer_units_exponent_0': 10, 'W_layer_units_exponent_1': 10, 'D_layers': 3, 'D_layer_units_exponent_0': 5, 'D_layer_units_exponent_1': 6, 'D_layer_units_exponent_2': 8, 'log_learning_rate': -1.2616493048112498, 'log_learning_rate_D': -1.7841349393191095, 'training_batch_size': 6, 'training_p': 2}
	 epoch  0 training error:  tensor(7556.7144, device='cuda:0', grad_fn=<DivBackward0>)
	 epoch  0 test error:  tensor(117.6378, device='cuda:0', grad_fn=<DivBackward0>)
Memory status after this epoch: 
Memory allocated:  464.71435546875
Memory cached:  762.0
	 epoch  10 training error:  tensor(1., device='cuda:0', grad_fn=<DivBackward0>)
	 epoch  10 test error:  tensor(0.0730, device='cuda:0', grad_fn=<DivBackward0>)
Memory status after this epoch: 
Memory allocated:  466.54248046875
Memory cached:  900.0
	 epoch  20 training error:  tensor(1., device='cuda:0', grad_fn=<DivBackward0>)
	 epoch  20 test error:  tensor(0.0730, device='cuda:0', grad_fn=<DivBackward0>)
Memory status after this epoch: 
Memory allocated:  464.71435546875
Memory cached:  900.0
	 epoch  30 training error:  tensor(1., device='cuda:0', grad_fn=<DivBackward0>)
	 epoch  30 test error:  tensor(0.0730, device='cuda:0', grad_fn=<DivBackward0>)
Memory status after this epoch: 
Memory allocated:  466.54248046875
Memory cached:  900.0
	 epoch  40 training error:  tensor(1., device='cuda:0', grad_fn=<DivBackward0>)
	 epoch  40 test error:  tensor(0.0730, device='cuda:0', grad_fn=<DivBackward0>)
Memory status after this epoch: 
Memory allocated:  464.71435546875
Memory cached:  900.0
	 epoch  50 training error:  tensor(1., device='cuda:0', grad_fn=<DivBackward0>)
	 epoch  50 test error:  tensor(0.0730, device='cuda:0', grad_fn=<DivBackward0>)
Memory status after this epoch: 
Memory allocated:  466.54248046875
Memory cached:  900.0
	 epoch  60 training error:  tensor(1., device='cuda:0', grad_fn=<DivBackward0>)
	 epoch  60 test error:  tensor(0.0730, device='cuda:0', grad_fn=<DivBackward0>)
Memory status after this epoch: 
Memory allocated:  464.71435546875
Memory cached:  900.0
	 epoch  70 training error:  tensor(1., device='cuda:0', grad_fn=<DivBackward0>)
	 epoch  70 test error:  tensor(0.0730, device='cuda:0', grad_fn=<DivBackward0>)
Memory status after this epoch: 
Memory allocated:  466.54248046875
Memory cached:  900.0
	 epoch  80 training error:  tensor(1., device='cuda:0', grad_fn=<DivBackward0>)
	 epoch  80 test error:  tensor(0.0730, device='cuda:0', grad_fn=<DivBackward0>)
Memory status after this epoch: 
Memory allocated:  464.71435546875
Memory cached:  900.0
	 epoch  90 training error:  tensor(1., device='cuda:0', grad_fn=<DivBackward0>)
	 epoch  90 test error:  tensor(0.0730, device='cuda:0', grad_fn=<DivBackward0>)
Memory status after this epoch: 
Memory allocated:  466.54248046875
Memory cached:  900.0
[I 2023-11-16 03:34:00,351] Trial 8 finished with value: 0.07304592430591583 and parameters: {'W_layers': 2, 'W_layer_units_exponent_0': 10, 'W_layer_units_exponent_1': 10, 'D_layers': 3, 'D_layer_units_exponent_0': 5, 'D_layer_units_exponent_1': 6, 'D_layer_units_exponent_2': 8, 'log_learning_rate': -1.2616493048112498, 'log_learning_rate_D': -1.7841349393191095, 'training_batch_size': 6, 'training_p': 2}. Best is trial 5 with value: 0.03171822056174278.
Time for this trial:  186.7075912952423
Memory status after this trial: 
Memory allocated:  872.61572265625
Memory cached:  900.0
--------------------  Trial  9   --------------------
Start timing: 
Parameters: 
{'W_layers': 7, 'W_layer_units_exponent_0': 7, 'W_layer_units_exponent_1': 6, 'W_layer_units_exponent_2': 8, 'W_layer_units_exponent_3': 10, 'W_layer_units_exponent_4': 5, 'W_layer_units_exponent_5': 5, 'W_layer_units_exponent_6': 7, 'D_layers': 8, 'D_layer_units_exponent_0': 9, 'D_layer_units_exponent_1': 6, 'D_layer_units_exponent_2': 9, 'D_layer_units_exponent_3': 4, 'D_layer_units_exponent_4': 5, 'D_layer_units_exponent_5': 4, 'D_layer_units_exponent_6': 4, 'D_layer_units_exponent_7': 5, 'log_learning_rate': -2.9869054430287116, 'log_learning_rate_D': -2.0449539240944894, 'training_batch_size': 6, 'training_p': 5}
	 epoch  0 training error:  tensor(2.6343, device='cuda:0', grad_fn=<DivBackward0>)
	 epoch  0 test error:  tensor(0.2661, device='cuda:0', grad_fn=<DivBackward0>)
Memory status after this epoch: 
Memory allocated:  479.67626953125
Memory cached:  756.0
	 epoch  10 training error:  tensor(0.8503, device='cuda:0', grad_fn=<DivBackward0>)
	 epoch  10 test error:  tensor(0.0680, device='cuda:0', grad_fn=<DivBackward0>)
Memory status after this epoch: 
Memory allocated:  479.34814453125
Memory cached:  934.0
	 epoch  20 training error:  tensor(0.6141, device='cuda:0', grad_fn=<DivBackward0>)
	 epoch  20 test error:  tensor(0.0747, device='cuda:0', grad_fn=<DivBackward0>)
Memory status after this epoch: 
Memory allocated:  479.67626953125
Memory cached:  934.0
	 epoch  30 training error:  tensor(0.5784, device='cuda:0', grad_fn=<DivBackward0>)
	 epoch  30 test error:  tensor(0.0685, device='cuda:0', grad_fn=<DivBackward0>)
Memory status after this epoch: 
Memory allocated:  479.34814453125
Memory cached:  934.0
	 epoch  40 training error:  tensor(0.3770, device='cuda:0', grad_fn=<DivBackward0>)
	 epoch  40 test error:  tensor(0.0320, device='cuda:0', grad_fn=<DivBackward0>)
Memory status after this epoch: 
Memory allocated:  479.67626953125
Memory cached:  934.0
	 epoch  50 training error:  tensor(0.3534, device='cuda:0', grad_fn=<DivBackward0>)
	 epoch  50 test error:  tensor(0.0315, device='cuda:0', grad_fn=<DivBackward0>)
Memory status after this epoch: 
Memory allocated:  479.34814453125
Memory cached:  934.0
	 epoch  60 training error:  tensor(0.3521, device='cuda:0', grad_fn=<DivBackward0>)
	 epoch  60 test error:  tensor(0.0339, device='cuda:0', grad_fn=<DivBackward0>)
Memory status after this epoch: 
Memory allocated:  479.67626953125
Memory cached:  934.0
	 epoch  70 training error:  tensor(0.3510, device='cuda:0', grad_fn=<DivBackward0>)
	 epoch  70 test error:  tensor(0.0323, device='cuda:0', grad_fn=<DivBackward0>)
Memory status after this epoch: 
Memory allocated:  479.34814453125
Memory cached:  934.0
	 epoch  80 training error:  tensor(0.3516, device='cuda:0', grad_fn=<DivBackward0>)
	 epoch  80 test error:  tensor(0.0323, device='cuda:0', grad_fn=<DivBackward0>)
Memory status after this epoch: 
Memory allocated:  479.67626953125
Memory cached:  934.0
	 epoch  90 training error:  tensor(0.3541, device='cuda:0', grad_fn=<DivBackward0>)
	 epoch  90 test error:  tensor(0.0331, device='cuda:0', grad_fn=<DivBackward0>)
Memory status after this epoch: 
Memory allocated:  479.34814453125
Memory cached:  934.0
[I 2023-11-16 03:39:44,173] Trial 9 finished with value: 0.03132004663348198 and parameters: {'W_layers': 7, 'W_layer_units_exponent_0': 7, 'W_layer_units_exponent_1': 6, 'W_layer_units_exponent_2': 8, 'W_layer_units_exponent_3': 10, 'W_layer_units_exponent_4': 5, 'W_layer_units_exponent_5': 5, 'W_layer_units_exponent_6': 7, 'D_layers': 8, 'D_layer_units_exponent_0': 9, 'D_layer_units_exponent_1': 6, 'D_layer_units_exponent_2': 9, 'D_layer_units_exponent_3': 4, 'D_layer_units_exponent_4': 5, 'D_layer_units_exponent_5': 4, 'D_layer_units_exponent_6': 4, 'D_layer_units_exponent_7': 5, 'log_learning_rate': -2.9869054430287116, 'log_learning_rate_D': -2.0449539240944894, 'training_batch_size': 6, 'training_p': 5}. Best is trial 9 with value: 0.03132004663348198.
Time for this trial:  343.6199724674225
Memory status after this trial: 
Memory allocated:  917.93505859375
Memory cached:  934.0
--------------------  Trial  10   --------------------
Start timing: 
Parameters: 
{'W_layers': 6, 'W_layer_units_exponent_0': 6, 'W_layer_units_exponent_1': 5, 'W_layer_units_exponent_2': 4, 'W_layer_units_exponent_3': 4, 'W_layer_units_exponent_4': 6, 'W_layer_units_exponent_5': 10, 'D_layers': 8, 'D_layer_units_exponent_0': 7, 'D_layer_units_exponent_1': 10, 'D_layer_units_exponent_2': 9, 'D_layer_units_exponent_3': 5, 'D_layer_units_exponent_4': 7, 'D_layer_units_exponent_5': 4, 'D_layer_units_exponent_6': 4, 'D_layer_units_exponent_7': 9, 'log_learning_rate': -3.487941864357738, 'log_learning_rate_D': -2.7210025812123213, 'training_batch_size': 6, 'training_p': 7}
	 epoch  0 training error:  tensor(1.5652, device='cuda:0', grad_fn=<DivBackward0>)
	 epoch  0 test error:  tensor(0.0701, device='cuda:0', grad_fn=<DivBackward0>)
Memory status after this epoch: 
Memory allocated:  522.64990234375
Memory cached:  828.0
	 epoch  10 training error:  tensor(0.4328, device='cuda:0', grad_fn=<DivBackward0>)
	 epoch  10 test error:  tensor(0.0328, device='cuda:0', grad_fn=<DivBackward0>)
Memory status after this epoch: 
Memory allocated:  523.77490234375
Memory cached:  1028.0
	 epoch  20 training error:  tensor(0.3538, device='cuda:0', grad_fn=<DivBackward0>)
	 epoch  20 test error:  tensor(0.0314, device='cuda:0', grad_fn=<DivBackward0>)
Memory status after this epoch: 
Memory allocated:  523.11865234375
Memory cached:  1028.0
	 epoch  30 training error:  tensor(0.3434, device='cuda:0', grad_fn=<DivBackward0>)
	 epoch  30 test error:  tensor(0.0336, device='cuda:0', grad_fn=<DivBackward0>)
Memory status after this epoch: 
Memory allocated:  523.77490234375
Memory cached:  1028.0
	 epoch  40 training error:  tensor(0.3385, device='cuda:0', grad_fn=<DivBackward0>)
	 epoch  40 test error:  tensor(0.0325, device='cuda:0', grad_fn=<DivBackward0>)
Memory status after this epoch: 
Memory allocated:  523.58740234375
Memory cached:  1008.0
	 epoch  50 training error:  tensor(0.3353, device='cuda:0', grad_fn=<DivBackward0>)
	 epoch  50 test error:  tensor(0.0315, device='cuda:0', grad_fn=<DivBackward0>)
Memory status after this epoch: 
Memory allocated:  523.77490234375
Memory cached:  1008.0
	 epoch  60 training error:  tensor(0.3378, device='cuda:0', grad_fn=<DivBackward0>)
	 epoch  60 test error:  tensor(0.0315, device='cuda:0', grad_fn=<DivBackward0>)
Memory status after this epoch: 
Memory allocated:  523.58740234375
Memory cached:  1008.0
	 epoch  70 training error:  tensor(0.3329, device='cuda:0', grad_fn=<DivBackward0>)
	 epoch  70 test error:  tensor(0.0315, device='cuda:0', grad_fn=<DivBackward0>)
Memory status after this epoch: 
Memory allocated:  523.77490234375
Memory cached:  1008.0
	 epoch  80 training error:  tensor(0.3509, device='cuda:0', grad_fn=<DivBackward0>)
	 epoch  80 test error:  tensor(0.0340, device='cuda:0', grad_fn=<DivBackward0>)
Memory status after this epoch: 
Memory allocated:  523.58740234375
Memory cached:  1008.0
	 epoch  90 training error:  tensor(0.3360, device='cuda:0', grad_fn=<DivBackward0>)
	 epoch  90 test error:  tensor(0.0314, device='cuda:0', grad_fn=<DivBackward0>)
Memory status after this epoch: 
Memory allocated:  523.77490234375
Memory cached:  1008.0
[I 2023-11-16 03:45:18,082] Trial 10 finished with value: 0.03156209737062454 and parameters: {'W_layers': 6, 'W_layer_units_exponent_0': 6, 'W_layer_units_exponent_1': 5, 'W_layer_units_exponent_2': 4, 'W_layer_units_exponent_3': 4, 'W_layer_units_exponent_4': 6, 'W_layer_units_exponent_5': 10, 'D_layers': 8, 'D_layer_units_exponent_0': 7, 'D_layer_units_exponent_1': 10, 'D_layer_units_exponent_2': 9, 'D_layer_units_exponent_3': 5, 'D_layer_units_exponent_4': 7, 'D_layer_units_exponent_5': 4, 'D_layer_units_exponent_6': 4, 'D_layer_units_exponent_7': 9, 'log_learning_rate': -3.487941864357738, 'log_learning_rate_D': -2.7210025812123213, 'training_batch_size': 6, 'training_p': 7}. Best is trial 9 with value: 0.03132004663348198.
Time for this trial:  333.58719849586487
Memory status after this trial: 
Memory allocated:  996.42333984375
Memory cached:  1008.0
--------------------  Trial  11   --------------------
Start timing: 
Parameters: 
{'W_layers': 6, 'W_layer_units_exponent_0': 6, 'W_layer_units_exponent_1': 5, 'W_layer_units_exponent_2': 4, 'W_layer_units_exponent_3': 4, 'W_layer_units_exponent_4': 6, 'W_layer_units_exponent_5': 9, 'D_layers': 8, 'D_layer_units_exponent_0': 7, 'D_layer_units_exponent_1': 10, 'D_layer_units_exponent_2': 9, 'D_layer_units_exponent_3': 5, 'D_layer_units_exponent_4': 7, 'D_layer_units_exponent_5': 4, 'D_layer_units_exponent_6': 4, 'D_layer_units_exponent_7': 10, 'log_learning_rate': -3.4930767339520234, 'log_learning_rate_D': -2.610802514036563, 'training_batch_size': 6, 'training_p': 7}
	 epoch  0 training error:  tensor(1.9412, device='cuda:0', grad_fn=<DivBackward0>)
	 epoch  0 test error:  tensor(0.0928, device='cuda:0', grad_fn=<DivBackward0>)
Memory status after this epoch: 
Memory allocated:  523.31396484375
Memory cached:  790.0
	 epoch  10 training error:  tensor(0.4151, device='cuda:0', grad_fn=<DivBackward0>)
	 epoch  10 test error:  tensor(0.0356, device='cuda:0', grad_fn=<DivBackward0>)
Memory status after this epoch: 
Memory allocated:  521.39208984375
Memory cached:  1028.0
	 epoch  20 training error:  tensor(0.3609, device='cuda:0', grad_fn=<DivBackward0>)
	 epoch  20 test error:  tensor(0.0312, device='cuda:0', grad_fn=<DivBackward0>)
Memory status after this epoch: 
Memory allocated:  523.22021484375
Memory cached:  1028.0
	 epoch  30 training error:  tensor(0.3342, device='cuda:0', grad_fn=<DivBackward0>)
	 epoch  30 test error:  tensor(0.0323, device='cuda:0', grad_fn=<DivBackward0>)
Memory status after this epoch: 
Memory allocated:  521.39208984375
Memory cached:  1028.0
	 epoch  40 training error:  tensor(0.3334, device='cuda:0', grad_fn=<DivBackward0>)
	 epoch  40 test error:  tensor(0.0318, device='cuda:0', grad_fn=<DivBackward0>)
Memory status after this epoch: 
Memory allocated:  523.22021484375
Memory cached:  1028.0
	 epoch  50 training error:  tensor(0.3332, device='cuda:0', grad_fn=<DivBackward0>)
	 epoch  50 test error:  tensor(0.0316, device='cuda:0', grad_fn=<DivBackward0>)
Memory status after this epoch: 
Memory allocated:  521.39208984375
Memory cached:  1028.0
	 epoch  60 training error:  tensor(0.3334, device='cuda:0', grad_fn=<DivBackward0>)
	 epoch  60 test error:  tensor(0.0324, device='cuda:0', grad_fn=<DivBackward0>)
Memory status after this epoch: 
Memory allocated:  523.22021484375
Memory cached:  1028.0
	 epoch  70 training error:  tensor(0.3323, device='cuda:0', grad_fn=<DivBackward0>)
	 epoch  70 test error:  tensor(0.0320, device='cuda:0', grad_fn=<DivBackward0>)
Memory status after this epoch: 
Memory allocated:  521.39208984375
Memory cached:  1028.0
	 epoch  80 training error:  tensor(0.3322, device='cuda:0', grad_fn=<DivBackward0>)
	 epoch  80 test error:  tensor(0.0322, device='cuda:0', grad_fn=<DivBackward0>)
Memory status after this epoch: 
Memory allocated:  523.22021484375
Memory cached:  1028.0
	 epoch  90 training error:  tensor(0.3317, device='cuda:0', grad_fn=<DivBackward0>)
	 epoch  90 test error:  tensor(0.0318, device='cuda:0', grad_fn=<DivBackward0>)
Memory status after this epoch: 
Memory allocated:  521.39208984375
Memory cached:  1028.0
[I 2023-11-16 03:50:52,720] Trial 11 finished with value: 0.03292592987418175 and parameters: {'W_layers': 6, 'W_layer_units_exponent_0': 6, 'W_layer_units_exponent_1': 5, 'W_layer_units_exponent_2': 4, 'W_layer_units_exponent_3': 4, 'W_layer_units_exponent_4': 6, 'W_layer_units_exponent_5': 9, 'D_layers': 8, 'D_layer_units_exponent_0': 7, 'D_layer_units_exponent_1': 10, 'D_layer_units_exponent_2': 9, 'D_layer_units_exponent_3': 5, 'D_layer_units_exponent_4': 7, 'D_layer_units_exponent_5': 4, 'D_layer_units_exponent_6': 4, 'D_layer_units_exponent_7': 10, 'log_learning_rate': -3.4930767339520234, 'log_learning_rate_D': -2.610802514036563, 'training_batch_size': 6, 'training_p': 7}. Best is trial 9 with value: 0.03132004663348198.
Time for this trial:  334.33828592300415
Memory status after this trial: 
Memory allocated:  995.22021484375
Memory cached:  1028.0
--------------------  Trial  12   --------------------
Start timing: 
Parameters: 
{'W_layers': 5, 'W_layer_units_exponent_0': 6, 'W_layer_units_exponent_1': 5, 'W_layer_units_exponent_2': 10, 'W_layer_units_exponent_3': 4, 'W_layer_units_exponent_4': 6, 'D_layers': 7, 'D_layer_units_exponent_0': 7, 'D_layer_units_exponent_1': 7, 'D_layer_units_exponent_2': 9, 'D_layer_units_exponent_3': 5, 'D_layer_units_exponent_4': 7, 'D_layer_units_exponent_5': 4, 'D_layer_units_exponent_6': 4, 'log_learning_rate': -3.3750787294170537, 'log_learning_rate_D': -2.919992258120199, 'training_batch_size': 7, 'training_p': 7}
	 epoch  0 training error:  tensor(1.7487, device='cuda:0', grad_fn=<DivBackward0>)
	 epoch  0 test error:  tensor(0.1259, device='cuda:0', grad_fn=<DivBackward0>)
Memory status after this epoch: 
Memory allocated:  438.47021484375
Memory cached:  730.0
	 epoch  10 training error:  tensor(0.8194, device='cuda:0', grad_fn=<DivBackward0>)
	 epoch  10 test error:  tensor(0.0546, device='cuda:0', grad_fn=<DivBackward0>)
Memory status after this epoch: 
Memory allocated:  438.51708984375
Memory cached:  856.0
	 epoch  20 training error:  tensor(0.4509, device='cuda:0', grad_fn=<DivBackward0>)
	 epoch  20 test error:  tensor(0.0351, device='cuda:0', grad_fn=<DivBackward0>)
Memory status after this epoch: 
Memory allocated:  438.47021484375
Memory cached:  856.0
	 epoch  30 training error:  tensor(0.3635, device='cuda:0', grad_fn=<DivBackward0>)
	 epoch  30 test error:  tensor(0.0339, device='cuda:0', grad_fn=<DivBackward0>)
Memory status after this epoch: 
Memory allocated:  438.51708984375
Memory cached:  856.0
	 epoch  40 training error:  tensor(0.3478, device='cuda:0', grad_fn=<DivBackward0>)
	 epoch  40 test error:  tensor(0.0315, device='cuda:0', grad_fn=<DivBackward0>)
Memory status after this epoch: 
Memory allocated:  438.47021484375
Memory cached:  856.0
	 epoch  50 training error:  tensor(0.3414, device='cuda:0', grad_fn=<DivBackward0>)
	 epoch  50 test error:  tensor(0.0320, device='cuda:0', grad_fn=<DivBackward0>)
Memory status after this epoch: 
Memory allocated:  438.51708984375
Memory cached:  856.0
	 epoch  60 training error:  tensor(0.3370, device='cuda:0', grad_fn=<DivBackward0>)
	 epoch  60 test error:  tensor(0.0317, device='cuda:0', grad_fn=<DivBackward0>)
Memory status after this epoch: 
Memory allocated:  438.47021484375
Memory cached:  856.0
	 epoch  70 training error:  tensor(0.3344, device='cuda:0', grad_fn=<DivBackward0>)
	 epoch  70 test error:  tensor(0.0316, device='cuda:0', grad_fn=<DivBackward0>)
Memory status after this epoch: 
Memory allocated:  438.51708984375
Memory cached:  858.0
	 epoch  80 training error:  tensor(0.3335, device='cuda:0', grad_fn=<DivBackward0>)
	 epoch  80 test error:  tensor(0.0317, device='cuda:0', grad_fn=<DivBackward0>)
Memory status after this epoch: 
Memory allocated:  438.47021484375
Memory cached:  858.0
	 epoch  90 training error:  tensor(0.3331, device='cuda:0', grad_fn=<DivBackward0>)
	 epoch  90 test error:  tensor(0.0318, device='cuda:0', grad_fn=<DivBackward0>)
Memory status after this epoch: 
Memory allocated:  438.51708984375
Memory cached:  856.0
