[I 2023-11-16 12:09:58,191] Trial 39 finished with value: 0.016334068030118942 and parameters: {'W_layers': 6, 'W_layer_units_exponent_0': 6, 'W_layer_units_exponent_1': 4, 'W_layer_units_exponent_2': 4, 'W_layer_units_exponent_3': 4, 'W_layer_units_exponent_4': 5, 'W_layer_units_exponent_5': 7, 'D_layers': 3, 'D_layer_units_exponent_0': 5, 'D_layer_units_exponent_1': 4, 'D_layer_units_exponent_2': 5, 'D_dagger_layers': 2, 'D_dagger_layer_units_exponent_0': 4, 'D_dagger_layer_units_exponent_1': 9, 'log_learning_rate': -4.2576180020197825, 'log_learning_rate_D': -4.094369466897899, 'log_learning_rate_D_dagger': -1.2053761045282543, 'training_batch_size': 6, 'training_p': 7}. Best is trial 23 with value: 0.007120855152606964.
Time for this trial:  19.187036514282227
Memory status after this trial: 
Memory allocated:  43.5498046875
Memory cached:  58.0
--------------------  Trial  40   --------------------
Start timing: 
Parameters: 
{'W_layers': 6, 'W_layer_units_exponent_0': 5, 'W_layer_units_exponent_1': 5, 'W_layer_units_exponent_2': 7, 'W_layer_units_exponent_3': 7, 'W_layer_units_exponent_4': 6, 'W_layer_units_exponent_5': 6, 'D_layers': 4, 'D_layer_units_exponent_0': 7, 'D_layer_units_exponent_1': 5, 'D_layer_units_exponent_2': 8, 'D_layer_units_exponent_3': 6, 'D_dagger_layers': 6, 'D_dagger_layer_units_exponent_0': 5, 'D_dagger_layer_units_exponent_1': 10, 'D_dagger_layer_units_exponent_2': 8, 'D_dagger_layer_units_exponent_3': 8, 'D_dagger_layer_units_exponent_4': 8, 'D_dagger_layer_units_exponent_5': 8, 'log_learning_rate': -4.713221917784272, 'log_learning_rate_D': -4.633034702640637, 'log_learning_rate_D_dagger': -2.022208171892143, 'training_batch_size': 7, 'training_p': 8}
	 epoch  0 training error:  tensor(0.9992, device='cuda:0', grad_fn=<DivBackward0>)
Memory status after this epoch: 
Memory allocated:  8.34130859375
Memory cached:  16.0
	 epoch  10 training error:  tensor(0.9966, device='cuda:0', grad_fn=<DivBackward0>)
Memory status after this epoch: 
Memory allocated:  8.34130859375
Memory cached:  18.0
	 epoch  20 training error:  tensor(0.9821, device='cuda:0', grad_fn=<DivBackward0>)
Memory status after this epoch: 
Memory allocated:  8.34130859375
Memory cached:  18.0
	 epoch  30 training error:  tensor(0.9664, device='cuda:0', grad_fn=<DivBackward0>)
Memory status after this epoch: 
Memory allocated:  8.34130859375
Memory cached:  18.0
	 epoch  40 training error:  tensor(0.9498, device='cuda:0', grad_fn=<DivBackward0>)
Memory status after this epoch: 
Memory allocated:  8.34130859375
Memory cached:  18.0
	 epoch  50 training error:  tensor(0.9320, device='cuda:0', grad_fn=<DivBackward0>)
Memory status after this epoch: 
Memory allocated:  8.34130859375
Memory cached:  18.0
	 epoch  60 training error:  tensor(0.9125, device='cuda:0', grad_fn=<DivBackward0>)
Memory status after this epoch: 
Memory allocated:  8.34130859375
Memory cached:  18.0
	 epoch  70 training error:  tensor(0.8909, device='cuda:0', grad_fn=<DivBackward0>)
Memory status after this epoch: 
Memory allocated:  8.34130859375
Memory cached:  18.0
	 epoch  80 training error:  tensor(0.8666, device='cuda:0', grad_fn=<DivBackward0>)
Memory status after this epoch: 
Memory allocated:  8.34130859375
Memory cached:  18.0
	 epoch  90 training error:  tensor(0.8389, device='cuda:0', grad_fn=<DivBackward0>)
Memory status after this epoch: 
Memory allocated:  8.34130859375
Memory cached:  18.0
[I 2023-11-16 12:10:18,105] Trial 40 finished with value: 0.8069044947624207 and parameters: {'W_layers': 6, 'W_layer_units_exponent_0': 5, 'W_layer_units_exponent_1': 5, 'W_layer_units_exponent_2': 7, 'W_layer_units_exponent_3': 7, 'W_layer_units_exponent_4': 6, 'W_layer_units_exponent_5': 6, 'D_layers': 4, 'D_layer_units_exponent_0': 7, 'D_layer_units_exponent_1': 5, 'D_layer_units_exponent_2': 8, 'D_layer_units_exponent_3': 6, 'D_dagger_layers': 6, 'D_dagger_layer_units_exponent_0': 5, 'D_dagger_layer_units_exponent_1': 10, 'D_dagger_layer_units_exponent_2': 8, 'D_dagger_layer_units_exponent_3': 8, 'D_dagger_layer_units_exponent_4': 8, 'D_dagger_layer_units_exponent_5': 8, 'log_learning_rate': -4.713221917784272, 'log_learning_rate_D': -4.633034702640637, 'log_learning_rate_D_dagger': -2.022208171892143, 'training_batch_size': 7, 'training_p': 8}. Best is trial 23 with value: 0.007120855152606964.
Time for this trial:  19.676364421844482
Memory status after this trial: 
Memory allocated:  141.1494140625
Memory cached:  156.0
--------------------  Trial  41   --------------------
Start timing: 
Parameters: 
{'W_layers': 8, 'W_layer_units_exponent_0': 8, 'W_layer_units_exponent_1': 6, 'W_layer_units_exponent_2': 6, 'W_layer_units_exponent_3': 6, 'W_layer_units_exponent_4': 9, 'W_layer_units_exponent_5': 9, 'W_layer_units_exponent_6': 6, 'W_layer_units_exponent_7': 7, 'D_layers': 2, 'D_layer_units_exponent_0': 8, 'D_layer_units_exponent_1': 6, 'D_dagger_layers': 5, 'D_dagger_layer_units_exponent_0': 6, 'D_dagger_layer_units_exponent_1': 8, 'D_dagger_layer_units_exponent_2': 4, 'D_dagger_layer_units_exponent_3': 9, 'D_dagger_layer_units_exponent_4': 9, 'log_learning_rate': -4.437345023636668, 'log_learning_rate_D': -4.409645441943901, 'log_learning_rate_D_dagger': -1.3324187864240338, 'training_batch_size': 9, 'training_p': 4}
	 epoch  0 training error:  tensor(1.0257, device='cuda:0', grad_fn=<DivBackward0>)
Memory status after this epoch: 
Memory allocated:  10.22900390625
Memory cached:  12.0
	 epoch  10 training error:  tensor(0.9786, device='cuda:0', grad_fn=<DivBackward0>)
Memory status after this epoch: 
Memory allocated:  10.22900390625
Memory cached:  12.0
	 epoch  20 training error:  tensor(0.9076, device='cuda:0', grad_fn=<DivBackward0>)
Memory status after this epoch: 
Memory allocated:  10.22900390625
Memory cached:  12.0
	 epoch  30 training error:  tensor(0.7561, device='cuda:0', grad_fn=<DivBackward0>)
Memory status after this epoch: 
Memory allocated:  10.22900390625
Memory cached:  12.0
	 epoch  40 training error:  tensor(0.4328, device='cuda:0', grad_fn=<DivBackward0>)
Memory status after this epoch: 
Memory allocated:  10.22900390625
Memory cached:  12.0
	 epoch  50 training error:  tensor(0.1274, device='cuda:0', grad_fn=<DivBackward0>)
Memory status after this epoch: 
Memory allocated:  10.22900390625
Memory cached:  12.0
	 epoch  60 training error:  tensor(0.0636, device='cuda:0', grad_fn=<DivBackward0>)
Memory status after this epoch: 
Memory allocated:  10.22900390625
Memory cached:  12.0
	 epoch  70 training error:  tensor(0.0458, device='cuda:0', grad_fn=<DivBackward0>)
Memory status after this epoch: 
Memory allocated:  10.22900390625
Memory cached:  12.0
	 epoch  80 training error:  tensor(0.0179, device='cuda:0', grad_fn=<DivBackward0>)
Memory status after this epoch: 
Memory allocated:  10.22900390625
Memory cached:  12.0
	 epoch  90 training error:  tensor(0.0150, device='cuda:0', grad_fn=<DivBackward0>)
Memory status after this epoch: 
Memory allocated:  10.22900390625
Memory cached:  12.0
[I 2023-11-16 12:10:38,394] Trial 41 finished with value: 0.012565548531711102 and parameters: {'W_layers': 8, 'W_layer_units_exponent_0': 8, 'W_layer_units_exponent_1': 6, 'W_layer_units_exponent_2': 6, 'W_layer_units_exponent_3': 6, 'W_layer_units_exponent_4': 9, 'W_layer_units_exponent_5': 9, 'W_layer_units_exponent_6': 6, 'W_layer_units_exponent_7': 7, 'D_layers': 2, 'D_layer_units_exponent_0': 8, 'D_layer_units_exponent_1': 6, 'D_dagger_layers': 5, 'D_dagger_layer_units_exponent_0': 6, 'D_dagger_layer_units_exponent_1': 8, 'D_dagger_layer_units_exponent_2': 4, 'D_dagger_layer_units_exponent_3': 9, 'D_dagger_layer_units_exponent_4': 9, 'log_learning_rate': -4.437345023636668, 'log_learning_rate_D': -4.409645441943901, 'log_learning_rate_D_dagger': -1.3324187864240338, 'training_batch_size': 9, 'training_p': 4}. Best is trial 23 with value: 0.007120855152606964.
Time for this trial:  20.052429914474487
Memory status after this trial: 
Memory allocated:  170.0126953125
Memory cached:  176.0
--------------------  Trial  42   --------------------
Start timing: 
Parameters: 
{'W_layers': 8, 'W_layer_units_exponent_0': 9, 'W_layer_units_exponent_1': 5, 'W_layer_units_exponent_2': 5, 'W_layer_units_exponent_3': 5, 'W_layer_units_exponent_4': 7, 'W_layer_units_exponent_5': 6, 'W_layer_units_exponent_6': 5, 'W_layer_units_exponent_7': 10, 'D_layers': 4, 'D_layer_units_exponent_0': 4, 'D_layer_units_exponent_1': 5, 'D_layer_units_exponent_2': 8, 'D_layer_units_exponent_3': 5, 'D_dagger_layers': 3, 'D_dagger_layer_units_exponent_0': 6, 'D_dagger_layer_units_exponent_1': 9, 'D_dagger_layer_units_exponent_2': 7, 'log_learning_rate': -4.104155080842051, 'log_learning_rate_D': -4.084937538042299, 'log_learning_rate_D_dagger': -1.5505810786811476, 'training_batch_size': 6, 'training_p': 8}
	 epoch  0 training error:  tensor(4.9733, device='cuda:0', grad_fn=<DivBackward0>)
Memory status after this epoch: 
Memory allocated:  2.77587890625
Memory cached:  10.0
	 epoch  10 training error:  tensor(0.8347, device='cuda:0', grad_fn=<DivBackward0>)
Memory status after this epoch: 
Memory allocated:  2.77587890625
Memory cached:  10.0
	 epoch  20 training error:  tensor(0.1120, device='cuda:0', grad_fn=<DivBackward0>)
Memory status after this epoch: 
Memory allocated:  2.77587890625
Memory cached:  10.0
	 epoch  30 training error:  tensor(0.0663, device='cuda:0', grad_fn=<DivBackward0>)
Memory status after this epoch: 
Memory allocated:  2.77587890625
Memory cached:  10.0
	 epoch  40 training error:  tensor(0.0296, device='cuda:0', grad_fn=<DivBackward0>)
Memory status after this epoch: 
Memory allocated:  2.77587890625
Memory cached:  8.0
	 epoch  50 training error:  tensor(0.0272, device='cuda:0', grad_fn=<DivBackward0>)
Memory status after this epoch: 
Memory allocated:  2.77587890625
Memory cached:  8.0
	 epoch  60 training error:  tensor(0.0263, device='cuda:0', grad_fn=<DivBackward0>)
Memory status after this epoch: 
Memory allocated:  2.77587890625
Memory cached:  8.0
	 epoch  70 training error:  tensor(0.0255, device='cuda:0', grad_fn=<DivBackward0>)
Memory status after this epoch: 
Memory allocated:  2.77587890625
Memory cached:  8.0
	 epoch  80 training error:  tensor(0.0260, device='cuda:0', grad_fn=<DivBackward0>)
Memory status after this epoch: 
Memory allocated:  2.77587890625
Memory cached:  8.0
	 epoch  90 training error:  tensor(0.0254, device='cuda:0', grad_fn=<DivBackward0>)
Memory status after this epoch: 
Memory allocated:  2.77587890625
Memory cached:  8.0
[I 2023-11-16 12:11:00,782] Trial 42 finished with value: 0.01586330309510231 and parameters: {'W_layers': 8, 'W_layer_units_exponent_0': 9, 'W_layer_units_exponent_1': 5, 'W_layer_units_exponent_2': 5, 'W_layer_units_exponent_3': 5, 'W_layer_units_exponent_4': 7, 'W_layer_units_exponent_5': 6, 'W_layer_units_exponent_6': 5, 'W_layer_units_exponent_7': 10, 'D_layers': 4, 'D_layer_units_exponent_0': 4, 'D_layer_units_exponent_1': 5, 'D_layer_units_exponent_2': 8, 'D_layer_units_exponent_3': 5, 'D_dagger_layers': 3, 'D_dagger_layer_units_exponent_0': 6, 'D_dagger_layer_units_exponent_1': 9, 'D_dagger_layer_units_exponent_2': 7, 'log_learning_rate': -4.104155080842051, 'log_learning_rate_D': -4.084937538042299, 'log_learning_rate_D_dagger': -1.5505810786811476, 'training_batch_size': 6, 'training_p': 8}. Best is trial 23 with value: 0.007120855152606964.
Time for this trial:  22.127483367919922
Memory status after this trial: 
Memory allocated:  140.5791015625
Memory cached:  148.0
--------------------  Trial  43   --------------------
Start timing: 
Parameters: 
{'W_layers': 8, 'W_layer_units_exponent_0': 9, 'W_layer_units_exponent_1': 4, 'W_layer_units_exponent_2': 5, 'W_layer_units_exponent_3': 5, 'W_layer_units_exponent_4': 7, 'W_layer_units_exponent_5': 6, 'W_layer_units_exponent_6': 4, 'W_layer_units_exponent_7': 9, 'D_layers': 4, 'D_layer_units_exponent_0': 4, 'D_layer_units_exponent_1': 4, 'D_layer_units_exponent_2': 9, 'D_layer_units_exponent_3': 5, 'D_dagger_layers': 3, 'D_dagger_layer_units_exponent_0': 7, 'D_dagger_layer_units_exponent_1': 9, 'D_dagger_layer_units_exponent_2': 7, 'log_learning_rate': -4.202626519061, 'log_learning_rate_D': -4.1503411232438845, 'log_learning_rate_D_dagger': -1.4976678436297386, 'training_batch_size': 6, 'training_p': 8}
	 epoch  0 training error:  tensor(12.8618, device='cuda:0', grad_fn=<DivBackward0>)
Memory status after this epoch: 
Memory allocated:  2.76806640625
Memory cached:  14.0
	 epoch  10 training error:  tensor(0.9801, device='cuda:0', grad_fn=<DivBackward0>)
Memory status after this epoch: 
Memory allocated:  2.76806640625
Memory cached:  16.0
	 epoch  20 training error:  tensor(0.8501, device='cuda:0', grad_fn=<DivBackward0>)
Memory status after this epoch: 
Memory allocated:  2.76806640625
Memory cached:  18.0
	 epoch  30 training error:  tensor(0.2657, device='cuda:0', grad_fn=<DivBackward0>)
Memory status after this epoch: 
Memory allocated:  2.76806640625
Memory cached:  18.0
	 epoch  40 training error:  tensor(0.0602, device='cuda:0', grad_fn=<DivBackward0>)
Memory status after this epoch: 
Memory allocated:  2.76806640625
Memory cached:  18.0
	 epoch  50 training error:  tensor(0.0231, device='cuda:0', grad_fn=<DivBackward0>)
Memory status after this epoch: 
Memory allocated:  2.76806640625
Memory cached:  18.0
	 epoch  60 training error:  tensor(0.0207, device='cuda:0', grad_fn=<DivBackward0>)
Memory status after this epoch: 
Memory allocated:  2.76806640625
Memory cached:  18.0
	 epoch  70 training error:  tensor(0.0181, device='cuda:0', grad_fn=<DivBackward0>)
Memory status after this epoch: 
Memory allocated:  2.76806640625
Memory cached:  18.0
	 epoch  80 training error:  tensor(0.0182, device='cuda:0', grad_fn=<DivBackward0>)
Memory status after this epoch: 
Memory allocated:  2.76806640625
Memory cached:  16.0
	 epoch  90 training error:  tensor(0.0176, device='cuda:0', grad_fn=<DivBackward0>)
Memory status after this epoch: 
Memory allocated:  2.76806640625
Memory cached:  20.0
[I 2023-11-16 12:11:22,425] Trial 43 finished with value: 0.0077111138962209225 and parameters: {'W_layers': 8, 'W_layer_units_exponent_0': 9, 'W_layer_units_exponent_1': 4, 'W_layer_units_exponent_2': 5, 'W_layer_units_exponent_3': 5, 'W_layer_units_exponent_4': 7, 'W_layer_units_exponent_5': 6, 'W_layer_units_exponent_6': 4, 'W_layer_units_exponent_7': 9, 'D_layers': 4, 'D_layer_units_exponent_0': 4, 'D_layer_units_exponent_1': 4, 'D_layer_units_exponent_2': 9, 'D_layer_units_exponent_3': 5, 'D_dagger_layers': 3, 'D_dagger_layer_units_exponent_0': 7, 'D_dagger_layer_units_exponent_1': 9, 'D_dagger_layer_units_exponent_2': 7, 'log_learning_rate': -4.202626519061, 'log_learning_rate_D': -4.1503411232438845, 'log_learning_rate_D_dagger': -1.4976678436297386, 'training_batch_size': 6, 'training_p': 8}. Best is trial 23 with value: 0.007120855152606964.
Time for this trial:  21.42014789581299
Memory status after this trial: 
Memory allocated:  114.4560546875
Memory cached:  134.0
--------------------  Trial  44   --------------------
Start timing: 
Parameters: 
{'W_layers': 7, 'W_layer_units_exponent_0': 10, 'W_layer_units_exponent_1': 5, 'W_layer_units_exponent_2': 6, 'W_layer_units_exponent_3': 5, 'W_layer_units_exponent_4': 8, 'W_layer_units_exponent_5': 5, 'W_layer_units_exponent_6': 5, 'D_layers': 3, 'D_layer_units_exponent_0': 4, 'D_layer_units_exponent_1': 5, 'D_layer_units_exponent_2': 8, 'D_dagger_layers': 4, 'D_dagger_layer_units_exponent_0': 6, 'D_dagger_layer_units_exponent_1': 8, 'D_dagger_layer_units_exponent_2': 6, 'D_dagger_layer_units_exponent_3': 7, 'log_learning_rate': -3.898544291174857, 'log_learning_rate_D': -3.867913983129624, 'log_learning_rate_D_dagger': -1.165045996223232, 'training_batch_size': 6, 'training_p': 8}
	 epoch  0 training error:  tensor(3.3583, device='cuda:0', grad_fn=<DivBackward0>)
Memory status after this epoch: 
Memory allocated:  1.68408203125
Memory cached:  8.0
	 epoch  10 training error:  tensor(0.5290, device='cuda:0', grad_fn=<DivBackward0>)
Memory status after this epoch: 
Memory allocated:  1.68408203125
Memory cached:  6.0
	 epoch  20 training error:  tensor(0.0848, device='cuda:0', grad_fn=<DivBackward0>)
Memory status after this epoch: 
Memory allocated:  1.68408203125
Memory cached:  6.0
	 epoch  30 training error:  tensor(0.0191, device='cuda:0', grad_fn=<DivBackward0>)
Memory status after this epoch: 
Memory allocated:  1.68408203125
Memory cached:  8.0
	 epoch  40 training error:  tensor(0.0179, device='cuda:0', grad_fn=<DivBackward0>)
Memory status after this epoch: 
Memory allocated:  1.68408203125
Memory cached:  8.0
	 epoch  50 training error:  tensor(0.0176, device='cuda:0', grad_fn=<DivBackward0>)
Memory status after this epoch: 
Memory allocated:  1.68408203125
Memory cached:  8.0
	 epoch  60 training error:  tensor(0.0222, device='cuda:0', grad_fn=<DivBackward0>)
Memory status after this epoch: 
Memory allocated:  1.68408203125
Memory cached:  8.0
	 epoch  70 training error:  tensor(0.0205, device='cuda:0', grad_fn=<DivBackward0>)
Memory status after this epoch: 
Memory allocated:  1.68408203125
Memory cached:  8.0
	 epoch  80 training error:  tensor(0.0193, device='cuda:0', grad_fn=<DivBackward0>)
Memory status after this epoch: 
Memory allocated:  1.68408203125
Memory cached:  8.0
	 epoch  90 training error:  tensor(0.0197, device='cuda:0', grad_fn=<DivBackward0>)
Memory status after this epoch: 
Memory allocated:  1.68408203125
Memory cached:  8.0
[I 2023-11-16 12:11:44,174] Trial 44 finished with value: 0.010339765809476376 and parameters: {'W_layers': 7, 'W_layer_units_exponent_0': 10, 'W_layer_units_exponent_1': 5, 'W_layer_units_exponent_2': 6, 'W_layer_units_exponent_3': 5, 'W_layer_units_exponent_4': 8, 'W_layer_units_exponent_5': 5, 'W_layer_units_exponent_6': 5, 'D_layers': 3, 'D_layer_units_exponent_0': 4, 'D_layer_units_exponent_1': 5, 'D_layer_units_exponent_2': 8, 'D_dagger_layers': 4, 'D_dagger_layer_units_exponent_0': 6, 'D_dagger_layer_units_exponent_1': 8, 'D_dagger_layer_units_exponent_2': 6, 'D_dagger_layer_units_exponent_3': 7, 'log_learning_rate': -3.898544291174857, 'log_learning_rate_D': -3.867913983129624, 'log_learning_rate_D_dagger': -1.165045996223232, 'training_batch_size': 6, 'training_p': 8}. Best is trial 23 with value: 0.007120855152606964.
Time for this trial:  21.523762941360474
Memory status after this trial: 
Memory allocated:  108.818359375
Memory cached:  124.0
--------------------  Trial  45   --------------------
Start timing: 
Parameters: 
{'W_layers': 7, 'W_layer_units_exponent_0': 9, 'W_layer_units_exponent_1': 5, 'W_layer_units_exponent_2': 5, 'W_layer_units_exponent_3': 6, 'W_layer_units_exponent_4': 6, 'W_layer_units_exponent_5': 7, 'W_layer_units_exponent_6': 4, 'D_layers': 4, 'D_layer_units_exponent_0': 5, 'D_layer_units_exponent_1': 6, 'D_layer_units_exponent_2': 9, 'D_layer_units_exponent_3': 4, 'D_dagger_layers': 2, 'D_dagger_layer_units_exponent_0': 5, 'D_dagger_layer_units_exponent_1': 9, 'log_learning_rate': -4.057125591975241, 'log_learning_rate_D': -4.0336182020215245, 'log_learning_rate_D_dagger': -1.5990442909383107, 'training_batch_size': 7, 'training_p': 7}
	 epoch  0 training error:  tensor(0.8558, device='cuda:0', grad_fn=<DivBackward0>)
Memory status after this epoch: 
Memory allocated:  1.14111328125
Memory cached:  14.0
	 epoch  10 training error:  tensor(2.2603, device='cuda:0', grad_fn=<DivBackward0>)
Memory status after this epoch: 
Memory allocated:  1.14111328125
Memory cached:  16.0
	 epoch  20 training error:  tensor(0.9754, device='cuda:0', grad_fn=<DivBackward0>)
Memory status after this epoch: 
Memory allocated:  1.14111328125
Memory cached:  16.0
	 epoch  30 training error:  tensor(0.9087, device='cuda:0', grad_fn=<DivBackward0>)
Memory status after this epoch: 
Memory allocated:  1.14111328125
Memory cached:  16.0
	 epoch  40 training error:  tensor(0.7108, device='cuda:0', grad_fn=<DivBackward0>)
Memory status after this epoch: 
Memory allocated:  1.14111328125
Memory cached:  16.0
	 epoch  50 training error:  tensor(0.2556, device='cuda:0', grad_fn=<DivBackward0>)
Memory status after this epoch: 
Memory allocated:  1.14111328125
Memory cached:  16.0
	 epoch  60 training error:  tensor(0.1215, device='cuda:0', grad_fn=<DivBackward0>)
Memory status after this epoch: 
Memory allocated:  1.14111328125
Memory cached:  16.0
	 epoch  70 training error:  tensor(0.0614, device='cuda:0', grad_fn=<DivBackward0>)
Memory status after this epoch: 
Memory allocated:  1.14111328125
Memory cached:  16.0
	 epoch  80 training error:  tensor(0.0222, device='cuda:0', grad_fn=<DivBackward0>)
Memory status after this epoch: 
Memory allocated:  1.14111328125
Memory cached:  16.0
	 epoch  90 training error:  tensor(0.0227, device='cuda:0', grad_fn=<DivBackward0>)
Memory status after this epoch: 
Memory allocated:  1.14111328125
Memory cached:  16.0
