[I 2023-11-16 00:59:04,019] Trial 47 finished with value: 0.09119334816932678 and parameters: {'W_layers': 5, 'W_layer_units_exponent_0': 8, 'W_layer_units_exponent_1': 8, 'W_layer_units_exponent_2': 4, 'W_layer_units_exponent_3': 4, 'W_layer_units_exponent_4': 7, 'D_layers': 7, 'D_layer_units_exponent_0': 8, 'D_layer_units_exponent_1': 8, 'D_layer_units_exponent_2': 9, 'D_layer_units_exponent_3': 4, 'D_layer_units_exponent_4': 6, 'D_layer_units_exponent_5': 9, 'D_layer_units_exponent_6': 6, 'D_dagger_layers': 7, 'D_dagger_layer_units_exponent_0': 5, 'D_dagger_layer_units_exponent_1': 10, 'D_dagger_layer_units_exponent_2': 10, 'D_dagger_layer_units_exponent_3': 8, 'D_dagger_layer_units_exponent_4': 9, 'D_dagger_layer_units_exponent_5': 6, 'D_dagger_layer_units_exponent_6': 4, 'log_learning_rate': -1.8056155615579665, 'log_learning_rate_D': -1.5369214864752099, 'log_learning_rate_D_dagger': -4.488812788524296, 'training_batch_size': 12, 'training_p': 3}. Best is trial 41 with value: 0.0665002316236496.
Time for this trial:  19.370292901992798
Memory status after this trial: 
Memory allocated:  208.2392578125
Memory cached:  234.0
--------------------  Trial  48   --------------------
Start timing: 
Parameters: 
{'W_layers': 6, 'W_layer_units_exponent_0': 10, 'W_layer_units_exponent_1': 6, 'W_layer_units_exponent_2': 5, 'W_layer_units_exponent_3': 5, 'W_layer_units_exponent_4': 8, 'W_layer_units_exponent_5': 8, 'D_layers': 8, 'D_layer_units_exponent_0': 8, 'D_layer_units_exponent_1': 7, 'D_layer_units_exponent_2': 10, 'D_layer_units_exponent_3': 8, 'D_layer_units_exponent_4': 5, 'D_layer_units_exponent_5': 8, 'D_layer_units_exponent_6': 9, 'D_layer_units_exponent_7': 9, 'D_dagger_layers': 6, 'D_dagger_layer_units_exponent_0': 4, 'D_dagger_layer_units_exponent_1': 10, 'D_dagger_layer_units_exponent_2': 9, 'D_dagger_layer_units_exponent_3': 10, 'D_dagger_layer_units_exponent_4': 5, 'D_dagger_layer_units_exponent_5': 5, 'log_learning_rate': -1.269398855007462, 'log_learning_rate_D': -2.285738348527059, 'log_learning_rate_D_dagger': -2.9510470586176947, 'training_batch_size': 11, 'training_p': 8}
	 epoch  0 training error:  tensor(1.0093, device='cuda:0', grad_fn=<DivBackward0>)
Memory status after this epoch: 
Memory allocated:  23.14501953125
Memory cached:  74.0
	 epoch  10 training error:  tensor(0.2294, device='cuda:0', grad_fn=<DivBackward0>)
Memory status after this epoch: 
Memory allocated:  23.14501953125
Memory cached:  76.0
	 epoch  20 training error:  tensor(inf, device='cuda:0', grad_fn=<DivBackward0>)
Memory status after this epoch: 
Memory allocated:  23.14501953125
Memory cached:  76.0
[W 2023-11-16 00:59:09,387] Trial 48 failed with parameters: {'W_layers': 6, 'W_layer_units_exponent_0': 10, 'W_layer_units_exponent_1': 6, 'W_layer_units_exponent_2': 5, 'W_layer_units_exponent_3': 5, 'W_layer_units_exponent_4': 8, 'W_layer_units_exponent_5': 8, 'D_layers': 8, 'D_layer_units_exponent_0': 8, 'D_layer_units_exponent_1': 7, 'D_layer_units_exponent_2': 10, 'D_layer_units_exponent_3': 8, 'D_layer_units_exponent_4': 5, 'D_layer_units_exponent_5': 8, 'D_layer_units_exponent_6': 9, 'D_layer_units_exponent_7': 9, 'D_dagger_layers': 6, 'D_dagger_layer_units_exponent_0': 4, 'D_dagger_layer_units_exponent_1': 10, 'D_dagger_layer_units_exponent_2': 9, 'D_dagger_layer_units_exponent_3': 10, 'D_dagger_layer_units_exponent_4': 5, 'D_dagger_layer_units_exponent_5': 5, 'log_learning_rate': -1.269398855007462, 'log_learning_rate_D': -2.285738348527059, 'log_learning_rate_D_dagger': -2.9510470586176947, 'training_batch_size': 11, 'training_p': 8} because of the following error: The value nan is not acceptable.
[W 2023-11-16 00:59:09,388] Trial 48 failed with value tensor(nan, device='cuda:0', grad_fn=<DivBackward0>).
Time for this trial:  5.094649076461792
Memory status after this trial: 
Memory allocated:  244.10546875
Memory cached:  266.0
--------------------  Trial  49   --------------------
Start timing: 
Parameters: 
{'W_layers': 6, 'W_layer_units_exponent_0': 10, 'W_layer_units_exponent_1': 6, 'W_layer_units_exponent_2': 5, 'W_layer_units_exponent_3': 5, 'W_layer_units_exponent_4': 8, 'W_layer_units_exponent_5': 8, 'D_layers': 8, 'D_layer_units_exponent_0': 8, 'D_layer_units_exponent_1': 7, 'D_layer_units_exponent_2': 10, 'D_layer_units_exponent_3': 8, 'D_layer_units_exponent_4': 5, 'D_layer_units_exponent_5': 8, 'D_layer_units_exponent_6': 9, 'D_layer_units_exponent_7': 9, 'D_dagger_layers': 6, 'D_dagger_layer_units_exponent_0': 4, 'D_dagger_layer_units_exponent_1': 10, 'D_dagger_layer_units_exponent_2': 9, 'D_dagger_layer_units_exponent_3': 10, 'D_dagger_layer_units_exponent_4': 10, 'D_dagger_layer_units_exponent_5': 5, 'log_learning_rate': -1.5908982209853257, 'log_learning_rate_D': -1.2291146347100708, 'log_learning_rate_D_dagger': -3.7027480218335858, 'training_batch_size': 11, 'training_p': 2}
	 epoch  0 training error:  tensor(0.8799, device='cuda:0', grad_fn=<DivBackward0>)
Memory status after this epoch: 
Memory allocated:  39.56494140625
Memory cached:  92.0
	 epoch  10 training error:  tensor(0.2359, device='cuda:0', grad_fn=<DivBackward0>)
Memory status after this epoch: 
Memory allocated:  39.56494140625
Memory cached:  94.0
	 epoch  20 training error:  tensor(0.1151, device='cuda:0', grad_fn=<DivBackward0>)
Memory status after this epoch: 
Memory allocated:  39.56494140625
Memory cached:  94.0
	 epoch  30 training error:  tensor(0.0843, device='cuda:0', grad_fn=<DivBackward0>)
Memory status after this epoch: 
Memory allocated:  39.56494140625
Memory cached:  94.0
	 epoch  40 training error:  tensor(0.0703, device='cuda:0', grad_fn=<DivBackward0>)
Memory status after this epoch: 
Memory allocated:  39.56494140625
Memory cached:  94.0
	 epoch  50 training error:  tensor(0.0666, device='cuda:0', grad_fn=<DivBackward0>)
Memory status after this epoch: 
Memory allocated:  39.56494140625
Memory cached:  94.0
	 epoch  60 training error:  tensor(0.0642, device='cuda:0', grad_fn=<DivBackward0>)
Memory status after this epoch: 
Memory allocated:  39.56494140625
Memory cached:  94.0
	 epoch  70 training error:  tensor(0.0632, device='cuda:0', grad_fn=<DivBackward0>)
Memory status after this epoch: 
Memory allocated:  39.56494140625
Memory cached:  94.0
	 epoch  80 training error:  tensor(0.0623, device='cuda:0', grad_fn=<DivBackward0>)
Memory status after this epoch: 
Memory allocated:  39.56494140625
Memory cached:  94.0
	 epoch  90 training error:  tensor(0.0617, device='cuda:0', grad_fn=<DivBackward0>)
Memory status after this epoch: 
Memory allocated:  39.56494140625
Memory cached:  94.0
[I 2023-11-16 00:59:29,867] Trial 49 finished with value: 0.07304593175649643 and parameters: {'W_layers': 6, 'W_layer_units_exponent_0': 10, 'W_layer_units_exponent_1': 6, 'W_layer_units_exponent_2': 5, 'W_layer_units_exponent_3': 5, 'W_layer_units_exponent_4': 8, 'W_layer_units_exponent_5': 8, 'D_layers': 8, 'D_layer_units_exponent_0': 8, 'D_layer_units_exponent_1': 7, 'D_layer_units_exponent_2': 10, 'D_layer_units_exponent_3': 8, 'D_layer_units_exponent_4': 5, 'D_layer_units_exponent_5': 8, 'D_layer_units_exponent_6': 9, 'D_layer_units_exponent_7': 9, 'D_dagger_layers': 6, 'D_dagger_layer_units_exponent_0': 4, 'D_dagger_layer_units_exponent_1': 10, 'D_dagger_layer_units_exponent_2': 9, 'D_dagger_layer_units_exponent_3': 10, 'D_dagger_layer_units_exponent_4': 10, 'D_dagger_layer_units_exponent_5': 5, 'log_learning_rate': -1.5908982209853257, 'log_learning_rate_D': -1.2291146347100708, 'log_learning_rate_D_dagger': -3.7027480218335858, 'training_batch_size': 11, 'training_p': 2}. Best is trial 41 with value: 0.0665002316236496.
[I 2023-11-16 00:59:29,919] A new study created in memory with name: no-name-700bb14d-bb41-4229-9e28-9ddc3803520c
Time for this trial:  20.19883131980896
Memory status after this trial: 
Memory allocated:  306.6767578125
Memory cached:  340.0
--------------------  Trial  0   --------------------
Start timing: 
Parameters: 
{'W_layers': 3, 'W_layer_units_exponent_0': 5, 'W_layer_units_exponent_1': 9, 'W_layer_units_exponent_2': 4, 'D_layers': 7, 'D_layer_units_exponent_0': 8, 'D_layer_units_exponent_1': 7, 'D_layer_units_exponent_2': 5, 'D_layer_units_exponent_3': 7, 'D_layer_units_exponent_4': 8, 'D_layer_units_exponent_5': 7, 'D_layer_units_exponent_6': 5, 'log_learning_rate': -4.293575142501545, 'log_learning_rate_D': -1.9732877257574795, 'training_batch_size': 8, 'training_p': 6}
	 epoch  0 training error:  tensor(3.3449, device='cuda:0', grad_fn=<DivBackward0>)
	 epoch  0 test error:  tensor(0.2591, device='cuda:0', grad_fn=<DivBackward0>)
Memory status after this epoch: 
Memory allocated:  403.697265625
Memory cached:  520.0
	 epoch  10 training error:  tensor(1.1882, device='cuda:0', grad_fn=<DivBackward0>)
	 epoch  10 test error:  tensor(0.0843, device='cuda:0', grad_fn=<DivBackward0>)
Memory status after this epoch: 
Memory allocated:  401.072265625
Memory cached:  778.0
	 epoch  20 training error:  tensor(0.8454, device='cuda:0', grad_fn=<DivBackward0>)
	 epoch  20 test error:  tensor(0.0687, device='cuda:0', grad_fn=<DivBackward0>)
Memory status after this epoch: 
Memory allocated:  403.697265625
Memory cached:  780.0
	 epoch  30 training error:  tensor(0.8838, device='cuda:0', grad_fn=<DivBackward0>)
	 epoch  30 test error:  tensor(0.0746, device='cuda:0', grad_fn=<DivBackward0>)
Memory status after this epoch: 
Memory allocated:  401.072265625
Memory cached:  778.0
	 epoch  40 training error:  tensor(0.8493, device='cuda:0', grad_fn=<DivBackward0>)
	 epoch  40 test error:  tensor(0.0734, device='cuda:0', grad_fn=<DivBackward0>)
Memory status after this epoch: 
Memory allocated:  403.697265625
Memory cached:  778.0
	 epoch  50 training error:  tensor(0.8378, device='cuda:0', grad_fn=<DivBackward0>)
	 epoch  50 test error:  tensor(0.0719, device='cuda:0', grad_fn=<DivBackward0>)
Memory status after this epoch: 
Memory allocated:  400.697265625
Memory cached:  798.0
	 epoch  60 training error:  tensor(0.8349, device='cuda:0', grad_fn=<DivBackward0>)
	 epoch  60 test error:  tensor(0.0711, device='cuda:0', grad_fn=<DivBackward0>)
Memory status after this epoch: 
Memory allocated:  403.134765625
Memory cached:  800.0
	 epoch  70 training error:  tensor(0.8336, device='cuda:0', grad_fn=<DivBackward0>)
	 epoch  70 test error:  tensor(0.0705, device='cuda:0', grad_fn=<DivBackward0>)
Memory status after this epoch: 
Memory allocated:  401.634765625
Memory cached:  780.0
	 epoch  80 training error:  tensor(0.8328, device='cuda:0', grad_fn=<DivBackward0>)
	 epoch  80 test error:  tensor(0.0700, device='cuda:0', grad_fn=<DivBackward0>)
Memory status after this epoch: 
Memory allocated:  403.134765625
Memory cached:  778.0
	 epoch  90 training error:  tensor(0.8327, device='cuda:0', grad_fn=<DivBackward0>)
	 epoch  90 test error:  tensor(0.0699, device='cuda:0', grad_fn=<DivBackward0>)
Memory status after this epoch: 
Memory allocated:  401.166015625
Memory cached:  794.0
[I 2023-11-16 01:01:58,246] Trial 0 finished with value: 0.06989672780036926 and parameters: {'W_layers': 3, 'W_layer_units_exponent_0': 5, 'W_layer_units_exponent_1': 9, 'W_layer_units_exponent_2': 4, 'D_layers': 7, 'D_layer_units_exponent_0': 8, 'D_layer_units_exponent_1': 7, 'D_layer_units_exponent_2': 5, 'D_layer_units_exponent_3': 7, 'D_layer_units_exponent_4': 8, 'D_layer_units_exponent_5': 7, 'D_layer_units_exponent_6': 5, 'log_learning_rate': -4.293575142501545, 'log_learning_rate_D': -1.9732877257574795, 'training_batch_size': 8, 'training_p': 6}. Best is trial 0 with value: 0.06989672780036926.
Time for this trial:  148.17042446136475
Memory status after this trial: 
Memory allocated:  771.54443359375
Memory cached:  794.0
--------------------  Trial  1   --------------------
Start timing: 
Parameters: 
{'W_layers': 2, 'W_layer_units_exponent_0': 10, 'W_layer_units_exponent_1': 5, 'D_layers': 3, 'D_layer_units_exponent_0': 8, 'D_layer_units_exponent_1': 7, 'D_layer_units_exponent_2': 4, 'log_learning_rate': -1.8834504692092913, 'log_learning_rate_D': -1.544110203539148, 'training_batch_size': 8, 'training_p': 2}
	 epoch  0 training error:  tensor(1.0456, device='cuda:0', grad_fn=<DivBackward0>)
	 epoch  0 test error:  tensor(36.0579, device='cuda:0', grad_fn=<DivBackward0>)
Memory status after this epoch: 
Memory allocated:  397.60205078125
Memory cached:  596.0
	 epoch  10 training error:  tensor(0.9998, device='cuda:0', grad_fn=<DivBackward0>)
	 epoch  10 test error:  tensor(0.0730, device='cuda:0', grad_fn=<DivBackward0>)
Memory status after this epoch: 
Memory allocated:  398.91455078125
Memory cached:  772.0
	 epoch  20 training error:  tensor(1.0000, device='cuda:0', grad_fn=<DivBackward0>)
	 epoch  20 test error:  tensor(0.0730, device='cuda:0', grad_fn=<DivBackward0>)
Memory status after this epoch: 
Memory allocated:  397.60205078125
Memory cached:  774.0
	 epoch  30 training error:  tensor(1.0000, device='cuda:0', grad_fn=<DivBackward0>)
	 epoch  30 test error:  tensor(0.0730, device='cuda:0', grad_fn=<DivBackward0>)
Memory status after this epoch: 
Memory allocated:  398.91455078125
Memory cached:  772.0
	 epoch  40 training error:  tensor(1.0000, device='cuda:0', grad_fn=<DivBackward0>)
	 epoch  40 test error:  tensor(0.0730, device='cuda:0', grad_fn=<DivBackward0>)
Memory status after this epoch: 
Memory allocated:  397.60205078125
Memory cached:  772.0
	 epoch  50 training error:  tensor(1.0000, device='cuda:0', grad_fn=<DivBackward0>)
	 epoch  50 test error:  tensor(0.0730, device='cuda:0', grad_fn=<DivBackward0>)
Memory status after this epoch: 
Memory allocated:  398.91455078125
Memory cached:  772.0
	 epoch  60 training error:  tensor(1.0000, device='cuda:0', grad_fn=<DivBackward0>)
	 epoch  60 test error:  tensor(0.0730, device='cuda:0', grad_fn=<DivBackward0>)
Memory status after this epoch: 
Memory allocated:  397.60205078125
Memory cached:  774.0
	 epoch  70 training error:  tensor(1.0000, device='cuda:0', grad_fn=<DivBackward0>)
	 epoch  70 test error:  tensor(0.0730, device='cuda:0', grad_fn=<DivBackward0>)
Memory status after this epoch: 
Memory allocated:  398.91455078125
Memory cached:  772.0
	 epoch  80 training error:  tensor(1.0000, device='cuda:0', grad_fn=<DivBackward0>)
	 epoch  80 test error:  tensor(0.0730, device='cuda:0', grad_fn=<DivBackward0>)
Memory status after this epoch: 
Memory allocated:  397.60205078125
Memory cached:  772.0
	 epoch  90 training error:  tensor(1.0000, device='cuda:0', grad_fn=<DivBackward0>)
	 epoch  90 test error:  tensor(0.0730, device='cuda:0', grad_fn=<DivBackward0>)
Memory status after this epoch: 
Memory allocated:  398.91455078125
Memory cached:  774.0
[I 2023-11-16 01:03:47,720] Trial 1 finished with value: 0.07304563373327255 and parameters: {'W_layers': 2, 'W_layer_units_exponent_0': 10, 'W_layer_units_exponent_1': 5, 'D_layers': 3, 'D_layer_units_exponent_0': 8, 'D_layer_units_exponent_1': 7, 'D_layer_units_exponent_2': 4, 'log_learning_rate': -1.8834504692092913, 'log_learning_rate_D': -1.544110203539148, 'training_batch_size': 8, 'training_p': 2}. Best is trial 0 with value: 0.06989672780036926.
Time for this trial:  109.31841778755188
Memory status after this trial: 
Memory allocated:  765.36279296875
Memory cached:  776.0
--------------------  Trial  2   --------------------
Start timing: 
Parameters: 
{'W_layers': 5, 'W_layer_units_exponent_0': 7, 'W_layer_units_exponent_1': 10, 'W_layer_units_exponent_2': 5, 'W_layer_units_exponent_3': 8, 'W_layer_units_exponent_4': 8, 'D_layers': 8, 'D_layer_units_exponent_0': 10, 'D_layer_units_exponent_1': 4, 'D_layer_units_exponent_2': 5, 'D_layer_units_exponent_3': 5, 'D_layer_units_exponent_4': 5, 'D_layer_units_exponent_5': 9, 'D_layer_units_exponent_6': 5, 'D_layer_units_exponent_7': 6, 'log_learning_rate': -4.742855036691916, 'log_learning_rate_D': -4.075613575748427, 'training_batch_size': 9, 'training_p': 5}
	 epoch  0 training error:  tensor(1.3153, device='cuda:0', grad_fn=<DivBackward0>)
	 epoch  0 test error:  tensor(0.0762, device='cuda:0', grad_fn=<DivBackward0>)
Memory status after this epoch: 
Memory allocated:  507.59130859375
Memory cached:  776.0
	 epoch  10 training error:  tensor(0.9200, device='cuda:0', grad_fn=<DivBackward0>)
	 epoch  10 test error:  tensor(0.0693, device='cuda:0', grad_fn=<DivBackward0>)
Memory status after this epoch: 
Memory allocated:  506.27880859375
Memory cached:  986.0
	 epoch  20 training error:  tensor(0.8517, device='cuda:0', grad_fn=<DivBackward0>)
	 epoch  20 test error:  tensor(0.0688, device='cuda:0', grad_fn=<DivBackward0>)
Memory status after this epoch: 
Memory allocated:  507.59130859375
Memory cached:  986.0
	 epoch  30 training error:  tensor(0.8533, device='cuda:0', grad_fn=<DivBackward0>)
	 epoch  30 test error:  tensor(0.0705, device='cuda:0', grad_fn=<DivBackward0>)
Memory status after this epoch: 
Memory allocated:  506.27880859375
Memory cached:  986.0
	 epoch  40 training error:  tensor(0.8348, device='cuda:0', grad_fn=<DivBackward0>)
	 epoch  40 test error:  tensor(0.0684, device='cuda:0', grad_fn=<DivBackward0>)
Memory status after this epoch: 
Memory allocated:  507.59130859375
Memory cached:  986.0
	 epoch  50 training error:  tensor(0.7652, device='cuda:0', grad_fn=<DivBackward0>)
	 epoch  50 test error:  tensor(0.0603, device='cuda:0', grad_fn=<DivBackward0>)
Memory status after this epoch: 
Memory allocated:  506.27880859375
Memory cached:  988.0
	 epoch  60 training error:  tensor(0.4584, device='cuda:0', grad_fn=<DivBackward0>)
	 epoch  60 test error:  tensor(0.0362, device='cuda:0', grad_fn=<DivBackward0>)
Memory status after this epoch: 
Memory allocated:  507.59130859375
Memory cached:  990.0
	 epoch  70 training error:  tensor(0.3919, device='cuda:0', grad_fn=<DivBackward0>)
	 epoch  70 test error:  tensor(0.0324, device='cuda:0', grad_fn=<DivBackward0>)
Memory status after this epoch: 
Memory allocated:  506.27880859375
Memory cached:  986.0
	 epoch  80 training error:  tensor(0.3680, device='cuda:0', grad_fn=<DivBackward0>)
	 epoch  80 test error:  tensor(0.0341, device='cuda:0', grad_fn=<DivBackward0>)
Memory status after this epoch: 
Memory allocated:  507.59130859375
Memory cached:  986.0
	 epoch  90 training error:  tensor(0.3551, device='cuda:0', grad_fn=<DivBackward0>)
	 epoch  90 test error:  tensor(0.0318, device='cuda:0', grad_fn=<DivBackward0>)
Memory status after this epoch: 
Memory allocated:  506.27880859375
Memory cached:  986.0
