[I 2023-11-17 11:54:54,512] Trial 28 finished with value: 0.1917036771774292 and parameters: {'W_layers': 7, 'W_layer_units_exponent_0': 8, 'W_layer_units_exponent_1': 9, 'W_layer_units_exponent_2': 6, 'W_layer_units_exponent_3': 9, 'W_layer_units_exponent_4': 6, 'W_layer_units_exponent_5': 7, 'W_layer_units_exponent_6': 9, 'D_layers': 2, 'D_layer_units_exponent_0': 9, 'D_layer_units_exponent_1': 9, 'log_learning_rate': -4.693283061783961, 'log_learning_rate_D': -3.747423865828461, 'training_batch_size': 12, 'training_p': 3}. Best is trial 22 with value: 0.19054608047008514.
Time for this trial:  148.35020446777344
Memory status after this trial: 
Memory allocated:  610.296875
Memory cached:  624.0
--------------------  Trial  29   --------------------
Start timing: 
Parameters: 
{'W_layers': 7, 'W_layer_units_exponent_0': 10, 'W_layer_units_exponent_1': 10, 'W_layer_units_exponent_2': 9, 'W_layer_units_exponent_3': 10, 'W_layer_units_exponent_4': 5, 'W_layer_units_exponent_5': 8, 'W_layer_units_exponent_6': 5, 'D_layers': 4, 'D_layer_units_exponent_0': 7, 'D_layer_units_exponent_1': 9, 'D_layer_units_exponent_2': 10, 'D_layer_units_exponent_3': 10, 'log_learning_rate': -3.864779025292937, 'log_learning_rate_D': -4.274783347508474, 'training_batch_size': 11, 'training_p': 2}
	 epoch  0 training error:  tensor(0.9996, device='cuda:0', grad_fn=<DivBackward0>)
	 epoch  0 test error:  tensor(0.1924, device='cuda:0', grad_fn=<DivBackward0>)
Memory status after this epoch: 
Memory allocated:  551.33251953125
Memory cached:  706.0
	 epoch  10 training error:  tensor(0.9944, device='cuda:0', grad_fn=<DivBackward0>)
	 epoch  10 test error:  tensor(0.1913, device='cuda:0', grad_fn=<DivBackward0>)
Memory status after this epoch: 
Memory allocated:  549.64501953125
Memory cached:  1068.0
	 epoch  20 training error:  tensor(0.9944, device='cuda:0', grad_fn=<DivBackward0>)
	 epoch  20 test error:  tensor(0.1912, device='cuda:0', grad_fn=<DivBackward0>)
Memory status after this epoch: 
Memory allocated:  550.95751953125
Memory cached:  1064.0
	 epoch  30 training error:  tensor(0.9939, device='cuda:0', grad_fn=<DivBackward0>)
	 epoch  30 test error:  tensor(0.1910, device='cuda:0', grad_fn=<DivBackward0>)
Memory status after this epoch: 
Memory allocated:  549.17626953125
Memory cached:  1064.0
	 epoch  40 training error:  tensor(0.9938, device='cuda:0', grad_fn=<DivBackward0>)
	 epoch  40 test error:  tensor(0.1906, device='cuda:0', grad_fn=<DivBackward0>)
Memory status after this epoch: 
Memory allocated:  550.48876953125
Memory cached:  1064.0
	 epoch  50 training error:  tensor(0.9936, device='cuda:0', grad_fn=<DivBackward0>)
	 epoch  50 test error:  tensor(0.1905, device='cuda:0', grad_fn=<DivBackward0>)
Memory status after this epoch: 
Memory allocated:  549.59814453125
Memory cached:  1064.0
	 epoch  60 training error:  tensor(0.9936, device='cuda:0', grad_fn=<DivBackward0>)
	 epoch  60 test error:  tensor(0.1905, device='cuda:0', grad_fn=<DivBackward0>)
Memory status after this epoch: 
Memory allocated:  550.91064453125
Memory cached:  1044.0
	 epoch  70 training error:  tensor(0.9935, device='cuda:0', grad_fn=<DivBackward0>)
	 epoch  70 test error:  tensor(0.1905, device='cuda:0', grad_fn=<DivBackward0>)
Memory status after this epoch: 
Memory allocated:  549.59814453125
Memory cached:  1044.0
	 epoch  80 training error:  tensor(0.9934, device='cuda:0', grad_fn=<DivBackward0>)
	 epoch  80 test error:  tensor(0.1905, device='cuda:0', grad_fn=<DivBackward0>)
Memory status after this epoch: 
Memory allocated:  550.91064453125
Memory cached:  1044.0
	 epoch  90 training error:  tensor(0.9933, device='cuda:0', grad_fn=<DivBackward0>)
	 epoch  90 test error:  tensor(0.1905, device='cuda:0', grad_fn=<DivBackward0>)
Memory status after this epoch: 
Memory allocated:  549.59814453125
Memory cached:  1044.0
[I 2023-11-17 11:58:03,251] Trial 29 finished with value: 0.19055210053920746 and parameters: {'W_layers': 7, 'W_layer_units_exponent_0': 10, 'W_layer_units_exponent_1': 10, 'W_layer_units_exponent_2': 9, 'W_layer_units_exponent_3': 10, 'W_layer_units_exponent_4': 5, 'W_layer_units_exponent_5': 8, 'W_layer_units_exponent_6': 5, 'D_layers': 4, 'D_layer_units_exponent_0': 7, 'D_layer_units_exponent_1': 9, 'D_layer_units_exponent_2': 10, 'D_layer_units_exponent_3': 10, 'log_learning_rate': -3.864779025292937, 'log_learning_rate_D': -4.274783347508474, 'training_batch_size': 11, 'training_p': 2}. Best is trial 22 with value: 0.19054608047008514.
Time for this trial:  188.51502013206482
Memory status after this trial: 
Memory allocated:  1009.564453125
Memory cached:  1044.0
--------------------  Trial  30   --------------------
Start timing: 
Parameters: 
{'W_layers': 8, 'W_layer_units_exponent_0': 6, 'W_layer_units_exponent_1': 9, 'W_layer_units_exponent_2': 8, 'W_layer_units_exponent_3': 8, 'W_layer_units_exponent_4': 8, 'W_layer_units_exponent_5': 6, 'W_layer_units_exponent_6': 9, 'W_layer_units_exponent_7': 8, 'D_layers': 3, 'D_layer_units_exponent_0': 7, 'D_layer_units_exponent_1': 8, 'D_layer_units_exponent_2': 4, 'log_learning_rate': -3.73298304296085, 'log_learning_rate_D': -4.632974752684118, 'training_batch_size': 10, 'training_p': 2}
	 epoch  0 training error:  tensor(1.0028, device='cuda:0', grad_fn=<DivBackward0>)
	 epoch  0 test error:  tensor(0.1917, device='cuda:0', grad_fn=<DivBackward0>)
Memory status after this epoch: 
Memory allocated:  286.00390625
Memory cached:  382.0
	 epoch  10 training error:  tensor(0.9945, device='cuda:0', grad_fn=<DivBackward0>)
	 epoch  10 test error:  tensor(0.1915, device='cuda:0', grad_fn=<DivBackward0>)
Memory status after this epoch: 
Memory allocated:  287.22265625
Memory cached:  568.0
	 epoch  20 training error:  tensor(0.9946, device='cuda:0', grad_fn=<DivBackward0>)
	 epoch  20 test error:  tensor(0.1915, device='cuda:0', grad_fn=<DivBackward0>)
Memory status after this epoch: 
Memory allocated:  285.95703125
Memory cached:  568.0
	 epoch  30 training error:  tensor(0.9944, device='cuda:0', grad_fn=<DivBackward0>)
	 epoch  30 test error:  tensor(0.1915, device='cuda:0', grad_fn=<DivBackward0>)
Memory status after this epoch: 
Memory allocated:  287.55078125
Memory cached:  564.0
	 epoch  40 training error:  tensor(0.9944, device='cuda:0', grad_fn=<DivBackward0>)
	 epoch  40 test error:  tensor(0.1915, device='cuda:0', grad_fn=<DivBackward0>)
Memory status after this epoch: 
Memory allocated:  285.95703125
Memory cached:  566.0
	 epoch  50 training error:  tensor(0.9944, device='cuda:0', grad_fn=<DivBackward0>)
	 epoch  50 test error:  tensor(0.1915, device='cuda:0', grad_fn=<DivBackward0>)
Memory status after this epoch: 
Memory allocated:  287.55078125
Memory cached:  564.0
	 epoch  60 training error:  tensor(0.9944, device='cuda:0', grad_fn=<DivBackward0>)
	 epoch  60 test error:  tensor(0.1915, device='cuda:0', grad_fn=<DivBackward0>)
Memory status after this epoch: 
Memory allocated:  285.95703125
Memory cached:  568.0
	 epoch  70 training error:  tensor(0.9944, device='cuda:0', grad_fn=<DivBackward0>)
	 epoch  70 test error:  tensor(0.1915, device='cuda:0', grad_fn=<DivBackward0>)
Memory status after this epoch: 
Memory allocated:  287.55078125
Memory cached:  568.0
	 epoch  80 training error:  tensor(0.9944, device='cuda:0', grad_fn=<DivBackward0>)
	 epoch  80 test error:  tensor(0.1915, device='cuda:0', grad_fn=<DivBackward0>)
Memory status after this epoch: 
Memory allocated:  285.95703125
Memory cached:  564.0
	 epoch  90 training error:  tensor(0.9944, device='cuda:0', grad_fn=<DivBackward0>)
	 epoch  90 test error:  tensor(0.1915, device='cuda:0', grad_fn=<DivBackward0>)
Memory status after this epoch: 
Memory allocated:  287.55078125
Memory cached:  564.0
[I 2023-11-17 12:00:47,011] Trial 30 finished with value: 0.19143807888031006 and parameters: {'W_layers': 8, 'W_layer_units_exponent_0': 6, 'W_layer_units_exponent_1': 9, 'W_layer_units_exponent_2': 8, 'W_layer_units_exponent_3': 8, 'W_layer_units_exponent_4': 8, 'W_layer_units_exponent_5': 6, 'W_layer_units_exponent_6': 9, 'W_layer_units_exponent_7': 8, 'D_layers': 3, 'D_layer_units_exponent_0': 7, 'D_layer_units_exponent_1': 8, 'D_layer_units_exponent_2': 4, 'log_learning_rate': -3.73298304296085, 'log_learning_rate_D': -4.632974752684118, 'training_batch_size': 10, 'training_p': 2}. Best is trial 22 with value: 0.19054608047008514.
Time for this trial:  163.5079162120819
Memory status after this trial: 
Memory allocated:  558.1845703125
Memory cached:  564.0
--------------------  Trial  31   --------------------
Start timing: 
Parameters: 
{'W_layers': 7, 'W_layer_units_exponent_0': 10, 'W_layer_units_exponent_1': 10, 'W_layer_units_exponent_2': 10, 'W_layer_units_exponent_3': 10, 'W_layer_units_exponent_4': 4, 'W_layer_units_exponent_5': 8, 'W_layer_units_exponent_6': 4, 'D_layers': 4, 'D_layer_units_exponent_0': 7, 'D_layer_units_exponent_1': 10, 'D_layer_units_exponent_2': 10, 'D_layer_units_exponent_3': 10, 'log_learning_rate': -3.9081763027078606, 'log_learning_rate_D': -4.279364877627595, 'training_batch_size': 11, 'training_p': 2}
	 epoch  0 training error:  tensor(0.9992, device='cuda:0', grad_fn=<DivBackward0>)
	 epoch  0 test error:  tensor(0.1917, device='cuda:0', grad_fn=<DivBackward0>)
Memory status after this epoch: 
Memory allocated:  628.92626953125
Memory cached:  754.0
	 epoch  10 training error:  tensor(0.9944, device='cuda:0', grad_fn=<DivBackward0>)
	 epoch  10 test error:  tensor(0.1914, device='cuda:0', grad_fn=<DivBackward0>)
Memory status after this epoch: 
Memory allocated:  627.70751953125
Memory cached:  1170.0
	 epoch  20 training error:  tensor(0.9941, device='cuda:0', grad_fn=<DivBackward0>)
	 epoch  20 test error:  tensor(0.1911, device='cuda:0', grad_fn=<DivBackward0>)
Memory status after this epoch: 
Memory allocated:  628.83251953125
Memory cached:  1186.0
	 epoch  30 training error:  tensor(0.9939, device='cuda:0', grad_fn=<DivBackward0>)
	 epoch  30 test error:  tensor(0.1908, device='cuda:0', grad_fn=<DivBackward0>)
Memory status after this epoch: 
Memory allocated:  627.70751953125
Memory cached:  1186.0
	 epoch  40 training error:  tensor(0.9936, device='cuda:0', grad_fn=<DivBackward0>)
	 epoch  40 test error:  tensor(0.1906, device='cuda:0', grad_fn=<DivBackward0>)
Memory status after this epoch: 
Memory allocated:  628.83251953125
Memory cached:  1186.0
	 epoch  50 training error:  tensor(0.9934, device='cuda:0', grad_fn=<DivBackward0>)
	 epoch  50 test error:  tensor(0.1906, device='cuda:0', grad_fn=<DivBackward0>)
Memory status after this epoch: 
Memory allocated:  627.70751953125
Memory cached:  1186.0
	 epoch  60 training error:  tensor(0.9932, device='cuda:0', grad_fn=<DivBackward0>)
	 epoch  60 test error:  tensor(0.1906, device='cuda:0', grad_fn=<DivBackward0>)
Memory status after this epoch: 
Memory allocated:  628.83251953125
Memory cached:  1186.0
	 epoch  70 training error:  tensor(0.9930, device='cuda:0', grad_fn=<DivBackward0>)
	 epoch  70 test error:  tensor(0.1906, device='cuda:0', grad_fn=<DivBackward0>)
Memory status after this epoch: 
Memory allocated:  627.70751953125
Memory cached:  1186.0
	 epoch  80 training error:  tensor(0.9928, device='cuda:0', grad_fn=<DivBackward0>)
	 epoch  80 test error:  tensor(0.1909, device='cuda:0', grad_fn=<DivBackward0>)
Memory status after this epoch: 
Memory allocated:  628.83251953125
Memory cached:  1186.0
	 epoch  90 training error:  tensor(0.9927, device='cuda:0', grad_fn=<DivBackward0>)
	 epoch  90 test error:  tensor(0.1909, device='cuda:0', grad_fn=<DivBackward0>)
Memory status after this epoch: 
Memory allocated:  627.70751953125
Memory cached:  1186.0
[I 2023-11-17 12:04:02,218] Trial 31 finished with value: 0.19076310098171234 and parameters: {'W_layers': 7, 'W_layer_units_exponent_0': 10, 'W_layer_units_exponent_1': 10, 'W_layer_units_exponent_2': 10, 'W_layer_units_exponent_3': 10, 'W_layer_units_exponent_4': 4, 'W_layer_units_exponent_5': 8, 'W_layer_units_exponent_6': 4, 'D_layers': 4, 'D_layer_units_exponent_0': 7, 'D_layer_units_exponent_1': 10, 'D_layer_units_exponent_2': 10, 'D_layer_units_exponent_3': 10, 'log_learning_rate': -3.9081763027078606, 'log_learning_rate_D': -4.279364877627595, 'training_batch_size': 11, 'training_p': 2}. Best is trial 22 with value: 0.19054608047008514.
Time for this trial:  194.97706270217896
Memory status after this trial: 
Memory allocated:  1127.509765625
Memory cached:  1186.0
--------------------  Trial  32   --------------------
Start timing: 
Parameters: 
{'W_layers': 8, 'W_layer_units_exponent_0': 10, 'W_layer_units_exponent_1': 10, 'W_layer_units_exponent_2': 10, 'W_layer_units_exponent_3': 10, 'W_layer_units_exponent_4': 5, 'W_layer_units_exponent_5': 9, 'W_layer_units_exponent_6': 6, 'W_layer_units_exponent_7': 6, 'D_layers': 2, 'D_layer_units_exponent_0': 7, 'D_layer_units_exponent_1': 9, 'log_learning_rate': -4.543123302591145, 'log_learning_rate_D': -4.238682146606454, 'training_batch_size': 12, 'training_p': 2}
	 epoch  0 training error:  tensor(0.9991, device='cuda:0', grad_fn=<DivBackward0>)
	 epoch  0 test error:  tensor(0.1918, device='cuda:0', grad_fn=<DivBackward0>)
Memory status after this epoch: 
Memory allocated:  480.37158203125
Memory cached:  520.0
	 epoch  10 training error:  tensor(0.9944, device='cuda:0', grad_fn=<DivBackward0>)
	 epoch  10 test error:  tensor(0.1915, device='cuda:0', grad_fn=<DivBackward0>)
Memory status after this epoch: 
Memory allocated:  480.37158203125
Memory cached:  916.0
	 epoch  20 training error:  tensor(0.9944, device='cuda:0', grad_fn=<DivBackward0>)
	 epoch  20 test error:  tensor(0.1915, device='cuda:0', grad_fn=<DivBackward0>)
Memory status after this epoch: 
Memory allocated:  480.23095703125
Memory cached:  916.0
	 epoch  30 training error:  tensor(0.9944, device='cuda:0', grad_fn=<DivBackward0>)
	 epoch  30 test error:  tensor(0.1914, device='cuda:0', grad_fn=<DivBackward0>)
Memory status after this epoch: 
Memory allocated:  480.27783203125
Memory cached:  912.0
	 epoch  40 training error:  tensor(0.9943, device='cuda:0', grad_fn=<DivBackward0>)
	 epoch  40 test error:  tensor(0.1914, device='cuda:0', grad_fn=<DivBackward0>)
Memory status after this epoch: 
Memory allocated:  480.23095703125
Memory cached:  912.0
	 epoch  50 training error:  tensor(0.9943, device='cuda:0', grad_fn=<DivBackward0>)
	 epoch  50 test error:  tensor(0.1914, device='cuda:0', grad_fn=<DivBackward0>)
Memory status after this epoch: 
Memory allocated:  480.27783203125
Memory cached:  912.0
	 epoch  60 training error:  tensor(0.9942, device='cuda:0', grad_fn=<DivBackward0>)
	 epoch  60 test error:  tensor(0.1913, device='cuda:0', grad_fn=<DivBackward0>)
Memory status after this epoch: 
Memory allocated:  480.23095703125
Memory cached:  912.0
	 epoch  70 training error:  tensor(0.9941, device='cuda:0', grad_fn=<DivBackward0>)
	 epoch  70 test error:  tensor(0.1912, device='cuda:0', grad_fn=<DivBackward0>)
Memory status after this epoch: 
Memory allocated:  480.27783203125
Memory cached:  912.0
	 epoch  80 training error:  tensor(0.9939, device='cuda:0', grad_fn=<DivBackward0>)
	 epoch  80 test error:  tensor(0.1909, device='cuda:0', grad_fn=<DivBackward0>)
Memory status after this epoch: 
Memory allocated:  480.23095703125
Memory cached:  912.0
	 epoch  90 training error:  tensor(0.9938, device='cuda:0', grad_fn=<DivBackward0>)
	 epoch  90 test error:  tensor(0.1907, device='cuda:0', grad_fn=<DivBackward0>)
Memory status after this epoch: 
Memory allocated:  480.27783203125
Memory cached:  912.0
[I 2023-11-17 12:06:54,025] Trial 32 finished with value: 0.1905340552330017 and parameters: {'W_layers': 8, 'W_layer_units_exponent_0': 10, 'W_layer_units_exponent_1': 10, 'W_layer_units_exponent_2': 10, 'W_layer_units_exponent_3': 10, 'W_layer_units_exponent_4': 5, 'W_layer_units_exponent_5': 9, 'W_layer_units_exponent_6': 6, 'W_layer_units_exponent_7': 6, 'D_layers': 2, 'D_layer_units_exponent_0': 7, 'D_layer_units_exponent_1': 9, 'log_learning_rate': -4.543123302591145, 'log_learning_rate_D': -4.238682146606454, 'training_batch_size': 12, 'training_p': 2}. Best is trial 32 with value: 0.1905340552330017.
Time for this trial:  171.5796194076538
Memory status after this trial: 
Memory allocated:  880.9462890625
Memory cached:  914.0
--------------------  Trial  33   --------------------
Start timing: 
Parameters: 
{'W_layers': 8, 'W_layer_units_exponent_0': 10, 'W_layer_units_exponent_1': 10, 'W_layer_units_exponent_2': 10, 'W_layer_units_exponent_3': 9, 'W_layer_units_exponent_4': 4, 'W_layer_units_exponent_5': 9, 'W_layer_units_exponent_6': 6, 'W_layer_units_exponent_7': 6, 'D_layers': 2, 'D_layer_units_exponent_0': 8, 'D_layer_units_exponent_1': 10, 'log_learning_rate': -4.343264903564737, 'log_learning_rate_D': -4.624989508237969, 'training_batch_size': 12, 'training_p': 3}
	 epoch  0 training error:  tensor(0.9996, device='cuda:0', grad_fn=<DivBackward0>)
	 epoch  0 test error:  tensor(0.1917, device='cuda:0', grad_fn=<DivBackward0>)
Memory status after this epoch: 
Memory allocated:  481.20947265625
Memory cached:  608.0
	 epoch  10 training error:  tensor(0.9933, device='cuda:0', grad_fn=<DivBackward0>)
	 epoch  10 test error:  tensor(0.1915, device='cuda:0', grad_fn=<DivBackward0>)
Memory status after this epoch: 
Memory allocated:  480.17822265625
Memory cached:  934.0
	 epoch  20 training error:  tensor(0.9931, device='cuda:0', grad_fn=<DivBackward0>)
	 epoch  20 test error:  tensor(0.1915, device='cuda:0', grad_fn=<DivBackward0>)
Memory status after this epoch: 
Memory allocated:  481.11572265625
Memory cached:  930.0
	 epoch  30 training error:  tensor(0.9931, device='cuda:0', grad_fn=<DivBackward0>)
	 epoch  30 test error:  tensor(0.1916, device='cuda:0', grad_fn=<DivBackward0>)
Memory status after this epoch: 
Memory allocated:  480.64697265625
Memory cached:  930.0
	 epoch  40 training error:  tensor(0.9930, device='cuda:0', grad_fn=<DivBackward0>)
	 epoch  40 test error:  tensor(0.1916, device='cuda:0', grad_fn=<DivBackward0>)
Memory status after this epoch: 
Memory allocated:  480.74072265625
Memory cached:  930.0
	 epoch  50 training error:  tensor(0.9930, device='cuda:0', grad_fn=<DivBackward0>)
	 epoch  50 test error:  tensor(0.1917, device='cuda:0', grad_fn=<DivBackward0>)
Memory status after this epoch: 
Memory allocated:  481.20947265625
Memory cached:  930.0
	 epoch  60 training error:  tensor(0.9930, device='cuda:0', grad_fn=<DivBackward0>)
	 epoch  60 test error:  tensor(0.1917, device='cuda:0', grad_fn=<DivBackward0>)
Memory status after this epoch: 
Memory allocated:  480.13134765625
Memory cached:  926.0
	 epoch  70 training error:  tensor(0.9929, device='cuda:0', grad_fn=<DivBackward0>)
	 epoch  70 test error:  tensor(0.1918, device='cuda:0', grad_fn=<DivBackward0>)
Memory status after this epoch: 
Memory allocated:  481.53759765625
Memory cached:  926.0
	 epoch  80 training error:  tensor(0.9929, device='cuda:0', grad_fn=<DivBackward0>)
	 epoch  80 test error:  tensor(0.1918, device='cuda:0', grad_fn=<DivBackward0>)
Memory status after this epoch: 
Memory allocated:  479.66259765625
Memory cached:  922.0
	 epoch  90 training error:  tensor(0.9929, device='cuda:0', grad_fn=<DivBackward0>)
	 epoch  90 test error:  tensor(0.1918, device='cuda:0', grad_fn=<DivBackward0>)
Memory status after this epoch: 
Memory allocated:  481.91259765625
Memory cached:  922.0
