[I 2023-11-10 16:04:07,723] Trial 31 finished with value: 0.04049542173743248 and parameters: {'W_layers': 2, 'W_layer_units_exponent_0': 10, 'W_layer_units_exponent_1': 9, 'D_layers': 7, 'D_layer_units_exponent_0': 10, 'D_layer_units_exponent_1': 9, 'D_layer_units_exponent_2': 8, 'D_layer_units_exponent_3': 5, 'D_layer_units_exponent_4': 9, 'D_layer_units_exponent_5': 6, 'D_layer_units_exponent_6': 6, 'log_learning_rate': -4.306998938534958, 'log_learning_rate_D': -4.697031243696012, 'training_batch_size': 12, 'training_p': 7}. Best is trial 17 with value: 0.03733406588435173.
Time for this trial:  155.9682080745697
Memory status after this trial: 
Memory allocated:  941.22314453125
Memory cached:  966.0
--------------------  Trial  32   --------------------
Start timing: 
Parameters: 
{'W_layers': 3, 'W_layer_units_exponent_0': 9, 'W_layer_units_exponent_1': 10, 'W_layer_units_exponent_2': 8, 'D_layers': 7, 'D_layer_units_exponent_0': 8, 'D_layer_units_exponent_1': 9, 'D_layer_units_exponent_2': 6, 'D_layer_units_exponent_3': 5, 'D_layer_units_exponent_4': 9, 'D_layer_units_exponent_5': 7, 'D_layer_units_exponent_6': 8, 'log_learning_rate': -4.715852565438281, 'log_learning_rate_D': -4.337899208061812, 'training_batch_size': 10, 'training_p': 8}
	 epoch  0 training error:  tensor(2.7711, device='cuda:0', grad_fn=<DivBackward0>)
	 epoch  0 test error:  tensor(0.0802, device='cuda:0', grad_fn=<DivBackward0>)
Memory status after this epoch: 
Memory allocated:  468.99462890625
Memory cached:  704.0
	 epoch  10 training error:  tensor(1.2149, device='cuda:0', grad_fn=<DivBackward0>)
	 epoch  10 test error:  tensor(0.0783, device='cuda:0', grad_fn=<DivBackward0>)
Memory status after this epoch: 
Memory allocated:  465.33837890625
Memory cached:  918.0
	 epoch  20 training error:  tensor(0.9735, device='cuda:0', grad_fn=<DivBackward0>)
	 epoch  20 test error:  tensor(0.0813, device='cuda:0', grad_fn=<DivBackward0>)
Memory status after this epoch: 
Memory allocated:  468.43212890625
Memory cached:  918.0
	 epoch  30 training error:  tensor(0.9670, device='cuda:0', grad_fn=<DivBackward0>)
	 epoch  30 test error:  tensor(0.0678, device='cuda:0', grad_fn=<DivBackward0>)
Memory status after this epoch: 
Memory allocated:  465.52587890625
Memory cached:  918.0
	 epoch  40 training error:  tensor(0.7477, device='cuda:0', grad_fn=<DivBackward0>)
	 epoch  40 test error:  tensor(0.0549, device='cuda:0', grad_fn=<DivBackward0>)
Memory status after this epoch: 
Memory allocated:  468.33837890625
Memory cached:  918.0
	 epoch  50 training error:  tensor(0.4808, device='cuda:0', grad_fn=<DivBackward0>)
	 epoch  50 test error:  tensor(0.0362, device='cuda:0', grad_fn=<DivBackward0>)
Memory status after this epoch: 
Memory allocated:  465.80712890625
Memory cached:  918.0
	 epoch  60 training error:  tensor(0.4957, device='cuda:0', grad_fn=<DivBackward0>)
	 epoch  60 test error:  tensor(0.0392, device='cuda:0', grad_fn=<DivBackward0>)
Memory status after this epoch: 
Memory allocated:  468.80712890625
Memory cached:  918.0
	 epoch  70 training error:  tensor(0.4733, device='cuda:0', grad_fn=<DivBackward0>)
	 epoch  70 test error:  tensor(0.0395, device='cuda:0', grad_fn=<DivBackward0>)
Memory status after this epoch: 
Memory allocated:  465.80712890625
Memory cached:  918.0
	 epoch  80 training error:  tensor(0.4604, device='cuda:0', grad_fn=<DivBackward0>)
	 epoch  80 test error:  tensor(0.0377, device='cuda:0', grad_fn=<DivBackward0>)
Memory status after this epoch: 
Memory allocated:  468.43212890625
Memory cached:  918.0
	 epoch  90 training error:  tensor(0.4553, device='cuda:0', grad_fn=<DivBackward0>)
	 epoch  90 test error:  tensor(0.0386, device='cuda:0', grad_fn=<DivBackward0>)
Memory status after this epoch: 
Memory allocated:  465.52587890625
Memory cached:  918.0
[I 2023-11-10 16:06:50,736] Trial 32 finished with value: 0.03860802948474884 and parameters: {'W_layers': 3, 'W_layer_units_exponent_0': 9, 'W_layer_units_exponent_1': 10, 'W_layer_units_exponent_2': 8, 'D_layers': 7, 'D_layer_units_exponent_0': 8, 'D_layer_units_exponent_1': 9, 'D_layer_units_exponent_2': 6, 'D_layer_units_exponent_3': 5, 'D_layer_units_exponent_4': 9, 'D_layer_units_exponent_5': 7, 'D_layer_units_exponent_6': 8, 'log_learning_rate': -4.715852565438281, 'log_learning_rate_D': -4.337899208061812, 'training_batch_size': 10, 'training_p': 8}. Best is trial 17 with value: 0.03733406588435173.
Time for this trial:  162.7419397830963
Memory status after this trial: 
Memory allocated:  893.51708984375
Memory cached:  918.0
--------------------  Trial  33   --------------------
Start timing: 
Parameters: 
{'W_layers': 2, 'W_layer_units_exponent_0': 10, 'W_layer_units_exponent_1': 9, 'D_layers': 8, 'D_layer_units_exponent_0': 9, 'D_layer_units_exponent_1': 7, 'D_layer_units_exponent_2': 7, 'D_layer_units_exponent_3': 8, 'D_layer_units_exponent_4': 8, 'D_layer_units_exponent_5': 6, 'D_layer_units_exponent_6': 6, 'D_layer_units_exponent_7': 10, 'log_learning_rate': -4.358003586630108, 'log_learning_rate_D': -4.670276998852957, 'training_batch_size': 8, 'training_p': 7}
	 epoch  0 training error:  tensor(3.3952, device='cuda:0', grad_fn=<DivBackward0>)
	 epoch  0 test error:  tensor(0.5442, device='cuda:0', grad_fn=<DivBackward0>)
Memory status after this epoch: 
Memory allocated:  483.4521484375
Memory cached:  738.0
	 epoch  10 training error:  tensor(4.0370, device='cuda:0', grad_fn=<DivBackward0>)
	 epoch  10 test error:  tensor(0.2465, device='cuda:0', grad_fn=<DivBackward0>)
Memory status after this epoch: 
Memory allocated:  486.2177734375
Memory cached:  958.0
	 epoch  20 training error:  tensor(3.8767, device='cuda:0', grad_fn=<DivBackward0>)
	 epoch  20 test error:  tensor(0.2626, device='cuda:0', grad_fn=<DivBackward0>)
Memory status after this epoch: 
Memory allocated:  483.4521484375
Memory cached:  958.0
	 epoch  30 training error:  tensor(1.3365, device='cuda:0', grad_fn=<DivBackward0>)
	 epoch  30 test error:  tensor(0.1082, device='cuda:0', grad_fn=<DivBackward0>)
Memory status after this epoch: 
Memory allocated:  486.5927734375
Memory cached:  958.0
	 epoch  40 training error:  tensor(0.9969, device='cuda:0', grad_fn=<DivBackward0>)
	 epoch  40 test error:  tensor(0.0813, device='cuda:0', grad_fn=<DivBackward0>)
Memory status after this epoch: 
Memory allocated:  482.9833984375
Memory cached:  958.0
	 epoch  50 training error:  tensor(1.2446, device='cuda:0', grad_fn=<DivBackward0>)
	 epoch  50 test error:  tensor(0.0928, device='cuda:0', grad_fn=<DivBackward0>)
Memory status after this epoch: 
Memory allocated:  486.5927734375
Memory cached:  958.0
	 epoch  60 training error:  tensor(1.6321, device='cuda:0', grad_fn=<DivBackward0>)
	 epoch  60 test error:  tensor(0.0684, device='cuda:0', grad_fn=<DivBackward0>)
Memory status after this epoch: 
Memory allocated:  483.0771484375
Memory cached:  958.0
	 epoch  70 training error:  tensor(1.6774, device='cuda:0', grad_fn=<DivBackward0>)
	 epoch  70 test error:  tensor(0.1167, device='cuda:0', grad_fn=<DivBackward0>)
Memory status after this epoch: 
Memory allocated:  486.4990234375
Memory cached:  958.0
	 epoch  80 training error:  tensor(0.6407, device='cuda:0', grad_fn=<DivBackward0>)
	 epoch  80 test error:  tensor(0.0637, device='cuda:0', grad_fn=<DivBackward0>)
Memory status after this epoch: 
Memory allocated:  483.0771484375
Memory cached:  958.0
	 epoch  90 training error:  tensor(0.5879, device='cuda:0', grad_fn=<DivBackward0>)
	 epoch  90 test error:  tensor(0.0473, device='cuda:0', grad_fn=<DivBackward0>)
Memory status after this epoch: 
Memory allocated:  486.4990234375
Memory cached:  958.0
[I 2023-11-10 16:09:35,813] Trial 33 finished with value: 0.03992317244410515 and parameters: {'W_layers': 2, 'W_layer_units_exponent_0': 10, 'W_layer_units_exponent_1': 9, 'D_layers': 8, 'D_layer_units_exponent_0': 9, 'D_layer_units_exponent_1': 7, 'D_layer_units_exponent_2': 7, 'D_layer_units_exponent_3': 8, 'D_layer_units_exponent_4': 8, 'D_layer_units_exponent_5': 6, 'D_layer_units_exponent_6': 6, 'D_layer_units_exponent_7': 10, 'log_learning_rate': -4.358003586630108, 'log_learning_rate_D': -4.670276998852957, 'training_batch_size': 8, 'training_p': 7}. Best is trial 17 with value: 0.03733406588435173.
Time for this trial:  164.78520512580872
Memory status after this trial: 
Memory allocated:  934.86865234375
Memory cached:  958.0
--------------------  Trial  34   --------------------
Start timing: 
Parameters: 
{'W_layers': 3, 'W_layer_units_exponent_0': 8, 'W_layer_units_exponent_1': 9, 'W_layer_units_exponent_2': 6, 'D_layers': 7, 'D_layer_units_exponent_0': 10, 'D_layer_units_exponent_1': 8, 'D_layer_units_exponent_2': 8, 'D_layer_units_exponent_3': 6, 'D_layer_units_exponent_4': 10, 'D_layer_units_exponent_5': 8, 'D_layer_units_exponent_6': 6, 'log_learning_rate': -4.624155355788742, 'log_learning_rate_D': -4.733092773022294, 'training_batch_size': 10, 'training_p': 8}
	 epoch  0 training error:  tensor(3.7681, device='cuda:0', grad_fn=<DivBackward0>)
	 epoch  0 test error:  tensor(0.2391, device='cuda:0', grad_fn=<DivBackward0>)
Memory status after this epoch: 
Memory allocated:  476.7744140625
Memory cached:  736.0
	 epoch  10 training error:  tensor(0.9829, device='cuda:0', grad_fn=<DivBackward0>)
	 epoch  10 test error:  tensor(0.0787, device='cuda:0', grad_fn=<DivBackward0>)
Memory status after this epoch: 
Memory allocated:  472.2275390625
Memory cached:  946.0
	 epoch  20 training error:  tensor(1.2206, device='cuda:0', grad_fn=<DivBackward0>)
	 epoch  20 test error:  tensor(0.0878, device='cuda:0', grad_fn=<DivBackward0>)
Memory status after this epoch: 
Memory allocated:  476.8681640625
Memory cached:  930.0
	 epoch  30 training error:  tensor(1.0467, device='cuda:0', grad_fn=<DivBackward0>)
	 epoch  30 test error:  tensor(0.0803, device='cuda:0', grad_fn=<DivBackward0>)
Memory status after this epoch: 
Memory allocated:  472.6962890625
Memory cached:  930.0
	 epoch  40 training error:  tensor(0.8888, device='cuda:0', grad_fn=<DivBackward0>)
	 epoch  40 test error:  tensor(0.0654, device='cuda:0', grad_fn=<DivBackward0>)
Memory status after this epoch: 
Memory allocated:  476.8681640625
Memory cached:  930.0
	 epoch  50 training error:  tensor(0.6690, device='cuda:0', grad_fn=<DivBackward0>)
	 epoch  50 test error:  tensor(0.0478, device='cuda:0', grad_fn=<DivBackward0>)
Memory status after this epoch: 
Memory allocated:  472.6962890625
Memory cached:  930.0
	 epoch  60 training error:  tensor(0.5522, device='cuda:0', grad_fn=<DivBackward0>)
	 epoch  60 test error:  tensor(0.0379, device='cuda:0', grad_fn=<DivBackward0>)
Memory status after this epoch: 
Memory allocated:  476.3994140625
Memory cached:  930.0
	 epoch  70 training error:  tensor(0.5298, device='cuda:0', grad_fn=<DivBackward0>)
	 epoch  70 test error:  tensor(0.0374, device='cuda:0', grad_fn=<DivBackward0>)
Memory status after this epoch: 
Memory allocated:  473.1650390625
Memory cached:  930.0
	 epoch  80 training error:  tensor(0.5266, device='cuda:0', grad_fn=<DivBackward0>)
	 epoch  80 test error:  tensor(0.0381, device='cuda:0', grad_fn=<DivBackward0>)
Memory status after this epoch: 
Memory allocated:  475.9306640625
Memory cached:  930.0
	 epoch  90 training error:  tensor(0.5167, device='cuda:0', grad_fn=<DivBackward0>)
	 epoch  90 test error:  tensor(0.0368, device='cuda:0', grad_fn=<DivBackward0>)
Memory status after this epoch: 
Memory allocated:  473.1650390625
Memory cached:  930.0
[I 2023-11-10 16:12:20,499] Trial 34 finished with value: 0.03669334203004837 and parameters: {'W_layers': 3, 'W_layer_units_exponent_0': 8, 'W_layer_units_exponent_1': 9, 'W_layer_units_exponent_2': 6, 'D_layers': 7, 'D_layer_units_exponent_0': 10, 'D_layer_units_exponent_1': 8, 'D_layer_units_exponent_2': 8, 'D_layer_units_exponent_3': 6, 'D_layer_units_exponent_4': 10, 'D_layer_units_exponent_5': 8, 'D_layer_units_exponent_6': 6, 'log_learning_rate': -4.624155355788742, 'log_learning_rate_D': -4.733092773022294, 'training_batch_size': 10, 'training_p': 8}. Best is trial 34 with value: 0.03669334203004837.
Time for this trial:  164.41813111305237
Memory status after this trial: 
Memory allocated:  915.38720703125
Memory cached:  932.0
--------------------  Trial  35   --------------------
Start timing: 
Parameters: 
{'W_layers': 3, 'W_layer_units_exponent_0': 7, 'W_layer_units_exponent_1': 10, 'W_layer_units_exponent_2': 6, 'D_layers': 5, 'D_layer_units_exponent_0': 10, 'D_layer_units_exponent_1': 8, 'D_layer_units_exponent_2': 9, 'D_layer_units_exponent_3': 6, 'D_layer_units_exponent_4': 10, 'log_learning_rate': -4.72948478953911, 'log_learning_rate_D': -4.6788982305668245, 'training_batch_size': 11, 'training_p': 8}
	 epoch  0 training error:  tensor(1.8986, device='cuda:0', grad_fn=<DivBackward0>)
	 epoch  0 test error:  tensor(0.0869, device='cuda:0', grad_fn=<DivBackward0>)
Memory status after this epoch: 
Memory allocated:  487.80078125
Memory cached:  734.0
	 epoch  10 training error:  tensor(1.0246, device='cuda:0', grad_fn=<DivBackward0>)
	 epoch  10 test error:  tensor(0.0686, device='cuda:0', grad_fn=<DivBackward0>)
Memory status after this epoch: 
Memory allocated:  490.56640625
Memory cached:  962.0
	 epoch  20 training error:  tensor(0.7989, device='cuda:0', grad_fn=<DivBackward0>)
	 epoch  20 test error:  tensor(0.0567, device='cuda:0', grad_fn=<DivBackward0>)
Memory status after this epoch: 
Memory allocated:  487.80078125
Memory cached:  962.0
	 epoch  30 training error:  tensor(0.6011, device='cuda:0', grad_fn=<DivBackward0>)
	 epoch  30 test error:  tensor(0.0439, device='cuda:0', grad_fn=<DivBackward0>)
Memory status after this epoch: 
Memory allocated:  490.56640625
Memory cached:  962.0
	 epoch  40 training error:  tensor(0.5629, device='cuda:0', grad_fn=<DivBackward0>)
	 epoch  40 test error:  tensor(0.0402, device='cuda:0', grad_fn=<DivBackward0>)
Memory status after this epoch: 
Memory allocated:  487.80078125
Memory cached:  962.0
	 epoch  50 training error:  tensor(0.5573, device='cuda:0', grad_fn=<DivBackward0>)
	 epoch  50 test error:  tensor(0.0387, device='cuda:0', grad_fn=<DivBackward0>)
Memory status after this epoch: 
Memory allocated:  490.56640625
Memory cached:  962.0
	 epoch  60 training error:  tensor(0.5382, device='cuda:0', grad_fn=<DivBackward0>)
	 epoch  60 test error:  tensor(0.0383, device='cuda:0', grad_fn=<DivBackward0>)
Memory status after this epoch: 
Memory allocated:  487.80078125
Memory cached:  964.0
	 epoch  70 training error:  tensor(0.5295, device='cuda:0', grad_fn=<DivBackward0>)
	 epoch  70 test error:  tensor(0.0383, device='cuda:0', grad_fn=<DivBackward0>)
Memory status after this epoch: 
Memory allocated:  490.56640625
Memory cached:  962.0
	 epoch  80 training error:  tensor(0.5208, device='cuda:0', grad_fn=<DivBackward0>)
	 epoch  80 test error:  tensor(0.0378, device='cuda:0', grad_fn=<DivBackward0>)
Memory status after this epoch: 
Memory allocated:  487.80078125
Memory cached:  964.0
	 epoch  90 training error:  tensor(0.5109, device='cuda:0', grad_fn=<DivBackward0>)
	 epoch  90 test error:  tensor(0.0374, device='cuda:0', grad_fn=<DivBackward0>)
Memory status after this epoch: 
Memory allocated:  490.56640625
Memory cached:  962.0
[I 2023-11-10 16:14:50,568] Trial 35 finished with value: 0.0372505746781826 and parameters: {'W_layers': 3, 'W_layer_units_exponent_0': 7, 'W_layer_units_exponent_1': 10, 'W_layer_units_exponent_2': 6, 'D_layers': 5, 'D_layer_units_exponent_0': 10, 'D_layer_units_exponent_1': 8, 'D_layer_units_exponent_2': 9, 'D_layer_units_exponent_3': 6, 'D_layer_units_exponent_4': 10, 'log_learning_rate': -4.72948478953911, 'log_learning_rate_D': -4.6788982305668245, 'training_batch_size': 11, 'training_p': 8}. Best is trial 34 with value: 0.03669334203004837.
Time for this trial:  149.7896409034729
Memory status after this trial: 
Memory allocated:  948.39111328125
Memory cached:  962.0
--------------------  Trial  36   --------------------
Start timing: 
Parameters: 
{'W_layers': 3, 'W_layer_units_exponent_0': 7, 'W_layer_units_exponent_1': 10, 'W_layer_units_exponent_2': 6, 'D_layers': 5, 'D_layer_units_exponent_0': 10, 'D_layer_units_exponent_1': 8, 'D_layer_units_exponent_2': 9, 'D_layer_units_exponent_3': 6, 'D_layer_units_exponent_4': 10, 'log_learning_rate': -4.732090942750135, 'log_learning_rate_D': -4.735746038963934, 'training_batch_size': 12, 'training_p': 8}
	 epoch  0 training error:  tensor(2.5985, device='cuda:0', grad_fn=<DivBackward0>)
	 epoch  0 test error:  tensor(0.1381, device='cuda:0', grad_fn=<DivBackward0>)
Memory status after this epoch: 
Memory allocated:  490.56640625
Memory cached:  734.0
	 epoch  10 training error:  tensor(1.2337, device='cuda:0', grad_fn=<DivBackward0>)
	 epoch  10 test error:  tensor(0.0783, device='cuda:0', grad_fn=<DivBackward0>)
Memory status after this epoch: 
Memory allocated:  487.80078125
Memory cached:  962.0
	 epoch  20 training error:  tensor(1.0221, device='cuda:0', grad_fn=<DivBackward0>)
	 epoch  20 test error:  tensor(0.0718, device='cuda:0', grad_fn=<DivBackward0>)
Memory status after this epoch: 
Memory allocated:  490.56640625
Memory cached:  962.0
	 epoch  30 training error:  tensor(0.9781, device='cuda:0', grad_fn=<DivBackward0>)
	 epoch  30 test error:  tensor(0.0706, device='cuda:0', grad_fn=<DivBackward0>)
Memory status after this epoch: 
Memory allocated:  487.80078125
Memory cached:  962.0
	 epoch  40 training error:  tensor(0.9465, device='cuda:0', grad_fn=<DivBackward0>)
	 epoch  40 test error:  tensor(0.0697, device='cuda:0', grad_fn=<DivBackward0>)
Memory status after this epoch: 
Memory allocated:  490.56640625
Memory cached:  962.0
	 epoch  50 training error:  tensor(0.8967, device='cuda:0', grad_fn=<DivBackward0>)
	 epoch  50 test error:  tensor(0.0687, device='cuda:0', grad_fn=<DivBackward0>)
Memory status after this epoch: 
Memory allocated:  487.80078125
Memory cached:  962.0
	 epoch  60 training error:  tensor(0.8132, device='cuda:0', grad_fn=<DivBackward0>)
	 epoch  60 test error:  tensor(0.0612, device='cuda:0', grad_fn=<DivBackward0>)
Memory status after this epoch: 
Memory allocated:  490.56640625
Memory cached:  962.0
	 epoch  70 training error:  tensor(0.6167, device='cuda:0', grad_fn=<DivBackward0>)
	 epoch  70 test error:  tensor(0.0460, device='cuda:0', grad_fn=<DivBackward0>)
Memory status after this epoch: 
Memory allocated:  487.80078125
Memory cached:  962.0
	 epoch  80 training error:  tensor(0.5333, device='cuda:0', grad_fn=<DivBackward0>)
	 epoch  80 test error:  tensor(0.0369, device='cuda:0', grad_fn=<DivBackward0>)
Memory status after this epoch: 
Memory allocated:  490.56640625
Memory cached:  962.0
	 epoch  90 training error:  tensor(0.5058, device='cuda:0', grad_fn=<DivBackward0>)
	 epoch  90 test error:  tensor(0.0378, device='cuda:0', grad_fn=<DivBackward0>)
Memory status after this epoch: 
Memory allocated:  487.80078125
Memory cached:  962.0
