[I 2023-11-10 12:56:40,107] Trial 26 finished with value: 0.038002390414476395 and parameters: {'W_layers': 4, 'W_layer_units_exponent_0': 4, 'W_layer_units_exponent_1': 9, 'W_layer_units_exponent_2': 5, 'W_layer_units_exponent_3': 5, 'D_layers': 6, 'D_layer_units_exponent_0': 5, 'D_layer_units_exponent_1': 6, 'D_layer_units_exponent_2': 9, 'D_layer_units_exponent_3': 4, 'D_layer_units_exponent_4': 8, 'D_layer_units_exponent_5': 9, 'log_learning_rate': -3.2270474792668398, 'log_learning_rate_D': -4.094990031202039, 'training_batch_size': 10, 'training_p': 5}. Best is trial 17 with value: 0.03788105398416519.
Time for this trial:  156.0145869255066
Memory status after this trial: 
Memory allocated:  721.06396484375
Memory cached:  738.0
--------------------  Trial  27   --------------------
Start timing: 
Parameters: 
{'W_layers': 7, 'W_layer_units_exponent_0': 5, 'W_layer_units_exponent_1': 8, 'W_layer_units_exponent_2': 6, 'W_layer_units_exponent_3': 6, 'W_layer_units_exponent_4': 5, 'W_layer_units_exponent_5': 5, 'W_layer_units_exponent_6': 6, 'D_layers': 7, 'D_layer_units_exponent_0': 4, 'D_layer_units_exponent_1': 5, 'D_layer_units_exponent_2': 10, 'D_layer_units_exponent_3': 9, 'D_layer_units_exponent_4': 5, 'D_layer_units_exponent_5': 7, 'D_layer_units_exponent_6': 4, 'log_learning_rate': -2.644590304639669, 'log_learning_rate_D': -3.0970155523781253, 'training_batch_size': 9, 'training_p': 2}
	 epoch  0 training error:  tensor(1.4371, device='cuda:0', grad_fn=<DivBackward0>)
	 epoch  0 test error:  tensor(0.3113, device='cuda:0', grad_fn=<DivBackward0>)
Memory status after this epoch: 
Memory allocated:  392.212890625
Memory cached:  638.0
	 epoch  10 training error:  tensor(0.7950, device='cuda:0', grad_fn=<DivBackward0>)
	 epoch  10 test error:  tensor(0.0627, device='cuda:0', grad_fn=<DivBackward0>)
Memory status after this epoch: 
Memory allocated:  395.447265625
Memory cached:  770.0
	 epoch  20 training error:  tensor(0.5477, device='cuda:0', grad_fn=<DivBackward0>)
	 epoch  20 test error:  tensor(0.0471, device='cuda:0', grad_fn=<DivBackward0>)
Memory status after this epoch: 
Memory allocated:  391.744140625
Memory cached:  770.0
	 epoch  30 training error:  tensor(0.5211, device='cuda:0', grad_fn=<DivBackward0>)
	 epoch  30 test error:  tensor(0.0383, device='cuda:0', grad_fn=<DivBackward0>)
Memory status after this epoch: 
Memory allocated:  395.447265625
Memory cached:  770.0
	 epoch  40 training error:  tensor(0.5110, device='cuda:0', grad_fn=<DivBackward0>)
	 epoch  40 test error:  tensor(0.0383, device='cuda:0', grad_fn=<DivBackward0>)
Memory status after this epoch: 
Memory allocated:  391.744140625
Memory cached:  770.0
	 epoch  50 training error:  tensor(0.5046, device='cuda:0', grad_fn=<DivBackward0>)
	 epoch  50 test error:  tensor(0.0372, device='cuda:0', grad_fn=<DivBackward0>)
Memory status after this epoch: 
Memory allocated:  395.447265625
Memory cached:  770.0
	 epoch  60 training error:  tensor(0.5005, device='cuda:0', grad_fn=<DivBackward0>)
	 epoch  60 test error:  tensor(0.0375, device='cuda:0', grad_fn=<DivBackward0>)
Memory status after this epoch: 
Memory allocated:  391.744140625
Memory cached:  772.0
	 epoch  70 training error:  tensor(0.4993, device='cuda:0', grad_fn=<DivBackward0>)
	 epoch  70 test error:  tensor(0.0380, device='cuda:0', grad_fn=<DivBackward0>)
Memory status after this epoch: 
Memory allocated:  395.447265625
Memory cached:  770.0
	 epoch  80 training error:  tensor(0.4991, device='cuda:0', grad_fn=<DivBackward0>)
	 epoch  80 test error:  tensor(0.0381, device='cuda:0', grad_fn=<DivBackward0>)
Memory status after this epoch: 
Memory allocated:  391.744140625
Memory cached:  772.0
	 epoch  90 training error:  tensor(0.4990, device='cuda:0', grad_fn=<DivBackward0>)
	 epoch  90 test error:  tensor(0.0380, device='cuda:0', grad_fn=<DivBackward0>)
Memory status after this epoch: 
Memory allocated:  395.447265625
Memory cached:  774.0
[I 2023-11-10 12:59:50,634] Trial 27 finished with value: 0.03789982944726944 and parameters: {'W_layers': 7, 'W_layer_units_exponent_0': 5, 'W_layer_units_exponent_1': 8, 'W_layer_units_exponent_2': 6, 'W_layer_units_exponent_3': 6, 'W_layer_units_exponent_4': 5, 'W_layer_units_exponent_5': 5, 'W_layer_units_exponent_6': 6, 'D_layers': 7, 'D_layer_units_exponent_0': 4, 'D_layer_units_exponent_1': 5, 'D_layer_units_exponent_2': 10, 'D_layer_units_exponent_3': 9, 'D_layer_units_exponent_4': 5, 'D_layer_units_exponent_5': 7, 'D_layer_units_exponent_6': 4, 'log_learning_rate': -2.644590304639669, 'log_learning_rate_D': -3.0970155523781253, 'training_batch_size': 9, 'training_p': 2}. Best is trial 17 with value: 0.03788105398416519.
Time for this trial:  190.2312262058258
Memory status after this trial: 
Memory allocated:  757.41552734375
Memory cached:  772.0
--------------------  Trial  28   --------------------
Start timing: 
Parameters: 
{'W_layers': 7, 'W_layer_units_exponent_0': 5, 'W_layer_units_exponent_1': 8, 'W_layer_units_exponent_2': 9, 'W_layer_units_exponent_3': 7, 'W_layer_units_exponent_4': 6, 'W_layer_units_exponent_5': 5, 'W_layer_units_exponent_6': 6, 'D_layers': 7, 'D_layer_units_exponent_0': 6, 'D_layer_units_exponent_1': 5, 'D_layer_units_exponent_2': 10, 'D_layer_units_exponent_3': 9, 'D_layer_units_exponent_4': 5, 'D_layer_units_exponent_5': 10, 'D_layer_units_exponent_6': 4, 'log_learning_rate': -2.6404098803990226, 'log_learning_rate_D': -3.3150772484464412, 'training_batch_size': 9, 'training_p': 3}
	 epoch  0 training error:  tensor(0.9965, device='cuda:0', grad_fn=<DivBackward0>)
	 epoch  0 test error:  tensor(1.2709, device='cuda:0', grad_fn=<DivBackward0>)
Memory status after this epoch: 
Memory allocated:  477.73779296875
Memory cached:  720.0
	 epoch  10 training error:  tensor(0.7719, device='cuda:0', grad_fn=<DivBackward0>)
	 epoch  10 test error:  tensor(0.0640, device='cuda:0', grad_fn=<DivBackward0>)
Memory status after this epoch: 
Memory allocated:  474.31591796875
Memory cached:  932.0
	 epoch  20 training error:  tensor(0.6313, device='cuda:0', grad_fn=<DivBackward0>)
	 epoch  20 test error:  tensor(0.0387, device='cuda:0', grad_fn=<DivBackward0>)
Memory status after this epoch: 
Memory allocated:  477.73779296875
Memory cached:  932.0
	 epoch  30 training error:  tensor(0.5549, device='cuda:0', grad_fn=<DivBackward0>)
	 epoch  30 test error:  tensor(0.0369, device='cuda:0', grad_fn=<DivBackward0>)
Memory status after this epoch: 
Memory allocated:  474.31591796875
Memory cached:  932.0
	 epoch  40 training error:  tensor(0.5078, device='cuda:0', grad_fn=<DivBackward0>)
	 epoch  40 test error:  tensor(0.0394, device='cuda:0', grad_fn=<DivBackward0>)
Memory status after this epoch: 
Memory allocated:  477.73779296875
Memory cached:  932.0
	 epoch  50 training error:  tensor(0.5028, device='cuda:0', grad_fn=<DivBackward0>)
	 epoch  50 test error:  tensor(0.0402, device='cuda:0', grad_fn=<DivBackward0>)
Memory status after this epoch: 
Memory allocated:  474.31591796875
Memory cached:  932.0
	 epoch  60 training error:  tensor(0.4976, device='cuda:0', grad_fn=<DivBackward0>)
	 epoch  60 test error:  tensor(0.0398, device='cuda:0', grad_fn=<DivBackward0>)
Memory status after this epoch: 
Memory allocated:  477.73779296875
Memory cached:  934.0
	 epoch  70 training error:  tensor(0.4956, device='cuda:0', grad_fn=<DivBackward0>)
	 epoch  70 test error:  tensor(0.0389, device='cuda:0', grad_fn=<DivBackward0>)
Memory status after this epoch: 
Memory allocated:  474.31591796875
Memory cached:  934.0
	 epoch  80 training error:  tensor(0.4950, device='cuda:0', grad_fn=<DivBackward0>)
	 epoch  80 test error:  tensor(0.0384, device='cuda:0', grad_fn=<DivBackward0>)
Memory status after this epoch: 
Memory allocated:  477.26904296875
Memory cached:  934.0
	 epoch  90 training error:  tensor(0.4945, device='cuda:0', grad_fn=<DivBackward0>)
	 epoch  90 test error:  tensor(0.0382, device='cuda:0', grad_fn=<DivBackward0>)
Memory status after this epoch: 
Memory allocated:  474.40966796875
Memory cached:  934.0
[I 2023-11-10 13:03:11,184] Trial 28 finished with value: 0.03812599927186966 and parameters: {'W_layers': 7, 'W_layer_units_exponent_0': 5, 'W_layer_units_exponent_1': 8, 'W_layer_units_exponent_2': 9, 'W_layer_units_exponent_3': 7, 'W_layer_units_exponent_4': 6, 'W_layer_units_exponent_5': 5, 'W_layer_units_exponent_6': 6, 'D_layers': 7, 'D_layer_units_exponent_0': 6, 'D_layer_units_exponent_1': 5, 'D_layer_units_exponent_2': 10, 'D_layer_units_exponent_3': 9, 'D_layer_units_exponent_4': 5, 'D_layer_units_exponent_5': 10, 'D_layer_units_exponent_6': 4, 'log_learning_rate': -2.6404098803990226, 'log_learning_rate_D': -3.3150772484464412, 'training_batch_size': 9, 'training_p': 3}. Best is trial 17 with value: 0.03788105398416519.
Time for this trial:  200.24270367622375
Memory status after this trial: 
Memory allocated:  916.79931640625
Memory cached:  934.0
--------------------  Trial  29   --------------------
Start timing: 
Parameters: 
{'W_layers': 8, 'W_layer_units_exponent_0': 5, 'W_layer_units_exponent_1': 7, 'W_layer_units_exponent_2': 5, 'W_layer_units_exponent_3': 5, 'W_layer_units_exponent_4': 8, 'W_layer_units_exponent_5': 5, 'W_layer_units_exponent_6': 6, 'W_layer_units_exponent_7': 4, 'D_layers': 7, 'D_layer_units_exponent_0': 5, 'D_layer_units_exponent_1': 4, 'D_layer_units_exponent_2': 7, 'D_layer_units_exponent_3': 10, 'D_layer_units_exponent_4': 7, 'D_layer_units_exponent_5': 8, 'D_layer_units_exponent_6': 5, 'log_learning_rate': -3.215667285660488, 'log_learning_rate_D': -3.03451748866096, 'training_batch_size': 11, 'training_p': 2}
	 epoch  0 training error:  tensor(1.0325, device='cuda:0', grad_fn=<DivBackward0>)
	 epoch  0 test error:  tensor(0.0840, device='cuda:0', grad_fn=<DivBackward0>)
Memory status after this epoch: 
Memory allocated:  382.75634765625
Memory cached:  638.0
	 epoch  10 training error:  tensor(0.9331, device='cuda:0', grad_fn=<DivBackward0>)
	 epoch  10 test error:  tensor(0.0694, device='cuda:0', grad_fn=<DivBackward0>)
Memory status after this epoch: 
Memory allocated:  383.92822265625
Memory cached:  764.0
	 epoch  20 training error:  tensor(0.6382, device='cuda:0', grad_fn=<DivBackward0>)
	 epoch  20 test error:  tensor(0.0397, device='cuda:0', grad_fn=<DivBackward0>)
Memory status after this epoch: 
Memory allocated:  382.80322265625
Memory cached:  766.0
	 epoch  30 training error:  tensor(0.5524, device='cuda:0', grad_fn=<DivBackward0>)
	 epoch  30 test error:  tensor(0.0430, device='cuda:0', grad_fn=<DivBackward0>)
Memory status after this epoch: 
Memory allocated:  384.44384765625
Memory cached:  764.0
	 epoch  40 training error:  tensor(0.5117, device='cuda:0', grad_fn=<DivBackward0>)
	 epoch  40 test error:  tensor(0.0381, device='cuda:0', grad_fn=<DivBackward0>)
Memory status after this epoch: 
Memory allocated:  382.80322265625
Memory cached:  760.0
	 epoch  50 training error:  tensor(0.5092, device='cuda:0', grad_fn=<DivBackward0>)
	 epoch  50 test error:  tensor(0.0372, device='cuda:0', grad_fn=<DivBackward0>)
Memory status after this epoch: 
Memory allocated:  384.25634765625
Memory cached:  762.0
	 epoch  60 training error:  tensor(0.5060, device='cuda:0', grad_fn=<DivBackward0>)
	 epoch  60 test error:  tensor(0.0385, device='cuda:0', grad_fn=<DivBackward0>)
Memory status after this epoch: 
Memory allocated:  382.80322265625
Memory cached:  766.0
	 epoch  70 training error:  tensor(0.5024, device='cuda:0', grad_fn=<DivBackward0>)
	 epoch  70 test error:  tensor(0.0384, device='cuda:0', grad_fn=<DivBackward0>)
Memory status after this epoch: 
Memory allocated:  384.25634765625
Memory cached:  762.0
	 epoch  80 training error:  tensor(0.5004, device='cuda:0', grad_fn=<DivBackward0>)
	 epoch  80 test error:  tensor(0.0379, device='cuda:0', grad_fn=<DivBackward0>)
Memory status after this epoch: 
Memory allocated:  382.80322265625
Memory cached:  762.0
	 epoch  90 training error:  tensor(0.4995, device='cuda:0', grad_fn=<DivBackward0>)
	 epoch  90 test error:  tensor(0.0378, device='cuda:0', grad_fn=<DivBackward0>)
Memory status after this epoch: 
Memory allocated:  384.25634765625
Memory cached:  766.0
[I 2023-11-10 13:06:29,198] Trial 29 finished with value: 0.03778737410902977 and parameters: {'W_layers': 8, 'W_layer_units_exponent_0': 5, 'W_layer_units_exponent_1': 7, 'W_layer_units_exponent_2': 5, 'W_layer_units_exponent_3': 5, 'W_layer_units_exponent_4': 8, 'W_layer_units_exponent_5': 5, 'W_layer_units_exponent_6': 6, 'W_layer_units_exponent_7': 4, 'D_layers': 7, 'D_layer_units_exponent_0': 5, 'D_layer_units_exponent_1': 4, 'D_layer_units_exponent_2': 7, 'D_layer_units_exponent_3': 10, 'D_layer_units_exponent_4': 7, 'D_layer_units_exponent_5': 8, 'D_layer_units_exponent_6': 5, 'log_learning_rate': -3.215667285660488, 'log_learning_rate_D': -3.03451748866096, 'training_batch_size': 11, 'training_p': 2}. Best is trial 29 with value: 0.03778737410902977.
Time for this trial:  197.74016690254211
Memory status after this trial: 
Memory allocated:  746.12255859375
Memory cached:  762.0
--------------------  Trial  30   --------------------
Start timing: 
Parameters: 
{'W_layers': 8, 'W_layer_units_exponent_0': 6, 'W_layer_units_exponent_1': 7, 'W_layer_units_exponent_2': 7, 'W_layer_units_exponent_3': 4, 'W_layer_units_exponent_4': 8, 'W_layer_units_exponent_5': 5, 'W_layer_units_exponent_6': 6, 'W_layer_units_exponent_7': 4, 'D_layers': 6, 'D_layer_units_exponent_0': 6, 'D_layer_units_exponent_1': 4, 'D_layer_units_exponent_2': 7, 'D_layer_units_exponent_3': 10, 'D_layer_units_exponent_4': 7, 'D_layer_units_exponent_5': 8, 'log_learning_rate': -3.4020414870693294, 'log_learning_rate_D': -3.041834664748982, 'training_batch_size': 11, 'training_p': 2}
	 epoch  0 training error:  tensor(0.9766, device='cuda:0', grad_fn=<DivBackward0>)
	 epoch  0 test error:  tensor(0.0805, device='cuda:0', grad_fn=<DivBackward0>)
Memory status after this epoch: 
Memory allocated:  390.49462890625
Memory cached:  640.0
	 epoch  10 training error:  tensor(0.8853, device='cuda:0', grad_fn=<DivBackward0>)
	 epoch  10 test error:  tensor(0.0660, device='cuda:0', grad_fn=<DivBackward0>)
Memory status after this epoch: 
Memory allocated:  389.04150390625
Memory cached:  772.0
	 epoch  20 training error:  tensor(0.5708, device='cuda:0', grad_fn=<DivBackward0>)
	 epoch  20 test error:  tensor(0.0368, device='cuda:0', grad_fn=<DivBackward0>)
Memory status after this epoch: 
Memory allocated:  390.49462890625
Memory cached:  772.0
	 epoch  30 training error:  tensor(0.5352, device='cuda:0', grad_fn=<DivBackward0>)
	 epoch  30 test error:  tensor(0.0417, device='cuda:0', grad_fn=<DivBackward0>)
Memory status after this epoch: 
Memory allocated:  389.04150390625
Memory cached:  772.0
	 epoch  40 training error:  tensor(0.5113, device='cuda:0', grad_fn=<DivBackward0>)
	 epoch  40 test error:  tensor(0.0365, device='cuda:0', grad_fn=<DivBackward0>)
Memory status after this epoch: 
Memory allocated:  390.49462890625
Memory cached:  772.0
	 epoch  50 training error:  tensor(0.5028, device='cuda:0', grad_fn=<DivBackward0>)
	 epoch  50 test error:  tensor(0.0373, device='cuda:0', grad_fn=<DivBackward0>)
Memory status after this epoch: 
Memory allocated:  389.04150390625
Memory cached:  772.0
	 epoch  60 training error:  tensor(0.5007, device='cuda:0', grad_fn=<DivBackward0>)
	 epoch  60 test error:  tensor(0.0387, device='cuda:0', grad_fn=<DivBackward0>)
Memory status after this epoch: 
Memory allocated:  390.49462890625
Memory cached:  774.0
	 epoch  70 training error:  tensor(0.4997, device='cuda:0', grad_fn=<DivBackward0>)
	 epoch  70 test error:  tensor(0.0381, device='cuda:0', grad_fn=<DivBackward0>)
Memory status after this epoch: 
Memory allocated:  389.04150390625
Memory cached:  774.0
	 epoch  80 training error:  tensor(0.4995, device='cuda:0', grad_fn=<DivBackward0>)
	 epoch  80 test error:  tensor(0.0377, device='cuda:0', grad_fn=<DivBackward0>)
Memory status after this epoch: 
Memory allocated:  390.49462890625
Memory cached:  774.0
	 epoch  90 training error:  tensor(0.4992, device='cuda:0', grad_fn=<DivBackward0>)
	 epoch  90 test error:  tensor(0.0379, device='cuda:0', grad_fn=<DivBackward0>)
Memory status after this epoch: 
Memory allocated:  389.04150390625
Memory cached:  772.0
[I 2023-11-10 13:09:39,790] Trial 30 finished with value: 0.03797003626823425 and parameters: {'W_layers': 8, 'W_layer_units_exponent_0': 6, 'W_layer_units_exponent_1': 7, 'W_layer_units_exponent_2': 7, 'W_layer_units_exponent_3': 4, 'W_layer_units_exponent_4': 8, 'W_layer_units_exponent_5': 5, 'W_layer_units_exponent_6': 6, 'W_layer_units_exponent_7': 4, 'D_layers': 6, 'D_layer_units_exponent_0': 6, 'D_layer_units_exponent_1': 4, 'D_layer_units_exponent_2': 7, 'D_layer_units_exponent_3': 10, 'D_layer_units_exponent_4': 7, 'D_layer_units_exponent_5': 8, 'log_learning_rate': -3.4020414870693294, 'log_learning_rate_D': -3.041834664748982, 'training_batch_size': 11, 'training_p': 2}. Best is trial 29 with value: 0.03778737410902977.
Time for this trial:  190.28115034103394
Memory status after this trial: 
Memory allocated:  758.47021484375
Memory cached:  772.0
--------------------  Trial  31   --------------------
Start timing: 
Parameters: 
{'W_layers': 2, 'W_layer_units_exponent_0': 4, 'W_layer_units_exponent_1': 8, 'D_layers': 7, 'D_layer_units_exponent_0': 5, 'D_layer_units_exponent_1': 4, 'D_layer_units_exponent_2': 6, 'D_layer_units_exponent_3': 9, 'D_layer_units_exponent_4': 7, 'D_layer_units_exponent_5': 6, 'D_layer_units_exponent_6': 5, 'log_learning_rate': -2.969418075599516, 'log_learning_rate_D': -2.763095205770429, 'training_batch_size': 11, 'training_p': 2}
	 epoch  0 training error:  tensor(11.5756, device='cuda:0', grad_fn=<DivBackward0>)
	 epoch  0 test error:  tensor(0.2406, device='cuda:0', grad_fn=<DivBackward0>)
Memory status after this epoch: 
Memory allocated:  321.72900390625
Memory cached:  572.0
	 epoch  10 training error:  tensor(1.2518, device='cuda:0', grad_fn=<DivBackward0>)
	 epoch  10 test error:  tensor(0.0787, device='cuda:0', grad_fn=<DivBackward0>)
Memory status after this epoch: 
Memory allocated:  323.18212890625
Memory cached:  642.0
	 epoch  20 training error:  tensor(0.7038, device='cuda:0', grad_fn=<DivBackward0>)
	 epoch  20 test error:  tensor(0.0703, device='cuda:0', grad_fn=<DivBackward0>)
Memory status after this epoch: 
Memory allocated:  321.72900390625
Memory cached:  642.0
	 epoch  30 training error:  tensor(0.7510, device='cuda:0', grad_fn=<DivBackward0>)
	 epoch  30 test error:  tensor(0.0473, device='cuda:0', grad_fn=<DivBackward0>)
Memory status after this epoch: 
Memory allocated:  323.18212890625
Memory cached:  642.0
	 epoch  40 training error:  tensor(0.5904, device='cuda:0', grad_fn=<DivBackward0>)
	 epoch  40 test error:  tensor(0.0371, device='cuda:0', grad_fn=<DivBackward0>)
Memory status after this epoch: 
Memory allocated:  321.72900390625
Memory cached:  642.0
	 epoch  50 training error:  tensor(0.5493, device='cuda:0', grad_fn=<DivBackward0>)
	 epoch  50 test error:  tensor(0.0377, device='cuda:0', grad_fn=<DivBackward0>)
Memory status after this epoch: 
Memory allocated:  323.18212890625
Memory cached:  642.0
	 epoch  60 training error:  tensor(0.5169, device='cuda:0', grad_fn=<DivBackward0>)
	 epoch  60 test error:  tensor(0.0390, device='cuda:0', grad_fn=<DivBackward0>)
Memory status after this epoch: 
Memory allocated:  321.72900390625
Memory cached:  642.0
	 epoch  70 training error:  tensor(0.5160, device='cuda:0', grad_fn=<DivBackward0>)
	 epoch  70 test error:  tensor(0.0382, device='cuda:0', grad_fn=<DivBackward0>)
Memory status after this epoch: 
Memory allocated:  323.18212890625
Memory cached:  642.0
	 epoch  80 training error:  tensor(0.5147, device='cuda:0', grad_fn=<DivBackward0>)
	 epoch  80 test error:  tensor(0.0382, device='cuda:0', grad_fn=<DivBackward0>)
Memory status after this epoch: 
Memory allocated:  321.72900390625
Memory cached:  642.0
	 epoch  90 training error:  tensor(0.5127, device='cuda:0', grad_fn=<DivBackward0>)
	 epoch  90 test error:  tensor(0.0379, device='cuda:0', grad_fn=<DivBackward0>)
Memory status after this epoch: 
Memory allocated:  323.18212890625
Memory cached:  642.0
