[I 2023-11-16 17:29:01,033] Trial 0 finished with value: 2.3792152404785156 and parameters: {'W_layers': 3, 'W_layer_units_exponent_0': 4, 'W_layer_units_exponent_1': 7, 'W_layer_units_exponent_2': 9, 'D_layers': 5, 'D_layer_units_exponent_0': 4, 'D_layer_units_exponent_1': 9, 'D_layer_units_exponent_2': 4, 'D_layer_units_exponent_3': 8, 'D_layer_units_exponent_4': 10, 'log_learning_rate': -2.9229820599425187, 'log_learning_rate_D': -4.587661112079752, 'training_batch_size': 7, 'training_p': 7}. Best is trial 0 with value: 2.3792152404785156.
Time for this trial:  136.25154495239258
Memory status after this trial: 
Memory allocated:  428.6220703125
Memory cached:  452.0
--------------------  Trial  1   --------------------
Start timing: 
Parameters: 
{'W_layers': 2, 'W_layer_units_exponent_0': 4, 'W_layer_units_exponent_1': 8, 'D_layers': 5, 'D_layer_units_exponent_0': 7, 'D_layer_units_exponent_1': 8, 'D_layer_units_exponent_2': 5, 'D_layer_units_exponent_3': 8, 'D_layer_units_exponent_4': 5, 'log_learning_rate': -3.9532597572658763, 'log_learning_rate_D': -3.1139503380497247, 'training_batch_size': 7, 'training_p': 6}
	 epoch  0 training error:  tensor(1.2928, device='cuda:0', grad_fn=<DivBackward0>)
	 epoch  0 test error:  tensor(4.8717, device='cuda:0', grad_fn=<DivBackward0>)
Memory status after this epoch: 
Memory allocated:  136.74951171875
Memory cached:  192.0
	 epoch  10 training error:  tensor(0.3114, device='cuda:0', grad_fn=<DivBackward0>)
	 epoch  10 test error:  tensor(0.7566, device='cuda:0', grad_fn=<DivBackward0>)
Memory status after this epoch: 
Memory allocated:  136.79638671875
Memory cached:  286.0
	 epoch  20 training error:  tensor(0.3532, device='cuda:0', grad_fn=<DivBackward0>)
	 epoch  20 test error:  tensor(1.5837, device='cuda:0', grad_fn=<DivBackward0>)
Memory status after this epoch: 
Memory allocated:  136.74951171875
Memory cached:  286.0
	 epoch  30 training error:  tensor(0.2956, device='cuda:0', grad_fn=<DivBackward0>)
	 epoch  30 test error:  tensor(1.1161, device='cuda:0', grad_fn=<DivBackward0>)
Memory status after this epoch: 
Memory allocated:  136.79638671875
Memory cached:  286.0
	 epoch  40 training error:  tensor(0.2976, device='cuda:0', grad_fn=<DivBackward0>)
	 epoch  40 test error:  tensor(0.9782, device='cuda:0', grad_fn=<DivBackward0>)
Memory status after this epoch: 
Memory allocated:  136.74951171875
Memory cached:  288.0
	 epoch  50 training error:  tensor(0.2945, device='cuda:0', grad_fn=<DivBackward0>)
	 epoch  50 test error:  tensor(1.0034, device='cuda:0', grad_fn=<DivBackward0>)
Memory status after this epoch: 
Memory allocated:  136.79638671875
Memory cached:  288.0
	 epoch  60 training error:  tensor(0.2884, device='cuda:0', grad_fn=<DivBackward0>)
	 epoch  60 test error:  tensor(0.9440, device='cuda:0', grad_fn=<DivBackward0>)
Memory status after this epoch: 
Memory allocated:  136.74951171875
Memory cached:  290.0
	 epoch  70 training error:  tensor(0.2887, device='cuda:0', grad_fn=<DivBackward0>)
	 epoch  70 test error:  tensor(0.8956, device='cuda:0', grad_fn=<DivBackward0>)
Memory status after this epoch: 
Memory allocated:  136.79638671875
Memory cached:  292.0
	 epoch  80 training error:  tensor(0.2880, device='cuda:0', grad_fn=<DivBackward0>)
	 epoch  80 test error:  tensor(0.8710, device='cuda:0', grad_fn=<DivBackward0>)
Memory status after this epoch: 
Memory allocated:  136.74951171875
Memory cached:  288.0
	 epoch  90 training error:  tensor(0.2879, device='cuda:0', grad_fn=<DivBackward0>)
	 epoch  90 test error:  tensor(0.8845, device='cuda:0', grad_fn=<DivBackward0>)
Memory status after this epoch: 
Memory allocated:  136.79638671875
Memory cached:  290.0
[I 2023-11-16 17:30:59,054] Trial 1 finished with value: 0.9005500674247742 and parameters: {'W_layers': 2, 'W_layer_units_exponent_0': 4, 'W_layer_units_exponent_1': 8, 'D_layers': 5, 'D_layer_units_exponent_0': 7, 'D_layer_units_exponent_1': 8, 'D_layer_units_exponent_2': 5, 'D_layer_units_exponent_3': 8, 'D_layer_units_exponent_4': 5, 'log_learning_rate': -3.9532597572658763, 'log_learning_rate_D': -3.1139503380497247, 'training_batch_size': 7, 'training_p': 6}. Best is trial 1 with value: 0.9005500674247742.
Time for this trial:  117.87172245979309
Memory status after this trial: 
Memory allocated:  266.2734375
Memory cached:  288.0
--------------------  Trial  2   --------------------
Start timing: 
Parameters: 
{'W_layers': 8, 'W_layer_units_exponent_0': 10, 'W_layer_units_exponent_1': 10, 'W_layer_units_exponent_2': 5, 'W_layer_units_exponent_3': 9, 'W_layer_units_exponent_4': 10, 'W_layer_units_exponent_5': 7, 'W_layer_units_exponent_6': 5, 'W_layer_units_exponent_7': 9, 'D_layers': 6, 'D_layer_units_exponent_0': 9, 'D_layer_units_exponent_1': 5, 'D_layer_units_exponent_2': 5, 'D_layer_units_exponent_3': 6, 'D_layer_units_exponent_4': 9, 'D_layer_units_exponent_5': 6, 'log_learning_rate': -1.2339305723040819, 'log_learning_rate_D': -4.405835694124609, 'training_batch_size': 10, 'training_p': 5}
	 epoch  0 training error:  tensor(0.8853, device='cuda:0', grad_fn=<DivBackward0>)
	 epoch  0 test error:  tensor(210308.4844, device='cuda:0', grad_fn=<DivBackward0>)
Memory status after this epoch: 
Memory allocated:  405.61279296875
Memory cached:  476.0
	 epoch  10 training error:  tensor(1., device='cuda:0', grad_fn=<DivBackward0>)
	 epoch  10 test error:  tensor(5.1642, device='cuda:0', grad_fn=<DivBackward0>)
Memory status after this epoch: 
Memory allocated:  405.70654296875
Memory cached:  792.0
	 epoch  20 training error:  tensor(1., device='cuda:0', grad_fn=<DivBackward0>)
	 epoch  20 test error:  tensor(5.1642, device='cuda:0', grad_fn=<DivBackward0>)
Memory status after this epoch: 
Memory allocated:  405.61279296875
Memory cached:  792.0
	 epoch  30 training error:  tensor(1., device='cuda:0', grad_fn=<DivBackward0>)
	 epoch  30 test error:  tensor(5.1642, device='cuda:0', grad_fn=<DivBackward0>)
Memory status after this epoch: 
Memory allocated:  405.70654296875
Memory cached:  792.0
	 epoch  40 training error:  tensor(1., device='cuda:0', grad_fn=<DivBackward0>)
	 epoch  40 test error:  tensor(5.1642, device='cuda:0', grad_fn=<DivBackward0>)
Memory status after this epoch: 
Memory allocated:  405.61279296875
Memory cached:  792.0
	 epoch  50 training error:  tensor(1., device='cuda:0', grad_fn=<DivBackward0>)
	 epoch  50 test error:  tensor(5.1642, device='cuda:0', grad_fn=<DivBackward0>)
Memory status after this epoch: 
Memory allocated:  405.70654296875
Memory cached:  792.0
	 epoch  60 training error:  tensor(1., device='cuda:0', grad_fn=<DivBackward0>)
	 epoch  60 test error:  tensor(5.1642, device='cuda:0', grad_fn=<DivBackward0>)
Memory status after this epoch: 
Memory allocated:  405.61279296875
Memory cached:  792.0
	 epoch  70 training error:  tensor(1., device='cuda:0', grad_fn=<DivBackward0>)
	 epoch  70 test error:  tensor(5.1642, device='cuda:0', grad_fn=<DivBackward0>)
Memory status after this epoch: 
Memory allocated:  405.70654296875
Memory cached:  792.0
	 epoch  80 training error:  tensor(1., device='cuda:0', grad_fn=<DivBackward0>)
	 epoch  80 test error:  tensor(5.1642, device='cuda:0', grad_fn=<DivBackward0>)
Memory status after this epoch: 
Memory allocated:  405.61279296875
Memory cached:  792.0
	 epoch  90 training error:  tensor(1., device='cuda:0', grad_fn=<DivBackward0>)
	 epoch  90 test error:  tensor(5.1642, device='cuda:0', grad_fn=<DivBackward0>)
Memory status after this epoch: 
Memory allocated:  405.70654296875
Memory cached:  792.0
[I 2023-11-16 17:34:20,313] Trial 2 finished with value: 5.164222240447998 and parameters: {'W_layers': 8, 'W_layer_units_exponent_0': 10, 'W_layer_units_exponent_1': 10, 'W_layer_units_exponent_2': 5, 'W_layer_units_exponent_3': 9, 'W_layer_units_exponent_4': 10, 'W_layer_units_exponent_5': 7, 'W_layer_units_exponent_6': 5, 'W_layer_units_exponent_7': 9, 'D_layers': 6, 'D_layer_units_exponent_0': 9, 'D_layer_units_exponent_1': 5, 'D_layer_units_exponent_2': 5, 'D_layer_units_exponent_3': 6, 'D_layer_units_exponent_4': 9, 'D_layer_units_exponent_5': 6, 'log_learning_rate': -1.2339305723040819, 'log_learning_rate_D': -4.405835694124609, 'training_batch_size': 10, 'training_p': 5}. Best is trial 1 with value: 0.9005500674247742.
Time for this trial:  201.0878665447235
Memory status after this trial: 
Memory allocated:  762.6533203125
Memory cached:  792.0
--------------------  Trial  3   --------------------
Start timing: 
Parameters: 
{'W_layers': 3, 'W_layer_units_exponent_0': 6, 'W_layer_units_exponent_1': 7, 'W_layer_units_exponent_2': 5, 'D_layers': 3, 'D_layer_units_exponent_0': 5, 'D_layer_units_exponent_1': 6, 'D_layer_units_exponent_2': 9, 'log_learning_rate': -4.777894659147863, 'log_learning_rate_D': -4.244067986964868, 'training_batch_size': 11, 'training_p': 5}
	 epoch  0 training error:  tensor(2.8891, device='cuda:0', grad_fn=<DivBackward0>)
	 epoch  0 test error:  tensor(16.3312, device='cuda:0', grad_fn=<DivBackward0>)
Memory status after this epoch: 
Memory allocated:  128.48828125
Memory cached:  208.0
	 epoch  10 training error:  tensor(1.9993, device='cuda:0', grad_fn=<DivBackward0>)
	 epoch  10 test error:  tensor(11.1193, device='cuda:0', grad_fn=<DivBackward0>)
Memory status after this epoch: 
Memory allocated:  128.62890625
Memory cached:  274.0
	 epoch  20 training error:  tensor(1.1350, device='cuda:0', grad_fn=<DivBackward0>)
	 epoch  20 test error:  tensor(6.0423, device='cuda:0', grad_fn=<DivBackward0>)
Memory status after this epoch: 
Memory allocated:  128.48828125
Memory cached:  256.0
	 epoch  30 training error:  tensor(0.3752, device='cuda:0', grad_fn=<DivBackward0>)
	 epoch  30 test error:  tensor(1.4473, device='cuda:0', grad_fn=<DivBackward0>)
Memory status after this epoch: 
Memory allocated:  128.62890625
Memory cached:  254.0
	 epoch  40 training error:  tensor(0.4026, device='cuda:0', grad_fn=<DivBackward0>)
	 epoch  40 test error:  tensor(1.3887, device='cuda:0', grad_fn=<DivBackward0>)
Memory status after this epoch: 
Memory allocated:  128.62890625
Memory cached:  256.0
	 epoch  50 training error:  tensor(0.2803, device='cuda:0', grad_fn=<DivBackward0>)
	 epoch  50 test error:  tensor(0.8855, device='cuda:0', grad_fn=<DivBackward0>)
Memory status after this epoch: 
Memory allocated:  128.48828125
Memory cached:  254.0
	 epoch  60 training error:  tensor(0.2928, device='cuda:0', grad_fn=<DivBackward0>)
	 epoch  60 test error:  tensor(1.1633, device='cuda:0', grad_fn=<DivBackward0>)
Memory status after this epoch: 
Memory allocated:  128.86328125
Memory cached:  254.0
	 epoch  70 training error:  tensor(0.2804, device='cuda:0', grad_fn=<DivBackward0>)
	 epoch  70 test error:  tensor(0.7855, device='cuda:0', grad_fn=<DivBackward0>)
Memory status after this epoch: 
Memory allocated:  128.72265625
Memory cached:  254.0
	 epoch  80 training error:  tensor(0.2744, device='cuda:0', grad_fn=<DivBackward0>)
	 epoch  80 test error:  tensor(0.9375, device='cuda:0', grad_fn=<DivBackward0>)
Memory status after this epoch: 
Memory allocated:  128.86328125
Memory cached:  254.0
	 epoch  90 training error:  tensor(0.2742, device='cuda:0', grad_fn=<DivBackward0>)
	 epoch  90 test error:  tensor(0.9174, device='cuda:0', grad_fn=<DivBackward0>)
Memory status after this epoch: 
Memory allocated:  128.25390625
Memory cached:  254.0
[I 2023-11-16 17:36:10,143] Trial 3 finished with value: 0.869036853313446 and parameters: {'W_layers': 3, 'W_layer_units_exponent_0': 6, 'W_layer_units_exponent_1': 7, 'W_layer_units_exponent_2': 5, 'D_layers': 3, 'D_layer_units_exponent_0': 5, 'D_layer_units_exponent_1': 6, 'D_layer_units_exponent_2': 9, 'log_learning_rate': -4.777894659147863, 'log_learning_rate_D': -4.244067986964868, 'training_batch_size': 11, 'training_p': 5}. Best is trial 3 with value: 0.869036853313446.
Time for this trial:  109.66547465324402
Memory status after this trial: 
Memory allocated:  250.638671875
Memory cached:  254.0
--------------------  Trial  4   --------------------
Start timing: 
Parameters: 
{'W_layers': 2, 'W_layer_units_exponent_0': 10, 'W_layer_units_exponent_1': 5, 'D_layers': 4, 'D_layer_units_exponent_0': 4, 'D_layer_units_exponent_1': 8, 'D_layer_units_exponent_2': 5, 'D_layer_units_exponent_3': 10, 'log_learning_rate': -2.8809989637699385, 'log_learning_rate_D': -1.5930168060791758, 'training_batch_size': 11, 'training_p': 5}
	 epoch  0 training error:  tensor(6.3477, device='cuda:0', grad_fn=<DivBackward0>)
	 epoch  0 test error:  tensor(80.6989, device='cuda:0', grad_fn=<DivBackward0>)
Memory status after this epoch: 
Memory allocated:  211.45361328125
Memory cached:  272.0
	 epoch  10 training error:  tensor(0.9995, device='cuda:0', grad_fn=<DivBackward0>)
	 epoch  10 test error:  tensor(5.1529, device='cuda:0', grad_fn=<DivBackward0>)
Memory status after this epoch: 
Memory allocated:  212.53173828125
Memory cached:  420.0
	 epoch  20 training error:  tensor(1.0048, device='cuda:0', grad_fn=<DivBackward0>)
	 epoch  20 test error:  tensor(5.1851, device='cuda:0', grad_fn=<DivBackward0>)
Memory status after this epoch: 
Memory allocated:  211.12548828125
Memory cached:  420.0
	 epoch  30 training error:  tensor(1.0095, device='cuda:0', grad_fn=<DivBackward0>)
	 epoch  30 test error:  tensor(5.1922, device='cuda:0', grad_fn=<DivBackward0>)
Memory status after this epoch: 
Memory allocated:  212.85986328125
Memory cached:  420.0
	 epoch  40 training error:  tensor(1.0083, device='cuda:0', grad_fn=<DivBackward0>)
	 epoch  40 test error:  tensor(5.1898, device='cuda:0', grad_fn=<DivBackward0>)
Memory status after this epoch: 
Memory allocated:  211.12548828125
Memory cached:  422.0
	 epoch  50 training error:  tensor(1.0059, device='cuda:0', grad_fn=<DivBackward0>)
	 epoch  50 test error:  tensor(5.1852, device='cuda:0', grad_fn=<DivBackward0>)
Memory status after this epoch: 
Memory allocated:  212.85986328125
Memory cached:  422.0
	 epoch  60 training error:  tensor(1.0040, device='cuda:0', grad_fn=<DivBackward0>)
	 epoch  60 test error:  tensor(5.1809, device='cuda:0', grad_fn=<DivBackward0>)
Memory status after this epoch: 
Memory allocated:  211.12548828125
Memory cached:  420.0
	 epoch  70 training error:  tensor(1.0028, device='cuda:0', grad_fn=<DivBackward0>)
	 epoch  70 test error:  tensor(5.1775, device='cuda:0', grad_fn=<DivBackward0>)
Memory status after this epoch: 
Memory allocated:  212.53173828125
Memory cached:  420.0
	 epoch  80 training error:  tensor(1.0019, device='cuda:0', grad_fn=<DivBackward0>)
	 epoch  80 test error:  tensor(5.1748, device='cuda:0', grad_fn=<DivBackward0>)
Memory status after this epoch: 
Memory allocated:  211.45361328125
Memory cached:  420.0
	 epoch  90 training error:  tensor(1.0014, device='cuda:0', grad_fn=<DivBackward0>)
	 epoch  90 test error:  tensor(5.1727, device='cuda:0', grad_fn=<DivBackward0>)
Memory status after this epoch: 
Memory allocated:  212.53173828125
Memory cached:  420.0
[I 2023-11-16 17:38:10,603] Trial 4 finished with value: 5.1711249351501465 and parameters: {'W_layers': 2, 'W_layer_units_exponent_0': 10, 'W_layer_units_exponent_1': 5, 'D_layers': 4, 'D_layer_units_exponent_0': 4, 'D_layer_units_exponent_1': 8, 'D_layer_units_exponent_2': 5, 'D_layer_units_exponent_3': 10, 'log_learning_rate': -2.8809989637699385, 'log_learning_rate_D': -1.5930168060791758, 'training_batch_size': 11, 'training_p': 5}. Best is trial 3 with value: 0.869036853313446.
Time for this trial:  120.31834936141968
Memory status after this trial: 
Memory allocated:  416.244140625
Memory cached:  420.0
--------------------  Trial  5   --------------------
Start timing: 
Parameters: 
{'W_layers': 5, 'W_layer_units_exponent_0': 5, 'W_layer_units_exponent_1': 10, 'W_layer_units_exponent_2': 4, 'W_layer_units_exponent_3': 8, 'W_layer_units_exponent_4': 8, 'D_layers': 5, 'D_layer_units_exponent_0': 5, 'D_layer_units_exponent_1': 9, 'D_layer_units_exponent_2': 7, 'D_layer_units_exponent_3': 8, 'D_layer_units_exponent_4': 4, 'log_learning_rate': -1.6464356236676867, 'log_learning_rate_D': -1.9371164214454706, 'training_batch_size': 7, 'training_p': 7}
	 epoch  0 training error:  tensor(1.5087, device='cuda:0', grad_fn=<DivBackward0>)
	 epoch  0 test error:  tensor(5051.1611, device='cuda:0', grad_fn=<DivBackward0>)
Memory status after this epoch: 
Memory allocated:  222.52978515625
Memory cached:  282.0
	 epoch  10 training error:  tensor(1., device='cuda:0', grad_fn=<DivBackward0>)
	 epoch  10 test error:  tensor(5.1642, device='cuda:0', grad_fn=<DivBackward0>)
Memory status after this epoch: 
Memory allocated:  222.38916015625
Memory cached:  438.0
	 epoch  20 training error:  tensor(1., device='cuda:0', grad_fn=<DivBackward0>)
	 epoch  20 test error:  tensor(5.1642, device='cuda:0', grad_fn=<DivBackward0>)
Memory status after this epoch: 
Memory allocated:  222.52978515625
Memory cached:  438.0
	 epoch  30 training error:  tensor(1., device='cuda:0', grad_fn=<DivBackward0>)
	 epoch  30 test error:  tensor(5.1642, device='cuda:0', grad_fn=<DivBackward0>)
Memory status after this epoch: 
Memory allocated:  222.38916015625
Memory cached:  438.0
	 epoch  40 training error:  tensor(1., device='cuda:0', grad_fn=<DivBackward0>)
	 epoch  40 test error:  tensor(5.1642, device='cuda:0', grad_fn=<DivBackward0>)
Memory status after this epoch: 
Memory allocated:  222.52978515625
Memory cached:  440.0
	 epoch  50 training error:  tensor(1., device='cuda:0', grad_fn=<DivBackward0>)
	 epoch  50 test error:  tensor(5.1642, device='cuda:0', grad_fn=<DivBackward0>)
Memory status after this epoch: 
Memory allocated:  222.38916015625
Memory cached:  442.0
	 epoch  60 training error:  tensor(1., device='cuda:0', grad_fn=<DivBackward0>)
	 epoch  60 test error:  tensor(5.1642, device='cuda:0', grad_fn=<DivBackward0>)
Memory status after this epoch: 
Memory allocated:  222.06103515625
Memory cached:  440.0
	 epoch  70 training error:  tensor(1., device='cuda:0', grad_fn=<DivBackward0>)
	 epoch  70 test error:  tensor(5.1642, device='cuda:0', grad_fn=<DivBackward0>)
Memory status after this epoch: 
Memory allocated:  222.85791015625
Memory cached:  440.0
	 epoch  80 training error:  tensor(1., device='cuda:0', grad_fn=<DivBackward0>)
	 epoch  80 test error:  tensor(5.1642, device='cuda:0', grad_fn=<DivBackward0>)
Memory status after this epoch: 
Memory allocated:  221.59228515625
Memory cached:  438.0
	 epoch  90 training error:  tensor(1., device='cuda:0', grad_fn=<DivBackward0>)
	 epoch  90 test error:  tensor(5.1642, device='cuda:0', grad_fn=<DivBackward0>)
Memory status after this epoch: 
Memory allocated:  222.85791015625
Memory cached:  438.0
