[I 2023-11-16 20:44:55,927] Trial 15 finished with value: 0.9153143763542175 and parameters: {'W_layers': 6, 'W_layer_units_exponent_0': 6, 'W_layer_units_exponent_1': 9, 'W_layer_units_exponent_2': 8, 'W_layer_units_exponent_3': 8, 'W_layer_units_exponent_4': 7, 'W_layer_units_exponent_5': 6, 'D_layers': 4, 'D_layer_units_exponent_0': 8, 'D_layer_units_exponent_1': 6, 'D_layer_units_exponent_2': 5, 'D_layer_units_exponent_3': 6, 'log_learning_rate': -3.926336479825082, 'log_learning_rate_D': -3.7943056295785738, 'training_batch_size': 7, 'training_p': 4}. Best is trial 5 with value: 0.7917489409446716.
Time for this trial:  149.6657588481903
Memory status after this trial: 
Memory allocated:  345.0439453125
Memory cached:  376.0
--------------------  Trial  16   --------------------
Start timing: 
Parameters: 
{'W_layers': 7, 'W_layer_units_exponent_0': 9, 'W_layer_units_exponent_1': 6, 'W_layer_units_exponent_2': 10, 'W_layer_units_exponent_3': 6, 'W_layer_units_exponent_4': 6, 'W_layer_units_exponent_5': 9, 'W_layer_units_exponent_6': 4, 'D_layers': 5, 'D_layer_units_exponent_0': 10, 'D_layer_units_exponent_1': 9, 'D_layer_units_exponent_2': 8, 'D_layer_units_exponent_3': 8, 'D_layer_units_exponent_4': 6, 'log_learning_rate': -4.406852524107746, 'log_learning_rate_D': -3.1006681193229295, 'training_batch_size': 7, 'training_p': 2}
	 epoch  0 training error:  tensor(1.0409, device='cuda:0', grad_fn=<DivBackward0>)
	 epoch  0 test error:  tensor(4.2893, device='cuda:0', grad_fn=<DivBackward0>)
Memory status after this epoch: 
Memory allocated:  331.59619140625
Memory cached:  402.0
	 epoch  10 training error:  tensor(0.3325, device='cuda:0', grad_fn=<DivBackward0>)
	 epoch  10 test error:  tensor(1.7501, device='cuda:0', grad_fn=<DivBackward0>)
Memory status after this epoch: 
Memory allocated:  330.75244140625
Memory cached:  656.0
	 epoch  20 training error:  tensor(0.2216, device='cuda:0', grad_fn=<DivBackward0>)
	 epoch  20 test error:  tensor(0.8611, device='cuda:0', grad_fn=<DivBackward0>)
Memory status after this epoch: 
Memory allocated:  331.54931640625
Memory cached:  656.0
	 epoch  30 training error:  tensor(0.2127, device='cuda:0', grad_fn=<DivBackward0>)
	 epoch  30 test error:  tensor(1.0235, device='cuda:0', grad_fn=<DivBackward0>)
Memory status after this epoch: 
Memory allocated:  330.37744140625
Memory cached:  656.0
	 epoch  40 training error:  tensor(0.2031, device='cuda:0', grad_fn=<DivBackward0>)
	 epoch  40 test error:  tensor(0.7432, device='cuda:0', grad_fn=<DivBackward0>)
Memory status after this epoch: 
Memory allocated:  331.87744140625
Memory cached:  656.0
	 epoch  50 training error:  tensor(0.1965, device='cuda:0', grad_fn=<DivBackward0>)
	 epoch  50 test error:  tensor(0.8149, device='cuda:0', grad_fn=<DivBackward0>)
Memory status after this epoch: 
Memory allocated:  330.37744140625
Memory cached:  656.0
	 epoch  60 training error:  tensor(0.1942, device='cuda:0', grad_fn=<DivBackward0>)
	 epoch  60 test error:  tensor(0.8186, device='cuda:0', grad_fn=<DivBackward0>)
Memory status after this epoch: 
Memory allocated:  331.87744140625
Memory cached:  656.0
	 epoch  70 training error:  tensor(0.1917, device='cuda:0', grad_fn=<DivBackward0>)
	 epoch  70 test error:  tensor(0.8041, device='cuda:0', grad_fn=<DivBackward0>)
Memory status after this epoch: 
Memory allocated:  330.37744140625
Memory cached:  656.0
	 epoch  80 training error:  tensor(0.1897, device='cuda:0', grad_fn=<DivBackward0>)
	 epoch  80 test error:  tensor(0.8044, device='cuda:0', grad_fn=<DivBackward0>)
Memory status after this epoch: 
Memory allocated:  331.87744140625
Memory cached:  658.0
	 epoch  90 training error:  tensor(0.1882, device='cuda:0', grad_fn=<DivBackward0>)
	 epoch  90 test error:  tensor(0.8230, device='cuda:0', grad_fn=<DivBackward0>)
Memory status after this epoch: 
Memory allocated:  330.37744140625
Memory cached:  658.0
[I 2023-11-16 20:47:58,373] Trial 16 finished with value: 0.836474597454071 and parameters: {'W_layers': 7, 'W_layer_units_exponent_0': 9, 'W_layer_units_exponent_1': 6, 'W_layer_units_exponent_2': 10, 'W_layer_units_exponent_3': 6, 'W_layer_units_exponent_4': 6, 'W_layer_units_exponent_5': 9, 'W_layer_units_exponent_6': 4, 'D_layers': 5, 'D_layer_units_exponent_0': 10, 'D_layer_units_exponent_1': 9, 'D_layer_units_exponent_2': 8, 'D_layer_units_exponent_3': 8, 'D_layer_units_exponent_4': 6, 'log_learning_rate': -4.406852524107746, 'log_learning_rate_D': -3.1006681193229295, 'training_batch_size': 7, 'training_p': 2}. Best is trial 5 with value: 0.7917489409446716.
Time for this trial:  182.16179490089417
Memory status after this trial: 
Memory allocated:  634.2041015625
Memory cached:  658.0
--------------------  Trial  17   --------------------
Start timing: 
Parameters: 
{'W_layers': 4, 'W_layer_units_exponent_0': 6, 'W_layer_units_exponent_1': 9, 'W_layer_units_exponent_2': 9, 'W_layer_units_exponent_3': 9, 'D_layers': 3, 'D_layer_units_exponent_0': 4, 'D_layer_units_exponent_1': 6, 'D_layer_units_exponent_2': 4, 'log_learning_rate': -3.573386078077494, 'log_learning_rate_D': -2.706538738229403, 'training_batch_size': 12, 'training_p': 3}
	 epoch  0 training error:  tensor(1.5203, device='cuda:0', grad_fn=<DivBackward0>)
	 epoch  0 test error:  tensor(49.4779, device='cuda:0', grad_fn=<DivBackward0>)
Memory status after this epoch: 
Memory allocated:  183.07177734375
Memory cached:  262.0
	 epoch  10 training error:  tensor(2.0991, device='cuda:0', grad_fn=<DivBackward0>)
	 epoch  10 test error:  tensor(6.7484, device='cuda:0', grad_fn=<DivBackward0>)
Memory status after this epoch: 
Memory allocated:  184.10302734375
Memory cached:  376.0
	 epoch  20 training error:  tensor(0.5027, device='cuda:0', grad_fn=<DivBackward0>)
	 epoch  20 test error:  tensor(2.9080, device='cuda:0', grad_fn=<DivBackward0>)
Memory status after this epoch: 
Memory allocated:  183.39990234375
Memory cached:  376.0
	 epoch  30 training error:  tensor(0.3160, device='cuda:0', grad_fn=<DivBackward0>)
	 epoch  30 test error:  tensor(1.7673, device='cuda:0', grad_fn=<DivBackward0>)
Memory status after this epoch: 
Memory allocated:  184.14990234375
Memory cached:  376.0
	 epoch  40 training error:  tensor(0.2489, device='cuda:0', grad_fn=<DivBackward0>)
	 epoch  40 test error:  tensor(0.9956, device='cuda:0', grad_fn=<DivBackward0>)
Memory status after this epoch: 
Memory allocated:  183.02490234375
Memory cached:  376.0
	 epoch  50 training error:  tensor(0.2333, device='cuda:0', grad_fn=<DivBackward0>)
	 epoch  50 test error:  tensor(0.8371, device='cuda:0', grad_fn=<DivBackward0>)
Memory status after this epoch: 
Memory allocated:  184.47802734375
Memory cached:  376.0
	 epoch  60 training error:  tensor(0.2189, device='cuda:0', grad_fn=<DivBackward0>)
	 epoch  60 test error:  tensor(0.8184, device='cuda:0', grad_fn=<DivBackward0>)
Memory status after this epoch: 
Memory allocated:  183.02490234375
Memory cached:  376.0
	 epoch  70 training error:  tensor(0.2193, device='cuda:0', grad_fn=<DivBackward0>)
	 epoch  70 test error:  tensor(0.8547, device='cuda:0', grad_fn=<DivBackward0>)
Memory status after this epoch: 
Memory allocated:  184.14990234375
Memory cached:  376.0
	 epoch  80 training error:  tensor(0.2182, device='cuda:0', grad_fn=<DivBackward0>)
	 epoch  80 test error:  tensor(0.8671, device='cuda:0', grad_fn=<DivBackward0>)
Memory status after this epoch: 
Memory allocated:  183.30615234375
Memory cached:  376.0
	 epoch  90 training error:  tensor(0.2175, device='cuda:0', grad_fn=<DivBackward0>)
	 epoch  90 test error:  tensor(0.8638, device='cuda:0', grad_fn=<DivBackward0>)
Memory status after this epoch: 
Memory allocated:  184.14990234375
Memory cached:  376.0
[I 2023-11-16 20:50:01,843] Trial 17 finished with value: 0.8683969378471375 and parameters: {'W_layers': 4, 'W_layer_units_exponent_0': 6, 'W_layer_units_exponent_1': 9, 'W_layer_units_exponent_2': 9, 'W_layer_units_exponent_3': 9, 'D_layers': 3, 'D_layer_units_exponent_0': 4, 'D_layer_units_exponent_1': 6, 'D_layer_units_exponent_2': 4, 'log_learning_rate': -3.573386078077494, 'log_learning_rate_D': -2.706538738229403, 'training_batch_size': 12, 'training_p': 3}. Best is trial 5 with value: 0.7917489409446716.
Time for this trial:  123.2372317314148
Memory status after this trial: 
Memory allocated:  348.390625
Memory cached:  376.0
--------------------  Trial  18   --------------------
Start timing: 
Parameters: 
{'W_layers': 7, 'W_layer_units_exponent_0': 5, 'W_layer_units_exponent_1': 7, 'W_layer_units_exponent_2': 4, 'W_layer_units_exponent_3': 6, 'W_layer_units_exponent_4': 9, 'W_layer_units_exponent_5': 6, 'W_layer_units_exponent_6': 6, 'D_layers': 2, 'D_layer_units_exponent_0': 7, 'D_layer_units_exponent_1': 7, 'log_learning_rate': -4.4649366920570746, 'log_learning_rate_D': -4.481251895441371, 'training_batch_size': 9, 'training_p': 6}
	 epoch  0 training error:  tensor(1.1103, device='cuda:0', grad_fn=<DivBackward0>)
	 epoch  0 test error:  tensor(5.6542, device='cuda:0', grad_fn=<DivBackward0>)
Memory status after this epoch: 
Memory allocated:  146.49169921875
Memory cached:  232.0
	 epoch  10 training error:  tensor(0.8006, device='cuda:0', grad_fn=<DivBackward0>)
	 epoch  10 test error:  tensor(3.6938, device='cuda:0', grad_fn=<DivBackward0>)
Memory status after this epoch: 
Memory allocated:  146.49169921875
Memory cached:  308.0
	 epoch  20 training error:  tensor(0.4781, device='cuda:0', grad_fn=<DivBackward0>)
	 epoch  20 test error:  tensor(1.5179, device='cuda:0', grad_fn=<DivBackward0>)
Memory status after this epoch: 
Memory allocated:  146.49169921875
Memory cached:  308.0
	 epoch  30 training error:  tensor(0.3201, device='cuda:0', grad_fn=<DivBackward0>)
	 epoch  30 test error:  tensor(1.4095, device='cuda:0', grad_fn=<DivBackward0>)
Memory status after this epoch: 
Memory allocated:  146.49169921875
Memory cached:  308.0
	 epoch  40 training error:  tensor(0.2997, device='cuda:0', grad_fn=<DivBackward0>)
	 epoch  40 test error:  tensor(0.9917, device='cuda:0', grad_fn=<DivBackward0>)
Memory status after this epoch: 
Memory allocated:  146.49169921875
Memory cached:  308.0
	 epoch  50 training error:  tensor(0.3050, device='cuda:0', grad_fn=<DivBackward0>)
	 epoch  50 test error:  tensor(0.7752, device='cuda:0', grad_fn=<DivBackward0>)
Memory status after this epoch: 
Memory allocated:  146.02294921875
Memory cached:  308.0
	 epoch  60 training error:  tensor(0.2951, device='cuda:0', grad_fn=<DivBackward0>)
	 epoch  60 test error:  tensor(0.9975, device='cuda:0', grad_fn=<DivBackward0>)
Memory status after this epoch: 
Memory allocated:  146.96044921875
Memory cached:  308.0
	 epoch  70 training error:  tensor(0.2942, device='cuda:0', grad_fn=<DivBackward0>)
	 epoch  70 test error:  tensor(0.9184, device='cuda:0', grad_fn=<DivBackward0>)
Memory status after this epoch: 
Memory allocated:  146.02294921875
Memory cached:  308.0
	 epoch  80 training error:  tensor(0.2943, device='cuda:0', grad_fn=<DivBackward0>)
	 epoch  80 test error:  tensor(0.8900, device='cuda:0', grad_fn=<DivBackward0>)
Memory status after this epoch: 
Memory allocated:  146.58544921875
Memory cached:  308.0
	 epoch  90 training error:  tensor(0.2940, device='cuda:0', grad_fn=<DivBackward0>)
	 epoch  90 test error:  tensor(0.9399, device='cuda:0', grad_fn=<DivBackward0>)
Memory status after this epoch: 
Memory allocated:  145.92919921875
Memory cached:  310.0
[I 2023-11-16 20:52:15,415] Trial 18 finished with value: 0.903101921081543 and parameters: {'W_layers': 7, 'W_layer_units_exponent_0': 5, 'W_layer_units_exponent_1': 7, 'W_layer_units_exponent_2': 4, 'W_layer_units_exponent_3': 6, 'W_layer_units_exponent_4': 9, 'W_layer_units_exponent_5': 6, 'W_layer_units_exponent_6': 6, 'D_layers': 2, 'D_layer_units_exponent_0': 7, 'D_layer_units_exponent_1': 7, 'log_learning_rate': -4.4649366920570746, 'log_learning_rate_D': -4.481251895441371, 'training_batch_size': 9, 'training_p': 6}. Best is trial 5 with value: 0.7917489409446716.
Time for this trial:  133.34877061843872
Memory status after this trial: 
Memory allocated:  284.1337890625
Memory cached:  312.0
--------------------  Trial  19   --------------------
Start timing: 
Parameters: 
{'W_layers': 4, 'W_layer_units_exponent_0': 9, 'W_layer_units_exponent_1': 8, 'W_layer_units_exponent_2': 7, 'W_layer_units_exponent_3': 4, 'D_layers': 7, 'D_layer_units_exponent_0': 9, 'D_layer_units_exponent_1': 10, 'D_layer_units_exponent_2': 6, 'D_layer_units_exponent_3': 5, 'D_layer_units_exponent_4': 7, 'D_layer_units_exponent_5': 4, 'D_layer_units_exponent_6': 10, 'log_learning_rate': -3.1938465437612336, 'log_learning_rate_D': -3.702217208726797, 'training_batch_size': 10, 'training_p': 4}
	 epoch  0 training error:  tensor(1.9863, device='cuda:0', grad_fn=<DivBackward0>)
	 epoch  0 test error:  tensor(48.9458, device='cuda:0', grad_fn=<DivBackward0>)
Memory status after this epoch: 
Memory allocated:  293.30517578125
Memory cached:  364.0
	 epoch  10 training error:  tensor(0.9905, device='cuda:0', grad_fn=<DivBackward0>)
	 epoch  10 test error:  tensor(3.0503, device='cuda:0', grad_fn=<DivBackward0>)
Memory status after this epoch: 
Memory allocated:  293.53955078125
Memory cached:  584.0
	 epoch  20 training error:  tensor(0.2689, device='cuda:0', grad_fn=<DivBackward0>)
	 epoch  20 test error:  tensor(1.0467, device='cuda:0', grad_fn=<DivBackward0>)
Memory status after this epoch: 
Memory allocated:  293.21142578125
Memory cached:  584.0
	 epoch  30 training error:  tensor(0.3199, device='cuda:0', grad_fn=<DivBackward0>)
	 epoch  30 test error:  tensor(1.0540, device='cuda:0', grad_fn=<DivBackward0>)
Memory status after this epoch: 
Memory allocated:  293.53955078125
Memory cached:  584.0
	 epoch  40 training error:  tensor(0.2557, device='cuda:0', grad_fn=<DivBackward0>)
	 epoch  40 test error:  tensor(0.9544, device='cuda:0', grad_fn=<DivBackward0>)
Memory status after this epoch: 
Memory allocated:  293.16455078125
Memory cached:  584.0
	 epoch  50 training error:  tensor(0.2559, device='cuda:0', grad_fn=<DivBackward0>)
	 epoch  50 test error:  tensor(1.0467, device='cuda:0', grad_fn=<DivBackward0>)
Memory status after this epoch: 
Memory allocated:  293.53955078125
Memory cached:  584.0
	 epoch  60 training error:  tensor(0.2476, device='cuda:0', grad_fn=<DivBackward0>)
	 epoch  60 test error:  tensor(0.8574, device='cuda:0', grad_fn=<DivBackward0>)
Memory status after this epoch: 
Memory allocated:  293.16455078125
Memory cached:  584.0
	 epoch  70 training error:  tensor(0.2478, device='cuda:0', grad_fn=<DivBackward0>)
	 epoch  70 test error:  tensor(0.9037, device='cuda:0', grad_fn=<DivBackward0>)
Memory status after this epoch: 
Memory allocated:  293.53955078125
Memory cached:  584.0
	 epoch  80 training error:  tensor(0.2471, device='cuda:0', grad_fn=<DivBackward0>)
	 epoch  80 test error:  tensor(0.9351, device='cuda:0', grad_fn=<DivBackward0>)
Memory status after this epoch: 
Memory allocated:  293.16455078125
Memory cached:  584.0
	 epoch  90 training error:  tensor(0.2466, device='cuda:0', grad_fn=<DivBackward0>)
	 epoch  90 test error:  tensor(0.9154, device='cuda:0', grad_fn=<DivBackward0>)
Memory status after this epoch: 
Memory allocated:  293.53955078125
Memory cached:  586.0
[I 2023-11-16 20:55:05,594] Trial 19 finished with value: 0.9230735898017883 and parameters: {'W_layers': 4, 'W_layer_units_exponent_0': 9, 'W_layer_units_exponent_1': 8, 'W_layer_units_exponent_2': 7, 'W_layer_units_exponent_3': 4, 'D_layers': 7, 'D_layer_units_exponent_0': 9, 'D_layer_units_exponent_1': 10, 'D_layer_units_exponent_2': 6, 'D_layer_units_exponent_3': 5, 'D_layer_units_exponent_4': 7, 'D_layer_units_exponent_5': 4, 'D_layer_units_exponent_6': 10, 'log_learning_rate': -3.1938465437612336, 'log_learning_rate_D': -3.702217208726797, 'training_batch_size': 10, 'training_p': 4}. Best is trial 5 with value: 0.7917489409446716.
Time for this trial:  169.93061566352844
Memory status after this trial: 
Memory allocated:  562.4677734375
Memory cached:  584.0
--------------------  Trial  20   --------------------
Start timing: 
Parameters: 
{'W_layers': 5, 'W_layer_units_exponent_0': 4, 'W_layer_units_exponent_1': 7, 'W_layer_units_exponent_2': 8, 'W_layer_units_exponent_3': 8, 'W_layer_units_exponent_4': 4, 'D_layers': 5, 'D_layer_units_exponent_0': 6, 'D_layer_units_exponent_1': 8, 'D_layer_units_exponent_2': 8, 'D_layer_units_exponent_3': 8, 'D_layer_units_exponent_4': 5, 'log_learning_rate': -3.847082621820885, 'log_learning_rate_D': -3.9294013294886883, 'training_batch_size': 8, 'training_p': 2}
	 epoch  0 training error:  tensor(0.5508, device='cuda:0', grad_fn=<DivBackward0>)
	 epoch  0 test error:  tensor(1.1809, device='cuda:0', grad_fn=<DivBackward0>)
Memory status after this epoch: 
Memory allocated:  170.4853515625
Memory cached:  248.0
	 epoch  10 training error:  tensor(0.2290, device='cuda:0', grad_fn=<DivBackward0>)
	 epoch  10 test error:  tensor(0.8457, device='cuda:0', grad_fn=<DivBackward0>)
Memory status after this epoch: 
Memory allocated:  169.5478515625
Memory cached:  352.0
	 epoch  20 training error:  tensor(0.2021, device='cuda:0', grad_fn=<DivBackward0>)
	 epoch  20 test error:  tensor(0.7445, device='cuda:0', grad_fn=<DivBackward0>)
Memory status after this epoch: 
Memory allocated:  170.8134765625
Memory cached:  352.0
	 epoch  30 training error:  tensor(0.1913, device='cuda:0', grad_fn=<DivBackward0>)
	 epoch  30 test error:  tensor(0.8441, device='cuda:0', grad_fn=<DivBackward0>)
Memory status after this epoch: 
Memory allocated:  169.6884765625
Memory cached:  352.0
	 epoch  40 training error:  tensor(0.1899, device='cuda:0', grad_fn=<DivBackward0>)
	 epoch  40 test error:  tensor(0.8778, device='cuda:0', grad_fn=<DivBackward0>)
Memory status after this epoch: 
Memory allocated:  170.3447265625
Memory cached:  354.0
	 epoch  50 training error:  tensor(0.1887, device='cuda:0', grad_fn=<DivBackward0>)
	 epoch  50 test error:  tensor(0.8534, device='cuda:0', grad_fn=<DivBackward0>)
Memory status after this epoch: 
Memory allocated:  169.8291015625
Memory cached:  352.0
	 epoch  60 training error:  tensor(0.1880, device='cuda:0', grad_fn=<DivBackward0>)
	 epoch  60 test error:  tensor(0.8528, device='cuda:0', grad_fn=<DivBackward0>)
Memory status after this epoch: 
Memory allocated:  170.6259765625
Memory cached:  352.0
	 epoch  70 training error:  tensor(0.1876, device='cuda:0', grad_fn=<DivBackward0>)
	 epoch  70 test error:  tensor(0.8565, device='cuda:0', grad_fn=<DivBackward0>)
Memory status after this epoch: 
Memory allocated:  169.8291015625
Memory cached:  354.0
	 epoch  80 training error:  tensor(0.1875, device='cuda:0', grad_fn=<DivBackward0>)
	 epoch  80 test error:  tensor(0.8438, device='cuda:0', grad_fn=<DivBackward0>)
Memory status after this epoch: 
Memory allocated:  170.2978515625
Memory cached:  356.0
	 epoch  90 training error:  tensor(0.1874, device='cuda:0', grad_fn=<DivBackward0>)
	 epoch  90 test error:  tensor(0.8528, device='cuda:0', grad_fn=<DivBackward0>)
Memory status after this epoch: 
Memory allocated:  170.0634765625
Memory cached:  354.0
