[I 2023-11-10 11:56:42,789] Trial 6 finished with value: 0.07248194515705109 and parameters: {'W_layers': 8, 'W_layer_units_exponent_0': 8, 'W_layer_units_exponent_1': 10, 'W_layer_units_exponent_2': 8, 'W_layer_units_exponent_3': 7, 'W_layer_units_exponent_4': 5, 'W_layer_units_exponent_5': 6, 'W_layer_units_exponent_6': 8, 'W_layer_units_exponent_7': 10, 'D_layers': 7, 'D_layer_units_exponent_0': 5, 'D_layer_units_exponent_1': 9, 'D_layer_units_exponent_2': 9, 'D_layer_units_exponent_3': 8, 'D_layer_units_exponent_4': 8, 'D_layer_units_exponent_5': 7, 'D_layer_units_exponent_6': 7, 'log_learning_rate': -1.202605704781441, 'log_learning_rate_D': -2.00518828743861, 'training_batch_size': 6, 'training_p': 6}. Best is trial 4 with value: 0.03828228637576103.
Time for this trial:  360.81482553482056
Memory status after this trial: 
Memory allocated:  1037.55908203125
Memory cached:  1052.0
--------------------  Trial  7   --------------------
Start timing: 
Parameters: 
{'W_layers': 3, 'W_layer_units_exponent_0': 5, 'W_layer_units_exponent_1': 7, 'W_layer_units_exponent_2': 6, 'D_layers': 7, 'D_layer_units_exponent_0': 9, 'D_layer_units_exponent_1': 8, 'D_layer_units_exponent_2': 4, 'D_layer_units_exponent_3': 10, 'D_layer_units_exponent_4': 8, 'D_layer_units_exponent_5': 9, 'D_layer_units_exponent_6': 9, 'log_learning_rate': -1.1237698554836544, 'log_learning_rate_D': -2.51722972705529, 'training_batch_size': 12, 'training_p': 6}
	 epoch  0 training error:  tensor(11.7650, device='cuda:0', grad_fn=<DivBackward0>)
	 epoch  0 test error:  tensor(7.4274, device='cuda:0', grad_fn=<DivBackward0>)
Memory status after this epoch: 
Memory allocated:  449.63037109375
Memory cached:  690.0
	 epoch  10 training error:  tensor(1., device='cuda:0', grad_fn=<DivBackward0>)
	 epoch  10 test error:  tensor(0.0725, device='cuda:0', grad_fn=<DivBackward0>)
Memory status after this epoch: 
Memory allocated:  449.02099609375
Memory cached:  876.0
	 epoch  20 training error:  tensor(1., device='cuda:0', grad_fn=<DivBackward0>)
	 epoch  20 test error:  tensor(0.0725, device='cuda:0', grad_fn=<DivBackward0>)
Memory status after this epoch: 
Memory allocated:  449.63037109375
Memory cached:  876.0
	 epoch  30 training error:  tensor(1., device='cuda:0', grad_fn=<DivBackward0>)
	 epoch  30 test error:  tensor(0.0725, device='cuda:0', grad_fn=<DivBackward0>)
Memory status after this epoch: 
Memory allocated:  449.02099609375
Memory cached:  876.0
	 epoch  40 training error:  tensor(1., device='cuda:0', grad_fn=<DivBackward0>)
	 epoch  40 test error:  tensor(0.0725, device='cuda:0', grad_fn=<DivBackward0>)
Memory status after this epoch: 
Memory allocated:  449.16162109375
Memory cached:  876.0
	 epoch  50 training error:  tensor(1., device='cuda:0', grad_fn=<DivBackward0>)
	 epoch  50 test error:  tensor(0.0725, device='cuda:0', grad_fn=<DivBackward0>)
Memory status after this epoch: 
Memory allocated:  449.48974609375
Memory cached:  876.0
	 epoch  60 training error:  tensor(1., device='cuda:0', grad_fn=<DivBackward0>)
	 epoch  60 test error:  tensor(0.0725, device='cuda:0', grad_fn=<DivBackward0>)
Memory status after this epoch: 
Memory allocated:  449.16162109375
Memory cached:  876.0
	 epoch  70 training error:  tensor(1., device='cuda:0', grad_fn=<DivBackward0>)
	 epoch  70 test error:  tensor(0.0725, device='cuda:0', grad_fn=<DivBackward0>)
Memory status after this epoch: 
Memory allocated:  449.48974609375
Memory cached:  878.0
	 epoch  80 training error:  tensor(1., device='cuda:0', grad_fn=<DivBackward0>)
	 epoch  80 test error:  tensor(0.0725, device='cuda:0', grad_fn=<DivBackward0>)
Memory status after this epoch: 
Memory allocated:  449.16162109375
Memory cached:  878.0
	 epoch  90 training error:  tensor(1., device='cuda:0', grad_fn=<DivBackward0>)
	 epoch  90 test error:  tensor(0.0725, device='cuda:0', grad_fn=<DivBackward0>)
Memory status after this epoch: 
Memory allocated:  449.48974609375
Memory cached:  878.0
[I 2023-11-10 11:59:23,212] Trial 7 finished with value: 0.07248195260763168 and parameters: {'W_layers': 3, 'W_layer_units_exponent_0': 5, 'W_layer_units_exponent_1': 7, 'W_layer_units_exponent_2': 6, 'D_layers': 7, 'D_layer_units_exponent_0': 9, 'D_layer_units_exponent_1': 8, 'D_layer_units_exponent_2': 4, 'D_layer_units_exponent_3': 10, 'D_layer_units_exponent_4': 8, 'D_layer_units_exponent_5': 9, 'D_layer_units_exponent_6': 9, 'log_learning_rate': -1.1237698554836544, 'log_learning_rate_D': -2.51722972705529, 'training_batch_size': 12, 'training_p': 6}. Best is trial 4 with value: 0.03828228637576103.
Time for this trial:  160.20432472229004
Memory status after this trial: 
Memory allocated:  866.58740234375
Memory cached:  876.0
--------------------  Trial  8   --------------------
Start timing: 
Parameters: 
{'W_layers': 6, 'W_layer_units_exponent_0': 5, 'W_layer_units_exponent_1': 6, 'W_layer_units_exponent_2': 6, 'W_layer_units_exponent_3': 5, 'W_layer_units_exponent_4': 4, 'W_layer_units_exponent_5': 6, 'D_layers': 7, 'D_layer_units_exponent_0': 9, 'D_layer_units_exponent_1': 7, 'D_layer_units_exponent_2': 8, 'D_layer_units_exponent_3': 7, 'D_layer_units_exponent_4': 10, 'D_layer_units_exponent_5': 6, 'D_layer_units_exponent_6': 8, 'log_learning_rate': -2.1079278913355157, 'log_learning_rate_D': -3.4698520535797637, 'training_batch_size': 7, 'training_p': 3}
	 epoch  0 training error:  tensor(1.1519, device='cuda:0', grad_fn=<DivBackward0>)
	 epoch  0 test error:  tensor(0.5703, device='cuda:0', grad_fn=<DivBackward0>)
Memory status after this epoch: 
Memory allocated:  406.8759765625
Memory cached:  648.0
	 epoch  10 training error:  tensor(1.0280, device='cuda:0', grad_fn=<DivBackward0>)
	 epoch  10 test error:  tensor(0.0740, device='cuda:0', grad_fn=<DivBackward0>)
Memory status after this epoch: 
Memory allocated:  406.0791015625
Memory cached:  798.0
	 epoch  20 training error:  tensor(0.6221, device='cuda:0', grad_fn=<DivBackward0>)
	 epoch  20 test error:  tensor(0.0481, device='cuda:0', grad_fn=<DivBackward0>)
Memory status after this epoch: 
Memory allocated:  407.3447265625
Memory cached:  798.0
	 epoch  30 training error:  tensor(0.5543, device='cuda:0', grad_fn=<DivBackward0>)
	 epoch  30 test error:  tensor(0.0405, device='cuda:0', grad_fn=<DivBackward0>)
Memory status after this epoch: 
Memory allocated:  406.0791015625
Memory cached:  798.0
	 epoch  40 training error:  tensor(0.5173, device='cuda:0', grad_fn=<DivBackward0>)
	 epoch  40 test error:  tensor(0.0416, device='cuda:0', grad_fn=<DivBackward0>)
Memory status after this epoch: 
Memory allocated:  407.3447265625
Memory cached:  798.0
	 epoch  50 training error:  tensor(0.5035, device='cuda:0', grad_fn=<DivBackward0>)
	 epoch  50 test error:  tensor(0.0407, device='cuda:0', grad_fn=<DivBackward0>)
Memory status after this epoch: 
Memory allocated:  406.0791015625
Memory cached:  798.0
	 epoch  60 training error:  tensor(0.4983, device='cuda:0', grad_fn=<DivBackward0>)
	 epoch  60 test error:  tensor(0.0394, device='cuda:0', grad_fn=<DivBackward0>)
Memory status after this epoch: 
Memory allocated:  407.3447265625
Memory cached:  800.0
	 epoch  70 training error:  tensor(0.4964, device='cuda:0', grad_fn=<DivBackward0>)
	 epoch  70 test error:  tensor(0.0388, device='cuda:0', grad_fn=<DivBackward0>)
Memory status after this epoch: 
Memory allocated:  406.0791015625
Memory cached:  802.0
	 epoch  80 training error:  tensor(0.4951, device='cuda:0', grad_fn=<DivBackward0>)
	 epoch  80 test error:  tensor(0.0382, device='cuda:0', grad_fn=<DivBackward0>)
Memory status after this epoch: 
Memory allocated:  407.3447265625
Memory cached:  800.0
	 epoch  90 training error:  tensor(0.4945, device='cuda:0', grad_fn=<DivBackward0>)
	 epoch  90 test error:  tensor(0.0379, device='cuda:0', grad_fn=<DivBackward0>)
Memory status after this epoch: 
Memory allocated:  406.0791015625
Memory cached:  798.0
[I 2023-11-10 12:02:23,630] Trial 8 finished with value: 0.03806528449058533 and parameters: {'W_layers': 6, 'W_layer_units_exponent_0': 5, 'W_layer_units_exponent_1': 6, 'W_layer_units_exponent_2': 6, 'W_layer_units_exponent_3': 5, 'W_layer_units_exponent_4': 4, 'W_layer_units_exponent_5': 6, 'D_layers': 7, 'D_layer_units_exponent_0': 9, 'D_layer_units_exponent_1': 7, 'D_layer_units_exponent_2': 8, 'D_layer_units_exponent_3': 7, 'D_layer_units_exponent_4': 10, 'D_layer_units_exponent_5': 6, 'D_layer_units_exponent_6': 8, 'log_learning_rate': -2.1079278913355157, 'log_learning_rate_D': -3.4698520535797637, 'training_batch_size': 7, 'training_p': 3}. Best is trial 8 with value: 0.03806528449058533.
Time for this trial:  180.18059372901917
Memory status after this trial: 
Memory allocated:  791.55810546875
Memory cached:  800.0
--------------------  Trial  9   --------------------
Start timing: 
Parameters: 
{'W_layers': 5, 'W_layer_units_exponent_0': 10, 'W_layer_units_exponent_1': 8, 'W_layer_units_exponent_2': 4, 'W_layer_units_exponent_3': 4, 'W_layer_units_exponent_4': 7, 'D_layers': 6, 'D_layer_units_exponent_0': 10, 'D_layer_units_exponent_1': 9, 'D_layer_units_exponent_2': 4, 'D_layer_units_exponent_3': 8, 'D_layer_units_exponent_4': 10, 'D_layer_units_exponent_5': 9, 'log_learning_rate': -2.7123262690241807, 'log_learning_rate_D': -1.5274618793332584, 'training_batch_size': 6, 'training_p': 4}
	 epoch  0 training error:  tensor(3.8208, device='cuda:0', grad_fn=<DivBackward0>)
	 epoch  0 test error:  tensor(1.9020, device='cuda:0', grad_fn=<DivBackward0>)
Memory status after this epoch: 
Memory allocated:  540.06103515625
Memory cached:  802.0
	 epoch  10 training error:  tensor(1.2074, device='cuda:0', grad_fn=<DivBackward0>)
	 epoch  10 test error:  tensor(0.0730, device='cuda:0', grad_fn=<DivBackward0>)
Memory status after this epoch: 
Memory allocated:  540.85791015625
Memory cached:  1066.0
	 epoch  20 training error:  tensor(1.0198, device='cuda:0', grad_fn=<DivBackward0>)
	 epoch  20 test error:  tensor(0.0723, device='cuda:0', grad_fn=<DivBackward0>)
Memory status after this epoch: 
Memory allocated:  540.48291015625
Memory cached:  1066.0
	 epoch  30 training error:  tensor(0.9997, device='cuda:0', grad_fn=<DivBackward0>)
	 epoch  30 test error:  tensor(0.0727, device='cuda:0', grad_fn=<DivBackward0>)
Memory status after this epoch: 
Memory allocated:  540.29541015625
Memory cached:  1066.0
	 epoch  40 training error:  tensor(1.0002, device='cuda:0', grad_fn=<DivBackward0>)
	 epoch  40 test error:  tensor(0.0727, device='cuda:0', grad_fn=<DivBackward0>)
Memory status after this epoch: 
Memory allocated:  540.57666015625
Memory cached:  1050.0
	 epoch  50 training error:  tensor(0.9999, device='cuda:0', grad_fn=<DivBackward0>)
	 epoch  50 test error:  tensor(0.0725, device='cuda:0', grad_fn=<DivBackward0>)
Memory status after this epoch: 
Memory allocated:  540.71728515625
Memory cached:  1050.0
	 epoch  60 training error:  tensor(1.0001, device='cuda:0', grad_fn=<DivBackward0>)
	 epoch  60 test error:  tensor(0.0725, device='cuda:0', grad_fn=<DivBackward0>)
Memory status after this epoch: 
Memory allocated:  540.20166015625
Memory cached:  1050.0
	 epoch  70 training error:  tensor(0.9999, device='cuda:0', grad_fn=<DivBackward0>)
	 epoch  70 test error:  tensor(0.0726, device='cuda:0', grad_fn=<DivBackward0>)
Memory status after this epoch: 
Memory allocated:  541.09228515625
Memory cached:  1050.0
	 epoch  80 training error:  tensor(0.9999, device='cuda:0', grad_fn=<DivBackward0>)
	 epoch  80 test error:  tensor(0.0726, device='cuda:0', grad_fn=<DivBackward0>)
Memory status after this epoch: 
Memory allocated:  540.20166015625
Memory cached:  1050.0
	 epoch  90 training error:  tensor(1.0000, device='cuda:0', grad_fn=<DivBackward0>)
	 epoch  90 test error:  tensor(0.0725, device='cuda:0', grad_fn=<DivBackward0>)
Memory status after this epoch: 
Memory allocated:  540.67041015625
Memory cached:  1050.0
[I 2023-11-10 12:07:22,037] Trial 9 finished with value: 0.07258608937263489 and parameters: {'W_layers': 5, 'W_layer_units_exponent_0': 10, 'W_layer_units_exponent_1': 8, 'W_layer_units_exponent_2': 4, 'W_layer_units_exponent_3': 4, 'W_layer_units_exponent_4': 7, 'D_layers': 6, 'D_layer_units_exponent_0': 10, 'D_layer_units_exponent_1': 9, 'D_layer_units_exponent_2': 4, 'D_layer_units_exponent_3': 8, 'D_layer_units_exponent_4': 10, 'D_layer_units_exponent_5': 9, 'log_learning_rate': -2.7123262690241807, 'log_learning_rate_D': -1.5274618793332584, 'training_batch_size': 6, 'training_p': 4}. Best is trial 8 with value: 0.03806528449058533.
Time for this trial:  298.20292353630066
Memory status after this trial: 
Memory allocated:  1029.86669921875
Memory cached:  1050.0
--------------------  Trial  10   --------------------
Start timing: 
Parameters: 
{'W_layers': 6, 'W_layer_units_exponent_0': 4, 'W_layer_units_exponent_1': 10, 'W_layer_units_exponent_2': 10, 'W_layer_units_exponent_3': 6, 'W_layer_units_exponent_4': 4, 'W_layer_units_exponent_5': 8, 'D_layers': 5, 'D_layer_units_exponent_0': 4, 'D_layer_units_exponent_1': 10, 'D_layer_units_exponent_2': 8, 'D_layer_units_exponent_3': 4, 'D_layer_units_exponent_4': 6, 'log_learning_rate': -1.7884936643517664, 'log_learning_rate_D': -3.484700632786814, 'training_batch_size': 9, 'training_p': 8}
	 epoch  0 training error:  tensor(1.6290, device='cuda:0', grad_fn=<DivBackward0>)
	 epoch  0 test error:  tensor(4.2090, device='cuda:0', grad_fn=<DivBackward0>)
Memory status after this epoch: 
Memory allocated:  484.384765625
Memory cached:  746.0
	 epoch  10 training error:  tensor(1., device='cuda:0', grad_fn=<DivBackward0>)
	 epoch  10 test error:  tensor(0.0725, device='cuda:0', grad_fn=<DivBackward0>)
Memory status after this epoch: 
Memory allocated:  485.931640625
Memory cached:  958.0
	 epoch  20 training error:  tensor(1., device='cuda:0', grad_fn=<DivBackward0>)
	 epoch  20 test error:  tensor(0.0725, device='cuda:0', grad_fn=<DivBackward0>)
Memory status after this epoch: 
Memory allocated:  484.853515625
Memory cached:  938.0
	 epoch  30 training error:  tensor(1., device='cuda:0', grad_fn=<DivBackward0>)
	 epoch  30 test error:  tensor(0.0725, device='cuda:0', grad_fn=<DivBackward0>)
Memory status after this epoch: 
Memory allocated:  485.931640625
Memory cached:  938.0
	 epoch  40 training error:  tensor(1., device='cuda:0', grad_fn=<DivBackward0>)
	 epoch  40 test error:  tensor(0.0725, device='cuda:0', grad_fn=<DivBackward0>)
Memory status after this epoch: 
Memory allocated:  484.853515625
Memory cached:  938.0
	 epoch  50 training error:  tensor(1., device='cuda:0', grad_fn=<DivBackward0>)
	 epoch  50 test error:  tensor(0.0725, device='cuda:0', grad_fn=<DivBackward0>)
Memory status after this epoch: 
Memory allocated:  485.556640625
Memory cached:  938.0
	 epoch  60 training error:  tensor(1., device='cuda:0', grad_fn=<DivBackward0>)
	 epoch  60 test error:  tensor(0.0725, device='cuda:0', grad_fn=<DivBackward0>)
Memory status after this epoch: 
Memory allocated:  485.181640625
Memory cached:  938.0
	 epoch  70 training error:  tensor(1., device='cuda:0', grad_fn=<DivBackward0>)
	 epoch  70 test error:  tensor(0.0725, device='cuda:0', grad_fn=<DivBackward0>)
Memory status after this epoch: 
Memory allocated:  485.556640625
Memory cached:  940.0
	 epoch  80 training error:  tensor(1., device='cuda:0', grad_fn=<DivBackward0>)
	 epoch  80 test error:  tensor(0.0725, device='cuda:0', grad_fn=<DivBackward0>)
Memory status after this epoch: 
Memory allocated:  485.228515625
Memory cached:  940.0
	 epoch  90 training error:  tensor(1., device='cuda:0', grad_fn=<DivBackward0>)
	 epoch  90 test error:  tensor(0.0725, device='cuda:0', grad_fn=<DivBackward0>)
Memory status after this epoch: 
Memory allocated:  485.556640625
Memory cached:  938.0
[I 2023-11-10 12:10:13,077] Trial 10 finished with value: 0.07248195260763168 and parameters: {'W_layers': 6, 'W_layer_units_exponent_0': 4, 'W_layer_units_exponent_1': 10, 'W_layer_units_exponent_2': 10, 'W_layer_units_exponent_3': 6, 'W_layer_units_exponent_4': 4, 'W_layer_units_exponent_5': 8, 'D_layers': 5, 'D_layer_units_exponent_0': 4, 'D_layer_units_exponent_1': 10, 'D_layer_units_exponent_2': 8, 'D_layer_units_exponent_3': 4, 'D_layer_units_exponent_4': 6, 'log_learning_rate': -1.7884936643517664, 'log_learning_rate_D': -3.484700632786814, 'training_batch_size': 9, 'training_p': 8}. Best is trial 8 with value: 0.03806528449058533.
Time for this trial:  170.73716068267822
Memory status after this trial: 
Memory allocated:  922.35888671875
Memory cached:  940.0
--------------------  Trial  11   --------------------
Start timing: 
Parameters: 
{'W_layers': 6, 'W_layer_units_exponent_0': 9, 'W_layer_units_exponent_1': 9, 'W_layer_units_exponent_2': 4, 'W_layer_units_exponent_3': 10, 'W_layer_units_exponent_4': 5, 'W_layer_units_exponent_5': 4, 'D_layers': 4, 'D_layer_units_exponent_0': 6, 'D_layer_units_exponent_1': 6, 'D_layer_units_exponent_2': 7, 'D_layer_units_exponent_3': 10, 'log_learning_rate': -3.5699843913706983, 'log_learning_rate_D': -3.6484673322766152, 'training_batch_size': 8, 'training_p': 8}
	 epoch  0 training error:  tensor(0.9701, device='cuda:0', grad_fn=<DivBackward0>)
	 epoch  0 test error:  tensor(0.0707, device='cuda:0', grad_fn=<DivBackward0>)
Memory status after this epoch: 
Memory allocated:  449.162109375
Memory cached:  706.0
	 epoch  10 training error:  tensor(0.8966, device='cuda:0', grad_fn=<DivBackward0>)
	 epoch  10 test error:  tensor(0.0786, device='cuda:0', grad_fn=<DivBackward0>)
Memory status after this epoch: 
Memory allocated:  449.818359375
Memory cached:  898.0
	 epoch  20 training error:  tensor(0.6356, device='cuda:0', grad_fn=<DivBackward0>)
	 epoch  20 test error:  tensor(0.0452, device='cuda:0', grad_fn=<DivBackward0>)
Memory status after this epoch: 
Memory allocated:  448.740234375
Memory cached:  894.0
	 epoch  30 training error:  tensor(0.5198, device='cuda:0', grad_fn=<DivBackward0>)
	 epoch  30 test error:  tensor(0.0397, device='cuda:0', grad_fn=<DivBackward0>)
Memory status after this epoch: 
Memory allocated:  448.880859375
Memory cached:  894.0
	 epoch  40 training error:  tensor(0.4664, device='cuda:0', grad_fn=<DivBackward0>)
	 epoch  40 test error:  tensor(0.0425, device='cuda:0', grad_fn=<DivBackward0>)
Memory status after this epoch: 
Memory allocated:  449.537109375
Memory cached:  894.0
	 epoch  50 training error:  tensor(0.4581, device='cuda:0', grad_fn=<DivBackward0>)
	 epoch  50 test error:  tensor(0.0378, device='cuda:0', grad_fn=<DivBackward0>)
Memory status after this epoch: 
Memory allocated:  448.880859375
Memory cached:  896.0
	 epoch  60 training error:  tensor(0.4562, device='cuda:0', grad_fn=<DivBackward0>)
	 epoch  60 test error:  tensor(0.0375, device='cuda:0', grad_fn=<DivBackward0>)
Memory status after this epoch: 
Memory allocated:  449.115234375
Memory cached:  896.0
	 epoch  70 training error:  tensor(0.4530, device='cuda:0', grad_fn=<DivBackward0>)
	 epoch  70 test error:  tensor(0.0392, device='cuda:0', grad_fn=<DivBackward0>)
Memory status after this epoch: 
Memory allocated:  449.349609375
Memory cached:  894.0
	 epoch  80 training error:  tensor(0.4521, device='cuda:0', grad_fn=<DivBackward0>)
	 epoch  80 test error:  tensor(0.0389, device='cuda:0', grad_fn=<DivBackward0>)
Memory status after this epoch: 
Memory allocated:  449.115234375
Memory cached:  894.0
	 epoch  90 training error:  tensor(0.4515, device='cuda:0', grad_fn=<DivBackward0>)
	 epoch  90 test error:  tensor(0.0386, device='cuda:0', grad_fn=<DivBackward0>)
Memory status after this epoch: 
Memory allocated:  449.349609375
Memory cached:  894.0
