[I 2023-11-16 23:53:01,794] Trial 2 finished with value: 0.09674400091171265 and parameters: {'W_layers': 6, 'W_layer_units_exponent_0': 8, 'W_layer_units_exponent_1': 9, 'W_layer_units_exponent_2': 10, 'W_layer_units_exponent_3': 9, 'W_layer_units_exponent_4': 9, 'W_layer_units_exponent_5': 9, 'D_layers': 8, 'D_layer_units_exponent_0': 8, 'D_layer_units_exponent_1': 9, 'D_layer_units_exponent_2': 6, 'D_layer_units_exponent_3': 5, 'D_layer_units_exponent_4': 5, 'D_layer_units_exponent_5': 6, 'D_layer_units_exponent_6': 9, 'D_layer_units_exponent_7': 6, 'log_learning_rate': -2.904663791222463, 'log_learning_rate_D': -1.375437095566813, 'training_batch_size': 9, 'training_p': 5}. Best is trial 2 with value: 0.09674400091171265.
Time for this trial:  205.07128047943115
Memory status after this trial: 
Memory allocated:  598.5625
Memory cached:  632.0
--------------------  Trial  3   --------------------
Start timing: 
Parameters: 
{'W_layers': 5, 'W_layer_units_exponent_0': 8, 'W_layer_units_exponent_1': 7, 'W_layer_units_exponent_2': 5, 'W_layer_units_exponent_3': 10, 'W_layer_units_exponent_4': 4, 'D_layers': 5, 'D_layer_units_exponent_0': 8, 'D_layer_units_exponent_1': 5, 'D_layer_units_exponent_2': 6, 'D_layer_units_exponent_3': 6, 'D_layer_units_exponent_4': 7, 'log_learning_rate': -1.8834456536979518, 'log_learning_rate_D': -3.5344237490317134, 'training_batch_size': 10, 'training_p': 3}
	 epoch  0 training error:  tensor(0.9554, device='cuda:0', grad_fn=<DivBackward0>)
	 epoch  0 test error:  tensor(1.5868, device='cuda:0', grad_fn=<DivBackward0>)
Memory status after this epoch: 
Memory allocated:  142.3232421875
Memory cached:  170.0
	 epoch  10 training error:  tensor(1., device='cuda:0', grad_fn=<DivBackward0>)
	 epoch  10 test error:  tensor(0.0967, device='cuda:0', grad_fn=<DivBackward0>)
Memory status after this epoch: 
Memory allocated:  142.5107421875
Memory cached:  294.0
	 epoch  20 training error:  tensor(1., device='cuda:0', grad_fn=<DivBackward0>)
	 epoch  20 test error:  tensor(0.0967, device='cuda:0', grad_fn=<DivBackward0>)
Memory status after this epoch: 
Memory allocated:  142.3232421875
Memory cached:  294.0
	 epoch  30 training error:  tensor(1., device='cuda:0', grad_fn=<DivBackward0>)
	 epoch  30 test error:  tensor(0.0967, device='cuda:0', grad_fn=<DivBackward0>)
Memory status after this epoch: 
Memory allocated:  142.5107421875
Memory cached:  294.0
	 epoch  40 training error:  tensor(1., device='cuda:0', grad_fn=<DivBackward0>)
	 epoch  40 test error:  tensor(0.0967, device='cuda:0', grad_fn=<DivBackward0>)
Memory status after this epoch: 
Memory allocated:  142.3232421875
Memory cached:  296.0
	 epoch  50 training error:  tensor(1., device='cuda:0', grad_fn=<DivBackward0>)
	 epoch  50 test error:  tensor(0.0967, device='cuda:0', grad_fn=<DivBackward0>)
Memory status after this epoch: 
Memory allocated:  142.5107421875
Memory cached:  298.0
	 epoch  60 training error:  tensor(1., device='cuda:0', grad_fn=<DivBackward0>)
	 epoch  60 test error:  tensor(0.0967, device='cuda:0', grad_fn=<DivBackward0>)
Memory status after this epoch: 
Memory allocated:  142.3232421875
Memory cached:  296.0
	 epoch  70 training error:  tensor(1., device='cuda:0', grad_fn=<DivBackward0>)
	 epoch  70 test error:  tensor(0.0967, device='cuda:0', grad_fn=<DivBackward0>)
Memory status after this epoch: 
Memory allocated:  142.5107421875
Memory cached:  294.0
	 epoch  80 training error:  tensor(1., device='cuda:0', grad_fn=<DivBackward0>)
	 epoch  80 test error:  tensor(0.0967, device='cuda:0', grad_fn=<DivBackward0>)
Memory status after this epoch: 
Memory allocated:  142.3232421875
Memory cached:  294.0
	 epoch  90 training error:  tensor(1., device='cuda:0', grad_fn=<DivBackward0>)
	 epoch  90 test error:  tensor(0.0967, device='cuda:0', grad_fn=<DivBackward0>)
Memory status after this epoch: 
Memory allocated:  142.5107421875
Memory cached:  294.0
[I 2023-11-16 23:55:37,382] Trial 3 finished with value: 0.09674399346113205 and parameters: {'W_layers': 5, 'W_layer_units_exponent_0': 8, 'W_layer_units_exponent_1': 7, 'W_layer_units_exponent_2': 5, 'W_layer_units_exponent_3': 10, 'W_layer_units_exponent_4': 4, 'D_layers': 5, 'D_layer_units_exponent_0': 8, 'D_layer_units_exponent_1': 5, 'D_layer_units_exponent_2': 6, 'D_layer_units_exponent_3': 6, 'D_layer_units_exponent_4': 7, 'log_learning_rate': -1.8834456536979518, 'log_learning_rate_D': -3.5344237490317134, 'training_batch_size': 10, 'training_p': 3}. Best is trial 3 with value: 0.09674399346113205.
Time for this trial:  155.41612815856934
Memory status after this trial: 
Memory allocated:  279.9765625
Memory cached:  294.0
--------------------  Trial  4   --------------------
Start timing: 
Parameters: 
{'W_layers': 4, 'W_layer_units_exponent_0': 5, 'W_layer_units_exponent_1': 10, 'W_layer_units_exponent_2': 10, 'W_layer_units_exponent_3': 10, 'D_layers': 7, 'D_layer_units_exponent_0': 5, 'D_layer_units_exponent_1': 9, 'D_layer_units_exponent_2': 7, 'D_layer_units_exponent_3': 5, 'D_layer_units_exponent_4': 8, 'D_layer_units_exponent_5': 4, 'D_layer_units_exponent_6': 10, 'log_learning_rate': -1.4939435985229665, 'log_learning_rate_D': -1.6377344684998256, 'training_batch_size': 12, 'training_p': 5}
	 epoch  0 training error:  tensor(1.0319, device='cuda:0', grad_fn=<DivBackward0>)
	 epoch  0 test error:  tensor(24.9736, device='cuda:0', grad_fn=<DivBackward0>)
Memory status after this epoch: 
Memory allocated:  340.3505859375
Memory cached:  356.0
	 epoch  10 training error:  tensor(3513.3423, device='cuda:0', grad_fn=<DivBackward0>)
	 epoch  10 test error:  tensor(409.7178, device='cuda:0', grad_fn=<DivBackward0>)
Memory status after this epoch: 
Memory allocated:  339.9755859375
Memory cached:  644.0
	 epoch  20 training error:  tensor(1., device='cuda:0', grad_fn=<DivBackward0>)
	 epoch  20 test error:  tensor(0.0967, device='cuda:0', grad_fn=<DivBackward0>)
Memory status after this epoch: 
Memory allocated:  340.3505859375
Memory cached:  644.0
	 epoch  30 training error:  tensor(1., device='cuda:0', grad_fn=<DivBackward0>)
	 epoch  30 test error:  tensor(0.0967, device='cuda:0', grad_fn=<DivBackward0>)
Memory status after this epoch: 
Memory allocated:  339.9755859375
Memory cached:  644.0
	 epoch  40 training error:  tensor(1., device='cuda:0', grad_fn=<DivBackward0>)
	 epoch  40 test error:  tensor(0.0967, device='cuda:0', grad_fn=<DivBackward0>)
Memory status after this epoch: 
Memory allocated:  340.3505859375
Memory cached:  644.0
	 epoch  50 training error:  tensor(1., device='cuda:0', grad_fn=<DivBackward0>)
	 epoch  50 test error:  tensor(0.0967, device='cuda:0', grad_fn=<DivBackward0>)
Memory status after this epoch: 
Memory allocated:  339.9755859375
Memory cached:  644.0
	 epoch  60 training error:  tensor(1., device='cuda:0', grad_fn=<DivBackward0>)
	 epoch  60 test error:  tensor(0.0967, device='cuda:0', grad_fn=<DivBackward0>)
Memory status after this epoch: 
Memory allocated:  340.3505859375
Memory cached:  644.0
	 epoch  70 training error:  tensor(1., device='cuda:0', grad_fn=<DivBackward0>)
	 epoch  70 test error:  tensor(0.0967, device='cuda:0', grad_fn=<DivBackward0>)
Memory status after this epoch: 
Memory allocated:  339.9755859375
Memory cached:  644.0
	 epoch  80 training error:  tensor(1., device='cuda:0', grad_fn=<DivBackward0>)
	 epoch  80 test error:  tensor(0.0967, device='cuda:0', grad_fn=<DivBackward0>)
Memory status after this epoch: 
Memory allocated:  340.3505859375
Memory cached:  644.0
	 epoch  90 training error:  tensor(1., device='cuda:0', grad_fn=<DivBackward0>)
	 epoch  90 test error:  tensor(0.0967, device='cuda:0', grad_fn=<DivBackward0>)
Memory status after this epoch: 
Memory allocated:  339.9755859375
Memory cached:  644.0
[I 2023-11-16 23:58:41,183] Trial 4 finished with value: 0.09674400091171265 and parameters: {'W_layers': 4, 'W_layer_units_exponent_0': 5, 'W_layer_units_exponent_1': 10, 'W_layer_units_exponent_2': 10, 'W_layer_units_exponent_3': 10, 'D_layers': 7, 'D_layer_units_exponent_0': 5, 'D_layer_units_exponent_1': 9, 'D_layer_units_exponent_2': 7, 'D_layer_units_exponent_3': 5, 'D_layer_units_exponent_4': 8, 'D_layer_units_exponent_5': 4, 'D_layer_units_exponent_6': 10, 'log_learning_rate': -1.4939435985229665, 'log_learning_rate_D': -1.6377344684998256, 'training_batch_size': 12, 'training_p': 5}. Best is trial 3 with value: 0.09674399346113205.
Time for this trial:  183.6292061805725
Memory status after this trial: 
Memory allocated:  626.478515625
Memory cached:  644.0
--------------------  Trial  5   --------------------
Start timing: 
Parameters: 
{'W_layers': 5, 'W_layer_units_exponent_0': 6, 'W_layer_units_exponent_1': 8, 'W_layer_units_exponent_2': 5, 'W_layer_units_exponent_3': 7, 'W_layer_units_exponent_4': 10, 'D_layers': 5, 'D_layer_units_exponent_0': 8, 'D_layer_units_exponent_1': 8, 'D_layer_units_exponent_2': 10, 'D_layer_units_exponent_3': 6, 'D_layer_units_exponent_4': 10, 'log_learning_rate': -3.0165400490147674, 'log_learning_rate_D': -2.1705375508706166, 'training_batch_size': 10, 'training_p': 6}
	 epoch  0 training error:  tensor(1.0225, device='cuda:0', grad_fn=<DivBackward0>)
	 epoch  0 test error:  tensor(0.0981, device='cuda:0', grad_fn=<DivBackward0>)
Memory status after this epoch: 
Memory allocated:  262.47412109375
Memory cached:  290.0
	 epoch  10 training error:  tensor(0.9642, device='cuda:0', grad_fn=<DivBackward0>)
	 epoch  10 test error:  tensor(0.0973, device='cuda:0', grad_fn=<DivBackward0>)
Memory status after this epoch: 
Memory allocated:  262.75537109375
Memory cached:  526.0
	 epoch  20 training error:  tensor(0.9481, device='cuda:0', grad_fn=<DivBackward0>)
	 epoch  20 test error:  tensor(0.0980, device='cuda:0', grad_fn=<DivBackward0>)
Memory status after this epoch: 
Memory allocated:  262.47412109375
Memory cached:  526.0
	 epoch  30 training error:  tensor(0.9530, device='cuda:0', grad_fn=<DivBackward0>)
	 epoch  30 test error:  tensor(0.0978, device='cuda:0', grad_fn=<DivBackward0>)
Memory status after this epoch: 
Memory allocated:  262.75537109375
Memory cached:  526.0
	 epoch  40 training error:  tensor(0.9494, device='cuda:0', grad_fn=<DivBackward0>)
	 epoch  40 test error:  tensor(0.0987, device='cuda:0', grad_fn=<DivBackward0>)
Memory status after this epoch: 
Memory allocated:  262.47412109375
Memory cached:  526.0
	 epoch  50 training error:  tensor(0.9523, device='cuda:0', grad_fn=<DivBackward0>)
	 epoch  50 test error:  tensor(0.0978, device='cuda:0', grad_fn=<DivBackward0>)
Memory status after this epoch: 
Memory allocated:  262.75537109375
Memory cached:  526.0
	 epoch  60 training error:  tensor(0.9524, device='cuda:0', grad_fn=<DivBackward0>)
	 epoch  60 test error:  tensor(0.0981, device='cuda:0', grad_fn=<DivBackward0>)
Memory status after this epoch: 
Memory allocated:  262.47412109375
Memory cached:  526.0
	 epoch  70 training error:  tensor(0.9544, device='cuda:0', grad_fn=<DivBackward0>)
	 epoch  70 test error:  tensor(0.0982, device='cuda:0', grad_fn=<DivBackward0>)
Memory status after this epoch: 
Memory allocated:  262.75537109375
Memory cached:  526.0
	 epoch  80 training error:  tensor(0.9487, device='cuda:0', grad_fn=<DivBackward0>)
	 epoch  80 test error:  tensor(0.0983, device='cuda:0', grad_fn=<DivBackward0>)
Memory status after this epoch: 
Memory allocated:  262.47412109375
Memory cached:  526.0
	 epoch  90 training error:  tensor(0.9487, device='cuda:0', grad_fn=<DivBackward0>)
	 epoch  90 test error:  tensor(0.0983, device='cuda:0', grad_fn=<DivBackward0>)
Memory status after this epoch: 
Memory allocated:  262.75537109375
Memory cached:  528.0
[I 2023-11-17 00:01:32,633] Trial 5 finished with value: 0.09814453125 and parameters: {'W_layers': 5, 'W_layer_units_exponent_0': 6, 'W_layer_units_exponent_1': 8, 'W_layer_units_exponent_2': 5, 'W_layer_units_exponent_3': 7, 'W_layer_units_exponent_4': 10, 'D_layers': 5, 'D_layer_units_exponent_0': 8, 'D_layer_units_exponent_1': 8, 'D_layer_units_exponent_2': 10, 'D_layer_units_exponent_3': 6, 'D_layer_units_exponent_4': 10, 'log_learning_rate': -3.0165400490147674, 'log_learning_rate_D': -2.1705375508706166, 'training_batch_size': 10, 'training_p': 6}. Best is trial 3 with value: 0.09674399346113205.
Time for this trial:  171.26307463645935
Memory status after this trial: 
Memory allocated:  508.6240234375
Memory cached:  526.0
--------------------  Trial  6   --------------------
Start timing: 
Parameters: 
{'W_layers': 8, 'W_layer_units_exponent_0': 10, 'W_layer_units_exponent_1': 8, 'W_layer_units_exponent_2': 4, 'W_layer_units_exponent_3': 10, 'W_layer_units_exponent_4': 8, 'W_layer_units_exponent_5': 8, 'W_layer_units_exponent_6': 9, 'W_layer_units_exponent_7': 7, 'D_layers': 2, 'D_layer_units_exponent_0': 6, 'D_layer_units_exponent_1': 5, 'log_learning_rate': -2.8836771409837505, 'log_learning_rate_D': -3.7022635251672993, 'training_batch_size': 7, 'training_p': 8}
	 epoch  0 training error:  tensor(0.9978, device='cuda:0', grad_fn=<DivBackward0>)
	 epoch  0 test error:  tensor(0.1905, device='cuda:0', grad_fn=<DivBackward0>)
Memory status after this epoch: 
Memory allocated:  237.267578125
Memory cached:  264.0
	 epoch  10 training error:  tensor(0.9762, device='cuda:0', grad_fn=<DivBackward0>)
	 epoch  10 test error:  tensor(0.0968, device='cuda:0', grad_fn=<DivBackward0>)
Memory status after this epoch: 
Memory allocated:  236.986328125
Memory cached:  472.0
	 epoch  20 training error:  tensor(0.9889, device='cuda:0', grad_fn=<DivBackward0>)
	 epoch  20 test error:  tensor(0.0967, device='cuda:0', grad_fn=<DivBackward0>)
Memory status after this epoch: 
Memory allocated:  237.267578125
Memory cached:  472.0
	 epoch  30 training error:  tensor(0.9877, device='cuda:0', grad_fn=<DivBackward0>)
	 epoch  30 test error:  tensor(0.0968, device='cuda:0', grad_fn=<DivBackward0>)
Memory status after this epoch: 
Memory allocated:  236.986328125
Memory cached:  472.0
	 epoch  40 training error:  tensor(0.9710, device='cuda:0', grad_fn=<DivBackward0>)
	 epoch  40 test error:  tensor(0.0971, device='cuda:0', grad_fn=<DivBackward0>)
Memory status after this epoch: 
Memory allocated:  237.267578125
Memory cached:  472.0
	 epoch  50 training error:  tensor(0.9674, device='cuda:0', grad_fn=<DivBackward0>)
	 epoch  50 test error:  tensor(0.0973, device='cuda:0', grad_fn=<DivBackward0>)
Memory status after this epoch: 
Memory allocated:  236.986328125
Memory cached:  472.0
	 epoch  60 training error:  tensor(0.9653, device='cuda:0', grad_fn=<DivBackward0>)
	 epoch  60 test error:  tensor(0.0975, device='cuda:0', grad_fn=<DivBackward0>)
Memory status after this epoch: 
Memory allocated:  237.267578125
Memory cached:  472.0
	 epoch  70 training error:  tensor(0.9508, device='cuda:0', grad_fn=<DivBackward0>)
	 epoch  70 test error:  tensor(0.0981, device='cuda:0', grad_fn=<DivBackward0>)
Memory status after this epoch: 
Memory allocated:  236.986328125
Memory cached:  472.0
	 epoch  80 training error:  tensor(0.9500, device='cuda:0', grad_fn=<DivBackward0>)
	 epoch  80 test error:  tensor(0.0989, device='cuda:0', grad_fn=<DivBackward0>)
Memory status after this epoch: 
Memory allocated:  237.267578125
Memory cached:  472.0
	 epoch  90 training error:  tensor(0.9567, device='cuda:0', grad_fn=<DivBackward0>)
	 epoch  90 test error:  tensor(0.0979, device='cuda:0', grad_fn=<DivBackward0>)
Memory status after this epoch: 
Memory allocated:  236.986328125
Memory cached:  472.0
[I 2023-11-17 00:04:19,067] Trial 6 finished with value: 0.09729795157909393 and parameters: {'W_layers': 8, 'W_layer_units_exponent_0': 10, 'W_layer_units_exponent_1': 8, 'W_layer_units_exponent_2': 4, 'W_layer_units_exponent_3': 10, 'W_layer_units_exponent_4': 8, 'W_layer_units_exponent_5': 8, 'W_layer_units_exponent_6': 9, 'W_layer_units_exponent_7': 7, 'D_layers': 2, 'D_layer_units_exponent_0': 6, 'D_layer_units_exponent_1': 5, 'log_learning_rate': -2.8836771409837505, 'log_learning_rate_D': -3.7022635251672993, 'training_batch_size': 7, 'training_p': 8}. Best is trial 3 with value: 0.09674399346113205.
Time for this trial:  166.24823474884033
Memory status after this trial: 
Memory allocated:  453.30078125
Memory cached:  472.0
--------------------  Trial  7   --------------------
Start timing: 
Parameters: 
{'W_layers': 8, 'W_layer_units_exponent_0': 4, 'W_layer_units_exponent_1': 4, 'W_layer_units_exponent_2': 5, 'W_layer_units_exponent_3': 9, 'W_layer_units_exponent_4': 7, 'W_layer_units_exponent_5': 6, 'W_layer_units_exponent_6': 7, 'W_layer_units_exponent_7': 9, 'D_layers': 4, 'D_layer_units_exponent_0': 6, 'D_layer_units_exponent_1': 9, 'D_layer_units_exponent_2': 4, 'D_layer_units_exponent_3': 5, 'log_learning_rate': -2.368064119478535, 'log_learning_rate_D': -4.017729307447901, 'training_batch_size': 11, 'training_p': 4}
	 epoch  0 training error:  tensor(1.0051, device='cuda:0', grad_fn=<DivBackward0>)
	 epoch  0 test error:  tensor(0.1846, device='cuda:0', grad_fn=<DivBackward0>)
Memory status after this epoch: 
Memory allocated:  145.77294921875
Memory cached:  174.0
	 epoch  10 training error:  tensor(0.9626, device='cuda:0', grad_fn=<DivBackward0>)
	 epoch  10 test error:  tensor(0.1023, device='cuda:0', grad_fn=<DivBackward0>)
Memory status after this epoch: 
Memory allocated:  146.05419921875
Memory cached:  300.0
	 epoch  20 training error:  tensor(0.9494, device='cuda:0', grad_fn=<DivBackward0>)
	 epoch  20 test error:  tensor(0.1001, device='cuda:0', grad_fn=<DivBackward0>)
Memory status after this epoch: 
Memory allocated:  145.77294921875
Memory cached:  300.0
	 epoch  30 training error:  tensor(0.9744, device='cuda:0', grad_fn=<DivBackward0>)
	 epoch  30 test error:  tensor(0.0970, device='cuda:0', grad_fn=<DivBackward0>)
Memory status after this epoch: 
Memory allocated:  146.05419921875
Memory cached:  300.0
	 epoch  40 training error:  tensor(0.9657, device='cuda:0', grad_fn=<DivBackward0>)
	 epoch  40 test error:  tensor(0.0973, device='cuda:0', grad_fn=<DivBackward0>)
Memory status after this epoch: 
Memory allocated:  145.77294921875
Memory cached:  300.0
	 epoch  50 training error:  tensor(0.9604, device='cuda:0', grad_fn=<DivBackward0>)
	 epoch  50 test error:  tensor(0.0976, device='cuda:0', grad_fn=<DivBackward0>)
Memory status after this epoch: 
Memory allocated:  146.05419921875
Memory cached:  300.0
	 epoch  60 training error:  tensor(0.9483, device='cuda:0', grad_fn=<DivBackward0>)
	 epoch  60 test error:  tensor(0.0988, device='cuda:0', grad_fn=<DivBackward0>)
Memory status after this epoch: 
Memory allocated:  145.77294921875
Memory cached:  302.0
	 epoch  70 training error:  tensor(0.9576, device='cuda:0', grad_fn=<DivBackward0>)
	 epoch  70 test error:  tensor(0.0976, device='cuda:0', grad_fn=<DivBackward0>)
Memory status after this epoch: 
Memory allocated:  146.05419921875
Memory cached:  300.0
	 epoch  80 training error:  tensor(0.9542, device='cuda:0', grad_fn=<DivBackward0>)
	 epoch  80 test error:  tensor(0.0980, device='cuda:0', grad_fn=<DivBackward0>)
Memory status after this epoch: 
Memory allocated:  145.77294921875
Memory cached:  300.0
	 epoch  90 training error:  tensor(0.9502, device='cuda:0', grad_fn=<DivBackward0>)
	 epoch  90 test error:  tensor(0.0979, device='cuda:0', grad_fn=<DivBackward0>)
Memory status after this epoch: 
Memory allocated:  146.05419921875
Memory cached:  300.0
