[I 2023-11-10 15:51:12,176] Trial 26 finished with value: 0.038667093962430954 and parameters: {'W_layers': 7, 'W_layer_units_exponent_0': 8, 'W_layer_units_exponent_1': 5, 'W_layer_units_exponent_2': 9, 'W_layer_units_exponent_3': 10, 'W_layer_units_exponent_4': 10, 'W_layer_units_exponent_5': 8, 'W_layer_units_exponent_6': 9, 'D_layers': 8, 'D_layer_units_exponent_0': 7, 'D_layer_units_exponent_1': 8, 'D_layer_units_exponent_2': 6, 'D_layer_units_exponent_3': 9, 'D_layer_units_exponent_4': 9, 'D_layer_units_exponent_5': 6, 'D_layer_units_exponent_6': 8, 'D_layer_units_exponent_7': 4, 'log_learning_rate': -4.593958321996046, 'log_learning_rate_D': -4.568419818271171, 'training_batch_size': 8, 'training_p': 7}. Best is trial 17 with value: 0.03733406588435173.
Time for this trial:  216.62466621398926
Memory status after this trial: 
Memory allocated:  1103.46728515625
Memory cached:  1126.0
--------------------  Trial  27   --------------------
Start timing: 
Parameters: 
{'W_layers': 8, 'W_layer_units_exponent_0': 7, 'W_layer_units_exponent_1': 7, 'W_layer_units_exponent_2': 5, 'W_layer_units_exponent_3': 8, 'W_layer_units_exponent_4': 4, 'W_layer_units_exponent_5': 4, 'W_layer_units_exponent_6': 6, 'W_layer_units_exponent_7': 5, 'D_layers': 5, 'D_layer_units_exponent_0': 9, 'D_layer_units_exponent_1': 6, 'D_layer_units_exponent_2': 5, 'D_layer_units_exponent_3': 10, 'D_layer_units_exponent_4': 7, 'log_learning_rate': -3.4394212732701854, 'log_learning_rate_D': -4.193326262797315, 'training_batch_size': 7, 'training_p': 6}
	 epoch  0 training error:  tensor(1.0443, device='cuda:0', grad_fn=<DivBackward0>)
	 epoch  0 test error:  tensor(0.0789, device='cuda:0', grad_fn=<DivBackward0>)
Memory status after this epoch: 
Memory allocated:  396.84619140625
Memory cached:  644.0
	 epoch  10 training error:  tensor(0.9784, device='cuda:0', grad_fn=<DivBackward0>)
	 epoch  10 test error:  tensor(0.0735, device='cuda:0', grad_fn=<DivBackward0>)
Memory status after this epoch: 
Memory allocated:  392.76806640625
Memory cached:  782.0
	 epoch  20 training error:  tensor(0.8624, device='cuda:0', grad_fn=<DivBackward0>)
	 epoch  20 test error:  tensor(0.0621, device='cuda:0', grad_fn=<DivBackward0>)
Memory status after this epoch: 
Memory allocated:  395.43994140625
Memory cached:  782.0
	 epoch  30 training error:  tensor(0.5914, device='cuda:0', grad_fn=<DivBackward0>)
	 epoch  30 test error:  tensor(0.0382, device='cuda:0', grad_fn=<DivBackward0>)
Memory status after this epoch: 
Memory allocated:  393.23681640625
Memory cached:  782.0
	 epoch  40 training error:  tensor(0.5143, device='cuda:0', grad_fn=<DivBackward0>)
	 epoch  40 test error:  tensor(0.0429, device='cuda:0', grad_fn=<DivBackward0>)
Memory status after this epoch: 
Memory allocated:  395.43994140625
Memory cached:  782.0
	 epoch  50 training error:  tensor(0.4853, device='cuda:0', grad_fn=<DivBackward0>)
	 epoch  50 test error:  tensor(0.0391, device='cuda:0', grad_fn=<DivBackward0>)
Memory status after this epoch: 
Memory allocated:  393.23681640625
Memory cached:  782.0
	 epoch  60 training error:  tensor(0.4731, device='cuda:0', grad_fn=<DivBackward0>)
	 epoch  60 test error:  tensor(0.0388, device='cuda:0', grad_fn=<DivBackward0>)
Memory status after this epoch: 
Memory allocated:  395.43994140625
Memory cached:  784.0
	 epoch  70 training error:  tensor(0.4700, device='cuda:0', grad_fn=<DivBackward0>)
	 epoch  70 test error:  tensor(0.0387, device='cuda:0', grad_fn=<DivBackward0>)
Memory status after this epoch: 
Memory allocated:  393.23681640625
Memory cached:  786.0
	 epoch  80 training error:  tensor(0.4694, device='cuda:0', grad_fn=<DivBackward0>)
	 epoch  80 test error:  tensor(0.0384, device='cuda:0', grad_fn=<DivBackward0>)
Memory status after this epoch: 
Memory allocated:  395.43994140625
Memory cached:  784.0
	 epoch  90 training error:  tensor(0.4680, device='cuda:0', grad_fn=<DivBackward0>)
	 epoch  90 test error:  tensor(0.0386, device='cuda:0', grad_fn=<DivBackward0>)
Memory status after this epoch: 
Memory allocated:  393.23681640625
Memory cached:  784.0
[I 2023-11-10 15:54:11,821] Trial 27 finished with value: 0.03875644505023956 and parameters: {'W_layers': 8, 'W_layer_units_exponent_0': 7, 'W_layer_units_exponent_1': 7, 'W_layer_units_exponent_2': 5, 'W_layer_units_exponent_3': 8, 'W_layer_units_exponent_4': 4, 'W_layer_units_exponent_5': 4, 'W_layer_units_exponent_6': 6, 'W_layer_units_exponent_7': 5, 'D_layers': 5, 'D_layer_units_exponent_0': 9, 'D_layer_units_exponent_1': 6, 'D_layer_units_exponent_2': 5, 'D_layer_units_exponent_3': 10, 'D_layer_units_exponent_4': 7, 'log_learning_rate': -3.4394212732701854, 'log_learning_rate_D': -4.193326262797315, 'training_batch_size': 7, 'training_p': 6}. Best is trial 17 with value: 0.03733406588435173.
Time for this trial:  179.33667469024658
Memory status after this trial: 
Memory allocated:  769.14794921875
Memory cached:  786.0
--------------------  Trial  28   --------------------
Start timing: 
Parameters: 
{'W_layers': 5, 'W_layer_units_exponent_0': 9, 'W_layer_units_exponent_1': 9, 'W_layer_units_exponent_2': 7, 'W_layer_units_exponent_3': 9, 'W_layer_units_exponent_4': 7, 'D_layers': 6, 'D_layer_units_exponent_0': 6, 'D_layer_units_exponent_1': 9, 'D_layer_units_exponent_2': 7, 'D_layer_units_exponent_3': 7, 'D_layer_units_exponent_4': 5, 'D_layer_units_exponent_5': 9, 'log_learning_rate': -4.080039506869156, 'log_learning_rate_D': -3.7370250666623135, 'training_batch_size': 9, 'training_p': 5}
	 epoch  0 training error:  tensor(1.6105, device='cuda:0', grad_fn=<DivBackward0>)
	 epoch  0 test error:  tensor(0.2203, device='cuda:0', grad_fn=<DivBackward0>)
Memory status after this epoch: 
Memory allocated:  437.90087890625
Memory cached:  688.0
	 epoch  10 training error:  tensor(1.5072, device='cuda:0', grad_fn=<DivBackward0>)
	 epoch  10 test error:  tensor(0.0894, device='cuda:0', grad_fn=<DivBackward0>)
Memory status after this epoch: 
Memory allocated:  440.10400390625
Memory cached:  866.0
	 epoch  20 training error:  tensor(1.0202, device='cuda:0', grad_fn=<DivBackward0>)
	 epoch  20 test error:  tensor(0.0676, device='cuda:0', grad_fn=<DivBackward0>)
Memory status after this epoch: 
Memory allocated:  437.90087890625
Memory cached:  866.0
	 epoch  30 training error:  tensor(0.6343, device='cuda:0', grad_fn=<DivBackward0>)
	 epoch  30 test error:  tensor(0.0481, device='cuda:0', grad_fn=<DivBackward0>)
Memory status after this epoch: 
Memory allocated:  440.10400390625
Memory cached:  866.0
	 epoch  40 training error:  tensor(0.5326, device='cuda:0', grad_fn=<DivBackward0>)
	 epoch  40 test error:  tensor(0.0352, device='cuda:0', grad_fn=<DivBackward0>)
Memory status after this epoch: 
Memory allocated:  437.90087890625
Memory cached:  868.0
	 epoch  50 training error:  tensor(0.5049, device='cuda:0', grad_fn=<DivBackward0>)
	 epoch  50 test error:  tensor(0.0428, device='cuda:0', grad_fn=<DivBackward0>)
Memory status after this epoch: 
Memory allocated:  440.10400390625
Memory cached:  870.0
	 epoch  60 training error:  tensor(0.4874, device='cuda:0', grad_fn=<DivBackward0>)
	 epoch  60 test error:  tensor(0.0384, device='cuda:0', grad_fn=<DivBackward0>)
Memory status after this epoch: 
Memory allocated:  437.90087890625
Memory cached:  868.0
	 epoch  70 training error:  tensor(0.4808, device='cuda:0', grad_fn=<DivBackward0>)
	 epoch  70 test error:  tensor(0.0386, device='cuda:0', grad_fn=<DivBackward0>)
Memory status after this epoch: 
Memory allocated:  440.10400390625
Memory cached:  866.0
	 epoch  80 training error:  tensor(0.4781, device='cuda:0', grad_fn=<DivBackward0>)
	 epoch  80 test error:  tensor(0.0384, device='cuda:0', grad_fn=<DivBackward0>)
Memory status after this epoch: 
Memory allocated:  437.90087890625
Memory cached:  866.0
	 epoch  90 training error:  tensor(0.4769, device='cuda:0', grad_fn=<DivBackward0>)
	 epoch  90 test error:  tensor(0.0387, device='cuda:0', grad_fn=<DivBackward0>)
Memory status after this epoch: 
Memory allocated:  440.10400390625
Memory cached:  868.0
[I 2023-11-10 15:56:59,912] Trial 28 finished with value: 0.038366224616765976 and parameters: {'W_layers': 5, 'W_layer_units_exponent_0': 9, 'W_layer_units_exponent_1': 9, 'W_layer_units_exponent_2': 7, 'W_layer_units_exponent_3': 9, 'W_layer_units_exponent_4': 7, 'D_layers': 6, 'D_layer_units_exponent_0': 6, 'D_layer_units_exponent_1': 9, 'D_layer_units_exponent_2': 7, 'D_layer_units_exponent_3': 7, 'D_layer_units_exponent_4': 5, 'D_layer_units_exponent_5': 9, 'log_learning_rate': -4.080039506869156, 'log_learning_rate_D': -3.7370250666623135, 'training_batch_size': 9, 'training_p': 5}. Best is trial 17 with value: 0.03733406588435173.
Time for this trial:  167.7881736755371
Memory status after this trial: 
Memory allocated:  850.23486328125
Memory cached:  868.0
--------------------  Trial  29   --------------------
Start timing: 
Parameters: 
{'W_layers': 2, 'W_layer_units_exponent_0': 10, 'W_layer_units_exponent_1': 10, 'D_layers': 7, 'D_layer_units_exponent_0': 10, 'D_layer_units_exponent_1': 8, 'D_layer_units_exponent_2': 8, 'D_layer_units_exponent_3': 5, 'D_layer_units_exponent_4': 9, 'D_layer_units_exponent_5': 6, 'D_layer_units_exponent_6': 6, 'log_learning_rate': -4.30917221169412, 'log_learning_rate_D': -4.7568045897407, 'training_batch_size': 12, 'training_p': 8}
	 epoch  0 training error:  tensor(7.1561, device='cuda:0', grad_fn=<DivBackward0>)
	 epoch  0 test error:  tensor(0.5343, device='cuda:0', grad_fn=<DivBackward0>)
Memory status after this epoch: 
Memory allocated:  510.81201171875
Memory cached:  742.0
	 epoch  10 training error:  tensor(1.2872, device='cuda:0', grad_fn=<DivBackward0>)
	 epoch  10 test error:  tensor(0.1190, device='cuda:0', grad_fn=<DivBackward0>)
Memory status after this epoch: 
Memory allocated:  509.73388671875
Memory cached:  994.0
	 epoch  20 training error:  tensor(1.0872, device='cuda:0', grad_fn=<DivBackward0>)
	 epoch  20 test error:  tensor(0.0743, device='cuda:0', grad_fn=<DivBackward0>)
Memory status after this epoch: 
Memory allocated:  510.81201171875
Memory cached:  994.0
	 epoch  30 training error:  tensor(1.0100, device='cuda:0', grad_fn=<DivBackward0>)
	 epoch  30 test error:  tensor(0.0679, device='cuda:0', grad_fn=<DivBackward0>)
Memory status after this epoch: 
Memory allocated:  509.73388671875
Memory cached:  994.0
	 epoch  40 training error:  tensor(0.9067, device='cuda:0', grad_fn=<DivBackward0>)
	 epoch  40 test error:  tensor(0.0705, device='cuda:0', grad_fn=<DivBackward0>)
Memory status after this epoch: 
Memory allocated:  510.81201171875
Memory cached:  994.0
	 epoch  50 training error:  tensor(0.8670, device='cuda:0', grad_fn=<DivBackward0>)
	 epoch  50 test error:  tensor(0.0605, device='cuda:0', grad_fn=<DivBackward0>)
Memory status after this epoch: 
Memory allocated:  509.64013671875
Memory cached:  994.0
	 epoch  60 training error:  tensor(0.6884, device='cuda:0', grad_fn=<DivBackward0>)
	 epoch  60 test error:  tensor(0.0505, device='cuda:0', grad_fn=<DivBackward0>)
Memory status after this epoch: 
Memory allocated:  511.28076171875
Memory cached:  994.0
	 epoch  70 training error:  tensor(0.5539, device='cuda:0', grad_fn=<DivBackward0>)
	 epoch  70 test error:  tensor(0.0393, device='cuda:0', grad_fn=<DivBackward0>)
Memory status after this epoch: 
Memory allocated:  509.73388671875
Memory cached:  994.0
	 epoch  80 training error:  tensor(0.5329, device='cuda:0', grad_fn=<DivBackward0>)
	 epoch  80 test error:  tensor(0.0365, device='cuda:0', grad_fn=<DivBackward0>)
Memory status after this epoch: 
Memory allocated:  511.18701171875
Memory cached:  994.0
	 epoch  90 training error:  tensor(0.5001, device='cuda:0', grad_fn=<DivBackward0>)
	 epoch  90 test error:  tensor(0.0369, device='cuda:0', grad_fn=<DivBackward0>)
Memory status after this epoch: 
Memory allocated:  509.26513671875
Memory cached:  994.0
[I 2023-11-10 15:59:39,476] Trial 29 finished with value: 0.03769154101610184 and parameters: {'W_layers': 2, 'W_layer_units_exponent_0': 10, 'W_layer_units_exponent_1': 10, 'D_layers': 7, 'D_layer_units_exponent_0': 10, 'D_layer_units_exponent_1': 8, 'D_layer_units_exponent_2': 8, 'D_layer_units_exponent_3': 5, 'D_layer_units_exponent_4': 9, 'D_layer_units_exponent_5': 6, 'D_layer_units_exponent_6': 6, 'log_learning_rate': -4.30917221169412, 'log_learning_rate_D': -4.7568045897407, 'training_batch_size': 12, 'training_p': 8}. Best is trial 17 with value: 0.03733406588435173.
Time for this trial:  159.2937731742859
Memory status after this trial: 
Memory allocated:  971.84619140625
Memory cached:  996.0
--------------------  Trial  30   --------------------
Start timing: 
Parameters: 
{'W_layers': 2, 'W_layer_units_exponent_0': 10, 'W_layer_units_exponent_1': 10, 'D_layers': 2, 'D_layer_units_exponent_0': 10, 'D_layer_units_exponent_1': 8, 'log_learning_rate': -3.877478516538127, 'log_learning_rate_D': -3.286259843265551, 'training_batch_size': 12, 'training_p': 8}
	 epoch  0 training error:  tensor(6.7467, device='cuda:0', grad_fn=<DivBackward0>)
	 epoch  0 test error:  tensor(2.4605, device='cuda:0', grad_fn=<DivBackward0>)
Memory status after this epoch: 
Memory allocated:  458.0595703125
Memory cached:  708.0
	 epoch  10 training error:  tensor(2.4860, device='cuda:0', grad_fn=<DivBackward0>)
	 epoch  10 test error:  tensor(0.0931, device='cuda:0', grad_fn=<DivBackward0>)
Memory status after this epoch: 
Memory allocated:  460.8251953125
Memory cached:  896.0
	 epoch  20 training error:  tensor(0.7496, device='cuda:0', grad_fn=<DivBackward0>)
	 epoch  20 test error:  tensor(0.0635, device='cuda:0', grad_fn=<DivBackward0>)
Memory status after this epoch: 
Memory allocated:  457.7783203125
Memory cached:  896.0
	 epoch  30 training error:  tensor(0.8344, device='cuda:0', grad_fn=<DivBackward0>)
	 epoch  30 test error:  tensor(0.0678, device='cuda:0', grad_fn=<DivBackward0>)
Memory status after this epoch: 
Memory allocated:  460.5439453125
Memory cached:  896.0
	 epoch  40 training error:  tensor(0.8304, device='cuda:0', grad_fn=<DivBackward0>)
	 epoch  40 test error:  tensor(0.0676, device='cuda:0', grad_fn=<DivBackward0>)
Memory status after this epoch: 
Memory allocated:  457.7783203125
Memory cached:  896.0
	 epoch  50 training error:  tensor(0.8005, device='cuda:0', grad_fn=<DivBackward0>)
	 epoch  50 test error:  tensor(0.0663, device='cuda:0', grad_fn=<DivBackward0>)
Memory status after this epoch: 
Memory allocated:  460.5439453125
Memory cached:  896.0
	 epoch  60 training error:  tensor(0.7713, device='cuda:0', grad_fn=<DivBackward0>)
	 epoch  60 test error:  tensor(0.0646, device='cuda:0', grad_fn=<DivBackward0>)
Memory status after this epoch: 
Memory allocated:  457.7783203125
Memory cached:  896.0
	 epoch  70 training error:  tensor(0.7513, device='cuda:0', grad_fn=<DivBackward0>)
	 epoch  70 test error:  tensor(0.0627, device='cuda:0', grad_fn=<DivBackward0>)
Memory status after this epoch: 
Memory allocated:  459.9814453125
Memory cached:  896.0
	 epoch  80 training error:  tensor(0.7401, device='cuda:0', grad_fn=<DivBackward0>)
	 epoch  80 test error:  tensor(0.0611, device='cuda:0', grad_fn=<DivBackward0>)
Memory status after this epoch: 
Memory allocated:  458.2470703125
Memory cached:  896.0
	 epoch  90 training error:  tensor(0.7342, device='cuda:0', grad_fn=<DivBackward0>)
	 epoch  90 test error:  tensor(0.0598, device='cuda:0', grad_fn=<DivBackward0>)
Memory status after this epoch: 
Memory allocated:  460.4501953125
Memory cached:  896.0
[I 2023-11-10 16:01:31,499] Trial 30 finished with value: 0.05897309258580208 and parameters: {'W_layers': 2, 'W_layer_units_exponent_0': 10, 'W_layer_units_exponent_1': 10, 'D_layers': 2, 'D_layer_units_exponent_0': 10, 'D_layer_units_exponent_1': 8, 'log_learning_rate': -3.877478516538127, 'log_learning_rate_D': -3.286259843265551, 'training_batch_size': 12, 'training_p': 8}. Best is trial 17 with value: 0.03733406588435173.
Time for this trial:  111.81520962715149
Memory status after this trial: 
Memory allocated:  872.55224609375
Memory cached:  896.0
--------------------  Trial  31   --------------------
Start timing: 
Parameters: 
{'W_layers': 2, 'W_layer_units_exponent_0': 10, 'W_layer_units_exponent_1': 9, 'D_layers': 7, 'D_layer_units_exponent_0': 10, 'D_layer_units_exponent_1': 9, 'D_layer_units_exponent_2': 8, 'D_layer_units_exponent_3': 5, 'D_layer_units_exponent_4': 9, 'D_layer_units_exponent_5': 6, 'D_layer_units_exponent_6': 6, 'log_learning_rate': -4.306998938534958, 'log_learning_rate_D': -4.697031243696012, 'training_batch_size': 12, 'training_p': 7}
	 epoch  0 training error:  tensor(3.7888, device='cuda:0', grad_fn=<DivBackward0>)
	 epoch  0 test error:  tensor(0.4304, device='cuda:0', grad_fn=<DivBackward0>)
Memory status after this epoch: 
Memory allocated:  494.17919921875
Memory cached:  742.0
	 epoch  10 training error:  tensor(4.0230, device='cuda:0', grad_fn=<DivBackward0>)
	 epoch  10 test error:  tensor(0.3622, device='cuda:0', grad_fn=<DivBackward0>)
Memory status after this epoch: 
Memory allocated:  494.88232421875
Memory cached:  964.0
	 epoch  20 training error:  tensor(1.0919, device='cuda:0', grad_fn=<DivBackward0>)
	 epoch  20 test error:  tensor(0.1265, device='cuda:0', grad_fn=<DivBackward0>)
Memory status after this epoch: 
Memory allocated:  493.80419921875
Memory cached:  964.0
	 epoch  30 training error:  tensor(1.3400, device='cuda:0', grad_fn=<DivBackward0>)
	 epoch  30 test error:  tensor(0.0933, device='cuda:0', grad_fn=<DivBackward0>)
Memory status after this epoch: 
Memory allocated:  495.25732421875
Memory cached:  964.0
	 epoch  40 training error:  tensor(1.0671, device='cuda:0', grad_fn=<DivBackward0>)
	 epoch  40 test error:  tensor(0.0726, device='cuda:0', grad_fn=<DivBackward0>)
Memory status after this epoch: 
Memory allocated:  493.42919921875
Memory cached:  964.0
	 epoch  50 training error:  tensor(0.9991, device='cuda:0', grad_fn=<DivBackward0>)
	 epoch  50 test error:  tensor(0.0714, device='cuda:0', grad_fn=<DivBackward0>)
Memory status after this epoch: 
Memory allocated:  495.16357421875
Memory cached:  964.0
	 epoch  60 training error:  tensor(0.9072, device='cuda:0', grad_fn=<DivBackward0>)
	 epoch  60 test error:  tensor(0.0692, device='cuda:0', grad_fn=<DivBackward0>)
Memory status after this epoch: 
Memory allocated:  493.52294921875
Memory cached:  964.0
	 epoch  70 training error:  tensor(0.7811, device='cuda:0', grad_fn=<DivBackward0>)
	 epoch  70 test error:  tensor(0.0578, device='cuda:0', grad_fn=<DivBackward0>)
Memory status after this epoch: 
Memory allocated:  495.06982421875
Memory cached:  966.0
	 epoch  80 training error:  tensor(0.5293, device='cuda:0', grad_fn=<DivBackward0>)
	 epoch  80 test error:  tensor(0.0397, device='cuda:0', grad_fn=<DivBackward0>)
Memory status after this epoch: 
Memory allocated:  493.52294921875
Memory cached:  964.0
	 epoch  90 training error:  tensor(0.5050, device='cuda:0', grad_fn=<DivBackward0>)
	 epoch  90 test error:  tensor(0.0370, device='cuda:0', grad_fn=<DivBackward0>)
Memory status after this epoch: 
Memory allocated:  495.06982421875
Memory cached:  964.0
