[I 2023-11-10 12:42:20,714] Trial 21 finished with value: 0.03947557136416435 and parameters: {'W_layers': 4, 'W_layer_units_exponent_0': 4, 'W_layer_units_exponent_1': 9, 'W_layer_units_exponent_2': 5, 'W_layer_units_exponent_3': 6, 'D_layers': 8, 'D_layer_units_exponent_0': 4, 'D_layer_units_exponent_1': 4, 'D_layer_units_exponent_2': 10, 'D_layer_units_exponent_3': 4, 'D_layer_units_exponent_4': 6, 'D_layer_units_exponent_5': 10, 'D_layer_units_exponent_6': 5, 'D_layer_units_exponent_7': 9, 'log_learning_rate': -2.4114941071846685, 'log_learning_rate_D': -4.068417408114747, 'training_batch_size': 10, 'training_p': 2}. Best is trial 17 with value: 0.03788105398416519.
Time for this trial:  176.2566659450531
Memory status after this trial: 
Memory allocated:  864.15771484375
Memory cached:  884.0
--------------------  Trial  22   --------------------
Start timing: 
Parameters: 
{'W_layers': 4, 'W_layer_units_exponent_0': 6, 'W_layer_units_exponent_1': 10, 'W_layer_units_exponent_2': 5, 'W_layer_units_exponent_3': 7, 'D_layers': 8, 'D_layer_units_exponent_0': 5, 'D_layer_units_exponent_1': 5, 'D_layer_units_exponent_2': 9, 'D_layer_units_exponent_3': 5, 'D_layer_units_exponent_4': 5, 'D_layer_units_exponent_5': 8, 'D_layer_units_exponent_6': 6, 'D_layer_units_exponent_7': 8, 'log_learning_rate': -2.5719532200593584, 'log_learning_rate_D': -3.8718408881377915, 'training_batch_size': 10, 'training_p': 2}
	 epoch  0 training error:  tensor(1.0805, device='cuda:0', grad_fn=<DivBackward0>)
	 epoch  0 test error:  tensor(5.0880, device='cuda:0', grad_fn=<DivBackward0>)
Memory status after this epoch: 
Memory allocated:  393.7802734375
Memory cached:  648.0
	 epoch  10 training error:  tensor(1.6686, device='cuda:0', grad_fn=<DivBackward0>)
	 epoch  10 test error:  tensor(0.0807, device='cuda:0', grad_fn=<DivBackward0>)
Memory status after this epoch: 
Memory allocated:  395.7021484375
Memory cached:  790.0
	 epoch  20 training error:  tensor(1.2389, device='cuda:0', grad_fn=<DivBackward0>)
	 epoch  20 test error:  tensor(0.0907, device='cuda:0', grad_fn=<DivBackward0>)
Memory status after this epoch: 
Memory allocated:  393.7802734375
Memory cached:  790.0
	 epoch  30 training error:  tensor(0.9770, device='cuda:0', grad_fn=<DivBackward0>)
	 epoch  30 test error:  tensor(0.0725, device='cuda:0', grad_fn=<DivBackward0>)
Memory status after this epoch: 
Memory allocated:  395.7021484375
Memory cached:  790.0
	 epoch  40 training error:  tensor(0.9924, device='cuda:0', grad_fn=<DivBackward0>)
	 epoch  40 test error:  tensor(0.0724, device='cuda:0', grad_fn=<DivBackward0>)
Memory status after this epoch: 
Memory allocated:  393.7802734375
Memory cached:  790.0
	 epoch  50 training error:  tensor(0.9866, device='cuda:0', grad_fn=<DivBackward0>)
	 epoch  50 test error:  tensor(0.0723, device='cuda:0', grad_fn=<DivBackward0>)
Memory status after this epoch: 
Memory allocated:  395.7021484375
Memory cached:  792.0
	 epoch  60 training error:  tensor(0.9795, device='cuda:0', grad_fn=<DivBackward0>)
	 epoch  60 test error:  tensor(0.0724, device='cuda:0', grad_fn=<DivBackward0>)
Memory status after this epoch: 
Memory allocated:  393.7802734375
Memory cached:  792.0
	 epoch  70 training error:  tensor(0.9759, device='cuda:0', grad_fn=<DivBackward0>)
	 epoch  70 test error:  tensor(0.0727, device='cuda:0', grad_fn=<DivBackward0>)
Memory status after this epoch: 
Memory allocated:  395.7021484375
Memory cached:  794.0
	 epoch  80 training error:  tensor(0.9749, device='cuda:0', grad_fn=<DivBackward0>)
	 epoch  80 test error:  tensor(0.0729, device='cuda:0', grad_fn=<DivBackward0>)
Memory status after this epoch: 
Memory allocated:  393.7802734375
Memory cached:  792.0
	 epoch  90 training error:  tensor(0.9740, device='cuda:0', grad_fn=<DivBackward0>)
	 epoch  90 test error:  tensor(0.0729, device='cuda:0', grad_fn=<DivBackward0>)
Memory status after this epoch: 
Memory allocated:  395.7021484375
Memory cached:  794.0
[I 2023-11-10 12:45:11,331] Trial 22 finished with value: 0.07273463904857635 and parameters: {'W_layers': 4, 'W_layer_units_exponent_0': 6, 'W_layer_units_exponent_1': 10, 'W_layer_units_exponent_2': 5, 'W_layer_units_exponent_3': 7, 'D_layers': 8, 'D_layer_units_exponent_0': 5, 'D_layer_units_exponent_1': 5, 'D_layer_units_exponent_2': 9, 'D_layer_units_exponent_3': 5, 'D_layer_units_exponent_4': 5, 'D_layer_units_exponent_5': 8, 'D_layer_units_exponent_6': 6, 'D_layer_units_exponent_7': 8, 'log_learning_rate': -2.5719532200593584, 'log_learning_rate_D': -3.8718408881377915, 'training_batch_size': 10, 'training_p': 2}. Best is trial 17 with value: 0.03788105398416519.
Time for this trial:  170.31297659873962
Memory status after this trial: 
Memory allocated:  772.11669921875
Memory cached:  794.0
--------------------  Trial  23   --------------------
Start timing: 
Parameters: 
{'W_layers': 5, 'W_layer_units_exponent_0': 4, 'W_layer_units_exponent_1': 9, 'W_layer_units_exponent_2': 7, 'W_layer_units_exponent_3': 6, 'W_layer_units_exponent_4': 5, 'D_layers': 6, 'D_layer_units_exponent_0': 4, 'D_layer_units_exponent_1': 4, 'D_layer_units_exponent_2': 10, 'D_layer_units_exponent_3': 7, 'D_layer_units_exponent_4': 7, 'D_layer_units_exponent_5': 10, 'log_learning_rate': -2.359417494168657, 'log_learning_rate_D': -4.477069958228819, 'training_batch_size': 11, 'training_p': 2}
	 epoch  0 training error:  tensor(2.0239, device='cuda:0', grad_fn=<DivBackward0>)
	 epoch  0 test error:  tensor(4.7037, device='cuda:0', grad_fn=<DivBackward0>)
Memory status after this epoch: 
Memory allocated:  432.0244140625
Memory cached:  668.0
	 epoch  10 training error:  tensor(2.1620, device='cuda:0', grad_fn=<DivBackward0>)
	 epoch  10 test error:  tensor(0.2155, device='cuda:0', grad_fn=<DivBackward0>)
Memory status after this epoch: 
Memory allocated:  430.1025390625
Memory cached:  858.0
	 epoch  20 training error:  tensor(1.3244, device='cuda:0', grad_fn=<DivBackward0>)
	 epoch  20 test error:  tensor(0.0856, device='cuda:0', grad_fn=<DivBackward0>)
Memory status after this epoch: 
Memory allocated:  432.0244140625
Memory cached:  858.0
	 epoch  30 training error:  tensor(0.9809, device='cuda:0', grad_fn=<DivBackward0>)
	 epoch  30 test error:  tensor(0.0749, device='cuda:0', grad_fn=<DivBackward0>)
Memory status after this epoch: 
Memory allocated:  430.1025390625
Memory cached:  858.0
	 epoch  40 training error:  tensor(0.9716, device='cuda:0', grad_fn=<DivBackward0>)
	 epoch  40 test error:  tensor(0.0724, device='cuda:0', grad_fn=<DivBackward0>)
Memory status after this epoch: 
Memory allocated:  432.0244140625
Memory cached:  860.0
	 epoch  50 training error:  tensor(0.9752, device='cuda:0', grad_fn=<DivBackward0>)
	 epoch  50 test error:  tensor(0.0717, device='cuda:0', grad_fn=<DivBackward0>)
Memory status after this epoch: 
Memory allocated:  430.1025390625
Memory cached:  860.0
	 epoch  60 training error:  tensor(0.9674, device='cuda:0', grad_fn=<DivBackward0>)
	 epoch  60 test error:  tensor(0.0727, device='cuda:0', grad_fn=<DivBackward0>)
Memory status after this epoch: 
Memory allocated:  432.0244140625
Memory cached:  860.0
	 epoch  70 training error:  tensor(0.9587, device='cuda:0', grad_fn=<DivBackward0>)
	 epoch  70 test error:  tensor(0.0713, device='cuda:0', grad_fn=<DivBackward0>)
Memory status after this epoch: 
Memory allocated:  430.1025390625
Memory cached:  860.0
	 epoch  80 training error:  tensor(0.9459, device='cuda:0', grad_fn=<DivBackward0>)
	 epoch  80 test error:  tensor(0.0708, device='cuda:0', grad_fn=<DivBackward0>)
Memory status after this epoch: 
Memory allocated:  432.0244140625
Memory cached:  858.0
	 epoch  90 training error:  tensor(0.9182, device='cuda:0', grad_fn=<DivBackward0>)
	 epoch  90 test error:  tensor(0.0687, device='cuda:0', grad_fn=<DivBackward0>)
Memory status after this epoch: 
Memory allocated:  430.1025390625
Memory cached:  860.0
[I 2023-11-10 12:47:59,103] Trial 23 finished with value: 0.0645790845155716 and parameters: {'W_layers': 5, 'W_layer_units_exponent_0': 4, 'W_layer_units_exponent_1': 9, 'W_layer_units_exponent_2': 7, 'W_layer_units_exponent_3': 6, 'W_layer_units_exponent_4': 5, 'D_layers': 6, 'D_layer_units_exponent_0': 4, 'D_layer_units_exponent_1': 4, 'D_layer_units_exponent_2': 10, 'D_layer_units_exponent_3': 7, 'D_layer_units_exponent_4': 7, 'D_layer_units_exponent_5': 10, 'log_learning_rate': -2.359417494168657, 'log_learning_rate_D': -4.477069958228819, 'training_batch_size': 11, 'training_p': 2}. Best is trial 17 with value: 0.03788105398416519.
Time for this trial:  167.4549536705017
Memory status after this trial: 
Memory allocated:  840.13232421875
Memory cached:  862.0
--------------------  Trial  24   --------------------
Start timing: 
Parameters: 
{'W_layers': 3, 'W_layer_units_exponent_0': 5, 'W_layer_units_exponent_1': 9, 'W_layer_units_exponent_2': 6, 'D_layers': 8, 'D_layer_units_exponent_0': 5, 'D_layer_units_exponent_1': 5, 'D_layer_units_exponent_2': 9, 'D_layer_units_exponent_3': 5, 'D_layer_units_exponent_4': 5, 'D_layer_units_exponent_5': 8, 'D_layer_units_exponent_6': 8, 'D_layer_units_exponent_7': 8, 'log_learning_rate': -1.7926640834836873, 'log_learning_rate_D': -3.7844208280801768, 'training_batch_size': 11, 'training_p': 4}
	 epoch  0 training error:  tensor(12.9507, device='cuda:0', grad_fn=<DivBackward0>)
	 epoch  0 test error:  tensor(22.9767, device='cuda:0', grad_fn=<DivBackward0>)
Memory status after this epoch: 
Memory allocated:  370.431640625
Memory cached:  624.0
	 epoch  10 training error:  tensor(1., device='cuda:0', grad_fn=<DivBackward0>)
	 epoch  10 test error:  tensor(0.0725, device='cuda:0', grad_fn=<DivBackward0>)
Memory status after this epoch: 
Memory allocated:  372.353515625
Memory cached:  742.0
	 epoch  20 training error:  tensor(1., device='cuda:0', grad_fn=<DivBackward0>)
	 epoch  20 test error:  tensor(0.0725, device='cuda:0', grad_fn=<DivBackward0>)
Memory status after this epoch: 
Memory allocated:  370.431640625
Memory cached:  744.0
	 epoch  30 training error:  tensor(1., device='cuda:0', grad_fn=<DivBackward0>)
	 epoch  30 test error:  tensor(0.0725, device='cuda:0', grad_fn=<DivBackward0>)
Memory status after this epoch: 
Memory allocated:  372.353515625
Memory cached:  742.0
	 epoch  40 training error:  tensor(1., device='cuda:0', grad_fn=<DivBackward0>)
	 epoch  40 test error:  tensor(0.0725, device='cuda:0', grad_fn=<DivBackward0>)
Memory status after this epoch: 
Memory allocated:  370.431640625
Memory cached:  742.0
	 epoch  50 training error:  tensor(1., device='cuda:0', grad_fn=<DivBackward0>)
	 epoch  50 test error:  tensor(0.0725, device='cuda:0', grad_fn=<DivBackward0>)
Memory status after this epoch: 
Memory allocated:  372.353515625
Memory cached:  742.0
	 epoch  60 training error:  tensor(1., device='cuda:0', grad_fn=<DivBackward0>)
	 epoch  60 test error:  tensor(0.0725, device='cuda:0', grad_fn=<DivBackward0>)
Memory status after this epoch: 
Memory allocated:  370.431640625
Memory cached:  742.0
	 epoch  70 training error:  tensor(1., device='cuda:0', grad_fn=<DivBackward0>)
	 epoch  70 test error:  tensor(0.0725, device='cuda:0', grad_fn=<DivBackward0>)
Memory status after this epoch: 
Memory allocated:  372.353515625
Memory cached:  742.0
	 epoch  80 training error:  tensor(1., device='cuda:0', grad_fn=<DivBackward0>)
	 epoch  80 test error:  tensor(0.0725, device='cuda:0', grad_fn=<DivBackward0>)
Memory status after this epoch: 
Memory allocated:  370.431640625
Memory cached:  742.0
	 epoch  90 training error:  tensor(1., device='cuda:0', grad_fn=<DivBackward0>)
	 epoch  90 test error:  tensor(0.0725, device='cuda:0', grad_fn=<DivBackward0>)
Memory status after this epoch: 
Memory allocated:  372.353515625
Memory cached:  742.0
[I 2023-11-10 12:50:41,880] Trial 24 finished with value: 0.07248195260763168 and parameters: {'W_layers': 3, 'W_layer_units_exponent_0': 5, 'W_layer_units_exponent_1': 9, 'W_layer_units_exponent_2': 6, 'D_layers': 8, 'D_layer_units_exponent_0': 5, 'D_layer_units_exponent_1': 5, 'D_layer_units_exponent_2': 9, 'D_layer_units_exponent_3': 5, 'D_layer_units_exponent_4': 5, 'D_layer_units_exponent_5': 8, 'D_layer_units_exponent_6': 8, 'D_layer_units_exponent_7': 8, 'log_learning_rate': -1.7926640834836873, 'log_learning_rate_D': -3.7844208280801768, 'training_batch_size': 11, 'training_p': 4}. Best is trial 17 with value: 0.03788105398416519.
Time for this trial:  162.47052597999573
Memory status after this trial: 
Memory allocated:  724.39990234375
Memory cached:  742.0
--------------------  Trial  25   --------------------
Start timing: 
Parameters: 
{'W_layers': 6, 'W_layer_units_exponent_0': 6, 'W_layer_units_exponent_1': 10, 'W_layer_units_exponent_2': 4, 'W_layer_units_exponent_3': 7, 'W_layer_units_exponent_4': 8, 'W_layer_units_exponent_5': 4, 'D_layers': 8, 'D_layer_units_exponent_0': 4, 'D_layer_units_exponent_1': 4, 'D_layer_units_exponent_2': 10, 'D_layer_units_exponent_3': 9, 'D_layer_units_exponent_4': 6, 'D_layer_units_exponent_5': 7, 'D_layer_units_exponent_6': 6, 'D_layer_units_exponent_7': 10, 'log_learning_rate': -2.5386433746363117, 'log_learning_rate_D': -4.960667327244593, 'training_batch_size': 9, 'training_p': 3}
	 epoch  0 training error:  tensor(1.1420, device='cuda:0', grad_fn=<DivBackward0>)
	 epoch  0 test error:  tensor(0.9460, device='cuda:0', grad_fn=<DivBackward0>)
Memory status after this epoch: 
Memory allocated:  505.3232421875
Memory cached:  734.0
	 epoch  10 training error:  tensor(2.3454, device='cuda:0', grad_fn=<DivBackward0>)
	 epoch  10 test error:  tensor(0.0881, device='cuda:0', grad_fn=<DivBackward0>)
Memory status after this epoch: 
Memory allocated:  505.6513671875
Memory cached:  992.0
	 epoch  20 training error:  tensor(1.1863, device='cuda:0', grad_fn=<DivBackward0>)
	 epoch  20 test error:  tensor(0.0848, device='cuda:0', grad_fn=<DivBackward0>)
Memory status after this epoch: 
Memory allocated:  505.3232421875
Memory cached:  992.0
	 epoch  30 training error:  tensor(1.0586, device='cuda:0', grad_fn=<DivBackward0>)
	 epoch  30 test error:  tensor(0.0745, device='cuda:0', grad_fn=<DivBackward0>)
Memory status after this epoch: 
Memory allocated:  505.6513671875
Memory cached:  992.0
	 epoch  40 training error:  tensor(1.0188, device='cuda:0', grad_fn=<DivBackward0>)
	 epoch  40 test error:  tensor(0.0731, device='cuda:0', grad_fn=<DivBackward0>)
Memory status after this epoch: 
Memory allocated:  505.3232421875
Memory cached:  992.0
	 epoch  50 training error:  tensor(1.0033, device='cuda:0', grad_fn=<DivBackward0>)
	 epoch  50 test error:  tensor(0.0727, device='cuda:0', grad_fn=<DivBackward0>)
Memory status after this epoch: 
Memory allocated:  505.6513671875
Memory cached:  994.0
	 epoch  60 training error:  tensor(0.9979, device='cuda:0', grad_fn=<DivBackward0>)
	 epoch  60 test error:  tensor(0.0724, device='cuda:0', grad_fn=<DivBackward0>)
Memory status after this epoch: 
Memory allocated:  505.3232421875
Memory cached:  994.0
	 epoch  70 training error:  tensor(0.9965, device='cuda:0', grad_fn=<DivBackward0>)
	 epoch  70 test error:  tensor(0.0724, device='cuda:0', grad_fn=<DivBackward0>)
Memory status after this epoch: 
Memory allocated:  505.6513671875
Memory cached:  992.0
	 epoch  80 training error:  tensor(0.9963, device='cuda:0', grad_fn=<DivBackward0>)
	 epoch  80 test error:  tensor(0.0723, device='cuda:0', grad_fn=<DivBackward0>)
Memory status after this epoch: 
Memory allocated:  505.3232421875
Memory cached:  994.0
	 epoch  90 training error:  tensor(0.9962, device='cuda:0', grad_fn=<DivBackward0>)
	 epoch  90 test error:  tensor(0.0723, device='cuda:0', grad_fn=<DivBackward0>)
Memory status after this epoch: 
Memory allocated:  505.6513671875
Memory cached:  994.0
[I 2023-11-10 12:54:03,825] Trial 25 finished with value: 0.07231469452381134 and parameters: {'W_layers': 6, 'W_layer_units_exponent_0': 6, 'W_layer_units_exponent_1': 10, 'W_layer_units_exponent_2': 4, 'W_layer_units_exponent_3': 7, 'W_layer_units_exponent_4': 8, 'W_layer_units_exponent_5': 4, 'D_layers': 8, 'D_layer_units_exponent_0': 4, 'D_layer_units_exponent_1': 4, 'D_layer_units_exponent_2': 10, 'D_layer_units_exponent_3': 9, 'D_layer_units_exponent_4': 6, 'D_layer_units_exponent_5': 7, 'D_layer_units_exponent_6': 6, 'D_layer_units_exponent_7': 10, 'log_learning_rate': -2.5386433746363117, 'log_learning_rate_D': -4.960667327244593, 'training_batch_size': 9, 'training_p': 3}. Best is trial 17 with value: 0.03788105398416519.
Time for this trial:  201.61955904960632
Memory status after this trial: 
Memory allocated:  977.41650390625
Memory cached:  992.0
--------------------  Trial  26   --------------------
Start timing: 
Parameters: 
{'W_layers': 4, 'W_layer_units_exponent_0': 4, 'W_layer_units_exponent_1': 9, 'W_layer_units_exponent_2': 5, 'W_layer_units_exponent_3': 5, 'D_layers': 6, 'D_layer_units_exponent_0': 5, 'D_layer_units_exponent_1': 6, 'D_layer_units_exponent_2': 9, 'D_layer_units_exponent_3': 4, 'D_layer_units_exponent_4': 8, 'D_layer_units_exponent_5': 9, 'log_learning_rate': -3.2270474792668398, 'log_learning_rate_D': -4.094990031202039, 'training_batch_size': 10, 'training_p': 5}
	 epoch  0 training error:  tensor(6.0692, device='cuda:0', grad_fn=<DivBackward0>)
	 epoch  0 test error:  tensor(0.0726, device='cuda:0', grad_fn=<DivBackward0>)
Memory status after this epoch: 
Memory allocated:  370.2783203125
Memory cached:  624.0
	 epoch  10 training error:  tensor(1.7881, device='cuda:0', grad_fn=<DivBackward0>)
	 epoch  10 test error:  tensor(0.1722, device='cuda:0', grad_fn=<DivBackward0>)
Memory status after this epoch: 
Memory allocated:  368.7783203125
Memory cached:  738.0
	 epoch  20 training error:  tensor(1.3407, device='cuda:0', grad_fn=<DivBackward0>)
	 epoch  20 test error:  tensor(0.1002, device='cuda:0', grad_fn=<DivBackward0>)
Memory status after this epoch: 
Memory allocated:  370.7001953125
Memory cached:  740.0
	 epoch  30 training error:  tensor(1.0222, device='cuda:0', grad_fn=<DivBackward0>)
	 epoch  30 test error:  tensor(0.0724, device='cuda:0', grad_fn=<DivBackward0>)
Memory status after this epoch: 
Memory allocated:  368.3095703125
Memory cached:  738.0
	 epoch  40 training error:  tensor(1.0169, device='cuda:0', grad_fn=<DivBackward0>)
	 epoch  40 test error:  tensor(0.0705, device='cuda:0', grad_fn=<DivBackward0>)
Memory status after this epoch: 
Memory allocated:  370.7001953125
Memory cached:  738.0
	 epoch  50 training error:  tensor(0.7343, device='cuda:0', grad_fn=<DivBackward0>)
	 epoch  50 test error:  tensor(0.0506, device='cuda:0', grad_fn=<DivBackward0>)
Memory status after this epoch: 
Memory allocated:  368.3095703125
Memory cached:  740.0
	 epoch  60 training error:  tensor(0.5578, device='cuda:0', grad_fn=<DivBackward0>)
	 epoch  60 test error:  tensor(0.0377, device='cuda:0', grad_fn=<DivBackward0>)
Memory status after this epoch: 
Memory allocated:  370.7001953125
Memory cached:  740.0
	 epoch  70 training error:  tensor(0.5137, device='cuda:0', grad_fn=<DivBackward0>)
	 epoch  70 test error:  tensor(0.0407, device='cuda:0', grad_fn=<DivBackward0>)
Memory status after this epoch: 
Memory allocated:  368.3095703125
Memory cached:  738.0
	 epoch  80 training error:  tensor(0.4863, device='cuda:0', grad_fn=<DivBackward0>)
	 epoch  80 test error:  tensor(0.0375, device='cuda:0', grad_fn=<DivBackward0>)
Memory status after this epoch: 
Memory allocated:  370.7001953125
Memory cached:  738.0
	 epoch  90 training error:  tensor(0.4841, device='cuda:0', grad_fn=<DivBackward0>)
	 epoch  90 test error:  tensor(0.0391, device='cuda:0', grad_fn=<DivBackward0>)
Memory status after this epoch: 
Memory allocated:  368.3095703125
Memory cached:  738.0
