[I 2023-11-16 17:20:09,899] Trial 27 finished with value: 3.953758955001831 and parameters: {'W_layers': 6, 'W_layer_units_exponent_0': 10, 'W_layer_units_exponent_1': 6, 'W_layer_units_exponent_2': 8, 'W_layer_units_exponent_3': 5, 'W_layer_units_exponent_4': 4, 'W_layer_units_exponent_5': 6, 'D_layers': 6, 'D_layer_units_exponent_0': 4, 'D_layer_units_exponent_1': 5, 'D_layer_units_exponent_2': 10, 'D_layer_units_exponent_3': 8, 'D_layer_units_exponent_4': 10, 'D_layer_units_exponent_5': 8, 'D_dagger_layers': 5, 'D_dagger_layer_units_exponent_0': 5, 'D_dagger_layer_units_exponent_1': 8, 'D_dagger_layer_units_exponent_2': 6, 'D_dagger_layer_units_exponent_3': 9, 'D_dagger_layer_units_exponent_4': 5, 'log_learning_rate': -1.2564723370213633, 'log_learning_rate_D': -2.719734149661372, 'log_learning_rate_D_dagger': -3.3776423718493773, 'training_batch_size': 6, 'training_p': 4}. Best is trial 25 with value: 0.7502580285072327.
Time for this trial:  22.144346475601196
Memory status after this trial: 
Memory allocated:  129.478515625
Memory cached:  138.0
--------------------  Trial  28   --------------------
Start timing: 
Parameters: 
{'W_layers': 5, 'W_layer_units_exponent_0': 8, 'W_layer_units_exponent_1': 10, 'W_layer_units_exponent_2': 9, 'W_layer_units_exponent_3': 7, 'W_layer_units_exponent_4': 6, 'D_layers': 5, 'D_layer_units_exponent_0': 5, 'D_layer_units_exponent_1': 4, 'D_layer_units_exponent_2': 9, 'D_layer_units_exponent_3': 9, 'D_layer_units_exponent_4': 7, 'D_dagger_layers': 5, 'D_dagger_layer_units_exponent_0': 4, 'D_dagger_layer_units_exponent_1': 7, 'D_dagger_layer_units_exponent_2': 5, 'D_dagger_layer_units_exponent_3': 8, 'D_dagger_layer_units_exponent_4': 8, 'log_learning_rate': -1.805927377760699, 'log_learning_rate_D': -3.442277191089538, 'log_learning_rate_D_dagger': -3.699961548787191, 'training_batch_size': 7, 'training_p': 7}
	 epoch  0 training error:  tensor(65.8007, device='cuda:0', grad_fn=<DivBackward0>)
Memory status after this epoch: 
Memory allocated:  16.22314453125
Memory cached:  46.0
	 epoch  10 training error:  tensor(40.9607, device='cuda:0', grad_fn=<DivBackward0>)
Memory status after this epoch: 
Memory allocated:  16.22314453125
Memory cached:  48.0
	 epoch  20 training error:  tensor(8.6867, device='cuda:0', grad_fn=<DivBackward0>)
Memory status after this epoch: 
Memory allocated:  16.22314453125
Memory cached:  48.0
	 epoch  30 training error:  tensor(6.7186, device='cuda:0', grad_fn=<DivBackward0>)
Memory status after this epoch: 
Memory allocated:  16.22314453125
Memory cached:  48.0
	 epoch  40 training error:  tensor(1.9565, device='cuda:0', grad_fn=<DivBackward0>)
Memory status after this epoch: 
Memory allocated:  16.22314453125
Memory cached:  48.0
	 epoch  50 training error:  tensor(1.5857, device='cuda:0', grad_fn=<DivBackward0>)
Memory status after this epoch: 
Memory allocated:  16.22314453125
Memory cached:  48.0
	 epoch  60 training error:  tensor(1.0105, device='cuda:0', grad_fn=<DivBackward0>)
Memory status after this epoch: 
Memory allocated:  16.22314453125
Memory cached:  48.0
	 epoch  70 training error:  tensor(1.1268, device='cuda:0', grad_fn=<DivBackward0>)
Memory status after this epoch: 
Memory allocated:  16.22314453125
Memory cached:  48.0
	 epoch  80 training error:  tensor(0.9774, device='cuda:0', grad_fn=<DivBackward0>)
Memory status after this epoch: 
Memory allocated:  16.22314453125
Memory cached:  48.0
	 epoch  90 training error:  tensor(0.9433, device='cuda:0', grad_fn=<DivBackward0>)
Memory status after this epoch: 
Memory allocated:  16.22314453125
Memory cached:  48.0
[I 2023-11-16 17:20:29,404] Trial 28 finished with value: 0.8109580278396606 and parameters: {'W_layers': 5, 'W_layer_units_exponent_0': 8, 'W_layer_units_exponent_1': 10, 'W_layer_units_exponent_2': 9, 'W_layer_units_exponent_3': 7, 'W_layer_units_exponent_4': 6, 'D_layers': 5, 'D_layer_units_exponent_0': 5, 'D_layer_units_exponent_1': 4, 'D_layer_units_exponent_2': 9, 'D_layer_units_exponent_3': 9, 'D_layer_units_exponent_4': 7, 'D_dagger_layers': 5, 'D_dagger_layer_units_exponent_0': 4, 'D_dagger_layer_units_exponent_1': 7, 'D_dagger_layer_units_exponent_2': 5, 'D_dagger_layer_units_exponent_3': 8, 'D_dagger_layer_units_exponent_4': 8, 'log_learning_rate': -1.805927377760699, 'log_learning_rate_D': -3.442277191089538, 'log_learning_rate_D_dagger': -3.699961548787191, 'training_batch_size': 7, 'training_p': 7}. Best is trial 25 with value: 0.7502580285072327.
Time for this trial:  19.299402236938477
Memory status after this trial: 
Memory allocated:  152.6611328125
Memory cached:  182.0
--------------------  Trial  29   --------------------
Start timing: 
Parameters: 
{'W_layers': 4, 'W_layer_units_exponent_0': 4, 'W_layer_units_exponent_1': 9, 'W_layer_units_exponent_2': 7, 'W_layer_units_exponent_3': 5, 'D_layers': 6, 'D_layer_units_exponent_0': 4, 'D_layer_units_exponent_1': 6, 'D_layer_units_exponent_2': 8, 'D_layer_units_exponent_3': 7, 'D_layer_units_exponent_4': 7, 'D_layer_units_exponent_5': 10, 'D_dagger_layers': 3, 'D_dagger_layer_units_exponent_0': 6, 'D_dagger_layer_units_exponent_1': 9, 'D_dagger_layer_units_exponent_2': 8, 'log_learning_rate': -1.2938918283766718, 'log_learning_rate_D': -3.0581148336750283, 'log_learning_rate_D_dagger': -4.070203035806712, 'training_batch_size': 7, 'training_p': 3}
	 epoch  0 training error:  tensor(106.3519, device='cuda:0', grad_fn=<DivBackward0>)
Memory status after this epoch: 
Memory allocated:  4.64794921875
Memory cached:  12.0
	 epoch  10 training error:  tensor(49.2118, device='cuda:0', grad_fn=<DivBackward0>)
Memory status after this epoch: 
Memory allocated:  4.64794921875
Memory cached:  14.0
	 epoch  20 training error:  tensor(22.0830, device='cuda:0', grad_fn=<DivBackward0>)
Memory status after this epoch: 
Memory allocated:  4.64794921875
Memory cached:  14.0
	 epoch  30 training error:  tensor(10.3368, device='cuda:0', grad_fn=<DivBackward0>)
Memory status after this epoch: 
Memory allocated:  4.64794921875
Memory cached:  14.0
	 epoch  40 training error:  tensor(5.7644, device='cuda:0', grad_fn=<DivBackward0>)
Memory status after this epoch: 
Memory allocated:  4.64794921875
Memory cached:  14.0
	 epoch  50 training error:  tensor(3.2351, device='cuda:0', grad_fn=<DivBackward0>)
Memory status after this epoch: 
Memory allocated:  4.64794921875
Memory cached:  14.0
	 epoch  60 training error:  tensor(1.3749, device='cuda:0', grad_fn=<DivBackward0>)
Memory status after this epoch: 
Memory allocated:  4.64794921875
Memory cached:  14.0
	 epoch  70 training error:  tensor(1.1807, device='cuda:0', grad_fn=<DivBackward0>)
Memory status after this epoch: 
Memory allocated:  4.64794921875
Memory cached:  14.0
	 epoch  80 training error:  tensor(0.9527, device='cuda:0', grad_fn=<DivBackward0>)
Memory status after this epoch: 
Memory allocated:  4.64794921875
Memory cached:  14.0
	 epoch  90 training error:  tensor(0.9539, device='cuda:0', grad_fn=<DivBackward0>)
Memory status after this epoch: 
Memory allocated:  4.64794921875
Memory cached:  12.0
[I 2023-11-16 17:20:47,038] Trial 29 finished with value: 0.9730982780456543 and parameters: {'W_layers': 4, 'W_layer_units_exponent_0': 4, 'W_layer_units_exponent_1': 9, 'W_layer_units_exponent_2': 7, 'W_layer_units_exponent_3': 5, 'D_layers': 6, 'D_layer_units_exponent_0': 4, 'D_layer_units_exponent_1': 6, 'D_layer_units_exponent_2': 8, 'D_layer_units_exponent_3': 7, 'D_layer_units_exponent_4': 7, 'D_layer_units_exponent_5': 10, 'D_dagger_layers': 3, 'D_dagger_layer_units_exponent_0': 6, 'D_dagger_layer_units_exponent_1': 9, 'D_dagger_layer_units_exponent_2': 8, 'log_learning_rate': -1.2938918283766718, 'log_learning_rate_D': -3.0581148336750283, 'log_learning_rate_D_dagger': -4.070203035806712, 'training_batch_size': 7, 'training_p': 3}. Best is trial 25 with value: 0.7502580285072327.
Time for this trial:  17.43106508255005
Memory status after this trial: 
Memory allocated:  84.2060546875
Memory cached:  98.0
--------------------  Trial  30   --------------------
Start timing: 
Parameters: 
{'W_layers': 5, 'W_layer_units_exponent_0': 10, 'W_layer_units_exponent_1': 7, 'W_layer_units_exponent_2': 7, 'W_layer_units_exponent_3': 7, 'W_layer_units_exponent_4': 6, 'D_layers': 5, 'D_layer_units_exponent_0': 6, 'D_layer_units_exponent_1': 6, 'D_layer_units_exponent_2': 9, 'D_layer_units_exponent_3': 8, 'D_layer_units_exponent_4': 8, 'D_dagger_layers': 3, 'D_dagger_layer_units_exponent_0': 4, 'D_dagger_layer_units_exponent_1': 6, 'D_dagger_layer_units_exponent_2': 6, 'log_learning_rate': -1.0158523903042749, 'log_learning_rate_D': -3.5766133023762245, 'log_learning_rate_D_dagger': -3.790127203439995, 'training_batch_size': 8, 'training_p': 6}
	 epoch  0 training error:  tensor(67.0385, device='cuda:0', grad_fn=<DivBackward0>)
Memory status after this epoch: 
Memory allocated:  3.80908203125
Memory cached:  6.0
	 epoch  10 training error:  tensor(inf, device='cuda:0', grad_fn=<DivBackward0>)
Memory status after this epoch: 
Memory allocated:  3.80908203125
Memory cached:  6.0
	 epoch  20 training error:  tensor(inf, device='cuda:0', grad_fn=<DivBackward0>)
Memory status after this epoch: 
Memory allocated:  3.80908203125
Memory cached:  6.0
[W 2023-11-16 17:20:52,742] Trial 30 failed with parameters: {'W_layers': 5, 'W_layer_units_exponent_0': 10, 'W_layer_units_exponent_1': 7, 'W_layer_units_exponent_2': 7, 'W_layer_units_exponent_3': 7, 'W_layer_units_exponent_4': 6, 'D_layers': 5, 'D_layer_units_exponent_0': 6, 'D_layer_units_exponent_1': 6, 'D_layer_units_exponent_2': 9, 'D_layer_units_exponent_3': 8, 'D_layer_units_exponent_4': 8, 'D_dagger_layers': 3, 'D_dagger_layer_units_exponent_0': 4, 'D_dagger_layer_units_exponent_1': 6, 'D_dagger_layer_units_exponent_2': 6, 'log_learning_rate': -1.0158523903042749, 'log_learning_rate_D': -3.5766133023762245, 'log_learning_rate_D_dagger': -3.790127203439995, 'training_batch_size': 8, 'training_p': 6} because of the following error: The value nan is not acceptable.
[W 2023-11-16 17:20:52,742] Trial 30 failed with value tensor(nan, device='cuda:0', grad_fn=<DivBackward0>).
Time for this trial:  5.4920008182525635
Memory status after this trial: 
Memory allocated:  87.91015625
Memory cached:  118.0
--------------------  Trial  31   --------------------
Start timing: 
Parameters: 
{'W_layers': 5, 'W_layer_units_exponent_0': 10, 'W_layer_units_exponent_1': 7, 'W_layer_units_exponent_2': 7, 'W_layer_units_exponent_3': 7, 'W_layer_units_exponent_4': 6, 'D_layers': 5, 'D_layer_units_exponent_0': 6, 'D_layer_units_exponent_1': 6, 'D_layer_units_exponent_2': 9, 'D_layer_units_exponent_3': 8, 'D_layer_units_exponent_4': 8, 'D_dagger_layers': 3, 'D_dagger_layer_units_exponent_0': 4, 'D_dagger_layer_units_exponent_1': 6, 'D_dagger_layer_units_exponent_2': 6, 'log_learning_rate': -1.0748016082361134, 'log_learning_rate_D': -3.590687983028251, 'log_learning_rate_D_dagger': -3.8085129332217385, 'training_batch_size': 8, 'training_p': 8}
	 epoch  0 training error:  tensor(60.2863, device='cuda:0', grad_fn=<DivBackward0>)
Memory status after this epoch: 
Memory allocated:  3.80908203125
Memory cached:  6.0
	 epoch  10 training error:  tensor(48.3772, device='cuda:0', grad_fn=<DivBackward0>)
Memory status after this epoch: 
Memory allocated:  3.80908203125
Memory cached:  6.0
	 epoch  20 training error:  tensor(inf, device='cuda:0', grad_fn=<DivBackward0>)
Memory status after this epoch: 
Memory allocated:  3.80908203125
Memory cached:  6.0
[W 2023-11-16 17:20:57,034] Trial 31 failed with parameters: {'W_layers': 5, 'W_layer_units_exponent_0': 10, 'W_layer_units_exponent_1': 7, 'W_layer_units_exponent_2': 7, 'W_layer_units_exponent_3': 7, 'W_layer_units_exponent_4': 6, 'D_layers': 5, 'D_layer_units_exponent_0': 6, 'D_layer_units_exponent_1': 6, 'D_layer_units_exponent_2': 9, 'D_layer_units_exponent_3': 8, 'D_layer_units_exponent_4': 8, 'D_dagger_layers': 3, 'D_dagger_layer_units_exponent_0': 4, 'D_dagger_layer_units_exponent_1': 6, 'D_dagger_layer_units_exponent_2': 6, 'log_learning_rate': -1.0748016082361134, 'log_learning_rate_D': -3.590687983028251, 'log_learning_rate_D_dagger': -3.8085129332217385, 'training_batch_size': 8, 'training_p': 8} because of the following error: The value nan is not acceptable.
[W 2023-11-16 17:20:57,035] Trial 31 failed with value tensor(nan, device='cuda:0', grad_fn=<DivBackward0>).
Time for this trial:  4.087654113769531
Memory status after this trial: 
Memory allocated:  87.91015625
Memory cached:  118.0
--------------------  Trial  32   --------------------
Start timing: 
Parameters: 
{'W_layers': 5, 'W_layer_units_exponent_0': 10, 'W_layer_units_exponent_1': 7, 'W_layer_units_exponent_2': 7, 'W_layer_units_exponent_3': 7, 'W_layer_units_exponent_4': 6, 'D_layers': 5, 'D_layer_units_exponent_0': 6, 'D_layer_units_exponent_1': 6, 'D_layer_units_exponent_2': 9, 'D_layer_units_exponent_3': 10, 'D_layer_units_exponent_4': 8, 'D_dagger_layers': 3, 'D_dagger_layer_units_exponent_0': 4, 'D_dagger_layer_units_exponent_1': 6, 'D_dagger_layer_units_exponent_2': 6, 'log_learning_rate': -1.008930522965642, 'log_learning_rate_D': -3.6592456306392704, 'log_learning_rate_D_dagger': -3.7558584453479886, 'training_batch_size': 8, 'training_p': 8}
	 epoch  0 training error:  tensor(72.7321, device='cuda:0', grad_fn=<DivBackward0>)
Memory status after this epoch: 
Memory allocated:  6.06201171875
Memory cached:  26.0
	 epoch  10 training error:  tensor(inf, device='cuda:0', grad_fn=<DivBackward0>)
Memory status after this epoch: 
Memory allocated:  6.06201171875
Memory cached:  28.0
	 epoch  20 training error:  tensor(63.0669, device='cuda:0', grad_fn=<DivBackward0>)
Memory status after this epoch: 
Memory allocated:  6.06201171875
Memory cached:  28.0
	 epoch  30 training error:  tensor(51.2287, device='cuda:0', grad_fn=<DivBackward0>)
Memory status after this epoch: 
Memory allocated:  6.06201171875
Memory cached:  28.0
	 epoch  40 training error:  tensor(36.7995, device='cuda:0', grad_fn=<DivBackward0>)
Memory status after this epoch: 
Memory allocated:  6.06201171875
Memory cached:  28.0
	 epoch  50 training error:  tensor(21.1914, device='cuda:0', grad_fn=<DivBackward0>)
Memory status after this epoch: 
Memory allocated:  6.06201171875
Memory cached:  28.0
	 epoch  60 training error:  tensor(4.2175, device='cuda:0', grad_fn=<DivBackward0>)
Memory status after this epoch: 
Memory allocated:  6.06201171875
Memory cached:  28.0
	 epoch  70 training error:  tensor(5.1727, device='cuda:0', grad_fn=<DivBackward0>)
Memory status after this epoch: 
Memory allocated:  6.06201171875
Memory cached:  28.0
	 epoch  80 training error:  tensor(2.3884, device='cuda:0', grad_fn=<DivBackward0>)
Memory status after this epoch: 
Memory allocated:  6.06201171875
Memory cached:  28.0
	 epoch  90 training error:  tensor(1.5250, device='cuda:0', grad_fn=<DivBackward0>)
Memory status after this epoch: 
Memory allocated:  6.06201171875
Memory cached:  28.0
[I 2023-11-16 17:21:14,794] Trial 32 finished with value: 0.7721132040023804 and parameters: {'W_layers': 5, 'W_layer_units_exponent_0': 10, 'W_layer_units_exponent_1': 7, 'W_layer_units_exponent_2': 7, 'W_layer_units_exponent_3': 7, 'W_layer_units_exponent_4': 6, 'D_layers': 5, 'D_layer_units_exponent_0': 6, 'D_layer_units_exponent_1': 6, 'D_layer_units_exponent_2': 9, 'D_layer_units_exponent_3': 10, 'D_layer_units_exponent_4': 8, 'D_dagger_layers': 3, 'D_dagger_layer_units_exponent_0': 4, 'D_dagger_layer_units_exponent_1': 6, 'D_dagger_layer_units_exponent_2': 6, 'log_learning_rate': -1.008930522965642, 'log_learning_rate_D': -3.6592456306392704, 'log_learning_rate_D_dagger': -3.7558584453479886, 'training_batch_size': 8, 'training_p': 8}. Best is trial 25 with value: 0.7502580285072327.
Time for this trial:  17.561567068099976
Memory status after this trial: 
Memory allocated:  87.91015625
Memory cached:  118.0
--------------------  Trial  33   --------------------
Start timing: 
Parameters: 
{'W_layers': 3, 'W_layer_units_exponent_0': 10, 'W_layer_units_exponent_1': 8, 'W_layer_units_exponent_2': 9, 'D_layers': 7, 'D_layer_units_exponent_0': 5, 'D_layer_units_exponent_1': 5, 'D_layer_units_exponent_2': 10, 'D_layer_units_exponent_3': 8, 'D_layer_units_exponent_4': 9, 'D_layer_units_exponent_5': 8, 'D_layer_units_exponent_6': 5, 'D_dagger_layers': 5, 'D_dagger_layer_units_exponent_0': 5, 'D_dagger_layer_units_exponent_1': 8, 'D_dagger_layer_units_exponent_2': 9, 'D_dagger_layer_units_exponent_3': 7, 'D_dagger_layer_units_exponent_4': 4, 'log_learning_rate': -1.3438559133995758, 'log_learning_rate_D': -3.5105604698126402, 'log_learning_rate_D_dagger': -3.1696036071272298, 'training_batch_size': 6, 'training_p': 6}
	 epoch  0 training error:  tensor(7721.7173, device='cuda:0', grad_fn=<DivBackward0>)
Memory status after this epoch: 
Memory allocated:  11.53271484375
Memory cached:  14.0
	 epoch  10 training error:  tensor(4.9859, device='cuda:0', grad_fn=<DivBackward0>)
Memory status after this epoch: 
Memory allocated:  11.53271484375
Memory cached:  16.0
	 epoch  20 training error:  tensor(5.4180, device='cuda:0', grad_fn=<DivBackward0>)
Memory status after this epoch: 
Memory allocated:  11.53271484375
Memory cached:  16.0
	 epoch  30 training error:  tensor(3.3004, device='cuda:0', grad_fn=<DivBackward0>)
Memory status after this epoch: 
Memory allocated:  11.53271484375
Memory cached:  16.0
	 epoch  40 training error:  tensor(1.9073, device='cuda:0', grad_fn=<DivBackward0>)
Memory status after this epoch: 
Memory allocated:  11.53271484375
Memory cached:  16.0
	 epoch  50 training error:  tensor(1.2683, device='cuda:0', grad_fn=<DivBackward0>)
Memory status after this epoch: 
Memory allocated:  11.53271484375
Memory cached:  16.0
	 epoch  60 training error:  tensor(2.4096, device='cuda:0', grad_fn=<DivBackward0>)
Memory status after this epoch: 
Memory allocated:  11.53271484375
Memory cached:  14.0
	 epoch  70 training error:  tensor(1.0289, device='cuda:0', grad_fn=<DivBackward0>)
Memory status after this epoch: 
Memory allocated:  11.53271484375
Memory cached:  16.0
	 epoch  80 training error:  tensor(1.6757, device='cuda:0', grad_fn=<DivBackward0>)
Memory status after this epoch: 
Memory allocated:  11.53271484375
Memory cached:  16.0
	 epoch  90 training error:  tensor(1.5443, device='cuda:0', grad_fn=<DivBackward0>)
Memory status after this epoch: 
Memory allocated:  11.53271484375
Memory cached:  16.0
