[I 2023-11-10 15:06:34,048] Trial 11 finished with value: 0.03867528960108757 and parameters: {'W_layers': 4, 'W_layer_units_exponent_0': 6, 'W_layer_units_exponent_1': 10, 'W_layer_units_exponent_2': 6, 'W_layer_units_exponent_3': 7, 'D_layers': 5, 'D_layer_units_exponent_0': 6, 'D_layer_units_exponent_1': 7, 'D_layer_units_exponent_2': 6, 'D_layer_units_exponent_3': 10, 'D_layer_units_exponent_4': 4, 'log_learning_rate': -4.843034131689501, 'log_learning_rate_D': -3.292223846920762, 'training_batch_size': 10, 'training_p': 4}. Best is trial 6 with value: 0.037854500114917755.
Time for this trial:  147.427472114563
Memory status after this trial: 
Memory allocated:  784.97314453125
Memory cached:  794.0
--------------------  Trial  12   --------------------
Start timing: 
Parameters: 
{'W_layers': 4, 'W_layer_units_exponent_0': 6, 'W_layer_units_exponent_1': 7, 'W_layer_units_exponent_2': 6, 'W_layer_units_exponent_3': 6, 'D_layers': 8, 'D_layer_units_exponent_0': 7, 'D_layer_units_exponent_1': 8, 'D_layer_units_exponent_2': 10, 'D_layer_units_exponent_3': 9, 'D_layer_units_exponent_4': 5, 'D_layer_units_exponent_5': 5, 'D_layer_units_exponent_6': 10, 'D_layer_units_exponent_7': 7, 'log_learning_rate': -4.915279489833911, 'log_learning_rate_D': -2.6068183311447317, 'training_batch_size': 9, 'training_p': 3}
	 epoch  0 training error:  tensor(1.7034, device='cuda:0', grad_fn=<DivBackward0>)
	 epoch  0 test error:  tensor(0.1170, device='cuda:0', grad_fn=<DivBackward0>)
Memory status after this epoch: 
Memory allocated:  463.248046875
Memory cached:  694.0
	 epoch  10 training error:  tensor(0.6337, device='cuda:0', grad_fn=<DivBackward0>)
	 epoch  10 test error:  tensor(0.0491, device='cuda:0', grad_fn=<DivBackward0>)
Memory status after this epoch: 
Memory allocated:  457.810546875
Memory cached:  902.0
	 epoch  20 training error:  tensor(0.5809, device='cuda:0', grad_fn=<DivBackward0>)
	 epoch  20 test error:  tensor(0.0432, device='cuda:0', grad_fn=<DivBackward0>)
Memory status after this epoch: 
Memory allocated:  463.248046875
Memory cached:  902.0
	 epoch  30 training error:  tensor(0.5357, device='cuda:0', grad_fn=<DivBackward0>)
	 epoch  30 test error:  tensor(0.0409, device='cuda:0', grad_fn=<DivBackward0>)
Memory status after this epoch: 
Memory allocated:  457.810546875
Memory cached:  902.0
	 epoch  40 training error:  tensor(0.5144, device='cuda:0', grad_fn=<DivBackward0>)
	 epoch  40 test error:  tensor(0.0400, device='cuda:0', grad_fn=<DivBackward0>)
Memory status after this epoch: 
Memory allocated:  463.248046875
Memory cached:  902.0
	 epoch  50 training error:  tensor(0.5105, device='cuda:0', grad_fn=<DivBackward0>)
	 epoch  50 test error:  tensor(0.0392, device='cuda:0', grad_fn=<DivBackward0>)
Memory status after this epoch: 
Memory allocated:  458.279296875
Memory cached:  902.0
	 epoch  60 training error:  tensor(0.5076, device='cuda:0', grad_fn=<DivBackward0>)
	 epoch  60 test error:  tensor(0.0384, device='cuda:0', grad_fn=<DivBackward0>)
Memory status after this epoch: 
Memory allocated:  462.779296875
Memory cached:  904.0
	 epoch  70 training error:  tensor(0.5062, device='cuda:0', grad_fn=<DivBackward0>)
	 epoch  70 test error:  tensor(0.0381, device='cuda:0', grad_fn=<DivBackward0>)
Memory status after this epoch: 
Memory allocated:  458.279296875
Memory cached:  906.0
	 epoch  80 training error:  tensor(0.5057, device='cuda:0', grad_fn=<DivBackward0>)
	 epoch  80 test error:  tensor(0.0382, device='cuda:0', grad_fn=<DivBackward0>)
Memory status after this epoch: 
Memory allocated:  462.779296875
Memory cached:  906.0
	 epoch  90 training error:  tensor(0.5051, device='cuda:0', grad_fn=<DivBackward0>)
	 epoch  90 test error:  tensor(0.0384, device='cuda:0', grad_fn=<DivBackward0>)
Memory status after this epoch: 
Memory allocated:  458.185546875
Memory cached:  906.0
[I 2023-11-10 15:09:30,908] Trial 12 finished with value: 0.038373272866010666 and parameters: {'W_layers': 4, 'W_layer_units_exponent_0': 6, 'W_layer_units_exponent_1': 7, 'W_layer_units_exponent_2': 6, 'W_layer_units_exponent_3': 6, 'D_layers': 8, 'D_layer_units_exponent_0': 7, 'D_layer_units_exponent_1': 8, 'D_layer_units_exponent_2': 10, 'D_layer_units_exponent_3': 9, 'D_layer_units_exponent_4': 5, 'D_layer_units_exponent_5': 5, 'D_layer_units_exponent_6': 10, 'D_layer_units_exponent_7': 7, 'log_learning_rate': -4.915279489833911, 'log_learning_rate_D': -2.6068183311447317, 'training_batch_size': 9, 'training_p': 3}. Best is trial 6 with value: 0.037854500114917755.
Time for this trial:  176.5828080177307
Memory status after this trial: 
Memory allocated:  881.80419921875
Memory cached:  906.0
--------------------  Trial  13   --------------------
Start timing: 
Parameters: 
{'W_layers': 4, 'W_layer_units_exponent_0': 5, 'W_layer_units_exponent_1': 7, 'W_layer_units_exponent_2': 4, 'W_layer_units_exponent_3': 8, 'D_layers': 2, 'D_layer_units_exponent_0': 8, 'D_layer_units_exponent_1': 8, 'log_learning_rate': -4.195934342876403, 'log_learning_rate_D': -3.4429445989746315, 'training_batch_size': 8, 'training_p': 3}
	 epoch  0 training error:  tensor(4.5189, device='cuda:0', grad_fn=<DivBackward0>)
	 epoch  0 test error:  tensor(0.2963, device='cuda:0', grad_fn=<DivBackward0>)
Memory status after this epoch: 
Memory allocated:  311.6611328125
Memory cached:  576.0
	 epoch  10 training error:  tensor(1.7302, device='cuda:0', grad_fn=<DivBackward0>)
	 epoch  10 test error:  tensor(0.1048, device='cuda:0', grad_fn=<DivBackward0>)
Memory status after this epoch: 
Memory allocated:  314.5205078125
Memory cached:  614.0
	 epoch  20 training error:  tensor(0.7802, device='cuda:0', grad_fn=<DivBackward0>)
	 epoch  20 test error:  tensor(0.0507, device='cuda:0', grad_fn=<DivBackward0>)
Memory status after this epoch: 
Memory allocated:  312.0361328125
Memory cached:  614.0
	 epoch  30 training error:  tensor(0.6236, device='cuda:0', grad_fn=<DivBackward0>)
	 epoch  30 test error:  tensor(0.0416, device='cuda:0', grad_fn=<DivBackward0>)
Memory status after this epoch: 
Memory allocated:  314.0517578125
Memory cached:  614.0
	 epoch  40 training error:  tensor(0.5674, device='cuda:0', grad_fn=<DivBackward0>)
	 epoch  40 test error:  tensor(0.0362, device='cuda:0', grad_fn=<DivBackward0>)
Memory status after this epoch: 
Memory allocated:  312.0361328125
Memory cached:  614.0
	 epoch  50 training error:  tensor(0.5263, device='cuda:0', grad_fn=<DivBackward0>)
	 epoch  50 test error:  tensor(0.0380, device='cuda:0', grad_fn=<DivBackward0>)
Memory status after this epoch: 
Memory allocated:  314.5205078125
Memory cached:  614.0
	 epoch  60 training error:  tensor(0.5185, device='cuda:0', grad_fn=<DivBackward0>)
	 epoch  60 test error:  tensor(0.0401, device='cuda:0', grad_fn=<DivBackward0>)
Memory status after this epoch: 
Memory allocated:  312.0361328125
Memory cached:  614.0
	 epoch  70 training error:  tensor(0.5118, device='cuda:0', grad_fn=<DivBackward0>)
	 epoch  70 test error:  tensor(0.0390, device='cuda:0', grad_fn=<DivBackward0>)
Memory status after this epoch: 
Memory allocated:  314.0517578125
Memory cached:  614.0
	 epoch  80 training error:  tensor(0.5077, device='cuda:0', grad_fn=<DivBackward0>)
	 epoch  80 test error:  tensor(0.0391, device='cuda:0', grad_fn=<DivBackward0>)
Memory status after this epoch: 
Memory allocated:  312.0361328125
Memory cached:  614.0
	 epoch  90 training error:  tensor(0.5057, device='cuda:0', grad_fn=<DivBackward0>)
	 epoch  90 test error:  tensor(0.0386, device='cuda:0', grad_fn=<DivBackward0>)
Memory status after this epoch: 
Memory allocated:  314.0517578125
Memory cached:  614.0
[I 2023-11-10 15:11:24,826] Trial 13 finished with value: 0.0387699119746685 and parameters: {'W_layers': 4, 'W_layer_units_exponent_0': 5, 'W_layer_units_exponent_1': 7, 'W_layer_units_exponent_2': 4, 'W_layer_units_exponent_3': 8, 'D_layers': 2, 'D_layer_units_exponent_0': 8, 'D_layer_units_exponent_1': 8, 'log_learning_rate': -4.195934342876403, 'log_learning_rate_D': -3.4429445989746315, 'training_batch_size': 8, 'training_p': 3}. Best is trial 6 with value: 0.037854500114917755.
Time for this trial:  113.69775676727295
Memory status after this trial: 
Memory allocated:  610.25341796875
Memory cached:  614.0
--------------------  Trial  14   --------------------
Start timing: 
Parameters: 
{'W_layers': 8, 'W_layer_units_exponent_0': 5, 'W_layer_units_exponent_1': 7, 'W_layer_units_exponent_2': 6, 'W_layer_units_exponent_3': 6, 'W_layer_units_exponent_4': 7, 'W_layer_units_exponent_5': 8, 'W_layer_units_exponent_6': 5, 'W_layer_units_exponent_7': 7, 'D_layers': 8, 'D_layer_units_exponent_0': 7, 'D_layer_units_exponent_1': 8, 'D_layer_units_exponent_2': 6, 'D_layer_units_exponent_3': 8, 'D_layer_units_exponent_4': 4, 'D_layer_units_exponent_5': 4, 'D_layer_units_exponent_6': 10, 'D_layer_units_exponent_7': 7, 'log_learning_rate': -4.085537944309181, 'log_learning_rate_D': -3.986595481870188, 'training_batch_size': 9, 'training_p': 3}
	 epoch  0 training error:  tensor(1.0010, device='cuda:0', grad_fn=<DivBackward0>)
	 epoch  0 test error:  tensor(0.0724, device='cuda:0', grad_fn=<DivBackward0>)
Memory status after this epoch: 
Memory allocated:  411.5810546875
Memory cached:  652.0
	 epoch  10 training error:  tensor(0.9878, device='cuda:0', grad_fn=<DivBackward0>)
	 epoch  10 test error:  tensor(0.0716, device='cuda:0', grad_fn=<DivBackward0>)
Memory status after this epoch: 
Memory allocated:  409.5654296875
Memory cached:  806.0
	 epoch  20 training error:  tensor(0.9143, device='cuda:0', grad_fn=<DivBackward0>)
	 epoch  20 test error:  tensor(0.0659, device='cuda:0', grad_fn=<DivBackward0>)
Memory status after this epoch: 
Memory allocated:  411.5810546875
Memory cached:  806.0
	 epoch  30 training error:  tensor(0.5996, device='cuda:0', grad_fn=<DivBackward0>)
	 epoch  30 test error:  tensor(0.0452, device='cuda:0', grad_fn=<DivBackward0>)
Memory status after this epoch: 
Memory allocated:  409.5654296875
Memory cached:  806.0
	 epoch  40 training error:  tensor(0.5572, device='cuda:0', grad_fn=<DivBackward0>)
	 epoch  40 test error:  tensor(0.0387, device='cuda:0', grad_fn=<DivBackward0>)
Memory status after this epoch: 
Memory allocated:  411.5810546875
Memory cached:  806.0
	 epoch  50 training error:  tensor(0.5104, device='cuda:0', grad_fn=<DivBackward0>)
	 epoch  50 test error:  tensor(0.0411, device='cuda:0', grad_fn=<DivBackward0>)
Memory status after this epoch: 
Memory allocated:  409.5654296875
Memory cached:  806.0
	 epoch  60 training error:  tensor(0.5064, device='cuda:0', grad_fn=<DivBackward0>)
	 epoch  60 test error:  tensor(0.0388, device='cuda:0', grad_fn=<DivBackward0>)
Memory status after this epoch: 
Memory allocated:  411.5810546875
Memory cached:  806.0
	 epoch  70 training error:  tensor(0.5051, device='cuda:0', grad_fn=<DivBackward0>)
	 epoch  70 test error:  tensor(0.0380, device='cuda:0', grad_fn=<DivBackward0>)
Memory status after this epoch: 
Memory allocated:  409.5654296875
Memory cached:  806.0
	 epoch  80 training error:  tensor(0.5022, device='cuda:0', grad_fn=<DivBackward0>)
	 epoch  80 test error:  tensor(0.0389, device='cuda:0', grad_fn=<DivBackward0>)
Memory status after this epoch: 
Memory allocated:  411.5810546875
Memory cached:  806.0
	 epoch  90 training error:  tensor(0.5002, device='cuda:0', grad_fn=<DivBackward0>)
	 epoch  90 test error:  tensor(0.0383, device='cuda:0', grad_fn=<DivBackward0>)
Memory status after this epoch: 
Memory allocated:  409.5654296875
Memory cached:  806.0
[I 2023-11-10 15:14:49,830] Trial 14 finished with value: 0.038422614336013794 and parameters: {'W_layers': 8, 'W_layer_units_exponent_0': 5, 'W_layer_units_exponent_1': 7, 'W_layer_units_exponent_2': 6, 'W_layer_units_exponent_3': 6, 'W_layer_units_exponent_4': 7, 'W_layer_units_exponent_5': 8, 'W_layer_units_exponent_6': 5, 'W_layer_units_exponent_7': 7, 'D_layers': 8, 'D_layer_units_exponent_0': 7, 'D_layer_units_exponent_1': 8, 'D_layer_units_exponent_2': 6, 'D_layer_units_exponent_3': 8, 'D_layer_units_exponent_4': 4, 'D_layer_units_exponent_5': 4, 'D_layer_units_exponent_6': 10, 'D_layer_units_exponent_7': 7, 'log_learning_rate': -4.085537944309181, 'log_learning_rate_D': -3.986595481870188, 'training_batch_size': 9, 'training_p': 3}. Best is trial 6 with value: 0.037854500114917755.
Time for this trial:  204.7243993282318
Memory status after this trial: 
Memory allocated:  800.43994140625
Memory cached:  806.0
--------------------  Trial  15   --------------------
Start timing: 
Parameters: 
{'W_layers': 2, 'W_layer_units_exponent_0': 6, 'W_layer_units_exponent_1': 6, 'D_layers': 8, 'D_layer_units_exponent_0': 8, 'D_layer_units_exponent_1': 10, 'D_layer_units_exponent_2': 10, 'D_layer_units_exponent_3': 6, 'D_layer_units_exponent_4': 8, 'D_layer_units_exponent_5': 5, 'D_layer_units_exponent_6': 10, 'D_layer_units_exponent_7': 10, 'log_learning_rate': -4.926379600732633, 'log_learning_rate_D': -2.893279558136913, 'training_batch_size': 8, 'training_p': 2}
	 epoch  0 training error:  tensor(9.6939, device='cuda:0', grad_fn=<DivBackward0>)
	 epoch  0 test error:  tensor(0.6231, device='cuda:0', grad_fn=<DivBackward0>)
Memory status after this epoch: 
Memory allocated:  554.68408203125
Memory cached:  820.0
	 epoch  10 training error:  tensor(8.9497, device='cuda:0', grad_fn=<DivBackward0>)
	 epoch  10 test error:  tensor(0.5601, device='cuda:0', grad_fn=<DivBackward0>)
Memory status after this epoch: 
Memory allocated:  557.44970703125
Memory cached:  1086.0
	 epoch  20 training error:  tensor(8.1225, device='cuda:0', grad_fn=<DivBackward0>)
	 epoch  20 test error:  tensor(0.5083, device='cuda:0', grad_fn=<DivBackward0>)
Memory status after this epoch: 
Memory allocated:  554.68408203125
Memory cached:  1070.0
	 epoch  30 training error:  tensor(7.2573, device='cuda:0', grad_fn=<DivBackward0>)
	 epoch  30 test error:  tensor(0.4548, device='cuda:0', grad_fn=<DivBackward0>)
Memory status after this epoch: 
Memory allocated:  556.41845703125
Memory cached:  1070.0
	 epoch  40 training error:  tensor(6.3927, device='cuda:0', grad_fn=<DivBackward0>)
	 epoch  40 test error:  tensor(0.4014, device='cuda:0', grad_fn=<DivBackward0>)
Memory status after this epoch: 
Memory allocated:  554.59033203125
Memory cached:  1070.0
	 epoch  50 training error:  tensor(5.5369, device='cuda:0', grad_fn=<DivBackward0>)
	 epoch  50 test error:  tensor(0.3486, device='cuda:0', grad_fn=<DivBackward0>)
Memory status after this epoch: 
Memory allocated:  556.41845703125
Memory cached:  1070.0
	 epoch  60 training error:  tensor(4.6927, device='cuda:0', grad_fn=<DivBackward0>)
	 epoch  60 test error:  tensor(0.2967, device='cuda:0', grad_fn=<DivBackward0>)
Memory status after this epoch: 
Memory allocated:  554.59033203125
Memory cached:  1070.0
	 epoch  70 training error:  tensor(3.8630, device='cuda:0', grad_fn=<DivBackward0>)
	 epoch  70 test error:  tensor(0.2459, device='cuda:0', grad_fn=<DivBackward0>)
Memory status after this epoch: 
Memory allocated:  556.41845703125
Memory cached:  1070.0
	 epoch  80 training error:  tensor(3.0543, device='cuda:0', grad_fn=<DivBackward0>)
	 epoch  80 test error:  tensor(0.1966, device='cuda:0', grad_fn=<DivBackward0>)
Memory status after this epoch: 
Memory allocated:  554.59033203125
Memory cached:  1070.0
	 epoch  90 training error:  tensor(2.2829, device='cuda:0', grad_fn=<DivBackward0>)
	 epoch  90 test error:  tensor(0.1501, device='cuda:0', grad_fn=<DivBackward0>)
Memory status after this epoch: 
Memory allocated:  556.41845703125
Memory cached:  1070.0
[I 2023-11-10 15:17:43,533] Trial 15 finished with value: 0.11313972622156143 and parameters: {'W_layers': 2, 'W_layer_units_exponent_0': 6, 'W_layer_units_exponent_1': 6, 'D_layers': 8, 'D_layer_units_exponent_0': 8, 'D_layer_units_exponent_1': 10, 'D_layer_units_exponent_2': 10, 'D_layer_units_exponent_3': 6, 'D_layer_units_exponent_4': 8, 'D_layer_units_exponent_5': 5, 'D_layer_units_exponent_6': 10, 'D_layer_units_exponent_7': 10, 'log_learning_rate': -4.926379600732633, 'log_learning_rate_D': -2.893279558136913, 'training_batch_size': 8, 'training_p': 2}. Best is trial 6 with value: 0.037854500114917755.
Time for this trial:  173.44654393196106
Memory status after this trial: 
Memory allocated:  1038.76904296875
Memory cached:  1070.0
--------------------  Trial  16   --------------------
Start timing: 
Parameters: 
{'W_layers': 5, 'W_layer_units_exponent_0': 4, 'W_layer_units_exponent_1': 6, 'W_layer_units_exponent_2': 7, 'W_layer_units_exponent_3': 8, 'W_layer_units_exponent_4': 6, 'D_layers': 4, 'D_layer_units_exponent_0': 6, 'D_layer_units_exponent_1': 8, 'D_layer_units_exponent_2': 5, 'D_layer_units_exponent_3': 10, 'log_learning_rate': -3.5513009109151072, 'log_learning_rate_D': -2.288182484651305, 'training_batch_size': 10, 'training_p': 5}
	 epoch  0 training error:  tensor(2.0858, device='cuda:0', grad_fn=<DivBackward0>)
	 epoch  0 test error:  tensor(0.0787, device='cuda:0', grad_fn=<DivBackward0>)
Memory status after this epoch: 
Memory allocated:  366.89697265625
Memory cached:  626.0
	 epoch  10 training error:  tensor(0.6343, device='cuda:0', grad_fn=<DivBackward0>)
	 epoch  10 test error:  tensor(0.0405, device='cuda:0', grad_fn=<DivBackward0>)
Memory status after this epoch: 
Memory allocated:  362.91259765625
Memory cached:  736.0
	 epoch  20 training error:  tensor(0.5550, device='cuda:0', grad_fn=<DivBackward0>)
	 epoch  20 test error:  tensor(0.0455, device='cuda:0', grad_fn=<DivBackward0>)
Memory status after this epoch: 
Memory allocated:  366.89697265625
Memory cached:  736.0
	 epoch  30 training error:  tensor(0.5067, device='cuda:0', grad_fn=<DivBackward0>)
	 epoch  30 test error:  tensor(0.0370, device='cuda:0', grad_fn=<DivBackward0>)
Memory status after this epoch: 
Memory allocated:  362.53759765625
Memory cached:  716.0
	 epoch  40 training error:  tensor(0.4828, device='cuda:0', grad_fn=<DivBackward0>)
	 epoch  40 test error:  tensor(0.0384, device='cuda:0', grad_fn=<DivBackward0>)
Memory status after this epoch: 
Memory allocated:  366.89697265625
Memory cached:  716.0
	 epoch  50 training error:  tensor(0.4772, device='cuda:0', grad_fn=<DivBackward0>)
	 epoch  50 test error:  tensor(0.0396, device='cuda:0', grad_fn=<DivBackward0>)
Memory status after this epoch: 
Memory allocated:  362.53759765625
Memory cached:  716.0
	 epoch  60 training error:  tensor(0.4770, device='cuda:0', grad_fn=<DivBackward0>)
	 epoch  60 test error:  tensor(0.0378, device='cuda:0', grad_fn=<DivBackward0>)
Memory status after this epoch: 
Memory allocated:  366.42822265625
Memory cached:  716.0
	 epoch  70 training error:  tensor(0.4762, device='cuda:0', grad_fn=<DivBackward0>)
	 epoch  70 test error:  tensor(0.0387, device='cuda:0', grad_fn=<DivBackward0>)
Memory status after this epoch: 
Memory allocated:  363.00634765625
Memory cached:  716.0
	 epoch  80 training error:  tensor(0.4757, device='cuda:0', grad_fn=<DivBackward0>)
	 epoch  80 test error:  tensor(0.0388, device='cuda:0', grad_fn=<DivBackward0>)
Memory status after this epoch: 
Memory allocated:  366.42822265625
Memory cached:  716.0
	 epoch  90 training error:  tensor(0.4756, device='cuda:0', grad_fn=<DivBackward0>)
	 epoch  90 test error:  tensor(0.0386, device='cuda:0', grad_fn=<DivBackward0>)
Memory status after this epoch: 
Memory allocated:  362.53759765625
Memory cached:  718.0
