[I 2023-11-17 17:04:04,832] Trial 42 finished with value: 0.1905120462179184 and parameters: {'W_layers': 2, 'W_layer_units_exponent_0': 6, 'W_layer_units_exponent_1': 7, 'D_layers': 8, 'D_layer_units_exponent_0': 6, 'D_layer_units_exponent_1': 6, 'D_layer_units_exponent_2': 6, 'D_layer_units_exponent_3': 8, 'D_layer_units_exponent_4': 6, 'D_layer_units_exponent_5': 9, 'D_layer_units_exponent_6': 7, 'D_layer_units_exponent_7': 10, 'log_learning_rate': -2.595940014036181, 'log_learning_rate_D': -2.272910371316459, 'training_batch_size': 11, 'training_p': 2}. Best is trial 27 with value: 0.1900663673877716.
Time for this trial:  158.5786416530609
Memory status after this trial: 
Memory allocated:  532.1826171875
Memory cached:  548.0
--------------------  Trial  43   --------------------
Start timing: 
Parameters: 
{'W_layers': 2, 'W_layer_units_exponent_0': 5, 'W_layer_units_exponent_1': 8, 'D_layers': 8, 'D_layer_units_exponent_0': 6, 'D_layer_units_exponent_1': 9, 'D_layer_units_exponent_2': 5, 'D_layer_units_exponent_3': 9, 'D_layer_units_exponent_4': 5, 'D_layer_units_exponent_5': 9, 'D_layer_units_exponent_6': 6, 'D_layer_units_exponent_7': 10, 'log_learning_rate': -2.6974599997009068, 'log_learning_rate_D': -2.5727054476020705, 'training_batch_size': 12, 'training_p': 2}
	 epoch  0 training error:  tensor(1.0160, device='cuda:0', grad_fn=<DivBackward0>)
	 epoch  0 test error:  tensor(0.1916, device='cuda:0', grad_fn=<DivBackward0>)
Memory status after this epoch: 
Memory allocated:  306.13916015625
Memory cached:  410.0
	 epoch  10 training error:  tensor(0.9936, device='cuda:0', grad_fn=<DivBackward0>)
	 epoch  10 test error:  tensor(0.1906, device='cuda:0', grad_fn=<DivBackward0>)
Memory status after this epoch: 
Memory allocated:  305.01416015625
Memory cached:  618.0
	 epoch  20 training error:  tensor(0.9932, device='cuda:0', grad_fn=<DivBackward0>)
	 epoch  20 test error:  tensor(0.1903, device='cuda:0', grad_fn=<DivBackward0>)
Memory status after this epoch: 
Memory allocated:  306.13916015625
Memory cached:  618.0
	 epoch  30 training error:  tensor(0.9929, device='cuda:0', grad_fn=<DivBackward0>)
	 epoch  30 test error:  tensor(0.1904, device='cuda:0', grad_fn=<DivBackward0>)
Memory status after this epoch: 
Memory allocated:  305.01416015625
Memory cached:  618.0
	 epoch  40 training error:  tensor(0.9926, device='cuda:0', grad_fn=<DivBackward0>)
	 epoch  40 test error:  tensor(0.1904, device='cuda:0', grad_fn=<DivBackward0>)
Memory status after this epoch: 
Memory allocated:  306.13916015625
Memory cached:  618.0
	 epoch  50 training error:  tensor(0.9922, device='cuda:0', grad_fn=<DivBackward0>)
	 epoch  50 test error:  tensor(0.1904, device='cuda:0', grad_fn=<DivBackward0>)
Memory status after this epoch: 
Memory allocated:  305.01416015625
Memory cached:  618.0
	 epoch  60 training error:  tensor(0.9917, device='cuda:0', grad_fn=<DivBackward0>)
	 epoch  60 test error:  tensor(0.1904, device='cuda:0', grad_fn=<DivBackward0>)
Memory status after this epoch: 
Memory allocated:  306.13916015625
Memory cached:  618.0
	 epoch  70 training error:  tensor(0.9912, device='cuda:0', grad_fn=<DivBackward0>)
	 epoch  70 test error:  tensor(0.1904, device='cuda:0', grad_fn=<DivBackward0>)
Memory status after this epoch: 
Memory allocated:  305.01416015625
Memory cached:  618.0
	 epoch  80 training error:  tensor(0.9906, device='cuda:0', grad_fn=<DivBackward0>)
	 epoch  80 test error:  tensor(0.1905, device='cuda:0', grad_fn=<DivBackward0>)
Memory status after this epoch: 
Memory allocated:  306.13916015625
Memory cached:  618.0
	 epoch  90 training error:  tensor(0.9901, device='cuda:0', grad_fn=<DivBackward0>)
	 epoch  90 test error:  tensor(0.1905, device='cuda:0', grad_fn=<DivBackward0>)
Memory status after this epoch: 
Memory allocated:  305.01416015625
Memory cached:  618.0
[I 2023-11-17 17:06:49,009] Trial 43 finished with value: 0.19053618609905243 and parameters: {'W_layers': 2, 'W_layer_units_exponent_0': 5, 'W_layer_units_exponent_1': 8, 'D_layers': 8, 'D_layer_units_exponent_0': 6, 'D_layer_units_exponent_1': 9, 'D_layer_units_exponent_2': 5, 'D_layer_units_exponent_3': 9, 'D_layer_units_exponent_4': 5, 'D_layer_units_exponent_5': 9, 'D_layer_units_exponent_6': 6, 'D_layer_units_exponent_7': 10, 'log_learning_rate': -2.6974599997009068, 'log_learning_rate_D': -2.5727054476020705, 'training_batch_size': 12, 'training_p': 2}. Best is trial 27 with value: 0.1900663673877716.
Time for this trial:  163.93558359146118
Memory status after this trial: 
Memory allocated:  602.78515625
Memory cached:  618.0
--------------------  Trial  44   --------------------
Start timing: 
Parameters: 
{'W_layers': 2, 'W_layer_units_exponent_0': 5, 'W_layer_units_exponent_1': 7, 'D_layers': 8, 'D_layer_units_exponent_0': 8, 'D_layer_units_exponent_1': 9, 'D_layer_units_exponent_2': 5, 'D_layer_units_exponent_3': 9, 'D_layer_units_exponent_4': 5, 'D_layer_units_exponent_5': 9, 'D_layer_units_exponent_6': 6, 'D_layer_units_exponent_7': 10, 'log_learning_rate': -3.6472920639813955, 'log_learning_rate_D': -2.0182503469069673, 'training_batch_size': 12, 'training_p': 3}
	 epoch  0 training error:  tensor(1.0175, device='cuda:0', grad_fn=<DivBackward0>)
	 epoch  0 test error:  tensor(0.1933, device='cuda:0', grad_fn=<DivBackward0>)
Memory status after this epoch: 
Memory allocated:  309.81201171875
Memory cached:  450.0
	 epoch  10 training error:  tensor(0.9939, device='cuda:0', grad_fn=<DivBackward0>)
	 epoch  10 test error:  tensor(0.1912, device='cuda:0', grad_fn=<DivBackward0>)
Memory status after this epoch: 
Memory allocated:  310.93701171875
Memory cached:  626.0
	 epoch  20 training error:  tensor(0.9934, device='cuda:0', grad_fn=<DivBackward0>)
	 epoch  20 test error:  tensor(0.1910, device='cuda:0', grad_fn=<DivBackward0>)
Memory status after this epoch: 
Memory allocated:  309.81201171875
Memory cached:  626.0
	 epoch  30 training error:  tensor(0.9932, device='cuda:0', grad_fn=<DivBackward0>)
	 epoch  30 test error:  tensor(0.1914, device='cuda:0', grad_fn=<DivBackward0>)
Memory status after this epoch: 
Memory allocated:  310.93701171875
Memory cached:  626.0
	 epoch  40 training error:  tensor(0.9933, device='cuda:0', grad_fn=<DivBackward0>)
	 epoch  40 test error:  tensor(0.1915, device='cuda:0', grad_fn=<DivBackward0>)
Memory status after this epoch: 
Memory allocated:  309.81201171875
Memory cached:  626.0
	 epoch  50 training error:  tensor(0.9930, device='cuda:0', grad_fn=<DivBackward0>)
	 epoch  50 test error:  tensor(0.1914, device='cuda:0', grad_fn=<DivBackward0>)
Memory status after this epoch: 
Memory allocated:  310.93701171875
Memory cached:  626.0
	 epoch  60 training error:  tensor(0.9931, device='cuda:0', grad_fn=<DivBackward0>)
	 epoch  60 test error:  tensor(0.1914, device='cuda:0', grad_fn=<DivBackward0>)
Memory status after this epoch: 
Memory allocated:  309.81201171875
Memory cached:  626.0
	 epoch  70 training error:  tensor(0.9930, device='cuda:0', grad_fn=<DivBackward0>)
	 epoch  70 test error:  tensor(0.1914, device='cuda:0', grad_fn=<DivBackward0>)
Memory status after this epoch: 
Memory allocated:  310.93701171875
Memory cached:  626.0
	 epoch  80 training error:  tensor(0.9930, device='cuda:0', grad_fn=<DivBackward0>)
	 epoch  80 test error:  tensor(0.1914, device='cuda:0', grad_fn=<DivBackward0>)
Memory status after this epoch: 
Memory allocated:  309.81201171875
Memory cached:  626.0
	 epoch  90 training error:  tensor(0.9930, device='cuda:0', grad_fn=<DivBackward0>)
	 epoch  90 test error:  tensor(0.1914, device='cuda:0', grad_fn=<DivBackward0>)
Memory status after this epoch: 
Memory allocated:  310.93701171875
Memory cached:  626.0
[I 2023-11-17 17:09:32,966] Trial 44 finished with value: 0.19144447147846222 and parameters: {'W_layers': 2, 'W_layer_units_exponent_0': 5, 'W_layer_units_exponent_1': 7, 'D_layers': 8, 'D_layer_units_exponent_0': 8, 'D_layer_units_exponent_1': 9, 'D_layer_units_exponent_2': 5, 'D_layer_units_exponent_3': 9, 'D_layer_units_exponent_4': 5, 'D_layer_units_exponent_5': 9, 'D_layer_units_exponent_6': 6, 'D_layer_units_exponent_7': 10, 'log_learning_rate': -3.6472920639813955, 'log_learning_rate_D': -2.0182503469069673, 'training_batch_size': 12, 'training_p': 3}. Best is trial 27 with value: 0.1900663673877716.
Time for this trial:  163.70296001434326
Memory status after this trial: 
Memory allocated:  610.1572265625
Memory cached:  626.0
--------------------  Trial  45   --------------------
Start timing: 
Parameters: 
{'W_layers': 2, 'W_layer_units_exponent_0': 6, 'W_layer_units_exponent_1': 8, 'D_layers': 8, 'D_layer_units_exponent_0': 7, 'D_layer_units_exponent_1': 9, 'D_layer_units_exponent_2': 5, 'D_layer_units_exponent_3': 10, 'D_layer_units_exponent_4': 5, 'D_layer_units_exponent_5': 9, 'D_layer_units_exponent_6': 4, 'D_layer_units_exponent_7': 9, 'log_learning_rate': -2.7673630522208654, 'log_learning_rate_D': -2.574843116334925, 'training_batch_size': 12, 'training_p': 2}
	 epoch  0 training error:  tensor(1.0115, device='cuda:0', grad_fn=<DivBackward0>)
	 epoch  0 test error:  tensor(0.1934, device='cuda:0', grad_fn=<DivBackward0>)
Memory status after this epoch: 
Memory allocated:  308.75390625
Memory cached:  412.0
	 epoch  10 training error:  tensor(0.9948, device='cuda:0', grad_fn=<DivBackward0>)
	 epoch  10 test error:  tensor(0.1917, device='cuda:0', grad_fn=<DivBackward0>)
Memory status after this epoch: 
Memory allocated:  307.62890625
Memory cached:  624.0
	 epoch  20 training error:  tensor(0.9970, device='cuda:0', grad_fn=<DivBackward0>)
	 epoch  20 test error:  tensor(0.1920, device='cuda:0', grad_fn=<DivBackward0>)
Memory status after this epoch: 
Memory allocated:  308.75390625
Memory cached:  624.0
	 epoch  30 training error:  tensor(0.9960, device='cuda:0', grad_fn=<DivBackward0>)
	 epoch  30 test error:  tensor(0.1917, device='cuda:0', grad_fn=<DivBackward0>)
Memory status after this epoch: 
Memory allocated:  307.62890625
Memory cached:  624.0
	 epoch  40 training error:  tensor(0.9967, device='cuda:0', grad_fn=<DivBackward0>)
	 epoch  40 test error:  tensor(0.1922, device='cuda:0', grad_fn=<DivBackward0>)
Memory status after this epoch: 
Memory allocated:  308.75390625
Memory cached:  624.0
	 epoch  50 training error:  tensor(0.9951, device='cuda:0', grad_fn=<DivBackward0>)
	 epoch  50 test error:  tensor(0.1912, device='cuda:0', grad_fn=<DivBackward0>)
Memory status after this epoch: 
Memory allocated:  307.62890625
Memory cached:  624.0
	 epoch  60 training error:  tensor(0.9939, device='cuda:0', grad_fn=<DivBackward0>)
	 epoch  60 test error:  tensor(0.1908, device='cuda:0', grad_fn=<DivBackward0>)
Memory status after this epoch: 
Memory allocated:  308.75390625
Memory cached:  624.0
	 epoch  70 training error:  tensor(0.9937, device='cuda:0', grad_fn=<DivBackward0>)
	 epoch  70 test error:  tensor(0.1905, device='cuda:0', grad_fn=<DivBackward0>)
Memory status after this epoch: 
Memory allocated:  307.62890625
Memory cached:  624.0
	 epoch  80 training error:  tensor(0.9937, device='cuda:0', grad_fn=<DivBackward0>)
	 epoch  80 test error:  tensor(0.1905, device='cuda:0', grad_fn=<DivBackward0>)
Memory status after this epoch: 
Memory allocated:  308.75390625
Memory cached:  624.0
	 epoch  90 training error:  tensor(0.9936, device='cuda:0', grad_fn=<DivBackward0>)
	 epoch  90 test error:  tensor(0.1906, device='cuda:0', grad_fn=<DivBackward0>)
Memory status after this epoch: 
Memory allocated:  307.62890625
Memory cached:  624.0
[I 2023-11-17 17:12:16,173] Trial 45 finished with value: 0.19048906862735748 and parameters: {'W_layers': 2, 'W_layer_units_exponent_0': 6, 'W_layer_units_exponent_1': 8, 'D_layers': 8, 'D_layer_units_exponent_0': 7, 'D_layer_units_exponent_1': 9, 'D_layer_units_exponent_2': 5, 'D_layer_units_exponent_3': 10, 'D_layer_units_exponent_4': 5, 'D_layer_units_exponent_5': 9, 'D_layer_units_exponent_6': 4, 'D_layer_units_exponent_7': 9, 'log_learning_rate': -2.7673630522208654, 'log_learning_rate_D': -2.574843116334925, 'training_batch_size': 12, 'training_p': 2}. Best is trial 27 with value: 0.1900663673877716.
Time for this trial:  162.96625471115112
Memory status after this trial: 
Memory allocated:  608.1787109375
Memory cached:  624.0
--------------------  Trial  46   --------------------
Start timing: 
Parameters: 
{'W_layers': 2, 'W_layer_units_exponent_0': 4, 'W_layer_units_exponent_1': 8, 'D_layers': 8, 'D_layer_units_exponent_0': 8, 'D_layer_units_exponent_1': 9, 'D_layer_units_exponent_2': 5, 'D_layer_units_exponent_3': 10, 'D_layer_units_exponent_4': 5, 'D_layer_units_exponent_5': 9, 'D_layer_units_exponent_6': 4, 'D_layer_units_exponent_7': 10, 'log_learning_rate': -2.775674368835671, 'log_learning_rate_D': -2.681991653838583, 'training_batch_size': 12, 'training_p': 3}
	 epoch  0 training error:  tensor(1.0437, device='cuda:0', grad_fn=<DivBackward0>)
	 epoch  0 test error:  tensor(0.1936, device='cuda:0', grad_fn=<DivBackward0>)
Memory status after this epoch: 
Memory allocated:  340.048828125
Memory cached:  480.0
	 epoch  10 training error:  tensor(0.9967, device='cuda:0', grad_fn=<DivBackward0>)
	 epoch  10 test error:  tensor(0.1933, device='cuda:0', grad_fn=<DivBackward0>)
Memory status after this epoch: 
Memory allocated:  341.173828125
Memory cached:  688.0
	 epoch  20 training error:  tensor(0.9930, device='cuda:0', grad_fn=<DivBackward0>)
	 epoch  20 test error:  tensor(0.1915, device='cuda:0', grad_fn=<DivBackward0>)
Memory status after this epoch: 
Memory allocated:  340.048828125
Memory cached:  688.0
	 epoch  30 training error:  tensor(0.9930, device='cuda:0', grad_fn=<DivBackward0>)
	 epoch  30 test error:  tensor(0.1914, device='cuda:0', grad_fn=<DivBackward0>)
Memory status after this epoch: 
Memory allocated:  341.173828125
Memory cached:  688.0
	 epoch  40 training error:  tensor(0.9929, device='cuda:0', grad_fn=<DivBackward0>)
	 epoch  40 test error:  tensor(0.1916, device='cuda:0', grad_fn=<DivBackward0>)
Memory status after this epoch: 
Memory allocated:  340.048828125
Memory cached:  688.0
	 epoch  50 training error:  tensor(0.9929, device='cuda:0', grad_fn=<DivBackward0>)
	 epoch  50 test error:  tensor(0.1916, device='cuda:0', grad_fn=<DivBackward0>)
Memory status after this epoch: 
Memory allocated:  341.173828125
Memory cached:  688.0
	 epoch  60 training error:  tensor(0.9929, device='cuda:0', grad_fn=<DivBackward0>)
	 epoch  60 test error:  tensor(0.1916, device='cuda:0', grad_fn=<DivBackward0>)
Memory status after this epoch: 
Memory allocated:  340.048828125
Memory cached:  688.0
	 epoch  70 training error:  tensor(0.9929, device='cuda:0', grad_fn=<DivBackward0>)
	 epoch  70 test error:  tensor(0.1917, device='cuda:0', grad_fn=<DivBackward0>)
Memory status after this epoch: 
Memory allocated:  341.173828125
Memory cached:  688.0
	 epoch  80 training error:  tensor(0.9928, device='cuda:0', grad_fn=<DivBackward0>)
	 epoch  80 test error:  tensor(0.1917, device='cuda:0', grad_fn=<DivBackward0>)
Memory status after this epoch: 
Memory allocated:  340.048828125
Memory cached:  688.0
	 epoch  90 training error:  tensor(0.9928, device='cuda:0', grad_fn=<DivBackward0>)
	 epoch  90 test error:  tensor(0.1917, device='cuda:0', grad_fn=<DivBackward0>)
Memory status after this epoch: 
Memory allocated:  341.173828125
Memory cached:  688.0
[I 2023-11-17 17:15:04,878] Trial 46 finished with value: 0.19166994094848633 and parameters: {'W_layers': 2, 'W_layer_units_exponent_0': 4, 'W_layer_units_exponent_1': 8, 'D_layers': 8, 'D_layer_units_exponent_0': 8, 'D_layer_units_exponent_1': 9, 'D_layer_units_exponent_2': 5, 'D_layer_units_exponent_3': 10, 'D_layer_units_exponent_4': 5, 'D_layer_units_exponent_5': 9, 'D_layer_units_exponent_6': 4, 'D_layer_units_exponent_7': 10, 'log_learning_rate': -2.775674368835671, 'log_learning_rate_D': -2.681991653838583, 'training_batch_size': 12, 'training_p': 3}. Best is trial 27 with value: 0.1900663673877716.
Time for this trial:  168.46280360221863
Memory status after this trial: 
Memory allocated:  671.556640625
Memory cached:  688.0
--------------------  Trial  47   --------------------
Start timing: 
Parameters: 
{'W_layers': 4, 'W_layer_units_exponent_0': 6, 'W_layer_units_exponent_1': 8, 'W_layer_units_exponent_2': 7, 'W_layer_units_exponent_3': 8, 'D_layers': 8, 'D_layer_units_exponent_0': 7, 'D_layer_units_exponent_1': 9, 'D_layer_units_exponent_2': 5, 'D_layer_units_exponent_3': 10, 'D_layer_units_exponent_4': 4, 'D_layer_units_exponent_5': 9, 'D_layer_units_exponent_6': 5, 'D_layer_units_exponent_7': 9, 'log_learning_rate': -2.3874350314636343, 'log_learning_rate_D': -2.6119961001555803, 'training_batch_size': 10, 'training_p': 2}
	 epoch  0 training error:  tensor(0.9950, device='cuda:0', grad_fn=<DivBackward0>)
	 epoch  0 test error:  tensor(0.2854, device='cuda:0', grad_fn=<DivBackward0>)
Memory status after this epoch: 
Memory allocated:  330.142578125
Memory cached:  434.0
	 epoch  10 training error:  tensor(0.9946, device='cuda:0', grad_fn=<DivBackward0>)
	 epoch  10 test error:  tensor(0.1921, device='cuda:0', grad_fn=<DivBackward0>)
Memory status after this epoch: 
Memory allocated:  329.017578125
Memory cached:  666.0
	 epoch  20 training error:  tensor(0.9957, device='cuda:0', grad_fn=<DivBackward0>)
	 epoch  20 test error:  tensor(0.1918, device='cuda:0', grad_fn=<DivBackward0>)
Memory status after this epoch: 
Memory allocated:  330.142578125
Memory cached:  666.0
	 epoch  30 training error:  tensor(0.9948, device='cuda:0', grad_fn=<DivBackward0>)
	 epoch  30 test error:  tensor(0.1916, device='cuda:0', grad_fn=<DivBackward0>)
Memory status after this epoch: 
Memory allocated:  329.017578125
Memory cached:  666.0
	 epoch  40 training error:  tensor(0.9944, device='cuda:0', grad_fn=<DivBackward0>)
	 epoch  40 test error:  tensor(0.1915, device='cuda:0', grad_fn=<DivBackward0>)
Memory status after this epoch: 
Memory allocated:  330.142578125
Memory cached:  666.0
	 epoch  50 training error:  tensor(0.9944, device='cuda:0', grad_fn=<DivBackward0>)
	 epoch  50 test error:  tensor(0.1914, device='cuda:0', grad_fn=<DivBackward0>)
Memory status after this epoch: 
Memory allocated:  329.017578125
Memory cached:  666.0
	 epoch  60 training error:  tensor(0.9944, device='cuda:0', grad_fn=<DivBackward0>)
	 epoch  60 test error:  tensor(0.1915, device='cuda:0', grad_fn=<DivBackward0>)
Memory status after this epoch: 
Memory allocated:  330.142578125
Memory cached:  668.0
	 epoch  70 training error:  tensor(0.9944, device='cuda:0', grad_fn=<DivBackward0>)
	 epoch  70 test error:  tensor(0.1915, device='cuda:0', grad_fn=<DivBackward0>)
Memory status after this epoch: 
Memory allocated:  329.017578125
Memory cached:  670.0
	 epoch  80 training error:  tensor(0.9944, device='cuda:0', grad_fn=<DivBackward0>)
	 epoch  80 test error:  tensor(0.1915, device='cuda:0', grad_fn=<DivBackward0>)
Memory status after this epoch: 
Memory allocated:  330.142578125
Memory cached:  668.0
	 epoch  90 training error:  tensor(0.9944, device='cuda:0', grad_fn=<DivBackward0>)
	 epoch  90 test error:  tensor(0.1915, device='cuda:0', grad_fn=<DivBackward0>)
Memory status after this epoch: 
Memory allocated:  329.017578125
Memory cached:  668.0
