[I 2023-11-16 12:47:58,549] Trial 11 finished with value: 0.007425555493682623 and parameters: {'W_layers': 2, 'W_layer_units_exponent_0': 4, 'W_layer_units_exponent_1': 10, 'D_layers': 7, 'D_layer_units_exponent_0': 8, 'D_layer_units_exponent_1': 8, 'D_layer_units_exponent_2': 10, 'D_layer_units_exponent_3': 8, 'D_layer_units_exponent_4': 10, 'D_layer_units_exponent_5': 10, 'D_layer_units_exponent_6': 10, 'log_learning_rate': -2.4385746805535167, 'log_learning_rate_D': -3.606732507991114, 'training_batch_size': 6, 'training_p': 2}. Best is trial 10 with value: 0.007422677706927061.
Time for this trial:  267.08383321762085
Memory status after this trial: 
Memory allocated:  777.52490234375
Memory cached:  806.0
--------------------  Trial  12   --------------------
Start timing: 
Parameters: 
{'W_layers': 2, 'W_layer_units_exponent_0': 5, 'W_layer_units_exponent_1': 10, 'D_layers': 7, 'D_layer_units_exponent_0': 8, 'D_layer_units_exponent_1': 8, 'D_layer_units_exponent_2': 9, 'D_layer_units_exponent_3': 7, 'D_layer_units_exponent_4': 10, 'D_layer_units_exponent_5': 10, 'D_layer_units_exponent_6': 10, 'log_learning_rate': -2.4367624957252167, 'log_learning_rate_D': -3.436275291652729, 'training_batch_size': 7, 'training_p': 2}
	 epoch  0 training error:  tensor(4.6058, device='cuda:0', grad_fn=<DivBackward0>)
	 epoch  0 test error:  tensor(1.8494, device='cuda:0', grad_fn=<DivBackward0>)
Memory status after this epoch: 
Memory allocated:  383.658203125
Memory cached:  430.0
	 epoch  10 training error:  tensor(1.0020, device='cuda:0', grad_fn=<DivBackward0>)
	 epoch  10 test error:  tensor(0.0443, device='cuda:0', grad_fn=<DivBackward0>)
Memory status after this epoch: 
Memory allocated:  384.033203125
Memory cached:  732.0
	 epoch  20 training error:  tensor(1.0007, device='cuda:0', grad_fn=<DivBackward0>)
	 epoch  20 test error:  tensor(0.0443, device='cuda:0', grad_fn=<DivBackward0>)
Memory status after this epoch: 
Memory allocated:  383.705078125
Memory cached:  732.0
	 epoch  30 training error:  tensor(1.0004, device='cuda:0', grad_fn=<DivBackward0>)
	 epoch  30 test error:  tensor(0.0443, device='cuda:0', grad_fn=<DivBackward0>)
Memory status after this epoch: 
Memory allocated:  383.986328125
Memory cached:  732.0
	 epoch  40 training error:  tensor(1.0004, device='cuda:0', grad_fn=<DivBackward0>)
	 epoch  40 test error:  tensor(0.0443, device='cuda:0', grad_fn=<DivBackward0>)
Memory status after this epoch: 
Memory allocated:  383.705078125
Memory cached:  732.0
	 epoch  50 training error:  tensor(1.0003, device='cuda:0', grad_fn=<DivBackward0>)
	 epoch  50 test error:  tensor(0.0443, device='cuda:0', grad_fn=<DivBackward0>)
Memory status after this epoch: 
Memory allocated:  383.986328125
Memory cached:  732.0
	 epoch  60 training error:  tensor(1.0003, device='cuda:0', grad_fn=<DivBackward0>)
	 epoch  60 test error:  tensor(0.0443, device='cuda:0', grad_fn=<DivBackward0>)
Memory status after this epoch: 
Memory allocated:  383.705078125
Memory cached:  732.0
	 epoch  70 training error:  tensor(1.0003, device='cuda:0', grad_fn=<DivBackward0>)
	 epoch  70 test error:  tensor(0.0443, device='cuda:0', grad_fn=<DivBackward0>)
Memory status after this epoch: 
Memory allocated:  383.986328125
Memory cached:  732.0
	 epoch  80 training error:  tensor(1.0003, device='cuda:0', grad_fn=<DivBackward0>)
	 epoch  80 test error:  tensor(0.0443, device='cuda:0', grad_fn=<DivBackward0>)
Memory status after this epoch: 
Memory allocated:  383.705078125
Memory cached:  732.0
	 epoch  90 training error:  tensor(1.0003, device='cuda:0', grad_fn=<DivBackward0>)
	 epoch  90 test error:  tensor(0.0443, device='cuda:0', grad_fn=<DivBackward0>)
Memory status after this epoch: 
Memory allocated:  383.986328125
Memory cached:  732.0
[I 2023-11-16 12:50:44,361] Trial 12 finished with value: 0.044282205402851105 and parameters: {'W_layers': 2, 'W_layer_units_exponent_0': 5, 'W_layer_units_exponent_1': 10, 'D_layers': 7, 'D_layer_units_exponent_0': 8, 'D_layer_units_exponent_1': 8, 'D_layer_units_exponent_2': 9, 'D_layer_units_exponent_3': 7, 'D_layer_units_exponent_4': 10, 'D_layer_units_exponent_5': 10, 'D_layer_units_exponent_6': 10, 'log_learning_rate': -2.4367624957252167, 'log_learning_rate_D': -3.436275291652729, 'training_batch_size': 7, 'training_p': 2}. Best is trial 10 with value: 0.007422677706927061.
Time for this trial:  165.57890915870667
Memory status after this trial: 
Memory allocated:  707.36669921875
Memory cached:  732.0
--------------------  Trial  13   --------------------
Start timing: 
Parameters: 
{'W_layers': 3, 'W_layer_units_exponent_0': 5, 'W_layer_units_exponent_1': 8, 'W_layer_units_exponent_2': 6, 'D_layers': 8, 'D_layer_units_exponent_0': 8, 'D_layer_units_exponent_1': 9, 'D_layer_units_exponent_2': 9, 'D_layer_units_exponent_3': 10, 'D_layer_units_exponent_4': 9, 'D_layer_units_exponent_5': 8, 'D_layer_units_exponent_6': 7, 'D_layer_units_exponent_7': 10, 'log_learning_rate': -2.410641690260272, 'log_learning_rate_D': -3.380305979491127, 'training_batch_size': 8, 'training_p': 3}
	 epoch  0 training error:  tensor(6.0489, device='cuda:0', grad_fn=<DivBackward0>)
	 epoch  0 test error:  tensor(1.2034, device='cuda:0', grad_fn=<DivBackward0>)
Memory status after this epoch: 
Memory allocated:  335.021484375
Memory cached:  398.0
	 epoch  10 training error:  tensor(1.3025, device='cuda:0', grad_fn=<DivBackward0>)
	 epoch  10 test error:  tensor(0.0503, device='cuda:0', grad_fn=<DivBackward0>)
Memory status after this epoch: 
Memory allocated:  333.849609375
Memory cached:  662.0
	 epoch  20 training error:  tensor(0.3620, device='cuda:0', grad_fn=<DivBackward0>)
	 epoch  20 test error:  tensor(0.0115, device='cuda:0', grad_fn=<DivBackward0>)
Memory status after this epoch: 
Memory allocated:  334.974609375
Memory cached:  662.0
	 epoch  30 training error:  tensor(0.2628, device='cuda:0', grad_fn=<DivBackward0>)
	 epoch  30 test error:  tensor(0.0073, device='cuda:0', grad_fn=<DivBackward0>)
Memory status after this epoch: 
Memory allocated:  334.224609375
Memory cached:  662.0
	 epoch  40 training error:  tensor(0.2678, device='cuda:0', grad_fn=<DivBackward0>)
	 epoch  40 test error:  tensor(0.0088, device='cuda:0', grad_fn=<DivBackward0>)
Memory status after this epoch: 
Memory allocated:  334.880859375
Memory cached:  662.0
	 epoch  50 training error:  tensor(0.2603, device='cuda:0', grad_fn=<DivBackward0>)
	 epoch  50 test error:  tensor(0.0073, device='cuda:0', grad_fn=<DivBackward0>)
Memory status after this epoch: 
Memory allocated:  334.318359375
Memory cached:  662.0
	 epoch  60 training error:  tensor(0.2566, device='cuda:0', grad_fn=<DivBackward0>)
	 epoch  60 test error:  tensor(0.0073, device='cuda:0', grad_fn=<DivBackward0>)
Memory status after this epoch: 
Memory allocated:  334.787109375
Memory cached:  662.0
	 epoch  70 training error:  tensor(0.2545, device='cuda:0', grad_fn=<DivBackward0>)
	 epoch  70 test error:  tensor(0.0077, device='cuda:0', grad_fn=<DivBackward0>)
Memory status after this epoch: 
Memory allocated:  334.318359375
Memory cached:  662.0
	 epoch  80 training error:  tensor(0.2512, device='cuda:0', grad_fn=<DivBackward0>)
	 epoch  80 test error:  tensor(0.0075, device='cuda:0', grad_fn=<DivBackward0>)
Memory status after this epoch: 
Memory allocated:  334.787109375
Memory cached:  662.0
	 epoch  90 training error:  tensor(0.2486, device='cuda:0', grad_fn=<DivBackward0>)
	 epoch  90 test error:  tensor(0.0076, device='cuda:0', grad_fn=<DivBackward0>)
Memory status after this epoch: 
Memory allocated:  334.318359375
Memory cached:  662.0
[I 2023-11-16 12:53:42,763] Trial 13 finished with value: 0.007826350629329681 and parameters: {'W_layers': 3, 'W_layer_units_exponent_0': 5, 'W_layer_units_exponent_1': 8, 'W_layer_units_exponent_2': 6, 'D_layers': 8, 'D_layer_units_exponent_0': 8, 'D_layer_units_exponent_1': 9, 'D_layer_units_exponent_2': 9, 'D_layer_units_exponent_3': 10, 'D_layer_units_exponent_4': 9, 'D_layer_units_exponent_5': 8, 'D_layer_units_exponent_6': 7, 'D_layer_units_exponent_7': 10, 'log_learning_rate': -2.410641690260272, 'log_learning_rate_D': -3.380305979491127, 'training_batch_size': 8, 'training_p': 3}. Best is trial 10 with value: 0.007422677706927061.
Time for this trial:  178.15768599510193
Memory status after this trial: 
Memory allocated:  626.53466796875
Memory cached:  662.0
--------------------  Trial  14   --------------------
Start timing: 
Parameters: 
{'W_layers': 3, 'W_layer_units_exponent_0': 9, 'W_layer_units_exponent_1': 9, 'W_layer_units_exponent_2': 7, 'D_layers': 6, 'D_layer_units_exponent_0': 7, 'D_layer_units_exponent_1': 8, 'D_layer_units_exponent_2': 10, 'D_layer_units_exponent_3': 6, 'D_layer_units_exponent_4': 8, 'D_layer_units_exponent_5': 4, 'log_learning_rate': -1.0110444755997463, 'log_learning_rate_D': -3.770195291766912, 'training_batch_size': 7, 'training_p': 3}
	 epoch  0 training error:  tensor(0.2674, device='cuda:0', grad_fn=<DivBackward0>)
	 epoch  0 test error:  tensor(1041.3502, device='cuda:0', grad_fn=<DivBackward0>)
Memory status after this epoch: 
Memory allocated:  230.51611328125
Memory cached:  270.0
	 epoch  10 training error:  tensor(1., device='cuda:0', grad_fn=<DivBackward0>)
	 epoch  10 test error:  tensor(0.0443, device='cuda:0', grad_fn=<DivBackward0>)
Memory status after this epoch: 
Memory allocated:  229.67236328125
Memory cached:  466.0
	 epoch  20 training error:  tensor(1., device='cuda:0', grad_fn=<DivBackward0>)
	 epoch  20 test error:  tensor(0.0443, device='cuda:0', grad_fn=<DivBackward0>)
Memory status after this epoch: 
Memory allocated:  230.51611328125
Memory cached:  466.0
	 epoch  30 training error:  tensor(1., device='cuda:0', grad_fn=<DivBackward0>)
	 epoch  30 test error:  tensor(0.0443, device='cuda:0', grad_fn=<DivBackward0>)
Memory status after this epoch: 
Memory allocated:  229.67236328125
Memory cached:  466.0
	 epoch  40 training error:  tensor(1., device='cuda:0', grad_fn=<DivBackward0>)
	 epoch  40 test error:  tensor(0.0443, device='cuda:0', grad_fn=<DivBackward0>)
Memory status after this epoch: 
Memory allocated:  230.51611328125
Memory cached:  466.0
	 epoch  50 training error:  tensor(1., device='cuda:0', grad_fn=<DivBackward0>)
	 epoch  50 test error:  tensor(0.0443, device='cuda:0', grad_fn=<DivBackward0>)
Memory status after this epoch: 
Memory allocated:  229.67236328125
Memory cached:  466.0
	 epoch  60 training error:  tensor(1., device='cuda:0', grad_fn=<DivBackward0>)
	 epoch  60 test error:  tensor(0.0443, device='cuda:0', grad_fn=<DivBackward0>)
Memory status after this epoch: 
Memory allocated:  230.51611328125
Memory cached:  466.0
	 epoch  70 training error:  tensor(1., device='cuda:0', grad_fn=<DivBackward0>)
	 epoch  70 test error:  tensor(0.0443, device='cuda:0', grad_fn=<DivBackward0>)
Memory status after this epoch: 
Memory allocated:  229.67236328125
Memory cached:  466.0
	 epoch  80 training error:  tensor(1., device='cuda:0', grad_fn=<DivBackward0>)
	 epoch  80 test error:  tensor(0.0443, device='cuda:0', grad_fn=<DivBackward0>)
Memory status after this epoch: 
Memory allocated:  230.51611328125
Memory cached:  466.0
	 epoch  90 training error:  tensor(1., device='cuda:0', grad_fn=<DivBackward0>)
	 epoch  90 test error:  tensor(0.0443, device='cuda:0', grad_fn=<DivBackward0>)
Memory status after this epoch: 
Memory allocated:  229.67236328125
Memory cached:  466.0
[I 2023-11-16 12:56:14,094] Trial 14 finished with value: 0.04426875337958336 and parameters: {'W_layers': 3, 'W_layer_units_exponent_0': 9, 'W_layer_units_exponent_1': 9, 'W_layer_units_exponent_2': 7, 'D_layers': 6, 'D_layer_units_exponent_0': 7, 'D_layer_units_exponent_1': 8, 'D_layer_units_exponent_2': 10, 'D_layer_units_exponent_3': 6, 'D_layer_units_exponent_4': 8, 'D_layer_units_exponent_5': 4, 'log_learning_rate': -1.0110444755997463, 'log_learning_rate_D': -3.770195291766912, 'training_batch_size': 7, 'training_p': 3}. Best is trial 10 with value: 0.007422677706927061.
Time for this trial:  151.10383319854736
Memory status after this trial: 
Memory allocated:  442.59619140625
Memory cached:  468.0
--------------------  Trial  15   --------------------
Start timing: 
Parameters: 
{'W_layers': 8, 'W_layer_units_exponent_0': 5, 'W_layer_units_exponent_1': 6, 'W_layer_units_exponent_2': 4, 'W_layer_units_exponent_3': 10, 'W_layer_units_exponent_4': 10, 'W_layer_units_exponent_5': 10, 'W_layer_units_exponent_6': 4, 'W_layer_units_exponent_7': 4, 'D_layers': 6, 'D_layer_units_exponent_0': 9, 'D_layer_units_exponent_1': 9, 'D_layer_units_exponent_2': 8, 'D_layer_units_exponent_3': 8, 'D_layer_units_exponent_4': 5, 'D_layer_units_exponent_5': 10, 'log_learning_rate': -2.7159024556688216, 'log_learning_rate_D': -3.902479014712246, 'training_batch_size': 7, 'training_p': 2}
	 epoch  0 training error:  tensor(0.7525, device='cuda:0', grad_fn=<DivBackward0>)
	 epoch  0 test error:  tensor(1.4969, device='cuda:0', grad_fn=<DivBackward0>)
Memory status after this epoch: 
Memory allocated:  414.96923828125
Memory cached:  482.0
	 epoch  10 training error:  tensor(0.4452, device='cuda:0', grad_fn=<DivBackward0>)
	 epoch  10 test error:  tensor(0.0170, device='cuda:0', grad_fn=<DivBackward0>)
Memory status after this epoch: 
Memory allocated:  414.87548828125
Memory cached:  814.0
	 epoch  20 training error:  tensor(0.4091, device='cuda:0', grad_fn=<DivBackward0>)
	 epoch  20 test error:  tensor(0.0100, device='cuda:0', grad_fn=<DivBackward0>)
Memory status after this epoch: 
Memory allocated:  415.34423828125
Memory cached:  794.0
	 epoch  30 training error:  tensor(0.2972, device='cuda:0', grad_fn=<DivBackward0>)
	 epoch  30 test error:  tensor(0.0089, device='cuda:0', grad_fn=<DivBackward0>)
Memory status after this epoch: 
Memory allocated:  414.68798828125
Memory cached:  794.0
	 epoch  40 training error:  tensor(0.2126, device='cuda:0', grad_fn=<DivBackward0>)
	 epoch  40 test error:  tensor(0.0080, device='cuda:0', grad_fn=<DivBackward0>)
Memory status after this epoch: 
Memory allocated:  414.96923828125
Memory cached:  794.0
	 epoch  50 training error:  tensor(0.2074, device='cuda:0', grad_fn=<DivBackward0>)
	 epoch  50 test error:  tensor(0.0073, device='cuda:0', grad_fn=<DivBackward0>)
Memory status after this epoch: 
Memory allocated:  415.15673828125
Memory cached:  794.0
	 epoch  60 training error:  tensor(0.2056, device='cuda:0', grad_fn=<DivBackward0>)
	 epoch  60 test error:  tensor(0.0075, device='cuda:0', grad_fn=<DivBackward0>)
Memory status after this epoch: 
Memory allocated:  414.96923828125
Memory cached:  794.0
	 epoch  70 training error:  tensor(0.2049, device='cuda:0', grad_fn=<DivBackward0>)
	 epoch  70 test error:  tensor(0.0080, device='cuda:0', grad_fn=<DivBackward0>)
Memory status after this epoch: 
Memory allocated:  415.15673828125
Memory cached:  794.0
	 epoch  80 training error:  tensor(0.2046, device='cuda:0', grad_fn=<DivBackward0>)
	 epoch  80 test error:  tensor(0.0076, device='cuda:0', grad_fn=<DivBackward0>)
Memory status after this epoch: 
Memory allocated:  414.96923828125
Memory cached:  794.0
	 epoch  90 training error:  tensor(0.2040, device='cuda:0', grad_fn=<DivBackward0>)
	 epoch  90 test error:  tensor(0.0075, device='cuda:0', grad_fn=<DivBackward0>)
Memory status after this epoch: 
Memory allocated:  414.68798828125
Memory cached:  794.0
[I 2023-11-16 12:59:40,568] Trial 15 finished with value: 0.007686925120651722 and parameters: {'W_layers': 8, 'W_layer_units_exponent_0': 5, 'W_layer_units_exponent_1': 6, 'W_layer_units_exponent_2': 4, 'W_layer_units_exponent_3': 10, 'W_layer_units_exponent_4': 10, 'W_layer_units_exponent_5': 10, 'W_layer_units_exponent_6': 4, 'W_layer_units_exponent_7': 4, 'D_layers': 6, 'D_layer_units_exponent_0': 9, 'D_layer_units_exponent_1': 9, 'D_layer_units_exponent_2': 8, 'D_layer_units_exponent_3': 8, 'D_layer_units_exponent_4': 5, 'D_layer_units_exponent_5': 10, 'log_learning_rate': -2.7159024556688216, 'log_learning_rate_D': -3.902479014712246, 'training_batch_size': 7, 'training_p': 2}. Best is trial 10 with value: 0.007422677706927061.
Time for this trial:  206.2230100631714
Memory status after this trial: 
Memory allocated:  768.40380859375
Memory cached:  794.0
--------------------  Trial  16   --------------------
Start timing: 
Parameters: 
{'W_layers': 3, 'W_layer_units_exponent_0': 8, 'W_layer_units_exponent_1': 4, 'W_layer_units_exponent_2': 7, 'D_layers': 7, 'D_layer_units_exponent_0': 6, 'D_layer_units_exponent_1': 6, 'D_layer_units_exponent_2': 9, 'D_layer_units_exponent_3': 8, 'D_layer_units_exponent_4': 8, 'D_layer_units_exponent_5': 8, 'D_layer_units_exponent_6': 8, 'log_learning_rate': -2.882868513019054, 'log_learning_rate_D': -3.1391670742919757, 'training_batch_size': 8, 'training_p': 3}
	 epoch  0 training error:  tensor(0.8919, device='cuda:0', grad_fn=<DivBackward0>)
	 epoch  0 test error:  tensor(0.1996, device='cuda:0', grad_fn=<DivBackward0>)
Memory status after this epoch: 
Memory allocated:  180.484375
Memory cached:  240.0
	 epoch  10 training error:  tensor(0.8169, device='cuda:0', grad_fn=<DivBackward0>)
	 epoch  10 test error:  tensor(0.0206, device='cuda:0', grad_fn=<DivBackward0>)
Memory status after this epoch: 
Memory allocated:  180.578125
Memory cached:  372.0
	 epoch  20 training error:  tensor(0.3761, device='cuda:0', grad_fn=<DivBackward0>)
	 epoch  20 test error:  tensor(0.0075, device='cuda:0', grad_fn=<DivBackward0>)
Memory status after this epoch: 
Memory allocated:  180.484375
Memory cached:  372.0
	 epoch  30 training error:  tensor(0.2993, device='cuda:0', grad_fn=<DivBackward0>)
	 epoch  30 test error:  tensor(0.0072, device='cuda:0', grad_fn=<DivBackward0>)
Memory status after this epoch: 
Memory allocated:  180.578125
Memory cached:  372.0
	 epoch  40 training error:  tensor(0.2647, device='cuda:0', grad_fn=<DivBackward0>)
	 epoch  40 test error:  tensor(0.0076, device='cuda:0', grad_fn=<DivBackward0>)
Memory status after this epoch: 
Memory allocated:  180.484375
Memory cached:  374.0
	 epoch  50 training error:  tensor(0.2587, device='cuda:0', grad_fn=<DivBackward0>)
	 epoch  50 test error:  tensor(0.0077, device='cuda:0', grad_fn=<DivBackward0>)
Memory status after this epoch: 
Memory allocated:  180.578125
Memory cached:  376.0
	 epoch  60 training error:  tensor(0.2492, device='cuda:0', grad_fn=<DivBackward0>)
	 epoch  60 test error:  tensor(0.0080, device='cuda:0', grad_fn=<DivBackward0>)
Memory status after this epoch: 
Memory allocated:  180.484375
Memory cached:  372.0
	 epoch  70 training error:  tensor(0.2461, device='cuda:0', grad_fn=<DivBackward0>)
	 epoch  70 test error:  tensor(0.0080, device='cuda:0', grad_fn=<DivBackward0>)
Memory status after this epoch: 
Memory allocated:  180.578125
Memory cached:  372.0
	 epoch  80 training error:  tensor(0.2452, device='cuda:0', grad_fn=<DivBackward0>)
	 epoch  80 test error:  tensor(0.0080, device='cuda:0', grad_fn=<DivBackward0>)
Memory status after this epoch: 
Memory allocated:  180.484375
Memory cached:  372.0
	 epoch  90 training error:  tensor(0.2449, device='cuda:0', grad_fn=<DivBackward0>)
	 epoch  90 test error:  tensor(0.0079, device='cuda:0', grad_fn=<DivBackward0>)
Memory status after this epoch: 
Memory allocated:  180.578125
Memory cached:  374.0
