[I 2023-11-16 19:28:11,129] Trial 40 finished with value: 5.176425457000732 and parameters: {'W_layers': 2, 'W_layer_units_exponent_0': 9, 'W_layer_units_exponent_1': 6, 'D_layers': 7, 'D_layer_units_exponent_0': 6, 'D_layer_units_exponent_1': 5, 'D_layer_units_exponent_2': 4, 'D_layer_units_exponent_3': 8, 'D_layer_units_exponent_4': 4, 'D_layer_units_exponent_5': 9, 'D_layer_units_exponent_6': 10, 'log_learning_rate': -2.946053721470276, 'log_learning_rate_D': -2.9587323033818063, 'training_batch_size': 9, 'training_p': 7}. Best is trial 16 with value: 0.8001757860183716.
Time for this trial:  148.07550191879272
Memory status after this trial: 
Memory allocated:  431.1455078125
Memory cached:  452.0
--------------------  Trial  41   --------------------
Start timing: 
Parameters: 
{'W_layers': 8, 'W_layer_units_exponent_0': 7, 'W_layer_units_exponent_1': 7, 'W_layer_units_exponent_2': 8, 'W_layer_units_exponent_3': 5, 'W_layer_units_exponent_4': 7, 'W_layer_units_exponent_5': 5, 'W_layer_units_exponent_6': 10, 'W_layer_units_exponent_7': 7, 'D_layers': 4, 'D_layer_units_exponent_0': 10, 'D_layer_units_exponent_1': 8, 'D_layer_units_exponent_2': 9, 'D_layer_units_exponent_3': 10, 'log_learning_rate': -3.4651599540298577, 'log_learning_rate_D': -2.9705762912114664, 'training_batch_size': 12, 'training_p': 2}
	 epoch  0 training error:  tensor(1.0697, device='cuda:0', grad_fn=<DivBackward0>)
	 epoch  0 test error:  tensor(2.7228, device='cuda:0', grad_fn=<DivBackward0>)
Memory status after this epoch: 
Memory allocated:  349.34228515625
Memory cached:  400.0
	 epoch  10 training error:  tensor(0.2283, device='cuda:0', grad_fn=<DivBackward0>)
	 epoch  10 test error:  tensor(1.0211, device='cuda:0', grad_fn=<DivBackward0>)
Memory status after this epoch: 
Memory allocated:  349.76416015625
Memory cached:  690.0
	 epoch  20 training error:  tensor(0.2537, device='cuda:0', grad_fn=<DivBackward0>)
	 epoch  20 test error:  tensor(0.7511, device='cuda:0', grad_fn=<DivBackward0>)
Memory status after this epoch: 
Memory allocated:  349.34228515625
Memory cached:  690.0
	 epoch  30 training error:  tensor(0.2089, device='cuda:0', grad_fn=<DivBackward0>)
	 epoch  30 test error:  tensor(1.0926, device='cuda:0', grad_fn=<DivBackward0>)
Memory status after this epoch: 
Memory allocated:  349.76416015625
Memory cached:  690.0
	 epoch  40 training error:  tensor(0.2051, device='cuda:0', grad_fn=<DivBackward0>)
	 epoch  40 test error:  tensor(0.8089, device='cuda:0', grad_fn=<DivBackward0>)
Memory status after this epoch: 
Memory allocated:  349.34228515625
Memory cached:  690.0
	 epoch  50 training error:  tensor(0.2026, device='cuda:0', grad_fn=<DivBackward0>)
	 epoch  50 test error:  tensor(0.7586, device='cuda:0', grad_fn=<DivBackward0>)
Memory status after this epoch: 
Memory allocated:  349.76416015625
Memory cached:  690.0
	 epoch  60 training error:  tensor(0.2016, device='cuda:0', grad_fn=<DivBackward0>)
	 epoch  60 test error:  tensor(0.8185, device='cuda:0', grad_fn=<DivBackward0>)
Memory status after this epoch: 
Memory allocated:  349.34228515625
Memory cached:  690.0
	 epoch  70 training error:  tensor(0.2017, device='cuda:0', grad_fn=<DivBackward0>)
	 epoch  70 test error:  tensor(0.8226, device='cuda:0', grad_fn=<DivBackward0>)
Memory status after this epoch: 
Memory allocated:  349.76416015625
Memory cached:  690.0
	 epoch  80 training error:  tensor(0.2014, device='cuda:0', grad_fn=<DivBackward0>)
	 epoch  80 test error:  tensor(0.7955, device='cuda:0', grad_fn=<DivBackward0>)
Memory status after this epoch: 
Memory allocated:  349.34228515625
Memory cached:  690.0
	 epoch  90 training error:  tensor(0.2013, device='cuda:0', grad_fn=<DivBackward0>)
	 epoch  90 test error:  tensor(0.8166, device='cuda:0', grad_fn=<DivBackward0>)
Memory status after this epoch: 
Memory allocated:  349.76416015625
Memory cached:  690.0
[I 2023-11-16 19:31:19,755] Trial 41 finished with value: 0.8051056265830994 and parameters: {'W_layers': 8, 'W_layer_units_exponent_0': 7, 'W_layer_units_exponent_1': 7, 'W_layer_units_exponent_2': 8, 'W_layer_units_exponent_3': 5, 'W_layer_units_exponent_4': 7, 'W_layer_units_exponent_5': 5, 'W_layer_units_exponent_6': 10, 'W_layer_units_exponent_7': 7, 'D_layers': 4, 'D_layer_units_exponent_0': 10, 'D_layer_units_exponent_1': 8, 'D_layer_units_exponent_2': 9, 'D_layer_units_exponent_3': 10, 'log_learning_rate': -3.4651599540298577, 'log_learning_rate_D': -2.9705762912114664, 'training_batch_size': 12, 'training_p': 2}. Best is trial 16 with value: 0.8001757860183716.
Time for this trial:  188.3406400680542
Memory status after this trial: 
Memory allocated:  666.4921875
Memory cached:  690.0
--------------------  Trial  42   --------------------
Start timing: 
Parameters: 
{'W_layers': 8, 'W_layer_units_exponent_0': 7, 'W_layer_units_exponent_1': 7, 'W_layer_units_exponent_2': 8, 'W_layer_units_exponent_3': 4, 'W_layer_units_exponent_4': 8, 'W_layer_units_exponent_5': 5, 'W_layer_units_exponent_6': 10, 'W_layer_units_exponent_7': 8, 'D_layers': 4, 'D_layer_units_exponent_0': 9, 'D_layer_units_exponent_1': 8, 'D_layer_units_exponent_2': 9, 'D_layer_units_exponent_3': 10, 'log_learning_rate': -3.1572789311626313, 'log_learning_rate_D': -3.296273579205968, 'training_batch_size': 12, 'training_p': 2}
	 epoch  0 training error:  tensor(0.9730, device='cuda:0', grad_fn=<DivBackward0>)
	 epoch  0 test error:  tensor(13.1184, device='cuda:0', grad_fn=<DivBackward0>)
Memory status after this epoch: 
Memory allocated:  335.76611328125
Memory cached:  406.0
	 epoch  10 training error:  tensor(0.5272, device='cuda:0', grad_fn=<DivBackward0>)
	 epoch  10 test error:  tensor(0.9767, device='cuda:0', grad_fn=<DivBackward0>)
Memory status after this epoch: 
Memory allocated:  335.34423828125
Memory cached:  662.0
	 epoch  20 training error:  tensor(0.2459, device='cuda:0', grad_fn=<DivBackward0>)
	 epoch  20 test error:  tensor(1.0728, device='cuda:0', grad_fn=<DivBackward0>)
Memory status after this epoch: 
Memory allocated:  336.00048828125
Memory cached:  662.0
	 epoch  30 training error:  tensor(0.1913, device='cuda:0', grad_fn=<DivBackward0>)
	 epoch  30 test error:  tensor(0.7771, device='cuda:0', grad_fn=<DivBackward0>)
Memory status after this epoch: 
Memory allocated:  335.34423828125
Memory cached:  662.0
	 epoch  40 training error:  tensor(0.1872, device='cuda:0', grad_fn=<DivBackward0>)
	 epoch  40 test error:  tensor(0.9003, device='cuda:0', grad_fn=<DivBackward0>)
Memory status after this epoch: 
Memory allocated:  335.76611328125
Memory cached:  662.0
	 epoch  50 training error:  tensor(0.1855, device='cuda:0', grad_fn=<DivBackward0>)
	 epoch  50 test error:  tensor(0.8019, device='cuda:0', grad_fn=<DivBackward0>)
Memory status after this epoch: 
Memory allocated:  335.34423828125
Memory cached:  662.0
	 epoch  60 training error:  tensor(0.1850, device='cuda:0', grad_fn=<DivBackward0>)
	 epoch  60 test error:  tensor(0.8539, device='cuda:0', grad_fn=<DivBackward0>)
Memory status after this epoch: 
Memory allocated:  335.76611328125
Memory cached:  662.0
	 epoch  70 training error:  tensor(0.1847, device='cuda:0', grad_fn=<DivBackward0>)
	 epoch  70 test error:  tensor(0.8473, device='cuda:0', grad_fn=<DivBackward0>)
Memory status after this epoch: 
Memory allocated:  335.34423828125
Memory cached:  662.0
	 epoch  80 training error:  tensor(0.1843, device='cuda:0', grad_fn=<DivBackward0>)
	 epoch  80 test error:  tensor(0.8397, device='cuda:0', grad_fn=<DivBackward0>)
Memory status after this epoch: 
Memory allocated:  335.76611328125
Memory cached:  662.0
	 epoch  90 training error:  tensor(0.1841, device='cuda:0', grad_fn=<DivBackward0>)
	 epoch  90 test error:  tensor(0.8480, device='cuda:0', grad_fn=<DivBackward0>)
Memory status after this epoch: 
Memory allocated:  335.34423828125
Memory cached:  664.0
[I 2023-11-16 19:34:29,798] Trial 42 finished with value: 0.8455983996391296 and parameters: {'W_layers': 8, 'W_layer_units_exponent_0': 7, 'W_layer_units_exponent_1': 7, 'W_layer_units_exponent_2': 8, 'W_layer_units_exponent_3': 4, 'W_layer_units_exponent_4': 8, 'W_layer_units_exponent_5': 5, 'W_layer_units_exponent_6': 10, 'W_layer_units_exponent_7': 8, 'D_layers': 4, 'D_layer_units_exponent_0': 9, 'D_layer_units_exponent_1': 8, 'D_layer_units_exponent_2': 9, 'D_layer_units_exponent_3': 10, 'log_learning_rate': -3.1572789311626313, 'log_learning_rate_D': -3.296273579205968, 'training_batch_size': 12, 'training_p': 2}. Best is trial 16 with value: 0.8001757860183716.
Time for this trial:  189.7367706298828
Memory status after this trial: 
Memory allocated:  638.6044921875
Memory cached:  664.0
--------------------  Trial  43   --------------------
Start timing: 
Parameters: 
{'W_layers': 7, 'W_layer_units_exponent_0': 6, 'W_layer_units_exponent_1': 7, 'W_layer_units_exponent_2': 7, 'W_layer_units_exponent_3': 5, 'W_layer_units_exponent_4': 7, 'W_layer_units_exponent_5': 4, 'W_layer_units_exponent_6': 10, 'D_layers': 3, 'D_layer_units_exponent_0': 10, 'D_layer_units_exponent_1': 8, 'D_layer_units_exponent_2': 10, 'log_learning_rate': -3.595439544758794, 'log_learning_rate_D': -3.0646735266142815, 'training_batch_size': 11, 'training_p': 2}
	 epoch  0 training error:  tensor(0.9880, device='cuda:0', grad_fn=<DivBackward0>)
	 epoch  0 test error:  tensor(3.5562, device='cuda:0', grad_fn=<DivBackward0>)
Memory status after this epoch: 
Memory allocated:  295.92041015625
Memory cached:  356.0
	 epoch  10 training error:  tensor(0.3056, device='cuda:0', grad_fn=<DivBackward0>)
	 epoch  10 test error:  tensor(1.1930, device='cuda:0', grad_fn=<DivBackward0>)
Memory status after this epoch: 
Memory allocated:  295.63916015625
Memory cached:  580.0
	 epoch  20 training error:  tensor(0.2078, device='cuda:0', grad_fn=<DivBackward0>)
	 epoch  20 test error:  tensor(0.8187, device='cuda:0', grad_fn=<DivBackward0>)
Memory status after this epoch: 
Memory allocated:  296.34228515625
Memory cached:  580.0
	 epoch  30 training error:  tensor(0.2028, device='cuda:0', grad_fn=<DivBackward0>)
	 epoch  30 test error:  tensor(0.7854, device='cuda:0', grad_fn=<DivBackward0>)
Memory status after this epoch: 
Memory allocated:  295.49853515625
Memory cached:  580.0
	 epoch  40 training error:  tensor(0.2062, device='cuda:0', grad_fn=<DivBackward0>)
	 epoch  40 test error:  tensor(0.8916, device='cuda:0', grad_fn=<DivBackward0>)
Memory status after this epoch: 
Memory allocated:  296.01416015625
Memory cached:  580.0
	 epoch  50 training error:  tensor(0.2023, device='cuda:0', grad_fn=<DivBackward0>)
	 epoch  50 test error:  tensor(0.8669, device='cuda:0', grad_fn=<DivBackward0>)
Memory status after this epoch: 
Memory allocated:  295.96728515625
Memory cached:  580.0
	 epoch  60 training error:  tensor(0.2013, device='cuda:0', grad_fn=<DivBackward0>)
	 epoch  60 test error:  tensor(0.8315, device='cuda:0', grad_fn=<DivBackward0>)
Memory status after this epoch: 
Memory allocated:  296.01416015625
Memory cached:  580.0
	 epoch  70 training error:  tensor(0.2013, device='cuda:0', grad_fn=<DivBackward0>)
	 epoch  70 test error:  tensor(0.8161, device='cuda:0', grad_fn=<DivBackward0>)
Memory status after this epoch: 
Memory allocated:  295.49853515625
Memory cached:  580.0
	 epoch  80 training error:  tensor(0.2013, device='cuda:0', grad_fn=<DivBackward0>)
	 epoch  80 test error:  tensor(0.8115, device='cuda:0', grad_fn=<DivBackward0>)
Memory status after this epoch: 
Memory allocated:  296.06103515625
Memory cached:  580.0
	 epoch  90 training error:  tensor(0.2013, device='cuda:0', grad_fn=<DivBackward0>)
	 epoch  90 test error:  tensor(0.8106, device='cuda:0', grad_fn=<DivBackward0>)
Memory status after this epoch: 
Memory allocated:  295.92041015625
Memory cached:  580.0
[I 2023-11-16 19:37:14,495] Trial 43 finished with value: 0.8080050349235535 and parameters: {'W_layers': 7, 'W_layer_units_exponent_0': 6, 'W_layer_units_exponent_1': 7, 'W_layer_units_exponent_2': 7, 'W_layer_units_exponent_3': 5, 'W_layer_units_exponent_4': 7, 'W_layer_units_exponent_5': 4, 'W_layer_units_exponent_6': 10, 'D_layers': 3, 'D_layer_units_exponent_0': 10, 'D_layer_units_exponent_1': 8, 'D_layer_units_exponent_2': 10, 'log_learning_rate': -3.595439544758794, 'log_learning_rate_D': -3.0646735266142815, 'training_batch_size': 11, 'training_p': 2}. Best is trial 16 with value: 0.8001757860183716.
Time for this trial:  164.42349457740784
Memory status after this trial: 
Memory allocated:  572.3515625
Memory cached:  580.0
--------------------  Trial  44   --------------------
Start timing: 
Parameters: 
{'W_layers': 8, 'W_layer_units_exponent_0': 5, 'W_layer_units_exponent_1': 7, 'W_layer_units_exponent_2': 7, 'W_layer_units_exponent_3': 4, 'W_layer_units_exponent_4': 7, 'W_layer_units_exponent_5': 4, 'W_layer_units_exponent_6': 9, 'W_layer_units_exponent_7': 6, 'D_layers': 2, 'D_layer_units_exponent_0': 10, 'D_layer_units_exponent_1': 9, 'log_learning_rate': -3.623065152498553, 'log_learning_rate_D': -2.726497762911377, 'training_batch_size': 11, 'training_p': 2}
	 epoch  0 training error:  tensor(1.0793, device='cuda:0', grad_fn=<DivBackward0>)
	 epoch  0 test error:  tensor(4.9102, device='cuda:0', grad_fn=<DivBackward0>)
Memory status after this epoch: 
Memory allocated:  229.53564453125
Memory cached:  300.0
	 epoch  10 training error:  tensor(0.4159, device='cuda:0', grad_fn=<DivBackward0>)
	 epoch  10 test error:  tensor(1.9770, device='cuda:0', grad_fn=<DivBackward0>)
Memory status after this epoch: 
Memory allocated:  230.09814453125
Memory cached:  458.0
	 epoch  20 training error:  tensor(0.2295, device='cuda:0', grad_fn=<DivBackward0>)
	 epoch  20 test error:  tensor(1.3143, device='cuda:0', grad_fn=<DivBackward0>)
Memory status after this epoch: 
Memory allocated:  229.53564453125
Memory cached:  458.0
	 epoch  30 training error:  tensor(0.1917, device='cuda:0', grad_fn=<DivBackward0>)
	 epoch  30 test error:  tensor(0.8155, device='cuda:0', grad_fn=<DivBackward0>)
Memory status after this epoch: 
Memory allocated:  230.09814453125
Memory cached:  458.0
	 epoch  40 training error:  tensor(0.1888, device='cuda:0', grad_fn=<DivBackward0>)
	 epoch  40 test error:  tensor(0.8654, device='cuda:0', grad_fn=<DivBackward0>)
Memory status after this epoch: 
Memory allocated:  229.53564453125
Memory cached:  458.0
	 epoch  50 training error:  tensor(0.1869, device='cuda:0', grad_fn=<DivBackward0>)
	 epoch  50 test error:  tensor(0.8824, device='cuda:0', grad_fn=<DivBackward0>)
Memory status after this epoch: 
Memory allocated:  230.09814453125
Memory cached:  458.0
	 epoch  60 training error:  tensor(0.1859, device='cuda:0', grad_fn=<DivBackward0>)
	 epoch  60 test error:  tensor(0.8420, device='cuda:0', grad_fn=<DivBackward0>)
Memory status after this epoch: 
Memory allocated:  229.53564453125
Memory cached:  458.0
	 epoch  70 training error:  tensor(0.1854, device='cuda:0', grad_fn=<DivBackward0>)
	 epoch  70 test error:  tensor(0.8662, device='cuda:0', grad_fn=<DivBackward0>)
Memory status after this epoch: 
Memory allocated:  230.09814453125
Memory cached:  458.0
	 epoch  80 training error:  tensor(0.1852, device='cuda:0', grad_fn=<DivBackward0>)
	 epoch  80 test error:  tensor(0.8611, device='cuda:0', grad_fn=<DivBackward0>)
Memory status after this epoch: 
Memory allocated:  229.53564453125
Memory cached:  460.0
	 epoch  90 training error:  tensor(0.1851, device='cuda:0', grad_fn=<DivBackward0>)
	 epoch  90 test error:  tensor(0.8539, device='cuda:0', grad_fn=<DivBackward0>)
Memory status after this epoch: 
Memory allocated:  230.09814453125
Memory cached:  462.0
[I 2023-11-16 19:39:51,185] Trial 44 finished with value: 0.8513364791870117 and parameters: {'W_layers': 8, 'W_layer_units_exponent_0': 5, 'W_layer_units_exponent_1': 7, 'W_layer_units_exponent_2': 7, 'W_layer_units_exponent_3': 4, 'W_layer_units_exponent_4': 7, 'W_layer_units_exponent_5': 4, 'W_layer_units_exponent_6': 9, 'W_layer_units_exponent_7': 6, 'D_layers': 2, 'D_layer_units_exponent_0': 10, 'D_layer_units_exponent_1': 9, 'log_learning_rate': -3.623065152498553, 'log_learning_rate_D': -2.726497762911377, 'training_batch_size': 11, 'training_p': 2}. Best is trial 16 with value: 0.8001757860183716.
Time for this trial:  156.4321572780609
Memory status after this trial: 
Memory allocated:  438.09375
Memory cached:  460.0
--------------------  Trial  45   --------------------
Start timing: 
Parameters: 
{'W_layers': 7, 'W_layer_units_exponent_0': 6, 'W_layer_units_exponent_1': 8, 'W_layer_units_exponent_2': 6, 'W_layer_units_exponent_3': 9, 'W_layer_units_exponent_4': 7, 'W_layer_units_exponent_5': 4, 'W_layer_units_exponent_6': 10, 'D_layers': 3, 'D_layer_units_exponent_0': 9, 'D_layer_units_exponent_1': 8, 'D_layer_units_exponent_2': 10, 'log_learning_rate': -3.874737093567812, 'log_learning_rate_D': -2.573509769607054, 'training_batch_size': 10, 'training_p': 3}
	 epoch  0 training error:  tensor(1.0699, device='cuda:0', grad_fn=<DivBackward0>)
	 epoch  0 test error:  tensor(4.6519, device='cuda:0', grad_fn=<DivBackward0>)
Memory status after this epoch: 
Memory allocated:  298.00439453125
Memory cached:  376.0
	 epoch  10 training error:  tensor(0.2932, device='cuda:0', grad_fn=<DivBackward0>)
	 epoch  10 test error:  tensor(1.0266, device='cuda:0', grad_fn=<DivBackward0>)
Memory status after this epoch: 
Memory allocated:  296.50439453125
Memory cached:  604.0
	 epoch  20 training error:  tensor(0.2547, device='cuda:0', grad_fn=<DivBackward0>)
	 epoch  20 test error:  tensor(0.9514, device='cuda:0', grad_fn=<DivBackward0>)
Memory status after this epoch: 
Memory allocated:  297.95751953125
Memory cached:  584.0
	 epoch  30 training error:  tensor(0.2321, device='cuda:0', grad_fn=<DivBackward0>)
	 epoch  30 test error:  tensor(0.8400, device='cuda:0', grad_fn=<DivBackward0>)
Memory status after this epoch: 
Memory allocated:  296.64501953125
Memory cached:  584.0
	 epoch  40 training error:  tensor(0.2253, device='cuda:0', grad_fn=<DivBackward0>)
	 epoch  40 test error:  tensor(0.9740, device='cuda:0', grad_fn=<DivBackward0>)
Memory status after this epoch: 
Memory allocated:  297.86376953125
Memory cached:  586.0
	 epoch  50 training error:  tensor(0.2219, device='cuda:0', grad_fn=<DivBackward0>)
	 epoch  50 test error:  tensor(0.8520, device='cuda:0', grad_fn=<DivBackward0>)
Memory status after this epoch: 
Memory allocated:  297.02001953125
Memory cached:  584.0
	 epoch  60 training error:  tensor(0.2216, device='cuda:0', grad_fn=<DivBackward0>)
	 epoch  60 test error:  tensor(0.8944, device='cuda:0', grad_fn=<DivBackward0>)
Memory status after this epoch: 
Memory allocated:  297.86376953125
Memory cached:  584.0
	 epoch  70 training error:  tensor(0.2213, device='cuda:0', grad_fn=<DivBackward0>)
	 epoch  70 test error:  tensor(0.8761, device='cuda:0', grad_fn=<DivBackward0>)
Memory status after this epoch: 
Memory allocated:  297.06689453125
Memory cached:  584.0
	 epoch  80 training error:  tensor(0.2210, device='cuda:0', grad_fn=<DivBackward0>)
	 epoch  80 test error:  tensor(0.8794, device='cuda:0', grad_fn=<DivBackward0>)
Memory status after this epoch: 
Memory allocated:  297.86376953125
Memory cached:  584.0
	 epoch  90 training error:  tensor(0.2207, device='cuda:0', grad_fn=<DivBackward0>)
	 epoch  90 test error:  tensor(0.8829, device='cuda:0', grad_fn=<DivBackward0>)
Memory status after this epoch: 
Memory allocated:  297.06689453125
Memory cached:  584.0
