[I 2023-11-17 04:16:59,133] Trial 42 finished with value: 0.09817315638065338 and parameters: {'W_layers': 5, 'W_layer_units_exponent_0': 5, 'W_layer_units_exponent_1': 5, 'W_layer_units_exponent_2': 5, 'W_layer_units_exponent_3': 6, 'W_layer_units_exponent_4': 10, 'D_layers': 7, 'D_layer_units_exponent_0': 10, 'D_layer_units_exponent_1': 4, 'D_layer_units_exponent_2': 9, 'D_layer_units_exponent_3': 10, 'D_layer_units_exponent_4': 10, 'D_layer_units_exponent_5': 9, 'D_layer_units_exponent_6': 5, 'log_learning_rate': -4.862116775592357, 'log_learning_rate_D': -1.229667109698383, 'training_batch_size': 6, 'training_p': 2}. Best is trial 14 with value: 0.09673155844211578.
Time for this trial:  317.155398607254
Memory status after this trial: 
Memory allocated:  647.6748046875
Memory cached:  666.0
--------------------  Trial  43   --------------------
Start timing: 
Parameters: 
{'W_layers': 4, 'W_layer_units_exponent_0': 5, 'W_layer_units_exponent_1': 5, 'W_layer_units_exponent_2': 4, 'W_layer_units_exponent_3': 7, 'D_layers': 8, 'D_layer_units_exponent_0': 10, 'D_layer_units_exponent_1': 4, 'D_layer_units_exponent_2': 8, 'D_layer_units_exponent_3': 10, 'D_layer_units_exponent_4': 10, 'D_layer_units_exponent_5': 8, 'D_layer_units_exponent_6': 5, 'D_layer_units_exponent_7': 6, 'log_learning_rate': -4.993958634307343, 'log_learning_rate_D': -1.5501826235226872, 'training_batch_size': 6, 'training_p': 3}
	 epoch  0 training error:  tensor(0.9963, device='cuda:0', grad_fn=<DivBackward0>)
	 epoch  0 test error:  tensor(0.0967, device='cuda:0', grad_fn=<DivBackward0>)
Memory status after this epoch: 
Memory allocated:  265.49560546875
Memory cached:  296.0
	 epoch  10 training error:  tensor(1.0000, device='cuda:0', grad_fn=<DivBackward0>)
	 epoch  10 test error:  tensor(0.0967, device='cuda:0', grad_fn=<DivBackward0>)
Memory status after this epoch: 
Memory allocated:  265.68310546875
Memory cached:  522.0
	 epoch  20 training error:  tensor(1.0000, device='cuda:0', grad_fn=<DivBackward0>)
	 epoch  20 test error:  tensor(0.0967, device='cuda:0', grad_fn=<DivBackward0>)
Memory status after this epoch: 
Memory allocated:  265.49560546875
Memory cached:  522.0
	 epoch  30 training error:  tensor(1.0000, device='cuda:0', grad_fn=<DivBackward0>)
	 epoch  30 test error:  tensor(0.0967, device='cuda:0', grad_fn=<DivBackward0>)
Memory status after this epoch: 
Memory allocated:  265.68310546875
Memory cached:  522.0
	 epoch  40 training error:  tensor(0.9999, device='cuda:0', grad_fn=<DivBackward0>)
	 epoch  40 test error:  tensor(0.0967, device='cuda:0', grad_fn=<DivBackward0>)
Memory status after this epoch: 
Memory allocated:  265.49560546875
Memory cached:  522.0
	 epoch  50 training error:  tensor(0.9999, device='cuda:0', grad_fn=<DivBackward0>)
	 epoch  50 test error:  tensor(0.0967, device='cuda:0', grad_fn=<DivBackward0>)
Memory status after this epoch: 
Memory allocated:  265.68310546875
Memory cached:  522.0
	 epoch  60 training error:  tensor(0.9999, device='cuda:0', grad_fn=<DivBackward0>)
	 epoch  60 test error:  tensor(0.0967, device='cuda:0', grad_fn=<DivBackward0>)
Memory status after this epoch: 
Memory allocated:  265.49560546875
Memory cached:  522.0
	 epoch  70 training error:  tensor(0.9999, device='cuda:0', grad_fn=<DivBackward0>)
	 epoch  70 test error:  tensor(0.0967, device='cuda:0', grad_fn=<DivBackward0>)
Memory status after this epoch: 
Memory allocated:  265.68310546875
Memory cached:  522.0
	 epoch  80 training error:  tensor(0.9999, device='cuda:0', grad_fn=<DivBackward0>)
	 epoch  80 test error:  tensor(0.0967, device='cuda:0', grad_fn=<DivBackward0>)
Memory status after this epoch: 
Memory allocated:  265.49560546875
Memory cached:  522.0
	 epoch  90 training error:  tensor(0.9999, device='cuda:0', grad_fn=<DivBackward0>)
	 epoch  90 test error:  tensor(0.0967, device='cuda:0', grad_fn=<DivBackward0>)
Memory status after this epoch: 
Memory allocated:  265.68310546875
Memory cached:  522.0
[I 2023-11-17 04:22:05,423] Trial 43 finished with value: 0.09674002975225449 and parameters: {'W_layers': 4, 'W_layer_units_exponent_0': 5, 'W_layer_units_exponent_1': 5, 'W_layer_units_exponent_2': 4, 'W_layer_units_exponent_3': 7, 'D_layers': 8, 'D_layer_units_exponent_0': 10, 'D_layer_units_exponent_1': 4, 'D_layer_units_exponent_2': 8, 'D_layer_units_exponent_3': 10, 'D_layer_units_exponent_4': 10, 'D_layer_units_exponent_5': 8, 'D_layer_units_exponent_6': 5, 'D_layer_units_exponent_7': 6, 'log_learning_rate': -4.993958634307343, 'log_learning_rate_D': -1.5501826235226872, 'training_batch_size': 6, 'training_p': 3}. Best is trial 14 with value: 0.09673155844211578.
Time for this trial:  305.996075630188
Memory status after this trial: 
Memory allocated:  491.8896484375
Memory cached:  522.0
--------------------  Trial  44   --------------------
Start timing: 
Parameters: 
{'W_layers': 3, 'W_layer_units_exponent_0': 4, 'W_layer_units_exponent_1': 4, 'W_layer_units_exponent_2': 4, 'D_layers': 8, 'D_layer_units_exponent_0': 10, 'D_layer_units_exponent_1': 4, 'D_layer_units_exponent_2': 9, 'D_layer_units_exponent_3': 9, 'D_layer_units_exponent_4': 9, 'D_layer_units_exponent_5': 8, 'D_layer_units_exponent_6': 6, 'D_layer_units_exponent_7': 6, 'log_learning_rate': -4.996448034588505, 'log_learning_rate_D': -1.0419465856642667, 'training_batch_size': 6, 'training_p': 4}
	 epoch  0 training error:  tensor(0.9812, device='cuda:0', grad_fn=<DivBackward0>)
	 epoch  0 test error:  tensor(0.1002, device='cuda:0', grad_fn=<DivBackward0>)
Memory status after this epoch: 
Memory allocated:  204.53515625
Memory cached:  232.0
	 epoch  10 training error:  tensor(0.9730, device='cuda:0', grad_fn=<DivBackward0>)
	 epoch  10 test error:  tensor(0.0999, device='cuda:0', grad_fn=<DivBackward0>)
Memory status after this epoch: 
Memory allocated:  204.72265625
Memory cached:  410.0
	 epoch  20 training error:  tensor(0.9693, device='cuda:0', grad_fn=<DivBackward0>)
	 epoch  20 test error:  tensor(0.0997, device='cuda:0', grad_fn=<DivBackward0>)
Memory status after this epoch: 
Memory allocated:  204.53515625
Memory cached:  410.0
	 epoch  30 training error:  tensor(0.9657, device='cuda:0', grad_fn=<DivBackward0>)
	 epoch  30 test error:  tensor(0.0994, device='cuda:0', grad_fn=<DivBackward0>)
Memory status after this epoch: 
Memory allocated:  204.72265625
Memory cached:  410.0
	 epoch  40 training error:  tensor(0.9621, device='cuda:0', grad_fn=<DivBackward0>)
	 epoch  40 test error:  tensor(0.0992, device='cuda:0', grad_fn=<DivBackward0>)
Memory status after this epoch: 
Memory allocated:  204.53515625
Memory cached:  410.0
	 epoch  50 training error:  tensor(0.9585, device='cuda:0', grad_fn=<DivBackward0>)
	 epoch  50 test error:  tensor(0.0989, device='cuda:0', grad_fn=<DivBackward0>)
Memory status after this epoch: 
Memory allocated:  204.72265625
Memory cached:  410.0
	 epoch  60 training error:  tensor(0.9550, device='cuda:0', grad_fn=<DivBackward0>)
	 epoch  60 test error:  tensor(0.0987, device='cuda:0', grad_fn=<DivBackward0>)
Memory status after this epoch: 
Memory allocated:  204.53515625
Memory cached:  410.0
	 epoch  70 training error:  tensor(0.9516, device='cuda:0', grad_fn=<DivBackward0>)
	 epoch  70 test error:  tensor(0.0985, device='cuda:0', grad_fn=<DivBackward0>)
Memory status after this epoch: 
Memory allocated:  204.72265625
Memory cached:  410.0
	 epoch  80 training error:  tensor(0.9482, device='cuda:0', grad_fn=<DivBackward0>)
	 epoch  80 test error:  tensor(0.0983, device='cuda:0', grad_fn=<DivBackward0>)
Memory status after this epoch: 
Memory allocated:  204.53515625
Memory cached:  410.0
	 epoch  90 training error:  tensor(0.9478, device='cuda:0', grad_fn=<DivBackward0>)
	 epoch  90 test error:  tensor(0.0982, device='cuda:0', grad_fn=<DivBackward0>)
Memory status after this epoch: 
Memory allocated:  204.72265625
Memory cached:  410.0
[I 2023-11-17 04:26:53,885] Trial 44 finished with value: 0.0982569232583046 and parameters: {'W_layers': 3, 'W_layer_units_exponent_0': 4, 'W_layer_units_exponent_1': 4, 'W_layer_units_exponent_2': 4, 'D_layers': 8, 'D_layer_units_exponent_0': 10, 'D_layer_units_exponent_1': 4, 'D_layer_units_exponent_2': 9, 'D_layer_units_exponent_3': 9, 'D_layer_units_exponent_4': 9, 'D_layer_units_exponent_5': 8, 'D_layer_units_exponent_6': 6, 'D_layer_units_exponent_7': 6, 'log_learning_rate': -4.996448034588505, 'log_learning_rate_D': -1.0419465856642667, 'training_batch_size': 6, 'training_p': 4}. Best is trial 14 with value: 0.09673155844211578.
Time for this trial:  288.1747646331787
Memory status after this trial: 
Memory allocated:  390.734375
Memory cached:  410.0
--------------------  Trial  45   --------------------
Start timing: 
Parameters: 
{'W_layers': 4, 'W_layer_units_exponent_0': 6, 'W_layer_units_exponent_1': 7, 'W_layer_units_exponent_2': 4, 'W_layer_units_exponent_3': 7, 'D_layers': 8, 'D_layer_units_exponent_0': 6, 'D_layer_units_exponent_1': 8, 'D_layer_units_exponent_2': 7, 'D_layer_units_exponent_3': 10, 'D_layer_units_exponent_4': 10, 'D_layer_units_exponent_5': 8, 'D_layer_units_exponent_6': 4, 'D_layer_units_exponent_7': 8, 'log_learning_rate': -4.474520078456892, 'log_learning_rate_D': -1.3176856415239075, 'training_batch_size': 10, 'training_p': 4}
	 epoch  0 training error:  tensor(1.0119, device='cuda:0', grad_fn=<DivBackward0>)
	 epoch  0 test error:  tensor(0.0968, device='cuda:0', grad_fn=<DivBackward0>)
Memory status after this epoch: 
Memory allocated:  235.4619140625
Memory cached:  266.0
	 epoch  10 training error:  tensor(0.9915, device='cuda:0', grad_fn=<DivBackward0>)
	 epoch  10 test error:  tensor(0.0968, device='cuda:0', grad_fn=<DivBackward0>)
Memory status after this epoch: 
Memory allocated:  235.2744140625
Memory cached:  462.0
	 epoch  20 training error:  tensor(0.9731, device='cuda:0', grad_fn=<DivBackward0>)
	 epoch  20 test error:  tensor(0.0971, device='cuda:0', grad_fn=<DivBackward0>)
Memory status after this epoch: 
Memory allocated:  235.4619140625
Memory cached:  462.0
	 epoch  30 training error:  tensor(0.9566, device='cuda:0', grad_fn=<DivBackward0>)
	 epoch  30 test error:  tensor(0.0978, device='cuda:0', grad_fn=<DivBackward0>)
Memory status after this epoch: 
Memory allocated:  235.2744140625
Memory cached:  462.0
	 epoch  40 training error:  tensor(0.9511, device='cuda:0', grad_fn=<DivBackward0>)
	 epoch  40 test error:  tensor(0.0984, device='cuda:0', grad_fn=<DivBackward0>)
Memory status after this epoch: 
Memory allocated:  235.4619140625
Memory cached:  462.0
	 epoch  50 training error:  tensor(0.9493, device='cuda:0', grad_fn=<DivBackward0>)
	 epoch  50 test error:  tensor(0.0981, device='cuda:0', grad_fn=<DivBackward0>)
Memory status after this epoch: 
Memory allocated:  235.2744140625
Memory cached:  462.0
	 epoch  60 training error:  tensor(0.9480, device='cuda:0', grad_fn=<DivBackward0>)
	 epoch  60 test error:  tensor(0.0982, device='cuda:0', grad_fn=<DivBackward0>)
Memory status after this epoch: 
Memory allocated:  235.4619140625
Memory cached:  464.0
	 epoch  70 training error:  tensor(0.9476, device='cuda:0', grad_fn=<DivBackward0>)
	 epoch  70 test error:  tensor(0.0982, device='cuda:0', grad_fn=<DivBackward0>)
Memory status after this epoch: 
Memory allocated:  235.2744140625
Memory cached:  464.0
	 epoch  80 training error:  tensor(0.9478, device='cuda:0', grad_fn=<DivBackward0>)
	 epoch  80 test error:  tensor(0.0982, device='cuda:0', grad_fn=<DivBackward0>)
Memory status after this epoch: 
Memory allocated:  235.4619140625
Memory cached:  462.0
	 epoch  90 training error:  tensor(0.9477, device='cuda:0', grad_fn=<DivBackward0>)
	 epoch  90 test error:  tensor(0.0982, device='cuda:0', grad_fn=<DivBackward0>)
Memory status after this epoch: 
Memory allocated:  235.2744140625
Memory cached:  462.0
[I 2023-11-17 04:29:53,004] Trial 45 finished with value: 0.09822825342416763 and parameters: {'W_layers': 4, 'W_layer_units_exponent_0': 6, 'W_layer_units_exponent_1': 7, 'W_layer_units_exponent_2': 4, 'W_layer_units_exponent_3': 7, 'D_layers': 8, 'D_layer_units_exponent_0': 6, 'D_layer_units_exponent_1': 8, 'D_layer_units_exponent_2': 7, 'D_layer_units_exponent_3': 10, 'D_layer_units_exponent_4': 10, 'D_layer_units_exponent_5': 8, 'D_layer_units_exponent_6': 4, 'D_layer_units_exponent_7': 8, 'log_learning_rate': -4.474520078456892, 'log_learning_rate_D': -1.3176856415239075, 'training_batch_size': 10, 'training_p': 4}. Best is trial 14 with value: 0.09673155844211578.
Time for this trial:  178.8440465927124
Memory status after this trial: 
Memory allocated:  433.73828125
Memory cached:  462.0
--------------------  Trial  46   --------------------
Start timing: 
Parameters: 
{'W_layers': 3, 'W_layer_units_exponent_0': 5, 'W_layer_units_exponent_1': 8, 'W_layer_units_exponent_2': 4, 'D_layers': 7, 'D_layer_units_exponent_0': 6, 'D_layer_units_exponent_1': 4, 'D_layer_units_exponent_2': 9, 'D_layer_units_exponent_3': 9, 'D_layer_units_exponent_4': 9, 'D_layer_units_exponent_5': 7, 'D_layer_units_exponent_6': 5, 'log_learning_rate': -4.666731840931646, 'log_learning_rate_D': -1.5366495831346234, 'training_batch_size': 6, 'training_p': 2}
	 epoch  0 training error:  tensor(0.9999, device='cuda:0', grad_fn=<DivBackward0>)
	 epoch  0 test error:  tensor(0.0968, device='cuda:0', grad_fn=<DivBackward0>)
Memory status after this epoch: 
Memory allocated:  153.98193359375
Memory cached:  182.0
	 epoch  10 training error:  tensor(0.9631, device='cuda:0', grad_fn=<DivBackward0>)
	 epoch  10 test error:  tensor(0.0974, device='cuda:0', grad_fn=<DivBackward0>)
Memory status after this epoch: 
Memory allocated:  153.88818359375
Memory cached:  310.0
	 epoch  20 training error:  tensor(0.9506, device='cuda:0', grad_fn=<DivBackward0>)
	 epoch  20 test error:  tensor(0.0985, device='cuda:0', grad_fn=<DivBackward0>)
Memory status after this epoch: 
Memory allocated:  153.98193359375
Memory cached:  310.0
	 epoch  30 training error:  tensor(0.9478, device='cuda:0', grad_fn=<DivBackward0>)
	 epoch  30 test error:  tensor(0.0981, device='cuda:0', grad_fn=<DivBackward0>)
Memory status after this epoch: 
Memory allocated:  153.88818359375
Memory cached:  310.0
	 epoch  40 training error:  tensor(0.9464, device='cuda:0', grad_fn=<DivBackward0>)
	 epoch  40 test error:  tensor(0.0982, device='cuda:0', grad_fn=<DivBackward0>)
Memory status after this epoch: 
Memory allocated:  153.98193359375
Memory cached:  310.0
	 epoch  50 training error:  tensor(0.9461, device='cuda:0', grad_fn=<DivBackward0>)
	 epoch  50 test error:  tensor(0.0983, device='cuda:0', grad_fn=<DivBackward0>)
Memory status after this epoch: 
Memory allocated:  153.88818359375
Memory cached:  310.0
	 epoch  60 training error:  tensor(0.9461, device='cuda:0', grad_fn=<DivBackward0>)
	 epoch  60 test error:  tensor(0.0982, device='cuda:0', grad_fn=<DivBackward0>)
Memory status after this epoch: 
Memory allocated:  153.98193359375
Memory cached:  310.0
	 epoch  70 training error:  tensor(0.9461, device='cuda:0', grad_fn=<DivBackward0>)
	 epoch  70 test error:  tensor(0.0982, device='cuda:0', grad_fn=<DivBackward0>)
Memory status after this epoch: 
Memory allocated:  153.88818359375
Memory cached:  310.0
	 epoch  80 training error:  tensor(0.9470, device='cuda:0', grad_fn=<DivBackward0>)
	 epoch  80 test error:  tensor(0.0981, device='cuda:0', grad_fn=<DivBackward0>)
Memory status after this epoch: 
Memory allocated:  153.98193359375
Memory cached:  310.0
	 epoch  90 training error:  tensor(0.9468, device='cuda:0', grad_fn=<DivBackward0>)
	 epoch  90 test error:  tensor(0.0982, device='cuda:0', grad_fn=<DivBackward0>)
Memory status after this epoch: 
Memory allocated:  153.88818359375
Memory cached:  310.0
[I 2023-11-17 04:34:21,904] Trial 46 finished with value: 0.09817244857549667 and parameters: {'W_layers': 3, 'W_layer_units_exponent_0': 5, 'W_layer_units_exponent_1': 8, 'W_layer_units_exponent_2': 4, 'D_layers': 7, 'D_layer_units_exponent_0': 6, 'D_layer_units_exponent_1': 4, 'D_layer_units_exponent_2': 9, 'D_layer_units_exponent_3': 9, 'D_layer_units_exponent_4': 9, 'D_layer_units_exponent_5': 7, 'D_layer_units_exponent_6': 5, 'log_learning_rate': -4.666731840931646, 'log_learning_rate_D': -1.5366495831346234, 'training_batch_size': 6, 'training_p': 2}. Best is trial 14 with value: 0.09673155844211578.
Time for this trial:  268.62859988212585
Memory status after this trial: 
Memory allocated:  291.412109375
Memory cached:  310.0
--------------------  Trial  47   --------------------
Start timing: 
Parameters: 
{'W_layers': 4, 'W_layer_units_exponent_0': 4, 'W_layer_units_exponent_1': 5, 'W_layer_units_exponent_2': 6, 'W_layer_units_exponent_3': 6, 'D_layers': 8, 'D_layer_units_exponent_0': 10, 'D_layer_units_exponent_1': 6, 'D_layer_units_exponent_2': 6, 'D_layer_units_exponent_3': 10, 'D_layer_units_exponent_4': 10, 'D_layer_units_exponent_5': 8, 'D_layer_units_exponent_6': 6, 'D_layer_units_exponent_7': 4, 'log_learning_rate': -4.41608610657638, 'log_learning_rate_D': -1.1730575452781222, 'training_batch_size': 7, 'training_p': 5}
	 epoch  0 training error:  tensor(1.0155, device='cuda:0', grad_fn=<DivBackward0>)
	 epoch  0 test error:  tensor(0.0968, device='cuda:0', grad_fn=<DivBackward0>)
Memory status after this epoch: 
Memory allocated:  253.3232421875
Memory cached:  284.0
	 epoch  10 training error:  tensor(1.0001, device='cuda:0', grad_fn=<DivBackward0>)
	 epoch  10 test error:  tensor(0.0967, device='cuda:0', grad_fn=<DivBackward0>)
Memory status after this epoch: 
Memory allocated:  253.3232421875
Memory cached:  500.0
	 epoch  20 training error:  tensor(1.0001, device='cuda:0', grad_fn=<DivBackward0>)
	 epoch  20 test error:  tensor(0.0967, device='cuda:0', grad_fn=<DivBackward0>)
Memory status after this epoch: 
Memory allocated:  253.3232421875
Memory cached:  500.0
	 epoch  30 training error:  tensor(1.0001, device='cuda:0', grad_fn=<DivBackward0>)
	 epoch  30 test error:  tensor(0.0967, device='cuda:0', grad_fn=<DivBackward0>)
Memory status after this epoch: 
Memory allocated:  253.3232421875
Memory cached:  500.0
	 epoch  40 training error:  tensor(1.0001, device='cuda:0', grad_fn=<DivBackward0>)
	 epoch  40 test error:  tensor(0.0967, device='cuda:0', grad_fn=<DivBackward0>)
Memory status after this epoch: 
Memory allocated:  253.3232421875
Memory cached:  500.0
	 epoch  50 training error:  tensor(1.0000, device='cuda:0', grad_fn=<DivBackward0>)
	 epoch  50 test error:  tensor(0.0967, device='cuda:0', grad_fn=<DivBackward0>)
Memory status after this epoch: 
Memory allocated:  253.3232421875
Memory cached:  500.0
	 epoch  60 training error:  tensor(1.0000, device='cuda:0', grad_fn=<DivBackward0>)
	 epoch  60 test error:  tensor(0.0967, device='cuda:0', grad_fn=<DivBackward0>)
Memory status after this epoch: 
Memory allocated:  253.3232421875
Memory cached:  500.0
	 epoch  70 training error:  tensor(1.0000, device='cuda:0', grad_fn=<DivBackward0>)
	 epoch  70 test error:  tensor(0.0967, device='cuda:0', grad_fn=<DivBackward0>)
Memory status after this epoch: 
Memory allocated:  253.3232421875
Memory cached:  500.0
	 epoch  80 training error:  tensor(1.0000, device='cuda:0', grad_fn=<DivBackward0>)
	 epoch  80 test error:  tensor(0.0967, device='cuda:0', grad_fn=<DivBackward0>)
Memory status after this epoch: 
Memory allocated:  253.3232421875
Memory cached:  500.0
	 epoch  90 training error:  tensor(1.0000, device='cuda:0', grad_fn=<DivBackward0>)
	 epoch  90 test error:  tensor(0.0967, device='cuda:0', grad_fn=<DivBackward0>)
Memory status after this epoch: 
Memory allocated:  253.3232421875
Memory cached:  500.0
