[I 2023-11-16 18:11:07,045] Trial 15 finished with value: 0.8095474243164062 and parameters: {'W_layers': 7, 'W_layer_units_exponent_0': 7, 'W_layer_units_exponent_1': 5, 'W_layer_units_exponent_2': 8, 'W_layer_units_exponent_3': 6, 'W_layer_units_exponent_4': 4, 'W_layer_units_exponent_5': 5, 'W_layer_units_exponent_6': 10, 'D_layers': 4, 'D_layer_units_exponent_0': 10, 'D_layer_units_exponent_1': 6, 'D_layer_units_exponent_2': 8, 'D_layer_units_exponent_3': 10, 'log_learning_rate': -3.2311333313870896, 'log_learning_rate_D': -3.169753970583395, 'training_batch_size': 12, 'training_p': 2}. Best is trial 15 with value: 0.8095474243164062.
Time for this trial:  170.054208278656
Memory status after this trial: 
Memory allocated:  581.3955078125
Memory cached:  588.0
--------------------  Trial  16   --------------------
Start timing: 
Parameters: 
{'W_layers': 7, 'W_layer_units_exponent_0': 8, 'W_layer_units_exponent_1': 5, 'W_layer_units_exponent_2': 9, 'W_layer_units_exponent_3': 4, 'W_layer_units_exponent_4': 6, 'W_layer_units_exponent_5': 4, 'W_layer_units_exponent_6': 10, 'D_layers': 6, 'D_layer_units_exponent_0': 10, 'D_layer_units_exponent_1': 6, 'D_layer_units_exponent_2': 8, 'D_layer_units_exponent_3': 10, 'D_layer_units_exponent_4': 6, 'D_layer_units_exponent_5': 10, 'log_learning_rate': -3.290498554698817, 'log_learning_rate_D': -3.029015768193003, 'training_batch_size': 6, 'training_p': 2}
	 epoch  0 training error:  tensor(0.8536, device='cuda:0', grad_fn=<DivBackward0>)
	 epoch  0 test error:  tensor(3.3520, device='cuda:0', grad_fn=<DivBackward0>)
Memory status after this epoch: 
Memory allocated:  377.78662109375
Memory cached:  436.0
	 epoch  10 training error:  tensor(0.2126, device='cuda:0', grad_fn=<DivBackward0>)
	 epoch  10 test error:  tensor(0.9975, device='cuda:0', grad_fn=<DivBackward0>)
Memory status after this epoch: 
Memory allocated:  377.31787109375
Memory cached:  744.0
	 epoch  20 training error:  tensor(0.2051, device='cuda:0', grad_fn=<DivBackward0>)
	 epoch  20 test error:  tensor(0.8315, device='cuda:0', grad_fn=<DivBackward0>)
Memory status after this epoch: 
Memory allocated:  377.78662109375
Memory cached:  744.0
	 epoch  30 training error:  tensor(0.2020, device='cuda:0', grad_fn=<DivBackward0>)
	 epoch  30 test error:  tensor(0.8308, device='cuda:0', grad_fn=<DivBackward0>)
Memory status after this epoch: 
Memory allocated:  377.31787109375
Memory cached:  744.0
	 epoch  40 training error:  tensor(0.2044, device='cuda:0', grad_fn=<DivBackward0>)
	 epoch  40 test error:  tensor(0.7957, device='cuda:0', grad_fn=<DivBackward0>)
Memory status after this epoch: 
Memory allocated:  377.78662109375
Memory cached:  744.0
	 epoch  50 training error:  tensor(0.2013, device='cuda:0', grad_fn=<DivBackward0>)
	 epoch  50 test error:  tensor(0.7908, device='cuda:0', grad_fn=<DivBackward0>)
Memory status after this epoch: 
Memory allocated:  377.31787109375
Memory cached:  744.0
	 epoch  60 training error:  tensor(0.2020, device='cuda:0', grad_fn=<DivBackward0>)
	 epoch  60 test error:  tensor(0.7886, device='cuda:0', grad_fn=<DivBackward0>)
Memory status after this epoch: 
Memory allocated:  377.78662109375
Memory cached:  744.0
	 epoch  70 training error:  tensor(0.2014, device='cuda:0', grad_fn=<DivBackward0>)
	 epoch  70 test error:  tensor(0.8149, device='cuda:0', grad_fn=<DivBackward0>)
Memory status after this epoch: 
Memory allocated:  377.31787109375
Memory cached:  744.0
	 epoch  80 training error:  tensor(0.2016, device='cuda:0', grad_fn=<DivBackward0>)
	 epoch  80 test error:  tensor(0.7892, device='cuda:0', grad_fn=<DivBackward0>)
Memory status after this epoch: 
Memory allocated:  377.78662109375
Memory cached:  744.0
	 epoch  90 training error:  tensor(0.2016, device='cuda:0', grad_fn=<DivBackward0>)
	 epoch  90 test error:  tensor(0.7846, device='cuda:0', grad_fn=<DivBackward0>)
Memory status after this epoch: 
Memory allocated:  377.31787109375
Memory cached:  744.0
[I 2023-11-16 18:16:29,239] Trial 16 finished with value: 0.8001757860183716 and parameters: {'W_layers': 7, 'W_layer_units_exponent_0': 8, 'W_layer_units_exponent_1': 5, 'W_layer_units_exponent_2': 9, 'W_layer_units_exponent_3': 4, 'W_layer_units_exponent_4': 6, 'W_layer_units_exponent_5': 4, 'W_layer_units_exponent_6': 10, 'D_layers': 6, 'D_layer_units_exponent_0': 10, 'D_layer_units_exponent_1': 6, 'D_layer_units_exponent_2': 8, 'D_layer_units_exponent_3': 10, 'D_layer_units_exponent_4': 6, 'D_layer_units_exponent_5': 10, 'log_learning_rate': -3.290498554698817, 'log_learning_rate_D': -3.029015768193003, 'training_batch_size': 6, 'training_p': 2}. Best is trial 16 with value: 0.8001757860183716.
Time for this trial:  321.9042830467224
Memory status after this trial: 
Memory allocated:  737.017578125
Memory cached:  744.0
--------------------  Trial  17   --------------------
Start timing: 
Parameters: 
{'W_layers': 7, 'W_layer_units_exponent_0': 8, 'W_layer_units_exponent_1': 4, 'W_layer_units_exponent_2': 8, 'W_layer_units_exponent_3': 4, 'W_layer_units_exponent_4': 6, 'W_layer_units_exponent_5': 4, 'W_layer_units_exponent_6': 10, 'D_layers': 6, 'D_layer_units_exponent_0': 10, 'D_layer_units_exponent_1': 6, 'D_layer_units_exponent_2': 8, 'D_layer_units_exponent_3': 10, 'D_layer_units_exponent_4': 7, 'D_layer_units_exponent_5': 10, 'log_learning_rate': -3.3051050369230737, 'log_learning_rate_D': -4.894078111778249, 'training_batch_size': 10, 'training_p': 4}
	 epoch  0 training error:  tensor(0.7746, device='cuda:0', grad_fn=<DivBackward0>)
	 epoch  0 test error:  tensor(0.7405, device='cuda:0', grad_fn=<DivBackward0>)
Memory status after this epoch: 
Memory allocated:  368.02880859375
Memory cached:  428.0
	 epoch  10 training error:  tensor(0.3113, device='cuda:0', grad_fn=<DivBackward0>)
	 epoch  10 test error:  tensor(1.5735, device='cuda:0', grad_fn=<DivBackward0>)
Memory status after this epoch: 
Memory allocated:  368.49755859375
Memory cached:  724.0
	 epoch  20 training error:  tensor(0.2824, device='cuda:0', grad_fn=<DivBackward0>)
	 epoch  20 test error:  tensor(0.7377, device='cuda:0', grad_fn=<DivBackward0>)
Memory status after this epoch: 
Memory allocated:  368.02880859375
Memory cached:  724.0
	 epoch  30 training error:  tensor(0.2616, device='cuda:0', grad_fn=<DivBackward0>)
	 epoch  30 test error:  tensor(1.1153, device='cuda:0', grad_fn=<DivBackward0>)
Memory status after this epoch: 
Memory allocated:  368.49755859375
Memory cached:  724.0
	 epoch  40 training error:  tensor(0.2594, device='cuda:0', grad_fn=<DivBackward0>)
	 epoch  40 test error:  tensor(0.8460, device='cuda:0', grad_fn=<DivBackward0>)
Memory status after this epoch: 
Memory allocated:  368.02880859375
Memory cached:  724.0
	 epoch  50 training error:  tensor(0.2599, device='cuda:0', grad_fn=<DivBackward0>)
	 epoch  50 test error:  tensor(0.9207, device='cuda:0', grad_fn=<DivBackward0>)
Memory status after this epoch: 
Memory allocated:  368.49755859375
Memory cached:  724.0
	 epoch  60 training error:  tensor(0.2595, device='cuda:0', grad_fn=<DivBackward0>)
	 epoch  60 test error:  tensor(0.9211, device='cuda:0', grad_fn=<DivBackward0>)
Memory status after this epoch: 
Memory allocated:  368.02880859375
Memory cached:  724.0
	 epoch  70 training error:  tensor(0.2589, device='cuda:0', grad_fn=<DivBackward0>)
	 epoch  70 test error:  tensor(0.9049, device='cuda:0', grad_fn=<DivBackward0>)
Memory status after this epoch: 
Memory allocated:  368.49755859375
Memory cached:  724.0
	 epoch  80 training error:  tensor(0.2577, device='cuda:0', grad_fn=<DivBackward0>)
	 epoch  80 test error:  tensor(0.9057, device='cuda:0', grad_fn=<DivBackward0>)
Memory status after this epoch: 
Memory allocated:  368.02880859375
Memory cached:  724.0
	 epoch  90 training error:  tensor(0.2554, device='cuda:0', grad_fn=<DivBackward0>)
	 epoch  90 test error:  tensor(0.8991, device='cuda:0', grad_fn=<DivBackward0>)
Memory status after this epoch: 
Memory allocated:  368.49755859375
Memory cached:  724.0
[I 2023-11-16 18:19:44,235] Trial 17 finished with value: 0.8749297261238098 and parameters: {'W_layers': 7, 'W_layer_units_exponent_0': 8, 'W_layer_units_exponent_1': 4, 'W_layer_units_exponent_2': 8, 'W_layer_units_exponent_3': 4, 'W_layer_units_exponent_4': 6, 'W_layer_units_exponent_5': 4, 'W_layer_units_exponent_6': 10, 'D_layers': 6, 'D_layer_units_exponent_0': 10, 'D_layer_units_exponent_1': 6, 'D_layer_units_exponent_2': 8, 'D_layer_units_exponent_3': 10, 'D_layer_units_exponent_4': 7, 'D_layer_units_exponent_5': 10, 'log_learning_rate': -3.3051050369230737, 'log_learning_rate_D': -4.894078111778249, 'training_batch_size': 10, 'training_p': 4}. Best is trial 16 with value: 0.8001757860183716.
Time for this trial:  194.6933469772339
Memory status after this trial: 
Memory allocated:  715.9150390625
Memory cached:  724.0
--------------------  Trial  18   --------------------
Start timing: 
Parameters: 
{'W_layers': 5, 'W_layer_units_exponent_0': 8, 'W_layer_units_exponent_1': 5, 'W_layer_units_exponent_2': 9, 'W_layer_units_exponent_3': 4, 'W_layer_units_exponent_4': 8, 'D_layers': 6, 'D_layer_units_exponent_0': 9, 'D_layer_units_exponent_1': 10, 'D_layer_units_exponent_2': 8, 'D_layer_units_exponent_3': 9, 'D_layer_units_exponent_4': 6, 'D_layer_units_exponent_5': 10, 'log_learning_rate': -2.4071908669807884, 'log_learning_rate_D': -3.2162450504231237, 'training_batch_size': 8, 'training_p': 4}
	 epoch  0 training error:  tensor(1.8776, device='cuda:0', grad_fn=<DivBackward0>)
	 epoch  0 test error:  tensor(78.5518, device='cuda:0', grad_fn=<DivBackward0>)
Memory status after this epoch: 
Memory allocated:  337.17138671875
Memory cached:  408.0
	 epoch  10 training error:  tensor(0.8238, device='cuda:0', grad_fn=<DivBackward0>)
	 epoch  10 test error:  tensor(2.9669, device='cuda:0', grad_fn=<DivBackward0>)
Memory status after this epoch: 
Memory allocated:  337.31201171875
Memory cached:  666.0
	 epoch  20 training error:  tensor(0.2960, device='cuda:0', grad_fn=<DivBackward0>)
	 epoch  20 test error:  tensor(1.5374, device='cuda:0', grad_fn=<DivBackward0>)
Memory status after this epoch: 
Memory allocated:  337.12451171875
Memory cached:  666.0
	 epoch  30 training error:  tensor(0.4371, device='cuda:0', grad_fn=<DivBackward0>)
	 epoch  30 test error:  tensor(1.3342, device='cuda:0', grad_fn=<DivBackward0>)
Memory status after this epoch: 
Memory allocated:  337.31201171875
Memory cached:  666.0
	 epoch  40 training error:  tensor(0.3539, device='cuda:0', grad_fn=<DivBackward0>)
	 epoch  40 test error:  tensor(1.3814, device='cuda:0', grad_fn=<DivBackward0>)
Memory status after this epoch: 
Memory allocated:  337.12451171875
Memory cached:  666.0
	 epoch  50 training error:  tensor(0.4651, device='cuda:0', grad_fn=<DivBackward0>)
	 epoch  50 test error:  tensor(3.3630, device='cuda:0', grad_fn=<DivBackward0>)
Memory status after this epoch: 
Memory allocated:  337.31201171875
Memory cached:  666.0
	 epoch  60 training error:  tensor(0.3259, device='cuda:0', grad_fn=<DivBackward0>)
	 epoch  60 test error:  tensor(2.1872, device='cuda:0', grad_fn=<DivBackward0>)
Memory status after this epoch: 
Memory allocated:  337.12451171875
Memory cached:  666.0
	 epoch  70 training error:  tensor(0.2535, device='cuda:0', grad_fn=<DivBackward0>)
	 epoch  70 test error:  tensor(1.4568, device='cuda:0', grad_fn=<DivBackward0>)
Memory status after this epoch: 
Memory allocated:  337.31201171875
Memory cached:  666.0
	 epoch  80 training error:  tensor(0.2745, device='cuda:0', grad_fn=<DivBackward0>)
	 epoch  80 test error:  tensor(0.8557, device='cuda:0', grad_fn=<DivBackward0>)
Memory status after this epoch: 
Memory allocated:  337.12451171875
Memory cached:  668.0
	 epoch  90 training error:  tensor(0.2459, device='cuda:0', grad_fn=<DivBackward0>)
	 epoch  90 test error:  tensor(1.0439, device='cuda:0', grad_fn=<DivBackward0>)
Memory status after this epoch: 
Memory allocated:  337.31201171875
Memory cached:  666.0
[I 2023-11-16 18:22:39,209] Trial 18 finished with value: 1.0093516111373901 and parameters: {'W_layers': 5, 'W_layer_units_exponent_0': 8, 'W_layer_units_exponent_1': 5, 'W_layer_units_exponent_2': 9, 'W_layer_units_exponent_3': 4, 'W_layer_units_exponent_4': 8, 'D_layers': 6, 'D_layer_units_exponent_0': 9, 'D_layer_units_exponent_1': 10, 'D_layer_units_exponent_2': 8, 'D_layer_units_exponent_3': 9, 'D_layer_units_exponent_4': 6, 'D_layer_units_exponent_5': 10, 'log_learning_rate': -2.4071908669807884, 'log_learning_rate_D': -3.2162450504231237, 'training_batch_size': 8, 'training_p': 4}. Best is trial 16 with value: 0.8001757860183716.
Time for this trial:  174.69211959838867
Memory status after this trial: 
Memory allocated:  643.09375
Memory cached:  666.0
--------------------  Trial  19   --------------------
Start timing: 
Parameters: 
{'W_layers': 8, 'W_layer_units_exponent_0': 7, 'W_layer_units_exponent_1': 7, 'W_layer_units_exponent_2': 8, 'W_layer_units_exponent_3': 5, 'W_layer_units_exponent_4': 6, 'W_layer_units_exponent_5': 5, 'W_layer_units_exponent_6': 10, 'W_layer_units_exponent_7': 4, 'D_layers': 4, 'D_layer_units_exponent_0': 10, 'D_layer_units_exponent_1': 6, 'D_layer_units_exponent_2': 9, 'D_layer_units_exponent_3': 9, 'log_learning_rate': -3.4429074820118886, 'log_learning_rate_D': -2.7322793585783507, 'training_batch_size': 10, 'training_p': 2}
	 epoch  0 training error:  tensor(0.6623, device='cuda:0', grad_fn=<DivBackward0>)
	 epoch  0 test error:  tensor(1.3995, device='cuda:0', grad_fn=<DivBackward0>)
Memory status after this epoch: 
Memory allocated:  293.31201171875
Memory cached:  352.0
	 epoch  10 training error:  tensor(0.2992, device='cuda:0', grad_fn=<DivBackward0>)
	 epoch  10 test error:  tensor(0.9624, device='cuda:0', grad_fn=<DivBackward0>)
Memory status after this epoch: 
Memory allocated:  291.76513671875
Memory cached:  576.0
	 epoch  20 training error:  tensor(0.2079, device='cuda:0', grad_fn=<DivBackward0>)
	 epoch  20 test error:  tensor(0.9106, device='cuda:0', grad_fn=<DivBackward0>)
Memory status after this epoch: 
Memory allocated:  293.31201171875
Memory cached:  576.0
	 epoch  30 training error:  tensor(0.2188, device='cuda:0', grad_fn=<DivBackward0>)
	 epoch  30 test error:  tensor(0.7410, device='cuda:0', grad_fn=<DivBackward0>)
Memory status after this epoch: 
Memory allocated:  292.23388671875
Memory cached:  576.0
	 epoch  40 training error:  tensor(0.2045, device='cuda:0', grad_fn=<DivBackward0>)
	 epoch  40 test error:  tensor(0.7930, device='cuda:0', grad_fn=<DivBackward0>)
Memory status after this epoch: 
Memory allocated:  292.84326171875
Memory cached:  576.0
	 epoch  50 training error:  tensor(0.2013, device='cuda:0', grad_fn=<DivBackward0>)
	 epoch  50 test error:  tensor(0.8438, device='cuda:0', grad_fn=<DivBackward0>)
Memory status after this epoch: 
Memory allocated:  292.70263671875
Memory cached:  576.0
	 epoch  60 training error:  tensor(0.2018, device='cuda:0', grad_fn=<DivBackward0>)
	 epoch  60 test error:  tensor(0.8440, device='cuda:0', grad_fn=<DivBackward0>)
Memory status after this epoch: 
Memory allocated:  292.37451171875
Memory cached:  576.0
	 epoch  70 training error:  tensor(0.2015, device='cuda:0', grad_fn=<DivBackward0>)
	 epoch  70 test error:  tensor(0.8085, device='cuda:0', grad_fn=<DivBackward0>)
Memory status after this epoch: 
Memory allocated:  292.70263671875
Memory cached:  576.0
	 epoch  80 training error:  tensor(0.2014, device='cuda:0', grad_fn=<DivBackward0>)
	 epoch  80 test error:  tensor(0.7967, device='cuda:0', grad_fn=<DivBackward0>)
Memory status after this epoch: 
Memory allocated:  292.37451171875
Memory cached:  576.0
	 epoch  90 training error:  tensor(0.2013, device='cuda:0', grad_fn=<DivBackward0>)
	 epoch  90 test error:  tensor(0.8111, device='cuda:0', grad_fn=<DivBackward0>)
Memory status after this epoch: 
Memory allocated:  292.70263671875
Memory cached:  576.0
[I 2023-11-16 18:25:36,231] Trial 19 finished with value: 0.8125592470169067 and parameters: {'W_layers': 8, 'W_layer_units_exponent_0': 7, 'W_layer_units_exponent_1': 7, 'W_layer_units_exponent_2': 8, 'W_layer_units_exponent_3': 5, 'W_layer_units_exponent_4': 6, 'W_layer_units_exponent_5': 5, 'W_layer_units_exponent_6': 10, 'W_layer_units_exponent_7': 4, 'D_layers': 4, 'D_layer_units_exponent_0': 10, 'D_layer_units_exponent_1': 6, 'D_layer_units_exponent_2': 9, 'D_layer_units_exponent_3': 9, 'log_learning_rate': -3.4429074820118886, 'log_learning_rate_D': -2.7322793585783507, 'training_batch_size': 10, 'training_p': 2}. Best is trial 16 with value: 0.8001757860183716.
Time for this trial:  176.73222255706787
Memory status after this trial: 
Memory allocated:  568.3330078125
Memory cached:  578.0
--------------------  Trial  20   --------------------
Start timing: 
Parameters: 
{'W_layers': 7, 'W_layer_units_exponent_0': 9, 'W_layer_units_exponent_1': 8, 'W_layer_units_exponent_2': 9, 'W_layer_units_exponent_3': 10, 'W_layer_units_exponent_4': 5, 'W_layer_units_exponent_5': 4, 'W_layer_units_exponent_6': 8, 'D_layers': 7, 'D_layer_units_exponent_0': 9, 'D_layer_units_exponent_1': 6, 'D_layer_units_exponent_2': 6, 'D_layer_units_exponent_3': 9, 'D_layer_units_exponent_4': 8, 'D_layer_units_exponent_5': 4, 'D_layer_units_exponent_6': 10, 'log_learning_rate': -4.4147815063799944, 'log_learning_rate_D': -3.3666639924828843, 'training_batch_size': 8, 'training_p': 4}
	 epoch  0 training error:  tensor(0.3234, device='cuda:0', grad_fn=<DivBackward0>)
	 epoch  0 test error:  tensor(2.3700, device='cuda:0', grad_fn=<DivBackward0>)
Memory status after this epoch: 
Memory allocated:  369.36328125
Memory cached:  440.0
	 epoch  10 training error:  tensor(0.2806, device='cuda:0', grad_fn=<DivBackward0>)
	 epoch  10 test error:  tensor(0.9014, device='cuda:0', grad_fn=<DivBackward0>)
Memory status after this epoch: 
Memory allocated:  369.97265625
Memory cached:  732.0
	 epoch  20 training error:  tensor(0.2579, device='cuda:0', grad_fn=<DivBackward0>)
	 epoch  20 test error:  tensor(0.8022, device='cuda:0', grad_fn=<DivBackward0>)
Memory status after this epoch: 
Memory allocated:  369.36328125
Memory cached:  732.0
	 epoch  30 training error:  tensor(0.2561, device='cuda:0', grad_fn=<DivBackward0>)
	 epoch  30 test error:  tensor(0.7984, device='cuda:0', grad_fn=<DivBackward0>)
Memory status after this epoch: 
Memory allocated:  369.97265625
Memory cached:  732.0
	 epoch  40 training error:  tensor(0.2556, device='cuda:0', grad_fn=<DivBackward0>)
	 epoch  40 test error:  tensor(0.8099, device='cuda:0', grad_fn=<DivBackward0>)
Memory status after this epoch: 
Memory allocated:  369.36328125
Memory cached:  732.0
	 epoch  50 training error:  tensor(0.2507, device='cuda:0', grad_fn=<DivBackward0>)
	 epoch  50 test error:  tensor(0.9230, device='cuda:0', grad_fn=<DivBackward0>)
Memory status after this epoch: 
Memory allocated:  369.97265625
Memory cached:  732.0
	 epoch  60 training error:  tensor(0.2485, device='cuda:0', grad_fn=<DivBackward0>)
	 epoch  60 test error:  tensor(0.8512, device='cuda:0', grad_fn=<DivBackward0>)
Memory status after this epoch: 
Memory allocated:  369.36328125
Memory cached:  732.0
	 epoch  70 training error:  tensor(0.2471, device='cuda:0', grad_fn=<DivBackward0>)
	 epoch  70 test error:  tensor(0.8991, device='cuda:0', grad_fn=<DivBackward0>)
Memory status after this epoch: 
Memory allocated:  369.97265625
Memory cached:  732.0
	 epoch  80 training error:  tensor(0.2471, device='cuda:0', grad_fn=<DivBackward0>)
	 epoch  80 test error:  tensor(0.9316, device='cuda:0', grad_fn=<DivBackward0>)
Memory status after this epoch: 
Memory allocated:  369.36328125
Memory cached:  734.0
	 epoch  90 training error:  tensor(0.2468, device='cuda:0', grad_fn=<DivBackward0>)
	 epoch  90 test error:  tensor(0.9264, device='cuda:0', grad_fn=<DivBackward0>)
Memory status after this epoch: 
Memory allocated:  369.97265625
Memory cached:  734.0
