[I 2023-11-17 13:06:59,327] Trial 3 finished with value: 0.19150450825691223 and parameters: {'W_layers': 7, 'W_layer_units_exponent_0': 7, 'W_layer_units_exponent_1': 6, 'W_layer_units_exponent_2': 5, 'W_layer_units_exponent_3': 7, 'W_layer_units_exponent_4': 5, 'W_layer_units_exponent_5': 6, 'W_layer_units_exponent_6': 7, 'D_layers': 7, 'D_layer_units_exponent_0': 6, 'D_layer_units_exponent_1': 5, 'D_layer_units_exponent_2': 7, 'D_layer_units_exponent_3': 8, 'D_layer_units_exponent_4': 10, 'D_layer_units_exponent_5': 6, 'D_layer_units_exponent_6': 7, 'log_learning_rate': -3.616617713476273, 'log_learning_rate_D': -1.2856281884435674, 'training_batch_size': 10, 'training_p': 4}. Best is trial 0 with value: 0.1914600431919098.
Time for this trial:  183.2931821346283
Memory status after this trial: 
Memory allocated:  523.2626953125
Memory cached:  534.0
--------------------  Trial  4   --------------------
Start timing: 
Parameters: 
{'W_layers': 8, 'W_layer_units_exponent_0': 4, 'W_layer_units_exponent_1': 7, 'W_layer_units_exponent_2': 8, 'W_layer_units_exponent_3': 4, 'W_layer_units_exponent_4': 10, 'W_layer_units_exponent_5': 4, 'W_layer_units_exponent_6': 6, 'W_layer_units_exponent_7': 6, 'D_layers': 7, 'D_layer_units_exponent_0': 7, 'D_layer_units_exponent_1': 8, 'D_layer_units_exponent_2': 7, 'D_layer_units_exponent_3': 8, 'D_layer_units_exponent_4': 8, 'D_layer_units_exponent_5': 10, 'D_layer_units_exponent_6': 6, 'log_learning_rate': -1.9581135351255092, 'log_learning_rate_D': -3.25174053527379, 'training_batch_size': 9, 'training_p': 7}
	 epoch  0 training error:  tensor(0.9987, device='cuda:0', grad_fn=<DivBackward0>)
	 epoch  0 test error:  tensor(1.0451, device='cuda:0', grad_fn=<DivBackward0>)
Memory status after this epoch: 
Memory allocated:  347.86865234375
Memory cached:  478.0
	 epoch  10 training error:  tensor(1.0087, device='cuda:0', grad_fn=<DivBackward0>)
	 epoch  10 test error:  tensor(0.2295, device='cuda:0', grad_fn=<DivBackward0>)
Memory status after this epoch: 
Memory allocated:  345.99365234375
Memory cached:  686.0
	 epoch  20 training error:  tensor(1.0030, device='cuda:0', grad_fn=<DivBackward0>)
	 epoch  20 test error:  tensor(0.1936, device='cuda:0', grad_fn=<DivBackward0>)
Memory status after this epoch: 
Memory allocated:  347.86865234375
Memory cached:  686.0
	 epoch  30 training error:  tensor(0.9910, device='cuda:0', grad_fn=<DivBackward0>)
	 epoch  30 test error:  tensor(0.1929, device='cuda:0', grad_fn=<DivBackward0>)
Memory status after this epoch: 
Memory allocated:  345.99365234375
Memory cached:  686.0
	 epoch  40 training error:  tensor(0.9900, device='cuda:0', grad_fn=<DivBackward0>)
	 epoch  40 test error:  tensor(0.1928, device='cuda:0', grad_fn=<DivBackward0>)
Memory status after this epoch: 
Memory allocated:  347.86865234375
Memory cached:  688.0
	 epoch  50 training error:  tensor(0.9900, device='cuda:0', grad_fn=<DivBackward0>)
	 epoch  50 test error:  tensor(0.1931, device='cuda:0', grad_fn=<DivBackward0>)
Memory status after this epoch: 
Memory allocated:  345.99365234375
Memory cached:  690.0
	 epoch  60 training error:  tensor(0.9892, device='cuda:0', grad_fn=<DivBackward0>)
	 epoch  60 test error:  tensor(0.1936, device='cuda:0', grad_fn=<DivBackward0>)
Memory status after this epoch: 
Memory allocated:  347.39990234375
Memory cached:  688.0
	 epoch  70 training error:  tensor(0.9886, device='cuda:0', grad_fn=<DivBackward0>)
	 epoch  70 test error:  tensor(0.1938, device='cuda:0', grad_fn=<DivBackward0>)
Memory status after this epoch: 
Memory allocated:  345.99365234375
Memory cached:  688.0
	 epoch  80 training error:  tensor(0.9875, device='cuda:0', grad_fn=<DivBackward0>)
	 epoch  80 test error:  tensor(0.1943, device='cuda:0', grad_fn=<DivBackward0>)
Memory status after this epoch: 
Memory allocated:  347.39990234375
Memory cached:  688.0
	 epoch  90 training error:  tensor(0.9853, device='cuda:0', grad_fn=<DivBackward0>)
	 epoch  90 test error:  tensor(0.1953, device='cuda:0', grad_fn=<DivBackward0>)
Memory status after this epoch: 
Memory allocated:  345.99365234375
Memory cached:  686.0
[I 2023-11-17 13:10:20,007] Trial 4 finished with value: 0.1945486217737198 and parameters: {'W_layers': 8, 'W_layer_units_exponent_0': 4, 'W_layer_units_exponent_1': 7, 'W_layer_units_exponent_2': 8, 'W_layer_units_exponent_3': 4, 'W_layer_units_exponent_4': 10, 'W_layer_units_exponent_5': 4, 'W_layer_units_exponent_6': 6, 'W_layer_units_exponent_7': 6, 'D_layers': 7, 'D_layer_units_exponent_0': 7, 'D_layer_units_exponent_1': 8, 'D_layer_units_exponent_2': 7, 'D_layer_units_exponent_3': 8, 'D_layer_units_exponent_4': 8, 'D_layer_units_exponent_5': 10, 'D_layer_units_exponent_6': 6, 'log_learning_rate': -1.9581135351255092, 'log_learning_rate_D': -3.25174053527379, 'training_batch_size': 9, 'training_p': 7}. Best is trial 0 with value: 0.1914600431919098.
Time for this trial:  200.48944067955017
Memory status after this trial: 
Memory allocated:  676.7412109375
Memory cached:  686.0
--------------------  Trial  5   --------------------
Start timing: 
Parameters: 
{'W_layers': 5, 'W_layer_units_exponent_0': 8, 'W_layer_units_exponent_1': 4, 'W_layer_units_exponent_2': 7, 'W_layer_units_exponent_3': 6, 'W_layer_units_exponent_4': 8, 'D_layers': 5, 'D_layer_units_exponent_0': 6, 'D_layer_units_exponent_1': 9, 'D_layer_units_exponent_2': 6, 'D_layer_units_exponent_3': 5, 'D_layer_units_exponent_4': 6, 'log_learning_rate': -2.798285547018692, 'log_learning_rate_D': -1.3741834025013007, 'training_batch_size': 12, 'training_p': 3}
	 epoch  0 training error:  tensor(0.9973, device='cuda:0', grad_fn=<DivBackward0>)
	 epoch  0 test error:  tensor(0.1931, device='cuda:0', grad_fn=<DivBackward0>)
Memory status after this epoch: 
Memory allocated:  219.59765625
Memory cached:  352.0
	 epoch  10 training error:  tensor(0.9942, device='cuda:0', grad_fn=<DivBackward0>)
	 epoch  10 test error:  tensor(0.1915, device='cuda:0', grad_fn=<DivBackward0>)
Memory status after this epoch: 
Memory allocated:  221.00390625
Memory cached:  442.0
	 epoch  20 training error:  tensor(0.9933, device='cuda:0', grad_fn=<DivBackward0>)
	 epoch  20 test error:  tensor(0.1914, device='cuda:0', grad_fn=<DivBackward0>)
Memory status after this epoch: 
Memory allocated:  219.59765625
Memory cached:  442.0
	 epoch  30 training error:  tensor(0.9931, device='cuda:0', grad_fn=<DivBackward0>)
	 epoch  30 test error:  tensor(0.1914, device='cuda:0', grad_fn=<DivBackward0>)
Memory status after this epoch: 
Memory allocated:  221.00390625
Memory cached:  442.0
	 epoch  40 training error:  tensor(0.9931, device='cuda:0', grad_fn=<DivBackward0>)
	 epoch  40 test error:  tensor(0.1914, device='cuda:0', grad_fn=<DivBackward0>)
Memory status after this epoch: 
Memory allocated:  219.59765625
Memory cached:  442.0
	 epoch  50 training error:  tensor(0.9930, device='cuda:0', grad_fn=<DivBackward0>)
	 epoch  50 test error:  tensor(0.1914, device='cuda:0', grad_fn=<DivBackward0>)
Memory status after this epoch: 
Memory allocated:  221.00390625
Memory cached:  444.0
	 epoch  60 training error:  tensor(0.9930, device='cuda:0', grad_fn=<DivBackward0>)
	 epoch  60 test error:  tensor(0.1914, device='cuda:0', grad_fn=<DivBackward0>)
Memory status after this epoch: 
Memory allocated:  219.59765625
Memory cached:  442.0
	 epoch  70 training error:  tensor(0.9930, device='cuda:0', grad_fn=<DivBackward0>)
	 epoch  70 test error:  tensor(0.1914, device='cuda:0', grad_fn=<DivBackward0>)
Memory status after this epoch: 
Memory allocated:  221.00390625
Memory cached:  444.0
	 epoch  80 training error:  tensor(0.9930, device='cuda:0', grad_fn=<DivBackward0>)
	 epoch  80 test error:  tensor(0.1914, device='cuda:0', grad_fn=<DivBackward0>)
Memory status after this epoch: 
Memory allocated:  219.59765625
Memory cached:  442.0
	 epoch  90 training error:  tensor(0.9930, device='cuda:0', grad_fn=<DivBackward0>)
	 epoch  90 test error:  tensor(0.1914, device='cuda:0', grad_fn=<DivBackward0>)
Memory status after this epoch: 
Memory allocated:  221.00390625
Memory cached:  442.0
[I 2023-11-17 13:12:49,449] Trial 5 finished with value: 0.1914435625076294 and parameters: {'W_layers': 5, 'W_layer_units_exponent_0': 8, 'W_layer_units_exponent_1': 4, 'W_layer_units_exponent_2': 7, 'W_layer_units_exponent_3': 6, 'W_layer_units_exponent_4': 8, 'D_layers': 5, 'D_layer_units_exponent_0': 6, 'D_layer_units_exponent_1': 9, 'D_layer_units_exponent_2': 6, 'D_layer_units_exponent_3': 5, 'D_layer_units_exponent_4': 6, 'log_learning_rate': -2.798285547018692, 'log_learning_rate_D': -1.3741834025013007, 'training_batch_size': 12, 'training_p': 3}. Best is trial 5 with value: 0.1914435625076294.
Time for this trial:  149.25754046440125
Memory status after this trial: 
Memory allocated:  434.689453125
Memory cached:  442.0
--------------------  Trial  6   --------------------
Start timing: 
Parameters: 
{'W_layers': 3, 'W_layer_units_exponent_0': 10, 'W_layer_units_exponent_1': 4, 'W_layer_units_exponent_2': 5, 'D_layers': 4, 'D_layer_units_exponent_0': 9, 'D_layer_units_exponent_1': 8, 'D_layer_units_exponent_2': 7, 'D_layer_units_exponent_3': 5, 'log_learning_rate': -4.83638191770054, 'log_learning_rate_D': -4.863644029804059, 'training_batch_size': 11, 'training_p': 2}
	 epoch  0 training error:  tensor(1.0074, device='cuda:0', grad_fn=<DivBackward0>)
	 epoch  0 test error:  tensor(0.1928, device='cuda:0', grad_fn=<DivBackward0>)
Memory status after this epoch: 
Memory allocated:  251.3330078125
Memory cached:  382.0
	 epoch  10 training error:  tensor(0.9976, device='cuda:0', grad_fn=<DivBackward0>)
	 epoch  10 test error:  tensor(0.1918, device='cuda:0', grad_fn=<DivBackward0>)
Memory status after this epoch: 
Memory allocated:  249.9267578125
Memory cached:  500.0
	 epoch  20 training error:  tensor(0.9944, device='cuda:0', grad_fn=<DivBackward0>)
	 epoch  20 test error:  tensor(0.1914, device='cuda:0', grad_fn=<DivBackward0>)
Memory status after this epoch: 
Memory allocated:  251.3330078125
Memory cached:  500.0
	 epoch  30 training error:  tensor(0.9945, device='cuda:0', grad_fn=<DivBackward0>)
	 epoch  30 test error:  tensor(0.1914, device='cuda:0', grad_fn=<DivBackward0>)
Memory status after this epoch: 
Memory allocated:  249.9267578125
Memory cached:  500.0
	 epoch  40 training error:  tensor(0.9944, device='cuda:0', grad_fn=<DivBackward0>)
	 epoch  40 test error:  tensor(0.1914, device='cuda:0', grad_fn=<DivBackward0>)
Memory status after this epoch: 
Memory allocated:  251.3330078125
Memory cached:  502.0
	 epoch  50 training error:  tensor(0.9943, device='cuda:0', grad_fn=<DivBackward0>)
	 epoch  50 test error:  tensor(0.1914, device='cuda:0', grad_fn=<DivBackward0>)
Memory status after this epoch: 
Memory allocated:  249.9267578125
Memory cached:  502.0
	 epoch  60 training error:  tensor(0.9943, device='cuda:0', grad_fn=<DivBackward0>)
	 epoch  60 test error:  tensor(0.1914, device='cuda:0', grad_fn=<DivBackward0>)
Memory status after this epoch: 
Memory allocated:  251.3330078125
Memory cached:  500.0
	 epoch  70 training error:  tensor(0.9942, device='cuda:0', grad_fn=<DivBackward0>)
	 epoch  70 test error:  tensor(0.1913, device='cuda:0', grad_fn=<DivBackward0>)
Memory status after this epoch: 
Memory allocated:  249.9267578125
Memory cached:  500.0
	 epoch  80 training error:  tensor(0.9942, device='cuda:0', grad_fn=<DivBackward0>)
	 epoch  80 test error:  tensor(0.1913, device='cuda:0', grad_fn=<DivBackward0>)
Memory status after this epoch: 
Memory allocated:  251.3330078125
Memory cached:  500.0
	 epoch  90 training error:  tensor(0.9942, device='cuda:0', grad_fn=<DivBackward0>)
	 epoch  90 test error:  tensor(0.1913, device='cuda:0', grad_fn=<DivBackward0>)
Memory status after this epoch: 
Memory allocated:  249.9267578125
Memory cached:  500.0
[I 2023-11-17 13:14:56,970] Trial 6 finished with value: 0.1912660449743271 and parameters: {'W_layers': 3, 'W_layer_units_exponent_0': 10, 'W_layer_units_exponent_1': 4, 'W_layer_units_exponent_2': 5, 'D_layers': 4, 'D_layer_units_exponent_0': 9, 'D_layer_units_exponent_1': 8, 'D_layer_units_exponent_2': 7, 'D_layer_units_exponent_3': 5, 'log_learning_rate': -4.83638191770054, 'log_learning_rate_D': -4.863644029804059, 'training_batch_size': 11, 'training_p': 2}. Best is trial 6 with value: 0.1912660449743271.
Time for this trial:  127.37068390846252
Memory status after this trial: 
Memory allocated:  493.279296875
Memory cached:  500.0
--------------------  Trial  7   --------------------
Start timing: 
Parameters: 
{'W_layers': 6, 'W_layer_units_exponent_0': 6, 'W_layer_units_exponent_1': 6, 'W_layer_units_exponent_2': 5, 'W_layer_units_exponent_3': 8, 'W_layer_units_exponent_4': 8, 'W_layer_units_exponent_5': 6, 'D_layers': 8, 'D_layer_units_exponent_0': 8, 'D_layer_units_exponent_1': 4, 'D_layer_units_exponent_2': 8, 'D_layer_units_exponent_3': 10, 'D_layer_units_exponent_4': 7, 'D_layer_units_exponent_5': 6, 'D_layer_units_exponent_6': 8, 'D_layer_units_exponent_7': 4, 'log_learning_rate': -2.3453119460087812, 'log_learning_rate_D': -2.124269387497237, 'training_batch_size': 7, 'training_p': 6}
	 epoch  0 training error:  tensor(0.9973, device='cuda:0', grad_fn=<DivBackward0>)
	 epoch  0 test error:  tensor(0.2628, device='cuda:0', grad_fn=<DivBackward0>)
Memory status after this epoch: 
Memory allocated:  294.81298828125
Memory cached:  426.0
	 epoch  10 training error:  tensor(0.9931, device='cuda:0', grad_fn=<DivBackward0>)
	 epoch  10 test error:  tensor(0.1924, device='cuda:0', grad_fn=<DivBackward0>)
Memory status after this epoch: 
Memory allocated:  296.21923828125
Memory cached:  584.0
	 epoch  20 training error:  tensor(0.9797, device='cuda:0', grad_fn=<DivBackward0>)
	 epoch  20 test error:  tensor(0.1940, device='cuda:0', grad_fn=<DivBackward0>)
Memory status after this epoch: 
Memory allocated:  294.81298828125
Memory cached:  584.0
	 epoch  30 training error:  tensor(0.9751, device='cuda:0', grad_fn=<DivBackward0>)
	 epoch  30 test error:  tensor(0.1930, device='cuda:0', grad_fn=<DivBackward0>)
Memory status after this epoch: 
Memory allocated:  296.21923828125
Memory cached:  584.0
	 epoch  40 training error:  tensor(0.9738, device='cuda:0', grad_fn=<DivBackward0>)
	 epoch  40 test error:  tensor(0.1937, device='cuda:0', grad_fn=<DivBackward0>)
Memory status after this epoch: 
Memory allocated:  294.81298828125
Memory cached:  584.0
	 epoch  50 training error:  tensor(0.9737, device='cuda:0', grad_fn=<DivBackward0>)
	 epoch  50 test error:  tensor(0.1939, device='cuda:0', grad_fn=<DivBackward0>)
Memory status after this epoch: 
Memory allocated:  296.21923828125
Memory cached:  584.0
	 epoch  60 training error:  tensor(0.9736, device='cuda:0', grad_fn=<DivBackward0>)
	 epoch  60 test error:  tensor(0.1940, device='cuda:0', grad_fn=<DivBackward0>)
Memory status after this epoch: 
Memory allocated:  294.81298828125
Memory cached:  584.0
	 epoch  70 training error:  tensor(0.9735, device='cuda:0', grad_fn=<DivBackward0>)
	 epoch  70 test error:  tensor(0.1942, device='cuda:0', grad_fn=<DivBackward0>)
Memory status after this epoch: 
Memory allocated:  296.21923828125
Memory cached:  584.0
	 epoch  80 training error:  tensor(0.9734, device='cuda:0', grad_fn=<DivBackward0>)
	 epoch  80 test error:  tensor(0.1942, device='cuda:0', grad_fn=<DivBackward0>)
Memory status after this epoch: 
Memory allocated:  294.81298828125
Memory cached:  584.0
	 epoch  90 training error:  tensor(0.9734, device='cuda:0', grad_fn=<DivBackward0>)
	 epoch  90 test error:  tensor(0.1941, device='cuda:0', grad_fn=<DivBackward0>)
Memory status after this epoch: 
Memory allocated:  296.21923828125
Memory cached:  584.0
[I 2023-11-17 13:18:01,057] Trial 7 finished with value: 0.1941097229719162 and parameters: {'W_layers': 6, 'W_layer_units_exponent_0': 6, 'W_layer_units_exponent_1': 6, 'W_layer_units_exponent_2': 5, 'W_layer_units_exponent_3': 8, 'W_layer_units_exponent_4': 8, 'W_layer_units_exponent_5': 6, 'D_layers': 8, 'D_layer_units_exponent_0': 8, 'D_layer_units_exponent_1': 4, 'D_layer_units_exponent_2': 8, 'D_layer_units_exponent_3': 10, 'D_layer_units_exponent_4': 7, 'D_layer_units_exponent_5': 6, 'D_layer_units_exponent_6': 8, 'D_layer_units_exponent_7': 4, 'log_learning_rate': -2.3453119460087812, 'log_learning_rate_D': -2.124269387497237, 'training_batch_size': 7, 'training_p': 6}. Best is trial 6 with value: 0.1912660449743271.
Time for this trial:  183.92485737800598
Memory status after this trial: 
Memory allocated:  575.34375
Memory cached:  584.0
--------------------  Trial  8   --------------------
Start timing: 
Parameters: 
{'W_layers': 5, 'W_layer_units_exponent_0': 6, 'W_layer_units_exponent_1': 6, 'W_layer_units_exponent_2': 9, 'W_layer_units_exponent_3': 4, 'W_layer_units_exponent_4': 4, 'D_layers': 7, 'D_layer_units_exponent_0': 8, 'D_layer_units_exponent_1': 8, 'D_layer_units_exponent_2': 6, 'D_layer_units_exponent_3': 4, 'D_layer_units_exponent_4': 4, 'D_layer_units_exponent_5': 7, 'D_layer_units_exponent_6': 10, 'log_learning_rate': -3.9328475328399786, 'log_learning_rate_D': -2.337635588613311, 'training_batch_size': 12, 'training_p': 3}
	 epoch  0 training error:  tensor(1.0027, device='cuda:0', grad_fn=<DivBackward0>)
	 epoch  0 test error:  tensor(0.1922, device='cuda:0', grad_fn=<DivBackward0>)
Memory status after this epoch: 
Memory allocated:  275.57861328125
Memory cached:  406.0
	 epoch  10 training error:  tensor(0.9935, device='cuda:0', grad_fn=<DivBackward0>)
	 epoch  10 test error:  tensor(0.1915, device='cuda:0', grad_fn=<DivBackward0>)
Memory status after this epoch: 
Memory allocated:  274.17236328125
Memory cached:  548.0
	 epoch  20 training error:  tensor(0.9936, device='cuda:0', grad_fn=<DivBackward0>)
	 epoch  20 test error:  tensor(0.1915, device='cuda:0', grad_fn=<DivBackward0>)
Memory status after this epoch: 
Memory allocated:  275.57861328125
Memory cached:  548.0
	 epoch  30 training error:  tensor(0.9931, device='cuda:0', grad_fn=<DivBackward0>)
	 epoch  30 test error:  tensor(0.1915, device='cuda:0', grad_fn=<DivBackward0>)
Memory status after this epoch: 
Memory allocated:  274.17236328125
Memory cached:  548.0
	 epoch  40 training error:  tensor(0.9930, device='cuda:0', grad_fn=<DivBackward0>)
	 epoch  40 test error:  tensor(0.1916, device='cuda:0', grad_fn=<DivBackward0>)
Memory status after this epoch: 
Memory allocated:  275.57861328125
Memory cached:  548.0
	 epoch  50 training error:  tensor(0.9929, device='cuda:0', grad_fn=<DivBackward0>)
	 epoch  50 test error:  tensor(0.1917, device='cuda:0', grad_fn=<DivBackward0>)
Memory status after this epoch: 
Memory allocated:  274.17236328125
Memory cached:  548.0
	 epoch  60 training error:  tensor(0.9928, device='cuda:0', grad_fn=<DivBackward0>)
	 epoch  60 test error:  tensor(0.1919, device='cuda:0', grad_fn=<DivBackward0>)
Memory status after this epoch: 
Memory allocated:  275.57861328125
Memory cached:  550.0
	 epoch  70 training error:  tensor(0.9928, device='cuda:0', grad_fn=<DivBackward0>)
	 epoch  70 test error:  tensor(0.1918, device='cuda:0', grad_fn=<DivBackward0>)
Memory status after this epoch: 
Memory allocated:  274.17236328125
Memory cached:  552.0
	 epoch  80 training error:  tensor(0.9928, device='cuda:0', grad_fn=<DivBackward0>)
	 epoch  80 test error:  tensor(0.1918, device='cuda:0', grad_fn=<DivBackward0>)
Memory status after this epoch: 
Memory allocated:  275.57861328125
Memory cached:  554.0
	 epoch  90 training error:  tensor(0.9928, device='cuda:0', grad_fn=<DivBackward0>)
	 epoch  90 test error:  tensor(0.1918, device='cuda:0', grad_fn=<DivBackward0>)
Memory status after this epoch: 
Memory allocated:  274.17236328125
Memory cached:  556.0
