[I 2023-11-16 11:58:28,292] Trial 5 finished with value: 1.0 and parameters: {'W_layers': 7, 'W_layer_units_exponent_0': 10, 'W_layer_units_exponent_1': 6, 'W_layer_units_exponent_2': 8, 'W_layer_units_exponent_3': 10, 'W_layer_units_exponent_4': 4, 'W_layer_units_exponent_5': 10, 'W_layer_units_exponent_6': 8, 'D_layers': 2, 'D_layer_units_exponent_0': 7, 'D_layer_units_exponent_1': 8, 'D_dagger_layers': 5, 'D_dagger_layer_units_exponent_0': 7, 'D_dagger_layer_units_exponent_1': 7, 'D_dagger_layer_units_exponent_2': 10, 'D_dagger_layer_units_exponent_3': 4, 'D_dagger_layer_units_exponent_4': 8, 'log_learning_rate': -1.4021812815309698, 'log_learning_rate_D': -1.8797624100145458, 'log_learning_rate_D_dagger': -1.298749483017824, 'training_batch_size': 9, 'training_p': 2}. Best is trial 3 with value: 0.008580719120800495.
Time for this trial:  20.987693071365356
Memory status after this trial: 
Memory allocated:  290.4423828125
Memory cached:  320.0
--------------------  Trial  6   --------------------
Start timing: 
Parameters: 
{'W_layers': 8, 'W_layer_units_exponent_0': 5, 'W_layer_units_exponent_1': 4, 'W_layer_units_exponent_2': 7, 'W_layer_units_exponent_3': 10, 'W_layer_units_exponent_4': 8, 'W_layer_units_exponent_5': 5, 'W_layer_units_exponent_6': 7, 'W_layer_units_exponent_7': 4, 'D_layers': 7, 'D_layer_units_exponent_0': 10, 'D_layer_units_exponent_1': 10, 'D_layer_units_exponent_2': 7, 'D_layer_units_exponent_3': 4, 'D_layer_units_exponent_4': 8, 'D_layer_units_exponent_5': 4, 'D_layer_units_exponent_6': 10, 'D_dagger_layers': 2, 'D_dagger_layer_units_exponent_0': 9, 'D_dagger_layer_units_exponent_1': 8, 'log_learning_rate': -4.188914229944194, 'log_learning_rate_D': -1.1268271448320828, 'log_learning_rate_D_dagger': -4.553438284033837, 'training_batch_size': 7, 'training_p': 5}
	 epoch  0 training error:  tensor(0.7590, device='cuda:0', grad_fn=<DivBackward0>)
Memory status after this epoch: 
Memory allocated:  13.0947265625
Memory cached:  32.0
	 epoch  10 training error:  tensor(0.2029, device='cuda:0', grad_fn=<DivBackward0>)
Memory status after this epoch: 
Memory allocated:  13.0947265625
Memory cached:  34.0
	 epoch  20 training error:  tensor(0.1043, device='cuda:0', grad_fn=<DivBackward0>)
Memory status after this epoch: 
Memory allocated:  13.0947265625
Memory cached:  34.0
	 epoch  30 training error:  tensor(0.0709, device='cuda:0', grad_fn=<DivBackward0>)
Memory status after this epoch: 
Memory allocated:  13.0947265625
Memory cached:  34.0
	 epoch  40 training error:  tensor(0.0243, device='cuda:0', grad_fn=<DivBackward0>)
Memory status after this epoch: 
Memory allocated:  13.0947265625
Memory cached:  34.0
	 epoch  50 training error:  tensor(0.0229, device='cuda:0', grad_fn=<DivBackward0>)
Memory status after this epoch: 
Memory allocated:  13.0947265625
Memory cached:  34.0
	 epoch  60 training error:  tensor(0.0173, device='cuda:0', grad_fn=<DivBackward0>)
Memory status after this epoch: 
Memory allocated:  13.0947265625
Memory cached:  34.0
	 epoch  70 training error:  tensor(0.0158, device='cuda:0', grad_fn=<DivBackward0>)
Memory status after this epoch: 
Memory allocated:  13.0947265625
Memory cached:  34.0
	 epoch  80 training error:  tensor(0.0145, device='cuda:0', grad_fn=<DivBackward0>)
Memory status after this epoch: 
Memory allocated:  13.0947265625
Memory cached:  34.0
	 epoch  90 training error:  tensor(0.0139, device='cuda:0', grad_fn=<DivBackward0>)
Memory status after this epoch: 
Memory allocated:  13.0947265625
Memory cached:  34.0
[I 2023-11-16 11:58:47,986] Trial 6 finished with value: 0.009440802037715912 and parameters: {'W_layers': 8, 'W_layer_units_exponent_0': 5, 'W_layer_units_exponent_1': 4, 'W_layer_units_exponent_2': 7, 'W_layer_units_exponent_3': 10, 'W_layer_units_exponent_4': 8, 'W_layer_units_exponent_5': 5, 'W_layer_units_exponent_6': 7, 'W_layer_units_exponent_7': 4, 'D_layers': 7, 'D_layer_units_exponent_0': 10, 'D_layer_units_exponent_1': 10, 'D_layer_units_exponent_2': 7, 'D_layer_units_exponent_3': 4, 'D_layer_units_exponent_4': 8, 'D_layer_units_exponent_5': 4, 'D_layer_units_exponent_6': 10, 'D_dagger_layers': 2, 'D_dagger_layer_units_exponent_0': 9, 'D_dagger_layer_units_exponent_1': 8, 'log_learning_rate': -4.188914229944194, 'log_learning_rate_D': -1.1268271448320828, 'log_learning_rate_D_dagger': -4.553438284033837, 'training_batch_size': 7, 'training_p': 5}. Best is trial 3 with value: 0.008580719120800495.
Time for this trial:  19.598352909088135
Memory status after this trial: 
Memory allocated:  135.0927734375
Memory cached:  162.0
--------------------  Trial  7   --------------------
Start timing: 
Parameters: 
{'W_layers': 5, 'W_layer_units_exponent_0': 4, 'W_layer_units_exponent_1': 5, 'W_layer_units_exponent_2': 9, 'W_layer_units_exponent_3': 7, 'W_layer_units_exponent_4': 4, 'D_layers': 3, 'D_layer_units_exponent_0': 8, 'D_layer_units_exponent_1': 10, 'D_layer_units_exponent_2': 8, 'D_dagger_layers': 7, 'D_dagger_layer_units_exponent_0': 8, 'D_dagger_layer_units_exponent_1': 5, 'D_dagger_layer_units_exponent_2': 9, 'D_dagger_layer_units_exponent_3': 9, 'D_dagger_layer_units_exponent_4': 10, 'D_dagger_layer_units_exponent_5': 9, 'D_dagger_layer_units_exponent_6': 9, 'log_learning_rate': -1.4658243884142963, 'log_learning_rate_D': -2.287503341959651, 'log_learning_rate_D_dagger': -2.428489311708271, 'training_batch_size': 9, 'training_p': 2}
	 epoch  0 training error:  tensor(0.9713, device='cuda:0', grad_fn=<DivBackward0>)
Memory status after this epoch: 
Memory allocated:  28.66357421875
Memory cached:  72.0
	 epoch  10 training error:  tensor(1., device='cuda:0', grad_fn=<DivBackward0>)
Memory status after this epoch: 
Memory allocated:  28.66357421875
Memory cached:  74.0
	 epoch  20 training error:  tensor(1., device='cuda:0', grad_fn=<DivBackward0>)
Memory status after this epoch: 
Memory allocated:  28.66357421875
Memory cached:  74.0
	 epoch  30 training error:  tensor(1., device='cuda:0', grad_fn=<DivBackward0>)
Memory status after this epoch: 
Memory allocated:  28.66357421875
Memory cached:  74.0
	 epoch  40 training error:  tensor(1., device='cuda:0', grad_fn=<DivBackward0>)
Memory status after this epoch: 
Memory allocated:  28.66357421875
Memory cached:  74.0
	 epoch  50 training error:  tensor(1., device='cuda:0', grad_fn=<DivBackward0>)
Memory status after this epoch: 
Memory allocated:  28.66357421875
Memory cached:  74.0
	 epoch  60 training error:  tensor(1., device='cuda:0', grad_fn=<DivBackward0>)
Memory status after this epoch: 
Memory allocated:  28.66357421875
Memory cached:  74.0
	 epoch  70 training error:  tensor(1., device='cuda:0', grad_fn=<DivBackward0>)
Memory status after this epoch: 
Memory allocated:  28.66357421875
Memory cached:  74.0
	 epoch  80 training error:  tensor(1., device='cuda:0', grad_fn=<DivBackward0>)
Memory status after this epoch: 
Memory allocated:  28.66357421875
Memory cached:  74.0
	 epoch  90 training error:  tensor(1., device='cuda:0', grad_fn=<DivBackward0>)
Memory status after this epoch: 
Memory allocated:  28.66357421875
Memory cached:  74.0
[I 2023-11-16 11:59:09,472] Trial 7 finished with value: 1.0 and parameters: {'W_layers': 5, 'W_layer_units_exponent_0': 4, 'W_layer_units_exponent_1': 5, 'W_layer_units_exponent_2': 9, 'W_layer_units_exponent_3': 7, 'W_layer_units_exponent_4': 4, 'D_layers': 3, 'D_layer_units_exponent_0': 8, 'D_layer_units_exponent_1': 10, 'D_layer_units_exponent_2': 8, 'D_dagger_layers': 7, 'D_dagger_layer_units_exponent_0': 8, 'D_dagger_layer_units_exponent_1': 5, 'D_dagger_layer_units_exponent_2': 9, 'D_dagger_layer_units_exponent_3': 9, 'D_dagger_layer_units_exponent_4': 10, 'D_dagger_layer_units_exponent_5': 9, 'D_dagger_layer_units_exponent_6': 9, 'log_learning_rate': -1.4658243884142963, 'log_learning_rate_D': -2.287503341959651, 'log_learning_rate_D_dagger': -2.428489311708271, 'training_batch_size': 9, 'training_p': 2}. Best is trial 3 with value: 0.008580719120800495.
Time for this trial:  21.37681221961975
Memory status after this trial: 
Memory allocated:  234.73828125
Memory cached:  258.0
--------------------  Trial  8   --------------------
Start timing: 
Parameters: 
{'W_layers': 2, 'W_layer_units_exponent_0': 8, 'W_layer_units_exponent_1': 7, 'D_layers': 4, 'D_layer_units_exponent_0': 7, 'D_layer_units_exponent_1': 10, 'D_layer_units_exponent_2': 4, 'D_layer_units_exponent_3': 6, 'D_dagger_layers': 6, 'D_dagger_layer_units_exponent_0': 6, 'D_dagger_layer_units_exponent_1': 6, 'D_dagger_layer_units_exponent_2': 6, 'D_dagger_layer_units_exponent_3': 4, 'D_dagger_layer_units_exponent_4': 10, 'D_dagger_layer_units_exponent_5': 4, 'log_learning_rate': -1.9800093454156356, 'log_learning_rate_D': -3.131959405909813, 'log_learning_rate_D_dagger': -3.303945161094546, 'training_batch_size': 6, 'training_p': 5}
	 epoch  0 training error:  tensor(2.0125, device='cuda:0', grad_fn=<DivBackward0>)
Memory status after this epoch: 
Memory allocated:  1.88818359375
Memory cached:  10.0
	 epoch  10 training error:  tensor(0.0953, device='cuda:0', grad_fn=<DivBackward0>)
Memory status after this epoch: 
Memory allocated:  1.88818359375
Memory cached:  10.0
	 epoch  20 training error:  tensor(0.0480, device='cuda:0', grad_fn=<DivBackward0>)
Memory status after this epoch: 
Memory allocated:  1.88818359375
Memory cached:  10.0
	 epoch  30 training error:  tensor(0.0366, device='cuda:0', grad_fn=<DivBackward0>)
Memory status after this epoch: 
Memory allocated:  1.88818359375
Memory cached:  8.0
	 epoch  40 training error:  tensor(0.0345, device='cuda:0', grad_fn=<DivBackward0>)
Memory status after this epoch: 
Memory allocated:  1.88818359375
Memory cached:  8.0
	 epoch  50 training error:  tensor(0.0429, device='cuda:0', grad_fn=<DivBackward0>)
Memory status after this epoch: 
Memory allocated:  1.88818359375
Memory cached:  8.0
	 epoch  60 training error:  tensor(0.0226, device='cuda:0', grad_fn=<DivBackward0>)
Memory status after this epoch: 
Memory allocated:  1.88818359375
Memory cached:  8.0
	 epoch  70 training error:  tensor(0.0165, device='cuda:0', grad_fn=<DivBackward0>)
Memory status after this epoch: 
Memory allocated:  1.88818359375
Memory cached:  8.0
	 epoch  80 training error:  tensor(0.0255, device='cuda:0', grad_fn=<DivBackward0>)
Memory status after this epoch: 
Memory allocated:  1.88818359375
Memory cached:  8.0
	 epoch  90 training error:  tensor(0.0218, device='cuda:0', grad_fn=<DivBackward0>)
Memory status after this epoch: 
Memory allocated:  1.88818359375
Memory cached:  8.0
[I 2023-11-16 11:59:29,163] Trial 8 finished with value: 0.016166359186172485 and parameters: {'W_layers': 2, 'W_layer_units_exponent_0': 8, 'W_layer_units_exponent_1': 7, 'D_layers': 4, 'D_layer_units_exponent_0': 7, 'D_layer_units_exponent_1': 10, 'D_layer_units_exponent_2': 4, 'D_layer_units_exponent_3': 6, 'D_dagger_layers': 6, 'D_dagger_layer_units_exponent_0': 6, 'D_dagger_layer_units_exponent_1': 6, 'D_dagger_layer_units_exponent_2': 6, 'D_dagger_layer_units_exponent_3': 4, 'D_dagger_layer_units_exponent_4': 10, 'D_dagger_layer_units_exponent_5': 4, 'log_learning_rate': -1.9800093454156356, 'log_learning_rate_D': -3.131959405909813, 'log_learning_rate_D_dagger': -3.303945161094546, 'training_batch_size': 6, 'training_p': 5}. Best is trial 3 with value: 0.008580719120800495.
Time for this trial:  19.605297327041626
Memory status after this trial: 
Memory allocated:  88.447265625
Memory cached:  102.0
--------------------  Trial  9   --------------------
Start timing: 
Parameters: 
{'W_layers': 2, 'W_layer_units_exponent_0': 10, 'W_layer_units_exponent_1': 10, 'D_layers': 4, 'D_layer_units_exponent_0': 8, 'D_layer_units_exponent_1': 4, 'D_layer_units_exponent_2': 6, 'D_layer_units_exponent_3': 10, 'D_dagger_layers': 4, 'D_dagger_layer_units_exponent_0': 5, 'D_dagger_layer_units_exponent_1': 8, 'D_dagger_layer_units_exponent_2': 8, 'D_dagger_layer_units_exponent_3': 5, 'log_learning_rate': -3.875219181058016, 'log_learning_rate_D': -3.9508479587913943, 'log_learning_rate_D_dagger': -4.176864788797117, 'training_batch_size': 10, 'training_p': 4}
	 epoch  0 training error:  tensor(1.0942, device='cuda:0', grad_fn=<DivBackward0>)
Memory status after this epoch: 
Memory allocated:  17.76611328125
Memory cached:  48.0
	 epoch  10 training error:  tensor(0.0930, device='cuda:0', grad_fn=<DivBackward0>)
Memory status after this epoch: 
Memory allocated:  17.76611328125
Memory cached:  48.0
	 epoch  20 training error:  tensor(0.0210, device='cuda:0', grad_fn=<DivBackward0>)
Memory status after this epoch: 
Memory allocated:  17.76611328125
Memory cached:  48.0
	 epoch  30 training error:  tensor(0.0493, device='cuda:0', grad_fn=<DivBackward0>)
Memory status after this epoch: 
Memory allocated:  17.76611328125
Memory cached:  48.0
	 epoch  40 training error:  tensor(0.0240, device='cuda:0', grad_fn=<DivBackward0>)
Memory status after this epoch: 
Memory allocated:  17.76611328125
Memory cached:  48.0
	 epoch  50 training error:  tensor(0.1491, device='cuda:0', grad_fn=<DivBackward0>)
Memory status after this epoch: 
Memory allocated:  17.76611328125
Memory cached:  48.0
	 epoch  60 training error:  tensor(0.0574, device='cuda:0', grad_fn=<DivBackward0>)
Memory status after this epoch: 
Memory allocated:  17.76611328125
Memory cached:  48.0
	 epoch  70 training error:  tensor(0.0333, device='cuda:0', grad_fn=<DivBackward0>)
Memory status after this epoch: 
Memory allocated:  17.76611328125
Memory cached:  48.0
	 epoch  80 training error:  tensor(0.0716, device='cuda:0', grad_fn=<DivBackward0>)
Memory status after this epoch: 
Memory allocated:  17.76611328125
Memory cached:  48.0
	 epoch  90 training error:  tensor(0.0327, device='cuda:0', grad_fn=<DivBackward0>)
Memory status after this epoch: 
Memory allocated:  17.76611328125
Memory cached:  48.0
[I 2023-11-16 11:59:47,586] Trial 9 finished with value: 0.04388187825679779 and parameters: {'W_layers': 2, 'W_layer_units_exponent_0': 10, 'W_layer_units_exponent_1': 10, 'D_layers': 4, 'D_layer_units_exponent_0': 8, 'D_layer_units_exponent_1': 4, 'D_layer_units_exponent_2': 6, 'D_layer_units_exponent_3': 10, 'D_dagger_layers': 4, 'D_dagger_layer_units_exponent_0': 5, 'D_dagger_layer_units_exponent_1': 8, 'D_dagger_layer_units_exponent_2': 8, 'D_dagger_layer_units_exponent_3': 5, 'log_learning_rate': -3.875219181058016, 'log_learning_rate_D': -3.9508479587913943, 'log_learning_rate_D_dagger': -4.176864788797117, 'training_batch_size': 10, 'training_p': 4}. Best is trial 3 with value: 0.008580719120800495.
Time for this trial:  18.322164297103882
Memory status after this trial: 
Memory allocated:  152.3115234375
Memory cached:  166.0
--------------------  Trial  10   --------------------
Start timing: 
Parameters: 
{'W_layers': 3, 'W_layer_units_exponent_0': 7, 'W_layer_units_exponent_1': 8, 'W_layer_units_exponent_2': 10, 'D_layers': 7, 'D_layer_units_exponent_0': 6, 'D_layer_units_exponent_1': 6, 'D_layer_units_exponent_2': 10, 'D_layer_units_exponent_3': 8, 'D_layer_units_exponent_4': 4, 'D_layer_units_exponent_5': 10, 'D_layer_units_exponent_6': 4, 'D_dagger_layers': 8, 'D_dagger_layer_units_exponent_0': 4, 'D_dagger_layer_units_exponent_1': 4, 'D_dagger_layer_units_exponent_2': 10, 'D_dagger_layer_units_exponent_3': 7, 'D_dagger_layer_units_exponent_4': 7, 'D_dagger_layer_units_exponent_5': 4, 'D_dagger_layer_units_exponent_6': 10, 'D_dagger_layer_units_exponent_7': 6, 'log_learning_rate': -3.3546717649143583, 'log_learning_rate_D': -4.945113958055211, 'log_learning_rate_D_dagger': -2.0454660901605095, 'training_batch_size': 12, 'training_p': 7}
	 epoch  0 training error:  tensor(1.0230, device='cuda:0', grad_fn=<DivBackward0>)
Memory status after this epoch: 
Memory allocated:  9.947265625
Memory cached:  14.0
	 epoch  10 training error:  tensor(0.1548, device='cuda:0', grad_fn=<DivBackward0>)
Memory status after this epoch: 
Memory allocated:  9.947265625
Memory cached:  16.0
	 epoch  20 training error:  tensor(0.1571, device='cuda:0', grad_fn=<DivBackward0>)
Memory status after this epoch: 
Memory allocated:  9.947265625
Memory cached:  16.0
	 epoch  30 training error:  tensor(0.0253, device='cuda:0', grad_fn=<DivBackward0>)
Memory status after this epoch: 
Memory allocated:  9.947265625
Memory cached:  16.0
	 epoch  40 training error:  tensor(0.0755, device='cuda:0', grad_fn=<DivBackward0>)
Memory status after this epoch: 
Memory allocated:  9.947265625
Memory cached:  16.0
	 epoch  50 training error:  tensor(0.0390, device='cuda:0', grad_fn=<DivBackward0>)
Memory status after this epoch: 
Memory allocated:  9.947265625
Memory cached:  16.0
	 epoch  60 training error:  tensor(0.0593, device='cuda:0', grad_fn=<DivBackward0>)
Memory status after this epoch: 
Memory allocated:  9.947265625
Memory cached:  16.0
	 epoch  70 training error:  tensor(0.0461, device='cuda:0', grad_fn=<DivBackward0>)
Memory status after this epoch: 
Memory allocated:  9.947265625
Memory cached:  16.0
	 epoch  80 training error:  tensor(0.0323, device='cuda:0', grad_fn=<DivBackward0>)
Memory status after this epoch: 
Memory allocated:  9.947265625
Memory cached:  16.0
	 epoch  90 training error:  tensor(0.0271, device='cuda:0', grad_fn=<DivBackward0>)
Memory status after this epoch: 
Memory allocated:  9.947265625
Memory cached:  16.0
[I 2023-11-16 12:00:07,803] Trial 10 finished with value: 0.007903523743152618 and parameters: {'W_layers': 3, 'W_layer_units_exponent_0': 7, 'W_layer_units_exponent_1': 8, 'W_layer_units_exponent_2': 10, 'D_layers': 7, 'D_layer_units_exponent_0': 6, 'D_layer_units_exponent_1': 6, 'D_layer_units_exponent_2': 10, 'D_layer_units_exponent_3': 8, 'D_layer_units_exponent_4': 4, 'D_layer_units_exponent_5': 10, 'D_layer_units_exponent_6': 4, 'D_dagger_layers': 8, 'D_dagger_layer_units_exponent_0': 4, 'D_dagger_layer_units_exponent_1': 4, 'D_dagger_layer_units_exponent_2': 10, 'D_dagger_layer_units_exponent_3': 7, 'D_dagger_layer_units_exponent_4': 7, 'D_dagger_layer_units_exponent_5': 4, 'D_dagger_layer_units_exponent_6': 10, 'D_dagger_layer_units_exponent_7': 6, 'log_learning_rate': -3.3546717649143583, 'log_learning_rate_D': -4.945113958055211, 'log_learning_rate_D_dagger': -2.0454660901605095, 'training_batch_size': 12, 'training_p': 7}. Best is trial 10 with value: 0.007903523743152618.
Time for this trial:  20.023284673690796
Memory status after this trial: 
Memory allocated:  210.326171875
Memory cached:  250.0
--------------------  Trial  11   --------------------
Start timing: 
Parameters: 
{'W_layers': 3, 'W_layer_units_exponent_0': 7, 'W_layer_units_exponent_1': 8, 'W_layer_units_exponent_2': 10, 'D_layers': 7, 'D_layer_units_exponent_0': 6, 'D_layer_units_exponent_1': 6, 'D_layer_units_exponent_2': 10, 'D_layer_units_exponent_3': 8, 'D_layer_units_exponent_4': 4, 'D_layer_units_exponent_5': 10, 'D_layer_units_exponent_6': 4, 'D_dagger_layers': 8, 'D_dagger_layer_units_exponent_0': 4, 'D_dagger_layer_units_exponent_1': 4, 'D_dagger_layer_units_exponent_2': 10, 'D_dagger_layer_units_exponent_3': 7, 'D_dagger_layer_units_exponent_4': 7, 'D_dagger_layer_units_exponent_5': 4, 'D_dagger_layer_units_exponent_6': 10, 'D_dagger_layer_units_exponent_7': 6, 'log_learning_rate': -3.3299478367939805, 'log_learning_rate_D': -4.760874850714256, 'log_learning_rate_D_dagger': -2.1429320021468397, 'training_batch_size': 12, 'training_p': 7}
	 epoch  0 training error:  tensor(1.0221, device='cuda:0', grad_fn=<DivBackward0>)
Memory status after this epoch: 
Memory allocated:  9.947265625
Memory cached:  14.0
	 epoch  10 training error:  tensor(0.4734, device='cuda:0', grad_fn=<DivBackward0>)
Memory status after this epoch: 
Memory allocated:  9.947265625
Memory cached:  16.0
	 epoch  20 training error:  tensor(0.1023, device='cuda:0', grad_fn=<DivBackward0>)
Memory status after this epoch: 
Memory allocated:  9.947265625
Memory cached:  16.0
	 epoch  30 training error:  tensor(0.0525, device='cuda:0', grad_fn=<DivBackward0>)
Memory status after this epoch: 
Memory allocated:  9.947265625
Memory cached:  16.0
	 epoch  40 training error:  tensor(0.0253, device='cuda:0', grad_fn=<DivBackward0>)
Memory status after this epoch: 
Memory allocated:  9.947265625
Memory cached:  16.0
	 epoch  50 training error:  tensor(0.0262, device='cuda:0', grad_fn=<DivBackward0>)
Memory status after this epoch: 
Memory allocated:  9.947265625
Memory cached:  16.0
	 epoch  60 training error:  tensor(0.0333, device='cuda:0', grad_fn=<DivBackward0>)
Memory status after this epoch: 
Memory allocated:  9.947265625
Memory cached:  16.0
	 epoch  70 training error:  tensor(0.0244, device='cuda:0', grad_fn=<DivBackward0>)
Memory status after this epoch: 
Memory allocated:  9.947265625
Memory cached:  16.0
	 epoch  80 training error:  tensor(0.0346, device='cuda:0', grad_fn=<DivBackward0>)
Memory status after this epoch: 
Memory allocated:  9.947265625
Memory cached:  16.0
	 epoch  90 training error:  tensor(0.0244, device='cuda:0', grad_fn=<DivBackward0>)
Memory status after this epoch: 
Memory allocated:  9.947265625
Memory cached:  16.0
