[I 2023-11-16 19:58:44,784] Trial 0 finished with value: 0.9078540205955505 and parameters: {'W_layers': 8, 'W_layer_units_exponent_0': 8, 'W_layer_units_exponent_1': 7, 'W_layer_units_exponent_2': 9, 'W_layer_units_exponent_3': 8, 'W_layer_units_exponent_4': 10, 'W_layer_units_exponent_5': 7, 'W_layer_units_exponent_6': 8, 'W_layer_units_exponent_7': 4, 'D_layers': 8, 'D_layer_units_exponent_0': 5, 'D_layer_units_exponent_1': 9, 'D_layer_units_exponent_2': 4, 'D_layer_units_exponent_3': 10, 'D_layer_units_exponent_4': 10, 'D_layer_units_exponent_5': 9, 'D_layer_units_exponent_6': 9, 'D_layer_units_exponent_7': 5, 'log_learning_rate': -3.6660078781454914, 'log_learning_rate_D': -4.833467317982247, 'training_batch_size': 8, 'training_p': 3}. Best is trial 0 with value: 0.9078540205955505.
Time for this trial:  224.79139375686646
Memory status after this trial: 
Memory allocated:  844.517578125
Memory cached:  884.0
--------------------  Trial  1   --------------------
Start timing: 
Parameters: 
{'W_layers': 8, 'W_layer_units_exponent_0': 8, 'W_layer_units_exponent_1': 7, 'W_layer_units_exponent_2': 9, 'W_layer_units_exponent_3': 9, 'W_layer_units_exponent_4': 7, 'W_layer_units_exponent_5': 4, 'W_layer_units_exponent_6': 5, 'W_layer_units_exponent_7': 9, 'D_layers': 6, 'D_layer_units_exponent_0': 5, 'D_layer_units_exponent_1': 8, 'D_layer_units_exponent_2': 4, 'D_layer_units_exponent_3': 8, 'D_layer_units_exponent_4': 6, 'D_layer_units_exponent_5': 5, 'log_learning_rate': -2.431859365515189, 'log_learning_rate_D': -4.1817126358508965, 'training_batch_size': 6, 'training_p': 3}
	 epoch  0 training error:  tensor(9.5771, device='cuda:0', grad_fn=<DivBackward0>)
	 epoch  0 test error:  tensor(35.4927, device='cuda:0', grad_fn=<DivBackward0>)
Memory status after this epoch: 
Memory allocated:  239.1591796875
Memory cached:  318.0
	 epoch  10 training error:  tensor(0.2526, device='cuda:0', grad_fn=<DivBackward0>)
	 epoch  10 test error:  tensor(1.1096, device='cuda:0', grad_fn=<DivBackward0>)
Memory status after this epoch: 
Memory allocated:  237.8466796875
Memory cached:  486.0
	 epoch  20 training error:  tensor(0.8916, device='cuda:0', grad_fn=<DivBackward0>)
	 epoch  20 test error:  tensor(4.1974, device='cuda:0', grad_fn=<DivBackward0>)
Memory status after this epoch: 
Memory allocated:  239.1591796875
Memory cached:  466.0
	 epoch  30 training error:  tensor(0.2348, device='cuda:0', grad_fn=<DivBackward0>)
	 epoch  30 test error:  tensor(0.7459, device='cuda:0', grad_fn=<DivBackward0>)
Memory status after this epoch: 
Memory allocated:  237.8466796875
Memory cached:  466.0
	 epoch  40 training error:  tensor(0.2345, device='cuda:0', grad_fn=<DivBackward0>)
	 epoch  40 test error:  tensor(0.8215, device='cuda:0', grad_fn=<DivBackward0>)
Memory status after this epoch: 
Memory allocated:  239.1591796875
Memory cached:  466.0
	 epoch  50 training error:  tensor(0.2344, device='cuda:0', grad_fn=<DivBackward0>)
	 epoch  50 test error:  tensor(0.8707, device='cuda:0', grad_fn=<DivBackward0>)
Memory status after this epoch: 
Memory allocated:  237.8466796875
Memory cached:  466.0
	 epoch  60 training error:  tensor(0.2339, device='cuda:0', grad_fn=<DivBackward0>)
	 epoch  60 test error:  tensor(0.8702, device='cuda:0', grad_fn=<DivBackward0>)
Memory status after this epoch: 
Memory allocated:  239.1591796875
Memory cached:  466.0
	 epoch  70 training error:  tensor(0.2340, device='cuda:0', grad_fn=<DivBackward0>)
	 epoch  70 test error:  tensor(0.9254, device='cuda:0', grad_fn=<DivBackward0>)
Memory status after this epoch: 
Memory allocated:  237.8466796875
Memory cached:  466.0
	 epoch  80 training error:  tensor(0.2344, device='cuda:0', grad_fn=<DivBackward0>)
	 epoch  80 test error:  tensor(0.8437, device='cuda:0', grad_fn=<DivBackward0>)
Memory status after this epoch: 
Memory allocated:  239.1591796875
Memory cached:  466.0
	 epoch  90 training error:  tensor(0.2434, device='cuda:0', grad_fn=<DivBackward0>)
	 epoch  90 test error:  tensor(0.7651, device='cuda:0', grad_fn=<DivBackward0>)
Memory status after this epoch: 
Memory allocated:  237.8466796875
Memory cached:  466.0
[I 2023-11-16 20:04:09,758] Trial 1 finished with value: 0.877950131893158 and parameters: {'W_layers': 8, 'W_layer_units_exponent_0': 8, 'W_layer_units_exponent_1': 7, 'W_layer_units_exponent_2': 9, 'W_layer_units_exponent_3': 9, 'W_layer_units_exponent_4': 7, 'W_layer_units_exponent_5': 4, 'W_layer_units_exponent_6': 5, 'W_layer_units_exponent_7': 9, 'D_layers': 6, 'D_layer_units_exponent_0': 5, 'D_layer_units_exponent_1': 8, 'D_layer_units_exponent_2': 4, 'D_layer_units_exponent_3': 8, 'D_layer_units_exponent_4': 6, 'D_layer_units_exponent_5': 5, 'log_learning_rate': -2.431859365515189, 'log_learning_rate_D': -4.1817126358508965, 'training_batch_size': 6, 'training_p': 3}. Best is trial 1 with value: 0.877950131893158.
Time for this trial:  324.7700159549713
Memory status after this trial: 
Memory allocated:  459.7158203125
Memory cached:  466.0
--------------------  Trial  2   --------------------
Start timing: 
Parameters: 
{'W_layers': 8, 'W_layer_units_exponent_0': 10, 'W_layer_units_exponent_1': 7, 'W_layer_units_exponent_2': 10, 'W_layer_units_exponent_3': 6, 'W_layer_units_exponent_4': 9, 'W_layer_units_exponent_5': 7, 'W_layer_units_exponent_6': 4, 'W_layer_units_exponent_7': 9, 'D_layers': 2, 'D_layer_units_exponent_0': 8, 'D_layer_units_exponent_1': 7, 'log_learning_rate': -4.385948201970401, 'log_learning_rate_D': -2.3763567427962866, 'training_batch_size': 8, 'training_p': 2}
	 epoch  0 training error:  tensor(0.8657, device='cuda:0', grad_fn=<DivBackward0>)
	 epoch  0 test error:  tensor(3.4860, device='cuda:0', grad_fn=<DivBackward0>)
Memory status after this epoch: 
Memory allocated:  293.25146484375
Memory cached:  352.0
	 epoch  10 training error:  tensor(0.2107, device='cuda:0', grad_fn=<DivBackward0>)
	 epoch  10 test error:  tensor(0.7726, device='cuda:0', grad_fn=<DivBackward0>)
Memory status after this epoch: 
Memory allocated:  294.56396484375
Memory cached:  578.0
	 epoch  20 training error:  tensor(0.2134, device='cuda:0', grad_fn=<DivBackward0>)
	 epoch  20 test error:  tensor(1.0989, device='cuda:0', grad_fn=<DivBackward0>)
Memory status after this epoch: 
Memory allocated:  293.25146484375
Memory cached:  578.0
	 epoch  30 training error:  tensor(0.2114, device='cuda:0', grad_fn=<DivBackward0>)
	 epoch  30 test error:  tensor(0.7368, device='cuda:0', grad_fn=<DivBackward0>)
Memory status after this epoch: 
Memory allocated:  294.56396484375
Memory cached:  578.0
	 epoch  40 training error:  tensor(0.2037, device='cuda:0', grad_fn=<DivBackward0>)
	 epoch  40 test error:  tensor(0.8485, device='cuda:0', grad_fn=<DivBackward0>)
Memory status after this epoch: 
Memory allocated:  293.25146484375
Memory cached:  578.0
	 epoch  50 training error:  tensor(0.2013, device='cuda:0', grad_fn=<DivBackward0>)
	 epoch  50 test error:  tensor(0.8328, device='cuda:0', grad_fn=<DivBackward0>)
Memory status after this epoch: 
Memory allocated:  294.56396484375
Memory cached:  578.0
	 epoch  60 training error:  tensor(0.2018, device='cuda:0', grad_fn=<DivBackward0>)
	 epoch  60 test error:  tensor(0.7839, device='cuda:0', grad_fn=<DivBackward0>)
Memory status after this epoch: 
Memory allocated:  293.25146484375
Memory cached:  578.0
	 epoch  70 training error:  tensor(0.2013, device='cuda:0', grad_fn=<DivBackward0>)
	 epoch  70 test error:  tensor(0.8065, device='cuda:0', grad_fn=<DivBackward0>)
Memory status after this epoch: 
Memory allocated:  294.56396484375
Memory cached:  580.0
	 epoch  80 training error:  tensor(0.2014, device='cuda:0', grad_fn=<DivBackward0>)
	 epoch  80 test error:  tensor(0.8182, device='cuda:0', grad_fn=<DivBackward0>)
Memory status after this epoch: 
Memory allocated:  293.25146484375
Memory cached:  580.0
	 epoch  90 training error:  tensor(0.2013, device='cuda:0', grad_fn=<DivBackward0>)
	 epoch  90 test error:  tensor(0.8099, device='cuda:0', grad_fn=<DivBackward0>)
Memory status after this epoch: 
Memory allocated:  294.56396484375
Memory cached:  580.0
[I 2023-11-16 20:06:51,295] Trial 2 finished with value: 0.8043832182884216 and parameters: {'W_layers': 8, 'W_layer_units_exponent_0': 10, 'W_layer_units_exponent_1': 7, 'W_layer_units_exponent_2': 10, 'W_layer_units_exponent_3': 6, 'W_layer_units_exponent_4': 9, 'W_layer_units_exponent_5': 7, 'W_layer_units_exponent_6': 4, 'W_layer_units_exponent_7': 9, 'D_layers': 2, 'D_layer_units_exponent_0': 8, 'D_layer_units_exponent_1': 7, 'log_learning_rate': -4.385948201970401, 'log_learning_rate_D': -2.3763567427962866, 'training_batch_size': 8, 'training_p': 2}. Best is trial 2 with value: 0.8043832182884216.
Time for this trial:  161.34891986846924
Memory status after this trial: 
Memory allocated:  570.6953125
Memory cached:  582.0
--------------------  Trial  3   --------------------
Start timing: 
Parameters: 
{'W_layers': 3, 'W_layer_units_exponent_0': 5, 'W_layer_units_exponent_1': 5, 'W_layer_units_exponent_2': 6, 'D_layers': 4, 'D_layer_units_exponent_0': 5, 'D_layer_units_exponent_1': 8, 'D_layer_units_exponent_2': 5, 'D_layer_units_exponent_3': 6, 'log_learning_rate': -4.276391497640161, 'log_learning_rate_D': -4.966044292388634, 'training_batch_size': 12, 'training_p': 3}
	 epoch  0 training error:  tensor(1.6808, device='cuda:0', grad_fn=<DivBackward0>)
	 epoch  0 test error:  tensor(8.6490, device='cuda:0', grad_fn=<DivBackward0>)
Memory status after this epoch: 
Memory allocated:  112.29248046875
Memory cached:  216.0
	 epoch  10 training error:  tensor(1.0250, device='cuda:0', grad_fn=<DivBackward0>)
	 epoch  10 test error:  tensor(4.9387, device='cuda:0', grad_fn=<DivBackward0>)
Memory status after this epoch: 
Memory allocated:  110.97998046875
Memory cached:  220.0
	 epoch  20 training error:  tensor(0.4083, device='cuda:0', grad_fn=<DivBackward0>)
	 epoch  20 test error:  tensor(1.3773, device='cuda:0', grad_fn=<DivBackward0>)
Memory status after this epoch: 
Memory allocated:  112.29248046875
Memory cached:  222.0
	 epoch  30 training error:  tensor(0.3031, device='cuda:0', grad_fn=<DivBackward0>)
	 epoch  30 test error:  tensor(1.6586, device='cuda:0', grad_fn=<DivBackward0>)
Memory status after this epoch: 
Memory allocated:  110.97998046875
Memory cached:  222.0
	 epoch  40 training error:  tensor(0.2458, device='cuda:0', grad_fn=<DivBackward0>)
	 epoch  40 test error:  tensor(1.0235, device='cuda:0', grad_fn=<DivBackward0>)
Memory status after this epoch: 
Memory allocated:  112.29248046875
Memory cached:  222.0
	 epoch  50 training error:  tensor(0.2482, device='cuda:0', grad_fn=<DivBackward0>)
	 epoch  50 test error:  tensor(0.7352, device='cuda:0', grad_fn=<DivBackward0>)
Memory status after this epoch: 
Memory allocated:  110.97998046875
Memory cached:  224.0
	 epoch  60 training error:  tensor(0.2320, device='cuda:0', grad_fn=<DivBackward0>)
	 epoch  60 test error:  tensor(0.9043, device='cuda:0', grad_fn=<DivBackward0>)
Memory status after this epoch: 
Memory allocated:  112.29248046875
Memory cached:  224.0
	 epoch  70 training error:  tensor(0.2333, device='cuda:0', grad_fn=<DivBackward0>)
	 epoch  70 test error:  tensor(0.9266, device='cuda:0', grad_fn=<DivBackward0>)
Memory status after this epoch: 
Memory allocated:  110.97998046875
Memory cached:  226.0
	 epoch  80 training error:  tensor(0.2325, device='cuda:0', grad_fn=<DivBackward0>)
	 epoch  80 test error:  tensor(0.8264, device='cuda:0', grad_fn=<DivBackward0>)
Memory status after this epoch: 
Memory allocated:  112.29248046875
Memory cached:  228.0
	 epoch  90 training error:  tensor(0.2315, device='cuda:0', grad_fn=<DivBackward0>)
	 epoch  90 test error:  tensor(0.8890, device='cuda:0', grad_fn=<DivBackward0>)
Memory status after this epoch: 
Memory allocated:  110.97998046875
Memory cached:  230.0
[I 2023-11-16 20:08:48,997] Trial 3 finished with value: 0.8752827048301697 and parameters: {'W_layers': 3, 'W_layer_units_exponent_0': 5, 'W_layer_units_exponent_1': 5, 'W_layer_units_exponent_2': 6, 'D_layers': 4, 'D_layer_units_exponent_0': 5, 'D_layer_units_exponent_1': 8, 'D_layer_units_exponent_2': 5, 'D_layer_units_exponent_3': 6, 'log_learning_rate': -4.276391497640161, 'log_learning_rate_D': -4.966044292388634, 'training_batch_size': 12, 'training_p': 3}. Best is trial 2 with value: 0.8043832182884216.
Time for this trial:  117.5573046207428
Memory status after this trial: 
Memory allocated:  216.546875
Memory cached:  232.0
--------------------  Trial  4   --------------------
Start timing: 
Parameters: 
{'W_layers': 3, 'W_layer_units_exponent_0': 7, 'W_layer_units_exponent_1': 8, 'W_layer_units_exponent_2': 7, 'D_layers': 2, 'D_layer_units_exponent_0': 7, 'D_layer_units_exponent_1': 5, 'log_learning_rate': -2.317926156094443, 'log_learning_rate_D': -2.9043276431831826, 'training_batch_size': 7, 'training_p': 5}
	 epoch  0 training error:  tensor(1.7635, device='cuda:0', grad_fn=<DivBackward0>)
	 epoch  0 test error:  tensor(329.2821, device='cuda:0', grad_fn=<DivBackward0>)
Memory status after this epoch: 
Memory allocated:  120.380859375
Memory cached:  206.0
	 epoch  10 training error:  tensor(1.0536, device='cuda:0', grad_fn=<DivBackward0>)
	 epoch  10 test error:  tensor(5.3978, device='cuda:0', grad_fn=<DivBackward0>)
Memory status after this epoch: 
Memory allocated:  121.693359375
Memory cached:  238.0
	 epoch  20 training error:  tensor(1.0017, device='cuda:0', grad_fn=<DivBackward0>)
	 epoch  20 test error:  tensor(5.1744, device='cuda:0', grad_fn=<DivBackward0>)
Memory status after this epoch: 
Memory allocated:  120.380859375
Memory cached:  238.0
	 epoch  30 training error:  tensor(1.0003, device='cuda:0', grad_fn=<DivBackward0>)
	 epoch  30 test error:  tensor(5.1665, device='cuda:0', grad_fn=<DivBackward0>)
Memory status after this epoch: 
Memory allocated:  121.693359375
Memory cached:  238.0
	 epoch  40 training error:  tensor(1.0002, device='cuda:0', grad_fn=<DivBackward0>)
	 epoch  40 test error:  tensor(5.1655, device='cuda:0', grad_fn=<DivBackward0>)
Memory status after this epoch: 
Memory allocated:  120.380859375
Memory cached:  240.0
	 epoch  50 training error:  tensor(1.0001, device='cuda:0', grad_fn=<DivBackward0>)
	 epoch  50 test error:  tensor(5.1652, device='cuda:0', grad_fn=<DivBackward0>)
Memory status after this epoch: 
Memory allocated:  121.693359375
Memory cached:  242.0
	 epoch  60 training error:  tensor(1.0001, device='cuda:0', grad_fn=<DivBackward0>)
	 epoch  60 test error:  tensor(5.1651, device='cuda:0', grad_fn=<DivBackward0>)
Memory status after this epoch: 
Memory allocated:  120.380859375
Memory cached:  240.0
	 epoch  70 training error:  tensor(1.0001, device='cuda:0', grad_fn=<DivBackward0>)
	 epoch  70 test error:  tensor(5.1650, device='cuda:0', grad_fn=<DivBackward0>)
Memory status after this epoch: 
Memory allocated:  121.693359375
Memory cached:  242.0
	 epoch  80 training error:  tensor(1.0001, device='cuda:0', grad_fn=<DivBackward0>)
	 epoch  80 test error:  tensor(5.1650, device='cuda:0', grad_fn=<DivBackward0>)
Memory status after this epoch: 
Memory allocated:  120.380859375
Memory cached:  242.0
	 epoch  90 training error:  tensor(1.0001, device='cuda:0', grad_fn=<DivBackward0>)
	 epoch  90 test error:  tensor(5.1650, device='cuda:0', grad_fn=<DivBackward0>)
Memory status after this epoch: 
Memory allocated:  121.693359375
Memory cached:  242.0
[I 2023-11-16 20:10:30,542] Trial 4 finished with value: 5.164979934692383 and parameters: {'W_layers': 3, 'W_layer_units_exponent_0': 7, 'W_layer_units_exponent_1': 8, 'W_layer_units_exponent_2': 7, 'D_layers': 2, 'D_layer_units_exponent_0': 7, 'D_layer_units_exponent_1': 5, 'log_learning_rate': -2.317926156094443, 'log_learning_rate_D': -2.9043276431831826, 'training_batch_size': 7, 'training_p': 5}. Best is trial 2 with value: 0.8043832182884216.
Time for this trial:  101.33921432495117
Memory status after this trial: 
Memory allocated:  234.244140625
Memory cached:  244.0
--------------------  Trial  5   --------------------
Start timing: 
Parameters: 
{'W_layers': 5, 'W_layer_units_exponent_0': 5, 'W_layer_units_exponent_1': 8, 'W_layer_units_exponent_2': 9, 'W_layer_units_exponent_3': 9, 'W_layer_units_exponent_4': 5, 'D_layers': 5, 'D_layer_units_exponent_0': 4, 'D_layer_units_exponent_1': 10, 'D_layer_units_exponent_2': 4, 'D_layer_units_exponent_3': 7, 'D_layer_units_exponent_4': 6, 'log_learning_rate': -3.5721376533567373, 'log_learning_rate_D': -4.340764403861364, 'training_batch_size': 7, 'training_p': 2}
	 epoch  0 training error:  tensor(0.6268, device='cuda:0', grad_fn=<DivBackward0>)
	 epoch  0 test error:  tensor(24.4427, device='cuda:0', grad_fn=<DivBackward0>)
Memory status after this epoch: 
Memory allocated:  229.98779296875
Memory cached:  288.0
	 epoch  10 training error:  tensor(0.6794, device='cuda:0', grad_fn=<DivBackward0>)
	 epoch  10 test error:  tensor(1.9259, device='cuda:0', grad_fn=<DivBackward0>)
Memory status after this epoch: 
Memory allocated:  228.67529296875
Memory cached:  448.0
	 epoch  20 training error:  tensor(0.2696, device='cuda:0', grad_fn=<DivBackward0>)
	 epoch  20 test error:  tensor(1.7253, device='cuda:0', grad_fn=<DivBackward0>)
Memory status after this epoch: 
Memory allocated:  229.98779296875
Memory cached:  448.0
	 epoch  30 training error:  tensor(0.2116, device='cuda:0', grad_fn=<DivBackward0>)
	 epoch  30 test error:  tensor(0.9945, device='cuda:0', grad_fn=<DivBackward0>)
Memory status after this epoch: 
Memory allocated:  228.67529296875
Memory cached:  448.0
	 epoch  40 training error:  tensor(0.2092, device='cuda:0', grad_fn=<DivBackward0>)
	 epoch  40 test error:  tensor(0.7926, device='cuda:0', grad_fn=<DivBackward0>)
Memory status after this epoch: 
Memory allocated:  229.98779296875
Memory cached:  450.0
	 epoch  50 training error:  tensor(0.2066, device='cuda:0', grad_fn=<DivBackward0>)
	 epoch  50 test error:  tensor(0.7784, device='cuda:0', grad_fn=<DivBackward0>)
Memory status after this epoch: 
Memory allocated:  228.67529296875
Memory cached:  450.0
	 epoch  60 training error:  tensor(0.2031, device='cuda:0', grad_fn=<DivBackward0>)
	 epoch  60 test error:  tensor(0.8367, device='cuda:0', grad_fn=<DivBackward0>)
Memory status after this epoch: 
Memory allocated:  229.98779296875
Memory cached:  448.0
	 epoch  70 training error:  tensor(0.2014, device='cuda:0', grad_fn=<DivBackward0>)
	 epoch  70 test error:  tensor(0.7989, device='cuda:0', grad_fn=<DivBackward0>)
Memory status after this epoch: 
Memory allocated:  228.67529296875
Memory cached:  450.0
	 epoch  80 training error:  tensor(0.2001, device='cuda:0', grad_fn=<DivBackward0>)
	 epoch  80 test error:  tensor(0.7956, device='cuda:0', grad_fn=<DivBackward0>)
Memory status after this epoch: 
Memory allocated:  229.98779296875
Memory cached:  450.0
	 epoch  90 training error:  tensor(0.1989, device='cuda:0', grad_fn=<DivBackward0>)
	 epoch  90 test error:  tensor(0.8144, device='cuda:0', grad_fn=<DivBackward0>)
Memory status after this epoch: 
Memory allocated:  228.67529296875
Memory cached:  448.0
