[I 2023-11-16 05:07:21,887] Trial 32 finished with value: 0.03145400062203407 and parameters: {'W_layers': 5, 'W_layer_units_exponent_0': 6, 'W_layer_units_exponent_1': 6, 'W_layer_units_exponent_2': 10, 'W_layer_units_exponent_3': 4, 'W_layer_units_exponent_4': 7, 'D_layers': 6, 'D_layer_units_exponent_0': 7, 'D_layer_units_exponent_1': 7, 'D_layer_units_exponent_2': 9, 'D_layer_units_exponent_3': 4, 'D_layer_units_exponent_4': 9, 'D_layer_units_exponent_5': 4, 'log_learning_rate': -3.6596827560177183, 'log_learning_rate_D': -3.158906858295943, 'training_batch_size': 6, 'training_p': 8}. Best is trial 9 with value: 0.03132004663348198.
Time for this trial:  284.3676028251648
Memory status after this trial: 
Memory allocated:  889.08251953125
Memory cached:  896.0
--------------------  Trial  33   --------------------
Start timing: 
Parameters: 
{'W_layers': 4, 'W_layer_units_exponent_0': 7, 'W_layer_units_exponent_1': 6, 'W_layer_units_exponent_2': 9, 'W_layer_units_exponent_3': 4, 'D_layers': 6, 'D_layer_units_exponent_0': 7, 'D_layer_units_exponent_1': 7, 'D_layer_units_exponent_2': 8, 'D_layer_units_exponent_3': 4, 'D_layer_units_exponent_4': 9, 'D_layer_units_exponent_5': 5, 'log_learning_rate': -3.7496547777018563, 'log_learning_rate_D': -3.5862950075365494, 'training_batch_size': 6, 'training_p': 8}
	 epoch  0 training error:  tensor(1.0677, device='cuda:0', grad_fn=<DivBackward0>)
	 epoch  0 test error:  tensor(0.2396, device='cuda:0', grad_fn=<DivBackward0>)
Memory status after this epoch: 
Memory allocated:  416.998046875
Memory cached:  702.0
	 epoch  10 training error:  tensor(0.7793, device='cuda:0', grad_fn=<DivBackward0>)
	 epoch  10 test error:  tensor(0.0565, device='cuda:0', grad_fn=<DivBackward0>)
Memory status after this epoch: 
Memory allocated:  419.107421875
Memory cached:  808.0
	 epoch  20 training error:  tensor(0.3499, device='cuda:0', grad_fn=<DivBackward0>)
	 epoch  20 test error:  tensor(0.0324, device='cuda:0', grad_fn=<DivBackward0>)
Memory status after this epoch: 
Memory allocated:  416.998046875
Memory cached:  808.0
	 epoch  30 training error:  tensor(0.3341, device='cuda:0', grad_fn=<DivBackward0>)
	 epoch  30 test error:  tensor(0.0319, device='cuda:0', grad_fn=<DivBackward0>)
Memory status after this epoch: 
Memory allocated:  419.107421875
Memory cached:  808.0
	 epoch  40 training error:  tensor(0.3366, device='cuda:0', grad_fn=<DivBackward0>)
	 epoch  40 test error:  tensor(0.0330, device='cuda:0', grad_fn=<DivBackward0>)
Memory status after this epoch: 
Memory allocated:  416.998046875
Memory cached:  808.0
	 epoch  50 training error:  tensor(0.3347, device='cuda:0', grad_fn=<DivBackward0>)
	 epoch  50 test error:  tensor(0.0314, device='cuda:0', grad_fn=<DivBackward0>)
Memory status after this epoch: 
Memory allocated:  419.107421875
Memory cached:  808.0
	 epoch  60 training error:  tensor(0.3284, device='cuda:0', grad_fn=<DivBackward0>)
	 epoch  60 test error:  tensor(0.0328, device='cuda:0', grad_fn=<DivBackward0>)
Memory status after this epoch: 
Memory allocated:  416.998046875
Memory cached:  808.0
	 epoch  70 training error:  tensor(0.3343, device='cuda:0', grad_fn=<DivBackward0>)
	 epoch  70 test error:  tensor(0.0314, device='cuda:0', grad_fn=<DivBackward0>)
Memory status after this epoch: 
Memory allocated:  419.107421875
Memory cached:  808.0
	 epoch  80 training error:  tensor(0.3295, device='cuda:0', grad_fn=<DivBackward0>)
	 epoch  80 test error:  tensor(0.0331, device='cuda:0', grad_fn=<DivBackward0>)
Memory status after this epoch: 
Memory allocated:  416.998046875
Memory cached:  808.0
	 epoch  90 training error:  tensor(0.3331, device='cuda:0', grad_fn=<DivBackward0>)
	 epoch  90 test error:  tensor(0.0342, device='cuda:0', grad_fn=<DivBackward0>)
Memory status after this epoch: 
Memory allocated:  419.107421875
Memory cached:  808.0
[I 2023-11-16 05:11:47,199] Trial 33 finished with value: 0.03360782191157341 and parameters: {'W_layers': 4, 'W_layer_units_exponent_0': 7, 'W_layer_units_exponent_1': 6, 'W_layer_units_exponent_2': 9, 'W_layer_units_exponent_3': 4, 'D_layers': 6, 'D_layer_units_exponent_0': 7, 'D_layer_units_exponent_1': 7, 'D_layer_units_exponent_2': 8, 'D_layer_units_exponent_3': 4, 'D_layer_units_exponent_4': 9, 'D_layer_units_exponent_5': 5, 'log_learning_rate': -3.7496547777018563, 'log_learning_rate_D': -3.5862950075365494, 'training_batch_size': 6, 'training_p': 8}. Best is trial 9 with value: 0.03132004663348198.
Time for this trial:  265.0365116596222
Memory status after this trial: 
Memory allocated:  801.32080078125
Memory cached:  808.0
--------------------  Trial  34   --------------------
Start timing: 
Parameters: 
{'W_layers': 5, 'W_layer_units_exponent_0': 4, 'W_layer_units_exponent_1': 6, 'W_layer_units_exponent_2': 10, 'W_layer_units_exponent_3': 6, 'W_layer_units_exponent_4': 7, 'D_layers': 6, 'D_layer_units_exponent_0': 8, 'D_layer_units_exponent_1': 8, 'D_layer_units_exponent_2': 9, 'D_layer_units_exponent_3': 4, 'D_layer_units_exponent_4': 9, 'D_layer_units_exponent_5': 6, 'log_learning_rate': -3.958516000176265, 'log_learning_rate_D': -3.303031181662311, 'training_batch_size': 7, 'training_p': 8}
	 epoch  0 training error:  tensor(0.8173, device='cuda:0', grad_fn=<DivBackward0>)
	 epoch  0 test error:  tensor(0.2090, device='cuda:0', grad_fn=<DivBackward0>)
Memory status after this epoch: 
Memory allocated:  482.60205078125
Memory cached:  766.0
	 epoch  10 training error:  tensor(0.7643, device='cuda:0', grad_fn=<DivBackward0>)
	 epoch  10 test error:  tensor(0.0501, device='cuda:0', grad_fn=<DivBackward0>)
Memory status after this epoch: 
Memory allocated:  480.49267578125
Memory cached:  930.0
	 epoch  20 training error:  tensor(0.5115, device='cuda:0', grad_fn=<DivBackward0>)
	 epoch  20 test error:  tensor(0.0457, device='cuda:0', grad_fn=<DivBackward0>)
Memory status after this epoch: 
Memory allocated:  482.60205078125
Memory cached:  930.0
	 epoch  30 training error:  tensor(0.3719, device='cuda:0', grad_fn=<DivBackward0>)
	 epoch  30 test error:  tensor(0.0382, device='cuda:0', grad_fn=<DivBackward0>)
Memory status after this epoch: 
Memory allocated:  480.49267578125
Memory cached:  930.0
	 epoch  40 training error:  tensor(0.3518, device='cuda:0', grad_fn=<DivBackward0>)
	 epoch  40 test error:  tensor(0.0315, device='cuda:0', grad_fn=<DivBackward0>)
Memory status after this epoch: 
Memory allocated:  482.60205078125
Memory cached:  930.0
	 epoch  50 training error:  tensor(0.3383, device='cuda:0', grad_fn=<DivBackward0>)
	 epoch  50 test error:  tensor(0.0319, device='cuda:0', grad_fn=<DivBackward0>)
Memory status after this epoch: 
Memory allocated:  480.49267578125
Memory cached:  932.0
	 epoch  60 training error:  tensor(0.3351, device='cuda:0', grad_fn=<DivBackward0>)
	 epoch  60 test error:  tensor(0.0315, device='cuda:0', grad_fn=<DivBackward0>)
Memory status after this epoch: 
Memory allocated:  482.60205078125
Memory cached:  930.0
	 epoch  70 training error:  tensor(0.3329, device='cuda:0', grad_fn=<DivBackward0>)
	 epoch  70 test error:  tensor(0.0322, device='cuda:0', grad_fn=<DivBackward0>)
Memory status after this epoch: 
Memory allocated:  480.49267578125
Memory cached:  930.0
	 epoch  80 training error:  tensor(0.3310, device='cuda:0', grad_fn=<DivBackward0>)
	 epoch  80 test error:  tensor(0.0318, device='cuda:0', grad_fn=<DivBackward0>)
Memory status after this epoch: 
Memory allocated:  482.60205078125
Memory cached:  930.0
	 epoch  90 training error:  tensor(0.3298, device='cuda:0', grad_fn=<DivBackward0>)
	 epoch  90 test error:  tensor(0.0318, device='cuda:0', grad_fn=<DivBackward0>)
Memory status after this epoch: 
Memory allocated:  480.49267578125
Memory cached:  930.0
[I 2023-11-16 05:14:38,904] Trial 34 finished with value: 0.031662408262491226 and parameters: {'W_layers': 5, 'W_layer_units_exponent_0': 4, 'W_layer_units_exponent_1': 6, 'W_layer_units_exponent_2': 10, 'W_layer_units_exponent_3': 6, 'W_layer_units_exponent_4': 7, 'D_layers': 6, 'D_layer_units_exponent_0': 8, 'D_layer_units_exponent_1': 8, 'D_layer_units_exponent_2': 9, 'D_layer_units_exponent_3': 4, 'D_layer_units_exponent_4': 9, 'D_layer_units_exponent_5': 6, 'log_learning_rate': -3.958516000176265, 'log_learning_rate_D': -3.303031181662311, 'training_batch_size': 7, 'training_p': 8}. Best is trial 9 with value: 0.03132004663348198.
Time for this trial:  171.4269905090332
Memory status after this trial: 
Memory allocated:  922.35400390625
Memory cached:  930.0
--------------------  Trial  35   --------------------
Start timing: 
Parameters: 
{'W_layers': 8, 'W_layer_units_exponent_0': 6, 'W_layer_units_exponent_1': 8, 'W_layer_units_exponent_2': 9, 'W_layer_units_exponent_3': 5, 'W_layer_units_exponent_4': 8, 'W_layer_units_exponent_5': 5, 'W_layer_units_exponent_6': 4, 'W_layer_units_exponent_7': 10, 'D_layers': 8, 'D_layer_units_exponent_0': 6, 'D_layer_units_exponent_1': 6, 'D_layer_units_exponent_2': 6, 'D_layer_units_exponent_3': 6, 'D_layer_units_exponent_4': 10, 'D_layer_units_exponent_5': 4, 'D_layer_units_exponent_6': 8, 'D_layer_units_exponent_7': 6, 'log_learning_rate': -3.1955792077770835, 'log_learning_rate_D': -2.781801183216182, 'training_batch_size': 6, 'training_p': 8}
	 epoch  0 training error:  tensor(1.0807, device='cuda:0', grad_fn=<DivBackward0>)
	 epoch  0 test error:  tensor(0.1179, device='cuda:0', grad_fn=<DivBackward0>)
Memory status after this epoch: 
Memory allocated:  527.24072265625
Memory cached:  812.0
	 epoch  10 training error:  tensor(0.3925, device='cuda:0', grad_fn=<DivBackward0>)
	 epoch  10 test error:  tensor(0.0493, device='cuda:0', grad_fn=<DivBackward0>)
Memory status after this epoch: 
Memory allocated:  529.35009765625
Memory cached:  1026.0
	 epoch  20 training error:  tensor(0.3603, device='cuda:0', grad_fn=<DivBackward0>)
	 epoch  20 test error:  tensor(0.0330, device='cuda:0', grad_fn=<DivBackward0>)
Memory status after this epoch: 
Memory allocated:  527.24072265625
Memory cached:  1026.0
	 epoch  30 training error:  tensor(0.3304, device='cuda:0', grad_fn=<DivBackward0>)
	 epoch  30 test error:  tensor(0.0328, device='cuda:0', grad_fn=<DivBackward0>)
Memory status after this epoch: 
Memory allocated:  529.35009765625
Memory cached:  1026.0
	 epoch  40 training error:  tensor(0.3284, device='cuda:0', grad_fn=<DivBackward0>)
	 epoch  40 test error:  tensor(0.0315, device='cuda:0', grad_fn=<DivBackward0>)
Memory status after this epoch: 
Memory allocated:  527.24072265625
Memory cached:  1026.0
	 epoch  50 training error:  tensor(0.3281, device='cuda:0', grad_fn=<DivBackward0>)
	 epoch  50 test error:  tensor(0.0314, device='cuda:0', grad_fn=<DivBackward0>)
Memory status after this epoch: 
Memory allocated:  529.35009765625
Memory cached:  1026.0
	 epoch  60 training error:  tensor(0.3269, device='cuda:0', grad_fn=<DivBackward0>)
	 epoch  60 test error:  tensor(0.0320, device='cuda:0', grad_fn=<DivBackward0>)
Memory status after this epoch: 
Memory allocated:  527.24072265625
Memory cached:  1026.0
	 epoch  70 training error:  tensor(0.3273, device='cuda:0', grad_fn=<DivBackward0>)
	 epoch  70 test error:  tensor(0.0321, device='cuda:0', grad_fn=<DivBackward0>)
Memory status after this epoch: 
Memory allocated:  529.35009765625
Memory cached:  1026.0
	 epoch  80 training error:  tensor(0.3292, device='cuda:0', grad_fn=<DivBackward0>)
	 epoch  80 test error:  tensor(0.0326, device='cuda:0', grad_fn=<DivBackward0>)
Memory status after this epoch: 
Memory allocated:  527.24072265625
Memory cached:  1026.0
	 epoch  90 training error:  tensor(0.3265, device='cuda:0', grad_fn=<DivBackward0>)
	 epoch  90 test error:  tensor(0.0316, device='cuda:0', grad_fn=<DivBackward0>)
Memory status after this epoch: 
Memory allocated:  529.35009765625
Memory cached:  1026.0
[I 2023-11-16 05:20:44,971] Trial 35 finished with value: 0.03248414024710655 and parameters: {'W_layers': 8, 'W_layer_units_exponent_0': 6, 'W_layer_units_exponent_1': 8, 'W_layer_units_exponent_2': 9, 'W_layer_units_exponent_3': 5, 'W_layer_units_exponent_4': 8, 'W_layer_units_exponent_5': 5, 'W_layer_units_exponent_6': 4, 'W_layer_units_exponent_7': 10, 'D_layers': 8, 'D_layer_units_exponent_0': 6, 'D_layer_units_exponent_1': 6, 'D_layer_units_exponent_2': 6, 'D_layer_units_exponent_3': 6, 'D_layer_units_exponent_4': 10, 'D_layer_units_exponent_5': 4, 'D_layer_units_exponent_6': 8, 'D_layer_units_exponent_7': 6, 'log_learning_rate': -3.1955792077770835, 'log_learning_rate_D': -2.781801183216182, 'training_batch_size': 6, 'training_p': 8}. Best is trial 9 with value: 0.03132004663348198.
Time for this trial:  365.72611594200134
Memory status after this trial: 
Memory allocated:  1017.50537109375
Memory cached:  1026.0
--------------------  Trial  36   --------------------
Start timing: 
Parameters: 
{'W_layers': 3, 'W_layer_units_exponent_0': 8, 'W_layer_units_exponent_1': 7, 'W_layer_units_exponent_2': 10, 'D_layers': 7, 'D_layer_units_exponent_0': 7, 'D_layer_units_exponent_1': 7, 'D_layer_units_exponent_2': 4, 'D_layer_units_exponent_3': 10, 'D_layer_units_exponent_4': 8, 'D_layer_units_exponent_5': 5, 'D_layer_units_exponent_6': 6, 'log_learning_rate': -3.660316702927385, 'log_learning_rate_D': -2.4887945736368673, 'training_batch_size': 9, 'training_p': 5}
	 epoch  0 training error:  tensor(0.8511, device='cuda:0', grad_fn=<DivBackward0>)
	 epoch  0 test error:  tensor(0.6252, device='cuda:0', grad_fn=<DivBackward0>)
Memory status after this epoch: 
Memory allocated:  491.4208984375
Memory cached:  774.0
	 epoch  10 training error:  tensor(0.6387, device='cuda:0', grad_fn=<DivBackward0>)
	 epoch  10 test error:  tensor(0.0517, device='cuda:0', grad_fn=<DivBackward0>)
Memory status after this epoch: 
Memory allocated:  489.3115234375
Memory cached:  948.0
	 epoch  20 training error:  tensor(0.7986, device='cuda:0', grad_fn=<DivBackward0>)
	 epoch  20 test error:  tensor(0.0672, device='cuda:0', grad_fn=<DivBackward0>)
Memory status after this epoch: 
Memory allocated:  491.4208984375
Memory cached:  950.0
	 epoch  30 training error:  tensor(0.7351, device='cuda:0', grad_fn=<DivBackward0>)
	 epoch  30 test error:  tensor(0.0612, device='cuda:0', grad_fn=<DivBackward0>)
Memory status after this epoch: 
Memory allocated:  489.3115234375
Memory cached:  948.0
	 epoch  40 training error:  tensor(0.5198, device='cuda:0', grad_fn=<DivBackward0>)
	 epoch  40 test error:  tensor(0.0408, device='cuda:0', grad_fn=<DivBackward0>)
Memory status after this epoch: 
Memory allocated:  491.4208984375
Memory cached:  948.0
	 epoch  50 training error:  tensor(0.4512, device='cuda:0', grad_fn=<DivBackward0>)
	 epoch  50 test error:  tensor(0.0390, device='cuda:0', grad_fn=<DivBackward0>)
Memory status after this epoch: 
Memory allocated:  489.3115234375
Memory cached:  948.0
	 epoch  60 training error:  tensor(0.4498, device='cuda:0', grad_fn=<DivBackward0>)
	 epoch  60 test error:  tensor(0.0398, device='cuda:0', grad_fn=<DivBackward0>)
Memory status after this epoch: 
Memory allocated:  491.4208984375
Memory cached:  948.0
	 epoch  70 training error:  tensor(0.4456, device='cuda:0', grad_fn=<DivBackward0>)
	 epoch  70 test error:  tensor(0.0392, device='cuda:0', grad_fn=<DivBackward0>)
Memory status after this epoch: 
Memory allocated:  489.3115234375
Memory cached:  948.0
	 epoch  80 training error:  tensor(0.4440, device='cuda:0', grad_fn=<DivBackward0>)
	 epoch  80 test error:  tensor(0.0383, device='cuda:0', grad_fn=<DivBackward0>)
Memory status after this epoch: 
Memory allocated:  491.4208984375
Memory cached:  948.0
	 epoch  90 training error:  tensor(0.4426, device='cuda:0', grad_fn=<DivBackward0>)
	 epoch  90 test error:  tensor(0.0384, device='cuda:0', grad_fn=<DivBackward0>)
Memory status after this epoch: 
Memory allocated:  489.3115234375
Memory cached:  948.0
[I 2023-11-16 05:23:27,956] Trial 36 finished with value: 0.03850405290722847 and parameters: {'W_layers': 3, 'W_layer_units_exponent_0': 8, 'W_layer_units_exponent_1': 7, 'W_layer_units_exponent_2': 10, 'D_layers': 7, 'D_layer_units_exponent_0': 7, 'D_layer_units_exponent_1': 7, 'D_layer_units_exponent_2': 4, 'D_layer_units_exponent_3': 10, 'D_layer_units_exponent_4': 8, 'D_layer_units_exponent_5': 5, 'D_layer_units_exponent_6': 6, 'log_learning_rate': -3.660316702927385, 'log_learning_rate_D': -2.4887945736368673, 'training_batch_size': 9, 'training_p': 5}. Best is trial 9 with value: 0.03132004663348198.
Time for this trial:  162.69063234329224
Memory status after this trial: 
Memory allocated:  938.01708984375
Memory cached:  950.0
--------------------  Trial  37   --------------------
Start timing: 
Parameters: 
{'W_layers': 6, 'W_layer_units_exponent_0': 7, 'W_layer_units_exponent_1': 8, 'W_layer_units_exponent_2': 9, 'W_layer_units_exponent_3': 4, 'W_layer_units_exponent_4': 4, 'W_layer_units_exponent_5': 8, 'D_layers': 6, 'D_layer_units_exponent_0': 4, 'D_layer_units_exponent_1': 8, 'D_layer_units_exponent_2': 10, 'D_layer_units_exponent_3': 4, 'D_layer_units_exponent_4': 7, 'D_layer_units_exponent_5': 4, 'log_learning_rate': -4.120656253134126, 'log_learning_rate_D': -3.8684947414173627, 'training_batch_size': 6, 'training_p': 5}
	 epoch  0 training error:  tensor(1.3807, device='cuda:0', grad_fn=<DivBackward0>)
	 epoch  0 test error:  tensor(0.0680, device='cuda:0', grad_fn=<DivBackward0>)
Memory status after this epoch: 
Memory allocated:  467.73486328125
Memory cached:  752.0
	 epoch  10 training error:  tensor(0.7935, device='cuda:0', grad_fn=<DivBackward0>)
	 epoch  10 test error:  tensor(0.0664, device='cuda:0', grad_fn=<DivBackward0>)
Memory status after this epoch: 
Memory allocated:  469.84423828125
Memory cached:  904.0
	 epoch  20 training error:  tensor(0.4644, device='cuda:0', grad_fn=<DivBackward0>)
	 epoch  20 test error:  tensor(0.0362, device='cuda:0', grad_fn=<DivBackward0>)
Memory status after this epoch: 
Memory allocated:  467.73486328125
Memory cached:  904.0
	 epoch  30 training error:  tensor(0.3576, device='cuda:0', grad_fn=<DivBackward0>)
	 epoch  30 test error:  tensor(0.0332, device='cuda:0', grad_fn=<DivBackward0>)
Memory status after this epoch: 
Memory allocated:  469.84423828125
Memory cached:  904.0
	 epoch  40 training error:  tensor(0.3555, device='cuda:0', grad_fn=<DivBackward0>)
	 epoch  40 test error:  tensor(0.0315, device='cuda:0', grad_fn=<DivBackward0>)
Memory status after this epoch: 
Memory allocated:  467.73486328125
Memory cached:  904.0
	 epoch  50 training error:  tensor(0.3539, device='cuda:0', grad_fn=<DivBackward0>)
	 epoch  50 test error:  tensor(0.0315, device='cuda:0', grad_fn=<DivBackward0>)
Memory status after this epoch: 
Memory allocated:  469.84423828125
Memory cached:  904.0
	 epoch  60 training error:  tensor(0.3506, device='cuda:0', grad_fn=<DivBackward0>)
	 epoch  60 test error:  tensor(0.0318, device='cuda:0', grad_fn=<DivBackward0>)
Memory status after this epoch: 
Memory allocated:  467.73486328125
Memory cached:  904.0
	 epoch  70 training error:  tensor(0.3499, device='cuda:0', grad_fn=<DivBackward0>)
	 epoch  70 test error:  tensor(0.0317, device='cuda:0', grad_fn=<DivBackward0>)
Memory status after this epoch: 
Memory allocated:  469.84423828125
Memory cached:  904.0
	 epoch  80 training error:  tensor(0.3530, device='cuda:0', grad_fn=<DivBackward0>)
	 epoch  80 test error:  tensor(0.0319, device='cuda:0', grad_fn=<DivBackward0>)
Memory status after this epoch: 
Memory allocated:  467.73486328125
Memory cached:  904.0
	 epoch  90 training error:  tensor(0.3496, device='cuda:0', grad_fn=<DivBackward0>)
	 epoch  90 test error:  tensor(0.0320, device='cuda:0', grad_fn=<DivBackward0>)
Memory status after this epoch: 
Memory allocated:  469.84423828125
Memory cached:  904.0
