[I 2023-11-16 15:48:46,845] Trial 21 finished with value: 0.00804125051945448 and parameters: {'W_layers': 5, 'W_layer_units_exponent_0': 10, 'W_layer_units_exponent_1': 10, 'W_layer_units_exponent_2': 4, 'W_layer_units_exponent_3': 10, 'W_layer_units_exponent_4': 7, 'D_layers': 5, 'D_layer_units_exponent_0': 8, 'D_layer_units_exponent_1': 9, 'D_layer_units_exponent_2': 8, 'D_layer_units_exponent_3': 9, 'D_layer_units_exponent_4': 9, 'log_learning_rate': -3.03278622821754, 'log_learning_rate_D': -1.6212795108037605, 'training_batch_size': 9, 'training_p': 5}. Best is trial 9 with value: 0.007390871644020081.
Time for this trial:  163.4885516166687
Memory status after this trial: 
Memory allocated:  703.94775390625
Memory cached:  720.0
--------------------  Trial  22   --------------------
Start timing: 
Parameters: 
{'W_layers': 4, 'W_layer_units_exponent_0': 9, 'W_layer_units_exponent_1': 6, 'W_layer_units_exponent_2': 5, 'W_layer_units_exponent_3': 9, 'D_layers': 4, 'D_layer_units_exponent_0': 5, 'D_layer_units_exponent_1': 6, 'D_layer_units_exponent_2': 6, 'D_layer_units_exponent_3': 7, 'log_learning_rate': -3.857094468207749, 'log_learning_rate_D': -2.6738636425372633, 'training_batch_size': 11, 'training_p': 8}
	 epoch  0 training error:  tensor(0.9874, device='cuda:0', grad_fn=<DivBackward0>)
	 epoch  0 test error:  tensor(0.0166, device='cuda:0', grad_fn=<DivBackward0>)
Memory status after this epoch: 
Memory allocated:  141.46435546875
Memory cached:  160.0
	 epoch  10 training error:  tensor(0.3843, device='cuda:0', grad_fn=<DivBackward0>)
	 epoch  10 test error:  tensor(0.0071, device='cuda:0', grad_fn=<DivBackward0>)
Memory status after this epoch: 
Memory allocated:  141.37060546875
Memory cached:  298.0
	 epoch  20 training error:  tensor(0.3724, device='cuda:0', grad_fn=<DivBackward0>)
	 epoch  20 test error:  tensor(0.0081, device='cuda:0', grad_fn=<DivBackward0>)
Memory status after this epoch: 
Memory allocated:  141.46435546875
Memory cached:  298.0
	 epoch  30 training error:  tensor(0.3570, device='cuda:0', grad_fn=<DivBackward0>)
	 epoch  30 test error:  tensor(0.0082, device='cuda:0', grad_fn=<DivBackward0>)
Memory status after this epoch: 
Memory allocated:  141.37060546875
Memory cached:  298.0
	 epoch  40 training error:  tensor(0.3543, device='cuda:0', grad_fn=<DivBackward0>)
	 epoch  40 test error:  tensor(0.0082, device='cuda:0', grad_fn=<DivBackward0>)
Memory status after this epoch: 
Memory allocated:  141.46435546875
Memory cached:  298.0
	 epoch  50 training error:  tensor(0.3523, device='cuda:0', grad_fn=<DivBackward0>)
	 epoch  50 test error:  tensor(0.0083, device='cuda:0', grad_fn=<DivBackward0>)
Memory status after this epoch: 
Memory allocated:  141.37060546875
Memory cached:  300.0
	 epoch  60 training error:  tensor(0.3516, device='cuda:0', grad_fn=<DivBackward0>)
	 epoch  60 test error:  tensor(0.0082, device='cuda:0', grad_fn=<DivBackward0>)
Memory status after this epoch: 
Memory allocated:  141.46435546875
Memory cached:  298.0
	 epoch  70 training error:  tensor(0.3506, device='cuda:0', grad_fn=<DivBackward0>)
	 epoch  70 test error:  tensor(0.0083, device='cuda:0', grad_fn=<DivBackward0>)
Memory status after this epoch: 
Memory allocated:  141.37060546875
Memory cached:  300.0
	 epoch  80 training error:  tensor(0.3504, device='cuda:0', grad_fn=<DivBackward0>)
	 epoch  80 test error:  tensor(0.0083, device='cuda:0', grad_fn=<DivBackward0>)
Memory status after this epoch: 
Memory allocated:  141.46435546875
Memory cached:  300.0
	 epoch  90 training error:  tensor(0.3501, device='cuda:0', grad_fn=<DivBackward0>)
	 epoch  90 test error:  tensor(0.0083, device='cuda:0', grad_fn=<DivBackward0>)
Memory status after this epoch: 
Memory allocated:  141.37060546875
Memory cached:  302.0
[I 2023-11-16 15:50:51,024] Trial 22 finished with value: 0.008333598263561726 and parameters: {'W_layers': 4, 'W_layer_units_exponent_0': 9, 'W_layer_units_exponent_1': 6, 'W_layer_units_exponent_2': 5, 'W_layer_units_exponent_3': 9, 'D_layers': 4, 'D_layer_units_exponent_0': 5, 'D_layer_units_exponent_1': 6, 'D_layer_units_exponent_2': 6, 'D_layer_units_exponent_3': 7, 'log_learning_rate': -3.857094468207749, 'log_learning_rate_D': -2.6738636425372633, 'training_batch_size': 11, 'training_p': 8}. Best is trial 9 with value: 0.007390871644020081.
Time for this trial:  123.9444043636322
Memory status after this trial: 
Memory allocated:  279.96923828125
Memory cached:  304.0
--------------------  Trial  23   --------------------
Start timing: 
Parameters: 
{'W_layers': 4, 'W_layer_units_exponent_0': 9, 'W_layer_units_exponent_1': 7, 'W_layer_units_exponent_2': 5, 'W_layer_units_exponent_3': 9, 'D_layers': 3, 'D_layer_units_exponent_0': 7, 'D_layer_units_exponent_1': 8, 'D_layer_units_exponent_2': 7, 'log_learning_rate': -4.595968213850326, 'log_learning_rate_D': -3.3158852188054704, 'training_batch_size': 11, 'training_p': 8}
	 epoch  0 training error:  tensor(1.5054, device='cuda:0', grad_fn=<DivBackward0>)
	 epoch  0 test error:  tensor(0.0506, device='cuda:0', grad_fn=<DivBackward0>)
Memory status after this epoch: 
Memory allocated:  157.9462890625
Memory cached:  218.0
	 epoch  10 training error:  tensor(0.4367, device='cuda:0', grad_fn=<DivBackward0>)
	 epoch  10 test error:  tensor(0.0079, device='cuda:0', grad_fn=<DivBackward0>)
Memory status after this epoch: 
Memory allocated:  158.0400390625
Memory cached:  330.0
	 epoch  20 training error:  tensor(0.3507, device='cuda:0', grad_fn=<DivBackward0>)
	 epoch  20 test error:  tensor(0.0085, device='cuda:0', grad_fn=<DivBackward0>)
Memory status after this epoch: 
Memory allocated:  157.9462890625
Memory cached:  330.0
	 epoch  30 training error:  tensor(0.3674, device='cuda:0', grad_fn=<DivBackward0>)
	 epoch  30 test error:  tensor(0.0096, device='cuda:0', grad_fn=<DivBackward0>)
Memory status after this epoch: 
Memory allocated:  158.0400390625
Memory cached:  330.0
	 epoch  40 training error:  tensor(0.3559, device='cuda:0', grad_fn=<DivBackward0>)
	 epoch  40 test error:  tensor(0.0091, device='cuda:0', grad_fn=<DivBackward0>)
Memory status after this epoch: 
Memory allocated:  157.9462890625
Memory cached:  330.0
	 epoch  50 training error:  tensor(0.3517, device='cuda:0', grad_fn=<DivBackward0>)
	 epoch  50 test error:  tensor(0.0088, device='cuda:0', grad_fn=<DivBackward0>)
Memory status after this epoch: 
Memory allocated:  158.0400390625
Memory cached:  330.0
	 epoch  60 training error:  tensor(0.3489, device='cuda:0', grad_fn=<DivBackward0>)
	 epoch  60 test error:  tensor(0.0082, device='cuda:0', grad_fn=<DivBackward0>)
Memory status after this epoch: 
Memory allocated:  157.9462890625
Memory cached:  330.0
	 epoch  70 training error:  tensor(0.3486, device='cuda:0', grad_fn=<DivBackward0>)
	 epoch  70 test error:  tensor(0.0083, device='cuda:0', grad_fn=<DivBackward0>)
Memory status after this epoch: 
Memory allocated:  158.0400390625
Memory cached:  330.0
	 epoch  80 training error:  tensor(0.3485, device='cuda:0', grad_fn=<DivBackward0>)
	 epoch  80 test error:  tensor(0.0084, device='cuda:0', grad_fn=<DivBackward0>)
Memory status after this epoch: 
Memory allocated:  157.9462890625
Memory cached:  330.0
	 epoch  90 training error:  tensor(0.3483, device='cuda:0', grad_fn=<DivBackward0>)
	 epoch  90 test error:  tensor(0.0083, device='cuda:0', grad_fn=<DivBackward0>)
Memory status after this epoch: 
Memory allocated:  158.0400390625
Memory cached:  330.0
[I 2023-11-16 15:52:49,929] Trial 23 finished with value: 0.008394620381295681 and parameters: {'W_layers': 4, 'W_layer_units_exponent_0': 9, 'W_layer_units_exponent_1': 7, 'W_layer_units_exponent_2': 5, 'W_layer_units_exponent_3': 9, 'D_layers': 3, 'D_layer_units_exponent_0': 7, 'D_layer_units_exponent_1': 8, 'D_layer_units_exponent_2': 7, 'log_learning_rate': -4.595968213850326, 'log_learning_rate_D': -3.3158852188054704, 'training_batch_size': 11, 'training_p': 8}. Best is trial 9 with value: 0.007390871644020081.
Time for this trial:  118.61342239379883
Memory status after this trial: 
Memory allocated:  311.14892578125
Memory cached:  332.0
--------------------  Trial  24   --------------------
Start timing: 
Parameters: 
{'W_layers': 5, 'W_layer_units_exponent_0': 8, 'W_layer_units_exponent_1': 5, 'W_layer_units_exponent_2': 6, 'W_layer_units_exponent_3': 7, 'W_layer_units_exponent_4': 9, 'D_layers': 3, 'D_layer_units_exponent_0': 5, 'D_layer_units_exponent_1': 7, 'D_layer_units_exponent_2': 5, 'log_learning_rate': -4.433964612295082, 'log_learning_rate_D': -4.0486241944857735, 'training_batch_size': 10, 'training_p': 7}
	 epoch  0 training error:  tensor(0.6646, device='cuda:0', grad_fn=<DivBackward0>)
	 epoch  0 test error:  tensor(0.0190, device='cuda:0', grad_fn=<DivBackward0>)
Memory status after this epoch: 
Memory allocated:  129.943359375
Memory cached:  150.0
	 epoch  10 training error:  tensor(0.3521, device='cuda:0', grad_fn=<DivBackward0>)
	 epoch  10 test error:  tensor(0.0091, device='cuda:0', grad_fn=<DivBackward0>)
Memory status after this epoch: 
Memory allocated:  129.849609375
Memory cached:  274.0
	 epoch  20 training error:  tensor(0.3674, device='cuda:0', grad_fn=<DivBackward0>)
	 epoch  20 test error:  tensor(0.0074, device='cuda:0', grad_fn=<DivBackward0>)
Memory status after this epoch: 
Memory allocated:  129.943359375
Memory cached:  274.0
	 epoch  30 training error:  tensor(0.3510, device='cuda:0', grad_fn=<DivBackward0>)
	 epoch  30 test error:  tensor(0.0075, device='cuda:0', grad_fn=<DivBackward0>)
Memory status after this epoch: 
Memory allocated:  129.849609375
Memory cached:  274.0
	 epoch  40 training error:  tensor(0.3500, device='cuda:0', grad_fn=<DivBackward0>)
	 epoch  40 test error:  tensor(0.0078, device='cuda:0', grad_fn=<DivBackward0>)
Memory status after this epoch: 
Memory allocated:  129.943359375
Memory cached:  276.0
	 epoch  50 training error:  tensor(0.3475, device='cuda:0', grad_fn=<DivBackward0>)
	 epoch  50 test error:  tensor(0.0074, device='cuda:0', grad_fn=<DivBackward0>)
Memory status after this epoch: 
Memory allocated:  129.849609375
Memory cached:  274.0
	 epoch  60 training error:  tensor(0.3467, device='cuda:0', grad_fn=<DivBackward0>)
	 epoch  60 test error:  tensor(0.0072, device='cuda:0', grad_fn=<DivBackward0>)
Memory status after this epoch: 
Memory allocated:  129.943359375
Memory cached:  274.0
	 epoch  70 training error:  tensor(0.3456, device='cuda:0', grad_fn=<DivBackward0>)
	 epoch  70 test error:  tensor(0.0073, device='cuda:0', grad_fn=<DivBackward0>)
Memory status after this epoch: 
Memory allocated:  129.849609375
Memory cached:  274.0
	 epoch  80 training error:  tensor(0.3448, device='cuda:0', grad_fn=<DivBackward0>)
	 epoch  80 test error:  tensor(0.0074, device='cuda:0', grad_fn=<DivBackward0>)
Memory status after this epoch: 
Memory allocated:  129.943359375
Memory cached:  276.0
	 epoch  90 training error:  tensor(0.3440, device='cuda:0', grad_fn=<DivBackward0>)
	 epoch  90 test error:  tensor(0.0074, device='cuda:0', grad_fn=<DivBackward0>)
Memory status after this epoch: 
Memory allocated:  129.849609375
Memory cached:  278.0
[I 2023-11-16 15:54:53,852] Trial 24 finished with value: 0.00746054807677865 and parameters: {'W_layers': 5, 'W_layer_units_exponent_0': 8, 'W_layer_units_exponent_1': 5, 'W_layer_units_exponent_2': 6, 'W_layer_units_exponent_3': 7, 'W_layer_units_exponent_4': 9, 'D_layers': 3, 'D_layer_units_exponent_0': 5, 'D_layer_units_exponent_1': 7, 'D_layer_units_exponent_2': 5, 'log_learning_rate': -4.433964612295082, 'log_learning_rate_D': -4.0486241944857735, 'training_batch_size': 10, 'training_p': 7}. Best is trial 9 with value: 0.007390871644020081.
Time for this trial:  123.65483856201172
Memory status after this trial: 
Memory allocated:  256.34130859375
Memory cached:  278.0
--------------------  Trial  25   --------------------
Start timing: 
Parameters: 
{'W_layers': 6, 'W_layer_units_exponent_0': 8, 'W_layer_units_exponent_1': 5, 'W_layer_units_exponent_2': 6, 'W_layer_units_exponent_3': 7, 'W_layer_units_exponent_4': 10, 'W_layer_units_exponent_5': 6, 'D_layers': 2, 'D_layer_units_exponent_0': 5, 'D_layer_units_exponent_1': 6, 'log_learning_rate': -3.4228626640794437, 'log_learning_rate_D': -4.120617398304463, 'training_batch_size': 10, 'training_p': 7}
	 epoch  0 training error:  tensor(1.1154, device='cuda:0', grad_fn=<DivBackward0>)
	 epoch  0 test error:  tensor(0.0553, device='cuda:0', grad_fn=<DivBackward0>)
Memory status after this epoch: 
Memory allocated:  157.44384765625
Memory cached:  216.0
	 epoch  10 training error:  tensor(0.4247, device='cuda:0', grad_fn=<DivBackward0>)
	 epoch  10 test error:  tensor(0.0112, device='cuda:0', grad_fn=<DivBackward0>)
Memory status after this epoch: 
Memory allocated:  157.53759765625
Memory cached:  328.0
	 epoch  20 training error:  tensor(0.3779, device='cuda:0', grad_fn=<DivBackward0>)
	 epoch  20 test error:  tensor(0.0073, device='cuda:0', grad_fn=<DivBackward0>)
Memory status after this epoch: 
Memory allocated:  157.44384765625
Memory cached:  330.0
	 epoch  30 training error:  tensor(0.3571, device='cuda:0', grad_fn=<DivBackward0>)
	 epoch  30 test error:  tensor(0.0079, device='cuda:0', grad_fn=<DivBackward0>)
Memory status after this epoch: 
Memory allocated:  157.53759765625
Memory cached:  328.0
	 epoch  40 training error:  tensor(0.3490, device='cuda:0', grad_fn=<DivBackward0>)
	 epoch  40 test error:  tensor(0.0072, device='cuda:0', grad_fn=<DivBackward0>)
Memory status after this epoch: 
Memory allocated:  157.44384765625
Memory cached:  328.0
	 epoch  50 training error:  tensor(0.3455, device='cuda:0', grad_fn=<DivBackward0>)
	 epoch  50 test error:  tensor(0.0074, device='cuda:0', grad_fn=<DivBackward0>)
Memory status after this epoch: 
Memory allocated:  157.53759765625
Memory cached:  328.0
	 epoch  60 training error:  tensor(0.3437, device='cuda:0', grad_fn=<DivBackward0>)
	 epoch  60 test error:  tensor(0.0076, device='cuda:0', grad_fn=<DivBackward0>)
Memory status after this epoch: 
Memory allocated:  157.44384765625
Memory cached:  328.0
	 epoch  70 training error:  tensor(0.3428, device='cuda:0', grad_fn=<DivBackward0>)
	 epoch  70 test error:  tensor(0.0076, device='cuda:0', grad_fn=<DivBackward0>)
Memory status after this epoch: 
Memory allocated:  157.53759765625
Memory cached:  330.0
	 epoch  80 training error:  tensor(0.3422, device='cuda:0', grad_fn=<DivBackward0>)
	 epoch  80 test error:  tensor(0.0078, device='cuda:0', grad_fn=<DivBackward0>)
Memory status after this epoch: 
Memory allocated:  157.44384765625
Memory cached:  328.0
	 epoch  90 training error:  tensor(0.3417, device='cuda:0', grad_fn=<DivBackward0>)
	 epoch  90 test error:  tensor(0.0079, device='cuda:0', grad_fn=<DivBackward0>)
Memory status after this epoch: 
Memory allocated:  157.53759765625
Memory cached:  330.0
[I 2023-11-16 15:56:58,658] Trial 25 finished with value: 0.00808701477944851 and parameters: {'W_layers': 6, 'W_layer_units_exponent_0': 8, 'W_layer_units_exponent_1': 5, 'W_layer_units_exponent_2': 6, 'W_layer_units_exponent_3': 7, 'W_layer_units_exponent_4': 10, 'W_layer_units_exponent_5': 6, 'D_layers': 2, 'D_layer_units_exponent_0': 5, 'D_layer_units_exponent_1': 6, 'log_learning_rate': -3.4228626640794437, 'log_learning_rate_D': -4.120617398304463, 'training_batch_size': 10, 'training_p': 7}. Best is trial 9 with value: 0.007390871644020081.
Time for this trial:  124.557950258255
Memory status after this trial: 
Memory allocated:  308.66748046875
Memory cached:  332.0
--------------------  Trial  26   --------------------
Start timing: 
Parameters: 
{'W_layers': 5, 'W_layer_units_exponent_0': 7, 'W_layer_units_exponent_1': 5, 'W_layer_units_exponent_2': 8, 'W_layer_units_exponent_3': 6, 'W_layer_units_exponent_4': 9, 'D_layers': 6, 'D_layer_units_exponent_0': 5, 'D_layer_units_exponent_1': 8, 'D_layer_units_exponent_2': 5, 'D_layer_units_exponent_3': 4, 'D_layer_units_exponent_4': 6, 'D_layer_units_exponent_5': 10, 'log_learning_rate': -3.774817842451414, 'log_learning_rate_D': -2.391261198321584, 'training_batch_size': 7, 'training_p': 6}
	 epoch  0 training error:  tensor(0.6412, device='cuda:0', grad_fn=<DivBackward0>)
	 epoch  0 test error:  tensor(0.0121, device='cuda:0', grad_fn=<DivBackward0>)
Memory status after this epoch: 
Memory allocated:  196.08447265625
Memory cached:  216.0
	 epoch  10 training error:  tensor(0.3367, device='cuda:0', grad_fn=<DivBackward0>)
	 epoch  10 test error:  tensor(0.0072, device='cuda:0', grad_fn=<DivBackward0>)
Memory status after this epoch: 
Memory allocated:  195.99072265625
Memory cached:  406.0
	 epoch  20 training error:  tensor(0.3289, device='cuda:0', grad_fn=<DivBackward0>)
	 epoch  20 test error:  tensor(0.0079, device='cuda:0', grad_fn=<DivBackward0>)
Memory status after this epoch: 
Memory allocated:  196.08447265625
Memory cached:  406.0
	 epoch  30 training error:  tensor(0.3279, device='cuda:0', grad_fn=<DivBackward0>)
	 epoch  30 test error:  tensor(0.0077, device='cuda:0', grad_fn=<DivBackward0>)
Memory status after this epoch: 
Memory allocated:  195.99072265625
Memory cached:  406.0
	 epoch  40 training error:  tensor(0.3247, device='cuda:0', grad_fn=<DivBackward0>)
	 epoch  40 test error:  tensor(0.0083, device='cuda:0', grad_fn=<DivBackward0>)
Memory status after this epoch: 
Memory allocated:  196.08447265625
Memory cached:  408.0
	 epoch  50 training error:  tensor(0.3238, device='cuda:0', grad_fn=<DivBackward0>)
	 epoch  50 test error:  tensor(0.0087, device='cuda:0', grad_fn=<DivBackward0>)
Memory status after this epoch: 
Memory allocated:  195.99072265625
Memory cached:  408.0
	 epoch  60 training error:  tensor(0.3234, device='cuda:0', grad_fn=<DivBackward0>)
	 epoch  60 test error:  tensor(0.0085, device='cuda:0', grad_fn=<DivBackward0>)
Memory status after this epoch: 
Memory allocated:  196.08447265625
Memory cached:  410.0
	 epoch  70 training error:  tensor(0.3230, device='cuda:0', grad_fn=<DivBackward0>)
	 epoch  70 test error:  tensor(0.0084, device='cuda:0', grad_fn=<DivBackward0>)
Memory status after this epoch: 
Memory allocated:  195.99072265625
Memory cached:  410.0
	 epoch  80 training error:  tensor(0.3227, device='cuda:0', grad_fn=<DivBackward0>)
	 epoch  80 test error:  tensor(0.0083, device='cuda:0', grad_fn=<DivBackward0>)
Memory status after this epoch: 
Memory allocated:  196.08447265625
Memory cached:  410.0
	 epoch  90 training error:  tensor(0.3224, device='cuda:0', grad_fn=<DivBackward0>)
	 epoch  90 test error:  tensor(0.0084, device='cuda:0', grad_fn=<DivBackward0>)
Memory status after this epoch: 
Memory allocated:  195.99072265625
Memory cached:  408.0
