[I 2023-11-17 10:30:07,816] Trial 47 finished with value: 0.19222193956375122 and parameters: {'W_layers': 3, 'W_layer_units_exponent_0': 9, 'W_layer_units_exponent_1': 8, 'W_layer_units_exponent_2': 4, 'D_layers': 2, 'D_layer_units_exponent_0': 4, 'D_layer_units_exponent_1': 4, 'D_dagger_layers': 4, 'D_dagger_layer_units_exponent_0': 6, 'D_dagger_layer_units_exponent_1': 5, 'D_dagger_layer_units_exponent_2': 4, 'D_dagger_layer_units_exponent_3': 6, 'log_learning_rate': -3.4900412349443553, 'log_learning_rate_D': -4.156006953262076, 'log_learning_rate_D_dagger': -1.7877562096758535, 'training_batch_size': 12, 'training_p': 2}. Best is trial 46 with value: 0.1220964789390564.
Time for this trial:  16.074174165725708
Memory status after this trial: 
Memory allocated:  53.0439453125
Memory cached:  74.0
--------------------  Trial  48   --------------------
Start timing: 
Parameters: 
{'W_layers': 4, 'W_layer_units_exponent_0': 10, 'W_layer_units_exponent_1': 10, 'W_layer_units_exponent_2': 5, 'W_layer_units_exponent_3': 10, 'D_layers': 2, 'D_layer_units_exponent_0': 4, 'D_layer_units_exponent_1': 4, 'D_dagger_layers': 3, 'D_dagger_layer_units_exponent_0': 8, 'D_dagger_layer_units_exponent_1': 4, 'D_dagger_layer_units_exponent_2': 4, 'log_learning_rate': -2.7982340142983206, 'log_learning_rate_D': -3.90952940487035, 'log_learning_rate_D_dagger': -1.2976545317627965, 'training_batch_size': 12, 'training_p': 3}
	 epoch  0 training error:  tensor(1.0226, device='cuda:0', grad_fn=<DivBackward0>)
Memory status after this epoch: 
Memory allocated:  17.3212890625
Memory cached:  50.0
	 epoch  10 training error:  tensor(0.5182, device='cuda:0', grad_fn=<DivBackward0>)
Memory status after this epoch: 
Memory allocated:  17.3212890625
Memory cached:  52.0
	 epoch  20 training error:  tensor(0.2580, device='cuda:0', grad_fn=<DivBackward0>)
Memory status after this epoch: 
Memory allocated:  17.3212890625
Memory cached:  52.0
	 epoch  30 training error:  tensor(0.2202, device='cuda:0', grad_fn=<DivBackward0>)
Memory status after this epoch: 
Memory allocated:  17.3212890625
Memory cached:  52.0
	 epoch  40 training error:  tensor(0.2095, device='cuda:0', grad_fn=<DivBackward0>)
Memory status after this epoch: 
Memory allocated:  17.3212890625
Memory cached:  52.0
	 epoch  50 training error:  tensor(0.2075, device='cuda:0', grad_fn=<DivBackward0>)
Memory status after this epoch: 
Memory allocated:  17.3212890625
Memory cached:  52.0
	 epoch  60 training error:  tensor(0.2076, device='cuda:0', grad_fn=<DivBackward0>)
Memory status after this epoch: 
Memory allocated:  17.3212890625
Memory cached:  52.0
	 epoch  70 training error:  tensor(0.2075, device='cuda:0', grad_fn=<DivBackward0>)
Memory status after this epoch: 
Memory allocated:  17.3212890625
Memory cached:  52.0
	 epoch  80 training error:  tensor(0.2075, device='cuda:0', grad_fn=<DivBackward0>)
Memory status after this epoch: 
Memory allocated:  17.3212890625
Memory cached:  52.0
	 epoch  90 training error:  tensor(0.2075, device='cuda:0', grad_fn=<DivBackward0>)
Memory status after this epoch: 
Memory allocated:  17.3212890625
Memory cached:  52.0
[I 2023-11-17 10:30:25,486] Trial 48 finished with value: 0.19215704500675201 and parameters: {'W_layers': 4, 'W_layer_units_exponent_0': 10, 'W_layer_units_exponent_1': 10, 'W_layer_units_exponent_2': 5, 'W_layer_units_exponent_3': 10, 'D_layers': 2, 'D_layer_units_exponent_0': 4, 'D_layer_units_exponent_1': 4, 'D_dagger_layers': 3, 'D_dagger_layer_units_exponent_0': 8, 'D_dagger_layer_units_exponent_1': 4, 'D_dagger_layer_units_exponent_2': 4, 'log_learning_rate': -2.7982340142983206, 'log_learning_rate_D': -3.90952940487035, 'log_learning_rate_D_dagger': -1.2976545317627965, 'training_batch_size': 12, 'training_p': 3}. Best is trial 46 with value: 0.1220964789390564.
Time for this trial:  17.48114538192749
Memory status after this trial: 
Memory allocated:  192.6806640625
Memory cached:  222.0
--------------------  Trial  49   --------------------
Start timing: 
Parameters: 
{'W_layers': 4, 'W_layer_units_exponent_0': 9, 'W_layer_units_exponent_1': 9, 'W_layer_units_exponent_2': 4, 'W_layer_units_exponent_3': 10, 'D_layers': 2, 'D_layer_units_exponent_0': 4, 'D_layer_units_exponent_1': 5, 'D_dagger_layers': 4, 'D_dagger_layer_units_exponent_0': 7, 'D_dagger_layer_units_exponent_1': 5, 'D_dagger_layer_units_exponent_2': 5, 'D_dagger_layer_units_exponent_3': 8, 'log_learning_rate': -3.7134618134632005, 'log_learning_rate_D': -4.15896026602434, 'log_learning_rate_D_dagger': -1.0196537175231348, 'training_batch_size': 10, 'training_p': 2}
	 epoch  0 training error:  tensor(1.0505, device='cuda:0', grad_fn=<DivBackward0>)
Memory status after this epoch: 
Memory allocated:  4.8125
Memory cached:  10.0
	 epoch  10 training error:  tensor(0.2841, device='cuda:0', grad_fn=<DivBackward0>)
Memory status after this epoch: 
Memory allocated:  4.8125
Memory cached:  12.0
	 epoch  20 training error:  tensor(0.2333, device='cuda:0', grad_fn=<DivBackward0>)
Memory status after this epoch: 
Memory allocated:  4.8125
Memory cached:  12.0
	 epoch  30 training error:  tensor(0.1882, device='cuda:0', grad_fn=<DivBackward0>)
Memory status after this epoch: 
Memory allocated:  4.8125
Memory cached:  12.0
	 epoch  40 training error:  tensor(0.1927, device='cuda:0', grad_fn=<DivBackward0>)
Memory status after this epoch: 
Memory allocated:  4.8125
Memory cached:  12.0
	 epoch  50 training error:  tensor(0.1875, device='cuda:0', grad_fn=<DivBackward0>)
Memory status after this epoch: 
Memory allocated:  4.8125
Memory cached:  12.0
	 epoch  60 training error:  tensor(0.1873, device='cuda:0', grad_fn=<DivBackward0>)
Memory status after this epoch: 
Memory allocated:  4.8125
Memory cached:  12.0
	 epoch  70 training error:  tensor(0.1874, device='cuda:0', grad_fn=<DivBackward0>)
Memory status after this epoch: 
Memory allocated:  4.8125
Memory cached:  12.0
	 epoch  80 training error:  tensor(0.1872, device='cuda:0', grad_fn=<DivBackward0>)
Memory status after this epoch: 
Memory allocated:  4.8125
Memory cached:  12.0
	 epoch  90 training error:  tensor(0.1871, device='cuda:0', grad_fn=<DivBackward0>)
Memory status after this epoch: 
Memory allocated:  4.8125
Memory cached:  12.0
[I 2023-11-17 10:30:43,951] Trial 49 finished with value: 0.19218309223651886 and parameters: {'W_layers': 4, 'W_layer_units_exponent_0': 9, 'W_layer_units_exponent_1': 9, 'W_layer_units_exponent_2': 4, 'W_layer_units_exponent_3': 10, 'D_layers': 2, 'D_layer_units_exponent_0': 4, 'D_layer_units_exponent_1': 5, 'D_dagger_layers': 4, 'D_dagger_layer_units_exponent_0': 7, 'D_dagger_layer_units_exponent_1': 5, 'D_dagger_layer_units_exponent_2': 5, 'D_dagger_layer_units_exponent_3': 8, 'log_learning_rate': -3.7134618134632005, 'log_learning_rate_D': -4.15896026602434, 'log_learning_rate_D_dagger': -1.0196537175231348, 'training_batch_size': 10, 'training_p': 2}. Best is trial 46 with value: 0.1220964789390564.
[I 2023-11-17 10:30:43,973] A new study created in memory with name: no-name-9a21344c-29d8-4f93-8fbc-6e03e691a391
Time for this trial:  18.293365716934204
Memory status after this trial: 
Memory allocated:  139.4287109375
Memory cached:  154.0
--------------------  Trial  0   --------------------
Start timing: 
Parameters: 
{'W_layers': 7, 'W_layer_units_exponent_0': 10, 'W_layer_units_exponent_1': 4, 'W_layer_units_exponent_2': 10, 'W_layer_units_exponent_3': 10, 'W_layer_units_exponent_4': 6, 'W_layer_units_exponent_5': 7, 'W_layer_units_exponent_6': 10, 'D_layers': 3, 'D_layer_units_exponent_0': 7, 'D_layer_units_exponent_1': 9, 'D_layer_units_exponent_2': 8, 'log_learning_rate': -3.774659788324973, 'log_learning_rate_D': -3.37092162003411, 'training_batch_size': 9, 'training_p': 2}
	 epoch  0 training error:  tensor(1.0007, device='cuda:0', grad_fn=<DivBackward0>)
	 epoch  0 test error:  tensor(0.1915, device='cuda:0', grad_fn=<DivBackward0>)
Memory status after this epoch: 
Memory allocated:  441.47509765625
Memory cached:  460.0
	 epoch  10 training error:  tensor(0.9943, device='cuda:0', grad_fn=<DivBackward0>)
	 epoch  10 test error:  tensor(0.1915, device='cuda:0', grad_fn=<DivBackward0>)
Memory status after this epoch: 
Memory allocated:  441.47509765625
Memory cached:  866.0
	 epoch  20 training error:  tensor(0.9943, device='cuda:0', grad_fn=<DivBackward0>)
	 epoch  20 test error:  tensor(0.1913, device='cuda:0', grad_fn=<DivBackward0>)
Memory status after this epoch: 
Memory allocated:  441.47509765625
Memory cached:  866.0
	 epoch  30 training error:  tensor(0.9940, device='cuda:0', grad_fn=<DivBackward0>)
	 epoch  30 test error:  tensor(0.1910, device='cuda:0', grad_fn=<DivBackward0>)
Memory status after this epoch: 
Memory allocated:  441.47509765625
Memory cached:  866.0
	 epoch  40 training error:  tensor(0.9937, device='cuda:0', grad_fn=<DivBackward0>)
	 epoch  40 test error:  tensor(0.1905, device='cuda:0', grad_fn=<DivBackward0>)
Memory status after this epoch: 
Memory allocated:  441.47509765625
Memory cached:  866.0
	 epoch  50 training error:  tensor(0.9936, device='cuda:0', grad_fn=<DivBackward0>)
	 epoch  50 test error:  tensor(0.1905, device='cuda:0', grad_fn=<DivBackward0>)
Memory status after this epoch: 
Memory allocated:  441.47509765625
Memory cached:  866.0
	 epoch  60 training error:  tensor(0.9934, device='cuda:0', grad_fn=<DivBackward0>)
	 epoch  60 test error:  tensor(0.1906, device='cuda:0', grad_fn=<DivBackward0>)
Memory status after this epoch: 
Memory allocated:  441.47509765625
Memory cached:  866.0
	 epoch  70 training error:  tensor(0.9932, device='cuda:0', grad_fn=<DivBackward0>)
	 epoch  70 test error:  tensor(0.1906, device='cuda:0', grad_fn=<DivBackward0>)
Memory status after this epoch: 
Memory allocated:  441.47509765625
Memory cached:  866.0
	 epoch  80 training error:  tensor(0.9931, device='cuda:0', grad_fn=<DivBackward0>)
	 epoch  80 test error:  tensor(0.1907, device='cuda:0', grad_fn=<DivBackward0>)
Memory status after this epoch: 
Memory allocated:  441.47509765625
Memory cached:  866.0
	 epoch  90 training error:  tensor(0.9930, device='cuda:0', grad_fn=<DivBackward0>)
	 epoch  90 test error:  tensor(0.1908, device='cuda:0', grad_fn=<DivBackward0>)
Memory status after this epoch: 
Memory allocated:  441.47509765625
Memory cached:  866.0
[I 2023-11-17 10:33:30,311] Trial 0 finished with value: 0.19070954620838165 and parameters: {'W_layers': 7, 'W_layer_units_exponent_0': 10, 'W_layer_units_exponent_1': 4, 'W_layer_units_exponent_2': 10, 'W_layer_units_exponent_3': 10, 'W_layer_units_exponent_4': 6, 'W_layer_units_exponent_5': 7, 'W_layer_units_exponent_6': 10, 'D_layers': 3, 'D_layer_units_exponent_0': 7, 'D_layer_units_exponent_1': 9, 'D_layer_units_exponent_2': 8, 'log_learning_rate': -3.774659788324973, 'log_learning_rate_D': -3.37092162003411, 'training_batch_size': 9, 'training_p': 2}. Best is trial 0 with value: 0.19070954620838165.
Time for this trial:  166.20227217674255
Memory status after this trial: 
Memory allocated:  844.91015625
Memory cached:  866.0
--------------------  Trial  1   --------------------
Start timing: 
Parameters: 
{'W_layers': 3, 'W_layer_units_exponent_0': 8, 'W_layer_units_exponent_1': 5, 'W_layer_units_exponent_2': 7, 'D_layers': 6, 'D_layer_units_exponent_0': 10, 'D_layer_units_exponent_1': 5, 'D_layer_units_exponent_2': 6, 'D_layer_units_exponent_3': 9, 'D_layer_units_exponent_4': 7, 'D_layer_units_exponent_5': 5, 'log_learning_rate': -3.3891100948058064, 'log_learning_rate_D': -3.20367013757443, 'training_batch_size': 9, 'training_p': 8}
	 epoch  0 training error:  tensor(1.0044, device='cuda:0', grad_fn=<DivBackward0>)
	 epoch  0 test error:  tensor(0.1912, device='cuda:0', grad_fn=<DivBackward0>)
Memory status after this epoch: 
Memory allocated:  260.90478515625
Memory cached:  372.0
	 epoch  10 training error:  tensor(0.9916, device='cuda:0', grad_fn=<DivBackward0>)
	 epoch  10 test error:  tensor(0.1921, device='cuda:0', grad_fn=<DivBackward0>)
Memory status after this epoch: 
Memory allocated:  260.43603515625
Memory cached:  516.0
	 epoch  20 training error:  tensor(0.9896, device='cuda:0', grad_fn=<DivBackward0>)
	 epoch  20 test error:  tensor(0.1942, device='cuda:0', grad_fn=<DivBackward0>)
Memory status after this epoch: 
Memory allocated:  260.90478515625
Memory cached:  516.0
	 epoch  30 training error:  tensor(0.9886, device='cuda:0', grad_fn=<DivBackward0>)
	 epoch  30 test error:  tensor(0.1936, device='cuda:0', grad_fn=<DivBackward0>)
Memory status after this epoch: 
Memory allocated:  260.43603515625
Memory cached:  516.0
	 epoch  40 training error:  tensor(0.9873, device='cuda:0', grad_fn=<DivBackward0>)
	 epoch  40 test error:  tensor(0.1948, device='cuda:0', grad_fn=<DivBackward0>)
Memory status after this epoch: 
Memory allocated:  260.90478515625
Memory cached:  516.0
	 epoch  50 training error:  tensor(0.9855, device='cuda:0', grad_fn=<DivBackward0>)
	 epoch  50 test error:  tensor(0.1950, device='cuda:0', grad_fn=<DivBackward0>)
Memory status after this epoch: 
Memory allocated:  260.43603515625
Memory cached:  516.0
	 epoch  60 training error:  tensor(0.9841, device='cuda:0', grad_fn=<DivBackward0>)
	 epoch  60 test error:  tensor(0.1956, device='cuda:0', grad_fn=<DivBackward0>)
Memory status after this epoch: 
Memory allocated:  260.90478515625
Memory cached:  518.0
	 epoch  70 training error:  tensor(0.9835, device='cuda:0', grad_fn=<DivBackward0>)
	 epoch  70 test error:  tensor(0.1961, device='cuda:0', grad_fn=<DivBackward0>)
Memory status after this epoch: 
Memory allocated:  260.43603515625
Memory cached:  518.0
	 epoch  80 training error:  tensor(0.9833, device='cuda:0', grad_fn=<DivBackward0>)
	 epoch  80 test error:  tensor(0.1964, device='cuda:0', grad_fn=<DivBackward0>)
Memory status after this epoch: 
Memory allocated:  260.90478515625
Memory cached:  516.0
	 epoch  90 training error:  tensor(0.9831, device='cuda:0', grad_fn=<DivBackward0>)
	 epoch  90 test error:  tensor(0.1963, device='cuda:0', grad_fn=<DivBackward0>)
Memory status after this epoch: 
Memory allocated:  260.43603515625
Memory cached:  516.0
[I 2023-11-17 10:35:51,972] Trial 1 finished with value: 0.19628816843032837 and parameters: {'W_layers': 3, 'W_layer_units_exponent_0': 8, 'W_layer_units_exponent_1': 5, 'W_layer_units_exponent_2': 7, 'D_layers': 6, 'D_layer_units_exponent_0': 10, 'D_layer_units_exponent_1': 5, 'D_layer_units_exponent_2': 6, 'D_layer_units_exponent_3': 9, 'D_layer_units_exponent_4': 7, 'D_layer_units_exponent_5': 5, 'log_learning_rate': -3.3891100948058064, 'log_learning_rate_D': -3.20367013757443, 'training_batch_size': 9, 'training_p': 8}. Best is trial 0 with value: 0.19070954620838165.
Time for this trial:  141.5062301158905
Memory status after this trial: 
Memory allocated:  514.2939453125
Memory cached:  516.0
--------------------  Trial  2   --------------------
Start timing: 
Parameters: 
{'W_layers': 3, 'W_layer_units_exponent_0': 5, 'W_layer_units_exponent_1': 4, 'W_layer_units_exponent_2': 5, 'D_layers': 4, 'D_layer_units_exponent_0': 9, 'D_layer_units_exponent_1': 7, 'D_layer_units_exponent_2': 5, 'D_layer_units_exponent_3': 7, 'log_learning_rate': -2.0411152308039795, 'log_learning_rate_D': -1.022916788774515, 'training_batch_size': 6, 'training_p': 4}
	 epoch  0 training error:  tensor(0.9902, device='cuda:0', grad_fn=<DivBackward0>)
	 epoch  0 test error:  tensor(0.1981, device='cuda:0', grad_fn=<DivBackward0>)
Memory status after this epoch: 
Memory allocated:  189.041015625
Memory cached:  300.0
	 epoch  10 training error:  tensor(0.9936, device='cuda:0', grad_fn=<DivBackward0>)
	 epoch  10 test error:  tensor(0.1915, device='cuda:0', grad_fn=<DivBackward0>)
Memory status after this epoch: 
Memory allocated:  189.509765625
Memory cached:  376.0
	 epoch  20 training error:  tensor(0.9922, device='cuda:0', grad_fn=<DivBackward0>)
	 epoch  20 test error:  tensor(0.1915, device='cuda:0', grad_fn=<DivBackward0>)
Memory status after this epoch: 
Memory allocated:  189.041015625
Memory cached:  376.0
	 epoch  30 training error:  tensor(0.9918, device='cuda:0', grad_fn=<DivBackward0>)
	 epoch  30 test error:  tensor(0.1915, device='cuda:0', grad_fn=<DivBackward0>)
Memory status after this epoch: 
Memory allocated:  189.509765625
Memory cached:  376.0
	 epoch  40 training error:  tensor(0.9918, device='cuda:0', grad_fn=<DivBackward0>)
	 epoch  40 test error:  tensor(0.1915, device='cuda:0', grad_fn=<DivBackward0>)
Memory status after this epoch: 
Memory allocated:  189.041015625
Memory cached:  376.0
	 epoch  50 training error:  tensor(0.9917, device='cuda:0', grad_fn=<DivBackward0>)
	 epoch  50 test error:  tensor(0.1915, device='cuda:0', grad_fn=<DivBackward0>)
Memory status after this epoch: 
Memory allocated:  189.509765625
Memory cached:  376.0
	 epoch  60 training error:  tensor(0.9918, device='cuda:0', grad_fn=<DivBackward0>)
	 epoch  60 test error:  tensor(0.1915, device='cuda:0', grad_fn=<DivBackward0>)
Memory status after this epoch: 
Memory allocated:  189.041015625
Memory cached:  376.0
	 epoch  70 training error:  tensor(0.9918, device='cuda:0', grad_fn=<DivBackward0>)
	 epoch  70 test error:  tensor(0.1915, device='cuda:0', grad_fn=<DivBackward0>)
Memory status after this epoch: 
Memory allocated:  189.509765625
Memory cached:  376.0
	 epoch  80 training error:  tensor(0.9917, device='cuda:0', grad_fn=<DivBackward0>)
	 epoch  80 test error:  tensor(0.1915, device='cuda:0', grad_fn=<DivBackward0>)
Memory status after this epoch: 
Memory allocated:  189.041015625
Memory cached:  376.0
	 epoch  90 training error:  tensor(0.9917, device='cuda:0', grad_fn=<DivBackward0>)
	 epoch  90 test error:  tensor(0.1915, device='cuda:0', grad_fn=<DivBackward0>)
Memory status after this epoch: 
Memory allocated:  189.509765625
Memory cached:  376.0
[I 2023-11-17 10:39:14,593] Trial 2 finished with value: 0.19149616360664368 and parameters: {'W_layers': 3, 'W_layer_units_exponent_0': 5, 'W_layer_units_exponent_1': 4, 'W_layer_units_exponent_2': 5, 'D_layers': 4, 'D_layer_units_exponent_0': 9, 'D_layer_units_exponent_1': 7, 'D_layer_units_exponent_2': 5, 'D_layer_units_exponent_3': 7, 'log_learning_rate': -2.0411152308039795, 'log_learning_rate_D': -1.022916788774515, 'training_batch_size': 6, 'training_p': 4}. Best is trial 0 with value: 0.19070954620838165.
Time for this trial:  202.47677636146545
Memory status after this trial: 
Memory allocated:  373.263671875
Memory cached:  376.0
--------------------  Trial  3   --------------------
Start timing: 
Parameters: 
{'W_layers': 6, 'W_layer_units_exponent_0': 5, 'W_layer_units_exponent_1': 5, 'W_layer_units_exponent_2': 5, 'W_layer_units_exponent_3': 4, 'W_layer_units_exponent_4': 5, 'W_layer_units_exponent_5': 8, 'D_layers': 4, 'D_layer_units_exponent_0': 10, 'D_layer_units_exponent_1': 8, 'D_layer_units_exponent_2': 10, 'D_layer_units_exponent_3': 8, 'log_learning_rate': -1.412404764978259, 'log_learning_rate_D': -1.477201985529451, 'training_batch_size': 6, 'training_p': 4}
	 epoch  0 training error:  tensor(1.5591, device='cuda:0', grad_fn=<DivBackward0>)
	 epoch  0 test error:  tensor(0.1943, device='cuda:0', grad_fn=<DivBackward0>)
Memory status after this epoch: 
Memory allocated:  310.72998046875
Memory cached:  422.0
	 epoch  10 training error:  tensor(1., device='cuda:0', grad_fn=<DivBackward0>)
	 epoch  10 test error:  tensor(0.1922, device='cuda:0', grad_fn=<DivBackward0>)
Memory status after this epoch: 
Memory allocated:  310.26123046875
Memory cached:  606.0
	 epoch  20 training error:  tensor(1., device='cuda:0', grad_fn=<DivBackward0>)
	 epoch  20 test error:  tensor(0.1922, device='cuda:0', grad_fn=<DivBackward0>)
Memory status after this epoch: 
Memory allocated:  310.72998046875
Memory cached:  606.0
	 epoch  30 training error:  tensor(1., device='cuda:0', grad_fn=<DivBackward0>)
	 epoch  30 test error:  tensor(0.1922, device='cuda:0', grad_fn=<DivBackward0>)
Memory status after this epoch: 
Memory allocated:  310.26123046875
Memory cached:  606.0
	 epoch  40 training error:  tensor(1., device='cuda:0', grad_fn=<DivBackward0>)
	 epoch  40 test error:  tensor(0.1922, device='cuda:0', grad_fn=<DivBackward0>)
Memory status after this epoch: 
Memory allocated:  310.72998046875
Memory cached:  606.0
	 epoch  50 training error:  tensor(1., device='cuda:0', grad_fn=<DivBackward0>)
	 epoch  50 test error:  tensor(0.1922, device='cuda:0', grad_fn=<DivBackward0>)
Memory status after this epoch: 
Memory allocated:  310.26123046875
Memory cached:  606.0
	 epoch  60 training error:  tensor(1., device='cuda:0', grad_fn=<DivBackward0>)
	 epoch  60 test error:  tensor(0.1922, device='cuda:0', grad_fn=<DivBackward0>)
Memory status after this epoch: 
Memory allocated:  310.72998046875
Memory cached:  606.0
	 epoch  70 training error:  tensor(1., device='cuda:0', grad_fn=<DivBackward0>)
	 epoch  70 test error:  tensor(0.1922, device='cuda:0', grad_fn=<DivBackward0>)
Memory status after this epoch: 
Memory allocated:  310.26123046875
Memory cached:  606.0
	 epoch  80 training error:  tensor(1., device='cuda:0', grad_fn=<DivBackward0>)
	 epoch  80 test error:  tensor(0.1922, device='cuda:0', grad_fn=<DivBackward0>)
Memory status after this epoch: 
Memory allocated:  310.72998046875
Memory cached:  606.0
	 epoch  90 training error:  tensor(1., device='cuda:0', grad_fn=<DivBackward0>)
	 epoch  90 test error:  tensor(0.1922, device='cuda:0', grad_fn=<DivBackward0>)
Memory status after this epoch: 
Memory allocated:  310.26123046875
Memory cached:  606.0
