[I 2023-11-10 12:26:13,606] Trial 16 finished with value: 0.038422778248786926 and parameters: {'W_layers': 6, 'W_layer_units_exponent_0': 4, 'W_layer_units_exponent_1': 6, 'W_layer_units_exponent_2': 7, 'W_layer_units_exponent_3': 8, 'W_layer_units_exponent_4': 8, 'W_layer_units_exponent_5': 9, 'D_layers': 4, 'D_layer_units_exponent_0': 8, 'D_layer_units_exponent_1': 8, 'D_layer_units_exponent_2': 8, 'D_layer_units_exponent_3': 6, 'log_learning_rate': -3.985356977869479, 'log_learning_rate_D': -3.109363224431502, 'training_batch_size': 7, 'training_p': 3}. Best is trial 8 with value: 0.03806528449058533.
Time for this trial:  154.29431080818176
Memory status after this trial: 
Memory allocated:  732.19580078125
Memory cached:  750.0
--------------------  Trial  17   --------------------
Start timing: 
Parameters: 
{'W_layers': 7, 'W_layer_units_exponent_0': 6, 'W_layer_units_exponent_1': 9, 'W_layer_units_exponent_2': 5, 'W_layer_units_exponent_3': 6, 'W_layer_units_exponent_4': 5, 'W_layer_units_exponent_5': 6, 'W_layer_units_exponent_6': 6, 'D_layers': 8, 'D_layer_units_exponent_0': 6, 'D_layer_units_exponent_1': 5, 'D_layer_units_exponent_2': 10, 'D_layer_units_exponent_3': 7, 'D_layer_units_exponent_4': 7, 'D_layer_units_exponent_5': 8, 'D_layer_units_exponent_6': 7, 'D_layer_units_exponent_7': 9, 'log_learning_rate': -2.466077436520091, 'log_learning_rate_D': -3.0279187505158345, 'training_batch_size': 7, 'training_p': 2}
	 epoch  0 training error:  tensor(0.9797, device='cuda:0', grad_fn=<DivBackward0>)
	 epoch  0 test error:  tensor(0.7314, device='cuda:0', grad_fn=<DivBackward0>)
Memory status after this epoch: 
Memory allocated:  431.50341796875
Memory cached:  684.0
	 epoch  10 training error:  tensor(0.8264, device='cuda:0', grad_fn=<DivBackward0>)
	 epoch  10 test error:  tensor(0.0544, device='cuda:0', grad_fn=<DivBackward0>)
Memory status after this epoch: 
Memory allocated:  431.17529296875
Memory cached:  860.0
	 epoch  20 training error:  tensor(0.5230, device='cuda:0', grad_fn=<DivBackward0>)
	 epoch  20 test error:  tensor(0.0458, device='cuda:0', grad_fn=<DivBackward0>)
Memory status after this epoch: 
Memory allocated:  431.50341796875
Memory cached:  860.0
	 epoch  30 training error:  tensor(0.5268, device='cuda:0', grad_fn=<DivBackward0>)
	 epoch  30 test error:  tensor(0.0377, device='cuda:0', grad_fn=<DivBackward0>)
Memory status after this epoch: 
Memory allocated:  431.64404296875
Memory cached:  860.0
	 epoch  40 training error:  tensor(0.4994, device='cuda:0', grad_fn=<DivBackward0>)
	 epoch  40 test error:  tensor(0.0378, device='cuda:0', grad_fn=<DivBackward0>)
Memory status after this epoch: 
Memory allocated:  431.50341796875
Memory cached:  860.0
	 epoch  50 training error:  tensor(0.5027, device='cuda:0', grad_fn=<DivBackward0>)
	 epoch  50 test error:  tensor(0.0383, device='cuda:0', grad_fn=<DivBackward0>)
Memory status after this epoch: 
Memory allocated:  431.17529296875
Memory cached:  860.0
	 epoch  60 training error:  tensor(0.4989, device='cuda:0', grad_fn=<DivBackward0>)
	 epoch  60 test error:  tensor(0.0380, device='cuda:0', grad_fn=<DivBackward0>)
Memory status after this epoch: 
Memory allocated:  431.50341796875
Memory cached:  862.0
	 epoch  70 training error:  tensor(0.4984, device='cuda:0', grad_fn=<DivBackward0>)
	 epoch  70 test error:  tensor(0.0381, device='cuda:0', grad_fn=<DivBackward0>)
Memory status after this epoch: 
Memory allocated:  431.64404296875
Memory cached:  860.0
	 epoch  80 training error:  tensor(0.4984, device='cuda:0', grad_fn=<DivBackward0>)
	 epoch  80 test error:  tensor(0.0379, device='cuda:0', grad_fn=<DivBackward0>)
Memory status after this epoch: 
Memory allocated:  431.50341796875
Memory cached:  862.0
	 epoch  90 training error:  tensor(0.4984, device='cuda:0', grad_fn=<DivBackward0>)
	 epoch  90 test error:  tensor(0.0379, device='cuda:0', grad_fn=<DivBackward0>)
Memory status after this epoch: 
Memory allocated:  431.17529296875
Memory cached:  862.0
[I 2023-11-10 12:29:33,619] Trial 17 finished with value: 0.03788105398416519 and parameters: {'W_layers': 7, 'W_layer_units_exponent_0': 6, 'W_layer_units_exponent_1': 9, 'W_layer_units_exponent_2': 5, 'W_layer_units_exponent_3': 6, 'W_layer_units_exponent_4': 5, 'W_layer_units_exponent_5': 6, 'W_layer_units_exponent_6': 6, 'D_layers': 8, 'D_layer_units_exponent_0': 6, 'D_layer_units_exponent_1': 5, 'D_layer_units_exponent_2': 10, 'D_layer_units_exponent_3': 7, 'D_layer_units_exponent_4': 7, 'D_layer_units_exponent_5': 8, 'D_layer_units_exponent_6': 7, 'D_layer_units_exponent_7': 9, 'log_learning_rate': -2.466077436520091, 'log_learning_rate_D': -3.0279187505158345, 'training_batch_size': 7, 'training_p': 2}. Best is trial 17 with value: 0.03788105398416519.
Time for this trial:  199.71738862991333
Memory status after this trial: 
Memory allocated:  840.83935546875
Memory cached:  862.0
--------------------  Trial  18   --------------------
Start timing: 
Parameters: 
{'W_layers': 8, 'W_layer_units_exponent_0': 6, 'W_layer_units_exponent_1': 9, 'W_layer_units_exponent_2': 8, 'W_layer_units_exponent_3': 5, 'W_layer_units_exponent_4': 4, 'W_layer_units_exponent_5': 6, 'W_layer_units_exponent_6': 10, 'W_layer_units_exponent_7': 5, 'D_layers': 8, 'D_layer_units_exponent_0': 9, 'D_layer_units_exponent_1': 5, 'D_layer_units_exponent_2': 10, 'D_layer_units_exponent_3': 9, 'D_layer_units_exponent_4': 7, 'D_layer_units_exponent_5': 8, 'D_layer_units_exponent_6': 7, 'D_layer_units_exponent_7': 10, 'log_learning_rate': -1.7371448813814112, 'log_learning_rate_D': -2.8662987677486083, 'training_batch_size': 9, 'training_p': 2}
	 epoch  0 training error:  tensor(1.1156, device='cuda:0', grad_fn=<DivBackward0>)
	 epoch  0 test error:  tensor(14.9576, device='cuda:0', grad_fn=<DivBackward0>)
Memory status after this epoch: 
Memory allocated:  576.32666015625
Memory cached:  822.0
	 epoch  10 training error:  tensor(1., device='cuda:0', grad_fn=<DivBackward0>)
	 epoch  10 test error:  tensor(0.0725, device='cuda:0', grad_fn=<DivBackward0>)
Memory status after this epoch: 
Memory allocated:  577.12353515625
Memory cached:  1130.0
	 epoch  20 training error:  tensor(1., device='cuda:0', grad_fn=<DivBackward0>)
	 epoch  20 test error:  tensor(0.0725, device='cuda:0', grad_fn=<DivBackward0>)
Memory status after this epoch: 
Memory allocated:  576.79541015625
Memory cached:  1130.0
	 epoch  30 training error:  tensor(1., device='cuda:0', grad_fn=<DivBackward0>)
	 epoch  30 test error:  tensor(0.0725, device='cuda:0', grad_fn=<DivBackward0>)
Memory status after this epoch: 
Memory allocated:  577.12353515625
Memory cached:  1130.0
	 epoch  40 training error:  tensor(1., device='cuda:0', grad_fn=<DivBackward0>)
	 epoch  40 test error:  tensor(0.0725, device='cuda:0', grad_fn=<DivBackward0>)
Memory status after this epoch: 
Memory allocated:  576.32666015625
Memory cached:  1130.0
	 epoch  50 training error:  tensor(1., device='cuda:0', grad_fn=<DivBackward0>)
	 epoch  50 test error:  tensor(0.0725, device='cuda:0', grad_fn=<DivBackward0>)
Memory status after this epoch: 
Memory allocated:  577.12353515625
Memory cached:  1130.0
	 epoch  60 training error:  tensor(1., device='cuda:0', grad_fn=<DivBackward0>)
	 epoch  60 test error:  tensor(0.0725, device='cuda:0', grad_fn=<DivBackward0>)
Memory status after this epoch: 
Memory allocated:  576.32666015625
Memory cached:  1130.0
	 epoch  70 training error:  tensor(1., device='cuda:0', grad_fn=<DivBackward0>)
	 epoch  70 test error:  tensor(0.0725, device='cuda:0', grad_fn=<DivBackward0>)
Memory status after this epoch: 
Memory allocated:  577.12353515625
Memory cached:  1130.0
	 epoch  80 training error:  tensor(1., device='cuda:0', grad_fn=<DivBackward0>)
	 epoch  80 test error:  tensor(0.0725, device='cuda:0', grad_fn=<DivBackward0>)
Memory status after this epoch: 
Memory allocated:  576.32666015625
Memory cached:  1130.0
	 epoch  90 training error:  tensor(1., device='cuda:0', grad_fn=<DivBackward0>)
	 epoch  90 test error:  tensor(0.0725, device='cuda:0', grad_fn=<DivBackward0>)
Memory status after this epoch: 
Memory allocated:  577.12353515625
Memory cached:  1130.0
[I 2023-11-10 12:33:19,044] Trial 18 finished with value: 0.07248195260763168 and parameters: {'W_layers': 8, 'W_layer_units_exponent_0': 6, 'W_layer_units_exponent_1': 9, 'W_layer_units_exponent_2': 8, 'W_layer_units_exponent_3': 5, 'W_layer_units_exponent_4': 4, 'W_layer_units_exponent_5': 6, 'W_layer_units_exponent_6': 10, 'W_layer_units_exponent_7': 5, 'D_layers': 8, 'D_layer_units_exponent_0': 9, 'D_layer_units_exponent_1': 5, 'D_layer_units_exponent_2': 10, 'D_layer_units_exponent_3': 9, 'D_layer_units_exponent_4': 7, 'D_layer_units_exponent_5': 8, 'D_layer_units_exponent_6': 7, 'D_layer_units_exponent_7': 10, 'log_learning_rate': -1.7371448813814112, 'log_learning_rate_D': -2.8662987677486083, 'training_batch_size': 9, 'training_p': 2}. Best is trial 17 with value: 0.03788105398416519.
Time for this trial:  225.08046317100525
Memory status after this trial: 
Memory allocated:  1112.79638671875
Memory cached:  1130.0
--------------------  Trial  19   --------------------
Start timing: 
Parameters: 
{'W_layers': 6, 'W_layer_units_exponent_0': 5, 'W_layer_units_exponent_1': 9, 'W_layer_units_exponent_2': 6, 'W_layer_units_exponent_3': 6, 'W_layer_units_exponent_4': 5, 'W_layer_units_exponent_5': 6, 'D_layers': 8, 'D_layer_units_exponent_0': 4, 'D_layer_units_exponent_1': 7, 'D_layer_units_exponent_2': 9, 'D_layer_units_exponent_3': 7, 'D_layer_units_exponent_4': 6, 'D_layer_units_exponent_5': 7, 'D_layer_units_exponent_6': 8, 'D_layer_units_exponent_7': 9, 'log_learning_rate': -2.3209199219569356, 'log_learning_rate_D': -3.9192743348131818, 'training_batch_size': 10, 'training_p': 2}
	 epoch  0 training error:  tensor(2.2610, device='cuda:0', grad_fn=<DivBackward0>)
	 epoch  0 test error:  tensor(1.2327, device='cuda:0', grad_fn=<DivBackward0>)
Memory status after this epoch: 
Memory allocated:  401.09423828125
Memory cached:  638.0
	 epoch  10 training error:  tensor(1.0627, device='cuda:0', grad_fn=<DivBackward0>)
	 epoch  10 test error:  tensor(0.0875, device='cuda:0', grad_fn=<DivBackward0>)
Memory status after this epoch: 
Memory allocated:  399.26611328125
Memory cached:  798.0
	 epoch  20 training error:  tensor(0.9673, device='cuda:0', grad_fn=<DivBackward0>)
	 epoch  20 test error:  tensor(0.0716, device='cuda:0', grad_fn=<DivBackward0>)
Memory status after this epoch: 
Memory allocated:  401.56298828125
Memory cached:  798.0
	 epoch  30 training error:  tensor(0.9048, device='cuda:0', grad_fn=<DivBackward0>)
	 epoch  30 test error:  tensor(0.0681, device='cuda:0', grad_fn=<DivBackward0>)
Memory status after this epoch: 
Memory allocated:  399.17236328125
Memory cached:  798.0
	 epoch  40 training error:  tensor(0.6374, device='cuda:0', grad_fn=<DivBackward0>)
	 epoch  40 test error:  tensor(0.0454, device='cuda:0', grad_fn=<DivBackward0>)
Memory status after this epoch: 
Memory allocated:  401.09423828125
Memory cached:  798.0
	 epoch  50 training error:  tensor(0.5473, device='cuda:0', grad_fn=<DivBackward0>)
	 epoch  50 test error:  tensor(0.0377, device='cuda:0', grad_fn=<DivBackward0>)
Memory status after this epoch: 
Memory allocated:  399.17236328125
Memory cached:  798.0
	 epoch  60 training error:  tensor(0.5230, device='cuda:0', grad_fn=<DivBackward0>)
	 epoch  60 test error:  tensor(0.0402, device='cuda:0', grad_fn=<DivBackward0>)
Memory status after this epoch: 
Memory allocated:  401.09423828125
Memory cached:  798.0
	 epoch  70 training error:  tensor(0.5087, device='cuda:0', grad_fn=<DivBackward0>)
	 epoch  70 test error:  tensor(0.0381, device='cuda:0', grad_fn=<DivBackward0>)
Memory status after this epoch: 
Memory allocated:  399.17236328125
Memory cached:  798.0
	 epoch  80 training error:  tensor(0.5047, device='cuda:0', grad_fn=<DivBackward0>)
	 epoch  80 test error:  tensor(0.0372, device='cuda:0', grad_fn=<DivBackward0>)
Memory status after this epoch: 
Memory allocated:  401.09423828125
Memory cached:  798.0
	 epoch  90 training error:  tensor(0.5021, device='cuda:0', grad_fn=<DivBackward0>)
	 epoch  90 test error:  tensor(0.0375, device='cuda:0', grad_fn=<DivBackward0>)
Memory status after this epoch: 
Memory allocated:  399.17236328125
Memory cached:  798.0
[I 2023-11-10 12:36:27,259] Trial 19 finished with value: 0.037996556609869 and parameters: {'W_layers': 6, 'W_layer_units_exponent_0': 5, 'W_layer_units_exponent_1': 9, 'W_layer_units_exponent_2': 6, 'W_layer_units_exponent_3': 6, 'W_layer_units_exponent_4': 5, 'W_layer_units_exponent_5': 6, 'D_layers': 8, 'D_layer_units_exponent_0': 4, 'D_layer_units_exponent_1': 7, 'D_layer_units_exponent_2': 9, 'D_layer_units_exponent_3': 7, 'D_layer_units_exponent_4': 6, 'D_layer_units_exponent_5': 7, 'D_layer_units_exponent_6': 8, 'D_layer_units_exponent_7': 9, 'log_learning_rate': -2.3209199219569356, 'log_learning_rate_D': -3.9192743348131818, 'training_batch_size': 10, 'training_p': 2}. Best is trial 17 with value: 0.03788105398416519.
Time for this trial:  187.86438655853271
Memory status after this trial: 
Memory allocated:  778.48876953125
Memory cached:  798.0
--------------------  Trial  20   --------------------
Start timing: 
Parameters: 
{'W_layers': 4, 'W_layer_units_exponent_0': 4, 'W_layer_units_exponent_1': 9, 'W_layer_units_exponent_2': 5, 'W_layer_units_exponent_3': 6, 'D_layers': 8, 'D_layer_units_exponent_0': 4, 'D_layer_units_exponent_1': 4, 'D_layer_units_exponent_2': 10, 'D_layer_units_exponent_3': 4, 'D_layer_units_exponent_4': 6, 'D_layer_units_exponent_5': 10, 'D_layer_units_exponent_6': 5, 'D_layer_units_exponent_7': 9, 'log_learning_rate': -2.3901873178761766, 'log_learning_rate_D': -3.982169547479344, 'training_batch_size': 10, 'training_p': 2}
	 epoch  0 training error:  tensor(3.1929, device='cuda:0', grad_fn=<DivBackward0>)
	 epoch  0 test error:  tensor(3.0123, device='cuda:0', grad_fn=<DivBackward0>)
Memory status after this epoch: 
Memory allocated:  439.783203125
Memory cached:  694.0
	 epoch  10 training error:  tensor(1.0349, device='cuda:0', grad_fn=<DivBackward0>)
	 epoch  10 test error:  tensor(0.0771, device='cuda:0', grad_fn=<DivBackward0>)
Memory status after this epoch: 
Memory allocated:  441.705078125
Memory cached:  882.0
	 epoch  20 training error:  tensor(1.1739, device='cuda:0', grad_fn=<DivBackward0>)
	 epoch  20 test error:  tensor(0.0875, device='cuda:0', grad_fn=<DivBackward0>)
Memory status after this epoch: 
Memory allocated:  439.783203125
Memory cached:  882.0
	 epoch  30 training error:  tensor(1.0086, device='cuda:0', grad_fn=<DivBackward0>)
	 epoch  30 test error:  tensor(0.0727, device='cuda:0', grad_fn=<DivBackward0>)
Memory status after this epoch: 
Memory allocated:  441.705078125
Memory cached:  882.0
	 epoch  40 training error:  tensor(0.9752, device='cuda:0', grad_fn=<DivBackward0>)
	 epoch  40 test error:  tensor(0.0732, device='cuda:0', grad_fn=<DivBackward0>)
Memory status after this epoch: 
Memory allocated:  439.783203125
Memory cached:  882.0
	 epoch  50 training error:  tensor(0.9732, device='cuda:0', grad_fn=<DivBackward0>)
	 epoch  50 test error:  tensor(0.0730, device='cuda:0', grad_fn=<DivBackward0>)
Memory status after this epoch: 
Memory allocated:  441.705078125
Memory cached:  884.0
	 epoch  60 training error:  tensor(0.9302, device='cuda:0', grad_fn=<DivBackward0>)
	 epoch  60 test error:  tensor(0.0694, device='cuda:0', grad_fn=<DivBackward0>)
Memory status after this epoch: 
Memory allocated:  439.783203125
Memory cached:  884.0
	 epoch  70 training error:  tensor(0.7836, device='cuda:0', grad_fn=<DivBackward0>)
	 epoch  70 test error:  tensor(0.0592, device='cuda:0', grad_fn=<DivBackward0>)
Memory status after this epoch: 
Memory allocated:  441.705078125
Memory cached:  884.0
	 epoch  80 training error:  tensor(0.6817, device='cuda:0', grad_fn=<DivBackward0>)
	 epoch  80 test error:  tensor(0.0476, device='cuda:0', grad_fn=<DivBackward0>)
Memory status after this epoch: 
Memory allocated:  439.783203125
Memory cached:  886.0
	 epoch  90 training error:  tensor(0.5709, device='cuda:0', grad_fn=<DivBackward0>)
	 epoch  90 test error:  tensor(0.0428, device='cuda:0', grad_fn=<DivBackward0>)
Memory status after this epoch: 
Memory allocated:  441.705078125
Memory cached:  886.0
[I 2023-11-10 12:39:24,155] Trial 20 finished with value: 0.03790731355547905 and parameters: {'W_layers': 4, 'W_layer_units_exponent_0': 4, 'W_layer_units_exponent_1': 9, 'W_layer_units_exponent_2': 5, 'W_layer_units_exponent_3': 6, 'D_layers': 8, 'D_layer_units_exponent_0': 4, 'D_layer_units_exponent_1': 4, 'D_layer_units_exponent_2': 10, 'D_layer_units_exponent_3': 4, 'D_layer_units_exponent_4': 6, 'D_layer_units_exponent_5': 10, 'D_layer_units_exponent_6': 5, 'D_layer_units_exponent_7': 9, 'log_learning_rate': -2.3901873178761766, 'log_learning_rate_D': -3.982169547479344, 'training_batch_size': 10, 'training_p': 2}. Best is trial 17 with value: 0.03788105398416519.
Time for this trial:  176.55235481262207
Memory status after this trial: 
Memory allocated:  864.15771484375
Memory cached:  884.0
--------------------  Trial  21   --------------------
Start timing: 
Parameters: 
{'W_layers': 4, 'W_layer_units_exponent_0': 4, 'W_layer_units_exponent_1': 9, 'W_layer_units_exponent_2': 5, 'W_layer_units_exponent_3': 6, 'D_layers': 8, 'D_layer_units_exponent_0': 4, 'D_layer_units_exponent_1': 4, 'D_layer_units_exponent_2': 10, 'D_layer_units_exponent_3': 4, 'D_layer_units_exponent_4': 6, 'D_layer_units_exponent_5': 10, 'D_layer_units_exponent_6': 5, 'D_layer_units_exponent_7': 9, 'log_learning_rate': -2.4114941071846685, 'log_learning_rate_D': -4.068417408114747, 'training_batch_size': 10, 'training_p': 2}
	 epoch  0 training error:  tensor(3.2713, device='cuda:0', grad_fn=<DivBackward0>)
	 epoch  0 test error:  tensor(3.2692, device='cuda:0', grad_fn=<DivBackward0>)
Memory status after this epoch: 
Memory allocated:  441.705078125
Memory cached:  678.0
	 epoch  10 training error:  tensor(2.2713, device='cuda:0', grad_fn=<DivBackward0>)
	 epoch  10 test error:  tensor(0.1263, device='cuda:0', grad_fn=<DivBackward0>)
Memory status after this epoch: 
Memory allocated:  439.783203125
Memory cached:  882.0
	 epoch  20 training error:  tensor(1.3175, device='cuda:0', grad_fn=<DivBackward0>)
	 epoch  20 test error:  tensor(0.1071, device='cuda:0', grad_fn=<DivBackward0>)
Memory status after this epoch: 
Memory allocated:  441.705078125
Memory cached:  882.0
	 epoch  30 training error:  tensor(1.1099, device='cuda:0', grad_fn=<DivBackward0>)
	 epoch  30 test error:  tensor(0.0763, device='cuda:0', grad_fn=<DivBackward0>)
Memory status after this epoch: 
Memory allocated:  439.783203125
Memory cached:  882.0
	 epoch  40 training error:  tensor(0.9876, device='cuda:0', grad_fn=<DivBackward0>)
	 epoch  40 test error:  tensor(0.0748, device='cuda:0', grad_fn=<DivBackward0>)
Memory status after this epoch: 
Memory allocated:  441.705078125
Memory cached:  882.0
	 epoch  50 training error:  tensor(0.9320, device='cuda:0', grad_fn=<DivBackward0>)
	 epoch  50 test error:  tensor(0.0687, device='cuda:0', grad_fn=<DivBackward0>)
Memory status after this epoch: 
Memory allocated:  439.783203125
Memory cached:  882.0
	 epoch  60 training error:  tensor(0.8327, device='cuda:0', grad_fn=<DivBackward0>)
	 epoch  60 test error:  tensor(0.0618, device='cuda:0', grad_fn=<DivBackward0>)
Memory status after this epoch: 
Memory allocated:  441.705078125
Memory cached:  882.0
	 epoch  70 training error:  tensor(0.6288, device='cuda:0', grad_fn=<DivBackward0>)
	 epoch  70 test error:  tensor(0.0486, device='cuda:0', grad_fn=<DivBackward0>)
Memory status after this epoch: 
Memory allocated:  439.783203125
Memory cached:  882.0
	 epoch  80 training error:  tensor(0.5259, device='cuda:0', grad_fn=<DivBackward0>)
	 epoch  80 test error:  tensor(0.0364, device='cuda:0', grad_fn=<DivBackward0>)
Memory status after this epoch: 
Memory allocated:  441.705078125
Memory cached:  884.0
	 epoch  90 training error:  tensor(0.5121, device='cuda:0', grad_fn=<DivBackward0>)
	 epoch  90 test error:  tensor(0.0379, device='cuda:0', grad_fn=<DivBackward0>)
Memory status after this epoch: 
Memory allocated:  439.783203125
Memory cached:  884.0
