[I 2023-11-10 13:26:37,538] Trial 36 finished with value: 0.03801366314291954 and parameters: {'W_layers': 7, 'W_layer_units_exponent_0': 7, 'W_layer_units_exponent_1': 7, 'W_layer_units_exponent_2': 5, 'W_layer_units_exponent_3': 9, 'W_layer_units_exponent_4': 9, 'W_layer_units_exponent_5': 7, 'W_layer_units_exponent_6': 5, 'D_layers': 7, 'D_layer_units_exponent_0': 7, 'D_layer_units_exponent_1': 6, 'D_layer_units_exponent_2': 7, 'D_layer_units_exponent_3': 10, 'D_layer_units_exponent_4': 9, 'D_layer_units_exponent_5': 8, 'D_layer_units_exponent_6': 5, 'log_learning_rate': -3.064408782163945, 'log_learning_rate_D': -3.100490541450828, 'training_batch_size': 9, 'training_p': 2}. Best is trial 29 with value: 0.03778737410902977.
Time for this trial:  199.96554803848267
Memory status after this trial: 
Memory allocated:  901.30419921875
Memory cached:  914.0
--------------------  Trial  37   --------------------
Start timing: 
Parameters: 
{'W_layers': 8, 'W_layer_units_exponent_0': 4, 'W_layer_units_exponent_1': 8, 'W_layer_units_exponent_2': 4, 'W_layer_units_exponent_3': 4, 'W_layer_units_exponent_4': 7, 'W_layer_units_exponent_5': 5, 'W_layer_units_exponent_6': 7, 'W_layer_units_exponent_7': 4, 'D_layers': 5, 'D_layer_units_exponent_0': 4, 'D_layer_units_exponent_1': 4, 'D_layer_units_exponent_2': 6, 'D_layer_units_exponent_3': 8, 'D_layer_units_exponent_4': 4, 'log_learning_rate': -2.708204720263729, 'log_learning_rate_D': -2.7466239453923533, 'training_batch_size': 8, 'training_p': 4}
	 epoch  0 training error:  tensor(1.0080, device='cuda:0', grad_fn=<DivBackward0>)
	 epoch  0 test error:  tensor(0.1038, device='cuda:0', grad_fn=<DivBackward0>)
Memory status after this epoch: 
Memory allocated:  316.16357421875
Memory cached:  568.0
	 epoch  10 training error:  tensor(0.9820, device='cuda:0', grad_fn=<DivBackward0>)
	 epoch  10 test error:  tensor(0.0704, device='cuda:0', grad_fn=<DivBackward0>)
Memory status after this epoch: 
Memory allocated:  313.81982421875
Memory cached:  628.0
	 epoch  20 training error:  tensor(0.5439, device='cuda:0', grad_fn=<DivBackward0>)
	 epoch  20 test error:  tensor(0.0454, device='cuda:0', grad_fn=<DivBackward0>)
Memory status after this epoch: 
Memory allocated:  315.83544921875
Memory cached:  630.0
	 epoch  30 training error:  tensor(0.5374, device='cuda:0', grad_fn=<DivBackward0>)
	 epoch  30 test error:  tensor(0.0402, device='cuda:0', grad_fn=<DivBackward0>)
Memory status after this epoch: 
Memory allocated:  314.28857421875
Memory cached:  628.0
	 epoch  40 training error:  tensor(0.5053, device='cuda:0', grad_fn=<DivBackward0>)
	 epoch  40 test error:  tensor(0.0366, device='cuda:0', grad_fn=<DivBackward0>)
Memory status after this epoch: 
Memory allocated:  315.83544921875
Memory cached:  628.0
	 epoch  50 training error:  tensor(0.4910, device='cuda:0', grad_fn=<DivBackward0>)
	 epoch  50 test error:  tensor(0.0381, device='cuda:0', grad_fn=<DivBackward0>)
Memory status after this epoch: 
Memory allocated:  314.28857421875
Memory cached:  628.0
	 epoch  60 training error:  tensor(0.4889, device='cuda:0', grad_fn=<DivBackward0>)
	 epoch  60 test error:  tensor(0.0380, device='cuda:0', grad_fn=<DivBackward0>)
Memory status after this epoch: 
Memory allocated:  315.83544921875
Memory cached:  628.0
	 epoch  70 training error:  tensor(0.4875, device='cuda:0', grad_fn=<DivBackward0>)
	 epoch  70 test error:  tensor(0.0381, device='cuda:0', grad_fn=<DivBackward0>)
Memory status after this epoch: 
Memory allocated:  314.28857421875
Memory cached:  628.0
	 epoch  80 training error:  tensor(0.4866, device='cuda:0', grad_fn=<DivBackward0>)
	 epoch  80 test error:  tensor(0.0383, device='cuda:0', grad_fn=<DivBackward0>)
Memory status after this epoch: 
Memory allocated:  315.83544921875
Memory cached:  628.0
	 epoch  90 training error:  tensor(0.4860, device='cuda:0', grad_fn=<DivBackward0>)
	 epoch  90 test error:  tensor(0.0382, device='cuda:0', grad_fn=<DivBackward0>)
Memory status after this epoch: 
Memory allocated:  314.28857421875
Memory cached:  628.0
[I 2023-11-10 13:29:32,230] Trial 37 finished with value: 0.03832647576928139 and parameters: {'W_layers': 8, 'W_layer_units_exponent_0': 4, 'W_layer_units_exponent_1': 8, 'W_layer_units_exponent_2': 4, 'W_layer_units_exponent_3': 4, 'W_layer_units_exponent_4': 7, 'W_layer_units_exponent_5': 5, 'W_layer_units_exponent_6': 7, 'W_layer_units_exponent_7': 4, 'D_layers': 5, 'D_layer_units_exponent_0': 4, 'D_layer_units_exponent_1': 4, 'D_layer_units_exponent_2': 6, 'D_layer_units_exponent_3': 8, 'D_layer_units_exponent_4': 4, 'log_learning_rate': -2.708204720263729, 'log_learning_rate_D': -2.7466239453923533, 'training_batch_size': 8, 'training_p': 4}. Best is trial 29 with value: 0.03778737410902977.
Time for this trial:  174.40283846855164
Memory status after this trial: 
Memory allocated:  615.42431640625
Memory cached:  628.0
--------------------  Trial  38   --------------------
Start timing: 
Parameters: 
{'W_layers': 7, 'W_layer_units_exponent_0': 7, 'W_layer_units_exponent_1': 5, 'W_layer_units_exponent_2': 6, 'W_layer_units_exponent_3': 7, 'W_layer_units_exponent_4': 5, 'W_layer_units_exponent_5': 7, 'W_layer_units_exponent_6': 5, 'D_layers': 6, 'D_layer_units_exponent_0': 6, 'D_layer_units_exponent_1': 5, 'D_layer_units_exponent_2': 7, 'D_layer_units_exponent_3': 9, 'D_layer_units_exponent_4': 5, 'D_layer_units_exponent_5': 9, 'log_learning_rate': -3.10040305177324, 'log_learning_rate_D': -2.3633771165479174, 'training_batch_size': 12, 'training_p': 5}
	 epoch  0 training error:  tensor(1.1219, device='cuda:0', grad_fn=<DivBackward0>)
	 epoch  0 test error:  tensor(0.0850, device='cuda:0', grad_fn=<DivBackward0>)
Memory status after this epoch: 
Memory allocated:  359.265625
Memory cached:  594.0
	 epoch  10 training error:  tensor(0.7163, device='cuda:0', grad_fn=<DivBackward0>)
	 epoch  10 test error:  tensor(0.0459, device='cuda:0', grad_fn=<DivBackward0>)
Memory status after this epoch: 
Memory allocated:  360.8125
Memory cached:  716.0
	 epoch  20 training error:  tensor(0.5444, device='cuda:0', grad_fn=<DivBackward0>)
	 epoch  20 test error:  tensor(0.0459, device='cuda:0', grad_fn=<DivBackward0>)
Memory status after this epoch: 
Memory allocated:  359.265625
Memory cached:  716.0
	 epoch  30 training error:  tensor(0.4955, device='cuda:0', grad_fn=<DivBackward0>)
	 epoch  30 test error:  tensor(0.0410, device='cuda:0', grad_fn=<DivBackward0>)
Memory status after this epoch: 
Memory allocated:  360.4375
Memory cached:  716.0
	 epoch  40 training error:  tensor(0.4820, device='cuda:0', grad_fn=<DivBackward0>)
	 epoch  40 test error:  tensor(0.0388, device='cuda:0', grad_fn=<DivBackward0>)
Memory status after this epoch: 
Memory allocated:  359.171875
Memory cached:  718.0
	 epoch  50 training error:  tensor(0.4796, device='cuda:0', grad_fn=<DivBackward0>)
	 epoch  50 test error:  tensor(0.0389, device='cuda:0', grad_fn=<DivBackward0>)
Memory status after this epoch: 
Memory allocated:  360.53125
Memory cached:  718.0
	 epoch  60 training error:  tensor(0.4759, device='cuda:0', grad_fn=<DivBackward0>)
	 epoch  60 test error:  tensor(0.0383, device='cuda:0', grad_fn=<DivBackward0>)
Memory status after this epoch: 
Memory allocated:  359.078125
Memory cached:  716.0
	 epoch  70 training error:  tensor(0.4759, device='cuda:0', grad_fn=<DivBackward0>)
	 epoch  70 test error:  tensor(0.0383, device='cuda:0', grad_fn=<DivBackward0>)
Memory status after this epoch: 
Memory allocated:  360.53125
Memory cached:  716.0
	 epoch  80 training error:  tensor(0.4755, device='cuda:0', grad_fn=<DivBackward0>)
	 epoch  80 test error:  tensor(0.0384, device='cuda:0', grad_fn=<DivBackward0>)
Memory status after this epoch: 
Memory allocated:  359.078125
Memory cached:  716.0
	 epoch  90 training error:  tensor(0.4753, device='cuda:0', grad_fn=<DivBackward0>)
	 epoch  90 test error:  tensor(0.0384, device='cuda:0', grad_fn=<DivBackward0>)
Memory status after this epoch: 
Memory allocated:  360.53125
Memory cached:  718.0
[I 2023-11-10 13:32:31,805] Trial 38 finished with value: 0.03850869461894035 and parameters: {'W_layers': 7, 'W_layer_units_exponent_0': 7, 'W_layer_units_exponent_1': 5, 'W_layer_units_exponent_2': 6, 'W_layer_units_exponent_3': 7, 'W_layer_units_exponent_4': 5, 'W_layer_units_exponent_5': 7, 'W_layer_units_exponent_6': 5, 'D_layers': 6, 'D_layer_units_exponent_0': 6, 'D_layer_units_exponent_1': 5, 'D_layer_units_exponent_2': 7, 'D_layer_units_exponent_3': 9, 'D_layer_units_exponent_4': 5, 'D_layer_units_exponent_5': 9, 'log_learning_rate': -3.10040305177324, 'log_learning_rate_D': -2.3633771165479174, 'training_batch_size': 12, 'training_p': 5}. Best is trial 29 with value: 0.03778737410902977.
Time for this trial:  179.28488159179688
Memory status after this trial: 
Memory allocated:  703.32763671875
Memory cached:  718.0
--------------------  Trial  39   --------------------
Start timing: 
Parameters: 
{'W_layers': 7, 'W_layer_units_exponent_0': 6, 'W_layer_units_exponent_1': 7, 'W_layer_units_exponent_2': 7, 'W_layer_units_exponent_3': 6, 'W_layer_units_exponent_4': 8, 'W_layer_units_exponent_5': 6, 'W_layer_units_exponent_6': 5, 'D_layers': 7, 'D_layer_units_exponent_0': 5, 'D_layer_units_exponent_1': 4, 'D_layer_units_exponent_2': 6, 'D_layer_units_exponent_3': 8, 'D_layer_units_exponent_4': 8, 'D_layer_units_exponent_5': 5, 'D_layer_units_exponent_6': 4, 'log_learning_rate': -3.509960845901852, 'log_learning_rate_D': -2.8723346551153632, 'training_batch_size': 6, 'training_p': 3}
	 epoch  0 training error:  tensor(1.2369, device='cuda:0', grad_fn=<DivBackward0>)
	 epoch  0 test error:  tensor(0.0850, device='cuda:0', grad_fn=<DivBackward0>)
Memory status after this epoch: 
Memory allocated:  339.404296875
Memory cached:  572.0
	 epoch  10 training error:  tensor(0.7307, device='cuda:0', grad_fn=<DivBackward0>)
	 epoch  10 test error:  tensor(0.0502, device='cuda:0', grad_fn=<DivBackward0>)
Memory status after this epoch: 
Memory allocated:  337.951171875
Memory cached:  674.0
	 epoch  20 training error:  tensor(0.5187, device='cuda:0', grad_fn=<DivBackward0>)
	 epoch  20 test error:  tensor(0.0426, device='cuda:0', grad_fn=<DivBackward0>)
Memory status after this epoch: 
Memory allocated:  339.404296875
Memory cached:  674.0
	 epoch  30 training error:  tensor(0.5041, device='cuda:0', grad_fn=<DivBackward0>)
	 epoch  30 test error:  tensor(0.0384, device='cuda:0', grad_fn=<DivBackward0>)
Memory status after this epoch: 
Memory allocated:  337.951171875
Memory cached:  674.0
	 epoch  40 training error:  tensor(0.5030, device='cuda:0', grad_fn=<DivBackward0>)
	 epoch  40 test error:  tensor(0.0390, device='cuda:0', grad_fn=<DivBackward0>)
Memory status after this epoch: 
Memory allocated:  339.404296875
Memory cached:  674.0
	 epoch  50 training error:  tensor(0.4967, device='cuda:0', grad_fn=<DivBackward0>)
	 epoch  50 test error:  tensor(0.0389, device='cuda:0', grad_fn=<DivBackward0>)
Memory status after this epoch: 
Memory allocated:  337.951171875
Memory cached:  674.0
	 epoch  60 training error:  tensor(0.4966, device='cuda:0', grad_fn=<DivBackward0>)
	 epoch  60 test error:  tensor(0.0383, device='cuda:0', grad_fn=<DivBackward0>)
Memory status after this epoch: 
Memory allocated:  339.404296875
Memory cached:  674.0
	 epoch  70 training error:  tensor(0.5038, device='cuda:0', grad_fn=<DivBackward0>)
	 epoch  70 test error:  tensor(0.0376, device='cuda:0', grad_fn=<DivBackward0>)
Memory status after this epoch: 
Memory allocated:  337.951171875
Memory cached:  674.0
	 epoch  80 training error:  tensor(0.4973, device='cuda:0', grad_fn=<DivBackward0>)
	 epoch  80 test error:  tensor(0.0379, device='cuda:0', grad_fn=<DivBackward0>)
Memory status after this epoch: 
Memory allocated:  339.404296875
Memory cached:  674.0
	 epoch  90 training error:  tensor(0.4959, device='cuda:0', grad_fn=<DivBackward0>)
	 epoch  90 test error:  tensor(0.0383, device='cuda:0', grad_fn=<DivBackward0>)
Memory status after this epoch: 
Memory allocated:  337.951171875
Memory cached:  674.0
[I 2023-11-10 13:37:58,142] Trial 39 finished with value: 0.037818796932697296 and parameters: {'W_layers': 7, 'W_layer_units_exponent_0': 6, 'W_layer_units_exponent_1': 7, 'W_layer_units_exponent_2': 7, 'W_layer_units_exponent_3': 6, 'W_layer_units_exponent_4': 8, 'W_layer_units_exponent_5': 6, 'W_layer_units_exponent_6': 5, 'D_layers': 7, 'D_layer_units_exponent_0': 5, 'D_layer_units_exponent_1': 4, 'D_layer_units_exponent_2': 6, 'D_layer_units_exponent_3': 8, 'D_layer_units_exponent_4': 8, 'D_layer_units_exponent_5': 5, 'D_layer_units_exponent_6': 4, 'log_learning_rate': -3.509960845901852, 'log_learning_rate_D': -2.8723346551153632, 'training_batch_size': 6, 'training_p': 3}. Best is trial 29 with value: 0.03778737410902977.
Time for this trial:  326.0402843952179
Memory status after this trial: 
Memory allocated:  660.43408203125
Memory cached:  674.0
--------------------  Trial  40   --------------------
Start timing: 
Parameters: 
{'W_layers': 2, 'W_layer_units_exponent_0': 6, 'W_layer_units_exponent_1': 6, 'D_layers': 7, 'D_layer_units_exponent_0': 7, 'D_layer_units_exponent_1': 4, 'D_layer_units_exponent_2': 6, 'D_layer_units_exponent_3': 8, 'D_layer_units_exponent_4': 8, 'D_layer_units_exponent_5': 5, 'D_layer_units_exponent_6': 5, 'log_learning_rate': -4.187567835652022, 'log_learning_rate_D': -2.8778597595953457, 'training_batch_size': 6, 'training_p': 3}
	 epoch  0 training error:  tensor(7.5127, device='cuda:0', grad_fn=<DivBackward0>)
	 epoch  0 test error:  tensor(0.4049, device='cuda:0', grad_fn=<DivBackward0>)
Memory status after this epoch: 
Memory allocated:  310.28369140625
Memory cached:  544.0
	 epoch  10 training error:  tensor(1.1834, device='cuda:0', grad_fn=<DivBackward0>)
	 epoch  10 test error:  tensor(0.0666, device='cuda:0', grad_fn=<DivBackward0>)
Memory status after this epoch: 
Memory allocated:  311.73681640625
Memory cached:  620.0
	 epoch  20 training error:  tensor(0.6532, device='cuda:0', grad_fn=<DivBackward0>)
	 epoch  20 test error:  tensor(0.0492, device='cuda:0', grad_fn=<DivBackward0>)
Memory status after this epoch: 
Memory allocated:  310.28369140625
Memory cached:  620.0
	 epoch  30 training error:  tensor(0.6126, device='cuda:0', grad_fn=<DivBackward0>)
	 epoch  30 test error:  tensor(0.0415, device='cuda:0', grad_fn=<DivBackward0>)
Memory status after this epoch: 
Memory allocated:  311.73681640625
Memory cached:  620.0
	 epoch  40 training error:  tensor(0.6100, device='cuda:0', grad_fn=<DivBackward0>)
	 epoch  40 test error:  tensor(0.0426, device='cuda:0', grad_fn=<DivBackward0>)
Memory status after this epoch: 
Memory allocated:  310.28369140625
Memory cached:  620.0
	 epoch  50 training error:  tensor(0.6060, device='cuda:0', grad_fn=<DivBackward0>)
	 epoch  50 test error:  tensor(0.0416, device='cuda:0', grad_fn=<DivBackward0>)
Memory status after this epoch: 
Memory allocated:  311.73681640625
Memory cached:  620.0
	 epoch  60 training error:  tensor(0.6012, device='cuda:0', grad_fn=<DivBackward0>)
	 epoch  60 test error:  tensor(0.0415, device='cuda:0', grad_fn=<DivBackward0>)
Memory status after this epoch: 
Memory allocated:  310.28369140625
Memory cached:  620.0
	 epoch  70 training error:  tensor(0.5975, device='cuda:0', grad_fn=<DivBackward0>)
	 epoch  70 test error:  tensor(0.0412, device='cuda:0', grad_fn=<DivBackward0>)
Memory status after this epoch: 
Memory allocated:  311.73681640625
Memory cached:  620.0
	 epoch  80 training error:  tensor(0.5951, device='cuda:0', grad_fn=<DivBackward0>)
	 epoch  80 test error:  tensor(0.0412, device='cuda:0', grad_fn=<DivBackward0>)
Memory status after this epoch: 
Memory allocated:  310.28369140625
Memory cached:  620.0
	 epoch  90 training error:  tensor(0.5932, device='cuda:0', grad_fn=<DivBackward0>)
	 epoch  90 test error:  tensor(0.0411, device='cuda:0', grad_fn=<DivBackward0>)
Memory status after this epoch: 
Memory allocated:  311.73681640625
Memory cached:  620.0
[I 2023-11-10 13:42:05,497] Trial 40 finished with value: 0.041015733033418655 and parameters: {'W_layers': 2, 'W_layer_units_exponent_0': 6, 'W_layer_units_exponent_1': 6, 'D_layers': 7, 'D_layer_units_exponent_0': 7, 'D_layer_units_exponent_1': 4, 'D_layer_units_exponent_2': 6, 'D_layer_units_exponent_3': 8, 'D_layer_units_exponent_4': 8, 'D_layer_units_exponent_5': 5, 'D_layer_units_exponent_6': 5, 'log_learning_rate': -4.187567835652022, 'log_learning_rate_D': -2.8778597595953457, 'training_batch_size': 6, 'training_p': 3}. Best is trial 29 with value: 0.03778737410902977.
Time for this trial:  247.06566715240479
Memory status after this trial: 
Memory allocated:  606.52294921875
Memory cached:  620.0
--------------------  Trial  41   --------------------
Start timing: 
Parameters: 
{'W_layers': 7, 'W_layer_units_exponent_0': 6, 'W_layer_units_exponent_1': 7, 'W_layer_units_exponent_2': 7, 'W_layer_units_exponent_3': 6, 'W_layer_units_exponent_4': 8, 'W_layer_units_exponent_5': 6, 'W_layer_units_exponent_6': 5, 'D_layers': 7, 'D_layer_units_exponent_0': 5, 'D_layer_units_exponent_1': 4, 'D_layer_units_exponent_2': 5, 'D_layer_units_exponent_3': 8, 'D_layer_units_exponent_4': 7, 'D_layer_units_exponent_5': 5, 'D_layer_units_exponent_6': 4, 'log_learning_rate': -3.380497045947859, 'log_learning_rate_D': -3.170357531736345, 'training_batch_size': 6, 'training_p': 2}
	 epoch  0 training error:  tensor(1.2733, device='cuda:0', grad_fn=<DivBackward0>)
	 epoch  0 test error:  tensor(0.1500, device='cuda:0', grad_fn=<DivBackward0>)
Memory status after this epoch: 
Memory allocated:  330.24755859375
Memory cached:  562.0
	 epoch  10 training error:  tensor(0.9696, device='cuda:0', grad_fn=<DivBackward0>)
	 epoch  10 test error:  tensor(0.0717, device='cuda:0', grad_fn=<DivBackward0>)
Memory status after this epoch: 
Memory allocated:  328.79443359375
Memory cached:  656.0
	 epoch  20 training error:  tensor(0.5388, device='cuda:0', grad_fn=<DivBackward0>)
	 epoch  20 test error:  tensor(0.0372, device='cuda:0', grad_fn=<DivBackward0>)
Memory status after this epoch: 
Memory allocated:  330.24755859375
Memory cached:  656.0
	 epoch  30 training error:  tensor(0.5189, device='cuda:0', grad_fn=<DivBackward0>)
	 epoch  30 test error:  tensor(0.0370, device='cuda:0', grad_fn=<DivBackward0>)
Memory status after this epoch: 
Memory allocated:  328.79443359375
Memory cached:  656.0
	 epoch  40 training error:  tensor(0.5083, device='cuda:0', grad_fn=<DivBackward0>)
	 epoch  40 test error:  tensor(0.0374, device='cuda:0', grad_fn=<DivBackward0>)
Memory status after this epoch: 
Memory allocated:  330.24755859375
Memory cached:  656.0
	 epoch  50 training error:  tensor(0.5040, device='cuda:0', grad_fn=<DivBackward0>)
	 epoch  50 test error:  tensor(0.0385, device='cuda:0', grad_fn=<DivBackward0>)
Memory status after this epoch: 
Memory allocated:  328.79443359375
Memory cached:  656.0
	 epoch  60 training error:  tensor(0.5007, device='cuda:0', grad_fn=<DivBackward0>)
	 epoch  60 test error:  tensor(0.0378, device='cuda:0', grad_fn=<DivBackward0>)
Memory status after this epoch: 
Memory allocated:  330.24755859375
Memory cached:  656.0
	 epoch  70 training error:  tensor(0.5018, device='cuda:0', grad_fn=<DivBackward0>)
	 epoch  70 test error:  tensor(0.0382, device='cuda:0', grad_fn=<DivBackward0>)
Memory status after this epoch: 
Memory allocated:  328.79443359375
Memory cached:  656.0
	 epoch  80 training error:  tensor(0.5006, device='cuda:0', grad_fn=<DivBackward0>)
	 epoch  80 test error:  tensor(0.0373, device='cuda:0', grad_fn=<DivBackward0>)
Memory status after this epoch: 
Memory allocated:  330.24755859375
Memory cached:  656.0
	 epoch  90 training error:  tensor(0.5050, device='cuda:0', grad_fn=<DivBackward0>)
	 epoch  90 test error:  tensor(0.0374, device='cuda:0', grad_fn=<DivBackward0>)
Memory status after this epoch: 
Memory allocated:  328.79443359375
Memory cached:  656.0
