[I 2023-11-16 16:53:24,726] Trial 46 finished with value: 0.007621796336025 and parameters: {'W_layers': 6, 'W_layer_units_exponent_0': 4, 'W_layer_units_exponent_1': 6, 'W_layer_units_exponent_2': 8, 'W_layer_units_exponent_3': 5, 'W_layer_units_exponent_4': 5, 'W_layer_units_exponent_5': 5, 'D_layers': 8, 'D_layer_units_exponent_0': 4, 'D_layer_units_exponent_1': 8, 'D_layer_units_exponent_2': 6, 'D_layer_units_exponent_3': 7, 'D_layer_units_exponent_4': 5, 'D_layer_units_exponent_5': 5, 'D_layer_units_exponent_6': 5, 'D_layer_units_exponent_7': 5, 'log_learning_rate': -3.6656721886155434, 'log_learning_rate_D': -1.2090048928298986, 'training_batch_size': 11, 'training_p': 3}. Best is trial 43 with value: 0.007383355405181646.
Time for this trial:  168.73479866981506
Memory status after this trial: 
Memory allocated:  239.28173828125
Memory cached:  260.0
--------------------  Trial  47   --------------------
Start timing: 
Parameters: 
{'W_layers': 7, 'W_layer_units_exponent_0': 6, 'W_layer_units_exponent_1': 7, 'W_layer_units_exponent_2': 7, 'W_layer_units_exponent_3': 5, 'W_layer_units_exponent_4': 6, 'W_layer_units_exponent_5': 6, 'W_layer_units_exponent_6': 4, 'D_layers': 8, 'D_layer_units_exponent_0': 4, 'D_layer_units_exponent_1': 7, 'D_layer_units_exponent_2': 7, 'D_layer_units_exponent_3': 8, 'D_layer_units_exponent_4': 6, 'D_layer_units_exponent_5': 4, 'D_layer_units_exponent_6': 5, 'D_layer_units_exponent_7': 4, 'log_learning_rate': -3.4871646397902034, 'log_learning_rate_D': -1.5155770058287188, 'training_batch_size': 12, 'training_p': 2}
	 epoch  0 training error:  tensor(1.2185, device='cuda:0', grad_fn=<DivBackward0>)
	 epoch  0 test error:  tensor(0.0338, device='cuda:0', grad_fn=<DivBackward0>)
Memory status after this epoch: 
Memory allocated:  129.2373046875
Memory cached:  168.0
	 epoch  10 training error:  tensor(0.3002, device='cuda:0', grad_fn=<DivBackward0>)
	 epoch  10 test error:  tensor(0.0139, device='cuda:0', grad_fn=<DivBackward0>)
Memory status after this epoch: 
Memory allocated:  128.3935546875
Memory cached:  272.0
	 epoch  20 training error:  tensor(0.2432, device='cuda:0', grad_fn=<DivBackward0>)
	 epoch  20 test error:  tensor(0.0071, device='cuda:0', grad_fn=<DivBackward0>)
Memory status after this epoch: 
Memory allocated:  129.2373046875
Memory cached:  272.0
	 epoch  30 training error:  tensor(0.2183, device='cuda:0', grad_fn=<DivBackward0>)
	 epoch  30 test error:  tensor(0.0072, device='cuda:0', grad_fn=<DivBackward0>)
Memory status after this epoch: 
Memory allocated:  128.3935546875
Memory cached:  272.0
	 epoch  40 training error:  tensor(0.2190, device='cuda:0', grad_fn=<DivBackward0>)
	 epoch  40 test error:  tensor(0.0076, device='cuda:0', grad_fn=<DivBackward0>)
Memory status after this epoch: 
Memory allocated:  129.2373046875
Memory cached:  274.0
	 epoch  50 training error:  tensor(0.2178, device='cuda:0', grad_fn=<DivBackward0>)
	 epoch  50 test error:  tensor(0.0077, device='cuda:0', grad_fn=<DivBackward0>)
Memory status after this epoch: 
Memory allocated:  128.3935546875
Memory cached:  272.0
	 epoch  60 training error:  tensor(0.2171, device='cuda:0', grad_fn=<DivBackward0>)
	 epoch  60 test error:  tensor(0.0074, device='cuda:0', grad_fn=<DivBackward0>)
Memory status after this epoch: 
Memory allocated:  129.2373046875
Memory cached:  272.0
	 epoch  70 training error:  tensor(0.2172, device='cuda:0', grad_fn=<DivBackward0>)
	 epoch  70 test error:  tensor(0.0073, device='cuda:0', grad_fn=<DivBackward0>)
Memory status after this epoch: 
Memory allocated:  128.3935546875
Memory cached:  272.0
	 epoch  80 training error:  tensor(0.2171, device='cuda:0', grad_fn=<DivBackward0>)
	 epoch  80 test error:  tensor(0.0073, device='cuda:0', grad_fn=<DivBackward0>)
Memory status after this epoch: 
Memory allocated:  129.2373046875
Memory cached:  274.0
	 epoch  90 training error:  tensor(0.2170, device='cuda:0', grad_fn=<DivBackward0>)
	 epoch  90 test error:  tensor(0.0074, device='cuda:0', grad_fn=<DivBackward0>)
Memory status after this epoch: 
Memory allocated:  128.3935546875
Memory cached:  272.0
[I 2023-11-16 16:56:22,297] Trial 47 finished with value: 0.007402375340461731 and parameters: {'W_layers': 7, 'W_layer_units_exponent_0': 6, 'W_layer_units_exponent_1': 7, 'W_layer_units_exponent_2': 7, 'W_layer_units_exponent_3': 5, 'W_layer_units_exponent_4': 6, 'W_layer_units_exponent_5': 6, 'W_layer_units_exponent_6': 4, 'D_layers': 8, 'D_layer_units_exponent_0': 4, 'D_layer_units_exponent_1': 7, 'D_layer_units_exponent_2': 7, 'D_layer_units_exponent_3': 8, 'D_layer_units_exponent_4': 6, 'D_layer_units_exponent_5': 4, 'D_layer_units_exponent_6': 5, 'D_layer_units_exponent_7': 4, 'log_learning_rate': -3.4871646397902034, 'log_learning_rate_D': -1.5155770058287188, 'training_batch_size': 12, 'training_p': 2}. Best is trial 43 with value: 0.007383355405181646.
Time for this trial:  177.25730991363525
Memory status after this trial: 
Memory allocated:  253.88330078125
Memory cached:  272.0
--------------------  Trial  48   --------------------
Start timing: 
Parameters: 
{'W_layers': 6, 'W_layer_units_exponent_0': 7, 'W_layer_units_exponent_1': 6, 'W_layer_units_exponent_2': 9, 'W_layer_units_exponent_3': 4, 'W_layer_units_exponent_4': 6, 'W_layer_units_exponent_5': 4, 'D_layers': 8, 'D_layer_units_exponent_0': 5, 'D_layer_units_exponent_1': 9, 'D_layer_units_exponent_2': 6, 'D_layer_units_exponent_3': 6, 'D_layer_units_exponent_4': 5, 'D_layer_units_exponent_5': 5, 'D_layer_units_exponent_6': 6, 'D_layer_units_exponent_7': 5, 'log_learning_rate': -4.115632085089105, 'log_learning_rate_D': -1.726238915305419, 'training_batch_size': 11, 'training_p': 2}
	 epoch  0 training error:  tensor(0.5970, device='cuda:0', grad_fn=<DivBackward0>)
	 epoch  0 test error:  tensor(0.0217, device='cuda:0', grad_fn=<DivBackward0>)
Memory status after this epoch: 
Memory allocated:  153.701171875
Memory cached:  214.0
	 epoch  10 training error:  tensor(0.2314, device='cuda:0', grad_fn=<DivBackward0>)
	 epoch  10 test error:  tensor(0.0106, device='cuda:0', grad_fn=<DivBackward0>)
Memory status after this epoch: 
Memory allocated:  154.544921875
Memory cached:  322.0
	 epoch  20 training error:  tensor(0.2274, device='cuda:0', grad_fn=<DivBackward0>)
	 epoch  20 test error:  tensor(0.0091, device='cuda:0', grad_fn=<DivBackward0>)
Memory status after this epoch: 
Memory allocated:  153.701171875
Memory cached:  322.0
	 epoch  30 training error:  tensor(0.2319, device='cuda:0', grad_fn=<DivBackward0>)
	 epoch  30 test error:  tensor(0.0089, device='cuda:0', grad_fn=<DivBackward0>)
Memory status after this epoch: 
Memory allocated:  154.544921875
Memory cached:  322.0
	 epoch  40 training error:  tensor(0.2067, device='cuda:0', grad_fn=<DivBackward0>)
	 epoch  40 test error:  tensor(0.0077, device='cuda:0', grad_fn=<DivBackward0>)
Memory status after this epoch: 
Memory allocated:  153.701171875
Memory cached:  324.0
	 epoch  50 training error:  tensor(0.2047, device='cuda:0', grad_fn=<DivBackward0>)
	 epoch  50 test error:  tensor(0.0078, device='cuda:0', grad_fn=<DivBackward0>)
Memory status after this epoch: 
Memory allocated:  154.544921875
Memory cached:  324.0
	 epoch  60 training error:  tensor(0.2040, device='cuda:0', grad_fn=<DivBackward0>)
	 epoch  60 test error:  tensor(0.0076, device='cuda:0', grad_fn=<DivBackward0>)
Memory status after this epoch: 
Memory allocated:  153.701171875
Memory cached:  326.0
	 epoch  70 training error:  tensor(0.2034, device='cuda:0', grad_fn=<DivBackward0>)
	 epoch  70 test error:  tensor(0.0076, device='cuda:0', grad_fn=<DivBackward0>)
Memory status after this epoch: 
Memory allocated:  154.544921875
Memory cached:  324.0
	 epoch  80 training error:  tensor(0.2027, device='cuda:0', grad_fn=<DivBackward0>)
	 epoch  80 test error:  tensor(0.0077, device='cuda:0', grad_fn=<DivBackward0>)
Memory status after this epoch: 
Memory allocated:  153.701171875
Memory cached:  326.0
	 epoch  90 training error:  tensor(0.2021, device='cuda:0', grad_fn=<DivBackward0>)
	 epoch  90 test error:  tensor(0.0077, device='cuda:0', grad_fn=<DivBackward0>)
Memory status after this epoch: 
Memory allocated:  154.544921875
Memory cached:  326.0
[I 2023-11-16 16:59:18,516] Trial 48 finished with value: 0.007680957671254873 and parameters: {'W_layers': 6, 'W_layer_units_exponent_0': 7, 'W_layer_units_exponent_1': 6, 'W_layer_units_exponent_2': 9, 'W_layer_units_exponent_3': 4, 'W_layer_units_exponent_4': 6, 'W_layer_units_exponent_5': 4, 'D_layers': 8, 'D_layer_units_exponent_0': 5, 'D_layer_units_exponent_1': 9, 'D_layer_units_exponent_2': 6, 'D_layer_units_exponent_3': 6, 'D_layer_units_exponent_4': 5, 'D_layer_units_exponent_5': 5, 'D_layer_units_exponent_6': 6, 'D_layer_units_exponent_7': 5, 'log_learning_rate': -4.115632085089105, 'log_learning_rate_D': -1.726238915305419, 'training_batch_size': 11, 'training_p': 2}. Best is trial 43 with value: 0.007383355405181646.
Time for this trial:  175.90255498886108
Memory status after this trial: 
Memory allocated:  304.34326171875
Memory cached:  328.0
--------------------  Trial  49   --------------------
Start timing: 
Parameters: 
{'W_layers': 7, 'W_layer_units_exponent_0': 5, 'W_layer_units_exponent_1': 7, 'W_layer_units_exponent_2': 7, 'W_layer_units_exponent_3': 6, 'W_layer_units_exponent_4': 7, 'W_layer_units_exponent_5': 5, 'W_layer_units_exponent_6': 7, 'D_layers': 8, 'D_layer_units_exponent_0': 4, 'D_layer_units_exponent_1': 7, 'D_layer_units_exponent_2': 6, 'D_layer_units_exponent_3': 8, 'D_layer_units_exponent_4': 4, 'D_layer_units_exponent_5': 4, 'D_layer_units_exponent_6': 7, 'D_layer_units_exponent_7': 4, 'log_learning_rate': -3.2975749762530833, 'log_learning_rate_D': -1.2615081385137212, 'training_batch_size': 12, 'training_p': 3}
	 epoch  0 training error:  tensor(0.7656, device='cuda:0', grad_fn=<DivBackward0>)
	 epoch  0 test error:  tensor(0.0074, device='cuda:0', grad_fn=<DivBackward0>)
Memory status after this epoch: 
Memory allocated:  135.69140625
Memory cached:  174.0
	 epoch  10 training error:  tensor(0.3096, device='cuda:0', grad_fn=<DivBackward0>)
	 epoch  10 test error:  tensor(0.0090, device='cuda:0', grad_fn=<DivBackward0>)
Memory status after this epoch: 
Memory allocated:  134.84765625
Memory cached:  286.0
	 epoch  20 training error:  tensor(0.2763, device='cuda:0', grad_fn=<DivBackward0>)
	 epoch  20 test error:  tensor(0.0076, device='cuda:0', grad_fn=<DivBackward0>)
Memory status after this epoch: 
Memory allocated:  135.69140625
Memory cached:  288.0
	 epoch  30 training error:  tensor(0.2625, device='cuda:0', grad_fn=<DivBackward0>)
	 epoch  30 test error:  tensor(0.0071, device='cuda:0', grad_fn=<DivBackward0>)
Memory status after this epoch: 
Memory allocated:  134.84765625
Memory cached:  286.0
	 epoch  40 training error:  tensor(0.2605, device='cuda:0', grad_fn=<DivBackward0>)
	 epoch  40 test error:  tensor(0.0074, device='cuda:0', grad_fn=<DivBackward0>)
Memory status after this epoch: 
Memory allocated:  135.69140625
Memory cached:  288.0
	 epoch  50 training error:  tensor(0.2606, device='cuda:0', grad_fn=<DivBackward0>)
	 epoch  50 test error:  tensor(0.0075, device='cuda:0', grad_fn=<DivBackward0>)
Memory status after this epoch: 
Memory allocated:  134.84765625
Memory cached:  286.0
	 epoch  60 training error:  tensor(0.2605, device='cuda:0', grad_fn=<DivBackward0>)
	 epoch  60 test error:  tensor(0.0076, device='cuda:0', grad_fn=<DivBackward0>)
Memory status after this epoch: 
Memory allocated:  135.69140625
Memory cached:  288.0
	 epoch  70 training error:  tensor(0.2605, device='cuda:0', grad_fn=<DivBackward0>)
	 epoch  70 test error:  tensor(0.0076, device='cuda:0', grad_fn=<DivBackward0>)
Memory status after this epoch: 
Memory allocated:  134.84765625
Memory cached:  286.0
	 epoch  80 training error:  tensor(0.2605, device='cuda:0', grad_fn=<DivBackward0>)
	 epoch  80 test error:  tensor(0.0076, device='cuda:0', grad_fn=<DivBackward0>)
Memory status after this epoch: 
Memory allocated:  135.69140625
Memory cached:  288.0
	 epoch  90 training error:  tensor(0.2605, device='cuda:0', grad_fn=<DivBackward0>)
	 epoch  90 test error:  tensor(0.0076, device='cuda:0', grad_fn=<DivBackward0>)
Memory status after this epoch: 
Memory allocated:  134.84765625
Memory cached:  288.0
[I 2023-11-16 17:02:20,070] Trial 49 finished with value: 0.007599280681461096 and parameters: {'W_layers': 7, 'W_layer_units_exponent_0': 5, 'W_layer_units_exponent_1': 7, 'W_layer_units_exponent_2': 7, 'W_layer_units_exponent_3': 6, 'W_layer_units_exponent_4': 7, 'W_layer_units_exponent_5': 5, 'W_layer_units_exponent_6': 7, 'D_layers': 8, 'D_layer_units_exponent_0': 4, 'D_layer_units_exponent_1': 7, 'D_layer_units_exponent_2': 6, 'D_layer_units_exponent_3': 8, 'D_layer_units_exponent_4': 4, 'D_layer_units_exponent_5': 4, 'D_layer_units_exponent_6': 7, 'D_layer_units_exponent_7': 4, 'log_learning_rate': -3.2975749762530833, 'log_learning_rate_D': -1.2615081385137212, 'training_batch_size': 12, 'training_p': 3}. Best is trial 43 with value: 0.007383355405181646.
Time for this trial:  181.22217679023743
Memory status after this trial: 
Memory allocated:  267.37451171875
Memory cached:  288.0
