[I 2023-11-17 10:43:39,169] Trial 3 finished with value: 0.19218307733535767 and parameters: {'W_layers': 6, 'W_layer_units_exponent_0': 5, 'W_layer_units_exponent_1': 5, 'W_layer_units_exponent_2': 5, 'W_layer_units_exponent_3': 4, 'W_layer_units_exponent_4': 5, 'W_layer_units_exponent_5': 8, 'D_layers': 4, 'D_layer_units_exponent_0': 10, 'D_layer_units_exponent_1': 8, 'D_layer_units_exponent_2': 10, 'D_layer_units_exponent_3': 8, 'log_learning_rate': -1.412404764978259, 'log_learning_rate_D': -1.477201985529451, 'training_batch_size': 6, 'training_p': 4}. Best is trial 0 with value: 0.19070954620838165.
Time for this trial:  264.37752509117126
Memory status after this trial: 
Memory allocated:  599.08984375
Memory cached:  606.0
--------------------  Trial  4   --------------------
Start timing: 
Parameters: 
{'W_layers': 6, 'W_layer_units_exponent_0': 9, 'W_layer_units_exponent_1': 5, 'W_layer_units_exponent_2': 5, 'W_layer_units_exponent_3': 7, 'W_layer_units_exponent_4': 10, 'W_layer_units_exponent_5': 7, 'D_layers': 6, 'D_layer_units_exponent_0': 5, 'D_layer_units_exponent_1': 4, 'D_layer_units_exponent_2': 7, 'D_layer_units_exponent_3': 9, 'D_layer_units_exponent_4': 4, 'D_layer_units_exponent_5': 4, 'log_learning_rate': -4.288072402205046, 'log_learning_rate_D': -1.763171084394819, 'training_batch_size': 6, 'training_p': 6}
	 epoch  0 training error:  tensor(0.9955, device='cuda:0', grad_fn=<DivBackward0>)
	 epoch  0 test error:  tensor(0.1922, device='cuda:0', grad_fn=<DivBackward0>)
Memory status after this epoch: 
Memory allocated:  284.38916015625
Memory cached:  396.0
	 epoch  10 training error:  tensor(0.9904, device='cuda:0', grad_fn=<DivBackward0>)
	 epoch  10 test error:  tensor(0.1930, device='cuda:0', grad_fn=<DivBackward0>)
Memory status after this epoch: 
Memory allocated:  284.85791015625
Memory cached:  562.0
	 epoch  20 training error:  tensor(0.9899, device='cuda:0', grad_fn=<DivBackward0>)
	 epoch  20 test error:  tensor(0.1931, device='cuda:0', grad_fn=<DivBackward0>)
Memory status after this epoch: 
Memory allocated:  284.38916015625
Memory cached:  562.0
	 epoch  30 training error:  tensor(0.9890, device='cuda:0', grad_fn=<DivBackward0>)
	 epoch  30 test error:  tensor(0.1933, device='cuda:0', grad_fn=<DivBackward0>)
Memory status after this epoch: 
Memory allocated:  284.85791015625
Memory cached:  562.0
	 epoch  40 training error:  tensor(0.9882, device='cuda:0', grad_fn=<DivBackward0>)
	 epoch  40 test error:  tensor(0.1933, device='cuda:0', grad_fn=<DivBackward0>)
Memory status after this epoch: 
Memory allocated:  284.38916015625
Memory cached:  562.0
	 epoch  50 training error:  tensor(0.9871, device='cuda:0', grad_fn=<DivBackward0>)
	 epoch  50 test error:  tensor(0.1940, device='cuda:0', grad_fn=<DivBackward0>)
Memory status after this epoch: 
Memory allocated:  284.85791015625
Memory cached:  562.0
	 epoch  60 training error:  tensor(0.9884, device='cuda:0', grad_fn=<DivBackward0>)
	 epoch  60 test error:  tensor(0.1938, device='cuda:0', grad_fn=<DivBackward0>)
Memory status after this epoch: 
Memory allocated:  284.38916015625
Memory cached:  562.0
	 epoch  70 training error:  tensor(0.9859, device='cuda:0', grad_fn=<DivBackward0>)
	 epoch  70 test error:  tensor(0.1945, device='cuda:0', grad_fn=<DivBackward0>)
Memory status after this epoch: 
Memory allocated:  284.85791015625
Memory cached:  562.0
	 epoch  80 training error:  tensor(0.9856, device='cuda:0', grad_fn=<DivBackward0>)
	 epoch  80 test error:  tensor(0.1944, device='cuda:0', grad_fn=<DivBackward0>)
Memory status after this epoch: 
Memory allocated:  284.38916015625
Memory cached:  562.0
	 epoch  90 training error:  tensor(0.9866, device='cuda:0', grad_fn=<DivBackward0>)
	 epoch  90 test error:  tensor(0.1940, device='cuda:0', grad_fn=<DivBackward0>)
Memory status after this epoch: 
Memory allocated:  284.85791015625
Memory cached:  562.0
[I 2023-11-17 10:48:30,901] Trial 4 finished with value: 0.19469456374645233 and parameters: {'W_layers': 6, 'W_layer_units_exponent_0': 9, 'W_layer_units_exponent_1': 5, 'W_layer_units_exponent_2': 5, 'W_layer_units_exponent_3': 7, 'W_layer_units_exponent_4': 10, 'W_layer_units_exponent_5': 7, 'D_layers': 6, 'D_layer_units_exponent_0': 5, 'D_layer_units_exponent_1': 4, 'D_layer_units_exponent_2': 7, 'D_layer_units_exponent_3': 9, 'D_layer_units_exponent_4': 4, 'D_layer_units_exponent_5': 4, 'log_learning_rate': -4.288072402205046, 'log_learning_rate_D': -1.763171084394819, 'training_batch_size': 6, 'training_p': 6}. Best is trial 0 with value: 0.19070954620838165.
Time for this trial:  291.54120922088623
Memory status after this trial: 
Memory allocated:  557.37109375
Memory cached:  562.0
--------------------  Trial  5   --------------------
Start timing: 
Parameters: 
{'W_layers': 4, 'W_layer_units_exponent_0': 4, 'W_layer_units_exponent_1': 8, 'W_layer_units_exponent_2': 9, 'W_layer_units_exponent_3': 5, 'D_layers': 6, 'D_layer_units_exponent_0': 8, 'D_layer_units_exponent_1': 5, 'D_layer_units_exponent_2': 9, 'D_layer_units_exponent_3': 4, 'D_layer_units_exponent_4': 6, 'D_layer_units_exponent_5': 6, 'log_learning_rate': -4.419006757229129, 'log_learning_rate_D': -3.855504926083094, 'training_batch_size': 8, 'training_p': 5}
	 epoch  0 training error:  tensor(0.9936, device='cuda:0', grad_fn=<DivBackward0>)
	 epoch  0 test error:  tensor(0.1914, device='cuda:0', grad_fn=<DivBackward0>)
Memory status after this epoch: 
Memory allocated:  238.35986328125
Memory cached:  350.0
	 epoch  10 training error:  tensor(0.9911, device='cuda:0', grad_fn=<DivBackward0>)
	 epoch  10 test error:  tensor(0.1915, device='cuda:0', grad_fn=<DivBackward0>)
Memory status after this epoch: 
Memory allocated:  237.89111328125
Memory cached:  470.0
	 epoch  20 training error:  tensor(0.9910, device='cuda:0', grad_fn=<DivBackward0>)
	 epoch  20 test error:  tensor(0.1918, device='cuda:0', grad_fn=<DivBackward0>)
Memory status after this epoch: 
Memory allocated:  238.35986328125
Memory cached:  472.0
	 epoch  30 training error:  tensor(0.9906, device='cuda:0', grad_fn=<DivBackward0>)
	 epoch  30 test error:  tensor(0.1919, device='cuda:0', grad_fn=<DivBackward0>)
Memory status after this epoch: 
Memory allocated:  237.89111328125
Memory cached:  470.0
	 epoch  40 training error:  tensor(0.9898, device='cuda:0', grad_fn=<DivBackward0>)
	 epoch  40 test error:  tensor(0.1932, device='cuda:0', grad_fn=<DivBackward0>)
Memory status after this epoch: 
Memory allocated:  238.35986328125
Memory cached:  470.0
	 epoch  50 training error:  tensor(0.9897, device='cuda:0', grad_fn=<DivBackward0>)
	 epoch  50 test error:  tensor(0.1934, device='cuda:0', grad_fn=<DivBackward0>)
Memory status after this epoch: 
Memory allocated:  237.89111328125
Memory cached:  472.0
	 epoch  60 training error:  tensor(0.9896, device='cuda:0', grad_fn=<DivBackward0>)
	 epoch  60 test error:  tensor(0.1932, device='cuda:0', grad_fn=<DivBackward0>)
Memory status after this epoch: 
Memory allocated:  238.35986328125
Memory cached:  472.0
	 epoch  70 training error:  tensor(0.9895, device='cuda:0', grad_fn=<DivBackward0>)
	 epoch  70 test error:  tensor(0.1935, device='cuda:0', grad_fn=<DivBackward0>)
Memory status after this epoch: 
Memory allocated:  237.89111328125
Memory cached:  472.0
	 epoch  80 training error:  tensor(0.9894, device='cuda:0', grad_fn=<DivBackward0>)
	 epoch  80 test error:  tensor(0.1934, device='cuda:0', grad_fn=<DivBackward0>)
Memory status after this epoch: 
Memory allocated:  238.35986328125
Memory cached:  474.0
	 epoch  90 training error:  tensor(0.9893, device='cuda:0', grad_fn=<DivBackward0>)
	 epoch  90 test error:  tensor(0.1935, device='cuda:0', grad_fn=<DivBackward0>)
Memory status after this epoch: 
Memory allocated:  237.89111328125
Memory cached:  474.0
[I 2023-11-17 10:51:01,822] Trial 5 finished with value: 0.19350647926330566 and parameters: {'W_layers': 4, 'W_layer_units_exponent_0': 4, 'W_layer_units_exponent_1': 8, 'W_layer_units_exponent_2': 9, 'W_layer_units_exponent_3': 5, 'D_layers': 6, 'D_layer_units_exponent_0': 8, 'D_layer_units_exponent_1': 5, 'D_layer_units_exponent_2': 9, 'D_layer_units_exponent_3': 4, 'D_layer_units_exponent_4': 6, 'D_layer_units_exponent_5': 6, 'log_learning_rate': -4.419006757229129, 'log_learning_rate_D': -3.855504926083094, 'training_batch_size': 8, 'training_p': 5}. Best is trial 0 with value: 0.19070954620838165.
Time for this trial:  150.75946974754333
Memory status after this trial: 
Memory allocated:  468.322265625
Memory cached:  472.0
--------------------  Trial  6   --------------------
Start timing: 
Parameters: 
{'W_layers': 4, 'W_layer_units_exponent_0': 9, 'W_layer_units_exponent_1': 5, 'W_layer_units_exponent_2': 4, 'W_layer_units_exponent_3': 10, 'D_layers': 4, 'D_layer_units_exponent_0': 4, 'D_layer_units_exponent_1': 4, 'D_layer_units_exponent_2': 8, 'D_layer_units_exponent_3': 6, 'log_learning_rate': -1.814231299693323, 'log_learning_rate_D': -1.8529357917236284, 'training_batch_size': 9, 'training_p': 3}
	 epoch  0 training error:  tensor(0.9934, device='cuda:0', grad_fn=<DivBackward0>)
	 epoch  0 test error:  tensor(0.9840, device='cuda:0', grad_fn=<DivBackward0>)
Memory status after this epoch: 
Memory allocated:  245.73681640625
Memory cached:  358.0
	 epoch  10 training error:  tensor(1., device='cuda:0', grad_fn=<DivBackward0>)
	 epoch  10 test error:  tensor(0.1922, device='cuda:0', grad_fn=<DivBackward0>)
Memory status after this epoch: 
Memory allocated:  246.20556640625
Memory cached:  488.0
	 epoch  20 training error:  tensor(1., device='cuda:0', grad_fn=<DivBackward0>)
	 epoch  20 test error:  tensor(0.1922, device='cuda:0', grad_fn=<DivBackward0>)
Memory status after this epoch: 
Memory allocated:  245.73681640625
Memory cached:  488.0
	 epoch  30 training error:  tensor(1., device='cuda:0', grad_fn=<DivBackward0>)
	 epoch  30 test error:  tensor(0.1922, device='cuda:0', grad_fn=<DivBackward0>)
Memory status after this epoch: 
Memory allocated:  246.20556640625
Memory cached:  488.0
	 epoch  40 training error:  tensor(1., device='cuda:0', grad_fn=<DivBackward0>)
	 epoch  40 test error:  tensor(0.1922, device='cuda:0', grad_fn=<DivBackward0>)
Memory status after this epoch: 
Memory allocated:  245.73681640625
Memory cached:  490.0
	 epoch  50 training error:  tensor(1., device='cuda:0', grad_fn=<DivBackward0>)
	 epoch  50 test error:  tensor(0.1922, device='cuda:0', grad_fn=<DivBackward0>)
Memory status after this epoch: 
Memory allocated:  246.20556640625
Memory cached:  490.0
	 epoch  60 training error:  tensor(1., device='cuda:0', grad_fn=<DivBackward0>)
	 epoch  60 test error:  tensor(0.1922, device='cuda:0', grad_fn=<DivBackward0>)
Memory status after this epoch: 
Memory allocated:  245.73681640625
Memory cached:  490.0
	 epoch  70 training error:  tensor(1., device='cuda:0', grad_fn=<DivBackward0>)
	 epoch  70 test error:  tensor(0.1922, device='cuda:0', grad_fn=<DivBackward0>)
Memory status after this epoch: 
Memory allocated:  246.20556640625
Memory cached:  488.0
	 epoch  80 training error:  tensor(1., device='cuda:0', grad_fn=<DivBackward0>)
	 epoch  80 test error:  tensor(0.1922, device='cuda:0', grad_fn=<DivBackward0>)
Memory status after this epoch: 
Memory allocated:  245.73681640625
Memory cached:  488.0
	 epoch  90 training error:  tensor(1., device='cuda:0', grad_fn=<DivBackward0>)
	 epoch  90 test error:  tensor(0.1922, device='cuda:0', grad_fn=<DivBackward0>)
Memory status after this epoch: 
Memory allocated:  246.20556640625
Memory cached:  488.0
[I 2023-11-17 10:53:17,643] Trial 6 finished with value: 0.19218309223651886 and parameters: {'W_layers': 4, 'W_layer_units_exponent_0': 9, 'W_layer_units_exponent_1': 5, 'W_layer_units_exponent_2': 4, 'W_layer_units_exponent_3': 10, 'D_layers': 4, 'D_layer_units_exponent_0': 4, 'D_layer_units_exponent_1': 4, 'D_layer_units_exponent_2': 8, 'D_layer_units_exponent_3': 6, 'log_learning_rate': -1.814231299693323, 'log_learning_rate_D': -1.8529357917236284, 'training_batch_size': 9, 'training_p': 3}. Best is trial 0 with value: 0.19070954620838165.
Time for this trial:  135.67520356178284
Memory status after this trial: 
Memory allocated:  487.072265625
Memory cached:  488.0
--------------------  Trial  7   --------------------
Start timing: 
Parameters: 
{'W_layers': 2, 'W_layer_units_exponent_0': 9, 'W_layer_units_exponent_1': 4, 'D_layers': 7, 'D_layer_units_exponent_0': 7, 'D_layer_units_exponent_1': 6, 'D_layer_units_exponent_2': 10, 'D_layer_units_exponent_3': 10, 'D_layer_units_exponent_4': 7, 'D_layer_units_exponent_5': 5, 'D_layer_units_exponent_6': 10, 'log_learning_rate': -1.6797666211859177, 'log_learning_rate_D': -1.030461353238819, 'training_batch_size': 7, 'training_p': 7}
	 epoch  0 training error:  tensor(1.0393, device='cuda:0', grad_fn=<DivBackward0>)
	 epoch  0 test error:  tensor(1.8995, device='cuda:0', grad_fn=<DivBackward0>)
Memory status after this epoch: 
Memory allocated:  370.626953125
Memory cached:  486.0
	 epoch  10 training error:  tensor(1.2438, device='cuda:0', grad_fn=<DivBackward0>)
	 epoch  10 test error:  tensor(0.2127, device='cuda:0', grad_fn=<DivBackward0>)
Memory status after this epoch: 
Memory allocated:  371.001953125
Memory cached:  724.0
	 epoch  20 training error:  tensor(1.0104, device='cuda:0', grad_fn=<DivBackward0>)
	 epoch  20 test error:  tensor(0.1931, device='cuda:0', grad_fn=<DivBackward0>)
Memory status after this epoch: 
Memory allocated:  370.908203125
Memory cached:  720.0
	 epoch  30 training error:  tensor(1.0004, device='cuda:0', grad_fn=<DivBackward0>)
	 epoch  30 test error:  tensor(0.1939, device='cuda:0', grad_fn=<DivBackward0>)
Memory status after this epoch: 
Memory allocated:  371.001953125
Memory cached:  720.0
	 epoch  40 training error:  tensor(0.9942, device='cuda:0', grad_fn=<DivBackward0>)
	 epoch  40 test error:  tensor(0.1915, device='cuda:0', grad_fn=<DivBackward0>)
Memory status after this epoch: 
Memory allocated:  370.908203125
Memory cached:  720.0
	 epoch  50 training error:  tensor(0.9915, device='cuda:0', grad_fn=<DivBackward0>)
	 epoch  50 test error:  tensor(0.1920, device='cuda:0', grad_fn=<DivBackward0>)
Memory status after this epoch: 
Memory allocated:  371.001953125
Memory cached:  720.0
	 epoch  60 training error:  tensor(0.9914, device='cuda:0', grad_fn=<DivBackward0>)
	 epoch  60 test error:  tensor(0.1916, device='cuda:0', grad_fn=<DivBackward0>)
Memory status after this epoch: 
Memory allocated:  370.908203125
Memory cached:  720.0
	 epoch  70 training error:  tensor(0.9914, device='cuda:0', grad_fn=<DivBackward0>)
	 epoch  70 test error:  tensor(0.1917, device='cuda:0', grad_fn=<DivBackward0>)
Memory status after this epoch: 
Memory allocated:  371.001953125
Memory cached:  720.0
	 epoch  80 training error:  tensor(0.9914, device='cuda:0', grad_fn=<DivBackward0>)
	 epoch  80 test error:  tensor(0.1917, device='cuda:0', grad_fn=<DivBackward0>)
Memory status after this epoch: 
Memory allocated:  370.908203125
Memory cached:  720.0
	 epoch  90 training error:  tensor(0.9914, device='cuda:0', grad_fn=<DivBackward0>)
	 epoch  90 test error:  tensor(0.1917, device='cuda:0', grad_fn=<DivBackward0>)
Memory status after this epoch: 
Memory allocated:  371.001953125
Memory cached:  720.0
[I 2023-11-17 10:55:52,849] Trial 7 finished with value: 0.1917293518781662 and parameters: {'W_layers': 2, 'W_layer_units_exponent_0': 9, 'W_layer_units_exponent_1': 4, 'D_layers': 7, 'D_layer_units_exponent_0': 7, 'D_layer_units_exponent_1': 6, 'D_layer_units_exponent_2': 10, 'D_layer_units_exponent_3': 10, 'D_layer_units_exponent_4': 7, 'D_layer_units_exponent_5': 5, 'D_layer_units_exponent_6': 10, 'log_learning_rate': -1.6797666211859177, 'log_learning_rate_D': -1.030461353238819, 'training_batch_size': 7, 'training_p': 7}. Best is trial 0 with value: 0.19070954620838165.
Time for this trial:  155.04378390312195
Memory status after this trial: 
Memory allocated:  707.6728515625
Memory cached:  720.0
--------------------  Trial  8   --------------------
Start timing: 
Parameters: 
{'W_layers': 6, 'W_layer_units_exponent_0': 8, 'W_layer_units_exponent_1': 6, 'W_layer_units_exponent_2': 7, 'W_layer_units_exponent_3': 5, 'W_layer_units_exponent_4': 7, 'W_layer_units_exponent_5': 6, 'D_layers': 5, 'D_layer_units_exponent_0': 7, 'D_layer_units_exponent_1': 7, 'D_layer_units_exponent_2': 7, 'D_layer_units_exponent_3': 8, 'D_layer_units_exponent_4': 4, 'log_learning_rate': -3.57236097807887, 'log_learning_rate_D': -3.450218979038902, 'training_batch_size': 12, 'training_p': 8}
	 epoch  0 training error:  tensor(1.0004, device='cuda:0', grad_fn=<DivBackward0>)
	 epoch  0 test error:  tensor(0.1919, device='cuda:0', grad_fn=<DivBackward0>)
Memory status after this epoch: 
Memory allocated:  213.96875
Memory cached:  336.0
	 epoch  10 training error:  tensor(0.9910, device='cuda:0', grad_fn=<DivBackward0>)
	 epoch  10 test error:  tensor(0.1922, device='cuda:0', grad_fn=<DivBackward0>)
Memory status after this epoch: 
Memory allocated:  213.59375
Memory cached:  436.0
	 epoch  20 training error:  tensor(0.9900, device='cuda:0', grad_fn=<DivBackward0>)
	 epoch  20 test error:  tensor(0.1934, device='cuda:0', grad_fn=<DivBackward0>)
Memory status after this epoch: 
Memory allocated:  213.96875
Memory cached:  438.0
	 epoch  30 training error:  tensor(0.9895, device='cuda:0', grad_fn=<DivBackward0>)
	 epoch  30 test error:  tensor(0.1935, device='cuda:0', grad_fn=<DivBackward0>)
Memory status after this epoch: 
Memory allocated:  213.5
Memory cached:  436.0
	 epoch  40 training error:  tensor(0.9889, device='cuda:0', grad_fn=<DivBackward0>)
	 epoch  40 test error:  tensor(0.1939, device='cuda:0', grad_fn=<DivBackward0>)
Memory status after this epoch: 
Memory allocated:  213.96875
Memory cached:  432.0
	 epoch  50 training error:  tensor(0.9878, device='cuda:0', grad_fn=<DivBackward0>)
	 epoch  50 test error:  tensor(0.1943, device='cuda:0', grad_fn=<DivBackward0>)
Memory status after this epoch: 
Memory allocated:  213.5
Memory cached:  432.0
	 epoch  60 training error:  tensor(0.9855, device='cuda:0', grad_fn=<DivBackward0>)
	 epoch  60 test error:  tensor(0.1951, device='cuda:0', grad_fn=<DivBackward0>)
Memory status after this epoch: 
Memory allocated:  213.96875
Memory cached:  432.0
	 epoch  70 training error:  tensor(0.9834, device='cuda:0', grad_fn=<DivBackward0>)
	 epoch  70 test error:  tensor(0.1976, device='cuda:0', grad_fn=<DivBackward0>)
Memory status after this epoch: 
Memory allocated:  213.875
Memory cached:  432.0
	 epoch  80 training error:  tensor(0.9830, device='cuda:0', grad_fn=<DivBackward0>)
	 epoch  80 test error:  tensor(0.1965, device='cuda:0', grad_fn=<DivBackward0>)
Memory status after this epoch: 
Memory allocated:  213.5
Memory cached:  432.0
	 epoch  90 training error:  tensor(0.9828, device='cuda:0', grad_fn=<DivBackward0>)
	 epoch  90 test error:  tensor(0.1965, device='cuda:0', grad_fn=<DivBackward0>)
Memory status after this epoch: 
Memory allocated:  214.34375
Memory cached:  432.0
