[I 2023-11-17 14:37:51,074] Trial 41 finished with value: 0.19061926007270813 and parameters: {'W_layers': 7, 'W_layer_units_exponent_0': 7, 'W_layer_units_exponent_1': 7, 'W_layer_units_exponent_2': 9, 'W_layer_units_exponent_3': 8, 'W_layer_units_exponent_4': 7, 'W_layer_units_exponent_5': 9, 'W_layer_units_exponent_6': 5, 'D_layers': 3, 'D_layer_units_exponent_0': 7, 'D_layer_units_exponent_1': 5, 'D_layer_units_exponent_2': 8, 'log_learning_rate': -3.4744681555895194, 'log_learning_rate_D': -3.900048983757309, 'training_batch_size': 10, 'training_p': 2}. Best is trial 37 with value: 0.19051067531108856.
Time for this trial:  151.0229651927948
Memory status after this trial: 
Memory allocated:  506.9609375
Memory cached:  512.0
--------------------  Trial  42   --------------------
Start timing: 
Parameters: 
{'W_layers': 8, 'W_layer_units_exponent_0': 6, 'W_layer_units_exponent_1': 7, 'W_layer_units_exponent_2': 9, 'W_layer_units_exponent_3': 9, 'W_layer_units_exponent_4': 5, 'W_layer_units_exponent_5': 7, 'W_layer_units_exponent_6': 9, 'W_layer_units_exponent_7': 10, 'D_layers': 4, 'D_layer_units_exponent_0': 8, 'D_layer_units_exponent_1': 5, 'D_layer_units_exponent_2': 9, 'D_layer_units_exponent_3': 9, 'log_learning_rate': -4.054253526233664, 'log_learning_rate_D': -3.4899916028309135, 'training_batch_size': 9, 'training_p': 2}
	 epoch  0 training error:  tensor(1.0005, device='cuda:0', grad_fn=<DivBackward0>)
	 epoch  0 test error:  tensor(0.1920, device='cuda:0', grad_fn=<DivBackward0>)
Memory status after this epoch: 
Memory allocated:  383.3916015625
Memory cached:  520.0
	 epoch  10 training error:  tensor(0.9947, device='cuda:0', grad_fn=<DivBackward0>)
	 epoch  10 test error:  tensor(0.1916, device='cuda:0', grad_fn=<DivBackward0>)
Memory status after this epoch: 
Memory allocated:  387.0009765625
Memory cached:  758.0
	 epoch  20 training error:  tensor(0.9945, device='cuda:0', grad_fn=<DivBackward0>)
	 epoch  20 test error:  tensor(0.1914, device='cuda:0', grad_fn=<DivBackward0>)
Memory status after this epoch: 
Memory allocated:  383.8134765625
Memory cached:  758.0
	 epoch  30 training error:  tensor(0.9943, device='cuda:0', grad_fn=<DivBackward0>)
	 epoch  30 test error:  tensor(0.1914, device='cuda:0', grad_fn=<DivBackward0>)
Memory status after this epoch: 
Memory allocated:  386.5322265625
Memory cached:  758.0
	 epoch  40 training error:  tensor(0.9942, device='cuda:0', grad_fn=<DivBackward0>)
	 epoch  40 test error:  tensor(0.1913, device='cuda:0', grad_fn=<DivBackward0>)
Memory status after this epoch: 
Memory allocated:  384.2822265625
Memory cached:  758.0
	 epoch  50 training error:  tensor(0.9940, device='cuda:0', grad_fn=<DivBackward0>)
	 epoch  50 test error:  tensor(0.1911, device='cuda:0', grad_fn=<DivBackward0>)
Memory status after this epoch: 
Memory allocated:  386.0634765625
Memory cached:  758.0
	 epoch  60 training error:  tensor(0.9937, device='cuda:0', grad_fn=<DivBackward0>)
	 epoch  60 test error:  tensor(0.1907, device='cuda:0', grad_fn=<DivBackward0>)
Memory status after this epoch: 
Memory allocated:  384.7509765625
Memory cached:  758.0
	 epoch  70 training error:  tensor(0.9937, device='cuda:0', grad_fn=<DivBackward0>)
	 epoch  70 test error:  tensor(0.1904, device='cuda:0', grad_fn=<DivBackward0>)
Memory status after this epoch: 
Memory allocated:  385.6884765625
Memory cached:  758.0
	 epoch  80 training error:  tensor(0.9936, device='cuda:0', grad_fn=<DivBackward0>)
	 epoch  80 test error:  tensor(0.1905, device='cuda:0', grad_fn=<DivBackward0>)
Memory status after this epoch: 
Memory allocated:  385.1259765625
Memory cached:  758.0
	 epoch  90 training error:  tensor(0.9936, device='cuda:0', grad_fn=<DivBackward0>)
	 epoch  90 test error:  tensor(0.1905, device='cuda:0', grad_fn=<DivBackward0>)
Memory status after this epoch: 
Memory allocated:  385.2197265625
Memory cached:  758.0
[I 2023-11-17 14:40:54,636] Trial 42 finished with value: 0.19051237404346466 and parameters: {'W_layers': 8, 'W_layer_units_exponent_0': 6, 'W_layer_units_exponent_1': 7, 'W_layer_units_exponent_2': 9, 'W_layer_units_exponent_3': 9, 'W_layer_units_exponent_4': 5, 'W_layer_units_exponent_5': 7, 'W_layer_units_exponent_6': 9, 'W_layer_units_exponent_7': 10, 'D_layers': 4, 'D_layer_units_exponent_0': 8, 'D_layer_units_exponent_1': 5, 'D_layer_units_exponent_2': 9, 'D_layer_units_exponent_3': 9, 'log_learning_rate': -4.054253526233664, 'log_learning_rate_D': -3.4899916028309135, 'training_batch_size': 9, 'training_p': 2}. Best is trial 37 with value: 0.19051067531108856.
Time for this trial:  183.32250499725342
Memory status after this trial: 
Memory allocated:  738.3359375
Memory cached:  758.0
--------------------  Trial  43   --------------------
Start timing: 
Parameters: 
{'W_layers': 8, 'W_layer_units_exponent_0': 5, 'W_layer_units_exponent_1': 7, 'W_layer_units_exponent_2': 8, 'W_layer_units_exponent_3': 9, 'W_layer_units_exponent_4': 5, 'W_layer_units_exponent_5': 7, 'W_layer_units_exponent_6': 10, 'W_layer_units_exponent_7': 10, 'D_layers': 4, 'D_layer_units_exponent_0': 7, 'D_layer_units_exponent_1': 5, 'D_layer_units_exponent_2': 9, 'D_layer_units_exponent_3': 9, 'log_learning_rate': -4.004340014156526, 'log_learning_rate_D': -3.34954353676709, 'training_batch_size': 9, 'training_p': 3}
	 epoch  0 training error:  tensor(0.9992, device='cuda:0', grad_fn=<DivBackward0>)
	 epoch  0 test error:  tensor(0.1918, device='cuda:0', grad_fn=<DivBackward0>)
Memory status after this epoch: 
Memory allocated:  396.6884765625
Memory cached:  544.0
	 epoch  10 training error:  tensor(0.9937, device='cuda:0', grad_fn=<DivBackward0>)
	 epoch  10 test error:  tensor(0.1916, device='cuda:0', grad_fn=<DivBackward0>)
Memory status after this epoch: 
Memory allocated:  397.9072265625
Memory cached:  786.0
	 epoch  20 training error:  tensor(0.9931, device='cuda:0', grad_fn=<DivBackward0>)
	 epoch  20 test error:  tensor(0.1915, device='cuda:0', grad_fn=<DivBackward0>)
Memory status after this epoch: 
Memory allocated:  396.6884765625
Memory cached:  786.0
	 epoch  30 training error:  tensor(0.9931, device='cuda:0', grad_fn=<DivBackward0>)
	 epoch  30 test error:  tensor(0.1915, device='cuda:0', grad_fn=<DivBackward0>)
Memory status after this epoch: 
Memory allocated:  397.4384765625
Memory cached:  786.0
	 epoch  40 training error:  tensor(0.9930, device='cuda:0', grad_fn=<DivBackward0>)
	 epoch  40 test error:  tensor(0.1915, device='cuda:0', grad_fn=<DivBackward0>)
Memory status after this epoch: 
Memory allocated:  397.0634765625
Memory cached:  768.0
	 epoch  50 training error:  tensor(0.9930, device='cuda:0', grad_fn=<DivBackward0>)
	 epoch  50 test error:  tensor(0.1915, device='cuda:0', grad_fn=<DivBackward0>)
Memory status after this epoch: 
Memory allocated:  397.4384765625
Memory cached:  766.0
	 epoch  60 training error:  tensor(0.9930, device='cuda:0', grad_fn=<DivBackward0>)
	 epoch  60 test error:  tensor(0.1916, device='cuda:0', grad_fn=<DivBackward0>)
Memory status after this epoch: 
Memory allocated:  397.0634765625
Memory cached:  766.0
	 epoch  70 training error:  tensor(0.9930, device='cuda:0', grad_fn=<DivBackward0>)
	 epoch  70 test error:  tensor(0.1916, device='cuda:0', grad_fn=<DivBackward0>)
Memory status after this epoch: 
Memory allocated:  397.4384765625
Memory cached:  766.0
	 epoch  80 training error:  tensor(0.9930, device='cuda:0', grad_fn=<DivBackward0>)
	 epoch  80 test error:  tensor(0.1917, device='cuda:0', grad_fn=<DivBackward0>)
Memory status after this epoch: 
Memory allocated:  397.0634765625
Memory cached:  766.0
	 epoch  90 training error:  tensor(0.9930, device='cuda:0', grad_fn=<DivBackward0>)
	 epoch  90 test error:  tensor(0.1917, device='cuda:0', grad_fn=<DivBackward0>)
Memory status after this epoch: 
Memory allocated:  397.4384765625
Memory cached:  766.0
[I 2023-11-17 14:43:58,218] Trial 43 finished with value: 0.19170181453227997 and parameters: {'W_layers': 8, 'W_layer_units_exponent_0': 5, 'W_layer_units_exponent_1': 7, 'W_layer_units_exponent_2': 8, 'W_layer_units_exponent_3': 9, 'W_layer_units_exponent_4': 5, 'W_layer_units_exponent_5': 7, 'W_layer_units_exponent_6': 10, 'W_layer_units_exponent_7': 10, 'D_layers': 4, 'D_layer_units_exponent_0': 7, 'D_layer_units_exponent_1': 5, 'D_layer_units_exponent_2': 9, 'D_layer_units_exponent_3': 9, 'log_learning_rate': -4.004340014156526, 'log_learning_rate_D': -3.34954353676709, 'training_batch_size': 9, 'training_p': 3}. Best is trial 37 with value: 0.19051067531108856.
Time for this trial:  183.3276240825653
Memory status after this trial: 
Memory allocated:  751.62890625
Memory cached:  766.0
--------------------  Trial  44   --------------------
Start timing: 
Parameters: 
{'W_layers': 8, 'W_layer_units_exponent_0': 7, 'W_layer_units_exponent_1': 6, 'W_layer_units_exponent_2': 9, 'W_layer_units_exponent_3': 10, 'W_layer_units_exponent_4': 5, 'W_layer_units_exponent_5': 7, 'W_layer_units_exponent_6': 10, 'W_layer_units_exponent_7': 9, 'D_layers': 4, 'D_layer_units_exponent_0': 8, 'D_layer_units_exponent_1': 4, 'D_layer_units_exponent_2': 9, 'D_layer_units_exponent_3': 8, 'log_learning_rate': -3.7021502237049884, 'log_learning_rate_D': -3.6403985471313267, 'training_batch_size': 9, 'training_p': 6}
	 epoch  0 training error:  tensor(1.0004, device='cuda:0', grad_fn=<DivBackward0>)
	 epoch  0 test error:  tensor(0.1915, device='cuda:0', grad_fn=<DivBackward0>)
Memory status after this epoch: 
Memory allocated:  401.94140625
Memory cached:  528.0
	 epoch  10 training error:  tensor(0.9912, device='cuda:0', grad_fn=<DivBackward0>)
	 epoch  10 test error:  tensor(0.1918, device='cuda:0', grad_fn=<DivBackward0>)
Memory status after this epoch: 
Memory allocated:  399.92578125
Memory cached:  794.0
	 epoch  20 training error:  tensor(0.9898, device='cuda:0', grad_fn=<DivBackward0>)
	 epoch  20 test error:  tensor(0.1938, device='cuda:0', grad_fn=<DivBackward0>)
Memory status after this epoch: 
Memory allocated:  401.23828125
Memory cached:  794.0
	 epoch  30 training error:  tensor(0.9895, device='cuda:0', grad_fn=<DivBackward0>)
	 epoch  30 test error:  tensor(0.1930, device='cuda:0', grad_fn=<DivBackward0>)
Memory status after this epoch: 
Memory allocated:  400.39453125
Memory cached:  790.0
	 epoch  40 training error:  tensor(0.9891, device='cuda:0', grad_fn=<DivBackward0>)
	 epoch  40 test error:  tensor(0.1938, device='cuda:0', grad_fn=<DivBackward0>)
Memory status after this epoch: 
Memory allocated:  401.19140625
Memory cached:  790.0
	 epoch  50 training error:  tensor(0.9883, device='cuda:0', grad_fn=<DivBackward0>)
	 epoch  50 test error:  tensor(0.1941, device='cuda:0', grad_fn=<DivBackward0>)
Memory status after this epoch: 
Memory allocated:  400.01953125
Memory cached:  790.0
	 epoch  60 training error:  tensor(0.9869, device='cuda:0', grad_fn=<DivBackward0>)
	 epoch  60 test error:  tensor(0.1966, device='cuda:0', grad_fn=<DivBackward0>)
Memory status after this epoch: 
Memory allocated:  400.76953125
Memory cached:  790.0
	 epoch  70 training error:  tensor(0.9870, device='cuda:0', grad_fn=<DivBackward0>)
	 epoch  70 test error:  tensor(0.1946, device='cuda:0', grad_fn=<DivBackward0>)
Memory status after this epoch: 
Memory allocated:  401.23828125
Memory cached:  790.0
	 epoch  80 training error:  tensor(0.9858, device='cuda:0', grad_fn=<DivBackward0>)
	 epoch  80 test error:  tensor(0.1954, device='cuda:0', grad_fn=<DivBackward0>)
Memory status after this epoch: 
Memory allocated:  400.39453125
Memory cached:  790.0
	 epoch  90 training error:  tensor(0.9852, device='cuda:0', grad_fn=<DivBackward0>)
	 epoch  90 test error:  tensor(0.1954, device='cuda:0', grad_fn=<DivBackward0>)
Memory status after this epoch: 
Memory allocated:  401.23828125
Memory cached:  790.0
[I 2023-11-17 14:46:56,130] Trial 44 finished with value: 0.19589675962924957 and parameters: {'W_layers': 8, 'W_layer_units_exponent_0': 7, 'W_layer_units_exponent_1': 6, 'W_layer_units_exponent_2': 9, 'W_layer_units_exponent_3': 10, 'W_layer_units_exponent_4': 5, 'W_layer_units_exponent_5': 7, 'W_layer_units_exponent_6': 10, 'W_layer_units_exponent_7': 9, 'D_layers': 4, 'D_layer_units_exponent_0': 8, 'D_layer_units_exponent_1': 4, 'D_layer_units_exponent_2': 9, 'D_layer_units_exponent_3': 8, 'log_learning_rate': -3.7021502237049884, 'log_learning_rate_D': -3.6403985471313267, 'training_batch_size': 9, 'training_p': 6}. Best is trial 37 with value: 0.19051067531108856.
Time for this trial:  177.64679312705994
Memory status after this trial: 
Memory allocated:  765.87890625
Memory cached:  790.0
--------------------  Trial  45   --------------------
Start timing: 
Parameters: 
{'W_layers': 7, 'W_layer_units_exponent_0': 6, 'W_layer_units_exponent_1': 7, 'W_layer_units_exponent_2': 9, 'W_layer_units_exponent_3': 9, 'W_layer_units_exponent_4': 6, 'W_layer_units_exponent_5': 9, 'W_layer_units_exponent_6': 8, 'D_layers': 6, 'D_layer_units_exponent_0': 8, 'D_layer_units_exponent_1': 5, 'D_layer_units_exponent_2': 10, 'D_layer_units_exponent_3': 10, 'D_layer_units_exponent_4': 7, 'D_layer_units_exponent_5': 4, 'log_learning_rate': -4.722842985169834, 'log_learning_rate_D': -3.0780392136038137, 'training_batch_size': 8, 'training_p': 2}
	 epoch  0 training error:  tensor(1.0016, device='cuda:0', grad_fn=<DivBackward0>)
	 epoch  0 test error:  tensor(0.1922, device='cuda:0', grad_fn=<DivBackward0>)
Memory status after this epoch: 
Memory allocated:  409.33251953125
Memory cached:  548.0
	 epoch  10 training error:  tensor(0.9959, device='cuda:0', grad_fn=<DivBackward0>)
	 epoch  10 test error:  tensor(0.1916, device='cuda:0', grad_fn=<DivBackward0>)
Memory status after this epoch: 
Memory allocated:  408.77001953125
Memory cached:  800.0
	 epoch  20 training error:  tensor(0.9943, device='cuda:0', grad_fn=<DivBackward0>)
	 epoch  20 test error:  tensor(0.1914, device='cuda:0', grad_fn=<DivBackward0>)
Memory status after this epoch: 
Memory allocated:  409.33251953125
Memory cached:  800.0
	 epoch  30 training error:  tensor(0.9945, device='cuda:0', grad_fn=<DivBackward0>)
	 epoch  30 test error:  tensor(0.1914, device='cuda:0', grad_fn=<DivBackward0>)
Memory status after this epoch: 
Memory allocated:  408.77001953125
Memory cached:  800.0
	 epoch  40 training error:  tensor(0.9943, device='cuda:0', grad_fn=<DivBackward0>)
	 epoch  40 test error:  tensor(0.1914, device='cuda:0', grad_fn=<DivBackward0>)
Memory status after this epoch: 
Memory allocated:  409.33251953125
Memory cached:  800.0
	 epoch  50 training error:  tensor(0.9943, device='cuda:0', grad_fn=<DivBackward0>)
	 epoch  50 test error:  tensor(0.1914, device='cuda:0', grad_fn=<DivBackward0>)
Memory status after this epoch: 
Memory allocated:  408.77001953125
Memory cached:  800.0
	 epoch  60 training error:  tensor(0.9942, device='cuda:0', grad_fn=<DivBackward0>)
	 epoch  60 test error:  tensor(0.1913, device='cuda:0', grad_fn=<DivBackward0>)
Memory status after this epoch: 
Memory allocated:  409.33251953125
Memory cached:  802.0
	 epoch  70 training error:  tensor(0.9942, device='cuda:0', grad_fn=<DivBackward0>)
	 epoch  70 test error:  tensor(0.1913, device='cuda:0', grad_fn=<DivBackward0>)
Memory status after this epoch: 
Memory allocated:  408.77001953125
Memory cached:  800.0
	 epoch  80 training error:  tensor(0.9942, device='cuda:0', grad_fn=<DivBackward0>)
	 epoch  80 test error:  tensor(0.1912, device='cuda:0', grad_fn=<DivBackward0>)
Memory status after this epoch: 
Memory allocated:  409.33251953125
Memory cached:  800.0
	 epoch  90 training error:  tensor(0.9941, device='cuda:0', grad_fn=<DivBackward0>)
	 epoch  90 test error:  tensor(0.1912, device='cuda:0', grad_fn=<DivBackward0>)
Memory status after this epoch: 
Memory allocated:  408.77001953125
Memory cached:  802.0
[I 2023-11-17 14:50:07,580] Trial 45 finished with value: 0.1911512166261673 and parameters: {'W_layers': 7, 'W_layer_units_exponent_0': 6, 'W_layer_units_exponent_1': 7, 'W_layer_units_exponent_2': 9, 'W_layer_units_exponent_3': 9, 'W_layer_units_exponent_4': 6, 'W_layer_units_exponent_5': 9, 'W_layer_units_exponent_6': 8, 'D_layers': 6, 'D_layer_units_exponent_0': 8, 'D_layer_units_exponent_1': 5, 'D_layer_units_exponent_2': 10, 'D_layer_units_exponent_3': 10, 'D_layer_units_exponent_4': 7, 'D_layer_units_exponent_5': 4, 'log_learning_rate': -4.722842985169834, 'log_learning_rate_D': -3.0780392136038137, 'training_batch_size': 8, 'training_p': 2}. Best is trial 37 with value: 0.19051067531108856.
Time for this trial:  191.20291900634766
Memory status after this trial: 
Memory allocated:  773.5009765625
Memory cached:  800.0
--------------------  Trial  46   --------------------
Start timing: 
Parameters: 
{'W_layers': 7, 'W_layer_units_exponent_0': 6, 'W_layer_units_exponent_1': 6, 'W_layer_units_exponent_2': 8, 'W_layer_units_exponent_3': 10, 'W_layer_units_exponent_4': 5, 'W_layer_units_exponent_5': 6, 'W_layer_units_exponent_6': 5, 'D_layers': 5, 'D_layer_units_exponent_0': 5, 'D_layer_units_exponent_1': 6, 'D_layer_units_exponent_2': 9, 'D_layer_units_exponent_3': 9, 'D_layer_units_exponent_4': 9, 'log_learning_rate': -4.3914166548143125, 'log_learning_rate_D': -3.3670885562251356, 'training_batch_size': 10, 'training_p': 2}
	 epoch  0 training error:  tensor(1.0002, device='cuda:0', grad_fn=<DivBackward0>)
	 epoch  0 test error:  tensor(0.1921, device='cuda:0', grad_fn=<DivBackward0>)
Memory status after this epoch: 
Memory allocated:  323.30078125
Memory cached:  462.0
	 epoch  10 training error:  tensor(0.9955, device='cuda:0', grad_fn=<DivBackward0>)
	 epoch  10 test error:  tensor(0.1916, device='cuda:0', grad_fn=<DivBackward0>)
Memory status after this epoch: 
Memory allocated:  322.92578125
Memory cached:  642.0
	 epoch  20 training error:  tensor(0.9943, device='cuda:0', grad_fn=<DivBackward0>)
	 epoch  20 test error:  tensor(0.1914, device='cuda:0', grad_fn=<DivBackward0>)
Memory status after this epoch: 
Memory allocated:  323.20703125
Memory cached:  642.0
	 epoch  30 training error:  tensor(0.9944, device='cuda:0', grad_fn=<DivBackward0>)
	 epoch  30 test error:  tensor(0.1914, device='cuda:0', grad_fn=<DivBackward0>)
Memory status after this epoch: 
Memory allocated:  322.92578125
Memory cached:  638.0
	 epoch  40 training error:  tensor(0.9943, device='cuda:0', grad_fn=<DivBackward0>)
	 epoch  40 test error:  tensor(0.1914, device='cuda:0', grad_fn=<DivBackward0>)
Memory status after this epoch: 
Memory allocated:  323.20703125
Memory cached:  638.0
	 epoch  50 training error:  tensor(0.9942, device='cuda:0', grad_fn=<DivBackward0>)
	 epoch  50 test error:  tensor(0.1913, device='cuda:0', grad_fn=<DivBackward0>)
Memory status after this epoch: 
Memory allocated:  322.92578125
Memory cached:  638.0
	 epoch  60 training error:  tensor(0.9942, device='cuda:0', grad_fn=<DivBackward0>)
	 epoch  60 test error:  tensor(0.1913, device='cuda:0', grad_fn=<DivBackward0>)
Memory status after this epoch: 
Memory allocated:  323.20703125
Memory cached:  638.0
	 epoch  70 training error:  tensor(0.9941, device='cuda:0', grad_fn=<DivBackward0>)
	 epoch  70 test error:  tensor(0.1912, device='cuda:0', grad_fn=<DivBackward0>)
Memory status after this epoch: 
Memory allocated:  322.92578125
Memory cached:  638.0
	 epoch  80 training error:  tensor(0.9941, device='cuda:0', grad_fn=<DivBackward0>)
	 epoch  80 test error:  tensor(0.1912, device='cuda:0', grad_fn=<DivBackward0>)
Memory status after this epoch: 
Memory allocated:  323.20703125
Memory cached:  638.0
	 epoch  90 training error:  tensor(0.9940, device='cuda:0', grad_fn=<DivBackward0>)
	 epoch  90 test error:  tensor(0.1911, device='cuda:0', grad_fn=<DivBackward0>)
Memory status after this epoch: 
Memory allocated:  323.01953125
Memory cached:  638.0
