[I 2023-11-16 12:00:27,482] Trial 11 finished with value: 0.025051865726709366 and parameters: {'W_layers': 3, 'W_layer_units_exponent_0': 7, 'W_layer_units_exponent_1': 8, 'W_layer_units_exponent_2': 10, 'D_layers': 7, 'D_layer_units_exponent_0': 6, 'D_layer_units_exponent_1': 6, 'D_layer_units_exponent_2': 10, 'D_layer_units_exponent_3': 8, 'D_layer_units_exponent_4': 4, 'D_layer_units_exponent_5': 10, 'D_layer_units_exponent_6': 4, 'D_dagger_layers': 8, 'D_dagger_layer_units_exponent_0': 4, 'D_dagger_layer_units_exponent_1': 4, 'D_dagger_layer_units_exponent_2': 10, 'D_dagger_layer_units_exponent_3': 7, 'D_dagger_layer_units_exponent_4': 7, 'D_dagger_layer_units_exponent_5': 4, 'D_dagger_layer_units_exponent_6': 10, 'D_dagger_layer_units_exponent_7': 6, 'log_learning_rate': -3.3299478367939805, 'log_learning_rate_D': -4.760874850714256, 'log_learning_rate_D_dagger': -2.1429320021468397, 'training_batch_size': 12, 'training_p': 7}. Best is trial 10 with value: 0.007903523743152618.
Time for this trial:  19.482588291168213
Memory status after this trial: 
Memory allocated:  210.326171875
Memory cached:  250.0
--------------------  Trial  12   --------------------
Start timing: 
Parameters: 
{'W_layers': 4, 'W_layer_units_exponent_0': 7, 'W_layer_units_exponent_1': 8, 'W_layer_units_exponent_2': 10, 'W_layer_units_exponent_3': 4, 'D_layers': 8, 'D_layer_units_exponent_0': 6, 'D_layer_units_exponent_1': 6, 'D_layer_units_exponent_2': 10, 'D_layer_units_exponent_3': 8, 'D_layer_units_exponent_4': 4, 'D_layer_units_exponent_5': 10, 'D_layer_units_exponent_6': 4, 'D_layer_units_exponent_7': 4, 'D_dagger_layers': 8, 'D_dagger_layer_units_exponent_0': 4, 'D_dagger_layer_units_exponent_1': 5, 'D_dagger_layer_units_exponent_2': 10, 'D_dagger_layer_units_exponent_3': 6, 'D_dagger_layer_units_exponent_4': 7, 'D_dagger_layer_units_exponent_5': 6, 'D_dagger_layer_units_exponent_6': 10, 'D_dagger_layer_units_exponent_7': 6, 'log_learning_rate': -3.2693677473328613, 'log_learning_rate_D': -4.941683902688236, 'log_learning_rate_D_dagger': -2.236974616120006, 'training_batch_size': 12, 'training_p': 7}
	 epoch  0 training error:  tensor(0.7918, device='cuda:0', grad_fn=<DivBackward0>)
Memory status after this epoch: 
Memory allocated:  10.15966796875
Memory cached:  16.0
	 epoch  10 training error:  tensor(0.0213, device='cuda:0', grad_fn=<DivBackward0>)
Memory status after this epoch: 
Memory allocated:  10.15966796875
Memory cached:  18.0
	 epoch  20 training error:  tensor(0.0162, device='cuda:0', grad_fn=<DivBackward0>)
Memory status after this epoch: 
Memory allocated:  10.15966796875
Memory cached:  18.0
	 epoch  30 training error:  tensor(0.0198, device='cuda:0', grad_fn=<DivBackward0>)
Memory status after this epoch: 
Memory allocated:  10.15966796875
Memory cached:  18.0
	 epoch  40 training error:  tensor(0.0238, device='cuda:0', grad_fn=<DivBackward0>)
Memory status after this epoch: 
Memory allocated:  10.15966796875
Memory cached:  18.0
	 epoch  50 training error:  tensor(0.0207, device='cuda:0', grad_fn=<DivBackward0>)
Memory status after this epoch: 
Memory allocated:  10.15966796875
Memory cached:  18.0
	 epoch  60 training error:  tensor(0.0359, device='cuda:0', grad_fn=<DivBackward0>)
Memory status after this epoch: 
Memory allocated:  10.15966796875
Memory cached:  18.0
	 epoch  70 training error:  tensor(0.0469, device='cuda:0', grad_fn=<DivBackward0>)
Memory status after this epoch: 
Memory allocated:  10.15966796875
Memory cached:  18.0
	 epoch  80 training error:  tensor(0.0653, device='cuda:0', grad_fn=<DivBackward0>)
Memory status after this epoch: 
Memory allocated:  10.15966796875
Memory cached:  18.0
	 epoch  90 training error:  tensor(0.0548, device='cuda:0', grad_fn=<DivBackward0>)
Memory status after this epoch: 
Memory allocated:  10.15966796875
Memory cached:  18.0
[I 2023-11-16 12:00:47,705] Trial 12 finished with value: 0.01864759251475334 and parameters: {'W_layers': 4, 'W_layer_units_exponent_0': 7, 'W_layer_units_exponent_1': 8, 'W_layer_units_exponent_2': 10, 'W_layer_units_exponent_3': 4, 'D_layers': 8, 'D_layer_units_exponent_0': 6, 'D_layer_units_exponent_1': 6, 'D_layer_units_exponent_2': 10, 'D_layer_units_exponent_3': 8, 'D_layer_units_exponent_4': 4, 'D_layer_units_exponent_5': 10, 'D_layer_units_exponent_6': 4, 'D_layer_units_exponent_7': 4, 'D_dagger_layers': 8, 'D_dagger_layer_units_exponent_0': 4, 'D_dagger_layer_units_exponent_1': 5, 'D_dagger_layer_units_exponent_2': 10, 'D_dagger_layer_units_exponent_3': 6, 'D_dagger_layer_units_exponent_4': 7, 'D_dagger_layer_units_exponent_5': 6, 'D_dagger_layer_units_exponent_6': 10, 'D_dagger_layer_units_exponent_7': 6, 'log_learning_rate': -3.2693677473328613, 'log_learning_rate_D': -4.941683902688236, 'log_learning_rate_D_dagger': -2.236974616120006, 'training_batch_size': 12, 'training_p': 7}. Best is trial 10 with value: 0.007903523743152618.
Time for this trial:  19.98129963874817
Memory status after this trial: 
Memory allocated:  211.2861328125
Memory cached:  252.0
--------------------  Trial  13   --------------------
Start timing: 
Parameters: 
{'W_layers': 3, 'W_layer_units_exponent_0': 8, 'W_layer_units_exponent_1': 8, 'W_layer_units_exponent_2': 9, 'D_layers': 6, 'D_layer_units_exponent_0': 5, 'D_layer_units_exponent_1': 6, 'D_layer_units_exponent_2': 9, 'D_layer_units_exponent_3': 7, 'D_layer_units_exponent_4': 5, 'D_layer_units_exponent_5': 8, 'D_dagger_layers': 8, 'D_dagger_layer_units_exponent_0': 6, 'D_dagger_layer_units_exponent_1': 4, 'D_dagger_layer_units_exponent_2': 9, 'D_dagger_layer_units_exponent_3': 8, 'D_dagger_layer_units_exponent_4': 6, 'D_dagger_layer_units_exponent_5': 4, 'D_dagger_layer_units_exponent_6': 7, 'D_dagger_layer_units_exponent_7': 9, 'log_learning_rate': -4.9363450577939, 'log_learning_rate_D': -3.3768046406923578, 'log_learning_rate_D_dagger': -1.8509678833813994, 'training_batch_size': 11, 'training_p': 6}
	 epoch  0 training error:  tensor(1.0648, device='cuda:0', grad_fn=<DivBackward0>)
Memory status after this epoch: 
Memory allocated:  7.09814453125
Memory cached:  10.0
	 epoch  10 training error:  tensor(1.4768, device='cuda:0', grad_fn=<DivBackward0>)
Memory status after this epoch: 
Memory allocated:  7.09814453125
Memory cached:  12.0
	 epoch  20 training error:  tensor(0.6094, device='cuda:0', grad_fn=<DivBackward0>)
Memory status after this epoch: 
Memory allocated:  7.09814453125
Memory cached:  12.0
	 epoch  30 training error:  tensor(0.2534, device='cuda:0', grad_fn=<DivBackward0>)
Memory status after this epoch: 
Memory allocated:  7.09814453125
Memory cached:  12.0
	 epoch  40 training error:  tensor(0.2657, device='cuda:0', grad_fn=<DivBackward0>)
Memory status after this epoch: 
Memory allocated:  7.09814453125
Memory cached:  12.0
	 epoch  50 training error:  tensor(0.0145, device='cuda:0', grad_fn=<DivBackward0>)
Memory status after this epoch: 
Memory allocated:  7.09814453125
Memory cached:  12.0
	 epoch  60 training error:  tensor(0.0279, device='cuda:0', grad_fn=<DivBackward0>)
Memory status after this epoch: 
Memory allocated:  7.09814453125
Memory cached:  12.0
	 epoch  70 training error:  tensor(0.0820, device='cuda:0', grad_fn=<DivBackward0>)
Memory status after this epoch: 
Memory allocated:  7.09814453125
Memory cached:  12.0
	 epoch  80 training error:  tensor(0.2027, device='cuda:0', grad_fn=<DivBackward0>)
Memory status after this epoch: 
Memory allocated:  7.09814453125
Memory cached:  12.0
	 epoch  90 training error:  tensor(0.1292, device='cuda:0', grad_fn=<DivBackward0>)
Memory status after this epoch: 
Memory allocated:  7.09814453125
Memory cached:  12.0
[I 2023-11-16 12:01:07,448] Trial 13 finished with value: 0.01867629401385784 and parameters: {'W_layers': 3, 'W_layer_units_exponent_0': 8, 'W_layer_units_exponent_1': 8, 'W_layer_units_exponent_2': 9, 'D_layers': 6, 'D_layer_units_exponent_0': 5, 'D_layer_units_exponent_1': 6, 'D_layer_units_exponent_2': 9, 'D_layer_units_exponent_3': 7, 'D_layer_units_exponent_4': 5, 'D_layer_units_exponent_5': 8, 'D_dagger_layers': 8, 'D_dagger_layer_units_exponent_0': 6, 'D_dagger_layer_units_exponent_1': 4, 'D_dagger_layer_units_exponent_2': 9, 'D_dagger_layer_units_exponent_3': 8, 'D_dagger_layer_units_exponent_4': 6, 'D_dagger_layer_units_exponent_5': 4, 'D_dagger_layer_units_exponent_6': 7, 'D_dagger_layer_units_exponent_7': 9, 'log_learning_rate': -4.9363450577939, 'log_learning_rate_D': -3.3768046406923578, 'log_learning_rate_D_dagger': -1.8509678833813994, 'training_batch_size': 11, 'training_p': 6}. Best is trial 10 with value: 0.007903523743152618.
Time for this trial:  19.537221670150757
Memory status after this trial: 
Memory allocated:  144.2529296875
Memory cached:  164.0
--------------------  Trial  14   --------------------
Start timing: 
Parameters: 
{'W_layers': 4, 'W_layer_units_exponent_0': 6, 'W_layer_units_exponent_1': 10, 'W_layer_units_exponent_2': 10, 'W_layer_units_exponent_3': 5, 'D_layers': 6, 'D_layer_units_exponent_0': 10, 'D_layer_units_exponent_1': 5, 'D_layer_units_exponent_2': 9, 'D_layer_units_exponent_3': 9, 'D_layer_units_exponent_4': 6, 'D_layer_units_exponent_5': 8, 'D_dagger_layers': 7, 'D_dagger_layer_units_exponent_0': 10, 'D_dagger_layer_units_exponent_1': 6, 'D_dagger_layer_units_exponent_2': 4, 'D_dagger_layer_units_exponent_3': 10, 'D_dagger_layer_units_exponent_4': 4, 'D_dagger_layer_units_exponent_5': 5, 'D_dagger_layer_units_exponent_6': 8, 'log_learning_rate': -3.941717968330869, 'log_learning_rate_D': -4.317309488786998, 'log_learning_rate_D_dagger': -2.6666252333437663, 'training_batch_size': 6, 'training_p': 6}
	 epoch  0 training error:  tensor(0.9035, device='cuda:0', grad_fn=<DivBackward0>)
Memory status after this epoch: 
Memory allocated:  20.77001953125
Memory cached:  52.0
	 epoch  10 training error:  tensor(0.0594, device='cuda:0', grad_fn=<DivBackward0>)
Memory status after this epoch: 
Memory allocated:  20.77001953125
Memory cached:  56.0
	 epoch  20 training error:  tensor(0.1011, device='cuda:0', grad_fn=<DivBackward0>)
Memory status after this epoch: 
Memory allocated:  20.77001953125
Memory cached:  54.0
	 epoch  30 training error:  tensor(0.0742, device='cuda:0', grad_fn=<DivBackward0>)
Memory status after this epoch: 
Memory allocated:  20.77001953125
Memory cached:  54.0
	 epoch  40 training error:  tensor(0.0776, device='cuda:0', grad_fn=<DivBackward0>)
Memory status after this epoch: 
Memory allocated:  20.77001953125
Memory cached:  54.0
	 epoch  50 training error:  tensor(0.0374, device='cuda:0', grad_fn=<DivBackward0>)
Memory status after this epoch: 
Memory allocated:  20.77001953125
Memory cached:  54.0
	 epoch  60 training error:  tensor(0.0400, device='cuda:0', grad_fn=<DivBackward0>)
Memory status after this epoch: 
Memory allocated:  20.77001953125
Memory cached:  54.0
	 epoch  70 training error:  tensor(0.0641, device='cuda:0', grad_fn=<DivBackward0>)
Memory status after this epoch: 
Memory allocated:  20.77001953125
Memory cached:  54.0
	 epoch  80 training error:  tensor(0.0679, device='cuda:0', grad_fn=<DivBackward0>)
Memory status after this epoch: 
Memory allocated:  20.77001953125
Memory cached:  54.0
	 epoch  90 training error:  tensor(0.0393, device='cuda:0', grad_fn=<DivBackward0>)
Memory status after this epoch: 
Memory allocated:  20.77001953125
Memory cached:  54.0
[I 2023-11-16 12:01:31,003] Trial 14 finished with value: 0.03453172370791435 and parameters: {'W_layers': 4, 'W_layer_units_exponent_0': 6, 'W_layer_units_exponent_1': 10, 'W_layer_units_exponent_2': 10, 'W_layer_units_exponent_3': 5, 'D_layers': 6, 'D_layer_units_exponent_0': 10, 'D_layer_units_exponent_1': 5, 'D_layer_units_exponent_2': 9, 'D_layer_units_exponent_3': 9, 'D_layer_units_exponent_4': 6, 'D_layer_units_exponent_5': 8, 'D_dagger_layers': 7, 'D_dagger_layer_units_exponent_0': 10, 'D_dagger_layer_units_exponent_1': 6, 'D_dagger_layer_units_exponent_2': 4, 'D_dagger_layer_units_exponent_3': 10, 'D_dagger_layer_units_exponent_4': 4, 'D_dagger_layer_units_exponent_5': 5, 'D_dagger_layer_units_exponent_6': 8, 'log_learning_rate': -3.941717968330869, 'log_learning_rate_D': -4.317309488786998, 'log_learning_rate_D_dagger': -2.6666252333437663, 'training_batch_size': 6, 'training_p': 6}. Best is trial 10 with value: 0.007903523743152618.
Time for this trial:  23.328993558883667
Memory status after this trial: 
Memory allocated:  257.1455078125
Memory cached:  306.0
--------------------  Trial  15   --------------------
Start timing: 
Parameters: 
{'W_layers': 3, 'W_layer_units_exponent_0': 8, 'W_layer_units_exponent_1': 7, 'W_layer_units_exponent_2': 9, 'D_layers': 6, 'D_layer_units_exponent_0': 6, 'D_layer_units_exponent_1': 8, 'D_layer_units_exponent_2': 9, 'D_layer_units_exponent_3': 7, 'D_layer_units_exponent_4': 10, 'D_layer_units_exponent_5': 10, 'D_dagger_layers': 2, 'D_dagger_layer_units_exponent_0': 8, 'D_dagger_layer_units_exponent_1': 6, 'log_learning_rate': -3.501001691017636, 'log_learning_rate_D': -3.477766334782313, 'log_learning_rate_D_dagger': -1.7197993805743061, 'training_batch_size': 8, 'training_p': 7}
	 epoch  0 training error:  tensor(0.4818, device='cuda:0', grad_fn=<DivBackward0>)
Memory status after this epoch: 
Memory allocated:  7.27392578125
Memory cached:  20.0
	 epoch  10 training error:  tensor(0.1476, device='cuda:0', grad_fn=<DivBackward0>)
Memory status after this epoch: 
Memory allocated:  7.27392578125
Memory cached:  20.0
	 epoch  20 training error:  tensor(0.1733, device='cuda:0', grad_fn=<DivBackward0>)
Memory status after this epoch: 
Memory allocated:  7.27392578125
Memory cached:  20.0
	 epoch  30 training error:  tensor(0.0186, device='cuda:0', grad_fn=<DivBackward0>)
Memory status after this epoch: 
Memory allocated:  7.27392578125
Memory cached:  20.0
	 epoch  40 training error:  tensor(0.0768, device='cuda:0', grad_fn=<DivBackward0>)
Memory status after this epoch: 
Memory allocated:  7.27392578125
Memory cached:  20.0
	 epoch  50 training error:  tensor(0.0361, device='cuda:0', grad_fn=<DivBackward0>)
Memory status after this epoch: 
Memory allocated:  7.27392578125
Memory cached:  20.0
	 epoch  60 training error:  tensor(0.0346, device='cuda:0', grad_fn=<DivBackward0>)
Memory status after this epoch: 
Memory allocated:  7.27392578125
Memory cached:  20.0
	 epoch  70 training error:  tensor(0.0184, device='cuda:0', grad_fn=<DivBackward0>)
Memory status after this epoch: 
Memory allocated:  7.27392578125
Memory cached:  20.0
	 epoch  80 training error:  tensor(0.0247, device='cuda:0', grad_fn=<DivBackward0>)
Memory status after this epoch: 
Memory allocated:  7.27392578125
Memory cached:  20.0
	 epoch  90 training error:  tensor(0.0326, device='cuda:0', grad_fn=<DivBackward0>)
Memory status after this epoch: 
Memory allocated:  7.27392578125
Memory cached:  20.0
[I 2023-11-16 12:01:48,407] Trial 15 finished with value: 0.01592755690217018 and parameters: {'W_layers': 3, 'W_layer_units_exponent_0': 8, 'W_layer_units_exponent_1': 7, 'W_layer_units_exponent_2': 9, 'D_layers': 6, 'D_layer_units_exponent_0': 6, 'D_layer_units_exponent_1': 8, 'D_layer_units_exponent_2': 9, 'D_layer_units_exponent_3': 7, 'D_layer_units_exponent_4': 10, 'D_layer_units_exponent_5': 10, 'D_dagger_layers': 2, 'D_dagger_layer_units_exponent_0': 8, 'D_dagger_layer_units_exponent_1': 6, 'log_learning_rate': -3.501001691017636, 'log_learning_rate_D': -3.477766334782313, 'log_learning_rate_D_dagger': -1.7197993805743061, 'training_batch_size': 8, 'training_p': 7}. Best is trial 10 with value: 0.007903523743152618.
Time for this trial:  17.22459840774536
Memory status after this trial: 
Memory allocated:  67.283203125
Memory cached:  92.0
--------------------  Trial  16   --------------------
Start timing: 
Parameters: 
{'W_layers': 4, 'W_layer_units_exponent_0': 6, 'W_layer_units_exponent_1': 9, 'W_layer_units_exponent_2': 6, 'W_layer_units_exponent_3': 6, 'D_layers': 8, 'D_layer_units_exponent_0': 8, 'D_layer_units_exponent_1': 7, 'D_layer_units_exponent_2': 8, 'D_layer_units_exponent_3': 8, 'D_layer_units_exponent_4': 7, 'D_layer_units_exponent_5': 6, 'D_layer_units_exponent_6': 7, 'D_layer_units_exponent_7': 10, 'D_dagger_layers': 8, 'D_dagger_layer_units_exponent_0': 5, 'D_dagger_layer_units_exponent_1': 5, 'D_dagger_layer_units_exponent_2': 9, 'D_dagger_layer_units_exponent_3': 6, 'D_dagger_layer_units_exponent_4': 8, 'D_dagger_layer_units_exponent_5': 10, 'D_dagger_layer_units_exponent_6': 7, 'D_dagger_layer_units_exponent_7': 4, 'log_learning_rate': -2.8607295362646834, 'log_learning_rate_D': -2.739694791492748, 'log_learning_rate_D_dagger': -2.6526590374351957, 'training_batch_size': 11, 'training_p': 6}
	 epoch  0 training error:  tensor(0.9123, device='cuda:0', grad_fn=<DivBackward0>)
Memory status after this epoch: 
Memory allocated:  9.52685546875
Memory cached:  12.0
	 epoch  10 training error:  tensor(0.0648, device='cuda:0', grad_fn=<DivBackward0>)
Memory status after this epoch: 
Memory allocated:  9.52685546875
Memory cached:  14.0
	 epoch  20 training error:  tensor(0.0272, device='cuda:0', grad_fn=<DivBackward0>)
Memory status after this epoch: 
Memory allocated:  9.52685546875
Memory cached:  14.0
	 epoch  30 training error:  tensor(0.0303, device='cuda:0', grad_fn=<DivBackward0>)
Memory status after this epoch: 
Memory allocated:  9.52685546875
Memory cached:  14.0
	 epoch  40 training error:  tensor(0.0408, device='cuda:0', grad_fn=<DivBackward0>)
Memory status after this epoch: 
Memory allocated:  9.52685546875
Memory cached:  14.0
	 epoch  50 training error:  tensor(0.0247, device='cuda:0', grad_fn=<DivBackward0>)
Memory status after this epoch: 
Memory allocated:  9.52685546875
Memory cached:  14.0
	 epoch  60 training error:  tensor(0.0404, device='cuda:0', grad_fn=<DivBackward0>)
Memory status after this epoch: 
Memory allocated:  9.52685546875
Memory cached:  14.0
	 epoch  70 training error:  tensor(0.0244, device='cuda:0', grad_fn=<DivBackward0>)
Memory status after this epoch: 
Memory allocated:  9.52685546875
Memory cached:  14.0
	 epoch  80 training error:  tensor(0.0393, device='cuda:0', grad_fn=<DivBackward0>)
Memory status after this epoch: 
Memory allocated:  9.52685546875
Memory cached:  14.0
	 epoch  90 training error:  tensor(0.0240, device='cuda:0', grad_fn=<DivBackward0>)
Memory status after this epoch: 
Memory allocated:  9.52685546875
Memory cached:  14.0
