[I 2023-11-16 17:12:52,573] Trial 5 finished with value: 8.024369239807129 and parameters: {'W_layers': 2, 'W_layer_units_exponent_0': 7, 'W_layer_units_exponent_1': 6, 'D_layers': 8, 'D_layer_units_exponent_0': 4, 'D_layer_units_exponent_1': 10, 'D_layer_units_exponent_2': 8, 'D_layer_units_exponent_3': 9, 'D_layer_units_exponent_4': 9, 'D_layer_units_exponent_5': 7, 'D_layer_units_exponent_6': 4, 'D_layer_units_exponent_7': 5, 'D_dagger_layers': 7, 'D_dagger_layer_units_exponent_0': 6, 'D_dagger_layer_units_exponent_1': 10, 'D_dagger_layer_units_exponent_2': 7, 'D_dagger_layer_units_exponent_3': 6, 'D_dagger_layer_units_exponent_4': 8, 'D_dagger_layer_units_exponent_5': 5, 'D_dagger_layer_units_exponent_6': 4, 'log_learning_rate': -2.050886416723706, 'log_learning_rate_D': -1.4182310543505015, 'log_learning_rate_D_dagger': -1.3094784577256946, 'training_batch_size': 12, 'training_p': 2}. Best is trial 0 with value: 0.7597449421882629.
Time for this trial:  18.007579803466797
Memory status after this trial: 
Memory allocated:  97.3837890625
Memory cached:  114.0
--------------------  Trial  6   --------------------
Start timing: 
Parameters: 
{'W_layers': 2, 'W_layer_units_exponent_0': 9, 'W_layer_units_exponent_1': 8, 'D_layers': 7, 'D_layer_units_exponent_0': 9, 'D_layer_units_exponent_1': 6, 'D_layer_units_exponent_2': 7, 'D_layer_units_exponent_3': 5, 'D_layer_units_exponent_4': 4, 'D_layer_units_exponent_5': 7, 'D_layer_units_exponent_6': 9, 'D_dagger_layers': 7, 'D_dagger_layer_units_exponent_0': 10, 'D_dagger_layer_units_exponent_1': 4, 'D_dagger_layer_units_exponent_2': 4, 'D_dagger_layer_units_exponent_3': 7, 'D_dagger_layer_units_exponent_4': 7, 'D_dagger_layer_units_exponent_5': 5, 'D_dagger_layer_units_exponent_6': 7, 'log_learning_rate': -2.7657913848857936, 'log_learning_rate_D': -3.8044717862125936, 'log_learning_rate_D_dagger': -4.398811639328829, 'training_batch_size': 10, 'training_p': 5}
	 epoch  0 training error:  tensor(71.8522, device='cuda:0', grad_fn=<DivBackward0>)
Memory status after this epoch: 
Memory allocated:  3.3271484375
Memory cached:  12.0
	 epoch  10 training error:  tensor(68.4514, device='cuda:0', grad_fn=<DivBackward0>)
Memory status after this epoch: 
Memory allocated:  3.3271484375
Memory cached:  12.0
	 epoch  20 training error:  tensor(65.0615, device='cuda:0', grad_fn=<DivBackward0>)
Memory status after this epoch: 
Memory allocated:  3.3271484375
Memory cached:  12.0
	 epoch  30 training error:  tensor(58.7734, device='cuda:0', grad_fn=<DivBackward0>)
Memory status after this epoch: 
Memory allocated:  3.3271484375
Memory cached:  12.0
	 epoch  40 training error:  tensor(49.6113, device='cuda:0', grad_fn=<DivBackward0>)
Memory status after this epoch: 
Memory allocated:  3.3271484375
Memory cached:  12.0
	 epoch  50 training error:  tensor(37.0605, device='cuda:0', grad_fn=<DivBackward0>)
Memory status after this epoch: 
Memory allocated:  3.3271484375
Memory cached:  12.0
	 epoch  60 training error:  tensor(19.1431, device='cuda:0', grad_fn=<DivBackward0>)
Memory status after this epoch: 
Memory allocated:  3.3271484375
Memory cached:  12.0
	 epoch  70 training error:  tensor(6.4494, device='cuda:0', grad_fn=<DivBackward0>)
Memory status after this epoch: 
Memory allocated:  3.3271484375
Memory cached:  12.0
	 epoch  80 training error:  tensor(2.7527, device='cuda:0', grad_fn=<DivBackward0>)
Memory status after this epoch: 
Memory allocated:  3.3271484375
Memory cached:  12.0
	 epoch  90 training error:  tensor(1.2801, device='cuda:0', grad_fn=<DivBackward0>)
Memory status after this epoch: 
Memory allocated:  3.3271484375
Memory cached:  12.0
[I 2023-11-16 17:13:11,066] Trial 6 finished with value: 0.7707671523094177 and parameters: {'W_layers': 2, 'W_layer_units_exponent_0': 9, 'W_layer_units_exponent_1': 8, 'D_layers': 7, 'D_layer_units_exponent_0': 9, 'D_layer_units_exponent_1': 6, 'D_layer_units_exponent_2': 7, 'D_layer_units_exponent_3': 5, 'D_layer_units_exponent_4': 4, 'D_layer_units_exponent_5': 7, 'D_layer_units_exponent_6': 9, 'D_dagger_layers': 7, 'D_dagger_layer_units_exponent_0': 10, 'D_dagger_layer_units_exponent_1': 4, 'D_dagger_layer_units_exponent_2': 4, 'D_dagger_layer_units_exponent_3': 7, 'D_dagger_layer_units_exponent_4': 7, 'D_dagger_layer_units_exponent_5': 5, 'D_dagger_layer_units_exponent_6': 7, 'log_learning_rate': -2.7657913848857936, 'log_learning_rate_D': -3.8044717862125936, 'log_learning_rate_D_dagger': -4.398811639328829, 'training_batch_size': 10, 'training_p': 5}. Best is trial 0 with value: 0.7597449421882629.
Time for this trial:  18.3965482711792
Memory status after this trial: 
Memory allocated:  122.16015625
Memory cached:  148.0
--------------------  Trial  7   --------------------
Start timing: 
Parameters: 
{'W_layers': 6, 'W_layer_units_exponent_0': 8, 'W_layer_units_exponent_1': 10, 'W_layer_units_exponent_2': 5, 'W_layer_units_exponent_3': 8, 'W_layer_units_exponent_4': 7, 'W_layer_units_exponent_5': 6, 'D_layers': 7, 'D_layer_units_exponent_0': 5, 'D_layer_units_exponent_1': 9, 'D_layer_units_exponent_2': 8, 'D_layer_units_exponent_3': 4, 'D_layer_units_exponent_4': 7, 'D_layer_units_exponent_5': 8, 'D_layer_units_exponent_6': 7, 'D_dagger_layers': 7, 'D_dagger_layer_units_exponent_0': 10, 'D_dagger_layer_units_exponent_1': 9, 'D_dagger_layer_units_exponent_2': 7, 'D_dagger_layer_units_exponent_3': 8, 'D_dagger_layer_units_exponent_4': 7, 'D_dagger_layer_units_exponent_5': 6, 'D_dagger_layer_units_exponent_6': 6, 'log_learning_rate': -3.7123220255917846, 'log_learning_rate_D': -3.7879190674278274, 'log_learning_rate_D_dagger': -2.8130240819283023, 'training_batch_size': 11, 'training_p': 7}
	 epoch  0 training error:  tensor(67.3861, device='cuda:0', grad_fn=<DivBackward0>)
Memory status after this epoch: 
Memory allocated:  16.5263671875
Memory cached:  48.0
	 epoch  10 training error:  tensor(10.3067, device='cuda:0', grad_fn=<DivBackward0>)
Memory status after this epoch: 
Memory allocated:  16.5263671875
Memory cached:  50.0
	 epoch  20 training error:  tensor(2.1135, device='cuda:0', grad_fn=<DivBackward0>)
Memory status after this epoch: 
Memory allocated:  16.5263671875
Memory cached:  50.0
	 epoch  30 training error:  tensor(2.2773, device='cuda:0', grad_fn=<DivBackward0>)
Memory status after this epoch: 
Memory allocated:  16.5263671875
Memory cached:  50.0
	 epoch  40 training error:  tensor(2.3730, device='cuda:0', grad_fn=<DivBackward0>)
Memory status after this epoch: 
Memory allocated:  16.5263671875
Memory cached:  50.0
	 epoch  50 training error:  tensor(0.9850, device='cuda:0', grad_fn=<DivBackward0>)
Memory status after this epoch: 
Memory allocated:  16.5263671875
Memory cached:  50.0
	 epoch  60 training error:  tensor(1.8480, device='cuda:0', grad_fn=<DivBackward0>)
Memory status after this epoch: 
Memory allocated:  16.5263671875
Memory cached:  50.0
	 epoch  70 training error:  tensor(1.0687, device='cuda:0', grad_fn=<DivBackward0>)
Memory status after this epoch: 
Memory allocated:  16.5263671875
Memory cached:  50.0
	 epoch  80 training error:  tensor(1.1329, device='cuda:0', grad_fn=<DivBackward0>)
Memory status after this epoch: 
Memory allocated:  16.5263671875
Memory cached:  50.0
	 epoch  90 training error:  tensor(1.7206, device='cuda:0', grad_fn=<DivBackward0>)
Memory status after this epoch: 
Memory allocated:  16.5263671875
Memory cached:  50.0
[I 2023-11-16 17:13:31,145] Trial 7 finished with value: 1.5160726308822632 and parameters: {'W_layers': 6, 'W_layer_units_exponent_0': 8, 'W_layer_units_exponent_1': 10, 'W_layer_units_exponent_2': 5, 'W_layer_units_exponent_3': 8, 'W_layer_units_exponent_4': 7, 'W_layer_units_exponent_5': 6, 'D_layers': 7, 'D_layer_units_exponent_0': 5, 'D_layer_units_exponent_1': 9, 'D_layer_units_exponent_2': 8, 'D_layer_units_exponent_3': 4, 'D_layer_units_exponent_4': 7, 'D_layer_units_exponent_5': 8, 'D_layer_units_exponent_6': 7, 'D_dagger_layers': 7, 'D_dagger_layer_units_exponent_0': 10, 'D_dagger_layer_units_exponent_1': 9, 'D_dagger_layer_units_exponent_2': 7, 'D_dagger_layer_units_exponent_3': 8, 'D_dagger_layer_units_exponent_4': 7, 'D_dagger_layer_units_exponent_5': 6, 'D_dagger_layer_units_exponent_6': 6, 'log_learning_rate': -3.7123220255917846, 'log_learning_rate_D': -3.7879190674278274, 'log_learning_rate_D_dagger': -2.8130240819283023, 'training_batch_size': 11, 'training_p': 7}. Best is trial 0 with value: 0.7597449421882629.
Time for this trial:  19.992171049118042
Memory status after this trial: 
Memory allocated:  221.197265625
Memory cached:  254.0
--------------------  Trial  8   --------------------
Start timing: 
Parameters: 
{'W_layers': 4, 'W_layer_units_exponent_0': 8, 'W_layer_units_exponent_1': 6, 'W_layer_units_exponent_2': 7, 'W_layer_units_exponent_3': 4, 'D_layers': 8, 'D_layer_units_exponent_0': 4, 'D_layer_units_exponent_1': 6, 'D_layer_units_exponent_2': 6, 'D_layer_units_exponent_3': 7, 'D_layer_units_exponent_4': 7, 'D_layer_units_exponent_5': 7, 'D_layer_units_exponent_6': 6, 'D_layer_units_exponent_7': 9, 'D_dagger_layers': 2, 'D_dagger_layer_units_exponent_0': 9, 'D_dagger_layer_units_exponent_1': 9, 'log_learning_rate': -4.152335455226828, 'log_learning_rate_D': -2.3103264162270256, 'log_learning_rate_D_dagger': -3.056776030883592, 'training_batch_size': 11, 'training_p': 8}
	 epoch  0 training error:  tensor(65.1945, device='cuda:0', grad_fn=<DivBackward0>)
Memory status after this epoch: 
Memory allocated:  4.951171875
Memory cached:  8.0
	 epoch  10 training error:  tensor(59.9547, device='cuda:0', grad_fn=<DivBackward0>)
Memory status after this epoch: 
Memory allocated:  4.951171875
Memory cached:  8.0
	 epoch  20 training error:  tensor(45.1525, device='cuda:0', grad_fn=<DivBackward0>)
Memory status after this epoch: 
Memory allocated:  4.951171875
Memory cached:  8.0
	 epoch  30 training error:  tensor(25.8367, device='cuda:0', grad_fn=<DivBackward0>)
Memory status after this epoch: 
Memory allocated:  4.951171875
Memory cached:  8.0
	 epoch  40 training error:  tensor(1.6981, device='cuda:0', grad_fn=<DivBackward0>)
Memory status after this epoch: 
Memory allocated:  4.951171875
Memory cached:  8.0
	 epoch  50 training error:  tensor(1.0296, device='cuda:0', grad_fn=<DivBackward0>)
Memory status after this epoch: 
Memory allocated:  4.951171875
Memory cached:  8.0
	 epoch  60 training error:  tensor(1.3313, device='cuda:0', grad_fn=<DivBackward0>)
Memory status after this epoch: 
Memory allocated:  4.951171875
Memory cached:  8.0
	 epoch  70 training error:  tensor(1.5046, device='cuda:0', grad_fn=<DivBackward0>)
Memory status after this epoch: 
Memory allocated:  4.951171875
Memory cached:  8.0
	 epoch  80 training error:  tensor(1.1100, device='cuda:0', grad_fn=<DivBackward0>)
Memory status after this epoch: 
Memory allocated:  4.951171875
Memory cached:  8.0
	 epoch  90 training error:  tensor(0.9588, device='cuda:0', grad_fn=<DivBackward0>)
Memory status after this epoch: 
Memory allocated:  4.951171875
Memory cached:  8.0
[I 2023-11-16 17:13:48,327] Trial 8 finished with value: 0.9534482955932617 and parameters: {'W_layers': 4, 'W_layer_units_exponent_0': 8, 'W_layer_units_exponent_1': 6, 'W_layer_units_exponent_2': 7, 'W_layer_units_exponent_3': 4, 'D_layers': 8, 'D_layer_units_exponent_0': 4, 'D_layer_units_exponent_1': 6, 'D_layer_units_exponent_2': 6, 'D_layer_units_exponent_3': 7, 'D_layer_units_exponent_4': 7, 'D_layer_units_exponent_5': 7, 'D_layer_units_exponent_6': 6, 'D_layer_units_exponent_7': 9, 'D_dagger_layers': 2, 'D_dagger_layer_units_exponent_0': 9, 'D_dagger_layer_units_exponent_1': 9, 'log_learning_rate': -4.152335455226828, 'log_learning_rate_D': -2.3103264162270256, 'log_learning_rate_D_dagger': -3.056776030883592, 'training_batch_size': 11, 'training_p': 8}. Best is trial 0 with value: 0.7597449421882629.
Time for this trial:  17.07916498184204
Memory status after this trial: 
Memory allocated:  82.861328125
Memory cached:  98.0
--------------------  Trial  9   --------------------
Start timing: 
Parameters: 
{'W_layers': 8, 'W_layer_units_exponent_0': 9, 'W_layer_units_exponent_1': 8, 'W_layer_units_exponent_2': 5, 'W_layer_units_exponent_3': 4, 'W_layer_units_exponent_4': 5, 'W_layer_units_exponent_5': 4, 'W_layer_units_exponent_6': 9, 'W_layer_units_exponent_7': 8, 'D_layers': 6, 'D_layer_units_exponent_0': 8, 'D_layer_units_exponent_1': 6, 'D_layer_units_exponent_2': 8, 'D_layer_units_exponent_3': 4, 'D_layer_units_exponent_4': 5, 'D_layer_units_exponent_5': 5, 'D_dagger_layers': 2, 'D_dagger_layer_units_exponent_0': 8, 'D_dagger_layer_units_exponent_1': 5, 'log_learning_rate': -2.73353360200019, 'log_learning_rate_D': -1.2820174711709154, 'log_learning_rate_D_dagger': -3.5209229353547564, 'training_batch_size': 8, 'training_p': 8}
	 epoch  0 training error:  tensor(46.5729, device='cuda:0', grad_fn=<DivBackward0>)
Memory status after this epoch: 
Memory allocated:  4.7626953125
Memory cached:  16.0
	 epoch  10 training error:  tensor(2.6770, device='cuda:0', grad_fn=<DivBackward0>)
Memory status after this epoch: 
Memory allocated:  4.7626953125
Memory cached:  14.0
	 epoch  20 training error:  tensor(2.6435, device='cuda:0', grad_fn=<DivBackward0>)
Memory status after this epoch: 
Memory allocated:  4.7626953125
Memory cached:  14.0
	 epoch  30 training error:  tensor(1.3192, device='cuda:0', grad_fn=<DivBackward0>)
Memory status after this epoch: 
Memory allocated:  4.7626953125
Memory cached:  14.0
	 epoch  40 training error:  tensor(1.3853, device='cuda:0', grad_fn=<DivBackward0>)
Memory status after this epoch: 
Memory allocated:  4.7626953125
Memory cached:  14.0
	 epoch  50 training error:  tensor(0.9094, device='cuda:0', grad_fn=<DivBackward0>)
Memory status after this epoch: 
Memory allocated:  4.7626953125
Memory cached:  14.0
	 epoch  60 training error:  tensor(0.9107, device='cuda:0', grad_fn=<DivBackward0>)
Memory status after this epoch: 
Memory allocated:  4.7626953125
Memory cached:  14.0
	 epoch  70 training error:  tensor(1.0079, device='cuda:0', grad_fn=<DivBackward0>)
Memory status after this epoch: 
Memory allocated:  4.7626953125
Memory cached:  14.0
	 epoch  80 training error:  tensor(1.2341, device='cuda:0', grad_fn=<DivBackward0>)
Memory status after this epoch: 
Memory allocated:  4.7626953125
Memory cached:  14.0
	 epoch  90 training error:  tensor(1.0168, device='cuda:0', grad_fn=<DivBackward0>)
Memory status after this epoch: 
Memory allocated:  4.7626953125
Memory cached:  14.0
[I 2023-11-16 17:14:06,934] Trial 9 finished with value: 1.0545858144760132 and parameters: {'W_layers': 8, 'W_layer_units_exponent_0': 9, 'W_layer_units_exponent_1': 8, 'W_layer_units_exponent_2': 5, 'W_layer_units_exponent_3': 4, 'W_layer_units_exponent_4': 5, 'W_layer_units_exponent_5': 4, 'W_layer_units_exponent_6': 9, 'W_layer_units_exponent_7': 8, 'D_layers': 6, 'D_layer_units_exponent_0': 8, 'D_layer_units_exponent_1': 6, 'D_layer_units_exponent_2': 8, 'D_layer_units_exponent_3': 4, 'D_layer_units_exponent_4': 5, 'D_layer_units_exponent_5': 5, 'D_dagger_layers': 2, 'D_dagger_layer_units_exponent_0': 8, 'D_dagger_layer_units_exponent_1': 5, 'log_learning_rate': -2.73353360200019, 'log_learning_rate_D': -1.2820174711709154, 'log_learning_rate_D_dagger': -3.5209229353547564, 'training_batch_size': 8, 'training_p': 8}. Best is trial 0 with value: 0.7597449421882629.
Time for this trial:  18.51797342300415
Memory status after this trial: 
Memory allocated:  106.8701171875
Memory cached:  114.0
--------------------  Trial  10   --------------------
Start timing: 
Parameters: 
{'W_layers': 3, 'W_layer_units_exponent_0': 9, 'W_layer_units_exponent_1': 6, 'W_layer_units_exponent_2': 10, 'D_layers': 5, 'D_layer_units_exponent_0': 7, 'D_layer_units_exponent_1': 5, 'D_layer_units_exponent_2': 9, 'D_layer_units_exponent_3': 6, 'D_layer_units_exponent_4': 4, 'D_dagger_layers': 4, 'D_dagger_layer_units_exponent_0': 8, 'D_dagger_layer_units_exponent_1': 5, 'D_dagger_layer_units_exponent_2': 5, 'D_dagger_layer_units_exponent_3': 8, 'log_learning_rate': -3.4171739370569707, 'log_learning_rate_D': -1.6065710981835086, 'log_learning_rate_D_dagger': -2.808604582004738, 'training_batch_size': 9, 'training_p': 4}
	 epoch  0 training error:  tensor(95.6706, device='cuda:0', grad_fn=<DivBackward0>)
Memory status after this epoch: 
Memory allocated:  2.2041015625
Memory cached:  8.0
	 epoch  10 training error:  tensor(18.5776, device='cuda:0', grad_fn=<DivBackward0>)
Memory status after this epoch: 
Memory allocated:  2.2041015625
Memory cached:  8.0
	 epoch  20 training error:  tensor(11.8611, device='cuda:0', grad_fn=<DivBackward0>)
Memory status after this epoch: 
Memory allocated:  2.2041015625
Memory cached:  8.0
	 epoch  30 training error:  tensor(6.7978, device='cuda:0', grad_fn=<DivBackward0>)
Memory status after this epoch: 
Memory allocated:  2.2041015625
Memory cached:  8.0
	 epoch  40 training error:  tensor(8.2815, device='cuda:0', grad_fn=<DivBackward0>)
Memory status after this epoch: 
Memory allocated:  2.2041015625
Memory cached:  8.0
	 epoch  50 training error:  tensor(0.9437, device='cuda:0', grad_fn=<DivBackward0>)
Memory status after this epoch: 
Memory allocated:  2.2041015625
Memory cached:  8.0
	 epoch  60 training error:  tensor(2.5864, device='cuda:0', grad_fn=<DivBackward0>)
Memory status after this epoch: 
Memory allocated:  2.2041015625
Memory cached:  8.0
	 epoch  70 training error:  tensor(1.3795, device='cuda:0', grad_fn=<DivBackward0>)
Memory status after this epoch: 
Memory allocated:  2.2041015625
Memory cached:  8.0
	 epoch  80 training error:  tensor(2.1116, device='cuda:0', grad_fn=<DivBackward0>)
Memory status after this epoch: 
Memory allocated:  2.2041015625
Memory cached:  8.0
	 epoch  90 training error:  tensor(1.5541, device='cuda:0', grad_fn=<DivBackward0>)
Memory status after this epoch: 
Memory allocated:  2.2041015625
Memory cached:  8.0
[I 2023-11-16 17:14:25,342] Trial 10 finished with value: 2.35630464553833 and parameters: {'W_layers': 3, 'W_layer_units_exponent_0': 9, 'W_layer_units_exponent_1': 6, 'W_layer_units_exponent_2': 10, 'D_layers': 5, 'D_layer_units_exponent_0': 7, 'D_layer_units_exponent_1': 5, 'D_layer_units_exponent_2': 9, 'D_layer_units_exponent_3': 6, 'D_layer_units_exponent_4': 4, 'D_dagger_layers': 4, 'D_dagger_layer_units_exponent_0': 8, 'D_dagger_layer_units_exponent_1': 5, 'D_dagger_layer_units_exponent_2': 5, 'D_dagger_layer_units_exponent_3': 8, 'log_learning_rate': -3.4171739370569707, 'log_learning_rate_D': -1.6065710981835086, 'log_learning_rate_D_dagger': -2.808604582004738, 'training_batch_size': 9, 'training_p': 4}. Best is trial 0 with value: 0.7597449421882629.
Time for this trial:  18.300304889678955
Memory status after this trial: 
Memory allocated:  119.701171875
Memory cached:  126.0
--------------------  Trial  11   --------------------
Start timing: 
Parameters: 
{'W_layers': 8, 'W_layer_units_exponent_0': 4, 'W_layer_units_exponent_1': 10, 'W_layer_units_exponent_2': 8, 'W_layer_units_exponent_3': 10, 'W_layer_units_exponent_4': 10, 'W_layer_units_exponent_5': 10, 'W_layer_units_exponent_6': 10, 'W_layer_units_exponent_7': 4, 'D_layers': 2, 'D_layer_units_exponent_0': 6, 'D_layer_units_exponent_1': 4, 'D_dagger_layers': 5, 'D_dagger_layer_units_exponent_0': 6, 'D_dagger_layer_units_exponent_1': 7, 'D_dagger_layer_units_exponent_2': 10, 'D_dagger_layer_units_exponent_3': 10, 'D_dagger_layer_units_exponent_4': 4, 'log_learning_rate': -2.0958693270425863, 'log_learning_rate_D': -4.991218180512404, 'log_learning_rate_D_dagger': -1.971802570414353, 'training_batch_size': 6, 'training_p': 5}
	 epoch  0 training error:  tensor(180.6171, device='cuda:0', grad_fn=<DivBackward0>)
Memory status after this epoch: 
Memory allocated:  75.6455078125
Memory cached:  96.0
	 epoch  10 training error:  tensor(72.2595, device='cuda:0', grad_fn=<DivBackward0>)
Memory status after this epoch: 
Memory allocated:  75.6455078125
Memory cached:  100.0
	 epoch  20 training error:  tensor(72.2595, device='cuda:0', grad_fn=<DivBackward0>)
Memory status after this epoch: 
Memory allocated:  75.6455078125
Memory cached:  100.0
	 epoch  30 training error:  tensor(72.2595, device='cuda:0', grad_fn=<DivBackward0>)
Memory status after this epoch: 
Memory allocated:  75.6455078125
Memory cached:  98.0
	 epoch  40 training error:  tensor(72.2595, device='cuda:0', grad_fn=<DivBackward0>)
Memory status after this epoch: 
Memory allocated:  75.6455078125
Memory cached:  98.0
	 epoch  50 training error:  tensor(72.2595, device='cuda:0', grad_fn=<DivBackward0>)
Memory status after this epoch: 
Memory allocated:  75.6455078125
Memory cached:  98.0
	 epoch  60 training error:  tensor(72.2595, device='cuda:0', grad_fn=<DivBackward0>)
Memory status after this epoch: 
Memory allocated:  75.6455078125
Memory cached:  100.0
	 epoch  70 training error:  tensor(72.2595, device='cuda:0', grad_fn=<DivBackward0>)
Memory status after this epoch: 
Memory allocated:  75.6455078125
Memory cached:  100.0
	 epoch  80 training error:  tensor(72.2595, device='cuda:0', grad_fn=<DivBackward0>)
Memory status after this epoch: 
Memory allocated:  75.6455078125
Memory cached:  100.0
	 epoch  90 training error:  tensor(72.2595, device='cuda:0', grad_fn=<DivBackward0>)
Memory status after this epoch: 
Memory allocated:  75.6455078125
Memory cached:  98.0
