[I 2023-11-16 03:05:30,062] Trial 47 finished with value: 0.03179570659995079 and parameters: {'W_layers': 4, 'W_layer_units_exponent_0': 5, 'W_layer_units_exponent_1': 7, 'W_layer_units_exponent_2': 7, 'W_layer_units_exponent_3': 5, 'D_layers': 3, 'D_layer_units_exponent_0': 9, 'D_layer_units_exponent_1': 9, 'D_layer_units_exponent_2': 9, 'log_learning_rate': -3.9236783284203813, 'log_learning_rate_D': -4.412447929268196, 'training_batch_size': 10, 'training_p': 7}. Best is trial 41 with value: 0.03143104538321495.
Time for this trial:  126.49725985527039
Memory status after this trial: 
Memory allocated:  810.38818359375
Memory cached:  824.0
--------------------  Trial  48   --------------------
Start timing: 
Parameters: 
{'W_layers': 3, 'W_layer_units_exponent_0': 6, 'W_layer_units_exponent_1': 8, 'W_layer_units_exponent_2': 8, 'D_layers': 5, 'D_layer_units_exponent_0': 6, 'D_layer_units_exponent_1': 8, 'D_layer_units_exponent_2': 8, 'D_layer_units_exponent_3': 6, 'D_layer_units_exponent_4': 7, 'log_learning_rate': -2.7926755521100706, 'log_learning_rate_D': -4.662200530481204, 'training_batch_size': 11, 'training_p': 8}
	 epoch  0 training error:  tensor(2.0097, device='cuda:0', grad_fn=<DivBackward0>)
	 epoch  0 test error:  tensor(3.3448, device='cuda:0', grad_fn=<DivBackward0>)
Memory status after this epoch: 
Memory allocated:  394.1923828125
Memory cached:  684.0
	 epoch  10 training error:  tensor(5.9107, device='cuda:0', grad_fn=<DivBackward0>)
	 epoch  10 test error:  tensor(0.4049, device='cuda:0', grad_fn=<DivBackward0>)
Memory status after this epoch: 
Memory allocated:  393.4423828125
Memory cached:  764.0
	 epoch  20 training error:  tensor(3.2127, device='cuda:0', grad_fn=<DivBackward0>)
	 epoch  20 test error:  tensor(0.3887, device='cuda:0', grad_fn=<DivBackward0>)
Memory status after this epoch: 
Memory allocated:  394.1923828125
Memory cached:  764.0
	 epoch  30 training error:  tensor(0.9097, device='cuda:0', grad_fn=<DivBackward0>)
	 epoch  30 test error:  tensor(0.0930, device='cuda:0', grad_fn=<DivBackward0>)
Memory status after this epoch: 
Memory allocated:  393.4423828125
Memory cached:  764.0
	 epoch  40 training error:  tensor(0.8080, device='cuda:0', grad_fn=<DivBackward0>)
	 epoch  40 test error:  tensor(0.0695, device='cuda:0', grad_fn=<DivBackward0>)
Memory status after this epoch: 
Memory allocated:  394.1923828125
Memory cached:  764.0
	 epoch  50 training error:  tensor(0.8305, device='cuda:0', grad_fn=<DivBackward0>)
	 epoch  50 test error:  tensor(0.0683, device='cuda:0', grad_fn=<DivBackward0>)
Memory status after this epoch: 
Memory allocated:  393.4423828125
Memory cached:  764.0
	 epoch  60 training error:  tensor(0.8290, device='cuda:0', grad_fn=<DivBackward0>)
	 epoch  60 test error:  tensor(0.0680, device='cuda:0', grad_fn=<DivBackward0>)
Memory status after this epoch: 
Memory allocated:  394.1923828125
Memory cached:  764.0
	 epoch  70 training error:  tensor(0.7846, device='cuda:0', grad_fn=<DivBackward0>)
	 epoch  70 test error:  tensor(0.0675, device='cuda:0', grad_fn=<DivBackward0>)
Memory status after this epoch: 
Memory allocated:  393.4423828125
Memory cached:  764.0
	 epoch  80 training error:  tensor(0.6735, device='cuda:0', grad_fn=<DivBackward0>)
	 epoch  80 test error:  tensor(0.0583, device='cuda:0', grad_fn=<DivBackward0>)
Memory status after this epoch: 
Memory allocated:  394.1923828125
Memory cached:  764.0
	 epoch  90 training error:  tensor(0.4175, device='cuda:0', grad_fn=<DivBackward0>)
	 epoch  90 test error:  tensor(0.0362, device='cuda:0', grad_fn=<DivBackward0>)
Memory status after this epoch: 
Memory allocated:  393.4423828125
Memory cached:  764.0
[I 2023-11-16 03:07:42,909] Trial 48 finished with value: 0.03537425026297569 and parameters: {'W_layers': 3, 'W_layer_units_exponent_0': 6, 'W_layer_units_exponent_1': 8, 'W_layer_units_exponent_2': 8, 'D_layers': 5, 'D_layer_units_exponent_0': 6, 'D_layer_units_exponent_1': 8, 'D_layer_units_exponent_2': 8, 'D_layer_units_exponent_3': 6, 'D_layer_units_exponent_4': 7, 'log_learning_rate': -2.7926755521100706, 'log_learning_rate_D': -4.662200530481204, 'training_batch_size': 11, 'training_p': 8}. Best is trial 41 with value: 0.03143104538321495.
Time for this trial:  132.58928608894348
Memory status after this trial: 
Memory allocated:  753.76220703125
Memory cached:  764.0
--------------------  Trial  49   --------------------
Start timing: 
Parameters: 
{'W_layers': 4, 'W_layer_units_exponent_0': 4, 'W_layer_units_exponent_1': 6, 'W_layer_units_exponent_2': 6, 'W_layer_units_exponent_3': 8, 'D_layers': 3, 'D_layer_units_exponent_0': 7, 'D_layer_units_exponent_1': 6, 'D_layer_units_exponent_2': 9, 'log_learning_rate': -2.4789168510091244, 'log_learning_rate_D': -3.9081607331797894, 'training_batch_size': 9, 'training_p': 7}
	 epoch  0 training error:  tensor(0.8276, device='cuda:0', grad_fn=<DivBackward0>)
	 epoch  0 test error:  tensor(1.1935, device='cuda:0', grad_fn=<DivBackward0>)
Memory status after this epoch: 
Memory allocated:  378.912109375
Memory cached:  652.0
	 epoch  10 training error:  tensor(0.8817, device='cuda:0', grad_fn=<DivBackward0>)
	 epoch  10 test error:  tensor(0.1071, device='cuda:0', grad_fn=<DivBackward0>)
Memory status after this epoch: 
Memory allocated:  379.662109375
Memory cached:  738.0
	 epoch  20 training error:  tensor(0.6112, device='cuda:0', grad_fn=<DivBackward0>)
	 epoch  20 test error:  tensor(0.0559, device='cuda:0', grad_fn=<DivBackward0>)
Memory status after this epoch: 
Memory allocated:  378.912109375
Memory cached:  738.0
	 epoch  30 training error:  tensor(0.4376, device='cuda:0', grad_fn=<DivBackward0>)
	 epoch  30 test error:  tensor(0.0326, device='cuda:0', grad_fn=<DivBackward0>)
Memory status after this epoch: 
Memory allocated:  379.662109375
Memory cached:  738.0
	 epoch  40 training error:  tensor(0.3607, device='cuda:0', grad_fn=<DivBackward0>)
	 epoch  40 test error:  tensor(0.0328, device='cuda:0', grad_fn=<DivBackward0>)
Memory status after this epoch: 
Memory allocated:  378.912109375
Memory cached:  738.0
	 epoch  50 training error:  tensor(0.3444, device='cuda:0', grad_fn=<DivBackward0>)
	 epoch  50 test error:  tensor(0.0315, device='cuda:0', grad_fn=<DivBackward0>)
Memory status after this epoch: 
Memory allocated:  379.662109375
Memory cached:  738.0
	 epoch  60 training error:  tensor(0.3383, device='cuda:0', grad_fn=<DivBackward0>)
	 epoch  60 test error:  tensor(0.0317, device='cuda:0', grad_fn=<DivBackward0>)
Memory status after this epoch: 
Memory allocated:  378.912109375
Memory cached:  738.0
	 epoch  70 training error:  tensor(0.3364, device='cuda:0', grad_fn=<DivBackward0>)
	 epoch  70 test error:  tensor(0.0317, device='cuda:0', grad_fn=<DivBackward0>)
Memory status after this epoch: 
Memory allocated:  379.662109375
Memory cached:  738.0
	 epoch  80 training error:  tensor(0.3360, device='cuda:0', grad_fn=<DivBackward0>)
	 epoch  80 test error:  tensor(0.0319, device='cuda:0', grad_fn=<DivBackward0>)
Memory status after this epoch: 
Memory allocated:  378.912109375
Memory cached:  738.0
	 epoch  90 training error:  tensor(0.3357, device='cuda:0', grad_fn=<DivBackward0>)
	 epoch  90 test error:  tensor(0.0319, device='cuda:0', grad_fn=<DivBackward0>)
Memory status after this epoch: 
Memory allocated:  379.662109375
Memory cached:  738.0
[I 2023-11-16 03:09:44,336] Trial 49 finished with value: 0.03177567571401596 and parameters: {'W_layers': 4, 'W_layer_units_exponent_0': 4, 'W_layer_units_exponent_1': 6, 'W_layer_units_exponent_2': 6, 'W_layer_units_exponent_3': 8, 'D_layers': 3, 'D_layer_units_exponent_0': 7, 'D_layer_units_exponent_1': 6, 'D_layer_units_exponent_2': 9, 'log_learning_rate': -2.4789168510091244, 'log_learning_rate_D': -3.9081607331797894, 'training_batch_size': 9, 'training_p': 7}. Best is trial 41 with value: 0.03143104538321495.
[I 2023-11-16 03:09:44,413] A new study created in memory with name: no-name-37c84d29-f94d-4677-9b6e-1a49f016ee4e
Time for this trial:  121.17257380485535
Memory status after this trial: 
Memory allocated:  727.57861328125
Memory cached:  738.0
--------------------  Trial  0   --------------------
Start timing: 
Parameters: 
{'W_layers': 3, 'W_layer_units_exponent_0': 7, 'W_layer_units_exponent_1': 7, 'W_layer_units_exponent_2': 9, 'D_layers': 7, 'D_layer_units_exponent_0': 10, 'D_layer_units_exponent_1': 4, 'D_layer_units_exponent_2': 7, 'D_layer_units_exponent_3': 9, 'D_layer_units_exponent_4': 4, 'D_layer_units_exponent_5': 7, 'D_layer_units_exponent_6': 5, 'log_learning_rate': -2.730621351113715, 'log_learning_rate_D': -4.5194707584981515, 'training_batch_size': 10, 'training_p': 4}
	 epoch  0 training error:  tensor(1.5899, device='cuda:0', grad_fn=<DivBackward0>)
	 epoch  0 test error:  tensor(3.5175, device='cuda:0', grad_fn=<DivBackward0>)
Memory status after this epoch: 
Memory allocated:  463.36865234375
Memory cached:  624.0
	 epoch  10 training error:  tensor(2.6131, device='cuda:0', grad_fn=<DivBackward0>)
	 epoch  10 test error:  tensor(0.2641, device='cuda:0', grad_fn=<DivBackward0>)
Memory status after this epoch: 
Memory allocated:  462.10302734375
Memory cached:  900.0
	 epoch  20 training error:  tensor(2.0552, device='cuda:0', grad_fn=<DivBackward0>)
	 epoch  20 test error:  tensor(0.2176, device='cuda:0', grad_fn=<DivBackward0>)
Memory status after this epoch: 
Memory allocated:  463.36865234375
Memory cached:  900.0
	 epoch  30 training error:  tensor(0.9376, device='cuda:0', grad_fn=<DivBackward0>)
	 epoch  30 test error:  tensor(0.0760, device='cuda:0', grad_fn=<DivBackward0>)
Memory status after this epoch: 
Memory allocated:  462.10302734375
Memory cached:  900.0
	 epoch  40 training error:  tensor(1.0374, device='cuda:0', grad_fn=<DivBackward0>)
	 epoch  40 test error:  tensor(0.0711, device='cuda:0', grad_fn=<DivBackward0>)
Memory status after this epoch: 
Memory allocated:  463.55615234375
Memory cached:  908.0
	 epoch  50 training error:  tensor(0.8781, device='cuda:0', grad_fn=<DivBackward0>)
	 epoch  50 test error:  tensor(0.0683, device='cuda:0', grad_fn=<DivBackward0>)
Memory status after this epoch: 
Memory allocated:  461.82177734375
Memory cached:  912.0
	 epoch  60 training error:  tensor(0.8892, device='cuda:0', grad_fn=<DivBackward0>)
	 epoch  60 test error:  tensor(0.0706, device='cuda:0', grad_fn=<DivBackward0>)
Memory status after this epoch: 
Memory allocated:  464.39990234375
Memory cached:  892.0
	 epoch  70 training error:  tensor(0.8757, device='cuda:0', grad_fn=<DivBackward0>)
	 epoch  70 test error:  tensor(0.0679, device='cuda:0', grad_fn=<DivBackward0>)
Memory status after this epoch: 
Memory allocated:  461.82177734375
Memory cached:  892.0
	 epoch  80 training error:  tensor(0.8591, device='cuda:0', grad_fn=<DivBackward0>)
	 epoch  80 test error:  tensor(0.0669, device='cuda:0', grad_fn=<DivBackward0>)
Memory status after this epoch: 
Memory allocated:  464.39990234375
Memory cached:  892.0
	 epoch  90 training error:  tensor(0.8060, device='cuda:0', grad_fn=<DivBackward0>)
	 epoch  90 test error:  tensor(0.0624, device='cuda:0', grad_fn=<DivBackward0>)
Memory status after this epoch: 
Memory allocated:  461.82177734375
Memory cached:  892.0
[I 2023-11-16 03:12:19,453] Trial 0 finished with value: 0.04447932913899422 and parameters: {'W_layers': 3, 'W_layer_units_exponent_0': 7, 'W_layer_units_exponent_1': 7, 'W_layer_units_exponent_2': 9, 'D_layers': 7, 'D_layer_units_exponent_0': 10, 'D_layer_units_exponent_1': 4, 'D_layer_units_exponent_2': 7, 'D_layer_units_exponent_3': 9, 'D_layer_units_exponent_4': 4, 'D_layer_units_exponent_5': 7, 'D_layer_units_exponent_6': 5, 'log_learning_rate': -2.730621351113715, 'log_learning_rate_D': -4.5194707584981515, 'training_batch_size': 10, 'training_p': 4}. Best is trial 0 with value: 0.04447932913899422.
Time for this trial:  154.87651538848877
Memory status after this trial: 
Memory allocated:  890.15087890625
Memory cached:  892.0
--------------------  Trial  1   --------------------
Start timing: 
Parameters: 
{'W_layers': 8, 'W_layer_units_exponent_0': 8, 'W_layer_units_exponent_1': 8, 'W_layer_units_exponent_2': 9, 'W_layer_units_exponent_3': 7, 'W_layer_units_exponent_4': 7, 'W_layer_units_exponent_5': 7, 'W_layer_units_exponent_6': 6, 'W_layer_units_exponent_7': 5, 'D_layers': 5, 'D_layer_units_exponent_0': 4, 'D_layer_units_exponent_1': 7, 'D_layer_units_exponent_2': 7, 'D_layer_units_exponent_3': 7, 'D_layer_units_exponent_4': 4, 'log_learning_rate': -3.901044612265089, 'log_learning_rate_D': -4.195307375404429, 'training_batch_size': 10, 'training_p': 4}
	 epoch  0 training error:  tensor(0.9171, device='cuda:0', grad_fn=<DivBackward0>)
	 epoch  0 test error:  tensor(0.0797, device='cuda:0', grad_fn=<DivBackward0>)
Memory status after this epoch: 
Memory allocated:  427.4228515625
Memory cached:  692.0
	 epoch  10 training error:  tensor(0.8971, device='cuda:0', grad_fn=<DivBackward0>)
	 epoch  10 test error:  tensor(0.0701, device='cuda:0', grad_fn=<DivBackward0>)
Memory status after this epoch: 
Memory allocated:  430.0009765625
Memory cached:  822.0
	 epoch  20 training error:  tensor(0.8711, device='cuda:0', grad_fn=<DivBackward0>)
	 epoch  20 test error:  tensor(0.0689, device='cuda:0', grad_fn=<DivBackward0>)
Memory status after this epoch: 
Memory allocated:  427.4228515625
Memory cached:  822.0
	 epoch  30 training error:  tensor(0.8592, device='cuda:0', grad_fn=<DivBackward0>)
	 epoch  30 test error:  tensor(0.0669, device='cuda:0', grad_fn=<DivBackward0>)
Memory status after this epoch: 
Memory allocated:  430.0009765625
Memory cached:  822.0
	 epoch  40 training error:  tensor(0.8214, device='cuda:0', grad_fn=<DivBackward0>)
	 epoch  40 test error:  tensor(0.0637, device='cuda:0', grad_fn=<DivBackward0>)
Memory status after this epoch: 
Memory allocated:  427.4228515625
Memory cached:  822.0
	 epoch  50 training error:  tensor(0.6735, device='cuda:0', grad_fn=<DivBackward0>)
	 epoch  50 test error:  tensor(0.0507, device='cuda:0', grad_fn=<DivBackward0>)
Memory status after this epoch: 
Memory allocated:  430.0009765625
Memory cached:  822.0
	 epoch  60 training error:  tensor(0.4874, device='cuda:0', grad_fn=<DivBackward0>)
	 epoch  60 test error:  tensor(0.0371, device='cuda:0', grad_fn=<DivBackward0>)
Memory status after this epoch: 
Memory allocated:  427.4228515625
Memory cached:  824.0
	 epoch  70 training error:  tensor(0.4354, device='cuda:0', grad_fn=<DivBackward0>)
	 epoch  70 test error:  tensor(0.0359, device='cuda:0', grad_fn=<DivBackward0>)
Memory status after this epoch: 
Memory allocated:  430.0009765625
Memory cached:  826.0
	 epoch  80 training error:  tensor(0.4104, device='cuda:0', grad_fn=<DivBackward0>)
	 epoch  80 test error:  tensor(0.0336, device='cuda:0', grad_fn=<DivBackward0>)
Memory status after this epoch: 
Memory allocated:  427.4228515625
Memory cached:  824.0
	 epoch  90 training error:  tensor(0.3972, device='cuda:0', grad_fn=<DivBackward0>)
	 epoch  90 test error:  tensor(0.0326, device='cuda:0', grad_fn=<DivBackward0>)
Memory status after this epoch: 
Memory allocated:  430.0009765625
Memory cached:  824.0
[I 2023-11-16 03:15:15,265] Trial 1 finished with value: 0.032151103019714355 and parameters: {'W_layers': 8, 'W_layer_units_exponent_0': 8, 'W_layer_units_exponent_1': 8, 'W_layer_units_exponent_2': 9, 'W_layer_units_exponent_3': 7, 'W_layer_units_exponent_4': 7, 'W_layer_units_exponent_5': 7, 'W_layer_units_exponent_6': 6, 'W_layer_units_exponent_7': 5, 'D_layers': 5, 'D_layer_units_exponent_0': 4, 'D_layer_units_exponent_1': 7, 'D_layer_units_exponent_2': 7, 'D_layer_units_exponent_3': 7, 'D_layer_units_exponent_4': 4, 'log_learning_rate': -3.901044612265089, 'log_learning_rate_D': -4.195307375404429, 'training_batch_size': 10, 'training_p': 4}. Best is trial 1 with value: 0.032151103019714355.
Time for this trial:  175.62861728668213
Memory status after this trial: 
Memory allocated:  817.70849609375
Memory cached:  826.0
--------------------  Trial  2   --------------------
Start timing: 
Parameters: 
{'W_layers': 8, 'W_layer_units_exponent_0': 4, 'W_layer_units_exponent_1': 9, 'W_layer_units_exponent_2': 5, 'W_layer_units_exponent_3': 7, 'W_layer_units_exponent_4': 5, 'W_layer_units_exponent_5': 6, 'W_layer_units_exponent_6': 6, 'W_layer_units_exponent_7': 9, 'D_layers': 4, 'D_layer_units_exponent_0': 4, 'D_layer_units_exponent_1': 6, 'D_layer_units_exponent_2': 4, 'D_layer_units_exponent_3': 10, 'log_learning_rate': -4.298556130581062, 'log_learning_rate_D': -4.897833538643512, 'training_batch_size': 12, 'training_p': 5}
	 epoch  0 training error:  tensor(0.9274, device='cuda:0', grad_fn=<DivBackward0>)
	 epoch  0 test error:  tensor(0.0686, device='cuda:0', grad_fn=<DivBackward0>)
Memory status after this epoch: 
Memory allocated:  455.8828125
Memory cached:  718.0
	 epoch  10 training error:  tensor(0.8543, device='cuda:0', grad_fn=<DivBackward0>)
	 epoch  10 test error:  tensor(0.0688, device='cuda:0', grad_fn=<DivBackward0>)
Memory status after this epoch: 
Memory allocated:  453.3046875
Memory cached:  878.0
	 epoch  20 training error:  tensor(0.8536, device='cuda:0', grad_fn=<DivBackward0>)
	 epoch  20 test error:  tensor(0.0702, device='cuda:0', grad_fn=<DivBackward0>)
Memory status after this epoch: 
Memory allocated:  455.8828125
Memory cached:  878.0
	 epoch  30 training error:  tensor(0.8528, device='cuda:0', grad_fn=<DivBackward0>)
	 epoch  30 test error:  tensor(0.0689, device='cuda:0', grad_fn=<DivBackward0>)
Memory status after this epoch: 
Memory allocated:  453.3046875
Memory cached:  878.0
	 epoch  40 training error:  tensor(0.8519, device='cuda:0', grad_fn=<DivBackward0>)
	 epoch  40 test error:  tensor(0.0697, device='cuda:0', grad_fn=<DivBackward0>)
Memory status after this epoch: 
Memory allocated:  455.8828125
Memory cached:  878.0
	 epoch  50 training error:  tensor(0.8513, device='cuda:0', grad_fn=<DivBackward0>)
	 epoch  50 test error:  tensor(0.0692, device='cuda:0', grad_fn=<DivBackward0>)
Memory status after this epoch: 
Memory allocated:  453.3046875
Memory cached:  878.0
	 epoch  60 training error:  tensor(0.8508, device='cuda:0', grad_fn=<DivBackward0>)
	 epoch  60 test error:  tensor(0.0693, device='cuda:0', grad_fn=<DivBackward0>)
Memory status after this epoch: 
Memory allocated:  455.8828125
Memory cached:  878.0
	 epoch  70 training error:  tensor(0.8502, device='cuda:0', grad_fn=<DivBackward0>)
	 epoch  70 test error:  tensor(0.0693, device='cuda:0', grad_fn=<DivBackward0>)
Memory status after this epoch: 
Memory allocated:  453.3046875
Memory cached:  878.0
	 epoch  80 training error:  tensor(0.8490, device='cuda:0', grad_fn=<DivBackward0>)
	 epoch  80 test error:  tensor(0.0691, device='cuda:0', grad_fn=<DivBackward0>)
Memory status after this epoch: 
Memory allocated:  455.8828125
Memory cached:  878.0
	 epoch  90 training error:  tensor(0.8466, device='cuda:0', grad_fn=<DivBackward0>)
	 epoch  90 test error:  tensor(0.0689, device='cuda:0', grad_fn=<DivBackward0>)
Memory status after this epoch: 
Memory allocated:  453.3046875
Memory cached:  878.0
