[I 2023-11-10 14:15:40,432] Trial 46 finished with value: 0.04013960435986519 and parameters: {'W_layers': 8, 'W_layer_units_exponent_0': 8, 'W_layer_units_exponent_1': 7, 'W_layer_units_exponent_2': 8, 'W_layer_units_exponent_3': 4, 'W_layer_units_exponent_4': 8, 'W_layer_units_exponent_5': 7, 'W_layer_units_exponent_6': 5, 'W_layer_units_exponent_7': 8, 'D_layers': 7, 'D_layer_units_exponent_0': 5, 'D_layer_units_exponent_1': 4, 'D_layer_units_exponent_2': 5, 'D_layer_units_exponent_3': 8, 'D_layer_units_exponent_4': 9, 'D_layer_units_exponent_5': 4, 'D_layer_units_exponent_6': 4, 'log_learning_rate': -3.3494181778043473, 'log_learning_rate_D': -3.6792707881044233, 'training_batch_size': 6, 'training_p': 4}. Best is trial 42 with value: 0.03707868605852127.
Time for this trial:  345.2478246688843
Memory status after this trial: 
Memory allocated:  747.17333984375
Memory cached:  762.0
--------------------  Trial  47   --------------------
Start timing: 
Parameters: 
{'W_layers': 8, 'W_layer_units_exponent_0': 7, 'W_layer_units_exponent_1': 7, 'W_layer_units_exponent_2': 9, 'W_layer_units_exponent_3': 5, 'W_layer_units_exponent_4': 9, 'W_layer_units_exponent_5': 6, 'W_layer_units_exponent_6': 5, 'W_layer_units_exponent_7': 9, 'D_layers': 5, 'D_layer_units_exponent_0': 6, 'D_layer_units_exponent_1': 4, 'D_layer_units_exponent_2': 5, 'D_layer_units_exponent_3': 7, 'D_layer_units_exponent_4': 8, 'log_learning_rate': -3.6377048018354707, 'log_learning_rate_D': -3.2179522245749457, 'training_batch_size': 6, 'training_p': 3}
	 epoch  0 training error:  tensor(1.0914, device='cuda:0', grad_fn=<DivBackward0>)
	 epoch  0 test error:  tensor(0.0854, device='cuda:0', grad_fn=<DivBackward0>)
Memory status after this epoch: 
Memory allocated:  393.86328125
Memory cached:  626.0
	 epoch  10 training error:  tensor(0.8482, device='cuda:0', grad_fn=<DivBackward0>)
	 epoch  10 test error:  tensor(0.0570, device='cuda:0', grad_fn=<DivBackward0>)
Memory status after this epoch: 
Memory allocated:  392.41015625
Memory cached:  782.0
	 epoch  20 training error:  tensor(0.5556, device='cuda:0', grad_fn=<DivBackward0>)
	 epoch  20 test error:  tensor(0.0420, device='cuda:0', grad_fn=<DivBackward0>)
Memory status after this epoch: 
Memory allocated:  393.86328125
Memory cached:  782.0
	 epoch  30 training error:  tensor(0.5075, device='cuda:0', grad_fn=<DivBackward0>)
	 epoch  30 test error:  tensor(0.0379, device='cuda:0', grad_fn=<DivBackward0>)
Memory status after this epoch: 
Memory allocated:  392.41015625
Memory cached:  782.0
	 epoch  40 training error:  tensor(0.5002, device='cuda:0', grad_fn=<DivBackward0>)
	 epoch  40 test error:  tensor(0.0374, device='cuda:0', grad_fn=<DivBackward0>)
Memory status after this epoch: 
Memory allocated:  393.86328125
Memory cached:  782.0
	 epoch  50 training error:  tensor(0.4974, device='cuda:0', grad_fn=<DivBackward0>)
	 epoch  50 test error:  tensor(0.0382, device='cuda:0', grad_fn=<DivBackward0>)
Memory status after this epoch: 
Memory allocated:  392.41015625
Memory cached:  782.0
	 epoch  60 training error:  tensor(0.4958, device='cuda:0', grad_fn=<DivBackward0>)
	 epoch  60 test error:  tensor(0.0380, device='cuda:0', grad_fn=<DivBackward0>)
Memory status after this epoch: 
Memory allocated:  393.86328125
Memory cached:  782.0
	 epoch  70 training error:  tensor(0.4960, device='cuda:0', grad_fn=<DivBackward0>)
	 epoch  70 test error:  tensor(0.0381, device='cuda:0', grad_fn=<DivBackward0>)
Memory status after this epoch: 
Memory allocated:  392.41015625
Memory cached:  782.0
	 epoch  80 training error:  tensor(0.4951, device='cuda:0', grad_fn=<DivBackward0>)
	 epoch  80 test error:  tensor(0.0377, device='cuda:0', grad_fn=<DivBackward0>)
Memory status after this epoch: 
Memory allocated:  393.86328125
Memory cached:  782.0
	 epoch  90 training error:  tensor(0.4947, device='cuda:0', grad_fn=<DivBackward0>)
	 epoch  90 test error:  tensor(0.0381, device='cuda:0', grad_fn=<DivBackward0>)
Memory status after this epoch: 
Memory allocated:  392.41015625
Memory cached:  782.0
[I 2023-11-10 14:20:55,511] Trial 47 finished with value: 0.03835856541991234 and parameters: {'W_layers': 8, 'W_layer_units_exponent_0': 7, 'W_layer_units_exponent_1': 7, 'W_layer_units_exponent_2': 9, 'W_layer_units_exponent_3': 5, 'W_layer_units_exponent_4': 9, 'W_layer_units_exponent_5': 6, 'W_layer_units_exponent_6': 5, 'W_layer_units_exponent_7': 9, 'D_layers': 5, 'D_layer_units_exponent_0': 6, 'D_layer_units_exponent_1': 4, 'D_layer_units_exponent_2': 5, 'D_layer_units_exponent_3': 7, 'D_layer_units_exponent_4': 8, 'log_learning_rate': -3.6377048018354707, 'log_learning_rate_D': -3.2179522245749457, 'training_batch_size': 6, 'training_p': 3}. Best is trial 42 with value: 0.03707868605852127.
Time for this trial:  314.73674297332764
Memory status after this trial: 
Memory allocated:  768.30029296875
Memory cached:  782.0
--------------------  Trial  48   --------------------
Start timing: 
Parameters: 
{'W_layers': 7, 'W_layer_units_exponent_0': 8, 'W_layer_units_exponent_1': 6, 'W_layer_units_exponent_2': 8, 'W_layer_units_exponent_3': 4, 'W_layer_units_exponent_4': 8, 'W_layer_units_exponent_5': 7, 'W_layer_units_exponent_6': 4, 'D_layers': 5, 'D_layer_units_exponent_0': 5, 'D_layer_units_exponent_1': 10, 'D_layer_units_exponent_2': 4, 'D_layer_units_exponent_3': 8, 'D_layer_units_exponent_4': 9, 'log_learning_rate': -3.4461715214677424, 'log_learning_rate_D': -3.402622262835028, 'training_batch_size': 7, 'training_p': 4}
	 epoch  0 training error:  tensor(1.0012, device='cuda:0', grad_fn=<DivBackward0>)
	 epoch  0 test error:  tensor(0.1335, device='cuda:0', grad_fn=<DivBackward0>)
Memory status after this epoch: 
Memory allocated:  415.109375
Memory cached:  666.0
	 epoch  10 training error:  tensor(0.6031, device='cuda:0', grad_fn=<DivBackward0>)
	 epoch  10 test error:  tensor(0.0423, device='cuda:0', grad_fn=<DivBackward0>)
Memory status after this epoch: 
Memory allocated:  416.5625
Memory cached:  826.0
	 epoch  20 training error:  tensor(0.5485, device='cuda:0', grad_fn=<DivBackward0>)
	 epoch  20 test error:  tensor(0.0431, device='cuda:0', grad_fn=<DivBackward0>)
Memory status after this epoch: 
Memory allocated:  415.109375
Memory cached:  826.0
	 epoch  30 training error:  tensor(0.5112, device='cuda:0', grad_fn=<DivBackward0>)
	 epoch  30 test error:  tensor(0.0382, device='cuda:0', grad_fn=<DivBackward0>)
Memory status after this epoch: 
Memory allocated:  416.5625
Memory cached:  826.0
	 epoch  40 training error:  tensor(0.4897, device='cuda:0', grad_fn=<DivBackward0>)
	 epoch  40 test error:  tensor(0.0390, device='cuda:0', grad_fn=<DivBackward0>)
Memory status after this epoch: 
Memory allocated:  415.109375
Memory cached:  826.0
	 epoch  50 training error:  tensor(0.4905, device='cuda:0', grad_fn=<DivBackward0>)
	 epoch  50 test error:  tensor(0.0397, device='cuda:0', grad_fn=<DivBackward0>)
Memory status after this epoch: 
Memory allocated:  416.5625
Memory cached:  826.0
	 epoch  60 training error:  tensor(0.4871, device='cuda:0', grad_fn=<DivBackward0>)
	 epoch  60 test error:  tensor(0.0388, device='cuda:0', grad_fn=<DivBackward0>)
Memory status after this epoch: 
Memory allocated:  415.109375
Memory cached:  826.0
	 epoch  70 training error:  tensor(0.4862, device='cuda:0', grad_fn=<DivBackward0>)
	 epoch  70 test error:  tensor(0.0385, device='cuda:0', grad_fn=<DivBackward0>)
Memory status after this epoch: 
Memory allocated:  416.5625
Memory cached:  826.0
	 epoch  80 training error:  tensor(0.4856, device='cuda:0', grad_fn=<DivBackward0>)
	 epoch  80 test error:  tensor(0.0387, device='cuda:0', grad_fn=<DivBackward0>)
Memory status after this epoch: 
Memory allocated:  415.109375
Memory cached:  826.0
	 epoch  90 training error:  tensor(0.4854, device='cuda:0', grad_fn=<DivBackward0>)
	 epoch  90 test error:  tensor(0.0384, device='cuda:0', grad_fn=<DivBackward0>)
Memory status after this epoch: 
Memory allocated:  416.5625
Memory cached:  826.0
[I 2023-11-10 14:23:55,650] Trial 48 finished with value: 0.03849112242460251 and parameters: {'W_layers': 7, 'W_layer_units_exponent_0': 8, 'W_layer_units_exponent_1': 6, 'W_layer_units_exponent_2': 8, 'W_layer_units_exponent_3': 4, 'W_layer_units_exponent_4': 8, 'W_layer_units_exponent_5': 7, 'W_layer_units_exponent_6': 4, 'D_layers': 5, 'D_layer_units_exponent_0': 5, 'D_layer_units_exponent_1': 10, 'D_layer_units_exponent_2': 4, 'D_layer_units_exponent_3': 8, 'D_layer_units_exponent_4': 9, 'log_learning_rate': -3.4461715214677424, 'log_learning_rate_D': -3.402622262835028, 'training_batch_size': 7, 'training_p': 4}. Best is trial 42 with value: 0.03707868605852127.
Time for this trial:  179.82493495941162
Memory status after this trial: 
Memory allocated:  812.41064453125
Memory cached:  826.0
--------------------  Trial  49   --------------------
Start timing: 
Parameters: 
{'W_layers': 8, 'W_layer_units_exponent_0': 7, 'W_layer_units_exponent_1': 7, 'W_layer_units_exponent_2': 8, 'W_layer_units_exponent_3': 5, 'W_layer_units_exponent_4': 8, 'W_layer_units_exponent_5': 5, 'W_layer_units_exponent_6': 5, 'W_layer_units_exponent_7': 7, 'D_layers': 6, 'D_layer_units_exponent_0': 8, 'D_layer_units_exponent_1': 6, 'D_layer_units_exponent_2': 5, 'D_layer_units_exponent_3': 8, 'D_layer_units_exponent_4': 7, 'D_layer_units_exponent_5': 5, 'log_learning_rate': -3.202487490194472, 'log_learning_rate_D': -3.6048844340432233, 'training_batch_size': 6, 'training_p': 6}
	 epoch  0 training error:  tensor(1.1956, device='cuda:0', grad_fn=<DivBackward0>)
	 epoch  0 test error:  tensor(0.1122, device='cuda:0', grad_fn=<DivBackward0>)
Memory status after this epoch: 
Memory allocated:  357.5537109375
Memory cached:  590.0
	 epoch  10 training error:  tensor(0.9786, device='cuda:0', grad_fn=<DivBackward0>)
	 epoch  10 test error:  tensor(0.0705, device='cuda:0', grad_fn=<DivBackward0>)
Memory status after this epoch: 
Memory allocated:  356.1005859375
Memory cached:  710.0
	 epoch  20 training error:  tensor(0.6253, device='cuda:0', grad_fn=<DivBackward0>)
	 epoch  20 test error:  tensor(0.0528, device='cuda:0', grad_fn=<DivBackward0>)
Memory status after this epoch: 
Memory allocated:  357.5537109375
Memory cached:  710.0
	 epoch  30 training error:  tensor(0.4917, device='cuda:0', grad_fn=<DivBackward0>)
	 epoch  30 test error:  tensor(0.0403, device='cuda:0', grad_fn=<DivBackward0>)
Memory status after this epoch: 
Memory allocated:  356.1005859375
Memory cached:  710.0
	 epoch  40 training error:  tensor(0.4732, device='cuda:0', grad_fn=<DivBackward0>)
	 epoch  40 test error:  tensor(0.0388, device='cuda:0', grad_fn=<DivBackward0>)
Memory status after this epoch: 
Memory allocated:  357.5537109375
Memory cached:  710.0
	 epoch  50 training error:  tensor(0.4684, device='cuda:0', grad_fn=<DivBackward0>)
	 epoch  50 test error:  tensor(0.0397, device='cuda:0', grad_fn=<DivBackward0>)
Memory status after this epoch: 
Memory allocated:  356.1005859375
Memory cached:  710.0
	 epoch  60 training error:  tensor(0.4679, device='cuda:0', grad_fn=<DivBackward0>)
	 epoch  60 test error:  tensor(0.0389, device='cuda:0', grad_fn=<DivBackward0>)
Memory status after this epoch: 
Memory allocated:  357.5537109375
Memory cached:  710.0
	 epoch  70 training error:  tensor(0.4671, device='cuda:0', grad_fn=<DivBackward0>)
	 epoch  70 test error:  tensor(0.0385, device='cuda:0', grad_fn=<DivBackward0>)
Memory status after this epoch: 
Memory allocated:  356.1005859375
Memory cached:  710.0
	 epoch  80 training error:  tensor(0.4682, device='cuda:0', grad_fn=<DivBackward0>)
	 epoch  80 test error:  tensor(0.0385, device='cuda:0', grad_fn=<DivBackward0>)
Memory status after this epoch: 
Memory allocated:  357.5537109375
Memory cached:  710.0
	 epoch  90 training error:  tensor(0.4663, device='cuda:0', grad_fn=<DivBackward0>)
	 epoch  90 test error:  tensor(0.0398, device='cuda:0', grad_fn=<DivBackward0>)
Memory status after this epoch: 
Memory allocated:  356.1005859375
Memory cached:  710.0
[I 2023-11-10 14:29:22,377] Trial 49 finished with value: 0.03801188990473747 and parameters: {'W_layers': 8, 'W_layer_units_exponent_0': 7, 'W_layer_units_exponent_1': 7, 'W_layer_units_exponent_2': 8, 'W_layer_units_exponent_3': 5, 'W_layer_units_exponent_4': 8, 'W_layer_units_exponent_5': 5, 'W_layer_units_exponent_6': 5, 'W_layer_units_exponent_7': 7, 'D_layers': 6, 'D_layer_units_exponent_0': 8, 'D_layer_units_exponent_1': 6, 'D_layer_units_exponent_2': 5, 'D_layer_units_exponent_3': 8, 'D_layer_units_exponent_4': 7, 'D_layer_units_exponent_5': 5, 'log_learning_rate': -3.202487490194472, 'log_learning_rate_D': -3.6048844340432233, 'training_batch_size': 6, 'training_p': 6}. Best is trial 42 with value: 0.03707868605852127.
[I 2023-11-10 14:29:22,476] A new study created in memory with name: no-name-b4fb51f0-d0be-478a-8693-0b938220a530
Time for this trial:  326.38553833961487
Memory status after this trial: 
Memory allocated:  697.12255859375
Memory cached:  710.0
--------------------  Trial  0   --------------------
Start timing: 
Parameters: 
{'W_layers': 2, 'W_layer_units_exponent_0': 10, 'W_layer_units_exponent_1': 9, 'D_layers': 7, 'D_layer_units_exponent_0': 8, 'D_layer_units_exponent_1': 9, 'D_layer_units_exponent_2': 8, 'D_layer_units_exponent_3': 4, 'D_layer_units_exponent_4': 6, 'D_layer_units_exponent_5': 9, 'D_layer_units_exponent_6': 7, 'log_learning_rate': -2.3223331867855843, 'log_learning_rate_D': -1.528342668555264, 'training_batch_size': 12, 'training_p': 7}
	 epoch  0 training error:  tensor(4.7762, device='cuda:0', grad_fn=<DivBackward0>)
	 epoch  0 test error:  tensor(62.2867, device='cuda:0', grad_fn=<DivBackward0>)
Memory status after this epoch: 
Memory allocated:  450.65185546875
Memory cached:  590.0
	 epoch  10 training error:  tensor(1.0002, device='cuda:0', grad_fn=<DivBackward0>)
	 epoch  10 test error:  tensor(0.0725, device='cuda:0', grad_fn=<DivBackward0>)
Memory status after this epoch: 
Memory allocated:  448.16748046875
Memory cached:  892.0
	 epoch  20 training error:  tensor(1.0006, device='cuda:0', grad_fn=<DivBackward0>)
	 epoch  20 test error:  tensor(0.0725, device='cuda:0', grad_fn=<DivBackward0>)
Memory status after this epoch: 
Memory allocated:  451.82373046875
Memory cached:  892.0
	 epoch  30 training error:  tensor(0.9944, device='cuda:0', grad_fn=<DivBackward0>)
	 epoch  30 test error:  tensor(0.0727, device='cuda:0', grad_fn=<DivBackward0>)
Memory status after this epoch: 
Memory allocated:  448.12060546875
Memory cached:  888.0
	 epoch  40 training error:  tensor(0.9829, device='cuda:0', grad_fn=<DivBackward0>)
	 epoch  40 test error:  tensor(0.0745, device='cuda:0', grad_fn=<DivBackward0>)
Memory status after this epoch: 
Memory allocated:  450.88623046875
Memory cached:  890.0
	 epoch  50 training error:  tensor(0.9828, device='cuda:0', grad_fn=<DivBackward0>)
	 epoch  50 test error:  tensor(0.0740, device='cuda:0', grad_fn=<DivBackward0>)
Memory status after this epoch: 
Memory allocated:  449.15185546875
Memory cached:  892.0
	 epoch  60 training error:  tensor(0.9837, device='cuda:0', grad_fn=<DivBackward0>)
	 epoch  60 test error:  tensor(0.0734, device='cuda:0', grad_fn=<DivBackward0>)
Memory status after this epoch: 
Memory allocated:  450.32373046875
Memory cached:  892.0
	 epoch  70 training error:  tensor(0.9826, device='cuda:0', grad_fn=<DivBackward0>)
	 epoch  70 test error:  tensor(0.0741, device='cuda:0', grad_fn=<DivBackward0>)
Memory status after this epoch: 
Memory allocated:  449.62060546875
Memory cached:  894.0
	 epoch  80 training error:  tensor(0.9826, device='cuda:0', grad_fn=<DivBackward0>)
	 epoch  80 test error:  tensor(0.0740, device='cuda:0', grad_fn=<DivBackward0>)
Memory status after this epoch: 
Memory allocated:  449.85498046875
Memory cached:  892.0
	 epoch  90 training error:  tensor(0.9827, device='cuda:0', grad_fn=<DivBackward0>)
	 epoch  90 test error:  tensor(0.0738, device='cuda:0', grad_fn=<DivBackward0>)
Memory status after this epoch: 
Memory allocated:  450.08935546875
Memory cached:  892.0
[I 2023-11-10 14:32:00,796] Trial 0 finished with value: 0.07397401332855225 and parameters: {'W_layers': 2, 'W_layer_units_exponent_0': 10, 'W_layer_units_exponent_1': 9, 'D_layers': 7, 'D_layer_units_exponent_0': 8, 'D_layer_units_exponent_1': 9, 'D_layer_units_exponent_2': 8, 'D_layer_units_exponent_3': 4, 'D_layer_units_exponent_4': 6, 'D_layer_units_exponent_5': 9, 'D_layer_units_exponent_6': 7, 'log_learning_rate': -2.3223331867855843, 'log_learning_rate_D': -1.528342668555264, 'training_batch_size': 12, 'training_p': 7}. Best is trial 0 with value: 0.07397401332855225.
Time for this trial:  158.14903044700623
Memory status after this trial: 
Memory allocated:  863.80712890625
Memory cached:  892.0
--------------------  Trial  1   --------------------
Start timing: 
Parameters: 
{'W_layers': 6, 'W_layer_units_exponent_0': 8, 'W_layer_units_exponent_1': 9, 'W_layer_units_exponent_2': 5, 'W_layer_units_exponent_3': 9, 'W_layer_units_exponent_4': 4, 'W_layer_units_exponent_5': 10, 'D_layers': 5, 'D_layer_units_exponent_0': 4, 'D_layer_units_exponent_1': 9, 'D_layer_units_exponent_2': 9, 'D_layer_units_exponent_3': 7, 'D_layer_units_exponent_4': 10, 'log_learning_rate': -1.3386556096440225, 'log_learning_rate_D': -1.2843318267050559, 'training_batch_size': 10, 'training_p': 6}
	 epoch  0 training error:  tensor(1.7237, device='cuda:0', grad_fn=<DivBackward0>)
	 epoch  0 test error:  tensor(962.3121, device='cuda:0', grad_fn=<DivBackward0>)
Memory status after this epoch: 
Memory allocated:  514.09033203125
Memory cached:  774.0
	 epoch  10 training error:  tensor(1., device='cuda:0', grad_fn=<DivBackward0>)
	 epoch  10 test error:  tensor(0.0725, device='cuda:0', grad_fn=<DivBackward0>)
Memory status after this epoch: 
Memory allocated:  513.34033203125
Memory cached:  1026.0
	 epoch  20 training error:  tensor(1., device='cuda:0', grad_fn=<DivBackward0>)
	 epoch  20 test error:  tensor(0.0725, device='cuda:0', grad_fn=<DivBackward0>)
Memory status after this epoch: 
Memory allocated:  513.29345703125
Memory cached:  1022.0
	 epoch  30 training error:  tensor(1., device='cuda:0', grad_fn=<DivBackward0>)
	 epoch  30 test error:  tensor(0.0725, device='cuda:0', grad_fn=<DivBackward0>)
Memory status after this epoch: 
Memory allocated:  514.55908203125
Memory cached:  1022.0
	 epoch  40 training error:  tensor(1., device='cuda:0', grad_fn=<DivBackward0>)
	 epoch  40 test error:  tensor(0.0725, device='cuda:0', grad_fn=<DivBackward0>)
Memory status after this epoch: 
Memory allocated:  512.82470703125
Memory cached:  1018.0
	 epoch  50 training error:  tensor(1., device='cuda:0', grad_fn=<DivBackward0>)
	 epoch  50 test error:  tensor(0.0725, device='cuda:0', grad_fn=<DivBackward0>)
Memory status after this epoch: 
Memory allocated:  514.09033203125
Memory cached:  1018.0
	 epoch  60 training error:  tensor(1., device='cuda:0', grad_fn=<DivBackward0>)
	 epoch  60 test error:  tensor(0.0725, device='cuda:0', grad_fn=<DivBackward0>)
Memory status after this epoch: 
Memory allocated:  513.19970703125
Memory cached:  1018.0
	 epoch  70 training error:  tensor(1., device='cuda:0', grad_fn=<DivBackward0>)
	 epoch  70 test error:  tensor(0.0725, device='cuda:0', grad_fn=<DivBackward0>)
Memory status after this epoch: 
Memory allocated:  514.09033203125
Memory cached:  1014.0
	 epoch  80 training error:  tensor(1., device='cuda:0', grad_fn=<DivBackward0>)
	 epoch  80 test error:  tensor(0.0725, device='cuda:0', grad_fn=<DivBackward0>)
Memory status after this epoch: 
Memory allocated:  513.19970703125
Memory cached:  1014.0
	 epoch  90 training error:  tensor(1., device='cuda:0', grad_fn=<DivBackward0>)
	 epoch  90 test error:  tensor(0.0725, device='cuda:0', grad_fn=<DivBackward0>)
Memory status after this epoch: 
Memory allocated:  514.09033203125
Memory cached:  1014.0
