[I 2023-11-17 07:13:28,025] Trial 47 finished with value: 0.09674400091171265 and parameters: {'W_layers': 3, 'W_layer_units_exponent_0': 7, 'W_layer_units_exponent_1': 10, 'W_layer_units_exponent_2': 9, 'D_layers': 7, 'D_layer_units_exponent_0': 10, 'D_layer_units_exponent_1': 6, 'D_layer_units_exponent_2': 5, 'D_layer_units_exponent_3': 6, 'D_layer_units_exponent_4': 4, 'D_layer_units_exponent_5': 6, 'D_layer_units_exponent_6': 5, 'log_learning_rate': -2.2205484883507642, 'log_learning_rate_D': -4.98105372370428, 'training_batch_size': 12, 'training_p': 6}. Best is trial 9 with value: 0.09674399346113205.
Time for this trial:  163.23017764091492
Memory status after this trial: 
Memory allocated:  386.8017578125
Memory cached:  402.0
--------------------  Trial  48   --------------------
Start timing: 
Parameters: 
{'W_layers': 5, 'W_layer_units_exponent_0': 8, 'W_layer_units_exponent_1': 6, 'W_layer_units_exponent_2': 10, 'W_layer_units_exponent_3': 7, 'W_layer_units_exponent_4': 4, 'D_layers': 8, 'D_layer_units_exponent_0': 7, 'D_layer_units_exponent_1': 4, 'D_layer_units_exponent_2': 8, 'D_layer_units_exponent_3': 8, 'D_layer_units_exponent_4': 5, 'D_layer_units_exponent_5': 9, 'D_layer_units_exponent_6': 7, 'D_layer_units_exponent_7': 10, 'log_learning_rate': -1.7570560722654704, 'log_learning_rate_D': -4.036561580527218, 'training_batch_size': 11, 'training_p': 2}
	 epoch  0 training error:  tensor(0.9930, device='cuda:0', grad_fn=<DivBackward0>)
	 epoch  0 test error:  tensor(1.2854, device='cuda:0', grad_fn=<DivBackward0>)
Memory status after this epoch: 
Memory allocated:  246.17138671875
Memory cached:  274.0
	 epoch  10 training error:  tensor(1., device='cuda:0', grad_fn=<DivBackward0>)
	 epoch  10 test error:  tensor(0.0967, device='cuda:0', grad_fn=<DivBackward0>)
Memory status after this epoch: 
Memory allocated:  246.54638671875
Memory cached:  496.0
	 epoch  20 training error:  tensor(1., device='cuda:0', grad_fn=<DivBackward0>)
	 epoch  20 test error:  tensor(0.0967, device='cuda:0', grad_fn=<DivBackward0>)
Memory status after this epoch: 
Memory allocated:  246.17138671875
Memory cached:  496.0
	 epoch  30 training error:  tensor(1., device='cuda:0', grad_fn=<DivBackward0>)
	 epoch  30 test error:  tensor(0.0967, device='cuda:0', grad_fn=<DivBackward0>)
Memory status after this epoch: 
Memory allocated:  246.54638671875
Memory cached:  496.0
	 epoch  40 training error:  tensor(1., device='cuda:0', grad_fn=<DivBackward0>)
	 epoch  40 test error:  tensor(0.0967, device='cuda:0', grad_fn=<DivBackward0>)
Memory status after this epoch: 
Memory allocated:  246.17138671875
Memory cached:  496.0
	 epoch  50 training error:  tensor(1., device='cuda:0', grad_fn=<DivBackward0>)
	 epoch  50 test error:  tensor(0.0967, device='cuda:0', grad_fn=<DivBackward0>)
Memory status after this epoch: 
Memory allocated:  246.54638671875
Memory cached:  496.0
	 epoch  60 training error:  tensor(1., device='cuda:0', grad_fn=<DivBackward0>)
	 epoch  60 test error:  tensor(0.0967, device='cuda:0', grad_fn=<DivBackward0>)
Memory status after this epoch: 
Memory allocated:  246.17138671875
Memory cached:  498.0
	 epoch  70 training error:  tensor(1., device='cuda:0', grad_fn=<DivBackward0>)
	 epoch  70 test error:  tensor(0.0967, device='cuda:0', grad_fn=<DivBackward0>)
Memory status after this epoch: 
Memory allocated:  246.54638671875
Memory cached:  498.0
	 epoch  80 training error:  tensor(1., device='cuda:0', grad_fn=<DivBackward0>)
	 epoch  80 test error:  tensor(0.0967, device='cuda:0', grad_fn=<DivBackward0>)
Memory status after this epoch: 
Memory allocated:  246.17138671875
Memory cached:  498.0
	 epoch  90 training error:  tensor(1., device='cuda:0', grad_fn=<DivBackward0>)
	 epoch  90 test error:  tensor(0.0967, device='cuda:0', grad_fn=<DivBackward0>)
Memory status after this epoch: 
Memory allocated:  246.54638671875
Memory cached:  496.0
[I 2023-11-17 07:16:43,428] Trial 48 finished with value: 0.09674399346113205 and parameters: {'W_layers': 5, 'W_layer_units_exponent_0': 8, 'W_layer_units_exponent_1': 6, 'W_layer_units_exponent_2': 10, 'W_layer_units_exponent_3': 7, 'W_layer_units_exponent_4': 4, 'D_layers': 8, 'D_layer_units_exponent_0': 7, 'D_layer_units_exponent_1': 4, 'D_layer_units_exponent_2': 8, 'D_layer_units_exponent_3': 8, 'D_layer_units_exponent_4': 5, 'D_layer_units_exponent_5': 9, 'D_layer_units_exponent_6': 7, 'D_layer_units_exponent_7': 10, 'log_learning_rate': -1.7570560722654704, 'log_learning_rate_D': -4.036561580527218, 'training_batch_size': 11, 'training_p': 2}. Best is trial 9 with value: 0.09674399346113205.
Time for this trial:  195.1141459941864
Memory status after this trial: 
Memory allocated:  478.5205078125
Memory cached:  496.0
--------------------  Trial  49   --------------------
Start timing: 
Parameters: 
{'W_layers': 7, 'W_layer_units_exponent_0': 4, 'W_layer_units_exponent_1': 7, 'W_layer_units_exponent_2': 6, 'W_layer_units_exponent_3': 5, 'W_layer_units_exponent_4': 7, 'W_layer_units_exponent_5': 8, 'W_layer_units_exponent_6': 5, 'D_layers': 3, 'D_layer_units_exponent_0': 9, 'D_layer_units_exponent_1': 5, 'D_layer_units_exponent_2': 6, 'log_learning_rate': -2.647684161628282, 'log_learning_rate_D': -4.812888389232123, 'training_batch_size': 12, 'training_p': 7}
	 epoch  0 training error:  tensor(0.9996, device='cuda:0', grad_fn=<DivBackward0>)
	 epoch  0 test error:  tensor(0.0974, device='cuda:0', grad_fn=<DivBackward0>)
Memory status after this epoch: 
Memory allocated:  103.1240234375
Memory cached:  164.0
	 epoch  10 training error:  tensor(0.9688, device='cuda:0', grad_fn=<DivBackward0>)
	 epoch  10 test error:  tensor(0.0981, device='cuda:0', grad_fn=<DivBackward0>)
Memory status after this epoch: 
Memory allocated:  102.7490234375
Memory cached:  216.0
	 epoch  20 training error:  tensor(0.9642, device='cuda:0', grad_fn=<DivBackward0>)
	 epoch  20 test error:  tensor(0.0978, device='cuda:0', grad_fn=<DivBackward0>)
Memory status after this epoch: 
Memory allocated:  103.1240234375
Memory cached:  218.0
	 epoch  30 training error:  tensor(0.9579, device='cuda:0', grad_fn=<DivBackward0>)
	 epoch  30 test error:  tensor(0.0979, device='cuda:0', grad_fn=<DivBackward0>)
Memory status after this epoch: 
Memory allocated:  102.7490234375
Memory cached:  218.0
	 epoch  40 training error:  tensor(0.9545, device='cuda:0', grad_fn=<DivBackward0>)
	 epoch  40 test error:  tensor(0.0978, device='cuda:0', grad_fn=<DivBackward0>)
Memory status after this epoch: 
Memory allocated:  103.1240234375
Memory cached:  218.0
	 epoch  50 training error:  tensor(0.9542, device='cuda:0', grad_fn=<DivBackward0>)
	 epoch  50 test error:  tensor(0.0982, device='cuda:0', grad_fn=<DivBackward0>)
Memory status after this epoch: 
Memory allocated:  102.7490234375
Memory cached:  220.0
	 epoch  60 training error:  tensor(0.9539, device='cuda:0', grad_fn=<DivBackward0>)
	 epoch  60 test error:  tensor(0.0980, device='cuda:0', grad_fn=<DivBackward0>)
Memory status after this epoch: 
Memory allocated:  103.1240234375
Memory cached:  216.0
	 epoch  70 training error:  tensor(0.9531, device='cuda:0', grad_fn=<DivBackward0>)
	 epoch  70 test error:  tensor(0.0979, device='cuda:0', grad_fn=<DivBackward0>)
Memory status after this epoch: 
Memory allocated:  102.7490234375
Memory cached:  216.0
	 epoch  80 training error:  tensor(0.9538, device='cuda:0', grad_fn=<DivBackward0>)
	 epoch  80 test error:  tensor(0.0982, device='cuda:0', grad_fn=<DivBackward0>)
Memory status after this epoch: 
Memory allocated:  103.1240234375
Memory cached:  216.0
	 epoch  90 training error:  tensor(0.9552, device='cuda:0', grad_fn=<DivBackward0>)
	 epoch  90 test error:  tensor(0.0980, device='cuda:0', grad_fn=<DivBackward0>)
Memory status after this epoch: 
Memory allocated:  102.7490234375
Memory cached:  218.0
[I 2023-11-17 07:19:13,550] Trial 49 finished with value: 0.09797884523868561 and parameters: {'W_layers': 7, 'W_layer_units_exponent_0': 4, 'W_layer_units_exponent_1': 7, 'W_layer_units_exponent_2': 6, 'W_layer_units_exponent_3': 5, 'W_layer_units_exponent_4': 7, 'W_layer_units_exponent_5': 8, 'W_layer_units_exponent_6': 5, 'D_layers': 3, 'D_layer_units_exponent_0': 9, 'D_layer_units_exponent_1': 5, 'D_layer_units_exponent_2': 6, 'log_learning_rate': -2.647684161628282, 'log_learning_rate_D': -4.812888389232123, 'training_batch_size': 12, 'training_p': 7}. Best is trial 9 with value: 0.09674399346113205.
Time for this trial:  149.8571047782898
Memory status after this trial: 
Memory allocated:  201.5927734375
Memory cached:  218.0
