[I 2023-11-17 13:33:44,941] Trial 14 finished with value: 0.19170022010803223 and parameters: {'W_layers': 4, 'W_layer_units_exponent_0': 9, 'W_layer_units_exponent_1': 10, 'W_layer_units_exponent_2': 10, 'W_layer_units_exponent_3': 10, 'D_layers': 3, 'D_layer_units_exponent_0': 10, 'D_layer_units_exponent_1': 10, 'D_layer_units_exponent_2': 4, 'log_learning_rate': -4.2047480051459605, 'log_learning_rate_D': -3.657807609975585, 'training_batch_size': 11, 'training_p': 3}. Best is trial 10 with value: 0.190627321600914.
Time for this trial:  152.8754391670227
Memory status after this trial: 
Memory allocated:  908.408203125
Memory cached:  946.0
--------------------  Trial  15   --------------------
Start timing: 
Parameters: 
{'W_layers': 2, 'W_layer_units_exponent_0': 9, 'W_layer_units_exponent_1': 9, 'D_layers': 2, 'D_layer_units_exponent_0': 9, 'D_layer_units_exponent_1': 9, 'log_learning_rate': -3.527829430603973, 'log_learning_rate_D': -4.993876110309768, 'training_batch_size': 9, 'training_p': 5}
	 epoch  0 training error:  tensor(0.9967, device='cuda:0', grad_fn=<DivBackward0>)
	 epoch  0 test error:  tensor(0.2424, device='cuda:0', grad_fn=<DivBackward0>)
Memory status after this epoch: 
Memory allocated:  258.91650390625
Memory cached:  410.0
	 epoch  10 training error:  tensor(1.0760, device='cuda:0', grad_fn=<DivBackward0>)
	 epoch  10 test error:  tensor(0.2015, device='cuda:0', grad_fn=<DivBackward0>)
Memory status after this epoch: 
Memory allocated:  257.51025390625
Memory cached:  530.0
	 epoch  20 training error:  tensor(1.0005, device='cuda:0', grad_fn=<DivBackward0>)
	 epoch  20 test error:  tensor(0.1966, device='cuda:0', grad_fn=<DivBackward0>)
Memory status after this epoch: 
Memory allocated:  258.72900390625
Memory cached:  510.0
	 epoch  30 training error:  tensor(0.9909, device='cuda:0', grad_fn=<DivBackward0>)
	 epoch  30 test error:  tensor(0.1929, device='cuda:0', grad_fn=<DivBackward0>)
Memory status after this epoch: 
Memory allocated:  257.69775390625
Memory cached:  510.0
	 epoch  40 training error:  tensor(0.9907, device='cuda:0', grad_fn=<DivBackward0>)
	 epoch  40 test error:  tensor(0.1924, device='cuda:0', grad_fn=<DivBackward0>)
Memory status after this epoch: 
Memory allocated:  258.91650390625
Memory cached:  510.0
	 epoch  50 training error:  tensor(0.9906, device='cuda:0', grad_fn=<DivBackward0>)
	 epoch  50 test error:  tensor(0.1924, device='cuda:0', grad_fn=<DivBackward0>)
Memory status after this epoch: 
Memory allocated:  257.41650390625
Memory cached:  510.0
	 epoch  60 training error:  tensor(0.9906, device='cuda:0', grad_fn=<DivBackward0>)
	 epoch  60 test error:  tensor(0.1925, device='cuda:0', grad_fn=<DivBackward0>)
Memory status after this epoch: 
Memory allocated:  258.82275390625
Memory cached:  510.0
	 epoch  70 training error:  tensor(0.9901, device='cuda:0', grad_fn=<DivBackward0>)
	 epoch  70 test error:  tensor(0.1926, device='cuda:0', grad_fn=<DivBackward0>)
Memory status after this epoch: 
Memory allocated:  257.60400390625
Memory cached:  510.0
	 epoch  80 training error:  tensor(0.9898, device='cuda:0', grad_fn=<DivBackward0>)
	 epoch  80 test error:  tensor(0.1928, device='cuda:0', grad_fn=<DivBackward0>)
Memory status after this epoch: 
Memory allocated:  258.72900390625
Memory cached:  510.0
	 epoch  90 training error:  tensor(0.9897, device='cuda:0', grad_fn=<DivBackward0>)
	 epoch  90 test error:  tensor(0.1931, device='cuda:0', grad_fn=<DivBackward0>)
Memory status after this epoch: 
Memory allocated:  257.97900390625
Memory cached:  510.0
[I 2023-11-17 13:35:30,844] Trial 15 finished with value: 0.19329723715782166 and parameters: {'W_layers': 2, 'W_layer_units_exponent_0': 9, 'W_layer_units_exponent_1': 9, 'D_layers': 2, 'D_layer_units_exponent_0': 9, 'D_layer_units_exponent_1': 9, 'log_learning_rate': -3.527829430603973, 'log_learning_rate_D': -4.993876110309768, 'training_batch_size': 9, 'training_p': 5}. Best is trial 10 with value: 0.190627321600914.
Time for this trial:  105.7190170288086
Memory status after this trial: 
Memory allocated:  500.6298828125
Memory cached:  510.0
--------------------  Trial  16   --------------------
Start timing: 
Parameters: 
{'W_layers': 4, 'W_layer_units_exponent_0': 9, 'W_layer_units_exponent_1': 8, 'W_layer_units_exponent_2': 6, 'W_layer_units_exponent_3': 6, 'D_layers': 3, 'D_layer_units_exponent_0': 4, 'D_layer_units_exponent_1': 9, 'D_layer_units_exponent_2': 10, 'log_learning_rate': -1.0031811283084813, 'log_learning_rate_D': -4.300154534320381, 'training_batch_size': 12, 'training_p': 2}
	 epoch  0 training error:  tensor(0.9992, device='cuda:0', grad_fn=<DivBackward0>)
	 epoch  0 test error:  tensor(36.8704, device='cuda:0', grad_fn=<DivBackward0>)
Memory status after this epoch: 
Memory allocated:  281.8828125
Memory cached:  422.0
	 epoch  10 training error:  tensor(1., device='cuda:0', grad_fn=<DivBackward0>)
	 epoch  10 test error:  tensor(0.1922, device='cuda:0', grad_fn=<DivBackward0>)
Memory status after this epoch: 
Memory allocated:  281.9765625
Memory cached:  564.0
	 epoch  20 training error:  tensor(1., device='cuda:0', grad_fn=<DivBackward0>)
	 epoch  20 test error:  tensor(0.1922, device='cuda:0', grad_fn=<DivBackward0>)
Memory status after this epoch: 
Memory allocated:  282.2578125
Memory cached:  564.0
	 epoch  30 training error:  tensor(1., device='cuda:0', grad_fn=<DivBackward0>)
	 epoch  30 test error:  tensor(0.1922, device='cuda:0', grad_fn=<DivBackward0>)
Memory status after this epoch: 
Memory allocated:  281.9765625
Memory cached:  564.0
	 epoch  40 training error:  tensor(1., device='cuda:0', grad_fn=<DivBackward0>)
	 epoch  40 test error:  tensor(0.1922, device='cuda:0', grad_fn=<DivBackward0>)
Memory status after this epoch: 
Memory allocated:  282.3046875
Memory cached:  564.0
	 epoch  50 training error:  tensor(1., device='cuda:0', grad_fn=<DivBackward0>)
	 epoch  50 test error:  tensor(0.1922, device='cuda:0', grad_fn=<DivBackward0>)
Memory status after this epoch: 
Memory allocated:  281.9765625
Memory cached:  564.0
	 epoch  60 training error:  tensor(1., device='cuda:0', grad_fn=<DivBackward0>)
	 epoch  60 test error:  tensor(0.1922, device='cuda:0', grad_fn=<DivBackward0>)
Memory status after this epoch: 
Memory allocated:  282.3046875
Memory cached:  566.0
	 epoch  70 training error:  tensor(1., device='cuda:0', grad_fn=<DivBackward0>)
	 epoch  70 test error:  tensor(0.1922, device='cuda:0', grad_fn=<DivBackward0>)
Memory status after this epoch: 
Memory allocated:  281.9765625
Memory cached:  564.0
	 epoch  80 training error:  tensor(1., device='cuda:0', grad_fn=<DivBackward0>)
	 epoch  80 test error:  tensor(0.1922, device='cuda:0', grad_fn=<DivBackward0>)
Memory status after this epoch: 
Memory allocated:  282.3046875
Memory cached:  564.0
	 epoch  90 training error:  tensor(1., device='cuda:0', grad_fn=<DivBackward0>)
	 epoch  90 test error:  tensor(0.1922, device='cuda:0', grad_fn=<DivBackward0>)
Memory status after this epoch: 
Memory allocated:  281.9765625
Memory cached:  564.0
[I 2023-11-17 13:37:45,000] Trial 16 finished with value: 0.19218309223651886 and parameters: {'W_layers': 4, 'W_layer_units_exponent_0': 9, 'W_layer_units_exponent_1': 8, 'W_layer_units_exponent_2': 6, 'W_layer_units_exponent_3': 6, 'D_layers': 3, 'D_layer_units_exponent_0': 4, 'D_layer_units_exponent_1': 9, 'D_layer_units_exponent_2': 10, 'log_learning_rate': -1.0031811283084813, 'log_learning_rate_D': -4.300154534320381, 'training_batch_size': 12, 'training_p': 2}. Best is trial 10 with value: 0.190627321600914.
Time for this trial:  133.97669744491577
Memory status after this trial: 
Memory allocated:  544.3388671875
Memory cached:  564.0
--------------------  Trial  17   --------------------
Start timing: 
Parameters: 
{'W_layers': 4, 'W_layer_units_exponent_0': 4, 'W_layer_units_exponent_1': 8, 'W_layer_units_exponent_2': 10, 'W_layer_units_exponent_3': 10, 'D_layers': 4, 'D_layer_units_exponent_0': 10, 'D_layer_units_exponent_1': 10, 'D_layer_units_exponent_2': 4, 'D_layer_units_exponent_3': 10, 'log_learning_rate': -4.577557091938872, 'log_learning_rate_D': -3.817063537177155, 'training_batch_size': 11, 'training_p': 8}
	 epoch  0 training error:  tensor(1.0025, device='cuda:0', grad_fn=<DivBackward0>)
	 epoch  0 test error:  tensor(0.1916, device='cuda:0', grad_fn=<DivBackward0>)
Memory status after this epoch: 
Memory allocated:  465.427734375
Memory cached:  596.0
	 epoch  10 training error:  tensor(0.9907, device='cuda:0', grad_fn=<DivBackward0>)
	 epoch  10 test error:  tensor(0.1933, device='cuda:0', grad_fn=<DivBackward0>)
Memory status after this epoch: 
Memory allocated:  466.505859375
Memory cached:  896.0
	 epoch  20 training error:  tensor(0.9902, device='cuda:0', grad_fn=<DivBackward0>)
	 epoch  20 test error:  tensor(0.1934, device='cuda:0', grad_fn=<DivBackward0>)
Memory status after this epoch: 
Memory allocated:  465.474609375
Memory cached:  896.0
	 epoch  30 training error:  tensor(0.9896, device='cuda:0', grad_fn=<DivBackward0>)
	 epoch  30 test error:  tensor(0.1933, device='cuda:0', grad_fn=<DivBackward0>)
Memory status after this epoch: 
Memory allocated:  466.505859375
Memory cached:  896.0
	 epoch  40 training error:  tensor(0.9892, device='cuda:0', grad_fn=<DivBackward0>)
	 epoch  40 test error:  tensor(0.1936, device='cuda:0', grad_fn=<DivBackward0>)
Memory status after this epoch: 
Memory allocated:  465.052734375
Memory cached:  896.0
	 epoch  50 training error:  tensor(0.9888, device='cuda:0', grad_fn=<DivBackward0>)
	 epoch  50 test error:  tensor(0.1937, device='cuda:0', grad_fn=<DivBackward0>)
Memory status after this epoch: 
Memory allocated:  466.458984375
Memory cached:  896.0
	 epoch  60 training error:  tensor(0.9880, device='cuda:0', grad_fn=<DivBackward0>)
	 epoch  60 test error:  tensor(0.1942, device='cuda:0', grad_fn=<DivBackward0>)
Memory status after this epoch: 
Memory allocated:  465.146484375
Memory cached:  896.0
	 epoch  70 training error:  tensor(0.9874, device='cuda:0', grad_fn=<DivBackward0>)
	 epoch  70 test error:  tensor(0.1942, device='cuda:0', grad_fn=<DivBackward0>)
Memory status after this epoch: 
Memory allocated:  466.458984375
Memory cached:  896.0
	 epoch  80 training error:  tensor(0.9867, device='cuda:0', grad_fn=<DivBackward0>)
	 epoch  80 test error:  tensor(0.1945, device='cuda:0', grad_fn=<DivBackward0>)
Memory status after this epoch: 
Memory allocated:  465.521484375
Memory cached:  896.0
	 epoch  90 training error:  tensor(0.9857, device='cuda:0', grad_fn=<DivBackward0>)
	 epoch  90 test error:  tensor(0.1948, device='cuda:0', grad_fn=<DivBackward0>)
Memory status after this epoch: 
Memory allocated:  466.083984375
Memory cached:  896.0
[I 2023-11-17 13:40:21,982] Trial 17 finished with value: 0.19579076766967773 and parameters: {'W_layers': 4, 'W_layer_units_exponent_0': 4, 'W_layer_units_exponent_1': 8, 'W_layer_units_exponent_2': 10, 'W_layer_units_exponent_3': 10, 'D_layers': 4, 'D_layer_units_exponent_0': 10, 'D_layer_units_exponent_1': 10, 'D_layer_units_exponent_2': 4, 'D_layer_units_exponent_3': 10, 'log_learning_rate': -4.577557091938872, 'log_learning_rate_D': -3.817063537177155, 'training_batch_size': 11, 'training_p': 8}. Best is trial 10 with value: 0.190627321600914.
Time for this trial:  156.7813482284546
Memory status after this trial: 
Memory allocated:  871.1806640625
Memory cached:  896.0
--------------------  Trial  18   --------------------
Start timing: 
Parameters: 
{'W_layers': 2, 'W_layer_units_exponent_0': 10, 'W_layer_units_exponent_1': 10, 'D_layers': 2, 'D_layer_units_exponent_0': 9, 'D_layer_units_exponent_1': 7, 'log_learning_rate': -4.619892976731199, 'log_learning_rate_D': -4.523274336600597, 'training_batch_size': 9, 'training_p': 3}
	 epoch  0 training error:  tensor(0.9934, device='cuda:0', grad_fn=<DivBackward0>)
	 epoch  0 test error:  tensor(0.1934, device='cuda:0', grad_fn=<DivBackward0>)
Memory status after this epoch: 
Memory allocated:  301.93017578125
Memory cached:  436.0
	 epoch  10 training error:  tensor(0.9966, device='cuda:0', grad_fn=<DivBackward0>)
	 epoch  10 test error:  tensor(0.1917, device='cuda:0', grad_fn=<DivBackward0>)
Memory status after this epoch: 
Memory allocated:  302.16455078125
Memory cached:  592.0
	 epoch  20 training error:  tensor(0.9935, device='cuda:0', grad_fn=<DivBackward0>)
	 epoch  20 test error:  tensor(0.1916, device='cuda:0', grad_fn=<DivBackward0>)
Memory status after this epoch: 
Memory allocated:  301.93017578125
Memory cached:  592.0
	 epoch  30 training error:  tensor(0.9932, device='cuda:0', grad_fn=<DivBackward0>)
	 epoch  30 test error:  tensor(0.1915, device='cuda:0', grad_fn=<DivBackward0>)
Memory status after this epoch: 
Memory allocated:  302.16455078125
Memory cached:  592.0
	 epoch  40 training error:  tensor(0.9931, device='cuda:0', grad_fn=<DivBackward0>)
	 epoch  40 test error:  tensor(0.1915, device='cuda:0', grad_fn=<DivBackward0>)
Memory status after this epoch: 
Memory allocated:  301.93017578125
Memory cached:  592.0
	 epoch  50 training error:  tensor(0.9930, device='cuda:0', grad_fn=<DivBackward0>)
	 epoch  50 test error:  tensor(0.1915, device='cuda:0', grad_fn=<DivBackward0>)
Memory status after this epoch: 
Memory allocated:  302.16455078125
Memory cached:  592.0
	 epoch  60 training error:  tensor(0.9930, device='cuda:0', grad_fn=<DivBackward0>)
	 epoch  60 test error:  tensor(0.1916, device='cuda:0', grad_fn=<DivBackward0>)
Memory status after this epoch: 
Memory allocated:  301.93017578125
Memory cached:  592.0
	 epoch  70 training error:  tensor(0.9930, device='cuda:0', grad_fn=<DivBackward0>)
	 epoch  70 test error:  tensor(0.1916, device='cuda:0', grad_fn=<DivBackward0>)
Memory status after this epoch: 
Memory allocated:  302.16455078125
Memory cached:  592.0
	 epoch  80 training error:  tensor(0.9929, device='cuda:0', grad_fn=<DivBackward0>)
	 epoch  80 test error:  tensor(0.1916, device='cuda:0', grad_fn=<DivBackward0>)
Memory status after this epoch: 
Memory allocated:  301.93017578125
Memory cached:  592.0
	 epoch  90 training error:  tensor(0.9929, device='cuda:0', grad_fn=<DivBackward0>)
	 epoch  90 test error:  tensor(0.1917, device='cuda:0', grad_fn=<DivBackward0>)
Memory status after this epoch: 
Memory allocated:  302.16455078125
Memory cached:  592.0
[I 2023-11-17 13:42:12,206] Trial 18 finished with value: 0.19166293740272522 and parameters: {'W_layers': 2, 'W_layer_units_exponent_0': 10, 'W_layer_units_exponent_1': 10, 'D_layers': 2, 'D_layer_units_exponent_0': 9, 'D_layer_units_exponent_1': 7, 'log_learning_rate': -4.619892976731199, 'log_learning_rate_D': -4.523274336600597, 'training_batch_size': 9, 'training_p': 3}. Best is trial 10 with value: 0.190627321600914.
Time for this trial:  110.04921579360962
Memory status after this trial: 
Memory allocated:  573.0341796875
Memory cached:  592.0
--------------------  Trial  19   --------------------
Start timing: 
Parameters: 
{'W_layers': 4, 'W_layer_units_exponent_0': 9, 'W_layer_units_exponent_1': 8, 'W_layer_units_exponent_2': 8, 'W_layer_units_exponent_3': 5, 'D_layers': 3, 'D_layer_units_exponent_0': 5, 'D_layer_units_exponent_1': 9, 'D_layer_units_exponent_2': 10, 'log_learning_rate': -4.909430736191679, 'log_learning_rate_D': -4.992305873260862, 'training_batch_size': 10, 'training_p': 5}
	 epoch  0 training error:  tensor(0.9969, device='cuda:0', grad_fn=<DivBackward0>)
	 epoch  0 test error:  tensor(0.1917, device='cuda:0', grad_fn=<DivBackward0>)
Memory status after this epoch: 
Memory allocated:  292.0439453125
Memory cached:  416.0
	 epoch  10 training error:  tensor(0.9912, device='cuda:0', grad_fn=<DivBackward0>)
	 epoch  10 test error:  tensor(0.1915, device='cuda:0', grad_fn=<DivBackward0>)
Memory status after this epoch: 
Memory allocated:  291.7158203125
Memory cached:  582.0
	 epoch  20 training error:  tensor(0.9916, device='cuda:0', grad_fn=<DivBackward0>)
	 epoch  20 test error:  tensor(0.1918, device='cuda:0', grad_fn=<DivBackward0>)
Memory status after this epoch: 
Memory allocated:  292.4189453125
Memory cached:  582.0
	 epoch  30 training error:  tensor(0.9911, device='cuda:0', grad_fn=<DivBackward0>)
	 epoch  30 test error:  tensor(0.1916, device='cuda:0', grad_fn=<DivBackward0>)
Memory status after this epoch: 
Memory allocated:  291.6220703125
Memory cached:  582.0
	 epoch  40 training error:  tensor(0.9910, device='cuda:0', grad_fn=<DivBackward0>)
	 epoch  40 test error:  tensor(0.1916, device='cuda:0', grad_fn=<DivBackward0>)
Memory status after this epoch: 
Memory allocated:  292.4189453125
Memory cached:  582.0
	 epoch  50 training error:  tensor(0.9909, device='cuda:0', grad_fn=<DivBackward0>)
	 epoch  50 test error:  tensor(0.1917, device='cuda:0', grad_fn=<DivBackward0>)
Memory status after this epoch: 
Memory allocated:  291.6220703125
Memory cached:  582.0
	 epoch  60 training error:  tensor(0.9908, device='cuda:0', grad_fn=<DivBackward0>)
	 epoch  60 test error:  tensor(0.1918, device='cuda:0', grad_fn=<DivBackward0>)
Memory status after this epoch: 
Memory allocated:  292.0439453125
Memory cached:  582.0
	 epoch  70 training error:  tensor(0.9907, device='cuda:0', grad_fn=<DivBackward0>)
	 epoch  70 test error:  tensor(0.1919, device='cuda:0', grad_fn=<DivBackward0>)
Memory status after this epoch: 
Memory allocated:  291.9970703125
Memory cached:  582.0
	 epoch  80 training error:  tensor(0.9905, device='cuda:0', grad_fn=<DivBackward0>)
	 epoch  80 test error:  tensor(0.1920, device='cuda:0', grad_fn=<DivBackward0>)
Memory status after this epoch: 
Memory allocated:  291.5751953125
Memory cached:  582.0
	 epoch  90 training error:  tensor(0.9903, device='cuda:0', grad_fn=<DivBackward0>)
	 epoch  90 test error:  tensor(0.1922, device='cuda:0', grad_fn=<DivBackward0>)
Memory status after this epoch: 
Memory allocated:  291.9970703125
Memory cached:  582.0
[I 2023-11-17 13:44:23,575] Trial 19 finished with value: 0.1922966092824936 and parameters: {'W_layers': 4, 'W_layer_units_exponent_0': 9, 'W_layer_units_exponent_1': 8, 'W_layer_units_exponent_2': 8, 'W_layer_units_exponent_3': 5, 'D_layers': 3, 'D_layer_units_exponent_0': 5, 'D_layer_units_exponent_1': 9, 'D_layer_units_exponent_2': 10, 'log_learning_rate': -4.909430736191679, 'log_learning_rate_D': -4.992305873260862, 'training_batch_size': 10, 'training_p': 5}. Best is trial 10 with value: 0.190627321600914.
Time for this trial:  131.19386744499207
Memory status after this trial: 
Memory allocated:  562.267578125
Memory cached:  582.0
--------------------  Trial  20   --------------------
Start timing: 
Parameters: 
{'W_layers': 2, 'W_layer_units_exponent_0': 5, 'W_layer_units_exponent_1': 9, 'D_layers': 5, 'D_layer_units_exponent_0': 8, 'D_layer_units_exponent_1': 7, 'D_layer_units_exponent_2': 5, 'D_layer_units_exponent_3': 7, 'D_layer_units_exponent_4': 6, 'log_learning_rate': -4.166459598262254, 'log_learning_rate_D': -4.464632380536214, 'training_batch_size': 8, 'training_p': 2}
	 epoch  0 training error:  tensor(1.0756, device='cuda:0', grad_fn=<DivBackward0>)
	 epoch  0 test error:  tensor(0.1990, device='cuda:0', grad_fn=<DivBackward0>)
Memory status after this epoch: 
Memory allocated:  204.033203125
Memory cached:  340.0
	 epoch  10 training error:  tensor(1.0173, device='cuda:0', grad_fn=<DivBackward0>)
	 epoch  10 test error:  tensor(0.1936, device='cuda:0', grad_fn=<DivBackward0>)
Memory status after this epoch: 
Memory allocated:  202.908203125
Memory cached:  408.0
	 epoch  20 training error:  tensor(0.9951, device='cuda:0', grad_fn=<DivBackward0>)
	 epoch  20 test error:  tensor(0.1915, device='cuda:0', grad_fn=<DivBackward0>)
Memory status after this epoch: 
Memory allocated:  204.314453125
Memory cached:  408.0
	 epoch  30 training error:  tensor(0.9957, device='cuda:0', grad_fn=<DivBackward0>)
	 epoch  30 test error:  tensor(0.1915, device='cuda:0', grad_fn=<DivBackward0>)
Memory status after this epoch: 
Memory allocated:  202.626953125
Memory cached:  408.0
	 epoch  40 training error:  tensor(0.9954, device='cuda:0', grad_fn=<DivBackward0>)
	 epoch  40 test error:  tensor(0.1914, device='cuda:0', grad_fn=<DivBackward0>)
Memory status after this epoch: 
Memory allocated:  204.642578125
Memory cached:  410.0
	 epoch  50 training error:  tensor(0.9943, device='cuda:0', grad_fn=<DivBackward0>)
	 epoch  50 test error:  tensor(0.1914, device='cuda:0', grad_fn=<DivBackward0>)
Memory status after this epoch: 
Memory allocated:  202.673828125
Memory cached:  412.0
	 epoch  60 training error:  tensor(0.9944, device='cuda:0', grad_fn=<DivBackward0>)
	 epoch  60 test error:  tensor(0.1914, device='cuda:0', grad_fn=<DivBackward0>)
Memory status after this epoch: 
Memory allocated:  204.173828125
Memory cached:  414.0
	 epoch  70 training error:  tensor(0.9943, device='cuda:0', grad_fn=<DivBackward0>)
	 epoch  70 test error:  tensor(0.1914, device='cuda:0', grad_fn=<DivBackward0>)
Memory status after this epoch: 
Memory allocated:  203.142578125
Memory cached:  416.0
	 epoch  80 training error:  tensor(0.9943, device='cuda:0', grad_fn=<DivBackward0>)
	 epoch  80 test error:  tensor(0.1914, device='cuda:0', grad_fn=<DivBackward0>)
Memory status after this epoch: 
Memory allocated:  203.751953125
Memory cached:  416.0
	 epoch  90 training error:  tensor(0.9943, device='cuda:0', grad_fn=<DivBackward0>)
	 epoch  90 test error:  tensor(0.1914, device='cuda:0', grad_fn=<DivBackward0>)
Memory status after this epoch: 
Memory allocated:  203.189453125
Memory cached:  414.0
