[I 2023-11-16 21:42:14,176] Trial 35 finished with value: 0.8059809803962708 and parameters: {'W_layers': 5, 'W_layer_units_exponent_0': 8, 'W_layer_units_exponent_1': 5, 'W_layer_units_exponent_2': 5, 'W_layer_units_exponent_3': 7, 'W_layer_units_exponent_4': 5, 'D_layers': 6, 'D_layer_units_exponent_0': 8, 'D_layer_units_exponent_1': 8, 'D_layer_units_exponent_2': 5, 'D_layer_units_exponent_3': 8, 'D_layer_units_exponent_4': 10, 'D_layer_units_exponent_5': 6, 'log_learning_rate': -4.204884796635138, 'log_learning_rate_D': -1.4505443711884296, 'training_batch_size': 11, 'training_p': 2}. Best is trial 32 with value: 0.7752977609634399.
Time for this trial:  161.25968837738037
Memory status after this trial: 
Memory allocated:  415.8759765625
Memory cached:  426.0
--------------------  Trial  36   --------------------
Start timing: 
Parameters: 
{'W_layers': 3, 'W_layer_units_exponent_0': 5, 'W_layer_units_exponent_1': 7, 'W_layer_units_exponent_2': 6, 'D_layers': 8, 'D_layer_units_exponent_0': 6, 'D_layer_units_exponent_1': 10, 'D_layer_units_exponent_2': 4, 'D_layer_units_exponent_3': 7, 'D_layer_units_exponent_4': 5, 'D_layer_units_exponent_5': 9, 'D_layer_units_exponent_6': 5, 'D_layer_units_exponent_7': 4, 'log_learning_rate': -2.518190913253702, 'log_learning_rate_D': -1.9578575330632444, 'training_batch_size': 12, 'training_p': 3}
	 epoch  0 training error:  tensor(1.2352, device='cuda:0', grad_fn=<DivBackward0>)
	 epoch  0 test error:  tensor(30.0815, device='cuda:0', grad_fn=<DivBackward0>)
Memory status after this epoch: 
Memory allocated:  194.83251953125
Memory cached:  258.0
	 epoch  10 training error:  tensor(1.0694, device='cuda:0', grad_fn=<DivBackward0>)
	 epoch  10 test error:  tensor(5.3784, device='cuda:0', grad_fn=<DivBackward0>)
Memory status after this epoch: 
Memory allocated:  194.69189453125
Memory cached:  388.0
	 epoch  20 training error:  tensor(0.9990, device='cuda:0', grad_fn=<DivBackward0>)
	 epoch  20 test error:  tensor(5.1528, device='cuda:0', grad_fn=<DivBackward0>)
Memory status after this epoch: 
Memory allocated:  194.83251953125
Memory cached:  388.0
	 epoch  30 training error:  tensor(1.0075, device='cuda:0', grad_fn=<DivBackward0>)
	 epoch  30 test error:  tensor(5.1972, device='cuda:0', grad_fn=<DivBackward0>)
Memory status after this epoch: 
Memory allocated:  194.69189453125
Memory cached:  388.0
	 epoch  40 training error:  tensor(0.9999, device='cuda:0', grad_fn=<DivBackward0>)
	 epoch  40 test error:  tensor(5.1608, device='cuda:0', grad_fn=<DivBackward0>)
Memory status after this epoch: 
Memory allocated:  194.83251953125
Memory cached:  388.0
	 epoch  50 training error:  tensor(0.9989, device='cuda:0', grad_fn=<DivBackward0>)
	 epoch  50 test error:  tensor(5.1528, device='cuda:0', grad_fn=<DivBackward0>)
Memory status after this epoch: 
Memory allocated:  194.69189453125
Memory cached:  390.0
	 epoch  60 training error:  tensor(0.9989, device='cuda:0', grad_fn=<DivBackward0>)
	 epoch  60 test error:  tensor(5.1541, device='cuda:0', grad_fn=<DivBackward0>)
Memory status after this epoch: 
Memory allocated:  194.83251953125
Memory cached:  390.0
	 epoch  70 training error:  tensor(0.9990, device='cuda:0', grad_fn=<DivBackward0>)
	 epoch  70 test error:  tensor(5.1545, device='cuda:0', grad_fn=<DivBackward0>)
Memory status after this epoch: 
Memory allocated:  194.69189453125
Memory cached:  388.0
	 epoch  80 training error:  tensor(0.9989, device='cuda:0', grad_fn=<DivBackward0>)
	 epoch  80 test error:  tensor(5.1539, device='cuda:0', grad_fn=<DivBackward0>)
Memory status after this epoch: 
Memory allocated:  194.83251953125
Memory cached:  388.0
	 epoch  90 training error:  tensor(0.9989, device='cuda:0', grad_fn=<DivBackward0>)
	 epoch  90 test error:  tensor(5.1534, device='cuda:0', grad_fn=<DivBackward0>)
Memory status after this epoch: 
Memory allocated:  194.69189453125
Memory cached:  388.0
[I 2023-11-16 21:44:53,461] Trial 36 finished with value: 5.153103828430176 and parameters: {'W_layers': 3, 'W_layer_units_exponent_0': 5, 'W_layer_units_exponent_1': 7, 'W_layer_units_exponent_2': 6, 'D_layers': 8, 'D_layer_units_exponent_0': 6, 'D_layer_units_exponent_1': 10, 'D_layer_units_exponent_2': 4, 'D_layer_units_exponent_3': 7, 'D_layer_units_exponent_4': 5, 'D_layer_units_exponent_5': 9, 'D_layer_units_exponent_6': 5, 'D_layer_units_exponent_7': 4, 'log_learning_rate': -2.518190913253702, 'log_learning_rate_D': -1.9578575330632444, 'training_batch_size': 12, 'training_p': 3}. Best is trial 32 with value: 0.7752977609634399.
Time for this trial:  158.99966526031494
Memory status after this trial: 
Memory allocated:  380.1943359375
Memory cached:  388.0
--------------------  Trial  37   --------------------
Start timing: 
Parameters: 
{'W_layers': 2, 'W_layer_units_exponent_0': 4, 'W_layer_units_exponent_1': 5, 'D_layers': 4, 'D_layer_units_exponent_0': 5, 'D_layer_units_exponent_1': 9, 'D_layer_units_exponent_2': 5, 'D_layer_units_exponent_3': 5, 'log_learning_rate': -3.1314067508144254, 'log_learning_rate_D': -2.299726898730949, 'training_batch_size': 9, 'training_p': 3}
	 epoch  0 training error:  tensor(0.5720, device='cuda:0', grad_fn=<DivBackward0>)
	 epoch  0 test error:  tensor(8.1868, device='cuda:0', grad_fn=<DivBackward0>)
Memory status after this epoch: 
Memory allocated:  119.2939453125
Memory cached:  206.0
	 epoch  10 training error:  tensor(0.3842, device='cuda:0', grad_fn=<DivBackward0>)
	 epoch  10 test error:  tensor(1.7967, device='cuda:0', grad_fn=<DivBackward0>)
Memory status after this epoch: 
Memory allocated:  119.4345703125
Memory cached:  240.0
	 epoch  20 training error:  tensor(0.2425, device='cuda:0', grad_fn=<DivBackward0>)
	 epoch  20 test error:  tensor(0.9910, device='cuda:0', grad_fn=<DivBackward0>)
Memory status after this epoch: 
Memory allocated:  119.2939453125
Memory cached:  242.0
	 epoch  30 training error:  tensor(0.2195, device='cuda:0', grad_fn=<DivBackward0>)
	 epoch  30 test error:  tensor(0.7889, device='cuda:0', grad_fn=<DivBackward0>)
Memory status after this epoch: 
Memory allocated:  119.4345703125
Memory cached:  244.0
	 epoch  40 training error:  tensor(0.2208, device='cuda:0', grad_fn=<DivBackward0>)
	 epoch  40 test error:  tensor(0.7834, device='cuda:0', grad_fn=<DivBackward0>)
Memory status after this epoch: 
Memory allocated:  119.2939453125
Memory cached:  246.0
	 epoch  50 training error:  tensor(0.2203, device='cuda:0', grad_fn=<DivBackward0>)
	 epoch  50 test error:  tensor(0.8042, device='cuda:0', grad_fn=<DivBackward0>)
Memory status after this epoch: 
Memory allocated:  119.4345703125
Memory cached:  248.0
	 epoch  60 training error:  tensor(0.2192, device='cuda:0', grad_fn=<DivBackward0>)
	 epoch  60 test error:  tensor(0.8433, device='cuda:0', grad_fn=<DivBackward0>)
Memory status after this epoch: 
Memory allocated:  119.2939453125
Memory cached:  248.0
	 epoch  70 training error:  tensor(0.2183, device='cuda:0', grad_fn=<DivBackward0>)
	 epoch  70 test error:  tensor(0.8711, device='cuda:0', grad_fn=<DivBackward0>)
Memory status after this epoch: 
Memory allocated:  119.4345703125
Memory cached:  250.0
	 epoch  80 training error:  tensor(0.2180, device='cuda:0', grad_fn=<DivBackward0>)
	 epoch  80 test error:  tensor(0.8730, device='cuda:0', grad_fn=<DivBackward0>)
Memory status after this epoch: 
Memory allocated:  119.2939453125
Memory cached:  250.0
	 epoch  90 training error:  tensor(0.2177, device='cuda:0', grad_fn=<DivBackward0>)
	 epoch  90 test error:  tensor(0.8581, device='cuda:0', grad_fn=<DivBackward0>)
Memory status after this epoch: 
Memory allocated:  119.4345703125
Memory cached:  250.0
[I 2023-11-16 21:46:41,803] Trial 37 finished with value: 0.857929527759552 and parameters: {'W_layers': 2, 'W_layer_units_exponent_0': 4, 'W_layer_units_exponent_1': 5, 'D_layers': 4, 'D_layer_units_exponent_0': 5, 'D_layer_units_exponent_1': 9, 'D_layer_units_exponent_2': 5, 'D_layer_units_exponent_3': 5, 'log_learning_rate': -3.1314067508144254, 'log_learning_rate_D': -2.299726898730949, 'training_batch_size': 9, 'training_p': 3}. Best is trial 32 with value: 0.7752977609634399.
Time for this trial:  108.11149168014526
Memory status after this trial: 
Memory allocated:  231.70703125
Memory cached:  248.0
--------------------  Trial  38   --------------------
Start timing: 
Parameters: 
{'W_layers': 8, 'W_layer_units_exponent_0': 6, 'W_layer_units_exponent_1': 7, 'W_layer_units_exponent_2': 7, 'W_layer_units_exponent_3': 6, 'W_layer_units_exponent_4': 6, 'W_layer_units_exponent_5': 6, 'W_layer_units_exponent_6': 6, 'W_layer_units_exponent_7': 9, 'D_layers': 6, 'D_layer_units_exponent_0': 10, 'D_layer_units_exponent_1': 8, 'D_layer_units_exponent_2': 4, 'D_layer_units_exponent_3': 7, 'D_layer_units_exponent_4': 8, 'D_layer_units_exponent_5': 7, 'log_learning_rate': -3.8843547366973175, 'log_learning_rate_D': -1.5782672465455598, 'training_batch_size': 7, 'training_p': 6}
	 epoch  0 training error:  tensor(0.9295, device='cuda:0', grad_fn=<DivBackward0>)
	 epoch  0 test error:  tensor(4.1105, device='cuda:0', grad_fn=<DivBackward0>)
Memory status after this epoch: 
Memory allocated:  244.2490234375
Memory cached:  308.0
	 epoch  10 training error:  tensor(0.5175, device='cuda:0', grad_fn=<DivBackward0>)
	 epoch  10 test error:  tensor(2.7138, device='cuda:0', grad_fn=<DivBackward0>)
Memory status after this epoch: 
Memory allocated:  244.1083984375
Memory cached:  484.0
	 epoch  20 training error:  tensor(0.3734, device='cuda:0', grad_fn=<DivBackward0>)
	 epoch  20 test error:  tensor(1.0393, device='cuda:0', grad_fn=<DivBackward0>)
Memory status after this epoch: 
Memory allocated:  244.2490234375
Memory cached:  484.0
	 epoch  30 training error:  tensor(0.3265, device='cuda:0', grad_fn=<DivBackward0>)
	 epoch  30 test error:  tensor(1.3471, device='cuda:0', grad_fn=<DivBackward0>)
Memory status after this epoch: 
Memory allocated:  244.1083984375
Memory cached:  484.0
	 epoch  40 training error:  tensor(0.3080, device='cuda:0', grad_fn=<DivBackward0>)
	 epoch  40 test error:  tensor(0.7817, device='cuda:0', grad_fn=<DivBackward0>)
Memory status after this epoch: 
Memory allocated:  244.2490234375
Memory cached:  484.0
	 epoch  50 training error:  tensor(0.2981, device='cuda:0', grad_fn=<DivBackward0>)
	 epoch  50 test error:  tensor(0.9779, device='cuda:0', grad_fn=<DivBackward0>)
Memory status after this epoch: 
Memory allocated:  244.1083984375
Memory cached:  484.0
	 epoch  60 training error:  tensor(0.2957, device='cuda:0', grad_fn=<DivBackward0>)
	 epoch  60 test error:  tensor(0.9576, device='cuda:0', grad_fn=<DivBackward0>)
Memory status after this epoch: 
Memory allocated:  244.2490234375
Memory cached:  484.0
	 epoch  70 training error:  tensor(0.2962, device='cuda:0', grad_fn=<DivBackward0>)
	 epoch  70 test error:  tensor(0.8872, device='cuda:0', grad_fn=<DivBackward0>)
Memory status after this epoch: 
Memory allocated:  244.1083984375
Memory cached:  484.0
	 epoch  80 training error:  tensor(0.2958, device='cuda:0', grad_fn=<DivBackward0>)
	 epoch  80 test error:  tensor(0.9398, device='cuda:0', grad_fn=<DivBackward0>)
Memory status after this epoch: 
Memory allocated:  244.2490234375
Memory cached:  484.0
	 epoch  90 training error:  tensor(0.2957, device='cuda:0', grad_fn=<DivBackward0>)
	 epoch  90 test error:  tensor(0.9425, device='cuda:0', grad_fn=<DivBackward0>)
Memory status after this epoch: 
Memory allocated:  244.1083984375
Memory cached:  484.0
[I 2023-11-16 21:49:48,124] Trial 38 finished with value: 0.920362114906311 and parameters: {'W_layers': 8, 'W_layer_units_exponent_0': 6, 'W_layer_units_exponent_1': 7, 'W_layer_units_exponent_2': 7, 'W_layer_units_exponent_3': 6, 'W_layer_units_exponent_4': 6, 'W_layer_units_exponent_5': 6, 'W_layer_units_exponent_6': 6, 'W_layer_units_exponent_7': 9, 'D_layers': 6, 'D_layer_units_exponent_0': 10, 'D_layer_units_exponent_1': 8, 'D_layer_units_exponent_2': 4, 'D_layer_units_exponent_3': 7, 'D_layer_units_exponent_4': 8, 'D_layer_units_exponent_5': 7, 'log_learning_rate': -3.8843547366973175, 'log_learning_rate_D': -1.5782672465455598, 'training_batch_size': 7, 'training_p': 6}. Best is trial 32 with value: 0.7752977609634399.
Time for this trial:  185.99842834472656
Memory status after this trial: 
Memory allocated:  472.59375
Memory cached:  486.0
--------------------  Trial  39   --------------------
Start timing: 
Parameters: 
{'W_layers': 6, 'W_layer_units_exponent_0': 5, 'W_layer_units_exponent_1': 4, 'W_layer_units_exponent_2': 10, 'W_layer_units_exponent_3': 5, 'W_layer_units_exponent_4': 4, 'W_layer_units_exponent_5': 9, 'D_layers': 2, 'D_layer_units_exponent_0': 7, 'D_layer_units_exponent_1': 7, 'log_learning_rate': -2.215637140915316, 'log_learning_rate_D': -2.585076304501546, 'training_batch_size': 6, 'training_p': 5}
	 epoch  0 training error:  tensor(5.7785, device='cuda:0', grad_fn=<DivBackward0>)
	 epoch  0 test error:  tensor(112.1656, device='cuda:0', grad_fn=<DivBackward0>)
Memory status after this epoch: 
Memory allocated:  186.09130859375
Memory cached:  250.0
	 epoch  10 training error:  tensor(0.9903, device='cuda:0', grad_fn=<DivBackward0>)
	 epoch  10 test error:  tensor(5.1323, device='cuda:0', grad_fn=<DivBackward0>)
Memory status after this epoch: 
Memory allocated:  186.23193359375
Memory cached:  372.0
	 epoch  20 training error:  tensor(0.9998, device='cuda:0', grad_fn=<DivBackward0>)
	 epoch  20 test error:  tensor(5.1627, device='cuda:0', grad_fn=<DivBackward0>)
Memory status after this epoch: 
Memory allocated:  186.09130859375
Memory cached:  372.0
	 epoch  30 training error:  tensor(0.9999, device='cuda:0', grad_fn=<DivBackward0>)
	 epoch  30 test error:  tensor(5.1632, device='cuda:0', grad_fn=<DivBackward0>)
Memory status after this epoch: 
Memory allocated:  186.23193359375
Memory cached:  372.0
	 epoch  40 training error:  tensor(0.9999, device='cuda:0', grad_fn=<DivBackward0>)
	 epoch  40 test error:  tensor(5.1632, device='cuda:0', grad_fn=<DivBackward0>)
Memory status after this epoch: 
Memory allocated:  186.09130859375
Memory cached:  372.0
	 epoch  50 training error:  tensor(0.9999, device='cuda:0', grad_fn=<DivBackward0>)
	 epoch  50 test error:  tensor(5.1632, device='cuda:0', grad_fn=<DivBackward0>)
Memory status after this epoch: 
Memory allocated:  186.23193359375
Memory cached:  372.0
	 epoch  60 training error:  tensor(0.9999, device='cuda:0', grad_fn=<DivBackward0>)
	 epoch  60 test error:  tensor(5.1632, device='cuda:0', grad_fn=<DivBackward0>)
Memory status after this epoch: 
Memory allocated:  186.09130859375
Memory cached:  372.0
	 epoch  70 training error:  tensor(0.9999, device='cuda:0', grad_fn=<DivBackward0>)
	 epoch  70 test error:  tensor(5.1631, device='cuda:0', grad_fn=<DivBackward0>)
Memory status after this epoch: 
Memory allocated:  186.23193359375
Memory cached:  372.0
	 epoch  80 training error:  tensor(0.9999, device='cuda:0', grad_fn=<DivBackward0>)
	 epoch  80 test error:  tensor(5.1630, device='cuda:0', grad_fn=<DivBackward0>)
Memory status after this epoch: 
Memory allocated:  186.09130859375
Memory cached:  372.0
	 epoch  90 training error:  tensor(0.9998, device='cuda:0', grad_fn=<DivBackward0>)
	 epoch  90 test error:  tensor(5.1629, device='cuda:0', grad_fn=<DivBackward0>)
Memory status after this epoch: 
Memory allocated:  186.23193359375
Memory cached:  372.0
[I 2023-11-16 21:53:37,754] Trial 39 finished with value: 5.162790775299072 and parameters: {'W_layers': 6, 'W_layer_units_exponent_0': 5, 'W_layer_units_exponent_1': 4, 'W_layer_units_exponent_2': 10, 'W_layer_units_exponent_3': 5, 'W_layer_units_exponent_4': 4, 'W_layer_units_exponent_5': 9, 'D_layers': 2, 'D_layer_units_exponent_0': 7, 'D_layer_units_exponent_1': 7, 'log_learning_rate': -2.215637140915316, 'log_learning_rate_D': -2.585076304501546, 'training_batch_size': 6, 'training_p': 5}. Best is trial 32 with value: 0.7752977609634399.
Time for this trial:  229.3182499408722
Memory status after this trial: 
Memory allocated:  364.337890625
Memory cached:  372.0
--------------------  Trial  40   --------------------
Start timing: 
Parameters: 
{'W_layers': 7, 'W_layer_units_exponent_0': 4, 'W_layer_units_exponent_1': 8, 'W_layer_units_exponent_2': 9, 'W_layer_units_exponent_3': 10, 'W_layer_units_exponent_4': 8, 'W_layer_units_exponent_5': 4, 'W_layer_units_exponent_6': 5, 'D_layers': 5, 'D_layer_units_exponent_0': 9, 'D_layer_units_exponent_1': 6, 'D_layer_units_exponent_2': 5, 'D_layer_units_exponent_3': 10, 'D_layer_units_exponent_4': 10, 'log_learning_rate': -3.3763522046950776, 'log_learning_rate_D': -1.998099163768789, 'training_batch_size': 10, 'training_p': 7}
	 epoch  0 training error:  tensor(1.1740, device='cuda:0', grad_fn=<DivBackward0>)
	 epoch  0 test error:  tensor(5.3255, device='cuda:0', grad_fn=<DivBackward0>)
Memory status after this epoch: 
Memory allocated:  369.4560546875
Memory cached:  448.0
	 epoch  10 training error:  tensor(0.4746, device='cuda:0', grad_fn=<DivBackward0>)
	 epoch  10 test error:  tensor(2.4261, device='cuda:0', grad_fn=<DivBackward0>)
Memory status after this epoch: 
Memory allocated:  368.1904296875
Memory cached:  724.0
	 epoch  20 training error:  tensor(0.3941, device='cuda:0', grad_fn=<DivBackward0>)
	 epoch  20 test error:  tensor(1.6193, device='cuda:0', grad_fn=<DivBackward0>)
Memory status after this epoch: 
Memory allocated:  369.7841796875
Memory cached:  704.0
	 epoch  30 training error:  tensor(0.3339, device='cuda:0', grad_fn=<DivBackward0>)
	 epoch  30 test error:  tensor(1.0720, device='cuda:0', grad_fn=<DivBackward0>)
Memory status after this epoch: 
Memory allocated:  368.1904296875
Memory cached:  704.0
	 epoch  40 training error:  tensor(0.3097, device='cuda:0', grad_fn=<DivBackward0>)
	 epoch  40 test error:  tensor(0.8685, device='cuda:0', grad_fn=<DivBackward0>)
Memory status after this epoch: 
Memory allocated:  369.7841796875
Memory cached:  704.0
	 epoch  50 training error:  tensor(0.3103, device='cuda:0', grad_fn=<DivBackward0>)
	 epoch  50 test error:  tensor(0.8326, device='cuda:0', grad_fn=<DivBackward0>)
Memory status after this epoch: 
Memory allocated:  368.1904296875
Memory cached:  704.0
	 epoch  60 training error:  tensor(0.3086, device='cuda:0', grad_fn=<DivBackward0>)
	 epoch  60 test error:  tensor(0.9398, device='cuda:0', grad_fn=<DivBackward0>)
Memory status after this epoch: 
Memory allocated:  369.7841796875
Memory cached:  704.0
	 epoch  70 training error:  tensor(0.3086, device='cuda:0', grad_fn=<DivBackward0>)
	 epoch  70 test error:  tensor(0.9567, device='cuda:0', grad_fn=<DivBackward0>)
Memory status after this epoch: 
Memory allocated:  368.1904296875
Memory cached:  704.0
	 epoch  80 training error:  tensor(0.3082, device='cuda:0', grad_fn=<DivBackward0>)
	 epoch  80 test error:  tensor(0.9057, device='cuda:0', grad_fn=<DivBackward0>)
Memory status after this epoch: 
Memory allocated:  369.7841796875
Memory cached:  704.0
	 epoch  90 training error:  tensor(0.3081, device='cuda:0', grad_fn=<DivBackward0>)
	 epoch  90 test error:  tensor(0.9426, device='cuda:0', grad_fn=<DivBackward0>)
Memory status after this epoch: 
Memory allocated:  368.1904296875
Memory cached:  704.0
