[I 2023-11-16 20:13:06,216] Trial 5 finished with value: 0.7917489409446716 and parameters: {'W_layers': 5, 'W_layer_units_exponent_0': 5, 'W_layer_units_exponent_1': 8, 'W_layer_units_exponent_2': 9, 'W_layer_units_exponent_3': 9, 'W_layer_units_exponent_4': 5, 'D_layers': 5, 'D_layer_units_exponent_0': 4, 'D_layer_units_exponent_1': 10, 'D_layer_units_exponent_2': 4, 'D_layer_units_exponent_3': 7, 'D_layer_units_exponent_4': 6, 'log_learning_rate': -3.5721376533567373, 'log_learning_rate_D': -4.340764403861364, 'training_batch_size': 7, 'training_p': 2}. Best is trial 5 with value: 0.7917489409446716.
Time for this trial:  155.4981665611267
Memory status after this trial: 
Memory allocated:  441.8359375
Memory cached:  448.0
--------------------  Trial  6   --------------------
Start timing: 
Parameters: 
{'W_layers': 3, 'W_layer_units_exponent_0': 5, 'W_layer_units_exponent_1': 5, 'W_layer_units_exponent_2': 8, 'D_layers': 5, 'D_layer_units_exponent_0': 5, 'D_layer_units_exponent_1': 7, 'D_layer_units_exponent_2': 7, 'D_layer_units_exponent_3': 4, 'D_layer_units_exponent_4': 4, 'log_learning_rate': -1.1966724009134198, 'log_learning_rate_D': -1.7617604257050945, 'training_batch_size': 10, 'training_p': 6}
	 epoch  0 training error:  tensor(0.6098, device='cuda:0', grad_fn=<DivBackward0>)
	 epoch  0 test error:  tensor(24.2904, device='cuda:0', grad_fn=<DivBackward0>)
Memory status after this epoch: 
Memory allocated:  118.3525390625
Memory cached:  218.0
	 epoch  10 training error:  tensor(1., device='cuda:0', grad_fn=<DivBackward0>)
	 epoch  10 test error:  tensor(5.1642, device='cuda:0', grad_fn=<DivBackward0>)
Memory status after this epoch: 
Memory allocated:  119.6650390625
Memory cached:  234.0
	 epoch  20 training error:  tensor(1., device='cuda:0', grad_fn=<DivBackward0>)
	 epoch  20 test error:  tensor(5.1642, device='cuda:0', grad_fn=<DivBackward0>)
Memory status after this epoch: 
Memory allocated:  118.3525390625
Memory cached:  234.0
	 epoch  30 training error:  tensor(1., device='cuda:0', grad_fn=<DivBackward0>)
	 epoch  30 test error:  tensor(5.1642, device='cuda:0', grad_fn=<DivBackward0>)
Memory status after this epoch: 
Memory allocated:  119.6650390625
Memory cached:  236.0
	 epoch  40 training error:  tensor(1., device='cuda:0', grad_fn=<DivBackward0>)
	 epoch  40 test error:  tensor(5.1642, device='cuda:0', grad_fn=<DivBackward0>)
Memory status after this epoch: 
Memory allocated:  118.3525390625
Memory cached:  234.0
	 epoch  50 training error:  tensor(1., device='cuda:0', grad_fn=<DivBackward0>)
	 epoch  50 test error:  tensor(5.1642, device='cuda:0', grad_fn=<DivBackward0>)
Memory status after this epoch: 
Memory allocated:  119.6650390625
Memory cached:  234.0
	 epoch  60 training error:  tensor(1., device='cuda:0', grad_fn=<DivBackward0>)
	 epoch  60 test error:  tensor(5.1642, device='cuda:0', grad_fn=<DivBackward0>)
Memory status after this epoch: 
Memory allocated:  118.3525390625
Memory cached:  234.0
	 epoch  70 training error:  tensor(1., device='cuda:0', grad_fn=<DivBackward0>)
	 epoch  70 test error:  tensor(5.1642, device='cuda:0', grad_fn=<DivBackward0>)
Memory status after this epoch: 
Memory allocated:  119.6650390625
Memory cached:  236.0
	 epoch  80 training error:  tensor(1., device='cuda:0', grad_fn=<DivBackward0>)
	 epoch  80 test error:  tensor(5.1642, device='cuda:0', grad_fn=<DivBackward0>)
Memory status after this epoch: 
Memory allocated:  118.3525390625
Memory cached:  236.0
	 epoch  90 training error:  tensor(1., device='cuda:0', grad_fn=<DivBackward0>)
	 epoch  90 test error:  tensor(5.1642, device='cuda:0', grad_fn=<DivBackward0>)
Memory status after this epoch: 
Memory allocated:  119.6650390625
Memory cached:  236.0
[I 2023-11-16 20:15:12,673] Trial 6 finished with value: 5.164222240447998 and parameters: {'W_layers': 3, 'W_layer_units_exponent_0': 5, 'W_layer_units_exponent_1': 5, 'W_layer_units_exponent_2': 8, 'D_layers': 5, 'D_layer_units_exponent_0': 5, 'D_layer_units_exponent_1': 7, 'D_layer_units_exponent_2': 7, 'D_layer_units_exponent_3': 4, 'D_layer_units_exponent_4': 4, 'log_learning_rate': -1.1966724009134198, 'log_learning_rate_D': -1.7617604257050945, 'training_batch_size': 10, 'training_p': 6}. Best is trial 5 with value: 0.7917489409446716.
Time for this trial:  126.28179693222046
Memory status after this trial: 
Memory allocated:  231.0458984375
Memory cached:  238.0
--------------------  Trial  7   --------------------
Start timing: 
Parameters: 
{'W_layers': 7, 'W_layer_units_exponent_0': 7, 'W_layer_units_exponent_1': 9, 'W_layer_units_exponent_2': 9, 'W_layer_units_exponent_3': 10, 'W_layer_units_exponent_4': 5, 'W_layer_units_exponent_5': 8, 'W_layer_units_exponent_6': 5, 'D_layers': 6, 'D_layer_units_exponent_0': 4, 'D_layer_units_exponent_1': 5, 'D_layer_units_exponent_2': 7, 'D_layer_units_exponent_3': 10, 'D_layer_units_exponent_4': 4, 'D_layer_units_exponent_5': 5, 'log_learning_rate': -1.0423866125000427, 'log_learning_rate_D': -4.1867807122412355, 'training_batch_size': 6, 'training_p': 5}
	 epoch  0 training error:  tensor(0.9244, device='cuda:0', grad_fn=<DivBackward0>)
	 epoch  0 test error:  tensor(5.1642, device='cuda:0', grad_fn=<DivBackward0>)
Memory status after this epoch: 
Memory allocated:  300.44091796875
Memory cached:  370.0
	 epoch  10 training error:  tensor(1., device='cuda:0', grad_fn=<DivBackward0>)
	 epoch  10 test error:  tensor(5.1642, device='cuda:0', grad_fn=<DivBackward0>)
Memory status after this epoch: 
Memory allocated:  299.69091796875
Memory cached:  592.0
	 epoch  20 training error:  tensor(1., device='cuda:0', grad_fn=<DivBackward0>)
	 epoch  20 test error:  tensor(5.1642, device='cuda:0', grad_fn=<DivBackward0>)
Memory status after this epoch: 
Memory allocated:  299.97216796875
Memory cached:  592.0
	 epoch  30 training error:  tensor(1., device='cuda:0', grad_fn=<DivBackward0>)
	 epoch  30 test error:  tensor(5.1642, device='cuda:0', grad_fn=<DivBackward0>)
Memory status after this epoch: 
Memory allocated:  299.69091796875
Memory cached:  592.0
	 epoch  40 training error:  tensor(1., device='cuda:0', grad_fn=<DivBackward0>)
	 epoch  40 test error:  tensor(5.1642, device='cuda:0', grad_fn=<DivBackward0>)
Memory status after this epoch: 
Memory allocated:  299.97216796875
Memory cached:  592.0
	 epoch  50 training error:  tensor(1., device='cuda:0', grad_fn=<DivBackward0>)
	 epoch  50 test error:  tensor(5.1642, device='cuda:0', grad_fn=<DivBackward0>)
Memory status after this epoch: 
Memory allocated:  299.69091796875
Memory cached:  592.0
	 epoch  60 training error:  tensor(1., device='cuda:0', grad_fn=<DivBackward0>)
	 epoch  60 test error:  tensor(5.1642, device='cuda:0', grad_fn=<DivBackward0>)
Memory status after this epoch: 
Memory allocated:  299.97216796875
Memory cached:  592.0
	 epoch  70 training error:  tensor(1., device='cuda:0', grad_fn=<DivBackward0>)
	 epoch  70 test error:  tensor(5.1642, device='cuda:0', grad_fn=<DivBackward0>)
Memory status after this epoch: 
Memory allocated:  299.69091796875
Memory cached:  592.0
	 epoch  80 training error:  tensor(1., device='cuda:0', grad_fn=<DivBackward0>)
	 epoch  80 test error:  tensor(5.1642, device='cuda:0', grad_fn=<DivBackward0>)
Memory status after this epoch: 
Memory allocated:  299.97216796875
Memory cached:  592.0
	 epoch  90 training error:  tensor(1., device='cuda:0', grad_fn=<DivBackward0>)
	 epoch  90 test error:  tensor(5.1642, device='cuda:0', grad_fn=<DivBackward0>)
Memory status after this epoch: 
Memory allocated:  299.69091796875
Memory cached:  592.0
[I 2023-11-16 20:20:29,635] Trial 7 finished with value: 5.164222240447998 and parameters: {'W_layers': 7, 'W_layer_units_exponent_0': 7, 'W_layer_units_exponent_1': 9, 'W_layer_units_exponent_2': 9, 'W_layer_units_exponent_3': 10, 'W_layer_units_exponent_4': 5, 'W_layer_units_exponent_5': 8, 'W_layer_units_exponent_6': 5, 'D_layers': 6, 'D_layer_units_exponent_0': 4, 'D_layer_units_exponent_1': 5, 'D_layer_units_exponent_2': 7, 'D_layer_units_exponent_3': 10, 'D_layer_units_exponent_4': 4, 'D_layer_units_exponent_5': 5, 'log_learning_rate': -1.0423866125000427, 'log_learning_rate_D': -4.1867807122412355, 'training_batch_size': 6, 'training_p': 5}. Best is trial 5 with value: 0.7917489409446716.
Time for this trial:  316.77751064300537
Memory status after this trial: 
Memory allocated:  569.23046875
Memory cached:  592.0
--------------------  Trial  8   --------------------
Start timing: 
Parameters: 
{'W_layers': 2, 'W_layer_units_exponent_0': 6, 'W_layer_units_exponent_1': 6, 'D_layers': 3, 'D_layer_units_exponent_0': 6, 'D_layer_units_exponent_1': 9, 'D_layer_units_exponent_2': 10, 'log_learning_rate': -1.7310216378788597, 'log_learning_rate_D': -3.400585739593841, 'training_batch_size': 6, 'training_p': 8}
	 epoch  0 training error:  tensor(10.6805, device='cuda:0', grad_fn=<DivBackward0>)
	 epoch  0 test error:  tensor(348.6046, device='cuda:0', grad_fn=<DivBackward0>)
Memory status after this epoch: 
Memory allocated:  184.00439453125
Memory cached:  256.0
	 epoch  10 training error:  tensor(0.8406, device='cuda:0', grad_fn=<DivBackward0>)
	 epoch  10 test error:  tensor(4.3797, device='cuda:0', grad_fn=<DivBackward0>)
Memory status after this epoch: 
Memory allocated:  184.23876953125
Memory cached:  368.0
	 epoch  20 training error:  tensor(0.9481, device='cuda:0', grad_fn=<DivBackward0>)
	 epoch  20 test error:  tensor(4.4164, device='cuda:0', grad_fn=<DivBackward0>)
Memory status after this epoch: 
Memory allocated:  184.00439453125
Memory cached:  368.0
	 epoch  30 training error:  tensor(0.4969, device='cuda:0', grad_fn=<DivBackward0>)
	 epoch  30 test error:  tensor(1.5797, device='cuda:0', grad_fn=<DivBackward0>)
Memory status after this epoch: 
Memory allocated:  184.23876953125
Memory cached:  368.0
	 epoch  40 training error:  tensor(0.3409, device='cuda:0', grad_fn=<DivBackward0>)
	 epoch  40 test error:  tensor(0.9104, device='cuda:0', grad_fn=<DivBackward0>)
Memory status after this epoch: 
Memory allocated:  184.00439453125
Memory cached:  368.0
	 epoch  50 training error:  tensor(0.3150, device='cuda:0', grad_fn=<DivBackward0>)
	 epoch  50 test error:  tensor(0.9987, device='cuda:0', grad_fn=<DivBackward0>)
Memory status after this epoch: 
Memory allocated:  184.23876953125
Memory cached:  368.0
	 epoch  60 training error:  tensor(0.3442, device='cuda:0', grad_fn=<DivBackward0>)
	 epoch  60 test error:  tensor(0.8702, device='cuda:0', grad_fn=<DivBackward0>)
Memory status after this epoch: 
Memory allocated:  184.00439453125
Memory cached:  368.0
	 epoch  70 training error:  tensor(0.3103, device='cuda:0', grad_fn=<DivBackward0>)
	 epoch  70 test error:  tensor(0.9476, device='cuda:0', grad_fn=<DivBackward0>)
Memory status after this epoch: 
Memory allocated:  184.23876953125
Memory cached:  368.0
	 epoch  80 training error:  tensor(0.3112, device='cuda:0', grad_fn=<DivBackward0>)
	 epoch  80 test error:  tensor(0.8465, device='cuda:0', grad_fn=<DivBackward0>)
Memory status after this epoch: 
Memory allocated:  184.00439453125
Memory cached:  368.0
	 epoch  90 training error:  tensor(0.3115, device='cuda:0', grad_fn=<DivBackward0>)
	 epoch  90 test error:  tensor(1.1030, device='cuda:0', grad_fn=<DivBackward0>)
Memory status after this epoch: 
Memory allocated:  184.23876953125
Memory cached:  368.0
[I 2023-11-16 20:23:26,822] Trial 8 finished with value: 0.8269634246826172 and parameters: {'W_layers': 2, 'W_layer_units_exponent_0': 6, 'W_layer_units_exponent_1': 6, 'D_layers': 3, 'D_layer_units_exponent_0': 6, 'D_layer_units_exponent_1': 9, 'D_layer_units_exponent_2': 10, 'log_learning_rate': -1.7310216378788597, 'log_learning_rate_D': -3.400585739593841, 'training_batch_size': 6, 'training_p': 8}. Best is trial 5 with value: 0.7917489409446716.
Time for this trial:  176.97293210029602
Memory status after this trial: 
Memory allocated:  349.1220703125
Memory cached:  368.0
--------------------  Trial  9   --------------------
Start timing: 
Parameters: 
{'W_layers': 8, 'W_layer_units_exponent_0': 8, 'W_layer_units_exponent_1': 10, 'W_layer_units_exponent_2': 6, 'W_layer_units_exponent_3': 7, 'W_layer_units_exponent_4': 5, 'W_layer_units_exponent_5': 4, 'W_layer_units_exponent_6': 9, 'W_layer_units_exponent_7': 7, 'D_layers': 6, 'D_layer_units_exponent_0': 5, 'D_layer_units_exponent_1': 10, 'D_layer_units_exponent_2': 9, 'D_layer_units_exponent_3': 9, 'D_layer_units_exponent_4': 6, 'D_layer_units_exponent_5': 6, 'log_learning_rate': -1.7477704195136061, 'log_learning_rate_D': -2.6037766901373844, 'training_batch_size': 6, 'training_p': 7}
	 epoch  0 training error:  tensor(173.3448, device='cuda:0', grad_fn=<DivBackward0>)
	 epoch  0 test error:  tensor(8.0222, device='cuda:0', grad_fn=<DivBackward0>)
Memory status after this epoch: 
Memory allocated:  335.935546875
Memory cached:  386.0
	 epoch  10 training error:  tensor(1., device='cuda:0', grad_fn=<DivBackward0>)
	 epoch  10 test error:  tensor(5.1642, device='cuda:0', grad_fn=<DivBackward0>)
Memory status after this epoch: 
Memory allocated:  335.701171875
Memory cached:  662.0
	 epoch  20 training error:  tensor(1., device='cuda:0', grad_fn=<DivBackward0>)
	 epoch  20 test error:  tensor(5.1642, device='cuda:0', grad_fn=<DivBackward0>)
Memory status after this epoch: 
Memory allocated:  335.935546875
Memory cached:  662.0
	 epoch  30 training error:  tensor(1., device='cuda:0', grad_fn=<DivBackward0>)
	 epoch  30 test error:  tensor(5.1642, device='cuda:0', grad_fn=<DivBackward0>)
Memory status after this epoch: 
Memory allocated:  335.701171875
Memory cached:  662.0
	 epoch  40 training error:  tensor(1., device='cuda:0', grad_fn=<DivBackward0>)
	 epoch  40 test error:  tensor(5.1642, device='cuda:0', grad_fn=<DivBackward0>)
Memory status after this epoch: 
Memory allocated:  335.935546875
Memory cached:  662.0
	 epoch  50 training error:  tensor(1., device='cuda:0', grad_fn=<DivBackward0>)
	 epoch  50 test error:  tensor(5.1642, device='cuda:0', grad_fn=<DivBackward0>)
Memory status after this epoch: 
Memory allocated:  335.701171875
Memory cached:  662.0
	 epoch  60 training error:  tensor(1., device='cuda:0', grad_fn=<DivBackward0>)
	 epoch  60 test error:  tensor(5.1642, device='cuda:0', grad_fn=<DivBackward0>)
Memory status after this epoch: 
Memory allocated:  335.935546875
Memory cached:  662.0
	 epoch  70 training error:  tensor(1., device='cuda:0', grad_fn=<DivBackward0>)
	 epoch  70 test error:  tensor(5.1642, device='cuda:0', grad_fn=<DivBackward0>)
Memory status after this epoch: 
Memory allocated:  335.701171875
Memory cached:  662.0
	 epoch  80 training error:  tensor(1., device='cuda:0', grad_fn=<DivBackward0>)
	 epoch  80 test error:  tensor(5.1642, device='cuda:0', grad_fn=<DivBackward0>)
Memory status after this epoch: 
Memory allocated:  335.935546875
Memory cached:  662.0
	 epoch  90 training error:  tensor(1., device='cuda:0', grad_fn=<DivBackward0>)
	 epoch  90 test error:  tensor(5.1642, device='cuda:0', grad_fn=<DivBackward0>)
Memory status after this epoch: 
Memory allocated:  335.701171875
Memory cached:  662.0
[I 2023-11-16 20:29:03,992] Trial 9 finished with value: 5.164222240447998 and parameters: {'W_layers': 8, 'W_layer_units_exponent_0': 8, 'W_layer_units_exponent_1': 10, 'W_layer_units_exponent_2': 6, 'W_layer_units_exponent_3': 7, 'W_layer_units_exponent_4': 5, 'W_layer_units_exponent_5': 4, 'W_layer_units_exponent_6': 9, 'W_layer_units_exponent_7': 7, 'D_layers': 6, 'D_layer_units_exponent_0': 5, 'D_layer_units_exponent_1': 10, 'D_layer_units_exponent_2': 9, 'D_layer_units_exponent_3': 9, 'D_layer_units_exponent_4': 6, 'D_layer_units_exponent_5': 6, 'log_learning_rate': -1.7477704195136061, 'log_learning_rate_D': -2.6037766901373844, 'training_batch_size': 6, 'training_p': 7}. Best is trial 5 with value: 0.7917489409446716.
Time for this trial:  336.9859516620636
Memory status after this trial: 
Memory allocated:  636.2265625
Memory cached:  662.0
--------------------  Trial  10   --------------------
Start timing: 
Parameters: 
{'W_layers': 5, 'W_layer_units_exponent_0': 4, 'W_layer_units_exponent_1': 4, 'W_layer_units_exponent_2': 4, 'W_layer_units_exponent_3': 4, 'W_layer_units_exponent_4': 4, 'D_layers': 8, 'D_layer_units_exponent_0': 10, 'D_layer_units_exponent_1': 10, 'D_layer_units_exponent_2': 6, 'D_layer_units_exponent_3': 6, 'D_layer_units_exponent_4': 9, 'D_layer_units_exponent_5': 10, 'D_layer_units_exponent_6': 4, 'D_layer_units_exponent_7': 10, 'log_learning_rate': -3.3766328695834975, 'log_learning_rate_D': -1.0276699270212517, 'training_batch_size': 10, 'training_p': 2}
	 epoch  0 training error:  tensor(0.8009, device='cuda:0', grad_fn=<DivBackward0>)
	 epoch  0 test error:  tensor(5.0503, device='cuda:0', grad_fn=<DivBackward0>)
Memory status after this epoch: 
Memory allocated:  367.0439453125
Memory cached:  442.0
	 epoch  10 training error:  tensor(0.2589, device='cuda:0', grad_fn=<DivBackward0>)
	 epoch  10 test error:  tensor(1.5891, device='cuda:0', grad_fn=<DivBackward0>)
Memory status after this epoch: 
Memory allocated:  366.7158203125
Memory cached:  720.0
	 epoch  20 training error:  tensor(0.2017, device='cuda:0', grad_fn=<DivBackward0>)
	 epoch  20 test error:  tensor(0.7447, device='cuda:0', grad_fn=<DivBackward0>)
Memory status after this epoch: 
Memory allocated:  367.3720703125
Memory cached:  720.0
	 epoch  30 training error:  tensor(0.2014, device='cuda:0', grad_fn=<DivBackward0>)
	 epoch  30 test error:  tensor(0.8702, device='cuda:0', grad_fn=<DivBackward0>)
Memory status after this epoch: 
Memory allocated:  366.7158203125
Memory cached:  720.0
	 epoch  40 training error:  tensor(0.2017, device='cuda:0', grad_fn=<DivBackward0>)
	 epoch  40 test error:  tensor(0.8075, device='cuda:0', grad_fn=<DivBackward0>)
Memory status after this epoch: 
Memory allocated:  367.3720703125
Memory cached:  720.0
	 epoch  50 training error:  tensor(0.2017, device='cuda:0', grad_fn=<DivBackward0>)
	 epoch  50 test error:  tensor(0.7984, device='cuda:0', grad_fn=<DivBackward0>)
Memory status after this epoch: 
Memory allocated:  366.7158203125
Memory cached:  720.0
	 epoch  60 training error:  tensor(0.2015, device='cuda:0', grad_fn=<DivBackward0>)
	 epoch  60 test error:  tensor(0.8165, device='cuda:0', grad_fn=<DivBackward0>)
Memory status after this epoch: 
Memory allocated:  367.3720703125
Memory cached:  724.0
	 epoch  70 training error:  tensor(0.2014, device='cuda:0', grad_fn=<DivBackward0>)
	 epoch  70 test error:  tensor(0.8044, device='cuda:0', grad_fn=<DivBackward0>)
Memory status after this epoch: 
Memory allocated:  366.7158203125
Memory cached:  720.0
	 epoch  80 training error:  tensor(0.2013, device='cuda:0', grad_fn=<DivBackward0>)
	 epoch  80 test error:  tensor(0.8082, device='cuda:0', grad_fn=<DivBackward0>)
Memory status after this epoch: 
Memory allocated:  367.3720703125
Memory cached:  722.0
	 epoch  90 training error:  tensor(0.2013, device='cuda:0', grad_fn=<DivBackward0>)
	 epoch  90 test error:  tensor(0.8100, device='cuda:0', grad_fn=<DivBackward0>)
Memory status after this epoch: 
Memory allocated:  366.7158203125
Memory cached:  722.0
