[I 2023-11-16 02:06:54,344] Trial 22 finished with value: 0.03143644332885742 and parameters: {'W_layers': 4, 'W_layer_units_exponent_0': 6, 'W_layer_units_exponent_1': 7, 'W_layer_units_exponent_2': 6, 'W_layer_units_exponent_3': 8, 'D_layers': 4, 'D_layer_units_exponent_0': 7, 'D_layer_units_exponent_1': 8, 'D_layer_units_exponent_2': 8, 'D_layer_units_exponent_3': 9, 'log_learning_rate': -3.256911741784954, 'log_learning_rate_D': -4.368537067819164, 'training_batch_size': 9, 'training_p': 8}. Best is trial 22 with value: 0.03143644332885742.
Time for this trial:  133.71225237846375
Memory status after this trial: 
Memory allocated:  788.09912109375
Memory cached:  800.0
--------------------  Trial  23   --------------------
Start timing: 
Parameters: 
{'W_layers': 4, 'W_layer_units_exponent_0': 6, 'W_layer_units_exponent_1': 8, 'W_layer_units_exponent_2': 5, 'W_layer_units_exponent_3': 6, 'D_layers': 4, 'D_layer_units_exponent_0': 7, 'D_layer_units_exponent_1': 8, 'D_layer_units_exponent_2': 8, 'D_layer_units_exponent_3': 9, 'log_learning_rate': -3.1709549617784023, 'log_learning_rate_D': -4.576923271200057, 'training_batch_size': 10, 'training_p': 8}
	 epoch  0 training error:  tensor(1.8041, device='cuda:0', grad_fn=<DivBackward0>)
	 epoch  0 test error:  tensor(0.4129, device='cuda:0', grad_fn=<DivBackward0>)
Memory status after this epoch: 
Memory allocated:  405.3955078125
Memory cached:  696.0
	 epoch  10 training error:  tensor(1.6071, device='cuda:0', grad_fn=<DivBackward0>)
	 epoch  10 test error:  tensor(0.1129, device='cuda:0', grad_fn=<DivBackward0>)
Memory status after this epoch: 
Memory allocated:  407.8330078125
Memory cached:  790.0
	 epoch  20 training error:  tensor(0.9254, device='cuda:0', grad_fn=<DivBackward0>)
	 epoch  20 test error:  tensor(0.0632, device='cuda:0', grad_fn=<DivBackward0>)
Memory status after this epoch: 
Memory allocated:  405.3955078125
Memory cached:  790.0
	 epoch  30 training error:  tensor(0.7205, device='cuda:0', grad_fn=<DivBackward0>)
	 epoch  30 test error:  tensor(0.0680, device='cuda:0', grad_fn=<DivBackward0>)
Memory status after this epoch: 
Memory allocated:  407.8330078125
Memory cached:  790.0
	 epoch  40 training error:  tensor(0.5000, device='cuda:0', grad_fn=<DivBackward0>)
	 epoch  40 test error:  tensor(0.0378, device='cuda:0', grad_fn=<DivBackward0>)
Memory status after this epoch: 
Memory allocated:  405.3955078125
Memory cached:  790.0
	 epoch  50 training error:  tensor(0.4349, device='cuda:0', grad_fn=<DivBackward0>)
	 epoch  50 test error:  tensor(0.0353, device='cuda:0', grad_fn=<DivBackward0>)
Memory status after this epoch: 
Memory allocated:  407.8330078125
Memory cached:  790.0
	 epoch  60 training error:  tensor(0.3874, device='cuda:0', grad_fn=<DivBackward0>)
	 epoch  60 test error:  tensor(0.0345, device='cuda:0', grad_fn=<DivBackward0>)
Memory status after this epoch: 
Memory allocated:  405.3955078125
Memory cached:  790.0
	 epoch  70 training error:  tensor(0.3591, device='cuda:0', grad_fn=<DivBackward0>)
	 epoch  70 test error:  tensor(0.0321, device='cuda:0', grad_fn=<DivBackward0>)
Memory status after this epoch: 
Memory allocated:  407.8330078125
Memory cached:  790.0
	 epoch  80 training error:  tensor(0.3470, device='cuda:0', grad_fn=<DivBackward0>)
	 epoch  80 test error:  tensor(0.0320, device='cuda:0', grad_fn=<DivBackward0>)
Memory status after this epoch: 
Memory allocated:  405.3955078125
Memory cached:  790.0
	 epoch  90 training error:  tensor(0.3423, device='cuda:0', grad_fn=<DivBackward0>)
	 epoch  90 test error:  tensor(0.0316, device='cuda:0', grad_fn=<DivBackward0>)
Memory status after this epoch: 
Memory allocated:  407.8330078125
Memory cached:  790.0
[I 2023-11-16 02:09:07,470] Trial 23 finished with value: 0.031753119081258774 and parameters: {'W_layers': 4, 'W_layer_units_exponent_0': 6, 'W_layer_units_exponent_1': 8, 'W_layer_units_exponent_2': 5, 'W_layer_units_exponent_3': 6, 'D_layers': 4, 'D_layer_units_exponent_0': 7, 'D_layer_units_exponent_1': 8, 'D_layer_units_exponent_2': 8, 'D_layer_units_exponent_3': 9, 'log_learning_rate': -3.1709549617784023, 'log_learning_rate_D': -4.576923271200057, 'training_batch_size': 10, 'training_p': 8}. Best is trial 22 with value: 0.03143644332885742.
Time for this trial:  132.8989667892456
Memory status after this trial: 
Memory allocated:  777.79736328125
Memory cached:  790.0
--------------------  Trial  24   --------------------
Start timing: 
Parameters: 
{'W_layers': 2, 'W_layer_units_exponent_0': 5, 'W_layer_units_exponent_1': 8, 'D_layers': 5, 'D_layer_units_exponent_0': 9, 'D_layer_units_exponent_1': 8, 'D_layer_units_exponent_2': 7, 'D_layer_units_exponent_3': 10, 'D_layer_units_exponent_4': 10, 'log_learning_rate': -2.446216641503049, 'log_learning_rate_D': -4.849106003185512, 'training_batch_size': 10, 'training_p': 6}
	 epoch  0 training error:  tensor(4.7254, device='cuda:0', grad_fn=<DivBackward0>)
	 epoch  0 test error:  tensor(1.7414, device='cuda:0', grad_fn=<DivBackward0>)
Memory status after this epoch: 
Memory allocated:  512.5009765625
Memory cached:  784.0
	 epoch  10 training error:  tensor(2.3938, device='cuda:0', grad_fn=<DivBackward0>)
	 epoch  10 test error:  tensor(0.1393, device='cuda:0', grad_fn=<DivBackward0>)
Memory status after this epoch: 
Memory allocated:  511.5634765625
Memory cached:  982.0
	 epoch  20 training error:  tensor(1.4003, device='cuda:0', grad_fn=<DivBackward0>)
	 epoch  20 test error:  tensor(0.1022, device='cuda:0', grad_fn=<DivBackward0>)
Memory status after this epoch: 
Memory allocated:  512.5009765625
Memory cached:  982.0
	 epoch  30 training error:  tensor(0.9974, device='cuda:0', grad_fn=<DivBackward0>)
	 epoch  30 test error:  tensor(0.0712, device='cuda:0', grad_fn=<DivBackward0>)
Memory status after this epoch: 
Memory allocated:  511.5634765625
Memory cached:  982.0
	 epoch  40 training error:  tensor(0.7861, device='cuda:0', grad_fn=<DivBackward0>)
	 epoch  40 test error:  tensor(0.0627, device='cuda:0', grad_fn=<DivBackward0>)
Memory status after this epoch: 
Memory allocated:  512.5009765625
Memory cached:  982.0
	 epoch  50 training error:  tensor(0.7096, device='cuda:0', grad_fn=<DivBackward0>)
	 epoch  50 test error:  tensor(0.0609, device='cuda:0', grad_fn=<DivBackward0>)
Memory status after this epoch: 
Memory allocated:  511.5634765625
Memory cached:  982.0
	 epoch  60 training error:  tensor(0.6298, device='cuda:0', grad_fn=<DivBackward0>)
	 epoch  60 test error:  tensor(0.0537, device='cuda:0', grad_fn=<DivBackward0>)
Memory status after this epoch: 
Memory allocated:  512.5009765625
Memory cached:  982.0
	 epoch  70 training error:  tensor(0.5473, device='cuda:0', grad_fn=<DivBackward0>)
	 epoch  70 test error:  tensor(0.0473, device='cuda:0', grad_fn=<DivBackward0>)
Memory status after this epoch: 
Memory allocated:  511.5634765625
Memory cached:  982.0
	 epoch  80 training error:  tensor(0.4763, device='cuda:0', grad_fn=<DivBackward0>)
	 epoch  80 test error:  tensor(0.0420, device='cuda:0', grad_fn=<DivBackward0>)
Memory status after this epoch: 
Memory allocated:  512.5009765625
Memory cached:  982.0
	 epoch  90 training error:  tensor(0.4443, device='cuda:0', grad_fn=<DivBackward0>)
	 epoch  90 test error:  tensor(0.0396, device='cuda:0', grad_fn=<DivBackward0>)
Memory status after this epoch: 
Memory allocated:  511.5634765625
Memory cached:  984.0
[I 2023-11-16 02:11:23,647] Trial 24 finished with value: 0.03934899717569351 and parameters: {'W_layers': 2, 'W_layer_units_exponent_0': 5, 'W_layer_units_exponent_1': 8, 'D_layers': 5, 'D_layer_units_exponent_0': 9, 'D_layer_units_exponent_1': 8, 'D_layer_units_exponent_2': 7, 'D_layer_units_exponent_3': 10, 'D_layer_units_exponent_4': 10, 'log_learning_rate': -2.446216641503049, 'log_learning_rate_D': -4.849106003185512, 'training_batch_size': 10, 'training_p': 6}. Best is trial 22 with value: 0.03143644332885742.
Time for this trial:  135.93205213546753
Memory status after this trial: 
Memory allocated:  961.24658203125
Memory cached:  982.0
--------------------  Trial  25   --------------------
Start timing: 
Parameters: 
{'W_layers': 4, 'W_layer_units_exponent_0': 6, 'W_layer_units_exponent_1': 7, 'W_layer_units_exponent_2': 6, 'W_layer_units_exponent_3': 8, 'D_layers': 6, 'D_layer_units_exponent_0': 8, 'D_layer_units_exponent_1': 9, 'D_layer_units_exponent_2': 8, 'D_layer_units_exponent_3': 8, 'D_layer_units_exponent_4': 4, 'D_layer_units_exponent_5': 4, 'log_learning_rate': -3.5953272177772466, 'log_learning_rate_D': -4.534463561156589, 'training_batch_size': 10, 'training_p': 7}
	 epoch  0 training error:  tensor(2.0913, device='cuda:0', grad_fn=<DivBackward0>)
	 epoch  0 test error:  tensor(0.0716, device='cuda:0', grad_fn=<DivBackward0>)
Memory status after this epoch: 
Memory allocated:  421.359375
Memory cached:  692.0
	 epoch  10 training error:  tensor(0.9076, device='cuda:0', grad_fn=<DivBackward0>)
	 epoch  10 test error:  tensor(0.0739, device='cuda:0', grad_fn=<DivBackward0>)
Memory status after this epoch: 
Memory allocated:  422.859375
Memory cached:  814.0
	 epoch  20 training error:  tensor(0.7395, device='cuda:0', grad_fn=<DivBackward0>)
	 epoch  20 test error:  tensor(0.0682, device='cuda:0', grad_fn=<DivBackward0>)
Memory status after this epoch: 
Memory allocated:  421.359375
Memory cached:  814.0
	 epoch  30 training error:  tensor(0.6123, device='cuda:0', grad_fn=<DivBackward0>)
	 epoch  30 test error:  tensor(0.0525, device='cuda:0', grad_fn=<DivBackward0>)
Memory status after this epoch: 
Memory allocated:  422.859375
Memory cached:  814.0
	 epoch  40 training error:  tensor(0.4076, device='cuda:0', grad_fn=<DivBackward0>)
	 epoch  40 test error:  tensor(0.0340, device='cuda:0', grad_fn=<DivBackward0>)
Memory status after this epoch: 
Memory allocated:  421.359375
Memory cached:  814.0
	 epoch  50 training error:  tensor(0.3810, device='cuda:0', grad_fn=<DivBackward0>)
	 epoch  50 test error:  tensor(0.0325, device='cuda:0', grad_fn=<DivBackward0>)
Memory status after this epoch: 
Memory allocated:  422.859375
Memory cached:  814.0
	 epoch  60 training error:  tensor(0.3699, device='cuda:0', grad_fn=<DivBackward0>)
	 epoch  60 test error:  tensor(0.0331, device='cuda:0', grad_fn=<DivBackward0>)
Memory status after this epoch: 
Memory allocated:  421.359375
Memory cached:  814.0
	 epoch  70 training error:  tensor(0.3504, device='cuda:0', grad_fn=<DivBackward0>)
	 epoch  70 test error:  tensor(0.0313, device='cuda:0', grad_fn=<DivBackward0>)
Memory status after this epoch: 
Memory allocated:  422.859375
Memory cached:  814.0
	 epoch  80 training error:  tensor(0.3426, device='cuda:0', grad_fn=<DivBackward0>)
	 epoch  80 test error:  tensor(0.0321, device='cuda:0', grad_fn=<DivBackward0>)
Memory status after this epoch: 
Memory allocated:  421.359375
Memory cached:  814.0
	 epoch  90 training error:  tensor(0.3390, device='cuda:0', grad_fn=<DivBackward0>)
	 epoch  90 test error:  tensor(0.0317, device='cuda:0', grad_fn=<DivBackward0>)
Memory status after this epoch: 
Memory allocated:  422.859375
Memory cached:  816.0
[I 2023-11-16 02:13:55,095] Trial 25 finished with value: 0.031740810722112656 and parameters: {'W_layers': 4, 'W_layer_units_exponent_0': 6, 'W_layer_units_exponent_1': 7, 'W_layer_units_exponent_2': 6, 'W_layer_units_exponent_3': 8, 'D_layers': 6, 'D_layer_units_exponent_0': 8, 'D_layer_units_exponent_1': 9, 'D_layer_units_exponent_2': 8, 'D_layer_units_exponent_3': 8, 'D_layer_units_exponent_4': 4, 'D_layer_units_exponent_5': 4, 'log_learning_rate': -3.5953272177772466, 'log_learning_rate_D': -4.534463561156589, 'training_batch_size': 10, 'training_p': 7}. Best is trial 22 with value: 0.03143644332885742.
Time for this trial:  151.18831276893616
Memory status after this trial: 
Memory allocated:  806.29150390625
Memory cached:  814.0
--------------------  Trial  26   --------------------
Start timing: 
Parameters: 
{'W_layers': 3, 'W_layer_units_exponent_0': 7, 'W_layer_units_exponent_1': 8, 'W_layer_units_exponent_2': 6, 'D_layers': 5, 'D_layer_units_exponent_0': 7, 'D_layer_units_exponent_1': 7, 'D_layer_units_exponent_2': 7, 'D_layer_units_exponent_3': 8, 'D_layer_units_exponent_4': 10, 'log_learning_rate': -3.1781017101302598, 'log_learning_rate_D': -4.981903161922055, 'training_batch_size': 8, 'training_p': 8}
	 epoch  0 training error:  tensor(1.6511, device='cuda:0', grad_fn=<DivBackward0>)
	 epoch  0 test error:  tensor(1.0541, device='cuda:0', grad_fn=<DivBackward0>)
Memory status after this epoch: 
Memory allocated:  437.9091796875
Memory cached:  706.0
	 epoch  10 training error:  tensor(2.0530, device='cuda:0', grad_fn=<DivBackward0>)
	 epoch  10 test error:  tensor(0.2286, device='cuda:0', grad_fn=<DivBackward0>)
Memory status after this epoch: 
Memory allocated:  436.4091796875
Memory cached:  844.0
	 epoch  20 training error:  tensor(1.1223, device='cuda:0', grad_fn=<DivBackward0>)
	 epoch  20 test error:  tensor(0.1365, device='cuda:0', grad_fn=<DivBackward0>)
Memory status after this epoch: 
Memory allocated:  437.9091796875
Memory cached:  844.0
	 epoch  30 training error:  tensor(0.8170, device='cuda:0', grad_fn=<DivBackward0>)
	 epoch  30 test error:  tensor(0.0943, device='cuda:0', grad_fn=<DivBackward0>)
Memory status after this epoch: 
Memory allocated:  436.4091796875
Memory cached:  844.0
	 epoch  40 training error:  tensor(0.8670, device='cuda:0', grad_fn=<DivBackward0>)
	 epoch  40 test error:  tensor(0.0731, device='cuda:0', grad_fn=<DivBackward0>)
Memory status after this epoch: 
Memory allocated:  437.9091796875
Memory cached:  844.0
	 epoch  50 training error:  tensor(0.7371, device='cuda:0', grad_fn=<DivBackward0>)
	 epoch  50 test error:  tensor(0.0582, device='cuda:0', grad_fn=<DivBackward0>)
Memory status after this epoch: 
Memory allocated:  436.4091796875
Memory cached:  844.0
	 epoch  60 training error:  tensor(0.6260, device='cuda:0', grad_fn=<DivBackward0>)
	 epoch  60 test error:  tensor(0.0535, device='cuda:0', grad_fn=<DivBackward0>)
Memory status after this epoch: 
Memory allocated:  437.9091796875
Memory cached:  844.0
	 epoch  70 training error:  tensor(0.4822, device='cuda:0', grad_fn=<DivBackward0>)
	 epoch  70 test error:  tensor(0.0417, device='cuda:0', grad_fn=<DivBackward0>)
Memory status after this epoch: 
Memory allocated:  436.4091796875
Memory cached:  844.0
	 epoch  80 training error:  tensor(0.4162, device='cuda:0', grad_fn=<DivBackward0>)
	 epoch  80 test error:  tensor(0.0359, device='cuda:0', grad_fn=<DivBackward0>)
Memory status after this epoch: 
Memory allocated:  437.9091796875
Memory cached:  844.0
	 epoch  90 training error:  tensor(0.4085, device='cuda:0', grad_fn=<DivBackward0>)
	 epoch  90 test error:  tensor(0.0354, device='cuda:0', grad_fn=<DivBackward0>)
Memory status after this epoch: 
Memory allocated:  436.4091796875
Memory cached:  844.0
[I 2023-11-16 02:16:12,082] Trial 26 finished with value: 0.03502114489674568 and parameters: {'W_layers': 3, 'W_layer_units_exponent_0': 7, 'W_layer_units_exponent_1': 8, 'W_layer_units_exponent_2': 6, 'D_layers': 5, 'D_layer_units_exponent_0': 7, 'D_layer_units_exponent_1': 7, 'D_layer_units_exponent_2': 7, 'D_layer_units_exponent_3': 8, 'D_layer_units_exponent_4': 10, 'log_learning_rate': -3.1781017101302598, 'log_learning_rate_D': -4.981903161922055, 'training_batch_size': 8, 'training_p': 8}. Best is trial 22 with value: 0.03143644332885742.
Time for this trial:  136.72633266448975
Memory status after this trial: 
Memory allocated:  836.09814453125
Memory cached:  844.0
--------------------  Trial  27   --------------------
Start timing: 
Parameters: 
{'W_layers': 5, 'W_layer_units_exponent_0': 8, 'W_layer_units_exponent_1': 6, 'W_layer_units_exponent_2': 5, 'W_layer_units_exponent_3': 7, 'W_layer_units_exponent_4': 10, 'D_layers': 4, 'D_layer_units_exponent_0': 9, 'D_layer_units_exponent_1': 8, 'D_layer_units_exponent_2': 9, 'D_layer_units_exponent_3': 8, 'log_learning_rate': -2.6094199970142595, 'log_learning_rate_D': -4.083039706302247, 'training_batch_size': 9, 'training_p': 3}
	 epoch  0 training error:  tensor(1.4781, device='cuda:0', grad_fn=<DivBackward0>)
	 epoch  0 test error:  tensor(1.4837, device='cuda:0', grad_fn=<DivBackward0>)
Memory status after this epoch: 
Memory allocated:  488.6591796875
Memory cached:  758.0
	 epoch  10 training error:  tensor(0.9870, device='cuda:0', grad_fn=<DivBackward0>)
	 epoch  10 test error:  tensor(0.0691, device='cuda:0', grad_fn=<DivBackward0>)
Memory status after this epoch: 
Memory allocated:  490.1591796875
Memory cached:  946.0
	 epoch  20 training error:  tensor(0.9099, device='cuda:0', grad_fn=<DivBackward0>)
	 epoch  20 test error:  tensor(0.0675, device='cuda:0', grad_fn=<DivBackward0>)
Memory status after this epoch: 
Memory allocated:  488.6591796875
Memory cached:  946.0
	 epoch  30 training error:  tensor(0.8209, device='cuda:0', grad_fn=<DivBackward0>)
	 epoch  30 test error:  tensor(0.0612, device='cuda:0', grad_fn=<DivBackward0>)
Memory status after this epoch: 
Memory allocated:  490.1591796875
Memory cached:  946.0
	 epoch  40 training error:  tensor(0.6195, device='cuda:0', grad_fn=<DivBackward0>)
	 epoch  40 test error:  tensor(0.0450, device='cuda:0', grad_fn=<DivBackward0>)
Memory status after this epoch: 
Memory allocated:  488.6591796875
Memory cached:  946.0
	 epoch  50 training error:  tensor(0.5136, device='cuda:0', grad_fn=<DivBackward0>)
	 epoch  50 test error:  tensor(0.0417, device='cuda:0', grad_fn=<DivBackward0>)
Memory status after this epoch: 
Memory allocated:  490.1591796875
Memory cached:  946.0
	 epoch  60 training error:  tensor(0.5170, device='cuda:0', grad_fn=<DivBackward0>)
	 epoch  60 test error:  tensor(0.0425, device='cuda:0', grad_fn=<DivBackward0>)
Memory status after this epoch: 
Memory allocated:  488.6591796875
Memory cached:  946.0
	 epoch  70 training error:  tensor(0.4988, device='cuda:0', grad_fn=<DivBackward0>)
	 epoch  70 test error:  tensor(0.0393, device='cuda:0', grad_fn=<DivBackward0>)
Memory status after this epoch: 
Memory allocated:  490.1591796875
Memory cached:  946.0
	 epoch  80 training error:  tensor(0.4982, device='cuda:0', grad_fn=<DivBackward0>)
	 epoch  80 test error:  tensor(0.0395, device='cuda:0', grad_fn=<DivBackward0>)
Memory status after this epoch: 
Memory allocated:  488.6591796875
Memory cached:  948.0
	 epoch  90 training error:  tensor(0.4955, device='cuda:0', grad_fn=<DivBackward0>)
	 epoch  90 test error:  tensor(0.0397, device='cuda:0', grad_fn=<DivBackward0>)
Memory status after this epoch: 
Memory allocated:  490.1591796875
Memory cached:  950.0
