[I 2023-11-10 14:35:05,589] Trial 1 finished with value: 0.07248195260763168 and parameters: {'W_layers': 6, 'W_layer_units_exponent_0': 8, 'W_layer_units_exponent_1': 9, 'W_layer_units_exponent_2': 5, 'W_layer_units_exponent_3': 9, 'W_layer_units_exponent_4': 4, 'W_layer_units_exponent_5': 10, 'D_layers': 5, 'D_layer_units_exponent_0': 4, 'D_layer_units_exponent_1': 9, 'D_layer_units_exponent_2': 9, 'D_layer_units_exponent_3': 7, 'D_layer_units_exponent_4': 10, 'log_learning_rate': -1.3386556096440225, 'log_learning_rate_D': -1.2843318267050559, 'training_batch_size': 10, 'training_p': 6}. Best is trial 1 with value: 0.07248195260763168.
Time for this trial:  184.60381412506104
Memory status after this trial: 
Memory allocated:  998.43896484375
Memory cached:  1014.0
--------------------  Trial  2   --------------------
Start timing: 
Parameters: 
{'W_layers': 5, 'W_layer_units_exponent_0': 7, 'W_layer_units_exponent_1': 4, 'W_layer_units_exponent_2': 5, 'W_layer_units_exponent_3': 7, 'W_layer_units_exponent_4': 7, 'D_layers': 3, 'D_layer_units_exponent_0': 5, 'D_layer_units_exponent_1': 4, 'D_layer_units_exponent_2': 7, 'log_learning_rate': -1.299980661700705, 'log_learning_rate_D': -4.5952944775845435, 'training_batch_size': 6, 'training_p': 4}
	 epoch  0 training error:  tensor(10.7061, device='cuda:0', grad_fn=<DivBackward0>)
	 epoch  0 test error:  tensor(0.0710, device='cuda:0', grad_fn=<DivBackward0>)
Memory status after this epoch: 
Memory allocated:  294.7919921875
Memory cached:  582.0
	 epoch  10 training error:  tensor(1., device='cuda:0', grad_fn=<DivBackward0>)
	 epoch  10 test error:  tensor(0.0725, device='cuda:0', grad_fn=<DivBackward0>)
Memory status after this epoch: 
Memory allocated:  295.1201171875
Memory cached:  582.0
	 epoch  20 training error:  tensor(1., device='cuda:0', grad_fn=<DivBackward0>)
	 epoch  20 test error:  tensor(0.0725, device='cuda:0', grad_fn=<DivBackward0>)
Memory status after this epoch: 
Memory allocated:  294.4169921875
Memory cached:  582.0
	 epoch  30 training error:  tensor(1., device='cuda:0', grad_fn=<DivBackward0>)
	 epoch  30 test error:  tensor(0.0725, device='cuda:0', grad_fn=<DivBackward0>)
Memory status after this epoch: 
Memory allocated:  295.4951171875
Memory cached:  582.0
	 epoch  40 training error:  tensor(1., device='cuda:0', grad_fn=<DivBackward0>)
	 epoch  40 test error:  tensor(0.0725, device='cuda:0', grad_fn=<DivBackward0>)
Memory status after this epoch: 
Memory allocated:  293.9482421875
Memory cached:  582.0
	 epoch  50 training error:  tensor(1., device='cuda:0', grad_fn=<DivBackward0>)
	 epoch  50 test error:  tensor(0.0725, device='cuda:0', grad_fn=<DivBackward0>)
Memory status after this epoch: 
Memory allocated:  295.9638671875
Memory cached:  582.0
	 epoch  60 training error:  tensor(1., device='cuda:0', grad_fn=<DivBackward0>)
	 epoch  60 test error:  tensor(0.0725, device='cuda:0', grad_fn=<DivBackward0>)
Memory status after this epoch: 
Memory allocated:  293.1044921875
Memory cached:  582.0
	 epoch  70 training error:  tensor(1., device='cuda:0', grad_fn=<DivBackward0>)
	 epoch  70 test error:  tensor(0.0725, device='cuda:0', grad_fn=<DivBackward0>)
Memory status after this epoch: 
Memory allocated:  295.4951171875
Memory cached:  582.0
	 epoch  80 training error:  tensor(1., device='cuda:0', grad_fn=<DivBackward0>)
	 epoch  80 test error:  tensor(0.0725, device='cuda:0', grad_fn=<DivBackward0>)
Memory status after this epoch: 
Memory allocated:  294.4169921875
Memory cached:  582.0
	 epoch  90 training error:  tensor(1., device='cuda:0', grad_fn=<DivBackward0>)
	 epoch  90 test error:  tensor(0.0725, device='cuda:0', grad_fn=<DivBackward0>)
Memory status after this epoch: 
Memory allocated:  295.0263671875
Memory cached:  582.0
[I 2023-11-10 14:38:54,314] Trial 2 finished with value: 0.07248195260763168 and parameters: {'W_layers': 5, 'W_layer_units_exponent_0': 7, 'W_layer_units_exponent_1': 4, 'W_layer_units_exponent_2': 5, 'W_layer_units_exponent_3': 7, 'W_layer_units_exponent_4': 7, 'D_layers': 3, 'D_layer_units_exponent_0': 5, 'D_layer_units_exponent_1': 4, 'D_layer_units_exponent_2': 7, 'log_learning_rate': -1.299980661700705, 'log_learning_rate_D': -4.5952944775845435, 'training_batch_size': 6, 'training_p': 4}. Best is trial 1 with value: 0.07248195260763168.
Time for this trial:  228.5376808643341
Memory status after this trial: 
Memory allocated:  574.76904296875
Memory cached:  582.0
--------------------  Trial  3   --------------------
Start timing: 
Parameters: 
{'W_layers': 6, 'W_layer_units_exponent_0': 6, 'W_layer_units_exponent_1': 5, 'W_layer_units_exponent_2': 9, 'W_layer_units_exponent_3': 4, 'W_layer_units_exponent_4': 5, 'W_layer_units_exponent_5': 5, 'D_layers': 7, 'D_layer_units_exponent_0': 5, 'D_layer_units_exponent_1': 10, 'D_layer_units_exponent_2': 8, 'D_layer_units_exponent_3': 6, 'D_layer_units_exponent_4': 7, 'D_layer_units_exponent_5': 6, 'D_layer_units_exponent_6': 4, 'log_learning_rate': -2.3190496516727817, 'log_learning_rate_D': -2.7523307857232777, 'training_batch_size': 6, 'training_p': 7}
	 epoch  0 training error:  tensor(2.0526, device='cuda:0', grad_fn=<DivBackward0>)
	 epoch  0 test error:  tensor(0.0751, device='cuda:0', grad_fn=<DivBackward0>)
Memory status after this epoch: 
Memory allocated:  387.6162109375
Memory cached:  616.0
	 epoch  10 training error:  tensor(0.7061, device='cuda:0', grad_fn=<DivBackward0>)
	 epoch  10 test error:  tensor(0.0386, device='cuda:0', grad_fn=<DivBackward0>)
Memory status after this epoch: 
Memory allocated:  388.6943359375
Memory cached:  764.0
	 epoch  20 training error:  tensor(0.4769, device='cuda:0', grad_fn=<DivBackward0>)
	 epoch  20 test error:  tensor(0.0414, device='cuda:0', grad_fn=<DivBackward0>)
Memory status after this epoch: 
Memory allocated:  387.1474609375
Memory cached:  764.0
	 epoch  30 training error:  tensor(0.4658, device='cuda:0', grad_fn=<DivBackward0>)
	 epoch  30 test error:  tensor(0.0424, device='cuda:0', grad_fn=<DivBackward0>)
Memory status after this epoch: 
Memory allocated:  388.6943359375
Memory cached:  764.0
	 epoch  40 training error:  tensor(0.4653, device='cuda:0', grad_fn=<DivBackward0>)
	 epoch  40 test error:  tensor(0.0376, device='cuda:0', grad_fn=<DivBackward0>)
Memory status after this epoch: 
Memory allocated:  387.6162109375
Memory cached:  764.0
	 epoch  50 training error:  tensor(0.4583, device='cuda:0', grad_fn=<DivBackward0>)
	 epoch  50 test error:  tensor(0.0389, device='cuda:0', grad_fn=<DivBackward0>)
Memory status after this epoch: 
Memory allocated:  388.6943359375
Memory cached:  764.0
	 epoch  60 training error:  tensor(0.4573, device='cuda:0', grad_fn=<DivBackward0>)
	 epoch  60 test error:  tensor(0.0402, device='cuda:0', grad_fn=<DivBackward0>)
Memory status after this epoch: 
Memory allocated:  387.1474609375
Memory cached:  764.0
	 epoch  70 training error:  tensor(0.4585, device='cuda:0', grad_fn=<DivBackward0>)
	 epoch  70 test error:  tensor(0.0397, device='cuda:0', grad_fn=<DivBackward0>)
Memory status after this epoch: 
Memory allocated:  388.7880859375
Memory cached:  768.0
	 epoch  80 training error:  tensor(0.4601, device='cuda:0', grad_fn=<DivBackward0>)
	 epoch  80 test error:  tensor(0.0390, device='cuda:0', grad_fn=<DivBackward0>)
Memory status after this epoch: 
Memory allocated:  387.6162109375
Memory cached:  768.0
	 epoch  90 training error:  tensor(0.4636, device='cuda:0', grad_fn=<DivBackward0>)
	 epoch  90 test error:  tensor(0.0378, device='cuda:0', grad_fn=<DivBackward0>)
Memory status after this epoch: 
Memory allocated:  388.7880859375
Memory cached:  768.0
[I 2023-11-10 14:44:08,721] Trial 3 finished with value: 0.041813816875219345 and parameters: {'W_layers': 6, 'W_layer_units_exponent_0': 6, 'W_layer_units_exponent_1': 5, 'W_layer_units_exponent_2': 9, 'W_layer_units_exponent_3': 4, 'W_layer_units_exponent_4': 5, 'W_layer_units_exponent_5': 5, 'D_layers': 7, 'D_layer_units_exponent_0': 5, 'D_layer_units_exponent_1': 10, 'D_layer_units_exponent_2': 8, 'D_layer_units_exponent_3': 6, 'D_layer_units_exponent_4': 7, 'D_layer_units_exponent_5': 6, 'D_layer_units_exponent_6': 4, 'log_learning_rate': -2.3190496516727817, 'log_learning_rate_D': -2.7523307857232777, 'training_batch_size': 6, 'training_p': 7}. Best is trial 3 with value: 0.041813816875219345.
Time for this trial:  314.1999418735504
Memory status after this trial: 
Memory allocated:  753.26025390625
Memory cached:  768.0
--------------------  Trial  4   --------------------
Start timing: 
Parameters: 
{'W_layers': 7, 'W_layer_units_exponent_0': 10, 'W_layer_units_exponent_1': 4, 'W_layer_units_exponent_2': 4, 'W_layer_units_exponent_3': 9, 'W_layer_units_exponent_4': 10, 'W_layer_units_exponent_5': 4, 'W_layer_units_exponent_6': 4, 'D_layers': 3, 'D_layer_units_exponent_0': 10, 'D_layer_units_exponent_1': 5, 'D_layer_units_exponent_2': 5, 'log_learning_rate': -4.399270002967635, 'log_learning_rate_D': -2.0578861693307857, 'training_batch_size': 6, 'training_p': 2}
	 epoch  0 training error:  tensor(1.2075, device='cuda:0', grad_fn=<DivBackward0>)
	 epoch  0 test error:  tensor(0.0688, device='cuda:0', grad_fn=<DivBackward0>)
Memory status after this epoch: 
Memory allocated:  470.283203125
Memory cached:  710.0
	 epoch  10 training error:  tensor(0.5425, device='cuda:0', grad_fn=<DivBackward0>)
	 epoch  10 test error:  tensor(0.0406, device='cuda:0', grad_fn=<DivBackward0>)
Memory status after this epoch: 
Memory allocated:  469.720703125
Memory cached:  918.0
	 epoch  20 training error:  tensor(0.5278, device='cuda:0', grad_fn=<DivBackward0>)
	 epoch  20 test error:  tensor(0.0387, device='cuda:0', grad_fn=<DivBackward0>)
Memory status after this epoch: 
Memory allocated:  469.814453125
Memory cached:  918.0
	 epoch  30 training error:  tensor(0.5078, device='cuda:0', grad_fn=<DivBackward0>)
	 epoch  30 test error:  tensor(0.0382, device='cuda:0', grad_fn=<DivBackward0>)
Memory status after this epoch: 
Memory allocated:  469.720703125
Memory cached:  918.0
	 epoch  40 training error:  tensor(0.5073, device='cuda:0', grad_fn=<DivBackward0>)
	 epoch  40 test error:  tensor(0.0375, device='cuda:0', grad_fn=<DivBackward0>)
Memory status after this epoch: 
Memory allocated:  469.814453125
Memory cached:  918.0
	 epoch  50 training error:  tensor(0.5035, device='cuda:0', grad_fn=<DivBackward0>)
	 epoch  50 test error:  tensor(0.0376, device='cuda:0', grad_fn=<DivBackward0>)
Memory status after this epoch: 
Memory allocated:  469.720703125
Memory cached:  918.0
	 epoch  60 training error:  tensor(0.5018, device='cuda:0', grad_fn=<DivBackward0>)
	 epoch  60 test error:  tensor(0.0382, device='cuda:0', grad_fn=<DivBackward0>)
Memory status after this epoch: 
Memory allocated:  469.814453125
Memory cached:  918.0
	 epoch  70 training error:  tensor(0.5061, device='cuda:0', grad_fn=<DivBackward0>)
	 epoch  70 test error:  tensor(0.0381, device='cuda:0', grad_fn=<DivBackward0>)
Memory status after this epoch: 
Memory allocated:  469.720703125
Memory cached:  918.0
	 epoch  80 training error:  tensor(0.5004, device='cuda:0', grad_fn=<DivBackward0>)
	 epoch  80 test error:  tensor(0.0382, device='cuda:0', grad_fn=<DivBackward0>)
Memory status after this epoch: 
Memory allocated:  469.814453125
Memory cached:  918.0
	 epoch  90 training error:  tensor(0.4998, device='cuda:0', grad_fn=<DivBackward0>)
	 epoch  90 test error:  tensor(0.0383, device='cuda:0', grad_fn=<DivBackward0>)
Memory status after this epoch: 
Memory allocated:  469.814453125
Memory cached:  918.0
[I 2023-11-10 14:48:44,272] Trial 4 finished with value: 0.04151637479662895 and parameters: {'W_layers': 7, 'W_layer_units_exponent_0': 10, 'W_layer_units_exponent_1': 4, 'W_layer_units_exponent_2': 4, 'W_layer_units_exponent_3': 9, 'W_layer_units_exponent_4': 10, 'W_layer_units_exponent_5': 4, 'W_layer_units_exponent_6': 4, 'D_layers': 3, 'D_layer_units_exponent_0': 10, 'D_layer_units_exponent_1': 5, 'D_layer_units_exponent_2': 5, 'log_learning_rate': -4.399270002967635, 'log_learning_rate_D': -2.0578861693307857, 'training_batch_size': 6, 'training_p': 2}. Best is trial 4 with value: 0.04151637479662895.
Time for this trial:  275.26443576812744
Memory status after this trial: 
Memory allocated:  909.62060546875
Memory cached:  918.0
--------------------  Trial  5   --------------------
Start timing: 
Parameters: 
{'W_layers': 8, 'W_layer_units_exponent_0': 7, 'W_layer_units_exponent_1': 5, 'W_layer_units_exponent_2': 8, 'W_layer_units_exponent_3': 4, 'W_layer_units_exponent_4': 9, 'W_layer_units_exponent_5': 9, 'W_layer_units_exponent_6': 8, 'W_layer_units_exponent_7': 7, 'D_layers': 6, 'D_layer_units_exponent_0': 4, 'D_layer_units_exponent_1': 5, 'D_layer_units_exponent_2': 10, 'D_layer_units_exponent_3': 9, 'D_layer_units_exponent_4': 10, 'D_layer_units_exponent_5': 8, 'log_learning_rate': -2.584225801386688, 'log_learning_rate_D': -1.4719159040686831, 'training_batch_size': 7, 'training_p': 2}
	 epoch  0 training error:  tensor(1.0753, device='cuda:0', grad_fn=<DivBackward0>)
	 epoch  0 test error:  tensor(0.3009, device='cuda:0', grad_fn=<DivBackward0>)
Memory status after this epoch: 
Memory allocated:  540.4287109375
Memory cached:  788.0
	 epoch  10 training error:  tensor(1.1308, device='cuda:0', grad_fn=<DivBackward0>)
	 epoch  10 test error:  tensor(0.0752, device='cuda:0', grad_fn=<DivBackward0>)
Memory status after this epoch: 
Memory allocated:  540.4755859375
Memory cached:  1048.0
	 epoch  20 training error:  tensor(0.9927, device='cuda:0', grad_fn=<DivBackward0>)
	 epoch  20 test error:  tensor(0.0724, device='cuda:0', grad_fn=<DivBackward0>)
Memory status after this epoch: 
Memory allocated:  539.9130859375
Memory cached:  1048.0
	 epoch  30 training error:  tensor(0.9846, device='cuda:0', grad_fn=<DivBackward0>)
	 epoch  30 test error:  tensor(0.0724, device='cuda:0', grad_fn=<DivBackward0>)
Memory status after this epoch: 
Memory allocated:  540.8505859375
Memory cached:  1048.0
	 epoch  40 training error:  tensor(0.9792, device='cuda:0', grad_fn=<DivBackward0>)
	 epoch  40 test error:  tensor(0.0733, device='cuda:0', grad_fn=<DivBackward0>)
Memory status after this epoch: 
Memory allocated:  540.0068359375
Memory cached:  1048.0
	 epoch  50 training error:  tensor(0.9774, device='cuda:0', grad_fn=<DivBackward0>)
	 epoch  50 test error:  tensor(0.0727, device='cuda:0', grad_fn=<DivBackward0>)
Memory status after this epoch: 
Memory allocated:  540.8505859375
Memory cached:  1048.0
	 epoch  60 training error:  tensor(0.9764, device='cuda:0', grad_fn=<DivBackward0>)
	 epoch  60 test error:  tensor(0.0728, device='cuda:0', grad_fn=<DivBackward0>)
Memory status after this epoch: 
Memory allocated:  539.9130859375
Memory cached:  1048.0
	 epoch  70 training error:  tensor(0.9764, device='cuda:0', grad_fn=<DivBackward0>)
	 epoch  70 test error:  tensor(0.0730, device='cuda:0', grad_fn=<DivBackward0>)
Memory status after this epoch: 
Memory allocated:  540.4755859375
Memory cached:  1048.0
	 epoch  80 training error:  tensor(0.9764, device='cuda:0', grad_fn=<DivBackward0>)
	 epoch  80 test error:  tensor(0.0728, device='cuda:0', grad_fn=<DivBackward0>)
Memory status after this epoch: 
Memory allocated:  540.2412109375
Memory cached:  1048.0
	 epoch  90 training error:  tensor(0.9764, device='cuda:0', grad_fn=<DivBackward0>)
	 epoch  90 test error:  tensor(0.0729, device='cuda:0', grad_fn=<DivBackward0>)
Memory status after this epoch: 
Memory allocated:  540.9912109375
Memory cached:  1050.0
[I 2023-11-10 14:52:06,465] Trial 5 finished with value: 0.07293353229761124 and parameters: {'W_layers': 8, 'W_layer_units_exponent_0': 7, 'W_layer_units_exponent_1': 5, 'W_layer_units_exponent_2': 8, 'W_layer_units_exponent_3': 4, 'W_layer_units_exponent_4': 9, 'W_layer_units_exponent_5': 9, 'W_layer_units_exponent_6': 8, 'W_layer_units_exponent_7': 7, 'D_layers': 6, 'D_layer_units_exponent_0': 4, 'D_layer_units_exponent_1': 5, 'D_layer_units_exponent_2': 10, 'D_layer_units_exponent_3': 9, 'D_layer_units_exponent_4': 10, 'D_layer_units_exponent_5': 8, 'log_learning_rate': -2.584225801386688, 'log_learning_rate_D': -1.4719159040686831, 'training_batch_size': 7, 'training_p': 2}. Best is trial 4 with value: 0.04151637479662895.
Time for this trial:  201.96574997901917
Memory status after this trial: 
Memory allocated:  1022.69189453125
Memory cached:  1048.0
--------------------  Trial  6   --------------------
Start timing: 
Parameters: 
{'W_layers': 8, 'W_layer_units_exponent_0': 6, 'W_layer_units_exponent_1': 4, 'W_layer_units_exponent_2': 5, 'W_layer_units_exponent_3': 9, 'W_layer_units_exponent_4': 6, 'W_layer_units_exponent_5': 6, 'W_layer_units_exponent_6': 6, 'W_layer_units_exponent_7': 7, 'D_layers': 3, 'D_layer_units_exponent_0': 6, 'D_layer_units_exponent_1': 9, 'D_layer_units_exponent_2': 6, 'log_learning_rate': -4.669767250958442, 'log_learning_rate_D': -4.529031010341997, 'training_batch_size': 9, 'training_p': 3}
	 epoch  0 training error:  tensor(1.0576, device='cuda:0', grad_fn=<DivBackward0>)
	 epoch  0 test error:  tensor(0.0739, device='cuda:0', grad_fn=<DivBackward0>)
Memory status after this epoch: 
Memory allocated:  350.2099609375
Memory cached:  612.0
	 epoch  10 training error:  tensor(0.9982, device='cuda:0', grad_fn=<DivBackward0>)
	 epoch  10 test error:  tensor(0.0722, device='cuda:0', grad_fn=<DivBackward0>)
Memory status after this epoch: 
Memory allocated:  346.4599609375
Memory cached:  708.0
	 epoch  20 training error:  tensor(0.9759, device='cuda:0', grad_fn=<DivBackward0>)
	 epoch  20 test error:  tensor(0.0708, device='cuda:0', grad_fn=<DivBackward0>)
Memory status after this epoch: 
Memory allocated:  349.7880859375
Memory cached:  690.0
	 epoch  30 training error:  tensor(0.9561, device='cuda:0', grad_fn=<DivBackward0>)
	 epoch  30 test error:  tensor(0.0695, device='cuda:0', grad_fn=<DivBackward0>)
Memory status after this epoch: 
Memory allocated:  346.8349609375
Memory cached:  688.0
	 epoch  40 training error:  tensor(0.9282, device='cuda:0', grad_fn=<DivBackward0>)
	 epoch  40 test error:  tensor(0.0675, device='cuda:0', grad_fn=<DivBackward0>)
Memory status after this epoch: 
Memory allocated:  349.3193359375
Memory cached:  688.0
	 epoch  50 training error:  tensor(0.8847, device='cuda:0', grad_fn=<DivBackward0>)
	 epoch  50 test error:  tensor(0.0644, device='cuda:0', grad_fn=<DivBackward0>)
Memory status after this epoch: 
Memory allocated:  346.8349609375
Memory cached:  690.0
	 epoch  60 training error:  tensor(0.8234, device='cuda:0', grad_fn=<DivBackward0>)
	 epoch  60 test error:  tensor(0.0601, device='cuda:0', grad_fn=<DivBackward0>)
Memory status after this epoch: 
Memory allocated:  349.3193359375
Memory cached:  690.0
	 epoch  70 training error:  tensor(0.7404, device='cuda:0', grad_fn=<DivBackward0>)
	 epoch  70 test error:  tensor(0.0544, device='cuda:0', grad_fn=<DivBackward0>)
Memory status after this epoch: 
Memory allocated:  346.4599609375
Memory cached:  688.0
	 epoch  80 training error:  tensor(0.6426, device='cuda:0', grad_fn=<DivBackward0>)
	 epoch  80 test error:  tensor(0.0474, device='cuda:0', grad_fn=<DivBackward0>)
Memory status after this epoch: 
Memory allocated:  349.3193359375
Memory cached:  688.0
	 epoch  90 training error:  tensor(0.5648, device='cuda:0', grad_fn=<DivBackward0>)
	 epoch  90 test error:  tensor(0.0410, device='cuda:0', grad_fn=<DivBackward0>)
Memory status after this epoch: 
Memory allocated:  346.4599609375
Memory cached:  688.0
