[I 2023-11-16 01:38:54,806] Trial 12 finished with value: 0.03191182389855385 and parameters: {'W_layers': 6, 'W_layer_units_exponent_0': 4, 'W_layer_units_exponent_1': 5, 'W_layer_units_exponent_2': 6, 'W_layer_units_exponent_3': 10, 'W_layer_units_exponent_4': 4, 'W_layer_units_exponent_5': 9, 'D_layers': 2, 'D_layer_units_exponent_0': 6, 'D_layer_units_exponent_1': 9, 'log_learning_rate': -3.860245948542332, 'log_learning_rate_D': -3.2057811854138425, 'training_batch_size': 7, 'training_p': 7}. Best is trial 11 with value: 0.03164440765976906.
Time for this trial:  136.8197968006134
Memory status after this trial: 
Memory allocated:  849.32470703125
Memory cached:  860.0
--------------------  Trial  13   --------------------
Start timing: 
Parameters: 
{'W_layers': 8, 'W_layer_units_exponent_0': 5, 'W_layer_units_exponent_1': 4, 'W_layer_units_exponent_2': 8, 'W_layer_units_exponent_3': 9, 'W_layer_units_exponent_4': 5, 'W_layer_units_exponent_5': 8, 'W_layer_units_exponent_6': 4, 'W_layer_units_exponent_7': 4, 'D_layers': 4, 'D_layer_units_exponent_0': 6, 'D_layer_units_exponent_1': 6, 'D_layer_units_exponent_2': 8, 'D_layer_units_exponent_3': 4, 'log_learning_rate': -3.5441370191819836, 'log_learning_rate_D': -3.7783896946730415, 'training_batch_size': 6, 'training_p': 7}
	 epoch  0 training error:  tensor(0.9433, device='cuda:0', grad_fn=<DivBackward0>)
	 epoch  0 test error:  tensor(0.0841, device='cuda:0', grad_fn=<DivBackward0>)
Memory status after this epoch: 
Memory allocated:  403.75341796875
Memory cached:  694.0
	 epoch  10 training error:  tensor(0.8103, device='cuda:0', grad_fn=<DivBackward0>)
	 epoch  10 test error:  tensor(0.0683, device='cuda:0', grad_fn=<DivBackward0>)
Memory status after this epoch: 
Memory allocated:  405.62841796875
Memory cached:  786.0
	 epoch  20 training error:  tensor(0.7036, device='cuda:0', grad_fn=<DivBackward0>)
	 epoch  20 test error:  tensor(0.0597, device='cuda:0', grad_fn=<DivBackward0>)
Memory status after this epoch: 
Memory allocated:  403.75341796875
Memory cached:  786.0
	 epoch  30 training error:  tensor(0.3718, device='cuda:0', grad_fn=<DivBackward0>)
	 epoch  30 test error:  tensor(0.0337, device='cuda:0', grad_fn=<DivBackward0>)
Memory status after this epoch: 
Memory allocated:  405.62841796875
Memory cached:  786.0
	 epoch  40 training error:  tensor(0.3434, device='cuda:0', grad_fn=<DivBackward0>)
	 epoch  40 test error:  tensor(0.0318, device='cuda:0', grad_fn=<DivBackward0>)
Memory status after this epoch: 
Memory allocated:  403.75341796875
Memory cached:  786.0
	 epoch  50 training error:  tensor(0.3381, device='cuda:0', grad_fn=<DivBackward0>)
	 epoch  50 test error:  tensor(0.0316, device='cuda:0', grad_fn=<DivBackward0>)
Memory status after this epoch: 
Memory allocated:  405.62841796875
Memory cached:  786.0
	 epoch  60 training error:  tensor(0.3361, device='cuda:0', grad_fn=<DivBackward0>)
	 epoch  60 test error:  tensor(0.0317, device='cuda:0', grad_fn=<DivBackward0>)
Memory status after this epoch: 
Memory allocated:  403.75341796875
Memory cached:  786.0
	 epoch  70 training error:  tensor(0.3360, device='cuda:0', grad_fn=<DivBackward0>)
	 epoch  70 test error:  tensor(0.0314, device='cuda:0', grad_fn=<DivBackward0>)
Memory status after this epoch: 
Memory allocated:  405.62841796875
Memory cached:  786.0
	 epoch  80 training error:  tensor(0.3342, device='cuda:0', grad_fn=<DivBackward0>)
	 epoch  80 test error:  tensor(0.0321, device='cuda:0', grad_fn=<DivBackward0>)
Memory status after this epoch: 
Memory allocated:  403.75341796875
Memory cached:  786.0
	 epoch  90 training error:  tensor(0.3337, device='cuda:0', grad_fn=<DivBackward0>)
	 epoch  90 test error:  tensor(0.0319, device='cuda:0', grad_fn=<DivBackward0>)
Memory status after this epoch: 
Memory allocated:  405.62841796875
Memory cached:  786.0
[I 2023-11-16 01:43:48,813] Trial 13 finished with value: 0.03177197650074959 and parameters: {'W_layers': 8, 'W_layer_units_exponent_0': 5, 'W_layer_units_exponent_1': 4, 'W_layer_units_exponent_2': 8, 'W_layer_units_exponent_3': 9, 'W_layer_units_exponent_4': 5, 'W_layer_units_exponent_5': 8, 'W_layer_units_exponent_6': 4, 'W_layer_units_exponent_7': 4, 'D_layers': 4, 'D_layer_units_exponent_0': 6, 'D_layer_units_exponent_1': 6, 'D_layer_units_exponent_2': 8, 'D_layer_units_exponent_3': 4, 'log_learning_rate': -3.5441370191819836, 'log_learning_rate_D': -3.7783896946730415, 'training_batch_size': 6, 'training_p': 7}. Best is trial 11 with value: 0.03164440765976906.
Time for this trial:  293.7434206008911
Memory status after this trial: 
Memory allocated:  775.47607421875
Memory cached:  786.0
--------------------  Trial  14   --------------------
Start timing: 
Parameters: 
{'W_layers': 4, 'W_layer_units_exponent_0': 4, 'W_layer_units_exponent_1': 6, 'W_layer_units_exponent_2': 10, 'W_layer_units_exponent_3': 9, 'D_layers': 3, 'D_layer_units_exponent_0': 7, 'D_layer_units_exponent_1': 9, 'D_layer_units_exponent_2': 9, 'log_learning_rate': -4.9942320546519845, 'log_learning_rate_D': -2.533865104152066, 'training_batch_size': 7, 'training_p': 8}
	 epoch  0 training error:  tensor(0.9137, device='cuda:0', grad_fn=<DivBackward0>)
	 epoch  0 test error:  tensor(0.0677, device='cuda:0', grad_fn=<DivBackward0>)
Memory status after this epoch: 
Memory allocated:  481.4736328125
Memory cached:  778.0
	 epoch  10 training error:  tensor(0.8271, device='cuda:0', grad_fn=<DivBackward0>)
	 epoch  10 test error:  tensor(0.0709, device='cuda:0', grad_fn=<DivBackward0>)
Memory status after this epoch: 
Memory allocated:  480.4423828125
Memory cached:  936.0
	 epoch  20 training error:  tensor(0.8093, device='cuda:0', grad_fn=<DivBackward0>)
	 epoch  20 test error:  tensor(0.0740, device='cuda:0', grad_fn=<DivBackward0>)
Memory status after this epoch: 
Memory allocated:  481.4736328125
Memory cached:  940.0
	 epoch  30 training error:  tensor(0.8123, device='cuda:0', grad_fn=<DivBackward0>)
	 epoch  30 test error:  tensor(0.0723, device='cuda:0', grad_fn=<DivBackward0>)
Memory status after this epoch: 
Memory allocated:  480.4423828125
Memory cached:  940.0
	 epoch  40 training error:  tensor(0.8082, device='cuda:0', grad_fn=<DivBackward0>)
	 epoch  40 test error:  tensor(0.0704, device='cuda:0', grad_fn=<DivBackward0>)
Memory status after this epoch: 
Memory allocated:  481.4736328125
Memory cached:  940.0
	 epoch  50 training error:  tensor(0.8082, device='cuda:0', grad_fn=<DivBackward0>)
	 epoch  50 test error:  tensor(0.0714, device='cuda:0', grad_fn=<DivBackward0>)
Memory status after this epoch: 
Memory allocated:  480.4423828125
Memory cached:  942.0
	 epoch  60 training error:  tensor(0.8081, device='cuda:0', grad_fn=<DivBackward0>)
	 epoch  60 test error:  tensor(0.0713, device='cuda:0', grad_fn=<DivBackward0>)
Memory status after this epoch: 
Memory allocated:  481.4736328125
Memory cached:  942.0
	 epoch  70 training error:  tensor(0.8080, device='cuda:0', grad_fn=<DivBackward0>)
	 epoch  70 test error:  tensor(0.0712, device='cuda:0', grad_fn=<DivBackward0>)
Memory status after this epoch: 
Memory allocated:  480.4423828125
Memory cached:  940.0
	 epoch  80 training error:  tensor(0.8080, device='cuda:0', grad_fn=<DivBackward0>)
	 epoch  80 test error:  tensor(0.0712, device='cuda:0', grad_fn=<DivBackward0>)
Memory status after this epoch: 
Memory allocated:  481.4736328125
Memory cached:  940.0
	 epoch  90 training error:  tensor(0.8080, device='cuda:0', grad_fn=<DivBackward0>)
	 epoch  90 test error:  tensor(0.0713, device='cuda:0', grad_fn=<DivBackward0>)
Memory status after this epoch: 
Memory allocated:  480.4423828125
Memory cached:  940.0
[I 2023-11-16 01:46:06,592] Trial 14 finished with value: 0.07120595872402191 and parameters: {'W_layers': 4, 'W_layer_units_exponent_0': 4, 'W_layer_units_exponent_1': 6, 'W_layer_units_exponent_2': 10, 'W_layer_units_exponent_3': 9, 'D_layers': 3, 'D_layer_units_exponent_0': 7, 'D_layer_units_exponent_1': 9, 'D_layer_units_exponent_2': 9, 'log_learning_rate': -4.9942320546519845, 'log_learning_rate_D': -2.533865104152066, 'training_batch_size': 7, 'training_p': 8}. Best is trial 11 with value: 0.03164440765976906.
Time for this trial:  137.56928038597107
Memory status after this trial: 
Memory allocated:  910.34814453125
Memory cached:  940.0
--------------------  Trial  15   --------------------
Start timing: 
Parameters: 
{'W_layers': 7, 'W_layer_units_exponent_0': 6, 'W_layer_units_exponent_1': 6, 'W_layer_units_exponent_2': 6, 'W_layer_units_exponent_3': 9, 'W_layer_units_exponent_4': 6, 'W_layer_units_exponent_5': 8, 'W_layer_units_exponent_6': 10, 'D_layers': 4, 'D_layer_units_exponent_0': 4, 'D_layer_units_exponent_1': 8, 'D_layer_units_exponent_2': 6, 'D_layer_units_exponent_3': 9, 'log_learning_rate': -4.5124345027313, 'log_learning_rate_D': -2.492659362064, 'training_batch_size': 8, 'training_p': 7}
	 epoch  0 training error:  tensor(1.1557, device='cuda:0', grad_fn=<DivBackward0>)
	 epoch  0 test error:  tensor(0.0720, device='cuda:0', grad_fn=<DivBackward0>)
Memory status after this epoch: 
Memory allocated:  479.81201171875
Memory cached:  754.0
	 epoch  10 training error:  tensor(0.6731, device='cuda:0', grad_fn=<DivBackward0>)
	 epoch  10 test error:  tensor(0.0548, device='cuda:0', grad_fn=<DivBackward0>)
Memory status after this epoch: 
Memory allocated:  480.56201171875
Memory cached:  934.0
	 epoch  20 training error:  tensor(0.4223, device='cuda:0', grad_fn=<DivBackward0>)
	 epoch  20 test error:  tensor(0.0401, device='cuda:0', grad_fn=<DivBackward0>)
Memory status after this epoch: 
Memory allocated:  479.81201171875
Memory cached:  934.0
	 epoch  30 training error:  tensor(0.3704, device='cuda:0', grad_fn=<DivBackward0>)
	 epoch  30 test error:  tensor(0.0329, device='cuda:0', grad_fn=<DivBackward0>)
Memory status after this epoch: 
Memory allocated:  480.56201171875
Memory cached:  934.0
	 epoch  40 training error:  tensor(0.3454, device='cuda:0', grad_fn=<DivBackward0>)
	 epoch  40 test error:  tensor(0.0330, device='cuda:0', grad_fn=<DivBackward0>)
Memory status after this epoch: 
Memory allocated:  479.81201171875
Memory cached:  934.0
	 epoch  50 training error:  tensor(0.3394, device='cuda:0', grad_fn=<DivBackward0>)
	 epoch  50 test error:  tensor(0.0313, device='cuda:0', grad_fn=<DivBackward0>)
Memory status after this epoch: 
Memory allocated:  480.56201171875
Memory cached:  934.0
	 epoch  60 training error:  tensor(0.3354, device='cuda:0', grad_fn=<DivBackward0>)
	 epoch  60 test error:  tensor(0.0318, device='cuda:0', grad_fn=<DivBackward0>)
Memory status after this epoch: 
Memory allocated:  479.81201171875
Memory cached:  934.0
	 epoch  70 training error:  tensor(0.3342, device='cuda:0', grad_fn=<DivBackward0>)
	 epoch  70 test error:  tensor(0.0319, device='cuda:0', grad_fn=<DivBackward0>)
Memory status after this epoch: 
Memory allocated:  480.56201171875
Memory cached:  934.0
	 epoch  80 training error:  tensor(0.3333, device='cuda:0', grad_fn=<DivBackward0>)
	 epoch  80 test error:  tensor(0.0318, device='cuda:0', grad_fn=<DivBackward0>)
Memory status after this epoch: 
Memory allocated:  479.81201171875
Memory cached:  934.0
	 epoch  90 training error:  tensor(0.3326, device='cuda:0', grad_fn=<DivBackward0>)
	 epoch  90 test error:  tensor(0.0317, device='cuda:0', grad_fn=<DivBackward0>)
Memory status after this epoch: 
Memory allocated:  480.56201171875
Memory cached:  934.0
[I 2023-11-16 01:48:57,305] Trial 15 finished with value: 0.031718265265226364 and parameters: {'W_layers': 7, 'W_layer_units_exponent_0': 6, 'W_layer_units_exponent_1': 6, 'W_layer_units_exponent_2': 6, 'W_layer_units_exponent_3': 9, 'W_layer_units_exponent_4': 6, 'W_layer_units_exponent_5': 8, 'W_layer_units_exponent_6': 10, 'D_layers': 4, 'D_layer_units_exponent_0': 4, 'D_layer_units_exponent_1': 8, 'D_layer_units_exponent_2': 6, 'D_layer_units_exponent_3': 9, 'log_learning_rate': -4.5124345027313, 'log_learning_rate_D': -2.492659362064, 'training_batch_size': 8, 'training_p': 7}. Best is trial 11 with value: 0.03164440765976906.
Time for this trial:  170.47155451774597
Memory status after this trial: 
Memory allocated:  921.46533203125
Memory cached:  934.0
--------------------  Trial  16   --------------------
Start timing: 
Parameters: 
{'W_layers': 7, 'W_layer_units_exponent_0': 9, 'W_layer_units_exponent_1': 4, 'W_layer_units_exponent_2': 9, 'W_layer_units_exponent_3': 10, 'W_layer_units_exponent_4': 4, 'W_layer_units_exponent_5': 10, 'W_layer_units_exponent_6': 7, 'D_layers': 2, 'D_layer_units_exponent_0': 5, 'D_layer_units_exponent_1': 6, 'log_learning_rate': -3.3947244613875447, 'log_learning_rate_D': -3.7273579990432237, 'training_batch_size': 9, 'training_p': 6}
	 epoch  0 training error:  tensor(1.0491, device='cuda:0', grad_fn=<DivBackward0>)
	 epoch  0 test error:  tensor(0.5253, device='cuda:0', grad_fn=<DivBackward0>)
Memory status after this epoch: 
Memory allocated:  508.19189453125
Memory cached:  810.0
	 epoch  10 training error:  tensor(0.9366, device='cuda:0', grad_fn=<DivBackward0>)
	 epoch  10 test error:  tensor(0.0707, device='cuda:0', grad_fn=<DivBackward0>)
Memory status after this epoch: 
Memory allocated:  507.95751953125
Memory cached:  998.0
	 epoch  20 training error:  tensor(0.8406, device='cuda:0', grad_fn=<DivBackward0>)
	 epoch  20 test error:  tensor(0.0705, device='cuda:0', grad_fn=<DivBackward0>)
Memory status after this epoch: 
Memory allocated:  508.52001953125
Memory cached:  1000.0
	 epoch  30 training error:  tensor(0.8456, device='cuda:0', grad_fn=<DivBackward0>)
	 epoch  30 test error:  tensor(0.0684, device='cuda:0', grad_fn=<DivBackward0>)
Memory status after this epoch: 
Memory allocated:  507.95751953125
Memory cached:  998.0
	 epoch  40 training error:  tensor(0.8292, device='cuda:0', grad_fn=<DivBackward0>)
	 epoch  40 test error:  tensor(0.0695, device='cuda:0', grad_fn=<DivBackward0>)
Memory status after this epoch: 
Memory allocated:  508.52001953125
Memory cached:  1000.0
	 epoch  50 training error:  tensor(0.8242, device='cuda:0', grad_fn=<DivBackward0>)
	 epoch  50 test error:  tensor(0.0700, device='cuda:0', grad_fn=<DivBackward0>)
Memory status after this epoch: 
Memory allocated:  507.95751953125
Memory cached:  1000.0
	 epoch  60 training error:  tensor(0.8020, device='cuda:0', grad_fn=<DivBackward0>)
	 epoch  60 test error:  tensor(0.0674, device='cuda:0', grad_fn=<DivBackward0>)
Memory status after this epoch: 
Memory allocated:  508.52001953125
Memory cached:  1000.0
	 epoch  70 training error:  tensor(0.6800, device='cuda:0', grad_fn=<DivBackward0>)
	 epoch  70 test error:  tensor(0.0543, device='cuda:0', grad_fn=<DivBackward0>)
Memory status after this epoch: 
Memory allocated:  507.95751953125
Memory cached:  1000.0
	 epoch  80 training error:  tensor(0.7916, device='cuda:0', grad_fn=<DivBackward0>)
	 epoch  80 test error:  tensor(0.0550, device='cuda:0', grad_fn=<DivBackward0>)
Memory status after this epoch: 
Memory allocated:  508.52001953125
Memory cached:  1000.0
	 epoch  90 training error:  tensor(0.7382, device='cuda:0', grad_fn=<DivBackward0>)
	 epoch  90 test error:  tensor(0.0589, device='cuda:0', grad_fn=<DivBackward0>)
Memory status after this epoch: 
Memory allocated:  507.95751953125
Memory cached:  1000.0
[I 2023-11-16 01:51:33,861] Trial 16 finished with value: 0.04364114627242088 and parameters: {'W_layers': 7, 'W_layer_units_exponent_0': 9, 'W_layer_units_exponent_1': 4, 'W_layer_units_exponent_2': 9, 'W_layer_units_exponent_3': 10, 'W_layer_units_exponent_4': 4, 'W_layer_units_exponent_5': 10, 'W_layer_units_exponent_6': 7, 'D_layers': 2, 'D_layer_units_exponent_0': 5, 'D_layer_units_exponent_1': 6, 'log_learning_rate': -3.3947244613875447, 'log_learning_rate_D': -3.7273579990432237, 'training_batch_size': 9, 'training_p': 6}. Best is trial 11 with value: 0.03164440765976906.
Time for this trial:  156.312002658844
Memory status after this trial: 
Memory allocated:  969.92822265625
Memory cached:  998.0
--------------------  Trial  17   --------------------
Start timing: 
Parameters: 
{'W_layers': 4, 'W_layer_units_exponent_0': 6, 'W_layer_units_exponent_1': 7, 'W_layer_units_exponent_2': 6, 'W_layer_units_exponent_3': 8, 'D_layers': 4, 'D_layer_units_exponent_0': 8, 'D_layer_units_exponent_1': 10, 'D_layer_units_exponent_2': 9, 'D_layer_units_exponent_3': 4, 'log_learning_rate': -4.306926489998953, 'log_learning_rate_D': -4.383446383604528, 'training_batch_size': 7, 'training_p': 4}
	 epoch  0 training error:  tensor(1.4794, device='cuda:0', grad_fn=<DivBackward0>)
	 epoch  0 test error:  tensor(0.0862, device='cuda:0', grad_fn=<DivBackward0>)
Memory status after this epoch: 
Memory allocated:  454.76025390625
Memory cached:  740.0
	 epoch  10 training error:  tensor(0.8720, device='cuda:0', grad_fn=<DivBackward0>)
	 epoch  10 test error:  tensor(0.0657, device='cuda:0', grad_fn=<DivBackward0>)
Memory status after this epoch: 
Memory allocated:  456.49462890625
Memory cached:  874.0
	 epoch  20 training error:  tensor(0.7453, device='cuda:0', grad_fn=<DivBackward0>)
	 epoch  20 test error:  tensor(0.0574, device='cuda:0', grad_fn=<DivBackward0>)
Memory status after this epoch: 
Memory allocated:  454.76025390625
Memory cached:  874.0
	 epoch  30 training error:  tensor(0.6053, device='cuda:0', grad_fn=<DivBackward0>)
	 epoch  30 test error:  tensor(0.0475, device='cuda:0', grad_fn=<DivBackward0>)
Memory status after this epoch: 
Memory allocated:  456.49462890625
Memory cached:  874.0
	 epoch  40 training error:  tensor(0.4277, device='cuda:0', grad_fn=<DivBackward0>)
	 epoch  40 test error:  tensor(0.0350, device='cuda:0', grad_fn=<DivBackward0>)
Memory status after this epoch: 
Memory allocated:  454.76025390625
Memory cached:  874.0
	 epoch  50 training error:  tensor(0.3937, device='cuda:0', grad_fn=<DivBackward0>)
	 epoch  50 test error:  tensor(0.0313, device='cuda:0', grad_fn=<DivBackward0>)
Memory status after this epoch: 
Memory allocated:  456.49462890625
Memory cached:  874.0
	 epoch  60 training error:  tensor(0.3789, device='cuda:0', grad_fn=<DivBackward0>)
	 epoch  60 test error:  tensor(0.0315, device='cuda:0', grad_fn=<DivBackward0>)
Memory status after this epoch: 
Memory allocated:  454.76025390625
Memory cached:  874.0
	 epoch  70 training error:  tensor(0.3746, device='cuda:0', grad_fn=<DivBackward0>)
	 epoch  70 test error:  tensor(0.0330, device='cuda:0', grad_fn=<DivBackward0>)
Memory status after this epoch: 
Memory allocated:  456.49462890625
Memory cached:  874.0
	 epoch  80 training error:  tensor(0.3700, device='cuda:0', grad_fn=<DivBackward0>)
	 epoch  80 test error:  tensor(0.0320, device='cuda:0', grad_fn=<DivBackward0>)
Memory status after this epoch: 
Memory allocated:  454.76025390625
Memory cached:  874.0
	 epoch  90 training error:  tensor(0.3688, device='cuda:0', grad_fn=<DivBackward0>)
	 epoch  90 test error:  tensor(0.0316, device='cuda:0', grad_fn=<DivBackward0>)
Memory status after this epoch: 
Memory allocated:  456.49462890625
Memory cached:  874.0
