[I 2023-11-16 04:46:51,696] Trial 27 finished with value: 0.07191386818885803 and parameters: {'W_layers': 2, 'W_layer_units_exponent_0': 8, 'W_layer_units_exponent_1': 7, 'D_layers': 8, 'D_layer_units_exponent_0': 8, 'D_layer_units_exponent_1': 7, 'D_layer_units_exponent_2': 8, 'D_layer_units_exponent_3': 7, 'D_layer_units_exponent_4': 8, 'D_layer_units_exponent_5': 5, 'D_layer_units_exponent_6': 5, 'D_layer_units_exponent_7': 7, 'log_learning_rate': -2.4267452690351945, 'log_learning_rate_D': -2.584817203102867, 'training_batch_size': 7, 'training_p': 8}. Best is trial 9 with value: 0.03132004663348198.
Time for this trial:  150.06159353256226
Memory status after this trial: 
Memory allocated:  780.36376953125
Memory cached:  788.0
--------------------  Trial  28   --------------------
Start timing: 
Parameters: 
{'W_layers': 5, 'W_layer_units_exponent_0': 9, 'W_layer_units_exponent_1': 6, 'W_layer_units_exponent_2': 8, 'W_layer_units_exponent_3': 8, 'W_layer_units_exponent_4': 8, 'D_layers': 7, 'D_layer_units_exponent_0': 10, 'D_layer_units_exponent_1': 5, 'D_layer_units_exponent_2': 9, 'D_layer_units_exponent_3': 8, 'D_layer_units_exponent_4': 5, 'D_layer_units_exponent_5': 8, 'D_layer_units_exponent_6': 5, 'log_learning_rate': -2.8548148423416544, 'log_learning_rate_D': -2.4182128876571034, 'training_batch_size': 9, 'training_p': 7}
	 epoch  0 training error:  tensor(1.7345, device='cuda:0', grad_fn=<DivBackward0>)
	 epoch  0 test error:  tensor(1.7468, device='cuda:0', grad_fn=<DivBackward0>)
Memory status after this epoch: 
Memory allocated:  512.78076171875
Memory cached:  796.0
	 epoch  10 training error:  tensor(0.9024, device='cuda:0', grad_fn=<DivBackward0>)
	 epoch  10 test error:  tensor(0.0436, device='cuda:0', grad_fn=<DivBackward0>)
Memory status after this epoch: 
Memory allocated:  510.67138671875
Memory cached:  992.0
	 epoch  20 training error:  tensor(0.4257, device='cuda:0', grad_fn=<DivBackward0>)
	 epoch  20 test error:  tensor(0.0393, device='cuda:0', grad_fn=<DivBackward0>)
Memory status after this epoch: 
Memory allocated:  512.78076171875
Memory cached:  992.0
	 epoch  30 training error:  tensor(0.3756, device='cuda:0', grad_fn=<DivBackward0>)
	 epoch  30 test error:  tensor(0.0328, device='cuda:0', grad_fn=<DivBackward0>)
Memory status after this epoch: 
Memory allocated:  510.67138671875
Memory cached:  992.0
	 epoch  40 training error:  tensor(0.3410, device='cuda:0', grad_fn=<DivBackward0>)
	 epoch  40 test error:  tensor(0.0333, device='cuda:0', grad_fn=<DivBackward0>)
Memory status after this epoch: 
Memory allocated:  512.78076171875
Memory cached:  992.0
	 epoch  50 training error:  tensor(0.3338, device='cuda:0', grad_fn=<DivBackward0>)
	 epoch  50 test error:  tensor(0.0324, device='cuda:0', grad_fn=<DivBackward0>)
Memory status after this epoch: 
Memory allocated:  510.67138671875
Memory cached:  992.0
	 epoch  60 training error:  tensor(0.3318, device='cuda:0', grad_fn=<DivBackward0>)
	 epoch  60 test error:  tensor(0.0320, device='cuda:0', grad_fn=<DivBackward0>)
Memory status after this epoch: 
Memory allocated:  512.78076171875
Memory cached:  994.0
	 epoch  70 training error:  tensor(0.3315, device='cuda:0', grad_fn=<DivBackward0>)
	 epoch  70 test error:  tensor(0.0319, device='cuda:0', grad_fn=<DivBackward0>)
Memory status after this epoch: 
Memory allocated:  510.67138671875
Memory cached:  992.0
	 epoch  80 training error:  tensor(0.3311, device='cuda:0', grad_fn=<DivBackward0>)
	 epoch  80 test error:  tensor(0.0319, device='cuda:0', grad_fn=<DivBackward0>)
Memory status after this epoch: 
Memory allocated:  512.78076171875
Memory cached:  994.0
	 epoch  90 training error:  tensor(0.3311, device='cuda:0', grad_fn=<DivBackward0>)
	 epoch  90 test error:  tensor(0.0318, device='cuda:0', grad_fn=<DivBackward0>)
Memory status after this epoch: 
Memory allocated:  510.67138671875
Memory cached:  994.0
[I 2023-11-16 04:49:50,183] Trial 28 finished with value: 0.03178885206580162 and parameters: {'W_layers': 5, 'W_layer_units_exponent_0': 9, 'W_layer_units_exponent_1': 6, 'W_layer_units_exponent_2': 8, 'W_layer_units_exponent_3': 8, 'W_layer_units_exponent_4': 8, 'D_layers': 7, 'D_layer_units_exponent_0': 10, 'D_layer_units_exponent_1': 5, 'D_layer_units_exponent_2': 9, 'D_layer_units_exponent_3': 8, 'D_layer_units_exponent_4': 5, 'D_layer_units_exponent_5': 8, 'D_layer_units_exponent_6': 5, 'log_learning_rate': -2.8548148423416544, 'log_learning_rate_D': -2.4182128876571034, 'training_batch_size': 9, 'training_p': 7}. Best is trial 9 with value: 0.03132004663348198.
Time for this trial:  178.1905767917633
Memory status after this trial: 
Memory allocated:  982.65283203125
Memory cached:  994.0
--------------------  Trial  29   --------------------
Start timing: 
Parameters: 
{'W_layers': 4, 'W_layer_units_exponent_0': 7, 'W_layer_units_exponent_1': 7, 'W_layer_units_exponent_2': 10, 'W_layer_units_exponent_3': 7, 'D_layers': 7, 'D_layer_units_exponent_0': 10, 'D_layer_units_exponent_1': 4, 'D_layer_units_exponent_2': 10, 'D_layer_units_exponent_3': 7, 'D_layer_units_exponent_4': 10, 'D_layer_units_exponent_5': 5, 'D_layer_units_exponent_6': 7, 'log_learning_rate': -2.7859746459328787, 'log_learning_rate_D': -2.069702293694304, 'training_batch_size': 6, 'training_p': 4}
	 epoch  0 training error:  tensor(8.6125, device='cuda:0', grad_fn=<DivBackward0>)
	 epoch  0 test error:  tensor(2.5752, device='cuda:0', grad_fn=<DivBackward0>)
Memory status after this epoch: 
Memory allocated:  582.83203125
Memory cached:  868.0
	 epoch  10 training error:  tensor(1.0032, device='cuda:0', grad_fn=<DivBackward0>)
	 epoch  10 test error:  tensor(0.0731, device='cuda:0', grad_fn=<DivBackward0>)
Memory status after this epoch: 
Memory allocated:  584.94140625
Memory cached:  1132.0
	 epoch  20 training error:  tensor(1.0002, device='cuda:0', grad_fn=<DivBackward0>)
	 epoch  20 test error:  tensor(0.0731, device='cuda:0', grad_fn=<DivBackward0>)
Memory status after this epoch: 
Memory allocated:  582.83203125
Memory cached:  1132.0
	 epoch  30 training error:  tensor(1.0001, device='cuda:0', grad_fn=<DivBackward0>)
	 epoch  30 test error:  tensor(0.0730, device='cuda:0', grad_fn=<DivBackward0>)
Memory status after this epoch: 
Memory allocated:  584.94140625
Memory cached:  1132.0
	 epoch  40 training error:  tensor(1.0001, device='cuda:0', grad_fn=<DivBackward0>)
	 epoch  40 test error:  tensor(0.0730, device='cuda:0', grad_fn=<DivBackward0>)
Memory status after this epoch: 
Memory allocated:  582.83203125
Memory cached:  1132.0
	 epoch  50 training error:  tensor(1.0001, device='cuda:0', grad_fn=<DivBackward0>)
	 epoch  50 test error:  tensor(0.0730, device='cuda:0', grad_fn=<DivBackward0>)
Memory status after this epoch: 
Memory allocated:  584.94140625
Memory cached:  1132.0
	 epoch  60 training error:  tensor(1.0001, device='cuda:0', grad_fn=<DivBackward0>)
	 epoch  60 test error:  tensor(0.0730, device='cuda:0', grad_fn=<DivBackward0>)
Memory status after this epoch: 
Memory allocated:  582.83203125
Memory cached:  1132.0
	 epoch  70 training error:  tensor(1.0001, device='cuda:0', grad_fn=<DivBackward0>)
	 epoch  70 test error:  tensor(0.0730, device='cuda:0', grad_fn=<DivBackward0>)
Memory status after this epoch: 
Memory allocated:  584.94140625
Memory cached:  1132.0
	 epoch  80 training error:  tensor(1.0001, device='cuda:0', grad_fn=<DivBackward0>)
	 epoch  80 test error:  tensor(0.0730, device='cuda:0', grad_fn=<DivBackward0>)
Memory status after this epoch: 
Memory allocated:  582.83203125
Memory cached:  1132.0
	 epoch  90 training error:  tensor(1.0001, device='cuda:0', grad_fn=<DivBackward0>)
	 epoch  90 test error:  tensor(0.0730, device='cuda:0', grad_fn=<DivBackward0>)
Memory status after this epoch: 
Memory allocated:  584.94140625
Memory cached:  1132.0
[I 2023-11-16 04:54:46,225] Trial 29 finished with value: 0.07304748147726059 and parameters: {'W_layers': 4, 'W_layer_units_exponent_0': 7, 'W_layer_units_exponent_1': 7, 'W_layer_units_exponent_2': 10, 'W_layer_units_exponent_3': 7, 'D_layers': 7, 'D_layer_units_exponent_0': 10, 'D_layer_units_exponent_1': 4, 'D_layer_units_exponent_2': 10, 'D_layer_units_exponent_3': 7, 'D_layer_units_exponent_4': 10, 'D_layer_units_exponent_5': 5, 'D_layer_units_exponent_6': 7, 'log_learning_rate': -2.7859746459328787, 'log_learning_rate_D': -2.069702293694304, 'training_batch_size': 6, 'training_p': 4}. Best is trial 9 with value: 0.03132004663348198.
Time for this trial:  295.7561688423157
Memory status after this trial: 
Memory allocated:  1121.82080078125
Memory cached:  1132.0
--------------------  Trial  30   --------------------
Start timing: 
Parameters: 
{'W_layers': 7, 'W_layer_units_exponent_0': 5, 'W_layer_units_exponent_1': 7, 'W_layer_units_exponent_2': 9, 'W_layer_units_exponent_3': 5, 'W_layer_units_exponent_4': 10, 'W_layer_units_exponent_5': 6, 'W_layer_units_exponent_6': 8, 'D_layers': 5, 'D_layer_units_exponent_0': 6, 'D_layer_units_exponent_1': 6, 'D_layer_units_exponent_2': 7, 'D_layer_units_exponent_3': 6, 'D_layer_units_exponent_4': 5, 'log_learning_rate': -2.5140122088633046, 'log_learning_rate_D': -2.856858041197071, 'training_batch_size': 7, 'training_p': 5}
	 epoch  0 training error:  tensor(1.1546, device='cuda:0', grad_fn=<DivBackward0>)
	 epoch  0 test error:  tensor(0.5961, device='cuda:0', grad_fn=<DivBackward0>)
Memory status after this epoch: 
Memory allocated:  453.09912109375
Memory cached:  736.0
	 epoch  10 training error:  tensor(1.1955, device='cuda:0', grad_fn=<DivBackward0>)
	 epoch  10 test error:  tensor(0.0970, device='cuda:0', grad_fn=<DivBackward0>)
Memory status after this epoch: 
Memory allocated:  450.98974609375
Memory cached:  874.0
	 epoch  20 training error:  tensor(0.7798, device='cuda:0', grad_fn=<DivBackward0>)
	 epoch  20 test error:  tensor(0.0587, device='cuda:0', grad_fn=<DivBackward0>)
Memory status after this epoch: 
Memory allocated:  453.09912109375
Memory cached:  876.0
	 epoch  30 training error:  tensor(0.4974, device='cuda:0', grad_fn=<DivBackward0>)
	 epoch  30 test error:  tensor(0.0423, device='cuda:0', grad_fn=<DivBackward0>)
Memory status after this epoch: 
Memory allocated:  450.98974609375
Memory cached:  874.0
	 epoch  40 training error:  tensor(0.4700, device='cuda:0', grad_fn=<DivBackward0>)
	 epoch  40 test error:  tensor(0.0408, device='cuda:0', grad_fn=<DivBackward0>)
Memory status after this epoch: 
Memory allocated:  453.09912109375
Memory cached:  876.0
	 epoch  50 training error:  tensor(0.4523, device='cuda:0', grad_fn=<DivBackward0>)
	 epoch  50 test error:  tensor(0.0391, device='cuda:0', grad_fn=<DivBackward0>)
Memory status after this epoch: 
Memory allocated:  450.98974609375
Memory cached:  878.0
	 epoch  60 training error:  tensor(0.4340, device='cuda:0', grad_fn=<DivBackward0>)
	 epoch  60 test error:  tensor(0.0379, device='cuda:0', grad_fn=<DivBackward0>)
Memory status after this epoch: 
Memory allocated:  453.09912109375
Memory cached:  876.0
	 epoch  70 training error:  tensor(0.3813, device='cuda:0', grad_fn=<DivBackward0>)
	 epoch  70 test error:  tensor(0.0340, device='cuda:0', grad_fn=<DivBackward0>)
Memory status after this epoch: 
Memory allocated:  450.98974609375
Memory cached:  876.0
	 epoch  80 training error:  tensor(0.3583, device='cuda:0', grad_fn=<DivBackward0>)
	 epoch  80 test error:  tensor(0.0319, device='cuda:0', grad_fn=<DivBackward0>)
Memory status after this epoch: 
Memory allocated:  453.09912109375
Memory cached:  876.0
	 epoch  90 training error:  tensor(0.3578, device='cuda:0', grad_fn=<DivBackward0>)
	 epoch  90 test error:  tensor(0.0319, device='cuda:0', grad_fn=<DivBackward0>)
Memory status after this epoch: 
Memory allocated:  450.98974609375
Memory cached:  874.0
[I 2023-11-16 04:57:40,398] Trial 30 finished with value: 0.03192836046218872 and parameters: {'W_layers': 7, 'W_layer_units_exponent_0': 5, 'W_layer_units_exponent_1': 7, 'W_layer_units_exponent_2': 9, 'W_layer_units_exponent_3': 5, 'W_layer_units_exponent_4': 10, 'W_layer_units_exponent_5': 6, 'W_layer_units_exponent_6': 8, 'D_layers': 5, 'D_layer_units_exponent_0': 6, 'D_layer_units_exponent_1': 6, 'D_layer_units_exponent_2': 7, 'D_layer_units_exponent_3': 6, 'D_layer_units_exponent_4': 5, 'log_learning_rate': -2.5140122088633046, 'log_learning_rate_D': -2.856858041197071, 'training_batch_size': 7, 'training_p': 5}. Best is trial 9 with value: 0.03132004663348198.
Time for this trial:  173.9096097946167
Memory status after this trial: 
Memory allocated:  867.08935546875
Memory cached:  874.0
--------------------  Trial  31   --------------------
Start timing: 
Parameters: 
{'W_layers': 5, 'W_layer_units_exponent_0': 6, 'W_layer_units_exponent_1': 5, 'W_layer_units_exponent_2': 10, 'W_layer_units_exponent_3': 4, 'W_layer_units_exponent_4': 5, 'D_layers': 7, 'D_layer_units_exponent_0': 7, 'D_layer_units_exponent_1': 7, 'D_layer_units_exponent_2': 9, 'D_layer_units_exponent_3': 5, 'D_layer_units_exponent_4': 8, 'D_layer_units_exponent_5': 4, 'D_layer_units_exponent_6': 5, 'log_learning_rate': -3.3056794778806564, 'log_learning_rate_D': -3.130540464805904, 'training_batch_size': 6, 'training_p': 7}
	 epoch  0 training error:  tensor(1.8281, device='cuda:0', grad_fn=<DivBackward0>)
	 epoch  0 test error:  tensor(0.3483, device='cuda:0', grad_fn=<DivBackward0>)
Memory status after this epoch: 
Memory allocated:  443.17236328125
Memory cached:  728.0
	 epoch  10 training error:  tensor(0.5418, device='cuda:0', grad_fn=<DivBackward0>)
	 epoch  10 test error:  tensor(0.0536, device='cuda:0', grad_fn=<DivBackward0>)
Memory status after this epoch: 
Memory allocated:  445.28173828125
Memory cached:  860.0
	 epoch  20 training error:  tensor(0.4058, device='cuda:0', grad_fn=<DivBackward0>)
	 epoch  20 test error:  tensor(0.0328, device='cuda:0', grad_fn=<DivBackward0>)
Memory status after this epoch: 
Memory allocated:  443.17236328125
Memory cached:  860.0
	 epoch  30 training error:  tensor(0.3404, device='cuda:0', grad_fn=<DivBackward0>)
	 epoch  30 test error:  tensor(0.0315, device='cuda:0', grad_fn=<DivBackward0>)
Memory status after this epoch: 
Memory allocated:  445.28173828125
Memory cached:  860.0
	 epoch  40 training error:  tensor(0.3351, device='cuda:0', grad_fn=<DivBackward0>)
	 epoch  40 test error:  tensor(0.0319, device='cuda:0', grad_fn=<DivBackward0>)
Memory status after this epoch: 
Memory allocated:  443.17236328125
Memory cached:  860.0
	 epoch  50 training error:  tensor(0.3349, device='cuda:0', grad_fn=<DivBackward0>)
	 epoch  50 test error:  tensor(0.0316, device='cuda:0', grad_fn=<DivBackward0>)
Memory status after this epoch: 
Memory allocated:  445.28173828125
Memory cached:  860.0
	 epoch  60 training error:  tensor(0.3328, device='cuda:0', grad_fn=<DivBackward0>)
	 epoch  60 test error:  tensor(0.0314, device='cuda:0', grad_fn=<DivBackward0>)
Memory status after this epoch: 
Memory allocated:  443.17236328125
Memory cached:  860.0
	 epoch  70 training error:  tensor(0.3416, device='cuda:0', grad_fn=<DivBackward0>)
	 epoch  70 test error:  tensor(0.0316, device='cuda:0', grad_fn=<DivBackward0>)
Memory status after this epoch: 
Memory allocated:  445.28173828125
Memory cached:  860.0
	 epoch  80 training error:  tensor(0.3365, device='cuda:0', grad_fn=<DivBackward0>)
	 epoch  80 test error:  tensor(0.0315, device='cuda:0', grad_fn=<DivBackward0>)
Memory status after this epoch: 
Memory allocated:  443.17236328125
Memory cached:  860.0
	 epoch  90 training error:  tensor(0.3329, device='cuda:0', grad_fn=<DivBackward0>)
	 epoch  90 test error:  tensor(0.0321, device='cuda:0', grad_fn=<DivBackward0>)
Memory status after this epoch: 
Memory allocated:  445.28173828125
Memory cached:  860.0
[I 2023-11-16 05:02:37,230] Trial 31 finished with value: 0.031617410480976105 and parameters: {'W_layers': 5, 'W_layer_units_exponent_0': 6, 'W_layer_units_exponent_1': 5, 'W_layer_units_exponent_2': 10, 'W_layer_units_exponent_3': 4, 'W_layer_units_exponent_4': 5, 'D_layers': 7, 'D_layer_units_exponent_0': 7, 'D_layer_units_exponent_1': 7, 'D_layer_units_exponent_2': 9, 'D_layer_units_exponent_3': 5, 'D_layer_units_exponent_4': 8, 'D_layer_units_exponent_5': 4, 'D_layer_units_exponent_6': 5, 'log_learning_rate': -3.3056794778806564, 'log_learning_rate_D': -3.130540464805904, 'training_batch_size': 6, 'training_p': 7}. Best is trial 9 with value: 0.03132004663348198.
Time for this trial:  296.53806805610657
Memory status after this trial: 
Memory allocated:  852.83447265625
Memory cached:  860.0
--------------------  Trial  32   --------------------
Start timing: 
Parameters: 
{'W_layers': 5, 'W_layer_units_exponent_0': 6, 'W_layer_units_exponent_1': 6, 'W_layer_units_exponent_2': 10, 'W_layer_units_exponent_3': 4, 'W_layer_units_exponent_4': 7, 'D_layers': 6, 'D_layer_units_exponent_0': 7, 'D_layer_units_exponent_1': 7, 'D_layer_units_exponent_2': 9, 'D_layer_units_exponent_3': 4, 'D_layer_units_exponent_4': 9, 'D_layer_units_exponent_5': 4, 'log_learning_rate': -3.6596827560177183, 'log_learning_rate_D': -3.158906858295943, 'training_batch_size': 6, 'training_p': 8}
	 epoch  0 training error:  tensor(1.6784, device='cuda:0', grad_fn=<DivBackward0>)
	 epoch  0 test error:  tensor(0.1322, device='cuda:0', grad_fn=<DivBackward0>)
Memory status after this epoch: 
Memory allocated:  463.7705078125
Memory cached:  746.0
	 epoch  10 training error:  tensor(0.6219, device='cuda:0', grad_fn=<DivBackward0>)
	 epoch  10 test error:  tensor(0.0419, device='cuda:0', grad_fn=<DivBackward0>)
Memory status after this epoch: 
Memory allocated:  461.6611328125
Memory cached:  896.0
	 epoch  20 training error:  tensor(0.4614, device='cuda:0', grad_fn=<DivBackward0>)
	 epoch  20 test error:  tensor(0.0345, device='cuda:0', grad_fn=<DivBackward0>)
Memory status after this epoch: 
Memory allocated:  463.7705078125
Memory cached:  896.0
	 epoch  30 training error:  tensor(0.3362, device='cuda:0', grad_fn=<DivBackward0>)
	 epoch  30 test error:  tensor(0.0321, device='cuda:0', grad_fn=<DivBackward0>)
Memory status after this epoch: 
Memory allocated:  461.6611328125
Memory cached:  896.0
	 epoch  40 training error:  tensor(0.3338, device='cuda:0', grad_fn=<DivBackward0>)
	 epoch  40 test error:  tensor(0.0314, device='cuda:0', grad_fn=<DivBackward0>)
Memory status after this epoch: 
Memory allocated:  463.7705078125
Memory cached:  896.0
	 epoch  50 training error:  tensor(0.3295, device='cuda:0', grad_fn=<DivBackward0>)
	 epoch  50 test error:  tensor(0.0319, device='cuda:0', grad_fn=<DivBackward0>)
Memory status after this epoch: 
Memory allocated:  461.6611328125
Memory cached:  896.0
	 epoch  60 training error:  tensor(0.3284, device='cuda:0', grad_fn=<DivBackward0>)
	 epoch  60 test error:  tensor(0.0316, device='cuda:0', grad_fn=<DivBackward0>)
Memory status after this epoch: 
Memory allocated:  463.7705078125
Memory cached:  896.0
	 epoch  70 training error:  tensor(0.3276, device='cuda:0', grad_fn=<DivBackward0>)
	 epoch  70 test error:  tensor(0.0325, device='cuda:0', grad_fn=<DivBackward0>)
Memory status after this epoch: 
Memory allocated:  461.6611328125
Memory cached:  896.0
	 epoch  80 training error:  tensor(0.3278, device='cuda:0', grad_fn=<DivBackward0>)
	 epoch  80 test error:  tensor(0.0314, device='cuda:0', grad_fn=<DivBackward0>)
Memory status after this epoch: 
Memory allocated:  463.7705078125
Memory cached:  896.0
	 epoch  90 training error:  tensor(0.3276, device='cuda:0', grad_fn=<DivBackward0>)
	 epoch  90 test error:  tensor(0.0319, device='cuda:0', grad_fn=<DivBackward0>)
Memory status after this epoch: 
Memory allocated:  461.6611328125
Memory cached:  896.0
