[I 2023-11-17 12:09:45,750] Trial 33 finished with value: 0.1917627453804016 and parameters: {'W_layers': 8, 'W_layer_units_exponent_0': 10, 'W_layer_units_exponent_1': 10, 'W_layer_units_exponent_2': 10, 'W_layer_units_exponent_3': 9, 'W_layer_units_exponent_4': 4, 'W_layer_units_exponent_5': 9, 'W_layer_units_exponent_6': 6, 'W_layer_units_exponent_7': 6, 'D_layers': 2, 'D_layer_units_exponent_0': 8, 'D_layer_units_exponent_1': 10, 'log_learning_rate': -4.343264903564737, 'log_learning_rate_D': -4.624989508237969, 'training_batch_size': 12, 'training_p': 3}. Best is trial 32 with value: 0.1905340552330017.
Time for this trial:  171.49892807006836
Memory status after this trial: 
Memory allocated:  888.7919921875
Memory cached:  922.0
--------------------  Trial  34   --------------------
Start timing: 
Parameters: 
{'W_layers': 8, 'W_layer_units_exponent_0': 9, 'W_layer_units_exponent_1': 9, 'W_layer_units_exponent_2': 10, 'W_layer_units_exponent_3': 10, 'W_layer_units_exponent_4': 5, 'W_layer_units_exponent_5': 9, 'W_layer_units_exponent_6': 6, 'W_layer_units_exponent_7': 6, 'D_layers': 3, 'D_layer_units_exponent_0': 6, 'D_layer_units_exponent_1': 9, 'D_layer_units_exponent_2': 7, 'log_learning_rate': -4.708199466162661, 'log_learning_rate_D': -4.767340190595207, 'training_batch_size': 12, 'training_p': 4}
	 epoch  0 training error:  tensor(1.0013, device='cuda:0', grad_fn=<DivBackward0>)
	 epoch  0 test error:  tensor(0.1922, device='cuda:0', grad_fn=<DivBackward0>)
Memory status after this epoch: 
Memory allocated:  411.22021484375
Memory cached:  540.0
	 epoch  10 training error:  tensor(0.9918, device='cuda:0', grad_fn=<DivBackward0>)
	 epoch  10 test error:  tensor(0.1915, device='cuda:0', grad_fn=<DivBackward0>)
Memory status after this epoch: 
Memory allocated:  408.54833984375
Memory cached:  790.0
	 epoch  20 training error:  tensor(0.9921, device='cuda:0', grad_fn=<DivBackward0>)
	 epoch  20 test error:  tensor(0.1917, device='cuda:0', grad_fn=<DivBackward0>)
Memory status after this epoch: 
Memory allocated:  411.22021484375
Memory cached:  790.0
	 epoch  30 training error:  tensor(0.9917, device='cuda:0', grad_fn=<DivBackward0>)
	 epoch  30 test error:  tensor(0.1915, device='cuda:0', grad_fn=<DivBackward0>)
Memory status after this epoch: 
Memory allocated:  408.54833984375
Memory cached:  790.0
	 epoch  40 training error:  tensor(0.9915, device='cuda:0', grad_fn=<DivBackward0>)
	 epoch  40 test error:  tensor(0.1917, device='cuda:0', grad_fn=<DivBackward0>)
Memory status after this epoch: 
Memory allocated:  411.22021484375
Memory cached:  790.0
	 epoch  50 training error:  tensor(0.9913, device='cuda:0', grad_fn=<DivBackward0>)
	 epoch  50 test error:  tensor(0.1919, device='cuda:0', grad_fn=<DivBackward0>)
Memory status after this epoch: 
Memory allocated:  408.54833984375
Memory cached:  790.0
	 epoch  60 training error:  tensor(0.9912, device='cuda:0', grad_fn=<DivBackward0>)
	 epoch  60 test error:  tensor(0.1920, device='cuda:0', grad_fn=<DivBackward0>)
Memory status after this epoch: 
Memory allocated:  411.22021484375
Memory cached:  792.0
	 epoch  70 training error:  tensor(0.9910, device='cuda:0', grad_fn=<DivBackward0>)
	 epoch  70 test error:  tensor(0.1923, device='cuda:0', grad_fn=<DivBackward0>)
Memory status after this epoch: 
Memory allocated:  408.54833984375
Memory cached:  790.0
	 epoch  80 training error:  tensor(0.9910, device='cuda:0', grad_fn=<DivBackward0>)
	 epoch  80 test error:  tensor(0.1925, device='cuda:0', grad_fn=<DivBackward0>)
Memory status after this epoch: 
Memory allocated:  411.22021484375
Memory cached:  790.0
	 epoch  90 training error:  tensor(0.9909, device='cuda:0', grad_fn=<DivBackward0>)
	 epoch  90 test error:  tensor(0.1926, device='cuda:0', grad_fn=<DivBackward0>)
Memory status after this epoch: 
Memory allocated:  408.54833984375
Memory cached:  792.0
[I 2023-11-17 12:12:41,099] Trial 34 finished with value: 0.19265155494213104 and parameters: {'W_layers': 8, 'W_layer_units_exponent_0': 9, 'W_layer_units_exponent_1': 9, 'W_layer_units_exponent_2': 10, 'W_layer_units_exponent_3': 10, 'W_layer_units_exponent_4': 5, 'W_layer_units_exponent_5': 9, 'W_layer_units_exponent_6': 6, 'W_layer_units_exponent_7': 6, 'D_layers': 3, 'D_layer_units_exponent_0': 6, 'D_layer_units_exponent_1': 9, 'D_layer_units_exponent_2': 7, 'log_learning_rate': -4.708199466162661, 'log_learning_rate_D': -4.767340190595207, 'training_batch_size': 12, 'training_p': 4}. Best is trial 32 with value: 0.1905340552330017.
Time for this trial:  175.0967080593109
Memory status after this trial: 
Memory allocated:  767.3056640625
Memory cached:  790.0
--------------------  Trial  35   --------------------
Start timing: 
Parameters: 
{'W_layers': 6, 'W_layer_units_exponent_0': 10, 'W_layer_units_exponent_1': 10, 'W_layer_units_exponent_2': 9, 'W_layer_units_exponent_3': 7, 'W_layer_units_exponent_4': 4, 'W_layer_units_exponent_5': 10, 'D_layers': 2, 'D_layer_units_exponent_0': 7, 'D_layer_units_exponent_1': 10, 'log_learning_rate': -4.4362942945687385, 'log_learning_rate_D': -4.501412355845286, 'training_batch_size': 9, 'training_p': 2}
	 epoch  0 training error:  tensor(1.0057, device='cuda:0', grad_fn=<DivBackward0>)
	 epoch  0 test error:  tensor(0.1918, device='cuda:0', grad_fn=<DivBackward0>)
Memory status after this epoch: 
Memory allocated:  428.95751953125
Memory cached:  560.0
	 epoch  10 training error:  tensor(0.9947, device='cuda:0', grad_fn=<DivBackward0>)
	 epoch  10 test error:  tensor(0.1916, device='cuda:0', grad_fn=<DivBackward0>)
Memory status after this epoch: 
Memory allocated:  429.70751953125
Memory cached:  832.0
	 epoch  20 training error:  tensor(0.9944, device='cuda:0', grad_fn=<DivBackward0>)
	 epoch  20 test error:  tensor(0.1914, device='cuda:0', grad_fn=<DivBackward0>)
Memory status after this epoch: 
Memory allocated:  428.91064453125
Memory cached:  832.0
	 epoch  30 training error:  tensor(0.9943, device='cuda:0', grad_fn=<DivBackward0>)
	 epoch  30 test error:  tensor(0.1914, device='cuda:0', grad_fn=<DivBackward0>)
Memory status after this epoch: 
Memory allocated:  429.80126953125
Memory cached:  832.0
	 epoch  40 training error:  tensor(0.9942, device='cuda:0', grad_fn=<DivBackward0>)
	 epoch  40 test error:  tensor(0.1912, device='cuda:0', grad_fn=<DivBackward0>)
Memory status after this epoch: 
Memory allocated:  428.86376953125
Memory cached:  832.0
	 epoch  50 training error:  tensor(0.9941, device='cuda:0', grad_fn=<DivBackward0>)
	 epoch  50 test error:  tensor(0.1911, device='cuda:0', grad_fn=<DivBackward0>)
Memory status after this epoch: 
Memory allocated:  429.89501953125
Memory cached:  832.0
	 epoch  60 training error:  tensor(0.9940, device='cuda:0', grad_fn=<DivBackward0>)
	 epoch  60 test error:  tensor(0.1910, device='cuda:0', grad_fn=<DivBackward0>)
Memory status after this epoch: 
Memory allocated:  428.77001953125
Memory cached:  832.0
	 epoch  70 training error:  tensor(0.9939, device='cuda:0', grad_fn=<DivBackward0>)
	 epoch  70 test error:  tensor(0.1908, device='cuda:0', grad_fn=<DivBackward0>)
Memory status after this epoch: 
Memory allocated:  429.89501953125
Memory cached:  832.0
	 epoch  80 training error:  tensor(0.9938, device='cuda:0', grad_fn=<DivBackward0>)
	 epoch  80 test error:  tensor(0.1907, device='cuda:0', grad_fn=<DivBackward0>)
Memory status after this epoch: 
Memory allocated:  428.77001953125
Memory cached:  832.0
	 epoch  90 training error:  tensor(0.9938, device='cuda:0', grad_fn=<DivBackward0>)
	 epoch  90 test error:  tensor(0.1906, device='cuda:0', grad_fn=<DivBackward0>)
Memory status after this epoch: 
Memory allocated:  429.89501953125
Memory cached:  832.0
[I 2023-11-17 12:15:21,158] Trial 35 finished with value: 0.19055353105068207 and parameters: {'W_layers': 6, 'W_layer_units_exponent_0': 10, 'W_layer_units_exponent_1': 10, 'W_layer_units_exponent_2': 9, 'W_layer_units_exponent_3': 7, 'W_layer_units_exponent_4': 4, 'W_layer_units_exponent_5': 10, 'D_layers': 2, 'D_layer_units_exponent_0': 7, 'D_layer_units_exponent_1': 10, 'log_learning_rate': -4.4362942945687385, 'log_learning_rate_D': -4.501412355845286, 'training_batch_size': 9, 'training_p': 2}. Best is trial 32 with value: 0.1905340552330017.
Time for this trial:  159.83291721343994
Memory status after this trial: 
Memory allocated:  812.7880859375
Memory cached:  832.0
--------------------  Trial  36   --------------------
Start timing: 
Parameters: 
{'W_layers': 5, 'W_layer_units_exponent_0': 9, 'W_layer_units_exponent_1': 8, 'W_layer_units_exponent_2': 10, 'W_layer_units_exponent_3': 10, 'W_layer_units_exponent_4': 6, 'D_layers': 3, 'D_layer_units_exponent_0': 10, 'D_layer_units_exponent_1': 6, 'D_layer_units_exponent_2': 5, 'log_learning_rate': -4.177987117128267, 'log_learning_rate_D': -4.746915936605983, 'training_batch_size': 12, 'training_p': 4}
	 epoch  0 training error:  tensor(0.9974, device='cuda:0', grad_fn=<DivBackward0>)
	 epoch  0 test error:  tensor(0.1921, device='cuda:0', grad_fn=<DivBackward0>)
Memory status after this epoch: 
Memory allocated:  378.703125
Memory cached:  502.0
	 epoch  10 training error:  tensor(0.9925, device='cuda:0', grad_fn=<DivBackward0>)
	 epoch  10 test error:  tensor(0.1918, device='cuda:0', grad_fn=<DivBackward0>)
Memory status after this epoch: 
Memory allocated:  378.140625
Memory cached:  742.0
	 epoch  20 training error:  tensor(0.9917, device='cuda:0', grad_fn=<DivBackward0>)
	 epoch  20 test error:  tensor(0.1917, device='cuda:0', grad_fn=<DivBackward0>)
Memory status after this epoch: 
Memory allocated:  379.078125
Memory cached:  742.0
	 epoch  30 training error:  tensor(0.9914, device='cuda:0', grad_fn=<DivBackward0>)
	 epoch  30 test error:  tensor(0.1918, device='cuda:0', grad_fn=<DivBackward0>)
Memory status after this epoch: 
Memory allocated:  377.671875
Memory cached:  742.0
	 epoch  40 training error:  tensor(0.9911, device='cuda:0', grad_fn=<DivBackward0>)
	 epoch  40 test error:  tensor(0.1923, device='cuda:0', grad_fn=<DivBackward0>)
Memory status after this epoch: 
Memory allocated:  379.59375
Memory cached:  742.0
	 epoch  50 training error:  tensor(0.9910, device='cuda:0', grad_fn=<DivBackward0>)
	 epoch  50 test error:  tensor(0.1929, device='cuda:0', grad_fn=<DivBackward0>)
Memory status after this epoch: 
Memory allocated:  377.671875
Memory cached:  742.0
	 epoch  60 training error:  tensor(0.9910, device='cuda:0', grad_fn=<DivBackward0>)
	 epoch  60 test error:  tensor(0.1928, device='cuda:0', grad_fn=<DivBackward0>)
Memory status after this epoch: 
Memory allocated:  379.59375
Memory cached:  742.0
	 epoch  70 training error:  tensor(0.9909, device='cuda:0', grad_fn=<DivBackward0>)
	 epoch  70 test error:  tensor(0.1926, device='cuda:0', grad_fn=<DivBackward0>)
Memory status after this epoch: 
Memory allocated:  377.765625
Memory cached:  742.0
	 epoch  80 training error:  tensor(0.9909, device='cuda:0', grad_fn=<DivBackward0>)
	 epoch  80 test error:  tensor(0.1927, device='cuda:0', grad_fn=<DivBackward0>)
Memory status after this epoch: 
Memory allocated:  379.828125
Memory cached:  742.0
	 epoch  90 training error:  tensor(0.9909, device='cuda:0', grad_fn=<DivBackward0>)
	 epoch  90 test error:  tensor(0.1928, device='cuda:0', grad_fn=<DivBackward0>)
Memory status after this epoch: 
Memory allocated:  377.765625
Memory cached:  742.0
[I 2023-11-17 12:17:52,607] Trial 36 finished with value: 0.19275568425655365 and parameters: {'W_layers': 5, 'W_layer_units_exponent_0': 9, 'W_layer_units_exponent_1': 8, 'W_layer_units_exponent_2': 10, 'W_layer_units_exponent_3': 10, 'W_layer_units_exponent_4': 6, 'D_layers': 3, 'D_layer_units_exponent_0': 10, 'D_layer_units_exponent_1': 6, 'D_layer_units_exponent_2': 5, 'log_learning_rate': -4.177987117128267, 'log_learning_rate_D': -4.746915936605983, 'training_batch_size': 12, 'training_p': 4}. Best is trial 32 with value: 0.1905340552330017.
Time for this trial:  151.24263668060303
Memory status after this trial: 
Memory allocated:  716.3720703125
Memory cached:  742.0
--------------------  Trial  37   --------------------
Start timing: 
Parameters: 
{'W_layers': 8, 'W_layer_units_exponent_0': 10, 'W_layer_units_exponent_1': 6, 'W_layer_units_exponent_2': 7, 'W_layer_units_exponent_3': 9, 'W_layer_units_exponent_4': 5, 'W_layer_units_exponent_5': 9, 'W_layer_units_exponent_6': 6, 'W_layer_units_exponent_7': 6, 'D_layers': 2, 'D_layer_units_exponent_0': 9, 'D_layer_units_exponent_1': 9, 'log_learning_rate': -4.735627654467414, 'log_learning_rate_D': -4.135320993335254, 'training_batch_size': 8, 'training_p': 3}
	 epoch  0 training error:  tensor(0.9996, device='cuda:0', grad_fn=<DivBackward0>)
	 epoch  0 test error:  tensor(0.1921, device='cuda:0', grad_fn=<DivBackward0>)
Memory status after this epoch: 
Memory allocated:  330.12353515625
Memory cached:  466.0
	 epoch  10 training error:  tensor(0.9953, device='cuda:0', grad_fn=<DivBackward0>)
	 epoch  10 test error:  tensor(0.1916, device='cuda:0', grad_fn=<DivBackward0>)
Memory status after this epoch: 
Memory allocated:  331.52978515625
Memory cached:  660.0
	 epoch  20 training error:  tensor(0.9931, device='cuda:0', grad_fn=<DivBackward0>)
	 epoch  20 test error:  tensor(0.1914, device='cuda:0', grad_fn=<DivBackward0>)
Memory status after this epoch: 
Memory allocated:  330.12353515625
Memory cached:  660.0
	 epoch  30 training error:  tensor(0.9931, device='cuda:0', grad_fn=<DivBackward0>)
	 epoch  30 test error:  tensor(0.1918, device='cuda:0', grad_fn=<DivBackward0>)
Memory status after this epoch: 
Memory allocated:  331.95166015625
Memory cached:  660.0
	 epoch  40 training error:  tensor(0.9930, device='cuda:0', grad_fn=<DivBackward0>)
	 epoch  40 test error:  tensor(0.1919, device='cuda:0', grad_fn=<DivBackward0>)
Memory status after this epoch: 
Memory allocated:  330.17041015625
Memory cached:  660.0
	 epoch  50 training error:  tensor(0.9929, device='cuda:0', grad_fn=<DivBackward0>)
	 epoch  50 test error:  tensor(0.1918, device='cuda:0', grad_fn=<DivBackward0>)
Memory status after this epoch: 
Memory allocated:  331.48291015625
Memory cached:  660.0
	 epoch  60 training error:  tensor(0.9929, device='cuda:0', grad_fn=<DivBackward0>)
	 epoch  60 test error:  tensor(0.1918, device='cuda:0', grad_fn=<DivBackward0>)
Memory status after this epoch: 
Memory allocated:  330.26416015625
Memory cached:  662.0
	 epoch  70 training error:  tensor(0.9929, device='cuda:0', grad_fn=<DivBackward0>)
	 epoch  70 test error:  tensor(0.1918, device='cuda:0', grad_fn=<DivBackward0>)
Memory status after this epoch: 
Memory allocated:  331.06103515625
Memory cached:  662.0
	 epoch  80 training error:  tensor(0.9929, device='cuda:0', grad_fn=<DivBackward0>)
	 epoch  80 test error:  tensor(0.1918, device='cuda:0', grad_fn=<DivBackward0>)
Memory status after this epoch: 
Memory allocated:  330.26416015625
Memory cached:  662.0
	 epoch  90 training error:  tensor(0.9929, device='cuda:0', grad_fn=<DivBackward0>)
	 epoch  90 test error:  tensor(0.1919, device='cuda:0', grad_fn=<DivBackward0>)
Memory status after this epoch: 
Memory allocated:  331.38916015625
Memory cached:  662.0
[I 2023-11-17 12:20:29,448] Trial 37 finished with value: 0.19186139106750488 and parameters: {'W_layers': 8, 'W_layer_units_exponent_0': 10, 'W_layer_units_exponent_1': 6, 'W_layer_units_exponent_2': 7, 'W_layer_units_exponent_3': 9, 'W_layer_units_exponent_4': 5, 'W_layer_units_exponent_5': 9, 'W_layer_units_exponent_6': 6, 'W_layer_units_exponent_7': 6, 'D_layers': 2, 'D_layer_units_exponent_0': 9, 'D_layer_units_exponent_1': 9, 'log_learning_rate': -4.735627654467414, 'log_learning_rate_D': -4.135320993335254, 'training_batch_size': 8, 'training_p': 3}. Best is trial 32 with value: 0.1905340552330017.
Time for this trial:  156.61810111999512
Memory status after this trial: 
Memory allocated:  647.1884765625
Memory cached:  662.0
--------------------  Trial  38   --------------------
Start timing: 
Parameters: 
{'W_layers': 3, 'W_layer_units_exponent_0': 9, 'W_layer_units_exponent_1': 9, 'W_layer_units_exponent_2': 6, 'D_layers': 8, 'D_layer_units_exponent_0': 8, 'D_layer_units_exponent_1': 10, 'D_layer_units_exponent_2': 9, 'D_layer_units_exponent_3': 6, 'D_layer_units_exponent_4': 9, 'D_layer_units_exponent_5': 9, 'D_layer_units_exponent_6': 7, 'D_layer_units_exponent_7': 4, 'log_learning_rate': -4.4352603162914175, 'log_learning_rate_D': -4.399671172924392, 'training_batch_size': 11, 'training_p': 7}
	 epoch  0 training error:  tensor(0.9914, device='cuda:0', grad_fn=<DivBackward0>)
	 epoch  0 test error:  tensor(0.1934, device='cuda:0', grad_fn=<DivBackward0>)
Memory status after this epoch: 
Memory allocated:  382.8896484375
Memory cached:  526.0
	 epoch  10 training error:  tensor(0.9927, device='cuda:0', grad_fn=<DivBackward0>)
	 epoch  10 test error:  tensor(0.1923, device='cuda:0', grad_fn=<DivBackward0>)
Memory status after this epoch: 
Memory allocated:  382.5146484375
Memory cached:  756.0
	 epoch  20 training error:  tensor(0.9912, device='cuda:0', grad_fn=<DivBackward0>)
	 epoch  20 test error:  tensor(0.1921, device='cuda:0', grad_fn=<DivBackward0>)
Memory status after this epoch: 
Memory allocated:  382.8427734375
Memory cached:  740.0
	 epoch  30 training error:  tensor(0.9908, device='cuda:0', grad_fn=<DivBackward0>)
	 epoch  30 test error:  tensor(0.1922, device='cuda:0', grad_fn=<DivBackward0>)
Memory status after this epoch: 
Memory allocated:  382.5146484375
Memory cached:  740.0
	 epoch  40 training error:  tensor(0.9902, device='cuda:0', grad_fn=<DivBackward0>)
	 epoch  40 test error:  tensor(0.1926, device='cuda:0', grad_fn=<DivBackward0>)
Memory status after this epoch: 
Memory allocated:  382.8427734375
Memory cached:  740.0
	 epoch  50 training error:  tensor(0.9898, device='cuda:0', grad_fn=<DivBackward0>)
	 epoch  50 test error:  tensor(0.1932, device='cuda:0', grad_fn=<DivBackward0>)
Memory status after this epoch: 
Memory allocated:  382.5146484375
Memory cached:  740.0
	 epoch  60 training error:  tensor(0.9896, device='cuda:0', grad_fn=<DivBackward0>)
	 epoch  60 test error:  tensor(0.1934, device='cuda:0', grad_fn=<DivBackward0>)
Memory status after this epoch: 
Memory allocated:  382.8427734375
Memory cached:  740.0
	 epoch  70 training error:  tensor(0.9895, device='cuda:0', grad_fn=<DivBackward0>)
	 epoch  70 test error:  tensor(0.1936, device='cuda:0', grad_fn=<DivBackward0>)
Memory status after this epoch: 
Memory allocated:  382.5146484375
Memory cached:  740.0
	 epoch  80 training error:  tensor(0.9895, device='cuda:0', grad_fn=<DivBackward0>)
	 epoch  80 test error:  tensor(0.1936, device='cuda:0', grad_fn=<DivBackward0>)
Memory status after this epoch: 
Memory allocated:  382.8427734375
Memory cached:  740.0
	 epoch  90 training error:  tensor(0.9895, device='cuda:0', grad_fn=<DivBackward0>)
	 epoch  90 test error:  tensor(0.1937, device='cuda:0', grad_fn=<DivBackward0>)
Memory status after this epoch: 
Memory allocated:  382.5146484375
Memory cached:  740.0
