[I 2023-11-10 11:25:20,252] Trial 23 finished with value: 0.1420917958021164 and parameters: {'W_layers': 3, 'W_layer_units_exponent_0': 6, 'W_layer_units_exponent_1': 9, 'W_layer_units_exponent_2': 7, 'D_layers': 6, 'D_layer_units_exponent_0': 10, 'D_layer_units_exponent_1': 7, 'D_layer_units_exponent_2': 9, 'D_layer_units_exponent_3': 8, 'D_layer_units_exponent_4': 6, 'D_layer_units_exponent_5': 7, 'D_dagger_layers': 7, 'D_dagger_layer_units_exponent_0': 10, 'D_dagger_layer_units_exponent_1': 4, 'D_dagger_layer_units_exponent_2': 8, 'D_dagger_layer_units_exponent_3': 8, 'D_dagger_layer_units_exponent_4': 6, 'D_dagger_layer_units_exponent_5': 9, 'D_dagger_layer_units_exponent_6': 10, 'log_learning_rate': -1.0048095111764608, 'log_learning_rate_D': -1.4144538408273069, 'log_learning_rate_D_dagger': -2.9359331950326863, 'training_batch_size': 12, 'training_p': 8}. Best is trial 14 with value: 0.06764983385801315.
Time for this trial:  18.992111206054688
Memory status after this trial: 
Memory allocated:  215.4609375
Memory cached:  234.0
--------------------  Trial  24   --------------------
Start timing: 
Parameters: 
{'W_layers': 2, 'W_layer_units_exponent_0': 7, 'W_layer_units_exponent_1': 8, 'D_layers': 5, 'D_layer_units_exponent_0': 9, 'D_layer_units_exponent_1': 9, 'D_layer_units_exponent_2': 8, 'D_layer_units_exponent_3': 7, 'D_layer_units_exponent_4': 6, 'D_dagger_layers': 7, 'D_dagger_layer_units_exponent_0': 9, 'D_dagger_layer_units_exponent_1': 5, 'D_dagger_layer_units_exponent_2': 7, 'D_dagger_layer_units_exponent_3': 5, 'D_dagger_layer_units_exponent_4': 7, 'D_dagger_layer_units_exponent_5': 8, 'D_dagger_layer_units_exponent_6': 7, 'log_learning_rate': -1.441954426852225, 'log_learning_rate_D': -1.7816768931227052, 'log_learning_rate_D_dagger': -3.4008139836960276, 'training_batch_size': 11, 'training_p': 7}
	 epoch  0 training error:  tensor(1.8503, device='cuda:0', grad_fn=<DivBackward0>)
Memory status after this epoch: 
Memory allocated:  3.8017578125
Memory cached:  10.0
	 epoch  10 training error:  tensor(0.5786, device='cuda:0', grad_fn=<DivBackward0>)
Memory status after this epoch: 
Memory allocated:  3.8017578125
Memory cached:  12.0
	 epoch  20 training error:  tensor(0.4175, device='cuda:0', grad_fn=<DivBackward0>)
Memory status after this epoch: 
Memory allocated:  3.8017578125
Memory cached:  12.0
	 epoch  30 training error:  tensor(0.2660, device='cuda:0', grad_fn=<DivBackward0>)
Memory status after this epoch: 
Memory allocated:  3.8017578125
Memory cached:  12.0
	 epoch  40 training error:  tensor(0.1308, device='cuda:0', grad_fn=<DivBackward0>)
Memory status after this epoch: 
Memory allocated:  3.8017578125
Memory cached:  12.0
	 epoch  50 training error:  tensor(0.1113, device='cuda:0', grad_fn=<DivBackward0>)
Memory status after this epoch: 
Memory allocated:  3.8017578125
Memory cached:  12.0
	 epoch  60 training error:  tensor(0.1055, device='cuda:0', grad_fn=<DivBackward0>)
Memory status after this epoch: 
Memory allocated:  3.8017578125
Memory cached:  12.0
	 epoch  70 training error:  tensor(0.1023, device='cuda:0', grad_fn=<DivBackward0>)
Memory status after this epoch: 
Memory allocated:  3.8017578125
Memory cached:  12.0
	 epoch  80 training error:  tensor(0.1012, device='cuda:0', grad_fn=<DivBackward0>)
Memory status after this epoch: 
Memory allocated:  3.8017578125
Memory cached:  12.0
	 epoch  90 training error:  tensor(0.1014, device='cuda:0', grad_fn=<DivBackward0>)
Memory status after this epoch: 
Memory allocated:  3.8017578125
Memory cached:  12.0
[I 2023-11-10 11:25:37,123] Trial 24 finished with value: 0.08432473987340927 and parameters: {'W_layers': 2, 'W_layer_units_exponent_0': 7, 'W_layer_units_exponent_1': 8, 'D_layers': 5, 'D_layer_units_exponent_0': 9, 'D_layer_units_exponent_1': 9, 'D_layer_units_exponent_2': 8, 'D_layer_units_exponent_3': 7, 'D_layer_units_exponent_4': 6, 'D_dagger_layers': 7, 'D_dagger_layer_units_exponent_0': 9, 'D_dagger_layer_units_exponent_1': 5, 'D_dagger_layer_units_exponent_2': 7, 'D_dagger_layer_units_exponent_3': 5, 'D_dagger_layer_units_exponent_4': 7, 'D_dagger_layer_units_exponent_5': 8, 'D_dagger_layer_units_exponent_6': 7, 'log_learning_rate': -1.441954426852225, 'log_learning_rate_D': -1.7816768931227052, 'log_learning_rate_D_dagger': -3.4008139836960276, 'training_batch_size': 11, 'training_p': 7}. Best is trial 14 with value: 0.06764983385801315.
Time for this trial:  16.66619873046875
Memory status after this trial: 
Memory allocated:  87.6064453125
Memory cached:  96.0
--------------------  Trial  25   --------------------
Start timing: 
Parameters: 
{'W_layers': 4, 'W_layer_units_exponent_0': 6, 'W_layer_units_exponent_1': 9, 'W_layer_units_exponent_2': 9, 'W_layer_units_exponent_3': 6, 'D_layers': 8, 'D_layer_units_exponent_0': 10, 'D_layer_units_exponent_1': 8, 'D_layer_units_exponent_2': 10, 'D_layer_units_exponent_3': 10, 'D_layer_units_exponent_4': 7, 'D_layer_units_exponent_5': 8, 'D_layer_units_exponent_6': 7, 'D_layer_units_exponent_7': 10, 'D_dagger_layers': 5, 'D_dagger_layer_units_exponent_0': 7, 'D_dagger_layer_units_exponent_1': 6, 'D_dagger_layer_units_exponent_2': 10, 'D_dagger_layer_units_exponent_3': 7, 'D_dagger_layer_units_exponent_4': 9, 'log_learning_rate': -1.347610768412073, 'log_learning_rate_D': -1.2521565549506701, 'log_learning_rate_D_dagger': -2.963986415073793, 'training_batch_size': 12, 'training_p': 8}
	 epoch  0 training error:  tensor(0.9691, device='cuda:0', grad_fn=<DivBackward0>)
Memory status after this epoch: 
Memory allocated:  16.61865234375
Memory cached:  34.0
	 epoch  10 training error:  tensor(0.2759, device='cuda:0', grad_fn=<DivBackward0>)
Memory status after this epoch: 
Memory allocated:  16.61865234375
Memory cached:  34.0
	 epoch  20 training error:  tensor(0.1381, device='cuda:0', grad_fn=<DivBackward0>)
Memory status after this epoch: 
Memory allocated:  16.61865234375
Memory cached:  34.0
	 epoch  30 training error:  tensor(0.1575, device='cuda:0', grad_fn=<DivBackward0>)
Memory status after this epoch: 
Memory allocated:  16.61865234375
Memory cached:  34.0
	 epoch  40 training error:  tensor(0.1071, device='cuda:0', grad_fn=<DivBackward0>)
Memory status after this epoch: 
Memory allocated:  16.61865234375
Memory cached:  34.0
	 epoch  50 training error:  tensor(0.0966, device='cuda:0', grad_fn=<DivBackward0>)
Memory status after this epoch: 
Memory allocated:  16.61865234375
Memory cached:  34.0
	 epoch  60 training error:  tensor(0.1044, device='cuda:0', grad_fn=<DivBackward0>)
Memory status after this epoch: 
Memory allocated:  16.61865234375
Memory cached:  34.0
	 epoch  70 training error:  tensor(0.1074, device='cuda:0', grad_fn=<DivBackward0>)
Memory status after this epoch: 
Memory allocated:  16.61865234375
Memory cached:  34.0
	 epoch  80 training error:  tensor(0.1093, device='cuda:0', grad_fn=<DivBackward0>)
Memory status after this epoch: 
Memory allocated:  16.61865234375
Memory cached:  34.0
	 epoch  90 training error:  tensor(0.1004, device='cuda:0', grad_fn=<DivBackward0>)
Memory status after this epoch: 
Memory allocated:  16.61865234375
Memory cached:  34.0
[I 2023-11-10 11:25:55,527] Trial 25 finished with value: 0.07863567024469376 and parameters: {'W_layers': 4, 'W_layer_units_exponent_0': 6, 'W_layer_units_exponent_1': 9, 'W_layer_units_exponent_2': 9, 'W_layer_units_exponent_3': 6, 'D_layers': 8, 'D_layer_units_exponent_0': 10, 'D_layer_units_exponent_1': 8, 'D_layer_units_exponent_2': 10, 'D_layer_units_exponent_3': 10, 'D_layer_units_exponent_4': 7, 'D_layer_units_exponent_5': 8, 'D_layer_units_exponent_6': 7, 'D_layer_units_exponent_7': 10, 'D_dagger_layers': 5, 'D_dagger_layer_units_exponent_0': 7, 'D_dagger_layer_units_exponent_1': 6, 'D_dagger_layer_units_exponent_2': 10, 'D_dagger_layer_units_exponent_3': 7, 'D_dagger_layer_units_exponent_4': 9, 'log_learning_rate': -1.347610768412073, 'log_learning_rate_D': -1.2521565549506701, 'log_learning_rate_D_dagger': -2.963986415073793, 'training_batch_size': 12, 'training_p': 8}. Best is trial 14 with value: 0.06764983385801315.
Time for this trial:  18.164477109909058
Memory status after this trial: 
Memory allocated:  168.1865234375
Memory cached:  196.0
--------------------  Trial  26   --------------------
Start timing: 
Parameters: 
{'W_layers': 3, 'W_layer_units_exponent_0': 7, 'W_layer_units_exponent_1': 5, 'W_layer_units_exponent_2': 8, 'D_layers': 6, 'D_layer_units_exponent_0': 9, 'D_layer_units_exponent_1': 7, 'D_layer_units_exponent_2': 9, 'D_layer_units_exponent_3': 8, 'D_layer_units_exponent_4': 5, 'D_layer_units_exponent_5': 5, 'D_dagger_layers': 6, 'D_dagger_layer_units_exponent_0': 8, 'D_dagger_layer_units_exponent_1': 4, 'D_dagger_layer_units_exponent_2': 8, 'D_dagger_layer_units_exponent_3': 5, 'D_dagger_layer_units_exponent_4': 6, 'D_dagger_layer_units_exponent_5': 6, 'log_learning_rate': -2.1761822548840106, 'log_learning_rate_D': -1.9404599107926908, 'log_learning_rate_D_dagger': -2.5028731611431922, 'training_batch_size': 11, 'training_p': 7}
	 epoch  0 training error:  tensor(0.5496, device='cuda:0', grad_fn=<DivBackward0>)
Memory status after this epoch: 
Memory allocated:  1.76708984375
Memory cached:  14.0
	 epoch  10 training error:  tensor(0.7796, device='cuda:0', grad_fn=<DivBackward0>)
Memory status after this epoch: 
Memory allocated:  1.76708984375
Memory cached:  16.0
	 epoch  20 training error:  tensor(0.3232, device='cuda:0', grad_fn=<DivBackward0>)
Memory status after this epoch: 
Memory allocated:  1.76708984375
Memory cached:  16.0
	 epoch  30 training error:  tensor(0.1370, device='cuda:0', grad_fn=<DivBackward0>)
Memory status after this epoch: 
Memory allocated:  1.76708984375
Memory cached:  16.0
	 epoch  40 training error:  tensor(0.1388, device='cuda:0', grad_fn=<DivBackward0>)
Memory status after this epoch: 
Memory allocated:  1.76708984375
Memory cached:  16.0
	 epoch  50 training error:  tensor(0.1232, device='cuda:0', grad_fn=<DivBackward0>)
Memory status after this epoch: 
Memory allocated:  1.76708984375
Memory cached:  16.0
	 epoch  60 training error:  tensor(0.1228, device='cuda:0', grad_fn=<DivBackward0>)
Memory status after this epoch: 
Memory allocated:  1.76708984375
Memory cached:  16.0
	 epoch  70 training error:  tensor(0.1269, device='cuda:0', grad_fn=<DivBackward0>)
Memory status after this epoch: 
Memory allocated:  1.76708984375
Memory cached:  16.0
	 epoch  80 training error:  tensor(0.1242, device='cuda:0', grad_fn=<DivBackward0>)
Memory status after this epoch: 
Memory allocated:  1.76708984375
Memory cached:  16.0
	 epoch  90 training error:  tensor(0.1221, device='cuda:0', grad_fn=<DivBackward0>)
Memory status after this epoch: 
Memory allocated:  1.76708984375
Memory cached:  16.0
[I 2023-11-10 11:26:11,828] Trial 26 finished with value: 0.09507831186056137 and parameters: {'W_layers': 3, 'W_layer_units_exponent_0': 7, 'W_layer_units_exponent_1': 5, 'W_layer_units_exponent_2': 8, 'D_layers': 6, 'D_layer_units_exponent_0': 9, 'D_layer_units_exponent_1': 7, 'D_layer_units_exponent_2': 9, 'D_layer_units_exponent_3': 8, 'D_layer_units_exponent_4': 5, 'D_layer_units_exponent_5': 5, 'D_dagger_layers': 6, 'D_dagger_layer_units_exponent_0': 8, 'D_dagger_layer_units_exponent_1': 4, 'D_dagger_layer_units_exponent_2': 8, 'D_dagger_layer_units_exponent_3': 5, 'D_dagger_layer_units_exponent_4': 6, 'D_dagger_layer_units_exponent_5': 6, 'log_learning_rate': -2.1761822548840106, 'log_learning_rate_D': -1.9404599107926908, 'log_learning_rate_D_dagger': -2.5028731611431922, 'training_batch_size': 11, 'training_p': 7}. Best is trial 14 with value: 0.06764983385801315.
Time for this trial:  16.087809085845947
Memory status after this trial: 
Memory allocated:  60.41015625
Memory cached:  82.0
--------------------  Trial  27   --------------------
Start timing: 
Parameters: 
{'W_layers': 5, 'W_layer_units_exponent_0': 5, 'W_layer_units_exponent_1': 4, 'W_layer_units_exponent_2': 7, 'W_layer_units_exponent_3': 4, 'W_layer_units_exponent_4': 10, 'D_layers': 7, 'D_layer_units_exponent_0': 10, 'D_layer_units_exponent_1': 9, 'D_layer_units_exponent_2': 8, 'D_layer_units_exponent_3': 9, 'D_layer_units_exponent_4': 9, 'D_layer_units_exponent_5': 10, 'D_layer_units_exponent_6': 7, 'D_dagger_layers': 3, 'D_dagger_layer_units_exponent_0': 10, 'D_dagger_layer_units_exponent_1': 5, 'D_dagger_layer_units_exponent_2': 9, 'log_learning_rate': -1.743599216566017, 'log_learning_rate_D': -1.571148668727942, 'log_learning_rate_D_dagger': -3.830397434998324, 'training_batch_size': 12, 'training_p': 8}
	 epoch  0 training error:  tensor(0.8392, device='cuda:0', grad_fn=<DivBackward0>)
Memory status after this epoch: 
Memory allocated:  7.83447265625
Memory cached:  34.0
	 epoch  10 training error:  tensor(0.2606, device='cuda:0', grad_fn=<DivBackward0>)
Memory status after this epoch: 
Memory allocated:  7.83447265625
Memory cached:  36.0
	 epoch  20 training error:  tensor(0.1679, device='cuda:0', grad_fn=<DivBackward0>)
Memory status after this epoch: 
Memory allocated:  7.83447265625
Memory cached:  36.0
	 epoch  30 training error:  tensor(0.1255, device='cuda:0', grad_fn=<DivBackward0>)
Memory status after this epoch: 
Memory allocated:  7.83447265625
Memory cached:  36.0
	 epoch  40 training error:  tensor(0.1042, device='cuda:0', grad_fn=<DivBackward0>)
Memory status after this epoch: 
Memory allocated:  7.83447265625
Memory cached:  36.0
	 epoch  50 training error:  tensor(0.1017, device='cuda:0', grad_fn=<DivBackward0>)
Memory status after this epoch: 
Memory allocated:  7.83447265625
Memory cached:  36.0
	 epoch  60 training error:  tensor(0.0956, device='cuda:0', grad_fn=<DivBackward0>)
Memory status after this epoch: 
Memory allocated:  7.83447265625
Memory cached:  36.0
	 epoch  70 training error:  tensor(0.0945, device='cuda:0', grad_fn=<DivBackward0>)
Memory status after this epoch: 
Memory allocated:  7.83447265625
Memory cached:  36.0
	 epoch  80 training error:  tensor(0.0938, device='cuda:0', grad_fn=<DivBackward0>)
Memory status after this epoch: 
Memory allocated:  7.83447265625
Memory cached:  36.0
	 epoch  90 training error:  tensor(0.0957, device='cuda:0', grad_fn=<DivBackward0>)
Memory status after this epoch: 
Memory allocated:  7.83447265625
Memory cached:  36.0
[I 2023-11-10 11:26:29,869] Trial 27 finished with value: 0.07090098410844803 and parameters: {'W_layers': 5, 'W_layer_units_exponent_0': 5, 'W_layer_units_exponent_1': 4, 'W_layer_units_exponent_2': 7, 'W_layer_units_exponent_3': 4, 'W_layer_units_exponent_4': 10, 'D_layers': 7, 'D_layer_units_exponent_0': 10, 'D_layer_units_exponent_1': 9, 'D_layer_units_exponent_2': 8, 'D_layer_units_exponent_3': 9, 'D_layer_units_exponent_4': 9, 'D_layer_units_exponent_5': 10, 'D_layer_units_exponent_6': 7, 'D_dagger_layers': 3, 'D_dagger_layer_units_exponent_0': 10, 'D_dagger_layer_units_exponent_1': 5, 'D_dagger_layer_units_exponent_2': 9, 'log_learning_rate': -1.743599216566017, 'log_learning_rate_D': -1.571148668727942, 'log_learning_rate_D_dagger': -3.830397434998324, 'training_batch_size': 12, 'training_p': 8}. Best is trial 14 with value: 0.06764983385801315.
Time for this trial:  17.808788299560547
Memory status after this trial: 
Memory allocated:  151.7412109375
Memory cached:  174.0
--------------------  Trial  28   --------------------
Start timing: 
Parameters: 
{'W_layers': 4, 'W_layer_units_exponent_0': 8, 'W_layer_units_exponent_1': 6, 'W_layer_units_exponent_2': 9, 'W_layer_units_exponent_3': 10, 'D_layers': 5, 'D_layer_units_exponent_0': 9, 'D_layer_units_exponent_1': 8, 'D_layer_units_exponent_2': 10, 'D_layer_units_exponent_3': 7, 'D_layer_units_exponent_4': 6, 'D_dagger_layers': 7, 'D_dagger_layer_units_exponent_0': 9, 'D_dagger_layer_units_exponent_1': 4, 'D_dagger_layer_units_exponent_2': 6, 'D_dagger_layer_units_exponent_3': 9, 'D_dagger_layer_units_exponent_4': 5, 'D_dagger_layer_units_exponent_5': 8, 'D_dagger_layer_units_exponent_6': 4, 'log_learning_rate': -1.31786361526085, 'log_learning_rate_D': -1.3559467660628564, 'log_learning_rate_D_dagger': -3.4021696950345786, 'training_batch_size': 11, 'training_p': 7}
	 epoch  0 training error:  tensor(0.9556, device='cuda:0', grad_fn=<DivBackward0>)
Memory status after this epoch: 
Memory allocated:  12.5341796875
Memory cached:  50.0
	 epoch  10 training error:  tensor(0.8089, device='cuda:0', grad_fn=<DivBackward0>)
Memory status after this epoch: 
Memory allocated:  12.5341796875
Memory cached:  50.0
	 epoch  20 training error:  tensor(0.3688, device='cuda:0', grad_fn=<DivBackward0>)
Memory status after this epoch: 
Memory allocated:  12.5341796875
Memory cached:  50.0
	 epoch  30 training error:  tensor(0.2890, device='cuda:0', grad_fn=<DivBackward0>)
Memory status after this epoch: 
Memory allocated:  12.5341796875
Memory cached:  50.0
	 epoch  40 training error:  tensor(0.1926, device='cuda:0', grad_fn=<DivBackward0>)
Memory status after this epoch: 
Memory allocated:  12.5341796875
Memory cached:  50.0
	 epoch  50 training error:  tensor(0.1204, device='cuda:0', grad_fn=<DivBackward0>)
Memory status after this epoch: 
Memory allocated:  12.5341796875
Memory cached:  50.0
	 epoch  60 training error:  tensor(0.1184, device='cuda:0', grad_fn=<DivBackward0>)
Memory status after this epoch: 
Memory allocated:  12.5341796875
Memory cached:  50.0
	 epoch  70 training error:  tensor(0.1013, device='cuda:0', grad_fn=<DivBackward0>)
Memory status after this epoch: 
Memory allocated:  12.5341796875
Memory cached:  50.0
	 epoch  80 training error:  tensor(0.0954, device='cuda:0', grad_fn=<DivBackward0>)
Memory status after this epoch: 
Memory allocated:  12.5341796875
Memory cached:  50.0
	 epoch  90 training error:  tensor(0.0925, device='cuda:0', grad_fn=<DivBackward0>)
Memory status after this epoch: 
Memory allocated:  12.5341796875
Memory cached:  50.0
[I 2023-11-10 11:26:49,379] Trial 28 finished with value: 0.07370984554290771 and parameters: {'W_layers': 4, 'W_layer_units_exponent_0': 8, 'W_layer_units_exponent_1': 6, 'W_layer_units_exponent_2': 9, 'W_layer_units_exponent_3': 10, 'D_layers': 5, 'D_layer_units_exponent_0': 9, 'D_layer_units_exponent_1': 8, 'D_layer_units_exponent_2': 10, 'D_layer_units_exponent_3': 7, 'D_layer_units_exponent_4': 6, 'D_dagger_layers': 7, 'D_dagger_layer_units_exponent_0': 9, 'D_dagger_layer_units_exponent_1': 4, 'D_dagger_layer_units_exponent_2': 6, 'D_dagger_layer_units_exponent_3': 9, 'D_dagger_layer_units_exponent_4': 5, 'D_dagger_layer_units_exponent_5': 8, 'D_dagger_layer_units_exponent_6': 4, 'log_learning_rate': -1.31786361526085, 'log_learning_rate_D': -1.3559467660628564, 'log_learning_rate_D_dagger': -3.4021696950345786, 'training_batch_size': 11, 'training_p': 7}. Best is trial 14 with value: 0.06764983385801315.
Time for this trial:  19.286865234375
Memory status after this trial: 
Memory allocated:  183.4404296875
Memory cached:  192.0
--------------------  Trial  29   --------------------
Start timing: 
Parameters: 
{'W_layers': 3, 'W_layer_units_exponent_0': 6, 'W_layer_units_exponent_1': 8, 'W_layer_units_exponent_2': 8, 'D_layers': 6, 'D_layer_units_exponent_0': 10, 'D_layer_units_exponent_1': 7, 'D_layer_units_exponent_2': 9, 'D_layer_units_exponent_3': 6, 'D_layer_units_exponent_4': 8, 'D_layer_units_exponent_5': 6, 'D_dagger_layers': 5, 'D_dagger_layer_units_exponent_0': 7, 'D_dagger_layer_units_exponent_1': 6, 'D_dagger_layer_units_exponent_2': 8, 'D_dagger_layer_units_exponent_3': 6, 'D_dagger_layer_units_exponent_4': 7, 'log_learning_rate': -1.5665759357480824, 'log_learning_rate_D': -2.14786085188603, 'log_learning_rate_D_dagger': -2.914787870934726, 'training_batch_size': 12, 'training_p': 4}
	 epoch  0 training error:  tensor(1.2959, device='cuda:0', grad_fn=<DivBackward0>)
Memory status after this epoch: 
Memory allocated:  3.19873046875
Memory cached:  4.0
	 epoch  10 training error:  tensor(0.2129, device='cuda:0', grad_fn=<DivBackward0>)
Memory status after this epoch: 
Memory allocated:  3.19873046875
Memory cached:  4.0
	 epoch  20 training error:  tensor(0.1275, device='cuda:0', grad_fn=<DivBackward0>)
Memory status after this epoch: 
Memory allocated:  3.19873046875
Memory cached:  4.0
	 epoch  30 training error:  tensor(0.1010, device='cuda:0', grad_fn=<DivBackward0>)
Memory status after this epoch: 
Memory allocated:  3.19873046875
Memory cached:  4.0
	 epoch  40 training error:  tensor(0.0993, device='cuda:0', grad_fn=<DivBackward0>)
Memory status after this epoch: 
Memory allocated:  3.19873046875
Memory cached:  4.0
	 epoch  50 training error:  tensor(0.0820, device='cuda:0', grad_fn=<DivBackward0>)
Memory status after this epoch: 
Memory allocated:  3.19873046875
Memory cached:  4.0
	 epoch  60 training error:  tensor(0.0828, device='cuda:0', grad_fn=<DivBackward0>)
Memory status after this epoch: 
Memory allocated:  3.19873046875
Memory cached:  4.0
	 epoch  70 training error:  tensor(0.0773, device='cuda:0', grad_fn=<DivBackward0>)
Memory status after this epoch: 
Memory allocated:  3.19873046875
Memory cached:  4.0
	 epoch  80 training error:  tensor(0.0785, device='cuda:0', grad_fn=<DivBackward0>)
Memory status after this epoch: 
Memory allocated:  3.19873046875
Memory cached:  4.0
	 epoch  90 training error:  tensor(0.0809, device='cuda:0', grad_fn=<DivBackward0>)
Memory status after this epoch: 
Memory allocated:  3.19873046875
Memory cached:  4.0
