[I 2023-11-10 11:27:05,619] Trial 29 finished with value: 0.06973280012607574 and parameters: {'W_layers': 3, 'W_layer_units_exponent_0': 6, 'W_layer_units_exponent_1': 8, 'W_layer_units_exponent_2': 8, 'D_layers': 6, 'D_layer_units_exponent_0': 10, 'D_layer_units_exponent_1': 7, 'D_layer_units_exponent_2': 9, 'D_layer_units_exponent_3': 6, 'D_layer_units_exponent_4': 8, 'D_layer_units_exponent_5': 6, 'D_dagger_layers': 5, 'D_dagger_layer_units_exponent_0': 7, 'D_dagger_layer_units_exponent_1': 6, 'D_dagger_layer_units_exponent_2': 8, 'D_dagger_layer_units_exponent_3': 6, 'D_dagger_layer_units_exponent_4': 7, 'log_learning_rate': -1.5665759357480824, 'log_learning_rate_D': -2.14786085188603, 'log_learning_rate_D_dagger': -2.914787870934726, 'training_batch_size': 12, 'training_p': 4}. Best is trial 14 with value: 0.06764983385801315.
Time for this trial:  16.021639108657837
Memory status after this trial: 
Memory allocated:  67.1240234375
Memory cached:  90.0
--------------------  Trial  30   --------------------
Start timing: 
Parameters: 
{'W_layers': 6, 'W_layer_units_exponent_0': 5, 'W_layer_units_exponent_1': 8, 'W_layer_units_exponent_2': 10, 'W_layer_units_exponent_3': 5, 'W_layer_units_exponent_4': 4, 'W_layer_units_exponent_5': 10, 'D_layers': 4, 'D_layer_units_exponent_0': 9, 'D_layer_units_exponent_1': 7, 'D_layer_units_exponent_2': 7, 'D_layer_units_exponent_3': 6, 'D_dagger_layers': 5, 'D_dagger_layer_units_exponent_0': 7, 'D_dagger_layer_units_exponent_1': 6, 'D_dagger_layer_units_exponent_2': 7, 'D_dagger_layer_units_exponent_3': 6, 'D_dagger_layer_units_exponent_4': 9, 'log_learning_rate': -2.519042889157803, 'log_learning_rate_D': -2.776573078404864, 'log_learning_rate_D_dagger': -3.696893167174588, 'training_batch_size': 10, 'training_p': 4}
	 epoch  0 training error:  tensor(1.1663, device='cuda:0', grad_fn=<DivBackward0>)
Memory status after this epoch: 
Memory allocated:  6.34814453125
Memory cached:  18.0
	 epoch  10 training error:  tensor(0.7109, device='cuda:0', grad_fn=<DivBackward0>)
Memory status after this epoch: 
Memory allocated:  6.34814453125
Memory cached:  16.0
	 epoch  20 training error:  tensor(0.4031, device='cuda:0', grad_fn=<DivBackward0>)
Memory status after this epoch: 
Memory allocated:  6.34814453125
Memory cached:  18.0
	 epoch  30 training error:  tensor(0.2438, device='cuda:0', grad_fn=<DivBackward0>)
Memory status after this epoch: 
Memory allocated:  6.34814453125
Memory cached:  16.0
	 epoch  40 training error:  tensor(0.1822, device='cuda:0', grad_fn=<DivBackward0>)
Memory status after this epoch: 
Memory allocated:  6.34814453125
Memory cached:  16.0
	 epoch  50 training error:  tensor(0.1302, device='cuda:0', grad_fn=<DivBackward0>)
Memory status after this epoch: 
Memory allocated:  6.34814453125
Memory cached:  18.0
	 epoch  60 training error:  tensor(0.1042, device='cuda:0', grad_fn=<DivBackward0>)
Memory status after this epoch: 
Memory allocated:  6.34814453125
Memory cached:  16.0
	 epoch  70 training error:  tensor(0.0959, device='cuda:0', grad_fn=<DivBackward0>)
Memory status after this epoch: 
Memory allocated:  6.34814453125
Memory cached:  16.0
	 epoch  80 training error:  tensor(0.0861, device='cuda:0', grad_fn=<DivBackward0>)
Memory status after this epoch: 
Memory allocated:  6.34814453125
Memory cached:  18.0
	 epoch  90 training error:  tensor(0.0822, device='cuda:0', grad_fn=<DivBackward0>)
Memory status after this epoch: 
Memory allocated:  6.34814453125
Memory cached:  16.0
[I 2023-11-10 11:27:25,466] Trial 30 finished with value: 0.07524342834949493 and parameters: {'W_layers': 6, 'W_layer_units_exponent_0': 5, 'W_layer_units_exponent_1': 8, 'W_layer_units_exponent_2': 10, 'W_layer_units_exponent_3': 5, 'W_layer_units_exponent_4': 4, 'W_layer_units_exponent_5': 10, 'D_layers': 4, 'D_layer_units_exponent_0': 9, 'D_layer_units_exponent_1': 7, 'D_layer_units_exponent_2': 7, 'D_layer_units_exponent_3': 6, 'D_dagger_layers': 5, 'D_dagger_layer_units_exponent_0': 7, 'D_dagger_layer_units_exponent_1': 6, 'D_dagger_layer_units_exponent_2': 7, 'D_dagger_layer_units_exponent_3': 6, 'D_dagger_layer_units_exponent_4': 9, 'log_learning_rate': -2.519042889157803, 'log_learning_rate_D': -2.776573078404864, 'log_learning_rate_D_dagger': -3.696893167174588, 'training_batch_size': 10, 'training_p': 4}. Best is trial 14 with value: 0.06764983385801315.
Time for this trial:  19.607123374938965
Memory status after this trial: 
Memory allocated:  181.5087890625
Memory cached:  188.0
--------------------  Trial  31   --------------------
Start timing: 
Parameters: 
{'W_layers': 2, 'W_layer_units_exponent_0': 7, 'W_layer_units_exponent_1': 6, 'D_layers': 5, 'D_layer_units_exponent_0': 8, 'D_layer_units_exponent_1': 7, 'D_layer_units_exponent_2': 10, 'D_layer_units_exponent_3': 5, 'D_layer_units_exponent_4': 9, 'D_dagger_layers': 4, 'D_dagger_layer_units_exponent_0': 4, 'D_dagger_layer_units_exponent_1': 9, 'D_dagger_layer_units_exponent_2': 9, 'D_dagger_layer_units_exponent_3': 5, 'log_learning_rate': -2.0612431375801084, 'log_learning_rate_D': -2.0923979970462474, 'log_learning_rate_D_dagger': -2.833544657158376, 'training_batch_size': 8, 'training_p': 4}
	 epoch  0 training error:  tensor(1.1051, device='cuda:0', grad_fn=<DivBackward0>)
Memory status after this epoch: 
Memory allocated:  5.51220703125
Memory cached:  8.0
	 epoch  10 training error:  tensor(2.3934, device='cuda:0', grad_fn=<DivBackward0>)
Memory status after this epoch: 
Memory allocated:  5.51220703125
Memory cached:  10.0
	 epoch  20 training error:  tensor(0.3693, device='cuda:0', grad_fn=<DivBackward0>)
Memory status after this epoch: 
Memory allocated:  5.51220703125
Memory cached:  10.0
	 epoch  30 training error:  tensor(0.1709, device='cuda:0', grad_fn=<DivBackward0>)
Memory status after this epoch: 
Memory allocated:  5.51220703125
Memory cached:  10.0
	 epoch  40 training error:  tensor(0.2289, device='cuda:0', grad_fn=<DivBackward0>)
Memory status after this epoch: 
Memory allocated:  5.51220703125
Memory cached:  10.0
	 epoch  50 training error:  tensor(0.1685, device='cuda:0', grad_fn=<DivBackward0>)
Memory status after this epoch: 
Memory allocated:  5.51220703125
Memory cached:  10.0
	 epoch  60 training error:  tensor(0.1067, device='cuda:0', grad_fn=<DivBackward0>)
Memory status after this epoch: 
Memory allocated:  5.51220703125
Memory cached:  10.0
	 epoch  70 training error:  tensor(0.1232, device='cuda:0', grad_fn=<DivBackward0>)
Memory status after this epoch: 
Memory allocated:  5.51220703125
Memory cached:  10.0
	 epoch  80 training error:  tensor(0.1355, device='cuda:0', grad_fn=<DivBackward0>)
Memory status after this epoch: 
Memory allocated:  5.51220703125
Memory cached:  10.0
	 epoch  90 training error:  tensor(0.0895, device='cuda:0', grad_fn=<DivBackward0>)
Memory status after this epoch: 
Memory allocated:  5.51220703125
Memory cached:  10.0
[I 2023-11-10 11:27:41,796] Trial 31 finished with value: 0.08871861547231674 and parameters: {'W_layers': 2, 'W_layer_units_exponent_0': 7, 'W_layer_units_exponent_1': 6, 'D_layers': 5, 'D_layer_units_exponent_0': 8, 'D_layer_units_exponent_1': 7, 'D_layer_units_exponent_2': 10, 'D_layer_units_exponent_3': 5, 'D_layer_units_exponent_4': 9, 'D_dagger_layers': 4, 'D_dagger_layer_units_exponent_0': 4, 'D_dagger_layer_units_exponent_1': 9, 'D_dagger_layer_units_exponent_2': 9, 'D_dagger_layer_units_exponent_3': 5, 'log_learning_rate': -2.0612431375801084, 'log_learning_rate_D': -2.0923979970462474, 'log_learning_rate_D_dagger': -2.833544657158376, 'training_batch_size': 8, 'training_p': 4}. Best is trial 14 with value: 0.06764983385801315.
Time for this trial:  16.116854667663574
Memory status after this trial: 
Memory allocated:  70.9375
Memory cached:  80.0
--------------------  Trial  32   --------------------
Start timing: 
Parameters: 
{'W_layers': 3, 'W_layer_units_exponent_0': 6, 'W_layer_units_exponent_1': 9, 'W_layer_units_exponent_2': 8, 'D_layers': 6, 'D_layer_units_exponent_0': 10, 'D_layer_units_exponent_1': 8, 'D_layer_units_exponent_2': 9, 'D_layer_units_exponent_3': 7, 'D_layer_units_exponent_4': 8, 'D_layer_units_exponent_5': 6, 'D_dagger_layers': 6, 'D_dagger_layer_units_exponent_0': 8, 'D_dagger_layer_units_exponent_1': 5, 'D_dagger_layer_units_exponent_2': 8, 'D_dagger_layer_units_exponent_3': 6, 'D_dagger_layer_units_exponent_4': 7, 'D_dagger_layer_units_exponent_5': 9, 'log_learning_rate': -1.574114612602831, 'log_learning_rate_D': -1.7614944618708577, 'log_learning_rate_D_dagger': -3.121009381456222, 'training_batch_size': 12, 'training_p': 3}
	 epoch  0 training error:  tensor(0.8021, device='cuda:0', grad_fn=<DivBackward0>)
Memory status after this epoch: 
Memory allocated:  6.283203125
Memory cached:  12.0
	 epoch  10 training error:  tensor(0.3540, device='cuda:0', grad_fn=<DivBackward0>)
Memory status after this epoch: 
Memory allocated:  6.283203125
Memory cached:  14.0
	 epoch  20 training error:  tensor(0.2173, device='cuda:0', grad_fn=<DivBackward0>)
Memory status after this epoch: 
Memory allocated:  6.283203125
Memory cached:  14.0
	 epoch  30 training error:  tensor(0.1442, device='cuda:0', grad_fn=<DivBackward0>)
Memory status after this epoch: 
Memory allocated:  6.283203125
Memory cached:  14.0
	 epoch  40 training error:  tensor(0.0857, device='cuda:0', grad_fn=<DivBackward0>)
Memory status after this epoch: 
Memory allocated:  6.283203125
Memory cached:  14.0
	 epoch  50 training error:  tensor(0.0934, device='cuda:0', grad_fn=<DivBackward0>)
Memory status after this epoch: 
Memory allocated:  6.283203125
Memory cached:  14.0
	 epoch  60 training error:  tensor(0.0731, device='cuda:0', grad_fn=<DivBackward0>)
Memory status after this epoch: 
Memory allocated:  6.283203125
Memory cached:  14.0
	 epoch  70 training error:  tensor(0.0731, device='cuda:0', grad_fn=<DivBackward0>)
Memory status after this epoch: 
Memory allocated:  6.283203125
Memory cached:  14.0
	 epoch  80 training error:  tensor(0.0703, device='cuda:0', grad_fn=<DivBackward0>)
Memory status after this epoch: 
Memory allocated:  6.283203125
Memory cached:  14.0
	 epoch  90 training error:  tensor(0.0709, device='cuda:0', grad_fn=<DivBackward0>)
Memory status after this epoch: 
Memory allocated:  6.283203125
Memory cached:  14.0
[I 2023-11-10 11:27:59,579] Trial 32 finished with value: 0.06932087242603302 and parameters: {'W_layers': 3, 'W_layer_units_exponent_0': 6, 'W_layer_units_exponent_1': 9, 'W_layer_units_exponent_2': 8, 'D_layers': 6, 'D_layer_units_exponent_0': 10, 'D_layer_units_exponent_1': 8, 'D_layer_units_exponent_2': 9, 'D_layer_units_exponent_3': 7, 'D_layer_units_exponent_4': 8, 'D_layer_units_exponent_5': 6, 'D_dagger_layers': 6, 'D_dagger_layer_units_exponent_0': 8, 'D_dagger_layer_units_exponent_1': 5, 'D_dagger_layer_units_exponent_2': 8, 'D_dagger_layer_units_exponent_3': 6, 'D_dagger_layer_units_exponent_4': 7, 'D_dagger_layer_units_exponent_5': 9, 'log_learning_rate': -1.574114612602831, 'log_learning_rate_D': -1.7614944618708577, 'log_learning_rate_D_dagger': -3.121009381456222, 'training_batch_size': 12, 'training_p': 3}. Best is trial 14 with value: 0.06764983385801315.
Time for this trial:  17.5445499420166
Memory status after this trial: 
Memory allocated:  115.27734375
Memory cached:  124.0
--------------------  Trial  33   --------------------
Start timing: 
Parameters: 
{'W_layers': 3, 'W_layer_units_exponent_0': 6, 'W_layer_units_exponent_1': 8, 'W_layer_units_exponent_2': 8, 'D_layers': 6, 'D_layer_units_exponent_0': 10, 'D_layer_units_exponent_1': 7, 'D_layer_units_exponent_2': 9, 'D_layer_units_exponent_3': 6, 'D_layer_units_exponent_4': 8, 'D_layer_units_exponent_5': 6, 'D_dagger_layers': 5, 'D_dagger_layer_units_exponent_0': 7, 'D_dagger_layer_units_exponent_1': 6, 'D_dagger_layer_units_exponent_2': 8, 'D_dagger_layer_units_exponent_3': 6, 'D_dagger_layer_units_exponent_4': 7, 'log_learning_rate': -1.5857523589390723, 'log_learning_rate_D': -2.2991953954815694, 'log_learning_rate_D_dagger': -3.123867841740893, 'training_batch_size': 12, 'training_p': 3}
	 epoch  0 training error:  tensor(0.9964, device='cuda:0', grad_fn=<DivBackward0>)
Memory status after this epoch: 
Memory allocated:  3.19873046875
Memory cached:  4.0
	 epoch  10 training error:  tensor(0.3036, device='cuda:0', grad_fn=<DivBackward0>)
Memory status after this epoch: 
Memory allocated:  3.19873046875
Memory cached:  4.0
	 epoch  20 training error:  tensor(0.1701, device='cuda:0', grad_fn=<DivBackward0>)
Memory status after this epoch: 
Memory allocated:  3.19873046875
Memory cached:  4.0
	 epoch  30 training error:  tensor(0.1020, device='cuda:0', grad_fn=<DivBackward0>)
Memory status after this epoch: 
Memory allocated:  3.19873046875
Memory cached:  4.0
	 epoch  40 training error:  tensor(0.0821, device='cuda:0', grad_fn=<DivBackward0>)
Memory status after this epoch: 
Memory allocated:  3.19873046875
Memory cached:  4.0
	 epoch  50 training error:  tensor(0.0772, device='cuda:0', grad_fn=<DivBackward0>)
Memory status after this epoch: 
Memory allocated:  3.19873046875
Memory cached:  4.0
	 epoch  60 training error:  tensor(0.0745, device='cuda:0', grad_fn=<DivBackward0>)
Memory status after this epoch: 
Memory allocated:  3.19873046875
Memory cached:  4.0
	 epoch  70 training error:  tensor(0.0728, device='cuda:0', grad_fn=<DivBackward0>)
Memory status after this epoch: 
Memory allocated:  3.19873046875
Memory cached:  4.0
	 epoch  80 training error:  tensor(0.0722, device='cuda:0', grad_fn=<DivBackward0>)
Memory status after this epoch: 
Memory allocated:  3.19873046875
Memory cached:  4.0
	 epoch  90 training error:  tensor(0.0719, device='cuda:0', grad_fn=<DivBackward0>)
Memory status after this epoch: 
Memory allocated:  3.19873046875
Memory cached:  4.0
[I 2023-11-10 11:28:15,785] Trial 33 finished with value: 0.07069309800863266 and parameters: {'W_layers': 3, 'W_layer_units_exponent_0': 6, 'W_layer_units_exponent_1': 8, 'W_layer_units_exponent_2': 8, 'D_layers': 6, 'D_layer_units_exponent_0': 10, 'D_layer_units_exponent_1': 7, 'D_layer_units_exponent_2': 9, 'D_layer_units_exponent_3': 6, 'D_layer_units_exponent_4': 8, 'D_layer_units_exponent_5': 6, 'D_dagger_layers': 5, 'D_dagger_layer_units_exponent_0': 7, 'D_dagger_layer_units_exponent_1': 6, 'D_dagger_layer_units_exponent_2': 8, 'D_dagger_layer_units_exponent_3': 6, 'D_dagger_layer_units_exponent_4': 7, 'log_learning_rate': -1.5857523589390723, 'log_learning_rate_D': -2.2991953954815694, 'log_learning_rate_D_dagger': -3.123867841740893, 'training_batch_size': 12, 'training_p': 3}. Best is trial 14 with value: 0.06764983385801315.
Time for this trial:  15.976655721664429
Memory status after this trial: 
Memory allocated:  67.1240234375
Memory cached:  90.0
--------------------  Trial  34   --------------------
Start timing: 
Parameters: 
{'W_layers': 5, 'W_layer_units_exponent_0': 7, 'W_layer_units_exponent_1': 7, 'W_layer_units_exponent_2': 7, 'W_layer_units_exponent_3': 7, 'W_layer_units_exponent_4': 10, 'D_layers': 5, 'D_layer_units_exponent_0': 9, 'D_layer_units_exponent_1': 6, 'D_layer_units_exponent_2': 10, 'D_layer_units_exponent_3': 7, 'D_layer_units_exponent_4': 8, 'D_dagger_layers': 6, 'D_dagger_layer_units_exponent_0': 8, 'D_dagger_layer_units_exponent_1': 7, 'D_dagger_layer_units_exponent_2': 7, 'D_dagger_layer_units_exponent_3': 5, 'D_dagger_layer_units_exponent_4': 6, 'D_dagger_layer_units_exponent_5': 9, 'log_learning_rate': -1.8321746158978818, 'log_learning_rate_D': -1.9283934177763582, 'log_learning_rate_D_dagger': -3.480473152794369, 'training_batch_size': 11, 'training_p': 2}
	 epoch  0 training error:  tensor(0.9017, device='cuda:0', grad_fn=<DivBackward0>)
Memory status after this epoch: 
Memory allocated:  5.33349609375
Memory cached:  8.0
	 epoch  10 training error:  tensor(43.3400, device='cuda:0', grad_fn=<DivBackward0>)
Memory status after this epoch: 
Memory allocated:  5.33349609375
Memory cached:  8.0
	 epoch  20 training error:  tensor(0.2228, device='cuda:0', grad_fn=<DivBackward0>)
Memory status after this epoch: 
Memory allocated:  5.33349609375
Memory cached:  8.0
	 epoch  30 training error:  tensor(0.1901, device='cuda:0', grad_fn=<DivBackward0>)
Memory status after this epoch: 
Memory allocated:  5.33349609375
Memory cached:  8.0
	 epoch  40 training error:  tensor(0.1180, device='cuda:0', grad_fn=<DivBackward0>)
Memory status after this epoch: 
Memory allocated:  5.33349609375
Memory cached:  8.0
	 epoch  50 training error:  tensor(0.0771, device='cuda:0', grad_fn=<DivBackward0>)
Memory status after this epoch: 
Memory allocated:  5.33349609375
Memory cached:  8.0
	 epoch  60 training error:  tensor(0.0680, device='cuda:0', grad_fn=<DivBackward0>)
Memory status after this epoch: 
Memory allocated:  5.33349609375
Memory cached:  8.0
	 epoch  70 training error:  tensor(0.0655, device='cuda:0', grad_fn=<DivBackward0>)
Memory status after this epoch: 
Memory allocated:  5.33349609375
Memory cached:  8.0
	 epoch  80 training error:  tensor(0.0632, device='cuda:0', grad_fn=<DivBackward0>)
Memory status after this epoch: 
Memory allocated:  5.33349609375
Memory cached:  8.0
	 epoch  90 training error:  tensor(0.0616, device='cuda:0', grad_fn=<DivBackward0>)
Memory status after this epoch: 
Memory allocated:  5.33349609375
Memory cached:  8.0
[I 2023-11-10 11:28:34,880] Trial 34 finished with value: 0.06962449848651886 and parameters: {'W_layers': 5, 'W_layer_units_exponent_0': 7, 'W_layer_units_exponent_1': 7, 'W_layer_units_exponent_2': 7, 'W_layer_units_exponent_3': 7, 'W_layer_units_exponent_4': 10, 'D_layers': 5, 'D_layer_units_exponent_0': 9, 'D_layer_units_exponent_1': 6, 'D_layer_units_exponent_2': 10, 'D_layer_units_exponent_3': 7, 'D_layer_units_exponent_4': 8, 'D_dagger_layers': 6, 'D_dagger_layer_units_exponent_0': 8, 'D_dagger_layer_units_exponent_1': 7, 'D_dagger_layer_units_exponent_2': 7, 'D_dagger_layer_units_exponent_3': 5, 'D_dagger_layer_units_exponent_4': 6, 'D_dagger_layer_units_exponent_5': 9, 'log_learning_rate': -1.8321746158978818, 'log_learning_rate_D': -1.9283934177763582, 'log_learning_rate_D_dagger': -3.480473152794369, 'training_batch_size': 11, 'training_p': 2}. Best is trial 14 with value: 0.06764983385801315.
Time for this trial:  18.863627433776855
Memory status after this trial: 
Memory allocated:  146.408203125
Memory cached:  170.0
--------------------  Trial  35   --------------------
Start timing: 
Parameters: 
{'W_layers': 5, 'W_layer_units_exponent_0': 8, 'W_layer_units_exponent_1': 7, 'W_layer_units_exponent_2': 7, 'W_layer_units_exponent_3': 7, 'W_layer_units_exponent_4': 10, 'D_layers': 5, 'D_layer_units_exponent_0': 9, 'D_layer_units_exponent_1': 6, 'D_layer_units_exponent_2': 10, 'D_layer_units_exponent_3': 7, 'D_layer_units_exponent_4': 9, 'D_dagger_layers': 6, 'D_dagger_layer_units_exponent_0': 8, 'D_dagger_layer_units_exponent_1': 7, 'D_dagger_layer_units_exponent_2': 7, 'D_dagger_layer_units_exponent_3': 5, 'D_dagger_layer_units_exponent_4': 5, 'D_dagger_layer_units_exponent_5': 9, 'log_learning_rate': -1.8433932786483083, 'log_learning_rate_D': -2.61363109170057, 'log_learning_rate_D_dagger': -3.5250363110489364, 'training_batch_size': 11, 'training_p': 2}
	 epoch  0 training error:  tensor(1.0473, device='cuda:0', grad_fn=<DivBackward0>)
Memory status after this epoch: 
Memory allocated:  5.44873046875
Memory cached:  6.0
	 epoch  10 training error:  tensor(0.4666, device='cuda:0', grad_fn=<DivBackward0>)
Memory status after this epoch: 
Memory allocated:  5.44873046875
Memory cached:  8.0
	 epoch  20 training error:  tensor(0.2761, device='cuda:0', grad_fn=<DivBackward0>)
Memory status after this epoch: 
Memory allocated:  5.44873046875
Memory cached:  8.0
	 epoch  30 training error:  tensor(0.1922, device='cuda:0', grad_fn=<DivBackward0>)
Memory status after this epoch: 
Memory allocated:  5.44873046875
Memory cached:  8.0
	 epoch  40 training error:  tensor(0.1097, device='cuda:0', grad_fn=<DivBackward0>)
Memory status after this epoch: 
Memory allocated:  5.44873046875
Memory cached:  8.0
	 epoch  50 training error:  tensor(0.0806, device='cuda:0', grad_fn=<DivBackward0>)
Memory status after this epoch: 
Memory allocated:  5.44873046875
Memory cached:  8.0
	 epoch  60 training error:  tensor(0.0709, device='cuda:0', grad_fn=<DivBackward0>)
Memory status after this epoch: 
Memory allocated:  5.44873046875
Memory cached:  8.0
	 epoch  70 training error:  tensor(0.0643, device='cuda:0', grad_fn=<DivBackward0>)
Memory status after this epoch: 
Memory allocated:  5.44873046875
Memory cached:  8.0
	 epoch  80 training error:  tensor(0.0632, device='cuda:0', grad_fn=<DivBackward0>)
Memory status after this epoch: 
Memory allocated:  5.44873046875
Memory cached:  8.0
	 epoch  90 training error:  tensor(0.0623, device='cuda:0', grad_fn=<DivBackward0>)
Memory status after this epoch: 
Memory allocated:  5.44873046875
Memory cached:  8.0
