[I 2023-11-17 13:46:25,747] Trial 20 finished with value: 0.1913795918226242 and parameters: {'W_layers': 2, 'W_layer_units_exponent_0': 5, 'W_layer_units_exponent_1': 9, 'D_layers': 5, 'D_layer_units_exponent_0': 8, 'D_layer_units_exponent_1': 7, 'D_layer_units_exponent_2': 5, 'D_layer_units_exponent_3': 7, 'D_layer_units_exponent_4': 6, 'log_learning_rate': -4.166459598262254, 'log_learning_rate_D': -4.464632380536214, 'training_batch_size': 8, 'training_p': 2}. Best is trial 10 with value: 0.190627321600914.
Time for this trial:  121.98158645629883
Memory status after this trial: 
Memory allocated:  402.212890625
Memory cached:  416.0
--------------------  Trial  21   --------------------
Start timing: 
Parameters: 
{'W_layers': 2, 'W_layer_units_exponent_0': 10, 'W_layer_units_exponent_1': 10, 'D_layers': 2, 'D_layer_units_exponent_0': 10, 'D_layer_units_exponent_1': 10, 'log_learning_rate': -4.9559865726153225, 'log_learning_rate_D': -4.710726908297294, 'training_batch_size': 11, 'training_p': 2}
	 epoch  0 training error:  tensor(1.1278, device='cuda:0', grad_fn=<DivBackward0>)
	 epoch  0 test error:  tensor(0.2008, device='cuda:0', grad_fn=<DivBackward0>)
Memory status after this epoch: 
Memory allocated:  391.34619140625
Memory cached:  552.0
	 epoch  10 training error:  tensor(1.0121, device='cuda:0', grad_fn=<DivBackward0>)
	 epoch  10 test error:  tensor(0.1931, device='cuda:0', grad_fn=<DivBackward0>)
Memory status after this epoch: 
Memory allocated:  391.34619140625
Memory cached:  786.0
	 epoch  20 training error:  tensor(0.9950, device='cuda:0', grad_fn=<DivBackward0>)
	 epoch  20 test error:  tensor(0.1919, device='cuda:0', grad_fn=<DivBackward0>)
Memory status after this epoch: 
Memory allocated:  392.00244140625
Memory cached:  766.0
	 epoch  30 training error:  tensor(0.9961, device='cuda:0', grad_fn=<DivBackward0>)
	 epoch  30 test error:  tensor(0.1918, device='cuda:0', grad_fn=<DivBackward0>)
Memory status after this epoch: 
Memory allocated:  391.43994140625
Memory cached:  766.0
	 epoch  40 training error:  tensor(0.9952, device='cuda:0', grad_fn=<DivBackward0>)
	 epoch  40 test error:  tensor(0.1915, device='cuda:0', grad_fn=<DivBackward0>)
Memory status after this epoch: 
Memory allocated:  391.76806640625
Memory cached:  762.0
	 epoch  50 training error:  tensor(0.9943, device='cuda:0', grad_fn=<DivBackward0>)
	 epoch  50 test error:  tensor(0.1914, device='cuda:0', grad_fn=<DivBackward0>)
Memory status after this epoch: 
Memory allocated:  391.86181640625
Memory cached:  762.0
	 epoch  60 training error:  tensor(0.9941, device='cuda:0', grad_fn=<DivBackward0>)
	 epoch  60 test error:  tensor(0.1912, device='cuda:0', grad_fn=<DivBackward0>)
Memory status after this epoch: 
Memory allocated:  391.76806640625
Memory cached:  762.0
	 epoch  70 training error:  tensor(0.9940, device='cuda:0', grad_fn=<DivBackward0>)
	 epoch  70 test error:  tensor(0.1910, device='cuda:0', grad_fn=<DivBackward0>)
Memory status after this epoch: 
Memory allocated:  391.86181640625
Memory cached:  762.0
	 epoch  80 training error:  tensor(0.9939, device='cuda:0', grad_fn=<DivBackward0>)
	 epoch  80 test error:  tensor(0.1909, device='cuda:0', grad_fn=<DivBackward0>)
Memory status after this epoch: 
Memory allocated:  391.76806640625
Memory cached:  762.0
	 epoch  90 training error:  tensor(0.9939, device='cuda:0', grad_fn=<DivBackward0>)
	 epoch  90 test error:  tensor(0.1909, device='cuda:0', grad_fn=<DivBackward0>)
Memory status after this epoch: 
Memory allocated:  391.86181640625
Memory cached:  762.0
[I 2023-11-17 13:48:26,937] Trial 21 finished with value: 0.19082045555114746 and parameters: {'W_layers': 2, 'W_layer_units_exponent_0': 10, 'W_layer_units_exponent_1': 10, 'D_layers': 2, 'D_layer_units_exponent_0': 10, 'D_layer_units_exponent_1': 10, 'log_learning_rate': -4.9559865726153225, 'log_learning_rate_D': -4.710726908297294, 'training_batch_size': 11, 'training_p': 2}. Best is trial 10 with value: 0.190627321600914.
Time for this trial:  121.02129173278809
Memory status after this trial: 
Memory allocated:  730.7666015625
Memory cached:  762.0
--------------------  Trial  22   --------------------
Start timing: 
Parameters: 
{'W_layers': 3, 'W_layer_units_exponent_0': 10, 'W_layer_units_exponent_1': 9, 'W_layer_units_exponent_2': 6, 'D_layers': 2, 'D_layer_units_exponent_0': 10, 'D_layer_units_exponent_1': 10, 'log_learning_rate': -4.988853258302882, 'log_learning_rate_D': -4.678774323867055, 'training_batch_size': 11, 'training_p': 3}
	 epoch  0 training error:  tensor(0.9938, device='cuda:0', grad_fn=<DivBackward0>)
	 epoch  0 test error:  tensor(0.1915, device='cuda:0', grad_fn=<DivBackward0>)
Memory status after this epoch: 
Memory allocated:  360.36962890625
Memory cached:  482.0
	 epoch  10 training error:  tensor(0.9930, device='cuda:0', grad_fn=<DivBackward0>)
	 epoch  10 test error:  tensor(0.1915, device='cuda:0', grad_fn=<DivBackward0>)
Memory status after this epoch: 
Memory allocated:  359.80712890625
Memory cached:  704.0
	 epoch  20 training error:  tensor(0.9931, device='cuda:0', grad_fn=<DivBackward0>)
	 epoch  20 test error:  tensor(0.1916, device='cuda:0', grad_fn=<DivBackward0>)
Memory status after this epoch: 
Memory allocated:  360.46337890625
Memory cached:  704.0
	 epoch  30 training error:  tensor(0.9930, device='cuda:0', grad_fn=<DivBackward0>)
	 epoch  30 test error:  tensor(0.1916, device='cuda:0', grad_fn=<DivBackward0>)
Memory status after this epoch: 
Memory allocated:  359.52587890625
Memory cached:  704.0
	 epoch  40 training error:  tensor(0.9930, device='cuda:0', grad_fn=<DivBackward0>)
	 epoch  40 test error:  tensor(0.1917, device='cuda:0', grad_fn=<DivBackward0>)
Memory status after this epoch: 
Memory allocated:  360.46337890625
Memory cached:  704.0
	 epoch  50 training error:  tensor(0.9930, device='cuda:0', grad_fn=<DivBackward0>)
	 epoch  50 test error:  tensor(0.1917, device='cuda:0', grad_fn=<DivBackward0>)
Memory status after this epoch: 
Memory allocated:  359.52587890625
Memory cached:  704.0
	 epoch  60 training error:  tensor(0.9930, device='cuda:0', grad_fn=<DivBackward0>)
	 epoch  60 test error:  tensor(0.1917, device='cuda:0', grad_fn=<DivBackward0>)
Memory status after this epoch: 
Memory allocated:  360.46337890625
Memory cached:  704.0
	 epoch  70 training error:  tensor(0.9930, device='cuda:0', grad_fn=<DivBackward0>)
	 epoch  70 test error:  tensor(0.1917, device='cuda:0', grad_fn=<DivBackward0>)
Memory status after this epoch: 
Memory allocated:  359.52587890625
Memory cached:  704.0
	 epoch  80 training error:  tensor(0.9930, device='cuda:0', grad_fn=<DivBackward0>)
	 epoch  80 test error:  tensor(0.1917, device='cuda:0', grad_fn=<DivBackward0>)
Memory status after this epoch: 
Memory allocated:  360.46337890625
Memory cached:  706.0
	 epoch  90 training error:  tensor(0.9930, device='cuda:0', grad_fn=<DivBackward0>)
	 epoch  90 test error:  tensor(0.1917, device='cuda:0', grad_fn=<DivBackward0>)
Memory status after this epoch: 
Memory allocated:  359.52587890625
Memory cached:  706.0
[I 2023-11-17 13:50:26,305] Trial 22 finished with value: 0.1916932910680771 and parameters: {'W_layers': 3, 'W_layer_units_exponent_0': 10, 'W_layer_units_exponent_1': 9, 'W_layer_units_exponent_2': 6, 'D_layers': 2, 'D_layer_units_exponent_0': 10, 'D_layer_units_exponent_1': 10, 'log_learning_rate': -4.988853258302882, 'log_learning_rate_D': -4.678774323867055, 'training_batch_size': 11, 'training_p': 3}. Best is trial 10 with value: 0.190627321600914.
Time for this trial:  119.1981348991394
Memory status after this trial: 
Memory allocated:  678.5458984375
Memory cached:  704.0
--------------------  Trial  23   --------------------
Start timing: 
Parameters: 
{'W_layers': 2, 'W_layer_units_exponent_0': 9, 'W_layer_units_exponent_1': 10, 'D_layers': 3, 'D_layer_units_exponent_0': 9, 'D_layer_units_exponent_1': 9, 'D_layer_units_exponent_2': 9, 'log_learning_rate': -4.526298477024365, 'log_learning_rate_D': -4.144884741009871, 'training_batch_size': 12, 'training_p': 2}
	 epoch  0 training error:  tensor(0.9976, device='cuda:0', grad_fn=<DivBackward0>)
	 epoch  0 test error:  tensor(0.1915, device='cuda:0', grad_fn=<DivBackward0>)
Memory status after this epoch: 
Memory allocated:  320.60400390625
Memory cached:  464.0
	 epoch  10 training error:  tensor(0.9950, device='cuda:0', grad_fn=<DivBackward0>)
	 epoch  10 test error:  tensor(0.1912, device='cuda:0', grad_fn=<DivBackward0>)
Memory status after this epoch: 
Memory allocated:  320.65087890625
Memory cached:  640.0
	 epoch  20 training error:  tensor(0.9942, device='cuda:0', grad_fn=<DivBackward0>)
	 epoch  20 test error:  tensor(0.1909, device='cuda:0', grad_fn=<DivBackward0>)
Memory status after this epoch: 
Memory allocated:  321.02587890625
Memory cached:  640.0
	 epoch  30 training error:  tensor(0.9939, device='cuda:0', grad_fn=<DivBackward0>)
	 epoch  30 test error:  tensor(0.1907, device='cuda:0', grad_fn=<DivBackward0>)
Memory status after this epoch: 
Memory allocated:  320.65087890625
Memory cached:  640.0
	 epoch  40 training error:  tensor(0.9938, device='cuda:0', grad_fn=<DivBackward0>)
	 epoch  40 test error:  tensor(0.1906, device='cuda:0', grad_fn=<DivBackward0>)
Memory status after this epoch: 
Memory allocated:  321.02587890625
Memory cached:  640.0
	 epoch  50 training error:  tensor(0.9938, device='cuda:0', grad_fn=<DivBackward0>)
	 epoch  50 test error:  tensor(0.1906, device='cuda:0', grad_fn=<DivBackward0>)
Memory status after this epoch: 
Memory allocated:  320.65087890625
Memory cached:  640.0
	 epoch  60 training error:  tensor(0.9937, device='cuda:0', grad_fn=<DivBackward0>)
	 epoch  60 test error:  tensor(0.1906, device='cuda:0', grad_fn=<DivBackward0>)
Memory status after this epoch: 
Memory allocated:  321.02587890625
Memory cached:  640.0
	 epoch  70 training error:  tensor(0.9937, device='cuda:0', grad_fn=<DivBackward0>)
	 epoch  70 test error:  tensor(0.1906, device='cuda:0', grad_fn=<DivBackward0>)
Memory status after this epoch: 
Memory allocated:  320.65087890625
Memory cached:  640.0
	 epoch  80 training error:  tensor(0.9936, device='cuda:0', grad_fn=<DivBackward0>)
	 epoch  80 test error:  tensor(0.1906, device='cuda:0', grad_fn=<DivBackward0>)
Memory status after this epoch: 
Memory allocated:  321.02587890625
Memory cached:  640.0
	 epoch  90 training error:  tensor(0.9936, device='cuda:0', grad_fn=<DivBackward0>)
	 epoch  90 test error:  tensor(0.1906, device='cuda:0', grad_fn=<DivBackward0>)
Memory status after this epoch: 
Memory allocated:  320.65087890625
Memory cached:  640.0
[I 2023-11-17 13:52:20,994] Trial 23 finished with value: 0.19060955941677094 and parameters: {'W_layers': 2, 'W_layer_units_exponent_0': 9, 'W_layer_units_exponent_1': 10, 'D_layers': 3, 'D_layer_units_exponent_0': 9, 'D_layer_units_exponent_1': 9, 'D_layer_units_exponent_2': 9, 'log_learning_rate': -4.526298477024365, 'log_learning_rate_D': -4.144884741009871, 'training_batch_size': 12, 'training_p': 2}. Best is trial 23 with value: 0.19060955941677094.
Time for this trial:  114.51897287368774
Memory status after this trial: 
Memory allocated:  613.3759765625
Memory cached:  640.0
--------------------  Trial  24   --------------------
Start timing: 
Parameters: 
{'W_layers': 3, 'W_layer_units_exponent_0': 9, 'W_layer_units_exponent_1': 10, 'W_layer_units_exponent_2': 8, 'D_layers': 3, 'D_layer_units_exponent_0': 9, 'D_layer_units_exponent_1': 9, 'D_layer_units_exponent_2': 9, 'log_learning_rate': -4.398905573225572, 'log_learning_rate_D': -4.11736901820585, 'training_batch_size': 12, 'training_p': 4}
	 epoch  0 training error:  tensor(0.9946, device='cuda:0', grad_fn=<DivBackward0>)
	 epoch  0 test error:  tensor(0.1925, device='cuda:0', grad_fn=<DivBackward0>)
Memory status after this epoch: 
Memory allocated:  338.54931640625
Memory cached:  486.0
	 epoch  10 training error:  tensor(0.9920, device='cuda:0', grad_fn=<DivBackward0>)
	 epoch  10 test error:  tensor(0.1917, device='cuda:0', grad_fn=<DivBackward0>)
Memory status after this epoch: 
Memory allocated:  337.79931640625
Memory cached:  674.0
	 epoch  20 training error:  tensor(0.9912, device='cuda:0', grad_fn=<DivBackward0>)
	 epoch  20 test error:  tensor(0.1921, device='cuda:0', grad_fn=<DivBackward0>)
Memory status after this epoch: 
Memory allocated:  339.01806640625
Memory cached:  654.0
	 epoch  30 training error:  tensor(0.9910, device='cuda:0', grad_fn=<DivBackward0>)
	 epoch  30 test error:  tensor(0.1926, device='cuda:0', grad_fn=<DivBackward0>)
Memory status after this epoch: 
Memory allocated:  337.79931640625
Memory cached:  654.0
	 epoch  40 training error:  tensor(0.9910, device='cuda:0', grad_fn=<DivBackward0>)
	 epoch  40 test error:  tensor(0.1927, device='cuda:0', grad_fn=<DivBackward0>)
Memory status after this epoch: 
Memory allocated:  339.01806640625
Memory cached:  654.0
	 epoch  50 training error:  tensor(0.9909, device='cuda:0', grad_fn=<DivBackward0>)
	 epoch  50 test error:  tensor(0.1927, device='cuda:0', grad_fn=<DivBackward0>)
Memory status after this epoch: 
Memory allocated:  337.79931640625
Memory cached:  654.0
	 epoch  60 training error:  tensor(0.9908, device='cuda:0', grad_fn=<DivBackward0>)
	 epoch  60 test error:  tensor(0.1928, device='cuda:0', grad_fn=<DivBackward0>)
Memory status after this epoch: 
Memory allocated:  339.01806640625
Memory cached:  654.0
	 epoch  70 training error:  tensor(0.9908, device='cuda:0', grad_fn=<DivBackward0>)
	 epoch  70 test error:  tensor(0.1927, device='cuda:0', grad_fn=<DivBackward0>)
Memory status after this epoch: 
Memory allocated:  337.79931640625
Memory cached:  654.0
	 epoch  80 training error:  tensor(0.9907, device='cuda:0', grad_fn=<DivBackward0>)
	 epoch  80 test error:  tensor(0.1928, device='cuda:0', grad_fn=<DivBackward0>)
Memory status after this epoch: 
Memory allocated:  339.01806640625
Memory cached:  654.0
	 epoch  90 training error:  tensor(0.9906, device='cuda:0', grad_fn=<DivBackward0>)
	 epoch  90 test error:  tensor(0.1928, device='cuda:0', grad_fn=<DivBackward0>)
Memory status after this epoch: 
Memory allocated:  337.79931640625
Memory cached:  654.0
[I 2023-11-17 13:54:25,467] Trial 24 finished with value: 0.1928095668554306 and parameters: {'W_layers': 3, 'W_layer_units_exponent_0': 9, 'W_layer_units_exponent_1': 10, 'W_layer_units_exponent_2': 8, 'D_layers': 3, 'D_layer_units_exponent_0': 9, 'D_layer_units_exponent_1': 9, 'D_layer_units_exponent_2': 9, 'log_learning_rate': -4.398905573225572, 'log_learning_rate_D': -4.11736901820585, 'training_batch_size': 12, 'training_p': 4}. Best is trial 23 with value: 0.19060955941677094.
Time for this trial:  124.26491737365723
Memory status after this trial: 
Memory allocated:  643.0908203125
Memory cached:  654.0
--------------------  Trial  25   --------------------
Start timing: 
Parameters: 
{'W_layers': 2, 'W_layer_units_exponent_0': 9, 'W_layer_units_exponent_1': 10, 'D_layers': 4, 'D_layer_units_exponent_0': 9, 'D_layer_units_exponent_1': 9, 'D_layer_units_exponent_2': 10, 'D_layer_units_exponent_3': 7, 'log_learning_rate': -3.998607991485498, 'log_learning_rate_D': -4.515984585804147, 'training_batch_size': 6, 'training_p': 3}
	 epoch  0 training error:  tensor(1.0009, device='cuda:0', grad_fn=<DivBackward0>)
	 epoch  0 test error:  tensor(0.1925, device='cuda:0', grad_fn=<DivBackward0>)
Memory status after this epoch: 
Memory allocated:  359.83642578125
Memory cached:  480.0
	 epoch  10 training error:  tensor(0.9934, device='cuda:0', grad_fn=<DivBackward0>)
	 epoch  10 test error:  tensor(0.1918, device='cuda:0', grad_fn=<DivBackward0>)
Memory status after this epoch: 
Memory allocated:  360.21142578125
Memory cached:  704.0
	 epoch  20 training error:  tensor(0.9932, device='cuda:0', grad_fn=<DivBackward0>)
	 epoch  20 test error:  tensor(0.1918, device='cuda:0', grad_fn=<DivBackward0>)
Memory status after this epoch: 
Memory allocated:  360.77392578125
Memory cached:  708.0
	 epoch  30 training error:  tensor(0.9931, device='cuda:0', grad_fn=<DivBackward0>)
	 epoch  30 test error:  tensor(0.1918, device='cuda:0', grad_fn=<DivBackward0>)
Memory status after this epoch: 
Memory allocated:  360.25830078125
Memory cached:  708.0
	 epoch  40 training error:  tensor(0.9930, device='cuda:0', grad_fn=<DivBackward0>)
	 epoch  40 test error:  tensor(0.1918, device='cuda:0', grad_fn=<DivBackward0>)
Memory status after this epoch: 
Memory allocated:  360.72705078125
Memory cached:  708.0
	 epoch  50 training error:  tensor(0.9930, device='cuda:0', grad_fn=<DivBackward0>)
	 epoch  50 test error:  tensor(0.1918, device='cuda:0', grad_fn=<DivBackward0>)
Memory status after this epoch: 
Memory allocated:  360.25830078125
Memory cached:  708.0
	 epoch  60 training error:  tensor(0.9934, device='cuda:0', grad_fn=<DivBackward0>)
	 epoch  60 test error:  tensor(0.1918, device='cuda:0', grad_fn=<DivBackward0>)
Memory status after this epoch: 
Memory allocated:  360.72705078125
Memory cached:  708.0
	 epoch  70 training error:  tensor(0.9938, device='cuda:0', grad_fn=<DivBackward0>)
	 epoch  70 test error:  tensor(0.1917, device='cuda:0', grad_fn=<DivBackward0>)
Memory status after this epoch: 
Memory allocated:  360.25830078125
Memory cached:  708.0
	 epoch  80 training error:  tensor(0.9930, device='cuda:0', grad_fn=<DivBackward0>)
	 epoch  80 test error:  tensor(0.1918, device='cuda:0', grad_fn=<DivBackward0>)
Memory status after this epoch: 
Memory allocated:  360.72705078125
Memory cached:  708.0
	 epoch  90 training error:  tensor(0.9935, device='cuda:0', grad_fn=<DivBackward0>)
	 epoch  90 test error:  tensor(0.1917, device='cuda:0', grad_fn=<DivBackward0>)
Memory status after this epoch: 
Memory allocated:  360.25830078125
Memory cached:  708.0
[I 2023-11-17 13:57:46,868] Trial 25 finished with value: 0.19174183905124664 and parameters: {'W_layers': 2, 'W_layer_units_exponent_0': 9, 'W_layer_units_exponent_1': 10, 'D_layers': 4, 'D_layer_units_exponent_0': 9, 'D_layer_units_exponent_1': 9, 'D_layer_units_exponent_2': 10, 'D_layer_units_exponent_3': 7, 'log_learning_rate': -3.998607991485498, 'log_learning_rate_D': -4.515984585804147, 'training_batch_size': 6, 'training_p': 3}. Best is trial 23 with value: 0.19060955941677094.
Time for this trial:  201.20309615135193
Memory status after this trial: 
Memory allocated:  684.2412109375
Memory cached:  708.0
--------------------  Trial  26   --------------------
Start timing: 
Parameters: 
{'W_layers': 3, 'W_layer_units_exponent_0': 10, 'W_layer_units_exponent_1': 8, 'W_layer_units_exponent_2': 9, 'D_layers': 3, 'D_layer_units_exponent_0': 10, 'D_layer_units_exponent_1': 10, 'D_layer_units_exponent_2': 8, 'log_learning_rate': -4.565515491848689, 'log_learning_rate_D': -4.1121506851102705, 'training_batch_size': 12, 'training_p': 2}
	 epoch  0 training error:  tensor(1.0050, device='cuda:0', grad_fn=<DivBackward0>)
	 epoch  0 test error:  tensor(0.1916, device='cuda:0', grad_fn=<DivBackward0>)
Memory status after this epoch: 
Memory allocated:  385.04931640625
Memory cached:  524.0
	 epoch  10 training error:  tensor(0.9957, device='cuda:0', grad_fn=<DivBackward0>)
	 epoch  10 test error:  tensor(0.1915, device='cuda:0', grad_fn=<DivBackward0>)
Memory status after this epoch: 
Memory allocated:  384.95556640625
Memory cached:  754.0
	 epoch  20 training error:  tensor(0.9947, device='cuda:0', grad_fn=<DivBackward0>)
	 epoch  20 test error:  tensor(0.1914, device='cuda:0', grad_fn=<DivBackward0>)
Memory status after this epoch: 
Memory allocated:  385.04931640625
Memory cached:  754.0
	 epoch  30 training error:  tensor(0.9942, device='cuda:0', grad_fn=<DivBackward0>)
	 epoch  30 test error:  tensor(0.1914, device='cuda:0', grad_fn=<DivBackward0>)
Memory status after this epoch: 
Memory allocated:  384.95556640625
Memory cached:  754.0
	 epoch  40 training error:  tensor(0.9942, device='cuda:0', grad_fn=<DivBackward0>)
	 epoch  40 test error:  tensor(0.1912, device='cuda:0', grad_fn=<DivBackward0>)
Memory status after this epoch: 
Memory allocated:  385.04931640625
Memory cached:  754.0
	 epoch  50 training error:  tensor(0.9941, device='cuda:0', grad_fn=<DivBackward0>)
	 epoch  50 test error:  tensor(0.1912, device='cuda:0', grad_fn=<DivBackward0>)
Memory status after this epoch: 
Memory allocated:  384.95556640625
Memory cached:  754.0
	 epoch  60 training error:  tensor(0.9940, device='cuda:0', grad_fn=<DivBackward0>)
	 epoch  60 test error:  tensor(0.1910, device='cuda:0', grad_fn=<DivBackward0>)
Memory status after this epoch: 
Memory allocated:  385.04931640625
Memory cached:  754.0
	 epoch  70 training error:  tensor(0.9938, device='cuda:0', grad_fn=<DivBackward0>)
	 epoch  70 test error:  tensor(0.1908, device='cuda:0', grad_fn=<DivBackward0>)
Memory status after this epoch: 
Memory allocated:  384.95556640625
Memory cached:  754.0
	 epoch  80 training error:  tensor(0.9937, device='cuda:0', grad_fn=<DivBackward0>)
	 epoch  80 test error:  tensor(0.1907, device='cuda:0', grad_fn=<DivBackward0>)
Memory status after this epoch: 
Memory allocated:  385.04931640625
Memory cached:  754.0
	 epoch  90 training error:  tensor(0.9936, device='cuda:0', grad_fn=<DivBackward0>)
	 epoch  90 test error:  tensor(0.1906, device='cuda:0', grad_fn=<DivBackward0>)
Memory status after this epoch: 
Memory allocated:  384.95556640625
Memory cached:  754.0
