[I 2023-11-10 16:42:42,896] Trial 46 finished with value: 0.03879142552614212 and parameters: {'W_layers': 3, 'W_layer_units_exponent_0': 8, 'W_layer_units_exponent_1': 10, 'W_layer_units_exponent_2': 4, 'D_layers': 4, 'D_layer_units_exponent_0': 10, 'D_layer_units_exponent_1': 9, 'D_layer_units_exponent_2': 9, 'D_layer_units_exponent_3': 4, 'log_learning_rate': -4.148129311873918, 'log_learning_rate_D': -4.070492923216092, 'training_batch_size': 11, 'training_p': 7}. Best is trial 34 with value: 0.03669334203004837.
Time for this trial:  138.74725127220154
Memory status after this trial: 
Memory allocated:  873.97705078125
Memory cached:  886.0
--------------------  Trial  47   --------------------
Start timing: 
Parameters: 
{'W_layers': 5, 'W_layer_units_exponent_0': 7, 'W_layer_units_exponent_1': 10, 'W_layer_units_exponent_2': 6, 'W_layer_units_exponent_3': 7, 'W_layer_units_exponent_4': 5, 'D_layers': 6, 'D_layer_units_exponent_0': 10, 'D_layer_units_exponent_1': 8, 'D_layer_units_exponent_2': 8, 'D_layer_units_exponent_3': 6, 'D_layer_units_exponent_4': 10, 'D_layer_units_exponent_5': 9, 'log_learning_rate': -4.9500061619383455, 'log_learning_rate_D': -4.3013036384360115, 'training_batch_size': 11, 'training_p': 8}
	 epoch  0 training error:  tensor(1.7050, device='cuda:0', grad_fn=<DivBackward0>)
	 epoch  0 test error:  tensor(0.1233, device='cuda:0', grad_fn=<DivBackward0>)
Memory status after this epoch: 
Memory allocated:  516.912109375
Memory cached:  760.0
	 epoch  10 training error:  tensor(1.0710, device='cuda:0', grad_fn=<DivBackward0>)
	 epoch  10 test error:  tensor(0.0721, device='cuda:0', grad_fn=<DivBackward0>)
Memory status after this epoch: 
Memory allocated:  521.458984375
Memory cached:  1008.0
	 epoch  20 training error:  tensor(0.9080, device='cuda:0', grad_fn=<DivBackward0>)
	 epoch  20 test error:  tensor(0.0711, device='cuda:0', grad_fn=<DivBackward0>)
Memory status after this epoch: 
Memory allocated:  516.912109375
Memory cached:  1008.0
	 epoch  30 training error:  tensor(0.7374, device='cuda:0', grad_fn=<DivBackward0>)
	 epoch  30 test error:  tensor(0.0547, device='cuda:0', grad_fn=<DivBackward0>)
Memory status after this epoch: 
Memory allocated:  521.458984375
Memory cached:  1008.0
	 epoch  40 training error:  tensor(0.5603, device='cuda:0', grad_fn=<DivBackward0>)
	 epoch  40 test error:  tensor(0.0452, device='cuda:0', grad_fn=<DivBackward0>)
Memory status after this epoch: 
Memory allocated:  517.005859375
Memory cached:  1008.0
	 epoch  50 training error:  tensor(0.4796, device='cuda:0', grad_fn=<DivBackward0>)
	 epoch  50 test error:  tensor(0.0387, device='cuda:0', grad_fn=<DivBackward0>)
Memory status after this epoch: 
Memory allocated:  521.271484375
Memory cached:  1008.0
	 epoch  60 training error:  tensor(0.4717, device='cuda:0', grad_fn=<DivBackward0>)
	 epoch  60 test error:  tensor(0.0373, device='cuda:0', grad_fn=<DivBackward0>)
Memory status after this epoch: 
Memory allocated:  517.099609375
Memory cached:  1008.0
	 epoch  70 training error:  tensor(0.4672, device='cuda:0', grad_fn=<DivBackward0>)
	 epoch  70 test error:  tensor(0.0381, device='cuda:0', grad_fn=<DivBackward0>)
Memory status after this epoch: 
Memory allocated:  521.177734375
Memory cached:  1008.0
	 epoch  80 training error:  tensor(0.4637, device='cuda:0', grad_fn=<DivBackward0>)
	 epoch  80 test error:  tensor(0.0392, device='cuda:0', grad_fn=<DivBackward0>)
Memory status after this epoch: 
Memory allocated:  517.099609375
Memory cached:  1008.0
	 epoch  90 training error:  tensor(0.4590, device='cuda:0', grad_fn=<DivBackward0>)
	 epoch  90 test error:  tensor(0.0392, device='cuda:0', grad_fn=<DivBackward0>)
Memory status after this epoch: 
Memory allocated:  521.177734375
Memory cached:  1008.0
[I 2023-11-10 16:45:40,112] Trial 47 finished with value: 0.03884860873222351 and parameters: {'W_layers': 5, 'W_layer_units_exponent_0': 7, 'W_layer_units_exponent_1': 10, 'W_layer_units_exponent_2': 6, 'W_layer_units_exponent_3': 7, 'W_layer_units_exponent_4': 5, 'D_layers': 6, 'D_layer_units_exponent_0': 10, 'D_layer_units_exponent_1': 8, 'D_layer_units_exponent_2': 8, 'D_layer_units_exponent_3': 6, 'D_layer_units_exponent_4': 10, 'D_layer_units_exponent_5': 9, 'log_learning_rate': -4.9500061619383455, 'log_learning_rate_D': -4.3013036384360115, 'training_batch_size': 11, 'training_p': 8}. Best is trial 34 with value: 0.03669334203004837.
Time for this trial:  176.9360237121582
Memory status after this trial: 
Memory allocated:  995.64501953125
Memory cached:  1008.0
--------------------  Trial  48   --------------------
Start timing: 
Parameters: 
{'W_layers': 4, 'W_layer_units_exponent_0': 6, 'W_layer_units_exponent_1': 9, 'W_layer_units_exponent_2': 5, 'W_layer_units_exponent_3': 4, 'D_layers': 5, 'D_layer_units_exponent_0': 9, 'D_layer_units_exponent_1': 9, 'D_layer_units_exponent_2': 8, 'D_layer_units_exponent_3': 7, 'D_layer_units_exponent_4': 9, 'log_learning_rate': -2.863414830605323, 'log_learning_rate_D': -4.7451252218368385, 'training_batch_size': 10, 'training_p': 7}
	 epoch  0 training error:  tensor(2.3689, device='cuda:0', grad_fn=<DivBackward0>)
	 epoch  0 test error:  tensor(1.3567, device='cuda:0', grad_fn=<DivBackward0>)
Memory status after this epoch: 
Memory allocated:  407.0126953125
Memory cached:  654.0
	 epoch  10 training error:  tensor(2.6038, device='cuda:0', grad_fn=<DivBackward0>)
	 epoch  10 test error:  tensor(0.2038, device='cuda:0', grad_fn=<DivBackward0>)
Memory status after this epoch: 
Memory allocated:  402.9345703125
Memory cached:  798.0
	 epoch  20 training error:  tensor(0.9569, device='cuda:0', grad_fn=<DivBackward0>)
	 epoch  20 test error:  tensor(0.0963, device='cuda:0', grad_fn=<DivBackward0>)
Memory status after this epoch: 
Memory allocated:  406.5439453125
Memory cached:  798.0
	 epoch  30 training error:  tensor(0.9875, device='cuda:0', grad_fn=<DivBackward0>)
	 epoch  30 test error:  tensor(0.0676, device='cuda:0', grad_fn=<DivBackward0>)
Memory status after this epoch: 
Memory allocated:  403.0283203125
Memory cached:  798.0
	 epoch  40 training error:  tensor(0.8542, device='cuda:0', grad_fn=<DivBackward0>)
	 epoch  40 test error:  tensor(0.0620, device='cuda:0', grad_fn=<DivBackward0>)
Memory status after this epoch: 
Memory allocated:  406.5439453125
Memory cached:  798.0
	 epoch  50 training error:  tensor(0.6872, device='cuda:0', grad_fn=<DivBackward0>)
	 epoch  50 test error:  tensor(0.0530, device='cuda:0', grad_fn=<DivBackward0>)
Memory status after this epoch: 
Memory allocated:  403.0283203125
Memory cached:  800.0
	 epoch  60 training error:  tensor(0.5473, device='cuda:0', grad_fn=<DivBackward0>)
	 epoch  60 test error:  tensor(0.0385, device='cuda:0', grad_fn=<DivBackward0>)
Memory status after this epoch: 
Memory allocated:  406.5439453125
Memory cached:  800.0
	 epoch  70 training error:  tensor(0.5324, device='cuda:0', grad_fn=<DivBackward0>)
	 epoch  70 test error:  tensor(0.0364, device='cuda:0', grad_fn=<DivBackward0>)
Memory status after this epoch: 
Memory allocated:  403.0283203125
Memory cached:  800.0
	 epoch  80 training error:  tensor(0.5001, device='cuda:0', grad_fn=<DivBackward0>)
	 epoch  80 test error:  tensor(0.0378, device='cuda:0', grad_fn=<DivBackward0>)
Memory status after this epoch: 
Memory allocated:  406.5439453125
Memory cached:  800.0
	 epoch  90 training error:  tensor(0.4834, device='cuda:0', grad_fn=<DivBackward0>)
	 epoch  90 test error:  tensor(0.0384, device='cuda:0', grad_fn=<DivBackward0>)
Memory status after this epoch: 
Memory allocated:  403.0283203125
Memory cached:  798.0
[I 2023-11-10 16:48:08,645] Trial 48 finished with value: 0.037707895040512085 and parameters: {'W_layers': 4, 'W_layer_units_exponent_0': 6, 'W_layer_units_exponent_1': 9, 'W_layer_units_exponent_2': 5, 'W_layer_units_exponent_3': 4, 'D_layers': 5, 'D_layer_units_exponent_0': 9, 'D_layer_units_exponent_1': 9, 'D_layer_units_exponent_2': 8, 'D_layer_units_exponent_3': 7, 'D_layer_units_exponent_4': 9, 'log_learning_rate': -2.863414830605323, 'log_learning_rate_D': -4.7451252218368385, 'training_batch_size': 10, 'training_p': 7}. Best is trial 34 with value: 0.03669334203004837.
Time for this trial:  148.24934101104736
Memory status after this trial: 
Memory allocated:  783.02978515625
Memory cached:  798.0
--------------------  Trial  49   --------------------
Start timing: 
Parameters: 
{'W_layers': 2, 'W_layer_units_exponent_0': 8, 'W_layer_units_exponent_1': 8, 'D_layers': 6, 'D_layer_units_exponent_0': 8, 'D_layer_units_exponent_1': 8, 'D_layer_units_exponent_2': 10, 'D_layer_units_exponent_3': 5, 'D_layer_units_exponent_4': 10, 'D_layer_units_exponent_5': 5, 'log_learning_rate': -4.795233624481771, 'log_learning_rate_D': -4.015554464873142, 'training_batch_size': 10, 'training_p': 8}
	 epoch  0 training error:  tensor(7.1493, device='cuda:0', grad_fn=<DivBackward0>)
	 epoch  0 test error:  tensor(0.6108, device='cuda:0', grad_fn=<DivBackward0>)
Memory status after this epoch: 
Memory allocated:  433.34375
Memory cached:  684.0
	 epoch  10 training error:  tensor(1.1373, device='cuda:0', grad_fn=<DivBackward0>)
	 epoch  10 test error:  tensor(0.0481, device='cuda:0', grad_fn=<DivBackward0>)
Memory status after this epoch: 
Memory allocated:  436.859375
Memory cached:  860.0
	 epoch  20 training error:  tensor(1.3489, device='cuda:0', grad_fn=<DivBackward0>)
	 epoch  20 test error:  tensor(0.0938, device='cuda:0', grad_fn=<DivBackward0>)
Memory status after this epoch: 
Memory allocated:  433.34375
Memory cached:  860.0
	 epoch  30 training error:  tensor(0.8931, device='cuda:0', grad_fn=<DivBackward0>)
	 epoch  30 test error:  tensor(0.0600, device='cuda:0', grad_fn=<DivBackward0>)
Memory status after this epoch: 
Memory allocated:  436.859375
Memory cached:  860.0
	 epoch  40 training error:  tensor(0.5498, device='cuda:0', grad_fn=<DivBackward0>)
	 epoch  40 test error:  tensor(0.0417, device='cuda:0', grad_fn=<DivBackward0>)
Memory status after this epoch: 
Memory allocated:  433.34375
Memory cached:  860.0
	 epoch  50 training error:  tensor(0.5761, device='cuda:0', grad_fn=<DivBackward0>)
	 epoch  50 test error:  tensor(0.0407, device='cuda:0', grad_fn=<DivBackward0>)
Memory status after this epoch: 
Memory allocated:  436.859375
Memory cached:  860.0
	 epoch  60 training error:  tensor(0.5325, device='cuda:0', grad_fn=<DivBackward0>)
	 epoch  60 test error:  tensor(0.0405, device='cuda:0', grad_fn=<DivBackward0>)
Memory status after this epoch: 
Memory allocated:  433.34375
Memory cached:  860.0
	 epoch  70 training error:  tensor(0.5158, device='cuda:0', grad_fn=<DivBackward0>)
	 epoch  70 test error:  tensor(0.0386, device='cuda:0', grad_fn=<DivBackward0>)
Memory status after this epoch: 
Memory allocated:  436.859375
Memory cached:  860.0
	 epoch  80 training error:  tensor(0.5093, device='cuda:0', grad_fn=<DivBackward0>)
	 epoch  80 test error:  tensor(0.0375, device='cuda:0', grad_fn=<DivBackward0>)
Memory status after this epoch: 
Memory allocated:  433.34375
Memory cached:  860.0
	 epoch  90 training error:  tensor(0.5006, device='cuda:0', grad_fn=<DivBackward0>)
	 epoch  90 test error:  tensor(0.0374, device='cuda:0', grad_fn=<DivBackward0>)
Memory status after this epoch: 
Memory allocated:  436.859375
Memory cached:  860.0
[I 2023-11-10 16:50:32,550] Trial 49 finished with value: 0.0374336875975132 and parameters: {'W_layers': 2, 'W_layer_units_exponent_0': 8, 'W_layer_units_exponent_1': 8, 'D_layers': 6, 'D_layer_units_exponent_0': 8, 'D_layer_units_exponent_1': 8, 'D_layer_units_exponent_2': 10, 'D_layer_units_exponent_3': 5, 'D_layer_units_exponent_4': 10, 'D_layer_units_exponent_5': 5, 'log_learning_rate': -4.795233624481771, 'log_learning_rate_D': -4.015554464873142, 'training_batch_size': 10, 'training_p': 8}. Best is trial 34 with value: 0.03669334203004837.
Time for this trial:  143.62295985221863
Memory status after this trial: 
Memory allocated:  844.79150390625
Memory cached:  860.0
