[I 2023-11-16 18:43:35,176] Trial 25 finished with value: 0.8689342737197876 and parameters: {'W_layers': 8, 'W_layer_units_exponent_0': 9, 'W_layer_units_exponent_1': 6, 'W_layer_units_exponent_2': 10, 'W_layer_units_exponent_3': 7, 'W_layer_units_exponent_4': 9, 'W_layer_units_exponent_5': 4, 'W_layer_units_exponent_6': 8, 'W_layer_units_exponent_7': 6, 'D_layers': 3, 'D_layer_units_exponent_0': 9, 'D_layer_units_exponent_1': 7, 'D_layer_units_exponent_2': 9, 'log_learning_rate': -2.6921842205784987, 'log_learning_rate_D': -2.7602802862368514, 'training_batch_size': 9, 'training_p': 3}. Best is trial 16 with value: 0.8001757860183716.
Time for this trial:  168.71931290626526
Memory status after this trial: 
Memory allocated:  562.3974609375
Memory cached:  572.0
--------------------  Trial  26   --------------------
Start timing: 
Parameters: 
{'W_layers': 8, 'W_layer_units_exponent_0': 8, 'W_layer_units_exponent_1': 9, 'W_layer_units_exponent_2': 10, 'W_layer_units_exponent_3': 7, 'W_layer_units_exponent_4': 7, 'W_layer_units_exponent_5': 4, 'W_layer_units_exponent_6': 9, 'W_layer_units_exponent_7': 4, 'D_layers': 2, 'D_layer_units_exponent_0': 10, 'D_layer_units_exponent_1': 7, 'log_learning_rate': -3.1424938372877147, 'log_learning_rate_D': -3.3963331886666253, 'training_batch_size': 10, 'training_p': 2}
	 epoch  0 training error:  tensor(1.0843, device='cuda:0', grad_fn=<DivBackward0>)
	 epoch  0 test error:  tensor(7.1307, device='cuda:0', grad_fn=<DivBackward0>)
Memory status after this epoch: 
Memory allocated:  297.83251953125
Memory cached:  370.0
	 epoch  10 training error:  tensor(0.4244, device='cuda:0', grad_fn=<DivBackward0>)
	 epoch  10 test error:  tensor(1.3321, device='cuda:0', grad_fn=<DivBackward0>)
Memory status after this epoch: 
Memory allocated:  299.00439453125
Memory cached:  592.0
	 epoch  20 training error:  tensor(0.2390, device='cuda:0', grad_fn=<DivBackward0>)
	 epoch  20 test error:  tensor(0.7819, device='cuda:0', grad_fn=<DivBackward0>)
Memory status after this epoch: 
Memory allocated:  297.83251953125
Memory cached:  592.0
	 epoch  30 training error:  tensor(0.2070, device='cuda:0', grad_fn=<DivBackward0>)
	 epoch  30 test error:  tensor(0.8932, device='cuda:0', grad_fn=<DivBackward0>)
Memory status after this epoch: 
Memory allocated:  298.53564453125
Memory cached:  592.0
	 epoch  40 training error:  tensor(0.1934, device='cuda:0', grad_fn=<DivBackward0>)
	 epoch  40 test error:  tensor(0.9500, device='cuda:0', grad_fn=<DivBackward0>)
Memory status after this epoch: 
Memory allocated:  297.83251953125
Memory cached:  592.0
	 epoch  50 training error:  tensor(0.1885, device='cuda:0', grad_fn=<DivBackward0>)
	 epoch  50 test error:  tensor(0.8694, device='cuda:0', grad_fn=<DivBackward0>)
Memory status after this epoch: 
Memory allocated:  298.53564453125
Memory cached:  592.0
	 epoch  60 training error:  tensor(0.1863, device='cuda:0', grad_fn=<DivBackward0>)
	 epoch  60 test error:  tensor(0.8378, device='cuda:0', grad_fn=<DivBackward0>)
Memory status after this epoch: 
Memory allocated:  297.83251953125
Memory cached:  592.0
	 epoch  70 training error:  tensor(0.1852, device='cuda:0', grad_fn=<DivBackward0>)
	 epoch  70 test error:  tensor(0.8328, device='cuda:0', grad_fn=<DivBackward0>)
Memory status after this epoch: 
Memory allocated:  298.53564453125
Memory cached:  592.0
	 epoch  80 training error:  tensor(0.1851, device='cuda:0', grad_fn=<DivBackward0>)
	 epoch  80 test error:  tensor(0.8500, device='cuda:0', grad_fn=<DivBackward0>)
Memory status after this epoch: 
Memory allocated:  297.83251953125
Memory cached:  594.0
	 epoch  90 training error:  tensor(0.1849, device='cuda:0', grad_fn=<DivBackward0>)
	 epoch  90 test error:  tensor(0.8493, device='cuda:0', grad_fn=<DivBackward0>)
Memory status after this epoch: 
Memory allocated:  298.53564453125
Memory cached:  596.0
[I 2023-11-16 18:46:16,939] Trial 26 finished with value: 0.8405565619468689 and parameters: {'W_layers': 8, 'W_layer_units_exponent_0': 8, 'W_layer_units_exponent_1': 9, 'W_layer_units_exponent_2': 10, 'W_layer_units_exponent_3': 7, 'W_layer_units_exponent_4': 7, 'W_layer_units_exponent_5': 4, 'W_layer_units_exponent_6': 9, 'W_layer_units_exponent_7': 4, 'D_layers': 2, 'D_layer_units_exponent_0': 10, 'D_layer_units_exponent_1': 7, 'log_learning_rate': -3.1424938372877147, 'log_learning_rate_D': -3.3963331886666253, 'training_batch_size': 10, 'training_p': 2}. Best is trial 16 with value: 0.8001757860183716.
Time for this trial:  161.4694459438324
Memory status after this trial: 
Memory allocated:  568.6171875
Memory cached:  596.0
--------------------  Trial  27   --------------------
Start timing: 
Parameters: 
{'W_layers': 5, 'W_layer_units_exponent_0': 8, 'W_layer_units_exponent_1': 6, 'W_layer_units_exponent_2': 9, 'W_layer_units_exponent_3': 4, 'W_layer_units_exponent_4': 8, 'D_layers': 3, 'D_layer_units_exponent_0': 9, 'D_layer_units_exponent_1': 8, 'D_layer_units_exponent_2': 9, 'log_learning_rate': -3.5481124197935685, 'log_learning_rate_D': -2.9329222513169095, 'training_batch_size': 10, 'training_p': 3}
	 epoch  0 training error:  tensor(0.5005, device='cuda:0', grad_fn=<DivBackward0>)
	 epoch  0 test error:  tensor(7.2727, device='cuda:0', grad_fn=<DivBackward0>)
Memory status after this epoch: 
Memory allocated:  215.72119140625
Memory cached:  274.0
	 epoch  10 training error:  tensor(0.2466, device='cuda:0', grad_fn=<DivBackward0>)
	 epoch  10 test error:  tensor(1.7176, device='cuda:0', grad_fn=<DivBackward0>)
Memory status after this epoch: 
Memory allocated:  215.29931640625
Memory cached:  424.0
	 epoch  20 training error:  tensor(0.2393, device='cuda:0', grad_fn=<DivBackward0>)
	 epoch  20 test error:  tensor(1.1469, device='cuda:0', grad_fn=<DivBackward0>)
Memory status after this epoch: 
Memory allocated:  215.76806640625
Memory cached:  424.0
	 epoch  30 training error:  tensor(0.2292, device='cuda:0', grad_fn=<DivBackward0>)
	 epoch  30 test error:  tensor(0.8031, device='cuda:0', grad_fn=<DivBackward0>)
Memory status after this epoch: 
Memory allocated:  215.72119140625
Memory cached:  424.0
	 epoch  40 training error:  tensor(0.2220, device='cuda:0', grad_fn=<DivBackward0>)
	 epoch  40 test error:  tensor(0.9165, device='cuda:0', grad_fn=<DivBackward0>)
Memory status after this epoch: 
Memory allocated:  215.76806640625
Memory cached:  426.0
	 epoch  50 training error:  tensor(0.2213, device='cuda:0', grad_fn=<DivBackward0>)
	 epoch  50 test error:  tensor(0.9397, device='cuda:0', grad_fn=<DivBackward0>)
Memory status after this epoch: 
Memory allocated:  215.29931640625
Memory cached:  428.0
	 epoch  60 training error:  tensor(0.2199, device='cuda:0', grad_fn=<DivBackward0>)
	 epoch  60 test error:  tensor(0.8861, device='cuda:0', grad_fn=<DivBackward0>)
Memory status after this epoch: 
Memory allocated:  216.18994140625
Memory cached:  424.0
	 epoch  70 training error:  tensor(0.2191, device='cuda:0', grad_fn=<DivBackward0>)
	 epoch  70 test error:  tensor(0.8756, device='cuda:0', grad_fn=<DivBackward0>)
Memory status after this epoch: 
Memory allocated:  215.29931640625
Memory cached:  424.0
	 epoch  80 training error:  tensor(0.2188, device='cuda:0', grad_fn=<DivBackward0>)
	 epoch  80 test error:  tensor(0.8746, device='cuda:0', grad_fn=<DivBackward0>)
Memory status after this epoch: 
Memory allocated:  215.72119140625
Memory cached:  424.0
	 epoch  90 training error:  tensor(0.2186, device='cuda:0', grad_fn=<DivBackward0>)
	 epoch  90 test error:  tensor(0.8764, device='cuda:0', grad_fn=<DivBackward0>)
Memory status after this epoch: 
Memory allocated:  215.76806640625
Memory cached:  424.0
[I 2023-11-16 18:48:32,757] Trial 27 finished with value: 0.8815578818321228 and parameters: {'W_layers': 5, 'W_layer_units_exponent_0': 8, 'W_layer_units_exponent_1': 6, 'W_layer_units_exponent_2': 9, 'W_layer_units_exponent_3': 4, 'W_layer_units_exponent_4': 8, 'D_layers': 3, 'D_layer_units_exponent_0': 9, 'D_layer_units_exponent_1': 8, 'D_layer_units_exponent_2': 9, 'log_learning_rate': -3.5481124197935685, 'log_learning_rate_D': -2.9329222513169095, 'training_batch_size': 10, 'training_p': 3}. Best is trial 16 with value: 0.8001757860183716.
Time for this trial:  135.57466745376587
Memory status after this trial: 
Memory allocated:  418.1611328125
Memory cached:  424.0
--------------------  Trial  28   --------------------
Start timing: 
Parameters: 
{'W_layers': 8, 'W_layer_units_exponent_0': 9, 'W_layer_units_exponent_1': 7, 'W_layer_units_exponent_2': 10, 'W_layer_units_exponent_3': 8, 'W_layer_units_exponent_4': 9, 'W_layer_units_exponent_5': 6, 'W_layer_units_exponent_6': 9, 'W_layer_units_exponent_7': 9, 'D_layers': 8, 'D_layer_units_exponent_0': 10, 'D_layer_units_exponent_1': 7, 'D_layer_units_exponent_2': 7, 'D_layer_units_exponent_3': 4, 'D_layer_units_exponent_4': 6, 'D_layer_units_exponent_5': 4, 'D_layer_units_exponent_6': 4, 'D_layer_units_exponent_7': 4, 'log_learning_rate': -3.617728855950941, 'log_learning_rate_D': -2.3919987370617948, 'training_batch_size': 9, 'training_p': 2}
	 epoch  0 training error:  tensor(1.0976, device='cuda:0', grad_fn=<DivBackward0>)
	 epoch  0 test error:  tensor(6.3032, device='cuda:0', grad_fn=<DivBackward0>)
Memory status after this epoch: 
Memory allocated:  363.51123046875
Memory cached:  422.0
	 epoch  10 training error:  tensor(0.2425, device='cuda:0', grad_fn=<DivBackward0>)
	 epoch  10 test error:  tensor(1.3172, device='cuda:0', grad_fn=<DivBackward0>)
Memory status after this epoch: 
Memory allocated:  363.04248046875
Memory cached:  708.0
	 epoch  20 training error:  tensor(0.2497, device='cuda:0', grad_fn=<DivBackward0>)
	 epoch  20 test error:  tensor(0.8474, device='cuda:0', grad_fn=<DivBackward0>)
Memory status after this epoch: 
Memory allocated:  363.46435546875
Memory cached:  708.0
	 epoch  30 training error:  tensor(0.2240, device='cuda:0', grad_fn=<DivBackward0>)
	 epoch  30 test error:  tensor(0.7383, device='cuda:0', grad_fn=<DivBackward0>)
Memory status after this epoch: 
Memory allocated:  363.04248046875
Memory cached:  708.0
	 epoch  40 training error:  tensor(0.2028, device='cuda:0', grad_fn=<DivBackward0>)
	 epoch  40 test error:  tensor(0.9381, device='cuda:0', grad_fn=<DivBackward0>)
Memory status after this epoch: 
Memory allocated:  363.46435546875
Memory cached:  708.0
	 epoch  50 training error:  tensor(0.2014, device='cuda:0', grad_fn=<DivBackward0>)
	 epoch  50 test error:  tensor(0.7748, device='cuda:0', grad_fn=<DivBackward0>)
Memory status after this epoch: 
Memory allocated:  363.04248046875
Memory cached:  708.0
	 epoch  60 training error:  tensor(0.2014, device='cuda:0', grad_fn=<DivBackward0>)
	 epoch  60 test error:  tensor(0.8215, device='cuda:0', grad_fn=<DivBackward0>)
Memory status after this epoch: 
Memory allocated:  363.46435546875
Memory cached:  708.0
	 epoch  70 training error:  tensor(0.1987, device='cuda:0', grad_fn=<DivBackward0>)
	 epoch  70 test error:  tensor(0.7888, device='cuda:0', grad_fn=<DivBackward0>)
Memory status after this epoch: 
Memory allocated:  363.04248046875
Memory cached:  708.0
	 epoch  80 training error:  tensor(0.1891, device='cuda:0', grad_fn=<DivBackward0>)
	 epoch  80 test error:  tensor(0.8141, device='cuda:0', grad_fn=<DivBackward0>)
Memory status after this epoch: 
Memory allocated:  363.46435546875
Memory cached:  708.0
	 epoch  90 training error:  tensor(0.1889, device='cuda:0', grad_fn=<DivBackward0>)
	 epoch  90 test error:  tensor(0.8943, device='cuda:0', grad_fn=<DivBackward0>)
Memory status after this epoch: 
Memory allocated:  363.04248046875
Memory cached:  708.0
[I 2023-11-16 18:52:04,799] Trial 28 finished with value: 0.8314743041992188 and parameters: {'W_layers': 8, 'W_layer_units_exponent_0': 9, 'W_layer_units_exponent_1': 7, 'W_layer_units_exponent_2': 10, 'W_layer_units_exponent_3': 8, 'W_layer_units_exponent_4': 9, 'W_layer_units_exponent_5': 6, 'W_layer_units_exponent_6': 9, 'W_layer_units_exponent_7': 9, 'D_layers': 8, 'D_layer_units_exponent_0': 10, 'D_layer_units_exponent_1': 7, 'D_layer_units_exponent_2': 7, 'D_layer_units_exponent_3': 4, 'D_layer_units_exponent_4': 6, 'D_layer_units_exponent_5': 4, 'D_layer_units_exponent_6': 4, 'D_layer_units_exponent_7': 4, 'log_learning_rate': -3.617728855950941, 'log_learning_rate_D': -2.3919987370617948, 'training_batch_size': 9, 'training_p': 2}. Best is trial 16 with value: 0.8001757860183716.
Time for this trial:  211.71365118026733
Memory status after this trial: 
Memory allocated:  696.0166015625
Memory cached:  710.0
--------------------  Trial  29   --------------------
Start timing: 
Parameters: 
{'W_layers': 7, 'W_layer_units_exponent_0': 8, 'W_layer_units_exponent_1': 7, 'W_layer_units_exponent_2': 9, 'W_layer_units_exponent_3': 5, 'W_layer_units_exponent_4': 6, 'W_layer_units_exponent_5': 6, 'W_layer_units_exponent_6': 7, 'D_layers': 4, 'D_layer_units_exponent_0': 9, 'D_layer_units_exponent_1': 9, 'D_layer_units_exponent_2': 10, 'D_layer_units_exponent_3': 7, 'log_learning_rate': -3.0497454051564445, 'log_learning_rate_D': -2.9781232943856373, 'training_batch_size': 8, 'training_p': 6}
	 epoch  0 training error:  tensor(1.1509, device='cuda:0', grad_fn=<DivBackward0>)
	 epoch  0 test error:  tensor(5.7634, device='cuda:0', grad_fn=<DivBackward0>)
Memory status after this epoch: 
Memory allocated:  278.09423828125
Memory cached:  350.0
	 epoch  10 training error:  tensor(0.3025, device='cuda:0', grad_fn=<DivBackward0>)
	 epoch  10 test error:  tensor(0.9168, device='cuda:0', grad_fn=<DivBackward0>)
Memory status after this epoch: 
Memory allocated:  279.35986328125
Memory cached:  550.0
	 epoch  20 training error:  tensor(0.2967, device='cuda:0', grad_fn=<DivBackward0>)
	 epoch  20 test error:  tensor(0.8919, device='cuda:0', grad_fn=<DivBackward0>)
Memory status after this epoch: 
Memory allocated:  278.09423828125
Memory cached:  550.0
	 epoch  30 training error:  tensor(0.2999, device='cuda:0', grad_fn=<DivBackward0>)
	 epoch  30 test error:  tensor(1.0324, device='cuda:0', grad_fn=<DivBackward0>)
Memory status after this epoch: 
Memory allocated:  279.35986328125
Memory cached:  550.0
	 epoch  40 training error:  tensor(0.2886, device='cuda:0', grad_fn=<DivBackward0>)
	 epoch  40 test error:  tensor(0.9000, device='cuda:0', grad_fn=<DivBackward0>)
Memory status after this epoch: 
Memory allocated:  278.09423828125
Memory cached:  550.0
	 epoch  50 training error:  tensor(0.2913, device='cuda:0', grad_fn=<DivBackward0>)
	 epoch  50 test error:  tensor(0.8845, device='cuda:0', grad_fn=<DivBackward0>)
Memory status after this epoch: 
Memory allocated:  279.35986328125
Memory cached:  550.0
	 epoch  60 training error:  tensor(0.2879, device='cuda:0', grad_fn=<DivBackward0>)
	 epoch  60 test error:  tensor(0.8578, device='cuda:0', grad_fn=<DivBackward0>)
Memory status after this epoch: 
Memory allocated:  278.09423828125
Memory cached:  550.0
	 epoch  70 training error:  tensor(0.2878, device='cuda:0', grad_fn=<DivBackward0>)
	 epoch  70 test error:  tensor(0.8979, device='cuda:0', grad_fn=<DivBackward0>)
Memory status after this epoch: 
Memory allocated:  279.35986328125
Memory cached:  550.0
	 epoch  80 training error:  tensor(0.2875, device='cuda:0', grad_fn=<DivBackward0>)
	 epoch  80 test error:  tensor(0.8884, device='cuda:0', grad_fn=<DivBackward0>)
Memory status after this epoch: 
Memory allocated:  278.09423828125
Memory cached:  550.0
	 epoch  90 training error:  tensor(0.2872, device='cuda:0', grad_fn=<DivBackward0>)
	 epoch  90 test error:  tensor(0.8988, device='cuda:0', grad_fn=<DivBackward0>)
Memory status after this epoch: 
Memory allocated:  279.35986328125
Memory cached:  550.0
[I 2023-11-16 18:54:49,580] Trial 29 finished with value: 0.8879496455192566 and parameters: {'W_layers': 7, 'W_layer_units_exponent_0': 8, 'W_layer_units_exponent_1': 7, 'W_layer_units_exponent_2': 9, 'W_layer_units_exponent_3': 5, 'W_layer_units_exponent_4': 6, 'W_layer_units_exponent_5': 6, 'W_layer_units_exponent_6': 7, 'D_layers': 4, 'D_layer_units_exponent_0': 9, 'D_layer_units_exponent_1': 9, 'D_layer_units_exponent_2': 10, 'D_layer_units_exponent_3': 7, 'log_learning_rate': -3.0497454051564445, 'log_learning_rate_D': -2.9781232943856373, 'training_batch_size': 8, 'training_p': 6}. Best is trial 16 with value: 0.8001757860183716.
Time for this trial:  164.51205229759216
Memory status after this trial: 
Memory allocated:  525.7392578125
Memory cached:  550.0
--------------------  Trial  30   --------------------
Start timing: 
Parameters: 
{'W_layers': 6, 'W_layer_units_exponent_0': 9, 'W_layer_units_exponent_1': 4, 'W_layer_units_exponent_2': 9, 'W_layer_units_exponent_3': 4, 'W_layer_units_exponent_4': 7, 'W_layer_units_exponent_5': 4, 'D_layers': 5, 'D_layer_units_exponent_0': 10, 'D_layer_units_exponent_1': 4, 'D_layer_units_exponent_2': 7, 'D_layer_units_exponent_3': 7, 'D_layer_units_exponent_4': 8, 'log_learning_rate': -2.843101137314944, 'log_learning_rate_D': -3.965767012430989, 'training_batch_size': 6, 'training_p': 4}
	 epoch  0 training error:  tensor(1.4950, device='cuda:0', grad_fn=<DivBackward0>)
	 epoch  0 test error:  tensor(8.9499, device='cuda:0', grad_fn=<DivBackward0>)
Memory status after this epoch: 
Memory allocated:  233.1357421875
Memory cached:  292.0
	 epoch  10 training error:  tensor(0.4497, device='cuda:0', grad_fn=<DivBackward0>)
	 epoch  10 test error:  tensor(1.0744, device='cuda:0', grad_fn=<DivBackward0>)
Memory status after this epoch: 
Memory allocated:  231.0263671875
Memory cached:  460.0
	 epoch  20 training error:  tensor(0.2657, device='cuda:0', grad_fn=<DivBackward0>)
	 epoch  20 test error:  tensor(1.4703, device='cuda:0', grad_fn=<DivBackward0>)
Memory status after this epoch: 
Memory allocated:  233.1357421875
Memory cached:  460.0
	 epoch  30 training error:  tensor(0.2593, device='cuda:0', grad_fn=<DivBackward0>)
	 epoch  30 test error:  tensor(0.8333, device='cuda:0', grad_fn=<DivBackward0>)
Memory status after this epoch: 
Memory allocated:  231.4951171875
Memory cached:  460.0
	 epoch  40 training error:  tensor(0.2479, device='cuda:0', grad_fn=<DivBackward0>)
	 epoch  40 test error:  tensor(0.8480, device='cuda:0', grad_fn=<DivBackward0>)
Memory status after this epoch: 
Memory allocated:  232.6669921875
Memory cached:  460.0
	 epoch  50 training error:  tensor(0.2487, device='cuda:0', grad_fn=<DivBackward0>)
	 epoch  50 test error:  tensor(0.9782, device='cuda:0', grad_fn=<DivBackward0>)
Memory status after this epoch: 
Memory allocated:  231.9638671875
Memory cached:  460.0
	 epoch  60 training error:  tensor(0.2473, device='cuda:0', grad_fn=<DivBackward0>)
	 epoch  60 test error:  tensor(1.0574, device='cuda:0', grad_fn=<DivBackward0>)
Memory status after this epoch: 
Memory allocated:  232.1982421875
Memory cached:  460.0
	 epoch  70 training error:  tensor(0.2467, device='cuda:0', grad_fn=<DivBackward0>)
	 epoch  70 test error:  tensor(0.9149, device='cuda:0', grad_fn=<DivBackward0>)
Memory status after this epoch: 
Memory allocated:  231.9638671875
Memory cached:  460.0
	 epoch  80 training error:  tensor(0.2468, device='cuda:0', grad_fn=<DivBackward0>)
	 epoch  80 test error:  tensor(0.8724, device='cuda:0', grad_fn=<DivBackward0>)
Memory status after this epoch: 
Memory allocated:  232.2451171875
Memory cached:  460.0
	 epoch  90 training error:  tensor(0.2461, device='cuda:0', grad_fn=<DivBackward0>)
	 epoch  90 test error:  tensor(0.8933, device='cuda:0', grad_fn=<DivBackward0>)
Memory status after this epoch: 
Memory allocated:  231.9169921875
Memory cached:  460.0
