[I 2023-11-17 02:35:17,336] Trial 12 finished with value: 0.09674400091171265 and parameters: {'W_layers': 7, 'W_layer_units_exponent_0': 8, 'W_layer_units_exponent_1': 4, 'W_layer_units_exponent_2': 5, 'W_layer_units_exponent_3': 8, 'W_layer_units_exponent_4': 6, 'W_layer_units_exponent_5': 6, 'W_layer_units_exponent_6': 8, 'D_layers': 2, 'D_layer_units_exponent_0': 4, 'D_layer_units_exponent_1': 10, 'log_learning_rate': -1.6414637453763499, 'log_learning_rate_D': -1.8492405582997624, 'training_batch_size': 12, 'training_p': 6}. Best is trial 0 with value: 0.09673389047384262.
Time for this trial:  150.33288669586182
Memory status after this trial: 
Memory allocated:  277.8603515625
Memory cached:  292.0
--------------------  Trial  13   --------------------
Start timing: 
Parameters: 
{'W_layers': 7, 'W_layer_units_exponent_0': 6, 'W_layer_units_exponent_1': 8, 'W_layer_units_exponent_2': 5, 'W_layer_units_exponent_3': 6, 'W_layer_units_exponent_4': 5, 'W_layer_units_exponent_5': 6, 'W_layer_units_exponent_6': 6, 'D_layers': 5, 'D_layer_units_exponent_0': 8, 'D_layer_units_exponent_1': 6, 'D_layer_units_exponent_2': 10, 'D_layer_units_exponent_3': 10, 'D_layer_units_exponent_4': 10, 'log_learning_rate': -2.067846177271366, 'log_learning_rate_D': -2.647941988009669, 'training_batch_size': 11, 'training_p': 4}
	 epoch  0 training error:  tensor(1.0039, device='cuda:0', grad_fn=<DivBackward0>)
	 epoch  0 test error:  tensor(0.1111, device='cuda:0', grad_fn=<DivBackward0>)
Memory status after this epoch: 
Memory allocated:  278.24365234375
Memory cached:  294.0
	 epoch  10 training error:  tensor(1.0222, device='cuda:0', grad_fn=<DivBackward0>)
	 epoch  10 test error:  tensor(0.0982, device='cuda:0', grad_fn=<DivBackward0>)
Memory status after this epoch: 
Memory allocated:  277.96240234375
Memory cached:  522.0
	 epoch  20 training error:  tensor(0.9946, device='cuda:0', grad_fn=<DivBackward0>)
	 epoch  20 test error:  tensor(0.0968, device='cuda:0', grad_fn=<DivBackward0>)
Memory status after this epoch: 
Memory allocated:  278.24365234375
Memory cached:  522.0
	 epoch  30 training error:  tensor(0.9573, device='cuda:0', grad_fn=<DivBackward0>)
	 epoch  30 test error:  tensor(0.0975, device='cuda:0', grad_fn=<DivBackward0>)
Memory status after this epoch: 
Memory allocated:  277.96240234375
Memory cached:  522.0
	 epoch  40 training error:  tensor(0.9573, device='cuda:0', grad_fn=<DivBackward0>)
	 epoch  40 test error:  tensor(0.0974, device='cuda:0', grad_fn=<DivBackward0>)
Memory status after this epoch: 
Memory allocated:  278.24365234375
Memory cached:  522.0
	 epoch  50 training error:  tensor(0.9571, device='cuda:0', grad_fn=<DivBackward0>)
	 epoch  50 test error:  tensor(0.0981, device='cuda:0', grad_fn=<DivBackward0>)
Memory status after this epoch: 
Memory allocated:  277.96240234375
Memory cached:  522.0
	 epoch  60 training error:  tensor(0.9592, device='cuda:0', grad_fn=<DivBackward0>)
	 epoch  60 test error:  tensor(0.0977, device='cuda:0', grad_fn=<DivBackward0>)
Memory status after this epoch: 
Memory allocated:  278.24365234375
Memory cached:  522.0
	 epoch  70 training error:  tensor(0.9478, device='cuda:0', grad_fn=<DivBackward0>)
	 epoch  70 test error:  tensor(0.0979, device='cuda:0', grad_fn=<DivBackward0>)
Memory status after this epoch: 
Memory allocated:  277.96240234375
Memory cached:  522.0
	 epoch  80 training error:  tensor(0.9529, device='cuda:0', grad_fn=<DivBackward0>)
	 epoch  80 test error:  tensor(0.0979, device='cuda:0', grad_fn=<DivBackward0>)
Memory status after this epoch: 
Memory allocated:  278.24365234375
Memory cached:  522.0
	 epoch  90 training error:  tensor(0.9504, device='cuda:0', grad_fn=<DivBackward0>)
	 epoch  90 test error:  tensor(0.0984, device='cuda:0', grad_fn=<DivBackward0>)
Memory status after this epoch: 
Memory allocated:  277.96240234375
Memory cached:  522.0
[I 2023-11-17 02:38:21,296] Trial 13 finished with value: 0.0988706573843956 and parameters: {'W_layers': 7, 'W_layer_units_exponent_0': 6, 'W_layer_units_exponent_1': 8, 'W_layer_units_exponent_2': 5, 'W_layer_units_exponent_3': 6, 'W_layer_units_exponent_4': 5, 'W_layer_units_exponent_5': 6, 'W_layer_units_exponent_6': 6, 'D_layers': 5, 'D_layer_units_exponent_0': 8, 'D_layer_units_exponent_1': 6, 'D_layer_units_exponent_2': 10, 'D_layer_units_exponent_3': 10, 'D_layer_units_exponent_4': 10, 'log_learning_rate': -2.067846177271366, 'log_learning_rate_D': -2.647941988009669, 'training_batch_size': 11, 'training_p': 4}. Best is trial 0 with value: 0.09673389047384262.
Time for this trial:  183.72307777404785
Memory status after this trial: 
Memory allocated:  503.0771484375
Memory cached:  524.0
--------------------  Trial  14   --------------------
Start timing: 
Parameters: 
{'W_layers': 8, 'W_layer_units_exponent_0': 9, 'W_layer_units_exponent_1': 6, 'W_layer_units_exponent_2': 6, 'W_layer_units_exponent_3': 8, 'W_layer_units_exponent_4': 8, 'W_layer_units_exponent_5': 5, 'W_layer_units_exponent_6': 8, 'W_layer_units_exponent_7': 9, 'D_layers': 6, 'D_layer_units_exponent_0': 8, 'D_layer_units_exponent_1': 8, 'D_layer_units_exponent_2': 10, 'D_layer_units_exponent_3': 4, 'D_layer_units_exponent_4': 8, 'D_layer_units_exponent_5': 6, 'log_learning_rate': -2.8436783876411185, 'log_learning_rate_D': -1.4730987609362414, 'training_batch_size': 10, 'training_p': 4}
	 epoch  0 training error:  tensor(0.9982, device='cuda:0', grad_fn=<DivBackward0>)
	 epoch  0 test error:  tensor(0.1062, device='cuda:0', grad_fn=<DivBackward0>)
Memory status after this epoch: 
Memory allocated:  247.1181640625
Memory cached:  274.0
	 epoch  10 training error:  tensor(1.0013, device='cuda:0', grad_fn=<DivBackward0>)
	 epoch  10 test error:  tensor(0.0967, device='cuda:0', grad_fn=<DivBackward0>)
Memory status after this epoch: 
Memory allocated:  247.3056640625
Memory cached:  496.0
	 epoch  20 training error:  tensor(0.9999, device='cuda:0', grad_fn=<DivBackward0>)
	 epoch  20 test error:  tensor(0.0967, device='cuda:0', grad_fn=<DivBackward0>)
Memory status after this epoch: 
Memory allocated:  247.0244140625
Memory cached:  496.0
	 epoch  30 training error:  tensor(1.0000, device='cuda:0', grad_fn=<DivBackward0>)
	 epoch  30 test error:  tensor(0.0967, device='cuda:0', grad_fn=<DivBackward0>)
Memory status after this epoch: 
Memory allocated:  247.3056640625
Memory cached:  496.0
	 epoch  40 training error:  tensor(0.9999, device='cuda:0', grad_fn=<DivBackward0>)
	 epoch  40 test error:  tensor(0.0967, device='cuda:0', grad_fn=<DivBackward0>)
Memory status after this epoch: 
Memory allocated:  247.0244140625
Memory cached:  496.0
	 epoch  50 training error:  tensor(0.9999, device='cuda:0', grad_fn=<DivBackward0>)
	 epoch  50 test error:  tensor(0.0967, device='cuda:0', grad_fn=<DivBackward0>)
Memory status after this epoch: 
Memory allocated:  247.3056640625
Memory cached:  496.0
	 epoch  60 training error:  tensor(0.9999, device='cuda:0', grad_fn=<DivBackward0>)
	 epoch  60 test error:  tensor(0.0967, device='cuda:0', grad_fn=<DivBackward0>)
Memory status after this epoch: 
Memory allocated:  247.0244140625
Memory cached:  496.0
	 epoch  70 training error:  tensor(0.9999, device='cuda:0', grad_fn=<DivBackward0>)
	 epoch  70 test error:  tensor(0.0967, device='cuda:0', grad_fn=<DivBackward0>)
Memory status after this epoch: 
Memory allocated:  247.3056640625
Memory cached:  496.0
	 epoch  80 training error:  tensor(0.9999, device='cuda:0', grad_fn=<DivBackward0>)
	 epoch  80 test error:  tensor(0.0967, device='cuda:0', grad_fn=<DivBackward0>)
Memory status after this epoch: 
Memory allocated:  247.0244140625
Memory cached:  498.0
	 epoch  90 training error:  tensor(0.9999, device='cuda:0', grad_fn=<DivBackward0>)
	 epoch  90 test error:  tensor(0.0967, device='cuda:0', grad_fn=<DivBackward0>)
Memory status after this epoch: 
Memory allocated:  247.3056640625
Memory cached:  496.0
[I 2023-11-17 02:41:44,145] Trial 14 finished with value: 0.09673155844211578 and parameters: {'W_layers': 8, 'W_layer_units_exponent_0': 9, 'W_layer_units_exponent_1': 6, 'W_layer_units_exponent_2': 6, 'W_layer_units_exponent_3': 8, 'W_layer_units_exponent_4': 8, 'W_layer_units_exponent_5': 5, 'W_layer_units_exponent_6': 8, 'W_layer_units_exponent_7': 9, 'D_layers': 6, 'D_layer_units_exponent_0': 8, 'D_layer_units_exponent_1': 8, 'D_layer_units_exponent_2': 10, 'D_layer_units_exponent_3': 4, 'D_layer_units_exponent_4': 8, 'D_layer_units_exponent_5': 6, 'log_learning_rate': -2.8436783876411185, 'log_learning_rate_D': -1.4730987609362414, 'training_batch_size': 10, 'training_p': 4}. Best is trial 14 with value: 0.09673155844211578.
Time for this trial:  202.5707767009735
Memory status after this trial: 
Memory allocated:  477.4033203125
Memory cached:  496.0
--------------------  Trial  15   --------------------
Start timing: 
Parameters: 
{'W_layers': 6, 'W_layer_units_exponent_0': 9, 'W_layer_units_exponent_1': 8, 'W_layer_units_exponent_2': 8, 'W_layer_units_exponent_3': 10, 'W_layer_units_exponent_4': 8, 'W_layer_units_exponent_5': 8, 'D_layers': 6, 'D_layer_units_exponent_0': 8, 'D_layer_units_exponent_1': 9, 'D_layer_units_exponent_2': 6, 'D_layer_units_exponent_3': 4, 'D_layer_units_exponent_4': 8, 'D_layer_units_exponent_5': 6, 'log_learning_rate': -2.968570507185884, 'log_learning_rate_D': -3.3026660617680443, 'training_batch_size': 9, 'training_p': 4}
	 epoch  0 training error:  tensor(0.9985, device='cuda:0', grad_fn=<DivBackward0>)
	 epoch  0 test error:  tensor(0.2027, device='cuda:0', grad_fn=<DivBackward0>)
Memory status after this epoch: 
Memory allocated:  247.75
Memory cached:  274.0
	 epoch  10 training error:  tensor(0.9666, device='cuda:0', grad_fn=<DivBackward0>)
	 epoch  10 test error:  tensor(0.0992, device='cuda:0', grad_fn=<DivBackward0>)
Memory status after this epoch: 
Memory allocated:  247.46875
Memory cached:  492.0
	 epoch  20 training error:  tensor(0.9961, device='cuda:0', grad_fn=<DivBackward0>)
	 epoch  20 test error:  tensor(0.0968, device='cuda:0', grad_fn=<DivBackward0>)
Memory status after this epoch: 
Memory allocated:  247.75
Memory cached:  492.0
	 epoch  30 training error:  tensor(0.9555, device='cuda:0', grad_fn=<DivBackward0>)
	 epoch  30 test error:  tensor(0.0982, device='cuda:0', grad_fn=<DivBackward0>)
Memory status after this epoch: 
Memory allocated:  247.46875
Memory cached:  492.0
	 epoch  40 training error:  tensor(0.9499, device='cuda:0', grad_fn=<DivBackward0>)
	 epoch  40 test error:  tensor(0.0985, device='cuda:0', grad_fn=<DivBackward0>)
Memory status after this epoch: 
Memory allocated:  247.75
Memory cached:  494.0
	 epoch  50 training error:  tensor(0.9573, device='cuda:0', grad_fn=<DivBackward0>)
	 epoch  50 test error:  tensor(0.0977, device='cuda:0', grad_fn=<DivBackward0>)
Memory status after this epoch: 
Memory allocated:  247.46875
Memory cached:  496.0
	 epoch  60 training error:  tensor(0.9483, device='cuda:0', grad_fn=<DivBackward0>)
	 epoch  60 test error:  tensor(0.0988, device='cuda:0', grad_fn=<DivBackward0>)
Memory status after this epoch: 
Memory allocated:  247.75
Memory cached:  492.0
	 epoch  70 training error:  tensor(0.9578, device='cuda:0', grad_fn=<DivBackward0>)
	 epoch  70 test error:  tensor(0.0982, device='cuda:0', grad_fn=<DivBackward0>)
Memory status after this epoch: 
Memory allocated:  247.46875
Memory cached:  492.0
	 epoch  80 training error:  tensor(0.9545, device='cuda:0', grad_fn=<DivBackward0>)
	 epoch  80 test error:  tensor(0.0978, device='cuda:0', grad_fn=<DivBackward0>)
Memory status after this epoch: 
Memory allocated:  247.75
Memory cached:  492.0
	 epoch  90 training error:  tensor(0.9542, device='cuda:0', grad_fn=<DivBackward0>)
	 epoch  90 test error:  tensor(0.0980, device='cuda:0', grad_fn=<DivBackward0>)
Memory status after this epoch: 
Memory allocated:  247.46875
Memory cached:  492.0
[I 2023-11-17 02:44:51,090] Trial 15 finished with value: 0.09823504090309143 and parameters: {'W_layers': 6, 'W_layer_units_exponent_0': 9, 'W_layer_units_exponent_1': 8, 'W_layer_units_exponent_2': 8, 'W_layer_units_exponent_3': 10, 'W_layer_units_exponent_4': 8, 'W_layer_units_exponent_5': 8, 'D_layers': 6, 'D_layer_units_exponent_0': 8, 'D_layer_units_exponent_1': 9, 'D_layer_units_exponent_2': 6, 'D_layer_units_exponent_3': 4, 'D_layer_units_exponent_4': 8, 'D_layer_units_exponent_5': 6, 'log_learning_rate': -2.968570507185884, 'log_learning_rate_D': -3.3026660617680443, 'training_batch_size': 9, 'training_p': 4}. Best is trial 14 with value: 0.09673155844211578.
Time for this trial:  186.68468260765076
Memory status after this trial: 
Memory allocated:  470.4990234375
Memory cached:  494.0
--------------------  Trial  16   --------------------
Start timing: 
Parameters: 
{'W_layers': 6, 'W_layer_units_exponent_0': 9, 'W_layer_units_exponent_1': 6, 'W_layer_units_exponent_2': 6, 'W_layer_units_exponent_3': 6, 'W_layer_units_exponent_4': 8, 'W_layer_units_exponent_5': 7, 'D_layers': 7, 'D_layer_units_exponent_0': 5, 'D_layer_units_exponent_1': 9, 'D_layer_units_exponent_2': 10, 'D_layer_units_exponent_3': 6, 'D_layer_units_exponent_4': 8, 'D_layer_units_exponent_5': 6, 'D_layer_units_exponent_6': 4, 'log_learning_rate': -3.6679183678974576, 'log_learning_rate_D': -1.111000069796954, 'training_batch_size': 10, 'training_p': 8}
	 epoch  0 training error:  tensor(0.9877, device='cuda:0', grad_fn=<DivBackward0>)
	 epoch  0 test error:  tensor(0.0968, device='cuda:0', grad_fn=<DivBackward0>)
Memory status after this epoch: 
Memory allocated:  207.35009765625
Memory cached:  226.0
	 epoch  10 training error:  tensor(0.9546, device='cuda:0', grad_fn=<DivBackward0>)
	 epoch  10 test error:  tensor(0.0982, device='cuda:0', grad_fn=<DivBackward0>)
Memory status after this epoch: 
Memory allocated:  207.72509765625
Memory cached:  406.0
	 epoch  20 training error:  tensor(0.9523, device='cuda:0', grad_fn=<DivBackward0>)
	 epoch  20 test error:  tensor(0.0980, device='cuda:0', grad_fn=<DivBackward0>)
Memory status after this epoch: 
Memory allocated:  207.35009765625
Memory cached:  406.0
	 epoch  30 training error:  tensor(0.9599, device='cuda:0', grad_fn=<DivBackward0>)
	 epoch  30 test error:  tensor(0.0976, device='cuda:0', grad_fn=<DivBackward0>)
Memory status after this epoch: 
Memory allocated:  207.72509765625
Memory cached:  406.0
	 epoch  40 training error:  tensor(0.9502, device='cuda:0', grad_fn=<DivBackward0>)
	 epoch  40 test error:  tensor(0.0980, device='cuda:0', grad_fn=<DivBackward0>)
Memory status after this epoch: 
Memory allocated:  207.35009765625
Memory cached:  406.0
	 epoch  50 training error:  tensor(0.9524, device='cuda:0', grad_fn=<DivBackward0>)
	 epoch  50 test error:  tensor(0.0981, device='cuda:0', grad_fn=<DivBackward0>)
Memory status after this epoch: 
Memory allocated:  207.72509765625
Memory cached:  406.0
	 epoch  60 training error:  tensor(0.9503, device='cuda:0', grad_fn=<DivBackward0>)
	 epoch  60 test error:  tensor(0.0981, device='cuda:0', grad_fn=<DivBackward0>)
Memory status after this epoch: 
Memory allocated:  207.35009765625
Memory cached:  406.0
	 epoch  70 training error:  tensor(0.9504, device='cuda:0', grad_fn=<DivBackward0>)
	 epoch  70 test error:  tensor(0.0982, device='cuda:0', grad_fn=<DivBackward0>)
Memory status after this epoch: 
Memory allocated:  207.72509765625
Memory cached:  406.0
	 epoch  80 training error:  tensor(0.9542, device='cuda:0', grad_fn=<DivBackward0>)
	 epoch  80 test error:  tensor(0.0980, device='cuda:0', grad_fn=<DivBackward0>)
Memory status after this epoch: 
Memory allocated:  207.35009765625
Memory cached:  406.0
	 epoch  90 training error:  tensor(0.9532, device='cuda:0', grad_fn=<DivBackward0>)
	 epoch  90 test error:  tensor(0.0984, device='cuda:0', grad_fn=<DivBackward0>)
Memory status after this epoch: 
Memory allocated:  207.72509765625
Memory cached:  406.0
[I 2023-11-17 02:47:59,627] Trial 16 finished with value: 0.09819205105304718 and parameters: {'W_layers': 6, 'W_layer_units_exponent_0': 9, 'W_layer_units_exponent_1': 6, 'W_layer_units_exponent_2': 6, 'W_layer_units_exponent_3': 6, 'W_layer_units_exponent_4': 8, 'W_layer_units_exponent_5': 7, 'D_layers': 7, 'D_layer_units_exponent_0': 5, 'D_layer_units_exponent_1': 9, 'D_layer_units_exponent_2': 10, 'D_layer_units_exponent_3': 6, 'D_layer_units_exponent_4': 8, 'D_layer_units_exponent_5': 6, 'D_layer_units_exponent_6': 4, 'log_learning_rate': -3.6679183678974576, 'log_learning_rate_D': -1.111000069796954, 'training_batch_size': 10, 'training_p': 8}. Best is trial 14 with value: 0.09673155844211578.
Time for this trial:  188.26418542861938
Memory status after this trial: 
Memory allocated:  395.9189453125
Memory cached:  406.0
--------------------  Trial  17   --------------------
Start timing: 
Parameters: 
{'W_layers': 7, 'W_layer_units_exponent_0': 8, 'W_layer_units_exponent_1': 6, 'W_layer_units_exponent_2': 6, 'W_layer_units_exponent_3': 9, 'W_layer_units_exponent_4': 9, 'W_layer_units_exponent_5': 5, 'W_layer_units_exponent_6': 7, 'D_layers': 6, 'D_layer_units_exponent_0': 7, 'D_layer_units_exponent_1': 8, 'D_layer_units_exponent_2': 7, 'D_layer_units_exponent_3': 8, 'D_layer_units_exponent_4': 8, 'D_layer_units_exponent_5': 7, 'log_learning_rate': -3.010230188184301, 'log_learning_rate_D': -2.2056782622993447, 'training_batch_size': 11, 'training_p': 3}
	 epoch  0 training error:  tensor(1.0094, device='cuda:0', grad_fn=<DivBackward0>)
	 epoch  0 test error:  tensor(0.0993, device='cuda:0', grad_fn=<DivBackward0>)
Memory status after this epoch: 
Memory allocated:  187.33642578125
Memory cached:  214.0
	 epoch  10 training error:  tensor(0.9546, device='cuda:0', grad_fn=<DivBackward0>)
	 epoch  10 test error:  tensor(0.0991, device='cuda:0', grad_fn=<DivBackward0>)
Memory status after this epoch: 
Memory allocated:  186.72705078125
Memory cached:  376.0
	 epoch  20 training error:  tensor(0.9599, device='cuda:0', grad_fn=<DivBackward0>)
	 epoch  20 test error:  tensor(0.0976, device='cuda:0', grad_fn=<DivBackward0>)
Memory status after this epoch: 
Memory allocated:  187.05517578125
Memory cached:  376.0
	 epoch  30 training error:  tensor(0.9504, device='cuda:0', grad_fn=<DivBackward0>)
	 epoch  30 test error:  tensor(0.0980, device='cuda:0', grad_fn=<DivBackward0>)
Memory status after this epoch: 
Memory allocated:  186.72705078125
Memory cached:  376.0
	 epoch  40 training error:  tensor(0.9546, device='cuda:0', grad_fn=<DivBackward0>)
	 epoch  40 test error:  tensor(0.0981, device='cuda:0', grad_fn=<DivBackward0>)
Memory status after this epoch: 
Memory allocated:  187.05517578125
Memory cached:  378.0
	 epoch  50 training error:  tensor(0.9571, device='cuda:0', grad_fn=<DivBackward0>)
	 epoch  50 test error:  tensor(0.0982, device='cuda:0', grad_fn=<DivBackward0>)
Memory status after this epoch: 
Memory allocated:  186.72705078125
Memory cached:  376.0
	 epoch  60 training error:  tensor(0.9763, device='cuda:0', grad_fn=<DivBackward0>)
	 epoch  60 test error:  tensor(0.0971, device='cuda:0', grad_fn=<DivBackward0>)
Memory status after this epoch: 
Memory allocated:  187.05517578125
Memory cached:  376.0
	 epoch  70 training error:  tensor(0.9684, device='cuda:0', grad_fn=<DivBackward0>)
	 epoch  70 test error:  tensor(0.0975, device='cuda:0', grad_fn=<DivBackward0>)
Memory status after this epoch: 
Memory allocated:  186.72705078125
Memory cached:  376.0
	 epoch  80 training error:  tensor(0.9736, device='cuda:0', grad_fn=<DivBackward0>)
	 epoch  80 test error:  tensor(0.0972, device='cuda:0', grad_fn=<DivBackward0>)
Memory status after this epoch: 
Memory allocated:  187.05517578125
Memory cached:  376.0
	 epoch  90 training error:  tensor(0.9579, device='cuda:0', grad_fn=<DivBackward0>)
	 epoch  90 test error:  tensor(0.0980, device='cuda:0', grad_fn=<DivBackward0>)
Memory status after this epoch: 
Memory allocated:  186.72705078125
Memory cached:  376.0
