[I 2023-11-17 10:28:22,819] Trial 41 finished with value: 0.19263972342014313 and parameters: {'W_layers': 5, 'W_layer_units_exponent_0': 7, 'W_layer_units_exponent_1': 10, 'W_layer_units_exponent_2': 4, 'W_layer_units_exponent_3': 9, 'W_layer_units_exponent_4': 9, 'D_layers': 2, 'D_layer_units_exponent_0': 4, 'D_layer_units_exponent_1': 5, 'D_dagger_layers': 2, 'D_dagger_layer_units_exponent_0': 9, 'D_dagger_layer_units_exponent_1': 6, 'log_learning_rate': -4.197825209373461, 'log_learning_rate_D': -3.9614583781756973, 'log_learning_rate_D_dagger': -1.9913252325772155, 'training_batch_size': 11, 'training_p': 2}. Best is trial 39 with value: 0.12546905875205994.
Time for this trial:  17.81873106956482
Memory status after this trial: 
Memory allocated:  154.8076171875
Memory cached:  160.0
--------------------  Trial  42   --------------------
Start timing: 
Parameters: 
{'W_layers': 6, 'W_layer_units_exponent_0': 8, 'W_layer_units_exponent_1': 10, 'W_layer_units_exponent_2': 5, 'W_layer_units_exponent_3': 8, 'W_layer_units_exponent_4': 8, 'W_layer_units_exponent_5': 9, 'D_layers': 3, 'D_layer_units_exponent_0': 5, 'D_layer_units_exponent_1': 5, 'D_layer_units_exponent_2': 5, 'D_dagger_layers': 2, 'D_dagger_layer_units_exponent_0': 8, 'D_dagger_layer_units_exponent_1': 7, 'log_learning_rate': -3.940608615066089, 'log_learning_rate_D': -3.6511694904592935, 'log_learning_rate_D_dagger': -1.7151655347301897, 'training_batch_size': 12, 'training_p': 3}
	 epoch  0 training error:  tensor(1.1162, device='cuda:0', grad_fn=<DivBackward0>)
Memory status after this epoch: 
Memory allocated:  8.35400390625
Memory cached:  10.0
	 epoch  10 training error:  tensor(0.5653, device='cuda:0', grad_fn=<DivBackward0>)
Memory status after this epoch: 
Memory allocated:  8.35400390625
Memory cached:  10.0
	 epoch  20 training error:  tensor(0.3282, device='cuda:0', grad_fn=<DivBackward0>)
Memory status after this epoch: 
Memory allocated:  8.35400390625
Memory cached:  10.0
	 epoch  30 training error:  tensor(0.2063, device='cuda:0', grad_fn=<DivBackward0>)
Memory status after this epoch: 
Memory allocated:  8.35400390625
Memory cached:  10.0
	 epoch  40 training error:  tensor(0.1695, device='cuda:0', grad_fn=<DivBackward0>)
Memory status after this epoch: 
Memory allocated:  8.35400390625
Memory cached:  10.0
	 epoch  50 training error:  tensor(0.2473, device='cuda:0', grad_fn=<DivBackward0>)
Memory status after this epoch: 
Memory allocated:  8.35400390625
Memory cached:  10.0
	 epoch  60 training error:  tensor(0.1892, device='cuda:0', grad_fn=<DivBackward0>)
Memory status after this epoch: 
Memory allocated:  8.35400390625
Memory cached:  10.0
	 epoch  70 training error:  tensor(0.1611, device='cuda:0', grad_fn=<DivBackward0>)
Memory status after this epoch: 
Memory allocated:  8.35400390625
Memory cached:  10.0
	 epoch  80 training error:  tensor(0.1589, device='cuda:0', grad_fn=<DivBackward0>)
Memory status after this epoch: 
Memory allocated:  8.35400390625
Memory cached:  10.0
	 epoch  90 training error:  tensor(0.1475, device='cuda:0', grad_fn=<DivBackward0>)
Memory status after this epoch: 
Memory allocated:  8.35400390625
Memory cached:  10.0
[I 2023-11-17 10:28:41,219] Trial 42 finished with value: 0.13288801908493042 and parameters: {'W_layers': 6, 'W_layer_units_exponent_0': 8, 'W_layer_units_exponent_1': 10, 'W_layer_units_exponent_2': 5, 'W_layer_units_exponent_3': 8, 'W_layer_units_exponent_4': 8, 'W_layer_units_exponent_5': 9, 'D_layers': 3, 'D_layer_units_exponent_0': 5, 'D_layer_units_exponent_1': 5, 'D_layer_units_exponent_2': 5, 'D_dagger_layers': 2, 'D_dagger_layer_units_exponent_0': 8, 'D_dagger_layer_units_exponent_1': 7, 'log_learning_rate': -3.940608615066089, 'log_learning_rate_D': -3.6511694904592935, 'log_learning_rate_D_dagger': -1.7151655347301897, 'training_batch_size': 12, 'training_p': 3}. Best is trial 39 with value: 0.12546905875205994.
Time for this trial:  18.227295398712158
Memory status after this trial: 
Memory allocated:  152.8671875
Memory cached:  158.0
--------------------  Trial  43   --------------------
Start timing: 
Parameters: 
{'W_layers': 5, 'W_layer_units_exponent_0': 8, 'W_layer_units_exponent_1': 9, 'W_layer_units_exponent_2': 4, 'W_layer_units_exponent_3': 7, 'W_layer_units_exponent_4': 10, 'D_layers': 2, 'D_layer_units_exponent_0': 4, 'D_layer_units_exponent_1': 6, 'D_dagger_layers': 3, 'D_dagger_layer_units_exponent_0': 9, 'D_dagger_layer_units_exponent_1': 5, 'D_dagger_layer_units_exponent_2': 5, 'log_learning_rate': -3.624551414437886, 'log_learning_rate_D': -3.4170509789778443, 'log_learning_rate_D_dagger': -1.220522963606864, 'training_batch_size': 9, 'training_p': 2}
	 epoch  0 training error:  tensor(1.0216, device='cuda:0', grad_fn=<DivBackward0>)
Memory status after this epoch: 
Memory allocated:  4.658203125
Memory cached:  10.0
	 epoch  10 training error:  tensor(0.3237, device='cuda:0', grad_fn=<DivBackward0>)
Memory status after this epoch: 
Memory allocated:  4.658203125
Memory cached:  14.0
	 epoch  20 training error:  tensor(0.2059, device='cuda:0', grad_fn=<DivBackward0>)
Memory status after this epoch: 
Memory allocated:  4.658203125
Memory cached:  14.0
	 epoch  30 training error:  tensor(0.2169, device='cuda:0', grad_fn=<DivBackward0>)
Memory status after this epoch: 
Memory allocated:  4.658203125
Memory cached:  14.0
	 epoch  40 training error:  tensor(0.1934, device='cuda:0', grad_fn=<DivBackward0>)
Memory status after this epoch: 
Memory allocated:  4.658203125
Memory cached:  14.0
	 epoch  50 training error:  tensor(0.1880, device='cuda:0', grad_fn=<DivBackward0>)
Memory status after this epoch: 
Memory allocated:  4.658203125
Memory cached:  14.0
	 epoch  60 training error:  tensor(0.1883, device='cuda:0', grad_fn=<DivBackward0>)
Memory status after this epoch: 
Memory allocated:  4.658203125
Memory cached:  14.0
	 epoch  70 training error:  tensor(0.1874, device='cuda:0', grad_fn=<DivBackward0>)
Memory status after this epoch: 
Memory allocated:  4.658203125
Memory cached:  14.0
	 epoch  80 training error:  tensor(0.1871, device='cuda:0', grad_fn=<DivBackward0>)
Memory status after this epoch: 
Memory allocated:  4.658203125
Memory cached:  14.0
	 epoch  90 training error:  tensor(0.1872, device='cuda:0', grad_fn=<DivBackward0>)
Memory status after this epoch: 
Memory allocated:  4.658203125
Memory cached:  14.0
[I 2023-11-17 10:29:00,149] Trial 43 finished with value: 0.19207452237606049 and parameters: {'W_layers': 5, 'W_layer_units_exponent_0': 8, 'W_layer_units_exponent_1': 9, 'W_layer_units_exponent_2': 4, 'W_layer_units_exponent_3': 7, 'W_layer_units_exponent_4': 10, 'D_layers': 2, 'D_layer_units_exponent_0': 4, 'D_layer_units_exponent_1': 6, 'D_dagger_layers': 3, 'D_dagger_layer_units_exponent_0': 9, 'D_dagger_layer_units_exponent_1': 5, 'D_dagger_layer_units_exponent_2': 5, 'log_learning_rate': -3.624551414437886, 'log_learning_rate_D': -3.4170509789778443, 'log_learning_rate_D_dagger': -1.220522963606864, 'training_batch_size': 9, 'training_p': 2}. Best is trial 39 with value: 0.12546905875205994.
Time for this trial:  18.752455472946167
Memory status after this trial: 
Memory allocated:  138.9755859375
Memory cached:  154.0
--------------------  Trial  44   --------------------
Start timing: 
Parameters: 
{'W_layers': 4, 'W_layer_units_exponent_0': 8, 'W_layer_units_exponent_1': 9, 'W_layer_units_exponent_2': 4, 'W_layer_units_exponent_3': 9, 'D_layers': 3, 'D_layer_units_exponent_0': 5, 'D_layer_units_exponent_1': 4, 'D_layer_units_exponent_2': 6, 'D_dagger_layers': 2, 'D_dagger_layer_units_exponent_0': 8, 'D_dagger_layer_units_exponent_1': 6, 'log_learning_rate': -3.813448225242305, 'log_learning_rate_D': -4.21968630908035, 'log_learning_rate_D_dagger': -1.9456166269568502, 'training_batch_size': 11, 'training_p': 2}
	 epoch  0 training error:  tensor(1.0189, device='cuda:0', grad_fn=<DivBackward0>)
Memory status after this epoch: 
Memory allocated:  2.71142578125
Memory cached:  6.0
	 epoch  10 training error:  tensor(0.3968, device='cuda:0', grad_fn=<DivBackward0>)
Memory status after this epoch: 
Memory allocated:  2.71142578125
Memory cached:  6.0
	 epoch  20 training error:  tensor(0.2912, device='cuda:0', grad_fn=<DivBackward0>)
Memory status after this epoch: 
Memory allocated:  2.71142578125
Memory cached:  6.0
	 epoch  30 training error:  tensor(0.2100, device='cuda:0', grad_fn=<DivBackward0>)
Memory status after this epoch: 
Memory allocated:  2.71142578125
Memory cached:  6.0
	 epoch  40 training error:  tensor(0.1492, device='cuda:0', grad_fn=<DivBackward0>)
Memory status after this epoch: 
Memory allocated:  2.71142578125
Memory cached:  6.0
	 epoch  50 training error:  tensor(0.1422, device='cuda:0', grad_fn=<DivBackward0>)
Memory status after this epoch: 
Memory allocated:  2.71142578125
Memory cached:  6.0
	 epoch  60 training error:  tensor(0.1255, device='cuda:0', grad_fn=<DivBackward0>)
Memory status after this epoch: 
Memory allocated:  2.71142578125
Memory cached:  6.0
	 epoch  70 training error:  tensor(0.1295, device='cuda:0', grad_fn=<DivBackward0>)
Memory status after this epoch: 
Memory allocated:  2.71142578125
Memory cached:  6.0
	 epoch  80 training error:  tensor(0.1304, device='cuda:0', grad_fn=<DivBackward0>)
Memory status after this epoch: 
Memory allocated:  2.71142578125
Memory cached:  6.0
	 epoch  90 training error:  tensor(0.1261, device='cuda:0', grad_fn=<DivBackward0>)
Memory status after this epoch: 
Memory allocated:  2.71142578125
Memory cached:  6.0
[I 2023-11-17 10:29:16,839] Trial 44 finished with value: 0.12247402966022491 and parameters: {'W_layers': 4, 'W_layer_units_exponent_0': 8, 'W_layer_units_exponent_1': 9, 'W_layer_units_exponent_2': 4, 'W_layer_units_exponent_3': 9, 'D_layers': 3, 'D_layer_units_exponent_0': 5, 'D_layer_units_exponent_1': 4, 'D_layer_units_exponent_2': 6, 'D_dagger_layers': 2, 'D_dagger_layer_units_exponent_0': 8, 'D_dagger_layer_units_exponent_1': 6, 'log_learning_rate': -3.813448225242305, 'log_learning_rate_D': -4.21968630908035, 'log_learning_rate_D_dagger': -1.9456166269568502, 'training_batch_size': 11, 'training_p': 2}. Best is trial 44 with value: 0.12247402966022491.
Time for this trial:  16.516342639923096
Memory status after this trial: 
Memory allocated:  89.6806640625
Memory cached:  108.0
--------------------  Trial  45   --------------------
Start timing: 
Parameters: 
{'W_layers': 4, 'W_layer_units_exponent_0': 8, 'W_layer_units_exponent_1': 9, 'W_layer_units_exponent_2': 4, 'W_layer_units_exponent_3': 9, 'D_layers': 3, 'D_layer_units_exponent_0': 5, 'D_layer_units_exponent_1': 4, 'D_layer_units_exponent_2': 5, 'D_dagger_layers': 2, 'D_dagger_layer_units_exponent_0': 7, 'D_dagger_layer_units_exponent_1': 7, 'log_learning_rate': -3.783096461534043, 'log_learning_rate_D': -2.938631263699758, 'log_learning_rate_D_dagger': -1.5291335535646782, 'training_batch_size': 11, 'training_p': 2}
	 epoch  0 training error:  tensor(1.0573, device='cuda:0', grad_fn=<DivBackward0>)
Memory status after this epoch: 
Memory allocated:  2.70556640625
Memory cached:  6.0
	 epoch  10 training error:  tensor(0.6499, device='cuda:0', grad_fn=<DivBackward0>)
Memory status after this epoch: 
Memory allocated:  2.70556640625
Memory cached:  6.0
	 epoch  20 training error:  tensor(0.2351, device='cuda:0', grad_fn=<DivBackward0>)
Memory status after this epoch: 
Memory allocated:  2.70556640625
Memory cached:  6.0
	 epoch  30 training error:  tensor(0.1878, device='cuda:0', grad_fn=<DivBackward0>)
Memory status after this epoch: 
Memory allocated:  2.70556640625
Memory cached:  6.0
	 epoch  40 training error:  tensor(0.1882, device='cuda:0', grad_fn=<DivBackward0>)
Memory status after this epoch: 
Memory allocated:  2.70556640625
Memory cached:  6.0
	 epoch  50 training error:  tensor(0.1873, device='cuda:0', grad_fn=<DivBackward0>)
Memory status after this epoch: 
Memory allocated:  2.70556640625
Memory cached:  6.0
	 epoch  60 training error:  tensor(0.1871, device='cuda:0', grad_fn=<DivBackward0>)
Memory status after this epoch: 
Memory allocated:  2.70556640625
Memory cached:  6.0
	 epoch  70 training error:  tensor(0.1872, device='cuda:0', grad_fn=<DivBackward0>)
Memory status after this epoch: 
Memory allocated:  2.70556640625
Memory cached:  6.0
	 epoch  80 training error:  tensor(0.1871, device='cuda:0', grad_fn=<DivBackward0>)
Memory status after this epoch: 
Memory allocated:  2.70556640625
Memory cached:  6.0
	 epoch  90 training error:  tensor(0.1871, device='cuda:0', grad_fn=<DivBackward0>)
Memory status after this epoch: 
Memory allocated:  2.70556640625
Memory cached:  6.0
[I 2023-11-17 10:29:33,286] Trial 45 finished with value: 0.19230537116527557 and parameters: {'W_layers': 4, 'W_layer_units_exponent_0': 8, 'W_layer_units_exponent_1': 9, 'W_layer_units_exponent_2': 4, 'W_layer_units_exponent_3': 9, 'D_layers': 3, 'D_layer_units_exponent_0': 5, 'D_layer_units_exponent_1': 4, 'D_layer_units_exponent_2': 5, 'D_dagger_layers': 2, 'D_dagger_layer_units_exponent_0': 7, 'D_dagger_layer_units_exponent_1': 7, 'log_learning_rate': -3.783096461534043, 'log_learning_rate_D': -2.938631263699758, 'log_learning_rate_D_dagger': -1.5291335535646782, 'training_batch_size': 11, 'training_p': 2}. Best is trial 44 with value: 0.12247402966022491.
Time for this trial:  16.28330683708191
Memory status after this trial: 
Memory allocated:  85.7919921875
Memory cached:  98.0
--------------------  Trial  46   --------------------
Start timing: 
Parameters: 
{'W_layers': 4, 'W_layer_units_exponent_0': 9, 'W_layer_units_exponent_1': 9, 'W_layer_units_exponent_2': 4, 'W_layer_units_exponent_3': 10, 'D_layers': 2, 'D_layer_units_exponent_0': 4, 'D_layer_units_exponent_1': 4, 'D_dagger_layers': 3, 'D_dagger_layer_units_exponent_0': 8, 'D_dagger_layer_units_exponent_1': 5, 'D_dagger_layer_units_exponent_2': 4, 'log_learning_rate': -3.459316598266878, 'log_learning_rate_D': -4.1603215434801015, 'log_learning_rate_D_dagger': -1.7623489598562792, 'training_batch_size': 12, 'training_p': 2}
	 epoch  0 training error:  tensor(0.9958, device='cuda:0', grad_fn=<DivBackward0>)
Memory status after this epoch: 
Memory allocated:  4.7392578125
Memory cached:  10.0
	 epoch  10 training error:  tensor(0.2427, device='cuda:0', grad_fn=<DivBackward0>)
Memory status after this epoch: 
Memory allocated:  4.7392578125
Memory cached:  12.0
	 epoch  20 training error:  tensor(0.1421, device='cuda:0', grad_fn=<DivBackward0>)
Memory status after this epoch: 
Memory allocated:  4.7392578125
Memory cached:  12.0
	 epoch  30 training error:  tensor(0.1566, device='cuda:0', grad_fn=<DivBackward0>)
Memory status after this epoch: 
Memory allocated:  4.7392578125
Memory cached:  12.0
	 epoch  40 training error:  tensor(0.1356, device='cuda:0', grad_fn=<DivBackward0>)
Memory status after this epoch: 
Memory allocated:  4.7392578125
Memory cached:  12.0
	 epoch  50 training error:  tensor(0.1270, device='cuda:0', grad_fn=<DivBackward0>)
Memory status after this epoch: 
Memory allocated:  4.7392578125
Memory cached:  12.0
	 epoch  60 training error:  tensor(0.1243, device='cuda:0', grad_fn=<DivBackward0>)
Memory status after this epoch: 
Memory allocated:  4.7392578125
Memory cached:  12.0
	 epoch  70 training error:  tensor(0.1214, device='cuda:0', grad_fn=<DivBackward0>)
Memory status after this epoch: 
Memory allocated:  4.7392578125
Memory cached:  12.0
	 epoch  80 training error:  tensor(0.1269, device='cuda:0', grad_fn=<DivBackward0>)
Memory status after this epoch: 
Memory allocated:  4.7392578125
Memory cached:  12.0
	 epoch  90 training error:  tensor(0.1251, device='cuda:0', grad_fn=<DivBackward0>)
Memory status after this epoch: 
Memory allocated:  4.7392578125
Memory cached:  12.0
[I 2023-11-17 10:29:51,578] Trial 46 finished with value: 0.1220964789390564 and parameters: {'W_layers': 4, 'W_layer_units_exponent_0': 9, 'W_layer_units_exponent_1': 9, 'W_layer_units_exponent_2': 4, 'W_layer_units_exponent_3': 10, 'D_layers': 2, 'D_layer_units_exponent_0': 4, 'D_layer_units_exponent_1': 4, 'D_dagger_layers': 3, 'D_dagger_layer_units_exponent_0': 8, 'D_dagger_layer_units_exponent_1': 5, 'D_dagger_layer_units_exponent_2': 4, 'log_learning_rate': -3.459316598266878, 'log_learning_rate_D': -4.1603215434801015, 'log_learning_rate_D_dagger': -1.7623489598562792, 'training_batch_size': 12, 'training_p': 2}. Best is trial 46 with value: 0.1220964789390564.
Time for this trial:  18.120303630828857
Memory status after this trial: 
Memory allocated:  131.7021484375
Memory cached:  148.0
--------------------  Trial  47   --------------------
Start timing: 
Parameters: 
{'W_layers': 3, 'W_layer_units_exponent_0': 9, 'W_layer_units_exponent_1': 8, 'W_layer_units_exponent_2': 4, 'D_layers': 2, 'D_layer_units_exponent_0': 4, 'D_layer_units_exponent_1': 4, 'D_dagger_layers': 4, 'D_dagger_layer_units_exponent_0': 6, 'D_dagger_layer_units_exponent_1': 5, 'D_dagger_layer_units_exponent_2': 4, 'D_dagger_layer_units_exponent_3': 6, 'log_learning_rate': -3.4900412349443553, 'log_learning_rate_D': -4.156006953262076, 'log_learning_rate_D_dagger': -1.7877562096758535, 'training_batch_size': 12, 'training_p': 2}
	 epoch  0 training error:  tensor(1.0566, device='cuda:0', grad_fn=<DivBackward0>)
Memory status after this epoch: 
Memory allocated:  2.3134765625
Memory cached:  8.0
	 epoch  10 training error:  tensor(0.1921, device='cuda:0', grad_fn=<DivBackward0>)
Memory status after this epoch: 
Memory allocated:  2.3134765625
Memory cached:  10.0
	 epoch  20 training error:  tensor(0.1861, device='cuda:0', grad_fn=<DivBackward0>)
Memory status after this epoch: 
Memory allocated:  2.3134765625
Memory cached:  10.0
	 epoch  30 training error:  tensor(0.1822, device='cuda:0', grad_fn=<DivBackward0>)
Memory status after this epoch: 
Memory allocated:  2.3134765625
Memory cached:  10.0
	 epoch  40 training error:  tensor(0.1700, device='cuda:0', grad_fn=<DivBackward0>)
Memory status after this epoch: 
Memory allocated:  2.3134765625
Memory cached:  10.0
	 epoch  50 training error:  tensor(0.1556, device='cuda:0', grad_fn=<DivBackward0>)
Memory status after this epoch: 
Memory allocated:  2.3134765625
Memory cached:  10.0
	 epoch  60 training error:  tensor(0.1992, device='cuda:0', grad_fn=<DivBackward0>)
Memory status after this epoch: 
Memory allocated:  2.3134765625
Memory cached:  10.0
	 epoch  70 training error:  tensor(0.1885, device='cuda:0', grad_fn=<DivBackward0>)
Memory status after this epoch: 
Memory allocated:  2.3134765625
Memory cached:  10.0
	 epoch  80 training error:  tensor(0.1881, device='cuda:0', grad_fn=<DivBackward0>)
Memory status after this epoch: 
Memory allocated:  2.3134765625
Memory cached:  10.0
	 epoch  90 training error:  tensor(0.1876, device='cuda:0', grad_fn=<DivBackward0>)
Memory status after this epoch: 
Memory allocated:  2.3134765625
Memory cached:  10.0
