[I 2023-11-16 22:11:13,207] Trial 45 finished with value: 0.8728925585746765 and parameters: {'W_layers': 5, 'W_layer_units_exponent_0': 7, 'W_layer_units_exponent_1': 6, 'W_layer_units_exponent_2': 4, 'W_layer_units_exponent_3': 8, 'W_layer_units_exponent_4': 10, 'D_layers': 7, 'D_layer_units_exponent_0': 8, 'D_layer_units_exponent_1': 9, 'D_layer_units_exponent_2': 5, 'D_layer_units_exponent_3': 9, 'D_layer_units_exponent_4': 9, 'D_layer_units_exponent_5': 6, 'D_layer_units_exponent_6': 5, 'log_learning_rate': -4.060405776247954, 'log_learning_rate_D': -1.367424624537933, 'training_batch_size': 12, 'training_p': 3}. Best is trial 32 with value: 0.7752977609634399.
Time for this trial:  180.14092636108398
Memory status after this trial: 
Memory allocated:  529.685546875
Memory cached:  544.0
--------------------  Trial  46   --------------------
Start timing: 
Parameters: 
{'W_layers': 3, 'W_layer_units_exponent_0': 8, 'W_layer_units_exponent_1': 9, 'W_layer_units_exponent_2': 6, 'D_layers': 7, 'D_layer_units_exponent_0': 7, 'D_layer_units_exponent_1': 10, 'D_layer_units_exponent_2': 4, 'D_layer_units_exponent_3': 8, 'D_layer_units_exponent_4': 10, 'D_layer_units_exponent_5': 4, 'D_layer_units_exponent_6': 8, 'log_learning_rate': -4.359379354914393, 'log_learning_rate_D': -1.5328722917889612, 'training_batch_size': 8, 'training_p': 3}
	 epoch  0 training error:  tensor(3.0419, device='cuda:0', grad_fn=<DivBackward0>)
	 epoch  0 test error:  tensor(14.6333, device='cuda:0', grad_fn=<DivBackward0>)
Memory status after this epoch: 
Memory allocated:  282.12158203125
Memory cached:  344.0
	 epoch  10 training error:  tensor(0.4672, device='cuda:0', grad_fn=<DivBackward0>)
	 epoch  10 test error:  tensor(2.9872, device='cuda:0', grad_fn=<DivBackward0>)
Memory status after this epoch: 
Memory allocated:  281.37158203125
Memory cached:  556.0
	 epoch  20 training error:  tensor(0.2346, device='cuda:0', grad_fn=<DivBackward0>)
	 epoch  20 test error:  tensor(1.1349, device='cuda:0', grad_fn=<DivBackward0>)
Memory status after this epoch: 
Memory allocated:  282.12158203125
Memory cached:  556.0
	 epoch  30 training error:  tensor(0.2512, device='cuda:0', grad_fn=<DivBackward0>)
	 epoch  30 test error:  tensor(1.0241, device='cuda:0', grad_fn=<DivBackward0>)
Memory status after this epoch: 
Memory allocated:  281.37158203125
Memory cached:  556.0
	 epoch  40 training error:  tensor(0.2645, device='cuda:0', grad_fn=<DivBackward0>)
	 epoch  40 test error:  tensor(0.7443, device='cuda:0', grad_fn=<DivBackward0>)
Memory status after this epoch: 
Memory allocated:  282.12158203125
Memory cached:  556.0
	 epoch  50 training error:  tensor(0.2340, device='cuda:0', grad_fn=<DivBackward0>)
	 epoch  50 test error:  tensor(1.0124, device='cuda:0', grad_fn=<DivBackward0>)
Memory status after this epoch: 
Memory allocated:  281.37158203125
Memory cached:  556.0
	 epoch  60 training error:  tensor(0.2371, device='cuda:0', grad_fn=<DivBackward0>)
	 epoch  60 test error:  tensor(0.9050, device='cuda:0', grad_fn=<DivBackward0>)
Memory status after this epoch: 
Memory allocated:  282.12158203125
Memory cached:  556.0
	 epoch  70 training error:  tensor(0.2353, device='cuda:0', grad_fn=<DivBackward0>)
	 epoch  70 test error:  tensor(0.8334, device='cuda:0', grad_fn=<DivBackward0>)
Memory status after this epoch: 
Memory allocated:  281.37158203125
Memory cached:  556.0
	 epoch  80 training error:  tensor(0.2343, device='cuda:0', grad_fn=<DivBackward0>)
	 epoch  80 test error:  tensor(0.9142, device='cuda:0', grad_fn=<DivBackward0>)
Memory status after this epoch: 
Memory allocated:  282.12158203125
Memory cached:  556.0
	 epoch  90 training error:  tensor(0.2340, device='cuda:0', grad_fn=<DivBackward0>)
	 epoch  90 test error:  tensor(0.8602, device='cuda:0', grad_fn=<DivBackward0>)
Memory status after this epoch: 
Memory allocated:  281.37158203125
Memory cached:  558.0
[I 2023-11-16 22:13:58,339] Trial 46 finished with value: 0.8935262560844421 and parameters: {'W_layers': 3, 'W_layer_units_exponent_0': 8, 'W_layer_units_exponent_1': 9, 'W_layer_units_exponent_2': 6, 'D_layers': 7, 'D_layer_units_exponent_0': 7, 'D_layer_units_exponent_1': 10, 'D_layer_units_exponent_2': 4, 'D_layer_units_exponent_3': 8, 'D_layer_units_exponent_4': 10, 'D_layer_units_exponent_5': 4, 'D_layer_units_exponent_6': 8, 'log_learning_rate': -4.359379354914393, 'log_learning_rate_D': -1.5328722917889612, 'training_batch_size': 8, 'training_p': 3}. Best is trial 32 with value: 0.7752977609634399.
Time for this trial:  164.84069800376892
Memory status after this trial: 
Memory allocated:  543.4873046875
Memory cached:  556.0
--------------------  Trial  47   --------------------
Start timing: 
Parameters: 
{'W_layers': 4, 'W_layer_units_exponent_0': 9, 'W_layer_units_exponent_1': 6, 'W_layer_units_exponent_2': 5, 'W_layer_units_exponent_3': 9, 'D_layers': 6, 'D_layer_units_exponent_0': 8, 'D_layer_units_exponent_1': 10, 'D_layer_units_exponent_2': 5, 'D_layer_units_exponent_3': 9, 'D_layer_units_exponent_4': 6, 'D_layer_units_exponent_5': 7, 'log_learning_rate': -4.759372681726776, 'log_learning_rate_D': -1.20420402477402, 'training_batch_size': 10, 'training_p': 2}
	 epoch  0 training error:  tensor(1.0691, device='cuda:0', grad_fn=<DivBackward0>)
	 epoch  0 test error:  tensor(4.8133, device='cuda:0', grad_fn=<DivBackward0>)
Memory status after this epoch: 
Memory allocated:  256.2373046875
Memory cached:  320.0
	 epoch  10 training error:  tensor(0.6773, device='cuda:0', grad_fn=<DivBackward0>)
	 epoch  10 test error:  tensor(0.7359, device='cuda:0', grad_fn=<DivBackward0>)
Memory status after this epoch: 
Memory allocated:  256.9873046875
Memory cached:  508.0
	 epoch  20 training error:  tensor(0.2013, device='cuda:0', grad_fn=<DivBackward0>)
	 epoch  20 test error:  tensor(0.7617, device='cuda:0', grad_fn=<DivBackward0>)
Memory status after this epoch: 
Memory allocated:  256.2373046875
Memory cached:  508.0
	 epoch  30 training error:  tensor(0.2053, device='cuda:0', grad_fn=<DivBackward0>)
	 epoch  30 test error:  tensor(0.9181, device='cuda:0', grad_fn=<DivBackward0>)
Memory status after this epoch: 
Memory allocated:  256.9873046875
Memory cached:  508.0
	 epoch  40 training error:  tensor(0.2022, device='cuda:0', grad_fn=<DivBackward0>)
	 epoch  40 test error:  tensor(0.7938, device='cuda:0', grad_fn=<DivBackward0>)
Memory status after this epoch: 
Memory allocated:  256.2373046875
Memory cached:  508.0
	 epoch  50 training error:  tensor(0.2016, device='cuda:0', grad_fn=<DivBackward0>)
	 epoch  50 test error:  tensor(0.7814, device='cuda:0', grad_fn=<DivBackward0>)
Memory status after this epoch: 
Memory allocated:  256.9873046875
Memory cached:  508.0
	 epoch  60 training error:  tensor(0.2014, device='cuda:0', grad_fn=<DivBackward0>)
	 epoch  60 test error:  tensor(0.8104, device='cuda:0', grad_fn=<DivBackward0>)
Memory status after this epoch: 
Memory allocated:  256.2373046875
Memory cached:  510.0
	 epoch  70 training error:  tensor(0.2014, device='cuda:0', grad_fn=<DivBackward0>)
	 epoch  70 test error:  tensor(0.8194, device='cuda:0', grad_fn=<DivBackward0>)
Memory status after this epoch: 
Memory allocated:  256.9873046875
Memory cached:  510.0
	 epoch  80 training error:  tensor(0.2013, device='cuda:0', grad_fn=<DivBackward0>)
	 epoch  80 test error:  tensor(0.8136, device='cuda:0', grad_fn=<DivBackward0>)
Memory status after this epoch: 
Memory allocated:  256.2373046875
Memory cached:  510.0
	 epoch  90 training error:  tensor(0.2013, device='cuda:0', grad_fn=<DivBackward0>)
	 epoch  90 test error:  tensor(0.8085, device='cuda:0', grad_fn=<DivBackward0>)
Memory status after this epoch: 
Memory allocated:  256.9873046875
Memory cached:  512.0
[I 2023-11-16 22:16:39,069] Trial 47 finished with value: 0.8057777285575867 and parameters: {'W_layers': 4, 'W_layer_units_exponent_0': 9, 'W_layer_units_exponent_1': 6, 'W_layer_units_exponent_2': 5, 'W_layer_units_exponent_3': 9, 'D_layers': 6, 'D_layer_units_exponent_0': 8, 'D_layer_units_exponent_1': 10, 'D_layer_units_exponent_2': 5, 'D_layer_units_exponent_3': 9, 'D_layer_units_exponent_4': 6, 'D_layer_units_exponent_5': 7, 'log_learning_rate': -4.759372681726776, 'log_learning_rate_D': -1.20420402477402, 'training_batch_size': 10, 'training_p': 2}. Best is trial 32 with value: 0.7752977609634399.
Time for this trial:  160.4551727771759
Memory status after this trial: 
Memory allocated:  497.6513671875
Memory cached:  512.0
--------------------  Trial  48   --------------------
Start timing: 
Parameters: 
{'W_layers': 5, 'W_layer_units_exponent_0': 10, 'W_layer_units_exponent_1': 4, 'W_layer_units_exponent_2': 9, 'W_layer_units_exponent_3': 7, 'W_layer_units_exponent_4': 4, 'D_layers': 5, 'D_layer_units_exponent_0': 5, 'D_layer_units_exponent_1': 4, 'D_layer_units_exponent_2': 6, 'D_layer_units_exponent_3': 7, 'D_layer_units_exponent_4': 7, 'log_learning_rate': -4.537703746263854, 'log_learning_rate_D': -1.7344084164376452, 'training_batch_size': 7, 'training_p': 2}
	 epoch  0 training error:  tensor(0.7630, device='cuda:0', grad_fn=<DivBackward0>)
	 epoch  0 test error:  tensor(2.0415, device='cuda:0', grad_fn=<DivBackward0>)
Memory status after this epoch: 
Memory allocated:  196.77392578125
Memory cached:  260.0
	 epoch  10 training error:  tensor(0.3195, device='cuda:0', grad_fn=<DivBackward0>)
	 epoch  10 test error:  tensor(1.8776, device='cuda:0', grad_fn=<DivBackward0>)
Memory status after this epoch: 
Memory allocated:  196.02392578125
Memory cached:  392.0
	 epoch  20 training error:  tensor(0.2128, device='cuda:0', grad_fn=<DivBackward0>)
	 epoch  20 test error:  tensor(0.7474, device='cuda:0', grad_fn=<DivBackward0>)
Memory status after this epoch: 
Memory allocated:  196.77392578125
Memory cached:  394.0
	 epoch  30 training error:  tensor(0.2015, device='cuda:0', grad_fn=<DivBackward0>)
	 epoch  30 test error:  tensor(0.7824, device='cuda:0', grad_fn=<DivBackward0>)
Memory status after this epoch: 
Memory allocated:  196.02392578125
Memory cached:  392.0
	 epoch  40 training error:  tensor(0.2033, device='cuda:0', grad_fn=<DivBackward0>)
	 epoch  40 test error:  tensor(0.8600, device='cuda:0', grad_fn=<DivBackward0>)
Memory status after this epoch: 
Memory allocated:  196.77392578125
Memory cached:  394.0
	 epoch  50 training error:  tensor(0.2016, device='cuda:0', grad_fn=<DivBackward0>)
	 epoch  50 test error:  tensor(0.8412, device='cuda:0', grad_fn=<DivBackward0>)
Memory status after this epoch: 
Memory allocated:  196.02392578125
Memory cached:  394.0
	 epoch  60 training error:  tensor(0.2013, device='cuda:0', grad_fn=<DivBackward0>)
	 epoch  60 test error:  tensor(0.8152, device='cuda:0', grad_fn=<DivBackward0>)
Memory status after this epoch: 
Memory allocated:  196.77392578125
Memory cached:  394.0
	 epoch  70 training error:  tensor(0.2014, device='cuda:0', grad_fn=<DivBackward0>)
	 epoch  70 test error:  tensor(0.8057, device='cuda:0', grad_fn=<DivBackward0>)
Memory status after this epoch: 
Memory allocated:  196.02392578125
Memory cached:  392.0
	 epoch  80 training error:  tensor(0.2013, device='cuda:0', grad_fn=<DivBackward0>)
	 epoch  80 test error:  tensor(0.8044, device='cuda:0', grad_fn=<DivBackward0>)
Memory status after this epoch: 
Memory allocated:  196.77392578125
Memory cached:  392.0
	 epoch  90 training error:  tensor(0.2013, device='cuda:0', grad_fn=<DivBackward0>)
	 epoch  90 test error:  tensor(0.8054, device='cuda:0', grad_fn=<DivBackward0>)
Memory status after this epoch: 
Memory allocated:  196.02392578125
Memory cached:  392.0
[I 2023-11-16 22:19:15,792] Trial 48 finished with value: 0.8054596781730652 and parameters: {'W_layers': 5, 'W_layer_units_exponent_0': 10, 'W_layer_units_exponent_1': 4, 'W_layer_units_exponent_2': 9, 'W_layer_units_exponent_3': 7, 'W_layer_units_exponent_4': 4, 'D_layers': 5, 'D_layer_units_exponent_0': 5, 'D_layer_units_exponent_1': 4, 'D_layer_units_exponent_2': 6, 'D_layer_units_exponent_3': 7, 'D_layer_units_exponent_4': 7, 'log_learning_rate': -4.537703746263854, 'log_learning_rate_D': -1.7344084164376452, 'training_batch_size': 7, 'training_p': 2}. Best is trial 32 with value: 0.7752977609634399.
Time for this trial:  156.44550204277039
Memory status after this trial: 
Memory allocated:  383.7548828125
Memory cached:  394.0
--------------------  Trial  49   --------------------
Start timing: 
Parameters: 
{'W_layers': 5, 'W_layer_units_exponent_0': 8, 'W_layer_units_exponent_1': 10, 'W_layer_units_exponent_2': 4, 'W_layer_units_exponent_3': 7, 'W_layer_units_exponent_4': 5, 'D_layers': 6, 'D_layer_units_exponent_0': 8, 'D_layer_units_exponent_1': 9, 'D_layer_units_exponent_2': 5, 'D_layer_units_exponent_3': 8, 'D_layer_units_exponent_4': 9, 'D_layer_units_exponent_5': 5, 'log_learning_rate': -4.13223397621761, 'log_learning_rate_D': -1.0123401446991296, 'training_batch_size': 11, 'training_p': 3}
	 epoch  0 training error:  tensor(0.4795, device='cuda:0', grad_fn=<DivBackward0>)
	 epoch  0 test error:  tensor(3.1072, device='cuda:0', grad_fn=<DivBackward0>)
Memory status after this epoch: 
Memory allocated:  255.15283203125
Memory cached:  318.0
	 epoch  10 training error:  tensor(0.3323, device='cuda:0', grad_fn=<DivBackward0>)
	 epoch  10 test error:  tensor(1.2155, device='cuda:0', grad_fn=<DivBackward0>)
Memory status after this epoch: 
Memory allocated:  255.90283203125
Memory cached:  504.0
	 epoch  20 training error:  tensor(0.2371, device='cuda:0', grad_fn=<DivBackward0>)
	 epoch  20 test error:  tensor(0.7655, device='cuda:0', grad_fn=<DivBackward0>)
Memory status after this epoch: 
Memory allocated:  255.15283203125
Memory cached:  504.0
	 epoch  30 training error:  tensor(0.2403, device='cuda:0', grad_fn=<DivBackward0>)
	 epoch  30 test error:  tensor(0.7441, device='cuda:0', grad_fn=<DivBackward0>)
Memory status after this epoch: 
Memory allocated:  255.90283203125
Memory cached:  504.0
	 epoch  40 training error:  tensor(0.2396, device='cuda:0', grad_fn=<DivBackward0>)
	 epoch  40 test error:  tensor(0.7934, device='cuda:0', grad_fn=<DivBackward0>)
Memory status after this epoch: 
Memory allocated:  255.15283203125
Memory cached:  506.0
	 epoch  50 training error:  tensor(0.2341, device='cuda:0', grad_fn=<DivBackward0>)
	 epoch  50 test error:  tensor(0.9119, device='cuda:0', grad_fn=<DivBackward0>)
Memory status after this epoch: 
Memory allocated:  255.90283203125
Memory cached:  504.0
	 epoch  60 training error:  tensor(0.2346, device='cuda:0', grad_fn=<DivBackward0>)
	 epoch  60 test error:  tensor(0.9181, device='cuda:0', grad_fn=<DivBackward0>)
Memory status after this epoch: 
Memory allocated:  255.15283203125
Memory cached:  508.0
	 epoch  70 training error:  tensor(0.2339, device='cuda:0', grad_fn=<DivBackward0>)
	 epoch  70 test error:  tensor(0.8548, device='cuda:0', grad_fn=<DivBackward0>)
Memory status after this epoch: 
Memory allocated:  255.90283203125
Memory cached:  506.0
	 epoch  80 training error:  tensor(0.2339, device='cuda:0', grad_fn=<DivBackward0>)
	 epoch  80 test error:  tensor(0.8847, device='cuda:0', grad_fn=<DivBackward0>)
Memory status after this epoch: 
Memory allocated:  255.15283203125
Memory cached:  504.0
	 epoch  90 training error:  tensor(0.2339, device='cuda:0', grad_fn=<DivBackward0>)
	 epoch  90 test error:  tensor(0.8797, device='cuda:0', grad_fn=<DivBackward0>)
Memory status after this epoch: 
Memory allocated:  255.90283203125
Memory cached:  504.0
[I 2023-11-16 22:22:05,843] Trial 49 finished with value: 0.8729686737060547 and parameters: {'W_layers': 5, 'W_layer_units_exponent_0': 8, 'W_layer_units_exponent_1': 10, 'W_layer_units_exponent_2': 4, 'W_layer_units_exponent_3': 7, 'W_layer_units_exponent_4': 5, 'D_layers': 6, 'D_layer_units_exponent_0': 8, 'D_layer_units_exponent_1': 9, 'D_layer_units_exponent_2': 5, 'D_layer_units_exponent_3': 8, 'D_layer_units_exponent_4': 9, 'D_layer_units_exponent_5': 5, 'log_learning_rate': -4.13223397621761, 'log_learning_rate_D': -1.0123401446991296, 'training_batch_size': 11, 'training_p': 3}. Best is trial 32 with value: 0.7752977609634399.
Time for this trial:  169.76922011375427
Memory status after this trial: 
Memory allocated:  491.2900390625
Memory cached:  506.0
