[I 2023-11-17 02:51:05,565] Trial 17 finished with value: 0.09883645921945572 and parameters: {'W_layers': 7, 'W_layer_units_exponent_0': 8, 'W_layer_units_exponent_1': 6, 'W_layer_units_exponent_2': 6, 'W_layer_units_exponent_3': 9, 'W_layer_units_exponent_4': 9, 'W_layer_units_exponent_5': 5, 'W_layer_units_exponent_6': 7, 'D_layers': 6, 'D_layer_units_exponent_0': 7, 'D_layer_units_exponent_1': 8, 'D_layer_units_exponent_2': 7, 'D_layer_units_exponent_3': 8, 'D_layer_units_exponent_4': 8, 'D_layer_units_exponent_5': 7, 'log_learning_rate': -3.010230188184301, 'log_learning_rate_D': -2.2056782622993447, 'training_batch_size': 11, 'training_p': 3}. Best is trial 14 with value: 0.09673155844211578.
Time for this trial:  185.65530109405518
Memory status after this trial: 
Memory allocated:  359.1845703125
Memory cached:  376.0
--------------------  Trial  18   --------------------
Start timing: 
Parameters: 
{'W_layers': 8, 'W_layer_units_exponent_0': 10, 'W_layer_units_exponent_1': 10, 'W_layer_units_exponent_2': 8, 'W_layer_units_exponent_3': 6, 'W_layer_units_exponent_4': 7, 'W_layer_units_exponent_5': 10, 'W_layer_units_exponent_6': 8, 'W_layer_units_exponent_7': 10, 'D_layers': 7, 'D_layer_units_exponent_0': 7, 'D_layer_units_exponent_1': 8, 'D_layer_units_exponent_2': 6, 'D_layer_units_exponent_3': 4, 'D_layer_units_exponent_4': 9, 'D_layer_units_exponent_5': 4, 'D_layer_units_exponent_6': 6, 'log_learning_rate': -3.9023297037631823, 'log_learning_rate_D': -1.4800446132299312, 'training_batch_size': 9, 'training_p': 3}
	 epoch  0 training error:  tensor(1.0041, device='cuda:0', grad_fn=<DivBackward0>)
	 epoch  0 test error:  tensor(0.0965, device='cuda:0', grad_fn=<DivBackward0>)
Memory status after this epoch: 
Memory allocated:  378.14208984375
Memory cached:  410.0
	 epoch  10 training error:  tensor(0.9578, device='cuda:0', grad_fn=<DivBackward0>)
	 epoch  10 test error:  tensor(0.0989, device='cuda:0', grad_fn=<DivBackward0>)
Memory status after this epoch: 
Memory allocated:  377.95458984375
Memory cached:  740.0
	 epoch  20 training error:  tensor(0.9498, device='cuda:0', grad_fn=<DivBackward0>)
	 epoch  20 test error:  tensor(0.0983, device='cuda:0', grad_fn=<DivBackward0>)
Memory status after this epoch: 
Memory allocated:  378.42333984375
Memory cached:  740.0
	 epoch  30 training error:  tensor(0.9588, device='cuda:0', grad_fn=<DivBackward0>)
	 epoch  30 test error:  tensor(0.0976, device='cuda:0', grad_fn=<DivBackward0>)
Memory status after this epoch: 
Memory allocated:  377.95458984375
Memory cached:  740.0
	 epoch  40 training error:  tensor(0.9557, device='cuda:0', grad_fn=<DivBackward0>)
	 epoch  40 test error:  tensor(0.0980, device='cuda:0', grad_fn=<DivBackward0>)
Memory status after this epoch: 
Memory allocated:  378.42333984375
Memory cached:  740.0
	 epoch  50 training error:  tensor(0.9504, device='cuda:0', grad_fn=<DivBackward0>)
	 epoch  50 test error:  tensor(0.0982, device='cuda:0', grad_fn=<DivBackward0>)
Memory status after this epoch: 
Memory allocated:  377.95458984375
Memory cached:  740.0
	 epoch  60 training error:  tensor(0.9515, device='cuda:0', grad_fn=<DivBackward0>)
	 epoch  60 test error:  tensor(0.0980, device='cuda:0', grad_fn=<DivBackward0>)
Memory status after this epoch: 
Memory allocated:  378.42333984375
Memory cached:  740.0
	 epoch  70 training error:  tensor(0.9560, device='cuda:0', grad_fn=<DivBackward0>)
	 epoch  70 test error:  tensor(0.0980, device='cuda:0', grad_fn=<DivBackward0>)
Memory status after this epoch: 
Memory allocated:  377.95458984375
Memory cached:  740.0
	 epoch  80 training error:  tensor(0.9624, device='cuda:0', grad_fn=<DivBackward0>)
	 epoch  80 test error:  tensor(0.0991, device='cuda:0', grad_fn=<DivBackward0>)
Memory status after this epoch: 
Memory allocated:  378.42333984375
Memory cached:  740.0
	 epoch  90 training error:  tensor(0.9551, device='cuda:0', grad_fn=<DivBackward0>)
	 epoch  90 test error:  tensor(0.0978, device='cuda:0', grad_fn=<DivBackward0>)
Memory status after this epoch: 
Memory allocated:  377.95458984375
Memory cached:  740.0
[I 2023-11-17 02:54:48,347] Trial 18 finished with value: 0.09792353212833405 and parameters: {'W_layers': 8, 'W_layer_units_exponent_0': 10, 'W_layer_units_exponent_1': 10, 'W_layer_units_exponent_2': 8, 'W_layer_units_exponent_3': 6, 'W_layer_units_exponent_4': 7, 'W_layer_units_exponent_5': 10, 'W_layer_units_exponent_6': 8, 'W_layer_units_exponent_7': 10, 'D_layers': 7, 'D_layer_units_exponent_0': 7, 'D_layer_units_exponent_1': 8, 'D_layer_units_exponent_2': 6, 'D_layer_units_exponent_3': 4, 'D_layer_units_exponent_4': 9, 'D_layer_units_exponent_5': 4, 'D_layer_units_exponent_6': 6, 'log_learning_rate': -3.9023297037631823, 'log_learning_rate_D': -1.4800446132299312, 'training_batch_size': 9, 'training_p': 3}. Best is trial 14 with value: 0.09673155844211578.
Time for this trial:  222.49881052970886
Memory status after this trial: 
Memory allocated:  706.673828125
Memory cached:  740.0
--------------------  Trial  19   --------------------
Start timing: 
Parameters: 
{'W_layers': 4, 'W_layer_units_exponent_0': 9, 'W_layer_units_exponent_1': 7, 'W_layer_units_exponent_2': 4, 'W_layer_units_exponent_3': 9, 'D_layers': 6, 'D_layer_units_exponent_0': 9, 'D_layer_units_exponent_1': 10, 'D_layer_units_exponent_2': 5, 'D_layer_units_exponent_3': 6, 'D_layer_units_exponent_4': 7, 'D_layer_units_exponent_5': 8, 'log_learning_rate': -3.3784193703103735, 'log_learning_rate_D': -1.4397289059161849, 'training_batch_size': 8, 'training_p': 6}
	 epoch  0 training error:  tensor(1.0512, device='cuda:0', grad_fn=<DivBackward0>)
	 epoch  0 test error:  tensor(0.1002, device='cuda:0', grad_fn=<DivBackward0>)
Memory status after this epoch: 
Memory allocated:  213.462890625
Memory cached:  232.0
	 epoch  10 training error:  tensor(0.9479, device='cuda:0', grad_fn=<DivBackward0>)
	 epoch  10 test error:  tensor(0.0990, device='cuda:0', grad_fn=<DivBackward0>)
Memory status after this epoch: 
Memory allocated:  213.837890625
Memory cached:  420.0
	 epoch  20 training error:  tensor(0.9486, device='cuda:0', grad_fn=<DivBackward0>)
	 epoch  20 test error:  tensor(0.0986, device='cuda:0', grad_fn=<DivBackward0>)
Memory status after this epoch: 
Memory allocated:  213.556640625
Memory cached:  420.0
	 epoch  30 training error:  tensor(0.9586, device='cuda:0', grad_fn=<DivBackward0>)
	 epoch  30 test error:  tensor(0.0978, device='cuda:0', grad_fn=<DivBackward0>)
Memory status after this epoch: 
Memory allocated:  213.603515625
Memory cached:  420.0
	 epoch  40 training error:  tensor(0.9534, device='cuda:0', grad_fn=<DivBackward0>)
	 epoch  40 test error:  tensor(0.0980, device='cuda:0', grad_fn=<DivBackward0>)
Memory status after this epoch: 
Memory allocated:  213.884765625
Memory cached:  422.0
	 epoch  50 training error:  tensor(0.9548, device='cuda:0', grad_fn=<DivBackward0>)
	 epoch  50 test error:  tensor(0.0975, device='cuda:0', grad_fn=<DivBackward0>)
Memory status after this epoch: 
Memory allocated:  213.603515625
Memory cached:  422.0
	 epoch  60 training error:  tensor(0.9718, device='cuda:0', grad_fn=<DivBackward0>)
	 epoch  60 test error:  tensor(0.0993, device='cuda:0', grad_fn=<DivBackward0>)
Memory status after this epoch: 
Memory allocated:  213.697265625
Memory cached:  424.0
	 epoch  70 training error:  tensor(0.9616, device='cuda:0', grad_fn=<DivBackward0>)
	 epoch  70 test error:  tensor(0.0985, device='cuda:0', grad_fn=<DivBackward0>)
Memory status after this epoch: 
Memory allocated:  213.556640625
Memory cached:  422.0
	 epoch  80 training error:  tensor(0.9670, device='cuda:0', grad_fn=<DivBackward0>)
	 epoch  80 test error:  tensor(0.0997, device='cuda:0', grad_fn=<DivBackward0>)
Memory status after this epoch: 
Memory allocated:  213.603515625
Memory cached:  420.0
	 epoch  90 training error:  tensor(0.9582, device='cuda:0', grad_fn=<DivBackward0>)
	 epoch  90 test error:  tensor(0.0991, device='cuda:0', grad_fn=<DivBackward0>)
Memory status after this epoch: 
Memory allocated:  213.556640625
Memory cached:  422.0
[I 2023-11-17 02:57:33,407] Trial 19 finished with value: 0.09785051643848419 and parameters: {'W_layers': 4, 'W_layer_units_exponent_0': 9, 'W_layer_units_exponent_1': 7, 'W_layer_units_exponent_2': 4, 'W_layer_units_exponent_3': 9, 'D_layers': 6, 'D_layer_units_exponent_0': 9, 'D_layer_units_exponent_1': 10, 'D_layer_units_exponent_2': 5, 'D_layer_units_exponent_3': 6, 'D_layer_units_exponent_4': 7, 'D_layer_units_exponent_5': 8, 'log_learning_rate': -3.3784193703103735, 'log_learning_rate_D': -1.4397289059161849, 'training_batch_size': 8, 'training_p': 6}. Best is trial 14 with value: 0.09673155844211578.
Time for this trial:  164.80323266983032
Memory status after this trial: 
Memory allocated:  409.193359375
Memory cached:  422.0
--------------------  Trial  20   --------------------
Start timing: 
Parameters: 
{'W_layers': 7, 'W_layer_units_exponent_0': 8, 'W_layer_units_exponent_1': 5, 'W_layer_units_exponent_2': 6, 'W_layer_units_exponent_3': 7, 'W_layer_units_exponent_4': 6, 'W_layer_units_exponent_5': 5, 'W_layer_units_exponent_6': 7, 'D_layers': 5, 'D_layer_units_exponent_0': 5, 'D_layer_units_exponent_1': 9, 'D_layer_units_exponent_2': 8, 'D_layer_units_exponent_3': 10, 'D_layer_units_exponent_4': 9, 'log_learning_rate': -2.6328200923390943, 'log_learning_rate_D': -1.9837016061872847, 'training_batch_size': 11, 'training_p': 4}
	 epoch  0 training error:  tensor(1.0026, device='cuda:0', grad_fn=<DivBackward0>)
	 epoch  0 test error:  tensor(0.0976, device='cuda:0', grad_fn=<DivBackward0>)
Memory status after this epoch: 
Memory allocated:  209.9580078125
Memory cached:  230.0
	 epoch  10 training error:  tensor(0.9603, device='cuda:0', grad_fn=<DivBackward0>)
	 epoch  10 test error:  tensor(0.1003, device='cuda:0', grad_fn=<DivBackward0>)
Memory status after this epoch: 
Memory allocated:  210.3798828125
Memory cached:  408.0
	 epoch  20 training error:  tensor(0.9605, device='cuda:0', grad_fn=<DivBackward0>)
	 epoch  20 test error:  tensor(0.0988, device='cuda:0', grad_fn=<DivBackward0>)
Memory status after this epoch: 
Memory allocated:  209.8173828125
Memory cached:  408.0
	 epoch  30 training error:  tensor(0.9537, device='cuda:0', grad_fn=<DivBackward0>)
	 epoch  30 test error:  tensor(0.0978, device='cuda:0', grad_fn=<DivBackward0>)
Memory status after this epoch: 
Memory allocated:  210.2861328125
Memory cached:  408.0
	 epoch  40 training error:  tensor(0.9566, device='cuda:0', grad_fn=<DivBackward0>)
	 epoch  40 test error:  tensor(0.0976, device='cuda:0', grad_fn=<DivBackward0>)
Memory status after this epoch: 
Memory allocated:  210.0517578125
Memory cached:  408.0
	 epoch  50 training error:  tensor(0.9574, device='cuda:0', grad_fn=<DivBackward0>)
	 epoch  50 test error:  tensor(0.0978, device='cuda:0', grad_fn=<DivBackward0>)
Memory status after this epoch: 
Memory allocated:  209.9580078125
Memory cached:  410.0
	 epoch  60 training error:  tensor(0.9477, device='cuda:0', grad_fn=<DivBackward0>)
	 epoch  60 test error:  tensor(0.0981, device='cuda:0', grad_fn=<DivBackward0>)
Memory status after this epoch: 
Memory allocated:  210.3798828125
Memory cached:  410.0
	 epoch  70 training error:  tensor(0.9481, device='cuda:0', grad_fn=<DivBackward0>)
	 epoch  70 test error:  tensor(0.0980, device='cuda:0', grad_fn=<DivBackward0>)
Memory status after this epoch: 
Memory allocated:  209.8173828125
Memory cached:  412.0
	 epoch  80 training error:  tensor(0.9622, device='cuda:0', grad_fn=<DivBackward0>)
	 epoch  80 test error:  tensor(0.0976, device='cuda:0', grad_fn=<DivBackward0>)
Memory status after this epoch: 
Memory allocated:  210.3798828125
Memory cached:  410.0
	 epoch  90 training error:  tensor(0.9596, device='cuda:0', grad_fn=<DivBackward0>)
	 epoch  90 test error:  tensor(0.0988, device='cuda:0', grad_fn=<DivBackward0>)
Memory status after this epoch: 
Memory allocated:  209.8173828125
Memory cached:  410.0
[I 2023-11-17 03:00:31,304] Trial 20 finished with value: 0.09800656139850616 and parameters: {'W_layers': 7, 'W_layer_units_exponent_0': 8, 'W_layer_units_exponent_1': 5, 'W_layer_units_exponent_2': 6, 'W_layer_units_exponent_3': 7, 'W_layer_units_exponent_4': 6, 'W_layer_units_exponent_5': 5, 'W_layer_units_exponent_6': 7, 'D_layers': 5, 'D_layer_units_exponent_0': 5, 'D_layer_units_exponent_1': 9, 'D_layer_units_exponent_2': 8, 'D_layer_units_exponent_3': 10, 'D_layer_units_exponent_4': 9, 'log_learning_rate': -2.6328200923390943, 'log_learning_rate_D': -1.9837016061872847, 'training_batch_size': 11, 'training_p': 4}. Best is trial 14 with value: 0.09673155844211578.
Time for this trial:  177.64386296272278
Memory status after this trial: 
Memory allocated:  395.134765625
Memory cached:  410.0
--------------------  Trial  21   --------------------
Start timing: 
Parameters: 
{'W_layers': 8, 'W_layer_units_exponent_0': 6, 'W_layer_units_exponent_1': 4, 'W_layer_units_exponent_2': 5, 'W_layer_units_exponent_3': 8, 'W_layer_units_exponent_4': 5, 'W_layer_units_exponent_5': 5, 'W_layer_units_exponent_6': 10, 'W_layer_units_exponent_7': 8, 'D_layers': 4, 'D_layer_units_exponent_0': 9, 'D_layer_units_exponent_1': 6, 'D_layer_units_exponent_2': 9, 'D_layer_units_exponent_3': 8, 'log_learning_rate': -1.9067271701234652, 'log_learning_rate_D': -1.4120172041785042, 'training_batch_size': 12, 'training_p': 5}
	 epoch  0 training error:  tensor(1.0010, device='cuda:0', grad_fn=<DivBackward0>)
	 epoch  0 test error:  tensor(0.0965, device='cuda:0', grad_fn=<DivBackward0>)
Memory status after this epoch: 
Memory allocated:  204.80224609375
Memory cached:  232.0
	 epoch  10 training error:  tensor(1., device='cuda:0', grad_fn=<DivBackward0>)
	 epoch  10 test error:  tensor(0.0967, device='cuda:0', grad_fn=<DivBackward0>)
Memory status after this epoch: 
Memory allocated:  204.33349609375
Memory cached:  412.0
	 epoch  20 training error:  tensor(1., device='cuda:0', grad_fn=<DivBackward0>)
	 epoch  20 test error:  tensor(0.0967, device='cuda:0', grad_fn=<DivBackward0>)
Memory status after this epoch: 
Memory allocated:  204.80224609375
Memory cached:  412.0
	 epoch  30 training error:  tensor(1., device='cuda:0', grad_fn=<DivBackward0>)
	 epoch  30 test error:  tensor(0.0967, device='cuda:0', grad_fn=<DivBackward0>)
Memory status after this epoch: 
Memory allocated:  204.33349609375
Memory cached:  412.0
	 epoch  40 training error:  tensor(1., device='cuda:0', grad_fn=<DivBackward0>)
	 epoch  40 test error:  tensor(0.0967, device='cuda:0', grad_fn=<DivBackward0>)
Memory status after this epoch: 
Memory allocated:  204.80224609375
Memory cached:  412.0
	 epoch  50 training error:  tensor(1., device='cuda:0', grad_fn=<DivBackward0>)
	 epoch  50 test error:  tensor(0.0967, device='cuda:0', grad_fn=<DivBackward0>)
Memory status after this epoch: 
Memory allocated:  204.33349609375
Memory cached:  412.0
	 epoch  60 training error:  tensor(1., device='cuda:0', grad_fn=<DivBackward0>)
	 epoch  60 test error:  tensor(0.0967, device='cuda:0', grad_fn=<DivBackward0>)
Memory status after this epoch: 
Memory allocated:  204.80224609375
Memory cached:  412.0
	 epoch  70 training error:  tensor(1., device='cuda:0', grad_fn=<DivBackward0>)
	 epoch  70 test error:  tensor(0.0967, device='cuda:0', grad_fn=<DivBackward0>)
Memory status after this epoch: 
Memory allocated:  204.33349609375
Memory cached:  412.0
	 epoch  80 training error:  tensor(1., device='cuda:0', grad_fn=<DivBackward0>)
	 epoch  80 test error:  tensor(0.0967, device='cuda:0', grad_fn=<DivBackward0>)
Memory status after this epoch: 
Memory allocated:  204.80224609375
Memory cached:  412.0
	 epoch  90 training error:  tensor(1., device='cuda:0', grad_fn=<DivBackward0>)
	 epoch  90 test error:  tensor(0.0967, device='cuda:0', grad_fn=<DivBackward0>)
Memory status after this epoch: 
Memory allocated:  204.33349609375
Memory cached:  412.0
[I 2023-11-17 03:03:31,133] Trial 21 finished with value: 0.09674399346113205 and parameters: {'W_layers': 8, 'W_layer_units_exponent_0': 6, 'W_layer_units_exponent_1': 4, 'W_layer_units_exponent_2': 5, 'W_layer_units_exponent_3': 8, 'W_layer_units_exponent_4': 5, 'W_layer_units_exponent_5': 5, 'W_layer_units_exponent_6': 10, 'W_layer_units_exponent_7': 8, 'D_layers': 4, 'D_layer_units_exponent_0': 9, 'D_layer_units_exponent_1': 6, 'D_layer_units_exponent_2': 9, 'D_layer_units_exponent_3': 8, 'log_learning_rate': -1.9067271701234652, 'log_learning_rate_D': -1.4120172041785042, 'training_batch_size': 12, 'training_p': 5}. Best is trial 14 with value: 0.09673155844211578.
Time for this trial:  179.5658974647522
Memory status after this trial: 
Memory allocated:  395.0068359375
Memory cached:  414.0
--------------------  Trial  22   --------------------
Start timing: 
Parameters: 
{'W_layers': 8, 'W_layer_units_exponent_0': 6, 'W_layer_units_exponent_1': 9, 'W_layer_units_exponent_2': 5, 'W_layer_units_exponent_3': 8, 'W_layer_units_exponent_4': 5, 'W_layer_units_exponent_5': 4, 'W_layer_units_exponent_6': 9, 'W_layer_units_exponent_7': 8, 'D_layers': 4, 'D_layer_units_exponent_0': 9, 'D_layer_units_exponent_1': 5, 'D_layer_units_exponent_2': 9, 'D_layer_units_exponent_3': 8, 'log_learning_rate': -2.0513536656597906, 'log_learning_rate_D': -1.3534123183841864, 'training_batch_size': 11, 'training_p': 6}
	 epoch  0 training error:  tensor(1.0014, device='cuda:0', grad_fn=<DivBackward0>)
	 epoch  0 test error:  tensor(0.2196, device='cuda:0', grad_fn=<DivBackward0>)
Memory status after this epoch: 
Memory allocated:  198.7744140625
Memory cached:  226.0
	 epoch  10 training error:  tensor(1.0000, device='cuda:0', grad_fn=<DivBackward0>)
	 epoch  10 test error:  tensor(0.0967, device='cuda:0', grad_fn=<DivBackward0>)
Memory status after this epoch: 
Memory allocated:  199.2431640625
Memory cached:  404.0
	 epoch  20 training error:  tensor(1.0000, device='cuda:0', grad_fn=<DivBackward0>)
	 epoch  20 test error:  tensor(0.0967, device='cuda:0', grad_fn=<DivBackward0>)
Memory status after this epoch: 
Memory allocated:  198.7744140625
Memory cached:  404.0
	 epoch  30 training error:  tensor(1.0000, device='cuda:0', grad_fn=<DivBackward0>)
	 epoch  30 test error:  tensor(0.0967, device='cuda:0', grad_fn=<DivBackward0>)
Memory status after this epoch: 
Memory allocated:  199.2431640625
Memory cached:  404.0
	 epoch  40 training error:  tensor(1.0000, device='cuda:0', grad_fn=<DivBackward0>)
	 epoch  40 test error:  tensor(0.0967, device='cuda:0', grad_fn=<DivBackward0>)
Memory status after this epoch: 
Memory allocated:  198.7744140625
Memory cached:  404.0
	 epoch  50 training error:  tensor(1.0000, device='cuda:0', grad_fn=<DivBackward0>)
	 epoch  50 test error:  tensor(0.0967, device='cuda:0', grad_fn=<DivBackward0>)
Memory status after this epoch: 
Memory allocated:  199.2431640625
Memory cached:  404.0
	 epoch  60 training error:  tensor(1.0000, device='cuda:0', grad_fn=<DivBackward0>)
	 epoch  60 test error:  tensor(0.0967, device='cuda:0', grad_fn=<DivBackward0>)
Memory status after this epoch: 
Memory allocated:  198.7744140625
Memory cached:  404.0
	 epoch  70 training error:  tensor(1.0000, device='cuda:0', grad_fn=<DivBackward0>)
	 epoch  70 test error:  tensor(0.0967, device='cuda:0', grad_fn=<DivBackward0>)
Memory status after this epoch: 
Memory allocated:  199.2431640625
Memory cached:  404.0
	 epoch  80 training error:  tensor(1.0000, device='cuda:0', grad_fn=<DivBackward0>)
	 epoch  80 test error:  tensor(0.0967, device='cuda:0', grad_fn=<DivBackward0>)
Memory status after this epoch: 
Memory allocated:  198.7744140625
Memory cached:  404.0
	 epoch  90 training error:  tensor(1.0000, device='cuda:0', grad_fn=<DivBackward0>)
	 epoch  90 test error:  tensor(0.0967, device='cuda:0', grad_fn=<DivBackward0>)
Memory status after this epoch: 
Memory allocated:  199.2431640625
Memory cached:  404.0
