[I 2023-11-16 23:26:38,193] Trial 5 finished with value: 0.9340931177139282 and parameters: {'W_layers': 7, 'W_layer_units_exponent_0': 6, 'W_layer_units_exponent_1': 6, 'W_layer_units_exponent_2': 9, 'W_layer_units_exponent_3': 4, 'W_layer_units_exponent_4': 5, 'W_layer_units_exponent_5': 8, 'W_layer_units_exponent_6': 5, 'D_layers': 7, 'D_layer_units_exponent_0': 8, 'D_layer_units_exponent_1': 9, 'D_layer_units_exponent_2': 5, 'D_layer_units_exponent_3': 5, 'D_layer_units_exponent_4': 4, 'D_layer_units_exponent_5': 10, 'D_layer_units_exponent_6': 5, 'D_dagger_layers': 7, 'D_dagger_layer_units_exponent_0': 8, 'D_dagger_layer_units_exponent_1': 9, 'D_dagger_layer_units_exponent_2': 4, 'D_dagger_layer_units_exponent_3': 7, 'D_dagger_layer_units_exponent_4': 9, 'D_dagger_layer_units_exponent_5': 4, 'D_dagger_layer_units_exponent_6': 9, 'log_learning_rate': -4.854795437144422, 'log_learning_rate_D': -1.600246488091436, 'log_learning_rate_D_dagger': -2.400005595023681, 'training_batch_size': 12, 'training_p': 7}. Best is trial 4 with value: 0.0967848002910614.
Time for this trial:  19.35663366317749
Memory status after this trial: 
Memory allocated:  162.09375
Memory cached:  166.0
--------------------  Trial  6   --------------------
Start timing: 
Parameters: 
{'W_layers': 8, 'W_layer_units_exponent_0': 9, 'W_layer_units_exponent_1': 7, 'W_layer_units_exponent_2': 4, 'W_layer_units_exponent_3': 5, 'W_layer_units_exponent_4': 4, 'W_layer_units_exponent_5': 8, 'W_layer_units_exponent_6': 9, 'W_layer_units_exponent_7': 6, 'D_layers': 6, 'D_layer_units_exponent_0': 8, 'D_layer_units_exponent_1': 9, 'D_layer_units_exponent_2': 9, 'D_layer_units_exponent_3': 6, 'D_layer_units_exponent_4': 8, 'D_layer_units_exponent_5': 7, 'D_dagger_layers': 5, 'D_dagger_layer_units_exponent_0': 6, 'D_dagger_layer_units_exponent_1': 6, 'D_dagger_layer_units_exponent_2': 7, 'D_dagger_layer_units_exponent_3': 5, 'D_dagger_layer_units_exponent_4': 4, 'log_learning_rate': -3.1300248851921766, 'log_learning_rate_D': -1.7349615775432476, 'log_learning_rate_D_dagger': -1.5890716690888227, 'training_batch_size': 11, 'training_p': 6}
	 epoch  0 training error:  tensor(1.0045, device='cuda:0', grad_fn=<DivBackward0>)
Memory status after this epoch: 
Memory allocated:  5.8984375
Memory cached:  18.0
	 epoch  10 training error:  tensor(0.2551, device='cuda:0', grad_fn=<DivBackward0>)
Memory status after this epoch: 
Memory allocated:  5.8984375
Memory cached:  20.0
	 epoch  20 training error:  tensor(0.2280, device='cuda:0', grad_fn=<DivBackward0>)
Memory status after this epoch: 
Memory allocated:  5.8984375
Memory cached:  20.0
	 epoch  30 training error:  tensor(0.2553, device='cuda:0', grad_fn=<DivBackward0>)
Memory status after this epoch: 
Memory allocated:  5.8984375
Memory cached:  20.0
	 epoch  40 training error:  tensor(0.1792, device='cuda:0', grad_fn=<DivBackward0>)
Memory status after this epoch: 
Memory allocated:  5.8984375
Memory cached:  20.0
	 epoch  50 training error:  tensor(0.1471, device='cuda:0', grad_fn=<DivBackward0>)
Memory status after this epoch: 
Memory allocated:  5.8984375
Memory cached:  20.0
	 epoch  60 training error:  tensor(0.1464, device='cuda:0', grad_fn=<DivBackward0>)
Memory status after this epoch: 
Memory allocated:  5.8984375
Memory cached:  20.0
	 epoch  70 training error:  tensor(0.1475, device='cuda:0', grad_fn=<DivBackward0>)
Memory status after this epoch: 
Memory allocated:  5.8984375
Memory cached:  20.0
	 epoch  80 training error:  tensor(0.1454, device='cuda:0', grad_fn=<DivBackward0>)
Memory status after this epoch: 
Memory allocated:  5.8984375
Memory cached:  20.0
	 epoch  90 training error:  tensor(0.1453, device='cuda:0', grad_fn=<DivBackward0>)
Memory status after this epoch: 
Memory allocated:  5.8984375
Memory cached:  20.0
[I 2023-11-16 23:26:57,544] Trial 6 finished with value: 0.11677410453557968 and parameters: {'W_layers': 8, 'W_layer_units_exponent_0': 9, 'W_layer_units_exponent_1': 7, 'W_layer_units_exponent_2': 4, 'W_layer_units_exponent_3': 5, 'W_layer_units_exponent_4': 4, 'W_layer_units_exponent_5': 8, 'W_layer_units_exponent_6': 9, 'W_layer_units_exponent_7': 6, 'D_layers': 6, 'D_layer_units_exponent_0': 8, 'D_layer_units_exponent_1': 9, 'D_layer_units_exponent_2': 9, 'D_layer_units_exponent_3': 6, 'D_layer_units_exponent_4': 8, 'D_layer_units_exponent_5': 7, 'D_dagger_layers': 5, 'D_dagger_layer_units_exponent_0': 6, 'D_dagger_layer_units_exponent_1': 6, 'D_dagger_layer_units_exponent_2': 7, 'D_dagger_layer_units_exponent_3': 5, 'D_dagger_layer_units_exponent_4': 4, 'log_learning_rate': -3.1300248851921766, 'log_learning_rate_D': -1.7349615775432476, 'log_learning_rate_D_dagger': -1.5890716690888227, 'training_batch_size': 11, 'training_p': 6}. Best is trial 4 with value: 0.0967848002910614.
Time for this trial:  19.221407413482666
Memory status after this trial: 
Memory allocated:  101.3935546875
Memory cached:  118.0
--------------------  Trial  7   --------------------
Start timing: 
Parameters: 
{'W_layers': 8, 'W_layer_units_exponent_0': 6, 'W_layer_units_exponent_1': 7, 'W_layer_units_exponent_2': 7, 'W_layer_units_exponent_3': 5, 'W_layer_units_exponent_4': 5, 'W_layer_units_exponent_5': 5, 'W_layer_units_exponent_6': 5, 'W_layer_units_exponent_7': 8, 'D_layers': 8, 'D_layer_units_exponent_0': 4, 'D_layer_units_exponent_1': 5, 'D_layer_units_exponent_2': 10, 'D_layer_units_exponent_3': 8, 'D_layer_units_exponent_4': 4, 'D_layer_units_exponent_5': 8, 'D_layer_units_exponent_6': 8, 'D_layer_units_exponent_7': 6, 'D_dagger_layers': 6, 'D_dagger_layer_units_exponent_0': 10, 'D_dagger_layer_units_exponent_1': 10, 'D_dagger_layer_units_exponent_2': 4, 'D_dagger_layer_units_exponent_3': 10, 'D_dagger_layer_units_exponent_4': 7, 'D_dagger_layer_units_exponent_5': 9, 'log_learning_rate': -1.1955855096707464, 'log_learning_rate_D': -1.8030843723254568, 'log_learning_rate_D_dagger': -3.368870494266815, 'training_batch_size': 8, 'training_p': 2}
	 epoch  0 training error:  tensor(0.9903, device='cuda:0', grad_fn=<DivBackward0>)
Memory status after this epoch: 
Memory allocated:  22.228515625
Memory cached:  62.0
	 epoch  10 training error:  tensor(0.4157, device='cuda:0', grad_fn=<DivBackward0>)
Memory status after this epoch: 
Memory allocated:  22.228515625
Memory cached:  64.0
	 epoch  20 training error:  tensor(0.9958, device='cuda:0', grad_fn=<DivBackward0>)
Memory status after this epoch: 
Memory allocated:  22.228515625
Memory cached:  64.0
	 epoch  30 training error:  tensor(1.0000, device='cuda:0', grad_fn=<DivBackward0>)
Memory status after this epoch: 
Memory allocated:  22.228515625
Memory cached:  64.0
	 epoch  40 training error:  tensor(1.0001, device='cuda:0', grad_fn=<DivBackward0>)
Memory status after this epoch: 
Memory allocated:  22.228515625
Memory cached:  64.0
	 epoch  50 training error:  tensor(1.0000, device='cuda:0', grad_fn=<DivBackward0>)
Memory status after this epoch: 
Memory allocated:  22.228515625
Memory cached:  64.0
	 epoch  60 training error:  tensor(1.0000, device='cuda:0', grad_fn=<DivBackward0>)
Memory status after this epoch: 
Memory allocated:  22.228515625
Memory cached:  64.0
	 epoch  70 training error:  tensor(1.0000, device='cuda:0', grad_fn=<DivBackward0>)
Memory status after this epoch: 
Memory allocated:  22.228515625
Memory cached:  64.0
	 epoch  80 training error:  tensor(1.0000, device='cuda:0', grad_fn=<DivBackward0>)
Memory status after this epoch: 
Memory allocated:  22.228515625
Memory cached:  64.0
	 epoch  90 training error:  tensor(1.0000, device='cuda:0', grad_fn=<DivBackward0>)
Memory status after this epoch: 
Memory allocated:  22.228515625
Memory cached:  64.0
[I 2023-11-16 23:27:19,357] Trial 7 finished with value: 1.0000028610229492 and parameters: {'W_layers': 8, 'W_layer_units_exponent_0': 6, 'W_layer_units_exponent_1': 7, 'W_layer_units_exponent_2': 7, 'W_layer_units_exponent_3': 5, 'W_layer_units_exponent_4': 5, 'W_layer_units_exponent_5': 5, 'W_layer_units_exponent_6': 5, 'W_layer_units_exponent_7': 8, 'D_layers': 8, 'D_layer_units_exponent_0': 4, 'D_layer_units_exponent_1': 5, 'D_layer_units_exponent_2': 10, 'D_layer_units_exponent_3': 8, 'D_layer_units_exponent_4': 4, 'D_layer_units_exponent_5': 8, 'D_layer_units_exponent_6': 8, 'D_layer_units_exponent_7': 6, 'D_dagger_layers': 6, 'D_dagger_layer_units_exponent_0': 10, 'D_dagger_layer_units_exponent_1': 10, 'D_dagger_layer_units_exponent_2': 4, 'D_dagger_layer_units_exponent_3': 10, 'D_dagger_layer_units_exponent_4': 7, 'D_dagger_layer_units_exponent_5': 9, 'log_learning_rate': -1.1955855096707464, 'log_learning_rate_D': -1.8030843723254568, 'log_learning_rate_D_dagger': -3.368870494266815, 'training_batch_size': 8, 'training_p': 2}. Best is trial 4 with value: 0.0967848002910614.
Time for this trial:  21.692227602005005
Memory status after this trial: 
Memory allocated:  250.875
Memory cached:  292.0
--------------------  Trial  8   --------------------
Start timing: 
Parameters: 
{'W_layers': 2, 'W_layer_units_exponent_0': 9, 'W_layer_units_exponent_1': 7, 'D_layers': 4, 'D_layer_units_exponent_0': 6, 'D_layer_units_exponent_1': 5, 'D_layer_units_exponent_2': 10, 'D_layer_units_exponent_3': 10, 'D_dagger_layers': 8, 'D_dagger_layer_units_exponent_0': 9, 'D_dagger_layer_units_exponent_1': 7, 'D_dagger_layer_units_exponent_2': 8, 'D_dagger_layer_units_exponent_3': 4, 'D_dagger_layer_units_exponent_4': 6, 'D_dagger_layer_units_exponent_5': 5, 'D_dagger_layer_units_exponent_6': 6, 'D_dagger_layer_units_exponent_7': 4, 'log_learning_rate': -2.9096222108144416, 'log_learning_rate_D': -4.314137392697803, 'log_learning_rate_D_dagger': -3.623605331370269, 'training_batch_size': 6, 'training_p': 7}
	 epoch  0 training error:  tensor(0.8190, device='cuda:0', grad_fn=<DivBackward0>)
Memory status after this epoch: 
Memory allocated:  6.98876953125
Memory cached:  26.0
	 epoch  10 training error:  tensor(0.2398, device='cuda:0', grad_fn=<DivBackward0>)
Memory status after this epoch: 
Memory allocated:  6.98876953125
Memory cached:  28.0
	 epoch  20 training error:  tensor(0.1626, device='cuda:0', grad_fn=<DivBackward0>)
Memory status after this epoch: 
Memory allocated:  6.98876953125
Memory cached:  28.0
	 epoch  30 training error:  tensor(0.1551, device='cuda:0', grad_fn=<DivBackward0>)
Memory status after this epoch: 
Memory allocated:  6.98876953125
Memory cached:  28.0
	 epoch  40 training error:  tensor(0.1504, device='cuda:0', grad_fn=<DivBackward0>)
Memory status after this epoch: 
Memory allocated:  6.98876953125
Memory cached:  28.0
	 epoch  50 training error:  tensor(0.1542, device='cuda:0', grad_fn=<DivBackward0>)
Memory status after this epoch: 
Memory allocated:  6.98876953125
Memory cached:  28.0
	 epoch  60 training error:  tensor(0.1609, device='cuda:0', grad_fn=<DivBackward0>)
Memory status after this epoch: 
Memory allocated:  6.98876953125
Memory cached:  28.0
	 epoch  70 training error:  tensor(0.1553, device='cuda:0', grad_fn=<DivBackward0>)
Memory status after this epoch: 
Memory allocated:  6.98876953125
Memory cached:  28.0
	 epoch  80 training error:  tensor(0.1592, device='cuda:0', grad_fn=<DivBackward0>)
Memory status after this epoch: 
Memory allocated:  6.98876953125
Memory cached:  28.0
	 epoch  90 training error:  tensor(0.1590, device='cuda:0', grad_fn=<DivBackward0>)
Memory status after this epoch: 
Memory allocated:  6.98876953125
Memory cached:  28.0
[I 2023-11-16 23:27:39,688] Trial 8 finished with value: 0.13110089302062988 and parameters: {'W_layers': 2, 'W_layer_units_exponent_0': 9, 'W_layer_units_exponent_1': 7, 'D_layers': 4, 'D_layer_units_exponent_0': 6, 'D_layer_units_exponent_1': 5, 'D_layer_units_exponent_2': 10, 'D_layer_units_exponent_3': 10, 'D_dagger_layers': 8, 'D_dagger_layer_units_exponent_0': 9, 'D_dagger_layer_units_exponent_1': 7, 'D_dagger_layer_units_exponent_2': 8, 'D_dagger_layer_units_exponent_3': 4, 'D_dagger_layer_units_exponent_4': 6, 'D_dagger_layer_units_exponent_5': 5, 'D_dagger_layer_units_exponent_6': 6, 'D_dagger_layer_units_exponent_7': 4, 'log_learning_rate': -2.9096222108144416, 'log_learning_rate_D': -4.314137392697803, 'log_learning_rate_D_dagger': -3.623605331370269, 'training_batch_size': 6, 'training_p': 7}. Best is trial 4 with value: 0.0967848002910614.
Time for this trial:  20.218295574188232
Memory status after this trial: 
Memory allocated:  95.087890625
Memory cached:  104.0
--------------------  Trial  9   --------------------
Start timing: 
Parameters: 
{'W_layers': 7, 'W_layer_units_exponent_0': 10, 'W_layer_units_exponent_1': 4, 'W_layer_units_exponent_2': 9, 'W_layer_units_exponent_3': 5, 'W_layer_units_exponent_4': 5, 'W_layer_units_exponent_5': 10, 'W_layer_units_exponent_6': 8, 'D_layers': 3, 'D_layer_units_exponent_0': 4, 'D_layer_units_exponent_1': 6, 'D_layer_units_exponent_2': 8, 'D_dagger_layers': 3, 'D_dagger_layer_units_exponent_0': 7, 'D_dagger_layer_units_exponent_1': 9, 'D_dagger_layer_units_exponent_2': 5, 'log_learning_rate': -4.19422716057447, 'log_learning_rate_D': -1.0375263868247697, 'log_learning_rate_D_dagger': -4.698408395514859, 'training_batch_size': 11, 'training_p': 8}
	 epoch  0 training error:  tensor(0.9742, device='cuda:0', grad_fn=<DivBackward0>)
Memory status after this epoch: 
Memory allocated:  6.70263671875
Memory cached:  18.0
	 epoch  10 training error:  tensor(0.8383, device='cuda:0', grad_fn=<DivBackward0>)
Memory status after this epoch: 
Memory allocated:  6.70263671875
Memory cached:  20.0
	 epoch  20 training error:  tensor(0.4053, device='cuda:0', grad_fn=<DivBackward0>)
Memory status after this epoch: 
Memory allocated:  6.70263671875
Memory cached:  20.0
	 epoch  30 training error:  tensor(0.2685, device='cuda:0', grad_fn=<DivBackward0>)
Memory status after this epoch: 
Memory allocated:  6.70263671875
Memory cached:  20.0
	 epoch  40 training error:  tensor(0.2148, device='cuda:0', grad_fn=<DivBackward0>)
Memory status after this epoch: 
Memory allocated:  6.70263671875
Memory cached:  20.0
	 epoch  50 training error:  tensor(0.1891, device='cuda:0', grad_fn=<DivBackward0>)
Memory status after this epoch: 
Memory allocated:  6.70263671875
Memory cached:  20.0
	 epoch  60 training error:  tensor(0.1924, device='cuda:0', grad_fn=<DivBackward0>)
Memory status after this epoch: 
Memory allocated:  6.70263671875
Memory cached:  20.0
	 epoch  70 training error:  tensor(0.1824, device='cuda:0', grad_fn=<DivBackward0>)
Memory status after this epoch: 
Memory allocated:  6.70263671875
Memory cached:  20.0
	 epoch  80 training error:  tensor(0.1798, device='cuda:0', grad_fn=<DivBackward0>)
Memory status after this epoch: 
Memory allocated:  6.70263671875
Memory cached:  20.0
	 epoch  90 training error:  tensor(0.1759, device='cuda:0', grad_fn=<DivBackward0>)
Memory status after this epoch: 
Memory allocated:  6.70263671875
Memory cached:  20.0
[I 2023-11-16 23:27:59,479] Trial 9 finished with value: 0.09944578260183334 and parameters: {'W_layers': 7, 'W_layer_units_exponent_0': 10, 'W_layer_units_exponent_1': 4, 'W_layer_units_exponent_2': 9, 'W_layer_units_exponent_3': 5, 'W_layer_units_exponent_4': 5, 'W_layer_units_exponent_5': 10, 'W_layer_units_exponent_6': 8, 'D_layers': 3, 'D_layer_units_exponent_0': 4, 'D_layer_units_exponent_1': 6, 'D_layer_units_exponent_2': 8, 'D_dagger_layers': 3, 'D_dagger_layer_units_exponent_0': 7, 'D_dagger_layer_units_exponent_1': 9, 'D_dagger_layer_units_exponent_2': 5, 'log_learning_rate': -4.19422716057447, 'log_learning_rate_D': -1.0375263868247697, 'log_learning_rate_D_dagger': -4.698408395514859, 'training_batch_size': 11, 'training_p': 8}. Best is trial 4 with value: 0.0967848002910614.
Time for this trial:  19.69341278076172
Memory status after this trial: 
Memory allocated:  197.6748046875
Memory cached:  214.0
--------------------  Trial  10   --------------------
Start timing: 
Parameters: 
{'W_layers': 4, 'W_layer_units_exponent_0': 4, 'W_layer_units_exponent_1': 10, 'W_layer_units_exponent_2': 6, 'W_layer_units_exponent_3': 9, 'D_layers': 2, 'D_layer_units_exponent_0': 9, 'D_layer_units_exponent_1': 7, 'D_dagger_layers': 2, 'D_dagger_layer_units_exponent_0': 4, 'D_dagger_layer_units_exponent_1': 8, 'log_learning_rate': -1.1324265257848034, 'log_learning_rate_D': -4.953110222788874, 'log_learning_rate_D_dagger': -1.0907233502845401, 'training_batch_size': 10, 'training_p': 2}
	 epoch  0 training error:  tensor(0.9700, device='cuda:0', grad_fn=<DivBackward0>)
Memory status after this epoch: 
Memory allocated:  2.27294921875
Memory cached:  10.0
	 epoch  10 training error:  tensor(1., device='cuda:0', grad_fn=<DivBackward0>)
Memory status after this epoch: 
Memory allocated:  2.27294921875
Memory cached:  10.0
	 epoch  20 training error:  tensor(1., device='cuda:0', grad_fn=<DivBackward0>)
Memory status after this epoch: 
Memory allocated:  2.27294921875
Memory cached:  10.0
	 epoch  30 training error:  tensor(1., device='cuda:0', grad_fn=<DivBackward0>)
Memory status after this epoch: 
Memory allocated:  2.27294921875
Memory cached:  10.0
	 epoch  40 training error:  tensor(1., device='cuda:0', grad_fn=<DivBackward0>)
Memory status after this epoch: 
Memory allocated:  2.27294921875
Memory cached:  10.0
	 epoch  50 training error:  tensor(1., device='cuda:0', grad_fn=<DivBackward0>)
Memory status after this epoch: 
Memory allocated:  2.27294921875
Memory cached:  10.0
	 epoch  60 training error:  tensor(1., device='cuda:0', grad_fn=<DivBackward0>)
Memory status after this epoch: 
Memory allocated:  2.27294921875
Memory cached:  10.0
	 epoch  70 training error:  tensor(1., device='cuda:0', grad_fn=<DivBackward0>)
Memory status after this epoch: 
Memory allocated:  2.27294921875
Memory cached:  10.0
	 epoch  80 training error:  tensor(1., device='cuda:0', grad_fn=<DivBackward0>)
Memory status after this epoch: 
Memory allocated:  2.27294921875
Memory cached:  10.0
	 epoch  90 training error:  tensor(1., device='cuda:0', grad_fn=<DivBackward0>)
Memory status after this epoch: 
Memory allocated:  2.27294921875
Memory cached:  10.0
[I 2023-11-16 23:28:17,324] Trial 10 finished with value: 1.0 and parameters: {'W_layers': 4, 'W_layer_units_exponent_0': 4, 'W_layer_units_exponent_1': 10, 'W_layer_units_exponent_2': 6, 'W_layer_units_exponent_3': 9, 'D_layers': 2, 'D_layer_units_exponent_0': 9, 'D_layer_units_exponent_1': 7, 'D_dagger_layers': 2, 'D_dagger_layer_units_exponent_0': 4, 'D_dagger_layer_units_exponent_1': 8, 'log_learning_rate': -1.1324265257848034, 'log_learning_rate_D': -4.953110222788874, 'log_learning_rate_D_dagger': -1.0907233502845401, 'training_batch_size': 10, 'training_p': 2}. Best is trial 4 with value: 0.0967848002910614.
Time for this trial:  17.68805503845215
Memory status after this trial: 
Memory allocated:  103.865234375
Memory cached:  110.0
--------------------  Trial  11   --------------------
Start timing: 
Parameters: 
{'W_layers': 5, 'W_layer_units_exponent_0': 10, 'W_layer_units_exponent_1': 4, 'W_layer_units_exponent_2': 8, 'W_layer_units_exponent_3': 8, 'W_layer_units_exponent_4': 7, 'D_layers': 4, 'D_layer_units_exponent_0': 6, 'D_layer_units_exponent_1': 7, 'D_layer_units_exponent_2': 7, 'D_layer_units_exponent_3': 6, 'D_dagger_layers': 3, 'D_dagger_layer_units_exponent_0': 7, 'D_dagger_layer_units_exponent_1': 9, 'D_dagger_layer_units_exponent_2': 7, 'log_learning_rate': -1.857983625448997, 'log_learning_rate_D': -2.4824646281782226, 'log_learning_rate_D_dagger': -4.9494217486614716, 'training_batch_size': 10, 'training_p': 4}
	 epoch  0 training error:  tensor(1.0432, device='cuda:0', grad_fn=<DivBackward0>)
Memory status after this epoch: 
Memory allocated:  4.1591796875
Memory cached:  6.0
	 epoch  10 training error:  tensor(1.0095, device='cuda:0', grad_fn=<DivBackward0>)
Memory status after this epoch: 
Memory allocated:  4.1591796875
Memory cached:  8.0
	 epoch  20 training error:  tensor(0.9743, device='cuda:0', grad_fn=<DivBackward0>)
Memory status after this epoch: 
Memory allocated:  4.1591796875
Memory cached:  8.0
	 epoch  30 training error:  tensor(0.9406, device='cuda:0', grad_fn=<DivBackward0>)
Memory status after this epoch: 
Memory allocated:  4.1591796875
Memory cached:  8.0
	 epoch  40 training error:  tensor(0.9089, device='cuda:0', grad_fn=<DivBackward0>)
Memory status after this epoch: 
Memory allocated:  4.1591796875
Memory cached:  8.0
	 epoch  50 training error:  tensor(0.8801, device='cuda:0', grad_fn=<DivBackward0>)
Memory status after this epoch: 
Memory allocated:  4.1591796875
Memory cached:  8.0
	 epoch  60 training error:  tensor(0.8533, device='cuda:0', grad_fn=<DivBackward0>)
Memory status after this epoch: 
Memory allocated:  4.1591796875
Memory cached:  8.0
	 epoch  70 training error:  tensor(0.8281, device='cuda:0', grad_fn=<DivBackward0>)
Memory status after this epoch: 
Memory allocated:  4.1591796875
Memory cached:  8.0
	 epoch  80 training error:  tensor(0.8040, device='cuda:0', grad_fn=<DivBackward0>)
Memory status after this epoch: 
Memory allocated:  4.1591796875
Memory cached:  8.0
	 epoch  90 training error:  tensor(0.7804, device='cuda:0', grad_fn=<DivBackward0>)
Memory status after this epoch: 
Memory allocated:  4.1591796875
Memory cached:  8.0
