[I 2023-11-10 13:47:30,027] Trial 41 finished with value: 0.03776794299483299 and parameters: {'W_layers': 7, 'W_layer_units_exponent_0': 6, 'W_layer_units_exponent_1': 7, 'W_layer_units_exponent_2': 7, 'W_layer_units_exponent_3': 6, 'W_layer_units_exponent_4': 8, 'W_layer_units_exponent_5': 6, 'W_layer_units_exponent_6': 5, 'D_layers': 7, 'D_layer_units_exponent_0': 5, 'D_layer_units_exponent_1': 4, 'D_layer_units_exponent_2': 5, 'D_layer_units_exponent_3': 8, 'D_layer_units_exponent_4': 7, 'D_layer_units_exponent_5': 5, 'D_layer_units_exponent_6': 4, 'log_learning_rate': -3.380497045947859, 'log_learning_rate_D': -3.170357531736345, 'training_batch_size': 6, 'training_p': 2}. Best is trial 41 with value: 0.03776794299483299.
Time for this trial:  324.20694375038147
Memory status after this trial: 
Memory allocated:  643.16650390625
Memory cached:  656.0
--------------------  Trial  42   --------------------
Start timing: 
Parameters: 
{'W_layers': 8, 'W_layer_units_exponent_0': 7, 'W_layer_units_exponent_1': 7, 'W_layer_units_exponent_2': 8, 'W_layer_units_exponent_3': 5, 'W_layer_units_exponent_4': 8, 'W_layer_units_exponent_5': 6, 'W_layer_units_exponent_6': 5, 'W_layer_units_exponent_7': 8, 'D_layers': 7, 'D_layer_units_exponent_0': 5, 'D_layer_units_exponent_1': 4, 'D_layer_units_exponent_2': 5, 'D_layer_units_exponent_3': 8, 'D_layer_units_exponent_4': 7, 'D_layer_units_exponent_5': 4, 'D_layer_units_exponent_6': 4, 'log_learning_rate': -3.437177513916772, 'log_learning_rate_D': -3.2585867302589007, 'training_batch_size': 6, 'training_p': 3}
	 epoch  0 training error:  tensor(1.1187, device='cuda:0', grad_fn=<DivBackward0>)
	 epoch  0 test error:  tensor(0.0978, device='cuda:0', grad_fn=<DivBackward0>)
Memory status after this epoch: 
Memory allocated:  350.68408203125
Memory cached:  584.0
	 epoch  10 training error:  tensor(0.9628, device='cuda:0', grad_fn=<DivBackward0>)
	 epoch  10 test error:  tensor(0.0684, device='cuda:0', grad_fn=<DivBackward0>)
Memory status after this epoch: 
Memory allocated:  352.13720703125
Memory cached:  700.0
	 epoch  20 training error:  tensor(0.5712, device='cuda:0', grad_fn=<DivBackward0>)
	 epoch  20 test error:  tensor(0.0471, device='cuda:0', grad_fn=<DivBackward0>)
Memory status after this epoch: 
Memory allocated:  350.68408203125
Memory cached:  700.0
	 epoch  30 training error:  tensor(0.5078, device='cuda:0', grad_fn=<DivBackward0>)
	 epoch  30 test error:  tensor(0.0399, device='cuda:0', grad_fn=<DivBackward0>)
Memory status after this epoch: 
Memory allocated:  352.13720703125
Memory cached:  700.0
	 epoch  40 training error:  tensor(0.5002, device='cuda:0', grad_fn=<DivBackward0>)
	 epoch  40 test error:  tensor(0.0378, device='cuda:0', grad_fn=<DivBackward0>)
Memory status after this epoch: 
Memory allocated:  350.68408203125
Memory cached:  700.0
	 epoch  50 training error:  tensor(0.4953, device='cuda:0', grad_fn=<DivBackward0>)
	 epoch  50 test error:  tensor(0.0387, device='cuda:0', grad_fn=<DivBackward0>)
Memory status after this epoch: 
Memory allocated:  352.13720703125
Memory cached:  700.0
	 epoch  60 training error:  tensor(0.4958, device='cuda:0', grad_fn=<DivBackward0>)
	 epoch  60 test error:  tensor(0.0384, device='cuda:0', grad_fn=<DivBackward0>)
Memory status after this epoch: 
Memory allocated:  350.68408203125
Memory cached:  700.0
	 epoch  70 training error:  tensor(0.4953, device='cuda:0', grad_fn=<DivBackward0>)
	 epoch  70 test error:  tensor(0.0380, device='cuda:0', grad_fn=<DivBackward0>)
Memory status after this epoch: 
Memory allocated:  352.13720703125
Memory cached:  700.0
	 epoch  80 training error:  tensor(0.4963, device='cuda:0', grad_fn=<DivBackward0>)
	 epoch  80 test error:  tensor(0.0388, device='cuda:0', grad_fn=<DivBackward0>)
Memory status after this epoch: 
Memory allocated:  350.68408203125
Memory cached:  700.0
	 epoch  90 training error:  tensor(0.4941, device='cuda:0', grad_fn=<DivBackward0>)
	 epoch  90 test error:  tensor(0.0398, device='cuda:0', grad_fn=<DivBackward0>)
Memory status after this epoch: 
Memory allocated:  352.13720703125
Memory cached:  700.0
[I 2023-11-10 13:53:13,099] Trial 42 finished with value: 0.03707868605852127 and parameters: {'W_layers': 8, 'W_layer_units_exponent_0': 7, 'W_layer_units_exponent_1': 7, 'W_layer_units_exponent_2': 8, 'W_layer_units_exponent_3': 5, 'W_layer_units_exponent_4': 8, 'W_layer_units_exponent_5': 6, 'W_layer_units_exponent_6': 5, 'W_layer_units_exponent_7': 8, 'D_layers': 7, 'D_layer_units_exponent_0': 5, 'D_layer_units_exponent_1': 4, 'D_layer_units_exponent_2': 5, 'D_layer_units_exponent_3': 8, 'D_layer_units_exponent_4': 7, 'D_layer_units_exponent_5': 4, 'D_layer_units_exponent_6': 4, 'log_learning_rate': -3.437177513916772, 'log_learning_rate_D': -3.2585867302589007, 'training_batch_size': 6, 'training_p': 3}. Best is trial 42 with value: 0.03707868605852127.
Time for this trial:  342.6929552555084
Memory status after this trial: 
Memory allocated:  686.42138671875
Memory cached:  700.0
--------------------  Trial  43   --------------------
Start timing: 
Parameters: 
{'W_layers': 8, 'W_layer_units_exponent_0': 7, 'W_layer_units_exponent_1': 7, 'W_layer_units_exponent_2': 8, 'W_layer_units_exponent_3': 5, 'W_layer_units_exponent_4': 10, 'W_layer_units_exponent_5': 6, 'W_layer_units_exponent_6': 5, 'W_layer_units_exponent_7': 8, 'D_layers': 6, 'D_layer_units_exponent_0': 5, 'D_layer_units_exponent_1': 4, 'D_layer_units_exponent_2': 5, 'D_layer_units_exponent_3': 8, 'D_layer_units_exponent_4': 8, 'D_layer_units_exponent_5': 4, 'log_learning_rate': -3.4404771272859045, 'log_learning_rate_D': -3.3177926510458557, 'training_batch_size': 6, 'training_p': 3}
	 epoch  0 training error:  tensor(1.2802, device='cuda:0', grad_fn=<DivBackward0>)
	 epoch  0 test error:  tensor(0.0853, device='cuda:0', grad_fn=<DivBackward0>)
Memory status after this epoch: 
Memory allocated:  400.5693359375
Memory cached:  634.0
	 epoch  10 training error:  tensor(0.7697, device='cuda:0', grad_fn=<DivBackward0>)
	 epoch  10 test error:  tensor(0.0486, device='cuda:0', grad_fn=<DivBackward0>)
Memory status after this epoch: 
Memory allocated:  399.1162109375
Memory cached:  794.0
	 epoch  20 training error:  tensor(0.5152, device='cuda:0', grad_fn=<DivBackward0>)
	 epoch  20 test error:  tensor(0.0366, device='cuda:0', grad_fn=<DivBackward0>)
Memory status after this epoch: 
Memory allocated:  400.5693359375
Memory cached:  794.0
	 epoch  30 training error:  tensor(0.4995, device='cuda:0', grad_fn=<DivBackward0>)
	 epoch  30 test error:  tensor(0.0389, device='cuda:0', grad_fn=<DivBackward0>)
Memory status after this epoch: 
Memory allocated:  399.1162109375
Memory cached:  794.0
	 epoch  40 training error:  tensor(0.4965, device='cuda:0', grad_fn=<DivBackward0>)
	 epoch  40 test error:  tensor(0.0386, device='cuda:0', grad_fn=<DivBackward0>)
Memory status after this epoch: 
Memory allocated:  400.5693359375
Memory cached:  794.0
	 epoch  50 training error:  tensor(0.4957, device='cuda:0', grad_fn=<DivBackward0>)
	 epoch  50 test error:  tensor(0.0379, device='cuda:0', grad_fn=<DivBackward0>)
Memory status after this epoch: 
Memory allocated:  399.1162109375
Memory cached:  794.0
	 epoch  60 training error:  tensor(0.4952, device='cuda:0', grad_fn=<DivBackward0>)
	 epoch  60 test error:  tensor(0.0377, device='cuda:0', grad_fn=<DivBackward0>)
Memory status after this epoch: 
Memory allocated:  400.5693359375
Memory cached:  794.0
	 epoch  70 training error:  tensor(0.4945, device='cuda:0', grad_fn=<DivBackward0>)
	 epoch  70 test error:  tensor(0.0380, device='cuda:0', grad_fn=<DivBackward0>)
Memory status after this epoch: 
Memory allocated:  399.1162109375
Memory cached:  794.0
	 epoch  80 training error:  tensor(0.4972, device='cuda:0', grad_fn=<DivBackward0>)
	 epoch  80 test error:  tensor(0.0382, device='cuda:0', grad_fn=<DivBackward0>)
Memory status after this epoch: 
Memory allocated:  400.5693359375
Memory cached:  794.0
	 epoch  90 training error:  tensor(0.4944, device='cuda:0', grad_fn=<DivBackward0>)
	 epoch  90 test error:  tensor(0.0406, device='cuda:0', grad_fn=<DivBackward0>)
Memory status after this epoch: 
Memory allocated:  399.1162109375
Memory cached:  794.0
[I 2023-11-10 13:58:46,891] Trial 43 finished with value: 0.037664659321308136 and parameters: {'W_layers': 8, 'W_layer_units_exponent_0': 7, 'W_layer_units_exponent_1': 7, 'W_layer_units_exponent_2': 8, 'W_layer_units_exponent_3': 5, 'W_layer_units_exponent_4': 10, 'W_layer_units_exponent_5': 6, 'W_layer_units_exponent_6': 5, 'W_layer_units_exponent_7': 8, 'D_layers': 6, 'D_layer_units_exponent_0': 5, 'D_layer_units_exponent_1': 4, 'D_layer_units_exponent_2': 5, 'D_layer_units_exponent_3': 8, 'D_layer_units_exponent_4': 8, 'D_layer_units_exponent_5': 4, 'log_learning_rate': -3.4404771272859045, 'log_learning_rate_D': -3.3177926510458557, 'training_batch_size': 6, 'training_p': 3}. Best is trial 42 with value: 0.03707868605852127.
Time for this trial:  333.4513518810272
Memory status after this trial: 
Memory allocated:  780.78955078125
Memory cached:  794.0
--------------------  Trial  44   --------------------
Start timing: 
Parameters: 
{'W_layers': 8, 'W_layer_units_exponent_0': 7, 'W_layer_units_exponent_1': 7, 'W_layer_units_exponent_2': 8, 'W_layer_units_exponent_3': 5, 'W_layer_units_exponent_4': 10, 'W_layer_units_exponent_5': 6, 'W_layer_units_exponent_6': 5, 'W_layer_units_exponent_7': 8, 'D_layers': 6, 'D_layer_units_exponent_0': 5, 'D_layer_units_exponent_1': 4, 'D_layer_units_exponent_2': 5, 'D_layer_units_exponent_3': 8, 'D_layer_units_exponent_4': 8, 'D_layer_units_exponent_5': 4, 'log_learning_rate': -3.5014338988381546, 'log_learning_rate_D': -3.281326177672711, 'training_batch_size': 6, 'training_p': 3}
	 epoch  0 training error:  tensor(1.1299, device='cuda:0', grad_fn=<DivBackward0>)
	 epoch  0 test error:  tensor(0.0953, device='cuda:0', grad_fn=<DivBackward0>)
Memory status after this epoch: 
Memory allocated:  399.1162109375
Memory cached:  650.0
	 epoch  10 training error:  tensor(0.8133, device='cuda:0', grad_fn=<DivBackward0>)
	 epoch  10 test error:  tensor(0.0542, device='cuda:0', grad_fn=<DivBackward0>)
Memory status after this epoch: 
Memory allocated:  400.5693359375
Memory cached:  794.0
	 epoch  20 training error:  tensor(0.5232, device='cuda:0', grad_fn=<DivBackward0>)
	 epoch  20 test error:  tensor(0.0414, device='cuda:0', grad_fn=<DivBackward0>)
Memory status after this epoch: 
Memory allocated:  399.1162109375
Memory cached:  794.0
	 epoch  30 training error:  tensor(0.5043, device='cuda:0', grad_fn=<DivBackward0>)
	 epoch  30 test error:  tensor(0.0374, device='cuda:0', grad_fn=<DivBackward0>)
Memory status after this epoch: 
Memory allocated:  400.5693359375
Memory cached:  794.0
	 epoch  40 training error:  tensor(0.5001, device='cuda:0', grad_fn=<DivBackward0>)
	 epoch  40 test error:  tensor(0.0386, device='cuda:0', grad_fn=<DivBackward0>)
Memory status after this epoch: 
Memory allocated:  399.1162109375
Memory cached:  794.0
	 epoch  50 training error:  tensor(0.4991, device='cuda:0', grad_fn=<DivBackward0>)
	 epoch  50 test error:  tensor(0.0377, device='cuda:0', grad_fn=<DivBackward0>)
Memory status after this epoch: 
Memory allocated:  400.5693359375
Memory cached:  794.0
	 epoch  60 training error:  tensor(0.4985, device='cuda:0', grad_fn=<DivBackward0>)
	 epoch  60 test error:  tensor(0.0376, device='cuda:0', grad_fn=<DivBackward0>)
Memory status after this epoch: 
Memory allocated:  399.1162109375
Memory cached:  794.0
	 epoch  70 training error:  tensor(0.4963, device='cuda:0', grad_fn=<DivBackward0>)
	 epoch  70 test error:  tensor(0.0386, device='cuda:0', grad_fn=<DivBackward0>)
Memory status after this epoch: 
Memory allocated:  400.5693359375
Memory cached:  794.0
	 epoch  80 training error:  tensor(0.4950, device='cuda:0', grad_fn=<DivBackward0>)
	 epoch  80 test error:  tensor(0.0384, device='cuda:0', grad_fn=<DivBackward0>)
Memory status after this epoch: 
Memory allocated:  399.1162109375
Memory cached:  794.0
	 epoch  90 training error:  tensor(0.5006, device='cuda:0', grad_fn=<DivBackward0>)
	 epoch  90 test error:  tensor(0.0377, device='cuda:0', grad_fn=<DivBackward0>)
Memory status after this epoch: 
Memory allocated:  400.5693359375
Memory cached:  794.0
[I 2023-11-10 14:04:20,957] Trial 44 finished with value: 0.03846168518066406 and parameters: {'W_layers': 8, 'W_layer_units_exponent_0': 7, 'W_layer_units_exponent_1': 7, 'W_layer_units_exponent_2': 8, 'W_layer_units_exponent_3': 5, 'W_layer_units_exponent_4': 10, 'W_layer_units_exponent_5': 6, 'W_layer_units_exponent_6': 5, 'W_layer_units_exponent_7': 8, 'D_layers': 6, 'D_layer_units_exponent_0': 5, 'D_layer_units_exponent_1': 4, 'D_layer_units_exponent_2': 5, 'D_layer_units_exponent_3': 8, 'D_layer_units_exponent_4': 8, 'D_layer_units_exponent_5': 4, 'log_learning_rate': -3.5014338988381546, 'log_learning_rate_D': -3.281326177672711, 'training_batch_size': 6, 'training_p': 3}. Best is trial 42 with value: 0.03707868605852127.
Time for this trial:  333.74159264564514
Memory status after this trial: 
Memory allocated:  780.78955078125
Memory cached:  794.0
--------------------  Trial  45   --------------------
Start timing: 
Parameters: 
{'W_layers': 8, 'W_layer_units_exponent_0': 7, 'W_layer_units_exponent_1': 6, 'W_layer_units_exponent_2': 9, 'W_layer_units_exponent_3': 5, 'W_layer_units_exponent_4': 10, 'W_layer_units_exponent_5': 6, 'W_layer_units_exponent_6': 5, 'W_layer_units_exponent_7': 8, 'D_layers': 6, 'D_layer_units_exponent_0': 5, 'D_layer_units_exponent_1': 4, 'D_layer_units_exponent_2': 4, 'D_layer_units_exponent_3': 8, 'D_layer_units_exponent_4': 8, 'D_layer_units_exponent_5': 5, 'log_learning_rate': -3.654061135360021, 'log_learning_rate_D': -3.476637303947331, 'training_batch_size': 6, 'training_p': 5}
	 epoch  0 training error:  tensor(1.1265, device='cuda:0', grad_fn=<DivBackward0>)
	 epoch  0 test error:  tensor(0.0893, device='cuda:0', grad_fn=<DivBackward0>)
Memory status after this epoch: 
Memory allocated:  410.8232421875
Memory cached:  644.0
	 epoch  10 training error:  tensor(0.9602, device='cuda:0', grad_fn=<DivBackward0>)
	 epoch  10 test error:  tensor(0.0688, device='cuda:0', grad_fn=<DivBackward0>)
Memory status after this epoch: 
Memory allocated:  409.3701171875
Memory cached:  814.0
	 epoch  20 training error:  tensor(0.5227, device='cuda:0', grad_fn=<DivBackward0>)
	 epoch  20 test error:  tensor(0.0435, device='cuda:0', grad_fn=<DivBackward0>)
Memory status after this epoch: 
Memory allocated:  410.8232421875
Memory cached:  814.0
	 epoch  30 training error:  tensor(0.4838, device='cuda:0', grad_fn=<DivBackward0>)
	 epoch  30 test error:  tensor(0.0398, device='cuda:0', grad_fn=<DivBackward0>)
Memory status after this epoch: 
Memory allocated:  409.3701171875
Memory cached:  814.0
	 epoch  40 training error:  tensor(0.4802, device='cuda:0', grad_fn=<DivBackward0>)
	 epoch  40 test error:  tensor(0.0391, device='cuda:0', grad_fn=<DivBackward0>)
Memory status after this epoch: 
Memory allocated:  410.8232421875
Memory cached:  814.0
	 epoch  50 training error:  tensor(0.4791, device='cuda:0', grad_fn=<DivBackward0>)
	 epoch  50 test error:  tensor(0.0381, device='cuda:0', grad_fn=<DivBackward0>)
Memory status after this epoch: 
Memory allocated:  409.3701171875
Memory cached:  814.0
	 epoch  60 training error:  tensor(0.4792, device='cuda:0', grad_fn=<DivBackward0>)
	 epoch  60 test error:  tensor(0.0374, device='cuda:0', grad_fn=<DivBackward0>)
Memory status after this epoch: 
Memory allocated:  410.8232421875
Memory cached:  814.0
	 epoch  70 training error:  tensor(0.4768, device='cuda:0', grad_fn=<DivBackward0>)
	 epoch  70 test error:  tensor(0.0393, device='cuda:0', grad_fn=<DivBackward0>)
Memory status after this epoch: 
Memory allocated:  409.3701171875
Memory cached:  814.0
	 epoch  80 training error:  tensor(0.4781, device='cuda:0', grad_fn=<DivBackward0>)
	 epoch  80 test error:  tensor(0.0379, device='cuda:0', grad_fn=<DivBackward0>)
Memory status after this epoch: 
Memory allocated:  410.8232421875
Memory cached:  814.0
	 epoch  90 training error:  tensor(0.4797, device='cuda:0', grad_fn=<DivBackward0>)
	 epoch  90 test error:  tensor(0.0382, device='cuda:0', grad_fn=<DivBackward0>)
Memory status after this epoch: 
Memory allocated:  409.3701171875
Memory cached:  814.0
[I 2023-11-10 14:09:54,808] Trial 45 finished with value: 0.03979836031794548 and parameters: {'W_layers': 8, 'W_layer_units_exponent_0': 7, 'W_layer_units_exponent_1': 6, 'W_layer_units_exponent_2': 9, 'W_layer_units_exponent_3': 5, 'W_layer_units_exponent_4': 10, 'W_layer_units_exponent_5': 6, 'W_layer_units_exponent_6': 5, 'W_layer_units_exponent_7': 8, 'D_layers': 6, 'D_layer_units_exponent_0': 5, 'D_layer_units_exponent_1': 4, 'D_layer_units_exponent_2': 4, 'D_layer_units_exponent_3': 8, 'D_layer_units_exponent_4': 8, 'D_layer_units_exponent_5': 5, 'log_learning_rate': -3.654061135360021, 'log_learning_rate_D': -3.476637303947331, 'training_batch_size': 6, 'training_p': 5}. Best is trial 42 with value: 0.03707868605852127.
Time for this trial:  333.5148355960846
Memory status after this trial: 
Memory allocated:  801.29736328125
Memory cached:  814.0
--------------------  Trial  46   --------------------
Start timing: 
Parameters: 
{'W_layers': 8, 'W_layer_units_exponent_0': 8, 'W_layer_units_exponent_1': 7, 'W_layer_units_exponent_2': 8, 'W_layer_units_exponent_3': 4, 'W_layer_units_exponent_4': 8, 'W_layer_units_exponent_5': 7, 'W_layer_units_exponent_6': 5, 'W_layer_units_exponent_7': 8, 'D_layers': 7, 'D_layer_units_exponent_0': 5, 'D_layer_units_exponent_1': 4, 'D_layer_units_exponent_2': 5, 'D_layer_units_exponent_3': 8, 'D_layer_units_exponent_4': 9, 'D_layer_units_exponent_5': 4, 'D_layer_units_exponent_6': 4, 'log_learning_rate': -3.3494181778043473, 'log_learning_rate_D': -3.6792707881044233, 'training_batch_size': 6, 'training_p': 4}
	 epoch  0 training error:  tensor(1.1087, device='cuda:0', grad_fn=<DivBackward0>)
	 epoch  0 test error:  tensor(0.0845, device='cuda:0', grad_fn=<DivBackward0>)
Memory status after this epoch: 
Memory allocated:  382.56884765625
Memory cached:  632.0
	 epoch  10 training error:  tensor(0.9992, device='cuda:0', grad_fn=<DivBackward0>)
	 epoch  10 test error:  tensor(0.0730, device='cuda:0', grad_fn=<DivBackward0>)
Memory status after this epoch: 
Memory allocated:  384.02197265625
Memory cached:  762.0
	 epoch  20 training error:  tensor(0.8431, device='cuda:0', grad_fn=<DivBackward0>)
	 epoch  20 test error:  tensor(0.0537, device='cuda:0', grad_fn=<DivBackward0>)
Memory status after this epoch: 
Memory allocated:  382.56884765625
Memory cached:  762.0
	 epoch  30 training error:  tensor(0.6542, device='cuda:0', grad_fn=<DivBackward0>)
	 epoch  30 test error:  tensor(0.0455, device='cuda:0', grad_fn=<DivBackward0>)
Memory status after this epoch: 
Memory allocated:  384.02197265625
Memory cached:  762.0
	 epoch  40 training error:  tensor(0.5065, device='cuda:0', grad_fn=<DivBackward0>)
	 epoch  40 test error:  tensor(0.0358, device='cuda:0', grad_fn=<DivBackward0>)
Memory status after this epoch: 
Memory allocated:  382.56884765625
Memory cached:  762.0
	 epoch  50 training error:  tensor(0.4960, device='cuda:0', grad_fn=<DivBackward0>)
	 epoch  50 test error:  tensor(0.0380, device='cuda:0', grad_fn=<DivBackward0>)
Memory status after this epoch: 
Memory allocated:  384.02197265625
Memory cached:  762.0
	 epoch  60 training error:  tensor(0.4954, device='cuda:0', grad_fn=<DivBackward0>)
	 epoch  60 test error:  tensor(0.0390, device='cuda:0', grad_fn=<DivBackward0>)
Memory status after this epoch: 
Memory allocated:  382.56884765625
Memory cached:  762.0
	 epoch  70 training error:  tensor(0.4901, device='cuda:0', grad_fn=<DivBackward0>)
	 epoch  70 test error:  tensor(0.0390, device='cuda:0', grad_fn=<DivBackward0>)
Memory status after this epoch: 
Memory allocated:  384.02197265625
Memory cached:  762.0
	 epoch  80 training error:  tensor(0.4885, device='cuda:0', grad_fn=<DivBackward0>)
	 epoch  80 test error:  tensor(0.0386, device='cuda:0', grad_fn=<DivBackward0>)
Memory status after this epoch: 
Memory allocated:  382.56884765625
Memory cached:  762.0
	 epoch  90 training error:  tensor(0.4879, device='cuda:0', grad_fn=<DivBackward0>)
	 epoch  90 test error:  tensor(0.0389, device='cuda:0', grad_fn=<DivBackward0>)
Memory status after this epoch: 
Memory allocated:  384.02197265625
Memory cached:  762.0
