[I 2023-11-17 15:26:40,632] Trial 6 finished with value: 0.19319184124469757 and parameters: {'W_layers': 5, 'W_layer_units_exponent_0': 6, 'W_layer_units_exponent_1': 9, 'W_layer_units_exponent_2': 6, 'W_layer_units_exponent_3': 5, 'W_layer_units_exponent_4': 6, 'D_layers': 8, 'D_layer_units_exponent_0': 5, 'D_layer_units_exponent_1': 10, 'D_layer_units_exponent_2': 6, 'D_layer_units_exponent_3': 10, 'D_layer_units_exponent_4': 4, 'D_layer_units_exponent_5': 5, 'D_layer_units_exponent_6': 10, 'D_layer_units_exponent_7': 7, 'log_learning_rate': -3.8648288101999158, 'log_learning_rate_D': -4.40566501639935, 'training_batch_size': 6, 'training_p': 8}. Best is trial 4 with value: 0.19218310713768005.
Time for this trial:  317.2508111000061
Memory status after this trial: 
Memory allocated:  715.3623046875
Memory cached:  720.0
--------------------  Trial  7   --------------------
Start timing: 
Parameters: 
{'W_layers': 4, 'W_layer_units_exponent_0': 9, 'W_layer_units_exponent_1': 4, 'W_layer_units_exponent_2': 10, 'W_layer_units_exponent_3': 9, 'D_layers': 5, 'D_layer_units_exponent_0': 6, 'D_layer_units_exponent_1': 4, 'D_layer_units_exponent_2': 9, 'D_layer_units_exponent_3': 9, 'D_layer_units_exponent_4': 10, 'log_learning_rate': -2.366223103814748, 'log_learning_rate_D': -3.252067404571055, 'training_batch_size': 11, 'training_p': 3}
	 epoch  0 training error:  tensor(0.9970, device='cuda:0', grad_fn=<DivBackward0>)
	 epoch  0 test error:  tensor(1.0953, device='cuda:0', grad_fn=<DivBackward0>)
Memory status after this epoch: 
Memory allocated:  386.150390625
Memory cached:  532.0
	 epoch  10 training error:  tensor(1.0610, device='cuda:0', grad_fn=<DivBackward0>)
	 epoch  10 test error:  tensor(0.1907, device='cuda:0', grad_fn=<DivBackward0>)
Memory status after this epoch: 
Memory allocated:  385.775390625
Memory cached:  768.0
	 epoch  20 training error:  tensor(0.9949, device='cuda:0', grad_fn=<DivBackward0>)
	 epoch  20 test error:  tensor(0.1931, device='cuda:0', grad_fn=<DivBackward0>)
Memory status after this epoch: 
Memory allocated:  386.572265625
Memory cached:  768.0
	 epoch  30 training error:  tensor(0.9907, device='cuda:0', grad_fn=<DivBackward0>)
	 epoch  30 test error:  tensor(0.1917, device='cuda:0', grad_fn=<DivBackward0>)
Memory status after this epoch: 
Memory allocated:  385.775390625
Memory cached:  768.0
	 epoch  40 training error:  tensor(0.9887, device='cuda:0', grad_fn=<DivBackward0>)
	 epoch  40 test error:  tensor(0.1916, device='cuda:0', grad_fn=<DivBackward0>)
Memory status after this epoch: 
Memory allocated:  386.572265625
Memory cached:  768.0
	 epoch  50 training error:  tensor(0.9859, device='cuda:0', grad_fn=<DivBackward0>)
	 epoch  50 test error:  tensor(0.1910, device='cuda:0', grad_fn=<DivBackward0>)
Memory status after this epoch: 
Memory allocated:  385.775390625
Memory cached:  768.0
	 epoch  60 training error:  tensor(0.9843, device='cuda:0', grad_fn=<DivBackward0>)
	 epoch  60 test error:  tensor(0.1909, device='cuda:0', grad_fn=<DivBackward0>)
Memory status after this epoch: 
Memory allocated:  386.572265625
Memory cached:  768.0
	 epoch  70 training error:  tensor(0.9838, device='cuda:0', grad_fn=<DivBackward0>)
	 epoch  70 test error:  tensor(0.1910, device='cuda:0', grad_fn=<DivBackward0>)
Memory status after this epoch: 
Memory allocated:  385.775390625
Memory cached:  770.0
	 epoch  80 training error:  tensor(0.9838, device='cuda:0', grad_fn=<DivBackward0>)
	 epoch  80 test error:  tensor(0.1910, device='cuda:0', grad_fn=<DivBackward0>)
Memory status after this epoch: 
Memory allocated:  386.572265625
Memory cached:  772.0
	 epoch  90 training error:  tensor(0.9837, device='cuda:0', grad_fn=<DivBackward0>)
	 epoch  90 test error:  tensor(0.1911, device='cuda:0', grad_fn=<DivBackward0>)
Memory status after this epoch: 
Memory allocated:  385.775390625
Memory cached:  772.0
[I 2023-11-17 15:29:18,497] Trial 7 finished with value: 0.19120465219020844 and parameters: {'W_layers': 4, 'W_layer_units_exponent_0': 9, 'W_layer_units_exponent_1': 4, 'W_layer_units_exponent_2': 10, 'W_layer_units_exponent_3': 9, 'D_layers': 5, 'D_layer_units_exponent_0': 6, 'D_layer_units_exponent_1': 4, 'D_layer_units_exponent_2': 9, 'D_layer_units_exponent_3': 9, 'D_layer_units_exponent_4': 10, 'log_learning_rate': -2.366223103814748, 'log_learning_rate_D': -3.252067404571055, 'training_batch_size': 11, 'training_p': 3}. Best is trial 7 with value: 0.19120465219020844.
Time for this trial:  157.71149849891663
Memory status after this trial: 
Memory allocated:  735.7109375
Memory cached:  772.0
--------------------  Trial  8   --------------------
Start timing: 
Parameters: 
{'W_layers': 4, 'W_layer_units_exponent_0': 6, 'W_layer_units_exponent_1': 5, 'W_layer_units_exponent_2': 5, 'W_layer_units_exponent_3': 9, 'D_layers': 4, 'D_layer_units_exponent_0': 8, 'D_layer_units_exponent_1': 10, 'D_layer_units_exponent_2': 4, 'D_layer_units_exponent_3': 8, 'log_learning_rate': -2.723168484731491, 'log_learning_rate_D': -3.286798755966154, 'training_batch_size': 9, 'training_p': 8}
	 epoch  0 training error:  tensor(1.0071, device='cuda:0', grad_fn=<DivBackward0>)
	 epoch  0 test error:  tensor(0.1917, device='cuda:0', grad_fn=<DivBackward0>)
Memory status after this epoch: 
Memory allocated:  262.4755859375
Memory cached:  390.0
	 epoch  10 training error:  tensor(0.9907, device='cuda:0', grad_fn=<DivBackward0>)
	 epoch  10 test error:  tensor(0.1928, device='cuda:0', grad_fn=<DivBackward0>)
Memory status after this epoch: 
Memory allocated:  262.0068359375
Memory cached:  534.0
	 epoch  20 training error:  tensor(0.9905, device='cuda:0', grad_fn=<DivBackward0>)
	 epoch  20 test error:  tensor(0.1933, device='cuda:0', grad_fn=<DivBackward0>)
Memory status after this epoch: 
Memory allocated:  263.2724609375
Memory cached:  534.0
	 epoch  30 training error:  tensor(0.9904, device='cuda:0', grad_fn=<DivBackward0>)
	 epoch  30 test error:  tensor(0.1931, device='cuda:0', grad_fn=<DivBackward0>)
Memory status after this epoch: 
Memory allocated:  262.0537109375
Memory cached:  534.0
	 epoch  40 training error:  tensor(0.9901, device='cuda:0', grad_fn=<DivBackward0>)
	 epoch  40 test error:  tensor(0.1933, device='cuda:0', grad_fn=<DivBackward0>)
Memory status after this epoch: 
Memory allocated:  263.2724609375
Memory cached:  532.0
	 epoch  50 training error:  tensor(0.9889, device='cuda:0', grad_fn=<DivBackward0>)
	 epoch  50 test error:  tensor(0.1939, device='cuda:0', grad_fn=<DivBackward0>)
Memory status after this epoch: 
Memory allocated:  262.0537109375
Memory cached:  532.0
	 epoch  60 training error:  tensor(0.9856, device='cuda:0', grad_fn=<DivBackward0>)
	 epoch  60 test error:  tensor(0.1949, device='cuda:0', grad_fn=<DivBackward0>)
Memory status after this epoch: 
Memory allocated:  263.2724609375
Memory cached:  532.0
	 epoch  70 training error:  tensor(0.9902, device='cuda:0', grad_fn=<DivBackward0>)
	 epoch  70 test error:  tensor(0.1919, device='cuda:0', grad_fn=<DivBackward0>)
Memory status after this epoch: 
Memory allocated:  262.0537109375
Memory cached:  534.0
	 epoch  80 training error:  tensor(0.9872, device='cuda:0', grad_fn=<DivBackward0>)
	 epoch  80 test error:  tensor(0.1950, device='cuda:0', grad_fn=<DivBackward0>)
Memory status after this epoch: 
Memory allocated:  263.2724609375
Memory cached:  534.0
	 epoch  90 training error:  tensor(0.9863, device='cuda:0', grad_fn=<DivBackward0>)
	 epoch  90 test error:  tensor(0.1941, device='cuda:0', grad_fn=<DivBackward0>)
Memory status after this epoch: 
Memory allocated:  262.0537109375
Memory cached:  532.0
[I 2023-11-17 15:31:31,685] Trial 8 finished with value: 0.1952228844165802 and parameters: {'W_layers': 4, 'W_layer_units_exponent_0': 6, 'W_layer_units_exponent_1': 5, 'W_layer_units_exponent_2': 5, 'W_layer_units_exponent_3': 9, 'D_layers': 4, 'D_layer_units_exponent_0': 8, 'D_layer_units_exponent_1': 10, 'D_layer_units_exponent_2': 4, 'D_layer_units_exponent_3': 8, 'log_learning_rate': -2.723168484731491, 'log_learning_rate_D': -3.286798755966154, 'training_batch_size': 9, 'training_p': 8}. Best is trial 7 with value: 0.19120465219020844.
Time for this trial:  133.042387008667
Memory status after this trial: 
Memory allocated:  514.681640625
Memory cached:  532.0
--------------------  Trial  9   --------------------
Start timing: 
Parameters: 
{'W_layers': 7, 'W_layer_units_exponent_0': 5, 'W_layer_units_exponent_1': 10, 'W_layer_units_exponent_2': 6, 'W_layer_units_exponent_3': 6, 'W_layer_units_exponent_4': 10, 'W_layer_units_exponent_5': 8, 'W_layer_units_exponent_6': 7, 'D_layers': 8, 'D_layer_units_exponent_0': 9, 'D_layer_units_exponent_1': 7, 'D_layer_units_exponent_2': 4, 'D_layer_units_exponent_3': 4, 'D_layer_units_exponent_4': 6, 'D_layer_units_exponent_5': 7, 'D_layer_units_exponent_6': 8, 'D_layer_units_exponent_7': 10, 'log_learning_rate': -2.8911928275653587, 'log_learning_rate_D': -1.9534265601569287, 'training_batch_size': 12, 'training_p': 7}
	 epoch  0 training error:  tensor(0.9998, device='cuda:0', grad_fn=<DivBackward0>)
	 epoch  0 test error:  tensor(0.1951, device='cuda:0', grad_fn=<DivBackward0>)
Memory status after this epoch: 
Memory allocated:  406.00146484375
Memory cached:  530.0
	 epoch  10 training error:  tensor(0.9994, device='cuda:0', grad_fn=<DivBackward0>)
	 epoch  10 test error:  tensor(0.1915, device='cuda:0', grad_fn=<DivBackward0>)
Memory status after this epoch: 
Memory allocated:  407.22021484375
Memory cached:  810.0
	 epoch  20 training error:  tensor(0.9915, device='cuda:0', grad_fn=<DivBackward0>)
	 epoch  20 test error:  tensor(0.1917, device='cuda:0', grad_fn=<DivBackward0>)
Memory status after this epoch: 
Memory allocated:  406.00146484375
Memory cached:  810.0
	 epoch  30 training error:  tensor(0.9915, device='cuda:0', grad_fn=<DivBackward0>)
	 epoch  30 test error:  tensor(0.1916, device='cuda:0', grad_fn=<DivBackward0>)
Memory status after this epoch: 
Memory allocated:  407.22021484375
Memory cached:  810.0
	 epoch  40 training error:  tensor(0.9914, device='cuda:0', grad_fn=<DivBackward0>)
	 epoch  40 test error:  tensor(0.1917, device='cuda:0', grad_fn=<DivBackward0>)
Memory status after this epoch: 
Memory allocated:  406.00146484375
Memory cached:  812.0
	 epoch  50 training error:  tensor(0.9914, device='cuda:0', grad_fn=<DivBackward0>)
	 epoch  50 test error:  tensor(0.1917, device='cuda:0', grad_fn=<DivBackward0>)
Memory status after this epoch: 
Memory allocated:  407.22021484375
Memory cached:  810.0
	 epoch  60 training error:  tensor(0.9914, device='cuda:0', grad_fn=<DivBackward0>)
	 epoch  60 test error:  tensor(0.1917, device='cuda:0', grad_fn=<DivBackward0>)
Memory status after this epoch: 
Memory allocated:  406.00146484375
Memory cached:  810.0
	 epoch  70 training error:  tensor(0.9914, device='cuda:0', grad_fn=<DivBackward0>)
	 epoch  70 test error:  tensor(0.1917, device='cuda:0', grad_fn=<DivBackward0>)
Memory status after this epoch: 
Memory allocated:  407.22021484375
Memory cached:  812.0
	 epoch  80 training error:  tensor(0.9914, device='cuda:0', grad_fn=<DivBackward0>)
	 epoch  80 test error:  tensor(0.1917, device='cuda:0', grad_fn=<DivBackward0>)
Memory status after this epoch: 
Memory allocated:  406.00146484375
Memory cached:  812.0
	 epoch  90 training error:  tensor(0.9914, device='cuda:0', grad_fn=<DivBackward0>)
	 epoch  90 test error:  tensor(0.1917, device='cuda:0', grad_fn=<DivBackward0>)
Memory status after this epoch: 
Memory allocated:  407.22021484375
Memory cached:  810.0
[I 2023-11-17 15:34:57,915] Trial 9 finished with value: 0.1916981190443039 and parameters: {'W_layers': 7, 'W_layer_units_exponent_0': 5, 'W_layer_units_exponent_1': 10, 'W_layer_units_exponent_2': 6, 'W_layer_units_exponent_3': 6, 'W_layer_units_exponent_4': 10, 'W_layer_units_exponent_5': 8, 'W_layer_units_exponent_6': 7, 'D_layers': 8, 'D_layer_units_exponent_0': 9, 'D_layer_units_exponent_1': 7, 'D_layer_units_exponent_2': 4, 'D_layer_units_exponent_3': 4, 'D_layer_units_exponent_4': 6, 'D_layer_units_exponent_5': 7, 'D_layer_units_exponent_6': 8, 'D_layer_units_exponent_7': 10, 'log_learning_rate': -2.8911928275653587, 'log_learning_rate_D': -1.9534265601569287, 'training_batch_size': 12, 'training_p': 7}. Best is trial 7 with value: 0.19120465219020844.
Time for this trial:  206.05517983436584
Memory status after this trial: 
Memory allocated:  790.2314453125
Memory cached:  810.0
--------------------  Trial  10   --------------------
Start timing: 
Parameters: 
{'W_layers': 5, 'W_layer_units_exponent_0': 8, 'W_layer_units_exponent_1': 4, 'W_layer_units_exponent_2': 10, 'W_layer_units_exponent_3': 10, 'W_layer_units_exponent_4': 10, 'D_layers': 6, 'D_layer_units_exponent_0': 4, 'D_layer_units_exponent_1': 4, 'D_layer_units_exponent_2': 8, 'D_layer_units_exponent_3': 6, 'D_layer_units_exponent_4': 10, 'D_layer_units_exponent_5': 10, 'log_learning_rate': -1.306496944969297, 'log_learning_rate_D': -4.861518467942483, 'training_batch_size': 10, 'training_p': 2}
	 epoch  0 training error:  tensor(1.0021, device='cuda:0', grad_fn=<DivBackward0>)
	 epoch  0 test error:  tensor(0.1922, device='cuda:0', grad_fn=<DivBackward0>)
Memory status after this epoch: 
Memory allocated:  498.69091796875
Memory cached:  648.0
	 epoch  10 training error:  tensor(1., device='cuda:0', grad_fn=<DivBackward0>)
	 epoch  10 test error:  tensor(0.1922, device='cuda:0', grad_fn=<DivBackward0>)
Memory status after this epoch: 
Memory allocated:  495.78466796875
Memory cached:  966.0
	 epoch  20 training error:  tensor(1., device='cuda:0', grad_fn=<DivBackward0>)
	 epoch  20 test error:  tensor(0.1922, device='cuda:0', grad_fn=<DivBackward0>)
Memory status after this epoch: 
Memory allocated:  498.69091796875
Memory cached:  946.0
	 epoch  30 training error:  tensor(1., device='cuda:0', grad_fn=<DivBackward0>)
	 epoch  30 test error:  tensor(0.1922, device='cuda:0', grad_fn=<DivBackward0>)
Memory status after this epoch: 
Memory allocated:  495.87841796875
Memory cached:  946.0
	 epoch  40 training error:  tensor(1., device='cuda:0', grad_fn=<DivBackward0>)
	 epoch  40 test error:  tensor(0.1922, device='cuda:0', grad_fn=<DivBackward0>)
Memory status after this epoch: 
Memory allocated:  498.87841796875
Memory cached:  942.0
	 epoch  50 training error:  tensor(1., device='cuda:0', grad_fn=<DivBackward0>)
	 epoch  50 test error:  tensor(0.1922, device='cuda:0', grad_fn=<DivBackward0>)
Memory status after this epoch: 
Memory allocated:  495.87841796875
Memory cached:  942.0
	 epoch  60 training error:  tensor(1., device='cuda:0', grad_fn=<DivBackward0>)
	 epoch  60 test error:  tensor(0.1922, device='cuda:0', grad_fn=<DivBackward0>)
Memory status after this epoch: 
Memory allocated:  498.87841796875
Memory cached:  942.0
	 epoch  70 training error:  tensor(1., device='cuda:0', grad_fn=<DivBackward0>)
	 epoch  70 test error:  tensor(0.1922, device='cuda:0', grad_fn=<DivBackward0>)
Memory status after this epoch: 
Memory allocated:  495.87841796875
Memory cached:  942.0
	 epoch  80 training error:  tensor(1., device='cuda:0', grad_fn=<DivBackward0>)
	 epoch  80 test error:  tensor(0.1922, device='cuda:0', grad_fn=<DivBackward0>)
Memory status after this epoch: 
Memory allocated:  498.87841796875
Memory cached:  942.0
	 epoch  90 training error:  tensor(1., device='cuda:0', grad_fn=<DivBackward0>)
	 epoch  90 test error:  tensor(0.1922, device='cuda:0', grad_fn=<DivBackward0>)
Memory status after this epoch: 
Memory allocated:  495.87841796875
Memory cached:  942.0
[I 2023-11-17 15:38:03,127] Trial 10 finished with value: 0.19218309223651886 and parameters: {'W_layers': 5, 'W_layer_units_exponent_0': 8, 'W_layer_units_exponent_1': 4, 'W_layer_units_exponent_2': 10, 'W_layer_units_exponent_3': 10, 'W_layer_units_exponent_4': 10, 'D_layers': 6, 'D_layer_units_exponent_0': 4, 'D_layer_units_exponent_1': 4, 'D_layer_units_exponent_2': 8, 'D_layer_units_exponent_3': 6, 'D_layer_units_exponent_4': 10, 'D_layer_units_exponent_5': 10, 'log_learning_rate': -1.306496944969297, 'log_learning_rate_D': -4.861518467942483, 'training_batch_size': 10, 'training_p': 2}. Best is trial 7 with value: 0.19120465219020844.
Time for this trial:  184.97369956970215
Memory status after this trial: 
Memory allocated:  916.486328125
Memory cached:  942.0
--------------------  Trial  11   --------------------
Start timing: 
Parameters: 
{'W_layers': 8, 'W_layer_units_exponent_0': 7, 'W_layer_units_exponent_1': 4, 'W_layer_units_exponent_2': 4, 'W_layer_units_exponent_3': 7, 'W_layer_units_exponent_4': 10, 'W_layer_units_exponent_5': 4, 'W_layer_units_exponent_6': 5, 'W_layer_units_exponent_7': 4, 'D_layers': 7, 'D_layer_units_exponent_0': 6, 'D_layer_units_exponent_1': 6, 'D_layer_units_exponent_2': 7, 'D_layer_units_exponent_3': 4, 'D_layer_units_exponent_4': 6, 'D_layer_units_exponent_5': 6, 'D_layer_units_exponent_6': 8, 'log_learning_rate': -1.9553424777213486, 'log_learning_rate_D': -2.2642591836694157, 'training_batch_size': 11, 'training_p': 2}
	 epoch  0 training error:  tensor(1.0003, device='cuda:0', grad_fn=<DivBackward0>)
	 epoch  0 test error:  tensor(0.1939, device='cuda:0', grad_fn=<DivBackward0>)
Memory status after this epoch: 
Memory allocated:  252.1123046875
Memory cached:  356.0
	 epoch  10 training error:  tensor(0.9939, device='cuda:0', grad_fn=<DivBackward0>)
	 epoch  10 test error:  tensor(0.1903, device='cuda:0', grad_fn=<DivBackward0>)
Memory status after this epoch: 
Memory allocated:  254.9248046875
Memory cached:  514.0
	 epoch  20 training error:  tensor(0.9944, device='cuda:0', grad_fn=<DivBackward0>)
	 epoch  20 test error:  tensor(0.1913, device='cuda:0', grad_fn=<DivBackward0>)
Memory status after this epoch: 
Memory allocated:  252.2998046875
Memory cached:  516.0
	 epoch  30 training error:  tensor(0.9942, device='cuda:0', grad_fn=<DivBackward0>)
	 epoch  30 test error:  tensor(0.1909, device='cuda:0', grad_fn=<DivBackward0>)
Memory status after this epoch: 
Memory allocated:  254.6435546875
Memory cached:  510.0
	 epoch  40 training error:  tensor(0.9939, device='cuda:0', grad_fn=<DivBackward0>)
	 epoch  40 test error:  tensor(0.1906, device='cuda:0', grad_fn=<DivBackward0>)
Memory status after this epoch: 
Memory allocated:  252.4404296875
Memory cached:  510.0
	 epoch  50 training error:  tensor(0.9938, device='cuda:0', grad_fn=<DivBackward0>)
	 epoch  50 test error:  tensor(0.1907, device='cuda:0', grad_fn=<DivBackward0>)
Memory status after this epoch: 
Memory allocated:  254.4091796875
Memory cached:  510.0
	 epoch  60 training error:  tensor(0.9937, device='cuda:0', grad_fn=<DivBackward0>)
	 epoch  60 test error:  tensor(0.1907, device='cuda:0', grad_fn=<DivBackward0>)
Memory status after this epoch: 
Memory allocated:  252.8154296875
Memory cached:  512.0
	 epoch  70 training error:  tensor(0.9937, device='cuda:0', grad_fn=<DivBackward0>)
	 epoch  70 test error:  tensor(0.1907, device='cuda:0', grad_fn=<DivBackward0>)
Memory status after this epoch: 
Memory allocated:  254.0341796875
Memory cached:  512.0
	 epoch  80 training error:  tensor(0.9936, device='cuda:0', grad_fn=<DivBackward0>)
	 epoch  80 test error:  tensor(0.1906, device='cuda:0', grad_fn=<DivBackward0>)
Memory status after this epoch: 
Memory allocated:  252.9091796875
Memory cached:  512.0
	 epoch  90 training error:  tensor(0.9936, device='cuda:0', grad_fn=<DivBackward0>)
	 epoch  90 test error:  tensor(0.1907, device='cuda:0', grad_fn=<DivBackward0>)
Memory status after this epoch: 
Memory allocated:  253.8466796875
Memory cached:  512.0
