[I 2023-11-10 14:54:41,803] Trial 6 finished with value: 0.037854500114917755 and parameters: {'W_layers': 8, 'W_layer_units_exponent_0': 6, 'W_layer_units_exponent_1': 4, 'W_layer_units_exponent_2': 5, 'W_layer_units_exponent_3': 9, 'W_layer_units_exponent_4': 6, 'W_layer_units_exponent_5': 6, 'W_layer_units_exponent_6': 6, 'W_layer_units_exponent_7': 7, 'D_layers': 3, 'D_layer_units_exponent_0': 6, 'D_layer_units_exponent_1': 9, 'D_layer_units_exponent_2': 6, 'log_learning_rate': -4.669767250958442, 'log_learning_rate_D': -4.529031010341997, 'training_batch_size': 9, 'training_p': 3}. Best is trial 6 with value: 0.037854500114917755.
Time for this trial:  155.1334936618805
Memory status after this trial: 
Memory allocated:  678.63232421875
Memory cached:  688.0
--------------------  Trial  7   --------------------
Start timing: 
Parameters: 
{'W_layers': 7, 'W_layer_units_exponent_0': 4, 'W_layer_units_exponent_1': 4, 'W_layer_units_exponent_2': 10, 'W_layer_units_exponent_3': 10, 'W_layer_units_exponent_4': 9, 'W_layer_units_exponent_5': 6, 'W_layer_units_exponent_6': 7, 'D_layers': 3, 'D_layer_units_exponent_0': 4, 'D_layer_units_exponent_1': 9, 'D_layer_units_exponent_2': 7, 'log_learning_rate': -3.2277834278054787, 'log_learning_rate_D': -1.0208043006972587, 'training_batch_size': 11, 'training_p': 4}
	 epoch  0 training error:  tensor(1.0083, device='cuda:0', grad_fn=<DivBackward0>)
	 epoch  0 test error:  tensor(0.3310, device='cuda:0', grad_fn=<DivBackward0>)
Memory status after this epoch: 
Memory allocated:  470.66650390625
Memory cached:  728.0
	 epoch  10 training error:  tensor(0.8798, device='cuda:0', grad_fn=<DivBackward0>)
	 epoch  10 test error:  tensor(0.0665, device='cuda:0', grad_fn=<DivBackward0>)
Memory status after this epoch: 
Memory allocated:  474.18212890625
Memory cached:  922.0
	 epoch  20 training error:  tensor(0.8053, device='cuda:0', grad_fn=<DivBackward0>)
	 epoch  20 test error:  tensor(0.0605, device='cuda:0', grad_fn=<DivBackward0>)
Memory status after this epoch: 
Memory allocated:  471.60400390625
Memory cached:  924.0
	 epoch  30 training error:  tensor(0.7786, device='cuda:0', grad_fn=<DivBackward0>)
	 epoch  30 test error:  tensor(0.0665, device='cuda:0', grad_fn=<DivBackward0>)
Memory status after this epoch: 
Memory allocated:  474.65087890625
Memory cached:  922.0
	 epoch  40 training error:  tensor(0.9618, device='cuda:0', grad_fn=<DivBackward0>)
	 epoch  40 test error:  tensor(0.0627, device='cuda:0', grad_fn=<DivBackward0>)
Memory status after this epoch: 
Memory allocated:  471.22900390625
Memory cached:  908.0
	 epoch  50 training error:  tensor(0.5683, device='cuda:0', grad_fn=<DivBackward0>)
	 epoch  50 test error:  tensor(0.0455, device='cuda:0', grad_fn=<DivBackward0>)
Memory status after this epoch: 
Memory allocated:  474.65087890625
Memory cached:  910.0
	 epoch  60 training error:  tensor(0.9049, device='cuda:0', grad_fn=<DivBackward0>)
	 epoch  60 test error:  tensor(0.0649, device='cuda:0', grad_fn=<DivBackward0>)
Memory status after this epoch: 
Memory allocated:  471.22900390625
Memory cached:  912.0
	 epoch  70 training error:  tensor(0.7212, device='cuda:0', grad_fn=<DivBackward0>)
	 epoch  70 test error:  tensor(0.0549, device='cuda:0', grad_fn=<DivBackward0>)
Memory status after this epoch: 
Memory allocated:  474.65087890625
Memory cached:  910.0
	 epoch  80 training error:  tensor(0.7426, device='cuda:0', grad_fn=<DivBackward0>)
	 epoch  80 test error:  tensor(0.0572, device='cuda:0', grad_fn=<DivBackward0>)
Memory status after this epoch: 
Memory allocated:  471.22900390625
Memory cached:  908.0
	 epoch  90 training error:  tensor(0.5175, device='cuda:0', grad_fn=<DivBackward0>)
	 epoch  90 test error:  tensor(0.0436, device='cuda:0', grad_fn=<DivBackward0>)
Memory status after this epoch: 
Memory allocated:  474.65087890625
Memory cached:  910.0
[I 2023-11-10 14:57:21,735] Trial 7 finished with value: 0.049959369003772736 and parameters: {'W_layers': 7, 'W_layer_units_exponent_0': 4, 'W_layer_units_exponent_1': 4, 'W_layer_units_exponent_2': 10, 'W_layer_units_exponent_3': 10, 'W_layer_units_exponent_4': 9, 'W_layer_units_exponent_5': 6, 'W_layer_units_exponent_6': 7, 'D_layers': 3, 'D_layer_units_exponent_0': 4, 'D_layer_units_exponent_1': 9, 'D_layer_units_exponent_2': 7, 'log_learning_rate': -3.2277834278054787, 'log_learning_rate_D': -1.0208043006972587, 'training_batch_size': 11, 'training_p': 4}. Best is trial 6 with value: 0.037854500114917755.
Time for this trial:  159.73275423049927
Memory status after this trial: 
Memory allocated:  889.25830078125
Memory cached:  910.0
--------------------  Trial  8   --------------------
Start timing: 
Parameters: 
{'W_layers': 6, 'W_layer_units_exponent_0': 9, 'W_layer_units_exponent_1': 8, 'W_layer_units_exponent_2': 10, 'W_layer_units_exponent_3': 5, 'W_layer_units_exponent_4': 5, 'W_layer_units_exponent_5': 6, 'D_layers': 2, 'D_layer_units_exponent_0': 10, 'D_layer_units_exponent_1': 6, 'log_learning_rate': -2.0353132605686124, 'log_learning_rate_D': -3.8681789401394213, 'training_batch_size': 8, 'training_p': 3}
	 epoch  0 training error:  tensor(0.9786, device='cuda:0', grad_fn=<DivBackward0>)
	 epoch  0 test error:  tensor(10.0225, device='cuda:0', grad_fn=<DivBackward0>)
Memory status after this epoch: 
Memory allocated:  432.611328125
Memory cached:  694.0
	 epoch  10 training error:  tensor(0.9999, device='cuda:0', grad_fn=<DivBackward0>)
	 epoch  10 test error:  tensor(0.0725, device='cuda:0', grad_fn=<DivBackward0>)
Memory status after this epoch: 
Memory allocated:  426.189453125
Memory cached:  864.0
	 epoch  20 training error:  tensor(1., device='cuda:0', grad_fn=<DivBackward0>)
	 epoch  20 test error:  tensor(0.0725, device='cuda:0', grad_fn=<DivBackward0>)
Memory status after this epoch: 
Memory allocated:  432.048828125
Memory cached:  844.0
	 epoch  30 training error:  tensor(1., device='cuda:0', grad_fn=<DivBackward0>)
	 epoch  30 test error:  tensor(0.0725, device='cuda:0', grad_fn=<DivBackward0>)
Memory status after this epoch: 
Memory allocated:  426.564453125
Memory cached:  844.0
	 epoch  40 training error:  tensor(1., device='cuda:0', grad_fn=<DivBackward0>)
	 epoch  40 test error:  tensor(0.0725, device='cuda:0', grad_fn=<DivBackward0>)
Memory status after this epoch: 
Memory allocated:  432.048828125
Memory cached:  846.0
	 epoch  50 training error:  tensor(1., device='cuda:0', grad_fn=<DivBackward0>)
	 epoch  50 test error:  tensor(0.0725, device='cuda:0', grad_fn=<DivBackward0>)
Memory status after this epoch: 
Memory allocated:  426.470703125
Memory cached:  842.0
	 epoch  60 training error:  tensor(1., device='cuda:0', grad_fn=<DivBackward0>)
	 epoch  60 test error:  tensor(0.0725, device='cuda:0', grad_fn=<DivBackward0>)
Memory status after this epoch: 
Memory allocated:  432.142578125
Memory cached:  844.0
	 epoch  70 training error:  tensor(1., device='cuda:0', grad_fn=<DivBackward0>)
	 epoch  70 test error:  tensor(0.0725, device='cuda:0', grad_fn=<DivBackward0>)
Memory status after this epoch: 
Memory allocated:  426.845703125
Memory cached:  846.0
	 epoch  80 training error:  tensor(1., device='cuda:0', grad_fn=<DivBackward0>)
	 epoch  80 test error:  tensor(0.0725, device='cuda:0', grad_fn=<DivBackward0>)
Memory status after this epoch: 
Memory allocated:  432.142578125
Memory cached:  844.0
	 epoch  90 training error:  tensor(1., device='cuda:0', grad_fn=<DivBackward0>)
	 epoch  90 test error:  tensor(0.0725, device='cuda:0', grad_fn=<DivBackward0>)
Memory status after this epoch: 
Memory allocated:  426.376953125
Memory cached:  844.0
[I 2023-11-10 14:59:43,263] Trial 8 finished with value: 0.07248195260763168 and parameters: {'W_layers': 6, 'W_layer_units_exponent_0': 9, 'W_layer_units_exponent_1': 8, 'W_layer_units_exponent_2': 10, 'W_layer_units_exponent_3': 5, 'W_layer_units_exponent_4': 5, 'W_layer_units_exponent_5': 6, 'D_layers': 2, 'D_layer_units_exponent_0': 10, 'D_layer_units_exponent_1': 6, 'log_learning_rate': -2.0353132605686124, 'log_learning_rate_D': -3.8681789401394213, 'training_batch_size': 8, 'training_p': 3}. Best is trial 6 with value: 0.037854500114917755.
Time for this trial:  141.3562285900116
Memory status after this trial: 
Memory allocated:  833.17529296875
Memory cached:  846.0
--------------------  Trial  9   --------------------
Start timing: 
Parameters: 
{'W_layers': 4, 'W_layer_units_exponent_0': 7, 'W_layer_units_exponent_1': 10, 'W_layer_units_exponent_2': 6, 'W_layer_units_exponent_3': 5, 'D_layers': 5, 'D_layer_units_exponent_0': 5, 'D_layer_units_exponent_1': 4, 'D_layer_units_exponent_2': 9, 'D_layer_units_exponent_3': 9, 'D_layer_units_exponent_4': 6, 'log_learning_rate': -4.948652580650505, 'log_learning_rate_D': -2.4601785779057583, 'training_batch_size': 11, 'training_p': 4}
	 epoch  0 training error:  tensor(2.8802, device='cuda:0', grad_fn=<DivBackward0>)
	 epoch  0 test error:  tensor(0.1397, device='cuda:0', grad_fn=<DivBackward0>)
Memory status after this epoch: 
Memory allocated:  393.5390625
Memory cached:  638.0
	 epoch  10 training error:  tensor(0.8808, device='cuda:0', grad_fn=<DivBackward0>)
	 epoch  10 test error:  tensor(0.0554, device='cuda:0', grad_fn=<DivBackward0>)
Memory status after this epoch: 
Memory allocated:  399.2109375
Memory cached:  774.0
	 epoch  20 training error:  tensor(0.6998, device='cuda:0', grad_fn=<DivBackward0>)
	 epoch  20 test error:  tensor(0.0599, device='cuda:0', grad_fn=<DivBackward0>)
Memory status after this epoch: 
Memory allocated:  393.0703125
Memory cached:  776.0
	 epoch  30 training error:  tensor(0.5729, device='cuda:0', grad_fn=<DivBackward0>)
	 epoch  30 test error:  tensor(0.0464, device='cuda:0', grad_fn=<DivBackward0>)
Memory status after this epoch: 
Memory allocated:  399.5859375
Memory cached:  774.0
	 epoch  40 training error:  tensor(0.5272, device='cuda:0', grad_fn=<DivBackward0>)
	 epoch  40 test error:  tensor(0.0364, device='cuda:0', grad_fn=<DivBackward0>)
Memory status after this epoch: 
Memory allocated:  393.0703125
Memory cached:  774.0
	 epoch  50 training error:  tensor(0.5047, device='cuda:0', grad_fn=<DivBackward0>)
	 epoch  50 test error:  tensor(0.0372, device='cuda:0', grad_fn=<DivBackward0>)
Memory status after this epoch: 
Memory allocated:  399.5859375
Memory cached:  776.0
	 epoch  60 training error:  tensor(0.4995, device='cuda:0', grad_fn=<DivBackward0>)
	 epoch  60 test error:  tensor(0.0388, device='cuda:0', grad_fn=<DivBackward0>)
Memory status after this epoch: 
Memory allocated:  392.4140625
Memory cached:  780.0
	 epoch  70 training error:  tensor(0.4945, device='cuda:0', grad_fn=<DivBackward0>)
	 epoch  70 test error:  tensor(0.0385, device='cuda:0', grad_fn=<DivBackward0>)
Memory status after this epoch: 
Memory allocated:  399.4921875
Memory cached:  780.0
	 epoch  80 training error:  tensor(0.4924, device='cuda:0', grad_fn=<DivBackward0>)
	 epoch  80 test error:  tensor(0.0387, device='cuda:0', grad_fn=<DivBackward0>)
Memory status after this epoch: 
Memory allocated:  392.7890625
Memory cached:  776.0
	 epoch  90 training error:  tensor(0.4910, device='cuda:0', grad_fn=<DivBackward0>)
	 epoch  90 test error:  tensor(0.0386, device='cuda:0', grad_fn=<DivBackward0>)
Memory status after this epoch: 
Memory allocated:  399.4921875
Memory cached:  776.0
[I 2023-11-10 15:02:09,741] Trial 9 finished with value: 0.03850133344531059 and parameters: {'W_layers': 4, 'W_layer_units_exponent_0': 7, 'W_layer_units_exponent_1': 10, 'W_layer_units_exponent_2': 6, 'W_layer_units_exponent_3': 5, 'D_layers': 5, 'D_layer_units_exponent_0': 5, 'D_layer_units_exponent_1': 4, 'D_layer_units_exponent_2': 9, 'D_layer_units_exponent_3': 9, 'D_layer_units_exponent_4': 6, 'log_learning_rate': -4.948652580650505, 'log_learning_rate_D': -2.4601785779057583, 'training_batch_size': 11, 'training_p': 4}. Best is trial 6 with value: 0.037854500114917755.
Time for this trial:  146.28770089149475
Memory status after this trial: 
Memory allocated:  766.65576171875
Memory cached:  776.0
--------------------  Trial  10   --------------------
Start timing: 
Parameters: 
{'W_layers': 3, 'W_layer_units_exponent_0': 5, 'W_layer_units_exponent_1': 6, 'W_layer_units_exponent_2': 7, 'D_layers': 4, 'D_layer_units_exponent_0': 7, 'D_layer_units_exponent_1': 7, 'D_layer_units_exponent_2': 4, 'D_layer_units_exponent_3': 4, 'log_learning_rate': -3.68402411181947, 'log_learning_rate_D': -4.905671789599701, 'training_batch_size': 9, 'training_p': 5}
	 epoch  0 training error:  tensor(3.5275, device='cuda:0', grad_fn=<DivBackward0>)
	 epoch  0 test error:  tensor(0.1974, device='cuda:0', grad_fn=<DivBackward0>)
Memory status after this epoch: 
Memory allocated:  292.884765625
Memory cached:  560.0
	 epoch  10 training error:  tensor(1.0165, device='cuda:0', grad_fn=<DivBackward0>)
	 epoch  10 test error:  tensor(0.0808, device='cuda:0', grad_fn=<DivBackward0>)
Memory status after this epoch: 
Memory allocated:  286.181640625
Memory cached:  578.0
	 epoch  20 training error:  tensor(1.2092, device='cuda:0', grad_fn=<DivBackward0>)
	 epoch  20 test error:  tensor(0.0840, device='cuda:0', grad_fn=<DivBackward0>)
Memory status after this epoch: 
Memory allocated:  292.884765625
Memory cached:  578.0
	 epoch  30 training error:  tensor(1.0106, device='cuda:0', grad_fn=<DivBackward0>)
	 epoch  30 test error:  tensor(0.0777, device='cuda:0', grad_fn=<DivBackward0>)
Memory status after this epoch: 
Memory allocated:  286.181640625
Memory cached:  578.0
	 epoch  40 training error:  tensor(0.9753, device='cuda:0', grad_fn=<DivBackward0>)
	 epoch  40 test error:  tensor(0.0737, device='cuda:0', grad_fn=<DivBackward0>)
Memory status after this epoch: 
Memory allocated:  292.884765625
Memory cached:  578.0
	 epoch  50 training error:  tensor(0.9668, device='cuda:0', grad_fn=<DivBackward0>)
	 epoch  50 test error:  tensor(0.0721, device='cuda:0', grad_fn=<DivBackward0>)
Memory status after this epoch: 
Memory allocated:  286.181640625
Memory cached:  580.0
	 epoch  60 training error:  tensor(0.9568, device='cuda:0', grad_fn=<DivBackward0>)
	 epoch  60 test error:  tensor(0.0706, device='cuda:0', grad_fn=<DivBackward0>)
Memory status after this epoch: 
Memory allocated:  292.884765625
Memory cached:  582.0
	 epoch  70 training error:  tensor(0.9406, device='cuda:0', grad_fn=<DivBackward0>)
	 epoch  70 test error:  tensor(0.0689, device='cuda:0', grad_fn=<DivBackward0>)
Memory status after this epoch: 
Memory allocated:  286.181640625
Memory cached:  584.0
	 epoch  80 training error:  tensor(0.9227, device='cuda:0', grad_fn=<DivBackward0>)
	 epoch  80 test error:  tensor(0.0674, device='cuda:0', grad_fn=<DivBackward0>)
Memory status after this epoch: 
Memory allocated:  292.884765625
Memory cached:  584.0
	 epoch  90 training error:  tensor(0.9010, device='cuda:0', grad_fn=<DivBackward0>)
	 epoch  90 test error:  tensor(0.0660, device='cuda:0', grad_fn=<DivBackward0>)
Memory status after this epoch: 
Memory allocated:  286.181640625
Memory cached:  580.0
[I 2023-11-10 15:04:06,377] Trial 10 finished with value: 0.06433910131454468 and parameters: {'W_layers': 3, 'W_layer_units_exponent_0': 5, 'W_layer_units_exponent_1': 6, 'W_layer_units_exponent_2': 7, 'D_layers': 4, 'D_layer_units_exponent_0': 7, 'D_layer_units_exponent_1': 7, 'D_layer_units_exponent_2': 4, 'D_layer_units_exponent_3': 4, 'log_learning_rate': -3.68402411181947, 'log_learning_rate_D': -4.905671789599701, 'training_batch_size': 9, 'training_p': 5}. Best is trial 6 with value: 0.037854500114917755.
Time for this trial:  116.42210578918457
Memory status after this trial: 
Memory allocated:  564.32177734375
Memory cached:  578.0
--------------------  Trial  11   --------------------
Start timing: 
Parameters: 
{'W_layers': 4, 'W_layer_units_exponent_0': 6, 'W_layer_units_exponent_1': 10, 'W_layer_units_exponent_2': 6, 'W_layer_units_exponent_3': 7, 'D_layers': 5, 'D_layer_units_exponent_0': 6, 'D_layer_units_exponent_1': 7, 'D_layer_units_exponent_2': 6, 'D_layer_units_exponent_3': 10, 'D_layer_units_exponent_4': 4, 'log_learning_rate': -4.843034131689501, 'log_learning_rate_D': -3.292223846920762, 'training_batch_size': 10, 'training_p': 4}
	 epoch  0 training error:  tensor(2.5098, device='cuda:0', grad_fn=<DivBackward0>)
	 epoch  0 test error:  tensor(0.1539, device='cuda:0', grad_fn=<DivBackward0>)
Memory status after this epoch: 
Memory allocated:  398.91845703125
Memory cached:  644.0
	 epoch  10 training error:  tensor(1.2648, device='cuda:0', grad_fn=<DivBackward0>)
	 epoch  10 test error:  tensor(0.0848, device='cuda:0', grad_fn=<DivBackward0>)
Memory status after this epoch: 
Memory allocated:  405.62158203125
Memory cached:  790.0
	 epoch  20 training error:  tensor(1.0178, device='cuda:0', grad_fn=<DivBackward0>)
	 epoch  20 test error:  tensor(0.0694, device='cuda:0', grad_fn=<DivBackward0>)
Memory status after this epoch: 
Memory allocated:  398.91845703125
Memory cached:  792.0
	 epoch  30 training error:  tensor(0.8454, device='cuda:0', grad_fn=<DivBackward0>)
	 epoch  30 test error:  tensor(0.0621, device='cuda:0', grad_fn=<DivBackward0>)
Memory status after this epoch: 
Memory allocated:  405.62158203125
Memory cached:  790.0
	 epoch  40 training error:  tensor(0.7417, device='cuda:0', grad_fn=<DivBackward0>)
	 epoch  40 test error:  tensor(0.0544, device='cuda:0', grad_fn=<DivBackward0>)
Memory status after this epoch: 
Memory allocated:  398.91845703125
Memory cached:  790.0
	 epoch  50 training error:  tensor(0.6217, device='cuda:0', grad_fn=<DivBackward0>)
	 epoch  50 test error:  tensor(0.0474, device='cuda:0', grad_fn=<DivBackward0>)
Memory status after this epoch: 
Memory allocated:  405.62158203125
Memory cached:  790.0
	 epoch  60 training error:  tensor(0.5201, device='cuda:0', grad_fn=<DivBackward0>)
	 epoch  60 test error:  tensor(0.0412, device='cuda:0', grad_fn=<DivBackward0>)
Memory status after this epoch: 
Memory allocated:  398.91845703125
Memory cached:  790.0
	 epoch  70 training error:  tensor(0.4984, device='cuda:0', grad_fn=<DivBackward0>)
	 epoch  70 test error:  tensor(0.0382, device='cuda:0', grad_fn=<DivBackward0>)
Memory status after this epoch: 
Memory allocated:  405.62158203125
Memory cached:  792.0
	 epoch  80 training error:  tensor(0.4994, device='cuda:0', grad_fn=<DivBackward0>)
	 epoch  80 test error:  tensor(0.0381, device='cuda:0', grad_fn=<DivBackward0>)
Memory status after this epoch: 
Memory allocated:  398.91845703125
Memory cached:  792.0
	 epoch  90 training error:  tensor(0.4979, device='cuda:0', grad_fn=<DivBackward0>)
	 epoch  90 test error:  tensor(0.0388, device='cuda:0', grad_fn=<DivBackward0>)
Memory status after this epoch: 
Memory allocated:  405.62158203125
Memory cached:  792.0
