[I 2023-11-16 23:30:28,783] Trial 17 finished with value: 0.1176418587565422 and parameters: {'W_layers': 3, 'W_layer_units_exponent_0': 8, 'W_layer_units_exponent_1': 6, 'W_layer_units_exponent_2': 9, 'D_layers': 3, 'D_layer_units_exponent_0': 7, 'D_layer_units_exponent_1': 10, 'D_layer_units_exponent_2': 10, 'D_dagger_layers': 4, 'D_dagger_layer_units_exponent_0': 9, 'D_dagger_layer_units_exponent_1': 7, 'D_dagger_layer_units_exponent_2': 6, 'D_dagger_layer_units_exponent_3': 10, 'log_learning_rate': -2.6642798596532726, 'log_learning_rate_D': -2.4189623735663224, 'log_learning_rate_D_dagger': -3.0571325879872946, 'training_batch_size': 7, 'training_p': 6}. Best is trial 4 with value: 0.0967848002910614.
Time for this trial:  18.973023176193237
Memory status after this trial: 
Memory allocated:  140.673828125
Memory cached:  156.0
--------------------  Trial  18   --------------------
Start timing: 
Parameters: 
{'W_layers': 6, 'W_layer_units_exponent_0': 7, 'W_layer_units_exponent_1': 4, 'W_layer_units_exponent_2': 6, 'W_layer_units_exponent_3': 5, 'W_layer_units_exponent_4': 4, 'W_layer_units_exponent_5': 8, 'D_layers': 5, 'D_layer_units_exponent_0': 9, 'D_layer_units_exponent_1': 6, 'D_layer_units_exponent_2': 6, 'D_layer_units_exponent_3': 5, 'D_layer_units_exponent_4': 10, 'D_dagger_layers': 2, 'D_dagger_layer_units_exponent_0': 7, 'D_dagger_layer_units_exponent_1': 5, 'log_learning_rate': -3.3196490425272533, 'log_learning_rate_D': -3.610631701514646, 'log_learning_rate_D_dagger': -4.3144150871327245, 'training_batch_size': 9, 'training_p': 7}
	 epoch  0 training error:  tensor(0.9876, device='cuda:0', grad_fn=<DivBackward0>)
Memory status after this epoch: 
Memory allocated:  0.681640625
Memory cached:  12.0
	 epoch  10 training error:  tensor(0.8957, device='cuda:0', grad_fn=<DivBackward0>)
Memory status after this epoch: 
Memory allocated:  0.681640625
Memory cached:  14.0
	 epoch  20 training error:  tensor(0.6270, device='cuda:0', grad_fn=<DivBackward0>)
Memory status after this epoch: 
Memory allocated:  0.681640625
Memory cached:  14.0
	 epoch  30 training error:  tensor(0.3168, device='cuda:0', grad_fn=<DivBackward0>)
Memory status after this epoch: 
Memory allocated:  0.681640625
Memory cached:  14.0
	 epoch  40 training error:  tensor(0.2555, device='cuda:0', grad_fn=<DivBackward0>)
Memory status after this epoch: 
Memory allocated:  0.681640625
Memory cached:  14.0
	 epoch  50 training error:  tensor(0.2140, device='cuda:0', grad_fn=<DivBackward0>)
Memory status after this epoch: 
Memory allocated:  0.681640625
Memory cached:  14.0
	 epoch  60 training error:  tensor(0.2026, device='cuda:0', grad_fn=<DivBackward0>)
Memory status after this epoch: 
Memory allocated:  0.681640625
Memory cached:  14.0
	 epoch  70 training error:  tensor(0.2011, device='cuda:0', grad_fn=<DivBackward0>)
Memory status after this epoch: 
Memory allocated:  0.681640625
Memory cached:  14.0
	 epoch  80 training error:  tensor(0.1984, device='cuda:0', grad_fn=<DivBackward0>)
Memory status after this epoch: 
Memory allocated:  0.681640625
Memory cached:  14.0
	 epoch  90 training error:  tensor(0.1964, device='cuda:0', grad_fn=<DivBackward0>)
Memory status after this epoch: 
Memory allocated:  0.681640625
Memory cached:  14.0
[I 2023-11-16 23:30:44,887] Trial 18 finished with value: 0.10578536987304688 and parameters: {'W_layers': 6, 'W_layer_units_exponent_0': 7, 'W_layer_units_exponent_1': 4, 'W_layer_units_exponent_2': 6, 'W_layer_units_exponent_3': 5, 'W_layer_units_exponent_4': 4, 'W_layer_units_exponent_5': 8, 'D_layers': 5, 'D_layer_units_exponent_0': 9, 'D_layer_units_exponent_1': 6, 'D_layer_units_exponent_2': 6, 'D_layer_units_exponent_3': 5, 'D_layer_units_exponent_4': 10, 'D_dagger_layers': 2, 'D_dagger_layer_units_exponent_0': 7, 'D_dagger_layer_units_exponent_1': 5, 'log_learning_rate': -3.3196490425272533, 'log_learning_rate_D': -3.610631701514646, 'log_learning_rate_D_dagger': -4.3144150871327245, 'training_batch_size': 9, 'training_p': 7}. Best is trial 4 with value: 0.0967848002910614.
Time for this trial:  15.91829514503479
Memory status after this trial: 
Memory allocated:  36.2373046875
Memory cached:  44.0
--------------------  Trial  19   --------------------
Start timing: 
Parameters: 
{'W_layers': 7, 'W_layer_units_exponent_0': 5, 'W_layer_units_exponent_1': 10, 'W_layer_units_exponent_2': 9, 'W_layer_units_exponent_3': 8, 'W_layer_units_exponent_4': 8, 'W_layer_units_exponent_5': 4, 'W_layer_units_exponent_6': 9, 'D_layers': 6, 'D_layer_units_exponent_0': 5, 'D_layer_units_exponent_1': 7, 'D_layer_units_exponent_2': 9, 'D_layer_units_exponent_3': 7, 'D_layer_units_exponent_4': 6, 'D_layer_units_exponent_5': 6, 'D_dagger_layers': 3, 'D_dagger_layer_units_exponent_0': 9, 'D_dagger_layer_units_exponent_1': 8, 'D_dagger_layer_units_exponent_2': 8, 'log_learning_rate': -2.647522584348291, 'log_learning_rate_D': -2.2302259598503493, 'log_learning_rate_D_dagger': -3.5031452646759513, 'training_batch_size': 11, 'training_p': 3}
	 epoch  0 training error:  tensor(0.9848, device='cuda:0', grad_fn=<DivBackward0>)
Memory status after this epoch: 
Memory allocated:  15.49365234375
Memory cached:  48.0
	 epoch  10 training error:  tensor(0.1371, device='cuda:0', grad_fn=<DivBackward0>)
Memory status after this epoch: 
Memory allocated:  15.49365234375
Memory cached:  48.0
	 epoch  20 training error:  tensor(0.1379, device='cuda:0', grad_fn=<DivBackward0>)
Memory status after this epoch: 
Memory allocated:  15.49365234375
Memory cached:  48.0
	 epoch  30 training error:  tensor(0.1202, device='cuda:0', grad_fn=<DivBackward0>)
Memory status after this epoch: 
Memory allocated:  15.49365234375
Memory cached:  48.0
	 epoch  40 training error:  tensor(0.1166, device='cuda:0', grad_fn=<DivBackward0>)
Memory status after this epoch: 
Memory allocated:  15.49365234375
Memory cached:  48.0
	 epoch  50 training error:  tensor(0.1157, device='cuda:0', grad_fn=<DivBackward0>)
Memory status after this epoch: 
Memory allocated:  15.49365234375
Memory cached:  48.0
	 epoch  60 training error:  tensor(0.1155, device='cuda:0', grad_fn=<DivBackward0>)
Memory status after this epoch: 
Memory allocated:  15.49365234375
Memory cached:  48.0
	 epoch  70 training error:  tensor(0.1156, device='cuda:0', grad_fn=<DivBackward0>)
Memory status after this epoch: 
Memory allocated:  15.49365234375
Memory cached:  48.0
	 epoch  80 training error:  tensor(0.1155, device='cuda:0', grad_fn=<DivBackward0>)
Memory status after this epoch: 
Memory allocated:  15.49365234375
Memory cached:  48.0
	 epoch  90 training error:  tensor(0.1154, device='cuda:0', grad_fn=<DivBackward0>)
Memory status after this epoch: 
Memory allocated:  15.49365234375
Memory cached:  48.0
[I 2023-11-16 23:31:05,952] Trial 19 finished with value: 0.09972211718559265 and parameters: {'W_layers': 7, 'W_layer_units_exponent_0': 5, 'W_layer_units_exponent_1': 10, 'W_layer_units_exponent_2': 9, 'W_layer_units_exponent_3': 8, 'W_layer_units_exponent_4': 8, 'W_layer_units_exponent_5': 4, 'W_layer_units_exponent_6': 9, 'D_layers': 6, 'D_layer_units_exponent_0': 5, 'D_layer_units_exponent_1': 7, 'D_layer_units_exponent_2': 9, 'D_layer_units_exponent_3': 7, 'D_layer_units_exponent_4': 6, 'D_layer_units_exponent_5': 6, 'D_dagger_layers': 3, 'D_dagger_layer_units_exponent_0': 9, 'D_dagger_layer_units_exponent_1': 8, 'D_dagger_layer_units_exponent_2': 8, 'log_learning_rate': -2.647522584348291, 'log_learning_rate_D': -2.2302259598503493, 'log_learning_rate_D_dagger': -3.5031452646759513, 'training_batch_size': 11, 'training_p': 3}. Best is trial 4 with value: 0.0967848002910614.
Time for this trial:  20.856935501098633
Memory status after this trial: 
Memory allocated:  205.8955078125
Memory cached:  226.0
--------------------  Trial  20   --------------------
Start timing: 
Parameters: 
{'W_layers': 3, 'W_layer_units_exponent_0': 5, 'W_layer_units_exponent_1': 8, 'W_layer_units_exponent_2': 8, 'D_layers': 2, 'D_layer_units_exponent_0': 10, 'D_layer_units_exponent_1': 8, 'D_dagger_layers': 4, 'D_dagger_layer_units_exponent_0': 5, 'D_dagger_layer_units_exponent_1': 9, 'D_dagger_layer_units_exponent_2': 5, 'D_dagger_layer_units_exponent_3': 4, 'log_learning_rate': -4.978298236583116, 'log_learning_rate_D': -2.7428373733825886, 'log_learning_rate_D_dagger': -2.665612433023273, 'training_batch_size': 7, 'training_p': 2}
	 epoch  0 training error:  tensor(1.0061, device='cuda:0', grad_fn=<DivBackward0>)
Memory status after this epoch: 
Memory allocated:  2.83056640625
Memory cached:  8.0
	 epoch  10 training error:  tensor(0.2514, device='cuda:0', grad_fn=<DivBackward0>)
Memory status after this epoch: 
Memory allocated:  2.83056640625
Memory cached:  12.0
	 epoch  20 training error:  tensor(0.1120, device='cuda:0', grad_fn=<DivBackward0>)
Memory status after this epoch: 
Memory allocated:  2.83056640625
Memory cached:  12.0
	 epoch  30 training error:  tensor(0.0942, device='cuda:0', grad_fn=<DivBackward0>)
Memory status after this epoch: 
Memory allocated:  2.83056640625
Memory cached:  12.0
	 epoch  40 training error:  tensor(0.0946, device='cuda:0', grad_fn=<DivBackward0>)
Memory status after this epoch: 
Memory allocated:  2.83056640625
Memory cached:  12.0
	 epoch  50 training error:  tensor(0.0948, device='cuda:0', grad_fn=<DivBackward0>)
Memory status after this epoch: 
Memory allocated:  2.83056640625
Memory cached:  12.0
	 epoch  60 training error:  tensor(0.0946, device='cuda:0', grad_fn=<DivBackward0>)
Memory status after this epoch: 
Memory allocated:  2.83056640625
Memory cached:  12.0
	 epoch  70 training error:  tensor(0.0941, device='cuda:0', grad_fn=<DivBackward0>)
Memory status after this epoch: 
Memory allocated:  2.83056640625
Memory cached:  12.0
	 epoch  80 training error:  tensor(0.0940, device='cuda:0', grad_fn=<DivBackward0>)
Memory status after this epoch: 
Memory allocated:  2.83056640625
Memory cached:  12.0
	 epoch  90 training error:  tensor(0.0940, device='cuda:0', grad_fn=<DivBackward0>)
Memory status after this epoch: 
Memory allocated:  2.83056640625
Memory cached:  12.0
[I 2023-11-16 23:31:23,081] Trial 20 finished with value: 0.09674187749624252 and parameters: {'W_layers': 3, 'W_layer_units_exponent_0': 5, 'W_layer_units_exponent_1': 8, 'W_layer_units_exponent_2': 8, 'D_layers': 2, 'D_layer_units_exponent_0': 10, 'D_layer_units_exponent_1': 8, 'D_dagger_layers': 4, 'D_dagger_layer_units_exponent_0': 5, 'D_dagger_layer_units_exponent_1': 9, 'D_dagger_layer_units_exponent_2': 5, 'D_dagger_layer_units_exponent_3': 4, 'log_learning_rate': -4.978298236583116, 'log_learning_rate_D': -2.7428373733825886, 'log_learning_rate_D_dagger': -2.665612433023273, 'training_batch_size': 7, 'training_p': 2}. Best is trial 20 with value: 0.09674187749624252.
Time for this trial:  16.960777521133423
Memory status after this trial: 
Memory allocated:  62.6689453125
Memory cached:  72.0
--------------------  Trial  21   --------------------
Start timing: 
Parameters: 
{'W_layers': 3, 'W_layer_units_exponent_0': 5, 'W_layer_units_exponent_1': 8, 'W_layer_units_exponent_2': 8, 'D_layers': 2, 'D_layer_units_exponent_0': 10, 'D_layer_units_exponent_1': 8, 'D_dagger_layers': 4, 'D_dagger_layer_units_exponent_0': 5, 'D_dagger_layer_units_exponent_1': 10, 'D_dagger_layer_units_exponent_2': 5, 'D_dagger_layer_units_exponent_3': 4, 'log_learning_rate': -4.988706670200729, 'log_learning_rate_D': -2.7665648009428327, 'log_learning_rate_D_dagger': -2.6834317629469413, 'training_batch_size': 7, 'training_p': 2}
	 epoch  0 training error:  tensor(0.9692, device='cuda:0', grad_fn=<DivBackward0>)
Memory status after this epoch: 
Memory allocated:  3.33837890625
Memory cached:  10.0
	 epoch  10 training error:  tensor(0.1825, device='cuda:0', grad_fn=<DivBackward0>)
Memory status after this epoch: 
Memory allocated:  3.33837890625
Memory cached:  14.0
	 epoch  20 training error:  tensor(0.1187, device='cuda:0', grad_fn=<DivBackward0>)
Memory status after this epoch: 
Memory allocated:  3.33837890625
Memory cached:  14.0
	 epoch  30 training error:  tensor(0.1229, device='cuda:0', grad_fn=<DivBackward0>)
Memory status after this epoch: 
Memory allocated:  3.33837890625
Memory cached:  14.0
	 epoch  40 training error:  tensor(0.0960, device='cuda:0', grad_fn=<DivBackward0>)
Memory status after this epoch: 
Memory allocated:  3.33837890625
Memory cached:  14.0
	 epoch  50 training error:  tensor(0.0953, device='cuda:0', grad_fn=<DivBackward0>)
Memory status after this epoch: 
Memory allocated:  3.33837890625
Memory cached:  14.0
	 epoch  60 training error:  tensor(0.0948, device='cuda:0', grad_fn=<DivBackward0>)
Memory status after this epoch: 
Memory allocated:  3.33837890625
Memory cached:  14.0
	 epoch  70 training error:  tensor(0.0946, device='cuda:0', grad_fn=<DivBackward0>)
Memory status after this epoch: 
Memory allocated:  3.33837890625
Memory cached:  14.0
	 epoch  80 training error:  tensor(0.0947, device='cuda:0', grad_fn=<DivBackward0>)
Memory status after this epoch: 
Memory allocated:  3.33837890625
Memory cached:  14.0
	 epoch  90 training error:  tensor(0.0960, device='cuda:0', grad_fn=<DivBackward0>)
Memory status after this epoch: 
Memory allocated:  3.33837890625
Memory cached:  14.0
[I 2023-11-16 23:31:40,971] Trial 21 finished with value: 0.09677537530660629 and parameters: {'W_layers': 3, 'W_layer_units_exponent_0': 5, 'W_layer_units_exponent_1': 8, 'W_layer_units_exponent_2': 8, 'D_layers': 2, 'D_layer_units_exponent_0': 10, 'D_layer_units_exponent_1': 8, 'D_dagger_layers': 4, 'D_dagger_layer_units_exponent_0': 5, 'D_dagger_layer_units_exponent_1': 10, 'D_dagger_layer_units_exponent_2': 5, 'D_dagger_layer_units_exponent_3': 4, 'log_learning_rate': -4.988706670200729, 'log_learning_rate_D': -2.7665648009428327, 'log_learning_rate_D_dagger': -2.6834317629469413, 'training_batch_size': 7, 'training_p': 2}. Best is trial 20 with value: 0.09674187749624252.
Time for this trial:  17.722095489501953
Memory status after this trial: 
Memory allocated:  90.7353515625
Memory cached:  112.0
--------------------  Trial  22   --------------------
Start timing: 
Parameters: 
{'W_layers': 3, 'W_layer_units_exponent_0': 5, 'W_layer_units_exponent_1': 8, 'W_layer_units_exponent_2': 7, 'D_layers': 2, 'D_layer_units_exponent_0': 10, 'D_layer_units_exponent_1': 8, 'D_dagger_layers': 4, 'D_dagger_layer_units_exponent_0': 5, 'D_dagger_layer_units_exponent_1': 10, 'D_dagger_layer_units_exponent_2': 5, 'D_dagger_layer_units_exponent_3': 4, 'log_learning_rate': -4.8257987618940295, 'log_learning_rate_D': -2.7933336752774225, 'log_learning_rate_D_dagger': -2.656129947896895, 'training_batch_size': 7, 'training_p': 2}
	 epoch  0 training error:  tensor(1.0163, device='cuda:0', grad_fn=<DivBackward0>)
Memory status after this epoch: 
Memory allocated:  2.83447265625
Memory cached:  10.0
	 epoch  10 training error:  tensor(0.1456, device='cuda:0', grad_fn=<DivBackward0>)
Memory status after this epoch: 
Memory allocated:  2.83447265625
Memory cached:  14.0
	 epoch  20 training error:  tensor(0.0980, device='cuda:0', grad_fn=<DivBackward0>)
Memory status after this epoch: 
Memory allocated:  2.83447265625
Memory cached:  14.0
	 epoch  30 training error:  tensor(0.0944, device='cuda:0', grad_fn=<DivBackward0>)
Memory status after this epoch: 
Memory allocated:  2.83447265625
Memory cached:  14.0
	 epoch  40 training error:  tensor(0.0950, device='cuda:0', grad_fn=<DivBackward0>)
Memory status after this epoch: 
Memory allocated:  2.83447265625
Memory cached:  14.0
	 epoch  50 training error:  tensor(0.0943, device='cuda:0', grad_fn=<DivBackward0>)
Memory status after this epoch: 
Memory allocated:  2.83447265625
Memory cached:  14.0
	 epoch  60 training error:  tensor(0.0940, device='cuda:0', grad_fn=<DivBackward0>)
Memory status after this epoch: 
Memory allocated:  2.83447265625
Memory cached:  14.0
	 epoch  70 training error:  tensor(0.0940, device='cuda:0', grad_fn=<DivBackward0>)
Memory status after this epoch: 
Memory allocated:  2.83447265625
Memory cached:  14.0
	 epoch  80 training error:  tensor(0.0940, device='cuda:0', grad_fn=<DivBackward0>)
Memory status after this epoch: 
Memory allocated:  2.83447265625
Memory cached:  14.0
	 epoch  90 training error:  tensor(0.0940, device='cuda:0', grad_fn=<DivBackward0>)
Memory status after this epoch: 
Memory allocated:  2.83447265625
Memory cached:  14.0
[I 2023-11-16 23:31:58,578] Trial 22 finished with value: 0.09675253927707672 and parameters: {'W_layers': 3, 'W_layer_units_exponent_0': 5, 'W_layer_units_exponent_1': 8, 'W_layer_units_exponent_2': 7, 'D_layers': 2, 'D_layer_units_exponent_0': 10, 'D_layer_units_exponent_1': 8, 'D_dagger_layers': 4, 'D_dagger_layer_units_exponent_0': 5, 'D_dagger_layer_units_exponent_1': 10, 'D_dagger_layer_units_exponent_2': 5, 'D_dagger_layer_units_exponent_3': 4, 'log_learning_rate': -4.8257987618940295, 'log_learning_rate_D': -2.7933336752774225, 'log_learning_rate_D_dagger': -2.656129947896895, 'training_batch_size': 7, 'training_p': 2}. Best is trial 20 with value: 0.09674187749624252.
Time for this trial:  17.424705028533936
Memory status after this trial: 
Memory allocated:  82.7099609375
Memory cached:  98.0
--------------------  Trial  23   --------------------
Start timing: 
Parameters: 
{'W_layers': 3, 'W_layer_units_exponent_0': 5, 'W_layer_units_exponent_1': 8, 'W_layer_units_exponent_2': 6, 'D_layers': 2, 'D_layer_units_exponent_0': 10, 'D_layer_units_exponent_1': 8, 'D_dagger_layers': 4, 'D_dagger_layer_units_exponent_0': 5, 'D_dagger_layer_units_exponent_1': 10, 'D_dagger_layer_units_exponent_2': 5, 'D_dagger_layer_units_exponent_3': 4, 'log_learning_rate': -4.965518111238384, 'log_learning_rate_D': -2.868178495973792, 'log_learning_rate_D_dagger': -2.637984456290135, 'training_batch_size': 7, 'training_p': 2}
	 epoch  0 training error:  tensor(1.0306, device='cuda:0', grad_fn=<DivBackward0>)
Memory status after this epoch: 
Memory allocated:  2.58447265625
Memory cached:  10.0
	 epoch  10 training error:  tensor(0.2429, device='cuda:0', grad_fn=<DivBackward0>)
Memory status after this epoch: 
Memory allocated:  2.58447265625
Memory cached:  14.0
	 epoch  20 training error:  tensor(0.1126, device='cuda:0', grad_fn=<DivBackward0>)
Memory status after this epoch: 
Memory allocated:  2.58447265625
Memory cached:  12.0
	 epoch  30 training error:  tensor(0.0994, device='cuda:0', grad_fn=<DivBackward0>)
Memory status after this epoch: 
Memory allocated:  2.58447265625
Memory cached:  12.0
	 epoch  40 training error:  tensor(0.0943, device='cuda:0', grad_fn=<DivBackward0>)
Memory status after this epoch: 
Memory allocated:  2.58447265625
Memory cached:  14.0
	 epoch  50 training error:  tensor(0.0951, device='cuda:0', grad_fn=<DivBackward0>)
Memory status after this epoch: 
Memory allocated:  2.58447265625
Memory cached:  12.0
	 epoch  60 training error:  tensor(0.0940, device='cuda:0', grad_fn=<DivBackward0>)
Memory status after this epoch: 
Memory allocated:  2.58447265625
Memory cached:  12.0
	 epoch  70 training error:  tensor(0.0941, device='cuda:0', grad_fn=<DivBackward0>)
Memory status after this epoch: 
Memory allocated:  2.58447265625
Memory cached:  14.0
	 epoch  80 training error:  tensor(0.0940, device='cuda:0', grad_fn=<DivBackward0>)
Memory status after this epoch: 
Memory allocated:  2.58447265625
Memory cached:  12.0
	 epoch  90 training error:  tensor(0.0940, device='cuda:0', grad_fn=<DivBackward0>)
Memory status after this epoch: 
Memory allocated:  2.58447265625
Memory cached:  12.0
