[I 2023-11-16 23:32:15,775] Trial 23 finished with value: 0.09675370901823044 and parameters: {'W_layers': 3, 'W_layer_units_exponent_0': 5, 'W_layer_units_exponent_1': 8, 'W_layer_units_exponent_2': 6, 'D_layers': 2, 'D_layer_units_exponent_0': 10, 'D_layer_units_exponent_1': 8, 'D_dagger_layers': 4, 'D_dagger_layer_units_exponent_0': 5, 'D_dagger_layer_units_exponent_1': 10, 'D_dagger_layer_units_exponent_2': 5, 'D_dagger_layer_units_exponent_3': 4, 'log_learning_rate': -4.965518111238384, 'log_learning_rate_D': -2.868178495973792, 'log_learning_rate_D_dagger': -2.637984456290135, 'training_batch_size': 7, 'training_p': 2}. Best is trial 20 with value: 0.09674187749624252.
Time for this trial:  17.0272855758667
Memory status after this trial: 
Memory allocated:  79.1669921875
Memory cached:  94.0
--------------------  Trial  24   --------------------
Start timing: 
Parameters: 
{'W_layers': 4, 'W_layer_units_exponent_0': 5, 'W_layer_units_exponent_1': 9, 'W_layer_units_exponent_2': 6, 'W_layer_units_exponent_3': 10, 'D_layers': 2, 'D_layer_units_exponent_0': 10, 'D_layer_units_exponent_1': 8, 'D_dagger_layers': 6, 'D_dagger_layer_units_exponent_0': 5, 'D_dagger_layer_units_exponent_1': 10, 'D_dagger_layer_units_exponent_2': 5, 'D_dagger_layer_units_exponent_3': 4, 'D_dagger_layer_units_exponent_4': 9, 'D_dagger_layer_units_exponent_5': 8, 'log_learning_rate': -4.641692173978631, 'log_learning_rate_D': -3.26807490620914, 'log_learning_rate_D_dagger': -2.6652092724338505, 'training_batch_size': 6, 'training_p': 3}
	 epoch  0 training error:  tensor(0.9673, device='cuda:0', grad_fn=<DivBackward0>)
Memory status after this epoch: 
Memory allocated:  6.10693359375
Memory cached:  12.0
	 epoch  10 training error:  tensor(0.2514, device='cuda:0', grad_fn=<DivBackward0>)
Memory status after this epoch: 
Memory allocated:  6.10693359375
Memory cached:  14.0
	 epoch  20 training error:  tensor(0.1879, device='cuda:0', grad_fn=<DivBackward0>)
Memory status after this epoch: 
Memory allocated:  6.10693359375
Memory cached:  14.0
	 epoch  30 training error:  tensor(0.1530, device='cuda:0', grad_fn=<DivBackward0>)
Memory status after this epoch: 
Memory allocated:  6.10693359375
Memory cached:  16.0
	 epoch  40 training error:  tensor(0.1193, device='cuda:0', grad_fn=<DivBackward0>)
Memory status after this epoch: 
Memory allocated:  6.10693359375
Memory cached:  14.0
	 epoch  50 training error:  tensor(0.1156, device='cuda:0', grad_fn=<DivBackward0>)
Memory status after this epoch: 
Memory allocated:  6.10693359375
Memory cached:  14.0
	 epoch  60 training error:  tensor(0.1159, device='cuda:0', grad_fn=<DivBackward0>)
Memory status after this epoch: 
Memory allocated:  6.10693359375
Memory cached:  14.0
	 epoch  70 training error:  tensor(0.1163, device='cuda:0', grad_fn=<DivBackward0>)
Memory status after this epoch: 
Memory allocated:  6.10693359375
Memory cached:  16.0
	 epoch  80 training error:  tensor(0.1168, device='cuda:0', grad_fn=<DivBackward0>)
Memory status after this epoch: 
Memory allocated:  6.10693359375
Memory cached:  16.0
	 epoch  90 training error:  tensor(0.1155, device='cuda:0', grad_fn=<DivBackward0>)
Memory status after this epoch: 
Memory allocated:  6.10693359375
Memory cached:  16.0
[I 2023-11-16 23:32:38,139] Trial 24 finished with value: 0.10875016450881958 and parameters: {'W_layers': 4, 'W_layer_units_exponent_0': 5, 'W_layer_units_exponent_1': 9, 'W_layer_units_exponent_2': 6, 'W_layer_units_exponent_3': 10, 'D_layers': 2, 'D_layer_units_exponent_0': 10, 'D_layer_units_exponent_1': 8, 'D_dagger_layers': 6, 'D_dagger_layer_units_exponent_0': 5, 'D_dagger_layer_units_exponent_1': 10, 'D_dagger_layer_units_exponent_2': 5, 'D_dagger_layer_units_exponent_3': 4, 'D_dagger_layer_units_exponent_4': 9, 'D_dagger_layer_units_exponent_5': 8, 'log_learning_rate': -4.641692173978631, 'log_learning_rate_D': -3.26807490620914, 'log_learning_rate_D_dagger': -2.6652092724338505, 'training_batch_size': 6, 'training_p': 3}. Best is trial 20 with value: 0.09674187749624252.
Time for this trial:  22.187306880950928
Memory status after this trial: 
Memory allocated:  192.6591796875
Memory cached:  214.0
--------------------  Trial  25   --------------------
Start timing: 
Parameters: 
{'W_layers': 3, 'W_layer_units_exponent_0': 4, 'W_layer_units_exponent_1': 8, 'W_layer_units_exponent_2': 7, 'D_layers': 2, 'D_layer_units_exponent_0': 10, 'D_layer_units_exponent_1': 10, 'D_dagger_layers': 4, 'D_dagger_layer_units_exponent_0': 4, 'D_dagger_layer_units_exponent_1': 10, 'D_dagger_layer_units_exponent_2': 6, 'D_dagger_layer_units_exponent_3': 5, 'log_learning_rate': -4.648949874226757, 'log_learning_rate_D': -2.6948324618994937, 'log_learning_rate_D_dagger': -1.880867196992504, 'training_batch_size': 7, 'training_p': 2}
	 epoch  0 training error:  tensor(1.0102, device='cuda:0', grad_fn=<DivBackward0>)
Memory status after this epoch: 
Memory allocated:  6.05126953125
Memory cached:  24.0
	 epoch  10 training error:  tensor(0.1910, device='cuda:0', grad_fn=<DivBackward0>)
Memory status after this epoch: 
Memory allocated:  6.05126953125
Memory cached:  26.0
	 epoch  20 training error:  tensor(0.1080, device='cuda:0', grad_fn=<DivBackward0>)
Memory status after this epoch: 
Memory allocated:  6.05126953125
Memory cached:  26.0
	 epoch  30 training error:  tensor(0.1205, device='cuda:0', grad_fn=<DivBackward0>)
Memory status after this epoch: 
Memory allocated:  6.05126953125
Memory cached:  26.0
	 epoch  40 training error:  tensor(0.0954, device='cuda:0', grad_fn=<DivBackward0>)
Memory status after this epoch: 
Memory allocated:  6.05126953125
Memory cached:  26.0
	 epoch  50 training error:  tensor(0.0964, device='cuda:0', grad_fn=<DivBackward0>)
Memory status after this epoch: 
Memory allocated:  6.05126953125
Memory cached:  26.0
	 epoch  60 training error:  tensor(0.0961, device='cuda:0', grad_fn=<DivBackward0>)
Memory status after this epoch: 
Memory allocated:  6.05126953125
Memory cached:  26.0
	 epoch  70 training error:  tensor(0.0950, device='cuda:0', grad_fn=<DivBackward0>)
Memory status after this epoch: 
Memory allocated:  6.05126953125
Memory cached:  26.0
	 epoch  80 training error:  tensor(0.0947, device='cuda:0', grad_fn=<DivBackward0>)
Memory status after this epoch: 
Memory allocated:  6.05126953125
Memory cached:  26.0
	 epoch  90 training error:  tensor(0.0949, device='cuda:0', grad_fn=<DivBackward0>)
Memory status after this epoch: 
Memory allocated:  6.05126953125
Memory cached:  26.0
[I 2023-11-16 23:32:55,930] Trial 25 finished with value: 0.09742429107427597 and parameters: {'W_layers': 3, 'W_layer_units_exponent_0': 4, 'W_layer_units_exponent_1': 8, 'W_layer_units_exponent_2': 7, 'D_layers': 2, 'D_layer_units_exponent_0': 10, 'D_layer_units_exponent_1': 10, 'D_dagger_layers': 4, 'D_dagger_layer_units_exponent_0': 4, 'D_dagger_layer_units_exponent_1': 10, 'D_dagger_layer_units_exponent_2': 6, 'D_dagger_layer_units_exponent_3': 5, 'log_learning_rate': -4.648949874226757, 'log_learning_rate_D': -2.6948324618994937, 'log_learning_rate_D_dagger': -1.880867196992504, 'training_batch_size': 7, 'training_p': 2}. Best is trial 20 with value: 0.09674187749624252.
Time for this trial:  17.62385845184326
Memory status after this trial: 
Memory allocated:  83.482421875
Memory cached:  114.0
--------------------  Trial  26   --------------------
Start timing: 
Parameters: 
{'W_layers': 2, 'W_layer_units_exponent_0': 5, 'W_layer_units_exponent_1': 9, 'D_layers': 3, 'D_layer_units_exponent_0': 9, 'D_layer_units_exponent_1': 9, 'D_layer_units_exponent_2': 4, 'D_dagger_layers': 6, 'D_dagger_layer_units_exponent_0': 5, 'D_dagger_layer_units_exponent_1': 9, 'D_dagger_layer_units_exponent_2': 5, 'D_dagger_layer_units_exponent_3': 4, 'D_dagger_layer_units_exponent_4': 5, 'D_dagger_layer_units_exponent_5': 7, 'log_learning_rate': -4.890661954241276, 'log_learning_rate_D': -3.120165467041892, 'log_learning_rate_D_dagger': -2.953640960385379, 'training_batch_size': 7, 'training_p': 3}
	 epoch  0 training error:  tensor(1.0220, device='cuda:0', grad_fn=<DivBackward0>)
Memory status after this epoch: 
Memory allocated:  2.06396484375
Memory cached:  8.0
	 epoch  10 training error:  tensor(0.4801, device='cuda:0', grad_fn=<DivBackward0>)
Memory status after this epoch: 
Memory allocated:  2.06396484375
Memory cached:  10.0
	 epoch  20 training error:  tensor(0.1764, device='cuda:0', grad_fn=<DivBackward0>)
Memory status after this epoch: 
Memory allocated:  2.06396484375
Memory cached:  10.0
	 epoch  30 training error:  tensor(0.1441, device='cuda:0', grad_fn=<DivBackward0>)
Memory status after this epoch: 
Memory allocated:  2.06396484375
Memory cached:  10.0
	 epoch  40 training error:  tensor(0.1172, device='cuda:0', grad_fn=<DivBackward0>)
Memory status after this epoch: 
Memory allocated:  2.06396484375
Memory cached:  10.0
	 epoch  50 training error:  tensor(0.1203, device='cuda:0', grad_fn=<DivBackward0>)
Memory status after this epoch: 
Memory allocated:  2.06396484375
Memory cached:  10.0
	 epoch  60 training error:  tensor(0.1180, device='cuda:0', grad_fn=<DivBackward0>)
Memory status after this epoch: 
Memory allocated:  2.06396484375
Memory cached:  10.0
	 epoch  70 training error:  tensor(0.1162, device='cuda:0', grad_fn=<DivBackward0>)
Memory status after this epoch: 
Memory allocated:  2.06396484375
Memory cached:  10.0
	 epoch  80 training error:  tensor(0.1156, device='cuda:0', grad_fn=<DivBackward0>)
Memory status after this epoch: 
Memory allocated:  2.06396484375
Memory cached:  10.0
	 epoch  90 training error:  tensor(0.1155, device='cuda:0', grad_fn=<DivBackward0>)
Memory status after this epoch: 
Memory allocated:  2.06396484375
Memory cached:  10.0
[I 2023-11-16 23:33:13,603] Trial 26 finished with value: 0.09939450025558472 and parameters: {'W_layers': 2, 'W_layer_units_exponent_0': 5, 'W_layer_units_exponent_1': 9, 'D_layers': 3, 'D_layer_units_exponent_0': 9, 'D_layer_units_exponent_1': 9, 'D_layer_units_exponent_2': 4, 'D_dagger_layers': 6, 'D_dagger_layer_units_exponent_0': 5, 'D_dagger_layer_units_exponent_1': 9, 'D_dagger_layer_units_exponent_2': 5, 'D_dagger_layer_units_exponent_3': 4, 'D_dagger_layer_units_exponent_4': 5, 'D_dagger_layer_units_exponent_5': 7, 'log_learning_rate': -4.890661954241276, 'log_learning_rate_D': -3.120165467041892, 'log_learning_rate_D_dagger': -2.953640960385379, 'training_batch_size': 7, 'training_p': 3}. Best is trial 20 with value: 0.09674187749624252.
Time for this trial:  17.491137504577637
Memory status after this trial: 
Memory allocated:  70.8154296875
Memory cached:  78.0
--------------------  Trial  27   --------------------
Start timing: 
Parameters: 
{'W_layers': 5, 'W_layer_units_exponent_0': 5, 'W_layer_units_exponent_1': 8, 'W_layer_units_exponent_2': 5, 'W_layer_units_exponent_3': 9, 'W_layer_units_exponent_4': 10, 'D_layers': 2, 'D_layer_units_exponent_0': 10, 'D_layer_units_exponent_1': 8, 'D_dagger_layers': 5, 'D_dagger_layer_units_exponent_0': 6, 'D_dagger_layer_units_exponent_1': 10, 'D_dagger_layer_units_exponent_2': 4, 'D_dagger_layer_units_exponent_3': 6, 'D_dagger_layer_units_exponent_4': 9, 'log_learning_rate': -4.487151285165841, 'log_learning_rate_D': -2.121505550356005, 'log_learning_rate_D_dagger': -2.524140068912992, 'training_batch_size': 6, 'training_p': 2}
	 epoch  0 training error:  tensor(0.9539, device='cuda:0', grad_fn=<DivBackward0>)
Memory status after this epoch: 
Memory allocated:  11.49365234375
Memory cached:  46.0
	 epoch  10 training error:  tensor(0.2296, device='cuda:0', grad_fn=<DivBackward0>)
Memory status after this epoch: 
Memory allocated:  11.49365234375
Memory cached:  46.0
	 epoch  20 training error:  tensor(0.1011, device='cuda:0', grad_fn=<DivBackward0>)
Memory status after this epoch: 
Memory allocated:  11.49365234375
Memory cached:  46.0
	 epoch  30 training error:  tensor(0.1281, device='cuda:0', grad_fn=<DivBackward0>)
Memory status after this epoch: 
Memory allocated:  11.49365234375
Memory cached:  48.0
	 epoch  40 training error:  tensor(0.1229, device='cuda:0', grad_fn=<DivBackward0>)
Memory status after this epoch: 
Memory allocated:  11.49365234375
Memory cached:  46.0
	 epoch  50 training error:  tensor(0.0954, device='cuda:0', grad_fn=<DivBackward0>)
Memory status after this epoch: 
Memory allocated:  11.49365234375
Memory cached:  46.0
	 epoch  60 training error:  tensor(0.1167, device='cuda:0', grad_fn=<DivBackward0>)
Memory status after this epoch: 
Memory allocated:  11.49365234375
Memory cached:  46.0
	 epoch  70 training error:  tensor(0.1057, device='cuda:0', grad_fn=<DivBackward0>)
Memory status after this epoch: 
Memory allocated:  11.49365234375
Memory cached:  48.0
	 epoch  80 training error:  tensor(0.0969, device='cuda:0', grad_fn=<DivBackward0>)
Memory status after this epoch: 
Memory allocated:  11.49365234375
Memory cached:  46.0
	 epoch  90 training error:  tensor(0.1139, device='cuda:0', grad_fn=<DivBackward0>)
Memory status after this epoch: 
Memory allocated:  11.49365234375
Memory cached:  46.0
[I 2023-11-16 23:33:36,318] Trial 27 finished with value: 0.10506538301706314 and parameters: {'W_layers': 5, 'W_layer_units_exponent_0': 5, 'W_layer_units_exponent_1': 8, 'W_layer_units_exponent_2': 5, 'W_layer_units_exponent_3': 9, 'W_layer_units_exponent_4': 10, 'D_layers': 2, 'D_layer_units_exponent_0': 10, 'D_layer_units_exponent_1': 8, 'D_dagger_layers': 5, 'D_dagger_layer_units_exponent_0': 6, 'D_dagger_layer_units_exponent_1': 10, 'D_dagger_layer_units_exponent_2': 4, 'D_dagger_layer_units_exponent_3': 6, 'D_dagger_layer_units_exponent_4': 9, 'log_learning_rate': -4.487151285165841, 'log_learning_rate_D': -2.121505550356005, 'log_learning_rate_D_dagger': -2.524140068912992, 'training_batch_size': 6, 'training_p': 2}. Best is trial 20 with value: 0.09674187749624252.
Time for this trial:  22.512948274612427
Memory status after this trial: 
Memory allocated:  198.1240234375
Memory cached:  226.0
--------------------  Trial  28   --------------------
Start timing: 
Parameters: 
{'W_layers': 3, 'W_layer_units_exponent_0': 4, 'W_layer_units_exponent_1': 9, 'W_layer_units_exponent_2': 6, 'D_layers': 3, 'D_layer_units_exponent_0': 8, 'D_layer_units_exponent_1': 7, 'D_layer_units_exponent_2': 5, 'D_dagger_layers': 4, 'D_dagger_layer_units_exponent_0': 5, 'D_dagger_layer_units_exponent_1': 9, 'D_dagger_layer_units_exponent_2': 6, 'D_dagger_layer_units_exponent_3': 5, 'log_learning_rate': -4.990285442665804, 'log_learning_rate_D': -2.5884364125493056, 'log_learning_rate_D_dagger': -3.226481787123023, 'training_batch_size': 8, 'training_p': 4}
	 epoch  0 training error:  tensor(1.0249, device='cuda:0', grad_fn=<DivBackward0>)
Memory status after this epoch: 
Memory allocated:  1.7412109375
Memory cached:  12.0
	 epoch  10 training error:  tensor(0.4172, device='cuda:0', grad_fn=<DivBackward0>)
Memory status after this epoch: 
Memory allocated:  1.7412109375
Memory cached:  12.0
	 epoch  20 training error:  tensor(0.2410, device='cuda:0', grad_fn=<DivBackward0>)
Memory status after this epoch: 
Memory allocated:  1.7412109375
Memory cached:  12.0
	 epoch  30 training error:  tensor(0.1475, device='cuda:0', grad_fn=<DivBackward0>)
Memory status after this epoch: 
Memory allocated:  1.7412109375
Memory cached:  12.0
	 epoch  40 training error:  tensor(0.1309, device='cuda:0', grad_fn=<DivBackward0>)
Memory status after this epoch: 
Memory allocated:  1.7412109375
Memory cached:  12.0
	 epoch  50 training error:  tensor(0.1305, device='cuda:0', grad_fn=<DivBackward0>)
Memory status after this epoch: 
Memory allocated:  1.7412109375
Memory cached:  12.0
	 epoch  60 training error:  tensor(0.1309, device='cuda:0', grad_fn=<DivBackward0>)
Memory status after this epoch: 
Memory allocated:  1.7412109375
Memory cached:  12.0
	 epoch  70 training error:  tensor(0.1292, device='cuda:0', grad_fn=<DivBackward0>)
Memory status after this epoch: 
Memory allocated:  1.7412109375
Memory cached:  12.0
	 epoch  80 training error:  tensor(0.1294, device='cuda:0', grad_fn=<DivBackward0>)
Memory status after this epoch: 
Memory allocated:  1.7412109375
Memory cached:  12.0
	 epoch  90 training error:  tensor(0.1292, device='cuda:0', grad_fn=<DivBackward0>)
Memory status after this epoch: 
Memory allocated:  1.7412109375
Memory cached:  12.0
[I 2023-11-16 23:33:53,353] Trial 28 finished with value: 0.1061149388551712 and parameters: {'W_layers': 3, 'W_layer_units_exponent_0': 4, 'W_layer_units_exponent_1': 9, 'W_layer_units_exponent_2': 6, 'D_layers': 3, 'D_layer_units_exponent_0': 8, 'D_layer_units_exponent_1': 7, 'D_layer_units_exponent_2': 5, 'D_dagger_layers': 4, 'D_dagger_layer_units_exponent_0': 5, 'D_dagger_layer_units_exponent_1': 9, 'D_dagger_layer_units_exponent_2': 6, 'D_dagger_layer_units_exponent_3': 5, 'log_learning_rate': -4.990285442665804, 'log_learning_rate_D': -2.5884364125493056, 'log_learning_rate_D_dagger': -3.226481787123023, 'training_batch_size': 8, 'training_p': 4}. Best is trial 20 with value: 0.09674187749624252.
Time for this trial:  16.861828565597534
Memory status after this trial: 
Memory allocated:  67.6826171875
Memory cached:  74.0
--------------------  Trial  29   --------------------
Start timing: 
Parameters: 
{'W_layers': 2, 'W_layer_units_exponent_0': 6, 'W_layer_units_exponent_1': 8, 'D_layers': 4, 'D_layer_units_exponent_0': 9, 'D_layer_units_exponent_1': 9, 'D_layer_units_exponent_2': 5, 'D_layer_units_exponent_3': 10, 'D_dagger_layers': 5, 'D_dagger_layer_units_exponent_0': 4, 'D_dagger_layer_units_exponent_1': 10, 'D_dagger_layer_units_exponent_2': 5, 'D_dagger_layer_units_exponent_3': 6, 'D_dagger_layer_units_exponent_4': 10, 'log_learning_rate': -4.483540040953677, 'log_learning_rate_D': -2.821496243114982, 'log_learning_rate_D_dagger': -2.741503736403845, 'training_batch_size': 7, 'training_p': 3}
	 epoch  0 training error:  tensor(1.1096, device='cuda:0', grad_fn=<DivBackward0>)
Memory status after this epoch: 
Memory allocated:  3.4560546875
Memory cached:  8.0
	 epoch  10 training error:  tensor(0.3874, device='cuda:0', grad_fn=<DivBackward0>)
Memory status after this epoch: 
Memory allocated:  3.4560546875
Memory cached:  8.0
	 epoch  20 training error:  tensor(0.1432, device='cuda:0', grad_fn=<DivBackward0>)
Memory status after this epoch: 
Memory allocated:  3.4560546875
Memory cached:  10.0
	 epoch  30 training error:  tensor(0.1194, device='cuda:0', grad_fn=<DivBackward0>)
Memory status after this epoch: 
Memory allocated:  3.4560546875
Memory cached:  8.0
	 epoch  40 training error:  tensor(0.1242, device='cuda:0', grad_fn=<DivBackward0>)
Memory status after this epoch: 
Memory allocated:  3.4560546875
Memory cached:  8.0
	 epoch  50 training error:  tensor(0.1196, device='cuda:0', grad_fn=<DivBackward0>)
Memory status after this epoch: 
Memory allocated:  3.4560546875
Memory cached:  10.0
	 epoch  60 training error:  tensor(0.1163, device='cuda:0', grad_fn=<DivBackward0>)
Memory status after this epoch: 
Memory allocated:  3.4560546875
Memory cached:  8.0
	 epoch  70 training error:  tensor(0.1157, device='cuda:0', grad_fn=<DivBackward0>)
Memory status after this epoch: 
Memory allocated:  3.4560546875
Memory cached:  8.0
	 epoch  80 training error:  tensor(0.1155, device='cuda:0', grad_fn=<DivBackward0>)
Memory status after this epoch: 
Memory allocated:  3.4560546875
Memory cached:  10.0
	 epoch  90 training error:  tensor(0.1155, device='cuda:0', grad_fn=<DivBackward0>)
Memory status after this epoch: 
Memory allocated:  3.4560546875
Memory cached:  8.0
