[I 2023-11-17 17:18:07,579] Trial 47 finished with value: 0.1914573460817337 and parameters: {'W_layers': 4, 'W_layer_units_exponent_0': 6, 'W_layer_units_exponent_1': 8, 'W_layer_units_exponent_2': 7, 'W_layer_units_exponent_3': 8, 'D_layers': 8, 'D_layer_units_exponent_0': 7, 'D_layer_units_exponent_1': 9, 'D_layer_units_exponent_2': 5, 'D_layer_units_exponent_3': 10, 'D_layer_units_exponent_4': 4, 'D_layer_units_exponent_5': 9, 'D_layer_units_exponent_6': 5, 'D_layer_units_exponent_7': 9, 'log_learning_rate': -2.3874350314636343, 'log_learning_rate_D': -2.6119961001555803, 'training_batch_size': 10, 'training_p': 2}. Best is trial 27 with value: 0.1900663673877716.
Time for this trial:  182.42838788032532
Memory status after this trial: 
Memory allocated:  649.634765625
Memory cached:  668.0
--------------------  Trial  48   --------------------
Start timing: 
Parameters: 
{'W_layers': 2, 'W_layer_units_exponent_0': 5, 'W_layer_units_exponent_1': 9, 'D_layers': 8, 'D_layer_units_exponent_0': 7, 'D_layer_units_exponent_1': 10, 'D_layer_units_exponent_2': 4, 'D_layer_units_exponent_3': 9, 'D_layer_units_exponent_4': 6, 'D_layer_units_exponent_5': 9, 'D_layer_units_exponent_6': 7, 'D_layer_units_exponent_7': 8, 'log_learning_rate': -2.8502905367496627, 'log_learning_rate_D': -2.3610461187783107, 'training_batch_size': 11, 'training_p': 2}
	 epoch  0 training error:  tensor(0.9969, device='cuda:0', grad_fn=<DivBackward0>)
	 epoch  0 test error:  tensor(0.1949, device='cuda:0', grad_fn=<DivBackward0>)
Memory status after this epoch: 
Memory allocated:  314.94140625
Memory cached:  454.0
	 epoch  10 training error:  tensor(0.9955, device='cuda:0', grad_fn=<DivBackward0>)
	 epoch  10 test error:  tensor(0.1913, device='cuda:0', grad_fn=<DivBackward0>)
Memory status after this epoch: 
Memory allocated:  316.06640625
Memory cached:  636.0
	 epoch  20 training error:  tensor(0.9939, device='cuda:0', grad_fn=<DivBackward0>)
	 epoch  20 test error:  tensor(0.1909, device='cuda:0', grad_fn=<DivBackward0>)
Memory status after this epoch: 
Memory allocated:  314.94140625
Memory cached:  636.0
	 epoch  30 training error:  tensor(0.9937, device='cuda:0', grad_fn=<DivBackward0>)
	 epoch  30 test error:  tensor(0.1903, device='cuda:0', grad_fn=<DivBackward0>)
Memory status after this epoch: 
Memory allocated:  316.06640625
Memory cached:  636.0
	 epoch  40 training error:  tensor(0.9936, device='cuda:0', grad_fn=<DivBackward0>)
	 epoch  40 test error:  tensor(0.1905, device='cuda:0', grad_fn=<DivBackward0>)
Memory status after this epoch: 
Memory allocated:  314.94140625
Memory cached:  636.0
	 epoch  50 training error:  tensor(0.9936, device='cuda:0', grad_fn=<DivBackward0>)
	 epoch  50 test error:  tensor(0.1905, device='cuda:0', grad_fn=<DivBackward0>)
Memory status after this epoch: 
Memory allocated:  316.06640625
Memory cached:  636.0
	 epoch  60 training error:  tensor(0.9935, device='cuda:0', grad_fn=<DivBackward0>)
	 epoch  60 test error:  tensor(0.1905, device='cuda:0', grad_fn=<DivBackward0>)
Memory status after this epoch: 
Memory allocated:  314.94140625
Memory cached:  636.0
	 epoch  70 training error:  tensor(0.9934, device='cuda:0', grad_fn=<DivBackward0>)
	 epoch  70 test error:  tensor(0.1905, device='cuda:0', grad_fn=<DivBackward0>)
Memory status after this epoch: 
Memory allocated:  316.06640625
Memory cached:  638.0
	 epoch  80 training error:  tensor(0.9934, device='cuda:0', grad_fn=<DivBackward0>)
	 epoch  80 test error:  tensor(0.1905, device='cuda:0', grad_fn=<DivBackward0>)
Memory status after this epoch: 
Memory allocated:  314.94140625
Memory cached:  640.0
	 epoch  90 training error:  tensor(0.9934, device='cuda:0', grad_fn=<DivBackward0>)
	 epoch  90 test error:  tensor(0.1905, device='cuda:0', grad_fn=<DivBackward0>)
Memory status after this epoch: 
Memory allocated:  316.06640625
Memory cached:  640.0
[I 2023-11-17 17:20:51,503] Trial 48 finished with value: 0.19053058326244354 and parameters: {'W_layers': 2, 'W_layer_units_exponent_0': 5, 'W_layer_units_exponent_1': 9, 'D_layers': 8, 'D_layer_units_exponent_0': 7, 'D_layer_units_exponent_1': 10, 'D_layer_units_exponent_2': 4, 'D_layer_units_exponent_3': 9, 'D_layer_units_exponent_4': 6, 'D_layer_units_exponent_5': 9, 'D_layer_units_exponent_6': 7, 'D_layer_units_exponent_7': 8, 'log_learning_rate': -2.8502905367496627, 'log_learning_rate_D': -2.3610461187783107, 'training_batch_size': 11, 'training_p': 2}. Best is trial 27 with value: 0.1900663673877716.
Time for this trial:  163.67953991889954
Memory status after this trial: 
Memory allocated:  619.6279296875
Memory cached:  638.0
--------------------  Trial  49   --------------------
Start timing: 
Parameters: 
{'W_layers': 3, 'W_layer_units_exponent_0': 5, 'W_layer_units_exponent_1': 9, 'W_layer_units_exponent_2': 6, 'D_layers': 8, 'D_layer_units_exponent_0': 8, 'D_layer_units_exponent_1': 10, 'D_layer_units_exponent_2': 4, 'D_layer_units_exponent_3': 10, 'D_layer_units_exponent_4': 6, 'D_layer_units_exponent_5': 10, 'D_layer_units_exponent_6': 7, 'D_layer_units_exponent_7': 8, 'log_learning_rate': -2.9170359693663044, 'log_learning_rate_D': -2.129127271442965, 'training_batch_size': 9, 'training_p': 3}
	 epoch  0 training error:  tensor(1.0033, device='cuda:0', grad_fn=<DivBackward0>)
	 epoch  0 test error:  tensor(0.1933, device='cuda:0', grad_fn=<DivBackward0>)
Memory status after this epoch: 
Memory allocated:  385.0625
Memory cached:  488.0
	 epoch  10 training error:  tensor(0.9941, device='cuda:0', grad_fn=<DivBackward0>)
	 epoch  10 test error:  tensor(0.1917, device='cuda:0', grad_fn=<DivBackward0>)
Memory status after this epoch: 
Memory allocated:  383.9375
Memory cached:  770.0
	 epoch  20 training error:  tensor(0.9931, device='cuda:0', grad_fn=<DivBackward0>)
	 epoch  20 test error:  tensor(0.1915, device='cuda:0', grad_fn=<DivBackward0>)
Memory status after this epoch: 
Memory allocated:  385.0625
Memory cached:  770.0
	 epoch  30 training error:  tensor(0.9932, device='cuda:0', grad_fn=<DivBackward0>)
	 epoch  30 test error:  tensor(0.1914, device='cuda:0', grad_fn=<DivBackward0>)
Memory status after this epoch: 
Memory allocated:  383.9375
Memory cached:  770.0
	 epoch  40 training error:  tensor(0.9931, device='cuda:0', grad_fn=<DivBackward0>)
	 epoch  40 test error:  tensor(0.1914, device='cuda:0', grad_fn=<DivBackward0>)
Memory status after this epoch: 
Memory allocated:  385.0625
Memory cached:  770.0
	 epoch  50 training error:  tensor(0.9931, device='cuda:0', grad_fn=<DivBackward0>)
	 epoch  50 test error:  tensor(0.1914, device='cuda:0', grad_fn=<DivBackward0>)
Memory status after this epoch: 
Memory allocated:  383.9375
Memory cached:  770.0
	 epoch  60 training error:  tensor(0.9930, device='cuda:0', grad_fn=<DivBackward0>)
	 epoch  60 test error:  tensor(0.1914, device='cuda:0', grad_fn=<DivBackward0>)
Memory status after this epoch: 
Memory allocated:  385.0625
Memory cached:  770.0
	 epoch  70 training error:  tensor(0.9930, device='cuda:0', grad_fn=<DivBackward0>)
	 epoch  70 test error:  tensor(0.1914, device='cuda:0', grad_fn=<DivBackward0>)
Memory status after this epoch: 
Memory allocated:  383.9375
Memory cached:  770.0
	 epoch  80 training error:  tensor(0.9930, device='cuda:0', grad_fn=<DivBackward0>)
	 epoch  80 test error:  tensor(0.1914, device='cuda:0', grad_fn=<DivBackward0>)
Memory status after this epoch: 
Memory allocated:  385.0625
Memory cached:  770.0
	 epoch  90 training error:  tensor(0.9930, device='cuda:0', grad_fn=<DivBackward0>)
	 epoch  90 test error:  tensor(0.1914, device='cuda:0', grad_fn=<DivBackward0>)
Memory status after this epoch: 
Memory allocated:  383.9375
Memory cached:  770.0
[I 2023-11-17 17:23:51,414] Trial 49 finished with value: 0.19144348800182343 and parameters: {'W_layers': 3, 'W_layer_units_exponent_0': 5, 'W_layer_units_exponent_1': 9, 'W_layer_units_exponent_2': 6, 'D_layers': 8, 'D_layer_units_exponent_0': 8, 'D_layer_units_exponent_1': 10, 'D_layer_units_exponent_2': 4, 'D_layer_units_exponent_3': 10, 'D_layer_units_exponent_4': 6, 'D_layer_units_exponent_5': 10, 'D_layer_units_exponent_6': 7, 'D_layer_units_exponent_7': 8, 'log_learning_rate': -2.9170359693663044, 'log_learning_rate_D': -2.129127271442965, 'training_batch_size': 9, 'training_p': 3}. Best is trial 27 with value: 0.1900663673877716.
Time for this trial:  179.6472020149231
Memory status after this trial: 
Memory allocated:  750.615234375
Memory cached:  770.0
