[I 2023-11-16 14:23:34,244] Trial 41 finished with value: 0.007505680900067091 and parameters: {'W_layers': 8, 'W_layer_units_exponent_0': 7, 'W_layer_units_exponent_1': 9, 'W_layer_units_exponent_2': 10, 'W_layer_units_exponent_3': 5, 'W_layer_units_exponent_4': 6, 'W_layer_units_exponent_5': 5, 'W_layer_units_exponent_6': 5, 'W_layer_units_exponent_7': 7, 'D_layers': 8, 'D_layer_units_exponent_0': 5, 'D_layer_units_exponent_1': 6, 'D_layer_units_exponent_2': 5, 'D_layer_units_exponent_3': 7, 'D_layer_units_exponent_4': 6, 'D_layer_units_exponent_5': 9, 'D_layer_units_exponent_6': 7, 'D_layer_units_exponent_7': 6, 'log_learning_rate': -3.1941223190529975, 'log_learning_rate_D': -4.724549876115754, 'training_batch_size': 10, 'training_p': 6}. Best is trial 30 with value: 0.007359908428043127.
Time for this trial:  204.3378472328186
Memory status after this trial: 
Memory allocated:  451.73486328125
Memory cached:  470.0
--------------------  Trial  42   --------------------
Start timing: 
Parameters: 
{'W_layers': 7, 'W_layer_units_exponent_0': 6, 'W_layer_units_exponent_1': 8, 'W_layer_units_exponent_2': 8, 'W_layer_units_exponent_3': 4, 'W_layer_units_exponent_4': 4, 'W_layer_units_exponent_5': 7, 'W_layer_units_exponent_6': 8, 'D_layers': 7, 'D_layer_units_exponent_0': 6, 'D_layer_units_exponent_1': 5, 'D_layer_units_exponent_2': 6, 'D_layer_units_exponent_3': 8, 'D_layer_units_exponent_4': 7, 'D_layer_units_exponent_5': 9, 'D_layer_units_exponent_6': 7, 'log_learning_rate': -4.293194528040498, 'log_learning_rate_D': -4.261387622876281, 'training_batch_size': 12, 'training_p': 6}
	 epoch  0 training error:  tensor(0.9746, device='cuda:0', grad_fn=<DivBackward0>)
	 epoch  0 test error:  tensor(0.0367, device='cuda:0', grad_fn=<DivBackward0>)
Memory status after this epoch: 
Memory allocated:  185.56884765625
Memory cached:  226.0
	 epoch  10 training error:  tensor(0.4665, device='cuda:0', grad_fn=<DivBackward0>)
	 epoch  10 test error:  tensor(0.0118, device='cuda:0', grad_fn=<DivBackward0>)
Memory status after this epoch: 
Memory allocated:  186.31884765625
Memory cached:  384.0
	 epoch  20 training error:  tensor(0.3815, device='cuda:0', grad_fn=<DivBackward0>)
	 epoch  20 test error:  tensor(0.0105, device='cuda:0', grad_fn=<DivBackward0>)
Memory status after this epoch: 
Memory allocated:  185.56884765625
Memory cached:  384.0
	 epoch  30 training error:  tensor(0.3436, device='cuda:0', grad_fn=<DivBackward0>)
	 epoch  30 test error:  tensor(0.0073, device='cuda:0', grad_fn=<DivBackward0>)
Memory status after this epoch: 
Memory allocated:  186.31884765625
Memory cached:  384.0
	 epoch  40 training error:  tensor(0.3377, device='cuda:0', grad_fn=<DivBackward0>)
	 epoch  40 test error:  tensor(0.0075, device='cuda:0', grad_fn=<DivBackward0>)
Memory status after this epoch: 
Memory allocated:  185.56884765625
Memory cached:  384.0
	 epoch  50 training error:  tensor(0.3377, device='cuda:0', grad_fn=<DivBackward0>)
	 epoch  50 test error:  tensor(0.0079, device='cuda:0', grad_fn=<DivBackward0>)
Memory status after this epoch: 
Memory allocated:  186.31884765625
Memory cached:  384.0
	 epoch  60 training error:  tensor(0.3378, device='cuda:0', grad_fn=<DivBackward0>)
	 epoch  60 test error:  tensor(0.0074, device='cuda:0', grad_fn=<DivBackward0>)
Memory status after this epoch: 
Memory allocated:  185.56884765625
Memory cached:  384.0
	 epoch  70 training error:  tensor(0.3369, device='cuda:0', grad_fn=<DivBackward0>)
	 epoch  70 test error:  tensor(0.0076, device='cuda:0', grad_fn=<DivBackward0>)
Memory status after this epoch: 
Memory allocated:  186.31884765625
Memory cached:  384.0
	 epoch  80 training error:  tensor(0.3356, device='cuda:0', grad_fn=<DivBackward0>)
	 epoch  80 test error:  tensor(0.0076, device='cuda:0', grad_fn=<DivBackward0>)
Memory status after this epoch: 
Memory allocated:  185.56884765625
Memory cached:  384.0
	 epoch  90 training error:  tensor(0.3322, device='cuda:0', grad_fn=<DivBackward0>)
	 epoch  90 test error:  tensor(0.0074, device='cuda:0', grad_fn=<DivBackward0>)
Memory status after this epoch: 
Memory allocated:  186.31884765625
Memory cached:  384.0
[I 2023-11-16 14:26:39,721] Trial 42 finished with value: 0.007453308440744877 and parameters: {'W_layers': 7, 'W_layer_units_exponent_0': 6, 'W_layer_units_exponent_1': 8, 'W_layer_units_exponent_2': 8, 'W_layer_units_exponent_3': 4, 'W_layer_units_exponent_4': 4, 'W_layer_units_exponent_5': 7, 'W_layer_units_exponent_6': 8, 'D_layers': 7, 'D_layer_units_exponent_0': 6, 'D_layer_units_exponent_1': 5, 'D_layer_units_exponent_2': 6, 'D_layer_units_exponent_3': 8, 'D_layer_units_exponent_4': 7, 'D_layer_units_exponent_5': 9, 'D_layer_units_exponent_6': 7, 'log_learning_rate': -4.293194528040498, 'log_learning_rate_D': -4.261387622876281, 'training_batch_size': 12, 'training_p': 6}. Best is trial 30 with value: 0.007359908428043127.
Time for this trial:  185.1577091217041
Memory status after this trial: 
Memory allocated:  363.55029296875
Memory cached:  386.0
--------------------  Trial  43   --------------------
Start timing: 
Parameters: 
{'W_layers': 5, 'W_layer_units_exponent_0': 6, 'W_layer_units_exponent_1': 9, 'W_layer_units_exponent_2': 9, 'W_layer_units_exponent_3': 6, 'W_layer_units_exponent_4': 5, 'D_layers': 8, 'D_layer_units_exponent_0': 5, 'D_layer_units_exponent_1': 7, 'D_layer_units_exponent_2': 6, 'D_layer_units_exponent_3': 7, 'D_layer_units_exponent_4': 6, 'D_layer_units_exponent_5': 4, 'D_layer_units_exponent_6': 9, 'D_layer_units_exponent_7': 9, 'log_learning_rate': -3.494383396355794, 'log_learning_rate_D': -4.485158700722333, 'training_batch_size': 11, 'training_p': 8}
	 epoch  0 training error:  tensor(0.7101, device='cuda:0', grad_fn=<DivBackward0>)
	 epoch  0 test error:  tensor(0.2189, device='cuda:0', grad_fn=<DivBackward0>)
Memory status after this epoch: 
Memory allocated:  215.7421875
Memory cached:  274.0
	 epoch  10 training error:  tensor(1.6328, device='cuda:0', grad_fn=<DivBackward0>)
	 epoch  10 test error:  tensor(0.0762, device='cuda:0', grad_fn=<DivBackward0>)
Memory status after this epoch: 
Memory allocated:  214.9921875
Memory cached:  438.0
	 epoch  20 training error:  tensor(0.3762, device='cuda:0', grad_fn=<DivBackward0>)
	 epoch  20 test error:  tensor(0.0175, device='cuda:0', grad_fn=<DivBackward0>)
Memory status after this epoch: 
Memory allocated:  215.7421875
Memory cached:  438.0
	 epoch  30 training error:  tensor(0.5611, device='cuda:0', grad_fn=<DivBackward0>)
	 epoch  30 test error:  tensor(0.0137, device='cuda:0', grad_fn=<DivBackward0>)
Memory status after this epoch: 
Memory allocated:  214.9921875
Memory cached:  438.0
	 epoch  40 training error:  tensor(0.4458, device='cuda:0', grad_fn=<DivBackward0>)
	 epoch  40 test error:  tensor(0.0107, device='cuda:0', grad_fn=<DivBackward0>)
Memory status after this epoch: 
Memory allocated:  215.7421875
Memory cached:  438.0
	 epoch  50 training error:  tensor(0.3757, device='cuda:0', grad_fn=<DivBackward0>)
	 epoch  50 test error:  tensor(0.0075, device='cuda:0', grad_fn=<DivBackward0>)
Memory status after this epoch: 
Memory allocated:  214.9921875
Memory cached:  438.0
	 epoch  60 training error:  tensor(0.3669, device='cuda:0', grad_fn=<DivBackward0>)
	 epoch  60 test error:  tensor(0.0071, device='cuda:0', grad_fn=<DivBackward0>)
Memory status after this epoch: 
Memory allocated:  215.7421875
Memory cached:  438.0
	 epoch  70 training error:  tensor(0.3648, device='cuda:0', grad_fn=<DivBackward0>)
	 epoch  70 test error:  tensor(0.0074, device='cuda:0', grad_fn=<DivBackward0>)
Memory status after this epoch: 
Memory allocated:  214.9921875
Memory cached:  438.0
	 epoch  80 training error:  tensor(0.3631, device='cuda:0', grad_fn=<DivBackward0>)
	 epoch  80 test error:  tensor(0.0078, device='cuda:0', grad_fn=<DivBackward0>)
Memory status after this epoch: 
Memory allocated:  215.7421875
Memory cached:  438.0
	 epoch  90 training error:  tensor(0.3623, device='cuda:0', grad_fn=<DivBackward0>)
	 epoch  90 test error:  tensor(0.0074, device='cuda:0', grad_fn=<DivBackward0>)
Memory status after this epoch: 
Memory allocated:  214.9921875
Memory cached:  438.0
[I 2023-11-16 14:29:41,713] Trial 43 finished with value: 0.0073826732113957405 and parameters: {'W_layers': 5, 'W_layer_units_exponent_0': 6, 'W_layer_units_exponent_1': 9, 'W_layer_units_exponent_2': 9, 'W_layer_units_exponent_3': 6, 'W_layer_units_exponent_4': 5, 'D_layers': 8, 'D_layer_units_exponent_0': 5, 'D_layer_units_exponent_1': 7, 'D_layer_units_exponent_2': 6, 'D_layer_units_exponent_3': 7, 'D_layer_units_exponent_4': 6, 'D_layer_units_exponent_5': 4, 'D_layer_units_exponent_6': 9, 'D_layer_units_exponent_7': 9, 'log_learning_rate': -3.494383396355794, 'log_learning_rate_D': -4.485158700722333, 'training_batch_size': 11, 'training_p': 8}. Best is trial 30 with value: 0.007359908428043127.
Time for this trial:  181.69380736351013
Memory status after this trial: 
Memory allocated:  414.95556640625
Memory cached:  438.0
--------------------  Trial  44   --------------------
Start timing: 
Parameters: 
{'W_layers': 5, 'W_layer_units_exponent_0': 6, 'W_layer_units_exponent_1': 8, 'W_layer_units_exponent_2': 9, 'W_layer_units_exponent_3': 6, 'W_layer_units_exponent_4': 5, 'D_layers': 8, 'D_layer_units_exponent_0': 4, 'D_layer_units_exponent_1': 4, 'D_layer_units_exponent_2': 4, 'D_layer_units_exponent_3': 7, 'D_layer_units_exponent_4': 6, 'D_layer_units_exponent_5': 5, 'D_layer_units_exponent_6': 8, 'D_layer_units_exponent_7': 9, 'log_learning_rate': -3.552493889934269, 'log_learning_rate_D': -4.544207267231988, 'training_batch_size': 11, 'training_p': 8}
	 epoch  0 training error:  tensor(1.3314, device='cuda:0', grad_fn=<DivBackward0>)
	 epoch  0 test error:  tensor(0.0747, device='cuda:0', grad_fn=<DivBackward0>)
Memory status after this epoch: 
Memory allocated:  175.1484375
Memory cached:  214.0
	 epoch  10 training error:  tensor(0.8348, device='cuda:0', grad_fn=<DivBackward0>)
	 epoch  10 test error:  tensor(0.0238, device='cuda:0', grad_fn=<DivBackward0>)
Memory status after this epoch: 
Memory allocated:  175.8984375
Memory cached:  362.0
	 epoch  20 training error:  tensor(0.6187, device='cuda:0', grad_fn=<DivBackward0>)
	 epoch  20 test error:  tensor(0.0116, device='cuda:0', grad_fn=<DivBackward0>)
Memory status after this epoch: 
Memory allocated:  175.1484375
Memory cached:  362.0
	 epoch  30 training error:  tensor(0.3682, device='cuda:0', grad_fn=<DivBackward0>)
	 epoch  30 test error:  tensor(0.0121, device='cuda:0', grad_fn=<DivBackward0>)
Memory status after this epoch: 
Memory allocated:  175.8984375
Memory cached:  362.0
	 epoch  40 training error:  tensor(0.3629, device='cuda:0', grad_fn=<DivBackward0>)
	 epoch  40 test error:  tensor(0.0077, device='cuda:0', grad_fn=<DivBackward0>)
Memory status after this epoch: 
Memory allocated:  175.1484375
Memory cached:  362.0
	 epoch  50 training error:  tensor(0.3687, device='cuda:0', grad_fn=<DivBackward0>)
	 epoch  50 test error:  tensor(0.0083, device='cuda:0', grad_fn=<DivBackward0>)
Memory status after this epoch: 
Memory allocated:  175.8984375
Memory cached:  362.0
	 epoch  60 training error:  tensor(0.3651, device='cuda:0', grad_fn=<DivBackward0>)
	 epoch  60 test error:  tensor(0.0075, device='cuda:0', grad_fn=<DivBackward0>)
Memory status after this epoch: 
Memory allocated:  175.1484375
Memory cached:  362.0
	 epoch  70 training error:  tensor(0.3628, device='cuda:0', grad_fn=<DivBackward0>)
	 epoch  70 test error:  tensor(0.0073, device='cuda:0', grad_fn=<DivBackward0>)
Memory status after this epoch: 
Memory allocated:  175.8984375
Memory cached:  362.0
	 epoch  80 training error:  tensor(0.3625, device='cuda:0', grad_fn=<DivBackward0>)
	 epoch  80 test error:  tensor(0.0074, device='cuda:0', grad_fn=<DivBackward0>)
Memory status after this epoch: 
Memory allocated:  175.1484375
Memory cached:  362.0
	 epoch  90 training error:  tensor(0.3623, device='cuda:0', grad_fn=<DivBackward0>)
	 epoch  90 test error:  tensor(0.0075, device='cuda:0', grad_fn=<DivBackward0>)
Memory status after this epoch: 
Memory allocated:  175.8984375
Memory cached:  364.0
[I 2023-11-16 14:32:38,879] Trial 44 finished with value: 0.007532862480729818 and parameters: {'W_layers': 5, 'W_layer_units_exponent_0': 6, 'W_layer_units_exponent_1': 8, 'W_layer_units_exponent_2': 9, 'W_layer_units_exponent_3': 6, 'W_layer_units_exponent_4': 5, 'D_layers': 8, 'D_layer_units_exponent_0': 4, 'D_layer_units_exponent_1': 4, 'D_layer_units_exponent_2': 4, 'D_layer_units_exponent_3': 7, 'D_layer_units_exponent_4': 6, 'D_layer_units_exponent_5': 5, 'D_layer_units_exponent_6': 8, 'D_layer_units_exponent_7': 9, 'log_learning_rate': -3.552493889934269, 'log_learning_rate_D': -4.544207267231988, 'training_batch_size': 11, 'training_p': 8}. Best is trial 30 with value: 0.007359908428043127.
Time for this trial:  176.8676562309265
Memory status after this trial: 
Memory allocated:  342.04150390625
Memory cached:  362.0
--------------------  Trial  45   --------------------
Start timing: 
Parameters: 
{'W_layers': 5, 'W_layer_units_exponent_0': 6, 'W_layer_units_exponent_1': 9, 'W_layer_units_exponent_2': 9, 'W_layer_units_exponent_3': 7, 'W_layer_units_exponent_4': 5, 'D_layers': 8, 'D_layer_units_exponent_0': 5, 'D_layer_units_exponent_1': 6, 'D_layer_units_exponent_2': 6, 'D_layer_units_exponent_3': 6, 'D_layer_units_exponent_4': 5, 'D_layer_units_exponent_5': 4, 'D_layer_units_exponent_6': 9, 'D_layer_units_exponent_7': 8, 'log_learning_rate': -3.3262084866175554, 'log_learning_rate_D': -4.856643665508708, 'training_batch_size': 10, 'training_p': 7}
	 epoch  0 training error:  tensor(0.7636, device='cuda:0', grad_fn=<DivBackward0>)
	 epoch  0 test error:  tensor(0.3701, device='cuda:0', grad_fn=<DivBackward0>)
Memory status after this epoch: 
Memory allocated:  195.43115234375
Memory cached:  254.0
	 epoch  10 training error:  tensor(1.1736, device='cuda:0', grad_fn=<DivBackward0>)
	 epoch  10 test error:  tensor(0.0510, device='cuda:0', grad_fn=<DivBackward0>)
Memory status after this epoch: 
Memory allocated:  194.68115234375
Memory cached:  398.0
	 epoch  20 training error:  tensor(0.4522, device='cuda:0', grad_fn=<DivBackward0>)
	 epoch  20 test error:  tensor(0.0075, device='cuda:0', grad_fn=<DivBackward0>)
Memory status after this epoch: 
Memory allocated:  195.43115234375
Memory cached:  398.0
	 epoch  30 training error:  tensor(0.4495, device='cuda:0', grad_fn=<DivBackward0>)
	 epoch  30 test error:  tensor(0.0134, device='cuda:0', grad_fn=<DivBackward0>)
Memory status after this epoch: 
Memory allocated:  194.68115234375
Memory cached:  398.0
	 epoch  40 training error:  tensor(0.3614, device='cuda:0', grad_fn=<DivBackward0>)
	 epoch  40 test error:  tensor(0.0098, device='cuda:0', grad_fn=<DivBackward0>)
Memory status after this epoch: 
Memory allocated:  195.43115234375
Memory cached:  398.0
	 epoch  50 training error:  tensor(0.3522, device='cuda:0', grad_fn=<DivBackward0>)
	 epoch  50 test error:  tensor(0.0080, device='cuda:0', grad_fn=<DivBackward0>)
Memory status after this epoch: 
Memory allocated:  194.68115234375
Memory cached:  398.0
	 epoch  60 training error:  tensor(0.3546, device='cuda:0', grad_fn=<DivBackward0>)
	 epoch  60 test error:  tensor(0.0074, device='cuda:0', grad_fn=<DivBackward0>)
Memory status after this epoch: 
Memory allocated:  195.43115234375
Memory cached:  400.0
	 epoch  70 training error:  tensor(0.3534, device='cuda:0', grad_fn=<DivBackward0>)
	 epoch  70 test error:  tensor(0.0073, device='cuda:0', grad_fn=<DivBackward0>)
Memory status after this epoch: 
Memory allocated:  194.68115234375
Memory cached:  400.0
	 epoch  80 training error:  tensor(0.3524, device='cuda:0', grad_fn=<DivBackward0>)
	 epoch  80 test error:  tensor(0.0074, device='cuda:0', grad_fn=<DivBackward0>)
Memory status after this epoch: 
Memory allocated:  195.43115234375
Memory cached:  398.0
	 epoch  90 training error:  tensor(0.3520, device='cuda:0', grad_fn=<DivBackward0>)
	 epoch  90 test error:  tensor(0.0074, device='cuda:0', grad_fn=<DivBackward0>)
Memory status after this epoch: 
Memory allocated:  194.68115234375
Memory cached:  398.0
[I 2023-11-16 14:35:38,729] Trial 45 finished with value: 0.007464310619980097 and parameters: {'W_layers': 5, 'W_layer_units_exponent_0': 6, 'W_layer_units_exponent_1': 9, 'W_layer_units_exponent_2': 9, 'W_layer_units_exponent_3': 7, 'W_layer_units_exponent_4': 5, 'D_layers': 8, 'D_layer_units_exponent_0': 5, 'D_layer_units_exponent_1': 6, 'D_layer_units_exponent_2': 6, 'D_layer_units_exponent_3': 6, 'D_layer_units_exponent_4': 5, 'D_layer_units_exponent_5': 4, 'D_layer_units_exponent_6': 9, 'D_layer_units_exponent_7': 8, 'log_learning_rate': -3.3262084866175554, 'log_learning_rate_D': -4.856643665508708, 'training_batch_size': 10, 'training_p': 7}. Best is trial 30 with value: 0.007359908428043127.
Time for this trial:  179.54463911056519
Memory status after this trial: 
Memory allocated:  376.93505859375
Memory cached:  398.0
--------------------  Trial  46   --------------------
Start timing: 
Parameters: 
{'W_layers': 5, 'W_layer_units_exponent_0': 7, 'W_layer_units_exponent_1': 8, 'W_layer_units_exponent_2': 10, 'W_layer_units_exponent_3': 5, 'W_layer_units_exponent_4': 6, 'D_layers': 8, 'D_layer_units_exponent_0': 5, 'D_layer_units_exponent_1': 7, 'D_layer_units_exponent_2': 5, 'D_layer_units_exponent_3': 7, 'D_layer_units_exponent_4': 7, 'D_layer_units_exponent_5': 6, 'D_layer_units_exponent_6': 6, 'D_layer_units_exponent_7': 8, 'log_learning_rate': -4.062072147547289, 'log_learning_rate_D': -4.342402480307555, 'training_batch_size': 11, 'training_p': 8}
	 epoch  0 training error:  tensor(1.0356, device='cuda:0', grad_fn=<DivBackward0>)
	 epoch  0 test error:  tensor(0.0074, device='cuda:0', grad_fn=<DivBackward0>)
Memory status after this epoch: 
Memory allocated:  195.2099609375
Memory cached:  234.0
	 epoch  10 training error:  tensor(0.4800, device='cuda:0', grad_fn=<DivBackward0>)
	 epoch  10 test error:  tensor(0.0134, device='cuda:0', grad_fn=<DivBackward0>)
Memory status after this epoch: 
Memory allocated:  195.9599609375
Memory cached:  402.0
	 epoch  20 training error:  tensor(0.3751, device='cuda:0', grad_fn=<DivBackward0>)
	 epoch  20 test error:  tensor(0.0089, device='cuda:0', grad_fn=<DivBackward0>)
Memory status after this epoch: 
Memory allocated:  195.2099609375
Memory cached:  402.0
	 epoch  30 training error:  tensor(0.3826, device='cuda:0', grad_fn=<DivBackward0>)
	 epoch  30 test error:  tensor(0.0079, device='cuda:0', grad_fn=<DivBackward0>)
Memory status after this epoch: 
Memory allocated:  195.9599609375
Memory cached:  402.0
	 epoch  40 training error:  tensor(0.3719, device='cuda:0', grad_fn=<DivBackward0>)
	 epoch  40 test error:  tensor(0.0074, device='cuda:0', grad_fn=<DivBackward0>)
Memory status after this epoch: 
Memory allocated:  195.2099609375
Memory cached:  402.0
	 epoch  50 training error:  tensor(0.3653, device='cuda:0', grad_fn=<DivBackward0>)
	 epoch  50 test error:  tensor(0.0075, device='cuda:0', grad_fn=<DivBackward0>)
Memory status after this epoch: 
Memory allocated:  195.9599609375
Memory cached:  404.0
	 epoch  60 training error:  tensor(0.3620, device='cuda:0', grad_fn=<DivBackward0>)
	 epoch  60 test error:  tensor(0.0077, device='cuda:0', grad_fn=<DivBackward0>)
Memory status after this epoch: 
Memory allocated:  195.2099609375
Memory cached:  404.0
	 epoch  70 training error:  tensor(0.3619, device='cuda:0', grad_fn=<DivBackward0>)
	 epoch  70 test error:  tensor(0.0073, device='cuda:0', grad_fn=<DivBackward0>)
Memory status after this epoch: 
Memory allocated:  195.9599609375
Memory cached:  406.0
	 epoch  80 training error:  tensor(0.3610, device='cuda:0', grad_fn=<DivBackward0>)
	 epoch  80 test error:  tensor(0.0074, device='cuda:0', grad_fn=<DivBackward0>)
Memory status after this epoch: 
Memory allocated:  195.2099609375
Memory cached:  402.0
	 epoch  90 training error:  tensor(0.3601, device='cuda:0', grad_fn=<DivBackward0>)
	 epoch  90 test error:  tensor(0.0074, device='cuda:0', grad_fn=<DivBackward0>)
Memory status after this epoch: 
Memory allocated:  195.9599609375
Memory cached:  402.0
