[I 2023-11-16 23:39:44,182] Trial 47 finished with value: 0.743471086025238 and parameters: {'W_layers': 3, 'W_layer_units_exponent_0': 5, 'W_layer_units_exponent_1': 8, 'W_layer_units_exponent_2': 6, 'D_layers': 2, 'D_layer_units_exponent_0': 10, 'D_layer_units_exponent_1': 8, 'D_dagger_layers': 8, 'D_dagger_layer_units_exponent_0': 4, 'D_dagger_layer_units_exponent_1': 10, 'D_dagger_layer_units_exponent_2': 5, 'D_dagger_layer_units_exponent_3': 5, 'D_dagger_layer_units_exponent_4': 8, 'D_dagger_layer_units_exponent_5': 6, 'D_dagger_layer_units_exponent_6': 10, 'D_dagger_layer_units_exponent_7': 10, 'log_learning_rate': -4.993023381954556, 'log_learning_rate_D': -2.4677786262608015, 'log_learning_rate_D_dagger': -2.0729027322789904, 'training_batch_size': 6, 'training_p': 2}. Best is trial 20 with value: 0.09674187749624252.
Time for this trial:  23.817219495773315
Memory status after this trial: 
Memory allocated:  216.5673828125
Memory cached:  250.0
--------------------  Trial  48   --------------------
Start timing: 
Parameters: 
{'W_layers': 2, 'W_layer_units_exponent_0': 6, 'W_layer_units_exponent_1': 7, 'D_layers': 4, 'D_layer_units_exponent_0': 8, 'D_layer_units_exponent_1': 8, 'D_layer_units_exponent_2': 4, 'D_layer_units_exponent_3': 9, 'D_dagger_layers': 3, 'D_dagger_layer_units_exponent_0': 6, 'D_dagger_layer_units_exponent_1': 10, 'D_dagger_layer_units_exponent_2': 10, 'log_learning_rate': -4.268248957129461, 'log_learning_rate_D': -3.009235538666285, 'log_learning_rate_D_dagger': -2.3190460124458534, 'training_batch_size': 7, 'training_p': 3}
	 epoch  0 training error:  tensor(0.9347, device='cuda:0', grad_fn=<DivBackward0>)
Memory status after this epoch: 
Memory allocated:  17.6455078125
Memory cached:  40.0
	 epoch  10 training error:  tensor(0.9071, device='cuda:0', grad_fn=<DivBackward0>)
Memory status after this epoch: 
Memory allocated:  17.6455078125
Memory cached:  40.0
	 epoch  20 training error:  tensor(0.8695, device='cuda:0', grad_fn=<DivBackward0>)
Memory status after this epoch: 
Memory allocated:  17.6455078125
Memory cached:  40.0
	 epoch  30 training error:  tensor(0.8307, device='cuda:0', grad_fn=<DivBackward0>)
Memory status after this epoch: 
Memory allocated:  17.6455078125
Memory cached:  40.0
	 epoch  40 training error:  tensor(0.7915, device='cuda:0', grad_fn=<DivBackward0>)
Memory status after this epoch: 
Memory allocated:  17.6455078125
Memory cached:  40.0
	 epoch  50 training error:  tensor(0.7519, device='cuda:0', grad_fn=<DivBackward0>)
Memory status after this epoch: 
Memory allocated:  17.6455078125
Memory cached:  40.0
	 epoch  60 training error:  tensor(0.7118, device='cuda:0', grad_fn=<DivBackward0>)
Memory status after this epoch: 
Memory allocated:  17.6455078125
Memory cached:  40.0
	 epoch  70 training error:  tensor(0.6713, device='cuda:0', grad_fn=<DivBackward0>)
Memory status after this epoch: 
Memory allocated:  17.6455078125
Memory cached:  40.0
	 epoch  80 training error:  tensor(0.6302, device='cuda:0', grad_fn=<DivBackward0>)
Memory status after this epoch: 
Memory allocated:  17.6455078125
Memory cached:  40.0
	 epoch  90 training error:  tensor(0.5884, device='cuda:0', grad_fn=<DivBackward0>)
Memory status after this epoch: 
Memory allocated:  17.6455078125
Memory cached:  40.0
[I 2023-11-16 23:40:01,599] Trial 48 finished with value: 0.538815438747406 and parameters: {'W_layers': 2, 'W_layer_units_exponent_0': 6, 'W_layer_units_exponent_1': 7, 'D_layers': 4, 'D_layer_units_exponent_0': 8, 'D_layer_units_exponent_1': 8, 'D_layer_units_exponent_2': 4, 'D_layer_units_exponent_3': 9, 'D_dagger_layers': 3, 'D_dagger_layer_units_exponent_0': 6, 'D_dagger_layer_units_exponent_1': 10, 'D_dagger_layer_units_exponent_2': 10, 'log_learning_rate': -4.268248957129461, 'log_learning_rate_D': -3.009235538666285, 'log_learning_rate_D_dagger': -2.3190460124458534, 'training_batch_size': 7, 'training_p': 3}. Best is trial 20 with value: 0.09674187749624252.
Time for this trial:  17.253811597824097
Memory status after this trial: 
Memory allocated:  132.2431640625
Memory cached:  190.0
--------------------  Trial  49   --------------------
Start timing: 
Parameters: 
{'W_layers': 4, 'W_layer_units_exponent_0': 4, 'W_layer_units_exponent_1': 7, 'W_layer_units_exponent_2': 5, 'W_layer_units_exponent_3': 4, 'D_layers': 3, 'D_layer_units_exponent_0': 9, 'D_layer_units_exponent_1': 9, 'D_layer_units_exponent_2': 9, 'D_dagger_layers': 5, 'D_dagger_layer_units_exponent_0': 5, 'D_dagger_layer_units_exponent_1': 8, 'D_dagger_layer_units_exponent_2': 4, 'D_dagger_layer_units_exponent_3': 4, 'D_dagger_layer_units_exponent_4': 6, 'log_learning_rate': -4.549724890480759, 'log_learning_rate_D': -2.758723966506385, 'log_learning_rate_D_dagger': -2.8114305599471163, 'training_batch_size': 8, 'training_p': 2}
	 epoch  0 training error:  tensor(1.0073, device='cuda:0', grad_fn=<DivBackward0>)
Memory status after this epoch: 
Memory allocated:  2.50244140625
Memory cached:  12.0
	 epoch  10 training error:  tensor(0.5364, device='cuda:0', grad_fn=<DivBackward0>)
Memory status after this epoch: 
Memory allocated:  2.50244140625
Memory cached:  14.0
	 epoch  20 training error:  tensor(0.2102, device='cuda:0', grad_fn=<DivBackward0>)
Memory status after this epoch: 
Memory allocated:  2.50244140625
Memory cached:  14.0
	 epoch  30 training error:  tensor(0.1075, device='cuda:0', grad_fn=<DivBackward0>)
Memory status after this epoch: 
Memory allocated:  2.50244140625
Memory cached:  14.0
	 epoch  40 training error:  tensor(0.0993, device='cuda:0', grad_fn=<DivBackward0>)
Memory status after this epoch: 
Memory allocated:  2.50244140625
Memory cached:  14.0
	 epoch  50 training error:  tensor(0.0943, device='cuda:0', grad_fn=<DivBackward0>)
Memory status after this epoch: 
Memory allocated:  2.50244140625
Memory cached:  14.0
	 epoch  60 training error:  tensor(0.0941, device='cuda:0', grad_fn=<DivBackward0>)
Memory status after this epoch: 
Memory allocated:  2.50244140625
Memory cached:  14.0
	 epoch  70 training error:  tensor(0.0942, device='cuda:0', grad_fn=<DivBackward0>)
Memory status after this epoch: 
Memory allocated:  2.50244140625
Memory cached:  14.0
	 epoch  80 training error:  tensor(0.0940, device='cuda:0', grad_fn=<DivBackward0>)
Memory status after this epoch: 
Memory allocated:  2.50244140625
Memory cached:  14.0
	 epoch  90 training error:  tensor(0.0940, device='cuda:0', grad_fn=<DivBackward0>)
Memory status after this epoch: 
Memory allocated:  2.50244140625
Memory cached:  14.0
[I 2023-11-16 23:40:18,489] Trial 49 finished with value: 0.09674400091171265 and parameters: {'W_layers': 4, 'W_layer_units_exponent_0': 4, 'W_layer_units_exponent_1': 7, 'W_layer_units_exponent_2': 5, 'W_layer_units_exponent_3': 4, 'D_layers': 3, 'D_layer_units_exponent_0': 9, 'D_layer_units_exponent_1': 9, 'D_layer_units_exponent_2': 9, 'D_dagger_layers': 5, 'D_dagger_layer_units_exponent_0': 5, 'D_dagger_layer_units_exponent_1': 8, 'D_dagger_layer_units_exponent_2': 4, 'D_dagger_layer_units_exponent_3': 4, 'D_dagger_layer_units_exponent_4': 6, 'log_learning_rate': -4.549724890480759, 'log_learning_rate_D': -2.758723966506385, 'log_learning_rate_D_dagger': -2.8114305599471163, 'training_batch_size': 8, 'training_p': 2}. Best is trial 20 with value: 0.09674187749624252.
[I 2023-11-16 23:40:18,512] A new study created in memory with name: no-name-6dda2a4b-6a03-430f-b88b-b9f88fa9716e
Time for this trial:  16.709315061569214
Memory status after this trial: 
Memory allocated:  31.1591796875
Memory cached:  42.0
--------------------  Trial  0   --------------------
Start timing: 
Parameters: 
{'W_layers': 6, 'W_layer_units_exponent_0': 6, 'W_layer_units_exponent_1': 10, 'W_layer_units_exponent_2': 10, 'W_layer_units_exponent_3': 8, 'W_layer_units_exponent_4': 4, 'W_layer_units_exponent_5': 8, 'D_layers': 5, 'D_layer_units_exponent_0': 10, 'D_layer_units_exponent_1': 8, 'D_layer_units_exponent_2': 7, 'D_layer_units_exponent_3': 7, 'D_layer_units_exponent_4': 4, 'log_learning_rate': -2.9394266288484627, 'log_learning_rate_D': -3.9996369369728484, 'training_batch_size': 6, 'training_p': 6}
	 epoch  0 training error:  tensor(1.2958, device='cuda:0', grad_fn=<DivBackward0>)
	 epoch  0 test error:  tensor(0.0975, device='cuda:0', grad_fn=<DivBackward0>)
Memory status after this epoch: 
Memory allocated:  284.2001953125
Memory cached:  334.0
	 epoch  10 training error:  tensor(0.9731, device='cuda:0', grad_fn=<DivBackward0>)
	 epoch  10 test error:  tensor(0.0974, device='cuda:0', grad_fn=<DivBackward0>)
Memory status after this epoch: 
Memory allocated:  283.5439453125
Memory cached:  576.0
	 epoch  20 training error:  tensor(0.9598, device='cuda:0', grad_fn=<DivBackward0>)
	 epoch  20 test error:  tensor(0.0974, device='cuda:0', grad_fn=<DivBackward0>)
Memory status after this epoch: 
Memory allocated:  284.6689453125
Memory cached:  576.0
	 epoch  30 training error:  tensor(0.9665, device='cuda:0', grad_fn=<DivBackward0>)
	 epoch  30 test error:  tensor(0.0978, device='cuda:0', grad_fn=<DivBackward0>)
Memory status after this epoch: 
Memory allocated:  283.5439453125
Memory cached:  576.0
	 epoch  40 training error:  tensor(0.9624, device='cuda:0', grad_fn=<DivBackward0>)
	 epoch  40 test error:  tensor(0.0973, device='cuda:0', grad_fn=<DivBackward0>)
Memory status after this epoch: 
Memory allocated:  284.2001953125
Memory cached:  576.0
	 epoch  50 training error:  tensor(0.9621, device='cuda:0', grad_fn=<DivBackward0>)
	 epoch  50 test error:  tensor(0.0972, device='cuda:0', grad_fn=<DivBackward0>)
Memory status after this epoch: 
Memory allocated:  284.0126953125
Memory cached:  576.0
	 epoch  60 training error:  tensor(0.9676, device='cuda:0', grad_fn=<DivBackward0>)
	 epoch  60 test error:  tensor(0.0981, device='cuda:0', grad_fn=<DivBackward0>)
Memory status after this epoch: 
Memory allocated:  284.2001953125
Memory cached:  576.0
	 epoch  70 training error:  tensor(0.9582, device='cuda:0', grad_fn=<DivBackward0>)
	 epoch  70 test error:  tensor(0.0975, device='cuda:0', grad_fn=<DivBackward0>)
Memory status after this epoch: 
Memory allocated:  284.0126953125
Memory cached:  576.0
	 epoch  80 training error:  tensor(0.9493, device='cuda:0', grad_fn=<DivBackward0>)
	 epoch  80 test error:  tensor(0.0982, device='cuda:0', grad_fn=<DivBackward0>)
Memory status after this epoch: 
Memory allocated:  284.2001953125
Memory cached:  576.0
	 epoch  90 training error:  tensor(0.9558, device='cuda:0', grad_fn=<DivBackward0>)
	 epoch  90 test error:  tensor(0.0979, device='cuda:0', grad_fn=<DivBackward0>)
Memory status after this epoch: 
Memory allocated:  284.0126953125
Memory cached:  576.0
[I 2023-11-16 23:45:13,533] Trial 0 finished with value: 0.09901046007871628 and parameters: {'W_layers': 6, 'W_layer_units_exponent_0': 6, 'W_layer_units_exponent_1': 10, 'W_layer_units_exponent_2': 10, 'W_layer_units_exponent_3': 8, 'W_layer_units_exponent_4': 4, 'W_layer_units_exponent_5': 8, 'D_layers': 5, 'D_layer_units_exponent_0': 10, 'D_layer_units_exponent_1': 8, 'D_layer_units_exponent_2': 7, 'D_layer_units_exponent_3': 7, 'D_layer_units_exponent_4': 4, 'log_learning_rate': -2.9394266288484627, 'log_learning_rate_D': -3.9996369369728484, 'training_batch_size': 6, 'training_p': 6}. Best is trial 0 with value: 0.09901046007871628.
Time for this trial:  294.88119888305664
Memory status after this trial: 
Memory allocated:  526.5458984375
Memory cached:  576.0
--------------------  Trial  1   --------------------
Start timing: 
Parameters: 
{'W_layers': 4, 'W_layer_units_exponent_0': 10, 'W_layer_units_exponent_1': 4, 'W_layer_units_exponent_2': 5, 'W_layer_units_exponent_3': 10, 'D_layers': 5, 'D_layer_units_exponent_0': 7, 'D_layer_units_exponent_1': 9, 'D_layer_units_exponent_2': 10, 'D_layer_units_exponent_3': 9, 'D_layer_units_exponent_4': 6, 'log_learning_rate': -3.8955538699178893, 'log_learning_rate_D': -1.4993156552531124, 'training_batch_size': 6, 'training_p': 3}
	 epoch  0 training error:  tensor(1.0085, device='cuda:0', grad_fn=<DivBackward0>)
	 epoch  0 test error:  tensor(0.1008, device='cuda:0', grad_fn=<DivBackward0>)
Memory status after this epoch: 
Memory allocated:  283.07861328125
Memory cached:  314.0
	 epoch  10 training error:  tensor(0.9586, device='cuda:0', grad_fn=<DivBackward0>)
	 epoch  10 test error:  tensor(0.0992, device='cuda:0', grad_fn=<DivBackward0>)
Memory status after this epoch: 
Memory allocated:  283.31298828125
Memory cached:  562.0
	 epoch  20 training error:  tensor(0.9713, device='cuda:0', grad_fn=<DivBackward0>)
	 epoch  20 test error:  tensor(0.0989, device='cuda:0', grad_fn=<DivBackward0>)
Memory status after this epoch: 
Memory allocated:  283.07861328125
Memory cached:  562.0
	 epoch  30 training error:  tensor(0.9527, device='cuda:0', grad_fn=<DivBackward0>)
	 epoch  30 test error:  tensor(0.0976, device='cuda:0', grad_fn=<DivBackward0>)
Memory status after this epoch: 
Memory allocated:  283.31298828125
Memory cached:  562.0
	 epoch  40 training error:  tensor(0.9621, device='cuda:0', grad_fn=<DivBackward0>)
	 epoch  40 test error:  tensor(0.0977, device='cuda:0', grad_fn=<DivBackward0>)
Memory status after this epoch: 
Memory allocated:  283.07861328125
Memory cached:  562.0
	 epoch  50 training error:  tensor(0.9632, device='cuda:0', grad_fn=<DivBackward0>)
	 epoch  50 test error:  tensor(0.0990, device='cuda:0', grad_fn=<DivBackward0>)
Memory status after this epoch: 
Memory allocated:  283.31298828125
Memory cached:  562.0
	 epoch  60 training error:  tensor(0.9545, device='cuda:0', grad_fn=<DivBackward0>)
	 epoch  60 test error:  tensor(0.0981, device='cuda:0', grad_fn=<DivBackward0>)
Memory status after this epoch: 
Memory allocated:  283.07861328125
Memory cached:  562.0
	 epoch  70 training error:  tensor(0.9516, device='cuda:0', grad_fn=<DivBackward0>)
	 epoch  70 test error:  tensor(0.0979, device='cuda:0', grad_fn=<DivBackward0>)
Memory status after this epoch: 
Memory allocated:  283.31298828125
Memory cached:  562.0
	 epoch  80 training error:  tensor(0.9542, device='cuda:0', grad_fn=<DivBackward0>)
	 epoch  80 test error:  tensor(0.0980, device='cuda:0', grad_fn=<DivBackward0>)
Memory status after this epoch: 
Memory allocated:  283.07861328125
Memory cached:  562.0
	 epoch  90 training error:  tensor(0.9527, device='cuda:0', grad_fn=<DivBackward0>)
	 epoch  90 test error:  tensor(0.0981, device='cuda:0', grad_fn=<DivBackward0>)
Memory status after this epoch: 
Memory allocated:  283.31298828125
Memory cached:  562.0
[I 2023-11-16 23:49:36,557] Trial 1 finished with value: 0.0981932282447815 and parameters: {'W_layers': 4, 'W_layer_units_exponent_0': 10, 'W_layer_units_exponent_1': 4, 'W_layer_units_exponent_2': 5, 'W_layer_units_exponent_3': 10, 'D_layers': 5, 'D_layer_units_exponent_0': 7, 'D_layer_units_exponent_1': 9, 'D_layer_units_exponent_2': 10, 'D_layer_units_exponent_3': 9, 'D_layer_units_exponent_4': 6, 'log_learning_rate': -3.8955538699178893, 'log_learning_rate_D': -1.4993156552531124, 'training_batch_size': 6, 'training_p': 3}. Best is trial 1 with value: 0.0981932282447815.
Time for this trial:  262.8384394645691
Memory status after this trial: 
Memory allocated:  535.8720703125
Memory cached:  562.0
--------------------  Trial  2   --------------------
Start timing: 
Parameters: 
{'W_layers': 6, 'W_layer_units_exponent_0': 8, 'W_layer_units_exponent_1': 9, 'W_layer_units_exponent_2': 10, 'W_layer_units_exponent_3': 9, 'W_layer_units_exponent_4': 9, 'W_layer_units_exponent_5': 9, 'D_layers': 8, 'D_layer_units_exponent_0': 8, 'D_layer_units_exponent_1': 9, 'D_layer_units_exponent_2': 6, 'D_layer_units_exponent_3': 5, 'D_layer_units_exponent_4': 5, 'D_layer_units_exponent_5': 6, 'D_layer_units_exponent_6': 9, 'D_layer_units_exponent_7': 6, 'log_learning_rate': -2.904663791222463, 'log_learning_rate_D': -1.375437095566813, 'training_batch_size': 9, 'training_p': 5}
	 epoch  0 training error:  tensor(1.0261, device='cuda:0', grad_fn=<DivBackward0>)
	 epoch  0 test error:  tensor(0.3006, device='cuda:0', grad_fn=<DivBackward0>)
Memory status after this epoch: 
Memory allocated:  322.92236328125
Memory cached:  354.0
	 epoch  10 training error:  tensor(0.9998, device='cuda:0', grad_fn=<DivBackward0>)
	 epoch  10 test error:  tensor(0.0967, device='cuda:0', grad_fn=<DivBackward0>)
Memory status after this epoch: 
Memory allocated:  322.64111328125
Memory cached:  630.0
	 epoch  20 training error:  tensor(1.0000, device='cuda:0', grad_fn=<DivBackward0>)
	 epoch  20 test error:  tensor(0.0967, device='cuda:0', grad_fn=<DivBackward0>)
Memory status after this epoch: 
Memory allocated:  322.92236328125
Memory cached:  630.0
	 epoch  30 training error:  tensor(1., device='cuda:0', grad_fn=<DivBackward0>)
	 epoch  30 test error:  tensor(0.0967, device='cuda:0', grad_fn=<DivBackward0>)
Memory status after this epoch: 
Memory allocated:  322.64111328125
Memory cached:  630.0
	 epoch  40 training error:  tensor(1., device='cuda:0', grad_fn=<DivBackward0>)
	 epoch  40 test error:  tensor(0.0967, device='cuda:0', grad_fn=<DivBackward0>)
Memory status after this epoch: 
Memory allocated:  322.92236328125
Memory cached:  630.0
	 epoch  50 training error:  tensor(1., device='cuda:0', grad_fn=<DivBackward0>)
	 epoch  50 test error:  tensor(0.0967, device='cuda:0', grad_fn=<DivBackward0>)
Memory status after this epoch: 
Memory allocated:  322.64111328125
Memory cached:  630.0
	 epoch  60 training error:  tensor(1., device='cuda:0', grad_fn=<DivBackward0>)
	 epoch  60 test error:  tensor(0.0967, device='cuda:0', grad_fn=<DivBackward0>)
Memory status after this epoch: 
Memory allocated:  322.92236328125
Memory cached:  630.0
	 epoch  70 training error:  tensor(1., device='cuda:0', grad_fn=<DivBackward0>)
	 epoch  70 test error:  tensor(0.0967, device='cuda:0', grad_fn=<DivBackward0>)
Memory status after this epoch: 
Memory allocated:  322.64111328125
Memory cached:  630.0
	 epoch  80 training error:  tensor(1., device='cuda:0', grad_fn=<DivBackward0>)
	 epoch  80 test error:  tensor(0.0967, device='cuda:0', grad_fn=<DivBackward0>)
Memory status after this epoch: 
Memory allocated:  322.92236328125
Memory cached:  630.0
	 epoch  90 training error:  tensor(1., device='cuda:0', grad_fn=<DivBackward0>)
	 epoch  90 test error:  tensor(0.0967, device='cuda:0', grad_fn=<DivBackward0>)
Memory status after this epoch: 
Memory allocated:  322.64111328125
Memory cached:  630.0
