[I 2023-11-17 16:51:19,455] Trial 36 finished with value: 0.19053806364536285 and parameters: {'W_layers': 2, 'W_layer_units_exponent_0': 6, 'W_layer_units_exponent_1': 7, 'D_layers': 2, 'D_layer_units_exponent_0': 6, 'D_layer_units_exponent_1': 6, 'log_learning_rate': -3.023025948731588, 'log_learning_rate_D': -2.3066139983014304, 'training_batch_size': 12, 'training_p': 2}. Best is trial 27 with value: 0.1900663673877716.
Time for this trial:  96.91409540176392
Memory status after this trial: 
Memory allocated:  313.5654296875
Memory cached:  338.0
--------------------  Trial  37   --------------------
Start timing: 
Parameters: 
{'W_layers': 3, 'W_layer_units_exponent_0': 5, 'W_layer_units_exponent_1': 8, 'W_layer_units_exponent_2': 10, 'D_layers': 2, 'D_layer_units_exponent_0': 5, 'D_layer_units_exponent_1': 8, 'log_learning_rate': -2.873473584299562, 'log_learning_rate_D': -2.4722090307170856, 'training_batch_size': 12, 'training_p': 4}
	 epoch  0 training error:  tensor(0.9934, device='cuda:0', grad_fn=<DivBackward0>)
	 epoch  0 test error:  tensor(0.2553, device='cuda:0', grad_fn=<DivBackward0>)
Memory status after this epoch: 
Memory allocated:  231.642578125
Memory cached:  334.0
	 epoch  10 training error:  tensor(1.0027, device='cuda:0', grad_fn=<DivBackward0>)
	 epoch  10 test error:  tensor(0.1920, device='cuda:0', grad_fn=<DivBackward0>)
Memory status after this epoch: 
Memory allocated:  230.517578125
Memory cached:  468.0
	 epoch  20 training error:  tensor(0.9941, device='cuda:0', grad_fn=<DivBackward0>)
	 epoch  20 test error:  tensor(0.1932, device='cuda:0', grad_fn=<DivBackward0>)
Memory status after this epoch: 
Memory allocated:  231.642578125
Memory cached:  468.0
	 epoch  30 training error:  tensor(0.9920, device='cuda:0', grad_fn=<DivBackward0>)
	 epoch  30 test error:  tensor(0.1932, device='cuda:0', grad_fn=<DivBackward0>)
Memory status after this epoch: 
Memory allocated:  230.517578125
Memory cached:  468.0
	 epoch  40 training error:  tensor(0.9913, device='cuda:0', grad_fn=<DivBackward0>)
	 epoch  40 test error:  tensor(0.1927, device='cuda:0', grad_fn=<DivBackward0>)
Memory status after this epoch: 
Memory allocated:  231.642578125
Memory cached:  468.0
	 epoch  50 training error:  tensor(0.9912, device='cuda:0', grad_fn=<DivBackward0>)
	 epoch  50 test error:  tensor(0.1925, device='cuda:0', grad_fn=<DivBackward0>)
Memory status after this epoch: 
Memory allocated:  230.517578125
Memory cached:  468.0
	 epoch  60 training error:  tensor(0.9912, device='cuda:0', grad_fn=<DivBackward0>)
	 epoch  60 test error:  tensor(0.1924, device='cuda:0', grad_fn=<DivBackward0>)
Memory status after this epoch: 
Memory allocated:  231.642578125
Memory cached:  468.0
	 epoch  70 training error:  tensor(0.9911, device='cuda:0', grad_fn=<DivBackward0>)
	 epoch  70 test error:  tensor(0.1925, device='cuda:0', grad_fn=<DivBackward0>)
Memory status after this epoch: 
Memory allocated:  230.517578125
Memory cached:  468.0
	 epoch  80 training error:  tensor(0.9910, device='cuda:0', grad_fn=<DivBackward0>)
	 epoch  80 test error:  tensor(0.1926, device='cuda:0', grad_fn=<DivBackward0>)
Memory status after this epoch: 
Memory allocated:  231.642578125
Memory cached:  470.0
	 epoch  90 training error:  tensor(0.9910, device='cuda:0', grad_fn=<DivBackward0>)
	 epoch  90 test error:  tensor(0.1925, device='cuda:0', grad_fn=<DivBackward0>)
Memory status after this epoch: 
Memory allocated:  230.517578125
Memory cached:  470.0
[I 2023-11-17 16:53:13,929] Trial 37 finished with value: 0.192537322640419 and parameters: {'W_layers': 3, 'W_layer_units_exponent_0': 5, 'W_layer_units_exponent_1': 8, 'W_layer_units_exponent_2': 10, 'D_layers': 2, 'D_layer_units_exponent_0': 5, 'D_layer_units_exponent_1': 8, 'log_learning_rate': -2.873473584299562, 'log_learning_rate_D': -2.4722090307170856, 'training_batch_size': 12, 'training_p': 4}. Best is trial 27 with value: 0.1900663673877716.
Time for this trial:  114.29146361351013
Memory status after this trial: 
Memory allocated:  452.154296875
Memory cached:  468.0
--------------------  Trial  38   --------------------
Start timing: 
Parameters: 
{'W_layers': 2, 'W_layer_units_exponent_0': 6, 'W_layer_units_exponent_1': 7, 'D_layers': 2, 'D_layer_units_exponent_0': 7, 'D_layer_units_exponent_1': 6, 'log_learning_rate': -3.071766021803443, 'log_learning_rate_D': -3.123840663316691, 'training_batch_size': 12, 'training_p': 3}
	 epoch  0 training error:  tensor(0.9939, device='cuda:0', grad_fn=<DivBackward0>)
	 epoch  0 test error:  tensor(0.1917, device='cuda:0', grad_fn=<DivBackward0>)
Memory status after this epoch: 
Memory allocated:  161.62353515625
Memory cached:  332.0
	 epoch  10 training error:  tensor(0.9933, device='cuda:0', grad_fn=<DivBackward0>)
	 epoch  10 test error:  tensor(0.1915, device='cuda:0', grad_fn=<DivBackward0>)
Memory status after this epoch: 
Memory allocated:  162.74853515625
Memory cached:  334.0
	 epoch  20 training error:  tensor(0.9931, device='cuda:0', grad_fn=<DivBackward0>)
	 epoch  20 test error:  tensor(0.1915, device='cuda:0', grad_fn=<DivBackward0>)
Memory status after this epoch: 
Memory allocated:  161.62353515625
Memory cached:  336.0
	 epoch  30 training error:  tensor(0.9930, device='cuda:0', grad_fn=<DivBackward0>)
	 epoch  30 test error:  tensor(0.1916, device='cuda:0', grad_fn=<DivBackward0>)
Memory status after this epoch: 
Memory allocated:  162.74853515625
Memory cached:  338.0
	 epoch  40 training error:  tensor(0.9930, device='cuda:0', grad_fn=<DivBackward0>)
	 epoch  40 test error:  tensor(0.1916, device='cuda:0', grad_fn=<DivBackward0>)
Memory status after this epoch: 
Memory allocated:  161.62353515625
Memory cached:  340.0
	 epoch  50 training error:  tensor(0.9930, device='cuda:0', grad_fn=<DivBackward0>)
	 epoch  50 test error:  tensor(0.1917, device='cuda:0', grad_fn=<DivBackward0>)
Memory status after this epoch: 
Memory allocated:  162.74853515625
Memory cached:  338.0
	 epoch  60 training error:  tensor(0.9930, device='cuda:0', grad_fn=<DivBackward0>)
	 epoch  60 test error:  tensor(0.1917, device='cuda:0', grad_fn=<DivBackward0>)
Memory status after this epoch: 
Memory allocated:  161.62353515625
Memory cached:  338.0
	 epoch  70 training error:  tensor(0.9930, device='cuda:0', grad_fn=<DivBackward0>)
	 epoch  70 test error:  tensor(0.1917, device='cuda:0', grad_fn=<DivBackward0>)
Memory status after this epoch: 
Memory allocated:  162.74853515625
Memory cached:  338.0
	 epoch  80 training error:  tensor(0.9930, device='cuda:0', grad_fn=<DivBackward0>)
	 epoch  80 test error:  tensor(0.1917, device='cuda:0', grad_fn=<DivBackward0>)
Memory status after this epoch: 
Memory allocated:  161.62353515625
Memory cached:  338.0
	 epoch  90 training error:  tensor(0.9930, device='cuda:0', grad_fn=<DivBackward0>)
	 epoch  90 test error:  tensor(0.1917, device='cuda:0', grad_fn=<DivBackward0>)
Memory status after this epoch: 
Memory allocated:  162.74853515625
Memory cached:  338.0
[I 2023-11-17 16:54:51,678] Trial 38 finished with value: 0.19170470535755157 and parameters: {'W_layers': 2, 'W_layer_units_exponent_0': 6, 'W_layer_units_exponent_1': 7, 'D_layers': 2, 'D_layer_units_exponent_0': 7, 'D_layer_units_exponent_1': 6, 'log_learning_rate': -3.071766021803443, 'log_learning_rate_D': -3.123840663316691, 'training_batch_size': 12, 'training_p': 3}. Best is trial 27 with value: 0.1900663673877716.
Time for this trial:  97.56842136383057
Memory status after this trial: 
Memory allocated:  320.3720703125
Memory cached:  338.0
--------------------  Trial  39   --------------------
Start timing: 
Parameters: 
{'W_layers': 2, 'W_layer_units_exponent_0': 6, 'W_layer_units_exponent_1': 10, 'D_layers': 3, 'D_layer_units_exponent_0': 10, 'D_layer_units_exponent_1': 5, 'D_layer_units_exponent_2': 10, 'log_learning_rate': -3.336844364435552, 'log_learning_rate_D': -1.735732001975037, 'training_batch_size': 7, 'training_p': 2}
	 epoch  0 training error:  tensor(1.0168, device='cuda:0', grad_fn=<DivBackward0>)
	 epoch  0 test error:  tensor(0.1913, device='cuda:0', grad_fn=<DivBackward0>)
Memory status after this epoch: 
Memory allocated:  312.4609375
Memory cached:  416.0
	 epoch  10 training error:  tensor(0.9946, device='cuda:0', grad_fn=<DivBackward0>)
	 epoch  10 test error:  tensor(0.1914, device='cuda:0', grad_fn=<DivBackward0>)
Memory status after this epoch: 
Memory allocated:  311.3359375
Memory cached:  632.0
	 epoch  20 training error:  tensor(0.9956, device='cuda:0', grad_fn=<DivBackward0>)
	 epoch  20 test error:  tensor(0.1916, device='cuda:0', grad_fn=<DivBackward0>)
Memory status after this epoch: 
Memory allocated:  312.4609375
Memory cached:  632.0
	 epoch  30 training error:  tensor(0.9944, device='cuda:0', grad_fn=<DivBackward0>)
	 epoch  30 test error:  tensor(0.1915, device='cuda:0', grad_fn=<DivBackward0>)
Memory status after this epoch: 
Memory allocated:  311.3359375
Memory cached:  632.0
	 epoch  40 training error:  tensor(0.9945, device='cuda:0', grad_fn=<DivBackward0>)
	 epoch  40 test error:  tensor(0.1914, device='cuda:0', grad_fn=<DivBackward0>)
Memory status after this epoch: 
Memory allocated:  312.4609375
Memory cached:  632.0
	 epoch  50 training error:  tensor(0.9944, device='cuda:0', grad_fn=<DivBackward0>)
	 epoch  50 test error:  tensor(0.1914, device='cuda:0', grad_fn=<DivBackward0>)
Memory status after this epoch: 
Memory allocated:  311.3359375
Memory cached:  632.0
	 epoch  60 training error:  tensor(0.9944, device='cuda:0', grad_fn=<DivBackward0>)
	 epoch  60 test error:  tensor(0.1915, device='cuda:0', grad_fn=<DivBackward0>)
Memory status after this epoch: 
Memory allocated:  312.4609375
Memory cached:  632.0
	 epoch  70 training error:  tensor(0.9944, device='cuda:0', grad_fn=<DivBackward0>)
	 epoch  70 test error:  tensor(0.1915, device='cuda:0', grad_fn=<DivBackward0>)
Memory status after this epoch: 
Memory allocated:  311.3359375
Memory cached:  632.0
	 epoch  80 training error:  tensor(0.9944, device='cuda:0', grad_fn=<DivBackward0>)
	 epoch  80 test error:  tensor(0.1915, device='cuda:0', grad_fn=<DivBackward0>)
Memory status after this epoch: 
Memory allocated:  312.4609375
Memory cached:  632.0
	 epoch  90 training error:  tensor(0.9944, device='cuda:0', grad_fn=<DivBackward0>)
	 epoch  90 test error:  tensor(0.1915, device='cuda:0', grad_fn=<DivBackward0>)
Memory status after this epoch: 
Memory allocated:  311.3359375
Memory cached:  632.0
[I 2023-11-17 16:56:57,590] Trial 39 finished with value: 0.19145868718624115 and parameters: {'W_layers': 2, 'W_layer_units_exponent_0': 6, 'W_layer_units_exponent_1': 10, 'D_layers': 3, 'D_layer_units_exponent_0': 10, 'D_layer_units_exponent_1': 5, 'D_layer_units_exponent_2': 10, 'log_learning_rate': -3.336844364435552, 'log_learning_rate_D': -1.735732001975037, 'training_batch_size': 7, 'training_p': 2}. Best is trial 27 with value: 0.1900663673877716.
Time for this trial:  125.72898149490356
Memory status after this trial: 
Memory allocated:  616.73828125
Memory cached:  634.0
--------------------  Trial  40   --------------------
Start timing: 
Parameters: 
{'W_layers': 2, 'W_layer_units_exponent_0': 4, 'W_layer_units_exponent_1': 9, 'D_layers': 3, 'D_layer_units_exponent_0': 6, 'D_layer_units_exponent_1': 7, 'D_layer_units_exponent_2': 9, 'log_learning_rate': -3.010464573961378, 'log_learning_rate_D': -2.8764372941691847, 'training_batch_size': 12, 'training_p': 4}
	 epoch  0 training error:  tensor(0.9927, device='cuda:0', grad_fn=<DivBackward0>)
	 epoch  0 test error:  tensor(0.1922, device='cuda:0', grad_fn=<DivBackward0>)
Memory status after this epoch: 
Memory allocated:  207.80712890625
Memory cached:  348.0
	 epoch  10 training error:  tensor(0.9916, device='cuda:0', grad_fn=<DivBackward0>)
	 epoch  10 test error:  tensor(0.1922, device='cuda:0', grad_fn=<DivBackward0>)
Memory status after this epoch: 
Memory allocated:  208.93212890625
Memory cached:  426.0
	 epoch  20 training error:  tensor(0.9911, device='cuda:0', grad_fn=<DivBackward0>)
	 epoch  20 test error:  tensor(0.1929, device='cuda:0', grad_fn=<DivBackward0>)
Memory status after this epoch: 
Memory allocated:  207.80712890625
Memory cached:  426.0
	 epoch  30 training error:  tensor(0.9909, device='cuda:0', grad_fn=<DivBackward0>)
	 epoch  30 test error:  tensor(0.1925, device='cuda:0', grad_fn=<DivBackward0>)
Memory status after this epoch: 
Memory allocated:  208.93212890625
Memory cached:  426.0
	 epoch  40 training error:  tensor(0.9909, device='cuda:0', grad_fn=<DivBackward0>)
	 epoch  40 test error:  tensor(0.1926, device='cuda:0', grad_fn=<DivBackward0>)
Memory status after this epoch: 
Memory allocated:  207.80712890625
Memory cached:  426.0
	 epoch  50 training error:  tensor(0.9908, device='cuda:0', grad_fn=<DivBackward0>)
	 epoch  50 test error:  tensor(0.1926, device='cuda:0', grad_fn=<DivBackward0>)
Memory status after this epoch: 
Memory allocated:  208.93212890625
Memory cached:  426.0
	 epoch  60 training error:  tensor(0.9908, device='cuda:0', grad_fn=<DivBackward0>)
	 epoch  60 test error:  tensor(0.1927, device='cuda:0', grad_fn=<DivBackward0>)
Memory status after this epoch: 
Memory allocated:  207.80712890625
Memory cached:  426.0
	 epoch  70 training error:  tensor(0.9907, device='cuda:0', grad_fn=<DivBackward0>)
	 epoch  70 test error:  tensor(0.1927, device='cuda:0', grad_fn=<DivBackward0>)
Memory status after this epoch: 
Memory allocated:  208.93212890625
Memory cached:  428.0
	 epoch  80 training error:  tensor(0.9906, device='cuda:0', grad_fn=<DivBackward0>)
	 epoch  80 test error:  tensor(0.1927, device='cuda:0', grad_fn=<DivBackward0>)
Memory status after this epoch: 
Memory allocated:  207.80712890625
Memory cached:  430.0
	 epoch  90 training error:  tensor(0.9904, device='cuda:0', grad_fn=<DivBackward0>)
	 epoch  90 test error:  tensor(0.1928, device='cuda:0', grad_fn=<DivBackward0>)
Memory status after this epoch: 
Memory allocated:  208.93212890625
Memory cached:  428.0
[I 2023-11-17 16:58:49,060] Trial 40 finished with value: 0.19279949367046356 and parameters: {'W_layers': 2, 'W_layer_units_exponent_0': 4, 'W_layer_units_exponent_1': 9, 'D_layers': 3, 'D_layer_units_exponent_0': 6, 'D_layer_units_exponent_1': 7, 'D_layer_units_exponent_2': 9, 'log_learning_rate': -3.010464573961378, 'log_learning_rate_D': -2.8764372941691847, 'training_batch_size': 12, 'training_p': 4}. Best is trial 27 with value: 0.1900663673877716.
Time for this trial:  111.28121018409729
Memory status after this trial: 
Memory allocated:  411.2421875
Memory cached:  426.0
--------------------  Trial  41   --------------------
Start timing: 
Parameters: 
{'W_layers': 3, 'W_layer_units_exponent_0': 7, 'W_layer_units_exponent_1': 4, 'W_layer_units_exponent_2': 6, 'D_layers': 8, 'D_layer_units_exponent_0': 6, 'D_layer_units_exponent_1': 6, 'D_layer_units_exponent_2': 8, 'D_layer_units_exponent_3': 4, 'D_layer_units_exponent_4': 7, 'D_layer_units_exponent_5': 7, 'D_layer_units_exponent_6': 6, 'D_layer_units_exponent_7': 4, 'log_learning_rate': -2.2767096054208062, 'log_learning_rate_D': -2.0434606703154827, 'training_batch_size': 11, 'training_p': 2}
	 epoch  0 training error:  tensor(0.9946, device='cuda:0', grad_fn=<DivBackward0>)
	 epoch  0 test error:  tensor(0.1975, device='cuda:0', grad_fn=<DivBackward0>)
Memory status after this epoch: 
Memory allocated:  193.48388671875
Memory cached:  310.0
	 epoch  10 training error:  tensor(0.9944, device='cuda:0', grad_fn=<DivBackward0>)
	 epoch  10 test error:  tensor(0.1916, device='cuda:0', grad_fn=<DivBackward0>)
Memory status after this epoch: 
Memory allocated:  192.35888671875
Memory cached:  394.0
	 epoch  20 training error:  tensor(0.9953, device='cuda:0', grad_fn=<DivBackward0>)
	 epoch  20 test error:  tensor(0.1914, device='cuda:0', grad_fn=<DivBackward0>)
Memory status after this epoch: 
Memory allocated:  193.48388671875
Memory cached:  394.0
	 epoch  30 training error:  tensor(0.9944, device='cuda:0', grad_fn=<DivBackward0>)
	 epoch  30 test error:  tensor(0.1914, device='cuda:0', grad_fn=<DivBackward0>)
Memory status after this epoch: 
Memory allocated:  192.35888671875
Memory cached:  394.0
	 epoch  40 training error:  tensor(0.9945, device='cuda:0', grad_fn=<DivBackward0>)
	 epoch  40 test error:  tensor(0.1915, device='cuda:0', grad_fn=<DivBackward0>)
Memory status after this epoch: 
Memory allocated:  193.48388671875
Memory cached:  396.0
	 epoch  50 training error:  tensor(0.9944, device='cuda:0', grad_fn=<DivBackward0>)
	 epoch  50 test error:  tensor(0.1915, device='cuda:0', grad_fn=<DivBackward0>)
Memory status after this epoch: 
Memory allocated:  192.35888671875
Memory cached:  398.0
	 epoch  60 training error:  tensor(0.9944, device='cuda:0', grad_fn=<DivBackward0>)
	 epoch  60 test error:  tensor(0.1915, device='cuda:0', grad_fn=<DivBackward0>)
Memory status after this epoch: 
Memory allocated:  193.48388671875
Memory cached:  396.0
	 epoch  70 training error:  tensor(0.9944, device='cuda:0', grad_fn=<DivBackward0>)
	 epoch  70 test error:  tensor(0.1915, device='cuda:0', grad_fn=<DivBackward0>)
Memory status after this epoch: 
Memory allocated:  192.35888671875
Memory cached:  398.0
	 epoch  80 training error:  tensor(0.9944, device='cuda:0', grad_fn=<DivBackward0>)
	 epoch  80 test error:  tensor(0.1915, device='cuda:0', grad_fn=<DivBackward0>)
Memory status after this epoch: 
Memory allocated:  193.48388671875
Memory cached:  398.0
	 epoch  90 training error:  tensor(0.9944, device='cuda:0', grad_fn=<DivBackward0>)
	 epoch  90 test error:  tensor(0.1915, device='cuda:0', grad_fn=<DivBackward0>)
Memory status after this epoch: 
Memory allocated:  192.35888671875
Memory cached:  398.0
[I 2023-11-17 17:01:26,001] Trial 41 finished with value: 0.19145767390727997 and parameters: {'W_layers': 3, 'W_layer_units_exponent_0': 7, 'W_layer_units_exponent_1': 4, 'W_layer_units_exponent_2': 6, 'D_layers': 8, 'D_layer_units_exponent_0': 6, 'D_layer_units_exponent_1': 6, 'D_layer_units_exponent_2': 8, 'D_layer_units_exponent_3': 4, 'D_layer_units_exponent_4': 7, 'D_layer_units_exponent_5': 7, 'D_layer_units_exponent_6': 6, 'D_layer_units_exponent_7': 4, 'log_learning_rate': -2.2767096054208062, 'log_learning_rate_D': -2.0434606703154827, 'training_batch_size': 11, 'training_p': 2}. Best is trial 27 with value: 0.1900663673877716.
Time for this trial:  156.70426106452942
Memory status after this trial: 
Memory allocated:  380.9287109375
Memory cached:  400.0
--------------------  Trial  42   --------------------
Start timing: 
Parameters: 
{'W_layers': 2, 'W_layer_units_exponent_0': 6, 'W_layer_units_exponent_1': 7, 'D_layers': 8, 'D_layer_units_exponent_0': 6, 'D_layer_units_exponent_1': 6, 'D_layer_units_exponent_2': 6, 'D_layer_units_exponent_3': 8, 'D_layer_units_exponent_4': 6, 'D_layer_units_exponent_5': 9, 'D_layer_units_exponent_6': 7, 'D_layer_units_exponent_7': 10, 'log_learning_rate': -2.595940014036181, 'log_learning_rate_D': -2.272910371316459, 'training_batch_size': 11, 'training_p': 2}
	 epoch  0 training error:  tensor(0.9980, device='cuda:0', grad_fn=<DivBackward0>)
	 epoch  0 test error:  tensor(0.1946, device='cuda:0', grad_fn=<DivBackward0>)
Memory status after this epoch: 
Memory allocated:  270.55224609375
Memory cached:  410.0
	 epoch  10 training error:  tensor(0.9937, device='cuda:0', grad_fn=<DivBackward0>)
	 epoch  10 test error:  tensor(0.1906, device='cuda:0', grad_fn=<DivBackward0>)
Memory status after this epoch: 
Memory allocated:  271.67724609375
Memory cached:  548.0
	 epoch  20 training error:  tensor(0.9937, device='cuda:0', grad_fn=<DivBackward0>)
	 epoch  20 test error:  tensor(0.1906, device='cuda:0', grad_fn=<DivBackward0>)
Memory status after this epoch: 
Memory allocated:  270.55224609375
Memory cached:  548.0
	 epoch  30 training error:  tensor(0.9935, device='cuda:0', grad_fn=<DivBackward0>)
	 epoch  30 test error:  tensor(0.1904, device='cuda:0', grad_fn=<DivBackward0>)
Memory status after this epoch: 
Memory allocated:  271.67724609375
Memory cached:  548.0
	 epoch  40 training error:  tensor(0.9935, device='cuda:0', grad_fn=<DivBackward0>)
	 epoch  40 test error:  tensor(0.1905, device='cuda:0', grad_fn=<DivBackward0>)
Memory status after this epoch: 
Memory allocated:  270.55224609375
Memory cached:  548.0
	 epoch  50 training error:  tensor(0.9934, device='cuda:0', grad_fn=<DivBackward0>)
	 epoch  50 test error:  tensor(0.1906, device='cuda:0', grad_fn=<DivBackward0>)
Memory status after this epoch: 
Memory allocated:  271.67724609375
Memory cached:  548.0
	 epoch  60 training error:  tensor(0.9934, device='cuda:0', grad_fn=<DivBackward0>)
	 epoch  60 test error:  tensor(0.1906, device='cuda:0', grad_fn=<DivBackward0>)
Memory status after this epoch: 
Memory allocated:  270.55224609375
Memory cached:  548.0
	 epoch  70 training error:  tensor(0.9933, device='cuda:0', grad_fn=<DivBackward0>)
	 epoch  70 test error:  tensor(0.1905, device='cuda:0', grad_fn=<DivBackward0>)
Memory status after this epoch: 
Memory allocated:  271.67724609375
Memory cached:  548.0
	 epoch  80 training error:  tensor(0.9933, device='cuda:0', grad_fn=<DivBackward0>)
	 epoch  80 test error:  tensor(0.1906, device='cuda:0', grad_fn=<DivBackward0>)
Memory status after this epoch: 
Memory allocated:  270.55224609375
Memory cached:  548.0
	 epoch  90 training error:  tensor(0.9932, device='cuda:0', grad_fn=<DivBackward0>)
	 epoch  90 test error:  tensor(0.1905, device='cuda:0', grad_fn=<DivBackward0>)
Memory status after this epoch: 
Memory allocated:  271.67724609375
Memory cached:  548.0
