[I 2023-11-16 23:28:35,908] Trial 11 finished with value: 0.7538905143737793 and parameters: {'W_layers': 5, 'W_layer_units_exponent_0': 10, 'W_layer_units_exponent_1': 4, 'W_layer_units_exponent_2': 8, 'W_layer_units_exponent_3': 8, 'W_layer_units_exponent_4': 7, 'D_layers': 4, 'D_layer_units_exponent_0': 6, 'D_layer_units_exponent_1': 7, 'D_layer_units_exponent_2': 7, 'D_layer_units_exponent_3': 6, 'D_dagger_layers': 3, 'D_dagger_layer_units_exponent_0': 7, 'D_dagger_layer_units_exponent_1': 9, 'D_dagger_layer_units_exponent_2': 7, 'log_learning_rate': -1.857983625448997, 'log_learning_rate_D': -2.4824646281782226, 'log_learning_rate_D_dagger': -4.9494217486614716, 'training_batch_size': 10, 'training_p': 4}. Best is trial 4 with value: 0.0967848002910614.
Time for this trial:  18.39864754676819
Memory status after this trial: 
Memory allocated:  135.2470703125
Memory cached:  144.0
--------------------  Trial  12   --------------------
Start timing: 
Parameters: 
{'W_layers': 6, 'W_layer_units_exponent_0': 8, 'W_layer_units_exponent_1': 4, 'W_layer_units_exponent_2': 7, 'W_layer_units_exponent_3': 7, 'W_layer_units_exponent_4': 7, 'W_layer_units_exponent_5': 10, 'D_layers': 2, 'D_layer_units_exponent_0': 7, 'D_layer_units_exponent_1': 6, 'D_dagger_layers': 3, 'D_dagger_layer_units_exponent_0': 8, 'D_dagger_layer_units_exponent_1': 8, 'D_dagger_layer_units_exponent_2': 6, 'log_learning_rate': -2.300861084890916, 'log_learning_rate_D': -3.7195128002100475, 'log_learning_rate_D_dagger': -2.4416075383861093, 'training_batch_size': 9, 'training_p': 3}
	 epoch  0 training error:  tensor(0.9964, device='cuda:0', grad_fn=<DivBackward0>)
Memory status after this epoch: 
Memory allocated:  4.09765625
Memory cached:  8.0
	 epoch  10 training error:  tensor(0.3968, device='cuda:0', grad_fn=<DivBackward0>)
Memory status after this epoch: 
Memory allocated:  4.09765625
Memory cached:  8.0
	 epoch  20 training error:  tensor(0.2196, device='cuda:0', grad_fn=<DivBackward0>)
Memory status after this epoch: 
Memory allocated:  4.09765625
Memory cached:  8.0
	 epoch  30 training error:  tensor(0.1449, device='cuda:0', grad_fn=<DivBackward0>)
Memory status after this epoch: 
Memory allocated:  4.09765625
Memory cached:  8.0
	 epoch  40 training error:  tensor(0.1242, device='cuda:0', grad_fn=<DivBackward0>)
Memory status after this epoch: 
Memory allocated:  4.09765625
Memory cached:  8.0
	 epoch  50 training error:  tensor(0.1176, device='cuda:0', grad_fn=<DivBackward0>)
Memory status after this epoch: 
Memory allocated:  4.09765625
Memory cached:  8.0
	 epoch  60 training error:  tensor(0.1158, device='cuda:0', grad_fn=<DivBackward0>)
Memory status after this epoch: 
Memory allocated:  4.09765625
Memory cached:  8.0
	 epoch  70 training error:  tensor(0.1155, device='cuda:0', grad_fn=<DivBackward0>)
Memory status after this epoch: 
Memory allocated:  4.09765625
Memory cached:  8.0
	 epoch  80 training error:  tensor(0.1155, device='cuda:0', grad_fn=<DivBackward0>)
Memory status after this epoch: 
Memory allocated:  4.09765625
Memory cached:  8.0
	 epoch  90 training error:  tensor(0.1155, device='cuda:0', grad_fn=<DivBackward0>)
Memory status after this epoch: 
Memory allocated:  4.09765625
Memory cached:  8.0
[I 2023-11-16 23:28:54,087] Trial 12 finished with value: 0.09945262968540192 and parameters: {'W_layers': 6, 'W_layer_units_exponent_0': 8, 'W_layer_units_exponent_1': 4, 'W_layer_units_exponent_2': 7, 'W_layer_units_exponent_3': 7, 'W_layer_units_exponent_4': 7, 'W_layer_units_exponent_5': 10, 'D_layers': 2, 'D_layer_units_exponent_0': 7, 'D_layer_units_exponent_1': 6, 'D_dagger_layers': 3, 'D_dagger_layer_units_exponent_0': 8, 'D_dagger_layer_units_exponent_1': 8, 'D_dagger_layer_units_exponent_2': 6, 'log_learning_rate': -2.300861084890916, 'log_learning_rate_D': -3.7195128002100475, 'log_learning_rate_D_dagger': -2.4416075383861093, 'training_batch_size': 9, 'training_p': 3}. Best is trial 4 with value: 0.0967848002910614.
Time for this trial:  17.98001503944397
Memory status after this trial: 
Memory allocated:  124.916015625
Memory cached:  146.0
--------------------  Trial  13   --------------------
Start timing: 
Parameters: 
{'W_layers': 4, 'W_layer_units_exponent_0': 7, 'W_layer_units_exponent_1': 5, 'W_layer_units_exponent_2': 10, 'W_layer_units_exponent_3': 4, 'D_layers': 4, 'D_layer_units_exponent_0': 5, 'D_layer_units_exponent_1': 6, 'D_layer_units_exponent_2': 8, 'D_layer_units_exponent_3': 4, 'D_dagger_layers': 3, 'D_dagger_layer_units_exponent_0': 7, 'D_dagger_layer_units_exponent_1': 10, 'D_dagger_layer_units_exponent_2': 8, 'log_learning_rate': -3.495111232945929, 'log_learning_rate_D': -1.0921294998226507, 'log_learning_rate_D_dagger': -4.896176232192931, 'training_batch_size': 10, 'training_p': 8}
	 epoch  0 training error:  tensor(1.0066, device='cuda:0', grad_fn=<DivBackward0>)
Memory status after this epoch: 
Memory allocated:  7.11279296875
Memory cached:  10.0
	 epoch  10 training error:  tensor(0.4848, device='cuda:0', grad_fn=<DivBackward0>)
Memory status after this epoch: 
Memory allocated:  7.11279296875
Memory cached:  12.0
	 epoch  20 training error:  tensor(0.2024, device='cuda:0', grad_fn=<DivBackward0>)
Memory status after this epoch: 
Memory allocated:  7.11279296875
Memory cached:  12.0
	 epoch  30 training error:  tensor(0.1962, device='cuda:0', grad_fn=<DivBackward0>)
Memory status after this epoch: 
Memory allocated:  7.11279296875
Memory cached:  12.0
	 epoch  40 training error:  tensor(0.1728, device='cuda:0', grad_fn=<DivBackward0>)
Memory status after this epoch: 
Memory allocated:  7.11279296875
Memory cached:  12.0
	 epoch  50 training error:  tensor(0.1679, device='cuda:0', grad_fn=<DivBackward0>)
Memory status after this epoch: 
Memory allocated:  7.11279296875
Memory cached:  12.0
	 epoch  60 training error:  tensor(0.1600, device='cuda:0', grad_fn=<DivBackward0>)
Memory status after this epoch: 
Memory allocated:  7.11279296875
Memory cached:  12.0
	 epoch  70 training error:  tensor(0.1551, device='cuda:0', grad_fn=<DivBackward0>)
Memory status after this epoch: 
Memory allocated:  7.11279296875
Memory cached:  12.0
	 epoch  80 training error:  tensor(0.1542, device='cuda:0', grad_fn=<DivBackward0>)
Memory status after this epoch: 
Memory allocated:  7.11279296875
Memory cached:  12.0
	 epoch  90 training error:  tensor(0.1543, device='cuda:0', grad_fn=<DivBackward0>)
Memory status after this epoch: 
Memory allocated:  7.11279296875
Memory cached:  12.0
[I 2023-11-16 23:29:12,468] Trial 13 finished with value: 0.125292107462883 and parameters: {'W_layers': 4, 'W_layer_units_exponent_0': 7, 'W_layer_units_exponent_1': 5, 'W_layer_units_exponent_2': 10, 'W_layer_units_exponent_3': 4, 'D_layers': 4, 'D_layer_units_exponent_0': 5, 'D_layer_units_exponent_1': 6, 'D_layer_units_exponent_2': 8, 'D_layer_units_exponent_3': 4, 'D_dagger_layers': 3, 'D_dagger_layer_units_exponent_0': 7, 'D_dagger_layer_units_exponent_1': 10, 'D_dagger_layer_units_exponent_2': 8, 'log_learning_rate': -3.495111232945929, 'log_learning_rate_D': -1.0921294998226507, 'log_learning_rate_D_dagger': -4.896176232192931, 'training_batch_size': 10, 'training_p': 8}. Best is trial 4 with value: 0.0967848002910614.
Time for this trial:  18.196223735809326
Memory status after this trial: 
Memory allocated:  144.7255859375
Memory cached:  160.0
--------------------  Trial  14   --------------------
Start timing: 
Parameters: 
{'W_layers': 3, 'W_layer_units_exponent_0': 8, 'W_layer_units_exponent_1': 9, 'W_layer_units_exponent_2': 8, 'D_layers': 6, 'D_layer_units_exponent_0': 8, 'D_layer_units_exponent_1': 6, 'D_layer_units_exponent_2': 4, 'D_layer_units_exponent_3': 7, 'D_layer_units_exponent_4': 10, 'D_layer_units_exponent_5': 4, 'D_dagger_layers': 2, 'D_dagger_layer_units_exponent_0': 6, 'D_dagger_layer_units_exponent_1': 8, 'log_learning_rate': -2.31706159407023, 'log_learning_rate_D': -2.3540510955406204, 'log_learning_rate_D_dagger': -4.175830488801662, 'training_batch_size': 8, 'training_p': 4}
	 epoch  0 training error:  tensor(1.0565, device='cuda:0', grad_fn=<DivBackward0>)
Memory status after this epoch: 
Memory allocated:  5.087890625
Memory cached:  6.0
	 epoch  10 training error:  tensor(0.9530, device='cuda:0', grad_fn=<DivBackward0>)
Memory status after this epoch: 
Memory allocated:  5.087890625
Memory cached:  6.0
	 epoch  20 training error:  tensor(0.8994, device='cuda:0', grad_fn=<DivBackward0>)
Memory status after this epoch: 
Memory allocated:  5.087890625
Memory cached:  6.0
	 epoch  30 training error:  tensor(0.8501, device='cuda:0', grad_fn=<DivBackward0>)
Memory status after this epoch: 
Memory allocated:  5.087890625
Memory cached:  6.0
	 epoch  40 training error:  tensor(0.8044, device='cuda:0', grad_fn=<DivBackward0>)
Memory status after this epoch: 
Memory allocated:  5.087890625
Memory cached:  6.0
	 epoch  50 training error:  tensor(0.7605, device='cuda:0', grad_fn=<DivBackward0>)
Memory status after this epoch: 
Memory allocated:  5.087890625
Memory cached:  6.0
	 epoch  60 training error:  tensor(0.7161, device='cuda:0', grad_fn=<DivBackward0>)
Memory status after this epoch: 
Memory allocated:  5.087890625
Memory cached:  6.0
	 epoch  70 training error:  tensor(0.6686, device='cuda:0', grad_fn=<DivBackward0>)
Memory status after this epoch: 
Memory allocated:  5.087890625
Memory cached:  6.0
	 epoch  80 training error:  tensor(0.6161, device='cuda:0', grad_fn=<DivBackward0>)
Memory status after this epoch: 
Memory allocated:  5.087890625
Memory cached:  6.0
	 epoch  90 training error:  tensor(0.5581, device='cuda:0', grad_fn=<DivBackward0>)
Memory status after this epoch: 
Memory allocated:  5.087890625
Memory cached:  6.0
[I 2023-11-16 23:29:28,765] Trial 14 finished with value: 0.48502880334854126 and parameters: {'W_layers': 3, 'W_layer_units_exponent_0': 8, 'W_layer_units_exponent_1': 9, 'W_layer_units_exponent_2': 8, 'D_layers': 6, 'D_layer_units_exponent_0': 8, 'D_layer_units_exponent_1': 6, 'D_layer_units_exponent_2': 4, 'D_layer_units_exponent_3': 7, 'D_layer_units_exponent_4': 10, 'D_layer_units_exponent_5': 4, 'D_dagger_layers': 2, 'D_dagger_layer_units_exponent_0': 6, 'D_dagger_layer_units_exponent_1': 8, 'log_learning_rate': -2.31706159407023, 'log_learning_rate_D': -2.3540510955406204, 'log_learning_rate_D_dagger': -4.175830488801662, 'training_batch_size': 8, 'training_p': 4}. Best is trial 4 with value: 0.0967848002910614.
Time for this trial:  16.11663055419922
Memory status after this trial: 
Memory allocated:  75.5556640625
Memory cached:  90.0
--------------------  Trial  15   --------------------
Start timing: 
Parameters: 
{'W_layers': 6, 'W_layer_units_exponent_0': 10, 'W_layer_units_exponent_1': 5, 'W_layer_units_exponent_2': 5, 'W_layer_units_exponent_3': 7, 'W_layer_units_exponent_4': 10, 'W_layer_units_exponent_5': 10, 'D_layers': 3, 'D_layer_units_exponent_0': 9, 'D_layer_units_exponent_1': 4, 'D_layer_units_exponent_2': 9, 'D_dagger_layers': 4, 'D_dagger_layer_units_exponent_0': 8, 'D_dagger_layer_units_exponent_1': 6, 'D_dagger_layer_units_exponent_2': 9, 'D_dagger_layer_units_exponent_3': 6, 'log_learning_rate': -3.5956183784040454, 'log_learning_rate_D': -3.518299418938267, 'log_learning_rate_D_dagger': -3.006966141480019, 'training_batch_size': 11, 'training_p': 3}
	 epoch  0 training error:  tensor(0.9672, device='cuda:0', grad_fn=<DivBackward0>)
Memory status after this epoch: 
Memory allocated:  20.3486328125
Memory cached:  50.0
	 epoch  10 training error:  tensor(0.2383, device='cuda:0', grad_fn=<DivBackward0>)
Memory status after this epoch: 
Memory allocated:  20.3486328125
Memory cached:  52.0
	 epoch  20 training error:  tensor(0.1517, device='cuda:0', grad_fn=<DivBackward0>)
Memory status after this epoch: 
Memory allocated:  20.3486328125
Memory cached:  52.0
	 epoch  30 training error:  tensor(0.1239, device='cuda:0', grad_fn=<DivBackward0>)
Memory status after this epoch: 
Memory allocated:  20.3486328125
Memory cached:  52.0
	 epoch  40 training error:  tensor(0.1156, device='cuda:0', grad_fn=<DivBackward0>)
Memory status after this epoch: 
Memory allocated:  20.3486328125
Memory cached:  52.0
	 epoch  50 training error:  tensor(0.1166, device='cuda:0', grad_fn=<DivBackward0>)
Memory status after this epoch: 
Memory allocated:  20.3486328125
Memory cached:  52.0
	 epoch  60 training error:  tensor(0.1160, device='cuda:0', grad_fn=<DivBackward0>)
Memory status after this epoch: 
Memory allocated:  20.3486328125
Memory cached:  52.0
	 epoch  70 training error:  tensor(0.1156, device='cuda:0', grad_fn=<DivBackward0>)
Memory status after this epoch: 
Memory allocated:  20.3486328125
Memory cached:  52.0
	 epoch  80 training error:  tensor(0.1155, device='cuda:0', grad_fn=<DivBackward0>)
Memory status after this epoch: 
Memory allocated:  20.3486328125
Memory cached:  52.0
	 epoch  90 training error:  tensor(0.1155, device='cuda:0', grad_fn=<DivBackward0>)
Memory status after this epoch: 
Memory allocated:  20.3486328125
Memory cached:  52.0
[I 2023-11-16 23:29:48,915] Trial 15 finished with value: 0.09987681359052658 and parameters: {'W_layers': 6, 'W_layer_units_exponent_0': 10, 'W_layer_units_exponent_1': 5, 'W_layer_units_exponent_2': 5, 'W_layer_units_exponent_3': 7, 'W_layer_units_exponent_4': 10, 'W_layer_units_exponent_5': 10, 'D_layers': 3, 'D_layer_units_exponent_0': 9, 'D_layer_units_exponent_1': 4, 'D_layer_units_exponent_2': 9, 'D_dagger_layers': 4, 'D_dagger_layer_units_exponent_0': 8, 'D_dagger_layer_units_exponent_1': 6, 'D_dagger_layer_units_exponent_2': 9, 'D_dagger_layer_units_exponent_3': 6, 'log_learning_rate': -3.5956183784040454, 'log_learning_rate_D': -3.518299418938267, 'log_learning_rate_D_dagger': -3.006966141480019, 'training_batch_size': 11, 'training_p': 3}. Best is trial 4 with value: 0.0967848002910614.
Time for this trial:  19.969868421554565
Memory status after this trial: 
Memory allocated:  237.2392578125
Memory cached:  250.0
--------------------  Trial  16   --------------------
Start timing: 
Parameters: 
{'W_layers': 5, 'W_layer_units_exponent_0': 7, 'W_layer_units_exponent_1': 8, 'W_layer_units_exponent_2': 8, 'W_layer_units_exponent_3': 6, 'W_layer_units_exponent_4': 6, 'D_layers': 5, 'D_layer_units_exponent_0': 5, 'D_layer_units_exponent_1': 8, 'D_layer_units_exponent_2': 8, 'D_layer_units_exponent_3': 6, 'D_layer_units_exponent_4': 6, 'D_dagger_layers': 4, 'D_dagger_layer_units_exponent_0': 5, 'D_dagger_layer_units_exponent_1': 9, 'D_dagger_layer_units_exponent_2': 6, 'D_dagger_layer_units_exponent_3': 8, 'log_learning_rate': -1.6039587964217032, 'log_learning_rate_D': -1.0326798661504817, 'log_learning_rate_D_dagger': -2.1435600749847965, 'training_batch_size': 6, 'training_p': 5}
	 epoch  0 training error:  tensor(0.9750, device='cuda:0', grad_fn=<DivBackward0>)
Memory status after this epoch: 
Memory allocated:  3.34912109375
Memory cached:  8.0
	 epoch  10 training error:  tensor(1., device='cuda:0', grad_fn=<DivBackward0>)
Memory status after this epoch: 
Memory allocated:  3.34912109375
Memory cached:  10.0
	 epoch  20 training error:  tensor(1., device='cuda:0', grad_fn=<DivBackward0>)
Memory status after this epoch: 
Memory allocated:  3.34912109375
Memory cached:  10.0
	 epoch  30 training error:  tensor(1., device='cuda:0', grad_fn=<DivBackward0>)
Memory status after this epoch: 
Memory allocated:  3.34912109375
Memory cached:  10.0
	 epoch  40 training error:  tensor(1., device='cuda:0', grad_fn=<DivBackward0>)
Memory status after this epoch: 
Memory allocated:  3.34912109375
Memory cached:  10.0
	 epoch  50 training error:  tensor(1., device='cuda:0', grad_fn=<DivBackward0>)
Memory status after this epoch: 
Memory allocated:  3.34912109375
Memory cached:  8.0
	 epoch  60 training error:  tensor(1., device='cuda:0', grad_fn=<DivBackward0>)
Memory status after this epoch: 
Memory allocated:  3.34912109375
Memory cached:  8.0
	 epoch  70 training error:  tensor(1., device='cuda:0', grad_fn=<DivBackward0>)
Memory status after this epoch: 
Memory allocated:  3.34912109375
Memory cached:  8.0
	 epoch  80 training error:  tensor(1., device='cuda:0', grad_fn=<DivBackward0>)
Memory status after this epoch: 
Memory allocated:  3.34912109375
Memory cached:  8.0
	 epoch  90 training error:  tensor(1., device='cuda:0', grad_fn=<DivBackward0>)
Memory status after this epoch: 
Memory allocated:  3.34912109375
Memory cached:  8.0
[I 2023-11-16 23:30:09,637] Trial 16 finished with value: 1.0 and parameters: {'W_layers': 5, 'W_layer_units_exponent_0': 7, 'W_layer_units_exponent_1': 8, 'W_layer_units_exponent_2': 8, 'W_layer_units_exponent_3': 6, 'W_layer_units_exponent_4': 6, 'D_layers': 5, 'D_layer_units_exponent_0': 5, 'D_layer_units_exponent_1': 8, 'D_layer_units_exponent_2': 8, 'D_layer_units_exponent_3': 6, 'D_layer_units_exponent_4': 6, 'D_dagger_layers': 4, 'D_dagger_layer_units_exponent_0': 5, 'D_dagger_layer_units_exponent_1': 9, 'D_dagger_layer_units_exponent_2': 6, 'D_dagger_layer_units_exponent_3': 8, 'log_learning_rate': -1.6039587964217032, 'log_learning_rate_D': -1.0326798661504817, 'log_learning_rate_D_dagger': -2.1435600749847965, 'training_batch_size': 6, 'training_p': 5}. Best is trial 4 with value: 0.0967848002910614.
Time for this trial:  20.50652837753296
Memory status after this trial: 
Memory allocated:  89.7509765625
Memory cached:  104.0
--------------------  Trial  17   --------------------
Start timing: 
Parameters: 
{'W_layers': 3, 'W_layer_units_exponent_0': 8, 'W_layer_units_exponent_1': 6, 'W_layer_units_exponent_2': 9, 'D_layers': 3, 'D_layer_units_exponent_0': 7, 'D_layer_units_exponent_1': 10, 'D_layer_units_exponent_2': 10, 'D_dagger_layers': 4, 'D_dagger_layer_units_exponent_0': 9, 'D_dagger_layer_units_exponent_1': 7, 'D_dagger_layer_units_exponent_2': 6, 'D_dagger_layer_units_exponent_3': 10, 'log_learning_rate': -2.6642798596532726, 'log_learning_rate_D': -2.4189623735663224, 'log_learning_rate_D_dagger': -3.0571325879872946, 'training_batch_size': 7, 'training_p': 6}
	 epoch  0 training error:  tensor(1.0304, device='cuda:0', grad_fn=<DivBackward0>)
Memory status after this epoch: 
Memory allocated:  7.6220703125
Memory cached:  24.0
	 epoch  10 training error:  tensor(0.2646, device='cuda:0', grad_fn=<DivBackward0>)
Memory status after this epoch: 
Memory allocated:  7.6220703125
Memory cached:  26.0
	 epoch  20 training error:  tensor(0.1682, device='cuda:0', grad_fn=<DivBackward0>)
Memory status after this epoch: 
Memory allocated:  7.6220703125
Memory cached:  26.0
	 epoch  30 training error:  tensor(0.1538, device='cuda:0', grad_fn=<DivBackward0>)
Memory status after this epoch: 
Memory allocated:  7.6220703125
Memory cached:  26.0
	 epoch  40 training error:  tensor(0.1487, device='cuda:0', grad_fn=<DivBackward0>)
Memory status after this epoch: 
Memory allocated:  7.6220703125
Memory cached:  26.0
	 epoch  50 training error:  tensor(0.1463, device='cuda:0', grad_fn=<DivBackward0>)
Memory status after this epoch: 
Memory allocated:  7.6220703125
Memory cached:  26.0
	 epoch  60 training error:  tensor(0.1455, device='cuda:0', grad_fn=<DivBackward0>)
Memory status after this epoch: 
Memory allocated:  7.6220703125
Memory cached:  26.0
	 epoch  70 training error:  tensor(0.1455, device='cuda:0', grad_fn=<DivBackward0>)
Memory status after this epoch: 
Memory allocated:  7.6220703125
Memory cached:  26.0
	 epoch  80 training error:  tensor(0.1454, device='cuda:0', grad_fn=<DivBackward0>)
Memory status after this epoch: 
Memory allocated:  7.6220703125
Memory cached:  26.0
	 epoch  90 training error:  tensor(0.1453, device='cuda:0', grad_fn=<DivBackward0>)
Memory status after this epoch: 
Memory allocated:  7.6220703125
Memory cached:  26.0
