[I 2023-11-10 16:17:20,631] Trial 36 finished with value: 0.03793264180421829 and parameters: {'W_layers': 3, 'W_layer_units_exponent_0': 7, 'W_layer_units_exponent_1': 10, 'W_layer_units_exponent_2': 6, 'D_layers': 5, 'D_layer_units_exponent_0': 10, 'D_layer_units_exponent_1': 8, 'D_layer_units_exponent_2': 9, 'D_layer_units_exponent_3': 6, 'D_layer_units_exponent_4': 10, 'log_learning_rate': -4.732090942750135, 'log_learning_rate_D': -4.735746038963934, 'training_batch_size': 12, 'training_p': 8}. Best is trial 34 with value: 0.03669334203004837.
Time for this trial:  149.80953550338745
Memory status after this trial: 
Memory allocated:  948.39111328125
Memory cached:  962.0
--------------------  Trial  37   --------------------
Start timing: 
Parameters: 
{'W_layers': 2, 'W_layer_units_exponent_0': 8, 'W_layer_units_exponent_1': 10, 'D_layers': 6, 'D_layer_units_exponent_0': 10, 'D_layer_units_exponent_1': 8, 'D_layer_units_exponent_2': 9, 'D_layer_units_exponent_3': 4, 'D_layer_units_exponent_4': 10, 'D_layer_units_exponent_5': 5, 'log_learning_rate': -4.157221731752758, 'log_learning_rate_D': -4.990787235305593, 'training_batch_size': 11, 'training_p': 8}
	 epoch  0 training error:  tensor(6.4453, device='cuda:0', grad_fn=<DivBackward0>)
	 epoch  0 test error:  tensor(0.0768, device='cuda:0', grad_fn=<DivBackward0>)
Memory status after this epoch: 
Memory allocated:  490.9248046875
Memory cached:  738.0
	 epoch  10 training error:  tensor(1.6225, device='cuda:0', grad_fn=<DivBackward0>)
	 epoch  10 test error:  tensor(0.1209, device='cuda:0', grad_fn=<DivBackward0>)
Memory status after this epoch: 
Memory allocated:  493.6904296875
Memory cached:  968.0
	 epoch  20 training error:  tensor(1.6479, device='cuda:0', grad_fn=<DivBackward0>)
	 epoch  20 test error:  tensor(0.1320, device='cuda:0', grad_fn=<DivBackward0>)
Memory status after this epoch: 
Memory allocated:  490.9248046875
Memory cached:  968.0
	 epoch  30 training error:  tensor(0.9827, device='cuda:0', grad_fn=<DivBackward0>)
	 epoch  30 test error:  tensor(0.0896, device='cuda:0', grad_fn=<DivBackward0>)
Memory status after this epoch: 
Memory allocated:  493.6904296875
Memory cached:  968.0
	 epoch  40 training error:  tensor(0.9346, device='cuda:0', grad_fn=<DivBackward0>)
	 epoch  40 test error:  tensor(0.0981, device='cuda:0', grad_fn=<DivBackward0>)
Memory status after this epoch: 
Memory allocated:  490.9248046875
Memory cached:  968.0
	 epoch  50 training error:  tensor(1.0609, device='cuda:0', grad_fn=<DivBackward0>)
	 epoch  50 test error:  tensor(0.0633, device='cuda:0', grad_fn=<DivBackward0>)
Memory status after this epoch: 
Memory allocated:  493.6904296875
Memory cached:  968.0
	 epoch  60 training error:  tensor(0.6904, device='cuda:0', grad_fn=<DivBackward0>)
	 epoch  60 test error:  tensor(0.0566, device='cuda:0', grad_fn=<DivBackward0>)
Memory status after this epoch: 
Memory allocated:  490.9248046875
Memory cached:  968.0
	 epoch  70 training error:  tensor(0.6126, device='cuda:0', grad_fn=<DivBackward0>)
	 epoch  70 test error:  tensor(0.0384, device='cuda:0', grad_fn=<DivBackward0>)
Memory status after this epoch: 
Memory allocated:  493.6904296875
Memory cached:  968.0
	 epoch  80 training error:  tensor(0.5341, device='cuda:0', grad_fn=<DivBackward0>)
	 epoch  80 test error:  tensor(0.0394, device='cuda:0', grad_fn=<DivBackward0>)
Memory status after this epoch: 
Memory allocated:  490.9248046875
Memory cached:  968.0
	 epoch  90 training error:  tensor(0.5082, device='cuda:0', grad_fn=<DivBackward0>)
	 epoch  90 test error:  tensor(0.0383, device='cuda:0', grad_fn=<DivBackward0>)
Memory status after this epoch: 
Memory allocated:  493.6904296875
Memory cached:  968.0
[I 2023-11-10 16:19:50,929] Trial 37 finished with value: 0.037668198347091675 and parameters: {'W_layers': 2, 'W_layer_units_exponent_0': 8, 'W_layer_units_exponent_1': 10, 'D_layers': 6, 'D_layer_units_exponent_0': 10, 'D_layer_units_exponent_1': 8, 'D_layer_units_exponent_2': 9, 'D_layer_units_exponent_3': 4, 'D_layer_units_exponent_4': 10, 'D_layer_units_exponent_5': 5, 'log_learning_rate': -4.157221731752758, 'log_learning_rate_D': -4.990787235305593, 'training_batch_size': 11, 'training_p': 8}. Best is trial 34 with value: 0.03669334203004837.
Time for this trial:  150.0307013988495
Memory status after this trial: 
Memory allocated:  954.06494140625
Memory cached:  968.0
--------------------  Trial  38   --------------------
Start timing: 
Parameters: 
{'W_layers': 3, 'W_layer_units_exponent_0': 8, 'W_layer_units_exponent_1': 9, 'W_layer_units_exponent_2': 6, 'D_layers': 6, 'D_layer_units_exponent_0': 10, 'D_layer_units_exponent_1': 7, 'D_layer_units_exponent_2': 9, 'D_layer_units_exponent_3': 6, 'D_layer_units_exponent_4': 10, 'D_layer_units_exponent_5': 4, 'log_learning_rate': -3.9911250712060555, 'log_learning_rate_D': -4.979533052915936, 'training_batch_size': 11, 'training_p': 7}
	 epoch  0 training error:  tensor(1.4002, device='cuda:0', grad_fn=<DivBackward0>)
	 epoch  0 test error:  tensor(0.3119, device='cuda:0', grad_fn=<DivBackward0>)
Memory status after this epoch: 
Memory allocated:  461.04248046875
Memory cached:  704.0
	 epoch  10 training error:  tensor(1.6919, device='cuda:0', grad_fn=<DivBackward0>)
	 epoch  10 test error:  tensor(0.0783, device='cuda:0', grad_fn=<DivBackward0>)
Memory status after this epoch: 
Memory allocated:  458.27685546875
Memory cached:  906.0
	 epoch  20 training error:  tensor(1.2017, device='cuda:0', grad_fn=<DivBackward0>)
	 epoch  20 test error:  tensor(0.0924, device='cuda:0', grad_fn=<DivBackward0>)
Memory status after this epoch: 
Memory allocated:  461.04248046875
Memory cached:  906.0
	 epoch  30 training error:  tensor(1.0472, device='cuda:0', grad_fn=<DivBackward0>)
	 epoch  30 test error:  tensor(0.0669, device='cuda:0', grad_fn=<DivBackward0>)
Memory status after this epoch: 
Memory allocated:  458.27685546875
Memory cached:  906.0
	 epoch  40 training error:  tensor(0.8725, device='cuda:0', grad_fn=<DivBackward0>)
	 epoch  40 test error:  tensor(0.0621, device='cuda:0', grad_fn=<DivBackward0>)
Memory status after this epoch: 
Memory allocated:  461.04248046875
Memory cached:  906.0
	 epoch  50 training error:  tensor(0.7597, device='cuda:0', grad_fn=<DivBackward0>)
	 epoch  50 test error:  tensor(0.0536, device='cuda:0', grad_fn=<DivBackward0>)
Memory status after this epoch: 
Memory allocated:  458.27685546875
Memory cached:  908.0
	 epoch  60 training error:  tensor(0.6044, device='cuda:0', grad_fn=<DivBackward0>)
	 epoch  60 test error:  tensor(0.0436, device='cuda:0', grad_fn=<DivBackward0>)
Memory status after this epoch: 
Memory allocated:  461.04248046875
Memory cached:  906.0
	 epoch  70 training error:  tensor(0.5780, device='cuda:0', grad_fn=<DivBackward0>)
	 epoch  70 test error:  tensor(0.0391, device='cuda:0', grad_fn=<DivBackward0>)
Memory status after this epoch: 
Memory allocated:  458.27685546875
Memory cached:  908.0
	 epoch  80 training error:  tensor(0.5615, device='cuda:0', grad_fn=<DivBackward0>)
	 epoch  80 test error:  tensor(0.0393, device='cuda:0', grad_fn=<DivBackward0>)
Memory status after this epoch: 
Memory allocated:  461.04248046875
Memory cached:  908.0
	 epoch  90 training error:  tensor(0.5488, device='cuda:0', grad_fn=<DivBackward0>)
	 epoch  90 test error:  tensor(0.0387, device='cuda:0', grad_fn=<DivBackward0>)
Memory status after this epoch: 
Memory allocated:  458.27685546875
Memory cached:  908.0
[I 2023-11-10 16:22:26,234] Trial 38 finished with value: 0.038628946989774704 and parameters: {'W_layers': 3, 'W_layer_units_exponent_0': 8, 'W_layer_units_exponent_1': 9, 'W_layer_units_exponent_2': 6, 'D_layers': 6, 'D_layer_units_exponent_0': 10, 'D_layer_units_exponent_1': 7, 'D_layer_units_exponent_2': 9, 'D_layer_units_exponent_3': 6, 'D_layer_units_exponent_4': 10, 'D_layer_units_exponent_5': 4, 'log_learning_rate': -3.9911250712060555, 'log_learning_rate_D': -4.979533052915936, 'training_batch_size': 11, 'training_p': 7}. Best is trial 34 with value: 0.03669334203004837.
Time for this trial:  155.0465030670166
Memory status after this trial: 
Memory allocated:  894.23876953125
Memory cached:  908.0
--------------------  Trial  39   --------------------
Start timing: 
Parameters: 
{'W_layers': 4, 'W_layer_units_exponent_0': 8, 'W_layer_units_exponent_1': 10, 'W_layer_units_exponent_2': 5, 'W_layer_units_exponent_3': 6, 'D_layers': 6, 'D_layer_units_exponent_0': 10, 'D_layer_units_exponent_1': 9, 'D_layer_units_exponent_2': 9, 'D_layer_units_exponent_3': 4, 'D_layer_units_exponent_4': 10, 'D_layer_units_exponent_5': 5, 'log_learning_rate': -4.943076491699629, 'log_learning_rate_D': -4.285890281692038, 'training_batch_size': 11, 'training_p': 8}
	 epoch  0 training error:  tensor(1.5557, device='cuda:0', grad_fn=<DivBackward0>)
	 epoch  0 test error:  tensor(0.0878, device='cuda:0', grad_fn=<DivBackward0>)
Memory status after this epoch: 
Memory allocated:  515.9248046875
Memory cached:  774.0
	 epoch  10 training error:  tensor(0.9724, device='cuda:0', grad_fn=<DivBackward0>)
	 epoch  10 test error:  tensor(0.0724, device='cuda:0', grad_fn=<DivBackward0>)
Memory status after this epoch: 
Memory allocated:  520.3779296875
Memory cached:  1024.0
	 epoch  20 training error:  tensor(0.9214, device='cuda:0', grad_fn=<DivBackward0>)
	 epoch  20 test error:  tensor(0.0713, device='cuda:0', grad_fn=<DivBackward0>)
Memory status after this epoch: 
Memory allocated:  515.9248046875
Memory cached:  1024.0
	 epoch  30 training error:  tensor(0.6981, device='cuda:0', grad_fn=<DivBackward0>)
	 epoch  30 test error:  tensor(0.0492, device='cuda:0', grad_fn=<DivBackward0>)
Memory status after this epoch: 
Memory allocated:  520.3779296875
Memory cached:  1024.0
	 epoch  40 training error:  tensor(0.5117, device='cuda:0', grad_fn=<DivBackward0>)
	 epoch  40 test error:  tensor(0.0367, device='cuda:0', grad_fn=<DivBackward0>)
Memory status after this epoch: 
Memory allocated:  515.9248046875
Memory cached:  1024.0
	 epoch  50 training error:  tensor(0.4589, device='cuda:0', grad_fn=<DivBackward0>)
	 epoch  50 test error:  tensor(0.0400, device='cuda:0', grad_fn=<DivBackward0>)
Memory status after this epoch: 
Memory allocated:  520.3779296875
Memory cached:  1024.0
	 epoch  60 training error:  tensor(0.4623, device='cuda:0', grad_fn=<DivBackward0>)
	 epoch  60 test error:  tensor(0.0394, device='cuda:0', grad_fn=<DivBackward0>)
Memory status after this epoch: 
Memory allocated:  515.9248046875
Memory cached:  1024.0
	 epoch  70 training error:  tensor(0.4577, device='cuda:0', grad_fn=<DivBackward0>)
	 epoch  70 test error:  tensor(0.0377, device='cuda:0', grad_fn=<DivBackward0>)
Memory status after this epoch: 
Memory allocated:  520.3779296875
Memory cached:  1024.0
	 epoch  80 training error:  tensor(0.4547, device='cuda:0', grad_fn=<DivBackward0>)
	 epoch  80 test error:  tensor(0.0394, device='cuda:0', grad_fn=<DivBackward0>)
Memory status after this epoch: 
Memory allocated:  515.9248046875
Memory cached:  1024.0
	 epoch  90 training error:  tensor(0.4532, device='cuda:0', grad_fn=<DivBackward0>)
	 epoch  90 test error:  tensor(0.0386, device='cuda:0', grad_fn=<DivBackward0>)
Memory status after this epoch: 
Memory allocated:  520.3779296875
Memory cached:  1024.0
[I 2023-11-10 16:25:14,403] Trial 39 finished with value: 0.03916993364691734 and parameters: {'W_layers': 4, 'W_layer_units_exponent_0': 8, 'W_layer_units_exponent_1': 10, 'W_layer_units_exponent_2': 5, 'W_layer_units_exponent_3': 6, 'D_layers': 6, 'D_layer_units_exponent_0': 10, 'D_layer_units_exponent_1': 9, 'D_layer_units_exponent_2': 9, 'D_layer_units_exponent_3': 4, 'D_layer_units_exponent_4': 10, 'D_layer_units_exponent_5': 5, 'log_learning_rate': -4.943076491699629, 'log_learning_rate_D': -4.285890281692038, 'training_batch_size': 11, 'training_p': 8}. Best is trial 34 with value: 0.03669334203004837.
Time for this trial:  167.8781542778015
Memory status after this trial: 
Memory allocated:  993.71435546875
Memory cached:  1024.0
--------------------  Trial  40   --------------------
Start timing: 
Parameters: 
{'W_layers': 2, 'W_layer_units_exponent_0': 7, 'W_layer_units_exponent_1': 9, 'D_layers': 5, 'D_layer_units_exponent_0': 10, 'D_layer_units_exponent_1': 8, 'D_layer_units_exponent_2': 8, 'D_layer_units_exponent_3': 4, 'D_layer_units_exponent_4': 10, 'log_learning_rate': -4.738798348628731, 'log_learning_rate_D': -4.5020199761212805, 'training_batch_size': 10, 'training_p': 7}
	 epoch  0 training error:  tensor(8.0959, device='cuda:0', grad_fn=<DivBackward0>)
	 epoch  0 test error:  tensor(0.6774, device='cuda:0', grad_fn=<DivBackward0>)
Memory status after this epoch: 
Memory allocated:  441.11181640625
Memory cached:  668.0
	 epoch  10 training error:  tensor(2.7765, device='cuda:0', grad_fn=<DivBackward0>)
	 epoch  10 test error:  tensor(0.1846, device='cuda:0', grad_fn=<DivBackward0>)
Memory status after this epoch: 
Memory allocated:  435.25244140625
Memory cached:  868.0
	 epoch  20 training error:  tensor(1.9296, device='cuda:0', grad_fn=<DivBackward0>)
	 epoch  20 test error:  tensor(0.1448, device='cuda:0', grad_fn=<DivBackward0>)
Memory status after this epoch: 
Memory allocated:  441.11181640625
Memory cached:  868.0
	 epoch  30 training error:  tensor(0.9971, device='cuda:0', grad_fn=<DivBackward0>)
	 epoch  30 test error:  tensor(0.0867, device='cuda:0', grad_fn=<DivBackward0>)
Memory status after this epoch: 
Memory allocated:  436.09619140625
Memory cached:  868.0
	 epoch  40 training error:  tensor(1.0011, device='cuda:0', grad_fn=<DivBackward0>)
	 epoch  40 test error:  tensor(0.0712, device='cuda:0', grad_fn=<DivBackward0>)
Memory status after this epoch: 
Memory allocated:  440.73681640625
Memory cached:  868.0
	 epoch  50 training error:  tensor(0.9949, device='cuda:0', grad_fn=<DivBackward0>)
	 epoch  50 test error:  tensor(0.0764, device='cuda:0', grad_fn=<DivBackward0>)
Memory status after this epoch: 
Memory allocated:  436.09619140625
Memory cached:  868.0
	 epoch  60 training error:  tensor(0.9238, device='cuda:0', grad_fn=<DivBackward0>)
	 epoch  60 test error:  tensor(0.0688, device='cuda:0', grad_fn=<DivBackward0>)
Memory status after this epoch: 
Memory allocated:  440.73681640625
Memory cached:  868.0
	 epoch  70 training error:  tensor(0.9133, device='cuda:0', grad_fn=<DivBackward0>)
	 epoch  70 test error:  tensor(0.0672, device='cuda:0', grad_fn=<DivBackward0>)
Memory status after this epoch: 
Memory allocated:  436.09619140625
Memory cached:  868.0
	 epoch  80 training error:  tensor(0.8829, device='cuda:0', grad_fn=<DivBackward0>)
	 epoch  80 test error:  tensor(0.0663, device='cuda:0', grad_fn=<DivBackward0>)
Memory status after this epoch: 
Memory allocated:  440.73681640625
Memory cached:  868.0
	 epoch  90 training error:  tensor(0.8428, device='cuda:0', grad_fn=<DivBackward0>)
	 epoch  90 test error:  tensor(0.0636, device='cuda:0', grad_fn=<DivBackward0>)
Memory status after this epoch: 
Memory allocated:  436.09619140625
Memory cached:  868.0
[I 2023-11-10 16:27:30,930] Trial 40 finished with value: 0.059986066073179245 and parameters: {'W_layers': 2, 'W_layer_units_exponent_0': 7, 'W_layer_units_exponent_1': 9, 'D_layers': 5, 'D_layer_units_exponent_0': 10, 'D_layer_units_exponent_1': 8, 'D_layer_units_exponent_2': 8, 'D_layer_units_exponent_3': 4, 'D_layer_units_exponent_4': 10, 'log_learning_rate': -4.738798348628731, 'log_learning_rate_D': -4.5020199761212805, 'training_batch_size': 10, 'training_p': 7}. Best is trial 34 with value: 0.03669334203004837.
Time for this trial:  136.27360105514526
Memory status after this trial: 
Memory allocated:  853.14990234375
Memory cached:  868.0
--------------------  Trial  41   --------------------
Start timing: 
Parameters: 
{'W_layers': 2, 'W_layer_units_exponent_0': 7, 'W_layer_units_exponent_1': 10, 'D_layers': 7, 'D_layer_units_exponent_0': 10, 'D_layer_units_exponent_1': 8, 'D_layer_units_exponent_2': 8, 'D_layer_units_exponent_3': 5, 'D_layer_units_exponent_4': 9, 'D_layer_units_exponent_5': 7, 'D_layer_units_exponent_6': 6, 'log_learning_rate': -4.230855929906987, 'log_learning_rate_D': -4.7133398355092915, 'training_batch_size': 12, 'training_p': 8}
	 epoch  0 training error:  tensor(10.7446, device='cuda:0', grad_fn=<DivBackward0>)
	 epoch  0 test error:  tensor(0.7653, device='cuda:0', grad_fn=<DivBackward0>)
Memory status after this epoch: 
Memory allocated:  449.38330078125
Memory cached:  700.0
	 epoch  10 training error:  tensor(1.6468, device='cuda:0', grad_fn=<DivBackward0>)
	 epoch  10 test error:  tensor(0.0660, device='cuda:0', grad_fn=<DivBackward0>)
Memory status after this epoch: 
Memory allocated:  454.02392578125
Memory cached:  892.0
	 epoch  20 training error:  tensor(1.7041, device='cuda:0', grad_fn=<DivBackward0>)
	 epoch  20 test error:  tensor(0.1293, device='cuda:0', grad_fn=<DivBackward0>)
Memory status after this epoch: 
Memory allocated:  449.38330078125
Memory cached:  892.0
	 epoch  30 training error:  tensor(1.0009, device='cuda:0', grad_fn=<DivBackward0>)
	 epoch  30 test error:  tensor(0.0746, device='cuda:0', grad_fn=<DivBackward0>)
Memory status after this epoch: 
Memory allocated:  454.02392578125
Memory cached:  892.0
	 epoch  40 training error:  tensor(0.7924, device='cuda:0', grad_fn=<DivBackward0>)
	 epoch  40 test error:  tensor(0.0492, device='cuda:0', grad_fn=<DivBackward0>)
Memory status after this epoch: 
Memory allocated:  449.38330078125
Memory cached:  892.0
	 epoch  50 training error:  tensor(0.6191, device='cuda:0', grad_fn=<DivBackward0>)
	 epoch  50 test error:  tensor(0.0420, device='cuda:0', grad_fn=<DivBackward0>)
Memory status after this epoch: 
Memory allocated:  454.02392578125
Memory cached:  892.0
	 epoch  60 training error:  tensor(0.5192, device='cuda:0', grad_fn=<DivBackward0>)
	 epoch  60 test error:  tensor(0.0375, device='cuda:0', grad_fn=<DivBackward0>)
Memory status after this epoch: 
Memory allocated:  449.38330078125
Memory cached:  894.0
	 epoch  70 training error:  tensor(0.5015, device='cuda:0', grad_fn=<DivBackward0>)
	 epoch  70 test error:  tensor(0.0385, device='cuda:0', grad_fn=<DivBackward0>)
Memory status after this epoch: 
Memory allocated:  454.02392578125
Memory cached:  896.0
	 epoch  80 training error:  tensor(0.4887, device='cuda:0', grad_fn=<DivBackward0>)
	 epoch  80 test error:  tensor(0.0361, device='cuda:0', grad_fn=<DivBackward0>)
Memory status after this epoch: 
Memory allocated:  449.38330078125
Memory cached:  896.0
	 epoch  90 training error:  tensor(0.4759, device='cuda:0', grad_fn=<DivBackward0>)
	 epoch  90 test error:  tensor(0.0383, device='cuda:0', grad_fn=<DivBackward0>)
Memory status after this epoch: 
Memory allocated:  454.02392578125
Memory cached:  898.0
