[I 2023-11-17 16:10:12,342] Trial 21 finished with value: 0.19218310713768005 and parameters: {'W_layers': 4, 'W_layer_units_exponent_0': 9, 'W_layer_units_exponent_1': 4, 'W_layer_units_exponent_2': 8, 'W_layer_units_exponent_3': 9, 'D_layers': 5, 'D_layer_units_exponent_0': 6, 'D_layer_units_exponent_1': 4, 'D_layer_units_exponent_2': 9, 'D_layer_units_exponent_3': 9, 'D_layer_units_exponent_4': 10, 'log_learning_rate': -2.2624549048061326, 'log_learning_rate_D': -3.3665699820352626, 'training_batch_size': 11, 'training_p': 3}. Best is trial 12 with value: 0.1905091106891632.
Time for this trial:  151.10631227493286
Memory status after this trial: 
Memory allocated:  651.001953125
Memory cached:  660.0
--------------------  Trial  22   --------------------
Start timing: 
Parameters: 
{'W_layers': 3, 'W_layer_units_exponent_0': 9, 'W_layer_units_exponent_1': 4, 'W_layer_units_exponent_2': 9, 'D_layers': 5, 'D_layer_units_exponent_0': 5, 'D_layer_units_exponent_1': 6, 'D_layer_units_exponent_2': 9, 'D_layer_units_exponent_3': 8, 'D_layer_units_exponent_4': 9, 'log_learning_rate': -2.6074097947439556, 'log_learning_rate_D': -2.8689434819445983, 'training_batch_size': 11, 'training_p': 2}
	 epoch  0 training error:  tensor(1.0001, device='cuda:0', grad_fn=<DivBackward0>)
	 epoch  0 test error:  tensor(0.2006, device='cuda:0', grad_fn=<DivBackward0>)
Memory status after this epoch: 
Memory allocated:  273.6474609375
Memory cached:  410.0
	 epoch  10 training error:  tensor(0.9978, device='cuda:0', grad_fn=<DivBackward0>)
	 epoch  10 test error:  tensor(0.1921, device='cuda:0', grad_fn=<DivBackward0>)
Memory status after this epoch: 
Memory allocated:  276.0849609375
Memory cached:  550.0
	 epoch  20 training error:  tensor(0.9944, device='cuda:0', grad_fn=<DivBackward0>)
	 epoch  20 test error:  tensor(0.1910, device='cuda:0', grad_fn=<DivBackward0>)
Memory status after this epoch: 
Memory allocated:  273.6474609375
Memory cached:  550.0
	 epoch  30 training error:  tensor(0.9939, device='cuda:0', grad_fn=<DivBackward0>)
	 epoch  30 test error:  tensor(0.1903, device='cuda:0', grad_fn=<DivBackward0>)
Memory status after this epoch: 
Memory allocated:  276.0849609375
Memory cached:  550.0
	 epoch  40 training error:  tensor(0.9936, device='cuda:0', grad_fn=<DivBackward0>)
	 epoch  40 test error:  tensor(0.1908, device='cuda:0', grad_fn=<DivBackward0>)
Memory status after this epoch: 
Memory allocated:  273.6474609375
Memory cached:  552.0
	 epoch  50 training error:  tensor(0.9934, device='cuda:0', grad_fn=<DivBackward0>)
	 epoch  50 test error:  tensor(0.1904, device='cuda:0', grad_fn=<DivBackward0>)
Memory status after this epoch: 
Memory allocated:  276.0849609375
Memory cached:  554.0
	 epoch  60 training error:  tensor(0.9932, device='cuda:0', grad_fn=<DivBackward0>)
	 epoch  60 test error:  tensor(0.1905, device='cuda:0', grad_fn=<DivBackward0>)
Memory status after this epoch: 
Memory allocated:  273.6474609375
Memory cached:  554.0
	 epoch  70 training error:  tensor(0.9929, device='cuda:0', grad_fn=<DivBackward0>)
	 epoch  70 test error:  tensor(0.1905, device='cuda:0', grad_fn=<DivBackward0>)
Memory status after this epoch: 
Memory allocated:  276.0849609375
Memory cached:  552.0
	 epoch  80 training error:  tensor(0.9922, device='cuda:0', grad_fn=<DivBackward0>)
	 epoch  80 test error:  tensor(0.1904, device='cuda:0', grad_fn=<DivBackward0>)
Memory status after this epoch: 
Memory allocated:  273.6474609375
Memory cached:  550.0
	 epoch  90 training error:  tensor(0.9907, device='cuda:0', grad_fn=<DivBackward0>)
	 epoch  90 test error:  tensor(0.1905, device='cuda:0', grad_fn=<DivBackward0>)
Memory status after this epoch: 
Memory allocated:  276.0849609375
Memory cached:  550.0
[I 2023-11-17 16:12:29,639] Trial 22 finished with value: 0.1905689537525177 and parameters: {'W_layers': 3, 'W_layer_units_exponent_0': 9, 'W_layer_units_exponent_1': 4, 'W_layer_units_exponent_2': 9, 'D_layers': 5, 'D_layer_units_exponent_0': 5, 'D_layer_units_exponent_1': 6, 'D_layer_units_exponent_2': 9, 'D_layer_units_exponent_3': 8, 'D_layer_units_exponent_4': 9, 'log_learning_rate': -2.6074097947439556, 'log_learning_rate_D': -2.8689434819445983, 'training_batch_size': 11, 'training_p': 2}. Best is trial 12 with value: 0.1905091106891632.
Time for this trial:  137.07013702392578
Memory status after this trial: 
Memory allocated:  538.73046875
Memory cached:  550.0
--------------------  Trial  23   --------------------
Start timing: 
Parameters: 
{'W_layers': 2, 'W_layer_units_exponent_0': 8, 'W_layer_units_exponent_1': 5, 'D_layers': 6, 'D_layer_units_exponent_0': 5, 'D_layer_units_exponent_1': 6, 'D_layer_units_exponent_2': 7, 'D_layer_units_exponent_3': 8, 'D_layer_units_exponent_4': 9, 'D_layer_units_exponent_5': 7, 'log_learning_rate': -2.652012446174383, 'log_learning_rate_D': -2.8804208919910925, 'training_batch_size': 10, 'training_p': 2}
	 epoch  0 training error:  tensor(1.0028, device='cuda:0', grad_fn=<DivBackward0>)
	 epoch  0 test error:  tensor(0.2014, device='cuda:0', grad_fn=<DivBackward0>)
Memory status after this epoch: 
Memory allocated:  221.1240234375
Memory cached:  356.0
	 epoch  10 training error:  tensor(0.9968, device='cuda:0', grad_fn=<DivBackward0>)
	 epoch  10 test error:  tensor(0.1929, device='cuda:0', grad_fn=<DivBackward0>)
Memory status after this epoch: 
Memory allocated:  218.6865234375
Memory cached:  442.0
	 epoch  20 training error:  tensor(0.9956, device='cuda:0', grad_fn=<DivBackward0>)
	 epoch  20 test error:  tensor(0.1922, device='cuda:0', grad_fn=<DivBackward0>)
Memory status after this epoch: 
Memory allocated:  221.1240234375
Memory cached:  442.0
	 epoch  30 training error:  tensor(0.9940, device='cuda:0', grad_fn=<DivBackward0>)
	 epoch  30 test error:  tensor(0.1916, device='cuda:0', grad_fn=<DivBackward0>)
Memory status after this epoch: 
Memory allocated:  218.6865234375
Memory cached:  442.0
	 epoch  40 training error:  tensor(0.9939, device='cuda:0', grad_fn=<DivBackward0>)
	 epoch  40 test error:  tensor(0.1916, device='cuda:0', grad_fn=<DivBackward0>)
Memory status after this epoch: 
Memory allocated:  221.1240234375
Memory cached:  444.0
	 epoch  50 training error:  tensor(0.9937, device='cuda:0', grad_fn=<DivBackward0>)
	 epoch  50 test error:  tensor(0.1915, device='cuda:0', grad_fn=<DivBackward0>)
Memory status after this epoch: 
Memory allocated:  218.6865234375
Memory cached:  446.0
	 epoch  60 training error:  tensor(0.9935, device='cuda:0', grad_fn=<DivBackward0>)
	 epoch  60 test error:  tensor(0.1915, device='cuda:0', grad_fn=<DivBackward0>)
Memory status after this epoch: 
Memory allocated:  221.1240234375
Memory cached:  448.0
	 epoch  70 training error:  tensor(0.9975, device='cuda:0', grad_fn=<DivBackward0>)
	 epoch  70 test error:  tensor(0.1925, device='cuda:0', grad_fn=<DivBackward0>)
Memory status after this epoch: 
Memory allocated:  218.6865234375
Memory cached:  448.0
	 epoch  80 training error:  tensor(0.9933, device='cuda:0', grad_fn=<DivBackward0>)
	 epoch  80 test error:  tensor(0.1918, device='cuda:0', grad_fn=<DivBackward0>)
Memory status after this epoch: 
Memory allocated:  221.1240234375
Memory cached:  446.0
	 epoch  90 training error:  tensor(0.9923, device='cuda:0', grad_fn=<DivBackward0>)
	 epoch  90 test error:  tensor(0.1909, device='cuda:0', grad_fn=<DivBackward0>)
Memory status after this epoch: 
Memory allocated:  218.6865234375
Memory cached:  444.0
[I 2023-11-17 16:14:39,291] Trial 23 finished with value: 0.19070318341255188 and parameters: {'W_layers': 2, 'W_layer_units_exponent_0': 8, 'W_layer_units_exponent_1': 5, 'D_layers': 6, 'D_layer_units_exponent_0': 5, 'D_layer_units_exponent_1': 6, 'D_layer_units_exponent_2': 7, 'D_layer_units_exponent_3': 8, 'D_layer_units_exponent_4': 9, 'D_layer_units_exponent_5': 7, 'log_learning_rate': -2.652012446174383, 'log_learning_rate_D': -2.8804208919910925, 'training_batch_size': 10, 'training_p': 2}. Best is trial 12 with value: 0.1905091106891632.
Time for this trial:  129.42381691932678
Memory status after this trial: 
Memory allocated:  430.44921875
Memory cached:  444.0
--------------------  Trial  24   --------------------
Start timing: 
Parameters: 
{'W_layers': 3, 'W_layer_units_exponent_0': 10, 'W_layer_units_exponent_1': 4, 'W_layer_units_exponent_2': 9, 'D_layers': 7, 'D_layer_units_exponent_0': 4, 'D_layer_units_exponent_1': 6, 'D_layer_units_exponent_2': 8, 'D_layer_units_exponent_3': 7, 'D_layer_units_exponent_4': 9, 'D_layer_units_exponent_5': 4, 'D_layer_units_exponent_6': 6, 'log_learning_rate': -1.8359618511002822, 'log_learning_rate_D': -2.457151591094492, 'training_batch_size': 11, 'training_p': 2}
	 epoch  0 training error:  tensor(1.0024, device='cuda:0', grad_fn=<DivBackward0>)
	 epoch  0 test error:  tensor(0.2275, device='cuda:0', grad_fn=<DivBackward0>)
Memory status after this epoch: 
Memory allocated:  282.03955078125
Memory cached:  418.0
	 epoch  10 training error:  tensor(1., device='cuda:0', grad_fn=<DivBackward0>)
	 epoch  10 test error:  tensor(0.1922, device='cuda:0', grad_fn=<DivBackward0>)
Memory status after this epoch: 
Memory allocated:  284.47705078125
Memory cached:  570.0
	 epoch  20 training error:  tensor(1., device='cuda:0', grad_fn=<DivBackward0>)
	 epoch  20 test error:  tensor(0.1922, device='cuda:0', grad_fn=<DivBackward0>)
Memory status after this epoch: 
Memory allocated:  282.03955078125
Memory cached:  570.0
	 epoch  30 training error:  tensor(1., device='cuda:0', grad_fn=<DivBackward0>)
	 epoch  30 test error:  tensor(0.1922, device='cuda:0', grad_fn=<DivBackward0>)
Memory status after this epoch: 
Memory allocated:  284.47705078125
Memory cached:  570.0
	 epoch  40 training error:  tensor(1., device='cuda:0', grad_fn=<DivBackward0>)
	 epoch  40 test error:  tensor(0.1922, device='cuda:0', grad_fn=<DivBackward0>)
Memory status after this epoch: 
Memory allocated:  282.03955078125
Memory cached:  572.0
	 epoch  50 training error:  tensor(1., device='cuda:0', grad_fn=<DivBackward0>)
	 epoch  50 test error:  tensor(0.1922, device='cuda:0', grad_fn=<DivBackward0>)
Memory status after this epoch: 
Memory allocated:  284.47705078125
Memory cached:  572.0
	 epoch  60 training error:  tensor(1., device='cuda:0', grad_fn=<DivBackward0>)
	 epoch  60 test error:  tensor(0.1922, device='cuda:0', grad_fn=<DivBackward0>)
Memory status after this epoch: 
Memory allocated:  282.03955078125
Memory cached:  570.0
	 epoch  70 training error:  tensor(1., device='cuda:0', grad_fn=<DivBackward0>)
	 epoch  70 test error:  tensor(0.1922, device='cuda:0', grad_fn=<DivBackward0>)
Memory status after this epoch: 
Memory allocated:  284.47705078125
Memory cached:  570.0
	 epoch  80 training error:  tensor(1., device='cuda:0', grad_fn=<DivBackward0>)
	 epoch  80 test error:  tensor(0.1922, device='cuda:0', grad_fn=<DivBackward0>)
Memory status after this epoch: 
Memory allocated:  282.03955078125
Memory cached:  570.0
	 epoch  90 training error:  tensor(1., device='cuda:0', grad_fn=<DivBackward0>)
	 epoch  90 test error:  tensor(0.1922, device='cuda:0', grad_fn=<DivBackward0>)
Memory status after this epoch: 
Memory allocated:  284.47705078125
Memory cached:  572.0
[I 2023-11-17 16:17:09,635] Trial 24 finished with value: 0.19218310713768005 and parameters: {'W_layers': 3, 'W_layer_units_exponent_0': 10, 'W_layer_units_exponent_1': 4, 'W_layer_units_exponent_2': 9, 'D_layers': 7, 'D_layer_units_exponent_0': 4, 'D_layer_units_exponent_1': 6, 'D_layer_units_exponent_2': 8, 'D_layer_units_exponent_3': 7, 'D_layer_units_exponent_4': 9, 'D_layer_units_exponent_5': 4, 'D_layer_units_exponent_6': 6, 'log_learning_rate': -1.8359618511002822, 'log_learning_rate_D': -2.457151591094492, 'training_batch_size': 11, 'training_p': 2}. Best is trial 12 with value: 0.1905091106891632.
Time for this trial:  150.1264626979828
Memory status after this trial: 
Memory allocated:  559.0712890625
Memory cached:  574.0
--------------------  Trial  25   --------------------
Start timing: 
Parameters: 
{'W_layers': 5, 'W_layer_units_exponent_0': 7, 'W_layer_units_exponent_1': 6, 'W_layer_units_exponent_2': 7, 'W_layer_units_exponent_3': 7, 'W_layer_units_exponent_4': 7, 'D_layers': 5, 'D_layer_units_exponent_0': 5, 'D_layer_units_exponent_1': 5, 'D_layer_units_exponent_2': 6, 'D_layer_units_exponent_3': 8, 'D_layer_units_exponent_4': 9, 'log_learning_rate': -1.963753457753519, 'log_learning_rate_D': -3.618690817785352, 'training_batch_size': 10, 'training_p': 3}
	 epoch  0 training error:  tensor(1.0026, device='cuda:0', grad_fn=<DivBackward0>)
	 epoch  0 test error:  tensor(0.2807, device='cuda:0', grad_fn=<DivBackward0>)
Memory status after this epoch: 
Memory allocated:  223.90185546875
Memory cached:  358.0
	 epoch  10 training error:  tensor(0.9932, device='cuda:0', grad_fn=<DivBackward0>)
	 epoch  10 test error:  tensor(0.1920, device='cuda:0', grad_fn=<DivBackward0>)
Memory status after this epoch: 
Memory allocated:  221.46435546875
Memory cached:  448.0
	 epoch  20 training error:  tensor(1.0010, device='cuda:0', grad_fn=<DivBackward0>)
	 epoch  20 test error:  tensor(0.1923, device='cuda:0', grad_fn=<DivBackward0>)
Memory status after this epoch: 
Memory allocated:  223.90185546875
Memory cached:  450.0
	 epoch  30 training error:  tensor(1.0000, device='cuda:0', grad_fn=<DivBackward0>)
	 epoch  30 test error:  tensor(0.1922, device='cuda:0', grad_fn=<DivBackward0>)
Memory status after this epoch: 
Memory allocated:  221.46435546875
Memory cached:  448.0
	 epoch  40 training error:  tensor(1.0000, device='cuda:0', grad_fn=<DivBackward0>)
	 epoch  40 test error:  tensor(0.1922, device='cuda:0', grad_fn=<DivBackward0>)
Memory status after this epoch: 
Memory allocated:  223.90185546875
Memory cached:  450.0
	 epoch  50 training error:  tensor(1.0000, device='cuda:0', grad_fn=<DivBackward0>)
	 epoch  50 test error:  tensor(0.1922, device='cuda:0', grad_fn=<DivBackward0>)
Memory status after this epoch: 
Memory allocated:  221.46435546875
Memory cached:  452.0
	 epoch  60 training error:  tensor(1.0000, device='cuda:0', grad_fn=<DivBackward0>)
	 epoch  60 test error:  tensor(0.1922, device='cuda:0', grad_fn=<DivBackward0>)
Memory status after this epoch: 
Memory allocated:  223.90185546875
Memory cached:  454.0
	 epoch  70 training error:  tensor(1.0000, device='cuda:0', grad_fn=<DivBackward0>)
	 epoch  70 test error:  tensor(0.1922, device='cuda:0', grad_fn=<DivBackward0>)
Memory status after this epoch: 
Memory allocated:  221.46435546875
Memory cached:  454.0
	 epoch  80 training error:  tensor(1.0000, device='cuda:0', grad_fn=<DivBackward0>)
	 epoch  80 test error:  tensor(0.1922, device='cuda:0', grad_fn=<DivBackward0>)
Memory status after this epoch: 
Memory allocated:  223.90185546875
Memory cached:  454.0
	 epoch  90 training error:  tensor(1.0000, device='cuda:0', grad_fn=<DivBackward0>)
	 epoch  90 test error:  tensor(0.1922, device='cuda:0', grad_fn=<DivBackward0>)
Memory status after this epoch: 
Memory allocated:  221.46435546875
Memory cached:  454.0
[I 2023-11-17 16:19:36,769] Trial 25 finished with value: 0.1921832114458084 and parameters: {'W_layers': 5, 'W_layer_units_exponent_0': 7, 'W_layer_units_exponent_1': 6, 'W_layer_units_exponent_2': 7, 'W_layer_units_exponent_3': 7, 'W_layer_units_exponent_4': 7, 'D_layers': 5, 'D_layer_units_exponent_0': 5, 'D_layer_units_exponent_1': 5, 'D_layer_units_exponent_2': 6, 'D_layer_units_exponent_3': 8, 'D_layer_units_exponent_4': 9, 'log_learning_rate': -1.963753457753519, 'log_learning_rate_D': -3.618690817785352, 'training_batch_size': 10, 'training_p': 3}. Best is trial 12 with value: 0.1905091106891632.
Time for this trial:  146.8752682209015
Memory status after this trial: 
Memory allocated:  437.14453125
Memory cached:  456.0
--------------------  Trial  26   --------------------
Start timing: 
Parameters: 
{'W_layers': 8, 'W_layer_units_exponent_0': 9, 'W_layer_units_exponent_1': 5, 'W_layer_units_exponent_2': 9, 'W_layer_units_exponent_3': 8, 'W_layer_units_exponent_4': 9, 'W_layer_units_exponent_5': 5, 'W_layer_units_exponent_6': 4, 'W_layer_units_exponent_7': 7, 'D_layers': 3, 'D_layer_units_exponent_0': 7, 'D_layer_units_exponent_1': 8, 'D_layer_units_exponent_2': 9, 'log_learning_rate': -3.1498439449724547, 'log_learning_rate_D': -2.9387787960034903, 'training_batch_size': 12, 'training_p': 4}
	 epoch  0 training error:  tensor(0.9996, device='cuda:0', grad_fn=<DivBackward0>)
	 epoch  0 test error:  tensor(0.1915, device='cuda:0', grad_fn=<DivBackward0>)
Memory status after this epoch: 
Memory allocated:  302.07177734375
Memory cached:  438.0
	 epoch  10 training error:  tensor(0.9915, device='cuda:0', grad_fn=<DivBackward0>)
	 epoch  10 test error:  tensor(0.1920, device='cuda:0', grad_fn=<DivBackward0>)
Memory status after this epoch: 
Memory allocated:  304.50927734375
Memory cached:  606.0
	 epoch  20 training error:  tensor(0.9911, device='cuda:0', grad_fn=<DivBackward0>)
	 epoch  20 test error:  tensor(0.1926, device='cuda:0', grad_fn=<DivBackward0>)
Memory status after this epoch: 
Memory allocated:  302.07177734375
Memory cached:  606.0
	 epoch  30 training error:  tensor(0.9910, device='cuda:0', grad_fn=<DivBackward0>)
	 epoch  30 test error:  tensor(0.1925, device='cuda:0', grad_fn=<DivBackward0>)
Memory status after this epoch: 
Memory allocated:  304.50927734375
Memory cached:  606.0
	 epoch  40 training error:  tensor(0.9906, device='cuda:0', grad_fn=<DivBackward0>)
	 epoch  40 test error:  tensor(0.1929, device='cuda:0', grad_fn=<DivBackward0>)
Memory status after this epoch: 
Memory allocated:  302.07177734375
Memory cached:  606.0
	 epoch  50 training error:  tensor(0.9901, device='cuda:0', grad_fn=<DivBackward0>)
	 epoch  50 test error:  tensor(0.1933, device='cuda:0', grad_fn=<DivBackward0>)
Memory status after this epoch: 
Memory allocated:  304.50927734375
Memory cached:  606.0
	 epoch  60 training error:  tensor(0.9893, device='cuda:0', grad_fn=<DivBackward0>)
	 epoch  60 test error:  tensor(0.1937, device='cuda:0', grad_fn=<DivBackward0>)
Memory status after this epoch: 
Memory allocated:  302.07177734375
Memory cached:  606.0
	 epoch  70 training error:  tensor(0.9892, device='cuda:0', grad_fn=<DivBackward0>)
	 epoch  70 test error:  tensor(0.1937, device='cuda:0', grad_fn=<DivBackward0>)
Memory status after this epoch: 
Memory allocated:  304.50927734375
Memory cached:  608.0
	 epoch  80 training error:  tensor(0.9891, device='cuda:0', grad_fn=<DivBackward0>)
	 epoch  80 test error:  tensor(0.1935, device='cuda:0', grad_fn=<DivBackward0>)
Memory status after this epoch: 
Memory allocated:  302.07177734375
Memory cached:  606.0
	 epoch  90 training error:  tensor(0.9890, device='cuda:0', grad_fn=<DivBackward0>)
	 epoch  90 test error:  tensor(0.1937, device='cuda:0', grad_fn=<DivBackward0>)
Memory status after this epoch: 
Memory allocated:  304.50927734375
Memory cached:  606.0
