[I 2023-11-17 15:05:49,808] Trial 1 finished with value: 0.19333940744400024 and parameters: {'W_layers': 3, 'W_layer_units_exponent_0': 9, 'W_layer_units_exponent_1': 9, 'W_layer_units_exponent_2': 10, 'D_layers': 2, 'D_layer_units_exponent_0': 9, 'D_layer_units_exponent_1': 9, 'log_learning_rate': -2.9857047793871563, 'log_learning_rate_D': -3.7968062733519794, 'training_batch_size': 9, 'training_p': 4}. Best is trial 1 with value: 0.19333940744400024.
Time for this trial:  117.90019154548645
Memory status after this trial: 
Memory allocated:  614.9765625
Memory cached:  632.0
--------------------  Trial  2   --------------------
Start timing: 
Parameters: 
{'W_layers': 7, 'W_layer_units_exponent_0': 4, 'W_layer_units_exponent_1': 7, 'W_layer_units_exponent_2': 7, 'W_layer_units_exponent_3': 8, 'W_layer_units_exponent_4': 5, 'W_layer_units_exponent_5': 10, 'W_layer_units_exponent_6': 9, 'D_layers': 5, 'D_layer_units_exponent_0': 7, 'D_layer_units_exponent_1': 6, 'D_layer_units_exponent_2': 10, 'D_layer_units_exponent_3': 9, 'D_layer_units_exponent_4': 8, 'log_learning_rate': -3.454962446649878, 'log_learning_rate_D': -3.1547335341787415, 'training_batch_size': 6, 'training_p': 5}
	 epoch  0 training error:  tensor(0.9996, device='cuda:0', grad_fn=<DivBackward0>)
	 epoch  0 test error:  tensor(0.1915, device='cuda:0', grad_fn=<DivBackward0>)
Memory status after this epoch: 
Memory allocated:  379.31103515625
Memory cached:  526.0
	 epoch  10 training error:  tensor(0.9902, device='cuda:0', grad_fn=<DivBackward0>)
	 epoch  10 test error:  tensor(0.1928, device='cuda:0', grad_fn=<DivBackward0>)
Memory status after this epoch: 
Memory allocated:  379.77978515625
Memory cached:  756.0
	 epoch  20 training error:  tensor(0.9898, device='cuda:0', grad_fn=<DivBackward0>)
	 epoch  20 test error:  tensor(0.1928, device='cuda:0', grad_fn=<DivBackward0>)
Memory status after this epoch: 
Memory allocated:  379.07666015625
Memory cached:  756.0
	 epoch  30 training error:  tensor(0.9895, device='cuda:0', grad_fn=<DivBackward0>)
	 epoch  30 test error:  tensor(0.1931, device='cuda:0', grad_fn=<DivBackward0>)
Memory status after this epoch: 
Memory allocated:  379.77978515625
Memory cached:  756.0
	 epoch  40 training error:  tensor(0.9891, device='cuda:0', grad_fn=<DivBackward0>)
	 epoch  40 test error:  tensor(0.1932, device='cuda:0', grad_fn=<DivBackward0>)
Memory status after this epoch: 
Memory allocated:  379.07666015625
Memory cached:  756.0
	 epoch  50 training error:  tensor(0.9889, device='cuda:0', grad_fn=<DivBackward0>)
	 epoch  50 test error:  tensor(0.1932, device='cuda:0', grad_fn=<DivBackward0>)
Memory status after this epoch: 
Memory allocated:  379.77978515625
Memory cached:  756.0
	 epoch  60 training error:  tensor(0.9885, device='cuda:0', grad_fn=<DivBackward0>)
	 epoch  60 test error:  tensor(0.1941, device='cuda:0', grad_fn=<DivBackward0>)
Memory status after this epoch: 
Memory allocated:  379.07666015625
Memory cached:  756.0
	 epoch  70 training error:  tensor(0.9879, device='cuda:0', grad_fn=<DivBackward0>)
	 epoch  70 test error:  tensor(0.1937, device='cuda:0', grad_fn=<DivBackward0>)
Memory status after this epoch: 
Memory allocated:  379.77978515625
Memory cached:  756.0
	 epoch  80 training error:  tensor(0.9871, device='cuda:0', grad_fn=<DivBackward0>)
	 epoch  80 test error:  tensor(0.1946, device='cuda:0', grad_fn=<DivBackward0>)
Memory status after this epoch: 
Memory allocated:  379.07666015625
Memory cached:  756.0
	 epoch  90 training error:  tensor(0.9910, device='cuda:0', grad_fn=<DivBackward0>)
	 epoch  90 test error:  tensor(0.1921, device='cuda:0', grad_fn=<DivBackward0>)
Memory status after this epoch: 
Memory allocated:  379.77978515625
Memory cached:  756.0
[I 2023-11-17 15:10:45,141] Trial 2 finished with value: 0.19540731608867645 and parameters: {'W_layers': 7, 'W_layer_units_exponent_0': 4, 'W_layer_units_exponent_1': 7, 'W_layer_units_exponent_2': 7, 'W_layer_units_exponent_3': 8, 'W_layer_units_exponent_4': 5, 'W_layer_units_exponent_5': 10, 'W_layer_units_exponent_6': 9, 'D_layers': 5, 'D_layer_units_exponent_0': 7, 'D_layer_units_exponent_1': 6, 'D_layer_units_exponent_2': 10, 'D_layer_units_exponent_3': 9, 'D_layer_units_exponent_4': 8, 'log_learning_rate': -3.454962446649878, 'log_learning_rate_D': -3.1547335341787415, 'training_batch_size': 6, 'training_p': 5}. Best is trial 1 with value: 0.19333940744400024.
Time for this trial:  295.1573507785797
Memory status after this trial: 
Memory allocated:  723.5556640625
Memory cached:  756.0
--------------------  Trial  3   --------------------
Start timing: 
Parameters: 
{'W_layers': 2, 'W_layer_units_exponent_0': 4, 'W_layer_units_exponent_1': 8, 'D_layers': 3, 'D_layer_units_exponent_0': 9, 'D_layer_units_exponent_1': 6, 'D_layer_units_exponent_2': 10, 'log_learning_rate': -3.956152866228843, 'log_learning_rate_D': -1.845337907268222, 'training_batch_size': 6, 'training_p': 4}
	 epoch  0 training error:  tensor(0.9954, device='cuda:0', grad_fn=<DivBackward0>)
	 epoch  0 test error:  tensor(0.1915, device='cuda:0', grad_fn=<DivBackward0>)
Memory status after this epoch: 
Memory allocated:  242.55322265625
Memory cached:  370.0
	 epoch  10 training error:  tensor(0.9929, device='cuda:0', grad_fn=<DivBackward0>)
	 epoch  10 test error:  tensor(0.1927, device='cuda:0', grad_fn=<DivBackward0>)
Memory status after this epoch: 
Memory allocated:  241.75634765625
Memory cached:  498.0
	 epoch  20 training error:  tensor(0.9909, device='cuda:0', grad_fn=<DivBackward0>)
	 epoch  20 test error:  tensor(0.1928, device='cuda:0', grad_fn=<DivBackward0>)
Memory status after this epoch: 
Memory allocated:  243.25634765625
Memory cached:  498.0
	 epoch  30 training error:  tensor(0.9909, device='cuda:0', grad_fn=<DivBackward0>)
	 epoch  30 test error:  tensor(0.1920, device='cuda:0', grad_fn=<DivBackward0>)
Memory status after this epoch: 
Memory allocated:  241.94384765625
Memory cached:  482.0
	 epoch  40 training error:  tensor(0.9892, device='cuda:0', grad_fn=<DivBackward0>)
	 epoch  40 test error:  tensor(0.1923, device='cuda:0', grad_fn=<DivBackward0>)
Memory status after this epoch: 
Memory allocated:  243.25634765625
Memory cached:  482.0
	 epoch  50 training error:  tensor(0.9943, device='cuda:0', grad_fn=<DivBackward0>)
	 epoch  50 test error:  tensor(0.1926, device='cuda:0', grad_fn=<DivBackward0>)
Memory status after this epoch: 
Memory allocated:  241.94384765625
Memory cached:  482.0
	 epoch  60 training error:  tensor(0.9921, device='cuda:0', grad_fn=<DivBackward0>)
	 epoch  60 test error:  tensor(0.1923, device='cuda:0', grad_fn=<DivBackward0>)
Memory status after this epoch: 
Memory allocated:  243.25634765625
Memory cached:  482.0
	 epoch  70 training error:  tensor(0.9908, device='cuda:0', grad_fn=<DivBackward0>)
	 epoch  70 test error:  tensor(0.1924, device='cuda:0', grad_fn=<DivBackward0>)
Memory status after this epoch: 
Memory allocated:  241.94384765625
Memory cached:  482.0
	 epoch  80 training error:  tensor(0.9899, device='cuda:0', grad_fn=<DivBackward0>)
	 epoch  80 test error:  tensor(0.1924, device='cuda:0', grad_fn=<DivBackward0>)
Memory status after this epoch: 
Memory allocated:  243.25634765625
Memory cached:  482.0
	 epoch  90 training error:  tensor(0.9893, device='cuda:0', grad_fn=<DivBackward0>)
	 epoch  90 test error:  tensor(0.1925, device='cuda:0', grad_fn=<DivBackward0>)
Memory status after this epoch: 
Memory allocated:  241.94384765625
Memory cached:  482.0
[I 2023-11-17 15:13:38,563] Trial 3 finished with value: 0.19254359602928162 and parameters: {'W_layers': 2, 'W_layer_units_exponent_0': 4, 'W_layer_units_exponent_1': 8, 'D_layers': 3, 'D_layer_units_exponent_0': 9, 'D_layer_units_exponent_1': 6, 'D_layer_units_exponent_2': 10, 'log_learning_rate': -3.956152866228843, 'log_learning_rate_D': -1.845337907268222, 'training_batch_size': 6, 'training_p': 4}. Best is trial 3 with value: 0.19254359602928162.
Time for this trial:  173.23207020759583
Memory status after this trial: 
Memory allocated:  479.0498046875
Memory cached:  482.0
--------------------  Trial  4   --------------------
Start timing: 
Parameters: 
{'W_layers': 7, 'W_layer_units_exponent_0': 9, 'W_layer_units_exponent_1': 6, 'W_layer_units_exponent_2': 5, 'W_layer_units_exponent_3': 7, 'W_layer_units_exponent_4': 7, 'W_layer_units_exponent_5': 7, 'W_layer_units_exponent_6': 10, 'D_layers': 4, 'D_layer_units_exponent_0': 10, 'D_layer_units_exponent_1': 8, 'D_layer_units_exponent_2': 9, 'D_layer_units_exponent_3': 8, 'log_learning_rate': -2.420596301342559, 'log_learning_rate_D': -4.187660359500525, 'training_batch_size': 12, 'training_p': 4}
	 epoch  0 training error:  tensor(0.9997, device='cuda:0', grad_fn=<DivBackward0>)
	 epoch  0 test error:  tensor(0.2050, device='cuda:0', grad_fn=<DivBackward0>)
Memory status after this epoch: 
Memory allocated:  368.41552734375
Memory cached:  496.0
	 epoch  10 training error:  tensor(0.9998, device='cuda:0', grad_fn=<DivBackward0>)
	 epoch  10 test error:  tensor(0.1921, device='cuda:0', grad_fn=<DivBackward0>)
Memory status after this epoch: 
Memory allocated:  369.72802734375
Memory cached:  724.0
	 epoch  20 training error:  tensor(0.9991, device='cuda:0', grad_fn=<DivBackward0>)
	 epoch  20 test error:  tensor(0.1920, device='cuda:0', grad_fn=<DivBackward0>)
Memory status after this epoch: 
Memory allocated:  368.41552734375
Memory cached:  724.0
	 epoch  30 training error:  tensor(1.0000, device='cuda:0', grad_fn=<DivBackward0>)
	 epoch  30 test error:  tensor(0.1922, device='cuda:0', grad_fn=<DivBackward0>)
Memory status after this epoch: 
Memory allocated:  369.72802734375
Memory cached:  724.0
	 epoch  40 training error:  tensor(1., device='cuda:0', grad_fn=<DivBackward0>)
	 epoch  40 test error:  tensor(0.1922, device='cuda:0', grad_fn=<DivBackward0>)
Memory status after this epoch: 
Memory allocated:  368.41552734375
Memory cached:  724.0
	 epoch  50 training error:  tensor(1., device='cuda:0', grad_fn=<DivBackward0>)
	 epoch  50 test error:  tensor(0.1922, device='cuda:0', grad_fn=<DivBackward0>)
Memory status after this epoch: 
Memory allocated:  369.72802734375
Memory cached:  724.0
	 epoch  60 training error:  tensor(1., device='cuda:0', grad_fn=<DivBackward0>)
	 epoch  60 test error:  tensor(0.1922, device='cuda:0', grad_fn=<DivBackward0>)
Memory status after this epoch: 
Memory allocated:  368.41552734375
Memory cached:  724.0
	 epoch  70 training error:  tensor(1., device='cuda:0', grad_fn=<DivBackward0>)
	 epoch  70 test error:  tensor(0.1922, device='cuda:0', grad_fn=<DivBackward0>)
Memory status after this epoch: 
Memory allocated:  369.72802734375
Memory cached:  724.0
	 epoch  80 training error:  tensor(1., device='cuda:0', grad_fn=<DivBackward0>)
	 epoch  80 test error:  tensor(0.1922, device='cuda:0', grad_fn=<DivBackward0>)
Memory status after this epoch: 
Memory allocated:  368.41552734375
Memory cached:  724.0
	 epoch  90 training error:  tensor(1., device='cuda:0', grad_fn=<DivBackward0>)
	 epoch  90 test error:  tensor(0.1922, device='cuda:0', grad_fn=<DivBackward0>)
Memory status after this epoch: 
Memory allocated:  369.72802734375
Memory cached:  724.0
[I 2023-11-17 15:16:27,776] Trial 4 finished with value: 0.19218310713768005 and parameters: {'W_layers': 7, 'W_layer_units_exponent_0': 9, 'W_layer_units_exponent_1': 6, 'W_layer_units_exponent_2': 5, 'W_layer_units_exponent_3': 7, 'W_layer_units_exponent_4': 7, 'W_layer_units_exponent_5': 7, 'W_layer_units_exponent_6': 10, 'D_layers': 4, 'D_layer_units_exponent_0': 10, 'D_layer_units_exponent_1': 8, 'D_layer_units_exponent_2': 9, 'D_layer_units_exponent_3': 8, 'log_learning_rate': -2.420596301342559, 'log_learning_rate_D': -4.187660359500525, 'training_batch_size': 12, 'training_p': 4}. Best is trial 4 with value: 0.19218310713768005.
Time for this trial:  169.0562424659729
Memory status after this trial: 
Memory allocated:  717.2685546875
Memory cached:  724.0
--------------------  Trial  5   --------------------
Start timing: 
Parameters: 
{'W_layers': 4, 'W_layer_units_exponent_0': 6, 'W_layer_units_exponent_1': 9, 'W_layer_units_exponent_2': 8, 'W_layer_units_exponent_3': 5, 'D_layers': 8, 'D_layer_units_exponent_0': 8, 'D_layer_units_exponent_1': 10, 'D_layer_units_exponent_2': 4, 'D_layer_units_exponent_3': 10, 'D_layer_units_exponent_4': 8, 'D_layer_units_exponent_5': 8, 'D_layer_units_exponent_6': 5, 'D_layer_units_exponent_7': 6, 'log_learning_rate': -3.844181735419217, 'log_learning_rate_D': -1.445060861564603, 'training_batch_size': 6, 'training_p': 8}
	 epoch  0 training error:  tensor(0.9938, device='cuda:0', grad_fn=<DivBackward0>)
	 epoch  0 test error:  tensor(0.1925, device='cuda:0', grad_fn=<DivBackward0>)
Memory status after this epoch: 
Memory allocated:  355.77001953125
Memory cached:  482.0
	 epoch  10 training error:  tensor(0.9920, device='cuda:0', grad_fn=<DivBackward0>)
	 epoch  10 test error:  tensor(0.1924, device='cuda:0', grad_fn=<DivBackward0>)
Memory status after this epoch: 
Memory allocated:  354.45751953125
Memory cached:  696.0
	 epoch  20 training error:  tensor(0.9917, device='cuda:0', grad_fn=<DivBackward0>)
	 epoch  20 test error:  tensor(0.1923, device='cuda:0', grad_fn=<DivBackward0>)
Memory status after this epoch: 
Memory allocated:  355.77001953125
Memory cached:  696.0
	 epoch  30 training error:  tensor(0.9915, device='cuda:0', grad_fn=<DivBackward0>)
	 epoch  30 test error:  tensor(0.1923, device='cuda:0', grad_fn=<DivBackward0>)
Memory status after this epoch: 
Memory allocated:  354.45751953125
Memory cached:  696.0
	 epoch  40 training error:  tensor(0.9915, device='cuda:0', grad_fn=<DivBackward0>)
	 epoch  40 test error:  tensor(0.1923, device='cuda:0', grad_fn=<DivBackward0>)
Memory status after this epoch: 
Memory allocated:  355.77001953125
Memory cached:  696.0
	 epoch  50 training error:  tensor(0.9915, device='cuda:0', grad_fn=<DivBackward0>)
	 epoch  50 test error:  tensor(0.1923, device='cuda:0', grad_fn=<DivBackward0>)
Memory status after this epoch: 
Memory allocated:  354.45751953125
Memory cached:  696.0
	 epoch  60 training error:  tensor(0.9917, device='cuda:0', grad_fn=<DivBackward0>)
	 epoch  60 test error:  tensor(0.1923, device='cuda:0', grad_fn=<DivBackward0>)
Memory status after this epoch: 
Memory allocated:  355.77001953125
Memory cached:  696.0
	 epoch  70 training error:  tensor(0.9915, device='cuda:0', grad_fn=<DivBackward0>)
	 epoch  70 test error:  tensor(0.1923, device='cuda:0', grad_fn=<DivBackward0>)
Memory status after this epoch: 
Memory allocated:  354.45751953125
Memory cached:  696.0
	 epoch  80 training error:  tensor(0.9915, device='cuda:0', grad_fn=<DivBackward0>)
	 epoch  80 test error:  tensor(0.1923, device='cuda:0', grad_fn=<DivBackward0>)
Memory status after this epoch: 
Memory allocated:  355.77001953125
Memory cached:  696.0
	 epoch  90 training error:  tensor(0.9915, device='cuda:0', grad_fn=<DivBackward0>)
	 epoch  90 test error:  tensor(0.1923, device='cuda:0', grad_fn=<DivBackward0>)
Memory status after this epoch: 
Memory allocated:  354.45751953125
Memory cached:  696.0
[I 2023-11-17 15:21:23,175] Trial 5 finished with value: 0.19233059883117676 and parameters: {'W_layers': 4, 'W_layer_units_exponent_0': 6, 'W_layer_units_exponent_1': 9, 'W_layer_units_exponent_2': 8, 'W_layer_units_exponent_3': 5, 'D_layers': 8, 'D_layer_units_exponent_0': 8, 'D_layer_units_exponent_1': 10, 'D_layer_units_exponent_2': 4, 'D_layer_units_exponent_3': 10, 'D_layer_units_exponent_4': 8, 'D_layer_units_exponent_5': 8, 'D_layer_units_exponent_6': 5, 'D_layer_units_exponent_7': 6, 'log_learning_rate': -3.844181735419217, 'log_learning_rate_D': -1.445060861564603, 'training_batch_size': 6, 'training_p': 8}. Best is trial 4 with value: 0.19218310713768005.
Time for this trial:  295.1996433734894
Memory status after this trial: 
Memory allocated:  688.048828125
Memory cached:  696.0
--------------------  Trial  6   --------------------
Start timing: 
Parameters: 
{'W_layers': 5, 'W_layer_units_exponent_0': 6, 'W_layer_units_exponent_1': 9, 'W_layer_units_exponent_2': 6, 'W_layer_units_exponent_3': 5, 'W_layer_units_exponent_4': 6, 'D_layers': 8, 'D_layer_units_exponent_0': 5, 'D_layer_units_exponent_1': 10, 'D_layer_units_exponent_2': 6, 'D_layer_units_exponent_3': 10, 'D_layer_units_exponent_4': 4, 'D_layer_units_exponent_5': 5, 'D_layer_units_exponent_6': 10, 'D_layer_units_exponent_7': 7, 'log_learning_rate': -3.8648288101999158, 'log_learning_rate_D': -4.40566501639935, 'training_batch_size': 6, 'training_p': 8}
	 epoch  0 training error:  tensor(1.0004, device='cuda:0', grad_fn=<DivBackward0>)
	 epoch  0 test error:  tensor(0.1919, device='cuda:0', grad_fn=<DivBackward0>)
Memory status after this epoch: 
Memory allocated:  363.6083984375
Memory cached:  492.0
	 epoch  10 training error:  tensor(0.9922, device='cuda:0', grad_fn=<DivBackward0>)
	 epoch  10 test error:  tensor(0.1920, device='cuda:0', grad_fn=<DivBackward0>)
Memory status after this epoch: 
Memory allocated:  364.9208984375
Memory cached:  720.0
	 epoch  20 training error:  tensor(0.9917, device='cuda:0', grad_fn=<DivBackward0>)
	 epoch  20 test error:  tensor(0.1917, device='cuda:0', grad_fn=<DivBackward0>)
Memory status after this epoch: 
Memory allocated:  363.6083984375
Memory cached:  720.0
	 epoch  30 training error:  tensor(0.9913, device='cuda:0', grad_fn=<DivBackward0>)
	 epoch  30 test error:  tensor(0.1919, device='cuda:0', grad_fn=<DivBackward0>)
Memory status after this epoch: 
Memory allocated:  364.9208984375
Memory cached:  720.0
	 epoch  40 training error:  tensor(0.9908, device='cuda:0', grad_fn=<DivBackward0>)
	 epoch  40 test error:  tensor(0.1926, device='cuda:0', grad_fn=<DivBackward0>)
Memory status after this epoch: 
Memory allocated:  363.6083984375
Memory cached:  720.0
	 epoch  50 training error:  tensor(0.9905, device='cuda:0', grad_fn=<DivBackward0>)
	 epoch  50 test error:  tensor(0.1930, device='cuda:0', grad_fn=<DivBackward0>)
Memory status after this epoch: 
Memory allocated:  364.9208984375
Memory cached:  720.0
	 epoch  60 training error:  tensor(0.9903, device='cuda:0', grad_fn=<DivBackward0>)
	 epoch  60 test error:  tensor(0.1930, device='cuda:0', grad_fn=<DivBackward0>)
Memory status after this epoch: 
Memory allocated:  363.6083984375
Memory cached:  720.0
	 epoch  70 training error:  tensor(0.9902, device='cuda:0', grad_fn=<DivBackward0>)
	 epoch  70 test error:  tensor(0.1931, device='cuda:0', grad_fn=<DivBackward0>)
Memory status after this epoch: 
Memory allocated:  364.9208984375
Memory cached:  720.0
	 epoch  80 training error:  tensor(0.9902, device='cuda:0', grad_fn=<DivBackward0>)
	 epoch  80 test error:  tensor(0.1931, device='cuda:0', grad_fn=<DivBackward0>)
Memory status after this epoch: 
Memory allocated:  363.6083984375
Memory cached:  720.0
	 epoch  90 training error:  tensor(0.9900, device='cuda:0', grad_fn=<DivBackward0>)
	 epoch  90 test error:  tensor(0.1932, device='cuda:0', grad_fn=<DivBackward0>)
Memory status after this epoch: 
Memory allocated:  364.9208984375
Memory cached:  720.0
