[I 2023-11-10 11:28:53,967] Trial 35 finished with value: 0.06952235102653503 and parameters: {'W_layers': 5, 'W_layer_units_exponent_0': 8, 'W_layer_units_exponent_1': 7, 'W_layer_units_exponent_2': 7, 'W_layer_units_exponent_3': 7, 'W_layer_units_exponent_4': 10, 'D_layers': 5, 'D_layer_units_exponent_0': 9, 'D_layer_units_exponent_1': 6, 'D_layer_units_exponent_2': 10, 'D_layer_units_exponent_3': 7, 'D_layer_units_exponent_4': 9, 'D_dagger_layers': 6, 'D_dagger_layer_units_exponent_0': 8, 'D_dagger_layer_units_exponent_1': 7, 'D_dagger_layer_units_exponent_2': 7, 'D_dagger_layer_units_exponent_3': 5, 'D_dagger_layer_units_exponent_4': 5, 'D_dagger_layer_units_exponent_5': 9, 'log_learning_rate': -1.8433932786483083, 'log_learning_rate_D': -2.61363109170057, 'log_learning_rate_D_dagger': -3.5250363110489364, 'training_batch_size': 11, 'training_p': 2}. Best is trial 14 with value: 0.06764983385801315.
Time for this trial:  18.85783839225769
Memory status after this trial: 
Memory allocated:  151.623046875
Memory cached:  162.0
--------------------  Trial  36   --------------------
Start timing: 
Parameters: 
{'W_layers': 5, 'W_layer_units_exponent_0': 9, 'W_layer_units_exponent_1': 4, 'W_layer_units_exponent_2': 6, 'W_layer_units_exponent_3': 6, 'W_layer_units_exponent_4': 9, 'D_layers': 4, 'D_layer_units_exponent_0': 9, 'D_layer_units_exponent_1': 6, 'D_layer_units_exponent_2': 10, 'D_layer_units_exponent_3': 7, 'D_dagger_layers': 7, 'D_dagger_layer_units_exponent_0': 8, 'D_dagger_layer_units_exponent_1': 9, 'D_dagger_layer_units_exponent_2': 7, 'D_dagger_layer_units_exponent_3': 5, 'D_dagger_layer_units_exponent_4': 4, 'D_dagger_layer_units_exponent_5': 8, 'D_dagger_layer_units_exponent_6': 8, 'log_learning_rate': -1.178750003846958, 'log_learning_rate_D': -2.664656262589629, 'log_learning_rate_D_dagger': -3.620924476144367, 'training_batch_size': 11, 'training_p': 2}
	 epoch  0 training error:  tensor(1.2552, device='cuda:0', grad_fn=<DivBackward0>)
Memory status after this epoch: 
Memory allocated:  5.947265625
Memory cached:  12.0
	 epoch  10 training error:  tensor(0.3276, device='cuda:0', grad_fn=<DivBackward0>)
Memory status after this epoch: 
Memory allocated:  5.947265625
Memory cached:  14.0
	 epoch  20 training error:  tensor(0.2292, device='cuda:0', grad_fn=<DivBackward0>)
Memory status after this epoch: 
Memory allocated:  5.947265625
Memory cached:  14.0
	 epoch  30 training error:  tensor(0.1321, device='cuda:0', grad_fn=<DivBackward0>)
Memory status after this epoch: 
Memory allocated:  5.947265625
Memory cached:  14.0
	 epoch  40 training error:  tensor(0.0788, device='cuda:0', grad_fn=<DivBackward0>)
Memory status after this epoch: 
Memory allocated:  5.947265625
Memory cached:  14.0
	 epoch  50 training error:  tensor(0.0667, device='cuda:0', grad_fn=<DivBackward0>)
Memory status after this epoch: 
Memory allocated:  5.947265625
Memory cached:  14.0
	 epoch  60 training error:  tensor(0.0647, device='cuda:0', grad_fn=<DivBackward0>)
Memory status after this epoch: 
Memory allocated:  5.947265625
Memory cached:  14.0
	 epoch  70 training error:  tensor(0.0640, device='cuda:0', grad_fn=<DivBackward0>)
Memory status after this epoch: 
Memory allocated:  5.947265625
Memory cached:  14.0
	 epoch  80 training error:  tensor(0.0610, device='cuda:0', grad_fn=<DivBackward0>)
Memory status after this epoch: 
Memory allocated:  5.947265625
Memory cached:  14.0
	 epoch  90 training error:  tensor(0.0602, device='cuda:0', grad_fn=<DivBackward0>)
Memory status after this epoch: 
Memory allocated:  5.947265625
Memory cached:  14.0
[I 2023-11-10 11:29:12,555] Trial 36 finished with value: 0.0668463334441185 and parameters: {'W_layers': 5, 'W_layer_units_exponent_0': 9, 'W_layer_units_exponent_1': 4, 'W_layer_units_exponent_2': 6, 'W_layer_units_exponent_3': 6, 'W_layer_units_exponent_4': 9, 'D_layers': 4, 'D_layer_units_exponent_0': 9, 'D_layer_units_exponent_1': 6, 'D_layer_units_exponent_2': 10, 'D_layer_units_exponent_3': 7, 'D_dagger_layers': 7, 'D_dagger_layer_units_exponent_0': 8, 'D_dagger_layer_units_exponent_1': 9, 'D_dagger_layer_units_exponent_2': 7, 'D_dagger_layer_units_exponent_3': 5, 'D_dagger_layer_units_exponent_4': 4, 'D_dagger_layer_units_exponent_5': 8, 'D_dagger_layer_units_exponent_6': 8, 'log_learning_rate': -1.178750003846958, 'log_learning_rate_D': -2.664656262589629, 'log_learning_rate_D_dagger': -3.620924476144367, 'training_batch_size': 11, 'training_p': 2}. Best is trial 36 with value: 0.0668463334441185.
Time for this trial:  18.352884531021118
Memory status after this trial: 
Memory allocated:  145.6318359375
Memory cached:  164.0
--------------------  Trial  37   --------------------
Start timing: 
Parameters: 
{'W_layers': 6, 'W_layer_units_exponent_0': 9, 'W_layer_units_exponent_1': 4, 'W_layer_units_exponent_2': 5, 'W_layer_units_exponent_3': 5, 'W_layer_units_exponent_4': 9, 'W_layer_units_exponent_5': 10, 'D_layers': 2, 'D_layer_units_exponent_0': 9, 'D_layer_units_exponent_1': 4, 'D_dagger_layers': 8, 'D_dagger_layer_units_exponent_0': 8, 'D_dagger_layer_units_exponent_1': 9, 'D_dagger_layer_units_exponent_2': 10, 'D_dagger_layer_units_exponent_3': 4, 'D_dagger_layer_units_exponent_4': 4, 'D_dagger_layer_units_exponent_5': 8, 'D_dagger_layer_units_exponent_6': 8, 'D_dagger_layer_units_exponent_7': 4, 'log_learning_rate': -1.1798175548950698, 'log_learning_rate_D': -2.5461322409546354, 'log_learning_rate_D_dagger': -3.7590164732263034, 'training_batch_size': 10, 'training_p': 3}
	 epoch  0 training error:  tensor(0.8612, device='cuda:0', grad_fn=<DivBackward0>)
Memory status after this epoch: 
Memory allocated:  20.82763671875
Memory cached:  76.0
	 epoch  10 training error:  tensor(0.7685, device='cuda:0', grad_fn=<DivBackward0>)
Memory status after this epoch: 
Memory allocated:  20.82763671875
Memory cached:  78.0
	 epoch  20 training error:  tensor(0.4075, device='cuda:0', grad_fn=<DivBackward0>)
Memory status after this epoch: 
Memory allocated:  20.82763671875
Memory cached:  78.0
	 epoch  30 training error:  tensor(0.2727, device='cuda:0', grad_fn=<DivBackward0>)
Memory status after this epoch: 
Memory allocated:  20.82763671875
Memory cached:  78.0
	 epoch  40 training error:  tensor(0.2023, device='cuda:0', grad_fn=<DivBackward0>)
Memory status after this epoch: 
Memory allocated:  20.82763671875
Memory cached:  78.0
	 epoch  50 training error:  tensor(0.1305, device='cuda:0', grad_fn=<DivBackward0>)
Memory status after this epoch: 
Memory allocated:  20.82763671875
Memory cached:  78.0
	 epoch  60 training error:  tensor(0.0914, device='cuda:0', grad_fn=<DivBackward0>)
Memory status after this epoch: 
Memory allocated:  20.82763671875
Memory cached:  78.0
	 epoch  70 training error:  tensor(0.0767, device='cuda:0', grad_fn=<DivBackward0>)
Memory status after this epoch: 
Memory allocated:  20.82763671875
Memory cached:  78.0
	 epoch  80 training error:  tensor(0.0715, device='cuda:0', grad_fn=<DivBackward0>)
Memory status after this epoch: 
Memory allocated:  20.82763671875
Memory cached:  78.0
	 epoch  90 training error:  tensor(0.0703, device='cuda:0', grad_fn=<DivBackward0>)
Memory status after this epoch: 
Memory allocated:  20.82763671875
Memory cached:  78.0
[I 2023-11-10 11:29:33,322] Trial 37 finished with value: 0.06665463000535965 and parameters: {'W_layers': 6, 'W_layer_units_exponent_0': 9, 'W_layer_units_exponent_1': 4, 'W_layer_units_exponent_2': 5, 'W_layer_units_exponent_3': 5, 'W_layer_units_exponent_4': 9, 'W_layer_units_exponent_5': 10, 'D_layers': 2, 'D_layer_units_exponent_0': 9, 'D_layer_units_exponent_1': 4, 'D_dagger_layers': 8, 'D_dagger_layer_units_exponent_0': 8, 'D_dagger_layer_units_exponent_1': 9, 'D_dagger_layer_units_exponent_2': 10, 'D_dagger_layer_units_exponent_3': 4, 'D_dagger_layer_units_exponent_4': 4, 'D_dagger_layer_units_exponent_5': 8, 'D_dagger_layer_units_exponent_6': 8, 'D_dagger_layer_units_exponent_7': 4, 'log_learning_rate': -1.1798175548950698, 'log_learning_rate_D': -2.5461322409546354, 'log_learning_rate_D_dagger': -3.7590164732263034, 'training_batch_size': 10, 'training_p': 3}. Best is trial 37 with value: 0.06665463000535965.
Time for this trial:  20.52973508834839
Memory status after this trial: 
Memory allocated:  254.8203125
Memory cached:  274.0
--------------------  Trial  38   --------------------
Start timing: 
Parameters: 
{'W_layers': 6, 'W_layer_units_exponent_0': 9, 'W_layer_units_exponent_1': 4, 'W_layer_units_exponent_2': 5, 'W_layer_units_exponent_3': 5, 'W_layer_units_exponent_4': 9, 'W_layer_units_exponent_5': 10, 'D_layers': 2, 'D_layer_units_exponent_0': 9, 'D_layer_units_exponent_1': 4, 'D_dagger_layers': 8, 'D_dagger_layer_units_exponent_0': 7, 'D_dagger_layer_units_exponent_1': 9, 'D_dagger_layer_units_exponent_2': 10, 'D_dagger_layer_units_exponent_3': 4, 'D_dagger_layer_units_exponent_4': 4, 'D_dagger_layer_units_exponent_5': 6, 'D_dagger_layer_units_exponent_6': 8, 'D_dagger_layer_units_exponent_7': 4, 'log_learning_rate': -1.1811813183761752, 'log_learning_rate_D': -3.147513141257931, 'log_learning_rate_D_dagger': -3.8692329566817, 'training_batch_size': 10, 'training_p': 2}
	 epoch  0 training error:  tensor(0.9914, device='cuda:0', grad_fn=<DivBackward0>)
Memory status after this epoch: 
Memory allocated:  19.02490234375
Memory cached:  70.0
	 epoch  10 training error:  tensor(0.3683, device='cuda:0', grad_fn=<DivBackward0>)
Memory status after this epoch: 
Memory allocated:  19.02490234375
Memory cached:  74.0
	 epoch  20 training error:  tensor(0.3069, device='cuda:0', grad_fn=<DivBackward0>)
Memory status after this epoch: 
Memory allocated:  19.02490234375
Memory cached:  74.0
	 epoch  30 training error:  tensor(0.2302, device='cuda:0', grad_fn=<DivBackward0>)
Memory status after this epoch: 
Memory allocated:  19.02490234375
Memory cached:  74.0
	 epoch  40 training error:  tensor(0.1874, device='cuda:0', grad_fn=<DivBackward0>)
Memory status after this epoch: 
Memory allocated:  19.02490234375
Memory cached:  74.0
	 epoch  50 training error:  tensor(0.1412, device='cuda:0', grad_fn=<DivBackward0>)
Memory status after this epoch: 
Memory allocated:  19.02490234375
Memory cached:  74.0
	 epoch  60 training error:  tensor(0.1046, device='cuda:0', grad_fn=<DivBackward0>)
Memory status after this epoch: 
Memory allocated:  19.02490234375
Memory cached:  74.0
	 epoch  70 training error:  tensor(0.0805, device='cuda:0', grad_fn=<DivBackward0>)
Memory status after this epoch: 
Memory allocated:  19.02490234375
Memory cached:  74.0
	 epoch  80 training error:  tensor(0.0661, device='cuda:0', grad_fn=<DivBackward0>)
Memory status after this epoch: 
Memory allocated:  19.02490234375
Memory cached:  74.0
	 epoch  90 training error:  tensor(0.0613, device='cuda:0', grad_fn=<DivBackward0>)
Memory status after this epoch: 
Memory allocated:  19.02490234375
Memory cached:  74.0
[I 2023-11-10 11:29:53,758] Trial 38 finished with value: 0.06734970957040787 and parameters: {'W_layers': 6, 'W_layer_units_exponent_0': 9, 'W_layer_units_exponent_1': 4, 'W_layer_units_exponent_2': 5, 'W_layer_units_exponent_3': 5, 'W_layer_units_exponent_4': 9, 'W_layer_units_exponent_5': 10, 'D_layers': 2, 'D_layer_units_exponent_0': 9, 'D_layer_units_exponent_1': 4, 'D_dagger_layers': 8, 'D_dagger_layer_units_exponent_0': 7, 'D_dagger_layer_units_exponent_1': 9, 'D_dagger_layer_units_exponent_2': 10, 'D_dagger_layer_units_exponent_3': 4, 'D_dagger_layer_units_exponent_4': 4, 'D_dagger_layer_units_exponent_5': 6, 'D_dagger_layer_units_exponent_6': 8, 'D_dagger_layer_units_exponent_7': 4, 'log_learning_rate': -1.1811813183761752, 'log_learning_rate_D': -3.147513141257931, 'log_learning_rate_D_dagger': -3.8692329566817, 'training_batch_size': 10, 'training_p': 2}. Best is trial 37 with value: 0.06665463000535965.
Time for this trial:  20.193766355514526
Memory status after this trial: 
Memory allocated:  235.6572265625
Memory cached:  254.0
--------------------  Trial  39   --------------------
Start timing: 
Parameters: 
{'W_layers': 6, 'W_layer_units_exponent_0': 9, 'W_layer_units_exponent_1': 4, 'W_layer_units_exponent_2': 5, 'W_layer_units_exponent_3': 6, 'W_layer_units_exponent_4': 9, 'W_layer_units_exponent_5': 10, 'D_layers': 2, 'D_layer_units_exponent_0': 8, 'D_layer_units_exponent_1': 4, 'D_dagger_layers': 8, 'D_dagger_layer_units_exponent_0': 6, 'D_dagger_layer_units_exponent_1': 9, 'D_dagger_layer_units_exponent_2': 10, 'D_dagger_layer_units_exponent_3': 4, 'D_dagger_layer_units_exponent_4': 4, 'D_dagger_layer_units_exponent_5': 6, 'D_dagger_layer_units_exponent_6': 8, 'D_dagger_layer_units_exponent_7': 4, 'log_learning_rate': -1.0804535388827268, 'log_learning_rate_D': -3.2393642068073576, 'log_learning_rate_D_dagger': -3.8652666634976836, 'training_batch_size': 10, 'training_p': 2}
	 epoch  0 training error:  tensor(0.9703, device='cuda:0', grad_fn=<DivBackward0>)
Memory status after this epoch: 
Memory allocated:  18.82080078125
Memory cached:  66.0
	 epoch  10 training error:  tensor(0.6494, device='cuda:0', grad_fn=<DivBackward0>)
Memory status after this epoch: 
Memory allocated:  18.82080078125
Memory cached:  68.0
	 epoch  20 training error:  tensor(0.3199, device='cuda:0', grad_fn=<DivBackward0>)
Memory status after this epoch: 
Memory allocated:  18.82080078125
Memory cached:  68.0
	 epoch  30 training error:  tensor(0.2992, device='cuda:0', grad_fn=<DivBackward0>)
Memory status after this epoch: 
Memory allocated:  18.82080078125
Memory cached:  68.0
	 epoch  40 training error:  tensor(0.2434, device='cuda:0', grad_fn=<DivBackward0>)
Memory status after this epoch: 
Memory allocated:  18.82080078125
Memory cached:  68.0
	 epoch  50 training error:  tensor(0.1846, device='cuda:0', grad_fn=<DivBackward0>)
Memory status after this epoch: 
Memory allocated:  18.82080078125
Memory cached:  68.0
	 epoch  60 training error:  tensor(0.1393, device='cuda:0', grad_fn=<DivBackward0>)
Memory status after this epoch: 
Memory allocated:  18.82080078125
Memory cached:  68.0
	 epoch  70 training error:  tensor(0.1014, device='cuda:0', grad_fn=<DivBackward0>)
Memory status after this epoch: 
Memory allocated:  18.82080078125
Memory cached:  68.0
	 epoch  80 training error:  tensor(0.0769, device='cuda:0', grad_fn=<DivBackward0>)
Memory status after this epoch: 
Memory allocated:  18.82080078125
Memory cached:  68.0
	 epoch  90 training error:  tensor(0.0642, device='cuda:0', grad_fn=<DivBackward0>)
Memory status after this epoch: 
Memory allocated:  18.82080078125
Memory cached:  68.0
[I 2023-11-10 11:30:14,537] Trial 39 finished with value: 0.0670577734708786 and parameters: {'W_layers': 6, 'W_layer_units_exponent_0': 9, 'W_layer_units_exponent_1': 4, 'W_layer_units_exponent_2': 5, 'W_layer_units_exponent_3': 6, 'W_layer_units_exponent_4': 9, 'W_layer_units_exponent_5': 10, 'D_layers': 2, 'D_layer_units_exponent_0': 8, 'D_layer_units_exponent_1': 4, 'D_dagger_layers': 8, 'D_dagger_layer_units_exponent_0': 6, 'D_dagger_layer_units_exponent_1': 9, 'D_dagger_layer_units_exponent_2': 10, 'D_dagger_layer_units_exponent_3': 4, 'D_dagger_layer_units_exponent_4': 4, 'D_dagger_layer_units_exponent_5': 6, 'D_dagger_layer_units_exponent_6': 8, 'D_dagger_layer_units_exponent_7': 4, 'log_learning_rate': -1.0804535388827268, 'log_learning_rate_D': -3.2393642068073576, 'log_learning_rate_D_dagger': -3.8652666634976836, 'training_batch_size': 10, 'training_p': 2}. Best is trial 37 with value: 0.06665463000535965.
Time for this trial:  20.539252042770386
Memory status after this trial: 
Memory allocated:  233.8310546875
Memory cached:  250.0
--------------------  Trial  40   --------------------
Start timing: 
Parameters: 
{'W_layers': 6, 'W_layer_units_exponent_0': 9, 'W_layer_units_exponent_1': 4, 'W_layer_units_exponent_2': 5, 'W_layer_units_exponent_3': 6, 'W_layer_units_exponent_4': 9, 'W_layer_units_exponent_5': 10, 'D_layers': 2, 'D_layer_units_exponent_0': 8, 'D_layer_units_exponent_1': 4, 'D_dagger_layers': 8, 'D_dagger_layer_units_exponent_0': 6, 'D_dagger_layer_units_exponent_1': 9, 'D_dagger_layer_units_exponent_2': 10, 'D_dagger_layer_units_exponent_3': 4, 'D_dagger_layer_units_exponent_4': 4, 'D_dagger_layer_units_exponent_5': 6, 'D_dagger_layer_units_exponent_6': 8, 'D_dagger_layer_units_exponent_7': 4, 'log_learning_rate': -1.1847883115675415, 'log_learning_rate_D': -3.246152010220116, 'log_learning_rate_D_dagger': -4.2626722183147, 'training_batch_size': 9, 'training_p': 2}
	 epoch  0 training error:  tensor(1.1619, device='cuda:0', grad_fn=<DivBackward0>)
Memory status after this epoch: 
Memory allocated:  18.82080078125
Memory cached:  68.0
	 epoch  10 training error:  tensor(0.3565, device='cuda:0', grad_fn=<DivBackward0>)
Memory status after this epoch: 
Memory allocated:  18.82080078125
Memory cached:  70.0
	 epoch  20 training error:  tensor(0.2763, device='cuda:0', grad_fn=<DivBackward0>)
Memory status after this epoch: 
Memory allocated:  18.82080078125
Memory cached:  70.0
	 epoch  30 training error:  tensor(0.2601, device='cuda:0', grad_fn=<DivBackward0>)
Memory status after this epoch: 
Memory allocated:  18.82080078125
Memory cached:  70.0
	 epoch  40 training error:  tensor(0.2383, device='cuda:0', grad_fn=<DivBackward0>)
Memory status after this epoch: 
Memory allocated:  18.82080078125
Memory cached:  70.0
	 epoch  50 training error:  tensor(0.2141, device='cuda:0', grad_fn=<DivBackward0>)
Memory status after this epoch: 
Memory allocated:  18.82080078125
Memory cached:  70.0
	 epoch  60 training error:  tensor(0.1934, device='cuda:0', grad_fn=<DivBackward0>)
Memory status after this epoch: 
Memory allocated:  18.82080078125
Memory cached:  70.0
	 epoch  70 training error:  tensor(0.1747, device='cuda:0', grad_fn=<DivBackward0>)
Memory status after this epoch: 
Memory allocated:  18.82080078125
Memory cached:  70.0
	 epoch  80 training error:  tensor(0.1556, device='cuda:0', grad_fn=<DivBackward0>)
Memory status after this epoch: 
Memory allocated:  18.82080078125
Memory cached:  70.0
	 epoch  90 training error:  tensor(0.1364, device='cuda:0', grad_fn=<DivBackward0>)
Memory status after this epoch: 
Memory allocated:  18.82080078125
Memory cached:  70.0
[I 2023-11-10 11:30:35,521] Trial 40 finished with value: 0.12351085990667343 and parameters: {'W_layers': 6, 'W_layer_units_exponent_0': 9, 'W_layer_units_exponent_1': 4, 'W_layer_units_exponent_2': 5, 'W_layer_units_exponent_3': 6, 'W_layer_units_exponent_4': 9, 'W_layer_units_exponent_5': 10, 'D_layers': 2, 'D_layer_units_exponent_0': 8, 'D_layer_units_exponent_1': 4, 'D_dagger_layers': 8, 'D_dagger_layer_units_exponent_0': 6, 'D_dagger_layer_units_exponent_1': 9, 'D_dagger_layer_units_exponent_2': 10, 'D_dagger_layer_units_exponent_3': 4, 'D_dagger_layer_units_exponent_4': 4, 'D_dagger_layer_units_exponent_5': 6, 'D_dagger_layer_units_exponent_6': 8, 'D_dagger_layer_units_exponent_7': 4, 'log_learning_rate': -1.1847883115675415, 'log_learning_rate_D': -3.246152010220116, 'log_learning_rate_D_dagger': -4.2626722183147, 'training_batch_size': 9, 'training_p': 2}. Best is trial 37 with value: 0.06665463000535965.
Time for this trial:  20.733282566070557
Memory status after this trial: 
Memory allocated:  233.8310546875
Memory cached:  250.0
--------------------  Trial  41   --------------------
Start timing: 
Parameters: 
{'W_layers': 7, 'W_layer_units_exponent_0': 9, 'W_layer_units_exponent_1': 4, 'W_layer_units_exponent_2': 4, 'W_layer_units_exponent_3': 6, 'W_layer_units_exponent_4': 8, 'W_layer_units_exponent_5': 9, 'W_layer_units_exponent_6': 4, 'D_layers': 2, 'D_layer_units_exponent_0': 7, 'D_layer_units_exponent_1': 4, 'D_dagger_layers': 8, 'D_dagger_layer_units_exponent_0': 5, 'D_dagger_layer_units_exponent_1': 9, 'D_dagger_layer_units_exponent_2': 10, 'D_dagger_layer_units_exponent_3': 4, 'D_dagger_layer_units_exponent_4': 4, 'D_dagger_layer_units_exponent_5': 6, 'D_dagger_layer_units_exponent_6': 8, 'D_dagger_layer_units_exponent_7': 4, 'log_learning_rate': -1.394123282782997, 'log_learning_rate_D': -3.3039524073768565, 'log_learning_rate_D_dagger': -3.8559522664197248, 'training_batch_size': 10, 'training_p': 3}
	 epoch  0 training error:  tensor(0.9922, device='cuda:0', grad_fn=<DivBackward0>)
Memory status after this epoch: 
Memory allocated:  12.01953125
Memory cached:  52.0
	 epoch  10 training error:  tensor(0.5295, device='cuda:0', grad_fn=<DivBackward0>)
Memory status after this epoch: 
Memory allocated:  12.01953125
Memory cached:  54.0
	 epoch  20 training error:  tensor(0.3418, device='cuda:0', grad_fn=<DivBackward0>)
Memory status after this epoch: 
Memory allocated:  12.01953125
Memory cached:  54.0
	 epoch  30 training error:  tensor(0.3324, device='cuda:0', grad_fn=<DivBackward0>)
Memory status after this epoch: 
Memory allocated:  12.01953125
Memory cached:  54.0
	 epoch  40 training error:  tensor(0.2607, device='cuda:0', grad_fn=<DivBackward0>)
Memory status after this epoch: 
Memory allocated:  12.01953125
Memory cached:  54.0
	 epoch  50 training error:  tensor(0.2228, device='cuda:0', grad_fn=<DivBackward0>)
Memory status after this epoch: 
Memory allocated:  12.01953125
Memory cached:  54.0
	 epoch  60 training error:  tensor(0.1763, device='cuda:0', grad_fn=<DivBackward0>)
Memory status after this epoch: 
Memory allocated:  12.01953125
Memory cached:  54.0
	 epoch  70 training error:  tensor(0.1325, device='cuda:0', grad_fn=<DivBackward0>)
Memory status after this epoch: 
Memory allocated:  12.01953125
Memory cached:  54.0
	 epoch  80 training error:  tensor(0.0914, device='cuda:0', grad_fn=<DivBackward0>)
Memory status after this epoch: 
Memory allocated:  12.01953125
Memory cached:  54.0
	 epoch  90 training error:  tensor(0.0726, device='cuda:0', grad_fn=<DivBackward0>)
Memory status after this epoch: 
Memory allocated:  12.01953125
Memory cached:  54.0
