[I 2023-11-17 03:06:30,826] Trial 22 finished with value: 0.09674399346113205 and parameters: {'W_layers': 8, 'W_layer_units_exponent_0': 6, 'W_layer_units_exponent_1': 9, 'W_layer_units_exponent_2': 5, 'W_layer_units_exponent_3': 8, 'W_layer_units_exponent_4': 5, 'W_layer_units_exponent_5': 4, 'W_layer_units_exponent_6': 9, 'W_layer_units_exponent_7': 8, 'D_layers': 4, 'D_layer_units_exponent_0': 9, 'D_layer_units_exponent_1': 5, 'D_layer_units_exponent_2': 9, 'D_layer_units_exponent_3': 8, 'log_learning_rate': -2.0513536656597906, 'log_learning_rate_D': -1.3534123183841864, 'training_batch_size': 11, 'training_p': 6}. Best is trial 14 with value: 0.09673155844211578.
Time for this trial:  179.4269824028015
Memory status after this trial: 
Memory allocated:  387.1259765625
Memory cached:  404.0
--------------------  Trial  23   --------------------
Start timing: 
Parameters: 
{'W_layers': 8, 'W_layer_units_exponent_0': 5, 'W_layer_units_exponent_1': 5, 'W_layer_units_exponent_2': 6, 'W_layer_units_exponent_3': 8, 'W_layer_units_exponent_4': 6, 'W_layer_units_exponent_5': 5, 'W_layer_units_exponent_6': 8, 'W_layer_units_exponent_7': 4, 'D_layers': 8, 'D_layer_units_exponent_0': 9, 'D_layer_units_exponent_1': 7, 'D_layer_units_exponent_2': 10, 'D_layer_units_exponent_3': 8, 'D_layer_units_exponent_4': 9, 'D_layer_units_exponent_5': 6, 'D_layer_units_exponent_6': 4, 'D_layer_units_exponent_7': 4, 'log_learning_rate': -2.804057319875687, 'log_learning_rate_D': -1.021205445426896, 'training_batch_size': 12, 'training_p': 5}
	 epoch  0 training error:  tensor(1.0035, device='cuda:0', grad_fn=<DivBackward0>)
	 epoch  0 test error:  tensor(0.0967, device='cuda:0', grad_fn=<DivBackward0>)
Memory status after this epoch: 
Memory allocated:  218.96923828125
Memory cached:  246.0
	 epoch  10 training error:  tensor(0.9770, device='cuda:0', grad_fn=<DivBackward0>)
	 epoch  10 test error:  tensor(0.0998, device='cuda:0', grad_fn=<DivBackward0>)
Memory status after this epoch: 
Memory allocated:  218.50048828125
Memory cached:  438.0
	 epoch  20 training error:  tensor(0.9509, device='cuda:0', grad_fn=<DivBackward0>)
	 epoch  20 test error:  tensor(0.0978, device='cuda:0', grad_fn=<DivBackward0>)
Memory status after this epoch: 
Memory allocated:  218.96923828125
Memory cached:  440.0
	 epoch  30 training error:  tensor(0.9555, device='cuda:0', grad_fn=<DivBackward0>)
	 epoch  30 test error:  tensor(0.0979, device='cuda:0', grad_fn=<DivBackward0>)
Memory status after this epoch: 
Memory allocated:  218.50048828125
Memory cached:  438.0
	 epoch  40 training error:  tensor(0.9683, device='cuda:0', grad_fn=<DivBackward0>)
	 epoch  40 test error:  tensor(0.0973, device='cuda:0', grad_fn=<DivBackward0>)
Memory status after this epoch: 
Memory allocated:  218.96923828125
Memory cached:  438.0
	 epoch  50 training error:  tensor(0.9480, device='cuda:0', grad_fn=<DivBackward0>)
	 epoch  50 test error:  tensor(0.0986, device='cuda:0', grad_fn=<DivBackward0>)
Memory status after this epoch: 
Memory allocated:  218.50048828125
Memory cached:  440.0
	 epoch  60 training error:  tensor(0.9527, device='cuda:0', grad_fn=<DivBackward0>)
	 epoch  60 test error:  tensor(0.0977, device='cuda:0', grad_fn=<DivBackward0>)
Memory status after this epoch: 
Memory allocated:  218.96923828125
Memory cached:  440.0
	 epoch  70 training error:  tensor(0.9538, device='cuda:0', grad_fn=<DivBackward0>)
	 epoch  70 test error:  tensor(0.0976, device='cuda:0', grad_fn=<DivBackward0>)
Memory status after this epoch: 
Memory allocated:  218.50048828125
Memory cached:  438.0
	 epoch  80 training error:  tensor(0.9561, device='cuda:0', grad_fn=<DivBackward0>)
	 epoch  80 test error:  tensor(0.0983, device='cuda:0', grad_fn=<DivBackward0>)
Memory status after this epoch: 
Memory allocated:  218.96923828125
Memory cached:  438.0
	 epoch  90 training error:  tensor(0.9567, device='cuda:0', grad_fn=<DivBackward0>)
	 epoch  90 test error:  tensor(0.0990, device='cuda:0', grad_fn=<DivBackward0>)
Memory status after this epoch: 
Memory allocated:  218.50048828125
Memory cached:  438.0
[I 2023-11-17 03:10:02,567] Trial 23 finished with value: 0.09786012768745422 and parameters: {'W_layers': 8, 'W_layer_units_exponent_0': 5, 'W_layer_units_exponent_1': 5, 'W_layer_units_exponent_2': 6, 'W_layer_units_exponent_3': 8, 'W_layer_units_exponent_4': 6, 'W_layer_units_exponent_5': 5, 'W_layer_units_exponent_6': 8, 'W_layer_units_exponent_7': 4, 'D_layers': 8, 'D_layer_units_exponent_0': 9, 'D_layer_units_exponent_1': 7, 'D_layer_units_exponent_2': 10, 'D_layer_units_exponent_3': 8, 'D_layer_units_exponent_4': 9, 'D_layer_units_exponent_5': 6, 'D_layer_units_exponent_6': 4, 'D_layer_units_exponent_7': 4, 'log_learning_rate': -2.804057319875687, 'log_learning_rate_D': -1.021205445426896, 'training_batch_size': 12, 'training_p': 5}. Best is trial 14 with value: 0.09673155844211578.
Time for this trial:  211.43089175224304
Memory status after this trial: 
Memory allocated:  419.59375
Memory cached:  438.0
--------------------  Trial  24   --------------------
Start timing: 
Parameters: 
{'W_layers': 7, 'W_layer_units_exponent_0': 7, 'W_layer_units_exponent_1': 7, 'W_layer_units_exponent_2': 4, 'W_layer_units_exponent_3': 7, 'W_layer_units_exponent_4': 7, 'W_layer_units_exponent_5': 7, 'W_layer_units_exponent_6': 4, 'D_layers': 3, 'D_layer_units_exponent_0': 8, 'D_layer_units_exponent_1': 8, 'D_layer_units_exponent_2': 9, 'log_learning_rate': -3.208871467167209, 'log_learning_rate_D': -1.4390397297605777, 'training_batch_size': 10, 'training_p': 4}
	 epoch  0 training error:  tensor(0.9979, device='cuda:0', grad_fn=<DivBackward0>)
	 epoch  0 test error:  tensor(0.0965, device='cuda:0', grad_fn=<DivBackward0>)
Memory status after this epoch: 
Memory allocated:  128.06298828125
Memory cached:  156.0
	 epoch  10 training error:  tensor(0.9682, device='cuda:0', grad_fn=<DivBackward0>)
	 epoch  10 test error:  tensor(0.0974, device='cuda:0', grad_fn=<DivBackward0>)
Memory status after this epoch: 
Memory allocated:  128.53173828125
Memory cached:  264.0
	 epoch  20 training error:  tensor(0.9477, device='cuda:0', grad_fn=<DivBackward0>)
	 epoch  20 test error:  tensor(0.0983, device='cuda:0', grad_fn=<DivBackward0>)
Memory status after this epoch: 
Memory allocated:  128.06298828125
Memory cached:  264.0
	 epoch  30 training error:  tensor(0.9547, device='cuda:0', grad_fn=<DivBackward0>)
	 epoch  30 test error:  tensor(0.0979, device='cuda:0', grad_fn=<DivBackward0>)
Memory status after this epoch: 
Memory allocated:  128.53173828125
Memory cached:  264.0
	 epoch  40 training error:  tensor(0.9610, device='cuda:0', grad_fn=<DivBackward0>)
	 epoch  40 test error:  tensor(0.0975, device='cuda:0', grad_fn=<DivBackward0>)
Memory status after this epoch: 
Memory allocated:  128.06298828125
Memory cached:  264.0
	 epoch  50 training error:  tensor(0.9541, device='cuda:0', grad_fn=<DivBackward0>)
	 epoch  50 test error:  tensor(0.0978, device='cuda:0', grad_fn=<DivBackward0>)
Memory status after this epoch: 
Memory allocated:  128.53173828125
Memory cached:  264.0
	 epoch  60 training error:  tensor(0.9504, device='cuda:0', grad_fn=<DivBackward0>)
	 epoch  60 test error:  tensor(0.0981, device='cuda:0', grad_fn=<DivBackward0>)
Memory status after this epoch: 
Memory allocated:  128.06298828125
Memory cached:  266.0
	 epoch  70 training error:  tensor(0.9531, device='cuda:0', grad_fn=<DivBackward0>)
	 epoch  70 test error:  tensor(0.0986, device='cuda:0', grad_fn=<DivBackward0>)
Memory status after this epoch: 
Memory allocated:  128.53173828125
Memory cached:  264.0
	 epoch  80 training error:  tensor(0.9532, device='cuda:0', grad_fn=<DivBackward0>)
	 epoch  80 test error:  tensor(0.0979, device='cuda:0', grad_fn=<DivBackward0>)
Memory status after this epoch: 
Memory allocated:  128.06298828125
Memory cached:  264.0
	 epoch  90 training error:  tensor(0.9507, device='cuda:0', grad_fn=<DivBackward0>)
	 epoch  90 test error:  tensor(0.0983, device='cuda:0', grad_fn=<DivBackward0>)
Memory status after this epoch: 
Memory allocated:  128.53173828125
Memory cached:  264.0
[I 2023-11-17 03:12:37,783] Trial 24 finished with value: 0.09818609803915024 and parameters: {'W_layers': 7, 'W_layer_units_exponent_0': 7, 'W_layer_units_exponent_1': 7, 'W_layer_units_exponent_2': 4, 'W_layer_units_exponent_3': 7, 'W_layer_units_exponent_4': 7, 'W_layer_units_exponent_5': 7, 'W_layer_units_exponent_6': 4, 'D_layers': 3, 'D_layer_units_exponent_0': 8, 'D_layer_units_exponent_1': 8, 'D_layer_units_exponent_2': 9, 'log_learning_rate': -3.208871467167209, 'log_learning_rate_D': -1.4390397297605777, 'training_batch_size': 10, 'training_p': 4}. Best is trial 14 with value: 0.09673155844211578.
Time for this trial:  154.9562270641327
Memory status after this trial: 
Memory allocated:  248.4365234375
Memory cached:  264.0
--------------------  Trial  25   --------------------
Start timing: 
Parameters: 
{'W_layers': 6, 'W_layer_units_exponent_0': 7, 'W_layer_units_exponent_1': 6, 'W_layer_units_exponent_2': 5, 'W_layer_units_exponent_3': 9, 'W_layer_units_exponent_4': 9, 'W_layer_units_exponent_5': 6, 'D_layers': 6, 'D_layer_units_exponent_0': 9, 'D_layer_units_exponent_1': 5, 'D_layer_units_exponent_2': 10, 'D_layer_units_exponent_3': 8, 'D_layer_units_exponent_4': 7, 'D_layer_units_exponent_5': 10, 'log_learning_rate': -2.3491490140656115, 'log_learning_rate_D': -1.7877707572323382, 'training_batch_size': 7, 'training_p': 3}
	 epoch  0 training error:  tensor(0.9808, device='cuda:0', grad_fn=<DivBackward0>)
	 epoch  0 test error:  tensor(0.4444, device='cuda:0', grad_fn=<DivBackward0>)
Memory status after this epoch: 
Memory allocated:  273.9521484375
Memory cached:  300.0
	 epoch  10 training error:  tensor(1.0064, device='cuda:0', grad_fn=<DivBackward0>)
	 epoch  10 test error:  tensor(0.0968, device='cuda:0', grad_fn=<DivBackward0>)
Memory status after this epoch: 
Memory allocated:  273.4833984375
Memory cached:  546.0
	 epoch  20 training error:  tensor(1.0000, device='cuda:0', grad_fn=<DivBackward0>)
	 epoch  20 test error:  tensor(0.0967, device='cuda:0', grad_fn=<DivBackward0>)
Memory status after this epoch: 
Memory allocated:  273.9521484375
Memory cached:  546.0
	 epoch  30 training error:  tensor(1.0000, device='cuda:0', grad_fn=<DivBackward0>)
	 epoch  30 test error:  tensor(0.0967, device='cuda:0', grad_fn=<DivBackward0>)
Memory status after this epoch: 
Memory allocated:  273.4833984375
Memory cached:  546.0
	 epoch  40 training error:  tensor(1.0000, device='cuda:0', grad_fn=<DivBackward0>)
	 epoch  40 test error:  tensor(0.0967, device='cuda:0', grad_fn=<DivBackward0>)
Memory status after this epoch: 
Memory allocated:  273.9521484375
Memory cached:  546.0
	 epoch  50 training error:  tensor(1.0000, device='cuda:0', grad_fn=<DivBackward0>)
	 epoch  50 test error:  tensor(0.0967, device='cuda:0', grad_fn=<DivBackward0>)
Memory status after this epoch: 
Memory allocated:  273.4833984375
Memory cached:  546.0
	 epoch  60 training error:  tensor(1.0000, device='cuda:0', grad_fn=<DivBackward0>)
	 epoch  60 test error:  tensor(0.0967, device='cuda:0', grad_fn=<DivBackward0>)
Memory status after this epoch: 
Memory allocated:  273.9521484375
Memory cached:  546.0
	 epoch  70 training error:  tensor(1.0000, device='cuda:0', grad_fn=<DivBackward0>)
	 epoch  70 test error:  tensor(0.0967, device='cuda:0', grad_fn=<DivBackward0>)
Memory status after this epoch: 
Memory allocated:  273.4833984375
Memory cached:  546.0
	 epoch  80 training error:  tensor(1.0000, device='cuda:0', grad_fn=<DivBackward0>)
	 epoch  80 test error:  tensor(0.0967, device='cuda:0', grad_fn=<DivBackward0>)
Memory status after this epoch: 
Memory allocated:  273.9521484375
Memory cached:  546.0
	 epoch  90 training error:  tensor(1.0000, device='cuda:0', grad_fn=<DivBackward0>)
	 epoch  90 test error:  tensor(0.0967, device='cuda:0', grad_fn=<DivBackward0>)
Memory status after this epoch: 
Memory allocated:  273.4833984375
Memory cached:  546.0
[I 2023-11-17 03:15:47,325] Trial 25 finished with value: 0.09674372524023056 and parameters: {'W_layers': 6, 'W_layer_units_exponent_0': 7, 'W_layer_units_exponent_1': 6, 'W_layer_units_exponent_2': 5, 'W_layer_units_exponent_3': 9, 'W_layer_units_exponent_4': 9, 'W_layer_units_exponent_5': 6, 'D_layers': 6, 'D_layer_units_exponent_0': 9, 'D_layer_units_exponent_1': 5, 'D_layer_units_exponent_2': 10, 'D_layer_units_exponent_3': 8, 'D_layer_units_exponent_4': 7, 'D_layer_units_exponent_5': 10, 'log_learning_rate': -2.3491490140656115, 'log_learning_rate_D': -1.7877707572323382, 'training_batch_size': 7, 'training_p': 3}. Best is trial 14 with value: 0.09673155844211578.
Time for this trial:  189.2762804031372
Memory status after this trial: 
Memory allocated:  526.7119140625
Memory cached:  548.0
--------------------  Trial  26   --------------------
Start timing: 
Parameters: 
{'W_layers': 6, 'W_layer_units_exponent_0': 7, 'W_layer_units_exponent_1': 6, 'W_layer_units_exponent_2': 6, 'W_layer_units_exponent_3': 9, 'W_layer_units_exponent_4': 9, 'W_layer_units_exponent_5': 6, 'D_layers': 6, 'D_layer_units_exponent_0': 7, 'D_layer_units_exponent_1': 5, 'D_layer_units_exponent_2': 10, 'D_layer_units_exponent_3': 7, 'D_layer_units_exponent_4': 7, 'D_layer_units_exponent_5': 10, 'log_learning_rate': -2.6020528315760285, 'log_learning_rate_D': -1.8658313876597803, 'training_batch_size': 7, 'training_p': 3}
	 epoch  0 training error:  tensor(1.0006, device='cuda:0', grad_fn=<DivBackward0>)
	 epoch  0 test error:  tensor(0.1496, device='cuda:0', grad_fn=<DivBackward0>)
Memory status after this epoch: 
Memory allocated:  245.9345703125
Memory cached:  274.0
	 epoch  10 training error:  tensor(0.9508, device='cuda:0', grad_fn=<DivBackward0>)
	 epoch  10 test error:  tensor(0.0974, device='cuda:0', grad_fn=<DivBackward0>)
Memory status after this epoch: 
Memory allocated:  246.4033203125
Memory cached:  494.0
	 epoch  20 training error:  tensor(0.9652, device='cuda:0', grad_fn=<DivBackward0>)
	 epoch  20 test error:  tensor(0.0971, device='cuda:0', grad_fn=<DivBackward0>)
Memory status after this epoch: 
Memory allocated:  245.9345703125
Memory cached:  494.0
	 epoch  30 training error:  tensor(0.9653, device='cuda:0', grad_fn=<DivBackward0>)
	 epoch  30 test error:  tensor(0.0978, device='cuda:0', grad_fn=<DivBackward0>)
Memory status after this epoch: 
Memory allocated:  246.4033203125
Memory cached:  494.0
	 epoch  40 training error:  tensor(0.9534, device='cuda:0', grad_fn=<DivBackward0>)
	 epoch  40 test error:  tensor(0.0978, device='cuda:0', grad_fn=<DivBackward0>)
Memory status after this epoch: 
Memory allocated:  245.9345703125
Memory cached:  494.0
	 epoch  50 training error:  tensor(0.9550, device='cuda:0', grad_fn=<DivBackward0>)
	 epoch  50 test error:  tensor(0.0977, device='cuda:0', grad_fn=<DivBackward0>)
Memory status after this epoch: 
Memory allocated:  246.4033203125
Memory cached:  494.0
	 epoch  60 training error:  tensor(0.9578, device='cuda:0', grad_fn=<DivBackward0>)
	 epoch  60 test error:  tensor(0.0977, device='cuda:0', grad_fn=<DivBackward0>)
Memory status after this epoch: 
Memory allocated:  245.9345703125
Memory cached:  494.0
	 epoch  70 training error:  tensor(0.9561, device='cuda:0', grad_fn=<DivBackward0>)
	 epoch  70 test error:  tensor(0.0980, device='cuda:0', grad_fn=<DivBackward0>)
Memory status after this epoch: 
Memory allocated:  246.4033203125
Memory cached:  494.0
	 epoch  80 training error:  tensor(0.9558, device='cuda:0', grad_fn=<DivBackward0>)
	 epoch  80 test error:  tensor(0.0986, device='cuda:0', grad_fn=<DivBackward0>)
Memory status after this epoch: 
Memory allocated:  245.9345703125
Memory cached:  494.0
	 epoch  90 training error:  tensor(0.9519, device='cuda:0', grad_fn=<DivBackward0>)
	 epoch  90 test error:  tensor(0.0979, device='cuda:0', grad_fn=<DivBackward0>)
Memory status after this epoch: 
Memory allocated:  246.4033203125
Memory cached:  494.0
[I 2023-11-17 03:18:51,359] Trial 26 finished with value: 0.0978316068649292 and parameters: {'W_layers': 6, 'W_layer_units_exponent_0': 7, 'W_layer_units_exponent_1': 6, 'W_layer_units_exponent_2': 6, 'W_layer_units_exponent_3': 9, 'W_layer_units_exponent_4': 9, 'W_layer_units_exponent_5': 6, 'D_layers': 6, 'D_layer_units_exponent_0': 7, 'D_layer_units_exponent_1': 5, 'D_layer_units_exponent_2': 10, 'D_layer_units_exponent_3': 7, 'D_layer_units_exponent_4': 7, 'D_layer_units_exponent_5': 10, 'log_learning_rate': -2.6020528315760285, 'log_learning_rate_D': -1.8658313876597803, 'training_batch_size': 7, 'training_p': 3}. Best is trial 14 with value: 0.09673155844211578.
Time for this trial:  183.76038098335266
Memory status after this trial: 
Memory allocated:  474.8955078125
Memory cached:  494.0
--------------------  Trial  27   --------------------
Start timing: 
Parameters: 
{'W_layers': 6, 'W_layer_units_exponent_0': 8, 'W_layer_units_exponent_1': 8, 'W_layer_units_exponent_2': 8, 'W_layer_units_exponent_3': 10, 'W_layer_units_exponent_4': 9, 'W_layer_units_exponent_5': 7, 'D_layers': 7, 'D_layer_units_exponent_0': 5, 'D_layer_units_exponent_1': 10, 'D_layer_units_exponent_2': 7, 'D_layer_units_exponent_3': 10, 'D_layer_units_exponent_4': 6, 'D_layer_units_exponent_5': 10, 'D_layer_units_exponent_6': 10, 'log_learning_rate': -2.3198777944676916, 'log_learning_rate_D': -2.294270423161681, 'training_batch_size': 7, 'training_p': 3}
	 epoch  0 training error:  tensor(0.9916, device='cuda:0', grad_fn=<DivBackward0>)
	 epoch  0 test error:  tensor(0.5237, device='cuda:0', grad_fn=<DivBackward0>)
Memory status after this epoch: 
Memory allocated:  430.326171875
Memory cached:  454.0
	 epoch  10 training error:  tensor(1.0000, device='cuda:0', grad_fn=<DivBackward0>)
	 epoch  10 test error:  tensor(0.0967, device='cuda:0', grad_fn=<DivBackward0>)
Memory status after this epoch: 
Memory allocated:  430.701171875
Memory cached:  830.0
	 epoch  20 training error:  tensor(1.0000, device='cuda:0', grad_fn=<DivBackward0>)
	 epoch  20 test error:  tensor(0.0967, device='cuda:0', grad_fn=<DivBackward0>)
Memory status after this epoch: 
Memory allocated:  430.326171875
Memory cached:  830.0
	 epoch  30 training error:  tensor(1.0000, device='cuda:0', grad_fn=<DivBackward0>)
	 epoch  30 test error:  tensor(0.0967, device='cuda:0', grad_fn=<DivBackward0>)
Memory status after this epoch: 
Memory allocated:  430.326171875
Memory cached:  830.0
	 epoch  40 training error:  tensor(1.0000, device='cuda:0', grad_fn=<DivBackward0>)
	 epoch  40 test error:  tensor(0.0967, device='cuda:0', grad_fn=<DivBackward0>)
Memory status after this epoch: 
Memory allocated:  430.701171875
Memory cached:  830.0
	 epoch  50 training error:  tensor(1.0000, device='cuda:0', grad_fn=<DivBackward0>)
	 epoch  50 test error:  tensor(0.0967, device='cuda:0', grad_fn=<DivBackward0>)
Memory status after this epoch: 
Memory allocated:  430.326171875
Memory cached:  830.0
	 epoch  60 training error:  tensor(1.0000, device='cuda:0', grad_fn=<DivBackward0>)
	 epoch  60 test error:  tensor(0.0967, device='cuda:0', grad_fn=<DivBackward0>)
Memory status after this epoch: 
Memory allocated:  430.701171875
Memory cached:  830.0
	 epoch  70 training error:  tensor(1.0000, device='cuda:0', grad_fn=<DivBackward0>)
	 epoch  70 test error:  tensor(0.0967, device='cuda:0', grad_fn=<DivBackward0>)
Memory status after this epoch: 
Memory allocated:  430.326171875
Memory cached:  830.0
	 epoch  80 training error:  tensor(1.0000, device='cuda:0', grad_fn=<DivBackward0>)
	 epoch  80 test error:  tensor(0.0967, device='cuda:0', grad_fn=<DivBackward0>)
Memory status after this epoch: 
Memory allocated:  430.701171875
Memory cached:  830.0
	 epoch  90 training error:  tensor(1.0000, device='cuda:0', grad_fn=<DivBackward0>)
	 epoch  90 test error:  tensor(0.0967, device='cuda:0', grad_fn=<DivBackward0>)
Memory status after this epoch: 
Memory allocated:  430.326171875
Memory cached:  830.0
