[I 2023-11-17 10:19:01,955] Trial 11 finished with value: 0.14788483083248138 and parameters: {'W_layers': 8, 'W_layer_units_exponent_0': 7, 'W_layer_units_exponent_1': 7, 'W_layer_units_exponent_2': 6, 'W_layer_units_exponent_3': 4, 'W_layer_units_exponent_4': 4, 'W_layer_units_exponent_5': 9, 'W_layer_units_exponent_6': 4, 'W_layer_units_exponent_7': 10, 'D_layers': 8, 'D_layer_units_exponent_0': 9, 'D_layer_units_exponent_1': 4, 'D_layer_units_exponent_2': 8, 'D_layer_units_exponent_3': 10, 'D_layer_units_exponent_4': 4, 'D_layer_units_exponent_5': 10, 'D_layer_units_exponent_6': 4, 'D_layer_units_exponent_7': 10, 'D_dagger_layers': 4, 'D_dagger_layer_units_exponent_0': 5, 'D_dagger_layer_units_exponent_1': 4, 'D_dagger_layer_units_exponent_2': 7, 'D_dagger_layer_units_exponent_3': 8, 'log_learning_rate': -3.7858287182489194, 'log_learning_rate_D': -4.91803706518486, 'log_learning_rate_D_dagger': -2.627437457326905, 'training_batch_size': 6, 'training_p': 8}. Best is trial 9 with value: 0.13405199348926544.
Time for this trial:  21.275220155715942
Memory status after this trial: 
Memory allocated:  127.986328125
Memory cached:  150.0
--------------------  Trial  12   --------------------
Start timing: 
Parameters: 
{'W_layers': 7, 'W_layer_units_exponent_0': 6, 'W_layer_units_exponent_1': 8, 'W_layer_units_exponent_2': 5, 'W_layer_units_exponent_3': 4, 'W_layer_units_exponent_4': 8, 'W_layer_units_exponent_5': 7, 'W_layer_units_exponent_6': 10, 'D_layers': 3, 'D_layer_units_exponent_0': 8, 'D_layer_units_exponent_1': 8, 'D_layer_units_exponent_2': 6, 'D_dagger_layers': 4, 'D_dagger_layer_units_exponent_0': 6, 'D_dagger_layer_units_exponent_1': 5, 'D_dagger_layer_units_exponent_2': 10, 'D_dagger_layer_units_exponent_3': 7, 'log_learning_rate': -3.593617341648555, 'log_learning_rate_D': -4.241489858841143, 'log_learning_rate_D_dagger': -2.4544095658648333, 'training_batch_size': 7, 'training_p': 2}
	 epoch  0 training error:  tensor(1.0326, device='cuda:0', grad_fn=<DivBackward0>)
Memory status after this epoch: 
Memory allocated:  6.02490234375
Memory cached:  14.0
	 epoch  10 training error:  tensor(0.3058, device='cuda:0', grad_fn=<DivBackward0>)
Memory status after this epoch: 
Memory allocated:  6.02490234375
Memory cached:  16.0
	 epoch  20 training error:  tensor(0.2063, device='cuda:0', grad_fn=<DivBackward0>)
Memory status after this epoch: 
Memory allocated:  6.02490234375
Memory cached:  16.0
	 epoch  30 training error:  tensor(0.1609, device='cuda:0', grad_fn=<DivBackward0>)
Memory status after this epoch: 
Memory allocated:  6.02490234375
Memory cached:  16.0
	 epoch  40 training error:  tensor(0.1526, device='cuda:0', grad_fn=<DivBackward0>)
Memory status after this epoch: 
Memory allocated:  6.02490234375
Memory cached:  16.0
	 epoch  50 training error:  tensor(0.1490, device='cuda:0', grad_fn=<DivBackward0>)
Memory status after this epoch: 
Memory allocated:  6.02490234375
Memory cached:  16.0
	 epoch  60 training error:  tensor(0.1478, device='cuda:0', grad_fn=<DivBackward0>)
Memory status after this epoch: 
Memory allocated:  6.02490234375
Memory cached:  16.0
	 epoch  70 training error:  tensor(0.1436, device='cuda:0', grad_fn=<DivBackward0>)
Memory status after this epoch: 
Memory allocated:  6.02490234375
Memory cached:  16.0
	 epoch  80 training error:  tensor(0.1424, device='cuda:0', grad_fn=<DivBackward0>)
Memory status after this epoch: 
Memory allocated:  6.02490234375
Memory cached:  16.0
	 epoch  90 training error:  tensor(0.1436, device='cuda:0', grad_fn=<DivBackward0>)
Memory status after this epoch: 
Memory allocated:  6.02490234375
Memory cached:  16.0
[I 2023-11-17 10:19:21,657] Trial 12 finished with value: 0.14426521956920624 and parameters: {'W_layers': 7, 'W_layer_units_exponent_0': 6, 'W_layer_units_exponent_1': 8, 'W_layer_units_exponent_2': 5, 'W_layer_units_exponent_3': 4, 'W_layer_units_exponent_4': 8, 'W_layer_units_exponent_5': 7, 'W_layer_units_exponent_6': 10, 'D_layers': 3, 'D_layer_units_exponent_0': 8, 'D_layer_units_exponent_1': 8, 'D_layer_units_exponent_2': 6, 'D_dagger_layers': 4, 'D_dagger_layer_units_exponent_0': 6, 'D_dagger_layer_units_exponent_1': 5, 'D_dagger_layer_units_exponent_2': 10, 'D_dagger_layer_units_exponent_3': 7, 'log_learning_rate': -3.593617341648555, 'log_learning_rate_D': -4.241489858841143, 'log_learning_rate_D_dagger': -2.4544095658648333, 'training_batch_size': 7, 'training_p': 2}. Best is trial 9 with value: 0.13405199348926544.
Time for this trial:  19.526039600372314
Memory status after this trial: 
Memory allocated:  167.22265625
Memory cached:  188.0
--------------------  Trial  13   --------------------
Start timing: 
Parameters: 
{'W_layers': 4, 'W_layer_units_exponent_0': 7, 'W_layer_units_exponent_1': 6, 'W_layer_units_exponent_2': 8, 'W_layer_units_exponent_3': 6, 'D_layers': 7, 'D_layer_units_exponent_0': 6, 'D_layer_units_exponent_1': 4, 'D_layer_units_exponent_2': 7, 'D_layer_units_exponent_3': 6, 'D_layer_units_exponent_4': 6, 'D_layer_units_exponent_5': 7, 'D_layer_units_exponent_6': 10, 'D_dagger_layers': 3, 'D_dagger_layer_units_exponent_0': 5, 'D_dagger_layer_units_exponent_1': 10, 'D_dagger_layer_units_exponent_2': 7, 'log_learning_rate': -3.4551169540246094, 'log_learning_rate_D': -4.178697734965856, 'log_learning_rate_D_dagger': -3.483926263743336, 'training_batch_size': 8, 'training_p': 4}
	 epoch  0 training error:  tensor(1.0689, device='cuda:0', grad_fn=<DivBackward0>)
Memory status after this epoch: 
Memory allocated:  3.92138671875
Memory cached:  8.0
	 epoch  10 training error:  tensor(0.5408, device='cuda:0', grad_fn=<DivBackward0>)
Memory status after this epoch: 
Memory allocated:  3.92138671875
Memory cached:  10.0
	 epoch  20 training error:  tensor(0.3906, device='cuda:0', grad_fn=<DivBackward0>)
Memory status after this epoch: 
Memory allocated:  3.92138671875
Memory cached:  10.0
	 epoch  30 training error:  tensor(0.2742, device='cuda:0', grad_fn=<DivBackward0>)
Memory status after this epoch: 
Memory allocated:  3.92138671875
Memory cached:  10.0
	 epoch  40 training error:  tensor(0.2277, device='cuda:0', grad_fn=<DivBackward0>)
Memory status after this epoch: 
Memory allocated:  3.92138671875
Memory cached:  10.0
	 epoch  50 training error:  tensor(0.2177, device='cuda:0', grad_fn=<DivBackward0>)
Memory status after this epoch: 
Memory allocated:  3.92138671875
Memory cached:  10.0
	 epoch  60 training error:  tensor(0.2049, device='cuda:0', grad_fn=<DivBackward0>)
Memory status after this epoch: 
Memory allocated:  3.92138671875
Memory cached:  10.0
	 epoch  70 training error:  tensor(0.1975, device='cuda:0', grad_fn=<DivBackward0>)
Memory status after this epoch: 
Memory allocated:  3.92138671875
Memory cached:  10.0
	 epoch  80 training error:  tensor(0.1928, device='cuda:0', grad_fn=<DivBackward0>)
Memory status after this epoch: 
Memory allocated:  3.92138671875
Memory cached:  10.0
	 epoch  90 training error:  tensor(0.1900, device='cuda:0', grad_fn=<DivBackward0>)
Memory status after this epoch: 
Memory allocated:  3.92138671875
Memory cached:  10.0
[I 2023-11-17 10:19:39,311] Trial 13 finished with value: 0.15995097160339355 and parameters: {'W_layers': 4, 'W_layer_units_exponent_0': 7, 'W_layer_units_exponent_1': 6, 'W_layer_units_exponent_2': 8, 'W_layer_units_exponent_3': 6, 'D_layers': 7, 'D_layer_units_exponent_0': 6, 'D_layer_units_exponent_1': 4, 'D_layer_units_exponent_2': 7, 'D_layer_units_exponent_3': 6, 'D_layer_units_exponent_4': 6, 'D_layer_units_exponent_5': 7, 'D_layer_units_exponent_6': 10, 'D_dagger_layers': 3, 'D_dagger_layer_units_exponent_0': 5, 'D_dagger_layer_units_exponent_1': 10, 'D_dagger_layer_units_exponent_2': 7, 'log_learning_rate': -3.4551169540246094, 'log_learning_rate_D': -4.178697734965856, 'log_learning_rate_D_dagger': -3.483926263743336, 'training_batch_size': 8, 'training_p': 4}. Best is trial 9 with value: 0.13405199348926544.
Time for this trial:  17.479413270950317
Memory status after this trial: 
Memory allocated:  92.85546875
Memory cached:  108.0
--------------------  Trial  14   --------------------
Start timing: 
Parameters: 
{'W_layers': 4, 'W_layer_units_exponent_0': 6, 'W_layer_units_exponent_1': 8, 'W_layer_units_exponent_2': 6, 'W_layer_units_exponent_3': 4, 'D_layers': 4, 'D_layer_units_exponent_0': 7, 'D_layer_units_exponent_1': 7, 'D_layer_units_exponent_2': 8, 'D_layer_units_exponent_3': 4, 'D_dagger_layers': 3, 'D_dagger_layer_units_exponent_0': 8, 'D_dagger_layer_units_exponent_1': 4, 'D_dagger_layer_units_exponent_2': 6, 'log_learning_rate': -4.415227447350734, 'log_learning_rate_D': -4.975402466386404, 'log_learning_rate_D_dagger': -2.3260328349090775, 'training_batch_size': 6, 'training_p': 4}
	 epoch  0 training error:  tensor(1.0060, device='cuda:0', grad_fn=<DivBackward0>)
Memory status after this epoch: 
Memory allocated:  0.96142578125
Memory cached:  6.0
	 epoch  10 training error:  tensor(0.4797, device='cuda:0', grad_fn=<DivBackward0>)
Memory status after this epoch: 
Memory allocated:  0.96142578125
Memory cached:  6.0
	 epoch  20 training error:  tensor(0.3900, device='cuda:0', grad_fn=<DivBackward0>)
Memory status after this epoch: 
Memory allocated:  0.96142578125
Memory cached:  6.0
	 epoch  30 training error:  tensor(0.3137, device='cuda:0', grad_fn=<DivBackward0>)
Memory status after this epoch: 
Memory allocated:  0.96142578125
Memory cached:  6.0
	 epoch  40 training error:  tensor(0.3191, device='cuda:0', grad_fn=<DivBackward0>)
Memory status after this epoch: 
Memory allocated:  0.96142578125
Memory cached:  6.0
	 epoch  50 training error:  tensor(0.2930, device='cuda:0', grad_fn=<DivBackward0>)
Memory status after this epoch: 
Memory allocated:  0.96142578125
Memory cached:  6.0
	 epoch  60 training error:  tensor(0.1918, device='cuda:0', grad_fn=<DivBackward0>)
Memory status after this epoch: 
Memory allocated:  0.96142578125
Memory cached:  6.0
	 epoch  70 training error:  tensor(0.1798, device='cuda:0', grad_fn=<DivBackward0>)
Memory status after this epoch: 
Memory allocated:  0.96142578125
Memory cached:  6.0
	 epoch  80 training error:  tensor(0.1629, device='cuda:0', grad_fn=<DivBackward0>)
Memory status after this epoch: 
Memory allocated:  0.96142578125
Memory cached:  6.0
	 epoch  90 training error:  tensor(0.1667, device='cuda:0', grad_fn=<DivBackward0>)
Memory status after this epoch: 
Memory allocated:  0.96142578125
Memory cached:  6.0
[I 2023-11-17 10:19:57,942] Trial 14 finished with value: 0.13214312493801117 and parameters: {'W_layers': 4, 'W_layer_units_exponent_0': 6, 'W_layer_units_exponent_1': 8, 'W_layer_units_exponent_2': 6, 'W_layer_units_exponent_3': 4, 'D_layers': 4, 'D_layer_units_exponent_0': 7, 'D_layer_units_exponent_1': 7, 'D_layer_units_exponent_2': 8, 'D_layer_units_exponent_3': 4, 'D_dagger_layers': 3, 'D_dagger_layer_units_exponent_0': 8, 'D_dagger_layer_units_exponent_1': 4, 'D_dagger_layer_units_exponent_2': 6, 'log_learning_rate': -4.415227447350734, 'log_learning_rate_D': -4.975402466386404, 'log_learning_rate_D_dagger': -2.3260328349090775, 'training_batch_size': 6, 'training_p': 4}. Best is trial 14 with value: 0.13214312493801117.
Time for this trial:  18.470056533813477
Memory status after this trial: 
Memory allocated:  40.3154296875
Memory cached:  54.0
--------------------  Trial  15   --------------------
Start timing: 
Parameters: 
{'W_layers': 6, 'W_layer_units_exponent_0': 5, 'W_layer_units_exponent_1': 8, 'W_layer_units_exponent_2': 5, 'W_layer_units_exponent_3': 6, 'W_layer_units_exponent_4': 5, 'W_layer_units_exponent_5': 4, 'D_layers': 4, 'D_layer_units_exponent_0': 8, 'D_layer_units_exponent_1': 7, 'D_layer_units_exponent_2': 8, 'D_layer_units_exponent_3': 4, 'D_dagger_layers': 3, 'D_dagger_layer_units_exponent_0': 9, 'D_dagger_layer_units_exponent_1': 6, 'D_dagger_layer_units_exponent_2': 6, 'log_learning_rate': -4.440753826876682, 'log_learning_rate_D': -4.32734237624297, 'log_learning_rate_D_dagger': -3.218188136949727, 'training_batch_size': 7, 'training_p': 4}
	 epoch  0 training error:  tensor(0.9970, device='cuda:0', grad_fn=<DivBackward0>)
Memory status after this epoch: 
Memory allocated:  1.349609375
Memory cached:  14.0
	 epoch  10 training error:  tensor(0.5582, device='cuda:0', grad_fn=<DivBackward0>)
Memory status after this epoch: 
Memory allocated:  1.349609375
Memory cached:  16.0
	 epoch  20 training error:  tensor(0.5067, device='cuda:0', grad_fn=<DivBackward0>)
Memory status after this epoch: 
Memory allocated:  1.349609375
Memory cached:  16.0
	 epoch  30 training error:  tensor(0.4824, device='cuda:0', grad_fn=<DivBackward0>)
Memory status after this epoch: 
Memory allocated:  1.349609375
Memory cached:  16.0
	 epoch  40 training error:  tensor(0.4612, device='cuda:0', grad_fn=<DivBackward0>)
Memory status after this epoch: 
Memory allocated:  1.349609375
Memory cached:  16.0
	 epoch  50 training error:  tensor(0.4406, device='cuda:0', grad_fn=<DivBackward0>)
Memory status after this epoch: 
Memory allocated:  1.349609375
Memory cached:  16.0
	 epoch  60 training error:  tensor(0.4107, device='cuda:0', grad_fn=<DivBackward0>)
Memory status after this epoch: 
Memory allocated:  1.349609375
Memory cached:  16.0
	 epoch  70 training error:  tensor(0.3811, device='cuda:0', grad_fn=<DivBackward0>)
Memory status after this epoch: 
Memory allocated:  1.349609375
Memory cached:  16.0
	 epoch  80 training error:  tensor(0.3532, device='cuda:0', grad_fn=<DivBackward0>)
Memory status after this epoch: 
Memory allocated:  1.349609375
Memory cached:  16.0
	 epoch  90 training error:  tensor(0.3248, device='cuda:0', grad_fn=<DivBackward0>)
Memory status after this epoch: 
Memory allocated:  1.349609375
Memory cached:  16.0
[I 2023-11-17 10:20:15,458] Trial 15 finished with value: 0.24779990315437317 and parameters: {'W_layers': 6, 'W_layer_units_exponent_0': 5, 'W_layer_units_exponent_1': 8, 'W_layer_units_exponent_2': 5, 'W_layer_units_exponent_3': 6, 'W_layer_units_exponent_4': 5, 'W_layer_units_exponent_5': 4, 'D_layers': 4, 'D_layer_units_exponent_0': 8, 'D_layer_units_exponent_1': 7, 'D_layer_units_exponent_2': 8, 'D_layer_units_exponent_3': 4, 'D_dagger_layers': 3, 'D_dagger_layer_units_exponent_0': 9, 'D_dagger_layer_units_exponent_1': 6, 'D_dagger_layer_units_exponent_2': 6, 'log_learning_rate': -4.440753826876682, 'log_learning_rate_D': -4.32734237624297, 'log_learning_rate_D_dagger': -3.218188136949727, 'training_batch_size': 7, 'training_p': 4}. Best is trial 14 with value: 0.13214312493801117.
Time for this trial:  17.34086275100708
Memory status after this trial: 
Memory allocated:  58.41015625
Memory cached:  78.0
--------------------  Trial  16   --------------------
Start timing: 
Parameters: 
{'W_layers': 7, 'W_layer_units_exponent_0': 6, 'W_layer_units_exponent_1': 10, 'W_layer_units_exponent_2': 6, 'W_layer_units_exponent_3': 5, 'W_layer_units_exponent_4': 10, 'W_layer_units_exponent_5': 8, 'W_layer_units_exponent_6': 6, 'D_layers': 4, 'D_layer_units_exponent_0': 7, 'D_layer_units_exponent_1': 9, 'D_layer_units_exponent_2': 8, 'D_layer_units_exponent_3': 5, 'D_dagger_layers': 2, 'D_dagger_layer_units_exponent_0': 9, 'D_dagger_layer_units_exponent_1': 9, 'log_learning_rate': -4.194725753498272, 'log_learning_rate_D': -3.8250370836298453, 'log_learning_rate_D_dagger': -2.4852916668569334, 'training_batch_size': 9, 'training_p': 6}
	 epoch  0 training error:  tensor(0.9980, device='cuda:0', grad_fn=<DivBackward0>)
Memory status after this epoch: 
Memory allocated:  11.8037109375
Memory cached:  16.0
	 epoch  10 training error:  tensor(0.9291, device='cuda:0', grad_fn=<DivBackward0>)
Memory status after this epoch: 
Memory allocated:  11.8037109375
Memory cached:  18.0
	 epoch  20 training error:  tensor(0.6607, device='cuda:0', grad_fn=<DivBackward0>)
Memory status after this epoch: 
Memory allocated:  11.8037109375
Memory cached:  18.0
	 epoch  30 training error:  tensor(0.2953, device='cuda:0', grad_fn=<DivBackward0>)
Memory status after this epoch: 
Memory allocated:  11.8037109375
Memory cached:  18.0
	 epoch  40 training error:  tensor(0.2501, device='cuda:0', grad_fn=<DivBackward0>)
Memory status after this epoch: 
Memory allocated:  11.8037109375
Memory cached:  18.0
	 epoch  50 training error:  tensor(0.2493, device='cuda:0', grad_fn=<DivBackward0>)
Memory status after this epoch: 
Memory allocated:  11.8037109375
Memory cached:  18.0
	 epoch  60 training error:  tensor(0.2499, device='cuda:0', grad_fn=<DivBackward0>)
Memory status after this epoch: 
Memory allocated:  11.8037109375
Memory cached:  18.0
	 epoch  70 training error:  tensor(0.2495, device='cuda:0', grad_fn=<DivBackward0>)
Memory status after this epoch: 
Memory allocated:  11.8037109375
Memory cached:  18.0
	 epoch  80 training error:  tensor(0.2494, device='cuda:0', grad_fn=<DivBackward0>)
Memory status after this epoch: 
Memory allocated:  11.8037109375
Memory cached:  18.0
	 epoch  90 training error:  tensor(0.2493, device='cuda:0', grad_fn=<DivBackward0>)
Memory status after this epoch: 
Memory allocated:  11.8037109375
Memory cached:  18.0
[I 2023-11-17 10:20:34,732] Trial 16 finished with value: 0.19319184124469757 and parameters: {'W_layers': 7, 'W_layer_units_exponent_0': 6, 'W_layer_units_exponent_1': 10, 'W_layer_units_exponent_2': 6, 'W_layer_units_exponent_3': 5, 'W_layer_units_exponent_4': 10, 'W_layer_units_exponent_5': 8, 'W_layer_units_exponent_6': 6, 'D_layers': 4, 'D_layer_units_exponent_0': 7, 'D_layer_units_exponent_1': 9, 'D_layer_units_exponent_2': 8, 'D_layer_units_exponent_3': 5, 'D_dagger_layers': 2, 'D_dagger_layer_units_exponent_0': 9, 'D_dagger_layer_units_exponent_1': 9, 'log_learning_rate': -4.194725753498272, 'log_learning_rate_D': -3.8250370836298453, 'log_learning_rate_D_dagger': -2.4852916668569334, 'training_batch_size': 9, 'training_p': 6}. Best is trial 14 with value: 0.13214312493801117.
Time for this trial:  19.07057213783264
Memory status after this trial: 
Memory allocated:  199.0126953125
Memory cached:  218.0
--------------------  Trial  17   --------------------
Start timing: 
Parameters: 
{'W_layers': 3, 'W_layer_units_exponent_0': 9, 'W_layer_units_exponent_1': 8, 'W_layer_units_exponent_2': 10, 'D_layers': 6, 'D_layer_units_exponent_0': 8, 'D_layer_units_exponent_1': 7, 'D_layer_units_exponent_2': 6, 'D_layer_units_exponent_3': 6, 'D_layer_units_exponent_4': 6, 'D_layer_units_exponent_5': 5, 'D_dagger_layers': 5, 'D_dagger_layer_units_exponent_0': 8, 'D_dagger_layer_units_exponent_1': 5, 'D_dagger_layer_units_exponent_2': 4, 'D_dagger_layer_units_exponent_3': 10, 'D_dagger_layer_units_exponent_4': 4, 'log_learning_rate': -4.99835302410858, 'log_learning_rate_D': -4.474642819522041, 'log_learning_rate_D_dagger': -3.8193398840133623, 'training_batch_size': 9, 'training_p': 6}
	 epoch  0 training error:  tensor(1.0733, device='cuda:0', grad_fn=<DivBackward0>)
Memory status after this epoch: 
Memory allocated:  7.07275390625
Memory cached:  10.0
	 epoch  10 training error:  tensor(0.9322, device='cuda:0', grad_fn=<DivBackward0>)
Memory status after this epoch: 
Memory allocated:  7.07275390625
Memory cached:  12.0
	 epoch  20 training error:  tensor(0.7256, device='cuda:0', grad_fn=<DivBackward0>)
Memory status after this epoch: 
Memory allocated:  7.07275390625
Memory cached:  12.0
	 epoch  30 training error:  tensor(0.4700, device='cuda:0', grad_fn=<DivBackward0>)
Memory status after this epoch: 
Memory allocated:  7.07275390625
Memory cached:  12.0
	 epoch  40 training error:  tensor(0.4505, device='cuda:0', grad_fn=<DivBackward0>)
Memory status after this epoch: 
Memory allocated:  7.07275390625
Memory cached:  12.0
	 epoch  50 training error:  tensor(0.4130, device='cuda:0', grad_fn=<DivBackward0>)
Memory status after this epoch: 
Memory allocated:  7.07275390625
Memory cached:  12.0
	 epoch  60 training error:  tensor(0.3911, device='cuda:0', grad_fn=<DivBackward0>)
Memory status after this epoch: 
Memory allocated:  7.07275390625
Memory cached:  12.0
	 epoch  70 training error:  tensor(0.3598, device='cuda:0', grad_fn=<DivBackward0>)
Memory status after this epoch: 
Memory allocated:  7.07275390625
Memory cached:  12.0
	 epoch  80 training error:  tensor(0.3340, device='cuda:0', grad_fn=<DivBackward0>)
Memory status after this epoch: 
Memory allocated:  7.07275390625
Memory cached:  12.0
	 epoch  90 training error:  tensor(0.3104, device='cuda:0', grad_fn=<DivBackward0>)
Memory status after this epoch: 
Memory allocated:  7.07275390625
Memory cached:  12.0
