[I 2023-11-16 02:29:54,262] Trial 32 finished with value: 0.03146035596728325 and parameters: {'W_layers': 4, 'W_layer_units_exponent_0': 6, 'W_layer_units_exponent_1': 7, 'W_layer_units_exponent_2': 7, 'W_layer_units_exponent_3': 8, 'D_layers': 4, 'D_layer_units_exponent_0': 7, 'D_layer_units_exponent_1': 6, 'D_layer_units_exponent_2': 8, 'D_layer_units_exponent_3': 9, 'log_learning_rate': -3.807090520019483, 'log_learning_rate_D': -4.191816278854154, 'training_batch_size': 8, 'training_p': 8}. Best is trial 22 with value: 0.03143644332885742.
Time for this trial:  132.0023934841156
Memory status after this trial: 
Memory allocated:  774.06884765625
Memory cached:  784.0
--------------------  Trial  33   --------------------
Start timing: 
Parameters: 
{'W_layers': 4, 'W_layer_units_exponent_0': 5, 'W_layer_units_exponent_1': 6, 'W_layer_units_exponent_2': 6, 'W_layer_units_exponent_3': 7, 'D_layers': 4, 'D_layer_units_exponent_0': 7, 'D_layer_units_exponent_1': 5, 'D_layer_units_exponent_2': 8, 'D_layer_units_exponent_3': 9, 'log_learning_rate': -3.776470680168996, 'log_learning_rate_D': -4.006731037464554, 'training_batch_size': 8, 'training_p': 7}
	 epoch  0 training error:  tensor(3.9374, device='cuda:0', grad_fn=<DivBackward0>)
	 epoch  0 test error:  tensor(0.3673, device='cuda:0', grad_fn=<DivBackward0>)
Memory status after this epoch: 
Memory allocated:  385.58740234375
Memory cached:  656.0
	 epoch  10 training error:  tensor(1.1128, device='cuda:0', grad_fn=<DivBackward0>)
	 epoch  10 test error:  tensor(0.1172, device='cuda:0', grad_fn=<DivBackward0>)
Memory status after this epoch: 
Memory allocated:  387.08740234375
Memory cached:  746.0
	 epoch  20 training error:  tensor(0.7909, device='cuda:0', grad_fn=<DivBackward0>)
	 epoch  20 test error:  tensor(0.0600, device='cuda:0', grad_fn=<DivBackward0>)
Memory status after this epoch: 
Memory allocated:  385.58740234375
Memory cached:  746.0
	 epoch  30 training error:  tensor(0.5651, device='cuda:0', grad_fn=<DivBackward0>)
	 epoch  30 test error:  tensor(0.0513, device='cuda:0', grad_fn=<DivBackward0>)
Memory status after this epoch: 
Memory allocated:  387.08740234375
Memory cached:  746.0
	 epoch  40 training error:  tensor(0.4134, device='cuda:0', grad_fn=<DivBackward0>)
	 epoch  40 test error:  tensor(0.0346, device='cuda:0', grad_fn=<DivBackward0>)
Memory status after this epoch: 
Memory allocated:  385.58740234375
Memory cached:  746.0
	 epoch  50 training error:  tensor(0.3804, device='cuda:0', grad_fn=<DivBackward0>)
	 epoch  50 test error:  tensor(0.0342, device='cuda:0', grad_fn=<DivBackward0>)
Memory status after this epoch: 
Memory allocated:  387.08740234375
Memory cached:  746.0
	 epoch  60 training error:  tensor(0.3601, device='cuda:0', grad_fn=<DivBackward0>)
	 epoch  60 test error:  tensor(0.0328, device='cuda:0', grad_fn=<DivBackward0>)
Memory status after this epoch: 
Memory allocated:  385.58740234375
Memory cached:  746.0
	 epoch  70 training error:  tensor(0.3534, device='cuda:0', grad_fn=<DivBackward0>)
	 epoch  70 test error:  tensor(0.0321, device='cuda:0', grad_fn=<DivBackward0>)
Memory status after this epoch: 
Memory allocated:  387.08740234375
Memory cached:  746.0
	 epoch  80 training error:  tensor(0.3498, device='cuda:0', grad_fn=<DivBackward0>)
	 epoch  80 test error:  tensor(0.0318, device='cuda:0', grad_fn=<DivBackward0>)
Memory status after this epoch: 
Memory allocated:  385.58740234375
Memory cached:  746.0
	 epoch  90 training error:  tensor(0.3467, device='cuda:0', grad_fn=<DivBackward0>)
	 epoch  90 test error:  tensor(0.0322, device='cuda:0', grad_fn=<DivBackward0>)
Memory status after this epoch: 
Memory allocated:  387.08740234375
Memory cached:  746.0
[I 2023-11-16 02:32:05,157] Trial 33 finished with value: 0.03203524649143219 and parameters: {'W_layers': 4, 'W_layer_units_exponent_0': 5, 'W_layer_units_exponent_1': 6, 'W_layer_units_exponent_2': 6, 'W_layer_units_exponent_3': 7, 'D_layers': 4, 'D_layer_units_exponent_0': 7, 'D_layer_units_exponent_1': 5, 'D_layer_units_exponent_2': 8, 'D_layer_units_exponent_3': 9, 'log_learning_rate': -3.776470680168996, 'log_learning_rate_D': -4.006731037464554, 'training_batch_size': 8, 'training_p': 7}. Best is trial 22 with value: 0.03143644332885742.
Time for this trial:  130.6374707221985
Memory status after this trial: 
Memory allocated:  739.49951171875
Memory cached:  746.0
--------------------  Trial  34   --------------------
Start timing: 
Parameters: 
{'W_layers': 4, 'W_layer_units_exponent_0': 6, 'W_layer_units_exponent_1': 7, 'W_layer_units_exponent_2': 7, 'W_layer_units_exponent_3': 6, 'D_layers': 5, 'D_layer_units_exponent_0': 8, 'D_layer_units_exponent_1': 8, 'D_layer_units_exponent_2': 8, 'D_layer_units_exponent_3': 10, 'D_layer_units_exponent_4': 6, 'log_learning_rate': -2.924428078123928, 'log_learning_rate_D': -4.713548915171509, 'training_batch_size': 10, 'training_p': 8}
	 epoch  0 training error:  tensor(1.4127, device='cuda:0', grad_fn=<DivBackward0>)
	 epoch  0 test error:  tensor(0.9121, device='cuda:0', grad_fn=<DivBackward0>)
Memory status after this epoch: 
Memory allocated:  446.3828125
Memory cached:  714.0
	 epoch  10 training error:  tensor(1.9851, device='cuda:0', grad_fn=<DivBackward0>)
	 epoch  10 test error:  tensor(0.2063, device='cuda:0', grad_fn=<DivBackward0>)
Memory status after this epoch: 
Memory allocated:  444.8828125
Memory cached:  860.0
	 epoch  20 training error:  tensor(0.8088, device='cuda:0', grad_fn=<DivBackward0>)
	 epoch  20 test error:  tensor(0.0930, device='cuda:0', grad_fn=<DivBackward0>)
Memory status after this epoch: 
Memory allocated:  446.3828125
Memory cached:  864.0
	 epoch  30 training error:  tensor(0.7346, device='cuda:0', grad_fn=<DivBackward0>)
	 epoch  30 test error:  tensor(0.0718, device='cuda:0', grad_fn=<DivBackward0>)
Memory status after this epoch: 
Memory allocated:  444.8828125
Memory cached:  860.0
	 epoch  40 training error:  tensor(0.6118, device='cuda:0', grad_fn=<DivBackward0>)
	 epoch  40 test error:  tensor(0.0566, device='cuda:0', grad_fn=<DivBackward0>)
Memory status after this epoch: 
Memory allocated:  446.3828125
Memory cached:  860.0
	 epoch  50 training error:  tensor(0.4131, device='cuda:0', grad_fn=<DivBackward0>)
	 epoch  50 test error:  tensor(0.0367, device='cuda:0', grad_fn=<DivBackward0>)
Memory status after this epoch: 
Memory allocated:  444.8828125
Memory cached:  860.0
	 epoch  60 training error:  tensor(0.3719, device='cuda:0', grad_fn=<DivBackward0>)
	 epoch  60 test error:  tensor(0.0332, device='cuda:0', grad_fn=<DivBackward0>)
Memory status after this epoch: 
Memory allocated:  446.3828125
Memory cached:  860.0
	 epoch  70 training error:  tensor(0.3641, device='cuda:0', grad_fn=<DivBackward0>)
	 epoch  70 test error:  tensor(0.0327, device='cuda:0', grad_fn=<DivBackward0>)
Memory status after this epoch: 
Memory allocated:  444.8828125
Memory cached:  860.0
	 epoch  80 training error:  tensor(0.3473, device='cuda:0', grad_fn=<DivBackward0>)
	 epoch  80 test error:  tensor(0.0313, device='cuda:0', grad_fn=<DivBackward0>)
Memory status after this epoch: 
Memory allocated:  446.3828125
Memory cached:  860.0
	 epoch  90 training error:  tensor(0.3401, device='cuda:0', grad_fn=<DivBackward0>)
	 epoch  90 test error:  tensor(0.0320, device='cuda:0', grad_fn=<DivBackward0>)
Memory status after this epoch: 
Memory allocated:  444.8828125
Memory cached:  860.0
[I 2023-11-16 02:34:30,410] Trial 34 finished with value: 0.03146454319357872 and parameters: {'W_layers': 4, 'W_layer_units_exponent_0': 6, 'W_layer_units_exponent_1': 7, 'W_layer_units_exponent_2': 7, 'W_layer_units_exponent_3': 6, 'D_layers': 5, 'D_layer_units_exponent_0': 8, 'D_layer_units_exponent_1': 8, 'D_layer_units_exponent_2': 8, 'D_layer_units_exponent_3': 10, 'D_layer_units_exponent_4': 6, 'log_learning_rate': -2.924428078123928, 'log_learning_rate_D': -4.713548915171509, 'training_batch_size': 10, 'training_p': 8}. Best is trial 22 with value: 0.03143644332885742.
Time for this trial:  145.01396679878235
Memory status after this trial: 
Memory allocated:  850.43505859375
Memory cached:  860.0
--------------------  Trial  35   --------------------
Start timing: 
Parameters: 
{'W_layers': 5, 'W_layer_units_exponent_0': 7, 'W_layer_units_exponent_1': 10, 'W_layer_units_exponent_2': 8, 'W_layer_units_exponent_3': 6, 'W_layer_units_exponent_4': 8, 'D_layers': 5, 'D_layer_units_exponent_0': 8, 'D_layer_units_exponent_1': 7, 'D_layer_units_exponent_2': 7, 'D_layer_units_exponent_3': 10, 'D_layer_units_exponent_4': 6, 'log_learning_rate': -2.832642272914656, 'log_learning_rate_D': -4.723105545182982, 'training_batch_size': 10, 'training_p': 8}
	 epoch  0 training error:  tensor(0.9686, device='cuda:0', grad_fn=<DivBackward0>)
	 epoch  0 test error:  tensor(4.8470, device='cuda:0', grad_fn=<DivBackward0>)
Memory status after this epoch: 
Memory allocated:  505.89453125
Memory cached:  776.0
	 epoch  10 training error:  tensor(3.5279, device='cuda:0', grad_fn=<DivBackward0>)
	 epoch  10 test error:  tensor(0.3030, device='cuda:0', grad_fn=<DivBackward0>)
Memory status after this epoch: 
Memory allocated:  507.39453125
Memory cached:  978.0
	 epoch  20 training error:  tensor(1.0690, device='cuda:0', grad_fn=<DivBackward0>)
	 epoch  20 test error:  tensor(0.0699, device='cuda:0', grad_fn=<DivBackward0>)
Memory status after this epoch: 
Memory allocated:  505.89453125
Memory cached:  978.0
	 epoch  30 training error:  tensor(0.8724, device='cuda:0', grad_fn=<DivBackward0>)
	 epoch  30 test error:  tensor(0.0674, device='cuda:0', grad_fn=<DivBackward0>)
Memory status after this epoch: 
Memory allocated:  507.39453125
Memory cached:  978.0
	 epoch  40 training error:  tensor(0.8017, device='cuda:0', grad_fn=<DivBackward0>)
	 epoch  40 test error:  tensor(0.0675, device='cuda:0', grad_fn=<DivBackward0>)
Memory status after this epoch: 
Memory allocated:  505.89453125
Memory cached:  980.0
	 epoch  50 training error:  tensor(0.7873, device='cuda:0', grad_fn=<DivBackward0>)
	 epoch  50 test error:  tensor(0.0701, device='cuda:0', grad_fn=<DivBackward0>)
Memory status after this epoch: 
Memory allocated:  507.39453125
Memory cached:  980.0
	 epoch  60 training error:  tensor(0.7678, device='cuda:0', grad_fn=<DivBackward0>)
	 epoch  60 test error:  tensor(0.0687, device='cuda:0', grad_fn=<DivBackward0>)
Memory status after this epoch: 
Memory allocated:  505.89453125
Memory cached:  982.0
	 epoch  70 training error:  tensor(0.7385, device='cuda:0', grad_fn=<DivBackward0>)
	 epoch  70 test error:  tensor(0.0646, device='cuda:0', grad_fn=<DivBackward0>)
Memory status after this epoch: 
Memory allocated:  507.39453125
Memory cached:  980.0
	 epoch  80 training error:  tensor(0.6732, device='cuda:0', grad_fn=<DivBackward0>)
	 epoch  80 test error:  tensor(0.0584, device='cuda:0', grad_fn=<DivBackward0>)
Memory status after this epoch: 
Memory allocated:  505.89453125
Memory cached:  980.0
	 epoch  90 training error:  tensor(0.5027, device='cuda:0', grad_fn=<DivBackward0>)
	 epoch  90 test error:  tensor(0.0424, device='cuda:0', grad_fn=<DivBackward0>)
Memory status after this epoch: 
Memory allocated:  507.39453125
Memory cached:  980.0
[I 2023-11-16 02:37:10,896] Trial 35 finished with value: 0.03424680978059769 and parameters: {'W_layers': 5, 'W_layer_units_exponent_0': 7, 'W_layer_units_exponent_1': 10, 'W_layer_units_exponent_2': 8, 'W_layer_units_exponent_3': 6, 'W_layer_units_exponent_4': 8, 'D_layers': 5, 'D_layer_units_exponent_0': 8, 'D_layer_units_exponent_1': 7, 'D_layer_units_exponent_2': 7, 'D_layer_units_exponent_3': 10, 'D_layer_units_exponent_4': 6, 'log_learning_rate': -2.832642272914656, 'log_learning_rate_D': -4.723105545182982, 'training_batch_size': 10, 'training_p': 8}. Best is trial 22 with value: 0.03143644332885742.
Time for this trial:  160.21303534507751
Memory status after this trial: 
Memory allocated:  968.30419921875
Memory cached:  980.0
--------------------  Trial  36   --------------------
Start timing: 
Parameters: 
{'W_layers': 3, 'W_layer_units_exponent_0': 7, 'W_layer_units_exponent_1': 8, 'W_layer_units_exponent_2': 4, 'D_layers': 6, 'D_layer_units_exponent_0': 9, 'D_layer_units_exponent_1': 7, 'D_layer_units_exponent_2': 9, 'D_layer_units_exponent_3': 10, 'D_layer_units_exponent_4': 6, 'D_layer_units_exponent_5': 9, 'log_learning_rate': -2.9228651080987884, 'log_learning_rate_D': -4.995190069631651, 'training_batch_size': 12, 'training_p': 6}
	 epoch  0 training error:  tensor(1.9356, device='cuda:0', grad_fn=<DivBackward0>)
	 epoch  0 test error:  tensor(1.6953, device='cuda:0', grad_fn=<DivBackward0>)
Memory status after this epoch: 
Memory allocated:  499.275390625
Memory cached:  780.0
	 epoch  10 training error:  tensor(6.2751, device='cuda:0', grad_fn=<DivBackward0>)
	 epoch  10 test error:  tensor(0.6535, device='cuda:0', grad_fn=<DivBackward0>)
Memory status after this epoch: 
Memory allocated:  498.666015625
Memory cached:  974.0
	 epoch  20 training error:  tensor(1.7811, device='cuda:0', grad_fn=<DivBackward0>)
	 epoch  20 test error:  tensor(0.1825, device='cuda:0', grad_fn=<DivBackward0>)
Memory status after this epoch: 
Memory allocated:  499.744140625
Memory cached:  958.0
	 epoch  30 training error:  tensor(1.0242, device='cuda:0', grad_fn=<DivBackward0>)
	 epoch  30 test error:  tensor(0.0910, device='cuda:0', grad_fn=<DivBackward0>)
Memory status after this epoch: 
Memory allocated:  498.666015625
Memory cached:  958.0
	 epoch  40 training error:  tensor(0.8276, device='cuda:0', grad_fn=<DivBackward0>)
	 epoch  40 test error:  tensor(0.0506, device='cuda:0', grad_fn=<DivBackward0>)
Memory status after this epoch: 
Memory allocated:  499.744140625
Memory cached:  960.0
	 epoch  50 training error:  tensor(0.4578, device='cuda:0', grad_fn=<DivBackward0>)
	 epoch  50 test error:  tensor(0.0502, device='cuda:0', grad_fn=<DivBackward0>)
Memory status after this epoch: 
Memory allocated:  498.666015625
Memory cached:  958.0
	 epoch  60 training error:  tensor(0.5125, device='cuda:0', grad_fn=<DivBackward0>)
	 epoch  60 test error:  tensor(0.0431, device='cuda:0', grad_fn=<DivBackward0>)
Memory status after this epoch: 
Memory allocated:  499.744140625
Memory cached:  958.0
	 epoch  70 training error:  tensor(0.4563, device='cuda:0', grad_fn=<DivBackward0>)
	 epoch  70 test error:  tensor(0.0419, device='cuda:0', grad_fn=<DivBackward0>)
Memory status after this epoch: 
Memory allocated:  498.666015625
Memory cached:  960.0
	 epoch  80 training error:  tensor(0.4451, device='cuda:0', grad_fn=<DivBackward0>)
	 epoch  80 test error:  tensor(0.0422, device='cuda:0', grad_fn=<DivBackward0>)
Memory status after this epoch: 
Memory allocated:  499.744140625
Memory cached:  960.0
	 epoch  90 training error:  tensor(0.4677, device='cuda:0', grad_fn=<DivBackward0>)
	 epoch  90 test error:  tensor(0.0433, device='cuda:0', grad_fn=<DivBackward0>)
Memory status after this epoch: 
Memory allocated:  498.666015625
Memory cached:  958.0
[I 2023-11-16 02:39:42,180] Trial 36 finished with value: 0.038399018347263336 and parameters: {'W_layers': 3, 'W_layer_units_exponent_0': 7, 'W_layer_units_exponent_1': 8, 'W_layer_units_exponent_2': 4, 'D_layers': 6, 'D_layer_units_exponent_0': 9, 'D_layer_units_exponent_1': 7, 'D_layer_units_exponent_2': 9, 'D_layer_units_exponent_3': 10, 'D_layer_units_exponent_4': 6, 'D_layer_units_exponent_5': 9, 'log_learning_rate': -2.9228651080987884, 'log_learning_rate_D': -4.995190069631651, 'training_batch_size': 12, 'training_p': 6}. Best is trial 22 with value: 0.03143644332885742.
Time for this trial:  151.0002920627594
Memory status after this trial: 
Memory allocated:  949.52587890625
Memory cached:  958.0
--------------------  Trial  37   --------------------
Start timing: 
Parameters: 
{'W_layers': 5, 'W_layer_units_exponent_0': 5, 'W_layer_units_exponent_1': 6, 'W_layer_units_exponent_2': 6, 'W_layer_units_exponent_3': 5, 'W_layer_units_exponent_4': 9, 'D_layers': 7, 'D_layer_units_exponent_0': 8, 'D_layer_units_exponent_1': 6, 'D_layer_units_exponent_2': 7, 'D_layer_units_exponent_3': 10, 'D_layer_units_exponent_4': 8, 'D_layer_units_exponent_5': 4, 'D_layer_units_exponent_6': 10, 'log_learning_rate': -3.7552885537804483, 'log_learning_rate_D': -4.709609892162721, 'training_batch_size': 10, 'training_p': 7}
	 epoch  0 training error:  tensor(0.9983, device='cuda:0', grad_fn=<DivBackward0>)
	 epoch  0 test error:  tensor(0.0789, device='cuda:0', grad_fn=<DivBackward0>)
Memory status after this epoch: 
Memory allocated:  509.96630859375
Memory cached:  784.0
	 epoch  10 training error:  tensor(0.8198, device='cuda:0', grad_fn=<DivBackward0>)
	 epoch  10 test error:  tensor(0.0692, device='cuda:0', grad_fn=<DivBackward0>)
Memory status after this epoch: 
Memory allocated:  511.65380859375
Memory cached:  994.0
	 epoch  20 training error:  tensor(0.8225, device='cuda:0', grad_fn=<DivBackward0>)
	 epoch  20 test error:  tensor(0.0688, device='cuda:0', grad_fn=<DivBackward0>)
Memory status after this epoch: 
Memory allocated:  509.96630859375
Memory cached:  998.0
	 epoch  30 training error:  tensor(0.8017, device='cuda:0', grad_fn=<DivBackward0>)
	 epoch  30 test error:  tensor(0.0693, device='cuda:0', grad_fn=<DivBackward0>)
Memory status after this epoch: 
Memory allocated:  511.18505859375
Memory cached:  998.0
	 epoch  40 training error:  tensor(0.7276, device='cuda:0', grad_fn=<DivBackward0>)
	 epoch  40 test error:  tensor(0.0621, device='cuda:0', grad_fn=<DivBackward0>)
Memory status after this epoch: 
Memory allocated:  510.06005859375
Memory cached:  998.0
	 epoch  50 training error:  tensor(0.5272, device='cuda:0', grad_fn=<DivBackward0>)
	 epoch  50 test error:  tensor(0.0436, device='cuda:0', grad_fn=<DivBackward0>)
Memory status after this epoch: 
Memory allocated:  511.18505859375
Memory cached:  998.0
	 epoch  60 training error:  tensor(0.4009, device='cuda:0', grad_fn=<DivBackward0>)
	 epoch  60 test error:  tensor(0.0342, device='cuda:0', grad_fn=<DivBackward0>)
Memory status after this epoch: 
Memory allocated:  510.43505859375
Memory cached:  998.0
	 epoch  70 training error:  tensor(0.3604, device='cuda:0', grad_fn=<DivBackward0>)
	 epoch  70 test error:  tensor(0.0323, device='cuda:0', grad_fn=<DivBackward0>)
Memory status after this epoch: 
Memory allocated:  511.18505859375
Memory cached:  994.0
	 epoch  80 training error:  tensor(0.3559, device='cuda:0', grad_fn=<DivBackward0>)
	 epoch  80 test error:  tensor(0.0324, device='cuda:0', grad_fn=<DivBackward0>)
Memory status after this epoch: 
Memory allocated:  510.43505859375
Memory cached:  994.0
	 epoch  90 training error:  tensor(0.3491, device='cuda:0', grad_fn=<DivBackward0>)
	 epoch  90 test error:  tensor(0.0316, device='cuda:0', grad_fn=<DivBackward0>)
Memory status after this epoch: 
Memory allocated:  511.18505859375
Memory cached:  994.0
