[I 2023-11-16 12:17:53,827] Trial 1 finished with value: 0.007747524883598089 and parameters: {'W_layers': 4, 'W_layer_units_exponent_0': 6, 'W_layer_units_exponent_1': 5, 'W_layer_units_exponent_2': 9, 'W_layer_units_exponent_3': 8, 'D_layers': 2, 'D_layer_units_exponent_0': 10, 'D_layer_units_exponent_1': 5, 'log_learning_rate': -3.2123211045911972, 'log_learning_rate_D': -1.4764013060814514, 'training_batch_size': 10, 'training_p': 4}. Best is trial 1 with value: 0.007747524883598089.
Time for this trial:  120.32109475135803
Memory status after this trial: 
Memory allocated:  334.72314453125
Memory cached:  354.0
--------------------  Trial  2   --------------------
Start timing: 
Parameters: 
{'W_layers': 6, 'W_layer_units_exponent_0': 6, 'W_layer_units_exponent_1': 9, 'W_layer_units_exponent_2': 10, 'W_layer_units_exponent_3': 6, 'W_layer_units_exponent_4': 6, 'W_layer_units_exponent_5': 5, 'D_layers': 8, 'D_layer_units_exponent_0': 6, 'D_layer_units_exponent_1': 9, 'D_layer_units_exponent_2': 5, 'D_layer_units_exponent_3': 4, 'D_layer_units_exponent_4': 7, 'D_layer_units_exponent_5': 6, 'D_layer_units_exponent_6': 5, 'D_layer_units_exponent_7': 5, 'log_learning_rate': -1.599383375891449, 'log_learning_rate_D': -4.510088255715861, 'training_batch_size': 9, 'training_p': 4}
	 epoch  0 training error:  tensor(0.4753, device='cuda:0', grad_fn=<DivBackward0>)
	 epoch  0 test error:  tensor(0.5166, device='cuda:0', grad_fn=<DivBackward0>)
Memory status after this epoch: 
Memory allocated:  216.6181640625
Memory cached:  268.0
	 epoch  10 training error:  tensor(1., device='cuda:0', grad_fn=<DivBackward0>)
	 epoch  10 test error:  tensor(0.0443, device='cuda:0', grad_fn=<DivBackward0>)
Memory status after this epoch: 
Memory allocated:  216.9462890625
Memory cached:  430.0
	 epoch  20 training error:  tensor(1., device='cuda:0', grad_fn=<DivBackward0>)
	 epoch  20 test error:  tensor(0.0443, device='cuda:0', grad_fn=<DivBackward0>)
Memory status after this epoch: 
Memory allocated:  216.1494140625
Memory cached:  430.0
	 epoch  30 training error:  tensor(1., device='cuda:0', grad_fn=<DivBackward0>)
	 epoch  30 test error:  tensor(0.0443, device='cuda:0', grad_fn=<DivBackward0>)
Memory status after this epoch: 
Memory allocated:  216.9462890625
Memory cached:  430.0
	 epoch  40 training error:  tensor(1., device='cuda:0', grad_fn=<DivBackward0>)
	 epoch  40 test error:  tensor(0.0443, device='cuda:0', grad_fn=<DivBackward0>)
Memory status after this epoch: 
Memory allocated:  216.1494140625
Memory cached:  430.0
	 epoch  50 training error:  tensor(1., device='cuda:0', grad_fn=<DivBackward0>)
	 epoch  50 test error:  tensor(0.0443, device='cuda:0', grad_fn=<DivBackward0>)
Memory status after this epoch: 
Memory allocated:  216.9462890625
Memory cached:  430.0
	 epoch  60 training error:  tensor(1., device='cuda:0', grad_fn=<DivBackward0>)
	 epoch  60 test error:  tensor(0.0443, device='cuda:0', grad_fn=<DivBackward0>)
Memory status after this epoch: 
Memory allocated:  216.1494140625
Memory cached:  430.0
	 epoch  70 training error:  tensor(1., device='cuda:0', grad_fn=<DivBackward0>)
	 epoch  70 test error:  tensor(0.0443, device='cuda:0', grad_fn=<DivBackward0>)
Memory status after this epoch: 
Memory allocated:  216.9462890625
Memory cached:  430.0
	 epoch  80 training error:  tensor(1., device='cuda:0', grad_fn=<DivBackward0>)
	 epoch  80 test error:  tensor(0.0443, device='cuda:0', grad_fn=<DivBackward0>)
Memory status after this epoch: 
Memory allocated:  216.1494140625
Memory cached:  432.0
	 epoch  90 training error:  tensor(1., device='cuda:0', grad_fn=<DivBackward0>)
	 epoch  90 test error:  tensor(0.0443, device='cuda:0', grad_fn=<DivBackward0>)
Memory status after this epoch: 
Memory allocated:  216.9462890625
Memory cached:  434.0
[I 2023-11-16 12:21:00,063] Trial 2 finished with value: 0.04426875337958336 and parameters: {'W_layers': 6, 'W_layer_units_exponent_0': 6, 'W_layer_units_exponent_1': 9, 'W_layer_units_exponent_2': 10, 'W_layer_units_exponent_3': 6, 'W_layer_units_exponent_4': 6, 'W_layer_units_exponent_5': 5, 'D_layers': 8, 'D_layer_units_exponent_0': 6, 'D_layer_units_exponent_1': 9, 'D_layer_units_exponent_2': 5, 'D_layer_units_exponent_3': 4, 'D_layer_units_exponent_4': 7, 'D_layer_units_exponent_5': 6, 'D_layer_units_exponent_6': 5, 'D_layer_units_exponent_7': 5, 'log_learning_rate': -1.599383375891449, 'log_learning_rate_D': -4.510088255715861, 'training_batch_size': 9, 'training_p': 4}. Best is trial 1 with value: 0.007747524883598089.
Time for this trial:  186.05649518966675
Memory status after this trial: 
Memory allocated:  415.90185546875
Memory cached:  432.0
--------------------  Trial  3   --------------------
Start timing: 
Parameters: 
{'W_layers': 5, 'W_layer_units_exponent_0': 6, 'W_layer_units_exponent_1': 7, 'W_layer_units_exponent_2': 10, 'W_layer_units_exponent_3': 5, 'W_layer_units_exponent_4': 4, 'D_layers': 2, 'D_layer_units_exponent_0': 7, 'D_layer_units_exponent_1': 7, 'log_learning_rate': -4.694934336886579, 'log_learning_rate_D': -2.8190882831456276, 'training_batch_size': 12, 'training_p': 7}
	 epoch  0 training error:  tensor(0.8231, device='cuda:0', grad_fn=<DivBackward0>)
	 epoch  0 test error:  tensor(0.0209, device='cuda:0', grad_fn=<DivBackward0>)
Memory status after this epoch: 
Memory allocated:  149.91015625
Memory cached:  208.0
	 epoch  10 training error:  tensor(0.3546, device='cuda:0', grad_fn=<DivBackward0>)
	 epoch  10 test error:  tensor(0.0080, device='cuda:0', grad_fn=<DivBackward0>)
Memory status after this epoch: 
Memory allocated:  148.97265625
Memory cached:  312.0
	 epoch  20 training error:  tensor(0.3431, device='cuda:0', grad_fn=<DivBackward0>)
	 epoch  20 test error:  tensor(0.0086, device='cuda:0', grad_fn=<DivBackward0>)
Memory status after this epoch: 
Memory allocated:  149.91015625
Memory cached:  312.0
	 epoch  30 training error:  tensor(0.3448, device='cuda:0', grad_fn=<DivBackward0>)
	 epoch  30 test error:  tensor(0.0080, device='cuda:0', grad_fn=<DivBackward0>)
Memory status after this epoch: 
Memory allocated:  148.97265625
Memory cached:  312.0
	 epoch  40 training error:  tensor(0.3417, device='cuda:0', grad_fn=<DivBackward0>)
	 epoch  40 test error:  tensor(0.0082, device='cuda:0', grad_fn=<DivBackward0>)
Memory status after this epoch: 
Memory allocated:  149.91015625
Memory cached:  314.0
	 epoch  50 training error:  tensor(0.3381, device='cuda:0', grad_fn=<DivBackward0>)
	 epoch  50 test error:  tensor(0.0082, device='cuda:0', grad_fn=<DivBackward0>)
Memory status after this epoch: 
Memory allocated:  148.97265625
Memory cached:  312.0
	 epoch  60 training error:  tensor(0.3382, device='cuda:0', grad_fn=<DivBackward0>)
	 epoch  60 test error:  tensor(0.0082, device='cuda:0', grad_fn=<DivBackward0>)
Memory status after this epoch: 
Memory allocated:  149.91015625
Memory cached:  312.0
	 epoch  70 training error:  tensor(0.3373, device='cuda:0', grad_fn=<DivBackward0>)
	 epoch  70 test error:  tensor(0.0083, device='cuda:0', grad_fn=<DivBackward0>)
Memory status after this epoch: 
Memory allocated:  148.97265625
Memory cached:  312.0
	 epoch  80 training error:  tensor(0.3372, device='cuda:0', grad_fn=<DivBackward0>)
	 epoch  80 test error:  tensor(0.0084, device='cuda:0', grad_fn=<DivBackward0>)
Memory status after this epoch: 
Memory allocated:  149.91015625
Memory cached:  314.0
	 epoch  90 training error:  tensor(0.3369, device='cuda:0', grad_fn=<DivBackward0>)
	 epoch  90 test error:  tensor(0.0084, device='cuda:0', grad_fn=<DivBackward0>)
Memory status after this epoch: 
Memory allocated:  148.97265625
Memory cached:  312.0
[I 2023-11-16 12:23:06,148] Trial 3 finished with value: 0.008426514454185963 and parameters: {'W_layers': 5, 'W_layer_units_exponent_0': 6, 'W_layer_units_exponent_1': 7, 'W_layer_units_exponent_2': 10, 'W_layer_units_exponent_3': 5, 'W_layer_units_exponent_4': 4, 'D_layers': 2, 'D_layer_units_exponent_0': 7, 'D_layer_units_exponent_1': 7, 'log_learning_rate': -4.694934336886579, 'log_learning_rate_D': -2.8190882831456276, 'training_batch_size': 12, 'training_p': 7}. Best is trial 1 with value: 0.007747524883598089.
Time for this trial:  125.9432864189148
Memory status after this trial: 
Memory allocated:  293.23486328125
Memory cached:  312.0
--------------------  Trial  4   --------------------
Start timing: 
Parameters: 
{'W_layers': 4, 'W_layer_units_exponent_0': 4, 'W_layer_units_exponent_1': 7, 'W_layer_units_exponent_2': 10, 'W_layer_units_exponent_3': 7, 'D_layers': 5, 'D_layer_units_exponent_0': 5, 'D_layer_units_exponent_1': 6, 'D_layer_units_exponent_2': 10, 'D_layer_units_exponent_3': 5, 'D_layer_units_exponent_4': 6, 'log_learning_rate': -3.4506275779346987, 'log_learning_rate_D': -2.0573168858431985, 'training_batch_size': 10, 'training_p': 7}
	 epoch  0 training error:  tensor(2.1510, device='cuda:0', grad_fn=<DivBackward0>)
	 epoch  0 test error:  tensor(0.2996, device='cuda:0', grad_fn=<DivBackward0>)
Memory status after this epoch: 
Memory allocated:  204.1669921875
Memory cached:  244.0
	 epoch  10 training error:  tensor(1.3449, device='cuda:0', grad_fn=<DivBackward0>)
	 epoch  10 test error:  tensor(0.0369, device='cuda:0', grad_fn=<DivBackward0>)
Memory status after this epoch: 
Memory allocated:  205.1044921875
Memory cached:  420.0
	 epoch  20 training error:  tensor(0.6203, device='cuda:0', grad_fn=<DivBackward0>)
	 epoch  20 test error:  tensor(0.0178, device='cuda:0', grad_fn=<DivBackward0>)
Memory status after this epoch: 
Memory allocated:  204.1669921875
Memory cached:  420.0
	 epoch  30 training error:  tensor(0.4099, device='cuda:0', grad_fn=<DivBackward0>)
	 epoch  30 test error:  tensor(0.0076, device='cuda:0', grad_fn=<DivBackward0>)
Memory status after this epoch: 
Memory allocated:  205.1044921875
Memory cached:  420.0
	 epoch  40 training error:  tensor(0.3621, device='cuda:0', grad_fn=<DivBackward0>)
	 epoch  40 test error:  tensor(0.0080, device='cuda:0', grad_fn=<DivBackward0>)
Memory status after this epoch: 
Memory allocated:  204.1669921875
Memory cached:  420.0
	 epoch  50 training error:  tensor(0.3522, device='cuda:0', grad_fn=<DivBackward0>)
	 epoch  50 test error:  tensor(0.0082, device='cuda:0', grad_fn=<DivBackward0>)
Memory status after this epoch: 
Memory allocated:  205.1044921875
Memory cached:  420.0
	 epoch  60 training error:  tensor(0.3563, device='cuda:0', grad_fn=<DivBackward0>)
	 epoch  60 test error:  tensor(0.0080, device='cuda:0', grad_fn=<DivBackward0>)
Memory status after this epoch: 
Memory allocated:  204.1669921875
Memory cached:  420.0
	 epoch  70 training error:  tensor(0.3523, device='cuda:0', grad_fn=<DivBackward0>)
	 epoch  70 test error:  tensor(0.0073, device='cuda:0', grad_fn=<DivBackward0>)
Memory status after this epoch: 
Memory allocated:  205.1044921875
Memory cached:  422.0
	 epoch  80 training error:  tensor(0.3519, device='cuda:0', grad_fn=<DivBackward0>)
	 epoch  80 test error:  tensor(0.0077, device='cuda:0', grad_fn=<DivBackward0>)
Memory status after this epoch: 
Memory allocated:  204.1669921875
Memory cached:  422.0
	 epoch  90 training error:  tensor(0.3520, device='cuda:0', grad_fn=<DivBackward0>)
	 epoch  90 test error:  tensor(0.0075, device='cuda:0', grad_fn=<DivBackward0>)
Memory status after this epoch: 
Memory allocated:  205.1044921875
Memory cached:  420.0
[I 2023-11-16 12:25:31,393] Trial 4 finished with value: 0.007482718210667372 and parameters: {'W_layers': 4, 'W_layer_units_exponent_0': 4, 'W_layer_units_exponent_1': 7, 'W_layer_units_exponent_2': 10, 'W_layer_units_exponent_3': 7, 'D_layers': 5, 'D_layer_units_exponent_0': 5, 'D_layer_units_exponent_1': 6, 'D_layer_units_exponent_2': 10, 'D_layer_units_exponent_3': 5, 'D_layer_units_exponent_4': 6, 'log_learning_rate': -3.4506275779346987, 'log_learning_rate_D': -2.0573168858431985, 'training_batch_size': 10, 'training_p': 7}. Best is trial 4 with value: 0.007482718210667372.
Time for this trial:  145.0465955734253
Memory status after this trial: 
Memory allocated:  399.53076171875
Memory cached:  422.0
--------------------  Trial  5   --------------------
Start timing: 
Parameters: 
{'W_layers': 2, 'W_layer_units_exponent_0': 10, 'W_layer_units_exponent_1': 5, 'D_layers': 6, 'D_layer_units_exponent_0': 4, 'D_layer_units_exponent_1': 10, 'D_layer_units_exponent_2': 8, 'D_layer_units_exponent_3': 9, 'D_layer_units_exponent_4': 4, 'D_layer_units_exponent_5': 8, 'log_learning_rate': -3.3738536816537947, 'log_learning_rate_D': -4.982775172296222, 'training_batch_size': 12, 'training_p': 8}
	 epoch  0 training error:  tensor(2.7788, device='cuda:0', grad_fn=<DivBackward0>)
	 epoch  0 test error:  tensor(0.5986, device='cuda:0', grad_fn=<DivBackward0>)
Memory status after this epoch: 
Memory allocated:  239.5185546875
Memory cached:  298.0
	 epoch  10 training error:  tensor(2.2199, device='cuda:0', grad_fn=<DivBackward0>)
	 epoch  10 test error:  tensor(0.0660, device='cuda:0', grad_fn=<DivBackward0>)
Memory status after this epoch: 
Memory allocated:  238.5810546875
Memory cached:  488.0
	 epoch  20 training error:  tensor(0.8018, device='cuda:0', grad_fn=<DivBackward0>)
	 epoch  20 test error:  tensor(0.0249, device='cuda:0', grad_fn=<DivBackward0>)
Memory status after this epoch: 
Memory allocated:  239.5185546875
Memory cached:  488.0
	 epoch  30 training error:  tensor(0.5108, device='cuda:0', grad_fn=<DivBackward0>)
	 epoch  30 test error:  tensor(0.0171, device='cuda:0', grad_fn=<DivBackward0>)
Memory status after this epoch: 
Memory allocated:  238.5810546875
Memory cached:  488.0
	 epoch  40 training error:  tensor(0.3623, device='cuda:0', grad_fn=<DivBackward0>)
	 epoch  40 test error:  tensor(0.0071, device='cuda:0', grad_fn=<DivBackward0>)
Memory status after this epoch: 
Memory allocated:  239.5185546875
Memory cached:  488.0
	 epoch  50 training error:  tensor(0.3626, device='cuda:0', grad_fn=<DivBackward0>)
	 epoch  50 test error:  tensor(0.0077, device='cuda:0', grad_fn=<DivBackward0>)
Memory status after this epoch: 
Memory allocated:  238.5810546875
Memory cached:  488.0
	 epoch  60 training error:  tensor(0.3638, device='cuda:0', grad_fn=<DivBackward0>)
	 epoch  60 test error:  tensor(0.0076, device='cuda:0', grad_fn=<DivBackward0>)
Memory status after this epoch: 
Memory allocated:  239.5185546875
Memory cached:  488.0
	 epoch  70 training error:  tensor(0.3628, device='cuda:0', grad_fn=<DivBackward0>)
	 epoch  70 test error:  tensor(0.0074, device='cuda:0', grad_fn=<DivBackward0>)
Memory status after this epoch: 
Memory allocated:  238.5810546875
Memory cached:  488.0
	 epoch  80 training error:  tensor(0.3620, device='cuda:0', grad_fn=<DivBackward0>)
	 epoch  80 test error:  tensor(0.0075, device='cuda:0', grad_fn=<DivBackward0>)
Memory status after this epoch: 
Memory allocated:  239.5185546875
Memory cached:  488.0
	 epoch  90 training error:  tensor(0.3617, device='cuda:0', grad_fn=<DivBackward0>)
	 epoch  90 test error:  tensor(0.0075, device='cuda:0', grad_fn=<DivBackward0>)
Memory status after this epoch: 
Memory allocated:  238.5810546875
Memory cached:  488.0
[I 2023-11-16 12:27:54,182] Trial 5 finished with value: 0.007464349269866943 and parameters: {'W_layers': 2, 'W_layer_units_exponent_0': 10, 'W_layer_units_exponent_1': 5, 'D_layers': 6, 'D_layer_units_exponent_0': 4, 'D_layer_units_exponent_1': 10, 'D_layer_units_exponent_2': 8, 'D_layer_units_exponent_3': 9, 'D_layer_units_exponent_4': 4, 'D_layer_units_exponent_5': 8, 'log_learning_rate': -3.3738536816537947, 'log_learning_rate_D': -4.982775172296222, 'training_batch_size': 12, 'training_p': 8}. Best is trial 5 with value: 0.007464349269866943.
Time for this trial:  142.62257552146912
Memory status after this trial: 
Memory allocated:  466.28466796875
Memory cached:  488.0
--------------------  Trial  6   --------------------
Start timing: 
Parameters: 
{'W_layers': 5, 'W_layer_units_exponent_0': 10, 'W_layer_units_exponent_1': 6, 'W_layer_units_exponent_2': 5, 'W_layer_units_exponent_3': 6, 'W_layer_units_exponent_4': 4, 'D_layers': 4, 'D_layer_units_exponent_0': 5, 'D_layer_units_exponent_1': 10, 'D_layer_units_exponent_2': 7, 'D_layer_units_exponent_3': 7, 'log_learning_rate': -1.60971149230198, 'log_learning_rate_D': -1.0155810233460558, 'training_batch_size': 6, 'training_p': 6}
	 epoch  0 training error:  tensor(80.2585, device='cuda:0', grad_fn=<DivBackward0>)
	 epoch  0 test error:  tensor(0.2594, device='cuda:0', grad_fn=<DivBackward0>)
Memory status after this epoch: 
Memory allocated:  202.38037109375
Memory cached:  242.0
	 epoch  10 training error:  tensor(1., device='cuda:0', grad_fn=<DivBackward0>)
	 epoch  10 test error:  tensor(0.0443, device='cuda:0', grad_fn=<DivBackward0>)
Memory status after this epoch: 
Memory allocated:  203.31787109375
Memory cached:  418.0
	 epoch  20 training error:  tensor(1., device='cuda:0', grad_fn=<DivBackward0>)
	 epoch  20 test error:  tensor(0.0443, device='cuda:0', grad_fn=<DivBackward0>)
Memory status after this epoch: 
Memory allocated:  202.38037109375
Memory cached:  418.0
	 epoch  30 training error:  tensor(1., device='cuda:0', grad_fn=<DivBackward0>)
	 epoch  30 test error:  tensor(0.0443, device='cuda:0', grad_fn=<DivBackward0>)
Memory status after this epoch: 
Memory allocated:  203.31787109375
Memory cached:  418.0
	 epoch  40 training error:  tensor(1., device='cuda:0', grad_fn=<DivBackward0>)
	 epoch  40 test error:  tensor(0.0443, device='cuda:0', grad_fn=<DivBackward0>)
Memory status after this epoch: 
Memory allocated:  202.38037109375
Memory cached:  418.0
	 epoch  50 training error:  tensor(1., device='cuda:0', grad_fn=<DivBackward0>)
	 epoch  50 test error:  tensor(0.0443, device='cuda:0', grad_fn=<DivBackward0>)
Memory status after this epoch: 
Memory allocated:  203.31787109375
Memory cached:  418.0
	 epoch  60 training error:  tensor(1., device='cuda:0', grad_fn=<DivBackward0>)
	 epoch  60 test error:  tensor(0.0443, device='cuda:0', grad_fn=<DivBackward0>)
Memory status after this epoch: 
Memory allocated:  202.38037109375
Memory cached:  418.0
	 epoch  70 training error:  tensor(1., device='cuda:0', grad_fn=<DivBackward0>)
	 epoch  70 test error:  tensor(0.0443, device='cuda:0', grad_fn=<DivBackward0>)
Memory status after this epoch: 
Memory allocated:  203.31787109375
Memory cached:  418.0
	 epoch  80 training error:  tensor(1., device='cuda:0', grad_fn=<DivBackward0>)
	 epoch  80 test error:  tensor(0.0443, device='cuda:0', grad_fn=<DivBackward0>)
Memory status after this epoch: 
Memory allocated:  202.38037109375
Memory cached:  418.0
	 epoch  90 training error:  tensor(1., device='cuda:0', grad_fn=<DivBackward0>)
	 epoch  90 test error:  tensor(0.0443, device='cuda:0', grad_fn=<DivBackward0>)
Memory status after this epoch: 
Memory allocated:  203.31787109375
Memory cached:  418.0
