[I 2023-11-17 01:32:41,826] Trial 42 finished with value: 0.09674399346113205 and parameters: {'W_layers': 7, 'W_layer_units_exponent_0': 9, 'W_layer_units_exponent_1': 5, 'W_layer_units_exponent_2': 6, 'W_layer_units_exponent_3': 8, 'W_layer_units_exponent_4': 4, 'W_layer_units_exponent_5': 5, 'W_layer_units_exponent_6': 4, 'D_layers': 6, 'D_layer_units_exponent_0': 9, 'D_layer_units_exponent_1': 5, 'D_layer_units_exponent_2': 7, 'D_layer_units_exponent_3': 8, 'D_layer_units_exponent_4': 9, 'D_layer_units_exponent_5': 7, 'log_learning_rate': -1.0003894290652493, 'log_learning_rate_D': -3.1195766811064516, 'training_batch_size': 11, 'training_p': 7}. Best is trial 15 with value: 0.09673945605754852.
Time for this trial:  183.71639823913574
Memory status after this trial: 
Memory allocated:  333.5966796875
Memory cached:  350.0
--------------------  Trial  43   --------------------
Start timing: 
Parameters: 
{'W_layers': 8, 'W_layer_units_exponent_0': 9, 'W_layer_units_exponent_1': 6, 'W_layer_units_exponent_2': 5, 'W_layer_units_exponent_3': 9, 'W_layer_units_exponent_4': 5, 'W_layer_units_exponent_5': 7, 'W_layer_units_exponent_6': 5, 'W_layer_units_exponent_7': 4, 'D_layers': 7, 'D_layer_units_exponent_0': 9, 'D_layer_units_exponent_1': 5, 'D_layer_units_exponent_2': 6, 'D_layer_units_exponent_3': 5, 'D_layer_units_exponent_4': 9, 'D_layer_units_exponent_5': 8, 'D_layer_units_exponent_6': 7, 'log_learning_rate': -1.2906059304485409, 'log_learning_rate_D': -2.7608722195922493, 'training_batch_size': 12, 'training_p': 7}
	 epoch  0 training error:  tensor(1.0069, device='cuda:0', grad_fn=<DivBackward0>)
	 epoch  0 test error:  tensor(0.8059, device='cuda:0', grad_fn=<DivBackward0>)
Memory status after this epoch: 
Memory allocated:  190.62939453125
Memory cached:  218.0
	 epoch  10 training error:  tensor(1., device='cuda:0', grad_fn=<DivBackward0>)
	 epoch  10 test error:  tensor(0.0967, device='cuda:0', grad_fn=<DivBackward0>)
Memory status after this epoch: 
Memory allocated:  190.62939453125
Memory cached:  388.0
	 epoch  20 training error:  tensor(1., device='cuda:0', grad_fn=<DivBackward0>)
	 epoch  20 test error:  tensor(0.0967, device='cuda:0', grad_fn=<DivBackward0>)
Memory status after this epoch: 
Memory allocated:  190.62939453125
Memory cached:  390.0
	 epoch  30 training error:  tensor(1., device='cuda:0', grad_fn=<DivBackward0>)
	 epoch  30 test error:  tensor(0.0967, device='cuda:0', grad_fn=<DivBackward0>)
Memory status after this epoch: 
Memory allocated:  190.62939453125
Memory cached:  388.0
	 epoch  40 training error:  tensor(1., device='cuda:0', grad_fn=<DivBackward0>)
	 epoch  40 test error:  tensor(0.0967, device='cuda:0', grad_fn=<DivBackward0>)
Memory status after this epoch: 
Memory allocated:  190.62939453125
Memory cached:  390.0
	 epoch  50 training error:  tensor(1., device='cuda:0', grad_fn=<DivBackward0>)
	 epoch  50 test error:  tensor(0.0967, device='cuda:0', grad_fn=<DivBackward0>)
Memory status after this epoch: 
Memory allocated:  190.62939453125
Memory cached:  388.0
	 epoch  60 training error:  tensor(1., device='cuda:0', grad_fn=<DivBackward0>)
	 epoch  60 test error:  tensor(0.0967, device='cuda:0', grad_fn=<DivBackward0>)
Memory status after this epoch: 
Memory allocated:  190.62939453125
Memory cached:  388.0
	 epoch  70 training error:  tensor(1., device='cuda:0', grad_fn=<DivBackward0>)
	 epoch  70 test error:  tensor(0.0967, device='cuda:0', grad_fn=<DivBackward0>)
Memory status after this epoch: 
Memory allocated:  190.62939453125
Memory cached:  388.0
	 epoch  80 training error:  tensor(1., device='cuda:0', grad_fn=<DivBackward0>)
	 epoch  80 test error:  tensor(0.0967, device='cuda:0', grad_fn=<DivBackward0>)
Memory status after this epoch: 
Memory allocated:  190.62939453125
Memory cached:  388.0
	 epoch  90 training error:  tensor(1., device='cuda:0', grad_fn=<DivBackward0>)
	 epoch  90 test error:  tensor(0.0967, device='cuda:0', grad_fn=<DivBackward0>)
Memory status after this epoch: 
Memory allocated:  190.62939453125
Memory cached:  388.0
[I 2023-11-17 01:36:03,550] Trial 43 finished with value: 0.09674400091171265 and parameters: {'W_layers': 8, 'W_layer_units_exponent_0': 9, 'W_layer_units_exponent_1': 6, 'W_layer_units_exponent_2': 5, 'W_layer_units_exponent_3': 9, 'W_layer_units_exponent_4': 5, 'W_layer_units_exponent_5': 7, 'W_layer_units_exponent_6': 5, 'W_layer_units_exponent_7': 4, 'D_layers': 7, 'D_layer_units_exponent_0': 9, 'D_layer_units_exponent_1': 5, 'D_layer_units_exponent_2': 6, 'D_layer_units_exponent_3': 5, 'D_layer_units_exponent_4': 9, 'D_layer_units_exponent_5': 8, 'D_layer_units_exponent_6': 7, 'log_learning_rate': -1.2906059304485409, 'log_learning_rate_D': -2.7608722195922493, 'training_batch_size': 12, 'training_p': 7}. Best is trial 15 with value: 0.09673945605754852.
Time for this trial:  201.42876052856445
Memory status after this trial: 
Memory allocated:  372.501953125
Memory cached:  388.0
--------------------  Trial  44   --------------------
Start timing: 
Parameters: 
{'W_layers': 7, 'W_layer_units_exponent_0': 8, 'W_layer_units_exponent_1': 4, 'W_layer_units_exponent_2': 6, 'W_layer_units_exponent_3': 7, 'W_layer_units_exponent_4': 4, 'W_layer_units_exponent_5': 5, 'W_layer_units_exponent_6': 5, 'D_layers': 6, 'D_layer_units_exponent_0': 10, 'D_layer_units_exponent_1': 4, 'D_layer_units_exponent_2': 5, 'D_layer_units_exponent_3': 9, 'D_layer_units_exponent_4': 7, 'D_layer_units_exponent_5': 6, 'log_learning_rate': -1.4140990139440164, 'log_learning_rate_D': -2.087469293302939, 'training_batch_size': 11, 'training_p': 6}
	 epoch  0 training error:  tensor(1.0091, device='cuda:0', grad_fn=<DivBackward0>)
	 epoch  0 test error:  tensor(0.1651, device='cuda:0', grad_fn=<DivBackward0>)
Memory status after this epoch: 
Memory allocated:  159.44482421875
Memory cached:  186.0
	 epoch  10 training error:  tensor(1.0000, device='cuda:0', grad_fn=<DivBackward0>)
	 epoch  10 test error:  tensor(0.0967, device='cuda:0', grad_fn=<DivBackward0>)
Memory status after this epoch: 
Memory allocated:  159.44482421875
Memory cached:  328.0
	 epoch  20 training error:  tensor(1., device='cuda:0', grad_fn=<DivBackward0>)
	 epoch  20 test error:  tensor(0.0967, device='cuda:0', grad_fn=<DivBackward0>)
Memory status after this epoch: 
Memory allocated:  159.44482421875
Memory cached:  328.0
	 epoch  30 training error:  tensor(1., device='cuda:0', grad_fn=<DivBackward0>)
	 epoch  30 test error:  tensor(0.0967, device='cuda:0', grad_fn=<DivBackward0>)
Memory status after this epoch: 
Memory allocated:  159.44482421875
Memory cached:  328.0
	 epoch  40 training error:  tensor(1., device='cuda:0', grad_fn=<DivBackward0>)
	 epoch  40 test error:  tensor(0.0967, device='cuda:0', grad_fn=<DivBackward0>)
Memory status after this epoch: 
Memory allocated:  159.44482421875
Memory cached:  328.0
	 epoch  50 training error:  tensor(1., device='cuda:0', grad_fn=<DivBackward0>)
	 epoch  50 test error:  tensor(0.0967, device='cuda:0', grad_fn=<DivBackward0>)
Memory status after this epoch: 
Memory allocated:  159.44482421875
Memory cached:  328.0
	 epoch  60 training error:  tensor(1., device='cuda:0', grad_fn=<DivBackward0>)
	 epoch  60 test error:  tensor(0.0967, device='cuda:0', grad_fn=<DivBackward0>)
Memory status after this epoch: 
Memory allocated:  159.44482421875
Memory cached:  330.0
	 epoch  70 training error:  tensor(1., device='cuda:0', grad_fn=<DivBackward0>)
	 epoch  70 test error:  tensor(0.0967, device='cuda:0', grad_fn=<DivBackward0>)
Memory status after this epoch: 
Memory allocated:  159.44482421875
Memory cached:  328.0
	 epoch  80 training error:  tensor(1., device='cuda:0', grad_fn=<DivBackward0>)
	 epoch  80 test error:  tensor(0.0967, device='cuda:0', grad_fn=<DivBackward0>)
Memory status after this epoch: 
Memory allocated:  159.44482421875
Memory cached:  328.0
	 epoch  90 training error:  tensor(1., device='cuda:0', grad_fn=<DivBackward0>)
	 epoch  90 test error:  tensor(0.0967, device='cuda:0', grad_fn=<DivBackward0>)
Memory status after this epoch: 
Memory allocated:  159.44482421875
Memory cached:  328.0
[I 2023-11-17 01:39:04,194] Trial 44 finished with value: 0.09674399346113205 and parameters: {'W_layers': 7, 'W_layer_units_exponent_0': 8, 'W_layer_units_exponent_1': 4, 'W_layer_units_exponent_2': 6, 'W_layer_units_exponent_3': 7, 'W_layer_units_exponent_4': 4, 'W_layer_units_exponent_5': 5, 'W_layer_units_exponent_6': 5, 'D_layers': 6, 'D_layer_units_exponent_0': 10, 'D_layer_units_exponent_1': 4, 'D_layer_units_exponent_2': 5, 'D_layer_units_exponent_3': 9, 'D_layer_units_exponent_4': 7, 'D_layer_units_exponent_5': 6, 'log_learning_rate': -1.4140990139440164, 'log_learning_rate_D': -2.087469293302939, 'training_batch_size': 11, 'training_p': 6}. Best is trial 15 with value: 0.09673945605754852.
Time for this trial:  180.34026980400085
Memory status after this trial: 
Memory allocated:  313.6484375
Memory cached:  328.0
--------------------  Trial  45   --------------------
Start timing: 
Parameters: 
{'W_layers': 6, 'W_layer_units_exponent_0': 9, 'W_layer_units_exponent_1': 6, 'W_layer_units_exponent_2': 5, 'W_layer_units_exponent_3': 9, 'W_layer_units_exponent_4': 5, 'W_layer_units_exponent_5': 9, 'D_layers': 5, 'D_layer_units_exponent_0': 6, 'D_layer_units_exponent_1': 6, 'D_layer_units_exponent_2': 10, 'D_layer_units_exponent_3': 7, 'D_layer_units_exponent_4': 8, 'log_learning_rate': -1.6088013075954286, 'log_learning_rate_D': -4.82933720941124, 'training_batch_size': 9, 'training_p': 2}
	 epoch  0 training error:  tensor(1.0006, device='cuda:0', grad_fn=<DivBackward0>)
	 epoch  0 test error:  tensor(0.1012, device='cuda:0', grad_fn=<DivBackward0>)
Memory status after this epoch: 
Memory allocated:  209.02197265625
Memory cached:  236.0
	 epoch  10 training error:  tensor(1., device='cuda:0', grad_fn=<DivBackward0>)
	 epoch  10 test error:  tensor(0.0967, device='cuda:0', grad_fn=<DivBackward0>)
Memory status after this epoch: 
Memory allocated:  209.02197265625
Memory cached:  424.0
	 epoch  20 training error:  tensor(1., device='cuda:0', grad_fn=<DivBackward0>)
	 epoch  20 test error:  tensor(0.0967, device='cuda:0', grad_fn=<DivBackward0>)
Memory status after this epoch: 
Memory allocated:  209.02197265625
Memory cached:  424.0
	 epoch  30 training error:  tensor(0.9999, device='cuda:0', grad_fn=<DivBackward0>)
	 epoch  30 test error:  tensor(6161.1455, device='cuda:0', grad_fn=<DivBackward0>)
Memory status after this epoch: 
Memory allocated:  209.02197265625
Memory cached:  424.0
	 epoch  40 training error:  tensor(1., device='cuda:0', grad_fn=<DivBackward0>)
	 epoch  40 test error:  tensor(0.0967, device='cuda:0', grad_fn=<DivBackward0>)
Memory status after this epoch: 
Memory allocated:  209.02197265625
Memory cached:  424.0
	 epoch  50 training error:  tensor(1., device='cuda:0', grad_fn=<DivBackward0>)
	 epoch  50 test error:  tensor(0.0967, device='cuda:0', grad_fn=<DivBackward0>)
Memory status after this epoch: 
Memory allocated:  209.02197265625
Memory cached:  424.0
	 epoch  60 training error:  tensor(1., device='cuda:0', grad_fn=<DivBackward0>)
	 epoch  60 test error:  tensor(0.0967, device='cuda:0', grad_fn=<DivBackward0>)
Memory status after this epoch: 
Memory allocated:  209.02197265625
Memory cached:  424.0
	 epoch  70 training error:  tensor(1., device='cuda:0', grad_fn=<DivBackward0>)
	 epoch  70 test error:  tensor(0.0967, device='cuda:0', grad_fn=<DivBackward0>)
Memory status after this epoch: 
Memory allocated:  209.02197265625
Memory cached:  424.0
	 epoch  80 training error:  tensor(1., device='cuda:0', grad_fn=<DivBackward0>)
	 epoch  80 test error:  tensor(0.0967, device='cuda:0', grad_fn=<DivBackward0>)
Memory status after this epoch: 
Memory allocated:  209.02197265625
Memory cached:  424.0
	 epoch  90 training error:  tensor(1., device='cuda:0', grad_fn=<DivBackward0>)
	 epoch  90 test error:  tensor(0.0967, device='cuda:0', grad_fn=<DivBackward0>)
Memory status after this epoch: 
Memory allocated:  209.02197265625
Memory cached:  424.0
[I 2023-11-17 01:41:56,767] Trial 45 finished with value: 0.09674400091171265 and parameters: {'W_layers': 6, 'W_layer_units_exponent_0': 9, 'W_layer_units_exponent_1': 6, 'W_layer_units_exponent_2': 5, 'W_layer_units_exponent_3': 9, 'W_layer_units_exponent_4': 5, 'W_layer_units_exponent_5': 9, 'D_layers': 5, 'D_layer_units_exponent_0': 6, 'D_layer_units_exponent_1': 6, 'D_layer_units_exponent_2': 10, 'D_layer_units_exponent_3': 7, 'D_layer_units_exponent_4': 8, 'log_learning_rate': -1.6088013075954286, 'log_learning_rate_D': -4.82933720941124, 'training_batch_size': 9, 'training_p': 2}. Best is trial 15 with value: 0.09673945605754852.
Time for this trial:  172.30402183532715
Memory status after this trial: 
Memory allocated:  408.3583984375
Memory cached:  424.0
--------------------  Trial  46   --------------------
Start timing: 
Parameters: 
{'W_layers': 8, 'W_layer_units_exponent_0': 8, 'W_layer_units_exponent_1': 7, 'W_layer_units_exponent_2': 7, 'W_layer_units_exponent_3': 8, 'W_layer_units_exponent_4': 6, 'W_layer_units_exponent_5': 5, 'W_layer_units_exponent_6': 8, 'W_layer_units_exponent_7': 10, 'D_layers': 7, 'D_layer_units_exponent_0': 8, 'D_layer_units_exponent_1': 9, 'D_layer_units_exponent_2': 6, 'D_layer_units_exponent_3': 6, 'D_layer_units_exponent_4': 5, 'D_layer_units_exponent_5': 5, 'D_layer_units_exponent_6': 8, 'log_learning_rate': -2.3249497294577366, 'log_learning_rate_D': -3.503574932471102, 'training_batch_size': 10, 'training_p': 8}
	 epoch  0 training error:  tensor(1.0022, device='cuda:0', grad_fn=<DivBackward0>)
	 epoch  0 test error:  tensor(0.1169, device='cuda:0', grad_fn=<DivBackward0>)
Memory status after this epoch: 
Memory allocated:  221.29052734375
Memory cached:  248.0
	 epoch  10 training error:  tensor(6.2680, device='cuda:0', grad_fn=<DivBackward0>)
	 epoch  10 test error:  tensor(0.5170, device='cuda:0', grad_fn=<DivBackward0>)
Memory status after this epoch: 
Memory allocated:  221.29052734375
Memory cached:  446.0
	 epoch  20 training error:  tensor(1., device='cuda:0', grad_fn=<DivBackward0>)
	 epoch  20 test error:  tensor(0.0967, device='cuda:0', grad_fn=<DivBackward0>)
Memory status after this epoch: 
Memory allocated:  221.29052734375
Memory cached:  446.0
	 epoch  30 training error:  tensor(1., device='cuda:0', grad_fn=<DivBackward0>)
	 epoch  30 test error:  tensor(0.0967, device='cuda:0', grad_fn=<DivBackward0>)
Memory status after this epoch: 
Memory allocated:  221.29052734375
Memory cached:  446.0
	 epoch  40 training error:  tensor(1., device='cuda:0', grad_fn=<DivBackward0>)
	 epoch  40 test error:  tensor(0.0967, device='cuda:0', grad_fn=<DivBackward0>)
Memory status after this epoch: 
Memory allocated:  221.29052734375
Memory cached:  448.0
	 epoch  50 training error:  tensor(1., device='cuda:0', grad_fn=<DivBackward0>)
	 epoch  50 test error:  tensor(0.0967, device='cuda:0', grad_fn=<DivBackward0>)
Memory status after this epoch: 
Memory allocated:  221.29052734375
Memory cached:  448.0
	 epoch  60 training error:  tensor(1., device='cuda:0', grad_fn=<DivBackward0>)
	 epoch  60 test error:  tensor(0.0967, device='cuda:0', grad_fn=<DivBackward0>)
Memory status after this epoch: 
Memory allocated:  221.29052734375
Memory cached:  448.0
	 epoch  70 training error:  tensor(1., device='cuda:0', grad_fn=<DivBackward0>)
	 epoch  70 test error:  tensor(0.0967, device='cuda:0', grad_fn=<DivBackward0>)
Memory status after this epoch: 
Memory allocated:  221.29052734375
Memory cached:  448.0
	 epoch  80 training error:  tensor(1., device='cuda:0', grad_fn=<DivBackward0>)
	 epoch  80 test error:  tensor(0.0967, device='cuda:0', grad_fn=<DivBackward0>)
Memory status after this epoch: 
Memory allocated:  221.29052734375
Memory cached:  446.0
	 epoch  90 training error:  tensor(1., device='cuda:0', grad_fn=<DivBackward0>)
	 epoch  90 test error:  tensor(0.0967, device='cuda:0', grad_fn=<DivBackward0>)
Memory status after this epoch: 
Memory allocated:  221.29052734375
Memory cached:  446.0
[I 2023-11-17 01:45:20,488] Trial 46 finished with value: 0.09674399346113205 and parameters: {'W_layers': 8, 'W_layer_units_exponent_0': 8, 'W_layer_units_exponent_1': 7, 'W_layer_units_exponent_2': 7, 'W_layer_units_exponent_3': 8, 'W_layer_units_exponent_4': 6, 'W_layer_units_exponent_5': 5, 'W_layer_units_exponent_6': 8, 'W_layer_units_exponent_7': 10, 'D_layers': 7, 'D_layer_units_exponent_0': 8, 'D_layer_units_exponent_1': 9, 'D_layer_units_exponent_2': 6, 'D_layer_units_exponent_3': 6, 'D_layer_units_exponent_4': 5, 'D_layer_units_exponent_5': 5, 'D_layer_units_exponent_6': 8, 'log_learning_rate': -2.3249497294577366, 'log_learning_rate_D': -3.503574932471102, 'training_batch_size': 10, 'training_p': 8}. Best is trial 15 with value: 0.09673945605754852.
Time for this trial:  203.43738651275635
Memory status after this trial: 
Memory allocated:  427.56640625
Memory cached:  446.0
--------------------  Trial  47   --------------------
Start timing: 
Parameters: 
{'W_layers': 5, 'W_layer_units_exponent_0': 4, 'W_layer_units_exponent_1': 5, 'W_layer_units_exponent_2': 8, 'W_layer_units_exponent_3': 10, 'W_layer_units_exponent_4': 4, 'D_layers': 2, 'D_layer_units_exponent_0': 5, 'D_layer_units_exponent_1': 5, 'log_learning_rate': -1.0028554681982134, 'log_learning_rate_D': -3.308023197712533, 'training_batch_size': 11, 'training_p': 4}
	 epoch  0 training error:  tensor(1.0215, device='cuda:0', grad_fn=<DivBackward0>)
	 epoch  0 test error:  tensor(0.0964, device='cuda:0', grad_fn=<DivBackward0>)
Memory status after this epoch: 
Memory allocated:  113.95458984375
Memory cached:  142.0
	 epoch  10 training error:  tensor(1., device='cuda:0', grad_fn=<DivBackward0>)
	 epoch  10 test error:  tensor(0.0967, device='cuda:0', grad_fn=<DivBackward0>)
Memory status after this epoch: 
Memory allocated:  113.95458984375
Memory cached:  234.0
	 epoch  20 training error:  tensor(1., device='cuda:0', grad_fn=<DivBackward0>)
	 epoch  20 test error:  tensor(0.0967, device='cuda:0', grad_fn=<DivBackward0>)
Memory status after this epoch: 
Memory allocated:  113.95458984375
Memory cached:  234.0
	 epoch  30 training error:  tensor(1., device='cuda:0', grad_fn=<DivBackward0>)
	 epoch  30 test error:  tensor(0.0967, device='cuda:0', grad_fn=<DivBackward0>)
Memory status after this epoch: 
Memory allocated:  113.95458984375
Memory cached:  234.0
	 epoch  40 training error:  tensor(1., device='cuda:0', grad_fn=<DivBackward0>)
	 epoch  40 test error:  tensor(0.0967, device='cuda:0', grad_fn=<DivBackward0>)
Memory status after this epoch: 
Memory allocated:  113.95458984375
Memory cached:  234.0
	 epoch  50 training error:  tensor(1., device='cuda:0', grad_fn=<DivBackward0>)
	 epoch  50 test error:  tensor(0.0967, device='cuda:0', grad_fn=<DivBackward0>)
Memory status after this epoch: 
Memory allocated:  113.95458984375
Memory cached:  236.0
	 epoch  60 training error:  tensor(1., device='cuda:0', grad_fn=<DivBackward0>)
	 epoch  60 test error:  tensor(0.0967, device='cuda:0', grad_fn=<DivBackward0>)
Memory status after this epoch: 
Memory allocated:  113.95458984375
Memory cached:  236.0
	 epoch  70 training error:  tensor(1., device='cuda:0', grad_fn=<DivBackward0>)
	 epoch  70 test error:  tensor(0.0967, device='cuda:0', grad_fn=<DivBackward0>)
Memory status after this epoch: 
Memory allocated:  113.95458984375
Memory cached:  236.0
	 epoch  80 training error:  tensor(1., device='cuda:0', grad_fn=<DivBackward0>)
	 epoch  80 test error:  tensor(0.0967, device='cuda:0', grad_fn=<DivBackward0>)
Memory status after this epoch: 
Memory allocated:  113.95458984375
Memory cached:  238.0
	 epoch  90 training error:  tensor(1., device='cuda:0', grad_fn=<DivBackward0>)
	 epoch  90 test error:  tensor(0.0967, device='cuda:0', grad_fn=<DivBackward0>)
Memory status after this epoch: 
Memory allocated:  113.95458984375
Memory cached:  238.0
