[I 2023-11-17 02:16:41,327] Trial 7 finished with value: 0.09812208265066147 and parameters: {'W_layers': 2, 'W_layer_units_exponent_0': 4, 'W_layer_units_exponent_1': 7, 'D_layers': 8, 'D_layer_units_exponent_0': 6, 'D_layer_units_exponent_1': 8, 'D_layer_units_exponent_2': 5, 'D_layer_units_exponent_3': 5, 'D_layer_units_exponent_4': 4, 'D_layer_units_exponent_5': 9, 'D_layer_units_exponent_6': 9, 'D_layer_units_exponent_7': 9, 'log_learning_rate': -4.4815318720427095, 'log_learning_rate_D': -3.3426567327026104, 'training_batch_size': 12, 'training_p': 2}. Best is trial 0 with value: 0.09673389047384262.
Time for this trial:  154.96582055091858
Memory status after this trial: 
Memory allocated:  290.8251953125
Memory cached:  308.0
--------------------  Trial  8   --------------------
Start timing: 
Parameters: 
{'W_layers': 5, 'W_layer_units_exponent_0': 8, 'W_layer_units_exponent_1': 8, 'W_layer_units_exponent_2': 4, 'W_layer_units_exponent_3': 5, 'W_layer_units_exponent_4': 10, 'D_layers': 7, 'D_layer_units_exponent_0': 10, 'D_layer_units_exponent_1': 9, 'D_layer_units_exponent_2': 9, 'D_layer_units_exponent_3': 5, 'D_layer_units_exponent_4': 6, 'D_layer_units_exponent_5': 9, 'D_layer_units_exponent_6': 5, 'log_learning_rate': -4.281499780784074, 'log_learning_rate_D': -1.6636303539943325, 'training_batch_size': 6, 'training_p': 7}
	 epoch  0 training error:  tensor(0.9682, device='cuda:0', grad_fn=<DivBackward0>)
	 epoch  0 test error:  tensor(0.0962, device='cuda:0', grad_fn=<DivBackward0>)
Memory status after this epoch: 
Memory allocated:  275.81689453125
Memory cached:  294.0
	 epoch  10 training error:  tensor(0.9497, device='cuda:0', grad_fn=<DivBackward0>)
	 epoch  10 test error:  tensor(0.0980, device='cuda:0', grad_fn=<DivBackward0>)
Memory status after this epoch: 
Memory allocated:  276.23876953125
Memory cached:  540.0
	 epoch  20 training error:  tensor(0.9509, device='cuda:0', grad_fn=<DivBackward0>)
	 epoch  20 test error:  tensor(0.0983, device='cuda:0', grad_fn=<DivBackward0>)
Memory status after this epoch: 
Memory allocated:  275.81689453125
Memory cached:  540.0
	 epoch  30 training error:  tensor(0.9493, device='cuda:0', grad_fn=<DivBackward0>)
	 epoch  30 test error:  tensor(0.0982, device='cuda:0', grad_fn=<DivBackward0>)
Memory status after this epoch: 
Memory allocated:  275.86376953125
Memory cached:  540.0
	 epoch  40 training error:  tensor(0.9541, device='cuda:0', grad_fn=<DivBackward0>)
	 epoch  40 test error:  tensor(0.0979, device='cuda:0', grad_fn=<DivBackward0>)
Memory status after this epoch: 
Memory allocated:  276.19189453125
Memory cached:  540.0
	 epoch  50 training error:  tensor(0.9524, device='cuda:0', grad_fn=<DivBackward0>)
	 epoch  50 test error:  tensor(0.0983, device='cuda:0', grad_fn=<DivBackward0>)
Memory status after this epoch: 
Memory allocated:  275.86376953125
Memory cached:  540.0
	 epoch  60 training error:  tensor(0.9540, device='cuda:0', grad_fn=<DivBackward0>)
	 epoch  60 test error:  tensor(0.0979, device='cuda:0', grad_fn=<DivBackward0>)
Memory status after this epoch: 
Memory allocated:  276.19189453125
Memory cached:  540.0
	 epoch  70 training error:  tensor(0.9489, device='cuda:0', grad_fn=<DivBackward0>)
	 epoch  70 test error:  tensor(0.0982, device='cuda:0', grad_fn=<DivBackward0>)
Memory status after this epoch: 
Memory allocated:  275.86376953125
Memory cached:  540.0
	 epoch  80 training error:  tensor(0.9497, device='cuda:0', grad_fn=<DivBackward0>)
	 epoch  80 test error:  tensor(0.0984, device='cuda:0', grad_fn=<DivBackward0>)
Memory status after this epoch: 
Memory allocated:  276.19189453125
Memory cached:  540.0
	 epoch  90 training error:  tensor(0.9502, device='cuda:0', grad_fn=<DivBackward0>)
	 epoch  90 test error:  tensor(0.0980, device='cuda:0', grad_fn=<DivBackward0>)
Memory status after this epoch: 
Memory allocated:  275.86376953125
Memory cached:  540.0
[I 2023-11-17 02:21:53,542] Trial 8 finished with value: 0.09792958199977875 and parameters: {'W_layers': 5, 'W_layer_units_exponent_0': 8, 'W_layer_units_exponent_1': 8, 'W_layer_units_exponent_2': 4, 'W_layer_units_exponent_3': 5, 'W_layer_units_exponent_4': 10, 'D_layers': 7, 'D_layer_units_exponent_0': 10, 'D_layer_units_exponent_1': 9, 'D_layer_units_exponent_2': 9, 'D_layer_units_exponent_3': 5, 'D_layer_units_exponent_4': 6, 'D_layer_units_exponent_5': 9, 'D_layer_units_exponent_6': 5, 'log_learning_rate': -4.281499780784074, 'log_learning_rate_D': -1.6636303539943325, 'training_batch_size': 6, 'training_p': 7}. Best is trial 0 with value: 0.09673389047384262.
Time for this trial:  312.0113787651062
Memory status after this trial: 
Memory allocated:  527.224609375
Memory cached:  540.0
--------------------  Trial  9   --------------------
Start timing: 
Parameters: 
{'W_layers': 8, 'W_layer_units_exponent_0': 10, 'W_layer_units_exponent_1': 10, 'W_layer_units_exponent_2': 7, 'W_layer_units_exponent_3': 5, 'W_layer_units_exponent_4': 8, 'W_layer_units_exponent_5': 4, 'W_layer_units_exponent_6': 10, 'W_layer_units_exponent_7': 10, 'D_layers': 4, 'D_layer_units_exponent_0': 6, 'D_layer_units_exponent_1': 4, 'D_layer_units_exponent_2': 8, 'D_layer_units_exponent_3': 7, 'log_learning_rate': -1.0664721656374105, 'log_learning_rate_D': -2.177355705708964, 'training_batch_size': 6, 'training_p': 2}
	 epoch  0 training error:  tensor(9786.8506, device='cuda:0', grad_fn=<DivBackward0>)
	 epoch  0 test error:  tensor(0.0967, device='cuda:0', grad_fn=<DivBackward0>)
Memory status after this epoch: 
Memory allocated:  336.1123046875
Memory cached:  372.0
	 epoch  10 training error:  tensor(1., device='cuda:0', grad_fn=<DivBackward0>)
	 epoch  10 test error:  tensor(0.0967, device='cuda:0', grad_fn=<DivBackward0>)
Memory status after this epoch: 
Memory allocated:  335.7373046875
Memory cached:  656.0
	 epoch  20 training error:  tensor(1., device='cuda:0', grad_fn=<DivBackward0>)
	 epoch  20 test error:  tensor(0.0967, device='cuda:0', grad_fn=<DivBackward0>)
Memory status after this epoch: 
Memory allocated:  336.3935546875
Memory cached:  636.0
	 epoch  30 training error:  tensor(1., device='cuda:0', grad_fn=<DivBackward0>)
	 epoch  30 test error:  tensor(0.0967, device='cuda:0', grad_fn=<DivBackward0>)
Memory status after this epoch: 
Memory allocated:  335.7373046875
Memory cached:  636.0
	 epoch  40 training error:  tensor(1., device='cuda:0', grad_fn=<DivBackward0>)
	 epoch  40 test error:  tensor(0.0967, device='cuda:0', grad_fn=<DivBackward0>)
Memory status after this epoch: 
Memory allocated:  336.3935546875
Memory cached:  636.0
	 epoch  50 training error:  tensor(1., device='cuda:0', grad_fn=<DivBackward0>)
	 epoch  50 test error:  tensor(0.0967, device='cuda:0', grad_fn=<DivBackward0>)
Memory status after this epoch: 
Memory allocated:  335.7373046875
Memory cached:  636.0
	 epoch  60 training error:  tensor(1., device='cuda:0', grad_fn=<DivBackward0>)
	 epoch  60 test error:  tensor(0.0967, device='cuda:0', grad_fn=<DivBackward0>)
Memory status after this epoch: 
Memory allocated:  336.3935546875
Memory cached:  636.0
	 epoch  70 training error:  tensor(1., device='cuda:0', grad_fn=<DivBackward0>)
	 epoch  70 test error:  tensor(0.0967, device='cuda:0', grad_fn=<DivBackward0>)
Memory status after this epoch: 
Memory allocated:  335.7373046875
Memory cached:  636.0
	 epoch  80 training error:  tensor(1., device='cuda:0', grad_fn=<DivBackward0>)
	 epoch  80 test error:  tensor(0.0967, device='cuda:0', grad_fn=<DivBackward0>)
Memory status after this epoch: 
Memory allocated:  336.3935546875
Memory cached:  636.0
	 epoch  90 training error:  tensor(1., device='cuda:0', grad_fn=<DivBackward0>)
	 epoch  90 test error:  tensor(0.0967, device='cuda:0', grad_fn=<DivBackward0>)
Memory status after this epoch: 
Memory allocated:  335.7373046875
Memory cached:  636.0
[I 2023-11-17 02:27:07,669] Trial 9 finished with value: 0.09674400091171265 and parameters: {'W_layers': 8, 'W_layer_units_exponent_0': 10, 'W_layer_units_exponent_1': 10, 'W_layer_units_exponent_2': 7, 'W_layer_units_exponent_3': 5, 'W_layer_units_exponent_4': 8, 'W_layer_units_exponent_5': 4, 'W_layer_units_exponent_6': 10, 'W_layer_units_exponent_7': 10, 'D_layers': 4, 'D_layer_units_exponent_0': 6, 'D_layer_units_exponent_1': 4, 'D_layer_units_exponent_2': 8, 'D_layer_units_exponent_3': 7, 'log_learning_rate': -1.0664721656374105, 'log_learning_rate_D': -2.177355705708964, 'training_batch_size': 6, 'training_p': 2}. Best is trial 0 with value: 0.09673389047384262.
Time for this trial:  313.9252059459686
Memory status after this trial: 
Memory allocated:  616.9453125
Memory cached:  636.0
--------------------  Trial  10   --------------------
Start timing: 
Parameters: 
{'W_layers': 7, 'W_layer_units_exponent_0': 10, 'W_layer_units_exponent_1': 6, 'W_layer_units_exponent_2': 4, 'W_layer_units_exponent_3': 4, 'W_layer_units_exponent_4': 6, 'W_layer_units_exponent_5': 9, 'W_layer_units_exponent_6': 5, 'D_layers': 5, 'D_layer_units_exponent_0': 4, 'D_layer_units_exponent_1': 10, 'D_layer_units_exponent_2': 6, 'D_layer_units_exponent_3': 7, 'D_layer_units_exponent_4': 10, 'log_learning_rate': -4.93724105288884, 'log_learning_rate_D': -1.039406331635313, 'training_batch_size': 8, 'training_p': 4}
	 epoch  0 training error:  tensor(1.0062, device='cuda:0', grad_fn=<DivBackward0>)
	 epoch  0 test error:  tensor(0.0968, device='cuda:0', grad_fn=<DivBackward0>)
Memory status after this epoch: 
Memory allocated:  251.3740234375
Memory cached:  278.0
	 epoch  10 training error:  tensor(0.9989, device='cuda:0', grad_fn=<DivBackward0>)
	 epoch  10 test error:  tensor(0.0967, device='cuda:0', grad_fn=<DivBackward0>)
Memory status after this epoch: 
Memory allocated:  251.5615234375
Memory cached:  508.0
	 epoch  20 training error:  tensor(0.9898, device='cuda:0', grad_fn=<DivBackward0>)
	 epoch  20 test error:  tensor(0.0968, device='cuda:0', grad_fn=<DivBackward0>)
Memory status after this epoch: 
Memory allocated:  251.3740234375
Memory cached:  508.0
	 epoch  30 training error:  tensor(0.9786, device='cuda:0', grad_fn=<DivBackward0>)
	 epoch  30 test error:  tensor(0.0970, device='cuda:0', grad_fn=<DivBackward0>)
Memory status after this epoch: 
Memory allocated:  251.5615234375
Memory cached:  508.0
	 epoch  40 training error:  tensor(0.9642, device='cuda:0', grad_fn=<DivBackward0>)
	 epoch  40 test error:  tensor(0.0975, device='cuda:0', grad_fn=<DivBackward0>)
Memory status after this epoch: 
Memory allocated:  251.3740234375
Memory cached:  508.0
	 epoch  50 training error:  tensor(0.9504, device='cuda:0', grad_fn=<DivBackward0>)
	 epoch  50 test error:  tensor(0.0986, device='cuda:0', grad_fn=<DivBackward0>)
Memory status after this epoch: 
Memory allocated:  251.5615234375
Memory cached:  508.0
	 epoch  60 training error:  tensor(0.9503, device='cuda:0', grad_fn=<DivBackward0>)
	 epoch  60 test error:  tensor(0.0981, device='cuda:0', grad_fn=<DivBackward0>)
Memory status after this epoch: 
Memory allocated:  251.3740234375
Memory cached:  510.0
	 epoch  70 training error:  tensor(0.9476, device='cuda:0', grad_fn=<DivBackward0>)
	 epoch  70 test error:  tensor(0.0983, device='cuda:0', grad_fn=<DivBackward0>)
Memory status after this epoch: 
Memory allocated:  251.5615234375
Memory cached:  512.0
	 epoch  80 training error:  tensor(0.9477, device='cuda:0', grad_fn=<DivBackward0>)
	 epoch  80 test error:  tensor(0.0982, device='cuda:0', grad_fn=<DivBackward0>)
Memory status after this epoch: 
Memory allocated:  251.3740234375
Memory cached:  512.0
	 epoch  90 training error:  tensor(0.9478, device='cuda:0', grad_fn=<DivBackward0>)
	 epoch  90 test error:  tensor(0.0982, device='cuda:0', grad_fn=<DivBackward0>)
Memory status after this epoch: 
Memory allocated:  251.5615234375
Memory cached:  512.0
[I 2023-11-17 02:30:12,108] Trial 10 finished with value: 0.09821360558271408 and parameters: {'W_layers': 7, 'W_layer_units_exponent_0': 10, 'W_layer_units_exponent_1': 6, 'W_layer_units_exponent_2': 4, 'W_layer_units_exponent_3': 4, 'W_layer_units_exponent_4': 6, 'W_layer_units_exponent_5': 9, 'W_layer_units_exponent_6': 5, 'D_layers': 5, 'D_layer_units_exponent_0': 4, 'D_layer_units_exponent_1': 10, 'D_layer_units_exponent_2': 6, 'D_layer_units_exponent_3': 7, 'D_layer_units_exponent_4': 10, 'log_learning_rate': -4.93724105288884, 'log_learning_rate_D': -1.039406331635313, 'training_batch_size': 8, 'training_p': 4}. Best is trial 0 with value: 0.09673389047384262.
Time for this trial:  184.18363761901855
Memory status after this trial: 
Memory allocated:  492.6474609375
Memory cached:  508.0
--------------------  Trial  11   --------------------
Start timing: 
Parameters: 
{'W_layers': 8, 'W_layer_units_exponent_0': 9, 'W_layer_units_exponent_1': 4, 'W_layer_units_exponent_2': 5, 'W_layer_units_exponent_3': 8, 'W_layer_units_exponent_4': 4, 'W_layer_units_exponent_5': 6, 'W_layer_units_exponent_6': 9, 'W_layer_units_exponent_7': 6, 'D_layers': 2, 'D_layer_units_exponent_0': 8, 'D_layer_units_exponent_1': 6, 'log_learning_rate': -2.4179906458694305, 'log_learning_rate_D': -1.1139163210701157, 'training_batch_size': 11, 'training_p': 5}
	 epoch  0 training error:  tensor(1.0012, device='cuda:0', grad_fn=<DivBackward0>)
	 epoch  0 test error:  tensor(0.0976, device='cuda:0', grad_fn=<DivBackward0>)
Memory status after this epoch: 
Memory allocated:  131.71240234375
Memory cached:  158.0
	 epoch  10 training error:  tensor(1.0146, device='cuda:0', grad_fn=<DivBackward0>)
	 epoch  10 test error:  tensor(0.0973, device='cuda:0', grad_fn=<DivBackward0>)
Memory status after this epoch: 
Memory allocated:  131.52490234375
Memory cached:  272.0
	 epoch  20 training error:  tensor(0.9775, device='cuda:0', grad_fn=<DivBackward0>)
	 epoch  20 test error:  tensor(0.0969, device='cuda:0', grad_fn=<DivBackward0>)
Memory status after this epoch: 
Memory allocated:  131.71240234375
Memory cached:  272.0
	 epoch  30 training error:  tensor(0.9610, device='cuda:0', grad_fn=<DivBackward0>)
	 epoch  30 test error:  tensor(0.0979, device='cuda:0', grad_fn=<DivBackward0>)
Memory status after this epoch: 
Memory allocated:  131.52490234375
Memory cached:  272.0
	 epoch  40 training error:  tensor(0.9472, device='cuda:0', grad_fn=<DivBackward0>)
	 epoch  40 test error:  tensor(0.0982, device='cuda:0', grad_fn=<DivBackward0>)
Memory status after this epoch: 
Memory allocated:  131.71240234375
Memory cached:  272.0
	 epoch  50 training error:  tensor(0.9624, device='cuda:0', grad_fn=<DivBackward0>)
	 epoch  50 test error:  tensor(0.0973, device='cuda:0', grad_fn=<DivBackward0>)
Memory status after this epoch: 
Memory allocated:  131.52490234375
Memory cached:  274.0
	 epoch  60 training error:  tensor(0.9622, device='cuda:0', grad_fn=<DivBackward0>)
	 epoch  60 test error:  tensor(0.0971, device='cuda:0', grad_fn=<DivBackward0>)
Memory status after this epoch: 
Memory allocated:  131.71240234375
Memory cached:  272.0
	 epoch  70 training error:  tensor(0.9774, device='cuda:0', grad_fn=<DivBackward0>)
	 epoch  70 test error:  tensor(0.0971, device='cuda:0', grad_fn=<DivBackward0>)
Memory status after this epoch: 
Memory allocated:  131.52490234375
Memory cached:  272.0
	 epoch  80 training error:  tensor(0.9589, device='cuda:0', grad_fn=<DivBackward0>)
	 epoch  80 test error:  tensor(0.0974, device='cuda:0', grad_fn=<DivBackward0>)
Memory status after this epoch: 
Memory allocated:  131.71240234375
Memory cached:  272.0
	 epoch  90 training error:  tensor(0.9484, device='cuda:0', grad_fn=<DivBackward0>)
	 epoch  90 test error:  tensor(0.0981, device='cuda:0', grad_fn=<DivBackward0>)
Memory status after this epoch: 
Memory allocated:  131.52490234375
Memory cached:  274.0
[I 2023-11-17 02:32:46,780] Trial 11 finished with value: 0.09774544090032578 and parameters: {'W_layers': 8, 'W_layer_units_exponent_0': 9, 'W_layer_units_exponent_1': 4, 'W_layer_units_exponent_2': 5, 'W_layer_units_exponent_3': 8, 'W_layer_units_exponent_4': 4, 'W_layer_units_exponent_5': 6, 'W_layer_units_exponent_6': 9, 'W_layer_units_exponent_7': 6, 'D_layers': 2, 'D_layer_units_exponent_0': 8, 'D_layer_units_exponent_1': 6, 'log_learning_rate': -2.4179906458694305, 'log_learning_rate_D': -1.1139163210701157, 'training_batch_size': 11, 'training_p': 5}. Best is trial 0 with value: 0.09673389047384262.
Time for this trial:  154.42619824409485
Memory status after this trial: 
Memory allocated:  258.421875
Memory cached:  274.0
--------------------  Trial  12   --------------------
Start timing: 
Parameters: 
{'W_layers': 7, 'W_layer_units_exponent_0': 8, 'W_layer_units_exponent_1': 4, 'W_layer_units_exponent_2': 5, 'W_layer_units_exponent_3': 8, 'W_layer_units_exponent_4': 6, 'W_layer_units_exponent_5': 6, 'W_layer_units_exponent_6': 8, 'D_layers': 2, 'D_layer_units_exponent_0': 4, 'D_layer_units_exponent_1': 10, 'log_learning_rate': -1.6414637453763499, 'log_learning_rate_D': -1.8492405582997624, 'training_batch_size': 12, 'training_p': 6}
	 epoch  0 training error:  tensor(0.9995, device='cuda:0', grad_fn=<DivBackward0>)
	 epoch  0 test error:  tensor(0.1011, device='cuda:0', grad_fn=<DivBackward0>)
Memory status after this epoch: 
Memory allocated:  140.798828125
Memory cached:  168.0
	 epoch  10 training error:  tensor(1., device='cuda:0', grad_fn=<DivBackward0>)
	 epoch  10 test error:  tensor(0.0967, device='cuda:0', grad_fn=<DivBackward0>)
Memory status after this epoch: 
Memory allocated:  140.986328125
Memory cached:  292.0
	 epoch  20 training error:  tensor(1., device='cuda:0', grad_fn=<DivBackward0>)
	 epoch  20 test error:  tensor(0.0967, device='cuda:0', grad_fn=<DivBackward0>)
Memory status after this epoch: 
Memory allocated:  140.798828125
Memory cached:  292.0
	 epoch  30 training error:  tensor(1., device='cuda:0', grad_fn=<DivBackward0>)
	 epoch  30 test error:  tensor(0.0967, device='cuda:0', grad_fn=<DivBackward0>)
Memory status after this epoch: 
Memory allocated:  140.986328125
Memory cached:  292.0
	 epoch  40 training error:  tensor(1., device='cuda:0', grad_fn=<DivBackward0>)
	 epoch  40 test error:  tensor(0.0967, device='cuda:0', grad_fn=<DivBackward0>)
Memory status after this epoch: 
Memory allocated:  140.798828125
Memory cached:  292.0
	 epoch  50 training error:  tensor(1., device='cuda:0', grad_fn=<DivBackward0>)
	 epoch  50 test error:  tensor(0.0967, device='cuda:0', grad_fn=<DivBackward0>)
Memory status after this epoch: 
Memory allocated:  140.986328125
Memory cached:  292.0
	 epoch  60 training error:  tensor(1., device='cuda:0', grad_fn=<DivBackward0>)
	 epoch  60 test error:  tensor(0.0967, device='cuda:0', grad_fn=<DivBackward0>)
Memory status after this epoch: 
Memory allocated:  140.798828125
Memory cached:  292.0
	 epoch  70 training error:  tensor(1., device='cuda:0', grad_fn=<DivBackward0>)
	 epoch  70 test error:  tensor(0.0967, device='cuda:0', grad_fn=<DivBackward0>)
Memory status after this epoch: 
Memory allocated:  140.986328125
Memory cached:  292.0
	 epoch  80 training error:  tensor(1., device='cuda:0', grad_fn=<DivBackward0>)
	 epoch  80 test error:  tensor(0.0967, device='cuda:0', grad_fn=<DivBackward0>)
Memory status after this epoch: 
Memory allocated:  140.798828125
Memory cached:  292.0
	 epoch  90 training error:  tensor(1., device='cuda:0', grad_fn=<DivBackward0>)
	 epoch  90 test error:  tensor(0.0967, device='cuda:0', grad_fn=<DivBackward0>)
Memory status after this epoch: 
Memory allocated:  140.986328125
Memory cached:  292.0
