[I 2023-11-16 18:28:59,467] Trial 20 finished with value: 0.9148999452590942 and parameters: {'W_layers': 7, 'W_layer_units_exponent_0': 9, 'W_layer_units_exponent_1': 8, 'W_layer_units_exponent_2': 9, 'W_layer_units_exponent_3': 10, 'W_layer_units_exponent_4': 5, 'W_layer_units_exponent_5': 4, 'W_layer_units_exponent_6': 8, 'D_layers': 7, 'D_layer_units_exponent_0': 9, 'D_layer_units_exponent_1': 6, 'D_layer_units_exponent_2': 6, 'D_layer_units_exponent_3': 9, 'D_layer_units_exponent_4': 8, 'D_layer_units_exponent_5': 4, 'D_layer_units_exponent_6': 10, 'log_learning_rate': -4.4147815063799944, 'log_learning_rate_D': -3.3666639924828843, 'training_batch_size': 8, 'training_p': 4}. Best is trial 16 with value: 0.8001757860183716.
Time for this trial:  202.9177393913269
Memory status after this trial: 
Memory allocated:  708.5615234375
Memory cached:  734.0
--------------------  Trial  21   --------------------
Start timing: 
Parameters: 
{'W_layers': 8, 'W_layer_units_exponent_0': 7, 'W_layer_units_exponent_1': 6, 'W_layer_units_exponent_2': 8, 'W_layer_units_exponent_3': 5, 'W_layer_units_exponent_4': 6, 'W_layer_units_exponent_5': 5, 'W_layer_units_exponent_6': 10, 'W_layer_units_exponent_7': 4, 'D_layers': 4, 'D_layer_units_exponent_0': 10, 'D_layer_units_exponent_1': 6, 'D_layer_units_exponent_2': 9, 'D_layer_units_exponent_3': 9, 'log_learning_rate': -3.4399503870040307, 'log_learning_rate_D': -2.8618637817142436, 'training_batch_size': 10, 'training_p': 2}
	 epoch  0 training error:  tensor(1.1453, device='cuda:0', grad_fn=<DivBackward0>)
	 epoch  0 test error:  tensor(3.9665, device='cuda:0', grad_fn=<DivBackward0>)
Memory status after this epoch: 
Memory allocated:  289.05029296875
Memory cached:  348.0
	 epoch  10 training error:  tensor(0.2373, device='cuda:0', grad_fn=<DivBackward0>)
	 epoch  10 test error:  tensor(1.5822, device='cuda:0', grad_fn=<DivBackward0>)
Memory status after this epoch: 
Memory allocated:  288.90966796875
Memory cached:  568.0
	 epoch  20 training error:  tensor(0.2264, device='cuda:0', grad_fn=<DivBackward0>)
	 epoch  20 test error:  tensor(0.9623, device='cuda:0', grad_fn=<DivBackward0>)
Memory status after this epoch: 
Memory allocated:  288.58154296875
Memory cached:  568.0
	 epoch  30 training error:  tensor(0.2031, device='cuda:0', grad_fn=<DivBackward0>)
	 epoch  30 test error:  tensor(0.7822, device='cuda:0', grad_fn=<DivBackward0>)
Memory status after this epoch: 
Memory allocated:  288.90966796875
Memory cached:  568.0
	 epoch  40 training error:  tensor(0.2014, device='cuda:0', grad_fn=<DivBackward0>)
	 epoch  40 test error:  tensor(0.7650, device='cuda:0', grad_fn=<DivBackward0>)
Memory status after this epoch: 
Memory allocated:  288.58154296875
Memory cached:  568.0
	 epoch  50 training error:  tensor(0.2021, device='cuda:0', grad_fn=<DivBackward0>)
	 epoch  50 test error:  tensor(0.7715, device='cuda:0', grad_fn=<DivBackward0>)
Memory status after this epoch: 
Memory allocated:  288.90966796875
Memory cached:  568.0
	 epoch  60 training error:  tensor(0.2017, device='cuda:0', grad_fn=<DivBackward0>)
	 epoch  60 test error:  tensor(0.7984, device='cuda:0', grad_fn=<DivBackward0>)
Memory status after this epoch: 
Memory allocated:  288.58154296875
Memory cached:  568.0
	 epoch  70 training error:  tensor(0.2013, device='cuda:0', grad_fn=<DivBackward0>)
	 epoch  70 test error:  tensor(0.8219, device='cuda:0', grad_fn=<DivBackward0>)
Memory status after this epoch: 
Memory allocated:  288.90966796875
Memory cached:  568.0
	 epoch  80 training error:  tensor(0.2014, device='cuda:0', grad_fn=<DivBackward0>)
	 epoch  80 test error:  tensor(0.8121, device='cuda:0', grad_fn=<DivBackward0>)
Memory status after this epoch: 
Memory allocated:  288.58154296875
Memory cached:  568.0
	 epoch  90 training error:  tensor(0.2013, device='cuda:0', grad_fn=<DivBackward0>)
	 epoch  90 test error:  tensor(0.8025, device='cuda:0', grad_fn=<DivBackward0>)
Memory status after this epoch: 
Memory allocated:  288.90966796875
Memory cached:  568.0
[I 2023-11-16 18:31:55,401] Trial 21 finished with value: 0.8070597052574158 and parameters: {'W_layers': 8, 'W_layer_units_exponent_0': 7, 'W_layer_units_exponent_1': 6, 'W_layer_units_exponent_2': 8, 'W_layer_units_exponent_3': 5, 'W_layer_units_exponent_4': 6, 'W_layer_units_exponent_5': 5, 'W_layer_units_exponent_6': 10, 'W_layer_units_exponent_7': 4, 'D_layers': 4, 'D_layer_units_exponent_0': 10, 'D_layer_units_exponent_1': 6, 'D_layer_units_exponent_2': 9, 'D_layer_units_exponent_3': 9, 'log_learning_rate': -3.4399503870040307, 'log_learning_rate_D': -2.8618637817142436, 'training_batch_size': 10, 'training_p': 2}. Best is trial 16 with value: 0.8001757860183716.
Time for this trial:  175.6417908668518
Memory status after this trial: 
Memory allocated:  561.3095703125
Memory cached:  568.0
--------------------  Trial  22   --------------------
Start timing: 
Parameters: 
{'W_layers': 8, 'W_layer_units_exponent_0': 7, 'W_layer_units_exponent_1': 6, 'W_layer_units_exponent_2': 8, 'W_layer_units_exponent_3': 5, 'W_layer_units_exponent_4': 7, 'W_layer_units_exponent_5': 5, 'W_layer_units_exponent_6': 10, 'W_layer_units_exponent_7': 7, 'D_layers': 4, 'D_layer_units_exponent_0': 10, 'D_layer_units_exponent_1': 7, 'D_layer_units_exponent_2': 9, 'D_layer_units_exponent_3': 10, 'log_learning_rate': -3.4791247224682222, 'log_learning_rate_D': -2.869156841342796, 'training_batch_size': 12, 'training_p': 2}
	 epoch  0 training error:  tensor(0.9665, device='cuda:0', grad_fn=<DivBackward0>)
	 epoch  0 test error:  tensor(2.5520, device='cuda:0', grad_fn=<DivBackward0>)
Memory status after this epoch: 
Memory allocated:  336.24853515625
Memory cached:  408.0
	 epoch  10 training error:  tensor(0.3441, device='cuda:0', grad_fn=<DivBackward0>)
	 epoch  10 test error:  tensor(1.8511, device='cuda:0', grad_fn=<DivBackward0>)
Memory status after this epoch: 
Memory allocated:  336.24853515625
Memory cached:  668.0
	 epoch  20 training error:  tensor(0.2096, device='cuda:0', grad_fn=<DivBackward0>)
	 epoch  20 test error:  tensor(0.7556, device='cuda:0', grad_fn=<DivBackward0>)
Memory status after this epoch: 
Memory allocated:  336.24853515625
Memory cached:  668.0
	 epoch  30 training error:  tensor(0.2059, device='cuda:0', grad_fn=<DivBackward0>)
	 epoch  30 test error:  tensor(0.7435, device='cuda:0', grad_fn=<DivBackward0>)
Memory status after this epoch: 
Memory allocated:  336.20166015625
Memory cached:  668.0
	 epoch  40 training error:  tensor(0.2061, device='cuda:0', grad_fn=<DivBackward0>)
	 epoch  40 test error:  tensor(0.7603, device='cuda:0', grad_fn=<DivBackward0>)
Memory status after this epoch: 
Memory allocated:  336.24853515625
Memory cached:  668.0
	 epoch  50 training error:  tensor(0.2019, device='cuda:0', grad_fn=<DivBackward0>)
	 epoch  50 test error:  tensor(0.8145, device='cuda:0', grad_fn=<DivBackward0>)
Memory status after this epoch: 
Memory allocated:  336.20166015625
Memory cached:  668.0
	 epoch  60 training error:  tensor(0.2015, device='cuda:0', grad_fn=<DivBackward0>)
	 epoch  60 test error:  tensor(0.8404, device='cuda:0', grad_fn=<DivBackward0>)
Memory status after this epoch: 
Memory allocated:  336.24853515625
Memory cached:  668.0
	 epoch  70 training error:  tensor(0.2015, device='cuda:0', grad_fn=<DivBackward0>)
	 epoch  70 test error:  tensor(0.8149, device='cuda:0', grad_fn=<DivBackward0>)
Memory status after this epoch: 
Memory allocated:  336.20166015625
Memory cached:  668.0
	 epoch  80 training error:  tensor(0.2013, device='cuda:0', grad_fn=<DivBackward0>)
	 epoch  80 test error:  tensor(0.7977, device='cuda:0', grad_fn=<DivBackward0>)
Memory status after this epoch: 
Memory allocated:  336.24853515625
Memory cached:  668.0
	 epoch  90 training error:  tensor(0.2013, device='cuda:0', grad_fn=<DivBackward0>)
	 epoch  90 test error:  tensor(0.8093, device='cuda:0', grad_fn=<DivBackward0>)
Memory status after this epoch: 
Memory allocated:  336.20166015625
Memory cached:  668.0
[I 2023-11-16 18:34:57,103] Trial 22 finished with value: 0.8122940063476562 and parameters: {'W_layers': 8, 'W_layer_units_exponent_0': 7, 'W_layer_units_exponent_1': 6, 'W_layer_units_exponent_2': 8, 'W_layer_units_exponent_3': 5, 'W_layer_units_exponent_4': 7, 'W_layer_units_exponent_5': 5, 'W_layer_units_exponent_6': 10, 'W_layer_units_exponent_7': 7, 'D_layers': 4, 'D_layer_units_exponent_0': 10, 'D_layer_units_exponent_1': 7, 'D_layer_units_exponent_2': 9, 'D_layer_units_exponent_3': 10, 'log_learning_rate': -3.4791247224682222, 'log_learning_rate_D': -2.869156841342796, 'training_batch_size': 12, 'training_p': 2}. Best is trial 16 with value: 0.8001757860183716.
Time for this trial:  181.40637373924255
Memory status after this trial: 
Memory allocated:  644.6201171875
Memory cached:  668.0
--------------------  Trial  23   --------------------
Start timing: 
Parameters: 
{'W_layers': 7, 'W_layer_units_exponent_0': 7, 'W_layer_units_exponent_1': 5, 'W_layer_units_exponent_2': 7, 'W_layer_units_exponent_3': 5, 'W_layer_units_exponent_4': 5, 'W_layer_units_exponent_5': 6, 'W_layer_units_exponent_6': 9, 'D_layers': 6, 'D_layer_units_exponent_0': 9, 'D_layer_units_exponent_1': 6, 'D_layer_units_exponent_2': 8, 'D_layer_units_exponent_3': 9, 'D_layer_units_exponent_4': 6, 'D_layer_units_exponent_5': 9, 'log_learning_rate': -2.65966941839555, 'log_learning_rate_D': -2.337867463334292, 'training_batch_size': 11, 'training_p': 3}
	 epoch  0 training error:  tensor(0.9971, device='cuda:0', grad_fn=<DivBackward0>)
	 epoch  0 test error:  tensor(5.4976, device='cuda:0', grad_fn=<DivBackward0>)
Memory status after this epoch: 
Memory allocated:  239.87548828125
Memory cached:  298.0
	 epoch  10 training error:  tensor(0.3223, device='cuda:0', grad_fn=<DivBackward0>)
	 epoch  10 test error:  tensor(2.8006, device='cuda:0', grad_fn=<DivBackward0>)
Memory status after this epoch: 
Memory allocated:  239.17236328125
Memory cached:  472.0
	 epoch  20 training error:  tensor(0.2415, device='cuda:0', grad_fn=<DivBackward0>)
	 epoch  20 test error:  tensor(1.0669, device='cuda:0', grad_fn=<DivBackward0>)
Memory status after this epoch: 
Memory allocated:  239.50048828125
Memory cached:  472.0
	 epoch  30 training error:  tensor(0.2396, device='cuda:0', grad_fn=<DivBackward0>)
	 epoch  30 test error:  tensor(0.9492, device='cuda:0', grad_fn=<DivBackward0>)
Memory status after this epoch: 
Memory allocated:  239.17236328125
Memory cached:  472.0
	 epoch  40 training error:  tensor(0.2227, device='cuda:0', grad_fn=<DivBackward0>)
	 epoch  40 test error:  tensor(0.8904, device='cuda:0', grad_fn=<DivBackward0>)
Memory status after this epoch: 
Memory allocated:  239.50048828125
Memory cached:  472.0
	 epoch  50 training error:  tensor(0.2205, device='cuda:0', grad_fn=<DivBackward0>)
	 epoch  50 test error:  tensor(0.8766, device='cuda:0', grad_fn=<DivBackward0>)
Memory status after this epoch: 
Memory allocated:  239.64111328125
Memory cached:  472.0
	 epoch  60 training error:  tensor(0.2196, device='cuda:0', grad_fn=<DivBackward0>)
	 epoch  60 test error:  tensor(0.8530, device='cuda:0', grad_fn=<DivBackward0>)
Memory status after this epoch: 
Memory allocated:  239.03173828125
Memory cached:  472.0
	 epoch  70 training error:  tensor(0.2187, device='cuda:0', grad_fn=<DivBackward0>)
	 epoch  70 test error:  tensor(0.9011, device='cuda:0', grad_fn=<DivBackward0>)
Memory status after this epoch: 
Memory allocated:  240.10986328125
Memory cached:  472.0
	 epoch  80 training error:  tensor(0.2180, device='cuda:0', grad_fn=<DivBackward0>)
	 epoch  80 test error:  tensor(0.8720, device='cuda:0', grad_fn=<DivBackward0>)
Memory status after this epoch: 
Memory allocated:  238.70361328125
Memory cached:  472.0
	 epoch  90 training error:  tensor(0.2178, device='cuda:0', grad_fn=<DivBackward0>)
	 epoch  90 test error:  tensor(0.8856, device='cuda:0', grad_fn=<DivBackward0>)
Memory status after this epoch: 
Memory allocated:  240.43798828125
Memory cached:  472.0
[I 2023-11-16 18:37:55,218] Trial 23 finished with value: 0.8695236444473267 and parameters: {'W_layers': 7, 'W_layer_units_exponent_0': 7, 'W_layer_units_exponent_1': 5, 'W_layer_units_exponent_2': 7, 'W_layer_units_exponent_3': 5, 'W_layer_units_exponent_4': 5, 'W_layer_units_exponent_5': 6, 'W_layer_units_exponent_6': 9, 'D_layers': 6, 'D_layer_units_exponent_0': 9, 'D_layer_units_exponent_1': 6, 'D_layer_units_exponent_2': 8, 'D_layer_units_exponent_3': 9, 'D_layer_units_exponent_4': 6, 'D_layer_units_exponent_5': 9, 'log_learning_rate': -2.65966941839555, 'log_learning_rate_D': -2.337867463334292, 'training_batch_size': 11, 'training_p': 3}. Best is trial 16 with value: 0.8001757860183716.
Time for this trial:  177.79713106155396
Memory status after this trial: 
Memory allocated:  466.4755859375
Memory cached:  474.0
--------------------  Trial  24   --------------------
Start timing: 
Parameters: 
{'W_layers': 8, 'W_layer_units_exponent_0': 8, 'W_layer_units_exponent_1': 6, 'W_layer_units_exponent_2': 10, 'W_layer_units_exponent_3': 7, 'W_layer_units_exponent_4': 8, 'W_layer_units_exponent_5': 4, 'W_layer_units_exponent_6': 9, 'W_layer_units_exponent_7': 6, 'D_layers': 3, 'D_layer_units_exponent_0': 10, 'D_layer_units_exponent_1': 7, 'D_layer_units_exponent_2': 9, 'log_learning_rate': -3.181862260339702, 'log_learning_rate_D': -3.065680028311232, 'training_batch_size': 10, 'training_p': 2}
	 epoch  0 training error:  tensor(0.9733, device='cuda:0', grad_fn=<DivBackward0>)
	 epoch  0 test error:  tensor(4.1807, device='cuda:0', grad_fn=<DivBackward0>)
Memory status after this epoch: 
Memory allocated:  304.38720703125
Memory cached:  362.0
	 epoch  10 training error:  tensor(0.5778, device='cuda:0', grad_fn=<DivBackward0>)
	 epoch  10 test error:  tensor(0.7641, device='cuda:0', grad_fn=<DivBackward0>)
Memory status after this epoch: 
Memory allocated:  302.65283203125
Memory cached:  596.0
	 epoch  20 training error:  tensor(0.2915, device='cuda:0', grad_fn=<DivBackward0>)
	 epoch  20 test error:  tensor(1.2799, device='cuda:0', grad_fn=<DivBackward0>)
Memory status after this epoch: 
Memory allocated:  303.91845703125
Memory cached:  596.0
	 epoch  30 training error:  tensor(0.2223, device='cuda:0', grad_fn=<DivBackward0>)
	 epoch  30 test error:  tensor(0.9985, device='cuda:0', grad_fn=<DivBackward0>)
Memory status after this epoch: 
Memory allocated:  303.12158203125
Memory cached:  596.0
	 epoch  40 training error:  tensor(0.2048, device='cuda:0', grad_fn=<DivBackward0>)
	 epoch  40 test error:  tensor(0.7945, device='cuda:0', grad_fn=<DivBackward0>)
Memory status after this epoch: 
Memory allocated:  303.44970703125
Memory cached:  596.0
	 epoch  50 training error:  tensor(0.2089, device='cuda:0', grad_fn=<DivBackward0>)
	 epoch  50 test error:  tensor(0.8475, device='cuda:0', grad_fn=<DivBackward0>)
Memory status after this epoch: 
Memory allocated:  303.59033203125
Memory cached:  596.0
	 epoch  60 training error:  tensor(0.2014, device='cuda:0', grad_fn=<DivBackward0>)
	 epoch  60 test error:  tensor(0.8726, device='cuda:0', grad_fn=<DivBackward0>)
Memory status after this epoch: 
Memory allocated:  303.44970703125
Memory cached:  596.0
	 epoch  70 training error:  tensor(0.2023, device='cuda:0', grad_fn=<DivBackward0>)
	 epoch  70 test error:  tensor(0.7960, device='cuda:0', grad_fn=<DivBackward0>)
Memory status after this epoch: 
Memory allocated:  303.59033203125
Memory cached:  596.0
	 epoch  80 training error:  tensor(0.2015, device='cuda:0', grad_fn=<DivBackward0>)
	 epoch  80 test error:  tensor(0.7877, device='cuda:0', grad_fn=<DivBackward0>)
Memory status after this epoch: 
Memory allocated:  303.44970703125
Memory cached:  596.0
	 epoch  90 training error:  tensor(0.2013, device='cuda:0', grad_fn=<DivBackward0>)
	 epoch  90 test error:  tensor(0.7946, device='cuda:0', grad_fn=<DivBackward0>)
Memory status after this epoch: 
Memory allocated:  303.59033203125
Memory cached:  596.0
[I 2023-11-16 18:40:46,186] Trial 24 finished with value: 0.806945264339447 and parameters: {'W_layers': 8, 'W_layer_units_exponent_0': 8, 'W_layer_units_exponent_1': 6, 'W_layer_units_exponent_2': 10, 'W_layer_units_exponent_3': 7, 'W_layer_units_exponent_4': 8, 'W_layer_units_exponent_5': 4, 'W_layer_units_exponent_6': 9, 'W_layer_units_exponent_7': 6, 'D_layers': 3, 'D_layer_units_exponent_0': 10, 'D_layer_units_exponent_1': 7, 'D_layer_units_exponent_2': 9, 'log_learning_rate': -3.181862260339702, 'log_learning_rate_D': -3.065680028311232, 'training_batch_size': 10, 'training_p': 2}. Best is trial 16 with value: 0.8001757860183716.
Time for this trial:  170.6709041595459
Memory status after this trial: 
Memory allocated:  589.9150390625
Memory cached:  596.0
--------------------  Trial  25   --------------------
Start timing: 
Parameters: 
{'W_layers': 8, 'W_layer_units_exponent_0': 9, 'W_layer_units_exponent_1': 6, 'W_layer_units_exponent_2': 10, 'W_layer_units_exponent_3': 7, 'W_layer_units_exponent_4': 9, 'W_layer_units_exponent_5': 4, 'W_layer_units_exponent_6': 8, 'W_layer_units_exponent_7': 6, 'D_layers': 3, 'D_layer_units_exponent_0': 9, 'D_layer_units_exponent_1': 7, 'D_layer_units_exponent_2': 9, 'log_learning_rate': -2.6921842205784987, 'log_learning_rate_D': -2.7602802862368514, 'training_batch_size': 9, 'training_p': 3}
	 epoch  0 training error:  tensor(1.2150, device='cuda:0', grad_fn=<DivBackward0>)
	 epoch  0 test error:  tensor(1.4950, device='cuda:0', grad_fn=<DivBackward0>)
Memory status after this epoch: 
Memory allocated:  289.21923828125
Memory cached:  348.0
	 epoch  10 training error:  tensor(0.6066, device='cuda:0', grad_fn=<DivBackward0>)
	 epoch  10 test error:  tensor(3.1083, device='cuda:0', grad_fn=<DivBackward0>)
Memory status after this epoch: 
Memory allocated:  289.54736328125
Memory cached:  570.0
	 epoch  20 training error:  tensor(0.3285, device='cuda:0', grad_fn=<DivBackward0>)
	 epoch  20 test error:  tensor(1.3776, device='cuda:0', grad_fn=<DivBackward0>)
Memory status after this epoch: 
Memory allocated:  289.68798828125
Memory cached:  570.0
	 epoch  30 training error:  tensor(0.2479, device='cuda:0', grad_fn=<DivBackward0>)
	 epoch  30 test error:  tensor(1.0329, device='cuda:0', grad_fn=<DivBackward0>)
Memory status after this epoch: 
Memory allocated:  289.07861328125
Memory cached:  570.0
	 epoch  40 training error:  tensor(0.2242, device='cuda:0', grad_fn=<DivBackward0>)
	 epoch  40 test error:  tensor(0.8519, device='cuda:0', grad_fn=<DivBackward0>)
Memory status after this epoch: 
Memory allocated:  290.15673828125
Memory cached:  572.0
	 epoch  50 training error:  tensor(0.2174, device='cuda:0', grad_fn=<DivBackward0>)
	 epoch  50 test error:  tensor(0.9062, device='cuda:0', grad_fn=<DivBackward0>)
Memory status after this epoch: 
Memory allocated:  289.07861328125
Memory cached:  572.0
	 epoch  60 training error:  tensor(0.2167, device='cuda:0', grad_fn=<DivBackward0>)
	 epoch  60 test error:  tensor(0.9064, device='cuda:0', grad_fn=<DivBackward0>)
Memory status after this epoch: 
Memory allocated:  290.15673828125
Memory cached:  572.0
	 epoch  70 training error:  tensor(0.2166, device='cuda:0', grad_fn=<DivBackward0>)
	 epoch  70 test error:  tensor(0.8712, device='cuda:0', grad_fn=<DivBackward0>)
Memory status after this epoch: 
Memory allocated:  289.07861328125
Memory cached:  574.0
	 epoch  80 training error:  tensor(0.2163, device='cuda:0', grad_fn=<DivBackward0>)
	 epoch  80 test error:  tensor(0.8716, device='cuda:0', grad_fn=<DivBackward0>)
Memory status after this epoch: 
Memory allocated:  290.15673828125
Memory cached:  572.0
	 epoch  90 training error:  tensor(0.2162, device='cuda:0', grad_fn=<DivBackward0>)
	 epoch  90 test error:  tensor(0.8777, device='cuda:0', grad_fn=<DivBackward0>)
Memory status after this epoch: 
Memory allocated:  288.75048828125
Memory cached:  570.0
