[I 2023-11-16 17:58:39,412] Trial 10 finished with value: 5.164222240447998 and parameters: {'W_layers': 6, 'W_layer_units_exponent_0': 8, 'W_layer_units_exponent_1': 5, 'W_layer_units_exponent_2': 7, 'W_layer_units_exponent_3': 4, 'W_layer_units_exponent_4': 4, 'W_layer_units_exponent_5': 10, 'D_layers': 2, 'D_layer_units_exponent_0': 10, 'D_layer_units_exponent_1': 4, 'log_learning_rate': -2.042371821947321, 'log_learning_rate_D': -2.571867537779545, 'training_batch_size': 9, 'training_p': 2}. Best is trial 9 with value: 0.8129703402519226.
Time for this trial:  141.56280970573425
Memory status after this trial: 
Memory allocated:  430.671875
Memory cached:  434.0
--------------------  Trial  11   --------------------
Start timing: 
Parameters: 
{'W_layers': 6, 'W_layer_units_exponent_0': 6, 'W_layer_units_exponent_1': 6, 'W_layer_units_exponent_2': 6, 'W_layer_units_exponent_3': 6, 'W_layer_units_exponent_4': 4, 'W_layer_units_exponent_5': 8, 'D_layers': 3, 'D_layer_units_exponent_0': 8, 'D_layer_units_exponent_1': 5, 'D_layer_units_exponent_2': 10, 'log_learning_rate': -3.9322802138604387, 'log_learning_rate_D': -3.8461535702940344, 'training_batch_size': 12, 'training_p': 3}
	 epoch  0 training error:  tensor(1.0123, device='cuda:0', grad_fn=<DivBackward0>)
	 epoch  0 test error:  tensor(4.6043, device='cuda:0', grad_fn=<DivBackward0>)
Memory status after this epoch: 
Memory allocated:  182.1767578125
Memory cached:  242.0
	 epoch  10 training error:  tensor(0.2598, device='cuda:0', grad_fn=<DivBackward0>)
	 epoch  10 test error:  tensor(1.5752, device='cuda:0', grad_fn=<DivBackward0>)
Memory status after this epoch: 
Memory allocated:  182.5986328125
Memory cached:  362.0
	 epoch  20 training error:  tensor(0.2403, device='cuda:0', grad_fn=<DivBackward0>)
	 epoch  20 test error:  tensor(0.7923, device='cuda:0', grad_fn=<DivBackward0>)
Memory status after this epoch: 
Memory allocated:  182.6455078125
Memory cached:  362.0
	 epoch  30 training error:  tensor(0.2356, device='cuda:0', grad_fn=<DivBackward0>)
	 epoch  30 test error:  tensor(0.8175, device='cuda:0', grad_fn=<DivBackward0>)
Memory status after this epoch: 
Memory allocated:  182.5986328125
Memory cached:  362.0
	 epoch  40 training error:  tensor(0.2340, device='cuda:0', grad_fn=<DivBackward0>)
	 epoch  40 test error:  tensor(0.9297, device='cuda:0', grad_fn=<DivBackward0>)
Memory status after this epoch: 
Memory allocated:  182.6455078125
Memory cached:  364.0
	 epoch  50 training error:  tensor(0.2321, device='cuda:0', grad_fn=<DivBackward0>)
	 epoch  50 test error:  tensor(0.8289, device='cuda:0', grad_fn=<DivBackward0>)
Memory status after this epoch: 
Memory allocated:  182.5986328125
Memory cached:  362.0
	 epoch  60 training error:  tensor(0.2297, device='cuda:0', grad_fn=<DivBackward0>)
	 epoch  60 test error:  tensor(0.8934, device='cuda:0', grad_fn=<DivBackward0>)
Memory status after this epoch: 
Memory allocated:  182.1767578125
Memory cached:  364.0
	 epoch  70 training error:  tensor(0.2274, device='cuda:0', grad_fn=<DivBackward0>)
	 epoch  70 test error:  tensor(0.8496, device='cuda:0', grad_fn=<DivBackward0>)
Memory status after this epoch: 
Memory allocated:  183.0673828125
Memory cached:  366.0
	 epoch  80 training error:  tensor(0.2262, device='cuda:0', grad_fn=<DivBackward0>)
	 epoch  80 test error:  tensor(0.8577, device='cuda:0', grad_fn=<DivBackward0>)
Memory status after this epoch: 
Memory allocated:  182.1767578125
Memory cached:  364.0
	 epoch  90 training error:  tensor(0.2250, device='cuda:0', grad_fn=<DivBackward0>)
	 epoch  90 test error:  tensor(0.8567, device='cuda:0', grad_fn=<DivBackward0>)
Memory status after this epoch: 
Memory allocated:  183.0673828125
Memory cached:  366.0
[I 2023-11-16 18:01:03,593] Trial 11 finished with value: 0.854330837726593 and parameters: {'W_layers': 6, 'W_layer_units_exponent_0': 6, 'W_layer_units_exponent_1': 6, 'W_layer_units_exponent_2': 6, 'W_layer_units_exponent_3': 6, 'W_layer_units_exponent_4': 4, 'W_layer_units_exponent_5': 8, 'D_layers': 3, 'D_layer_units_exponent_0': 8, 'D_layer_units_exponent_1': 5, 'D_layer_units_exponent_2': 10, 'log_learning_rate': -3.9322802138604387, 'log_learning_rate_D': -3.8461535702940344, 'training_batch_size': 12, 'training_p': 3}. Best is trial 9 with value: 0.8129703402519226.
Time for this trial:  143.9675600528717
Memory status after this trial: 
Memory allocated:  357.5263671875
Memory cached:  368.0
--------------------  Trial  12   --------------------
Start timing: 
Parameters: 
{'W_layers': 6, 'W_layer_units_exponent_0': 7, 'W_layer_units_exponent_1': 6, 'W_layer_units_exponent_2': 7, 'W_layer_units_exponent_3': 6, 'W_layer_units_exponent_4': 4, 'W_layer_units_exponent_5': 8, 'D_layers': 3, 'D_layer_units_exponent_0': 8, 'D_layer_units_exponent_1': 4, 'D_layer_units_exponent_2': 8, 'log_learning_rate': -3.8050546604533455, 'log_learning_rate_D': -3.6541305264397628, 'training_batch_size': 9, 'training_p': 3}
	 epoch  0 training error:  tensor(0.9183, device='cuda:0', grad_fn=<DivBackward0>)
	 epoch  0 test error:  tensor(3.6620, device='cuda:0', grad_fn=<DivBackward0>)
Memory status after this epoch: 
Memory allocated:  148.755859375
Memory cached:  206.0
	 epoch  10 training error:  tensor(0.2797, device='cuda:0', grad_fn=<DivBackward0>)
	 epoch  10 test error:  tensor(1.0655, device='cuda:0', grad_fn=<DivBackward0>)
Memory status after this epoch: 
Memory allocated:  146.927734375
Memory cached:  292.0
	 epoch  20 training error:  tensor(0.2378, device='cuda:0', grad_fn=<DivBackward0>)
	 epoch  20 test error:  tensor(0.8909, device='cuda:0', grad_fn=<DivBackward0>)
Memory status after this epoch: 
Memory allocated:  148.755859375
Memory cached:  292.0
	 epoch  30 training error:  tensor(0.2351, device='cuda:0', grad_fn=<DivBackward0>)
	 epoch  30 test error:  tensor(0.7831, device='cuda:0', grad_fn=<DivBackward0>)
Memory status after this epoch: 
Memory allocated:  146.927734375
Memory cached:  292.0
	 epoch  40 training error:  tensor(0.2357, device='cuda:0', grad_fn=<DivBackward0>)
	 epoch  40 test error:  tensor(0.9931, device='cuda:0', grad_fn=<DivBackward0>)
Memory status after this epoch: 
Memory allocated:  148.755859375
Memory cached:  294.0
	 epoch  50 training error:  tensor(0.2353, device='cuda:0', grad_fn=<DivBackward0>)
	 epoch  50 test error:  tensor(0.8204, device='cuda:0', grad_fn=<DivBackward0>)
Memory status after this epoch: 
Memory allocated:  146.927734375
Memory cached:  294.0
	 epoch  60 training error:  tensor(0.2337, device='cuda:0', grad_fn=<DivBackward0>)
	 epoch  60 test error:  tensor(0.8846, device='cuda:0', grad_fn=<DivBackward0>)
Memory status after this epoch: 
Memory allocated:  148.287109375
Memory cached:  296.0
	 epoch  70 training error:  tensor(0.2334, device='cuda:0', grad_fn=<DivBackward0>)
	 epoch  70 test error:  tensor(0.8980, device='cuda:0', grad_fn=<DivBackward0>)
Memory status after this epoch: 
Memory allocated:  147.396484375
Memory cached:  294.0
	 epoch  80 training error:  tensor(0.2328, device='cuda:0', grad_fn=<DivBackward0>)
	 epoch  80 test error:  tensor(0.8650, device='cuda:0', grad_fn=<DivBackward0>)
Memory status after this epoch: 
Memory allocated:  148.287109375
Memory cached:  296.0
	 epoch  90 training error:  tensor(0.2320, device='cuda:0', grad_fn=<DivBackward0>)
	 epoch  90 test error:  tensor(0.8661, device='cuda:0', grad_fn=<DivBackward0>)
Memory status after this epoch: 
Memory allocated:  147.396484375
Memory cached:  296.0
[I 2023-11-16 18:03:22,834] Trial 12 finished with value: 0.8746193051338196 and parameters: {'W_layers': 6, 'W_layer_units_exponent_0': 7, 'W_layer_units_exponent_1': 6, 'W_layer_units_exponent_2': 7, 'W_layer_units_exponent_3': 6, 'W_layer_units_exponent_4': 4, 'W_layer_units_exponent_5': 8, 'D_layers': 3, 'D_layer_units_exponent_0': 8, 'D_layer_units_exponent_1': 4, 'D_layer_units_exponent_2': 8, 'log_learning_rate': -3.8050546604533455, 'log_learning_rate_D': -3.6541305264397628, 'training_batch_size': 9, 'training_p': 3}. Best is trial 9 with value: 0.8129703402519226.
Time for this trial:  139.0181381702423
Memory status after this trial: 
Memory allocated:  288.466796875
Memory cached:  296.0
--------------------  Trial  13   --------------------
Start timing: 
Parameters: 
{'W_layers': 7, 'W_layer_units_exponent_0': 6, 'W_layer_units_exponent_1': 4, 'W_layer_units_exponent_2': 6, 'W_layer_units_exponent_3': 5, 'W_layer_units_exponent_4': 5, 'W_layer_units_exponent_5': 7, 'W_layer_units_exponent_6': 9, 'D_layers': 2, 'D_layer_units_exponent_0': 8, 'D_layer_units_exponent_1': 5, 'log_learning_rate': -3.773590855352641, 'log_learning_rate_D': -2.5225383438216036, 'training_batch_size': 12, 'training_p': 3}
	 epoch  0 training error:  tensor(1.0218, device='cuda:0', grad_fn=<DivBackward0>)
	 epoch  0 test error:  tensor(3.8781, device='cuda:0', grad_fn=<DivBackward0>)
Memory status after this epoch: 
Memory allocated:  145.4814453125
Memory cached:  206.0
	 epoch  10 training error:  tensor(0.2392, device='cuda:0', grad_fn=<DivBackward0>)
	 epoch  10 test error:  tensor(0.7679, device='cuda:0', grad_fn=<DivBackward0>)
Memory status after this epoch: 
Memory allocated:  146.3720703125
Memory cached:  288.0
	 epoch  20 training error:  tensor(0.2474, device='cuda:0', grad_fn=<DivBackward0>)
	 epoch  20 test error:  tensor(1.2541, device='cuda:0', grad_fn=<DivBackward0>)
Memory status after this epoch: 
Memory allocated:  145.3876953125
Memory cached:  288.0
	 epoch  30 training error:  tensor(0.2476, device='cuda:0', grad_fn=<DivBackward0>)
	 epoch  30 test error:  tensor(0.7491, device='cuda:0', grad_fn=<DivBackward0>)
Memory status after this epoch: 
Memory allocated:  146.3720703125
Memory cached:  288.0
	 epoch  40 training error:  tensor(0.2356, device='cuda:0', grad_fn=<DivBackward0>)
	 epoch  40 test error:  tensor(0.9005, device='cuda:0', grad_fn=<DivBackward0>)
Memory status after this epoch: 
Memory allocated:  145.3876953125
Memory cached:  290.0
	 epoch  50 training error:  tensor(0.2344, device='cuda:0', grad_fn=<DivBackward0>)
	 epoch  50 test error:  tensor(0.9441, device='cuda:0', grad_fn=<DivBackward0>)
Memory status after this epoch: 
Memory allocated:  145.9970703125
Memory cached:  290.0
	 epoch  60 training error:  tensor(0.2344, device='cuda:0', grad_fn=<DivBackward0>)
	 epoch  60 test error:  tensor(0.8546, device='cuda:0', grad_fn=<DivBackward0>)
Memory status after this epoch: 
Memory allocated:  145.5283203125
Memory cached:  290.0
	 epoch  70 training error:  tensor(0.2340, device='cuda:0', grad_fn=<DivBackward0>)
	 epoch  70 test error:  tensor(0.8570, device='cuda:0', grad_fn=<DivBackward0>)
Memory status after this epoch: 
Memory allocated:  145.9970703125
Memory cached:  292.0
	 epoch  80 training error:  tensor(0.2339, device='cuda:0', grad_fn=<DivBackward0>)
	 epoch  80 test error:  tensor(0.8819, device='cuda:0', grad_fn=<DivBackward0>)
Memory status after this epoch: 
Memory allocated:  145.5283203125
Memory cached:  288.0
	 epoch  90 training error:  tensor(0.2339, device='cuda:0', grad_fn=<DivBackward0>)
	 epoch  90 test error:  tensor(0.8879, device='cuda:0', grad_fn=<DivBackward0>)
Memory status after this epoch: 
Memory allocated:  145.9970703125
Memory cached:  290.0
[I 2023-11-16 18:05:41,205] Trial 13 finished with value: 0.8807274103164673 and parameters: {'W_layers': 7, 'W_layer_units_exponent_0': 6, 'W_layer_units_exponent_1': 4, 'W_layer_units_exponent_2': 6, 'W_layer_units_exponent_3': 5, 'W_layer_units_exponent_4': 5, 'W_layer_units_exponent_5': 7, 'W_layer_units_exponent_6': 9, 'D_layers': 2, 'D_layer_units_exponent_0': 8, 'D_layer_units_exponent_1': 5, 'log_learning_rate': -3.773590855352641, 'log_learning_rate_D': -2.5225383438216036, 'training_batch_size': 12, 'training_p': 3}. Best is trial 9 with value: 0.8129703402519226.
Time for this trial:  138.1486394405365
Memory status after this trial: 
Memory allocated:  283.7431640625
Memory cached:  288.0
--------------------  Trial  14   --------------------
Start timing: 
Parameters: 
{'W_layers': 6, 'W_layer_units_exponent_0': 5, 'W_layer_units_exponent_1': 6, 'W_layer_units_exponent_2': 10, 'W_layer_units_exponent_3': 7, 'W_layer_units_exponent_4': 6, 'W_layer_units_exponent_5': 9, 'D_layers': 4, 'D_layer_units_exponent_0': 8, 'D_layer_units_exponent_1': 5, 'D_layer_units_exponent_2': 10, 'D_layer_units_exponent_3': 4, 'log_learning_rate': -4.295449275075234, 'log_learning_rate_D': -3.731731000022615, 'training_batch_size': 8, 'training_p': 3}
	 epoch  0 training error:  tensor(1.2144, device='cuda:0', grad_fn=<DivBackward0>)
	 epoch  0 test error:  tensor(3.7545, device='cuda:0', grad_fn=<DivBackward0>)
Memory status after this epoch: 
Memory allocated:  256.40087890625
Memory cached:  316.0
	 epoch  10 training error:  tensor(0.3419, device='cuda:0', grad_fn=<DivBackward0>)
	 epoch  10 test error:  tensor(1.5235, device='cuda:0', grad_fn=<DivBackward0>)
Memory status after this epoch: 
Memory allocated:  255.93212890625
Memory cached:  506.0
	 epoch  20 training error:  tensor(0.2375, device='cuda:0', grad_fn=<DivBackward0>)
	 epoch  20 test error:  tensor(0.8221, device='cuda:0', grad_fn=<DivBackward0>)
Memory status after this epoch: 
Memory allocated:  256.40087890625
Memory cached:  506.0
	 epoch  30 training error:  tensor(0.2465, device='cuda:0', grad_fn=<DivBackward0>)
	 epoch  30 test error:  tensor(1.0993, device='cuda:0', grad_fn=<DivBackward0>)
Memory status after this epoch: 
Memory allocated:  255.93212890625
Memory cached:  506.0
	 epoch  40 training error:  tensor(0.2263, device='cuda:0', grad_fn=<DivBackward0>)
	 epoch  40 test error:  tensor(1.0058, device='cuda:0', grad_fn=<DivBackward0>)
Memory status after this epoch: 
Memory allocated:  256.40087890625
Memory cached:  506.0
	 epoch  50 training error:  tensor(0.2222, device='cuda:0', grad_fn=<DivBackward0>)
	 epoch  50 test error:  tensor(0.8944, device='cuda:0', grad_fn=<DivBackward0>)
Memory status after this epoch: 
Memory allocated:  255.93212890625
Memory cached:  506.0
	 epoch  60 training error:  tensor(0.2213, device='cuda:0', grad_fn=<DivBackward0>)
	 epoch  60 test error:  tensor(0.8715, device='cuda:0', grad_fn=<DivBackward0>)
Memory status after this epoch: 
Memory allocated:  256.40087890625
Memory cached:  506.0
	 epoch  70 training error:  tensor(0.2207, device='cuda:0', grad_fn=<DivBackward0>)
	 epoch  70 test error:  tensor(0.8848, device='cuda:0', grad_fn=<DivBackward0>)
Memory status after this epoch: 
Memory allocated:  255.93212890625
Memory cached:  506.0
	 epoch  80 training error:  tensor(0.2206, device='cuda:0', grad_fn=<DivBackward0>)
	 epoch  80 test error:  tensor(0.8974, device='cuda:0', grad_fn=<DivBackward0>)
Memory status after this epoch: 
Memory allocated:  256.40087890625
Memory cached:  508.0
	 epoch  90 training error:  tensor(0.2206, device='cuda:0', grad_fn=<DivBackward0>)
	 epoch  90 test error:  tensor(0.8984, device='cuda:0', grad_fn=<DivBackward0>)
Memory status after this epoch: 
Memory allocated:  255.93212890625
Memory cached:  506.0
[I 2023-11-16 18:08:16,740] Trial 14 finished with value: 0.8934221267700195 and parameters: {'W_layers': 6, 'W_layer_units_exponent_0': 5, 'W_layer_units_exponent_1': 6, 'W_layer_units_exponent_2': 10, 'W_layer_units_exponent_3': 7, 'W_layer_units_exponent_4': 6, 'W_layer_units_exponent_5': 9, 'D_layers': 4, 'D_layer_units_exponent_0': 8, 'D_layer_units_exponent_1': 5, 'D_layer_units_exponent_2': 10, 'D_layer_units_exponent_3': 4, 'log_learning_rate': -4.295449275075234, 'log_learning_rate_D': -3.731731000022615, 'training_batch_size': 8, 'training_p': 3}. Best is trial 9 with value: 0.8129703402519226.
Time for this trial:  155.2493805885315
Memory status after this trial: 
Memory allocated:  499.6083984375
Memory cached:  506.0
--------------------  Trial  15   --------------------
Start timing: 
Parameters: 
{'W_layers': 7, 'W_layer_units_exponent_0': 7, 'W_layer_units_exponent_1': 5, 'W_layer_units_exponent_2': 8, 'W_layer_units_exponent_3': 6, 'W_layer_units_exponent_4': 4, 'W_layer_units_exponent_5': 5, 'W_layer_units_exponent_6': 10, 'D_layers': 4, 'D_layer_units_exponent_0': 10, 'D_layer_units_exponent_1': 6, 'D_layer_units_exponent_2': 8, 'D_layer_units_exponent_3': 10, 'log_learning_rate': -3.2311333313870896, 'log_learning_rate_D': -3.169753970583395, 'training_batch_size': 12, 'training_p': 2}
	 epoch  0 training error:  tensor(0.8679, device='cuda:0', grad_fn=<DivBackward0>)
	 epoch  0 test error:  tensor(1.0744, device='cuda:0', grad_fn=<DivBackward0>)
Memory status after this epoch: 
Memory allocated:  298.12060546875
Memory cached:  358.0
	 epoch  10 training error:  tensor(0.2376, device='cuda:0', grad_fn=<DivBackward0>)
	 epoch  10 test error:  tensor(0.8449, device='cuda:0', grad_fn=<DivBackward0>)
Memory status after this epoch: 
Memory allocated:  298.58935546875
Memory cached:  588.0
	 epoch  20 training error:  tensor(0.2099, device='cuda:0', grad_fn=<DivBackward0>)
	 epoch  20 test error:  tensor(0.7894, device='cuda:0', grad_fn=<DivBackward0>)
Memory status after this epoch: 
Memory allocated:  298.12060546875
Memory cached:  588.0
	 epoch  30 training error:  tensor(0.2067, device='cuda:0', grad_fn=<DivBackward0>)
	 epoch  30 test error:  tensor(0.7793, device='cuda:0', grad_fn=<DivBackward0>)
Memory status after this epoch: 
Memory allocated:  298.58935546875
Memory cached:  588.0
	 epoch  40 training error:  tensor(0.2015, device='cuda:0', grad_fn=<DivBackward0>)
	 epoch  40 test error:  tensor(0.8714, device='cuda:0', grad_fn=<DivBackward0>)
Memory status after this epoch: 
Memory allocated:  298.12060546875
Memory cached:  588.0
	 epoch  50 training error:  tensor(0.2021, device='cuda:0', grad_fn=<DivBackward0>)
	 epoch  50 test error:  tensor(0.8221, device='cuda:0', grad_fn=<DivBackward0>)
Memory status after this epoch: 
Memory allocated:  298.58935546875
Memory cached:  588.0
	 epoch  60 training error:  tensor(0.2015, device='cuda:0', grad_fn=<DivBackward0>)
	 epoch  60 test error:  tensor(0.7875, device='cuda:0', grad_fn=<DivBackward0>)
Memory status after this epoch: 
Memory allocated:  298.12060546875
Memory cached:  588.0
	 epoch  70 training error:  tensor(0.2013, device='cuda:0', grad_fn=<DivBackward0>)
	 epoch  70 test error:  tensor(0.8191, device='cuda:0', grad_fn=<DivBackward0>)
Memory status after this epoch: 
Memory allocated:  298.58935546875
Memory cached:  588.0
	 epoch  80 training error:  tensor(0.2013, device='cuda:0', grad_fn=<DivBackward0>)
	 epoch  80 test error:  tensor(0.8045, device='cuda:0', grad_fn=<DivBackward0>)
Memory status after this epoch: 
Memory allocated:  298.12060546875
Memory cached:  588.0
	 epoch  90 training error:  tensor(0.2013, device='cuda:0', grad_fn=<DivBackward0>)
	 epoch  90 test error:  tensor(0.8096, device='cuda:0', grad_fn=<DivBackward0>)
Memory status after this epoch: 
Memory allocated:  298.58935546875
Memory cached:  588.0
