[I 2023-11-16 12:07:57,782] Trial 33 finished with value: 0.007598269265145063 and parameters: {'W_layers': 7, 'W_layer_units_exponent_0': 10, 'W_layer_units_exponent_1': 4, 'W_layer_units_exponent_2': 6, 'W_layer_units_exponent_3': 4, 'W_layer_units_exponent_4': 7, 'W_layer_units_exponent_5': 8, 'W_layer_units_exponent_6': 4, 'D_layers': 5, 'D_layer_units_exponent_0': 5, 'D_layer_units_exponent_1': 4, 'D_layer_units_exponent_2': 9, 'D_layer_units_exponent_3': 5, 'D_layer_units_exponent_4': 8, 'D_dagger_layers': 5, 'D_dagger_layer_units_exponent_0': 7, 'D_dagger_layer_units_exponent_1': 7, 'D_dagger_layer_units_exponent_2': 7, 'D_dagger_layer_units_exponent_3': 5, 'D_dagger_layer_units_exponent_4': 9, 'log_learning_rate': -4.32780436041338, 'log_learning_rate_D': -3.958848398720332, 'log_learning_rate_D_dagger': -1.0042776680459475, 'training_batch_size': 6, 'training_p': 7}. Best is trial 23 with value: 0.007120855152606964.
Time for this trial:  22.445092916488647
Memory status after this trial: 
Memory allocated:  133.7216796875
Memory cached:  138.0
--------------------  Trial  34   --------------------
Start timing: 
Parameters: 
{'W_layers': 6, 'W_layer_units_exponent_0': 10, 'W_layer_units_exponent_1': 4, 'W_layer_units_exponent_2': 5, 'W_layer_units_exponent_3': 5, 'W_layer_units_exponent_4': 5, 'W_layer_units_exponent_5': 8, 'D_layers': 5, 'D_layer_units_exponent_0': 6, 'D_layer_units_exponent_1': 5, 'D_layer_units_exponent_2': 10, 'D_layer_units_exponent_3': 4, 'D_layer_units_exponent_4': 5, 'D_dagger_layers': 4, 'D_dagger_layer_units_exponent_0': 6, 'D_dagger_layer_units_exponent_1': 9, 'D_dagger_layer_units_exponent_2': 6, 'D_dagger_layer_units_exponent_3': 4, 'log_learning_rate': -4.707651217807427, 'log_learning_rate_D': -4.695635041378525, 'log_learning_rate_D_dagger': -1.3673081475137967, 'training_batch_size': 7, 'training_p': 8}
	 epoch  0 training error:  tensor(0.9970, device='cuda:0', grad_fn=<DivBackward0>)
Memory status after this epoch: 
Memory allocated:  1.8564453125
Memory cached:  16.0
	 epoch  10 training error:  tensor(0.9786, device='cuda:0', grad_fn=<DivBackward0>)
Memory status after this epoch: 
Memory allocated:  1.8564453125
Memory cached:  18.0
	 epoch  20 training error:  tensor(0.9566, device='cuda:0', grad_fn=<DivBackward0>)
Memory status after this epoch: 
Memory allocated:  1.8564453125
Memory cached:  18.0
	 epoch  30 training error:  tensor(0.9282, device='cuda:0', grad_fn=<DivBackward0>)
Memory status after this epoch: 
Memory allocated:  1.8564453125
Memory cached:  18.0
	 epoch  40 training error:  tensor(0.8896, device='cuda:0', grad_fn=<DivBackward0>)
Memory status after this epoch: 
Memory allocated:  1.8564453125
Memory cached:  18.0
	 epoch  50 training error:  tensor(0.8383, device='cuda:0', grad_fn=<DivBackward0>)
Memory status after this epoch: 
Memory allocated:  1.8564453125
Memory cached:  18.0
	 epoch  60 training error:  tensor(0.7688, device='cuda:0', grad_fn=<DivBackward0>)
Memory status after this epoch: 
Memory allocated:  1.8564453125
Memory cached:  18.0
	 epoch  70 training error:  tensor(0.6818, device='cuda:0', grad_fn=<DivBackward0>)
Memory status after this epoch: 
Memory allocated:  1.8564453125
Memory cached:  18.0
	 epoch  80 training error:  tensor(0.5730, device='cuda:0', grad_fn=<DivBackward0>)
Memory status after this epoch: 
Memory allocated:  1.8564453125
Memory cached:  18.0
	 epoch  90 training error:  tensor(0.4413, device='cuda:0', grad_fn=<DivBackward0>)
Memory status after this epoch: 
Memory allocated:  1.8564453125
Memory cached:  18.0
[I 2023-11-16 12:08:16,917] Trial 34 finished with value: 0.28365060687065125 and parameters: {'W_layers': 6, 'W_layer_units_exponent_0': 10, 'W_layer_units_exponent_1': 4, 'W_layer_units_exponent_2': 5, 'W_layer_units_exponent_3': 5, 'W_layer_units_exponent_4': 5, 'W_layer_units_exponent_5': 8, 'D_layers': 5, 'D_layer_units_exponent_0': 6, 'D_layer_units_exponent_1': 5, 'D_layer_units_exponent_2': 10, 'D_layer_units_exponent_3': 4, 'D_layer_units_exponent_4': 5, 'D_dagger_layers': 4, 'D_dagger_layer_units_exponent_0': 6, 'D_dagger_layer_units_exponent_1': 9, 'D_dagger_layer_units_exponent_2': 6, 'D_dagger_layer_units_exponent_3': 4, 'log_learning_rate': -4.707651217807427, 'log_learning_rate_D': -4.695635041378525, 'log_learning_rate_D_dagger': -1.3673081475137967, 'training_batch_size': 7, 'training_p': 8}. Best is trial 23 with value: 0.007120855152606964.
Time for this trial:  18.913679599761963
Memory status after this trial: 
Memory allocated:  112.2265625
Memory cached:  118.0
--------------------  Trial  35   --------------------
Start timing: 
Parameters: 
{'W_layers': 5, 'W_layer_units_exponent_0': 9, 'W_layer_units_exponent_1': 5, 'W_layer_units_exponent_2': 6, 'W_layer_units_exponent_3': 6, 'W_layer_units_exponent_4': 6, 'D_layers': 6, 'D_layer_units_exponent_0': 7, 'D_layer_units_exponent_1': 4, 'D_layer_units_exponent_2': 9, 'D_layer_units_exponent_3': 5, 'D_layer_units_exponent_4': 6, 'D_layer_units_exponent_5': 4, 'D_dagger_layers': 6, 'D_dagger_layer_units_exponent_0': 5, 'D_dagger_layer_units_exponent_1': 7, 'D_dagger_layer_units_exponent_2': 7, 'D_dagger_layer_units_exponent_3': 6, 'D_dagger_layer_units_exponent_4': 9, 'D_dagger_layer_units_exponent_5': 10, 'log_learning_rate': -3.907417461568447, 'log_learning_rate_D': -4.3785205217057825, 'log_learning_rate_D_dagger': -1.5070336182051232, 'training_batch_size': 6, 'training_p': 7}
	 epoch  0 training error:  tensor(12.0864, device='cuda:0', grad_fn=<DivBackward0>)
Memory status after this epoch: 
Memory allocated:  9.67041015625
Memory cached:  54.0
	 epoch  10 training error:  tensor(0.8527, device='cuda:0', grad_fn=<DivBackward0>)
Memory status after this epoch: 
Memory allocated:  9.67041015625
Memory cached:  52.0
	 epoch  20 training error:  tensor(0.0390, device='cuda:0', grad_fn=<DivBackward0>)
Memory status after this epoch: 
Memory allocated:  9.67041015625
Memory cached:  52.0
	 epoch  30 training error:  tensor(0.0238, device='cuda:0', grad_fn=<DivBackward0>)
Memory status after this epoch: 
Memory allocated:  9.67041015625
Memory cached:  50.0
	 epoch  40 training error:  tensor(0.0221, device='cuda:0', grad_fn=<DivBackward0>)
Memory status after this epoch: 
Memory allocated:  9.67041015625
Memory cached:  50.0
	 epoch  50 training error:  tensor(0.0211, device='cuda:0', grad_fn=<DivBackward0>)
Memory status after this epoch: 
Memory allocated:  9.67041015625
Memory cached:  50.0
	 epoch  60 training error:  tensor(0.0226, device='cuda:0', grad_fn=<DivBackward0>)
Memory status after this epoch: 
Memory allocated:  9.67041015625
Memory cached:  50.0
	 epoch  70 training error:  tensor(0.0236, device='cuda:0', grad_fn=<DivBackward0>)
Memory status after this epoch: 
Memory allocated:  9.67041015625
Memory cached:  50.0
	 epoch  80 training error:  tensor(0.0233, device='cuda:0', grad_fn=<DivBackward0>)
Memory status after this epoch: 
Memory allocated:  9.67041015625
Memory cached:  50.0
	 epoch  90 training error:  tensor(0.0235, device='cuda:0', grad_fn=<DivBackward0>)
Memory status after this epoch: 
Memory allocated:  9.67041015625
Memory cached:  50.0
[I 2023-11-16 12:08:39,546] Trial 35 finished with value: 0.01619143597781658 and parameters: {'W_layers': 5, 'W_layer_units_exponent_0': 9, 'W_layer_units_exponent_1': 5, 'W_layer_units_exponent_2': 6, 'W_layer_units_exponent_3': 6, 'W_layer_units_exponent_4': 6, 'D_layers': 6, 'D_layer_units_exponent_0': 7, 'D_layer_units_exponent_1': 4, 'D_layer_units_exponent_2': 9, 'D_layer_units_exponent_3': 5, 'D_layer_units_exponent_4': 6, 'D_layer_units_exponent_5': 4, 'D_dagger_layers': 6, 'D_dagger_layer_units_exponent_0': 5, 'D_dagger_layer_units_exponent_1': 7, 'D_dagger_layer_units_exponent_2': 7, 'D_dagger_layer_units_exponent_3': 6, 'D_dagger_layer_units_exponent_4': 9, 'D_dagger_layer_units_exponent_5': 10, 'log_learning_rate': -3.907417461568447, 'log_learning_rate_D': -4.3785205217057825, 'log_learning_rate_D_dagger': -1.5070336182051232, 'training_batch_size': 6, 'training_p': 7}. Best is trial 23 with value: 0.007120855152606964.
Time for this trial:  22.39015221595764
Memory status after this trial: 
Memory allocated:  147.7314453125
Memory cached:  158.0
--------------------  Trial  36   --------------------
Start timing: 
Parameters: 
{'W_layers': 5, 'W_layer_units_exponent_0': 9, 'W_layer_units_exponent_1': 4, 'W_layer_units_exponent_2': 4, 'W_layer_units_exponent_3': 5, 'W_layer_units_exponent_4': 10, 'D_layers': 4, 'D_layer_units_exponent_0': 4, 'D_layer_units_exponent_1': 6, 'D_layer_units_exponent_2': 8, 'D_layer_units_exponent_3': 6, 'D_dagger_layers': 4, 'D_dagger_layer_units_exponent_0': 7, 'D_dagger_layer_units_exponent_1': 10, 'D_dagger_layer_units_exponent_2': 5, 'D_dagger_layer_units_exponent_3': 5, 'log_learning_rate': -4.547070065634466, 'log_learning_rate_D': -4.210115523343196, 'log_learning_rate_D_dagger': -1.2604459206680776, 'training_batch_size': 7, 'training_p': 8}
	 epoch  0 training error:  tensor(1.0314, device='cuda:0', grad_fn=<DivBackward0>)
Memory status after this epoch: 
Memory allocated:  3.52099609375
Memory cached:  10.0
	 epoch  10 training error:  tensor(1.0418, device='cuda:0', grad_fn=<DivBackward0>)
Memory status after this epoch: 
Memory allocated:  3.52099609375
Memory cached:  12.0
	 epoch  20 training error:  tensor(0.9941, device='cuda:0', grad_fn=<DivBackward0>)
Memory status after this epoch: 
Memory allocated:  3.52099609375
Memory cached:  12.0
	 epoch  30 training error:  tensor(0.9510, device='cuda:0', grad_fn=<DivBackward0>)
Memory status after this epoch: 
Memory allocated:  3.52099609375
Memory cached:  12.0
	 epoch  40 training error:  tensor(0.8973, device='cuda:0', grad_fn=<DivBackward0>)
Memory status after this epoch: 
Memory allocated:  3.52099609375
Memory cached:  12.0
	 epoch  50 training error:  tensor(0.8193, device='cuda:0', grad_fn=<DivBackward0>)
Memory status after this epoch: 
Memory allocated:  3.52099609375
Memory cached:  12.0
	 epoch  60 training error:  tensor(0.7054, device='cuda:0', grad_fn=<DivBackward0>)
Memory status after this epoch: 
Memory allocated:  3.52099609375
Memory cached:  12.0
	 epoch  70 training error:  tensor(0.5433, device='cuda:0', grad_fn=<DivBackward0>)
Memory status after this epoch: 
Memory allocated:  3.52099609375
Memory cached:  12.0
	 epoch  80 training error:  tensor(0.3190, device='cuda:0', grad_fn=<DivBackward0>)
Memory status after this epoch: 
Memory allocated:  3.52099609375
Memory cached:  12.0
	 epoch  90 training error:  tensor(0.0312, device='cuda:0', grad_fn=<DivBackward0>)
Memory status after this epoch: 
Memory allocated:  3.52099609375
Memory cached:  12.0
[I 2023-11-16 12:08:59,068] Trial 36 finished with value: 0.05128872022032738 and parameters: {'W_layers': 5, 'W_layer_units_exponent_0': 9, 'W_layer_units_exponent_1': 4, 'W_layer_units_exponent_2': 4, 'W_layer_units_exponent_3': 5, 'W_layer_units_exponent_4': 10, 'D_layers': 4, 'D_layer_units_exponent_0': 4, 'D_layer_units_exponent_1': 6, 'D_layer_units_exponent_2': 8, 'D_layer_units_exponent_3': 6, 'D_dagger_layers': 4, 'D_dagger_layer_units_exponent_0': 7, 'D_dagger_layer_units_exponent_1': 10, 'D_dagger_layer_units_exponent_2': 5, 'D_dagger_layer_units_exponent_3': 5, 'log_learning_rate': -4.547070065634466, 'log_learning_rate_D': -4.210115523343196, 'log_learning_rate_D_dagger': -1.2604459206680776, 'training_batch_size': 7, 'training_p': 8}. Best is trial 23 with value: 0.007120855152606964.
Time for this trial:  19.309642553329468
Memory status after this trial: 
Memory allocated:  154.9541015625
Memory cached:  174.0
--------------------  Trial  37   --------------------
Start timing: 
Parameters: 
{'W_layers': 7, 'W_layer_units_exponent_0': 7, 'W_layer_units_exponent_1': 5, 'W_layer_units_exponent_2': 7, 'W_layer_units_exponent_3': 8, 'W_layer_units_exponent_4': 8, 'W_layer_units_exponent_5': 7, 'W_layer_units_exponent_6': 6, 'D_layers': 6, 'D_layer_units_exponent_0': 8, 'D_layer_units_exponent_1': 5, 'D_layer_units_exponent_2': 10, 'D_layer_units_exponent_3': 4, 'D_layer_units_exponent_4': 8, 'D_layer_units_exponent_5': 6, 'D_dagger_layers': 3, 'D_dagger_layer_units_exponent_0': 6, 'D_dagger_layer_units_exponent_1': 8, 'D_dagger_layer_units_exponent_2': 8, 'log_learning_rate': -4.328888826858628, 'log_learning_rate_D': -3.8894378959475264, 'log_learning_rate_D_dagger': -1.8917667350689253, 'training_batch_size': 8, 'training_p': 8}
	 epoch  0 training error:  tensor(0.9017, device='cuda:0', grad_fn=<DivBackward0>)
Memory status after this epoch: 
Memory allocated:  4.00048828125
Memory cached:  8.0
	 epoch  10 training error:  tensor(0.9838, device='cuda:0', grad_fn=<DivBackward0>)
Memory status after this epoch: 
Memory allocated:  4.00048828125
Memory cached:  10.0
	 epoch  20 training error:  tensor(0.9057, device='cuda:0', grad_fn=<DivBackward0>)
Memory status after this epoch: 
Memory allocated:  4.00048828125
Memory cached:  10.0
	 epoch  30 training error:  tensor(0.7807, device='cuda:0', grad_fn=<DivBackward0>)
Memory status after this epoch: 
Memory allocated:  4.00048828125
Memory cached:  10.0
	 epoch  40 training error:  tensor(0.5651, device='cuda:0', grad_fn=<DivBackward0>)
Memory status after this epoch: 
Memory allocated:  4.00048828125
Memory cached:  10.0
	 epoch  50 training error:  tensor(0.1753, device='cuda:0', grad_fn=<DivBackward0>)
Memory status after this epoch: 
Memory allocated:  4.00048828125
Memory cached:  10.0
	 epoch  60 training error:  tensor(0.1243, device='cuda:0', grad_fn=<DivBackward0>)
Memory status after this epoch: 
Memory allocated:  4.00048828125
Memory cached:  10.0
	 epoch  70 training error:  tensor(0.0742, device='cuda:0', grad_fn=<DivBackward0>)
Memory status after this epoch: 
Memory allocated:  4.00048828125
Memory cached:  10.0
	 epoch  80 training error:  tensor(0.0396, device='cuda:0', grad_fn=<DivBackward0>)
Memory status after this epoch: 
Memory allocated:  4.00048828125
Memory cached:  10.0
	 epoch  90 training error:  tensor(0.0250, device='cuda:0', grad_fn=<DivBackward0>)
Memory status after this epoch: 
Memory allocated:  4.00048828125
Memory cached:  10.0
[I 2023-11-16 12:09:17,164] Trial 37 finished with value: 0.011632434092462063 and parameters: {'W_layers': 7, 'W_layer_units_exponent_0': 7, 'W_layer_units_exponent_1': 5, 'W_layer_units_exponent_2': 7, 'W_layer_units_exponent_3': 8, 'W_layer_units_exponent_4': 8, 'W_layer_units_exponent_5': 7, 'W_layer_units_exponent_6': 6, 'D_layers': 6, 'D_layer_units_exponent_0': 8, 'D_layer_units_exponent_1': 5, 'D_layer_units_exponent_2': 10, 'D_layer_units_exponent_3': 4, 'D_layer_units_exponent_4': 8, 'D_layer_units_exponent_5': 6, 'D_dagger_layers': 3, 'D_dagger_layer_units_exponent_0': 6, 'D_dagger_layer_units_exponent_1': 8, 'D_dagger_layer_units_exponent_2': 8, 'log_learning_rate': -4.328888826858628, 'log_learning_rate_D': -3.8894378959475264, 'log_learning_rate_D_dagger': -1.8917667350689253, 'training_batch_size': 8, 'training_p': 8}. Best is trial 23 with value: 0.007120855152606964.
Time for this trial:  17.86711311340332
Memory status after this trial: 
Memory allocated:  86.67578125
Memory cached:  96.0
--------------------  Trial  38   --------------------
Start timing: 
Parameters: 
{'W_layers': 8, 'W_layer_units_exponent_0': 10, 'W_layer_units_exponent_1': 6, 'W_layer_units_exponent_2': 5, 'W_layer_units_exponent_3': 6, 'W_layer_units_exponent_4': 7, 'W_layer_units_exponent_5': 9, 'W_layer_units_exponent_6': 5, 'W_layer_units_exponent_7': 7, 'D_layers': 5, 'D_layer_units_exponent_0': 6, 'D_layer_units_exponent_1': 7, 'D_layer_units_exponent_2': 9, 'D_layer_units_exponent_3': 5, 'D_layer_units_exponent_4': 7, 'D_dagger_layers': 5, 'D_dagger_layer_units_exponent_0': 7, 'D_dagger_layer_units_exponent_1': 9, 'D_dagger_layer_units_exponent_2': 6, 'D_dagger_layer_units_exponent_3': 9, 'D_dagger_layer_units_exponent_4': 9, 'log_learning_rate': -4.096122383813578, 'log_learning_rate_D': -3.65602512915403, 'log_learning_rate_D_dagger': -1.7169340869037615, 'training_batch_size': 7, 'training_p': 7}
	 epoch  0 training error:  tensor(0.9530, device='cuda:0', grad_fn=<DivBackward0>)
Memory status after this epoch: 
Memory allocated:  9.1123046875
Memory cached:  14.0
	 epoch  10 training error:  tensor(0.8645, device='cuda:0', grad_fn=<DivBackward0>)
Memory status after this epoch: 
Memory allocated:  9.1123046875
Memory cached:  16.0
	 epoch  20 training error:  tensor(0.3406, device='cuda:0', grad_fn=<DivBackward0>)
Memory status after this epoch: 
Memory allocated:  9.1123046875
Memory cached:  16.0
	 epoch  30 training error:  tensor(0.0785, device='cuda:0', grad_fn=<DivBackward0>)
Memory status after this epoch: 
Memory allocated:  9.1123046875
Memory cached:  16.0
	 epoch  40 training error:  tensor(0.0521, device='cuda:0', grad_fn=<DivBackward0>)
Memory status after this epoch: 
Memory allocated:  9.1123046875
Memory cached:  16.0
	 epoch  50 training error:  tensor(0.0448, device='cuda:0', grad_fn=<DivBackward0>)
Memory status after this epoch: 
Memory allocated:  9.1123046875
Memory cached:  16.0
	 epoch  60 training error:  tensor(0.0330, device='cuda:0', grad_fn=<DivBackward0>)
Memory status after this epoch: 
Memory allocated:  9.1123046875
Memory cached:  16.0
	 epoch  70 training error:  tensor(0.0215, device='cuda:0', grad_fn=<DivBackward0>)
Memory status after this epoch: 
Memory allocated:  9.1123046875
Memory cached:  16.0
	 epoch  80 training error:  tensor(0.0198, device='cuda:0', grad_fn=<DivBackward0>)
Memory status after this epoch: 
Memory allocated:  9.1123046875
Memory cached:  16.0
	 epoch  90 training error:  tensor(0.0199, device='cuda:0', grad_fn=<DivBackward0>)
Memory status after this epoch: 
Memory allocated:  9.1123046875
Memory cached:  16.0
[I 2023-11-16 12:09:38,803] Trial 38 finished with value: 0.011418906971812248 and parameters: {'W_layers': 8, 'W_layer_units_exponent_0': 10, 'W_layer_units_exponent_1': 6, 'W_layer_units_exponent_2': 5, 'W_layer_units_exponent_3': 6, 'W_layer_units_exponent_4': 7, 'W_layer_units_exponent_5': 9, 'W_layer_units_exponent_6': 5, 'W_layer_units_exponent_7': 7, 'D_layers': 5, 'D_layer_units_exponent_0': 6, 'D_layer_units_exponent_1': 7, 'D_layer_units_exponent_2': 9, 'D_layer_units_exponent_3': 5, 'D_layer_units_exponent_4': 7, 'D_dagger_layers': 5, 'D_dagger_layer_units_exponent_0': 7, 'D_dagger_layer_units_exponent_1': 9, 'D_dagger_layer_units_exponent_2': 6, 'D_dagger_layer_units_exponent_3': 9, 'D_dagger_layer_units_exponent_4': 9, 'log_learning_rate': -4.096122383813578, 'log_learning_rate_D': -3.65602512915403, 'log_learning_rate_D_dagger': -1.7169340869037615, 'training_batch_size': 7, 'training_p': 7}. Best is trial 23 with value: 0.007120855152606964.
Time for this trial:  21.397986888885498
Memory status after this trial: 
Memory allocated:  206.4228515625
Memory cached:  222.0
--------------------  Trial  39   --------------------
Start timing: 
Parameters: 
{'W_layers': 6, 'W_layer_units_exponent_0': 6, 'W_layer_units_exponent_1': 4, 'W_layer_units_exponent_2': 4, 'W_layer_units_exponent_3': 4, 'W_layer_units_exponent_4': 5, 'W_layer_units_exponent_5': 7, 'D_layers': 3, 'D_layer_units_exponent_0': 5, 'D_layer_units_exponent_1': 4, 'D_layer_units_exponent_2': 5, 'D_dagger_layers': 2, 'D_dagger_layer_units_exponent_0': 4, 'D_dagger_layer_units_exponent_1': 9, 'log_learning_rate': -4.2576180020197825, 'log_learning_rate_D': -4.094369466897899, 'log_learning_rate_D_dagger': -1.2053761045282543, 'training_batch_size': 6, 'training_p': 7}
	 epoch  0 training error:  tensor(4.1636, device='cuda:0', grad_fn=<DivBackward0>)
Memory status after this epoch: 
Memory allocated:  0.39404296875
Memory cached:  10.0
	 epoch  10 training error:  tensor(0.9776, device='cuda:0', grad_fn=<DivBackward0>)
Memory status after this epoch: 
Memory allocated:  0.39404296875
Memory cached:  12.0
	 epoch  20 training error:  tensor(0.9537, device='cuda:0', grad_fn=<DivBackward0>)
Memory status after this epoch: 
Memory allocated:  0.39404296875
Memory cached:  12.0
	 epoch  30 training error:  tensor(0.9186, device='cuda:0', grad_fn=<DivBackward0>)
Memory status after this epoch: 
Memory allocated:  0.39404296875
Memory cached:  14.0
	 epoch  40 training error:  tensor(0.8684, device='cuda:0', grad_fn=<DivBackward0>)
Memory status after this epoch: 
Memory allocated:  0.39404296875
Memory cached:  10.0
	 epoch  50 training error:  tensor(0.7985, device='cuda:0', grad_fn=<DivBackward0>)
Memory status after this epoch: 
Memory allocated:  0.39404296875
Memory cached:  12.0
	 epoch  60 training error:  tensor(0.6996, device='cuda:0', grad_fn=<DivBackward0>)
Memory status after this epoch: 
Memory allocated:  0.39404296875
Memory cached:  14.0
	 epoch  70 training error:  tensor(0.5608, device='cuda:0', grad_fn=<DivBackward0>)
Memory status after this epoch: 
Memory allocated:  0.39404296875
Memory cached:  14.0
	 epoch  80 training error:  tensor(0.3670, device='cuda:0', grad_fn=<DivBackward0>)
Memory status after this epoch: 
Memory allocated:  0.39404296875
Memory cached:  14.0
	 epoch  90 training error:  tensor(0.1013, device='cuda:0', grad_fn=<DivBackward0>)
Memory status after this epoch: 
Memory allocated:  0.39404296875
Memory cached:  14.0
