[I 2023-11-16 01:53:51,697] Trial 17 finished with value: 0.03191964700818062 and parameters: {'W_layers': 4, 'W_layer_units_exponent_0': 6, 'W_layer_units_exponent_1': 7, 'W_layer_units_exponent_2': 6, 'W_layer_units_exponent_3': 8, 'D_layers': 4, 'D_layer_units_exponent_0': 8, 'D_layer_units_exponent_1': 10, 'D_layer_units_exponent_2': 9, 'D_layer_units_exponent_3': 4, 'log_learning_rate': -4.306926489998953, 'log_learning_rate_D': -4.383446383604528, 'training_batch_size': 7, 'training_p': 4}. Best is trial 11 with value: 0.03164440765976906.
Time for this trial:  137.58585381507874
Memory status after this trial: 
Memory allocated:  861.55908203125
Memory cached:  874.0
--------------------  Trial  18   --------------------
Start timing: 
Parameters: 
{'W_layers': 6, 'W_layer_units_exponent_0': 9, 'W_layer_units_exponent_1': 5, 'W_layer_units_exponent_2': 9, 'W_layer_units_exponent_3': 5, 'W_layer_units_exponent_4': 10, 'W_layer_units_exponent_5': 7, 'D_layers': 3, 'D_layer_units_exponent_0': 6, 'D_layer_units_exponent_1': 8, 'D_layer_units_exponent_2': 10, 'log_learning_rate': -1.0020278169226908, 'log_learning_rate_D': -3.629300907362811, 'training_batch_size': 6, 'training_p': 7}
	 epoch  0 training error:  tensor(2975.6470, device='cuda:0', grad_fn=<DivBackward0>)
	 epoch  0 test error:  tensor(0.0730, device='cuda:0', grad_fn=<DivBackward0>)
Memory status after this epoch: 
Memory allocated:  518.6689453125
Memory cached:  796.0
	 epoch  10 training error:  tensor(1., device='cuda:0', grad_fn=<DivBackward0>)
	 epoch  10 test error:  tensor(0.0730, device='cuda:0', grad_fn=<DivBackward0>)
Memory status after this epoch: 
Memory allocated:  517.0751953125
Memory cached:  1012.0
	 epoch  20 training error:  tensor(1., device='cuda:0', grad_fn=<DivBackward0>)
	 epoch  20 test error:  tensor(0.0730, device='cuda:0', grad_fn=<DivBackward0>)
Memory status after this epoch: 
Memory allocated:  519.0439453125
Memory cached:  1012.0
	 epoch  30 training error:  tensor(1., device='cuda:0', grad_fn=<DivBackward0>)
	 epoch  30 test error:  tensor(0.0730, device='cuda:0', grad_fn=<DivBackward0>)
Memory status after this epoch: 
Memory allocated:  516.6064453125
Memory cached:  1008.0
	 epoch  40 training error:  tensor(1., device='cuda:0', grad_fn=<DivBackward0>)
	 epoch  40 test error:  tensor(0.0730, device='cuda:0', grad_fn=<DivBackward0>)
Memory status after this epoch: 
Memory allocated:  519.0439453125
Memory cached:  1008.0
	 epoch  50 training error:  tensor(1., device='cuda:0', grad_fn=<DivBackward0>)
	 epoch  50 test error:  tensor(0.0730, device='cuda:0', grad_fn=<DivBackward0>)
Memory status after this epoch: 
Memory allocated:  516.6064453125
Memory cached:  1008.0
	 epoch  60 training error:  tensor(1., device='cuda:0', grad_fn=<DivBackward0>)
	 epoch  60 test error:  tensor(0.0730, device='cuda:0', grad_fn=<DivBackward0>)
Memory status after this epoch: 
Memory allocated:  519.0439453125
Memory cached:  1008.0
	 epoch  70 training error:  tensor(1., device='cuda:0', grad_fn=<DivBackward0>)
	 epoch  70 test error:  tensor(0.0730, device='cuda:0', grad_fn=<DivBackward0>)
Memory status after this epoch: 
Memory allocated:  516.6064453125
Memory cached:  1008.0
	 epoch  80 training error:  tensor(1., device='cuda:0', grad_fn=<DivBackward0>)
	 epoch  80 test error:  tensor(0.0730, device='cuda:0', grad_fn=<DivBackward0>)
Memory status after this epoch: 
Memory allocated:  519.0439453125
Memory cached:  1008.0
	 epoch  90 training error:  tensor(1., device='cuda:0', grad_fn=<DivBackward0>)
	 epoch  90 test error:  tensor(0.0730, device='cuda:0', grad_fn=<DivBackward0>)
Memory status after this epoch: 
Memory allocated:  516.6064453125
Memory cached:  1008.0
[I 2023-11-16 01:58:11,085] Trial 18 finished with value: 0.07304592430591583 and parameters: {'W_layers': 6, 'W_layer_units_exponent_0': 9, 'W_layer_units_exponent_1': 5, 'W_layer_units_exponent_2': 9, 'W_layer_units_exponent_3': 5, 'W_layer_units_exponent_4': 10, 'W_layer_units_exponent_5': 7, 'D_layers': 3, 'D_layer_units_exponent_0': 6, 'D_layer_units_exponent_1': 8, 'D_layer_units_exponent_2': 10, 'log_learning_rate': -1.0020278169226908, 'log_learning_rate_D': -3.629300907362811, 'training_batch_size': 6, 'training_p': 7}. Best is trial 11 with value: 0.03164440765976906.
Time for this trial:  259.09573101997375
Memory status after this trial: 
Memory allocated:  994.74853515625
Memory cached:  1008.0
--------------------  Trial  19   --------------------
Start timing: 
Parameters: 
{'W_layers': 5, 'W_layer_units_exponent_0': 6, 'W_layer_units_exponent_1': 7, 'W_layer_units_exponent_2': 7, 'W_layer_units_exponent_3': 8, 'W_layer_units_exponent_4': 5, 'D_layers': 2, 'D_layer_units_exponent_0': 7, 'D_layer_units_exponent_1': 6, 'log_learning_rate': -4.061002194254703, 'log_learning_rate_D': -4.207504836462888, 'training_batch_size': 9, 'training_p': 8}
	 epoch  0 training error:  tensor(1.1257, device='cuda:0', grad_fn=<DivBackward0>)
	 epoch  0 test error:  tensor(0.0736, device='cuda:0', grad_fn=<DivBackward0>)
Memory status after this epoch: 
Memory allocated:  362.09375
Memory cached:  666.0
	 epoch  10 training error:  tensor(0.6957, device='cuda:0', grad_fn=<DivBackward0>)
	 epoch  10 test error:  tensor(0.0556, device='cuda:0', grad_fn=<DivBackward0>)
Memory status after this epoch: 
Memory allocated:  364.53125
Memory cached:  706.0
	 epoch  20 training error:  tensor(0.5310, device='cuda:0', grad_fn=<DivBackward0>)
	 epoch  20 test error:  tensor(0.0471, device='cuda:0', grad_fn=<DivBackward0>)
Memory status after this epoch: 
Memory allocated:  362.09375
Memory cached:  708.0
	 epoch  30 training error:  tensor(0.4113, device='cuda:0', grad_fn=<DivBackward0>)
	 epoch  30 test error:  tensor(0.0345, device='cuda:0', grad_fn=<DivBackward0>)
Memory status after this epoch: 
Memory allocated:  364.53125
Memory cached:  708.0
	 epoch  40 training error:  tensor(0.4024, device='cuda:0', grad_fn=<DivBackward0>)
	 epoch  40 test error:  tensor(0.0341, device='cuda:0', grad_fn=<DivBackward0>)
Memory status after this epoch: 
Memory allocated:  362.09375
Memory cached:  710.0
	 epoch  50 training error:  tensor(0.3750, device='cuda:0', grad_fn=<DivBackward0>)
	 epoch  50 test error:  tensor(0.0328, device='cuda:0', grad_fn=<DivBackward0>)
Memory status after this epoch: 
Memory allocated:  364.53125
Memory cached:  710.0
	 epoch  60 training error:  tensor(0.3656, device='cuda:0', grad_fn=<DivBackward0>)
	 epoch  60 test error:  tensor(0.0324, device='cuda:0', grad_fn=<DivBackward0>)
Memory status after this epoch: 
Memory allocated:  362.09375
Memory cached:  710.0
	 epoch  70 training error:  tensor(0.3561, device='cuda:0', grad_fn=<DivBackward0>)
	 epoch  70 test error:  tensor(0.0316, device='cuda:0', grad_fn=<DivBackward0>)
Memory status after this epoch: 
Memory allocated:  364.53125
Memory cached:  712.0
	 epoch  80 training error:  tensor(0.3496, device='cuda:0', grad_fn=<DivBackward0>)
	 epoch  80 test error:  tensor(0.0317, device='cuda:0', grad_fn=<DivBackward0>)
Memory status after this epoch: 
Memory allocated:  362.09375
Memory cached:  712.0
	 epoch  90 training error:  tensor(0.3453, device='cuda:0', grad_fn=<DivBackward0>)
	 epoch  90 test error:  tensor(0.0316, device='cuda:0', grad_fn=<DivBackward0>)
Memory status after this epoch: 
Memory allocated:  364.53125
Memory cached:  712.0
[I 2023-11-16 02:00:11,002] Trial 19 finished with value: 0.03152793273329735 and parameters: {'W_layers': 5, 'W_layer_units_exponent_0': 6, 'W_layer_units_exponent_1': 7, 'W_layer_units_exponent_2': 7, 'W_layer_units_exponent_3': 8, 'W_layer_units_exponent_4': 5, 'D_layers': 2, 'D_layer_units_exponent_0': 7, 'D_layer_units_exponent_1': 6, 'log_learning_rate': -4.061002194254703, 'log_learning_rate_D': -4.207504836462888, 'training_batch_size': 9, 'training_p': 8}. Best is trial 19 with value: 0.03152793273329735.
Time for this trial:  119.6848509311676
Memory status after this trial: 
Memory allocated:  695.39208984375
Memory cached:  714.0
--------------------  Trial  20   --------------------
Start timing: 
Parameters: 
{'W_layers': 4, 'W_layer_units_exponent_0': 6, 'W_layer_units_exponent_1': 7, 'W_layer_units_exponent_2': 7, 'W_layer_units_exponent_3': 8, 'D_layers': 4, 'D_layer_units_exponent_0': 7, 'D_layer_units_exponent_1': 8, 'D_layer_units_exponent_2': 8, 'D_layer_units_exponent_3': 9, 'log_learning_rate': -3.3406218952109876, 'log_learning_rate_D': -4.3470541322818015, 'training_batch_size': 9, 'training_p': 8}
	 epoch  0 training error:  tensor(1.7619, device='cuda:0', grad_fn=<DivBackward0>)
	 epoch  0 test error:  tensor(0.2966, device='cuda:0', grad_fn=<DivBackward0>)
Memory status after this epoch: 
Memory allocated:  416.8486328125
Memory cached:  688.0
	 epoch  10 training error:  tensor(1.1975, device='cuda:0', grad_fn=<DivBackward0>)
	 epoch  10 test error:  tensor(0.0663, device='cuda:0', grad_fn=<DivBackward0>)
Memory status after this epoch: 
Memory allocated:  414.4111328125
Memory cached:  806.0
	 epoch  20 training error:  tensor(0.7290, device='cuda:0', grad_fn=<DivBackward0>)
	 epoch  20 test error:  tensor(0.0802, device='cuda:0', grad_fn=<DivBackward0>)
Memory status after this epoch: 
Memory allocated:  416.8486328125
Memory cached:  808.0
	 epoch  30 training error:  tensor(0.5688, device='cuda:0', grad_fn=<DivBackward0>)
	 epoch  30 test error:  tensor(0.0406, device='cuda:0', grad_fn=<DivBackward0>)
Memory status after this epoch: 
Memory allocated:  414.4111328125
Memory cached:  806.0
	 epoch  40 training error:  tensor(0.4328, device='cuda:0', grad_fn=<DivBackward0>)
	 epoch  40 test error:  tensor(0.0364, device='cuda:0', grad_fn=<DivBackward0>)
Memory status after this epoch: 
Memory allocated:  416.8486328125
Memory cached:  806.0
	 epoch  50 training error:  tensor(0.3921, device='cuda:0', grad_fn=<DivBackward0>)
	 epoch  50 test error:  tensor(0.0338, device='cuda:0', grad_fn=<DivBackward0>)
Memory status after this epoch: 
Memory allocated:  414.4111328125
Memory cached:  806.0
	 epoch  60 training error:  tensor(0.3654, device='cuda:0', grad_fn=<DivBackward0>)
	 epoch  60 test error:  tensor(0.0326, device='cuda:0', grad_fn=<DivBackward0>)
Memory status after this epoch: 
Memory allocated:  416.8486328125
Memory cached:  806.0
	 epoch  70 training error:  tensor(0.3510, device='cuda:0', grad_fn=<DivBackward0>)
	 epoch  70 test error:  tensor(0.0316, device='cuda:0', grad_fn=<DivBackward0>)
Memory status after this epoch: 
Memory allocated:  414.4111328125
Memory cached:  806.0
	 epoch  80 training error:  tensor(0.3453, device='cuda:0', grad_fn=<DivBackward0>)
	 epoch  80 test error:  tensor(0.0319, device='cuda:0', grad_fn=<DivBackward0>)
Memory status after this epoch: 
Memory allocated:  416.8486328125
Memory cached:  806.0
	 epoch  90 training error:  tensor(0.3395, device='cuda:0', grad_fn=<DivBackward0>)
	 epoch  90 test error:  tensor(0.0316, device='cuda:0', grad_fn=<DivBackward0>)
Memory status after this epoch: 
Memory allocated:  414.4111328125
Memory cached:  806.0
[I 2023-11-16 02:02:25,661] Trial 20 finished with value: 0.03146560117602348 and parameters: {'W_layers': 4, 'W_layer_units_exponent_0': 6, 'W_layer_units_exponent_1': 7, 'W_layer_units_exponent_2': 7, 'W_layer_units_exponent_3': 8, 'D_layers': 4, 'D_layer_units_exponent_0': 7, 'D_layer_units_exponent_1': 8, 'D_layer_units_exponent_2': 8, 'D_layer_units_exponent_3': 9, 'log_learning_rate': -3.3406218952109876, 'log_learning_rate_D': -4.3470541322818015, 'training_batch_size': 9, 'training_p': 8}. Best is trial 20 with value: 0.03146560117602348.
Time for this trial:  134.41512775421143
Memory status after this trial: 
Memory allocated:  795.12255859375
Memory cached:  806.0
--------------------  Trial  21   --------------------
Start timing: 
Parameters: 
{'W_layers': 4, 'W_layer_units_exponent_0': 6, 'W_layer_units_exponent_1': 7, 'W_layer_units_exponent_2': 7, 'W_layer_units_exponent_3': 8, 'D_layers': 4, 'D_layer_units_exponent_0': 7, 'D_layer_units_exponent_1': 8, 'D_layer_units_exponent_2': 8, 'D_layer_units_exponent_3': 9, 'log_learning_rate': -3.3663199460200746, 'log_learning_rate_D': -4.344743331790688, 'training_batch_size': 9, 'training_p': 8}
	 epoch  0 training error:  tensor(3.0139, device='cuda:0', grad_fn=<DivBackward0>)
	 epoch  0 test error:  tensor(0.1475, device='cuda:0', grad_fn=<DivBackward0>)
Memory status after this epoch: 
Memory allocated:  414.4111328125
Memory cached:  704.0
	 epoch  10 training error:  tensor(1.1774, device='cuda:0', grad_fn=<DivBackward0>)
	 epoch  10 test error:  tensor(0.0847, device='cuda:0', grad_fn=<DivBackward0>)
Memory status after this epoch: 
Memory allocated:  416.8486328125
Memory cached:  806.0
	 epoch  20 training error:  tensor(0.5873, device='cuda:0', grad_fn=<DivBackward0>)
	 epoch  20 test error:  tensor(0.0607, device='cuda:0', grad_fn=<DivBackward0>)
Memory status after this epoch: 
Memory allocated:  414.4111328125
Memory cached:  806.0
	 epoch  30 training error:  tensor(0.5027, device='cuda:0', grad_fn=<DivBackward0>)
	 epoch  30 test error:  tensor(0.0338, device='cuda:0', grad_fn=<DivBackward0>)
Memory status after this epoch: 
Memory allocated:  416.8486328125
Memory cached:  806.0
	 epoch  40 training error:  tensor(0.3928, device='cuda:0', grad_fn=<DivBackward0>)
	 epoch  40 test error:  tensor(0.0363, device='cuda:0', grad_fn=<DivBackward0>)
Memory status after this epoch: 
Memory allocated:  414.4111328125
Memory cached:  808.0
	 epoch  50 training error:  tensor(0.3478, device='cuda:0', grad_fn=<DivBackward0>)
	 epoch  50 test error:  tensor(0.0338, device='cuda:0', grad_fn=<DivBackward0>)
Memory status after this epoch: 
Memory allocated:  416.8486328125
Memory cached:  808.0
	 epoch  60 training error:  tensor(0.3422, device='cuda:0', grad_fn=<DivBackward0>)
	 epoch  60 test error:  tensor(0.0320, device='cuda:0', grad_fn=<DivBackward0>)
Memory status after this epoch: 
Memory allocated:  414.4111328125
Memory cached:  810.0
	 epoch  70 training error:  tensor(0.3356, device='cuda:0', grad_fn=<DivBackward0>)
	 epoch  70 test error:  tensor(0.0310, device='cuda:0', grad_fn=<DivBackward0>)
Memory status after this epoch: 
Memory allocated:  416.8486328125
Memory cached:  810.0
	 epoch  80 training error:  tensor(0.3315, device='cuda:0', grad_fn=<DivBackward0>)
	 epoch  80 test error:  tensor(0.0313, device='cuda:0', grad_fn=<DivBackward0>)
Memory status after this epoch: 
Memory allocated:  414.4111328125
Memory cached:  808.0
	 epoch  90 training error:  tensor(0.3297, device='cuda:0', grad_fn=<DivBackward0>)
	 epoch  90 test error:  tensor(0.0314, device='cuda:0', grad_fn=<DivBackward0>)
Memory status after this epoch: 
Memory allocated:  416.8486328125
Memory cached:  806.0
[I 2023-11-16 02:04:40,393] Trial 21 finished with value: 0.03151610866189003 and parameters: {'W_layers': 4, 'W_layer_units_exponent_0': 6, 'W_layer_units_exponent_1': 7, 'W_layer_units_exponent_2': 7, 'W_layer_units_exponent_3': 8, 'D_layers': 4, 'D_layer_units_exponent_0': 7, 'D_layer_units_exponent_1': 8, 'D_layer_units_exponent_2': 8, 'D_layer_units_exponent_3': 9, 'log_learning_rate': -3.3663199460200746, 'log_learning_rate_D': -4.344743331790688, 'training_batch_size': 9, 'training_p': 8}. Best is trial 20 with value: 0.03146560117602348.
Time for this trial:  134.48299431800842
Memory status after this trial: 
Memory allocated:  795.12255859375
Memory cached:  806.0
--------------------  Trial  22   --------------------
Start timing: 
Parameters: 
{'W_layers': 4, 'W_layer_units_exponent_0': 6, 'W_layer_units_exponent_1': 7, 'W_layer_units_exponent_2': 6, 'W_layer_units_exponent_3': 8, 'D_layers': 4, 'D_layer_units_exponent_0': 7, 'D_layer_units_exponent_1': 8, 'D_layer_units_exponent_2': 8, 'D_layer_units_exponent_3': 9, 'log_learning_rate': -3.256911741784954, 'log_learning_rate_D': -4.368537067819164, 'training_batch_size': 9, 'training_p': 8}
	 epoch  0 training error:  tensor(2.5720, device='cuda:0', grad_fn=<DivBackward0>)
	 epoch  0 test error:  tensor(0.2609, device='cuda:0', grad_fn=<DivBackward0>)
Memory status after this epoch: 
Memory allocated:  413.0556640625
Memory cached:  686.0
	 epoch  10 training error:  tensor(0.9649, device='cuda:0', grad_fn=<DivBackward0>)
	 epoch  10 test error:  tensor(0.0638, device='cuda:0', grad_fn=<DivBackward0>)
Memory status after this epoch: 
Memory allocated:  410.6181640625
Memory cached:  800.0
	 epoch  20 training error:  tensor(0.6531, device='cuda:0', grad_fn=<DivBackward0>)
	 epoch  20 test error:  tensor(0.0466, device='cuda:0', grad_fn=<DivBackward0>)
Memory status after this epoch: 
Memory allocated:  413.0556640625
Memory cached:  800.0
	 epoch  30 training error:  tensor(0.4382, device='cuda:0', grad_fn=<DivBackward0>)
	 epoch  30 test error:  tensor(0.0387, device='cuda:0', grad_fn=<DivBackward0>)
Memory status after this epoch: 
Memory allocated:  410.6181640625
Memory cached:  800.0
	 epoch  40 training error:  tensor(0.3858, device='cuda:0', grad_fn=<DivBackward0>)
	 epoch  40 test error:  tensor(0.0349, device='cuda:0', grad_fn=<DivBackward0>)
Memory status after this epoch: 
Memory allocated:  413.0556640625
Memory cached:  800.0
	 epoch  50 training error:  tensor(0.3589, device='cuda:0', grad_fn=<DivBackward0>)
	 epoch  50 test error:  tensor(0.0320, device='cuda:0', grad_fn=<DivBackward0>)
Memory status after this epoch: 
Memory allocated:  410.6181640625
Memory cached:  800.0
	 epoch  60 training error:  tensor(0.3447, device='cuda:0', grad_fn=<DivBackward0>)
	 epoch  60 test error:  tensor(0.0321, device='cuda:0', grad_fn=<DivBackward0>)
Memory status after this epoch: 
Memory allocated:  413.0556640625
Memory cached:  800.0
	 epoch  70 training error:  tensor(0.3366, device='cuda:0', grad_fn=<DivBackward0>)
	 epoch  70 test error:  tensor(0.0316, device='cuda:0', grad_fn=<DivBackward0>)
Memory status after this epoch: 
Memory allocated:  410.6181640625
Memory cached:  800.0
	 epoch  80 training error:  tensor(0.3331, device='cuda:0', grad_fn=<DivBackward0>)
	 epoch  80 test error:  tensor(0.0318, device='cuda:0', grad_fn=<DivBackward0>)
Memory status after this epoch: 
Memory allocated:  413.0556640625
Memory cached:  800.0
	 epoch  90 training error:  tensor(0.3304, device='cuda:0', grad_fn=<DivBackward0>)
	 epoch  90 test error:  tensor(0.0315, device='cuda:0', grad_fn=<DivBackward0>)
Memory status after this epoch: 
Memory allocated:  410.6181640625
Memory cached:  800.0
