[I 2023-11-10 11:32:39,261] Trial 46 finished with value: 0.06806718558073044 and parameters: {'W_layers': 7, 'W_layer_units_exponent_0': 9, 'W_layer_units_exponent_1': 4, 'W_layer_units_exponent_2': 4, 'W_layer_units_exponent_3': 5, 'W_layer_units_exponent_4': 10, 'W_layer_units_exponent_5': 8, 'W_layer_units_exponent_6': 10, 'D_layers': 2, 'D_layer_units_exponent_0': 8, 'D_layer_units_exponent_1': 4, 'D_dagger_layers': 7, 'D_dagger_layer_units_exponent_0': 5, 'D_dagger_layer_units_exponent_1': 8, 'D_dagger_layer_units_exponent_2': 10, 'D_dagger_layer_units_exponent_3': 4, 'D_dagger_layer_units_exponent_4': 4, 'D_dagger_layer_units_exponent_5': 7, 'D_dagger_layer_units_exponent_6': 7, 'log_learning_rate': -1.946435402705255, 'log_learning_rate_D': -2.944040519172208, 'log_learning_rate_D_dagger': -3.5750329487014603, 'training_batch_size': 10, 'training_p': 2}. Best is trial 45 with value: 0.06574658304452896.
Time for this trial:  20.5271635055542
Memory status after this trial: 
Memory allocated:  251.1572265625
Memory cached:  268.0
--------------------  Trial  47   --------------------
Start timing: 
Parameters: 
{'W_layers': 8, 'W_layer_units_exponent_0': 10, 'W_layer_units_exponent_1': 4, 'W_layer_units_exponent_2': 4, 'W_layer_units_exponent_3': 6, 'W_layer_units_exponent_4': 9, 'W_layer_units_exponent_5': 10, 'W_layer_units_exponent_6': 8, 'W_layer_units_exponent_7': 4, 'D_layers': 3, 'D_layer_units_exponent_0': 8, 'D_layer_units_exponent_1': 4, 'D_layer_units_exponent_2': 5, 'D_dagger_layers': 8, 'D_dagger_layer_units_exponent_0': 4, 'D_dagger_layer_units_exponent_1': 8, 'D_dagger_layer_units_exponent_2': 10, 'D_dagger_layer_units_exponent_3': 4, 'D_dagger_layer_units_exponent_4': 4, 'D_dagger_layer_units_exponent_5': 7, 'D_dagger_layer_units_exponent_6': 7, 'D_dagger_layer_units_exponent_7': 5, 'log_learning_rate': -1.484338118044308, 'log_learning_rate_D': -2.7211957601370114, 'log_learning_rate_D_dagger': -4.081954349520809, 'training_batch_size': 9, 'training_p': 3}
	 epoch  0 training error:  tensor(0.9877, device='cuda:0', grad_fn=<DivBackward0>)
Memory status after this epoch: 
Memory allocated:  18.1494140625
Memory cached:  52.0
	 epoch  10 training error:  tensor(31664.9629, device='cuda:0', grad_fn=<DivBackward0>)
Memory status after this epoch: 
Memory allocated:  18.1494140625
Memory cached:  54.0
	 epoch  20 training error:  tensor(0.4661, device='cuda:0', grad_fn=<DivBackward0>)
Memory status after this epoch: 
Memory allocated:  18.1494140625
Memory cached:  54.0
	 epoch  30 training error:  tensor(0.4366, device='cuda:0', grad_fn=<DivBackward0>)
Memory status after this epoch: 
Memory allocated:  18.1494140625
Memory cached:  54.0
	 epoch  40 training error:  tensor(0.3774, device='cuda:0', grad_fn=<DivBackward0>)
Memory status after this epoch: 
Memory allocated:  18.1494140625
Memory cached:  54.0
	 epoch  50 training error:  tensor(0.3336, device='cuda:0', grad_fn=<DivBackward0>)
Memory status after this epoch: 
Memory allocated:  18.1494140625
Memory cached:  54.0
	 epoch  60 training error:  tensor(0.2949, device='cuda:0', grad_fn=<DivBackward0>)
Memory status after this epoch: 
Memory allocated:  18.1494140625
Memory cached:  54.0
	 epoch  70 training error:  tensor(0.2698, device='cuda:0', grad_fn=<DivBackward0>)
Memory status after this epoch: 
Memory allocated:  18.1494140625
Memory cached:  54.0
	 epoch  80 training error:  tensor(0.2481, device='cuda:0', grad_fn=<DivBackward0>)
Memory status after this epoch: 
Memory allocated:  18.1494140625
Memory cached:  54.0
	 epoch  90 training error:  tensor(0.2261, device='cuda:0', grad_fn=<DivBackward0>)
Memory status after this epoch: 
Memory allocated:  18.1494140625
Memory cached:  54.0
[I 2023-11-10 11:33:00,112] Trial 47 finished with value: 0.17868436872959137 and parameters: {'W_layers': 8, 'W_layer_units_exponent_0': 10, 'W_layer_units_exponent_1': 4, 'W_layer_units_exponent_2': 4, 'W_layer_units_exponent_3': 6, 'W_layer_units_exponent_4': 9, 'W_layer_units_exponent_5': 10, 'W_layer_units_exponent_6': 8, 'W_layer_units_exponent_7': 4, 'D_layers': 3, 'D_layer_units_exponent_0': 8, 'D_layer_units_exponent_1': 4, 'D_layer_units_exponent_2': 5, 'D_dagger_layers': 8, 'D_dagger_layer_units_exponent_0': 4, 'D_dagger_layer_units_exponent_1': 8, 'D_dagger_layer_units_exponent_2': 10, 'D_dagger_layer_units_exponent_3': 4, 'D_dagger_layer_units_exponent_4': 4, 'D_dagger_layer_units_exponent_5': 7, 'D_dagger_layer_units_exponent_6': 7, 'D_dagger_layer_units_exponent_7': 5, 'log_learning_rate': -1.484338118044308, 'log_learning_rate_D': -2.7211957601370114, 'log_learning_rate_D_dagger': -4.081954349520809, 'training_batch_size': 9, 'training_p': 3}. Best is trial 45 with value: 0.06574658304452896.
Time for this trial:  20.598296403884888
Memory status after this trial: 
Memory allocated:  256.390625
Memory cached:  284.0
--------------------  Trial  48   --------------------
Start timing: 
Parameters: 
{'W_layers': 7, 'W_layer_units_exponent_0': 8, 'W_layer_units_exponent_1': 5, 'W_layer_units_exponent_2': 5, 'W_layer_units_exponent_3': 5, 'W_layer_units_exponent_4': 10, 'W_layer_units_exponent_5': 8, 'W_layer_units_exponent_6': 9, 'D_layers': 2, 'D_layer_units_exponent_0': 9, 'D_layer_units_exponent_1': 5, 'D_dagger_layers': 7, 'D_dagger_layer_units_exponent_0': 5, 'D_dagger_layer_units_exponent_1': 9, 'D_dagger_layer_units_exponent_2': 10, 'D_dagger_layer_units_exponent_3': 4, 'D_dagger_layer_units_exponent_4': 5, 'D_dagger_layer_units_exponent_5': 8, 'D_dagger_layer_units_exponent_6': 9, 'log_learning_rate': -1.708519762862073, 'log_learning_rate_D': -2.4989899485517366, 'log_learning_rate_D_dagger': -3.757466501010364, 'training_batch_size': 10, 'training_p': 2}
	 epoch  0 training error:  tensor(1.0630, device='cuda:0', grad_fn=<DivBackward0>)
Memory status after this epoch: 
Memory allocated:  17.98779296875
Memory cached:  56.0
	 epoch  10 training error:  tensor(0.8096, device='cuda:0', grad_fn=<DivBackward0>)
Memory status after this epoch: 
Memory allocated:  17.98779296875
Memory cached:  58.0
	 epoch  20 training error:  tensor(0.4311, device='cuda:0', grad_fn=<DivBackward0>)
Memory status after this epoch: 
Memory allocated:  17.98779296875
Memory cached:  58.0
	 epoch  30 training error:  tensor(0.2190, device='cuda:0', grad_fn=<DivBackward0>)
Memory status after this epoch: 
Memory allocated:  17.98779296875
Memory cached:  58.0
	 epoch  40 training error:  tensor(0.1560, device='cuda:0', grad_fn=<DivBackward0>)
Memory status after this epoch: 
Memory allocated:  17.98779296875
Memory cached:  58.0
	 epoch  50 training error:  tensor(0.0970, device='cuda:0', grad_fn=<DivBackward0>)
Memory status after this epoch: 
Memory allocated:  17.98779296875
Memory cached:  58.0
	 epoch  60 training error:  tensor(0.0710, device='cuda:0', grad_fn=<DivBackward0>)
Memory status after this epoch: 
Memory allocated:  17.98779296875
Memory cached:  58.0
	 epoch  70 training error:  tensor(0.0635, device='cuda:0', grad_fn=<DivBackward0>)
Memory status after this epoch: 
Memory allocated:  17.98779296875
Memory cached:  58.0
	 epoch  80 training error:  tensor(0.0619, device='cuda:0', grad_fn=<DivBackward0>)
Memory status after this epoch: 
Memory allocated:  17.98779296875
Memory cached:  58.0
	 epoch  90 training error:  tensor(0.0606, device='cuda:0', grad_fn=<DivBackward0>)
Memory status after this epoch: 
Memory allocated:  17.98779296875
Memory cached:  58.0
[I 2023-11-10 11:33:21,393] Trial 48 finished with value: 0.0661800429224968 and parameters: {'W_layers': 7, 'W_layer_units_exponent_0': 8, 'W_layer_units_exponent_1': 5, 'W_layer_units_exponent_2': 5, 'W_layer_units_exponent_3': 5, 'W_layer_units_exponent_4': 10, 'W_layer_units_exponent_5': 8, 'W_layer_units_exponent_6': 9, 'D_layers': 2, 'D_layer_units_exponent_0': 9, 'D_layer_units_exponent_1': 5, 'D_dagger_layers': 7, 'D_dagger_layer_units_exponent_0': 5, 'D_dagger_layer_units_exponent_1': 9, 'D_dagger_layer_units_exponent_2': 10, 'D_dagger_layer_units_exponent_3': 4, 'D_dagger_layer_units_exponent_4': 5, 'D_dagger_layer_units_exponent_5': 8, 'D_dagger_layer_units_exponent_6': 9, 'log_learning_rate': -1.708519762862073, 'log_learning_rate_D': -2.4989899485517366, 'log_learning_rate_D_dagger': -3.757466501010364, 'training_batch_size': 10, 'training_p': 2}. Best is trial 45 with value: 0.06574658304452896.
Time for this trial:  21.029431581497192
Memory status after this trial: 
Memory allocated:  255.6201171875
Memory cached:  274.0
--------------------  Trial  49   --------------------
Start timing: 
Parameters: 
{'W_layers': 7, 'W_layer_units_exponent_0': 8, 'W_layer_units_exponent_1': 5, 'W_layer_units_exponent_2': 5, 'W_layer_units_exponent_3': 5, 'W_layer_units_exponent_4': 10, 'W_layer_units_exponent_5': 8, 'W_layer_units_exponent_6': 9, 'D_layers': 2, 'D_layer_units_exponent_0': 8, 'D_layer_units_exponent_1': 5, 'D_dagger_layers': 7, 'D_dagger_layer_units_exponent_0': 5, 'D_dagger_layer_units_exponent_1': 10, 'D_dagger_layer_units_exponent_2': 9, 'D_dagger_layer_units_exponent_3': 4, 'D_dagger_layer_units_exponent_4': 5, 'D_dagger_layer_units_exponent_5': 8, 'D_dagger_layer_units_exponent_6': 9, 'log_learning_rate': -1.6590393662181713, 'log_learning_rate_D': -2.4744925262231265, 'log_learning_rate_D_dagger': -3.6839859288040513, 'training_batch_size': 9, 'training_p': 3}
	 epoch  0 training error:  tensor(0.9885, device='cuda:0', grad_fn=<DivBackward0>)
Memory status after this epoch: 
Memory allocated:  18.08056640625
Memory cached:  54.0
	 epoch  10 training error:  tensor(0.4020, device='cuda:0', grad_fn=<DivBackward0>)
Memory status after this epoch: 
Memory allocated:  18.08056640625
Memory cached:  58.0
	 epoch  20 training error:  tensor(0.7559, device='cuda:0', grad_fn=<DivBackward0>)
Memory status after this epoch: 
Memory allocated:  18.08056640625
Memory cached:  58.0
	 epoch  30 training error:  tensor(0.1621, device='cuda:0', grad_fn=<DivBackward0>)
Memory status after this epoch: 
Memory allocated:  18.08056640625
Memory cached:  58.0
	 epoch  40 training error:  tensor(0.1069, device='cuda:0', grad_fn=<DivBackward0>)
Memory status after this epoch: 
Memory allocated:  18.08056640625
Memory cached:  58.0
	 epoch  50 training error:  tensor(0.1009, device='cuda:0', grad_fn=<DivBackward0>)
Memory status after this epoch: 
Memory allocated:  18.08056640625
Memory cached:  58.0
	 epoch  60 training error:  tensor(0.0828, device='cuda:0', grad_fn=<DivBackward0>)
Memory status after this epoch: 
Memory allocated:  18.08056640625
Memory cached:  58.0
	 epoch  70 training error:  tensor(0.0769, device='cuda:0', grad_fn=<DivBackward0>)
Memory status after this epoch: 
Memory allocated:  18.08056640625
Memory cached:  58.0
	 epoch  80 training error:  tensor(0.0732, device='cuda:0', grad_fn=<DivBackward0>)
Memory status after this epoch: 
Memory allocated:  18.08056640625
Memory cached:  58.0
	 epoch  90 training error:  tensor(0.0724, device='cuda:0', grad_fn=<DivBackward0>)
Memory status after this epoch: 
Memory allocated:  18.08056640625
Memory cached:  58.0
[I 2023-11-10 11:33:42,564] Trial 49 finished with value: 0.07248194515705109 and parameters: {'W_layers': 7, 'W_layer_units_exponent_0': 8, 'W_layer_units_exponent_1': 5, 'W_layer_units_exponent_2': 5, 'W_layer_units_exponent_3': 5, 'W_layer_units_exponent_4': 10, 'W_layer_units_exponent_5': 8, 'W_layer_units_exponent_6': 9, 'D_layers': 2, 'D_layer_units_exponent_0': 8, 'D_layer_units_exponent_1': 5, 'D_dagger_layers': 7, 'D_dagger_layer_units_exponent_0': 5, 'D_dagger_layer_units_exponent_1': 10, 'D_dagger_layer_units_exponent_2': 9, 'D_dagger_layer_units_exponent_3': 4, 'D_dagger_layer_units_exponent_4': 5, 'D_dagger_layer_units_exponent_5': 8, 'D_dagger_layer_units_exponent_6': 9, 'log_learning_rate': -1.6590393662181713, 'log_learning_rate_D': -2.4744925262231265, 'log_learning_rate_D_dagger': -3.6839859288040513, 'training_batch_size': 9, 'training_p': 3}. Best is trial 45 with value: 0.06574658304452896.
[I 2023-11-10 11:33:42,615] A new study created in memory with name: no-name-b21ff013-1951-4f07-8018-eb9c0f971065
Time for this trial:  20.91054654121399
Memory status after this trial: 
Memory allocated:  255.2138671875
Memory cached:  274.0
--------------------  Trial  0   --------------------
Start timing: 
Parameters: 
{'W_layers': 2, 'W_layer_units_exponent_0': 5, 'W_layer_units_exponent_1': 7, 'D_layers': 2, 'D_layer_units_exponent_0': 8, 'D_layer_units_exponent_1': 4, 'log_learning_rate': -4.608116985924621, 'log_learning_rate_D': -2.8555490410756796, 'training_batch_size': 12, 'training_p': 2}
	 epoch  0 training error:  tensor(1.2062, device='cuda:0', grad_fn=<DivBackward0>)
	 epoch  0 test error:  tensor(0.0821, device='cuda:0', grad_fn=<DivBackward0>)
Memory status after this epoch: 
Memory allocated:  288.50537109375
Memory cached:  516.0
	 epoch  10 training error:  tensor(0.9105, device='cuda:0', grad_fn=<DivBackward0>)
	 epoch  10 test error:  tensor(0.0642, device='cuda:0', grad_fn=<DivBackward0>)
Memory status after this epoch: 
Memory allocated:  280.77099609375
Memory cached:  562.0
	 epoch  20 training error:  tensor(0.8051, device='cuda:0', grad_fn=<DivBackward0>)
	 epoch  20 test error:  tensor(0.0617, device='cuda:0', grad_fn=<DivBackward0>)
Memory status after this epoch: 
Memory allocated:  287.56787109375
Memory cached:  562.0
	 epoch  30 training error:  tensor(0.7140, device='cuda:0', grad_fn=<DivBackward0>)
	 epoch  30 test error:  tensor(0.0545, device='cuda:0', grad_fn=<DivBackward0>)
Memory status after this epoch: 
Memory allocated:  281.70849609375
Memory cached:  562.0
	 epoch  40 training error:  tensor(0.5795, device='cuda:0', grad_fn=<DivBackward0>)
	 epoch  40 test error:  tensor(0.0456, device='cuda:0', grad_fn=<DivBackward0>)
Memory status after this epoch: 
Memory allocated:  286.63037109375
Memory cached:  562.0
	 epoch  50 training error:  tensor(0.5269, device='cuda:0', grad_fn=<DivBackward0>)
	 epoch  50 test error:  tensor(0.0396, device='cuda:0', grad_fn=<DivBackward0>)
Memory status after this epoch: 
Memory allocated:  282.64599609375
Memory cached:  562.0
	 epoch  60 training error:  tensor(0.5185, device='cuda:0', grad_fn=<DivBackward0>)
	 epoch  60 test error:  tensor(0.0381, device='cuda:0', grad_fn=<DivBackward0>)
Memory status after this epoch: 
Memory allocated:  285.31787109375
Memory cached:  568.0
	 epoch  70 training error:  tensor(0.5180, device='cuda:0', grad_fn=<DivBackward0>)
	 epoch  70 test error:  tensor(0.0382, device='cuda:0', grad_fn=<DivBackward0>)
Memory status after this epoch: 
Memory allocated:  283.67724609375
Memory cached:  568.0
	 epoch  80 training error:  tensor(0.5166, device='cuda:0', grad_fn=<DivBackward0>)
	 epoch  80 test error:  tensor(0.0384, device='cuda:0', grad_fn=<DivBackward0>)
Memory status after this epoch: 
Memory allocated:  285.69287109375
Memory cached:  568.0
	 epoch  90 training error:  tensor(0.5146, device='cuda:0', grad_fn=<DivBackward0>)
	 epoch  90 test error:  tensor(0.0384, device='cuda:0', grad_fn=<DivBackward0>)
Memory status after this epoch: 
Memory allocated:  283.67724609375
Memory cached:  568.0
[I 2023-11-10 11:35:15,037] Trial 0 finished with value: 0.03854818269610405 and parameters: {'W_layers': 2, 'W_layer_units_exponent_0': 5, 'W_layer_units_exponent_1': 7, 'D_layers': 2, 'D_layer_units_exponent_0': 8, 'D_layer_units_exponent_1': 4, 'log_learning_rate': -4.608116985924621, 'log_learning_rate_D': -2.8555490410756796, 'training_batch_size': 12, 'training_p': 2}. Best is trial 0 with value: 0.03854818269610405.
Time for this trial:  92.29415726661682
Memory status after this trial: 
Memory allocated:  555.95068359375
Memory cached:  568.0
--------------------  Trial  1   --------------------
Start timing: 
Parameters: 
{'W_layers': 3, 'W_layer_units_exponent_0': 7, 'W_layer_units_exponent_1': 6, 'W_layer_units_exponent_2': 6, 'D_layers': 7, 'D_layer_units_exponent_0': 8, 'D_layer_units_exponent_1': 4, 'D_layer_units_exponent_2': 5, 'D_layer_units_exponent_3': 6, 'D_layer_units_exponent_4': 4, 'D_layer_units_exponent_5': 5, 'D_layer_units_exponent_6': 10, 'log_learning_rate': -2.2460124137972146, 'log_learning_rate_D': -4.723206141484161, 'training_batch_size': 8, 'training_p': 2}
	 epoch  0 training error:  tensor(8.5862, device='cuda:0', grad_fn=<DivBackward0>)
	 epoch  0 test error:  tensor(2.7998, device='cuda:0', grad_fn=<DivBackward0>)
Memory status after this epoch: 
Memory allocated:  351.4560546875
Memory cached:  602.0
	 epoch  10 training error:  tensor(1.4163, device='cuda:0', grad_fn=<DivBackward0>)
	 epoch  10 test error:  tensor(0.0831, device='cuda:0', grad_fn=<DivBackward0>)
Memory status after this epoch: 
Memory allocated:  353.4716796875
Memory cached:  702.0
	 epoch  20 training error:  tensor(1.0553, device='cuda:0', grad_fn=<DivBackward0>)
	 epoch  20 test error:  tensor(0.0773, device='cuda:0', grad_fn=<DivBackward0>)
Memory status after this epoch: 
Memory allocated:  351.4560546875
Memory cached:  702.0
	 epoch  30 training error:  tensor(0.9806, device='cuda:0', grad_fn=<DivBackward0>)
	 epoch  30 test error:  tensor(0.0729, device='cuda:0', grad_fn=<DivBackward0>)
Memory status after this epoch: 
Memory allocated:  353.4716796875
Memory cached:  702.0
	 epoch  40 training error:  tensor(1.0024, device='cuda:0', grad_fn=<DivBackward0>)
	 epoch  40 test error:  tensor(0.0755, device='cuda:0', grad_fn=<DivBackward0>)
Memory status after this epoch: 
Memory allocated:  351.4560546875
Memory cached:  702.0
	 epoch  50 training error:  tensor(0.9779, device='cuda:0', grad_fn=<DivBackward0>)
	 epoch  50 test error:  tensor(0.0724, device='cuda:0', grad_fn=<DivBackward0>)
Memory status after this epoch: 
Memory allocated:  353.4716796875
Memory cached:  702.0
	 epoch  60 training error:  tensor(0.9776, device='cuda:0', grad_fn=<DivBackward0>)
	 epoch  60 test error:  tensor(0.0725, device='cuda:0', grad_fn=<DivBackward0>)
Memory status after this epoch: 
Memory allocated:  350.0498046875
Memory cached:  702.0
	 epoch  70 training error:  tensor(0.9761, device='cuda:0', grad_fn=<DivBackward0>)
	 epoch  70 test error:  tensor(0.0732, device='cuda:0', grad_fn=<DivBackward0>)
Memory status after this epoch: 
Memory allocated:  354.4091796875
Memory cached:  702.0
	 epoch  80 training error:  tensor(0.9748, device='cuda:0', grad_fn=<DivBackward0>)
	 epoch  80 test error:  tensor(0.0728, device='cuda:0', grad_fn=<DivBackward0>)
Memory status after this epoch: 
Memory allocated:  349.5810546875
Memory cached:  702.0
	 epoch  90 training error:  tensor(0.9740, device='cuda:0', grad_fn=<DivBackward0>)
	 epoch  90 test error:  tensor(0.0726, device='cuda:0', grad_fn=<DivBackward0>)
Memory status after this epoch: 
Memory allocated:  353.9404296875
Memory cached:  702.0
