[I 2023-11-16 15:20:46,937] Trial 11 finished with value: 0.04426875337958336 and parameters: {'W_layers': 8, 'W_layer_units_exponent_0': 10, 'W_layer_units_exponent_1': 10, 'W_layer_units_exponent_2': 4, 'W_layer_units_exponent_3': 10, 'W_layer_units_exponent_4': 10, 'W_layer_units_exponent_5': 4, 'W_layer_units_exponent_6': 10, 'W_layer_units_exponent_7': 7, 'D_layers': 6, 'D_layer_units_exponent_0': 7, 'D_layer_units_exponent_1': 8, 'D_layer_units_exponent_2': 10, 'D_layer_units_exponent_3': 10, 'D_layer_units_exponent_4': 10, 'D_layer_units_exponent_5': 10, 'log_learning_rate': -2.5722768747833085, 'log_learning_rate_D': -2.167095650335993, 'training_batch_size': 12, 'training_p': 6}. Best is trial 9 with value: 0.007390871644020081.
Time for this trial:  219.37380933761597
Memory status after this trial: 
Memory allocated:  1211.07861328125
Memory cached:  1272.0
--------------------  Trial  12   --------------------
Start timing: 
Parameters: 
{'W_layers': 6, 'W_layer_units_exponent_0': 10, 'W_layer_units_exponent_1': 6, 'W_layer_units_exponent_2': 4, 'W_layer_units_exponent_3': 9, 'W_layer_units_exponent_4': 8, 'W_layer_units_exponent_5': 10, 'D_layers': 5, 'D_layer_units_exponent_0': 6, 'D_layer_units_exponent_1': 7, 'D_layer_units_exponent_2': 8, 'D_layer_units_exponent_3': 8, 'D_layer_units_exponent_4': 8, 'log_learning_rate': -4.78915666584448, 'log_learning_rate_D': -2.870570853758965, 'training_batch_size': 11, 'training_p': 8}
	 epoch  0 training error:  tensor(1.0765, device='cuda:0', grad_fn=<DivBackward0>)
	 epoch  0 test error:  tensor(0.0413, device='cuda:0', grad_fn=<DivBackward0>)
Memory status after this epoch: 
Memory allocated:  280.80078125
Memory cached:  300.0
	 epoch  10 training error:  tensor(0.3775, device='cuda:0', grad_fn=<DivBackward0>)
	 epoch  10 test error:  tensor(0.0106, device='cuda:0', grad_fn=<DivBackward0>)
Memory status after this epoch: 
Memory allocated:  280.80078125
Memory cached:  568.0
	 epoch  20 training error:  tensor(0.3727, device='cuda:0', grad_fn=<DivBackward0>)
	 epoch  20 test error:  tensor(0.0098, device='cuda:0', grad_fn=<DivBackward0>)
Memory status after this epoch: 
Memory allocated:  280.80078125
Memory cached:  568.0
	 epoch  30 training error:  tensor(0.3596, device='cuda:0', grad_fn=<DivBackward0>)
	 epoch  30 test error:  tensor(0.0082, device='cuda:0', grad_fn=<DivBackward0>)
Memory status after this epoch: 
Memory allocated:  280.80078125
Memory cached:  568.0
	 epoch  40 training error:  tensor(0.3562, device='cuda:0', grad_fn=<DivBackward0>)
	 epoch  40 test error:  tensor(0.0080, device='cuda:0', grad_fn=<DivBackward0>)
Memory status after this epoch: 
Memory allocated:  280.80078125
Memory cached:  568.0
	 epoch  50 training error:  tensor(0.3539, device='cuda:0', grad_fn=<DivBackward0>)
	 epoch  50 test error:  tensor(0.0083, device='cuda:0', grad_fn=<DivBackward0>)
Memory status after this epoch: 
Memory allocated:  280.80078125
Memory cached:  568.0
	 epoch  60 training error:  tensor(0.3526, device='cuda:0', grad_fn=<DivBackward0>)
	 epoch  60 test error:  tensor(0.0087, device='cuda:0', grad_fn=<DivBackward0>)
Memory status after this epoch: 
Memory allocated:  280.80078125
Memory cached:  568.0
	 epoch  70 training error:  tensor(0.3520, device='cuda:0', grad_fn=<DivBackward0>)
	 epoch  70 test error:  tensor(0.0089, device='cuda:0', grad_fn=<DivBackward0>)
Memory status after this epoch: 
Memory allocated:  280.80078125
Memory cached:  570.0
	 epoch  80 training error:  tensor(0.3516, device='cuda:0', grad_fn=<DivBackward0>)
	 epoch  80 test error:  tensor(0.0088, device='cuda:0', grad_fn=<DivBackward0>)
Memory status after this epoch: 
Memory allocated:  280.80078125
Memory cached:  568.0
	 epoch  90 training error:  tensor(0.3512, device='cuda:0', grad_fn=<DivBackward0>)
	 epoch  90 test error:  tensor(0.0087, device='cuda:0', grad_fn=<DivBackward0>)
Memory status after this epoch: 
Memory allocated:  280.80078125
Memory cached:  568.0
[I 2023-11-16 15:23:31,710] Trial 12 finished with value: 0.008675756864249706 and parameters: {'W_layers': 6, 'W_layer_units_exponent_0': 10, 'W_layer_units_exponent_1': 6, 'W_layer_units_exponent_2': 4, 'W_layer_units_exponent_3': 9, 'W_layer_units_exponent_4': 8, 'W_layer_units_exponent_5': 10, 'D_layers': 5, 'D_layer_units_exponent_0': 6, 'D_layer_units_exponent_1': 7, 'D_layer_units_exponent_2': 8, 'D_layer_units_exponent_3': 8, 'D_layer_units_exponent_4': 8, 'log_learning_rate': -4.78915666584448, 'log_learning_rate_D': -2.870570853758965, 'training_batch_size': 11, 'training_p': 8}. Best is trial 9 with value: 0.007390871644020081.
Time for this trial:  164.4990701675415
Memory status after this trial: 
Memory allocated:  545.48486328125
Memory cached:  568.0
--------------------  Trial  13   --------------------
Start timing: 
Parameters: 
{'W_layers': 4, 'W_layer_units_exponent_0': 9, 'W_layer_units_exponent_1': 10, 'W_layer_units_exponent_2': 5, 'W_layer_units_exponent_3': 8, 'D_layers': 4, 'D_layer_units_exponent_0': 6, 'D_layer_units_exponent_1': 7, 'D_layer_units_exponent_2': 4, 'D_layer_units_exponent_3': 9, 'log_learning_rate': -4.9750032114470875, 'log_learning_rate_D': -3.6534166984107133, 'training_batch_size': 10, 'training_p': 6}
	 epoch  0 training error:  tensor(0.4762, device='cuda:0', grad_fn=<DivBackward0>)
	 epoch  0 test error:  tensor(0.0071, device='cuda:0', grad_fn=<DivBackward0>)
Memory status after this epoch: 
Memory allocated:  209.85498046875
Memory cached:  262.0
	 epoch  10 training error:  tensor(0.3583, device='cuda:0', grad_fn=<DivBackward0>)
	 epoch  10 test error:  tensor(0.0073, device='cuda:0', grad_fn=<DivBackward0>)
Memory status after this epoch: 
Memory allocated:  209.94873046875
Memory cached:  418.0
	 epoch  20 training error:  tensor(0.3324, device='cuda:0', grad_fn=<DivBackward0>)
	 epoch  20 test error:  tensor(0.0075, device='cuda:0', grad_fn=<DivBackward0>)
Memory status after this epoch: 
Memory allocated:  209.76123046875
Memory cached:  418.0
	 epoch  30 training error:  tensor(0.3291, device='cuda:0', grad_fn=<DivBackward0>)
	 epoch  30 test error:  tensor(0.0078, device='cuda:0', grad_fn=<DivBackward0>)
Memory status after this epoch: 
Memory allocated:  209.99560546875
Memory cached:  418.0
	 epoch  40 training error:  tensor(0.3286, device='cuda:0', grad_fn=<DivBackward0>)
	 epoch  40 test error:  tensor(0.0077, device='cuda:0', grad_fn=<DivBackward0>)
Memory status after this epoch: 
Memory allocated:  210.18310546875
Memory cached:  418.0
	 epoch  50 training error:  tensor(0.3264, device='cuda:0', grad_fn=<DivBackward0>)
	 epoch  50 test error:  tensor(0.0077, device='cuda:0', grad_fn=<DivBackward0>)
Memory status after this epoch: 
Memory allocated:  209.52685546875
Memory cached:  420.0
	 epoch  60 training error:  tensor(0.3257, device='cuda:0', grad_fn=<DivBackward0>)
	 epoch  60 test error:  tensor(0.0080, device='cuda:0', grad_fn=<DivBackward0>)
Memory status after this epoch: 
Memory allocated:  210.65185546875
Memory cached:  422.0
	 epoch  70 training error:  tensor(0.3254, device='cuda:0', grad_fn=<DivBackward0>)
	 epoch  70 test error:  tensor(0.0082, device='cuda:0', grad_fn=<DivBackward0>)
Memory status after this epoch: 
Memory allocated:  209.05810546875
Memory cached:  422.0
	 epoch  80 training error:  tensor(0.3252, device='cuda:0', grad_fn=<DivBackward0>)
	 epoch  80 test error:  tensor(0.0083, device='cuda:0', grad_fn=<DivBackward0>)
Memory status after this epoch: 
Memory allocated:  210.65185546875
Memory cached:  420.0
	 epoch  90 training error:  tensor(0.3251, device='cuda:0', grad_fn=<DivBackward0>)
	 epoch  90 test error:  tensor(0.0083, device='cuda:0', grad_fn=<DivBackward0>)
Memory status after this epoch: 
Memory allocated:  209.05810546875
Memory cached:  418.0
[I 2023-11-16 15:25:44,290] Trial 13 finished with value: 0.00830072071403265 and parameters: {'W_layers': 4, 'W_layer_units_exponent_0': 9, 'W_layer_units_exponent_1': 10, 'W_layer_units_exponent_2': 5, 'W_layer_units_exponent_3': 8, 'D_layers': 4, 'D_layer_units_exponent_0': 6, 'D_layer_units_exponent_1': 7, 'D_layer_units_exponent_2': 4, 'D_layer_units_exponent_3': 9, 'log_learning_rate': -4.9750032114470875, 'log_learning_rate_D': -3.6534166984107133, 'training_batch_size': 10, 'training_p': 6}. Best is trial 9 with value: 0.007390871644020081.
Time for this trial:  132.3306007385254
Memory status after this trial: 
Memory allocated:  404.95849609375
Memory cached:  418.0
--------------------  Trial  14   --------------------
Start timing: 
Parameters: 
{'W_layers': 7, 'W_layer_units_exponent_0': 8, 'W_layer_units_exponent_1': 6, 'W_layer_units_exponent_2': 10, 'W_layer_units_exponent_3': 8, 'W_layer_units_exponent_4': 7, 'W_layer_units_exponent_5': 4, 'W_layer_units_exponent_6': 10, 'D_layers': 5, 'D_layer_units_exponent_0': 5, 'D_layer_units_exponent_1': 6, 'D_layer_units_exponent_2': 6, 'D_layer_units_exponent_3': 8, 'D_layer_units_exponent_4': 5, 'log_learning_rate': -4.281074684652101, 'log_learning_rate_D': -2.1293964549091298, 'training_batch_size': 11, 'training_p': 7}
	 epoch  0 training error:  tensor(1.2082, device='cuda:0', grad_fn=<DivBackward0>)
	 epoch  0 test error:  tensor(0.0362, device='cuda:0', grad_fn=<DivBackward0>)
Memory status after this epoch: 
Memory allocated:  242.8828125
Memory cached:  282.0
	 epoch  10 training error:  tensor(0.3733, device='cuda:0', grad_fn=<DivBackward0>)
	 epoch  10 test error:  tensor(0.0105, device='cuda:0', grad_fn=<DivBackward0>)
Memory status after this epoch: 
Memory allocated:  244.2890625
Memory cached:  496.0
	 epoch  20 training error:  tensor(0.3553, device='cuda:0', grad_fn=<DivBackward0>)
	 epoch  20 test error:  tensor(0.0078, device='cuda:0', grad_fn=<DivBackward0>)
Memory status after this epoch: 
Memory allocated:  242.8828125
Memory cached:  496.0
	 epoch  30 training error:  tensor(0.3396, device='cuda:0', grad_fn=<DivBackward0>)
	 epoch  30 test error:  tensor(0.0082, device='cuda:0', grad_fn=<DivBackward0>)
Memory status after this epoch: 
Memory allocated:  244.2890625
Memory cached:  496.0
	 epoch  40 training error:  tensor(0.3415, device='cuda:0', grad_fn=<DivBackward0>)
	 epoch  40 test error:  tensor(0.0089, device='cuda:0', grad_fn=<DivBackward0>)
Memory status after this epoch: 
Memory allocated:  242.8828125
Memory cached:  496.0
	 epoch  50 training error:  tensor(0.3396, device='cuda:0', grad_fn=<DivBackward0>)
	 epoch  50 test error:  tensor(0.0082, device='cuda:0', grad_fn=<DivBackward0>)
Memory status after this epoch: 
Memory allocated:  244.2890625
Memory cached:  496.0
	 epoch  60 training error:  tensor(0.3389, device='cuda:0', grad_fn=<DivBackward0>)
	 epoch  60 test error:  tensor(0.0084, device='cuda:0', grad_fn=<DivBackward0>)
Memory status after this epoch: 
Memory allocated:  242.8828125
Memory cached:  496.0
	 epoch  70 training error:  tensor(0.3387, device='cuda:0', grad_fn=<DivBackward0>)
	 epoch  70 test error:  tensor(0.0084, device='cuda:0', grad_fn=<DivBackward0>)
Memory status after this epoch: 
Memory allocated:  244.2890625
Memory cached:  496.0
	 epoch  80 training error:  tensor(0.3384, device='cuda:0', grad_fn=<DivBackward0>)
	 epoch  80 test error:  tensor(0.0083, device='cuda:0', grad_fn=<DivBackward0>)
Memory status after this epoch: 
Memory allocated:  242.8828125
Memory cached:  498.0
	 epoch  90 training error:  tensor(0.3382, device='cuda:0', grad_fn=<DivBackward0>)
	 epoch  90 test error:  tensor(0.0084, device='cuda:0', grad_fn=<DivBackward0>)
Memory status after this epoch: 
Memory allocated:  244.2890625
Memory cached:  500.0
[I 2023-11-16 15:28:37,718] Trial 14 finished with value: 0.008401632308959961 and parameters: {'W_layers': 7, 'W_layer_units_exponent_0': 8, 'W_layer_units_exponent_1': 6, 'W_layer_units_exponent_2': 10, 'W_layer_units_exponent_3': 8, 'W_layer_units_exponent_4': 7, 'W_layer_units_exponent_5': 4, 'W_layer_units_exponent_6': 10, 'D_layers': 5, 'D_layer_units_exponent_0': 5, 'D_layer_units_exponent_1': 6, 'D_layer_units_exponent_2': 6, 'D_layer_units_exponent_3': 8, 'D_layer_units_exponent_4': 5, 'log_learning_rate': -4.281074684652101, 'log_learning_rate_D': -2.1293964549091298, 'training_batch_size': 11, 'training_p': 7}. Best is trial 9 with value: 0.007390871644020081.
Time for this trial:  173.15594291687012
Memory status after this trial: 
Memory allocated:  476.01806640625
Memory cached:  498.0
--------------------  Trial  15   --------------------
Start timing: 
Parameters: 
{'W_layers': 4, 'W_layer_units_exponent_0': 9, 'W_layer_units_exponent_1': 9, 'W_layer_units_exponent_2': 5, 'W_layer_units_exponent_3': 10, 'D_layers': 7, 'D_layer_units_exponent_0': 8, 'D_layer_units_exponent_1': 8, 'D_layer_units_exponent_2': 9, 'D_layer_units_exponent_3': 9, 'D_layer_units_exponent_4': 8, 'D_layer_units_exponent_5': 8, 'D_layer_units_exponent_6': 10, 'log_learning_rate': -3.028026368505251, 'log_learning_rate_D': -1.1253462562388137, 'training_batch_size': 11, 'training_p': 7}
	 epoch  0 training error:  tensor(1.9081, device='cuda:0', grad_fn=<DivBackward0>)
	 epoch  0 test error:  tensor(0.8891, device='cuda:0', grad_fn=<DivBackward0>)
Memory status after this epoch: 
Memory allocated:  358.4150390625
Memory cached:  416.0
	 epoch  10 training error:  tensor(2.6400, device='cuda:0', grad_fn=<DivBackward0>)
	 epoch  10 test error:  tensor(0.1086, device='cuda:0', grad_fn=<DivBackward0>)
Memory status after this epoch: 
Memory allocated:  357.0087890625
Memory cached:  712.0
	 epoch  20 training error:  tensor(0.7816, device='cuda:0', grad_fn=<DivBackward0>)
	 epoch  20 test error:  tensor(0.0335, device='cuda:0', grad_fn=<DivBackward0>)
Memory status after this epoch: 
Memory allocated:  358.4150390625
Memory cached:  712.0
	 epoch  30 training error:  tensor(0.3704, device='cuda:0', grad_fn=<DivBackward0>)
	 epoch  30 test error:  tensor(0.0139, device='cuda:0', grad_fn=<DivBackward0>)
Memory status after this epoch: 
Memory allocated:  357.0087890625
Memory cached:  712.0
	 epoch  40 training error:  tensor(0.3693, device='cuda:0', grad_fn=<DivBackward0>)
	 epoch  40 test error:  tensor(0.0127, device='cuda:0', grad_fn=<DivBackward0>)
Memory status after this epoch: 
Memory allocated:  358.4150390625
Memory cached:  712.0
	 epoch  50 training error:  tensor(0.3913, device='cuda:0', grad_fn=<DivBackward0>)
	 epoch  50 test error:  tensor(0.0097, device='cuda:0', grad_fn=<DivBackward0>)
Memory status after this epoch: 
Memory allocated:  357.0087890625
Memory cached:  712.0
	 epoch  60 training error:  tensor(0.3519, device='cuda:0', grad_fn=<DivBackward0>)
	 epoch  60 test error:  tensor(0.0071, device='cuda:0', grad_fn=<DivBackward0>)
Memory status after this epoch: 
Memory allocated:  358.4150390625
Memory cached:  712.0
	 epoch  70 training error:  tensor(0.3553, device='cuda:0', grad_fn=<DivBackward0>)
	 epoch  70 test error:  tensor(0.0073, device='cuda:0', grad_fn=<DivBackward0>)
Memory status after this epoch: 
Memory allocated:  357.0087890625
Memory cached:  712.0
	 epoch  80 training error:  tensor(0.3519, device='cuda:0', grad_fn=<DivBackward0>)
	 epoch  80 test error:  tensor(0.0078, device='cuda:0', grad_fn=<DivBackward0>)
Memory status after this epoch: 
Memory allocated:  358.4150390625
Memory cached:  712.0
	 epoch  90 training error:  tensor(0.3522, device='cuda:0', grad_fn=<DivBackward0>)
	 epoch  90 test error:  tensor(0.0076, device='cuda:0', grad_fn=<DivBackward0>)
Memory status after this epoch: 
Memory allocated:  357.0087890625
Memory cached:  712.0
[I 2023-11-16 15:31:30,897] Trial 15 finished with value: 0.007447744254022837 and parameters: {'W_layers': 4, 'W_layer_units_exponent_0': 9, 'W_layer_units_exponent_1': 9, 'W_layer_units_exponent_2': 5, 'W_layer_units_exponent_3': 10, 'D_layers': 7, 'D_layer_units_exponent_0': 8, 'D_layer_units_exponent_1': 8, 'D_layer_units_exponent_2': 9, 'D_layer_units_exponent_3': 9, 'D_layer_units_exponent_4': 8, 'D_layer_units_exponent_5': 8, 'D_layer_units_exponent_6': 10, 'log_learning_rate': -3.028026368505251, 'log_learning_rate_D': -1.1253462562388137, 'training_batch_size': 11, 'training_p': 7}. Best is trial 9 with value: 0.007390871644020081.
Time for this trial:  172.88654494285583
Memory status after this trial: 
Memory allocated:  685.81298828125
Memory cached:  712.0
--------------------  Trial  16   --------------------
Start timing: 
Parameters: 
{'W_layers': 5, 'W_layer_units_exponent_0': 7, 'W_layer_units_exponent_1': 9, 'W_layer_units_exponent_2': 4, 'W_layer_units_exponent_3': 10, 'W_layer_units_exponent_4': 10, 'D_layers': 7, 'D_layer_units_exponent_0': 8, 'D_layer_units_exponent_1': 9, 'D_layer_units_exponent_2': 9, 'D_layer_units_exponent_3': 10, 'D_layer_units_exponent_4': 8, 'D_layer_units_exponent_5': 9, 'D_layer_units_exponent_6': 10, 'log_learning_rate': -2.7071299204255155, 'log_learning_rate_D': -1.011314459215546, 'training_batch_size': 9, 'training_p': 7}
	 epoch  0 training error:  tensor(1.0127, device='cuda:0', grad_fn=<DivBackward0>)
	 epoch  0 test error:  tensor(1.7298, device='cuda:0', grad_fn=<DivBackward0>)
Memory status after this epoch: 
Memory allocated:  471.9814453125
Memory cached:  540.0
	 epoch  10 training error:  tensor(1.0000, device='cuda:0', grad_fn=<DivBackward0>)
	 epoch  10 test error:  tensor(0.0443, device='cuda:0', grad_fn=<DivBackward0>)
Memory status after this epoch: 
Memory allocated:  471.7939453125
Memory cached:  922.0
	 epoch  20 training error:  tensor(1., device='cuda:0', grad_fn=<DivBackward0>)
	 epoch  20 test error:  tensor(0.0443, device='cuda:0', grad_fn=<DivBackward0>)
Memory status after this epoch: 
Memory allocated:  471.8876953125
Memory cached:  902.0
	 epoch  30 training error:  tensor(1., device='cuda:0', grad_fn=<DivBackward0>)
	 epoch  30 test error:  tensor(0.0443, device='cuda:0', grad_fn=<DivBackward0>)
Memory status after this epoch: 
Memory allocated:  471.9345703125
Memory cached:  902.0
	 epoch  40 training error:  tensor(1., device='cuda:0', grad_fn=<DivBackward0>)
	 epoch  40 test error:  tensor(0.0443, device='cuda:0', grad_fn=<DivBackward0>)
Memory status after this epoch: 
Memory allocated:  471.7470703125
Memory cached:  902.0
	 epoch  50 training error:  tensor(1., device='cuda:0', grad_fn=<DivBackward0>)
	 epoch  50 test error:  tensor(0.0443, device='cuda:0', grad_fn=<DivBackward0>)
Memory status after this epoch: 
Memory allocated:  472.1689453125
Memory cached:  902.0
	 epoch  60 training error:  tensor(1., device='cuda:0', grad_fn=<DivBackward0>)
	 epoch  60 test error:  tensor(0.0443, device='cuda:0', grad_fn=<DivBackward0>)
Memory status after this epoch: 
Memory allocated:  471.9814453125
Memory cached:  902.0
	 epoch  70 training error:  tensor(1., device='cuda:0', grad_fn=<DivBackward0>)
	 epoch  70 test error:  tensor(0.0443, device='cuda:0', grad_fn=<DivBackward0>)
Memory status after this epoch: 
Memory allocated:  471.7001953125
Memory cached:  902.0
	 epoch  80 training error:  tensor(1., device='cuda:0', grad_fn=<DivBackward0>)
	 epoch  80 test error:  tensor(0.0443, device='cuda:0', grad_fn=<DivBackward0>)
Memory status after this epoch: 
Memory allocated:  472.4501953125
Memory cached:  902.0
	 epoch  90 training error:  tensor(1., device='cuda:0', grad_fn=<DivBackward0>)
	 epoch  90 test error:  tensor(0.0443, device='cuda:0', grad_fn=<DivBackward0>)
Memory status after this epoch: 
Memory allocated:  471.5126953125
Memory cached:  902.0
