[I 2023-11-16 17:18:14,042] Trial 21 finished with value: 2.7331597805023193 and parameters: {'W_layers': 8, 'W_layer_units_exponent_0': 6, 'W_layer_units_exponent_1': 5, 'W_layer_units_exponent_2': 6, 'W_layer_units_exponent_3': 9, 'W_layer_units_exponent_4': 10, 'W_layer_units_exponent_5': 4, 'W_layer_units_exponent_6': 9, 'W_layer_units_exponent_7': 4, 'D_layers': 4, 'D_layer_units_exponent_0': 7, 'D_layer_units_exponent_1': 7, 'D_layer_units_exponent_2': 5, 'D_layer_units_exponent_3': 8, 'D_dagger_layers': 7, 'D_dagger_layer_units_exponent_0': 8, 'D_dagger_layer_units_exponent_1': 5, 'D_dagger_layer_units_exponent_2': 4, 'D_dagger_layer_units_exponent_3': 5, 'D_dagger_layer_units_exponent_4': 10, 'D_dagger_layer_units_exponent_5': 9, 'D_dagger_layer_units_exponent_6': 5, 'log_learning_rate': -4.009997620098476, 'log_learning_rate_D': -2.7893052469465265, 'log_learning_rate_D_dagger': -3.25283471623353, 'training_batch_size': 9, 'training_p': 3}. Best is trial 0 with value: 0.7597449421882629.
Time for this trial:  21.30780553817749
Memory status after this trial: 
Memory allocated:  235.203125
Memory cached:  260.0
--------------------  Trial  22   --------------------
Start timing: 
Parameters: 
{'W_layers': 5, 'W_layer_units_exponent_0': 10, 'W_layer_units_exponent_1': 8, 'W_layer_units_exponent_2': 10, 'W_layer_units_exponent_3': 6, 'W_layer_units_exponent_4': 5, 'D_layers': 5, 'D_layer_units_exponent_0': 6, 'D_layer_units_exponent_1': 6, 'D_layer_units_exponent_2': 8, 'D_layer_units_exponent_3': 7, 'D_layer_units_exponent_4': 8, 'D_dagger_layers': 4, 'D_dagger_layer_units_exponent_0': 4, 'D_dagger_layer_units_exponent_1': 10, 'D_dagger_layer_units_exponent_2': 4, 'D_dagger_layer_units_exponent_3': 6, 'log_learning_rate': -1.0039774142016986, 'log_learning_rate_D': -3.699204232699386, 'log_learning_rate_D_dagger': -3.8704565666145294, 'training_batch_size': 8, 'training_p': 7}
	 epoch  0 training error:  tensor(68.1229, device='cuda:0', grad_fn=<DivBackward0>)
Memory status after this epoch: 
Memory allocated:  10.1201171875
Memory cached:  14.0
	 epoch  10 training error:  tensor(39.9429, device='cuda:0', grad_fn=<DivBackward0>)
Memory status after this epoch: 
Memory allocated:  10.1201171875
Memory cached:  18.0
	 epoch  20 training error:  tensor(16.7175, device='cuda:0', grad_fn=<DivBackward0>)
Memory status after this epoch: 
Memory allocated:  10.1201171875
Memory cached:  18.0
	 epoch  30 training error:  tensor(5.1212, device='cuda:0', grad_fn=<DivBackward0>)
Memory status after this epoch: 
Memory allocated:  10.1201171875
Memory cached:  18.0
	 epoch  40 training error:  tensor(0.9286, device='cuda:0', grad_fn=<DivBackward0>)
Memory status after this epoch: 
Memory allocated:  10.1201171875
Memory cached:  18.0
	 epoch  50 training error:  tensor(1.0160, device='cuda:0', grad_fn=<DivBackward0>)
Memory status after this epoch: 
Memory allocated:  10.1201171875
Memory cached:  18.0
	 epoch  60 training error:  tensor(1.3675, device='cuda:0', grad_fn=<DivBackward0>)
Memory status after this epoch: 
Memory allocated:  10.1201171875
Memory cached:  18.0
	 epoch  70 training error:  tensor(1.0042, device='cuda:0', grad_fn=<DivBackward0>)
Memory status after this epoch: 
Memory allocated:  10.1201171875
Memory cached:  18.0
	 epoch  80 training error:  tensor(0.9216, device='cuda:0', grad_fn=<DivBackward0>)
Memory status after this epoch: 
Memory allocated:  10.1201171875
Memory cached:  18.0
	 epoch  90 training error:  tensor(0.9136, device='cuda:0', grad_fn=<DivBackward0>)
Memory status after this epoch: 
Memory allocated:  10.1201171875
Memory cached:  18.0
[I 2023-11-16 17:18:33,734] Trial 22 finished with value: 1.0740169286727905 and parameters: {'W_layers': 5, 'W_layer_units_exponent_0': 10, 'W_layer_units_exponent_1': 8, 'W_layer_units_exponent_2': 10, 'W_layer_units_exponent_3': 6, 'W_layer_units_exponent_4': 5, 'D_layers': 5, 'D_layer_units_exponent_0': 6, 'D_layer_units_exponent_1': 6, 'D_layer_units_exponent_2': 8, 'D_layer_units_exponent_3': 7, 'D_layer_units_exponent_4': 8, 'D_dagger_layers': 4, 'D_dagger_layer_units_exponent_0': 4, 'D_dagger_layer_units_exponent_1': 10, 'D_dagger_layer_units_exponent_2': 4, 'D_dagger_layer_units_exponent_3': 6, 'log_learning_rate': -1.0039774142016986, 'log_learning_rate_D': -3.699204232699386, 'log_learning_rate_D_dagger': -3.8704565666145294, 'training_batch_size': 8, 'training_p': 7}. Best is trial 0 with value: 0.7597449421882629.
Time for this trial:  19.502454042434692
Memory status after this trial: 
Memory allocated:  195.1884765625
Memory cached:  234.0
--------------------  Trial  23   --------------------
Start timing: 
Parameters: 
{'W_layers': 5, 'W_layer_units_exponent_0': 10, 'W_layer_units_exponent_1': 8, 'W_layer_units_exponent_2': 9, 'W_layer_units_exponent_3': 6, 'W_layer_units_exponent_4': 4, 'D_layers': 6, 'D_layer_units_exponent_0': 6, 'D_layer_units_exponent_1': 6, 'D_layer_units_exponent_2': 8, 'D_layer_units_exponent_3': 7, 'D_layer_units_exponent_4': 8, 'D_layer_units_exponent_5': 9, 'D_dagger_layers': 3, 'D_dagger_layer_units_exponent_0': 4, 'D_dagger_layer_units_exponent_1': 8, 'D_dagger_layer_units_exponent_2': 5, 'log_learning_rate': -1.005123631754576, 'log_learning_rate_D': -3.4854825858576155, 'log_learning_rate_D_dagger': -3.9079505668837147, 'training_batch_size': 7, 'training_p': 7}
	 epoch  0 training error:  tensor(65.7108, device='cuda:0', grad_fn=<DivBackward0>)
Memory status after this epoch: 
Memory allocated:  7.7578125
Memory cached:  12.0
	 epoch  10 training error:  tensor(53.6328, device='cuda:0', grad_fn=<DivBackward0>)
Memory status after this epoch: 
Memory allocated:  7.7578125
Memory cached:  14.0
	 epoch  20 training error:  tensor(36.3981, device='cuda:0', grad_fn=<DivBackward0>)
Memory status after this epoch: 
Memory allocated:  7.7578125
Memory cached:  14.0
	 epoch  30 training error:  tensor(19.4751, device='cuda:0', grad_fn=<DivBackward0>)
Memory status after this epoch: 
Memory allocated:  7.7578125
Memory cached:  14.0
	 epoch  40 training error:  tensor(11.0719, device='cuda:0', grad_fn=<DivBackward0>)
Memory status after this epoch: 
Memory allocated:  7.7578125
Memory cached:  14.0
	 epoch  50 training error:  tensor(7.5553, device='cuda:0', grad_fn=<DivBackward0>)
Memory status after this epoch: 
Memory allocated:  7.7578125
Memory cached:  14.0
	 epoch  60 training error:  tensor(4.7685, device='cuda:0', grad_fn=<DivBackward0>)
Memory status after this epoch: 
Memory allocated:  7.7578125
Memory cached:  14.0
	 epoch  70 training error:  tensor(2.2477, device='cuda:0', grad_fn=<DivBackward0>)
Memory status after this epoch: 
Memory allocated:  7.7578125
Memory cached:  14.0
	 epoch  80 training error:  tensor(0.9117, device='cuda:0', grad_fn=<DivBackward0>)
Memory status after this epoch: 
Memory allocated:  7.7578125
Memory cached:  14.0
	 epoch  90 training error:  tensor(1.0498, device='cuda:0', grad_fn=<DivBackward0>)
Memory status after this epoch: 
Memory allocated:  7.7578125
Memory cached:  14.0
[I 2023-11-16 17:18:52,572] Trial 23 finished with value: 0.7597793340682983 and parameters: {'W_layers': 5, 'W_layer_units_exponent_0': 10, 'W_layer_units_exponent_1': 8, 'W_layer_units_exponent_2': 9, 'W_layer_units_exponent_3': 6, 'W_layer_units_exponent_4': 4, 'D_layers': 6, 'D_layer_units_exponent_0': 6, 'D_layer_units_exponent_1': 6, 'D_layer_units_exponent_2': 8, 'D_layer_units_exponent_3': 7, 'D_layer_units_exponent_4': 8, 'D_layer_units_exponent_5': 9, 'D_dagger_layers': 3, 'D_dagger_layer_units_exponent_0': 4, 'D_dagger_layer_units_exponent_1': 8, 'D_dagger_layer_units_exponent_2': 5, 'log_learning_rate': -1.005123631754576, 'log_learning_rate_D': -3.4854825858576155, 'log_learning_rate_D_dagger': -3.9079505668837147, 'training_batch_size': 7, 'training_p': 7}. Best is trial 0 with value: 0.7597449421882629.
Time for this trial:  18.638059377670288
Memory status after this trial: 
Memory allocated:  122.166015625
Memory cached:  136.0
--------------------  Trial  24   --------------------
Start timing: 
Parameters: 
{'W_layers': 2, 'W_layer_units_exponent_0': 9, 'W_layer_units_exponent_1': 7, 'D_layers': 7, 'D_layer_units_exponent_0': 5, 'D_layer_units_exponent_1': 5, 'D_layer_units_exponent_2': 7, 'D_layer_units_exponent_3': 5, 'D_layer_units_exponent_4': 8, 'D_layer_units_exponent_5': 9, 'D_layer_units_exponent_6': 8, 'D_dagger_layers': 3, 'D_dagger_layer_units_exponent_0': 5, 'D_dagger_layer_units_exponent_1': 8, 'D_dagger_layer_units_exponent_2': 5, 'log_learning_rate': -1.55394549517918, 'log_learning_rate_D': -4.110157593452572, 'log_learning_rate_D_dagger': -4.476207453672799, 'training_batch_size': 7, 'training_p': 6}
	 epoch  0 training error:  tensor(65.8989, device='cuda:0', grad_fn=<DivBackward0>)
Memory status after this epoch: 
Memory allocated:  2.51318359375
Memory cached:  8.0
	 epoch  10 training error:  tensor(73.8676, device='cuda:0', grad_fn=<DivBackward0>)
Memory status after this epoch: 
Memory allocated:  2.51318359375
Memory cached:  10.0
	 epoch  20 training error:  tensor(69.1583, device='cuda:0', grad_fn=<DivBackward0>)
Memory status after this epoch: 
Memory allocated:  2.51318359375
Memory cached:  10.0
	 epoch  30 training error:  tensor(62.9323, device='cuda:0', grad_fn=<DivBackward0>)
Memory status after this epoch: 
Memory allocated:  2.51318359375
Memory cached:  10.0
	 epoch  40 training error:  tensor(55.6749, device='cuda:0', grad_fn=<DivBackward0>)
Memory status after this epoch: 
Memory allocated:  2.51318359375
Memory cached:  10.0
	 epoch  50 training error:  tensor(47.2373, device='cuda:0', grad_fn=<DivBackward0>)
Memory status after this epoch: 
Memory allocated:  2.51318359375
Memory cached:  10.0
	 epoch  60 training error:  tensor(37.4448, device='cuda:0', grad_fn=<DivBackward0>)
Memory status after this epoch: 
Memory allocated:  2.51318359375
Memory cached:  10.0
	 epoch  70 training error:  tensor(28.5475, device='cuda:0', grad_fn=<DivBackward0>)
Memory status after this epoch: 
Memory allocated:  2.51318359375
Memory cached:  10.0
	 epoch  80 training error:  tensor(19.8752, device='cuda:0', grad_fn=<DivBackward0>)
Memory status after this epoch: 
Memory allocated:  2.51318359375
Memory cached:  10.0
	 epoch  90 training error:  tensor(11.3551, device='cuda:0', grad_fn=<DivBackward0>)
Memory status after this epoch: 
Memory allocated:  2.51318359375
Memory cached:  10.0
[I 2023-11-16 17:19:09,381] Trial 24 finished with value: 3.6243278980255127 and parameters: {'W_layers': 2, 'W_layer_units_exponent_0': 9, 'W_layer_units_exponent_1': 7, 'D_layers': 7, 'D_layer_units_exponent_0': 5, 'D_layer_units_exponent_1': 5, 'D_layer_units_exponent_2': 7, 'D_layer_units_exponent_3': 5, 'D_layer_units_exponent_4': 8, 'D_layer_units_exponent_5': 9, 'D_layer_units_exponent_6': 8, 'D_dagger_layers': 3, 'D_dagger_layer_units_exponent_0': 5, 'D_dagger_layer_units_exponent_1': 8, 'D_dagger_layer_units_exponent_2': 5, 'log_learning_rate': -1.55394549517918, 'log_learning_rate_D': -4.110157593452572, 'log_learning_rate_D_dagger': -4.476207453672799, 'training_batch_size': 7, 'training_p': 6}. Best is trial 0 with value: 0.7597449421882629.
Time for this trial:  16.619799613952637
Memory status after this trial: 
Memory allocated:  53.0771484375
Memory cached:  74.0
--------------------  Trial  25   --------------------
Start timing: 
Parameters: 
{'W_layers': 4, 'W_layer_units_exponent_0': 10, 'W_layer_units_exponent_1': 9, 'W_layer_units_exponent_2': 9, 'W_layer_units_exponent_3': 7, 'D_layers': 6, 'D_layer_units_exponent_0': 4, 'D_layer_units_exponent_1': 6, 'D_layer_units_exponent_2': 9, 'D_layer_units_exponent_3': 8, 'D_layer_units_exponent_4': 8, 'D_layer_units_exponent_5': 8, 'D_dagger_layers': 5, 'D_dagger_layer_units_exponent_0': 4, 'D_dagger_layer_units_exponent_1': 8, 'D_dagger_layer_units_exponent_2': 5, 'D_dagger_layer_units_exponent_3': 7, 'D_dagger_layer_units_exponent_4': 7, 'log_learning_rate': -1.3195802021175727, 'log_learning_rate_D': -3.3624710534674183, 'log_learning_rate_D_dagger': -4.09870010817933, 'training_batch_size': 7, 'training_p': 4}
	 epoch  0 training error:  tensor(77.9361, device='cuda:0', grad_fn=<DivBackward0>)
Memory status after this epoch: 
Memory allocated:  14.86083984375
Memory cached:  46.0
	 epoch  10 training error:  tensor(62.6197, device='cuda:0', grad_fn=<DivBackward0>)
Memory status after this epoch: 
Memory allocated:  14.86083984375
Memory cached:  48.0
	 epoch  20 training error:  tensor(47.7374, device='cuda:0', grad_fn=<DivBackward0>)
Memory status after this epoch: 
Memory allocated:  14.86083984375
Memory cached:  48.0
	 epoch  30 training error:  tensor(27.8526, device='cuda:0', grad_fn=<DivBackward0>)
Memory status after this epoch: 
Memory allocated:  14.86083984375
Memory cached:  48.0
	 epoch  40 training error:  tensor(2.3732, device='cuda:0', grad_fn=<DivBackward0>)
Memory status after this epoch: 
Memory allocated:  14.86083984375
Memory cached:  48.0
	 epoch  50 training error:  tensor(4.9197, device='cuda:0', grad_fn=<DivBackward0>)
Memory status after this epoch: 
Memory allocated:  14.86083984375
Memory cached:  48.0
	 epoch  60 training error:  tensor(2.6828, device='cuda:0', grad_fn=<DivBackward0>)
Memory status after this epoch: 
Memory allocated:  14.86083984375
Memory cached:  48.0
	 epoch  70 training error:  tensor(1.2389, device='cuda:0', grad_fn=<DivBackward0>)
Memory status after this epoch: 
Memory allocated:  14.86083984375
Memory cached:  48.0
	 epoch  80 training error:  tensor(0.9983, device='cuda:0', grad_fn=<DivBackward0>)
Memory status after this epoch: 
Memory allocated:  14.86083984375
Memory cached:  48.0
	 epoch  90 training error:  tensor(0.9607, device='cuda:0', grad_fn=<DivBackward0>)
Memory status after this epoch: 
Memory allocated:  14.86083984375
Memory cached:  48.0
[I 2023-11-16 17:19:28,660] Trial 25 finished with value: 0.7502580285072327 and parameters: {'W_layers': 4, 'W_layer_units_exponent_0': 10, 'W_layer_units_exponent_1': 9, 'W_layer_units_exponent_2': 9, 'W_layer_units_exponent_3': 7, 'D_layers': 6, 'D_layer_units_exponent_0': 4, 'D_layer_units_exponent_1': 6, 'D_layer_units_exponent_2': 9, 'D_layer_units_exponent_3': 8, 'D_layer_units_exponent_4': 8, 'D_layer_units_exponent_5': 8, 'D_dagger_layers': 5, 'D_dagger_layer_units_exponent_0': 4, 'D_dagger_layer_units_exponent_1': 8, 'D_dagger_layer_units_exponent_2': 5, 'D_dagger_layer_units_exponent_3': 7, 'D_dagger_layer_units_exponent_4': 7, 'log_learning_rate': -1.3195802021175727, 'log_learning_rate_D': -3.3624710534674183, 'log_learning_rate_D_dagger': -4.09870010817933, 'training_batch_size': 7, 'training_p': 4}. Best is trial 25 with value: 0.7502580285072327.
Time for this trial:  19.080238103866577
Memory status after this trial: 
Memory allocated:  155.662109375
Memory cached:  168.0
--------------------  Trial  26   --------------------
Start timing: 
Parameters: 
{'W_layers': 4, 'W_layer_units_exponent_0': 10, 'W_layer_units_exponent_1': 9, 'W_layer_units_exponent_2': 9, 'W_layer_units_exponent_3': 7, 'D_layers': 6, 'D_layer_units_exponent_0': 4, 'D_layer_units_exponent_1': 7, 'D_layer_units_exponent_2': 9, 'D_layer_units_exponent_3': 8, 'D_layer_units_exponent_4': 8, 'D_layer_units_exponent_5': 9, 'D_dagger_layers': 3, 'D_dagger_layer_units_exponent_0': 4, 'D_dagger_layer_units_exponent_1': 8, 'D_dagger_layer_units_exponent_2': 5, 'log_learning_rate': -1.4142941062967658, 'log_learning_rate_D': -3.276848503629854, 'log_learning_rate_D_dagger': -3.97849585087262, 'training_batch_size': 7, 'training_p': 4}
	 epoch  0 training error:  tensor(86.9083, device='cuda:0', grad_fn=<DivBackward0>)
Memory status after this epoch: 
Memory allocated:  14.92529296875
Memory cached:  26.0
	 epoch  10 training error:  tensor(78.0001, device='cuda:0', grad_fn=<DivBackward0>)
Memory status after this epoch: 
Memory allocated:  14.92529296875
Memory cached:  28.0
	 epoch  20 training error:  tensor(61.8790, device='cuda:0', grad_fn=<DivBackward0>)
Memory status after this epoch: 
Memory allocated:  14.92529296875
Memory cached:  28.0
	 epoch  30 training error:  tensor(40.9219, device='cuda:0', grad_fn=<DivBackward0>)
Memory status after this epoch: 
Memory allocated:  14.92529296875
Memory cached:  28.0
	 epoch  40 training error:  tensor(21.4421, device='cuda:0', grad_fn=<DivBackward0>)
Memory status after this epoch: 
Memory allocated:  14.92529296875
Memory cached:  28.0
	 epoch  50 training error:  tensor(4.1157, device='cuda:0', grad_fn=<DivBackward0>)
Memory status after this epoch: 
Memory allocated:  14.92529296875
Memory cached:  28.0
	 epoch  60 training error:  tensor(4.4583, device='cuda:0', grad_fn=<DivBackward0>)
Memory status after this epoch: 
Memory allocated:  14.92529296875
Memory cached:  28.0
	 epoch  70 training error:  tensor(1.7809, device='cuda:0', grad_fn=<DivBackward0>)
Memory status after this epoch: 
Memory allocated:  14.92529296875
Memory cached:  28.0
	 epoch  80 training error:  tensor(1.0774, device='cuda:0', grad_fn=<DivBackward0>)
Memory status after this epoch: 
Memory allocated:  14.92529296875
Memory cached:  28.0
	 epoch  90 training error:  tensor(1.1280, device='cuda:0', grad_fn=<DivBackward0>)
Memory status after this epoch: 
Memory allocated:  14.92529296875
Memory cached:  28.0
[I 2023-11-16 17:19:47,518] Trial 26 finished with value: 1.0184828042984009 and parameters: {'W_layers': 4, 'W_layer_units_exponent_0': 10, 'W_layer_units_exponent_1': 9, 'W_layer_units_exponent_2': 9, 'W_layer_units_exponent_3': 7, 'D_layers': 6, 'D_layer_units_exponent_0': 4, 'D_layer_units_exponent_1': 7, 'D_layer_units_exponent_2': 9, 'D_layer_units_exponent_3': 8, 'D_layer_units_exponent_4': 8, 'D_layer_units_exponent_5': 9, 'D_dagger_layers': 3, 'D_dagger_layer_units_exponent_0': 4, 'D_dagger_layer_units_exponent_1': 8, 'D_dagger_layer_units_exponent_2': 5, 'log_learning_rate': -1.4142941062967658, 'log_learning_rate_D': -3.276848503629854, 'log_learning_rate_D_dagger': -3.97849585087262, 'training_batch_size': 7, 'training_p': 4}. Best is trial 25 with value: 0.7502580285072327.
Time for this trial:  18.6603045463562
Memory status after this trial: 
Memory allocated:  141.83203125
Memory cached:  154.0
--------------------  Trial  27   --------------------
Start timing: 
Parameters: 
{'W_layers': 6, 'W_layer_units_exponent_0': 10, 'W_layer_units_exponent_1': 6, 'W_layer_units_exponent_2': 8, 'W_layer_units_exponent_3': 5, 'W_layer_units_exponent_4': 4, 'W_layer_units_exponent_5': 6, 'D_layers': 6, 'D_layer_units_exponent_0': 4, 'D_layer_units_exponent_1': 5, 'D_layer_units_exponent_2': 10, 'D_layer_units_exponent_3': 8, 'D_layer_units_exponent_4': 10, 'D_layer_units_exponent_5': 8, 'D_dagger_layers': 5, 'D_dagger_layer_units_exponent_0': 5, 'D_dagger_layer_units_exponent_1': 8, 'D_dagger_layer_units_exponent_2': 6, 'D_dagger_layer_units_exponent_3': 9, 'D_dagger_layer_units_exponent_4': 5, 'log_learning_rate': -1.2564723370213633, 'log_learning_rate_D': -2.719734149661372, 'log_learning_rate_D_dagger': -3.3776423718493773, 'training_batch_size': 6, 'training_p': 4}
	 epoch  0 training error:  tensor(227.0316, device='cuda:0', grad_fn=<DivBackward0>)
Memory status after this epoch: 
Memory allocated:  5.86279296875
Memory cached:  12.0
	 epoch  10 training error:  tensor(6.8762, device='cuda:0', grad_fn=<DivBackward0>)
Memory status after this epoch: 
Memory allocated:  5.86279296875
Memory cached:  12.0
	 epoch  20 training error:  tensor(4.6665, device='cuda:0', grad_fn=<DivBackward0>)
Memory status after this epoch: 
Memory allocated:  5.86279296875
Memory cached:  12.0
	 epoch  30 training error:  tensor(3.9703, device='cuda:0', grad_fn=<DivBackward0>)
Memory status after this epoch: 
Memory allocated:  5.86279296875
Memory cached:  14.0
	 epoch  40 training error:  tensor(3.0720, device='cuda:0', grad_fn=<DivBackward0>)
Memory status after this epoch: 
Memory allocated:  5.86279296875
Memory cached:  14.0
	 epoch  50 training error:  tensor(3.3209, device='cuda:0', grad_fn=<DivBackward0>)
Memory status after this epoch: 
Memory allocated:  5.86279296875
Memory cached:  14.0
	 epoch  60 training error:  tensor(3.0450, device='cuda:0', grad_fn=<DivBackward0>)
Memory status after this epoch: 
Memory allocated:  5.86279296875
Memory cached:  14.0
	 epoch  70 training error:  tensor(3.1862, device='cuda:0', grad_fn=<DivBackward0>)
Memory status after this epoch: 
Memory allocated:  5.86279296875
Memory cached:  14.0
	 epoch  80 training error:  tensor(2.8024, device='cuda:0', grad_fn=<DivBackward0>)
Memory status after this epoch: 
Memory allocated:  5.86279296875
Memory cached:  14.0
	 epoch  90 training error:  tensor(2.4883, device='cuda:0', grad_fn=<DivBackward0>)
Memory status after this epoch: 
Memory allocated:  5.86279296875
Memory cached:  14.0
