[I 2023-11-16 15:05:58,480] Trial 6 finished with value: 0.007588885258883238 and parameters: {'W_layers': 4, 'W_layer_units_exponent_0': 8, 'W_layer_units_exponent_1': 4, 'W_layer_units_exponent_2': 9, 'W_layer_units_exponent_3': 6, 'D_layers': 6, 'D_layer_units_exponent_0': 7, 'D_layer_units_exponent_1': 4, 'D_layer_units_exponent_2': 5, 'D_layer_units_exponent_3': 6, 'D_layer_units_exponent_4': 4, 'D_layer_units_exponent_5': 10, 'log_learning_rate': -3.996394794313124, 'log_learning_rate_D': -1.3901214125533659, 'training_batch_size': 10, 'training_p': 4}. Best is trial 6 with value: 0.007588885258883238.
Time for this trial:  150.7889575958252
Memory status after this trial: 
Memory allocated:  356.85009765625
Memory cached:  376.0
--------------------  Trial  7   --------------------
Start timing: 
Parameters: 
{'W_layers': 5, 'W_layer_units_exponent_0': 7, 'W_layer_units_exponent_1': 8, 'W_layer_units_exponent_2': 6, 'W_layer_units_exponent_3': 5, 'W_layer_units_exponent_4': 4, 'D_layers': 2, 'D_layer_units_exponent_0': 4, 'D_layer_units_exponent_1': 9, 'log_learning_rate': -1.3654921582079895, 'log_learning_rate_D': -1.340555510667449, 'training_batch_size': 6, 'training_p': 4}
	 epoch  0 training error:  tensor(50.8852, device='cuda:0', grad_fn=<DivBackward0>)
	 epoch  0 test error:  tensor(2.8051, device='cuda:0', grad_fn=<DivBackward0>)
Memory status after this epoch: 
Memory allocated:  120.54345703125
Memory cached:  184.0
	 epoch  10 training error:  tensor(1., device='cuda:0', grad_fn=<DivBackward0>)
	 epoch  10 test error:  tensor(0.0443, device='cuda:0', grad_fn=<DivBackward0>)
Memory status after this epoch: 
Memory allocated:  121.48095703125
Memory cached:  258.0
	 epoch  20 training error:  tensor(1., device='cuda:0', grad_fn=<DivBackward0>)
	 epoch  20 test error:  tensor(0.0443, device='cuda:0', grad_fn=<DivBackward0>)
Memory status after this epoch: 
Memory allocated:  120.54345703125
Memory cached:  258.0
	 epoch  30 training error:  tensor(1., device='cuda:0', grad_fn=<DivBackward0>)
	 epoch  30 test error:  tensor(0.0443, device='cuda:0', grad_fn=<DivBackward0>)
Memory status after this epoch: 
Memory allocated:  121.48095703125
Memory cached:  258.0
	 epoch  40 training error:  tensor(1., device='cuda:0', grad_fn=<DivBackward0>)
	 epoch  40 test error:  tensor(0.0443, device='cuda:0', grad_fn=<DivBackward0>)
Memory status after this epoch: 
Memory allocated:  120.54345703125
Memory cached:  258.0
	 epoch  50 training error:  tensor(1., device='cuda:0', grad_fn=<DivBackward0>)
	 epoch  50 test error:  tensor(0.0443, device='cuda:0', grad_fn=<DivBackward0>)
Memory status after this epoch: 
Memory allocated:  121.48095703125
Memory cached:  258.0
	 epoch  60 training error:  tensor(1., device='cuda:0', grad_fn=<DivBackward0>)
	 epoch  60 test error:  tensor(0.0443, device='cuda:0', grad_fn=<DivBackward0>)
Memory status after this epoch: 
Memory allocated:  120.54345703125
Memory cached:  258.0
	 epoch  70 training error:  tensor(1., device='cuda:0', grad_fn=<DivBackward0>)
	 epoch  70 test error:  tensor(0.0443, device='cuda:0', grad_fn=<DivBackward0>)
Memory status after this epoch: 
Memory allocated:  121.48095703125
Memory cached:  258.0
	 epoch  80 training error:  tensor(1., device='cuda:0', grad_fn=<DivBackward0>)
	 epoch  80 test error:  tensor(0.0443, device='cuda:0', grad_fn=<DivBackward0>)
Memory status after this epoch: 
Memory allocated:  120.54345703125
Memory cached:  258.0
	 epoch  90 training error:  tensor(1., device='cuda:0', grad_fn=<DivBackward0>)
	 epoch  90 test error:  tensor(0.0443, device='cuda:0', grad_fn=<DivBackward0>)
Memory status after this epoch: 
Memory allocated:  121.48095703125
Memory cached:  258.0
[I 2023-11-16 15:09:18,420] Trial 7 finished with value: 0.04426875337958336 and parameters: {'W_layers': 5, 'W_layer_units_exponent_0': 7, 'W_layer_units_exponent_1': 8, 'W_layer_units_exponent_2': 6, 'W_layer_units_exponent_3': 5, 'W_layer_units_exponent_4': 4, 'D_layers': 2, 'D_layer_units_exponent_0': 4, 'D_layer_units_exponent_1': 9, 'log_learning_rate': -1.3654921582079895, 'log_learning_rate_D': -1.340555510667449, 'training_batch_size': 6, 'training_p': 4}. Best is trial 6 with value: 0.007588885258883238.
Time for this trial:  199.78244161605835
Memory status after this trial: 
Memory allocated:  239.32275390625
Memory cached:  258.0
--------------------  Trial  8   --------------------
Start timing: 
Parameters: 
{'W_layers': 4, 'W_layer_units_exponent_0': 9, 'W_layer_units_exponent_1': 6, 'W_layer_units_exponent_2': 5, 'W_layer_units_exponent_3': 9, 'D_layers': 4, 'D_layer_units_exponent_0': 6, 'D_layer_units_exponent_1': 7, 'D_layer_units_exponent_2': 4, 'D_layer_units_exponent_3': 8, 'log_learning_rate': -4.854211350572696, 'log_learning_rate_D': -4.924717448289966, 'training_batch_size': 11, 'training_p': 8}
	 epoch  0 training error:  tensor(2.1906, device='cuda:0', grad_fn=<DivBackward0>)
	 epoch  0 test error:  tensor(0.1000, device='cuda:0', grad_fn=<DivBackward0>)
Memory status after this epoch: 
Memory allocated:  151.36474609375
Memory cached:  170.0
	 epoch  10 training error:  tensor(1.3296, device='cuda:0', grad_fn=<DivBackward0>)
	 epoch  10 test error:  tensor(0.0571, device='cuda:0', grad_fn=<DivBackward0>)
Memory status after this epoch: 
Memory allocated:  150.42724609375
Memory cached:  316.0
	 epoch  20 training error:  tensor(0.5706, device='cuda:0', grad_fn=<DivBackward0>)
	 epoch  20 test error:  tensor(0.0165, device='cuda:0', grad_fn=<DivBackward0>)
Memory status after this epoch: 
Memory allocated:  151.36474609375
Memory cached:  316.0
	 epoch  30 training error:  tensor(0.5009, device='cuda:0', grad_fn=<DivBackward0>)
	 epoch  30 test error:  tensor(0.0135, device='cuda:0', grad_fn=<DivBackward0>)
Memory status after this epoch: 
Memory allocated:  150.42724609375
Memory cached:  316.0
	 epoch  40 training error:  tensor(0.3671, device='cuda:0', grad_fn=<DivBackward0>)
	 epoch  40 test error:  tensor(0.0085, device='cuda:0', grad_fn=<DivBackward0>)
Memory status after this epoch: 
Memory allocated:  151.36474609375
Memory cached:  316.0
	 epoch  50 training error:  tensor(0.3787, device='cuda:0', grad_fn=<DivBackward0>)
	 epoch  50 test error:  tensor(0.0085, device='cuda:0', grad_fn=<DivBackward0>)
Memory status after this epoch: 
Memory allocated:  150.42724609375
Memory cached:  316.0
	 epoch  60 training error:  tensor(0.3733, device='cuda:0', grad_fn=<DivBackward0>)
	 epoch  60 test error:  tensor(0.0073, device='cuda:0', grad_fn=<DivBackward0>)
Memory status after this epoch: 
Memory allocated:  151.36474609375
Memory cached:  316.0
	 epoch  70 training error:  tensor(0.3693, device='cuda:0', grad_fn=<DivBackward0>)
	 epoch  70 test error:  tensor(0.0081, device='cuda:0', grad_fn=<DivBackward0>)
Memory status after this epoch: 
Memory allocated:  150.42724609375
Memory cached:  318.0
	 epoch  80 training error:  tensor(0.3672, device='cuda:0', grad_fn=<DivBackward0>)
	 epoch  80 test error:  tensor(0.0075, device='cuda:0', grad_fn=<DivBackward0>)
Memory status after this epoch: 
Memory allocated:  151.36474609375
Memory cached:  318.0
	 epoch  90 training error:  tensor(0.3662, device='cuda:0', grad_fn=<DivBackward0>)
	 epoch  90 test error:  tensor(0.0078, device='cuda:0', grad_fn=<DivBackward0>)
Memory status after this epoch: 
Memory allocated:  150.42724609375
Memory cached:  318.0
[I 2023-11-16 15:11:29,978] Trial 8 finished with value: 0.00756793050095439 and parameters: {'W_layers': 4, 'W_layer_units_exponent_0': 9, 'W_layer_units_exponent_1': 6, 'W_layer_units_exponent_2': 5, 'W_layer_units_exponent_3': 9, 'D_layers': 4, 'D_layer_units_exponent_0': 6, 'D_layer_units_exponent_1': 7, 'D_layer_units_exponent_2': 4, 'D_layer_units_exponent_3': 8, 'log_learning_rate': -4.854211350572696, 'log_learning_rate_D': -4.924717448289966, 'training_batch_size': 11, 'training_p': 8}. Best is trial 8 with value: 0.00756793050095439.
Time for this trial:  131.4019649028778
Memory status after this trial: 
Memory allocated:  298.92041015625
Memory cached:  320.0
--------------------  Trial  9   --------------------
Start timing: 
Parameters: 
{'W_layers': 8, 'W_layer_units_exponent_0': 9, 'W_layer_units_exponent_1': 8, 'W_layer_units_exponent_2': 4, 'W_layer_units_exponent_3': 8, 'W_layer_units_exponent_4': 10, 'W_layer_units_exponent_5': 6, 'W_layer_units_exponent_6': 10, 'W_layer_units_exponent_7': 4, 'D_layers': 6, 'D_layer_units_exponent_0': 7, 'D_layer_units_exponent_1': 7, 'D_layer_units_exponent_2': 8, 'D_layer_units_exponent_3': 10, 'D_layer_units_exponent_4': 8, 'D_layer_units_exponent_5': 10, 'log_learning_rate': -3.072238888366998, 'log_learning_rate_D': -1.5387652842907769, 'training_batch_size': 10, 'training_p': 6}
	 epoch  0 training error:  tensor(0.9377, device='cuda:0', grad_fn=<DivBackward0>)
	 epoch  0 test error:  tensor(0.0457, device='cuda:0', grad_fn=<DivBackward0>)
Memory status after this epoch: 
Memory allocated:  404.5283203125
Memory cached:  464.0
	 epoch  10 training error:  tensor(1.0244, device='cuda:0', grad_fn=<DivBackward0>)
	 epoch  10 test error:  tensor(0.0444, device='cuda:0', grad_fn=<DivBackward0>)
Memory status after this epoch: 
Memory allocated:  405.4658203125
Memory cached:  804.0
	 epoch  20 training error:  tensor(1.0012, device='cuda:0', grad_fn=<DivBackward0>)
	 epoch  20 test error:  tensor(0.0442, device='cuda:0', grad_fn=<DivBackward0>)
Memory status after this epoch: 
Memory allocated:  404.5283203125
Memory cached:  804.0
	 epoch  30 training error:  tensor(0.5638, device='cuda:0', grad_fn=<DivBackward0>)
	 epoch  30 test error:  tensor(0.0088, device='cuda:0', grad_fn=<DivBackward0>)
Memory status after this epoch: 
Memory allocated:  405.4658203125
Memory cached:  804.0
	 epoch  40 training error:  tensor(0.3966, device='cuda:0', grad_fn=<DivBackward0>)
	 epoch  40 test error:  tensor(0.0280, device='cuda:0', grad_fn=<DivBackward0>)
Memory status after this epoch: 
Memory allocated:  404.5283203125
Memory cached:  804.0
	 epoch  50 training error:  tensor(0.7070, device='cuda:0', grad_fn=<DivBackward0>)
	 epoch  50 test error:  tensor(0.0204, device='cuda:0', grad_fn=<DivBackward0>)
Memory status after this epoch: 
Memory allocated:  405.4658203125
Memory cached:  804.0
	 epoch  60 training error:  tensor(0.4501, device='cuda:0', grad_fn=<DivBackward0>)
	 epoch  60 test error:  tensor(0.0073, device='cuda:0', grad_fn=<DivBackward0>)
Memory status after this epoch: 
Memory allocated:  404.5283203125
Memory cached:  804.0
	 epoch  70 training error:  tensor(0.3380, device='cuda:0', grad_fn=<DivBackward0>)
	 epoch  70 test error:  tensor(0.0080, device='cuda:0', grad_fn=<DivBackward0>)
Memory status after this epoch: 
Memory allocated:  405.4658203125
Memory cached:  804.0
	 epoch  80 training error:  tensor(0.3429, device='cuda:0', grad_fn=<DivBackward0>)
	 epoch  80 test error:  tensor(0.0074, device='cuda:0', grad_fn=<DivBackward0>)
Memory status after this epoch: 
Memory allocated:  404.5283203125
Memory cached:  804.0
	 epoch  90 training error:  tensor(0.3392, device='cuda:0', grad_fn=<DivBackward0>)
	 epoch  90 test error:  tensor(0.0076, device='cuda:0', grad_fn=<DivBackward0>)
Memory status after this epoch: 
Memory allocated:  405.4658203125
Memory cached:  804.0
[I 2023-11-16 15:14:51,401] Trial 9 finished with value: 0.007390871644020081 and parameters: {'W_layers': 8, 'W_layer_units_exponent_0': 9, 'W_layer_units_exponent_1': 8, 'W_layer_units_exponent_2': 4, 'W_layer_units_exponent_3': 8, 'W_layer_units_exponent_4': 10, 'W_layer_units_exponent_5': 6, 'W_layer_units_exponent_6': 10, 'W_layer_units_exponent_7': 4, 'D_layers': 6, 'D_layer_units_exponent_0': 7, 'D_layer_units_exponent_1': 7, 'D_layer_units_exponent_2': 8, 'D_layer_units_exponent_3': 10, 'D_layer_units_exponent_4': 8, 'D_layer_units_exponent_5': 10, 'log_learning_rate': -3.072238888366998, 'log_learning_rate_D': -1.5387652842907769, 'training_batch_size': 10, 'training_p': 6}. Best is trial 9 with value: 0.007390871644020081.
Time for this trial:  201.24004435539246
Memory status after this trial: 
Memory allocated:  776.82373046875
Memory cached:  804.0
--------------------  Trial  10   --------------------
Start timing: 
Parameters: 
{'W_layers': 6, 'W_layer_units_exponent_0': 5, 'W_layer_units_exponent_1': 5, 'W_layer_units_exponent_2': 7, 'W_layer_units_exponent_3': 6, 'W_layer_units_exponent_4': 6, 'W_layer_units_exponent_5': 6, 'D_layers': 3, 'D_layer_units_exponent_0': 9, 'D_layer_units_exponent_1': 10, 'D_layer_units_exponent_2': 8, 'log_learning_rate': -3.546867038190641, 'log_learning_rate_D': -4.9936987485603765, 'training_batch_size': 12, 'training_p': 3}
	 epoch  0 training error:  tensor(1.1580, device='cuda:0', grad_fn=<DivBackward0>)
	 epoch  0 test error:  tensor(0.0368, device='cuda:0', grad_fn=<DivBackward0>)
Memory status after this epoch: 
Memory allocated:  193.2392578125
Memory cached:  224.0
	 epoch  10 training error:  tensor(0.2602, device='cuda:0', grad_fn=<DivBackward0>)
	 epoch  10 test error:  tensor(0.0107, device='cuda:0', grad_fn=<DivBackward0>)
Memory status after this epoch: 
Memory allocated:  193.1923828125
Memory cached:  382.0
	 epoch  20 training error:  tensor(0.2832, device='cuda:0', grad_fn=<DivBackward0>)
	 epoch  20 test error:  tensor(0.0087, device='cuda:0', grad_fn=<DivBackward0>)
Memory status after this epoch: 
Memory allocated:  193.2861328125
Memory cached:  382.0
	 epoch  30 training error:  tensor(0.2730, device='cuda:0', grad_fn=<DivBackward0>)
	 epoch  30 test error:  tensor(0.0091, device='cuda:0', grad_fn=<DivBackward0>)
Memory status after this epoch: 
Memory allocated:  193.6142578125
Memory cached:  382.0
	 epoch  40 training error:  tensor(0.2556, device='cuda:0', grad_fn=<DivBackward0>)
	 epoch  40 test error:  tensor(0.0073, device='cuda:0', grad_fn=<DivBackward0>)
Memory status after this epoch: 
Memory allocated:  192.8173828125
Memory cached:  384.0
	 epoch  50 training error:  tensor(0.2517, device='cuda:0', grad_fn=<DivBackward0>)
	 epoch  50 test error:  tensor(0.0072, device='cuda:0', grad_fn=<DivBackward0>)
Memory status after this epoch: 
Memory allocated:  193.6142578125
Memory cached:  386.0
	 epoch  60 training error:  tensor(0.2504, device='cuda:0', grad_fn=<DivBackward0>)
	 epoch  60 test error:  tensor(0.0077, device='cuda:0', grad_fn=<DivBackward0>)
Memory status after this epoch: 
Memory allocated:  192.8173828125
Memory cached:  386.0
	 epoch  70 training error:  tensor(0.2482, device='cuda:0', grad_fn=<DivBackward0>)
	 epoch  70 test error:  tensor(0.0075, device='cuda:0', grad_fn=<DivBackward0>)
Memory status after this epoch: 
Memory allocated:  193.6142578125
Memory cached:  386.0
	 epoch  80 training error:  tensor(0.2468, device='cuda:0', grad_fn=<DivBackward0>)
	 epoch  80 test error:  tensor(0.0076, device='cuda:0', grad_fn=<DivBackward0>)
Memory status after this epoch: 
Memory allocated:  192.8173828125
Memory cached:  386.0
	 epoch  90 training error:  tensor(0.2462, device='cuda:0', grad_fn=<DivBackward0>)
	 epoch  90 test error:  tensor(0.0078, device='cuda:0', grad_fn=<DivBackward0>)
Memory status after this epoch: 
Memory allocated:  193.6142578125
Memory cached:  382.0
[I 2023-11-16 15:17:07,275] Trial 10 finished with value: 0.007961046881973743 and parameters: {'W_layers': 6, 'W_layer_units_exponent_0': 5, 'W_layer_units_exponent_1': 5, 'W_layer_units_exponent_2': 7, 'W_layer_units_exponent_3': 6, 'W_layer_units_exponent_4': 6, 'W_layer_units_exponent_5': 6, 'D_layers': 3, 'D_layer_units_exponent_0': 9, 'D_layer_units_exponent_1': 10, 'D_layer_units_exponent_2': 8, 'log_learning_rate': -3.546867038190641, 'log_learning_rate_D': -4.9936987485603765, 'training_batch_size': 12, 'training_p': 3}. Best is trial 9 with value: 0.007390871644020081.
Time for this trial:  135.65471816062927
Memory status after this trial: 
Memory allocated:  365.54248046875
Memory cached:  382.0
--------------------  Trial  11   --------------------
Start timing: 
Parameters: 
{'W_layers': 8, 'W_layer_units_exponent_0': 10, 'W_layer_units_exponent_1': 10, 'W_layer_units_exponent_2': 4, 'W_layer_units_exponent_3': 10, 'W_layer_units_exponent_4': 10, 'W_layer_units_exponent_5': 4, 'W_layer_units_exponent_6': 10, 'W_layer_units_exponent_7': 7, 'D_layers': 6, 'D_layer_units_exponent_0': 7, 'D_layer_units_exponent_1': 8, 'D_layer_units_exponent_2': 10, 'D_layer_units_exponent_3': 10, 'D_layer_units_exponent_4': 10, 'D_layer_units_exponent_5': 10, 'log_learning_rate': -2.5722768747833085, 'log_learning_rate_D': -2.167095650335993, 'training_batch_size': 12, 'training_p': 6}
	 epoch  0 training error:  tensor(1.1299, device='cuda:0', grad_fn=<DivBackward0>)
	 epoch  0 test error:  tensor(1.8466, device='cuda:0', grad_fn=<DivBackward0>)
Memory status after this epoch: 
Memory allocated:  673.1611328125
Memory cached:  732.0
	 epoch  10 training error:  tensor(1., device='cuda:0', grad_fn=<DivBackward0>)
	 epoch  10 test error:  tensor(0.0443, device='cuda:0', grad_fn=<DivBackward0>)
Memory status after this epoch: 
Memory allocated:  672.3173828125
Memory cached:  1272.0
	 epoch  20 training error:  tensor(1., device='cuda:0', grad_fn=<DivBackward0>)
	 epoch  20 test error:  tensor(0.0443, device='cuda:0', grad_fn=<DivBackward0>)
Memory status after this epoch: 
Memory allocated:  673.1611328125
Memory cached:  1272.0
	 epoch  30 training error:  tensor(1., device='cuda:0', grad_fn=<DivBackward0>)
	 epoch  30 test error:  tensor(0.0443, device='cuda:0', grad_fn=<DivBackward0>)
Memory status after this epoch: 
Memory allocated:  672.3173828125
Memory cached:  1272.0
	 epoch  40 training error:  tensor(1., device='cuda:0', grad_fn=<DivBackward0>)
	 epoch  40 test error:  tensor(0.0443, device='cuda:0', grad_fn=<DivBackward0>)
Memory status after this epoch: 
Memory allocated:  673.1611328125
Memory cached:  1272.0
	 epoch  50 training error:  tensor(1., device='cuda:0', grad_fn=<DivBackward0>)
	 epoch  50 test error:  tensor(0.0443, device='cuda:0', grad_fn=<DivBackward0>)
Memory status after this epoch: 
Memory allocated:  672.3173828125
Memory cached:  1272.0
	 epoch  60 training error:  tensor(1., device='cuda:0', grad_fn=<DivBackward0>)
	 epoch  60 test error:  tensor(0.0443, device='cuda:0', grad_fn=<DivBackward0>)
Memory status after this epoch: 
Memory allocated:  673.1611328125
Memory cached:  1272.0
	 epoch  70 training error:  tensor(1., device='cuda:0', grad_fn=<DivBackward0>)
	 epoch  70 test error:  tensor(0.0443, device='cuda:0', grad_fn=<DivBackward0>)
Memory status after this epoch: 
Memory allocated:  672.3173828125
Memory cached:  1272.0
	 epoch  80 training error:  tensor(1., device='cuda:0', grad_fn=<DivBackward0>)
	 epoch  80 test error:  tensor(0.0443, device='cuda:0', grad_fn=<DivBackward0>)
Memory status after this epoch: 
Memory allocated:  673.1611328125
Memory cached:  1272.0
	 epoch  90 training error:  tensor(1., device='cuda:0', grad_fn=<DivBackward0>)
	 epoch  90 test error:  tensor(0.0443, device='cuda:0', grad_fn=<DivBackward0>)
Memory status after this epoch: 
Memory allocated:  672.3173828125
Memory cached:  1272.0
