[I 2023-11-16 03:53:45,672] Trial 12 finished with value: 0.031679779291152954 and parameters: {'W_layers': 5, 'W_layer_units_exponent_0': 6, 'W_layer_units_exponent_1': 5, 'W_layer_units_exponent_2': 10, 'W_layer_units_exponent_3': 4, 'W_layer_units_exponent_4': 6, 'D_layers': 7, 'D_layer_units_exponent_0': 7, 'D_layer_units_exponent_1': 7, 'D_layer_units_exponent_2': 9, 'D_layer_units_exponent_3': 5, 'D_layer_units_exponent_4': 7, 'D_layer_units_exponent_5': 4, 'D_layer_units_exponent_6': 4, 'log_learning_rate': -3.3750787294170537, 'log_learning_rate_D': -2.919992258120199, 'training_batch_size': 7, 'training_p': 7}. Best is trial 9 with value: 0.03132004663348198.
Time for this trial:  172.69064474105835
Memory status after this trial: 
Memory allocated:  841.50537109375
Memory cached:  856.0
--------------------  Trial  13   --------------------
Start timing: 
Parameters: 
{'W_layers': 6, 'W_layer_units_exponent_0': 5, 'W_layer_units_exponent_1': 6, 'W_layer_units_exponent_2': 8, 'W_layer_units_exponent_3': 6, 'W_layer_units_exponent_4': 9, 'W_layer_units_exponent_5': 10, 'D_layers': 7, 'D_layer_units_exponent_0': 8, 'D_layer_units_exponent_1': 10, 'D_layer_units_exponent_2': 9, 'D_layer_units_exponent_3': 6, 'D_layer_units_exponent_4': 6, 'D_layer_units_exponent_5': 5, 'D_layer_units_exponent_6': 7, 'log_learning_rate': -3.167478105807717, 'log_learning_rate_D': -1.0775170877500864, 'training_batch_size': 8, 'training_p': 6}
	 epoch  0 training error:  tensor(1.7912, device='cuda:0', grad_fn=<DivBackward0>)
	 epoch  0 test error:  tensor(0.3135, device='cuda:0', grad_fn=<DivBackward0>)
Memory status after this epoch: 
Memory allocated:  556.76611328125
Memory cached:  832.0
	 epoch  10 training error:  tensor(0.8545, device='cuda:0', grad_fn=<DivBackward0>)
	 epoch  10 test error:  tensor(0.0764, device='cuda:0', grad_fn=<DivBackward0>)
Memory status after this epoch: 
Memory allocated:  558.64111328125
Memory cached:  1078.0
	 epoch  20 training error:  tensor(0.8140, device='cuda:0', grad_fn=<DivBackward0>)
	 epoch  20 test error:  tensor(0.0704, device='cuda:0', grad_fn=<DivBackward0>)
Memory status after this epoch: 
Memory allocated:  556.39111328125
Memory cached:  1078.0
	 epoch  30 training error:  tensor(0.9635, device='cuda:0', grad_fn=<DivBackward0>)
	 epoch  30 test error:  tensor(0.0716, device='cuda:0', grad_fn=<DivBackward0>)
Memory status after this epoch: 
Memory allocated:  558.54736328125
Memory cached:  1078.0
	 epoch  40 training error:  tensor(0.9635, device='cuda:0', grad_fn=<DivBackward0>)
	 epoch  40 test error:  tensor(0.0716, device='cuda:0', grad_fn=<DivBackward0>)
Memory status after this epoch: 
Memory allocated:  556.85986328125
Memory cached:  1078.0
	 epoch  50 training error:  tensor(0.9635, device='cuda:0', grad_fn=<DivBackward0>)
	 epoch  50 test error:  tensor(0.0716, device='cuda:0', grad_fn=<DivBackward0>)
Memory status after this epoch: 
Memory allocated:  558.54736328125
Memory cached:  1074.0
	 epoch  60 training error:  tensor(0.9635, device='cuda:0', grad_fn=<DivBackward0>)
	 epoch  60 test error:  tensor(0.0716, device='cuda:0', grad_fn=<DivBackward0>)
Memory status after this epoch: 
Memory allocated:  557.23486328125
Memory cached:  1074.0
	 epoch  70 training error:  tensor(0.9635, device='cuda:0', grad_fn=<DivBackward0>)
	 epoch  70 test error:  tensor(0.0716, device='cuda:0', grad_fn=<DivBackward0>)
Memory status after this epoch: 
Memory allocated:  558.54736328125
Memory cached:  1070.0
	 epoch  80 training error:  tensor(0.9635, device='cuda:0', grad_fn=<DivBackward0>)
	 epoch  80 test error:  tensor(0.0716, device='cuda:0', grad_fn=<DivBackward0>)
Memory status after this epoch: 
Memory allocated:  557.14111328125
Memory cached:  1070.0
	 epoch  90 training error:  tensor(0.9635, device='cuda:0', grad_fn=<DivBackward0>)
	 epoch  90 test error:  tensor(0.0716, device='cuda:0', grad_fn=<DivBackward0>)
Memory status after this epoch: 
Memory allocated:  558.54736328125
Memory cached:  1070.0
[I 2023-11-16 03:57:00,138] Trial 13 finished with value: 0.07158323377370834 and parameters: {'W_layers': 6, 'W_layer_units_exponent_0': 5, 'W_layer_units_exponent_1': 6, 'W_layer_units_exponent_2': 8, 'W_layer_units_exponent_3': 6, 'W_layer_units_exponent_4': 9, 'W_layer_units_exponent_5': 10, 'D_layers': 7, 'D_layer_units_exponent_0': 8, 'D_layer_units_exponent_1': 10, 'D_layer_units_exponent_2': 9, 'D_layer_units_exponent_3': 6, 'D_layer_units_exponent_4': 6, 'D_layer_units_exponent_5': 5, 'D_layer_units_exponent_6': 7, 'log_learning_rate': -3.167478105807717, 'log_learning_rate_D': -1.0775170877500864, 'training_batch_size': 8, 'training_p': 6}. Best is trial 9 with value: 0.03132004663348198.
Time for this trial:  194.18072772026062
Memory status after this trial: 
Memory allocated:  1047.54931640625
Memory cached:  1070.0
--------------------  Trial  14   --------------------
Start timing: 
Parameters: 
{'W_layers': 6, 'W_layer_units_exponent_0': 7, 'W_layer_units_exponent_1': 4, 'W_layer_units_exponent_2': 4, 'W_layer_units_exponent_3': 9, 'W_layer_units_exponent_4': 4, 'W_layer_units_exponent_5': 4, 'D_layers': 8, 'D_layer_units_exponent_0': 8, 'D_layer_units_exponent_1': 6, 'D_layer_units_exponent_2': 8, 'D_layer_units_exponent_3': 5, 'D_layer_units_exponent_4': 9, 'D_layer_units_exponent_5': 5, 'D_layer_units_exponent_6': 6, 'D_layer_units_exponent_7': 8, 'log_learning_rate': -4.220082704675399, 'log_learning_rate_D': -2.3926981666140836, 'training_batch_size': 8, 'training_p': 6}
	 epoch  0 training error:  tensor(0.9605, device='cuda:0', grad_fn=<DivBackward0>)
	 epoch  0 test error:  tensor(0.0685, device='cuda:0', grad_fn=<DivBackward0>)
Memory status after this epoch: 
Memory allocated:  439.5205078125
Memory cached:  722.0
	 epoch  10 training error:  tensor(0.5102, device='cuda:0', grad_fn=<DivBackward0>)
	 epoch  10 test error:  tensor(0.0429, device='cuda:0', grad_fn=<DivBackward0>)
Memory status after this epoch: 
Memory allocated:  437.4111328125
Memory cached:  848.0
	 epoch  20 training error:  tensor(0.4078, device='cuda:0', grad_fn=<DivBackward0>)
	 epoch  20 test error:  tensor(0.0356, device='cuda:0', grad_fn=<DivBackward0>)
Memory status after this epoch: 
Memory allocated:  439.5205078125
Memory cached:  848.0
	 epoch  30 training error:  tensor(0.3658, device='cuda:0', grad_fn=<DivBackward0>)
	 epoch  30 test error:  tensor(0.0332, device='cuda:0', grad_fn=<DivBackward0>)
Memory status after this epoch: 
Memory allocated:  437.4111328125
Memory cached:  848.0
	 epoch  40 training error:  tensor(0.3583, device='cuda:0', grad_fn=<DivBackward0>)
	 epoch  40 test error:  tensor(0.0326, device='cuda:0', grad_fn=<DivBackward0>)
Memory status after this epoch: 
Memory allocated:  439.5205078125
Memory cached:  848.0
	 epoch  50 training error:  tensor(0.3526, device='cuda:0', grad_fn=<DivBackward0>)
	 epoch  50 test error:  tensor(0.0323, device='cuda:0', grad_fn=<DivBackward0>)
Memory status after this epoch: 
Memory allocated:  437.4111328125
Memory cached:  848.0
	 epoch  60 training error:  tensor(0.3505, device='cuda:0', grad_fn=<DivBackward0>)
	 epoch  60 test error:  tensor(0.0319, device='cuda:0', grad_fn=<DivBackward0>)
Memory status after this epoch: 
Memory allocated:  439.5205078125
Memory cached:  848.0
	 epoch  70 training error:  tensor(0.3489, device='cuda:0', grad_fn=<DivBackward0>)
	 epoch  70 test error:  tensor(0.0320, device='cuda:0', grad_fn=<DivBackward0>)
Memory status after this epoch: 
Memory allocated:  437.4111328125
Memory cached:  848.0
	 epoch  80 training error:  tensor(0.3474, device='cuda:0', grad_fn=<DivBackward0>)
	 epoch  80 test error:  tensor(0.0320, device='cuda:0', grad_fn=<DivBackward0>)
Memory status after this epoch: 
Memory allocated:  439.5205078125
Memory cached:  848.0
	 epoch  90 training error:  tensor(0.3460, device='cuda:0', grad_fn=<DivBackward0>)
	 epoch  90 test error:  tensor(0.0320, device='cuda:0', grad_fn=<DivBackward0>)
Memory status after this epoch: 
Memory allocated:  437.4111328125
Memory cached:  848.0
[I 2023-11-16 04:00:05,027] Trial 14 finished with value: 0.03198167681694031 and parameters: {'W_layers': 6, 'W_layer_units_exponent_0': 7, 'W_layer_units_exponent_1': 4, 'W_layer_units_exponent_2': 4, 'W_layer_units_exponent_3': 9, 'W_layer_units_exponent_4': 4, 'W_layer_units_exponent_5': 4, 'D_layers': 8, 'D_layer_units_exponent_0': 8, 'D_layer_units_exponent_1': 6, 'D_layer_units_exponent_2': 8, 'D_layer_units_exponent_3': 5, 'D_layer_units_exponent_4': 9, 'D_layer_units_exponent_5': 5, 'D_layer_units_exponent_6': 6, 'D_layer_units_exponent_7': 8, 'log_learning_rate': -4.220082704675399, 'log_learning_rate_D': -2.3926981666140836, 'training_batch_size': 8, 'training_p': 6}. Best is trial 9 with value: 0.03132004663348198.
Time for this trial:  184.55894565582275
Memory status after this trial: 
Memory allocated:  842.48388671875
Memory cached:  848.0
--------------------  Trial  15   --------------------
Start timing: 
Parameters: 
{'W_layers': 7, 'W_layer_units_exponent_0': 9, 'W_layer_units_exponent_1': 6, 'W_layer_units_exponent_2': 6, 'W_layer_units_exponent_3': 5, 'W_layer_units_exponent_4': 7, 'W_layer_units_exponent_5': 8, 'W_layer_units_exponent_6': 9, 'D_layers': 6, 'D_layer_units_exponent_0': 6, 'D_layer_units_exponent_1': 8, 'D_layer_units_exponent_2': 10, 'D_layer_units_exponent_3': 4, 'D_layer_units_exponent_4': 6, 'D_layer_units_exponent_5': 6, 'log_learning_rate': -3.891945856267723, 'log_learning_rate_D': -3.2925123578119573, 'training_batch_size': 7, 'training_p': 3}
	 epoch  0 training error:  tensor(0.9301, device='cuda:0', grad_fn=<DivBackward0>)
	 epoch  0 test error:  tensor(0.0807, device='cuda:0', grad_fn=<DivBackward0>)
Memory status after this epoch: 
Memory allocated:  489.94970703125
Memory cached:  776.0
	 epoch  10 training error:  tensor(0.8336, device='cuda:0', grad_fn=<DivBackward0>)
	 epoch  10 test error:  tensor(0.0588, device='cuda:0', grad_fn=<DivBackward0>)
Memory status after this epoch: 
Memory allocated:  492.05908203125
Memory cached:  948.0
	 epoch  20 training error:  tensor(0.4892, device='cuda:0', grad_fn=<DivBackward0>)
	 epoch  20 test error:  tensor(0.0372, device='cuda:0', grad_fn=<DivBackward0>)
Memory status after this epoch: 
Memory allocated:  489.94970703125
Memory cached:  948.0
	 epoch  30 training error:  tensor(0.4084, device='cuda:0', grad_fn=<DivBackward0>)
	 epoch  30 test error:  tensor(0.0342, device='cuda:0', grad_fn=<DivBackward0>)
Memory status after this epoch: 
Memory allocated:  492.05908203125
Memory cached:  948.0
	 epoch  40 training error:  tensor(0.3892, device='cuda:0', grad_fn=<DivBackward0>)
	 epoch  40 test error:  tensor(0.0326, device='cuda:0', grad_fn=<DivBackward0>)
Memory status after this epoch: 
Memory allocated:  489.94970703125
Memory cached:  948.0
	 epoch  50 training error:  tensor(0.3849, device='cuda:0', grad_fn=<DivBackward0>)
	 epoch  50 test error:  tensor(0.0322, device='cuda:0', grad_fn=<DivBackward0>)
Memory status after this epoch: 
Memory allocated:  492.05908203125
Memory cached:  948.0
	 epoch  60 training error:  tensor(0.3844, device='cuda:0', grad_fn=<DivBackward0>)
	 epoch  60 test error:  tensor(0.0326, device='cuda:0', grad_fn=<DivBackward0>)
Memory status after this epoch: 
Memory allocated:  489.94970703125
Memory cached:  948.0
	 epoch  70 training error:  tensor(0.3825, device='cuda:0', grad_fn=<DivBackward0>)
	 epoch  70 test error:  tensor(0.0319, device='cuda:0', grad_fn=<DivBackward0>)
Memory status after this epoch: 
Memory allocated:  492.05908203125
Memory cached:  948.0
	 epoch  80 training error:  tensor(0.3816, device='cuda:0', grad_fn=<DivBackward0>)
	 epoch  80 test error:  tensor(0.0317, device='cuda:0', grad_fn=<DivBackward0>)
Memory status after this epoch: 
Memory allocated:  489.94970703125
Memory cached:  948.0
	 epoch  90 training error:  tensor(0.3811, device='cuda:0', grad_fn=<DivBackward0>)
	 epoch  90 test error:  tensor(0.0319, device='cuda:0', grad_fn=<DivBackward0>)
Memory status after this epoch: 
Memory allocated:  492.05908203125
Memory cached:  950.0
[I 2023-11-16 04:03:08,773] Trial 15 finished with value: 0.03190582990646362 and parameters: {'W_layers': 7, 'W_layer_units_exponent_0': 9, 'W_layer_units_exponent_1': 6, 'W_layer_units_exponent_2': 6, 'W_layer_units_exponent_3': 5, 'W_layer_units_exponent_4': 7, 'W_layer_units_exponent_5': 8, 'W_layer_units_exponent_6': 9, 'D_layers': 6, 'D_layer_units_exponent_0': 6, 'D_layer_units_exponent_1': 8, 'D_layer_units_exponent_2': 10, 'D_layer_units_exponent_3': 4, 'D_layer_units_exponent_4': 6, 'D_layer_units_exponent_5': 6, 'log_learning_rate': -3.891945856267723, 'log_learning_rate_D': -3.2925123578119573, 'training_batch_size': 7, 'training_p': 3}. Best is trial 9 with value: 0.03132004663348198.
Time for this trial:  183.43126225471497
Memory status after this trial: 
Memory allocated:  938.46435546875
Memory cached:  950.0
--------------------  Trial  16   --------------------
Start timing: 
Parameters: 
{'W_layers': 7, 'W_layer_units_exponent_0': 5, 'W_layer_units_exponent_1': 5, 'W_layer_units_exponent_2': 8, 'W_layer_units_exponent_3': 8, 'W_layer_units_exponent_4': 5, 'W_layer_units_exponent_5': 6, 'W_layer_units_exponent_6': 9, 'D_layers': 6, 'D_layer_units_exponent_0': 9, 'D_layer_units_exponent_1': 5, 'D_layer_units_exponent_2': 9, 'D_layer_units_exponent_3': 6, 'D_layer_units_exponent_4': 6, 'D_layer_units_exponent_5': 10, 'log_learning_rate': -2.819985169195045, 'log_learning_rate_D': -3.318044199293374, 'training_batch_size': 7, 'training_p': 6}
	 epoch  0 training error:  tensor(0.9542, device='cuda:0', grad_fn=<DivBackward0>)
	 epoch  0 test error:  tensor(0.3782, device='cuda:0', grad_fn=<DivBackward0>)
Memory status after this epoch: 
Memory allocated:  505.58642578125
Memory cached:  788.0
	 epoch  10 training error:  tensor(0.5443, device='cuda:0', grad_fn=<DivBackward0>)
	 epoch  10 test error:  tensor(0.0334, device='cuda:0', grad_fn=<DivBackward0>)
Memory status after this epoch: 
Memory allocated:  503.47705078125
Memory cached:  978.0
	 epoch  20 training error:  tensor(0.3754, device='cuda:0', grad_fn=<DivBackward0>)
	 epoch  20 test error:  tensor(0.0318, device='cuda:0', grad_fn=<DivBackward0>)
Memory status after this epoch: 
Memory allocated:  505.58642578125
Memory cached:  978.0
	 epoch  30 training error:  tensor(0.3520, device='cuda:0', grad_fn=<DivBackward0>)
	 epoch  30 test error:  tensor(0.0314, device='cuda:0', grad_fn=<DivBackward0>)
Memory status after this epoch: 
Memory allocated:  503.47705078125
Memory cached:  978.0
	 epoch  40 training error:  tensor(0.3433, device='cuda:0', grad_fn=<DivBackward0>)
	 epoch  40 test error:  tensor(0.0311, device='cuda:0', grad_fn=<DivBackward0>)
Memory status after this epoch: 
Memory allocated:  505.58642578125
Memory cached:  978.0
	 epoch  50 training error:  tensor(0.3416, device='cuda:0', grad_fn=<DivBackward0>)
	 epoch  50 test error:  tensor(0.0314, device='cuda:0', grad_fn=<DivBackward0>)
Memory status after this epoch: 
Memory allocated:  503.47705078125
Memory cached:  978.0
	 epoch  60 training error:  tensor(0.3413, device='cuda:0', grad_fn=<DivBackward0>)
	 epoch  60 test error:  tensor(0.0316, device='cuda:0', grad_fn=<DivBackward0>)
Memory status after this epoch: 
Memory allocated:  505.58642578125
Memory cached:  978.0
	 epoch  70 training error:  tensor(0.3400, device='cuda:0', grad_fn=<DivBackward0>)
	 epoch  70 test error:  tensor(0.0318, device='cuda:0', grad_fn=<DivBackward0>)
Memory status after this epoch: 
Memory allocated:  503.47705078125
Memory cached:  978.0
	 epoch  80 training error:  tensor(0.3396, device='cuda:0', grad_fn=<DivBackward0>)
	 epoch  80 test error:  tensor(0.0319, device='cuda:0', grad_fn=<DivBackward0>)
Memory status after this epoch: 
Memory allocated:  505.58642578125
Memory cached:  978.0
	 epoch  90 training error:  tensor(0.3395, device='cuda:0', grad_fn=<DivBackward0>)
	 epoch  90 test error:  tensor(0.0318, device='cuda:0', grad_fn=<DivBackward0>)
Memory status after this epoch: 
Memory allocated:  503.47705078125
Memory cached:  978.0
[I 2023-11-16 04:06:15,977] Trial 16 finished with value: 0.031731389462947845 and parameters: {'W_layers': 7, 'W_layer_units_exponent_0': 5, 'W_layer_units_exponent_1': 5, 'W_layer_units_exponent_2': 8, 'W_layer_units_exponent_3': 8, 'W_layer_units_exponent_4': 5, 'W_layer_units_exponent_5': 6, 'W_layer_units_exponent_6': 9, 'D_layers': 6, 'D_layer_units_exponent_0': 9, 'D_layer_units_exponent_1': 5, 'D_layer_units_exponent_2': 9, 'D_layer_units_exponent_3': 6, 'D_layer_units_exponent_4': 6, 'D_layer_units_exponent_5': 10, 'log_learning_rate': -2.819985169195045, 'log_learning_rate_D': -3.318044199293374, 'training_batch_size': 7, 'training_p': 6}. Best is trial 9 with value: 0.03132004663348198.
Time for this trial:  186.90126371383667
Memory status after this trial: 
Memory allocated:  971.31396484375
Memory cached:  978.0
--------------------  Trial  17   --------------------
Start timing: 
Parameters: 
{'W_layers': 4, 'W_layer_units_exponent_0': 5, 'W_layer_units_exponent_1': 6, 'W_layer_units_exponent_2': 5, 'W_layer_units_exponent_3': 10, 'D_layers': 8, 'D_layer_units_exponent_0': 6, 'D_layer_units_exponent_1': 9, 'D_layer_units_exponent_2': 8, 'D_layer_units_exponent_3': 6, 'D_layer_units_exponent_4': 8, 'D_layer_units_exponent_5': 4, 'D_layer_units_exponent_6': 9, 'D_layer_units_exponent_7': 4, 'log_learning_rate': -3.6496280966094874, 'log_learning_rate_D': -2.234414268334942, 'training_batch_size': 6, 'training_p': 7}
	 epoch  0 training error:  tensor(1.1615, device='cuda:0', grad_fn=<DivBackward0>)
	 epoch  0 test error:  tensor(0.0935, device='cuda:0', grad_fn=<DivBackward0>)
Memory status after this epoch: 
Memory allocated:  475.0244140625
Memory cached:  760.0
	 epoch  10 training error:  tensor(0.8342, device='cuda:0', grad_fn=<DivBackward0>)
	 epoch  10 test error:  tensor(0.0788, device='cuda:0', grad_fn=<DivBackward0>)
Memory status after this epoch: 
Memory allocated:  477.1337890625
Memory cached:  922.0
	 epoch  20 training error:  tensor(0.8206, device='cuda:0', grad_fn=<DivBackward0>)
	 epoch  20 test error:  tensor(0.0691, device='cuda:0', grad_fn=<DivBackward0>)
Memory status after this epoch: 
Memory allocated:  475.0244140625
Memory cached:  922.0
	 epoch  30 training error:  tensor(0.8191, device='cuda:0', grad_fn=<DivBackward0>)
	 epoch  30 test error:  tensor(0.0712, device='cuda:0', grad_fn=<DivBackward0>)
Memory status after this epoch: 
Memory allocated:  477.1337890625
Memory cached:  922.0
	 epoch  40 training error:  tensor(0.8194, device='cuda:0', grad_fn=<DivBackward0>)
	 epoch  40 test error:  tensor(0.0703, device='cuda:0', grad_fn=<DivBackward0>)
Memory status after this epoch: 
Memory allocated:  475.0244140625
Memory cached:  922.0
	 epoch  50 training error:  tensor(0.8197, device='cuda:0', grad_fn=<DivBackward0>)
	 epoch  50 test error:  tensor(0.0695, device='cuda:0', grad_fn=<DivBackward0>)
Memory status after this epoch: 
Memory allocated:  477.1337890625
Memory cached:  924.0
	 epoch  60 training error:  tensor(0.8198, device='cuda:0', grad_fn=<DivBackward0>)
	 epoch  60 test error:  tensor(0.0708, device='cuda:0', grad_fn=<DivBackward0>)
Memory status after this epoch: 
Memory allocated:  475.0244140625
Memory cached:  922.0
	 epoch  70 training error:  tensor(0.8207, device='cuda:0', grad_fn=<DivBackward0>)
	 epoch  70 test error:  tensor(0.0710, device='cuda:0', grad_fn=<DivBackward0>)
Memory status after this epoch: 
Memory allocated:  477.1337890625
Memory cached:  922.0
	 epoch  80 training error:  tensor(0.8242, device='cuda:0', grad_fn=<DivBackward0>)
	 epoch  80 test error:  tensor(0.0693, device='cuda:0', grad_fn=<DivBackward0>)
Memory status after this epoch: 
Memory allocated:  475.0244140625
Memory cached:  922.0
	 epoch  90 training error:  tensor(0.8184, device='cuda:0', grad_fn=<DivBackward0>)
	 epoch  90 test error:  tensor(0.0723, device='cuda:0', grad_fn=<DivBackward0>)
Memory status after this epoch: 
Memory allocated:  477.1337890625
Memory cached:  922.0
