[I 2023-11-16 03:18:05,399] Trial 2 finished with value: 0.06855186074972153 and parameters: {'W_layers': 8, 'W_layer_units_exponent_0': 4, 'W_layer_units_exponent_1': 9, 'W_layer_units_exponent_2': 5, 'W_layer_units_exponent_3': 7, 'W_layer_units_exponent_4': 5, 'W_layer_units_exponent_5': 6, 'W_layer_units_exponent_6': 6, 'W_layer_units_exponent_7': 9, 'D_layers': 4, 'D_layer_units_exponent_0': 4, 'D_layer_units_exponent_1': 6, 'D_layer_units_exponent_2': 4, 'D_layer_units_exponent_3': 10, 'log_learning_rate': -4.298556130581062, 'log_learning_rate_D': -4.897833538643512, 'training_batch_size': 12, 'training_p': 5}. Best is trial 1 with value: 0.032151103019714355.
Time for this trial:  169.8917727470398
Memory status after this trial: 
Memory allocated:  875.20263671875
Memory cached:  878.0
--------------------  Trial  3   --------------------
Start timing: 
Parameters: 
{'W_layers': 3, 'W_layer_units_exponent_0': 8, 'W_layer_units_exponent_1': 10, 'W_layer_units_exponent_2': 7, 'D_layers': 6, 'D_layer_units_exponent_0': 5, 'D_layer_units_exponent_1': 9, 'D_layer_units_exponent_2': 6, 'D_layer_units_exponent_3': 4, 'D_layer_units_exponent_4': 10, 'D_layer_units_exponent_5': 9, 'log_learning_rate': -4.556063657708861, 'log_learning_rate_D': -2.0117235285567783, 'training_batch_size': 11, 'training_p': 8}
	 epoch  0 training error:  tensor(3.0398, device='cuda:0', grad_fn=<DivBackward0>)
	 epoch  0 test error:  tensor(0.1066, device='cuda:0', grad_fn=<DivBackward0>)
Memory status after this epoch: 
Memory allocated:  523.9736328125
Memory cached:  802.0
	 epoch  10 training error:  tensor(0.6286, device='cuda:0', grad_fn=<DivBackward0>)
	 epoch  10 test error:  tensor(0.0593, device='cuda:0', grad_fn=<DivBackward0>)
Memory status after this epoch: 
Memory allocated:  527.5830078125
Memory cached:  1018.0
	 epoch  20 training error:  tensor(0.4400, device='cuda:0', grad_fn=<DivBackward0>)
	 epoch  20 test error:  tensor(0.0440, device='cuda:0', grad_fn=<DivBackward0>)
Memory status after this epoch: 
Memory allocated:  523.9736328125
Memory cached:  1018.0
	 epoch  30 training error:  tensor(0.4198, device='cuda:0', grad_fn=<DivBackward0>)
	 epoch  30 test error:  tensor(0.0394, device='cuda:0', grad_fn=<DivBackward0>)
Memory status after this epoch: 
Memory allocated:  527.9580078125
Memory cached:  1018.0
	 epoch  40 training error:  tensor(0.4122, device='cuda:0', grad_fn=<DivBackward0>)
	 epoch  40 test error:  tensor(0.0391, device='cuda:0', grad_fn=<DivBackward0>)
Memory status after this epoch: 
Memory allocated:  523.5048828125
Memory cached:  1020.0
	 epoch  50 training error:  tensor(0.4125, device='cuda:0', grad_fn=<DivBackward0>)
	 epoch  50 test error:  tensor(0.0390, device='cuda:0', grad_fn=<DivBackward0>)
Memory status after this epoch: 
Memory allocated:  527.0205078125
Memory cached:  1022.0
	 epoch  60 training error:  tensor(0.4099, device='cuda:0', grad_fn=<DivBackward0>)
	 epoch  60 test error:  tensor(0.0380, device='cuda:0', grad_fn=<DivBackward0>)
Memory status after this epoch: 
Memory allocated:  524.9111328125
Memory cached:  1022.0
	 epoch  70 training error:  tensor(0.4092, device='cuda:0', grad_fn=<DivBackward0>)
	 epoch  70 test error:  tensor(0.0379, device='cuda:0', grad_fn=<DivBackward0>)
Memory status after this epoch: 
Memory allocated:  525.9892578125
Memory cached:  1022.0
	 epoch  80 training error:  tensor(0.4087, device='cuda:0', grad_fn=<DivBackward0>)
	 epoch  80 test error:  tensor(0.0380, device='cuda:0', grad_fn=<DivBackward0>)
Memory status after this epoch: 
Memory allocated:  525.0048828125
Memory cached:  1022.0
	 epoch  90 training error:  tensor(0.4084, device='cuda:0', grad_fn=<DivBackward0>)
	 epoch  90 test error:  tensor(0.0381, device='cuda:0', grad_fn=<DivBackward0>)
Memory status after this epoch: 
Memory allocated:  526.0830078125
Memory cached:  1020.0
[I 2023-11-16 03:20:39,459] Trial 3 finished with value: 0.038023095577955246 and parameters: {'W_layers': 3, 'W_layer_units_exponent_0': 8, 'W_layer_units_exponent_1': 10, 'W_layer_units_exponent_2': 7, 'D_layers': 6, 'D_layer_units_exponent_0': 5, 'D_layer_units_exponent_1': 9, 'D_layer_units_exponent_2': 6, 'D_layer_units_exponent_3': 4, 'D_layer_units_exponent_4': 10, 'D_layer_units_exponent_5': 9, 'log_learning_rate': -4.556063657708861, 'log_learning_rate_D': -2.0117235285567783, 'training_batch_size': 11, 'training_p': 8}. Best is trial 1 with value: 0.032151103019714355.
Time for this trial:  153.85843420028687
Memory status after this trial: 
Memory allocated:  995.50830078125
Memory cached:  1018.0
--------------------  Trial  4   --------------------
Start timing: 
Parameters: 
{'W_layers': 3, 'W_layer_units_exponent_0': 4, 'W_layer_units_exponent_1': 8, 'W_layer_units_exponent_2': 6, 'D_layers': 3, 'D_layer_units_exponent_0': 9, 'D_layer_units_exponent_1': 5, 'D_layer_units_exponent_2': 10, 'log_learning_rate': -4.819160437593222, 'log_learning_rate_D': -4.283714561114109, 'training_batch_size': 10, 'training_p': 5}
	 epoch  0 training error:  tensor(1.3015, device='cuda:0', grad_fn=<DivBackward0>)
	 epoch  0 test error:  tensor(0.0893, device='cuda:0', grad_fn=<DivBackward0>)
Memory status after this epoch: 
Memory allocated:  422.86376953125
Memory cached:  702.0
	 epoch  10 training error:  tensor(0.9045, device='cuda:0', grad_fn=<DivBackward0>)
	 epoch  10 test error:  tensor(0.0752, device='cuda:0', grad_fn=<DivBackward0>)
Memory status after this epoch: 
Memory allocated:  422.53564453125
Memory cached:  830.0
	 epoch  20 training error:  tensor(0.7387, device='cuda:0', grad_fn=<DivBackward0>)
	 epoch  20 test error:  tensor(0.0537, device='cuda:0', grad_fn=<DivBackward0>)
Memory status after this epoch: 
Memory allocated:  423.23876953125
Memory cached:  832.0
	 epoch  30 training error:  tensor(0.5262, device='cuda:0', grad_fn=<DivBackward0>)
	 epoch  30 test error:  tensor(0.0418, device='cuda:0', grad_fn=<DivBackward0>)
Memory status after this epoch: 
Memory allocated:  422.44189453125
Memory cached:  822.0
	 epoch  40 training error:  tensor(0.4926, device='cuda:0', grad_fn=<DivBackward0>)
	 epoch  40 test error:  tensor(0.0391, device='cuda:0', grad_fn=<DivBackward0>)
Memory status after this epoch: 
Memory allocated:  423.23876953125
Memory cached:  822.0
	 epoch  50 training error:  tensor(0.4842, device='cuda:0', grad_fn=<DivBackward0>)
	 epoch  50 test error:  tensor(0.0382, device='cuda:0', grad_fn=<DivBackward0>)
Memory status after this epoch: 
Memory allocated:  422.44189453125
Memory cached:  822.0
	 epoch  60 training error:  tensor(0.4789, device='cuda:0', grad_fn=<DivBackward0>)
	 epoch  60 test error:  tensor(0.0382, device='cuda:0', grad_fn=<DivBackward0>)
Memory status after this epoch: 
Memory allocated:  423.23876953125
Memory cached:  822.0
	 epoch  70 training error:  tensor(0.4764, device='cuda:0', grad_fn=<DivBackward0>)
	 epoch  70 test error:  tensor(0.0380, device='cuda:0', grad_fn=<DivBackward0>)
Memory status after this epoch: 
Memory allocated:  422.44189453125
Memory cached:  822.0
	 epoch  80 training error:  tensor(0.4752, device='cuda:0', grad_fn=<DivBackward0>)
	 epoch  80 test error:  tensor(0.0379, device='cuda:0', grad_fn=<DivBackward0>)
Memory status after this epoch: 
Memory allocated:  423.23876953125
Memory cached:  822.0
	 epoch  90 training error:  tensor(0.4741, device='cuda:0', grad_fn=<DivBackward0>)
	 epoch  90 test error:  tensor(0.0379, device='cuda:0', grad_fn=<DivBackward0>)
Memory status after this epoch: 
Memory allocated:  422.44189453125
Memory cached:  822.0
[I 2023-11-16 03:22:40,575] Trial 4 finished with value: 0.03779948502779007 and parameters: {'W_layers': 3, 'W_layer_units_exponent_0': 4, 'W_layer_units_exponent_1': 8, 'W_layer_units_exponent_2': 6, 'D_layers': 3, 'D_layer_units_exponent_0': 9, 'D_layer_units_exponent_1': 5, 'D_layer_units_exponent_2': 10, 'log_learning_rate': -4.819160437593222, 'log_learning_rate_D': -4.283714561114109, 'training_batch_size': 10, 'training_p': 5}. Best is trial 1 with value: 0.032151103019714355.
Time for this trial:  120.93367862701416
Memory status after this trial: 
Memory allocated:  812.17626953125
Memory cached:  822.0
--------------------  Trial  5   --------------------
Start timing: 
Parameters: 
{'W_layers': 7, 'W_layer_units_exponent_0': 8, 'W_layer_units_exponent_1': 4, 'W_layer_units_exponent_2': 9, 'W_layer_units_exponent_3': 10, 'W_layer_units_exponent_4': 9, 'W_layer_units_exponent_5': 5, 'W_layer_units_exponent_6': 6, 'D_layers': 4, 'D_layer_units_exponent_0': 10, 'D_layer_units_exponent_1': 8, 'D_layer_units_exponent_2': 8, 'D_layer_units_exponent_3': 4, 'log_learning_rate': -2.715975922160667, 'log_learning_rate_D': -4.033142074159916, 'training_batch_size': 10, 'training_p': 5}
	 epoch  0 training error:  tensor(0.9380, device='cuda:0', grad_fn=<DivBackward0>)
	 epoch  0 test error:  tensor(1.6327, device='cuda:0', grad_fn=<DivBackward0>)
Memory status after this epoch: 
Memory allocated:  553.40966796875
Memory cached:  846.0
	 epoch  10 training error:  tensor(1.0713, device='cuda:0', grad_fn=<DivBackward0>)
	 epoch  10 test error:  tensor(0.0744, device='cuda:0', grad_fn=<DivBackward0>)
Memory status after this epoch: 
Memory allocated:  554.76904296875
Memory cached:  1068.0
	 epoch  20 training error:  tensor(0.9452, device='cuda:0', grad_fn=<DivBackward0>)
	 epoch  20 test error:  tensor(0.0660, device='cuda:0', grad_fn=<DivBackward0>)
Memory status after this epoch: 
Memory allocated:  554.20654296875
Memory cached:  1072.0
	 epoch  30 training error:  tensor(0.4085, device='cuda:0', grad_fn=<DivBackward0>)
	 epoch  30 test error:  tensor(0.0342, device='cuda:0', grad_fn=<DivBackward0>)
Memory status after this epoch: 
Memory allocated:  553.92529296875
Memory cached:  1072.0
	 epoch  40 training error:  tensor(0.3733, device='cuda:0', grad_fn=<DivBackward0>)
	 epoch  40 test error:  tensor(0.0313, device='cuda:0', grad_fn=<DivBackward0>)
Memory status after this epoch: 
Memory allocated:  554.58154296875
Memory cached:  1072.0
	 epoch  50 training error:  tensor(0.3641, device='cuda:0', grad_fn=<DivBackward0>)
	 epoch  50 test error:  tensor(0.0319, device='cuda:0', grad_fn=<DivBackward0>)
Memory status after this epoch: 
Memory allocated:  553.45654296875
Memory cached:  1072.0
	 epoch  60 training error:  tensor(0.3602, device='cuda:0', grad_fn=<DivBackward0>)
	 epoch  60 test error:  tensor(0.0322, device='cuda:0', grad_fn=<DivBackward0>)
Memory status after this epoch: 
Memory allocated:  555.05029296875
Memory cached:  1072.0
	 epoch  70 training error:  tensor(0.3555, device='cuda:0', grad_fn=<DivBackward0>)
	 epoch  70 test error:  tensor(0.0319, device='cuda:0', grad_fn=<DivBackward0>)
Memory status after this epoch: 
Memory allocated:  553.45654296875
Memory cached:  1072.0
	 epoch  80 training error:  tensor(0.3529, device='cuda:0', grad_fn=<DivBackward0>)
	 epoch  80 test error:  tensor(0.0317, device='cuda:0', grad_fn=<DivBackward0>)
Memory status after this epoch: 
Memory allocated:  555.05029296875
Memory cached:  1072.0
	 epoch  90 training error:  tensor(0.3517, device='cuda:0', grad_fn=<DivBackward0>)
	 epoch  90 test error:  tensor(0.0317, device='cuda:0', grad_fn=<DivBackward0>)
Memory status after this epoch: 
Memory allocated:  553.45654296875
Memory cached:  1072.0
[I 2023-11-16 03:25:35,531] Trial 5 finished with value: 0.03171822056174278 and parameters: {'W_layers': 7, 'W_layer_units_exponent_0': 8, 'W_layer_units_exponent_1': 4, 'W_layer_units_exponent_2': 9, 'W_layer_units_exponent_3': 10, 'W_layer_units_exponent_4': 9, 'W_layer_units_exponent_5': 5, 'W_layer_units_exponent_6': 6, 'D_layers': 4, 'D_layer_units_exponent_0': 10, 'D_layer_units_exponent_1': 8, 'D_layer_units_exponent_2': 8, 'D_layer_units_exponent_3': 4, 'log_learning_rate': -2.715975922160667, 'log_learning_rate_D': -4.033142074159916, 'training_batch_size': 10, 'training_p': 5}. Best is trial 5 with value: 0.03171822056174278.
Time for this trial:  174.76758432388306
Memory status after this trial: 
Memory allocated:  1042.59130859375
Memory cached:  1072.0
--------------------  Trial  6   --------------------
Start timing: 
Parameters: 
{'W_layers': 3, 'W_layer_units_exponent_0': 6, 'W_layer_units_exponent_1': 9, 'W_layer_units_exponent_2': 6, 'D_layers': 4, 'D_layer_units_exponent_0': 8, 'D_layer_units_exponent_1': 8, 'D_layer_units_exponent_2': 5, 'D_layer_units_exponent_3': 9, 'log_learning_rate': -1.8212646300180695, 'log_learning_rate_D': -1.6417378718654723, 'training_batch_size': 10, 'training_p': 2}
	 epoch  0 training error:  tensor(8.3554, device='cuda:0', grad_fn=<DivBackward0>)
	 epoch  0 test error:  tensor(27.1938, device='cuda:0', grad_fn=<DivBackward0>)
Memory status after this epoch: 
Memory allocated:  413.10595703125
Memory cached:  710.0
	 epoch  10 training error:  tensor(4.1926, device='cuda:0', grad_fn=<DivBackward0>)
	 epoch  10 test error:  tensor(0.1820, device='cuda:0', grad_fn=<DivBackward0>)
Memory status after this epoch: 
Memory allocated:  412.77783203125
Memory cached:  810.0
	 epoch  20 training error:  tensor(0.9879, device='cuda:0', grad_fn=<DivBackward0>)
	 epoch  20 test error:  tensor(0.0724, device='cuda:0', grad_fn=<DivBackward0>)
Memory status after this epoch: 
Memory allocated:  412.40283203125
Memory cached:  810.0
	 epoch  30 training error:  tensor(1.0002, device='cuda:0', grad_fn=<DivBackward0>)
	 epoch  30 test error:  tensor(0.0731, device='cuda:0', grad_fn=<DivBackward0>)
Memory status after this epoch: 
Memory allocated:  413.10595703125
Memory cached:  810.0
	 epoch  40 training error:  tensor(1.0006, device='cuda:0', grad_fn=<DivBackward0>)
	 epoch  40 test error:  tensor(0.0731, device='cuda:0', grad_fn=<DivBackward0>)
Memory status after this epoch: 
Memory allocated:  412.77783203125
Memory cached:  810.0
	 epoch  50 training error:  tensor(1.0006, device='cuda:0', grad_fn=<DivBackward0>)
	 epoch  50 test error:  tensor(0.0731, device='cuda:0', grad_fn=<DivBackward0>)
Memory status after this epoch: 
Memory allocated:  413.10595703125
Memory cached:  806.0
	 epoch  60 training error:  tensor(1.0006, device='cuda:0', grad_fn=<DivBackward0>)
	 epoch  60 test error:  tensor(0.0731, device='cuda:0', grad_fn=<DivBackward0>)
Memory status after this epoch: 
Memory allocated:  412.77783203125
Memory cached:  806.0
	 epoch  70 training error:  tensor(1.0005, device='cuda:0', grad_fn=<DivBackward0>)
	 epoch  70 test error:  tensor(0.0731, device='cuda:0', grad_fn=<DivBackward0>)
Memory status after this epoch: 
Memory allocated:  413.10595703125
Memory cached:  806.0
	 epoch  80 training error:  tensor(1.0005, device='cuda:0', grad_fn=<DivBackward0>)
	 epoch  80 test error:  tensor(0.0731, device='cuda:0', grad_fn=<DivBackward0>)
Memory status after this epoch: 
Memory allocated:  412.77783203125
Memory cached:  806.0
	 epoch  90 training error:  tensor(1.0005, device='cuda:0', grad_fn=<DivBackward0>)
	 epoch  90 test error:  tensor(0.0731, device='cuda:0', grad_fn=<DivBackward0>)
Memory status after this epoch: 
Memory allocated:  413.10595703125
Memory cached:  806.0
[I 2023-11-16 03:27:44,411] Trial 6 finished with value: 0.07308097928762436 and parameters: {'W_layers': 3, 'W_layer_units_exponent_0': 6, 'W_layer_units_exponent_1': 9, 'W_layer_units_exponent_2': 6, 'D_layers': 4, 'D_layer_units_exponent_0': 8, 'D_layer_units_exponent_1': 8, 'D_layer_units_exponent_2': 5, 'D_layer_units_exponent_3': 9, 'log_learning_rate': -1.8212646300180695, 'log_learning_rate_D': -1.6417378718654723, 'training_batch_size': 10, 'training_p': 2}. Best is trial 5 with value: 0.03171822056174278.
Time for this trial:  128.72837042808533
Memory status after this trial: 
Memory allocated:  790.43701171875
Memory cached:  806.0
--------------------  Trial  7   --------------------
Start timing: 
Parameters: 
{'W_layers': 5, 'W_layer_units_exponent_0': 10, 'W_layer_units_exponent_1': 7, 'W_layer_units_exponent_2': 7, 'W_layer_units_exponent_3': 9, 'W_layer_units_exponent_4': 4, 'D_layers': 8, 'D_layer_units_exponent_0': 5, 'D_layer_units_exponent_1': 4, 'D_layer_units_exponent_2': 10, 'D_layer_units_exponent_3': 7, 'D_layer_units_exponent_4': 4, 'D_layer_units_exponent_5': 7, 'D_layer_units_exponent_6': 10, 'D_layer_units_exponent_7': 5, 'log_learning_rate': -2.1219281363273983, 'log_learning_rate_D': -1.4530554362693837, 'training_batch_size': 11, 'training_p': 8}
	 epoch  0 training error:  tensor(1.5675, device='cuda:0', grad_fn=<DivBackward0>)
	 epoch  0 test error:  tensor(10.7794, device='cuda:0', grad_fn=<DivBackward0>)
Memory status after this epoch: 
Memory allocated:  552.947265625
Memory cached:  830.0
	 epoch  10 training error:  tensor(0.9655, device='cuda:0', grad_fn=<DivBackward0>)
	 epoch  10 test error:  tensor(0.0727, device='cuda:0', grad_fn=<DivBackward0>)
Memory status after this epoch: 
Memory allocated:  552.619140625
Memory cached:  1080.0
	 epoch  20 training error:  tensor(0.9998, device='cuda:0', grad_fn=<DivBackward0>)
	 epoch  20 test error:  tensor(0.0730, device='cuda:0', grad_fn=<DivBackward0>)
Memory status after this epoch: 
Memory allocated:  552.947265625
Memory cached:  1080.0
	 epoch  30 training error:  tensor(1.0000, device='cuda:0', grad_fn=<DivBackward0>)
	 epoch  30 test error:  tensor(0.0730, device='cuda:0', grad_fn=<DivBackward0>)
Memory status after this epoch: 
Memory allocated:  552.619140625
Memory cached:  1080.0
	 epoch  40 training error:  tensor(1.0000, device='cuda:0', grad_fn=<DivBackward0>)
	 epoch  40 test error:  tensor(0.0730, device='cuda:0', grad_fn=<DivBackward0>)
Memory status after this epoch: 
Memory allocated:  552.947265625
Memory cached:  1080.0
	 epoch  50 training error:  tensor(1.0000, device='cuda:0', grad_fn=<DivBackward0>)
	 epoch  50 test error:  tensor(0.0730, device='cuda:0', grad_fn=<DivBackward0>)
Memory status after this epoch: 
Memory allocated:  552.619140625
Memory cached:  1080.0
	 epoch  60 training error:  tensor(1.0000, device='cuda:0', grad_fn=<DivBackward0>)
	 epoch  60 test error:  tensor(0.0730, device='cuda:0', grad_fn=<DivBackward0>)
Memory status after this epoch: 
Memory allocated:  552.947265625
Memory cached:  1080.0
	 epoch  70 training error:  tensor(1.0000, device='cuda:0', grad_fn=<DivBackward0>)
	 epoch  70 test error:  tensor(0.0730, device='cuda:0', grad_fn=<DivBackward0>)
Memory status after this epoch: 
Memory allocated:  552.619140625
Memory cached:  1080.0
	 epoch  80 training error:  tensor(1.0000, device='cuda:0', grad_fn=<DivBackward0>)
	 epoch  80 test error:  tensor(0.0730, device='cuda:0', grad_fn=<DivBackward0>)
Memory status after this epoch: 
Memory allocated:  552.947265625
Memory cached:  1082.0
	 epoch  90 training error:  tensor(1.0000, device='cuda:0', grad_fn=<DivBackward0>)
	 epoch  90 test error:  tensor(0.0730, device='cuda:0', grad_fn=<DivBackward0>)
Memory status after this epoch: 
Memory allocated:  552.619140625
Memory cached:  1082.0
