/home/shengduo/anaconda3/lib/python3.9/site-packages/scipy/__init__.py:146: UserWarning: A NumPy version >=1.16.5 and <1.23.0 is required for this version of SciPy (detected version 1.24.1
  warnings.warn(f"A NumPy version >={np_minversion} and <{np_maxversion}"
[I 2023-11-10 11:18:21,876] A new study created in memory with name: no-name-e65105f7-e85e-402d-8383-1da65f19bcdb
Cuda is available:  True
Device is:  cuda:0
Memory allocated:  0.0
Memory cached:  0.0
Vs.shape:  torch.Size([100, 100])
thetas.shape:  torch.Size([100, 100])
fs.shape:  torch.Size([100, 100])
ts.shape:  torch.Size([100, 100])
Xs.shape:  torch.Size([100, 100])
--------------------  Trial  0   --------------------
Start timing: 
Parameters: 
{'W_layers': 7, 'W_layer_units_exponent_0': 5, 'W_layer_units_exponent_1': 6, 'W_layer_units_exponent_2': 5, 'W_layer_units_exponent_3': 5, 'W_layer_units_exponent_4': 9, 'W_layer_units_exponent_5': 8, 'W_layer_units_exponent_6': 6, 'D_layers': 4, 'D_layer_units_exponent_0': 9, 'D_layer_units_exponent_1': 6, 'D_layer_units_exponent_2': 6, 'D_layer_units_exponent_3': 5, 'D_dagger_layers': 7, 'D_dagger_layer_units_exponent_0': 4, 'D_dagger_layer_units_exponent_1': 8, 'D_dagger_layer_units_exponent_2': 7, 'D_dagger_layer_units_exponent_3': 9, 'D_dagger_layer_units_exponent_4': 4, 'D_dagger_layer_units_exponent_5': 5, 'D_dagger_layer_units_exponent_6': 6, 'log_learning_rate': -2.6911539643831532, 'log_learning_rate_D': -4.536271905152318, 'log_learning_rate_D_dagger': -3.699604599681794, 'training_batch_size': 8, 'training_p': 6}
/home/shengduo/anaconda3/lib/python3.9/site-packages/torch/nn/init.py:405: UserWarning: Initializing zero-element tensors is a no-op
  warnings.warn("Initializing zero-element tensors is a no-op")
	 epoch  0 training error:  tensor(0.9440, device='cuda:0', grad_fn=<DivBackward0>)
Memory status after this epoch: 
Memory allocated:  4.66650390625
Memory cached:  18.0
	 epoch  10 training error:  tensor(0.1725, device='cuda:0', grad_fn=<DivBackward0>)
Memory status after this epoch: 
Memory allocated:  4.66650390625
Memory cached:  20.0
	 epoch  20 training error:  tensor(0.1722, device='cuda:0', grad_fn=<DivBackward0>)
Memory status after this epoch: 
Memory allocated:  4.66650390625
Memory cached:  20.0
	 epoch  30 training error:  tensor(0.0976, device='cuda:0', grad_fn=<DivBackward0>)
Memory status after this epoch: 
Memory allocated:  4.66650390625
Memory cached:  20.0
	 epoch  40 training error:  tensor(0.1034, device='cuda:0', grad_fn=<DivBackward0>)
Memory status after this epoch: 
Memory allocated:  4.66650390625
Memory cached:  20.0
	 epoch  50 training error:  tensor(0.1024, device='cuda:0', grad_fn=<DivBackward0>)
Memory status after this epoch: 
Memory allocated:  4.66650390625
Memory cached:  20.0
	 epoch  60 training error:  tensor(0.0974, device='cuda:0', grad_fn=<DivBackward0>)
Memory status after this epoch: 
Memory allocated:  4.66650390625
Memory cached:  20.0
	 epoch  70 training error:  tensor(0.0955, device='cuda:0', grad_fn=<DivBackward0>)
Memory status after this epoch: 
Memory allocated:  4.66650390625
Memory cached:  20.0
	 epoch  80 training error:  tensor(0.0961, device='cuda:0', grad_fn=<DivBackward0>)
Memory status after this epoch: 
Memory allocated:  4.66650390625
Memory cached:  20.0
	 epoch  90 training error:  tensor(0.0964, device='cuda:0', grad_fn=<DivBackward0>)
Memory status after this epoch: 
Memory allocated:  4.66650390625
Memory cached:  20.0
[I 2023-11-10 11:18:42,402] Trial 0 finished with value: 0.08316846936941147 and parameters: {'W_layers': 7, 'W_layer_units_exponent_0': 5, 'W_layer_units_exponent_1': 6, 'W_layer_units_exponent_2': 5, 'W_layer_units_exponent_3': 5, 'W_layer_units_exponent_4': 9, 'W_layer_units_exponent_5': 8, 'W_layer_units_exponent_6': 6, 'D_layers': 4, 'D_layer_units_exponent_0': 9, 'D_layer_units_exponent_1': 6, 'D_layer_units_exponent_2': 6, 'D_layer_units_exponent_3': 5, 'D_dagger_layers': 7, 'D_dagger_layer_units_exponent_0': 4, 'D_dagger_layer_units_exponent_1': 8, 'D_dagger_layer_units_exponent_2': 7, 'D_dagger_layer_units_exponent_3': 9, 'D_dagger_layer_units_exponent_4': 4, 'D_dagger_layer_units_exponent_5': 5, 'D_dagger_layer_units_exponent_6': 6, 'log_learning_rate': -2.6911539643831532, 'log_learning_rate_D': -4.536271905152318, 'log_learning_rate_D_dagger': -3.699604599681794, 'training_batch_size': 8, 'training_p': 6}. Best is trial 0 with value: 0.08316846936941147.
Time for this trial:  20.43032145500183
Memory status after this trial: 
Memory allocated:  111.9482421875
Memory cached:  132.0
--------------------  Trial  1   --------------------
Start timing: 
Parameters: 
{'W_layers': 5, 'W_layer_units_exponent_0': 9, 'W_layer_units_exponent_1': 4, 'W_layer_units_exponent_2': 9, 'W_layer_units_exponent_3': 4, 'W_layer_units_exponent_4': 7, 'D_layers': 5, 'D_layer_units_exponent_0': 9, 'D_layer_units_exponent_1': 6, 'D_layer_units_exponent_2': 10, 'D_layer_units_exponent_3': 10, 'D_layer_units_exponent_4': 10, 'D_dagger_layers': 3, 'D_dagger_layer_units_exponent_0': 7, 'D_dagger_layer_units_exponent_1': 4, 'D_dagger_layer_units_exponent_2': 10, 'log_learning_rate': -3.562171470998703, 'log_learning_rate_D': -2.523605754087572, 'log_learning_rate_D_dagger': -3.6394168309732793, 'training_batch_size': 10, 'training_p': 6}
	 epoch  0 training error:  tensor(1.1560, device='cuda:0', grad_fn=<DivBackward0>)
Memory status after this epoch: 
Memory allocated:  9.3076171875
Memory cached:  32.0
	 epoch  10 training error:  tensor(0.2291, device='cuda:0', grad_fn=<DivBackward0>)
Memory status after this epoch: 
Memory allocated:  9.3076171875
Memory cached:  32.0
	 epoch  20 training error:  tensor(0.1414, device='cuda:0', grad_fn=<DivBackward0>)
Memory status after this epoch: 
Memory allocated:  9.3076171875
Memory cached:  32.0
	 epoch  30 training error:  tensor(0.1212, device='cuda:0', grad_fn=<DivBackward0>)
Memory status after this epoch: 
Memory allocated:  9.3076171875
Memory cached:  32.0
	 epoch  40 training error:  tensor(0.1021, device='cuda:0', grad_fn=<DivBackward0>)
Memory status after this epoch: 
Memory allocated:  9.3076171875
Memory cached:  32.0
	 epoch  50 training error:  tensor(0.0999, device='cuda:0', grad_fn=<DivBackward0>)
Memory status after this epoch: 
Memory allocated:  9.3076171875
Memory cached:  32.0
	 epoch  60 training error:  tensor(0.0924, device='cuda:0', grad_fn=<DivBackward0>)
Memory status after this epoch: 
Memory allocated:  9.3076171875
Memory cached:  32.0
	 epoch  70 training error:  tensor(0.0893, device='cuda:0', grad_fn=<DivBackward0>)
Memory status after this epoch: 
Memory allocated:  9.3076171875
Memory cached:  32.0
	 epoch  80 training error:  tensor(0.0879, device='cuda:0', grad_fn=<DivBackward0>)
Memory status after this epoch: 
Memory allocated:  9.3076171875
Memory cached:  32.0
	 epoch  90 training error:  tensor(0.0873, device='cuda:0', grad_fn=<DivBackward0>)
Memory status after this epoch: 
Memory allocated:  9.3076171875
Memory cached:  32.0
[I 2023-11-10 11:18:59,560] Trial 1 finished with value: 0.07297783344984055 and parameters: {'W_layers': 5, 'W_layer_units_exponent_0': 9, 'W_layer_units_exponent_1': 4, 'W_layer_units_exponent_2': 9, 'W_layer_units_exponent_3': 4, 'W_layer_units_exponent_4': 7, 'D_layers': 5, 'D_layer_units_exponent_0': 9, 'D_layer_units_exponent_1': 6, 'D_layer_units_exponent_2': 10, 'D_layer_units_exponent_3': 10, 'D_layer_units_exponent_4': 10, 'D_dagger_layers': 3, 'D_dagger_layer_units_exponent_0': 7, 'D_dagger_layer_units_exponent_1': 4, 'D_dagger_layer_units_exponent_2': 10, 'log_learning_rate': -3.562171470998703, 'log_learning_rate_D': -2.523605754087572, 'log_learning_rate_D_dagger': -3.6394168309732793, 'training_batch_size': 10, 'training_p': 6}. Best is trial 1 with value: 0.07297783344984055.
Time for this trial:  17.06595730781555
Memory status after this trial: 
Memory allocated:  127.9052734375
Memory cached:  158.0
--------------------  Trial  2   --------------------
Start timing: 
Parameters: 
{'W_layers': 6, 'W_layer_units_exponent_0': 8, 'W_layer_units_exponent_1': 7, 'W_layer_units_exponent_2': 10, 'W_layer_units_exponent_3': 8, 'W_layer_units_exponent_4': 8, 'W_layer_units_exponent_5': 5, 'D_layers': 3, 'D_layer_units_exponent_0': 9, 'D_layer_units_exponent_1': 6, 'D_layer_units_exponent_2': 7, 'D_dagger_layers': 2, 'D_dagger_layer_units_exponent_0': 6, 'D_dagger_layer_units_exponent_1': 6, 'log_learning_rate': -4.5366306920119674, 'log_learning_rate_D': -3.78105627530303, 'log_learning_rate_D_dagger': -4.880718497225358, 'training_batch_size': 6, 'training_p': 6}
	 epoch  0 training error:  tensor(0.7604, device='cuda:0', grad_fn=<DivBackward0>)
Memory status after this epoch: 
Memory allocated:  8.0263671875
Memory cached:  12.0
	 epoch  10 training error:  tensor(0.5112, device='cuda:0', grad_fn=<DivBackward0>)
Memory status after this epoch: 
Memory allocated:  8.0263671875
Memory cached:  14.0
	 epoch  20 training error:  tensor(0.4688, device='cuda:0', grad_fn=<DivBackward0>)
Memory status after this epoch: 
Memory allocated:  8.0263671875
Memory cached:  16.0
	 epoch  30 training error:  tensor(0.4329, device='cuda:0', grad_fn=<DivBackward0>)
Memory status after this epoch: 
Memory allocated:  8.0263671875
Memory cached:  12.0
	 epoch  40 training error:  tensor(0.3972, device='cuda:0', grad_fn=<DivBackward0>)
Memory status after this epoch: 
Memory allocated:  8.0263671875
Memory cached:  14.0
	 epoch  50 training error:  tensor(0.3627, device='cuda:0', grad_fn=<DivBackward0>)
Memory status after this epoch: 
Memory allocated:  8.0263671875
Memory cached:  16.0
	 epoch  60 training error:  tensor(0.3280, device='cuda:0', grad_fn=<DivBackward0>)
Memory status after this epoch: 
Memory allocated:  8.0263671875
Memory cached:  12.0
	 epoch  70 training error:  tensor(0.2944, device='cuda:0', grad_fn=<DivBackward0>)
Memory status after this epoch: 
Memory allocated:  8.0263671875
Memory cached:  12.0
	 epoch  80 training error:  tensor(0.2623, device='cuda:0', grad_fn=<DivBackward0>)
Memory status after this epoch: 
Memory allocated:  8.0263671875
Memory cached:  12.0
	 epoch  90 training error:  tensor(0.2322, device='cuda:0', grad_fn=<DivBackward0>)
Memory status after this epoch: 
Memory allocated:  8.0263671875
Memory cached:  12.0
[I 2023-11-10 11:19:19,260] Trial 2 finished with value: 0.18271861970424652 and parameters: {'W_layers': 6, 'W_layer_units_exponent_0': 8, 'W_layer_units_exponent_1': 7, 'W_layer_units_exponent_2': 10, 'W_layer_units_exponent_3': 8, 'W_layer_units_exponent_4': 8, 'W_layer_units_exponent_5': 5, 'D_layers': 3, 'D_layer_units_exponent_0': 9, 'D_layer_units_exponent_1': 6, 'D_layer_units_exponent_2': 7, 'D_dagger_layers': 2, 'D_dagger_layer_units_exponent_0': 6, 'D_dagger_layer_units_exponent_1': 6, 'log_learning_rate': -4.5366306920119674, 'log_learning_rate_D': -3.78105627530303, 'log_learning_rate_D_dagger': -4.880718497225358, 'training_batch_size': 6, 'training_p': 6}. Best is trial 1 with value: 0.07297783344984055.
Time for this trial:  19.612816095352173
Memory status after this trial: 
Memory allocated:  117.0546875
Memory cached:  126.0
--------------------  Trial  3   --------------------
Start timing: 
Parameters: 
{'W_layers': 2, 'W_layer_units_exponent_0': 10, 'W_layer_units_exponent_1': 4, 'D_layers': 2, 'D_layer_units_exponent_0': 4, 'D_layer_units_exponent_1': 4, 'D_dagger_layers': 4, 'D_dagger_layer_units_exponent_0': 6, 'D_dagger_layer_units_exponent_1': 8, 'D_dagger_layer_units_exponent_2': 9, 'D_dagger_layer_units_exponent_3': 5, 'log_learning_rate': -1.7769099443004852, 'log_learning_rate_D': -3.308311211083732, 'log_learning_rate_D_dagger': -3.4916653797203603, 'training_batch_size': 11, 'training_p': 6}
	 epoch  0 training error:  tensor(1.8620, device='cuda:0', grad_fn=<DivBackward0>)
Memory status after this epoch: 
Memory allocated:  2.9658203125
Memory cached:  8.0
	 epoch  10 training error:  tensor(7.3243, device='cuda:0', grad_fn=<DivBackward0>)
Memory status after this epoch: 
Memory allocated:  2.9658203125
Memory cached:  10.0
	 epoch  20 training error:  tensor(1.1154, device='cuda:0', grad_fn=<DivBackward0>)
Memory status after this epoch: 
Memory allocated:  2.9658203125
Memory cached:  10.0
	 epoch  30 training error:  tensor(0.8288, device='cuda:0', grad_fn=<DivBackward0>)
Memory status after this epoch: 
Memory allocated:  2.9658203125
Memory cached:  10.0
	 epoch  40 training error:  tensor(0.1278, device='cuda:0', grad_fn=<DivBackward0>)
Memory status after this epoch: 
Memory allocated:  2.9658203125
Memory cached:  10.0
	 epoch  50 training error:  tensor(0.2238, device='cuda:0', grad_fn=<DivBackward0>)
Memory status after this epoch: 
Memory allocated:  2.9658203125
Memory cached:  10.0
	 epoch  60 training error:  tensor(0.1458, device='cuda:0', grad_fn=<DivBackward0>)
Memory status after this epoch: 
Memory allocated:  2.9658203125
Memory cached:  10.0
	 epoch  70 training error:  tensor(0.1144, device='cuda:0', grad_fn=<DivBackward0>)
Memory status after this epoch: 
Memory allocated:  2.9658203125
Memory cached:  10.0
	 epoch  80 training error:  tensor(0.1009, device='cuda:0', grad_fn=<DivBackward0>)
Memory status after this epoch: 
Memory allocated:  2.9658203125
Memory cached:  10.0
	 epoch  90 training error:  tensor(0.1085, device='cuda:0', grad_fn=<DivBackward0>)
Memory status after this epoch: 
Memory allocated:  2.9658203125
Memory cached:  10.0
[I 2023-11-10 11:19:36,204] Trial 3 finished with value: 0.08748921751976013 and parameters: {'W_layers': 2, 'W_layer_units_exponent_0': 10, 'W_layer_units_exponent_1': 4, 'D_layers': 2, 'D_layer_units_exponent_0': 4, 'D_layer_units_exponent_1': 4, 'D_dagger_layers': 4, 'D_dagger_layer_units_exponent_0': 6, 'D_dagger_layer_units_exponent_1': 8, 'D_dagger_layer_units_exponent_2': 9, 'D_dagger_layer_units_exponent_3': 5, 'log_learning_rate': -1.7769099443004852, 'log_learning_rate_D': -3.308311211083732, 'log_learning_rate_D_dagger': -3.4916653797203603, 'training_batch_size': 11, 'training_p': 6}. Best is trial 1 with value: 0.07297783344984055.
Time for this trial:  16.843813180923462
Memory status after this trial: 
Memory allocated:  105.56640625
Memory cached:  126.0
--------------------  Trial  4   --------------------
Start timing: 
Parameters: 
{'W_layers': 6, 'W_layer_units_exponent_0': 9, 'W_layer_units_exponent_1': 10, 'W_layer_units_exponent_2': 6, 'W_layer_units_exponent_3': 6, 'W_layer_units_exponent_4': 6, 'W_layer_units_exponent_5': 6, 'D_layers': 3, 'D_layer_units_exponent_0': 10, 'D_layer_units_exponent_1': 10, 'D_layer_units_exponent_2': 6, 'D_dagger_layers': 4, 'D_dagger_layer_units_exponent_0': 5, 'D_dagger_layer_units_exponent_1': 8, 'D_dagger_layer_units_exponent_2': 4, 'D_dagger_layer_units_exponent_3': 8, 'log_learning_rate': -3.071917659566769, 'log_learning_rate_D': -3.894417879875934, 'log_learning_rate_D_dagger': -1.9081761029764728, 'training_batch_size': 7, 'training_p': 4}
	 epoch  0 training error:  tensor(0.7021, device='cuda:0', grad_fn=<DivBackward0>)
Memory status after this epoch: 
Memory allocated:  14.28857421875
Memory cached:  44.0
	 epoch  10 training error:  tensor(0.2102, device='cuda:0', grad_fn=<DivBackward0>)
Memory status after this epoch: 
Memory allocated:  14.28857421875
Memory cached:  44.0
	 epoch  20 training error:  tensor(0.1310, device='cuda:0', grad_fn=<DivBackward0>)
Memory status after this epoch: 
Memory allocated:  14.28857421875
Memory cached:  44.0
	 epoch  30 training error:  tensor(0.1336, device='cuda:0', grad_fn=<DivBackward0>)
Memory status after this epoch: 
Memory allocated:  14.28857421875
Memory cached:  44.0
	 epoch  40 training error:  tensor(0.1326, device='cuda:0', grad_fn=<DivBackward0>)
Memory status after this epoch: 
Memory allocated:  14.28857421875
Memory cached:  44.0
	 epoch  50 training error:  tensor(0.1319, device='cuda:0', grad_fn=<DivBackward0>)
Memory status after this epoch: 
Memory allocated:  14.28857421875
Memory cached:  44.0
	 epoch  60 training error:  tensor(0.1310, device='cuda:0', grad_fn=<DivBackward0>)
Memory status after this epoch: 
Memory allocated:  14.28857421875
Memory cached:  44.0
	 epoch  70 training error:  tensor(0.1311, device='cuda:0', grad_fn=<DivBackward0>)
Memory status after this epoch: 
Memory allocated:  14.28857421875
Memory cached:  44.0
	 epoch  80 training error:  tensor(0.1310, device='cuda:0', grad_fn=<DivBackward0>)
Memory status after this epoch: 
Memory allocated:  14.28857421875
Memory cached:  44.0
	 epoch  90 training error:  tensor(0.1310, device='cuda:0', grad_fn=<DivBackward0>)
Memory status after this epoch: 
Memory allocated:  14.28857421875
Memory cached:  44.0
[I 2023-11-10 11:19:54,607] Trial 4 finished with value: 0.1302173137664795 and parameters: {'W_layers': 6, 'W_layer_units_exponent_0': 9, 'W_layer_units_exponent_1': 10, 'W_layer_units_exponent_2': 6, 'W_layer_units_exponent_3': 6, 'W_layer_units_exponent_4': 6, 'W_layer_units_exponent_5': 6, 'D_layers': 3, 'D_layer_units_exponent_0': 10, 'D_layer_units_exponent_1': 10, 'D_layer_units_exponent_2': 6, 'D_dagger_layers': 4, 'D_dagger_layer_units_exponent_0': 5, 'D_dagger_layer_units_exponent_1': 8, 'D_dagger_layer_units_exponent_2': 4, 'D_dagger_layer_units_exponent_3': 8, 'log_learning_rate': -3.071917659566769, 'log_learning_rate_D': -3.894417879875934, 'log_learning_rate_D_dagger': -1.9081761029764728, 'training_batch_size': 7, 'training_p': 4}. Best is trial 1 with value: 0.07297783344984055.
Time for this trial:  18.28978681564331
Memory status after this trial: 
Memory allocated:  132.650390625
Memory cached:  156.0
--------------------  Trial  5   --------------------
Start timing: 
Parameters: 
{'W_layers': 7, 'W_layer_units_exponent_0': 10, 'W_layer_units_exponent_1': 10, 'W_layer_units_exponent_2': 4, 'W_layer_units_exponent_3': 8, 'W_layer_units_exponent_4': 8, 'W_layer_units_exponent_5': 5, 'W_layer_units_exponent_6': 6, 'D_layers': 7, 'D_layer_units_exponent_0': 4, 'D_layer_units_exponent_1': 5, 'D_layer_units_exponent_2': 7, 'D_layer_units_exponent_3': 7, 'D_layer_units_exponent_4': 10, 'D_layer_units_exponent_5': 4, 'D_layer_units_exponent_6': 10, 'D_dagger_layers': 2, 'D_dagger_layer_units_exponent_0': 6, 'D_dagger_layer_units_exponent_1': 8, 'log_learning_rate': -2.009683294245144, 'log_learning_rate_D': -4.564459984427719, 'log_learning_rate_D_dagger': -2.1621022334701467, 'training_batch_size': 10, 'training_p': 6}
	 epoch  0 training error:  tensor(1.1511, device='cuda:0', grad_fn=<DivBackward0>)
Memory status after this epoch: 
Memory allocated:  18.6708984375
Memory cached:  28.0
	 epoch  10 training error:  tensor(1.2776, device='cuda:0', grad_fn=<DivBackward0>)
Memory status after this epoch: 
Memory allocated:  18.6708984375
Memory cached:  28.0
	 epoch  20 training error:  tensor(0.2552, device='cuda:0', grad_fn=<DivBackward0>)
Memory status after this epoch: 
Memory allocated:  18.6708984375
Memory cached:  28.0
	 epoch  30 training error:  tensor(0.1844, device='cuda:0', grad_fn=<DivBackward0>)
Memory status after this epoch: 
Memory allocated:  18.6708984375
Memory cached:  28.0
	 epoch  40 training error:  tensor(0.1516, device='cuda:0', grad_fn=<DivBackward0>)
Memory status after this epoch: 
Memory allocated:  18.6708984375
Memory cached:  28.0
	 epoch  50 training error:  tensor(0.1140, device='cuda:0', grad_fn=<DivBackward0>)
Memory status after this epoch: 
Memory allocated:  18.6708984375
Memory cached:  28.0
	 epoch  60 training error:  tensor(0.0997, device='cuda:0', grad_fn=<DivBackward0>)
Memory status after this epoch: 
Memory allocated:  18.6708984375
Memory cached:  28.0
	 epoch  70 training error:  tensor(0.0929, device='cuda:0', grad_fn=<DivBackward0>)
Memory status after this epoch: 
Memory allocated:  18.6708984375
Memory cached:  30.0
	 epoch  80 training error:  tensor(0.0893, device='cuda:0', grad_fn=<DivBackward0>)
Memory status after this epoch: 
Memory allocated:  18.6708984375
Memory cached:  30.0
	 epoch  90 training error:  tensor(0.0875, device='cuda:0', grad_fn=<DivBackward0>)
Memory status after this epoch: 
Memory allocated:  18.6708984375
Memory cached:  30.0
