[I 2023-11-16 13:52:10,085] Trial 31 finished with value: 0.007809286005795002 and parameters: {'W_layers': 7, 'W_layer_units_exponent_0': 6, 'W_layer_units_exponent_1': 10, 'W_layer_units_exponent_2': 9, 'W_layer_units_exponent_3': 4, 'W_layer_units_exponent_4': 6, 'W_layer_units_exponent_5': 10, 'W_layer_units_exponent_6': 10, 'D_layers': 7, 'D_layer_units_exponent_0': 8, 'D_layer_units_exponent_1': 7, 'D_layer_units_exponent_2': 6, 'D_layer_units_exponent_3': 8, 'D_layer_units_exponent_4': 7, 'D_layer_units_exponent_5': 10, 'D_layer_units_exponent_6': 9, 'log_learning_rate': -3.103458768947497, 'log_learning_rate_D': -4.602660187002049, 'training_batch_size': 7, 'training_p': 6}. Best is trial 30 with value: 0.007359908428043127.
Time for this trial:  207.9594624042511
Memory status after this trial: 
Memory allocated:  797.15771484375
Memory cached:  822.0
--------------------  Trial  32   --------------------
Start timing: 
Parameters: 
{'W_layers': 7, 'W_layer_units_exponent_0': 7, 'W_layer_units_exponent_1': 10, 'W_layer_units_exponent_2': 7, 'W_layer_units_exponent_3': 5, 'W_layer_units_exponent_4': 6, 'W_layer_units_exponent_5': 8, 'W_layer_units_exponent_6': 8, 'D_layers': 7, 'D_layer_units_exponent_0': 9, 'D_layer_units_exponent_1': 8, 'D_layer_units_exponent_2': 6, 'D_layer_units_exponent_3': 9, 'D_layer_units_exponent_4': 6, 'D_layer_units_exponent_5': 10, 'D_layer_units_exponent_6': 9, 'log_learning_rate': -3.2941731948609974, 'log_learning_rate_D': -3.878251576995488, 'training_batch_size': 6, 'training_p': 6}
	 epoch  0 training error:  tensor(1.1914, device='cuda:0', grad_fn=<DivBackward0>)
	 epoch  0 test error:  tensor(0.0486, device='cuda:0', grad_fn=<DivBackward0>)
Memory status after this epoch: 
Memory allocated:  339.7275390625
Memory cached:  390.0
	 epoch  10 training error:  tensor(0.4091, device='cuda:0', grad_fn=<DivBackward0>)
	 epoch  10 test error:  tensor(0.0216, device='cuda:0', grad_fn=<DivBackward0>)
Memory status after this epoch: 
Memory allocated:  339.5400390625
Memory cached:  670.0
	 epoch  20 training error:  tensor(0.3467, device='cuda:0', grad_fn=<DivBackward0>)
	 epoch  20 test error:  tensor(0.0078, device='cuda:0', grad_fn=<DivBackward0>)
Memory status after this epoch: 
Memory allocated:  339.7275390625
Memory cached:  670.0
	 epoch  30 training error:  tensor(0.3270, device='cuda:0', grad_fn=<DivBackward0>)
	 epoch  30 test error:  tensor(0.0085, device='cuda:0', grad_fn=<DivBackward0>)
Memory status after this epoch: 
Memory allocated:  339.5400390625
Memory cached:  670.0
	 epoch  40 training error:  tensor(0.3216, device='cuda:0', grad_fn=<DivBackward0>)
	 epoch  40 test error:  tensor(0.0083, device='cuda:0', grad_fn=<DivBackward0>)
Memory status after this epoch: 
Memory allocated:  339.7275390625
Memory cached:  670.0
	 epoch  50 training error:  tensor(0.3210, device='cuda:0', grad_fn=<DivBackward0>)
	 epoch  50 test error:  tensor(0.0083, device='cuda:0', grad_fn=<DivBackward0>)
Memory status after this epoch: 
Memory allocated:  339.5400390625
Memory cached:  670.0
	 epoch  60 training error:  tensor(0.3207, device='cuda:0', grad_fn=<DivBackward0>)
	 epoch  60 test error:  tensor(0.0083, device='cuda:0', grad_fn=<DivBackward0>)
Memory status after this epoch: 
Memory allocated:  339.7275390625
Memory cached:  670.0
	 epoch  70 training error:  tensor(0.3205, device='cuda:0', grad_fn=<DivBackward0>)
	 epoch  70 test error:  tensor(0.0081, device='cuda:0', grad_fn=<DivBackward0>)
Memory status after this epoch: 
Memory allocated:  339.5400390625
Memory cached:  670.0
	 epoch  80 training error:  tensor(0.3222, device='cuda:0', grad_fn=<DivBackward0>)
	 epoch  80 test error:  tensor(0.0082, device='cuda:0', grad_fn=<DivBackward0>)
Memory status after this epoch: 
Memory allocated:  339.7275390625
Memory cached:  670.0
	 epoch  90 training error:  tensor(0.3217, device='cuda:0', grad_fn=<DivBackward0>)
	 epoch  90 test error:  tensor(0.0085, device='cuda:0', grad_fn=<DivBackward0>)
Memory status after this epoch: 
Memory allocated:  339.5400390625
Memory cached:  670.0
[I 2023-11-16 13:57:49,481] Trial 32 finished with value: 0.008159993216395378 and parameters: {'W_layers': 7, 'W_layer_units_exponent_0': 7, 'W_layer_units_exponent_1': 10, 'W_layer_units_exponent_2': 7, 'W_layer_units_exponent_3': 5, 'W_layer_units_exponent_4': 6, 'W_layer_units_exponent_5': 8, 'W_layer_units_exponent_6': 8, 'D_layers': 7, 'D_layer_units_exponent_0': 9, 'D_layer_units_exponent_1': 8, 'D_layer_units_exponent_2': 6, 'D_layer_units_exponent_3': 9, 'D_layer_units_exponent_4': 6, 'D_layer_units_exponent_5': 10, 'D_layer_units_exponent_6': 9, 'log_learning_rate': -3.2941731948609974, 'log_learning_rate_D': -3.878251576995488, 'training_batch_size': 6, 'training_p': 6}. Best is trial 30 with value: 0.007359908428043127.
Time for this trial:  339.0508873462677
Memory status after this trial: 
Memory allocated:  650.70263671875
Memory cached:  670.0
--------------------  Trial  33   --------------------
Start timing: 
Parameters: 
{'W_layers': 6, 'W_layer_units_exponent_0': 6, 'W_layer_units_exponent_1': 9, 'W_layer_units_exponent_2': 9, 'W_layer_units_exponent_3': 5, 'W_layer_units_exponent_4': 5, 'W_layer_units_exponent_5': 6, 'D_layers': 6, 'D_layer_units_exponent_0': 7, 'D_layer_units_exponent_1': 6, 'D_layer_units_exponent_2': 5, 'D_layer_units_exponent_3': 7, 'D_layer_units_exponent_4': 7, 'D_layer_units_exponent_5': 9, 'log_learning_rate': -2.5271223254281403, 'log_learning_rate_D': -4.62031735571779, 'training_batch_size': 7, 'training_p': 7}
	 epoch  0 training error:  tensor(1.4909, device='cuda:0', grad_fn=<DivBackward0>)
	 epoch  0 test error:  tensor(1.3073, device='cuda:0', grad_fn=<DivBackward0>)
Memory status after this epoch: 
Memory allocated:  189.39794921875
Memory cached:  228.0
	 epoch  10 training error:  tensor(1.0431, device='cuda:0', grad_fn=<DivBackward0>)
	 epoch  10 test error:  tensor(0.0079, device='cuda:0', grad_fn=<DivBackward0>)
Memory status after this epoch: 
Memory allocated:  188.64794921875
Memory cached:  388.0
	 epoch  20 training error:  tensor(0.4093, device='cuda:0', grad_fn=<DivBackward0>)
	 epoch  20 test error:  tensor(0.0090, device='cuda:0', grad_fn=<DivBackward0>)
Memory status after this epoch: 
Memory allocated:  189.39794921875
Memory cached:  388.0
	 epoch  30 training error:  tensor(0.4038, device='cuda:0', grad_fn=<DivBackward0>)
	 epoch  30 test error:  tensor(0.0083, device='cuda:0', grad_fn=<DivBackward0>)
Memory status after this epoch: 
Memory allocated:  188.64794921875
Memory cached:  388.0
	 epoch  40 training error:  tensor(0.3690, device='cuda:0', grad_fn=<DivBackward0>)
	 epoch  40 test error:  tensor(0.0081, device='cuda:0', grad_fn=<DivBackward0>)
Memory status after this epoch: 
Memory allocated:  189.39794921875
Memory cached:  390.0
	 epoch  50 training error:  tensor(0.3558, device='cuda:0', grad_fn=<DivBackward0>)
	 epoch  50 test error:  tensor(0.0078, device='cuda:0', grad_fn=<DivBackward0>)
Memory status after this epoch: 
Memory allocated:  188.64794921875
Memory cached:  392.0
	 epoch  60 training error:  tensor(0.3524, device='cuda:0', grad_fn=<DivBackward0>)
	 epoch  60 test error:  tensor(0.0077, device='cuda:0', grad_fn=<DivBackward0>)
Memory status after this epoch: 
Memory allocated:  189.39794921875
Memory cached:  390.0
	 epoch  70 training error:  tensor(0.3506, device='cuda:0', grad_fn=<DivBackward0>)
	 epoch  70 test error:  tensor(0.0076, device='cuda:0', grad_fn=<DivBackward0>)
Memory status after this epoch: 
Memory allocated:  188.64794921875
Memory cached:  388.0
	 epoch  80 training error:  tensor(0.3496, device='cuda:0', grad_fn=<DivBackward0>)
	 epoch  80 test error:  tensor(0.0075, device='cuda:0', grad_fn=<DivBackward0>)
Memory status after this epoch: 
Memory allocated:  189.39794921875
Memory cached:  388.0
	 epoch  90 training error:  tensor(0.3490, device='cuda:0', grad_fn=<DivBackward0>)
	 epoch  90 test error:  tensor(0.0074, device='cuda:0', grad_fn=<DivBackward0>)
Memory status after this epoch: 
Memory allocated:  188.64794921875
Memory cached:  388.0
[I 2023-11-16 14:00:36,703] Trial 33 finished with value: 0.007389724254608154 and parameters: {'W_layers': 6, 'W_layer_units_exponent_0': 6, 'W_layer_units_exponent_1': 9, 'W_layer_units_exponent_2': 9, 'W_layer_units_exponent_3': 5, 'W_layer_units_exponent_4': 5, 'W_layer_units_exponent_5': 6, 'D_layers': 6, 'D_layer_units_exponent_0': 7, 'D_layer_units_exponent_1': 6, 'D_layer_units_exponent_2': 5, 'D_layer_units_exponent_3': 7, 'D_layer_units_exponent_4': 7, 'D_layer_units_exponent_5': 9, 'log_learning_rate': -2.5271223254281403, 'log_learning_rate_D': -4.62031735571779, 'training_batch_size': 7, 'training_p': 7}. Best is trial 30 with value: 0.007359908428043127.
Time for this trial:  166.91587495803833
Memory status after this trial: 
Memory allocated:  367.29443359375
Memory cached:  388.0
--------------------  Trial  34   --------------------
Start timing: 
Parameters: 
{'W_layers': 7, 'W_layer_units_exponent_0': 6, 'W_layer_units_exponent_1': 9, 'W_layer_units_exponent_2': 9, 'W_layer_units_exponent_3': 5, 'W_layer_units_exponent_4': 5, 'W_layer_units_exponent_5': 6, 'W_layer_units_exponent_6': 7, 'D_layers': 6, 'D_layer_units_exponent_0': 6, 'D_layer_units_exponent_1': 5, 'D_layer_units_exponent_2': 5, 'D_layer_units_exponent_3': 7, 'D_layer_units_exponent_4': 7, 'D_layer_units_exponent_5': 9, 'log_learning_rate': -4.977995090563933, 'log_learning_rate_D': -4.411079272240323, 'training_batch_size': 9, 'training_p': 7}
	 epoch  0 training error:  tensor(0.9054, device='cuda:0', grad_fn=<DivBackward0>)
	 epoch  0 test error:  tensor(0.0371, device='cuda:0', grad_fn=<DivBackward0>)
Memory status after this epoch: 
Memory allocated:  190.42578125
Memory cached:  250.0
	 epoch  10 training error:  tensor(0.5029, device='cuda:0', grad_fn=<DivBackward0>)
	 epoch  10 test error:  tensor(0.0151, device='cuda:0', grad_fn=<DivBackward0>)
Memory status after this epoch: 
Memory allocated:  191.17578125
Memory cached:  392.0
	 epoch  20 training error:  tensor(0.3933, device='cuda:0', grad_fn=<DivBackward0>)
	 epoch  20 test error:  tensor(0.0090, device='cuda:0', grad_fn=<DivBackward0>)
Memory status after this epoch: 
Memory allocated:  190.42578125
Memory cached:  392.0
	 epoch  30 training error:  tensor(0.3531, device='cuda:0', grad_fn=<DivBackward0>)
	 epoch  30 test error:  tensor(0.0075, device='cuda:0', grad_fn=<DivBackward0>)
Memory status after this epoch: 
Memory allocated:  191.17578125
Memory cached:  392.0
	 epoch  40 training error:  tensor(0.3606, device='cuda:0', grad_fn=<DivBackward0>)
	 epoch  40 test error:  tensor(0.0084, device='cuda:0', grad_fn=<DivBackward0>)
Memory status after this epoch: 
Memory allocated:  190.42578125
Memory cached:  394.0
	 epoch  50 training error:  tensor(0.3541, device='cuda:0', grad_fn=<DivBackward0>)
	 epoch  50 test error:  tensor(0.0072, device='cuda:0', grad_fn=<DivBackward0>)
Memory status after this epoch: 
Memory allocated:  191.17578125
Memory cached:  392.0
	 epoch  60 training error:  tensor(0.3513, device='cuda:0', grad_fn=<DivBackward0>)
	 epoch  60 test error:  tensor(0.0077, device='cuda:0', grad_fn=<DivBackward0>)
Memory status after this epoch: 
Memory allocated:  190.42578125
Memory cached:  394.0
	 epoch  70 training error:  tensor(0.3511, device='cuda:0', grad_fn=<DivBackward0>)
	 epoch  70 test error:  tensor(0.0075, device='cuda:0', grad_fn=<DivBackward0>)
Memory status after this epoch: 
Memory allocated:  191.17578125
Memory cached:  396.0
	 epoch  80 training error:  tensor(0.3509, device='cuda:0', grad_fn=<DivBackward0>)
	 epoch  80 test error:  tensor(0.0074, device='cuda:0', grad_fn=<DivBackward0>)
Memory status after this epoch: 
Memory allocated:  190.42578125
Memory cached:  396.0
	 epoch  90 training error:  tensor(0.3505, device='cuda:0', grad_fn=<DivBackward0>)
	 epoch  90 test error:  tensor(0.0075, device='cuda:0', grad_fn=<DivBackward0>)
Memory status after this epoch: 
Memory allocated:  191.17578125
Memory cached:  394.0
[I 2023-11-16 14:03:31,071] Trial 34 finished with value: 0.007418004330247641 and parameters: {'W_layers': 7, 'W_layer_units_exponent_0': 6, 'W_layer_units_exponent_1': 9, 'W_layer_units_exponent_2': 9, 'W_layer_units_exponent_3': 5, 'W_layer_units_exponent_4': 5, 'W_layer_units_exponent_5': 6, 'W_layer_units_exponent_6': 7, 'D_layers': 6, 'D_layer_units_exponent_0': 6, 'D_layer_units_exponent_1': 5, 'D_layer_units_exponent_2': 5, 'D_layer_units_exponent_3': 7, 'D_layer_units_exponent_4': 7, 'D_layer_units_exponent_5': 9, 'log_learning_rate': -4.977995090563933, 'log_learning_rate_D': -4.411079272240323, 'training_batch_size': 9, 'training_p': 7}. Best is trial 30 with value: 0.007359908428043127.
Time for this trial:  174.06130599975586
Memory status after this trial: 
Memory allocated:  370.82373046875
Memory cached:  396.0
--------------------  Trial  35   --------------------
Start timing: 
Parameters: 
{'W_layers': 6, 'W_layer_units_exponent_0': 6, 'W_layer_units_exponent_1': 9, 'W_layer_units_exponent_2': 9, 'W_layer_units_exponent_3': 5, 'W_layer_units_exponent_4': 5, 'W_layer_units_exponent_5': 6, 'D_layers': 5, 'D_layer_units_exponent_0': 7, 'D_layer_units_exponent_1': 5, 'D_layer_units_exponent_2': 5, 'D_layer_units_exponent_3': 5, 'D_layer_units_exponent_4': 5, 'log_learning_rate': -4.717994161986573, 'log_learning_rate_D': -4.413376120068671, 'training_batch_size': 9, 'training_p': 7}
	 epoch  0 training error:  tensor(1.7722, device='cuda:0', grad_fn=<DivBackward0>)
	 epoch  0 test error:  tensor(0.0740, device='cuda:0', grad_fn=<DivBackward0>)
Memory status after this epoch: 
Memory allocated:  149.111328125
Memory cached:  188.0
	 epoch  10 training error:  tensor(0.3877, device='cuda:0', grad_fn=<DivBackward0>)
	 epoch  10 test error:  tensor(0.0128, device='cuda:0', grad_fn=<DivBackward0>)
Memory status after this epoch: 
Memory allocated:  148.361328125
Memory cached:  308.0
	 epoch  20 training error:  tensor(0.3838, device='cuda:0', grad_fn=<DivBackward0>)
	 epoch  20 test error:  tensor(0.0073, device='cuda:0', grad_fn=<DivBackward0>)
Memory status after this epoch: 
Memory allocated:  149.111328125
Memory cached:  310.0
	 epoch  30 training error:  tensor(0.3677, device='cuda:0', grad_fn=<DivBackward0>)
	 epoch  30 test error:  tensor(0.0079, device='cuda:0', grad_fn=<DivBackward0>)
Memory status after this epoch: 
Memory allocated:  148.361328125
Memory cached:  308.0
	 epoch  40 training error:  tensor(0.3524, device='cuda:0', grad_fn=<DivBackward0>)
	 epoch  40 test error:  tensor(0.0083, device='cuda:0', grad_fn=<DivBackward0>)
Memory status after this epoch: 
Memory allocated:  149.111328125
Memory cached:  310.0
	 epoch  50 training error:  tensor(0.3564, device='cuda:0', grad_fn=<DivBackward0>)
	 epoch  50 test error:  tensor(0.0071, device='cuda:0', grad_fn=<DivBackward0>)
Memory status after this epoch: 
Memory allocated:  148.361328125
Memory cached:  308.0
	 epoch  60 training error:  tensor(0.3545, device='cuda:0', grad_fn=<DivBackward0>)
	 epoch  60 test error:  tensor(0.0079, device='cuda:0', grad_fn=<DivBackward0>)
Memory status after this epoch: 
Memory allocated:  149.111328125
Memory cached:  308.0
	 epoch  70 training error:  tensor(0.3518, device='cuda:0', grad_fn=<DivBackward0>)
	 epoch  70 test error:  tensor(0.0076, device='cuda:0', grad_fn=<DivBackward0>)
Memory status after this epoch: 
Memory allocated:  148.361328125
Memory cached:  308.0
	 epoch  80 training error:  tensor(0.3519, device='cuda:0', grad_fn=<DivBackward0>)
	 epoch  80 test error:  tensor(0.0074, device='cuda:0', grad_fn=<DivBackward0>)
Memory status after this epoch: 
Memory allocated:  149.111328125
Memory cached:  308.0
	 epoch  90 training error:  tensor(0.3515, device='cuda:0', grad_fn=<DivBackward0>)
	 epoch  90 test error:  tensor(0.0075, device='cuda:0', grad_fn=<DivBackward0>)
Memory status after this epoch: 
Memory allocated:  148.361328125
Memory cached:  310.0
[I 2023-11-16 14:06:06,621] Trial 35 finished with value: 0.007564632687717676 and parameters: {'W_layers': 6, 'W_layer_units_exponent_0': 6, 'W_layer_units_exponent_1': 9, 'W_layer_units_exponent_2': 9, 'W_layer_units_exponent_3': 5, 'W_layer_units_exponent_4': 5, 'W_layer_units_exponent_5': 6, 'D_layers': 5, 'D_layer_units_exponent_0': 7, 'D_layer_units_exponent_1': 5, 'D_layer_units_exponent_2': 5, 'D_layer_units_exponent_3': 5, 'D_layer_units_exponent_4': 5, 'log_learning_rate': -4.717994161986573, 'log_learning_rate_D': -4.413376120068671, 'training_batch_size': 9, 'training_p': 7}. Best is trial 30 with value: 0.007359908428043127.
Time for this trial:  155.27166223526
Memory status after this trial: 
Memory allocated:  288.78076171875
Memory cached:  310.0
--------------------  Trial  36   --------------------
Start timing: 
Parameters: 
{'W_layers': 6, 'W_layer_units_exponent_0': 7, 'W_layer_units_exponent_1': 9, 'W_layer_units_exponent_2': 8, 'W_layer_units_exponent_3': 4, 'W_layer_units_exponent_4': 5, 'W_layer_units_exponent_5': 6, 'D_layers': 6, 'D_layer_units_exponent_0': 6, 'D_layer_units_exponent_1': 5, 'D_layer_units_exponent_2': 5, 'D_layer_units_exponent_3': 7, 'D_layer_units_exponent_4': 7, 'D_layer_units_exponent_5': 8, 'log_learning_rate': -4.986842427128976, 'log_learning_rate_D': -4.711904600769739, 'training_batch_size': 11, 'training_p': 7}
	 epoch  0 training error:  tensor(0.8385, device='cuda:0', grad_fn=<DivBackward0>)
	 epoch  0 test error:  tensor(0.0327, device='cuda:0', grad_fn=<DivBackward0>)
Memory status after this epoch: 
Memory allocated:  156.78515625
Memory cached:  216.0
	 epoch  10 training error:  tensor(0.3562, device='cuda:0', grad_fn=<DivBackward0>)
	 epoch  10 test error:  tensor(0.0073, device='cuda:0', grad_fn=<DivBackward0>)
Memory status after this epoch: 
Memory allocated:  157.53515625
Memory cached:  326.0
	 epoch  20 training error:  tensor(0.3857, device='cuda:0', grad_fn=<DivBackward0>)
	 epoch  20 test error:  tensor(0.0076, device='cuda:0', grad_fn=<DivBackward0>)
Memory status after this epoch: 
Memory allocated:  156.78515625
Memory cached:  328.0
	 epoch  30 training error:  tensor(0.3700, device='cuda:0', grad_fn=<DivBackward0>)
	 epoch  30 test error:  tensor(0.0092, device='cuda:0', grad_fn=<DivBackward0>)
Memory status after this epoch: 
Memory allocated:  157.53515625
Memory cached:  326.0
	 epoch  40 training error:  tensor(0.3569, device='cuda:0', grad_fn=<DivBackward0>)
	 epoch  40 test error:  tensor(0.0071, device='cuda:0', grad_fn=<DivBackward0>)
Memory status after this epoch: 
Memory allocated:  156.78515625
Memory cached:  330.0
	 epoch  50 training error:  tensor(0.3527, device='cuda:0', grad_fn=<DivBackward0>)
	 epoch  50 test error:  tensor(0.0079, device='cuda:0', grad_fn=<DivBackward0>)
Memory status after this epoch: 
Memory allocated:  157.53515625
Memory cached:  328.0
	 epoch  60 training error:  tensor(0.3520, device='cuda:0', grad_fn=<DivBackward0>)
	 epoch  60 test error:  tensor(0.0074, device='cuda:0', grad_fn=<DivBackward0>)
Memory status after this epoch: 
Memory allocated:  156.78515625
Memory cached:  328.0
	 epoch  70 training error:  tensor(0.3518, device='cuda:0', grad_fn=<DivBackward0>)
	 epoch  70 test error:  tensor(0.0076, device='cuda:0', grad_fn=<DivBackward0>)
Memory status after this epoch: 
Memory allocated:  157.53515625
Memory cached:  328.0
	 epoch  80 training error:  tensor(0.3517, device='cuda:0', grad_fn=<DivBackward0>)
	 epoch  80 test error:  tensor(0.0075, device='cuda:0', grad_fn=<DivBackward0>)
Memory status after this epoch: 
Memory allocated:  156.78515625
Memory cached:  326.0
	 epoch  90 training error:  tensor(0.3516, device='cuda:0', grad_fn=<DivBackward0>)
	 epoch  90 test error:  tensor(0.0076, device='cuda:0', grad_fn=<DivBackward0>)
Memory status after this epoch: 
Memory allocated:  157.53515625
Memory cached:  328.0
