[I 2023-11-16 01:06:52,957] Trial 2 finished with value: 0.0318191759288311 and parameters: {'W_layers': 5, 'W_layer_units_exponent_0': 7, 'W_layer_units_exponent_1': 10, 'W_layer_units_exponent_2': 5, 'W_layer_units_exponent_3': 8, 'W_layer_units_exponent_4': 8, 'D_layers': 8, 'D_layer_units_exponent_0': 10, 'D_layer_units_exponent_1': 4, 'D_layer_units_exponent_2': 5, 'D_layer_units_exponent_3': 5, 'D_layer_units_exponent_4': 5, 'D_layer_units_exponent_5': 9, 'D_layer_units_exponent_6': 5, 'D_layer_units_exponent_7': 6, 'log_learning_rate': -4.742855036691916, 'log_learning_rate_D': -4.075613575748427, 'training_batch_size': 9, 'training_p': 5}. Best is trial 2 with value: 0.0318191759288311.
Time for this trial:  185.05209827423096
Memory status after this trial: 
Memory allocated:  977.56005859375
Memory cached:  986.0
--------------------  Trial  3   --------------------
Start timing: 
Parameters: 
{'W_layers': 5, 'W_layer_units_exponent_0': 7, 'W_layer_units_exponent_1': 8, 'W_layer_units_exponent_2': 9, 'W_layer_units_exponent_3': 6, 'W_layer_units_exponent_4': 7, 'D_layers': 7, 'D_layer_units_exponent_0': 5, 'D_layer_units_exponent_1': 5, 'D_layer_units_exponent_2': 7, 'D_layer_units_exponent_3': 10, 'D_layer_units_exponent_4': 7, 'D_layer_units_exponent_5': 7, 'D_layer_units_exponent_6': 5, 'log_learning_rate': -2.8203904651555867, 'log_learning_rate_D': -1.8023367754738273, 'training_batch_size': 11, 'training_p': 8}
	 epoch  0 training error:  tensor(1.5157, device='cuda:0', grad_fn=<DivBackward0>)
	 epoch  0 test error:  tensor(2.3627, device='cuda:0', grad_fn=<DivBackward0>)
Memory status after this epoch: 
Memory allocated:  463.98681640625
Memory cached:  682.0
	 epoch  10 training error:  tensor(1.3752, device='cuda:0', grad_fn=<DivBackward0>)
	 epoch  10 test error:  tensor(0.0922, device='cuda:0', grad_fn=<DivBackward0>)
Memory status after this epoch: 
Memory allocated:  465.29931640625
Memory cached:  898.0
	 epoch  20 training error:  tensor(0.3637, device='cuda:0', grad_fn=<DivBackward0>)
	 epoch  20 test error:  tensor(0.0538, device='cuda:0', grad_fn=<DivBackward0>)
Memory status after this epoch: 
Memory allocated:  463.98681640625
Memory cached:  898.0
	 epoch  30 training error:  tensor(0.4485, device='cuda:0', grad_fn=<DivBackward0>)
	 epoch  30 test error:  tensor(0.0494, device='cuda:0', grad_fn=<DivBackward0>)
Memory status after this epoch: 
Memory allocated:  465.29931640625
Memory cached:  898.0
	 epoch  40 training error:  tensor(0.4279, device='cuda:0', grad_fn=<DivBackward0>)
	 epoch  40 test error:  tensor(0.0391, device='cuda:0', grad_fn=<DivBackward0>)
Memory status after this epoch: 
Memory allocated:  463.98681640625
Memory cached:  898.0
	 epoch  50 training error:  tensor(0.4201, device='cuda:0', grad_fn=<DivBackward0>)
	 epoch  50 test error:  tensor(0.0387, device='cuda:0', grad_fn=<DivBackward0>)
Memory status after this epoch: 
Memory allocated:  465.29931640625
Memory cached:  898.0
	 epoch  60 training error:  tensor(0.4137, device='cuda:0', grad_fn=<DivBackward0>)
	 epoch  60 test error:  tensor(0.0386, device='cuda:0', grad_fn=<DivBackward0>)
Memory status after this epoch: 
Memory allocated:  463.98681640625
Memory cached:  898.0
	 epoch  70 training error:  tensor(0.4106, device='cuda:0', grad_fn=<DivBackward0>)
	 epoch  70 test error:  tensor(0.0383, device='cuda:0', grad_fn=<DivBackward0>)
Memory status after this epoch: 
Memory allocated:  465.29931640625
Memory cached:  898.0
	 epoch  80 training error:  tensor(0.4097, device='cuda:0', grad_fn=<DivBackward0>)
	 epoch  80 test error:  tensor(0.0380, device='cuda:0', grad_fn=<DivBackward0>)
Memory status after this epoch: 
Memory allocated:  463.98681640625
Memory cached:  898.0
	 epoch  90 training error:  tensor(0.4091, device='cuda:0', grad_fn=<DivBackward0>)
	 epoch  90 test error:  tensor(0.0382, device='cuda:0', grad_fn=<DivBackward0>)
Memory status after this epoch: 
Memory allocated:  465.29931640625
Memory cached:  898.0
[I 2023-11-16 01:09:44,525] Trial 3 finished with value: 0.03797593340277672 and parameters: {'W_layers': 5, 'W_layer_units_exponent_0': 7, 'W_layer_units_exponent_1': 8, 'W_layer_units_exponent_2': 9, 'W_layer_units_exponent_3': 6, 'W_layer_units_exponent_4': 7, 'D_layers': 7, 'D_layer_units_exponent_0': 5, 'D_layer_units_exponent_1': 5, 'D_layer_units_exponent_2': 7, 'D_layer_units_exponent_3': 10, 'D_layer_units_exponent_4': 7, 'D_layer_units_exponent_5': 7, 'D_layer_units_exponent_6': 5, 'log_learning_rate': -2.8203904651555867, 'log_learning_rate_D': -1.8023367754738273, 'training_batch_size': 11, 'training_p': 8}. Best is trial 2 with value: 0.0318191759288311.
Time for this trial:  171.37643265724182
Memory status after this trial: 
Memory allocated:  888.42041015625
Memory cached:  898.0
--------------------  Trial  4   --------------------
Start timing: 
Parameters: 
{'W_layers': 8, 'W_layer_units_exponent_0': 7, 'W_layer_units_exponent_1': 5, 'W_layer_units_exponent_2': 5, 'W_layer_units_exponent_3': 4, 'W_layer_units_exponent_4': 5, 'W_layer_units_exponent_5': 6, 'W_layer_units_exponent_6': 6, 'W_layer_units_exponent_7': 9, 'D_layers': 6, 'D_layer_units_exponent_0': 4, 'D_layer_units_exponent_1': 9, 'D_layer_units_exponent_2': 8, 'D_layer_units_exponent_3': 7, 'D_layer_units_exponent_4': 9, 'D_layer_units_exponent_5': 5, 'log_learning_rate': -2.8984200201195693, 'log_learning_rate_D': -1.2208487016835572, 'training_batch_size': 6, 'training_p': 2}
	 epoch  0 training error:  tensor(1.0564, device='cuda:0', grad_fn=<DivBackward0>)
	 epoch  0 test error:  tensor(0.0723, device='cuda:0', grad_fn=<DivBackward0>)
Memory status after this epoch: 
Memory allocated:  449.048828125
Memory cached:  718.0
	 epoch  10 training error:  tensor(0.9784, device='cuda:0', grad_fn=<DivBackward0>)
	 epoch  10 test error:  tensor(0.0683, device='cuda:0', grad_fn=<DivBackward0>)
Memory status after this epoch: 
Memory allocated:  447.736328125
Memory cached:  868.0
	 epoch  20 training error:  tensor(0.9608, device='cuda:0', grad_fn=<DivBackward0>)
	 epoch  20 test error:  tensor(0.0684, device='cuda:0', grad_fn=<DivBackward0>)
Memory status after this epoch: 
Memory allocated:  449.048828125
Memory cached:  868.0
	 epoch  30 training error:  tensor(0.9602, device='cuda:0', grad_fn=<DivBackward0>)
	 epoch  30 test error:  tensor(0.0689, device='cuda:0', grad_fn=<DivBackward0>)
Memory status after this epoch: 
Memory allocated:  447.736328125
Memory cached:  868.0
	 epoch  40 training error:  tensor(0.9601, device='cuda:0', grad_fn=<DivBackward0>)
	 epoch  40 test error:  tensor(0.0688, device='cuda:0', grad_fn=<DivBackward0>)
Memory status after this epoch: 
Memory allocated:  448.673828125
Memory cached:  872.0
	 epoch  50 training error:  tensor(0.9601, device='cuda:0', grad_fn=<DivBackward0>)
	 epoch  50 test error:  tensor(0.0688, device='cuda:0', grad_fn=<DivBackward0>)
Memory status after this epoch: 
Memory allocated:  448.298828125
Memory cached:  872.0
	 epoch  60 training error:  tensor(0.9601, device='cuda:0', grad_fn=<DivBackward0>)
	 epoch  60 test error:  tensor(0.0688, device='cuda:0', grad_fn=<DivBackward0>)
Memory status after this epoch: 
Memory allocated:  448.673828125
Memory cached:  876.0
	 epoch  70 training error:  tensor(0.9604, device='cuda:0', grad_fn=<DivBackward0>)
	 epoch  70 test error:  tensor(0.0689, device='cuda:0', grad_fn=<DivBackward0>)
Memory status after this epoch: 
Memory allocated:  448.298828125
Memory cached:  876.0
	 epoch  80 training error:  tensor(0.9603, device='cuda:0', grad_fn=<DivBackward0>)
	 epoch  80 test error:  tensor(0.0687, device='cuda:0', grad_fn=<DivBackward0>)
Memory status after this epoch: 
Memory allocated:  448.673828125
Memory cached:  876.0
	 epoch  90 training error:  tensor(0.9601, device='cuda:0', grad_fn=<DivBackward0>)
	 epoch  90 test error:  tensor(0.0688, device='cuda:0', grad_fn=<DivBackward0>)
Memory status after this epoch: 
Memory allocated:  448.298828125
Memory cached:  876.0
[I 2023-11-16 01:15:10,187] Trial 4 finished with value: 0.06878139078617096 and parameters: {'W_layers': 8, 'W_layer_units_exponent_0': 7, 'W_layer_units_exponent_1': 5, 'W_layer_units_exponent_2': 5, 'W_layer_units_exponent_3': 4, 'W_layer_units_exponent_4': 5, 'W_layer_units_exponent_5': 6, 'W_layer_units_exponent_6': 6, 'W_layer_units_exponent_7': 9, 'D_layers': 6, 'D_layer_units_exponent_0': 4, 'D_layer_units_exponent_1': 9, 'D_layer_units_exponent_2': 8, 'D_layer_units_exponent_3': 7, 'D_layer_units_exponent_4': 9, 'D_layer_units_exponent_5': 5, 'log_learning_rate': -2.8984200201195693, 'log_learning_rate_D': -1.2208487016835572, 'training_batch_size': 6, 'training_p': 2}. Best is trial 2 with value: 0.0318191759288311.
Time for this trial:  325.42751288414
Memory status after this trial: 
Memory allocated:  860.14892578125
Memory cached:  876.0
--------------------  Trial  5   --------------------
Start timing: 
Parameters: 
{'W_layers': 6, 'W_layer_units_exponent_0': 8, 'W_layer_units_exponent_1': 6, 'W_layer_units_exponent_2': 8, 'W_layer_units_exponent_3': 7, 'W_layer_units_exponent_4': 9, 'W_layer_units_exponent_5': 5, 'D_layers': 5, 'D_layer_units_exponent_0': 10, 'D_layer_units_exponent_1': 7, 'D_layer_units_exponent_2': 9, 'D_layer_units_exponent_3': 6, 'D_layer_units_exponent_4': 7, 'log_learning_rate': -2.133027772574109, 'log_learning_rate_D': -3.21243163958306, 'training_batch_size': 12, 'training_p': 6}
	 epoch  0 training error:  tensor(1.0429, device='cuda:0', grad_fn=<DivBackward0>)
	 epoch  0 test error:  tensor(8.6250, device='cuda:0', grad_fn=<DivBackward0>)
Memory status after this epoch: 
Memory allocated:  490.462890625
Memory cached:  784.0
	 epoch  10 training error:  tensor(1., device='cuda:0', grad_fn=<DivBackward0>)
	 epoch  10 test error:  tensor(0.0730, device='cuda:0', grad_fn=<DivBackward0>)
Memory status after this epoch: 
Memory allocated:  490.087890625
Memory cached:  958.0
	 epoch  20 training error:  tensor(1., device='cuda:0', grad_fn=<DivBackward0>)
	 epoch  20 test error:  tensor(0.0730, device='cuda:0', grad_fn=<DivBackward0>)
Memory status after this epoch: 
Memory allocated:  490.462890625
Memory cached:  958.0
	 epoch  30 training error:  tensor(1., device='cuda:0', grad_fn=<DivBackward0>)
	 epoch  30 test error:  tensor(0.0730, device='cuda:0', grad_fn=<DivBackward0>)
Memory status after this epoch: 
Memory allocated:  490.087890625
Memory cached:  958.0
	 epoch  40 training error:  tensor(1., device='cuda:0', grad_fn=<DivBackward0>)
	 epoch  40 test error:  tensor(0.0730, device='cuda:0', grad_fn=<DivBackward0>)
Memory status after this epoch: 
Memory allocated:  490.462890625
Memory cached:  958.0
	 epoch  50 training error:  tensor(1., device='cuda:0', grad_fn=<DivBackward0>)
	 epoch  50 test error:  tensor(0.0730, device='cuda:0', grad_fn=<DivBackward0>)
Memory status after this epoch: 
Memory allocated:  490.087890625
Memory cached:  958.0
	 epoch  60 training error:  tensor(1., device='cuda:0', grad_fn=<DivBackward0>)
	 epoch  60 test error:  tensor(0.0730, device='cuda:0', grad_fn=<DivBackward0>)
Memory status after this epoch: 
Memory allocated:  489.525390625
Memory cached:  958.0
	 epoch  70 training error:  tensor(1., device='cuda:0', grad_fn=<DivBackward0>)
	 epoch  70 test error:  tensor(0.0730, device='cuda:0', grad_fn=<DivBackward0>)
Memory status after this epoch: 
Memory allocated:  490.087890625
Memory cached:  958.0
	 epoch  80 training error:  tensor(1., device='cuda:0', grad_fn=<DivBackward0>)
	 epoch  80 test error:  tensor(0.0730, device='cuda:0', grad_fn=<DivBackward0>)
Memory status after this epoch: 
Memory allocated:  489.525390625
Memory cached:  960.0
	 epoch  90 training error:  tensor(1., device='cuda:0', grad_fn=<DivBackward0>)
	 epoch  90 test error:  tensor(0.0730, device='cuda:0', grad_fn=<DivBackward0>)
Memory status after this epoch: 
Memory allocated:  490.087890625
Memory cached:  958.0
[I 2023-11-16 01:17:58,803] Trial 5 finished with value: 0.07304592430591583 and parameters: {'W_layers': 6, 'W_layer_units_exponent_0': 8, 'W_layer_units_exponent_1': 6, 'W_layer_units_exponent_2': 8, 'W_layer_units_exponent_3': 7, 'W_layer_units_exponent_4': 9, 'W_layer_units_exponent_5': 5, 'D_layers': 5, 'D_layer_units_exponent_0': 10, 'D_layer_units_exponent_1': 7, 'D_layer_units_exponent_2': 9, 'D_layer_units_exponent_3': 6, 'D_layer_units_exponent_4': 7, 'log_learning_rate': -2.133027772574109, 'log_learning_rate_D': -3.21243163958306, 'training_batch_size': 12, 'training_p': 6}. Best is trial 2 with value: 0.0318191759288311.
Time for this trial:  168.3792164325714
Memory status after this trial: 
Memory allocated:  942.11083984375
Memory cached:  958.0
--------------------  Trial  6   --------------------
Start timing: 
Parameters: 
{'W_layers': 6, 'W_layer_units_exponent_0': 10, 'W_layer_units_exponent_1': 4, 'W_layer_units_exponent_2': 8, 'W_layer_units_exponent_3': 9, 'W_layer_units_exponent_4': 5, 'W_layer_units_exponent_5': 8, 'D_layers': 2, 'D_layer_units_exponent_0': 6, 'D_layer_units_exponent_1': 6, 'log_learning_rate': -4.169820629344914, 'log_learning_rate_D': -3.5578501970534813, 'training_batch_size': 6, 'training_p': 7}
	 epoch  0 training error:  tensor(1.0894, device='cuda:0', grad_fn=<DivBackward0>)
	 epoch  0 test error:  tensor(0.0902, device='cuda:0', grad_fn=<DivBackward0>)
Memory status after this epoch: 
Memory allocated:  441.060546875
Memory cached:  734.0
	 epoch  10 training error:  tensor(0.8195, device='cuda:0', grad_fn=<DivBackward0>)
	 epoch  10 test error:  tensor(0.0753, device='cuda:0', grad_fn=<DivBackward0>)
Memory status after this epoch: 
Memory allocated:  441.435546875
Memory cached:  864.0
	 epoch  20 training error:  tensor(0.6585, device='cuda:0', grad_fn=<DivBackward0>)
	 epoch  20 test error:  tensor(0.0531, device='cuda:0', grad_fn=<DivBackward0>)
Memory status after this epoch: 
Memory allocated:  441.060546875
Memory cached:  864.0
	 epoch  30 training error:  tensor(0.3836, device='cuda:0', grad_fn=<DivBackward0>)
	 epoch  30 test error:  tensor(0.0321, device='cuda:0', grad_fn=<DivBackward0>)
Memory status after this epoch: 
Memory allocated:  441.435546875
Memory cached:  864.0
	 epoch  40 training error:  tensor(0.3416, device='cuda:0', grad_fn=<DivBackward0>)
	 epoch  40 test error:  tensor(0.0318, device='cuda:0', grad_fn=<DivBackward0>)
Memory status after this epoch: 
Memory allocated:  441.060546875
Memory cached:  864.0
	 epoch  50 training error:  tensor(0.3395, device='cuda:0', grad_fn=<DivBackward0>)
	 epoch  50 test error:  tensor(0.0319, device='cuda:0', grad_fn=<DivBackward0>)
Memory status after this epoch: 
Memory allocated:  441.435546875
Memory cached:  864.0
	 epoch  60 training error:  tensor(0.3384, device='cuda:0', grad_fn=<DivBackward0>)
	 epoch  60 test error:  tensor(0.0324, device='cuda:0', grad_fn=<DivBackward0>)
Memory status after this epoch: 
Memory allocated:  441.060546875
Memory cached:  864.0
	 epoch  70 training error:  tensor(0.3364, device='cuda:0', grad_fn=<DivBackward0>)
	 epoch  70 test error:  tensor(0.0323, device='cuda:0', grad_fn=<DivBackward0>)
Memory status after this epoch: 
Memory allocated:  440.498046875
Memory cached:  864.0
	 epoch  80 training error:  tensor(0.3346, device='cuda:0', grad_fn=<DivBackward0>)
	 epoch  80 test error:  tensor(0.0325, device='cuda:0', grad_fn=<DivBackward0>)
Memory status after this epoch: 
Memory allocated:  441.060546875
Memory cached:  864.0
	 epoch  90 training error:  tensor(0.3353, device='cuda:0', grad_fn=<DivBackward0>)
	 epoch  90 test error:  tensor(0.0315, device='cuda:0', grad_fn=<DivBackward0>)
Memory status after this epoch: 
Memory allocated:  440.498046875
Memory cached:  864.0
[I 2023-11-16 01:21:54,270] Trial 6 finished with value: 0.03164605796337128 and parameters: {'W_layers': 6, 'W_layer_units_exponent_0': 10, 'W_layer_units_exponent_1': 4, 'W_layer_units_exponent_2': 8, 'W_layer_units_exponent_3': 9, 'W_layer_units_exponent_4': 5, 'W_layer_units_exponent_5': 8, 'D_layers': 2, 'D_layer_units_exponent_0': 6, 'D_layer_units_exponent_1': 6, 'log_learning_rate': -4.169820629344914, 'log_learning_rate_D': -3.5578501970534813, 'training_batch_size': 6, 'training_p': 7}. Best is trial 6 with value: 0.03164605796337128.
Time for this trial:  235.2801389694214
Memory status after this trial: 
Memory allocated:  847.80517578125
Memory cached:  864.0
--------------------  Trial  7   --------------------
Start timing: 
Parameters: 
{'W_layers': 3, 'W_layer_units_exponent_0': 10, 'W_layer_units_exponent_1': 9, 'W_layer_units_exponent_2': 7, 'D_layers': 5, 'D_layer_units_exponent_0': 5, 'D_layer_units_exponent_1': 4, 'D_layer_units_exponent_2': 10, 'D_layer_units_exponent_3': 7, 'D_layer_units_exponent_4': 6, 'log_learning_rate': -1.760219806072357, 'log_learning_rate_D': -4.698625528907067, 'training_batch_size': 6, 'training_p': 5}
	 epoch  0 training error:  tensor(42.0399, device='cuda:0', grad_fn=<DivBackward0>)
	 epoch  0 test error:  tensor(0.0730, device='cuda:0', grad_fn=<DivBackward0>)
Memory status after this epoch: 
Memory allocated:  486.8779296875
Memory cached:  772.0
	 epoch  10 training error:  tensor(1., device='cuda:0', grad_fn=<DivBackward0>)
	 epoch  10 test error:  tensor(0.0730, device='cuda:0', grad_fn=<DivBackward0>)
Memory status after this epoch: 
Memory allocated:  487.9091796875
Memory cached:  938.0
	 epoch  20 training error:  tensor(1., device='cuda:0', grad_fn=<DivBackward0>)
	 epoch  20 test error:  tensor(0.0730, device='cuda:0', grad_fn=<DivBackward0>)
Memory status after this epoch: 
Memory allocated:  486.8779296875
Memory cached:  938.0
	 epoch  30 training error:  tensor(1., device='cuda:0', grad_fn=<DivBackward0>)
	 epoch  30 test error:  tensor(0.0730, device='cuda:0', grad_fn=<DivBackward0>)
Memory status after this epoch: 
Memory allocated:  487.9091796875
Memory cached:  938.0
	 epoch  40 training error:  tensor(1., device='cuda:0', grad_fn=<DivBackward0>)
	 epoch  40 test error:  tensor(0.0730, device='cuda:0', grad_fn=<DivBackward0>)
Memory status after this epoch: 
Memory allocated:  486.8779296875
Memory cached:  938.0
	 epoch  50 training error:  tensor(1., device='cuda:0', grad_fn=<DivBackward0>)
	 epoch  50 test error:  tensor(0.0730, device='cuda:0', grad_fn=<DivBackward0>)
Memory status after this epoch: 
Memory allocated:  487.9091796875
Memory cached:  938.0
	 epoch  60 training error:  tensor(1., device='cuda:0', grad_fn=<DivBackward0>)
	 epoch  60 test error:  tensor(0.0730, device='cuda:0', grad_fn=<DivBackward0>)
Memory status after this epoch: 
Memory allocated:  486.8779296875
Memory cached:  938.0
	 epoch  70 training error:  tensor(1., device='cuda:0', grad_fn=<DivBackward0>)
	 epoch  70 test error:  tensor(0.0730, device='cuda:0', grad_fn=<DivBackward0>)
Memory status after this epoch: 
Memory allocated:  487.9091796875
Memory cached:  938.0
	 epoch  80 training error:  tensor(1., device='cuda:0', grad_fn=<DivBackward0>)
	 epoch  80 test error:  tensor(0.0730, device='cuda:0', grad_fn=<DivBackward0>)
Memory status after this epoch: 
Memory allocated:  486.8779296875
Memory cached:  938.0
	 epoch  90 training error:  tensor(1., device='cuda:0', grad_fn=<DivBackward0>)
	 epoch  90 test error:  tensor(0.0730, device='cuda:0', grad_fn=<DivBackward0>)
Memory status after this epoch: 
Memory allocated:  487.9091796875
Memory cached:  938.0
