[I 2023-11-16 16:25:37,197] Trial 36 finished with value: 0.007597034331411123 and parameters: {'W_layers': 2, 'W_layer_units_exponent_0': 9, 'W_layer_units_exponent_1': 8, 'D_layers': 8, 'D_layer_units_exponent_0': 9, 'D_layer_units_exponent_1': 7, 'D_layer_units_exponent_2': 9, 'D_layer_units_exponent_3': 9, 'D_layer_units_exponent_4': 8, 'D_layer_units_exponent_5': 8, 'D_layer_units_exponent_6': 9, 'D_layer_units_exponent_7': 10, 'log_learning_rate': -4.357110431022081, 'log_learning_rate_D': -2.2183647105280526, 'training_batch_size': 7, 'training_p': 6}. Best is trial 9 with value: 0.007390871644020081.
Time for this trial:  161.0532727241516
Memory status after this trial: 
Memory allocated:  614.28173828125
Memory cached:  634.0
--------------------  Trial  37   --------------------
Start timing: 
Parameters: 
{'W_layers': 4, 'W_layer_units_exponent_0': 10, 'W_layer_units_exponent_1': 9, 'W_layer_units_exponent_2': 5, 'W_layer_units_exponent_3': 7, 'D_layers': 7, 'D_layer_units_exponent_0': 9, 'D_layer_units_exponent_1': 5, 'D_layer_units_exponent_2': 5, 'D_layer_units_exponent_3': 10, 'D_layer_units_exponent_4': 7, 'D_layer_units_exponent_5': 7, 'D_layer_units_exponent_6': 7, 'log_learning_rate': -3.7993512030937926, 'log_learning_rate_D': -1.19674289228943, 'training_batch_size': 10, 'training_p': 8}
	 epoch  0 training error:  tensor(0.8716, device='cuda:0', grad_fn=<DivBackward0>)
	 epoch  0 test error:  tensor(0.0902, device='cuda:0', grad_fn=<DivBackward0>)
Memory status after this epoch: 
Memory allocated:  272.9609375
Memory cached:  324.0
	 epoch  10 training error:  tensor(1.4418, device='cuda:0', grad_fn=<DivBackward0>)
	 epoch  10 test error:  tensor(0.0386, device='cuda:0', grad_fn=<DivBackward0>)
Memory status after this epoch: 
Memory allocated:  271.8828125
Memory cached:  542.0
	 epoch  20 training error:  tensor(2.6931, device='cuda:0', grad_fn=<DivBackward0>)
	 epoch  20 test error:  tensor(0.1286, device='cuda:0', grad_fn=<DivBackward0>)
Memory status after this epoch: 
Memory allocated:  272.9609375
Memory cached:  542.0
	 epoch  30 training error:  tensor(2.5644, device='cuda:0', grad_fn=<DivBackward0>)
	 epoch  30 test error:  tensor(0.1221, device='cuda:0', grad_fn=<DivBackward0>)
Memory status after this epoch: 
Memory allocated:  272.0234375
Memory cached:  542.0
	 epoch  40 training error:  tensor(2.4162, device='cuda:0', grad_fn=<DivBackward0>)
	 epoch  40 test error:  tensor(0.1148, device='cuda:0', grad_fn=<DivBackward0>)
Memory status after this epoch: 
Memory allocated:  272.7734375
Memory cached:  542.0
	 epoch  50 training error:  tensor(2.2643, device='cuda:0', grad_fn=<DivBackward0>)
	 epoch  50 test error:  tensor(0.1073, device='cuda:0', grad_fn=<DivBackward0>)
Memory status after this epoch: 
Memory allocated:  272.0234375
Memory cached:  542.0
	 epoch  60 training error:  tensor(2.1142, device='cuda:0', grad_fn=<DivBackward0>)
	 epoch  60 test error:  tensor(0.1000, device='cuda:0', grad_fn=<DivBackward0>)
Memory status after this epoch: 
Memory allocated:  272.7734375
Memory cached:  542.0
	 epoch  70 training error:  tensor(1.9673, device='cuda:0', grad_fn=<DivBackward0>)
	 epoch  70 test error:  tensor(0.0927, device='cuda:0', grad_fn=<DivBackward0>)
Memory status after this epoch: 
Memory allocated:  272.0234375
Memory cached:  544.0
	 epoch  80 training error:  tensor(1.8237, device='cuda:0', grad_fn=<DivBackward0>)
	 epoch  80 test error:  tensor(0.0856, device='cuda:0', grad_fn=<DivBackward0>)
Memory status after this epoch: 
Memory allocated:  272.7734375
Memory cached:  544.0
	 epoch  90 training error:  tensor(1.6832, device='cuda:0', grad_fn=<DivBackward0>)
	 epoch  90 test error:  tensor(0.0786, device='cuda:0', grad_fn=<DivBackward0>)
Memory status after this epoch: 
Memory allocated:  272.0234375
Memory cached:  542.0
[I 2023-11-16 16:28:19,470] Trial 37 finished with value: 0.07238936424255371 and parameters: {'W_layers': 4, 'W_layer_units_exponent_0': 10, 'W_layer_units_exponent_1': 9, 'W_layer_units_exponent_2': 5, 'W_layer_units_exponent_3': 7, 'D_layers': 7, 'D_layer_units_exponent_0': 9, 'D_layer_units_exponent_1': 5, 'D_layer_units_exponent_2': 5, 'D_layer_units_exponent_3': 10, 'D_layer_units_exponent_4': 7, 'D_layer_units_exponent_5': 7, 'D_layer_units_exponent_6': 7, 'log_learning_rate': -3.7993512030937926, 'log_learning_rate_D': -1.19674289228943, 'training_batch_size': 10, 'training_p': 8}. Best is trial 9 with value: 0.007390871644020081.
Time for this trial:  161.998685836792
Memory status after this trial: 
Memory allocated:  525.96728515625
Memory cached:  542.0
--------------------  Trial  38   --------------------
Start timing: 
Parameters: 
{'W_layers': 4, 'W_layer_units_exponent_0': 6, 'W_layer_units_exponent_1': 8, 'W_layer_units_exponent_2': 4, 'W_layer_units_exponent_3': 10, 'D_layers': 6, 'D_layer_units_exponent_0': 7, 'D_layer_units_exponent_1': 9, 'D_layer_units_exponent_2': 4, 'D_layer_units_exponent_3': 7, 'D_layer_units_exponent_4': 10, 'D_layer_units_exponent_5': 9, 'log_learning_rate': -4.155603963121034, 'log_learning_rate_D': -1.5306514705041203, 'training_batch_size': 8, 'training_p': 4}
	 epoch  0 training error:  tensor(3.8613, device='cuda:0', grad_fn=<DivBackward0>)
	 epoch  0 test error:  tensor(0.1592, device='cuda:0', grad_fn=<DivBackward0>)
Memory status after this epoch: 
Memory allocated:  272.47705078125
Memory cached:  324.0
	 epoch  10 training error:  tensor(0.7945, device='cuda:0', grad_fn=<DivBackward0>)
	 epoch  10 test error:  tensor(0.0218, device='cuda:0', grad_fn=<DivBackward0>)
Memory status after this epoch: 
Memory allocated:  273.03955078125
Memory cached:  542.0
	 epoch  20 training error:  tensor(0.6419, device='cuda:0', grad_fn=<DivBackward0>)
	 epoch  20 test error:  tensor(0.0200, device='cuda:0', grad_fn=<DivBackward0>)
Memory status after this epoch: 
Memory allocated:  272.57080078125
Memory cached:  542.0
	 epoch  30 training error:  tensor(0.4435, device='cuda:0', grad_fn=<DivBackward0>)
	 epoch  30 test error:  tensor(0.0164, device='cuda:0', grad_fn=<DivBackward0>)
Memory status after this epoch: 
Memory allocated:  272.75830078125
Memory cached:  542.0
	 epoch  40 training error:  tensor(0.3479, device='cuda:0', grad_fn=<DivBackward0>)
	 epoch  40 test error:  tensor(0.0091, device='cuda:0', grad_fn=<DivBackward0>)
Memory status after this epoch: 
Memory allocated:  272.99267578125
Memory cached:  542.0
	 epoch  50 training error:  tensor(0.3131, device='cuda:0', grad_fn=<DivBackward0>)
	 epoch  50 test error:  tensor(0.0094, device='cuda:0', grad_fn=<DivBackward0>)
Memory status after this epoch: 
Memory allocated:  272.75830078125
Memory cached:  544.0
	 epoch  60 training error:  tensor(0.2974, device='cuda:0', grad_fn=<DivBackward0>)
	 epoch  60 test error:  tensor(0.0073, device='cuda:0', grad_fn=<DivBackward0>)
Memory status after this epoch: 
Memory allocated:  272.57080078125
Memory cached:  544.0
	 epoch  70 training error:  tensor(0.2938, device='cuda:0', grad_fn=<DivBackward0>)
	 epoch  70 test error:  tensor(0.0076, device='cuda:0', grad_fn=<DivBackward0>)
Memory status after this epoch: 
Memory allocated:  272.75830078125
Memory cached:  544.0
	 epoch  80 training error:  tensor(0.2935, device='cuda:0', grad_fn=<DivBackward0>)
	 epoch  80 test error:  tensor(0.0078, device='cuda:0', grad_fn=<DivBackward0>)
Memory status after this epoch: 
Memory allocated:  272.57080078125
Memory cached:  546.0
	 epoch  90 training error:  tensor(0.2937, device='cuda:0', grad_fn=<DivBackward0>)
	 epoch  90 test error:  tensor(0.0075, device='cuda:0', grad_fn=<DivBackward0>)
Memory status after this epoch: 
Memory allocated:  272.75830078125
Memory cached:  544.0
[I 2023-11-16 16:30:54,262] Trial 38 finished with value: 0.00775213772431016 and parameters: {'W_layers': 4, 'W_layer_units_exponent_0': 6, 'W_layer_units_exponent_1': 8, 'W_layer_units_exponent_2': 4, 'W_layer_units_exponent_3': 10, 'D_layers': 6, 'D_layer_units_exponent_0': 7, 'D_layer_units_exponent_1': 9, 'D_layer_units_exponent_2': 4, 'D_layer_units_exponent_3': 7, 'D_layer_units_exponent_4': 10, 'D_layer_units_exponent_5': 9, 'log_learning_rate': -4.155603963121034, 'log_learning_rate_D': -1.5306514705041203, 'training_batch_size': 8, 'training_p': 4}. Best is trial 9 with value: 0.007390871644020081.
Time for this trial:  154.51555109024048
Memory status after this trial: 
Memory allocated:  526.34130859375
Memory cached:  544.0
--------------------  Trial  39   --------------------
Start timing: 
Parameters: 
{'W_layers': 5, 'W_layer_units_exponent_0': 8, 'W_layer_units_exponent_1': 7, 'W_layer_units_exponent_2': 6, 'W_layer_units_exponent_3': 6, 'W_layer_units_exponent_4': 6, 'D_layers': 8, 'D_layer_units_exponent_0': 4, 'D_layer_units_exponent_1': 8, 'D_layer_units_exponent_2': 6, 'D_layer_units_exponent_3': 8, 'D_layer_units_exponent_4': 6, 'D_layer_units_exponent_5': 5, 'D_layer_units_exponent_6': 6, 'D_layer_units_exponent_7': 4, 'log_learning_rate': -4.563296765579637, 'log_learning_rate_D': -1.1768146862534883, 'training_batch_size': 11, 'training_p': 2}
	 epoch  0 training error:  tensor(0.4707, device='cuda:0', grad_fn=<DivBackward0>)
	 epoch  0 test error:  tensor(0.0169, device='cuda:0', grad_fn=<DivBackward0>)
Memory status after this epoch: 
Memory allocated:  139.13037109375
Memory cached:  178.0
	 epoch  10 training error:  tensor(0.2242, device='cuda:0', grad_fn=<DivBackward0>)
	 epoch  10 test error:  tensor(0.0073, device='cuda:0', grad_fn=<DivBackward0>)
Memory status after this epoch: 
Memory allocated:  138.28662109375
Memory cached:  292.0
	 epoch  20 training error:  tensor(0.2174, device='cuda:0', grad_fn=<DivBackward0>)
	 epoch  20 test error:  tensor(0.0073, device='cuda:0', grad_fn=<DivBackward0>)
Memory status after this epoch: 
Memory allocated:  139.13037109375
Memory cached:  292.0
	 epoch  30 training error:  tensor(0.2183, device='cuda:0', grad_fn=<DivBackward0>)
	 epoch  30 test error:  tensor(0.0079, device='cuda:0', grad_fn=<DivBackward0>)
Memory status after this epoch: 
Memory allocated:  138.28662109375
Memory cached:  292.0
	 epoch  40 training error:  tensor(0.2181, device='cuda:0', grad_fn=<DivBackward0>)
	 epoch  40 test error:  tensor(0.0072, device='cuda:0', grad_fn=<DivBackward0>)
Memory status after this epoch: 
Memory allocated:  139.13037109375
Memory cached:  292.0
	 epoch  50 training error:  tensor(0.2174, device='cuda:0', grad_fn=<DivBackward0>)
	 epoch  50 test error:  tensor(0.0075, device='cuda:0', grad_fn=<DivBackward0>)
Memory status after this epoch: 
Memory allocated:  138.28662109375
Memory cached:  292.0
	 epoch  60 training error:  tensor(0.2170, device='cuda:0', grad_fn=<DivBackward0>)
	 epoch  60 test error:  tensor(0.0074, device='cuda:0', grad_fn=<DivBackward0>)
Memory status after this epoch: 
Memory allocated:  139.13037109375
Memory cached:  292.0
	 epoch  70 training error:  tensor(0.2171, device='cuda:0', grad_fn=<DivBackward0>)
	 epoch  70 test error:  tensor(0.0073, device='cuda:0', grad_fn=<DivBackward0>)
Memory status after this epoch: 
Memory allocated:  138.28662109375
Memory cached:  292.0
	 epoch  80 training error:  tensor(0.2170, device='cuda:0', grad_fn=<DivBackward0>)
	 epoch  80 test error:  tensor(0.0074, device='cuda:0', grad_fn=<DivBackward0>)
Memory status after this epoch: 
Memory allocated:  139.13037109375
Memory cached:  292.0
	 epoch  90 training error:  tensor(0.2170, device='cuda:0', grad_fn=<DivBackward0>)
	 epoch  90 test error:  tensor(0.0074, device='cuda:0', grad_fn=<DivBackward0>)
Memory status after this epoch: 
Memory allocated:  138.28662109375
Memory cached:  292.0
[I 2023-11-16 16:33:39,538] Trial 39 finished with value: 0.0073914662934839725 and parameters: {'W_layers': 5, 'W_layer_units_exponent_0': 8, 'W_layer_units_exponent_1': 7, 'W_layer_units_exponent_2': 6, 'W_layer_units_exponent_3': 6, 'W_layer_units_exponent_4': 6, 'D_layers': 8, 'D_layer_units_exponent_0': 4, 'D_layer_units_exponent_1': 8, 'D_layer_units_exponent_2': 6, 'D_layer_units_exponent_3': 8, 'D_layer_units_exponent_4': 6, 'D_layer_units_exponent_5': 5, 'D_layer_units_exponent_6': 6, 'D_layer_units_exponent_7': 4, 'log_learning_rate': -4.563296765579637, 'log_learning_rate_D': -1.1768146862534883, 'training_batch_size': 11, 'training_p': 2}. Best is trial 9 with value: 0.007390871644020081.
Time for this trial:  164.9922811985016
Memory status after this trial: 
Memory allocated:  273.61083984375
Memory cached:  292.0
--------------------  Trial  40   --------------------
Start timing: 
Parameters: 
{'W_layers': 5, 'W_layer_units_exponent_0': 7, 'W_layer_units_exponent_1': 5, 'W_layer_units_exponent_2': 7, 'W_layer_units_exponent_3': 6, 'W_layer_units_exponent_4': 6, 'D_layers': 8, 'D_layer_units_exponent_0': 4, 'D_layer_units_exponent_1': 7, 'D_layer_units_exponent_2': 6, 'D_layer_units_exponent_3': 8, 'D_layer_units_exponent_4': 5, 'D_layer_units_exponent_5': 5, 'D_layer_units_exponent_6': 6, 'D_layer_units_exponent_7': 4, 'log_learning_rate': -3.4840685450568096, 'log_learning_rate_D': -1.2018416851434428, 'training_batch_size': 11, 'training_p': 2}
	 epoch  0 training error:  tensor(2.0359, device='cuda:0', grad_fn=<DivBackward0>)
	 epoch  0 test error:  tensor(0.0611, device='cuda:0', grad_fn=<DivBackward0>)
Memory status after this epoch: 
Memory allocated:  120.5380859375
Memory cached:  180.0
	 epoch  10 training error:  tensor(0.7101, device='cuda:0', grad_fn=<DivBackward0>)
	 epoch  10 test error:  tensor(0.0156, device='cuda:0', grad_fn=<DivBackward0>)
Memory status after this epoch: 
Memory allocated:  121.3818359375
Memory cached:  256.0
	 epoch  20 training error:  tensor(0.2681, device='cuda:0', grad_fn=<DivBackward0>)
	 epoch  20 test error:  tensor(0.0076, device='cuda:0', grad_fn=<DivBackward0>)
Memory status after this epoch: 
Memory allocated:  120.5380859375
Memory cached:  256.0
	 epoch  30 training error:  tensor(0.2490, device='cuda:0', grad_fn=<DivBackward0>)
	 epoch  30 test error:  tensor(0.0113, device='cuda:0', grad_fn=<DivBackward0>)
Memory status after this epoch: 
Memory allocated:  121.3818359375
Memory cached:  256.0
	 epoch  40 training error:  tensor(0.2430, device='cuda:0', grad_fn=<DivBackward0>)
	 epoch  40 test error:  tensor(0.0077, device='cuda:0', grad_fn=<DivBackward0>)
Memory status after this epoch: 
Memory allocated:  120.5380859375
Memory cached:  256.0
	 epoch  50 training error:  tensor(0.2186, device='cuda:0', grad_fn=<DivBackward0>)
	 epoch  50 test error:  tensor(0.0074, device='cuda:0', grad_fn=<DivBackward0>)
Memory status after this epoch: 
Memory allocated:  121.3818359375
Memory cached:  258.0
	 epoch  60 training error:  tensor(0.2189, device='cuda:0', grad_fn=<DivBackward0>)
	 epoch  60 test error:  tensor(0.0079, device='cuda:0', grad_fn=<DivBackward0>)
Memory status after this epoch: 
Memory allocated:  120.5380859375
Memory cached:  258.0
	 epoch  70 training error:  tensor(0.2177, device='cuda:0', grad_fn=<DivBackward0>)
	 epoch  70 test error:  tensor(0.0073, device='cuda:0', grad_fn=<DivBackward0>)
Memory status after this epoch: 
Memory allocated:  121.3818359375
Memory cached:  258.0
	 epoch  80 training error:  tensor(0.2171, device='cuda:0', grad_fn=<DivBackward0>)
	 epoch  80 test error:  tensor(0.0073, device='cuda:0', grad_fn=<DivBackward0>)
Memory status after this epoch: 
Memory allocated:  120.5380859375
Memory cached:  258.0
	 epoch  90 training error:  tensor(0.2171, device='cuda:0', grad_fn=<DivBackward0>)
	 epoch  90 test error:  tensor(0.0075, device='cuda:0', grad_fn=<DivBackward0>)
Memory status after this epoch: 
Memory allocated:  121.3818359375
Memory cached:  258.0
[I 2023-11-16 16:36:23,326] Trial 40 finished with value: 0.007425723131746054 and parameters: {'W_layers': 5, 'W_layer_units_exponent_0': 7, 'W_layer_units_exponent_1': 5, 'W_layer_units_exponent_2': 7, 'W_layer_units_exponent_3': 6, 'W_layer_units_exponent_4': 6, 'D_layers': 8, 'D_layer_units_exponent_0': 4, 'D_layer_units_exponent_1': 7, 'D_layer_units_exponent_2': 6, 'D_layer_units_exponent_3': 8, 'D_layer_units_exponent_4': 5, 'D_layer_units_exponent_5': 5, 'D_layer_units_exponent_6': 6, 'D_layer_units_exponent_7': 4, 'log_learning_rate': -3.4840685450568096, 'log_learning_rate_D': -1.2018416851434428, 'training_batch_size': 11, 'training_p': 2}. Best is trial 9 with value: 0.007390871644020081.
Time for this trial:  163.4553999900818
Memory status after this trial: 
Memory allocated:  239.22998046875
Memory cached:  258.0
--------------------  Trial  41   --------------------
Start timing: 
Parameters: 
{'W_layers': 6, 'W_layer_units_exponent_0': 7, 'W_layer_units_exponent_1': 7, 'W_layer_units_exponent_2': 7, 'W_layer_units_exponent_3': 5, 'W_layer_units_exponent_4': 6, 'W_layer_units_exponent_5': 5, 'D_layers': 8, 'D_layer_units_exponent_0': 4, 'D_layer_units_exponent_1': 8, 'D_layer_units_exponent_2': 6, 'D_layer_units_exponent_3': 8, 'D_layer_units_exponent_4': 5, 'D_layer_units_exponent_5': 4, 'D_layer_units_exponent_6': 6, 'D_layer_units_exponent_7': 4, 'log_learning_rate': -3.5072047182521144, 'log_learning_rate_D': -1.2499416417051794, 'training_batch_size': 11, 'training_p': 2}
	 epoch  0 training error:  tensor(1.0226, device='cuda:0', grad_fn=<DivBackward0>)
	 epoch  0 test error:  tensor(0.0198, device='cuda:0', grad_fn=<DivBackward0>)
Memory status after this epoch: 
Memory allocated:  133.048828125
Memory cached:  172.0
	 epoch  10 training error:  tensor(0.2619, device='cuda:0', grad_fn=<DivBackward0>)
	 epoch  10 test error:  tensor(0.0078, device='cuda:0', grad_fn=<DivBackward0>)
Memory status after this epoch: 
Memory allocated:  132.205078125
Memory cached:  280.0
	 epoch  20 training error:  tensor(0.2463, device='cuda:0', grad_fn=<DivBackward0>)
	 epoch  20 test error:  tensor(0.0090, device='cuda:0', grad_fn=<DivBackward0>)
Memory status after this epoch: 
Memory allocated:  133.048828125
Memory cached:  280.0
	 epoch  30 training error:  tensor(0.2273, device='cuda:0', grad_fn=<DivBackward0>)
	 epoch  30 test error:  tensor(0.0086, device='cuda:0', grad_fn=<DivBackward0>)
Memory status after this epoch: 
Memory allocated:  132.205078125
Memory cached:  280.0
	 epoch  40 training error:  tensor(0.2183, device='cuda:0', grad_fn=<DivBackward0>)
	 epoch  40 test error:  tensor(0.0079, device='cuda:0', grad_fn=<DivBackward0>)
Memory status after this epoch: 
Memory allocated:  133.048828125
Memory cached:  280.0
	 epoch  50 training error:  tensor(0.2171, device='cuda:0', grad_fn=<DivBackward0>)
	 epoch  50 test error:  tensor(0.0075, device='cuda:0', grad_fn=<DivBackward0>)
Memory status after this epoch: 
Memory allocated:  132.205078125
Memory cached:  280.0
	 epoch  60 training error:  tensor(0.2173, device='cuda:0', grad_fn=<DivBackward0>)
	 epoch  60 test error:  tensor(0.0074, device='cuda:0', grad_fn=<DivBackward0>)
Memory status after this epoch: 
Memory allocated:  133.048828125
Memory cached:  282.0
	 epoch  70 training error:  tensor(0.2172, device='cuda:0', grad_fn=<DivBackward0>)
	 epoch  70 test error:  tensor(0.0074, device='cuda:0', grad_fn=<DivBackward0>)
Memory status after this epoch: 
Memory allocated:  132.205078125
Memory cached:  280.0
	 epoch  80 training error:  tensor(0.2171, device='cuda:0', grad_fn=<DivBackward0>)
	 epoch  80 test error:  tensor(0.0074, device='cuda:0', grad_fn=<DivBackward0>)
Memory status after this epoch: 
Memory allocated:  133.048828125
Memory cached:  280.0
	 epoch  90 training error:  tensor(0.2170, device='cuda:0', grad_fn=<DivBackward0>)
	 epoch  90 test error:  tensor(0.0074, device='cuda:0', grad_fn=<DivBackward0>)
Memory status after this epoch: 
Memory allocated:  132.205078125
Memory cached:  280.0
