[I 2023-11-16 18:59:24,585] Trial 30 finished with value: 1.0002788305282593 and parameters: {'W_layers': 6, 'W_layer_units_exponent_0': 9, 'W_layer_units_exponent_1': 4, 'W_layer_units_exponent_2': 9, 'W_layer_units_exponent_3': 4, 'W_layer_units_exponent_4': 7, 'W_layer_units_exponent_5': 4, 'D_layers': 5, 'D_layer_units_exponent_0': 10, 'D_layer_units_exponent_1': 4, 'D_layer_units_exponent_2': 7, 'D_layer_units_exponent_3': 7, 'D_layer_units_exponent_4': 8, 'log_learning_rate': -2.843101137314944, 'log_learning_rate_D': -3.965767012430989, 'training_batch_size': 6, 'training_p': 4}. Best is trial 16 with value: 0.8001757860183716.
Time for this trial:  274.73579955101013
Memory status after this trial: 
Memory allocated:  456.0068359375
Memory cached:  460.0
--------------------  Trial  31   --------------------
Start timing: 
Parameters: 
{'W_layers': 7, 'W_layer_units_exponent_0': 7, 'W_layer_units_exponent_1': 5, 'W_layer_units_exponent_2': 8, 'W_layer_units_exponent_3': 6, 'W_layer_units_exponent_4': 5, 'W_layer_units_exponent_5': 5, 'W_layer_units_exponent_6': 10, 'D_layers': 4, 'D_layer_units_exponent_0': 10, 'D_layer_units_exponent_1': 6, 'D_layer_units_exponent_2': 8, 'D_layer_units_exponent_3': 10, 'log_learning_rate': -3.2699466703388187, 'log_learning_rate_D': -3.2547723952630156, 'training_batch_size': 11, 'training_p': 2}
	 epoch  0 training error:  tensor(1.3988, device='cuda:0', grad_fn=<DivBackward0>)
	 epoch  0 test error:  tensor(2.5391, device='cuda:0', grad_fn=<DivBackward0>)
Memory status after this epoch: 
Memory allocated:  298.82763671875
Memory cached:  358.0
	 epoch  10 training error:  tensor(0.2686, device='cuda:0', grad_fn=<DivBackward0>)
	 epoch  10 test error:  tensor(1.1000, device='cuda:0', grad_fn=<DivBackward0>)
Memory status after this epoch: 
Memory allocated:  299.15576171875
Memory cached:  590.0
	 epoch  20 training error:  tensor(0.2069, device='cuda:0', grad_fn=<DivBackward0>)
	 epoch  20 test error:  tensor(0.7928, device='cuda:0', grad_fn=<DivBackward0>)
Memory status after this epoch: 
Memory allocated:  298.82763671875
Memory cached:  590.0
	 epoch  30 training error:  tensor(0.1977, device='cuda:0', grad_fn=<DivBackward0>)
	 epoch  30 test error:  tensor(0.8295, device='cuda:0', grad_fn=<DivBackward0>)
Memory status after this epoch: 
Memory allocated:  299.15576171875
Memory cached:  590.0
	 epoch  40 training error:  tensor(0.1913, device='cuda:0', grad_fn=<DivBackward0>)
	 epoch  40 test error:  tensor(0.7901, device='cuda:0', grad_fn=<DivBackward0>)
Memory status after this epoch: 
Memory allocated:  298.82763671875
Memory cached:  590.0
	 epoch  50 training error:  tensor(0.1891, device='cuda:0', grad_fn=<DivBackward0>)
	 epoch  50 test error:  tensor(0.8579, device='cuda:0', grad_fn=<DivBackward0>)
Memory status after this epoch: 
Memory allocated:  299.15576171875
Memory cached:  590.0
	 epoch  60 training error:  tensor(0.1880, device='cuda:0', grad_fn=<DivBackward0>)
	 epoch  60 test error:  tensor(0.8451, device='cuda:0', grad_fn=<DivBackward0>)
Memory status after this epoch: 
Memory allocated:  298.82763671875
Memory cached:  590.0
	 epoch  70 training error:  tensor(0.1878, device='cuda:0', grad_fn=<DivBackward0>)
	 epoch  70 test error:  tensor(0.8623, device='cuda:0', grad_fn=<DivBackward0>)
Memory status after this epoch: 
Memory allocated:  299.15576171875
Memory cached:  590.0
	 epoch  80 training error:  tensor(0.1876, device='cuda:0', grad_fn=<DivBackward0>)
	 epoch  80 test error:  tensor(0.8495, device='cuda:0', grad_fn=<DivBackward0>)
Memory status after this epoch: 
Memory allocated:  298.82763671875
Memory cached:  590.0
	 epoch  90 training error:  tensor(0.1875, device='cuda:0', grad_fn=<DivBackward0>)
	 epoch  90 test error:  tensor(0.8398, device='cuda:0', grad_fn=<DivBackward0>)
Memory status after this epoch: 
Memory allocated:  299.15576171875
Memory cached:  590.0
[I 2023-11-16 19:02:17,823] Trial 31 finished with value: 0.8452063798904419 and parameters: {'W_layers': 7, 'W_layer_units_exponent_0': 7, 'W_layer_units_exponent_1': 5, 'W_layer_units_exponent_2': 8, 'W_layer_units_exponent_3': 6, 'W_layer_units_exponent_4': 5, 'W_layer_units_exponent_5': 5, 'W_layer_units_exponent_6': 10, 'D_layers': 4, 'D_layer_units_exponent_0': 10, 'D_layer_units_exponent_1': 6, 'D_layer_units_exponent_2': 8, 'D_layer_units_exponent_3': 10, 'log_learning_rate': -3.2699466703388187, 'log_learning_rate_D': -3.2547723952630156, 'training_batch_size': 11, 'training_p': 2}. Best is trial 16 with value: 0.8001757860183716.
Time for this trial:  172.95459747314453
Memory status after this trial: 
Memory allocated:  582.6337890625
Memory cached:  590.0
--------------------  Trial  32   --------------------
Start timing: 
Parameters: 
{'W_layers': 8, 'W_layer_units_exponent_0': 7, 'W_layer_units_exponent_1': 5, 'W_layer_units_exponent_2': 8, 'W_layer_units_exponent_3': 7, 'W_layer_units_exponent_4': 9, 'W_layer_units_exponent_5': 5, 'W_layer_units_exponent_6': 10, 'W_layer_units_exponent_7': 6, 'D_layers': 5, 'D_layer_units_exponent_0': 10, 'D_layer_units_exponent_1': 6, 'D_layer_units_exponent_2': 9, 'D_layer_units_exponent_3': 9, 'D_layer_units_exponent_4': 5, 'log_learning_rate': -3.0612310181222546, 'log_learning_rate_D': -3.0781316116426973, 'training_batch_size': 12, 'training_p': 2}
	 epoch  0 training error:  tensor(0.9409, device='cuda:0', grad_fn=<DivBackward0>)
	 epoch  0 test error:  tensor(14.1446, device='cuda:0', grad_fn=<DivBackward0>)
Memory status after this epoch: 
Memory allocated:  322.71484375
Memory cached:  382.0
	 epoch  10 training error:  tensor(0.2423, device='cuda:0', grad_fn=<DivBackward0>)
	 epoch  10 test error:  tensor(1.7795, device='cuda:0', grad_fn=<DivBackward0>)
Memory status after this epoch: 
Memory allocated:  322.38671875
Memory cached:  634.0
	 epoch  20 training error:  tensor(0.2118, device='cuda:0', grad_fn=<DivBackward0>)
	 epoch  20 test error:  tensor(0.8100, device='cuda:0', grad_fn=<DivBackward0>)
Memory status after this epoch: 
Memory allocated:  322.71484375
Memory cached:  634.0
	 epoch  30 training error:  tensor(0.2004, device='cuda:0', grad_fn=<DivBackward0>)
	 epoch  30 test error:  tensor(0.8714, device='cuda:0', grad_fn=<DivBackward0>)
Memory status after this epoch: 
Memory allocated:  322.38671875
Memory cached:  634.0
	 epoch  40 training error:  tensor(0.1886, device='cuda:0', grad_fn=<DivBackward0>)
	 epoch  40 test error:  tensor(0.8866, device='cuda:0', grad_fn=<DivBackward0>)
Memory status after this epoch: 
Memory allocated:  322.71484375
Memory cached:  634.0
	 epoch  50 training error:  tensor(0.1863, device='cuda:0', grad_fn=<DivBackward0>)
	 epoch  50 test error:  tensor(0.9157, device='cuda:0', grad_fn=<DivBackward0>)
Memory status after this epoch: 
Memory allocated:  322.38671875
Memory cached:  634.0
	 epoch  60 training error:  tensor(0.1853, device='cuda:0', grad_fn=<DivBackward0>)
	 epoch  60 test error:  tensor(0.8134, device='cuda:0', grad_fn=<DivBackward0>)
Memory status after this epoch: 
Memory allocated:  322.71484375
Memory cached:  634.0
	 epoch  70 training error:  tensor(0.1848, device='cuda:0', grad_fn=<DivBackward0>)
	 epoch  70 test error:  tensor(0.8603, device='cuda:0', grad_fn=<DivBackward0>)
Memory status after this epoch: 
Memory allocated:  322.38671875
Memory cached:  634.0
	 epoch  80 training error:  tensor(0.1843, device='cuda:0', grad_fn=<DivBackward0>)
	 epoch  80 test error:  tensor(0.8320, device='cuda:0', grad_fn=<DivBackward0>)
Memory status after this epoch: 
Memory allocated:  322.71484375
Memory cached:  634.0
	 epoch  90 training error:  tensor(0.1841, device='cuda:0', grad_fn=<DivBackward0>)
	 epoch  90 test error:  tensor(0.8450, device='cuda:0', grad_fn=<DivBackward0>)
Memory status after this epoch: 
Memory allocated:  322.38671875
Memory cached:  634.0
[I 2023-11-16 19:05:31,162] Trial 32 finished with value: 0.8479768633842468 and parameters: {'W_layers': 8, 'W_layer_units_exponent_0': 7, 'W_layer_units_exponent_1': 5, 'W_layer_units_exponent_2': 8, 'W_layer_units_exponent_3': 7, 'W_layer_units_exponent_4': 9, 'W_layer_units_exponent_5': 5, 'W_layer_units_exponent_6': 10, 'W_layer_units_exponent_7': 6, 'D_layers': 5, 'D_layer_units_exponent_0': 10, 'D_layer_units_exponent_1': 6, 'D_layer_units_exponent_2': 9, 'D_layer_units_exponent_3': 9, 'D_layer_units_exponent_4': 5, 'log_learning_rate': -3.0612310181222546, 'log_learning_rate_D': -3.0781316116426973, 'training_batch_size': 12, 'training_p': 2}. Best is trial 16 with value: 0.8001757860183716.
Time for this trial:  193.04548239707947
Memory status after this trial: 
Memory allocated:  625.3544921875
Memory cached:  634.0
--------------------  Trial  33   --------------------
Start timing: 
Parameters: 
{'W_layers': 7, 'W_layer_units_exponent_0': 8, 'W_layer_units_exponent_1': 6, 'W_layer_units_exponent_2': 8, 'W_layer_units_exponent_3': 5, 'W_layer_units_exponent_4': 6, 'W_layer_units_exponent_5': 4, 'W_layer_units_exponent_6': 10, 'D_layers': 3, 'D_layer_units_exponent_0': 9, 'D_layer_units_exponent_1': 7, 'D_layer_units_exponent_2': 8, 'log_learning_rate': -3.6900320901994137, 'log_learning_rate_D': -3.433707838292686, 'training_batch_size': 10, 'training_p': 3}
	 epoch  0 training error:  tensor(1.0550, device='cuda:0', grad_fn=<DivBackward0>)
	 epoch  0 test error:  tensor(3.8100, device='cuda:0', grad_fn=<DivBackward0>)
Memory status after this epoch: 
Memory allocated:  225.01220703125
Memory cached:  284.0
	 epoch  10 training error:  tensor(0.3486, device='cuda:0', grad_fn=<DivBackward0>)
	 epoch  10 test error:  tensor(1.2813, device='cuda:0', grad_fn=<DivBackward0>)
Memory status after this epoch: 
Memory allocated:  225.34033203125
Memory cached:  446.0
	 epoch  20 training error:  tensor(0.2338, device='cuda:0', grad_fn=<DivBackward0>)
	 epoch  20 test error:  tensor(0.7393, device='cuda:0', grad_fn=<DivBackward0>)
Memory status after this epoch: 
Memory allocated:  225.01220703125
Memory cached:  446.0
	 epoch  30 training error:  tensor(0.2396, device='cuda:0', grad_fn=<DivBackward0>)
	 epoch  30 test error:  tensor(0.9518, device='cuda:0', grad_fn=<DivBackward0>)
Memory status after this epoch: 
Memory allocated:  225.34033203125
Memory cached:  446.0
	 epoch  40 training error:  tensor(0.2331, device='cuda:0', grad_fn=<DivBackward0>)
	 epoch  40 test error:  tensor(0.9899, device='cuda:0', grad_fn=<DivBackward0>)
Memory status after this epoch: 
Memory allocated:  225.01220703125
Memory cached:  446.0
	 epoch  50 training error:  tensor(0.2275, device='cuda:0', grad_fn=<DivBackward0>)
	 epoch  50 test error:  tensor(0.9297, device='cuda:0', grad_fn=<DivBackward0>)
Memory status after this epoch: 
Memory allocated:  225.34033203125
Memory cached:  448.0
	 epoch  60 training error:  tensor(0.2247, device='cuda:0', grad_fn=<DivBackward0>)
	 epoch  60 test error:  tensor(0.8934, device='cuda:0', grad_fn=<DivBackward0>)
Memory status after this epoch: 
Memory allocated:  225.01220703125
Memory cached:  446.0
	 epoch  70 training error:  tensor(0.2225, device='cuda:0', grad_fn=<DivBackward0>)
	 epoch  70 test error:  tensor(0.8577, device='cuda:0', grad_fn=<DivBackward0>)
Memory status after this epoch: 
Memory allocated:  225.34033203125
Memory cached:  446.0
	 epoch  80 training error:  tensor(0.2211, device='cuda:0', grad_fn=<DivBackward0>)
	 epoch  80 test error:  tensor(0.8515, device='cuda:0', grad_fn=<DivBackward0>)
Memory status after this epoch: 
Memory allocated:  225.01220703125
Memory cached:  450.0
	 epoch  90 training error:  tensor(0.2204, device='cuda:0', grad_fn=<DivBackward0>)
	 epoch  90 test error:  tensor(0.8875, device='cuda:0', grad_fn=<DivBackward0>)
Memory status after this epoch: 
Memory allocated:  225.34033203125
Memory cached:  446.0
[I 2023-11-16 19:08:10,361] Trial 33 finished with value: 0.8906275033950806 and parameters: {'W_layers': 7, 'W_layer_units_exponent_0': 8, 'W_layer_units_exponent_1': 6, 'W_layer_units_exponent_2': 8, 'W_layer_units_exponent_3': 5, 'W_layer_units_exponent_4': 6, 'W_layer_units_exponent_5': 4, 'W_layer_units_exponent_6': 10, 'D_layers': 3, 'D_layer_units_exponent_0': 9, 'D_layer_units_exponent_1': 7, 'D_layer_units_exponent_2': 8, 'log_learning_rate': -3.6900320901994137, 'log_learning_rate_D': -3.433707838292686, 'training_batch_size': 10, 'training_p': 3}. Best is trial 16 with value: 0.8001757860183716.
Time for this trial:  158.94606494903564
Memory status after this trial: 
Memory allocated:  440.77734375
Memory cached:  448.0
--------------------  Trial  34   --------------------
Start timing: 
Parameters: 
{'W_layers': 8, 'W_layer_units_exponent_0': 7, 'W_layer_units_exponent_1': 5, 'W_layer_units_exponent_2': 7, 'W_layer_units_exponent_3': 8, 'W_layer_units_exponent_4': 8, 'W_layer_units_exponent_5': 5, 'W_layer_units_exponent_6': 9, 'W_layer_units_exponent_7': 7, 'D_layers': 4, 'D_layer_units_exponent_0': 10, 'D_layer_units_exponent_1': 5, 'D_layer_units_exponent_2': 9, 'D_layer_units_exponent_3': 10, 'log_learning_rate': -3.380558239991948, 'log_learning_rate_D': -3.119761252518888, 'training_batch_size': 9, 'training_p': 2}
	 epoch  0 training error:  tensor(0.9737, device='cuda:0', grad_fn=<DivBackward0>)
	 epoch  0 test error:  tensor(0.9769, device='cuda:0', grad_fn=<DivBackward0>)
Memory status after this epoch: 
Memory allocated:  311.7021484375
Memory cached:  382.0
	 epoch  10 training error:  tensor(0.2019, device='cuda:0', grad_fn=<DivBackward0>)
	 epoch  10 test error:  tensor(0.7407, device='cuda:0', grad_fn=<DivBackward0>)
Memory status after this epoch: 
Memory allocated:  311.6552734375
Memory cached:  620.0
	 epoch  20 training error:  tensor(0.1958, device='cuda:0', grad_fn=<DivBackward0>)
	 epoch  20 test error:  tensor(0.7792, device='cuda:0', grad_fn=<DivBackward0>)
Memory status after this epoch: 
Memory allocated:  311.7021484375
Memory cached:  620.0
	 epoch  30 training error:  tensor(0.1901, device='cuda:0', grad_fn=<DivBackward0>)
	 epoch  30 test error:  tensor(0.8325, device='cuda:0', grad_fn=<DivBackward0>)
Memory status after this epoch: 
Memory allocated:  311.6552734375
Memory cached:  620.0
	 epoch  40 training error:  tensor(0.1884, device='cuda:0', grad_fn=<DivBackward0>)
	 epoch  40 test error:  tensor(0.8528, device='cuda:0', grad_fn=<DivBackward0>)
Memory status after this epoch: 
Memory allocated:  311.7021484375
Memory cached:  620.0
	 epoch  50 training error:  tensor(0.1869, device='cuda:0', grad_fn=<DivBackward0>)
	 epoch  50 test error:  tensor(0.8366, device='cuda:0', grad_fn=<DivBackward0>)
Memory status after this epoch: 
Memory allocated:  311.6552734375
Memory cached:  620.0
	 epoch  60 training error:  tensor(0.1867, device='cuda:0', grad_fn=<DivBackward0>)
	 epoch  60 test error:  tensor(0.8363, device='cuda:0', grad_fn=<DivBackward0>)
Memory status after this epoch: 
Memory allocated:  311.7021484375
Memory cached:  620.0
	 epoch  70 training error:  tensor(0.1864, device='cuda:0', grad_fn=<DivBackward0>)
	 epoch  70 test error:  tensor(0.8518, device='cuda:0', grad_fn=<DivBackward0>)
Memory status after this epoch: 
Memory allocated:  311.6552734375
Memory cached:  620.0
	 epoch  80 training error:  tensor(0.1862, device='cuda:0', grad_fn=<DivBackward0>)
	 epoch  80 test error:  tensor(0.8476, device='cuda:0', grad_fn=<DivBackward0>)
Memory status after this epoch: 
Memory allocated:  311.7021484375
Memory cached:  620.0
	 epoch  90 training error:  tensor(0.1860, device='cuda:0', grad_fn=<DivBackward0>)
	 epoch  90 test error:  tensor(0.8478, device='cuda:0', grad_fn=<DivBackward0>)
Memory status after this epoch: 
Memory allocated:  311.6552734375
Memory cached:  620.0
[I 2023-11-16 19:11:15,644] Trial 34 finished with value: 0.8477541208267212 and parameters: {'W_layers': 8, 'W_layer_units_exponent_0': 7, 'W_layer_units_exponent_1': 5, 'W_layer_units_exponent_2': 7, 'W_layer_units_exponent_3': 8, 'W_layer_units_exponent_4': 8, 'W_layer_units_exponent_5': 5, 'W_layer_units_exponent_6': 9, 'W_layer_units_exponent_7': 7, 'D_layers': 4, 'D_layer_units_exponent_0': 10, 'D_layer_units_exponent_1': 5, 'D_layer_units_exponent_2': 9, 'D_layer_units_exponent_3': 10, 'log_learning_rate': -3.380558239991948, 'log_learning_rate_D': -3.119761252518888, 'training_batch_size': 9, 'training_p': 2}. Best is trial 16 with value: 0.8001757860183716.
Time for this trial:  185.01029419898987
Memory status after this trial: 
Memory allocated:  598.9111328125
Memory cached:  620.0
--------------------  Trial  35   --------------------
Start timing: 
Parameters: 
{'W_layers': 7, 'W_layer_units_exponent_0': 6, 'W_layer_units_exponent_1': 6, 'W_layer_units_exponent_2': 9, 'W_layer_units_exponent_3': 6, 'W_layer_units_exponent_4': 7, 'W_layer_units_exponent_5': 6, 'W_layer_units_exponent_6': 4, 'D_layers': 6, 'D_layer_units_exponent_0': 9, 'D_layer_units_exponent_1': 6, 'D_layer_units_exponent_2': 8, 'D_layer_units_exponent_3': 8, 'D_layer_units_exponent_4': 8, 'D_layer_units_exponent_5': 8, 'log_learning_rate': -4.001865477014356, 'log_learning_rate_D': -3.5595806513428565, 'training_batch_size': 11, 'training_p': 6}
	 epoch  0 training error:  tensor(1.4286, device='cuda:0', grad_fn=<DivBackward0>)
	 epoch  0 test error:  tensor(6.0986, device='cuda:0', grad_fn=<DivBackward0>)
Memory status after this epoch: 
Memory allocated:  222.47412109375
Memory cached:  282.0
	 epoch  10 training error:  tensor(0.4649, device='cuda:0', grad_fn=<DivBackward0>)
	 epoch  10 test error:  tensor(1.6837, device='cuda:0', grad_fn=<DivBackward0>)
Memory status after this epoch: 
Memory allocated:  222.14599609375
Memory cached:  438.0
	 epoch  20 training error:  tensor(0.2959, device='cuda:0', grad_fn=<DivBackward0>)
	 epoch  20 test error:  tensor(0.9968, device='cuda:0', grad_fn=<DivBackward0>)
Memory status after this epoch: 
Memory allocated:  222.47412109375
Memory cached:  438.0
	 epoch  30 training error:  tensor(0.2945, device='cuda:0', grad_fn=<DivBackward0>)
	 epoch  30 test error:  tensor(0.9124, device='cuda:0', grad_fn=<DivBackward0>)
Memory status after this epoch: 
Memory allocated:  222.61474609375
Memory cached:  438.0
	 epoch  40 training error:  tensor(0.2941, device='cuda:0', grad_fn=<DivBackward0>)
	 epoch  40 test error:  tensor(0.8857, device='cuda:0', grad_fn=<DivBackward0>)
Memory status after this epoch: 
Memory allocated:  222.00537109375
Memory cached:  440.0
	 epoch  50 training error:  tensor(0.2917, device='cuda:0', grad_fn=<DivBackward0>)
	 epoch  50 test error:  tensor(0.8905, device='cuda:0', grad_fn=<DivBackward0>)
Memory status after this epoch: 
Memory allocated:  222.61474609375
Memory cached:  438.0
	 epoch  60 training error:  tensor(0.2883, device='cuda:0', grad_fn=<DivBackward0>)
	 epoch  60 test error:  tensor(0.8686, device='cuda:0', grad_fn=<DivBackward0>)
Memory status after this epoch: 
Memory allocated:  222.00537109375
Memory cached:  438.0
	 epoch  70 training error:  tensor(0.2875, device='cuda:0', grad_fn=<DivBackward0>)
	 epoch  70 test error:  tensor(0.8632, device='cuda:0', grad_fn=<DivBackward0>)
Memory status after this epoch: 
Memory allocated:  222.61474609375
Memory cached:  440.0
	 epoch  80 training error:  tensor(0.2865, device='cuda:0', grad_fn=<DivBackward0>)
	 epoch  80 test error:  tensor(0.8790, device='cuda:0', grad_fn=<DivBackward0>)
Memory status after this epoch: 
Memory allocated:  222.00537109375
Memory cached:  438.0
	 epoch  90 training error:  tensor(0.2859, device='cuda:0', grad_fn=<DivBackward0>)
	 epoch  90 test error:  tensor(0.8922, device='cuda:0', grad_fn=<DivBackward0>)
Memory status after this epoch: 
Memory allocated:  222.61474609375
Memory cached:  438.0
