[I 2023-11-17 00:31:48,180] Trial 17 finished with value: 0.09674399346113205 and parameters: {'W_layers': 7, 'W_layer_units_exponent_0': 9, 'W_layer_units_exponent_1': 5, 'W_layer_units_exponent_2': 6, 'W_layer_units_exponent_3': 8, 'W_layer_units_exponent_4': 5, 'W_layer_units_exponent_5': 6, 'W_layer_units_exponent_6': 4, 'D_layers': 6, 'D_layer_units_exponent_0': 9, 'D_layer_units_exponent_1': 5, 'D_layer_units_exponent_2': 6, 'D_layer_units_exponent_3': 7, 'D_layer_units_exponent_4': 8, 'D_layer_units_exponent_5': 7, 'log_learning_rate': -1.0035775027991964, 'log_learning_rate_D': -2.665286701002219, 'training_batch_size': 11, 'training_p': 8}. Best is trial 15 with value: 0.09673945605754852.
Time for this trial:  179.84402084350586
Memory status after this trial: 
Memory allocated:  289.849609375
Memory cached:  308.0
--------------------  Trial  18   --------------------
Start timing: 
Parameters: 
{'W_layers': 7, 'W_layer_units_exponent_0': 9, 'W_layer_units_exponent_1': 8, 'W_layer_units_exponent_2': 4, 'W_layer_units_exponent_3': 10, 'W_layer_units_exponent_4': 4, 'W_layer_units_exponent_5': 10, 'W_layer_units_exponent_6': 6, 'D_layers': 4, 'D_layer_units_exponent_0': 7, 'D_layer_units_exponent_1': 7, 'D_layer_units_exponent_2': 8, 'D_layer_units_exponent_3': 6, 'log_learning_rate': -2.3627546635475833, 'log_learning_rate_D': -3.396822113006567, 'training_batch_size': 11, 'training_p': 6}
	 epoch  0 training error:  tensor(0.9947, device='cuda:0', grad_fn=<DivBackward0>)
	 epoch  0 test error:  tensor(0.8539, device='cuda:0', grad_fn=<DivBackward0>)
Memory status after this epoch: 
Memory allocated:  225.36279296875
Memory cached:  252.0
	 epoch  10 training error:  tensor(1., device='cuda:0', grad_fn=<DivBackward0>)
	 epoch  10 test error:  tensor(0.0967, device='cuda:0', grad_fn=<DivBackward0>)
Memory status after this epoch: 
Memory allocated:  225.08154296875
Memory cached:  456.0
	 epoch  20 training error:  tensor(1., device='cuda:0', grad_fn=<DivBackward0>)
	 epoch  20 test error:  tensor(0.0967, device='cuda:0', grad_fn=<DivBackward0>)
Memory status after this epoch: 
Memory allocated:  225.36279296875
Memory cached:  456.0
	 epoch  30 training error:  tensor(1., device='cuda:0', grad_fn=<DivBackward0>)
	 epoch  30 test error:  tensor(0.0967, device='cuda:0', grad_fn=<DivBackward0>)
Memory status after this epoch: 
Memory allocated:  225.08154296875
Memory cached:  456.0
	 epoch  40 training error:  tensor(1., device='cuda:0', grad_fn=<DivBackward0>)
	 epoch  40 test error:  tensor(0.0967, device='cuda:0', grad_fn=<DivBackward0>)
Memory status after this epoch: 
Memory allocated:  225.36279296875
Memory cached:  458.0
	 epoch  50 training error:  tensor(1., device='cuda:0', grad_fn=<DivBackward0>)
	 epoch  50 test error:  tensor(0.0967, device='cuda:0', grad_fn=<DivBackward0>)
Memory status after this epoch: 
Memory allocated:  225.08154296875
Memory cached:  456.0
	 epoch  60 training error:  tensor(1., device='cuda:0', grad_fn=<DivBackward0>)
	 epoch  60 test error:  tensor(0.0967, device='cuda:0', grad_fn=<DivBackward0>)
Memory status after this epoch: 
Memory allocated:  225.36279296875
Memory cached:  460.0
	 epoch  70 training error:  tensor(1., device='cuda:0', grad_fn=<DivBackward0>)
	 epoch  70 test error:  tensor(0.0967, device='cuda:0', grad_fn=<DivBackward0>)
Memory status after this epoch: 
Memory allocated:  225.08154296875
Memory cached:  458.0
	 epoch  80 training error:  tensor(1., device='cuda:0', grad_fn=<DivBackward0>)
	 epoch  80 test error:  tensor(0.0967, device='cuda:0', grad_fn=<DivBackward0>)
Memory status after this epoch: 
Memory allocated:  225.36279296875
Memory cached:  458.0
	 epoch  90 training error:  tensor(1., device='cuda:0', grad_fn=<DivBackward0>)
	 epoch  90 test error:  tensor(0.0967, device='cuda:0', grad_fn=<DivBackward0>)
Memory status after this epoch: 
Memory allocated:  225.08154296875
Memory cached:  458.0
[I 2023-11-17 00:34:42,027] Trial 18 finished with value: 0.09674400091171265 and parameters: {'W_layers': 7, 'W_layer_units_exponent_0': 9, 'W_layer_units_exponent_1': 8, 'W_layer_units_exponent_2': 4, 'W_layer_units_exponent_3': 10, 'W_layer_units_exponent_4': 4, 'W_layer_units_exponent_5': 10, 'W_layer_units_exponent_6': 6, 'D_layers': 4, 'D_layer_units_exponent_0': 7, 'D_layer_units_exponent_1': 7, 'D_layer_units_exponent_2': 8, 'D_layer_units_exponent_3': 6, 'log_learning_rate': -2.3627546635475833, 'log_learning_rate_D': -3.396822113006567, 'training_batch_size': 11, 'training_p': 6}. Best is trial 15 with value: 0.09673945605754852.
Time for this trial:  173.57001757621765
Memory status after this trial: 
Memory allocated:  440.8115234375
Memory cached:  462.0
--------------------  Trial  19   --------------------
Start timing: 
Parameters: 
{'W_layers': 5, 'W_layer_units_exponent_0': 7, 'W_layer_units_exponent_1': 5, 'W_layer_units_exponent_2': 7, 'W_layer_units_exponent_3': 4, 'W_layer_units_exponent_4': 6, 'D_layers': 3, 'D_layer_units_exponent_0': 9, 'D_layer_units_exponent_1': 5, 'D_layer_units_exponent_2': 5, 'log_learning_rate': -1.4733452517036434, 'log_learning_rate_D': -2.4679898304418084, 'training_batch_size': 12, 'training_p': 4}
	 epoch  0 training error:  tensor(1.0122, device='cuda:0', grad_fn=<DivBackward0>)
	 epoch  0 test error:  tensor(0.1147, device='cuda:0', grad_fn=<DivBackward0>)
Memory status after this epoch: 
Memory allocated:  84.62841796875
Memory cached:  124.0
	 epoch  10 training error:  tensor(0.9787, device='cuda:0', grad_fn=<DivBackward0>)
	 epoch  10 test error:  tensor(0.0965, device='cuda:0', grad_fn=<DivBackward0>)
Memory status after this epoch: 
Memory allocated:  84.90966796875
Memory cached:  180.0
	 epoch  20 training error:  tensor(1.0000, device='cuda:0', grad_fn=<DivBackward0>)
	 epoch  20 test error:  tensor(0.0967, device='cuda:0', grad_fn=<DivBackward0>)
Memory status after this epoch: 
Memory allocated:  84.62841796875
Memory cached:  180.0
	 epoch  30 training error:  tensor(1., device='cuda:0', grad_fn=<DivBackward0>)
	 epoch  30 test error:  tensor(0.0967, device='cuda:0', grad_fn=<DivBackward0>)
Memory status after this epoch: 
Memory allocated:  84.90966796875
Memory cached:  180.0
	 epoch  40 training error:  tensor(1., device='cuda:0', grad_fn=<DivBackward0>)
	 epoch  40 test error:  tensor(0.0967, device='cuda:0', grad_fn=<DivBackward0>)
Memory status after this epoch: 
Memory allocated:  84.62841796875
Memory cached:  182.0
	 epoch  50 training error:  tensor(1., device='cuda:0', grad_fn=<DivBackward0>)
	 epoch  50 test error:  tensor(0.0967, device='cuda:0', grad_fn=<DivBackward0>)
Memory status after this epoch: 
Memory allocated:  84.90966796875
Memory cached:  184.0
	 epoch  60 training error:  tensor(1., device='cuda:0', grad_fn=<DivBackward0>)
	 epoch  60 test error:  tensor(0.0967, device='cuda:0', grad_fn=<DivBackward0>)
Memory status after this epoch: 
Memory allocated:  84.62841796875
Memory cached:  186.0
	 epoch  70 training error:  tensor(1., device='cuda:0', grad_fn=<DivBackward0>)
	 epoch  70 test error:  tensor(0.0967, device='cuda:0', grad_fn=<DivBackward0>)
Memory status after this epoch: 
Memory allocated:  84.90966796875
Memory cached:  188.0
	 epoch  80 training error:  tensor(1., device='cuda:0', grad_fn=<DivBackward0>)
	 epoch  80 test error:  tensor(0.0967, device='cuda:0', grad_fn=<DivBackward0>)
Memory status after this epoch: 
Memory allocated:  84.62841796875
Memory cached:  190.0
	 epoch  90 training error:  tensor(1., device='cuda:0', grad_fn=<DivBackward0>)
	 epoch  90 test error:  tensor(0.0967, device='cuda:0', grad_fn=<DivBackward0>)
Memory status after this epoch: 
Memory allocated:  84.90966796875
Memory cached:  190.0
[I 2023-11-17 00:36:54,886] Trial 19 finished with value: 0.09674399346113205 and parameters: {'W_layers': 5, 'W_layer_units_exponent_0': 7, 'W_layer_units_exponent_1': 5, 'W_layer_units_exponent_2': 7, 'W_layer_units_exponent_3': 4, 'W_layer_units_exponent_4': 6, 'D_layers': 3, 'D_layer_units_exponent_0': 9, 'D_layer_units_exponent_1': 5, 'D_layer_units_exponent_2': 5, 'log_learning_rate': -1.4733452517036434, 'log_learning_rate_D': -2.4679898304418084, 'training_batch_size': 12, 'training_p': 4}. Best is trial 15 with value: 0.09673945605754852.
Time for this trial:  132.64645671844482
Memory status after this trial: 
Memory allocated:  166.5322265625
Memory cached:  192.0
--------------------  Trial  20   --------------------
Start timing: 
Parameters: 
{'W_layers': 6, 'W_layer_units_exponent_0': 7, 'W_layer_units_exponent_1': 9, 'W_layer_units_exponent_2': 6, 'W_layer_units_exponent_3': 9, 'W_layer_units_exponent_4': 5, 'W_layer_units_exponent_5': 4, 'D_layers': 6, 'D_layer_units_exponent_0': 5, 'D_layer_units_exponent_1': 10, 'D_layer_units_exponent_2': 9, 'D_layer_units_exponent_3': 4, 'D_layer_units_exponent_4': 6, 'D_layer_units_exponent_5': 4, 'log_learning_rate': -3.401503107324459, 'log_learning_rate_D': -3.436270440685576, 'training_batch_size': 10, 'training_p': 3}
	 epoch  0 training error:  tensor(1.0160, device='cuda:0', grad_fn=<DivBackward0>)
	 epoch  0 test error:  tensor(0.0981, device='cuda:0', grad_fn=<DivBackward0>)
Memory status after this epoch: 
Memory allocated:  201.0341796875
Memory cached:  220.0
	 epoch  10 training error:  tensor(0.9862, device='cuda:0', grad_fn=<DivBackward0>)
	 epoch  10 test error:  tensor(0.0969, device='cuda:0', grad_fn=<DivBackward0>)
Memory status after this epoch: 
Memory allocated:  201.4091796875
Memory cached:  394.0
	 epoch  20 training error:  tensor(0.9690, device='cuda:0', grad_fn=<DivBackward0>)
	 epoch  20 test error:  tensor(0.0970, device='cuda:0', grad_fn=<DivBackward0>)
Memory status after this epoch: 
Memory allocated:  201.1279296875
Memory cached:  394.0
	 epoch  30 training error:  tensor(0.9586, device='cuda:0', grad_fn=<DivBackward0>)
	 epoch  30 test error:  tensor(0.0974, device='cuda:0', grad_fn=<DivBackward0>)
Memory status after this epoch: 
Memory allocated:  201.0341796875
Memory cached:  394.0
	 epoch  40 training error:  tensor(0.9521, device='cuda:0', grad_fn=<DivBackward0>)
	 epoch  40 test error:  tensor(0.0978, device='cuda:0', grad_fn=<DivBackward0>)
Memory status after this epoch: 
Memory allocated:  201.4091796875
Memory cached:  396.0
	 epoch  50 training error:  tensor(0.9557, device='cuda:0', grad_fn=<DivBackward0>)
	 epoch  50 test error:  tensor(0.0979, device='cuda:0', grad_fn=<DivBackward0>)
Memory status after this epoch: 
Memory allocated:  201.0341796875
Memory cached:  398.0
	 epoch  60 training error:  tensor(0.9510, device='cuda:0', grad_fn=<DivBackward0>)
	 epoch  60 test error:  tensor(0.0982, device='cuda:0', grad_fn=<DivBackward0>)
Memory status after this epoch: 
Memory allocated:  201.1279296875
Memory cached:  394.0
	 epoch  70 training error:  tensor(0.9521, device='cuda:0', grad_fn=<DivBackward0>)
	 epoch  70 test error:  tensor(0.0981, device='cuda:0', grad_fn=<DivBackward0>)
Memory status after this epoch: 
Memory allocated:  201.0341796875
Memory cached:  394.0
	 epoch  80 training error:  tensor(0.9542, device='cuda:0', grad_fn=<DivBackward0>)
	 epoch  80 test error:  tensor(0.0984, device='cuda:0', grad_fn=<DivBackward0>)
Memory status after this epoch: 
Memory allocated:  201.1279296875
Memory cached:  394.0
	 epoch  90 training error:  tensor(0.9521, device='cuda:0', grad_fn=<DivBackward0>)
	 epoch  90 test error:  tensor(0.0980, device='cuda:0', grad_fn=<DivBackward0>)
Memory status after this epoch: 
Memory allocated:  201.0341796875
Memory cached:  394.0
[I 2023-11-17 00:39:49,411] Trial 20 finished with value: 0.09800329059362411 and parameters: {'W_layers': 6, 'W_layer_units_exponent_0': 7, 'W_layer_units_exponent_1': 9, 'W_layer_units_exponent_2': 6, 'W_layer_units_exponent_3': 9, 'W_layer_units_exponent_4': 5, 'W_layer_units_exponent_5': 4, 'D_layers': 6, 'D_layer_units_exponent_0': 5, 'D_layer_units_exponent_1': 10, 'D_layer_units_exponent_2': 9, 'D_layer_units_exponent_3': 4, 'D_layer_units_exponent_4': 6, 'D_layer_units_exponent_5': 4, 'log_learning_rate': -3.401503107324459, 'log_learning_rate_D': -3.436270440685576, 'training_batch_size': 10, 'training_p': 3}. Best is trial 15 with value: 0.09673945605754852.
Time for this trial:  174.28364300727844
Memory status after this trial: 
Memory allocated:  382.837890625
Memory cached:  394.0
--------------------  Trial  21   --------------------
Start timing: 
Parameters: 
{'W_layers': 3, 'W_layer_units_exponent_0': 5, 'W_layer_units_exponent_1': 6, 'W_layer_units_exponent_2': 9, 'D_layers': 2, 'D_layer_units_exponent_0': 6, 'D_layer_units_exponent_1': 8, 'log_learning_rate': -2.084300753011995, 'log_learning_rate_D': -4.377094103178871, 'training_batch_size': 8, 'training_p': 2}
	 epoch  0 training error:  tensor(1.1259, device='cuda:0', grad_fn=<DivBackward0>)
	 epoch  0 test error:  tensor(0.4539, device='cuda:0', grad_fn=<DivBackward0>)
Memory status after this epoch: 
Memory allocated:  84.36083984375
Memory cached:  136.0
	 epoch  10 training error:  tensor(1.0031, device='cuda:0', grad_fn=<DivBackward0>)
	 epoch  10 test error:  tensor(0.0968, device='cuda:0', grad_fn=<DivBackward0>)
Memory status after this epoch: 
Memory allocated:  84.07958984375
Memory cached:  178.0
	 epoch  20 training error:  tensor(1.0004, device='cuda:0', grad_fn=<DivBackward0>)
	 epoch  20 test error:  tensor(0.0967, device='cuda:0', grad_fn=<DivBackward0>)
Memory status after this epoch: 
Memory allocated:  84.36083984375
Memory cached:  178.0
	 epoch  30 training error:  tensor(1.0001, device='cuda:0', grad_fn=<DivBackward0>)
	 epoch  30 test error:  tensor(0.0967, device='cuda:0', grad_fn=<DivBackward0>)
Memory status after this epoch: 
Memory allocated:  84.07958984375
Memory cached:  178.0
	 epoch  40 training error:  tensor(1.0000, device='cuda:0', grad_fn=<DivBackward0>)
	 epoch  40 test error:  tensor(0.0967, device='cuda:0', grad_fn=<DivBackward0>)
Memory status after this epoch: 
Memory allocated:  84.36083984375
Memory cached:  178.0
	 epoch  50 training error:  tensor(1.0000, device='cuda:0', grad_fn=<DivBackward0>)
	 epoch  50 test error:  tensor(0.0967, device='cuda:0', grad_fn=<DivBackward0>)
Memory status after this epoch: 
Memory allocated:  84.07958984375
Memory cached:  178.0
	 epoch  60 training error:  tensor(1.0000, device='cuda:0', grad_fn=<DivBackward0>)
	 epoch  60 test error:  tensor(0.0967, device='cuda:0', grad_fn=<DivBackward0>)
Memory status after this epoch: 
Memory allocated:  84.36083984375
Memory cached:  180.0
	 epoch  70 training error:  tensor(1.0000, device='cuda:0', grad_fn=<DivBackward0>)
	 epoch  70 test error:  tensor(0.0967, device='cuda:0', grad_fn=<DivBackward0>)
Memory status after this epoch: 
Memory allocated:  84.07958984375
Memory cached:  180.0
	 epoch  80 training error:  tensor(1.0000, device='cuda:0', grad_fn=<DivBackward0>)
	 epoch  80 test error:  tensor(0.0967, device='cuda:0', grad_fn=<DivBackward0>)
Memory status after this epoch: 
Memory allocated:  84.36083984375
Memory cached:  182.0
	 epoch  90 training error:  tensor(1.0000, device='cuda:0', grad_fn=<DivBackward0>)
	 epoch  90 test error:  tensor(0.0967, device='cuda:0', grad_fn=<DivBackward0>)
Memory status after this epoch: 
Memory allocated:  84.07958984375
Memory cached:  184.0
[I 2023-11-17 00:41:38,580] Trial 21 finished with value: 0.09674300998449326 and parameters: {'W_layers': 3, 'W_layer_units_exponent_0': 5, 'W_layer_units_exponent_1': 6, 'W_layer_units_exponent_2': 9, 'D_layers': 2, 'D_layer_units_exponent_0': 6, 'D_layer_units_exponent_1': 8, 'log_learning_rate': -2.084300753011995, 'log_learning_rate_D': -4.377094103178871, 'training_batch_size': 8, 'training_p': 2}. Best is trial 15 with value: 0.09673945605754852.
Time for this trial:  108.97172784805298
Memory status after this trial: 
Memory allocated:  164.9248046875
Memory cached:  184.0
--------------------  Trial  22   --------------------
Start timing: 
Parameters: 
{'W_layers': 2, 'W_layer_units_exponent_0': 5, 'W_layer_units_exponent_1': 7, 'D_layers': 3, 'D_layer_units_exponent_0': 6, 'D_layer_units_exponent_1': 7, 'D_layer_units_exponent_2': 7, 'log_learning_rate': -2.1476167352975164, 'log_learning_rate_D': -3.6567711406896475, 'training_batch_size': 8, 'training_p': 3}
	 epoch  0 training error:  tensor(1.3609, device='cuda:0', grad_fn=<DivBackward0>)
	 epoch  0 test error:  tensor(0.2010, device='cuda:0', grad_fn=<DivBackward0>)
Memory status after this epoch: 
Memory allocated:  59.79443359375
Memory cached:  108.0
	 epoch  10 training error:  tensor(1.1369, device='cuda:0', grad_fn=<DivBackward0>)
	 epoch  10 test error:  tensor(0.0994, device='cuda:0', grad_fn=<DivBackward0>)
Memory status after this epoch: 
Memory allocated:  60.07568359375
Memory cached:  130.0
	 epoch  20 training error:  tensor(1.0855, device='cuda:0', grad_fn=<DivBackward0>)
	 epoch  20 test error:  tensor(0.1071, device='cuda:0', grad_fn=<DivBackward0>)
Memory status after this epoch: 
Memory allocated:  59.79443359375
Memory cached:  130.0
	 epoch  30 training error:  tensor(0.9603, device='cuda:0', grad_fn=<DivBackward0>)
	 epoch  30 test error:  tensor(0.0990, device='cuda:0', grad_fn=<DivBackward0>)
Memory status after this epoch: 
Memory allocated:  60.07568359375
Memory cached:  130.0
	 epoch  40 training error:  tensor(0.9550, device='cuda:0', grad_fn=<DivBackward0>)
	 epoch  40 test error:  tensor(0.0986, device='cuda:0', grad_fn=<DivBackward0>)
Memory status after this epoch: 
Memory allocated:  59.79443359375
Memory cached:  130.0
	 epoch  50 training error:  tensor(0.9500, device='cuda:0', grad_fn=<DivBackward0>)
	 epoch  50 test error:  tensor(0.0983, device='cuda:0', grad_fn=<DivBackward0>)
Memory status after this epoch: 
Memory allocated:  60.07568359375
Memory cached:  130.0
	 epoch  60 training error:  tensor(0.9641, device='cuda:0', grad_fn=<DivBackward0>)
	 epoch  60 test error:  tensor(0.0975, device='cuda:0', grad_fn=<DivBackward0>)
Memory status after this epoch: 
Memory allocated:  59.79443359375
Memory cached:  132.0
	 epoch  70 training error:  tensor(0.9595, device='cuda:0', grad_fn=<DivBackward0>)
	 epoch  70 test error:  tensor(0.0982, device='cuda:0', grad_fn=<DivBackward0>)
Memory status after this epoch: 
Memory allocated:  60.07568359375
Memory cached:  134.0
	 epoch  80 training error:  tensor(0.9573, device='cuda:0', grad_fn=<DivBackward0>)
	 epoch  80 test error:  tensor(0.0977, device='cuda:0', grad_fn=<DivBackward0>)
Memory status after this epoch: 
Memory allocated:  59.79443359375
Memory cached:  134.0
	 epoch  90 training error:  tensor(0.9579, device='cuda:0', grad_fn=<DivBackward0>)
	 epoch  90 test error:  tensor(0.0987, device='cuda:0', grad_fn=<DivBackward0>)
Memory status after this epoch: 
Memory allocated:  60.07568359375
Memory cached:  136.0
