[I 2023-11-17 12:52:55,093] Trial 48 finished with value: 0.19076427817344666 and parameters: {'W_layers': 6, 'W_layer_units_exponent_0': 10, 'W_layer_units_exponent_1': 9, 'W_layer_units_exponent_2': 10, 'W_layer_units_exponent_3': 5, 'W_layer_units_exponent_4': 7, 'W_layer_units_exponent_5': 8, 'D_layers': 2, 'D_layer_units_exponent_0': 7, 'D_layer_units_exponent_1': 5, 'log_learning_rate': -4.879152092947285, 'log_learning_rate_D': -3.4768260561185813, 'training_batch_size': 12, 'training_p': 2}. Best is trial 32 with value: 0.1905340552330017.
Time for this trial:  141.56075763702393
Memory status after this trial: 
Memory allocated:  622.216796875
Memory cached:  638.0
--------------------  Trial  49   --------------------
Start timing: 
Parameters: 
{'W_layers': 8, 'W_layer_units_exponent_0': 9, 'W_layer_units_exponent_1': 10, 'W_layer_units_exponent_2': 10, 'W_layer_units_exponent_3': 10, 'W_layer_units_exponent_4': 4, 'W_layer_units_exponent_5': 10, 'W_layer_units_exponent_6': 10, 'W_layer_units_exponent_7': 9, 'D_layers': 7, 'D_layer_units_exponent_0': 6, 'D_layer_units_exponent_1': 4, 'D_layer_units_exponent_2': 9, 'D_layer_units_exponent_3': 9, 'D_layer_units_exponent_4': 5, 'D_layer_units_exponent_5': 10, 'D_layer_units_exponent_6': 4, 'log_learning_rate': -4.30288809537229, 'log_learning_rate_D': -4.98133064493259, 'training_batch_size': 11, 'training_p': 3}
	 epoch  0 training error:  tensor(1.0012, device='cuda:0', grad_fn=<DivBackward0>)
	 epoch  0 test error:  tensor(0.1917, device='cuda:0', grad_fn=<DivBackward0>)
Memory status after this epoch: 
Memory allocated:  656.1220703125
Memory cached:  794.0
	 epoch  10 training error:  tensor(0.9942, device='cuda:0', grad_fn=<DivBackward0>)
	 epoch  10 test error:  tensor(0.1915, device='cuda:0', grad_fn=<DivBackward0>)
Memory status after this epoch: 
Memory allocated:  657.4345703125
Memory cached:  1252.0
	 epoch  20 training error:  tensor(0.9934, device='cuda:0', grad_fn=<DivBackward0>)
	 epoch  20 test error:  tensor(0.1915, device='cuda:0', grad_fn=<DivBackward0>)
Memory status after this epoch: 
Memory allocated:  656.0751953125
Memory cached:  1252.0
	 epoch  30 training error:  tensor(0.9931, device='cuda:0', grad_fn=<DivBackward0>)
	 epoch  30 test error:  tensor(0.1915, device='cuda:0', grad_fn=<DivBackward0>)
Memory status after this epoch: 
Memory allocated:  657.8095703125
Memory cached:  1252.0
	 epoch  40 training error:  tensor(0.9930, device='cuda:0', grad_fn=<DivBackward0>)
	 epoch  40 test error:  tensor(0.1914, device='cuda:0', grad_fn=<DivBackward0>)
Memory status after this epoch: 
Memory allocated:  655.6064453125
Memory cached:  1248.0
	 epoch  50 training error:  tensor(0.9930, device='cuda:0', grad_fn=<DivBackward0>)
	 epoch  50 test error:  tensor(0.1914, device='cuda:0', grad_fn=<DivBackward0>)
Memory status after this epoch: 
Memory allocated:  657.9033203125
Memory cached:  1248.0
	 epoch  60 training error:  tensor(0.9930, device='cuda:0', grad_fn=<DivBackward0>)
	 epoch  60 test error:  tensor(0.1914, device='cuda:0', grad_fn=<DivBackward0>)
Memory status after this epoch: 
Memory allocated:  655.8408203125
Memory cached:  1248.0
	 epoch  70 training error:  tensor(0.9930, device='cuda:0', grad_fn=<DivBackward0>)
	 epoch  70 test error:  tensor(0.1914, device='cuda:0', grad_fn=<DivBackward0>)
Memory status after this epoch: 
Memory allocated:  657.4814453125
Memory cached:  1248.0
	 epoch  80 training error:  tensor(0.9930, device='cuda:0', grad_fn=<DivBackward0>)
	 epoch  80 test error:  tensor(0.1914, device='cuda:0', grad_fn=<DivBackward0>)
Memory status after this epoch: 
Memory allocated:  655.8408203125
Memory cached:  1248.0
	 epoch  90 training error:  tensor(0.9930, device='cuda:0', grad_fn=<DivBackward0>)
	 epoch  90 test error:  tensor(0.1914, device='cuda:0', grad_fn=<DivBackward0>)
Memory status after this epoch: 
Memory allocated:  657.6689453125
Memory cached:  1248.0
[I 2023-11-17 12:56:50,059] Trial 49 finished with value: 0.19144733250141144 and parameters: {'W_layers': 8, 'W_layer_units_exponent_0': 9, 'W_layer_units_exponent_1': 10, 'W_layer_units_exponent_2': 10, 'W_layer_units_exponent_3': 10, 'W_layer_units_exponent_4': 4, 'W_layer_units_exponent_5': 10, 'W_layer_units_exponent_6': 10, 'W_layer_units_exponent_7': 9, 'D_layers': 7, 'D_layer_units_exponent_0': 6, 'D_layer_units_exponent_1': 4, 'D_layer_units_exponent_2': 9, 'D_layer_units_exponent_3': 9, 'D_layer_units_exponent_4': 5, 'D_layer_units_exponent_5': 10, 'D_layer_units_exponent_6': 4, 'log_learning_rate': -4.30288809537229, 'log_learning_rate_D': -4.98133064493259, 'training_batch_size': 11, 'training_p': 3}. Best is trial 32 with value: 0.1905340552330017.
[I 2023-11-17 12:56:50,131] A new study created in memory with name: no-name-ba085160-00b6-4ff3-98eb-b6b9c790defd
Time for this trial:  234.6911952495575
Memory status after this trial: 
Memory allocated:  1202.8427734375
Memory cached:  1248.0
--------------------  Trial  0   --------------------
Start timing: 
Parameters: 
{'W_layers': 3, 'W_layer_units_exponent_0': 8, 'W_layer_units_exponent_1': 9, 'W_layer_units_exponent_2': 4, 'D_layers': 6, 'D_layer_units_exponent_0': 4, 'D_layer_units_exponent_1': 8, 'D_layer_units_exponent_2': 9, 'D_layer_units_exponent_3': 5, 'D_layer_units_exponent_4': 10, 'D_layer_units_exponent_5': 7, 'log_learning_rate': -2.049713083328983, 'log_learning_rate_D': -2.1307091519877948, 'training_batch_size': 7, 'training_p': 2}
	 epoch  0 training error:  tensor(1.0157, device='cuda:0', grad_fn=<DivBackward0>)
	 epoch  0 test error:  tensor(0.5893, device='cuda:0', grad_fn=<DivBackward0>)
Memory status after this epoch: 
Memory allocated:  294.16455078125
Memory cached:  410.0
	 epoch  10 training error:  tensor(0.9987, device='cuda:0', grad_fn=<DivBackward0>)
	 epoch  10 test error:  tensor(0.1919, device='cuda:0', grad_fn=<DivBackward0>)
Memory status after this epoch: 
Memory allocated:  294.82080078125
Memory cached:  584.0
	 epoch  20 training error:  tensor(0.9945, device='cuda:0', grad_fn=<DivBackward0>)
	 epoch  20 test error:  tensor(0.1915, device='cuda:0', grad_fn=<DivBackward0>)
Memory status after this epoch: 
Memory allocated:  294.07080078125
Memory cached:  586.0
	 epoch  30 training error:  tensor(0.9945, device='cuda:0', grad_fn=<DivBackward0>)
	 epoch  30 test error:  tensor(0.1915, device='cuda:0', grad_fn=<DivBackward0>)
Memory status after this epoch: 
Memory allocated:  295.28955078125
Memory cached:  584.0
	 epoch  40 training error:  tensor(0.9944, device='cuda:0', grad_fn=<DivBackward0>)
	 epoch  40 test error:  tensor(0.1915, device='cuda:0', grad_fn=<DivBackward0>)
Memory status after this epoch: 
Memory allocated:  293.50830078125
Memory cached:  584.0
	 epoch  50 training error:  tensor(0.9944, device='cuda:0', grad_fn=<DivBackward0>)
	 epoch  50 test error:  tensor(0.1915, device='cuda:0', grad_fn=<DivBackward0>)
Memory status after this epoch: 
Memory allocated:  295.85205078125
Memory cached:  584.0
	 epoch  60 training error:  tensor(0.9944, device='cuda:0', grad_fn=<DivBackward0>)
	 epoch  60 test error:  tensor(0.1915, device='cuda:0', grad_fn=<DivBackward0>)
Memory status after this epoch: 
Memory allocated:  293.13330078125
Memory cached:  584.0
	 epoch  70 training error:  tensor(0.9944, device='cuda:0', grad_fn=<DivBackward0>)
	 epoch  70 test error:  tensor(0.1915, device='cuda:0', grad_fn=<DivBackward0>)
Memory status after this epoch: 
Memory allocated:  296.22705078125
Memory cached:  586.0
	 epoch  80 training error:  tensor(0.9944, device='cuda:0', grad_fn=<DivBackward0>)
	 epoch  80 test error:  tensor(0.1915, device='cuda:0', grad_fn=<DivBackward0>)
Memory status after this epoch: 
Memory allocated:  292.85205078125
Memory cached:  586.0
	 epoch  90 training error:  tensor(0.9944, device='cuda:0', grad_fn=<DivBackward0>)
	 epoch  90 test error:  tensor(0.1915, device='cuda:0', grad_fn=<DivBackward0>)
Memory status after this epoch: 
Memory allocated:  296.50830078125
Memory cached:  586.0
[I 2023-11-17 12:59:16,518] Trial 0 finished with value: 0.1914600431919098 and parameters: {'W_layers': 3, 'W_layer_units_exponent_0': 8, 'W_layer_units_exponent_1': 9, 'W_layer_units_exponent_2': 4, 'D_layers': 6, 'D_layer_units_exponent_0': 4, 'D_layer_units_exponent_1': 8, 'D_layer_units_exponent_2': 9, 'D_layer_units_exponent_3': 5, 'D_layer_units_exponent_4': 10, 'D_layer_units_exponent_5': 7, 'log_learning_rate': -2.049713083328983, 'log_learning_rate_D': -2.1307091519877948, 'training_batch_size': 7, 'training_p': 2}. Best is trial 0 with value: 0.1914600431919098.
Time for this trial:  146.2703139781952
Memory status after this trial: 
Memory allocated:  575.271484375
Memory cached:  586.0
--------------------  Trial  1   --------------------
Start timing: 
Parameters: 
{'W_layers': 3, 'W_layer_units_exponent_0': 7, 'W_layer_units_exponent_1': 6, 'W_layer_units_exponent_2': 4, 'D_layers': 4, 'D_layer_units_exponent_0': 9, 'D_layer_units_exponent_1': 8, 'D_layer_units_exponent_2': 9, 'D_layer_units_exponent_3': 8, 'log_learning_rate': -2.2306662229039604, 'log_learning_rate_D': -1.8811376058516553, 'training_batch_size': 10, 'training_p': 4}
	 epoch  0 training error:  tensor(1.0014, device='cuda:0', grad_fn=<DivBackward0>)
	 epoch  0 test error:  tensor(0.2288, device='cuda:0', grad_fn=<DivBackward0>)
Memory status after this epoch: 
Memory allocated:  241.99072265625
Memory cached:  372.0
	 epoch  10 training error:  tensor(0.9918, device='cuda:0', grad_fn=<DivBackward0>)
	 epoch  10 test error:  tensor(0.1946, device='cuda:0', grad_fn=<DivBackward0>)
Memory status after this epoch: 
Memory allocated:  237.77197265625
Memory cached:  476.0
	 epoch  20 training error:  tensor(0.9827, device='cuda:0', grad_fn=<DivBackward0>)
	 epoch  20 test error:  tensor(0.1919, device='cuda:0', grad_fn=<DivBackward0>)
Memory status after this epoch: 
Memory allocated:  242.08447265625
Memory cached:  476.0
	 epoch  30 training error:  tensor(0.9825, device='cuda:0', grad_fn=<DivBackward0>)
	 epoch  30 test error:  tensor(0.1917, device='cuda:0', grad_fn=<DivBackward0>)
Memory status after this epoch: 
Memory allocated:  238.14697265625
Memory cached:  476.0
	 epoch  40 training error:  tensor(0.9826, device='cuda:0', grad_fn=<DivBackward0>)
	 epoch  40 test error:  tensor(0.1918, device='cuda:0', grad_fn=<DivBackward0>)
Memory status after this epoch: 
Memory allocated:  241.61572265625
Memory cached:  478.0
	 epoch  50 training error:  tensor(0.9826, device='cuda:0', grad_fn=<DivBackward0>)
	 epoch  50 test error:  tensor(0.1918, device='cuda:0', grad_fn=<DivBackward0>)
Memory status after this epoch: 
Memory allocated:  238.61572265625
Memory cached:  478.0
	 epoch  60 training error:  tensor(0.9826, device='cuda:0', grad_fn=<DivBackward0>)
	 epoch  60 test error:  tensor(0.1918, device='cuda:0', grad_fn=<DivBackward0>)
Memory status after this epoch: 
Memory allocated:  241.05322265625
Memory cached:  478.0
	 epoch  70 training error:  tensor(0.9825, device='cuda:0', grad_fn=<DivBackward0>)
	 epoch  70 test error:  tensor(0.1918, device='cuda:0', grad_fn=<DivBackward0>)
Memory status after this epoch: 
Memory allocated:  239.17822265625
Memory cached:  480.0
	 epoch  80 training error:  tensor(0.9825, device='cuda:0', grad_fn=<DivBackward0>)
	 epoch  80 test error:  tensor(0.1918, device='cuda:0', grad_fn=<DivBackward0>)
Memory status after this epoch: 
Memory allocated:  240.58447265625
Memory cached:  480.0
	 epoch  90 training error:  tensor(0.9827, device='cuda:0', grad_fn=<DivBackward0>)
	 epoch  90 test error:  tensor(0.1919, device='cuda:0', grad_fn=<DivBackward0>)
Memory status after this epoch: 
Memory allocated:  239.64697265625
Memory cached:  480.0
[I 2023-11-17 13:01:20,340] Trial 1 finished with value: 0.1917579025030136 and parameters: {'W_layers': 3, 'W_layer_units_exponent_0': 7, 'W_layer_units_exponent_1': 6, 'W_layer_units_exponent_2': 4, 'D_layers': 4, 'D_layer_units_exponent_0': 9, 'D_layer_units_exponent_1': 8, 'D_layer_units_exponent_2': 9, 'D_layer_units_exponent_3': 8, 'log_learning_rate': -2.2306662229039604, 'log_learning_rate_D': -1.8811376058516553, 'training_batch_size': 10, 'training_p': 4}. Best is trial 0 with value: 0.1914600431919098.
Time for this trial:  123.68708419799805
Memory status after this trial: 
Memory allocated:  466.91015625
Memory cached:  478.0
--------------------  Trial  2   --------------------
Start timing: 
Parameters: 
{'W_layers': 7, 'W_layer_units_exponent_0': 8, 'W_layer_units_exponent_1': 5, 'W_layer_units_exponent_2': 9, 'W_layer_units_exponent_3': 9, 'W_layer_units_exponent_4': 7, 'W_layer_units_exponent_5': 8, 'W_layer_units_exponent_6': 8, 'D_layers': 3, 'D_layer_units_exponent_0': 7, 'D_layer_units_exponent_1': 6, 'D_layer_units_exponent_2': 5, 'log_learning_rate': -2.657759205703355, 'log_learning_rate_D': -2.0790633651455916, 'training_batch_size': 7, 'training_p': 6}
	 epoch  0 training error:  tensor(0.9988, device='cuda:0', grad_fn=<DivBackward0>)
	 epoch  0 test error:  tensor(0.2362, device='cuda:0', grad_fn=<DivBackward0>)
Memory status after this epoch: 
Memory allocated:  264.6015625
Memory cached:  396.0
	 epoch  10 training error:  tensor(0.9957, device='cuda:0', grad_fn=<DivBackward0>)
	 epoch  10 test error:  tensor(0.1951, device='cuda:0', grad_fn=<DivBackward0>)
Memory status after this epoch: 
Memory allocated:  264.2265625
Memory cached:  524.0
	 epoch  20 training error:  tensor(1.0002, device='cuda:0', grad_fn=<DivBackward0>)
	 epoch  20 test error:  tensor(0.1921, device='cuda:0', grad_fn=<DivBackward0>)
Memory status after this epoch: 
Memory allocated:  264.6015625
Memory cached:  524.0
	 epoch  30 training error:  tensor(0.9979, device='cuda:0', grad_fn=<DivBackward0>)
	 epoch  30 test error:  tensor(0.1919, device='cuda:0', grad_fn=<DivBackward0>)
Memory status after this epoch: 
Memory allocated:  264.2265625
Memory cached:  524.0
	 epoch  40 training error:  tensor(0.9927, device='cuda:0', grad_fn=<DivBackward0>)
	 epoch  40 test error:  tensor(0.1917, device='cuda:0', grad_fn=<DivBackward0>)
Memory status after this epoch: 
Memory allocated:  264.9765625
Memory cached:  524.0
	 epoch  50 training error:  tensor(0.9911, device='cuda:0', grad_fn=<DivBackward0>)
	 epoch  50 test error:  tensor(0.1920, device='cuda:0', grad_fn=<DivBackward0>)
Memory status after this epoch: 
Memory allocated:  264.2265625
Memory cached:  524.0
	 epoch  60 training error:  tensor(0.9913, device='cuda:0', grad_fn=<DivBackward0>)
	 epoch  60 test error:  tensor(0.1916, device='cuda:0', grad_fn=<DivBackward0>)
Memory status after this epoch: 
Memory allocated:  264.5078125
Memory cached:  524.0
	 epoch  70 training error:  tensor(0.9911, device='cuda:0', grad_fn=<DivBackward0>)
	 epoch  70 test error:  tensor(0.1916, device='cuda:0', grad_fn=<DivBackward0>)
Memory status after this epoch: 
Memory allocated:  264.3203125
Memory cached:  524.0
	 epoch  80 training error:  tensor(0.9911, device='cuda:0', grad_fn=<DivBackward0>)
	 epoch  80 test error:  tensor(0.1917, device='cuda:0', grad_fn=<DivBackward0>)
Memory status after this epoch: 
Memory allocated:  264.8828125
Memory cached:  524.0
	 epoch  90 training error:  tensor(0.9911, device='cuda:0', grad_fn=<DivBackward0>)
	 epoch  90 test error:  tensor(0.1917, device='cuda:0', grad_fn=<DivBackward0>)
Memory status after this epoch: 
Memory allocated:  263.8515625
Memory cached:  524.0
[I 2023-11-17 13:03:55,861] Trial 2 finished with value: 0.19168266654014587 and parameters: {'W_layers': 7, 'W_layer_units_exponent_0': 8, 'W_layer_units_exponent_1': 5, 'W_layer_units_exponent_2': 9, 'W_layer_units_exponent_3': 9, 'W_layer_units_exponent_4': 7, 'W_layer_units_exponent_5': 8, 'W_layer_units_exponent_6': 8, 'D_layers': 3, 'D_layer_units_exponent_0': 7, 'D_layer_units_exponent_1': 6, 'D_layer_units_exponent_2': 5, 'log_learning_rate': -2.657759205703355, 'log_learning_rate_D': -2.0790633651455916, 'training_batch_size': 7, 'training_p': 6}. Best is trial 0 with value: 0.1914600431919098.
Time for this trial:  155.35355162620544
Memory status after this trial: 
Memory allocated:  515.0234375
Memory cached:  526.0
--------------------  Trial  3   --------------------
Start timing: 
Parameters: 
{'W_layers': 7, 'W_layer_units_exponent_0': 7, 'W_layer_units_exponent_1': 6, 'W_layer_units_exponent_2': 5, 'W_layer_units_exponent_3': 7, 'W_layer_units_exponent_4': 5, 'W_layer_units_exponent_5': 6, 'W_layer_units_exponent_6': 7, 'D_layers': 7, 'D_layer_units_exponent_0': 6, 'D_layer_units_exponent_1': 5, 'D_layer_units_exponent_2': 7, 'D_layer_units_exponent_3': 8, 'D_layer_units_exponent_4': 10, 'D_layer_units_exponent_5': 6, 'D_layer_units_exponent_6': 7, 'log_learning_rate': -3.616617713476273, 'log_learning_rate_D': -1.2856281884435674, 'training_batch_size': 10, 'training_p': 4}
	 epoch  0 training error:  tensor(0.9991, device='cuda:0', grad_fn=<DivBackward0>)
	 epoch  0 test error:  tensor(0.1920, device='cuda:0', grad_fn=<DivBackward0>)
Memory status after this epoch: 
Memory allocated:  266.9326171875
Memory cached:  400.0
	 epoch  10 training error:  tensor(0.9964, device='cuda:0', grad_fn=<DivBackward0>)
	 epoch  10 test error:  tensor(0.1916, device='cuda:0', grad_fn=<DivBackward0>)
Memory status after this epoch: 
Memory allocated:  269.1826171875
Memory cached:  532.0
	 epoch  20 training error:  tensor(0.9917, device='cuda:0', grad_fn=<DivBackward0>)
	 epoch  20 test error:  tensor(0.1915, device='cuda:0', grad_fn=<DivBackward0>)
Memory status after this epoch: 
Memory allocated:  266.8388671875
Memory cached:  532.0
	 epoch  30 training error:  tensor(0.9917, device='cuda:0', grad_fn=<DivBackward0>)
	 epoch  30 test error:  tensor(0.1915, device='cuda:0', grad_fn=<DivBackward0>)
Memory status after this epoch: 
Memory allocated:  269.1826171875
Memory cached:  532.0
	 epoch  40 training error:  tensor(0.9917, device='cuda:0', grad_fn=<DivBackward0>)
	 epoch  40 test error:  tensor(0.1915, device='cuda:0', grad_fn=<DivBackward0>)
Memory status after this epoch: 
Memory allocated:  266.8388671875
Memory cached:  534.0
	 epoch  50 training error:  tensor(0.9917, device='cuda:0', grad_fn=<DivBackward0>)
	 epoch  50 test error:  tensor(0.1915, device='cuda:0', grad_fn=<DivBackward0>)
Memory status after this epoch: 
Memory allocated:  268.9013671875
Memory cached:  534.0
	 epoch  60 training error:  tensor(0.9917, device='cuda:0', grad_fn=<DivBackward0>)
	 epoch  60 test error:  tensor(0.1915, device='cuda:0', grad_fn=<DivBackward0>)
Memory status after this epoch: 
Memory allocated:  267.2138671875
Memory cached:  534.0
	 epoch  70 training error:  tensor(0.9917, device='cuda:0', grad_fn=<DivBackward0>)
	 epoch  70 test error:  tensor(0.1915, device='cuda:0', grad_fn=<DivBackward0>)
Memory status after this epoch: 
Memory allocated:  268.9013671875
Memory cached:  534.0
	 epoch  80 training error:  tensor(0.9917, device='cuda:0', grad_fn=<DivBackward0>)
	 epoch  80 test error:  tensor(0.1915, device='cuda:0', grad_fn=<DivBackward0>)
Memory status after this epoch: 
Memory allocated:  266.7451171875
Memory cached:  534.0
	 epoch  90 training error:  tensor(0.9917, device='cuda:0', grad_fn=<DivBackward0>)
	 epoch  90 test error:  tensor(0.1915, device='cuda:0', grad_fn=<DivBackward0>)
Memory status after this epoch: 
Memory allocated:  269.3701171875
Memory cached:  534.0
