[I 2023-11-16 05:28:27,073] Trial 37 finished with value: 0.032010406255722046 and parameters: {'W_layers': 6, 'W_layer_units_exponent_0': 7, 'W_layer_units_exponent_1': 8, 'W_layer_units_exponent_2': 9, 'W_layer_units_exponent_3': 4, 'W_layer_units_exponent_4': 4, 'W_layer_units_exponent_5': 8, 'D_layers': 6, 'D_layer_units_exponent_0': 4, 'D_layer_units_exponent_1': 8, 'D_layer_units_exponent_2': 10, 'D_layer_units_exponent_3': 4, 'D_layer_units_exponent_4': 7, 'D_layer_units_exponent_5': 4, 'log_learning_rate': -4.120656253134126, 'log_learning_rate_D': -3.8684947414173627, 'training_batch_size': 6, 'training_p': 5}. Best is trial 9 with value: 0.03132004663348198.
Time for this trial:  298.8137183189392
Memory status after this trial: 
Memory allocated:  895.07763671875
Memory cached:  904.0
--------------------  Trial  38   --------------------
Start timing: 
Parameters: 
{'W_layers': 3, 'W_layer_units_exponent_0': 4, 'W_layer_units_exponent_1': 6, 'W_layer_units_exponent_2': 7, 'D_layers': 5, 'D_layer_units_exponent_0': 8, 'D_layer_units_exponent_1': 7, 'D_layer_units_exponent_2': 8, 'D_layer_units_exponent_3': 7, 'D_layer_units_exponent_4': 9, 'log_learning_rate': -4.527102023525016, 'log_learning_rate_D': -4.880518233976488, 'training_batch_size': 12, 'training_p': 3}
	 epoch  0 training error:  tensor(1.3795, device='cuda:0', grad_fn=<DivBackward0>)
	 epoch  0 test error:  tensor(0.0922, device='cuda:0', grad_fn=<DivBackward0>)
Memory status after this epoch: 
Memory allocated:  403.29296875
Memory cached:  686.0
	 epoch  10 training error:  tensor(0.9147, device='cuda:0', grad_fn=<DivBackward0>)
	 epoch  10 test error:  tensor(0.0688, device='cuda:0', grad_fn=<DivBackward0>)
Memory status after this epoch: 
Memory allocated:  401.18359375
Memory cached:  776.0
	 epoch  20 training error:  tensor(0.9285, device='cuda:0', grad_fn=<DivBackward0>)
	 epoch  20 test error:  tensor(0.0683, device='cuda:0', grad_fn=<DivBackward0>)
Memory status after this epoch: 
Memory allocated:  403.29296875
Memory cached:  780.0
	 epoch  30 training error:  tensor(0.9087, device='cuda:0', grad_fn=<DivBackward0>)
	 epoch  30 test error:  tensor(0.0680, device='cuda:0', grad_fn=<DivBackward0>)
Memory status after this epoch: 
Memory allocated:  401.18359375
Memory cached:  776.0
	 epoch  40 training error:  tensor(0.8924, device='cuda:0', grad_fn=<DivBackward0>)
	 epoch  40 test error:  tensor(0.0668, device='cuda:0', grad_fn=<DivBackward0>)
Memory status after this epoch: 
Memory allocated:  403.29296875
Memory cached:  776.0
	 epoch  50 training error:  tensor(0.8881, device='cuda:0', grad_fn=<DivBackward0>)
	 epoch  50 test error:  tensor(0.0664, device='cuda:0', grad_fn=<DivBackward0>)
Memory status after this epoch: 
Memory allocated:  401.18359375
Memory cached:  778.0
	 epoch  60 training error:  tensor(0.8833, device='cuda:0', grad_fn=<DivBackward0>)
	 epoch  60 test error:  tensor(0.0661, device='cuda:0', grad_fn=<DivBackward0>)
Memory status after this epoch: 
Memory allocated:  403.29296875
Memory cached:  780.0
	 epoch  70 training error:  tensor(0.8771, device='cuda:0', grad_fn=<DivBackward0>)
	 epoch  70 test error:  tensor(0.0657, device='cuda:0', grad_fn=<DivBackward0>)
Memory status after this epoch: 
Memory allocated:  401.18359375
Memory cached:  776.0
	 epoch  80 training error:  tensor(0.8676, device='cuda:0', grad_fn=<DivBackward0>)
	 epoch  80 test error:  tensor(0.0650, device='cuda:0', grad_fn=<DivBackward0>)
Memory status after this epoch: 
Memory allocated:  403.29296875
Memory cached:  776.0
	 epoch  90 training error:  tensor(0.8557, device='cuda:0', grad_fn=<DivBackward0>)
	 epoch  90 test error:  tensor(0.0641, device='cuda:0', grad_fn=<DivBackward0>)
Memory status after this epoch: 
Memory allocated:  401.18359375
Memory cached:  776.0
[I 2023-11-16 05:30:44,184] Trial 38 finished with value: 0.06327182054519653 and parameters: {'W_layers': 3, 'W_layer_units_exponent_0': 4, 'W_layer_units_exponent_1': 6, 'W_layer_units_exponent_2': 7, 'D_layers': 5, 'D_layer_units_exponent_0': 8, 'D_layer_units_exponent_1': 7, 'D_layer_units_exponent_2': 8, 'D_layer_units_exponent_3': 7, 'D_layer_units_exponent_4': 9, 'log_learning_rate': -4.527102023525016, 'log_learning_rate_D': -4.880518233976488, 'training_batch_size': 12, 'training_p': 3}. Best is trial 9 with value: 0.03132004663348198.
Time for this trial:  136.84602165222168
Memory status after this trial: 
Memory allocated:  768.64013671875
Memory cached:  776.0
--------------------  Trial  39   --------------------
Start timing: 
Parameters: 
{'W_layers': 4, 'W_layer_units_exponent_0': 5, 'W_layer_units_exponent_1': 6, 'W_layer_units_exponent_2': 8, 'W_layer_units_exponent_3': 9, 'D_layers': 8, 'D_layer_units_exponent_0': 5, 'D_layer_units_exponent_1': 6, 'D_layer_units_exponent_2': 5, 'D_layer_units_exponent_3': 9, 'D_layer_units_exponent_4': 4, 'D_layer_units_exponent_5': 6, 'D_layer_units_exponent_6': 5, 'D_layer_units_exponent_7': 4, 'log_learning_rate': -3.2458938016867176, 'log_learning_rate_D': -2.931094113852408, 'training_batch_size': 7, 'training_p': 8}
	 epoch  0 training error:  tensor(0.8182, device='cuda:0', grad_fn=<DivBackward0>)
	 epoch  0 test error:  tensor(0.9900, device='cuda:0', grad_fn=<DivBackward0>)
Memory status after this epoch: 
Memory allocated:  409.45361328125
Memory cached:  694.0
	 epoch  10 training error:  tensor(2.4688, device='cuda:0', grad_fn=<DivBackward0>)
	 epoch  10 test error:  tensor(0.1318, device='cuda:0', grad_fn=<DivBackward0>)
Memory status after this epoch: 
Memory allocated:  411.56298828125
Memory cached:  792.0
	 epoch  20 training error:  tensor(0.5159, device='cuda:0', grad_fn=<DivBackward0>)
	 epoch  20 test error:  tensor(0.0411, device='cuda:0', grad_fn=<DivBackward0>)
Memory status after this epoch: 
Memory allocated:  409.45361328125
Memory cached:  794.0
	 epoch  30 training error:  tensor(0.4307, device='cuda:0', grad_fn=<DivBackward0>)
	 epoch  30 test error:  tensor(0.0316, device='cuda:0', grad_fn=<DivBackward0>)
Memory status after this epoch: 
Memory allocated:  411.56298828125
Memory cached:  792.0
	 epoch  40 training error:  tensor(0.3636, device='cuda:0', grad_fn=<DivBackward0>)
	 epoch  40 test error:  tensor(0.0330, device='cuda:0', grad_fn=<DivBackward0>)
Memory status after this epoch: 
Memory allocated:  409.45361328125
Memory cached:  792.0
	 epoch  50 training error:  tensor(0.3464, device='cuda:0', grad_fn=<DivBackward0>)
	 epoch  50 test error:  tensor(0.0314, device='cuda:0', grad_fn=<DivBackward0>)
Memory status after this epoch: 
Memory allocated:  411.56298828125
Memory cached:  792.0
	 epoch  60 training error:  tensor(0.3331, device='cuda:0', grad_fn=<DivBackward0>)
	 epoch  60 test error:  tensor(0.0329, device='cuda:0', grad_fn=<DivBackward0>)
Memory status after this epoch: 
Memory allocated:  409.45361328125
Memory cached:  792.0
	 epoch  70 training error:  tensor(0.3302, device='cuda:0', grad_fn=<DivBackward0>)
	 epoch  70 test error:  tensor(0.0313, device='cuda:0', grad_fn=<DivBackward0>)
Memory status after this epoch: 
Memory allocated:  411.56298828125
Memory cached:  792.0
	 epoch  80 training error:  tensor(0.3290, device='cuda:0', grad_fn=<DivBackward0>)
	 epoch  80 test error:  tensor(0.0317, device='cuda:0', grad_fn=<DivBackward0>)
Memory status after this epoch: 
Memory allocated:  409.45361328125
Memory cached:  794.0
	 epoch  90 training error:  tensor(0.3282, device='cuda:0', grad_fn=<DivBackward0>)
	 epoch  90 test error:  tensor(0.0317, device='cuda:0', grad_fn=<DivBackward0>)
Memory status after this epoch: 
Memory allocated:  411.56298828125
Memory cached:  794.0
[I 2023-11-16 05:33:34,413] Trial 39 finished with value: 0.03158676251769066 and parameters: {'W_layers': 4, 'W_layer_units_exponent_0': 5, 'W_layer_units_exponent_1': 6, 'W_layer_units_exponent_2': 8, 'W_layer_units_exponent_3': 9, 'D_layers': 8, 'D_layer_units_exponent_0': 5, 'D_layer_units_exponent_1': 6, 'D_layer_units_exponent_2': 5, 'D_layer_units_exponent_3': 9, 'D_layer_units_exponent_4': 4, 'D_layer_units_exponent_5': 6, 'D_layer_units_exponent_6': 5, 'D_layer_units_exponent_7': 4, 'log_learning_rate': -3.2458938016867176, 'log_learning_rate_D': -2.931094113852408, 'training_batch_size': 7, 'training_p': 8}. Best is trial 9 with value: 0.03132004663348198.
Time for this trial:  169.9474127292633
Memory status after this trial: 
Memory allocated:  784.97216796875
Memory cached:  794.0
--------------------  Trial  40   --------------------
Start timing: 
Parameters: 
{'W_layers': 5, 'W_layer_units_exponent_0': 6, 'W_layer_units_exponent_1': 7, 'W_layer_units_exponent_2': 9, 'W_layer_units_exponent_3': 7, 'W_layer_units_exponent_4': 7, 'D_layers': 8, 'D_layer_units_exponent_0': 9, 'D_layer_units_exponent_1': 8, 'D_layer_units_exponent_2': 10, 'D_layer_units_exponent_3': 4, 'D_layer_units_exponent_4': 10, 'D_layer_units_exponent_5': 8, 'D_layer_units_exponent_6': 8, 'D_layer_units_exponent_7': 7, 'log_learning_rate': -2.9018454366055737, 'log_learning_rate_D': -4.117994597006639, 'training_batch_size': 11, 'training_p': 7}
	 epoch  0 training error:  tensor(1.4251, device='cuda:0', grad_fn=<DivBackward0>)
	 epoch  0 test error:  tensor(1.2824, device='cuda:0', grad_fn=<DivBackward0>)
Memory status after this epoch: 
Memory allocated:  571.13037109375
Memory cached:  854.0
	 epoch  10 training error:  tensor(1.5871, device='cuda:0', grad_fn=<DivBackward0>)
	 epoch  10 test error:  tensor(0.0908, device='cuda:0', grad_fn=<DivBackward0>)
Memory status after this epoch: 
Memory allocated:  569.02099609375
Memory cached:  1100.0
	 epoch  20 training error:  tensor(0.8757, device='cuda:0', grad_fn=<DivBackward0>)
	 epoch  20 test error:  tensor(0.0734, device='cuda:0', grad_fn=<DivBackward0>)
Memory status after this epoch: 
Memory allocated:  571.13037109375
Memory cached:  1100.0
	 epoch  30 training error:  tensor(0.4316, device='cuda:0', grad_fn=<DivBackward0>)
	 epoch  30 test error:  tensor(0.0323, device='cuda:0', grad_fn=<DivBackward0>)
Memory status after this epoch: 
Memory allocated:  569.02099609375
Memory cached:  1100.0
	 epoch  40 training error:  tensor(0.3584, device='cuda:0', grad_fn=<DivBackward0>)
	 epoch  40 test error:  tensor(0.0355, device='cuda:0', grad_fn=<DivBackward0>)
Memory status after this epoch: 
Memory allocated:  571.13037109375
Memory cached:  1100.0
	 epoch  50 training error:  tensor(0.3493, device='cuda:0', grad_fn=<DivBackward0>)
	 epoch  50 test error:  tensor(0.0326, device='cuda:0', grad_fn=<DivBackward0>)
Memory status after this epoch: 
Memory allocated:  569.02099609375
Memory cached:  1100.0
	 epoch  60 training error:  tensor(0.3438, device='cuda:0', grad_fn=<DivBackward0>)
	 epoch  60 test error:  tensor(0.0320, device='cuda:0', grad_fn=<DivBackward0>)
Memory status after this epoch: 
Memory allocated:  571.13037109375
Memory cached:  1100.0
	 epoch  70 training error:  tensor(0.3402, device='cuda:0', grad_fn=<DivBackward0>)
	 epoch  70 test error:  tensor(0.0315, device='cuda:0', grad_fn=<DivBackward0>)
Memory status after this epoch: 
Memory allocated:  569.02099609375
Memory cached:  1100.0
	 epoch  80 training error:  tensor(0.3378, device='cuda:0', grad_fn=<DivBackward0>)
	 epoch  80 test error:  tensor(0.0317, device='cuda:0', grad_fn=<DivBackward0>)
Memory status after this epoch: 
Memory allocated:  571.13037109375
Memory cached:  1100.0
	 epoch  90 training error:  tensor(0.3360, device='cuda:0', grad_fn=<DivBackward0>)
	 epoch  90 test error:  tensor(0.0318, device='cuda:0', grad_fn=<DivBackward0>)
Memory status after this epoch: 
Memory allocated:  569.02099609375
Memory cached:  1102.0
[I 2023-11-16 05:36:50,916] Trial 40 finished with value: 0.03177345171570778 and parameters: {'W_layers': 5, 'W_layer_units_exponent_0': 6, 'W_layer_units_exponent_1': 7, 'W_layer_units_exponent_2': 9, 'W_layer_units_exponent_3': 7, 'W_layer_units_exponent_4': 7, 'D_layers': 8, 'D_layer_units_exponent_0': 9, 'D_layer_units_exponent_1': 8, 'D_layer_units_exponent_2': 10, 'D_layer_units_exponent_3': 4, 'D_layer_units_exponent_4': 10, 'D_layer_units_exponent_5': 8, 'D_layer_units_exponent_6': 8, 'D_layer_units_exponent_7': 7, 'log_learning_rate': -2.9018454366055737, 'log_learning_rate_D': -4.117994597006639, 'training_batch_size': 11, 'training_p': 7}. Best is trial 9 with value: 0.03132004663348198.
Time for this trial:  196.2075080871582
Memory status after this trial: 
Memory allocated:  1086.64013671875
Memory cached:  1100.0
--------------------  Trial  41   --------------------
Start timing: 
Parameters: 
{'W_layers': 5, 'W_layer_units_exponent_0': 6, 'W_layer_units_exponent_1': 5, 'W_layer_units_exponent_2': 10, 'W_layer_units_exponent_3': 4, 'W_layer_units_exponent_4': 6, 'D_layers': 7, 'D_layer_units_exponent_0': 7, 'D_layer_units_exponent_1': 7, 'D_layer_units_exponent_2': 9, 'D_layer_units_exponent_3': 5, 'D_layer_units_exponent_4': 7, 'D_layer_units_exponent_5': 4, 'D_layer_units_exponent_6': 4, 'log_learning_rate': -3.4855355543615136, 'log_learning_rate_D': -3.1133542413470243, 'training_batch_size': 6, 'training_p': 7}
	 epoch  0 training error:  tensor(1.3795, device='cuda:0', grad_fn=<DivBackward0>)
	 epoch  0 test error:  tensor(0.4291, device='cuda:0', grad_fn=<DivBackward0>)
Memory status after this epoch: 
Memory allocated:  437.34521484375
Memory cached:  722.0
	 epoch  10 training error:  tensor(0.7862, device='cuda:0', grad_fn=<DivBackward0>)
	 epoch  10 test error:  tensor(0.0750, device='cuda:0', grad_fn=<DivBackward0>)
Memory status after this epoch: 
Memory allocated:  439.45458984375
Memory cached:  848.0
	 epoch  20 training error:  tensor(0.4107, device='cuda:0', grad_fn=<DivBackward0>)
	 epoch  20 test error:  tensor(0.0406, device='cuda:0', grad_fn=<DivBackward0>)
Memory status after this epoch: 
Memory allocated:  437.34521484375
Memory cached:  848.0
	 epoch  30 training error:  tensor(0.3498, device='cuda:0', grad_fn=<DivBackward0>)
	 epoch  30 test error:  tensor(0.0327, device='cuda:0', grad_fn=<DivBackward0>)
Memory status after this epoch: 
Memory allocated:  439.45458984375
Memory cached:  848.0
	 epoch  40 training error:  tensor(0.3371, device='cuda:0', grad_fn=<DivBackward0>)
	 epoch  40 test error:  tensor(0.0321, device='cuda:0', grad_fn=<DivBackward0>)
Memory status after this epoch: 
Memory allocated:  437.34521484375
Memory cached:  848.0
	 epoch  50 training error:  tensor(0.3338, device='cuda:0', grad_fn=<DivBackward0>)
	 epoch  50 test error:  tensor(0.0316, device='cuda:0', grad_fn=<DivBackward0>)
Memory status after this epoch: 
Memory allocated:  439.45458984375
Memory cached:  848.0
	 epoch  60 training error:  tensor(0.3334, device='cuda:0', grad_fn=<DivBackward0>)
	 epoch  60 test error:  tensor(0.0318, device='cuda:0', grad_fn=<DivBackward0>)
Memory status after this epoch: 
Memory allocated:  437.34521484375
Memory cached:  848.0
	 epoch  70 training error:  tensor(0.3338, device='cuda:0', grad_fn=<DivBackward0>)
	 epoch  70 test error:  tensor(0.0324, device='cuda:0', grad_fn=<DivBackward0>)
Memory status after this epoch: 
Memory allocated:  439.45458984375
Memory cached:  848.0
	 epoch  80 training error:  tensor(0.3340, device='cuda:0', grad_fn=<DivBackward0>)
	 epoch  80 test error:  tensor(0.0318, device='cuda:0', grad_fn=<DivBackward0>)
Memory status after this epoch: 
Memory allocated:  437.34521484375
Memory cached:  848.0
	 epoch  90 training error:  tensor(0.3334, device='cuda:0', grad_fn=<DivBackward0>)
	 epoch  90 test error:  tensor(0.0320, device='cuda:0', grad_fn=<DivBackward0>)
Memory status after this epoch: 
Memory allocated:  439.45458984375
Memory cached:  848.0
[I 2023-11-16 05:41:47,928] Trial 41 finished with value: 0.03179245814681053 and parameters: {'W_layers': 5, 'W_layer_units_exponent_0': 6, 'W_layer_units_exponent_1': 5, 'W_layer_units_exponent_2': 10, 'W_layer_units_exponent_3': 4, 'W_layer_units_exponent_4': 6, 'D_layers': 7, 'D_layer_units_exponent_0': 7, 'D_layer_units_exponent_1': 7, 'D_layer_units_exponent_2': 9, 'D_layer_units_exponent_3': 5, 'D_layer_units_exponent_4': 7, 'D_layer_units_exponent_5': 4, 'D_layer_units_exponent_6': 4, 'log_learning_rate': -3.4855355543615136, 'log_learning_rate_D': -3.1133542413470243, 'training_batch_size': 6, 'training_p': 7}. Best is trial 9 with value: 0.03132004663348198.
Time for this trial:  296.7073743343353
Memory status after this trial: 
Memory allocated:  841.31787109375
Memory cached:  848.0
--------------------  Trial  42   --------------------
Start timing: 
Parameters: 
{'W_layers': 5, 'W_layer_units_exponent_0': 6, 'W_layer_units_exponent_1': 5, 'W_layer_units_exponent_2': 10, 'W_layer_units_exponent_3': 4, 'W_layer_units_exponent_4': 5, 'D_layers': 7, 'D_layer_units_exponent_0': 7, 'D_layer_units_exponent_1': 6, 'D_layer_units_exponent_2': 9, 'D_layer_units_exponent_3': 5, 'D_layer_units_exponent_4': 8, 'D_layer_units_exponent_5': 4, 'D_layer_units_exponent_6': 5, 'log_learning_rate': -3.403165794996985, 'log_learning_rate_D': -2.763598561164588, 'training_batch_size': 6, 'training_p': 6}
	 epoch  0 training error:  tensor(1.4489, device='cuda:0', grad_fn=<DivBackward0>)
	 epoch  0 test error:  tensor(0.3292, device='cuda:0', grad_fn=<DivBackward0>)
Memory status after this epoch: 
Memory allocated:  441.27294921875
Memory cached:  724.0
	 epoch  10 training error:  tensor(0.3729, device='cuda:0', grad_fn=<DivBackward0>)
	 epoch  10 test error:  tensor(0.0361, device='cuda:0', grad_fn=<DivBackward0>)
Memory status after this epoch: 
Memory allocated:  439.16357421875
Memory cached:  852.0
	 epoch  20 training error:  tensor(0.3586, device='cuda:0', grad_fn=<DivBackward0>)
	 epoch  20 test error:  tensor(0.0323, device='cuda:0', grad_fn=<DivBackward0>)
Memory status after this epoch: 
Memory allocated:  441.27294921875
Memory cached:  852.0
	 epoch  30 training error:  tensor(0.3426, device='cuda:0', grad_fn=<DivBackward0>)
	 epoch  30 test error:  tensor(0.0321, device='cuda:0', grad_fn=<DivBackward0>)
Memory status after this epoch: 
Memory allocated:  439.16357421875
Memory cached:  852.0
	 epoch  40 training error:  tensor(0.3413, device='cuda:0', grad_fn=<DivBackward0>)
	 epoch  40 test error:  tensor(0.0316, device='cuda:0', grad_fn=<DivBackward0>)
Memory status after this epoch: 
Memory allocated:  441.27294921875
Memory cached:  852.0
	 epoch  50 training error:  tensor(0.3403, device='cuda:0', grad_fn=<DivBackward0>)
	 epoch  50 test error:  tensor(0.0320, device='cuda:0', grad_fn=<DivBackward0>)
Memory status after this epoch: 
Memory allocated:  439.16357421875
Memory cached:  852.0
	 epoch  60 training error:  tensor(0.3403, device='cuda:0', grad_fn=<DivBackward0>)
	 epoch  60 test error:  tensor(0.0322, device='cuda:0', grad_fn=<DivBackward0>)
Memory status after this epoch: 
Memory allocated:  441.27294921875
Memory cached:  852.0
	 epoch  70 training error:  tensor(0.3417, device='cuda:0', grad_fn=<DivBackward0>)
	 epoch  70 test error:  tensor(0.0326, device='cuda:0', grad_fn=<DivBackward0>)
Memory status after this epoch: 
Memory allocated:  439.16357421875
Memory cached:  852.0
	 epoch  80 training error:  tensor(0.3398, device='cuda:0', grad_fn=<DivBackward0>)
	 epoch  80 test error:  tensor(0.0332, device='cuda:0', grad_fn=<DivBackward0>)
Memory status after this epoch: 
Memory allocated:  441.27294921875
Memory cached:  852.0
	 epoch  90 training error:  tensor(0.3394, device='cuda:0', grad_fn=<DivBackward0>)
	 epoch  90 test error:  tensor(0.0317, device='cuda:0', grad_fn=<DivBackward0>)
Memory status after this epoch: 
Memory allocated:  439.16357421875
Memory cached:  852.0
