[I 2023-11-10 15:20:13,024] Trial 16 finished with value: 0.03846630081534386 and parameters: {'W_layers': 5, 'W_layer_units_exponent_0': 4, 'W_layer_units_exponent_1': 6, 'W_layer_units_exponent_2': 7, 'W_layer_units_exponent_3': 8, 'W_layer_units_exponent_4': 6, 'D_layers': 4, 'D_layer_units_exponent_0': 6, 'D_layer_units_exponent_1': 8, 'D_layer_units_exponent_2': 5, 'D_layer_units_exponent_3': 10, 'log_learning_rate': -3.5513009109151072, 'log_learning_rate_D': -2.288182484651305, 'training_batch_size': 10, 'training_p': 5}. Best is trial 6 with value: 0.037854500114917755.
Time for this trial:  149.26408886909485
Memory status after this trial: 
Memory allocated:  712.18505859375
Memory cached:  718.0
--------------------  Trial  17   --------------------
Start timing: 
Parameters: 
{'W_layers': 3, 'W_layer_units_exponent_0': 8, 'W_layer_units_exponent_1': 8, 'W_layer_units_exponent_2': 5, 'D_layers': 7, 'D_layer_units_exponent_0': 9, 'D_layer_units_exponent_1': 8, 'D_layer_units_exponent_2': 6, 'D_layer_units_exponent_3': 8, 'D_layer_units_exponent_4': 5, 'D_layer_units_exponent_5': 7, 'D_layer_units_exponent_6': 8, 'log_learning_rate': -4.471838457358957, 'log_learning_rate_D': -4.26560934298651, 'training_batch_size': 9, 'training_p': 8}
	 epoch  0 training error:  tensor(5.2534, device='cuda:0', grad_fn=<DivBackward0>)
	 epoch  0 test error:  tensor(0.3990, device='cuda:0', grad_fn=<DivBackward0>)
Memory status after this epoch: 
Memory allocated:  372.54736328125
Memory cached:  616.0
	 epoch  10 training error:  tensor(2.0551, device='cuda:0', grad_fn=<DivBackward0>)
	 epoch  10 test error:  tensor(0.1538, device='cuda:0', grad_fn=<DivBackward0>)
Memory status after this epoch: 
Memory allocated:  376.43798828125
Memory cached:  734.0
	 epoch  20 training error:  tensor(1.2756, device='cuda:0', grad_fn=<DivBackward0>)
	 epoch  20 test error:  tensor(0.0898, device='cuda:0', grad_fn=<DivBackward0>)
Memory status after this epoch: 
Memory allocated:  372.54736328125
Memory cached:  734.0
	 epoch  30 training error:  tensor(0.7073, device='cuda:0', grad_fn=<DivBackward0>)
	 epoch  30 test error:  tensor(0.0566, device='cuda:0', grad_fn=<DivBackward0>)
Memory status after this epoch: 
Memory allocated:  376.43798828125
Memory cached:  734.0
	 epoch  40 training error:  tensor(0.6063, device='cuda:0', grad_fn=<DivBackward0>)
	 epoch  40 test error:  tensor(0.0410, device='cuda:0', grad_fn=<DivBackward0>)
Memory status after this epoch: 
Memory allocated:  372.54736328125
Memory cached:  736.0
	 epoch  50 training error:  tensor(0.5640, device='cuda:0', grad_fn=<DivBackward0>)
	 epoch  50 test error:  tensor(0.0383, device='cuda:0', grad_fn=<DivBackward0>)
Memory status after this epoch: 
Memory allocated:  376.43798828125
Memory cached:  736.0
	 epoch  60 training error:  tensor(0.5270, device='cuda:0', grad_fn=<DivBackward0>)
	 epoch  60 test error:  tensor(0.0377, device='cuda:0', grad_fn=<DivBackward0>)
Memory status after this epoch: 
Memory allocated:  372.54736328125
Memory cached:  736.0
	 epoch  70 training error:  tensor(0.5086, device='cuda:0', grad_fn=<DivBackward0>)
	 epoch  70 test error:  tensor(0.0380, device='cuda:0', grad_fn=<DivBackward0>)
Memory status after this epoch: 
Memory allocated:  376.43798828125
Memory cached:  736.0
	 epoch  80 training error:  tensor(0.5012, device='cuda:0', grad_fn=<DivBackward0>)
	 epoch  80 test error:  tensor(0.0375, device='cuda:0', grad_fn=<DivBackward0>)
Memory status after this epoch: 
Memory allocated:  372.54736328125
Memory cached:  736.0
	 epoch  90 training error:  tensor(0.4936, device='cuda:0', grad_fn=<DivBackward0>)
	 epoch  90 test error:  tensor(0.0374, device='cuda:0', grad_fn=<DivBackward0>)
Memory status after this epoch: 
Memory allocated:  376.43798828125
Memory cached:  736.0
[I 2023-11-10 15:22:46,806] Trial 17 finished with value: 0.03733406588435173 and parameters: {'W_layers': 3, 'W_layer_units_exponent_0': 8, 'W_layer_units_exponent_1': 8, 'W_layer_units_exponent_2': 5, 'D_layers': 7, 'D_layer_units_exponent_0': 9, 'D_layer_units_exponent_1': 8, 'D_layer_units_exponent_2': 6, 'D_layer_units_exponent_3': 8, 'D_layer_units_exponent_4': 5, 'D_layer_units_exponent_5': 7, 'D_layer_units_exponent_6': 8, 'log_learning_rate': -4.471838457358957, 'log_learning_rate_D': -4.26560934298651, 'training_batch_size': 9, 'training_p': 8}. Best is trial 17 with value: 0.03733406588435173.
Time for this trial:  153.48870396614075
Memory status after this trial: 
Memory allocated:  728.36669921875
Memory cached:  734.0
--------------------  Trial  18   --------------------
Start timing: 
Parameters: 
{'W_layers': 3, 'W_layer_units_exponent_0': 8, 'W_layer_units_exponent_1': 8, 'W_layer_units_exponent_2': 5, 'D_layers': 6, 'D_layer_units_exponent_0': 9, 'D_layer_units_exponent_1': 10, 'D_layer_units_exponent_2': 6, 'D_layer_units_exponent_3': 7, 'D_layer_units_exponent_4': 8, 'D_layer_units_exponent_5': 10, 'log_learning_rate': -4.320207658333901, 'log_learning_rate_D': -4.449315823112846, 'training_batch_size': 7, 'training_p': 8}
	 epoch  0 training error:  tensor(5.0660, device='cuda:0', grad_fn=<DivBackward0>)
	 epoch  0 test error:  tensor(0.3508, device='cuda:0', grad_fn=<DivBackward0>)
Memory status after this epoch: 
Memory allocated:  466.240234375
Memory cached:  714.0
	 epoch  10 training error:  tensor(1.0291, device='cuda:0', grad_fn=<DivBackward0>)
	 epoch  10 test error:  tensor(0.0760, device='cuda:0', grad_fn=<DivBackward0>)
Memory status after this epoch: 
Memory allocated:  463.896484375
Memory cached:  912.0
	 epoch  20 training error:  tensor(1.2752, device='cuda:0', grad_fn=<DivBackward0>)
	 epoch  20 test error:  tensor(0.0927, device='cuda:0', grad_fn=<DivBackward0>)
Memory status after this epoch: 
Memory allocated:  465.865234375
Memory cached:  912.0
	 epoch  30 training error:  tensor(0.9690, device='cuda:0', grad_fn=<DivBackward0>)
	 epoch  30 test error:  tensor(0.0735, device='cuda:0', grad_fn=<DivBackward0>)
Memory status after this epoch: 
Memory allocated:  463.990234375
Memory cached:  912.0
	 epoch  40 training error:  tensor(0.7109, device='cuda:0', grad_fn=<DivBackward0>)
	 epoch  40 test error:  tensor(0.0515, device='cuda:0', grad_fn=<DivBackward0>)
Memory status after this epoch: 
Memory allocated:  465.865234375
Memory cached:  912.0
	 epoch  50 training error:  tensor(0.5553, device='cuda:0', grad_fn=<DivBackward0>)
	 epoch  50 test error:  tensor(0.0402, device='cuda:0', grad_fn=<DivBackward0>)
Memory status after this epoch: 
Memory allocated:  463.990234375
Memory cached:  912.0
	 epoch  60 training error:  tensor(0.4980, device='cuda:0', grad_fn=<DivBackward0>)
	 epoch  60 test error:  tensor(0.0363, device='cuda:0', grad_fn=<DivBackward0>)
Memory status after this epoch: 
Memory allocated:  465.865234375
Memory cached:  912.0
	 epoch  70 training error:  tensor(0.4793, device='cuda:0', grad_fn=<DivBackward0>)
	 epoch  70 test error:  tensor(0.0379, device='cuda:0', grad_fn=<DivBackward0>)
Memory status after this epoch: 
Memory allocated:  463.990234375
Memory cached:  912.0
	 epoch  80 training error:  tensor(0.4632, device='cuda:0', grad_fn=<DivBackward0>)
	 epoch  80 test error:  tensor(0.0383, device='cuda:0', grad_fn=<DivBackward0>)
Memory status after this epoch: 
Memory allocated:  465.865234375
Memory cached:  912.0
	 epoch  90 training error:  tensor(0.4557, device='cuda:0', grad_fn=<DivBackward0>)
	 epoch  90 test error:  tensor(0.0391, device='cuda:0', grad_fn=<DivBackward0>)
Memory status after this epoch: 
Memory allocated:  463.990234375
Memory cached:  912.0
[I 2023-11-10 15:25:21,293] Trial 18 finished with value: 0.039265431463718414 and parameters: {'W_layers': 3, 'W_layer_units_exponent_0': 8, 'W_layer_units_exponent_1': 8, 'W_layer_units_exponent_2': 5, 'D_layers': 6, 'D_layer_units_exponent_0': 9, 'D_layer_units_exponent_1': 10, 'D_layer_units_exponent_2': 6, 'D_layer_units_exponent_3': 7, 'D_layer_units_exponent_4': 8, 'D_layer_units_exponent_5': 10, 'log_learning_rate': -4.320207658333901, 'log_learning_rate_D': -4.449315823112846, 'training_batch_size': 7, 'training_p': 8}. Best is trial 17 with value: 0.03733406588435173.
Time for this trial:  154.23057413101196
Memory status after this trial: 
Memory allocated:  891.79638671875
Memory cached:  912.0
--------------------  Trial  19   --------------------
Start timing: 
Parameters: 
{'W_layers': 3, 'W_layer_units_exponent_0': 8, 'W_layer_units_exponent_1': 8, 'W_layer_units_exponent_2': 4, 'D_layers': 6, 'D_layer_units_exponent_0': 9, 'D_layer_units_exponent_1': 9, 'D_layer_units_exponent_2': 4, 'D_layer_units_exponent_3': 5, 'D_layer_units_exponent_4': 5, 'D_layer_units_exponent_5': 7, 'log_learning_rate': -3.866884578186525, 'log_learning_rate_D': -4.159180294358277, 'training_batch_size': 11, 'training_p': 8}
	 epoch  0 training error:  tensor(6.6805, device='cuda:0', grad_fn=<DivBackward0>)
	 epoch  0 test error:  tensor(0.4030, device='cuda:0', grad_fn=<DivBackward0>)
Memory status after this epoch: 
Memory allocated:  360.57763671875
Memory cached:  602.0
	 epoch  10 training error:  tensor(1.7463, device='cuda:0', grad_fn=<DivBackward0>)
	 epoch  10 test error:  tensor(0.1143, device='cuda:0', grad_fn=<DivBackward0>)
Memory status after this epoch: 
Memory allocated:  360.53076171875
Memory cached:  706.0
	 epoch  20 training error:  tensor(1.2809, device='cuda:0', grad_fn=<DivBackward0>)
	 epoch  20 test error:  tensor(0.0799, device='cuda:0', grad_fn=<DivBackward0>)
Memory status after this epoch: 
Memory allocated:  360.67138671875
Memory cached:  706.0
	 epoch  30 training error:  tensor(0.9513, device='cuda:0', grad_fn=<DivBackward0>)
	 epoch  30 test error:  tensor(0.0713, device='cuda:0', grad_fn=<DivBackward0>)
Memory status after this epoch: 
Memory allocated:  360.43701171875
Memory cached:  706.0
	 epoch  40 training error:  tensor(0.8382, device='cuda:0', grad_fn=<DivBackward0>)
	 epoch  40 test error:  tensor(0.0599, device='cuda:0', grad_fn=<DivBackward0>)
Memory status after this epoch: 
Memory allocated:  360.67138671875
Memory cached:  706.0
	 epoch  50 training error:  tensor(0.5708, device='cuda:0', grad_fn=<DivBackward0>)
	 epoch  50 test error:  tensor(0.0431, device='cuda:0', grad_fn=<DivBackward0>)
Memory status after this epoch: 
Memory allocated:  360.43701171875
Memory cached:  706.0
	 epoch  60 training error:  tensor(0.5076, device='cuda:0', grad_fn=<DivBackward0>)
	 epoch  60 test error:  tensor(0.0375, device='cuda:0', grad_fn=<DivBackward0>)
Memory status after this epoch: 
Memory allocated:  360.67138671875
Memory cached:  706.0
	 epoch  70 training error:  tensor(0.4713, device='cuda:0', grad_fn=<DivBackward0>)
	 epoch  70 test error:  tensor(0.0382, device='cuda:0', grad_fn=<DivBackward0>)
Memory status after this epoch: 
Memory allocated:  360.43701171875
Memory cached:  706.0
	 epoch  80 training error:  tensor(0.4613, device='cuda:0', grad_fn=<DivBackward0>)
	 epoch  80 test error:  tensor(0.0388, device='cuda:0', grad_fn=<DivBackward0>)
Memory status after this epoch: 
Memory allocated:  360.67138671875
Memory cached:  706.0
	 epoch  90 training error:  tensor(0.4587, device='cuda:0', grad_fn=<DivBackward0>)
	 epoch  90 test error:  tensor(0.0389, device='cuda:0', grad_fn=<DivBackward0>)
Memory status after this epoch: 
Memory allocated:  360.43701171875
Memory cached:  706.0
[I 2023-11-10 15:27:44,606] Trial 19 finished with value: 0.03847546502947807 and parameters: {'W_layers': 3, 'W_layer_units_exponent_0': 8, 'W_layer_units_exponent_1': 8, 'W_layer_units_exponent_2': 4, 'D_layers': 6, 'D_layer_units_exponent_0': 9, 'D_layer_units_exponent_1': 9, 'D_layer_units_exponent_2': 4, 'D_layer_units_exponent_3': 5, 'D_layer_units_exponent_4': 5, 'D_layer_units_exponent_5': 7, 'log_learning_rate': -3.866884578186525, 'log_learning_rate_D': -4.159180294358277, 'training_batch_size': 11, 'training_p': 8}. Best is trial 17 with value: 0.03733406588435173.
Time for this trial:  143.06399083137512
Memory status after this trial: 
Memory allocated:  699.05419921875
Memory cached:  708.0
--------------------  Trial  20   --------------------
Start timing: 
Parameters: 
{'W_layers': 7, 'W_layer_units_exponent_0': 9, 'W_layer_units_exponent_1': 9, 'W_layer_units_exponent_2': 8, 'W_layer_units_exponent_3': 10, 'W_layer_units_exponent_4': 8, 'W_layer_units_exponent_5': 7, 'W_layer_units_exponent_6': 10, 'D_layers': 7, 'D_layer_units_exponent_0': 9, 'D_layer_units_exponent_1': 6, 'D_layer_units_exponent_2': 5, 'D_layer_units_exponent_3': 8, 'D_layer_units_exponent_4': 8, 'D_layer_units_exponent_5': 8, 'D_layer_units_exponent_6': 7, 'log_learning_rate': -4.461457510282572, 'log_learning_rate_D': -4.879029051639748, 'training_batch_size': 8, 'training_p': 6}
	 epoch  0 training error:  tensor(1.2319, device='cuda:0', grad_fn=<DivBackward0>)
	 epoch  0 test error:  tensor(0.0793, device='cuda:0', grad_fn=<DivBackward0>)
Memory status after this epoch: 
Memory allocated:  558.97900390625
Memory cached:  800.0
	 epoch  10 training error:  tensor(1.0023, device='cuda:0', grad_fn=<DivBackward0>)
	 epoch  10 test error:  tensor(0.0733, device='cuda:0', grad_fn=<DivBackward0>)
Memory status after this epoch: 
Memory allocated:  559.21337890625
Memory cached:  1088.0
	 epoch  20 training error:  tensor(0.9882, device='cuda:0', grad_fn=<DivBackward0>)
	 epoch  20 test error:  tensor(0.0725, device='cuda:0', grad_fn=<DivBackward0>)
Memory status after this epoch: 
Memory allocated:  558.97900390625
Memory cached:  1088.0
	 epoch  30 training error:  tensor(0.9855, device='cuda:0', grad_fn=<DivBackward0>)
	 epoch  30 test error:  tensor(0.0723, device='cuda:0', grad_fn=<DivBackward0>)
Memory status after this epoch: 
Memory allocated:  559.21337890625
Memory cached:  1088.0
	 epoch  40 training error:  tensor(0.9716, device='cuda:0', grad_fn=<DivBackward0>)
	 epoch  40 test error:  tensor(0.0718, device='cuda:0', grad_fn=<DivBackward0>)
Memory status after this epoch: 
Memory allocated:  558.97900390625
Memory cached:  1088.0
	 epoch  50 training error:  tensor(0.9354, device='cuda:0', grad_fn=<DivBackward0>)
	 epoch  50 test error:  tensor(0.0693, device='cuda:0', grad_fn=<DivBackward0>)
Memory status after this epoch: 
Memory allocated:  559.21337890625
Memory cached:  1088.0
	 epoch  60 training error:  tensor(0.8317, device='cuda:0', grad_fn=<DivBackward0>)
	 epoch  60 test error:  tensor(0.0607, device='cuda:0', grad_fn=<DivBackward0>)
Memory status after this epoch: 
Memory allocated:  558.97900390625
Memory cached:  1088.0
	 epoch  70 training error:  tensor(0.5915, device='cuda:0', grad_fn=<DivBackward0>)
	 epoch  70 test error:  tensor(0.0411, device='cuda:0', grad_fn=<DivBackward0>)
Memory status after this epoch: 
Memory allocated:  559.21337890625
Memory cached:  1088.0
	 epoch  80 training error:  tensor(0.5749, device='cuda:0', grad_fn=<DivBackward0>)
	 epoch  80 test error:  tensor(0.0372, device='cuda:0', grad_fn=<DivBackward0>)
Memory status after this epoch: 
Memory allocated:  558.97900390625
Memory cached:  1088.0
	 epoch  90 training error:  tensor(0.5433, device='cuda:0', grad_fn=<DivBackward0>)
	 epoch  90 test error:  tensor(0.0398, device='cuda:0', grad_fn=<DivBackward0>)
Memory status after this epoch: 
Memory allocated:  559.21337890625
Memory cached:  1088.0
[I 2023-11-10 15:31:12,800] Trial 20 finished with value: 0.038060661405324936 and parameters: {'W_layers': 7, 'W_layer_units_exponent_0': 9, 'W_layer_units_exponent_1': 9, 'W_layer_units_exponent_2': 8, 'W_layer_units_exponent_3': 10, 'W_layer_units_exponent_4': 8, 'W_layer_units_exponent_5': 7, 'W_layer_units_exponent_6': 10, 'D_layers': 7, 'D_layer_units_exponent_0': 9, 'D_layer_units_exponent_1': 6, 'D_layer_units_exponent_2': 5, 'D_layer_units_exponent_3': 8, 'D_layer_units_exponent_4': 8, 'D_layer_units_exponent_5': 8, 'D_layer_units_exponent_6': 7, 'log_learning_rate': -4.461457510282572, 'log_learning_rate_D': -4.879029051639748, 'training_batch_size': 8, 'training_p': 6}. Best is trial 17 with value: 0.03733406588435173.
Time for this trial:  207.89395570755005
Memory status after this trial: 
Memory allocated:  1074.45263671875
Memory cached:  1088.0
--------------------  Trial  21   --------------------
Start timing: 
Parameters: 
{'W_layers': 7, 'W_layer_units_exponent_0': 9, 'W_layer_units_exponent_1': 9, 'W_layer_units_exponent_2': 8, 'W_layer_units_exponent_3': 10, 'W_layer_units_exponent_4': 8, 'W_layer_units_exponent_5': 7, 'W_layer_units_exponent_6': 10, 'D_layers': 7, 'D_layer_units_exponent_0': 9, 'D_layer_units_exponent_1': 6, 'D_layer_units_exponent_2': 5, 'D_layer_units_exponent_3': 8, 'D_layer_units_exponent_4': 8, 'D_layer_units_exponent_5': 8, 'D_layer_units_exponent_6': 7, 'log_learning_rate': -4.529575678713999, 'log_learning_rate_D': -4.93232995201361, 'training_batch_size': 8, 'training_p': 6}
	 epoch  0 training error:  tensor(1.4270, device='cuda:0', grad_fn=<DivBackward0>)
	 epoch  0 test error:  tensor(0.0736, device='cuda:0', grad_fn=<DivBackward0>)
Memory status after this epoch: 
Memory allocated:  559.21337890625
Memory cached:  800.0
	 epoch  10 training error:  tensor(1.0427, device='cuda:0', grad_fn=<DivBackward0>)
	 epoch  10 test error:  tensor(0.0810, device='cuda:0', grad_fn=<DivBackward0>)
Memory status after this epoch: 
Memory allocated:  558.97900390625
Memory cached:  1088.0
	 epoch  20 training error:  tensor(1.0057, device='cuda:0', grad_fn=<DivBackward0>)
	 epoch  20 test error:  tensor(0.0768, device='cuda:0', grad_fn=<DivBackward0>)
Memory status after this epoch: 
Memory allocated:  559.21337890625
Memory cached:  1088.0
	 epoch  30 training error:  tensor(0.9931, device='cuda:0', grad_fn=<DivBackward0>)
	 epoch  30 test error:  tensor(0.0751, device='cuda:0', grad_fn=<DivBackward0>)
Memory status after this epoch: 
Memory allocated:  558.97900390625
Memory cached:  1088.0
	 epoch  40 training error:  tensor(0.9882, device='cuda:0', grad_fn=<DivBackward0>)
	 epoch  40 test error:  tensor(0.0741, device='cuda:0', grad_fn=<DivBackward0>)
Memory status after this epoch: 
Memory allocated:  559.21337890625
Memory cached:  1088.0
	 epoch  50 training error:  tensor(0.9817, device='cuda:0', grad_fn=<DivBackward0>)
	 epoch  50 test error:  tensor(0.0732, device='cuda:0', grad_fn=<DivBackward0>)
Memory status after this epoch: 
Memory allocated:  558.97900390625
Memory cached:  1088.0
	 epoch  60 training error:  tensor(0.9668, device='cuda:0', grad_fn=<DivBackward0>)
	 epoch  60 test error:  tensor(0.0717, device='cuda:0', grad_fn=<DivBackward0>)
Memory status after this epoch: 
Memory allocated:  559.21337890625
Memory cached:  1088.0
	 epoch  70 training error:  tensor(0.9315, device='cuda:0', grad_fn=<DivBackward0>)
	 epoch  70 test error:  tensor(0.0686, device='cuda:0', grad_fn=<DivBackward0>)
Memory status after this epoch: 
Memory allocated:  558.97900390625
Memory cached:  1088.0
	 epoch  80 training error:  tensor(0.8415, device='cuda:0', grad_fn=<DivBackward0>)
	 epoch  80 test error:  tensor(0.0617, device='cuda:0', grad_fn=<DivBackward0>)
Memory status after this epoch: 
Memory allocated:  559.21337890625
Memory cached:  1088.0
	 epoch  90 training error:  tensor(0.6400, device='cuda:0', grad_fn=<DivBackward0>)
	 epoch  90 test error:  tensor(0.0455, device='cuda:0', grad_fn=<DivBackward0>)
Memory status after this epoch: 
Memory allocated:  558.97900390625
Memory cached:  1088.0
