[I 2023-11-16 00:52:07,087] Trial 26 finished with value: 0.06750839203596115 and parameters: {'W_layers': 6, 'W_layer_units_exponent_0': 7, 'W_layer_units_exponent_1': 8, 'W_layer_units_exponent_2': 8, 'W_layer_units_exponent_3': 4, 'W_layer_units_exponent_4': 8, 'W_layer_units_exponent_5': 8, 'D_layers': 6, 'D_layer_units_exponent_0': 8, 'D_layer_units_exponent_1': 7, 'D_layer_units_exponent_2': 10, 'D_layer_units_exponent_3': 7, 'D_layer_units_exponent_4': 4, 'D_layer_units_exponent_5': 8, 'D_dagger_layers': 6, 'D_dagger_layer_units_exponent_0': 7, 'D_dagger_layer_units_exponent_1': 10, 'D_dagger_layer_units_exponent_2': 6, 'D_dagger_layer_units_exponent_3': 7, 'D_dagger_layer_units_exponent_4': 10, 'D_dagger_layer_units_exponent_5': 5, 'log_learning_rate': -1.3809159522273278, 'log_learning_rate_D': -1.8361514360598477, 'log_learning_rate_D_dagger': -4.088082355991643, 'training_batch_size': 11, 'training_p': 2}. Best is trial 26 with value: 0.06750839203596115.
Time for this trial:  19.298781156539917
Memory status after this trial: 
Memory allocated:  198.1279296875
Memory cached:  214.0
--------------------  Trial  27   --------------------
Start timing: 
Parameters: 
{'W_layers': 5, 'W_layer_units_exponent_0': 6, 'W_layer_units_exponent_1': 8, 'W_layer_units_exponent_2': 7, 'W_layer_units_exponent_3': 4, 'W_layer_units_exponent_4': 9, 'D_layers': 6, 'D_layer_units_exponent_0': 8, 'D_layer_units_exponent_1': 4, 'D_layer_units_exponent_2': 7, 'D_layer_units_exponent_3': 7, 'D_layer_units_exponent_4': 4, 'D_layer_units_exponent_5': 9, 'D_dagger_layers': 6, 'D_dagger_layer_units_exponent_0': 7, 'D_dagger_layer_units_exponent_1': 9, 'D_dagger_layer_units_exponent_2': 6, 'D_dagger_layer_units_exponent_3': 7, 'D_dagger_layer_units_exponent_4': 10, 'D_dagger_layer_units_exponent_5': 5, 'log_learning_rate': -1.3893981170386245, 'log_learning_rate_D': -1.8803024565609703, 'log_learning_rate_D_dagger': -4.101528276708752, 'training_batch_size': 11, 'training_p': 5}
	 epoch  0 training error:  tensor(0.9267, device='cuda:0', grad_fn=<DivBackward0>)
Memory status after this epoch: 
Memory allocated:  5.38427734375
Memory cached:  12.0
	 epoch  10 training error:  tensor(0.3463, device='cuda:0', grad_fn=<DivBackward0>)
Memory status after this epoch: 
Memory allocated:  5.38427734375
Memory cached:  12.0
	 epoch  20 training error:  tensor(0.2503, device='cuda:0', grad_fn=<DivBackward0>)
Memory status after this epoch: 
Memory allocated:  5.38427734375
Memory cached:  12.0
	 epoch  30 training error:  tensor(0.2135, device='cuda:0', grad_fn=<DivBackward0>)
Memory status after this epoch: 
Memory allocated:  5.38427734375
Memory cached:  12.0
	 epoch  40 training error:  tensor(0.1524, device='cuda:0', grad_fn=<DivBackward0>)
Memory status after this epoch: 
Memory allocated:  5.38427734375
Memory cached:  12.0
	 epoch  50 training error:  tensor(0.0997, device='cuda:0', grad_fn=<DivBackward0>)
Memory status after this epoch: 
Memory allocated:  5.38427734375
Memory cached:  12.0
	 epoch  60 training error:  tensor(0.0955, device='cuda:0', grad_fn=<DivBackward0>)
Memory status after this epoch: 
Memory allocated:  5.38427734375
Memory cached:  12.0
	 epoch  70 training error:  tensor(0.0869, device='cuda:0', grad_fn=<DivBackward0>)
Memory status after this epoch: 
Memory allocated:  5.38427734375
Memory cached:  12.0
	 epoch  80 training error:  tensor(0.0856, device='cuda:0', grad_fn=<DivBackward0>)
Memory status after this epoch: 
Memory allocated:  5.38427734375
Memory cached:  12.0
	 epoch  90 training error:  tensor(0.0844, device='cuda:0', grad_fn=<DivBackward0>)
Memory status after this epoch: 
Memory allocated:  5.38427734375
Memory cached:  12.0
[I 2023-11-16 00:52:26,143] Trial 27 finished with value: 0.07237009704113007 and parameters: {'W_layers': 5, 'W_layer_units_exponent_0': 6, 'W_layer_units_exponent_1': 8, 'W_layer_units_exponent_2': 7, 'W_layer_units_exponent_3': 4, 'W_layer_units_exponent_4': 9, 'D_layers': 6, 'D_layer_units_exponent_0': 8, 'D_layer_units_exponent_1': 4, 'D_layer_units_exponent_2': 7, 'D_layer_units_exponent_3': 7, 'D_layer_units_exponent_4': 4, 'D_layer_units_exponent_5': 9, 'D_dagger_layers': 6, 'D_dagger_layer_units_exponent_0': 7, 'D_dagger_layer_units_exponent_1': 9, 'D_dagger_layer_units_exponent_2': 6, 'D_dagger_layer_units_exponent_3': 7, 'D_dagger_layer_units_exponent_4': 10, 'D_dagger_layer_units_exponent_5': 5, 'log_learning_rate': -1.3893981170386245, 'log_learning_rate_D': -1.8803024565609703, 'log_learning_rate_D_dagger': -4.101528276708752, 'training_batch_size': 11, 'training_p': 5}. Best is trial 26 with value: 0.06750839203596115.
Time for this trial:  18.83933687210083
Memory status after this trial: 
Memory allocated:  158.07421875
Memory cached:  174.0
--------------------  Trial  28   --------------------
Start timing: 
Parameters: 
{'W_layers': 6, 'W_layer_units_exponent_0': 5, 'W_layer_units_exponent_1': 7, 'W_layer_units_exponent_2': 6, 'W_layer_units_exponent_3': 4, 'W_layer_units_exponent_4': 6, 'W_layer_units_exponent_5': 8, 'D_layers': 4, 'D_layer_units_exponent_0': 7, 'D_layer_units_exponent_1': 6, 'D_layer_units_exponent_2': 6, 'D_layer_units_exponent_3': 6, 'D_dagger_layers': 4, 'D_dagger_layer_units_exponent_0': 5, 'D_dagger_layer_units_exponent_1': 10, 'D_dagger_layer_units_exponent_2': 5, 'D_dagger_layer_units_exponent_3': 8, 'log_learning_rate': -1.5097860689593343, 'log_learning_rate_D': -1.5755887848526284, 'log_learning_rate_D_dagger': -4.265942431248308, 'training_batch_size': 12, 'training_p': 3}
	 epoch  0 training error:  tensor(1.0349, device='cuda:0', grad_fn=<DivBackward0>)
Memory status after this epoch: 
Memory allocated:  1.8662109375
Memory cached:  14.0
	 epoch  10 training error:  tensor(0.3041, device='cuda:0', grad_fn=<DivBackward0>)
Memory status after this epoch: 
Memory allocated:  1.8662109375
Memory cached:  18.0
	 epoch  20 training error:  tensor(0.3643, device='cuda:0', grad_fn=<DivBackward0>)
Memory status after this epoch: 
Memory allocated:  1.8662109375
Memory cached:  16.0
	 epoch  30 training error:  tensor(0.2459, device='cuda:0', grad_fn=<DivBackward0>)
Memory status after this epoch: 
Memory allocated:  1.8662109375
Memory cached:  18.0
	 epoch  40 training error:  tensor(0.1625, device='cuda:0', grad_fn=<DivBackward0>)
Memory status after this epoch: 
Memory allocated:  1.8662109375
Memory cached:  18.0
	 epoch  50 training error:  tensor(0.1179, device='cuda:0', grad_fn=<DivBackward0>)
Memory status after this epoch: 
Memory allocated:  1.8662109375
Memory cached:  16.0
	 epoch  60 training error:  tensor(0.1073, device='cuda:0', grad_fn=<DivBackward0>)
Memory status after this epoch: 
Memory allocated:  1.8662109375
Memory cached:  18.0
	 epoch  70 training error:  tensor(0.0961, device='cuda:0', grad_fn=<DivBackward0>)
Memory status after this epoch: 
Memory allocated:  1.8662109375
Memory cached:  18.0
	 epoch  80 training error:  tensor(0.0864, device='cuda:0', grad_fn=<DivBackward0>)
Memory status after this epoch: 
Memory allocated:  1.8662109375
Memory cached:  16.0
	 epoch  90 training error:  tensor(0.0797, device='cuda:0', grad_fn=<DivBackward0>)
Memory status after this epoch: 
Memory allocated:  1.8662109375
Memory cached:  18.0
[I 2023-11-16 00:52:43,739] Trial 28 finished with value: 0.07900532335042953 and parameters: {'W_layers': 6, 'W_layer_units_exponent_0': 5, 'W_layer_units_exponent_1': 7, 'W_layer_units_exponent_2': 6, 'W_layer_units_exponent_3': 4, 'W_layer_units_exponent_4': 6, 'W_layer_units_exponent_5': 8, 'D_layers': 4, 'D_layer_units_exponent_0': 7, 'D_layer_units_exponent_1': 6, 'D_layer_units_exponent_2': 6, 'D_layer_units_exponent_3': 6, 'D_dagger_layers': 4, 'D_dagger_layer_units_exponent_0': 5, 'D_dagger_layer_units_exponent_1': 10, 'D_dagger_layer_units_exponent_2': 5, 'D_dagger_layer_units_exponent_3': 8, 'log_learning_rate': -1.5097860689593343, 'log_learning_rate_D': -1.5755887848526284, 'log_learning_rate_D_dagger': -4.265942431248308, 'training_batch_size': 12, 'training_p': 3}. Best is trial 26 with value: 0.06750839203596115.
Time for this trial:  17.376429080963135
Memory status after this trial: 
Memory allocated:  104.1416015625
Memory cached:  122.0
--------------------  Trial  29   --------------------
Start timing: 
Parameters: 
{'W_layers': 5, 'W_layer_units_exponent_0': 7, 'W_layer_units_exponent_1': 7, 'W_layer_units_exponent_2': 5, 'W_layer_units_exponent_3': 9, 'W_layer_units_exponent_4': 7, 'D_layers': 5, 'D_layer_units_exponent_0': 6, 'D_layer_units_exponent_1': 5, 'D_layer_units_exponent_2': 7, 'D_layer_units_exponent_3': 5, 'D_layer_units_exponent_4': 5, 'D_dagger_layers': 5, 'D_dagger_layer_units_exponent_0': 7, 'D_dagger_layer_units_exponent_1': 6, 'D_dagger_layer_units_exponent_2': 6, 'D_dagger_layer_units_exponent_3': 6, 'D_dagger_layer_units_exponent_4': 9, 'log_learning_rate': -1.162419036291166, 'log_learning_rate_D': -1.4408522763600582, 'log_learning_rate_D_dagger': -4.370127677300323, 'training_batch_size': 10, 'training_p': 2}
	 epoch  0 training error:  tensor(1.1084, device='cuda:0', grad_fn=<DivBackward0>)
Memory status after this epoch: 
Memory allocated:  2.56201171875
Memory cached:  10.0
	 epoch  10 training error:  tensor(0.8610, device='cuda:0', grad_fn=<DivBackward0>)
Memory status after this epoch: 
Memory allocated:  2.56201171875
Memory cached:  10.0
	 epoch  20 training error:  tensor(0.6133, device='cuda:0', grad_fn=<DivBackward0>)
Memory status after this epoch: 
Memory allocated:  2.56201171875
Memory cached:  10.0
	 epoch  30 training error:  tensor(0.3347, device='cuda:0', grad_fn=<DivBackward0>)
Memory status after this epoch: 
Memory allocated:  2.56201171875
Memory cached:  10.0
	 epoch  40 training error:  tensor(0.3227, device='cuda:0', grad_fn=<DivBackward0>)
Memory status after this epoch: 
Memory allocated:  2.56201171875
Memory cached:  10.0
	 epoch  50 training error:  tensor(0.2543, device='cuda:0', grad_fn=<DivBackward0>)
Memory status after this epoch: 
Memory allocated:  2.56201171875
Memory cached:  10.0
	 epoch  60 training error:  tensor(0.2355, device='cuda:0', grad_fn=<DivBackward0>)
Memory status after this epoch: 
Memory allocated:  2.56201171875
Memory cached:  10.0
	 epoch  70 training error:  tensor(0.2170, device='cuda:0', grad_fn=<DivBackward0>)
Memory status after this epoch: 
Memory allocated:  2.56201171875
Memory cached:  10.0
	 epoch  80 training error:  tensor(0.2016, device='cuda:0', grad_fn=<DivBackward0>)
Memory status after this epoch: 
Memory allocated:  2.56201171875
Memory cached:  10.0
	 epoch  90 training error:  tensor(0.1893, device='cuda:0', grad_fn=<DivBackward0>)
Memory status after this epoch: 
Memory allocated:  2.56201171875
Memory cached:  10.0
[I 2023-11-16 00:53:01,169] Trial 29 finished with value: 0.1794615387916565 and parameters: {'W_layers': 5, 'W_layer_units_exponent_0': 7, 'W_layer_units_exponent_1': 7, 'W_layer_units_exponent_2': 5, 'W_layer_units_exponent_3': 9, 'W_layer_units_exponent_4': 7, 'D_layers': 5, 'D_layer_units_exponent_0': 6, 'D_layer_units_exponent_1': 5, 'D_layer_units_exponent_2': 7, 'D_layer_units_exponent_3': 5, 'D_layer_units_exponent_4': 5, 'D_dagger_layers': 5, 'D_dagger_layer_units_exponent_0': 7, 'D_dagger_layer_units_exponent_1': 6, 'D_dagger_layer_units_exponent_2': 6, 'D_dagger_layer_units_exponent_3': 6, 'D_dagger_layer_units_exponent_4': 9, 'log_learning_rate': -1.162419036291166, 'log_learning_rate_D': -1.4408522763600582, 'log_learning_rate_D_dagger': -4.370127677300323, 'training_batch_size': 10, 'training_p': 2}. Best is trial 26 with value: 0.06750839203596115.
Time for this trial:  17.213337421417236
Memory status after this trial: 
Memory allocated:  96.33984375
Memory cached:  104.0
--------------------  Trial  30   --------------------
Start timing: 
Parameters: 
{'W_layers': 8, 'W_layer_units_exponent_0': 6, 'W_layer_units_exponent_1': 6, 'W_layer_units_exponent_2': 7, 'W_layer_units_exponent_3': 5, 'W_layer_units_exponent_4': 9, 'W_layer_units_exponent_5': 10, 'W_layer_units_exponent_6': 4, 'W_layer_units_exponent_7': 10, 'D_layers': 2, 'D_layer_units_exponent_0': 5, 'D_layer_units_exponent_1': 6, 'D_dagger_layers': 3, 'D_dagger_layer_units_exponent_0': 9, 'D_dagger_layer_units_exponent_1': 9, 'D_dagger_layer_units_exponent_2': 7, 'log_learning_rate': -1.4380918465732733, 'log_learning_rate_D': -2.1500831123518056, 'log_learning_rate_D_dagger': -3.9549355168375775, 'training_batch_size': 11, 'training_p': 5}
	 epoch  0 training error:  tensor(1.1392, device='cuda:0', grad_fn=<DivBackward0>)
Memory status after this epoch: 
Memory allocated:  14.54296875
Memory cached:  48.0
	 epoch  10 training error:  tensor(0.2049, device='cuda:0', grad_fn=<DivBackward0>)
Memory status after this epoch: 
Memory allocated:  14.54296875
Memory cached:  50.0
	 epoch  20 training error:  tensor(0.0966, device='cuda:0', grad_fn=<DivBackward0>)
Memory status after this epoch: 
Memory allocated:  14.54296875
Memory cached:  50.0
	 epoch  30 training error:  tensor(0.0919, device='cuda:0', grad_fn=<DivBackward0>)
Memory status after this epoch: 
Memory allocated:  14.54296875
Memory cached:  50.0
	 epoch  40 training error:  tensor(0.0903, device='cuda:0', grad_fn=<DivBackward0>)
Memory status after this epoch: 
Memory allocated:  14.54296875
Memory cached:  50.0
	 epoch  50 training error:  tensor(0.0848, device='cuda:0', grad_fn=<DivBackward0>)
Memory status after this epoch: 
Memory allocated:  14.54296875
Memory cached:  50.0
	 epoch  60 training error:  tensor(0.0907, device='cuda:0', grad_fn=<DivBackward0>)
Memory status after this epoch: 
Memory allocated:  14.54296875
Memory cached:  50.0
	 epoch  70 training error:  tensor(0.0835, device='cuda:0', grad_fn=<DivBackward0>)
Memory status after this epoch: 
Memory allocated:  14.54296875
Memory cached:  50.0
	 epoch  80 training error:  tensor(0.0821, device='cuda:0', grad_fn=<DivBackward0>)
Memory status after this epoch: 
Memory allocated:  14.54296875
Memory cached:  50.0
	 epoch  90 training error:  tensor(0.0969, device='cuda:0', grad_fn=<DivBackward0>)
Memory status after this epoch: 
Memory allocated:  14.54296875
Memory cached:  50.0
[I 2023-11-16 00:53:20,966] Trial 30 finished with value: 0.0946023240685463 and parameters: {'W_layers': 8, 'W_layer_units_exponent_0': 6, 'W_layer_units_exponent_1': 6, 'W_layer_units_exponent_2': 7, 'W_layer_units_exponent_3': 5, 'W_layer_units_exponent_4': 9, 'W_layer_units_exponent_5': 10, 'W_layer_units_exponent_6': 4, 'W_layer_units_exponent_7': 10, 'D_layers': 2, 'D_layer_units_exponent_0': 5, 'D_layer_units_exponent_1': 6, 'D_dagger_layers': 3, 'D_dagger_layer_units_exponent_0': 9, 'D_dagger_layer_units_exponent_1': 9, 'D_dagger_layer_units_exponent_2': 7, 'log_learning_rate': -1.4380918465732733, 'log_learning_rate_D': -2.1500831123518056, 'log_learning_rate_D_dagger': -3.9549355168375775, 'training_batch_size': 11, 'training_p': 5}. Best is trial 26 with value: 0.06750839203596115.
Time for this trial:  19.579036712646484
Memory status after this trial: 
Memory allocated:  225.78515625
Memory cached:  240.0
--------------------  Trial  31   --------------------
Start timing: 
Parameters: 
{'W_layers': 6, 'W_layer_units_exponent_0': 7, 'W_layer_units_exponent_1': 10, 'W_layer_units_exponent_2': 8, 'W_layer_units_exponent_3': 5, 'W_layer_units_exponent_4': 8, 'W_layer_units_exponent_5': 8, 'D_layers': 8, 'D_layer_units_exponent_0': 10, 'D_layer_units_exponent_1': 7, 'D_layer_units_exponent_2': 10, 'D_layer_units_exponent_3': 8, 'D_layer_units_exponent_4': 4, 'D_layer_units_exponent_5': 7, 'D_layer_units_exponent_6': 6, 'D_layer_units_exponent_7': 6, 'D_dagger_layers': 7, 'D_dagger_layer_units_exponent_0': 6, 'D_dagger_layer_units_exponent_1': 10, 'D_dagger_layer_units_exponent_2': 6, 'D_dagger_layer_units_exponent_3': 7, 'D_dagger_layer_units_exponent_4': 10, 'D_dagger_layer_units_exponent_5': 5, 'D_dagger_layer_units_exponent_6': 5, 'log_learning_rate': -1.8164453141596155, 'log_learning_rate_D': -1.712614046555828, 'log_learning_rate_D_dagger': -3.5654064951044218, 'training_batch_size': 10, 'training_p': 2}
	 epoch  0 training error:  tensor(1.0820, device='cuda:0', grad_fn=<DivBackward0>)
Memory status after this epoch: 
Memory allocated:  14.21337890625
Memory cached:  16.0
	 epoch  10 training error:  tensor(0.8965, device='cuda:0', grad_fn=<DivBackward0>)
Memory status after this epoch: 
Memory allocated:  14.21337890625
Memory cached:  18.0
	 epoch  20 training error:  tensor(0.6119, device='cuda:0', grad_fn=<DivBackward0>)
Memory status after this epoch: 
Memory allocated:  14.21337890625
Memory cached:  18.0
	 epoch  30 training error:  tensor(0.3960, device='cuda:0', grad_fn=<DivBackward0>)
Memory status after this epoch: 
Memory allocated:  14.21337890625
Memory cached:  18.0
	 epoch  40 training error:  tensor(0.4265, device='cuda:0', grad_fn=<DivBackward0>)
Memory status after this epoch: 
Memory allocated:  14.21337890625
Memory cached:  18.0
	 epoch  50 training error:  tensor(0.3950, device='cuda:0', grad_fn=<DivBackward0>)
Memory status after this epoch: 
Memory allocated:  14.21337890625
Memory cached:  18.0
	 epoch  60 training error:  tensor(0.1179, device='cuda:0', grad_fn=<DivBackward0>)
Memory status after this epoch: 
Memory allocated:  14.21337890625
Memory cached:  18.0
	 epoch  70 training error:  tensor(0.0829, device='cuda:0', grad_fn=<DivBackward0>)
Memory status after this epoch: 
Memory allocated:  14.21337890625
Memory cached:  18.0
	 epoch  80 training error:  tensor(0.0744, device='cuda:0', grad_fn=<DivBackward0>)
Memory status after this epoch: 
Memory allocated:  14.21337890625
Memory cached:  18.0
	 epoch  90 training error:  tensor(0.0697, device='cuda:0', grad_fn=<DivBackward0>)
Memory status after this epoch: 
Memory allocated:  14.21337890625
Memory cached:  18.0
[I 2023-11-16 00:53:40,953] Trial 31 finished with value: 0.07958734035491943 and parameters: {'W_layers': 6, 'W_layer_units_exponent_0': 7, 'W_layer_units_exponent_1': 10, 'W_layer_units_exponent_2': 8, 'W_layer_units_exponent_3': 5, 'W_layer_units_exponent_4': 8, 'W_layer_units_exponent_5': 8, 'D_layers': 8, 'D_layer_units_exponent_0': 10, 'D_layer_units_exponent_1': 7, 'D_layer_units_exponent_2': 10, 'D_layer_units_exponent_3': 8, 'D_layer_units_exponent_4': 4, 'D_layer_units_exponent_5': 7, 'D_layer_units_exponent_6': 6, 'D_layer_units_exponent_7': 6, 'D_dagger_layers': 7, 'D_dagger_layer_units_exponent_0': 6, 'D_dagger_layer_units_exponent_1': 10, 'D_dagger_layer_units_exponent_2': 6, 'D_dagger_layer_units_exponent_3': 7, 'D_dagger_layer_units_exponent_4': 10, 'D_dagger_layer_units_exponent_5': 5, 'D_dagger_layer_units_exponent_6': 5, 'log_learning_rate': -1.8164453141596155, 'log_learning_rate_D': -1.712614046555828, 'log_learning_rate_D_dagger': -3.5654064951044218, 'training_batch_size': 10, 'training_p': 2}. Best is trial 26 with value: 0.06750839203596115.
Time for this trial:  19.73185682296753
Memory status after this trial: 
Memory allocated:  240.0224609375
Memory cached:  272.0
--------------------  Trial  32   --------------------
Start timing: 
Parameters: 
{'W_layers': 6, 'W_layer_units_exponent_0': 7, 'W_layer_units_exponent_1': 8, 'W_layer_units_exponent_2': 8, 'W_layer_units_exponent_3': 4, 'W_layer_units_exponent_4': 8, 'W_layer_units_exponent_5': 9, 'D_layers': 8, 'D_layer_units_exponent_0': 8, 'D_layer_units_exponent_1': 7, 'D_layer_units_exponent_2': 10, 'D_layer_units_exponent_3': 7, 'D_layer_units_exponent_4': 6, 'D_layer_units_exponent_5': 8, 'D_layer_units_exponent_6': 7, 'D_layer_units_exponent_7': 9, 'D_dagger_layers': 6, 'D_dagger_layer_units_exponent_0': 6, 'D_dagger_layer_units_exponent_1': 10, 'D_dagger_layer_units_exponent_2': 7, 'D_dagger_layer_units_exponent_3': 8, 'D_dagger_layer_units_exponent_4': 10, 'D_dagger_layer_units_exponent_5': 4, 'log_learning_rate': -1.0476960334124432, 'log_learning_rate_D': -1.7333777433298196, 'log_learning_rate_D_dagger': -3.6470154961059134, 'training_batch_size': 9, 'training_p': 2}
	 epoch  0 training error:  tensor(0.9219, device='cuda:0', grad_fn=<DivBackward0>)
Memory status after this epoch: 
Memory allocated:  13.21728515625
Memory cached:  16.0
	 epoch  10 training error:  tensor(0.2718, device='cuda:0', grad_fn=<DivBackward0>)
Memory status after this epoch: 
Memory allocated:  13.21728515625
Memory cached:  18.0
	 epoch  20 training error:  tensor(0.1334, device='cuda:0', grad_fn=<DivBackward0>)
Memory status after this epoch: 
Memory allocated:  13.21728515625
Memory cached:  18.0
	 epoch  30 training error:  tensor(0.1037, device='cuda:0', grad_fn=<DivBackward0>)
Memory status after this epoch: 
Memory allocated:  13.21728515625
Memory cached:  18.0
	 epoch  40 training error:  tensor(0.0763, device='cuda:0', grad_fn=<DivBackward0>)
Memory status after this epoch: 
Memory allocated:  13.21728515625
Memory cached:  18.0
	 epoch  50 training error:  tensor(0.0676, device='cuda:0', grad_fn=<DivBackward0>)
Memory status after this epoch: 
Memory allocated:  13.21728515625
Memory cached:  18.0
	 epoch  60 training error:  tensor(0.0644, device='cuda:0', grad_fn=<DivBackward0>)
Memory status after this epoch: 
Memory allocated:  13.21728515625
Memory cached:  18.0
	 epoch  70 training error:  tensor(0.0619, device='cuda:0', grad_fn=<DivBackward0>)
Memory status after this epoch: 
Memory allocated:  13.21728515625
Memory cached:  18.0
	 epoch  80 training error:  tensor(0.0614, device='cuda:0', grad_fn=<DivBackward0>)
Memory status after this epoch: 
Memory allocated:  13.21728515625
Memory cached:  18.0
	 epoch  90 training error:  tensor(0.0610, device='cuda:0', grad_fn=<DivBackward0>)
Memory status after this epoch: 
Memory allocated:  13.21728515625
Memory cached:  18.0
