[I 2023-11-17 03:37:15,232] Trial 32 finished with value: 0.09829410165548325 and parameters: {'W_layers': 6, 'W_layer_units_exponent_0': 5, 'W_layer_units_exponent_1': 7, 'W_layer_units_exponent_2': 5, 'W_layer_units_exponent_3': 9, 'W_layer_units_exponent_4': 9, 'W_layer_units_exponent_5': 5, 'D_layers': 7, 'D_layer_units_exponent_0': 8, 'D_layer_units_exponent_1': 5, 'D_layer_units_exponent_2': 5, 'D_layer_units_exponent_3': 9, 'D_layer_units_exponent_4': 10, 'D_layer_units_exponent_5': 8, 'D_layer_units_exponent_6': 5, 'log_learning_rate': -4.662636965545805, 'log_learning_rate_D': -1.2554099356113055, 'training_batch_size': 7, 'training_p': 3}. Best is trial 14 with value: 0.09673155844211578.
Time for this trial:  191.50516724586487
Memory status after this trial: 
Memory allocated:  434.3671875
Memory cached:  452.0
--------------------  Trial  33   --------------------
Start timing: 
Parameters: 
{'W_layers': 6, 'W_layer_units_exponent_0': 7, 'W_layer_units_exponent_1': 6, 'W_layer_units_exponent_2': 6, 'W_layer_units_exponent_3': 10, 'W_layer_units_exponent_4': 7, 'W_layer_units_exponent_5': 7, 'D_layers': 8, 'D_layer_units_exponent_0': 5, 'D_layer_units_exponent_1': 4, 'D_layer_units_exponent_2': 7, 'D_layer_units_exponent_3': 7, 'D_layer_units_exponent_4': 8, 'D_layer_units_exponent_5': 8, 'D_layer_units_exponent_6': 6, 'D_layer_units_exponent_7': 10, 'log_learning_rate': -4.694667855849134, 'log_learning_rate_D': -1.6419066847047907, 'training_batch_size': 9, 'training_p': 4}
	 epoch  0 training error:  tensor(1.0077, device='cuda:0', grad_fn=<DivBackward0>)
	 epoch  0 test error:  tensor(0.0968, device='cuda:0', grad_fn=<DivBackward0>)
Memory status after this epoch: 
Memory allocated:  223.63818359375
Memory cached:  250.0
	 epoch  10 training error:  tensor(0.9783, device='cuda:0', grad_fn=<DivBackward0>)
	 epoch  10 test error:  tensor(0.0970, device='cuda:0', grad_fn=<DivBackward0>)
Memory status after this epoch: 
Memory allocated:  223.68505859375
Memory cached:  452.0
	 epoch  20 training error:  tensor(0.9493, device='cuda:0', grad_fn=<DivBackward0>)
	 epoch  20 test error:  tensor(0.0984, device='cuda:0', grad_fn=<DivBackward0>)
Memory status after this epoch: 
Memory allocated:  223.63818359375
Memory cached:  452.0
	 epoch  30 training error:  tensor(0.9510, device='cuda:0', grad_fn=<DivBackward0>)
	 epoch  30 test error:  tensor(0.0980, device='cuda:0', grad_fn=<DivBackward0>)
Memory status after this epoch: 
Memory allocated:  223.26318359375
Memory cached:  452.0
	 epoch  40 training error:  tensor(0.9483, device='cuda:0', grad_fn=<DivBackward0>)
	 epoch  40 test error:  tensor(0.0983, device='cuda:0', grad_fn=<DivBackward0>)
Memory status after this epoch: 
Memory allocated:  223.63818359375
Memory cached:  452.0
	 epoch  50 training error:  tensor(0.9488, device='cuda:0', grad_fn=<DivBackward0>)
	 epoch  50 test error:  tensor(0.0982, device='cuda:0', grad_fn=<DivBackward0>)
Memory status after this epoch: 
Memory allocated:  223.26318359375
Memory cached:  452.0
	 epoch  60 training error:  tensor(0.9483, device='cuda:0', grad_fn=<DivBackward0>)
	 epoch  60 test error:  tensor(0.0982, device='cuda:0', grad_fn=<DivBackward0>)
Memory status after this epoch: 
Memory allocated:  223.63818359375
Memory cached:  452.0
	 epoch  70 training error:  tensor(0.9475, device='cuda:0', grad_fn=<DivBackward0>)
	 epoch  70 test error:  tensor(0.0982, device='cuda:0', grad_fn=<DivBackward0>)
Memory status after this epoch: 
Memory allocated:  223.26318359375
Memory cached:  452.0
	 epoch  80 training error:  tensor(0.9480, device='cuda:0', grad_fn=<DivBackward0>)
	 epoch  80 test error:  tensor(0.0982, device='cuda:0', grad_fn=<DivBackward0>)
Memory status after this epoch: 
Memory allocated:  223.63818359375
Memory cached:  452.0
	 epoch  90 training error:  tensor(0.9486, device='cuda:0', grad_fn=<DivBackward0>)
	 epoch  90 test error:  tensor(0.0983, device='cuda:0', grad_fn=<DivBackward0>)
Memory status after this epoch: 
Memory allocated:  223.26318359375
Memory cached:  452.0
[I 2023-11-17 03:40:30,156] Trial 33 finished with value: 0.09829499572515488 and parameters: {'W_layers': 6, 'W_layer_units_exponent_0': 7, 'W_layer_units_exponent_1': 6, 'W_layer_units_exponent_2': 6, 'W_layer_units_exponent_3': 10, 'W_layer_units_exponent_4': 7, 'W_layer_units_exponent_5': 7, 'D_layers': 8, 'D_layer_units_exponent_0': 5, 'D_layer_units_exponent_1': 4, 'D_layer_units_exponent_2': 7, 'D_layer_units_exponent_3': 7, 'D_layer_units_exponent_4': 8, 'D_layer_units_exponent_5': 8, 'D_layer_units_exponent_6': 6, 'D_layer_units_exponent_7': 10, 'log_learning_rate': -4.694667855849134, 'log_learning_rate_D': -1.6419066847047907, 'training_batch_size': 9, 'training_p': 4}. Best is trial 14 with value: 0.09673155844211578.
Time for this trial:  194.63072752952576
Memory status after this trial: 
Memory allocated:  434.7587890625
Memory cached:  452.0
--------------------  Trial  34   --------------------
Start timing: 
Parameters: 
{'W_layers': 7, 'W_layer_units_exponent_0': 9, 'W_layer_units_exponent_1': 5, 'W_layer_units_exponent_2': 7, 'W_layer_units_exponent_3': 8, 'W_layer_units_exponent_4': 8, 'W_layer_units_exponent_5': 6, 'W_layer_units_exponent_6': 6, 'D_layers': 6, 'D_layer_units_exponent_0': 4, 'D_layer_units_exponent_1': 5, 'D_layer_units_exponent_2': 4, 'D_layer_units_exponent_3': 8, 'D_layer_units_exponent_4': 9, 'D_layer_units_exponent_5': 7, 'log_learning_rate': -4.111030699572726, 'log_learning_rate_D': -1.2236270897963464, 'training_batch_size': 8, 'training_p': 5}
	 epoch  0 training error:  tensor(0.9988, device='cuda:0', grad_fn=<DivBackward0>)
	 epoch  0 test error:  tensor(0.0968, device='cuda:0', grad_fn=<DivBackward0>)
Memory status after this epoch: 
Memory allocated:  160.28515625
Memory cached:  188.0
	 epoch  10 training error:  tensor(0.9588, device='cuda:0', grad_fn=<DivBackward0>)
	 epoch  10 test error:  tensor(0.0989, device='cuda:0', grad_fn=<DivBackward0>)
Memory status after this epoch: 
Memory allocated:  160.66015625
Memory cached:  326.0
	 epoch  20 training error:  tensor(0.9483, device='cuda:0', grad_fn=<DivBackward0>)
	 epoch  20 test error:  tensor(0.0983, device='cuda:0', grad_fn=<DivBackward0>)
Memory status after this epoch: 
Memory allocated:  160.28515625
Memory cached:  326.0
	 epoch  30 training error:  tensor(0.9480, device='cuda:0', grad_fn=<DivBackward0>)
	 epoch  30 test error:  tensor(0.0984, device='cuda:0', grad_fn=<DivBackward0>)
Memory status after this epoch: 
Memory allocated:  160.66015625
Memory cached:  326.0
	 epoch  40 training error:  tensor(0.9480, device='cuda:0', grad_fn=<DivBackward0>)
	 epoch  40 test error:  tensor(0.0983, device='cuda:0', grad_fn=<DivBackward0>)
Memory status after this epoch: 
Memory allocated:  160.28515625
Memory cached:  326.0
	 epoch  50 training error:  tensor(0.9482, device='cuda:0', grad_fn=<DivBackward0>)
	 epoch  50 test error:  tensor(0.0983, device='cuda:0', grad_fn=<DivBackward0>)
Memory status after this epoch: 
Memory allocated:  160.66015625
Memory cached:  326.0
	 epoch  60 training error:  tensor(0.9485, device='cuda:0', grad_fn=<DivBackward0>)
	 epoch  60 test error:  tensor(0.0982, device='cuda:0', grad_fn=<DivBackward0>)
Memory status after this epoch: 
Memory allocated:  160.28515625
Memory cached:  326.0
	 epoch  70 training error:  tensor(0.9506, device='cuda:0', grad_fn=<DivBackward0>)
	 epoch  70 test error:  tensor(0.0980, device='cuda:0', grad_fn=<DivBackward0>)
Memory status after this epoch: 
Memory allocated:  160.66015625
Memory cached:  328.0
	 epoch  80 training error:  tensor(0.9491, device='cuda:0', grad_fn=<DivBackward0>)
	 epoch  80 test error:  tensor(0.0981, device='cuda:0', grad_fn=<DivBackward0>)
Memory status after this epoch: 
Memory allocated:  160.28515625
Memory cached:  328.0
	 epoch  90 training error:  tensor(0.9480, device='cuda:0', grad_fn=<DivBackward0>)
	 epoch  90 test error:  tensor(0.0983, device='cuda:0', grad_fn=<DivBackward0>)
Memory status after this epoch: 
Memory allocated:  160.66015625
Memory cached:  328.0
[I 2023-11-17 03:43:34,442] Trial 34 finished with value: 0.09816195070743561 and parameters: {'W_layers': 7, 'W_layer_units_exponent_0': 9, 'W_layer_units_exponent_1': 5, 'W_layer_units_exponent_2': 7, 'W_layer_units_exponent_3': 8, 'W_layer_units_exponent_4': 8, 'W_layer_units_exponent_5': 6, 'W_layer_units_exponent_6': 6, 'D_layers': 6, 'D_layer_units_exponent_0': 4, 'D_layer_units_exponent_1': 5, 'D_layer_units_exponent_2': 4, 'D_layer_units_exponent_3': 8, 'D_layer_units_exponent_4': 9, 'D_layer_units_exponent_5': 7, 'log_learning_rate': -4.111030699572726, 'log_learning_rate_D': -1.2236270897963464, 'training_batch_size': 8, 'training_p': 5}. Best is trial 14 with value: 0.09673155844211578.
Time for this trial:  183.9879777431488
Memory status after this trial: 
Memory allocated:  310.712890625
Memory cached:  328.0
--------------------  Trial  35   --------------------
Start timing: 
Parameters: 
{'W_layers': 5, 'W_layer_units_exponent_0': 7, 'W_layer_units_exponent_1': 9, 'W_layer_units_exponent_2': 10, 'W_layer_units_exponent_3': 7, 'W_layer_units_exponent_4': 9, 'D_layers': 7, 'D_layer_units_exponent_0': 9, 'D_layer_units_exponent_1': 4, 'D_layer_units_exponent_2': 5, 'D_layer_units_exponent_3': 9, 'D_layer_units_exponent_4': 8, 'D_layer_units_exponent_5': 10, 'D_layer_units_exponent_6': 4, 'log_learning_rate': -3.811754520744592, 'log_learning_rate_D': -1.519703432083542, 'training_batch_size': 7, 'training_p': 2}
	 epoch  0 training error:  tensor(1.0026, device='cuda:0', grad_fn=<DivBackward0>)
	 epoch  0 test error:  tensor(0.1033, device='cuda:0', grad_fn=<DivBackward0>)
Memory status after this epoch: 
Memory allocated:  301.45703125
Memory cached:  320.0
	 epoch  10 training error:  tensor(0.9646, device='cuda:0', grad_fn=<DivBackward0>)
	 epoch  10 test error:  tensor(0.0968, device='cuda:0', grad_fn=<DivBackward0>)
Memory status after this epoch: 
Memory allocated:  301.92578125
Memory cached:  588.0
	 epoch  20 training error:  tensor(0.9533, device='cuda:0', grad_fn=<DivBackward0>)
	 epoch  20 test error:  tensor(0.0983, device='cuda:0', grad_fn=<DivBackward0>)
Memory status after this epoch: 
Memory allocated:  301.45703125
Memory cached:  588.0
	 epoch  30 training error:  tensor(0.9480, device='cuda:0', grad_fn=<DivBackward0>)
	 epoch  30 test error:  tensor(0.0985, device='cuda:0', grad_fn=<DivBackward0>)
Memory status after this epoch: 
Memory allocated:  301.45703125
Memory cached:  588.0
	 epoch  40 training error:  tensor(0.9518, device='cuda:0', grad_fn=<DivBackward0>)
	 epoch  40 test error:  tensor(0.0977, device='cuda:0', grad_fn=<DivBackward0>)
Memory status after this epoch: 
Memory allocated:  301.92578125
Memory cached:  588.0
	 epoch  50 training error:  tensor(0.9501, device='cuda:0', grad_fn=<DivBackward0>)
	 epoch  50 test error:  tensor(0.0980, device='cuda:0', grad_fn=<DivBackward0>)
Memory status after this epoch: 
Memory allocated:  301.45703125
Memory cached:  588.0
	 epoch  60 training error:  tensor(0.9502, device='cuda:0', grad_fn=<DivBackward0>)
	 epoch  60 test error:  tensor(0.0981, device='cuda:0', grad_fn=<DivBackward0>)
Memory status after this epoch: 
Memory allocated:  301.45703125
Memory cached:  588.0
	 epoch  70 training error:  tensor(0.9503, device='cuda:0', grad_fn=<DivBackward0>)
	 epoch  70 test error:  tensor(0.0983, device='cuda:0', grad_fn=<DivBackward0>)
Memory status after this epoch: 
Memory allocated:  301.45703125
Memory cached:  588.0
	 epoch  80 training error:  tensor(0.9554, device='cuda:0', grad_fn=<DivBackward0>)
	 epoch  80 test error:  tensor(0.0989, device='cuda:0', grad_fn=<DivBackward0>)
Memory status after this epoch: 
Memory allocated:  301.45703125
Memory cached:  588.0
	 epoch  90 training error:  tensor(0.9532, device='cuda:0', grad_fn=<DivBackward0>)
	 epoch  90 test error:  tensor(0.0979, device='cuda:0', grad_fn=<DivBackward0>)
Memory status after this epoch: 
Memory allocated:  301.45703125
Memory cached:  588.0
[I 2023-11-17 03:46:46,230] Trial 35 finished with value: 0.09767155349254608 and parameters: {'W_layers': 5, 'W_layer_units_exponent_0': 7, 'W_layer_units_exponent_1': 9, 'W_layer_units_exponent_2': 10, 'W_layer_units_exponent_3': 7, 'W_layer_units_exponent_4': 9, 'D_layers': 7, 'D_layer_units_exponent_0': 9, 'D_layer_units_exponent_1': 4, 'D_layer_units_exponent_2': 5, 'D_layer_units_exponent_3': 9, 'D_layer_units_exponent_4': 8, 'D_layer_units_exponent_5': 10, 'D_layer_units_exponent_6': 4, 'log_learning_rate': -3.811754520744592, 'log_learning_rate_D': -1.519703432083542, 'training_batch_size': 7, 'training_p': 2}. Best is trial 14 with value: 0.09673155844211578.
Time for this trial:  191.51292943954468
Memory status after this trial: 
Memory allocated:  571.822265625
Memory cached:  588.0
--------------------  Trial  36   --------------------
Start timing: 
Parameters: 
{'W_layers': 7, 'W_layer_units_exponent_0': 4, 'W_layer_units_exponent_1': 7, 'W_layer_units_exponent_2': 5, 'W_layer_units_exponent_3': 9, 'W_layer_units_exponent_4': 10, 'W_layer_units_exponent_5': 8, 'W_layer_units_exponent_6': 7, 'D_layers': 8, 'D_layer_units_exponent_0': 6, 'D_layer_units_exponent_1': 7, 'D_layer_units_exponent_2': 6, 'D_layer_units_exponent_3': 9, 'D_layer_units_exponent_4': 9, 'D_layer_units_exponent_5': 7, 'D_layer_units_exponent_6': 7, 'D_layer_units_exponent_7': 7, 'log_learning_rate': -3.547337461888707, 'log_learning_rate_D': -1.684871006130979, 'training_batch_size': 9, 'training_p': 5}
	 epoch  0 training error:  tensor(0.9973, device='cuda:0', grad_fn=<DivBackward0>)
	 epoch  0 test error:  tensor(0.0984, device='cuda:0', grad_fn=<DivBackward0>)
Memory status after this epoch: 
Memory allocated:  253.69384765625
Memory cached:  272.0
	 epoch  10 training error:  tensor(0.9599, device='cuda:0', grad_fn=<DivBackward0>)
	 epoch  10 test error:  tensor(0.0975, device='cuda:0', grad_fn=<DivBackward0>)
Memory status after this epoch: 
Memory allocated:  253.45947265625
Memory cached:  490.0
	 epoch  20 training error:  tensor(0.9489, device='cuda:0', grad_fn=<DivBackward0>)
	 epoch  20 test error:  tensor(0.0982, device='cuda:0', grad_fn=<DivBackward0>)
Memory status after this epoch: 
Memory allocated:  253.83447265625
Memory cached:  490.0
	 epoch  30 training error:  tensor(0.9476, device='cuda:0', grad_fn=<DivBackward0>)
	 epoch  30 test error:  tensor(0.0981, device='cuda:0', grad_fn=<DivBackward0>)
Memory status after this epoch: 
Memory allocated:  253.45947265625
Memory cached:  490.0
	 epoch  40 training error:  tensor(0.9509, device='cuda:0', grad_fn=<DivBackward0>)
	 epoch  40 test error:  tensor(0.0981, device='cuda:0', grad_fn=<DivBackward0>)
Memory status after this epoch: 
Memory allocated:  253.83447265625
Memory cached:  490.0
	 epoch  50 training error:  tensor(0.9472, device='cuda:0', grad_fn=<DivBackward0>)
	 epoch  50 test error:  tensor(0.0983, device='cuda:0', grad_fn=<DivBackward0>)
Memory status after this epoch: 
Memory allocated:  253.45947265625
Memory cached:  490.0
	 epoch  60 training error:  tensor(0.9518, device='cuda:0', grad_fn=<DivBackward0>)
	 epoch  60 test error:  tensor(0.0980, device='cuda:0', grad_fn=<DivBackward0>)
Memory status after this epoch: 
Memory allocated:  253.83447265625
Memory cached:  490.0
	 epoch  70 training error:  tensor(0.9473, device='cuda:0', grad_fn=<DivBackward0>)
	 epoch  70 test error:  tensor(0.0982, device='cuda:0', grad_fn=<DivBackward0>)
Memory status after this epoch: 
Memory allocated:  253.45947265625
Memory cached:  490.0
	 epoch  80 training error:  tensor(0.9478, device='cuda:0', grad_fn=<DivBackward0>)
	 epoch  80 test error:  tensor(0.0982, device='cuda:0', grad_fn=<DivBackward0>)
Memory status after this epoch: 
Memory allocated:  253.83447265625
Memory cached:  490.0
	 epoch  90 training error:  tensor(0.9520, device='cuda:0', grad_fn=<DivBackward0>)
	 epoch  90 test error:  tensor(0.0980, device='cuda:0', grad_fn=<DivBackward0>)
Memory status after this epoch: 
Memory allocated:  253.45947265625
Memory cached:  490.0
[I 2023-11-17 03:50:12,415] Trial 36 finished with value: 0.09773451089859009 and parameters: {'W_layers': 7, 'W_layer_units_exponent_0': 4, 'W_layer_units_exponent_1': 7, 'W_layer_units_exponent_2': 5, 'W_layer_units_exponent_3': 9, 'W_layer_units_exponent_4': 10, 'W_layer_units_exponent_5': 8, 'W_layer_units_exponent_6': 7, 'D_layers': 8, 'D_layer_units_exponent_0': 6, 'D_layer_units_exponent_1': 7, 'D_layer_units_exponent_2': 6, 'D_layer_units_exponent_3': 9, 'D_layer_units_exponent_4': 9, 'D_layer_units_exponent_5': 7, 'D_layer_units_exponent_6': 7, 'D_layer_units_exponent_7': 7, 'log_learning_rate': -3.547337461888707, 'log_learning_rate_D': -1.684871006130979, 'training_batch_size': 9, 'training_p': 5}. Best is trial 14 with value: 0.09673155844211578.
Time for this trial:  205.88549780845642
Memory status after this trial: 
Memory allocated:  475.8271484375
Memory cached:  490.0
--------------------  Trial  37   --------------------
Start timing: 
Parameters: 
{'W_layers': 6, 'W_layer_units_exponent_0': 6, 'W_layer_units_exponent_1': 9, 'W_layer_units_exponent_2': 6, 'W_layer_units_exponent_3': 8, 'W_layer_units_exponent_4': 8, 'W_layer_units_exponent_5': 4, 'D_layers': 6, 'D_layer_units_exponent_0': 7, 'D_layer_units_exponent_1': 6, 'D_layer_units_exponent_2': 5, 'D_layer_units_exponent_3': 8, 'D_layer_units_exponent_4': 7, 'D_layer_units_exponent_5': 5, 'log_learning_rate': -4.562760762865942, 'log_learning_rate_D': -1.2075981532237337, 'training_batch_size': 8, 'training_p': 3}
	 epoch  0 training error:  tensor(1.0042, device='cuda:0', grad_fn=<DivBackward0>)
	 epoch  0 test error:  tensor(0.0968, device='cuda:0', grad_fn=<DivBackward0>)
Memory status after this epoch: 
Memory allocated:  133.52001953125
Memory cached:  160.0
	 epoch  10 training error:  tensor(0.9735, device='cuda:0', grad_fn=<DivBackward0>)
	 epoch  10 test error:  tensor(0.0972, device='cuda:0', grad_fn=<DivBackward0>)
Memory status after this epoch: 
Memory allocated:  133.61376953125
Memory cached:  276.0
	 epoch  20 training error:  tensor(0.9540, device='cuda:0', grad_fn=<DivBackward0>)
	 epoch  20 test error:  tensor(0.0986, device='cuda:0', grad_fn=<DivBackward0>)
Memory status after this epoch: 
Memory allocated:  133.66064453125
Memory cached:  278.0
	 epoch  30 training error:  tensor(0.9528, device='cuda:0', grad_fn=<DivBackward0>)
	 epoch  30 test error:  tensor(0.0980, device='cuda:0', grad_fn=<DivBackward0>)
Memory status after this epoch: 
Memory allocated:  133.61376953125
Memory cached:  276.0
	 epoch  40 training error:  tensor(0.9492, device='cuda:0', grad_fn=<DivBackward0>)
	 epoch  40 test error:  tensor(0.0982, device='cuda:0', grad_fn=<DivBackward0>)
Memory status after this epoch: 
Memory allocated:  133.66064453125
Memory cached:  276.0
	 epoch  50 training error:  tensor(0.9495, device='cuda:0', grad_fn=<DivBackward0>)
	 epoch  50 test error:  tensor(0.0982, device='cuda:0', grad_fn=<DivBackward0>)
Memory status after this epoch: 
Memory allocated:  133.61376953125
Memory cached:  278.0
	 epoch  60 training error:  tensor(0.9492, device='cuda:0', grad_fn=<DivBackward0>)
	 epoch  60 test error:  tensor(0.0982, device='cuda:0', grad_fn=<DivBackward0>)
Memory status after this epoch: 
Memory allocated:  133.66064453125
Memory cached:  276.0
	 epoch  70 training error:  tensor(0.9497, device='cuda:0', grad_fn=<DivBackward0>)
	 epoch  70 test error:  tensor(0.0983, device='cuda:0', grad_fn=<DivBackward0>)
Memory status after this epoch: 
Memory allocated:  133.61376953125
Memory cached:  278.0
	 epoch  80 training error:  tensor(0.9494, device='cuda:0', grad_fn=<DivBackward0>)
	 epoch  80 test error:  tensor(0.0982, device='cuda:0', grad_fn=<DivBackward0>)
Memory status after this epoch: 
Memory allocated:  133.66064453125
Memory cached:  276.0
	 epoch  90 training error:  tensor(0.9497, device='cuda:0', grad_fn=<DivBackward0>)
	 epoch  90 test error:  tensor(0.0982, device='cuda:0', grad_fn=<DivBackward0>)
Memory status after this epoch: 
Memory allocated:  133.61376953125
Memory cached:  276.0
