[I 2023-11-17 00:07:09,259] Trial 7 finished with value: 0.09772999584674835 and parameters: {'W_layers': 8, 'W_layer_units_exponent_0': 4, 'W_layer_units_exponent_1': 4, 'W_layer_units_exponent_2': 5, 'W_layer_units_exponent_3': 9, 'W_layer_units_exponent_4': 7, 'W_layer_units_exponent_5': 6, 'W_layer_units_exponent_6': 7, 'W_layer_units_exponent_7': 9, 'D_layers': 4, 'D_layer_units_exponent_0': 6, 'D_layer_units_exponent_1': 9, 'D_layer_units_exponent_2': 4, 'D_layer_units_exponent_3': 5, 'log_learning_rate': -2.368064119478535, 'log_learning_rate_D': -4.017729307447901, 'training_batch_size': 11, 'training_p': 4}. Best is trial 3 with value: 0.09674399346113205.
Time for this trial:  170.0172598361969
Memory status after this trial: 
Memory allocated:  284.734375
Memory cached:  302.0
--------------------  Trial  8   --------------------
Start timing: 
Parameters: 
{'W_layers': 4, 'W_layer_units_exponent_0': 4, 'W_layer_units_exponent_1': 6, 'W_layer_units_exponent_2': 9, 'W_layer_units_exponent_3': 9, 'D_layers': 2, 'D_layer_units_exponent_0': 6, 'D_layer_units_exponent_1': 8, 'log_learning_rate': -1.926760318253737, 'log_learning_rate_D': -4.609654738470985, 'training_batch_size': 9, 'training_p': 2}
	 epoch  0 training error:  tensor(1.0636, device='cuda:0', grad_fn=<DivBackward0>)
	 epoch  0 test error:  tensor(3.6716, device='cuda:0', grad_fn=<DivBackward0>)
Memory status after this epoch: 
Memory allocated:  115.01318359375
Memory cached:  142.0
	 epoch  10 training error:  tensor(1., device='cuda:0', grad_fn=<DivBackward0>)
	 epoch  10 test error:  tensor(0.0967, device='cuda:0', grad_fn=<DivBackward0>)
Memory status after this epoch: 
Memory allocated:  114.73193359375
Memory cached:  236.0
	 epoch  20 training error:  tensor(1., device='cuda:0', grad_fn=<DivBackward0>)
	 epoch  20 test error:  tensor(0.0967, device='cuda:0', grad_fn=<DivBackward0>)
Memory status after this epoch: 
Memory allocated:  115.01318359375
Memory cached:  240.0
	 epoch  30 training error:  tensor(1., device='cuda:0', grad_fn=<DivBackward0>)
	 epoch  30 test error:  tensor(0.0967, device='cuda:0', grad_fn=<DivBackward0>)
Memory status after this epoch: 
Memory allocated:  114.73193359375
Memory cached:  236.0
	 epoch  40 training error:  tensor(1., device='cuda:0', grad_fn=<DivBackward0>)
	 epoch  40 test error:  tensor(0.0967, device='cuda:0', grad_fn=<DivBackward0>)
Memory status after this epoch: 
Memory allocated:  115.01318359375
Memory cached:  236.0
	 epoch  50 training error:  tensor(1., device='cuda:0', grad_fn=<DivBackward0>)
	 epoch  50 test error:  tensor(0.0967, device='cuda:0', grad_fn=<DivBackward0>)
Memory status after this epoch: 
Memory allocated:  114.73193359375
Memory cached:  236.0
	 epoch  60 training error:  tensor(1., device='cuda:0', grad_fn=<DivBackward0>)
	 epoch  60 test error:  tensor(0.0967, device='cuda:0', grad_fn=<DivBackward0>)
Memory status after this epoch: 
Memory allocated:  115.01318359375
Memory cached:  236.0
	 epoch  70 training error:  tensor(1., device='cuda:0', grad_fn=<DivBackward0>)
	 epoch  70 test error:  tensor(0.0967, device='cuda:0', grad_fn=<DivBackward0>)
Memory status after this epoch: 
Memory allocated:  114.73193359375
Memory cached:  236.0
	 epoch  80 training error:  tensor(1., device='cuda:0', grad_fn=<DivBackward0>)
	 epoch  80 test error:  tensor(0.0967, device='cuda:0', grad_fn=<DivBackward0>)
Memory status after this epoch: 
Memory allocated:  115.01318359375
Memory cached:  236.0
	 epoch  90 training error:  tensor(1., device='cuda:0', grad_fn=<DivBackward0>)
	 epoch  90 test error:  tensor(0.0967, device='cuda:0', grad_fn=<DivBackward0>)
Memory status after this epoch: 
Memory allocated:  114.73193359375
Memory cached:  236.0
[I 2023-11-17 00:09:07,929] Trial 8 finished with value: 0.09674399346113205 and parameters: {'W_layers': 4, 'W_layer_units_exponent_0': 4, 'W_layer_units_exponent_1': 6, 'W_layer_units_exponent_2': 9, 'W_layer_units_exponent_3': 9, 'D_layers': 2, 'D_layer_units_exponent_0': 6, 'D_layer_units_exponent_1': 8, 'log_learning_rate': -1.926760318253737, 'log_learning_rate_D': -4.609654738470985, 'training_batch_size': 9, 'training_p': 2}. Best is trial 3 with value: 0.09674399346113205.
Time for this trial:  118.51020240783691
Memory status after this trial: 
Memory allocated:  220.2412109375
Memory cached:  236.0
--------------------  Trial  9   --------------------
Start timing: 
Parameters: 
{'W_layers': 5, 'W_layer_units_exponent_0': 8, 'W_layer_units_exponent_1': 4, 'W_layer_units_exponent_2': 10, 'W_layer_units_exponent_3': 8, 'W_layer_units_exponent_4': 5, 'D_layers': 5, 'D_layer_units_exponent_0': 7, 'D_layer_units_exponent_1': 9, 'D_layer_units_exponent_2': 9, 'D_layer_units_exponent_3': 9, 'D_layer_units_exponent_4': 10, 'log_learning_rate': -4.5602497941826305, 'log_learning_rate_D': -3.9860173610382685, 'training_batch_size': 9, 'training_p': 3}
	 epoch  0 training error:  tensor(1.0144, device='cuda:0', grad_fn=<DivBackward0>)
	 epoch  0 test error:  tensor(0.0968, device='cuda:0', grad_fn=<DivBackward0>)
Memory status after this epoch: 
Memory allocated:  282.19970703125
Memory cached:  302.0
	 epoch  10 training error:  tensor(0.9590, device='cuda:0', grad_fn=<DivBackward0>)
	 epoch  10 test error:  tensor(0.0974, device='cuda:0', grad_fn=<DivBackward0>)
Memory status after this epoch: 
Memory allocated:  282.66845703125
Memory cached:  546.0
	 epoch  20 training error:  tensor(0.9502, device='cuda:0', grad_fn=<DivBackward0>)
	 epoch  20 test error:  tensor(0.0984, device='cuda:0', grad_fn=<DivBackward0>)
Memory status after this epoch: 
Memory allocated:  282.57470703125
Memory cached:  546.0
	 epoch  30 training error:  tensor(0.9499, device='cuda:0', grad_fn=<DivBackward0>)
	 epoch  30 test error:  tensor(0.0983, device='cuda:0', grad_fn=<DivBackward0>)
Memory status after this epoch: 
Memory allocated:  282.19970703125
Memory cached:  546.0
	 epoch  40 training error:  tensor(0.9497, device='cuda:0', grad_fn=<DivBackward0>)
	 epoch  40 test error:  tensor(0.0982, device='cuda:0', grad_fn=<DivBackward0>)
Memory status after this epoch: 
Memory allocated:  282.94970703125
Memory cached:  546.0
	 epoch  50 training error:  tensor(0.9498, device='cuda:0', grad_fn=<DivBackward0>)
	 epoch  50 test error:  tensor(0.0983, device='cuda:0', grad_fn=<DivBackward0>)
Memory status after this epoch: 
Memory allocated:  282.19970703125
Memory cached:  546.0
	 epoch  60 training error:  tensor(0.9496, device='cuda:0', grad_fn=<DivBackward0>)
	 epoch  60 test error:  tensor(0.0982, device='cuda:0', grad_fn=<DivBackward0>)
Memory status after this epoch: 
Memory allocated:  282.57470703125
Memory cached:  546.0
	 epoch  70 training error:  tensor(0.9510, device='cuda:0', grad_fn=<DivBackward0>)
	 epoch  70 test error:  tensor(0.0980, device='cuda:0', grad_fn=<DivBackward0>)
Memory status after this epoch: 
Memory allocated:  282.57470703125
Memory cached:  548.0
	 epoch  80 training error:  tensor(0.9523, device='cuda:0', grad_fn=<DivBackward0>)
	 epoch  80 test error:  tensor(0.0980, device='cuda:0', grad_fn=<DivBackward0>)
Memory status after this epoch: 
Memory allocated:  282.19970703125
Memory cached:  546.0
	 epoch  90 training error:  tensor(0.9494, device='cuda:0', grad_fn=<DivBackward0>)
	 epoch  90 test error:  tensor(0.0981, device='cuda:0', grad_fn=<DivBackward0>)
Memory status after this epoch: 
Memory allocated:  282.57470703125
Memory cached:  548.0
[I 2023-11-17 00:12:00,831] Trial 9 finished with value: 0.09840016067028046 and parameters: {'W_layers': 5, 'W_layer_units_exponent_0': 8, 'W_layer_units_exponent_1': 4, 'W_layer_units_exponent_2': 10, 'W_layer_units_exponent_3': 8, 'W_layer_units_exponent_4': 5, 'D_layers': 5, 'D_layer_units_exponent_0': 7, 'D_layer_units_exponent_1': 9, 'D_layer_units_exponent_2': 9, 'D_layer_units_exponent_3': 9, 'D_layer_units_exponent_4': 10, 'log_learning_rate': -4.5602497941826305, 'log_learning_rate_D': -3.9860173610382685, 'training_batch_size': 9, 'training_p': 3}. Best is trial 3 with value: 0.09674399346113205.
Time for this trial:  172.74367141723633
Memory status after this trial: 
Memory allocated:  530.1806640625
Memory cached:  548.0
--------------------  Trial  10   --------------------
Start timing: 
Parameters: 
{'W_layers': 2, 'W_layer_units_exponent_0': 8, 'W_layer_units_exponent_1': 6, 'D_layers': 7, 'D_layer_units_exponent_0': 10, 'D_layer_units_exponent_1': 4, 'D_layer_units_exponent_2': 4, 'D_layer_units_exponent_3': 8, 'D_layer_units_exponent_4': 8, 'D_layer_units_exponent_5': 10, 'D_layer_units_exponent_6': 4, 'log_learning_rate': -1.1969518813846274, 'log_learning_rate_D': -2.8416317709503702, 'training_batch_size': 12, 'training_p': 2}
	 epoch  0 training error:  tensor(1.6429, device='cuda:0', grad_fn=<DivBackward0>)
	 epoch  0 test error:  tensor(0.2201, device='cuda:0', grad_fn=<DivBackward0>)
Memory status after this epoch: 
Memory allocated:  195.9130859375
Memory cached:  222.0
	 epoch  10 training error:  tensor(1., device='cuda:0', grad_fn=<DivBackward0>)
	 epoch  10 test error:  tensor(0.0967, device='cuda:0', grad_fn=<DivBackward0>)
Memory status after this epoch: 
Memory allocated:  195.2568359375
Memory cached:  396.0
	 epoch  20 training error:  tensor(1., device='cuda:0', grad_fn=<DivBackward0>)
	 epoch  20 test error:  tensor(0.0967, device='cuda:0', grad_fn=<DivBackward0>)
Memory status after this epoch: 
Memory allocated:  195.9130859375
Memory cached:  396.0
	 epoch  30 training error:  tensor(1., device='cuda:0', grad_fn=<DivBackward0>)
	 epoch  30 test error:  tensor(0.0967, device='cuda:0', grad_fn=<DivBackward0>)
Memory status after this epoch: 
Memory allocated:  195.2568359375
Memory cached:  396.0
	 epoch  40 training error:  tensor(1., device='cuda:0', grad_fn=<DivBackward0>)
	 epoch  40 test error:  tensor(0.0967, device='cuda:0', grad_fn=<DivBackward0>)
Memory status after this epoch: 
Memory allocated:  195.5380859375
Memory cached:  396.0
	 epoch  50 training error:  tensor(1., device='cuda:0', grad_fn=<DivBackward0>)
	 epoch  50 test error:  tensor(0.0967, device='cuda:0', grad_fn=<DivBackward0>)
Memory status after this epoch: 
Memory allocated:  195.2568359375
Memory cached:  398.0
	 epoch  60 training error:  tensor(1., device='cuda:0', grad_fn=<DivBackward0>)
	 epoch  60 test error:  tensor(0.0967, device='cuda:0', grad_fn=<DivBackward0>)
Memory status after this epoch: 
Memory allocated:  195.5380859375
Memory cached:  396.0
	 epoch  70 training error:  tensor(1., device='cuda:0', grad_fn=<DivBackward0>)
	 epoch  70 test error:  tensor(0.0967, device='cuda:0', grad_fn=<DivBackward0>)
Memory status after this epoch: 
Memory allocated:  195.2568359375
Memory cached:  396.0
	 epoch  80 training error:  tensor(1., device='cuda:0', grad_fn=<DivBackward0>)
	 epoch  80 test error:  tensor(0.0967, device='cuda:0', grad_fn=<DivBackward0>)
Memory status after this epoch: 
Memory allocated:  195.5380859375
Memory cached:  396.0
	 epoch  90 training error:  tensor(1., device='cuda:0', grad_fn=<DivBackward0>)
	 epoch  90 test error:  tensor(0.0967, device='cuda:0', grad_fn=<DivBackward0>)
Memory status after this epoch: 
Memory allocated:  195.2568359375
Memory cached:  396.0
[I 2023-11-17 00:14:36,064] Trial 10 finished with value: 0.09674400091171265 and parameters: {'W_layers': 2, 'W_layer_units_exponent_0': 8, 'W_layer_units_exponent_1': 6, 'D_layers': 7, 'D_layer_units_exponent_0': 10, 'D_layer_units_exponent_1': 4, 'D_layer_units_exponent_2': 4, 'D_layer_units_exponent_3': 8, 'D_layer_units_exponent_4': 8, 'D_layer_units_exponent_5': 10, 'D_layer_units_exponent_6': 4, 'log_learning_rate': -1.1969518813846274, 'log_learning_rate_D': -2.8416317709503702, 'training_batch_size': 12, 'training_p': 2}. Best is trial 3 with value: 0.09674399346113205.
Time for this trial:  155.00701689720154
Memory status after this trial: 
Memory allocated:  379.6591796875
Memory cached:  396.0
--------------------  Trial  11   --------------------
Start timing: 
Parameters: 
{'W_layers': 3, 'W_layer_units_exponent_0': 4, 'W_layer_units_exponent_1': 6, 'W_layer_units_exponent_2': 8, 'D_layers': 2, 'D_layer_units_exponent_0': 5, 'D_layer_units_exponent_1': 6, 'log_learning_rate': -1.84123733662133, 'log_learning_rate_D': -4.998498240568811, 'training_batch_size': 8, 'training_p': 2}
	 epoch  0 training error:  tensor(0.9596, device='cuda:0', grad_fn=<DivBackward0>)
	 epoch  0 test error:  tensor(0.4458, device='cuda:0', grad_fn=<DivBackward0>)
Memory status after this epoch: 
Memory allocated:  57.384765625
Memory cached:  130.0
	 epoch  10 training error:  tensor(1.0000, device='cuda:0', grad_fn=<DivBackward0>)
	 epoch  10 test error:  tensor(0.0967, device='cuda:0', grad_fn=<DivBackward0>)
Memory status after this epoch: 
Memory allocated:  57.666015625
Memory cached:  132.0
	 epoch  20 training error:  tensor(1.0000, device='cuda:0', grad_fn=<DivBackward0>)
	 epoch  20 test error:  tensor(0.0967, device='cuda:0', grad_fn=<DivBackward0>)
Memory status after this epoch: 
Memory allocated:  57.384765625
Memory cached:  132.0
	 epoch  30 training error:  tensor(1., device='cuda:0', grad_fn=<DivBackward0>)
	 epoch  30 test error:  tensor(0.0967, device='cuda:0', grad_fn=<DivBackward0>)
Memory status after this epoch: 
Memory allocated:  57.666015625
Memory cached:  132.0
	 epoch  40 training error:  tensor(1., device='cuda:0', grad_fn=<DivBackward0>)
	 epoch  40 test error:  tensor(0.0967, device='cuda:0', grad_fn=<DivBackward0>)
Memory status after this epoch: 
Memory allocated:  57.384765625
Memory cached:  132.0
	 epoch  50 training error:  tensor(1., device='cuda:0', grad_fn=<DivBackward0>)
	 epoch  50 test error:  tensor(0.0967, device='cuda:0', grad_fn=<DivBackward0>)
Memory status after this epoch: 
Memory allocated:  57.666015625
Memory cached:  134.0
	 epoch  60 training error:  tensor(1., device='cuda:0', grad_fn=<DivBackward0>)
	 epoch  60 test error:  tensor(0.0967, device='cuda:0', grad_fn=<DivBackward0>)
Memory status after this epoch: 
Memory allocated:  57.384765625
Memory cached:  132.0
	 epoch  70 training error:  tensor(1., device='cuda:0', grad_fn=<DivBackward0>)
	 epoch  70 test error:  tensor(0.0967, device='cuda:0', grad_fn=<DivBackward0>)
Memory status after this epoch: 
Memory allocated:  57.666015625
Memory cached:  134.0
	 epoch  80 training error:  tensor(1., device='cuda:0', grad_fn=<DivBackward0>)
	 epoch  80 test error:  tensor(0.0967, device='cuda:0', grad_fn=<DivBackward0>)
Memory status after this epoch: 
Memory allocated:  57.384765625
Memory cached:  136.0
	 epoch  90 training error:  tensor(1., device='cuda:0', grad_fn=<DivBackward0>)
	 epoch  90 test error:  tensor(0.0967, device='cuda:0', grad_fn=<DivBackward0>)
Memory status after this epoch: 
Memory allocated:  57.666015625
Memory cached:  136.0
[I 2023-11-17 00:16:22,322] Trial 11 finished with value: 0.09674400091171265 and parameters: {'W_layers': 3, 'W_layer_units_exponent_0': 4, 'W_layer_units_exponent_1': 6, 'W_layer_units_exponent_2': 8, 'D_layers': 2, 'D_layer_units_exponent_0': 5, 'D_layer_units_exponent_1': 6, 'log_learning_rate': -1.84123733662133, 'log_learning_rate_D': -4.998498240568811, 'training_batch_size': 8, 'training_p': 2}. Best is trial 3 with value: 0.09674399346113205.
Time for this trial:  106.06794762611389
Memory status after this trial: 
Memory allocated:  112.279296875
Memory cached:  138.0
--------------------  Trial  12   --------------------
Start timing: 
Parameters: 
{'W_layers': 6, 'W_layer_units_exponent_0': 7, 'W_layer_units_exponent_1': 6, 'W_layer_units_exponent_2': 7, 'W_layer_units_exponent_3': 4, 'W_layer_units_exponent_4': 6, 'W_layer_units_exponent_5': 4, 'D_layers': 3, 'D_layer_units_exponent_0': 4, 'D_layer_units_exponent_1': 6, 'D_layer_units_exponent_2': 5, 'log_learning_rate': -2.0473829536038917, 'log_learning_rate_D': -4.968286391575883, 'training_batch_size': 10, 'training_p': 3}
	 epoch  0 training error:  tensor(0.9922, device='cuda:0', grad_fn=<DivBackward0>)
	 epoch  0 test error:  tensor(0.1593, device='cuda:0', grad_fn=<DivBackward0>)
Memory status after this epoch: 
Memory allocated:  63.19287109375
Memory cached:  92.0
	 epoch  10 training error:  tensor(1.0362, device='cuda:0', grad_fn=<DivBackward0>)
	 epoch  10 test error:  tensor(0.1010, device='cuda:0', grad_fn=<DivBackward0>)
Memory status after this epoch: 
Memory allocated:  62.91162109375
Memory cached:  136.0
	 epoch  20 training error:  tensor(0.9722, device='cuda:0', grad_fn=<DivBackward0>)
	 epoch  20 test error:  tensor(0.0975, device='cuda:0', grad_fn=<DivBackward0>)
Memory status after this epoch: 
Memory allocated:  63.19287109375
Memory cached:  138.0
	 epoch  30 training error:  tensor(0.9891, device='cuda:0', grad_fn=<DivBackward0>)
	 epoch  30 test error:  tensor(0.0999, device='cuda:0', grad_fn=<DivBackward0>)
Memory status after this epoch: 
Memory allocated:  62.91162109375
Memory cached:  136.0
	 epoch  40 training error:  tensor(0.9737, device='cuda:0', grad_fn=<DivBackward0>)
	 epoch  40 test error:  tensor(0.0998, device='cuda:0', grad_fn=<DivBackward0>)
Memory status after this epoch: 
Memory allocated:  63.19287109375
Memory cached:  138.0
	 epoch  50 training error:  tensor(0.9548, device='cuda:0', grad_fn=<DivBackward0>)
	 epoch  50 test error:  tensor(0.0976, device='cuda:0', grad_fn=<DivBackward0>)
Memory status after this epoch: 
Memory allocated:  62.91162109375
Memory cached:  138.0
	 epoch  60 training error:  tensor(0.9573, device='cuda:0', grad_fn=<DivBackward0>)
	 epoch  60 test error:  tensor(0.0976, device='cuda:0', grad_fn=<DivBackward0>)
Memory status after this epoch: 
Memory allocated:  63.19287109375
Memory cached:  138.0
	 epoch  70 training error:  tensor(0.9624, device='cuda:0', grad_fn=<DivBackward0>)
	 epoch  70 test error:  tensor(0.0976, device='cuda:0', grad_fn=<DivBackward0>)
Memory status after this epoch: 
Memory allocated:  62.91162109375
Memory cached:  138.0
	 epoch  80 training error:  tensor(0.9563, device='cuda:0', grad_fn=<DivBackward0>)
	 epoch  80 test error:  tensor(0.0981, device='cuda:0', grad_fn=<DivBackward0>)
Memory status after this epoch: 
Memory allocated:  63.19287109375
Memory cached:  138.0
	 epoch  90 training error:  tensor(0.9499, device='cuda:0', grad_fn=<DivBackward0>)
	 epoch  90 test error:  tensor(0.0997, device='cuda:0', grad_fn=<DivBackward0>)
Memory status after this epoch: 
Memory allocated:  62.91162109375
Memory cached:  140.0
