[I 2023-11-17 04:52:49,685] Trial 2 finished with value: 0.09818699210882187 and parameters: {'W_layers': 7, 'W_layer_units_exponent_0': 10, 'W_layer_units_exponent_1': 4, 'W_layer_units_exponent_2': 7, 'W_layer_units_exponent_3': 7, 'W_layer_units_exponent_4': 5, 'W_layer_units_exponent_5': 7, 'W_layer_units_exponent_6': 6, 'D_layers': 4, 'D_layer_units_exponent_0': 4, 'D_layer_units_exponent_1': 8, 'D_layer_units_exponent_2': 8, 'D_layer_units_exponent_3': 6, 'log_learning_rate': -4.701724834598032, 'log_learning_rate_D': -2.3378232087104776, 'training_batch_size': 7, 'training_p': 4}. Best is trial 1 with value: 0.09799110889434814.
Time for this trial:  164.58233785629272
Memory status after this trial: 
Memory allocated:  292.974609375
Memory cached:  308.0
--------------------  Trial  3   --------------------
Start timing: 
Parameters: 
{'W_layers': 2, 'W_layer_units_exponent_0': 9, 'W_layer_units_exponent_1': 8, 'D_layers': 2, 'D_layer_units_exponent_0': 4, 'D_layer_units_exponent_1': 6, 'log_learning_rate': -4.273505349208918, 'log_learning_rate_D': -1.6254464027858933, 'training_batch_size': 7, 'training_p': 4}
	 epoch  0 training error:  tensor(0.9708, device='cuda:0', grad_fn=<DivBackward0>)
	 epoch  0 test error:  tensor(0.0995, device='cuda:0', grad_fn=<DivBackward0>)
Memory status after this epoch: 
Memory allocated:  81.57421875
Memory cached:  136.0
	 epoch  10 training error:  tensor(0.9586, device='cuda:0', grad_fn=<DivBackward0>)
	 epoch  10 test error:  tensor(0.0978, device='cuda:0', grad_fn=<DivBackward0>)
Memory status after this epoch: 
Memory allocated:  82.04296875
Memory cached:  172.0
	 epoch  20 training error:  tensor(0.9584, device='cuda:0', grad_fn=<DivBackward0>)
	 epoch  20 test error:  tensor(0.0978, device='cuda:0', grad_fn=<DivBackward0>)
Memory status after this epoch: 
Memory allocated:  81.57421875
Memory cached:  172.0
	 epoch  30 training error:  tensor(0.9525, device='cuda:0', grad_fn=<DivBackward0>)
	 epoch  30 test error:  tensor(0.0984, device='cuda:0', grad_fn=<DivBackward0>)
Memory status after this epoch: 
Memory allocated:  82.04296875
Memory cached:  172.0
	 epoch  40 training error:  tensor(0.9508, device='cuda:0', grad_fn=<DivBackward0>)
	 epoch  40 test error:  tensor(0.0980, device='cuda:0', grad_fn=<DivBackward0>)
Memory status after this epoch: 
Memory allocated:  81.57421875
Memory cached:  174.0
	 epoch  50 training error:  tensor(0.9523, device='cuda:0', grad_fn=<DivBackward0>)
	 epoch  50 test error:  tensor(0.0983, device='cuda:0', grad_fn=<DivBackward0>)
Memory status after this epoch: 
Memory allocated:  82.04296875
Memory cached:  174.0
	 epoch  60 training error:  tensor(0.9503, device='cuda:0', grad_fn=<DivBackward0>)
	 epoch  60 test error:  tensor(0.0981, device='cuda:0', grad_fn=<DivBackward0>)
Memory status after this epoch: 
Memory allocated:  81.57421875
Memory cached:  176.0
	 epoch  70 training error:  tensor(0.9517, device='cuda:0', grad_fn=<DivBackward0>)
	 epoch  70 test error:  tensor(0.0984, device='cuda:0', grad_fn=<DivBackward0>)
Memory status after this epoch: 
Memory allocated:  82.04296875
Memory cached:  178.0
	 epoch  80 training error:  tensor(0.9498, device='cuda:0', grad_fn=<DivBackward0>)
	 epoch  80 test error:  tensor(0.0982, device='cuda:0', grad_fn=<DivBackward0>)
Memory status after this epoch: 
Memory allocated:  81.57421875
Memory cached:  178.0
	 epoch  90 training error:  tensor(0.9485, device='cuda:0', grad_fn=<DivBackward0>)
	 epoch  90 test error:  tensor(0.0982, device='cuda:0', grad_fn=<DivBackward0>)
Memory status after this epoch: 
Memory allocated:  82.04296875
Memory cached:  178.0
[I 2023-11-17 04:54:31,074] Trial 3 finished with value: 0.09821603447198868 and parameters: {'W_layers': 2, 'W_layer_units_exponent_0': 9, 'W_layer_units_exponent_1': 8, 'D_layers': 2, 'D_layer_units_exponent_0': 4, 'D_layer_units_exponent_1': 6, 'log_learning_rate': -4.273505349208918, 'log_learning_rate_D': -1.6254464027858933, 'training_batch_size': 7, 'training_p': 4}. Best is trial 1 with value: 0.09799110889434814.
Time for this trial:  101.24370431900024
Memory status after this trial: 
Memory allocated:  158.0537109375
Memory cached:  176.0
--------------------  Trial  4   --------------------
Start timing: 
Parameters: 
{'W_layers': 8, 'W_layer_units_exponent_0': 4, 'W_layer_units_exponent_1': 5, 'W_layer_units_exponent_2': 6, 'W_layer_units_exponent_3': 8, 'W_layer_units_exponent_4': 10, 'W_layer_units_exponent_5': 4, 'W_layer_units_exponent_6': 9, 'W_layer_units_exponent_7': 8, 'D_layers': 5, 'D_layer_units_exponent_0': 6, 'D_layer_units_exponent_1': 7, 'D_layer_units_exponent_2': 8, 'D_layer_units_exponent_3': 4, 'D_layer_units_exponent_4': 9, 'log_learning_rate': -4.054426662259777, 'log_learning_rate_D': -3.370604454525629, 'training_batch_size': 12, 'training_p': 8}
	 epoch  0 training error:  tensor(0.9987, device='cuda:0', grad_fn=<DivBackward0>)
	 epoch  0 test error:  tensor(0.0968, device='cuda:0', grad_fn=<DivBackward0>)
Memory status after this epoch: 
Memory allocated:  210.345703125
Memory cached:  238.0
	 epoch  10 training error:  tensor(0.9705, device='cuda:0', grad_fn=<DivBackward0>)
	 epoch  10 test error:  tensor(0.0998, device='cuda:0', grad_fn=<DivBackward0>)
Memory status after this epoch: 
Memory allocated:  209.876953125
Memory cached:  424.0
	 epoch  20 training error:  tensor(0.9608, device='cuda:0', grad_fn=<DivBackward0>)
	 epoch  20 test error:  tensor(0.0977, device='cuda:0', grad_fn=<DivBackward0>)
Memory status after this epoch: 
Memory allocated:  210.345703125
Memory cached:  424.0
	 epoch  30 training error:  tensor(0.9520, device='cuda:0', grad_fn=<DivBackward0>)
	 epoch  30 test error:  tensor(0.0980, device='cuda:0', grad_fn=<DivBackward0>)
Memory status after this epoch: 
Memory allocated:  209.876953125
Memory cached:  424.0
	 epoch  40 training error:  tensor(0.9518, device='cuda:0', grad_fn=<DivBackward0>)
	 epoch  40 test error:  tensor(0.0983, device='cuda:0', grad_fn=<DivBackward0>)
Memory status after this epoch: 
Memory allocated:  210.345703125
Memory cached:  424.0
	 epoch  50 training error:  tensor(0.9502, device='cuda:0', grad_fn=<DivBackward0>)
	 epoch  50 test error:  tensor(0.0982, device='cuda:0', grad_fn=<DivBackward0>)
Memory status after this epoch: 
Memory allocated:  209.876953125
Memory cached:  424.0
	 epoch  60 training error:  tensor(0.9504, device='cuda:0', grad_fn=<DivBackward0>)
	 epoch  60 test error:  tensor(0.0983, device='cuda:0', grad_fn=<DivBackward0>)
Memory status after this epoch: 
Memory allocated:  210.345703125
Memory cached:  424.0
	 epoch  70 training error:  tensor(0.9496, device='cuda:0', grad_fn=<DivBackward0>)
	 epoch  70 test error:  tensor(0.0982, device='cuda:0', grad_fn=<DivBackward0>)
Memory status after this epoch: 
Memory allocated:  209.876953125
Memory cached:  424.0
	 epoch  80 training error:  tensor(0.9509, device='cuda:0', grad_fn=<DivBackward0>)
	 epoch  80 test error:  tensor(0.0982, device='cuda:0', grad_fn=<DivBackward0>)
Memory status after this epoch: 
Memory allocated:  210.345703125
Memory cached:  424.0
	 epoch  90 training error:  tensor(0.9526, device='cuda:0', grad_fn=<DivBackward0>)
	 epoch  90 test error:  tensor(0.0981, device='cuda:0', grad_fn=<DivBackward0>)
Memory status after this epoch: 
Memory allocated:  209.876953125
Memory cached:  424.0
[I 2023-11-17 04:57:39,098] Trial 4 finished with value: 0.09811898320913315 and parameters: {'W_layers': 8, 'W_layer_units_exponent_0': 4, 'W_layer_units_exponent_1': 5, 'W_layer_units_exponent_2': 6, 'W_layer_units_exponent_3': 8, 'W_layer_units_exponent_4': 10, 'W_layer_units_exponent_5': 4, 'W_layer_units_exponent_6': 9, 'W_layer_units_exponent_7': 8, 'D_layers': 5, 'D_layer_units_exponent_0': 6, 'D_layer_units_exponent_1': 7, 'D_layer_units_exponent_2': 8, 'D_layer_units_exponent_3': 4, 'D_layer_units_exponent_4': 9, 'log_learning_rate': -4.054426662259777, 'log_learning_rate_D': -3.370604454525629, 'training_batch_size': 12, 'training_p': 8}. Best is trial 1 with value: 0.09799110889434814.
Time for this trial:  187.8538954257965
Memory status after this trial: 
Memory allocated:  406.5703125
Memory cached:  424.0
--------------------  Trial  5   --------------------
Start timing: 
Parameters: 
{'W_layers': 2, 'W_layer_units_exponent_0': 4, 'W_layer_units_exponent_1': 5, 'D_layers': 2, 'D_layer_units_exponent_0': 6, 'D_layer_units_exponent_1': 10, 'log_learning_rate': -4.03803724141744, 'log_learning_rate_D': -3.1617840712035297, 'training_batch_size': 10, 'training_p': 2}
	 epoch  0 training error:  tensor(1.0540, device='cuda:0', grad_fn=<DivBackward0>)
	 epoch  0 test error:  tensor(0.0974, device='cuda:0', grad_fn=<DivBackward0>)
Memory status after this epoch: 
Memory allocated:  95.31298828125
Memory cached:  148.0
	 epoch  10 training error:  tensor(1.0127, device='cuda:0', grad_fn=<DivBackward0>)
	 epoch  10 test error:  tensor(0.0979, device='cuda:0', grad_fn=<DivBackward0>)
Memory status after this epoch: 
Memory allocated:  95.78173828125
Memory cached:  202.0
	 epoch  20 training error:  tensor(0.9898, device='cuda:0', grad_fn=<DivBackward0>)
	 epoch  20 test error:  tensor(0.0985, device='cuda:0', grad_fn=<DivBackward0>)
Memory status after this epoch: 
Memory allocated:  95.31298828125
Memory cached:  202.0
	 epoch  30 training error:  tensor(0.9734, device='cuda:0', grad_fn=<DivBackward0>)
	 epoch  30 test error:  tensor(0.0980, device='cuda:0', grad_fn=<DivBackward0>)
Memory status after this epoch: 
Memory allocated:  95.78173828125
Memory cached:  202.0
	 epoch  40 training error:  tensor(0.9623, device='cuda:0', grad_fn=<DivBackward0>)
	 epoch  40 test error:  tensor(0.0979, device='cuda:0', grad_fn=<DivBackward0>)
Memory status after this epoch: 
Memory allocated:  95.31298828125
Memory cached:  202.0
	 epoch  50 training error:  tensor(0.9551, device='cuda:0', grad_fn=<DivBackward0>)
	 epoch  50 test error:  tensor(0.0975, device='cuda:0', grad_fn=<DivBackward0>)
Memory status after this epoch: 
Memory allocated:  95.78173828125
Memory cached:  202.0
	 epoch  60 training error:  tensor(0.9526, device='cuda:0', grad_fn=<DivBackward0>)
	 epoch  60 test error:  tensor(0.0976, device='cuda:0', grad_fn=<DivBackward0>)
Memory status after this epoch: 
Memory allocated:  95.31298828125
Memory cached:  202.0
	 epoch  70 training error:  tensor(0.9518, device='cuda:0', grad_fn=<DivBackward0>)
	 epoch  70 test error:  tensor(0.0975, device='cuda:0', grad_fn=<DivBackward0>)
Memory status after this epoch: 
Memory allocated:  95.78173828125
Memory cached:  202.0
	 epoch  80 training error:  tensor(0.9511, device='cuda:0', grad_fn=<DivBackward0>)
	 epoch  80 test error:  tensor(0.0975, device='cuda:0', grad_fn=<DivBackward0>)
Memory status after this epoch: 
Memory allocated:  95.31298828125
Memory cached:  202.0
	 epoch  90 training error:  tensor(0.9500, device='cuda:0', grad_fn=<DivBackward0>)
	 epoch  90 test error:  tensor(0.0977, device='cuda:0', grad_fn=<DivBackward0>)
Memory status after this epoch: 
Memory allocated:  95.78173828125
Memory cached:  202.0
[I 2023-11-17 04:59:19,447] Trial 5 finished with value: 0.09774742275476456 and parameters: {'W_layers': 2, 'W_layer_units_exponent_0': 4, 'W_layer_units_exponent_1': 5, 'D_layers': 2, 'D_layer_units_exponent_0': 6, 'D_layer_units_exponent_1': 10, 'log_learning_rate': -4.03803724141744, 'log_learning_rate_D': -3.1617840712035297, 'training_batch_size': 10, 'training_p': 2}. Best is trial 5 with value: 0.09774742275476456.
Time for this trial:  100.19763469696045
Memory status after this trial: 
Memory allocated:  187.189453125
Memory cached:  202.0
--------------------  Trial  6   --------------------
Start timing: 
Parameters: 
{'W_layers': 8, 'W_layer_units_exponent_0': 6, 'W_layer_units_exponent_1': 4, 'W_layer_units_exponent_2': 5, 'W_layer_units_exponent_3': 10, 'W_layer_units_exponent_4': 7, 'W_layer_units_exponent_5': 9, 'W_layer_units_exponent_6': 5, 'W_layer_units_exponent_7': 6, 'D_layers': 8, 'D_layer_units_exponent_0': 10, 'D_layer_units_exponent_1': 6, 'D_layer_units_exponent_2': 8, 'D_layer_units_exponent_3': 10, 'D_layer_units_exponent_4': 6, 'D_layer_units_exponent_5': 6, 'D_layer_units_exponent_6': 7, 'D_layer_units_exponent_7': 8, 'log_learning_rate': -3.2608634250920208, 'log_learning_rate_D': -1.3503539048105133, 'training_batch_size': 6, 'training_p': 8}
	 epoch  0 training error:  tensor(0.9963, device='cuda:0', grad_fn=<DivBackward0>)
	 epoch  0 test error:  tensor(0.0965, device='cuda:0', grad_fn=<DivBackward0>)
Memory status after this epoch: 
Memory allocated:  297.96923828125
Memory cached:  326.0
	 epoch  10 training error:  tensor(0.9619, device='cuda:0', grad_fn=<DivBackward0>)
	 epoch  10 test error:  tensor(0.0972, device='cuda:0', grad_fn=<DivBackward0>)
Memory status after this epoch: 
Memory allocated:  297.50048828125
Memory cached:  596.0
	 epoch  20 training error:  tensor(0.9553, device='cuda:0', grad_fn=<DivBackward0>)
	 epoch  20 test error:  tensor(0.0977, device='cuda:0', grad_fn=<DivBackward0>)
Memory status after this epoch: 
Memory allocated:  297.96923828125
Memory cached:  596.0
	 epoch  30 training error:  tensor(0.9594, device='cuda:0', grad_fn=<DivBackward0>)
	 epoch  30 test error:  tensor(0.0978, device='cuda:0', grad_fn=<DivBackward0>)
Memory status after this epoch: 
Memory allocated:  297.50048828125
Memory cached:  596.0
	 epoch  40 training error:  tensor(0.9519, device='cuda:0', grad_fn=<DivBackward0>)
	 epoch  40 test error:  tensor(0.0987, device='cuda:0', grad_fn=<DivBackward0>)
Memory status after this epoch: 
Memory allocated:  297.96923828125
Memory cached:  596.0
	 epoch  50 training error:  tensor(0.9537, device='cuda:0', grad_fn=<DivBackward0>)
	 epoch  50 test error:  tensor(0.0979, device='cuda:0', grad_fn=<DivBackward0>)
Memory status after this epoch: 
Memory allocated:  297.50048828125
Memory cached:  596.0
	 epoch  60 training error:  tensor(0.9591, device='cuda:0', grad_fn=<DivBackward0>)
	 epoch  60 test error:  tensor(0.0979, device='cuda:0', grad_fn=<DivBackward0>)
Memory status after this epoch: 
Memory allocated:  297.96923828125
Memory cached:  596.0
	 epoch  70 training error:  tensor(0.9499, device='cuda:0', grad_fn=<DivBackward0>)
	 epoch  70 test error:  tensor(0.0982, device='cuda:0', grad_fn=<DivBackward0>)
Memory status after this epoch: 
Memory allocated:  297.50048828125
Memory cached:  596.0
	 epoch  80 training error:  tensor(0.9537, device='cuda:0', grad_fn=<DivBackward0>)
	 epoch  80 test error:  tensor(0.0982, device='cuda:0', grad_fn=<DivBackward0>)
Memory status after this epoch: 
Memory allocated:  297.96923828125
Memory cached:  596.0
	 epoch  90 training error:  tensor(0.9507, device='cuda:0', grad_fn=<DivBackward0>)
	 epoch  90 test error:  tensor(0.0982, device='cuda:0', grad_fn=<DivBackward0>)
Memory status after this epoch: 
Memory allocated:  297.50048828125
Memory cached:  596.0
[I 2023-11-17 05:05:33,602] Trial 6 finished with value: 0.09822769463062286 and parameters: {'W_layers': 8, 'W_layer_units_exponent_0': 6, 'W_layer_units_exponent_1': 4, 'W_layer_units_exponent_2': 5, 'W_layer_units_exponent_3': 10, 'W_layer_units_exponent_4': 7, 'W_layer_units_exponent_5': 9, 'W_layer_units_exponent_6': 5, 'W_layer_units_exponent_7': 6, 'D_layers': 8, 'D_layer_units_exponent_0': 10, 'D_layer_units_exponent_1': 6, 'D_layer_units_exponent_2': 8, 'D_layer_units_exponent_3': 10, 'D_layer_units_exponent_4': 6, 'D_layer_units_exponent_5': 6, 'D_layer_units_exponent_6': 7, 'D_layer_units_exponent_7': 8, 'log_learning_rate': -3.2608634250920208, 'log_learning_rate_D': -1.3503539048105133, 'training_batch_size': 6, 'training_p': 8}. Best is trial 5 with value: 0.09774742275476456.
Time for this trial:  373.9359624385834
Memory status after this trial: 
Memory allocated:  576.5205078125
Memory cached:  596.0
--------------------  Trial  7   --------------------
Start timing: 
Parameters: 
{'W_layers': 8, 'W_layer_units_exponent_0': 4, 'W_layer_units_exponent_1': 8, 'W_layer_units_exponent_2': 6, 'W_layer_units_exponent_3': 7, 'W_layer_units_exponent_4': 8, 'W_layer_units_exponent_5': 8, 'W_layer_units_exponent_6': 8, 'W_layer_units_exponent_7': 7, 'D_layers': 3, 'D_layer_units_exponent_0': 10, 'D_layer_units_exponent_1': 7, 'D_layer_units_exponent_2': 7, 'log_learning_rate': -4.688225650408345, 'log_learning_rate_D': -1.161543377562694, 'training_batch_size': 12, 'training_p': 4}
	 epoch  0 training error:  tensor(1.0012, device='cuda:0', grad_fn=<DivBackward0>)
	 epoch  0 test error:  tensor(0.0968, device='cuda:0', grad_fn=<DivBackward0>)
Memory status after this epoch: 
Memory allocated:  180.45458984375
Memory cached:  208.0
	 epoch  10 training error:  tensor(0.9969, device='cuda:0', grad_fn=<DivBackward0>)
	 epoch  10 test error:  tensor(0.0968, device='cuda:0', grad_fn=<DivBackward0>)
Memory status after this epoch: 
Memory allocated:  180.92333984375
Memory cached:  366.0
	 epoch  20 training error:  tensor(0.9906, device='cuda:0', grad_fn=<DivBackward0>)
	 epoch  20 test error:  tensor(0.0968, device='cuda:0', grad_fn=<DivBackward0>)
Memory status after this epoch: 
Memory allocated:  180.45458984375
Memory cached:  366.0
	 epoch  30 training error:  tensor(0.9825, device='cuda:0', grad_fn=<DivBackward0>)
	 epoch  30 test error:  tensor(0.0969, device='cuda:0', grad_fn=<DivBackward0>)
Memory status after this epoch: 
Memory allocated:  180.92333984375
Memory cached:  366.0
	 epoch  40 training error:  tensor(0.9713, device='cuda:0', grad_fn=<DivBackward0>)
	 epoch  40 test error:  tensor(0.0972, device='cuda:0', grad_fn=<DivBackward0>)
Memory status after this epoch: 
Memory allocated:  180.45458984375
Memory cached:  366.0
	 epoch  50 training error:  tensor(0.9561, device='cuda:0', grad_fn=<DivBackward0>)
	 epoch  50 test error:  tensor(0.0978, device='cuda:0', grad_fn=<DivBackward0>)
Memory status after this epoch: 
Memory allocated:  180.92333984375
Memory cached:  368.0
	 epoch  60 training error:  tensor(0.9486, device='cuda:0', grad_fn=<DivBackward0>)
	 epoch  60 test error:  tensor(0.0982, device='cuda:0', grad_fn=<DivBackward0>)
Memory status after this epoch: 
Memory allocated:  180.45458984375
Memory cached:  368.0
	 epoch  70 training error:  tensor(0.9485, device='cuda:0', grad_fn=<DivBackward0>)
	 epoch  70 test error:  tensor(0.0982, device='cuda:0', grad_fn=<DivBackward0>)
Memory status after this epoch: 
Memory allocated:  180.92333984375
Memory cached:  368.0
	 epoch  80 training error:  tensor(0.9477, device='cuda:0', grad_fn=<DivBackward0>)
	 epoch  80 test error:  tensor(0.0983, device='cuda:0', grad_fn=<DivBackward0>)
Memory status after this epoch: 
Memory allocated:  180.45458984375
Memory cached:  368.0
	 epoch  90 training error:  tensor(0.9478, device='cuda:0', grad_fn=<DivBackward0>)
	 epoch  90 test error:  tensor(0.0982, device='cuda:0', grad_fn=<DivBackward0>)
Memory status after this epoch: 
Memory allocated:  180.92333984375
Memory cached:  366.0
