[I 2023-12-03 06:03:18,188] Trial 19 finished with value: 0.09937509149312973 and parameters: {'W_layers': 2, 'W_layer_units_exponent_0': 9, 'W_layer_units_exponent_1': 5, 'D_layers': 7, 'D_layer_units_exponent_0': 9, 'D_layer_units_exponent_1': 9, 'D_layer_units_exponent_2': 7, 'D_layer_units_exponent_3': 7, 'D_layer_units_exponent_4': 10, 'D_layer_units_exponent_5': 6, 'D_layer_units_exponent_6': 8, 'D_dagger_layers': 7, 'D_dagger_layer_units_exponent_0': 9, 'D_dagger_layer_units_exponent_1': 5, 'D_dagger_layer_units_exponent_2': 7, 'D_dagger_layer_units_exponent_3': 8, 'D_dagger_layer_units_exponent_4': 5, 'D_dagger_layer_units_exponent_5': 8, 'D_dagger_layer_units_exponent_6': 7, 'log_learning_rate': -4.986665191798076, 'log_learning_rate_D': -3.2502770594473898, 'log_learning_rate_D_dagger': -3.9403570484420074, 'training_batch_size': 8, 'training_p': 3}. Best is trial 16 with value: 0.016163093969225883.
Time for this trial:  212.81039953231812
Memory status after this trial: 
Memory allocated:  503.7216796875
Memory cached:  522.0
--------------------  Trial  20   --------------------
Start timing: 
Parameters: 
{'W_layers': 7, 'W_layer_units_exponent_0': 5, 'W_layer_units_exponent_1': 9, 'W_layer_units_exponent_2': 7, 'W_layer_units_exponent_3': 8, 'W_layer_units_exponent_4': 5, 'W_layer_units_exponent_5': 8, 'W_layer_units_exponent_6': 4, 'D_layers': 8, 'D_layer_units_exponent_0': 8, 'D_layer_units_exponent_1': 8, 'D_layer_units_exponent_2': 8, 'D_layer_units_exponent_3': 5, 'D_layer_units_exponent_4': 6, 'D_layer_units_exponent_5': 8, 'D_layer_units_exponent_6': 8, 'D_layer_units_exponent_7': 4, 'D_dagger_layers': 4, 'D_dagger_layer_units_exponent_0': 7, 'D_dagger_layer_units_exponent_1': 7, 'D_dagger_layer_units_exponent_2': 8, 'D_dagger_layer_units_exponent_3': 8, 'log_learning_rate': -4.479718904854773, 'log_learning_rate_D': -4.036041854396792, 'log_learning_rate_D_dagger': -4.208104883842706, 'training_batch_size': 8, 'training_p': 5}
	 epoch  0 training error:  tensor(1.0170, device='cuda:0', grad_fn=<DivBackward0>)
Memory status after this epoch: 
Memory allocated:  269.15869140625
Memory cached:  516.0
	 epoch  10 training error:  tensor(0.9449, device='cuda:0', grad_fn=<DivBackward0>)
Memory status after this epoch: 
Memory allocated:  269.15869140625
Memory cached:  540.0
	 epoch  20 training error:  tensor(0.8627, device='cuda:0', grad_fn=<DivBackward0>)
Memory status after this epoch: 
Memory allocated:  269.15869140625
Memory cached:  546.0
	 epoch  30 training error:  tensor(0.7547, device='cuda:0', grad_fn=<DivBackward0>)
Memory status after this epoch: 
Memory allocated:  269.15869140625
Memory cached:  536.0
	 epoch  40 training error:  tensor(0.6037, device='cuda:0', grad_fn=<DivBackward0>)
Memory status after this epoch: 
Memory allocated:  269.15869140625
Memory cached:  538.0
	 epoch  50 training error:  tensor(0.3929, device='cuda:0', grad_fn=<DivBackward0>)
Memory status after this epoch: 
Memory allocated:  269.15869140625
Memory cached:  546.0
	 epoch  60 training error:  tensor(0.1456, device='cuda:0', grad_fn=<DivBackward0>)
Memory status after this epoch: 
Memory allocated:  269.15869140625
Memory cached:  542.0
	 epoch  70 training error:  tensor(0.1697, device='cuda:0', grad_fn=<DivBackward0>)
Memory status after this epoch: 
Memory allocated:  269.15869140625
Memory cached:  530.0
	 epoch  80 training error:  tensor(0.1469, device='cuda:0', grad_fn=<DivBackward0>)
Memory status after this epoch: 
Memory allocated:  269.15869140625
Memory cached:  540.0
	 epoch  90 training error:  tensor(0.1395, device='cuda:0', grad_fn=<DivBackward0>)
Memory status after this epoch: 
Memory allocated:  269.15869140625
Memory cached:  532.0
[I 2023-12-03 06:07:05,385] Trial 20 finished with value: 0.11076056957244873 and parameters: {'W_layers': 7, 'W_layer_units_exponent_0': 5, 'W_layer_units_exponent_1': 9, 'W_layer_units_exponent_2': 7, 'W_layer_units_exponent_3': 8, 'W_layer_units_exponent_4': 5, 'W_layer_units_exponent_5': 8, 'W_layer_units_exponent_6': 4, 'D_layers': 8, 'D_layer_units_exponent_0': 8, 'D_layer_units_exponent_1': 8, 'D_layer_units_exponent_2': 8, 'D_layer_units_exponent_3': 5, 'D_layer_units_exponent_4': 6, 'D_layer_units_exponent_5': 8, 'D_layer_units_exponent_6': 8, 'D_layer_units_exponent_7': 4, 'D_dagger_layers': 4, 'D_dagger_layer_units_exponent_0': 7, 'D_dagger_layer_units_exponent_1': 7, 'D_dagger_layer_units_exponent_2': 8, 'D_dagger_layer_units_exponent_3': 8, 'log_learning_rate': -4.479718904854773, 'log_learning_rate_D': -4.036041854396792, 'log_learning_rate_D_dagger': -4.208104883842706, 'training_batch_size': 8, 'training_p': 5}. Best is trial 16 with value: 0.016163093969225883.
Time for this trial:  226.90975165367126
Memory status after this trial: 
Memory allocated:  444.26708984375
Memory cached:  518.0
--------------------  Trial  21   --------------------
Start timing: 
Parameters: 
{'W_layers': 5, 'W_layer_units_exponent_0': 10, 'W_layer_units_exponent_1': 10, 'W_layer_units_exponent_2': 9, 'W_layer_units_exponent_3': 5, 'W_layer_units_exponent_4': 8, 'D_layers': 6, 'D_layer_units_exponent_0': 7, 'D_layer_units_exponent_1': 10, 'D_layer_units_exponent_2': 5, 'D_layer_units_exponent_3': 5, 'D_layer_units_exponent_4': 8, 'D_layer_units_exponent_5': 5, 'D_dagger_layers': 5, 'D_dagger_layer_units_exponent_0': 9, 'D_dagger_layer_units_exponent_1': 5, 'D_dagger_layer_units_exponent_2': 4, 'D_dagger_layer_units_exponent_3': 5, 'D_dagger_layer_units_exponent_4': 8, 'log_learning_rate': -4.054356805187102, 'log_learning_rate_D': -2.6189614393374425, 'log_learning_rate_D_dagger': -2.9827621314306105, 'training_batch_size': 7, 'training_p': 6}
	 epoch  0 training error:  tensor(0.9950, device='cuda:0', grad_fn=<DivBackward0>)
Memory status after this epoch: 
Memory allocated:  289.47509765625
Memory cached:  530.0
	 epoch  10 training error:  tensor(0.3175, device='cuda:0', grad_fn=<DivBackward0>)
Memory status after this epoch: 
Memory allocated:  289.47509765625
Memory cached:  566.0
	 epoch  20 training error:  tensor(0.1594, device='cuda:0', grad_fn=<DivBackward0>)
Memory status after this epoch: 
Memory allocated:  289.47509765625
Memory cached:  570.0
	 epoch  30 training error:  tensor(0.1459, device='cuda:0', grad_fn=<DivBackward0>)
Memory status after this epoch: 
Memory allocated:  289.47509765625
Memory cached:  570.0
	 epoch  40 training error:  tensor(0.1407, device='cuda:0', grad_fn=<DivBackward0>)
Memory status after this epoch: 
Memory allocated:  289.47509765625
Memory cached:  578.0
	 epoch  50 training error:  tensor(0.1336, device='cuda:0', grad_fn=<DivBackward0>)
Memory status after this epoch: 
Memory allocated:  289.47509765625
Memory cached:  580.0
	 epoch  60 training error:  tensor(0.1147, device='cuda:0', grad_fn=<DivBackward0>)
Memory status after this epoch: 
Memory allocated:  289.47509765625
Memory cached:  566.0
	 epoch  70 training error:  tensor(0.0801, device='cuda:0', grad_fn=<DivBackward0>)
Memory status after this epoch: 
Memory allocated:  289.47509765625
Memory cached:  572.0
	 epoch  80 training error:  tensor(0.0419, device='cuda:0', grad_fn=<DivBackward0>)
Memory status after this epoch: 
Memory allocated:  289.47509765625
Memory cached:  572.0
	 epoch  90 training error:  tensor(0.1001, device='cuda:0', grad_fn=<DivBackward0>)
Memory status after this epoch: 
Memory allocated:  289.47509765625
Memory cached:  572.0
[I 2023-12-03 06:10:44,613] Trial 21 finished with value: 0.034939710050821304 and parameters: {'W_layers': 5, 'W_layer_units_exponent_0': 10, 'W_layer_units_exponent_1': 10, 'W_layer_units_exponent_2': 9, 'W_layer_units_exponent_3': 5, 'W_layer_units_exponent_4': 8, 'D_layers': 6, 'D_layer_units_exponent_0': 7, 'D_layer_units_exponent_1': 10, 'D_layer_units_exponent_2': 5, 'D_layer_units_exponent_3': 5, 'D_layer_units_exponent_4': 8, 'D_layer_units_exponent_5': 5, 'D_dagger_layers': 5, 'D_dagger_layer_units_exponent_0': 9, 'D_dagger_layer_units_exponent_1': 5, 'D_dagger_layer_units_exponent_2': 4, 'D_dagger_layer_units_exponent_3': 5, 'D_dagger_layer_units_exponent_4': 8, 'log_learning_rate': -4.054356805187102, 'log_learning_rate_D': -2.6189614393374425, 'log_learning_rate_D_dagger': -2.9827621314306105, 'training_batch_size': 7, 'training_p': 6}. Best is trial 16 with value: 0.016163093969225883.
Time for this trial:  218.94634127616882
Memory status after this trial: 
Memory allocated:  548.8505859375
Memory cached:  572.0
--------------------  Trial  22   --------------------
Start timing: 
Parameters: 
{'W_layers': 5, 'W_layer_units_exponent_0': 9, 'W_layer_units_exponent_1': 8, 'W_layer_units_exponent_2': 7, 'W_layer_units_exponent_3': 8, 'W_layer_units_exponent_4': 10, 'D_layers': 5, 'D_layer_units_exponent_0': 7, 'D_layer_units_exponent_1': 6, 'D_layer_units_exponent_2': 4, 'D_layer_units_exponent_3': 7, 'D_layer_units_exponent_4': 9, 'D_dagger_layers': 4, 'D_dagger_layer_units_exponent_0': 6, 'D_dagger_layer_units_exponent_1': 4, 'D_dagger_layer_units_exponent_2': 6, 'D_dagger_layer_units_exponent_3': 6, 'log_learning_rate': -4.572030828459349, 'log_learning_rate_D': -2.9059288196868778, 'log_learning_rate_D_dagger': -3.4248414009242456, 'training_batch_size': 6, 'training_p': 7}
	 epoch  0 training error:  tensor(0.9923, device='cuda:0', grad_fn=<DivBackward0>)
Memory status after this epoch: 
Memory allocated:  270.17529296875
Memory cached:  510.0
	 epoch  10 training error:  tensor(0.7164, device='cuda:0', grad_fn=<DivBackward0>)
Memory status after this epoch: 
Memory allocated:  270.17529296875
Memory cached:  536.0
	 epoch  20 training error:  tensor(0.2102, device='cuda:0', grad_fn=<DivBackward0>)
Memory status after this epoch: 
Memory allocated:  270.17529296875
Memory cached:  536.0
	 epoch  30 training error:  tensor(0.1682, device='cuda:0', grad_fn=<DivBackward0>)
Memory status after this epoch: 
Memory allocated:  270.17529296875
Memory cached:  538.0
	 epoch  40 training error:  tensor(0.1501, device='cuda:0', grad_fn=<DivBackward0>)
Memory status after this epoch: 
Memory allocated:  270.17529296875
Memory cached:  532.0
	 epoch  50 training error:  tensor(0.1444, device='cuda:0', grad_fn=<DivBackward0>)
Memory status after this epoch: 
Memory allocated:  270.17529296875
Memory cached:  526.0
	 epoch  60 training error:  tensor(0.1409, device='cuda:0', grad_fn=<DivBackward0>)
Memory status after this epoch: 
Memory allocated:  270.17529296875
Memory cached:  528.0
	 epoch  70 training error:  tensor(0.1250, device='cuda:0', grad_fn=<DivBackward0>)
Memory status after this epoch: 
Memory allocated:  270.17529296875
Memory cached:  534.0
	 epoch  80 training error:  tensor(0.0814, device='cuda:0', grad_fn=<DivBackward0>)
Memory status after this epoch: 
Memory allocated:  270.17529296875
Memory cached:  542.0
	 epoch  90 training error:  tensor(0.0770, device='cuda:0', grad_fn=<DivBackward0>)
Memory status after this epoch: 
Memory allocated:  270.17529296875
Memory cached:  528.0
[I 2023-12-03 06:16:14,742] Trial 22 finished with value: 0.052768733352422714 and parameters: {'W_layers': 5, 'W_layer_units_exponent_0': 9, 'W_layer_units_exponent_1': 8, 'W_layer_units_exponent_2': 7, 'W_layer_units_exponent_3': 8, 'W_layer_units_exponent_4': 10, 'D_layers': 5, 'D_layer_units_exponent_0': 7, 'D_layer_units_exponent_1': 6, 'D_layer_units_exponent_2': 4, 'D_layer_units_exponent_3': 7, 'D_layer_units_exponent_4': 9, 'D_dagger_layers': 4, 'D_dagger_layer_units_exponent_0': 6, 'D_dagger_layer_units_exponent_1': 4, 'D_dagger_layer_units_exponent_2': 6, 'D_dagger_layer_units_exponent_3': 6, 'log_learning_rate': -4.572030828459349, 'log_learning_rate_D': -2.9059288196868778, 'log_learning_rate_D_dagger': -3.4248414009242456, 'training_batch_size': 6, 'training_p': 7}. Best is trial 16 with value: 0.016163093969225883.
Time for this trial:  329.8251712322235
Memory status after this trial: 
Memory allocated:  426.63427734375
Memory cached:  522.0
--------------------  Trial  23   --------------------
Start timing: 
Parameters: 
{'W_layers': 4, 'W_layer_units_exponent_0': 10, 'W_layer_units_exponent_1': 9, 'W_layer_units_exponent_2': 9, 'W_layer_units_exponent_3': 6, 'D_layers': 7, 'D_layer_units_exponent_0': 5, 'D_layer_units_exponent_1': 8, 'D_layer_units_exponent_2': 6, 'D_layer_units_exponent_3': 7, 'D_layer_units_exponent_4': 8, 'D_layer_units_exponent_5': 6, 'D_layer_units_exponent_6': 4, 'D_dagger_layers': 6, 'D_dagger_layer_units_exponent_0': 5, 'D_dagger_layer_units_exponent_1': 6, 'D_dagger_layer_units_exponent_2': 5, 'D_dagger_layer_units_exponent_3': 8, 'D_dagger_layer_units_exponent_4': 8, 'D_dagger_layer_units_exponent_5': 4, 'log_learning_rate': -4.1769175302278505, 'log_learning_rate_D': -3.449255169429973, 'log_learning_rate_D_dagger': -2.6396449939357027, 'training_batch_size': 7, 'training_p': 5}
	 epoch  0 training error:  tensor(1.0081, device='cuda:0', grad_fn=<DivBackward0>)
Memory status after this epoch: 
Memory allocated:  276.89111328125
Memory cached:  508.0
	 epoch  10 training error:  tensor(0.2160, device='cuda:0', grad_fn=<DivBackward0>)
Memory status after this epoch: 
Memory allocated:  276.89111328125
Memory cached:  534.0
	 epoch  20 training error:  tensor(0.1480, device='cuda:0', grad_fn=<DivBackward0>)
Memory status after this epoch: 
Memory allocated:  276.89111328125
Memory cached:  530.0
	 epoch  30 training error:  tensor(0.1432, device='cuda:0', grad_fn=<DivBackward0>)
Memory status after this epoch: 
Memory allocated:  276.89111328125
Memory cached:  528.0
	 epoch  40 training error:  tensor(0.1366, device='cuda:0', grad_fn=<DivBackward0>)
Memory status after this epoch: 
Memory allocated:  276.89111328125
Memory cached:  542.0
	 epoch  50 training error:  tensor(0.1350, device='cuda:0', grad_fn=<DivBackward0>)
Memory status after this epoch: 
Memory allocated:  276.89111328125
Memory cached:  544.0
	 epoch  60 training error:  tensor(0.1322, device='cuda:0', grad_fn=<DivBackward0>)
Memory status after this epoch: 
Memory allocated:  276.89111328125
Memory cached:  534.0
	 epoch  70 training error:  tensor(0.1307, device='cuda:0', grad_fn=<DivBackward0>)
Memory status after this epoch: 
Memory allocated:  276.89111328125
Memory cached:  540.0
	 epoch  80 training error:  tensor(0.1276, device='cuda:0', grad_fn=<DivBackward0>)
Memory status after this epoch: 
Memory allocated:  276.89111328125
Memory cached:  538.0
	 epoch  90 training error:  tensor(0.1165, device='cuda:0', grad_fn=<DivBackward0>)
Memory status after this epoch: 
Memory allocated:  276.89111328125
Memory cached:  538.0
[I 2023-12-03 06:19:48,527] Trial 23 finished with value: 0.08291652798652649 and parameters: {'W_layers': 4, 'W_layer_units_exponent_0': 10, 'W_layer_units_exponent_1': 9, 'W_layer_units_exponent_2': 9, 'W_layer_units_exponent_3': 6, 'D_layers': 7, 'D_layer_units_exponent_0': 5, 'D_layer_units_exponent_1': 8, 'D_layer_units_exponent_2': 6, 'D_layer_units_exponent_3': 7, 'D_layer_units_exponent_4': 8, 'D_layer_units_exponent_5': 6, 'D_layer_units_exponent_6': 4, 'D_dagger_layers': 6, 'D_dagger_layer_units_exponent_0': 5, 'D_dagger_layer_units_exponent_1': 6, 'D_dagger_layer_units_exponent_2': 5, 'D_dagger_layer_units_exponent_3': 8, 'D_dagger_layer_units_exponent_4': 8, 'D_dagger_layer_units_exponent_5': 4, 'log_learning_rate': -4.1769175302278505, 'log_learning_rate_D': -3.449255169429973, 'log_learning_rate_D_dagger': -2.6396449939357027, 'training_batch_size': 7, 'training_p': 5}. Best is trial 16 with value: 0.016163093969225883.
Time for this trial:  213.48798966407776
Memory status after this trial: 
Memory allocated:  460.15966796875
Memory cached:  514.0
--------------------  Trial  24   --------------------
Start timing: 
Parameters: 
{'W_layers': 6, 'W_layer_units_exponent_0': 8, 'W_layer_units_exponent_1': 7, 'W_layer_units_exponent_2': 8, 'W_layer_units_exponent_3': 7, 'W_layer_units_exponent_4': 6, 'W_layer_units_exponent_5': 5, 'D_layers': 6, 'D_layer_units_exponent_0': 8, 'D_layer_units_exponent_1': 6, 'D_layer_units_exponent_2': 5, 'D_layer_units_exponent_3': 5, 'D_layer_units_exponent_4': 9, 'D_layer_units_exponent_5': 9, 'D_dagger_layers': 5, 'D_dagger_layer_units_exponent_0': 8, 'D_dagger_layer_units_exponent_1': 5, 'D_dagger_layer_units_exponent_2': 6, 'D_dagger_layer_units_exponent_3': 6, 'D_dagger_layer_units_exponent_4': 6, 'log_learning_rate': -4.669391460360763, 'log_learning_rate_D': -2.002635235395892, 'log_learning_rate_D_dagger': -4.130776562949221, 'training_batch_size': 8, 'training_p': 8}
	 epoch  0 training error:  tensor(1.0033, device='cuda:0', grad_fn=<DivBackward0>)
Memory status after this epoch: 
Memory allocated:  268.36962890625
Memory cached:  508.0
	 epoch  10 training error:  tensor(0.9804, device='cuda:0', grad_fn=<DivBackward0>)
Memory status after this epoch: 
Memory allocated:  268.36962890625
Memory cached:  510.0
	 epoch  20 training error:  tensor(0.9552, device='cuda:0', grad_fn=<DivBackward0>)
Memory status after this epoch: 
Memory allocated:  268.36962890625
Memory cached:  508.0
	 epoch  30 training error:  tensor(0.9231, device='cuda:0', grad_fn=<DivBackward0>)
Memory status after this epoch: 
Memory allocated:  268.36962890625
Memory cached:  510.0
	 epoch  40 training error:  tensor(0.8818, device='cuda:0', grad_fn=<DivBackward0>)
Memory status after this epoch: 
Memory allocated:  268.36962890625
Memory cached:  508.0
	 epoch  50 training error:  tensor(0.8274, device='cuda:0', grad_fn=<DivBackward0>)
Memory status after this epoch: 
Memory allocated:  268.36962890625
Memory cached:  508.0
	 epoch  60 training error:  tensor(0.7564, device='cuda:0', grad_fn=<DivBackward0>)
Memory status after this epoch: 
Memory allocated:  268.36962890625
Memory cached:  510.0
	 epoch  70 training error:  tensor(0.6634, device='cuda:0', grad_fn=<DivBackward0>)
Memory status after this epoch: 
Memory allocated:  268.36962890625
Memory cached:  508.0
	 epoch  80 training error:  tensor(0.5425, device='cuda:0', grad_fn=<DivBackward0>)
Memory status after this epoch: 
Memory allocated:  268.36962890625
Memory cached:  508.0
	 epoch  90 training error:  tensor(0.3910, device='cuda:0', grad_fn=<DivBackward0>)
Memory status after this epoch: 
Memory allocated:  268.36962890625
Memory cached:  508.0
[I 2023-12-03 06:23:16,349] Trial 24 finished with value: 0.18341410160064697 and parameters: {'W_layers': 6, 'W_layer_units_exponent_0': 8, 'W_layer_units_exponent_1': 7, 'W_layer_units_exponent_2': 8, 'W_layer_units_exponent_3': 7, 'W_layer_units_exponent_4': 6, 'W_layer_units_exponent_5': 5, 'D_layers': 6, 'D_layer_units_exponent_0': 8, 'D_layer_units_exponent_1': 6, 'D_layer_units_exponent_2': 5, 'D_layer_units_exponent_3': 5, 'D_layer_units_exponent_4': 9, 'D_layer_units_exponent_5': 9, 'D_dagger_layers': 5, 'D_dagger_layer_units_exponent_0': 8, 'D_dagger_layer_units_exponent_1': 5, 'D_dagger_layer_units_exponent_2': 6, 'D_dagger_layer_units_exponent_3': 6, 'D_dagger_layer_units_exponent_4': 6, 'log_learning_rate': -4.669391460360763, 'log_learning_rate_D': -2.002635235395892, 'log_learning_rate_D_dagger': -4.130776562949221, 'training_batch_size': 8, 'training_p': 8}. Best is trial 16 with value: 0.016163093969225883.
Time for this trial:  207.5161395072937
Memory status after this trial: 
Memory allocated:  406.9892578125
Memory cached:  506.0
--------------------  Trial  25   --------------------
Start timing: 
Parameters: 
{'W_layers': 4, 'W_layer_units_exponent_0': 7, 'W_layer_units_exponent_1': 6, 'W_layer_units_exponent_2': 4, 'W_layer_units_exponent_3': 5, 'D_layers': 8, 'D_layer_units_exponent_0': 10, 'D_layer_units_exponent_1': 9, 'D_layer_units_exponent_2': 4, 'D_layer_units_exponent_3': 9, 'D_layer_units_exponent_4': 7, 'D_layer_units_exponent_5': 4, 'D_layer_units_exponent_6': 10, 'D_layer_units_exponent_7': 7, 'D_dagger_layers': 2, 'D_dagger_layer_units_exponent_0': 10, 'D_dagger_layer_units_exponent_1': 4, 'log_learning_rate': -3.745391424404319, 'log_learning_rate_D': -2.793422595275009, 'log_learning_rate_D_dagger': -3.508115324173273, 'training_batch_size': 6, 'training_p': 3}
	 epoch  0 training error:  tensor(0.9804, device='cuda:0', grad_fn=<DivBackward0>)
Memory status after this epoch: 
Memory allocated:  273.96435546875
Memory cached:  514.0
	 epoch  10 training error:  tensor(0.2746, device='cuda:0', grad_fn=<DivBackward0>)
Memory status after this epoch: 
Memory allocated:  273.96435546875
Memory cached:  562.0
	 epoch  20 training error:  tensor(0.1460, device='cuda:0', grad_fn=<DivBackward0>)
Memory status after this epoch: 
Memory allocated:  273.96435546875
Memory cached:  562.0
	 epoch  30 training error:  tensor(0.1098, device='cuda:0', grad_fn=<DivBackward0>)
Memory status after this epoch: 
Memory allocated:  273.96435546875
Memory cached:  558.0
	 epoch  40 training error:  tensor(0.1081, device='cuda:0', grad_fn=<DivBackward0>)
Memory status after this epoch: 
Memory allocated:  273.96435546875
Memory cached:  558.0
	 epoch  50 training error:  tensor(0.1084, device='cuda:0', grad_fn=<DivBackward0>)
Memory status after this epoch: 
Memory allocated:  273.96435546875
Memory cached:  562.0
	 epoch  60 training error:  tensor(0.1080, device='cuda:0', grad_fn=<DivBackward0>)
Memory status after this epoch: 
Memory allocated:  273.96435546875
Memory cached:  558.0
	 epoch  70 training error:  tensor(0.1073, device='cuda:0', grad_fn=<DivBackward0>)
Memory status after this epoch: 
Memory allocated:  273.96435546875
Memory cached:  554.0
	 epoch  80 training error:  tensor(0.1063, device='cuda:0', grad_fn=<DivBackward0>)
Memory status after this epoch: 
Memory allocated:  273.96435546875
Memory cached:  554.0
	 epoch  90 training error:  tensor(0.1030, device='cuda:0', grad_fn=<DivBackward0>)
Memory status after this epoch: 
Memory allocated:  273.96435546875
Memory cached:  566.0
