[I 2023-12-05 02:12:28,219] Trial 18 finished with value: 0.5152827501296997 and parameters: {'W_layers': 7, 'W_layer_units_exponent_0': 4, 'W_layer_units_exponent_1': 8, 'W_layer_units_exponent_2': 7, 'W_layer_units_exponent_3': 9, 'W_layer_units_exponent_4': 7, 'W_layer_units_exponent_5': 8, 'W_layer_units_exponent_6': 9, 'D_layers': 6, 'D_layer_units_exponent_0': 10, 'D_layer_units_exponent_1': 8, 'D_layer_units_exponent_2': 9, 'D_layer_units_exponent_3': 8, 'D_layer_units_exponent_4': 4, 'D_layer_units_exponent_5': 4, 'log_learning_rate': -2.7040257916591846, 'log_learning_rate_D': -3.1629715174306496, 'training_batch_size': 8, 'training_p': 2}. Best is trial 14 with value: 0.5089516043663025.
Time for this trial:  15.072928190231323
Memory status after this trial: 
Memory allocated:  72.52294921875
Memory cached:  84.0
--------------------  Trial  19   --------------------
Start timing: 
Parameters: 
{'W_layers': 3, 'W_layer_units_exponent_0': 5, 'W_layer_units_exponent_1': 6, 'W_layer_units_exponent_2': 9, 'D_layers': 4, 'D_layer_units_exponent_0': 7, 'D_layer_units_exponent_1': 8, 'D_layer_units_exponent_2': 10, 'D_layer_units_exponent_3': 8, 'log_learning_rate': -4.315266884202696, 'log_learning_rate_D': -1.5091906089681681, 'training_batch_size': 8, 'training_p': 4}
	 epoch  0 training error:  tensor(1.0256, device='cuda:0', grad_fn=<DivBackward0>)
Memory status after this epoch: 
Memory allocated:  30.4228515625
Memory cached:  76.0
	 epoch  10 training error:  tensor(0.9820, device='cuda:0', grad_fn=<DivBackward0>)
Memory status after this epoch: 
Memory allocated:  30.4228515625
Memory cached:  76.0
	 epoch  20 training error:  tensor(0.9571, device='cuda:0', grad_fn=<DivBackward0>)
Memory status after this epoch: 
Memory allocated:  30.4228515625
Memory cached:  78.0
	 epoch  30 training error:  tensor(0.9394, device='cuda:0', grad_fn=<DivBackward0>)
Memory status after this epoch: 
Memory allocated:  30.4228515625
Memory cached:  76.0
	 epoch  40 training error:  tensor(0.9229, device='cuda:0', grad_fn=<DivBackward0>)
Memory status after this epoch: 
Memory allocated:  30.4228515625
Memory cached:  76.0
	 epoch  50 training error:  tensor(0.9075, device='cuda:0', grad_fn=<DivBackward0>)
Memory status after this epoch: 
Memory allocated:  30.4228515625
Memory cached:  78.0
	 epoch  60 training error:  tensor(0.8933, device='cuda:0', grad_fn=<DivBackward0>)
Memory status after this epoch: 
Memory allocated:  30.4228515625
Memory cached:  76.0
	 epoch  70 training error:  tensor(0.8799, device='cuda:0', grad_fn=<DivBackward0>)
Memory status after this epoch: 
Memory allocated:  30.4228515625
Memory cached:  76.0
	 epoch  80 training error:  tensor(0.8673, device='cuda:0', grad_fn=<DivBackward0>)
Memory status after this epoch: 
Memory allocated:  30.4228515625
Memory cached:  78.0
	 epoch  90 training error:  tensor(0.8553, device='cuda:0', grad_fn=<DivBackward0>)
Memory status after this epoch: 
Memory allocated:  30.4228515625
Memory cached:  76.0
[I 2023-12-05 02:12:42,536] Trial 19 finished with value: 0.6918070912361145 and parameters: {'W_layers': 3, 'W_layer_units_exponent_0': 5, 'W_layer_units_exponent_1': 6, 'W_layer_units_exponent_2': 9, 'D_layers': 4, 'D_layer_units_exponent_0': 7, 'D_layer_units_exponent_1': 8, 'D_layer_units_exponent_2': 10, 'D_layer_units_exponent_3': 8, 'log_learning_rate': -4.315266884202696, 'log_learning_rate_D': -1.5091906089681681, 'training_batch_size': 8, 'training_p': 4}. Best is trial 14 with value: 0.5089516043663025.
Time for this trial:  14.16611099243164
Memory status after this trial: 
Memory allocated:  42.31396484375
Memory cached:  76.0
--------------------  Trial  20   --------------------
Start timing: 
Parameters: 
{'W_layers': 5, 'W_layer_units_exponent_0': 7, 'W_layer_units_exponent_1': 5, 'W_layer_units_exponent_2': 8, 'W_layer_units_exponent_3': 8, 'W_layer_units_exponent_4': 5, 'D_layers': 6, 'D_layer_units_exponent_0': 9, 'D_layer_units_exponent_1': 9, 'D_layer_units_exponent_2': 9, 'D_layer_units_exponent_3': 7, 'D_layer_units_exponent_4': 6, 'D_layer_units_exponent_5': 4, 'log_learning_rate': -3.2792611787693846, 'log_learning_rate_D': -2.069414970514173, 'training_batch_size': 6, 'training_p': 2}
	 epoch  0 training error:  tensor(1.0088, device='cuda:0', grad_fn=<DivBackward0>)
Memory status after this epoch: 
Memory allocated:  31.341796875
Memory cached:  76.0
	 epoch  10 training error:  tensor(0.7495, device='cuda:0', grad_fn=<DivBackward0>)
Memory status after this epoch: 
Memory allocated:  31.341796875
Memory cached:  76.0
	 epoch  20 training error:  tensor(0.7261, device='cuda:0', grad_fn=<DivBackward0>)
Memory status after this epoch: 
Memory allocated:  31.341796875
Memory cached:  76.0
	 epoch  30 training error:  tensor(0.7226, device='cuda:0', grad_fn=<DivBackward0>)
Memory status after this epoch: 
Memory allocated:  31.341796875
Memory cached:  76.0
	 epoch  40 training error:  tensor(0.7155, device='cuda:0', grad_fn=<DivBackward0>)
Memory status after this epoch: 
Memory allocated:  31.341796875
Memory cached:  76.0
	 epoch  50 training error:  tensor(0.6946, device='cuda:0', grad_fn=<DivBackward0>)
Memory status after this epoch: 
Memory allocated:  31.341796875
Memory cached:  76.0
	 epoch  60 training error:  tensor(0.6054, device='cuda:0', grad_fn=<DivBackward0>)
Memory status after this epoch: 
Memory allocated:  31.341796875
Memory cached:  76.0
	 epoch  70 training error:  tensor(0.5749, device='cuda:0', grad_fn=<DivBackward0>)
Memory status after this epoch: 
Memory allocated:  31.341796875
Memory cached:  76.0
	 epoch  80 training error:  tensor(0.5691, device='cuda:0', grad_fn=<DivBackward0>)
Memory status after this epoch: 
Memory allocated:  31.341796875
Memory cached:  76.0
	 epoch  90 training error:  tensor(0.5687, device='cuda:0', grad_fn=<DivBackward0>)
Memory status after this epoch: 
Memory allocated:  31.341796875
Memory cached:  76.0
[I 2023-12-05 02:12:58,127] Trial 20 finished with value: 0.5090295672416687 and parameters: {'W_layers': 5, 'W_layer_units_exponent_0': 7, 'W_layer_units_exponent_1': 5, 'W_layer_units_exponent_2': 8, 'W_layer_units_exponent_3': 8, 'W_layer_units_exponent_4': 5, 'D_layers': 6, 'D_layer_units_exponent_0': 9, 'D_layer_units_exponent_1': 9, 'D_layer_units_exponent_2': 9, 'D_layer_units_exponent_3': 7, 'D_layer_units_exponent_4': 6, 'D_layer_units_exponent_5': 4, 'log_learning_rate': -3.2792611787693846, 'log_learning_rate_D': -2.069414970514173, 'training_batch_size': 6, 'training_p': 2}. Best is trial 14 with value: 0.5089516043663025.
Time for this trial:  15.424712181091309
Memory status after this trial: 
Memory allocated:  45.32275390625
Memory cached:  80.0
--------------------  Trial  21   --------------------
Start timing: 
Parameters: 
{'W_layers': 5, 'W_layer_units_exponent_0': 7, 'W_layer_units_exponent_1': 5, 'W_layer_units_exponent_2': 8, 'W_layer_units_exponent_3': 8, 'W_layer_units_exponent_4': 5, 'D_layers': 6, 'D_layer_units_exponent_0': 9, 'D_layer_units_exponent_1': 10, 'D_layer_units_exponent_2': 9, 'D_layer_units_exponent_3': 7, 'D_layer_units_exponent_4': 6, 'D_layer_units_exponent_5': 4, 'log_learning_rate': -3.373100344626601, 'log_learning_rate_D': -1.9813635203173, 'training_batch_size': 6, 'training_p': 2}
	 epoch  0 training error:  tensor(0.9342, device='cuda:0', grad_fn=<DivBackward0>)
Memory status after this epoch: 
Memory allocated:  33.71875
Memory cached:  76.0
	 epoch  10 training error:  tensor(0.7335, device='cuda:0', grad_fn=<DivBackward0>)
Memory status after this epoch: 
Memory allocated:  33.71875
Memory cached:  76.0
	 epoch  20 training error:  tensor(0.7309, device='cuda:0', grad_fn=<DivBackward0>)
Memory status after this epoch: 
Memory allocated:  33.71875
Memory cached:  76.0
	 epoch  30 training error:  tensor(0.7269, device='cuda:0', grad_fn=<DivBackward0>)
Memory status after this epoch: 
Memory allocated:  33.71875
Memory cached:  76.0
	 epoch  40 training error:  tensor(0.7224, device='cuda:0', grad_fn=<DivBackward0>)
Memory status after this epoch: 
Memory allocated:  33.71875
Memory cached:  76.0
	 epoch  50 training error:  tensor(0.7134, device='cuda:0', grad_fn=<DivBackward0>)
Memory status after this epoch: 
Memory allocated:  33.71875
Memory cached:  76.0
	 epoch  60 training error:  tensor(0.6830, device='cuda:0', grad_fn=<DivBackward0>)
Memory status after this epoch: 
Memory allocated:  33.71875
Memory cached:  76.0
	 epoch  70 training error:  tensor(0.5769, device='cuda:0', grad_fn=<DivBackward0>)
Memory status after this epoch: 
Memory allocated:  33.71875
Memory cached:  76.0
	 epoch  80 training error:  tensor(0.5744, device='cuda:0', grad_fn=<DivBackward0>)
Memory status after this epoch: 
Memory allocated:  33.71875
Memory cached:  76.0
	 epoch  90 training error:  tensor(0.5689, device='cuda:0', grad_fn=<DivBackward0>)
Memory status after this epoch: 
Memory allocated:  33.71875
Memory cached:  76.0
[I 2023-12-05 02:13:13,905] Trial 21 finished with value: 0.5125054717063904 and parameters: {'W_layers': 5, 'W_layer_units_exponent_0': 7, 'W_layer_units_exponent_1': 5, 'W_layer_units_exponent_2': 8, 'W_layer_units_exponent_3': 8, 'W_layer_units_exponent_4': 5, 'D_layers': 6, 'D_layer_units_exponent_0': 9, 'D_layer_units_exponent_1': 10, 'D_layer_units_exponent_2': 9, 'D_layer_units_exponent_3': 7, 'D_layer_units_exponent_4': 6, 'D_layer_units_exponent_5': 4, 'log_learning_rate': -3.373100344626601, 'log_learning_rate_D': -1.9813635203173, 'training_batch_size': 6, 'training_p': 2}. Best is trial 14 with value: 0.5089516043663025.
Time for this trial:  15.60959267616272
Memory status after this trial: 
Memory allocated:  44.85400390625
Memory cached:  78.0
--------------------  Trial  22   --------------------
Start timing: 
Parameters: 
{'W_layers': 4, 'W_layer_units_exponent_0': 6, 'W_layer_units_exponent_1': 4, 'W_layer_units_exponent_2': 7, 'W_layer_units_exponent_3': 9, 'D_layers': 5, 'D_layer_units_exponent_0': 8, 'D_layer_units_exponent_1': 9, 'D_layer_units_exponent_2': 10, 'D_layer_units_exponent_3': 5, 'D_layer_units_exponent_4': 7, 'log_learning_rate': -3.4089807646282617, 'log_learning_rate_D': -1.3941710338553828, 'training_batch_size': 7, 'training_p': 3}
	 epoch  0 training error:  tensor(1.0233, device='cuda:0', grad_fn=<DivBackward0>)
Memory status after this epoch: 
Memory allocated:  31.83349609375
Memory cached:  76.0
	 epoch  10 training error:  tensor(0.8502, device='cuda:0', grad_fn=<DivBackward0>)
Memory status after this epoch: 
Memory allocated:  31.83349609375
Memory cached:  76.0
	 epoch  20 training error:  tensor(0.7956, device='cuda:0', grad_fn=<DivBackward0>)
Memory status after this epoch: 
Memory allocated:  31.83349609375
Memory cached:  76.0
	 epoch  30 training error:  tensor(0.7962, device='cuda:0', grad_fn=<DivBackward0>)
Memory status after this epoch: 
Memory allocated:  31.83349609375
Memory cached:  76.0
	 epoch  40 training error:  tensor(0.7916, device='cuda:0', grad_fn=<DivBackward0>)
Memory status after this epoch: 
Memory allocated:  31.83349609375
Memory cached:  76.0
	 epoch  50 training error:  tensor(0.7904, device='cuda:0', grad_fn=<DivBackward0>)
Memory status after this epoch: 
Memory allocated:  31.83349609375
Memory cached:  76.0
	 epoch  60 training error:  tensor(0.7899, device='cuda:0', grad_fn=<DivBackward0>)
Memory status after this epoch: 
Memory allocated:  31.83349609375
Memory cached:  76.0
	 epoch  70 training error:  tensor(0.7891, device='cuda:0', grad_fn=<DivBackward0>)
Memory status after this epoch: 
Memory allocated:  31.83349609375
Memory cached:  76.0
	 epoch  80 training error:  tensor(0.7886, device='cuda:0', grad_fn=<DivBackward0>)
Memory status after this epoch: 
Memory allocated:  31.83349609375
Memory cached:  76.0
	 epoch  90 training error:  tensor(0.7881, device='cuda:0', grad_fn=<DivBackward0>)
Memory status after this epoch: 
Memory allocated:  31.83349609375
Memory cached:  76.0
[I 2023-12-05 02:13:28,004] Trial 22 finished with value: 0.7262665033340454 and parameters: {'W_layers': 4, 'W_layer_units_exponent_0': 6, 'W_layer_units_exponent_1': 4, 'W_layer_units_exponent_2': 7, 'W_layer_units_exponent_3': 9, 'D_layers': 5, 'D_layer_units_exponent_0': 8, 'D_layer_units_exponent_1': 9, 'D_layer_units_exponent_2': 10, 'D_layer_units_exponent_3': 5, 'D_layer_units_exponent_4': 7, 'log_learning_rate': -3.4089807646282617, 'log_learning_rate_D': -1.3941710338553828, 'training_batch_size': 7, 'training_p': 3}. Best is trial 14 with value: 0.5089516043663025.
Time for this trial:  13.943281888961792
Memory status after this trial: 
Memory allocated:  45.13623046875
Memory cached:  78.0
--------------------  Trial  23   --------------------
Start timing: 
Parameters: 
{'W_layers': 6, 'W_layer_units_exponent_0': 7, 'W_layer_units_exponent_1': 5, 'W_layer_units_exponent_2': 9, 'W_layer_units_exponent_3': 8, 'W_layer_units_exponent_4': 5, 'W_layer_units_exponent_5': 6, 'D_layers': 5, 'D_layer_units_exponent_0': 9, 'D_layer_units_exponent_1': 10, 'D_layer_units_exponent_2': 9, 'D_layer_units_exponent_3': 9, 'D_layer_units_exponent_4': 6, 'log_learning_rate': -2.9291115949478974, 'log_learning_rate_D': -1.0581942877029558, 'training_batch_size': 8, 'training_p': 2}
	 epoch  0 training error:  tensor(1.0630, device='cuda:0', grad_fn=<DivBackward0>)
Memory status after this epoch: 
Memory allocated:  35.74609375
Memory cached:  78.0
	 epoch  10 training error:  tensor(0.7534, device='cuda:0', grad_fn=<DivBackward0>)
Memory status after this epoch: 
Memory allocated:  35.74609375
Memory cached:  78.0
	 epoch  20 training error:  tensor(0.7145, device='cuda:0', grad_fn=<DivBackward0>)
Memory status after this epoch: 
Memory allocated:  35.74609375
Memory cached:  78.0
	 epoch  30 training error:  tensor(0.6542, device='cuda:0', grad_fn=<DivBackward0>)
Memory status after this epoch: 
Memory allocated:  35.74609375
Memory cached:  78.0
	 epoch  40 training error:  tensor(0.5791, device='cuda:0', grad_fn=<DivBackward0>)
Memory status after this epoch: 
Memory allocated:  35.74609375
Memory cached:  78.0
	 epoch  50 training error:  tensor(0.5792, device='cuda:0', grad_fn=<DivBackward0>)
Memory status after this epoch: 
Memory allocated:  35.74609375
Memory cached:  78.0
	 epoch  60 training error:  tensor(0.5722, device='cuda:0', grad_fn=<DivBackward0>)
Memory status after this epoch: 
Memory allocated:  35.74609375
Memory cached:  78.0
	 epoch  70 training error:  tensor(0.5689, device='cuda:0', grad_fn=<DivBackward0>)
Memory status after this epoch: 
Memory allocated:  35.74609375
Memory cached:  78.0
	 epoch  80 training error:  tensor(0.5685, device='cuda:0', grad_fn=<DivBackward0>)
Memory status after this epoch: 
Memory allocated:  35.74609375
Memory cached:  78.0
	 epoch  90 training error:  tensor(0.5683, device='cuda:0', grad_fn=<DivBackward0>)
Memory status after this epoch: 
Memory allocated:  35.74609375
Memory cached:  78.0
[I 2023-12-05 02:13:42,704] Trial 23 finished with value: 0.5106903314590454 and parameters: {'W_layers': 6, 'W_layer_units_exponent_0': 7, 'W_layer_units_exponent_1': 5, 'W_layer_units_exponent_2': 9, 'W_layer_units_exponent_3': 8, 'W_layer_units_exponent_4': 5, 'W_layer_units_exponent_5': 6, 'D_layers': 5, 'D_layer_units_exponent_0': 9, 'D_layer_units_exponent_1': 10, 'D_layer_units_exponent_2': 9, 'D_layer_units_exponent_3': 9, 'D_layer_units_exponent_4': 6, 'log_learning_rate': -2.9291115949478974, 'log_learning_rate_D': -1.0581942877029558, 'training_batch_size': 8, 'training_p': 2}. Best is trial 14 with value: 0.5089516043663025.
Time for this trial:  14.517581939697266
Memory status after this trial: 
Memory allocated:  52.75927734375
Memory cached:  80.0
--------------------  Trial  24   --------------------
Start timing: 
Parameters: 
{'W_layers': 7, 'W_layer_units_exponent_0': 8, 'W_layer_units_exponent_1': 8, 'W_layer_units_exponent_2': 8, 'W_layer_units_exponent_3': 10, 'W_layer_units_exponent_4': 5, 'W_layer_units_exponent_5': 6, 'W_layer_units_exponent_6': 6, 'D_layers': 3, 'D_layer_units_exponent_0': 8, 'D_layer_units_exponent_1': 9, 'D_layer_units_exponent_2': 8, 'log_learning_rate': -2.6237674618612035, 'log_learning_rate_D': -1.7825070674561283, 'training_batch_size': 6, 'training_p': 3}
	 epoch  0 training error:  tensor(1.0272, device='cuda:0', grad_fn=<DivBackward0>)
Memory status after this epoch: 
Memory allocated:  35.35595703125
Memory cached:  78.0
	 epoch  10 training error:  tensor(0.8021, device='cuda:0', grad_fn=<DivBackward0>)
Memory status after this epoch: 
Memory allocated:  35.35595703125
Memory cached:  78.0
	 epoch  20 training error:  tensor(0.7350, device='cuda:0', grad_fn=<DivBackward0>)
Memory status after this epoch: 
Memory allocated:  35.35595703125
Memory cached:  78.0
	 epoch  30 training error:  tensor(0.7275, device='cuda:0', grad_fn=<DivBackward0>)
Memory status after this epoch: 
Memory allocated:  35.35595703125
Memory cached:  78.0
	 epoch  40 training error:  tensor(0.6253, device='cuda:0', grad_fn=<DivBackward0>)
Memory status after this epoch: 
Memory allocated:  35.35595703125
Memory cached:  78.0
	 epoch  50 training error:  tensor(0.6339, device='cuda:0', grad_fn=<DivBackward0>)
Memory status after this epoch: 
Memory allocated:  35.35595703125
Memory cached:  78.0
	 epoch  60 training error:  tensor(0.6266, device='cuda:0', grad_fn=<DivBackward0>)
Memory status after this epoch: 
Memory allocated:  35.35595703125
Memory cached:  78.0
	 epoch  70 training error:  tensor(0.6264, device='cuda:0', grad_fn=<DivBackward0>)
Memory status after this epoch: 
Memory allocated:  35.35595703125
Memory cached:  78.0
	 epoch  80 training error:  tensor(0.6253, device='cuda:0', grad_fn=<DivBackward0>)
Memory status after this epoch: 
Memory allocated:  35.35595703125
Memory cached:  78.0
	 epoch  90 training error:  tensor(0.6251, device='cuda:0', grad_fn=<DivBackward0>)
Memory status after this epoch: 
Memory allocated:  35.35595703125
Memory cached:  78.0
[I 2023-12-05 02:13:59,435] Trial 24 finished with value: 0.551603376865387 and parameters: {'W_layers': 7, 'W_layer_units_exponent_0': 8, 'W_layer_units_exponent_1': 8, 'W_layer_units_exponent_2': 8, 'W_layer_units_exponent_3': 10, 'W_layer_units_exponent_4': 5, 'W_layer_units_exponent_5': 6, 'W_layer_units_exponent_6': 6, 'D_layers': 3, 'D_layer_units_exponent_0': 8, 'D_layer_units_exponent_1': 9, 'D_layer_units_exponent_2': 8, 'log_learning_rate': -2.6237674618612035, 'log_learning_rate_D': -1.7825070674561283, 'training_batch_size': 6, 'training_p': 3}. Best is trial 14 with value: 0.5089516043663025.
Time for this trial:  16.552788496017456
Memory status after this trial: 
Memory allocated:  76.53955078125
Memory cached:  100.0
--------------------  Trial  25   --------------------
Start timing: 
Parameters: 
{'W_layers': 5, 'W_layer_units_exponent_0': 5, 'W_layer_units_exponent_1': 6, 'W_layer_units_exponent_2': 7, 'W_layer_units_exponent_3': 7, 'W_layer_units_exponent_4': 8, 'D_layers': 7, 'D_layer_units_exponent_0': 10, 'D_layer_units_exponent_1': 8, 'D_layer_units_exponent_2': 10, 'D_layer_units_exponent_3': 7, 'D_layer_units_exponent_4': 5, 'D_layer_units_exponent_5': 5, 'D_layer_units_exponent_6': 4, 'log_learning_rate': -3.6630954168948673, 'log_learning_rate_D': -1.4115042968471965, 'training_batch_size': 7, 'training_p': 2}
	 epoch  0 training error:  tensor(1.0125, device='cuda:0', grad_fn=<DivBackward0>)
Memory status after this epoch: 
Memory allocated:  31.20166015625
Memory cached:  76.0
	 epoch  10 training error:  tensor(0.8727, device='cuda:0', grad_fn=<DivBackward0>)
Memory status after this epoch: 
Memory allocated:  31.20166015625
Memory cached:  76.0
	 epoch  20 training error:  tensor(0.7905, device='cuda:0', grad_fn=<DivBackward0>)
Memory status after this epoch: 
Memory allocated:  31.20166015625
Memory cached:  76.0
	 epoch  30 training error:  tensor(0.7305, device='cuda:0', grad_fn=<DivBackward0>)
Memory status after this epoch: 
Memory allocated:  31.20166015625
Memory cached:  76.0
	 epoch  40 training error:  tensor(0.7372, device='cuda:0', grad_fn=<DivBackward0>)
Memory status after this epoch: 
Memory allocated:  31.20166015625
Memory cached:  76.0
	 epoch  50 training error:  tensor(0.7302, device='cuda:0', grad_fn=<DivBackward0>)
Memory status after this epoch: 
Memory allocated:  31.20166015625
Memory cached:  76.0
	 epoch  60 training error:  tensor(0.7303, device='cuda:0', grad_fn=<DivBackward0>)
Memory status after this epoch: 
Memory allocated:  31.20166015625
Memory cached:  76.0
	 epoch  70 training error:  tensor(0.7292, device='cuda:0', grad_fn=<DivBackward0>)
Memory status after this epoch: 
Memory allocated:  31.20166015625
Memory cached:  76.0
	 epoch  80 training error:  tensor(0.7287, device='cuda:0', grad_fn=<DivBackward0>)
Memory status after this epoch: 
Memory allocated:  31.20166015625
Memory cached:  76.0
	 epoch  90 training error:  tensor(0.7283, device='cuda:0', grad_fn=<DivBackward0>)
Memory status after this epoch: 
Memory allocated:  31.20166015625
Memory cached:  76.0
