[I 2024-01-13 14:51:00,674] Trial 93 finished with value: 0.29091066122055054 and parameters: {'W_layers': 8, 'W_layer_units_exponent_0': 8, 'W_layer_units_exponent_1': 10, 'W_layer_units_exponent_2': 6, 'W_layer_units_exponent_3': 9, 'W_layer_units_exponent_4': 4, 'W_layer_units_exponent_5': 7, 'W_layer_units_exponent_6': 4, 'W_layer_units_exponent_7': 7, 'D_layers': 2, 'D_layer_units_exponent_0': 4, 'D_layer_units_exponent_1': 9, 'D_dagger_layers': 8, 'D_dagger_layer_units_exponent_0': 9, 'D_dagger_layer_units_exponent_1': 4, 'D_dagger_layer_units_exponent_2': 8, 'D_dagger_layer_units_exponent_3': 7, 'D_dagger_layer_units_exponent_4': 4, 'D_dagger_layer_units_exponent_5': 7, 'D_dagger_layer_units_exponent_6': 8, 'D_dagger_layer_units_exponent_7': 8, 'log_learning_rate': -4.732053234739031, 'log_learning_rate_D': -3.4823475859039323, 'log_learning_rate_D_dagger': -2.7961468277365413, 'training_batch_size': 11, 'training_p': 2}. Best is trial 54 with value: 0.28775355219841003.
Time for this trial:  23.80037236213684
Memory status after this trial: 
Memory allocated:  1091.52294921875
Memory cached:  1120.0
--------------------  Trial  94   --------------------
Start timing: 
Parameters: 
{'W_layers': 8, 'W_layer_units_exponent_0': 8, 'W_layer_units_exponent_1': 9, 'W_layer_units_exponent_2': 7, 'W_layer_units_exponent_3': 8, 'W_layer_units_exponent_4': 4, 'W_layer_units_exponent_5': 8, 'W_layer_units_exponent_6': 5, 'W_layer_units_exponent_7': 6, 'D_layers': 2, 'D_layer_units_exponent_0': 8, 'D_layer_units_exponent_1': 9, 'D_dagger_layers': 5, 'D_dagger_layer_units_exponent_0': 10, 'D_dagger_layer_units_exponent_1': 4, 'D_dagger_layer_units_exponent_2': 8, 'D_dagger_layer_units_exponent_3': 6, 'D_dagger_layer_units_exponent_4': 4, 'log_learning_rate': -4.466040142790945, 'log_learning_rate_D': -3.36463920615902, 'log_learning_rate_D_dagger': -3.2231331651362254, 'training_batch_size': 11, 'training_p': 2}
	 epoch  0 training error:  tensor(1.0497, device='cuda:0', grad_fn=<DivBackward0>)
Memory status after this epoch: 
Memory allocated:  693.26416015625
Memory cached:  890.0
	 epoch  10 training error:  tensor(0.3339, device='cuda:0', grad_fn=<DivBackward0>)
Memory status after this epoch: 
Memory allocated:  693.26416015625
Memory cached:  890.0
	 epoch  20 training error:  tensor(0.3377, device='cuda:0', grad_fn=<DivBackward0>)
Memory status after this epoch: 
Memory allocated:  693.26416015625
Memory cached:  890.0
	 epoch  30 training error:  tensor(0.3015, device='cuda:0', grad_fn=<DivBackward0>)
Memory status after this epoch: 
Memory allocated:  693.26416015625
Memory cached:  890.0
	 epoch  40 training error:  tensor(0.2927, device='cuda:0', grad_fn=<DivBackward0>)
Memory status after this epoch: 
Memory allocated:  693.26416015625
Memory cached:  890.0
	 epoch  50 training error:  tensor(0.2830, device='cuda:0', grad_fn=<DivBackward0>)
Memory status after this epoch: 
Memory allocated:  693.26416015625
Memory cached:  890.0
	 epoch  60 training error:  tensor(0.2853, device='cuda:0', grad_fn=<DivBackward0>)
Memory status after this epoch: 
Memory allocated:  693.26416015625
Memory cached:  890.0
	 epoch  70 training error:  tensor(0.2815, device='cuda:0', grad_fn=<DivBackward0>)
Memory status after this epoch: 
Memory allocated:  693.26416015625
Memory cached:  890.0
	 epoch  80 training error:  tensor(0.2843, device='cuda:0', grad_fn=<DivBackward0>)
Memory status after this epoch: 
Memory allocated:  693.26416015625
Memory cached:  890.0
	 epoch  90 training error:  tensor(0.2853, device='cuda:0', grad_fn=<DivBackward0>)
Memory status after this epoch: 
Memory allocated:  693.26416015625
Memory cached:  890.0
[I 2024-01-13 14:51:22,288] Trial 94 finished with value: 0.2883320748806 and parameters: {'W_layers': 8, 'W_layer_units_exponent_0': 8, 'W_layer_units_exponent_1': 9, 'W_layer_units_exponent_2': 7, 'W_layer_units_exponent_3': 8, 'W_layer_units_exponent_4': 4, 'W_layer_units_exponent_5': 8, 'W_layer_units_exponent_6': 5, 'W_layer_units_exponent_7': 6, 'D_layers': 2, 'D_layer_units_exponent_0': 8, 'D_layer_units_exponent_1': 9, 'D_dagger_layers': 5, 'D_dagger_layer_units_exponent_0': 10, 'D_dagger_layer_units_exponent_1': 4, 'D_dagger_layer_units_exponent_2': 8, 'D_dagger_layer_units_exponent_3': 6, 'D_dagger_layer_units_exponent_4': 4, 'log_learning_rate': -4.466040142790945, 'log_learning_rate_D': -3.36463920615902, 'log_learning_rate_D_dagger': -3.2231331651362254, 'training_batch_size': 11, 'training_p': 2}. Best is trial 54 with value: 0.28775355219841003.
Time for this trial:  21.23128390312195
Memory status after this trial: 
Memory allocated:  1004.85205078125
Memory cached:  1022.0
--------------------  Trial  95   --------------------
Start timing: 
Parameters: 
{'W_layers': 8, 'W_layer_units_exponent_0': 7, 'W_layer_units_exponent_1': 9, 'W_layer_units_exponent_2': 7, 'W_layer_units_exponent_3': 8, 'W_layer_units_exponent_4': 4, 'W_layer_units_exponent_5': 8, 'W_layer_units_exponent_6': 6, 'W_layer_units_exponent_7': 6, 'D_layers': 2, 'D_layer_units_exponent_0': 7, 'D_layer_units_exponent_1': 7, 'D_dagger_layers': 8, 'D_dagger_layer_units_exponent_0': 10, 'D_dagger_layer_units_exponent_1': 5, 'D_dagger_layer_units_exponent_2': 9, 'D_dagger_layer_units_exponent_3': 6, 'D_dagger_layer_units_exponent_4': 5, 'D_dagger_layer_units_exponent_5': 4, 'D_dagger_layer_units_exponent_6': 10, 'D_dagger_layer_units_exponent_7': 10, 'log_learning_rate': -4.46008343128978, 'log_learning_rate_D': -3.321070813096136, 'log_learning_rate_D_dagger': -3.325929319874024, 'training_batch_size': 11, 'training_p': 2}
	 epoch  0 training error:  tensor(1.0164, device='cuda:0', grad_fn=<DivBackward0>)
Memory status after this epoch: 
Memory allocated:  710.3935546875
Memory cached:  922.0
	 epoch  10 training error:  tensor(0.2943, device='cuda:0', grad_fn=<DivBackward0>)
Memory status after this epoch: 
Memory allocated:  710.3935546875
Memory cached:  922.0
	 epoch  20 training error:  tensor(0.3046, device='cuda:0', grad_fn=<DivBackward0>)
Memory status after this epoch: 
Memory allocated:  710.3935546875
Memory cached:  922.0
	 epoch  30 training error:  tensor(0.2892, device='cuda:0', grad_fn=<DivBackward0>)
Memory status after this epoch: 
Memory allocated:  710.3935546875
Memory cached:  922.0
	 epoch  40 training error:  tensor(0.2838, device='cuda:0', grad_fn=<DivBackward0>)
Memory status after this epoch: 
Memory allocated:  710.3935546875
Memory cached:  922.0
	 epoch  50 training error:  tensor(0.2846, device='cuda:0', grad_fn=<DivBackward0>)
Memory status after this epoch: 
Memory allocated:  710.3935546875
Memory cached:  922.0
	 epoch  60 training error:  tensor(0.2849, device='cuda:0', grad_fn=<DivBackward0>)
Memory status after this epoch: 
Memory allocated:  710.3935546875
Memory cached:  922.0
	 epoch  70 training error:  tensor(0.2856, device='cuda:0', grad_fn=<DivBackward0>)
Memory status after this epoch: 
Memory allocated:  710.3935546875
Memory cached:  922.0
	 epoch  80 training error:  tensor(0.2847, device='cuda:0', grad_fn=<DivBackward0>)
Memory status after this epoch: 
Memory allocated:  710.3935546875
Memory cached:  922.0
	 epoch  90 training error:  tensor(0.2853, device='cuda:0', grad_fn=<DivBackward0>)
Memory status after this epoch: 
Memory allocated:  710.3935546875
Memory cached:  922.0
[I 2024-01-13 14:51:46,313] Trial 95 finished with value: 0.291583389043808 and parameters: {'W_layers': 8, 'W_layer_units_exponent_0': 7, 'W_layer_units_exponent_1': 9, 'W_layer_units_exponent_2': 7, 'W_layer_units_exponent_3': 8, 'W_layer_units_exponent_4': 4, 'W_layer_units_exponent_5': 8, 'W_layer_units_exponent_6': 6, 'W_layer_units_exponent_7': 6, 'D_layers': 2, 'D_layer_units_exponent_0': 7, 'D_layer_units_exponent_1': 7, 'D_dagger_layers': 8, 'D_dagger_layer_units_exponent_0': 10, 'D_dagger_layer_units_exponent_1': 5, 'D_dagger_layer_units_exponent_2': 9, 'D_dagger_layer_units_exponent_3': 6, 'D_dagger_layer_units_exponent_4': 5, 'D_dagger_layer_units_exponent_5': 4, 'D_dagger_layer_units_exponent_6': 10, 'D_dagger_layer_units_exponent_7': 10, 'log_learning_rate': -4.46008343128978, 'log_learning_rate_D': -3.321070813096136, 'log_learning_rate_D_dagger': -3.325929319874024, 'training_batch_size': 11, 'training_p': 2}. Best is trial 54 with value: 0.28775355219841003.
Time for this trial:  23.614057779312134
Memory status after this trial: 
Memory allocated:  1243.39501953125
Memory cached:  1270.0
--------------------  Trial  96   --------------------
Start timing: 
Parameters: 
{'W_layers': 7, 'W_layer_units_exponent_0': 8, 'W_layer_units_exponent_1': 10, 'W_layer_units_exponent_2': 7, 'W_layer_units_exponent_3': 8, 'W_layer_units_exponent_4': 4, 'W_layer_units_exponent_5': 8, 'W_layer_units_exponent_6': 5, 'D_layers': 3, 'D_layer_units_exponent_0': 8, 'D_layer_units_exponent_1': 10, 'D_layer_units_exponent_2': 9, 'D_dagger_layers': 5, 'D_dagger_layer_units_exponent_0': 10, 'D_dagger_layer_units_exponent_1': 4, 'D_dagger_layer_units_exponent_2': 7, 'D_dagger_layer_units_exponent_3': 6, 'D_dagger_layer_units_exponent_4': 4, 'log_learning_rate': -4.217785258425243, 'log_learning_rate_D': -3.218125681551502, 'log_learning_rate_D_dagger': -3.0884657860058655, 'training_batch_size': 12, 'training_p': 2}
	 epoch  0 training error:  tensor(0.9887, device='cuda:0', grad_fn=<DivBackward0>)
Memory status after this epoch: 
Memory allocated:  699.00634765625
Memory cached:  892.0
	 epoch  10 training error:  tensor(0.3315, device='cuda:0', grad_fn=<DivBackward0>)
Memory status after this epoch: 
Memory allocated:  699.00634765625
Memory cached:  892.0
	 epoch  20 training error:  tensor(0.3089, device='cuda:0', grad_fn=<DivBackward0>)
Memory status after this epoch: 
Memory allocated:  699.00634765625
Memory cached:  892.0
	 epoch  30 training error:  tensor(0.2919, device='cuda:0', grad_fn=<DivBackward0>)
Memory status after this epoch: 
Memory allocated:  699.00634765625
Memory cached:  892.0
	 epoch  40 training error:  tensor(0.2879, device='cuda:0', grad_fn=<DivBackward0>)
Memory status after this epoch: 
Memory allocated:  699.00634765625
Memory cached:  892.0
	 epoch  50 training error:  tensor(0.2831, device='cuda:0', grad_fn=<DivBackward0>)
Memory status after this epoch: 
Memory allocated:  699.00634765625
Memory cached:  892.0
	 epoch  60 training error:  tensor(0.2821, device='cuda:0', grad_fn=<DivBackward0>)
Memory status after this epoch: 
Memory allocated:  699.00634765625
Memory cached:  892.0
	 epoch  70 training error:  tensor(0.2815, device='cuda:0', grad_fn=<DivBackward0>)
Memory status after this epoch: 
Memory allocated:  699.00634765625
Memory cached:  892.0
	 epoch  80 training error:  tensor(0.2870, device='cuda:0', grad_fn=<DivBackward0>)
Memory status after this epoch: 
Memory allocated:  699.00634765625
Memory cached:  892.0
	 epoch  90 training error:  tensor(0.2872, device='cuda:0', grad_fn=<DivBackward0>)
Memory status after this epoch: 
Memory allocated:  699.00634765625
Memory cached:  892.0
[I 2024-01-13 14:52:07,969] Trial 96 finished with value: 0.2868298888206482 and parameters: {'W_layers': 7, 'W_layer_units_exponent_0': 8, 'W_layer_units_exponent_1': 10, 'W_layer_units_exponent_2': 7, 'W_layer_units_exponent_3': 8, 'W_layer_units_exponent_4': 4, 'W_layer_units_exponent_5': 8, 'W_layer_units_exponent_6': 5, 'D_layers': 3, 'D_layer_units_exponent_0': 8, 'D_layer_units_exponent_1': 10, 'D_layer_units_exponent_2': 9, 'D_dagger_layers': 5, 'D_dagger_layer_units_exponent_0': 10, 'D_dagger_layer_units_exponent_1': 4, 'D_dagger_layer_units_exponent_2': 7, 'D_dagger_layer_units_exponent_3': 6, 'D_dagger_layer_units_exponent_4': 4, 'log_learning_rate': -4.217785258425243, 'log_learning_rate_D': -3.218125681551502, 'log_learning_rate_D_dagger': -3.0884657860058655, 'training_batch_size': 12, 'training_p': 2}. Best is trial 96 with value: 0.2868298888206482.
res:  tensor(0.2868, device='cuda:0', grad_fn=<DivBackward0>)
self.bestValue:  tensor(0.2878, device='cuda:0', grad_fn=<DivBackward0>)
Save this model!
Time for this trial:  21.3161678314209
Memory status after this trial: 
Memory allocated:  353.75537109375
Memory cached:  542.0
--------------------  Trial  97   --------------------
Start timing: 
Parameters: 
{'W_layers': 7, 'W_layer_units_exponent_0': 8, 'W_layer_units_exponent_1': 9, 'W_layer_units_exponent_2': 7, 'W_layer_units_exponent_3': 8, 'W_layer_units_exponent_4': 10, 'W_layer_units_exponent_5': 8, 'W_layer_units_exponent_6': 5, 'D_layers': 3, 'D_layer_units_exponent_0': 8, 'D_layer_units_exponent_1': 10, 'D_layer_units_exponent_2': 9, 'D_dagger_layers': 5, 'D_dagger_layer_units_exponent_0': 10, 'D_dagger_layer_units_exponent_1': 5, 'D_dagger_layer_units_exponent_2': 7, 'D_dagger_layer_units_exponent_3': 6, 'D_dagger_layer_units_exponent_4': 4, 'log_learning_rate': -4.347643419748722, 'log_learning_rate_D': -3.542503337319005, 'log_learning_rate_D_dagger': -3.2631633320710147, 'training_batch_size': 11, 'training_p': 5}
	 epoch  0 training error:  tensor(1.0333, device='cuda:0', grad_fn=<DivBackward0>)
Memory status after this epoch: 
Memory allocated:  369.24072265625
Memory cached:  542.0
	 epoch  10 training error:  tensor(0.5303, device='cuda:0', grad_fn=<DivBackward0>)
Memory status after this epoch: 
Memory allocated:  369.24072265625
Memory cached:  542.0
	 epoch  20 training error:  tensor(0.4839, device='cuda:0', grad_fn=<DivBackward0>)
Memory status after this epoch: 
Memory allocated:  369.24072265625
Memory cached:  542.0
	 epoch  30 training error:  tensor(0.4712, device='cuda:0', grad_fn=<DivBackward0>)
Memory status after this epoch: 
Memory allocated:  369.24072265625
Memory cached:  542.0
	 epoch  40 training error:  tensor(0.4761, device='cuda:0', grad_fn=<DivBackward0>)
Memory status after this epoch: 
Memory allocated:  369.24072265625
Memory cached:  542.0
	 epoch  50 training error:  tensor(0.4726, device='cuda:0', grad_fn=<DivBackward0>)
Memory status after this epoch: 
Memory allocated:  369.24072265625
Memory cached:  542.0
	 epoch  60 training error:  tensor(0.4749, device='cuda:0', grad_fn=<DivBackward0>)
Memory status after this epoch: 
Memory allocated:  369.24072265625
Memory cached:  542.0
	 epoch  70 training error:  tensor(0.4672, device='cuda:0', grad_fn=<DivBackward0>)
Memory status after this epoch: 
Memory allocated:  369.24072265625
Memory cached:  542.0
	 epoch  80 training error:  tensor(0.4702, device='cuda:0', grad_fn=<DivBackward0>)
Memory status after this epoch: 
Memory allocated:  369.24072265625
Memory cached:  542.0
	 epoch  90 training error:  tensor(0.4701, device='cuda:0', grad_fn=<DivBackward0>)
Memory status after this epoch: 
Memory allocated:  369.24072265625
Memory cached:  542.0
[I 2024-01-13 14:52:30,256] Trial 97 finished with value: 0.35949116945266724 and parameters: {'W_layers': 7, 'W_layer_units_exponent_0': 8, 'W_layer_units_exponent_1': 9, 'W_layer_units_exponent_2': 7, 'W_layer_units_exponent_3': 8, 'W_layer_units_exponent_4': 10, 'W_layer_units_exponent_5': 8, 'W_layer_units_exponent_6': 5, 'D_layers': 3, 'D_layer_units_exponent_0': 8, 'D_layer_units_exponent_1': 10, 'D_layer_units_exponent_2': 9, 'D_dagger_layers': 5, 'D_dagger_layer_units_exponent_0': 10, 'D_dagger_layer_units_exponent_1': 5, 'D_dagger_layer_units_exponent_2': 7, 'D_dagger_layer_units_exponent_3': 6, 'D_dagger_layer_units_exponent_4': 4, 'log_learning_rate': -4.347643419748722, 'log_learning_rate_D': -3.542503337319005, 'log_learning_rate_D_dagger': -3.2631633320710147, 'training_batch_size': 11, 'training_p': 5}. Best is trial 96 with value: 0.2868298888206482.
Time for this trial:  21.948517322540283
Memory status after this trial: 
Memory allocated:  767.34716796875
Memory cached:  786.0
--------------------  Trial  98   --------------------
Start timing: 
Parameters: 
{'W_layers': 7, 'W_layer_units_exponent_0': 9, 'W_layer_units_exponent_1': 10, 'W_layer_units_exponent_2': 7, 'W_layer_units_exponent_3': 8, 'W_layer_units_exponent_4': 4, 'W_layer_units_exponent_5': 8, 'W_layer_units_exponent_6': 5, 'D_layers': 4, 'D_layer_units_exponent_0': 8, 'D_layer_units_exponent_1': 10, 'D_layer_units_exponent_2': 9, 'D_layer_units_exponent_3': 5, 'D_dagger_layers': 5, 'D_dagger_layer_units_exponent_0': 10, 'D_dagger_layer_units_exponent_1': 5, 'D_dagger_layer_units_exponent_2': 7, 'D_dagger_layer_units_exponent_3': 6, 'D_dagger_layer_units_exponent_4': 5, 'log_learning_rate': -4.822137747324356, 'log_learning_rate_D': -3.363749325208402, 'log_learning_rate_D_dagger': -3.108331200360139, 'training_batch_size': 10, 'training_p': 3}
	 epoch  0 training error:  tensor(0.9871, device='cuda:0', grad_fn=<DivBackward0>)
Memory status after this epoch: 
Memory allocated:  369.19482421875
Memory cached:  542.0
	 epoch  10 training error:  tensor(0.4232, device='cuda:0', grad_fn=<DivBackward0>)
Memory status after this epoch: 
Memory allocated:  369.19482421875
Memory cached:  542.0
	 epoch  20 training error:  tensor(0.3775, device='cuda:0', grad_fn=<DivBackward0>)
Memory status after this epoch: 
Memory allocated:  369.19482421875
Memory cached:  542.0
	 epoch  30 training error:  tensor(0.3734, device='cuda:0', grad_fn=<DivBackward0>)
Memory status after this epoch: 
Memory allocated:  369.19482421875
Memory cached:  542.0
	 epoch  40 training error:  tensor(0.3694, device='cuda:0', grad_fn=<DivBackward0>)
Memory status after this epoch: 
Memory allocated:  369.19482421875
Memory cached:  542.0
	 epoch  50 training error:  tensor(0.3705, device='cuda:0', grad_fn=<DivBackward0>)
Memory status after this epoch: 
Memory allocated:  369.19482421875
Memory cached:  542.0
	 epoch  60 training error:  tensor(0.3702, device='cuda:0', grad_fn=<DivBackward0>)
Memory status after this epoch: 
Memory allocated:  369.19482421875
Memory cached:  542.0
	 epoch  70 training error:  tensor(0.3716, device='cuda:0', grad_fn=<DivBackward0>)
Memory status after this epoch: 
Memory allocated:  369.19482421875
Memory cached:  542.0
	 epoch  80 training error:  tensor(0.3703, device='cuda:0', grad_fn=<DivBackward0>)
Memory status after this epoch: 
Memory allocated:  369.19482421875
Memory cached:  542.0
	 epoch  90 training error:  tensor(0.3718, device='cuda:0', grad_fn=<DivBackward0>)
Memory status after this epoch: 
Memory allocated:  369.19482421875
Memory cached:  542.0
