[I 2023-12-20 18:55:50,473] Trial 122 finished with value: 0.3282468318939209 and parameters: {'W_layers': 6, 'W_layer_units_exponent_0': 8, 'W_layer_units_exponent_1': 10, 'W_layer_units_exponent_2': 6, 'W_layer_units_exponent_3': 7, 'W_layer_units_exponent_4': 4, 'W_layer_units_exponent_5': 9, 'D_layers': 8, 'D_layer_units_exponent_0': 4, 'D_layer_units_exponent_1': 7, 'D_layer_units_exponent_2': 7, 'D_layer_units_exponent_3': 8, 'D_layer_units_exponent_4': 5, 'D_layer_units_exponent_5': 10, 'D_layer_units_exponent_6': 9, 'D_layer_units_exponent_7': 4, 'D_dagger_layers': 4, 'D_dagger_layer_units_exponent_0': 7, 'D_dagger_layer_units_exponent_1': 9, 'D_dagger_layer_units_exponent_2': 10, 'D_dagger_layer_units_exponent_3': 7, 'log_learning_rate': -3.0429452013835676, 'log_learning_rate_D': -3.934662261420713, 'log_learning_rate_D_dagger': -3.7086439643500118, 'training_batch_size': 9, 'training_p': 2}. Best is trial 103 with value: 0.3265054225921631.
Time for this trial:  21.743253707885742
Memory status after this trial: 
Memory allocated:  401.28271484375
Memory cached:  426.0
--------------------  Trial  123   --------------------
Start timing: 
Parameters: 
{'W_layers': 6, 'W_layer_units_exponent_0': 8, 'W_layer_units_exponent_1': 10, 'W_layer_units_exponent_2': 6, 'W_layer_units_exponent_3': 7, 'W_layer_units_exponent_4': 4, 'W_layer_units_exponent_5': 9, 'D_layers': 7, 'D_layer_units_exponent_0': 4, 'D_layer_units_exponent_1': 7, 'D_layer_units_exponent_2': 8, 'D_layer_units_exponent_3': 8, 'D_layer_units_exponent_4': 6, 'D_layer_units_exponent_5': 7, 'D_layer_units_exponent_6': 10, 'D_dagger_layers': 5, 'D_dagger_layer_units_exponent_0': 7, 'D_dagger_layer_units_exponent_1': 10, 'D_dagger_layer_units_exponent_2': 10, 'D_dagger_layer_units_exponent_3': 5, 'D_dagger_layer_units_exponent_4': 4, 'log_learning_rate': -3.281199723336684, 'log_learning_rate_D': -3.85843240375964, 'log_learning_rate_D_dagger': -3.981719830479088, 'training_batch_size': 6, 'training_p': 2}
	 epoch  0 training error:  tensor(0.9479, device='cuda:0', grad_fn=<DivBackward0>)
Memory status after this epoch: 
Memory allocated:  217.2080078125
Memory cached:  314.0
	 epoch  10 training error:  tensor(0.3060, device='cuda:0', grad_fn=<DivBackward0>)
Memory status after this epoch: 
Memory allocated:  217.2080078125
Memory cached:  314.0
	 epoch  20 training error:  tensor(0.2974, device='cuda:0', grad_fn=<DivBackward0>)
Memory status after this epoch: 
Memory allocated:  217.2080078125
Memory cached:  314.0
	 epoch  30 training error:  tensor(0.2887, device='cuda:0', grad_fn=<DivBackward0>)
Memory status after this epoch: 
Memory allocated:  217.2080078125
Memory cached:  314.0
	 epoch  40 training error:  tensor(0.2879, device='cuda:0', grad_fn=<DivBackward0>)
Memory status after this epoch: 
Memory allocated:  217.2080078125
Memory cached:  314.0
	 epoch  50 training error:  tensor(0.2861, device='cuda:0', grad_fn=<DivBackward0>)
Memory status after this epoch: 
Memory allocated:  217.2080078125
Memory cached:  314.0
	 epoch  60 training error:  tensor(0.2889, device='cuda:0', grad_fn=<DivBackward0>)
Memory status after this epoch: 
Memory allocated:  217.2080078125
Memory cached:  314.0
	 epoch  70 training error:  tensor(0.2864, device='cuda:0', grad_fn=<DivBackward0>)
Memory status after this epoch: 
Memory allocated:  217.2080078125
Memory cached:  314.0
	 epoch  80 training error:  tensor(0.2865, device='cuda:0', grad_fn=<DivBackward0>)
Memory status after this epoch: 
Memory allocated:  217.2080078125
Memory cached:  314.0
	 epoch  90 training error:  tensor(0.2834, device='cuda:0', grad_fn=<DivBackward0>)
Memory status after this epoch: 
Memory allocated:  217.2080078125
Memory cached:  314.0
[I 2023-12-20 18:56:15,782] Trial 123 finished with value: 0.3274232745170593 and parameters: {'W_layers': 6, 'W_layer_units_exponent_0': 8, 'W_layer_units_exponent_1': 10, 'W_layer_units_exponent_2': 6, 'W_layer_units_exponent_3': 7, 'W_layer_units_exponent_4': 4, 'W_layer_units_exponent_5': 9, 'D_layers': 7, 'D_layer_units_exponent_0': 4, 'D_layer_units_exponent_1': 7, 'D_layer_units_exponent_2': 8, 'D_layer_units_exponent_3': 8, 'D_layer_units_exponent_4': 6, 'D_layer_units_exponent_5': 7, 'D_layer_units_exponent_6': 10, 'D_dagger_layers': 5, 'D_dagger_layer_units_exponent_0': 7, 'D_dagger_layer_units_exponent_1': 10, 'D_dagger_layer_units_exponent_2': 10, 'D_dagger_layer_units_exponent_3': 5, 'D_dagger_layer_units_exponent_4': 4, 'log_learning_rate': -3.281199723336684, 'log_learning_rate_D': -3.85843240375964, 'log_learning_rate_D_dagger': -3.981719830479088, 'training_batch_size': 6, 'training_p': 2}. Best is trial 103 with value: 0.3265054225921631.
Time for this trial:  24.9188449382782
Memory status after this trial: 
Memory allocated:  429.52978515625
Memory cached:  458.0
--------------------  Trial  124   --------------------
Start timing: 
Parameters: 
{'W_layers': 6, 'W_layer_units_exponent_0': 8, 'W_layer_units_exponent_1': 10, 'W_layer_units_exponent_2': 6, 'W_layer_units_exponent_3': 9, 'W_layer_units_exponent_4': 4, 'W_layer_units_exponent_5': 9, 'D_layers': 7, 'D_layer_units_exponent_0': 4, 'D_layer_units_exponent_1': 4, 'D_layer_units_exponent_2': 7, 'D_layer_units_exponent_3': 8, 'D_layer_units_exponent_4': 6, 'D_layer_units_exponent_5': 7, 'D_layer_units_exponent_6': 10, 'D_dagger_layers': 5, 'D_dagger_layer_units_exponent_0': 7, 'D_dagger_layer_units_exponent_1': 10, 'D_dagger_layer_units_exponent_2': 10, 'D_dagger_layer_units_exponent_3': 5, 'D_dagger_layer_units_exponent_4': 4, 'log_learning_rate': -3.2650966141257225, 'log_learning_rate_D': -4.018779049594751, 'log_learning_rate_D_dagger': -4.027355670053962, 'training_batch_size': 7, 'training_p': 2}
	 epoch  0 training error:  tensor(1.0199, device='cuda:0', grad_fn=<DivBackward0>)
Memory status after this epoch: 
Memory allocated:  217.45751953125
Memory cached:  294.0
	 epoch  10 training error:  tensor(0.3110, device='cuda:0', grad_fn=<DivBackward0>)
Memory status after this epoch: 
Memory allocated:  217.45751953125
Memory cached:  294.0
	 epoch  20 training error:  tensor(0.3250, device='cuda:0', grad_fn=<DivBackward0>)
Memory status after this epoch: 
Memory allocated:  217.45751953125
Memory cached:  294.0
	 epoch  30 training error:  tensor(0.2904, device='cuda:0', grad_fn=<DivBackward0>)
Memory status after this epoch: 
Memory allocated:  217.45751953125
Memory cached:  294.0
	 epoch  40 training error:  tensor(0.2896, device='cuda:0', grad_fn=<DivBackward0>)
Memory status after this epoch: 
Memory allocated:  217.45751953125
Memory cached:  294.0
	 epoch  50 training error:  tensor(0.2862, device='cuda:0', grad_fn=<DivBackward0>)
Memory status after this epoch: 
Memory allocated:  217.45751953125
Memory cached:  294.0
	 epoch  60 training error:  tensor(0.2859, device='cuda:0', grad_fn=<DivBackward0>)
Memory status after this epoch: 
Memory allocated:  217.45751953125
Memory cached:  294.0
	 epoch  70 training error:  tensor(0.2877, device='cuda:0', grad_fn=<DivBackward0>)
Memory status after this epoch: 
Memory allocated:  217.45751953125
Memory cached:  294.0
	 epoch  80 training error:  tensor(0.2868, device='cuda:0', grad_fn=<DivBackward0>)
Memory status after this epoch: 
Memory allocated:  217.45751953125
Memory cached:  294.0
	 epoch  90 training error:  tensor(0.2858, device='cuda:0', grad_fn=<DivBackward0>)
Memory status after this epoch: 
Memory allocated:  217.45751953125
Memory cached:  294.0
[I 2023-12-20 18:56:38,645] Trial 124 finished with value: 0.32807642221450806 and parameters: {'W_layers': 6, 'W_layer_units_exponent_0': 8, 'W_layer_units_exponent_1': 10, 'W_layer_units_exponent_2': 6, 'W_layer_units_exponent_3': 9, 'W_layer_units_exponent_4': 4, 'W_layer_units_exponent_5': 9, 'D_layers': 7, 'D_layer_units_exponent_0': 4, 'D_layer_units_exponent_1': 4, 'D_layer_units_exponent_2': 7, 'D_layer_units_exponent_3': 8, 'D_layer_units_exponent_4': 6, 'D_layer_units_exponent_5': 7, 'D_layer_units_exponent_6': 10, 'D_dagger_layers': 5, 'D_dagger_layer_units_exponent_0': 7, 'D_dagger_layer_units_exponent_1': 10, 'D_dagger_layer_units_exponent_2': 10, 'D_dagger_layer_units_exponent_3': 5, 'D_dagger_layer_units_exponent_4': 4, 'log_learning_rate': -3.2650966141257225, 'log_learning_rate_D': -4.018779049594751, 'log_learning_rate_D_dagger': -4.027355670053962, 'training_batch_size': 7, 'training_p': 2}. Best is trial 103 with value: 0.3265054225921631.
Time for this trial:  22.465405225753784
Memory status after this trial: 
Memory allocated:  449.89990234375
Memory cached:  490.0
--------------------  Trial  125   --------------------
Start timing: 
Parameters: 
{'W_layers': 6, 'W_layer_units_exponent_0': 8, 'W_layer_units_exponent_1': 10, 'W_layer_units_exponent_2': 6, 'W_layer_units_exponent_3': 8, 'W_layer_units_exponent_4': 4, 'W_layer_units_exponent_5': 9, 'D_layers': 7, 'D_layer_units_exponent_0': 4, 'D_layer_units_exponent_1': 7, 'D_layer_units_exponent_2': 8, 'D_layer_units_exponent_3': 8, 'D_layer_units_exponent_4': 6, 'D_layer_units_exponent_5': 7, 'D_layer_units_exponent_6': 10, 'D_dagger_layers': 5, 'D_dagger_layer_units_exponent_0': 7, 'D_dagger_layer_units_exponent_1': 10, 'D_dagger_layer_units_exponent_2': 10, 'D_dagger_layer_units_exponent_3': 5, 'D_dagger_layer_units_exponent_4': 5, 'log_learning_rate': -3.3322693085604, 'log_learning_rate_D': -3.866762093810455, 'log_learning_rate_D_dagger': -3.965387911725961, 'training_batch_size': 9, 'training_p': 2}
	 epoch  0 training error:  tensor(1.0268, device='cuda:0', grad_fn=<DivBackward0>)
Memory status after this epoch: 
Memory allocated:  217.3984375
Memory cached:  294.0
	 epoch  10 training error:  tensor(0.3153, device='cuda:0', grad_fn=<DivBackward0>)
Memory status after this epoch: 
Memory allocated:  217.3984375
Memory cached:  296.0
	 epoch  20 training error:  tensor(0.2976, device='cuda:0', grad_fn=<DivBackward0>)
Memory status after this epoch: 
Memory allocated:  217.3984375
Memory cached:  294.0
	 epoch  30 training error:  tensor(0.3013, device='cuda:0', grad_fn=<DivBackward0>)
Memory status after this epoch: 
Memory allocated:  217.3984375
Memory cached:  294.0
	 epoch  40 training error:  tensor(0.2918, device='cuda:0', grad_fn=<DivBackward0>)
Memory status after this epoch: 
Memory allocated:  217.3984375
Memory cached:  296.0
	 epoch  50 training error:  tensor(0.2929, device='cuda:0', grad_fn=<DivBackward0>)
Memory status after this epoch: 
Memory allocated:  217.3984375
Memory cached:  294.0
	 epoch  60 training error:  tensor(0.2877, device='cuda:0', grad_fn=<DivBackward0>)
Memory status after this epoch: 
Memory allocated:  217.3984375
Memory cached:  294.0
	 epoch  70 training error:  tensor(0.2848, device='cuda:0', grad_fn=<DivBackward0>)
Memory status after this epoch: 
Memory allocated:  217.3984375
Memory cached:  296.0
	 epoch  80 training error:  tensor(0.2870, device='cuda:0', grad_fn=<DivBackward0>)
Memory status after this epoch: 
Memory allocated:  217.3984375
Memory cached:  294.0
	 epoch  90 training error:  tensor(0.2869, device='cuda:0', grad_fn=<DivBackward0>)
Memory status after this epoch: 
Memory allocated:  217.3984375
Memory cached:  294.0
[I 2023-12-20 18:57:01,259] Trial 125 finished with value: 0.3282473087310791 and parameters: {'W_layers': 6, 'W_layer_units_exponent_0': 8, 'W_layer_units_exponent_1': 10, 'W_layer_units_exponent_2': 6, 'W_layer_units_exponent_3': 8, 'W_layer_units_exponent_4': 4, 'W_layer_units_exponent_5': 9, 'D_layers': 7, 'D_layer_units_exponent_0': 4, 'D_layer_units_exponent_1': 7, 'D_layer_units_exponent_2': 8, 'D_layer_units_exponent_3': 8, 'D_layer_units_exponent_4': 6, 'D_layer_units_exponent_5': 7, 'D_layer_units_exponent_6': 10, 'D_dagger_layers': 5, 'D_dagger_layer_units_exponent_0': 7, 'D_dagger_layer_units_exponent_1': 10, 'D_dagger_layer_units_exponent_2': 10, 'D_dagger_layer_units_exponent_3': 5, 'D_dagger_layer_units_exponent_4': 5, 'log_learning_rate': -3.3322693085604, 'log_learning_rate_D': -3.866762093810455, 'log_learning_rate_D_dagger': -3.965387911725961, 'training_batch_size': 9, 'training_p': 2}. Best is trial 103 with value: 0.3265054225921631.
Time for this trial:  22.212042093276978
Memory status after this trial: 
Memory allocated:  437.27490234375
Memory cached:  472.0
--------------------  Trial  126   --------------------
Start timing: 
Parameters: 
{'W_layers': 6, 'W_layer_units_exponent_0': 8, 'W_layer_units_exponent_1': 10, 'W_layer_units_exponent_2': 6, 'W_layer_units_exponent_3': 7, 'W_layer_units_exponent_4': 4, 'W_layer_units_exponent_5': 10, 'D_layers': 7, 'D_layer_units_exponent_0': 4, 'D_layer_units_exponent_1': 6, 'D_layer_units_exponent_2': 7, 'D_layer_units_exponent_3': 8, 'D_layer_units_exponent_4': 5, 'D_layer_units_exponent_5': 8, 'D_layer_units_exponent_6': 10, 'D_dagger_layers': 4, 'D_dagger_layer_units_exponent_0': 7, 'D_dagger_layer_units_exponent_1': 10, 'D_dagger_layer_units_exponent_2': 10, 'D_dagger_layer_units_exponent_3': 5, 'log_learning_rate': -3.2009687559769904, 'log_learning_rate_D': -4.095168558668948, 'log_learning_rate_D_dagger': -4.1026872409534905, 'training_batch_size': 6, 'training_p': 4}
	 epoch  0 training error:  tensor(0.9447, device='cuda:0', grad_fn=<DivBackward0>)
Memory status after this epoch: 
Memory allocated:  217.5849609375
Memory cached:  294.0
	 epoch  10 training error:  tensor(0.4424, device='cuda:0', grad_fn=<DivBackward0>)
Memory status after this epoch: 
Memory allocated:  217.5849609375
Memory cached:  294.0
	 epoch  20 training error:  tensor(0.4398, device='cuda:0', grad_fn=<DivBackward0>)
Memory status after this epoch: 
Memory allocated:  217.5849609375
Memory cached:  294.0
	 epoch  30 training error:  tensor(0.4409, device='cuda:0', grad_fn=<DivBackward0>)
Memory status after this epoch: 
Memory allocated:  217.5849609375
Memory cached:  294.0
	 epoch  40 training error:  tensor(0.4331, device='cuda:0', grad_fn=<DivBackward0>)
Memory status after this epoch: 
Memory allocated:  217.5849609375
Memory cached:  294.0
	 epoch  50 training error:  tensor(0.4367, device='cuda:0', grad_fn=<DivBackward0>)
Memory status after this epoch: 
Memory allocated:  217.5849609375
Memory cached:  294.0
	 epoch  60 training error:  tensor(0.4357, device='cuda:0', grad_fn=<DivBackward0>)
Memory status after this epoch: 
Memory allocated:  217.5849609375
Memory cached:  294.0
	 epoch  70 training error:  tensor(0.4384, device='cuda:0', grad_fn=<DivBackward0>)
Memory status after this epoch: 
Memory allocated:  217.5849609375
Memory cached:  294.0
	 epoch  80 training error:  tensor(0.4374, device='cuda:0', grad_fn=<DivBackward0>)
Memory status after this epoch: 
Memory allocated:  217.5849609375
Memory cached:  294.0
	 epoch  90 training error:  tensor(0.4411, device='cuda:0', grad_fn=<DivBackward0>)
Memory status after this epoch: 
Memory allocated:  217.5849609375
Memory cached:  294.0
[I 2023-12-20 18:57:26,802] Trial 126 finished with value: 0.38441503047943115 and parameters: {'W_layers': 6, 'W_layer_units_exponent_0': 8, 'W_layer_units_exponent_1': 10, 'W_layer_units_exponent_2': 6, 'W_layer_units_exponent_3': 7, 'W_layer_units_exponent_4': 4, 'W_layer_units_exponent_5': 10, 'D_layers': 7, 'D_layer_units_exponent_0': 4, 'D_layer_units_exponent_1': 6, 'D_layer_units_exponent_2': 7, 'D_layer_units_exponent_3': 8, 'D_layer_units_exponent_4': 5, 'D_layer_units_exponent_5': 8, 'D_layer_units_exponent_6': 10, 'D_dagger_layers': 4, 'D_dagger_layer_units_exponent_0': 7, 'D_dagger_layer_units_exponent_1': 10, 'D_dagger_layer_units_exponent_2': 10, 'D_dagger_layer_units_exponent_3': 5, 'log_learning_rate': -3.2009687559769904, 'log_learning_rate_D': -4.095168558668948, 'log_learning_rate_D_dagger': -4.1026872409534905, 'training_batch_size': 6, 'training_p': 4}. Best is trial 103 with value: 0.3265054225921631.
Time for this trial:  25.138596773147583
Memory status after this trial: 
Memory allocated:  450.18115234375
Memory cached:  532.0
--------------------  Trial  127   --------------------
Start timing: 
Parameters: 
{'W_layers': 6, 'W_layer_units_exponent_0': 8, 'W_layer_units_exponent_1': 9, 'W_layer_units_exponent_2': 6, 'W_layer_units_exponent_3': 8, 'W_layer_units_exponent_4': 7, 'W_layer_units_exponent_5': 8, 'D_layers': 7, 'D_layer_units_exponent_0': 4, 'D_layer_units_exponent_1': 7, 'D_layer_units_exponent_2': 8, 'D_layer_units_exponent_3': 8, 'D_layer_units_exponent_4': 5, 'D_layer_units_exponent_5': 10, 'D_layer_units_exponent_6': 9, 'D_dagger_layers': 5, 'D_dagger_layer_units_exponent_0': 8, 'D_dagger_layer_units_exponent_1': 10, 'D_dagger_layer_units_exponent_2': 10, 'D_dagger_layer_units_exponent_3': 5, 'D_dagger_layer_units_exponent_4': 4, 'log_learning_rate': -3.3708301343593066, 'log_learning_rate_D': -3.5957495640821686, 'log_learning_rate_D_dagger': -3.8179991662471275, 'training_batch_size': 7, 'training_p': 2}
	 epoch  0 training error:  tensor(0.9864, device='cuda:0', grad_fn=<DivBackward0>)
Memory status after this epoch: 
Memory allocated:  219.62841796875
Memory cached:  314.0
	 epoch  10 training error:  tensor(0.3231, device='cuda:0', grad_fn=<DivBackward0>)
Memory status after this epoch: 
Memory allocated:  219.62841796875
Memory cached:  316.0
	 epoch  20 training error:  tensor(0.3042, device='cuda:0', grad_fn=<DivBackward0>)
Memory status after this epoch: 
Memory allocated:  219.62841796875
Memory cached:  316.0
	 epoch  30 training error:  tensor(0.2895, device='cuda:0', grad_fn=<DivBackward0>)
Memory status after this epoch: 
Memory allocated:  219.62841796875
Memory cached:  316.0
	 epoch  40 training error:  tensor(0.2919, device='cuda:0', grad_fn=<DivBackward0>)
Memory status after this epoch: 
Memory allocated:  219.62841796875
Memory cached:  316.0
	 epoch  50 training error:  tensor(0.2903, device='cuda:0', grad_fn=<DivBackward0>)
Memory status after this epoch: 
Memory allocated:  219.62841796875
Memory cached:  316.0
	 epoch  60 training error:  tensor(0.2885, device='cuda:0', grad_fn=<DivBackward0>)
Memory status after this epoch: 
Memory allocated:  219.62841796875
Memory cached:  316.0
	 epoch  70 training error:  tensor(0.2931, device='cuda:0', grad_fn=<DivBackward0>)
Memory status after this epoch: 
Memory allocated:  219.62841796875
Memory cached:  316.0
	 epoch  80 training error:  tensor(0.2849, device='cuda:0', grad_fn=<DivBackward0>)
Memory status after this epoch: 
Memory allocated:  219.62841796875
Memory cached:  316.0
	 epoch  90 training error:  tensor(0.2833, device='cuda:0', grad_fn=<DivBackward0>)
Memory status after this epoch: 
Memory allocated:  219.62841796875
Memory cached:  316.0
