[I 2024-01-03 16:19:39,987] Trial 38 finished with value: 0.08691423386335373 and parameters: {'W_layers': 3, 'W_layer_units_exponent_0': 10, 'W_layer_units_exponent_1': 4, 'W_layer_units_exponent_2': 10, 'D_layers': 7, 'D_layer_units_exponent_0': 7, 'D_layer_units_exponent_1': 10, 'D_layer_units_exponent_2': 5, 'D_layer_units_exponent_3': 9, 'D_layer_units_exponent_4': 7, 'D_layer_units_exponent_5': 9, 'D_layer_units_exponent_6': 6, 'D_dagger_layers': 8, 'D_dagger_layer_units_exponent_0': 9, 'D_dagger_layer_units_exponent_1': 8, 'D_dagger_layer_units_exponent_2': 8, 'D_dagger_layer_units_exponent_3': 5, 'D_dagger_layer_units_exponent_4': 6, 'D_dagger_layer_units_exponent_5': 4, 'D_dagger_layer_units_exponent_6': 5, 'D_dagger_layer_units_exponent_7': 8, 'log_learning_rate': -4.657541610571324, 'log_learning_rate_D': -4.689488248028217, 'log_learning_rate_D_dagger': -2.8508906323870002, 'training_batch_size': 11, 'training_p': 3}. Best is trial 17 with value: 0.08524450659751892.
Time for this trial:  236.6062798500061
Memory status after this trial: 
Memory allocated:  543.31396484375
Memory cached:  566.0
--------------------  Trial  39   --------------------
Start timing: 
Parameters: 
{'W_layers': 5, 'W_layer_units_exponent_0': 4, 'W_layer_units_exponent_1': 6, 'W_layer_units_exponent_2': 5, 'W_layer_units_exponent_3': 7, 'W_layer_units_exponent_4': 7, 'D_layers': 6, 'D_layer_units_exponent_0': 10, 'D_layer_units_exponent_1': 7, 'D_layer_units_exponent_2': 6, 'D_layer_units_exponent_3': 6, 'D_layer_units_exponent_4': 8, 'D_layer_units_exponent_5': 10, 'D_dagger_layers': 4, 'D_dagger_layer_units_exponent_0': 8, 'D_dagger_layer_units_exponent_1': 6, 'D_dagger_layer_units_exponent_2': 7, 'D_dagger_layer_units_exponent_3': 8, 'log_learning_rate': -4.002623609254813, 'log_learning_rate_D': -3.6041982463299407, 'log_learning_rate_D_dagger': -3.635793504100583, 'training_batch_size': 10, 'training_p': 4}
	 epoch  0 training error:  tensor(0.9355, device='cuda:0', grad_fn=<DivBackward0>)
Memory status after this epoch: 
Memory allocated:  242.97802734375
Memory cached:  462.0
	 epoch  10 training error:  tensor(0.4352, device='cuda:0', grad_fn=<DivBackward0>)
Memory status after this epoch: 
Memory allocated:  242.97802734375
Memory cached:  504.0
	 epoch  20 training error:  tensor(0.2960, device='cuda:0', grad_fn=<DivBackward0>)
Memory status after this epoch: 
Memory allocated:  242.97802734375
Memory cached:  508.0
	 epoch  30 training error:  tensor(0.1668, device='cuda:0', grad_fn=<DivBackward0>)
Memory status after this epoch: 
Memory allocated:  242.97802734375
Memory cached:  498.0
	 epoch  40 training error:  tensor(0.1591, device='cuda:0', grad_fn=<DivBackward0>)
Memory status after this epoch: 
Memory allocated:  242.97802734375
Memory cached:  496.0
	 epoch  50 training error:  tensor(0.1526, device='cuda:0', grad_fn=<DivBackward0>)
Memory status after this epoch: 
Memory allocated:  242.97802734375
Memory cached:  494.0
	 epoch  60 training error:  tensor(0.1456, device='cuda:0', grad_fn=<DivBackward0>)
Memory status after this epoch: 
Memory allocated:  242.97802734375
Memory cached:  498.0
	 epoch  70 training error:  tensor(0.1411, device='cuda:0', grad_fn=<DivBackward0>)
Memory status after this epoch: 
Memory allocated:  242.97802734375
Memory cached:  516.0
	 epoch  80 training error:  tensor(0.1367, device='cuda:0', grad_fn=<DivBackward0>)
Memory status after this epoch: 
Memory allocated:  242.97802734375
Memory cached:  498.0
	 epoch  90 training error:  tensor(0.1323, device='cuda:0', grad_fn=<DivBackward0>)
Memory status after this epoch: 
Memory allocated:  242.97802734375
Memory cached:  496.0
[I 2024-01-03 16:22:55,931] Trial 39 finished with value: 0.10429491102695465 and parameters: {'W_layers': 5, 'W_layer_units_exponent_0': 4, 'W_layer_units_exponent_1': 6, 'W_layer_units_exponent_2': 5, 'W_layer_units_exponent_3': 7, 'W_layer_units_exponent_4': 7, 'D_layers': 6, 'D_layer_units_exponent_0': 10, 'D_layer_units_exponent_1': 7, 'D_layer_units_exponent_2': 6, 'D_layer_units_exponent_3': 6, 'D_layer_units_exponent_4': 8, 'D_layer_units_exponent_5': 10, 'D_dagger_layers': 4, 'D_dagger_layer_units_exponent_0': 8, 'D_dagger_layer_units_exponent_1': 6, 'D_dagger_layer_units_exponent_2': 7, 'D_dagger_layer_units_exponent_3': 8, 'log_learning_rate': -4.002623609254813, 'log_learning_rate_D': -3.6041982463299407, 'log_learning_rate_D_dagger': -3.635793504100583, 'training_batch_size': 10, 'training_p': 4}. Best is trial 17 with value: 0.08524450659751892.
Time for this trial:  195.44974613189697
Memory status after this trial: 
Memory allocated:  421.4599609375
Memory cached:  478.0
--------------------  Trial  40   --------------------
Start timing: 
Parameters: 
{'W_layers': 4, 'W_layer_units_exponent_0': 4, 'W_layer_units_exponent_1': 8, 'W_layer_units_exponent_2': 4, 'W_layer_units_exponent_3': 8, 'D_layers': 4, 'D_layer_units_exponent_0': 4, 'D_layer_units_exponent_1': 6, 'D_layer_units_exponent_2': 7, 'D_layer_units_exponent_3': 8, 'D_dagger_layers': 6, 'D_dagger_layer_units_exponent_0': 5, 'D_dagger_layer_units_exponent_1': 7, 'D_dagger_layer_units_exponent_2': 6, 'D_dagger_layer_units_exponent_3': 7, 'D_dagger_layer_units_exponent_4': 5, 'D_dagger_layer_units_exponent_5': 7, 'log_learning_rate': -4.456708186790456, 'log_learning_rate_D': -3.443473532236512, 'log_learning_rate_D_dagger': -4.971168094309725, 'training_batch_size': 12, 'training_p': 8}
	 epoch  0 training error:  tensor(1.0148, device='cuda:0', grad_fn=<DivBackward0>)
Memory status after this epoch: 
Memory allocated:  236.45458984375
Memory cached:  452.0
	 epoch  10 training error:  tensor(0.9606, device='cuda:0', grad_fn=<DivBackward0>)
Memory status after this epoch: 
Memory allocated:  236.45458984375
Memory cached:  466.0
	 epoch  20 training error:  tensor(0.9060, device='cuda:0', grad_fn=<DivBackward0>)
Memory status after this epoch: 
Memory allocated:  236.45458984375
Memory cached:  464.0
	 epoch  30 training error:  tensor(0.8509, device='cuda:0', grad_fn=<DivBackward0>)
Memory status after this epoch: 
Memory allocated:  236.45458984375
Memory cached:  462.0
	 epoch  40 training error:  tensor(0.7939, device='cuda:0', grad_fn=<DivBackward0>)
Memory status after this epoch: 
Memory allocated:  236.45458984375
Memory cached:  460.0
	 epoch  50 training error:  tensor(0.7374, device='cuda:0', grad_fn=<DivBackward0>)
Memory status after this epoch: 
Memory allocated:  236.45458984375
Memory cached:  466.0
	 epoch  60 training error:  tensor(0.6983, device='cuda:0', grad_fn=<DivBackward0>)
Memory status after this epoch: 
Memory allocated:  236.45458984375
Memory cached:  458.0
	 epoch  70 training error:  tensor(0.6851, device='cuda:0', grad_fn=<DivBackward0>)
Memory status after this epoch: 
Memory allocated:  236.45458984375
Memory cached:  464.0
	 epoch  80 training error:  tensor(0.6818, device='cuda:0', grad_fn=<DivBackward0>)
Memory status after this epoch: 
Memory allocated:  236.45458984375
Memory cached:  466.0
	 epoch  90 training error:  tensor(0.6805, device='cuda:0', grad_fn=<DivBackward0>)
Memory status after this epoch: 
Memory allocated:  236.45458984375
Memory cached:  460.0
[I 2024-01-03 16:25:50,628] Trial 40 finished with value: 0.6258091926574707 and parameters: {'W_layers': 4, 'W_layer_units_exponent_0': 4, 'W_layer_units_exponent_1': 8, 'W_layer_units_exponent_2': 4, 'W_layer_units_exponent_3': 8, 'D_layers': 4, 'D_layer_units_exponent_0': 4, 'D_layer_units_exponent_1': 6, 'D_layer_units_exponent_2': 7, 'D_layer_units_exponent_3': 8, 'D_dagger_layers': 6, 'D_dagger_layer_units_exponent_0': 5, 'D_dagger_layer_units_exponent_1': 7, 'D_dagger_layer_units_exponent_2': 6, 'D_dagger_layer_units_exponent_3': 7, 'D_dagger_layer_units_exponent_4': 5, 'D_dagger_layer_units_exponent_5': 7, 'log_learning_rate': -4.456708186790456, 'log_learning_rate_D': -3.443473532236512, 'log_learning_rate_D_dagger': -4.971168094309725, 'training_batch_size': 12, 'training_p': 8}. Best is trial 17 with value: 0.08524450659751892.
Time for this trial:  174.30217337608337
Memory status after this trial: 
Memory allocated:  312.66552734375
Memory cached:  448.0
--------------------  Trial  41   --------------------
Start timing: 
Parameters: 
{'W_layers': 2, 'W_layer_units_exponent_0': 5, 'W_layer_units_exponent_1': 4, 'D_layers': 6, 'D_layer_units_exponent_0': 8, 'D_layer_units_exponent_1': 9, 'D_layer_units_exponent_2': 4, 'D_layer_units_exponent_3': 7, 'D_layer_units_exponent_4': 9, 'D_layer_units_exponent_5': 6, 'D_dagger_layers': 7, 'D_dagger_layer_units_exponent_0': 10, 'D_dagger_layer_units_exponent_1': 8, 'D_dagger_layer_units_exponent_2': 4, 'D_dagger_layer_units_exponent_3': 9, 'D_dagger_layer_units_exponent_4': 8, 'D_dagger_layer_units_exponent_5': 5, 'D_dagger_layer_units_exponent_6': 7, 'log_learning_rate': -4.273550707557365, 'log_learning_rate_D': -2.9411193994551668, 'log_learning_rate_D_dagger': -2.333760851976749, 'training_batch_size': 11, 'training_p': 5}
	 epoch  0 training error:  tensor(0.8228, device='cuda:0', grad_fn=<DivBackward0>)
Memory status after this epoch: 
Memory allocated:  245.34521484375
Memory cached:  464.0
	 epoch  10 training error:  tensor(0.5006, device='cuda:0', grad_fn=<DivBackward0>)
Memory status after this epoch: 
Memory allocated:  245.34521484375
Memory cached:  512.0
	 epoch  20 training error:  tensor(0.2319, device='cuda:0', grad_fn=<DivBackward0>)
Memory status after this epoch: 
Memory allocated:  245.34521484375
Memory cached:  512.0
	 epoch  30 training error:  tensor(0.1756, device='cuda:0', grad_fn=<DivBackward0>)
Memory status after this epoch: 
Memory allocated:  245.34521484375
Memory cached:  514.0
	 epoch  40 training error:  tensor(0.1242, device='cuda:0', grad_fn=<DivBackward0>)
Memory status after this epoch: 
Memory allocated:  245.34521484375
Memory cached:  512.0
	 epoch  50 training error:  tensor(0.1796, device='cuda:0', grad_fn=<DivBackward0>)
Memory status after this epoch: 
Memory allocated:  245.34521484375
Memory cached:  516.0
	 epoch  60 training error:  tensor(0.2163, device='cuda:0', grad_fn=<DivBackward0>)
Memory status after this epoch: 
Memory allocated:  245.34521484375
Memory cached:  508.0
	 epoch  70 training error:  tensor(0.1600, device='cuda:0', grad_fn=<DivBackward0>)
Memory status after this epoch: 
Memory allocated:  245.34521484375
Memory cached:  518.0
	 epoch  80 training error:  tensor(0.1912, device='cuda:0', grad_fn=<DivBackward0>)
Memory status after this epoch: 
Memory allocated:  245.34521484375
Memory cached:  506.0
	 epoch  90 training error:  tensor(0.1456, device='cuda:0', grad_fn=<DivBackward0>)
Memory status after this epoch: 
Memory allocated:  245.34521484375
Memory cached:  516.0
[I 2024-01-03 16:29:09,967] Trial 41 finished with value: 0.10462000221014023 and parameters: {'W_layers': 2, 'W_layer_units_exponent_0': 5, 'W_layer_units_exponent_1': 4, 'D_layers': 6, 'D_layer_units_exponent_0': 8, 'D_layer_units_exponent_1': 9, 'D_layer_units_exponent_2': 4, 'D_layer_units_exponent_3': 7, 'D_layer_units_exponent_4': 9, 'D_layer_units_exponent_5': 6, 'D_dagger_layers': 7, 'D_dagger_layer_units_exponent_0': 10, 'D_dagger_layer_units_exponent_1': 8, 'D_dagger_layer_units_exponent_2': 4, 'D_dagger_layer_units_exponent_3': 9, 'D_dagger_layer_units_exponent_4': 8, 'D_dagger_layer_units_exponent_5': 5, 'D_dagger_layer_units_exponent_6': 7, 'log_learning_rate': -4.273550707557365, 'log_learning_rate_D': -2.9411193994551668, 'log_learning_rate_D_dagger': -2.333760851976749, 'training_batch_size': 11, 'training_p': 5}. Best is trial 17 with value: 0.08524450659751892.
Time for this trial:  198.90927648544312
Memory status after this trial: 
Memory allocated:  439.44970703125
Memory cached:  482.0
--------------------  Trial  42   --------------------
Start timing: 
Parameters: 
{'W_layers': 3, 'W_layer_units_exponent_0': 10, 'W_layer_units_exponent_1': 4, 'W_layer_units_exponent_2': 10, 'D_layers': 7, 'D_layer_units_exponent_0': 7, 'D_layer_units_exponent_1': 10, 'D_layer_units_exponent_2': 5, 'D_layer_units_exponent_3': 9, 'D_layer_units_exponent_4': 7, 'D_layer_units_exponent_5': 9, 'D_layer_units_exponent_6': 6, 'D_dagger_layers': 8, 'D_dagger_layer_units_exponent_0': 9, 'D_dagger_layer_units_exponent_1': 9, 'D_dagger_layer_units_exponent_2': 8, 'D_dagger_layer_units_exponent_3': 5, 'D_dagger_layer_units_exponent_4': 6, 'D_dagger_layer_units_exponent_5': 4, 'D_dagger_layer_units_exponent_6': 5, 'D_dagger_layer_units_exponent_7': 8, 'log_learning_rate': -4.692138669815194, 'log_learning_rate_D': -4.743172679399992, 'log_learning_rate_D_dagger': -2.9180875874064456, 'training_batch_size': 11, 'training_p': 3}
	 epoch  0 training error:  tensor(0.9298, device='cuda:0', grad_fn=<DivBackward0>)
Memory status after this epoch: 
Memory allocated:  247.38037109375
Memory cached:  462.0
	 epoch  10 training error:  tensor(0.3117, device='cuda:0', grad_fn=<DivBackward0>)
Memory status after this epoch: 
Memory allocated:  247.38037109375
Memory cached:  518.0
	 epoch  20 training error:  tensor(0.2420, device='cuda:0', grad_fn=<DivBackward0>)
Memory status after this epoch: 
Memory allocated:  247.38037109375
Memory cached:  522.0
	 epoch  30 training error:  tensor(0.1548, device='cuda:0', grad_fn=<DivBackward0>)
Memory status after this epoch: 
Memory allocated:  247.38037109375
Memory cached:  512.0
	 epoch  40 training error:  tensor(0.1089, device='cuda:0', grad_fn=<DivBackward0>)
Memory status after this epoch: 
Memory allocated:  247.38037109375
Memory cached:  514.0
	 epoch  50 training error:  tensor(0.0985, device='cuda:0', grad_fn=<DivBackward0>)
Memory status after this epoch: 
Memory allocated:  247.38037109375
Memory cached:  528.0
	 epoch  60 training error:  tensor(0.1063, device='cuda:0', grad_fn=<DivBackward0>)
Memory status after this epoch: 
Memory allocated:  247.38037109375
Memory cached:  526.0
	 epoch  70 training error:  tensor(0.0969, device='cuda:0', grad_fn=<DivBackward0>)
Memory status after this epoch: 
Memory allocated:  247.38037109375
Memory cached:  526.0
	 epoch  80 training error:  tensor(0.0956, device='cuda:0', grad_fn=<DivBackward0>)
Memory status after this epoch: 
Memory allocated:  247.38037109375
Memory cached:  514.0
	 epoch  90 training error:  tensor(0.0971, device='cuda:0', grad_fn=<DivBackward0>)
Memory status after this epoch: 
Memory allocated:  247.38037109375
Memory cached:  520.0
[I 2024-01-03 16:33:08,727] Trial 42 finished with value: 0.09031762927770615 and parameters: {'W_layers': 3, 'W_layer_units_exponent_0': 10, 'W_layer_units_exponent_1': 4, 'W_layer_units_exponent_2': 10, 'D_layers': 7, 'D_layer_units_exponent_0': 7, 'D_layer_units_exponent_1': 10, 'D_layer_units_exponent_2': 5, 'D_layer_units_exponent_3': 9, 'D_layer_units_exponent_4': 7, 'D_layer_units_exponent_5': 9, 'D_layer_units_exponent_6': 6, 'D_dagger_layers': 8, 'D_dagger_layer_units_exponent_0': 9, 'D_dagger_layer_units_exponent_1': 9, 'D_dagger_layer_units_exponent_2': 8, 'D_dagger_layer_units_exponent_3': 5, 'D_dagger_layer_units_exponent_4': 6, 'D_dagger_layer_units_exponent_5': 4, 'D_dagger_layer_units_exponent_6': 5, 'D_dagger_layer_units_exponent_7': 8, 'log_learning_rate': -4.692138669815194, 'log_learning_rate_D': -4.743172679399992, 'log_learning_rate_D_dagger': -2.9180875874064456, 'training_batch_size': 11, 'training_p': 3}. Best is trial 17 with value: 0.08524450659751892.
Time for this trial:  238.26020455360413
Memory status after this trial: 
Memory allocated:  558.48779296875
Memory cached:  582.0
--------------------  Trial  43   --------------------
Start timing: 
Parameters: 
{'W_layers': 2, 'W_layer_units_exponent_0': 9, 'W_layer_units_exponent_1': 4, 'D_layers': 7, 'D_layer_units_exponent_0': 6, 'D_layer_units_exponent_1': 10, 'D_layer_units_exponent_2': 5, 'D_layer_units_exponent_3': 9, 'D_layer_units_exponent_4': 7, 'D_layer_units_exponent_5': 9, 'D_layer_units_exponent_6': 6, 'D_dagger_layers': 8, 'D_dagger_layer_units_exponent_0': 10, 'D_dagger_layer_units_exponent_1': 8, 'D_dagger_layer_units_exponent_2': 8, 'D_dagger_layer_units_exponent_3': 5, 'D_dagger_layer_units_exponent_4': 5, 'D_dagger_layer_units_exponent_5': 4, 'D_dagger_layer_units_exponent_6': 5, 'D_dagger_layer_units_exponent_7': 7, 'log_learning_rate': -4.7221467633167435, 'log_learning_rate_D': -4.558515823370506, 'log_learning_rate_D_dagger': -2.90276251044324, 'training_batch_size': 11, 'training_p': 3}
	 epoch  0 training error:  tensor(1.1549, device='cuda:0', grad_fn=<DivBackward0>)
Memory status after this epoch: 
Memory allocated:  244.90966796875
Memory cached:  462.0
	 epoch  10 training error:  tensor(0.2910, device='cuda:0', grad_fn=<DivBackward0>)
Memory status after this epoch: 
Memory allocated:  244.90966796875
Memory cached:  520.0
	 epoch  20 training error:  tensor(0.1849, device='cuda:0', grad_fn=<DivBackward0>)
Memory status after this epoch: 
Memory allocated:  244.90966796875
Memory cached:  518.0
	 epoch  30 training error:  tensor(0.1480, device='cuda:0', grad_fn=<DivBackward0>)
Memory status after this epoch: 
Memory allocated:  244.90966796875
Memory cached:  518.0
	 epoch  40 training error:  tensor(0.1227, device='cuda:0', grad_fn=<DivBackward0>)
Memory status after this epoch: 
Memory allocated:  244.90966796875
Memory cached:  514.0
	 epoch  50 training error:  tensor(0.1095, device='cuda:0', grad_fn=<DivBackward0>)
Memory status after this epoch: 
Memory allocated:  244.90966796875
Memory cached:  522.0
	 epoch  60 training error:  tensor(0.1049, device='cuda:0', grad_fn=<DivBackward0>)
Memory status after this epoch: 
Memory allocated:  244.90966796875
Memory cached:  506.0
	 epoch  70 training error:  tensor(0.1014, device='cuda:0', grad_fn=<DivBackward0>)
Memory status after this epoch: 
Memory allocated:  244.90966796875
Memory cached:  516.0
	 epoch  80 training error:  tensor(0.0972, device='cuda:0', grad_fn=<DivBackward0>)
Memory status after this epoch: 
Memory allocated:  244.90966796875
Memory cached:  514.0
	 epoch  90 training error:  tensor(0.0942, device='cuda:0', grad_fn=<DivBackward0>)
Memory status after this epoch: 
Memory allocated:  244.90966796875
Memory cached:  514.0
