[I 2023-12-02 23:09:45,960] Trial 7 finished with value: 0.0723036676645279 and parameters: {'W_layers': 7, 'W_layer_units_exponent_0': 5, 'W_layer_units_exponent_1': 5, 'W_layer_units_exponent_2': 4, 'W_layer_units_exponent_3': 9, 'W_layer_units_exponent_4': 10, 'W_layer_units_exponent_5': 8, 'W_layer_units_exponent_6': 8, 'D_layers': 8, 'D_layer_units_exponent_0': 5, 'D_layer_units_exponent_1': 5, 'D_layer_units_exponent_2': 8, 'D_layer_units_exponent_3': 7, 'D_layer_units_exponent_4': 4, 'D_layer_units_exponent_5': 4, 'D_layer_units_exponent_6': 8, 'D_layer_units_exponent_7': 9, 'log_learning_rate': -2.530423393448543, 'log_learning_rate_D': -2.595566738506001, 'training_batch_size': 7, 'training_p': 5}. Best is trial 0 with value: 0.04481872171163559.
Time for this trial:  63.05543279647827
Memory status after this trial: 
Memory allocated:  123.27294921875
Memory cached:  144.0
--------------------  Trial  8   --------------------
Start timing: 
Parameters: 
{'W_layers': 7, 'W_layer_units_exponent_0': 6, 'W_layer_units_exponent_1': 8, 'W_layer_units_exponent_2': 7, 'W_layer_units_exponent_3': 5, 'W_layer_units_exponent_4': 7, 'W_layer_units_exponent_5': 5, 'W_layer_units_exponent_6': 9, 'D_layers': 6, 'D_layer_units_exponent_0': 6, 'D_layer_units_exponent_1': 9, 'D_layer_units_exponent_2': 6, 'D_layer_units_exponent_3': 5, 'D_layer_units_exponent_4': 5, 'D_layer_units_exponent_5': 5, 'log_learning_rate': -2.2750953655324504, 'log_learning_rate_D': -4.089151701843882, 'training_batch_size': 11, 'training_p': 5}
	 epoch  0 training error:  tensor(0.8160, device='cuda:0', grad_fn=<DivBackward0>)
Memory status after this epoch: 
Memory allocated:  40.30078125
Memory cached:  44.0
	 epoch  10 training error:  tensor(0.9820, device='cuda:0', grad_fn=<DivBackward0>)
Memory status after this epoch: 
Memory allocated:  40.30078125
Memory cached:  48.0
	 epoch  20 training error:  tensor(0.3855, device='cuda:0', grad_fn=<DivBackward0>)
Memory status after this epoch: 
Memory allocated:  40.30078125
Memory cached:  48.0
	 epoch  30 training error:  tensor(0.1149, device='cuda:0', grad_fn=<DivBackward0>)
Memory status after this epoch: 
Memory allocated:  40.30078125
Memory cached:  48.0
	 epoch  40 training error:  tensor(0.1198, device='cuda:0', grad_fn=<DivBackward0>)
Memory status after this epoch: 
Memory allocated:  40.30078125
Memory cached:  48.0
	 epoch  50 training error:  tensor(0.0805, device='cuda:0', grad_fn=<DivBackward0>)
Memory status after this epoch: 
Memory allocated:  40.30078125
Memory cached:  48.0
	 epoch  60 training error:  tensor(0.0682, device='cuda:0', grad_fn=<DivBackward0>)
Memory status after this epoch: 
Memory allocated:  40.30078125
Memory cached:  48.0
	 epoch  70 training error:  tensor(0.0684, device='cuda:0', grad_fn=<DivBackward0>)
Memory status after this epoch: 
Memory allocated:  40.30078125
Memory cached:  48.0
	 epoch  80 training error:  tensor(0.0639, device='cuda:0', grad_fn=<DivBackward0>)
Memory status after this epoch: 
Memory allocated:  40.30078125
Memory cached:  48.0
	 epoch  90 training error:  tensor(0.0512, device='cuda:0', grad_fn=<DivBackward0>)
Memory status after this epoch: 
Memory allocated:  40.30078125
Memory cached:  48.0
[I 2023-12-02 23:10:38,853] Trial 8 finished with value: 0.06260768324136734 and parameters: {'W_layers': 7, 'W_layer_units_exponent_0': 6, 'W_layer_units_exponent_1': 8, 'W_layer_units_exponent_2': 7, 'W_layer_units_exponent_3': 5, 'W_layer_units_exponent_4': 7, 'W_layer_units_exponent_5': 5, 'W_layer_units_exponent_6': 9, 'D_layers': 6, 'D_layer_units_exponent_0': 6, 'D_layer_units_exponent_1': 9, 'D_layer_units_exponent_2': 6, 'D_layer_units_exponent_3': 5, 'D_layer_units_exponent_4': 5, 'D_layer_units_exponent_5': 5, 'log_learning_rate': -2.2750953655324504, 'log_learning_rate_D': -4.089151701843882, 'training_batch_size': 11, 'training_p': 5}. Best is trial 0 with value: 0.04481872171163559.
Time for this trial:  52.7502658367157
Memory status after this trial: 
Memory allocated:  82.28125
Memory cached:  84.0
--------------------  Trial  9   --------------------
Start timing: 
Parameters: 
{'W_layers': 7, 'W_layer_units_exponent_0': 8, 'W_layer_units_exponent_1': 7, 'W_layer_units_exponent_2': 10, 'W_layer_units_exponent_3': 6, 'W_layer_units_exponent_4': 4, 'W_layer_units_exponent_5': 10, 'W_layer_units_exponent_6': 9, 'D_layers': 5, 'D_layer_units_exponent_0': 7, 'D_layer_units_exponent_1': 9, 'D_layer_units_exponent_2': 8, 'D_layer_units_exponent_3': 9, 'D_layer_units_exponent_4': 8, 'log_learning_rate': -1.6093865314914626, 'log_learning_rate_D': -2.643249436424647, 'training_batch_size': 6, 'training_p': 6}
	 epoch  0 training error:  tensor(35.5488, device='cuda:0', grad_fn=<DivBackward0>)
Memory status after this epoch: 
Memory allocated:  56.8486328125
Memory cached:  72.0
	 epoch  10 training error:  tensor(31.5731, device='cuda:0', grad_fn=<DivBackward0>)
Memory status after this epoch: 
Memory allocated:  56.8486328125
Memory cached:  72.0
	 epoch  20 training error:  tensor(3.5431, device='cuda:0', grad_fn=<DivBackward0>)
Memory status after this epoch: 
Memory allocated:  56.8486328125
Memory cached:  72.0
	 epoch  30 training error:  tensor(0.4225, device='cuda:0', grad_fn=<DivBackward0>)
Memory status after this epoch: 
Memory allocated:  56.8486328125
Memory cached:  72.0
	 epoch  40 training error:  tensor(1.6049, device='cuda:0', grad_fn=<DivBackward0>)
Memory status after this epoch: 
Memory allocated:  56.8486328125
Memory cached:  72.0
	 epoch  50 training error:  tensor(1.6293, device='cuda:0', grad_fn=<DivBackward0>)
Memory status after this epoch: 
Memory allocated:  56.8486328125
Memory cached:  72.0
	 epoch  60 training error:  tensor(2.3490, device='cuda:0', grad_fn=<DivBackward0>)
Memory status after this epoch: 
Memory allocated:  56.8486328125
Memory cached:  72.0
	 epoch  70 training error:  tensor(2.0343, device='cuda:0', grad_fn=<DivBackward0>)
Memory status after this epoch: 
Memory allocated:  56.8486328125
Memory cached:  72.0
	 epoch  80 training error:  tensor(2.2686, device='cuda:0', grad_fn=<DivBackward0>)
Memory status after this epoch: 
Memory allocated:  56.8486328125
Memory cached:  72.0
	 epoch  90 training error:  tensor(2.3894, device='cuda:0', grad_fn=<DivBackward0>)
Memory status after this epoch: 
Memory allocated:  56.8486328125
Memory cached:  72.0
[I 2023-12-02 23:12:08,929] Trial 9 finished with value: 2.948164463043213 and parameters: {'W_layers': 7, 'W_layer_units_exponent_0': 8, 'W_layer_units_exponent_1': 7, 'W_layer_units_exponent_2': 10, 'W_layer_units_exponent_3': 6, 'W_layer_units_exponent_4': 4, 'W_layer_units_exponent_5': 10, 'W_layer_units_exponent_6': 9, 'D_layers': 5, 'D_layer_units_exponent_0': 7, 'D_layer_units_exponent_1': 9, 'D_layer_units_exponent_2': 8, 'D_layer_units_exponent_3': 9, 'D_layer_units_exponent_4': 8, 'log_learning_rate': -1.6093865314914626, 'log_learning_rate_D': -2.643249436424647, 'training_batch_size': 6, 'training_p': 6}. Best is trial 0 with value: 0.04481872171163559.
Time for this trial:  89.93796467781067
Memory status after this trial: 
Memory allocated:  154.51513671875
Memory cached:  176.0
--------------------  Trial  10   --------------------
Start timing: 
Parameters: 
{'W_layers': 6, 'W_layer_units_exponent_0': 4, 'W_layer_units_exponent_1': 5, 'W_layer_units_exponent_2': 9, 'W_layer_units_exponent_3': 10, 'W_layer_units_exponent_4': 5, 'W_layer_units_exponent_5': 9, 'D_layers': 6, 'D_layer_units_exponent_0': 10, 'D_layer_units_exponent_1': 9, 'D_layer_units_exponent_2': 4, 'D_layer_units_exponent_3': 7, 'D_layer_units_exponent_4': 9, 'D_layer_units_exponent_5': 7, 'log_learning_rate': -1.0785123234628675, 'log_learning_rate_D': -1.9536607151826284, 'training_batch_size': 9, 'training_p': 4}
	 epoch  0 training error:  tensor(1.1277, device='cuda:0', grad_fn=<DivBackward0>)
Memory status after this epoch: 
Memory allocated:  57.30859375
Memory cached:  68.0
	 epoch  10 training error:  tensor(2044.1273, device='cuda:0', grad_fn=<DivBackward0>)
Memory status after this epoch: 
Memory allocated:  57.30859375
Memory cached:  70.0
[W 2023-12-02 23:12:20,312] Trial 10 failed with parameters: {'W_layers': 6, 'W_layer_units_exponent_0': 4, 'W_layer_units_exponent_1': 5, 'W_layer_units_exponent_2': 9, 'W_layer_units_exponent_3': 10, 'W_layer_units_exponent_4': 5, 'W_layer_units_exponent_5': 9, 'D_layers': 6, 'D_layer_units_exponent_0': 10, 'D_layer_units_exponent_1': 9, 'D_layer_units_exponent_2': 4, 'D_layer_units_exponent_3': 7, 'D_layer_units_exponent_4': 9, 'D_layer_units_exponent_5': 7, 'log_learning_rate': -1.0785123234628675, 'log_learning_rate_D': -1.9536607151826284, 'training_batch_size': 9, 'training_p': 4} because of the following error: The value nan is not acceptable.
[W 2023-12-02 23:12:20,314] Trial 10 failed with value tensor(nan, device='cuda:0', grad_fn=<DivBackward0>).
Time for this trial:  11.24446725845337
Memory status after this trial: 
Memory allocated:  149.162109375
Memory cached:  164.0
--------------------  Trial  11   --------------------
Start timing: 
Parameters: 
{'W_layers': 2, 'W_layer_units_exponent_0': 8, 'W_layer_units_exponent_1': 4, 'D_layers': 4, 'D_layer_units_exponent_0': 8, 'D_layer_units_exponent_1': 9, 'D_layer_units_exponent_2': 8, 'D_layer_units_exponent_3': 8, 'log_learning_rate': -1.249355793772546, 'log_learning_rate_D': -3.408945339451139, 'training_batch_size': 10, 'training_p': 5}
	 epoch  0 training error:  tensor(2.0101, device='cuda:0', grad_fn=<DivBackward0>)
Memory status after this epoch: 
Memory allocated:  43.123046875
Memory cached:  46.0
	 epoch  10 training error:  tensor(3.1532, device='cuda:0', grad_fn=<DivBackward0>)
Memory status after this epoch: 
Memory allocated:  43.123046875
Memory cached:  48.0
	 epoch  20 training error:  tensor(0.5850, device='cuda:0', grad_fn=<DivBackward0>)
Memory status after this epoch: 
Memory allocated:  43.123046875
Memory cached:  48.0
	 epoch  30 training error:  tensor(0.1662, device='cuda:0', grad_fn=<DivBackward0>)
Memory status after this epoch: 
Memory allocated:  43.123046875
Memory cached:  48.0
	 epoch  40 training error:  tensor(0.3822, device='cuda:0', grad_fn=<DivBackward0>)
Memory status after this epoch: 
Memory allocated:  43.123046875
Memory cached:  48.0
	 epoch  50 training error:  tensor(0.2138, device='cuda:0', grad_fn=<DivBackward0>)
Memory status after this epoch: 
Memory allocated:  43.123046875
Memory cached:  48.0
	 epoch  60 training error:  tensor(0.3037, device='cuda:0', grad_fn=<DivBackward0>)
Memory status after this epoch: 
Memory allocated:  43.123046875
Memory cached:  48.0
	 epoch  70 training error:  tensor(0.2854, device='cuda:0', grad_fn=<DivBackward0>)
Memory status after this epoch: 
Memory allocated:  43.123046875
Memory cached:  48.0
	 epoch  80 training error:  tensor(0.3474, device='cuda:0', grad_fn=<DivBackward0>)
Memory status after this epoch: 
Memory allocated:  43.123046875
Memory cached:  48.0
	 epoch  90 training error:  tensor(0.2454, device='cuda:0', grad_fn=<DivBackward0>)
Memory status after this epoch: 
Memory allocated:  43.123046875
Memory cached:  48.0
[I 2023-12-02 23:13:00,058] Trial 11 finished with value: 0.3593663275241852 and parameters: {'W_layers': 2, 'W_layer_units_exponent_0': 8, 'W_layer_units_exponent_1': 4, 'D_layers': 4, 'D_layer_units_exponent_0': 8, 'D_layer_units_exponent_1': 9, 'D_layer_units_exponent_2': 8, 'D_layer_units_exponent_3': 8, 'log_learning_rate': -1.249355793772546, 'log_learning_rate_D': -3.408945339451139, 'training_batch_size': 10, 'training_p': 5}. Best is trial 0 with value: 0.04481872171163559.
Time for this trial:  39.61618256568909
Memory status after this trial: 
Memory allocated:  75.95068359375
Memory cached:  80.0
--------------------  Trial  12   --------------------
Start timing: 
Parameters: 
{'W_layers': 5, 'W_layer_units_exponent_0': 10, 'W_layer_units_exponent_1': 6, 'W_layer_units_exponent_2': 4, 'W_layer_units_exponent_3': 4, 'W_layer_units_exponent_4': 10, 'D_layers': 8, 'D_layer_units_exponent_0': 10, 'D_layer_units_exponent_1': 6, 'D_layer_units_exponent_2': 4, 'D_layer_units_exponent_3': 4, 'D_layer_units_exponent_4': 10, 'D_layer_units_exponent_5': 10, 'D_layer_units_exponent_6': 4, 'D_layer_units_exponent_7': 4, 'log_learning_rate': -1.0547482859728432, 'log_learning_rate_D': -1.5633802985812122, 'training_batch_size': 12, 'training_p': 2}
	 epoch  0 training error:  tensor(1.4189, device='cuda:0', grad_fn=<DivBackward0>)
Memory status after this epoch: 
Memory allocated:  57.0234375
Memory cached:  72.0
[W 2023-12-02 23:13:02,456] Trial 12 failed with parameters: {'W_layers': 5, 'W_layer_units_exponent_0': 10, 'W_layer_units_exponent_1': 6, 'W_layer_units_exponent_2': 4, 'W_layer_units_exponent_3': 4, 'W_layer_units_exponent_4': 10, 'D_layers': 8, 'D_layer_units_exponent_0': 10, 'D_layer_units_exponent_1': 6, 'D_layer_units_exponent_2': 4, 'D_layer_units_exponent_3': 4, 'D_layer_units_exponent_4': 10, 'D_layer_units_exponent_5': 10, 'D_layer_units_exponent_6': 4, 'D_layer_units_exponent_7': 4, 'log_learning_rate': -1.0547482859728432, 'log_learning_rate_D': -1.5633802985812122, 'training_batch_size': 12, 'training_p': 2} because of the following error: The value nan is not acceptable.
[W 2023-12-02 23:13:02,457] Trial 12 failed with value tensor(nan, device='cuda:0', grad_fn=<DivBackward0>).
Time for this trial:  2.1834328174591064
Memory status after this trial: 
Memory allocated:  169.61669921875
Memory cached:  184.0
--------------------  Trial  13   --------------------
Start timing: 
Parameters: 
{'W_layers': 5, 'W_layer_units_exponent_0': 10, 'W_layer_units_exponent_1': 6, 'W_layer_units_exponent_2': 4, 'W_layer_units_exponent_3': 4, 'W_layer_units_exponent_4': 10, 'D_layers': 8, 'D_layer_units_exponent_0': 10, 'D_layer_units_exponent_1': 6, 'D_layer_units_exponent_2': 4, 'D_layer_units_exponent_3': 4, 'D_layer_units_exponent_4': 10, 'D_layer_units_exponent_5': 10, 'D_layer_units_exponent_6': 4, 'D_layer_units_exponent_7': 4, 'log_learning_rate': -1.0984986525945257, 'log_learning_rate_D': -1.5495335451773138, 'training_batch_size': 12, 'training_p': 2}
	 epoch  0 training error:  tensor(1.0496, device='cuda:0', grad_fn=<DivBackward0>)
Memory status after this epoch: 
Memory allocated:  57.0234375
Memory cached:  70.0
	 epoch  10 training error:  tensor(661731.6875, device='cuda:0', grad_fn=<DivBackward0>)
Memory status after this epoch: 
Memory allocated:  57.0234375
Memory cached:  72.0
[W 2023-12-02 23:13:10,965] Trial 13 failed with parameters: {'W_layers': 5, 'W_layer_units_exponent_0': 10, 'W_layer_units_exponent_1': 6, 'W_layer_units_exponent_2': 4, 'W_layer_units_exponent_3': 4, 'W_layer_units_exponent_4': 10, 'D_layers': 8, 'D_layer_units_exponent_0': 10, 'D_layer_units_exponent_1': 6, 'D_layer_units_exponent_2': 4, 'D_layer_units_exponent_3': 4, 'D_layer_units_exponent_4': 10, 'D_layer_units_exponent_5': 10, 'D_layer_units_exponent_6': 4, 'D_layer_units_exponent_7': 4, 'log_learning_rate': -1.0984986525945257, 'log_learning_rate_D': -1.5495335451773138, 'training_batch_size': 12, 'training_p': 2} because of the following error: The value nan is not acceptable.
[W 2023-12-02 23:13:10,966] Trial 13 failed with value tensor(nan, device='cuda:0', grad_fn=<DivBackward0>).
Time for this trial:  8.31454062461853
Memory status after this trial: 
Memory allocated:  169.61669921875
Memory cached:  184.0
--------------------  Trial  14   --------------------
Start timing: 
Parameters: 
{'W_layers': 5, 'W_layer_units_exponent_0': 10, 'W_layer_units_exponent_1': 6, 'W_layer_units_exponent_2': 4, 'W_layer_units_exponent_3': 4, 'W_layer_units_exponent_4': 10, 'D_layers': 8, 'D_layer_units_exponent_0': 10, 'D_layer_units_exponent_1': 6, 'D_layer_units_exponent_2': 4, 'D_layer_units_exponent_3': 4, 'D_layer_units_exponent_4': 10, 'D_layer_units_exponent_5': 10, 'D_layer_units_exponent_6': 4, 'D_layer_units_exponent_7': 4, 'log_learning_rate': -1.1039344888745468, 'log_learning_rate_D': -1.6851553001353379, 'training_batch_size': 12, 'training_p': 2}
	 epoch  0 training error:  tensor(1.1106, device='cuda:0', grad_fn=<DivBackward0>)
Memory status after this epoch: 
Memory allocated:  57.0234375
Memory cached:  70.0
	 epoch  10 training error:  tensor(116008.8281, device='cuda:0', grad_fn=<DivBackward0>)
Memory status after this epoch: 
Memory allocated:  57.0234375
Memory cached:  72.0
	 epoch  20 training error:  tensor(623.3959, device='cuda:0', grad_fn=<DivBackward0>)
Memory status after this epoch: 
Memory allocated:  57.0234375
Memory cached:  72.0
	 epoch  30 training error:  tensor(43.6044, device='cuda:0', grad_fn=<DivBackward0>)
Memory status after this epoch: 
Memory allocated:  57.0234375
Memory cached:  72.0
	 epoch  40 training error:  tensor(531.3572, device='cuda:0', grad_fn=<DivBackward0>)
Memory status after this epoch: 
Memory allocated:  57.0234375
Memory cached:  72.0
	 epoch  50 training error:  tensor(226.8437, device='cuda:0', grad_fn=<DivBackward0>)
Memory status after this epoch: 
Memory allocated:  57.0234375
Memory cached:  72.0
	 epoch  60 training error:  tensor(151.3858, device='cuda:0', grad_fn=<DivBackward0>)
Memory status after this epoch: 
Memory allocated:  57.0234375
Memory cached:  72.0
	 epoch  70 training error:  tensor(286.3616, device='cuda:0', grad_fn=<DivBackward0>)
Memory status after this epoch: 
Memory allocated:  57.0234375
Memory cached:  72.0
	 epoch  80 training error:  tensor(138.0221, device='cuda:0', grad_fn=<DivBackward0>)
Memory status after this epoch: 
Memory allocated:  57.0234375
Memory cached:  72.0
	 epoch  90 training error:  tensor(77.4827, device='cuda:0', grad_fn=<DivBackward0>)
Memory status after this epoch: 
Memory allocated:  57.0234375
Memory cached:  72.0
[I 2023-12-02 23:14:18,639] Trial 14 finished with value: 95.2545394897461 and parameters: {'W_layers': 5, 'W_layer_units_exponent_0': 10, 'W_layer_units_exponent_1': 6, 'W_layer_units_exponent_2': 4, 'W_layer_units_exponent_3': 4, 'W_layer_units_exponent_4': 10, 'D_layers': 8, 'D_layer_units_exponent_0': 10, 'D_layer_units_exponent_1': 6, 'D_layer_units_exponent_2': 4, 'D_layer_units_exponent_3': 4, 'D_layer_units_exponent_4': 10, 'D_layer_units_exponent_5': 10, 'D_layer_units_exponent_6': 4, 'D_layer_units_exponent_7': 4, 'log_learning_rate': -1.1039344888745468, 'log_learning_rate_D': -1.6851553001353379, 'training_batch_size': 12, 'training_p': 2}. Best is trial 0 with value: 0.04481872171163559.
Time for this trial:  67.4633948802948
Memory status after this trial: 
Memory allocated:  169.61669921875
Memory cached:  184.0
--------------------  Trial  15   --------------------
Start timing: 
Parameters: 
{'W_layers': 5, 'W_layer_units_exponent_0': 7, 'W_layer_units_exponent_1': 6, 'W_layer_units_exponent_2': 8, 'W_layer_units_exponent_3': 10, 'W_layer_units_exponent_4': 8, 'D_layers': 6, 'D_layer_units_exponent_0': 10, 'D_layer_units_exponent_1': 7, 'D_layer_units_exponent_2': 5, 'D_layer_units_exponent_3': 10, 'D_layer_units_exponent_4': 6, 'D_layer_units_exponent_5': 7, 'log_learning_rate': -3.405349279619728, 'log_learning_rate_D': -4.806866810859981, 'training_batch_size': 12, 'training_p': 2}
	 epoch  0 training error:  tensor(1.2653, device='cuda:0', grad_fn=<DivBackward0>)
Memory status after this epoch: 
Memory allocated:  50.201171875
Memory cached:  52.0
	 epoch  10 training error:  tensor(0.1912, device='cuda:0', grad_fn=<DivBackward0>)
Memory status after this epoch: 
Memory allocated:  50.201171875
Memory cached:  56.0
	 epoch  20 training error:  tensor(0.0600, device='cuda:0', grad_fn=<DivBackward0>)
Memory status after this epoch: 
Memory allocated:  50.201171875
Memory cached:  56.0
	 epoch  30 training error:  tensor(0.0608, device='cuda:0', grad_fn=<DivBackward0>)
Memory status after this epoch: 
Memory allocated:  50.201171875
Memory cached:  56.0
	 epoch  40 training error:  tensor(0.0479, device='cuda:0', grad_fn=<DivBackward0>)
Memory status after this epoch: 
Memory allocated:  50.201171875
Memory cached:  56.0
	 epoch  50 training error:  tensor(0.0513, device='cuda:0', grad_fn=<DivBackward0>)
Memory status after this epoch: 
Memory allocated:  50.201171875
Memory cached:  56.0
	 epoch  60 training error:  tensor(0.0503, device='cuda:0', grad_fn=<DivBackward0>)
Memory status after this epoch: 
Memory allocated:  50.201171875
Memory cached:  56.0
	 epoch  70 training error:  tensor(0.0505, device='cuda:0', grad_fn=<DivBackward0>)
Memory status after this epoch: 
Memory allocated:  50.201171875
Memory cached:  56.0
	 epoch  80 training error:  tensor(0.0517, device='cuda:0', grad_fn=<DivBackward0>)
Memory status after this epoch: 
Memory allocated:  50.201171875
Memory cached:  56.0
	 epoch  90 training error:  tensor(0.0466, device='cuda:0', grad_fn=<DivBackward0>)
Memory status after this epoch: 
Memory allocated:  50.201171875
Memory cached:  56.0
