[I 2023-12-06 12:07:45,242] Trial 87 finished with value: 0.35550743341445923 and parameters: {'W_layers': 4, 'W_layer_units_exponent_0': 6, 'W_layer_units_exponent_1': 10, 'W_layer_units_exponent_2': 4, 'W_layer_units_exponent_3': 4, 'D_layers': 3, 'D_layer_units_exponent_0': 9, 'D_layer_units_exponent_1': 5, 'D_layer_units_exponent_2': 9, 'log_learning_rate': -1.676597503223628, 'log_learning_rate_D': -1.6806734972454744, 'training_batch_size': 11, 'training_p': 4}. Best is trial 68 with value: 0.3323483467102051.
Time for this trial:  15.977325916290283
Memory status after this trial: 
Memory allocated:  52.51318359375
Memory cached:  68.0
--------------------  Trial  88   --------------------
Start timing: 
Parameters: 
{'W_layers': 4, 'W_layer_units_exponent_0': 8, 'W_layer_units_exponent_1': 7, 'W_layer_units_exponent_2': 5, 'W_layer_units_exponent_3': 7, 'D_layers': 3, 'D_layer_units_exponent_0': 10, 'D_layer_units_exponent_1': 4, 'D_layer_units_exponent_2': 10, 'log_learning_rate': -1.989538401603861, 'log_learning_rate_D': -1.7744039642592688, 'training_batch_size': 12, 'training_p': 5}
	 epoch  0 training error:  tensor(1.3525, device='cuda:0', grad_fn=<DivBackward0>)
Memory status after this epoch: 
Memory allocated:  27.015625
Memory cached:  50.0
	 epoch  10 training error:  tensor(0.9419, device='cuda:0', grad_fn=<DivBackward0>)
Memory status after this epoch: 
Memory allocated:  27.015625
Memory cached:  50.0
	 epoch  20 training error:  tensor(0.4461, device='cuda:0', grad_fn=<DivBackward0>)
Memory status after this epoch: 
Memory allocated:  27.015625
Memory cached:  50.0
	 epoch  30 training error:  tensor(0.4264, device='cuda:0', grad_fn=<DivBackward0>)
Memory status after this epoch: 
Memory allocated:  27.015625
Memory cached:  50.0
	 epoch  40 training error:  tensor(0.4024, device='cuda:0', grad_fn=<DivBackward0>)
Memory status after this epoch: 
Memory allocated:  27.015625
Memory cached:  50.0
	 epoch  50 training error:  tensor(0.3764, device='cuda:0', grad_fn=<DivBackward0>)
Memory status after this epoch: 
Memory allocated:  27.015625
Memory cached:  50.0
	 epoch  60 training error:  tensor(0.3728, device='cuda:0', grad_fn=<DivBackward0>)
Memory status after this epoch: 
Memory allocated:  27.015625
Memory cached:  50.0
	 epoch  70 training error:  tensor(0.3670, device='cuda:0', grad_fn=<DivBackward0>)
Memory status after this epoch: 
Memory allocated:  27.015625
Memory cached:  50.0
	 epoch  80 training error:  tensor(0.3651, device='cuda:0', grad_fn=<DivBackward0>)
Memory status after this epoch: 
Memory allocated:  27.015625
Memory cached:  50.0
	 epoch  90 training error:  tensor(0.3638, device='cuda:0', grad_fn=<DivBackward0>)
Memory status after this epoch: 
Memory allocated:  27.015625
Memory cached:  50.0
[I 2023-12-06 12:08:00,963] Trial 88 finished with value: 0.3413098454475403 and parameters: {'W_layers': 4, 'W_layer_units_exponent_0': 8, 'W_layer_units_exponent_1': 7, 'W_layer_units_exponent_2': 5, 'W_layer_units_exponent_3': 7, 'D_layers': 3, 'D_layer_units_exponent_0': 10, 'D_layer_units_exponent_1': 4, 'D_layer_units_exponent_2': 10, 'log_learning_rate': -1.989538401603861, 'log_learning_rate_D': -1.7744039642592688, 'training_batch_size': 12, 'training_p': 5}. Best is trial 68 with value: 0.3323483467102051.
Time for this trial:  15.554221630096436
Memory status after this trial: 
Memory allocated:  39.52783203125
Memory cached:  54.0
--------------------  Trial  89   --------------------
Start timing: 
Parameters: 
{'W_layers': 4, 'W_layer_units_exponent_0': 6, 'W_layer_units_exponent_1': 8, 'W_layer_units_exponent_2': 4, 'W_layer_units_exponent_3': 8, 'D_layers': 2, 'D_layer_units_exponent_0': 9, 'D_layer_units_exponent_1': 5, 'log_learning_rate': -2.421125195062475, 'log_learning_rate_D': -1.6209226630396554, 'training_batch_size': 11, 'training_p': 4}
	 epoch  0 training error:  tensor(0.9790, device='cuda:0', grad_fn=<DivBackward0>)
Memory status after this epoch: 
Memory allocated:  26.69140625
Memory cached:  48.0
	 epoch  10 training error:  tensor(0.5632, device='cuda:0', grad_fn=<DivBackward0>)
Memory status after this epoch: 
Memory allocated:  26.69140625
Memory cached:  48.0
	 epoch  20 training error:  tensor(0.4881, device='cuda:0', grad_fn=<DivBackward0>)
Memory status after this epoch: 
Memory allocated:  26.69140625
Memory cached:  48.0
	 epoch  30 training error:  tensor(0.4323, device='cuda:0', grad_fn=<DivBackward0>)
Memory status after this epoch: 
Memory allocated:  26.69140625
Memory cached:  48.0
	 epoch  40 training error:  tensor(0.4124, device='cuda:0', grad_fn=<DivBackward0>)
Memory status after this epoch: 
Memory allocated:  26.69140625
Memory cached:  48.0
	 epoch  50 training error:  tensor(0.3919, device='cuda:0', grad_fn=<DivBackward0>)
Memory status after this epoch: 
Memory allocated:  26.69140625
Memory cached:  48.0
	 epoch  60 training error:  tensor(0.3813, device='cuda:0', grad_fn=<DivBackward0>)
Memory status after this epoch: 
Memory allocated:  26.69140625
Memory cached:  48.0
	 epoch  70 training error:  tensor(0.3742, device='cuda:0', grad_fn=<DivBackward0>)
Memory status after this epoch: 
Memory allocated:  26.69140625
Memory cached:  48.0
	 epoch  80 training error:  tensor(0.3705, device='cuda:0', grad_fn=<DivBackward0>)
Memory status after this epoch: 
Memory allocated:  26.69140625
Memory cached:  48.0
	 epoch  90 training error:  tensor(0.3702, device='cuda:0', grad_fn=<DivBackward0>)
Memory status after this epoch: 
Memory allocated:  26.69140625
Memory cached:  48.0
[I 2023-12-06 12:08:16,618] Trial 89 finished with value: 0.3420986235141754 and parameters: {'W_layers': 4, 'W_layer_units_exponent_0': 6, 'W_layer_units_exponent_1': 8, 'W_layer_units_exponent_2': 4, 'W_layer_units_exponent_3': 8, 'D_layers': 2, 'D_layer_units_exponent_0': 9, 'D_layer_units_exponent_1': 5, 'log_learning_rate': -2.421125195062475, 'log_learning_rate_D': -1.6209226630396554, 'training_batch_size': 11, 'training_p': 4}. Best is trial 68 with value: 0.3323483467102051.
Time for this trial:  15.489102602005005
Memory status after this trial: 
Memory allocated:  40.50048828125
Memory cached:  48.0
--------------------  Trial  90   --------------------
Start timing: 
Parameters: 
{'W_layers': 5, 'W_layer_units_exponent_0': 7, 'W_layer_units_exponent_1': 8, 'W_layer_units_exponent_2': 4, 'W_layer_units_exponent_3': 7, 'W_layer_units_exponent_4': 9, 'D_layers': 5, 'D_layer_units_exponent_0': 8, 'D_layer_units_exponent_1': 6, 'D_layer_units_exponent_2': 10, 'D_layer_units_exponent_3': 10, 'D_layer_units_exponent_4': 10, 'log_learning_rate': -2.537281766108369, 'log_learning_rate_D': -1.22616850330979, 'training_batch_size': 11, 'training_p': 4}
	 epoch  0 training error:  tensor(0.8102, device='cuda:0', grad_fn=<DivBackward0>)
Memory status after this epoch: 
Memory allocated:  36.5556640625
Memory cached:  48.0
	 epoch  10 training error:  tensor(0.7882, device='cuda:0', grad_fn=<DivBackward0>)
Memory status after this epoch: 
Memory allocated:  36.5556640625
Memory cached:  48.0
	 epoch  20 training error:  tensor(0.4480, device='cuda:0', grad_fn=<DivBackward0>)
Memory status after this epoch: 
Memory allocated:  36.5556640625
Memory cached:  48.0
	 epoch  30 training error:  tensor(0.4011, device='cuda:0', grad_fn=<DivBackward0>)
Memory status after this epoch: 
Memory allocated:  36.5556640625
Memory cached:  48.0
	 epoch  40 training error:  tensor(0.4134, device='cuda:0', grad_fn=<DivBackward0>)
Memory status after this epoch: 
Memory allocated:  36.5556640625
Memory cached:  48.0
	 epoch  50 training error:  tensor(0.4018, device='cuda:0', grad_fn=<DivBackward0>)
Memory status after this epoch: 
Memory allocated:  36.5556640625
Memory cached:  48.0
	 epoch  60 training error:  tensor(0.3849, device='cuda:0', grad_fn=<DivBackward0>)
Memory status after this epoch: 
Memory allocated:  36.5556640625
Memory cached:  48.0
	 epoch  70 training error:  tensor(0.3764, device='cuda:0', grad_fn=<DivBackward0>)
Memory status after this epoch: 
Memory allocated:  36.5556640625
Memory cached:  48.0
	 epoch  80 training error:  tensor(0.3701, device='cuda:0', grad_fn=<DivBackward0>)
Memory status after this epoch: 
Memory allocated:  36.5556640625
Memory cached:  48.0
	 epoch  90 training error:  tensor(0.3675, device='cuda:0', grad_fn=<DivBackward0>)
Memory status after this epoch: 
Memory allocated:  36.5556640625
Memory cached:  48.0
[I 2023-12-06 12:08:32,953] Trial 90 finished with value: 0.34153690934181213 and parameters: {'W_layers': 5, 'W_layer_units_exponent_0': 7, 'W_layer_units_exponent_1': 8, 'W_layer_units_exponent_2': 4, 'W_layer_units_exponent_3': 7, 'W_layer_units_exponent_4': 9, 'D_layers': 5, 'D_layer_units_exponent_0': 8, 'D_layer_units_exponent_1': 6, 'D_layer_units_exponent_2': 10, 'D_layer_units_exponent_3': 10, 'D_layer_units_exponent_4': 10, 'log_learning_rate': -2.537281766108369, 'log_learning_rate_D': -1.22616850330979, 'training_batch_size': 11, 'training_p': 4}. Best is trial 68 with value: 0.3323483467102051.
Time for this trial:  16.147085905075073
Memory status after this trial: 
Memory allocated:  50.90087890625
Memory cached:  74.0
--------------------  Trial  91   --------------------
Start timing: 
Parameters: 
{'W_layers': 4, 'W_layer_units_exponent_0': 5, 'W_layer_units_exponent_1': 9, 'W_layer_units_exponent_2': 4, 'W_layer_units_exponent_3': 7, 'D_layers': 3, 'D_layer_units_exponent_0': 8, 'D_layer_units_exponent_1': 4, 'D_layer_units_exponent_2': 10, 'log_learning_rate': -1.8161040230001737, 'log_learning_rate_D': -1.9405702073989604, 'training_batch_size': 11, 'training_p': 3}
	 epoch  0 training error:  tensor(1.4558, device='cuda:0', grad_fn=<DivBackward0>)
Memory status after this epoch: 
Memory allocated:  26.7392578125
Memory cached:  50.0
	 epoch  10 training error:  tensor(0.6467, device='cuda:0', grad_fn=<DivBackward0>)
Memory status after this epoch: 
Memory allocated:  26.7392578125
Memory cached:  50.0
	 epoch  20 training error:  tensor(0.4316, device='cuda:0', grad_fn=<DivBackward0>)
Memory status after this epoch: 
Memory allocated:  26.7392578125
Memory cached:  50.0
	 epoch  30 training error:  tensor(0.4482, device='cuda:0', grad_fn=<DivBackward0>)
Memory status after this epoch: 
Memory allocated:  26.7392578125
Memory cached:  50.0
	 epoch  40 training error:  tensor(0.3910, device='cuda:0', grad_fn=<DivBackward0>)
Memory status after this epoch: 
Memory allocated:  26.7392578125
Memory cached:  50.0
	 epoch  50 training error:  tensor(0.4462, device='cuda:0', grad_fn=<DivBackward0>)
Memory status after this epoch: 
Memory allocated:  26.7392578125
Memory cached:  50.0
	 epoch  60 training error:  tensor(0.3608, device='cuda:0', grad_fn=<DivBackward0>)
Memory status after this epoch: 
Memory allocated:  26.7392578125
Memory cached:  50.0
	 epoch  70 training error:  tensor(0.3633, device='cuda:0', grad_fn=<DivBackward0>)
Memory status after this epoch: 
Memory allocated:  26.7392578125
Memory cached:  50.0
	 epoch  80 training error:  tensor(0.3599, device='cuda:0', grad_fn=<DivBackward0>)
Memory status after this epoch: 
Memory allocated:  26.7392578125
Memory cached:  50.0
	 epoch  90 training error:  tensor(0.3582, device='cuda:0', grad_fn=<DivBackward0>)
Memory status after this epoch: 
Memory allocated:  26.7392578125
Memory cached:  50.0
[I 2023-12-06 12:08:48,967] Trial 91 finished with value: 0.33622869849205017 and parameters: {'W_layers': 4, 'W_layer_units_exponent_0': 5, 'W_layer_units_exponent_1': 9, 'W_layer_units_exponent_2': 4, 'W_layer_units_exponent_3': 7, 'D_layers': 3, 'D_layer_units_exponent_0': 8, 'D_layer_units_exponent_1': 4, 'D_layer_units_exponent_2': 10, 'log_learning_rate': -1.8161040230001737, 'log_learning_rate_D': -1.9405702073989604, 'training_batch_size': 11, 'training_p': 3}. Best is trial 68 with value: 0.3323483467102051.
Time for this trial:  15.85782766342163
Memory status after this trial: 
Memory allocated:  42.66650390625
Memory cached:  50.0
--------------------  Trial  92   --------------------
Start timing: 
Parameters: 
{'W_layers': 3, 'W_layer_units_exponent_0': 5, 'W_layer_units_exponent_1': 9, 'W_layer_units_exponent_2': 4, 'D_layers': 3, 'D_layer_units_exponent_0': 8, 'D_layer_units_exponent_1': 4, 'D_layer_units_exponent_2': 10, 'log_learning_rate': -1.8024383804903792, 'log_learning_rate_D': -1.9335979968947261, 'training_batch_size': 11, 'training_p': 3}
	 epoch  0 training error:  tensor(1.6643, device='cuda:0', grad_fn=<DivBackward0>)
Memory status after this epoch: 
Memory allocated:  26.7060546875
Memory cached:  50.0
	 epoch  10 training error:  tensor(0.6095, device='cuda:0', grad_fn=<DivBackward0>)
Memory status after this epoch: 
Memory allocated:  26.7060546875
Memory cached:  48.0
	 epoch  20 training error:  tensor(0.4545, device='cuda:0', grad_fn=<DivBackward0>)
Memory status after this epoch: 
Memory allocated:  26.7060546875
Memory cached:  48.0
	 epoch  30 training error:  tensor(0.4419, device='cuda:0', grad_fn=<DivBackward0>)
Memory status after this epoch: 
Memory allocated:  26.7060546875
Memory cached:  50.0
	 epoch  40 training error:  tensor(0.4378, device='cuda:0', grad_fn=<DivBackward0>)
Memory status after this epoch: 
Memory allocated:  26.7060546875
Memory cached:  48.0
	 epoch  50 training error:  tensor(0.4352, device='cuda:0', grad_fn=<DivBackward0>)
Memory status after this epoch: 
Memory allocated:  26.7060546875
Memory cached:  48.0
	 epoch  60 training error:  tensor(0.4332, device='cuda:0', grad_fn=<DivBackward0>)
Memory status after this epoch: 
Memory allocated:  26.7060546875
Memory cached:  50.0
	 epoch  70 training error:  tensor(0.4321, device='cuda:0', grad_fn=<DivBackward0>)
Memory status after this epoch: 
Memory allocated:  26.7060546875
Memory cached:  48.0
	 epoch  80 training error:  tensor(0.4318, device='cuda:0', grad_fn=<DivBackward0>)
Memory status after this epoch: 
Memory allocated:  26.7060546875
Memory cached:  48.0
	 epoch  90 training error:  tensor(0.4317, device='cuda:0', grad_fn=<DivBackward0>)
Memory status after this epoch: 
Memory allocated:  26.7060546875
Memory cached:  50.0
[I 2023-12-06 12:09:05,134] Trial 92 finished with value: 0.375302791595459 and parameters: {'W_layers': 3, 'W_layer_units_exponent_0': 5, 'W_layer_units_exponent_1': 9, 'W_layer_units_exponent_2': 4, 'D_layers': 3, 'D_layer_units_exponent_0': 8, 'D_layer_units_exponent_1': 4, 'D_layer_units_exponent_2': 10, 'log_learning_rate': -1.8024383804903792, 'log_learning_rate_D': -1.9335979968947261, 'training_batch_size': 11, 'training_p': 3}. Best is trial 68 with value: 0.3323483467102051.
Time for this trial:  16.002112865447998
Memory status after this trial: 
Memory allocated:  39.72021484375
Memory cached:  50.0
--------------------  Trial  93   --------------------
Start timing: 
Parameters: 
{'W_layers': 4, 'W_layer_units_exponent_0': 5, 'W_layer_units_exponent_1': 10, 'W_layer_units_exponent_2': 4, 'W_layer_units_exponent_3': 7, 'D_layers': 3, 'D_layer_units_exponent_0': 7, 'D_layer_units_exponent_1': 4, 'D_layer_units_exponent_2': 10, 'log_learning_rate': -2.1456839164129398, 'log_learning_rate_D': -1.7224893852813976, 'training_batch_size': 11, 'training_p': 3}
	 epoch  0 training error:  tensor(1.1298, device='cuda:0', grad_fn=<DivBackward0>)
Memory status after this epoch: 
Memory allocated:  27.11279296875
Memory cached:  50.0
	 epoch  10 training error:  tensor(0.7954, device='cuda:0', grad_fn=<DivBackward0>)
Memory status after this epoch: 
Memory allocated:  27.11279296875
Memory cached:  50.0
	 epoch  20 training error:  tensor(0.4822, device='cuda:0', grad_fn=<DivBackward0>)
Memory status after this epoch: 
Memory allocated:  27.11279296875
Memory cached:  50.0
	 epoch  30 training error:  tensor(0.3986, device='cuda:0', grad_fn=<DivBackward0>)
Memory status after this epoch: 
Memory allocated:  27.11279296875
Memory cached:  50.0
	 epoch  40 training error:  tensor(0.3793, device='cuda:0', grad_fn=<DivBackward0>)
Memory status after this epoch: 
Memory allocated:  27.11279296875
Memory cached:  50.0
	 epoch  50 training error:  tensor(0.3704, device='cuda:0', grad_fn=<DivBackward0>)
Memory status after this epoch: 
Memory allocated:  27.11279296875
Memory cached:  50.0
	 epoch  60 training error:  tensor(0.3610, device='cuda:0', grad_fn=<DivBackward0>)
Memory status after this epoch: 
Memory allocated:  27.11279296875
Memory cached:  50.0
	 epoch  70 training error:  tensor(0.3556, device='cuda:0', grad_fn=<DivBackward0>)
Memory status after this epoch: 
Memory allocated:  27.11279296875
Memory cached:  50.0
	 epoch  80 training error:  tensor(0.3547, device='cuda:0', grad_fn=<DivBackward0>)
Memory status after this epoch: 
Memory allocated:  27.11279296875
Memory cached:  50.0
	 epoch  90 training error:  tensor(0.3540, device='cuda:0', grad_fn=<DivBackward0>)
Memory status after this epoch: 
Memory allocated:  27.11279296875
Memory cached:  50.0
[I 2023-12-06 12:09:21,266] Trial 93 finished with value: 0.33339977264404297 and parameters: {'W_layers': 4, 'W_layer_units_exponent_0': 5, 'W_layer_units_exponent_1': 10, 'W_layer_units_exponent_2': 4, 'W_layer_units_exponent_3': 7, 'D_layers': 3, 'D_layer_units_exponent_0': 7, 'D_layer_units_exponent_1': 4, 'D_layer_units_exponent_2': 10, 'log_learning_rate': -2.1456839164129398, 'log_learning_rate_D': -1.7224893852813976, 'training_batch_size': 11, 'training_p': 3}. Best is trial 68 with value: 0.3323483467102051.
Time for this trial:  15.961078882217407
Memory status after this trial: 
Memory allocated:  54.10791015625
Memory cached:  70.0
--------------------  Trial  94   --------------------
Start timing: 
Parameters: 
{'W_layers': 4, 'W_layer_units_exponent_0': 5, 'W_layer_units_exponent_1': 10, 'W_layer_units_exponent_2': 4, 'W_layer_units_exponent_3': 8, 'D_layers': 2, 'D_layer_units_exponent_0': 7, 'D_layer_units_exponent_1': 4, 'log_learning_rate': -2.1402149410034443, 'log_learning_rate_D': -1.4391130591104093, 'training_batch_size': 11, 'training_p': 4}
	 epoch  0 training error:  tensor(0.9452, device='cuda:0', grad_fn=<DivBackward0>)
Memory status after this epoch: 
Memory allocated:  27.08154296875
Memory cached:  50.0
	 epoch  10 training error:  tensor(1.0657, device='cuda:0', grad_fn=<DivBackward0>)
Memory status after this epoch: 
Memory allocated:  27.08154296875
Memory cached:  50.0
	 epoch  20 training error:  tensor(0.4393, device='cuda:0', grad_fn=<DivBackward0>)
Memory status after this epoch: 
Memory allocated:  27.08154296875
Memory cached:  50.0
	 epoch  30 training error:  tensor(0.6225, device='cuda:0', grad_fn=<DivBackward0>)
Memory status after this epoch: 
Memory allocated:  27.08154296875
Memory cached:  50.0
	 epoch  40 training error:  tensor(0.4682, device='cuda:0', grad_fn=<DivBackward0>)
Memory status after this epoch: 
Memory allocated:  27.08154296875
Memory cached:  50.0
	 epoch  50 training error:  tensor(0.4266, device='cuda:0', grad_fn=<DivBackward0>)
Memory status after this epoch: 
Memory allocated:  27.08154296875
Memory cached:  50.0
	 epoch  60 training error:  tensor(0.3973, device='cuda:0', grad_fn=<DivBackward0>)
Memory status after this epoch: 
Memory allocated:  27.08154296875
Memory cached:  50.0
	 epoch  70 training error:  tensor(0.3725, device='cuda:0', grad_fn=<DivBackward0>)
Memory status after this epoch: 
Memory allocated:  27.08154296875
Memory cached:  50.0
	 epoch  80 training error:  tensor(0.3779, device='cuda:0', grad_fn=<DivBackward0>)
Memory status after this epoch: 
Memory allocated:  27.08154296875
Memory cached:  50.0
	 epoch  90 training error:  tensor(0.3805, device='cuda:0', grad_fn=<DivBackward0>)
Memory status after this epoch: 
Memory allocated:  27.08154296875
Memory cached:  50.0
