[I 2023-12-07 01:01:33,742] Trial 39 finished with value: 0.24263150990009308 and parameters: {'W_layers': 4, 'W_layer_units_exponent_0': 5, 'W_layer_units_exponent_1': 5, 'W_layer_units_exponent_2': 6, 'W_layer_units_exponent_3': 4, 'D_layers': 3, 'D_layer_units_exponent_0': 7, 'D_layer_units_exponent_1': 8, 'D_layer_units_exponent_2': 9, 'D_dagger_layers': 5, 'D_dagger_layer_units_exponent_0': 6, 'D_dagger_layer_units_exponent_1': 7, 'D_dagger_layer_units_exponent_2': 5, 'D_dagger_layer_units_exponent_3': 5, 'D_dagger_layer_units_exponent_4': 9, 'log_learning_rate': -4.402764222320325, 'log_learning_rate_D': -2.729578572963632, 'log_learning_rate_D_dagger': -3.326514342503792, 'training_batch_size': 10, 'training_p': 3}. Best is trial 36 with value: 0.10139856487512589.
Time for this trial:  160.52946853637695
Memory status after this trial: 
Memory allocated:  174.841796875
Memory cached:  390.0
--------------------  Trial  40   --------------------
Start timing: 
Parameters: 
{'W_layers': 4, 'W_layer_units_exponent_0': 7, 'W_layer_units_exponent_1': 6, 'W_layer_units_exponent_2': 5, 'W_layer_units_exponent_3': 6, 'D_layers': 2, 'D_layer_units_exponent_0': 6, 'D_layer_units_exponent_1': 7, 'D_dagger_layers': 5, 'D_dagger_layer_units_exponent_0': 7, 'D_dagger_layer_units_exponent_1': 5, 'D_dagger_layer_units_exponent_2': 4, 'D_dagger_layer_units_exponent_3': 7, 'D_dagger_layer_units_exponent_4': 7, 'log_learning_rate': -4.963798490459071, 'log_learning_rate_D': -3.3876025026275545, 'log_learning_rate_D_dagger': -2.9843558469155766, 'training_batch_size': 11, 'training_p': 2}
	 epoch  0 training error:  tensor(0.9608, device='cuda:0', grad_fn=<DivBackward0>)
Memory status after this epoch: 
Memory allocated:  85.38037109375
Memory cached:  380.0
	 epoch  10 training error:  tensor(0.7428, device='cuda:0', grad_fn=<DivBackward0>)
Memory status after this epoch: 
Memory allocated:  85.38037109375
Memory cached:  380.0
	 epoch  20 training error:  tensor(0.7319, device='cuda:0', grad_fn=<DivBackward0>)
Memory status after this epoch: 
Memory allocated:  85.38037109375
Memory cached:  380.0
	 epoch  30 training error:  tensor(0.7216, device='cuda:0', grad_fn=<DivBackward0>)
Memory status after this epoch: 
Memory allocated:  85.38037109375
Memory cached:  380.0
	 epoch  40 training error:  tensor(0.7017, device='cuda:0', grad_fn=<DivBackward0>)
Memory status after this epoch: 
Memory allocated:  85.38037109375
Memory cached:  380.0
	 epoch  50 training error:  tensor(0.6454, device='cuda:0', grad_fn=<DivBackward0>)
Memory status after this epoch: 
Memory allocated:  85.38037109375
Memory cached:  380.0
	 epoch  60 training error:  tensor(0.5766, device='cuda:0', grad_fn=<DivBackward0>)
Memory status after this epoch: 
Memory allocated:  85.38037109375
Memory cached:  380.0
	 epoch  70 training error:  tensor(0.5619, device='cuda:0', grad_fn=<DivBackward0>)
Memory status after this epoch: 
Memory allocated:  85.38037109375
Memory cached:  380.0
	 epoch  80 training error:  tensor(0.4890, device='cuda:0', grad_fn=<DivBackward0>)
Memory status after this epoch: 
Memory allocated:  85.38037109375
Memory cached:  380.0
	 epoch  90 training error:  tensor(0.4481, device='cuda:0', grad_fn=<DivBackward0>)
Memory status after this epoch: 
Memory allocated:  85.38037109375
Memory cached:  380.0
[I 2023-12-07 01:04:03,219] Trial 40 finished with value: 0.3613206148147583 and parameters: {'W_layers': 4, 'W_layer_units_exponent_0': 7, 'W_layer_units_exponent_1': 6, 'W_layer_units_exponent_2': 5, 'W_layer_units_exponent_3': 6, 'D_layers': 2, 'D_layer_units_exponent_0': 6, 'D_layer_units_exponent_1': 7, 'D_dagger_layers': 5, 'D_dagger_layer_units_exponent_0': 7, 'D_dagger_layer_units_exponent_1': 5, 'D_dagger_layer_units_exponent_2': 4, 'D_dagger_layer_units_exponent_3': 7, 'D_dagger_layer_units_exponent_4': 7, 'log_learning_rate': -4.963798490459071, 'log_learning_rate_D': -3.3876025026275545, 'log_learning_rate_D_dagger': -2.9843558469155766, 'training_batch_size': 11, 'training_p': 2}. Best is trial 36 with value: 0.10139856487512589.
Time for this trial:  149.255708694458
Memory status after this trial: 
Memory allocated:  131.666015625
Memory cached:  380.0
--------------------  Trial  41   --------------------
Start timing: 
Parameters: 
{'W_layers': 3, 'W_layer_units_exponent_0': 6, 'W_layer_units_exponent_1': 4, 'W_layer_units_exponent_2': 4, 'D_layers': 3, 'D_layer_units_exponent_0': 5, 'D_layer_units_exponent_1': 8, 'D_layer_units_exponent_2': 8, 'D_dagger_layers': 5, 'D_dagger_layer_units_exponent_0': 8, 'D_dagger_layer_units_exponent_1': 5, 'D_dagger_layer_units_exponent_2': 4, 'D_dagger_layer_units_exponent_3': 6, 'D_dagger_layer_units_exponent_4': 9, 'log_learning_rate': -4.212155027412196, 'log_learning_rate_D': -3.789827182135915, 'log_learning_rate_D_dagger': -2.93142262019653, 'training_batch_size': 8, 'training_p': 3}
	 epoch  0 training error:  tensor(0.9736, device='cuda:0', grad_fn=<DivBackward0>)
Memory status after this epoch: 
Memory allocated:  86.53271484375
Memory cached:  382.0
	 epoch  10 training error:  tensor(0.8078, device='cuda:0', grad_fn=<DivBackward0>)
Memory status after this epoch: 
Memory allocated:  86.53271484375
Memory cached:  384.0
	 epoch  20 training error:  tensor(0.7605, device='cuda:0', grad_fn=<DivBackward0>)
Memory status after this epoch: 
Memory allocated:  86.53271484375
Memory cached:  384.0
	 epoch  30 training error:  tensor(0.6490, device='cuda:0', grad_fn=<DivBackward0>)
Memory status after this epoch: 
Memory allocated:  86.53271484375
Memory cached:  384.0
	 epoch  40 training error:  tensor(0.5294, device='cuda:0', grad_fn=<DivBackward0>)
Memory status after this epoch: 
Memory allocated:  86.53271484375
Memory cached:  386.0
	 epoch  50 training error:  tensor(0.4345, device='cuda:0', grad_fn=<DivBackward0>)
Memory status after this epoch: 
Memory allocated:  86.53271484375
Memory cached:  384.0
	 epoch  60 training error:  tensor(0.3817, device='cuda:0', grad_fn=<DivBackward0>)
Memory status after this epoch: 
Memory allocated:  86.53271484375
Memory cached:  384.0
	 epoch  70 training error:  tensor(0.3110, device='cuda:0', grad_fn=<DivBackward0>)
Memory status after this epoch: 
Memory allocated:  86.53271484375
Memory cached:  384.0
	 epoch  80 training error:  tensor(0.3196, device='cuda:0', grad_fn=<DivBackward0>)
Memory status after this epoch: 
Memory allocated:  86.53271484375
Memory cached:  384.0
	 epoch  90 training error:  tensor(0.2838, device='cuda:0', grad_fn=<DivBackward0>)
Memory status after this epoch: 
Memory allocated:  86.53271484375
Memory cached:  384.0
[I 2023-12-07 01:06:35,406] Trial 41 finished with value: 0.18106584250926971 and parameters: {'W_layers': 3, 'W_layer_units_exponent_0': 6, 'W_layer_units_exponent_1': 4, 'W_layer_units_exponent_2': 4, 'D_layers': 3, 'D_layer_units_exponent_0': 5, 'D_layer_units_exponent_1': 8, 'D_layer_units_exponent_2': 8, 'D_dagger_layers': 5, 'D_dagger_layer_units_exponent_0': 8, 'D_dagger_layer_units_exponent_1': 5, 'D_dagger_layer_units_exponent_2': 4, 'D_dagger_layer_units_exponent_3': 6, 'D_dagger_layer_units_exponent_4': 9, 'log_learning_rate': -4.212155027412196, 'log_learning_rate_D': -3.789827182135915, 'log_learning_rate_D_dagger': -2.93142262019653, 'training_batch_size': 8, 'training_p': 3}. Best is trial 36 with value: 0.10139856487512589.
Time for this trial:  151.9207227230072
Memory status after this trial: 
Memory allocated:  161.31201171875
Memory cached:  382.0
--------------------  Trial  42   --------------------
Start timing: 
Parameters: 
{'W_layers': 2, 'W_layer_units_exponent_0': 5, 'W_layer_units_exponent_1': 4, 'D_layers': 3, 'D_layer_units_exponent_0': 5, 'D_layer_units_exponent_1': 8, 'D_layer_units_exponent_2': 8, 'D_dagger_layers': 4, 'D_dagger_layer_units_exponent_0': 7, 'D_dagger_layer_units_exponent_1': 6, 'D_dagger_layer_units_exponent_2': 4, 'D_dagger_layer_units_exponent_3': 5, 'log_learning_rate': -4.5164795947242045, 'log_learning_rate_D': -3.7039353182058297, 'log_learning_rate_D_dagger': -3.225390957851122, 'training_batch_size': 9, 'training_p': 3}
	 epoch  0 training error:  tensor(1.0170, device='cuda:0', grad_fn=<DivBackward0>)
Memory status after this epoch: 
Memory allocated:  85.99951171875
Memory cached:  380.0
	 epoch  10 training error:  tensor(0.9454, device='cuda:0', grad_fn=<DivBackward0>)
Memory status after this epoch: 
Memory allocated:  85.99951171875
Memory cached:  380.0
	 epoch  20 training error:  tensor(0.8730, device='cuda:0', grad_fn=<DivBackward0>)
Memory status after this epoch: 
Memory allocated:  85.99951171875
Memory cached:  380.0
	 epoch  30 training error:  tensor(0.8028, device='cuda:0', grad_fn=<DivBackward0>)
Memory status after this epoch: 
Memory allocated:  85.99951171875
Memory cached:  380.0
	 epoch  40 training error:  tensor(0.7582, device='cuda:0', grad_fn=<DivBackward0>)
Memory status after this epoch: 
Memory allocated:  85.99951171875
Memory cached:  380.0
	 epoch  50 training error:  tensor(0.6971, device='cuda:0', grad_fn=<DivBackward0>)
Memory status after this epoch: 
Memory allocated:  85.99951171875
Memory cached:  380.0
	 epoch  60 training error:  tensor(0.6047, device='cuda:0', grad_fn=<DivBackward0>)
Memory status after this epoch: 
Memory allocated:  85.99951171875
Memory cached:  380.0
	 epoch  70 training error:  tensor(0.4723, device='cuda:0', grad_fn=<DivBackward0>)
Memory status after this epoch: 
Memory allocated:  85.99951171875
Memory cached:  380.0
	 epoch  80 training error:  tensor(0.3795, device='cuda:0', grad_fn=<DivBackward0>)
Memory status after this epoch: 
Memory allocated:  85.99951171875
Memory cached:  380.0
	 epoch  90 training error:  tensor(0.3813, device='cuda:0', grad_fn=<DivBackward0>)
Memory status after this epoch: 
Memory allocated:  85.99951171875
Memory cached:  380.0
[I 2023-12-07 01:08:51,126] Trial 42 finished with value: 0.21473360061645508 and parameters: {'W_layers': 2, 'W_layer_units_exponent_0': 5, 'W_layer_units_exponent_1': 4, 'D_layers': 3, 'D_layer_units_exponent_0': 5, 'D_layer_units_exponent_1': 8, 'D_layer_units_exponent_2': 8, 'D_dagger_layers': 4, 'D_dagger_layer_units_exponent_0': 7, 'D_dagger_layer_units_exponent_1': 6, 'D_dagger_layer_units_exponent_2': 4, 'D_dagger_layer_units_exponent_3': 5, 'log_learning_rate': -4.5164795947242045, 'log_learning_rate_D': -3.7039353182058297, 'log_learning_rate_D_dagger': -3.225390957851122, 'training_batch_size': 9, 'training_p': 3}. Best is trial 36 with value: 0.10139856487512589.
Time for this trial:  135.48818635940552
Memory status after this trial: 
Memory allocated:  127.79345703125
Memory cached:  380.0
--------------------  Trial  43   --------------------
Start timing: 
Parameters: 
{'W_layers': 3, 'W_layer_units_exponent_0': 6, 'W_layer_units_exponent_1': 4, 'W_layer_units_exponent_2': 4, 'D_layers': 2, 'D_layer_units_exponent_0': 4, 'D_layer_units_exponent_1': 7, 'D_dagger_layers': 5, 'D_dagger_layer_units_exponent_0': 8, 'D_dagger_layer_units_exponent_1': 5, 'D_dagger_layer_units_exponent_2': 5, 'D_dagger_layer_units_exponent_3': 6, 'D_dagger_layer_units_exponent_4': 10, 'log_learning_rate': -4.223187155226906, 'log_learning_rate_D': -3.452157704961816, 'log_learning_rate_D_dagger': -3.505943535382403, 'training_batch_size': 9, 'training_p': 4}
	 epoch  0 training error:  tensor(0.9845, device='cuda:0', grad_fn=<DivBackward0>)
Memory status after this epoch: 
Memory allocated:  85.97021484375
Memory cached:  382.0
	 epoch  10 training error:  tensor(0.9260, device='cuda:0', grad_fn=<DivBackward0>)
Memory status after this epoch: 
Memory allocated:  85.97021484375
Memory cached:  382.0
	 epoch  20 training error:  tensor(0.8190, device='cuda:0', grad_fn=<DivBackward0>)
Memory status after this epoch: 
Memory allocated:  85.97021484375
Memory cached:  382.0
	 epoch  30 training error:  tensor(0.7831, device='cuda:0', grad_fn=<DivBackward0>)
Memory status after this epoch: 
Memory allocated:  85.97021484375
Memory cached:  382.0
	 epoch  40 training error:  tensor(0.7157, device='cuda:0', grad_fn=<DivBackward0>)
Memory status after this epoch: 
Memory allocated:  85.97021484375
Memory cached:  382.0
	 epoch  50 training error:  tensor(0.6623, device='cuda:0', grad_fn=<DivBackward0>)
Memory status after this epoch: 
Memory allocated:  85.97021484375
Memory cached:  382.0
	 epoch  60 training error:  tensor(0.5666, device='cuda:0', grad_fn=<DivBackward0>)
Memory status after this epoch: 
Memory allocated:  85.97021484375
Memory cached:  382.0
	 epoch  70 training error:  tensor(0.4640, device='cuda:0', grad_fn=<DivBackward0>)
Memory status after this epoch: 
Memory allocated:  85.97021484375
Memory cached:  382.0
	 epoch  80 training error:  tensor(0.3745, device='cuda:0', grad_fn=<DivBackward0>)
Memory status after this epoch: 
Memory allocated:  85.97021484375
Memory cached:  382.0
	 epoch  90 training error:  tensor(0.3284, device='cuda:0', grad_fn=<DivBackward0>)
Memory status after this epoch: 
Memory allocated:  85.97021484375
Memory cached:  382.0
[I 2023-12-07 01:11:14,935] Trial 43 finished with value: 0.24049317836761475 and parameters: {'W_layers': 3, 'W_layer_units_exponent_0': 6, 'W_layer_units_exponent_1': 4, 'W_layer_units_exponent_2': 4, 'D_layers': 2, 'D_layer_units_exponent_0': 4, 'D_layer_units_exponent_1': 7, 'D_dagger_layers': 5, 'D_dagger_layer_units_exponent_0': 8, 'D_dagger_layer_units_exponent_1': 5, 'D_dagger_layer_units_exponent_2': 5, 'D_dagger_layer_units_exponent_3': 6, 'D_dagger_layer_units_exponent_4': 10, 'log_learning_rate': -4.223187155226906, 'log_learning_rate_D': -3.452157704961816, 'log_learning_rate_D_dagger': -3.505943535382403, 'training_batch_size': 9, 'training_p': 4}. Best is trial 36 with value: 0.10139856487512589.
Time for this trial:  143.59357738494873
Memory status after this trial: 
Memory allocated:  165.13916015625
Memory cached:  380.0
--------------------  Trial  44   --------------------
Start timing: 
Parameters: 
{'W_layers': 4, 'W_layer_units_exponent_0': 5, 'W_layer_units_exponent_1': 5, 'W_layer_units_exponent_2': 4, 'W_layer_units_exponent_3': 7, 'D_layers': 4, 'D_layer_units_exponent_0': 6, 'D_layer_units_exponent_1': 9, 'D_layer_units_exponent_2': 9, 'D_layer_units_exponent_3': 8, 'D_dagger_layers': 6, 'D_dagger_layer_units_exponent_0': 8, 'D_dagger_layer_units_exponent_1': 6, 'D_dagger_layer_units_exponent_2': 4, 'D_dagger_layer_units_exponent_3': 5, 'D_dagger_layer_units_exponent_4': 9, 'D_dagger_layer_units_exponent_5': 8, 'log_learning_rate': -4.810424913844545, 'log_learning_rate_D': -3.7772615249599006, 'log_learning_rate_D_dagger': -2.9067450410608706, 'training_batch_size': 9, 'training_p': 3}
	 epoch  0 training error:  tensor(1.0100, device='cuda:0', grad_fn=<DivBackward0>)
Memory status after this epoch: 
Memory allocated:  93.83154296875
Memory cached:  402.0
	 epoch  10 training error:  tensor(0.8195, device='cuda:0', grad_fn=<DivBackward0>)
Memory status after this epoch: 
Memory allocated:  93.83154296875
Memory cached:  416.0
	 epoch  20 training error:  tensor(0.7907, device='cuda:0', grad_fn=<DivBackward0>)
Memory status after this epoch: 
Memory allocated:  93.83154296875
Memory cached:  410.0
	 epoch  30 training error:  tensor(0.7688, device='cuda:0', grad_fn=<DivBackward0>)
Memory status after this epoch: 
Memory allocated:  93.83154296875
Memory cached:  424.0
	 epoch  40 training error:  tensor(0.6799, device='cuda:0', grad_fn=<DivBackward0>)
Memory status after this epoch: 
Memory allocated:  93.83154296875
Memory cached:  422.0
	 epoch  50 training error:  tensor(0.6331, device='cuda:0', grad_fn=<DivBackward0>)
Memory status after this epoch: 
Memory allocated:  93.83154296875
Memory cached:  428.0
	 epoch  60 training error:  tensor(0.5292, device='cuda:0', grad_fn=<DivBackward0>)
Memory status after this epoch: 
Memory allocated:  93.83154296875
Memory cached:  424.0
	 epoch  70 training error:  tensor(0.4387, device='cuda:0', grad_fn=<DivBackward0>)
Memory status after this epoch: 
Memory allocated:  93.83154296875
Memory cached:  420.0
	 epoch  80 training error:  tensor(0.6397, device='cuda:0', grad_fn=<DivBackward0>)
Memory status after this epoch: 
Memory allocated:  93.83154296875
Memory cached:  420.0
	 epoch  90 training error:  tensor(0.4086, device='cuda:0', grad_fn=<DivBackward0>)
Memory status after this epoch: 
Memory allocated:  93.83154296875
Memory cached:  414.0
[I 2023-12-07 01:14:16,851] Trial 44 finished with value: 0.43190598487854004 and parameters: {'W_layers': 4, 'W_layer_units_exponent_0': 5, 'W_layer_units_exponent_1': 5, 'W_layer_units_exponent_2': 4, 'W_layer_units_exponent_3': 7, 'D_layers': 4, 'D_layer_units_exponent_0': 6, 'D_layer_units_exponent_1': 9, 'D_layer_units_exponent_2': 9, 'D_layer_units_exponent_3': 8, 'D_dagger_layers': 6, 'D_dagger_layer_units_exponent_0': 8, 'D_dagger_layer_units_exponent_1': 6, 'D_dagger_layer_units_exponent_2': 4, 'D_dagger_layer_units_exponent_3': 5, 'D_dagger_layer_units_exponent_4': 9, 'D_dagger_layer_units_exponent_5': 8, 'log_learning_rate': -4.810424913844545, 'log_learning_rate_D': -3.7772615249599006, 'log_learning_rate_D_dagger': -2.9067450410608706, 'training_batch_size': 9, 'training_p': 3}. Best is trial 36 with value: 0.10139856487512589.
Time for this trial:  181.66369938850403
Memory status after this trial: 
Memory allocated:  227.8642578125
Memory cached:  412.0
--------------------  Trial  45   --------------------
Start timing: 
Parameters: 
{'W_layers': 3, 'W_layer_units_exponent_0': 7, 'W_layer_units_exponent_1': 5, 'W_layer_units_exponent_2': 4, 'D_layers': 3, 'D_layer_units_exponent_0': 5, 'D_layer_units_exponent_1': 8, 'D_layer_units_exponent_2': 8, 'D_dagger_layers': 5, 'D_dagger_layer_units_exponent_0': 6, 'D_dagger_layer_units_exponent_1': 4, 'D_dagger_layer_units_exponent_2': 4, 'D_dagger_layer_units_exponent_3': 7, 'D_dagger_layer_units_exponent_4': 7, 'log_learning_rate': -3.8357304409305546, 'log_learning_rate_D': -4.094716108742567, 'log_learning_rate_D_dagger': -2.6712051022724377, 'training_batch_size': 8, 'training_p': 2}
	 epoch  0 training error:  tensor(0.9955, device='cuda:0', grad_fn=<DivBackward0>)
Memory status after this epoch: 
Memory allocated:  86.21630859375
Memory cached:  380.0
	 epoch  10 training error:  tensor(0.7400, device='cuda:0', grad_fn=<DivBackward0>)
Memory status after this epoch: 
Memory allocated:  86.21630859375
Memory cached:  380.0
	 epoch  20 training error:  tensor(0.7168, device='cuda:0', grad_fn=<DivBackward0>)
Memory status after this epoch: 
Memory allocated:  86.21630859375
Memory cached:  380.0
	 epoch  30 training error:  tensor(0.6835, device='cuda:0', grad_fn=<DivBackward0>)
Memory status after this epoch: 
Memory allocated:  86.21630859375
Memory cached:  380.0
	 epoch  40 training error:  tensor(0.6470, device='cuda:0', grad_fn=<DivBackward0>)
Memory status after this epoch: 
Memory allocated:  86.21630859375
Memory cached:  380.0
	 epoch  50 training error:  tensor(0.6307, device='cuda:0', grad_fn=<DivBackward0>)
Memory status after this epoch: 
Memory allocated:  86.21630859375
Memory cached:  380.0
	 epoch  60 training error:  tensor(0.6000, device='cuda:0', grad_fn=<DivBackward0>)
Memory status after this epoch: 
Memory allocated:  86.21630859375
Memory cached:  380.0
	 epoch  70 training error:  tensor(0.5759, device='cuda:0', grad_fn=<DivBackward0>)
Memory status after this epoch: 
Memory allocated:  86.21630859375
Memory cached:  380.0
	 epoch  80 training error:  tensor(0.5284, device='cuda:0', grad_fn=<DivBackward0>)
Memory status after this epoch: 
Memory allocated:  86.21630859375
Memory cached:  380.0
	 epoch  90 training error:  tensor(0.5088, device='cuda:0', grad_fn=<DivBackward0>)
Memory status after this epoch: 
Memory allocated:  86.21630859375
Memory cached:  380.0
