[I 2024-01-26 07:26:40,494] Trial 234 finished with value: 0.16953730583190918 and parameters: {'W_layers': 7, 'W_layer_units_exponent_0': 7, 'W_layer_units_exponent_1': 7, 'W_layer_units_exponent_2': 5, 'W_layer_units_exponent_3': 4, 'W_layer_units_exponent_4': 10, 'W_layer_units_exponent_5': 10, 'W_layer_units_exponent_6': 10, 'D_layers': 5, 'D_layer_units_exponent_0': 4, 'D_layer_units_exponent_1': 6, 'D_layer_units_exponent_2': 5, 'D_layer_units_exponent_3': 4, 'D_layer_units_exponent_4': 7, 'D_dagger_layers': 5, 'D_dagger_layer_units_exponent_0': 9, 'D_dagger_layer_units_exponent_1': 10, 'D_dagger_layer_units_exponent_2': 9, 'D_dagger_layer_units_exponent_3': 6, 'D_dagger_layer_units_exponent_4': 5, 'log_learning_rate': -3.239592595378734, 'log_learning_rate_D': -2.4824910517382284, 'log_learning_rate_D_dagger': -3.1519549787828294, 'training_batch_size': 9, 'training_p': 2}. Best is trial 209 with value: 0.16586799919605255.
Time for this trial:  24.850064039230347
Memory status after this trial: 
Memory allocated:  1222.84619140625
Memory cached:  1274.0
--------------------  Trial  235   --------------------
Start timing: 
Parameters: 
{'W_layers': 7, 'W_layer_units_exponent_0': 7, 'W_layer_units_exponent_1': 7, 'W_layer_units_exponent_2': 5, 'W_layer_units_exponent_3': 4, 'W_layer_units_exponent_4': 10, 'W_layer_units_exponent_5': 10, 'W_layer_units_exponent_6': 10, 'D_layers': 5, 'D_layer_units_exponent_0': 4, 'D_layer_units_exponent_1': 6, 'D_layer_units_exponent_2': 5, 'D_layer_units_exponent_3': 4, 'D_layer_units_exponent_4': 7, 'D_dagger_layers': 5, 'D_dagger_layer_units_exponent_0': 9, 'D_dagger_layer_units_exponent_1': 10, 'D_dagger_layer_units_exponent_2': 9, 'D_dagger_layer_units_exponent_3': 6, 'D_dagger_layer_units_exponent_4': 5, 'log_learning_rate': -3.24235846469866, 'log_learning_rate_D': -2.3740764422306424, 'log_learning_rate_D_dagger': -3.1720997305950203, 'training_batch_size': 9, 'training_p': 2}
	 epoch  0 training error:  tensor(1.0367, device='cuda:0', grad_fn=<DivBackward0>)
Memory status after this epoch: 
Memory allocated:  663.19482421875
Memory cached:  778.0
	 epoch  10 training error:  tensor(0.2667, device='cuda:0', grad_fn=<DivBackward0>)
Memory status after this epoch: 
Memory allocated:  663.19482421875
Memory cached:  778.0
	 epoch  20 training error:  tensor(0.1965, device='cuda:0', grad_fn=<DivBackward0>)
Memory status after this epoch: 
Memory allocated:  663.19482421875
Memory cached:  778.0
	 epoch  30 training error:  tensor(0.1942, device='cuda:0', grad_fn=<DivBackward0>)
Memory status after this epoch: 
Memory allocated:  663.19482421875
Memory cached:  778.0
	 epoch  40 training error:  tensor(0.1859, device='cuda:0', grad_fn=<DivBackward0>)
Memory status after this epoch: 
Memory allocated:  663.19482421875
Memory cached:  778.0
	 epoch  50 training error:  tensor(0.1901, device='cuda:0', grad_fn=<DivBackward0>)
Memory status after this epoch: 
Memory allocated:  663.19482421875
Memory cached:  778.0
	 epoch  60 training error:  tensor(0.1865, device='cuda:0', grad_fn=<DivBackward0>)
Memory status after this epoch: 
Memory allocated:  663.19482421875
Memory cached:  778.0
	 epoch  70 training error:  tensor(0.1867, device='cuda:0', grad_fn=<DivBackward0>)
Memory status after this epoch: 
Memory allocated:  663.19482421875
Memory cached:  778.0
	 epoch  80 training error:  tensor(0.1873, device='cuda:0', grad_fn=<DivBackward0>)
Memory status after this epoch: 
Memory allocated:  663.19482421875
Memory cached:  778.0
	 epoch  90 training error:  tensor(0.1868, device='cuda:0', grad_fn=<DivBackward0>)
Memory status after this epoch: 
Memory allocated:  663.19482421875
Memory cached:  778.0
[I 2024-01-26 07:27:06,189] Trial 235 finished with value: 0.16824603080749512 and parameters: {'W_layers': 7, 'W_layer_units_exponent_0': 7, 'W_layer_units_exponent_1': 7, 'W_layer_units_exponent_2': 5, 'W_layer_units_exponent_3': 4, 'W_layer_units_exponent_4': 10, 'W_layer_units_exponent_5': 10, 'W_layer_units_exponent_6': 10, 'D_layers': 5, 'D_layer_units_exponent_0': 4, 'D_layer_units_exponent_1': 6, 'D_layer_units_exponent_2': 5, 'D_layer_units_exponent_3': 4, 'D_layer_units_exponent_4': 7, 'D_dagger_layers': 5, 'D_dagger_layer_units_exponent_0': 9, 'D_dagger_layer_units_exponent_1': 10, 'D_dagger_layer_units_exponent_2': 9, 'D_dagger_layer_units_exponent_3': 6, 'D_dagger_layer_units_exponent_4': 5, 'log_learning_rate': -3.24235846469866, 'log_learning_rate_D': -2.3740764422306424, 'log_learning_rate_D_dagger': -3.1720997305950203, 'training_batch_size': 9, 'training_p': 2}. Best is trial 209 with value: 0.16586799919605255.
Time for this trial:  25.236233711242676
Memory status after this trial: 
Memory allocated:  1222.84619140625
Memory cached:  1274.0
--------------------  Trial  236   --------------------
Start timing: 
Parameters: 
{'W_layers': 7, 'W_layer_units_exponent_0': 7, 'W_layer_units_exponent_1': 7, 'W_layer_units_exponent_2': 5, 'W_layer_units_exponent_3': 4, 'W_layer_units_exponent_4': 10, 'W_layer_units_exponent_5': 10, 'W_layer_units_exponent_6': 10, 'D_layers': 5, 'D_layer_units_exponent_0': 4, 'D_layer_units_exponent_1': 6, 'D_layer_units_exponent_2': 5, 'D_layer_units_exponent_3': 4, 'D_layer_units_exponent_4': 7, 'D_dagger_layers': 5, 'D_dagger_layer_units_exponent_0': 9, 'D_dagger_layer_units_exponent_1': 10, 'D_dagger_layer_units_exponent_2': 9, 'D_dagger_layer_units_exponent_3': 6, 'D_dagger_layer_units_exponent_4': 5, 'log_learning_rate': -3.2090245075829085, 'log_learning_rate_D': -2.3689960348323407, 'log_learning_rate_D_dagger': -2.898111949443548, 'training_batch_size': 9, 'training_p': 2}
	 epoch  0 training error:  tensor(0.9771, device='cuda:0', grad_fn=<DivBackward0>)
Memory status after this epoch: 
Memory allocated:  663.19482421875
Memory cached:  778.0
	 epoch  10 training error:  tensor(0.2608, device='cuda:0', grad_fn=<DivBackward0>)
Memory status after this epoch: 
Memory allocated:  663.19482421875
Memory cached:  778.0
	 epoch  20 training error:  tensor(0.2283, device='cuda:0', grad_fn=<DivBackward0>)
Memory status after this epoch: 
Memory allocated:  663.19482421875
Memory cached:  778.0
	 epoch  30 training error:  tensor(0.2091, device='cuda:0', grad_fn=<DivBackward0>)
Memory status after this epoch: 
Memory allocated:  663.19482421875
Memory cached:  778.0
	 epoch  40 training error:  tensor(0.1906, device='cuda:0', grad_fn=<DivBackward0>)
Memory status after this epoch: 
Memory allocated:  663.19482421875
Memory cached:  778.0
	 epoch  50 training error:  tensor(0.1922, device='cuda:0', grad_fn=<DivBackward0>)
Memory status after this epoch: 
Memory allocated:  663.19482421875
Memory cached:  778.0
	 epoch  60 training error:  tensor(0.1914, device='cuda:0', grad_fn=<DivBackward0>)
Memory status after this epoch: 
Memory allocated:  663.19482421875
Memory cached:  778.0
	 epoch  70 training error:  tensor(0.1903, device='cuda:0', grad_fn=<DivBackward0>)
Memory status after this epoch: 
Memory allocated:  663.19482421875
Memory cached:  778.0
	 epoch  80 training error:  tensor(0.1937, device='cuda:0', grad_fn=<DivBackward0>)
Memory status after this epoch: 
Memory allocated:  663.19482421875
Memory cached:  778.0
	 epoch  90 training error:  tensor(0.1943, device='cuda:0', grad_fn=<DivBackward0>)
Memory status after this epoch: 
Memory allocated:  663.19482421875
Memory cached:  778.0
[I 2024-01-26 07:27:31,747] Trial 236 finished with value: 0.17605237662792206 and parameters: {'W_layers': 7, 'W_layer_units_exponent_0': 7, 'W_layer_units_exponent_1': 7, 'W_layer_units_exponent_2': 5, 'W_layer_units_exponent_3': 4, 'W_layer_units_exponent_4': 10, 'W_layer_units_exponent_5': 10, 'W_layer_units_exponent_6': 10, 'D_layers': 5, 'D_layer_units_exponent_0': 4, 'D_layer_units_exponent_1': 6, 'D_layer_units_exponent_2': 5, 'D_layer_units_exponent_3': 4, 'D_layer_units_exponent_4': 7, 'D_dagger_layers': 5, 'D_dagger_layer_units_exponent_0': 9, 'D_dagger_layer_units_exponent_1': 10, 'D_dagger_layer_units_exponent_2': 9, 'D_dagger_layer_units_exponent_3': 6, 'D_dagger_layer_units_exponent_4': 5, 'log_learning_rate': -3.2090245075829085, 'log_learning_rate_D': -2.3689960348323407, 'log_learning_rate_D_dagger': -2.898111949443548, 'training_batch_size': 9, 'training_p': 2}. Best is trial 209 with value: 0.16586799919605255.
Time for this trial:  25.15815234184265
Memory status after this trial: 
Memory allocated:  1222.84619140625
Memory cached:  1274.0
--------------------  Trial  237   --------------------
Start timing: 
Parameters: 
{'W_layers': 7, 'W_layer_units_exponent_0': 7, 'W_layer_units_exponent_1': 7, 'W_layer_units_exponent_2': 5, 'W_layer_units_exponent_3': 4, 'W_layer_units_exponent_4': 10, 'W_layer_units_exponent_5': 10, 'W_layer_units_exponent_6': 10, 'D_layers': 5, 'D_layer_units_exponent_0': 4, 'D_layer_units_exponent_1': 6, 'D_layer_units_exponent_2': 5, 'D_layer_units_exponent_3': 4, 'D_layer_units_exponent_4': 7, 'D_dagger_layers': 5, 'D_dagger_layer_units_exponent_0': 9, 'D_dagger_layer_units_exponent_1': 10, 'D_dagger_layer_units_exponent_2': 9, 'D_dagger_layer_units_exponent_3': 6, 'D_dagger_layer_units_exponent_4': 5, 'log_learning_rate': -3.2543354566045597, 'log_learning_rate_D': -2.466670415108765, 'log_learning_rate_D_dagger': -3.1458993143723064, 'training_batch_size': 9, 'training_p': 2}
	 epoch  0 training error:  tensor(0.9873, device='cuda:0', grad_fn=<DivBackward0>)
Memory status after this epoch: 
Memory allocated:  663.19482421875
Memory cached:  778.0
	 epoch  10 training error:  tensor(0.2239, device='cuda:0', grad_fn=<DivBackward0>)
Memory status after this epoch: 
Memory allocated:  663.19482421875
Memory cached:  778.0
	 epoch  20 training error:  tensor(0.2122, device='cuda:0', grad_fn=<DivBackward0>)
Memory status after this epoch: 
Memory allocated:  663.19482421875
Memory cached:  778.0
	 epoch  30 training error:  tensor(0.1922, device='cuda:0', grad_fn=<DivBackward0>)
Memory status after this epoch: 
Memory allocated:  663.19482421875
Memory cached:  778.0
	 epoch  40 training error:  tensor(0.1909, device='cuda:0', grad_fn=<DivBackward0>)
Memory status after this epoch: 
Memory allocated:  663.19482421875
Memory cached:  778.0
	 epoch  50 training error:  tensor(0.1880, device='cuda:0', grad_fn=<DivBackward0>)
Memory status after this epoch: 
Memory allocated:  663.19482421875
Memory cached:  778.0
	 epoch  60 training error:  tensor(0.1890, device='cuda:0', grad_fn=<DivBackward0>)
Memory status after this epoch: 
Memory allocated:  663.19482421875
Memory cached:  778.0
	 epoch  70 training error:  tensor(0.1896, device='cuda:0', grad_fn=<DivBackward0>)
Memory status after this epoch: 
Memory allocated:  663.19482421875
Memory cached:  778.0
	 epoch  80 training error:  tensor(0.1884, device='cuda:0', grad_fn=<DivBackward0>)
Memory status after this epoch: 
Memory allocated:  663.19482421875
Memory cached:  778.0
	 epoch  90 training error:  tensor(0.1897, device='cuda:0', grad_fn=<DivBackward0>)
Memory status after this epoch: 
Memory allocated:  663.19482421875
Memory cached:  778.0
[I 2024-01-26 07:27:57,370] Trial 237 finished with value: 0.1670030653476715 and parameters: {'W_layers': 7, 'W_layer_units_exponent_0': 7, 'W_layer_units_exponent_1': 7, 'W_layer_units_exponent_2': 5, 'W_layer_units_exponent_3': 4, 'W_layer_units_exponent_4': 10, 'W_layer_units_exponent_5': 10, 'W_layer_units_exponent_6': 10, 'D_layers': 5, 'D_layer_units_exponent_0': 4, 'D_layer_units_exponent_1': 6, 'D_layer_units_exponent_2': 5, 'D_layer_units_exponent_3': 4, 'D_layer_units_exponent_4': 7, 'D_dagger_layers': 5, 'D_dagger_layer_units_exponent_0': 9, 'D_dagger_layer_units_exponent_1': 10, 'D_dagger_layer_units_exponent_2': 9, 'D_dagger_layer_units_exponent_3': 6, 'D_dagger_layer_units_exponent_4': 5, 'log_learning_rate': -3.2543354566045597, 'log_learning_rate_D': -2.466670415108765, 'log_learning_rate_D_dagger': -3.1458993143723064, 'training_batch_size': 9, 'training_p': 2}. Best is trial 209 with value: 0.16586799919605255.
Time for this trial:  25.19779658317566
Memory status after this trial: 
Memory allocated:  1222.84619140625
Memory cached:  1274.0
--------------------  Trial  238   --------------------
Start timing: 
Parameters: 
{'W_layers': 7, 'W_layer_units_exponent_0': 7, 'W_layer_units_exponent_1': 7, 'W_layer_units_exponent_2': 5, 'W_layer_units_exponent_3': 4, 'W_layer_units_exponent_4': 10, 'W_layer_units_exponent_5': 10, 'W_layer_units_exponent_6': 10, 'D_layers': 5, 'D_layer_units_exponent_0': 4, 'D_layer_units_exponent_1': 6, 'D_layer_units_exponent_2': 5, 'D_layer_units_exponent_3': 4, 'D_layer_units_exponent_4': 7, 'D_dagger_layers': 5, 'D_dagger_layer_units_exponent_0': 9, 'D_dagger_layer_units_exponent_1': 10, 'D_dagger_layer_units_exponent_2': 9, 'D_dagger_layer_units_exponent_3': 6, 'D_dagger_layer_units_exponent_4': 5, 'log_learning_rate': -3.244383255922654, 'log_learning_rate_D': -2.4645958200669007, 'log_learning_rate_D_dagger': -3.144993039688296, 'training_batch_size': 9, 'training_p': 2}
	 epoch  0 training error:  tensor(0.9590, device='cuda:0', grad_fn=<DivBackward0>)
Memory status after this epoch: 
Memory allocated:  663.19482421875
Memory cached:  778.0
	 epoch  10 training error:  tensor(0.2571, device='cuda:0', grad_fn=<DivBackward0>)
Memory status after this epoch: 
Memory allocated:  663.19482421875
Memory cached:  778.0
	 epoch  20 training error:  tensor(0.2121, device='cuda:0', grad_fn=<DivBackward0>)
Memory status after this epoch: 
Memory allocated:  663.19482421875
Memory cached:  778.0
	 epoch  30 training error:  tensor(0.1871, device='cuda:0', grad_fn=<DivBackward0>)
Memory status after this epoch: 
Memory allocated:  663.19482421875
Memory cached:  778.0
	 epoch  40 training error:  tensor(0.1976, device='cuda:0', grad_fn=<DivBackward0>)
Memory status after this epoch: 
Memory allocated:  663.19482421875
Memory cached:  778.0
	 epoch  50 training error:  tensor(0.1874, device='cuda:0', grad_fn=<DivBackward0>)
Memory status after this epoch: 
Memory allocated:  663.19482421875
Memory cached:  778.0
	 epoch  60 training error:  tensor(0.1932, device='cuda:0', grad_fn=<DivBackward0>)
Memory status after this epoch: 
Memory allocated:  663.19482421875
Memory cached:  778.0
	 epoch  70 training error:  tensor(0.1892, device='cuda:0', grad_fn=<DivBackward0>)
Memory status after this epoch: 
Memory allocated:  663.19482421875
Memory cached:  778.0
	 epoch  80 training error:  tensor(0.1924, device='cuda:0', grad_fn=<DivBackward0>)
Memory status after this epoch: 
Memory allocated:  663.19482421875
Memory cached:  778.0
	 epoch  90 training error:  tensor(0.1900, device='cuda:0', grad_fn=<DivBackward0>)
Memory status after this epoch: 
Memory allocated:  663.19482421875
Memory cached:  778.0
[I 2024-01-26 07:28:22,990] Trial 238 finished with value: 0.17316825687885284 and parameters: {'W_layers': 7, 'W_layer_units_exponent_0': 7, 'W_layer_units_exponent_1': 7, 'W_layer_units_exponent_2': 5, 'W_layer_units_exponent_3': 4, 'W_layer_units_exponent_4': 10, 'W_layer_units_exponent_5': 10, 'W_layer_units_exponent_6': 10, 'D_layers': 5, 'D_layer_units_exponent_0': 4, 'D_layer_units_exponent_1': 6, 'D_layer_units_exponent_2': 5, 'D_layer_units_exponent_3': 4, 'D_layer_units_exponent_4': 7, 'D_dagger_layers': 5, 'D_dagger_layer_units_exponent_0': 9, 'D_dagger_layer_units_exponent_1': 10, 'D_dagger_layer_units_exponent_2': 9, 'D_dagger_layer_units_exponent_3': 6, 'D_dagger_layer_units_exponent_4': 5, 'log_learning_rate': -3.244383255922654, 'log_learning_rate_D': -2.4645958200669007, 'log_learning_rate_D_dagger': -3.144993039688296, 'training_batch_size': 9, 'training_p': 2}. Best is trial 209 with value: 0.16586799919605255.
Time for this trial:  25.189650535583496
Memory status after this trial: 
Memory allocated:  1222.84619140625
Memory cached:  1274.0
--------------------  Trial  239   --------------------
Start timing: 
Parameters: 
{'W_layers': 7, 'W_layer_units_exponent_0': 7, 'W_layer_units_exponent_1': 7, 'W_layer_units_exponent_2': 5, 'W_layer_units_exponent_3': 4, 'W_layer_units_exponent_4': 10, 'W_layer_units_exponent_5': 10, 'W_layer_units_exponent_6': 10, 'D_layers': 5, 'D_layer_units_exponent_0': 4, 'D_layer_units_exponent_1': 6, 'D_layer_units_exponent_2': 5, 'D_layer_units_exponent_3': 4, 'D_layer_units_exponent_4': 7, 'D_dagger_layers': 5, 'D_dagger_layer_units_exponent_0': 9, 'D_dagger_layer_units_exponent_1': 10, 'D_dagger_layer_units_exponent_2': 9, 'D_dagger_layer_units_exponent_3': 6, 'D_dagger_layer_units_exponent_4': 5, 'log_learning_rate': -3.3313423201211654, 'log_learning_rate_D': -2.3681879723344466, 'log_learning_rate_D_dagger': -2.858993682404568, 'training_batch_size': 9, 'training_p': 2}
	 epoch  0 training error:  tensor(0.9971, device='cuda:0', grad_fn=<DivBackward0>)
Memory status after this epoch: 
Memory allocated:  663.19482421875
Memory cached:  778.0
	 epoch  10 training error:  tensor(0.3145, device='cuda:0', grad_fn=<DivBackward0>)
Memory status after this epoch: 
Memory allocated:  663.19482421875
Memory cached:  778.0
	 epoch  20 training error:  tensor(0.1986, device='cuda:0', grad_fn=<DivBackward0>)
Memory status after this epoch: 
Memory allocated:  663.19482421875
Memory cached:  778.0
	 epoch  30 training error:  tensor(0.2112, device='cuda:0', grad_fn=<DivBackward0>)
Memory status after this epoch: 
Memory allocated:  663.19482421875
Memory cached:  778.0
	 epoch  40 training error:  tensor(0.1893, device='cuda:0', grad_fn=<DivBackward0>)
Memory status after this epoch: 
Memory allocated:  663.19482421875
Memory cached:  778.0
	 epoch  50 training error:  tensor(0.2009, device='cuda:0', grad_fn=<DivBackward0>)
Memory status after this epoch: 
Memory allocated:  663.19482421875
Memory cached:  778.0
	 epoch  60 training error:  tensor(0.1901, device='cuda:0', grad_fn=<DivBackward0>)
Memory status after this epoch: 
Memory allocated:  663.19482421875
Memory cached:  778.0
	 epoch  70 training error:  tensor(0.1991, device='cuda:0', grad_fn=<DivBackward0>)
Memory status after this epoch: 
Memory allocated:  663.19482421875
Memory cached:  778.0
	 epoch  80 training error:  tensor(0.1911, device='cuda:0', grad_fn=<DivBackward0>)
Memory status after this epoch: 
Memory allocated:  663.19482421875
Memory cached:  778.0
	 epoch  90 training error:  tensor(0.1941, device='cuda:0', grad_fn=<DivBackward0>)
Memory status after this epoch: 
Memory allocated:  663.19482421875
Memory cached:  778.0
