[I 2023-12-06 22:46:29,915] Trial 5 finished with value: 0.9006606936454773 and parameters: {'W_layers': 4, 'W_layer_units_exponent_0': 9, 'W_layer_units_exponent_1': 5, 'W_layer_units_exponent_2': 6, 'W_layer_units_exponent_3': 6, 'D_layers': 2, 'D_layer_units_exponent_0': 9, 'D_layer_units_exponent_1': 4, 'D_dagger_layers': 3, 'D_dagger_layer_units_exponent_0': 7, 'D_dagger_layer_units_exponent_1': 8, 'D_dagger_layer_units_exponent_2': 10, 'log_learning_rate': -2.398635070793315, 'log_learning_rate_D': -1.0130836975312003, 'log_learning_rate_D_dagger': -4.412980133038712, 'training_batch_size': 9, 'training_p': 8}. Best is trial 4 with value: 0.7426902651786804.
Time for this trial:  144.09868097305298
Memory status after this trial: 
Memory allocated:  304.40966796875
Memory cached:  334.0
--------------------  Trial  6   --------------------
Start timing: 
Parameters: 
{'W_layers': 4, 'W_layer_units_exponent_0': 5, 'W_layer_units_exponent_1': 7, 'W_layer_units_exponent_2': 9, 'W_layer_units_exponent_3': 5, 'D_layers': 6, 'D_layer_units_exponent_0': 7, 'D_layer_units_exponent_1': 6, 'D_layer_units_exponent_2': 7, 'D_layer_units_exponent_3': 6, 'D_layer_units_exponent_4': 10, 'D_layer_units_exponent_5': 5, 'D_dagger_layers': 8, 'D_dagger_layer_units_exponent_0': 8, 'D_dagger_layer_units_exponent_1': 7, 'D_dagger_layer_units_exponent_2': 6, 'D_dagger_layer_units_exponent_3': 6, 'D_dagger_layer_units_exponent_4': 6, 'D_dagger_layer_units_exponent_5': 10, 'D_dagger_layer_units_exponent_6': 5, 'D_dagger_layer_units_exponent_7': 5, 'log_learning_rate': -1.3590543249767233, 'log_learning_rate_D': -1.2515938493088243, 'log_learning_rate_D_dagger': -3.7548583279197123, 'training_batch_size': 8, 'training_p': 3}
	 epoch  0 training error:  tensor(0.9733, device='cuda:0', grad_fn=<DivBackward0>)
Memory status after this epoch: 
Memory allocated:  176.408203125
Memory cached:  336.0
	 epoch  10 training error:  tensor(2.3156, device='cuda:0', grad_fn=<DivBackward0>)
Memory status after this epoch: 
Memory allocated:  176.408203125
Memory cached:  340.0
	 epoch  20 training error:  tensor(0.9796, device='cuda:0', grad_fn=<DivBackward0>)
Memory status after this epoch: 
Memory allocated:  176.408203125
Memory cached:  342.0
	 epoch  30 training error:  tensor(0.9906, device='cuda:0', grad_fn=<DivBackward0>)
Memory status after this epoch: 
Memory allocated:  176.408203125
Memory cached:  344.0
	 epoch  40 training error:  tensor(0.9768, device='cuda:0', grad_fn=<DivBackward0>)
Memory status after this epoch: 
Memory allocated:  176.408203125
Memory cached:  340.0
	 epoch  50 training error:  tensor(0.9724, device='cuda:0', grad_fn=<DivBackward0>)
Memory status after this epoch: 
Memory allocated:  176.408203125
Memory cached:  344.0
	 epoch  60 training error:  tensor(0.9705, device='cuda:0', grad_fn=<DivBackward0>)
Memory status after this epoch: 
Memory allocated:  176.408203125
Memory cached:  342.0
	 epoch  70 training error:  tensor(0.9698, device='cuda:0', grad_fn=<DivBackward0>)
Memory status after this epoch: 
Memory allocated:  176.408203125
Memory cached:  340.0
	 epoch  80 training error:  tensor(0.9695, device='cuda:0', grad_fn=<DivBackward0>)
Memory status after this epoch: 
Memory allocated:  176.408203125
Memory cached:  340.0
	 epoch  90 training error:  tensor(0.9693, device='cuda:0', grad_fn=<DivBackward0>)
Memory status after this epoch: 
Memory allocated:  176.408203125
Memory cached:  340.0
[I 2023-12-06 22:50:08,820] Trial 6 finished with value: 0.8781521916389465 and parameters: {'W_layers': 4, 'W_layer_units_exponent_0': 5, 'W_layer_units_exponent_1': 7, 'W_layer_units_exponent_2': 9, 'W_layer_units_exponent_3': 5, 'D_layers': 6, 'D_layer_units_exponent_0': 7, 'D_layer_units_exponent_1': 6, 'D_layer_units_exponent_2': 7, 'D_layer_units_exponent_3': 6, 'D_layer_units_exponent_4': 10, 'D_layer_units_exponent_5': 5, 'D_dagger_layers': 8, 'D_dagger_layer_units_exponent_0': 8, 'D_dagger_layer_units_exponent_1': 7, 'D_dagger_layer_units_exponent_2': 6, 'D_dagger_layer_units_exponent_3': 6, 'D_dagger_layer_units_exponent_4': 6, 'D_dagger_layer_units_exponent_5': 10, 'D_dagger_layer_units_exponent_6': 5, 'D_dagger_layer_units_exponent_7': 5, 'log_learning_rate': -1.3590543249767233, 'log_learning_rate_D': -1.2515938493088243, 'log_learning_rate_D_dagger': -3.7548583279197123, 'training_batch_size': 8, 'training_p': 3}. Best is trial 4 with value: 0.7426902651786804.
Time for this trial:  218.7555410861969
Memory status after this trial: 
Memory allocated:  375.80029296875
Memory cached:  380.0
--------------------  Trial  7   --------------------
Start timing: 
Parameters: 
{'W_layers': 7, 'W_layer_units_exponent_0': 10, 'W_layer_units_exponent_1': 7, 'W_layer_units_exponent_2': 5, 'W_layer_units_exponent_3': 10, 'W_layer_units_exponent_4': 9, 'W_layer_units_exponent_5': 4, 'W_layer_units_exponent_6': 4, 'D_layers': 6, 'D_layer_units_exponent_0': 4, 'D_layer_units_exponent_1': 5, 'D_layer_units_exponent_2': 7, 'D_layer_units_exponent_3': 7, 'D_layer_units_exponent_4': 10, 'D_layer_units_exponent_5': 7, 'D_dagger_layers': 5, 'D_dagger_layer_units_exponent_0': 8, 'D_dagger_layer_units_exponent_1': 6, 'D_dagger_layer_units_exponent_2': 5, 'D_dagger_layer_units_exponent_3': 9, 'D_dagger_layer_units_exponent_4': 6, 'log_learning_rate': -2.082275343994511, 'log_learning_rate_D': -4.3277744069476025, 'log_learning_rate_D_dagger': -2.824889832145443, 'training_batch_size': 9, 'training_p': 4}
	 epoch  0 training error:  tensor(1.0036, device='cuda:0', grad_fn=<DivBackward0>)
Memory status after this epoch: 
Memory allocated:  187.03125
Memory cached:  368.0
	 epoch  10 training error:  tensor(1.4649, device='cuda:0', grad_fn=<DivBackward0>)
Memory status after this epoch: 
Memory allocated:  187.03125
Memory cached:  432.0
	 epoch  20 training error:  tensor(0.8570, device='cuda:0', grad_fn=<DivBackward0>)
Memory status after this epoch: 
Memory allocated:  187.03125
Memory cached:  420.0
	 epoch  30 training error:  tensor(0.8042, device='cuda:0', grad_fn=<DivBackward0>)
Memory status after this epoch: 
Memory allocated:  187.03125
Memory cached:  432.0
	 epoch  40 training error:  tensor(0.7753, device='cuda:0', grad_fn=<DivBackward0>)
Memory status after this epoch: 
Memory allocated:  187.03125
Memory cached:  420.0
	 epoch  50 training error:  tensor(0.8354, device='cuda:0', grad_fn=<DivBackward0>)
Memory status after this epoch: 
Memory allocated:  187.03125
Memory cached:  432.0
	 epoch  60 training error:  tensor(0.7469, device='cuda:0', grad_fn=<DivBackward0>)
Memory status after this epoch: 
Memory allocated:  187.03125
Memory cached:  424.0
	 epoch  70 training error:  tensor(0.6399, device='cuda:0', grad_fn=<DivBackward0>)
Memory status after this epoch: 
Memory allocated:  187.03125
Memory cached:  432.0
	 epoch  80 training error:  tensor(0.5464, device='cuda:0', grad_fn=<DivBackward0>)
Memory status after this epoch: 
Memory allocated:  187.03125
Memory cached:  428.0
	 epoch  90 training error:  tensor(0.5442, device='cuda:0', grad_fn=<DivBackward0>)
Memory status after this epoch: 
Memory allocated:  187.03125
Memory cached:  432.0
[I 2023-12-06 22:54:00,178] Trial 7 finished with value: 0.4872797131538391 and parameters: {'W_layers': 7, 'W_layer_units_exponent_0': 10, 'W_layer_units_exponent_1': 7, 'W_layer_units_exponent_2': 5, 'W_layer_units_exponent_3': 10, 'W_layer_units_exponent_4': 9, 'W_layer_units_exponent_5': 4, 'W_layer_units_exponent_6': 4, 'D_layers': 6, 'D_layer_units_exponent_0': 4, 'D_layer_units_exponent_1': 5, 'D_layer_units_exponent_2': 7, 'D_layer_units_exponent_3': 7, 'D_layer_units_exponent_4': 10, 'D_layer_units_exponent_5': 7, 'D_dagger_layers': 5, 'D_dagger_layer_units_exponent_0': 8, 'D_dagger_layer_units_exponent_1': 6, 'D_dagger_layer_units_exponent_2': 5, 'D_dagger_layer_units_exponent_3': 9, 'D_dagger_layer_units_exponent_4': 6, 'log_learning_rate': -2.082275343994511, 'log_learning_rate_D': -4.3277744069476025, 'log_learning_rate_D_dagger': -2.824889832145443, 'training_batch_size': 9, 'training_p': 4}. Best is trial 7 with value: 0.4872797131538391.
res:  tensor(0.4873, device='cuda:0', grad_fn=<DivBackward0>)
self.bestValue:  tensor(0.7427, device='cuda:0', grad_fn=<DivBackward0>)
Save this model!
Time for this trial:  231.19691133499146
Memory status after this trial: 
Memory allocated:  280.91162109375
Memory cached:  424.0
--------------------  Trial  8   --------------------
Start timing: 
Parameters: 
{'W_layers': 6, 'W_layer_units_exponent_0': 8, 'W_layer_units_exponent_1': 5, 'W_layer_units_exponent_2': 8, 'W_layer_units_exponent_3': 7, 'W_layer_units_exponent_4': 8, 'W_layer_units_exponent_5': 10, 'D_layers': 2, 'D_layer_units_exponent_0': 4, 'D_layer_units_exponent_1': 7, 'D_dagger_layers': 7, 'D_dagger_layer_units_exponent_0': 6, 'D_dagger_layer_units_exponent_1': 9, 'D_dagger_layer_units_exponent_2': 7, 'D_dagger_layer_units_exponent_3': 10, 'D_dagger_layer_units_exponent_4': 7, 'D_dagger_layer_units_exponent_5': 10, 'D_dagger_layer_units_exponent_6': 6, 'log_learning_rate': -3.0046435762183648, 'log_learning_rate_D': -2.4482246219655424, 'log_learning_rate_D_dagger': -4.525442896917289, 'training_batch_size': 11, 'training_p': 2}
	 epoch  0 training error:  tensor(1.0040, device='cuda:0', grad_fn=<DivBackward0>)
Memory status after this epoch: 
Memory allocated:  294.83447265625
Memory cached:  428.0
	 epoch  10 training error:  tensor(0.9312, device='cuda:0', grad_fn=<DivBackward0>)
Memory status after this epoch: 
Memory allocated:  294.83447265625
Memory cached:  484.0
	 epoch  20 training error:  tensor(0.9167, device='cuda:0', grad_fn=<DivBackward0>)
Memory status after this epoch: 
Memory allocated:  294.83447265625
Memory cached:  488.0
	 epoch  30 training error:  tensor(0.8912, device='cuda:0', grad_fn=<DivBackward0>)
Memory status after this epoch: 
Memory allocated:  294.83447265625
Memory cached:  494.0
	 epoch  40 training error:  tensor(0.8442, device='cuda:0', grad_fn=<DivBackward0>)
Memory status after this epoch: 
Memory allocated:  294.83447265625
Memory cached:  474.0
	 epoch  50 training error:  tensor(0.7741, device='cuda:0', grad_fn=<DivBackward0>)
Memory status after this epoch: 
Memory allocated:  294.83447265625
Memory cached:  486.0
	 epoch  60 training error:  tensor(0.7292, device='cuda:0', grad_fn=<DivBackward0>)
Memory status after this epoch: 
Memory allocated:  294.83447265625
Memory cached:  484.0
	 epoch  70 training error:  tensor(0.7290, device='cuda:0', grad_fn=<DivBackward0>)
Memory status after this epoch: 
Memory allocated:  294.83447265625
Memory cached:  474.0
	 epoch  80 training error:  tensor(0.7215, device='cuda:0', grad_fn=<DivBackward0>)
Memory status after this epoch: 
Memory allocated:  294.83447265625
Memory cached:  488.0
	 epoch  90 training error:  tensor(0.7106, device='cuda:0', grad_fn=<DivBackward0>)
Memory status after this epoch: 
Memory allocated:  294.83447265625
Memory cached:  474.0
[I 2023-12-06 22:57:30,246] Trial 8 finished with value: 0.6404669880867004 and parameters: {'W_layers': 6, 'W_layer_units_exponent_0': 8, 'W_layer_units_exponent_1': 5, 'W_layer_units_exponent_2': 8, 'W_layer_units_exponent_3': 7, 'W_layer_units_exponent_4': 8, 'W_layer_units_exponent_5': 10, 'D_layers': 2, 'D_layer_units_exponent_0': 4, 'D_layer_units_exponent_1': 7, 'D_dagger_layers': 7, 'D_dagger_layer_units_exponent_0': 6, 'D_dagger_layer_units_exponent_1': 9, 'D_dagger_layer_units_exponent_2': 7, 'D_dagger_layer_units_exponent_3': 10, 'D_dagger_layer_units_exponent_4': 7, 'D_dagger_layer_units_exponent_5': 10, 'D_dagger_layer_units_exponent_6': 6, 'log_learning_rate': -3.0046435762183648, 'log_learning_rate_D': -2.4482246219655424, 'log_learning_rate_D_dagger': -4.525442896917289, 'training_batch_size': 11, 'training_p': 2}. Best is trial 7 with value: 0.4872797131538391.
Time for this trial:  209.94263577461243
Memory status after this trial: 
Memory allocated:  548.17138671875
Memory cached:  572.0
--------------------  Trial  9   --------------------
Start timing: 
Parameters: 
{'W_layers': 6, 'W_layer_units_exponent_0': 8, 'W_layer_units_exponent_1': 8, 'W_layer_units_exponent_2': 6, 'W_layer_units_exponent_3': 7, 'W_layer_units_exponent_4': 9, 'W_layer_units_exponent_5': 7, 'D_layers': 7, 'D_layer_units_exponent_0': 6, 'D_layer_units_exponent_1': 6, 'D_layer_units_exponent_2': 9, 'D_layer_units_exponent_3': 9, 'D_layer_units_exponent_4': 7, 'D_layer_units_exponent_5': 10, 'D_layer_units_exponent_6': 8, 'D_dagger_layers': 7, 'D_dagger_layer_units_exponent_0': 7, 'D_dagger_layer_units_exponent_1': 8, 'D_dagger_layer_units_exponent_2': 6, 'D_dagger_layer_units_exponent_3': 5, 'D_dagger_layer_units_exponent_4': 9, 'D_dagger_layer_units_exponent_5': 9, 'D_dagger_layer_units_exponent_6': 7, 'log_learning_rate': -1.6157316522209322, 'log_learning_rate_D': -4.065140938394043, 'log_learning_rate_D_dagger': -4.300748032007902, 'training_batch_size': 11, 'training_p': 7}
	 epoch  0 training error:  tensor(0.9955, device='cuda:0', grad_fn=<DivBackward0>)
Memory status after this epoch: 
Memory allocated:  302.02001953125
Memory cached:  432.0
	 epoch  10 training error:  tensor(13.4855, device='cuda:0', grad_fn=<DivBackward0>)
Memory status after this epoch: 
Memory allocated:  302.02001953125
Memory cached:  456.0
	 epoch  20 training error:  tensor(4.3632, device='cuda:0', grad_fn=<DivBackward0>)
Memory status after this epoch: 
Memory allocated:  302.02001953125
Memory cached:  458.0
	 epoch  30 training error:  tensor(1.0518, device='cuda:0', grad_fn=<DivBackward0>)
Memory status after this epoch: 
Memory allocated:  302.02001953125
Memory cached:  458.0
	 epoch  40 training error:  tensor(0.9841, device='cuda:0', grad_fn=<DivBackward0>)
Memory status after this epoch: 
Memory allocated:  302.02001953125
Memory cached:  458.0
	 epoch  50 training error:  tensor(0.9784, device='cuda:0', grad_fn=<DivBackward0>)
Memory status after this epoch: 
Memory allocated:  302.02001953125
Memory cached:  456.0
	 epoch  60 training error:  tensor(0.9636, device='cuda:0', grad_fn=<DivBackward0>)
Memory status after this epoch: 
Memory allocated:  302.02001953125
Memory cached:  464.0
	 epoch  70 training error:  tensor(0.9434, device='cuda:0', grad_fn=<DivBackward0>)
Memory status after this epoch: 
Memory allocated:  302.02001953125
Memory cached:  466.0
	 epoch  80 training error:  tensor(0.9088, device='cuda:0', grad_fn=<DivBackward0>)
Memory status after this epoch: 
Memory allocated:  302.02001953125
Memory cached:  456.0
	 epoch  90 training error:  tensor(0.8614, device='cuda:0', grad_fn=<DivBackward0>)
Memory status after this epoch: 
Memory allocated:  302.02001953125
Memory cached:  460.0
[I 2023-12-06 23:01:43,328] Trial 9 finished with value: 0.8072698712348938 and parameters: {'W_layers': 6, 'W_layer_units_exponent_0': 8, 'W_layer_units_exponent_1': 8, 'W_layer_units_exponent_2': 6, 'W_layer_units_exponent_3': 7, 'W_layer_units_exponent_4': 9, 'W_layer_units_exponent_5': 7, 'D_layers': 7, 'D_layer_units_exponent_0': 6, 'D_layer_units_exponent_1': 6, 'D_layer_units_exponent_2': 9, 'D_layer_units_exponent_3': 9, 'D_layer_units_exponent_4': 7, 'D_layer_units_exponent_5': 10, 'D_layer_units_exponent_6': 8, 'D_dagger_layers': 7, 'D_dagger_layer_units_exponent_0': 7, 'D_dagger_layer_units_exponent_1': 8, 'D_dagger_layer_units_exponent_2': 6, 'D_dagger_layer_units_exponent_3': 5, 'D_dagger_layer_units_exponent_4': 9, 'D_dagger_layer_units_exponent_5': 9, 'D_dagger_layer_units_exponent_6': 7, 'log_learning_rate': -1.6157316522209322, 'log_learning_rate_D': -4.065140938394043, 'log_learning_rate_D_dagger': -4.300748032007902, 'training_batch_size': 11, 'training_p': 7}. Best is trial 7 with value: 0.4872797131538391.
Time for this trial:  252.90526413917542
Memory status after this trial: 
Memory allocated:  582.1748046875
Memory cached:  610.0
--------------------  Trial  10   --------------------
Start timing: 
Parameters: 
{'W_layers': 8, 'W_layer_units_exponent_0': 10, 'W_layer_units_exponent_1': 10, 'W_layer_units_exponent_2': 4, 'W_layer_units_exponent_3': 10, 'W_layer_units_exponent_4': 6, 'W_layer_units_exponent_5': 4, 'W_layer_units_exponent_6': 4, 'W_layer_units_exponent_7': 4, 'D_layers': 8, 'D_layer_units_exponent_0': 10, 'D_layer_units_exponent_1': 10, 'D_layer_units_exponent_2': 6, 'D_layer_units_exponent_3': 4, 'D_layer_units_exponent_4': 10, 'D_layer_units_exponent_5': 9, 'D_layer_units_exponent_6': 4, 'D_layer_units_exponent_7': 8, 'D_dagger_layers': 2, 'D_dagger_layer_units_exponent_0': 10, 'D_dagger_layer_units_exponent_1': 10, 'log_learning_rate': -3.392959893654087, 'log_learning_rate_D': -4.995218305049251, 'log_learning_rate_D_dagger': -2.665400929570597, 'training_batch_size': 6, 'training_p': 7}
	 epoch  0 training error:  tensor(2.6877, device='cuda:0', grad_fn=<DivBackward0>)
Memory status after this epoch: 
Memory allocated:  340.18212890625
Memory cached:  534.0
	 epoch  10 training error:  tensor(0.8823, device='cuda:0', grad_fn=<DivBackward0>)
Memory status after this epoch: 
Memory allocated:  340.18212890625
Memory cached:  596.0
	 epoch  20 training error:  tensor(0.8503, device='cuda:0', grad_fn=<DivBackward0>)
Memory status after this epoch: 
Memory allocated:  340.18212890625
Memory cached:  604.0
	 epoch  30 training error:  tensor(0.6611, device='cuda:0', grad_fn=<DivBackward0>)
Memory status after this epoch: 
Memory allocated:  340.18212890625
Memory cached:  594.0
	 epoch  40 training error:  tensor(0.5176, device='cuda:0', grad_fn=<DivBackward0>)
Memory status after this epoch: 
Memory allocated:  340.18212890625
Memory cached:  600.0
	 epoch  50 training error:  tensor(0.5082, device='cuda:0', grad_fn=<DivBackward0>)
Memory status after this epoch: 
Memory allocated:  340.18212890625
Memory cached:  592.0
	 epoch  60 training error:  tensor(0.5730, device='cuda:0', grad_fn=<DivBackward0>)
Memory status after this epoch: 
Memory allocated:  340.18212890625
Memory cached:  594.0
	 epoch  70 training error:  tensor(0.3721, device='cuda:0', grad_fn=<DivBackward0>)
Memory status after this epoch: 
Memory allocated:  340.18212890625
Memory cached:  584.0
	 epoch  80 training error:  tensor(0.3418, device='cuda:0', grad_fn=<DivBackward0>)
Memory status after this epoch: 
Memory allocated:  340.18212890625
Memory cached:  582.0
	 epoch  90 training error:  tensor(0.4841, device='cuda:0', grad_fn=<DivBackward0>)
Memory status after this epoch: 
Memory allocated:  340.18212890625
Memory cached:  588.0
