[I 2024-02-16 20:46:35,032] Trial 35 finished with value: 0.1098276898264885 and parameters: {'W_layers': 7, 'W_layer_units_exponent_0': 10, 'W_layer_units_exponent_1': 9, 'W_layer_units_exponent_2': 5, 'W_layer_units_exponent_3': 6, 'W_layer_units_exponent_4': 6, 'W_layer_units_exponent_5': 7, 'W_layer_units_exponent_6': 8, 'D_layers': 2, 'D_layer_units_exponent_0': 10, 'D_layer_units_exponent_1': 7, 'D_dagger_layers': 7, 'D_dagger_layer_units_exponent_0': 4, 'D_dagger_layer_units_exponent_1': 8, 'D_dagger_layer_units_exponent_2': 10, 'D_dagger_layer_units_exponent_3': 8, 'D_dagger_layer_units_exponent_4': 5, 'D_dagger_layer_units_exponent_5': 9, 'D_dagger_layer_units_exponent_6': 6, 'log_learning_rate': -4.901015090922529, 'log_learning_rate_D': -2.991341813131514, 'log_learning_rate_D_dagger': -1.9161770945260597, 'training_batch_size': 7, 'training_p': 5}. Best is trial 10 with value: 0.07346499711275101.
Time for this trial:  577.8824155330658
Memory status after this trial: 
Memory allocated:  1529.10888671875
Memory cached:  1554.0
--------------------  Trial  36   --------------------
Start timing: 
Parameters: 
{'W_layers': 8, 'W_layer_units_exponent_0': 6, 'W_layer_units_exponent_1': 9, 'W_layer_units_exponent_2': 4, 'W_layer_units_exponent_3': 7, 'W_layer_units_exponent_4': 6, 'W_layer_units_exponent_5': 5, 'W_layer_units_exponent_6': 7, 'W_layer_units_exponent_7': 10, 'D_layers': 3, 'D_layer_units_exponent_0': 10, 'D_layer_units_exponent_1': 6, 'D_layer_units_exponent_2': 7, 'D_dagger_layers': 6, 'D_dagger_layer_units_exponent_0': 4, 'D_dagger_layer_units_exponent_1': 6, 'D_dagger_layer_units_exponent_2': 7, 'D_dagger_layer_units_exponent_3': 5, 'D_dagger_layer_units_exponent_4': 6, 'D_dagger_layer_units_exponent_5': 9, 'log_learning_rate': -4.848997905882557, 'log_learning_rate_D': -2.2202945449802494, 'log_learning_rate_D_dagger': -1.8571313695822562, 'training_batch_size': 7, 'training_p': 3}
	 epoch  0 training error:  tensor(1.2058, device='cuda:0', grad_fn=<DivBackward0>)
Memory status after this epoch: 
Memory allocated:  387.7412109375
Memory cached:  1030.0
	 epoch  10 training error:  tensor(0.2445, device='cuda:0', grad_fn=<DivBackward0>)
Memory status after this epoch: 
Memory allocated:  387.7412109375
Memory cached:  1056.0
	 epoch  20 training error:  tensor(0.1306, device='cuda:0', grad_fn=<DivBackward0>)
Memory status after this epoch: 
Memory allocated:  387.7412109375
Memory cached:  1058.0
	 epoch  30 training error:  tensor(0.1104, device='cuda:0', grad_fn=<DivBackward0>)
Memory status after this epoch: 
Memory allocated:  387.7412109375
Memory cached:  1056.0
	 epoch  40 training error:  tensor(0.1082, device='cuda:0', grad_fn=<DivBackward0>)
Memory status after this epoch: 
Memory allocated:  387.7412109375
Memory cached:  1054.0
	 epoch  50 training error:  tensor(0.1665, device='cuda:0', grad_fn=<DivBackward0>)
Memory status after this epoch: 
Memory allocated:  387.7412109375
Memory cached:  1056.0
	 epoch  60 training error:  tensor(0.1089, device='cuda:0', grad_fn=<DivBackward0>)
Memory status after this epoch: 
Memory allocated:  387.7412109375
Memory cached:  1052.0
	 epoch  70 training error:  tensor(0.1059, device='cuda:0', grad_fn=<DivBackward0>)
Memory status after this epoch: 
Memory allocated:  387.7412109375
Memory cached:  1052.0
	 epoch  80 training error:  tensor(0.1098, device='cuda:0', grad_fn=<DivBackward0>)
Memory status after this epoch: 
Memory allocated:  387.7412109375
Memory cached:  1056.0
	 epoch  90 training error:  tensor(0.1151, device='cuda:0', grad_fn=<DivBackward0>)
Memory status after this epoch: 
Memory allocated:  387.7412109375
Memory cached:  1058.0
[I 2024-02-16 20:56:11,302] Trial 36 finished with value: 0.08123284578323364 and parameters: {'W_layers': 8, 'W_layer_units_exponent_0': 6, 'W_layer_units_exponent_1': 9, 'W_layer_units_exponent_2': 4, 'W_layer_units_exponent_3': 7, 'W_layer_units_exponent_4': 6, 'W_layer_units_exponent_5': 5, 'W_layer_units_exponent_6': 7, 'W_layer_units_exponent_7': 10, 'D_layers': 3, 'D_layer_units_exponent_0': 10, 'D_layer_units_exponent_1': 6, 'D_layer_units_exponent_2': 7, 'D_dagger_layers': 6, 'D_dagger_layer_units_exponent_0': 4, 'D_dagger_layer_units_exponent_1': 6, 'D_dagger_layer_units_exponent_2': 7, 'D_dagger_layer_units_exponent_3': 5, 'D_dagger_layer_units_exponent_4': 6, 'D_dagger_layer_units_exponent_5': 9, 'log_learning_rate': -4.848997905882557, 'log_learning_rate_D': -2.2202945449802494, 'log_learning_rate_D_dagger': -1.8571313695822562, 'training_batch_size': 7, 'training_p': 3}. Best is trial 10 with value: 0.07346499711275101.
Time for this trial:  575.724883556366
Memory status after this trial: 
Memory allocated:  1186.90673828125
Memory cached:  1192.0
--------------------  Trial  37   --------------------
Start timing: 
Parameters: 
{'W_layers': 7, 'W_layer_units_exponent_0': 9, 'W_layer_units_exponent_1': 6, 'W_layer_units_exponent_2': 5, 'W_layer_units_exponent_3': 6, 'W_layer_units_exponent_4': 6, 'W_layer_units_exponent_5': 8, 'W_layer_units_exponent_6': 10, 'D_layers': 2, 'D_layer_units_exponent_0': 10, 'D_layer_units_exponent_1': 7, 'D_dagger_layers': 5, 'D_dagger_layer_units_exponent_0': 4, 'D_dagger_layer_units_exponent_1': 5, 'D_dagger_layer_units_exponent_2': 9, 'D_dagger_layer_units_exponent_3': 6, 'D_dagger_layer_units_exponent_4': 4, 'log_learning_rate': -4.523253153814867, 'log_learning_rate_D': -3.2569891576670806, 'log_learning_rate_D_dagger': -2.1619635758321847, 'training_batch_size': 6, 'training_p': 2}
	 epoch  0 training error:  tensor(0.6912, device='cuda:0', grad_fn=<DivBackward0>)
Memory status after this epoch: 
Memory allocated:  390.7509765625
Memory cached:  1026.0
	 epoch  10 training error:  tensor(0.0958, device='cuda:0', grad_fn=<DivBackward0>)
Memory status after this epoch: 
Memory allocated:  390.7509765625
Memory cached:  1026.0
	 epoch  20 training error:  tensor(0.0829, device='cuda:0', grad_fn=<DivBackward0>)
Memory status after this epoch: 
Memory allocated:  390.7509765625
Memory cached:  1026.0
	 epoch  30 training error:  tensor(0.0808, device='cuda:0', grad_fn=<DivBackward0>)
Memory status after this epoch: 
Memory allocated:  390.7509765625
Memory cached:  1026.0
	 epoch  40 training error:  tensor(0.0851, device='cuda:0', grad_fn=<DivBackward0>)
Memory status after this epoch: 
Memory allocated:  390.7509765625
Memory cached:  1026.0
	 epoch  50 training error:  tensor(0.0834, device='cuda:0', grad_fn=<DivBackward0>)
Memory status after this epoch: 
Memory allocated:  390.7509765625
Memory cached:  1026.0
	 epoch  60 training error:  tensor(0.0817, device='cuda:0', grad_fn=<DivBackward0>)
Memory status after this epoch: 
Memory allocated:  390.7509765625
Memory cached:  1026.0
	 epoch  70 training error:  tensor(0.0908, device='cuda:0', grad_fn=<DivBackward0>)
Memory status after this epoch: 
Memory allocated:  390.7509765625
Memory cached:  1026.0
	 epoch  80 training error:  tensor(0.0813, device='cuda:0', grad_fn=<DivBackward0>)
Memory status after this epoch: 
Memory allocated:  390.7509765625
Memory cached:  1026.0
	 epoch  90 training error:  tensor(0.0841, device='cuda:0', grad_fn=<DivBackward0>)
Memory status after this epoch: 
Memory allocated:  390.7509765625
Memory cached:  1026.0
[I 2024-02-16 21:09:28,513] Trial 37 finished with value: 0.08141645044088364 and parameters: {'W_layers': 7, 'W_layer_units_exponent_0': 9, 'W_layer_units_exponent_1': 6, 'W_layer_units_exponent_2': 5, 'W_layer_units_exponent_3': 6, 'W_layer_units_exponent_4': 6, 'W_layer_units_exponent_5': 8, 'W_layer_units_exponent_6': 10, 'D_layers': 2, 'D_layer_units_exponent_0': 10, 'D_layer_units_exponent_1': 7, 'D_dagger_layers': 5, 'D_dagger_layer_units_exponent_0': 4, 'D_dagger_layer_units_exponent_1': 5, 'D_dagger_layer_units_exponent_2': 9, 'D_dagger_layer_units_exponent_3': 6, 'D_dagger_layer_units_exponent_4': 4, 'log_learning_rate': -4.523253153814867, 'log_learning_rate_D': -3.2569891576670806, 'log_learning_rate_D_dagger': -2.1619635758321847, 'training_batch_size': 6, 'training_p': 2}. Best is trial 10 with value: 0.07346499711275101.
Time for this trial:  796.7374579906464
Memory status after this trial: 
Memory allocated:  1162.71923828125
Memory cached:  1170.0
--------------------  Trial  38   --------------------
Start timing: 
Parameters: 
{'W_layers': 5, 'W_layer_units_exponent_0': 7, 'W_layer_units_exponent_1': 7, 'W_layer_units_exponent_2': 4, 'W_layer_units_exponent_3': 4, 'W_layer_units_exponent_4': 5, 'D_layers': 4, 'D_layer_units_exponent_0': 9, 'D_layer_units_exponent_1': 8, 'D_layer_units_exponent_2': 7, 'D_layer_units_exponent_3': 8, 'D_dagger_layers': 5, 'D_dagger_layer_units_exponent_0': 4, 'D_dagger_layer_units_exponent_1': 7, 'D_dagger_layer_units_exponent_2': 6, 'D_dagger_layer_units_exponent_3': 7, 'D_dagger_layer_units_exponent_4': 5, 'log_learning_rate': -4.416080307101651, 'log_learning_rate_D': -2.8936548233403183, 'log_learning_rate_D_dagger': -2.4694478094256733, 'training_batch_size': 11, 'training_p': 4}
	 epoch  0 training error:  tensor(1.0156, device='cuda:0', grad_fn=<DivBackward0>)
Memory status after this epoch: 
Memory allocated:  386.6806640625
Memory cached:  1034.0
	 epoch  10 training error:  tensor(0.1641, device='cuda:0', grad_fn=<DivBackward0>)
Memory status after this epoch: 
Memory allocated:  386.6806640625
Memory cached:  1046.0
	 epoch  20 training error:  tensor(0.1632, device='cuda:0', grad_fn=<DivBackward0>)
Memory status after this epoch: 
Memory allocated:  386.6806640625
Memory cached:  1046.0
	 epoch  30 training error:  tensor(0.1395, device='cuda:0', grad_fn=<DivBackward0>)
Memory status after this epoch: 
Memory allocated:  386.6806640625
Memory cached:  1042.0
	 epoch  40 training error:  tensor(0.1225, device='cuda:0', grad_fn=<DivBackward0>)
Memory status after this epoch: 
Memory allocated:  386.6806640625
Memory cached:  1044.0
	 epoch  50 training error:  tensor(0.1127, device='cuda:0', grad_fn=<DivBackward0>)
Memory status after this epoch: 
Memory allocated:  386.6806640625
Memory cached:  1044.0
	 epoch  60 training error:  tensor(0.1073, device='cuda:0', grad_fn=<DivBackward0>)
Memory status after this epoch: 
Memory allocated:  386.6806640625
Memory cached:  1042.0
	 epoch  70 training error:  tensor(0.1067, device='cuda:0', grad_fn=<DivBackward0>)
Memory status after this epoch: 
Memory allocated:  386.6806640625
Memory cached:  1044.0
	 epoch  80 training error:  tensor(0.1118, device='cuda:0', grad_fn=<DivBackward0>)
Memory status after this epoch: 
Memory allocated:  386.6806640625
Memory cached:  1044.0
	 epoch  90 training error:  tensor(0.1100, device='cuda:0', grad_fn=<DivBackward0>)
Memory status after this epoch: 
Memory allocated:  386.6806640625
Memory cached:  1042.0
[I 2024-02-16 21:13:03,762] Trial 38 finished with value: 0.0832071527838707 and parameters: {'W_layers': 5, 'W_layer_units_exponent_0': 7, 'W_layer_units_exponent_1': 7, 'W_layer_units_exponent_2': 4, 'W_layer_units_exponent_3': 4, 'W_layer_units_exponent_4': 5, 'D_layers': 4, 'D_layer_units_exponent_0': 9, 'D_layer_units_exponent_1': 8, 'D_layer_units_exponent_2': 7, 'D_layer_units_exponent_3': 8, 'D_dagger_layers': 5, 'D_dagger_layer_units_exponent_0': 4, 'D_dagger_layer_units_exponent_1': 7, 'D_dagger_layer_units_exponent_2': 6, 'D_dagger_layer_units_exponent_3': 7, 'D_dagger_layer_units_exponent_4': 5, 'log_learning_rate': -4.416080307101651, 'log_learning_rate_D': -2.8936548233403183, 'log_learning_rate_D_dagger': -2.4694478094256733, 'training_batch_size': 11, 'training_p': 4}. Best is trial 10 with value: 0.07346499711275101.
Time for this trial:  214.80650281906128
Memory status after this trial: 
Memory allocated:  766.09326171875
Memory cached:  1036.0
--------------------  Trial  39   --------------------
Start timing: 
Parameters: 
{'W_layers': 7, 'W_layer_units_exponent_0': 8, 'W_layer_units_exponent_1': 10, 'W_layer_units_exponent_2': 5, 'W_layer_units_exponent_3': 7, 'W_layer_units_exponent_4': 8, 'W_layer_units_exponent_5': 5, 'W_layer_units_exponent_6': 8, 'D_layers': 3, 'D_layer_units_exponent_0': 4, 'D_layer_units_exponent_1': 7, 'D_layer_units_exponent_2': 8, 'D_dagger_layers': 8, 'D_dagger_layer_units_exponent_0': 5, 'D_dagger_layer_units_exponent_1': 8, 'D_dagger_layer_units_exponent_2': 8, 'D_dagger_layer_units_exponent_3': 9, 'D_dagger_layer_units_exponent_4': 7, 'D_dagger_layer_units_exponent_5': 7, 'D_dagger_layer_units_exponent_6': 4, 'D_dagger_layer_units_exponent_7': 7, 'log_learning_rate': -4.850121777943587, 'log_learning_rate_D': -2.5776886250571955, 'log_learning_rate_D_dagger': -1.426632076647056, 'training_batch_size': 7, 'training_p': 5}
	 epoch  0 training error:  tensor(2.8672, device='cuda:0', grad_fn=<DivBackward0>)
Memory status after this epoch: 
Memory allocated:  393.2548828125
Memory cached:  1032.0
	 epoch  10 training error:  tensor(14.9673, device='cuda:0', grad_fn=<DivBackward0>)
Memory status after this epoch: 
Memory allocated:  393.2548828125
Memory cached:  1048.0
	 epoch  20 training error:  tensor(2.1410, device='cuda:0', grad_fn=<DivBackward0>)
Memory status after this epoch: 
Memory allocated:  393.2548828125
Memory cached:  1050.0
	 epoch  30 training error:  tensor(0.6434, device='cuda:0', grad_fn=<DivBackward0>)
Memory status after this epoch: 
Memory allocated:  393.2548828125
Memory cached:  1050.0
	 epoch  40 training error:  tensor(0.2213, device='cuda:0', grad_fn=<DivBackward0>)
Memory status after this epoch: 
Memory allocated:  393.2548828125
Memory cached:  1044.0
	 epoch  50 training error:  tensor(0.9897, device='cuda:0', grad_fn=<DivBackward0>)
Memory status after this epoch: 
Memory allocated:  393.2548828125
Memory cached:  1050.0
	 epoch  60 training error:  tensor(3.8490, device='cuda:0', grad_fn=<DivBackward0>)
Memory status after this epoch: 
Memory allocated:  393.2548828125
Memory cached:  1058.0
	 epoch  70 training error:  tensor(0.5838, device='cuda:0', grad_fn=<DivBackward0>)
Memory status after this epoch: 
Memory allocated:  393.2548828125
Memory cached:  1056.0
	 epoch  80 training error:  tensor(0.4227, device='cuda:0', grad_fn=<DivBackward0>)
Memory status after this epoch: 
Memory allocated:  393.2548828125
Memory cached:  1056.0
	 epoch  90 training error:  tensor(0.3774, device='cuda:0', grad_fn=<DivBackward0>)
Memory status after this epoch: 
Memory allocated:  393.2548828125
Memory cached:  1056.0
[I 2024-02-16 21:23:02,510] Trial 39 finished with value: 0.2759269177913666 and parameters: {'W_layers': 7, 'W_layer_units_exponent_0': 8, 'W_layer_units_exponent_1': 10, 'W_layer_units_exponent_2': 5, 'W_layer_units_exponent_3': 7, 'W_layer_units_exponent_4': 8, 'W_layer_units_exponent_5': 5, 'W_layer_units_exponent_6': 8, 'D_layers': 3, 'D_layer_units_exponent_0': 4, 'D_layer_units_exponent_1': 7, 'D_layer_units_exponent_2': 8, 'D_dagger_layers': 8, 'D_dagger_layer_units_exponent_0': 5, 'D_dagger_layer_units_exponent_1': 8, 'D_dagger_layer_units_exponent_2': 8, 'D_dagger_layer_units_exponent_3': 9, 'D_dagger_layer_units_exponent_4': 7, 'D_dagger_layer_units_exponent_5': 7, 'D_dagger_layer_units_exponent_6': 4, 'D_dagger_layer_units_exponent_7': 7, 'log_learning_rate': -4.850121777943587, 'log_learning_rate_D': -2.5776886250571955, 'log_learning_rate_D_dagger': -1.426632076647056, 'training_batch_size': 7, 'training_p': 5}. Best is trial 10 with value: 0.07346499711275101.
Time for this trial:  598.2014560699463
Memory status after this trial: 
Memory allocated:  1188.51611328125
Memory cached:  1198.0
--------------------  Trial  40   --------------------
Start timing: 
Parameters: 
{'W_layers': 8, 'W_layer_units_exponent_0': 7, 'W_layer_units_exponent_1': 7, 'W_layer_units_exponent_2': 6, 'W_layer_units_exponent_3': 5, 'W_layer_units_exponent_4': 5, 'W_layer_units_exponent_5': 7, 'W_layer_units_exponent_6': 6, 'W_layer_units_exponent_7': 4, 'D_layers': 2, 'D_layer_units_exponent_0': 9, 'D_layer_units_exponent_1': 8, 'D_dagger_layers': 2, 'D_dagger_layer_units_exponent_0': 4, 'D_dagger_layer_units_exponent_1': 5, 'log_learning_rate': -4.332655726332902, 'log_learning_rate_D': -3.6112276783578134, 'log_learning_rate_D_dagger': -1.7097684716758694, 'training_batch_size': 6, 'training_p': 2}
	 epoch  0 training error:  tensor(0.4697, device='cuda:0', grad_fn=<DivBackward0>)
Memory status after this epoch: 
Memory allocated:  385.6728515625
Memory cached:  1026.0
	 epoch  10 training error:  tensor(0.0899, device='cuda:0', grad_fn=<DivBackward0>)
Memory status after this epoch: 
Memory allocated:  385.6728515625
Memory cached:  1026.0
	 epoch  20 training error:  tensor(0.0822, device='cuda:0', grad_fn=<DivBackward0>)
Memory status after this epoch: 
Memory allocated:  385.6728515625
Memory cached:  1026.0
	 epoch  30 training error:  tensor(0.0855, device='cuda:0', grad_fn=<DivBackward0>)
Memory status after this epoch: 
Memory allocated:  385.6728515625
Memory cached:  1026.0
	 epoch  40 training error:  tensor(0.0800, device='cuda:0', grad_fn=<DivBackward0>)
Memory status after this epoch: 
Memory allocated:  385.6728515625
Memory cached:  1026.0
	 epoch  50 training error:  tensor(0.0847, device='cuda:0', grad_fn=<DivBackward0>)
Memory status after this epoch: 
Memory allocated:  385.6728515625
Memory cached:  1026.0
	 epoch  60 training error:  tensor(0.0806, device='cuda:0', grad_fn=<DivBackward0>)
Memory status after this epoch: 
Memory allocated:  385.6728515625
Memory cached:  1026.0
	 epoch  70 training error:  tensor(0.0807, device='cuda:0', grad_fn=<DivBackward0>)
Memory status after this epoch: 
Memory allocated:  385.6728515625
Memory cached:  1026.0
	 epoch  80 training error:  tensor(0.0806, device='cuda:0', grad_fn=<DivBackward0>)
Memory status after this epoch: 
Memory allocated:  385.6728515625
Memory cached:  1026.0
	 epoch  90 training error:  tensor(0.0828, device='cuda:0', grad_fn=<DivBackward0>)
Memory status after this epoch: 
Memory allocated:  385.6728515625
Memory cached:  1026.0
[I 2024-02-16 21:34:45,194] Trial 40 finished with value: 0.07937993109226227 and parameters: {'W_layers': 8, 'W_layer_units_exponent_0': 7, 'W_layer_units_exponent_1': 7, 'W_layer_units_exponent_2': 6, 'W_layer_units_exponent_3': 5, 'W_layer_units_exponent_4': 5, 'W_layer_units_exponent_5': 7, 'W_layer_units_exponent_6': 6, 'W_layer_units_exponent_7': 4, 'D_layers': 2, 'D_layer_units_exponent_0': 9, 'D_layer_units_exponent_1': 8, 'D_dagger_layers': 2, 'D_dagger_layer_units_exponent_0': 4, 'D_dagger_layer_units_exponent_1': 5, 'log_learning_rate': -4.332655726332902, 'log_learning_rate_D': -3.6112276783578134, 'log_learning_rate_D_dagger': -1.7097684716758694, 'training_batch_size': 6, 'training_p': 2}. Best is trial 10 with value: 0.07346499711275101.
Time for this trial:  702.1920394897461
Memory status after this trial: 
Memory allocated:  674.71142578125
Memory cached:  1026.0
--------------------  Trial  41   --------------------
Start timing: 
Parameters: 
{'W_layers': 8, 'W_layer_units_exponent_0': 6, 'W_layer_units_exponent_1': 7, 'W_layer_units_exponent_2': 7, 'W_layer_units_exponent_3': 4, 'W_layer_units_exponent_4': 4, 'W_layer_units_exponent_5': 6, 'W_layer_units_exponent_6': 6, 'W_layer_units_exponent_7': 4, 'D_layers': 2, 'D_layer_units_exponent_0': 9, 'D_layer_units_exponent_1': 8, 'D_dagger_layers': 2, 'D_dagger_layer_units_exponent_0': 5, 'D_dagger_layer_units_exponent_1': 4, 'log_learning_rate': -4.988913357427633, 'log_learning_rate_D': -3.620315420710474, 'log_learning_rate_D_dagger': -1.6292875177900163, 'training_batch_size': 10, 'training_p': 3}
	 epoch  0 training error:  tensor(0.8265, device='cuda:0', grad_fn=<DivBackward0>)
Memory status after this epoch: 
Memory allocated:  385.5498046875
Memory cached:  1030.0
	 epoch  10 training error:  tensor(0.1871, device='cuda:0', grad_fn=<DivBackward0>)
Memory status after this epoch: 
Memory allocated:  385.5498046875
Memory cached:  1036.0
	 epoch  20 training error:  tensor(0.1569, device='cuda:0', grad_fn=<DivBackward0>)
Memory status after this epoch: 
Memory allocated:  385.5498046875
Memory cached:  1032.0
	 epoch  30 training error:  tensor(0.1222, device='cuda:0', grad_fn=<DivBackward0>)
Memory status after this epoch: 
Memory allocated:  385.5498046875
Memory cached:  1036.0
	 epoch  40 training error:  tensor(0.1033, device='cuda:0', grad_fn=<DivBackward0>)
Memory status after this epoch: 
Memory allocated:  385.5498046875
Memory cached:  1032.0
	 epoch  50 training error:  tensor(0.0939, device='cuda:0', grad_fn=<DivBackward0>)
Memory status after this epoch: 
Memory allocated:  385.5498046875
Memory cached:  1032.0
	 epoch  60 training error:  tensor(0.0990, device='cuda:0', grad_fn=<DivBackward0>)
Memory status after this epoch: 
Memory allocated:  385.5498046875
Memory cached:  1034.0
	 epoch  70 training error:  tensor(0.0907, device='cuda:0', grad_fn=<DivBackward0>)
Memory status after this epoch: 
Memory allocated:  385.5498046875
Memory cached:  1034.0
	 epoch  80 training error:  tensor(0.0915, device='cuda:0', grad_fn=<DivBackward0>)
Memory status after this epoch: 
Memory allocated:  385.5498046875
Memory cached:  1034.0
	 epoch  90 training error:  tensor(0.0894, device='cuda:0', grad_fn=<DivBackward0>)
Memory status after this epoch: 
Memory allocated:  385.5498046875
Memory cached:  1032.0
