[I 2023-12-20 18:13:06,489] Trial 6 finished with value: 0.3267160654067993 and parameters: {'W_layers': 6, 'W_layer_units_exponent_0': 8, 'W_layer_units_exponent_1': 4, 'W_layer_units_exponent_2': 9, 'W_layer_units_exponent_3': 7, 'W_layer_units_exponent_4': 4, 'W_layer_units_exponent_5': 8, 'D_layers': 6, 'D_layer_units_exponent_0': 7, 'D_layer_units_exponent_1': 9, 'D_layer_units_exponent_2': 7, 'D_layer_units_exponent_3': 4, 'D_layer_units_exponent_4': 5, 'D_layer_units_exponent_5': 6, 'D_dagger_layers': 4, 'D_dagger_layer_units_exponent_0': 4, 'D_dagger_layer_units_exponent_1': 10, 'D_dagger_layer_units_exponent_2': 6, 'D_dagger_layer_units_exponent_3': 7, 'log_learning_rate': -3.4585451368865696, 'log_learning_rate_D': -1.0109918662323434, 'log_learning_rate_D_dagger': -3.5769402983410865, 'training_batch_size': 10, 'training_p': 2}. Best is trial 6 with value: 0.3267160654067993.
res:  tensor(0.3267, device='cuda:0', grad_fn=<DivBackward0>)
self.bestValue:  tensor(0.3305, device='cuda:0', grad_fn=<DivBackward0>)
Save this model!
Time for this trial:  21.212913990020752
Memory status after this trial: 
Memory allocated:  129.962890625
Memory cached:  180.0
--------------------  Trial  7   --------------------
Start timing: 
Parameters: 
{'W_layers': 4, 'W_layer_units_exponent_0': 7, 'W_layer_units_exponent_1': 4, 'W_layer_units_exponent_2': 10, 'W_layer_units_exponent_3': 4, 'D_layers': 3, 'D_layer_units_exponent_0': 9, 'D_layer_units_exponent_1': 10, 'D_layer_units_exponent_2': 5, 'D_dagger_layers': 6, 'D_dagger_layer_units_exponent_0': 9, 'D_dagger_layer_units_exponent_1': 9, 'D_dagger_layer_units_exponent_2': 6, 'D_dagger_layer_units_exponent_3': 9, 'D_dagger_layer_units_exponent_4': 5, 'D_dagger_layer_units_exponent_5': 8, 'log_learning_rate': -2.077076920243496, 'log_learning_rate_D': -3.6983088748620205, 'log_learning_rate_D_dagger': -4.612018031315927, 'training_batch_size': 8, 'training_p': 8}
	 epoch  0 training error:  tensor(1.0783, device='cuda:0', grad_fn=<DivBackward0>)
Memory status after this epoch: 
Memory allocated:  138.1015625
Memory cached:  182.0
	 epoch  10 training error:  tensor(0.7501, device='cuda:0', grad_fn=<DivBackward0>)
Memory status after this epoch: 
Memory allocated:  138.1015625
Memory cached:  186.0
	 epoch  20 training error:  tensor(0.5800, device='cuda:0', grad_fn=<DivBackward0>)
Memory status after this epoch: 
Memory allocated:  138.1015625
Memory cached:  186.0
	 epoch  30 training error:  tensor(0.5813, device='cuda:0', grad_fn=<DivBackward0>)
Memory status after this epoch: 
Memory allocated:  138.1015625
Memory cached:  186.0
	 epoch  40 training error:  tensor(0.5706, device='cuda:0', grad_fn=<DivBackward0>)
Memory status after this epoch: 
Memory allocated:  138.1015625
Memory cached:  186.0
	 epoch  50 training error:  tensor(0.5671, device='cuda:0', grad_fn=<DivBackward0>)
Memory status after this epoch: 
Memory allocated:  138.1015625
Memory cached:  186.0
	 epoch  60 training error:  tensor(0.5666, device='cuda:0', grad_fn=<DivBackward0>)
Memory status after this epoch: 
Memory allocated:  138.1015625
Memory cached:  186.0
	 epoch  70 training error:  tensor(0.5781, device='cuda:0', grad_fn=<DivBackward0>)
Memory status after this epoch: 
Memory allocated:  138.1015625
Memory cached:  186.0
	 epoch  80 training error:  tensor(0.5829, device='cuda:0', grad_fn=<DivBackward0>)
Memory status after this epoch: 
Memory allocated:  138.1015625
Memory cached:  186.0
	 epoch  90 training error:  tensor(0.5799, device='cuda:0', grad_fn=<DivBackward0>)
Memory status after this epoch: 
Memory allocated:  138.1015625
Memory cached:  186.0
[I 2023-12-20 18:13:29,211] Trial 7 finished with value: 0.48889514803886414 and parameters: {'W_layers': 4, 'W_layer_units_exponent_0': 7, 'W_layer_units_exponent_1': 4, 'W_layer_units_exponent_2': 10, 'W_layer_units_exponent_3': 4, 'D_layers': 3, 'D_layer_units_exponent_0': 9, 'D_layer_units_exponent_1': 10, 'D_layer_units_exponent_2': 5, 'D_dagger_layers': 6, 'D_dagger_layer_units_exponent_0': 9, 'D_dagger_layer_units_exponent_1': 9, 'D_dagger_layer_units_exponent_2': 6, 'D_dagger_layer_units_exponent_3': 9, 'D_dagger_layer_units_exponent_4': 5, 'D_dagger_layer_units_exponent_5': 8, 'log_learning_rate': -2.077076920243496, 'log_learning_rate_D': -3.6983088748620205, 'log_learning_rate_D_dagger': -4.612018031315927, 'training_batch_size': 8, 'training_p': 8}. Best is trial 6 with value: 0.3267160654067993.
Time for this trial:  22.493701457977295
Memory status after this trial: 
Memory allocated:  298.16650390625
Memory cached:  320.0
--------------------  Trial  8   --------------------
Start timing: 
Parameters: 
{'W_layers': 3, 'W_layer_units_exponent_0': 8, 'W_layer_units_exponent_1': 5, 'W_layer_units_exponent_2': 6, 'D_layers': 7, 'D_layer_units_exponent_0': 4, 'D_layer_units_exponent_1': 8, 'D_layer_units_exponent_2': 6, 'D_layer_units_exponent_3': 9, 'D_layer_units_exponent_4': 8, 'D_layer_units_exponent_5': 8, 'D_layer_units_exponent_6': 5, 'D_dagger_layers': 8, 'D_dagger_layer_units_exponent_0': 10, 'D_dagger_layer_units_exponent_1': 5, 'D_dagger_layer_units_exponent_2': 4, 'D_dagger_layer_units_exponent_3': 6, 'D_dagger_layer_units_exponent_4': 10, 'D_dagger_layer_units_exponent_5': 4, 'D_dagger_layer_units_exponent_6': 7, 'D_dagger_layer_units_exponent_7': 5, 'log_learning_rate': -4.857265889823198, 'log_learning_rate_D': -2.501228465495526, 'log_learning_rate_D_dagger': -3.698692922880225, 'training_batch_size': 11, 'training_p': 7}
	 epoch  0 training error:  tensor(0.9962, device='cuda:0', grad_fn=<DivBackward0>)
Memory status after this epoch: 
Memory allocated:  133.083984375
Memory cached:  182.0
	 epoch  10 training error:  tensor(0.7705, device='cuda:0', grad_fn=<DivBackward0>)
Memory status after this epoch: 
Memory allocated:  133.083984375
Memory cached:  184.0
	 epoch  20 training error:  tensor(0.5934, device='cuda:0', grad_fn=<DivBackward0>)
Memory status after this epoch: 
Memory allocated:  133.083984375
Memory cached:  184.0
	 epoch  30 training error:  tensor(0.5650, device='cuda:0', grad_fn=<DivBackward0>)
Memory status after this epoch: 
Memory allocated:  133.083984375
Memory cached:  184.0
	 epoch  40 training error:  tensor(0.5397, device='cuda:0', grad_fn=<DivBackward0>)
Memory status after this epoch: 
Memory allocated:  133.083984375
Memory cached:  184.0
	 epoch  50 training error:  tensor(0.5353, device='cuda:0', grad_fn=<DivBackward0>)
Memory status after this epoch: 
Memory allocated:  133.083984375
Memory cached:  184.0
	 epoch  60 training error:  tensor(0.5329, device='cuda:0', grad_fn=<DivBackward0>)
Memory status after this epoch: 
Memory allocated:  133.083984375
Memory cached:  184.0
	 epoch  70 training error:  tensor(0.5335, device='cuda:0', grad_fn=<DivBackward0>)
Memory status after this epoch: 
Memory allocated:  133.083984375
Memory cached:  184.0
	 epoch  80 training error:  tensor(0.5320, device='cuda:0', grad_fn=<DivBackward0>)
Memory status after this epoch: 
Memory allocated:  133.083984375
Memory cached:  184.0
	 epoch  90 training error:  tensor(0.5335, device='cuda:0', grad_fn=<DivBackward0>)
Memory status after this epoch: 
Memory allocated:  133.083984375
Memory cached:  184.0
[I 2023-12-20 18:13:51,073] Trial 8 finished with value: 0.4396953582763672 and parameters: {'W_layers': 3, 'W_layer_units_exponent_0': 8, 'W_layer_units_exponent_1': 5, 'W_layer_units_exponent_2': 6, 'D_layers': 7, 'D_layer_units_exponent_0': 4, 'D_layer_units_exponent_1': 8, 'D_layer_units_exponent_2': 6, 'D_layer_units_exponent_3': 9, 'D_layer_units_exponent_4': 8, 'D_layer_units_exponent_5': 8, 'D_layer_units_exponent_6': 5, 'D_dagger_layers': 8, 'D_dagger_layer_units_exponent_0': 10, 'D_dagger_layer_units_exponent_1': 5, 'D_dagger_layer_units_exponent_2': 4, 'D_dagger_layer_units_exponent_3': 6, 'D_dagger_layer_units_exponent_4': 10, 'D_dagger_layer_units_exponent_5': 4, 'D_dagger_layer_units_exponent_6': 7, 'D_dagger_layer_units_exponent_7': 5, 'log_learning_rate': -4.857265889823198, 'log_learning_rate_D': -2.501228465495526, 'log_learning_rate_D_dagger': -3.698692922880225, 'training_batch_size': 11, 'training_p': 7}. Best is trial 6 with value: 0.3267160654067993.
Time for this trial:  21.64029026031494
Memory status after this trial: 
Memory allocated:  275.18798828125
Memory cached:  302.0
--------------------  Trial  9   --------------------
Start timing: 
Parameters: 
{'W_layers': 4, 'W_layer_units_exponent_0': 4, 'W_layer_units_exponent_1': 7, 'W_layer_units_exponent_2': 4, 'W_layer_units_exponent_3': 7, 'D_layers': 4, 'D_layer_units_exponent_0': 7, 'D_layer_units_exponent_1': 9, 'D_layer_units_exponent_2': 7, 'D_layer_units_exponent_3': 4, 'D_dagger_layers': 3, 'D_dagger_layer_units_exponent_0': 10, 'D_dagger_layer_units_exponent_1': 9, 'D_dagger_layer_units_exponent_2': 8, 'log_learning_rate': -1.2633742590956571, 'log_learning_rate_D': -4.558608170327785, 'log_learning_rate_D_dagger': -3.568714067532033, 'training_batch_size': 9, 'training_p': 5}
	 epoch  0 training error:  tensor(0.9462, device='cuda:0', grad_fn=<DivBackward0>)
Memory status after this epoch: 
Memory allocated:  141.0341796875
Memory cached:  200.0
	 epoch  10 training error:  tensor(0.7414, device='cuda:0', grad_fn=<DivBackward0>)
Memory status after this epoch: 
Memory allocated:  141.0341796875
Memory cached:  200.0
	 epoch  20 training error:  tensor(0.4943, device='cuda:0', grad_fn=<DivBackward0>)
Memory status after this epoch: 
Memory allocated:  141.0341796875
Memory cached:  200.0
	 epoch  30 training error:  tensor(0.5349, device='cuda:0', grad_fn=<DivBackward0>)
Memory status after this epoch: 
Memory allocated:  141.0341796875
Memory cached:  200.0
	 epoch  40 training error:  tensor(0.4816, device='cuda:0', grad_fn=<DivBackward0>)
Memory status after this epoch: 
Memory allocated:  141.0341796875
Memory cached:  200.0
	 epoch  50 training error:  tensor(0.4863, device='cuda:0', grad_fn=<DivBackward0>)
Memory status after this epoch: 
Memory allocated:  141.0341796875
Memory cached:  200.0
	 epoch  60 training error:  tensor(0.4846, device='cuda:0', grad_fn=<DivBackward0>)
Memory status after this epoch: 
Memory allocated:  141.0341796875
Memory cached:  200.0
	 epoch  70 training error:  tensor(0.4840, device='cuda:0', grad_fn=<DivBackward0>)
Memory status after this epoch: 
Memory allocated:  141.0341796875
Memory cached:  200.0
	 epoch  80 training error:  tensor(0.4877, device='cuda:0', grad_fn=<DivBackward0>)
Memory status after this epoch: 
Memory allocated:  141.0341796875
Memory cached:  200.0
	 epoch  90 training error:  tensor(0.4858, device='cuda:0', grad_fn=<DivBackward0>)
Memory status after this epoch: 
Memory allocated:  141.0341796875
Memory cached:  200.0
[I 2023-12-20 18:14:11,303] Trial 9 finished with value: 0.383187860250473 and parameters: {'W_layers': 4, 'W_layer_units_exponent_0': 4, 'W_layer_units_exponent_1': 7, 'W_layer_units_exponent_2': 4, 'W_layer_units_exponent_3': 7, 'D_layers': 4, 'D_layer_units_exponent_0': 7, 'D_layer_units_exponent_1': 9, 'D_layer_units_exponent_2': 7, 'D_layer_units_exponent_3': 4, 'D_dagger_layers': 3, 'D_dagger_layer_units_exponent_0': 10, 'D_dagger_layer_units_exponent_1': 9, 'D_dagger_layer_units_exponent_2': 8, 'log_learning_rate': -1.2633742590956571, 'log_learning_rate_D': -4.558608170327785, 'log_learning_rate_D_dagger': -3.568714067532033, 'training_batch_size': 9, 'training_p': 5}. Best is trial 6 with value: 0.3267160654067993.
Time for this trial:  20.01920795440674
Memory status after this trial: 
Memory allocated:  244.12548828125
Memory cached:  280.0
--------------------  Trial  10   --------------------
Start timing: 
Parameters: 
{'W_layers': 8, 'W_layer_units_exponent_0': 10, 'W_layer_units_exponent_1': 10, 'W_layer_units_exponent_2': 9, 'W_layer_units_exponent_3': 10, 'W_layer_units_exponent_4': 4, 'W_layer_units_exponent_5': 10, 'W_layer_units_exponent_6': 10, 'W_layer_units_exponent_7': 10, 'D_layers': 6, 'D_layer_units_exponent_0': 10, 'D_layer_units_exponent_1': 6, 'D_layer_units_exponent_2': 9, 'D_layer_units_exponent_3': 7, 'D_layer_units_exponent_4': 4, 'D_layer_units_exponent_5': 4, 'D_dagger_layers': 4, 'D_dagger_layer_units_exponent_0': 4, 'D_dagger_layer_units_exponent_1': 10, 'D_dagger_layer_units_exponent_2': 6, 'D_dagger_layer_units_exponent_3': 4, 'log_learning_rate': -2.9288022111231533, 'log_learning_rate_D': -1.138088854768559, 'log_learning_rate_D_dagger': -1.4060994981843762, 'training_batch_size': 6, 'training_p': 4}
	 epoch  0 training error:  tensor(4.6937, device='cuda:0', grad_fn=<DivBackward0>)
Memory status after this epoch: 
Memory allocated:  197.60107421875
Memory cached:  234.0
	 epoch  10 training error:  tensor(0.8932, device='cuda:0', grad_fn=<DivBackward0>)
Memory status after this epoch: 
Memory allocated:  197.60107421875
Memory cached:  234.0
	 epoch  20 training error:  tensor(0.6225, device='cuda:0', grad_fn=<DivBackward0>)
Memory status after this epoch: 
Memory allocated:  197.60107421875
Memory cached:  234.0
	 epoch  30 training error:  tensor(0.6178, device='cuda:0', grad_fn=<DivBackward0>)
Memory status after this epoch: 
Memory allocated:  197.60107421875
Memory cached:  234.0
	 epoch  40 training error:  tensor(0.5556, device='cuda:0', grad_fn=<DivBackward0>)
Memory status after this epoch: 
Memory allocated:  197.60107421875
Memory cached:  234.0
	 epoch  50 training error:  tensor(0.5258, device='cuda:0', grad_fn=<DivBackward0>)
Memory status after this epoch: 
Memory allocated:  197.60107421875
Memory cached:  234.0
	 epoch  60 training error:  tensor(0.5147, device='cuda:0', grad_fn=<DivBackward0>)
Memory status after this epoch: 
Memory allocated:  197.60107421875
Memory cached:  234.0
	 epoch  70 training error:  tensor(0.5020, device='cuda:0', grad_fn=<DivBackward0>)
Memory status after this epoch: 
Memory allocated:  197.60107421875
Memory cached:  234.0
	 epoch  80 training error:  tensor(0.5046, device='cuda:0', grad_fn=<DivBackward0>)
Memory status after this epoch: 
Memory allocated:  197.60107421875
Memory cached:  234.0
	 epoch  90 training error:  tensor(0.4782, device='cuda:0', grad_fn=<DivBackward0>)
Memory status after this epoch: 
Memory allocated:  197.60107421875
Memory cached:  234.0
[I 2023-12-20 18:14:42,366] Trial 10 finished with value: 0.5041260123252869 and parameters: {'W_layers': 8, 'W_layer_units_exponent_0': 10, 'W_layer_units_exponent_1': 10, 'W_layer_units_exponent_2': 9, 'W_layer_units_exponent_3': 10, 'W_layer_units_exponent_4': 4, 'W_layer_units_exponent_5': 10, 'W_layer_units_exponent_6': 10, 'W_layer_units_exponent_7': 10, 'D_layers': 6, 'D_layer_units_exponent_0': 10, 'D_layer_units_exponent_1': 6, 'D_layer_units_exponent_2': 9, 'D_layer_units_exponent_3': 7, 'D_layer_units_exponent_4': 4, 'D_layer_units_exponent_5': 4, 'D_dagger_layers': 4, 'D_dagger_layer_units_exponent_0': 4, 'D_dagger_layer_units_exponent_1': 10, 'D_dagger_layer_units_exponent_2': 6, 'D_dagger_layer_units_exponent_3': 4, 'log_learning_rate': -2.9288022111231533, 'log_learning_rate_D': -1.138088854768559, 'log_learning_rate_D_dagger': -1.4060994981843762, 'training_batch_size': 6, 'training_p': 4}. Best is trial 6 with value: 0.3267160654067993.
Time for this trial:  30.744130849838257
Memory status after this trial: 
Memory allocated:  577.07666015625
Memory cached:  690.0
--------------------  Trial  11   --------------------
Start timing: 
Parameters: 
{'W_layers': 6, 'W_layer_units_exponent_0': 10, 'W_layer_units_exponent_1': 9, 'W_layer_units_exponent_2': 7, 'W_layer_units_exponent_3': 6, 'W_layer_units_exponent_4': 10, 'W_layer_units_exponent_5': 9, 'D_layers': 6, 'D_layer_units_exponent_0': 7, 'D_layer_units_exponent_1': 7, 'D_layer_units_exponent_2': 4, 'D_layer_units_exponent_3': 7, 'D_layer_units_exponent_4': 4, 'D_layer_units_exponent_5': 5, 'D_dagger_layers': 2, 'D_dagger_layer_units_exponent_0': 4, 'D_dagger_layer_units_exponent_1': 8, 'log_learning_rate': -3.700115790332857, 'log_learning_rate_D': -1.00034369631503, 'log_learning_rate_D_dagger': -2.9024652578057384, 'training_batch_size': 9, 'training_p': 2}
	 epoch  0 training error:  tensor(1.0820, device='cuda:0', grad_fn=<DivBackward0>)
Memory status after this epoch: 
Memory allocated:  149.10986328125
Memory cached:  200.0
	 epoch  10 training error:  tensor(0.3584, device='cuda:0', grad_fn=<DivBackward0>)
Memory status after this epoch: 
Memory allocated:  149.10986328125
Memory cached:  200.0
	 epoch  20 training error:  tensor(0.3151, device='cuda:0', grad_fn=<DivBackward0>)
Memory status after this epoch: 
Memory allocated:  149.10986328125
Memory cached:  200.0
	 epoch  30 training error:  tensor(0.3171, device='cuda:0', grad_fn=<DivBackward0>)
Memory status after this epoch: 
Memory allocated:  149.10986328125
Memory cached:  200.0
	 epoch  40 training error:  tensor(0.3030, device='cuda:0', grad_fn=<DivBackward0>)
Memory status after this epoch: 
Memory allocated:  149.10986328125
Memory cached:  200.0
	 epoch  50 training error:  tensor(0.2894, device='cuda:0', grad_fn=<DivBackward0>)
Memory status after this epoch: 
Memory allocated:  149.10986328125
Memory cached:  200.0
	 epoch  60 training error:  tensor(0.2861, device='cuda:0', grad_fn=<DivBackward0>)
Memory status after this epoch: 
Memory allocated:  149.10986328125
Memory cached:  200.0
	 epoch  70 training error:  tensor(0.2934, device='cuda:0', grad_fn=<DivBackward0>)
Memory status after this epoch: 
Memory allocated:  149.10986328125
Memory cached:  200.0
	 epoch  80 training error:  tensor(0.2904, device='cuda:0', grad_fn=<DivBackward0>)
Memory status after this epoch: 
Memory allocated:  149.10986328125
Memory cached:  200.0
	 epoch  90 training error:  tensor(0.2920, device='cuda:0', grad_fn=<DivBackward0>)
Memory status after this epoch: 
Memory allocated:  149.10986328125
Memory cached:  200.0
[I 2023-12-20 18:15:04,096] Trial 11 finished with value: 0.3308839797973633 and parameters: {'W_layers': 6, 'W_layer_units_exponent_0': 10, 'W_layer_units_exponent_1': 9, 'W_layer_units_exponent_2': 7, 'W_layer_units_exponent_3': 6, 'W_layer_units_exponent_4': 10, 'W_layer_units_exponent_5': 9, 'D_layers': 6, 'D_layer_units_exponent_0': 7, 'D_layer_units_exponent_1': 7, 'D_layer_units_exponent_2': 4, 'D_layer_units_exponent_3': 7, 'D_layer_units_exponent_4': 4, 'D_layer_units_exponent_5': 5, 'D_dagger_layers': 2, 'D_dagger_layer_units_exponent_0': 4, 'D_dagger_layer_units_exponent_1': 8, 'log_learning_rate': -3.700115790332857, 'log_learning_rate_D': -1.00034369631503, 'log_learning_rate_D_dagger': -2.9024652578057384, 'training_batch_size': 9, 'training_p': 2}. Best is trial 6 with value: 0.3267160654067993.
Time for this trial:  21.438833713531494
Memory status after this trial: 
Memory allocated:  326.15576171875
Memory cached:  356.0
--------------------  Trial  12   --------------------
Start timing: 
Parameters: 
{'W_layers': 6, 'W_layer_units_exponent_0': 6, 'W_layer_units_exponent_1': 4, 'W_layer_units_exponent_2': 7, 'W_layer_units_exponent_3': 8, 'W_layer_units_exponent_4': 6, 'W_layer_units_exponent_5': 4, 'D_layers': 5, 'D_layer_units_exponent_0': 8, 'D_layer_units_exponent_1': 8, 'D_layer_units_exponent_2': 7, 'D_layer_units_exponent_3': 6, 'D_layer_units_exponent_4': 6, 'D_dagger_layers': 4, 'D_dagger_layer_units_exponent_0': 4, 'D_dagger_layer_units_exponent_1': 8, 'D_dagger_layer_units_exponent_2': 10, 'D_dagger_layer_units_exponent_3': 10, 'log_learning_rate': -3.8246027892457715, 'log_learning_rate_D': -3.9992279807148776, 'log_learning_rate_D_dagger': -2.7790854028689855, 'training_batch_size': 10, 'training_p': 2}
	 epoch  0 training error:  tensor(1.0542, device='cuda:0', grad_fn=<DivBackward0>)
Memory status after this epoch: 
Memory allocated:  151.7431640625
Memory cached:  200.0
	 epoch  10 training error:  tensor(0.4499, device='cuda:0', grad_fn=<DivBackward0>)
Memory status after this epoch: 
Memory allocated:  151.7431640625
Memory cached:  200.0
	 epoch  20 training error:  tensor(0.2993, device='cuda:0', grad_fn=<DivBackward0>)
Memory status after this epoch: 
Memory allocated:  151.7431640625
Memory cached:  200.0
	 epoch  30 training error:  tensor(0.3336, device='cuda:0', grad_fn=<DivBackward0>)
Memory status after this epoch: 
Memory allocated:  151.7431640625
Memory cached:  200.0
	 epoch  40 training error:  tensor(0.3123, device='cuda:0', grad_fn=<DivBackward0>)
Memory status after this epoch: 
Memory allocated:  151.7431640625
Memory cached:  200.0
	 epoch  50 training error:  tensor(0.3029, device='cuda:0', grad_fn=<DivBackward0>)
Memory status after this epoch: 
Memory allocated:  151.7431640625
Memory cached:  200.0
	 epoch  60 training error:  tensor(0.2882, device='cuda:0', grad_fn=<DivBackward0>)
Memory status after this epoch: 
Memory allocated:  151.7431640625
Memory cached:  200.0
	 epoch  70 training error:  tensor(0.2941, device='cuda:0', grad_fn=<DivBackward0>)
Memory status after this epoch: 
Memory allocated:  151.7431640625
Memory cached:  200.0
	 epoch  80 training error:  tensor(0.2980, device='cuda:0', grad_fn=<DivBackward0>)
Memory status after this epoch: 
Memory allocated:  151.7431640625
Memory cached:  200.0
	 epoch  90 training error:  tensor(0.2895, device='cuda:0', grad_fn=<DivBackward0>)
Memory status after this epoch: 
Memory allocated:  151.7431640625
Memory cached:  200.0
