[I 2024-01-26 08:18:42,324] Trial 358 finished with value: 0.16700479388237 and parameters: {'W_layers': 7, 'W_layer_units_exponent_0': 8, 'W_layer_units_exponent_1': 6, 'W_layer_units_exponent_2': 5, 'W_layer_units_exponent_3': 6, 'W_layer_units_exponent_4': 5, 'W_layer_units_exponent_5': 9, 'W_layer_units_exponent_6': 5, 'D_layers': 4, 'D_layer_units_exponent_0': 4, 'D_layer_units_exponent_1': 7, 'D_layer_units_exponent_2': 4, 'D_layer_units_exponent_3': 4, 'D_dagger_layers': 5, 'D_dagger_layer_units_exponent_0': 10, 'D_dagger_layer_units_exponent_1': 6, 'D_dagger_layer_units_exponent_2': 9, 'D_dagger_layer_units_exponent_3': 6, 'D_dagger_layer_units_exponent_4': 4, 'log_learning_rate': -3.9047949424293935, 'log_learning_rate_D': -4.840067743499055, 'log_learning_rate_D_dagger': -3.6360126046964507, 'training_batch_size': 9, 'training_p': 2}. Best is trial 338 with value: 0.16543452441692352.
Time for this trial:  23.62780499458313
Memory status after this trial: 
Memory allocated:  781.29052734375
Memory cached:  824.0
--------------------  Trial  359   --------------------
Start timing: 
Parameters: 
{'W_layers': 7, 'W_layer_units_exponent_0': 8, 'W_layer_units_exponent_1': 6, 'W_layer_units_exponent_2': 5, 'W_layer_units_exponent_3': 6, 'W_layer_units_exponent_4': 5, 'W_layer_units_exponent_5': 9, 'W_layer_units_exponent_6': 4, 'D_layers': 4, 'D_layer_units_exponent_0': 4, 'D_layer_units_exponent_1': 7, 'D_layer_units_exponent_2': 4, 'D_layer_units_exponent_3': 10, 'D_dagger_layers': 5, 'D_dagger_layer_units_exponent_0': 10, 'D_dagger_layer_units_exponent_1': 6, 'D_dagger_layer_units_exponent_2': 9, 'D_dagger_layer_units_exponent_3': 6, 'D_dagger_layer_units_exponent_4': 4, 'log_learning_rate': -3.966876883597336, 'log_learning_rate_D': -4.974241157758127, 'log_learning_rate_D_dagger': -3.549990047255072, 'training_batch_size': 9, 'training_p': 2}
	 epoch  0 training error:  tensor(0.9999, device='cuda:0', grad_fn=<DivBackward0>)
Memory status after this epoch: 
Memory allocated:  492.9716796875
Memory cached:  696.0
	 epoch  10 training error:  tensor(0.2756, device='cuda:0', grad_fn=<DivBackward0>)
Memory status after this epoch: 
Memory allocated:  492.9716796875
Memory cached:  696.0
	 epoch  20 training error:  tensor(0.2675, device='cuda:0', grad_fn=<DivBackward0>)
Memory status after this epoch: 
Memory allocated:  492.9716796875
Memory cached:  696.0
	 epoch  30 training error:  tensor(0.2256, device='cuda:0', grad_fn=<DivBackward0>)
Memory status after this epoch: 
Memory allocated:  492.9716796875
Memory cached:  696.0
	 epoch  40 training error:  tensor(0.2101, device='cuda:0', grad_fn=<DivBackward0>)
Memory status after this epoch: 
Memory allocated:  492.9716796875
Memory cached:  696.0
	 epoch  50 training error:  tensor(0.1980, device='cuda:0', grad_fn=<DivBackward0>)
Memory status after this epoch: 
Memory allocated:  492.9716796875
Memory cached:  696.0
	 epoch  60 training error:  tensor(0.1913, device='cuda:0', grad_fn=<DivBackward0>)
Memory status after this epoch: 
Memory allocated:  492.9716796875
Memory cached:  696.0
	 epoch  70 training error:  tensor(0.1875, device='cuda:0', grad_fn=<DivBackward0>)
Memory status after this epoch: 
Memory allocated:  492.9716796875
Memory cached:  696.0
	 epoch  80 training error:  tensor(0.1861, device='cuda:0', grad_fn=<DivBackward0>)
Memory status after this epoch: 
Memory allocated:  492.9716796875
Memory cached:  696.0
	 epoch  90 training error:  tensor(0.1858, device='cuda:0', grad_fn=<DivBackward0>)
Memory status after this epoch: 
Memory allocated:  492.9716796875
Memory cached:  696.0
[I 2024-01-26 08:19:06,818] Trial 359 finished with value: 0.1664525270462036 and parameters: {'W_layers': 7, 'W_layer_units_exponent_0': 8, 'W_layer_units_exponent_1': 6, 'W_layer_units_exponent_2': 5, 'W_layer_units_exponent_3': 6, 'W_layer_units_exponent_4': 5, 'W_layer_units_exponent_5': 9, 'W_layer_units_exponent_6': 4, 'D_layers': 4, 'D_layer_units_exponent_0': 4, 'D_layer_units_exponent_1': 7, 'D_layer_units_exponent_2': 4, 'D_layer_units_exponent_3': 10, 'D_dagger_layers': 5, 'D_dagger_layer_units_exponent_0': 10, 'D_dagger_layer_units_exponent_1': 6, 'D_dagger_layer_units_exponent_2': 9, 'D_dagger_layer_units_exponent_3': 6, 'D_dagger_layer_units_exponent_4': 4, 'log_learning_rate': -3.966876883597336, 'log_learning_rate_D': -4.974241157758127, 'log_learning_rate_D_dagger': -3.549990047255072, 'training_batch_size': 9, 'training_p': 2}. Best is trial 338 with value: 0.16543452441692352.
Time for this trial:  23.937560081481934
Memory status after this trial: 
Memory allocated:  779.76318359375
Memory cached:  822.0
--------------------  Trial  360   --------------------
Start timing: 
Parameters: 
{'W_layers': 7, 'W_layer_units_exponent_0': 8, 'W_layer_units_exponent_1': 6, 'W_layer_units_exponent_2': 4, 'W_layer_units_exponent_3': 6, 'W_layer_units_exponent_4': 5, 'W_layer_units_exponent_5': 9, 'W_layer_units_exponent_6': 5, 'D_layers': 4, 'D_layer_units_exponent_0': 4, 'D_layer_units_exponent_1': 7, 'D_layer_units_exponent_2': 4, 'D_layer_units_exponent_3': 4, 'D_dagger_layers': 5, 'D_dagger_layer_units_exponent_0': 10, 'D_dagger_layer_units_exponent_1': 7, 'D_dagger_layer_units_exponent_2': 9, 'D_dagger_layer_units_exponent_3': 6, 'D_dagger_layer_units_exponent_4': 4, 'log_learning_rate': -3.8701685183414525, 'log_learning_rate_D': -4.977838953243483, 'log_learning_rate_D_dagger': -3.6003371901869587, 'training_batch_size': 9, 'training_p': 2}
	 epoch  0 training error:  tensor(1.0352, device='cuda:0', grad_fn=<DivBackward0>)
Memory status after this epoch: 
Memory allocated:  494.4970703125
Memory cached:  696.0
	 epoch  10 training error:  tensor(0.2689, device='cuda:0', grad_fn=<DivBackward0>)
Memory status after this epoch: 
Memory allocated:  494.4970703125
Memory cached:  696.0
	 epoch  20 training error:  tensor(0.2701, device='cuda:0', grad_fn=<DivBackward0>)
Memory status after this epoch: 
Memory allocated:  494.4970703125
Memory cached:  696.0
	 epoch  30 training error:  tensor(0.2254, device='cuda:0', grad_fn=<DivBackward0>)
Memory status after this epoch: 
Memory allocated:  494.4970703125
Memory cached:  696.0
	 epoch  40 training error:  tensor(0.2114, device='cuda:0', grad_fn=<DivBackward0>)
Memory status after this epoch: 
Memory allocated:  494.4970703125
Memory cached:  696.0
	 epoch  50 training error:  tensor(0.1999, device='cuda:0', grad_fn=<DivBackward0>)
Memory status after this epoch: 
Memory allocated:  494.4970703125
Memory cached:  696.0
	 epoch  60 training error:  tensor(0.1901, device='cuda:0', grad_fn=<DivBackward0>)
Memory status after this epoch: 
Memory allocated:  494.4970703125
Memory cached:  696.0
	 epoch  70 training error:  tensor(0.1874, device='cuda:0', grad_fn=<DivBackward0>)
Memory status after this epoch: 
Memory allocated:  494.4970703125
Memory cached:  696.0
	 epoch  80 training error:  tensor(0.1863, device='cuda:0', grad_fn=<DivBackward0>)
Memory status after this epoch: 
Memory allocated:  494.4970703125
Memory cached:  696.0
	 epoch  90 training error:  tensor(0.1861, device='cuda:0', grad_fn=<DivBackward0>)
Memory status after this epoch: 
Memory allocated:  494.4970703125
Memory cached:  696.0
[I 2024-01-26 08:19:31,294] Trial 360 finished with value: 0.16564364731311798 and parameters: {'W_layers': 7, 'W_layer_units_exponent_0': 8, 'W_layer_units_exponent_1': 6, 'W_layer_units_exponent_2': 4, 'W_layer_units_exponent_3': 6, 'W_layer_units_exponent_4': 5, 'W_layer_units_exponent_5': 9, 'W_layer_units_exponent_6': 5, 'D_layers': 4, 'D_layer_units_exponent_0': 4, 'D_layer_units_exponent_1': 7, 'D_layer_units_exponent_2': 4, 'D_layer_units_exponent_3': 4, 'D_dagger_layers': 5, 'D_dagger_layer_units_exponent_0': 10, 'D_dagger_layer_units_exponent_1': 7, 'D_dagger_layer_units_exponent_2': 9, 'D_dagger_layer_units_exponent_3': 6, 'D_dagger_layer_units_exponent_4': 4, 'log_learning_rate': -3.8701685183414525, 'log_learning_rate_D': -4.977838953243483, 'log_learning_rate_D_dagger': -3.6003371901869587, 'training_batch_size': 9, 'training_p': 2}. Best is trial 338 with value: 0.16543452441692352.
Time for this trial:  23.891632080078125
Memory status after this trial: 
Memory allocated:  787.94873046875
Memory cached:  816.0
--------------------  Trial  361   --------------------
Start timing: 
Parameters: 
{'W_layers': 7, 'W_layer_units_exponent_0': 8, 'W_layer_units_exponent_1': 6, 'W_layer_units_exponent_2': 5, 'W_layer_units_exponent_3': 6, 'W_layer_units_exponent_4': 5, 'W_layer_units_exponent_5': 9, 'W_layer_units_exponent_6': 5, 'D_layers': 4, 'D_layer_units_exponent_0': 4, 'D_layer_units_exponent_1': 7, 'D_layer_units_exponent_2': 4, 'D_layer_units_exponent_3': 4, 'D_dagger_layers': 4, 'D_dagger_layer_units_exponent_0': 10, 'D_dagger_layer_units_exponent_1': 7, 'D_dagger_layer_units_exponent_2': 9, 'D_dagger_layer_units_exponent_3': 6, 'log_learning_rate': -3.941289478869772, 'log_learning_rate_D': -4.996460629475422, 'log_learning_rate_D_dagger': -3.616846811610571, 'training_batch_size': 9, 'training_p': 2}
	 epoch  0 training error:  tensor(1.0104, device='cuda:0', grad_fn=<DivBackward0>)
Memory status after this epoch: 
Memory allocated:  494.5107421875
Memory cached:  696.0
	 epoch  10 training error:  tensor(0.3306, device='cuda:0', grad_fn=<DivBackward0>)
Memory status after this epoch: 
Memory allocated:  494.5107421875
Memory cached:  696.0
	 epoch  20 training error:  tensor(0.2455, device='cuda:0', grad_fn=<DivBackward0>)
Memory status after this epoch: 
Memory allocated:  494.5107421875
Memory cached:  696.0
	 epoch  30 training error:  tensor(0.2169, device='cuda:0', grad_fn=<DivBackward0>)
Memory status after this epoch: 
Memory allocated:  494.5107421875
Memory cached:  696.0
	 epoch  40 training error:  tensor(0.2030, device='cuda:0', grad_fn=<DivBackward0>)
Memory status after this epoch: 
Memory allocated:  494.5107421875
Memory cached:  696.0
	 epoch  50 training error:  tensor(0.1928, device='cuda:0', grad_fn=<DivBackward0>)
Memory status after this epoch: 
Memory allocated:  494.5107421875
Memory cached:  696.0
	 epoch  60 training error:  tensor(0.1887, device='cuda:0', grad_fn=<DivBackward0>)
Memory status after this epoch: 
Memory allocated:  494.5107421875
Memory cached:  696.0
	 epoch  70 training error:  tensor(0.1874, device='cuda:0', grad_fn=<DivBackward0>)
Memory status after this epoch: 
Memory allocated:  494.5107421875
Memory cached:  696.0
	 epoch  80 training error:  tensor(0.1870, device='cuda:0', grad_fn=<DivBackward0>)
Memory status after this epoch: 
Memory allocated:  494.5107421875
Memory cached:  696.0
	 epoch  90 training error:  tensor(0.1870, device='cuda:0', grad_fn=<DivBackward0>)
Memory status after this epoch: 
Memory allocated:  494.5107421875
Memory cached:  696.0
[I 2024-01-26 08:19:55,311] Trial 361 finished with value: 0.1675964593887329 and parameters: {'W_layers': 7, 'W_layer_units_exponent_0': 8, 'W_layer_units_exponent_1': 6, 'W_layer_units_exponent_2': 5, 'W_layer_units_exponent_3': 6, 'W_layer_units_exponent_4': 5, 'W_layer_units_exponent_5': 9, 'W_layer_units_exponent_6': 5, 'D_layers': 4, 'D_layer_units_exponent_0': 4, 'D_layer_units_exponent_1': 7, 'D_layer_units_exponent_2': 4, 'D_layer_units_exponent_3': 4, 'D_dagger_layers': 4, 'D_dagger_layer_units_exponent_0': 10, 'D_dagger_layer_units_exponent_1': 7, 'D_dagger_layer_units_exponent_2': 9, 'D_dagger_layer_units_exponent_3': 6, 'log_learning_rate': -3.941289478869772, 'log_learning_rate_D': -4.996460629475422, 'log_learning_rate_D_dagger': -3.616846811610571, 'training_batch_size': 9, 'training_p': 2}. Best is trial 338 with value: 0.16543452441692352.
Time for this trial:  23.57325792312622
Memory status after this trial: 
Memory allocated:  787.22314453125
Memory cached:  818.0
--------------------  Trial  362   --------------------
Start timing: 
Parameters: 
{'W_layers': 7, 'W_layer_units_exponent_0': 8, 'W_layer_units_exponent_1': 6, 'W_layer_units_exponent_2': 4, 'W_layer_units_exponent_3': 6, 'W_layer_units_exponent_4': 5, 'W_layer_units_exponent_5': 9, 'W_layer_units_exponent_6': 5, 'D_layers': 4, 'D_layer_units_exponent_0': 4, 'D_layer_units_exponent_1': 7, 'D_layer_units_exponent_2': 4, 'D_layer_units_exponent_3': 4, 'D_dagger_layers': 5, 'D_dagger_layer_units_exponent_0': 10, 'D_dagger_layer_units_exponent_1': 7, 'D_dagger_layer_units_exponent_2': 9, 'D_dagger_layer_units_exponent_3': 6, 'D_dagger_layer_units_exponent_4': 4, 'log_learning_rate': -3.9815966781982084, 'log_learning_rate_D': -4.8766071518652, 'log_learning_rate_D_dagger': -3.657813147642745, 'training_batch_size': 9, 'training_p': 2}
	 epoch  0 training error:  tensor(0.9895, device='cuda:0', grad_fn=<DivBackward0>)
Memory status after this epoch: 
Memory allocated:  494.4970703125
Memory cached:  696.0
	 epoch  10 training error:  tensor(0.3483, device='cuda:0', grad_fn=<DivBackward0>)
Memory status after this epoch: 
Memory allocated:  494.4970703125
Memory cached:  696.0
	 epoch  20 training error:  tensor(0.2536, device='cuda:0', grad_fn=<DivBackward0>)
Memory status after this epoch: 
Memory allocated:  494.4970703125
Memory cached:  696.0
	 epoch  30 training error:  tensor(0.2305, device='cuda:0', grad_fn=<DivBackward0>)
Memory status after this epoch: 
Memory allocated:  494.4970703125
Memory cached:  696.0
	 epoch  40 training error:  tensor(0.2144, device='cuda:0', grad_fn=<DivBackward0>)
Memory status after this epoch: 
Memory allocated:  494.4970703125
Memory cached:  696.0
	 epoch  50 training error:  tensor(0.1977, device='cuda:0', grad_fn=<DivBackward0>)
Memory status after this epoch: 
Memory allocated:  494.4970703125
Memory cached:  696.0
	 epoch  60 training error:  tensor(0.1911, device='cuda:0', grad_fn=<DivBackward0>)
Memory status after this epoch: 
Memory allocated:  494.4970703125
Memory cached:  696.0
	 epoch  70 training error:  tensor(0.1876, device='cuda:0', grad_fn=<DivBackward0>)
Memory status after this epoch: 
Memory allocated:  494.4970703125
Memory cached:  696.0
	 epoch  80 training error:  tensor(0.1872, device='cuda:0', grad_fn=<DivBackward0>)
Memory status after this epoch: 
Memory allocated:  494.4970703125
Memory cached:  696.0
	 epoch  90 training error:  tensor(0.1861, device='cuda:0', grad_fn=<DivBackward0>)
Memory status after this epoch: 
Memory allocated:  494.4970703125
Memory cached:  696.0
[I 2024-01-26 08:20:19,523] Trial 362 finished with value: 0.16549526154994965 and parameters: {'W_layers': 7, 'W_layer_units_exponent_0': 8, 'W_layer_units_exponent_1': 6, 'W_layer_units_exponent_2': 4, 'W_layer_units_exponent_3': 6, 'W_layer_units_exponent_4': 5, 'W_layer_units_exponent_5': 9, 'W_layer_units_exponent_6': 5, 'D_layers': 4, 'D_layer_units_exponent_0': 4, 'D_layer_units_exponent_1': 7, 'D_layer_units_exponent_2': 4, 'D_layer_units_exponent_3': 4, 'D_dagger_layers': 5, 'D_dagger_layer_units_exponent_0': 10, 'D_dagger_layer_units_exponent_1': 7, 'D_dagger_layer_units_exponent_2': 9, 'D_dagger_layer_units_exponent_3': 6, 'D_dagger_layer_units_exponent_4': 4, 'log_learning_rate': -3.9815966781982084, 'log_learning_rate_D': -4.8766071518652, 'log_learning_rate_D_dagger': -3.657813147642745, 'training_batch_size': 9, 'training_p': 2}. Best is trial 338 with value: 0.16543452441692352.
Time for this trial:  23.630594491958618
Memory status after this trial: 
Memory allocated:  787.94873046875
Memory cached:  816.0
--------------------  Trial  363   --------------------
Start timing: 
Parameters: 
{'W_layers': 7, 'W_layer_units_exponent_0': 8, 'W_layer_units_exponent_1': 6, 'W_layer_units_exponent_2': 4, 'W_layer_units_exponent_3': 6, 'W_layer_units_exponent_4': 5, 'W_layer_units_exponent_5': 9, 'W_layer_units_exponent_6': 5, 'D_layers': 4, 'D_layer_units_exponent_0': 4, 'D_layer_units_exponent_1': 7, 'D_layer_units_exponent_2': 4, 'D_layer_units_exponent_3': 4, 'D_dagger_layers': 5, 'D_dagger_layer_units_exponent_0': 10, 'D_dagger_layer_units_exponent_1': 7, 'D_dagger_layer_units_exponent_2': 9, 'D_dagger_layer_units_exponent_3': 6, 'D_dagger_layer_units_exponent_4': 4, 'log_learning_rate': -3.9955127751593738, 'log_learning_rate_D': -4.916391195639822, 'log_learning_rate_D_dagger': -3.6247825974226258, 'training_batch_size': 9, 'training_p': 3}
	 epoch  0 training error:  tensor(1.0454, device='cuda:0', grad_fn=<DivBackward0>)
Memory status after this epoch: 
Memory allocated:  494.4970703125
Memory cached:  696.0
	 epoch  10 training error:  tensor(0.2992, device='cuda:0', grad_fn=<DivBackward0>)
Memory status after this epoch: 
Memory allocated:  494.4970703125
Memory cached:  696.0
	 epoch  20 training error:  tensor(0.3141, device='cuda:0', grad_fn=<DivBackward0>)
Memory status after this epoch: 
Memory allocated:  494.4970703125
Memory cached:  696.0
	 epoch  30 training error:  tensor(0.2748, device='cuda:0', grad_fn=<DivBackward0>)
Memory status after this epoch: 
Memory allocated:  494.4970703125
Memory cached:  696.0
	 epoch  40 training error:  tensor(0.2639, device='cuda:0', grad_fn=<DivBackward0>)
Memory status after this epoch: 
Memory allocated:  494.4970703125
Memory cached:  696.0
	 epoch  50 training error:  tensor(0.2517, device='cuda:0', grad_fn=<DivBackward0>)
Memory status after this epoch: 
Memory allocated:  494.4970703125
Memory cached:  696.0
	 epoch  60 training error:  tensor(0.2455, device='cuda:0', grad_fn=<DivBackward0>)
Memory status after this epoch: 
Memory allocated:  494.4970703125
Memory cached:  696.0
	 epoch  70 training error:  tensor(0.2440, device='cuda:0', grad_fn=<DivBackward0>)
Memory status after this epoch: 
Memory allocated:  494.4970703125
Memory cached:  696.0
	 epoch  80 training error:  tensor(0.2433, device='cuda:0', grad_fn=<DivBackward0>)
Memory status after this epoch: 
Memory allocated:  494.4970703125
Memory cached:  696.0
	 epoch  90 training error:  tensor(0.2439, device='cuda:0', grad_fn=<DivBackward0>)
Memory status after this epoch: 
Memory allocated:  494.4970703125
Memory cached:  696.0
[I 2024-01-26 08:20:43,144] Trial 363 finished with value: 0.17045824229717255 and parameters: {'W_layers': 7, 'W_layer_units_exponent_0': 8, 'W_layer_units_exponent_1': 6, 'W_layer_units_exponent_2': 4, 'W_layer_units_exponent_3': 6, 'W_layer_units_exponent_4': 5, 'W_layer_units_exponent_5': 9, 'W_layer_units_exponent_6': 5, 'D_layers': 4, 'D_layer_units_exponent_0': 4, 'D_layer_units_exponent_1': 7, 'D_layer_units_exponent_2': 4, 'D_layer_units_exponent_3': 4, 'D_dagger_layers': 5, 'D_dagger_layer_units_exponent_0': 10, 'D_dagger_layer_units_exponent_1': 7, 'D_dagger_layer_units_exponent_2': 9, 'D_dagger_layer_units_exponent_3': 6, 'D_dagger_layer_units_exponent_4': 4, 'log_learning_rate': -3.9955127751593738, 'log_learning_rate_D': -4.916391195639822, 'log_learning_rate_D_dagger': -3.6247825974226258, 'training_batch_size': 9, 'training_p': 3}. Best is trial 338 with value: 0.16543452441692352.
Time for this trial:  23.13555073738098
Memory status after this trial: 
Memory allocated:  787.94873046875
Memory cached:  816.0
--------------------  Trial  364   --------------------
Start timing: 
Parameters: 
{'W_layers': 7, 'W_layer_units_exponent_0': 8, 'W_layer_units_exponent_1': 7, 'W_layer_units_exponent_2': 4, 'W_layer_units_exponent_3': 6, 'W_layer_units_exponent_4': 5, 'W_layer_units_exponent_5': 9, 'W_layer_units_exponent_6': 5, 'D_layers': 4, 'D_layer_units_exponent_0': 4, 'D_layer_units_exponent_1': 7, 'D_layer_units_exponent_2': 4, 'D_layer_units_exponent_3': 4, 'D_dagger_layers': 5, 'D_dagger_layer_units_exponent_0': 10, 'D_dagger_layer_units_exponent_1': 7, 'D_dagger_layer_units_exponent_2': 9, 'D_dagger_layer_units_exponent_3': 6, 'D_dagger_layer_units_exponent_4': 4, 'log_learning_rate': -3.9309588203028034, 'log_learning_rate_D': -4.842176432923815, 'log_learning_rate_D_dagger': -3.618064846666025, 'training_batch_size': 9, 'training_p': 2}
	 epoch  0 training error:  tensor(1.0225, device='cuda:0', grad_fn=<DivBackward0>)
Memory status after this epoch: 
Memory allocated:  494.7626953125
Memory cached:  696.0
	 epoch  10 training error:  tensor(0.2662, device='cuda:0', grad_fn=<DivBackward0>)
Memory status after this epoch: 
Memory allocated:  494.7626953125
Memory cached:  696.0
	 epoch  20 training error:  tensor(0.2567, device='cuda:0', grad_fn=<DivBackward0>)
Memory status after this epoch: 
Memory allocated:  494.7626953125
Memory cached:  696.0
	 epoch  30 training error:  tensor(0.2191, device='cuda:0', grad_fn=<DivBackward0>)
Memory status after this epoch: 
Memory allocated:  494.7626953125
Memory cached:  696.0
	 epoch  40 training error:  tensor(0.1932, device='cuda:0', grad_fn=<DivBackward0>)
Memory status after this epoch: 
Memory allocated:  494.7626953125
Memory cached:  696.0
	 epoch  50 training error:  tensor(0.1913, device='cuda:0', grad_fn=<DivBackward0>)
Memory status after this epoch: 
Memory allocated:  494.7626953125
Memory cached:  696.0
	 epoch  60 training error:  tensor(0.1889, device='cuda:0', grad_fn=<DivBackward0>)
Memory status after this epoch: 
Memory allocated:  494.7626953125
Memory cached:  696.0
	 epoch  70 training error:  tensor(0.1866, device='cuda:0', grad_fn=<DivBackward0>)
Memory status after this epoch: 
Memory allocated:  494.7626953125
Memory cached:  696.0
	 epoch  80 training error:  tensor(0.1868, device='cuda:0', grad_fn=<DivBackward0>)
Memory status after this epoch: 
Memory allocated:  494.7626953125
Memory cached:  696.0
	 epoch  90 training error:  tensor(0.1864, device='cuda:0', grad_fn=<DivBackward0>)
Memory status after this epoch: 
Memory allocated:  494.7626953125
Memory cached:  696.0
