[I 2023-12-20 05:01:38,524] Trial 51 finished with value: 0.4451516270637512 and parameters: {'W_layers': 7, 'W_layer_units_exponent_0': 7, 'W_layer_units_exponent_1': 10, 'W_layer_units_exponent_2': 5, 'W_layer_units_exponent_3': 10, 'W_layer_units_exponent_4': 5, 'W_layer_units_exponent_5': 5, 'W_layer_units_exponent_6': 9, 'D_layers': 8, 'D_layer_units_exponent_0': 6, 'D_layer_units_exponent_1': 8, 'D_layer_units_exponent_2': 6, 'D_layer_units_exponent_3': 8, 'D_layer_units_exponent_4': 9, 'D_layer_units_exponent_5': 9, 'D_layer_units_exponent_6': 6, 'D_layer_units_exponent_7': 5, 'D_dagger_layers': 2, 'D_dagger_layer_units_exponent_0': 10, 'D_dagger_layer_units_exponent_1': 7, 'log_learning_rate': -2.4591301394534817, 'log_learning_rate_D': -3.7225923123361433, 'log_learning_rate_D_dagger': -2.7095686492528777, 'training_batch_size': 6, 'training_p': 7}. Best is trial 11 with value: 0.14480963349342346.
Time for this trial:  392.70770716667175
Memory status after this trial: 
Memory allocated:  487.384765625
Memory cached:  496.0
--------------------  Trial  52   --------------------
Start timing: 
Parameters: 
{'W_layers': 8, 'W_layer_units_exponent_0': 7, 'W_layer_units_exponent_1': 7, 'W_layer_units_exponent_2': 4, 'W_layer_units_exponent_3': 8, 'W_layer_units_exponent_4': 5, 'W_layer_units_exponent_5': 6, 'W_layer_units_exponent_6': 7, 'W_layer_units_exponent_7': 7, 'D_layers': 7, 'D_layer_units_exponent_0': 5, 'D_layer_units_exponent_1': 4, 'D_layer_units_exponent_2': 7, 'D_layer_units_exponent_3': 7, 'D_layer_units_exponent_4': 10, 'D_layer_units_exponent_5': 9, 'D_layer_units_exponent_6': 8, 'D_dagger_layers': 4, 'D_dagger_layer_units_exponent_0': 10, 'D_dagger_layer_units_exponent_1': 6, 'D_dagger_layer_units_exponent_2': 6, 'D_dagger_layer_units_exponent_3': 6, 'log_learning_rate': -2.3799361427346857, 'log_learning_rate_D': -4.066759863032281, 'log_learning_rate_D_dagger': -2.164014714049441, 'training_batch_size': 6, 'training_p': 5}
	 epoch  0 training error:  tensor(1.1097, device='cuda:0', grad_fn=<DivBackward0>)
Memory status after this epoch: 
Memory allocated:  196.74462890625
Memory cached:  410.0
	 epoch  10 training error:  tensor(0.5407, device='cuda:0', grad_fn=<DivBackward0>)
Memory status after this epoch: 
Memory allocated:  196.74462890625
Memory cached:  448.0
	 epoch  20 training error:  tensor(0.5242, device='cuda:0', grad_fn=<DivBackward0>)
Memory status after this epoch: 
Memory allocated:  196.74462890625
Memory cached:  450.0
	 epoch  30 training error:  tensor(0.4846, device='cuda:0', grad_fn=<DivBackward0>)
Memory status after this epoch: 
Memory allocated:  196.74462890625
Memory cached:  446.0
	 epoch  40 training error:  tensor(0.4816, device='cuda:0', grad_fn=<DivBackward0>)
Memory status after this epoch: 
Memory allocated:  196.74462890625
Memory cached:  446.0
	 epoch  50 training error:  tensor(0.4825, device='cuda:0', grad_fn=<DivBackward0>)
Memory status after this epoch: 
Memory allocated:  196.74462890625
Memory cached:  444.0
	 epoch  60 training error:  tensor(0.4733, device='cuda:0', grad_fn=<DivBackward0>)
Memory status after this epoch: 
Memory allocated:  196.74462890625
Memory cached:  450.0
	 epoch  70 training error:  tensor(0.4809, device='cuda:0', grad_fn=<DivBackward0>)
Memory status after this epoch: 
Memory allocated:  196.74462890625
Memory cached:  450.0
	 epoch  80 training error:  tensor(0.4672, device='cuda:0', grad_fn=<DivBackward0>)
Memory status after this epoch: 
Memory allocated:  196.74462890625
Memory cached:  448.0
	 epoch  90 training error:  tensor(0.4770, device='cuda:0', grad_fn=<DivBackward0>)
Memory status after this epoch: 
Memory allocated:  196.74462890625
Memory cached:  450.0
[I 2023-12-20 05:08:26,883] Trial 52 finished with value: 0.3771429657936096 and parameters: {'W_layers': 8, 'W_layer_units_exponent_0': 7, 'W_layer_units_exponent_1': 7, 'W_layer_units_exponent_2': 4, 'W_layer_units_exponent_3': 8, 'W_layer_units_exponent_4': 5, 'W_layer_units_exponent_5': 6, 'W_layer_units_exponent_6': 7, 'W_layer_units_exponent_7': 7, 'D_layers': 7, 'D_layer_units_exponent_0': 5, 'D_layer_units_exponent_1': 4, 'D_layer_units_exponent_2': 7, 'D_layer_units_exponent_3': 7, 'D_layer_units_exponent_4': 10, 'D_layer_units_exponent_5': 9, 'D_layer_units_exponent_6': 8, 'D_dagger_layers': 4, 'D_dagger_layer_units_exponent_0': 10, 'D_dagger_layer_units_exponent_1': 6, 'D_dagger_layer_units_exponent_2': 6, 'D_dagger_layer_units_exponent_3': 6, 'log_learning_rate': -2.3799361427346857, 'log_learning_rate_D': -4.066759863032281, 'log_learning_rate_D_dagger': -2.164014714049441, 'training_batch_size': 6, 'training_p': 5}. Best is trial 11 with value: 0.14480963349342346.
Time for this trial:  407.8806881904602
Memory status after this trial: 
Memory allocated:  409.5576171875
Memory cached:  446.0
--------------------  Trial  53   --------------------
Start timing: 
Parameters: 
{'W_layers': 7, 'W_layer_units_exponent_0': 7, 'W_layer_units_exponent_1': 9, 'W_layer_units_exponent_2': 6, 'W_layer_units_exponent_3': 7, 'W_layer_units_exponent_4': 6, 'W_layer_units_exponent_5': 6, 'W_layer_units_exponent_6': 6, 'D_layers': 8, 'D_layer_units_exponent_0': 7, 'D_layer_units_exponent_1': 6, 'D_layer_units_exponent_2': 4, 'D_layer_units_exponent_3': 6, 'D_layer_units_exponent_4': 8, 'D_layer_units_exponent_5': 10, 'D_layer_units_exponent_6': 5, 'D_layer_units_exponent_7': 7, 'D_dagger_layers': 3, 'D_dagger_layer_units_exponent_0': 10, 'D_dagger_layer_units_exponent_1': 7, 'D_dagger_layer_units_exponent_2': 6, 'log_learning_rate': -2.2072306648885935, 'log_learning_rate_D': -3.8489051763417677, 'log_learning_rate_D_dagger': -2.6807180764035916, 'training_batch_size': 6, 'training_p': 8}
	 epoch  0 training error:  tensor(1.0816, device='cuda:0', grad_fn=<DivBackward0>)
Memory status after this epoch: 
Memory allocated:  191.41845703125
Memory cached:  394.0
	 epoch  10 training error:  tensor(0.6286, device='cuda:0', grad_fn=<DivBackward0>)
Memory status after this epoch: 
Memory allocated:  191.41845703125
Memory cached:  432.0
	 epoch  20 training error:  tensor(0.5631, device='cuda:0', grad_fn=<DivBackward0>)
Memory status after this epoch: 
Memory allocated:  191.41845703125
Memory cached:  436.0
	 epoch  30 training error:  tensor(0.5518, device='cuda:0', grad_fn=<DivBackward0>)
Memory status after this epoch: 
Memory allocated:  191.41845703125
Memory cached:  440.0
	 epoch  40 training error:  tensor(0.5692, device='cuda:0', grad_fn=<DivBackward0>)
Memory status after this epoch: 
Memory allocated:  191.41845703125
Memory cached:  444.0
	 epoch  50 training error:  tensor(0.5661, device='cuda:0', grad_fn=<DivBackward0>)
Memory status after this epoch: 
Memory allocated:  191.41845703125
Memory cached:  440.0
	 epoch  60 training error:  tensor(0.5305, device='cuda:0', grad_fn=<DivBackward0>)
Memory status after this epoch: 
Memory allocated:  191.41845703125
Memory cached:  440.0
	 epoch  70 training error:  tensor(0.5343, device='cuda:0', grad_fn=<DivBackward0>)
Memory status after this epoch: 
Memory allocated:  191.41845703125
Memory cached:  436.0
	 epoch  80 training error:  tensor(0.3966, device='cuda:0', grad_fn=<DivBackward0>)
Memory status after this epoch: 
Memory allocated:  191.41845703125
Memory cached:  438.0
	 epoch  90 training error:  tensor(0.4784, device='cuda:0', grad_fn=<DivBackward0>)
Memory status after this epoch: 
Memory allocated:  191.41845703125
Memory cached:  436.0
[I 2023-12-20 05:14:58,471] Trial 53 finished with value: 0.24970780313014984 and parameters: {'W_layers': 7, 'W_layer_units_exponent_0': 7, 'W_layer_units_exponent_1': 9, 'W_layer_units_exponent_2': 6, 'W_layer_units_exponent_3': 7, 'W_layer_units_exponent_4': 6, 'W_layer_units_exponent_5': 6, 'W_layer_units_exponent_6': 6, 'D_layers': 8, 'D_layer_units_exponent_0': 7, 'D_layer_units_exponent_1': 6, 'D_layer_units_exponent_2': 4, 'D_layer_units_exponent_3': 6, 'D_layer_units_exponent_4': 8, 'D_layer_units_exponent_5': 10, 'D_layer_units_exponent_6': 5, 'D_layer_units_exponent_7': 7, 'D_dagger_layers': 3, 'D_dagger_layer_units_exponent_0': 10, 'D_dagger_layer_units_exponent_1': 7, 'D_dagger_layer_units_exponent_2': 6, 'log_learning_rate': -2.2072306648885935, 'log_learning_rate_D': -3.8489051763417677, 'log_learning_rate_D_dagger': -2.6807180764035916, 'training_batch_size': 6, 'training_p': 8}. Best is trial 11 with value: 0.14480963349342346.
Time for this trial:  391.147025346756
Memory status after this trial: 
Memory allocated:  395.56640625
Memory cached:  432.0
--------------------  Trial  54   --------------------
Start timing: 
Parameters: 
{'W_layers': 6, 'W_layer_units_exponent_0': 7, 'W_layer_units_exponent_1': 9, 'W_layer_units_exponent_2': 6, 'W_layer_units_exponent_3': 8, 'W_layer_units_exponent_4': 6, 'W_layer_units_exponent_5': 6, 'D_layers': 8, 'D_layer_units_exponent_0': 7, 'D_layer_units_exponent_1': 6, 'D_layer_units_exponent_2': 4, 'D_layer_units_exponent_3': 9, 'D_layer_units_exponent_4': 8, 'D_layer_units_exponent_5': 10, 'D_layer_units_exponent_6': 5, 'D_layer_units_exponent_7': 7, 'D_dagger_layers': 3, 'D_dagger_layer_units_exponent_0': 9, 'D_dagger_layer_units_exponent_1': 7, 'D_dagger_layer_units_exponent_2': 6, 'log_learning_rate': -2.1074772102556367, 'log_learning_rate_D': -3.5042166712373604, 'log_learning_rate_D_dagger': -2.5095578021060527, 'training_batch_size': 7, 'training_p': 8}
	 epoch  0 training error:  tensor(1.0287, device='cuda:0', grad_fn=<DivBackward0>)
Memory status after this epoch: 
Memory allocated:  192.42236328125
Memory cached:  388.0
	 epoch  10 training error:  tensor(0.6091, device='cuda:0', grad_fn=<DivBackward0>)
Memory status after this epoch: 
Memory allocated:  192.42236328125
Memory cached:  402.0
	 epoch  20 training error:  tensor(0.6302, device='cuda:0', grad_fn=<DivBackward0>)
Memory status after this epoch: 
Memory allocated:  192.42236328125
Memory cached:  406.0
	 epoch  30 training error:  tensor(0.5565, device='cuda:0', grad_fn=<DivBackward0>)
Memory status after this epoch: 
Memory allocated:  192.42236328125
Memory cached:  398.0
	 epoch  40 training error:  tensor(0.5550, device='cuda:0', grad_fn=<DivBackward0>)
Memory status after this epoch: 
Memory allocated:  192.42236328125
Memory cached:  404.0
	 epoch  50 training error:  tensor(0.5606, device='cuda:0', grad_fn=<DivBackward0>)
Memory status after this epoch: 
Memory allocated:  192.42236328125
Memory cached:  398.0
	 epoch  60 training error:  tensor(0.5404, device='cuda:0', grad_fn=<DivBackward0>)
Memory status after this epoch: 
Memory allocated:  192.42236328125
Memory cached:  396.0
	 epoch  70 training error:  tensor(0.5502, device='cuda:0', grad_fn=<DivBackward0>)
Memory status after this epoch: 
Memory allocated:  192.42236328125
Memory cached:  404.0
	 epoch  80 training error:  tensor(0.4573, device='cuda:0', grad_fn=<DivBackward0>)
Memory status after this epoch: 
Memory allocated:  192.42236328125
Memory cached:  404.0
	 epoch  90 training error:  tensor(0.3615, device='cuda:0', grad_fn=<DivBackward0>)
Memory status after this epoch: 
Memory allocated:  192.42236328125
Memory cached:  408.0
[I 2023-12-20 05:18:38,594] Trial 54 finished with value: 0.17677508294582367 and parameters: {'W_layers': 6, 'W_layer_units_exponent_0': 7, 'W_layer_units_exponent_1': 9, 'W_layer_units_exponent_2': 6, 'W_layer_units_exponent_3': 8, 'W_layer_units_exponent_4': 6, 'W_layer_units_exponent_5': 6, 'D_layers': 8, 'D_layer_units_exponent_0': 7, 'D_layer_units_exponent_1': 6, 'D_layer_units_exponent_2': 4, 'D_layer_units_exponent_3': 9, 'D_layer_units_exponent_4': 8, 'D_layer_units_exponent_5': 10, 'D_layer_units_exponent_6': 5, 'D_layer_units_exponent_7': 7, 'D_dagger_layers': 3, 'D_dagger_layer_units_exponent_0': 9, 'D_dagger_layer_units_exponent_1': 7, 'D_dagger_layer_units_exponent_2': 6, 'log_learning_rate': -2.1074772102556367, 'log_learning_rate_D': -3.5042166712373604, 'log_learning_rate_D_dagger': -2.5095578021060527, 'training_batch_size': 7, 'training_p': 8}. Best is trial 11 with value: 0.14480963349342346.
Time for this trial:  219.70662474632263
Memory status after this trial: 
Memory allocated:  395.7919921875
Memory cached:  402.0
--------------------  Trial  55   --------------------
Start timing: 
Parameters: 
{'W_layers': 6, 'W_layer_units_exponent_0': 6, 'W_layer_units_exponent_1': 9, 'W_layer_units_exponent_2': 8, 'W_layer_units_exponent_3': 9, 'W_layer_units_exponent_4': 6, 'W_layer_units_exponent_5': 8, 'D_layers': 8, 'D_layer_units_exponent_0': 8, 'D_layer_units_exponent_1': 5, 'D_layer_units_exponent_2': 4, 'D_layer_units_exponent_3': 9, 'D_layer_units_exponent_4': 7, 'D_layer_units_exponent_5': 10, 'D_layer_units_exponent_6': 4, 'D_layer_units_exponent_7': 7, 'D_dagger_layers': 3, 'D_dagger_layer_units_exponent_0': 9, 'D_dagger_layer_units_exponent_1': 8, 'D_dagger_layer_units_exponent_2': 7, 'log_learning_rate': -1.9112872628453688, 'log_learning_rate_D': -3.4229228082400076, 'log_learning_rate_D_dagger': -2.499330028175972, 'training_batch_size': 7, 'training_p': 7}
	 epoch  0 training error:  tensor(1.0250, device='cuda:0', grad_fn=<DivBackward0>)
Memory status after this epoch: 
Memory allocated:  193.70947265625
Memory cached:  394.0
	 epoch  10 training error:  tensor(3.0472, device='cuda:0', grad_fn=<DivBackward0>)
Memory status after this epoch: 
Memory allocated:  193.70947265625
Memory cached:  412.0
	 epoch  20 training error:  tensor(3.3910, device='cuda:0', grad_fn=<DivBackward0>)
Memory status after this epoch: 
Memory allocated:  193.70947265625
Memory cached:  416.0
	 epoch  30 training error:  tensor(0.8754, device='cuda:0', grad_fn=<DivBackward0>)
Memory status after this epoch: 
Memory allocated:  193.70947265625
Memory cached:  410.0
	 epoch  40 training error:  tensor(0.6801, device='cuda:0', grad_fn=<DivBackward0>)
Memory status after this epoch: 
Memory allocated:  193.70947265625
Memory cached:  412.0
	 epoch  50 training error:  tensor(0.5800, device='cuda:0', grad_fn=<DivBackward0>)
Memory status after this epoch: 
Memory allocated:  193.70947265625
Memory cached:  416.0
	 epoch  60 training error:  tensor(0.5405, device='cuda:0', grad_fn=<DivBackward0>)
Memory status after this epoch: 
Memory allocated:  193.70947265625
Memory cached:  406.0
	 epoch  70 training error:  tensor(0.5390, device='cuda:0', grad_fn=<DivBackward0>)
Memory status after this epoch: 
Memory allocated:  193.70947265625
Memory cached:  406.0
	 epoch  80 training error:  tensor(0.5365, device='cuda:0', grad_fn=<DivBackward0>)
Memory status after this epoch: 
Memory allocated:  193.70947265625
Memory cached:  412.0
	 epoch  90 training error:  tensor(0.5467, device='cuda:0', grad_fn=<DivBackward0>)
Memory status after this epoch: 
Memory allocated:  193.70947265625
Memory cached:  414.0
[I 2023-12-20 05:22:25,967] Trial 55 finished with value: 0.4199957847595215 and parameters: {'W_layers': 6, 'W_layer_units_exponent_0': 6, 'W_layer_units_exponent_1': 9, 'W_layer_units_exponent_2': 8, 'W_layer_units_exponent_3': 9, 'W_layer_units_exponent_4': 6, 'W_layer_units_exponent_5': 8, 'D_layers': 8, 'D_layer_units_exponent_0': 8, 'D_layer_units_exponent_1': 5, 'D_layer_units_exponent_2': 4, 'D_layer_units_exponent_3': 9, 'D_layer_units_exponent_4': 7, 'D_layer_units_exponent_5': 10, 'D_layer_units_exponent_6': 4, 'D_layer_units_exponent_7': 7, 'D_dagger_layers': 3, 'D_dagger_layer_units_exponent_0': 9, 'D_dagger_layer_units_exponent_1': 8, 'D_dagger_layer_units_exponent_2': 7, 'log_learning_rate': -1.9112872628453688, 'log_learning_rate_D': -3.4229228082400076, 'log_learning_rate_D_dagger': -2.499330028175972, 'training_batch_size': 7, 'training_p': 7}. Best is trial 11 with value: 0.14480963349342346.
Time for this trial:  226.95235300064087
Memory status after this trial: 
Memory allocated:  433.12939453125
Memory cached:  440.0
--------------------  Trial  56   --------------------
Start timing: 
Parameters: 
{'W_layers': 5, 'W_layer_units_exponent_0': 8, 'W_layer_units_exponent_1': 8, 'W_layer_units_exponent_2': 6, 'W_layer_units_exponent_3': 8, 'W_layer_units_exponent_4': 5, 'D_layers': 7, 'D_layer_units_exponent_0': 7, 'D_layer_units_exponent_1': 6, 'D_layer_units_exponent_2': 5, 'D_layer_units_exponent_3': 10, 'D_layer_units_exponent_4': 9, 'D_layer_units_exponent_5': 10, 'D_layer_units_exponent_6': 5, 'D_dagger_layers': 4, 'D_dagger_layer_units_exponent_0': 9, 'D_dagger_layer_units_exponent_1': 6, 'D_dagger_layer_units_exponent_2': 10, 'D_dagger_layer_units_exponent_3': 5, 'log_learning_rate': -2.067752633626418, 'log_learning_rate_D': -3.1657202368732236, 'log_learning_rate_D_dagger': -1.9779519983539067, 'training_batch_size': 8, 'training_p': 8}
	 epoch  0 training error:  tensor(1.0767, device='cuda:0', grad_fn=<DivBackward0>)
Memory status after this epoch: 
Memory allocated:  203.21142578125
Memory cached:  404.0
	 epoch  10 training error:  tensor(0.6157, device='cuda:0', grad_fn=<DivBackward0>)
Memory status after this epoch: 
Memory allocated:  203.21142578125
Memory cached:  406.0
	 epoch  20 training error:  tensor(0.6452, device='cuda:0', grad_fn=<DivBackward0>)
Memory status after this epoch: 
Memory allocated:  203.21142578125
Memory cached:  408.0
	 epoch  30 training error:  tensor(0.6639, device='cuda:0', grad_fn=<DivBackward0>)
Memory status after this epoch: 
Memory allocated:  203.21142578125
Memory cached:  408.0
	 epoch  40 training error:  tensor(0.5991, device='cuda:0', grad_fn=<DivBackward0>)
Memory status after this epoch: 
Memory allocated:  203.21142578125
Memory cached:  406.0
	 epoch  50 training error:  tensor(0.5812, device='cuda:0', grad_fn=<DivBackward0>)
Memory status after this epoch: 
Memory allocated:  203.21142578125
Memory cached:  408.0
	 epoch  60 training error:  tensor(0.5830, device='cuda:0', grad_fn=<DivBackward0>)
Memory status after this epoch: 
Memory allocated:  203.21142578125
Memory cached:  406.0
	 epoch  70 training error:  tensor(0.5963, device='cuda:0', grad_fn=<DivBackward0>)
Memory status after this epoch: 
Memory allocated:  203.21142578125
Memory cached:  406.0
	 epoch  80 training error:  tensor(0.5961, device='cuda:0', grad_fn=<DivBackward0>)
Memory status after this epoch: 
Memory allocated:  203.21142578125
Memory cached:  408.0
	 epoch  90 training error:  tensor(0.5936, device='cuda:0', grad_fn=<DivBackward0>)
Memory status after this epoch: 
Memory allocated:  203.21142578125
Memory cached:  408.0
