[I 2024-02-16 18:04:28,481] Trial 23 finished with value: 0.28313881158828735 and parameters: {'W_layers': 4, 'W_layer_units_exponent_0': 10, 'W_layer_units_exponent_1': 7, 'W_layer_units_exponent_2': 6, 'W_layer_units_exponent_3': 6, 'D_layers': 2, 'D_layer_units_exponent_0': 7, 'D_layer_units_exponent_1': 7, 'D_dagger_layers': 5, 'D_dagger_layer_units_exponent_0': 6, 'D_dagger_layer_units_exponent_1': 7, 'D_dagger_layer_units_exponent_2': 6, 'D_dagger_layer_units_exponent_3': 8, 'D_dagger_layer_units_exponent_4': 4, 'log_learning_rate': -3.675463080384178, 'log_learning_rate_D': -3.62757845355409, 'log_learning_rate_D_dagger': -2.3811521879691666, 'training_batch_size': 8, 'training_p': 2}. Best is trial 18 with value: 0.13164778053760529.
Time for this trial:  323.7444357872009
Memory status after this trial: 
Memory allocated:  1005.41552734375
Memory cached:  1010.0
--------------------  Trial  24   --------------------
Start timing: 
Parameters: 
{'W_layers': 5, 'W_layer_units_exponent_0': 8, 'W_layer_units_exponent_1': 8, 'W_layer_units_exponent_2': 5, 'W_layer_units_exponent_3': 7, 'W_layer_units_exponent_4': 5, 'D_layers': 2, 'D_layer_units_exponent_0': 10, 'D_layer_units_exponent_1': 8, 'D_dagger_layers': 4, 'D_dagger_layer_units_exponent_0': 8, 'D_dagger_layer_units_exponent_1': 5, 'D_dagger_layer_units_exponent_2': 5, 'D_dagger_layer_units_exponent_3': 10, 'log_learning_rate': -3.0179190539926752, 'log_learning_rate_D': -3.678812137776593, 'log_learning_rate_D_dagger': -2.717734282388672, 'training_batch_size': 7, 'training_p': 2}
	 epoch  0 training error:  tensor(0.7351, device='cuda:0', grad_fn=<DivBackward0>)
Memory status after this epoch: 
Memory allocated:  575.37890625
Memory cached:  958.0
	 epoch  10 training error:  tensor(0.2985, device='cuda:0', grad_fn=<DivBackward0>)
Memory status after this epoch: 
Memory allocated:  575.37890625
Memory cached:  1000.0
	 epoch  20 training error:  tensor(0.3006, device='cuda:0', grad_fn=<DivBackward0>)
Memory status after this epoch: 
Memory allocated:  575.37890625
Memory cached:  1012.0
	 epoch  30 training error:  tensor(0.2858, device='cuda:0', grad_fn=<DivBackward0>)
Memory status after this epoch: 
Memory allocated:  575.37890625
Memory cached:  1018.0
	 epoch  40 training error:  tensor(0.2861, device='cuda:0', grad_fn=<DivBackward0>)
Memory status after this epoch: 
Memory allocated:  575.37890625
Memory cached:  998.0
	 epoch  50 training error:  tensor(0.2882, device='cuda:0', grad_fn=<DivBackward0>)
Memory status after this epoch: 
Memory allocated:  575.37890625
Memory cached:  998.0
	 epoch  60 training error:  tensor(0.2862, device='cuda:0', grad_fn=<DivBackward0>)
Memory status after this epoch: 
Memory allocated:  575.37890625
Memory cached:  996.0
	 epoch  70 training error:  tensor(0.2714, device='cuda:0', grad_fn=<DivBackward0>)
Memory status after this epoch: 
Memory allocated:  575.37890625
Memory cached:  996.0
	 epoch  80 training error:  tensor(0.2868, device='cuda:0', grad_fn=<DivBackward0>)
Memory status after this epoch: 
Memory allocated:  575.37890625
Memory cached:  1004.0
	 epoch  90 training error:  tensor(0.2342, device='cuda:0', grad_fn=<DivBackward0>)
Memory status after this epoch: 
Memory allocated:  575.37890625
Memory cached:  1010.0
[I 2024-02-16 18:11:55,232] Trial 24 finished with value: 0.23794619739055634 and parameters: {'W_layers': 5, 'W_layer_units_exponent_0': 8, 'W_layer_units_exponent_1': 8, 'W_layer_units_exponent_2': 5, 'W_layer_units_exponent_3': 7, 'W_layer_units_exponent_4': 5, 'D_layers': 2, 'D_layer_units_exponent_0': 10, 'D_layer_units_exponent_1': 8, 'D_dagger_layers': 4, 'D_dagger_layer_units_exponent_0': 8, 'D_dagger_layer_units_exponent_1': 5, 'D_dagger_layer_units_exponent_2': 5, 'D_dagger_layer_units_exponent_3': 10, 'log_learning_rate': -3.0179190539926752, 'log_learning_rate_D': -3.678812137776593, 'log_learning_rate_D_dagger': -2.717734282388672, 'training_batch_size': 7, 'training_p': 2}. Best is trial 18 with value: 0.13164778053760529.
Time for this trial:  446.3195872306824
Memory status after this trial: 
Memory allocated:  1241.06201171875
Memory cached:  1250.0
--------------------  Trial  25   --------------------
Start timing: 
Parameters: 
{'W_layers': 3, 'W_layer_units_exponent_0': 10, 'W_layer_units_exponent_1': 9, 'W_layer_units_exponent_2': 4, 'D_layers': 3, 'D_layer_units_exponent_0': 9, 'D_layer_units_exponent_1': 9, 'D_layer_units_exponent_2': 10, 'D_dagger_layers': 3, 'D_dagger_layer_units_exponent_0': 8, 'D_dagger_layer_units_exponent_1': 5, 'D_dagger_layer_units_exponent_2': 7, 'log_learning_rate': -3.7146311486230394, 'log_learning_rate_D': -3.0302635209112974, 'log_learning_rate_D_dagger': -2.163981575634828, 'training_batch_size': 6, 'training_p': 2}
	 epoch  0 training error:  tensor(0.6367, device='cuda:0', grad_fn=<DivBackward0>)
Memory status after this epoch: 
Memory allocated:  589.91015625
Memory cached:  1018.0
	 epoch  10 training error:  tensor(0.3130, device='cuda:0', grad_fn=<DivBackward0>)
Memory status after this epoch: 
Memory allocated:  589.91015625
Memory cached:  1044.0
	 epoch  20 training error:  tensor(0.2704, device='cuda:0', grad_fn=<DivBackward0>)
Memory status after this epoch: 
Memory allocated:  589.91015625
Memory cached:  1046.0
	 epoch  30 training error:  tensor(0.3026, device='cuda:0', grad_fn=<DivBackward0>)
Memory status after this epoch: 
Memory allocated:  589.91015625
Memory cached:  1048.0
	 epoch  40 training error:  tensor(0.2776, device='cuda:0', grad_fn=<DivBackward0>)
Memory status after this epoch: 
Memory allocated:  589.91015625
Memory cached:  1050.0
	 epoch  50 training error:  tensor(0.2694, device='cuda:0', grad_fn=<DivBackward0>)
Memory status after this epoch: 
Memory allocated:  589.91015625
Memory cached:  1046.0
	 epoch  60 training error:  tensor(0.2796, device='cuda:0', grad_fn=<DivBackward0>)
Memory status after this epoch: 
Memory allocated:  589.91015625
Memory cached:  1046.0
	 epoch  70 training error:  tensor(0.1811, device='cuda:0', grad_fn=<DivBackward0>)
Memory status after this epoch: 
Memory allocated:  589.91015625
Memory cached:  1044.0
	 epoch  80 training error:  tensor(0.1330, device='cuda:0', grad_fn=<DivBackward0>)
Memory status after this epoch: 
Memory allocated:  589.91015625
Memory cached:  1044.0
	 epoch  90 training error:  tensor(0.1057, device='cuda:0', grad_fn=<DivBackward0>)
Memory status after this epoch: 
Memory allocated:  589.91015625
Memory cached:  1048.0
[I 2024-02-16 18:22:22,330] Trial 25 finished with value: 0.0929034948348999 and parameters: {'W_layers': 3, 'W_layer_units_exponent_0': 10, 'W_layer_units_exponent_1': 9, 'W_layer_units_exponent_2': 4, 'D_layers': 3, 'D_layer_units_exponent_0': 9, 'D_layer_units_exponent_1': 9, 'D_layer_units_exponent_2': 10, 'D_dagger_layers': 3, 'D_dagger_layer_units_exponent_0': 8, 'D_dagger_layer_units_exponent_1': 5, 'D_dagger_layer_units_exponent_2': 7, 'log_learning_rate': -3.7146311486230394, 'log_learning_rate_D': -3.0302635209112974, 'log_learning_rate_D_dagger': -2.163981575634828, 'training_batch_size': 6, 'training_p': 2}. Best is trial 25 with value: 0.0929034948348999.
res:  tensor(0.0929, device='cuda:0', grad_fn=<DivBackward0>)
self.bestValue:  tensor(0.1316, device='cuda:0', grad_fn=<DivBackward0>)
Save this model!
Time for this trial:  626.6913595199585
Memory status after this trial: 
Memory allocated:  829.25341796875
Memory cached:  1416.0
--------------------  Trial  26   --------------------
Start timing: 
Parameters: 
{'W_layers': 2, 'W_layer_units_exponent_0': 9, 'W_layer_units_exponent_1': 9, 'D_layers': 2, 'D_layer_units_exponent_0': 6, 'D_layer_units_exponent_1': 10, 'D_dagger_layers': 3, 'D_dagger_layer_units_exponent_0': 8, 'D_dagger_layer_units_exponent_1': 5, 'D_dagger_layer_units_exponent_2': 7, 'log_learning_rate': -3.7095222476496152, 'log_learning_rate_D': -2.915237101366352, 'log_learning_rate_D_dagger': -1.4701407396837451, 'training_batch_size': 6, 'training_p': 3}
	 epoch  0 training error:  tensor(5.1255, device='cuda:0', grad_fn=<DivBackward0>)
Memory status after this epoch: 
Memory allocated:  834.55078125
Memory cached:  1414.0
	 epoch  10 training error:  tensor(0.3871, device='cuda:0', grad_fn=<DivBackward0>)
Memory status after this epoch: 
Memory allocated:  834.55078125
Memory cached:  1414.0
	 epoch  20 training error:  tensor(0.3942, device='cuda:0', grad_fn=<DivBackward0>)
Memory status after this epoch: 
Memory allocated:  834.55078125
Memory cached:  1414.0
	 epoch  30 training error:  tensor(0.3860, device='cuda:0', grad_fn=<DivBackward0>)
Memory status after this epoch: 
Memory allocated:  834.55078125
Memory cached:  1414.0
	 epoch  40 training error:  tensor(0.3585, device='cuda:0', grad_fn=<DivBackward0>)
Memory status after this epoch: 
Memory allocated:  834.55078125
Memory cached:  1414.0
	 epoch  50 training error:  tensor(0.3608, device='cuda:0', grad_fn=<DivBackward0>)
Memory status after this epoch: 
Memory allocated:  834.55078125
Memory cached:  1414.0
	 epoch  60 training error:  tensor(0.3677, device='cuda:0', grad_fn=<DivBackward0>)
Memory status after this epoch: 
Memory allocated:  834.55078125
Memory cached:  1414.0
	 epoch  70 training error:  tensor(0.3841, device='cuda:0', grad_fn=<DivBackward0>)
Memory status after this epoch: 
Memory allocated:  834.55078125
Memory cached:  1414.0
	 epoch  80 training error:  tensor(0.3546, device='cuda:0', grad_fn=<DivBackward0>)
Memory status after this epoch: 
Memory allocated:  834.55078125
Memory cached:  1414.0
	 epoch  90 training error:  tensor(0.3553, device='cuda:0', grad_fn=<DivBackward0>)
Memory status after this epoch: 
Memory allocated:  834.55078125
Memory cached:  1414.0
[I 2024-02-16 18:31:15,188] Trial 26 finished with value: 0.3023272454738617 and parameters: {'W_layers': 2, 'W_layer_units_exponent_0': 9, 'W_layer_units_exponent_1': 9, 'D_layers': 2, 'D_layer_units_exponent_0': 6, 'D_layer_units_exponent_1': 10, 'D_dagger_layers': 3, 'D_dagger_layer_units_exponent_0': 8, 'D_dagger_layer_units_exponent_1': 5, 'D_dagger_layer_units_exponent_2': 7, 'log_learning_rate': -3.7095222476496152, 'log_learning_rate_D': -2.915237101366352, 'log_learning_rate_D_dagger': -1.4701407396837451, 'training_batch_size': 6, 'training_p': 3}. Best is trial 25 with value: 0.0929034948348999.
Time for this trial:  532.4922959804535
Memory status after this trial: 
Memory allocated:  1319.60009765625
Memory cached:  1414.0
--------------------  Trial  27   --------------------
Start timing: 
Parameters: 
{'W_layers': 3, 'W_layer_units_exponent_0': 8, 'W_layer_units_exponent_1': 10, 'W_layer_units_exponent_2': 4, 'D_layers': 3, 'D_layer_units_exponent_0': 8, 'D_layer_units_exponent_1': 7, 'D_layer_units_exponent_2': 10, 'D_dagger_layers': 3, 'D_dagger_layer_units_exponent_0': 8, 'D_dagger_layer_units_exponent_1': 5, 'D_dagger_layer_units_exponent_2': 7, 'log_learning_rate': -4.054602781079346, 'log_learning_rate_D': -3.2927373890024376, 'log_learning_rate_D_dagger': -2.608127651591868, 'training_batch_size': 6, 'training_p': 5}
	 epoch  0 training error:  tensor(0.6915, device='cuda:0', grad_fn=<DivBackward0>)
Memory status after this epoch: 
Memory allocated:  836.302734375
Memory cached:  1414.0
	 epoch  10 training error:  tensor(0.4631, device='cuda:0', grad_fn=<DivBackward0>)
Memory status after this epoch: 
Memory allocated:  836.302734375
Memory cached:  1414.0
	 epoch  20 training error:  tensor(0.3406, device='cuda:0', grad_fn=<DivBackward0>)
Memory status after this epoch: 
Memory allocated:  836.302734375
Memory cached:  1414.0
	 epoch  30 training error:  tensor(0.2304, device='cuda:0', grad_fn=<DivBackward0>)
Memory status after this epoch: 
Memory allocated:  836.302734375
Memory cached:  1414.0
	 epoch  40 training error:  tensor(0.1814, device='cuda:0', grad_fn=<DivBackward0>)
Memory status after this epoch: 
Memory allocated:  836.302734375
Memory cached:  1414.0
	 epoch  50 training error:  tensor(0.1768, device='cuda:0', grad_fn=<DivBackward0>)
Memory status after this epoch: 
Memory allocated:  836.302734375
Memory cached:  1414.0
	 epoch  60 training error:  tensor(0.1268, device='cuda:0', grad_fn=<DivBackward0>)
Memory status after this epoch: 
Memory allocated:  836.302734375
Memory cached:  1414.0
	 epoch  70 training error:  tensor(0.1354, device='cuda:0', grad_fn=<DivBackward0>)
Memory status after this epoch: 
Memory allocated:  836.302734375
Memory cached:  1414.0
	 epoch  80 training error:  tensor(0.1283, device='cuda:0', grad_fn=<DivBackward0>)
Memory status after this epoch: 
Memory allocated:  836.302734375
Memory cached:  1414.0
	 epoch  90 training error:  tensor(0.0931, device='cuda:0', grad_fn=<DivBackward0>)
Memory status after this epoch: 
Memory allocated:  836.302734375
Memory cached:  1414.0
[I 2024-02-16 18:41:25,447] Trial 27 finished with value: 0.09755807369947433 and parameters: {'W_layers': 3, 'W_layer_units_exponent_0': 8, 'W_layer_units_exponent_1': 10, 'W_layer_units_exponent_2': 4, 'D_layers': 3, 'D_layer_units_exponent_0': 8, 'D_layer_units_exponent_1': 7, 'D_layer_units_exponent_2': 10, 'D_dagger_layers': 3, 'D_dagger_layer_units_exponent_0': 8, 'D_dagger_layer_units_exponent_1': 5, 'D_dagger_layer_units_exponent_2': 7, 'log_learning_rate': -4.054602781079346, 'log_learning_rate_D': -3.2927373890024376, 'log_learning_rate_D_dagger': -2.608127651591868, 'training_batch_size': 6, 'training_p': 5}. Best is trial 25 with value: 0.0929034948348999.
Time for this trial:  609.8696575164795
Memory status after this trial: 
Memory allocated:  1461.39404296875
Memory cached:  1480.0
--------------------  Trial  28   --------------------
Start timing: 
Parameters: 
{'W_layers': 3, 'W_layer_units_exponent_0': 8, 'W_layer_units_exponent_1': 10, 'W_layer_units_exponent_2': 4, 'D_layers': 3, 'D_layer_units_exponent_0': 9, 'D_layer_units_exponent_1': 6, 'D_layer_units_exponent_2': 10, 'D_dagger_layers': 3, 'D_dagger_layer_units_exponent_0': 8, 'D_dagger_layer_units_exponent_1': 5, 'D_dagger_layer_units_exponent_2': 7, 'log_learning_rate': -4.21763135271519, 'log_learning_rate_D': -2.663222351414885, 'log_learning_rate_D_dagger': -2.6774469658229934, 'training_batch_size': 6, 'training_p': 5}
	 epoch  0 training error:  tensor(0.6376, device='cuda:0', grad_fn=<DivBackward0>)
Memory status after this epoch: 
Memory allocated:  835.310546875
Memory cached:  1414.0
	 epoch  10 training error:  tensor(0.4689, device='cuda:0', grad_fn=<DivBackward0>)
Memory status after this epoch: 
Memory allocated:  835.310546875
Memory cached:  1414.0
	 epoch  20 training error:  tensor(0.3492, device='cuda:0', grad_fn=<DivBackward0>)
Memory status after this epoch: 
Memory allocated:  835.310546875
Memory cached:  1414.0
	 epoch  30 training error:  tensor(0.1895, device='cuda:0', grad_fn=<DivBackward0>)
Memory status after this epoch: 
Memory allocated:  835.310546875
Memory cached:  1414.0
	 epoch  40 training error:  tensor(0.1956, device='cuda:0', grad_fn=<DivBackward0>)
Memory status after this epoch: 
Memory allocated:  835.310546875
Memory cached:  1414.0
	 epoch  50 training error:  tensor(0.1485, device='cuda:0', grad_fn=<DivBackward0>)
Memory status after this epoch: 
Memory allocated:  835.310546875
Memory cached:  1414.0
	 epoch  60 training error:  tensor(0.1470, device='cuda:0', grad_fn=<DivBackward0>)
Memory status after this epoch: 
Memory allocated:  835.310546875
Memory cached:  1414.0
	 epoch  70 training error:  tensor(0.1163, device='cuda:0', grad_fn=<DivBackward0>)
Memory status after this epoch: 
Memory allocated:  835.310546875
Memory cached:  1414.0
	 epoch  80 training error:  tensor(0.1240, device='cuda:0', grad_fn=<DivBackward0>)
Memory status after this epoch: 
Memory allocated:  835.310546875
Memory cached:  1414.0
	 epoch  90 training error:  tensor(0.1119, device='cuda:0', grad_fn=<DivBackward0>)
Memory status after this epoch: 
Memory allocated:  835.310546875
Memory cached:  1414.0
[I 2024-02-16 18:51:37,800] Trial 28 finished with value: 0.07228495925664902 and parameters: {'W_layers': 3, 'W_layer_units_exponent_0': 8, 'W_layer_units_exponent_1': 10, 'W_layer_units_exponent_2': 4, 'D_layers': 3, 'D_layer_units_exponent_0': 9, 'D_layer_units_exponent_1': 6, 'D_layer_units_exponent_2': 10, 'D_dagger_layers': 3, 'D_dagger_layer_units_exponent_0': 8, 'D_dagger_layer_units_exponent_1': 5, 'D_dagger_layer_units_exponent_2': 7, 'log_learning_rate': -4.21763135271519, 'log_learning_rate_D': -2.663222351414885, 'log_learning_rate_D_dagger': -2.6774469658229934, 'training_batch_size': 6, 'training_p': 5}. Best is trial 28 with value: 0.07228495925664902.
res:  tensor(0.0723, device='cuda:0', grad_fn=<DivBackward0>)
self.bestValue:  tensor(0.0929, device='cuda:0', grad_fn=<DivBackward0>)
Save this model!
Time for this trial:  611.9707441329956
Memory status after this trial: 
Memory allocated:  672.62158203125
Memory cached:  1128.0
--------------------  Trial  29   --------------------
Start timing: 
Parameters: 
{'W_layers': 3, 'W_layer_units_exponent_0': 8, 'W_layer_units_exponent_1': 10, 'W_layer_units_exponent_2': 4, 'D_layers': 3, 'D_layer_units_exponent_0': 8, 'D_layer_units_exponent_1': 6, 'D_layer_units_exponent_2': 10, 'D_dagger_layers': 2, 'D_dagger_layer_units_exponent_0': 8, 'D_dagger_layer_units_exponent_1': 4, 'log_learning_rate': -4.318529662060921, 'log_learning_rate_D': -2.709279766042365, 'log_learning_rate_D_dagger': -2.7724092920464356, 'training_batch_size': 6, 'training_p': 5}
	 epoch  0 training error:  tensor(0.6184, device='cuda:0', grad_fn=<DivBackward0>)
Memory status after this epoch: 
Memory allocated:  678.2939453125
Memory cached:  1114.0
	 epoch  10 training error:  tensor(0.4707, device='cuda:0', grad_fn=<DivBackward0>)
Memory status after this epoch: 
Memory allocated:  678.2939453125
Memory cached:  1114.0
	 epoch  20 training error:  tensor(0.4095, device='cuda:0', grad_fn=<DivBackward0>)
Memory status after this epoch: 
Memory allocated:  678.2939453125
Memory cached:  1112.0
	 epoch  30 training error:  tensor(0.2790, device='cuda:0', grad_fn=<DivBackward0>)
Memory status after this epoch: 
Memory allocated:  678.2939453125
Memory cached:  1116.0
	 epoch  40 training error:  tensor(0.1874, device='cuda:0', grad_fn=<DivBackward0>)
Memory status after this epoch: 
Memory allocated:  678.2939453125
Memory cached:  1112.0
	 epoch  50 training error:  tensor(0.1464, device='cuda:0', grad_fn=<DivBackward0>)
Memory status after this epoch: 
Memory allocated:  678.2939453125
Memory cached:  1112.0
	 epoch  60 training error:  tensor(0.1365, device='cuda:0', grad_fn=<DivBackward0>)
Memory status after this epoch: 
Memory allocated:  678.2939453125
Memory cached:  1114.0
	 epoch  70 training error:  tensor(0.1142, device='cuda:0', grad_fn=<DivBackward0>)
Memory status after this epoch: 
Memory allocated:  678.2939453125
Memory cached:  1112.0
	 epoch  80 training error:  tensor(0.0998, device='cuda:0', grad_fn=<DivBackward0>)
Memory status after this epoch: 
Memory allocated:  678.2939453125
Memory cached:  1112.0
	 epoch  90 training error:  tensor(0.1290, device='cuda:0', grad_fn=<DivBackward0>)
Memory status after this epoch: 
Memory allocated:  678.2939453125
Memory cached:  1112.0
