[I 2024-02-18 10:16:06,658] Trial 81 finished with value: 0.08395247906446457 and parameters: {'W_layers': 2, 'W_layer_units_exponent_0': 4, 'W_layer_units_exponent_1': 9, 'D_layers': 6, 'D_layer_units_exponent_0': 10, 'D_layer_units_exponent_1': 10, 'D_layer_units_exponent_2': 4, 'D_layer_units_exponent_3': 8, 'D_layer_units_exponent_4': 8, 'D_layer_units_exponent_5': 7, 'D_dagger_layers': 4, 'D_dagger_layer_units_exponent_0': 5, 'D_dagger_layer_units_exponent_1': 4, 'D_dagger_layer_units_exponent_2': 4, 'D_dagger_layer_units_exponent_3': 8, 'log_learning_rate': -2.694088125856596, 'log_learning_rate_D': -2.6247438876101135, 'log_learning_rate_D_dagger': -2.5936916666034633, 'training_batch_size': 6, 'training_p': 2}. Best is trial 53 with value: 0.08303368091583252.
Time for this trial:  23.168105840682983
Memory status after this trial: 
Memory allocated:  523.77685546875
Memory cached:  568.0
--------------------  Trial  82   --------------------
Start timing: 
Parameters: 
{'W_layers': 2, 'W_layer_units_exponent_0': 4, 'W_layer_units_exponent_1': 9, 'D_layers': 6, 'D_layer_units_exponent_0': 10, 'D_layer_units_exponent_1': 10, 'D_layer_units_exponent_2': 6, 'D_layer_units_exponent_3': 8, 'D_layer_units_exponent_4': 9, 'D_layer_units_exponent_5': 7, 'D_dagger_layers': 4, 'D_dagger_layer_units_exponent_0': 6, 'D_dagger_layer_units_exponent_1': 4, 'D_dagger_layer_units_exponent_2': 4, 'D_dagger_layer_units_exponent_3': 8, 'log_learning_rate': -2.3737101016362527, 'log_learning_rate_D': -2.422223821792678, 'log_learning_rate_D_dagger': -2.0817323523344546, 'training_batch_size': 6, 'training_p': 2}
	 epoch  0 training error:  tensor(1.0910, device='cuda:0', grad_fn=<DivBackward0>)
Memory status after this epoch: 
Memory allocated:  368.6943359375
Memory cached:  504.0
	 epoch  10 training error:  tensor(0.1181, device='cuda:0', grad_fn=<DivBackward0>)
Memory status after this epoch: 
Memory allocated:  368.6943359375
Memory cached:  504.0
	 epoch  20 training error:  tensor(0.1169, device='cuda:0', grad_fn=<DivBackward0>)
Memory status after this epoch: 
Memory allocated:  368.6943359375
Memory cached:  504.0
	 epoch  30 training error:  tensor(0.1217, device='cuda:0', grad_fn=<DivBackward0>)
Memory status after this epoch: 
Memory allocated:  368.6943359375
Memory cached:  504.0
	 epoch  40 training error:  tensor(0.1042, device='cuda:0', grad_fn=<DivBackward0>)
Memory status after this epoch: 
Memory allocated:  368.6943359375
Memory cached:  504.0
	 epoch  50 training error:  tensor(0.1003, device='cuda:0', grad_fn=<DivBackward0>)
Memory status after this epoch: 
Memory allocated:  368.6943359375
Memory cached:  504.0
	 epoch  60 training error:  tensor(0.0913, device='cuda:0', grad_fn=<DivBackward0>)
Memory status after this epoch: 
Memory allocated:  368.6943359375
Memory cached:  504.0
	 epoch  70 training error:  tensor(0.1083, device='cuda:0', grad_fn=<DivBackward0>)
Memory status after this epoch: 
Memory allocated:  368.6943359375
Memory cached:  504.0
	 epoch  80 training error:  tensor(0.1092, device='cuda:0', grad_fn=<DivBackward0>)
Memory status after this epoch: 
Memory allocated:  368.6943359375
Memory cached:  504.0
	 epoch  90 training error:  tensor(0.0995, device='cuda:0', grad_fn=<DivBackward0>)
Memory status after this epoch: 
Memory allocated:  368.6943359375
Memory cached:  504.0
[I 2024-02-18 10:16:29,893] Trial 82 finished with value: 0.10991110652685165 and parameters: {'W_layers': 2, 'W_layer_units_exponent_0': 4, 'W_layer_units_exponent_1': 9, 'D_layers': 6, 'D_layer_units_exponent_0': 10, 'D_layer_units_exponent_1': 10, 'D_layer_units_exponent_2': 6, 'D_layer_units_exponent_3': 8, 'D_layer_units_exponent_4': 9, 'D_layer_units_exponent_5': 7, 'D_dagger_layers': 4, 'D_dagger_layer_units_exponent_0': 6, 'D_dagger_layer_units_exponent_1': 4, 'D_dagger_layer_units_exponent_2': 4, 'D_dagger_layer_units_exponent_3': 8, 'log_learning_rate': -2.3737101016362527, 'log_learning_rate_D': -2.422223821792678, 'log_learning_rate_D_dagger': -2.0817323523344546, 'training_batch_size': 6, 'training_p': 2}. Best is trial 53 with value: 0.08303368091583252.
Time for this trial:  22.88586163520813
Memory status after this trial: 
Memory allocated:  532.49169921875
Memory cached:  592.0
--------------------  Trial  83   --------------------
Start timing: 
Parameters: 
{'W_layers': 3, 'W_layer_units_exponent_0': 4, 'W_layer_units_exponent_1': 8, 'W_layer_units_exponent_2': 6, 'D_layers': 6, 'D_layer_units_exponent_0': 10, 'D_layer_units_exponent_1': 10, 'D_layer_units_exponent_2': 5, 'D_layer_units_exponent_3': 8, 'D_layer_units_exponent_4': 8, 'D_layer_units_exponent_5': 7, 'D_dagger_layers': 5, 'D_dagger_layer_units_exponent_0': 4, 'D_dagger_layer_units_exponent_1': 4, 'D_dagger_layer_units_exponent_2': 4, 'D_dagger_layer_units_exponent_3': 8, 'D_dagger_layer_units_exponent_4': 9, 'log_learning_rate': -2.4602088914992675, 'log_learning_rate_D': -2.5225468897744827, 'log_learning_rate_D_dagger': -2.3769972897060194, 'training_batch_size': 6, 'training_p': 2}
	 epoch  0 training error:  tensor(0.9250, device='cuda:0', grad_fn=<DivBackward0>)
Memory status after this epoch: 
Memory allocated:  370.341796875
Memory cached:  504.0
	 epoch  10 training error:  tensor(0.0992, device='cuda:0', grad_fn=<DivBackward0>)
Memory status after this epoch: 
Memory allocated:  370.341796875
Memory cached:  504.0
	 epoch  20 training error:  tensor(0.0975, device='cuda:0', grad_fn=<DivBackward0>)
Memory status after this epoch: 
Memory allocated:  370.341796875
Memory cached:  504.0
	 epoch  30 training error:  tensor(0.0896, device='cuda:0', grad_fn=<DivBackward0>)
Memory status after this epoch: 
Memory allocated:  370.341796875
Memory cached:  504.0
	 epoch  40 training error:  tensor(0.0917, device='cuda:0', grad_fn=<DivBackward0>)
Memory status after this epoch: 
Memory allocated:  370.341796875
Memory cached:  504.0
	 epoch  50 training error:  tensor(0.0835, device='cuda:0', grad_fn=<DivBackward0>)
Memory status after this epoch: 
Memory allocated:  370.341796875
Memory cached:  504.0
	 epoch  60 training error:  tensor(0.0849, device='cuda:0', grad_fn=<DivBackward0>)
Memory status after this epoch: 
Memory allocated:  370.341796875
Memory cached:  504.0
	 epoch  70 training error:  tensor(0.0849, device='cuda:0', grad_fn=<DivBackward0>)
Memory status after this epoch: 
Memory allocated:  370.341796875
Memory cached:  504.0
	 epoch  80 training error:  tensor(0.0908, device='cuda:0', grad_fn=<DivBackward0>)
Memory status after this epoch: 
Memory allocated:  370.341796875
Memory cached:  504.0
	 epoch  90 training error:  tensor(0.0866, device='cuda:0', grad_fn=<DivBackward0>)
Memory status after this epoch: 
Memory allocated:  370.341796875
Memory cached:  504.0
[I 2024-02-18 10:16:55,182] Trial 83 finished with value: 0.09241337329149246 and parameters: {'W_layers': 3, 'W_layer_units_exponent_0': 4, 'W_layer_units_exponent_1': 8, 'W_layer_units_exponent_2': 6, 'D_layers': 6, 'D_layer_units_exponent_0': 10, 'D_layer_units_exponent_1': 10, 'D_layer_units_exponent_2': 5, 'D_layer_units_exponent_3': 8, 'D_layer_units_exponent_4': 8, 'D_layer_units_exponent_5': 7, 'D_dagger_layers': 5, 'D_dagger_layer_units_exponent_0': 4, 'D_dagger_layer_units_exponent_1': 4, 'D_dagger_layer_units_exponent_2': 4, 'D_dagger_layer_units_exponent_3': 8, 'D_dagger_layer_units_exponent_4': 9, 'log_learning_rate': -2.4602088914992675, 'log_learning_rate_D': -2.5225468897744827, 'log_learning_rate_D_dagger': -2.3769972897060194, 'training_batch_size': 6, 'training_p': 2}. Best is trial 53 with value: 0.08303368091583252.
Time for this trial:  24.903526544570923
Memory status after this trial: 
Memory allocated:  598.10888671875
Memory cached:  632.0
--------------------  Trial  84   --------------------
Start timing: 
Parameters: 
{'W_layers': 6, 'W_layer_units_exponent_0': 4, 'W_layer_units_exponent_1': 7, 'W_layer_units_exponent_2': 5, 'W_layer_units_exponent_3': 9, 'W_layer_units_exponent_4': 6, 'W_layer_units_exponent_5': 7, 'D_layers': 5, 'D_layer_units_exponent_0': 10, 'D_layer_units_exponent_1': 9, 'D_layer_units_exponent_2': 5, 'D_layer_units_exponent_3': 6, 'D_layer_units_exponent_4': 9, 'D_dagger_layers': 4, 'D_dagger_layer_units_exponent_0': 6, 'D_dagger_layer_units_exponent_1': 5, 'D_dagger_layer_units_exponent_2': 5, 'D_dagger_layer_units_exponent_3': 9, 'log_learning_rate': -2.8333193982719234, 'log_learning_rate_D': -2.2254598917033257, 'log_learning_rate_D_dagger': -2.961559759274392, 'training_batch_size': 6, 'training_p': 2}
	 epoch  0 training error:  tensor(0.6678, device='cuda:0', grad_fn=<DivBackward0>)
Memory status after this epoch: 
Memory allocated:  367.40966796875
Memory cached:  506.0
	 epoch  10 training error:  tensor(0.0925, device='cuda:0', grad_fn=<DivBackward0>)
Memory status after this epoch: 
Memory allocated:  367.40966796875
Memory cached:  506.0
	 epoch  20 training error:  tensor(0.0846, device='cuda:0', grad_fn=<DivBackward0>)
Memory status after this epoch: 
Memory allocated:  367.40966796875
Memory cached:  506.0
	 epoch  30 training error:  tensor(0.0880, device='cuda:0', grad_fn=<DivBackward0>)
Memory status after this epoch: 
Memory allocated:  367.40966796875
Memory cached:  506.0
	 epoch  40 training error:  tensor(0.0827, device='cuda:0', grad_fn=<DivBackward0>)
Memory status after this epoch: 
Memory allocated:  367.40966796875
Memory cached:  506.0
	 epoch  50 training error:  tensor(0.0824, device='cuda:0', grad_fn=<DivBackward0>)
Memory status after this epoch: 
Memory allocated:  367.40966796875
Memory cached:  506.0
	 epoch  60 training error:  tensor(0.0825, device='cuda:0', grad_fn=<DivBackward0>)
Memory status after this epoch: 
Memory allocated:  367.40966796875
Memory cached:  506.0
	 epoch  70 training error:  tensor(0.0828, device='cuda:0', grad_fn=<DivBackward0>)
Memory status after this epoch: 
Memory allocated:  367.40966796875
Memory cached:  506.0
	 epoch  80 training error:  tensor(0.0829, device='cuda:0', grad_fn=<DivBackward0>)
Memory status after this epoch: 
Memory allocated:  367.40966796875
Memory cached:  506.0
	 epoch  90 training error:  tensor(0.0835, device='cuda:0', grad_fn=<DivBackward0>)
Memory status after this epoch: 
Memory allocated:  367.40966796875
Memory cached:  506.0
[I 2024-02-18 10:17:22,996] Trial 84 finished with value: 0.08356919139623642 and parameters: {'W_layers': 6, 'W_layer_units_exponent_0': 4, 'W_layer_units_exponent_1': 7, 'W_layer_units_exponent_2': 5, 'W_layer_units_exponent_3': 9, 'W_layer_units_exponent_4': 6, 'W_layer_units_exponent_5': 7, 'D_layers': 5, 'D_layer_units_exponent_0': 10, 'D_layer_units_exponent_1': 9, 'D_layer_units_exponent_2': 5, 'D_layer_units_exponent_3': 6, 'D_layer_units_exponent_4': 9, 'D_dagger_layers': 4, 'D_dagger_layer_units_exponent_0': 6, 'D_dagger_layer_units_exponent_1': 5, 'D_dagger_layer_units_exponent_2': 5, 'D_dagger_layer_units_exponent_3': 9, 'log_learning_rate': -2.8333193982719234, 'log_learning_rate_D': -2.2254598917033257, 'log_learning_rate_D_dagger': -2.961559759274392, 'training_batch_size': 6, 'training_p': 2}. Best is trial 53 with value: 0.08303368091583252.
Time for this trial:  27.415277004241943
Memory status after this trial: 
Memory allocated:  676.36962890625
Memory cached:  696.0
--------------------  Trial  85   --------------------
Start timing: 
Parameters: 
{'W_layers': 2, 'W_layer_units_exponent_0': 7, 'W_layer_units_exponent_1': 9, 'D_layers': 6, 'D_layer_units_exponent_0': 9, 'D_layer_units_exponent_1': 10, 'D_layer_units_exponent_2': 5, 'D_layer_units_exponent_3': 7, 'D_layer_units_exponent_4': 7, 'D_layer_units_exponent_5': 9, 'D_dagger_layers': 4, 'D_dagger_layer_units_exponent_0': 5, 'D_dagger_layer_units_exponent_1': 4, 'D_dagger_layer_units_exponent_2': 10, 'D_dagger_layer_units_exponent_3': 8, 'log_learning_rate': -2.158528895101061, 'log_learning_rate_D': -2.006145349499452, 'log_learning_rate_D_dagger': -2.773438147236173, 'training_batch_size': 7, 'training_p': 2}
	 epoch  0 training error:  tensor(5.5721, device='cuda:0', grad_fn=<DivBackward0>)
Memory status after this epoch: 
Memory allocated:  371.6640625
Memory cached:  504.0
	 epoch  10 training error:  tensor(0.3682, device='cuda:0', grad_fn=<DivBackward0>)
Memory status after this epoch: 
Memory allocated:  371.6640625
Memory cached:  504.0
	 epoch  20 training error:  tensor(0.1046, device='cuda:0', grad_fn=<DivBackward0>)
Memory status after this epoch: 
Memory allocated:  371.6640625
Memory cached:  504.0
	 epoch  30 training error:  tensor(0.0848, device='cuda:0', grad_fn=<DivBackward0>)
Memory status after this epoch: 
Memory allocated:  371.6640625
Memory cached:  504.0
	 epoch  40 training error:  tensor(0.0937, device='cuda:0', grad_fn=<DivBackward0>)
Memory status after this epoch: 
Memory allocated:  371.6640625
Memory cached:  504.0
	 epoch  50 training error:  tensor(0.0899, device='cuda:0', grad_fn=<DivBackward0>)
Memory status after this epoch: 
Memory allocated:  371.6640625
Memory cached:  504.0
	 epoch  60 training error:  tensor(0.0854, device='cuda:0', grad_fn=<DivBackward0>)
Memory status after this epoch: 
Memory allocated:  371.6640625
Memory cached:  504.0
	 epoch  70 training error:  tensor(0.0870, device='cuda:0', grad_fn=<DivBackward0>)
Memory status after this epoch: 
Memory allocated:  371.6640625
Memory cached:  504.0
	 epoch  80 training error:  tensor(0.0864, device='cuda:0', grad_fn=<DivBackward0>)
Memory status after this epoch: 
Memory allocated:  371.6640625
Memory cached:  504.0
	 epoch  90 training error:  tensor(0.0844, device='cuda:0', grad_fn=<DivBackward0>)
Memory status after this epoch: 
Memory allocated:  371.6640625
Memory cached:  504.0
[I 2024-02-18 10:17:47,254] Trial 85 finished with value: 0.08700031042098999 and parameters: {'W_layers': 2, 'W_layer_units_exponent_0': 7, 'W_layer_units_exponent_1': 9, 'D_layers': 6, 'D_layer_units_exponent_0': 9, 'D_layer_units_exponent_1': 10, 'D_layer_units_exponent_2': 5, 'D_layer_units_exponent_3': 7, 'D_layer_units_exponent_4': 7, 'D_layer_units_exponent_5': 9, 'D_dagger_layers': 4, 'D_dagger_layer_units_exponent_0': 5, 'D_dagger_layer_units_exponent_1': 4, 'D_dagger_layer_units_exponent_2': 10, 'D_dagger_layer_units_exponent_3': 8, 'log_learning_rate': -2.158528895101061, 'log_learning_rate_D': -2.006145349499452, 'log_learning_rate_D_dagger': -2.773438147236173, 'training_batch_size': 7, 'training_p': 2}. Best is trial 53 with value: 0.08303368091583252.
Time for this trial:  23.92829203605652
Memory status after this trial: 
Memory allocated:  772.32080078125
Memory cached:  816.0
--------------------  Trial  86   --------------------
Start timing: 
Parameters: 
{'W_layers': 6, 'W_layer_units_exponent_0': 9, 'W_layer_units_exponent_1': 8, 'W_layer_units_exponent_2': 7, 'W_layer_units_exponent_3': 5, 'W_layer_units_exponent_4': 6, 'W_layer_units_exponent_5': 8, 'D_layers': 7, 'D_layer_units_exponent_0': 10, 'D_layer_units_exponent_1': 10, 'D_layer_units_exponent_2': 8, 'D_layer_units_exponent_3': 9, 'D_layer_units_exponent_4': 8, 'D_layer_units_exponent_5': 8, 'D_layer_units_exponent_6': 8, 'D_dagger_layers': 5, 'D_dagger_layer_units_exponent_0': 4, 'D_dagger_layer_units_exponent_1': 4, 'D_dagger_layer_units_exponent_2': 4, 'D_dagger_layer_units_exponent_3': 9, 'D_dagger_layer_units_exponent_4': 5, 'log_learning_rate': -2.32623732633975, 'log_learning_rate_D': -2.092695317065682, 'log_learning_rate_D_dagger': -2.2121488011083654, 'training_batch_size': 6, 'training_p': 2}
	 epoch  0 training error:  tensor(1.5397, device='cuda:0', grad_fn=<DivBackward0>)
Memory status after this epoch: 
Memory allocated:  373.17138671875
Memory cached:  504.0
	 epoch  10 training error:  tensor(0.0946, device='cuda:0', grad_fn=<DivBackward0>)
Memory status after this epoch: 
Memory allocated:  373.17138671875
Memory cached:  506.0
	 epoch  20 training error:  tensor(0.0874, device='cuda:0', grad_fn=<DivBackward0>)
Memory status after this epoch: 
Memory allocated:  373.17138671875
Memory cached:  504.0
	 epoch  30 training error:  tensor(0.0849, device='cuda:0', grad_fn=<DivBackward0>)
Memory status after this epoch: 
Memory allocated:  373.17138671875
Memory cached:  506.0
	 epoch  40 training error:  tensor(0.0843, device='cuda:0', grad_fn=<DivBackward0>)
Memory status after this epoch: 
Memory allocated:  373.17138671875
Memory cached:  506.0
	 epoch  50 training error:  tensor(0.0878, device='cuda:0', grad_fn=<DivBackward0>)
Memory status after this epoch: 
Memory allocated:  373.17138671875
Memory cached:  504.0
	 epoch  60 training error:  tensor(0.0870, device='cuda:0', grad_fn=<DivBackward0>)
Memory status after this epoch: 
Memory allocated:  373.17138671875
Memory cached:  506.0
	 epoch  70 training error:  tensor(0.0855, device='cuda:0', grad_fn=<DivBackward0>)
Memory status after this epoch: 
Memory allocated:  373.17138671875
Memory cached:  504.0
	 epoch  80 training error:  tensor(0.0879, device='cuda:0', grad_fn=<DivBackward0>)
Memory status after this epoch: 
Memory allocated:  373.17138671875
Memory cached:  504.0
	 epoch  90 training error:  tensor(0.1096, device='cuda:0', grad_fn=<DivBackward0>)
Memory status after this epoch: 
Memory allocated:  373.17138671875
Memory cached:  506.0
[I 2024-02-18 10:18:16,670] Trial 86 finished with value: 0.09555225819349289 and parameters: {'W_layers': 6, 'W_layer_units_exponent_0': 9, 'W_layer_units_exponent_1': 8, 'W_layer_units_exponent_2': 7, 'W_layer_units_exponent_3': 5, 'W_layer_units_exponent_4': 6, 'W_layer_units_exponent_5': 8, 'D_layers': 7, 'D_layer_units_exponent_0': 10, 'D_layer_units_exponent_1': 10, 'D_layer_units_exponent_2': 8, 'D_layer_units_exponent_3': 9, 'D_layer_units_exponent_4': 8, 'D_layer_units_exponent_5': 8, 'D_layer_units_exponent_6': 8, 'D_dagger_layers': 5, 'D_dagger_layer_units_exponent_0': 4, 'D_dagger_layer_units_exponent_1': 4, 'D_dagger_layer_units_exponent_2': 4, 'D_dagger_layer_units_exponent_3': 9, 'D_dagger_layer_units_exponent_4': 5, 'log_learning_rate': -2.32623732633975, 'log_learning_rate_D': -2.092695317065682, 'log_learning_rate_D_dagger': -2.2121488011083654, 'training_batch_size': 6, 'training_p': 2}. Best is trial 53 with value: 0.08303368091583252.
Time for this trial:  28.932584047317505
Memory status after this trial: 
Memory allocated:  757.76806640625
Memory cached:  812.0
--------------------  Trial  87   --------------------
Start timing: 
Parameters: 
{'W_layers': 6, 'W_layer_units_exponent_0': 5, 'W_layer_units_exponent_1': 9, 'W_layer_units_exponent_2': 6, 'W_layer_units_exponent_3': 10, 'W_layer_units_exponent_4': 9, 'W_layer_units_exponent_5': 6, 'D_layers': 6, 'D_layer_units_exponent_0': 9, 'D_layer_units_exponent_1': 10, 'D_layer_units_exponent_2': 4, 'D_layer_units_exponent_3': 5, 'D_layer_units_exponent_4': 10, 'D_layer_units_exponent_5': 10, 'D_dagger_layers': 4, 'D_dagger_layer_units_exponent_0': 5, 'D_dagger_layer_units_exponent_1': 7, 'D_dagger_layer_units_exponent_2': 5, 'D_dagger_layer_units_exponent_3': 7, 'log_learning_rate': -2.5430178495224522, 'log_learning_rate_D': -2.3096515633323946, 'log_learning_rate_D_dagger': -2.651228459832622, 'training_batch_size': 9, 'training_p': 5}
	 epoch  0 training error:  tensor(1.0153, device='cuda:0', grad_fn=<DivBackward0>)
Memory status after this epoch: 
Memory allocated:  381.01708984375
Memory cached:  504.0
	 epoch  10 training error:  tensor(0.3548, device='cuda:0', grad_fn=<DivBackward0>)
Memory status after this epoch: 
Memory allocated:  381.01708984375
Memory cached:  504.0
	 epoch  20 training error:  tensor(0.2253, device='cuda:0', grad_fn=<DivBackward0>)
Memory status after this epoch: 
Memory allocated:  381.01708984375
Memory cached:  504.0
	 epoch  30 training error:  tensor(0.1582, device='cuda:0', grad_fn=<DivBackward0>)
Memory status after this epoch: 
Memory allocated:  381.01708984375
Memory cached:  504.0
	 epoch  40 training error:  tensor(0.1306, device='cuda:0', grad_fn=<DivBackward0>)
Memory status after this epoch: 
Memory allocated:  381.01708984375
Memory cached:  504.0
	 epoch  50 training error:  tensor(0.1127, device='cuda:0', grad_fn=<DivBackward0>)
Memory status after this epoch: 
Memory allocated:  381.01708984375
Memory cached:  504.0
	 epoch  60 training error:  tensor(0.1102, device='cuda:0', grad_fn=<DivBackward0>)
Memory status after this epoch: 
Memory allocated:  381.01708984375
Memory cached:  504.0
	 epoch  70 training error:  tensor(0.1089, device='cuda:0', grad_fn=<DivBackward0>)
Memory status after this epoch: 
Memory allocated:  381.01708984375
Memory cached:  504.0
	 epoch  80 training error:  tensor(0.1083, device='cuda:0', grad_fn=<DivBackward0>)
Memory status after this epoch: 
Memory allocated:  381.01708984375
Memory cached:  504.0
	 epoch  90 training error:  tensor(0.1080, device='cuda:0', grad_fn=<DivBackward0>)
Memory status after this epoch: 
Memory allocated:  381.01708984375
Memory cached:  504.0
