[I 2024-02-16 23:20:42,793] Trial 59 finished with value: 0.2639341950416565 and parameters: {'W_layers': 2, 'W_layer_units_exponent_0': 7, 'W_layer_units_exponent_1': 8, 'D_layers': 3, 'D_layer_units_exponent_0': 9, 'D_layer_units_exponent_1': 6, 'D_layer_units_exponent_2': 10, 'D_dagger_layers': 8, 'D_dagger_layer_units_exponent_0': 8, 'D_dagger_layer_units_exponent_1': 4, 'D_dagger_layer_units_exponent_2': 6, 'D_dagger_layer_units_exponent_3': 5, 'D_dagger_layer_units_exponent_4': 9, 'D_dagger_layer_units_exponent_5': 6, 'D_dagger_layer_units_exponent_6': 7, 'D_dagger_layer_units_exponent_7': 4, 'log_learning_rate': -4.503155315134086, 'log_learning_rate_D': -3.474720551454635, 'log_learning_rate_D_dagger': -2.6304918161922597, 'training_batch_size': 7, 'training_p': 6}. Best is trial 45 with value: 0.03961218520998955.
Time for this trial:  482.48398995399475
Memory status after this trial: 
Memory allocated:  1369.47314453125
Memory cached:  1374.0
--------------------  Trial  60   --------------------
Start timing: 
Parameters: 
{'W_layers': 3, 'W_layer_units_exponent_0': 9, 'W_layer_units_exponent_1': 9, 'W_layer_units_exponent_2': 5, 'D_layers': 2, 'D_layer_units_exponent_0': 7, 'D_layer_units_exponent_1': 4, 'D_dagger_layers': 5, 'D_dagger_layer_units_exponent_0': 7, 'D_dagger_layer_units_exponent_1': 5, 'D_dagger_layer_units_exponent_2': 8, 'D_dagger_layer_units_exponent_3': 9, 'D_dagger_layer_units_exponent_4': 9, 'log_learning_rate': -3.811952387911197, 'log_learning_rate_D': -2.948897075214184, 'log_learning_rate_D_dagger': -3.2654704991629027, 'training_batch_size': 6, 'training_p': 6}
	 epoch  0 training error:  tensor(0.7165, device='cuda:0', grad_fn=<DivBackward0>)
Memory status after this epoch: 
Memory allocated:  764.5244140625
Memory cached:  1330.0
	 epoch  10 training error:  tensor(0.5028, device='cuda:0', grad_fn=<DivBackward0>)
Memory status after this epoch: 
Memory allocated:  764.5244140625
Memory cached:  1330.0
	 epoch  20 training error:  tensor(0.5010, device='cuda:0', grad_fn=<DivBackward0>)
Memory status after this epoch: 
Memory allocated:  764.5244140625
Memory cached:  1330.0
	 epoch  30 training error:  tensor(0.5005, device='cuda:0', grad_fn=<DivBackward0>)
Memory status after this epoch: 
Memory allocated:  764.5244140625
Memory cached:  1330.0
	 epoch  40 training error:  tensor(0.4961, device='cuda:0', grad_fn=<DivBackward0>)
Memory status after this epoch: 
Memory allocated:  764.5244140625
Memory cached:  1330.0
	 epoch  50 training error:  tensor(0.4592, device='cuda:0', grad_fn=<DivBackward0>)
Memory status after this epoch: 
Memory allocated:  764.5244140625
Memory cached:  1330.0
	 epoch  60 training error:  tensor(0.3860, device='cuda:0', grad_fn=<DivBackward0>)
Memory status after this epoch: 
Memory allocated:  764.5244140625
Memory cached:  1330.0
	 epoch  70 training error:  tensor(0.3444, device='cuda:0', grad_fn=<DivBackward0>)
Memory status after this epoch: 
Memory allocated:  764.5244140625
Memory cached:  1330.0
	 epoch  80 training error:  tensor(0.2837, device='cuda:0', grad_fn=<DivBackward0>)
Memory status after this epoch: 
Memory allocated:  764.5244140625
Memory cached:  1330.0
	 epoch  90 training error:  tensor(0.2440, device='cuda:0', grad_fn=<DivBackward0>)
Memory status after this epoch: 
Memory allocated:  764.5244140625
Memory cached:  1330.0
[I 2024-02-16 23:31:30,375] Trial 60 finished with value: 0.16269740462303162 and parameters: {'W_layers': 3, 'W_layer_units_exponent_0': 9, 'W_layer_units_exponent_1': 9, 'W_layer_units_exponent_2': 5, 'D_layers': 2, 'D_layer_units_exponent_0': 7, 'D_layer_units_exponent_1': 4, 'D_dagger_layers': 5, 'D_dagger_layer_units_exponent_0': 7, 'D_dagger_layer_units_exponent_1': 5, 'D_dagger_layer_units_exponent_2': 8, 'D_dagger_layer_units_exponent_3': 9, 'D_dagger_layer_units_exponent_4': 9, 'log_learning_rate': -3.811952387911197, 'log_learning_rate_D': -2.948897075214184, 'log_learning_rate_D_dagger': -3.2654704991629027, 'training_batch_size': 6, 'training_p': 6}. Best is trial 45 with value: 0.03961218520998955.
Time for this trial:  647.0861337184906
Memory status after this trial: 
Memory allocated:  1306.26611328125
Memory cached:  1330.0
--------------------  Trial  61   --------------------
Start timing: 
Parameters: 
{'W_layers': 3, 'W_layer_units_exponent_0': 8, 'W_layer_units_exponent_1': 10, 'W_layer_units_exponent_2': 4, 'D_layers': 4, 'D_layer_units_exponent_0': 8, 'D_layer_units_exponent_1': 6, 'D_layer_units_exponent_2': 8, 'D_layer_units_exponent_3': 7, 'D_dagger_layers': 4, 'D_dagger_layer_units_exponent_0': 8, 'D_dagger_layer_units_exponent_1': 4, 'D_dagger_layer_units_exponent_2': 7, 'D_dagger_layer_units_exponent_3': 10, 'log_learning_rate': -3.8744234416488084, 'log_learning_rate_D': -2.921662968358221, 'log_learning_rate_D_dagger': -2.6787591172274636, 'training_batch_size': 6, 'training_p': 8}
	 epoch  0 training error:  tensor(0.7131, device='cuda:0', grad_fn=<DivBackward0>)
Memory status after this epoch: 
Memory allocated:  761.4208984375
Memory cached:  1330.0
	 epoch  10 training error:  tensor(0.5434, device='cuda:0', grad_fn=<DivBackward0>)
Memory status after this epoch: 
Memory allocated:  761.4208984375
Memory cached:  1330.0
	 epoch  20 training error:  tensor(0.5386, device='cuda:0', grad_fn=<DivBackward0>)
Memory status after this epoch: 
Memory allocated:  761.4208984375
Memory cached:  1330.0
	 epoch  30 training error:  tensor(0.5332, device='cuda:0', grad_fn=<DivBackward0>)
Memory status after this epoch: 
Memory allocated:  761.4208984375
Memory cached:  1330.0
	 epoch  40 training error:  tensor(0.5274, device='cuda:0', grad_fn=<DivBackward0>)
Memory status after this epoch: 
Memory allocated:  761.4208984375
Memory cached:  1330.0
	 epoch  50 training error:  tensor(0.5215, device='cuda:0', grad_fn=<DivBackward0>)
Memory status after this epoch: 
Memory allocated:  761.4208984375
Memory cached:  1330.0
	 epoch  60 training error:  tensor(0.5251, device='cuda:0', grad_fn=<DivBackward0>)
Memory status after this epoch: 
Memory allocated:  761.4208984375
Memory cached:  1330.0
	 epoch  70 training error:  tensor(0.3512, device='cuda:0', grad_fn=<DivBackward0>)
Memory status after this epoch: 
Memory allocated:  761.4208984375
Memory cached:  1330.0
	 epoch  80 training error:  tensor(0.3012, device='cuda:0', grad_fn=<DivBackward0>)
Memory status after this epoch: 
Memory allocated:  761.4208984375
Memory cached:  1330.0
	 epoch  90 training error:  tensor(0.2353, device='cuda:0', grad_fn=<DivBackward0>)
Memory status after this epoch: 
Memory allocated:  761.4208984375
Memory cached:  1330.0
[I 2024-02-16 23:42:58,130] Trial 61 finished with value: 0.13031427562236786 and parameters: {'W_layers': 3, 'W_layer_units_exponent_0': 8, 'W_layer_units_exponent_1': 10, 'W_layer_units_exponent_2': 4, 'D_layers': 4, 'D_layer_units_exponent_0': 8, 'D_layer_units_exponent_1': 6, 'D_layer_units_exponent_2': 8, 'D_layer_units_exponent_3': 7, 'D_dagger_layers': 4, 'D_dagger_layer_units_exponent_0': 8, 'D_dagger_layer_units_exponent_1': 4, 'D_dagger_layer_units_exponent_2': 7, 'D_dagger_layer_units_exponent_3': 10, 'log_learning_rate': -3.8744234416488084, 'log_learning_rate_D': -2.921662968358221, 'log_learning_rate_D_dagger': -2.6787591172274636, 'training_batch_size': 6, 'training_p': 8}. Best is trial 45 with value: 0.03961218520998955.
Time for this trial:  687.2882232666016
Memory status after this trial: 
Memory allocated:  1452.47802734375
Memory cached:  1460.0
--------------------  Trial  62   --------------------
Start timing: 
Parameters: 
{'W_layers': 3, 'W_layer_units_exponent_0': 8, 'W_layer_units_exponent_1': 10, 'W_layer_units_exponent_2': 4, 'D_layers': 3, 'D_layer_units_exponent_0': 8, 'D_layer_units_exponent_1': 6, 'D_layer_units_exponent_2': 8, 'D_dagger_layers': 4, 'D_dagger_layer_units_exponent_0': 8, 'D_dagger_layer_units_exponent_1': 4, 'D_dagger_layer_units_exponent_2': 8, 'D_dagger_layer_units_exponent_3': 10, 'log_learning_rate': -4.100746378365678, 'log_learning_rate_D': -2.842975593030925, 'log_learning_rate_D_dagger': -2.4549463909517333, 'training_batch_size': 6, 'training_p': 8}
	 epoch  0 training error:  tensor(1.1638, device='cuda:0', grad_fn=<DivBackward0>)
Memory status after this epoch: 
Memory allocated:  762.9541015625
Memory cached:  1330.0
	 epoch  10 training error:  tensor(0.5355, device='cuda:0', grad_fn=<DivBackward0>)
Memory status after this epoch: 
Memory allocated:  762.9541015625
Memory cached:  1330.0
	 epoch  20 training error:  tensor(0.6172, device='cuda:0', grad_fn=<DivBackward0>)
Memory status after this epoch: 
Memory allocated:  762.9541015625
Memory cached:  1330.0
	 epoch  30 training error:  tensor(0.3814, device='cuda:0', grad_fn=<DivBackward0>)
Memory status after this epoch: 
Memory allocated:  762.9541015625
Memory cached:  1330.0
	 epoch  40 training error:  tensor(0.2766, device='cuda:0', grad_fn=<DivBackward0>)
Memory status after this epoch: 
Memory allocated:  762.9541015625
Memory cached:  1330.0
	 epoch  50 training error:  tensor(0.1818, device='cuda:0', grad_fn=<DivBackward0>)
Memory status after this epoch: 
Memory allocated:  762.9541015625
Memory cached:  1330.0
	 epoch  60 training error:  tensor(0.1778, device='cuda:0', grad_fn=<DivBackward0>)
Memory status after this epoch: 
Memory allocated:  762.9541015625
Memory cached:  1330.0
	 epoch  70 training error:  tensor(0.1503, device='cuda:0', grad_fn=<DivBackward0>)
Memory status after this epoch: 
Memory allocated:  762.9541015625
Memory cached:  1330.0
	 epoch  80 training error:  tensor(0.1178, device='cuda:0', grad_fn=<DivBackward0>)
Memory status after this epoch: 
Memory allocated:  762.9541015625
Memory cached:  1330.0
	 epoch  90 training error:  tensor(0.1253, device='cuda:0', grad_fn=<DivBackward0>)
Memory status after this epoch: 
Memory allocated:  762.9541015625
Memory cached:  1330.0
[I 2024-02-16 23:53:52,432] Trial 62 finished with value: 0.12084521353244781 and parameters: {'W_layers': 3, 'W_layer_units_exponent_0': 8, 'W_layer_units_exponent_1': 10, 'W_layer_units_exponent_2': 4, 'D_layers': 3, 'D_layer_units_exponent_0': 8, 'D_layer_units_exponent_1': 6, 'D_layer_units_exponent_2': 8, 'D_dagger_layers': 4, 'D_dagger_layer_units_exponent_0': 8, 'D_dagger_layer_units_exponent_1': 4, 'D_dagger_layer_units_exponent_2': 8, 'D_dagger_layer_units_exponent_3': 10, 'log_learning_rate': -4.100746378365678, 'log_learning_rate_D': -2.842975593030925, 'log_learning_rate_D_dagger': -2.4549463909517333, 'training_batch_size': 6, 'training_p': 8}. Best is trial 45 with value: 0.03961218520998955.
Time for this trial:  653.9030706882477
Memory status after this trial: 
Memory allocated:  1449.65087890625
Memory cached:  1458.0
--------------------  Trial  63   --------------------
Start timing: 
Parameters: 
{'W_layers': 4, 'W_layer_units_exponent_0': 7, 'W_layer_units_exponent_1': 10, 'W_layer_units_exponent_2': 4, 'W_layer_units_exponent_3': 10, 'D_layers': 5, 'D_layer_units_exponent_0': 8, 'D_layer_units_exponent_1': 7, 'D_layer_units_exponent_2': 7, 'D_layer_units_exponent_3': 6, 'D_layer_units_exponent_4': 7, 'D_dagger_layers': 3, 'D_dagger_layer_units_exponent_0': 9, 'D_dagger_layer_units_exponent_1': 4, 'D_dagger_layer_units_exponent_2': 6, 'log_learning_rate': -4.2042224334536025, 'log_learning_rate_D': -3.3018361122138633, 'log_learning_rate_D_dagger': -2.798341584093955, 'training_batch_size': 6, 'training_p': 8}
	 epoch  0 training error:  tensor(0.6975, device='cuda:0', grad_fn=<DivBackward0>)
Memory status after this epoch: 
Memory allocated:  757.7255859375
Memory cached:  1330.0
	 epoch  10 training error:  tensor(0.5272, device='cuda:0', grad_fn=<DivBackward0>)
Memory status after this epoch: 
Memory allocated:  757.7255859375
Memory cached:  1330.0
	 epoch  20 training error:  tensor(0.3815, device='cuda:0', grad_fn=<DivBackward0>)
Memory status after this epoch: 
Memory allocated:  757.7255859375
Memory cached:  1330.0
	 epoch  30 training error:  tensor(0.2717, device='cuda:0', grad_fn=<DivBackward0>)
Memory status after this epoch: 
Memory allocated:  757.7255859375
Memory cached:  1330.0
	 epoch  40 training error:  tensor(0.2020, device='cuda:0', grad_fn=<DivBackward0>)
Memory status after this epoch: 
Memory allocated:  757.7255859375
Memory cached:  1330.0
	 epoch  50 training error:  tensor(0.1464, device='cuda:0', grad_fn=<DivBackward0>)
Memory status after this epoch: 
Memory allocated:  757.7255859375
Memory cached:  1330.0
	 epoch  60 training error:  tensor(0.1086, device='cuda:0', grad_fn=<DivBackward0>)
Memory status after this epoch: 
Memory allocated:  757.7255859375
Memory cached:  1330.0
	 epoch  70 training error:  tensor(0.1161, device='cuda:0', grad_fn=<DivBackward0>)
Memory status after this epoch: 
Memory allocated:  757.7255859375
Memory cached:  1330.0
	 epoch  80 training error:  tensor(0.1015, device='cuda:0', grad_fn=<DivBackward0>)
Memory status after this epoch: 
Memory allocated:  757.7255859375
Memory cached:  1330.0
	 epoch  90 training error:  tensor(0.0913, device='cuda:0', grad_fn=<DivBackward0>)
Memory status after this epoch: 
Memory allocated:  757.7255859375
Memory cached:  1330.0
[I 2024-02-17 00:05:55,644] Trial 63 finished with value: 0.05476072058081627 and parameters: {'W_layers': 4, 'W_layer_units_exponent_0': 7, 'W_layer_units_exponent_1': 10, 'W_layer_units_exponent_2': 4, 'W_layer_units_exponent_3': 10, 'D_layers': 5, 'D_layer_units_exponent_0': 8, 'D_layer_units_exponent_1': 7, 'D_layer_units_exponent_2': 7, 'D_layer_units_exponent_3': 6, 'D_layer_units_exponent_4': 7, 'D_dagger_layers': 3, 'D_dagger_layer_units_exponent_0': 9, 'D_dagger_layer_units_exponent_1': 4, 'D_dagger_layer_units_exponent_2': 6, 'log_learning_rate': -4.2042224334536025, 'log_learning_rate_D': -3.3018361122138633, 'log_learning_rate_D_dagger': -2.798341584093955, 'training_batch_size': 6, 'training_p': 8}. Best is trial 45 with value: 0.03961218520998955.
Time for this trial:  722.7402145862579
Memory status after this trial: 
Memory allocated:  1462.83740234375
Memory cached:  1468.0
--------------------  Trial  64   --------------------
Start timing: 
Parameters: 
{'W_layers': 4, 'W_layer_units_exponent_0': 7, 'W_layer_units_exponent_1': 10, 'W_layer_units_exponent_2': 4, 'W_layer_units_exponent_3': 10, 'D_layers': 7, 'D_layer_units_exponent_0': 7, 'D_layer_units_exponent_1': 7, 'D_layer_units_exponent_2': 7, 'D_layer_units_exponent_3': 6, 'D_layer_units_exponent_4': 7, 'D_layer_units_exponent_5': 7, 'D_layer_units_exponent_6': 6, 'D_dagger_layers': 3, 'D_dagger_layer_units_exponent_0': 9, 'D_dagger_layer_units_exponent_1': 5, 'D_dagger_layer_units_exponent_2': 6, 'log_learning_rate': -4.322966808436008, 'log_learning_rate_D': -3.2630782289472027, 'log_learning_rate_D_dagger': -2.823018551809464, 'training_batch_size': 7, 'training_p': 7}
	 epoch  0 training error:  tensor(0.8142, device='cuda:0', grad_fn=<DivBackward0>)
Memory status after this epoch: 
Memory allocated:  757.8916015625
Memory cached:  1332.0
	 epoch  10 training error:  tensor(0.5298, device='cuda:0', grad_fn=<DivBackward0>)
Memory status after this epoch: 
Memory allocated:  757.8916015625
Memory cached:  1332.0
	 epoch  20 training error:  tensor(0.5192, device='cuda:0', grad_fn=<DivBackward0>)
Memory status after this epoch: 
Memory allocated:  757.8916015625
Memory cached:  1332.0
	 epoch  30 training error:  tensor(0.5054, device='cuda:0', grad_fn=<DivBackward0>)
Memory status after this epoch: 
Memory allocated:  757.8916015625
Memory cached:  1332.0
	 epoch  40 training error:  tensor(0.4093, device='cuda:0', grad_fn=<DivBackward0>)
Memory status after this epoch: 
Memory allocated:  757.8916015625
Memory cached:  1332.0
	 epoch  50 training error:  tensor(0.3262, device='cuda:0', grad_fn=<DivBackward0>)
Memory status after this epoch: 
Memory allocated:  757.8916015625
Memory cached:  1332.0
	 epoch  60 training error:  tensor(0.2665, device='cuda:0', grad_fn=<DivBackward0>)
Memory status after this epoch: 
Memory allocated:  757.8916015625
Memory cached:  1332.0
	 epoch  70 training error:  tensor(0.2503, device='cuda:0', grad_fn=<DivBackward0>)
Memory status after this epoch: 
Memory allocated:  757.8916015625
Memory cached:  1332.0
	 epoch  80 training error:  tensor(0.2449, device='cuda:0', grad_fn=<DivBackward0>)
Memory status after this epoch: 
Memory allocated:  757.8916015625
Memory cached:  1332.0
	 epoch  90 training error:  tensor(0.1951, device='cuda:0', grad_fn=<DivBackward0>)
Memory status after this epoch: 
Memory allocated:  757.8916015625
Memory cached:  1332.0
[I 2024-02-17 00:14:25,067] Trial 64 finished with value: 0.3187043368816376 and parameters: {'W_layers': 4, 'W_layer_units_exponent_0': 7, 'W_layer_units_exponent_1': 10, 'W_layer_units_exponent_2': 4, 'W_layer_units_exponent_3': 10, 'D_layers': 7, 'D_layer_units_exponent_0': 7, 'D_layer_units_exponent_1': 7, 'D_layer_units_exponent_2': 7, 'D_layer_units_exponent_3': 6, 'D_layer_units_exponent_4': 7, 'D_layer_units_exponent_5': 7, 'D_layer_units_exponent_6': 6, 'D_dagger_layers': 3, 'D_dagger_layer_units_exponent_0': 9, 'D_dagger_layer_units_exponent_1': 5, 'D_dagger_layer_units_exponent_2': 6, 'log_learning_rate': -4.322966808436008, 'log_learning_rate_D': -3.2630782289472027, 'log_learning_rate_D_dagger': -2.823018551809464, 'training_batch_size': 7, 'training_p': 7}. Best is trial 45 with value: 0.03961218520998955.
Time for this trial:  508.8950891494751
Memory status after this trial: 
Memory allocated:  1481.75732421875
Memory cached:  1488.0
--------------------  Trial  65   --------------------
Start timing: 
Parameters: 
{'W_layers': 5, 'W_layer_units_exponent_0': 7, 'W_layer_units_exponent_1': 9, 'W_layer_units_exponent_2': 5, 'W_layer_units_exponent_3': 9, 'W_layer_units_exponent_4': 9, 'D_layers': 5, 'D_layer_units_exponent_0': 8, 'D_layer_units_exponent_1': 8, 'D_layer_units_exponent_2': 7, 'D_layer_units_exponent_3': 8, 'D_layer_units_exponent_4': 7, 'D_dagger_layers': 3, 'D_dagger_layer_units_exponent_0': 9, 'D_dagger_layer_units_exponent_1': 4, 'D_dagger_layer_units_exponent_2': 6, 'log_learning_rate': -4.2002882469780225, 'log_learning_rate_D': -3.500084333294691, 'log_learning_rate_D_dagger': -2.2425768029759507, 'training_batch_size': 6, 'training_p': 5}
	 epoch  0 training error:  tensor(0.6711, device='cuda:0', grad_fn=<DivBackward0>)
Memory status after this epoch: 
Memory allocated:  762.2138671875
Memory cached:  1330.0
	 epoch  10 training error:  tensor(0.4563, device='cuda:0', grad_fn=<DivBackward0>)
Memory status after this epoch: 
Memory allocated:  762.2138671875
Memory cached:  1330.0
	 epoch  20 training error:  tensor(0.2377, device='cuda:0', grad_fn=<DivBackward0>)
Memory status after this epoch: 
Memory allocated:  762.2138671875
Memory cached:  1330.0
	 epoch  30 training error:  tensor(0.2232, device='cuda:0', grad_fn=<DivBackward0>)
Memory status after this epoch: 
Memory allocated:  762.2138671875
Memory cached:  1330.0
	 epoch  40 training error:  tensor(0.2250, device='cuda:0', grad_fn=<DivBackward0>)
Memory status after this epoch: 
Memory allocated:  762.2138671875
Memory cached:  1330.0
	 epoch  50 training error:  tensor(0.1508, device='cuda:0', grad_fn=<DivBackward0>)
Memory status after this epoch: 
Memory allocated:  762.2138671875
Memory cached:  1330.0
	 epoch  60 training error:  tensor(0.1106, device='cuda:0', grad_fn=<DivBackward0>)
Memory status after this epoch: 
Memory allocated:  762.2138671875
Memory cached:  1330.0
	 epoch  70 training error:  tensor(0.1258, device='cuda:0', grad_fn=<DivBackward0>)
Memory status after this epoch: 
Memory allocated:  762.2138671875
Memory cached:  1330.0
	 epoch  80 training error:  tensor(0.1058, device='cuda:0', grad_fn=<DivBackward0>)
Memory status after this epoch: 
Memory allocated:  762.2138671875
Memory cached:  1330.0
	 epoch  90 training error:  tensor(0.0908, device='cuda:0', grad_fn=<DivBackward0>)
Memory status after this epoch: 
Memory allocated:  762.2138671875
Memory cached:  1330.0
