[I 2023-12-07 03:48:08,491] Trial 12 finished with value: 0.5669482946395874 and parameters: {'W_layers': 3, 'W_layer_units_exponent_0': 10, 'W_layer_units_exponent_1': 5, 'W_layer_units_exponent_2': 8, 'D_layers': 5, 'D_layer_units_exponent_0': 5, 'D_layer_units_exponent_1': 5, 'D_layer_units_exponent_2': 9, 'D_layer_units_exponent_3': 8, 'D_layer_units_exponent_4': 6, 'D_dagger_layers': 7, 'D_dagger_layer_units_exponent_0': 6, 'D_dagger_layer_units_exponent_1': 10, 'D_dagger_layer_units_exponent_2': 8, 'D_dagger_layer_units_exponent_3': 9, 'D_dagger_layer_units_exponent_4': 4, 'D_dagger_layer_units_exponent_5': 7, 'D_dagger_layer_units_exponent_6': 10, 'log_learning_rate': -1.7539707369705306, 'log_learning_rate_D': -4.3244757014287885, 'log_learning_rate_D_dagger': -3.788643448869356, 'training_batch_size': 11, 'training_p': 3}. Best is trial 12 with value: 0.5669482946395874.
res:  tensor(0.5669, device='cuda:0', grad_fn=<DivBackward0>)
self.bestValue:  tensor(0.6062, device='cuda:0', grad_fn=<DivBackward0>)
Save this model!
Time for this trial:  19.964218139648438
Memory status after this trial: 
Memory allocated:  231.3173828125
Memory cached:  278.0
--------------------  Trial  13   --------------------
Start timing: 
Parameters: 
{'W_layers': 4, 'W_layer_units_exponent_0': 7, 'W_layer_units_exponent_1': 6, 'W_layer_units_exponent_2': 8, 'W_layer_units_exponent_3': 10, 'D_layers': 4, 'D_layer_units_exponent_0': 5, 'D_layer_units_exponent_1': 5, 'D_layer_units_exponent_2': 8, 'D_layer_units_exponent_3': 9, 'D_dagger_layers': 6, 'D_dagger_layer_units_exponent_0': 7, 'D_dagger_layer_units_exponent_1': 8, 'D_dagger_layer_units_exponent_2': 10, 'D_dagger_layer_units_exponent_3': 8, 'D_dagger_layer_units_exponent_4': 7, 'D_dagger_layer_units_exponent_5': 6, 'log_learning_rate': -1.7392811467106912, 'log_learning_rate_D': -3.074205065004259, 'log_learning_rate_D_dagger': -3.958038014573984, 'training_batch_size': 11, 'training_p': 2}
	 epoch  0 training error:  tensor(0.9692, device='cuda:0', grad_fn=<DivBackward0>)
Memory status after this epoch: 
Memory allocated:  245.46484375
Memory cached:  286.0
	 epoch  10 training error:  tensor(0.9364, device='cuda:0', grad_fn=<DivBackward0>)
Memory status after this epoch: 
Memory allocated:  245.46484375
Memory cached:  286.0
	 epoch  20 training error:  tensor(0.9342, device='cuda:0', grad_fn=<DivBackward0>)
Memory status after this epoch: 
Memory allocated:  245.46484375
Memory cached:  286.0
	 epoch  30 training error:  tensor(0.8767, device='cuda:0', grad_fn=<DivBackward0>)
Memory status after this epoch: 
Memory allocated:  245.46484375
Memory cached:  286.0
	 epoch  40 training error:  tensor(0.7815, device='cuda:0', grad_fn=<DivBackward0>)
Memory status after this epoch: 
Memory allocated:  245.46484375
Memory cached:  286.0
	 epoch  50 training error:  tensor(0.7257, device='cuda:0', grad_fn=<DivBackward0>)
Memory status after this epoch: 
Memory allocated:  245.46484375
Memory cached:  286.0
	 epoch  60 training error:  tensor(0.7210, device='cuda:0', grad_fn=<DivBackward0>)
Memory status after this epoch: 
Memory allocated:  245.46484375
Memory cached:  286.0
	 epoch  70 training error:  tensor(0.7116, device='cuda:0', grad_fn=<DivBackward0>)
Memory status after this epoch: 
Memory allocated:  245.46484375
Memory cached:  286.0
	 epoch  80 training error:  tensor(0.6972, device='cuda:0', grad_fn=<DivBackward0>)
Memory status after this epoch: 
Memory allocated:  245.46484375
Memory cached:  286.0
	 epoch  90 training error:  tensor(0.6718, device='cuda:0', grad_fn=<DivBackward0>)
Memory status after this epoch: 
Memory allocated:  245.46484375
Memory cached:  286.0
[I 2023-12-07 03:48:27,997] Trial 13 finished with value: 0.5774232149124146 and parameters: {'W_layers': 4, 'W_layer_units_exponent_0': 7, 'W_layer_units_exponent_1': 6, 'W_layer_units_exponent_2': 8, 'W_layer_units_exponent_3': 10, 'D_layers': 4, 'D_layer_units_exponent_0': 5, 'D_layer_units_exponent_1': 5, 'D_layer_units_exponent_2': 8, 'D_layer_units_exponent_3': 9, 'D_dagger_layers': 6, 'D_dagger_layer_units_exponent_0': 7, 'D_dagger_layer_units_exponent_1': 8, 'D_dagger_layer_units_exponent_2': 10, 'D_dagger_layer_units_exponent_3': 8, 'D_dagger_layer_units_exponent_4': 7, 'D_dagger_layer_units_exponent_5': 6, 'log_learning_rate': -1.7392811467106912, 'log_learning_rate_D': -3.074205065004259, 'log_learning_rate_D_dagger': -3.958038014573984, 'training_batch_size': 11, 'training_p': 2}. Best is trial 12 with value: 0.5669482946395874.
Time for this trial:  19.32656979560852
Memory status after this trial: 
Memory allocated:  411.70458984375
Memory cached:  438.0
--------------------  Trial  14   --------------------
Start timing: 
Parameters: 
{'W_layers': 4, 'W_layer_units_exponent_0': 7, 'W_layer_units_exponent_1': 6, 'W_layer_units_exponent_2': 8, 'W_layer_units_exponent_3': 10, 'D_layers': 4, 'D_layer_units_exponent_0': 5, 'D_layer_units_exponent_1': 5, 'D_layer_units_exponent_2': 8, 'D_layer_units_exponent_3': 10, 'D_dagger_layers': 6, 'D_dagger_layer_units_exponent_0': 5, 'D_dagger_layer_units_exponent_1': 8, 'D_dagger_layer_units_exponent_2': 9, 'D_dagger_layer_units_exponent_3': 8, 'D_dagger_layer_units_exponent_4': 7, 'D_dagger_layer_units_exponent_5': 6, 'log_learning_rate': -1.0511693635893145, 'log_learning_rate_D': -3.0011949978494443, 'log_learning_rate_D_dagger': -4.8627434192982815, 'training_batch_size': 10, 'training_p': 2}
	 epoch  0 training error:  tensor(0.9867, device='cuda:0', grad_fn=<DivBackward0>)
Memory status after this epoch: 
Memory allocated:  241.5859375
Memory cached:  280.0
	 epoch  10 training error:  tensor(1200.7432, device='cuda:0', grad_fn=<DivBackward0>)
Memory status after this epoch: 
Memory allocated:  241.5859375
Memory cached:  280.0
	 epoch  20 training error:  tensor(5.0482, device='cuda:0', grad_fn=<DivBackward0>)
Memory status after this epoch: 
Memory allocated:  241.5859375
Memory cached:  280.0
	 epoch  30 training error:  tensor(1068.4274, device='cuda:0', grad_fn=<DivBackward0>)
Memory status after this epoch: 
Memory allocated:  241.5859375
Memory cached:  280.0
	 epoch  40 training error:  tensor(477.8860, device='cuda:0', grad_fn=<DivBackward0>)
Memory status after this epoch: 
Memory allocated:  241.5859375
Memory cached:  280.0
	 epoch  50 training error:  tensor(108.9649, device='cuda:0', grad_fn=<DivBackward0>)
Memory status after this epoch: 
Memory allocated:  241.5859375
Memory cached:  280.0
	 epoch  60 training error:  tensor(74.8290, device='cuda:0', grad_fn=<DivBackward0>)
Memory status after this epoch: 
Memory allocated:  241.5859375
Memory cached:  280.0
	 epoch  70 training error:  tensor(5.0632, device='cuda:0', grad_fn=<DivBackward0>)
Memory status after this epoch: 
Memory allocated:  241.5859375
Memory cached:  280.0
	 epoch  80 training error:  tensor(16.8480, device='cuda:0', grad_fn=<DivBackward0>)
Memory status after this epoch: 
Memory allocated:  241.5859375
Memory cached:  280.0
	 epoch  90 training error:  tensor(0.9710, device='cuda:0', grad_fn=<DivBackward0>)
Memory status after this epoch: 
Memory allocated:  241.5859375
Memory cached:  280.0
[I 2023-12-07 03:48:47,751] Trial 14 finished with value: 1.5442472696304321 and parameters: {'W_layers': 4, 'W_layer_units_exponent_0': 7, 'W_layer_units_exponent_1': 6, 'W_layer_units_exponent_2': 8, 'W_layer_units_exponent_3': 10, 'D_layers': 4, 'D_layer_units_exponent_0': 5, 'D_layer_units_exponent_1': 5, 'D_layer_units_exponent_2': 8, 'D_layer_units_exponent_3': 10, 'D_dagger_layers': 6, 'D_dagger_layer_units_exponent_0': 5, 'D_dagger_layer_units_exponent_1': 8, 'D_dagger_layer_units_exponent_2': 9, 'D_dagger_layer_units_exponent_3': 8, 'D_dagger_layer_units_exponent_4': 7, 'D_dagger_layer_units_exponent_5': 6, 'log_learning_rate': -1.0511693635893145, 'log_learning_rate_D': -3.0011949978494443, 'log_learning_rate_D_dagger': -4.8627434192982815, 'training_batch_size': 10, 'training_p': 2}. Best is trial 12 with value: 0.5669482946395874.
Time for this trial:  19.56678032875061
Memory status after this trial: 
Memory allocated:  376.10498046875
Memory cached:  396.0
--------------------  Trial  15   --------------------
Start timing: 
Parameters: 
{'W_layers': 5, 'W_layer_units_exponent_0': 7, 'W_layer_units_exponent_1': 8, 'W_layer_units_exponent_2': 9, 'W_layer_units_exponent_3': 8, 'W_layer_units_exponent_4': 10, 'D_layers': 4, 'D_layer_units_exponent_0': 4, 'D_layer_units_exponent_1': 5, 'D_layer_units_exponent_2': 7, 'D_layer_units_exponent_3': 9, 'D_dagger_layers': 7, 'D_dagger_layer_units_exponent_0': 7, 'D_dagger_layer_units_exponent_1': 10, 'D_dagger_layer_units_exponent_2': 8, 'D_dagger_layer_units_exponent_3': 8, 'D_dagger_layer_units_exponent_4': 6, 'D_dagger_layer_units_exponent_5': 5, 'D_dagger_layer_units_exponent_6': 10, 'log_learning_rate': -2.1080975130201214, 'log_learning_rate_D': -4.196317819070716, 'log_learning_rate_D_dagger': -3.8852450746757596, 'training_batch_size': 11, 'training_p': 3}
	 epoch  0 training error:  tensor(0.9893, device='cuda:0', grad_fn=<DivBackward0>)
Memory status after this epoch: 
Memory allocated:  248.01708984375
Memory cached:  284.0
	 epoch  10 training error:  tensor(1.1841, device='cuda:0', grad_fn=<DivBackward0>)
Memory status after this epoch: 
Memory allocated:  248.01708984375
Memory cached:  286.0
	 epoch  20 training error:  tensor(0.9510, device='cuda:0', grad_fn=<DivBackward0>)
Memory status after this epoch: 
Memory allocated:  248.01708984375
Memory cached:  286.0
	 epoch  30 training error:  tensor(0.8546, device='cuda:0', grad_fn=<DivBackward0>)
Memory status after this epoch: 
Memory allocated:  248.01708984375
Memory cached:  286.0
	 epoch  40 training error:  tensor(0.8028, device='cuda:0', grad_fn=<DivBackward0>)
Memory status after this epoch: 
Memory allocated:  248.01708984375
Memory cached:  286.0
	 epoch  50 training error:  tensor(0.7818, device='cuda:0', grad_fn=<DivBackward0>)
Memory status after this epoch: 
Memory allocated:  248.01708984375
Memory cached:  286.0
	 epoch  60 training error:  tensor(0.7680, device='cuda:0', grad_fn=<DivBackward0>)
Memory status after this epoch: 
Memory allocated:  248.01708984375
Memory cached:  286.0
	 epoch  70 training error:  tensor(0.7480, device='cuda:0', grad_fn=<DivBackward0>)
Memory status after this epoch: 
Memory allocated:  248.01708984375
Memory cached:  286.0
	 epoch  80 training error:  tensor(0.6950, device='cuda:0', grad_fn=<DivBackward0>)
Memory status after this epoch: 
Memory allocated:  248.01708984375
Memory cached:  286.0
	 epoch  90 training error:  tensor(0.6446, device='cuda:0', grad_fn=<DivBackward0>)
Memory status after this epoch: 
Memory allocated:  248.01708984375
Memory cached:  286.0
[I 2023-12-07 03:49:09,357] Trial 15 finished with value: 0.5513429045677185 and parameters: {'W_layers': 5, 'W_layer_units_exponent_0': 7, 'W_layer_units_exponent_1': 8, 'W_layer_units_exponent_2': 9, 'W_layer_units_exponent_3': 8, 'W_layer_units_exponent_4': 10, 'D_layers': 4, 'D_layer_units_exponent_0': 4, 'D_layer_units_exponent_1': 5, 'D_layer_units_exponent_2': 7, 'D_layer_units_exponent_3': 9, 'D_dagger_layers': 7, 'D_dagger_layer_units_exponent_0': 7, 'D_dagger_layer_units_exponent_1': 10, 'D_dagger_layer_units_exponent_2': 8, 'D_dagger_layer_units_exponent_3': 8, 'D_dagger_layer_units_exponent_4': 6, 'D_dagger_layer_units_exponent_5': 5, 'D_dagger_layer_units_exponent_6': 10, 'log_learning_rate': -2.1080975130201214, 'log_learning_rate_D': -4.196317819070716, 'log_learning_rate_D_dagger': -3.8852450746757596, 'training_batch_size': 11, 'training_p': 3}. Best is trial 15 with value: 0.5513429045677185.
res:  tensor(0.5513, device='cuda:0', grad_fn=<DivBackward0>)
self.bestValue:  tensor(0.5669, device='cuda:0', grad_fn=<DivBackward0>)
Save this model!
Time for this trial:  21.405096292495728
Memory status after this trial: 
Memory allocated:  263.1611328125
Memory cached:  400.0
--------------------  Trial  16   --------------------
Start timing: 
Parameters: 
{'W_layers': 5, 'W_layer_units_exponent_0': 10, 'W_layer_units_exponent_1': 8, 'W_layer_units_exponent_2': 9, 'W_layer_units_exponent_3': 8, 'W_layer_units_exponent_4': 10, 'D_layers': 3, 'D_layer_units_exponent_0': 4, 'D_layer_units_exponent_1': 6, 'D_layer_units_exponent_2': 6, 'D_dagger_layers': 7, 'D_dagger_layer_units_exponent_0': 5, 'D_dagger_layer_units_exponent_1': 10, 'D_dagger_layer_units_exponent_2': 8, 'D_dagger_layer_units_exponent_3': 8, 'D_dagger_layer_units_exponent_4': 5, 'D_dagger_layer_units_exponent_5': 4, 'D_dagger_layer_units_exponent_6': 10, 'log_learning_rate': -2.18536564896326, 'log_learning_rate_D': -4.921290566965533, 'log_learning_rate_D_dagger': -3.853675884464212, 'training_batch_size': 10, 'training_p': 3}
	 epoch  0 training error:  tensor(0.9965, device='cuda:0', grad_fn=<DivBackward0>)
Memory status after this epoch: 
Memory allocated:  281.23828125
Memory cached:  400.0
	 epoch  10 training error:  tensor(0.9669, device='cuda:0', grad_fn=<DivBackward0>)
Memory status after this epoch: 
Memory allocated:  281.23828125
Memory cached:  404.0
	 epoch  20 training error:  tensor(1.0034, device='cuda:0', grad_fn=<DivBackward0>)
Memory status after this epoch: 
Memory allocated:  281.23828125
Memory cached:  404.0
	 epoch  30 training error:  tensor(0.8973, device='cuda:0', grad_fn=<DivBackward0>)
Memory status after this epoch: 
Memory allocated:  281.23828125
Memory cached:  404.0
	 epoch  40 training error:  tensor(0.7902, device='cuda:0', grad_fn=<DivBackward0>)
Memory status after this epoch: 
Memory allocated:  281.23828125
Memory cached:  404.0
	 epoch  50 training error:  tensor(0.7788, device='cuda:0', grad_fn=<DivBackward0>)
Memory status after this epoch: 
Memory allocated:  281.23828125
Memory cached:  404.0
	 epoch  60 training error:  tensor(0.7677, device='cuda:0', grad_fn=<DivBackward0>)
Memory status after this epoch: 
Memory allocated:  281.23828125
Memory cached:  404.0
	 epoch  70 training error:  tensor(0.7502, device='cuda:0', grad_fn=<DivBackward0>)
Memory status after this epoch: 
Memory allocated:  281.23828125
Memory cached:  404.0
	 epoch  80 training error:  tensor(0.7100, device='cuda:0', grad_fn=<DivBackward0>)
Memory status after this epoch: 
Memory allocated:  281.23828125
Memory cached:  404.0
	 epoch  90 training error:  tensor(0.6535, device='cuda:0', grad_fn=<DivBackward0>)
Memory status after this epoch: 
Memory allocated:  281.23828125
Memory cached:  404.0
[I 2023-12-07 03:49:31,093] Trial 16 finished with value: 0.533810019493103 and parameters: {'W_layers': 5, 'W_layer_units_exponent_0': 10, 'W_layer_units_exponent_1': 8, 'W_layer_units_exponent_2': 9, 'W_layer_units_exponent_3': 8, 'W_layer_units_exponent_4': 10, 'D_layers': 3, 'D_layer_units_exponent_0': 4, 'D_layer_units_exponent_1': 6, 'D_layer_units_exponent_2': 6, 'D_dagger_layers': 7, 'D_dagger_layer_units_exponent_0': 5, 'D_dagger_layer_units_exponent_1': 10, 'D_dagger_layer_units_exponent_2': 8, 'D_dagger_layer_units_exponent_3': 8, 'D_dagger_layer_units_exponent_4': 5, 'D_dagger_layer_units_exponent_5': 4, 'D_dagger_layer_units_exponent_6': 10, 'log_learning_rate': -2.18536564896326, 'log_learning_rate_D': -4.921290566965533, 'log_learning_rate_D_dagger': -3.853675884464212, 'training_batch_size': 10, 'training_p': 3}. Best is trial 16 with value: 0.533810019493103.
res:  tensor(0.5338, device='cuda:0', grad_fn=<DivBackward0>)
self.bestValue:  tensor(0.5513, device='cuda:0', grad_fn=<DivBackward0>)
Save this model!
Time for this trial:  21.552154779434204
Memory status after this trial: 
Memory allocated:  305.63671875
Memory cached:  460.0
--------------------  Trial  17   --------------------
Start timing: 
Parameters: 
{'W_layers': 5, 'W_layer_units_exponent_0': 8, 'W_layer_units_exponent_1': 8, 'W_layer_units_exponent_2': 9, 'W_layer_units_exponent_3': 8, 'W_layer_units_exponent_4': 10, 'D_layers': 3, 'D_layer_units_exponent_0': 4, 'D_layer_units_exponent_1': 6, 'D_layer_units_exponent_2': 6, 'D_dagger_layers': 7, 'D_dagger_layer_units_exponent_0': 5, 'D_dagger_layer_units_exponent_1': 10, 'D_dagger_layer_units_exponent_2': 8, 'D_dagger_layer_units_exponent_3': 6, 'D_dagger_layer_units_exponent_4': 6, 'D_dagger_layer_units_exponent_5': 4, 'D_dagger_layer_units_exponent_6': 10, 'log_learning_rate': -2.1656940500978528, 'log_learning_rate_D': -4.981837396826132, 'log_learning_rate_D_dagger': -4.36869099719069, 'training_batch_size': 10, 'training_p': 4}
	 epoch  0 training error:  tensor(1.0094, device='cuda:0', grad_fn=<DivBackward0>)
Memory status after this epoch: 
Memory allocated:  319.8837890625
Memory cached:  456.0
	 epoch  10 training error:  tensor(1.9454, device='cuda:0', grad_fn=<DivBackward0>)
Memory status after this epoch: 
Memory allocated:  319.8837890625
Memory cached:  458.0
	 epoch  20 training error:  tensor(0.9858, device='cuda:0', grad_fn=<DivBackward0>)
Memory status after this epoch: 
Memory allocated:  319.8837890625
Memory cached:  458.0
	 epoch  30 training error:  tensor(0.9709, device='cuda:0', grad_fn=<DivBackward0>)
Memory status after this epoch: 
Memory allocated:  319.8837890625
Memory cached:  458.0
	 epoch  40 training error:  tensor(0.9604, device='cuda:0', grad_fn=<DivBackward0>)
Memory status after this epoch: 
Memory allocated:  319.8837890625
Memory cached:  458.0
	 epoch  50 training error:  tensor(0.9411, device='cuda:0', grad_fn=<DivBackward0>)
Memory status after this epoch: 
Memory allocated:  319.8837890625
Memory cached:  458.0
	 epoch  60 training error:  tensor(0.9116, device='cuda:0', grad_fn=<DivBackward0>)
Memory status after this epoch: 
Memory allocated:  319.8837890625
Memory cached:  458.0
	 epoch  70 training error:  tensor(0.8669, device='cuda:0', grad_fn=<DivBackward0>)
Memory status after this epoch: 
Memory allocated:  319.8837890625
Memory cached:  458.0
	 epoch  80 training error:  tensor(0.8138, device='cuda:0', grad_fn=<DivBackward0>)
Memory status after this epoch: 
Memory allocated:  319.8837890625
Memory cached:  458.0
	 epoch  90 training error:  tensor(0.7941, device='cuda:0', grad_fn=<DivBackward0>)
Memory status after this epoch: 
Memory allocated:  319.8837890625
Memory cached:  458.0
[I 2023-12-07 03:49:51,855] Trial 17 finished with value: 0.7586181163787842 and parameters: {'W_layers': 5, 'W_layer_units_exponent_0': 8, 'W_layer_units_exponent_1': 8, 'W_layer_units_exponent_2': 9, 'W_layer_units_exponent_3': 8, 'W_layer_units_exponent_4': 10, 'D_layers': 3, 'D_layer_units_exponent_0': 4, 'D_layer_units_exponent_1': 6, 'D_layer_units_exponent_2': 6, 'D_dagger_layers': 7, 'D_dagger_layer_units_exponent_0': 5, 'D_dagger_layer_units_exponent_1': 10, 'D_dagger_layer_units_exponent_2': 8, 'D_dagger_layer_units_exponent_3': 6, 'D_dagger_layer_units_exponent_4': 6, 'D_dagger_layer_units_exponent_5': 4, 'D_dagger_layer_units_exponent_6': 10, 'log_learning_rate': -2.1656940500978528, 'log_learning_rate_D': -4.981837396826132, 'log_learning_rate_D_dagger': -4.36869099719069, 'training_batch_size': 10, 'training_p': 4}. Best is trial 16 with value: 0.533810019493103.
Time for this trial:  20.558358430862427
Memory status after this trial: 
Memory allocated:  557.61181640625
Memory cached:  590.0
--------------------  Trial  18   --------------------
Start timing: 
Parameters: 
{'W_layers': 5, 'W_layer_units_exponent_0': 9, 'W_layer_units_exponent_1': 9, 'W_layer_units_exponent_2': 9, 'W_layer_units_exponent_3': 8, 'W_layer_units_exponent_4': 10, 'D_layers': 3, 'D_layer_units_exponent_0': 10, 'D_layer_units_exponent_1': 6, 'D_layer_units_exponent_2': 6, 'D_dagger_layers': 7, 'D_dagger_layer_units_exponent_0': 5, 'D_dagger_layer_units_exponent_1': 9, 'D_dagger_layer_units_exponent_2': 7, 'D_dagger_layer_units_exponent_3': 8, 'D_dagger_layer_units_exponent_4': 6, 'D_dagger_layer_units_exponent_5': 5, 'D_dagger_layer_units_exponent_6': 8, 'log_learning_rate': -2.409762526705916, 'log_learning_rate_D': -4.493781291904714, 'log_learning_rate_D_dagger': -3.4324870662946223, 'training_batch_size': 10, 'training_p': 4}
	 epoch  0 training error:  tensor(0.9987, device='cuda:0', grad_fn=<DivBackward0>)
Memory status after this epoch: 
Memory allocated:  322.19189453125
Memory cached:  456.0
	 epoch  10 training error:  tensor(3.7447, device='cuda:0', grad_fn=<DivBackward0>)
Memory status after this epoch: 
Memory allocated:  322.19189453125
Memory cached:  458.0
	 epoch  20 training error:  tensor(1.1641, device='cuda:0', grad_fn=<DivBackward0>)
Memory status after this epoch: 
Memory allocated:  322.19189453125
Memory cached:  458.0
	 epoch  30 training error:  tensor(1.0500, device='cuda:0', grad_fn=<DivBackward0>)
Memory status after this epoch: 
Memory allocated:  322.19189453125
Memory cached:  458.0
	 epoch  40 training error:  tensor(0.8925, device='cuda:0', grad_fn=<DivBackward0>)
Memory status after this epoch: 
Memory allocated:  322.19189453125
Memory cached:  458.0
	 epoch  50 training error:  tensor(0.8257, device='cuda:0', grad_fn=<DivBackward0>)
Memory status after this epoch: 
Memory allocated:  322.19189453125
Memory cached:  458.0
	 epoch  60 training error:  tensor(0.8178, device='cuda:0', grad_fn=<DivBackward0>)
Memory status after this epoch: 
Memory allocated:  322.19189453125
Memory cached:  458.0
	 epoch  70 training error:  tensor(0.8042, device='cuda:0', grad_fn=<DivBackward0>)
Memory status after this epoch: 
Memory allocated:  322.19189453125
Memory cached:  458.0
	 epoch  80 training error:  tensor(0.7733, device='cuda:0', grad_fn=<DivBackward0>)
Memory status after this epoch: 
Memory allocated:  322.19189453125
Memory cached:  458.0
	 epoch  90 training error:  tensor(0.6931, device='cuda:0', grad_fn=<DivBackward0>)
Memory status after this epoch: 
Memory allocated:  322.19189453125
Memory cached:  458.0
