/home/shengduo/anaconda3/lib/python3.9/site-packages/scipy/__init__.py:146: UserWarning: A NumPy version >=1.16.5 and <1.23.0 is required for this version of SciPy (detected version 1.24.1
  warnings.warn(f"A NumPy version >={np_minversion} and <{np_maxversion}"
[I 2023-12-02 22:43:00,335] A new study created in memory with name: no-name-2ae08697-53a4-4639-9b24-be1ed2c48508
Cuda is available:  True
Device is:  cuda:0
Memory allocated:  0.0
Memory cached:  0.0
Data file:  ./data/Trial1108_bigDRS_Burigede.pt
Vs.shape:  torch.Size([100, 100])
thetas.shape:  torch.Size([100, 100])
fs.shape:  torch.Size([100, 100])
ts.shape:  torch.Size([100, 100])
Xs.shape:  torch.Size([100, 100])
--------------------  Trial  0   --------------------
Start timing: 
Parameters: 
{'W_layers': 6, 'W_layer_units_exponent_0': 4, 'W_layer_units_exponent_1': 10, 'W_layer_units_exponent_2': 9, 'W_layer_units_exponent_3': 7, 'W_layer_units_exponent_4': 8, 'W_layer_units_exponent_5': 4, 'D_layers': 7, 'D_layer_units_exponent_0': 4, 'D_layer_units_exponent_1': 6, 'D_layer_units_exponent_2': 6, 'D_layer_units_exponent_3': 5, 'D_layer_units_exponent_4': 9, 'D_layer_units_exponent_5': 7, 'D_layer_units_exponent_6': 9, 'log_learning_rate': -3.1349518944598014, 'log_learning_rate_D': -2.643919235275282, 'training_batch_size': 11, 'training_p': 8}
/home/shengduo/anaconda3/lib/python3.9/site-packages/torch/nn/init.py:405: UserWarning: Initializing zero-element tensors is a no-op
  warnings.warn("Initializing zero-element tensors is a no-op")
	 epoch  0 training error:  tensor(0.1669, device='cuda:0', grad_fn=<DivBackward0>)
Memory status after this epoch: 
Memory allocated:  10.4794921875
Memory cached:  40.0
	 epoch  10 training error:  tensor(0.2956, device='cuda:0', grad_fn=<DivBackward0>)
Memory status after this epoch: 
Memory allocated:  10.4794921875
Memory cached:  40.0
	 epoch  20 training error:  tensor(0.1521, device='cuda:0', grad_fn=<DivBackward0>)
Memory status after this epoch: 
Memory allocated:  10.4794921875
Memory cached:  40.0
	 epoch  30 training error:  tensor(0.1125, device='cuda:0', grad_fn=<DivBackward0>)
Memory status after this epoch: 
Memory allocated:  10.4794921875
Memory cached:  40.0
	 epoch  40 training error:  tensor(0.1010, device='cuda:0', grad_fn=<DivBackward0>)
Memory status after this epoch: 
Memory allocated:  10.4794921875
Memory cached:  40.0
	 epoch  50 training error:  tensor(0.0972, device='cuda:0', grad_fn=<DivBackward0>)
Memory status after this epoch: 
Memory allocated:  10.4794921875
Memory cached:  40.0
	 epoch  60 training error:  tensor(0.0956, device='cuda:0', grad_fn=<DivBackward0>)
Memory status after this epoch: 
Memory allocated:  10.4794921875
Memory cached:  40.0
	 epoch  70 training error:  tensor(0.0947, device='cuda:0', grad_fn=<DivBackward0>)
Memory status after this epoch: 
Memory allocated:  10.4794921875
Memory cached:  40.0
	 epoch  80 training error:  tensor(0.0944, device='cuda:0', grad_fn=<DivBackward0>)
Memory status after this epoch: 
Memory allocated:  10.4794921875
Memory cached:  40.0
	 epoch  90 training error:  tensor(0.0961, device='cuda:0', grad_fn=<DivBackward0>)
Memory status after this epoch: 
Memory allocated:  10.4794921875
Memory cached:  40.0
[I 2023-12-02 22:43:16,081] Trial 0 finished with value: 0.07152646780014038 and parameters: {'W_layers': 6, 'W_layer_units_exponent_0': 4, 'W_layer_units_exponent_1': 10, 'W_layer_units_exponent_2': 9, 'W_layer_units_exponent_3': 7, 'W_layer_units_exponent_4': 8, 'W_layer_units_exponent_5': 4, 'D_layers': 7, 'D_layer_units_exponent_0': 4, 'D_layer_units_exponent_1': 6, 'D_layer_units_exponent_2': 6, 'D_layer_units_exponent_3': 5, 'D_layer_units_exponent_4': 9, 'D_layer_units_exponent_5': 7, 'D_layer_units_exponent_6': 9, 'log_learning_rate': -3.1349518944598014, 'log_learning_rate_D': -2.643919235275282, 'training_batch_size': 11, 'training_p': 8}. Best is trial 0 with value: 0.07152646780014038.
res:  tensor(0.0715, device='cuda:0', grad_fn=<DivBackward0>)
self.bestValue:  10000000.0
Save this model!
Time for this trial:  15.625044345855713
Memory status after this trial: 
Memory allocated:  50.30078125
Memory cached:  64.0
--------------------  Trial  1   --------------------
Start timing: 
Parameters: 
{'W_layers': 6, 'W_layer_units_exponent_0': 6, 'W_layer_units_exponent_1': 4, 'W_layer_units_exponent_2': 5, 'W_layer_units_exponent_3': 4, 'W_layer_units_exponent_4': 8, 'W_layer_units_exponent_5': 5, 'D_layers': 5, 'D_layer_units_exponent_0': 10, 'D_layer_units_exponent_1': 4, 'D_layer_units_exponent_2': 9, 'D_layer_units_exponent_3': 5, 'D_layer_units_exponent_4': 9, 'log_learning_rate': -2.5217377720073664, 'log_learning_rate_D': -1.8035641486157274, 'training_batch_size': 10, 'training_p': 5}
	 epoch  0 training error:  tensor(1.0910, device='cuda:0', grad_fn=<DivBackward0>)
Memory status after this epoch: 
Memory allocated:  50.80517578125
Memory cached:  66.0
	 epoch  10 training error:  tensor(0.1964, device='cuda:0', grad_fn=<DivBackward0>)
Memory status after this epoch: 
Memory allocated:  50.80517578125
Memory cached:  66.0
	 epoch  20 training error:  tensor(0.1284, device='cuda:0', grad_fn=<DivBackward0>)
Memory status after this epoch: 
Memory allocated:  50.80517578125
Memory cached:  66.0
	 epoch  30 training error:  tensor(0.1099, device='cuda:0', grad_fn=<DivBackward0>)
Memory status after this epoch: 
Memory allocated:  50.80517578125
Memory cached:  66.0
	 epoch  40 training error:  tensor(0.0940, device='cuda:0', grad_fn=<DivBackward0>)
Memory status after this epoch: 
Memory allocated:  50.80517578125
Memory cached:  66.0
	 epoch  50 training error:  tensor(0.0898, device='cuda:0', grad_fn=<DivBackward0>)
Memory status after this epoch: 
Memory allocated:  50.80517578125
Memory cached:  66.0
	 epoch  60 training error:  tensor(0.0908, device='cuda:0', grad_fn=<DivBackward0>)
Memory status after this epoch: 
Memory allocated:  50.80517578125
Memory cached:  66.0
	 epoch  70 training error:  tensor(0.0950, device='cuda:0', grad_fn=<DivBackward0>)
Memory status after this epoch: 
Memory allocated:  50.80517578125
Memory cached:  66.0
	 epoch  80 training error:  tensor(0.0933, device='cuda:0', grad_fn=<DivBackward0>)
Memory status after this epoch: 
Memory allocated:  50.80517578125
Memory cached:  66.0
	 epoch  90 training error:  tensor(0.0936, device='cuda:0', grad_fn=<DivBackward0>)
Memory status after this epoch: 
Memory allocated:  50.80517578125
Memory cached:  66.0
[I 2023-12-02 22:43:28,586] Trial 1 finished with value: 0.07910563051700592 and parameters: {'W_layers': 6, 'W_layer_units_exponent_0': 6, 'W_layer_units_exponent_1': 4, 'W_layer_units_exponent_2': 5, 'W_layer_units_exponent_3': 4, 'W_layer_units_exponent_4': 8, 'W_layer_units_exponent_5': 5, 'D_layers': 5, 'D_layer_units_exponent_0': 10, 'D_layer_units_exponent_1': 4, 'D_layer_units_exponent_2': 9, 'D_layer_units_exponent_3': 5, 'D_layer_units_exponent_4': 9, 'log_learning_rate': -2.5217377720073664, 'log_learning_rate_D': -1.8035641486157274, 'training_batch_size': 10, 'training_p': 5}. Best is trial 0 with value: 0.07152646780014038.
Time for this trial:  12.389510869979858
Memory status after this trial: 
Memory allocated:  60.07568359375
Memory cached:  68.0
--------------------  Trial  2   --------------------
Start timing: 
Parameters: 
{'W_layers': 4, 'W_layer_units_exponent_0': 10, 'W_layer_units_exponent_1': 10, 'W_layer_units_exponent_2': 9, 'W_layer_units_exponent_3': 5, 'D_layers': 4, 'D_layer_units_exponent_0': 6, 'D_layer_units_exponent_1': 10, 'D_layer_units_exponent_2': 6, 'D_layer_units_exponent_3': 8, 'log_learning_rate': -3.3321939903795386, 'log_learning_rate_D': -4.660810989798333, 'training_batch_size': 8, 'training_p': 4}
	 epoch  0 training error:  tensor(0.4437, device='cuda:0', grad_fn=<DivBackward0>)
Memory status after this epoch: 
Memory allocated:  75.5546875
Memory cached:  82.0
	 epoch  10 training error:  tensor(0.7875, device='cuda:0', grad_fn=<DivBackward0>)
Memory status after this epoch: 
Memory allocated:  75.5546875
Memory cached:  82.0
	 epoch  20 training error:  tensor(0.3024, device='cuda:0', grad_fn=<DivBackward0>)
Memory status after this epoch: 
Memory allocated:  75.5546875
Memory cached:  82.0
	 epoch  30 training error:  tensor(0.0983, device='cuda:0', grad_fn=<DivBackward0>)
Memory status after this epoch: 
Memory allocated:  75.5546875
Memory cached:  82.0
	 epoch  40 training error:  tensor(0.1254, device='cuda:0', grad_fn=<DivBackward0>)
Memory status after this epoch: 
Memory allocated:  75.5546875
Memory cached:  82.0
	 epoch  50 training error:  tensor(0.0888, device='cuda:0', grad_fn=<DivBackward0>)
Memory status after this epoch: 
Memory allocated:  75.5546875
Memory cached:  82.0
	 epoch  60 training error:  tensor(0.0815, device='cuda:0', grad_fn=<DivBackward0>)
Memory status after this epoch: 
Memory allocated:  75.5546875
Memory cached:  82.0
	 epoch  70 training error:  tensor(0.1090, device='cuda:0', grad_fn=<DivBackward0>)
Memory status after this epoch: 
Memory allocated:  75.5546875
Memory cached:  82.0
	 epoch  80 training error:  tensor(0.0918, device='cuda:0', grad_fn=<DivBackward0>)
Memory status after this epoch: 
Memory allocated:  75.5546875
Memory cached:  82.0
	 epoch  90 training error:  tensor(0.0766, device='cuda:0', grad_fn=<DivBackward0>)
Memory status after this epoch: 
Memory allocated:  75.5546875
Memory cached:  82.0
[I 2023-12-02 22:43:42,260] Trial 2 finished with value: 0.0916667953133583 and parameters: {'W_layers': 4, 'W_layer_units_exponent_0': 10, 'W_layer_units_exponent_1': 10, 'W_layer_units_exponent_2': 9, 'W_layer_units_exponent_3': 5, 'D_layers': 4, 'D_layer_units_exponent_0': 6, 'D_layer_units_exponent_1': 10, 'D_layer_units_exponent_2': 6, 'D_layer_units_exponent_3': 8, 'log_learning_rate': -3.3321939903795386, 'log_learning_rate_D': -4.660810989798333, 'training_batch_size': 8, 'training_p': 4}. Best is trial 0 with value: 0.07152646780014038.
Time for this trial:  13.55133581161499
Memory status after this trial: 
Memory allocated:  123.23681640625
Memory cached:  140.0
--------------------  Trial  3   --------------------
Start timing: 
Parameters: 
{'W_layers': 3, 'W_layer_units_exponent_0': 4, 'W_layer_units_exponent_1': 4, 'W_layer_units_exponent_2': 10, 'D_layers': 4, 'D_layer_units_exponent_0': 6, 'D_layer_units_exponent_1': 7, 'D_layer_units_exponent_2': 4, 'D_layer_units_exponent_3': 9, 'log_learning_rate': -3.608933156313997, 'log_learning_rate_D': -1.5501941244454929, 'training_batch_size': 12, 'training_p': 5}
	 epoch  0 training error:  tensor(2.2448, device='cuda:0', grad_fn=<DivBackward0>)
Memory status after this epoch: 
Memory allocated:  50.69873046875
Memory cached:  64.0
	 epoch  10 training error:  tensor(0.5444, device='cuda:0', grad_fn=<DivBackward0>)
Memory status after this epoch: 
Memory allocated:  50.69873046875
Memory cached:  64.0
	 epoch  20 training error:  tensor(0.2479, device='cuda:0', grad_fn=<DivBackward0>)
Memory status after this epoch: 
Memory allocated:  50.69873046875
Memory cached:  64.0
	 epoch  30 training error:  tensor(0.1841, device='cuda:0', grad_fn=<DivBackward0>)
Memory status after this epoch: 
Memory allocated:  50.69873046875
Memory cached:  64.0
	 epoch  40 training error:  tensor(0.1264, device='cuda:0', grad_fn=<DivBackward0>)
Memory status after this epoch: 
Memory allocated:  50.69873046875
Memory cached:  64.0
	 epoch  50 training error:  tensor(0.1024, device='cuda:0', grad_fn=<DivBackward0>)
Memory status after this epoch: 
Memory allocated:  50.69873046875
Memory cached:  64.0
	 epoch  60 training error:  tensor(0.0959, device='cuda:0', grad_fn=<DivBackward0>)
Memory status after this epoch: 
Memory allocated:  50.69873046875
Memory cached:  64.0
	 epoch  70 training error:  tensor(0.0922, device='cuda:0', grad_fn=<DivBackward0>)
Memory status after this epoch: 
Memory allocated:  50.69873046875
Memory cached:  64.0
	 epoch  80 training error:  tensor(0.0897, device='cuda:0', grad_fn=<DivBackward0>)
Memory status after this epoch: 
Memory allocated:  50.69873046875
Memory cached:  64.0
	 epoch  90 training error:  tensor(0.0890, device='cuda:0', grad_fn=<DivBackward0>)
Memory status after this epoch: 
Memory allocated:  50.69873046875
Memory cached:  64.0
[I 2023-12-02 22:43:54,901] Trial 3 finished with value: 0.08129741251468658 and parameters: {'W_layers': 3, 'W_layer_units_exponent_0': 4, 'W_layer_units_exponent_1': 4, 'W_layer_units_exponent_2': 10, 'D_layers': 4, 'D_layer_units_exponent_0': 6, 'D_layer_units_exponent_1': 7, 'D_layer_units_exponent_2': 4, 'D_layer_units_exponent_3': 9, 'log_learning_rate': -3.608933156313997, 'log_learning_rate_D': -1.5501941244454929, 'training_batch_size': 12, 'training_p': 5}. Best is trial 0 with value: 0.07152646780014038.
Time for this trial:  12.516819477081299
Memory status after this trial: 
Memory allocated:  74.65771484375
Memory cached:  104.0
--------------------  Trial  4   --------------------
Start timing: 
Parameters: 
{'W_layers': 8, 'W_layer_units_exponent_0': 8, 'W_layer_units_exponent_1': 6, 'W_layer_units_exponent_2': 5, 'W_layer_units_exponent_3': 10, 'W_layer_units_exponent_4': 8, 'W_layer_units_exponent_5': 7, 'W_layer_units_exponent_6': 7, 'W_layer_units_exponent_7': 4, 'D_layers': 3, 'D_layer_units_exponent_0': 9, 'D_layer_units_exponent_1': 10, 'D_layer_units_exponent_2': 6, 'log_learning_rate': -2.472584900903988, 'log_learning_rate_D': -4.501290593182744, 'training_batch_size': 12, 'training_p': 8}
	 epoch  0 training error:  tensor(0.6605, device='cuda:0', grad_fn=<DivBackward0>)
Memory status after this epoch: 
Memory allocated:  58.19921875
Memory cached:  70.0
	 epoch  10 training error:  tensor(0.8227, device='cuda:0', grad_fn=<DivBackward0>)
Memory status after this epoch: 
Memory allocated:  58.19921875
Memory cached:  70.0
	 epoch  20 training error:  tensor(0.1054, device='cuda:0', grad_fn=<DivBackward0>)
Memory status after this epoch: 
Memory allocated:  58.19921875
Memory cached:  70.0
	 epoch  30 training error:  tensor(0.5452, device='cuda:0', grad_fn=<DivBackward0>)
Memory status after this epoch: 
Memory allocated:  58.19921875
Memory cached:  70.0
	 epoch  40 training error:  tensor(0.1896, device='cuda:0', grad_fn=<DivBackward0>)
Memory status after this epoch: 
Memory allocated:  58.19921875
Memory cached:  70.0
	 epoch  50 training error:  tensor(0.1457, device='cuda:0', grad_fn=<DivBackward0>)
Memory status after this epoch: 
Memory allocated:  58.19921875
Memory cached:  70.0
	 epoch  60 training error:  tensor(0.1082, device='cuda:0', grad_fn=<DivBackward0>)
Memory status after this epoch: 
Memory allocated:  58.19921875
Memory cached:  70.0
	 epoch  70 training error:  tensor(0.1084, device='cuda:0', grad_fn=<DivBackward0>)
Memory status after this epoch: 
Memory allocated:  58.19921875
Memory cached:  70.0
	 epoch  80 training error:  tensor(0.1041, device='cuda:0', grad_fn=<DivBackward0>)
Memory status after this epoch: 
Memory allocated:  58.19921875
Memory cached:  70.0
	 epoch  90 training error:  tensor(0.0943, device='cuda:0', grad_fn=<DivBackward0>)
Memory status after this epoch: 
Memory allocated:  58.19921875
Memory cached:  70.0
[I 2023-12-02 22:44:08,521] Trial 4 finished with value: 0.06874580681324005 and parameters: {'W_layers': 8, 'W_layer_units_exponent_0': 8, 'W_layer_units_exponent_1': 6, 'W_layer_units_exponent_2': 5, 'W_layer_units_exponent_3': 10, 'W_layer_units_exponent_4': 8, 'W_layer_units_exponent_5': 7, 'W_layer_units_exponent_6': 7, 'W_layer_units_exponent_7': 4, 'D_layers': 3, 'D_layer_units_exponent_0': 9, 'D_layer_units_exponent_1': 10, 'D_layer_units_exponent_2': 6, 'log_learning_rate': -2.472584900903988, 'log_learning_rate_D': -4.501290593182744, 'training_batch_size': 12, 'training_p': 8}. Best is trial 4 with value: 0.06874580681324005.
res:  tensor(0.0687, device='cuda:0', grad_fn=<DivBackward0>)
self.bestValue:  tensor(0.0715, device='cuda:0', grad_fn=<DivBackward0>)
Save this model!
Time for this trial:  13.500769138336182
Memory status after this trial: 
Memory allocated:  47.408203125
Memory cached:  96.0
--------------------  Trial  5   --------------------
Start timing: 
Parameters: 
{'W_layers': 2, 'W_layer_units_exponent_0': 8, 'W_layer_units_exponent_1': 4, 'D_layers': 5, 'D_layer_units_exponent_0': 9, 'D_layer_units_exponent_1': 4, 'D_layer_units_exponent_2': 5, 'D_layer_units_exponent_3': 8, 'D_layer_units_exponent_4': 5, 'log_learning_rate': -1.5517080647471695, 'log_learning_rate_D': -2.1302564475834935, 'training_batch_size': 11, 'training_p': 2}
	 epoch  0 training error:  tensor(2.0573, device='cuda:0', grad_fn=<DivBackward0>)
Memory status after this epoch: 
Memory allocated:  47.623046875
Memory cached:  96.0
	 epoch  10 training error:  tensor(0.9747, device='cuda:0', grad_fn=<DivBackward0>)
Memory status after this epoch: 
Memory allocated:  47.623046875
Memory cached:  96.0
	 epoch  20 training error:  tensor(0.3472, device='cuda:0', grad_fn=<DivBackward0>)
Memory status after this epoch: 
Memory allocated:  47.623046875
Memory cached:  96.0
	 epoch  30 training error:  tensor(0.1955, device='cuda:0', grad_fn=<DivBackward0>)
Memory status after this epoch: 
Memory allocated:  47.623046875
Memory cached:  96.0
	 epoch  40 training error:  tensor(0.0785, device='cuda:0', grad_fn=<DivBackward0>)
Memory status after this epoch: 
Memory allocated:  47.623046875
Memory cached:  96.0
	 epoch  50 training error:  tensor(0.0899, device='cuda:0', grad_fn=<DivBackward0>)
Memory status after this epoch: 
Memory allocated:  47.623046875
Memory cached:  96.0
	 epoch  60 training error:  tensor(0.1350, device='cuda:0', grad_fn=<DivBackward0>)
Memory status after this epoch: 
Memory allocated:  47.623046875
Memory cached:  96.0
	 epoch  70 training error:  tensor(0.1573, device='cuda:0', grad_fn=<DivBackward0>)
Memory status after this epoch: 
Memory allocated:  47.623046875
Memory cached:  96.0
	 epoch  80 training error:  tensor(0.1154, device='cuda:0', grad_fn=<DivBackward0>)
Memory status after this epoch: 
Memory allocated:  47.623046875
Memory cached:  96.0
	 epoch  90 training error:  tensor(0.1260, device='cuda:0', grad_fn=<DivBackward0>)
Memory status after this epoch: 
Memory allocated:  47.623046875
Memory cached:  96.0
[I 2023-12-02 22:44:20,309] Trial 5 finished with value: 0.11848662048578262 and parameters: {'W_layers': 2, 'W_layer_units_exponent_0': 8, 'W_layer_units_exponent_1': 4, 'D_layers': 5, 'D_layer_units_exponent_0': 9, 'D_layer_units_exponent_1': 4, 'D_layer_units_exponent_2': 5, 'D_layer_units_exponent_3': 8, 'D_layer_units_exponent_4': 5, 'log_learning_rate': -1.5517080647471695, 'log_learning_rate_D': -2.1302564475834935, 'training_batch_size': 11, 'training_p': 2}. Best is trial 4 with value: 0.06874580681324005.
Time for this trial:  11.672616004943848
Memory status after this trial: 
Memory allocated:  53.80810546875
Memory cached:  96.0
--------------------  Trial  6   --------------------
Start timing: 
Parameters: 
{'W_layers': 4, 'W_layer_units_exponent_0': 4, 'W_layer_units_exponent_1': 5, 'W_layer_units_exponent_2': 9, 'W_layer_units_exponent_3': 9, 'D_layers': 8, 'D_layer_units_exponent_0': 4, 'D_layer_units_exponent_1': 8, 'D_layer_units_exponent_2': 8, 'D_layer_units_exponent_3': 10, 'D_layer_units_exponent_4': 8, 'D_layer_units_exponent_5': 4, 'D_layer_units_exponent_6': 4, 'D_layer_units_exponent_7': 10, 'log_learning_rate': -1.6552542434676747, 'log_learning_rate_D': -3.282200512933091, 'training_batch_size': 8, 'training_p': 7}
	 epoch  0 training error:  tensor(0.4894, device='cuda:0', grad_fn=<DivBackward0>)
Memory status after this epoch: 
Memory allocated:  54.08544921875
Memory cached:  98.0
	 epoch  10 training error:  tensor(42.0653, device='cuda:0', grad_fn=<DivBackward0>)
Memory status after this epoch: 
Memory allocated:  54.08544921875
Memory cached:  98.0
	 epoch  20 training error:  tensor(2.4088, device='cuda:0', grad_fn=<DivBackward0>)
Memory status after this epoch: 
Memory allocated:  54.08544921875
Memory cached:  98.0
	 epoch  30 training error:  tensor(0.8770, device='cuda:0', grad_fn=<DivBackward0>)
Memory status after this epoch: 
Memory allocated:  54.08544921875
Memory cached:  98.0
	 epoch  40 training error:  tensor(2.3364, device='cuda:0', grad_fn=<DivBackward0>)
Memory status after this epoch: 
Memory allocated:  54.08544921875
Memory cached:  98.0
	 epoch  50 training error:  tensor(2.1769, device='cuda:0', grad_fn=<DivBackward0>)
Memory status after this epoch: 
Memory allocated:  54.08544921875
Memory cached:  98.0
	 epoch  60 training error:  tensor(1.7531, device='cuda:0', grad_fn=<DivBackward0>)
Memory status after this epoch: 
Memory allocated:  54.08544921875
Memory cached:  98.0
	 epoch  70 training error:  tensor(1.9694, device='cuda:0', grad_fn=<DivBackward0>)
Memory status after this epoch: 
Memory allocated:  54.08544921875
Memory cached:  98.0
	 epoch  80 training error:  tensor(2.0624, device='cuda:0', grad_fn=<DivBackward0>)
Memory status after this epoch: 
Memory allocated:  54.08544921875
Memory cached:  98.0
	 epoch  90 training error:  tensor(1.9691, device='cuda:0', grad_fn=<DivBackward0>)
Memory status after this epoch: 
Memory allocated:  54.08544921875
Memory cached:  98.0
