[I 2024-01-13 20:52:40,621] Trial 185 finished with value: 0.0793018564581871 and parameters: {'W_layers': 7, 'W_layer_units_exponent_0': 8, 'W_layer_units_exponent_1': 10, 'W_layer_units_exponent_2': 7, 'W_layer_units_exponent_3': 5, 'W_layer_units_exponent_4': 5, 'W_layer_units_exponent_5': 5, 'W_layer_units_exponent_6': 7, 'D_layers': 8, 'D_layer_units_exponent_0': 10, 'D_layer_units_exponent_1': 5, 'D_layer_units_exponent_2': 9, 'D_layer_units_exponent_3': 6, 'D_layer_units_exponent_4': 5, 'D_layer_units_exponent_5': 10, 'D_layer_units_exponent_6': 4, 'D_layer_units_exponent_7': 7, 'D_dagger_layers': 7, 'D_dagger_layer_units_exponent_0': 6, 'D_dagger_layer_units_exponent_1': 9, 'D_dagger_layer_units_exponent_2': 9, 'D_dagger_layer_units_exponent_3': 9, 'D_dagger_layer_units_exponent_4': 10, 'D_dagger_layer_units_exponent_5': 9, 'D_dagger_layer_units_exponent_6': 6, 'log_learning_rate': -2.461519699101621, 'log_learning_rate_D': -4.048585143658983, 'log_learning_rate_D_dagger': -4.507036122443615, 'training_batch_size': 6, 'training_p': 2}. Best is trial 49 with value: 0.07665807753801346.
Time for this trial:  689.0248849391937
Memory status after this trial: 
Memory allocated:  1601.51318359375
Memory cached:  1636.0
--------------------  Trial  186   --------------------
Start timing: 
Parameters: 
{'W_layers': 7, 'W_layer_units_exponent_0': 8, 'W_layer_units_exponent_1': 10, 'W_layer_units_exponent_2': 7, 'W_layer_units_exponent_3': 5, 'W_layer_units_exponent_4': 5, 'W_layer_units_exponent_5': 5, 'W_layer_units_exponent_6': 7, 'D_layers': 8, 'D_layer_units_exponent_0': 10, 'D_layer_units_exponent_1': 5, 'D_layer_units_exponent_2': 9, 'D_layer_units_exponent_3': 6, 'D_layer_units_exponent_4': 5, 'D_layer_units_exponent_5': 8, 'D_layer_units_exponent_6': 4, 'D_layer_units_exponent_7': 7, 'D_dagger_layers': 7, 'D_dagger_layer_units_exponent_0': 6, 'D_dagger_layer_units_exponent_1': 9, 'D_dagger_layer_units_exponent_2': 9, 'D_dagger_layer_units_exponent_3': 9, 'D_dagger_layer_units_exponent_4': 10, 'D_dagger_layer_units_exponent_5': 9, 'D_dagger_layer_units_exponent_6': 6, 'log_learning_rate': -2.4788242605567268, 'log_learning_rate_D': -4.080048260166542, 'log_learning_rate_D_dagger': -4.506701666601625, 'training_batch_size': 6, 'training_p': 2}
	 epoch  0 training error:  tensor(1.0453, device='cuda:0', grad_fn=<DivBackward0>)
Memory status after this epoch: 
Memory allocated:  806.5693359375
Memory cached:  1298.0
	 epoch  10 training error:  tensor(0.1766, device='cuda:0', grad_fn=<DivBackward0>)
Memory status after this epoch: 
Memory allocated:  806.5693359375
Memory cached:  1324.0
	 epoch  20 training error:  tensor(0.1399, device='cuda:0', grad_fn=<DivBackward0>)
Memory status after this epoch: 
Memory allocated:  806.5693359375
Memory cached:  1316.0
	 epoch  30 training error:  tensor(0.1201, device='cuda:0', grad_fn=<DivBackward0>)
Memory status after this epoch: 
Memory allocated:  806.5693359375
Memory cached:  1318.0
	 epoch  40 training error:  tensor(0.1009, device='cuda:0', grad_fn=<DivBackward0>)
Memory status after this epoch: 
Memory allocated:  806.5693359375
Memory cached:  1318.0
	 epoch  50 training error:  tensor(0.0852, device='cuda:0', grad_fn=<DivBackward0>)
Memory status after this epoch: 
Memory allocated:  806.5693359375
Memory cached:  1314.0
	 epoch  60 training error:  tensor(0.0770, device='cuda:0', grad_fn=<DivBackward0>)
Memory status after this epoch: 
Memory allocated:  806.5693359375
Memory cached:  1314.0
	 epoch  70 training error:  tensor(0.0777, device='cuda:0', grad_fn=<DivBackward0>)
Memory status after this epoch: 
Memory allocated:  806.5693359375
Memory cached:  1318.0
	 epoch  80 training error:  tensor(0.0784, device='cuda:0', grad_fn=<DivBackward0>)
Memory status after this epoch: 
Memory allocated:  806.5693359375
Memory cached:  1314.0
	 epoch  90 training error:  tensor(0.0772, device='cuda:0', grad_fn=<DivBackward0>)
Memory status after this epoch: 
Memory allocated:  806.5693359375
Memory cached:  1312.0
[I 2024-01-13 21:04:06,938] Trial 186 finished with value: 0.07557894289493561 and parameters: {'W_layers': 7, 'W_layer_units_exponent_0': 8, 'W_layer_units_exponent_1': 10, 'W_layer_units_exponent_2': 7, 'W_layer_units_exponent_3': 5, 'W_layer_units_exponent_4': 5, 'W_layer_units_exponent_5': 5, 'W_layer_units_exponent_6': 7, 'D_layers': 8, 'D_layer_units_exponent_0': 10, 'D_layer_units_exponent_1': 5, 'D_layer_units_exponent_2': 9, 'D_layer_units_exponent_3': 6, 'D_layer_units_exponent_4': 5, 'D_layer_units_exponent_5': 8, 'D_layer_units_exponent_6': 4, 'D_layer_units_exponent_7': 7, 'D_dagger_layers': 7, 'D_dagger_layer_units_exponent_0': 6, 'D_dagger_layer_units_exponent_1': 9, 'D_dagger_layer_units_exponent_2': 9, 'D_dagger_layer_units_exponent_3': 9, 'D_dagger_layer_units_exponent_4': 10, 'D_dagger_layer_units_exponent_5': 9, 'D_dagger_layer_units_exponent_6': 6, 'log_learning_rate': -2.4788242605567268, 'log_learning_rate_D': -4.080048260166542, 'log_learning_rate_D_dagger': -4.506701666601625, 'training_batch_size': 6, 'training_p': 2}. Best is trial 186 with value: 0.07557894289493561.
res:  tensor(0.0756, device='cuda:0', grad_fn=<DivBackward0>)
self.bestValue:  tensor(0.0767, device='cuda:0', grad_fn=<DivBackward0>)
Save this model!
Time for this trial:  685.6038811206818
Memory status after this trial: 
Memory allocated:  746.47119140625
Memory cached:  1218.0
--------------------  Trial  187   --------------------
Start timing: 
Parameters: 
{'W_layers': 7, 'W_layer_units_exponent_0': 8, 'W_layer_units_exponent_1': 10, 'W_layer_units_exponent_2': 7, 'W_layer_units_exponent_3': 5, 'W_layer_units_exponent_4': 5, 'W_layer_units_exponent_5': 5, 'W_layer_units_exponent_6': 7, 'D_layers': 8, 'D_layer_units_exponent_0': 10, 'D_layer_units_exponent_1': 5, 'D_layer_units_exponent_2': 9, 'D_layer_units_exponent_3': 6, 'D_layer_units_exponent_4': 6, 'D_layer_units_exponent_5': 8, 'D_layer_units_exponent_6': 4, 'D_layer_units_exponent_7': 7, 'D_dagger_layers': 7, 'D_dagger_layer_units_exponent_0': 6, 'D_dagger_layer_units_exponent_1': 9, 'D_dagger_layer_units_exponent_2': 9, 'D_dagger_layer_units_exponent_3': 9, 'D_dagger_layer_units_exponent_4': 10, 'D_dagger_layer_units_exponent_5': 9, 'D_dagger_layer_units_exponent_6': 6, 'log_learning_rate': -2.46604162345533, 'log_learning_rate_D': -4.092800664283262, 'log_learning_rate_D_dagger': -4.493307587639165, 'training_batch_size': 6, 'training_p': 2}
	 epoch  0 training error:  tensor(1.0412, device='cuda:0', grad_fn=<DivBackward0>)
Memory status after this epoch: 
Memory allocated:  779.44189453125
Memory cached:  1218.0
	 epoch  10 training error:  tensor(0.1758, device='cuda:0', grad_fn=<DivBackward0>)
Memory status after this epoch: 
Memory allocated:  779.44189453125
Memory cached:  1232.0
	 epoch  20 training error:  tensor(0.1447, device='cuda:0', grad_fn=<DivBackward0>)
Memory status after this epoch: 
Memory allocated:  779.44189453125
Memory cached:  1230.0
	 epoch  30 training error:  tensor(0.1211, device='cuda:0', grad_fn=<DivBackward0>)
Memory status after this epoch: 
Memory allocated:  779.44189453125
Memory cached:  1230.0
	 epoch  40 training error:  tensor(0.0972, device='cuda:0', grad_fn=<DivBackward0>)
Memory status after this epoch: 
Memory allocated:  779.44189453125
Memory cached:  1234.0
	 epoch  50 training error:  tensor(0.0879, device='cuda:0', grad_fn=<DivBackward0>)
Memory status after this epoch: 
Memory allocated:  779.44189453125
Memory cached:  1230.0
	 epoch  60 training error:  tensor(0.0806, device='cuda:0', grad_fn=<DivBackward0>)
Memory status after this epoch: 
Memory allocated:  779.44189453125
Memory cached:  1232.0
	 epoch  70 training error:  tensor(0.0762, device='cuda:0', grad_fn=<DivBackward0>)
Memory status after this epoch: 
Memory allocated:  779.44189453125
Memory cached:  1228.0
	 epoch  80 training error:  tensor(0.0755, device='cuda:0', grad_fn=<DivBackward0>)
Memory status after this epoch: 
Memory allocated:  779.44189453125
Memory cached:  1230.0
	 epoch  90 training error:  tensor(0.0741, device='cuda:0', grad_fn=<DivBackward0>)
Memory status after this epoch: 
Memory allocated:  779.44189453125
Memory cached:  1232.0
[I 2024-01-13 21:15:40,389] Trial 187 finished with value: 0.08547995239496231 and parameters: {'W_layers': 7, 'W_layer_units_exponent_0': 8, 'W_layer_units_exponent_1': 10, 'W_layer_units_exponent_2': 7, 'W_layer_units_exponent_3': 5, 'W_layer_units_exponent_4': 5, 'W_layer_units_exponent_5': 5, 'W_layer_units_exponent_6': 7, 'D_layers': 8, 'D_layer_units_exponent_0': 10, 'D_layer_units_exponent_1': 5, 'D_layer_units_exponent_2': 9, 'D_layer_units_exponent_3': 6, 'D_layer_units_exponent_4': 6, 'D_layer_units_exponent_5': 8, 'D_layer_units_exponent_6': 4, 'D_layer_units_exponent_7': 7, 'D_dagger_layers': 7, 'D_dagger_layer_units_exponent_0': 6, 'D_dagger_layer_units_exponent_1': 9, 'D_dagger_layer_units_exponent_2': 9, 'D_dagger_layer_units_exponent_3': 9, 'D_dagger_layer_units_exponent_4': 10, 'D_dagger_layer_units_exponent_5': 9, 'D_dagger_layer_units_exponent_6': 6, 'log_learning_rate': -2.46604162345533, 'log_learning_rate_D': -4.092800664283262, 'log_learning_rate_D_dagger': -4.493307587639165, 'training_batch_size': 6, 'training_p': 2}. Best is trial 186 with value: 0.07557894289493561.
Time for this trial:  692.8466691970825
Memory status after this trial: 
Memory allocated:  1496.193359375
Memory cached:  1510.0
--------------------  Trial  188   --------------------
Start timing: 
Parameters: 
{'W_layers': 7, 'W_layer_units_exponent_0': 8, 'W_layer_units_exponent_1': 10, 'W_layer_units_exponent_2': 7, 'W_layer_units_exponent_3': 5, 'W_layer_units_exponent_4': 5, 'W_layer_units_exponent_5': 5, 'W_layer_units_exponent_6': 7, 'D_layers': 8, 'D_layer_units_exponent_0': 10, 'D_layer_units_exponent_1': 5, 'D_layer_units_exponent_2': 9, 'D_layer_units_exponent_3': 6, 'D_layer_units_exponent_4': 5, 'D_layer_units_exponent_5': 8, 'D_layer_units_exponent_6': 4, 'D_layer_units_exponent_7': 7, 'D_dagger_layers': 7, 'D_dagger_layer_units_exponent_0': 6, 'D_dagger_layer_units_exponent_1': 9, 'D_dagger_layer_units_exponent_2': 9, 'D_dagger_layer_units_exponent_3': 9, 'D_dagger_layer_units_exponent_4': 10, 'D_dagger_layer_units_exponent_5': 9, 'D_dagger_layer_units_exponent_6': 6, 'log_learning_rate': -2.865101059386892, 'log_learning_rate_D': -4.214867014341441, 'log_learning_rate_D_dagger': -4.640089236052933, 'training_batch_size': 6, 'training_p': 2}
	 epoch  0 training error:  tensor(0.8834, device='cuda:0', grad_fn=<DivBackward0>)
Memory status after this epoch: 
Memory allocated:  779.28564453125
Memory cached:  1214.0
	 epoch  10 training error:  tensor(0.3174, device='cuda:0', grad_fn=<DivBackward0>)
Memory status after this epoch: 
Memory allocated:  779.28564453125
Memory cached:  1232.0
	 epoch  20 training error:  tensor(0.1559, device='cuda:0', grad_fn=<DivBackward0>)
Memory status after this epoch: 
Memory allocated:  779.28564453125
Memory cached:  1224.0
	 epoch  30 training error:  tensor(0.1396, device='cuda:0', grad_fn=<DivBackward0>)
Memory status after this epoch: 
Memory allocated:  779.28564453125
Memory cached:  1234.0
	 epoch  40 training error:  tensor(0.1237, device='cuda:0', grad_fn=<DivBackward0>)
Memory status after this epoch: 
Memory allocated:  779.28564453125
Memory cached:  1226.0
	 epoch  50 training error:  tensor(0.1065, device='cuda:0', grad_fn=<DivBackward0>)
Memory status after this epoch: 
Memory allocated:  779.28564453125
Memory cached:  1232.0
	 epoch  60 training error:  tensor(0.0928, device='cuda:0', grad_fn=<DivBackward0>)
Memory status after this epoch: 
Memory allocated:  779.28564453125
Memory cached:  1230.0
	 epoch  70 training error:  tensor(0.0863, device='cuda:0', grad_fn=<DivBackward0>)
Memory status after this epoch: 
Memory allocated:  779.28564453125
Memory cached:  1230.0
	 epoch  80 training error:  tensor(0.0792, device='cuda:0', grad_fn=<DivBackward0>)
Memory status after this epoch: 
Memory allocated:  779.28564453125
Memory cached:  1228.0
	 epoch  90 training error:  tensor(0.0760, device='cuda:0', grad_fn=<DivBackward0>)
Memory status after this epoch: 
Memory allocated:  779.28564453125
Memory cached:  1232.0
[I 2024-01-13 21:27:09,962] Trial 188 finished with value: 0.07865581661462784 and parameters: {'W_layers': 7, 'W_layer_units_exponent_0': 8, 'W_layer_units_exponent_1': 10, 'W_layer_units_exponent_2': 7, 'W_layer_units_exponent_3': 5, 'W_layer_units_exponent_4': 5, 'W_layer_units_exponent_5': 5, 'W_layer_units_exponent_6': 7, 'D_layers': 8, 'D_layer_units_exponent_0': 10, 'D_layer_units_exponent_1': 5, 'D_layer_units_exponent_2': 9, 'D_layer_units_exponent_3': 6, 'D_layer_units_exponent_4': 5, 'D_layer_units_exponent_5': 8, 'D_layer_units_exponent_6': 4, 'D_layer_units_exponent_7': 7, 'D_dagger_layers': 7, 'D_dagger_layer_units_exponent_0': 6, 'D_dagger_layer_units_exponent_1': 9, 'D_dagger_layer_units_exponent_2': 9, 'D_dagger_layer_units_exponent_3': 9, 'D_dagger_layer_units_exponent_4': 10, 'D_dagger_layer_units_exponent_5': 9, 'D_dagger_layer_units_exponent_6': 6, 'log_learning_rate': -2.865101059386892, 'log_learning_rate_D': -4.214867014341441, 'log_learning_rate_D_dagger': -4.640089236052933, 'training_batch_size': 6, 'training_p': 2}. Best is trial 186 with value: 0.07557894289493561.
Time for this trial:  688.8510992527008
Memory status after this trial: 
Memory allocated:  1492.7314453125
Memory cached:  1506.0
--------------------  Trial  189   --------------------
Start timing: 
Parameters: 
{'W_layers': 7, 'W_layer_units_exponent_0': 8, 'W_layer_units_exponent_1': 10, 'W_layer_units_exponent_2': 7, 'W_layer_units_exponent_3': 5, 'W_layer_units_exponent_4': 5, 'W_layer_units_exponent_5': 5, 'W_layer_units_exponent_6': 7, 'D_layers': 8, 'D_layer_units_exponent_0': 10, 'D_layer_units_exponent_1': 5, 'D_layer_units_exponent_2': 9, 'D_layer_units_exponent_3': 6, 'D_layer_units_exponent_4': 5, 'D_layer_units_exponent_5': 8, 'D_layer_units_exponent_6': 4, 'D_layer_units_exponent_7': 7, 'D_dagger_layers': 7, 'D_dagger_layer_units_exponent_0': 6, 'D_dagger_layer_units_exponent_1': 9, 'D_dagger_layer_units_exponent_2': 9, 'D_dagger_layer_units_exponent_3': 9, 'D_dagger_layer_units_exponent_4': 10, 'D_dagger_layer_units_exponent_5': 10, 'D_dagger_layer_units_exponent_6': 6, 'log_learning_rate': -2.8181080660817335, 'log_learning_rate_D': -4.192090086256375, 'log_learning_rate_D_dagger': -4.57679341756139, 'training_batch_size': 6, 'training_p': 2}
	 epoch  0 training error:  tensor(0.9170, device='cuda:0', grad_fn=<DivBackward0>)
Memory status after this epoch: 
Memory allocated:  787.79345703125
Memory cached:  1218.0
	 epoch  10 training error:  tensor(0.1640, device='cuda:0', grad_fn=<DivBackward0>)
Memory status after this epoch: 
Memory allocated:  787.79345703125
Memory cached:  1236.0
	 epoch  20 training error:  tensor(0.1396, device='cuda:0', grad_fn=<DivBackward0>)
Memory status after this epoch: 
Memory allocated:  787.79345703125
Memory cached:  1240.0
	 epoch  30 training error:  tensor(0.1206, device='cuda:0', grad_fn=<DivBackward0>)
Memory status after this epoch: 
Memory allocated:  787.79345703125
Memory cached:  1244.0
	 epoch  40 training error:  tensor(0.0995, device='cuda:0', grad_fn=<DivBackward0>)
Memory status after this epoch: 
Memory allocated:  787.79345703125
Memory cached:  1236.0
	 epoch  50 training error:  tensor(0.0907, device='cuda:0', grad_fn=<DivBackward0>)
Memory status after this epoch: 
Memory allocated:  787.79345703125
Memory cached:  1242.0
	 epoch  60 training error:  tensor(0.0855, device='cuda:0', grad_fn=<DivBackward0>)
Memory status after this epoch: 
Memory allocated:  787.79345703125
Memory cached:  1236.0
	 epoch  70 training error:  tensor(0.0846, device='cuda:0', grad_fn=<DivBackward0>)
Memory status after this epoch: 
Memory allocated:  787.79345703125
Memory cached:  1244.0
	 epoch  80 training error:  tensor(0.0839, device='cuda:0', grad_fn=<DivBackward0>)
Memory status after this epoch: 
Memory allocated:  787.79345703125
Memory cached:  1242.0
	 epoch  90 training error:  tensor(0.0892, device='cuda:0', grad_fn=<DivBackward0>)
Memory status after this epoch: 
Memory allocated:  787.79345703125
Memory cached:  1246.0
[I 2024-01-13 21:38:42,649] Trial 189 finished with value: 0.08697320520877838 and parameters: {'W_layers': 7, 'W_layer_units_exponent_0': 8, 'W_layer_units_exponent_1': 10, 'W_layer_units_exponent_2': 7, 'W_layer_units_exponent_3': 5, 'W_layer_units_exponent_4': 5, 'W_layer_units_exponent_5': 5, 'W_layer_units_exponent_6': 7, 'D_layers': 8, 'D_layer_units_exponent_0': 10, 'D_layer_units_exponent_1': 5, 'D_layer_units_exponent_2': 9, 'D_layer_units_exponent_3': 6, 'D_layer_units_exponent_4': 5, 'D_layer_units_exponent_5': 8, 'D_layer_units_exponent_6': 4, 'D_layer_units_exponent_7': 7, 'D_dagger_layers': 7, 'D_dagger_layer_units_exponent_0': 6, 'D_dagger_layer_units_exponent_1': 9, 'D_dagger_layer_units_exponent_2': 9, 'D_dagger_layer_units_exponent_3': 9, 'D_dagger_layer_units_exponent_4': 10, 'D_dagger_layer_units_exponent_5': 10, 'D_dagger_layer_units_exponent_6': 6, 'log_learning_rate': -2.8181080660817335, 'log_learning_rate_D': -4.192090086256375, 'log_learning_rate_D_dagger': -4.57679341756139, 'training_batch_size': 6, 'training_p': 2}. Best is trial 186 with value: 0.07557894289493561.
Time for this trial:  691.9611067771912
Memory status after this trial: 
Memory allocated:  1551.6728515625
Memory cached:  1582.0
--------------------  Trial  190   --------------------
Start timing: 
Parameters: 
{'W_layers': 7, 'W_layer_units_exponent_0': 8, 'W_layer_units_exponent_1': 10, 'W_layer_units_exponent_2': 7, 'W_layer_units_exponent_3': 5, 'W_layer_units_exponent_4': 5, 'W_layer_units_exponent_5': 5, 'W_layer_units_exponent_6': 7, 'D_layers': 8, 'D_layer_units_exponent_0': 9, 'D_layer_units_exponent_1': 5, 'D_layer_units_exponent_2': 9, 'D_layer_units_exponent_3': 6, 'D_layer_units_exponent_4': 5, 'D_layer_units_exponent_5': 7, 'D_layer_units_exponent_6': 4, 'D_layer_units_exponent_7': 7, 'D_dagger_layers': 7, 'D_dagger_layer_units_exponent_0': 6, 'D_dagger_layer_units_exponent_1': 9, 'D_dagger_layer_units_exponent_2': 9, 'D_dagger_layer_units_exponent_3': 9, 'D_dagger_layer_units_exponent_4': 10, 'D_dagger_layer_units_exponent_5': 9, 'D_dagger_layer_units_exponent_6': 6, 'log_learning_rate': -2.6008574956675177, 'log_learning_rate_D': -4.020720052654146, 'log_learning_rate_D_dagger': -4.4282646171907345, 'training_batch_size': 6, 'training_p': 2}
	 epoch  0 training error:  tensor(0.9464, device='cuda:0', grad_fn=<DivBackward0>)
Memory status after this epoch: 
Memory allocated:  778.92431640625
Memory cached:  1216.0
	 epoch  10 training error:  tensor(0.1954, device='cuda:0', grad_fn=<DivBackward0>)
Memory status after this epoch: 
Memory allocated:  778.92431640625
Memory cached:  1228.0
	 epoch  20 training error:  tensor(0.1274, device='cuda:0', grad_fn=<DivBackward0>)
Memory status after this epoch: 
Memory allocated:  778.92431640625
Memory cached:  1234.0
	 epoch  30 training error:  tensor(0.1097, device='cuda:0', grad_fn=<DivBackward0>)
Memory status after this epoch: 
Memory allocated:  778.92431640625
Memory cached:  1234.0
	 epoch  40 training error:  tensor(0.0951, device='cuda:0', grad_fn=<DivBackward0>)
Memory status after this epoch: 
Memory allocated:  778.92431640625
Memory cached:  1238.0
	 epoch  50 training error:  tensor(0.0880, device='cuda:0', grad_fn=<DivBackward0>)
Memory status after this epoch: 
Memory allocated:  778.92431640625
Memory cached:  1234.0
	 epoch  60 training error:  tensor(0.0895, device='cuda:0', grad_fn=<DivBackward0>)
Memory status after this epoch: 
Memory allocated:  778.92431640625
Memory cached:  1228.0
	 epoch  70 training error:  tensor(0.0858, device='cuda:0', grad_fn=<DivBackward0>)
Memory status after this epoch: 
Memory allocated:  778.92431640625
Memory cached:  1234.0
	 epoch  80 training error:  tensor(0.0846, device='cuda:0', grad_fn=<DivBackward0>)
Memory status after this epoch: 
Memory allocated:  778.92431640625
Memory cached:  1236.0
	 epoch  90 training error:  tensor(0.0847, device='cuda:0', grad_fn=<DivBackward0>)
Memory status after this epoch: 
Memory allocated:  778.92431640625
Memory cached:  1234.0
