/home/shengduo/anaconda3/lib/python3.9/site-packages/scipy/__init__.py:146: UserWarning: A NumPy version >=1.16.5 and <1.23.0 is required for this version of SciPy (detected version 1.24.1
  warnings.warn(f"A NumPy version >={np_minversion} and <{np_maxversion}"
[I 2024-02-16 14:59:11,297] Using an existing study with name 'my_study' instead of creating a new one.
Cuda is available:  True
Device is:  cuda:0
Memory allocated:  0.0
Memory cached:  0.0
Data file:  ./data/Trial0216_smallDRS_Burigede_400.pt
Vs.shape:  torch.Size([400, 100])
thetas.shape:  torch.Size([400, 100])
fs.shape:  torch.Size([400, 100])
ts.shape:  torch.Size([400, 100])
Xs.shape:  torch.Size([400, 100])
--------------------  Trial  1   --------------------
Start timing: 
Parameters: 
{'W_layers': 2, 'W_layer_units_exponent_0': 10, 'W_layer_units_exponent_1': 8, 'D_layers': 2, 'D_layer_units_exponent_0': 5, 'D_layer_units_exponent_1': 4, 'D_dagger_layers': 8, 'D_dagger_layer_units_exponent_0': 8, 'D_dagger_layer_units_exponent_1': 4, 'D_dagger_layer_units_exponent_2': 6, 'D_dagger_layer_units_exponent_3': 9, 'D_dagger_layer_units_exponent_4': 7, 'D_dagger_layer_units_exponent_5': 4, 'D_dagger_layer_units_exponent_6': 8, 'D_dagger_layer_units_exponent_7': 10, 'log_learning_rate': -4.230974341235635, 'log_learning_rate_D': -3.156897395091259, 'log_learning_rate_D_dagger': -2.057310504567744, 'training_batch_size': 7, 'training_p': 5}
	 epoch  0 training error:  tensor(1.2635, device='cuda:0', grad_fn=<DivBackward0>)
Memory status after this epoch: 
Memory allocated:  10.0869140625
Memory cached:  158.0
	 epoch  10 training error:  tensor(0.2084, device='cuda:0', grad_fn=<DivBackward0>)
Memory status after this epoch: 
Memory allocated:  10.0869140625
Memory cached:  150.0
	 epoch  20 training error:  tensor(0.2221, device='cuda:0', grad_fn=<DivBackward0>)
Memory status after this epoch: 
Memory allocated:  10.0869140625
Memory cached:  130.0
	 epoch  30 training error:  tensor(0.1635, device='cuda:0', grad_fn=<DivBackward0>)
Memory status after this epoch: 
Memory allocated:  10.0869140625
Memory cached:  126.0
	 epoch  40 training error:  tensor(0.1676, device='cuda:0', grad_fn=<DivBackward0>)
Memory status after this epoch: 
Memory allocated:  10.0869140625
Memory cached:  126.0
	 epoch  50 training error:  tensor(0.1393, device='cuda:0', grad_fn=<DivBackward0>)
Memory status after this epoch: 
Memory allocated:  10.0869140625
Memory cached:  128.0
	 epoch  60 training error:  tensor(0.2226, device='cuda:0', grad_fn=<DivBackward0>)
Memory status after this epoch: 
Memory allocated:  10.0869140625
Memory cached:  130.0
	 epoch  70 training error:  tensor(0.3737, device='cuda:0', grad_fn=<DivBackward0>)
Memory status after this epoch: 
Memory allocated:  10.0869140625
Memory cached:  132.0
	 epoch  80 training error:  tensor(0.3639, device='cuda:0', grad_fn=<DivBackward0>)
Memory status after this epoch: 
Memory allocated:  10.0869140625
Memory cached:  138.0
	 epoch  90 training error:  tensor(0.3706, device='cuda:0', grad_fn=<DivBackward0>)
Memory status after this epoch: 
Memory allocated:  10.0869140625
Memory cached:  130.0
[I 2024-02-16 15:06:58,586] Trial 1 finished with value: 0.18055397272109985 and parameters: {'W_layers': 2, 'W_layer_units_exponent_0': 10, 'W_layer_units_exponent_1': 8, 'D_layers': 2, 'D_layer_units_exponent_0': 5, 'D_layer_units_exponent_1': 4, 'D_dagger_layers': 8, 'D_dagger_layer_units_exponent_0': 8, 'D_dagger_layer_units_exponent_1': 4, 'D_dagger_layer_units_exponent_2': 6, 'D_dagger_layer_units_exponent_3': 9, 'D_dagger_layer_units_exponent_4': 7, 'D_dagger_layer_units_exponent_5': 4, 'D_dagger_layer_units_exponent_6': 8, 'D_dagger_layer_units_exponent_7': 10, 'log_learning_rate': -4.230974341235635, 'log_learning_rate_D': -3.156897395091259, 'log_learning_rate_D_dagger': -2.057310504567744, 'training_batch_size': 7, 'training_p': 5}. Best is trial 1 with value: 0.18055397272109985.
res:  tensor(0.1806, device='cuda:0', grad_fn=<DivBackward0>)
self.bestValue:  10000000.0
Save this model!
Time for this trial:  466.9947979450226
Memory status after this trial: 
Memory allocated:  735.02587890625
Memory cached:  742.0
--------------------  Trial  2   --------------------
Start timing: 
Parameters: 
{'W_layers': 3, 'W_layer_units_exponent_0': 8, 'W_layer_units_exponent_1': 7, 'W_layer_units_exponent_2': 8, 'D_layers': 2, 'D_layer_units_exponent_0': 6, 'D_layer_units_exponent_1': 7, 'D_dagger_layers': 2, 'D_dagger_layer_units_exponent_0': 4, 'D_dagger_layer_units_exponent_1': 5, 'log_learning_rate': -3.1705084371143064, 'log_learning_rate_D': -2.3973407654907315, 'log_learning_rate_D_dagger': -4.134655929918544, 'training_batch_size': 10, 'training_p': 7}
	 epoch  0 training error:  tensor(0.9175, device='cuda:0', grad_fn=<DivBackward0>)
Memory status after this epoch: 
Memory allocated:  736.3154296875
Memory cached:  754.0
	 epoch  10 training error:  tensor(0.6342, device='cuda:0', grad_fn=<DivBackward0>)
Memory status after this epoch: 
Memory allocated:  736.3154296875
Memory cached:  768.0
	 epoch  20 training error:  tensor(0.6292, device='cuda:0', grad_fn=<DivBackward0>)
Memory status after this epoch: 
Memory allocated:  736.3154296875
Memory cached:  768.0
	 epoch  30 training error:  tensor(0.6185, device='cuda:0', grad_fn=<DivBackward0>)
Memory status after this epoch: 
Memory allocated:  736.3154296875
Memory cached:  766.0
	 epoch  40 training error:  tensor(0.6147, device='cuda:0', grad_fn=<DivBackward0>)
Memory status after this epoch: 
Memory allocated:  736.3154296875
Memory cached:  766.0
	 epoch  50 training error:  tensor(0.6096, device='cuda:0', grad_fn=<DivBackward0>)
Memory status after this epoch: 
Memory allocated:  736.3154296875
Memory cached:  766.0
	 epoch  60 training error:  tensor(0.6049, device='cuda:0', grad_fn=<DivBackward0>)
Memory status after this epoch: 
Memory allocated:  736.3154296875
Memory cached:  764.0
	 epoch  70 training error:  tensor(0.6000, device='cuda:0', grad_fn=<DivBackward0>)
Memory status after this epoch: 
Memory allocated:  736.3154296875
Memory cached:  766.0
	 epoch  80 training error:  tensor(0.5952, device='cuda:0', grad_fn=<DivBackward0>)
Memory status after this epoch: 
Memory allocated:  736.3154296875
Memory cached:  770.0
	 epoch  90 training error:  tensor(0.5902, device='cuda:0', grad_fn=<DivBackward0>)
Memory status after this epoch: 
Memory allocated:  736.3154296875
Memory cached:  766.0
[I 2024-02-16 15:09:28,311] Trial 2 finished with value: 0.5535725951194763 and parameters: {'W_layers': 3, 'W_layer_units_exponent_0': 8, 'W_layer_units_exponent_1': 7, 'W_layer_units_exponent_2': 8, 'D_layers': 2, 'D_layer_units_exponent_0': 6, 'D_layer_units_exponent_1': 7, 'D_dagger_layers': 2, 'D_dagger_layer_units_exponent_0': 4, 'D_dagger_layer_units_exponent_1': 5, 'log_learning_rate': -3.1705084371143064, 'log_learning_rate_D': -2.3973407654907315, 'log_learning_rate_D_dagger': -4.134655929918544, 'training_batch_size': 10, 'training_p': 7}. Best is trial 1 with value: 0.18055397272109985.
Time for this trial:  149.50488877296448
Memory status after this trial: 
Memory allocated:  910.99560546875
Memory cached:  914.0
--------------------  Trial  3   --------------------
Start timing: 
Parameters: 
{'W_layers': 7, 'W_layer_units_exponent_0': 10, 'W_layer_units_exponent_1': 7, 'W_layer_units_exponent_2': 8, 'W_layer_units_exponent_3': 7, 'W_layer_units_exponent_4': 9, 'W_layer_units_exponent_5': 8, 'W_layer_units_exponent_6': 5, 'D_layers': 5, 'D_layer_units_exponent_0': 10, 'D_layer_units_exponent_1': 5, 'D_layer_units_exponent_2': 6, 'D_layer_units_exponent_3': 7, 'D_layer_units_exponent_4': 6, 'D_dagger_layers': 7, 'D_dagger_layer_units_exponent_0': 4, 'D_dagger_layer_units_exponent_1': 8, 'D_dagger_layer_units_exponent_2': 4, 'D_dagger_layer_units_exponent_3': 5, 'D_dagger_layer_units_exponent_4': 8, 'D_dagger_layer_units_exponent_5': 4, 'D_dagger_layer_units_exponent_6': 6, 'log_learning_rate': -4.943869039826152, 'log_learning_rate_D': -1.3010862480912628, 'log_learning_rate_D_dagger': -3.9780033043038836, 'training_batch_size': 10, 'training_p': 5}
	 epoch  0 training error:  tensor(1.0221, device='cuda:0', grad_fn=<DivBackward0>)
Memory status after this epoch: 
Memory allocated:  742.5087890625
Memory cached:  772.0
	 epoch  10 training error:  tensor(0.9441, device='cuda:0', grad_fn=<DivBackward0>)
Memory status after this epoch: 
Memory allocated:  742.5087890625
Memory cached:  796.0
	 epoch  20 training error:  tensor(0.8486, device='cuda:0', grad_fn=<DivBackward0>)
Memory status after this epoch: 
Memory allocated:  742.5087890625
Memory cached:  792.0
	 epoch  30 training error:  tensor(0.7791, device='cuda:0', grad_fn=<DivBackward0>)
Memory status after this epoch: 
Memory allocated:  742.5087890625
Memory cached:  800.0
	 epoch  40 training error:  tensor(0.6925, device='cuda:0', grad_fn=<DivBackward0>)
Memory status after this epoch: 
Memory allocated:  742.5087890625
Memory cached:  794.0
	 epoch  50 training error:  tensor(0.6713, device='cuda:0', grad_fn=<DivBackward0>)
Memory status after this epoch: 
Memory allocated:  742.5087890625
Memory cached:  790.0
	 epoch  60 training error:  tensor(0.6755, device='cuda:0', grad_fn=<DivBackward0>)
Memory status after this epoch: 
Memory allocated:  742.5087890625
Memory cached:  794.0
	 epoch  70 training error:  tensor(0.6731, device='cuda:0', grad_fn=<DivBackward0>)
Memory status after this epoch: 
Memory allocated:  742.5087890625
Memory cached:  802.0
	 epoch  80 training error:  tensor(0.6797, device='cuda:0', grad_fn=<DivBackward0>)
Memory status after this epoch: 
Memory allocated:  742.5087890625
Memory cached:  794.0
	 epoch  90 training error:  tensor(0.6801, device='cuda:0', grad_fn=<DivBackward0>)
Memory status after this epoch: 
Memory allocated:  742.5087890625
Memory cached:  798.0
[I 2024-02-16 15:14:34,704] Trial 3 finished with value: 0.6585397124290466 and parameters: {'W_layers': 7, 'W_layer_units_exponent_0': 10, 'W_layer_units_exponent_1': 7, 'W_layer_units_exponent_2': 8, 'W_layer_units_exponent_3': 7, 'W_layer_units_exponent_4': 9, 'W_layer_units_exponent_5': 8, 'W_layer_units_exponent_6': 5, 'D_layers': 5, 'D_layer_units_exponent_0': 10, 'D_layer_units_exponent_1': 5, 'D_layer_units_exponent_2': 6, 'D_layer_units_exponent_3': 7, 'D_layer_units_exponent_4': 6, 'D_dagger_layers': 7, 'D_dagger_layer_units_exponent_0': 4, 'D_dagger_layer_units_exponent_1': 8, 'D_dagger_layer_units_exponent_2': 4, 'D_dagger_layer_units_exponent_3': 5, 'D_dagger_layer_units_exponent_4': 8, 'D_dagger_layer_units_exponent_5': 4, 'D_dagger_layer_units_exponent_6': 6, 'log_learning_rate': -4.943869039826152, 'log_learning_rate_D': -1.3010862480912628, 'log_learning_rate_D_dagger': -3.9780033043038836, 'training_batch_size': 10, 'training_p': 5}. Best is trial 1 with value: 0.18055397272109985.
Time for this trial:  306.07489943504333
Memory status after this trial: 
Memory allocated:  1650.93798828125
Memory cached:  1658.0
--------------------  Trial  4   --------------------
Start timing: 
Parameters: 
{'W_layers': 3, 'W_layer_units_exponent_0': 6, 'W_layer_units_exponent_1': 6, 'W_layer_units_exponent_2': 4, 'D_layers': 8, 'D_layer_units_exponent_0': 6, 'D_layer_units_exponent_1': 7, 'D_layer_units_exponent_2': 5, 'D_layer_units_exponent_3': 10, 'D_layer_units_exponent_4': 5, 'D_layer_units_exponent_5': 8, 'D_layer_units_exponent_6': 4, 'D_layer_units_exponent_7': 6, 'D_dagger_layers': 3, 'D_dagger_layer_units_exponent_0': 8, 'D_dagger_layer_units_exponent_1': 7, 'D_dagger_layer_units_exponent_2': 10, 'log_learning_rate': -4.9900534488893316, 'log_learning_rate_D': -2.38854219924488, 'log_learning_rate_D_dagger': -3.52651690490646, 'training_batch_size': 7, 'training_p': 7}
	 epoch  0 training error:  tensor(1.0056, device='cuda:0', grad_fn=<DivBackward0>)
Memory status after this epoch: 
Memory allocated:  739.1103515625
Memory cached:  850.0
	 epoch  10 training error:  tensor(0.1732, device='cuda:0', grad_fn=<DivBackward0>)
Memory status after this epoch: 
Memory allocated:  739.1103515625
Memory cached:  950.0
	 epoch  20 training error:  tensor(0.1384, device='cuda:0', grad_fn=<DivBackward0>)
Memory status after this epoch: 
Memory allocated:  739.1103515625
Memory cached:  950.0
	 epoch  30 training error:  tensor(0.1285, device='cuda:0', grad_fn=<DivBackward0>)
Memory status after this epoch: 
Memory allocated:  739.1103515625
Memory cached:  960.0
	 epoch  40 training error:  tensor(0.1290, device='cuda:0', grad_fn=<DivBackward0>)
Memory status after this epoch: 
Memory allocated:  739.1103515625
Memory cached:  934.0
	 epoch  50 training error:  tensor(0.1326, device='cuda:0', grad_fn=<DivBackward0>)
Memory status after this epoch: 
Memory allocated:  739.1103515625
Memory cached:  958.0
	 epoch  60 training error:  tensor(0.1299, device='cuda:0', grad_fn=<DivBackward0>)
Memory status after this epoch: 
Memory allocated:  739.1103515625
Memory cached:  960.0
	 epoch  70 training error:  tensor(0.1218, device='cuda:0', grad_fn=<DivBackward0>)
Memory status after this epoch: 
Memory allocated:  739.1103515625
Memory cached:  958.0
	 epoch  80 training error:  tensor(0.1261, device='cuda:0', grad_fn=<DivBackward0>)
Memory status after this epoch: 
Memory allocated:  739.1103515625
Memory cached:  962.0
	 epoch  90 training error:  tensor(0.1206, device='cuda:0', grad_fn=<DivBackward0>)
Memory status after this epoch: 
Memory allocated:  739.1103515625
Memory cached:  940.0
[I 2024-02-16 15:23:03,467] Trial 4 finished with value: 0.08874819427728653 and parameters: {'W_layers': 3, 'W_layer_units_exponent_0': 6, 'W_layer_units_exponent_1': 6, 'W_layer_units_exponent_2': 4, 'D_layers': 8, 'D_layer_units_exponent_0': 6, 'D_layer_units_exponent_1': 7, 'D_layer_units_exponent_2': 5, 'D_layer_units_exponent_3': 10, 'D_layer_units_exponent_4': 5, 'D_layer_units_exponent_5': 8, 'D_layer_units_exponent_6': 4, 'D_layer_units_exponent_7': 6, 'D_dagger_layers': 3, 'D_dagger_layer_units_exponent_0': 8, 'D_dagger_layer_units_exponent_1': 7, 'D_dagger_layer_units_exponent_2': 10, 'log_learning_rate': -4.9900534488893316, 'log_learning_rate_D': -2.38854219924488, 'log_learning_rate_D_dagger': -3.52651690490646, 'training_batch_size': 7, 'training_p': 7}. Best is trial 4 with value: 0.08874819427728653.
res:  tensor(0.0887, device='cuda:0', grad_fn=<DivBackward0>)
self.bestValue:  tensor(0.1806, device='cuda:0', grad_fn=<DivBackward0>)
Save this model!
Time for this trial:  508.40399980545044
Memory status after this trial: 
Memory allocated:  642.39990234375
Memory cached:  904.0
--------------------  Trial  5   --------------------
Start timing: 
Parameters: 
{'W_layers': 8, 'W_layer_units_exponent_0': 7, 'W_layer_units_exponent_1': 7, 'W_layer_units_exponent_2': 9, 'W_layer_units_exponent_3': 4, 'W_layer_units_exponent_4': 8, 'W_layer_units_exponent_5': 4, 'W_layer_units_exponent_6': 5, 'W_layer_units_exponent_7': 5, 'D_layers': 2, 'D_layer_units_exponent_0': 10, 'D_layer_units_exponent_1': 8, 'D_dagger_layers': 6, 'D_dagger_layer_units_exponent_0': 7, 'D_dagger_layer_units_exponent_1': 4, 'D_dagger_layer_units_exponent_2': 10, 'D_dagger_layer_units_exponent_3': 9, 'D_dagger_layer_units_exponent_4': 9, 'D_dagger_layer_units_exponent_5': 10, 'log_learning_rate': -4.3547850571075895, 'log_learning_rate_D': -3.747754924077555, 'log_learning_rate_D_dagger': -1.151229014367003, 'training_batch_size': 11, 'training_p': 4}
	 epoch  0 training error:  tensor(1.0084, device='cuda:0', grad_fn=<DivBackward0>)
Memory status after this epoch: 
Memory allocated:  669.46484375
Memory cached:  930.0
	 epoch  10 training error:  tensor(325.0330, device='cuda:0', grad_fn=<DivBackward0>)
Memory status after this epoch: 
Memory allocated:  669.46484375
Memory cached:  956.0
	 epoch  20 training error:  tensor(12700.3193, device='cuda:0', grad_fn=<DivBackward0>)
Memory status after this epoch: 
Memory allocated:  669.46484375
Memory cached:  954.0
	 epoch  30 training error:  tensor(3489.2415, device='cuda:0', grad_fn=<DivBackward0>)
Memory status after this epoch: 
Memory allocated:  669.46484375
Memory cached:  950.0
	 epoch  40 training error:  tensor(10000.4609, device='cuda:0', grad_fn=<DivBackward0>)
Memory status after this epoch: 
Memory allocated:  669.46484375
Memory cached:  952.0
	 epoch  50 training error:  tensor(691.9572, device='cuda:0', grad_fn=<DivBackward0>)
Memory status after this epoch: 
Memory allocated:  669.46484375
Memory cached:  948.0
	 epoch  60 training error:  tensor(979.4006, device='cuda:0', grad_fn=<DivBackward0>)
Memory status after this epoch: 
Memory allocated:  669.46484375
Memory cached:  954.0
	 epoch  70 training error:  tensor(47705.7773, device='cuda:0', grad_fn=<DivBackward0>)
Memory status after this epoch: 
Memory allocated:  669.46484375
Memory cached:  956.0
	 epoch  80 training error:  tensor(2361.5662, device='cuda:0', grad_fn=<DivBackward0>)
Memory status after this epoch: 
Memory allocated:  669.46484375
Memory cached:  946.0
	 epoch  90 training error:  tensor(586.2663, device='cuda:0', grad_fn=<DivBackward0>)
Memory status after this epoch: 
Memory allocated:  669.46484375
Memory cached:  952.0
[I 2024-02-16 15:27:40,181] Trial 5 finished with value: 118.0464096069336 and parameters: {'W_layers': 8, 'W_layer_units_exponent_0': 7, 'W_layer_units_exponent_1': 7, 'W_layer_units_exponent_2': 9, 'W_layer_units_exponent_3': 4, 'W_layer_units_exponent_4': 8, 'W_layer_units_exponent_5': 4, 'W_layer_units_exponent_6': 5, 'W_layer_units_exponent_7': 5, 'D_layers': 2, 'D_layer_units_exponent_0': 10, 'D_layer_units_exponent_1': 8, 'D_dagger_layers': 6, 'D_dagger_layer_units_exponent_0': 7, 'D_dagger_layer_units_exponent_1': 4, 'D_dagger_layer_units_exponent_2': 10, 'D_dagger_layer_units_exponent_3': 9, 'D_dagger_layer_units_exponent_4': 9, 'D_dagger_layer_units_exponent_5': 10, 'log_learning_rate': -4.3547850571075895, 'log_learning_rate_D': -3.747754924077555, 'log_learning_rate_D_dagger': -1.151229014367003, 'training_batch_size': 11, 'training_p': 4}. Best is trial 4 with value: 0.08874819427728653.
Time for this trial:  276.4402003288269
Memory status after this trial: 
Memory allocated:  1813.34716796875
Memory cached:  1854.0
--------------------  Trial  6   --------------------
Start timing: 
Parameters: 
{'W_layers': 3, 'W_layer_units_exponent_0': 7, 'W_layer_units_exponent_1': 6, 'W_layer_units_exponent_2': 8, 'D_layers': 2, 'D_layer_units_exponent_0': 9, 'D_layer_units_exponent_1': 8, 'D_dagger_layers': 3, 'D_dagger_layer_units_exponent_0': 10, 'D_dagger_layer_units_exponent_1': 8, 'D_dagger_layer_units_exponent_2': 5, 'log_learning_rate': -4.459996455315237, 'log_learning_rate_D': -4.776488312903301, 'log_learning_rate_D_dagger': -4.175293792266587, 'training_batch_size': 8, 'training_p': 5}
	 epoch  0 training error:  tensor(1.1622, device='cuda:0', grad_fn=<DivBackward0>)
Memory status after this epoch: 
Memory allocated:  649.017578125
Memory cached:  910.0
	 epoch  10 training error:  tensor(0.2472, device='cuda:0', grad_fn=<DivBackward0>)
Memory status after this epoch: 
Memory allocated:  649.017578125
Memory cached:  938.0
	 epoch  20 training error:  tensor(0.1678, device='cuda:0', grad_fn=<DivBackward0>)
Memory status after this epoch: 
Memory allocated:  649.017578125
Memory cached:  942.0
	 epoch  30 training error:  tensor(0.1498, device='cuda:0', grad_fn=<DivBackward0>)
Memory status after this epoch: 
Memory allocated:  649.017578125
Memory cached:  934.0
	 epoch  40 training error:  tensor(0.1387, device='cuda:0', grad_fn=<DivBackward0>)
Memory status after this epoch: 
Memory allocated:  649.017578125
Memory cached:  938.0
	 epoch  50 training error:  tensor(0.1260, device='cuda:0', grad_fn=<DivBackward0>)
Memory status after this epoch: 
Memory allocated:  649.017578125
Memory cached:  938.0
	 epoch  60 training error:  tensor(0.1137, device='cuda:0', grad_fn=<DivBackward0>)
Memory status after this epoch: 
Memory allocated:  649.017578125
Memory cached:  940.0
	 epoch  70 training error:  tensor(0.1104, device='cuda:0', grad_fn=<DivBackward0>)
Memory status after this epoch: 
Memory allocated:  649.017578125
Memory cached:  936.0
	 epoch  80 training error:  tensor(0.1087, device='cuda:0', grad_fn=<DivBackward0>)
Memory status after this epoch: 
Memory allocated:  649.017578125
Memory cached:  932.0
	 epoch  90 training error:  tensor(0.1076, device='cuda:0', grad_fn=<DivBackward0>)
Memory status after this epoch: 
Memory allocated:  649.017578125
Memory cached:  938.0
