[I 2024-02-18 05:44:24,420] Trial 12 finished with value: 0.30499422550201416 and parameters: {'W_layers': 8, 'W_layer_units_exponent_0': 4, 'W_layer_units_exponent_1': 4, 'W_layer_units_exponent_2': 7, 'W_layer_units_exponent_3': 4, 'W_layer_units_exponent_4': 10, 'W_layer_units_exponent_5': 10, 'W_layer_units_exponent_6': 6, 'W_layer_units_exponent_7': 5, 'D_layers': 4, 'D_layer_units_exponent_0': 10, 'D_layer_units_exponent_1': 10, 'D_layer_units_exponent_2': 6, 'D_layer_units_exponent_3': 8, 'D_dagger_layers': 7, 'D_dagger_layer_units_exponent_0': 5, 'D_dagger_layer_units_exponent_1': 6, 'D_dagger_layer_units_exponent_2': 6, 'D_dagger_layer_units_exponent_3': 6, 'D_dagger_layer_units_exponent_4': 4, 'D_dagger_layer_units_exponent_5': 7, 'D_dagger_layer_units_exponent_6': 4, 'log_learning_rate': -2.462678752876082, 'log_learning_rate_D': -2.2419670392607243, 'log_learning_rate_D_dagger': -3.3865931011005928, 'training_batch_size': 10, 'training_p': 2}. Best is trial 12 with value: 0.30499422550201416.
res:  tensor(0.3050, device='cuda:0', grad_fn=<DivBackward0>)
self.bestValue:  tensor(0.3099, device='cuda:0', grad_fn=<DivBackward0>)
Save this model!
Time for this trial:  24.41237711906433
Memory status after this trial: 
Memory allocated:  599.4208984375
Memory cached:  732.0
--------------------  Trial  13   --------------------
Start timing: 
Parameters: 
{'W_layers': 7, 'W_layer_units_exponent_0': 4, 'W_layer_units_exponent_1': 5, 'W_layer_units_exponent_2': 7, 'W_layer_units_exponent_3': 4, 'W_layer_units_exponent_4': 10, 'W_layer_units_exponent_5': 8, 'W_layer_units_exponent_6': 9, 'D_layers': 6, 'D_layer_units_exponent_0': 6, 'D_layer_units_exponent_1': 9, 'D_layer_units_exponent_2': 4, 'D_layer_units_exponent_3': 8, 'D_layer_units_exponent_4': 7, 'D_layer_units_exponent_5': 10, 'D_dagger_layers': 7, 'D_dagger_layer_units_exponent_0': 6, 'D_dagger_layer_units_exponent_1': 7, 'D_dagger_layer_units_exponent_2': 6, 'D_dagger_layer_units_exponent_3': 6, 'D_dagger_layer_units_exponent_4': 7, 'D_dagger_layer_units_exponent_5': 8, 'D_dagger_layer_units_exponent_6': 4, 'log_learning_rate': -3.177268806762017, 'log_learning_rate_D': -1.1605252920763225, 'log_learning_rate_D_dagger': -3.7593424405609284, 'training_batch_size': 10, 'training_p': 2}
	 epoch  0 training error:  tensor(1.0202, device='cuda:0', grad_fn=<DivBackward0>)
Memory status after this epoch: 
Memory allocated:  607.76953125
Memory cached:  732.0
	 epoch  10 training error:  tensor(0.4515, device='cuda:0', grad_fn=<DivBackward0>)
Memory status after this epoch: 
Memory allocated:  607.76953125
Memory cached:  732.0
	 epoch  20 training error:  tensor(0.4200, device='cuda:0', grad_fn=<DivBackward0>)
Memory status after this epoch: 
Memory allocated:  607.76953125
Memory cached:  732.0
	 epoch  30 training error:  tensor(0.3516, device='cuda:0', grad_fn=<DivBackward0>)
Memory status after this epoch: 
Memory allocated:  607.76953125
Memory cached:  732.0
	 epoch  40 training error:  tensor(0.3046, device='cuda:0', grad_fn=<DivBackward0>)
Memory status after this epoch: 
Memory allocated:  607.76953125
Memory cached:  732.0
	 epoch  50 training error:  tensor(0.3018, device='cuda:0', grad_fn=<DivBackward0>)
Memory status after this epoch: 
Memory allocated:  607.76953125
Memory cached:  732.0
	 epoch  60 training error:  tensor(0.2975, device='cuda:0', grad_fn=<DivBackward0>)
Memory status after this epoch: 
Memory allocated:  607.76953125
Memory cached:  732.0
	 epoch  70 training error:  tensor(0.2976, device='cuda:0', grad_fn=<DivBackward0>)
Memory status after this epoch: 
Memory allocated:  607.76953125
Memory cached:  732.0
	 epoch  80 training error:  tensor(0.2923, device='cuda:0', grad_fn=<DivBackward0>)
Memory status after this epoch: 
Memory allocated:  607.76953125
Memory cached:  732.0
	 epoch  90 training error:  tensor(0.2961, device='cuda:0', grad_fn=<DivBackward0>)
Memory status after this epoch: 
Memory allocated:  607.76953125
Memory cached:  732.0
[I 2024-02-18 05:44:49,135] Trial 13 finished with value: 0.3066670596599579 and parameters: {'W_layers': 7, 'W_layer_units_exponent_0': 4, 'W_layer_units_exponent_1': 5, 'W_layer_units_exponent_2': 7, 'W_layer_units_exponent_3': 4, 'W_layer_units_exponent_4': 10, 'W_layer_units_exponent_5': 8, 'W_layer_units_exponent_6': 9, 'D_layers': 6, 'D_layer_units_exponent_0': 6, 'D_layer_units_exponent_1': 9, 'D_layer_units_exponent_2': 4, 'D_layer_units_exponent_3': 8, 'D_layer_units_exponent_4': 7, 'D_layer_units_exponent_5': 10, 'D_dagger_layers': 7, 'D_dagger_layer_units_exponent_0': 6, 'D_dagger_layer_units_exponent_1': 7, 'D_dagger_layer_units_exponent_2': 6, 'D_dagger_layer_units_exponent_3': 6, 'D_dagger_layer_units_exponent_4': 7, 'D_dagger_layer_units_exponent_5': 8, 'D_dagger_layer_units_exponent_6': 4, 'log_learning_rate': -3.177268806762017, 'log_learning_rate_D': -1.1605252920763225, 'log_learning_rate_D_dagger': -3.7593424405609284, 'training_batch_size': 10, 'training_p': 2}. Best is trial 12 with value: 0.30499422550201416.
Time for this trial:  24.339204788208008
Memory status after this trial: 
Memory allocated:  1177.27685546875
Memory cached:  1208.0
--------------------  Trial  14   --------------------
Start timing: 
Parameters: 
{'W_layers': 7, 'W_layer_units_exponent_0': 5, 'W_layer_units_exponent_1': 6, 'W_layer_units_exponent_2': 8, 'W_layer_units_exponent_3': 4, 'W_layer_units_exponent_4': 10, 'W_layer_units_exponent_5': 7, 'W_layer_units_exponent_6': 4, 'D_layers': 6, 'D_layer_units_exponent_0': 10, 'D_layer_units_exponent_1': 9, 'D_layer_units_exponent_2': 4, 'D_layer_units_exponent_3': 8, 'D_layer_units_exponent_4': 6, 'D_layer_units_exponent_5': 10, 'D_dagger_layers': 6, 'D_dagger_layer_units_exponent_0': 7, 'D_dagger_layer_units_exponent_1': 7, 'D_dagger_layer_units_exponent_2': 7, 'D_dagger_layer_units_exponent_3': 8, 'D_dagger_layer_units_exponent_4': 6, 'D_dagger_layer_units_exponent_5': 7, 'log_learning_rate': -2.1281503777204698, 'log_learning_rate_D': -1.0459778766703163, 'log_learning_rate_D_dagger': -3.7173906368934286, 'training_batch_size': 11, 'training_p': 4}
	 epoch  0 training error:  tensor(1.0122, device='cuda:0', grad_fn=<DivBackward0>)
Memory status after this epoch: 
Memory allocated:  605.97021484375
Memory cached:  732.0
	 epoch  10 training error:  tensor(0.6285, device='cuda:0', grad_fn=<DivBackward0>)
Memory status after this epoch: 
Memory allocated:  605.97021484375
Memory cached:  732.0
	 epoch  20 training error:  tensor(0.5291, device='cuda:0', grad_fn=<DivBackward0>)
Memory status after this epoch: 
Memory allocated:  605.97021484375
Memory cached:  732.0
	 epoch  30 training error:  tensor(0.4616, device='cuda:0', grad_fn=<DivBackward0>)
Memory status after this epoch: 
Memory allocated:  605.97021484375
Memory cached:  732.0
	 epoch  40 training error:  tensor(0.4489, device='cuda:0', grad_fn=<DivBackward0>)
Memory status after this epoch: 
Memory allocated:  605.97021484375
Memory cached:  732.0
	 epoch  50 training error:  tensor(0.4371, device='cuda:0', grad_fn=<DivBackward0>)
Memory status after this epoch: 
Memory allocated:  605.97021484375
Memory cached:  732.0
	 epoch  60 training error:  tensor(0.4291, device='cuda:0', grad_fn=<DivBackward0>)
Memory status after this epoch: 
Memory allocated:  605.97021484375
Memory cached:  732.0
	 epoch  70 training error:  tensor(0.4305, device='cuda:0', grad_fn=<DivBackward0>)
Memory status after this epoch: 
Memory allocated:  605.97021484375
Memory cached:  732.0
	 epoch  80 training error:  tensor(0.4295, device='cuda:0', grad_fn=<DivBackward0>)
Memory status after this epoch: 
Memory allocated:  605.97021484375
Memory cached:  732.0
	 epoch  90 training error:  tensor(0.4283, device='cuda:0', grad_fn=<DivBackward0>)
Memory status after this epoch: 
Memory allocated:  605.97021484375
Memory cached:  732.0
[I 2024-02-18 05:45:13,507] Trial 14 finished with value: 0.3353874683380127 and parameters: {'W_layers': 7, 'W_layer_units_exponent_0': 5, 'W_layer_units_exponent_1': 6, 'W_layer_units_exponent_2': 8, 'W_layer_units_exponent_3': 4, 'W_layer_units_exponent_4': 10, 'W_layer_units_exponent_5': 7, 'W_layer_units_exponent_6': 4, 'D_layers': 6, 'D_layer_units_exponent_0': 10, 'D_layer_units_exponent_1': 9, 'D_layer_units_exponent_2': 4, 'D_layer_units_exponent_3': 8, 'D_layer_units_exponent_4': 6, 'D_layer_units_exponent_5': 10, 'D_dagger_layers': 6, 'D_dagger_layer_units_exponent_0': 7, 'D_dagger_layer_units_exponent_1': 7, 'D_dagger_layer_units_exponent_2': 7, 'D_dagger_layer_units_exponent_3': 8, 'D_dagger_layer_units_exponent_4': 6, 'D_dagger_layer_units_exponent_5': 7, 'log_learning_rate': -2.1281503777204698, 'log_learning_rate_D': -1.0459778766703163, 'log_learning_rate_D_dagger': -3.7173906368934286, 'training_batch_size': 11, 'training_p': 4}. Best is trial 12 with value: 0.30499422550201416.
Time for this trial:  23.971375942230225
Memory status after this trial: 
Memory allocated:  1113.42626953125
Memory cached:  1132.0
--------------------  Trial  15   --------------------
Start timing: 
Parameters: 
{'W_layers': 7, 'W_layer_units_exponent_0': 6, 'W_layer_units_exponent_1': 5, 'W_layer_units_exponent_2': 7, 'W_layer_units_exponent_3': 6, 'W_layer_units_exponent_4': 10, 'W_layer_units_exponent_5': 8, 'W_layer_units_exponent_6': 10, 'D_layers': 7, 'D_layer_units_exponent_0': 5, 'D_layer_units_exponent_1': 9, 'D_layer_units_exponent_2': 5, 'D_layer_units_exponent_3': 8, 'D_layer_units_exponent_4': 9, 'D_layer_units_exponent_5': 10, 'D_layer_units_exponent_6': 10, 'D_dagger_layers': 7, 'D_dagger_layer_units_exponent_0': 6, 'D_dagger_layer_units_exponent_1': 5, 'D_dagger_layer_units_exponent_2': 6, 'D_dagger_layer_units_exponent_3': 6, 'D_dagger_layer_units_exponent_4': 6, 'D_dagger_layer_units_exponent_5': 7, 'D_dagger_layer_units_exponent_6': 6, 'log_learning_rate': -3.0510938858573287, 'log_learning_rate_D': -1.0219965687403458, 'log_learning_rate_D_dagger': -2.775260122104728, 'training_batch_size': 10, 'training_p': 5}
	 epoch  0 training error:  tensor(1.0158, device='cuda:0', grad_fn=<DivBackward0>)
Memory status after this epoch: 
Memory allocated:  616.32763671875
Memory cached:  732.0
	 epoch  10 training error:  tensor(0.5134, device='cuda:0', grad_fn=<DivBackward0>)
Memory status after this epoch: 
Memory allocated:  616.32763671875
Memory cached:  732.0
	 epoch  20 training error:  tensor(0.5027, device='cuda:0', grad_fn=<DivBackward0>)
Memory status after this epoch: 
Memory allocated:  616.32763671875
Memory cached:  732.0
	 epoch  30 training error:  tensor(0.4841, device='cuda:0', grad_fn=<DivBackward0>)
Memory status after this epoch: 
Memory allocated:  616.32763671875
Memory cached:  732.0
	 epoch  40 training error:  tensor(0.4699, device='cuda:0', grad_fn=<DivBackward0>)
Memory status after this epoch: 
Memory allocated:  616.32763671875
Memory cached:  732.0
	 epoch  50 training error:  tensor(0.4896, device='cuda:0', grad_fn=<DivBackward0>)
Memory status after this epoch: 
Memory allocated:  616.32763671875
Memory cached:  732.0
	 epoch  60 training error:  tensor(0.4787, device='cuda:0', grad_fn=<DivBackward0>)
Memory status after this epoch: 
Memory allocated:  616.32763671875
Memory cached:  732.0
	 epoch  70 training error:  tensor(0.4744, device='cuda:0', grad_fn=<DivBackward0>)
Memory status after this epoch: 
Memory allocated:  616.32763671875
Memory cached:  732.0
	 epoch  80 training error:  tensor(0.4719, device='cuda:0', grad_fn=<DivBackward0>)
Memory status after this epoch: 
Memory allocated:  616.32763671875
Memory cached:  732.0
	 epoch  90 training error:  tensor(0.4725, device='cuda:0', grad_fn=<DivBackward0>)
Memory status after this epoch: 
Memory allocated:  616.32763671875
Memory cached:  732.0
[I 2024-02-18 05:45:38,304] Trial 15 finished with value: 0.3677752912044525 and parameters: {'W_layers': 7, 'W_layer_units_exponent_0': 6, 'W_layer_units_exponent_1': 5, 'W_layer_units_exponent_2': 7, 'W_layer_units_exponent_3': 6, 'W_layer_units_exponent_4': 10, 'W_layer_units_exponent_5': 8, 'W_layer_units_exponent_6': 10, 'D_layers': 7, 'D_layer_units_exponent_0': 5, 'D_layer_units_exponent_1': 9, 'D_layer_units_exponent_2': 5, 'D_layer_units_exponent_3': 8, 'D_layer_units_exponent_4': 9, 'D_layer_units_exponent_5': 10, 'D_layer_units_exponent_6': 10, 'D_dagger_layers': 7, 'D_dagger_layer_units_exponent_0': 6, 'D_dagger_layer_units_exponent_1': 5, 'D_dagger_layer_units_exponent_2': 6, 'D_dagger_layer_units_exponent_3': 6, 'D_dagger_layer_units_exponent_4': 6, 'D_dagger_layer_units_exponent_5': 7, 'D_dagger_layer_units_exponent_6': 6, 'log_learning_rate': -3.0510938858573287, 'log_learning_rate_D': -1.0219965687403458, 'log_learning_rate_D_dagger': -2.775260122104728, 'training_batch_size': 10, 'training_p': 5}. Best is trial 12 with value: 0.30499422550201416.
Time for this trial:  24.422083377838135
Memory status after this trial: 
Memory allocated:  1241.13134765625
Memory cached:  1260.0
--------------------  Trial  16   --------------------
Start timing: 
Parameters: 
{'W_layers': 7, 'W_layer_units_exponent_0': 4, 'W_layer_units_exponent_1': 5, 'W_layer_units_exponent_2': 7, 'W_layer_units_exponent_3': 5, 'W_layer_units_exponent_4': 9, 'W_layer_units_exponent_5': 7, 'W_layer_units_exponent_6': 6, 'D_layers': 4, 'D_layer_units_exponent_0': 6, 'D_layer_units_exponent_1': 9, 'D_layer_units_exponent_2': 5, 'D_layer_units_exponent_3': 8, 'D_dagger_layers': 7, 'D_dagger_layer_units_exponent_0': 8, 'D_dagger_layer_units_exponent_1': 7, 'D_dagger_layer_units_exponent_2': 7, 'D_dagger_layer_units_exponent_3': 5, 'D_dagger_layer_units_exponent_4': 8, 'D_dagger_layer_units_exponent_5': 8, 'D_dagger_layer_units_exponent_6': 4, 'log_learning_rate': -2.108167553877099, 'log_learning_rate_D': -2.541302979473286, 'log_learning_rate_D_dagger': -3.7666203948363233, 'training_batch_size': 10, 'training_p': 2}
	 epoch  0 training error:  tensor(1.0120, device='cuda:0', grad_fn=<DivBackward0>)
Memory status after this epoch: 
Memory allocated:  603.32470703125
Memory cached:  732.0
	 epoch  10 training error:  tensor(0.6682, device='cuda:0', grad_fn=<DivBackward0>)
Memory status after this epoch: 
Memory allocated:  603.32470703125
Memory cached:  732.0
	 epoch  20 training error:  tensor(0.3880, device='cuda:0', grad_fn=<DivBackward0>)
Memory status after this epoch: 
Memory allocated:  603.32470703125
Memory cached:  732.0
	 epoch  30 training error:  tensor(0.3213, device='cuda:0', grad_fn=<DivBackward0>)
Memory status after this epoch: 
Memory allocated:  603.32470703125
Memory cached:  732.0
	 epoch  40 training error:  tensor(0.2988, device='cuda:0', grad_fn=<DivBackward0>)
Memory status after this epoch: 
Memory allocated:  603.32470703125
Memory cached:  732.0
	 epoch  50 training error:  tensor(0.2920, device='cuda:0', grad_fn=<DivBackward0>)
Memory status after this epoch: 
Memory allocated:  603.32470703125
Memory cached:  732.0
	 epoch  60 training error:  tensor(0.2909, device='cuda:0', grad_fn=<DivBackward0>)
Memory status after this epoch: 
Memory allocated:  603.32470703125
Memory cached:  732.0
	 epoch  70 training error:  tensor(0.2883, device='cuda:0', grad_fn=<DivBackward0>)
Memory status after this epoch: 
Memory allocated:  603.32470703125
Memory cached:  732.0
	 epoch  80 training error:  tensor(0.2907, device='cuda:0', grad_fn=<DivBackward0>)
Memory status after this epoch: 
Memory allocated:  603.32470703125
Memory cached:  732.0
	 epoch  90 training error:  tensor(0.2865, device='cuda:0', grad_fn=<DivBackward0>)
Memory status after this epoch: 
Memory allocated:  603.32470703125
Memory cached:  732.0
[I 2024-02-18 05:46:02,169] Trial 16 finished with value: 0.3040944039821625 and parameters: {'W_layers': 7, 'W_layer_units_exponent_0': 4, 'W_layer_units_exponent_1': 5, 'W_layer_units_exponent_2': 7, 'W_layer_units_exponent_3': 5, 'W_layer_units_exponent_4': 9, 'W_layer_units_exponent_5': 7, 'W_layer_units_exponent_6': 6, 'D_layers': 4, 'D_layer_units_exponent_0': 6, 'D_layer_units_exponent_1': 9, 'D_layer_units_exponent_2': 5, 'D_layer_units_exponent_3': 8, 'D_dagger_layers': 7, 'D_dagger_layer_units_exponent_0': 8, 'D_dagger_layer_units_exponent_1': 7, 'D_dagger_layer_units_exponent_2': 7, 'D_dagger_layer_units_exponent_3': 5, 'D_dagger_layer_units_exponent_4': 8, 'D_dagger_layer_units_exponent_5': 8, 'D_dagger_layer_units_exponent_6': 4, 'log_learning_rate': -2.108167553877099, 'log_learning_rate_D': -2.541302979473286, 'log_learning_rate_D_dagger': -3.7666203948363233, 'training_batch_size': 10, 'training_p': 2}. Best is trial 16 with value: 0.3040944039821625.
res:  tensor(0.3041, device='cuda:0', grad_fn=<DivBackward0>)
self.bestValue:  tensor(0.3050, device='cuda:0', grad_fn=<DivBackward0>)
Save this model!
Time for this trial:  23.525310039520264
Memory status after this trial: 
Memory allocated:  431.7783203125
Memory cached:  526.0
--------------------  Trial  17   --------------------
Start timing: 
Parameters: 
{'W_layers': 6, 'W_layer_units_exponent_0': 5, 'W_layer_units_exponent_1': 6, 'W_layer_units_exponent_2': 8, 'W_layer_units_exponent_3': 5, 'W_layer_units_exponent_4': 9, 'W_layer_units_exponent_5': 6, 'D_layers': 4, 'D_layer_units_exponent_0': 4, 'D_layer_units_exponent_1': 8, 'D_layer_units_exponent_2': 6, 'D_layer_units_exponent_3': 10, 'D_dagger_layers': 7, 'D_dagger_layer_units_exponent_0': 8, 'D_dagger_layer_units_exponent_1': 5, 'D_dagger_layer_units_exponent_2': 8, 'D_dagger_layer_units_exponent_3': 5, 'D_dagger_layer_units_exponent_4': 8, 'D_dagger_layer_units_exponent_5': 6, 'D_dagger_layer_units_exponent_6': 7, 'log_learning_rate': -1.9668861342432096, 'log_learning_rate_D': -2.5407700144695493, 'log_learning_rate_D_dagger': -2.8466742820873296, 'training_batch_size': 10, 'training_p': 3}
	 epoch  0 training error:  tensor(1.0035, device='cuda:0', grad_fn=<DivBackward0>)
Memory status after this epoch: 
Memory allocated:  434.31982421875
Memory cached:  526.0
	 epoch  10 training error:  tensor(0.4793, device='cuda:0', grad_fn=<DivBackward0>)
Memory status after this epoch: 
Memory allocated:  434.31982421875
Memory cached:  526.0
	 epoch  20 training error:  tensor(0.6214, device='cuda:0', grad_fn=<DivBackward0>)
Memory status after this epoch: 
Memory allocated:  434.31982421875
Memory cached:  526.0
	 epoch  30 training error:  tensor(0.3843, device='cuda:0', grad_fn=<DivBackward0>)
Memory status after this epoch: 
Memory allocated:  434.31982421875
Memory cached:  526.0
	 epoch  40 training error:  tensor(0.4179, device='cuda:0', grad_fn=<DivBackward0>)
Memory status after this epoch: 
Memory allocated:  434.31982421875
Memory cached:  526.0
	 epoch  50 training error:  tensor(0.3758, device='cuda:0', grad_fn=<DivBackward0>)
Memory status after this epoch: 
Memory allocated:  434.31982421875
Memory cached:  526.0
	 epoch  60 training error:  tensor(0.3801, device='cuda:0', grad_fn=<DivBackward0>)
Memory status after this epoch: 
Memory allocated:  434.31982421875
Memory cached:  526.0
	 epoch  70 training error:  tensor(0.3729, device='cuda:0', grad_fn=<DivBackward0>)
Memory status after this epoch: 
Memory allocated:  434.31982421875
Memory cached:  526.0
	 epoch  80 training error:  tensor(0.3803, device='cuda:0', grad_fn=<DivBackward0>)
Memory status after this epoch: 
Memory allocated:  434.31982421875
Memory cached:  526.0
	 epoch  90 training error:  tensor(0.3981, device='cuda:0', grad_fn=<DivBackward0>)
Memory status after this epoch: 
Memory allocated:  434.31982421875
Memory cached:  526.0
