[I 2024-01-25 01:09:57,064] Trial 303 finished with value: 0.14106179773807526 and parameters: {'W_layers': 7, 'W_layer_units_exponent_0': 5, 'W_layer_units_exponent_1': 4, 'W_layer_units_exponent_2': 7, 'W_layer_units_exponent_3': 6, 'W_layer_units_exponent_4': 7, 'W_layer_units_exponent_5': 4, 'W_layer_units_exponent_6': 10, 'D_layers': 7, 'D_layer_units_exponent_0': 8, 'D_layer_units_exponent_1': 6, 'D_layer_units_exponent_2': 4, 'D_layer_units_exponent_3': 9, 'D_layer_units_exponent_4': 5, 'D_layer_units_exponent_5': 5, 'D_layer_units_exponent_6': 9, 'D_dagger_layers': 8, 'D_dagger_layer_units_exponent_0': 9, 'D_dagger_layer_units_exponent_1': 10, 'D_dagger_layer_units_exponent_2': 5, 'D_dagger_layer_units_exponent_3': 9, 'D_dagger_layer_units_exponent_4': 8, 'D_dagger_layer_units_exponent_5': 10, 'D_dagger_layer_units_exponent_6': 5, 'D_dagger_layer_units_exponent_7': 5, 'log_learning_rate': -3.195500278961646, 'log_learning_rate_D': -4.12014881750134, 'log_learning_rate_D_dagger': -3.658668409247841, 'training_batch_size': 6, 'training_p': 7}. Best is trial 293 with value: 0.07296773046255112.
Time for this trial:  684.8834943771362
Memory status after this trial: 
Memory allocated:  1410.90625
Memory cached:  1428.0
--------------------  Trial  304   --------------------
Start timing: 
Parameters: 
{'W_layers': 7, 'W_layer_units_exponent_0': 5, 'W_layer_units_exponent_1': 4, 'W_layer_units_exponent_2': 7, 'W_layer_units_exponent_3': 4, 'W_layer_units_exponent_4': 7, 'W_layer_units_exponent_5': 8, 'W_layer_units_exponent_6': 10, 'D_layers': 7, 'D_layer_units_exponent_0': 8, 'D_layer_units_exponent_1': 6, 'D_layer_units_exponent_2': 4, 'D_layer_units_exponent_3': 10, 'D_layer_units_exponent_4': 5, 'D_layer_units_exponent_5': 5, 'D_layer_units_exponent_6': 8, 'D_dagger_layers': 8, 'D_dagger_layer_units_exponent_0': 9, 'D_dagger_layer_units_exponent_1': 10, 'D_dagger_layer_units_exponent_2': 5, 'D_dagger_layer_units_exponent_3': 9, 'D_dagger_layer_units_exponent_4': 7, 'D_dagger_layer_units_exponent_5': 9, 'D_dagger_layer_units_exponent_6': 4, 'D_dagger_layer_units_exponent_7': 6, 'log_learning_rate': -3.082793925095208, 'log_learning_rate_D': -3.997433546214639, 'log_learning_rate_D_dagger': -3.7950741363305602, 'training_batch_size': 6, 'training_p': 7}
	 epoch  0 training error:  tensor(0.9366, device='cuda:0', grad_fn=<DivBackward0>)
Memory status after this epoch: 
Memory allocated:  776.06884765625
Memory cached:  1200.0
	 epoch  10 training error:  tensor(0.4043, device='cuda:0', grad_fn=<DivBackward0>)
Memory status after this epoch: 
Memory allocated:  776.06884765625
Memory cached:  1214.0
	 epoch  20 training error:  tensor(0.3585, device='cuda:0', grad_fn=<DivBackward0>)
Memory status after this epoch: 
Memory allocated:  776.06884765625
Memory cached:  1214.0
	 epoch  30 training error:  tensor(0.3486, device='cuda:0', grad_fn=<DivBackward0>)
Memory status after this epoch: 
Memory allocated:  776.06884765625
Memory cached:  1210.0
	 epoch  40 training error:  tensor(0.3483, device='cuda:0', grad_fn=<DivBackward0>)
Memory status after this epoch: 
Memory allocated:  776.06884765625
Memory cached:  1214.0
	 epoch  50 training error:  tensor(0.3363, device='cuda:0', grad_fn=<DivBackward0>)
Memory status after this epoch: 
Memory allocated:  776.06884765625
Memory cached:  1214.0
	 epoch  60 training error:  tensor(0.3332, device='cuda:0', grad_fn=<DivBackward0>)
Memory status after this epoch: 
Memory allocated:  776.06884765625
Memory cached:  1216.0
	 epoch  70 training error:  tensor(0.3487, device='cuda:0', grad_fn=<DivBackward0>)
Memory status after this epoch: 
Memory allocated:  776.06884765625
Memory cached:  1214.0
	 epoch  80 training error:  tensor(0.3327, device='cuda:0', grad_fn=<DivBackward0>)
Memory status after this epoch: 
Memory allocated:  776.06884765625
Memory cached:  1216.0
	 epoch  90 training error:  tensor(0.3361, device='cuda:0', grad_fn=<DivBackward0>)
Memory status after this epoch: 
Memory allocated:  776.06884765625
Memory cached:  1214.0
[I 2024-01-25 01:21:22,743] Trial 304 finished with value: 0.19270570576190948 and parameters: {'W_layers': 7, 'W_layer_units_exponent_0': 5, 'W_layer_units_exponent_1': 4, 'W_layer_units_exponent_2': 7, 'W_layer_units_exponent_3': 4, 'W_layer_units_exponent_4': 7, 'W_layer_units_exponent_5': 8, 'W_layer_units_exponent_6': 10, 'D_layers': 7, 'D_layer_units_exponent_0': 8, 'D_layer_units_exponent_1': 6, 'D_layer_units_exponent_2': 4, 'D_layer_units_exponent_3': 10, 'D_layer_units_exponent_4': 5, 'D_layer_units_exponent_5': 5, 'D_layer_units_exponent_6': 8, 'D_dagger_layers': 8, 'D_dagger_layer_units_exponent_0': 9, 'D_dagger_layer_units_exponent_1': 10, 'D_dagger_layer_units_exponent_2': 5, 'D_dagger_layer_units_exponent_3': 9, 'D_dagger_layer_units_exponent_4': 7, 'D_dagger_layer_units_exponent_5': 9, 'D_dagger_layer_units_exponent_6': 4, 'D_dagger_layer_units_exponent_7': 6, 'log_learning_rate': -3.082793925095208, 'log_learning_rate_D': -3.997433546214639, 'log_learning_rate_D_dagger': -3.7950741363305602, 'training_batch_size': 6, 'training_p': 7}. Best is trial 293 with value: 0.07296773046255112.
Time for this trial:  684.8960614204407
Memory status after this trial: 
Memory allocated:  1395.162109375
Memory cached:  1414.0
--------------------  Trial  305   --------------------
Start timing: 
Parameters: 
{'W_layers': 7, 'W_layer_units_exponent_0': 5, 'W_layer_units_exponent_1': 4, 'W_layer_units_exponent_2': 7, 'W_layer_units_exponent_3': 5, 'W_layer_units_exponent_4': 7, 'W_layer_units_exponent_5': 4, 'W_layer_units_exponent_6': 10, 'D_layers': 7, 'D_layer_units_exponent_0': 8, 'D_layer_units_exponent_1': 6, 'D_layer_units_exponent_2': 4, 'D_layer_units_exponent_3': 10, 'D_layer_units_exponent_4': 5, 'D_layer_units_exponent_5': 5, 'D_layer_units_exponent_6': 10, 'D_dagger_layers': 8, 'D_dagger_layer_units_exponent_0': 9, 'D_dagger_layer_units_exponent_1': 10, 'D_dagger_layer_units_exponent_2': 5, 'D_dagger_layer_units_exponent_3': 9, 'D_dagger_layer_units_exponent_4': 9, 'D_dagger_layer_units_exponent_5': 8, 'D_dagger_layer_units_exponent_6': 5, 'D_dagger_layer_units_exponent_7': 5, 'log_learning_rate': -3.271005101337163, 'log_learning_rate_D': -4.207840862234335, 'log_learning_rate_D_dagger': -3.5745147112156412, 'training_batch_size': 6, 'training_p': 5}
	 epoch  0 training error:  tensor(0.9368, device='cuda:0', grad_fn=<DivBackward0>)
Memory status after this epoch: 
Memory allocated:  776.31103515625
Memory cached:  1198.0
	 epoch  10 training error:  tensor(0.3727, device='cuda:0', grad_fn=<DivBackward0>)
Memory status after this epoch: 
Memory allocated:  776.31103515625
Memory cached:  1220.0
	 epoch  20 training error:  tensor(0.3307, device='cuda:0', grad_fn=<DivBackward0>)
Memory status after this epoch: 
Memory allocated:  776.31103515625
Memory cached:  1212.0
	 epoch  30 training error:  tensor(0.3241, device='cuda:0', grad_fn=<DivBackward0>)
Memory status after this epoch: 
Memory allocated:  776.31103515625
Memory cached:  1224.0
	 epoch  40 training error:  tensor(0.3177, device='cuda:0', grad_fn=<DivBackward0>)
Memory status after this epoch: 
Memory allocated:  776.31103515625
Memory cached:  1222.0
	 epoch  50 training error:  tensor(0.3087, device='cuda:0', grad_fn=<DivBackward0>)
Memory status after this epoch: 
Memory allocated:  776.31103515625
Memory cached:  1220.0
	 epoch  60 training error:  tensor(0.3065, device='cuda:0', grad_fn=<DivBackward0>)
Memory status after this epoch: 
Memory allocated:  776.31103515625
Memory cached:  1226.0
	 epoch  70 training error:  tensor(0.2908, device='cuda:0', grad_fn=<DivBackward0>)
Memory status after this epoch: 
Memory allocated:  776.31103515625
Memory cached:  1216.0
	 epoch  80 training error:  tensor(0.2971, device='cuda:0', grad_fn=<DivBackward0>)
Memory status after this epoch: 
Memory allocated:  776.31103515625
Memory cached:  1220.0
	 epoch  90 training error:  tensor(0.2827, device='cuda:0', grad_fn=<DivBackward0>)
Memory status after this epoch: 
Memory allocated:  776.31103515625
Memory cached:  1218.0
[I 2024-01-25 01:32:53,841] Trial 305 finished with value: 0.1539478600025177 and parameters: {'W_layers': 7, 'W_layer_units_exponent_0': 5, 'W_layer_units_exponent_1': 4, 'W_layer_units_exponent_2': 7, 'W_layer_units_exponent_3': 5, 'W_layer_units_exponent_4': 7, 'W_layer_units_exponent_5': 4, 'W_layer_units_exponent_6': 10, 'D_layers': 7, 'D_layer_units_exponent_0': 8, 'D_layer_units_exponent_1': 6, 'D_layer_units_exponent_2': 4, 'D_layer_units_exponent_3': 10, 'D_layer_units_exponent_4': 5, 'D_layer_units_exponent_5': 5, 'D_layer_units_exponent_6': 10, 'D_dagger_layers': 8, 'D_dagger_layer_units_exponent_0': 9, 'D_dagger_layer_units_exponent_1': 10, 'D_dagger_layer_units_exponent_2': 5, 'D_dagger_layer_units_exponent_3': 9, 'D_dagger_layer_units_exponent_4': 9, 'D_dagger_layer_units_exponent_5': 8, 'D_dagger_layer_units_exponent_6': 5, 'D_dagger_layer_units_exponent_7': 5, 'log_learning_rate': -3.271005101337163, 'log_learning_rate_D': -4.207840862234335, 'log_learning_rate_D_dagger': -3.5745147112156412, 'training_batch_size': 6, 'training_p': 5}. Best is trial 293 with value: 0.07296773046255112.
Time for this trial:  690.3814539909363
Memory status after this trial: 
Memory allocated:  1453.41796875
Memory cached:  1472.0
--------------------  Trial  306   --------------------
Start timing: 
Parameters: 
{'W_layers': 7, 'W_layer_units_exponent_0': 5, 'W_layer_units_exponent_1': 4, 'W_layer_units_exponent_2': 7, 'W_layer_units_exponent_3': 6, 'W_layer_units_exponent_4': 7, 'W_layer_units_exponent_5': 4, 'W_layer_units_exponent_6': 10, 'D_layers': 7, 'D_layer_units_exponent_0': 8, 'D_layer_units_exponent_1': 6, 'D_layer_units_exponent_2': 4, 'D_layer_units_exponent_3': 10, 'D_layer_units_exponent_4': 5, 'D_layer_units_exponent_5': 5, 'D_layer_units_exponent_6': 7, 'D_dagger_layers': 8, 'D_dagger_layer_units_exponent_0': 9, 'D_dagger_layer_units_exponent_1': 10, 'D_dagger_layer_units_exponent_2': 5, 'D_dagger_layer_units_exponent_3': 9, 'D_dagger_layer_units_exponent_4': 8, 'D_dagger_layer_units_exponent_5': 9, 'D_dagger_layer_units_exponent_6': 4, 'D_dagger_layer_units_exponent_7': 4, 'log_learning_rate': -2.8437592194776564, 'log_learning_rate_D': -4.087711461315706, 'log_learning_rate_D_dagger': -3.598882946839274, 'training_batch_size': 6, 'training_p': 5}
	 epoch  0 training error:  tensor(0.9036, device='cuda:0', grad_fn=<DivBackward0>)
Memory status after this epoch: 
Memory allocated:  773.95947265625
Memory cached:  1210.0
	 epoch  10 training error:  tensor(0.3520, device='cuda:0', grad_fn=<DivBackward0>)
Memory status after this epoch: 
Memory allocated:  773.95947265625
Memory cached:  1212.0
	 epoch  20 training error:  tensor(0.3279, device='cuda:0', grad_fn=<DivBackward0>)
Memory status after this epoch: 
Memory allocated:  773.95947265625
Memory cached:  1210.0
	 epoch  30 training error:  tensor(0.3253, device='cuda:0', grad_fn=<DivBackward0>)
Memory status after this epoch: 
Memory allocated:  773.95947265625
Memory cached:  1210.0
	 epoch  40 training error:  tensor(0.3261, device='cuda:0', grad_fn=<DivBackward0>)
Memory status after this epoch: 
Memory allocated:  773.95947265625
Memory cached:  1212.0
	 epoch  50 training error:  tensor(0.3131, device='cuda:0', grad_fn=<DivBackward0>)
Memory status after this epoch: 
Memory allocated:  773.95947265625
Memory cached:  1220.0
	 epoch  60 training error:  tensor(0.3109, device='cuda:0', grad_fn=<DivBackward0>)
Memory status after this epoch: 
Memory allocated:  773.95947265625
Memory cached:  1212.0
	 epoch  70 training error:  tensor(0.2830, device='cuda:0', grad_fn=<DivBackward0>)
Memory status after this epoch: 
Memory allocated:  773.95947265625
Memory cached:  1218.0
	 epoch  80 training error:  tensor(0.1956, device='cuda:0', grad_fn=<DivBackward0>)
Memory status after this epoch: 
Memory allocated:  773.95947265625
Memory cached:  1214.0
	 epoch  90 training error:  tensor(0.1882, device='cuda:0', grad_fn=<DivBackward0>)
Memory status after this epoch: 
Memory allocated:  773.95947265625
Memory cached:  1214.0
[I 2024-01-25 01:44:14,675] Trial 306 finished with value: 0.10674954950809479 and parameters: {'W_layers': 7, 'W_layer_units_exponent_0': 5, 'W_layer_units_exponent_1': 4, 'W_layer_units_exponent_2': 7, 'W_layer_units_exponent_3': 6, 'W_layer_units_exponent_4': 7, 'W_layer_units_exponent_5': 4, 'W_layer_units_exponent_6': 10, 'D_layers': 7, 'D_layer_units_exponent_0': 8, 'D_layer_units_exponent_1': 6, 'D_layer_units_exponent_2': 4, 'D_layer_units_exponent_3': 10, 'D_layer_units_exponent_4': 5, 'D_layer_units_exponent_5': 5, 'D_layer_units_exponent_6': 7, 'D_dagger_layers': 8, 'D_dagger_layer_units_exponent_0': 9, 'D_dagger_layer_units_exponent_1': 10, 'D_dagger_layer_units_exponent_2': 5, 'D_dagger_layer_units_exponent_3': 9, 'D_dagger_layer_units_exponent_4': 8, 'D_dagger_layer_units_exponent_5': 9, 'D_dagger_layer_units_exponent_6': 4, 'D_dagger_layer_units_exponent_7': 4, 'log_learning_rate': -2.8437592194776564, 'log_learning_rate_D': -4.087711461315706, 'log_learning_rate_D_dagger': -3.598882946839274, 'training_batch_size': 6, 'training_p': 5}. Best is trial 293 with value: 0.07296773046255112.
Time for this trial:  680.1566209793091
Memory status after this trial: 
Memory allocated:  1371.275390625
Memory cached:  1388.0
--------------------  Trial  307   --------------------
Start timing: 
Parameters: 
{'W_layers': 7, 'W_layer_units_exponent_0': 5, 'W_layer_units_exponent_1': 4, 'W_layer_units_exponent_2': 7, 'W_layer_units_exponent_3': 6, 'W_layer_units_exponent_4': 7, 'W_layer_units_exponent_5': 4, 'W_layer_units_exponent_6': 10, 'D_layers': 7, 'D_layer_units_exponent_0': 8, 'D_layer_units_exponent_1': 6, 'D_layer_units_exponent_2': 4, 'D_layer_units_exponent_3': 10, 'D_layer_units_exponent_4': 5, 'D_layer_units_exponent_5': 6, 'D_layer_units_exponent_6': 7, 'D_dagger_layers': 8, 'D_dagger_layer_units_exponent_0': 9, 'D_dagger_layer_units_exponent_1': 10, 'D_dagger_layer_units_exponent_2': 5, 'D_dagger_layer_units_exponent_3': 9, 'D_dagger_layer_units_exponent_4': 8, 'D_dagger_layer_units_exponent_5': 9, 'D_dagger_layer_units_exponent_6': 4, 'D_dagger_layer_units_exponent_7': 4, 'log_learning_rate': -2.9459778821363254, 'log_learning_rate_D': -4.091185398234031, 'log_learning_rate_D_dagger': -3.531090491680418, 'training_batch_size': 6, 'training_p': 5}
	 epoch  0 training error:  tensor(0.9541, device='cuda:0', grad_fn=<DivBackward0>)
Memory status after this epoch: 
Memory allocated:  774.03759765625
Memory cached:  1202.0
	 epoch  10 training error:  tensor(0.3667, device='cuda:0', grad_fn=<DivBackward0>)
Memory status after this epoch: 
Memory allocated:  774.03759765625
Memory cached:  1224.0
	 epoch  20 training error:  tensor(0.3398, device='cuda:0', grad_fn=<DivBackward0>)
Memory status after this epoch: 
Memory allocated:  774.03759765625
Memory cached:  1216.0
	 epoch  30 training error:  tensor(0.3118, device='cuda:0', grad_fn=<DivBackward0>)
Memory status after this epoch: 
Memory allocated:  774.03759765625
Memory cached:  1218.0
	 epoch  40 training error:  tensor(0.3036, device='cuda:0', grad_fn=<DivBackward0>)
Memory status after this epoch: 
Memory allocated:  774.03759765625
Memory cached:  1222.0
	 epoch  50 training error:  tensor(0.2960, device='cuda:0', grad_fn=<DivBackward0>)
Memory status after this epoch: 
Memory allocated:  774.03759765625
Memory cached:  1214.0
	 epoch  60 training error:  tensor(0.2948, device='cuda:0', grad_fn=<DivBackward0>)
Memory status after this epoch: 
Memory allocated:  774.03759765625
Memory cached:  1226.0
	 epoch  70 training error:  tensor(0.2470, device='cuda:0', grad_fn=<DivBackward0>)
Memory status after this epoch: 
Memory allocated:  774.03759765625
Memory cached:  1208.0
	 epoch  80 training error:  tensor(0.1855, device='cuda:0', grad_fn=<DivBackward0>)
Memory status after this epoch: 
Memory allocated:  774.03759765625
Memory cached:  1216.0
	 epoch  90 training error:  tensor(0.1956, device='cuda:0', grad_fn=<DivBackward0>)
Memory status after this epoch: 
Memory allocated:  774.03759765625
Memory cached:  1212.0
[I 2024-01-25 01:55:38,179] Trial 307 finished with value: 0.10060882568359375 and parameters: {'W_layers': 7, 'W_layer_units_exponent_0': 5, 'W_layer_units_exponent_1': 4, 'W_layer_units_exponent_2': 7, 'W_layer_units_exponent_3': 6, 'W_layer_units_exponent_4': 7, 'W_layer_units_exponent_5': 4, 'W_layer_units_exponent_6': 10, 'D_layers': 7, 'D_layer_units_exponent_0': 8, 'D_layer_units_exponent_1': 6, 'D_layer_units_exponent_2': 4, 'D_layer_units_exponent_3': 10, 'D_layer_units_exponent_4': 5, 'D_layer_units_exponent_5': 6, 'D_layer_units_exponent_6': 7, 'D_dagger_layers': 8, 'D_dagger_layer_units_exponent_0': 9, 'D_dagger_layer_units_exponent_1': 10, 'D_dagger_layer_units_exponent_2': 5, 'D_dagger_layer_units_exponent_3': 9, 'D_dagger_layer_units_exponent_4': 8, 'D_dagger_layer_units_exponent_5': 9, 'D_dagger_layer_units_exponent_6': 4, 'D_dagger_layer_units_exponent_7': 4, 'log_learning_rate': -2.9459778821363254, 'log_learning_rate_D': -4.091185398234031, 'log_learning_rate_D_dagger': -3.531090491680418, 'training_batch_size': 6, 'training_p': 5}. Best is trial 293 with value: 0.07296773046255112.
Time for this trial:  682.699800491333
Memory status after this trial: 
Memory allocated:  1374.6982421875
Memory cached:  1392.0
--------------------  Trial  308   --------------------
Start timing: 
Parameters: 
{'W_layers': 8, 'W_layer_units_exponent_0': 5, 'W_layer_units_exponent_1': 4, 'W_layer_units_exponent_2': 7, 'W_layer_units_exponent_3': 6, 'W_layer_units_exponent_4': 7, 'W_layer_units_exponent_5': 4, 'W_layer_units_exponent_6': 10, 'W_layer_units_exponent_7': 8, 'D_layers': 7, 'D_layer_units_exponent_0': 8, 'D_layer_units_exponent_1': 6, 'D_layer_units_exponent_2': 4, 'D_layer_units_exponent_3': 10, 'D_layer_units_exponent_4': 5, 'D_layer_units_exponent_5': 6, 'D_layer_units_exponent_6': 7, 'D_dagger_layers': 8, 'D_dagger_layer_units_exponent_0': 9, 'D_dagger_layer_units_exponent_1': 10, 'D_dagger_layer_units_exponent_2': 5, 'D_dagger_layer_units_exponent_3': 9, 'D_dagger_layer_units_exponent_4': 8, 'D_dagger_layer_units_exponent_5': 9, 'D_dagger_layer_units_exponent_6': 4, 'D_dagger_layer_units_exponent_7': 4, 'log_learning_rate': -2.940225996238483, 'log_learning_rate_D': -4.073032180943914, 'log_learning_rate_D_dagger': -3.548084690370007, 'training_batch_size': 6, 'training_p': 5}
	 epoch  0 training error:  tensor(0.8515, device='cuda:0', grad_fn=<DivBackward0>)
Memory status after this epoch: 
Memory allocated:  778.02978515625
Memory cached:  1212.0
	 epoch  10 training error:  tensor(0.3613, device='cuda:0', grad_fn=<DivBackward0>)
Memory status after this epoch: 
Memory allocated:  778.02978515625
Memory cached:  1218.0
	 epoch  20 training error:  tensor(0.3385, device='cuda:0', grad_fn=<DivBackward0>)
Memory status after this epoch: 
Memory allocated:  778.02978515625
Memory cached:  1214.0
	 epoch  30 training error:  tensor(0.3074, device='cuda:0', grad_fn=<DivBackward0>)
Memory status after this epoch: 
Memory allocated:  778.02978515625
Memory cached:  1216.0
	 epoch  40 training error:  tensor(0.3012, device='cuda:0', grad_fn=<DivBackward0>)
Memory status after this epoch: 
Memory allocated:  778.02978515625
Memory cached:  1226.0
	 epoch  50 training error:  tensor(0.2912, device='cuda:0', grad_fn=<DivBackward0>)
Memory status after this epoch: 
Memory allocated:  778.02978515625
Memory cached:  1218.0
	 epoch  60 training error:  tensor(0.3158, device='cuda:0', grad_fn=<DivBackward0>)
Memory status after this epoch: 
Memory allocated:  778.02978515625
Memory cached:  1222.0
	 epoch  70 training error:  tensor(0.1992, device='cuda:0', grad_fn=<DivBackward0>)
Memory status after this epoch: 
Memory allocated:  778.02978515625
Memory cached:  1220.0
	 epoch  80 training error:  tensor(0.1755, device='cuda:0', grad_fn=<DivBackward0>)
Memory status after this epoch: 
Memory allocated:  778.02978515625
Memory cached:  1214.0
	 epoch  90 training error:  tensor(0.1554, device='cuda:0', grad_fn=<DivBackward0>)
Memory status after this epoch: 
Memory allocated:  778.02978515625
Memory cached:  1222.0
