[I 2023-12-03 00:53:14,647] Trial 32 finished with value: 0.03658725693821907 and parameters: {'W_layers': 6, 'W_layer_units_exponent_0': 5, 'W_layer_units_exponent_1': 5, 'W_layer_units_exponent_2': 9, 'W_layer_units_exponent_3': 4, 'W_layer_units_exponent_4': 5, 'W_layer_units_exponent_5': 6, 'D_layers': 2, 'D_layer_units_exponent_0': 8, 'D_layer_units_exponent_1': 6, 'log_learning_rate': -3.7940994178654845, 'log_learning_rate_D': -1.6087356881220913, 'training_batch_size': 7, 'training_p': 8}. Best is trial 15 with value: 0.03145942836999893.
Time for this trial:  39.35929536819458
Memory status after this trial: 
Memory allocated:  48.07421875
Memory cached:  92.0
--------------------  Trial  33   --------------------
Start timing: 
Parameters: 
{'W_layers': 6, 'W_layer_units_exponent_0': 5, 'W_layer_units_exponent_1': 5, 'W_layer_units_exponent_2': 9, 'W_layer_units_exponent_3': 4, 'W_layer_units_exponent_4': 7, 'W_layer_units_exponent_5': 6, 'D_layers': 4, 'D_layer_units_exponent_0': 9, 'D_layer_units_exponent_1': 6, 'D_layer_units_exponent_2': 4, 'D_layer_units_exponent_3': 6, 'log_learning_rate': -3.397498414641735, 'log_learning_rate_D': -1.5413370910578652, 'training_batch_size': 6, 'training_p': 7}
	 epoch  0 training error:  tensor(1.0947, device='cuda:0', grad_fn=<DivBackward0>)
Memory status after this epoch: 
Memory allocated:  25.66455078125
Memory cached:  90.0
	 epoch  10 training error:  tensor(0.1187, device='cuda:0', grad_fn=<DivBackward0>)
Memory status after this epoch: 
Memory allocated:  25.66455078125
Memory cached:  90.0
[W 2023-12-03 00:53:30,418] Trial 33 failed with parameters: {'W_layers': 6, 'W_layer_units_exponent_0': 5, 'W_layer_units_exponent_1': 5, 'W_layer_units_exponent_2': 9, 'W_layer_units_exponent_3': 4, 'W_layer_units_exponent_4': 7, 'W_layer_units_exponent_5': 6, 'D_layers': 4, 'D_layer_units_exponent_0': 9, 'D_layer_units_exponent_1': 6, 'D_layer_units_exponent_2': 4, 'D_layer_units_exponent_3': 6, 'log_learning_rate': -3.397498414641735, 'log_learning_rate_D': -1.5413370910578652, 'training_batch_size': 6, 'training_p': 7} because of the following error: The value nan is not acceptable.
[W 2023-12-03 00:53:30,419] Trial 33 failed with value tensor(nan, device='cuda:0', grad_fn=<DivBackward0>).
Time for this trial:  15.5866117477417
Memory status after this trial: 
Memory allocated:  58.18017578125
Memory cached:  90.0
--------------------  Trial  34   --------------------
Start timing: 
Parameters: 
{'W_layers': 6, 'W_layer_units_exponent_0': 5, 'W_layer_units_exponent_1': 5, 'W_layer_units_exponent_2': 9, 'W_layer_units_exponent_3': 4, 'W_layer_units_exponent_4': 7, 'W_layer_units_exponent_5': 6, 'D_layers': 4, 'D_layer_units_exponent_0': 9, 'D_layer_units_exponent_1': 6, 'D_layer_units_exponent_2': 4, 'D_layer_units_exponent_3': 6, 'log_learning_rate': -3.77018142116134, 'log_learning_rate_D': -1.5023788908235607, 'training_batch_size': 6, 'training_p': 7}
	 epoch  0 training error:  tensor(0.1712, device='cuda:0', grad_fn=<DivBackward0>)
Memory status after this epoch: 
Memory allocated:  25.66455078125
Memory cached:  90.0
	 epoch  10 training error:  tensor(0.0943, device='cuda:0', grad_fn=<DivBackward0>)
Memory status after this epoch: 
Memory allocated:  25.66455078125
Memory cached:  90.0
	 epoch  20 training error:  tensor(0.0851, device='cuda:0', grad_fn=<DivBackward0>)
Memory status after this epoch: 
Memory allocated:  25.66455078125
Memory cached:  90.0
	 epoch  30 training error:  tensor(0.1400, device='cuda:0', grad_fn=<DivBackward0>)
Memory status after this epoch: 
Memory allocated:  25.66455078125
Memory cached:  90.0
[W 2023-12-03 00:54:00,310] Trial 34 failed with parameters: {'W_layers': 6, 'W_layer_units_exponent_0': 5, 'W_layer_units_exponent_1': 5, 'W_layer_units_exponent_2': 9, 'W_layer_units_exponent_3': 4, 'W_layer_units_exponent_4': 7, 'W_layer_units_exponent_5': 6, 'D_layers': 4, 'D_layer_units_exponent_0': 9, 'D_layer_units_exponent_1': 6, 'D_layer_units_exponent_2': 4, 'D_layer_units_exponent_3': 6, 'log_learning_rate': -3.77018142116134, 'log_learning_rate_D': -1.5023788908235607, 'training_batch_size': 6, 'training_p': 7} because of the following error: The value nan is not acceptable.
[W 2023-12-03 00:54:00,311] Trial 34 failed with value tensor(nan, device='cuda:0', grad_fn=<DivBackward0>).
Time for this trial:  29.692652940750122
Memory status after this trial: 
Memory allocated:  58.18017578125
Memory cached:  90.0
--------------------  Trial  35   --------------------
Start timing: 
Parameters: 
{'W_layers': 6, 'W_layer_units_exponent_0': 5, 'W_layer_units_exponent_1': 5, 'W_layer_units_exponent_2': 9, 'W_layer_units_exponent_3': 4, 'W_layer_units_exponent_4': 7, 'W_layer_units_exponent_5': 6, 'D_layers': 4, 'D_layer_units_exponent_0': 9, 'D_layer_units_exponent_1': 6, 'D_layer_units_exponent_2': 7, 'D_layer_units_exponent_3': 6, 'log_learning_rate': -3.827703643952598, 'log_learning_rate_D': -1.5415867756915071, 'training_batch_size': 6, 'training_p': 7}
	 epoch  0 training error:  tensor(0.4944, device='cuda:0', grad_fn=<DivBackward0>)
Memory status after this epoch: 
Memory allocated:  25.88330078125
Memory cached:  90.0
	 epoch  10 training error:  tensor(0.2003, device='cuda:0', grad_fn=<DivBackward0>)
Memory status after this epoch: 
Memory allocated:  25.88330078125
Memory cached:  90.0
	 epoch  20 training error:  tensor(0.1194, device='cuda:0', grad_fn=<DivBackward0>)
Memory status after this epoch: 
Memory allocated:  25.88330078125
Memory cached:  90.0
	 epoch  30 training error:  tensor(0.7008, device='cuda:0', grad_fn=<DivBackward0>)
Memory status after this epoch: 
Memory allocated:  25.88330078125
Memory cached:  90.0
	 epoch  40 training error:  tensor(0.1610, device='cuda:0', grad_fn=<DivBackward0>)
Memory status after this epoch: 
Memory allocated:  25.88330078125
Memory cached:  90.0
	 epoch  50 training error:  tensor(0.1213, device='cuda:0', grad_fn=<DivBackward0>)
Memory status after this epoch: 
Memory allocated:  25.88330078125
Memory cached:  90.0
	 epoch  60 training error:  tensor(0.1123, device='cuda:0', grad_fn=<DivBackward0>)
Memory status after this epoch: 
Memory allocated:  25.88330078125
Memory cached:  90.0
	 epoch  70 training error:  tensor(0.1081, device='cuda:0', grad_fn=<DivBackward0>)
Memory status after this epoch: 
Memory allocated:  25.88330078125
Memory cached:  90.0
	 epoch  80 training error:  tensor(0.1044, device='cuda:0', grad_fn=<DivBackward0>)
Memory status after this epoch: 
Memory allocated:  25.88330078125
Memory cached:  90.0
	 epoch  90 training error:  tensor(0.1021, device='cuda:0', grad_fn=<DivBackward0>)
Memory status after this epoch: 
Memory allocated:  25.88330078125
Memory cached:  90.0
[I 2023-12-03 00:55:14,726] Trial 35 finished with value: 0.09258577227592468 and parameters: {'W_layers': 6, 'W_layer_units_exponent_0': 5, 'W_layer_units_exponent_1': 5, 'W_layer_units_exponent_2': 9, 'W_layer_units_exponent_3': 4, 'W_layer_units_exponent_4': 7, 'W_layer_units_exponent_5': 6, 'D_layers': 4, 'D_layer_units_exponent_0': 9, 'D_layer_units_exponent_1': 6, 'D_layer_units_exponent_2': 7, 'D_layer_units_exponent_3': 6, 'log_learning_rate': -3.827703643952598, 'log_learning_rate_D': -1.5415867756915071, 'training_batch_size': 6, 'training_p': 7}. Best is trial 15 with value: 0.03145942836999893.
Time for this trial:  74.209223985672
Memory status after this trial: 
Memory allocated:  60.7548828125
Memory cached:  90.0
--------------------  Trial  36   --------------------
Start timing: 
Parameters: 
{'W_layers': 7, 'W_layer_units_exponent_0': 5, 'W_layer_units_exponent_1': 5, 'W_layer_units_exponent_2': 8, 'W_layer_units_exponent_3': 4, 'W_layer_units_exponent_4': 5, 'W_layer_units_exponent_5': 6, 'W_layer_units_exponent_6': 8, 'D_layers': 3, 'D_layer_units_exponent_0': 8, 'D_layer_units_exponent_1': 6, 'D_layer_units_exponent_2': 4, 'log_learning_rate': -3.4162875251404667, 'log_learning_rate_D': -1.324185608447261, 'training_batch_size': 7, 'training_p': 8}
	 epoch  0 training error:  tensor(1.2479, device='cuda:0', grad_fn=<DivBackward0>)
Memory status after this epoch: 
Memory allocated:  25.31982421875
Memory cached:  92.0
	 epoch  10 training error:  tensor(0.2846, device='cuda:0', grad_fn=<DivBackward0>)
Memory status after this epoch: 
Memory allocated:  25.31982421875
Memory cached:  92.0
	 epoch  20 training error:  tensor(0.2371, device='cuda:0', grad_fn=<DivBackward0>)
Memory status after this epoch: 
Memory allocated:  25.31982421875
Memory cached:  92.0
	 epoch  30 training error:  tensor(0.1287, device='cuda:0', grad_fn=<DivBackward0>)
Memory status after this epoch: 
Memory allocated:  25.31982421875
Memory cached:  92.0
	 epoch  40 training error:  tensor(0.1011, device='cuda:0', grad_fn=<DivBackward0>)
Memory status after this epoch: 
Memory allocated:  25.31982421875
Memory cached:  92.0
	 epoch  50 training error:  tensor(0.0846, device='cuda:0', grad_fn=<DivBackward0>)
Memory status after this epoch: 
Memory allocated:  25.31982421875
Memory cached:  92.0
	 epoch  60 training error:  tensor(0.0803, device='cuda:0', grad_fn=<DivBackward0>)
Memory status after this epoch: 
Memory allocated:  25.31982421875
Memory cached:  92.0
	 epoch  70 training error:  tensor(0.0792, device='cuda:0', grad_fn=<DivBackward0>)
Memory status after this epoch: 
Memory allocated:  25.31982421875
Memory cached:  92.0
	 epoch  80 training error:  tensor(0.0781, device='cuda:0', grad_fn=<DivBackward0>)
Memory status after this epoch: 
Memory allocated:  25.31982421875
Memory cached:  92.0
	 epoch  90 training error:  tensor(0.0771, device='cuda:0', grad_fn=<DivBackward0>)
Memory status after this epoch: 
Memory allocated:  25.31982421875
Memory cached:  92.0
[I 2023-12-03 00:55:58,379] Trial 36 finished with value: 0.06830070167779922 and parameters: {'W_layers': 7, 'W_layer_units_exponent_0': 5, 'W_layer_units_exponent_1': 5, 'W_layer_units_exponent_2': 8, 'W_layer_units_exponent_3': 4, 'W_layer_units_exponent_4': 5, 'W_layer_units_exponent_5': 6, 'W_layer_units_exponent_6': 8, 'D_layers': 3, 'D_layer_units_exponent_0': 8, 'D_layer_units_exponent_1': 6, 'D_layer_units_exponent_2': 4, 'log_learning_rate': -3.4162875251404667, 'log_learning_rate_D': -1.324185608447261, 'training_batch_size': 7, 'training_p': 8}. Best is trial 15 with value: 0.03145942836999893.
Time for this trial:  43.448838233947754
Memory status after this trial: 
Memory allocated:  48.54736328125
Memory cached:  92.0
--------------------  Trial  37   --------------------
Start timing: 
Parameters: 
{'W_layers': 6, 'W_layer_units_exponent_0': 7, 'W_layer_units_exponent_1': 7, 'W_layer_units_exponent_2': 10, 'W_layer_units_exponent_3': 5, 'W_layer_units_exponent_4': 7, 'W_layer_units_exponent_5': 5, 'D_layers': 2, 'D_layer_units_exponent_0': 9, 'D_layer_units_exponent_1': 5, 'log_learning_rate': -3.3029718397922747, 'log_learning_rate_D': -1.9945338282504466, 'training_batch_size': 7, 'training_p': 7}
	 epoch  0 training error:  tensor(1.6520, device='cuda:0', grad_fn=<DivBackward0>)
Memory status after this epoch: 
Memory allocated:  27.74951171875
Memory cached:  92.0
	 epoch  10 training error:  tensor(0.1201, device='cuda:0', grad_fn=<DivBackward0>)
Memory status after this epoch: 
Memory allocated:  27.74951171875
Memory cached:  94.0
	 epoch  20 training error:  tensor(0.0779, device='cuda:0', grad_fn=<DivBackward0>)
Memory status after this epoch: 
Memory allocated:  27.74951171875
Memory cached:  94.0
	 epoch  30 training error:  tensor(0.0659, device='cuda:0', grad_fn=<DivBackward0>)
Memory status after this epoch: 
Memory allocated:  27.74951171875
Memory cached:  94.0
	 epoch  40 training error:  tensor(0.0572, device='cuda:0', grad_fn=<DivBackward0>)
Memory status after this epoch: 
Memory allocated:  27.74951171875
Memory cached:  94.0
	 epoch  50 training error:  tensor(0.0631, device='cuda:0', grad_fn=<DivBackward0>)
Memory status after this epoch: 
Memory allocated:  27.74951171875
Memory cached:  94.0
	 epoch  60 training error:  tensor(0.0471, device='cuda:0', grad_fn=<DivBackward0>)
Memory status after this epoch: 
Memory allocated:  27.74951171875
Memory cached:  94.0
	 epoch  70 training error:  tensor(0.0431, device='cuda:0', grad_fn=<DivBackward0>)
Memory status after this epoch: 
Memory allocated:  27.74951171875
Memory cached:  94.0
	 epoch  80 training error:  tensor(0.0746, device='cuda:0', grad_fn=<DivBackward0>)
Memory status after this epoch: 
Memory allocated:  27.74951171875
Memory cached:  94.0
	 epoch  90 training error:  tensor(0.0411, device='cuda:0', grad_fn=<DivBackward0>)
Memory status after this epoch: 
Memory allocated:  27.74951171875
Memory cached:  94.0
[I 2023-12-03 00:56:40,485] Trial 37 finished with value: 0.036049675196409225 and parameters: {'W_layers': 6, 'W_layer_units_exponent_0': 7, 'W_layer_units_exponent_1': 7, 'W_layer_units_exponent_2': 10, 'W_layer_units_exponent_3': 5, 'W_layer_units_exponent_4': 7, 'W_layer_units_exponent_5': 5, 'D_layers': 2, 'D_layer_units_exponent_0': 9, 'D_layer_units_exponent_1': 5, 'log_learning_rate': -3.3029718397922747, 'log_learning_rate_D': -1.9945338282504466, 'training_batch_size': 7, 'training_p': 7}. Best is trial 15 with value: 0.03145942836999893.
Time for this trial:  41.91756558418274
Memory status after this trial: 
Memory allocated:  72.27392578125
Memory cached:  94.0
--------------------  Trial  38   --------------------
Start timing: 
Parameters: 
{'W_layers': 8, 'W_layer_units_exponent_0': 7, 'W_layer_units_exponent_1': 7, 'W_layer_units_exponent_2': 10, 'W_layer_units_exponent_3': 5, 'W_layer_units_exponent_4': 7, 'W_layer_units_exponent_5': 5, 'W_layer_units_exponent_6': 10, 'W_layer_units_exponent_7': 7, 'D_layers': 3, 'D_layer_units_exponent_0': 9, 'D_layer_units_exponent_1': 5, 'D_layer_units_exponent_2': 6, 'log_learning_rate': -2.8184561527180896, 'log_learning_rate_D': -2.0635350165747326, 'training_batch_size': 6, 'training_p': 6}
	 epoch  0 training error:  tensor(1.6407, device='cuda:0', grad_fn=<DivBackward0>)
Memory status after this epoch: 
Memory allocated:  30.27978515625
Memory cached:  90.0
	 epoch  10 training error:  tensor(0.4287, device='cuda:0', grad_fn=<DivBackward0>)
Memory status after this epoch: 
Memory allocated:  30.27978515625
Memory cached:  90.0
	 epoch  20 training error:  tensor(0.1417, device='cuda:0', grad_fn=<DivBackward0>)
Memory status after this epoch: 
Memory allocated:  30.27978515625
Memory cached:  90.0
	 epoch  30 training error:  tensor(0.1574, device='cuda:0', grad_fn=<DivBackward0>)
Memory status after this epoch: 
Memory allocated:  30.27978515625
Memory cached:  90.0
	 epoch  40 training error:  tensor(0.1418, device='cuda:0', grad_fn=<DivBackward0>)
Memory status after this epoch: 
Memory allocated:  30.27978515625
Memory cached:  90.0
	 epoch  50 training error:  tensor(0.1272, device='cuda:0', grad_fn=<DivBackward0>)
Memory status after this epoch: 
Memory allocated:  30.27978515625
Memory cached:  90.0
	 epoch  60 training error:  tensor(0.1085, device='cuda:0', grad_fn=<DivBackward0>)
Memory status after this epoch: 
Memory allocated:  30.27978515625
Memory cached:  90.0
	 epoch  70 training error:  tensor(0.1162, device='cuda:0', grad_fn=<DivBackward0>)
Memory status after this epoch: 
Memory allocated:  30.27978515625
Memory cached:  90.0
	 epoch  80 training error:  tensor(0.1044, device='cuda:0', grad_fn=<DivBackward0>)
Memory status after this epoch: 
Memory allocated:  30.27978515625
Memory cached:  90.0
	 epoch  90 training error:  tensor(0.1309, device='cuda:0', grad_fn=<DivBackward0>)
Memory status after this epoch: 
Memory allocated:  30.27978515625
Memory cached:  90.0
[I 2023-12-03 00:58:01,767] Trial 38 finished with value: 0.07500548660755157 and parameters: {'W_layers': 8, 'W_layer_units_exponent_0': 7, 'W_layer_units_exponent_1': 7, 'W_layer_units_exponent_2': 10, 'W_layer_units_exponent_3': 5, 'W_layer_units_exponent_4': 7, 'W_layer_units_exponent_5': 5, 'W_layer_units_exponent_6': 10, 'W_layer_units_exponent_7': 7, 'D_layers': 3, 'D_layer_units_exponent_0': 9, 'D_layer_units_exponent_1': 5, 'D_layer_units_exponent_2': 6, 'log_learning_rate': -2.8184561527180896, 'log_learning_rate_D': -2.0635350165747326, 'training_batch_size': 6, 'training_p': 6}. Best is trial 15 with value: 0.03145942836999893.
Time for this trial:  81.08267545700073
Memory status after this trial: 
Memory allocated:  101.36865234375
Memory cached:  106.0
--------------------  Trial  39   --------------------
Start timing: 
Parameters: 
{'W_layers': 7, 'W_layer_units_exponent_0': 7, 'W_layer_units_exponent_1': 6, 'W_layer_units_exponent_2': 10, 'W_layer_units_exponent_3': 5, 'W_layer_units_exponent_4': 7, 'W_layer_units_exponent_5': 5, 'W_layer_units_exponent_6': 6, 'D_layers': 4, 'D_layer_units_exponent_0': 9, 'D_layer_units_exponent_1': 4, 'D_layer_units_exponent_2': 8, 'D_layer_units_exponent_3': 8, 'log_learning_rate': -3.2579365589787606, 'log_learning_rate_D': -2.3765318886319635, 'training_batch_size': 8, 'training_p': 4}
	 epoch  0 training error:  tensor(0.6321, device='cuda:0', grad_fn=<DivBackward0>)
Memory status after this epoch: 
Memory allocated:  27.63037109375
Memory cached:  92.0
	 epoch  10 training error:  tensor(0.0787, device='cuda:0', grad_fn=<DivBackward0>)
Memory status after this epoch: 
Memory allocated:  27.63037109375
Memory cached:  94.0
	 epoch  20 training error:  tensor(0.0521, device='cuda:0', grad_fn=<DivBackward0>)
Memory status after this epoch: 
Memory allocated:  27.63037109375
Memory cached:  94.0
	 epoch  30 training error:  tensor(0.0412, device='cuda:0', grad_fn=<DivBackward0>)
Memory status after this epoch: 
Memory allocated:  27.63037109375
Memory cached:  94.0
	 epoch  40 training error:  tensor(0.0399, device='cuda:0', grad_fn=<DivBackward0>)
Memory status after this epoch: 
Memory allocated:  27.63037109375
Memory cached:  94.0
	 epoch  50 training error:  tensor(0.0378, device='cuda:0', grad_fn=<DivBackward0>)
Memory status after this epoch: 
Memory allocated:  27.63037109375
Memory cached:  94.0
	 epoch  60 training error:  tensor(0.0453, device='cuda:0', grad_fn=<DivBackward0>)
Memory status after this epoch: 
Memory allocated:  27.63037109375
Memory cached:  94.0
	 epoch  70 training error:  tensor(0.0375, device='cuda:0', grad_fn=<DivBackward0>)
Memory status after this epoch: 
Memory allocated:  27.63037109375
Memory cached:  94.0
	 epoch  80 training error:  tensor(0.0313, device='cuda:0', grad_fn=<DivBackward0>)
Memory status after this epoch: 
Memory allocated:  27.63037109375
Memory cached:  94.0
	 epoch  90 training error:  tensor(0.0276, device='cuda:0', grad_fn=<DivBackward0>)
Memory status after this epoch: 
Memory allocated:  27.63037109375
Memory cached:  94.0
[I 2023-12-03 00:58:51,504] Trial 39 finished with value: 0.031859464943408966 and parameters: {'W_layers': 7, 'W_layer_units_exponent_0': 7, 'W_layer_units_exponent_1': 6, 'W_layer_units_exponent_2': 10, 'W_layer_units_exponent_3': 5, 'W_layer_units_exponent_4': 7, 'W_layer_units_exponent_5': 5, 'W_layer_units_exponent_6': 6, 'D_layers': 4, 'D_layer_units_exponent_0': 9, 'D_layer_units_exponent_1': 4, 'D_layer_units_exponent_2': 8, 'D_layer_units_exponent_3': 8, 'log_learning_rate': -3.2579365589787606, 'log_learning_rate_D': -2.3765318886319635, 'training_batch_size': 8, 'training_p': 4}. Best is trial 15 with value: 0.03145942836999893.
Time for this trial:  49.52382183074951
Memory status after this trial: 
Memory allocated:  83.52587890625
Memory cached:  94.0
--------------------  Trial  40   --------------------
Start timing: 
Parameters: 
{'W_layers': 7, 'W_layer_units_exponent_0': 8, 'W_layer_units_exponent_1': 6, 'W_layer_units_exponent_2': 9, 'W_layer_units_exponent_3': 8, 'W_layer_units_exponent_4': 6, 'W_layer_units_exponent_5': 4, 'W_layer_units_exponent_6': 6, 'D_layers': 6, 'D_layer_units_exponent_0': 5, 'D_layer_units_exponent_1': 4, 'D_layer_units_exponent_2': 8, 'D_layer_units_exponent_3': 8, 'D_layer_units_exponent_4': 4, 'D_layer_units_exponent_5': 7, 'log_learning_rate': -2.147181099639174, 'log_learning_rate_D': -2.457954418535006, 'training_batch_size': 8, 'training_p': 3}
	 epoch  0 training error:  tensor(0.2353, device='cuda:0', grad_fn=<DivBackward0>)
Memory status after this epoch: 
Memory allocated:  28.78271484375
Memory cached:  92.0
	 epoch  10 training error:  tensor(0.2136, device='cuda:0', grad_fn=<DivBackward0>)
Memory status after this epoch: 
Memory allocated:  28.78271484375
Memory cached:  96.0
	 epoch  20 training error:  tensor(0.1113, device='cuda:0', grad_fn=<DivBackward0>)
Memory status after this epoch: 
Memory allocated:  28.78271484375
Memory cached:  96.0
	 epoch  30 training error:  tensor(0.0981, device='cuda:0', grad_fn=<DivBackward0>)
Memory status after this epoch: 
Memory allocated:  28.78271484375
Memory cached:  96.0
	 epoch  40 training error:  tensor(0.1341, device='cuda:0', grad_fn=<DivBackward0>)
Memory status after this epoch: 
Memory allocated:  28.78271484375
Memory cached:  96.0
	 epoch  50 training error:  tensor(0.0906, device='cuda:0', grad_fn=<DivBackward0>)
Memory status after this epoch: 
Memory allocated:  28.78271484375
Memory cached:  96.0
	 epoch  60 training error:  tensor(0.1540, device='cuda:0', grad_fn=<DivBackward0>)
Memory status after this epoch: 
Memory allocated:  28.78271484375
Memory cached:  96.0
	 epoch  70 training error:  tensor(0.1619, device='cuda:0', grad_fn=<DivBackward0>)
Memory status after this epoch: 
Memory allocated:  28.78271484375
Memory cached:  96.0
	 epoch  80 training error:  tensor(0.2169, device='cuda:0', grad_fn=<DivBackward0>)
Memory status after this epoch: 
Memory allocated:  28.78271484375
Memory cached:  96.0
	 epoch  90 training error:  tensor(0.0993, device='cuda:0', grad_fn=<DivBackward0>)
Memory status after this epoch: 
Memory allocated:  28.78271484375
Memory cached:  96.0
