[I 2024-01-12 17:14:43,390] Trial 5 finished with value: 0.6475295424461365 and parameters: {'W_layers': 4, 'W_layer_units_exponent_0': 10, 'W_layer_units_exponent_1': 5, 'W_layer_units_exponent_2': 7, 'W_layer_units_exponent_3': 5, 'D_layers': 5, 'D_layer_units_exponent_0': 6, 'D_layer_units_exponent_1': 10, 'D_layer_units_exponent_2': 10, 'D_layer_units_exponent_3': 9, 'D_layer_units_exponent_4': 8, 'D_dagger_layers': 4, 'D_dagger_layer_units_exponent_0': 9, 'D_dagger_layer_units_exponent_1': 9, 'D_dagger_layer_units_exponent_2': 5, 'D_dagger_layer_units_exponent_3': 6, 'log_learning_rate': -1.5968327197521388, 'log_learning_rate_D': -2.0103806003475992, 'log_learning_rate_D_dagger': -1.9817431258636047, 'training_batch_size': 12, 'training_p': 8}. Best is trial 3 with value: 0.12355896085500717.
Time for this trial:  241.96329832077026
Memory status after this trial: 
Memory allocated:  877.8759765625
Memory cached:  908.0
--------------------  Trial  6   --------------------
Start timing: 
Parameters: 
{'W_layers': 5, 'W_layer_units_exponent_0': 7, 'W_layer_units_exponent_1': 9, 'W_layer_units_exponent_2': 5, 'W_layer_units_exponent_3': 4, 'W_layer_units_exponent_4': 9, 'D_layers': 4, 'D_layer_units_exponent_0': 4, 'D_layer_units_exponent_1': 6, 'D_layer_units_exponent_2': 4, 'D_layer_units_exponent_3': 8, 'D_dagger_layers': 4, 'D_dagger_layer_units_exponent_0': 4, 'D_dagger_layer_units_exponent_1': 6, 'D_dagger_layer_units_exponent_2': 5, 'D_dagger_layer_units_exponent_3': 8, 'log_learning_rate': -2.5138093214984716, 'log_learning_rate_D': -2.2082368186735604, 'log_learning_rate_D_dagger': -3.5211607818160826, 'training_batch_size': 10, 'training_p': 4}
	 epoch  0 training error:  tensor(1.0069, device='cuda:0', grad_fn=<DivBackward0>)
Memory status after this epoch: 
Memory allocated:  314.556640625
Memory cached:  636.0
	 epoch  10 training error:  tensor(0.6348, device='cuda:0', grad_fn=<DivBackward0>)
Memory status after this epoch: 
Memory allocated:  314.556640625
Memory cached:  680.0
	 epoch  20 training error:  tensor(0.4984, device='cuda:0', grad_fn=<DivBackward0>)
Memory status after this epoch: 
Memory allocated:  314.556640625
Memory cached:  674.0
	 epoch  30 training error:  tensor(0.3602, device='cuda:0', grad_fn=<DivBackward0>)
Memory status after this epoch: 
Memory allocated:  314.556640625
Memory cached:  674.0
	 epoch  40 training error:  tensor(0.2016, device='cuda:0', grad_fn=<DivBackward0>)
Memory status after this epoch: 
Memory allocated:  314.556640625
Memory cached:  688.0
	 epoch  50 training error:  tensor(0.1928, device='cuda:0', grad_fn=<DivBackward0>)
Memory status after this epoch: 
Memory allocated:  314.556640625
Memory cached:  680.0
	 epoch  60 training error:  tensor(0.1640, device='cuda:0', grad_fn=<DivBackward0>)
Memory status after this epoch: 
Memory allocated:  314.556640625
Memory cached:  686.0
	 epoch  70 training error:  tensor(0.1501, device='cuda:0', grad_fn=<DivBackward0>)
Memory status after this epoch: 
Memory allocated:  314.556640625
Memory cached:  680.0
	 epoch  80 training error:  tensor(0.1340, device='cuda:0', grad_fn=<DivBackward0>)
Memory status after this epoch: 
Memory allocated:  314.556640625
Memory cached:  680.0
	 epoch  90 training error:  tensor(0.1275, device='cuda:0', grad_fn=<DivBackward0>)
Memory status after this epoch: 
Memory allocated:  314.556640625
Memory cached:  682.0
[I 2024-01-12 17:17:50,439] Trial 6 finished with value: 0.10427866131067276 and parameters: {'W_layers': 5, 'W_layer_units_exponent_0': 7, 'W_layer_units_exponent_1': 9, 'W_layer_units_exponent_2': 5, 'W_layer_units_exponent_3': 4, 'W_layer_units_exponent_4': 9, 'D_layers': 4, 'D_layer_units_exponent_0': 4, 'D_layer_units_exponent_1': 6, 'D_layer_units_exponent_2': 4, 'D_layer_units_exponent_3': 8, 'D_dagger_layers': 4, 'D_dagger_layer_units_exponent_0': 4, 'D_dagger_layer_units_exponent_1': 6, 'D_dagger_layer_units_exponent_2': 5, 'D_dagger_layer_units_exponent_3': 8, 'log_learning_rate': -2.5138093214984716, 'log_learning_rate_D': -2.2082368186735604, 'log_learning_rate_D_dagger': -3.5211607818160826, 'training_batch_size': 10, 'training_p': 4}. Best is trial 6 with value: 0.10427866131067276.
res:  tensor(0.1043, device='cuda:0', grad_fn=<DivBackward0>)
self.bestValue:  tensor(0.1236, device='cuda:0', grad_fn=<DivBackward0>)
Save this model!
Time for this trial:  186.7775342464447
Memory status after this trial: 
Memory allocated:  190.48828125
Memory cached:  526.0
--------------------  Trial  7   --------------------
Start timing: 
Parameters: 
{'W_layers': 5, 'W_layer_units_exponent_0': 4, 'W_layer_units_exponent_1': 4, 'W_layer_units_exponent_2': 9, 'W_layer_units_exponent_3': 8, 'W_layer_units_exponent_4': 5, 'D_layers': 6, 'D_layer_units_exponent_0': 7, 'D_layer_units_exponent_1': 8, 'D_layer_units_exponent_2': 5, 'D_layer_units_exponent_3': 8, 'D_layer_units_exponent_4': 4, 'D_layer_units_exponent_5': 9, 'D_dagger_layers': 2, 'D_dagger_layer_units_exponent_0': 4, 'D_dagger_layer_units_exponent_1': 4, 'log_learning_rate': -1.8501060217505838, 'log_learning_rate_D': -2.150904840841878, 'log_learning_rate_D_dagger': -3.697417070792491, 'training_batch_size': 10, 'training_p': 3}
	 epoch  0 training error:  tensor(0.8595, device='cuda:0', grad_fn=<DivBackward0>)
Memory status after this epoch: 
Memory allocated:  193.806640625
Memory cached:  532.0
	 epoch  10 training error:  tensor(0.7658, device='cuda:0', grad_fn=<DivBackward0>)
Memory status after this epoch: 
Memory allocated:  193.806640625
Memory cached:  554.0
	 epoch  20 training error:  tensor(0.6267, device='cuda:0', grad_fn=<DivBackward0>)
Memory status after this epoch: 
Memory allocated:  193.806640625
Memory cached:  560.0
	 epoch  30 training error:  tensor(0.6066, device='cuda:0', grad_fn=<DivBackward0>)
Memory status after this epoch: 
Memory allocated:  193.806640625
Memory cached:  552.0
	 epoch  40 training error:  tensor(0.5910, device='cuda:0', grad_fn=<DivBackward0>)
Memory status after this epoch: 
Memory allocated:  193.806640625
Memory cached:  560.0
	 epoch  50 training error:  tensor(0.5801, device='cuda:0', grad_fn=<DivBackward0>)
Memory status after this epoch: 
Memory allocated:  193.806640625
Memory cached:  562.0
	 epoch  60 training error:  tensor(0.5689, device='cuda:0', grad_fn=<DivBackward0>)
Memory status after this epoch: 
Memory allocated:  193.806640625
Memory cached:  560.0
	 epoch  70 training error:  tensor(0.5568, device='cuda:0', grad_fn=<DivBackward0>)
Memory status after this epoch: 
Memory allocated:  193.806640625
Memory cached:  560.0
	 epoch  80 training error:  tensor(0.5450, device='cuda:0', grad_fn=<DivBackward0>)
Memory status after this epoch: 
Memory allocated:  193.806640625
Memory cached:  552.0
	 epoch  90 training error:  tensor(0.5329, device='cuda:0', grad_fn=<DivBackward0>)
Memory status after this epoch: 
Memory allocated:  193.806640625
Memory cached:  554.0
[I 2024-01-12 17:20:55,566] Trial 7 finished with value: 0.48470473289489746 and parameters: {'W_layers': 5, 'W_layer_units_exponent_0': 4, 'W_layer_units_exponent_1': 4, 'W_layer_units_exponent_2': 9, 'W_layer_units_exponent_3': 8, 'W_layer_units_exponent_4': 5, 'D_layers': 6, 'D_layer_units_exponent_0': 7, 'D_layer_units_exponent_1': 8, 'D_layer_units_exponent_2': 5, 'D_layer_units_exponent_3': 8, 'D_layer_units_exponent_4': 4, 'D_layer_units_exponent_5': 9, 'D_dagger_layers': 2, 'D_dagger_layer_units_exponent_0': 4, 'D_dagger_layer_units_exponent_1': 4, 'log_learning_rate': -1.8501060217505838, 'log_learning_rate_D': -2.150904840841878, 'log_learning_rate_D_dagger': -3.697417070792491, 'training_batch_size': 10, 'training_p': 3}. Best is trial 6 with value: 0.10427866131067276.
Time for this trial:  184.85046935081482
Memory status after this trial: 
Memory allocated:  403.18212890625
Memory cached:  548.0
--------------------  Trial  8   --------------------
Start timing: 
Parameters: 
{'W_layers': 6, 'W_layer_units_exponent_0': 7, 'W_layer_units_exponent_1': 5, 'W_layer_units_exponent_2': 6, 'W_layer_units_exponent_3': 9, 'W_layer_units_exponent_4': 9, 'W_layer_units_exponent_5': 6, 'D_layers': 4, 'D_layer_units_exponent_0': 6, 'D_layer_units_exponent_1': 6, 'D_layer_units_exponent_2': 9, 'D_layer_units_exponent_3': 7, 'D_dagger_layers': 2, 'D_dagger_layer_units_exponent_0': 5, 'D_dagger_layer_units_exponent_1': 7, 'log_learning_rate': -1.2182400748786413, 'log_learning_rate_D': -1.098034765008968, 'log_learning_rate_D_dagger': -4.833696990938101, 'training_batch_size': 12, 'training_p': 7}
	 epoch  0 training error:  tensor(1.1579, device='cuda:0', grad_fn=<DivBackward0>)
Memory status after this epoch: 
Memory allocated:  197.322265625
Memory cached:  530.0
	 epoch  10 training error:  tensor(302.4079, device='cuda:0', grad_fn=<DivBackward0>)
Memory status after this epoch: 
Memory allocated:  197.322265625
Memory cached:  544.0
	 epoch  20 training error:  tensor(2047.0361, device='cuda:0', grad_fn=<DivBackward0>)
Memory status after this epoch: 
Memory allocated:  197.322265625
Memory cached:  548.0
	 epoch  30 training error:  tensor(567.0981, device='cuda:0', grad_fn=<DivBackward0>)
Memory status after this epoch: 
Memory allocated:  197.322265625
Memory cached:  550.0
	 epoch  40 training error:  tensor(388.6346, device='cuda:0', grad_fn=<DivBackward0>)
Memory status after this epoch: 
Memory allocated:  197.322265625
Memory cached:  540.0
	 epoch  50 training error:  tensor(212.9823, device='cuda:0', grad_fn=<DivBackward0>)
Memory status after this epoch: 
Memory allocated:  197.322265625
Memory cached:  540.0
	 epoch  60 training error:  tensor(21.0250, device='cuda:0', grad_fn=<DivBackward0>)
Memory status after this epoch: 
Memory allocated:  197.322265625
Memory cached:  548.0
	 epoch  70 training error:  tensor(7.0695, device='cuda:0', grad_fn=<DivBackward0>)
Memory status after this epoch: 
Memory allocated:  197.322265625
Memory cached:  540.0
	 epoch  80 training error:  tensor(14.4962, device='cuda:0', grad_fn=<DivBackward0>)
Memory status after this epoch: 
Memory allocated:  197.322265625
Memory cached:  538.0
	 epoch  90 training error:  tensor(0.6933, device='cuda:0', grad_fn=<DivBackward0>)
Memory status after this epoch: 
Memory allocated:  197.322265625
Memory cached:  538.0
[I 2024-01-12 17:23:54,881] Trial 8 finished with value: 0.6540620923042297 and parameters: {'W_layers': 6, 'W_layer_units_exponent_0': 7, 'W_layer_units_exponent_1': 5, 'W_layer_units_exponent_2': 6, 'W_layer_units_exponent_3': 9, 'W_layer_units_exponent_4': 9, 'W_layer_units_exponent_5': 6, 'D_layers': 4, 'D_layer_units_exponent_0': 6, 'D_layer_units_exponent_1': 6, 'D_layer_units_exponent_2': 9, 'D_layer_units_exponent_3': 7, 'D_dagger_layers': 2, 'D_dagger_layer_units_exponent_0': 5, 'D_dagger_layer_units_exponent_1': 7, 'log_learning_rate': -1.2182400748786413, 'log_learning_rate_D': -1.098034765008968, 'log_learning_rate_D_dagger': -4.833696990938101, 'training_batch_size': 12, 'training_p': 7}. Best is trial 6 with value: 0.10427866131067276.
Time for this trial:  179.0328254699707
Memory status after this trial: 
Memory allocated:  427.8037109375
Memory cached:  530.0
--------------------  Trial  9   --------------------
Start timing: 
Parameters: 
{'W_layers': 6, 'W_layer_units_exponent_0': 6, 'W_layer_units_exponent_1': 5, 'W_layer_units_exponent_2': 9, 'W_layer_units_exponent_3': 9, 'W_layer_units_exponent_4': 8, 'W_layer_units_exponent_5': 6, 'D_layers': 8, 'D_layer_units_exponent_0': 8, 'D_layer_units_exponent_1': 9, 'D_layer_units_exponent_2': 9, 'D_layer_units_exponent_3': 8, 'D_layer_units_exponent_4': 6, 'D_layer_units_exponent_5': 5, 'D_layer_units_exponent_6': 4, 'D_layer_units_exponent_7': 5, 'D_dagger_layers': 8, 'D_dagger_layer_units_exponent_0': 8, 'D_dagger_layer_units_exponent_1': 9, 'D_dagger_layer_units_exponent_2': 8, 'D_dagger_layer_units_exponent_3': 9, 'D_dagger_layer_units_exponent_4': 9, 'D_dagger_layer_units_exponent_5': 10, 'D_dagger_layer_units_exponent_6': 5, 'D_dagger_layer_units_exponent_7': 7, 'log_learning_rate': -1.029712367550466, 'log_learning_rate_D': -4.776652265835112, 'log_learning_rate_D_dagger': -2.6800553930096997, 'training_batch_size': 7, 'training_p': 2}
	 epoch  0 training error:  tensor(11.5620, device='cuda:0', grad_fn=<DivBackward0>)
Memory status after this epoch: 
Memory allocated:  224.01953125
Memory cached:  588.0
	 epoch  10 training error:  tensor(31586.8574, device='cuda:0', grad_fn=<DivBackward0>)
Memory status after this epoch: 
Memory allocated:  224.01953125
Memory cached:  654.0
	 epoch  20 training error:  tensor(7142.7339, device='cuda:0', grad_fn=<DivBackward0>)
Memory status after this epoch: 
Memory allocated:  224.01953125
Memory cached:  644.0
	 epoch  30 training error:  tensor(4.7163, device='cuda:0', grad_fn=<DivBackward0>)
Memory status after this epoch: 
Memory allocated:  224.01953125
Memory cached:  664.0
	 epoch  40 training error:  tensor(0.5360, device='cuda:0', grad_fn=<DivBackward0>)
Memory status after this epoch: 
Memory allocated:  224.01953125
Memory cached:  652.0
	 epoch  50 training error:  tensor(0.2043, device='cuda:0', grad_fn=<DivBackward0>)
Memory status after this epoch: 
Memory allocated:  224.01953125
Memory cached:  666.0
	 epoch  60 training error:  tensor(0.2011, device='cuda:0', grad_fn=<DivBackward0>)
Memory status after this epoch: 
Memory allocated:  224.01953125
Memory cached:  650.0
	 epoch  70 training error:  tensor(0.1069, device='cuda:0', grad_fn=<DivBackward0>)
Memory status after this epoch: 
Memory allocated:  224.01953125
Memory cached:  654.0
	 epoch  80 training error:  tensor(0.1673, device='cuda:0', grad_fn=<DivBackward0>)
Memory status after this epoch: 
Memory allocated:  224.01953125
Memory cached:  658.0
	 epoch  90 training error:  tensor(0.1098, device='cuda:0', grad_fn=<DivBackward0>)
Memory status after this epoch: 
Memory allocated:  224.01953125
Memory cached:  650.0
[I 2024-01-12 17:32:18,626] Trial 9 finished with value: 0.10399017482995987 and parameters: {'W_layers': 6, 'W_layer_units_exponent_0': 6, 'W_layer_units_exponent_1': 5, 'W_layer_units_exponent_2': 9, 'W_layer_units_exponent_3': 9, 'W_layer_units_exponent_4': 8, 'W_layer_units_exponent_5': 6, 'D_layers': 8, 'D_layer_units_exponent_0': 8, 'D_layer_units_exponent_1': 9, 'D_layer_units_exponent_2': 9, 'D_layer_units_exponent_3': 8, 'D_layer_units_exponent_4': 6, 'D_layer_units_exponent_5': 5, 'D_layer_units_exponent_6': 4, 'D_layer_units_exponent_7': 5, 'D_dagger_layers': 8, 'D_dagger_layer_units_exponent_0': 8, 'D_dagger_layer_units_exponent_1': 9, 'D_dagger_layer_units_exponent_2': 8, 'D_dagger_layer_units_exponent_3': 9, 'D_dagger_layer_units_exponent_4': 9, 'D_dagger_layer_units_exponent_5': 10, 'D_dagger_layer_units_exponent_6': 5, 'D_dagger_layer_units_exponent_7': 7, 'log_learning_rate': -1.029712367550466, 'log_learning_rate_D': -4.776652265835112, 'log_learning_rate_D_dagger': -2.6800553930096997, 'training_batch_size': 7, 'training_p': 2}. Best is trial 9 with value: 0.10399017482995987.
res:  tensor(0.1040, device='cuda:0', grad_fn=<DivBackward0>)
self.bestValue:  tensor(0.1043, device='cuda:0', grad_fn=<DivBackward0>)
Save this model!
Time for this trial:  503.4252862930298
Memory status after this trial: 
Memory allocated:  690.53466796875
Memory cached:  898.0
--------------------  Trial  10   --------------------
Start timing: 
Parameters: 
{'W_layers': 8, 'W_layer_units_exponent_0': 5, 'W_layer_units_exponent_1': 6, 'W_layer_units_exponent_2': 10, 'W_layer_units_exponent_3': 10, 'W_layer_units_exponent_4': 6, 'W_layer_units_exponent_5': 4, 'W_layer_units_exponent_6': 10, 'W_layer_units_exponent_7': 9, 'D_layers': 8, 'D_layer_units_exponent_0': 8, 'D_layer_units_exponent_1': 8, 'D_layer_units_exponent_2': 10, 'D_layer_units_exponent_3': 4, 'D_layer_units_exponent_4': 5, 'D_layer_units_exponent_5': 5, 'D_layer_units_exponent_6': 4, 'D_layer_units_exponent_7': 4, 'D_dagger_layers': 6, 'D_dagger_layer_units_exponent_0': 8, 'D_dagger_layer_units_exponent_1': 9, 'D_dagger_layer_units_exponent_2': 7, 'D_dagger_layer_units_exponent_3': 4, 'D_dagger_layer_units_exponent_4': 9, 'D_dagger_layer_units_exponent_5': 4, 'log_learning_rate': -3.2576940882445777, 'log_learning_rate_D': -4.91249187995457, 'log_learning_rate_D_dagger': -1.1574109388593692, 'training_batch_size': 8, 'training_p': 2}
	 epoch  0 training error:  tensor(0.9740, device='cuda:0', grad_fn=<DivBackward0>)
Memory status after this epoch: 
Memory allocated:  725.60693359375
Memory cached:  946.0
	 epoch  10 training error:  tensor(44.3746, device='cuda:0', grad_fn=<DivBackward0>)
Memory status after this epoch: 
Memory allocated:  725.60693359375
Memory cached:  978.0
	 epoch  20 training error:  tensor(0.7976, device='cuda:0', grad_fn=<DivBackward0>)
Memory status after this epoch: 
Memory allocated:  725.60693359375
Memory cached:  974.0
	 epoch  30 training error:  tensor(0.7341, device='cuda:0', grad_fn=<DivBackward0>)
Memory status after this epoch: 
Memory allocated:  725.60693359375
Memory cached:  984.0
	 epoch  40 training error:  tensor(0.6891, device='cuda:0', grad_fn=<DivBackward0>)
Memory status after this epoch: 
Memory allocated:  725.60693359375
Memory cached:  982.0
	 epoch  50 training error:  tensor(0.6934, device='cuda:0', grad_fn=<DivBackward0>)
Memory status after this epoch: 
Memory allocated:  725.60693359375
Memory cached:  972.0
	 epoch  60 training error:  tensor(0.6839, device='cuda:0', grad_fn=<DivBackward0>)
Memory status after this epoch: 
Memory allocated:  725.60693359375
Memory cached:  970.0
	 epoch  70 training error:  tensor(0.6806, device='cuda:0', grad_fn=<DivBackward0>)
Memory status after this epoch: 
Memory allocated:  725.60693359375
Memory cached:  988.0
	 epoch  80 training error:  tensor(0.6811, device='cuda:0', grad_fn=<DivBackward0>)
Memory status after this epoch: 
Memory allocated:  725.60693359375
Memory cached:  988.0
	 epoch  90 training error:  tensor(0.6807, device='cuda:0', grad_fn=<DivBackward0>)
Memory status after this epoch: 
Memory allocated:  725.60693359375
Memory cached:  972.0
