[I 2023-12-20 04:06:05,764] Trial 39 finished with value: 0.43141260743141174 and parameters: {'W_layers': 3, 'W_layer_units_exponent_0': 7, 'W_layer_units_exponent_1': 9, 'W_layer_units_exponent_2': 5, 'D_layers': 8, 'D_layer_units_exponent_0': 7, 'D_layer_units_exponent_1': 5, 'D_layer_units_exponent_2': 4, 'D_layer_units_exponent_3': 9, 'D_layer_units_exponent_4': 8, 'D_layer_units_exponent_5': 7, 'D_layer_units_exponent_6': 6, 'D_layer_units_exponent_7': 4, 'D_dagger_layers': 4, 'D_dagger_layer_units_exponent_0': 7, 'D_dagger_layer_units_exponent_1': 4, 'D_dagger_layer_units_exponent_2': 4, 'D_dagger_layer_units_exponent_3': 4, 'log_learning_rate': -1.8461761456413661, 'log_learning_rate_D': -4.330253019075938, 'log_learning_rate_D_dagger': -2.843759807559861, 'training_batch_size': 6, 'training_p': 6}. Best is trial 11 with value: 0.14480963349342346.
Time for this trial:  337.2866938114166
Memory status after this trial: 
Memory allocated:  291.2578125
Memory cached:  410.0
--------------------  Trial  40   --------------------
Start timing: 
Parameters: 
{'W_layers': 5, 'W_layer_units_exponent_0': 9, 'W_layer_units_exponent_1': 8, 'W_layer_units_exponent_2': 4, 'W_layer_units_exponent_3': 8, 'W_layer_units_exponent_4': 4, 'D_layers': 2, 'D_layer_units_exponent_0': 9, 'D_layer_units_exponent_1': 4, 'D_dagger_layers': 3, 'D_dagger_layer_units_exponent_0': 8, 'D_dagger_layer_units_exponent_1': 6, 'D_dagger_layer_units_exponent_2': 5, 'log_learning_rate': -1.0361242900178786, 'log_learning_rate_D': -4.820914615047871, 'log_learning_rate_D_dagger': -2.5735744444823596, 'training_batch_size': 7, 'training_p': 8}
	 epoch  0 training error:  tensor(1.0137, device='cuda:0', grad_fn=<DivBackward0>)
Memory status after this epoch: 
Memory allocated:  184.97314453125
Memory cached:  396.0
	 epoch  10 training error:  tensor(139.7174, device='cuda:0', grad_fn=<DivBackward0>)
Memory status after this epoch: 
Memory allocated:  184.97314453125
Memory cached:  412.0
	 epoch  20 training error:  tensor(23.6353, device='cuda:0', grad_fn=<DivBackward0>)
Memory status after this epoch: 
Memory allocated:  184.97314453125
Memory cached:  412.0
	 epoch  30 training error:  tensor(0.6310, device='cuda:0', grad_fn=<DivBackward0>)
Memory status after this epoch: 
Memory allocated:  184.97314453125
Memory cached:  412.0
	 epoch  40 training error:  tensor(0.5823, device='cuda:0', grad_fn=<DivBackward0>)
Memory status after this epoch: 
Memory allocated:  184.97314453125
Memory cached:  414.0
	 epoch  50 training error:  tensor(1.5668, device='cuda:0', grad_fn=<DivBackward0>)
Memory status after this epoch: 
Memory allocated:  184.97314453125
Memory cached:  412.0
	 epoch  60 training error:  tensor(4.1248, device='cuda:0', grad_fn=<DivBackward0>)
Memory status after this epoch: 
Memory allocated:  184.97314453125
Memory cached:  412.0
	 epoch  70 training error:  tensor(1.2848, device='cuda:0', grad_fn=<DivBackward0>)
Memory status after this epoch: 
Memory allocated:  184.97314453125
Memory cached:  410.0
	 epoch  80 training error:  tensor(0.9166, device='cuda:0', grad_fn=<DivBackward0>)
Memory status after this epoch: 
Memory allocated:  184.97314453125
Memory cached:  412.0
	 epoch  90 training error:  tensor(0.6081, device='cuda:0', grad_fn=<DivBackward0>)
Memory status after this epoch: 
Memory allocated:  184.97314453125
Memory cached:  410.0
[I 2023-12-20 04:08:40,478] Trial 40 finished with value: 0.5372940897941589 and parameters: {'W_layers': 5, 'W_layer_units_exponent_0': 9, 'W_layer_units_exponent_1': 8, 'W_layer_units_exponent_2': 4, 'W_layer_units_exponent_3': 8, 'W_layer_units_exponent_4': 4, 'D_layers': 2, 'D_layer_units_exponent_0': 9, 'D_layer_units_exponent_1': 4, 'D_dagger_layers': 3, 'D_dagger_layer_units_exponent_0': 8, 'D_dagger_layer_units_exponent_1': 6, 'D_dagger_layer_units_exponent_2': 5, 'log_learning_rate': -1.0361242900178786, 'log_learning_rate_D': -4.820914615047871, 'log_learning_rate_D_dagger': -2.5735744444823596, 'training_batch_size': 7, 'training_p': 8}. Best is trial 11 with value: 0.14480963349342346.
Time for this trial:  154.3416872024536
Memory status after this trial: 
Memory allocated:  287.0224609375
Memory cached:  406.0
--------------------  Trial  41   --------------------
Start timing: 
Parameters: 
{'W_layers': 5, 'W_layer_units_exponent_0': 5, 'W_layer_units_exponent_1': 9, 'W_layer_units_exponent_2': 4, 'W_layer_units_exponent_3': 10, 'W_layer_units_exponent_4': 4, 'D_layers': 8, 'D_layer_units_exponent_0': 7, 'D_layer_units_exponent_1': 4, 'D_layer_units_exponent_2': 4, 'D_layer_units_exponent_3': 9, 'D_layer_units_exponent_4': 9, 'D_layer_units_exponent_5': 8, 'D_layer_units_exponent_6': 4, 'D_layer_units_exponent_7': 5, 'D_dagger_layers': 3, 'D_dagger_layer_units_exponent_0': 7, 'D_dagger_layer_units_exponent_1': 6, 'D_dagger_layer_units_exponent_2': 5, 'log_learning_rate': -1.8544820444803651, 'log_learning_rate_D': -4.147676803249205, 'log_learning_rate_D_dagger': -1.870830868466994, 'training_batch_size': 6, 'training_p': 7}
	 epoch  0 training error:  tensor(1.0406, device='cuda:0', grad_fn=<DivBackward0>)
Memory status after this epoch: 
Memory allocated:  189.67822265625
Memory cached:  392.0
	 epoch  10 training error:  tensor(0.7640, device='cuda:0', grad_fn=<DivBackward0>)
Memory status after this epoch: 
Memory allocated:  189.67822265625
Memory cached:  414.0
	 epoch  20 training error:  tensor(0.5491, device='cuda:0', grad_fn=<DivBackward0>)
Memory status after this epoch: 
Memory allocated:  189.67822265625
Memory cached:  420.0
	 epoch  30 training error:  tensor(0.5497, device='cuda:0', grad_fn=<DivBackward0>)
Memory status after this epoch: 
Memory allocated:  189.67822265625
Memory cached:  418.0
	 epoch  40 training error:  tensor(0.5315, device='cuda:0', grad_fn=<DivBackward0>)
Memory status after this epoch: 
Memory allocated:  189.67822265625
Memory cached:  416.0
	 epoch  50 training error:  tensor(0.5376, device='cuda:0', grad_fn=<DivBackward0>)
Memory status after this epoch: 
Memory allocated:  189.67822265625
Memory cached:  416.0
	 epoch  60 training error:  tensor(0.5317, device='cuda:0', grad_fn=<DivBackward0>)
Memory status after this epoch: 
Memory allocated:  189.67822265625
Memory cached:  418.0
	 epoch  70 training error:  tensor(0.5259, device='cuda:0', grad_fn=<DivBackward0>)
Memory status after this epoch: 
Memory allocated:  189.67822265625
Memory cached:  420.0
	 epoch  80 training error:  tensor(0.5260, device='cuda:0', grad_fn=<DivBackward0>)
Memory status after this epoch: 
Memory allocated:  189.67822265625
Memory cached:  420.0
	 epoch  90 training error:  tensor(0.5033, device='cuda:0', grad_fn=<DivBackward0>)
Memory status after this epoch: 
Memory allocated:  189.67822265625
Memory cached:  420.0
[I 2023-12-20 04:14:42,519] Trial 41 finished with value: 0.2745791971683502 and parameters: {'W_layers': 5, 'W_layer_units_exponent_0': 5, 'W_layer_units_exponent_1': 9, 'W_layer_units_exponent_2': 4, 'W_layer_units_exponent_3': 10, 'W_layer_units_exponent_4': 4, 'D_layers': 8, 'D_layer_units_exponent_0': 7, 'D_layer_units_exponent_1': 4, 'D_layer_units_exponent_2': 4, 'D_layer_units_exponent_3': 9, 'D_layer_units_exponent_4': 9, 'D_layer_units_exponent_5': 8, 'D_layer_units_exponent_6': 4, 'D_layer_units_exponent_7': 5, 'D_dagger_layers': 3, 'D_dagger_layer_units_exponent_0': 7, 'D_dagger_layer_units_exponent_1': 6, 'D_dagger_layer_units_exponent_2': 5, 'log_learning_rate': -1.8544820444803651, 'log_learning_rate_D': -4.147676803249205, 'log_learning_rate_D_dagger': -1.870830868466994, 'training_batch_size': 6, 'training_p': 7}. Best is trial 11 with value: 0.14480963349342346.
Time for this trial:  361.6351704597473
Memory status after this trial: 
Memory allocated:  362.62744140625
Memory cached:  414.0
--------------------  Trial  42   --------------------
Start timing: 
Parameters: 
{'W_layers': 4, 'W_layer_units_exponent_0': 4, 'W_layer_units_exponent_1': 10, 'W_layer_units_exponent_2': 4, 'W_layer_units_exponent_3': 10, 'D_layers': 8, 'D_layer_units_exponent_0': 7, 'D_layer_units_exponent_1': 4, 'D_layer_units_exponent_2': 5, 'D_layer_units_exponent_3': 9, 'D_layer_units_exponent_4': 9, 'D_layer_units_exponent_5': 9, 'D_layer_units_exponent_6': 5, 'D_layer_units_exponent_7': 5, 'D_dagger_layers': 2, 'D_dagger_layer_units_exponent_0': 7, 'D_dagger_layer_units_exponent_1': 5, 'log_learning_rate': -2.1551162646865545, 'log_learning_rate_D': -3.9710853654083698, 'log_learning_rate_D_dagger': -1.7185840167216195, 'training_batch_size': 7, 'training_p': 7}
	 epoch  0 training error:  tensor(1.0060, device='cuda:0', grad_fn=<DivBackward0>)
Memory status after this epoch: 
Memory allocated:  191.77978515625
Memory cached:  384.0
	 epoch  10 training error:  tensor(0.8862, device='cuda:0', grad_fn=<DivBackward0>)
Memory status after this epoch: 
Memory allocated:  191.77978515625
Memory cached:  396.0
	 epoch  20 training error:  tensor(0.7999, device='cuda:0', grad_fn=<DivBackward0>)
Memory status after this epoch: 
Memory allocated:  191.77978515625
Memory cached:  392.0
	 epoch  30 training error:  tensor(0.5770, device='cuda:0', grad_fn=<DivBackward0>)
Memory status after this epoch: 
Memory allocated:  191.77978515625
Memory cached:  392.0
	 epoch  40 training error:  tensor(0.5447, device='cuda:0', grad_fn=<DivBackward0>)
Memory status after this epoch: 
Memory allocated:  191.77978515625
Memory cached:  392.0
	 epoch  50 training error:  tensor(0.5322, device='cuda:0', grad_fn=<DivBackward0>)
Memory status after this epoch: 
Memory allocated:  191.77978515625
Memory cached:  394.0
	 epoch  60 training error:  tensor(0.5453, device='cuda:0', grad_fn=<DivBackward0>)
Memory status after this epoch: 
Memory allocated:  191.77978515625
Memory cached:  394.0
	 epoch  70 training error:  tensor(0.5430, device='cuda:0', grad_fn=<DivBackward0>)
Memory status after this epoch: 
Memory allocated:  191.77978515625
Memory cached:  394.0
	 epoch  80 training error:  tensor(0.5332, device='cuda:0', grad_fn=<DivBackward0>)
Memory status after this epoch: 
Memory allocated:  191.77978515625
Memory cached:  396.0
	 epoch  90 training error:  tensor(0.5350, device='cuda:0', grad_fn=<DivBackward0>)
Memory status after this epoch: 
Memory allocated:  191.77978515625
Memory cached:  396.0
[I 2023-12-20 04:18:01,333] Trial 42 finished with value: 0.43100032210350037 and parameters: {'W_layers': 4, 'W_layer_units_exponent_0': 4, 'W_layer_units_exponent_1': 10, 'W_layer_units_exponent_2': 4, 'W_layer_units_exponent_3': 10, 'D_layers': 8, 'D_layer_units_exponent_0': 7, 'D_layer_units_exponent_1': 4, 'D_layer_units_exponent_2': 5, 'D_layer_units_exponent_3': 9, 'D_layer_units_exponent_4': 9, 'D_layer_units_exponent_5': 9, 'D_layer_units_exponent_6': 5, 'D_layer_units_exponent_7': 5, 'D_dagger_layers': 2, 'D_dagger_layer_units_exponent_0': 7, 'D_dagger_layer_units_exponent_1': 5, 'log_learning_rate': -2.1551162646865545, 'log_learning_rate_D': -3.9710853654083698, 'log_learning_rate_D_dagger': -1.7185840167216195, 'training_batch_size': 7, 'training_p': 7}. Best is trial 11 with value: 0.14480963349342346.
Time for this trial:  198.41559147834778
Memory status after this trial: 
Memory allocated:  393.08056640625
Memory cached:  400.0
--------------------  Trial  43   --------------------
Start timing: 
Parameters: 
{'W_layers': 6, 'W_layer_units_exponent_0': 5, 'W_layer_units_exponent_1': 8, 'W_layer_units_exponent_2': 5, 'W_layer_units_exponent_3': 10, 'W_layer_units_exponent_4': 4, 'W_layer_units_exponent_5': 8, 'D_layers': 7, 'D_layer_units_exponent_0': 7, 'D_layer_units_exponent_1': 5, 'D_layer_units_exponent_2': 4, 'D_layer_units_exponent_3': 8, 'D_layer_units_exponent_4': 10, 'D_layer_units_exponent_5': 8, 'D_layer_units_exponent_6': 4, 'D_dagger_layers': 3, 'D_dagger_layer_units_exponent_0': 6, 'D_dagger_layer_units_exponent_1': 7, 'D_dagger_layer_units_exponent_2': 5, 'log_learning_rate': -1.4884874777047206, 'log_learning_rate_D': -4.488770117445711, 'log_learning_rate_D_dagger': -2.1393378576721127, 'training_batch_size': 7, 'training_p': 6}
	 epoch  0 training error:  tensor(0.9045, device='cuda:0', grad_fn=<DivBackward0>)
Memory status after this epoch: 
Memory allocated:  191.83837890625
Memory cached:  392.0
	 epoch  10 training error:  tensor(0.7256, device='cuda:0', grad_fn=<DivBackward0>)
Memory status after this epoch: 
Memory allocated:  191.83837890625
Memory cached:  406.0
	 epoch  20 training error:  tensor(1.0375, device='cuda:0', grad_fn=<DivBackward0>)
Memory status after this epoch: 
Memory allocated:  191.83837890625
Memory cached:  410.0
	 epoch  30 training error:  tensor(1.0702, device='cuda:0', grad_fn=<DivBackward0>)
Memory status after this epoch: 
Memory allocated:  191.83837890625
Memory cached:  404.0
	 epoch  40 training error:  tensor(1.7201, device='cuda:0', grad_fn=<DivBackward0>)
Memory status after this epoch: 
Memory allocated:  191.83837890625
Memory cached:  408.0
	 epoch  50 training error:  tensor(0.9008, device='cuda:0', grad_fn=<DivBackward0>)
Memory status after this epoch: 
Memory allocated:  191.83837890625
Memory cached:  408.0
	 epoch  60 training error:  tensor(0.6067, device='cuda:0', grad_fn=<DivBackward0>)
Memory status after this epoch: 
Memory allocated:  191.83837890625
Memory cached:  414.0
	 epoch  70 training error:  tensor(0.5368, device='cuda:0', grad_fn=<DivBackward0>)
Memory status after this epoch: 
Memory allocated:  191.83837890625
Memory cached:  406.0
	 epoch  80 training error:  tensor(0.5499, device='cuda:0', grad_fn=<DivBackward0>)
Memory status after this epoch: 
Memory allocated:  191.83837890625
Memory cached:  418.0
	 epoch  90 training error:  tensor(0.5886, device='cuda:0', grad_fn=<DivBackward0>)
Memory status after this epoch: 
Memory allocated:  191.83837890625
Memory cached:  408.0
[I 2023-12-20 04:21:31,212] Trial 43 finished with value: 0.4857795834541321 and parameters: {'W_layers': 6, 'W_layer_units_exponent_0': 5, 'W_layer_units_exponent_1': 8, 'W_layer_units_exponent_2': 5, 'W_layer_units_exponent_3': 10, 'W_layer_units_exponent_4': 4, 'W_layer_units_exponent_5': 8, 'D_layers': 7, 'D_layer_units_exponent_0': 7, 'D_layer_units_exponent_1': 5, 'D_layer_units_exponent_2': 4, 'D_layer_units_exponent_3': 8, 'D_layer_units_exponent_4': 10, 'D_layer_units_exponent_5': 8, 'D_layer_units_exponent_6': 4, 'D_dagger_layers': 3, 'D_dagger_layer_units_exponent_0': 6, 'D_dagger_layer_units_exponent_1': 7, 'D_dagger_layer_units_exponent_2': 5, 'log_learning_rate': -1.4884874777047206, 'log_learning_rate_D': -4.488770117445711, 'log_learning_rate_D_dagger': -2.1393378576721127, 'training_batch_size': 7, 'training_p': 6}. Best is trial 11 with value: 0.14480963349342346.
Time for this trial:  209.47737574577332
Memory status after this trial: 
Memory allocated:  375.1640625
Memory cached:  400.0
--------------------  Trial  44   --------------------
Start timing: 
Parameters: 
{'W_layers': 5, 'W_layer_units_exponent_0': 6, 'W_layer_units_exponent_1': 9, 'W_layer_units_exponent_2': 4, 'W_layer_units_exponent_3': 9, 'W_layer_units_exponent_4': 5, 'D_layers': 8, 'D_layer_units_exponent_0': 8, 'D_layer_units_exponent_1': 4, 'D_layer_units_exponent_2': 5, 'D_layer_units_exponent_3': 10, 'D_layer_units_exponent_4': 8, 'D_layer_units_exponent_5': 9, 'D_layer_units_exponent_6': 5, 'D_layer_units_exponent_7': 5, 'D_dagger_layers': 5, 'D_dagger_layer_units_exponent_0': 5, 'D_dagger_layer_units_exponent_1': 6, 'D_dagger_layer_units_exponent_2': 4, 'D_dagger_layer_units_exponent_3': 5, 'D_dagger_layer_units_exponent_4': 7, 'log_learning_rate': -1.2563978989168394, 'log_learning_rate_D': -4.1525566314003015, 'log_learning_rate_D_dagger': -1.3649711803063886, 'training_batch_size': 6, 'training_p': 8}
	 epoch  0 training error:  tensor(10.6874, device='cuda:0', grad_fn=<DivBackward0>)
Memory status after this epoch: 
Memory allocated:  190.37548828125
Memory cached:  388.0
	 epoch  10 training error:  tensor(4.4307, device='cuda:0', grad_fn=<DivBackward0>)
Memory status after this epoch: 
Memory allocated:  190.37548828125
Memory cached:  428.0
	 epoch  20 training error:  tensor(0.6835, device='cuda:0', grad_fn=<DivBackward0>)
Memory status after this epoch: 
Memory allocated:  190.37548828125
Memory cached:  430.0
	 epoch  30 training error:  tensor(0.6290, device='cuda:0', grad_fn=<DivBackward0>)
Memory status after this epoch: 
Memory allocated:  190.37548828125
Memory cached:  432.0
	 epoch  40 training error:  tensor(0.5824, device='cuda:0', grad_fn=<DivBackward0>)
Memory status after this epoch: 
Memory allocated:  190.37548828125
Memory cached:  422.0
	 epoch  50 training error:  tensor(0.5756, device='cuda:0', grad_fn=<DivBackward0>)
Memory status after this epoch: 
Memory allocated:  190.37548828125
Memory cached:  424.0
	 epoch  60 training error:  tensor(0.5821, device='cuda:0', grad_fn=<DivBackward0>)
Memory status after this epoch: 
Memory allocated:  190.37548828125
Memory cached:  430.0
	 epoch  70 training error:  tensor(0.6099, device='cuda:0', grad_fn=<DivBackward0>)
Memory status after this epoch: 
Memory allocated:  190.37548828125
Memory cached:  442.0
	 epoch  80 training error:  tensor(0.6146, device='cuda:0', grad_fn=<DivBackward0>)
Memory status after this epoch: 
Memory allocated:  190.37548828125
Memory cached:  424.0
	 epoch  90 training error:  tensor(0.5592, device='cuda:0', grad_fn=<DivBackward0>)
Memory status after this epoch: 
Memory allocated:  190.37548828125
Memory cached:  434.0
[I 2023-12-20 04:28:03,762] Trial 44 finished with value: 0.5054329037666321 and parameters: {'W_layers': 5, 'W_layer_units_exponent_0': 6, 'W_layer_units_exponent_1': 9, 'W_layer_units_exponent_2': 4, 'W_layer_units_exponent_3': 9, 'W_layer_units_exponent_4': 5, 'D_layers': 8, 'D_layer_units_exponent_0': 8, 'D_layer_units_exponent_1': 4, 'D_layer_units_exponent_2': 5, 'D_layer_units_exponent_3': 10, 'D_layer_units_exponent_4': 8, 'D_layer_units_exponent_5': 9, 'D_layer_units_exponent_6': 5, 'D_layer_units_exponent_7': 5, 'D_dagger_layers': 5, 'D_dagger_layer_units_exponent_0': 5, 'D_dagger_layer_units_exponent_1': 6, 'D_dagger_layer_units_exponent_2': 4, 'D_dagger_layer_units_exponent_3': 5, 'D_dagger_layer_units_exponent_4': 7, 'log_learning_rate': -1.2563978989168394, 'log_learning_rate_D': -4.1525566314003015, 'log_learning_rate_D_dagger': -1.3649711803063886, 'training_batch_size': 6, 'training_p': 8}. Best is trial 11 with value: 0.14480963349342346.
Time for this trial:  392.08814787864685
Memory status after this trial: 
Memory allocated:  375.12060546875
Memory cached:  422.0
--------------------  Trial  45   --------------------
Start timing: 
Parameters: 
{'W_layers': 4, 'W_layer_units_exponent_0': 6, 'W_layer_units_exponent_1': 9, 'W_layer_units_exponent_2': 9, 'W_layer_units_exponent_3': 8, 'D_layers': 8, 'D_layer_units_exponent_0': 6, 'D_layer_units_exponent_1': 5, 'D_layer_units_exponent_2': 6, 'D_layer_units_exponent_3': 7, 'D_layer_units_exponent_4': 9, 'D_layer_units_exponent_5': 8, 'D_layer_units_exponent_6': 4, 'D_layer_units_exponent_7': 6, 'D_dagger_layers': 4, 'D_dagger_layer_units_exponent_0': 8, 'D_dagger_layer_units_exponent_1': 7, 'D_dagger_layer_units_exponent_2': 5, 'D_dagger_layer_units_exponent_3': 6, 'log_learning_rate': -2.1035140177899585, 'log_learning_rate_D': -3.904549494052055, 'log_learning_rate_D_dagger': -1.0119101603078886, 'training_batch_size': 6, 'training_p': 7}
	 epoch  0 training error:  tensor(12.1039, device='cuda:0', grad_fn=<DivBackward0>)
Memory status after this epoch: 
Memory allocated:  192.77197265625
Memory cached:  390.0
	 epoch  10 training error:  tensor(12.9912, device='cuda:0', grad_fn=<DivBackward0>)
Memory status after this epoch: 
Memory allocated:  192.77197265625
Memory cached:  408.0
	 epoch  20 training error:  tensor(30.3095, device='cuda:0', grad_fn=<DivBackward0>)
Memory status after this epoch: 
Memory allocated:  192.77197265625
Memory cached:  406.0
	 epoch  30 training error:  tensor(8.6070, device='cuda:0', grad_fn=<DivBackward0>)
Memory status after this epoch: 
Memory allocated:  192.77197265625
Memory cached:  408.0
	 epoch  40 training error:  tensor(0.7680, device='cuda:0', grad_fn=<DivBackward0>)
Memory status after this epoch: 
Memory allocated:  192.77197265625
Memory cached:  412.0
	 epoch  50 training error:  tensor(0.5761, device='cuda:0', grad_fn=<DivBackward0>)
Memory status after this epoch: 
Memory allocated:  192.77197265625
Memory cached:  410.0
	 epoch  60 training error:  tensor(0.5570, device='cuda:0', grad_fn=<DivBackward0>)
Memory status after this epoch: 
Memory allocated:  192.77197265625
Memory cached:  412.0
	 epoch  70 training error:  tensor(0.5420, device='cuda:0', grad_fn=<DivBackward0>)
Memory status after this epoch: 
Memory allocated:  192.77197265625
Memory cached:  406.0
	 epoch  80 training error:  tensor(0.5375, device='cuda:0', grad_fn=<DivBackward0>)
Memory status after this epoch: 
Memory allocated:  192.77197265625
Memory cached:  408.0
	 epoch  90 training error:  tensor(0.5360, device='cuda:0', grad_fn=<DivBackward0>)
Memory status after this epoch: 
Memory allocated:  192.77197265625
Memory cached:  410.0
