[I 2023-12-01 11:42:09,469] Trial 26 finished with value: 0.13037841022014618 and parameters: {'W_layers': 8, 'W_layer_units_exponent_0': 7, 'W_layer_units_exponent_1': 6, 'W_layer_units_exponent_2': 4, 'W_layer_units_exponent_3': 5, 'W_layer_units_exponent_4': 8, 'W_layer_units_exponent_5': 5, 'W_layer_units_exponent_6': 7, 'W_layer_units_exponent_7': 10, 'D_layers': 8, 'D_layer_units_exponent_0': 7, 'D_layer_units_exponent_1': 10, 'D_layer_units_exponent_2': 5, 'D_layer_units_exponent_3': 8, 'D_layer_units_exponent_4': 5, 'D_layer_units_exponent_5': 6, 'D_layer_units_exponent_6': 5, 'D_layer_units_exponent_7': 10, 'log_learning_rate': -1.4987161645630604, 'log_learning_rate_D': -4.1834811685696005, 'training_batch_size': 8, 'training_p': 2}. Best is trial 16 with value: 0.06206030771136284.
Time for this trial:  14.092944145202637
Memory status after this trial: 
Memory allocated:  26.9326171875
Memory cached:  52.0
--------------------  Trial  27   --------------------
Start timing: 
Parameters: 
{'W_layers': 7, 'W_layer_units_exponent_0': 8, 'W_layer_units_exponent_1': 5, 'W_layer_units_exponent_2': 6, 'W_layer_units_exponent_3': 8, 'W_layer_units_exponent_4': 5, 'W_layer_units_exponent_5': 5, 'W_layer_units_exponent_6': 6, 'D_layers': 6, 'D_layer_units_exponent_0': 8, 'D_layer_units_exponent_1': 8, 'D_layer_units_exponent_2': 8, 'D_layer_units_exponent_3': 10, 'D_layer_units_exponent_4': 6, 'D_layer_units_exponent_5': 7, 'log_learning_rate': -2.8448605827342215, 'log_learning_rate_D': -4.61925603325038, 'training_batch_size': 10, 'training_p': 3}
	 epoch  0 training error:  tensor(0.1277, device='cuda:0', grad_fn=<DivBackward0>)
Memory status after this epoch: 
Memory allocated:  2.4296875
Memory cached:  8.0
	 epoch  10 training error:  tensor(0.0784, device='cuda:0', grad_fn=<DivBackward0>)
Memory status after this epoch: 
Memory allocated:  2.4296875
Memory cached:  8.0
	 epoch  20 training error:  tensor(0.0711, device='cuda:0', grad_fn=<DivBackward0>)
Memory status after this epoch: 
Memory allocated:  2.4296875
Memory cached:  8.0
	 epoch  30 training error:  tensor(0.0679, device='cuda:0', grad_fn=<DivBackward0>)
Memory status after this epoch: 
Memory allocated:  2.4296875
Memory cached:  8.0
	 epoch  40 training error:  tensor(0.0668, device='cuda:0', grad_fn=<DivBackward0>)
Memory status after this epoch: 
Memory allocated:  2.4296875
Memory cached:  8.0
	 epoch  50 training error:  tensor(0.0664, device='cuda:0', grad_fn=<DivBackward0>)
Memory status after this epoch: 
Memory allocated:  2.4296875
Memory cached:  8.0
	 epoch  60 training error:  tensor(0.0681, device='cuda:0', grad_fn=<DivBackward0>)
Memory status after this epoch: 
Memory allocated:  2.4296875
Memory cached:  8.0
	 epoch  70 training error:  tensor(0.0668, device='cuda:0', grad_fn=<DivBackward0>)
Memory status after this epoch: 
Memory allocated:  2.4296875
Memory cached:  8.0
	 epoch  80 training error:  tensor(0.0666, device='cuda:0', grad_fn=<DivBackward0>)
Memory status after this epoch: 
Memory allocated:  2.4296875
Memory cached:  8.0
	 epoch  90 training error:  tensor(0.0675, device='cuda:0', grad_fn=<DivBackward0>)
Memory status after this epoch: 
Memory allocated:  2.4296875
Memory cached:  8.0
[I 2023-12-01 11:42:23,163] Trial 27 finished with value: 0.06449852138757706 and parameters: {'W_layers': 7, 'W_layer_units_exponent_0': 8, 'W_layer_units_exponent_1': 5, 'W_layer_units_exponent_2': 6, 'W_layer_units_exponent_3': 8, 'W_layer_units_exponent_4': 5, 'W_layer_units_exponent_5': 5, 'W_layer_units_exponent_6': 6, 'D_layers': 6, 'D_layer_units_exponent_0': 8, 'D_layer_units_exponent_1': 8, 'D_layer_units_exponent_2': 8, 'D_layer_units_exponent_3': 10, 'D_layer_units_exponent_4': 6, 'D_layer_units_exponent_5': 7, 'log_learning_rate': -2.8448605827342215, 'log_learning_rate_D': -4.61925603325038, 'training_batch_size': 10, 'training_p': 3}. Best is trial 16 with value: 0.06206030771136284.
Time for this trial:  13.520598649978638
Memory status after this trial: 
Memory allocated:  11.5751953125
Memory cached:  30.0
--------------------  Trial  28   --------------------
Start timing: 
Parameters: 
{'W_layers': 5, 'W_layer_units_exponent_0': 9, 'W_layer_units_exponent_1': 4, 'W_layer_units_exponent_2': 5, 'W_layer_units_exponent_3': 7, 'W_layer_units_exponent_4': 6, 'D_layers': 8, 'D_layer_units_exponent_0': 9, 'D_layer_units_exponent_1': 10, 'D_layer_units_exponent_2': 6, 'D_layer_units_exponent_3': 7, 'D_layer_units_exponent_4': 5, 'D_layer_units_exponent_5': 8, 'D_layer_units_exponent_6': 4, 'D_layer_units_exponent_7': 8, 'log_learning_rate': -2.34182963621635, 'log_learning_rate_D': -3.7642356369119643, 'training_batch_size': 9, 'training_p': 6}
	 epoch  0 training error:  tensor(1.8058, device='cuda:0', grad_fn=<DivBackward0>)
Memory status after this epoch: 
Memory allocated:  2.759765625
Memory cached:  24.0
	 epoch  10 training error:  tensor(0.2000, device='cuda:0', grad_fn=<DivBackward0>)
Memory status after this epoch: 
Memory allocated:  2.759765625
Memory cached:  24.0
	 epoch  20 training error:  tensor(0.1352, device='cuda:0', grad_fn=<DivBackward0>)
Memory status after this epoch: 
Memory allocated:  2.759765625
Memory cached:  24.0
	 epoch  30 training error:  tensor(0.0968, device='cuda:0', grad_fn=<DivBackward0>)
Memory status after this epoch: 
Memory allocated:  2.759765625
Memory cached:  24.0
	 epoch  40 training error:  tensor(0.0841, device='cuda:0', grad_fn=<DivBackward0>)
Memory status after this epoch: 
Memory allocated:  2.759765625
Memory cached:  24.0
	 epoch  50 training error:  tensor(0.0844, device='cuda:0', grad_fn=<DivBackward0>)
Memory status after this epoch: 
Memory allocated:  2.759765625
Memory cached:  24.0
	 epoch  60 training error:  tensor(0.0821, device='cuda:0', grad_fn=<DivBackward0>)
Memory status after this epoch: 
Memory allocated:  2.759765625
Memory cached:  24.0
	 epoch  70 training error:  tensor(0.0860, device='cuda:0', grad_fn=<DivBackward0>)
Memory status after this epoch: 
Memory allocated:  2.759765625
Memory cached:  24.0
	 epoch  80 training error:  tensor(0.0884, device='cuda:0', grad_fn=<DivBackward0>)
Memory status after this epoch: 
Memory allocated:  2.759765625
Memory cached:  24.0
	 epoch  90 training error:  tensor(0.0829, device='cuda:0', grad_fn=<DivBackward0>)
Memory status after this epoch: 
Memory allocated:  2.759765625
Memory cached:  24.0
[I 2023-12-01 11:42:36,587] Trial 28 finished with value: 0.06831897050142288 and parameters: {'W_layers': 5, 'W_layer_units_exponent_0': 9, 'W_layer_units_exponent_1': 4, 'W_layer_units_exponent_2': 5, 'W_layer_units_exponent_3': 7, 'W_layer_units_exponent_4': 6, 'D_layers': 8, 'D_layer_units_exponent_0': 9, 'D_layer_units_exponent_1': 10, 'D_layer_units_exponent_2': 6, 'D_layer_units_exponent_3': 7, 'D_layer_units_exponent_4': 5, 'D_layer_units_exponent_5': 8, 'D_layer_units_exponent_6': 4, 'D_layer_units_exponent_7': 8, 'log_learning_rate': -2.34182963621635, 'log_learning_rate_D': -3.7642356369119643, 'training_batch_size': 9, 'training_p': 6}. Best is trial 16 with value: 0.06206030771136284.
Time for this trial:  13.252322673797607
Memory status after this trial: 
Memory allocated:  11.693359375
Memory cached:  26.0
--------------------  Trial  29   --------------------
Start timing: 
Parameters: 
{'W_layers': 7, 'W_layer_units_exponent_0': 7, 'W_layer_units_exponent_1': 7, 'W_layer_units_exponent_2': 4, 'W_layer_units_exponent_3': 4, 'W_layer_units_exponent_4': 4, 'W_layer_units_exponent_5': 8, 'W_layer_units_exponent_6': 9, 'D_layers': 2, 'D_layer_units_exponent_0': 7, 'D_layer_units_exponent_1': 9, 'log_learning_rate': -3.155655733545978, 'log_learning_rate_D': -4.957926111247892, 'training_batch_size': 8, 'training_p': 6}
	 epoch  0 training error:  tensor(0.7184, device='cuda:0', grad_fn=<DivBackward0>)
Memory status after this epoch: 
Memory allocated:  2.67138671875
Memory cached:  4.0
	 epoch  10 training error:  tensor(0.1873, device='cuda:0', grad_fn=<DivBackward0>)
Memory status after this epoch: 
Memory allocated:  2.67138671875
Memory cached:  6.0
	 epoch  20 training error:  tensor(0.1392, device='cuda:0', grad_fn=<DivBackward0>)
Memory status after this epoch: 
Memory allocated:  2.67138671875
Memory cached:  4.0
	 epoch  30 training error:  tensor(0.1170, device='cuda:0', grad_fn=<DivBackward0>)
Memory status after this epoch: 
Memory allocated:  2.67138671875
Memory cached:  4.0
	 epoch  40 training error:  tensor(0.1011, device='cuda:0', grad_fn=<DivBackward0>)
Memory status after this epoch: 
Memory allocated:  2.67138671875
Memory cached:  6.0
	 epoch  50 training error:  tensor(0.0925, device='cuda:0', grad_fn=<DivBackward0>)
Memory status after this epoch: 
Memory allocated:  2.67138671875
Memory cached:  4.0
	 epoch  60 training error:  tensor(0.0901, device='cuda:0', grad_fn=<DivBackward0>)
Memory status after this epoch: 
Memory allocated:  2.67138671875
Memory cached:  4.0
	 epoch  70 training error:  tensor(0.0874, device='cuda:0', grad_fn=<DivBackward0>)
Memory status after this epoch: 
Memory allocated:  2.67138671875
Memory cached:  6.0
	 epoch  80 training error:  tensor(0.0858, device='cuda:0', grad_fn=<DivBackward0>)
Memory status after this epoch: 
Memory allocated:  2.67138671875
Memory cached:  4.0
	 epoch  90 training error:  tensor(0.0842, device='cuda:0', grad_fn=<DivBackward0>)
Memory status after this epoch: 
Memory allocated:  2.67138671875
Memory cached:  4.0
[I 2023-12-01 11:42:50,791] Trial 29 finished with value: 0.0703980028629303 and parameters: {'W_layers': 7, 'W_layer_units_exponent_0': 7, 'W_layer_units_exponent_1': 7, 'W_layer_units_exponent_2': 4, 'W_layer_units_exponent_3': 4, 'W_layer_units_exponent_4': 4, 'W_layer_units_exponent_5': 8, 'W_layer_units_exponent_6': 9, 'D_layers': 2, 'D_layer_units_exponent_0': 7, 'D_layer_units_exponent_1': 9, 'log_learning_rate': -3.155655733545978, 'log_learning_rate_D': -4.957926111247892, 'training_batch_size': 8, 'training_p': 6}. Best is trial 16 with value: 0.06206030771136284.
Time for this trial:  14.047184944152832
Memory status after this trial: 
Memory allocated:  17.591796875
Memory cached:  28.0
--------------------  Trial  30   --------------------
Start timing: 
Parameters: 
{'W_layers': 5, 'W_layer_units_exponent_0': 10, 'W_layer_units_exponent_1': 8, 'W_layer_units_exponent_2': 6, 'W_layer_units_exponent_3': 6, 'W_layer_units_exponent_4': 5, 'D_layers': 3, 'D_layer_units_exponent_0': 10, 'D_layer_units_exponent_1': 10, 'D_layer_units_exponent_2': 9, 'log_learning_rate': -1.3317937398185866, 'log_learning_rate_D': -4.092569265668039, 'training_batch_size': 10, 'training_p': 2}
	 epoch  0 training error:  tensor(0.3472, device='cuda:0', grad_fn=<DivBackward0>)
Memory status after this epoch: 
Memory allocated:  10.453125
Memory cached:  26.0
	 epoch  10 training error:  tensor(0.4006, device='cuda:0', grad_fn=<DivBackward0>)
Memory status after this epoch: 
Memory allocated:  10.453125
Memory cached:  28.0
	 epoch  20 training error:  tensor(0.1403, device='cuda:0', grad_fn=<DivBackward0>)
Memory status after this epoch: 
Memory allocated:  10.453125
Memory cached:  28.0
	 epoch  30 training error:  tensor(0.0930, device='cuda:0', grad_fn=<DivBackward0>)
Memory status after this epoch: 
Memory allocated:  10.453125
Memory cached:  28.0
	 epoch  40 training error:  tensor(0.0710, device='cuda:0', grad_fn=<DivBackward0>)
Memory status after this epoch: 
Memory allocated:  10.453125
Memory cached:  28.0
	 epoch  50 training error:  tensor(0.0626, device='cuda:0', grad_fn=<DivBackward0>)
Memory status after this epoch: 
Memory allocated:  10.453125
Memory cached:  28.0
	 epoch  60 training error:  tensor(0.0614, device='cuda:0', grad_fn=<DivBackward0>)
Memory status after this epoch: 
Memory allocated:  10.453125
Memory cached:  28.0
	 epoch  70 training error:  tensor(0.0661, device='cuda:0', grad_fn=<DivBackward0>)
Memory status after this epoch: 
Memory allocated:  10.453125
Memory cached:  28.0
	 epoch  80 training error:  tensor(0.0633, device='cuda:0', grad_fn=<DivBackward0>)
Memory status after this epoch: 
Memory allocated:  10.453125
Memory cached:  28.0
	 epoch  90 training error:  tensor(0.0598, device='cuda:0', grad_fn=<DivBackward0>)
Memory status after this epoch: 
Memory allocated:  10.453125
Memory cached:  28.0
[I 2023-12-01 11:43:04,532] Trial 30 finished with value: 0.06389103829860687 and parameters: {'W_layers': 5, 'W_layer_units_exponent_0': 10, 'W_layer_units_exponent_1': 8, 'W_layer_units_exponent_2': 6, 'W_layer_units_exponent_3': 6, 'W_layer_units_exponent_4': 5, 'D_layers': 3, 'D_layer_units_exponent_0': 10, 'D_layer_units_exponent_1': 10, 'D_layer_units_exponent_2': 9, 'log_learning_rate': -1.3317937398185866, 'log_learning_rate_D': -4.092569265668039, 'training_batch_size': 10, 'training_p': 2}. Best is trial 16 with value: 0.06206030771136284.
Time for this trial:  13.572246074676514
Memory status after this trial: 
Memory allocated:  24.6845703125
Memory cached:  46.0
--------------------  Trial  31   --------------------
Start timing: 
Parameters: 
{'W_layers': 6, 'W_layer_units_exponent_0': 8, 'W_layer_units_exponent_1': 5, 'W_layer_units_exponent_2': 6, 'W_layer_units_exponent_3': 6, 'W_layer_units_exponent_4': 4, 'W_layer_units_exponent_5': 4, 'D_layers': 7, 'D_layer_units_exponent_0': 9, 'D_layer_units_exponent_1': 7, 'D_layer_units_exponent_2': 9, 'D_layer_units_exponent_3': 9, 'D_layer_units_exponent_4': 4, 'D_layer_units_exponent_5': 5, 'D_layer_units_exponent_6': 4, 'log_learning_rate': -2.5021898261732183, 'log_learning_rate_D': -4.341801541985252, 'training_batch_size': 7, 'training_p': 2}
	 epoch  0 training error:  tensor(0.1171, device='cuda:0', grad_fn=<DivBackward0>)
Memory status after this epoch: 
Memory allocated:  1.841796875
Memory cached:  4.0
	 epoch  10 training error:  tensor(0.0691, device='cuda:0', grad_fn=<DivBackward0>)
Memory status after this epoch: 
Memory allocated:  1.841796875
Memory cached:  6.0
	 epoch  20 training error:  tensor(0.0610, device='cuda:0', grad_fn=<DivBackward0>)
Memory status after this epoch: 
Memory allocated:  1.841796875
Memory cached:  6.0
	 epoch  30 training error:  tensor(0.0596, device='cuda:0', grad_fn=<DivBackward0>)
Memory status after this epoch: 
Memory allocated:  1.841796875
Memory cached:  6.0
	 epoch  40 training error:  tensor(0.0596, device='cuda:0', grad_fn=<DivBackward0>)
Memory status after this epoch: 
Memory allocated:  1.841796875
Memory cached:  6.0
	 epoch  50 training error:  tensor(0.0579, device='cuda:0', grad_fn=<DivBackward0>)
Memory status after this epoch: 
Memory allocated:  1.841796875
Memory cached:  6.0
	 epoch  60 training error:  tensor(0.0581, device='cuda:0', grad_fn=<DivBackward0>)
Memory status after this epoch: 
Memory allocated:  1.841796875
Memory cached:  6.0
	 epoch  70 training error:  tensor(0.0653, device='cuda:0', grad_fn=<DivBackward0>)
Memory status after this epoch: 
Memory allocated:  1.841796875
Memory cached:  6.0
	 epoch  80 training error:  tensor(0.0602, device='cuda:0', grad_fn=<DivBackward0>)
Memory status after this epoch: 
Memory allocated:  1.841796875
Memory cached:  6.0
	 epoch  90 training error:  tensor(0.0587, device='cuda:0', grad_fn=<DivBackward0>)
Memory status after this epoch: 
Memory allocated:  1.841796875
Memory cached:  6.0
[I 2023-12-01 11:43:18,204] Trial 31 finished with value: 0.06297636032104492 and parameters: {'W_layers': 6, 'W_layer_units_exponent_0': 8, 'W_layer_units_exponent_1': 5, 'W_layer_units_exponent_2': 6, 'W_layer_units_exponent_3': 6, 'W_layer_units_exponent_4': 4, 'W_layer_units_exponent_5': 4, 'D_layers': 7, 'D_layer_units_exponent_0': 9, 'D_layer_units_exponent_1': 7, 'D_layer_units_exponent_2': 9, 'D_layer_units_exponent_3': 9, 'D_layer_units_exponent_4': 4, 'D_layer_units_exponent_5': 5, 'D_layer_units_exponent_6': 4, 'log_learning_rate': -2.5021898261732183, 'log_learning_rate_D': -4.341801541985252, 'training_batch_size': 7, 'training_p': 2}. Best is trial 16 with value: 0.06206030771136284.
Time for this trial:  13.489022731781006
Memory status after this trial: 
Memory allocated:  7.0087890625
Memory cached:  26.0
--------------------  Trial  32   --------------------
Start timing: 
Parameters: 
{'W_layers': 6, 'W_layer_units_exponent_0': 8, 'W_layer_units_exponent_1': 6, 'W_layer_units_exponent_2': 7, 'W_layer_units_exponent_3': 5, 'W_layer_units_exponent_4': 4, 'W_layer_units_exponent_5': 5, 'D_layers': 7, 'D_layer_units_exponent_0': 9, 'D_layer_units_exponent_1': 9, 'D_layer_units_exponent_2': 9, 'D_layer_units_exponent_3': 9, 'D_layer_units_exponent_4': 4, 'D_layer_units_exponent_5': 4, 'D_layer_units_exponent_6': 5, 'log_learning_rate': -2.8331924581974275, 'log_learning_rate_D': -4.79579350377522, 'training_batch_size': 7, 'training_p': 2}
	 epoch  0 training error:  tensor(0.9536, device='cuda:0', grad_fn=<DivBackward0>)
Memory status after this epoch: 
Memory allocated:  3.55712890625
Memory cached:  6.0
	 epoch  10 training error:  tensor(0.1200, device='cuda:0', grad_fn=<DivBackward0>)
Memory status after this epoch: 
Memory allocated:  3.55712890625
Memory cached:  8.0
	 epoch  20 training error:  tensor(0.1013, device='cuda:0', grad_fn=<DivBackward0>)
Memory status after this epoch: 
Memory allocated:  3.55712890625
Memory cached:  8.0
	 epoch  30 training error:  tensor(0.0788, device='cuda:0', grad_fn=<DivBackward0>)
Memory status after this epoch: 
Memory allocated:  3.55712890625
Memory cached:  8.0
	 epoch  40 training error:  tensor(0.0689, device='cuda:0', grad_fn=<DivBackward0>)
Memory status after this epoch: 
Memory allocated:  3.55712890625
Memory cached:  8.0
	 epoch  50 training error:  tensor(0.0653, device='cuda:0', grad_fn=<DivBackward0>)
Memory status after this epoch: 
Memory allocated:  3.55712890625
Memory cached:  8.0
	 epoch  60 training error:  tensor(0.0632, device='cuda:0', grad_fn=<DivBackward0>)
Memory status after this epoch: 
Memory allocated:  3.55712890625
Memory cached:  8.0
	 epoch  70 training error:  tensor(0.0620, device='cuda:0', grad_fn=<DivBackward0>)
Memory status after this epoch: 
Memory allocated:  3.55712890625
Memory cached:  8.0
	 epoch  80 training error:  tensor(0.0611, device='cuda:0', grad_fn=<DivBackward0>)
Memory status after this epoch: 
Memory allocated:  3.55712890625
Memory cached:  8.0
	 epoch  90 training error:  tensor(0.0627, device='cuda:0', grad_fn=<DivBackward0>)
Memory status after this epoch: 
Memory allocated:  3.55712890625
Memory cached:  8.0
[I 2023-12-01 11:43:31,927] Trial 32 finished with value: 0.06493619829416275 and parameters: {'W_layers': 6, 'W_layer_units_exponent_0': 8, 'W_layer_units_exponent_1': 6, 'W_layer_units_exponent_2': 7, 'W_layer_units_exponent_3': 5, 'W_layer_units_exponent_4': 4, 'W_layer_units_exponent_5': 5, 'D_layers': 7, 'D_layer_units_exponent_0': 9, 'D_layer_units_exponent_1': 9, 'D_layer_units_exponent_2': 9, 'D_layer_units_exponent_3': 9, 'D_layer_units_exponent_4': 4, 'D_layer_units_exponent_5': 4, 'D_layer_units_exponent_6': 5, 'log_learning_rate': -2.8331924581974275, 'log_learning_rate_D': -4.79579350377522, 'training_batch_size': 7, 'training_p': 2}. Best is trial 16 with value: 0.06206030771136284.
Time for this trial:  13.532484769821167
Memory status after this trial: 
Memory allocated:  8.3369140625
Memory cached:  28.0
--------------------  Trial  33   --------------------
Start timing: 
Parameters: 
{'W_layers': 8, 'W_layer_units_exponent_0': 8, 'W_layer_units_exponent_1': 5, 'W_layer_units_exponent_2': 7, 'W_layer_units_exponent_3': 7, 'W_layer_units_exponent_4': 4, 'W_layer_units_exponent_5': 4, 'W_layer_units_exponent_6': 8, 'W_layer_units_exponent_7': 7, 'D_layers': 7, 'D_layer_units_exponent_0': 8, 'D_layer_units_exponent_1': 8, 'D_layer_units_exponent_2': 8, 'D_layer_units_exponent_3': 9, 'D_layer_units_exponent_4': 5, 'D_layer_units_exponent_5': 5, 'D_layer_units_exponent_6': 4, 'log_learning_rate': -2.4782063077844128, 'log_learning_rate_D': -4.2301843951612295, 'training_batch_size': 8, 'training_p': 3}
	 epoch  0 training error:  tensor(1.4603, device='cuda:0', grad_fn=<DivBackward0>)
Memory status after this epoch: 
Memory allocated:  2.17431640625
Memory cached:  6.0
	 epoch  10 training error:  tensor(0.1438, device='cuda:0', grad_fn=<DivBackward0>)
Memory status after this epoch: 
Memory allocated:  2.17431640625
Memory cached:  6.0
	 epoch  20 training error:  tensor(0.1267, device='cuda:0', grad_fn=<DivBackward0>)
Memory status after this epoch: 
Memory allocated:  2.17431640625
Memory cached:  6.0
	 epoch  30 training error:  tensor(0.0859, device='cuda:0', grad_fn=<DivBackward0>)
Memory status after this epoch: 
Memory allocated:  2.17431640625
Memory cached:  6.0
	 epoch  40 training error:  tensor(0.0732, device='cuda:0', grad_fn=<DivBackward0>)
Memory status after this epoch: 
Memory allocated:  2.17431640625
Memory cached:  6.0
	 epoch  50 training error:  tensor(0.0693, device='cuda:0', grad_fn=<DivBackward0>)
Memory status after this epoch: 
Memory allocated:  2.17431640625
Memory cached:  6.0
	 epoch  60 training error:  tensor(0.0734, device='cuda:0', grad_fn=<DivBackward0>)
Memory status after this epoch: 
Memory allocated:  2.17431640625
Memory cached:  6.0
	 epoch  70 training error:  tensor(0.0671, device='cuda:0', grad_fn=<DivBackward0>)
Memory status after this epoch: 
Memory allocated:  2.17431640625
Memory cached:  6.0
	 epoch  80 training error:  tensor(0.0668, device='cuda:0', grad_fn=<DivBackward0>)
Memory status after this epoch: 
Memory allocated:  2.17431640625
Memory cached:  6.0
	 epoch  90 training error:  tensor(0.0669, device='cuda:0', grad_fn=<DivBackward0>)
Memory status after this epoch: 
Memory allocated:  2.17431640625
Memory cached:  6.0
