[I 2024-01-13 23:57:35,170] Trial 54 finished with value: 0.1497906744480133 and parameters: {'W_layers': 7, 'W_layer_units_exponent_0': 4, 'W_layer_units_exponent_1': 4, 'W_layer_units_exponent_2': 8, 'W_layer_units_exponent_3': 6, 'W_layer_units_exponent_4': 8, 'W_layer_units_exponent_5': 8, 'W_layer_units_exponent_6': 6, 'D_layers': 2, 'D_layer_units_exponent_0': 10, 'D_layer_units_exponent_1': 4, 'D_dagger_layers': 5, 'D_dagger_layer_units_exponent_0': 10, 'D_dagger_layer_units_exponent_1': 7, 'D_dagger_layer_units_exponent_2': 6, 'D_dagger_layer_units_exponent_3': 5, 'D_dagger_layer_units_exponent_4': 7, 'log_learning_rate': -1.1598930778401986, 'log_learning_rate_D': -4.108410212179998, 'log_learning_rate_D_dagger': -3.346974900286198, 'training_batch_size': 10, 'training_p': 2}. Best is trial 33 with value: 0.08818560093641281.
Time for this trial:  24.26929259300232
Memory status after this trial: 
Memory allocated:  510.16357421875
Memory cached:  530.0
--------------------  Trial  55   --------------------
Start timing: 
Parameters: 
{'W_layers': 7, 'W_layer_units_exponent_0': 5, 'W_layer_units_exponent_1': 5, 'W_layer_units_exponent_2': 10, 'W_layer_units_exponent_3': 7, 'W_layer_units_exponent_4': 7, 'W_layer_units_exponent_5': 10, 'W_layer_units_exponent_6': 5, 'D_layers': 3, 'D_layer_units_exponent_0': 9, 'D_layer_units_exponent_1': 5, 'D_layer_units_exponent_2': 10, 'D_dagger_layers': 5, 'D_dagger_layer_units_exponent_0': 9, 'D_dagger_layer_units_exponent_1': 8, 'D_dagger_layer_units_exponent_2': 5, 'D_dagger_layer_units_exponent_3': 4, 'D_dagger_layer_units_exponent_4': 8, 'log_learning_rate': -1.5201711216525673, 'log_learning_rate_D': -4.259994509889422, 'log_learning_rate_D_dagger': -2.4703484725586025, 'training_batch_size': 9, 'training_p': 3}
	 epoch  0 training error:  tensor(1.0681, device='cuda:0', grad_fn=<DivBackward0>)
Memory status after this epoch: 
Memory allocated:  265.7294921875
Memory cached:  382.0
	 epoch  10 training error:  tensor(7.3472, device='cuda:0', grad_fn=<DivBackward0>)
Memory status after this epoch: 
Memory allocated:  265.7294921875
Memory cached:  382.0
	 epoch  20 training error:  tensor(0.6801, device='cuda:0', grad_fn=<DivBackward0>)
Memory status after this epoch: 
Memory allocated:  265.7294921875
Memory cached:  382.0
	 epoch  30 training error:  tensor(0.2606, device='cuda:0', grad_fn=<DivBackward0>)
Memory status after this epoch: 
Memory allocated:  265.7294921875
Memory cached:  382.0
	 epoch  40 training error:  tensor(0.1754, device='cuda:0', grad_fn=<DivBackward0>)
Memory status after this epoch: 
Memory allocated:  265.7294921875
Memory cached:  382.0
	 epoch  50 training error:  tensor(0.1194, device='cuda:0', grad_fn=<DivBackward0>)
Memory status after this epoch: 
Memory allocated:  265.7294921875
Memory cached:  382.0
	 epoch  60 training error:  tensor(0.1192, device='cuda:0', grad_fn=<DivBackward0>)
Memory status after this epoch: 
Memory allocated:  265.7294921875
Memory cached:  382.0
	 epoch  70 training error:  tensor(0.1199, device='cuda:0', grad_fn=<DivBackward0>)
Memory status after this epoch: 
Memory allocated:  265.7294921875
Memory cached:  382.0
	 epoch  80 training error:  tensor(0.1150, device='cuda:0', grad_fn=<DivBackward0>)
Memory status after this epoch: 
Memory allocated:  265.7294921875
Memory cached:  382.0
	 epoch  90 training error:  tensor(0.1090, device='cuda:0', grad_fn=<DivBackward0>)
Memory status after this epoch: 
Memory allocated:  265.7294921875
Memory cached:  382.0
[I 2024-01-13 23:58:00,328] Trial 55 finished with value: 0.09656338393688202 and parameters: {'W_layers': 7, 'W_layer_units_exponent_0': 5, 'W_layer_units_exponent_1': 5, 'W_layer_units_exponent_2': 10, 'W_layer_units_exponent_3': 7, 'W_layer_units_exponent_4': 7, 'W_layer_units_exponent_5': 10, 'W_layer_units_exponent_6': 5, 'D_layers': 3, 'D_layer_units_exponent_0': 9, 'D_layer_units_exponent_1': 5, 'D_layer_units_exponent_2': 10, 'D_dagger_layers': 5, 'D_dagger_layer_units_exponent_0': 9, 'D_dagger_layer_units_exponent_1': 8, 'D_dagger_layer_units_exponent_2': 5, 'D_dagger_layer_units_exponent_3': 4, 'D_dagger_layer_units_exponent_4': 8, 'log_learning_rate': -1.5201711216525673, 'log_learning_rate_D': -4.259994509889422, 'log_learning_rate_D_dagger': -2.4703484725586025, 'training_batch_size': 9, 'training_p': 3}. Best is trial 33 with value: 0.08818560093641281.
Time for this trial:  24.844284296035767
Memory status after this trial: 
Memory allocated:  638.07958984375
Memory cached:  666.0
--------------------  Trial  56   --------------------
Start timing: 
Parameters: 
{'W_layers': 6, 'W_layer_units_exponent_0': 4, 'W_layer_units_exponent_1': 10, 'W_layer_units_exponent_2': 9, 'W_layer_units_exponent_3': 8, 'W_layer_units_exponent_4': 6, 'W_layer_units_exponent_5': 9, 'D_layers': 2, 'D_layer_units_exponent_0': 10, 'D_layer_units_exponent_1': 4, 'D_dagger_layers': 4, 'D_dagger_layer_units_exponent_0': 10, 'D_dagger_layer_units_exponent_1': 9, 'D_dagger_layer_units_exponent_2': 6, 'D_dagger_layer_units_exponent_3': 6, 'log_learning_rate': -1.0118304424144022, 'log_learning_rate_D': -3.8493391047614516, 'log_learning_rate_D_dagger': -3.1448181789388157, 'training_batch_size': 11, 'training_p': 3}
	 epoch  0 training error:  tensor(1.0726, device='cuda:0', grad_fn=<DivBackward0>)
Memory status after this epoch: 
Memory allocated:  278.46826171875
Memory cached:  398.0
	 epoch  10 training error:  tensor(52105.6562, device='cuda:0', grad_fn=<DivBackward0>)
Memory status after this epoch: 
Memory allocated:  278.46826171875
Memory cached:  398.0
	 epoch  20 training error:  tensor(97155.7734, device='cuda:0', grad_fn=<DivBackward0>)
Memory status after this epoch: 
Memory allocated:  278.46826171875
Memory cached:  398.0
	 epoch  30 training error:  tensor(4294.4102, device='cuda:0', grad_fn=<DivBackward0>)
Memory status after this epoch: 
Memory allocated:  278.46826171875
Memory cached:  398.0
	 epoch  40 training error:  tensor(214.7979, device='cuda:0', grad_fn=<DivBackward0>)
Memory status after this epoch: 
Memory allocated:  278.46826171875
Memory cached:  398.0
	 epoch  50 training error:  tensor(454.5440, device='cuda:0', grad_fn=<DivBackward0>)
Memory status after this epoch: 
Memory allocated:  278.46826171875
Memory cached:  398.0
	 epoch  60 training error:  tensor(1.7089, device='cuda:0', grad_fn=<DivBackward0>)
Memory status after this epoch: 
Memory allocated:  278.46826171875
Memory cached:  398.0
	 epoch  70 training error:  tensor(0.5591, device='cuda:0', grad_fn=<DivBackward0>)
Memory status after this epoch: 
Memory allocated:  278.46826171875
Memory cached:  398.0
	 epoch  80 training error:  tensor(0.2420, device='cuda:0', grad_fn=<DivBackward0>)
Memory status after this epoch: 
Memory allocated:  278.46826171875
Memory cached:  398.0
	 epoch  90 training error:  tensor(0.1592, device='cuda:0', grad_fn=<DivBackward0>)
Memory status after this epoch: 
Memory allocated:  278.46826171875
Memory cached:  398.0
[I 2024-01-13 23:58:25,072] Trial 56 finished with value: 0.10426101833581924 and parameters: {'W_layers': 6, 'W_layer_units_exponent_0': 4, 'W_layer_units_exponent_1': 10, 'W_layer_units_exponent_2': 9, 'W_layer_units_exponent_3': 8, 'W_layer_units_exponent_4': 6, 'W_layer_units_exponent_5': 9, 'D_layers': 2, 'D_layer_units_exponent_0': 10, 'D_layer_units_exponent_1': 4, 'D_dagger_layers': 4, 'D_dagger_layer_units_exponent_0': 10, 'D_dagger_layer_units_exponent_1': 9, 'D_dagger_layer_units_exponent_2': 6, 'D_dagger_layer_units_exponent_3': 6, 'log_learning_rate': -1.0118304424144022, 'log_learning_rate_D': -3.8493391047614516, 'log_learning_rate_D_dagger': -3.1448181789388157, 'training_batch_size': 11, 'training_p': 3}. Best is trial 33 with value: 0.08818560093641281.
Time for this trial:  24.37676978111267
Memory status after this trial: 
Memory allocated:  700.89306640625
Memory cached:  754.0
--------------------  Trial  57   --------------------
Start timing: 
Parameters: 
{'W_layers': 8, 'W_layer_units_exponent_0': 5, 'W_layer_units_exponent_1': 4, 'W_layer_units_exponent_2': 8, 'W_layer_units_exponent_3': 6, 'W_layer_units_exponent_4': 9, 'W_layer_units_exponent_5': 7, 'W_layer_units_exponent_6': 5, 'W_layer_units_exponent_7': 4, 'D_layers': 3, 'D_layer_units_exponent_0': 9, 'D_layer_units_exponent_1': 5, 'D_layer_units_exponent_2': 8, 'D_dagger_layers': 5, 'D_dagger_layer_units_exponent_0': 9, 'D_dagger_layer_units_exponent_1': 7, 'D_dagger_layer_units_exponent_2': 7, 'D_dagger_layer_units_exponent_3': 5, 'D_dagger_layer_units_exponent_4': 7, 'log_learning_rate': -1.2881128795951264, 'log_learning_rate_D': -3.7360881456117276, 'log_learning_rate_D_dagger': -3.422360416509424, 'training_batch_size': 12, 'training_p': 2}
	 epoch  0 training error:  tensor(1.0330, device='cuda:0', grad_fn=<DivBackward0>)
Memory status after this epoch: 
Memory allocated:  261.4111328125
Memory cached:  382.0
	 epoch  10 training error:  tensor(52.0303, device='cuda:0', grad_fn=<DivBackward0>)
Memory status after this epoch: 
Memory allocated:  261.4111328125
Memory cached:  382.0
	 epoch  20 training error:  tensor(4.1164, device='cuda:0', grad_fn=<DivBackward0>)
Memory status after this epoch: 
Memory allocated:  261.4111328125
Memory cached:  382.0
	 epoch  30 training error:  tensor(0.3962, device='cuda:0', grad_fn=<DivBackward0>)
Memory status after this epoch: 
Memory allocated:  261.4111328125
Memory cached:  382.0
	 epoch  40 training error:  tensor(0.1892, device='cuda:0', grad_fn=<DivBackward0>)
Memory status after this epoch: 
Memory allocated:  261.4111328125
Memory cached:  382.0
	 epoch  50 training error:  tensor(0.1783, device='cuda:0', grad_fn=<DivBackward0>)
Memory status after this epoch: 
Memory allocated:  261.4111328125
Memory cached:  382.0
	 epoch  60 training error:  tensor(0.1323, device='cuda:0', grad_fn=<DivBackward0>)
Memory status after this epoch: 
Memory allocated:  261.4111328125
Memory cached:  382.0
	 epoch  70 training error:  tensor(0.1022, device='cuda:0', grad_fn=<DivBackward0>)
Memory status after this epoch: 
Memory allocated:  261.4111328125
Memory cached:  382.0
	 epoch  80 training error:  tensor(0.0898, device='cuda:0', grad_fn=<DivBackward0>)
Memory status after this epoch: 
Memory allocated:  261.4111328125
Memory cached:  382.0
	 epoch  90 training error:  tensor(0.0850, device='cuda:0', grad_fn=<DivBackward0>)
Memory status after this epoch: 
Memory allocated:  261.4111328125
Memory cached:  382.0
[I 2024-01-13 23:59:03,866] Trial 57 finished with value: 0.0887058898806572 and parameters: {'W_layers': 8, 'W_layer_units_exponent_0': 5, 'W_layer_units_exponent_1': 4, 'W_layer_units_exponent_2': 8, 'W_layer_units_exponent_3': 6, 'W_layer_units_exponent_4': 9, 'W_layer_units_exponent_5': 7, 'W_layer_units_exponent_6': 5, 'W_layer_units_exponent_7': 4, 'D_layers': 3, 'D_layer_units_exponent_0': 9, 'D_layer_units_exponent_1': 5, 'D_layer_units_exponent_2': 8, 'D_dagger_layers': 5, 'D_dagger_layer_units_exponent_0': 9, 'D_dagger_layer_units_exponent_1': 7, 'D_dagger_layer_units_exponent_2': 7, 'D_dagger_layer_units_exponent_3': 5, 'D_dagger_layer_units_exponent_4': 7, 'log_learning_rate': -1.2881128795951264, 'log_learning_rate_D': -3.7360881456117276, 'log_learning_rate_D_dagger': -3.422360416509424, 'training_batch_size': 12, 'training_p': 2}. Best is trial 33 with value: 0.08818560093641281.
Time for this trial:  38.434638261795044
Memory status after this trial: 
Memory allocated:  474.82568359375
Memory cached:  502.0
--------------------  Trial  58   --------------------
Start timing: 
Parameters: 
{'W_layers': 2, 'W_layer_units_exponent_0': 4, 'W_layer_units_exponent_1': 7, 'D_layers': 3, 'D_layer_units_exponent_0': 10, 'D_layer_units_exponent_1': 4, 'D_layer_units_exponent_2': 9, 'D_dagger_layers': 4, 'D_dagger_layer_units_exponent_0': 10, 'D_dagger_layer_units_exponent_1': 8, 'D_dagger_layer_units_exponent_2': 9, 'D_dagger_layer_units_exponent_3': 4, 'log_learning_rate': -1.860589214421711, 'log_learning_rate_D': -3.9864188925199047, 'log_learning_rate_D_dagger': -3.6719403289477173, 'training_batch_size': 10, 'training_p': 4}
	 epoch  0 training error:  tensor(1.0176, device='cuda:0', grad_fn=<DivBackward0>)
Memory status after this epoch: 
Memory allocated:  264.3076171875
Memory cached:  382.0
	 epoch  10 training error:  tensor(0.2738, device='cuda:0', grad_fn=<DivBackward0>)
Memory status after this epoch: 
Memory allocated:  264.3076171875
Memory cached:  382.0
	 epoch  20 training error:  tensor(0.1955, device='cuda:0', grad_fn=<DivBackward0>)
Memory status after this epoch: 
Memory allocated:  264.3076171875
Memory cached:  382.0
	 epoch  30 training error:  tensor(0.1331, device='cuda:0', grad_fn=<DivBackward0>)
Memory status after this epoch: 
Memory allocated:  264.3076171875
Memory cached:  382.0
	 epoch  40 training error:  tensor(0.1094, device='cuda:0', grad_fn=<DivBackward0>)
Memory status after this epoch: 
Memory allocated:  264.3076171875
Memory cached:  382.0
	 epoch  50 training error:  tensor(0.1069, device='cuda:0', grad_fn=<DivBackward0>)
Memory status after this epoch: 
Memory allocated:  264.3076171875
Memory cached:  382.0
	 epoch  60 training error:  tensor(0.1052, device='cuda:0', grad_fn=<DivBackward0>)
Memory status after this epoch: 
Memory allocated:  264.3076171875
Memory cached:  382.0
	 epoch  70 training error:  tensor(0.1045, device='cuda:0', grad_fn=<DivBackward0>)
Memory status after this epoch: 
Memory allocated:  264.3076171875
Memory cached:  382.0
	 epoch  80 training error:  tensor(0.1039, device='cuda:0', grad_fn=<DivBackward0>)
Memory status after this epoch: 
Memory allocated:  264.3076171875
Memory cached:  382.0
	 epoch  90 training error:  tensor(0.1039, device='cuda:0', grad_fn=<DivBackward0>)
Memory status after this epoch: 
Memory allocated:  264.3076171875
Memory cached:  382.0
[I 2024-01-13 23:59:57,603] Trial 58 finished with value: 0.09028249233961105 and parameters: {'W_layers': 2, 'W_layer_units_exponent_0': 4, 'W_layer_units_exponent_1': 7, 'D_layers': 3, 'D_layer_units_exponent_0': 10, 'D_layer_units_exponent_1': 4, 'D_layer_units_exponent_2': 9, 'D_dagger_layers': 4, 'D_dagger_layer_units_exponent_0': 10, 'D_dagger_layer_units_exponent_1': 8, 'D_dagger_layer_units_exponent_2': 9, 'D_dagger_layer_units_exponent_3': 4, 'log_learning_rate': -1.860589214421711, 'log_learning_rate_D': -3.9864188925199047, 'log_learning_rate_D_dagger': -3.6719403289477173, 'training_batch_size': 10, 'training_p': 4}. Best is trial 33 with value: 0.08818560093641281.
Time for this trial:  53.44517707824707
Memory status after this trial: 
Memory allocated:  473.41650390625
Memory cached:  502.0
--------------------  Trial  59   --------------------
Start timing: 
Parameters: 
{'W_layers': 6, 'W_layer_units_exponent_0': 4, 'W_layer_units_exponent_1': 5, 'W_layer_units_exponent_2': 10, 'W_layer_units_exponent_3': 4, 'W_layer_units_exponent_4': 7, 'W_layer_units_exponent_5': 5, 'D_layers': 2, 'D_layer_units_exponent_0': 8, 'D_layer_units_exponent_1': 4, 'D_dagger_layers': 8, 'D_dagger_layer_units_exponent_0': 9, 'D_dagger_layer_units_exponent_1': 10, 'D_dagger_layer_units_exponent_2': 5, 'D_dagger_layer_units_exponent_3': 4, 'D_dagger_layer_units_exponent_4': 6, 'D_dagger_layer_units_exponent_5': 4, 'D_dagger_layer_units_exponent_6': 4, 'D_dagger_layer_units_exponent_7': 10, 'log_learning_rate': -1.3987872567621993, 'log_learning_rate_D': -3.5995844598978834, 'log_learning_rate_D_dagger': -2.990605051503876, 'training_batch_size': 9, 'training_p': 3}
	 epoch  0 training error:  tensor(1.0039, device='cuda:0', grad_fn=<DivBackward0>)
Memory status after this epoch: 
Memory allocated:  268.41455078125
Memory cached:  398.0
	 epoch  10 training error:  tensor(0.3438, device='cuda:0', grad_fn=<DivBackward0>)
Memory status after this epoch: 
Memory allocated:  268.41455078125
Memory cached:  398.0
	 epoch  20 training error:  tensor(0.2120, device='cuda:0', grad_fn=<DivBackward0>)
Memory status after this epoch: 
Memory allocated:  268.41455078125
Memory cached:  398.0
	 epoch  30 training error:  tensor(0.1960, device='cuda:0', grad_fn=<DivBackward0>)
Memory status after this epoch: 
Memory allocated:  268.41455078125
Memory cached:  398.0
	 epoch  40 training error:  tensor(0.1108, device='cuda:0', grad_fn=<DivBackward0>)
Memory status after this epoch: 
Memory allocated:  268.41455078125
Memory cached:  398.0
	 epoch  50 training error:  tensor(0.1405, device='cuda:0', grad_fn=<DivBackward0>)
Memory status after this epoch: 
Memory allocated:  268.41455078125
Memory cached:  398.0
	 epoch  60 training error:  tensor(0.1519, device='cuda:0', grad_fn=<DivBackward0>)
Memory status after this epoch: 
Memory allocated:  268.41455078125
Memory cached:  398.0
	 epoch  70 training error:  tensor(0.1269, device='cuda:0', grad_fn=<DivBackward0>)
Memory status after this epoch: 
Memory allocated:  268.41455078125
Memory cached:  398.0
	 epoch  80 training error:  tensor(0.0994, device='cuda:0', grad_fn=<DivBackward0>)
Memory status after this epoch: 
Memory allocated:  268.41455078125
Memory cached:  398.0
	 epoch  90 training error:  tensor(0.0969, device='cuda:0', grad_fn=<DivBackward0>)
Memory status after this epoch: 
Memory allocated:  268.41455078125
Memory cached:  398.0
[I 2024-01-14 00:00:55,454] Trial 59 finished with value: 0.08938415348529816 and parameters: {'W_layers': 6, 'W_layer_units_exponent_0': 4, 'W_layer_units_exponent_1': 5, 'W_layer_units_exponent_2': 10, 'W_layer_units_exponent_3': 4, 'W_layer_units_exponent_4': 7, 'W_layer_units_exponent_5': 5, 'D_layers': 2, 'D_layer_units_exponent_0': 8, 'D_layer_units_exponent_1': 4, 'D_dagger_layers': 8, 'D_dagger_layer_units_exponent_0': 9, 'D_dagger_layer_units_exponent_1': 10, 'D_dagger_layer_units_exponent_2': 5, 'D_dagger_layer_units_exponent_3': 4, 'D_dagger_layer_units_exponent_4': 6, 'D_dagger_layer_units_exponent_5': 4, 'D_dagger_layer_units_exponent_6': 4, 'D_dagger_layer_units_exponent_7': 10, 'log_learning_rate': -1.3987872567621993, 'log_learning_rate_D': -3.5995844598978834, 'log_learning_rate_D_dagger': -2.990605051503876, 'training_batch_size': 9, 'training_p': 3}. Best is trial 33 with value: 0.08818560093641281.
Time for this trial:  57.496402740478516
Memory status after this trial: 
Memory allocated:  678.92236328125
Memory cached:  726.0
--------------------  Trial  60   --------------------
Start timing: 
Parameters: 
{'W_layers': 4, 'W_layer_units_exponent_0': 6, 'W_layer_units_exponent_1': 4, 'W_layer_units_exponent_2': 9, 'W_layer_units_exponent_3': 10, 'D_layers': 2, 'D_layer_units_exponent_0': 5, 'D_layer_units_exponent_1': 10, 'D_dagger_layers': 6, 'D_dagger_layer_units_exponent_0': 8, 'D_dagger_layer_units_exponent_1': 8, 'D_dagger_layer_units_exponent_2': 4, 'D_dagger_layer_units_exponent_3': 5, 'D_dagger_layer_units_exponent_4': 8, 'D_dagger_layer_units_exponent_5': 6, 'log_learning_rate': -1.6358712999059186, 'log_learning_rate_D': -3.4586012567917352, 'log_learning_rate_D_dagger': -3.2701320280300283, 'training_batch_size': 8, 'training_p': 6}
	 epoch  0 training error:  tensor(1.0290, device='cuda:0', grad_fn=<DivBackward0>)
Memory status after this epoch: 
Memory allocated:  268.1572265625
Memory cached:  382.0
	 epoch  10 training error:  tensor(1.6996, device='cuda:0', grad_fn=<DivBackward0>)
Memory status after this epoch: 
Memory allocated:  268.1572265625
Memory cached:  382.0
	 epoch  20 training error:  tensor(0.2785, device='cuda:0', grad_fn=<DivBackward0>)
Memory status after this epoch: 
Memory allocated:  268.1572265625
Memory cached:  382.0
	 epoch  30 training error:  tensor(0.3966, device='cuda:0', grad_fn=<DivBackward0>)
Memory status after this epoch: 
Memory allocated:  268.1572265625
Memory cached:  382.0
	 epoch  40 training error:  tensor(0.1727, device='cuda:0', grad_fn=<DivBackward0>)
Memory status after this epoch: 
Memory allocated:  268.1572265625
Memory cached:  382.0
	 epoch  50 training error:  tensor(0.1467, device='cuda:0', grad_fn=<DivBackward0>)
Memory status after this epoch: 
Memory allocated:  268.1572265625
Memory cached:  382.0
	 epoch  60 training error:  tensor(0.1323, device='cuda:0', grad_fn=<DivBackward0>)
Memory status after this epoch: 
Memory allocated:  268.1572265625
Memory cached:  382.0
	 epoch  70 training error:  tensor(0.1540, device='cuda:0', grad_fn=<DivBackward0>)
Memory status after this epoch: 
Memory allocated:  268.1572265625
Memory cached:  382.0
	 epoch  80 training error:  tensor(0.1268, device='cuda:0', grad_fn=<DivBackward0>)
Memory status after this epoch: 
Memory allocated:  268.1572265625
Memory cached:  382.0
	 epoch  90 training error:  tensor(0.1154, device='cuda:0', grad_fn=<DivBackward0>)
Memory status after this epoch: 
Memory allocated:  268.1572265625
Memory cached:  382.0
