[I 2024-01-11 01:30:20,557] Trial 107 finished with value: 0.1300172656774521 and parameters: {'W_layers': 3, 'W_layer_units_exponent_0': 7, 'W_layer_units_exponent_1': 4, 'W_layer_units_exponent_2': 7, 'D_layers': 5, 'D_layer_units_exponent_0': 10, 'D_layer_units_exponent_1': 7, 'D_layer_units_exponent_2': 8, 'D_layer_units_exponent_3': 4, 'D_layer_units_exponent_4': 4, 'D_dagger_layers': 4, 'D_dagger_layer_units_exponent_0': 10, 'D_dagger_layer_units_exponent_1': 6, 'D_dagger_layer_units_exponent_2': 7, 'D_dagger_layer_units_exponent_3': 9, 'log_learning_rate': -3.4835647382261166, 'log_learning_rate_D': -3.0603634411187555, 'log_learning_rate_D_dagger': -2.9822166688707, 'training_batch_size': 6, 'training_p': 5}. Best is trial 52 with value: 0.08483626693487167.
Time for this trial:  442.76060700416565
Memory status after this trial: 
Memory allocated:  708.82568359375
Memory cached:  712.0
--------------------  Trial  108   --------------------
Start timing: 
Parameters: 
{'W_layers': 2, 'W_layer_units_exponent_0': 7, 'W_layer_units_exponent_1': 4, 'D_layers': 4, 'D_layer_units_exponent_0': 9, 'D_layer_units_exponent_1': 7, 'D_layer_units_exponent_2': 6, 'D_layer_units_exponent_3': 4, 'D_dagger_layers': 2, 'D_dagger_layer_units_exponent_0': 9, 'D_dagger_layer_units_exponent_1': 5, 'log_learning_rate': -3.636462961364871, 'log_learning_rate_D': -3.2465736992219174, 'log_learning_rate_D_dagger': -3.1354473857694103, 'training_batch_size': 7, 'training_p': 5}
	 epoch  0 training error:  tensor(1.1994, device='cuda:0', grad_fn=<DivBackward0>)
Memory status after this epoch: 
Memory allocated:  351.591796875
Memory cached:  638.0
	 epoch  10 training error:  tensor(0.4124, device='cuda:0', grad_fn=<DivBackward0>)
Memory status after this epoch: 
Memory allocated:  351.591796875
Memory cached:  644.0
	 epoch  20 training error:  tensor(0.3538, device='cuda:0', grad_fn=<DivBackward0>)
Memory status after this epoch: 
Memory allocated:  351.591796875
Memory cached:  642.0
	 epoch  30 training error:  tensor(0.3337, device='cuda:0', grad_fn=<DivBackward0>)
Memory status after this epoch: 
Memory allocated:  351.591796875
Memory cached:  638.0
	 epoch  40 training error:  tensor(0.3334, device='cuda:0', grad_fn=<DivBackward0>)
Memory status after this epoch: 
Memory allocated:  351.591796875
Memory cached:  638.0
	 epoch  50 training error:  tensor(0.3443, device='cuda:0', grad_fn=<DivBackward0>)
Memory status after this epoch: 
Memory allocated:  351.591796875
Memory cached:  638.0
	 epoch  60 training error:  tensor(0.3238, device='cuda:0', grad_fn=<DivBackward0>)
Memory status after this epoch: 
Memory allocated:  351.591796875
Memory cached:  642.0
	 epoch  70 training error:  tensor(0.3252, device='cuda:0', grad_fn=<DivBackward0>)
Memory status after this epoch: 
Memory allocated:  351.591796875
Memory cached:  638.0
	 epoch  80 training error:  tensor(0.3240, device='cuda:0', grad_fn=<DivBackward0>)
Memory status after this epoch: 
Memory allocated:  351.591796875
Memory cached:  638.0
	 epoch  90 training error:  tensor(0.3270, device='cuda:0', grad_fn=<DivBackward0>)
Memory status after this epoch: 
Memory allocated:  351.591796875
Memory cached:  648.0
[I 2024-01-11 01:34:23,676] Trial 108 finished with value: 0.22569625079631805 and parameters: {'W_layers': 2, 'W_layer_units_exponent_0': 7, 'W_layer_units_exponent_1': 4, 'D_layers': 4, 'D_layer_units_exponent_0': 9, 'D_layer_units_exponent_1': 7, 'D_layer_units_exponent_2': 6, 'D_layer_units_exponent_3': 4, 'D_dagger_layers': 2, 'D_dagger_layer_units_exponent_0': 9, 'D_dagger_layer_units_exponent_1': 5, 'log_learning_rate': -3.636462961364871, 'log_learning_rate_D': -3.2465736992219174, 'log_learning_rate_D_dagger': -3.1354473857694103, 'training_batch_size': 7, 'training_p': 5}. Best is trial 52 with value: 0.08483626693487167.
Time for this trial:  242.7066729068756
Memory status after this trial: 
Memory allocated:  499.8408203125
Memory cached:  638.0
--------------------  Trial  109   --------------------
Start timing: 
Parameters: 
{'W_layers': 3, 'W_layer_units_exponent_0': 7, 'W_layer_units_exponent_1': 4, 'W_layer_units_exponent_2': 5, 'D_layers': 5, 'D_layer_units_exponent_0': 10, 'D_layer_units_exponent_1': 7, 'D_layer_units_exponent_2': 8, 'D_layer_units_exponent_3': 5, 'D_layer_units_exponent_4': 5, 'D_dagger_layers': 5, 'D_dagger_layer_units_exponent_0': 10, 'D_dagger_layer_units_exponent_1': 5, 'D_dagger_layer_units_exponent_2': 6, 'D_dagger_layer_units_exponent_3': 7, 'D_dagger_layer_units_exponent_4': 8, 'log_learning_rate': -3.4829835482069953, 'log_learning_rate_D': -2.841898772229628, 'log_learning_rate_D_dagger': -2.544469978458304, 'training_batch_size': 6, 'training_p': 5}
	 epoch  0 training error:  tensor(0.8496, device='cuda:0', grad_fn=<DivBackward0>)
Memory status after this epoch: 
Memory allocated:  354.1103515625
Memory cached:  640.0
	 epoch  10 training error:  tensor(0.3563, device='cuda:0', grad_fn=<DivBackward0>)
Memory status after this epoch: 
Memory allocated:  354.1103515625
Memory cached:  646.0
	 epoch  20 training error:  tensor(0.3142, device='cuda:0', grad_fn=<DivBackward0>)
Memory status after this epoch: 
Memory allocated:  354.1103515625
Memory cached:  642.0
	 epoch  30 training error:  tensor(0.3958, device='cuda:0', grad_fn=<DivBackward0>)
Memory status after this epoch: 
Memory allocated:  354.1103515625
Memory cached:  640.0
	 epoch  40 training error:  tensor(0.2462, device='cuda:0', grad_fn=<DivBackward0>)
Memory status after this epoch: 
Memory allocated:  354.1103515625
Memory cached:  640.0
	 epoch  50 training error:  tensor(0.2552, device='cuda:0', grad_fn=<DivBackward0>)
Memory status after this epoch: 
Memory allocated:  354.1103515625
Memory cached:  644.0
	 epoch  60 training error:  tensor(0.1952, device='cuda:0', grad_fn=<DivBackward0>)
Memory status after this epoch: 
Memory allocated:  354.1103515625
Memory cached:  646.0
	 epoch  70 training error:  tensor(0.1667, device='cuda:0', grad_fn=<DivBackward0>)
Memory status after this epoch: 
Memory allocated:  354.1103515625
Memory cached:  638.0
	 epoch  80 training error:  tensor(0.1601, device='cuda:0', grad_fn=<DivBackward0>)
Memory status after this epoch: 
Memory allocated:  354.1103515625
Memory cached:  646.0
	 epoch  90 training error:  tensor(0.1788, device='cuda:0', grad_fn=<DivBackward0>)
Memory status after this epoch: 
Memory allocated:  354.1103515625
Memory cached:  646.0
[I 2024-01-11 01:42:06,737] Trial 109 finished with value: 0.14802494645118713 and parameters: {'W_layers': 3, 'W_layer_units_exponent_0': 7, 'W_layer_units_exponent_1': 4, 'W_layer_units_exponent_2': 5, 'D_layers': 5, 'D_layer_units_exponent_0': 10, 'D_layer_units_exponent_1': 7, 'D_layer_units_exponent_2': 8, 'D_layer_units_exponent_3': 5, 'D_layer_units_exponent_4': 5, 'D_dagger_layers': 5, 'D_dagger_layer_units_exponent_0': 10, 'D_dagger_layer_units_exponent_1': 5, 'D_dagger_layer_units_exponent_2': 6, 'D_dagger_layer_units_exponent_3': 7, 'D_dagger_layer_units_exponent_4': 8, 'log_learning_rate': -3.4829835482069953, 'log_learning_rate_D': -2.841898772229628, 'log_learning_rate_D_dagger': -2.544469978458304, 'training_batch_size': 6, 'training_p': 5}. Best is trial 52 with value: 0.08483626693487167.
Time for this trial:  462.6728241443634
Memory status after this trial: 
Memory allocated:  682.697265625
Memory cached:  686.0
--------------------  Trial  110   --------------------
Start timing: 
Parameters: 
{'W_layers': 3, 'W_layer_units_exponent_0': 7, 'W_layer_units_exponent_1': 4, 'W_layer_units_exponent_2': 5, 'D_layers': 4, 'D_layer_units_exponent_0': 10, 'D_layer_units_exponent_1': 7, 'D_layer_units_exponent_2': 7, 'D_layer_units_exponent_3': 5, 'D_dagger_layers': 4, 'D_dagger_layer_units_exponent_0': 10, 'D_dagger_layer_units_exponent_1': 6, 'D_dagger_layer_units_exponent_2': 5, 'D_dagger_layer_units_exponent_3': 8, 'log_learning_rate': -3.2447952399874747, 'log_learning_rate_D': -2.5133577499831463, 'log_learning_rate_D_dagger': -2.8953663804617777, 'training_batch_size': 6, 'training_p': 6}
	 epoch  0 training error:  tensor(0.6557, device='cuda:0', grad_fn=<DivBackward0>)
Memory status after this epoch: 
Memory allocated:  353.7763671875
Memory cached:  638.0
	 epoch  10 training error:  tensor(0.4104, device='cuda:0', grad_fn=<DivBackward0>)
Memory status after this epoch: 
Memory allocated:  353.7763671875
Memory cached:  638.0
	 epoch  20 training error:  tensor(0.3345, device='cuda:0', grad_fn=<DivBackward0>)
Memory status after this epoch: 
Memory allocated:  353.7763671875
Memory cached:  640.0
	 epoch  30 training error:  tensor(0.3232, device='cuda:0', grad_fn=<DivBackward0>)
Memory status after this epoch: 
Memory allocated:  353.7763671875
Memory cached:  640.0
	 epoch  40 training error:  tensor(0.2710, device='cuda:0', grad_fn=<DivBackward0>)
Memory status after this epoch: 
Memory allocated:  353.7763671875
Memory cached:  636.0
	 epoch  50 training error:  tensor(0.2168, device='cuda:0', grad_fn=<DivBackward0>)
Memory status after this epoch: 
Memory allocated:  353.7763671875
Memory cached:  638.0
	 epoch  60 training error:  tensor(0.1832, device='cuda:0', grad_fn=<DivBackward0>)
Memory status after this epoch: 
Memory allocated:  353.7763671875
Memory cached:  640.0
	 epoch  70 training error:  tensor(0.2346, device='cuda:0', grad_fn=<DivBackward0>)
Memory status after this epoch: 
Memory allocated:  353.7763671875
Memory cached:  636.0
	 epoch  80 training error:  tensor(0.1664, device='cuda:0', grad_fn=<DivBackward0>)
Memory status after this epoch: 
Memory allocated:  353.7763671875
Memory cached:  636.0
	 epoch  90 training error:  tensor(0.1651, device='cuda:0', grad_fn=<DivBackward0>)
Memory status after this epoch: 
Memory allocated:  353.7763671875
Memory cached:  640.0
[I 2024-01-11 01:49:01,500] Trial 110 finished with value: 0.09870707988739014 and parameters: {'W_layers': 3, 'W_layer_units_exponent_0': 7, 'W_layer_units_exponent_1': 4, 'W_layer_units_exponent_2': 5, 'D_layers': 4, 'D_layer_units_exponent_0': 10, 'D_layer_units_exponent_1': 7, 'D_layer_units_exponent_2': 7, 'D_layer_units_exponent_3': 5, 'D_dagger_layers': 4, 'D_dagger_layer_units_exponent_0': 10, 'D_dagger_layer_units_exponent_1': 6, 'D_dagger_layer_units_exponent_2': 5, 'D_dagger_layer_units_exponent_3': 8, 'log_learning_rate': -3.2447952399874747, 'log_learning_rate_D': -2.5133577499831463, 'log_learning_rate_D_dagger': -2.8953663804617777, 'training_batch_size': 6, 'training_p': 6}. Best is trial 52 with value: 0.08483626693487167.
Time for this trial:  414.37356448173523
Memory status after this trial: 
Memory allocated:  651.939453125
Memory cached:  656.0
--------------------  Trial  111   --------------------
Start timing: 
Parameters: 
{'W_layers': 3, 'W_layer_units_exponent_0': 7, 'W_layer_units_exponent_1': 4, 'W_layer_units_exponent_2': 5, 'D_layers': 4, 'D_layer_units_exponent_0': 10, 'D_layer_units_exponent_1': 7, 'D_layer_units_exponent_2': 7, 'D_layer_units_exponent_3': 5, 'D_dagger_layers': 4, 'D_dagger_layer_units_exponent_0': 10, 'D_dagger_layer_units_exponent_1': 6, 'D_dagger_layer_units_exponent_2': 5, 'D_dagger_layer_units_exponent_3': 8, 'log_learning_rate': -3.1980411372761908, 'log_learning_rate_D': -2.5042847777734085, 'log_learning_rate_D_dagger': -2.890378375209187, 'training_batch_size': 6, 'training_p': 6}
	 epoch  0 training error:  tensor(0.6965, device='cuda:0', grad_fn=<DivBackward0>)
Memory status after this epoch: 
Memory allocated:  353.7763671875
Memory cached:  638.0
	 epoch  10 training error:  tensor(0.3542, device='cuda:0', grad_fn=<DivBackward0>)
Memory status after this epoch: 
Memory allocated:  353.7763671875
Memory cached:  638.0
	 epoch  20 training error:  tensor(0.3365, device='cuda:0', grad_fn=<DivBackward0>)
Memory status after this epoch: 
Memory allocated:  353.7763671875
Memory cached:  638.0
	 epoch  30 training error:  tensor(0.3301, device='cuda:0', grad_fn=<DivBackward0>)
Memory status after this epoch: 
Memory allocated:  353.7763671875
Memory cached:  640.0
	 epoch  40 training error:  tensor(0.2046, device='cuda:0', grad_fn=<DivBackward0>)
Memory status after this epoch: 
Memory allocated:  353.7763671875
Memory cached:  636.0
	 epoch  50 training error:  tensor(0.1987, device='cuda:0', grad_fn=<DivBackward0>)
Memory status after this epoch: 
Memory allocated:  353.7763671875
Memory cached:  636.0
	 epoch  60 training error:  tensor(0.1953, device='cuda:0', grad_fn=<DivBackward0>)
Memory status after this epoch: 
Memory allocated:  353.7763671875
Memory cached:  638.0
	 epoch  70 training error:  tensor(0.1981, device='cuda:0', grad_fn=<DivBackward0>)
Memory status after this epoch: 
Memory allocated:  353.7763671875
Memory cached:  638.0
	 epoch  80 training error:  tensor(0.1674, device='cuda:0', grad_fn=<DivBackward0>)
Memory status after this epoch: 
Memory allocated:  353.7763671875
Memory cached:  636.0
	 epoch  90 training error:  tensor(0.1856, device='cuda:0', grad_fn=<DivBackward0>)
Memory status after this epoch: 
Memory allocated:  353.7763671875
Memory cached:  638.0
[I 2024-01-11 01:55:58,491] Trial 111 finished with value: 0.12306775152683258 and parameters: {'W_layers': 3, 'W_layer_units_exponent_0': 7, 'W_layer_units_exponent_1': 4, 'W_layer_units_exponent_2': 5, 'D_layers': 4, 'D_layer_units_exponent_0': 10, 'D_layer_units_exponent_1': 7, 'D_layer_units_exponent_2': 7, 'D_layer_units_exponent_3': 5, 'D_dagger_layers': 4, 'D_dagger_layer_units_exponent_0': 10, 'D_dagger_layer_units_exponent_1': 6, 'D_dagger_layer_units_exponent_2': 5, 'D_dagger_layer_units_exponent_3': 8, 'log_learning_rate': -3.1980411372761908, 'log_learning_rate_D': -2.5042847777734085, 'log_learning_rate_D_dagger': -2.890378375209187, 'training_batch_size': 6, 'training_p': 6}. Best is trial 52 with value: 0.08483626693487167.
Time for this trial:  416.6270842552185
Memory status after this trial: 
Memory allocated:  651.939453125
Memory cached:  656.0
--------------------  Trial  112   --------------------
Start timing: 
Parameters: 
{'W_layers': 3, 'W_layer_units_exponent_0': 7, 'W_layer_units_exponent_1': 4, 'W_layer_units_exponent_2': 5, 'D_layers': 4, 'D_layer_units_exponent_0': 10, 'D_layer_units_exponent_1': 7, 'D_layer_units_exponent_2': 7, 'D_layer_units_exponent_3': 5, 'D_dagger_layers': 4, 'D_dagger_layer_units_exponent_0': 10, 'D_dagger_layer_units_exponent_1': 6, 'D_dagger_layer_units_exponent_2': 5, 'D_dagger_layer_units_exponent_3': 8, 'log_learning_rate': -3.1769526509815185, 'log_learning_rate_D': -2.3271610092832846, 'log_learning_rate_D_dagger': -2.6650412947985114, 'training_batch_size': 6, 'training_p': 6}
	 epoch  0 training error:  tensor(0.7963, device='cuda:0', grad_fn=<DivBackward0>)
Memory status after this epoch: 
Memory allocated:  353.7763671875
Memory cached:  638.0
	 epoch  10 training error:  tensor(0.3831, device='cuda:0', grad_fn=<DivBackward0>)
Memory status after this epoch: 
Memory allocated:  353.7763671875
Memory cached:  638.0
	 epoch  20 training error:  tensor(0.3404, device='cuda:0', grad_fn=<DivBackward0>)
Memory status after this epoch: 
Memory allocated:  353.7763671875
Memory cached:  638.0
	 epoch  30 training error:  tensor(0.3403, device='cuda:0', grad_fn=<DivBackward0>)
Memory status after this epoch: 
Memory allocated:  353.7763671875
Memory cached:  640.0
	 epoch  40 training error:  tensor(0.3356, device='cuda:0', grad_fn=<DivBackward0>)
Memory status after this epoch: 
Memory allocated:  353.7763671875
Memory cached:  636.0
	 epoch  50 training error:  tensor(0.3483, device='cuda:0', grad_fn=<DivBackward0>)
Memory status after this epoch: 
Memory allocated:  353.7763671875
Memory cached:  636.0
	 epoch  60 training error:  tensor(0.3286, device='cuda:0', grad_fn=<DivBackward0>)
Memory status after this epoch: 
Memory allocated:  353.7763671875
Memory cached:  638.0
	 epoch  70 training error:  tensor(0.3560, device='cuda:0', grad_fn=<DivBackward0>)
Memory status after this epoch: 
Memory allocated:  353.7763671875
Memory cached:  638.0
	 epoch  80 training error:  tensor(2.1716, device='cuda:0', grad_fn=<DivBackward0>)
Memory status after this epoch: 
Memory allocated:  353.7763671875
Memory cached:  636.0
	 epoch  90 training error:  tensor(0.6815, device='cuda:0', grad_fn=<DivBackward0>)
Memory status after this epoch: 
Memory allocated:  353.7763671875
Memory cached:  638.0
[I 2024-01-11 02:02:54,446] Trial 112 finished with value: 0.4817506968975067 and parameters: {'W_layers': 3, 'W_layer_units_exponent_0': 7, 'W_layer_units_exponent_1': 4, 'W_layer_units_exponent_2': 5, 'D_layers': 4, 'D_layer_units_exponent_0': 10, 'D_layer_units_exponent_1': 7, 'D_layer_units_exponent_2': 7, 'D_layer_units_exponent_3': 5, 'D_dagger_layers': 4, 'D_dagger_layer_units_exponent_0': 10, 'D_dagger_layer_units_exponent_1': 6, 'D_dagger_layer_units_exponent_2': 5, 'D_dagger_layer_units_exponent_3': 8, 'log_learning_rate': -3.1769526509815185, 'log_learning_rate_D': -2.3271610092832846, 'log_learning_rate_D_dagger': -2.6650412947985114, 'training_batch_size': 6, 'training_p': 6}. Best is trial 52 with value: 0.08483626693487167.
Time for this trial:  415.576208114624
Memory status after this trial: 
Memory allocated:  651.939453125
Memory cached:  656.0
--------------------  Trial  113   --------------------
Start timing: 
Parameters: 
{'W_layers': 3, 'W_layer_units_exponent_0': 7, 'W_layer_units_exponent_1': 4, 'W_layer_units_exponent_2': 5, 'D_layers': 4, 'D_layer_units_exponent_0': 10, 'D_layer_units_exponent_1': 7, 'D_layer_units_exponent_2': 7, 'D_layer_units_exponent_3': 4, 'D_dagger_layers': 4, 'D_dagger_layer_units_exponent_0': 10, 'D_dagger_layer_units_exponent_1': 6, 'D_dagger_layer_units_exponent_2': 5, 'D_dagger_layer_units_exponent_3': 7, 'log_learning_rate': -3.2779488346000716, 'log_learning_rate_D': -2.5222191572194994, 'log_learning_rate_D_dagger': -2.775751542705112, 'training_batch_size': 6, 'training_p': 6}
	 epoch  0 training error:  tensor(0.7940, device='cuda:0', grad_fn=<DivBackward0>)
Memory status after this epoch: 
Memory allocated:  353.6787109375
Memory cached:  636.0
	 epoch  10 training error:  tensor(0.3461, device='cuda:0', grad_fn=<DivBackward0>)
Memory status after this epoch: 
Memory allocated:  353.6787109375
Memory cached:  636.0
	 epoch  20 training error:  tensor(0.3412, device='cuda:0', grad_fn=<DivBackward0>)
Memory status after this epoch: 
Memory allocated:  353.6787109375
Memory cached:  636.0
	 epoch  30 training error:  tensor(0.3112, device='cuda:0', grad_fn=<DivBackward0>)
Memory status after this epoch: 
Memory allocated:  353.6787109375
Memory cached:  636.0
	 epoch  40 training error:  tensor(0.2585, device='cuda:0', grad_fn=<DivBackward0>)
Memory status after this epoch: 
Memory allocated:  353.6787109375
Memory cached:  636.0
	 epoch  50 training error:  tensor(0.2008, device='cuda:0', grad_fn=<DivBackward0>)
Memory status after this epoch: 
Memory allocated:  353.6787109375
Memory cached:  636.0
	 epoch  60 training error:  tensor(0.1637, device='cuda:0', grad_fn=<DivBackward0>)
Memory status after this epoch: 
Memory allocated:  353.6787109375
Memory cached:  636.0
	 epoch  70 training error:  tensor(0.1465, device='cuda:0', grad_fn=<DivBackward0>)
Memory status after this epoch: 
Memory allocated:  353.6787109375
Memory cached:  636.0
	 epoch  80 training error:  tensor(0.1069, device='cuda:0', grad_fn=<DivBackward0>)
Memory status after this epoch: 
Memory allocated:  353.6787109375
Memory cached:  636.0
	 epoch  90 training error:  tensor(0.1171, device='cuda:0', grad_fn=<DivBackward0>)
Memory status after this epoch: 
Memory allocated:  353.6787109375
Memory cached:  636.0
