[I 2023-12-03 07:11:52,362] Trial 36 finished with value: 0.10174598544836044 and parameters: {'W_layers': 3, 'W_layer_units_exponent_0': 9, 'W_layer_units_exponent_1': 4, 'W_layer_units_exponent_2': 6, 'D_layers': 4, 'D_layer_units_exponent_0': 10, 'D_layer_units_exponent_1': 10, 'D_layer_units_exponent_2': 6, 'D_layer_units_exponent_3': 7, 'D_dagger_layers': 3, 'D_dagger_layer_units_exponent_0': 9, 'D_dagger_layer_units_exponent_1': 6, 'D_dagger_layer_units_exponent_2': 6, 'log_learning_rate': -4.645348941264389, 'log_learning_rate_D': -1.814751893028764, 'log_learning_rate_D_dagger': -3.2347178912214134, 'training_batch_size': 8, 'training_p': 6}. Best is trial 16 with value: 0.016163093969225883.
Time for this trial:  162.75826048851013
Memory status after this trial: 
Memory allocated:  453.53125
Memory cached:  522.0
--------------------  Trial  37   --------------------
Start timing: 
Parameters: 
{'W_layers': 2, 'W_layer_units_exponent_0': 4, 'W_layer_units_exponent_1': 4, 'D_layers': 7, 'D_layer_units_exponent_0': 8, 'D_layer_units_exponent_1': 10, 'D_layer_units_exponent_2': 7, 'D_layer_units_exponent_3': 6, 'D_layer_units_exponent_4': 6, 'D_layer_units_exponent_5': 7, 'D_layer_units_exponent_6': 6, 'D_dagger_layers': 6, 'D_dagger_layer_units_exponent_0': 6, 'D_dagger_layer_units_exponent_1': 6, 'D_dagger_layer_units_exponent_2': 6, 'D_dagger_layer_units_exponent_3': 7, 'D_dagger_layer_units_exponent_4': 5, 'D_dagger_layer_units_exponent_5': 7, 'log_learning_rate': -4.794318920491826, 'log_learning_rate_D': -1.7994043322604072, 'log_learning_rate_D_dagger': -3.6086351670113324, 'training_batch_size': 7, 'training_p': 5}
	 epoch  0 training error:  tensor(1.0205, device='cuda:0', grad_fn=<DivBackward0>)
Memory status after this epoch: 
Memory allocated:  268.67236328125
Memory cached:  504.0
	 epoch  10 training error:  tensor(1.0024, device='cuda:0', grad_fn=<DivBackward0>)
Memory status after this epoch: 
Memory allocated:  268.67236328125
Memory cached:  512.0
	 epoch  20 training error:  tensor(0.9855, device='cuda:0', grad_fn=<DivBackward0>)
Memory status after this epoch: 
Memory allocated:  268.67236328125
Memory cached:  516.0
	 epoch  30 training error:  tensor(0.9137, device='cuda:0', grad_fn=<DivBackward0>)
Memory status after this epoch: 
Memory allocated:  268.67236328125
Memory cached:  516.0
	 epoch  40 training error:  tensor(0.7323, device='cuda:0', grad_fn=<DivBackward0>)
Memory status after this epoch: 
Memory allocated:  268.67236328125
Memory cached:  512.0
	 epoch  50 training error:  tensor(0.3300, device='cuda:0', grad_fn=<DivBackward0>)
Memory status after this epoch: 
Memory allocated:  268.67236328125
Memory cached:  516.0
	 epoch  60 training error:  tensor(0.1993, device='cuda:0', grad_fn=<DivBackward0>)
Memory status after this epoch: 
Memory allocated:  268.67236328125
Memory cached:  520.0
	 epoch  70 training error:  tensor(0.1950, device='cuda:0', grad_fn=<DivBackward0>)
Memory status after this epoch: 
Memory allocated:  268.67236328125
Memory cached:  518.0
	 epoch  80 training error:  tensor(0.1429, device='cuda:0', grad_fn=<DivBackward0>)
Memory status after this epoch: 
Memory allocated:  268.67236328125
Memory cached:  524.0
	 epoch  90 training error:  tensor(0.1418, device='cuda:0', grad_fn=<DivBackward0>)
Memory status after this epoch: 
Memory allocated:  268.67236328125
Memory cached:  512.0
[I 2023-12-03 07:14:59,912] Trial 37 finished with value: 0.10507022589445114 and parameters: {'W_layers': 2, 'W_layer_units_exponent_0': 4, 'W_layer_units_exponent_1': 4, 'D_layers': 7, 'D_layer_units_exponent_0': 8, 'D_layer_units_exponent_1': 10, 'D_layer_units_exponent_2': 7, 'D_layer_units_exponent_3': 6, 'D_layer_units_exponent_4': 6, 'D_layer_units_exponent_5': 7, 'D_layer_units_exponent_6': 6, 'D_dagger_layers': 6, 'D_dagger_layer_units_exponent_0': 6, 'D_dagger_layer_units_exponent_1': 6, 'D_dagger_layer_units_exponent_2': 6, 'D_dagger_layer_units_exponent_3': 7, 'D_dagger_layer_units_exponent_4': 5, 'D_dagger_layer_units_exponent_5': 7, 'log_learning_rate': -4.794318920491826, 'log_learning_rate_D': -1.7994043322604072, 'log_learning_rate_D_dagger': -3.6086351670113324, 'training_batch_size': 7, 'training_p': 5}. Best is trial 16 with value: 0.016163093969225883.
Time for this trial:  187.28538489341736
Memory status after this trial: 
Memory allocated:  382.9609375
Memory cached:  512.0
--------------------  Trial  38   --------------------
Start timing: 
Parameters: 
{'W_layers': 4, 'W_layer_units_exponent_0': 6, 'W_layer_units_exponent_1': 5, 'W_layer_units_exponent_2': 5, 'W_layer_units_exponent_3': 8, 'D_layers': 6, 'D_layer_units_exponent_0': 9, 'D_layer_units_exponent_1': 9, 'D_layer_units_exponent_2': 6, 'D_layer_units_exponent_3': 5, 'D_layer_units_exponent_4': 7, 'D_layer_units_exponent_5': 4, 'D_dagger_layers': 4, 'D_dagger_layer_units_exponent_0': 7, 'D_dagger_layer_units_exponent_1': 8, 'D_dagger_layer_units_exponent_2': 8, 'D_dagger_layer_units_exponent_3': 5, 'log_learning_rate': -4.774134634779243, 'log_learning_rate_D': -2.9662064320121617, 'log_learning_rate_D_dagger': -3.242386026027498, 'training_batch_size': 10, 'training_p': 4}
	 epoch  0 training error:  tensor(0.9718, device='cuda:0', grad_fn=<DivBackward0>)
Memory status after this epoch: 
Memory allocated:  268.29931640625
Memory cached:  510.0
	 epoch  10 training error:  tensor(0.2779, device='cuda:0', grad_fn=<DivBackward0>)
Memory status after this epoch: 
Memory allocated:  268.29931640625
Memory cached:  528.0
	 epoch  20 training error:  tensor(0.1210, device='cuda:0', grad_fn=<DivBackward0>)
Memory status after this epoch: 
Memory allocated:  268.29931640625
Memory cached:  542.0
	 epoch  30 training error:  tensor(0.1152, device='cuda:0', grad_fn=<DivBackward0>)
Memory status after this epoch: 
Memory allocated:  268.29931640625
Memory cached:  538.0
	 epoch  40 training error:  tensor(0.0914, device='cuda:0', grad_fn=<DivBackward0>)
Memory status after this epoch: 
Memory allocated:  268.29931640625
Memory cached:  540.0
	 epoch  50 training error:  tensor(0.0530, device='cuda:0', grad_fn=<DivBackward0>)
Memory status after this epoch: 
Memory allocated:  268.29931640625
Memory cached:  542.0
	 epoch  60 training error:  tensor(0.0402, device='cuda:0', grad_fn=<DivBackward0>)
Memory status after this epoch: 
Memory allocated:  268.29931640625
Memory cached:  538.0
	 epoch  70 training error:  tensor(0.0395, device='cuda:0', grad_fn=<DivBackward0>)
Memory status after this epoch: 
Memory allocated:  268.29931640625
Memory cached:  538.0
	 epoch  80 training error:  tensor(0.0296, device='cuda:0', grad_fn=<DivBackward0>)
Memory status after this epoch: 
Memory allocated:  268.29931640625
Memory cached:  536.0
	 epoch  90 training error:  tensor(0.0241, device='cuda:0', grad_fn=<DivBackward0>)
Memory status after this epoch: 
Memory allocated:  268.29931640625
Memory cached:  542.0
[I 2023-12-03 07:18:02,247] Trial 38 finished with value: 0.042135391384363174 and parameters: {'W_layers': 4, 'W_layer_units_exponent_0': 6, 'W_layer_units_exponent_1': 5, 'W_layer_units_exponent_2': 5, 'W_layer_units_exponent_3': 8, 'D_layers': 6, 'D_layer_units_exponent_0': 9, 'D_layer_units_exponent_1': 9, 'D_layer_units_exponent_2': 6, 'D_layer_units_exponent_3': 5, 'D_layer_units_exponent_4': 7, 'D_layer_units_exponent_5': 4, 'D_dagger_layers': 4, 'D_dagger_layer_units_exponent_0': 7, 'D_dagger_layer_units_exponent_1': 8, 'D_dagger_layer_units_exponent_2': 8, 'D_dagger_layer_units_exponent_3': 5, 'log_learning_rate': -4.774134634779243, 'log_learning_rate_D': -2.9662064320121617, 'log_learning_rate_D_dagger': -3.242386026027498, 'training_batch_size': 10, 'training_p': 4}. Best is trial 16 with value: 0.016163093969225883.
Time for this trial:  182.06143879890442
Memory status after this trial: 
Memory allocated:  386.38623046875
Memory cached:  518.0
--------------------  Trial  39   --------------------
Start timing: 
Parameters: 
{'W_layers': 4, 'W_layer_units_exponent_0': 7, 'W_layer_units_exponent_1': 4, 'W_layer_units_exponent_2': 6, 'W_layer_units_exponent_3': 7, 'D_layers': 8, 'D_layer_units_exponent_0': 7, 'D_layer_units_exponent_1': 10, 'D_layer_units_exponent_2': 8, 'D_layer_units_exponent_3': 8, 'D_layer_units_exponent_4': 7, 'D_layer_units_exponent_5': 5, 'D_layer_units_exponent_6': 9, 'D_layer_units_exponent_7': 8, 'D_dagger_layers': 3, 'D_dagger_layer_units_exponent_0': 4, 'D_dagger_layer_units_exponent_1': 7, 'D_dagger_layer_units_exponent_2': 9, 'log_learning_rate': -4.995619048292442, 'log_learning_rate_D': -2.2523688384877816, 'log_learning_rate_D_dagger': -3.423634870527142, 'training_batch_size': 8, 'training_p': 3}
	 epoch  0 training error:  tensor(1.0010, device='cuda:0', grad_fn=<DivBackward0>)
Memory status after this epoch: 
Memory allocated:  272.88330078125
Memory cached:  510.0
	 epoch  10 training error:  tensor(0.7214, device='cuda:0', grad_fn=<DivBackward0>)
Memory status after this epoch: 
Memory allocated:  272.88330078125
Memory cached:  538.0
	 epoch  20 training error:  tensor(0.3440, device='cuda:0', grad_fn=<DivBackward0>)
Memory status after this epoch: 
Memory allocated:  272.88330078125
Memory cached:  548.0
	 epoch  30 training error:  tensor(0.1713, device='cuda:0', grad_fn=<DivBackward0>)
Memory status after this epoch: 
Memory allocated:  272.88330078125
Memory cached:  546.0
	 epoch  40 training error:  tensor(0.1230, device='cuda:0', grad_fn=<DivBackward0>)
Memory status after this epoch: 
Memory allocated:  272.88330078125
Memory cached:  540.0
	 epoch  50 training error:  tensor(0.1130, device='cuda:0', grad_fn=<DivBackward0>)
Memory status after this epoch: 
Memory allocated:  272.88330078125
Memory cached:  542.0
	 epoch  60 training error:  tensor(0.1100, device='cuda:0', grad_fn=<DivBackward0>)
Memory status after this epoch: 
Memory allocated:  272.88330078125
Memory cached:  550.0
	 epoch  70 training error:  tensor(0.1082, device='cuda:0', grad_fn=<DivBackward0>)
Memory status after this epoch: 
Memory allocated:  272.88330078125
Memory cached:  544.0
	 epoch  80 training error:  tensor(0.1062, device='cuda:0', grad_fn=<DivBackward0>)
Memory status after this epoch: 
Memory allocated:  272.88330078125
Memory cached:  554.0
	 epoch  90 training error:  tensor(0.0966, device='cuda:0', grad_fn=<DivBackward0>)
Memory status after this epoch: 
Memory allocated:  272.88330078125
Memory cached:  544.0
[I 2023-12-03 07:21:20,823] Trial 39 finished with value: 0.08015121519565582 and parameters: {'W_layers': 4, 'W_layer_units_exponent_0': 7, 'W_layer_units_exponent_1': 4, 'W_layer_units_exponent_2': 6, 'W_layer_units_exponent_3': 7, 'D_layers': 8, 'D_layer_units_exponent_0': 7, 'D_layer_units_exponent_1': 10, 'D_layer_units_exponent_2': 8, 'D_layer_units_exponent_3': 8, 'D_layer_units_exponent_4': 7, 'D_layer_units_exponent_5': 5, 'D_layer_units_exponent_6': 9, 'D_layer_units_exponent_7': 8, 'D_dagger_layers': 3, 'D_dagger_layer_units_exponent_0': 4, 'D_dagger_layer_units_exponent_1': 7, 'D_dagger_layer_units_exponent_2': 9, 'log_learning_rate': -4.995619048292442, 'log_learning_rate_D': -2.2523688384877816, 'log_learning_rate_D_dagger': -3.423634870527142, 'training_batch_size': 8, 'training_p': 3}. Best is trial 16 with value: 0.016163093969225883.
Time for this trial:  198.29944729804993
Memory status after this trial: 
Memory allocated:  451.17236328125
Memory cached:  522.0
--------------------  Trial  40   --------------------
Start timing: 
Parameters: 
{'W_layers': 3, 'W_layer_units_exponent_0': 8, 'W_layer_units_exponent_1': 6, 'W_layer_units_exponent_2': 5, 'D_layers': 7, 'D_layer_units_exponent_0': 10, 'D_layer_units_exponent_1': 9, 'D_layer_units_exponent_2': 6, 'D_layer_units_exponent_3': 6, 'D_layer_units_exponent_4': 6, 'D_layer_units_exponent_5': 7, 'D_layer_units_exponent_6': 7, 'D_dagger_layers': 6, 'D_dagger_layer_units_exponent_0': 8, 'D_dagger_layer_units_exponent_1': 6, 'D_dagger_layer_units_exponent_2': 5, 'D_dagger_layer_units_exponent_3': 6, 'D_dagger_layer_units_exponent_4': 7, 'D_dagger_layer_units_exponent_5': 5, 'log_learning_rate': -4.503144981760394, 'log_learning_rate_D': -2.7581565894845115, 'log_learning_rate_D_dagger': -3.0452843859528906, 'training_batch_size': 7, 'training_p': 6}
	 epoch  0 training error:  tensor(0.9721, device='cuda:0', grad_fn=<DivBackward0>)
Memory status after this epoch: 
Memory allocated:  271.70947265625
Memory cached:  506.0
	 epoch  10 training error:  tensor(0.3967, device='cuda:0', grad_fn=<DivBackward0>)
Memory status after this epoch: 
Memory allocated:  271.70947265625
Memory cached:  526.0
	 epoch  20 training error:  tensor(0.1470, device='cuda:0', grad_fn=<DivBackward0>)
Memory status after this epoch: 
Memory allocated:  271.70947265625
Memory cached:  522.0
	 epoch  30 training error:  tensor(0.1508, device='cuda:0', grad_fn=<DivBackward0>)
Memory status after this epoch: 
Memory allocated:  271.70947265625
Memory cached:  520.0
	 epoch  40 training error:  tensor(0.1462, device='cuda:0', grad_fn=<DivBackward0>)
Memory status after this epoch: 
Memory allocated:  271.70947265625
Memory cached:  522.0
	 epoch  50 training error:  tensor(0.1440, device='cuda:0', grad_fn=<DivBackward0>)
Memory status after this epoch: 
Memory allocated:  271.70947265625
Memory cached:  522.0
	 epoch  60 training error:  tensor(0.1428, device='cuda:0', grad_fn=<DivBackward0>)
Memory status after this epoch: 
Memory allocated:  271.70947265625
Memory cached:  516.0
	 epoch  70 training error:  tensor(0.1423, device='cuda:0', grad_fn=<DivBackward0>)
Memory status after this epoch: 
Memory allocated:  271.70947265625
Memory cached:  518.0
	 epoch  80 training error:  tensor(0.1419, device='cuda:0', grad_fn=<DivBackward0>)
Memory status after this epoch: 
Memory allocated:  271.70947265625
Memory cached:  520.0
	 epoch  90 training error:  tensor(0.1427, device='cuda:0', grad_fn=<DivBackward0>)
Memory status after this epoch: 
Memory allocated:  271.70947265625
Memory cached:  524.0
[I 2023-12-03 07:24:42,541] Trial 40 finished with value: 0.11417508125305176 and parameters: {'W_layers': 3, 'W_layer_units_exponent_0': 8, 'W_layer_units_exponent_1': 6, 'W_layer_units_exponent_2': 5, 'D_layers': 7, 'D_layer_units_exponent_0': 10, 'D_layer_units_exponent_1': 9, 'D_layer_units_exponent_2': 6, 'D_layer_units_exponent_3': 6, 'D_layer_units_exponent_4': 6, 'D_layer_units_exponent_5': 7, 'D_layer_units_exponent_6': 7, 'D_dagger_layers': 6, 'D_dagger_layer_units_exponent_0': 8, 'D_dagger_layer_units_exponent_1': 6, 'D_dagger_layer_units_exponent_2': 5, 'D_dagger_layer_units_exponent_3': 6, 'D_dagger_layer_units_exponent_4': 7, 'D_dagger_layer_units_exponent_5': 5, 'log_learning_rate': -4.503144981760394, 'log_learning_rate_D': -2.7581565894845115, 'log_learning_rate_D_dagger': -3.0452843859528906, 'training_batch_size': 7, 'training_p': 6}. Best is trial 16 with value: 0.016163093969225883.
Time for this trial:  201.41477417945862
Memory status after this trial: 
Memory allocated:  420.041015625
Memory cached:  510.0
--------------------  Trial  41   --------------------
Start timing: 
Parameters: 
{'W_layers': 5, 'W_layer_units_exponent_0': 10, 'W_layer_units_exponent_1': 5, 'W_layer_units_exponent_2': 8, 'W_layer_units_exponent_3': 6, 'W_layer_units_exponent_4': 7, 'D_layers': 5, 'D_layer_units_exponent_0': 7, 'D_layer_units_exponent_1': 7, 'D_layer_units_exponent_2': 5, 'D_layer_units_exponent_3': 6, 'D_layer_units_exponent_4': 8, 'D_dagger_layers': 5, 'D_dagger_layer_units_exponent_0': 4, 'D_dagger_layer_units_exponent_1': 4, 'D_dagger_layer_units_exponent_2': 5, 'D_dagger_layer_units_exponent_3': 4, 'D_dagger_layer_units_exponent_4': 7, 'log_learning_rate': -3.9507864040306226, 'log_learning_rate_D': -2.5510389464812513, 'log_learning_rate_D_dagger': -2.8960279125239015, 'training_batch_size': 7, 'training_p': 8}
	 epoch  0 training error:  tensor(0.9964, device='cuda:0', grad_fn=<DivBackward0>)
Memory status after this epoch: 
Memory allocated:  263.50634765625
Memory cached:  504.0
	 epoch  10 training error:  tensor(0.7605, device='cuda:0', grad_fn=<DivBackward0>)
Memory status after this epoch: 
Memory allocated:  263.50634765625
Memory cached:  528.0
	 epoch  20 training error:  tensor(0.2115, device='cuda:0', grad_fn=<DivBackward0>)
Memory status after this epoch: 
Memory allocated:  263.50634765625
Memory cached:  530.0
	 epoch  30 training error:  tensor(0.1922, device='cuda:0', grad_fn=<DivBackward0>)
Memory status after this epoch: 
Memory allocated:  263.50634765625
Memory cached:  524.0
	 epoch  40 training error:  tensor(0.1646, device='cuda:0', grad_fn=<DivBackward0>)
Memory status after this epoch: 
Memory allocated:  263.50634765625
Memory cached:  530.0
	 epoch  50 training error:  tensor(0.1554, device='cuda:0', grad_fn=<DivBackward0>)
Memory status after this epoch: 
Memory allocated:  263.50634765625
Memory cached:  532.0
	 epoch  60 training error:  tensor(0.1451, device='cuda:0', grad_fn=<DivBackward0>)
Memory status after this epoch: 
Memory allocated:  263.50634765625
Memory cached:  526.0
	 epoch  70 training error:  tensor(0.1140, device='cuda:0', grad_fn=<DivBackward0>)
Memory status after this epoch: 
Memory allocated:  263.50634765625
Memory cached:  522.0
	 epoch  80 training error:  tensor(0.0898, device='cuda:0', grad_fn=<DivBackward0>)
Memory status after this epoch: 
Memory allocated:  263.50634765625
Memory cached:  532.0
	 epoch  90 training error:  tensor(0.0840, device='cuda:0', grad_fn=<DivBackward0>)
Memory status after this epoch: 
Memory allocated:  263.50634765625
Memory cached:  526.0
[I 2023-12-03 07:27:52,329] Trial 41 finished with value: 0.04442697763442993 and parameters: {'W_layers': 5, 'W_layer_units_exponent_0': 10, 'W_layer_units_exponent_1': 5, 'W_layer_units_exponent_2': 8, 'W_layer_units_exponent_3': 6, 'W_layer_units_exponent_4': 7, 'D_layers': 5, 'D_layer_units_exponent_0': 7, 'D_layer_units_exponent_1': 7, 'D_layer_units_exponent_2': 5, 'D_layer_units_exponent_3': 6, 'D_layer_units_exponent_4': 8, 'D_dagger_layers': 5, 'D_dagger_layer_units_exponent_0': 4, 'D_dagger_layer_units_exponent_1': 4, 'D_dagger_layer_units_exponent_2': 5, 'D_dagger_layer_units_exponent_3': 4, 'D_dagger_layer_units_exponent_4': 7, 'log_learning_rate': -3.9507864040306226, 'log_learning_rate_D': -2.5510389464812513, 'log_learning_rate_D_dagger': -2.8960279125239015, 'training_batch_size': 7, 'training_p': 8}. Best is trial 16 with value: 0.016163093969225883.
Time for this trial:  189.4971420764923
Memory status after this trial: 
Memory allocated:  383.13916015625
Memory cached:  520.0
--------------------  Trial  42   --------------------
Start timing: 
Parameters: 
{'W_layers': 5, 'W_layer_units_exponent_0': 9, 'W_layer_units_exponent_1': 4, 'W_layer_units_exponent_2': 7, 'W_layer_units_exponent_3': 7, 'W_layer_units_exponent_4': 6, 'D_layers': 5, 'D_layer_units_exponent_0': 7, 'D_layer_units_exponent_1': 10, 'D_layer_units_exponent_2': 4, 'D_layer_units_exponent_3': 7, 'D_layer_units_exponent_4': 8, 'D_dagger_layers': 5, 'D_dagger_layer_units_exponent_0': 5, 'D_dagger_layer_units_exponent_1': 5, 'D_dagger_layer_units_exponent_2': 6, 'D_dagger_layer_units_exponent_3': 4, 'D_dagger_layer_units_exponent_4': 8, 'log_learning_rate': -4.253851061348339, 'log_learning_rate_D': -2.3752035987384987, 'log_learning_rate_D_dagger': -2.652819712444283, 'training_batch_size': 6, 'training_p': 7}
	 epoch  0 training error:  tensor(0.9769, device='cuda:0', grad_fn=<DivBackward0>)
Memory status after this epoch: 
Memory allocated:  265.32568359375
Memory cached:  510.0
	 epoch  10 training error:  tensor(0.2194, device='cuda:0', grad_fn=<DivBackward0>)
Memory status after this epoch: 
Memory allocated:  265.32568359375
Memory cached:  512.0
	 epoch  20 training error:  tensor(0.1509, device='cuda:0', grad_fn=<DivBackward0>)
Memory status after this epoch: 
Memory allocated:  265.32568359375
Memory cached:  510.0
	 epoch  30 training error:  tensor(0.1487, device='cuda:0', grad_fn=<DivBackward0>)
Memory status after this epoch: 
Memory allocated:  265.32568359375
Memory cached:  508.0
	 epoch  40 training error:  tensor(0.1446, device='cuda:0', grad_fn=<DivBackward0>)
Memory status after this epoch: 
Memory allocated:  265.32568359375
Memory cached:  514.0
	 epoch  50 training error:  tensor(0.1441, device='cuda:0', grad_fn=<DivBackward0>)
Memory status after this epoch: 
Memory allocated:  265.32568359375
Memory cached:  518.0
	 epoch  60 training error:  tensor(0.1465, device='cuda:0', grad_fn=<DivBackward0>)
Memory status after this epoch: 
Memory allocated:  265.32568359375
Memory cached:  508.0
	 epoch  70 training error:  tensor(0.1584, device='cuda:0', grad_fn=<DivBackward0>)
Memory status after this epoch: 
Memory allocated:  265.32568359375
Memory cached:  514.0
	 epoch  80 training error:  tensor(0.1494, device='cuda:0', grad_fn=<DivBackward0>)
Memory status after this epoch: 
Memory allocated:  265.32568359375
Memory cached:  516.0
	 epoch  90 training error:  tensor(0.1272, device='cuda:0', grad_fn=<DivBackward0>)
Memory status after this epoch: 
Memory allocated:  265.32568359375
Memory cached:  510.0
