[I 2024-03-02 10:35:45,894] Trial 47 finished with value: 0.22129257023334503 and parameters: {'W_layers': 4, 'W_layer_units_exponent_0': 4, 'W_layer_units_exponent_1': 9, 'W_layer_units_exponent_2': 8, 'W_layer_units_exponent_3': 6, 'D_layers': 3, 'D_layer_units_exponent_0': 10, 'D_layer_units_exponent_1': 7, 'D_layer_units_exponent_2': 10, 'D_dagger_layers': 7, 'D_dagger_layer_units_exponent_0': 9, 'D_dagger_layer_units_exponent_1': 8, 'D_dagger_layer_units_exponent_2': 7, 'D_dagger_layer_units_exponent_3': 9, 'D_dagger_layer_units_exponent_4': 6, 'D_dagger_layer_units_exponent_5': 9, 'D_dagger_layer_units_exponent_6': 9, 'log_learning_rate': -1.4998572879498375, 'log_learning_rate_D': -4.190428469215456, 'log_learning_rate_D_dagger': -3.7418960950424904, 'training_batch_size': 8, 'training_p': 6}. Best is trial 27 with value: 0.019390789791941643.
Time for this trial:  1036.0052399635315
Memory status after this trial: 
Memory allocated:  2849.73583984375
Memory cached:  2896.0
--------------------  Trial  48   --------------------
Start timing: 
Parameters: 
{'W_layers': 6, 'W_layer_units_exponent_0': 6, 'W_layer_units_exponent_1': 10, 'W_layer_units_exponent_2': 5, 'W_layer_units_exponent_3': 7, 'W_layer_units_exponent_4': 9, 'W_layer_units_exponent_5': 5, 'D_layers': 4, 'D_layer_units_exponent_0': 9, 'D_layer_units_exponent_1': 5, 'D_layer_units_exponent_2': 9, 'D_layer_units_exponent_3': 6, 'D_dagger_layers': 6, 'D_dagger_layer_units_exponent_0': 9, 'D_dagger_layer_units_exponent_1': 10, 'D_dagger_layer_units_exponent_2': 6, 'D_dagger_layer_units_exponent_3': 8, 'D_dagger_layer_units_exponent_4': 4, 'D_dagger_layer_units_exponent_5': 7, 'log_learning_rate': -2.772081181737083, 'log_learning_rate_D': -3.133494865092841, 'log_learning_rate_D_dagger': -3.219030379999294, 'training_batch_size': 10, 'training_p': 6}
	 epoch  0 training error:  tensor(0.9904, grad_fn=<ToCopyBackward0>)
Memory status after this epoch: 
Memory allocated:  1736.296875
Memory cached:  2678.0
	 epoch  10 training error:  tensor(0.4735, grad_fn=<ToCopyBackward0>)
Memory status after this epoch: 
Memory allocated:  1736.3505859375
Memory cached:  2702.0
	 epoch  20 training error:  tensor(0.3716, grad_fn=<ToCopyBackward0>)
Memory status after this epoch: 
Memory allocated:  1737.12744140625
Memory cached:  2680.0
	 epoch  30 training error:  tensor(0.3455, grad_fn=<ToCopyBackward0>)
Memory status after this epoch: 
Memory allocated:  1736.3505859375
Memory cached:  2704.0
	 epoch  40 training error:  tensor(0.3251, grad_fn=<ToCopyBackward0>)
Memory status after this epoch: 
Memory allocated:  1736.8505859375
Memory cached:  2700.0
	 epoch  50 training error:  tensor(0.3187, grad_fn=<ToCopyBackward0>)
Memory status after this epoch: 
Memory allocated:  1736.1005859375
Memory cached:  2704.0
	 epoch  60 training error:  tensor(0.3111, grad_fn=<ToCopyBackward0>)
Memory status after this epoch: 
Memory allocated:  1736.87744140625
Memory cached:  2682.0
	 epoch  70 training error:  tensor(0.2573, grad_fn=<ToCopyBackward0>)
Memory status after this epoch: 
Memory allocated:  1736.3505859375
Memory cached:  2696.0
	 epoch  80 training error:  tensor(0.2227, grad_fn=<ToCopyBackward0>)
Memory status after this epoch: 
Memory allocated:  1737.1005859375
Memory cached:  2696.0
	 epoch  90 training error:  tensor(0.1944, grad_fn=<ToCopyBackward0>)
Memory status after this epoch: 
Memory allocated:  1736.046875
Memory cached:  2682.0
[I 2024-03-02 10:43:41,752] Trial 48 finished with value: 0.13092191517353058 and parameters: {'W_layers': 6, 'W_layer_units_exponent_0': 6, 'W_layer_units_exponent_1': 10, 'W_layer_units_exponent_2': 5, 'W_layer_units_exponent_3': 7, 'W_layer_units_exponent_4': 9, 'W_layer_units_exponent_5': 5, 'D_layers': 4, 'D_layer_units_exponent_0': 9, 'D_layer_units_exponent_1': 5, 'D_layer_units_exponent_2': 9, 'D_layer_units_exponent_3': 6, 'D_dagger_layers': 6, 'D_dagger_layer_units_exponent_0': 9, 'D_dagger_layer_units_exponent_1': 10, 'D_dagger_layer_units_exponent_2': 6, 'D_dagger_layer_units_exponent_3': 8, 'D_dagger_layer_units_exponent_4': 4, 'D_dagger_layer_units_exponent_5': 7, 'log_learning_rate': -2.772081181737083, 'log_learning_rate_D': -3.133494865092841, 'log_learning_rate_D_dagger': -3.219030379999294, 'training_batch_size': 10, 'training_p': 6}. Best is trial 27 with value: 0.019390789791941643.
Time for this trial:  475.25836420059204
Memory status after this trial: 
Memory allocated:  2763.37060546875
Memory cached:  2800.0
--------------------  Trial  49   --------------------
Start timing: 
Parameters: 
{'W_layers': 3, 'W_layer_units_exponent_0': 7, 'W_layer_units_exponent_1': 7, 'W_layer_units_exponent_2': 6, 'D_layers': 5, 'D_layer_units_exponent_0': 10, 'D_layer_units_exponent_1': 9, 'D_layer_units_exponent_2': 10, 'D_layer_units_exponent_3': 10, 'D_layer_units_exponent_4': 9, 'D_dagger_layers': 6, 'D_dagger_layer_units_exponent_0': 10, 'D_dagger_layer_units_exponent_1': 4, 'D_dagger_layer_units_exponent_2': 7, 'D_dagger_layer_units_exponent_3': 6, 'D_dagger_layer_units_exponent_4': 5, 'D_dagger_layer_units_exponent_5': 5, 'log_learning_rate': -2.49598086451974, 'log_learning_rate_D': -1.460372658762099, 'log_learning_rate_D_dagger': -4.679345477460323, 'training_batch_size': 7, 'training_p': 4}
	 epoch  0 training error:  tensor(0.7938, grad_fn=<ToCopyBackward0>)
Memory status after this epoch: 
Memory allocated:  1770.4921875
Memory cached:  2786.0
	 epoch  10 training error:  tensor(0.6400, grad_fn=<ToCopyBackward0>)
Memory status after this epoch: 
Memory allocated:  1770.4921875
Memory cached:  2790.0
	 epoch  20 training error:  tensor(0.6390, grad_fn=<ToCopyBackward0>)
Memory status after this epoch: 
Memory allocated:  1770.4921875
Memory cached:  2790.0
	 epoch  30 training error:  tensor(0.6410, grad_fn=<ToCopyBackward0>)
Memory status after this epoch: 
Memory allocated:  1770.4921875
Memory cached:  2788.0
	 epoch  40 training error:  tensor(0.6403, grad_fn=<ToCopyBackward0>)
Memory status after this epoch: 
Memory allocated:  1770.4921875
Memory cached:  2788.0
	 epoch  50 training error:  tensor(0.6389, grad_fn=<ToCopyBackward0>)
Memory status after this epoch: 
Memory allocated:  1770.4921875
Memory cached:  2794.0
	 epoch  60 training error:  tensor(0.6438, grad_fn=<ToCopyBackward0>)
Memory status after this epoch: 
Memory allocated:  1770.4921875
Memory cached:  2792.0
	 epoch  70 training error:  tensor(0.6433, grad_fn=<ToCopyBackward0>)
Memory status after this epoch: 
Memory allocated:  1770.4921875
Memory cached:  2792.0
	 epoch  80 training error:  tensor(0.6384, grad_fn=<ToCopyBackward0>)
Memory status after this epoch: 
Memory allocated:  1770.4921875
Memory cached:  2786.0
	 epoch  90 training error:  tensor(0.6386, grad_fn=<ToCopyBackward0>)
Memory status after this epoch: 
Memory allocated:  1770.4921875
Memory cached:  2794.0
[I 2024-03-02 11:11:23,128] Trial 49 finished with value: 0.6098594069480896 and parameters: {'W_layers': 3, 'W_layer_units_exponent_0': 7, 'W_layer_units_exponent_1': 7, 'W_layer_units_exponent_2': 6, 'D_layers': 5, 'D_layer_units_exponent_0': 10, 'D_layer_units_exponent_1': 9, 'D_layer_units_exponent_2': 10, 'D_layer_units_exponent_3': 10, 'D_layer_units_exponent_4': 9, 'D_dagger_layers': 6, 'D_dagger_layer_units_exponent_0': 10, 'D_dagger_layer_units_exponent_1': 4, 'D_dagger_layer_units_exponent_2': 7, 'D_dagger_layer_units_exponent_3': 6, 'D_dagger_layer_units_exponent_4': 5, 'D_dagger_layer_units_exponent_5': 5, 'log_learning_rate': -2.49598086451974, 'log_learning_rate_D': -1.460372658762099, 'log_learning_rate_D_dagger': -4.679345477460323, 'training_batch_size': 7, 'training_p': 4}. Best is trial 27 with value: 0.019390789791941643.
Time for this trial:  1660.7256908416748
Memory status after this trial: 
Memory allocated:  2923.25732421875
Memory cached:  2950.0
--------------------  Trial  50   --------------------
Start timing: 
Parameters: 
{'W_layers': 5, 'W_layer_units_exponent_0': 5, 'W_layer_units_exponent_1': 9, 'W_layer_units_exponent_2': 8, 'W_layer_units_exponent_3': 5, 'W_layer_units_exponent_4': 5, 'D_layers': 5, 'D_layer_units_exponent_0': 8, 'D_layer_units_exponent_1': 9, 'D_layer_units_exponent_2': 8, 'D_layer_units_exponent_3': 4, 'D_layer_units_exponent_4': 10, 'D_dagger_layers': 8, 'D_dagger_layer_units_exponent_0': 8, 'D_dagger_layer_units_exponent_1': 9, 'D_dagger_layer_units_exponent_2': 8, 'D_dagger_layer_units_exponent_3': 5, 'D_dagger_layer_units_exponent_4': 5, 'D_dagger_layer_units_exponent_5': 9, 'D_dagger_layer_units_exponent_6': 6, 'D_dagger_layer_units_exponent_7': 7, 'log_learning_rate': -2.0661545246629194, 'log_learning_rate_D': -3.565134707553611, 'log_learning_rate_D_dagger': -3.6280932807375024, 'training_batch_size': 6, 'training_p': 7}
	 epoch  0 training error:  tensor(0.8806, grad_fn=<ToCopyBackward0>)
Memory status after this epoch: 
Memory allocated:  1734.27978515625
Memory cached:  2636.0
	 epoch  10 training error:  tensor(0.3483, grad_fn=<ToCopyBackward0>)
Memory status after this epoch: 
Memory allocated:  1734.27978515625
Memory cached:  2636.0
	 epoch  20 training error:  tensor(0.2813, grad_fn=<ToCopyBackward0>)
Memory status after this epoch: 
Memory allocated:  1734.27978515625
Memory cached:  2636.0
	 epoch  30 training error:  tensor(0.1382, grad_fn=<ToCopyBackward0>)
Memory status after this epoch: 
Memory allocated:  1734.27978515625
Memory cached:  2636.0
	 epoch  40 training error:  tensor(0.0899, grad_fn=<ToCopyBackward0>)
Memory status after this epoch: 
Memory allocated:  1734.27978515625
Memory cached:  2636.0
	 epoch  50 training error:  tensor(0.0793, grad_fn=<ToCopyBackward0>)
Memory status after this epoch: 
Memory allocated:  1734.27978515625
Memory cached:  2636.0
	 epoch  60 training error:  tensor(0.0911, grad_fn=<ToCopyBackward0>)
Memory status after this epoch: 
Memory allocated:  1734.27978515625
Memory cached:  2636.0
	 epoch  70 training error:  tensor(0.0631, grad_fn=<ToCopyBackward0>)
Memory status after this epoch: 
Memory allocated:  1734.27978515625
Memory cached:  2636.0
	 epoch  80 training error:  tensor(0.0633, grad_fn=<ToCopyBackward0>)
Memory status after this epoch: 
Memory allocated:  1734.27978515625
Memory cached:  2636.0
	 epoch  90 training error:  tensor(0.0641, grad_fn=<ToCopyBackward0>)
Memory status after this epoch: 
Memory allocated:  1734.27978515625
Memory cached:  2636.0
[I 2024-03-02 12:15:16,048] Trial 50 finished with value: 0.06990495324134827 and parameters: {'W_layers': 5, 'W_layer_units_exponent_0': 5, 'W_layer_units_exponent_1': 9, 'W_layer_units_exponent_2': 8, 'W_layer_units_exponent_3': 5, 'W_layer_units_exponent_4': 5, 'D_layers': 5, 'D_layer_units_exponent_0': 8, 'D_layer_units_exponent_1': 9, 'D_layer_units_exponent_2': 8, 'D_layer_units_exponent_3': 4, 'D_layer_units_exponent_4': 10, 'D_dagger_layers': 8, 'D_dagger_layer_units_exponent_0': 8, 'D_dagger_layer_units_exponent_1': 9, 'D_dagger_layer_units_exponent_2': 8, 'D_dagger_layer_units_exponent_3': 5, 'D_dagger_layer_units_exponent_4': 5, 'D_dagger_layer_units_exponent_5': 9, 'D_dagger_layer_units_exponent_6': 6, 'D_dagger_layer_units_exponent_7': 7, 'log_learning_rate': -2.0661545246629194, 'log_learning_rate_D': -3.565134707553611, 'log_learning_rate_D_dagger': -3.6280932807375024, 'training_batch_size': 6, 'training_p': 7}. Best is trial 27 with value: 0.019390789791941643.
Time for this trial:  3831.6872680187225
Memory status after this trial: 
Memory allocated:  2691.22412109375
Memory cached:  2734.0
--------------------  Trial  51   --------------------
Start timing: 
Parameters: 
{'W_layers': 5, 'W_layer_units_exponent_0': 5, 'W_layer_units_exponent_1': 10, 'W_layer_units_exponent_2': 6, 'W_layer_units_exponent_3': 7, 'W_layer_units_exponent_4': 9, 'D_layers': 5, 'D_layer_units_exponent_0': 10, 'D_layer_units_exponent_1': 8, 'D_layer_units_exponent_2': 10, 'D_layer_units_exponent_3': 10, 'D_layer_units_exponent_4': 10, 'D_dagger_layers': 6, 'D_dagger_layer_units_exponent_0': 8, 'D_dagger_layer_units_exponent_1': 9, 'D_dagger_layer_units_exponent_2': 7, 'D_dagger_layer_units_exponent_3': 6, 'D_dagger_layer_units_exponent_4': 4, 'D_dagger_layer_units_exponent_5': 8, 'log_learning_rate': -1.8416405062703205, 'log_learning_rate_D': -3.833998630762282, 'log_learning_rate_D_dagger': -3.381971291119639, 'training_batch_size': 6, 'training_p': 6}
	 epoch  0 training error:  tensor(5.2669, grad_fn=<ToCopyBackward0>)
Memory status after this epoch: 
Memory allocated:  1776.982421875
Memory cached:  2716.0
	 epoch  10 training error:  tensor(0.3464, grad_fn=<ToCopyBackward0>)
Memory status after this epoch: 
Memory allocated:  1776.982421875
Memory cached:  2716.0
	 epoch  20 training error:  tensor(0.3091, grad_fn=<ToCopyBackward0>)
Memory status after this epoch: 
Memory allocated:  1776.982421875
Memory cached:  2716.0
	 epoch  30 training error:  tensor(0.1588, grad_fn=<ToCopyBackward0>)
Memory status after this epoch: 
Memory allocated:  1776.982421875
Memory cached:  2716.0
	 epoch  40 training error:  tensor(0.1246, grad_fn=<ToCopyBackward0>)
Memory status after this epoch: 
Memory allocated:  1776.982421875
Memory cached:  2716.0
	 epoch  50 training error:  tensor(0.0915, grad_fn=<ToCopyBackward0>)
Memory status after this epoch: 
Memory allocated:  1776.982421875
Memory cached:  2716.0
	 epoch  60 training error:  tensor(0.0649, grad_fn=<ToCopyBackward0>)
Memory status after this epoch: 
Memory allocated:  1776.982421875
Memory cached:  2716.0
	 epoch  70 training error:  tensor(0.0701, grad_fn=<ToCopyBackward0>)
Memory status after this epoch: 
Memory allocated:  1776.982421875
Memory cached:  2716.0
	 epoch  80 training error:  tensor(0.0701, grad_fn=<ToCopyBackward0>)
Memory status after this epoch: 
Memory allocated:  1776.982421875
Memory cached:  2716.0
	 epoch  90 training error:  tensor(0.0399, grad_fn=<ToCopyBackward0>)
Memory status after this epoch: 
Memory allocated:  1776.982421875
Memory cached:  2716.0
[I 2024-03-02 13:15:52,322] Trial 51 finished with value: 0.051674630492925644 and parameters: {'W_layers': 5, 'W_layer_units_exponent_0': 5, 'W_layer_units_exponent_1': 10, 'W_layer_units_exponent_2': 6, 'W_layer_units_exponent_3': 7, 'W_layer_units_exponent_4': 9, 'D_layers': 5, 'D_layer_units_exponent_0': 10, 'D_layer_units_exponent_1': 8, 'D_layer_units_exponent_2': 10, 'D_layer_units_exponent_3': 10, 'D_layer_units_exponent_4': 10, 'D_dagger_layers': 6, 'D_dagger_layer_units_exponent_0': 8, 'D_dagger_layer_units_exponent_1': 9, 'D_dagger_layer_units_exponent_2': 7, 'D_dagger_layer_units_exponent_3': 6, 'D_dagger_layer_units_exponent_4': 4, 'D_dagger_layer_units_exponent_5': 8, 'log_learning_rate': -1.8416405062703205, 'log_learning_rate_D': -3.833998630762282, 'log_learning_rate_D_dagger': -3.381971291119639, 'training_batch_size': 6, 'training_p': 6}. Best is trial 27 with value: 0.019390789791941643.
Time for this trial:  3635.197108030319
Memory status after this trial: 
Memory allocated:  3236.86962890625
Memory cached:  3274.0
--------------------  Trial  52   --------------------
Start timing: 
Parameters: 
{'W_layers': 5, 'W_layer_units_exponent_0': 5, 'W_layer_units_exponent_1': 10, 'W_layer_units_exponent_2': 7, 'W_layer_units_exponent_3': 7, 'W_layer_units_exponent_4': 9, 'D_layers': 5, 'D_layer_units_exponent_0': 10, 'D_layer_units_exponent_1': 8, 'D_layer_units_exponent_2': 10, 'D_layer_units_exponent_3': 10, 'D_layer_units_exponent_4': 10, 'D_dagger_layers': 6, 'D_dagger_layer_units_exponent_0': 8, 'D_dagger_layer_units_exponent_1': 9, 'D_dagger_layer_units_exponent_2': 6, 'D_dagger_layer_units_exponent_3': 6, 'D_dagger_layer_units_exponent_4': 4, 'D_dagger_layer_units_exponent_5': 8, 'log_learning_rate': -1.695087081091144, 'log_learning_rate_D': -4.075031151097049, 'log_learning_rate_D_dagger': -2.945848993549443, 'training_batch_size': 6, 'training_p': 6}
	 epoch  0 training error:  tensor(19.5241, grad_fn=<ToCopyBackward0>)
Memory status after this epoch: 
Memory allocated:  1777.685546875
Memory cached:  2716.0
	 epoch  10 training error:  tensor(0.3485, grad_fn=<ToCopyBackward0>)
Memory status after this epoch: 
Memory allocated:  1777.685546875
Memory cached:  2716.0
	 epoch  20 training error:  tensor(0.2087, grad_fn=<ToCopyBackward0>)
Memory status after this epoch: 
Memory allocated:  1777.685546875
Memory cached:  2716.0
	 epoch  30 training error:  tensor(0.3717, grad_fn=<ToCopyBackward0>)
Memory status after this epoch: 
Memory allocated:  1777.685546875
Memory cached:  2716.0
	 epoch  40 training error:  tensor(0.0878, grad_fn=<ToCopyBackward0>)
Memory status after this epoch: 
Memory allocated:  1777.685546875
Memory cached:  2716.0
	 epoch  50 training error:  tensor(0.0618, grad_fn=<ToCopyBackward0>)
Memory status after this epoch: 
Memory allocated:  1777.685546875
Memory cached:  2716.0
	 epoch  60 training error:  tensor(0.0538, grad_fn=<ToCopyBackward0>)
Memory status after this epoch: 
Memory allocated:  1777.685546875
Memory cached:  2716.0
	 epoch  70 training error:  tensor(0.0624, grad_fn=<ToCopyBackward0>)
Memory status after this epoch: 
Memory allocated:  1777.685546875
Memory cached:  2716.0
	 epoch  80 training error:  tensor(0.0740, grad_fn=<ToCopyBackward0>)
Memory status after this epoch: 
Memory allocated:  1777.685546875
Memory cached:  2716.0
	 epoch  90 training error:  tensor(0.0473, grad_fn=<ToCopyBackward0>)
Memory status after this epoch: 
Memory allocated:  1777.685546875
Memory cached:  2716.0
[I 2024-03-02 14:16:25,925] Trial 52 finished with value: 0.028744135051965714 and parameters: {'W_layers': 5, 'W_layer_units_exponent_0': 5, 'W_layer_units_exponent_1': 10, 'W_layer_units_exponent_2': 7, 'W_layer_units_exponent_3': 7, 'W_layer_units_exponent_4': 9, 'D_layers': 5, 'D_layer_units_exponent_0': 10, 'D_layer_units_exponent_1': 8, 'D_layer_units_exponent_2': 10, 'D_layer_units_exponent_3': 10, 'D_layer_units_exponent_4': 10, 'D_dagger_layers': 6, 'D_dagger_layer_units_exponent_0': 8, 'D_dagger_layer_units_exponent_1': 9, 'D_dagger_layer_units_exponent_2': 6, 'D_dagger_layer_units_exponent_3': 6, 'D_dagger_layer_units_exponent_4': 4, 'D_dagger_layer_units_exponent_5': 8, 'log_learning_rate': -1.695087081091144, 'log_learning_rate_D': -4.075031151097049, 'log_learning_rate_D_dagger': -2.945848993549443, 'training_batch_size': 6, 'training_p': 6}. Best is trial 27 with value: 0.019390789791941643.
Time for this trial:  3632.585959672928
Memory status after this trial: 
Memory allocated:  3237.01025390625
Memory cached:  3274.0
--------------------  Trial  53   --------------------
Start timing: 
Parameters: 
{'W_layers': 5, 'W_layer_units_exponent_0': 5, 'W_layer_units_exponent_1': 9, 'W_layer_units_exponent_2': 7, 'W_layer_units_exponent_3': 8, 'W_layer_units_exponent_4': 10, 'D_layers': 4, 'D_layer_units_exponent_0': 9, 'D_layer_units_exponent_1': 9, 'D_layer_units_exponent_2': 10, 'D_layer_units_exponent_3': 10, 'D_dagger_layers': 7, 'D_dagger_layer_units_exponent_0': 7, 'D_dagger_layer_units_exponent_1': 10, 'D_dagger_layer_units_exponent_2': 6, 'D_dagger_layer_units_exponent_3': 6, 'D_dagger_layer_units_exponent_4': 4, 'D_dagger_layer_units_exponent_5': 7, 'D_dagger_layer_units_exponent_6': 7, 'log_learning_rate': -1.3593458811240189, 'log_learning_rate_D': -4.1288576647497575, 'log_learning_rate_D_dagger': -2.750693221877853, 'training_batch_size': 6, 'training_p': 5}
	 epoch  0 training error:  tensor(407.6779, grad_fn=<ToCopyBackward0>)
Memory status after this epoch: 
Memory allocated:  1766.49169921875
Memory cached:  2716.0
	 epoch  10 training error:  tensor(0.3871, grad_fn=<ToCopyBackward0>)
Memory status after this epoch: 
Memory allocated:  1766.49169921875
Memory cached:  2716.0
	 epoch  20 training error:  tensor(0.3197, grad_fn=<ToCopyBackward0>)
Memory status after this epoch: 
Memory allocated:  1766.49169921875
Memory cached:  2716.0
	 epoch  30 training error:  tensor(0.2844, grad_fn=<ToCopyBackward0>)
Memory status after this epoch: 
Memory allocated:  1766.49169921875
Memory cached:  2716.0
	 epoch  40 training error:  tensor(0.2005, grad_fn=<ToCopyBackward0>)
Memory status after this epoch: 
Memory allocated:  1766.49169921875
Memory cached:  2716.0
	 epoch  50 training error:  tensor(0.1111, grad_fn=<ToCopyBackward0>)
Memory status after this epoch: 
Memory allocated:  1766.49169921875
Memory cached:  2716.0
	 epoch  60 training error:  tensor(0.0875, grad_fn=<ToCopyBackward0>)
Memory status after this epoch: 
Memory allocated:  1766.49169921875
Memory cached:  2716.0
	 epoch  70 training error:  tensor(0.0611, grad_fn=<ToCopyBackward0>)
Memory status after this epoch: 
Memory allocated:  1766.49169921875
Memory cached:  2716.0
	 epoch  80 training error:  tensor(0.0514, grad_fn=<ToCopyBackward0>)
Memory status after this epoch: 
Memory allocated:  1766.49169921875
Memory cached:  2716.0
	 epoch  90 training error:  tensor(0.0461, grad_fn=<ToCopyBackward0>)
Memory status after this epoch: 
Memory allocated:  1766.49169921875
Memory cached:  2716.0
