[I 2023-12-20 17:32:02,957] Trial 194 finished with value: 0.19497495889663696 and parameters: {'W_layers': 5, 'W_layer_units_exponent_0': 8, 'W_layer_units_exponent_1': 10, 'W_layer_units_exponent_2': 6, 'W_layer_units_exponent_3': 6, 'W_layer_units_exponent_4': 6, 'D_layers': 5, 'D_layer_units_exponent_0': 7, 'D_layer_units_exponent_1': 9, 'D_layer_units_exponent_2': 9, 'D_layer_units_exponent_3': 8, 'D_layer_units_exponent_4': 4, 'D_dagger_layers': 3, 'D_dagger_layer_units_exponent_0': 9, 'D_dagger_layer_units_exponent_1': 4, 'D_dagger_layer_units_exponent_2': 4, 'log_learning_rate': -3.106027671519994, 'log_learning_rate_D': -4.645107821362496, 'log_learning_rate_D_dagger': -2.311311780771128, 'training_batch_size': 6, 'training_p': 4}. Best is trial 171 with value: 0.11988115310668945.
Time for this trial:  323.22445487976074
Memory status after this trial: 
Memory allocated:  363.2392578125
Memory cached:  372.0
--------------------  Trial  195   --------------------
Start timing: 
Parameters: 
{'W_layers': 5, 'W_layer_units_exponent_0': 8, 'W_layer_units_exponent_1': 10, 'W_layer_units_exponent_2': 6, 'W_layer_units_exponent_3': 6, 'W_layer_units_exponent_4': 5, 'D_layers': 5, 'D_layer_units_exponent_0': 10, 'D_layer_units_exponent_1': 9, 'D_layer_units_exponent_2': 7, 'D_layer_units_exponent_3': 8, 'D_layer_units_exponent_4': 5, 'D_dagger_layers': 3, 'D_dagger_layer_units_exponent_0': 9, 'D_dagger_layer_units_exponent_1': 4, 'D_dagger_layer_units_exponent_2': 5, 'log_learning_rate': -3.3036678616988233, 'log_learning_rate_D': -3.8251164675415024, 'log_learning_rate_D_dagger': -3.152320896708654, 'training_batch_size': 6, 'training_p': 7}
	 epoch  0 training error:  tensor(1.0110, device='cuda:0', grad_fn=<DivBackward0>)
Memory status after this epoch: 
Memory allocated:  188.99462890625
Memory cached:  386.0
	 epoch  10 training error:  tensor(0.5915, device='cuda:0', grad_fn=<DivBackward0>)
Memory status after this epoch: 
Memory allocated:  188.99462890625
Memory cached:  390.0
	 epoch  20 training error:  tensor(0.5434, device='cuda:0', grad_fn=<DivBackward0>)
Memory status after this epoch: 
Memory allocated:  188.99462890625
Memory cached:  392.0
	 epoch  30 training error:  tensor(0.5333, device='cuda:0', grad_fn=<DivBackward0>)
Memory status after this epoch: 
Memory allocated:  188.99462890625
Memory cached:  392.0
	 epoch  40 training error:  tensor(0.5342, device='cuda:0', grad_fn=<DivBackward0>)
Memory status after this epoch: 
Memory allocated:  188.99462890625
Memory cached:  386.0
	 epoch  50 training error:  tensor(0.5383, device='cuda:0', grad_fn=<DivBackward0>)
Memory status after this epoch: 
Memory allocated:  188.99462890625
Memory cached:  386.0
	 epoch  60 training error:  tensor(0.5468, device='cuda:0', grad_fn=<DivBackward0>)
Memory status after this epoch: 
Memory allocated:  188.99462890625
Memory cached:  386.0
	 epoch  70 training error:  tensor(0.5379, device='cuda:0', grad_fn=<DivBackward0>)
Memory status after this epoch: 
Memory allocated:  188.99462890625
Memory cached:  390.0
	 epoch  80 training error:  tensor(0.5354, device='cuda:0', grad_fn=<DivBackward0>)
Memory status after this epoch: 
Memory allocated:  188.99462890625
Memory cached:  390.0
	 epoch  90 training error:  tensor(0.5276, device='cuda:0', grad_fn=<DivBackward0>)
Memory status after this epoch: 
Memory allocated:  188.99462890625
Memory cached:  390.0
[I 2023-12-20 17:37:32,106] Trial 195 finished with value: 0.4161439538002014 and parameters: {'W_layers': 5, 'W_layer_units_exponent_0': 8, 'W_layer_units_exponent_1': 10, 'W_layer_units_exponent_2': 6, 'W_layer_units_exponent_3': 6, 'W_layer_units_exponent_4': 5, 'D_layers': 5, 'D_layer_units_exponent_0': 10, 'D_layer_units_exponent_1': 9, 'D_layer_units_exponent_2': 7, 'D_layer_units_exponent_3': 8, 'D_layer_units_exponent_4': 5, 'D_dagger_layers': 3, 'D_dagger_layer_units_exponent_0': 9, 'D_dagger_layer_units_exponent_1': 4, 'D_dagger_layer_units_exponent_2': 5, 'log_learning_rate': -3.3036678616988233, 'log_learning_rate_D': -3.8251164675415024, 'log_learning_rate_D_dagger': -3.152320896708654, 'training_batch_size': 6, 'training_p': 7}. Best is trial 171 with value: 0.11988115310668945.
Time for this trial:  328.7077431678772
Memory status after this trial: 
Memory allocated:  391.2890625
Memory cached:  412.0
--------------------  Trial  196   --------------------
Start timing: 
Parameters: 
{'W_layers': 5, 'W_layer_units_exponent_0': 8, 'W_layer_units_exponent_1': 10, 'W_layer_units_exponent_2': 6, 'W_layer_units_exponent_3': 6, 'W_layer_units_exponent_4': 6, 'D_layers': 5, 'D_layer_units_exponent_0': 7, 'D_layer_units_exponent_1': 9, 'D_layer_units_exponent_2': 8, 'D_layer_units_exponent_3': 8, 'D_layer_units_exponent_4': 4, 'D_dagger_layers': 5, 'D_dagger_layer_units_exponent_0': 9, 'D_dagger_layer_units_exponent_1': 4, 'D_dagger_layer_units_exponent_2': 4, 'D_dagger_layer_units_exponent_3': 5, 'D_dagger_layer_units_exponent_4': 6, 'log_learning_rate': -2.926214850555831, 'log_learning_rate_D': -4.28582575723137, 'log_learning_rate_D_dagger': -3.0419371902142984, 'training_batch_size': 6, 'training_p': 7}
	 epoch  0 training error:  tensor(0.8719, device='cuda:0', grad_fn=<DivBackward0>)
Memory status after this epoch: 
Memory allocated:  183.47705078125
Memory cached:  368.0
	 epoch  10 training error:  tensor(0.5509, device='cuda:0', grad_fn=<DivBackward0>)
Memory status after this epoch: 
Memory allocated:  183.47705078125
Memory cached:  382.0
	 epoch  20 training error:  tensor(0.5349, device='cuda:0', grad_fn=<DivBackward0>)
Memory status after this epoch: 
Memory allocated:  183.47705078125
Memory cached:  380.0
	 epoch  30 training error:  tensor(0.5347, device='cuda:0', grad_fn=<DivBackward0>)
Memory status after this epoch: 
Memory allocated:  183.47705078125
Memory cached:  380.0
	 epoch  40 training error:  tensor(0.5388, device='cuda:0', grad_fn=<DivBackward0>)
Memory status after this epoch: 
Memory allocated:  183.47705078125
Memory cached:  370.0
	 epoch  50 training error:  tensor(0.5272, device='cuda:0', grad_fn=<DivBackward0>)
Memory status after this epoch: 
Memory allocated:  183.47705078125
Memory cached:  370.0
	 epoch  60 training error:  tensor(0.5300, device='cuda:0', grad_fn=<DivBackward0>)
Memory status after this epoch: 
Memory allocated:  183.47705078125
Memory cached:  376.0
	 epoch  70 training error:  tensor(0.5345, device='cuda:0', grad_fn=<DivBackward0>)
Memory status after this epoch: 
Memory allocated:  183.47705078125
Memory cached:  380.0
	 epoch  80 training error:  tensor(0.5324, device='cuda:0', grad_fn=<DivBackward0>)
Memory status after this epoch: 
Memory allocated:  183.47705078125
Memory cached:  380.0
	 epoch  90 training error:  tensor(0.5205, device='cuda:0', grad_fn=<DivBackward0>)
Memory status after this epoch: 
Memory allocated:  183.47705078125
Memory cached:  376.0
[I 2023-12-20 17:43:19,764] Trial 196 finished with value: 0.4138405919075012 and parameters: {'W_layers': 5, 'W_layer_units_exponent_0': 8, 'W_layer_units_exponent_1': 10, 'W_layer_units_exponent_2': 6, 'W_layer_units_exponent_3': 6, 'W_layer_units_exponent_4': 6, 'D_layers': 5, 'D_layer_units_exponent_0': 7, 'D_layer_units_exponent_1': 9, 'D_layer_units_exponent_2': 8, 'D_layer_units_exponent_3': 8, 'D_layer_units_exponent_4': 4, 'D_dagger_layers': 5, 'D_dagger_layer_units_exponent_0': 9, 'D_dagger_layer_units_exponent_1': 4, 'D_dagger_layer_units_exponent_2': 4, 'D_dagger_layer_units_exponent_3': 5, 'D_dagger_layer_units_exponent_4': 6, 'log_learning_rate': -2.926214850555831, 'log_learning_rate_D': -4.28582575723137, 'log_learning_rate_D_dagger': -3.0419371902142984, 'training_batch_size': 6, 'training_p': 7}. Best is trial 171 with value: 0.11988115310668945.
Time for this trial:  347.0444493293762
Memory status after this trial: 
Memory allocated:  353.0087890625
Memory cached:  376.0
--------------------  Trial  197   --------------------
Start timing: 
Parameters: 
{'W_layers': 5, 'W_layer_units_exponent_0': 8, 'W_layer_units_exponent_1': 10, 'W_layer_units_exponent_2': 6, 'W_layer_units_exponent_3': 6, 'W_layer_units_exponent_4': 5, 'D_layers': 5, 'D_layer_units_exponent_0': 7, 'D_layer_units_exponent_1': 9, 'D_layer_units_exponent_2': 9, 'D_layer_units_exponent_3': 8, 'D_layer_units_exponent_4': 5, 'D_dagger_layers': 3, 'D_dagger_layer_units_exponent_0': 10, 'D_dagger_layer_units_exponent_1': 7, 'D_dagger_layer_units_exponent_2': 5, 'log_learning_rate': -1.9573539258590378, 'log_learning_rate_D': -4.175063038508151, 'log_learning_rate_D_dagger': -2.4897766213164703, 'training_batch_size': 6, 'training_p': 3}
	 epoch  0 training error:  tensor(1.8645, device='cuda:0', grad_fn=<DivBackward0>)
Memory status after this epoch: 
Memory allocated:  188.42626953125
Memory cached:  366.0
	 epoch  10 training error:  tensor(0.6423, device='cuda:0', grad_fn=<DivBackward0>)
Memory status after this epoch: 
Memory allocated:  188.42626953125
Memory cached:  366.0
	 epoch  20 training error:  tensor(0.4136, device='cuda:0', grad_fn=<DivBackward0>)
Memory status after this epoch: 
Memory allocated:  188.42626953125
Memory cached:  366.0
	 epoch  30 training error:  tensor(0.3811, device='cuda:0', grad_fn=<DivBackward0>)
Memory status after this epoch: 
Memory allocated:  188.42626953125
Memory cached:  366.0
	 epoch  40 training error:  tensor(0.3794, device='cuda:0', grad_fn=<DivBackward0>)
Memory status after this epoch: 
Memory allocated:  188.42626953125
Memory cached:  366.0
	 epoch  50 training error:  tensor(0.3692, device='cuda:0', grad_fn=<DivBackward0>)
Memory status after this epoch: 
Memory allocated:  188.42626953125
Memory cached:  366.0
	 epoch  60 training error:  tensor(0.3637, device='cuda:0', grad_fn=<DivBackward0>)
Memory status after this epoch: 
Memory allocated:  188.42626953125
Memory cached:  366.0
	 epoch  70 training error:  tensor(0.3725, device='cuda:0', grad_fn=<DivBackward0>)
Memory status after this epoch: 
Memory allocated:  188.42626953125
Memory cached:  366.0
	 epoch  80 training error:  tensor(0.3480, device='cuda:0', grad_fn=<DivBackward0>)
Memory status after this epoch: 
Memory allocated:  188.42626953125
Memory cached:  366.0
	 epoch  90 training error:  tensor(0.3061, device='cuda:0', grad_fn=<DivBackward0>)
Memory status after this epoch: 
Memory allocated:  188.42626953125
Memory cached:  366.0
[I 2023-12-20 17:48:46,610] Trial 197 finished with value: 0.20103450119495392 and parameters: {'W_layers': 5, 'W_layer_units_exponent_0': 8, 'W_layer_units_exponent_1': 10, 'W_layer_units_exponent_2': 6, 'W_layer_units_exponent_3': 6, 'W_layer_units_exponent_4': 5, 'D_layers': 5, 'D_layer_units_exponent_0': 7, 'D_layer_units_exponent_1': 9, 'D_layer_units_exponent_2': 9, 'D_layer_units_exponent_3': 8, 'D_layer_units_exponent_4': 5, 'D_dagger_layers': 3, 'D_dagger_layer_units_exponent_0': 10, 'D_dagger_layer_units_exponent_1': 7, 'D_dagger_layer_units_exponent_2': 5, 'log_learning_rate': -1.9573539258590378, 'log_learning_rate_D': -4.175063038508151, 'log_learning_rate_D_dagger': -2.4897766213164703, 'training_batch_size': 6, 'training_p': 3}. Best is trial 171 with value: 0.11988115310668945.
Time for this trial:  326.44310760498047
Memory status after this trial: 
Memory allocated:  397.0888671875
Memory cached:  406.0
--------------------  Trial  198   --------------------
Start timing: 
Parameters: 
{'W_layers': 5, 'W_layer_units_exponent_0': 8, 'W_layer_units_exponent_1': 4, 'W_layer_units_exponent_2': 6, 'W_layer_units_exponent_3': 8, 'W_layer_units_exponent_4': 5, 'D_layers': 5, 'D_layer_units_exponent_0': 7, 'D_layer_units_exponent_1': 8, 'D_layer_units_exponent_2': 8, 'D_layer_units_exponent_3': 7, 'D_layer_units_exponent_4': 5, 'D_dagger_layers': 3, 'D_dagger_layer_units_exponent_0': 9, 'D_dagger_layer_units_exponent_1': 4, 'D_dagger_layer_units_exponent_2': 10, 'log_learning_rate': -3.058577551643155, 'log_learning_rate_D': -4.066528082261442, 'log_learning_rate_D_dagger': -2.236548970856294, 'training_batch_size': 6, 'training_p': 7}
	 epoch  0 training error:  tensor(1.1559, device='cuda:0', grad_fn=<DivBackward0>)
Memory status after this epoch: 
Memory allocated:  177.01806640625
Memory cached:  372.0
	 epoch  10 training error:  tensor(0.5903, device='cuda:0', grad_fn=<DivBackward0>)
Memory status after this epoch: 
Memory allocated:  177.01806640625
Memory cached:  380.0
	 epoch  20 training error:  tensor(0.5706, device='cuda:0', grad_fn=<DivBackward0>)
Memory status after this epoch: 
Memory allocated:  177.01806640625
Memory cached:  380.0
	 epoch  30 training error:  tensor(0.5799, device='cuda:0', grad_fn=<DivBackward0>)
Memory status after this epoch: 
Memory allocated:  177.01806640625
Memory cached:  380.0
	 epoch  40 training error:  tensor(0.5407, device='cuda:0', grad_fn=<DivBackward0>)
Memory status after this epoch: 
Memory allocated:  177.01806640625
Memory cached:  380.0
	 epoch  50 training error:  tensor(0.5442, device='cuda:0', grad_fn=<DivBackward0>)
Memory status after this epoch: 
Memory allocated:  177.01806640625
Memory cached:  372.0
	 epoch  60 training error:  tensor(0.5396, device='cuda:0', grad_fn=<DivBackward0>)
Memory status after this epoch: 
Memory allocated:  177.01806640625
Memory cached:  378.0
	 epoch  70 training error:  tensor(0.5341, device='cuda:0', grad_fn=<DivBackward0>)
Memory status after this epoch: 
Memory allocated:  177.01806640625
Memory cached:  376.0
	 epoch  80 training error:  tensor(0.5239, device='cuda:0', grad_fn=<DivBackward0>)
Memory status after this epoch: 
Memory allocated:  177.01806640625
Memory cached:  372.0
	 epoch  90 training error:  tensor(0.5531, device='cuda:0', grad_fn=<DivBackward0>)
Memory status after this epoch: 
Memory allocated:  177.01806640625
Memory cached:  380.0
[I 2023-12-20 17:54:06,166] Trial 198 finished with value: 0.36297139525413513 and parameters: {'W_layers': 5, 'W_layer_units_exponent_0': 8, 'W_layer_units_exponent_1': 4, 'W_layer_units_exponent_2': 6, 'W_layer_units_exponent_3': 8, 'W_layer_units_exponent_4': 5, 'D_layers': 5, 'D_layer_units_exponent_0': 7, 'D_layer_units_exponent_1': 8, 'D_layer_units_exponent_2': 8, 'D_layer_units_exponent_3': 7, 'D_layer_units_exponent_4': 5, 'D_dagger_layers': 3, 'D_dagger_layer_units_exponent_0': 9, 'D_dagger_layer_units_exponent_1': 4, 'D_dagger_layer_units_exponent_2': 10, 'log_learning_rate': -3.058577551643155, 'log_learning_rate_D': -4.066528082261442, 'log_learning_rate_D_dagger': -2.236548970856294, 'training_batch_size': 6, 'training_p': 7}. Best is trial 171 with value: 0.11988115310668945.
Time for this trial:  319.1219325065613
Memory status after this trial: 
Memory allocated:  326.39453125
Memory cached:  376.0
--------------------  Trial  199   --------------------
Start timing: 
Parameters: 
{'W_layers': 5, 'W_layer_units_exponent_0': 8, 'W_layer_units_exponent_1': 10, 'W_layer_units_exponent_2': 6, 'W_layer_units_exponent_3': 6, 'W_layer_units_exponent_4': 5, 'D_layers': 6, 'D_layer_units_exponent_0': 7, 'D_layer_units_exponent_1': 10, 'D_layer_units_exponent_2': 8, 'D_layer_units_exponent_3': 4, 'D_layer_units_exponent_4': 4, 'D_layer_units_exponent_5': 6, 'D_dagger_layers': 7, 'D_dagger_layer_units_exponent_0': 9, 'D_dagger_layer_units_exponent_1': 4, 'D_dagger_layer_units_exponent_2': 4, 'D_dagger_layer_units_exponent_3': 5, 'D_dagger_layer_units_exponent_4': 5, 'D_dagger_layer_units_exponent_5': 4, 'D_dagger_layer_units_exponent_6': 9, 'log_learning_rate': -2.052476985718255, 'log_learning_rate_D': -3.972265684776109, 'log_learning_rate_D_dagger': -3.2441104351670567, 'training_batch_size': 6, 'training_p': 4}
	 epoch  0 training error:  tensor(2.0273, device='cuda:0', grad_fn=<DivBackward0>)
Memory status after this epoch: 
Memory allocated:  185.60595703125
Memory cached:  366.0
	 epoch  10 training error:  tensor(0.4952, device='cuda:0', grad_fn=<DivBackward0>)
Memory status after this epoch: 
Memory allocated:  185.60595703125
Memory cached:  368.0
	 epoch  20 training error:  tensor(0.4645, device='cuda:0', grad_fn=<DivBackward0>)
Memory status after this epoch: 
Memory allocated:  185.60595703125
Memory cached:  374.0
	 epoch  30 training error:  tensor(0.4484, device='cuda:0', grad_fn=<DivBackward0>)
Memory status after this epoch: 
Memory allocated:  185.60595703125
Memory cached:  370.0
	 epoch  40 training error:  tensor(0.4434, device='cuda:0', grad_fn=<DivBackward0>)
Memory status after this epoch: 
Memory allocated:  185.60595703125
Memory cached:  366.0
	 epoch  50 training error:  tensor(0.4369, device='cuda:0', grad_fn=<DivBackward0>)
Memory status after this epoch: 
Memory allocated:  185.60595703125
Memory cached:  372.0
	 epoch  60 training error:  tensor(0.4438, device='cuda:0', grad_fn=<DivBackward0>)
Memory status after this epoch: 
Memory allocated:  185.60595703125
Memory cached:  374.0
	 epoch  70 training error:  tensor(0.4394, device='cuda:0', grad_fn=<DivBackward0>)
Memory status after this epoch: 
Memory allocated:  185.60595703125
Memory cached:  370.0
	 epoch  80 training error:  tensor(0.4420, device='cuda:0', grad_fn=<DivBackward0>)
Memory status after this epoch: 
Memory allocated:  185.60595703125
Memory cached:  370.0
	 epoch  90 training error:  tensor(0.4308, device='cuda:0', grad_fn=<DivBackward0>)
Memory status after this epoch: 
Memory allocated:  185.60595703125
Memory cached:  366.0
[I 2023-12-20 18:00:42,483] Trial 199 finished with value: 0.3277861773967743 and parameters: {'W_layers': 5, 'W_layer_units_exponent_0': 8, 'W_layer_units_exponent_1': 10, 'W_layer_units_exponent_2': 6, 'W_layer_units_exponent_3': 6, 'W_layer_units_exponent_4': 5, 'D_layers': 6, 'D_layer_units_exponent_0': 7, 'D_layer_units_exponent_1': 10, 'D_layer_units_exponent_2': 8, 'D_layer_units_exponent_3': 4, 'D_layer_units_exponent_4': 4, 'D_layer_units_exponent_5': 6, 'D_dagger_layers': 7, 'D_dagger_layer_units_exponent_0': 9, 'D_dagger_layer_units_exponent_1': 4, 'D_dagger_layer_units_exponent_2': 4, 'D_dagger_layer_units_exponent_3': 5, 'D_dagger_layer_units_exponent_4': 5, 'D_dagger_layer_units_exponent_5': 4, 'D_dagger_layer_units_exponent_6': 9, 'log_learning_rate': -2.052476985718255, 'log_learning_rate_D': -3.972265684776109, 'log_learning_rate_D_dagger': -3.2441104351670567, 'training_batch_size': 6, 'training_p': 4}. Best is trial 171 with value: 0.11988115310668945.
Time for this trial:  395.8132529258728
Memory status after this trial: 
Memory allocated:  393.4462890625
Memory cached:  400.0
--------------------  Trial  200   --------------------
Start timing: 
Parameters: 
{'W_layers': 5, 'W_layer_units_exponent_0': 8, 'W_layer_units_exponent_1': 10, 'W_layer_units_exponent_2': 7, 'W_layer_units_exponent_3': 6, 'W_layer_units_exponent_4': 5, 'D_layers': 5, 'D_layer_units_exponent_0': 7, 'D_layer_units_exponent_1': 9, 'D_layer_units_exponent_2': 8, 'D_layer_units_exponent_3': 8, 'D_layer_units_exponent_4': 5, 'D_dagger_layers': 3, 'D_dagger_layer_units_exponent_0': 9, 'D_dagger_layer_units_exponent_1': 4, 'D_dagger_layer_units_exponent_2': 5, 'log_learning_rate': -2.3447133057916703, 'log_learning_rate_D': -3.25950990900025, 'log_learning_rate_D_dagger': -2.3739032633180286, 'training_batch_size': 6, 'training_p': 7}
	 epoch  0 training error:  tensor(1.2992, device='cuda:0', grad_fn=<DivBackward0>)
Memory status after this epoch: 
Memory allocated:  184.53173828125
Memory cached:  372.0
	 epoch  10 training error:  tensor(0.5869, device='cuda:0', grad_fn=<DivBackward0>)
Memory status after this epoch: 
Memory allocated:  184.53173828125
Memory cached:  382.0
	 epoch  20 training error:  tensor(0.5342, device='cuda:0', grad_fn=<DivBackward0>)
Memory status after this epoch: 
Memory allocated:  184.53173828125
Memory cached:  382.0
	 epoch  30 training error:  tensor(0.5245, device='cuda:0', grad_fn=<DivBackward0>)
Memory status after this epoch: 
Memory allocated:  184.53173828125
Memory cached:  378.0
	 epoch  40 training error:  tensor(0.5277, device='cuda:0', grad_fn=<DivBackward0>)
Memory status after this epoch: 
Memory allocated:  184.53173828125
Memory cached:  382.0
	 epoch  50 training error:  tensor(0.5230, device='cuda:0', grad_fn=<DivBackward0>)
Memory status after this epoch: 
Memory allocated:  184.53173828125
Memory cached:  380.0
	 epoch  60 training error:  tensor(0.5169, device='cuda:0', grad_fn=<DivBackward0>)
Memory status after this epoch: 
Memory allocated:  184.53173828125
Memory cached:  382.0
	 epoch  70 training error:  tensor(0.4245, device='cuda:0', grad_fn=<DivBackward0>)
Memory status after this epoch: 
Memory allocated:  184.53173828125
Memory cached:  380.0
	 epoch  80 training error:  tensor(0.3086, device='cuda:0', grad_fn=<DivBackward0>)
Memory status after this epoch: 
Memory allocated:  184.53173828125
Memory cached:  374.0
	 epoch  90 training error:  tensor(0.3372, device='cuda:0', grad_fn=<DivBackward0>)
Memory status after this epoch: 
Memory allocated:  184.53173828125
Memory cached:  376.0
