[I 2024-01-03 19:47:56,207] Trial 84 finished with value: 0.33195629715919495 and parameters: {'W_layers': 6, 'W_layer_units_exponent_0': 10, 'W_layer_units_exponent_1': 7, 'W_layer_units_exponent_2': 8, 'W_layer_units_exponent_3': 6, 'W_layer_units_exponent_4': 6, 'W_layer_units_exponent_5': 7, 'D_layers': 5, 'D_layer_units_exponent_0': 10, 'D_layer_units_exponent_1': 5, 'D_layer_units_exponent_2': 9, 'D_layer_units_exponent_3': 10, 'D_layer_units_exponent_4': 7, 'D_dagger_layers': 6, 'D_dagger_layer_units_exponent_0': 10, 'D_dagger_layer_units_exponent_1': 10, 'D_dagger_layer_units_exponent_2': 8, 'D_dagger_layer_units_exponent_3': 7, 'D_dagger_layer_units_exponent_4': 7, 'D_dagger_layer_units_exponent_5': 10, 'log_learning_rate': -3.778281694121645, 'log_learning_rate_D': -3.2359980423926173, 'log_learning_rate_D_dagger': -3.251234931948926, 'training_batch_size': 12, 'training_p': 3}. Best is trial 71 with value: 0.1314663589000702.
Time for this trial:  252.592946767807
Memory status after this trial: 
Memory allocated:  785.6474609375
Memory cached:  806.0
--------------------  Trial  85   --------------------
Start timing: 
Parameters: 
{'W_layers': 5, 'W_layer_units_exponent_0': 9, 'W_layer_units_exponent_1': 7, 'W_layer_units_exponent_2': 8, 'W_layer_units_exponent_3': 4, 'W_layer_units_exponent_4': 8, 'D_layers': 4, 'D_layer_units_exponent_0': 10, 'D_layer_units_exponent_1': 6, 'D_layer_units_exponent_2': 8, 'D_layer_units_exponent_3': 9, 'D_dagger_layers': 5, 'D_dagger_layer_units_exponent_0': 10, 'D_dagger_layer_units_exponent_1': 9, 'D_dagger_layer_units_exponent_2': 4, 'D_dagger_layer_units_exponent_3': 6, 'D_dagger_layer_units_exponent_4': 8, 'log_learning_rate': -4.126130352078651, 'log_learning_rate_D': -2.8114827669071505, 'log_learning_rate_D_dagger': -3.074074035821943, 'training_batch_size': 11, 'training_p': 4}
	 epoch  0 training error:  tensor(0.9913, device='cuda:0', grad_fn=<DivBackward0>)
Memory status after this epoch: 
Memory allocated:  366.1669921875
Memory cached:  692.0
	 epoch  10 training error:  tensor(0.4377, device='cuda:0', grad_fn=<DivBackward0>)
Memory status after this epoch: 
Memory allocated:  366.1669921875
Memory cached:  728.0
	 epoch  20 training error:  tensor(0.4288, device='cuda:0', grad_fn=<DivBackward0>)
Memory status after this epoch: 
Memory allocated:  366.1669921875
Memory cached:  742.0
	 epoch  30 training error:  tensor(0.4177, device='cuda:0', grad_fn=<DivBackward0>)
Memory status after this epoch: 
Memory allocated:  366.1669921875
Memory cached:  732.0
	 epoch  40 training error:  tensor(0.3169, device='cuda:0', grad_fn=<DivBackward0>)
Memory status after this epoch: 
Memory allocated:  366.1669921875
Memory cached:  724.0
	 epoch  50 training error:  tensor(0.1942, device='cuda:0', grad_fn=<DivBackward0>)
Memory status after this epoch: 
Memory allocated:  366.1669921875
Memory cached:  732.0
	 epoch  60 training error:  tensor(0.2554, device='cuda:0', grad_fn=<DivBackward0>)
Memory status after this epoch: 
Memory allocated:  366.1669921875
Memory cached:  736.0
	 epoch  70 training error:  tensor(0.1404, device='cuda:0', grad_fn=<DivBackward0>)
Memory status after this epoch: 
Memory allocated:  366.1669921875
Memory cached:  732.0
	 epoch  80 training error:  tensor(0.1577, device='cuda:0', grad_fn=<DivBackward0>)
Memory status after this epoch: 
Memory allocated:  366.1669921875
Memory cached:  732.0
	 epoch  90 training error:  tensor(0.1840, device='cuda:0', grad_fn=<DivBackward0>)
Memory status after this epoch: 
Memory allocated:  366.1669921875
Memory cached:  738.0
[I 2024-01-03 19:51:19,402] Trial 85 finished with value: 0.15008673071861267 and parameters: {'W_layers': 5, 'W_layer_units_exponent_0': 9, 'W_layer_units_exponent_1': 7, 'W_layer_units_exponent_2': 8, 'W_layer_units_exponent_3': 4, 'W_layer_units_exponent_4': 8, 'D_layers': 4, 'D_layer_units_exponent_0': 10, 'D_layer_units_exponent_1': 6, 'D_layer_units_exponent_2': 8, 'D_layer_units_exponent_3': 9, 'D_dagger_layers': 5, 'D_dagger_layer_units_exponent_0': 10, 'D_dagger_layer_units_exponent_1': 9, 'D_dagger_layer_units_exponent_2': 4, 'D_dagger_layer_units_exponent_3': 6, 'D_dagger_layer_units_exponent_4': 8, 'log_learning_rate': -4.126130352078651, 'log_learning_rate_D': -2.8114827669071505, 'log_learning_rate_D_dagger': -3.074074035821943, 'training_batch_size': 11, 'training_p': 4}. Best is trial 71 with value: 0.1314663589000702.
Time for this trial:  202.76062512397766
Memory status after this trial: 
Memory allocated:  612.75634765625
Memory cached:  694.0
--------------------  Trial  86   --------------------
Start timing: 
Parameters: 
{'W_layers': 6, 'W_layer_units_exponent_0': 10, 'W_layer_units_exponent_1': 5, 'W_layer_units_exponent_2': 8, 'W_layer_units_exponent_3': 4, 'W_layer_units_exponent_4': 8, 'W_layer_units_exponent_5': 7, 'D_layers': 3, 'D_layer_units_exponent_0': 10, 'D_layer_units_exponent_1': 6, 'D_layer_units_exponent_2': 8, 'D_dagger_layers': 4, 'D_dagger_layer_units_exponent_0': 9, 'D_dagger_layer_units_exponent_1': 10, 'D_dagger_layer_units_exponent_2': 10, 'D_dagger_layer_units_exponent_3': 4, 'log_learning_rate': -4.17557646045122, 'log_learning_rate_D': -2.8238180193764855, 'log_learning_rate_D_dagger': -3.1467426469254702, 'training_batch_size': 10, 'training_p': 4}
	 epoch  0 training error:  tensor(0.9876, device='cuda:0', grad_fn=<DivBackward0>)
Memory status after this epoch: 
Memory allocated:  379.6240234375
Memory cached:  698.0
	 epoch  10 training error:  tensor(0.4516, device='cuda:0', grad_fn=<DivBackward0>)
Memory status after this epoch: 
Memory allocated:  379.6240234375
Memory cached:  728.0
	 epoch  20 training error:  tensor(0.4448, device='cuda:0', grad_fn=<DivBackward0>)
Memory status after this epoch: 
Memory allocated:  379.6240234375
Memory cached:  728.0
	 epoch  30 training error:  tensor(0.4415, device='cuda:0', grad_fn=<DivBackward0>)
Memory status after this epoch: 
Memory allocated:  379.6240234375
Memory cached:  716.0
	 epoch  40 training error:  tensor(0.4430, device='cuda:0', grad_fn=<DivBackward0>)
Memory status after this epoch: 
Memory allocated:  379.6240234375
Memory cached:  730.0
	 epoch  50 training error:  tensor(0.3878, device='cuda:0', grad_fn=<DivBackward0>)
Memory status after this epoch: 
Memory allocated:  379.6240234375
Memory cached:  718.0
	 epoch  60 training error:  tensor(0.3239, device='cuda:0', grad_fn=<DivBackward0>)
Memory status after this epoch: 
Memory allocated:  379.6240234375
Memory cached:  720.0
	 epoch  70 training error:  tensor(0.2951, device='cuda:0', grad_fn=<DivBackward0>)
Memory status after this epoch: 
Memory allocated:  379.6240234375
Memory cached:  718.0
	 epoch  80 training error:  tensor(0.2393, device='cuda:0', grad_fn=<DivBackward0>)
Memory status after this epoch: 
Memory allocated:  379.6240234375
Memory cached:  722.0
	 epoch  90 training error:  tensor(0.2251, device='cuda:0', grad_fn=<DivBackward0>)
Memory status after this epoch: 
Memory allocated:  379.6240234375
Memory cached:  722.0
[I 2024-01-03 19:54:43,833] Trial 86 finished with value: 0.13669665157794952 and parameters: {'W_layers': 6, 'W_layer_units_exponent_0': 10, 'W_layer_units_exponent_1': 5, 'W_layer_units_exponent_2': 8, 'W_layer_units_exponent_3': 4, 'W_layer_units_exponent_4': 8, 'W_layer_units_exponent_5': 7, 'D_layers': 3, 'D_layer_units_exponent_0': 10, 'D_layer_units_exponent_1': 6, 'D_layer_units_exponent_2': 8, 'D_dagger_layers': 4, 'D_dagger_layer_units_exponent_0': 9, 'D_dagger_layer_units_exponent_1': 10, 'D_dagger_layer_units_exponent_2': 10, 'D_dagger_layer_units_exponent_3': 4, 'log_learning_rate': -4.17557646045122, 'log_learning_rate_D': -2.8238180193764855, 'log_learning_rate_D_dagger': -3.1467426469254702, 'training_batch_size': 10, 'training_p': 4}. Best is trial 71 with value: 0.1314663589000702.
Time for this trial:  204.0114004611969
Memory status after this trial: 
Memory allocated:  663.78173828125
Memory cached:  700.0
--------------------  Trial  87   --------------------
Start timing: 
Parameters: 
{'W_layers': 5, 'W_layer_units_exponent_0': 10, 'W_layer_units_exponent_1': 4, 'W_layer_units_exponent_2': 7, 'W_layer_units_exponent_3': 4, 'W_layer_units_exponent_4': 8, 'D_layers': 3, 'D_layer_units_exponent_0': 10, 'D_layer_units_exponent_1': 7, 'D_layer_units_exponent_2': 8, 'D_dagger_layers': 4, 'D_dagger_layer_units_exponent_0': 10, 'D_dagger_layer_units_exponent_1': 10, 'D_dagger_layer_units_exponent_2': 4, 'D_dagger_layer_units_exponent_3': 4, 'log_learning_rate': -4.225718779592509, 'log_learning_rate_D': -2.647891119487124, 'log_learning_rate_D_dagger': -3.023157236017371, 'training_batch_size': 9, 'training_p': 5}
	 epoch  0 training error:  tensor(0.9303, device='cuda:0', grad_fn=<DivBackward0>)
Memory status after this epoch: 
Memory allocated:  372.0341796875
Memory cached:  686.0
	 epoch  10 training error:  tensor(0.5259, device='cuda:0', grad_fn=<DivBackward0>)
Memory status after this epoch: 
Memory allocated:  372.0341796875
Memory cached:  720.0
	 epoch  20 training error:  tensor(0.4896, device='cuda:0', grad_fn=<DivBackward0>)
Memory status after this epoch: 
Memory allocated:  372.0341796875
Memory cached:  720.0
	 epoch  30 training error:  tensor(0.4725, device='cuda:0', grad_fn=<DivBackward0>)
Memory status after this epoch: 
Memory allocated:  372.0341796875
Memory cached:  736.0
	 epoch  40 training error:  tensor(0.4642, device='cuda:0', grad_fn=<DivBackward0>)
Memory status after this epoch: 
Memory allocated:  372.0341796875
Memory cached:  734.0
	 epoch  50 training error:  tensor(0.4525, device='cuda:0', grad_fn=<DivBackward0>)
Memory status after this epoch: 
Memory allocated:  372.0341796875
Memory cached:  720.0
	 epoch  60 training error:  tensor(0.3703, device='cuda:0', grad_fn=<DivBackward0>)
Memory status after this epoch: 
Memory allocated:  372.0341796875
Memory cached:  726.0
	 epoch  70 training error:  tensor(0.2280, device='cuda:0', grad_fn=<DivBackward0>)
Memory status after this epoch: 
Memory allocated:  372.0341796875
Memory cached:  718.0
	 epoch  80 training error:  tensor(0.2020, device='cuda:0', grad_fn=<DivBackward0>)
Memory status after this epoch: 
Memory allocated:  372.0341796875
Memory cached:  716.0
	 epoch  90 training error:  tensor(0.1819, device='cuda:0', grad_fn=<DivBackward0>)
Memory status after this epoch: 
Memory allocated:  372.0341796875
Memory cached:  720.0
[I 2024-01-03 19:57:53,887] Trial 87 finished with value: 0.11369848251342773 and parameters: {'W_layers': 5, 'W_layer_units_exponent_0': 10, 'W_layer_units_exponent_1': 4, 'W_layer_units_exponent_2': 7, 'W_layer_units_exponent_3': 4, 'W_layer_units_exponent_4': 8, 'D_layers': 3, 'D_layer_units_exponent_0': 10, 'D_layer_units_exponent_1': 7, 'D_layer_units_exponent_2': 8, 'D_dagger_layers': 4, 'D_dagger_layer_units_exponent_0': 10, 'D_dagger_layer_units_exponent_1': 10, 'D_dagger_layer_units_exponent_2': 4, 'D_dagger_layer_units_exponent_3': 4, 'log_learning_rate': -4.225718779592509, 'log_learning_rate_D': -2.647891119487124, 'log_learning_rate_D_dagger': -3.023157236017371, 'training_batch_size': 9, 'training_p': 5}. Best is trial 87 with value: 0.11369848251342773.
res:  tensor(0.1137, device='cuda:0', grad_fn=<DivBackward0>)
self.bestValue:  tensor(0.1315, device='cuda:0', grad_fn=<DivBackward0>)
Save this model!
Time for this trial:  189.6783001422882
Memory status after this trial: 
Memory allocated:  269.17822265625
Memory cached:  610.0
--------------------  Trial  88   --------------------
Start timing: 
Parameters: 
{'W_layers': 5, 'W_layer_units_exponent_0': 10, 'W_layer_units_exponent_1': 4, 'W_layer_units_exponent_2': 7, 'W_layer_units_exponent_3': 4, 'W_layer_units_exponent_4': 8, 'D_layers': 3, 'D_layer_units_exponent_0': 9, 'D_layer_units_exponent_1': 7, 'D_layer_units_exponent_2': 8, 'D_dagger_layers': 4, 'D_dagger_layer_units_exponent_0': 9, 'D_dagger_layer_units_exponent_1': 10, 'D_dagger_layer_units_exponent_2': 6, 'D_dagger_layer_units_exponent_3': 4, 'log_learning_rate': -4.397933692950113, 'log_learning_rate_D': -2.3811833139339207, 'log_learning_rate_D_dagger': -3.021264689428194, 'training_batch_size': 9, 'training_p': 6}
	 epoch  0 training error:  tensor(0.9866, device='cuda:0', grad_fn=<DivBackward0>)
Memory status after this epoch: 
Memory allocated:  280.26318359375
Memory cached:  608.0
	 epoch  10 training error:  tensor(0.5507, device='cuda:0', grad_fn=<DivBackward0>)
Memory status after this epoch: 
Memory allocated:  280.26318359375
Memory cached:  656.0
	 epoch  20 training error:  tensor(0.5231, device='cuda:0', grad_fn=<DivBackward0>)
Memory status after this epoch: 
Memory allocated:  280.26318359375
Memory cached:  666.0
	 epoch  30 training error:  tensor(0.5263, device='cuda:0', grad_fn=<DivBackward0>)
Memory status after this epoch: 
Memory allocated:  280.26318359375
Memory cached:  664.0
	 epoch  40 training error:  tensor(0.5194, device='cuda:0', grad_fn=<DivBackward0>)
Memory status after this epoch: 
Memory allocated:  280.26318359375
Memory cached:  668.0
	 epoch  50 training error:  tensor(0.5130, device='cuda:0', grad_fn=<DivBackward0>)
Memory status after this epoch: 
Memory allocated:  280.26318359375
Memory cached:  658.0
	 epoch  60 training error:  tensor(0.5169, device='cuda:0', grad_fn=<DivBackward0>)
Memory status after this epoch: 
Memory allocated:  280.26318359375
Memory cached:  658.0
	 epoch  70 training error:  tensor(0.4812, device='cuda:0', grad_fn=<DivBackward0>)
Memory status after this epoch: 
Memory allocated:  280.26318359375
Memory cached:  664.0
	 epoch  80 training error:  tensor(0.4580, device='cuda:0', grad_fn=<DivBackward0>)
Memory status after this epoch: 
Memory allocated:  280.26318359375
Memory cached:  662.0
	 epoch  90 training error:  tensor(0.3450, device='cuda:0', grad_fn=<DivBackward0>)
Memory status after this epoch: 
Memory allocated:  280.26318359375
Memory cached:  660.0
[I 2024-01-03 20:00:55,359] Trial 88 finished with value: 0.20320940017700195 and parameters: {'W_layers': 5, 'W_layer_units_exponent_0': 10, 'W_layer_units_exponent_1': 4, 'W_layer_units_exponent_2': 7, 'W_layer_units_exponent_3': 4, 'W_layer_units_exponent_4': 8, 'D_layers': 3, 'D_layer_units_exponent_0': 9, 'D_layer_units_exponent_1': 7, 'D_layer_units_exponent_2': 8, 'D_dagger_layers': 4, 'D_dagger_layer_units_exponent_0': 9, 'D_dagger_layer_units_exponent_1': 10, 'D_dagger_layer_units_exponent_2': 6, 'D_dagger_layer_units_exponent_3': 4, 'log_learning_rate': -4.397933692950113, 'log_learning_rate_D': -2.3811833139339207, 'log_learning_rate_D_dagger': -3.021264689428194, 'training_batch_size': 9, 'training_p': 6}. Best is trial 87 with value: 0.11369848251342773.
Time for this trial:  181.12978625297546
Memory status after this trial: 
Memory allocated:  482.08984375
Memory cached:  628.0
--------------------  Trial  89   --------------------
Start timing: 
Parameters: 
{'W_layers': 6, 'W_layer_units_exponent_0': 10, 'W_layer_units_exponent_1': 4, 'W_layer_units_exponent_2': 7, 'W_layer_units_exponent_3': 5, 'W_layer_units_exponent_4': 7, 'W_layer_units_exponent_5': 9, 'D_layers': 3, 'D_layer_units_exponent_0': 8, 'D_layer_units_exponent_1': 7, 'D_layer_units_exponent_2': 8, 'D_dagger_layers': 4, 'D_dagger_layer_units_exponent_0': 9, 'D_dagger_layer_units_exponent_1': 10, 'D_dagger_layer_units_exponent_2': 6, 'D_dagger_layer_units_exponent_3': 4, 'log_learning_rate': -4.371069368297492, 'log_learning_rate_D': -2.472209478680512, 'log_learning_rate_D_dagger': -3.0624411789593835, 'training_batch_size': 9, 'training_p': 7}
	 epoch  0 training error:  tensor(1.0143, device='cuda:0', grad_fn=<DivBackward0>)
Memory status after this epoch: 
Memory allocated:  280.78466796875
Memory cached:  604.0
	 epoch  10 training error:  tensor(0.5402, device='cuda:0', grad_fn=<DivBackward0>)
Memory status after this epoch: 
Memory allocated:  280.78466796875
Memory cached:  654.0
	 epoch  20 training error:  tensor(0.5357, device='cuda:0', grad_fn=<DivBackward0>)
Memory status after this epoch: 
Memory allocated:  280.78466796875
Memory cached:  660.0
	 epoch  30 training error:  tensor(0.5277, device='cuda:0', grad_fn=<DivBackward0>)
Memory status after this epoch: 
Memory allocated:  280.78466796875
Memory cached:  654.0
	 epoch  40 training error:  tensor(0.5306, device='cuda:0', grad_fn=<DivBackward0>)
Memory status after this epoch: 
Memory allocated:  280.78466796875
Memory cached:  654.0
	 epoch  50 training error:  tensor(0.5236, device='cuda:0', grad_fn=<DivBackward0>)
Memory status after this epoch: 
Memory allocated:  280.78466796875
Memory cached:  654.0
	 epoch  60 training error:  tensor(0.5159, device='cuda:0', grad_fn=<DivBackward0>)
Memory status after this epoch: 
Memory allocated:  280.78466796875
Memory cached:  654.0
	 epoch  70 training error:  tensor(0.5043, device='cuda:0', grad_fn=<DivBackward0>)
Memory status after this epoch: 
Memory allocated:  280.78466796875
Memory cached:  658.0
	 epoch  80 training error:  tensor(0.4346, device='cuda:0', grad_fn=<DivBackward0>)
Memory status after this epoch: 
Memory allocated:  280.78466796875
Memory cached:  658.0
	 epoch  90 training error:  tensor(0.2990, device='cuda:0', grad_fn=<DivBackward0>)
Memory status after this epoch: 
Memory allocated:  280.78466796875
Memory cached:  654.0
[I 2024-01-03 20:04:02,610] Trial 89 finished with value: 0.13880494236946106 and parameters: {'W_layers': 6, 'W_layer_units_exponent_0': 10, 'W_layer_units_exponent_1': 4, 'W_layer_units_exponent_2': 7, 'W_layer_units_exponent_3': 5, 'W_layer_units_exponent_4': 7, 'W_layer_units_exponent_5': 9, 'D_layers': 3, 'D_layer_units_exponent_0': 8, 'D_layer_units_exponent_1': 7, 'D_layer_units_exponent_2': 8, 'D_dagger_layers': 4, 'D_dagger_layer_units_exponent_0': 9, 'D_dagger_layer_units_exponent_1': 10, 'D_dagger_layer_units_exponent_2': 6, 'D_dagger_layer_units_exponent_3': 4, 'log_learning_rate': -4.371069368297492, 'log_learning_rate_D': -2.472209478680512, 'log_learning_rate_D_dagger': -3.0624411789593835, 'training_batch_size': 9, 'training_p': 7}. Best is trial 87 with value: 0.11369848251342773.
Time for this trial:  186.81510734558105
Memory status after this trial: 
Memory allocated:  488.0537109375
Memory cached:  626.0
--------------------  Trial  90   --------------------
Start timing: 
Parameters: 
{'W_layers': 6, 'W_layer_units_exponent_0': 10, 'W_layer_units_exponent_1': 4, 'W_layer_units_exponent_2': 7, 'W_layer_units_exponent_3': 5, 'W_layer_units_exponent_4': 7, 'W_layer_units_exponent_5': 9, 'D_layers': 3, 'D_layer_units_exponent_0': 7, 'D_layer_units_exponent_1': 7, 'D_layer_units_exponent_2': 8, 'D_dagger_layers': 3, 'D_dagger_layer_units_exponent_0': 8, 'D_dagger_layer_units_exponent_1': 10, 'D_dagger_layer_units_exponent_2': 6, 'log_learning_rate': -4.589451040122008, 'log_learning_rate_D': -2.536002326330595, 'log_learning_rate_D_dagger': -2.7080873566995263, 'training_batch_size': 9, 'training_p': 7}
	 epoch  0 training error:  tensor(0.9865, device='cuda:0', grad_fn=<DivBackward0>)
Memory status after this epoch: 
Memory allocated:  276.48388671875
Memory cached:  606.0
	 epoch  10 training error:  tensor(0.5927, device='cuda:0', grad_fn=<DivBackward0>)
Memory status after this epoch: 
Memory allocated:  276.48388671875
Memory cached:  644.0
	 epoch  20 training error:  tensor(0.5698, device='cuda:0', grad_fn=<DivBackward0>)
Memory status after this epoch: 
Memory allocated:  276.48388671875
Memory cached:  648.0
	 epoch  30 training error:  tensor(0.5599, device='cuda:0', grad_fn=<DivBackward0>)
Memory status after this epoch: 
Memory allocated:  276.48388671875
Memory cached:  654.0
	 epoch  40 training error:  tensor(0.5470, device='cuda:0', grad_fn=<DivBackward0>)
Memory status after this epoch: 
Memory allocated:  276.48388671875
Memory cached:  652.0
	 epoch  50 training error:  tensor(0.5497, device='cuda:0', grad_fn=<DivBackward0>)
Memory status after this epoch: 
Memory allocated:  276.48388671875
Memory cached:  652.0
	 epoch  60 training error:  tensor(0.5395, device='cuda:0', grad_fn=<DivBackward0>)
Memory status after this epoch: 
Memory allocated:  276.48388671875
Memory cached:  652.0
	 epoch  70 training error:  tensor(0.5373, device='cuda:0', grad_fn=<DivBackward0>)
Memory status after this epoch: 
Memory allocated:  276.48388671875
Memory cached:  648.0
	 epoch  80 training error:  tensor(0.5476, device='cuda:0', grad_fn=<DivBackward0>)
Memory status after this epoch: 
Memory allocated:  276.48388671875
Memory cached:  646.0
	 epoch  90 training error:  tensor(0.5355, device='cuda:0', grad_fn=<DivBackward0>)
Memory status after this epoch: 
Memory allocated:  276.48388671875
Memory cached:  646.0
