[I 2024-02-18 06:25:33,827] Trial 100 finished with value: 0.36882540583610535 and parameters: {'W_layers': 2, 'W_layer_units_exponent_0': 4, 'W_layer_units_exponent_1': 6, 'D_layers': 3, 'D_layer_units_exponent_0': 10, 'D_layer_units_exponent_1': 4, 'D_layer_units_exponent_2': 10, 'D_dagger_layers': 7, 'D_dagger_layer_units_exponent_0': 10, 'D_dagger_layer_units_exponent_1': 10, 'D_dagger_layer_units_exponent_2': 4, 'D_dagger_layer_units_exponent_3': 4, 'D_dagger_layer_units_exponent_4': 4, 'D_dagger_layer_units_exponent_5': 6, 'D_dagger_layer_units_exponent_6': 6, 'log_learning_rate': -3.751342106351741, 'log_learning_rate_D': -4.470778888107731, 'log_learning_rate_D_dagger': -3.2415751645116266, 'training_batch_size': 6, 'training_p': 6}. Best is trial 80 with value: 0.29963088035583496.
Time for this trial:  28.931162357330322
Memory status after this trial: 
Memory allocated:  982.16748046875
Memory cached:  1112.0
--------------------  Trial  101   --------------------
Start timing: 
Parameters: 
{'W_layers': 7, 'W_layer_units_exponent_0': 4, 'W_layer_units_exponent_1': 6, 'W_layer_units_exponent_2': 7, 'W_layer_units_exponent_3': 7, 'W_layer_units_exponent_4': 7, 'W_layer_units_exponent_5': 6, 'W_layer_units_exponent_6': 10, 'D_layers': 3, 'D_layer_units_exponent_0': 10, 'D_layer_units_exponent_1': 4, 'D_layer_units_exponent_2': 9, 'D_dagger_layers': 6, 'D_dagger_layer_units_exponent_0': 10, 'D_dagger_layer_units_exponent_1': 7, 'D_dagger_layer_units_exponent_2': 4, 'D_dagger_layer_units_exponent_3': 6, 'D_dagger_layer_units_exponent_4': 5, 'D_dagger_layer_units_exponent_5': 5, 'log_learning_rate': -3.525925141668192, 'log_learning_rate_D': -3.9635049693898536, 'log_learning_rate_D_dagger': -3.6544047227626244, 'training_batch_size': 6, 'training_p': 2}
	 epoch  0 training error:  tensor(0.8560, device='cuda:0', grad_fn=<DivBackward0>)
Memory status after this epoch: 
Memory allocated:  477.5810546875
Memory cached:  666.0
	 epoch  10 training error:  tensor(0.2947, device='cuda:0', grad_fn=<DivBackward0>)
Memory status after this epoch: 
Memory allocated:  477.5810546875
Memory cached:  666.0
	 epoch  20 training error:  tensor(0.2924, device='cuda:0', grad_fn=<DivBackward0>)
Memory status after this epoch: 
Memory allocated:  477.5810546875
Memory cached:  664.0
	 epoch  30 training error:  tensor(0.2900, device='cuda:0', grad_fn=<DivBackward0>)
Memory status after this epoch: 
Memory allocated:  477.5810546875
Memory cached:  664.0
	 epoch  40 training error:  tensor(0.2855, device='cuda:0', grad_fn=<DivBackward0>)
Memory status after this epoch: 
Memory allocated:  477.5810546875
Memory cached:  664.0
	 epoch  50 training error:  tensor(0.2854, device='cuda:0', grad_fn=<DivBackward0>)
Memory status after this epoch: 
Memory allocated:  477.5810546875
Memory cached:  668.0
	 epoch  60 training error:  tensor(0.2848, device='cuda:0', grad_fn=<DivBackward0>)
Memory status after this epoch: 
Memory allocated:  477.5810546875
Memory cached:  666.0
	 epoch  70 training error:  tensor(0.2850, device='cuda:0', grad_fn=<DivBackward0>)
Memory status after this epoch: 
Memory allocated:  477.5810546875
Memory cached:  666.0
	 epoch  80 training error:  tensor(0.2843, device='cuda:0', grad_fn=<DivBackward0>)
Memory status after this epoch: 
Memory allocated:  477.5810546875
Memory cached:  664.0
	 epoch  90 training error:  tensor(0.2848, device='cuda:0', grad_fn=<DivBackward0>)
Memory status after this epoch: 
Memory allocated:  477.5810546875
Memory cached:  666.0
[I 2024-02-18 06:26:04,597] Trial 101 finished with value: 0.29956525564193726 and parameters: {'W_layers': 7, 'W_layer_units_exponent_0': 4, 'W_layer_units_exponent_1': 6, 'W_layer_units_exponent_2': 7, 'W_layer_units_exponent_3': 7, 'W_layer_units_exponent_4': 7, 'W_layer_units_exponent_5': 6, 'W_layer_units_exponent_6': 10, 'D_layers': 3, 'D_layer_units_exponent_0': 10, 'D_layer_units_exponent_1': 4, 'D_layer_units_exponent_2': 9, 'D_dagger_layers': 6, 'D_dagger_layer_units_exponent_0': 10, 'D_dagger_layer_units_exponent_1': 7, 'D_dagger_layer_units_exponent_2': 4, 'D_dagger_layer_units_exponent_3': 6, 'D_dagger_layer_units_exponent_4': 5, 'D_dagger_layer_units_exponent_5': 5, 'log_learning_rate': -3.525925141668192, 'log_learning_rate_D': -3.9635049693898536, 'log_learning_rate_D_dagger': -3.6544047227626244, 'training_batch_size': 6, 'training_p': 2}. Best is trial 101 with value: 0.29956525564193726.
res:  tensor(0.2996, device='cuda:0', grad_fn=<DivBackward0>)
self.bestValue:  tensor(0.2996, device='cuda:0', grad_fn=<DivBackward0>)
Save this model!
Time for this trial:  30.35392689704895
Memory status after this trial: 
Memory allocated:  591.2587890625
Memory cached:  774.0
--------------------  Trial  102   --------------------
Start timing: 
Parameters: 
{'W_layers': 7, 'W_layer_units_exponent_0': 4, 'W_layer_units_exponent_1': 6, 'W_layer_units_exponent_2': 7, 'W_layer_units_exponent_3': 7, 'W_layer_units_exponent_4': 7, 'W_layer_units_exponent_5': 6, 'W_layer_units_exponent_6': 10, 'D_layers': 3, 'D_layer_units_exponent_0': 10, 'D_layer_units_exponent_1': 4, 'D_layer_units_exponent_2': 9, 'D_dagger_layers': 6, 'D_dagger_layer_units_exponent_0': 10, 'D_dagger_layer_units_exponent_1': 7, 'D_dagger_layer_units_exponent_2': 4, 'D_dagger_layer_units_exponent_3': 6, 'D_dagger_layer_units_exponent_4': 5, 'D_dagger_layer_units_exponent_5': 5, 'log_learning_rate': -3.477742954991348, 'log_learning_rate_D': -3.969505301794629, 'log_learning_rate_D_dagger': -3.454773711836488, 'training_batch_size': 6, 'training_p': 2}
	 epoch  0 training error:  tensor(0.7262, device='cuda:0', grad_fn=<DivBackward0>)
Memory status after this epoch: 
Memory allocated:  595.333984375
Memory cached:  776.0
	 epoch  10 training error:  tensor(0.2928, device='cuda:0', grad_fn=<DivBackward0>)
Memory status after this epoch: 
Memory allocated:  595.333984375
Memory cached:  776.0
	 epoch  20 training error:  tensor(0.2887, device='cuda:0', grad_fn=<DivBackward0>)
Memory status after this epoch: 
Memory allocated:  595.333984375
Memory cached:  774.0
	 epoch  30 training error:  tensor(0.2855, device='cuda:0', grad_fn=<DivBackward0>)
Memory status after this epoch: 
Memory allocated:  595.333984375
Memory cached:  774.0
	 epoch  40 training error:  tensor(0.2848, device='cuda:0', grad_fn=<DivBackward0>)
Memory status after this epoch: 
Memory allocated:  595.333984375
Memory cached:  774.0
	 epoch  50 training error:  tensor(0.2845, device='cuda:0', grad_fn=<DivBackward0>)
Memory status after this epoch: 
Memory allocated:  595.333984375
Memory cached:  774.0
	 epoch  60 training error:  tensor(0.2833, device='cuda:0', grad_fn=<DivBackward0>)
Memory status after this epoch: 
Memory allocated:  595.333984375
Memory cached:  774.0
	 epoch  70 training error:  tensor(0.2842, device='cuda:0', grad_fn=<DivBackward0>)
Memory status after this epoch: 
Memory allocated:  595.333984375
Memory cached:  774.0
	 epoch  80 training error:  tensor(0.2863, device='cuda:0', grad_fn=<DivBackward0>)
Memory status after this epoch: 
Memory allocated:  595.333984375
Memory cached:  774.0
	 epoch  90 training error:  tensor(0.2883, device='cuda:0', grad_fn=<DivBackward0>)
Memory status after this epoch: 
Memory allocated:  595.333984375
Memory cached:  774.0
[I 2024-02-18 06:26:35,437] Trial 102 finished with value: 0.3001483380794525 and parameters: {'W_layers': 7, 'W_layer_units_exponent_0': 4, 'W_layer_units_exponent_1': 6, 'W_layer_units_exponent_2': 7, 'W_layer_units_exponent_3': 7, 'W_layer_units_exponent_4': 7, 'W_layer_units_exponent_5': 6, 'W_layer_units_exponent_6': 10, 'D_layers': 3, 'D_layer_units_exponent_0': 10, 'D_layer_units_exponent_1': 4, 'D_layer_units_exponent_2': 9, 'D_dagger_layers': 6, 'D_dagger_layer_units_exponent_0': 10, 'D_dagger_layer_units_exponent_1': 7, 'D_dagger_layer_units_exponent_2': 4, 'D_dagger_layer_units_exponent_3': 6, 'D_dagger_layer_units_exponent_4': 5, 'D_dagger_layer_units_exponent_5': 5, 'log_learning_rate': -3.477742954991348, 'log_learning_rate_D': -3.969505301794629, 'log_learning_rate_D_dagger': -3.454773711836488, 'training_batch_size': 6, 'training_p': 2}. Best is trial 101 with value: 0.29956525564193726.
Time for this trial:  30.475964069366455
Memory status after this trial: 
Memory allocated:  1183.99755859375
Memory cached:  1200.0
--------------------  Trial  103   --------------------
Start timing: 
Parameters: 
{'W_layers': 7, 'W_layer_units_exponent_0': 4, 'W_layer_units_exponent_1': 6, 'W_layer_units_exponent_2': 7, 'W_layer_units_exponent_3': 7, 'W_layer_units_exponent_4': 7, 'W_layer_units_exponent_5': 6, 'W_layer_units_exponent_6': 10, 'D_layers': 3, 'D_layer_units_exponent_0': 10, 'D_layer_units_exponent_1': 4, 'D_layer_units_exponent_2': 9, 'D_dagger_layers': 6, 'D_dagger_layer_units_exponent_0': 10, 'D_dagger_layer_units_exponent_1': 7, 'D_dagger_layer_units_exponent_2': 4, 'D_dagger_layer_units_exponent_3': 6, 'D_dagger_layer_units_exponent_4': 5, 'D_dagger_layer_units_exponent_5': 5, 'log_learning_rate': -3.4941062713664843, 'log_learning_rate_D': -4.297427577322243, 'log_learning_rate_D_dagger': -3.654287462224081, 'training_batch_size': 6, 'training_p': 2}
	 epoch  0 training error:  tensor(0.8376, device='cuda:0', grad_fn=<DivBackward0>)
Memory status after this epoch: 
Memory allocated:  595.333984375
Memory cached:  776.0
	 epoch  10 training error:  tensor(0.2979, device='cuda:0', grad_fn=<DivBackward0>)
Memory status after this epoch: 
Memory allocated:  595.333984375
Memory cached:  776.0
	 epoch  20 training error:  tensor(0.2891, device='cuda:0', grad_fn=<DivBackward0>)
Memory status after this epoch: 
Memory allocated:  595.333984375
Memory cached:  776.0
	 epoch  30 training error:  tensor(0.2870, device='cuda:0', grad_fn=<DivBackward0>)
Memory status after this epoch: 
Memory allocated:  595.333984375
Memory cached:  776.0
	 epoch  40 training error:  tensor(0.2849, device='cuda:0', grad_fn=<DivBackward0>)
Memory status after this epoch: 
Memory allocated:  595.333984375
Memory cached:  776.0
	 epoch  50 training error:  tensor(0.2846, device='cuda:0', grad_fn=<DivBackward0>)
Memory status after this epoch: 
Memory allocated:  595.333984375
Memory cached:  776.0
	 epoch  60 training error:  tensor(0.2870, device='cuda:0', grad_fn=<DivBackward0>)
Memory status after this epoch: 
Memory allocated:  595.333984375
Memory cached:  776.0
	 epoch  70 training error:  tensor(0.2833, device='cuda:0', grad_fn=<DivBackward0>)
Memory status after this epoch: 
Memory allocated:  595.333984375
Memory cached:  776.0
	 epoch  80 training error:  tensor(0.2850, device='cuda:0', grad_fn=<DivBackward0>)
Memory status after this epoch: 
Memory allocated:  595.333984375
Memory cached:  776.0
	 epoch  90 training error:  tensor(0.2840, device='cuda:0', grad_fn=<DivBackward0>)
Memory status after this epoch: 
Memory allocated:  595.333984375
Memory cached:  776.0
[I 2024-02-18 06:27:06,408] Trial 103 finished with value: 0.3003215789794922 and parameters: {'W_layers': 7, 'W_layer_units_exponent_0': 4, 'W_layer_units_exponent_1': 6, 'W_layer_units_exponent_2': 7, 'W_layer_units_exponent_3': 7, 'W_layer_units_exponent_4': 7, 'W_layer_units_exponent_5': 6, 'W_layer_units_exponent_6': 10, 'D_layers': 3, 'D_layer_units_exponent_0': 10, 'D_layer_units_exponent_1': 4, 'D_layer_units_exponent_2': 9, 'D_dagger_layers': 6, 'D_dagger_layer_units_exponent_0': 10, 'D_dagger_layer_units_exponent_1': 7, 'D_dagger_layer_units_exponent_2': 4, 'D_dagger_layer_units_exponent_3': 6, 'D_dagger_layer_units_exponent_4': 5, 'D_dagger_layer_units_exponent_5': 5, 'log_learning_rate': -3.4941062713664843, 'log_learning_rate_D': -4.297427577322243, 'log_learning_rate_D_dagger': -3.654287462224081, 'training_batch_size': 6, 'training_p': 2}. Best is trial 101 with value: 0.29956525564193726.
Time for this trial:  30.594306468963623
Memory status after this trial: 
Memory allocated:  1183.99755859375
Memory cached:  1200.0
--------------------  Trial  104   --------------------
Start timing: 
Parameters: 
{'W_layers': 7, 'W_layer_units_exponent_0': 4, 'W_layer_units_exponent_1': 6, 'W_layer_units_exponent_2': 7, 'W_layer_units_exponent_3': 6, 'W_layer_units_exponent_4': 7, 'W_layer_units_exponent_5': 6, 'W_layer_units_exponent_6': 10, 'D_layers': 3, 'D_layer_units_exponent_0': 10, 'D_layer_units_exponent_1': 4, 'D_layer_units_exponent_2': 9, 'D_dagger_layers': 6, 'D_dagger_layer_units_exponent_0': 10, 'D_dagger_layer_units_exponent_1': 7, 'D_dagger_layer_units_exponent_2': 4, 'D_dagger_layer_units_exponent_3': 6, 'D_dagger_layer_units_exponent_4': 5, 'D_dagger_layer_units_exponent_5': 5, 'log_learning_rate': -3.4781030533261177, 'log_learning_rate_D': -4.2622918106686125, 'log_learning_rate_D_dagger': -3.4613154078620454, 'training_batch_size': 6, 'training_p': 2}
	 epoch  0 training error:  tensor(0.7482, device='cuda:0', grad_fn=<DivBackward0>)
Memory status after this epoch: 
Memory allocated:  595.083984375
Memory cached:  774.0
	 epoch  10 training error:  tensor(0.2939, device='cuda:0', grad_fn=<DivBackward0>)
Memory status after this epoch: 
Memory allocated:  595.083984375
Memory cached:  774.0
	 epoch  20 training error:  tensor(0.2884, device='cuda:0', grad_fn=<DivBackward0>)
Memory status after this epoch: 
Memory allocated:  595.083984375
Memory cached:  774.0
	 epoch  30 training error:  tensor(0.2863, device='cuda:0', grad_fn=<DivBackward0>)
Memory status after this epoch: 
Memory allocated:  595.083984375
Memory cached:  774.0
	 epoch  40 training error:  tensor(0.2898, device='cuda:0', grad_fn=<DivBackward0>)
Memory status after this epoch: 
Memory allocated:  595.083984375
Memory cached:  774.0
	 epoch  50 training error:  tensor(0.2876, device='cuda:0', grad_fn=<DivBackward0>)
Memory status after this epoch: 
Memory allocated:  595.083984375
Memory cached:  774.0
	 epoch  60 training error:  tensor(0.2858, device='cuda:0', grad_fn=<DivBackward0>)
Memory status after this epoch: 
Memory allocated:  595.083984375
Memory cached:  776.0
	 epoch  70 training error:  tensor(0.2933, device='cuda:0', grad_fn=<DivBackward0>)
Memory status after this epoch: 
Memory allocated:  595.083984375
Memory cached:  776.0
	 epoch  80 training error:  tensor(0.2836, device='cuda:0', grad_fn=<DivBackward0>)
Memory status after this epoch: 
Memory allocated:  595.083984375
Memory cached:  774.0
	 epoch  90 training error:  tensor(0.2823, device='cuda:0', grad_fn=<DivBackward0>)
Memory status after this epoch: 
Memory allocated:  595.083984375
Memory cached:  774.0
[I 2024-02-18 06:27:37,603] Trial 104 finished with value: 0.30261945724487305 and parameters: {'W_layers': 7, 'W_layer_units_exponent_0': 4, 'W_layer_units_exponent_1': 6, 'W_layer_units_exponent_2': 7, 'W_layer_units_exponent_3': 6, 'W_layer_units_exponent_4': 7, 'W_layer_units_exponent_5': 6, 'W_layer_units_exponent_6': 10, 'D_layers': 3, 'D_layer_units_exponent_0': 10, 'D_layer_units_exponent_1': 4, 'D_layer_units_exponent_2': 9, 'D_dagger_layers': 6, 'D_dagger_layer_units_exponent_0': 10, 'D_dagger_layer_units_exponent_1': 7, 'D_dagger_layer_units_exponent_2': 4, 'D_dagger_layer_units_exponent_3': 6, 'D_dagger_layer_units_exponent_4': 5, 'D_dagger_layer_units_exponent_5': 5, 'log_learning_rate': -3.4781030533261177, 'log_learning_rate_D': -4.2622918106686125, 'log_learning_rate_D_dagger': -3.4613154078620454, 'training_batch_size': 6, 'training_p': 2}. Best is trial 101 with value: 0.29956525564193726.
Time for this trial:  30.80292797088623
Memory status after this trial: 
Memory allocated:  1169.63818359375
Memory cached:  1200.0
--------------------  Trial  105   --------------------
Start timing: 
Parameters: 
{'W_layers': 7, 'W_layer_units_exponent_0': 4, 'W_layer_units_exponent_1': 6, 'W_layer_units_exponent_2': 7, 'W_layer_units_exponent_3': 7, 'W_layer_units_exponent_4': 8, 'W_layer_units_exponent_5': 6, 'W_layer_units_exponent_6': 10, 'D_layers': 2, 'D_layer_units_exponent_0': 10, 'D_layer_units_exponent_1': 4, 'D_dagger_layers': 6, 'D_dagger_layer_units_exponent_0': 10, 'D_dagger_layer_units_exponent_1': 8, 'D_dagger_layer_units_exponent_2': 4, 'D_dagger_layer_units_exponent_3': 6, 'D_dagger_layer_units_exponent_4': 6, 'D_dagger_layer_units_exponent_5': 5, 'log_learning_rate': -3.549179905935568, 'log_learning_rate_D': -4.409774092000095, 'log_learning_rate_D_dagger': -3.3471348452887346, 'training_batch_size': 6, 'training_p': 2}
	 epoch  0 training error:  tensor(0.6609, device='cuda:0', grad_fn=<DivBackward0>)
Memory status after this epoch: 
Memory allocated:  597.75634765625
Memory cached:  774.0
	 epoch  10 training error:  tensor(0.2938, device='cuda:0', grad_fn=<DivBackward0>)
Memory status after this epoch: 
Memory allocated:  597.75634765625
Memory cached:  774.0
	 epoch  20 training error:  tensor(0.2892, device='cuda:0', grad_fn=<DivBackward0>)
Memory status after this epoch: 
Memory allocated:  597.75634765625
Memory cached:  776.0
	 epoch  30 training error:  tensor(0.2849, device='cuda:0', grad_fn=<DivBackward0>)
Memory status after this epoch: 
Memory allocated:  597.75634765625
Memory cached:  776.0
	 epoch  40 training error:  tensor(0.2885, device='cuda:0', grad_fn=<DivBackward0>)
Memory status after this epoch: 
Memory allocated:  597.75634765625
Memory cached:  774.0
	 epoch  50 training error:  tensor(0.2851, device='cuda:0', grad_fn=<DivBackward0>)
Memory status after this epoch: 
Memory allocated:  597.75634765625
Memory cached:  774.0
	 epoch  60 training error:  tensor(0.2920, device='cuda:0', grad_fn=<DivBackward0>)
Memory status after this epoch: 
Memory allocated:  597.75634765625
Memory cached:  774.0
	 epoch  70 training error:  tensor(0.2858, device='cuda:0', grad_fn=<DivBackward0>)
Memory status after this epoch: 
Memory allocated:  597.75634765625
Memory cached:  774.0
	 epoch  80 training error:  tensor(0.2843, device='cuda:0', grad_fn=<DivBackward0>)
Memory status after this epoch: 
Memory allocated:  597.75634765625
Memory cached:  774.0
	 epoch  90 training error:  tensor(0.2863, device='cuda:0', grad_fn=<DivBackward0>)
Memory status after this epoch: 
Memory allocated:  597.75634765625
Memory cached:  774.0
[I 2024-02-18 06:28:08,887] Trial 105 finished with value: 0.2997119128704071 and parameters: {'W_layers': 7, 'W_layer_units_exponent_0': 4, 'W_layer_units_exponent_1': 6, 'W_layer_units_exponent_2': 7, 'W_layer_units_exponent_3': 7, 'W_layer_units_exponent_4': 8, 'W_layer_units_exponent_5': 6, 'W_layer_units_exponent_6': 10, 'D_layers': 2, 'D_layer_units_exponent_0': 10, 'D_layer_units_exponent_1': 4, 'D_dagger_layers': 6, 'D_dagger_layer_units_exponent_0': 10, 'D_dagger_layer_units_exponent_1': 8, 'D_dagger_layer_units_exponent_2': 4, 'D_dagger_layer_units_exponent_3': 6, 'D_dagger_layer_units_exponent_4': 6, 'D_dagger_layer_units_exponent_5': 5, 'log_learning_rate': -3.549179905935568, 'log_learning_rate_D': -4.409774092000095, 'log_learning_rate_D_dagger': -3.3471348452887346, 'training_batch_size': 6, 'training_p': 2}. Best is trial 101 with value: 0.29956525564193726.
Time for this trial:  30.828887701034546
Memory status after this trial: 
Memory allocated:  1247.31201171875
Memory cached:  1280.0
--------------------  Trial  106   --------------------
Start timing: 
Parameters: 
{'W_layers': 7, 'W_layer_units_exponent_0': 4, 'W_layer_units_exponent_1': 5, 'W_layer_units_exponent_2': 7, 'W_layer_units_exponent_3': 7, 'W_layer_units_exponent_4': 8, 'W_layer_units_exponent_5': 6, 'W_layer_units_exponent_6': 10, 'D_layers': 2, 'D_layer_units_exponent_0': 10, 'D_layer_units_exponent_1': 4, 'D_dagger_layers': 6, 'D_dagger_layer_units_exponent_0': 10, 'D_dagger_layer_units_exponent_1': 8, 'D_dagger_layer_units_exponent_2': 4, 'D_dagger_layer_units_exponent_3': 6, 'D_dagger_layer_units_exponent_4': 6, 'D_dagger_layer_units_exponent_5': 5, 'log_learning_rate': -3.547131727926182, 'log_learning_rate_D': -4.543642160519628, 'log_learning_rate_D_dagger': -3.335392360965761, 'training_batch_size': 6, 'training_p': 2}
	 epoch  0 training error:  tensor(0.6838, device='cuda:0', grad_fn=<DivBackward0>)
Memory status after this epoch: 
Memory allocated:  597.68603515625
Memory cached:  776.0
	 epoch  10 training error:  tensor(0.2911, device='cuda:0', grad_fn=<DivBackward0>)
Memory status after this epoch: 
Memory allocated:  597.68603515625
Memory cached:  774.0
	 epoch  20 training error:  tensor(0.2884, device='cuda:0', grad_fn=<DivBackward0>)
Memory status after this epoch: 
Memory allocated:  597.68603515625
Memory cached:  774.0
	 epoch  30 training error:  tensor(0.2927, device='cuda:0', grad_fn=<DivBackward0>)
Memory status after this epoch: 
Memory allocated:  597.68603515625
Memory cached:  776.0
	 epoch  40 training error:  tensor(0.2881, device='cuda:0', grad_fn=<DivBackward0>)
Memory status after this epoch: 
Memory allocated:  597.68603515625
Memory cached:  776.0
	 epoch  50 training error:  tensor(0.2854, device='cuda:0', grad_fn=<DivBackward0>)
Memory status after this epoch: 
Memory allocated:  597.68603515625
Memory cached:  776.0
	 epoch  60 training error:  tensor(0.2851, device='cuda:0', grad_fn=<DivBackward0>)
Memory status after this epoch: 
Memory allocated:  597.68603515625
Memory cached:  776.0
	 epoch  70 training error:  tensor(0.2869, device='cuda:0', grad_fn=<DivBackward0>)
Memory status after this epoch: 
Memory allocated:  597.68603515625
Memory cached:  776.0
	 epoch  80 training error:  tensor(0.2848, device='cuda:0', grad_fn=<DivBackward0>)
Memory status after this epoch: 
Memory allocated:  597.68603515625
Memory cached:  776.0
	 epoch  90 training error:  tensor(0.2920, device='cuda:0', grad_fn=<DivBackward0>)
Memory status after this epoch: 
Memory allocated:  597.68603515625
Memory cached:  776.0
