[I 2024-01-13 10:32:41,072] Trial 125 finished with value: 0.0932130515575409 and parameters: {'W_layers': 8, 'W_layer_units_exponent_0': 4, 'W_layer_units_exponent_1': 10, 'W_layer_units_exponent_2': 8, 'W_layer_units_exponent_3': 4, 'W_layer_units_exponent_4': 10, 'W_layer_units_exponent_5': 10, 'W_layer_units_exponent_6': 4, 'W_layer_units_exponent_7': 7, 'D_layers': 2, 'D_layer_units_exponent_0': 10, 'D_layer_units_exponent_1': 6, 'D_dagger_layers': 8, 'D_dagger_layer_units_exponent_0': 7, 'D_dagger_layer_units_exponent_1': 6, 'D_dagger_layer_units_exponent_2': 9, 'D_dagger_layer_units_exponent_3': 9, 'D_dagger_layer_units_exponent_4': 10, 'D_dagger_layer_units_exponent_5': 9, 'D_dagger_layer_units_exponent_6': 10, 'D_dagger_layer_units_exponent_7': 5, 'log_learning_rate': -2.9984275188788962, 'log_learning_rate_D': -4.320304474989047, 'log_learning_rate_D_dagger': -4.673291855576983, 'training_batch_size': 6, 'training_p': 5}. Best is trial 49 with value: 0.07665807753801346.
Time for this trial:  607.2669720649719
Memory status after this trial: 
Memory allocated:  1692.3232421875
Memory cached:  1732.0
--------------------  Trial  126   --------------------
Start timing: 
Parameters: 
{'W_layers': 3, 'W_layer_units_exponent_0': 8, 'W_layer_units_exponent_1': 9, 'W_layer_units_exponent_2': 7, 'D_layers': 2, 'D_layer_units_exponent_0': 10, 'D_layer_units_exponent_1': 6, 'D_dagger_layers': 7, 'D_dagger_layer_units_exponent_0': 6, 'D_dagger_layer_units_exponent_1': 9, 'D_dagger_layer_units_exponent_2': 7, 'D_dagger_layer_units_exponent_3': 7, 'D_dagger_layer_units_exponent_4': 9, 'D_dagger_layer_units_exponent_5': 10, 'D_dagger_layer_units_exponent_6': 9, 'log_learning_rate': -2.7016583603485134, 'log_learning_rate_D': -3.592333133147953, 'log_learning_rate_D_dagger': -4.999629604383436, 'training_batch_size': 6, 'training_p': 7}
	 epoch  0 training error:  tensor(1.8253, device='cuda:0', grad_fn=<DivBackward0>)
Memory status after this epoch: 
Memory allocated:  796.6279296875
Memory cached:  1284.0
	 epoch  10 training error:  tensor(0.6370, device='cuda:0', grad_fn=<DivBackward0>)
Memory status after this epoch: 
Memory allocated:  796.6279296875
Memory cached:  1284.0
	 epoch  20 training error:  tensor(0.5008, device='cuda:0', grad_fn=<DivBackward0>)
Memory status after this epoch: 
Memory allocated:  796.6279296875
Memory cached:  1284.0
	 epoch  30 training error:  tensor(0.2336, device='cuda:0', grad_fn=<DivBackward0>)
Memory status after this epoch: 
Memory allocated:  796.6279296875
Memory cached:  1284.0
	 epoch  40 training error:  tensor(0.1974, device='cuda:0', grad_fn=<DivBackward0>)
Memory status after this epoch: 
Memory allocated:  796.6279296875
Memory cached:  1284.0
	 epoch  50 training error:  tensor(0.1797, device='cuda:0', grad_fn=<DivBackward0>)
Memory status after this epoch: 
Memory allocated:  796.6279296875
Memory cached:  1284.0
	 epoch  60 training error:  tensor(0.1777, device='cuda:0', grad_fn=<DivBackward0>)
Memory status after this epoch: 
Memory allocated:  796.6279296875
Memory cached:  1284.0
	 epoch  70 training error:  tensor(0.1625, device='cuda:0', grad_fn=<DivBackward0>)
Memory status after this epoch: 
Memory allocated:  796.6279296875
Memory cached:  1284.0
	 epoch  80 training error:  tensor(0.1565, device='cuda:0', grad_fn=<DivBackward0>)
Memory status after this epoch: 
Memory allocated:  796.6279296875
Memory cached:  1284.0
	 epoch  90 training error:  tensor(0.1499, device='cuda:0', grad_fn=<DivBackward0>)
Memory status after this epoch: 
Memory allocated:  796.6279296875
Memory cached:  1284.0
[I 2024-01-13 10:40:13,594] Trial 126 finished with value: 0.11337148398160934 and parameters: {'W_layers': 3, 'W_layer_units_exponent_0': 8, 'W_layer_units_exponent_1': 9, 'W_layer_units_exponent_2': 7, 'D_layers': 2, 'D_layer_units_exponent_0': 10, 'D_layer_units_exponent_1': 6, 'D_dagger_layers': 7, 'D_dagger_layer_units_exponent_0': 6, 'D_dagger_layer_units_exponent_1': 9, 'D_dagger_layer_units_exponent_2': 7, 'D_dagger_layer_units_exponent_3': 7, 'D_dagger_layer_units_exponent_4': 9, 'D_dagger_layer_units_exponent_5': 10, 'D_dagger_layer_units_exponent_6': 9, 'log_learning_rate': -2.7016583603485134, 'log_learning_rate_D': -3.592333133147953, 'log_learning_rate_D_dagger': -4.999629604383436, 'training_batch_size': 6, 'training_p': 7}. Best is trial 49 with value: 0.07665807753801346.
Time for this trial:  452.0574643611908
Memory status after this trial: 
Memory allocated:  1293.1767578125
Memory cached:  1324.0
--------------------  Trial  127   --------------------
Start timing: 
Parameters: 
{'W_layers': 5, 'W_layer_units_exponent_0': 4, 'W_layer_units_exponent_1': 10, 'W_layer_units_exponent_2': 10, 'W_layer_units_exponent_3': 4, 'W_layer_units_exponent_4': 6, 'D_layers': 2, 'D_layer_units_exponent_0': 10, 'D_layer_units_exponent_1': 5, 'D_dagger_layers': 7, 'D_dagger_layer_units_exponent_0': 5, 'D_dagger_layer_units_exponent_1': 4, 'D_dagger_layer_units_exponent_2': 8, 'D_dagger_layer_units_exponent_3': 5, 'D_dagger_layer_units_exponent_4': 10, 'D_dagger_layer_units_exponent_5': 10, 'D_dagger_layer_units_exponent_6': 10, 'log_learning_rate': -2.322683590438115, 'log_learning_rate_D': -3.8854399471156045, 'log_learning_rate_D_dagger': -4.5076704064094395, 'training_batch_size': 10, 'training_p': 2}
	 epoch  0 training error:  tensor(0.9802, device='cuda:0', grad_fn=<DivBackward0>)
Memory status after this epoch: 
Memory allocated:  823.62890625
Memory cached:  1324.0
	 epoch  10 training error:  tensor(0.6301, device='cuda:0', grad_fn=<DivBackward0>)
Memory status after this epoch: 
Memory allocated:  823.62890625
Memory cached:  1352.0
	 epoch  20 training error:  tensor(0.4967, device='cuda:0', grad_fn=<DivBackward0>)
Memory status after this epoch: 
Memory allocated:  823.62890625
Memory cached:  1352.0
	 epoch  30 training error:  tensor(0.3296, device='cuda:0', grad_fn=<DivBackward0>)
Memory status after this epoch: 
Memory allocated:  823.62890625
Memory cached:  1348.0
	 epoch  40 training error:  tensor(0.1848, device='cuda:0', grad_fn=<DivBackward0>)
Memory status after this epoch: 
Memory allocated:  823.62890625
Memory cached:  1350.0
	 epoch  50 training error:  tensor(0.1619, device='cuda:0', grad_fn=<DivBackward0>)
Memory status after this epoch: 
Memory allocated:  823.62890625
Memory cached:  1350.0
	 epoch  60 training error:  tensor(0.1547, device='cuda:0', grad_fn=<DivBackward0>)
Memory status after this epoch: 
Memory allocated:  823.62890625
Memory cached:  1350.0
	 epoch  70 training error:  tensor(0.1443, device='cuda:0', grad_fn=<DivBackward0>)
Memory status after this epoch: 
Memory allocated:  823.62890625
Memory cached:  1342.0
	 epoch  80 training error:  tensor(0.1381, device='cuda:0', grad_fn=<DivBackward0>)
Memory status after this epoch: 
Memory allocated:  823.62890625
Memory cached:  1350.0
	 epoch  90 training error:  tensor(0.1332, device='cuda:0', grad_fn=<DivBackward0>)
Memory status after this epoch: 
Memory allocated:  823.62890625
Memory cached:  1344.0
[I 2024-01-13 10:44:35,245] Trial 127 finished with value: 0.12475218623876572 and parameters: {'W_layers': 5, 'W_layer_units_exponent_0': 4, 'W_layer_units_exponent_1': 10, 'W_layer_units_exponent_2': 10, 'W_layer_units_exponent_3': 4, 'W_layer_units_exponent_4': 6, 'D_layers': 2, 'D_layer_units_exponent_0': 10, 'D_layer_units_exponent_1': 5, 'D_dagger_layers': 7, 'D_dagger_layer_units_exponent_0': 5, 'D_dagger_layer_units_exponent_1': 4, 'D_dagger_layer_units_exponent_2': 8, 'D_dagger_layer_units_exponent_3': 5, 'D_dagger_layer_units_exponent_4': 10, 'D_dagger_layer_units_exponent_5': 10, 'D_dagger_layer_units_exponent_6': 10, 'log_learning_rate': -2.322683590438115, 'log_learning_rate_D': -3.8854399471156045, 'log_learning_rate_D_dagger': -4.5076704064094395, 'training_batch_size': 10, 'training_p': 2}. Best is trial 49 with value: 0.07665807753801346.
Time for this trial:  261.2472791671753
Memory status after this trial: 
Memory allocated:  1486.5888671875
Memory cached:  1518.0
--------------------  Trial  128   --------------------
Start timing: 
Parameters: 
{'W_layers': 6, 'W_layer_units_exponent_0': 10, 'W_layer_units_exponent_1': 8, 'W_layer_units_exponent_2': 8, 'W_layer_units_exponent_3': 6, 'W_layer_units_exponent_4': 5, 'W_layer_units_exponent_5': 9, 'D_layers': 8, 'D_layer_units_exponent_0': 10, 'D_layer_units_exponent_1': 6, 'D_layer_units_exponent_2': 10, 'D_layer_units_exponent_3': 5, 'D_layer_units_exponent_4': 7, 'D_layer_units_exponent_5': 8, 'D_layer_units_exponent_6': 6, 'D_layer_units_exponent_7': 6, 'D_dagger_layers': 6, 'D_dagger_layer_units_exponent_0': 6, 'D_dagger_layer_units_exponent_1': 7, 'D_dagger_layer_units_exponent_2': 10, 'D_dagger_layer_units_exponent_3': 10, 'D_dagger_layer_units_exponent_4': 9, 'D_dagger_layer_units_exponent_5': 10, 'log_learning_rate': -3.3848409425860537, 'log_learning_rate_D': -3.7777863058100074, 'log_learning_rate_D_dagger': -4.380738823364233, 'training_batch_size': 6, 'training_p': 6}
	 epoch  0 training error:  tensor(0.7968, device='cuda:0', grad_fn=<DivBackward0>)
Memory status after this epoch: 
Memory allocated:  816.9970703125
Memory cached:  1320.0
	 epoch  10 training error:  tensor(0.1932, device='cuda:0', grad_fn=<DivBackward0>)
Memory status after this epoch: 
Memory allocated:  816.9970703125
Memory cached:  1346.0
	 epoch  20 training error:  tensor(0.1600, device='cuda:0', grad_fn=<DivBackward0>)
Memory status after this epoch: 
Memory allocated:  816.9970703125
Memory cached:  1352.0
	 epoch  30 training error:  tensor(0.1293, device='cuda:0', grad_fn=<DivBackward0>)
Memory status after this epoch: 
Memory allocated:  816.9970703125
Memory cached:  1350.0
	 epoch  40 training error:  tensor(0.1242, device='cuda:0', grad_fn=<DivBackward0>)
Memory status after this epoch: 
Memory allocated:  816.9970703125
Memory cached:  1352.0
	 epoch  50 training error:  tensor(0.1204, device='cuda:0', grad_fn=<DivBackward0>)
Memory status after this epoch: 
Memory allocated:  816.9970703125
Memory cached:  1352.0
	 epoch  60 training error:  tensor(0.1172, device='cuda:0', grad_fn=<DivBackward0>)
Memory status after this epoch: 
Memory allocated:  816.9970703125
Memory cached:  1352.0
	 epoch  70 training error:  tensor(0.1161, device='cuda:0', grad_fn=<DivBackward0>)
Memory status after this epoch: 
Memory allocated:  816.9970703125
Memory cached:  1352.0
	 epoch  80 training error:  tensor(0.1186, device='cuda:0', grad_fn=<DivBackward0>)
Memory status after this epoch: 
Memory allocated:  816.9970703125
Memory cached:  1348.0
	 epoch  90 training error:  tensor(0.1170, device='cuda:0', grad_fn=<DivBackward0>)
Memory status after this epoch: 
Memory allocated:  816.9970703125
Memory cached:  1350.0
[I 2024-01-13 10:55:28,260] Trial 128 finished with value: 0.0882161483168602 and parameters: {'W_layers': 6, 'W_layer_units_exponent_0': 10, 'W_layer_units_exponent_1': 8, 'W_layer_units_exponent_2': 8, 'W_layer_units_exponent_3': 6, 'W_layer_units_exponent_4': 5, 'W_layer_units_exponent_5': 9, 'D_layers': 8, 'D_layer_units_exponent_0': 10, 'D_layer_units_exponent_1': 6, 'D_layer_units_exponent_2': 10, 'D_layer_units_exponent_3': 5, 'D_layer_units_exponent_4': 7, 'D_layer_units_exponent_5': 8, 'D_layer_units_exponent_6': 6, 'D_layer_units_exponent_7': 6, 'D_dagger_layers': 6, 'D_dagger_layer_units_exponent_0': 6, 'D_dagger_layer_units_exponent_1': 7, 'D_dagger_layer_units_exponent_2': 10, 'D_dagger_layer_units_exponent_3': 10, 'D_dagger_layer_units_exponent_4': 9, 'D_dagger_layer_units_exponent_5': 10, 'log_learning_rate': -3.3848409425860537, 'log_learning_rate_D': -3.7777863058100074, 'log_learning_rate_D_dagger': -4.380738823364233, 'training_batch_size': 6, 'training_p': 6}. Best is trial 49 with value: 0.07665807753801346.
Time for this trial:  652.4634470939636
Memory status after this trial: 
Memory allocated:  1684.4990234375
Memory cached:  1708.0
--------------------  Trial  129   --------------------
Start timing: 
Parameters: 
{'W_layers': 7, 'W_layer_units_exponent_0': 4, 'W_layer_units_exponent_1': 10, 'W_layer_units_exponent_2': 7, 'W_layer_units_exponent_3': 5, 'W_layer_units_exponent_4': 5, 'W_layer_units_exponent_5': 6, 'W_layer_units_exponent_6': 5, 'D_layers': 5, 'D_layer_units_exponent_0': 9, 'D_layer_units_exponent_1': 7, 'D_layer_units_exponent_2': 9, 'D_layer_units_exponent_3': 6, 'D_layer_units_exponent_4': 10, 'D_dagger_layers': 8, 'D_dagger_layer_units_exponent_0': 6, 'D_dagger_layer_units_exponent_1': 9, 'D_dagger_layer_units_exponent_2': 9, 'D_dagger_layer_units_exponent_3': 8, 'D_dagger_layer_units_exponent_4': 7, 'D_dagger_layer_units_exponent_5': 9, 'D_dagger_layer_units_exponent_6': 8, 'D_dagger_layer_units_exponent_7': 7, 'log_learning_rate': -2.23160688789653, 'log_learning_rate_D': -3.635494746801015, 'log_learning_rate_D_dagger': -4.59757348896985, 'training_batch_size': 6, 'training_p': 5}
	 epoch  0 training error:  tensor(1.0306, device='cuda:0', grad_fn=<DivBackward0>)
Memory status after this epoch: 
Memory allocated:  790.2900390625
Memory cached:  1298.0
	 epoch  10 training error:  tensor(0.5481, device='cuda:0', grad_fn=<DivBackward0>)
Memory status after this epoch: 
Memory allocated:  790.2900390625
Memory cached:  1312.0
	 epoch  20 training error:  tensor(0.2007, device='cuda:0', grad_fn=<DivBackward0>)
Memory status after this epoch: 
Memory allocated:  790.2900390625
Memory cached:  1316.0
	 epoch  30 training error:  tensor(0.1739, device='cuda:0', grad_fn=<DivBackward0>)
Memory status after this epoch: 
Memory allocated:  790.2900390625
Memory cached:  1312.0
	 epoch  40 training error:  tensor(0.1658, device='cuda:0', grad_fn=<DivBackward0>)
Memory status after this epoch: 
Memory allocated:  790.2900390625
Memory cached:  1318.0
	 epoch  50 training error:  tensor(0.1455, device='cuda:0', grad_fn=<DivBackward0>)
Memory status after this epoch: 
Memory allocated:  790.2900390625
Memory cached:  1314.0
	 epoch  60 training error:  tensor(0.1279, device='cuda:0', grad_fn=<DivBackward0>)
Memory status after this epoch: 
Memory allocated:  790.2900390625
Memory cached:  1312.0
	 epoch  70 training error:  tensor(0.1113, device='cuda:0', grad_fn=<DivBackward0>)
Memory status after this epoch: 
Memory allocated:  790.2900390625
Memory cached:  1320.0
	 epoch  80 training error:  tensor(0.1199, device='cuda:0', grad_fn=<DivBackward0>)
Memory status after this epoch: 
Memory allocated:  790.2900390625
Memory cached:  1312.0
	 epoch  90 training error:  tensor(0.1018, device='cuda:0', grad_fn=<DivBackward0>)
Memory status after this epoch: 
Memory allocated:  790.2900390625
Memory cached:  1320.0
[I 2024-01-13 11:05:59,908] Trial 129 finished with value: 0.07724859565496445 and parameters: {'W_layers': 7, 'W_layer_units_exponent_0': 4, 'W_layer_units_exponent_1': 10, 'W_layer_units_exponent_2': 7, 'W_layer_units_exponent_3': 5, 'W_layer_units_exponent_4': 5, 'W_layer_units_exponent_5': 6, 'W_layer_units_exponent_6': 5, 'D_layers': 5, 'D_layer_units_exponent_0': 9, 'D_layer_units_exponent_1': 7, 'D_layer_units_exponent_2': 9, 'D_layer_units_exponent_3': 6, 'D_layer_units_exponent_4': 10, 'D_dagger_layers': 8, 'D_dagger_layer_units_exponent_0': 6, 'D_dagger_layer_units_exponent_1': 9, 'D_dagger_layer_units_exponent_2': 9, 'D_dagger_layer_units_exponent_3': 8, 'D_dagger_layer_units_exponent_4': 7, 'D_dagger_layer_units_exponent_5': 9, 'D_dagger_layer_units_exponent_6': 8, 'D_dagger_layer_units_exponent_7': 7, 'log_learning_rate': -2.23160688789653, 'log_learning_rate_D': -3.635494746801015, 'log_learning_rate_D_dagger': -4.59757348896985, 'training_batch_size': 6, 'training_p': 5}. Best is trial 49 with value: 0.07665807753801346.
Time for this trial:  631.0551784038544
Memory status after this trial: 
Memory allocated:  1396.1015625
Memory cached:  1438.0
--------------------  Trial  130   --------------------
Start timing: 
Parameters: 
{'W_layers': 8, 'W_layer_units_exponent_0': 4, 'W_layer_units_exponent_1': 4, 'W_layer_units_exponent_2': 9, 'W_layer_units_exponent_3': 5, 'W_layer_units_exponent_4': 5, 'W_layer_units_exponent_5': 6, 'W_layer_units_exponent_6': 5, 'W_layer_units_exponent_7': 9, 'D_layers': 5, 'D_layer_units_exponent_0': 8, 'D_layer_units_exponent_1': 7, 'D_layer_units_exponent_2': 9, 'D_layer_units_exponent_3': 6, 'D_layer_units_exponent_4': 10, 'D_dagger_layers': 7, 'D_dagger_layer_units_exponent_0': 6, 'D_dagger_layer_units_exponent_1': 10, 'D_dagger_layer_units_exponent_2': 9, 'D_dagger_layer_units_exponent_3': 8, 'D_dagger_layer_units_exponent_4': 6, 'D_dagger_layer_units_exponent_5': 9, 'D_dagger_layer_units_exponent_6': 8, 'log_learning_rate': -2.0718849098388334, 'log_learning_rate_D': -4.033955014559116, 'log_learning_rate_D_dagger': -4.563759009394475, 'training_batch_size': 6, 'training_p': 5}
	 epoch  0 training error:  tensor(1.2708, device='cuda:0', grad_fn=<DivBackward0>)
Memory status after this epoch: 
Memory allocated:  791.3623046875
Memory cached:  1298.0
	 epoch  10 training error:  tensor(0.3771, device='cuda:0', grad_fn=<DivBackward0>)
Memory status after this epoch: 
Memory allocated:  791.3623046875
Memory cached:  1332.0
	 epoch  20 training error:  tensor(0.1827, device='cuda:0', grad_fn=<DivBackward0>)
Memory status after this epoch: 
Memory allocated:  791.3623046875
Memory cached:  1328.0
	 epoch  30 training error:  tensor(0.1637, device='cuda:0', grad_fn=<DivBackward0>)
Memory status after this epoch: 
Memory allocated:  791.3623046875
Memory cached:  1326.0
	 epoch  40 training error:  tensor(0.1496, device='cuda:0', grad_fn=<DivBackward0>)
Memory status after this epoch: 
Memory allocated:  791.3623046875
Memory cached:  1334.0
	 epoch  50 training error:  tensor(0.1326, device='cuda:0', grad_fn=<DivBackward0>)
Memory status after this epoch: 
Memory allocated:  791.3623046875
Memory cached:  1318.0
	 epoch  60 training error:  tensor(0.1177, device='cuda:0', grad_fn=<DivBackward0>)
Memory status after this epoch: 
Memory allocated:  791.3623046875
Memory cached:  1340.0
	 epoch  70 training error:  tensor(0.1159, device='cuda:0', grad_fn=<DivBackward0>)
Memory status after this epoch: 
Memory allocated:  791.3623046875
Memory cached:  1336.0
	 epoch  80 training error:  tensor(0.1137, device='cuda:0', grad_fn=<DivBackward0>)
Memory status after this epoch: 
Memory allocated:  791.3623046875
Memory cached:  1336.0
	 epoch  90 training error:  tensor(0.1124, device='cuda:0', grad_fn=<DivBackward0>)
Memory status after this epoch: 
Memory allocated:  791.3623046875
Memory cached:  1332.0
