/home/shengduo/anaconda3/lib/python3.9/site-packages/scipy/__init__.py:146: UserWarning: A NumPy version >=1.16.5 and <1.23.0 is required for this version of SciPy (detected version 1.24.1
  warnings.warn(f"A NumPy version >={np_minversion} and <{np_maxversion}"
[I 2023-12-20 01:07:48,942] Using an existing study with name 'my_study' instead of creating a new one.
Cuda is available:  True
Device is:  cuda:0
Memory allocated:  0.0
Memory cached:  0.0
Data file:  ./data/Trial1215_smallDRS_smallA.pt
Vs.shape:  torch.Size([100, 100])
thetas.shape:  torch.Size([100, 100])
fs.shape:  torch.Size([100, 100])
ts.shape:  torch.Size([100, 100])
Xs.shape:  torch.Size([100, 100])
--------------------  Trial  2   --------------------
Start timing: 
Parameters: 
{'W_layers': 4, 'W_layer_units_exponent_0': 9, 'W_layer_units_exponent_1': 7, 'W_layer_units_exponent_2': 5, 'W_layer_units_exponent_3': 8, 'D_layers': 8, 'D_layer_units_exponent_0': 9, 'D_layer_units_exponent_1': 5, 'D_layer_units_exponent_2': 7, 'D_layer_units_exponent_3': 7, 'D_layer_units_exponent_4': 10, 'D_layer_units_exponent_5': 4, 'D_layer_units_exponent_6': 5, 'D_layer_units_exponent_7': 8, 'D_dagger_layers': 5, 'D_dagger_layer_units_exponent_0': 4, 'D_dagger_layer_units_exponent_1': 10, 'D_dagger_layer_units_exponent_2': 7, 'D_dagger_layer_units_exponent_3': 9, 'D_dagger_layer_units_exponent_4': 8, 'log_learning_rate': -2.8925497878824786, 'log_learning_rate_D': -3.199944372453412, 'log_learning_rate_D_dagger': -4.8308485633257705, 'training_batch_size': 7, 'training_p': 4}
	 epoch  0 training error:  tensor(0.9818, device='cuda:0', grad_fn=<DivBackward0>)
Memory status after this epoch: 
Memory allocated:  9.609375
Memory cached:  100.0
	 epoch  10 training error:  tensor(0.5247, device='cuda:0', grad_fn=<DivBackward0>)
Memory status after this epoch: 
Memory allocated:  9.609375
Memory cached:  198.0
	 epoch  20 training error:  tensor(0.5135, device='cuda:0', grad_fn=<DivBackward0>)
Memory status after this epoch: 
Memory allocated:  9.609375
Memory cached:  208.0
	 epoch  30 training error:  tensor(0.4953, device='cuda:0', grad_fn=<DivBackward0>)
Memory status after this epoch: 
Memory allocated:  9.609375
Memory cached:  206.0
	 epoch  40 training error:  tensor(0.5002, device='cuda:0', grad_fn=<DivBackward0>)
Memory status after this epoch: 
Memory allocated:  9.609375
Memory cached:  208.0
	 epoch  50 training error:  tensor(0.4857, device='cuda:0', grad_fn=<DivBackward0>)
Memory status after this epoch: 
Memory allocated:  9.609375
Memory cached:  202.0
	 epoch  60 training error:  tensor(0.4755, device='cuda:0', grad_fn=<DivBackward0>)
Memory status after this epoch: 
Memory allocated:  9.609375
Memory cached:  208.0
	 epoch  70 training error:  tensor(0.4658, device='cuda:0', grad_fn=<DivBackward0>)
Memory status after this epoch: 
Memory allocated:  9.609375
Memory cached:  202.0
	 epoch  80 training error:  tensor(0.4604, device='cuda:0', grad_fn=<DivBackward0>)
Memory status after this epoch: 
Memory allocated:  9.609375
Memory cached:  204.0
	 epoch  90 training error:  tensor(0.4526, device='cuda:0', grad_fn=<DivBackward0>)
Memory status after this epoch: 
Memory allocated:  9.609375
Memory cached:  198.0
[I 2023-12-20 01:11:27,934] Trial 2 finished with value: 0.40182819962501526 and parameters: {'W_layers': 4, 'W_layer_units_exponent_0': 9, 'W_layer_units_exponent_1': 7, 'W_layer_units_exponent_2': 5, 'W_layer_units_exponent_3': 8, 'D_layers': 8, 'D_layer_units_exponent_0': 9, 'D_layer_units_exponent_1': 5, 'D_layer_units_exponent_2': 7, 'D_layer_units_exponent_3': 7, 'D_layer_units_exponent_4': 10, 'D_layer_units_exponent_5': 4, 'D_layer_units_exponent_6': 5, 'D_layer_units_exponent_7': 8, 'D_dagger_layers': 5, 'D_dagger_layer_units_exponent_0': 4, 'D_dagger_layer_units_exponent_1': 10, 'D_dagger_layer_units_exponent_2': 7, 'D_dagger_layer_units_exponent_3': 9, 'D_dagger_layer_units_exponent_4': 8, 'log_learning_rate': -2.8925497878824786, 'log_learning_rate_D': -3.199944372453412, 'log_learning_rate_D_dagger': -4.8308485633257705, 'training_batch_size': 7, 'training_p': 4}. Best is trial 2 with value: 0.40182819962501526.
res:  tensor(0.4018, device='cuda:0', grad_fn=<DivBackward0>)
self.bestValue:  10000000.0
Save this model!
Time for this trial:  218.71110653877258
Memory status after this trial: 
Memory allocated:  265.119140625
Memory cached:  272.0
--------------------  Trial  3   --------------------
Start timing: 
Parameters: 
{'W_layers': 8, 'W_layer_units_exponent_0': 6, 'W_layer_units_exponent_1': 7, 'W_layer_units_exponent_2': 8, 'W_layer_units_exponent_3': 8, 'W_layer_units_exponent_4': 4, 'W_layer_units_exponent_5': 5, 'W_layer_units_exponent_6': 7, 'W_layer_units_exponent_7': 5, 'D_layers': 3, 'D_layer_units_exponent_0': 6, 'D_layer_units_exponent_1': 5, 'D_layer_units_exponent_2': 6, 'D_dagger_layers': 4, 'D_dagger_layer_units_exponent_0': 8, 'D_dagger_layer_units_exponent_1': 5, 'D_dagger_layer_units_exponent_2': 7, 'D_dagger_layer_units_exponent_3': 5, 'log_learning_rate': -3.1627898908975935, 'log_learning_rate_D': -1.8613748412051296, 'log_learning_rate_D_dagger': -3.4630596029530256, 'training_batch_size': 9, 'training_p': 3}
	 epoch  0 training error:  tensor(0.9190, device='cuda:0', grad_fn=<DivBackward0>)
Memory status after this epoch: 
Memory allocated:  267.3369140625
Memory cached:  292.0
	 epoch  10 training error:  tensor(0.4541, device='cuda:0', grad_fn=<DivBackward0>)
Memory status after this epoch: 
Memory allocated:  267.3369140625
Memory cached:  352.0
	 epoch  20 training error:  tensor(0.3820, device='cuda:0', grad_fn=<DivBackward0>)
Memory status after this epoch: 
Memory allocated:  267.3369140625
Memory cached:  358.0
	 epoch  30 training error:  tensor(0.3837, device='cuda:0', grad_fn=<DivBackward0>)
Memory status after this epoch: 
Memory allocated:  267.3369140625
Memory cached:  356.0
	 epoch  40 training error:  tensor(0.3804, device='cuda:0', grad_fn=<DivBackward0>)
Memory status after this epoch: 
Memory allocated:  267.3369140625
Memory cached:  358.0
	 epoch  50 training error:  tensor(0.3711, device='cuda:0', grad_fn=<DivBackward0>)
Memory status after this epoch: 
Memory allocated:  267.3369140625
Memory cached:  358.0
	 epoch  60 training error:  tensor(0.3710, device='cuda:0', grad_fn=<DivBackward0>)
Memory status after this epoch: 
Memory allocated:  267.3369140625
Memory cached:  358.0
	 epoch  70 training error:  tensor(0.3696, device='cuda:0', grad_fn=<DivBackward0>)
Memory status after this epoch: 
Memory allocated:  267.3369140625
Memory cached:  352.0
	 epoch  80 training error:  tensor(0.3702, device='cuda:0', grad_fn=<DivBackward0>)
Memory status after this epoch: 
Memory allocated:  267.3369140625
Memory cached:  356.0
	 epoch  90 training error:  tensor(0.3680, device='cuda:0', grad_fn=<DivBackward0>)
Memory status after this epoch: 
Memory allocated:  267.3369140625
Memory cached:  354.0
[I 2023-12-20 01:14:31,981] Trial 3 finished with value: 0.3333168029785156 and parameters: {'W_layers': 8, 'W_layer_units_exponent_0': 6, 'W_layer_units_exponent_1': 7, 'W_layer_units_exponent_2': 8, 'W_layer_units_exponent_3': 8, 'W_layer_units_exponent_4': 4, 'W_layer_units_exponent_5': 5, 'W_layer_units_exponent_6': 7, 'W_layer_units_exponent_7': 5, 'D_layers': 3, 'D_layer_units_exponent_0': 6, 'D_layer_units_exponent_1': 5, 'D_layer_units_exponent_2': 6, 'D_dagger_layers': 4, 'D_dagger_layer_units_exponent_0': 8, 'D_dagger_layer_units_exponent_1': 5, 'D_dagger_layer_units_exponent_2': 7, 'D_dagger_layer_units_exponent_3': 5, 'log_learning_rate': -3.1627898908975935, 'log_learning_rate_D': -1.8613748412051296, 'log_learning_rate_D_dagger': -3.4630596029530256, 'training_batch_size': 9, 'training_p': 3}. Best is trial 3 with value: 0.3333168029785156.
res:  tensor(0.3333, device='cuda:0', grad_fn=<DivBackward0>)
self.bestValue:  tensor(0.4018, device='cuda:0', grad_fn=<DivBackward0>)
Save this model!
Time for this trial:  183.81359100341797
Memory status after this trial: 
Memory allocated:  81.7890625
Memory cached:  306.0
--------------------  Trial  4   --------------------
Start timing: 
Parameters: 
{'W_layers': 5, 'W_layer_units_exponent_0': 8, 'W_layer_units_exponent_1': 6, 'W_layer_units_exponent_2': 10, 'W_layer_units_exponent_3': 10, 'W_layer_units_exponent_4': 5, 'D_layers': 4, 'D_layer_units_exponent_0': 9, 'D_layer_units_exponent_1': 9, 'D_layer_units_exponent_2': 6, 'D_layer_units_exponent_3': 4, 'D_dagger_layers': 3, 'D_dagger_layer_units_exponent_0': 4, 'D_dagger_layer_units_exponent_1': 6, 'D_dagger_layer_units_exponent_2': 9, 'log_learning_rate': -1.0803376187238274, 'log_learning_rate_D': -3.2159071497496723, 'log_learning_rate_D_dagger': -1.1753803717144056, 'training_batch_size': 6, 'training_p': 6}
	 epoch  0 training error:  tensor(2.3756, device='cuda:0', grad_fn=<DivBackward0>)
Memory status after this epoch: 
Memory allocated:  104.7236328125
Memory cached:  316.0
	 epoch  10 training error:  tensor(911.7277, device='cuda:0', grad_fn=<DivBackward0>)
Memory status after this epoch: 
Memory allocated:  104.7236328125
Memory cached:  322.0
	 epoch  20 training error:  tensor(218.1541, device='cuda:0', grad_fn=<DivBackward0>)
Memory status after this epoch: 
Memory allocated:  104.7236328125
Memory cached:  318.0
	 epoch  30 training error:  tensor(191.4420, device='cuda:0', grad_fn=<DivBackward0>)
Memory status after this epoch: 
Memory allocated:  104.7236328125
Memory cached:  322.0
	 epoch  40 training error:  tensor(175.2929, device='cuda:0', grad_fn=<DivBackward0>)
Memory status after this epoch: 
Memory allocated:  104.7236328125
Memory cached:  318.0
	 epoch  50 training error:  tensor(28.3382, device='cuda:0', grad_fn=<DivBackward0>)
Memory status after this epoch: 
Memory allocated:  104.7236328125
Memory cached:  320.0
	 epoch  60 training error:  tensor(51.4351, device='cuda:0', grad_fn=<DivBackward0>)
Memory status after this epoch: 
Memory allocated:  104.7236328125
Memory cached:  316.0
	 epoch  70 training error:  tensor(13.7956, device='cuda:0', grad_fn=<DivBackward0>)
Memory status after this epoch: 
Memory allocated:  104.7236328125
Memory cached:  318.0
	 epoch  80 training error:  tensor(1.2223, device='cuda:0', grad_fn=<DivBackward0>)
Memory status after this epoch: 
Memory allocated:  104.7236328125
Memory cached:  318.0
	 epoch  90 training error:  tensor(0.8841, device='cuda:0', grad_fn=<DivBackward0>)
Memory status after this epoch: 
Memory allocated:  104.7236328125
Memory cached:  320.0
[I 2023-12-20 01:19:38,254] Trial 4 finished with value: 0.38493281602859497 and parameters: {'W_layers': 5, 'W_layer_units_exponent_0': 8, 'W_layer_units_exponent_1': 6, 'W_layer_units_exponent_2': 10, 'W_layer_units_exponent_3': 10, 'W_layer_units_exponent_4': 5, 'D_layers': 4, 'D_layer_units_exponent_0': 9, 'D_layer_units_exponent_1': 9, 'D_layer_units_exponent_2': 6, 'D_layer_units_exponent_3': 4, 'D_dagger_layers': 3, 'D_dagger_layer_units_exponent_0': 4, 'D_dagger_layer_units_exponent_1': 6, 'D_dagger_layer_units_exponent_2': 9, 'log_learning_rate': -1.0803376187238274, 'log_learning_rate_D': -3.2159071497496723, 'log_learning_rate_D_dagger': -1.1753803717144056, 'training_batch_size': 6, 'training_p': 6}. Best is trial 3 with value: 0.3333168029785156.
Time for this trial:  306.01939845085144
Memory status after this trial: 
Memory allocated:  307.80712890625
Memory cached:  324.0
--------------------  Trial  5   --------------------
Start timing: 
Parameters: 
{'W_layers': 4, 'W_layer_units_exponent_0': 4, 'W_layer_units_exponent_1': 8, 'W_layer_units_exponent_2': 10, 'W_layer_units_exponent_3': 10, 'D_layers': 8, 'D_layer_units_exponent_0': 9, 'D_layer_units_exponent_1': 8, 'D_layer_units_exponent_2': 8, 'D_layer_units_exponent_3': 9, 'D_layer_units_exponent_4': 7, 'D_layer_units_exponent_5': 4, 'D_layer_units_exponent_6': 7, 'D_layer_units_exponent_7': 9, 'D_dagger_layers': 4, 'D_dagger_layer_units_exponent_0': 4, 'D_dagger_layer_units_exponent_1': 4, 'D_dagger_layer_units_exponent_2': 4, 'D_dagger_layer_units_exponent_3': 6, 'log_learning_rate': -3.9839772855430664, 'log_learning_rate_D': -4.991405501186382, 'log_learning_rate_D_dagger': -4.225886329561417, 'training_batch_size': 11, 'training_p': 2}
	 epoch  0 training error:  tensor(1.0145, device='cuda:0', grad_fn=<DivBackward0>)
Memory status after this epoch: 
Memory allocated:  109.0888671875
Memory cached:  318.0
	 epoch  10 training error:  tensor(0.4710, device='cuda:0', grad_fn=<DivBackward0>)
Memory status after this epoch: 
Memory allocated:  109.0888671875
Memory cached:  360.0
	 epoch  20 training error:  tensor(0.4668, device='cuda:0', grad_fn=<DivBackward0>)
Memory status after this epoch: 
Memory allocated:  109.0888671875
Memory cached:  362.0
	 epoch  30 training error:  tensor(0.4475, device='cuda:0', grad_fn=<DivBackward0>)
Memory status after this epoch: 
Memory allocated:  109.0888671875
Memory cached:  360.0
	 epoch  40 training error:  tensor(0.4452, device='cuda:0', grad_fn=<DivBackward0>)
Memory status after this epoch: 
Memory allocated:  109.0888671875
Memory cached:  354.0
	 epoch  50 training error:  tensor(0.4456, device='cuda:0', grad_fn=<DivBackward0>)
Memory status after this epoch: 
Memory allocated:  109.0888671875
Memory cached:  364.0
	 epoch  60 training error:  tensor(0.4435, device='cuda:0', grad_fn=<DivBackward0>)
Memory status after this epoch: 
Memory allocated:  109.0888671875
Memory cached:  358.0
	 epoch  70 training error:  tensor(0.4424, device='cuda:0', grad_fn=<DivBackward0>)
Memory status after this epoch: 
Memory allocated:  109.0888671875
Memory cached:  354.0
	 epoch  80 training error:  tensor(0.4425, device='cuda:0', grad_fn=<DivBackward0>)
Memory status after this epoch: 
Memory allocated:  109.0888671875
Memory cached:  364.0
	 epoch  90 training error:  tensor(0.4415, device='cuda:0', grad_fn=<DivBackward0>)
Memory status after this epoch: 
Memory allocated:  109.0888671875
Memory cached:  358.0
[I 2023-12-20 01:23:08,602] Trial 5 finished with value: 0.504173755645752 and parameters: {'W_layers': 4, 'W_layer_units_exponent_0': 4, 'W_layer_units_exponent_1': 8, 'W_layer_units_exponent_2': 10, 'W_layer_units_exponent_3': 10, 'D_layers': 8, 'D_layer_units_exponent_0': 9, 'D_layer_units_exponent_1': 8, 'D_layer_units_exponent_2': 8, 'D_layer_units_exponent_3': 9, 'D_layer_units_exponent_4': 7, 'D_layer_units_exponent_5': 4, 'D_layer_units_exponent_6': 7, 'D_layer_units_exponent_7': 9, 'D_dagger_layers': 4, 'D_dagger_layer_units_exponent_0': 4, 'D_dagger_layer_units_exponent_1': 4, 'D_dagger_layer_units_exponent_2': 4, 'D_dagger_layer_units_exponent_3': 6, 'log_learning_rate': -3.9839772855430664, 'log_learning_rate_D': -4.991405501186382, 'log_learning_rate_D_dagger': -4.225886329561417, 'training_batch_size': 11, 'training_p': 2}. Best is trial 3 with value: 0.3333168029785156.
Time for this trial:  210.06469249725342
Memory status after this trial: 
Memory allocated:  336.9775390625
Memory cached:  356.0
--------------------  Trial  6   --------------------
Start timing: 
Parameters: 
{'W_layers': 4, 'W_layer_units_exponent_0': 9, 'W_layer_units_exponent_1': 7, 'W_layer_units_exponent_2': 10, 'W_layer_units_exponent_3': 5, 'D_layers': 5, 'D_layer_units_exponent_0': 8, 'D_layer_units_exponent_1': 6, 'D_layer_units_exponent_2': 9, 'D_layer_units_exponent_3': 8, 'D_layer_units_exponent_4': 4, 'D_dagger_layers': 5, 'D_dagger_layer_units_exponent_0': 4, 'D_dagger_layer_units_exponent_1': 7, 'D_dagger_layer_units_exponent_2': 4, 'D_dagger_layer_units_exponent_3': 4, 'D_dagger_layer_units_exponent_4': 5, 'log_learning_rate': -1.6791807919407118, 'log_learning_rate_D': -4.36836988399611, 'log_learning_rate_D_dagger': -3.43708825230176, 'training_batch_size': 6, 'training_p': 2}
	 epoch  0 training error:  tensor(4.0270, device='cuda:0', grad_fn=<DivBackward0>)
Memory status after this epoch: 
Memory allocated:  88.3095703125
Memory cached:  300.0
	 epoch  10 training error:  tensor(2.2611, device='cuda:0', grad_fn=<DivBackward0>)
Memory status after this epoch: 
Memory allocated:  88.3095703125
Memory cached:  308.0
	 epoch  20 training error:  tensor(0.4809, device='cuda:0', grad_fn=<DivBackward0>)
Memory status after this epoch: 
Memory allocated:  88.3095703125
Memory cached:  312.0
	 epoch  30 training error:  tensor(0.4264, device='cuda:0', grad_fn=<DivBackward0>)
Memory status after this epoch: 
Memory allocated:  88.3095703125
Memory cached:  312.0
	 epoch  40 training error:  tensor(0.4056, device='cuda:0', grad_fn=<DivBackward0>)
Memory status after this epoch: 
Memory allocated:  88.3095703125
Memory cached:  310.0
	 epoch  50 training error:  tensor(0.3643, device='cuda:0', grad_fn=<DivBackward0>)
Memory status after this epoch: 
Memory allocated:  88.3095703125
Memory cached:  312.0
	 epoch  60 training error:  tensor(0.2996, device='cuda:0', grad_fn=<DivBackward0>)
Memory status after this epoch: 
Memory allocated:  88.3095703125
Memory cached:  310.0
	 epoch  70 training error:  tensor(0.2969, device='cuda:0', grad_fn=<DivBackward0>)
Memory status after this epoch: 
Memory allocated:  88.3095703125
Memory cached:  312.0
	 epoch  80 training error:  tensor(0.2925, device='cuda:0', grad_fn=<DivBackward0>)
Memory status after this epoch: 
Memory allocated:  88.3095703125
Memory cached:  314.0
	 epoch  90 training error:  tensor(0.2906, device='cuda:0', grad_fn=<DivBackward0>)
Memory status after this epoch: 
Memory allocated:  88.3095703125
Memory cached:  310.0
[I 2023-12-20 01:28:30,877] Trial 6 finished with value: 0.3293665647506714 and parameters: {'W_layers': 4, 'W_layer_units_exponent_0': 9, 'W_layer_units_exponent_1': 7, 'W_layer_units_exponent_2': 10, 'W_layer_units_exponent_3': 5, 'D_layers': 5, 'D_layer_units_exponent_0': 8, 'D_layer_units_exponent_1': 6, 'D_layer_units_exponent_2': 9, 'D_layer_units_exponent_3': 8, 'D_layer_units_exponent_4': 4, 'D_dagger_layers': 5, 'D_dagger_layer_units_exponent_0': 4, 'D_dagger_layer_units_exponent_1': 7, 'D_dagger_layer_units_exponent_2': 4, 'D_dagger_layer_units_exponent_3': 4, 'D_dagger_layer_units_exponent_4': 5, 'log_learning_rate': -1.6791807919407118, 'log_learning_rate_D': -4.36836988399611, 'log_learning_rate_D_dagger': -3.43708825230176, 'training_batch_size': 6, 'training_p': 2}. Best is trial 6 with value: 0.3293665647506714.
res:  tensor(0.3294, device='cuda:0', grad_fn=<DivBackward0>)
self.bestValue:  tensor(0.3333, device='cuda:0', grad_fn=<DivBackward0>)
Save this model!
Time for this trial:  321.95989513397217
Memory status after this trial: 
Memory allocated:  163.79052734375
Memory cached:  296.0
--------------------  Trial  7   --------------------
Start timing: 
Parameters: 
{'W_layers': 6, 'W_layer_units_exponent_0': 6, 'W_layer_units_exponent_1': 8, 'W_layer_units_exponent_2': 4, 'W_layer_units_exponent_3': 4, 'W_layer_units_exponent_4': 7, 'W_layer_units_exponent_5': 10, 'D_layers': 2, 'D_layer_units_exponent_0': 4, 'D_layer_units_exponent_1': 9, 'D_dagger_layers': 5, 'D_dagger_layer_units_exponent_0': 8, 'D_dagger_layer_units_exponent_1': 5, 'D_dagger_layer_units_exponent_2': 4, 'D_dagger_layer_units_exponent_3': 4, 'D_dagger_layer_units_exponent_4': 4, 'log_learning_rate': -1.2865091189228712, 'log_learning_rate_D': -4.763955994682693, 'log_learning_rate_D_dagger': -2.272628636263348, 'training_batch_size': 8, 'training_p': 3}
	 epoch  0 training error:  tensor(0.9758, device='cuda:0', grad_fn=<DivBackward0>)
Memory status after this epoch: 
Memory allocated:  166.47216796875
Memory cached:  302.0
	 epoch  10 training error:  tensor(7.1411, device='cuda:0', grad_fn=<DivBackward0>)
Memory status after this epoch: 
Memory allocated:  166.47216796875
Memory cached:  322.0
	 epoch  20 training error:  tensor(0.5390, device='cuda:0', grad_fn=<DivBackward0>)
Memory status after this epoch: 
Memory allocated:  166.47216796875
Memory cached:  328.0
	 epoch  30 training error:  tensor(0.5039, device='cuda:0', grad_fn=<DivBackward0>)
Memory status after this epoch: 
Memory allocated:  166.47216796875
Memory cached:  324.0
	 epoch  40 training error:  tensor(0.4628, device='cuda:0', grad_fn=<DivBackward0>)
Memory status after this epoch: 
Memory allocated:  166.47216796875
Memory cached:  320.0
	 epoch  50 training error:  tensor(0.4019, device='cuda:0', grad_fn=<DivBackward0>)
Memory status after this epoch: 
Memory allocated:  166.47216796875
Memory cached:  324.0
	 epoch  60 training error:  tensor(0.4219, device='cuda:0', grad_fn=<DivBackward0>)
Memory status after this epoch: 
Memory allocated:  166.47216796875
Memory cached:  316.0
	 epoch  70 training error:  tensor(0.3837, device='cuda:0', grad_fn=<DivBackward0>)
Memory status after this epoch: 
Memory allocated:  166.47216796875
Memory cached:  320.0
	 epoch  80 training error:  tensor(0.3761, device='cuda:0', grad_fn=<DivBackward0>)
Memory status after this epoch: 
Memory allocated:  166.47216796875
Memory cached:  322.0
	 epoch  90 training error:  tensor(0.3876, device='cuda:0', grad_fn=<DivBackward0>)
Memory status after this epoch: 
Memory allocated:  166.47216796875
Memory cached:  318.0
