[I 2024-02-16 16:40:20,653] Trial 11 finished with value: 0.28147071599960327 and parameters: {'W_layers': 7, 'W_layer_units_exponent_0': 4, 'W_layer_units_exponent_1': 10, 'W_layer_units_exponent_2': 4, 'W_layer_units_exponent_3': 5, 'W_layer_units_exponent_4': 4, 'W_layer_units_exponent_5': 10, 'W_layer_units_exponent_6': 4, 'D_layers': 4, 'D_layer_units_exponent_0': 10, 'D_layer_units_exponent_1': 10, 'D_layer_units_exponent_2': 4, 'D_layer_units_exponent_3': 4, 'D_dagger_layers': 2, 'D_dagger_layer_units_exponent_0': 4, 'D_dagger_layer_units_exponent_1': 9, 'log_learning_rate': -2.6291710877080807, 'log_learning_rate_D': -4.947778382218631, 'log_learning_rate_D_dagger': -1.0296113687399364, 'training_batch_size': 6, 'training_p': 4}. Best is trial 11 with value: 0.28147071599960327.
res:  tensor(0.2815, device='cuda:0', grad_fn=<DivBackward0>)
self.bestValue:  tensor(0.2917, device='cuda:0', grad_fn=<DivBackward0>)
Save this model!
Time for this trial:  781.4782927036285
Memory status after this trial: 
Memory allocated:  1003.68896484375
Memory cached:  1422.0
--------------------  Trial  12   --------------------
Start timing: 
Parameters: 
{'W_layers': 7, 'W_layer_units_exponent_0': 5, 'W_layer_units_exponent_1': 9, 'W_layer_units_exponent_2': 4, 'W_layer_units_exponent_3': 6, 'W_layer_units_exponent_4': 6, 'W_layer_units_exponent_5': 10, 'W_layer_units_exponent_6': 6, 'D_layers': 5, 'D_layer_units_exponent_0': 8, 'D_layer_units_exponent_1': 10, 'D_layer_units_exponent_2': 4, 'D_layer_units_exponent_3': 4, 'D_layer_units_exponent_4': 6, 'D_dagger_layers': 2, 'D_dagger_layer_units_exponent_0': 4, 'D_dagger_layer_units_exponent_1': 8, 'log_learning_rate': -2.8648972981965612, 'log_learning_rate_D': -4.823497796128143, 'log_learning_rate_D_dagger': -1.421055371511077, 'training_batch_size': 7, 'training_p': 2}
	 epoch  0 training error:  tensor(1.3930, device='cuda:0', grad_fn=<DivBackward0>)
Memory status after this epoch: 
Memory allocated:  1010.48046875
Memory cached:  1398.0
	 epoch  10 training error:  tensor(0.3013, device='cuda:0', grad_fn=<DivBackward0>)
Memory status after this epoch: 
Memory allocated:  1010.48046875
Memory cached:  1402.0
	 epoch  20 training error:  tensor(0.2956, device='cuda:0', grad_fn=<DivBackward0>)
Memory status after this epoch: 
Memory allocated:  1010.48046875
Memory cached:  1402.0
	 epoch  30 training error:  tensor(0.2985, device='cuda:0', grad_fn=<DivBackward0>)
Memory status after this epoch: 
Memory allocated:  1010.48046875
Memory cached:  1404.0
	 epoch  40 training error:  tensor(0.2933, device='cuda:0', grad_fn=<DivBackward0>)
Memory status after this epoch: 
Memory allocated:  1010.48046875
Memory cached:  1402.0
	 epoch  50 training error:  tensor(0.2934, device='cuda:0', grad_fn=<DivBackward0>)
Memory status after this epoch: 
Memory allocated:  1010.48046875
Memory cached:  1402.0
	 epoch  60 training error:  tensor(0.2946, device='cuda:0', grad_fn=<DivBackward0>)
Memory status after this epoch: 
Memory allocated:  1010.48046875
Memory cached:  1404.0
	 epoch  70 training error:  tensor(0.2881, device='cuda:0', grad_fn=<DivBackward0>)
Memory status after this epoch: 
Memory allocated:  1010.48046875
Memory cached:  1404.0
	 epoch  80 training error:  tensor(0.2851, device='cuda:0', grad_fn=<DivBackward0>)
Memory status after this epoch: 
Memory allocated:  1010.48046875
Memory cached:  1398.0
	 epoch  90 training error:  tensor(0.2929, device='cuda:0', grad_fn=<DivBackward0>)
Memory status after this epoch: 
Memory allocated:  1010.48046875
Memory cached:  1402.0
[I 2024-02-16 16:49:00,486] Trial 12 finished with value: 0.2610001266002655 and parameters: {'W_layers': 7, 'W_layer_units_exponent_0': 5, 'W_layer_units_exponent_1': 9, 'W_layer_units_exponent_2': 4, 'W_layer_units_exponent_3': 6, 'W_layer_units_exponent_4': 6, 'W_layer_units_exponent_5': 10, 'W_layer_units_exponent_6': 6, 'D_layers': 5, 'D_layer_units_exponent_0': 8, 'D_layer_units_exponent_1': 10, 'D_layer_units_exponent_2': 4, 'D_layer_units_exponent_3': 4, 'D_layer_units_exponent_4': 6, 'D_dagger_layers': 2, 'D_dagger_layer_units_exponent_0': 4, 'D_dagger_layer_units_exponent_1': 8, 'log_learning_rate': -2.8648972981965612, 'log_learning_rate_D': -4.823497796128143, 'log_learning_rate_D_dagger': -1.421055371511077, 'training_batch_size': 7, 'training_p': 2}. Best is trial 12 with value: 0.2610001266002655.
res:  tensor(0.2610, device='cuda:0', grad_fn=<DivBackward0>)
self.bestValue:  tensor(0.2815, device='cuda:0', grad_fn=<DivBackward0>)
Save this model!
Time for this trial:  519.4165027141571
Memory status after this trial: 
Memory allocated:  720.97607421875
Memory cached:  1578.0
--------------------  Trial  13   --------------------
Start timing: 
Parameters: 
{'W_layers': 7, 'W_layer_units_exponent_0': 6, 'W_layer_units_exponent_1': 9, 'W_layer_units_exponent_2': 4, 'W_layer_units_exponent_3': 6, 'W_layer_units_exponent_4': 4, 'W_layer_units_exponent_5': 10, 'W_layer_units_exponent_6': 4, 'D_layers': 4, 'D_layer_units_exponent_0': 9, 'D_layer_units_exponent_1': 10, 'D_layer_units_exponent_2': 4, 'D_layer_units_exponent_3': 4, 'D_dagger_layers': 2, 'D_dagger_layer_units_exponent_0': 5, 'D_dagger_layer_units_exponent_1': 8, 'log_learning_rate': -3.0116464482674736, 'log_learning_rate_D': -4.974995246372213, 'log_learning_rate_D_dagger': -1.0305521949632808, 'training_batch_size': 7, 'training_p': 4}
	 epoch  0 training error:  tensor(9.6782, device='cuda:0', grad_fn=<DivBackward0>)
Memory status after this epoch: 
Memory allocated:  730.623046875
Memory cached:  1580.0
	 epoch  10 training error:  tensor(0.4758, device='cuda:0', grad_fn=<DivBackward0>)
Memory status after this epoch: 
Memory allocated:  730.623046875
Memory cached:  1596.0
	 epoch  20 training error:  tensor(0.4381, device='cuda:0', grad_fn=<DivBackward0>)
Memory status after this epoch: 
Memory allocated:  730.623046875
Memory cached:  1598.0
	 epoch  30 training error:  tensor(0.4287, device='cuda:0', grad_fn=<DivBackward0>)
Memory status after this epoch: 
Memory allocated:  730.623046875
Memory cached:  1604.0
	 epoch  40 training error:  tensor(0.4366, device='cuda:0', grad_fn=<DivBackward0>)
Memory status after this epoch: 
Memory allocated:  730.623046875
Memory cached:  1608.0
	 epoch  50 training error:  tensor(0.4520, device='cuda:0', grad_fn=<DivBackward0>)
Memory status after this epoch: 
Memory allocated:  730.623046875
Memory cached:  1596.0
	 epoch  60 training error:  tensor(0.4400, device='cuda:0', grad_fn=<DivBackward0>)
Memory status after this epoch: 
Memory allocated:  730.623046875
Memory cached:  1606.0
	 epoch  70 training error:  tensor(0.4221, device='cuda:0', grad_fn=<DivBackward0>)
Memory status after this epoch: 
Memory allocated:  730.623046875
Memory cached:  1596.0
	 epoch  80 training error:  tensor(0.3897, device='cuda:0', grad_fn=<DivBackward0>)
Memory status after this epoch: 
Memory allocated:  730.623046875
Memory cached:  1606.0
	 epoch  90 training error:  tensor(0.3947, device='cuda:0', grad_fn=<DivBackward0>)
Memory status after this epoch: 
Memory allocated:  730.623046875
Memory cached:  1598.0
[I 2024-02-16 16:57:02,671] Trial 13 finished with value: 0.3210970461368561 and parameters: {'W_layers': 7, 'W_layer_units_exponent_0': 6, 'W_layer_units_exponent_1': 9, 'W_layer_units_exponent_2': 4, 'W_layer_units_exponent_3': 6, 'W_layer_units_exponent_4': 4, 'W_layer_units_exponent_5': 10, 'W_layer_units_exponent_6': 4, 'D_layers': 4, 'D_layer_units_exponent_0': 9, 'D_layer_units_exponent_1': 10, 'D_layer_units_exponent_2': 4, 'D_layer_units_exponent_3': 4, 'D_dagger_layers': 2, 'D_dagger_layer_units_exponent_0': 5, 'D_dagger_layer_units_exponent_1': 8, 'log_learning_rate': -3.0116464482674736, 'log_learning_rate_D': -4.974995246372213, 'log_learning_rate_D_dagger': -1.0305521949632808, 'training_batch_size': 7, 'training_p': 4}. Best is trial 12 with value: 0.2610001266002655.
Time for this trial:  481.7534921169281
Memory status after this trial: 
Memory allocated:  1476.32470703125
Memory cached:  1598.0
--------------------  Trial  14   --------------------
Start timing: 
Parameters: 
{'W_layers': 6, 'W_layer_units_exponent_0': 5, 'W_layer_units_exponent_1': 10, 'W_layer_units_exponent_2': 5, 'W_layer_units_exponent_3': 5, 'W_layer_units_exponent_4': 6, 'W_layer_units_exponent_5': 9, 'D_layers': 5, 'D_layer_units_exponent_0': 9, 'D_layer_units_exponent_1': 9, 'D_layer_units_exponent_2': 5, 'D_layer_units_exponent_3': 5, 'D_layer_units_exponent_4': 10, 'D_dagger_layers': 3, 'D_dagger_layer_units_exponent_0': 5, 'D_dagger_layer_units_exponent_1': 8, 'D_dagger_layer_units_exponent_2': 4, 'log_learning_rate': -2.4452794792803645, 'log_learning_rate_D': -4.474610143752402, 'log_learning_rate_D_dagger': -1.7547183390958032, 'training_batch_size': 7, 'training_p': 4}
	 epoch  0 training error:  tensor(1.7021, device='cuda:0', grad_fn=<DivBackward0>)
Memory status after this epoch: 
Memory allocated:  727.61328125
Memory cached:  1558.0
	 epoch  10 training error:  tensor(0.4441, device='cuda:0', grad_fn=<DivBackward0>)
Memory status after this epoch: 
Memory allocated:  727.61328125
Memory cached:  1588.0
	 epoch  20 training error:  tensor(0.4277, device='cuda:0', grad_fn=<DivBackward0>)
Memory status after this epoch: 
Memory allocated:  727.61328125
Memory cached:  1598.0
	 epoch  30 training error:  tensor(0.4249, device='cuda:0', grad_fn=<DivBackward0>)
Memory status after this epoch: 
Memory allocated:  727.61328125
Memory cached:  1592.0
	 epoch  40 training error:  tensor(0.4099, device='cuda:0', grad_fn=<DivBackward0>)
Memory status after this epoch: 
Memory allocated:  727.61328125
Memory cached:  1586.0
	 epoch  50 training error:  tensor(0.4080, device='cuda:0', grad_fn=<DivBackward0>)
Memory status after this epoch: 
Memory allocated:  727.61328125
Memory cached:  1594.0
	 epoch  60 training error:  tensor(0.3716, device='cuda:0', grad_fn=<DivBackward0>)
Memory status after this epoch: 
Memory allocated:  727.61328125
Memory cached:  1586.0
	 epoch  70 training error:  tensor(0.3367, device='cuda:0', grad_fn=<DivBackward0>)
Memory status after this epoch: 
Memory allocated:  727.61328125
Memory cached:  1586.0
	 epoch  80 training error:  tensor(0.3594, device='cuda:0', grad_fn=<DivBackward0>)
Memory status after this epoch: 
Memory allocated:  727.61328125
Memory cached:  1596.0
	 epoch  90 training error:  tensor(0.2494, device='cuda:0', grad_fn=<DivBackward0>)
Memory status after this epoch: 
Memory allocated:  727.61328125
Memory cached:  1592.0
[I 2024-02-16 17:05:37,255] Trial 14 finished with value: 0.2632570266723633 and parameters: {'W_layers': 6, 'W_layer_units_exponent_0': 5, 'W_layer_units_exponent_1': 10, 'W_layer_units_exponent_2': 5, 'W_layer_units_exponent_3': 5, 'W_layer_units_exponent_4': 6, 'W_layer_units_exponent_5': 9, 'D_layers': 5, 'D_layer_units_exponent_0': 9, 'D_layer_units_exponent_1': 9, 'D_layer_units_exponent_2': 5, 'D_layer_units_exponent_3': 5, 'D_layer_units_exponent_4': 10, 'D_dagger_layers': 3, 'D_dagger_layer_units_exponent_0': 5, 'D_dagger_layer_units_exponent_1': 8, 'D_dagger_layer_units_exponent_2': 4, 'log_learning_rate': -2.4452794792803645, 'log_learning_rate_D': -4.474610143752402, 'log_learning_rate_D_dagger': -1.7547183390958032, 'training_batch_size': 7, 'training_p': 4}. Best is trial 12 with value: 0.2610001266002655.
Time for this trial:  514.142858505249
Memory status after this trial: 
Memory allocated:  1551.60205078125
Memory cached:  1582.0
--------------------  Trial  15   --------------------
Start timing: 
Parameters: 
{'W_layers': 6, 'W_layer_units_exponent_0': 6, 'W_layer_units_exponent_1': 9, 'W_layer_units_exponent_2': 5, 'W_layer_units_exponent_3': 4, 'W_layer_units_exponent_4': 6, 'W_layer_units_exponent_5': 9, 'D_layers': 5, 'D_layer_units_exponent_0': 8, 'D_layer_units_exponent_1': 9, 'D_layer_units_exponent_2': 5, 'D_layer_units_exponent_3': 5, 'D_layer_units_exponent_4': 10, 'D_dagger_layers': 3, 'D_dagger_layer_units_exponent_0': 5, 'D_dagger_layer_units_exponent_1': 8, 'D_dagger_layer_units_exponent_2': 4, 'log_learning_rate': -3.3388549935180736, 'log_learning_rate_D': -4.169477695081714, 'log_learning_rate_D_dagger': -1.923969588823457, 'training_batch_size': 7, 'training_p': 3}
	 epoch  0 training error:  tensor(0.6682, device='cuda:0', grad_fn=<DivBackward0>)
Memory status after this epoch: 
Memory allocated:  725.32421875
Memory cached:  1558.0
	 epoch  10 training error:  tensor(0.3934, device='cuda:0', grad_fn=<DivBackward0>)
Memory status after this epoch: 
Memory allocated:  725.32421875
Memory cached:  1578.0
	 epoch  20 training error:  tensor(0.3630, device='cuda:0', grad_fn=<DivBackward0>)
Memory status after this epoch: 
Memory allocated:  725.32421875
Memory cached:  1566.0
	 epoch  30 training error:  tensor(0.3474, device='cuda:0', grad_fn=<DivBackward0>)
Memory status after this epoch: 
Memory allocated:  725.32421875
Memory cached:  1576.0
	 epoch  40 training error:  tensor(0.3320, device='cuda:0', grad_fn=<DivBackward0>)
Memory status after this epoch: 
Memory allocated:  725.32421875
Memory cached:  1566.0
	 epoch  50 training error:  tensor(0.3148, device='cuda:0', grad_fn=<DivBackward0>)
Memory status after this epoch: 
Memory allocated:  725.32421875
Memory cached:  1580.0
	 epoch  60 training error:  tensor(0.2538, device='cuda:0', grad_fn=<DivBackward0>)
Memory status after this epoch: 
Memory allocated:  725.32421875
Memory cached:  1564.0
	 epoch  70 training error:  tensor(0.2565, device='cuda:0', grad_fn=<DivBackward0>)
Memory status after this epoch: 
Memory allocated:  725.32421875
Memory cached:  1582.0
	 epoch  80 training error:  tensor(0.3007, device='cuda:0', grad_fn=<DivBackward0>)
Memory status after this epoch: 
Memory allocated:  725.32421875
Memory cached:  1576.0
	 epoch  90 training error:  tensor(0.1928, device='cuda:0', grad_fn=<DivBackward0>)
Memory status after this epoch: 
Memory allocated:  725.32421875
Memory cached:  1580.0
[I 2024-02-16 17:14:03,235] Trial 15 finished with value: 0.1813344806432724 and parameters: {'W_layers': 6, 'W_layer_units_exponent_0': 6, 'W_layer_units_exponent_1': 9, 'W_layer_units_exponent_2': 5, 'W_layer_units_exponent_3': 4, 'W_layer_units_exponent_4': 6, 'W_layer_units_exponent_5': 9, 'D_layers': 5, 'D_layer_units_exponent_0': 8, 'D_layer_units_exponent_1': 9, 'D_layer_units_exponent_2': 5, 'D_layer_units_exponent_3': 5, 'D_layer_units_exponent_4': 10, 'D_dagger_layers': 3, 'D_dagger_layer_units_exponent_0': 5, 'D_dagger_layer_units_exponent_1': 8, 'D_dagger_layer_units_exponent_2': 4, 'log_learning_rate': -3.3388549935180736, 'log_learning_rate_D': -4.169477695081714, 'log_learning_rate_D_dagger': -1.923969588823457, 'training_batch_size': 7, 'training_p': 3}. Best is trial 15 with value: 0.1813344806432724.
res:  tensor(0.1813, device='cuda:0', grad_fn=<DivBackward0>)
self.bestValue:  tensor(0.2610, device='cuda:0', grad_fn=<DivBackward0>)
Save this model!
Time for this trial:  505.5375909805298
Memory status after this trial: 
Memory allocated:  669.65576171875
Memory cached:  1144.0
--------------------  Trial  16   --------------------
Start timing: 
Parameters: 
{'W_layers': 4, 'W_layer_units_exponent_0': 6, 'W_layer_units_exponent_1': 8, 'W_layer_units_exponent_2': 5, 'W_layer_units_exponent_3': 4, 'D_layers': 6, 'D_layer_units_exponent_0': 8, 'D_layer_units_exponent_1': 9, 'D_layer_units_exponent_2': 5, 'D_layer_units_exponent_3': 5, 'D_layer_units_exponent_4': 6, 'D_layer_units_exponent_5': 10, 'D_dagger_layers': 3, 'D_dagger_layer_units_exponent_0': 5, 'D_dagger_layer_units_exponent_1': 8, 'D_dagger_layer_units_exponent_2': 5, 'log_learning_rate': -3.4569970972372666, 'log_learning_rate_D': -4.190792075163839, 'log_learning_rate_D_dagger': -2.005436969536806, 'training_batch_size': 8, 'training_p': 3}
	 epoch  0 training error:  tensor(1.0111, device='cuda:0', grad_fn=<DivBackward0>)
Memory status after this epoch: 
Memory allocated:  673.689453125
Memory cached:  1110.0
	 epoch  10 training error:  tensor(0.3980, device='cuda:0', grad_fn=<DivBackward0>)
Memory status after this epoch: 
Memory allocated:  673.689453125
Memory cached:  1110.0
	 epoch  20 training error:  tensor(0.3829, device='cuda:0', grad_fn=<DivBackward0>)
Memory status after this epoch: 
Memory allocated:  673.689453125
Memory cached:  1110.0
	 epoch  30 training error:  tensor(0.3755, device='cuda:0', grad_fn=<DivBackward0>)
Memory status after this epoch: 
Memory allocated:  673.689453125
Memory cached:  1114.0
	 epoch  40 training error:  tensor(0.3700, device='cuda:0', grad_fn=<DivBackward0>)
Memory status after this epoch: 
Memory allocated:  673.689453125
Memory cached:  1114.0
	 epoch  50 training error:  tensor(0.3593, device='cuda:0', grad_fn=<DivBackward0>)
Memory status after this epoch: 
Memory allocated:  673.689453125
Memory cached:  1112.0
	 epoch  60 training error:  tensor(0.3700, device='cuda:0', grad_fn=<DivBackward0>)
Memory status after this epoch: 
Memory allocated:  673.689453125
Memory cached:  1110.0
	 epoch  70 training error:  tensor(0.3415, device='cuda:0', grad_fn=<DivBackward0>)
Memory status after this epoch: 
Memory allocated:  673.689453125
Memory cached:  1110.0
	 epoch  80 training error:  tensor(0.3342, device='cuda:0', grad_fn=<DivBackward0>)
Memory status after this epoch: 
Memory allocated:  673.689453125
Memory cached:  1110.0
	 epoch  90 training error:  tensor(0.3167, device='cuda:0', grad_fn=<DivBackward0>)
Memory status after this epoch: 
Memory allocated:  673.689453125
Memory cached:  1114.0
[I 2024-02-16 17:20:15,974] Trial 16 finished with value: 0.28393417596817017 and parameters: {'W_layers': 4, 'W_layer_units_exponent_0': 6, 'W_layer_units_exponent_1': 8, 'W_layer_units_exponent_2': 5, 'W_layer_units_exponent_3': 4, 'D_layers': 6, 'D_layer_units_exponent_0': 8, 'D_layer_units_exponent_1': 9, 'D_layer_units_exponent_2': 5, 'D_layer_units_exponent_3': 5, 'D_layer_units_exponent_4': 6, 'D_layer_units_exponent_5': 10, 'D_dagger_layers': 3, 'D_dagger_layer_units_exponent_0': 5, 'D_dagger_layer_units_exponent_1': 8, 'D_dagger_layer_units_exponent_2': 5, 'log_learning_rate': -3.4569970972372666, 'log_learning_rate_D': -4.190792075163839, 'log_learning_rate_D_dagger': -2.005436969536806, 'training_batch_size': 8, 'training_p': 3}. Best is trial 15 with value: 0.1813344806432724.
Time for this trial:  372.3815848827362
Memory status after this trial: 
Memory allocated:  1192.74951171875
Memory cached:  1198.0
--------------------  Trial  17   --------------------
Start timing: 
Parameters: 
{'W_layers': 6, 'W_layer_units_exponent_0': 10, 'W_layer_units_exponent_1': 8, 'W_layer_units_exponent_2': 5, 'W_layer_units_exponent_3': 6, 'W_layer_units_exponent_4': 6, 'W_layer_units_exponent_5': 8, 'D_layers': 3, 'D_layer_units_exponent_0': 9, 'D_layer_units_exponent_1': 9, 'D_layer_units_exponent_2': 6, 'D_dagger_layers': 4, 'D_dagger_layer_units_exponent_0': 6, 'D_dagger_layer_units_exponent_1': 7, 'D_dagger_layer_units_exponent_2': 5, 'D_dagger_layer_units_exponent_3': 7, 'log_learning_rate': -3.1843542986272926, 'log_learning_rate_D': -3.9126943703132415, 'log_learning_rate_D_dagger': -2.1062371788778256, 'training_batch_size': 7, 'training_p': 2}
	 epoch  0 training error:  tensor(0.6226, device='cuda:0', grad_fn=<DivBackward0>)
Memory status after this epoch: 
Memory allocated:  678.98828125
Memory cached:  1130.0
	 epoch  10 training error:  tensor(0.3015, device='cuda:0', grad_fn=<DivBackward0>)
Memory status after this epoch: 
Memory allocated:  678.98828125
Memory cached:  1136.0
	 epoch  20 training error:  tensor(0.2773, device='cuda:0', grad_fn=<DivBackward0>)
Memory status after this epoch: 
Memory allocated:  678.98828125
Memory cached:  1140.0
	 epoch  30 training error:  tensor(0.2525, device='cuda:0', grad_fn=<DivBackward0>)
Memory status after this epoch: 
Memory allocated:  678.98828125
Memory cached:  1136.0
	 epoch  40 training error:  tensor(0.2424, device='cuda:0', grad_fn=<DivBackward0>)
Memory status after this epoch: 
Memory allocated:  678.98828125
Memory cached:  1134.0
	 epoch  50 training error:  tensor(0.2372, device='cuda:0', grad_fn=<DivBackward0>)
Memory status after this epoch: 
Memory allocated:  678.98828125
Memory cached:  1130.0
	 epoch  60 training error:  tensor(0.1573, device='cuda:0', grad_fn=<DivBackward0>)
Memory status after this epoch: 
Memory allocated:  678.98828125
Memory cached:  1140.0
	 epoch  70 training error:  tensor(0.1618, device='cuda:0', grad_fn=<DivBackward0>)
Memory status after this epoch: 
Memory allocated:  678.98828125
Memory cached:  1142.0
	 epoch  80 training error:  tensor(0.1726, device='cuda:0', grad_fn=<DivBackward0>)
Memory status after this epoch: 
Memory allocated:  678.98828125
Memory cached:  1136.0
	 epoch  90 training error:  tensor(0.1530, device='cuda:0', grad_fn=<DivBackward0>)
Memory status after this epoch: 
Memory allocated:  678.98828125
Memory cached:  1140.0
