[I 2024-01-01 11:42:43,914] Trial 219 finished with value: 0.16383673250675201 and parameters: {'W_layers': 5, 'W_layer_units_exponent_0': 8, 'W_layer_units_exponent_1': 7, 'W_layer_units_exponent_2': 6, 'W_layer_units_exponent_3': 6, 'W_layer_units_exponent_4': 5, 'D_layers': 5, 'D_layer_units_exponent_0': 7, 'D_layer_units_exponent_1': 9, 'D_layer_units_exponent_2': 9, 'D_layer_units_exponent_3': 8, 'D_layer_units_exponent_4': 5, 'D_dagger_layers': 3, 'D_dagger_layer_units_exponent_0': 9, 'D_dagger_layer_units_exponent_1': 4, 'D_dagger_layer_units_exponent_2': 5, 'log_learning_rate': -2.4018168217619498, 'log_learning_rate_D': -4.082987111664286, 'log_learning_rate_D_dagger': -2.563613879687769, 'training_batch_size': 6, 'training_p': 7}. Best is trial 171 with value: 0.11988115310668945.
Time for this trial:  314.8231451511383
Memory status after this trial: 
Memory allocated:  312.912109375
Memory cached:  356.0
--------------------  Trial  220   --------------------
Start timing: 
Parameters: 
{'W_layers': 5, 'W_layer_units_exponent_0': 8, 'W_layer_units_exponent_1': 10, 'W_layer_units_exponent_2': 6, 'W_layer_units_exponent_3': 6, 'W_layer_units_exponent_4': 5, 'D_layers': 5, 'D_layer_units_exponent_0': 7, 'D_layer_units_exponent_1': 9, 'D_layer_units_exponent_2': 8, 'D_layer_units_exponent_3': 8, 'D_layer_units_exponent_4': 5, 'D_dagger_layers': 3, 'D_dagger_layer_units_exponent_0': 10, 'D_dagger_layer_units_exponent_1': 5, 'D_dagger_layer_units_exponent_2': 5, 'log_learning_rate': -2.6570667626400395, 'log_learning_rate_D': -2.986717485135546, 'log_learning_rate_D_dagger': -2.3716627779773574, 'training_batch_size': 6, 'training_p': 7}
	 epoch  0 training error:  tensor(1.2895, device='cuda:0', grad_fn=<DivBackward0>)
Memory status after this epoch: 
Memory allocated:  183.87548828125
Memory cached:  348.0
	 epoch  10 training error:  tensor(0.6369, device='cuda:0', grad_fn=<DivBackward0>)
Memory status after this epoch: 
Memory allocated:  183.87548828125
Memory cached:  350.0
	 epoch  20 training error:  tensor(0.3571, device='cuda:0', grad_fn=<DivBackward0>)
Memory status after this epoch: 
Memory allocated:  183.87548828125
Memory cached:  356.0
	 epoch  30 training error:  tensor(0.3422, device='cuda:0', grad_fn=<DivBackward0>)
Memory status after this epoch: 
Memory allocated:  183.87548828125
Memory cached:  350.0
	 epoch  40 training error:  tensor(0.2552, device='cuda:0', grad_fn=<DivBackward0>)
Memory status after this epoch: 
Memory allocated:  183.87548828125
Memory cached:  350.0
	 epoch  50 training error:  tensor(0.2793, device='cuda:0', grad_fn=<DivBackward0>)
Memory status after this epoch: 
Memory allocated:  183.87548828125
Memory cached:  352.0
	 epoch  60 training error:  tensor(0.2993, device='cuda:0', grad_fn=<DivBackward0>)
Memory status after this epoch: 
Memory allocated:  183.87548828125
Memory cached:  354.0
	 epoch  70 training error:  tensor(0.2279, device='cuda:0', grad_fn=<DivBackward0>)
Memory status after this epoch: 
Memory allocated:  183.87548828125
Memory cached:  352.0
	 epoch  80 training error:  tensor(0.2099, device='cuda:0', grad_fn=<DivBackward0>)
Memory status after this epoch: 
Memory allocated:  183.87548828125
Memory cached:  350.0
	 epoch  90 training error:  tensor(0.2141, device='cuda:0', grad_fn=<DivBackward0>)
Memory status after this epoch: 
Memory allocated:  183.87548828125
Memory cached:  352.0
[I 2024-01-01 11:48:06,032] Trial 220 finished with value: 0.11745021492242813 and parameters: {'W_layers': 5, 'W_layer_units_exponent_0': 8, 'W_layer_units_exponent_1': 10, 'W_layer_units_exponent_2': 6, 'W_layer_units_exponent_3': 6, 'W_layer_units_exponent_4': 5, 'D_layers': 5, 'D_layer_units_exponent_0': 7, 'D_layer_units_exponent_1': 9, 'D_layer_units_exponent_2': 8, 'D_layer_units_exponent_3': 8, 'D_layer_units_exponent_4': 5, 'D_dagger_layers': 3, 'D_dagger_layer_units_exponent_0': 10, 'D_dagger_layer_units_exponent_1': 5, 'D_dagger_layer_units_exponent_2': 5, 'log_learning_rate': -2.6570667626400395, 'log_learning_rate_D': -2.986717485135546, 'log_learning_rate_D_dagger': -2.3716627779773574, 'training_batch_size': 6, 'training_p': 7}. Best is trial 220 with value: 0.11745021492242813.
res:  tensor(0.1175, device='cuda:0', grad_fn=<DivBackward0>)
self.bestValue:  tensor(0.1305, device='cuda:0', grad_fn=<DivBackward0>)
Save this model!
Time for this trial:  321.7001807689667
Memory status after this trial: 
Memory allocated:  202.25634765625
Memory cached:  376.0
--------------------  Trial  221   --------------------
Start timing: 
Parameters: 
{'W_layers': 5, 'W_layer_units_exponent_0': 8, 'W_layer_units_exponent_1': 10, 'W_layer_units_exponent_2': 6, 'W_layer_units_exponent_3': 6, 'W_layer_units_exponent_4': 5, 'D_layers': 5, 'D_layer_units_exponent_0': 7, 'D_layer_units_exponent_1': 9, 'D_layer_units_exponent_2': 8, 'D_layer_units_exponent_3': 8, 'D_layer_units_exponent_4': 5, 'D_dagger_layers': 3, 'D_dagger_layer_units_exponent_0': 10, 'D_dagger_layer_units_exponent_1': 5, 'D_dagger_layer_units_exponent_2': 5, 'log_learning_rate': -2.6494920260065555, 'log_learning_rate_D': -3.02301035013123, 'log_learning_rate_D_dagger': -2.3646010769514256, 'training_batch_size': 6, 'training_p': 7}
	 epoch  0 training error:  tensor(1.1311, device='cuda:0', grad_fn=<DivBackward0>)
Memory status after this epoch: 
Memory allocated:  212.10595703125
Memory cached:  374.0
	 epoch  10 training error:  tensor(0.5846, device='cuda:0', grad_fn=<DivBackward0>)
Memory status after this epoch: 
Memory allocated:  212.10595703125
Memory cached:  376.0
	 epoch  20 training error:  tensor(0.5420, device='cuda:0', grad_fn=<DivBackward0>)
Memory status after this epoch: 
Memory allocated:  212.10595703125
Memory cached:  376.0
	 epoch  30 training error:  tensor(0.5556, device='cuda:0', grad_fn=<DivBackward0>)
Memory status after this epoch: 
Memory allocated:  212.10595703125
Memory cached:  376.0
	 epoch  40 training error:  tensor(0.5293, device='cuda:0', grad_fn=<DivBackward0>)
Memory status after this epoch: 
Memory allocated:  212.10595703125
Memory cached:  380.0
	 epoch  50 training error:  tensor(0.5695, device='cuda:0', grad_fn=<DivBackward0>)
Memory status after this epoch: 
Memory allocated:  212.10595703125
Memory cached:  376.0
	 epoch  60 training error:  tensor(0.5529, device='cuda:0', grad_fn=<DivBackward0>)
Memory status after this epoch: 
Memory allocated:  212.10595703125
Memory cached:  380.0
	 epoch  70 training error:  tensor(0.5321, device='cuda:0', grad_fn=<DivBackward0>)
Memory status after this epoch: 
Memory allocated:  212.10595703125
Memory cached:  378.0
	 epoch  80 training error:  tensor(0.5297, device='cuda:0', grad_fn=<DivBackward0>)
Memory status after this epoch: 
Memory allocated:  212.10595703125
Memory cached:  378.0
	 epoch  90 training error:  tensor(0.5013, device='cuda:0', grad_fn=<DivBackward0>)
Memory status after this epoch: 
Memory allocated:  212.10595703125
Memory cached:  380.0
[I 2024-01-01 11:53:29,444] Trial 221 finished with value: 0.327026903629303 and parameters: {'W_layers': 5, 'W_layer_units_exponent_0': 8, 'W_layer_units_exponent_1': 10, 'W_layer_units_exponent_2': 6, 'W_layer_units_exponent_3': 6, 'W_layer_units_exponent_4': 5, 'D_layers': 5, 'D_layer_units_exponent_0': 7, 'D_layer_units_exponent_1': 9, 'D_layer_units_exponent_2': 8, 'D_layer_units_exponent_3': 8, 'D_layer_units_exponent_4': 5, 'D_dagger_layers': 3, 'D_dagger_layer_units_exponent_0': 10, 'D_dagger_layer_units_exponent_1': 5, 'D_dagger_layer_units_exponent_2': 5, 'log_learning_rate': -2.6494920260065555, 'log_learning_rate_D': -3.02301035013123, 'log_learning_rate_D_dagger': -2.3646010769514256, 'training_batch_size': 6, 'training_p': 7}. Best is trial 220 with value: 0.11745021492242813.
Time for this trial:  322.9953668117523
Memory status after this trial: 
Memory allocated:  404.3818359375
Memory cached:  410.0
--------------------  Trial  222   --------------------
Start timing: 
Parameters: 
{'W_layers': 5, 'W_layer_units_exponent_0': 8, 'W_layer_units_exponent_1': 10, 'W_layer_units_exponent_2': 6, 'W_layer_units_exponent_3': 6, 'W_layer_units_exponent_4': 5, 'D_layers': 5, 'D_layer_units_exponent_0': 7, 'D_layer_units_exponent_1': 9, 'D_layer_units_exponent_2': 8, 'D_layer_units_exponent_3': 8, 'D_layer_units_exponent_4': 5, 'D_dagger_layers': 3, 'D_dagger_layer_units_exponent_0': 10, 'D_dagger_layer_units_exponent_1': 5, 'D_dagger_layer_units_exponent_2': 5, 'log_learning_rate': -2.4896438223045494, 'log_learning_rate_D': -2.992020828087897, 'log_learning_rate_D_dagger': -2.2738934168414446, 'training_batch_size': 6, 'training_p': 7}
	 epoch  0 training error:  tensor(1.3398, device='cuda:0', grad_fn=<DivBackward0>)
Memory status after this epoch: 
Memory allocated:  212.10595703125
Memory cached:  380.0
	 epoch  10 training error:  tensor(0.5821, device='cuda:0', grad_fn=<DivBackward0>)
Memory status after this epoch: 
Memory allocated:  212.10595703125
Memory cached:  376.0
	 epoch  20 training error:  tensor(0.5221, device='cuda:0', grad_fn=<DivBackward0>)
Memory status after this epoch: 
Memory allocated:  212.10595703125
Memory cached:  378.0
	 epoch  30 training error:  tensor(0.5431, device='cuda:0', grad_fn=<DivBackward0>)
Memory status after this epoch: 
Memory allocated:  212.10595703125
Memory cached:  380.0
	 epoch  40 training error:  tensor(0.5107, device='cuda:0', grad_fn=<DivBackward0>)
Memory status after this epoch: 
Memory allocated:  212.10595703125
Memory cached:  376.0
	 epoch  50 training error:  tensor(0.5004, device='cuda:0', grad_fn=<DivBackward0>)
Memory status after this epoch: 
Memory allocated:  212.10595703125
Memory cached:  374.0
	 epoch  60 training error:  tensor(0.4685, device='cuda:0', grad_fn=<DivBackward0>)
Memory status after this epoch: 
Memory allocated:  212.10595703125
Memory cached:  376.0
	 epoch  70 training error:  tensor(0.4020, device='cuda:0', grad_fn=<DivBackward0>)
Memory status after this epoch: 
Memory allocated:  212.10595703125
Memory cached:  376.0
	 epoch  80 training error:  tensor(0.3493, device='cuda:0', grad_fn=<DivBackward0>)
Memory status after this epoch: 
Memory allocated:  212.10595703125
Memory cached:  378.0
	 epoch  90 training error:  tensor(0.3498, device='cuda:0', grad_fn=<DivBackward0>)
Memory status after this epoch: 
Memory allocated:  212.10595703125
Memory cached:  376.0
[I 2024-01-01 11:58:53,767] Trial 222 finished with value: 0.3133492171764374 and parameters: {'W_layers': 5, 'W_layer_units_exponent_0': 8, 'W_layer_units_exponent_1': 10, 'W_layer_units_exponent_2': 6, 'W_layer_units_exponent_3': 6, 'W_layer_units_exponent_4': 5, 'D_layers': 5, 'D_layer_units_exponent_0': 7, 'D_layer_units_exponent_1': 9, 'D_layer_units_exponent_2': 8, 'D_layer_units_exponent_3': 8, 'D_layer_units_exponent_4': 5, 'D_dagger_layers': 3, 'D_dagger_layer_units_exponent_0': 10, 'D_dagger_layer_units_exponent_1': 5, 'D_dagger_layer_units_exponent_2': 5, 'log_learning_rate': -2.4896438223045494, 'log_learning_rate_D': -2.992020828087897, 'log_learning_rate_D_dagger': -2.2738934168414446, 'training_batch_size': 6, 'training_p': 7}. Best is trial 220 with value: 0.11745021492242813.
Time for this trial:  323.8616933822632
Memory status after this trial: 
Memory allocated:  404.3818359375
Memory cached:  410.0
--------------------  Trial  223   --------------------
Start timing: 
Parameters: 
{'W_layers': 5, 'W_layer_units_exponent_0': 8, 'W_layer_units_exponent_1': 10, 'W_layer_units_exponent_2': 6, 'W_layer_units_exponent_3': 6, 'W_layer_units_exponent_4': 5, 'D_layers': 5, 'D_layer_units_exponent_0': 7, 'D_layer_units_exponent_1': 9, 'D_layer_units_exponent_2': 8, 'D_layer_units_exponent_3': 8, 'D_layer_units_exponent_4': 5, 'D_dagger_layers': 3, 'D_dagger_layer_units_exponent_0': 10, 'D_dagger_layer_units_exponent_1': 5, 'D_dagger_layer_units_exponent_2': 5, 'log_learning_rate': -2.7118000836207887, 'log_learning_rate_D': -3.900075188793986, 'log_learning_rate_D_dagger': -4.565259860164482, 'training_batch_size': 12, 'training_p': 7}
	 epoch  0 training error:  tensor(0.9049, device='cuda:0', grad_fn=<DivBackward0>)
Memory status after this epoch: 
Memory allocated:  212.08056640625
Memory cached:  380.0
	 epoch  10 training error:  tensor(0.5935, device='cuda:0', grad_fn=<DivBackward0>)
Memory status after this epoch: 
Memory allocated:  212.08056640625
Memory cached:  386.0
	 epoch  20 training error:  tensor(0.5663, device='cuda:0', grad_fn=<DivBackward0>)
Memory status after this epoch: 
Memory allocated:  212.08056640625
Memory cached:  386.0
	 epoch  30 training error:  tensor(0.5515, device='cuda:0', grad_fn=<DivBackward0>)
Memory status after this epoch: 
Memory allocated:  212.08056640625
Memory cached:  386.0
	 epoch  40 training error:  tensor(0.5587, device='cuda:0', grad_fn=<DivBackward0>)
Memory status after this epoch: 
Memory allocated:  212.08056640625
Memory cached:  386.0
	 epoch  50 training error:  tensor(0.5541, device='cuda:0', grad_fn=<DivBackward0>)
Memory status after this epoch: 
Memory allocated:  212.08056640625
Memory cached:  388.0
	 epoch  60 training error:  tensor(0.5514, device='cuda:0', grad_fn=<DivBackward0>)
Memory status after this epoch: 
Memory allocated:  212.08056640625
Memory cached:  386.0
	 epoch  70 training error:  tensor(0.5520, device='cuda:0', grad_fn=<DivBackward0>)
Memory status after this epoch: 
Memory allocated:  212.08056640625
Memory cached:  388.0
	 epoch  80 training error:  tensor(0.5517, device='cuda:0', grad_fn=<DivBackward0>)
Memory status after this epoch: 
Memory allocated:  212.08056640625
Memory cached:  386.0
	 epoch  90 training error:  tensor(0.5526, device='cuda:0', grad_fn=<DivBackward0>)
Memory status after this epoch: 
Memory allocated:  212.08056640625
Memory cached:  386.0
[I 2024-01-01 12:02:02,519] Trial 223 finished with value: 0.437853068113327 and parameters: {'W_layers': 5, 'W_layer_units_exponent_0': 8, 'W_layer_units_exponent_1': 10, 'W_layer_units_exponent_2': 6, 'W_layer_units_exponent_3': 6, 'W_layer_units_exponent_4': 5, 'D_layers': 5, 'D_layer_units_exponent_0': 7, 'D_layer_units_exponent_1': 9, 'D_layer_units_exponent_2': 8, 'D_layer_units_exponent_3': 8, 'D_layer_units_exponent_4': 5, 'D_dagger_layers': 3, 'D_dagger_layer_units_exponent_0': 10, 'D_dagger_layer_units_exponent_1': 5, 'D_dagger_layer_units_exponent_2': 5, 'log_learning_rate': -2.7118000836207887, 'log_learning_rate_D': -3.900075188793986, 'log_learning_rate_D_dagger': -4.565259860164482, 'training_batch_size': 12, 'training_p': 7}. Best is trial 220 with value: 0.11745021492242813.
Time for this trial:  188.29892945289612
Memory status after this trial: 
Memory allocated:  404.33203125
Memory cached:  410.0
--------------------  Trial  224   --------------------
Start timing: 
Parameters: 
{'W_layers': 5, 'W_layer_units_exponent_0': 8, 'W_layer_units_exponent_1': 10, 'W_layer_units_exponent_2': 6, 'W_layer_units_exponent_3': 6, 'W_layer_units_exponent_4': 5, 'D_layers': 5, 'D_layer_units_exponent_0': 7, 'D_layer_units_exponent_1': 9, 'D_layer_units_exponent_2': 8, 'D_layer_units_exponent_3': 8, 'D_layer_units_exponent_4': 5, 'D_dagger_layers': 3, 'D_dagger_layer_units_exponent_0': 10, 'D_dagger_layer_units_exponent_1': 4, 'D_dagger_layer_units_exponent_2': 5, 'log_learning_rate': -4.8729878891212906, 'log_learning_rate_D': -4.007942968430917, 'log_learning_rate_D_dagger': -2.4837148849225508, 'training_batch_size': 6, 'training_p': 7}
	 epoch  0 training error:  tensor(1.0530, device='cuda:0', grad_fn=<DivBackward0>)
Memory status after this epoch: 
Memory allocated:  211.84814453125
Memory cached:  388.0
	 epoch  10 training error:  tensor(0.5391, device='cuda:0', grad_fn=<DivBackward0>)
Memory status after this epoch: 
Memory allocated:  211.84814453125
Memory cached:  408.0
	 epoch  20 training error:  tensor(0.5403, device='cuda:0', grad_fn=<DivBackward0>)
Memory status after this epoch: 
Memory allocated:  211.84814453125
Memory cached:  412.0
	 epoch  30 training error:  tensor(0.5793, device='cuda:0', grad_fn=<DivBackward0>)
Memory status after this epoch: 
Memory allocated:  211.84814453125
Memory cached:  412.0
	 epoch  40 training error:  tensor(0.5412, device='cuda:0', grad_fn=<DivBackward0>)
Memory status after this epoch: 
Memory allocated:  211.84814453125
Memory cached:  414.0
	 epoch  50 training error:  tensor(0.5245, device='cuda:0', grad_fn=<DivBackward0>)
Memory status after this epoch: 
Memory allocated:  211.84814453125
Memory cached:  420.0
	 epoch  60 training error:  tensor(0.5400, device='cuda:0', grad_fn=<DivBackward0>)
Memory status after this epoch: 
Memory allocated:  211.84814453125
Memory cached:  424.0
	 epoch  70 training error:  tensor(0.5154, device='cuda:0', grad_fn=<DivBackward0>)
Memory status after this epoch: 
Memory allocated:  211.84814453125
Memory cached:  424.0
	 epoch  80 training error:  tensor(0.4327, device='cuda:0', grad_fn=<DivBackward0>)
Memory status after this epoch: 
Memory allocated:  211.84814453125
Memory cached:  420.0
	 epoch  90 training error:  tensor(0.3838, device='cuda:0', grad_fn=<DivBackward0>)
Memory status after this epoch: 
Memory allocated:  211.84814453125
Memory cached:  416.0
[I 2024-01-01 12:07:25,212] Trial 224 finished with value: 0.23698139190673828 and parameters: {'W_layers': 5, 'W_layer_units_exponent_0': 8, 'W_layer_units_exponent_1': 10, 'W_layer_units_exponent_2': 6, 'W_layer_units_exponent_3': 6, 'W_layer_units_exponent_4': 5, 'D_layers': 5, 'D_layer_units_exponent_0': 7, 'D_layer_units_exponent_1': 9, 'D_layer_units_exponent_2': 8, 'D_layer_units_exponent_3': 8, 'D_layer_units_exponent_4': 5, 'D_dagger_layers': 3, 'D_dagger_layer_units_exponent_0': 10, 'D_dagger_layer_units_exponent_1': 4, 'D_dagger_layer_units_exponent_2': 5, 'log_learning_rate': -4.8729878891212906, 'log_learning_rate_D': -4.007942968430917, 'log_learning_rate_D_dagger': -2.4837148849225508, 'training_batch_size': 6, 'training_p': 7}. Best is trial 220 with value: 0.11745021492242813.
Time for this trial:  322.18177342414856
Memory status after this trial: 
Memory allocated:  403.5693359375
Memory cached:  412.0
--------------------  Trial  225   --------------------
Start timing: 
Parameters: 
{'W_layers': 5, 'W_layer_units_exponent_0': 8, 'W_layer_units_exponent_1': 10, 'W_layer_units_exponent_2': 6, 'W_layer_units_exponent_3': 6, 'W_layer_units_exponent_4': 5, 'D_layers': 5, 'D_layer_units_exponent_0': 7, 'D_layer_units_exponent_1': 9, 'D_layer_units_exponent_2': 8, 'D_layer_units_exponent_3': 8, 'D_layer_units_exponent_4': 6, 'D_dagger_layers': 3, 'D_dagger_layer_units_exponent_0': 10, 'D_dagger_layer_units_exponent_1': 4, 'D_dagger_layer_units_exponent_2': 5, 'log_learning_rate': -2.8661167956153157, 'log_learning_rate_D': -4.135279842670216, 'log_learning_rate_D_dagger': -2.3696855281123264, 'training_batch_size': 6, 'training_p': 7}
	 epoch  0 training error:  tensor(1.1438, device='cuda:0', grad_fn=<DivBackward0>)
Memory status after this epoch: 
Memory allocated:  211.97314453125
Memory cached:  382.0
	 epoch  10 training error:  tensor(0.5514, device='cuda:0', grad_fn=<DivBackward0>)
Memory status after this epoch: 
Memory allocated:  211.97314453125
Memory cached:  408.0
	 epoch  20 training error:  tensor(0.5362, device='cuda:0', grad_fn=<DivBackward0>)
Memory status after this epoch: 
Memory allocated:  211.97314453125
Memory cached:  404.0
	 epoch  30 training error:  tensor(0.5408, device='cuda:0', grad_fn=<DivBackward0>)
Memory status after this epoch: 
Memory allocated:  211.97314453125
Memory cached:  398.0
	 epoch  40 training error:  tensor(0.5444, device='cuda:0', grad_fn=<DivBackward0>)
Memory status after this epoch: 
Memory allocated:  211.97314453125
Memory cached:  402.0
	 epoch  50 training error:  tensor(0.5266, device='cuda:0', grad_fn=<DivBackward0>)
Memory status after this epoch: 
Memory allocated:  211.97314453125
Memory cached:  412.0
	 epoch  60 training error:  tensor(0.5225, device='cuda:0', grad_fn=<DivBackward0>)
Memory status after this epoch: 
Memory allocated:  211.97314453125
Memory cached:  414.0
	 epoch  70 training error:  tensor(0.5119, device='cuda:0', grad_fn=<DivBackward0>)
Memory status after this epoch: 
Memory allocated:  211.97314453125
Memory cached:  400.0
	 epoch  80 training error:  tensor(0.4056, device='cuda:0', grad_fn=<DivBackward0>)
Memory status after this epoch: 
Memory allocated:  211.97314453125
Memory cached:  400.0
	 epoch  90 training error:  tensor(0.4569, device='cuda:0', grad_fn=<DivBackward0>)
Memory status after this epoch: 
Memory allocated:  211.97314453125
Memory cached:  396.0
