[I 2023-12-07 05:10:49,046] Trial 89 finished with value: 0.3349402844905853 and parameters: {'W_layers': 4, 'W_layer_units_exponent_0': 8, 'W_layer_units_exponent_1': 10, 'W_layer_units_exponent_2': 10, 'W_layer_units_exponent_3': 7, 'D_layers': 5, 'D_layer_units_exponent_0': 7, 'D_layer_units_exponent_1': 4, 'D_layer_units_exponent_2': 9, 'D_layer_units_exponent_3': 9, 'D_layer_units_exponent_4': 5, 'D_dagger_layers': 6, 'D_dagger_layer_units_exponent_0': 8, 'D_dagger_layer_units_exponent_1': 7, 'D_dagger_layer_units_exponent_2': 7, 'D_dagger_layer_units_exponent_3': 4, 'D_dagger_layer_units_exponent_4': 9, 'D_dagger_layer_units_exponent_5': 9, 'log_learning_rate': -3.894675876747303, 'log_learning_rate_D': -3.1356249024402807, 'log_learning_rate_D_dagger': -2.0300069461233923, 'training_batch_size': 7, 'training_p': 3}. Best is trial 25 with value: 0.33126506209373474.
Time for this trial:  20.239503860473633
Memory status after this trial: 
Memory allocated:  386.48388671875
Memory cached:  424.0
--------------------  Trial  90   --------------------
Start timing: 
Parameters: 
{'W_layers': 5, 'W_layer_units_exponent_0': 8, 'W_layer_units_exponent_1': 9, 'W_layer_units_exponent_2': 8, 'W_layer_units_exponent_3': 7, 'W_layer_units_exponent_4': 10, 'D_layers': 5, 'D_layer_units_exponent_0': 7, 'D_layer_units_exponent_1': 5, 'D_layer_units_exponent_2': 8, 'D_layer_units_exponent_3': 8, 'D_layer_units_exponent_4': 7, 'D_dagger_layers': 4, 'D_dagger_layer_units_exponent_0': 7, 'D_dagger_layer_units_exponent_1': 4, 'D_dagger_layer_units_exponent_2': 7, 'D_dagger_layer_units_exponent_3': 4, 'log_learning_rate': -3.606640343330941, 'log_learning_rate_D': -2.706496365050066, 'log_learning_rate_D_dagger': -2.9748600722868517, 'training_batch_size': 7, 'training_p': 3}
	 epoch  0 training error:  tensor(1.0953, device='cuda:0', grad_fn=<DivBackward0>)
Memory status after this epoch: 
Memory allocated:  167.8671875
Memory cached:  294.0
	 epoch  10 training error:  tensor(0.5281, device='cuda:0', grad_fn=<DivBackward0>)
Memory status after this epoch: 
Memory allocated:  167.8671875
Memory cached:  294.0
	 epoch  20 training error:  tensor(0.4338, device='cuda:0', grad_fn=<DivBackward0>)
Memory status after this epoch: 
Memory allocated:  167.8671875
Memory cached:  294.0
	 epoch  30 training error:  tensor(0.4211, device='cuda:0', grad_fn=<DivBackward0>)
Memory status after this epoch: 
Memory allocated:  167.8671875
Memory cached:  294.0
	 epoch  40 training error:  tensor(0.4047, device='cuda:0', grad_fn=<DivBackward0>)
Memory status after this epoch: 
Memory allocated:  167.8671875
Memory cached:  294.0
	 epoch  50 training error:  tensor(0.3967, device='cuda:0', grad_fn=<DivBackward0>)
Memory status after this epoch: 
Memory allocated:  167.8671875
Memory cached:  294.0
	 epoch  60 training error:  tensor(0.3909, device='cuda:0', grad_fn=<DivBackward0>)
Memory status after this epoch: 
Memory allocated:  167.8671875
Memory cached:  294.0
	 epoch  70 training error:  tensor(0.3841, device='cuda:0', grad_fn=<DivBackward0>)
Memory status after this epoch: 
Memory allocated:  167.8671875
Memory cached:  294.0
	 epoch  80 training error:  tensor(0.3768, device='cuda:0', grad_fn=<DivBackward0>)
Memory status after this epoch: 
Memory allocated:  167.8671875
Memory cached:  294.0
	 epoch  90 training error:  tensor(0.3695, device='cuda:0', grad_fn=<DivBackward0>)
Memory status after this epoch: 
Memory allocated:  167.8671875
Memory cached:  294.0
[I 2023-12-07 05:11:07,805] Trial 90 finished with value: 0.34050917625427246 and parameters: {'W_layers': 5, 'W_layer_units_exponent_0': 8, 'W_layer_units_exponent_1': 9, 'W_layer_units_exponent_2': 8, 'W_layer_units_exponent_3': 7, 'W_layer_units_exponent_4': 10, 'D_layers': 5, 'D_layer_units_exponent_0': 7, 'D_layer_units_exponent_1': 5, 'D_layer_units_exponent_2': 8, 'D_layer_units_exponent_3': 8, 'D_layer_units_exponent_4': 7, 'D_dagger_layers': 4, 'D_dagger_layer_units_exponent_0': 7, 'D_dagger_layer_units_exponent_1': 4, 'D_dagger_layer_units_exponent_2': 7, 'D_dagger_layer_units_exponent_3': 4, 'log_learning_rate': -3.606640343330941, 'log_learning_rate_D': -2.706496365050066, 'log_learning_rate_D_dagger': -2.9748600722868517, 'training_batch_size': 7, 'training_p': 3}. Best is trial 25 with value: 0.33126506209373474.
Time for this trial:  18.531574487686157
Memory status after this trial: 
Memory allocated:  290.68505859375
Memory cached:  322.0
--------------------  Trial  91   --------------------
Start timing: 
Parameters: 
{'W_layers': 8, 'W_layer_units_exponent_0': 9, 'W_layer_units_exponent_1': 7, 'W_layer_units_exponent_2': 9, 'W_layer_units_exponent_3': 7, 'W_layer_units_exponent_4': 9, 'W_layer_units_exponent_5': 7, 'W_layer_units_exponent_6': 4, 'W_layer_units_exponent_7': 8, 'D_layers': 5, 'D_layer_units_exponent_0': 7, 'D_layer_units_exponent_1': 5, 'D_layer_units_exponent_2': 7, 'D_layer_units_exponent_3': 9, 'D_layer_units_exponent_4': 6, 'D_dagger_layers': 5, 'D_dagger_layer_units_exponent_0': 9, 'D_dagger_layer_units_exponent_1': 7, 'D_dagger_layer_units_exponent_2': 6, 'D_dagger_layer_units_exponent_3': 4, 'D_dagger_layer_units_exponent_4': 7, 'log_learning_rate': -3.6891278774687666, 'log_learning_rate_D': -2.990353383130501, 'log_learning_rate_D_dagger': -2.414124387748927, 'training_batch_size': 7, 'training_p': 3}
	 epoch  0 training error:  tensor(0.9064, device='cuda:0', grad_fn=<DivBackward0>)
Memory status after this epoch: 
Memory allocated:  167.53173828125
Memory cached:  294.0
	 epoch  10 training error:  tensor(0.4263, device='cuda:0', grad_fn=<DivBackward0>)
Memory status after this epoch: 
Memory allocated:  167.53173828125
Memory cached:  294.0
	 epoch  20 training error:  tensor(0.3795, device='cuda:0', grad_fn=<DivBackward0>)
Memory status after this epoch: 
Memory allocated:  167.53173828125
Memory cached:  294.0
	 epoch  30 training error:  tensor(0.3681, device='cuda:0', grad_fn=<DivBackward0>)
Memory status after this epoch: 
Memory allocated:  167.53173828125
Memory cached:  294.0
	 epoch  40 training error:  tensor(0.3625, device='cuda:0', grad_fn=<DivBackward0>)
Memory status after this epoch: 
Memory allocated:  167.53173828125
Memory cached:  294.0
	 epoch  50 training error:  tensor(0.3634, device='cuda:0', grad_fn=<DivBackward0>)
Memory status after this epoch: 
Memory allocated:  167.53173828125
Memory cached:  294.0
	 epoch  60 training error:  tensor(0.3582, device='cuda:0', grad_fn=<DivBackward0>)
Memory status after this epoch: 
Memory allocated:  167.53173828125
Memory cached:  294.0
	 epoch  70 training error:  tensor(0.3563, device='cuda:0', grad_fn=<DivBackward0>)
Memory status after this epoch: 
Memory allocated:  167.53173828125
Memory cached:  294.0
	 epoch  80 training error:  tensor(0.3575, device='cuda:0', grad_fn=<DivBackward0>)
Memory status after this epoch: 
Memory allocated:  167.53173828125
Memory cached:  294.0
	 epoch  90 training error:  tensor(0.3547, device='cuda:0', grad_fn=<DivBackward0>)
Memory status after this epoch: 
Memory allocated:  167.53173828125
Memory cached:  294.0
[I 2023-12-07 05:11:27,198] Trial 91 finished with value: 0.33822697401046753 and parameters: {'W_layers': 8, 'W_layer_units_exponent_0': 9, 'W_layer_units_exponent_1': 7, 'W_layer_units_exponent_2': 9, 'W_layer_units_exponent_3': 7, 'W_layer_units_exponent_4': 9, 'W_layer_units_exponent_5': 7, 'W_layer_units_exponent_6': 4, 'W_layer_units_exponent_7': 8, 'D_layers': 5, 'D_layer_units_exponent_0': 7, 'D_layer_units_exponent_1': 5, 'D_layer_units_exponent_2': 7, 'D_layer_units_exponent_3': 9, 'D_layer_units_exponent_4': 6, 'D_dagger_layers': 5, 'D_dagger_layer_units_exponent_0': 9, 'D_dagger_layer_units_exponent_1': 7, 'D_dagger_layer_units_exponent_2': 6, 'D_dagger_layer_units_exponent_3': 4, 'D_dagger_layer_units_exponent_4': 7, 'log_learning_rate': -3.6891278774687666, 'log_learning_rate_D': -2.990353383130501, 'log_learning_rate_D_dagger': -2.414124387748927, 'training_batch_size': 7, 'training_p': 3}. Best is trial 25 with value: 0.33126506209373474.
Time for this trial:  19.136749982833862
Memory status after this trial: 
Memory allocated:  325.86962890625
Memory cached:  340.0
--------------------  Trial  92   --------------------
Start timing: 
Parameters: 
{'W_layers': 8, 'W_layer_units_exponent_0': 7, 'W_layer_units_exponent_1': 7, 'W_layer_units_exponent_2': 9, 'W_layer_units_exponent_3': 8, 'W_layer_units_exponent_4': 10, 'W_layer_units_exponent_5': 7, 'W_layer_units_exponent_6': 5, 'W_layer_units_exponent_7': 9, 'D_layers': 5, 'D_layer_units_exponent_0': 7, 'D_layer_units_exponent_1': 5, 'D_layer_units_exponent_2': 6, 'D_layer_units_exponent_3': 9, 'D_layer_units_exponent_4': 6, 'D_dagger_layers': 5, 'D_dagger_layer_units_exponent_0': 8, 'D_dagger_layer_units_exponent_1': 7, 'D_dagger_layer_units_exponent_2': 6, 'D_dagger_layer_units_exponent_3': 4, 'D_dagger_layer_units_exponent_4': 7, 'log_learning_rate': -3.6285897092735446, 'log_learning_rate_D': -2.9894061999231476, 'log_learning_rate_D_dagger': -2.683546285701541, 'training_batch_size': 7, 'training_p': 3}
	 epoch  0 training error:  tensor(1.0067, device='cuda:0', grad_fn=<DivBackward0>)
Memory status after this epoch: 
Memory allocated:  171.36572265625
Memory cached:  294.0
	 epoch  10 training error:  tensor(0.4733, device='cuda:0', grad_fn=<DivBackward0>)
Memory status after this epoch: 
Memory allocated:  171.36572265625
Memory cached:  294.0
	 epoch  20 training error:  tensor(0.4054, device='cuda:0', grad_fn=<DivBackward0>)
Memory status after this epoch: 
Memory allocated:  171.36572265625
Memory cached:  294.0
	 epoch  30 training error:  tensor(0.3876, device='cuda:0', grad_fn=<DivBackward0>)
Memory status after this epoch: 
Memory allocated:  171.36572265625
Memory cached:  294.0
	 epoch  40 training error:  tensor(0.3687, device='cuda:0', grad_fn=<DivBackward0>)
Memory status after this epoch: 
Memory allocated:  171.36572265625
Memory cached:  294.0
	 epoch  50 training error:  tensor(0.3577, device='cuda:0', grad_fn=<DivBackward0>)
Memory status after this epoch: 
Memory allocated:  171.36572265625
Memory cached:  294.0
	 epoch  60 training error:  tensor(0.3564, device='cuda:0', grad_fn=<DivBackward0>)
Memory status after this epoch: 
Memory allocated:  171.36572265625
Memory cached:  294.0
	 epoch  70 training error:  tensor(0.3542, device='cuda:0', grad_fn=<DivBackward0>)
Memory status after this epoch: 
Memory allocated:  171.36572265625
Memory cached:  294.0
	 epoch  80 training error:  tensor(0.3548, device='cuda:0', grad_fn=<DivBackward0>)
Memory status after this epoch: 
Memory allocated:  171.36572265625
Memory cached:  294.0
	 epoch  90 training error:  tensor(0.3545, device='cuda:0', grad_fn=<DivBackward0>)
Memory status after this epoch: 
Memory allocated:  171.36572265625
Memory cached:  294.0
[I 2023-12-07 05:11:47,354] Trial 92 finished with value: 0.3409815728664398 and parameters: {'W_layers': 8, 'W_layer_units_exponent_0': 7, 'W_layer_units_exponent_1': 7, 'W_layer_units_exponent_2': 9, 'W_layer_units_exponent_3': 8, 'W_layer_units_exponent_4': 10, 'W_layer_units_exponent_5': 7, 'W_layer_units_exponent_6': 5, 'W_layer_units_exponent_7': 9, 'D_layers': 5, 'D_layer_units_exponent_0': 7, 'D_layer_units_exponent_1': 5, 'D_layer_units_exponent_2': 6, 'D_layer_units_exponent_3': 9, 'D_layer_units_exponent_4': 6, 'D_dagger_layers': 5, 'D_dagger_layer_units_exponent_0': 8, 'D_dagger_layer_units_exponent_1': 7, 'D_dagger_layer_units_exponent_2': 6, 'D_dagger_layer_units_exponent_3': 4, 'D_dagger_layer_units_exponent_4': 7, 'log_learning_rate': -3.6285897092735446, 'log_learning_rate_D': -2.9894061999231476, 'log_learning_rate_D_dagger': -2.683546285701541, 'training_batch_size': 7, 'training_p': 3}. Best is trial 25 with value: 0.33126506209373474.
Time for this trial:  19.925562381744385
Memory status after this trial: 
Memory allocated:  341.22314453125
Memory cached:  360.0
--------------------  Trial  93   --------------------
Start timing: 
Parameters: 
{'W_layers': 8, 'W_layer_units_exponent_0': 8, 'W_layer_units_exponent_1': 7, 'W_layer_units_exponent_2': 7, 'W_layer_units_exponent_3': 6, 'W_layer_units_exponent_4': 9, 'W_layer_units_exponent_5': 7, 'W_layer_units_exponent_6': 7, 'W_layer_units_exponent_7': 10, 'D_layers': 5, 'D_layer_units_exponent_0': 7, 'D_layer_units_exponent_1': 5, 'D_layer_units_exponent_2': 10, 'D_layer_units_exponent_3': 9, 'D_layer_units_exponent_4': 6, 'D_dagger_layers': 6, 'D_dagger_layer_units_exponent_0': 9, 'D_dagger_layer_units_exponent_1': 7, 'D_dagger_layer_units_exponent_2': 6, 'D_dagger_layer_units_exponent_3': 4, 'D_dagger_layer_units_exponent_4': 6, 'D_dagger_layer_units_exponent_5': 8, 'log_learning_rate': -3.8269461543336423, 'log_learning_rate_D': -3.4973184654552796, 'log_learning_rate_D_dagger': -2.858743533796917, 'training_batch_size': 6, 'training_p': 4}
	 epoch  0 training error:  tensor(0.9412, device='cuda:0', grad_fn=<DivBackward0>)
Memory status after this epoch: 
Memory allocated:  169.5263671875
Memory cached:  294.0
	 epoch  10 training error:  tensor(0.4297, device='cuda:0', grad_fn=<DivBackward0>)
Memory status after this epoch: 
Memory allocated:  169.5263671875
Memory cached:  294.0
	 epoch  20 training error:  tensor(0.3890, device='cuda:0', grad_fn=<DivBackward0>)
Memory status after this epoch: 
Memory allocated:  169.5263671875
Memory cached:  294.0
	 epoch  30 training error:  tensor(0.3958, device='cuda:0', grad_fn=<DivBackward0>)
Memory status after this epoch: 
Memory allocated:  169.5263671875
Memory cached:  294.0
	 epoch  40 training error:  tensor(0.3816, device='cuda:0', grad_fn=<DivBackward0>)
Memory status after this epoch: 
Memory allocated:  169.5263671875
Memory cached:  294.0
	 epoch  50 training error:  tensor(0.3671, device='cuda:0', grad_fn=<DivBackward0>)
Memory status after this epoch: 
Memory allocated:  169.5263671875
Memory cached:  294.0
	 epoch  60 training error:  tensor(0.3752, device='cuda:0', grad_fn=<DivBackward0>)
Memory status after this epoch: 
Memory allocated:  169.5263671875
Memory cached:  294.0
	 epoch  70 training error:  tensor(0.3704, device='cuda:0', grad_fn=<DivBackward0>)
Memory status after this epoch: 
Memory allocated:  169.5263671875
Memory cached:  294.0
	 epoch  80 training error:  tensor(0.4058, device='cuda:0', grad_fn=<DivBackward0>)
Memory status after this epoch: 
Memory allocated:  169.5263671875
Memory cached:  294.0
	 epoch  90 training error:  tensor(0.3825, device='cuda:0', grad_fn=<DivBackward0>)
Memory status after this epoch: 
Memory allocated:  169.5263671875
Memory cached:  294.0
[I 2023-12-07 05:12:11,408] Trial 93 finished with value: 0.34178853034973145 and parameters: {'W_layers': 8, 'W_layer_units_exponent_0': 8, 'W_layer_units_exponent_1': 7, 'W_layer_units_exponent_2': 7, 'W_layer_units_exponent_3': 6, 'W_layer_units_exponent_4': 9, 'W_layer_units_exponent_5': 7, 'W_layer_units_exponent_6': 7, 'W_layer_units_exponent_7': 10, 'D_layers': 5, 'D_layer_units_exponent_0': 7, 'D_layer_units_exponent_1': 5, 'D_layer_units_exponent_2': 10, 'D_layer_units_exponent_3': 9, 'D_layer_units_exponent_4': 6, 'D_dagger_layers': 6, 'D_dagger_layer_units_exponent_0': 9, 'D_dagger_layer_units_exponent_1': 7, 'D_dagger_layer_units_exponent_2': 6, 'D_dagger_layer_units_exponent_3': 4, 'D_dagger_layer_units_exponent_4': 6, 'D_dagger_layer_units_exponent_5': 8, 'log_learning_rate': -3.8269461543336423, 'log_learning_rate_D': -3.4973184654552796, 'log_learning_rate_D_dagger': -2.858743533796917, 'training_batch_size': 6, 'training_p': 4}. Best is trial 25 with value: 0.33126506209373474.
Time for this trial:  23.805240631103516
Memory status after this trial: 
Memory allocated:  338.95263671875
Memory cached:  362.0
--------------------  Trial  94   --------------------
Start timing: 
Parameters: 
{'W_layers': 8, 'W_layer_units_exponent_0': 7, 'W_layer_units_exponent_1': 7, 'W_layer_units_exponent_2': 7, 'W_layer_units_exponent_3': 5, 'W_layer_units_exponent_4': 9, 'W_layer_units_exponent_5': 7, 'W_layer_units_exponent_6': 4, 'W_layer_units_exponent_7': 5, 'D_layers': 5, 'D_layer_units_exponent_0': 6, 'D_layer_units_exponent_1': 4, 'D_layer_units_exponent_2': 6, 'D_layer_units_exponent_3': 10, 'D_layer_units_exponent_4': 7, 'D_dagger_layers': 5, 'D_dagger_layer_units_exponent_0': 9, 'D_dagger_layer_units_exponent_1': 6, 'D_dagger_layer_units_exponent_2': 6, 'D_dagger_layer_units_exponent_3': 4, 'D_dagger_layer_units_exponent_4': 7, 'log_learning_rate': -4.194028701318112, 'log_learning_rate_D': -3.204999291023539, 'log_learning_rate_D_dagger': -2.194381498870703, 'training_batch_size': 7, 'training_p': 2}
	 epoch  0 training error:  tensor(0.9271, device='cuda:0', grad_fn=<DivBackward0>)
Memory status after this epoch: 
Memory allocated:  164.05908203125
Memory cached:  298.0
	 epoch  10 training error:  tensor(0.4430, device='cuda:0', grad_fn=<DivBackward0>)
Memory status after this epoch: 
Memory allocated:  164.05908203125
Memory cached:  300.0
	 epoch  20 training error:  tensor(0.3686, device='cuda:0', grad_fn=<DivBackward0>)
Memory status after this epoch: 
Memory allocated:  164.05908203125
Memory cached:  300.0
	 epoch  30 training error:  tensor(0.3566, device='cuda:0', grad_fn=<DivBackward0>)
Memory status after this epoch: 
Memory allocated:  164.05908203125
Memory cached:  300.0
	 epoch  40 training error:  tensor(0.3521, device='cuda:0', grad_fn=<DivBackward0>)
Memory status after this epoch: 
Memory allocated:  164.05908203125
Memory cached:  300.0
	 epoch  50 training error:  tensor(0.3510, device='cuda:0', grad_fn=<DivBackward0>)
Memory status after this epoch: 
Memory allocated:  164.05908203125
Memory cached:  300.0
	 epoch  60 training error:  tensor(0.3470, device='cuda:0', grad_fn=<DivBackward0>)
Memory status after this epoch: 
Memory allocated:  164.05908203125
Memory cached:  300.0
	 epoch  70 training error:  tensor(0.3524, device='cuda:0', grad_fn=<DivBackward0>)
Memory status after this epoch: 
Memory allocated:  164.05908203125
Memory cached:  300.0
	 epoch  80 training error:  tensor(0.3462, device='cuda:0', grad_fn=<DivBackward0>)
Memory status after this epoch: 
Memory allocated:  164.05908203125
Memory cached:  300.0
	 epoch  90 training error:  tensor(0.3431, device='cuda:0', grad_fn=<DivBackward0>)
Memory status after this epoch: 
Memory allocated:  164.05908203125
Memory cached:  300.0
