[I 2024-01-03 22:17:07,400] Trial 132 finished with value: 0.12166173756122589 and parameters: {'W_layers': 6, 'W_layer_units_exponent_0': 5, 'W_layer_units_exponent_1': 5, 'W_layer_units_exponent_2': 8, 'W_layer_units_exponent_3': 6, 'W_layer_units_exponent_4': 7, 'W_layer_units_exponent_5': 9, 'D_layers': 3, 'D_layer_units_exponent_0': 10, 'D_layer_units_exponent_1': 6, 'D_layer_units_exponent_2': 9, 'D_dagger_layers': 5, 'D_dagger_layer_units_exponent_0': 10, 'D_dagger_layer_units_exponent_1': 9, 'D_dagger_layer_units_exponent_2': 4, 'D_dagger_layer_units_exponent_3': 6, 'D_dagger_layer_units_exponent_4': 5, 'log_learning_rate': -3.8783141790546023, 'log_learning_rate_D': -2.8201142878476473, 'log_learning_rate_D_dagger': -3.3999522069720687, 'training_batch_size': 9, 'training_p': 8}. Best is trial 87 with value: 0.11369848251342773.
Time for this trial:  197.22783756256104
Memory status after this trial: 
Memory allocated:  494.662109375
Memory cached:  622.0
--------------------  Trial  133   --------------------
Start timing: 
Parameters: 
{'W_layers': 6, 'W_layer_units_exponent_0': 4, 'W_layer_units_exponent_1': 5, 'W_layer_units_exponent_2': 8, 'W_layer_units_exponent_3': 6, 'W_layer_units_exponent_4': 7, 'W_layer_units_exponent_5': 9, 'D_layers': 3, 'D_layer_units_exponent_0': 10, 'D_layer_units_exponent_1': 6, 'D_layer_units_exponent_2': 9, 'D_dagger_layers': 4, 'D_dagger_layer_units_exponent_0': 10, 'D_dagger_layer_units_exponent_1': 8, 'D_dagger_layer_units_exponent_2': 4, 'D_dagger_layer_units_exponent_3': 6, 'log_learning_rate': -3.885059774626557, 'log_learning_rate_D': -2.979174147193802, 'log_learning_rate_D_dagger': -3.3376666700928417, 'training_batch_size': 9, 'training_p': 8}
	 epoch  0 training error:  tensor(0.9817, device='cuda:0', grad_fn=<DivBackward0>)
Memory status after this epoch: 
Memory allocated:  276.52490234375
Memory cached:  602.0
	 epoch  10 training error:  tensor(0.5623, device='cuda:0', grad_fn=<DivBackward0>)
Memory status after this epoch: 
Memory allocated:  276.52490234375
Memory cached:  646.0
	 epoch  20 training error:  tensor(0.5503, device='cuda:0', grad_fn=<DivBackward0>)
Memory status after this epoch: 
Memory allocated:  276.52490234375
Memory cached:  640.0
	 epoch  30 training error:  tensor(0.5429, device='cuda:0', grad_fn=<DivBackward0>)
Memory status after this epoch: 
Memory allocated:  276.52490234375
Memory cached:  628.0
	 epoch  40 training error:  tensor(0.5433, device='cuda:0', grad_fn=<DivBackward0>)
Memory status after this epoch: 
Memory allocated:  276.52490234375
Memory cached:  642.0
	 epoch  50 training error:  tensor(0.5404, device='cuda:0', grad_fn=<DivBackward0>)
Memory status after this epoch: 
Memory allocated:  276.52490234375
Memory cached:  636.0
	 epoch  60 training error:  tensor(0.5349, device='cuda:0', grad_fn=<DivBackward0>)
Memory status after this epoch: 
Memory allocated:  276.52490234375
Memory cached:  632.0
	 epoch  70 training error:  tensor(0.5333, device='cuda:0', grad_fn=<DivBackward0>)
Memory status after this epoch: 
Memory allocated:  276.52490234375
Memory cached:  640.0
	 epoch  80 training error:  tensor(0.4871, device='cuda:0', grad_fn=<DivBackward0>)
Memory status after this epoch: 
Memory allocated:  276.52490234375
Memory cached:  636.0
	 epoch  90 training error:  tensor(0.3653, device='cuda:0', grad_fn=<DivBackward0>)
Memory status after this epoch: 
Memory allocated:  276.52490234375
Memory cached:  630.0
[I 2024-01-03 22:20:15,179] Trial 133 finished with value: 0.18697305023670197 and parameters: {'W_layers': 6, 'W_layer_units_exponent_0': 4, 'W_layer_units_exponent_1': 5, 'W_layer_units_exponent_2': 8, 'W_layer_units_exponent_3': 6, 'W_layer_units_exponent_4': 7, 'W_layer_units_exponent_5': 9, 'D_layers': 3, 'D_layer_units_exponent_0': 10, 'D_layer_units_exponent_1': 6, 'D_layer_units_exponent_2': 9, 'D_dagger_layers': 4, 'D_dagger_layer_units_exponent_0': 10, 'D_dagger_layer_units_exponent_1': 8, 'D_dagger_layer_units_exponent_2': 4, 'D_dagger_layer_units_exponent_3': 6, 'log_learning_rate': -3.885059774626557, 'log_learning_rate_D': -2.979174147193802, 'log_learning_rate_D_dagger': -3.3376666700928417, 'training_batch_size': 9, 'training_p': 8}. Best is trial 87 with value: 0.11369848251342773.
Time for this trial:  187.25554966926575
Memory status after this trial: 
Memory allocated:  476.2998046875
Memory cached:  612.0
--------------------  Trial  134   --------------------
Start timing: 
Parameters: 
{'W_layers': 6, 'W_layer_units_exponent_0': 5, 'W_layer_units_exponent_1': 5, 'W_layer_units_exponent_2': 7, 'W_layer_units_exponent_3': 6, 'W_layer_units_exponent_4': 6, 'W_layer_units_exponent_5': 9, 'D_layers': 3, 'D_layer_units_exponent_0': 10, 'D_layer_units_exponent_1': 6, 'D_layer_units_exponent_2': 9, 'D_dagger_layers': 5, 'D_dagger_layer_units_exponent_0': 10, 'D_dagger_layer_units_exponent_1': 9, 'D_dagger_layer_units_exponent_2': 4, 'D_dagger_layer_units_exponent_3': 5, 'D_dagger_layer_units_exponent_4': 4, 'log_learning_rate': -4.052730315332155, 'log_learning_rate_D': -3.0173325879348245, 'log_learning_rate_D_dagger': -3.413240507057561, 'training_batch_size': 9, 'training_p': 8}
	 epoch  0 training error:  tensor(1.0071, device='cuda:0', grad_fn=<DivBackward0>)
Memory status after this epoch: 
Memory allocated:  279.84912109375
Memory cached:  608.0
	 epoch  10 training error:  tensor(0.5976, device='cuda:0', grad_fn=<DivBackward0>)
Memory status after this epoch: 
Memory allocated:  279.84912109375
Memory cached:  642.0
	 epoch  20 training error:  tensor(0.5575, device='cuda:0', grad_fn=<DivBackward0>)
Memory status after this epoch: 
Memory allocated:  279.84912109375
Memory cached:  642.0
	 epoch  30 training error:  tensor(0.5543, device='cuda:0', grad_fn=<DivBackward0>)
Memory status after this epoch: 
Memory allocated:  279.84912109375
Memory cached:  650.0
	 epoch  40 training error:  tensor(0.5414, device='cuda:0', grad_fn=<DivBackward0>)
Memory status after this epoch: 
Memory allocated:  279.84912109375
Memory cached:  644.0
	 epoch  50 training error:  tensor(0.5461, device='cuda:0', grad_fn=<DivBackward0>)
Memory status after this epoch: 
Memory allocated:  279.84912109375
Memory cached:  640.0
	 epoch  60 training error:  tensor(0.5373, device='cuda:0', grad_fn=<DivBackward0>)
Memory status after this epoch: 
Memory allocated:  279.84912109375
Memory cached:  646.0
	 epoch  70 training error:  tensor(0.5406, device='cuda:0', grad_fn=<DivBackward0>)
Memory status after this epoch: 
Memory allocated:  279.84912109375
Memory cached:  640.0
	 epoch  80 training error:  tensor(0.5453, device='cuda:0', grad_fn=<DivBackward0>)
Memory status after this epoch: 
Memory allocated:  279.84912109375
Memory cached:  644.0
	 epoch  90 training error:  tensor(0.4804, device='cuda:0', grad_fn=<DivBackward0>)
Memory status after this epoch: 
Memory allocated:  279.84912109375
Memory cached:  642.0
[I 2024-01-03 22:23:28,015] Trial 134 finished with value: 0.24554093182086945 and parameters: {'W_layers': 6, 'W_layer_units_exponent_0': 5, 'W_layer_units_exponent_1': 5, 'W_layer_units_exponent_2': 7, 'W_layer_units_exponent_3': 6, 'W_layer_units_exponent_4': 6, 'W_layer_units_exponent_5': 9, 'D_layers': 3, 'D_layer_units_exponent_0': 10, 'D_layer_units_exponent_1': 6, 'D_layer_units_exponent_2': 9, 'D_dagger_layers': 5, 'D_dagger_layer_units_exponent_0': 10, 'D_dagger_layer_units_exponent_1': 9, 'D_dagger_layer_units_exponent_2': 4, 'D_dagger_layer_units_exponent_3': 5, 'D_dagger_layer_units_exponent_4': 4, 'log_learning_rate': -4.052730315332155, 'log_learning_rate_D': -3.0173325879348245, 'log_learning_rate_D_dagger': -3.413240507057561, 'training_batch_size': 9, 'training_p': 8}. Best is trial 87 with value: 0.11369848251342773.
Time for this trial:  192.29827761650085
Memory status after this trial: 
Memory allocated:  481.7216796875
Memory cached:  614.0
--------------------  Trial  135   --------------------
Start timing: 
Parameters: 
{'W_layers': 6, 'W_layer_units_exponent_0': 6, 'W_layer_units_exponent_1': 5, 'W_layer_units_exponent_2': 8, 'W_layer_units_exponent_3': 5, 'W_layer_units_exponent_4': 7, 'W_layer_units_exponent_5': 10, 'D_layers': 3, 'D_layer_units_exponent_0': 10, 'D_layer_units_exponent_1': 7, 'D_layer_units_exponent_2': 9, 'D_dagger_layers': 5, 'D_dagger_layer_units_exponent_0': 10, 'D_dagger_layer_units_exponent_1': 10, 'D_dagger_layer_units_exponent_2': 4, 'D_dagger_layer_units_exponent_3': 5, 'D_dagger_layer_units_exponent_4': 5, 'log_learning_rate': -4.397323253929511, 'log_learning_rate_D': -3.183150992367901, 'log_learning_rate_D_dagger': -3.206901380202428, 'training_batch_size': 9, 'training_p': 8}
	 epoch  0 training error:  tensor(0.9763, device='cuda:0', grad_fn=<DivBackward0>)
Memory status after this epoch: 
Memory allocated:  291.08544921875
Memory cached:  618.0
	 epoch  10 training error:  tensor(0.5773, device='cuda:0', grad_fn=<DivBackward0>)
Memory status after this epoch: 
Memory allocated:  291.08544921875
Memory cached:  664.0
	 epoch  20 training error:  tensor(0.5500, device='cuda:0', grad_fn=<DivBackward0>)
Memory status after this epoch: 
Memory allocated:  291.08544921875
Memory cached:  668.0
	 epoch  30 training error:  tensor(0.5426, device='cuda:0', grad_fn=<DivBackward0>)
Memory status after this epoch: 
Memory allocated:  291.08544921875
Memory cached:  668.0
	 epoch  40 training error:  tensor(0.5398, device='cuda:0', grad_fn=<DivBackward0>)
Memory status after this epoch: 
Memory allocated:  291.08544921875
Memory cached:  662.0
	 epoch  50 training error:  tensor(0.5359, device='cuda:0', grad_fn=<DivBackward0>)
Memory status after this epoch: 
Memory allocated:  291.08544921875
Memory cached:  664.0
	 epoch  60 training error:  tensor(0.5294, device='cuda:0', grad_fn=<DivBackward0>)
Memory status after this epoch: 
Memory allocated:  291.08544921875
Memory cached:  656.0
	 epoch  70 training error:  tensor(0.5221, device='cuda:0', grad_fn=<DivBackward0>)
Memory status after this epoch: 
Memory allocated:  291.08544921875
Memory cached:  658.0
	 epoch  80 training error:  tensor(0.5485, device='cuda:0', grad_fn=<DivBackward0>)
Memory status after this epoch: 
Memory allocated:  291.08544921875
Memory cached:  668.0
	 epoch  90 training error:  tensor(0.4366, device='cuda:0', grad_fn=<DivBackward0>)
Memory status after this epoch: 
Memory allocated:  291.08544921875
Memory cached:  668.0
[I 2024-01-03 22:26:54,526] Trial 135 finished with value: 0.26378974318504333 and parameters: {'W_layers': 6, 'W_layer_units_exponent_0': 6, 'W_layer_units_exponent_1': 5, 'W_layer_units_exponent_2': 8, 'W_layer_units_exponent_3': 5, 'W_layer_units_exponent_4': 7, 'W_layer_units_exponent_5': 10, 'D_layers': 3, 'D_layer_units_exponent_0': 10, 'D_layer_units_exponent_1': 7, 'D_layer_units_exponent_2': 9, 'D_dagger_layers': 5, 'D_dagger_layer_units_exponent_0': 10, 'D_dagger_layer_units_exponent_1': 10, 'D_dagger_layer_units_exponent_2': 4, 'D_dagger_layer_units_exponent_3': 5, 'D_dagger_layer_units_exponent_4': 5, 'log_learning_rate': -4.397323253929511, 'log_learning_rate_D': -3.183150992367901, 'log_learning_rate_D_dagger': -3.206901380202428, 'training_batch_size': 9, 'training_p': 8}. Best is trial 87 with value: 0.11369848251342773.
Time for this trial:  205.9720356464386
Memory status after this trial: 
Memory allocated:  552.3447265625
Memory cached:  620.0
--------------------  Trial  136   --------------------
Start timing: 
Parameters: 
{'W_layers': 7, 'W_layer_units_exponent_0': 5, 'W_layer_units_exponent_1': 5, 'W_layer_units_exponent_2': 7, 'W_layer_units_exponent_3': 5, 'W_layer_units_exponent_4': 7, 'W_layer_units_exponent_5': 9, 'W_layer_units_exponent_6': 9, 'D_layers': 3, 'D_layer_units_exponent_0': 10, 'D_layer_units_exponent_1': 7, 'D_layer_units_exponent_2': 9, 'D_dagger_layers': 4, 'D_dagger_layer_units_exponent_0': 10, 'D_dagger_layer_units_exponent_1': 10, 'D_dagger_layer_units_exponent_2': 4, 'D_dagger_layer_units_exponent_3': 6, 'log_learning_rate': -3.9474030476064237, 'log_learning_rate_D': -2.8339866498210022, 'log_learning_rate_D_dagger': -3.2608283319763136, 'training_batch_size': 10, 'training_p': 8}
	 epoch  0 training error:  tensor(1.0063, device='cuda:0', grad_fn=<DivBackward0>)
Memory status after this epoch: 
Memory allocated:  293.92529296875
Memory cached:  624.0
	 epoch  10 training error:  tensor(0.6038, device='cuda:0', grad_fn=<DivBackward0>)
Memory status after this epoch: 
Memory allocated:  293.92529296875
Memory cached:  654.0
	 epoch  20 training error:  tensor(0.5910, device='cuda:0', grad_fn=<DivBackward0>)
Memory status after this epoch: 
Memory allocated:  293.92529296875
Memory cached:  646.0
	 epoch  30 training error:  tensor(0.5562, device='cuda:0', grad_fn=<DivBackward0>)
Memory status after this epoch: 
Memory allocated:  293.92529296875
Memory cached:  656.0
	 epoch  40 training error:  tensor(0.5533, device='cuda:0', grad_fn=<DivBackward0>)
Memory status after this epoch: 
Memory allocated:  293.92529296875
Memory cached:  648.0
	 epoch  50 training error:  tensor(0.5565, device='cuda:0', grad_fn=<DivBackward0>)
Memory status after this epoch: 
Memory allocated:  293.92529296875
Memory cached:  656.0
	 epoch  60 training error:  tensor(0.5480, device='cuda:0', grad_fn=<DivBackward0>)
Memory status after this epoch: 
Memory allocated:  293.92529296875
Memory cached:  656.0
	 epoch  70 training error:  tensor(0.5448, device='cuda:0', grad_fn=<DivBackward0>)
Memory status after this epoch: 
Memory allocated:  293.92529296875
Memory cached:  660.0
	 epoch  80 training error:  tensor(0.5199, device='cuda:0', grad_fn=<DivBackward0>)
Memory status after this epoch: 
Memory allocated:  293.92529296875
Memory cached:  652.0
	 epoch  90 training error:  tensor(0.4549, device='cuda:0', grad_fn=<DivBackward0>)
Memory status after this epoch: 
Memory allocated:  293.92529296875
Memory cached:  658.0
[I 2024-01-03 22:30:20,032] Trial 136 finished with value: 0.2322133630514145 and parameters: {'W_layers': 7, 'W_layer_units_exponent_0': 5, 'W_layer_units_exponent_1': 5, 'W_layer_units_exponent_2': 7, 'W_layer_units_exponent_3': 5, 'W_layer_units_exponent_4': 7, 'W_layer_units_exponent_5': 9, 'W_layer_units_exponent_6': 9, 'D_layers': 3, 'D_layer_units_exponent_0': 10, 'D_layer_units_exponent_1': 7, 'D_layer_units_exponent_2': 9, 'D_dagger_layers': 4, 'D_dagger_layer_units_exponent_0': 10, 'D_dagger_layer_units_exponent_1': 10, 'D_dagger_layer_units_exponent_2': 4, 'D_dagger_layer_units_exponent_3': 6, 'log_learning_rate': -3.9474030476064237, 'log_learning_rate_D': -2.8339866498210022, 'log_learning_rate_D_dagger': -3.2608283319763136, 'training_batch_size': 10, 'training_p': 8}. Best is trial 87 with value: 0.11369848251342773.
Time for this trial:  204.99086594581604
Memory status after this trial: 
Memory allocated:  548.8818359375
Memory cached:  608.0
--------------------  Trial  137   --------------------
Start timing: 
Parameters: 
{'W_layers': 6, 'W_layer_units_exponent_0': 6, 'W_layer_units_exponent_1': 5, 'W_layer_units_exponent_2': 8, 'W_layer_units_exponent_3': 5, 'W_layer_units_exponent_4': 7, 'W_layer_units_exponent_5': 8, 'D_layers': 3, 'D_layer_units_exponent_0': 10, 'D_layer_units_exponent_1': 7, 'D_layer_units_exponent_2': 9, 'D_dagger_layers': 4, 'D_dagger_layer_units_exponent_0': 10, 'D_dagger_layer_units_exponent_1': 9, 'D_dagger_layer_units_exponent_2': 4, 'D_dagger_layer_units_exponent_3': 5, 'log_learning_rate': -4.2794701543677975, 'log_learning_rate_D': -3.09654122311751, 'log_learning_rate_D_dagger': -3.427547232391984, 'training_batch_size': 9, 'training_p': 8}
	 epoch  0 training error:  tensor(0.9856, device='cuda:0', grad_fn=<DivBackward0>)
Memory status after this epoch: 
Memory allocated:  281.41162109375
Memory cached:  602.0
	 epoch  10 training error:  tensor(0.5637, device='cuda:0', grad_fn=<DivBackward0>)
Memory status after this epoch: 
Memory allocated:  281.41162109375
Memory cached:  660.0
	 epoch  20 training error:  tensor(0.5498, device='cuda:0', grad_fn=<DivBackward0>)
Memory status after this epoch: 
Memory allocated:  281.41162109375
Memory cached:  648.0
	 epoch  30 training error:  tensor(0.5472, device='cuda:0', grad_fn=<DivBackward0>)
Memory status after this epoch: 
Memory allocated:  281.41162109375
Memory cached:  664.0
	 epoch  40 training error:  tensor(0.5424, device='cuda:0', grad_fn=<DivBackward0>)
Memory status after this epoch: 
Memory allocated:  281.41162109375
Memory cached:  664.0
	 epoch  50 training error:  tensor(0.5404, device='cuda:0', grad_fn=<DivBackward0>)
Memory status after this epoch: 
Memory allocated:  281.41162109375
Memory cached:  658.0
	 epoch  60 training error:  tensor(0.5405, device='cuda:0', grad_fn=<DivBackward0>)
Memory status after this epoch: 
Memory allocated:  281.41162109375
Memory cached:  658.0
	 epoch  70 training error:  tensor(0.5346, device='cuda:0', grad_fn=<DivBackward0>)
Memory status after this epoch: 
Memory allocated:  281.41162109375
Memory cached:  646.0
	 epoch  80 training error:  tensor(0.4959, device='cuda:0', grad_fn=<DivBackward0>)
Memory status after this epoch: 
Memory allocated:  281.41162109375
Memory cached:  662.0
	 epoch  90 training error:  tensor(0.4523, device='cuda:0', grad_fn=<DivBackward0>)
Memory status after this epoch: 
Memory allocated:  281.41162109375
Memory cached:  662.0
[I 2024-01-03 22:33:26,782] Trial 137 finished with value: 0.22530797123908997 and parameters: {'W_layers': 6, 'W_layer_units_exponent_0': 6, 'W_layer_units_exponent_1': 5, 'W_layer_units_exponent_2': 8, 'W_layer_units_exponent_3': 5, 'W_layer_units_exponent_4': 7, 'W_layer_units_exponent_5': 8, 'D_layers': 3, 'D_layer_units_exponent_0': 10, 'D_layer_units_exponent_1': 7, 'D_layer_units_exponent_2': 9, 'D_dagger_layers': 4, 'D_dagger_layer_units_exponent_0': 10, 'D_dagger_layer_units_exponent_1': 9, 'D_dagger_layer_units_exponent_2': 4, 'D_dagger_layer_units_exponent_3': 5, 'log_learning_rate': -4.2794701543677975, 'log_learning_rate_D': -3.09654122311751, 'log_learning_rate_D_dagger': -3.427547232391984, 'training_batch_size': 9, 'training_p': 8}. Best is trial 87 with value: 0.11369848251342773.
Time for this trial:  186.18075323104858
Memory status after this trial: 
Memory allocated:  483.298828125
Memory cached:  626.0
--------------------  Trial  138   --------------------
Start timing: 
Parameters: 
{'W_layers': 6, 'W_layer_units_exponent_0': 6, 'W_layer_units_exponent_1': 5, 'W_layer_units_exponent_2': 7, 'W_layer_units_exponent_3': 5, 'W_layer_units_exponent_4': 7, 'W_layer_units_exponent_5': 7, 'D_layers': 3, 'D_layer_units_exponent_0': 10, 'D_layer_units_exponent_1': 6, 'D_layer_units_exponent_2': 9, 'D_dagger_layers': 4, 'D_dagger_layer_units_exponent_0': 10, 'D_dagger_layer_units_exponent_1': 10, 'D_dagger_layer_units_exponent_2': 4, 'D_dagger_layer_units_exponent_3': 6, 'log_learning_rate': -4.542055400269304, 'log_learning_rate_D': -2.9410119608445657, 'log_learning_rate_D_dagger': -2.963318069828453, 'training_batch_size': 9, 'training_p': 8}
	 epoch  0 training error:  tensor(0.9873, device='cuda:0', grad_fn=<DivBackward0>)
Memory status after this epoch: 
Memory allocated:  287.67138671875
Memory cached:  620.0
	 epoch  10 training error:  tensor(0.5952, device='cuda:0', grad_fn=<DivBackward0>)
Memory status after this epoch: 
Memory allocated:  287.67138671875
Memory cached:  644.0
	 epoch  20 training error:  tensor(0.5621, device='cuda:0', grad_fn=<DivBackward0>)
Memory status after this epoch: 
Memory allocated:  287.67138671875
Memory cached:  648.0
	 epoch  30 training error:  tensor(0.5402, device='cuda:0', grad_fn=<DivBackward0>)
Memory status after this epoch: 
Memory allocated:  287.67138671875
Memory cached:  644.0
	 epoch  40 training error:  tensor(0.5427, device='cuda:0', grad_fn=<DivBackward0>)
Memory status after this epoch: 
Memory allocated:  287.67138671875
Memory cached:  646.0
	 epoch  50 training error:  tensor(0.5222, device='cuda:0', grad_fn=<DivBackward0>)
Memory status after this epoch: 
Memory allocated:  287.67138671875
Memory cached:  642.0
	 epoch  60 training error:  tensor(0.5316, device='cuda:0', grad_fn=<DivBackward0>)
Memory status after this epoch: 
Memory allocated:  287.67138671875
Memory cached:  640.0
	 epoch  70 training error:  tensor(0.3691, device='cuda:0', grad_fn=<DivBackward0>)
Memory status after this epoch: 
Memory allocated:  287.67138671875
Memory cached:  648.0
	 epoch  80 training error:  tensor(0.2930, device='cuda:0', grad_fn=<DivBackward0>)
Memory status after this epoch: 
Memory allocated:  287.67138671875
Memory cached:  638.0
	 epoch  90 training error:  tensor(0.2839, device='cuda:0', grad_fn=<DivBackward0>)
Memory status after this epoch: 
Memory allocated:  287.67138671875
Memory cached:  638.0
