[I 2023-12-04 01:06:10,649] Trial 7 finished with value: 0.07220136374235153 and parameters: {'W_layers': 3, 'W_layer_units_exponent_0': 9, 'W_layer_units_exponent_1': 6, 'W_layer_units_exponent_2': 10, 'D_layers': 2, 'D_layer_units_exponent_0': 5, 'D_layer_units_exponent_1': 5, 'log_learning_rate': -3.4707066888032694, 'log_learning_rate_D': -3.2865836826482298, 'training_batch_size': 11, 'training_p': 3}. Best is trial 0 with value: 0.07213948667049408.
Time for this trial:  34.92829775810242
Memory status after this trial: 
Memory allocated:  102.6884765625
Memory cached:  104.0
--------------------  Trial  8   --------------------
Start timing: 
Parameters: 
{'W_layers': 8, 'W_layer_units_exponent_0': 7, 'W_layer_units_exponent_1': 7, 'W_layer_units_exponent_2': 7, 'W_layer_units_exponent_3': 7, 'W_layer_units_exponent_4': 6, 'W_layer_units_exponent_5': 4, 'W_layer_units_exponent_6': 8, 'W_layer_units_exponent_7': 9, 'D_layers': 4, 'D_layer_units_exponent_0': 5, 'D_layer_units_exponent_1': 8, 'D_layer_units_exponent_2': 5, 'D_layer_units_exponent_3': 5, 'log_learning_rate': -3.5911930339193, 'log_learning_rate_D': -2.9343288073308655, 'training_batch_size': 6, 'training_p': 4}
	 epoch  0 training error:  tensor(1.0129, device='cuda:0', grad_fn=<DivBackward0>)
Memory status after this epoch: 
Memory allocated:  66.97412109375
Memory cached:  76.0
	 epoch  10 training error:  tensor(0.2093, device='cuda:0', grad_fn=<DivBackward0>)
Memory status after this epoch: 
Memory allocated:  66.97412109375
Memory cached:  76.0
	 epoch  20 training error:  tensor(0.1642, device='cuda:0', grad_fn=<DivBackward0>)
Memory status after this epoch: 
Memory allocated:  66.97412109375
Memory cached:  76.0
	 epoch  30 training error:  tensor(0.1552, device='cuda:0', grad_fn=<DivBackward0>)
Memory status after this epoch: 
Memory allocated:  66.97412109375
Memory cached:  76.0
	 epoch  40 training error:  tensor(0.1282, device='cuda:0', grad_fn=<DivBackward0>)
Memory status after this epoch: 
Memory allocated:  66.97412109375
Memory cached:  76.0
	 epoch  50 training error:  tensor(0.0925, device='cuda:0', grad_fn=<DivBackward0>)
Memory status after this epoch: 
Memory allocated:  66.97412109375
Memory cached:  76.0
	 epoch  60 training error:  tensor(0.0302, device='cuda:0', grad_fn=<DivBackward0>)
Memory status after this epoch: 
Memory allocated:  66.97412109375
Memory cached:  76.0
	 epoch  70 training error:  tensor(0.0665, device='cuda:0', grad_fn=<DivBackward0>)
Memory status after this epoch: 
Memory allocated:  66.97412109375
Memory cached:  76.0
	 epoch  80 training error:  tensor(0.0331, device='cuda:0', grad_fn=<DivBackward0>)
Memory status after this epoch: 
Memory allocated:  66.97412109375
Memory cached:  76.0
	 epoch  90 training error:  tensor(0.0233, device='cuda:0', grad_fn=<DivBackward0>)
Memory status after this epoch: 
Memory allocated:  66.97412109375
Memory cached:  76.0
[I 2023-12-04 01:07:29,537] Trial 8 finished with value: 0.011548519134521484 and parameters: {'W_layers': 8, 'W_layer_units_exponent_0': 7, 'W_layer_units_exponent_1': 7, 'W_layer_units_exponent_2': 7, 'W_layer_units_exponent_3': 7, 'W_layer_units_exponent_4': 6, 'W_layer_units_exponent_5': 4, 'W_layer_units_exponent_6': 8, 'W_layer_units_exponent_7': 9, 'D_layers': 4, 'D_layer_units_exponent_0': 5, 'D_layer_units_exponent_1': 8, 'D_layer_units_exponent_2': 5, 'D_layer_units_exponent_3': 5, 'log_learning_rate': -3.5911930339193, 'log_learning_rate_D': -2.9343288073308655, 'training_batch_size': 6, 'training_p': 4}. Best is trial 8 with value: 0.011548519134521484.
res:  tensor(0.0115, device='cuda:0', grad_fn=<DivBackward0>)
self.bestValue:  tensor(0.0721, device='cuda:0', grad_fn=<DivBackward0>)
Save this model!
Time for this trial:  78.77534699440002
Memory status after this trial: 
Memory allocated:  40.9404296875
Memory cached:  104.0
--------------------  Trial  9   --------------------
Start timing: 
Parameters: 
{'W_layers': 3, 'W_layer_units_exponent_0': 10, 'W_layer_units_exponent_1': 7, 'W_layer_units_exponent_2': 5, 'D_layers': 8, 'D_layer_units_exponent_0': 5, 'D_layer_units_exponent_1': 5, 'D_layer_units_exponent_2': 10, 'D_layer_units_exponent_3': 7, 'D_layer_units_exponent_4': 10, 'D_layer_units_exponent_5': 5, 'D_layer_units_exponent_6': 7, 'D_layer_units_exponent_7': 6, 'log_learning_rate': -1.3659409780423175, 'log_learning_rate_D': -1.6828965122374933, 'training_batch_size': 11, 'training_p': 4}
	 epoch  0 training error:  tensor(1.0017, device='cuda:0', grad_fn=<DivBackward0>)
Memory status after this epoch: 
Memory allocated:  48.40673828125
Memory cached:  106.0
	 epoch  10 training error:  tensor(10.4323, device='cuda:0', grad_fn=<DivBackward0>)
Memory status after this epoch: 
Memory allocated:  48.40673828125
Memory cached:  106.0
[W 2023-12-04 01:07:36,314] Trial 9 failed with parameters: {'W_layers': 3, 'W_layer_units_exponent_0': 10, 'W_layer_units_exponent_1': 7, 'W_layer_units_exponent_2': 5, 'D_layers': 8, 'D_layer_units_exponent_0': 5, 'D_layer_units_exponent_1': 5, 'D_layer_units_exponent_2': 10, 'D_layer_units_exponent_3': 7, 'D_layer_units_exponent_4': 10, 'D_layer_units_exponent_5': 5, 'D_layer_units_exponent_6': 7, 'D_layer_units_exponent_7': 6, 'log_learning_rate': -1.3659409780423175, 'log_learning_rate_D': -1.6828965122374933, 'training_batch_size': 11, 'training_p': 4} because of the following error: The value nan is not acceptable.
[W 2023-12-04 01:07:36,315] Trial 9 failed with value tensor(nan, device='cuda:0', grad_fn=<DivBackward0>).
Time for this trial:  6.6716203689575195
Memory status after this trial: 
Memory allocated:  127.71240234375
Memory cached:  132.0
--------------------  Trial  10   --------------------
Start timing: 
Parameters: 
{'W_layers': 2, 'W_layer_units_exponent_0': 8, 'W_layer_units_exponent_1': 4, 'D_layers': 7, 'D_layer_units_exponent_0': 5, 'D_layer_units_exponent_1': 7, 'D_layer_units_exponent_2': 10, 'D_layer_units_exponent_3': 4, 'D_layer_units_exponent_4': 6, 'D_layer_units_exponent_5': 10, 'D_layer_units_exponent_6': 10, 'log_learning_rate': -2.765643268767457, 'log_learning_rate_D': -1.9089910131727073, 'training_batch_size': 12, 'training_p': 7}
	 epoch  0 training error:  tensor(1.1393, device='cuda:0', grad_fn=<DivBackward0>)
Memory status after this epoch: 
Memory allocated:  60.51806640625
Memory cached:  126.0
[W 2023-12-04 01:07:39,837] Trial 10 failed with parameters: {'W_layers': 2, 'W_layer_units_exponent_0': 8, 'W_layer_units_exponent_1': 4, 'D_layers': 7, 'D_layer_units_exponent_0': 5, 'D_layer_units_exponent_1': 7, 'D_layer_units_exponent_2': 10, 'D_layer_units_exponent_3': 4, 'D_layer_units_exponent_4': 6, 'D_layer_units_exponent_5': 10, 'D_layer_units_exponent_6': 10, 'log_learning_rate': -2.765643268767457, 'log_learning_rate_D': -1.9089910131727073, 'training_batch_size': 12, 'training_p': 7} because of the following error: The value nan is not acceptable.
[W 2023-12-04 01:07:39,838] Trial 10 failed with value tensor(nan, device='cuda:0', grad_fn=<DivBackward0>).
Time for this trial:  3.397595167160034
Memory status after this trial: 
Memory allocated:  132.2548828125
Memory cached:  148.0
--------------------  Trial  11   --------------------
Start timing: 
Parameters: 
{'W_layers': 7, 'W_layer_units_exponent_0': 10, 'W_layer_units_exponent_1': 6, 'W_layer_units_exponent_2': 7, 'W_layer_units_exponent_3': 6, 'W_layer_units_exponent_4': 8, 'W_layer_units_exponent_5': 7, 'W_layer_units_exponent_6': 9, 'D_layers': 2, 'D_layer_units_exponent_0': 5, 'D_layer_units_exponent_1': 5, 'log_learning_rate': -3.590713202281071, 'log_learning_rate_D': -3.1530720619895027, 'training_batch_size': 12, 'training_p': 7}
	 epoch  0 training error:  tensor(0.9929, device='cuda:0', grad_fn=<DivBackward0>)
Memory status after this epoch: 
Memory allocated:  44.13720703125
Memory cached:  106.0
	 epoch  10 training error:  tensor(0.6501, device='cuda:0', grad_fn=<DivBackward0>)
Memory status after this epoch: 
Memory allocated:  44.13720703125
Memory cached:  106.0
	 epoch  20 training error:  tensor(0.3053, device='cuda:0', grad_fn=<DivBackward0>)
Memory status after this epoch: 
Memory allocated:  44.13720703125
Memory cached:  106.0
	 epoch  30 training error:  tensor(0.1956, device='cuda:0', grad_fn=<DivBackward0>)
Memory status after this epoch: 
Memory allocated:  44.13720703125
Memory cached:  106.0
	 epoch  40 training error:  tensor(0.1855, device='cuda:0', grad_fn=<DivBackward0>)
Memory status after this epoch: 
Memory allocated:  44.13720703125
Memory cached:  106.0
	 epoch  50 training error:  tensor(0.1598, device='cuda:0', grad_fn=<DivBackward0>)
Memory status after this epoch: 
Memory allocated:  44.13720703125
Memory cached:  106.0
	 epoch  60 training error:  tensor(0.1437, device='cuda:0', grad_fn=<DivBackward0>)
Memory status after this epoch: 
Memory allocated:  44.13720703125
Memory cached:  106.0
	 epoch  70 training error:  tensor(0.1388, device='cuda:0', grad_fn=<DivBackward0>)
Memory status after this epoch: 
Memory allocated:  44.13720703125
Memory cached:  106.0
	 epoch  80 training error:  tensor(0.1325, device='cuda:0', grad_fn=<DivBackward0>)
Memory status after this epoch: 
Memory allocated:  44.13720703125
Memory cached:  106.0
	 epoch  90 training error:  tensor(0.1285, device='cuda:0', grad_fn=<DivBackward0>)
Memory status after this epoch: 
Memory allocated:  44.13720703125
Memory cached:  106.0
[I 2023-12-04 01:08:23,684] Trial 11 finished with value: 0.09349450469017029 and parameters: {'W_layers': 7, 'W_layer_units_exponent_0': 10, 'W_layer_units_exponent_1': 6, 'W_layer_units_exponent_2': 7, 'W_layer_units_exponent_3': 6, 'W_layer_units_exponent_4': 8, 'W_layer_units_exponent_5': 7, 'W_layer_units_exponent_6': 9, 'D_layers': 2, 'D_layer_units_exponent_0': 5, 'D_layer_units_exponent_1': 5, 'log_learning_rate': -3.590713202281071, 'log_learning_rate_D': -3.1530720619895027, 'training_batch_size': 12, 'training_p': 7}. Best is trial 8 with value: 0.011548519134521484.
Time for this trial:  43.730111598968506
Memory status after this trial: 
Memory allocated:  93.900390625
Memory cached:  106.0
--------------------  Trial  12   --------------------
Start timing: 
Parameters: 
{'W_layers': 2, 'W_layer_units_exponent_0': 10, 'W_layer_units_exponent_1': 8, 'D_layers': 8, 'D_layer_units_exponent_0': 4, 'D_layer_units_exponent_1': 7, 'D_layer_units_exponent_2': 6, 'D_layer_units_exponent_3': 9, 'D_layer_units_exponent_4': 5, 'D_layer_units_exponent_5': 9, 'D_layer_units_exponent_6': 7, 'D_layer_units_exponent_7': 8, 'log_learning_rate': -4.254952492454951, 'log_learning_rate_D': -1.5200387733293304, 'training_batch_size': 7, 'training_p': 6}
	 epoch  0 training error:  tensor(1.0193, device='cuda:0', grad_fn=<DivBackward0>)
Memory status after this epoch: 
Memory allocated:  47.79541015625
Memory cached:  106.0
[W 2023-12-04 01:08:27,792] Trial 12 failed with parameters: {'W_layers': 2, 'W_layer_units_exponent_0': 10, 'W_layer_units_exponent_1': 8, 'D_layers': 8, 'D_layer_units_exponent_0': 4, 'D_layer_units_exponent_1': 7, 'D_layer_units_exponent_2': 6, 'D_layer_units_exponent_3': 9, 'D_layer_units_exponent_4': 5, 'D_layer_units_exponent_5': 9, 'D_layer_units_exponent_6': 7, 'D_layer_units_exponent_7': 8, 'log_learning_rate': -4.254952492454951, 'log_learning_rate_D': -1.5200387733293304, 'training_batch_size': 7, 'training_p': 6} because of the following error: The value nan is not acceptable.
[W 2023-12-04 01:08:27,792] Trial 12 failed with value tensor(nan, device='cuda:0', grad_fn=<DivBackward0>).
Time for this trial:  4.009156227111816
Memory status after this trial: 
Memory allocated:  111.1865234375
Memory cached:  116.0
--------------------  Trial  13   --------------------
Start timing: 
Parameters: 
{'W_layers': 6, 'W_layer_units_exponent_0': 8, 'W_layer_units_exponent_1': 6, 'W_layer_units_exponent_2': 5, 'W_layer_units_exponent_3': 4, 'W_layer_units_exponent_4': 6, 'W_layer_units_exponent_5': 5, 'D_layers': 5, 'D_layer_units_exponent_0': 7, 'D_layer_units_exponent_1': 6, 'D_layer_units_exponent_2': 5, 'D_layer_units_exponent_3': 6, 'D_layer_units_exponent_4': 10, 'log_learning_rate': -4.442249713509847, 'log_learning_rate_D': -4.520035594878997, 'training_batch_size': 12, 'training_p': 2}
	 epoch  0 training error:  tensor(0.9200, device='cuda:0', grad_fn=<DivBackward0>)
Memory status after this epoch: 
Memory allocated:  42.63525390625
Memory cached:  106.0
	 epoch  10 training error:  tensor(0.9098, device='cuda:0', grad_fn=<DivBackward0>)
Memory status after this epoch: 
Memory allocated:  42.63525390625
Memory cached:  106.0
	 epoch  20 training error:  tensor(0.8993, device='cuda:0', grad_fn=<DivBackward0>)
Memory status after this epoch: 
Memory allocated:  42.63525390625
Memory cached:  106.0
	 epoch  30 training error:  tensor(0.8883, device='cuda:0', grad_fn=<DivBackward0>)
Memory status after this epoch: 
Memory allocated:  42.63525390625
Memory cached:  106.0
	 epoch  40 training error:  tensor(0.8762, device='cuda:0', grad_fn=<DivBackward0>)
Memory status after this epoch: 
Memory allocated:  42.63525390625
Memory cached:  106.0
	 epoch  50 training error:  tensor(0.8626, device='cuda:0', grad_fn=<DivBackward0>)
Memory status after this epoch: 
Memory allocated:  42.63525390625
Memory cached:  106.0
	 epoch  60 training error:  tensor(0.8469, device='cuda:0', grad_fn=<DivBackward0>)
Memory status after this epoch: 
Memory allocated:  42.63525390625
Memory cached:  106.0
	 epoch  70 training error:  tensor(0.8280, device='cuda:0', grad_fn=<DivBackward0>)
Memory status after this epoch: 
Memory allocated:  42.63525390625
Memory cached:  106.0
	 epoch  80 training error:  tensor(0.8049, device='cuda:0', grad_fn=<DivBackward0>)
Memory status after this epoch: 
Memory allocated:  42.63525390625
Memory cached:  106.0
	 epoch  90 training error:  tensor(0.7763, device='cuda:0', grad_fn=<DivBackward0>)
Memory status after this epoch: 
Memory allocated:  42.63525390625
Memory cached:  106.0
