[I 2023-12-07 03:13:16,829] Trial 88 finished with value: 0.4135294556617737 and parameters: {'W_layers': 2, 'W_layer_units_exponent_0': 8, 'W_layer_units_exponent_1': 7, 'D_layers': 5, 'D_layer_units_exponent_0': 10, 'D_layer_units_exponent_1': 10, 'D_layer_units_exponent_2': 5, 'D_layer_units_exponent_3': 7, 'D_layer_units_exponent_4': 5, 'D_dagger_layers': 2, 'D_dagger_layer_units_exponent_0': 9, 'D_dagger_layer_units_exponent_1': 9, 'log_learning_rate': -4.656003166504668, 'log_learning_rate_D': -3.3184110847222317, 'log_learning_rate_D_dagger': -2.447977188295882, 'training_batch_size': 10, 'training_p': 6}. Best is trial 57 with value: 0.056275874376297.
Time for this trial:  154.6205174922943
Memory status after this trial: 
Memory allocated:  322.7275390625
Memory cached:  338.0
--------------------  Trial  89   --------------------
Start timing: 
Parameters: 
{'W_layers': 2, 'W_layer_units_exponent_0': 9, 'W_layer_units_exponent_1': 6, 'D_layers': 6, 'D_layer_units_exponent_0': 9, 'D_layer_units_exponent_1': 9, 'D_layer_units_exponent_2': 5, 'D_layer_units_exponent_3': 6, 'D_layer_units_exponent_4': 8, 'D_layer_units_exponent_5': 5, 'D_dagger_layers': 3, 'D_dagger_layer_units_exponent_0': 10, 'D_dagger_layer_units_exponent_1': 8, 'D_dagger_layer_units_exponent_2': 6, 'log_learning_rate': -4.71935229926589, 'log_learning_rate_D': -3.0365014041588414, 'log_learning_rate_D_dagger': -2.381838152222034, 'training_batch_size': 11, 'training_p': 6}
	 epoch  0 training error:  tensor(0.9947, device='cuda:0', grad_fn=<DivBackward0>)
Memory status after this epoch: 
Memory allocated:  132.83203125
Memory cached:  290.0
	 epoch  10 training error:  tensor(0.8514, device='cuda:0', grad_fn=<DivBackward0>)
Memory status after this epoch: 
Memory allocated:  132.83203125
Memory cached:  294.0
	 epoch  20 training error:  tensor(0.6359, device='cuda:0', grad_fn=<DivBackward0>)
Memory status after this epoch: 
Memory allocated:  132.83203125
Memory cached:  294.0
	 epoch  30 training error:  tensor(0.5687, device='cuda:0', grad_fn=<DivBackward0>)
Memory status after this epoch: 
Memory allocated:  132.83203125
Memory cached:  290.0
	 epoch  40 training error:  tensor(0.4978, device='cuda:0', grad_fn=<DivBackward0>)
Memory status after this epoch: 
Memory allocated:  132.83203125
Memory cached:  292.0
	 epoch  50 training error:  tensor(0.6530, device='cuda:0', grad_fn=<DivBackward0>)
Memory status after this epoch: 
Memory allocated:  132.83203125
Memory cached:  296.0
	 epoch  60 training error:  tensor(0.3732, device='cuda:0', grad_fn=<DivBackward0>)
Memory status after this epoch: 
Memory allocated:  132.83203125
Memory cached:  298.0
	 epoch  70 training error:  tensor(0.5037, device='cuda:0', grad_fn=<DivBackward0>)
Memory status after this epoch: 
Memory allocated:  132.83203125
Memory cached:  290.0
	 epoch  80 training error:  tensor(0.3636, device='cuda:0', grad_fn=<DivBackward0>)
Memory status after this epoch: 
Memory allocated:  132.83203125
Memory cached:  294.0
	 epoch  90 training error:  tensor(0.1600, device='cuda:0', grad_fn=<DivBackward0>)
Memory status after this epoch: 
Memory allocated:  132.83203125
Memory cached:  290.0
[I 2023-12-07 03:16:06,366] Trial 89 finished with value: 0.1543237715959549 and parameters: {'W_layers': 2, 'W_layer_units_exponent_0': 9, 'W_layer_units_exponent_1': 6, 'D_layers': 6, 'D_layer_units_exponent_0': 9, 'D_layer_units_exponent_1': 9, 'D_layer_units_exponent_2': 5, 'D_layer_units_exponent_3': 6, 'D_layer_units_exponent_4': 8, 'D_layer_units_exponent_5': 5, 'D_dagger_layers': 3, 'D_dagger_layer_units_exponent_0': 10, 'D_dagger_layer_units_exponent_1': 8, 'D_dagger_layer_units_exponent_2': 6, 'log_learning_rate': -4.71935229926589, 'log_learning_rate_D': -3.0365014041588414, 'log_learning_rate_D_dagger': -2.381838152222034, 'training_batch_size': 11, 'training_p': 6}. Best is trial 57 with value: 0.056275874376297.
Time for this trial:  169.28542351722717
Memory status after this trial: 
Memory allocated:  304.130859375
Memory cached:  310.0
--------------------  Trial  90   --------------------
Start timing: 
Parameters: 
{'W_layers': 2, 'W_layer_units_exponent_0': 8, 'W_layer_units_exponent_1': 6, 'D_layers': 7, 'D_layer_units_exponent_0': 8, 'D_layer_units_exponent_1': 10, 'D_layer_units_exponent_2': 6, 'D_layer_units_exponent_3': 4, 'D_layer_units_exponent_4': 4, 'D_layer_units_exponent_5': 8, 'D_layer_units_exponent_6': 10, 'D_dagger_layers': 2, 'D_dagger_layer_units_exponent_0': 6, 'D_dagger_layer_units_exponent_1': 4, 'log_learning_rate': -4.991216653855306, 'log_learning_rate_D': -3.3115467959478355, 'log_learning_rate_D_dagger': -2.5782353328042613, 'training_batch_size': 9, 'training_p': 6}
	 epoch  0 training error:  tensor(0.9942, device='cuda:0', grad_fn=<DivBackward0>)
Memory status after this epoch: 
Memory allocated:  132.748046875
Memory cached:  300.0
	 epoch  10 training error:  tensor(0.9153, device='cuda:0', grad_fn=<DivBackward0>)
Memory status after this epoch: 
Memory allocated:  132.748046875
Memory cached:  326.0
	 epoch  20 training error:  tensor(0.8160, device='cuda:0', grad_fn=<DivBackward0>)
Memory status after this epoch: 
Memory allocated:  132.748046875
Memory cached:  330.0
	 epoch  30 training error:  tensor(0.7176, device='cuda:0', grad_fn=<DivBackward0>)
Memory status after this epoch: 
Memory allocated:  132.748046875
Memory cached:  318.0
	 epoch  40 training error:  tensor(0.6165, device='cuda:0', grad_fn=<DivBackward0>)
Memory status after this epoch: 
Memory allocated:  132.748046875
Memory cached:  330.0
	 epoch  50 training error:  tensor(0.6006, device='cuda:0', grad_fn=<DivBackward0>)
Memory status after this epoch: 
Memory allocated:  132.748046875
Memory cached:  324.0
	 epoch  60 training error:  tensor(0.5668, device='cuda:0', grad_fn=<DivBackward0>)
Memory status after this epoch: 
Memory allocated:  132.748046875
Memory cached:  324.0
	 epoch  70 training error:  tensor(0.5295, device='cuda:0', grad_fn=<DivBackward0>)
Memory status after this epoch: 
Memory allocated:  132.748046875
Memory cached:  320.0
	 epoch  80 training error:  tensor(0.5011, device='cuda:0', grad_fn=<DivBackward0>)
Memory status after this epoch: 
Memory allocated:  132.748046875
Memory cached:  324.0
	 epoch  90 training error:  tensor(0.4720, device='cuda:0', grad_fn=<DivBackward0>)
Memory status after this epoch: 
Memory allocated:  132.748046875
Memory cached:  322.0
[I 2023-12-07 03:18:51,840] Trial 90 finished with value: 0.5423322916030884 and parameters: {'W_layers': 2, 'W_layer_units_exponent_0': 8, 'W_layer_units_exponent_1': 6, 'D_layers': 7, 'D_layer_units_exponent_0': 8, 'D_layer_units_exponent_1': 10, 'D_layer_units_exponent_2': 6, 'D_layer_units_exponent_3': 4, 'D_layer_units_exponent_4': 4, 'D_layer_units_exponent_5': 8, 'D_layer_units_exponent_6': 10, 'D_dagger_layers': 2, 'D_dagger_layer_units_exponent_0': 6, 'D_dagger_layer_units_exponent_1': 4, 'log_learning_rate': -4.991216653855306, 'log_learning_rate_D': -3.3115467959478355, 'log_learning_rate_D_dagger': -2.5782353328042613, 'training_batch_size': 9, 'training_p': 6}. Best is trial 57 with value: 0.056275874376297.
Time for this trial:  165.24307823181152
Memory status after this trial: 
Memory allocated:  282.25439453125
Memory cached:  314.0
--------------------  Trial  91   --------------------
Start timing: 
Parameters: 
{'W_layers': 3, 'W_layer_units_exponent_0': 10, 'W_layer_units_exponent_1': 6, 'W_layer_units_exponent_2': 7, 'D_layers': 5, 'D_layer_units_exponent_0': 8, 'D_layer_units_exponent_1': 10, 'D_layer_units_exponent_2': 6, 'D_layer_units_exponent_3': 6, 'D_layer_units_exponent_4': 7, 'D_dagger_layers': 2, 'D_dagger_layer_units_exponent_0': 9, 'D_dagger_layer_units_exponent_1': 8, 'log_learning_rate': -4.893234361136174, 'log_learning_rate_D': -3.149830755524344, 'log_learning_rate_D_dagger': -2.6587711058867507, 'training_batch_size': 10, 'training_p': 5}
	 epoch  0 training error:  tensor(1.0092, device='cuda:0', grad_fn=<DivBackward0>)
Memory status after this epoch: 
Memory allocated:  131.728515625
Memory cached:  288.0
	 epoch  10 training error:  tensor(1.0873, device='cuda:0', grad_fn=<DivBackward0>)
Memory status after this epoch: 
Memory allocated:  131.728515625
Memory cached:  292.0
	 epoch  20 training error:  tensor(0.9731, device='cuda:0', grad_fn=<DivBackward0>)
Memory status after this epoch: 
Memory allocated:  131.728515625
Memory cached:  292.0
	 epoch  30 training error:  tensor(0.8451, device='cuda:0', grad_fn=<DivBackward0>)
Memory status after this epoch: 
Memory allocated:  131.728515625
Memory cached:  292.0
	 epoch  40 training error:  tensor(0.7988, device='cuda:0', grad_fn=<DivBackward0>)
Memory status after this epoch: 
Memory allocated:  131.728515625
Memory cached:  290.0
	 epoch  50 training error:  tensor(0.6695, device='cuda:0', grad_fn=<DivBackward0>)
Memory status after this epoch: 
Memory allocated:  131.728515625
Memory cached:  292.0
	 epoch  60 training error:  tensor(0.5752, device='cuda:0', grad_fn=<DivBackward0>)
Memory status after this epoch: 
Memory allocated:  131.728515625
Memory cached:  292.0
	 epoch  70 training error:  tensor(0.5618, device='cuda:0', grad_fn=<DivBackward0>)
Memory status after this epoch: 
Memory allocated:  131.728515625
Memory cached:  292.0
	 epoch  80 training error:  tensor(0.5349, device='cuda:0', grad_fn=<DivBackward0>)
Memory status after this epoch: 
Memory allocated:  131.728515625
Memory cached:  294.0
	 epoch  90 training error:  tensor(0.4435, device='cuda:0', grad_fn=<DivBackward0>)
Memory status after this epoch: 
Memory allocated:  131.728515625
Memory cached:  292.0
[I 2023-12-07 03:21:35,207] Trial 91 finished with value: 0.2754244804382324 and parameters: {'W_layers': 3, 'W_layer_units_exponent_0': 10, 'W_layer_units_exponent_1': 6, 'W_layer_units_exponent_2': 7, 'D_layers': 5, 'D_layer_units_exponent_0': 8, 'D_layer_units_exponent_1': 10, 'D_layer_units_exponent_2': 6, 'D_layer_units_exponent_3': 6, 'D_layer_units_exponent_4': 7, 'D_dagger_layers': 2, 'D_dagger_layer_units_exponent_0': 9, 'D_dagger_layer_units_exponent_1': 8, 'log_learning_rate': -4.893234361136174, 'log_learning_rate_D': -3.149830755524344, 'log_learning_rate_D_dagger': -2.6587711058867507, 'training_batch_size': 10, 'training_p': 5}. Best is trial 57 with value: 0.056275874376297.
Time for this trial:  163.09014058113098
Memory status after this trial: 
Memory allocated:  311.08642578125
Memory cached:  316.0
--------------------  Trial  92   --------------------
Start timing: 
Parameters: 
{'W_layers': 2, 'W_layer_units_exponent_0': 9, 'W_layer_units_exponent_1': 6, 'D_layers': 6, 'D_layer_units_exponent_0': 9, 'D_layer_units_exponent_1': 10, 'D_layer_units_exponent_2': 4, 'D_layer_units_exponent_3': 7, 'D_layer_units_exponent_4': 6, 'D_layer_units_exponent_5': 6, 'D_dagger_layers': 2, 'D_dagger_layer_units_exponent_0': 9, 'D_dagger_layer_units_exponent_1': 8, 'log_learning_rate': -4.757759091504617, 'log_learning_rate_D': -3.510315562221628, 'log_learning_rate_D_dagger': -2.5158687894135596, 'training_batch_size': 10, 'training_p': 5}
	 epoch  0 training error:  tensor(1.0230, device='cuda:0', grad_fn=<DivBackward0>)
Memory status after this epoch: 
Memory allocated:  134.376953125
Memory cached:  308.0
	 epoch  10 training error:  tensor(1.0403, device='cuda:0', grad_fn=<DivBackward0>)
Memory status after this epoch: 
Memory allocated:  134.376953125
Memory cached:  318.0
	 epoch  20 training error:  tensor(0.8384, device='cuda:0', grad_fn=<DivBackward0>)
Memory status after this epoch: 
Memory allocated:  134.376953125
Memory cached:  316.0
	 epoch  30 training error:  tensor(0.7102, device='cuda:0', grad_fn=<DivBackward0>)
Memory status after this epoch: 
Memory allocated:  134.376953125
Memory cached:  322.0
	 epoch  40 training error:  tensor(0.5935, device='cuda:0', grad_fn=<DivBackward0>)
Memory status after this epoch: 
Memory allocated:  134.376953125
Memory cached:  320.0
	 epoch  50 training error:  tensor(0.5240, device='cuda:0', grad_fn=<DivBackward0>)
Memory status after this epoch: 
Memory allocated:  134.376953125
Memory cached:  322.0
	 epoch  60 training error:  tensor(0.4001, device='cuda:0', grad_fn=<DivBackward0>)
Memory status after this epoch: 
Memory allocated:  134.376953125
Memory cached:  322.0
	 epoch  70 training error:  tensor(0.2645, device='cuda:0', grad_fn=<DivBackward0>)
Memory status after this epoch: 
Memory allocated:  134.376953125
Memory cached:  320.0
	 epoch  80 training error:  tensor(0.2957, device='cuda:0', grad_fn=<DivBackward0>)
Memory status after this epoch: 
Memory allocated:  134.376953125
Memory cached:  324.0
	 epoch  90 training error:  tensor(0.2979, device='cuda:0', grad_fn=<DivBackward0>)
Memory status after this epoch: 
Memory allocated:  134.376953125
Memory cached:  320.0
[I 2023-12-07 03:24:14,694] Trial 92 finished with value: 0.14811837673187256 and parameters: {'W_layers': 2, 'W_layer_units_exponent_0': 9, 'W_layer_units_exponent_1': 6, 'D_layers': 6, 'D_layer_units_exponent_0': 9, 'D_layer_units_exponent_1': 10, 'D_layer_units_exponent_2': 4, 'D_layer_units_exponent_3': 7, 'D_layer_units_exponent_4': 6, 'D_layer_units_exponent_5': 6, 'D_dagger_layers': 2, 'D_dagger_layer_units_exponent_0': 9, 'D_dagger_layer_units_exponent_1': 8, 'log_learning_rate': -4.757759091504617, 'log_learning_rate_D': -3.510315562221628, 'log_learning_rate_D_dagger': -2.5158687894135596, 'training_batch_size': 10, 'training_p': 5}. Best is trial 57 with value: 0.056275874376297.
Time for this trial:  159.2572741508484
Memory status after this trial: 
Memory allocated:  293.7529296875
Memory cached:  322.0
--------------------  Trial  93   --------------------
Start timing: 
Parameters: 
{'W_layers': 3, 'W_layer_units_exponent_0': 8, 'W_layer_units_exponent_1': 7, 'W_layer_units_exponent_2': 8, 'D_layers': 5, 'D_layer_units_exponent_0': 8, 'D_layer_units_exponent_1': 10, 'D_layer_units_exponent_2': 5, 'D_layer_units_exponent_3': 5, 'D_layer_units_exponent_4': 4, 'D_dagger_layers': 2, 'D_dagger_layer_units_exponent_0': 9, 'D_dagger_layer_units_exponent_1': 9, 'log_learning_rate': -4.577020717088561, 'log_learning_rate_D': -3.406665459218105, 'log_learning_rate_D_dagger': -2.2825777300943257, 'training_batch_size': 10, 'training_p': 5}
	 epoch  0 training error:  tensor(1.0396, device='cuda:0', grad_fn=<DivBackward0>)
Memory status after this epoch: 
Memory allocated:  132.927734375
Memory cached:  310.0
	 epoch  10 training error:  tensor(0.9904, device='cuda:0', grad_fn=<DivBackward0>)
Memory status after this epoch: 
Memory allocated:  132.927734375
Memory cached:  352.0
	 epoch  20 training error:  tensor(0.9168, device='cuda:0', grad_fn=<DivBackward0>)
Memory status after this epoch: 
Memory allocated:  132.927734375
Memory cached:  358.0
	 epoch  30 training error:  tensor(0.7369, device='cuda:0', grad_fn=<DivBackward0>)
Memory status after this epoch: 
Memory allocated:  132.927734375
Memory cached:  342.0
	 epoch  40 training error:  tensor(0.5801, device='cuda:0', grad_fn=<DivBackward0>)
Memory status after this epoch: 
Memory allocated:  132.927734375
Memory cached:  346.0
	 epoch  50 training error:  tensor(0.4651, device='cuda:0', grad_fn=<DivBackward0>)
Memory status after this epoch: 
Memory allocated:  132.927734375
Memory cached:  360.0
	 epoch  60 training error:  tensor(0.3764, device='cuda:0', grad_fn=<DivBackward0>)
Memory status after this epoch: 
Memory allocated:  132.927734375
Memory cached:  342.0
	 epoch  70 training error:  tensor(0.3733, device='cuda:0', grad_fn=<DivBackward0>)
Memory status after this epoch: 
Memory allocated:  132.927734375
Memory cached:  354.0
	 epoch  80 training error:  tensor(0.3955, device='cuda:0', grad_fn=<DivBackward0>)
Memory status after this epoch: 
Memory allocated:  132.927734375
Memory cached:  356.0
	 epoch  90 training error:  tensor(0.2682, device='cuda:0', grad_fn=<DivBackward0>)
Memory status after this epoch: 
Memory allocated:  132.927734375
Memory cached:  344.0
[I 2023-12-07 03:26:53,048] Trial 93 finished with value: 0.11621580272912979 and parameters: {'W_layers': 3, 'W_layer_units_exponent_0': 8, 'W_layer_units_exponent_1': 7, 'W_layer_units_exponent_2': 8, 'D_layers': 5, 'D_layer_units_exponent_0': 8, 'D_layer_units_exponent_1': 10, 'D_layer_units_exponent_2': 5, 'D_layer_units_exponent_3': 5, 'D_layer_units_exponent_4': 4, 'D_dagger_layers': 2, 'D_dagger_layer_units_exponent_0': 9, 'D_dagger_layer_units_exponent_1': 9, 'log_learning_rate': -4.577020717088561, 'log_learning_rate_D': -3.406665459218105, 'log_learning_rate_D_dagger': -2.2825777300943257, 'training_batch_size': 10, 'training_p': 5}. Best is trial 57 with value: 0.056275874376297.
Time for this trial:  158.13175678253174
Memory status after this trial: 
Memory allocated:  283.35205078125
Memory cached:  328.0
--------------------  Trial  94   --------------------
Start timing: 
Parameters: 
{'W_layers': 2, 'W_layer_units_exponent_0': 8, 'W_layer_units_exponent_1': 7, 'D_layers': 5, 'D_layer_units_exponent_0': 8, 'D_layer_units_exponent_1': 10, 'D_layer_units_exponent_2': 5, 'D_layer_units_exponent_3': 5, 'D_layer_units_exponent_4': 4, 'D_dagger_layers': 8, 'D_dagger_layer_units_exponent_0': 9, 'D_dagger_layer_units_exponent_1': 9, 'D_dagger_layer_units_exponent_2': 9, 'D_dagger_layer_units_exponent_3': 7, 'D_dagger_layer_units_exponent_4': 5, 'D_dagger_layer_units_exponent_5': 8, 'D_dagger_layer_units_exponent_6': 10, 'D_dagger_layer_units_exponent_7': 10, 'log_learning_rate': -4.577348758589663, 'log_learning_rate_D': -3.703692752779358, 'log_learning_rate_D_dagger': -2.204729284750949, 'training_batch_size': 10, 'training_p': 5}
	 epoch  0 training error:  tensor(1.0368, device='cuda:0', grad_fn=<DivBackward0>)
Memory status after this epoch: 
Memory allocated:  157.6640625
Memory cached:  316.0
	 epoch  10 training error:  tensor(1.5566, device='cuda:0', grad_fn=<DivBackward0>)
Memory status after this epoch: 
Memory allocated:  157.6640625
Memory cached:  346.0
	 epoch  20 training error:  tensor(0.8108, device='cuda:0', grad_fn=<DivBackward0>)
Memory status after this epoch: 
Memory allocated:  157.6640625
Memory cached:  350.0
	 epoch  30 training error:  tensor(0.7315, device='cuda:0', grad_fn=<DivBackward0>)
Memory status after this epoch: 
Memory allocated:  157.6640625
Memory cached:  348.0
	 epoch  40 training error:  tensor(0.7551, device='cuda:0', grad_fn=<DivBackward0>)
Memory status after this epoch: 
Memory allocated:  157.6640625
Memory cached:  342.0
	 epoch  50 training error:  tensor(0.6089, device='cuda:0', grad_fn=<DivBackward0>)
Memory status after this epoch: 
Memory allocated:  157.6640625
Memory cached:  344.0
	 epoch  60 training error:  tensor(0.5529, device='cuda:0', grad_fn=<DivBackward0>)
Memory status after this epoch: 
Memory allocated:  157.6640625
Memory cached:  336.0
	 epoch  70 training error:  tensor(0.4944, device='cuda:0', grad_fn=<DivBackward0>)
Memory status after this epoch: 
Memory allocated:  157.6640625
Memory cached:  344.0
	 epoch  80 training error:  tensor(0.4238, device='cuda:0', grad_fn=<DivBackward0>)
Memory status after this epoch: 
Memory allocated:  157.6640625
Memory cached:  350.0
	 epoch  90 training error:  tensor(0.3815, device='cuda:0', grad_fn=<DivBackward0>)
Memory status after this epoch: 
Memory allocated:  157.6640625
Memory cached:  354.0
