[I 2023-12-20 15:27:39,526] Trial 170 finished with value: 0.38152578473091125 and parameters: {'W_layers': 2, 'W_layer_units_exponent_0': 8, 'W_layer_units_exponent_1': 10, 'D_layers': 6, 'D_layer_units_exponent_0': 7, 'D_layer_units_exponent_1': 9, 'D_layer_units_exponent_2': 8, 'D_layer_units_exponent_3': 7, 'D_layer_units_exponent_4': 5, 'D_layer_units_exponent_5': 5, 'D_dagger_layers': 7, 'D_dagger_layer_units_exponent_0': 9, 'D_dagger_layer_units_exponent_1': 4, 'D_dagger_layer_units_exponent_2': 5, 'D_dagger_layer_units_exponent_3': 6, 'D_dagger_layer_units_exponent_4': 6, 'D_dagger_layer_units_exponent_5': 4, 'D_dagger_layer_units_exponent_6': 8, 'log_learning_rate': -2.1569677001416707, 'log_learning_rate_D': -3.942332740673196, 'log_learning_rate_D_dagger': -2.0121708426558507, 'training_batch_size': 6, 'training_p': 7}. Best is trial 116 with value: 0.12582257390022278.
Time for this trial:  350.54135394096375
Memory status after this trial: 
Memory allocated:  392.53759765625
Memory cached:  422.0
--------------------  Trial  171   --------------------
Start timing: 
Parameters: 
{'W_layers': 5, 'W_layer_units_exponent_0': 8, 'W_layer_units_exponent_1': 10, 'W_layer_units_exponent_2': 6, 'W_layer_units_exponent_3': 6, 'W_layer_units_exponent_4': 5, 'D_layers': 5, 'D_layer_units_exponent_0': 7, 'D_layer_units_exponent_1': 9, 'D_layer_units_exponent_2': 8, 'D_layer_units_exponent_3': 8, 'D_layer_units_exponent_4': 5, 'D_dagger_layers': 3, 'D_dagger_layer_units_exponent_0': 9, 'D_dagger_layer_units_exponent_1': 4, 'D_dagger_layer_units_exponent_2': 5, 'log_learning_rate': -2.9181410820246465, 'log_learning_rate_D': -4.026519732652746, 'log_learning_rate_D_dagger': -2.302026027595827, 'training_batch_size': 6, 'training_p': 7}
	 epoch  0 training error:  tensor(1.0273, device='cuda:0', grad_fn=<DivBackward0>)
Memory status after this epoch: 
Memory allocated:  230.17529296875
Memory cached:  410.0
	 epoch  10 training error:  tensor(0.5780, device='cuda:0', grad_fn=<DivBackward0>)
Memory status after this epoch: 
Memory allocated:  230.17529296875
Memory cached:  408.0
	 epoch  20 training error:  tensor(0.5464, device='cuda:0', grad_fn=<DivBackward0>)
Memory status after this epoch: 
Memory allocated:  230.17529296875
Memory cached:  410.0
	 epoch  30 training error:  tensor(0.5263, device='cuda:0', grad_fn=<DivBackward0>)
Memory status after this epoch: 
Memory allocated:  230.17529296875
Memory cached:  410.0
	 epoch  40 training error:  tensor(0.5267, device='cuda:0', grad_fn=<DivBackward0>)
Memory status after this epoch: 
Memory allocated:  230.17529296875
Memory cached:  408.0
	 epoch  50 training error:  tensor(0.3891, device='cuda:0', grad_fn=<DivBackward0>)
Memory status after this epoch: 
Memory allocated:  230.17529296875
Memory cached:  408.0
	 epoch  60 training error:  tensor(0.3372, device='cuda:0', grad_fn=<DivBackward0>)
Memory status after this epoch: 
Memory allocated:  230.17529296875
Memory cached:  410.0
	 epoch  70 training error:  tensor(0.2938, device='cuda:0', grad_fn=<DivBackward0>)
Memory status after this epoch: 
Memory allocated:  230.17529296875
Memory cached:  408.0
	 epoch  80 training error:  tensor(0.2534, device='cuda:0', grad_fn=<DivBackward0>)
Memory status after this epoch: 
Memory allocated:  230.17529296875
Memory cached:  408.0
	 epoch  90 training error:  tensor(0.2675, device='cuda:0', grad_fn=<DivBackward0>)
Memory status after this epoch: 
Memory allocated:  230.17529296875
Memory cached:  410.0
[I 2023-12-20 15:33:03,618] Trial 171 finished with value: 0.11988115310668945 and parameters: {'W_layers': 5, 'W_layer_units_exponent_0': 8, 'W_layer_units_exponent_1': 10, 'W_layer_units_exponent_2': 6, 'W_layer_units_exponent_3': 6, 'W_layer_units_exponent_4': 5, 'D_layers': 5, 'D_layer_units_exponent_0': 7, 'D_layer_units_exponent_1': 9, 'D_layer_units_exponent_2': 8, 'D_layer_units_exponent_3': 8, 'D_layer_units_exponent_4': 5, 'D_dagger_layers': 3, 'D_dagger_layer_units_exponent_0': 9, 'D_dagger_layer_units_exponent_1': 4, 'D_dagger_layer_units_exponent_2': 5, 'log_learning_rate': -2.9181410820246465, 'log_learning_rate_D': -4.026519732652746, 'log_learning_rate_D_dagger': -2.302026027595827, 'training_batch_size': 6, 'training_p': 7}. Best is trial 171 with value: 0.11988115310668945.
res:  tensor(0.1199, device='cuda:0', grad_fn=<DivBackward0>)
self.bestValue:  tensor(0.1258, device='cuda:0', grad_fn=<DivBackward0>)
Save this model!
Time for this trial:  323.66114377975464
Memory status after this trial: 
Memory allocated:  174.02587890625
Memory cached:  378.0
--------------------  Trial  172   --------------------
Start timing: 
Parameters: 
{'W_layers': 5, 'W_layer_units_exponent_0': 8, 'W_layer_units_exponent_1': 10, 'W_layer_units_exponent_2': 6, 'W_layer_units_exponent_3': 6, 'W_layer_units_exponent_4': 5, 'D_layers': 5, 'D_layer_units_exponent_0': 7, 'D_layer_units_exponent_1': 9, 'D_layer_units_exponent_2': 8, 'D_layer_units_exponent_3': 8, 'D_layer_units_exponent_4': 5, 'D_dagger_layers': 3, 'D_dagger_layer_units_exponent_0': 9, 'D_dagger_layer_units_exponent_1': 4, 'D_dagger_layer_units_exponent_2': 5, 'log_learning_rate': -3.069012716776711, 'log_learning_rate_D': -4.027838705967514, 'log_learning_rate_D_dagger': -2.3604433064109367, 'training_batch_size': 6, 'training_p': 7}
	 epoch  0 training error:  tensor(1.0425, device='cuda:0', grad_fn=<DivBackward0>)
Memory status after this epoch: 
Memory allocated:  183.46923828125
Memory cached:  366.0
	 epoch  10 training error:  tensor(0.5555, device='cuda:0', grad_fn=<DivBackward0>)
Memory status after this epoch: 
Memory allocated:  183.46923828125
Memory cached:  376.0
	 epoch  20 training error:  tensor(0.5463, device='cuda:0', grad_fn=<DivBackward0>)
Memory status after this epoch: 
Memory allocated:  183.46923828125
Memory cached:  376.0
	 epoch  30 training error:  tensor(0.5374, device='cuda:0', grad_fn=<DivBackward0>)
Memory status after this epoch: 
Memory allocated:  183.46923828125
Memory cached:  372.0
	 epoch  40 training error:  tensor(0.5536, device='cuda:0', grad_fn=<DivBackward0>)
Memory status after this epoch: 
Memory allocated:  183.46923828125
Memory cached:  372.0
	 epoch  50 training error:  tensor(0.5369, device='cuda:0', grad_fn=<DivBackward0>)
Memory status after this epoch: 
Memory allocated:  183.46923828125
Memory cached:  372.0
	 epoch  60 training error:  tensor(0.5112, device='cuda:0', grad_fn=<DivBackward0>)
Memory status after this epoch: 
Memory allocated:  183.46923828125
Memory cached:  374.0
	 epoch  70 training error:  tensor(0.4449, device='cuda:0', grad_fn=<DivBackward0>)
Memory status after this epoch: 
Memory allocated:  183.46923828125
Memory cached:  376.0
	 epoch  80 training error:  tensor(0.3033, device='cuda:0', grad_fn=<DivBackward0>)
Memory status after this epoch: 
Memory allocated:  183.46923828125
Memory cached:  376.0
	 epoch  90 training error:  tensor(0.2945, device='cuda:0', grad_fn=<DivBackward0>)
Memory status after this epoch: 
Memory allocated:  183.46923828125
Memory cached:  372.0
[I 2023-12-20 15:38:26,991] Trial 172 finished with value: 0.14420263469219208 and parameters: {'W_layers': 5, 'W_layer_units_exponent_0': 8, 'W_layer_units_exponent_1': 10, 'W_layer_units_exponent_2': 6, 'W_layer_units_exponent_3': 6, 'W_layer_units_exponent_4': 5, 'D_layers': 5, 'D_layer_units_exponent_0': 7, 'D_layer_units_exponent_1': 9, 'D_layer_units_exponent_2': 8, 'D_layer_units_exponent_3': 8, 'D_layer_units_exponent_4': 5, 'D_dagger_layers': 3, 'D_dagger_layer_units_exponent_0': 9, 'D_dagger_layer_units_exponent_1': 4, 'D_dagger_layer_units_exponent_2': 5, 'log_learning_rate': -3.069012716776711, 'log_learning_rate_D': -4.027838705967514, 'log_learning_rate_D_dagger': -2.3604433064109367, 'training_batch_size': 6, 'training_p': 7}. Best is trial 171 with value: 0.11988115310668945.
Time for this trial:  322.93520975112915
Memory status after this trial: 
Memory allocated:  347.9208984375
Memory cached:  374.0
--------------------  Trial  173   --------------------
Start timing: 
Parameters: 
{'W_layers': 5, 'W_layer_units_exponent_0': 8, 'W_layer_units_exponent_1': 10, 'W_layer_units_exponent_2': 6, 'W_layer_units_exponent_3': 6, 'W_layer_units_exponent_4': 5, 'D_layers': 5, 'D_layer_units_exponent_0': 7, 'D_layer_units_exponent_1': 9, 'D_layer_units_exponent_2': 8, 'D_layer_units_exponent_3': 8, 'D_layer_units_exponent_4': 5, 'D_dagger_layers': 3, 'D_dagger_layer_units_exponent_0': 9, 'D_dagger_layer_units_exponent_1': 4, 'D_dagger_layer_units_exponent_2': 5, 'log_learning_rate': -3.0501107058493897, 'log_learning_rate_D': -4.106928888644445, 'log_learning_rate_D_dagger': -2.1888996646060543, 'training_batch_size': 6, 'training_p': 7}
	 epoch  0 training error:  tensor(0.9452, device='cuda:0', grad_fn=<DivBackward0>)
Memory status after this epoch: 
Memory allocated:  183.46923828125
Memory cached:  366.0
	 epoch  10 training error:  tensor(0.5990, device='cuda:0', grad_fn=<DivBackward0>)
Memory status after this epoch: 
Memory allocated:  183.46923828125
Memory cached:  378.0
	 epoch  20 training error:  tensor(0.5414, device='cuda:0', grad_fn=<DivBackward0>)
Memory status after this epoch: 
Memory allocated:  183.46923828125
Memory cached:  378.0
	 epoch  30 training error:  tensor(0.5652, device='cuda:0', grad_fn=<DivBackward0>)
Memory status after this epoch: 
Memory allocated:  183.46923828125
Memory cached:  378.0
	 epoch  40 training error:  tensor(0.5349, device='cuda:0', grad_fn=<DivBackward0>)
Memory status after this epoch: 
Memory allocated:  183.46923828125
Memory cached:  376.0
	 epoch  50 training error:  tensor(0.5316, device='cuda:0', grad_fn=<DivBackward0>)
Memory status after this epoch: 
Memory allocated:  183.46923828125
Memory cached:  376.0
	 epoch  60 training error:  tensor(0.5198, device='cuda:0', grad_fn=<DivBackward0>)
Memory status after this epoch: 
Memory allocated:  183.46923828125
Memory cached:  378.0
	 epoch  70 training error:  tensor(0.5107, device='cuda:0', grad_fn=<DivBackward0>)
Memory status after this epoch: 
Memory allocated:  183.46923828125
Memory cached:  378.0
	 epoch  80 training error:  tensor(0.4982, device='cuda:0', grad_fn=<DivBackward0>)
Memory status after this epoch: 
Memory allocated:  183.46923828125
Memory cached:  374.0
	 epoch  90 training error:  tensor(0.3994, device='cuda:0', grad_fn=<DivBackward0>)
Memory status after this epoch: 
Memory allocated:  183.46923828125
Memory cached:  378.0
[I 2023-12-20 15:43:49,559] Trial 173 finished with value: 0.27220746874809265 and parameters: {'W_layers': 5, 'W_layer_units_exponent_0': 8, 'W_layer_units_exponent_1': 10, 'W_layer_units_exponent_2': 6, 'W_layer_units_exponent_3': 6, 'W_layer_units_exponent_4': 5, 'D_layers': 5, 'D_layer_units_exponent_0': 7, 'D_layer_units_exponent_1': 9, 'D_layer_units_exponent_2': 8, 'D_layer_units_exponent_3': 8, 'D_layer_units_exponent_4': 5, 'D_dagger_layers': 3, 'D_dagger_layer_units_exponent_0': 9, 'D_dagger_layer_units_exponent_1': 4, 'D_dagger_layer_units_exponent_2': 5, 'log_learning_rate': -3.0501107058493897, 'log_learning_rate_D': -4.106928888644445, 'log_learning_rate_D_dagger': -2.1888996646060543, 'training_batch_size': 6, 'training_p': 7}. Best is trial 171 with value: 0.11988115310668945.
Time for this trial:  322.13853788375854
Memory status after this trial: 
Memory allocated:  347.9208984375
Memory cached:  372.0
--------------------  Trial  174   --------------------
Start timing: 
Parameters: 
{'W_layers': 5, 'W_layer_units_exponent_0': 8, 'W_layer_units_exponent_1': 6, 'W_layer_units_exponent_2': 6, 'W_layer_units_exponent_3': 6, 'W_layer_units_exponent_4': 5, 'D_layers': 5, 'D_layer_units_exponent_0': 7, 'D_layer_units_exponent_1': 9, 'D_layer_units_exponent_2': 8, 'D_layer_units_exponent_3': 8, 'D_layer_units_exponent_4': 5, 'D_dagger_layers': 3, 'D_dagger_layer_units_exponent_0': 9, 'D_dagger_layer_units_exponent_1': 4, 'D_dagger_layer_units_exponent_2': 5, 'log_learning_rate': -2.8867307638994957, 'log_learning_rate_D': -4.014328421206352, 'log_learning_rate_D_dagger': -2.343774577235847, 'training_batch_size': 6, 'training_p': 7}
	 epoch  0 training error:  tensor(0.8911, device='cuda:0', grad_fn=<DivBackward0>)
Memory status after this epoch: 
Memory allocated:  178.76806640625
Memory cached:  366.0
	 epoch  10 training error:  tensor(0.5410, device='cuda:0', grad_fn=<DivBackward0>)
Memory status after this epoch: 
Memory allocated:  178.76806640625
Memory cached:  374.0
	 epoch  20 training error:  tensor(0.5494, device='cuda:0', grad_fn=<DivBackward0>)
Memory status after this epoch: 
Memory allocated:  178.76806640625
Memory cached:  370.0
	 epoch  30 training error:  tensor(0.5490, device='cuda:0', grad_fn=<DivBackward0>)
Memory status after this epoch: 
Memory allocated:  178.76806640625
Memory cached:  376.0
	 epoch  40 training error:  tensor(0.4996, device='cuda:0', grad_fn=<DivBackward0>)
Memory status after this epoch: 
Memory allocated:  178.76806640625
Memory cached:  376.0
	 epoch  50 training error:  tensor(0.3851, device='cuda:0', grad_fn=<DivBackward0>)
Memory status after this epoch: 
Memory allocated:  178.76806640625
Memory cached:  376.0
	 epoch  60 training error:  tensor(0.3453, device='cuda:0', grad_fn=<DivBackward0>)
Memory status after this epoch: 
Memory allocated:  178.76806640625
Memory cached:  378.0
	 epoch  70 training error:  tensor(0.2612, device='cuda:0', grad_fn=<DivBackward0>)
Memory status after this epoch: 
Memory allocated:  178.76806640625
Memory cached:  378.0
	 epoch  80 training error:  tensor(0.2730, device='cuda:0', grad_fn=<DivBackward0>)
Memory status after this epoch: 
Memory allocated:  178.76806640625
Memory cached:  372.0
	 epoch  90 training error:  tensor(0.2501, device='cuda:0', grad_fn=<DivBackward0>)
Memory status after this epoch: 
Memory allocated:  178.76806640625
Memory cached:  374.0
[I 2023-12-20 15:49:02,881] Trial 174 finished with value: 0.1375679224729538 and parameters: {'W_layers': 5, 'W_layer_units_exponent_0': 8, 'W_layer_units_exponent_1': 6, 'W_layer_units_exponent_2': 6, 'W_layer_units_exponent_3': 6, 'W_layer_units_exponent_4': 5, 'D_layers': 5, 'D_layer_units_exponent_0': 7, 'D_layer_units_exponent_1': 9, 'D_layer_units_exponent_2': 8, 'D_layer_units_exponent_3': 8, 'D_layer_units_exponent_4': 5, 'D_dagger_layers': 3, 'D_dagger_layer_units_exponent_0': 9, 'D_dagger_layer_units_exponent_1': 4, 'D_dagger_layer_units_exponent_2': 5, 'log_learning_rate': -2.8867307638994957, 'log_learning_rate_D': -4.014328421206352, 'log_learning_rate_D_dagger': -2.343774577235847, 'training_batch_size': 6, 'training_p': 7}. Best is trial 171 with value: 0.11988115310668945.
Time for this trial:  312.87559270858765
Memory status after this trial: 
Memory allocated:  294.30078125
Memory cached:  374.0
--------------------  Trial  175   --------------------
Start timing: 
Parameters: 
{'W_layers': 5, 'W_layer_units_exponent_0': 8, 'W_layer_units_exponent_1': 5, 'W_layer_units_exponent_2': 6, 'W_layer_units_exponent_3': 6, 'W_layer_units_exponent_4': 5, 'D_layers': 5, 'D_layer_units_exponent_0': 7, 'D_layer_units_exponent_1': 9, 'D_layer_units_exponent_2': 8, 'D_layer_units_exponent_3': 8, 'D_layer_units_exponent_4': 5, 'D_dagger_layers': 3, 'D_dagger_layer_units_exponent_0': 9, 'D_dagger_layer_units_exponent_1': 4, 'D_dagger_layer_units_exponent_2': 5, 'log_learning_rate': -3.1837733031050575, 'log_learning_rate_D': -4.035617405083441, 'log_learning_rate_D_dagger': -2.350118491504885, 'training_batch_size': 6, 'training_p': 7}
	 epoch  0 training error:  tensor(0.9146, device='cuda:0', grad_fn=<DivBackward0>)
Memory status after this epoch: 
Memory allocated:  178.61181640625
Memory cached:  366.0
	 epoch  10 training error:  tensor(0.5513, device='cuda:0', grad_fn=<DivBackward0>)
Memory status after this epoch: 
Memory allocated:  178.61181640625
Memory cached:  376.0
	 epoch  20 training error:  tensor(0.5332, device='cuda:0', grad_fn=<DivBackward0>)
Memory status after this epoch: 
Memory allocated:  178.61181640625
Memory cached:  380.0
	 epoch  30 training error:  tensor(0.5264, device='cuda:0', grad_fn=<DivBackward0>)
Memory status after this epoch: 
Memory allocated:  178.61181640625
Memory cached:  380.0
	 epoch  40 training error:  tensor(0.5159, device='cuda:0', grad_fn=<DivBackward0>)
Memory status after this epoch: 
Memory allocated:  178.61181640625
Memory cached:  378.0
	 epoch  50 training error:  tensor(0.4013, device='cuda:0', grad_fn=<DivBackward0>)
Memory status after this epoch: 
Memory allocated:  178.61181640625
Memory cached:  378.0
	 epoch  60 training error:  tensor(0.3845, device='cuda:0', grad_fn=<DivBackward0>)
Memory status after this epoch: 
Memory allocated:  178.61181640625
Memory cached:  380.0
	 epoch  70 training error:  tensor(0.2622, device='cuda:0', grad_fn=<DivBackward0>)
Memory status after this epoch: 
Memory allocated:  178.61181640625
Memory cached:  378.0
	 epoch  80 training error:  tensor(0.2657, device='cuda:0', grad_fn=<DivBackward0>)
Memory status after this epoch: 
Memory allocated:  178.61181640625
Memory cached:  376.0
	 epoch  90 training error:  tensor(0.2981, device='cuda:0', grad_fn=<DivBackward0>)
Memory status after this epoch: 
Memory allocated:  178.61181640625
Memory cached:  378.0
[I 2023-12-20 15:54:15,411] Trial 175 finished with value: 0.12551210820674896 and parameters: {'W_layers': 5, 'W_layer_units_exponent_0': 8, 'W_layer_units_exponent_1': 5, 'W_layer_units_exponent_2': 6, 'W_layer_units_exponent_3': 6, 'W_layer_units_exponent_4': 5, 'D_layers': 5, 'D_layer_units_exponent_0': 7, 'D_layer_units_exponent_1': 9, 'D_layer_units_exponent_2': 8, 'D_layer_units_exponent_3': 8, 'D_layer_units_exponent_4': 5, 'D_dagger_layers': 3, 'D_dagger_layer_units_exponent_0': 9, 'D_dagger_layer_units_exponent_1': 4, 'D_dagger_layer_units_exponent_2': 5, 'log_learning_rate': -3.1837733031050575, 'log_learning_rate_D': -4.035617405083441, 'log_learning_rate_D_dagger': -2.350118491504885, 'training_batch_size': 6, 'training_p': 7}. Best is trial 171 with value: 0.11988115310668945.
Time for this trial:  312.0880014896393
Memory status after this trial: 
Memory allocated:  292.513671875
Memory cached:  372.0
--------------------  Trial  176   --------------------
Start timing: 
Parameters: 
{'W_layers': 5, 'W_layer_units_exponent_0': 8, 'W_layer_units_exponent_1': 5, 'W_layer_units_exponent_2': 6, 'W_layer_units_exponent_3': 6, 'W_layer_units_exponent_4': 5, 'D_layers': 5, 'D_layer_units_exponent_0': 7, 'D_layer_units_exponent_1': 9, 'D_layer_units_exponent_2': 8, 'D_layer_units_exponent_3': 8, 'D_layer_units_exponent_4': 5, 'D_dagger_layers': 3, 'D_dagger_layer_units_exponent_0': 9, 'D_dagger_layer_units_exponent_1': 4, 'D_dagger_layer_units_exponent_2': 5, 'log_learning_rate': -3.135541470410857, 'log_learning_rate_D': -4.01871334938674, 'log_learning_rate_D_dagger': -2.340311672151497, 'training_batch_size': 6, 'training_p': 7}
	 epoch  0 training error:  tensor(0.9819, device='cuda:0', grad_fn=<DivBackward0>)
Memory status after this epoch: 
Memory allocated:  178.61181640625
Memory cached:  366.0
	 epoch  10 training error:  tensor(0.6115, device='cuda:0', grad_fn=<DivBackward0>)
Memory status after this epoch: 
Memory allocated:  178.61181640625
Memory cached:  374.0
	 epoch  20 training error:  tensor(0.5582, device='cuda:0', grad_fn=<DivBackward0>)
Memory status after this epoch: 
Memory allocated:  178.61181640625
Memory cached:  380.0
	 epoch  30 training error:  tensor(0.5368, device='cuda:0', grad_fn=<DivBackward0>)
Memory status after this epoch: 
Memory allocated:  178.61181640625
Memory cached:  380.0
	 epoch  40 training error:  tensor(0.5366, device='cuda:0', grad_fn=<DivBackward0>)
Memory status after this epoch: 
Memory allocated:  178.61181640625
Memory cached:  378.0
	 epoch  50 training error:  tensor(0.5143, device='cuda:0', grad_fn=<DivBackward0>)
Memory status after this epoch: 
Memory allocated:  178.61181640625
Memory cached:  378.0
	 epoch  60 training error:  tensor(0.4683, device='cuda:0', grad_fn=<DivBackward0>)
Memory status after this epoch: 
Memory allocated:  178.61181640625
Memory cached:  380.0
	 epoch  70 training error:  tensor(0.3704, device='cuda:0', grad_fn=<DivBackward0>)
Memory status after this epoch: 
Memory allocated:  178.61181640625
Memory cached:  380.0
	 epoch  80 training error:  tensor(0.2926, device='cuda:0', grad_fn=<DivBackward0>)
Memory status after this epoch: 
Memory allocated:  178.61181640625
Memory cached:  382.0
	 epoch  90 training error:  tensor(0.2802, device='cuda:0', grad_fn=<DivBackward0>)
Memory status after this epoch: 
Memory allocated:  178.61181640625
Memory cached:  378.0
