[I 2024-02-18 06:11:13,624] Trial 70 finished with value: 0.3062882423400879 and parameters: {'W_layers': 6, 'W_layer_units_exponent_0': 6, 'W_layer_units_exponent_1': 8, 'W_layer_units_exponent_2': 9, 'W_layer_units_exponent_3': 9, 'W_layer_units_exponent_4': 7, 'W_layer_units_exponent_5': 8, 'D_layers': 3, 'D_layer_units_exponent_0': 10, 'D_layer_units_exponent_1': 7, 'D_layer_units_exponent_2': 9, 'D_dagger_layers': 2, 'D_dagger_layer_units_exponent_0': 9, 'D_dagger_layer_units_exponent_1': 6, 'log_learning_rate': -3.458878428475599, 'log_learning_rate_D': -4.55863993303936, 'log_learning_rate_D_dagger': -4.264640830536008, 'training_batch_size': 9, 'training_p': 2}. Best is trial 62 with value: 0.30008068680763245.
Time for this trial:  22.02703595161438
Memory status after this trial: 
Memory allocated:  998.18115234375
Memory cached:  1030.0
--------------------  Trial  71   --------------------
Start timing: 
Parameters: 
{'W_layers': 7, 'W_layer_units_exponent_0': 5, 'W_layer_units_exponent_1': 8, 'W_layer_units_exponent_2': 7, 'W_layer_units_exponent_3': 8, 'W_layer_units_exponent_4': 7, 'W_layer_units_exponent_5': 5, 'W_layer_units_exponent_6': 8, 'D_layers': 3, 'D_layer_units_exponent_0': 10, 'D_layer_units_exponent_1': 4, 'D_layer_units_exponent_2': 10, 'D_dagger_layers': 2, 'D_dagger_layer_units_exponent_0': 10, 'D_dagger_layer_units_exponent_1': 5, 'log_learning_rate': -3.9840538763983333, 'log_learning_rate_D': -3.6744665932312017, 'log_learning_rate_D_dagger': -3.9391494000011957, 'training_batch_size': 6, 'training_p': 2}
	 epoch  0 training error:  tensor(0.6444, device='cuda:0', grad_fn=<DivBackward0>)
Memory status after this epoch: 
Memory allocated:  500.95703125
Memory cached:  678.0
	 epoch  10 training error:  tensor(0.2933, device='cuda:0', grad_fn=<DivBackward0>)
Memory status after this epoch: 
Memory allocated:  500.95703125
Memory cached:  678.0
	 epoch  20 training error:  tensor(0.2904, device='cuda:0', grad_fn=<DivBackward0>)
Memory status after this epoch: 
Memory allocated:  500.95703125
Memory cached:  678.0
	 epoch  30 training error:  tensor(0.2884, device='cuda:0', grad_fn=<DivBackward0>)
Memory status after this epoch: 
Memory allocated:  500.95703125
Memory cached:  678.0
	 epoch  40 training error:  tensor(0.2861, device='cuda:0', grad_fn=<DivBackward0>)
Memory status after this epoch: 
Memory allocated:  500.95703125
Memory cached:  678.0
	 epoch  50 training error:  tensor(0.2863, device='cuda:0', grad_fn=<DivBackward0>)
Memory status after this epoch: 
Memory allocated:  500.95703125
Memory cached:  678.0
	 epoch  60 training error:  tensor(0.2904, device='cuda:0', grad_fn=<DivBackward0>)
Memory status after this epoch: 
Memory allocated:  500.95703125
Memory cached:  678.0
	 epoch  70 training error:  tensor(0.2844, device='cuda:0', grad_fn=<DivBackward0>)
Memory status after this epoch: 
Memory allocated:  500.95703125
Memory cached:  678.0
	 epoch  80 training error:  tensor(0.2839, device='cuda:0', grad_fn=<DivBackward0>)
Memory status after this epoch: 
Memory allocated:  500.95703125
Memory cached:  678.0
	 epoch  90 training error:  tensor(0.2857, device='cuda:0', grad_fn=<DivBackward0>)
Memory status after this epoch: 
Memory allocated:  500.95703125
Memory cached:  678.0
[I 2024-02-18 06:11:40,836] Trial 71 finished with value: 0.3078761100769043 and parameters: {'W_layers': 7, 'W_layer_units_exponent_0': 5, 'W_layer_units_exponent_1': 8, 'W_layer_units_exponent_2': 7, 'W_layer_units_exponent_3': 8, 'W_layer_units_exponent_4': 7, 'W_layer_units_exponent_5': 5, 'W_layer_units_exponent_6': 8, 'D_layers': 3, 'D_layer_units_exponent_0': 10, 'D_layer_units_exponent_1': 4, 'D_layer_units_exponent_2': 10, 'D_dagger_layers': 2, 'D_dagger_layer_units_exponent_0': 10, 'D_dagger_layer_units_exponent_1': 5, 'log_learning_rate': -3.9840538763983333, 'log_learning_rate_D': -3.6744665932312017, 'log_learning_rate_D_dagger': -3.9391494000011957, 'training_batch_size': 6, 'training_p': 2}. Best is trial 62 with value: 0.30008068680763245.
Time for this trial:  26.879771947860718
Memory status after this trial: 
Memory allocated:  959.48193359375
Memory cached:  996.0
--------------------  Trial  72   --------------------
Start timing: 
Parameters: 
{'W_layers': 7, 'W_layer_units_exponent_0': 6, 'W_layer_units_exponent_1': 8, 'W_layer_units_exponent_2': 7, 'W_layer_units_exponent_3': 8, 'W_layer_units_exponent_4': 6, 'W_layer_units_exponent_5': 5, 'W_layer_units_exponent_6': 9, 'D_layers': 3, 'D_layer_units_exponent_0': 10, 'D_layer_units_exponent_1': 7, 'D_layer_units_exponent_2': 9, 'D_dagger_layers': 2, 'D_dagger_layer_units_exponent_0': 10, 'D_dagger_layer_units_exponent_1': 8, 'log_learning_rate': -3.6408769716428577, 'log_learning_rate_D': -4.738696846985943, 'log_learning_rate_D_dagger': -3.9803401320923704, 'training_batch_size': 6, 'training_p': 2}
	 epoch  0 training error:  tensor(0.7559, device='cuda:0', grad_fn=<DivBackward0>)
Memory status after this epoch: 
Memory allocated:  505.05859375
Memory cached:  678.0
	 epoch  10 training error:  tensor(0.2893, device='cuda:0', grad_fn=<DivBackward0>)
Memory status after this epoch: 
Memory allocated:  505.05859375
Memory cached:  678.0
	 epoch  20 training error:  tensor(0.2925, device='cuda:0', grad_fn=<DivBackward0>)
Memory status after this epoch: 
Memory allocated:  505.05859375
Memory cached:  678.0
	 epoch  30 training error:  tensor(0.2870, device='cuda:0', grad_fn=<DivBackward0>)
Memory status after this epoch: 
Memory allocated:  505.05859375
Memory cached:  678.0
	 epoch  40 training error:  tensor(0.2883, device='cuda:0', grad_fn=<DivBackward0>)
Memory status after this epoch: 
Memory allocated:  505.05859375
Memory cached:  678.0
	 epoch  50 training error:  tensor(0.2882, device='cuda:0', grad_fn=<DivBackward0>)
Memory status after this epoch: 
Memory allocated:  505.05859375
Memory cached:  678.0
	 epoch  60 training error:  tensor(0.2841, device='cuda:0', grad_fn=<DivBackward0>)
Memory status after this epoch: 
Memory allocated:  505.05859375
Memory cached:  678.0
	 epoch  70 training error:  tensor(0.2870, device='cuda:0', grad_fn=<DivBackward0>)
Memory status after this epoch: 
Memory allocated:  505.05859375
Memory cached:  678.0
	 epoch  80 training error:  tensor(0.2984, device='cuda:0', grad_fn=<DivBackward0>)
Memory status after this epoch: 
Memory allocated:  505.05859375
Memory cached:  678.0
	 epoch  90 training error:  tensor(0.2861, device='cuda:0', grad_fn=<DivBackward0>)
Memory status after this epoch: 
Memory allocated:  505.05859375
Memory cached:  678.0
[I 2024-02-18 06:12:08,564] Trial 72 finished with value: 0.3018575608730316 and parameters: {'W_layers': 7, 'W_layer_units_exponent_0': 6, 'W_layer_units_exponent_1': 8, 'W_layer_units_exponent_2': 7, 'W_layer_units_exponent_3': 8, 'W_layer_units_exponent_4': 6, 'W_layer_units_exponent_5': 5, 'W_layer_units_exponent_6': 9, 'D_layers': 3, 'D_layer_units_exponent_0': 10, 'D_layer_units_exponent_1': 7, 'D_layer_units_exponent_2': 9, 'D_dagger_layers': 2, 'D_dagger_layer_units_exponent_0': 10, 'D_dagger_layer_units_exponent_1': 8, 'log_learning_rate': -3.6408769716428577, 'log_learning_rate_D': -4.738696846985943, 'log_learning_rate_D_dagger': -3.9803401320923704, 'training_batch_size': 6, 'training_p': 2}. Best is trial 62 with value: 0.30008068680763245.
Time for this trial:  27.317643642425537
Memory status after this trial: 
Memory allocated:  1045.46435546875
Memory cached:  1068.0
--------------------  Trial  73   --------------------
Start timing: 
Parameters: 
{'W_layers': 7, 'W_layer_units_exponent_0': 7, 'W_layer_units_exponent_1': 7, 'W_layer_units_exponent_2': 8, 'W_layer_units_exponent_3': 8, 'W_layer_units_exponent_4': 7, 'W_layer_units_exponent_5': 5, 'W_layer_units_exponent_6': 10, 'D_layers': 2, 'D_layer_units_exponent_0': 10, 'D_layer_units_exponent_1': 6, 'D_dagger_layers': 4, 'D_dagger_layer_units_exponent_0': 10, 'D_dagger_layer_units_exponent_1': 4, 'D_dagger_layer_units_exponent_2': 6, 'D_dagger_layer_units_exponent_3': 4, 'log_learning_rate': -4.233836355017708, 'log_learning_rate_D': -3.9731422366725875, 'log_learning_rate_D_dagger': -3.7377391635507187, 'training_batch_size': 6, 'training_p': 2}
	 epoch  0 training error:  tensor(0.8992, device='cuda:0', grad_fn=<DivBackward0>)
Memory status after this epoch: 
Memory allocated:  501.88330078125
Memory cached:  678.0
	 epoch  10 training error:  tensor(0.2971, device='cuda:0', grad_fn=<DivBackward0>)
Memory status after this epoch: 
Memory allocated:  501.88330078125
Memory cached:  678.0
	 epoch  20 training error:  tensor(0.2891, device='cuda:0', grad_fn=<DivBackward0>)
Memory status after this epoch: 
Memory allocated:  501.88330078125
Memory cached:  678.0
	 epoch  30 training error:  tensor(0.2863, device='cuda:0', grad_fn=<DivBackward0>)
Memory status after this epoch: 
Memory allocated:  501.88330078125
Memory cached:  680.0
	 epoch  40 training error:  tensor(0.2878, device='cuda:0', grad_fn=<DivBackward0>)
Memory status after this epoch: 
Memory allocated:  501.88330078125
Memory cached:  678.0
	 epoch  50 training error:  tensor(0.2848, device='cuda:0', grad_fn=<DivBackward0>)
Memory status after this epoch: 
Memory allocated:  501.88330078125
Memory cached:  678.0
	 epoch  60 training error:  tensor(0.2847, device='cuda:0', grad_fn=<DivBackward0>)
Memory status after this epoch: 
Memory allocated:  501.88330078125
Memory cached:  678.0
	 epoch  70 training error:  tensor(0.2848, device='cuda:0', grad_fn=<DivBackward0>)
Memory status after this epoch: 
Memory allocated:  501.88330078125
Memory cached:  678.0
	 epoch  80 training error:  tensor(0.2843, device='cuda:0', grad_fn=<DivBackward0>)
Memory status after this epoch: 
Memory allocated:  501.88330078125
Memory cached:  678.0
	 epoch  90 training error:  tensor(0.2851, device='cuda:0', grad_fn=<DivBackward0>)
Memory status after this epoch: 
Memory allocated:  501.88330078125
Memory cached:  678.0
[I 2024-02-18 06:12:37,960] Trial 73 finished with value: 0.3004905581474304 and parameters: {'W_layers': 7, 'W_layer_units_exponent_0': 7, 'W_layer_units_exponent_1': 7, 'W_layer_units_exponent_2': 8, 'W_layer_units_exponent_3': 8, 'W_layer_units_exponent_4': 7, 'W_layer_units_exponent_5': 5, 'W_layer_units_exponent_6': 10, 'D_layers': 2, 'D_layer_units_exponent_0': 10, 'D_layer_units_exponent_1': 6, 'D_dagger_layers': 4, 'D_dagger_layer_units_exponent_0': 10, 'D_dagger_layer_units_exponent_1': 4, 'D_dagger_layer_units_exponent_2': 6, 'D_dagger_layer_units_exponent_3': 4, 'log_learning_rate': -4.233836355017708, 'log_learning_rate_D': -3.9731422366725875, 'log_learning_rate_D_dagger': -3.7377391635507187, 'training_batch_size': 6, 'training_p': 2}. Best is trial 62 with value: 0.30008068680763245.
Time for this trial:  29.00172996520996
Memory status after this trial: 
Memory allocated:  1140.52294921875
Memory cached:  1160.0
--------------------  Trial  74   --------------------
Start timing: 
Parameters: 
{'W_layers': 7, 'W_layer_units_exponent_0': 7, 'W_layer_units_exponent_1': 7, 'W_layer_units_exponent_2': 8, 'W_layer_units_exponent_3': 7, 'W_layer_units_exponent_4': 7, 'W_layer_units_exponent_5': 9, 'W_layer_units_exponent_6': 10, 'D_layers': 2, 'D_layer_units_exponent_0': 9, 'D_layer_units_exponent_1': 6, 'D_dagger_layers': 4, 'D_dagger_layer_units_exponent_0': 10, 'D_dagger_layer_units_exponent_1': 6, 'D_dagger_layer_units_exponent_2': 6, 'D_dagger_layer_units_exponent_3': 4, 'log_learning_rate': -3.6995433581853243, 'log_learning_rate_D': -4.159650183079165, 'log_learning_rate_D_dagger': -4.14494955130838, 'training_batch_size': 6, 'training_p': 6}
	 epoch  0 training error:  tensor(0.8281, device='cuda:0', grad_fn=<DivBackward0>)
Memory status after this epoch: 
Memory allocated:  510.90087890625
Memory cached:  678.0
	 epoch  10 training error:  tensor(0.5081, device='cuda:0', grad_fn=<DivBackward0>)
Memory status after this epoch: 
Memory allocated:  510.90087890625
Memory cached:  678.0
	 epoch  20 training error:  tensor(0.5020, device='cuda:0', grad_fn=<DivBackward0>)
Memory status after this epoch: 
Memory allocated:  510.90087890625
Memory cached:  678.0
	 epoch  30 training error:  tensor(0.5022, device='cuda:0', grad_fn=<DivBackward0>)
Memory status after this epoch: 
Memory allocated:  510.90087890625
Memory cached:  678.0
	 epoch  40 training error:  tensor(0.4996, device='cuda:0', grad_fn=<DivBackward0>)
Memory status after this epoch: 
Memory allocated:  510.90087890625
Memory cached:  678.0
	 epoch  50 training error:  tensor(0.4996, device='cuda:0', grad_fn=<DivBackward0>)
Memory status after this epoch: 
Memory allocated:  510.90087890625
Memory cached:  678.0
	 epoch  60 training error:  tensor(0.5008, device='cuda:0', grad_fn=<DivBackward0>)
Memory status after this epoch: 
Memory allocated:  510.90087890625
Memory cached:  678.0
	 epoch  70 training error:  tensor(0.4990, device='cuda:0', grad_fn=<DivBackward0>)
Memory status after this epoch: 
Memory allocated:  510.90087890625
Memory cached:  678.0
	 epoch  80 training error:  tensor(0.4979, device='cuda:0', grad_fn=<DivBackward0>)
Memory status after this epoch: 
Memory allocated:  510.90087890625
Memory cached:  678.0
	 epoch  90 training error:  tensor(0.4987, device='cuda:0', grad_fn=<DivBackward0>)
Memory status after this epoch: 
Memory allocated:  510.90087890625
Memory cached:  678.0
[I 2024-02-18 06:13:08,841] Trial 74 finished with value: 0.37716159224510193 and parameters: {'W_layers': 7, 'W_layer_units_exponent_0': 7, 'W_layer_units_exponent_1': 7, 'W_layer_units_exponent_2': 8, 'W_layer_units_exponent_3': 7, 'W_layer_units_exponent_4': 7, 'W_layer_units_exponent_5': 9, 'W_layer_units_exponent_6': 10, 'D_layers': 2, 'D_layer_units_exponent_0': 9, 'D_layer_units_exponent_1': 6, 'D_dagger_layers': 4, 'D_dagger_layer_units_exponent_0': 10, 'D_dagger_layer_units_exponent_1': 6, 'D_dagger_layer_units_exponent_2': 6, 'D_dagger_layer_units_exponent_3': 4, 'log_learning_rate': -3.6995433581853243, 'log_learning_rate_D': -4.159650183079165, 'log_learning_rate_D_dagger': -4.14494955130838, 'training_batch_size': 6, 'training_p': 6}. Best is trial 62 with value: 0.30008068680763245.
Time for this trial:  30.525466918945312
Memory status after this trial: 
Memory allocated:  1232.18505859375
Memory cached:  1262.0
--------------------  Trial  75   --------------------
Start timing: 
Parameters: 
{'W_layers': 6, 'W_layer_units_exponent_0': 6, 'W_layer_units_exponent_1': 7, 'W_layer_units_exponent_2': 10, 'W_layer_units_exponent_3': 8, 'W_layer_units_exponent_4': 7, 'W_layer_units_exponent_5': 6, 'D_layers': 2, 'D_layer_units_exponent_0': 10, 'D_layer_units_exponent_1': 6, 'D_dagger_layers': 4, 'D_dagger_layer_units_exponent_0': 9, 'D_dagger_layer_units_exponent_1': 5, 'D_dagger_layer_units_exponent_2': 4, 'D_dagger_layer_units_exponent_3': 4, 'log_learning_rate': -4.238790788694088, 'log_learning_rate_D': -3.9383503101064052, 'log_learning_rate_D_dagger': -3.7384010575117914, 'training_batch_size': 7, 'training_p': 2}
	 epoch  0 training error:  tensor(0.9200, device='cuda:0', grad_fn=<DivBackward0>)
Memory status after this epoch: 
Memory allocated:  505.76806640625
Memory cached:  680.0
	 epoch  10 training error:  tensor(0.3453, device='cuda:0', grad_fn=<DivBackward0>)
Memory status after this epoch: 
Memory allocated:  505.76806640625
Memory cached:  680.0
	 epoch  20 training error:  tensor(0.3115, device='cuda:0', grad_fn=<DivBackward0>)
Memory status after this epoch: 
Memory allocated:  505.76806640625
Memory cached:  682.0
	 epoch  30 training error:  tensor(0.3030, device='cuda:0', grad_fn=<DivBackward0>)
Memory status after this epoch: 
Memory allocated:  505.76806640625
Memory cached:  682.0
	 epoch  40 training error:  tensor(0.2969, device='cuda:0', grad_fn=<DivBackward0>)
Memory status after this epoch: 
Memory allocated:  505.76806640625
Memory cached:  680.0
	 epoch  50 training error:  tensor(0.2922, device='cuda:0', grad_fn=<DivBackward0>)
Memory status after this epoch: 
Memory allocated:  505.76806640625
Memory cached:  682.0
	 epoch  60 training error:  tensor(0.2894, device='cuda:0', grad_fn=<DivBackward0>)
Memory status after this epoch: 
Memory allocated:  505.76806640625
Memory cached:  682.0
	 epoch  70 training error:  tensor(0.2870, device='cuda:0', grad_fn=<DivBackward0>)
Memory status after this epoch: 
Memory allocated:  505.76806640625
Memory cached:  680.0
	 epoch  80 training error:  tensor(0.2865, device='cuda:0', grad_fn=<DivBackward0>)
Memory status after this epoch: 
Memory allocated:  505.76806640625
Memory cached:  682.0
	 epoch  90 training error:  tensor(0.2859, device='cuda:0', grad_fn=<DivBackward0>)
Memory status after this epoch: 
Memory allocated:  505.76806640625
Memory cached:  682.0
[I 2024-02-18 06:13:36,483] Trial 75 finished with value: 0.30102190375328064 and parameters: {'W_layers': 6, 'W_layer_units_exponent_0': 6, 'W_layer_units_exponent_1': 7, 'W_layer_units_exponent_2': 10, 'W_layer_units_exponent_3': 8, 'W_layer_units_exponent_4': 7, 'W_layer_units_exponent_5': 6, 'D_layers': 2, 'D_layer_units_exponent_0': 10, 'D_layer_units_exponent_1': 6, 'D_dagger_layers': 4, 'D_dagger_layer_units_exponent_0': 9, 'D_dagger_layer_units_exponent_1': 5, 'D_dagger_layer_units_exponent_2': 4, 'D_dagger_layer_units_exponent_3': 4, 'log_learning_rate': -4.238790788694088, 'log_learning_rate_D': -3.9383503101064052, 'log_learning_rate_D_dagger': -3.7384010575117914, 'training_batch_size': 7, 'training_p': 2}. Best is trial 62 with value: 0.30008068680763245.
Time for this trial:  27.283276081085205
Memory status after this trial: 
Memory allocated:  990.09033203125
Memory cached:  1016.0
--------------------  Trial  76   --------------------
Start timing: 
Parameters: 
{'W_layers': 5, 'W_layer_units_exponent_0': 6, 'W_layer_units_exponent_1': 6, 'W_layer_units_exponent_2': 10, 'W_layer_units_exponent_3': 9, 'W_layer_units_exponent_4': 7, 'D_layers': 2, 'D_layer_units_exponent_0': 4, 'D_layer_units_exponent_1': 5, 'D_dagger_layers': 4, 'D_dagger_layer_units_exponent_0': 9, 'D_dagger_layer_units_exponent_1': 5, 'D_dagger_layer_units_exponent_2': 4, 'D_dagger_layer_units_exponent_3': 4, 'log_learning_rate': -4.374217867662754, 'log_learning_rate_D': -3.9982612678746943, 'log_learning_rate_D_dagger': -3.508465722265888, 'training_batch_size': 7, 'training_p': 3}
	 epoch  0 training error:  tensor(0.8473, device='cuda:0', grad_fn=<DivBackward0>)
Memory status after this epoch: 
Memory allocated:  509.1123046875
Memory cached:  678.0
	 epoch  10 training error:  tensor(0.3952, device='cuda:0', grad_fn=<DivBackward0>)
Memory status after this epoch: 
Memory allocated:  509.1123046875
Memory cached:  678.0
	 epoch  20 training error:  tensor(0.3828, device='cuda:0', grad_fn=<DivBackward0>)
Memory status after this epoch: 
Memory allocated:  509.1123046875
Memory cached:  678.0
	 epoch  30 training error:  tensor(0.3778, device='cuda:0', grad_fn=<DivBackward0>)
Memory status after this epoch: 
Memory allocated:  509.1123046875
Memory cached:  678.0
	 epoch  40 training error:  tensor(0.3738, device='cuda:0', grad_fn=<DivBackward0>)
Memory status after this epoch: 
Memory allocated:  509.1123046875
Memory cached:  678.0
	 epoch  50 training error:  tensor(0.3762, device='cuda:0', grad_fn=<DivBackward0>)
Memory status after this epoch: 
Memory allocated:  509.1123046875
Memory cached:  678.0
	 epoch  60 training error:  tensor(0.3767, device='cuda:0', grad_fn=<DivBackward0>)
Memory status after this epoch: 
Memory allocated:  509.1123046875
Memory cached:  678.0
	 epoch  70 training error:  tensor(0.3731, device='cuda:0', grad_fn=<DivBackward0>)
Memory status after this epoch: 
Memory allocated:  509.1123046875
Memory cached:  678.0
	 epoch  80 training error:  tensor(0.3718, device='cuda:0', grad_fn=<DivBackward0>)
Memory status after this epoch: 
Memory allocated:  509.1123046875
Memory cached:  678.0
	 epoch  90 training error:  tensor(0.3704, device='cuda:0', grad_fn=<DivBackward0>)
Memory status after this epoch: 
Memory allocated:  509.1123046875
Memory cached:  678.0
