[I 2024-01-01 19:35:25,717] Trial 309 finished with value: 0.1888737678527832 and parameters: {'W_layers': 5, 'W_layer_units_exponent_0': 8, 'W_layer_units_exponent_1': 10, 'W_layer_units_exponent_2': 6, 'W_layer_units_exponent_3': 6, 'W_layer_units_exponent_4': 5, 'D_layers': 5, 'D_layer_units_exponent_0': 6, 'D_layer_units_exponent_1': 9, 'D_layer_units_exponent_2': 10, 'D_layer_units_exponent_3': 8, 'D_layer_units_exponent_4': 4, 'D_dagger_layers': 4, 'D_dagger_layer_units_exponent_0': 8, 'D_dagger_layer_units_exponent_1': 7, 'D_dagger_layer_units_exponent_2': 5, 'D_dagger_layer_units_exponent_3': 6, 'log_learning_rate': -2.0225772065537746, 'log_learning_rate_D': -3.9957446462707145, 'log_learning_rate_D_dagger': -2.4820625289410825, 'training_batch_size': 6, 'training_p': 5}. Best is trial 220 with value: 0.11745021492242813.
Time for this trial:  337.1450140476227
Memory status after this trial: 
Memory allocated:  412.5556640625
Memory cached:  434.0
--------------------  Trial  310   --------------------
Start timing: 
Parameters: 
{'W_layers': 3, 'W_layer_units_exponent_0': 8, 'W_layer_units_exponent_1': 9, 'W_layer_units_exponent_2': 6, 'D_layers': 5, 'D_layer_units_exponent_0': 7, 'D_layer_units_exponent_1': 7, 'D_layer_units_exponent_2': 10, 'D_layer_units_exponent_3': 8, 'D_layer_units_exponent_4': 5, 'D_dagger_layers': 4, 'D_dagger_layer_units_exponent_0': 9, 'D_dagger_layer_units_exponent_1': 4, 'D_dagger_layer_units_exponent_2': 7, 'D_dagger_layer_units_exponent_3': 6, 'log_learning_rate': -1.866645345941455, 'log_learning_rate_D': -4.076373714494732, 'log_learning_rate_D_dagger': -2.6286990344023704, 'training_batch_size': 6, 'training_p': 5}
	 epoch  0 training error:  tensor(4.8642, device='cuda:0', grad_fn=<DivBackward0>)
Memory status after this epoch: 
Memory allocated:  211.50048828125
Memory cached:  394.0
	 epoch  10 training error:  tensor(0.6244, device='cuda:0', grad_fn=<DivBackward0>)
Memory status after this epoch: 
Memory allocated:  211.50048828125
Memory cached:  426.0
	 epoch  20 training error:  tensor(0.5116, device='cuda:0', grad_fn=<DivBackward0>)
Memory status after this epoch: 
Memory allocated:  211.50048828125
Memory cached:  422.0
	 epoch  30 training error:  tensor(0.4973, device='cuda:0', grad_fn=<DivBackward0>)
Memory status after this epoch: 
Memory allocated:  211.50048828125
Memory cached:  430.0
	 epoch  40 training error:  tensor(0.5146, device='cuda:0', grad_fn=<DivBackward0>)
Memory status after this epoch: 
Memory allocated:  211.50048828125
Memory cached:  424.0
	 epoch  50 training error:  tensor(0.5093, device='cuda:0', grad_fn=<DivBackward0>)
Memory status after this epoch: 
Memory allocated:  211.50048828125
Memory cached:  422.0
	 epoch  60 training error:  tensor(0.5137, device='cuda:0', grad_fn=<DivBackward0>)
Memory status after this epoch: 
Memory allocated:  211.50048828125
Memory cached:  428.0
	 epoch  70 training error:  tensor(0.4732, device='cuda:0', grad_fn=<DivBackward0>)
Memory status after this epoch: 
Memory allocated:  211.50048828125
Memory cached:  428.0
	 epoch  80 training error:  tensor(0.4668, device='cuda:0', grad_fn=<DivBackward0>)
Memory status after this epoch: 
Memory allocated:  211.50048828125
Memory cached:  426.0
	 epoch  90 training error:  tensor(0.4320, device='cuda:0', grad_fn=<DivBackward0>)
Memory status after this epoch: 
Memory allocated:  211.50048828125
Memory cached:  422.0
[I 2024-01-01 19:40:28,045] Trial 310 finished with value: 0.2475646585226059 and parameters: {'W_layers': 3, 'W_layer_units_exponent_0': 8, 'W_layer_units_exponent_1': 9, 'W_layer_units_exponent_2': 6, 'D_layers': 5, 'D_layer_units_exponent_0': 7, 'D_layer_units_exponent_1': 7, 'D_layer_units_exponent_2': 10, 'D_layer_units_exponent_3': 8, 'D_layer_units_exponent_4': 5, 'D_dagger_layers': 4, 'D_dagger_layer_units_exponent_0': 9, 'D_dagger_layer_units_exponent_1': 4, 'D_dagger_layer_units_exponent_2': 7, 'D_dagger_layer_units_exponent_3': 6, 'log_learning_rate': -1.866645345941455, 'log_learning_rate_D': -4.076373714494732, 'log_learning_rate_D_dagger': -2.6286990344023704, 'training_batch_size': 6, 'training_p': 5}. Best is trial 220 with value: 0.11745021492242813.
Time for this trial:  301.85832834243774
Memory status after this trial: 
Memory allocated:  371.9404296875
Memory cached:  418.0
--------------------  Trial  311   --------------------
Start timing: 
Parameters: 
{'W_layers': 5, 'W_layer_units_exponent_0': 8, 'W_layer_units_exponent_1': 10, 'W_layer_units_exponent_2': 6, 'W_layer_units_exponent_3': 6, 'W_layer_units_exponent_4': 5, 'D_layers': 4, 'D_layer_units_exponent_0': 7, 'D_layer_units_exponent_1': 10, 'D_layer_units_exponent_2': 10, 'D_layer_units_exponent_3': 8, 'D_dagger_layers': 4, 'D_dagger_layer_units_exponent_0': 9, 'D_dagger_layer_units_exponent_1': 7, 'D_dagger_layer_units_exponent_2': 4, 'D_dagger_layer_units_exponent_3': 7, 'log_learning_rate': -2.0810860728168676, 'log_learning_rate_D': -3.927656234062071, 'log_learning_rate_D_dagger': -3.069416668270339, 'training_batch_size': 7, 'training_p': 5}
	 epoch  0 training error:  tensor(1.0083, device='cuda:0', grad_fn=<DivBackward0>)
Memory status after this epoch: 
Memory allocated:  230.50048828125
Memory cached:  420.0
	 epoch  10 training error:  tensor(0.6350, device='cuda:0', grad_fn=<DivBackward0>)
Memory status after this epoch: 
Memory allocated:  230.50048828125
Memory cached:  462.0
	 epoch  20 training error:  tensor(0.4937, device='cuda:0', grad_fn=<DivBackward0>)
Memory status after this epoch: 
Memory allocated:  230.50048828125
Memory cached:  462.0
	 epoch  30 training error:  tensor(0.4862, device='cuda:0', grad_fn=<DivBackward0>)
Memory status after this epoch: 
Memory allocated:  230.50048828125
Memory cached:  466.0
	 epoch  40 training error:  tensor(0.4779, device='cuda:0', grad_fn=<DivBackward0>)
Memory status after this epoch: 
Memory allocated:  230.50048828125
Memory cached:  464.0
	 epoch  50 training error:  tensor(0.4805, device='cuda:0', grad_fn=<DivBackward0>)
Memory status after this epoch: 
Memory allocated:  230.50048828125
Memory cached:  470.0
	 epoch  60 training error:  tensor(0.4703, device='cuda:0', grad_fn=<DivBackward0>)
Memory status after this epoch: 
Memory allocated:  230.50048828125
Memory cached:  468.0
	 epoch  70 training error:  tensor(0.4685, device='cuda:0', grad_fn=<DivBackward0>)
Memory status after this epoch: 
Memory allocated:  230.50048828125
Memory cached:  464.0
	 epoch  80 training error:  tensor(0.4611, device='cuda:0', grad_fn=<DivBackward0>)
Memory status after this epoch: 
Memory allocated:  230.50048828125
Memory cached:  454.0
	 epoch  90 training error:  tensor(0.4270, device='cuda:0', grad_fn=<DivBackward0>)
Memory status after this epoch: 
Memory allocated:  230.50048828125
Memory cached:  460.0
[I 2024-01-01 19:43:40,230] Trial 311 finished with value: 0.30036693811416626 and parameters: {'W_layers': 5, 'W_layer_units_exponent_0': 8, 'W_layer_units_exponent_1': 10, 'W_layer_units_exponent_2': 6, 'W_layer_units_exponent_3': 6, 'W_layer_units_exponent_4': 5, 'D_layers': 4, 'D_layer_units_exponent_0': 7, 'D_layer_units_exponent_1': 10, 'D_layer_units_exponent_2': 10, 'D_layer_units_exponent_3': 8, 'D_dagger_layers': 4, 'D_dagger_layer_units_exponent_0': 9, 'D_dagger_layer_units_exponent_1': 7, 'D_dagger_layer_units_exponent_2': 4, 'D_dagger_layer_units_exponent_3': 7, 'log_learning_rate': -2.0810860728168676, 'log_learning_rate_D': -3.927656234062071, 'log_learning_rate_D_dagger': -3.069416668270339, 'training_batch_size': 7, 'training_p': 5}. Best is trial 220 with value: 0.11745021492242813.
Time for this trial:  191.7317349910736
Memory status after this trial: 
Memory allocated:  461.037109375
Memory cached:  480.0
--------------------  Trial  312   --------------------
Start timing: 
Parameters: 
{'W_layers': 5, 'W_layer_units_exponent_0': 8, 'W_layer_units_exponent_1': 10, 'W_layer_units_exponent_2': 6, 'W_layer_units_exponent_3': 6, 'W_layer_units_exponent_4': 6, 'D_layers': 5, 'D_layer_units_exponent_0': 7, 'D_layer_units_exponent_1': 9, 'D_layer_units_exponent_2': 10, 'D_layer_units_exponent_3': 6, 'D_layer_units_exponent_4': 4, 'D_dagger_layers': 4, 'D_dagger_layer_units_exponent_0': 9, 'D_dagger_layer_units_exponent_1': 4, 'D_dagger_layer_units_exponent_2': 6, 'D_dagger_layer_units_exponent_3': 6, 'log_learning_rate': -1.912386050309219, 'log_learning_rate_D': -4.32551785895859, 'log_learning_rate_D_dagger': -3.285366235642441, 'training_batch_size': 6, 'training_p': 5}
	 epoch  0 training error:  tensor(2.9848, device='cuda:0', grad_fn=<DivBackward0>)
Memory status after this epoch: 
Memory allocated:  217.70361328125
Memory cached:  424.0
	 epoch  10 training error:  tensor(0.5547, device='cuda:0', grad_fn=<DivBackward0>)
Memory status after this epoch: 
Memory allocated:  217.70361328125
Memory cached:  438.0
	 epoch  20 training error:  tensor(0.5372, device='cuda:0', grad_fn=<DivBackward0>)
Memory status after this epoch: 
Memory allocated:  217.70361328125
Memory cached:  440.0
	 epoch  30 training error:  tensor(0.4979, device='cuda:0', grad_fn=<DivBackward0>)
Memory status after this epoch: 
Memory allocated:  217.70361328125
Memory cached:  432.0
	 epoch  40 training error:  tensor(0.4923, device='cuda:0', grad_fn=<DivBackward0>)
Memory status after this epoch: 
Memory allocated:  217.70361328125
Memory cached:  434.0
	 epoch  50 training error:  tensor(0.4879, device='cuda:0', grad_fn=<DivBackward0>)
Memory status after this epoch: 
Memory allocated:  217.70361328125
Memory cached:  420.0
	 epoch  60 training error:  tensor(0.4824, device='cuda:0', grad_fn=<DivBackward0>)
Memory status after this epoch: 
Memory allocated:  217.70361328125
Memory cached:  414.0
	 epoch  70 training error:  tensor(0.4768, device='cuda:0', grad_fn=<DivBackward0>)
Memory status after this epoch: 
Memory allocated:  217.70361328125
Memory cached:  412.0
	 epoch  80 training error:  tensor(0.4750, device='cuda:0', grad_fn=<DivBackward0>)
Memory status after this epoch: 
Memory allocated:  217.70361328125
Memory cached:  408.0
	 epoch  90 training error:  tensor(0.4747, device='cuda:0', grad_fn=<DivBackward0>)
Memory status after this epoch: 
Memory allocated:  217.70361328125
Memory cached:  406.0
[I 2024-01-01 19:49:18,675] Trial 312 finished with value: 0.3890211582183838 and parameters: {'W_layers': 5, 'W_layer_units_exponent_0': 8, 'W_layer_units_exponent_1': 10, 'W_layer_units_exponent_2': 6, 'W_layer_units_exponent_3': 6, 'W_layer_units_exponent_4': 6, 'D_layers': 5, 'D_layer_units_exponent_0': 7, 'D_layer_units_exponent_1': 9, 'D_layer_units_exponent_2': 10, 'D_layer_units_exponent_3': 6, 'D_layer_units_exponent_4': 4, 'D_dagger_layers': 4, 'D_dagger_layer_units_exponent_0': 9, 'D_dagger_layer_units_exponent_1': 4, 'D_dagger_layer_units_exponent_2': 6, 'D_dagger_layer_units_exponent_3': 6, 'log_learning_rate': -1.912386050309219, 'log_learning_rate_D': -4.32551785895859, 'log_learning_rate_D_dagger': -3.285366235642441, 'training_batch_size': 6, 'training_p': 5}. Best is trial 220 with value: 0.11745021492242813.
Time for this trial:  337.9646825790405
Memory status after this trial: 
Memory allocated:  415.375
Memory cached:  436.0
--------------------  Trial  313   --------------------
Start timing: 
Parameters: 
{'W_layers': 5, 'W_layer_units_exponent_0': 7, 'W_layer_units_exponent_1': 10, 'W_layer_units_exponent_2': 6, 'W_layer_units_exponent_3': 5, 'W_layer_units_exponent_4': 5, 'D_layers': 5, 'D_layer_units_exponent_0': 10, 'D_layer_units_exponent_1': 9, 'D_layer_units_exponent_2': 10, 'D_layer_units_exponent_3': 8, 'D_layer_units_exponent_4': 5, 'D_dagger_layers': 4, 'D_dagger_layer_units_exponent_0': 10, 'D_dagger_layer_units_exponent_1': 5, 'D_dagger_layer_units_exponent_2': 5, 'D_dagger_layer_units_exponent_3': 6, 'log_learning_rate': -1.9601586019820294, 'log_learning_rate_D': -4.028998868589538, 'log_learning_rate_D_dagger': -3.441919731450423, 'training_batch_size': 6, 'training_p': 5}
	 epoch  0 training error:  tensor(2.1712, device='cuda:0', grad_fn=<DivBackward0>)
Memory status after this epoch: 
Memory allocated:  226.12744140625
Memory cached:  416.0
	 epoch  10 training error:  tensor(0.4909, device='cuda:0', grad_fn=<DivBackward0>)
Memory status after this epoch: 
Memory allocated:  226.12744140625
Memory cached:  430.0
	 epoch  20 training error:  tensor(0.4764, device='cuda:0', grad_fn=<DivBackward0>)
Memory status after this epoch: 
Memory allocated:  226.12744140625
Memory cached:  430.0
	 epoch  30 training error:  tensor(0.4779, device='cuda:0', grad_fn=<DivBackward0>)
Memory status after this epoch: 
Memory allocated:  226.12744140625
Memory cached:  432.0
	 epoch  40 training error:  tensor(0.4782, device='cuda:0', grad_fn=<DivBackward0>)
Memory status after this epoch: 
Memory allocated:  226.12744140625
Memory cached:  428.0
	 epoch  50 training error:  tensor(0.4633, device='cuda:0', grad_fn=<DivBackward0>)
Memory status after this epoch: 
Memory allocated:  226.12744140625
Memory cached:  426.0
	 epoch  60 training error:  tensor(0.4283, device='cuda:0', grad_fn=<DivBackward0>)
Memory status after this epoch: 
Memory allocated:  226.12744140625
Memory cached:  426.0
	 epoch  70 training error:  tensor(0.3888, device='cuda:0', grad_fn=<DivBackward0>)
Memory status after this epoch: 
Memory allocated:  226.12744140625
Memory cached:  436.0
	 epoch  80 training error:  tensor(0.3287, device='cuda:0', grad_fn=<DivBackward0>)
Memory status after this epoch: 
Memory allocated:  226.12744140625
Memory cached:  428.0
	 epoch  90 training error:  tensor(0.3027, device='cuda:0', grad_fn=<DivBackward0>)
Memory status after this epoch: 
Memory allocated:  226.12744140625
Memory cached:  434.0
[I 2024-01-01 19:55:05,805] Trial 313 finished with value: 0.14166736602783203 and parameters: {'W_layers': 5, 'W_layer_units_exponent_0': 7, 'W_layer_units_exponent_1': 10, 'W_layer_units_exponent_2': 6, 'W_layer_units_exponent_3': 5, 'W_layer_units_exponent_4': 5, 'D_layers': 5, 'D_layer_units_exponent_0': 10, 'D_layer_units_exponent_1': 9, 'D_layer_units_exponent_2': 10, 'D_layer_units_exponent_3': 8, 'D_layer_units_exponent_4': 5, 'D_dagger_layers': 4, 'D_dagger_layer_units_exponent_0': 10, 'D_dagger_layer_units_exponent_1': 5, 'D_dagger_layer_units_exponent_2': 5, 'D_dagger_layer_units_exponent_3': 6, 'log_learning_rate': -1.9601586019820294, 'log_learning_rate_D': -4.028998868589538, 'log_learning_rate_D_dagger': -3.441919731450423, 'training_batch_size': 6, 'training_p': 5}. Best is trial 220 with value: 0.11745021492242813.
Time for this trial:  346.62545013427734
Memory status after this trial: 
Memory allocated:  494.0
Memory cached:  512.0
--------------------  Trial  314   --------------------
Start timing: 
Parameters: 
{'W_layers': 5, 'W_layer_units_exponent_0': 7, 'W_layer_units_exponent_1': 4, 'W_layer_units_exponent_2': 6, 'W_layer_units_exponent_3': 5, 'W_layer_units_exponent_4': 5, 'D_layers': 6, 'D_layer_units_exponent_0': 10, 'D_layer_units_exponent_1': 9, 'D_layer_units_exponent_2': 10, 'D_layer_units_exponent_3': 8, 'D_layer_units_exponent_4': 5, 'D_layer_units_exponent_5': 4, 'D_dagger_layers': 4, 'D_dagger_layer_units_exponent_0': 10, 'D_dagger_layer_units_exponent_1': 5, 'D_dagger_layer_units_exponent_2': 5, 'D_dagger_layer_units_exponent_3': 6, 'log_learning_rate': -2.019298155189059, 'log_learning_rate_D': -4.1603242342492175, 'log_learning_rate_D_dagger': -2.9708320260399494, 'training_batch_size': 6, 'training_p': 5}
	 epoch  0 training error:  tensor(0.9266, device='cuda:0', grad_fn=<DivBackward0>)
Memory status after this epoch: 
Memory allocated:  223.17041015625
Memory cached:  408.0
	 epoch  10 training error:  tensor(0.5093, device='cuda:0', grad_fn=<DivBackward0>)
Memory status after this epoch: 
Memory allocated:  223.17041015625
Memory cached:  424.0
	 epoch  20 training error:  tensor(0.4853, device='cuda:0', grad_fn=<DivBackward0>)
Memory status after this epoch: 
Memory allocated:  223.17041015625
Memory cached:  412.0
	 epoch  30 training error:  tensor(0.5083, device='cuda:0', grad_fn=<DivBackward0>)
Memory status after this epoch: 
Memory allocated:  223.17041015625
Memory cached:  410.0
	 epoch  40 training error:  tensor(0.4862, device='cuda:0', grad_fn=<DivBackward0>)
Memory status after this epoch: 
Memory allocated:  223.17041015625
Memory cached:  412.0
	 epoch  50 training error:  tensor(0.4811, device='cuda:0', grad_fn=<DivBackward0>)
Memory status after this epoch: 
Memory allocated:  223.17041015625
Memory cached:  410.0
	 epoch  60 training error:  tensor(0.4717, device='cuda:0', grad_fn=<DivBackward0>)
Memory status after this epoch: 
Memory allocated:  223.17041015625
Memory cached:  410.0
	 epoch  70 training error:  tensor(0.4195, device='cuda:0', grad_fn=<DivBackward0>)
Memory status after this epoch: 
Memory allocated:  223.17041015625
Memory cached:  412.0
	 epoch  80 training error:  tensor(0.3282, device='cuda:0', grad_fn=<DivBackward0>)
Memory status after this epoch: 
Memory allocated:  223.17041015625
Memory cached:  416.0
	 epoch  90 training error:  tensor(0.2888, device='cuda:0', grad_fn=<DivBackward0>)
Memory status after this epoch: 
Memory allocated:  223.17041015625
Memory cached:  410.0
[I 2024-01-01 20:00:59,513] Trial 314 finished with value: 0.19603760540485382 and parameters: {'W_layers': 5, 'W_layer_units_exponent_0': 7, 'W_layer_units_exponent_1': 4, 'W_layer_units_exponent_2': 6, 'W_layer_units_exponent_3': 5, 'W_layer_units_exponent_4': 5, 'D_layers': 6, 'D_layer_units_exponent_0': 10, 'D_layer_units_exponent_1': 9, 'D_layer_units_exponent_2': 10, 'D_layer_units_exponent_3': 8, 'D_layer_units_exponent_4': 5, 'D_layer_units_exponent_5': 4, 'D_dagger_layers': 4, 'D_dagger_layer_units_exponent_0': 10, 'D_dagger_layer_units_exponent_1': 5, 'D_dagger_layer_units_exponent_2': 5, 'D_dagger_layer_units_exponent_3': 6, 'log_learning_rate': -2.019298155189059, 'log_learning_rate_D': -4.1603242342492175, 'log_learning_rate_D_dagger': -2.9708320260399494, 'training_batch_size': 6, 'training_p': 5}. Best is trial 220 with value: 0.11745021492242813.
Time for this trial:  353.2376878261566
Memory status after this trial: 
Memory allocated:  439.97119140625
Memory cached:  456.0
--------------------  Trial  315   --------------------
Start timing: 
Parameters: 
{'W_layers': 5, 'W_layer_units_exponent_0': 7, 'W_layer_units_exponent_1': 6, 'W_layer_units_exponent_2': 6, 'W_layer_units_exponent_3': 5, 'W_layer_units_exponent_4': 5, 'D_layers': 5, 'D_layer_units_exponent_0': 10, 'D_layer_units_exponent_1': 9, 'D_layer_units_exponent_2': 10, 'D_layer_units_exponent_3': 8, 'D_layer_units_exponent_4': 5, 'D_dagger_layers': 4, 'D_dagger_layer_units_exponent_0': 10, 'D_dagger_layer_units_exponent_1': 5, 'D_dagger_layer_units_exponent_2': 5, 'D_dagger_layer_units_exponent_3': 7, 'log_learning_rate': -1.9984306075160176, 'log_learning_rate_D': -4.023291518952227, 'log_learning_rate_D_dagger': -2.2514305487012, 'training_batch_size': 6, 'training_p': 5}
	 epoch  0 training error:  tensor(1.1077, device='cuda:0', grad_fn=<DivBackward0>)
Memory status after this epoch: 
Memory allocated:  223.33251953125
Memory cached:  396.0
	 epoch  10 training error:  tensor(0.4960, device='cuda:0', grad_fn=<DivBackward0>)
Memory status after this epoch: 
Memory allocated:  223.33251953125
Memory cached:  398.0
	 epoch  20 training error:  tensor(0.5164, device='cuda:0', grad_fn=<DivBackward0>)
Memory status after this epoch: 
Memory allocated:  223.33251953125
Memory cached:  402.0
	 epoch  30 training error:  tensor(0.4820, device='cuda:0', grad_fn=<DivBackward0>)
Memory status after this epoch: 
Memory allocated:  223.33251953125
Memory cached:  406.0
	 epoch  40 training error:  tensor(0.4762, device='cuda:0', grad_fn=<DivBackward0>)
Memory status after this epoch: 
Memory allocated:  223.33251953125
Memory cached:  402.0
	 epoch  50 training error:  tensor(0.4306, device='cuda:0', grad_fn=<DivBackward0>)
Memory status after this epoch: 
Memory allocated:  223.33251953125
Memory cached:  404.0
	 epoch  60 training error:  tensor(0.2700, device='cuda:0', grad_fn=<DivBackward0>)
Memory status after this epoch: 
Memory allocated:  223.33251953125
Memory cached:  398.0
	 epoch  70 training error:  tensor(0.2269, device='cuda:0', grad_fn=<DivBackward0>)
Memory status after this epoch: 
Memory allocated:  223.33251953125
Memory cached:  402.0
	 epoch  80 training error:  tensor(0.2256, device='cuda:0', grad_fn=<DivBackward0>)
Memory status after this epoch: 
Memory allocated:  223.33251953125
Memory cached:  400.0
	 epoch  90 training error:  tensor(0.2233, device='cuda:0', grad_fn=<DivBackward0>)
Memory status after this epoch: 
Memory allocated:  223.33251953125
Memory cached:  400.0
