[I 2024-02-17 00:27:02,806] Trial 65 finished with value: 0.07531430572271347 and parameters: {'W_layers': 5, 'W_layer_units_exponent_0': 7, 'W_layer_units_exponent_1': 9, 'W_layer_units_exponent_2': 5, 'W_layer_units_exponent_3': 9, 'W_layer_units_exponent_4': 9, 'D_layers': 5, 'D_layer_units_exponent_0': 8, 'D_layer_units_exponent_1': 8, 'D_layer_units_exponent_2': 7, 'D_layer_units_exponent_3': 8, 'D_layer_units_exponent_4': 7, 'D_dagger_layers': 3, 'D_dagger_layer_units_exponent_0': 9, 'D_dagger_layer_units_exponent_1': 4, 'D_dagger_layer_units_exponent_2': 6, 'log_learning_rate': -4.2002882469780225, 'log_learning_rate_D': -3.500084333294691, 'log_learning_rate_D_dagger': -2.2425768029759507, 'training_batch_size': 6, 'training_p': 5}. Best is trial 45 with value: 0.03961218520998955.
Time for this trial:  757.2714462280273
Memory status after this trial: 
Memory allocated:  1442.42529296875
Memory cached:  1450.0
--------------------  Trial  66   --------------------
Start timing: 
Parameters: 
{'W_layers': 5, 'W_layer_units_exponent_0': 6, 'W_layer_units_exponent_1': 9, 'W_layer_units_exponent_2': 5, 'W_layer_units_exponent_3': 10, 'W_layer_units_exponent_4': 9, 'D_layers': 5, 'D_layer_units_exponent_0': 9, 'D_layer_units_exponent_1': 8, 'D_layer_units_exponent_2': 7, 'D_layer_units_exponent_3': 8, 'D_layer_units_exponent_4': 7, 'D_dagger_layers': 3, 'D_dagger_layer_units_exponent_0': 9, 'D_dagger_layer_units_exponent_1': 4, 'D_dagger_layer_units_exponent_2': 6, 'log_learning_rate': -4.155856967660441, 'log_learning_rate_D': -3.4873778236563395, 'log_learning_rate_D_dagger': -2.261275215984975, 'training_batch_size': 7, 'training_p': 4}
	 epoch  0 training error:  tensor(0.6929, device='cuda:0', grad_fn=<DivBackward0>)
Memory status after this epoch: 
Memory allocated:  766.8798828125
Memory cached:  1356.0
	 epoch  10 training error:  tensor(0.4374, device='cuda:0', grad_fn=<DivBackward0>)
Memory status after this epoch: 
Memory allocated:  766.8798828125
Memory cached:  1364.0
	 epoch  20 training error:  tensor(0.3618, device='cuda:0', grad_fn=<DivBackward0>)
Memory status after this epoch: 
Memory allocated:  766.8798828125
Memory cached:  1366.0
	 epoch  30 training error:  tensor(0.2090, device='cuda:0', grad_fn=<DivBackward0>)
Memory status after this epoch: 
Memory allocated:  766.8798828125
Memory cached:  1356.0
	 epoch  40 training error:  tensor(0.2093, device='cuda:0', grad_fn=<DivBackward0>)
Memory status after this epoch: 
Memory allocated:  766.8798828125
Memory cached:  1364.0
	 epoch  50 training error:  tensor(0.2075, device='cuda:0', grad_fn=<DivBackward0>)
Memory status after this epoch: 
Memory allocated:  766.8798828125
Memory cached:  1358.0
	 epoch  60 training error:  tensor(0.1663, device='cuda:0', grad_fn=<DivBackward0>)
Memory status after this epoch: 
Memory allocated:  766.8798828125
Memory cached:  1364.0
	 epoch  70 training error:  tensor(0.1647, device='cuda:0', grad_fn=<DivBackward0>)
Memory status after this epoch: 
Memory allocated:  766.8798828125
Memory cached:  1362.0
	 epoch  80 training error:  tensor(0.1547, device='cuda:0', grad_fn=<DivBackward0>)
Memory status after this epoch: 
Memory allocated:  766.8798828125
Memory cached:  1366.0
	 epoch  90 training error:  tensor(0.1310, device='cuda:0', grad_fn=<DivBackward0>)
Memory status after this epoch: 
Memory allocated:  766.8798828125
Memory cached:  1360.0
[I 2024-02-17 00:35:19,441] Trial 66 finished with value: 0.12515808641910553 and parameters: {'W_layers': 5, 'W_layer_units_exponent_0': 6, 'W_layer_units_exponent_1': 9, 'W_layer_units_exponent_2': 5, 'W_layer_units_exponent_3': 10, 'W_layer_units_exponent_4': 9, 'D_layers': 5, 'D_layer_units_exponent_0': 9, 'D_layer_units_exponent_1': 8, 'D_layer_units_exponent_2': 7, 'D_layer_units_exponent_3': 8, 'D_layer_units_exponent_4': 7, 'D_dagger_layers': 3, 'D_dagger_layer_units_exponent_0': 9, 'D_dagger_layer_units_exponent_1': 4, 'D_dagger_layer_units_exponent_2': 6, 'log_learning_rate': -4.155856967660441, 'log_learning_rate_D': -3.4873778236563395, 'log_learning_rate_D_dagger': -2.261275215984975, 'training_batch_size': 7, 'training_p': 4}. Best is trial 45 with value: 0.03961218520998955.
Time for this trial:  496.1632921695709
Memory status after this trial: 
Memory allocated:  1594.55224609375
Memory cached:  1616.0
--------------------  Trial  67   --------------------
Start timing: 
Parameters: 
{'W_layers': 5, 'W_layer_units_exponent_0': 7, 'W_layer_units_exponent_1': 9, 'W_layer_units_exponent_2': 5, 'W_layer_units_exponent_3': 10, 'W_layer_units_exponent_4': 10, 'D_layers': 6, 'D_layer_units_exponent_0': 9, 'D_layer_units_exponent_1': 8, 'D_layer_units_exponent_2': 7, 'D_layer_units_exponent_3': 8, 'D_layer_units_exponent_4': 7, 'D_layer_units_exponent_5': 8, 'D_dagger_layers': 3, 'D_dagger_layer_units_exponent_0': 9, 'D_dagger_layer_units_exponent_1': 5, 'D_dagger_layer_units_exponent_2': 6, 'log_learning_rate': -3.950605129005661, 'log_learning_rate_D': -3.3241368077028755, 'log_learning_rate_D_dagger': -2.5118984444500585, 'training_batch_size': 12, 'training_p': 5}
	 epoch  0 training error:  tensor(0.9479, device='cuda:0', grad_fn=<DivBackward0>)
Memory status after this epoch: 
Memory allocated:  776.6396484375
Memory cached:  1352.0
	 epoch  10 training error:  tensor(0.4844, device='cuda:0', grad_fn=<DivBackward0>)
Memory status after this epoch: 
Memory allocated:  776.6396484375
Memory cached:  1356.0
	 epoch  20 training error:  tensor(0.4745, device='cuda:0', grad_fn=<DivBackward0>)
Memory status after this epoch: 
Memory allocated:  776.6396484375
Memory cached:  1360.0
	 epoch  30 training error:  tensor(0.4529, device='cuda:0', grad_fn=<DivBackward0>)
Memory status after this epoch: 
Memory allocated:  776.6396484375
Memory cached:  1360.0
	 epoch  40 training error:  tensor(0.4497, device='cuda:0', grad_fn=<DivBackward0>)
Memory status after this epoch: 
Memory allocated:  776.6396484375
Memory cached:  1360.0
	 epoch  50 training error:  tensor(0.3382, device='cuda:0', grad_fn=<DivBackward0>)
Memory status after this epoch: 
Memory allocated:  776.6396484375
Memory cached:  1360.0
	 epoch  60 training error:  tensor(0.3297, device='cuda:0', grad_fn=<DivBackward0>)
Memory status after this epoch: 
Memory allocated:  776.6396484375
Memory cached:  1360.0
	 epoch  70 training error:  tensor(0.2871, device='cuda:0', grad_fn=<DivBackward0>)
Memory status after this epoch: 
Memory allocated:  776.6396484375
Memory cached:  1360.0
	 epoch  80 training error:  tensor(0.2709, device='cuda:0', grad_fn=<DivBackward0>)
Memory status after this epoch: 
Memory allocated:  776.6396484375
Memory cached:  1360.0
	 epoch  90 training error:  tensor(0.2509, device='cuda:0', grad_fn=<DivBackward0>)
Memory status after this epoch: 
Memory allocated:  776.6396484375
Memory cached:  1360.0
[I 2024-02-17 00:39:38,543] Trial 67 finished with value: 0.15511780977249146 and parameters: {'W_layers': 5, 'W_layer_units_exponent_0': 7, 'W_layer_units_exponent_1': 9, 'W_layer_units_exponent_2': 5, 'W_layer_units_exponent_3': 10, 'W_layer_units_exponent_4': 10, 'D_layers': 6, 'D_layer_units_exponent_0': 9, 'D_layer_units_exponent_1': 8, 'D_layer_units_exponent_2': 7, 'D_layer_units_exponent_3': 8, 'D_layer_units_exponent_4': 7, 'D_layer_units_exponent_5': 8, 'D_dagger_layers': 3, 'D_dagger_layer_units_exponent_0': 9, 'D_dagger_layer_units_exponent_1': 5, 'D_dagger_layer_units_exponent_2': 6, 'log_learning_rate': -3.950605129005661, 'log_learning_rate_D': -3.3241368077028755, 'log_learning_rate_D_dagger': -2.5118984444500585, 'training_batch_size': 12, 'training_p': 5}. Best is trial 45 with value: 0.03961218520998955.
Time for this trial:  258.6175539493561
Memory status after this trial: 
Memory allocated:  1760.74658203125
Memory cached:  1782.0
--------------------  Trial  68   --------------------
Start timing: 
Parameters: 
{'W_layers': 4, 'W_layer_units_exponent_0': 7, 'W_layer_units_exponent_1': 8, 'W_layer_units_exponent_2': 6, 'W_layer_units_exponent_3': 9, 'D_layers': 5, 'D_layer_units_exponent_0': 8, 'D_layer_units_exponent_1': 7, 'D_layer_units_exponent_2': 6, 'D_layer_units_exponent_3': 8, 'D_layer_units_exponent_4': 5, 'D_dagger_layers': 3, 'D_dagger_layer_units_exponent_0': 8, 'D_dagger_layer_units_exponent_1': 5, 'D_dagger_layer_units_exponent_2': 7, 'log_learning_rate': -4.208085021636755, 'log_learning_rate_D': -3.543784780395492, 'log_learning_rate_D_dagger': -2.104533144927146, 'training_batch_size': 6, 'training_p': 5}
	 epoch  0 training error:  tensor(0.8533, device='cuda:0', grad_fn=<DivBackward0>)
Memory status after this epoch: 
Memory allocated:  756.4853515625
Memory cached:  1330.0
	 epoch  10 training error:  tensor(0.4700, device='cuda:0', grad_fn=<DivBackward0>)
Memory status after this epoch: 
Memory allocated:  756.4853515625
Memory cached:  1330.0
	 epoch  20 training error:  tensor(0.4765, device='cuda:0', grad_fn=<DivBackward0>)
Memory status after this epoch: 
Memory allocated:  756.4853515625
Memory cached:  1330.0
	 epoch  30 training error:  tensor(0.3836, device='cuda:0', grad_fn=<DivBackward0>)
Memory status after this epoch: 
Memory allocated:  756.4853515625
Memory cached:  1330.0
	 epoch  40 training error:  tensor(0.2908, device='cuda:0', grad_fn=<DivBackward0>)
Memory status after this epoch: 
Memory allocated:  756.4853515625
Memory cached:  1330.0
	 epoch  50 training error:  tensor(0.2155, device='cuda:0', grad_fn=<DivBackward0>)
Memory status after this epoch: 
Memory allocated:  756.4853515625
Memory cached:  1330.0
	 epoch  60 training error:  tensor(0.1956, device='cuda:0', grad_fn=<DivBackward0>)
Memory status after this epoch: 
Memory allocated:  756.4853515625
Memory cached:  1330.0
	 epoch  70 training error:  tensor(0.1350, device='cuda:0', grad_fn=<DivBackward0>)
Memory status after this epoch: 
Memory allocated:  756.4853515625
Memory cached:  1330.0
	 epoch  80 training error:  tensor(0.1234, device='cuda:0', grad_fn=<DivBackward0>)
Memory status after this epoch: 
Memory allocated:  756.4853515625
Memory cached:  1330.0
	 epoch  90 training error:  tensor(0.1088, device='cuda:0', grad_fn=<DivBackward0>)
Memory status after this epoch: 
Memory allocated:  756.4853515625
Memory cached:  1330.0
[I 2024-02-17 00:51:37,104] Trial 68 finished with value: 0.08007265627384186 and parameters: {'W_layers': 4, 'W_layer_units_exponent_0': 7, 'W_layer_units_exponent_1': 8, 'W_layer_units_exponent_2': 6, 'W_layer_units_exponent_3': 9, 'D_layers': 5, 'D_layer_units_exponent_0': 8, 'D_layer_units_exponent_1': 7, 'D_layer_units_exponent_2': 6, 'D_layer_units_exponent_3': 8, 'D_layer_units_exponent_4': 5, 'D_dagger_layers': 3, 'D_dagger_layer_units_exponent_0': 8, 'D_dagger_layer_units_exponent_1': 5, 'D_dagger_layer_units_exponent_2': 7, 'log_learning_rate': -4.208085021636755, 'log_learning_rate_D': -3.543784780395492, 'log_learning_rate_D_dagger': -2.104533144927146, 'training_batch_size': 6, 'training_p': 5}. Best is trial 45 with value: 0.03961218520998955.
Time for this trial:  718.086089849472
Memory status after this trial: 
Memory allocated:  1184.77587890625
Memory cached:  1330.0
--------------------  Trial  69   --------------------
Start timing: 
Parameters: 
{'W_layers': 5, 'W_layer_units_exponent_0': 7, 'W_layer_units_exponent_1': 8, 'W_layer_units_exponent_2': 5, 'W_layer_units_exponent_3': 9, 'W_layer_units_exponent_4': 9, 'D_layers': 6, 'D_layer_units_exponent_0': 9, 'D_layer_units_exponent_1': 7, 'D_layer_units_exponent_2': 6, 'D_layer_units_exponent_3': 9, 'D_layer_units_exponent_4': 9, 'D_layer_units_exponent_5': 6, 'D_dagger_layers': 3, 'D_dagger_layer_units_exponent_0': 10, 'D_dagger_layer_units_exponent_1': 4, 'D_dagger_layer_units_exponent_2': 6, 'log_learning_rate': -4.433418491111238, 'log_learning_rate_D': -3.2573644114744926, 'log_learning_rate_D_dagger': -2.3122002953699163, 'training_batch_size': 6, 'training_p': 4}
	 epoch  0 training error:  tensor(0.8369, device='cuda:0', grad_fn=<DivBackward0>)
Memory status after this epoch: 
Memory allocated:  765.3759765625
Memory cached:  1336.0
	 epoch  10 training error:  tensor(0.4359, device='cuda:0', grad_fn=<DivBackward0>)
Memory status after this epoch: 
Memory allocated:  765.3759765625
Memory cached:  1348.0
	 epoch  20 training error:  tensor(0.3637, device='cuda:0', grad_fn=<DivBackward0>)
Memory status after this epoch: 
Memory allocated:  765.3759765625
Memory cached:  1348.0
	 epoch  30 training error:  tensor(0.2695, device='cuda:0', grad_fn=<DivBackward0>)
Memory status after this epoch: 
Memory allocated:  765.3759765625
Memory cached:  1346.0
	 epoch  40 training error:  tensor(0.2555, device='cuda:0', grad_fn=<DivBackward0>)
Memory status after this epoch: 
Memory allocated:  765.3759765625
Memory cached:  1346.0
	 epoch  50 training error:  tensor(0.2264, device='cuda:0', grad_fn=<DivBackward0>)
Memory status after this epoch: 
Memory allocated:  765.3759765625
Memory cached:  1350.0
	 epoch  60 training error:  tensor(0.2446, device='cuda:0', grad_fn=<DivBackward0>)
Memory status after this epoch: 
Memory allocated:  765.3759765625
Memory cached:  1348.0
	 epoch  70 training error:  tensor(0.2218, device='cuda:0', grad_fn=<DivBackward0>)
Memory status after this epoch: 
Memory allocated:  765.3759765625
Memory cached:  1348.0
	 epoch  80 training error:  tensor(0.2315, device='cuda:0', grad_fn=<DivBackward0>)
Memory status after this epoch: 
Memory allocated:  765.3759765625
Memory cached:  1348.0
	 epoch  90 training error:  tensor(0.2182, device='cuda:0', grad_fn=<DivBackward0>)
Memory status after this epoch: 
Memory allocated:  765.3759765625
Memory cached:  1346.0
[I 2024-02-17 01:05:03,760] Trial 69 finished with value: 0.171151801943779 and parameters: {'W_layers': 5, 'W_layer_units_exponent_0': 7, 'W_layer_units_exponent_1': 8, 'W_layer_units_exponent_2': 5, 'W_layer_units_exponent_3': 9, 'W_layer_units_exponent_4': 9, 'D_layers': 6, 'D_layer_units_exponent_0': 9, 'D_layer_units_exponent_1': 7, 'D_layer_units_exponent_2': 6, 'D_layer_units_exponent_3': 9, 'D_layer_units_exponent_4': 9, 'D_layer_units_exponent_5': 6, 'D_dagger_layers': 3, 'D_dagger_layer_units_exponent_0': 10, 'D_dagger_layer_units_exponent_1': 4, 'D_dagger_layer_units_exponent_2': 6, 'log_learning_rate': -4.433418491111238, 'log_learning_rate_D': -3.2573644114744926, 'log_learning_rate_D_dagger': -2.3122002953699163, 'training_batch_size': 6, 'training_p': 4}. Best is trial 45 with value: 0.03961218520998955.
Time for this trial:  806.1516785621643
Memory status after this trial: 
Memory allocated:  1663.04931640625
Memory cached:  1672.0
--------------------  Trial  70   --------------------
Start timing: 
Parameters: 
{'W_layers': 6, 'W_layer_units_exponent_0': 8, 'W_layer_units_exponent_1': 9, 'W_layer_units_exponent_2': 6, 'W_layer_units_exponent_3': 10, 'W_layer_units_exponent_4': 8, 'W_layer_units_exponent_5': 4, 'D_layers': 5, 'D_layer_units_exponent_0': 10, 'D_layer_units_exponent_1': 7, 'D_layer_units_exponent_2': 7, 'D_layer_units_exponent_3': 10, 'D_layer_units_exponent_4': 6, 'D_dagger_layers': 5, 'D_dagger_layer_units_exponent_0': 9, 'D_dagger_layer_units_exponent_1': 6, 'D_dagger_layer_units_exponent_2': 7, 'D_dagger_layer_units_exponent_3': 8, 'D_dagger_layer_units_exponent_4': 5, 'log_learning_rate': -3.9700031563514275, 'log_learning_rate_D': -3.374699081803511, 'log_learning_rate_D_dagger': -1.872725257941737, 'training_batch_size': 7, 'training_p': 5}
	 epoch  0 training error:  tensor(3.7689, device='cuda:0', grad_fn=<DivBackward0>)
Memory status after this epoch: 
Memory allocated:  768.0791015625
Memory cached:  1332.0
	 epoch  10 training error:  tensor(0.5402, device='cuda:0', grad_fn=<DivBackward0>)
Memory status after this epoch: 
Memory allocated:  768.0791015625
Memory cached:  1332.0
	 epoch  20 training error:  tensor(0.4762, device='cuda:0', grad_fn=<DivBackward0>)
Memory status after this epoch: 
Memory allocated:  768.0791015625
Memory cached:  1332.0
	 epoch  30 training error:  tensor(0.4827, device='cuda:0', grad_fn=<DivBackward0>)
Memory status after this epoch: 
Memory allocated:  768.0791015625
Memory cached:  1332.0
	 epoch  40 training error:  tensor(0.4707, device='cuda:0', grad_fn=<DivBackward0>)
Memory status after this epoch: 
Memory allocated:  768.0791015625
Memory cached:  1332.0
	 epoch  50 training error:  tensor(0.4738, device='cuda:0', grad_fn=<DivBackward0>)
Memory status after this epoch: 
Memory allocated:  768.0791015625
Memory cached:  1332.0
	 epoch  60 training error:  tensor(0.4689, device='cuda:0', grad_fn=<DivBackward0>)
Memory status after this epoch: 
Memory allocated:  768.0791015625
Memory cached:  1332.0
	 epoch  70 training error:  tensor(0.4721, device='cuda:0', grad_fn=<DivBackward0>)
Memory status after this epoch: 
Memory allocated:  768.0791015625
Memory cached:  1332.0
	 epoch  80 training error:  tensor(0.4756, device='cuda:0', grad_fn=<DivBackward0>)
Memory status after this epoch: 
Memory allocated:  768.0791015625
Memory cached:  1332.0
	 epoch  90 training error:  tensor(0.4796, device='cuda:0', grad_fn=<DivBackward0>)
Memory status after this epoch: 
Memory allocated:  768.0791015625
Memory cached:  1332.0
[I 2024-02-17 01:14:51,132] Trial 70 finished with value: 0.3305668532848358 and parameters: {'W_layers': 6, 'W_layer_units_exponent_0': 8, 'W_layer_units_exponent_1': 9, 'W_layer_units_exponent_2': 6, 'W_layer_units_exponent_3': 10, 'W_layer_units_exponent_4': 8, 'W_layer_units_exponent_5': 4, 'D_layers': 5, 'D_layer_units_exponent_0': 10, 'D_layer_units_exponent_1': 7, 'D_layer_units_exponent_2': 7, 'D_layer_units_exponent_3': 10, 'D_layer_units_exponent_4': 6, 'D_dagger_layers': 5, 'D_dagger_layer_units_exponent_0': 9, 'D_dagger_layer_units_exponent_1': 6, 'D_dagger_layer_units_exponent_2': 7, 'D_dagger_layer_units_exponent_3': 8, 'D_dagger_layer_units_exponent_4': 5, 'log_learning_rate': -3.9700031563514275, 'log_learning_rate_D': -3.374699081803511, 'log_learning_rate_D_dagger': -1.872725257941737, 'training_batch_size': 7, 'training_p': 5}. Best is trial 45 with value: 0.03961218520998955.
Time for this trial:  586.8896627426147
Memory status after this trial: 
Memory allocated:  1925.32763671875
Memory cached:  1936.0
--------------------  Trial  71   --------------------
Start timing: 
Parameters: 
{'W_layers': 4, 'W_layer_units_exponent_0': 6, 'W_layer_units_exponent_1': 10, 'W_layer_units_exponent_2': 4, 'W_layer_units_exponent_3': 9, 'D_layers': 3, 'D_layer_units_exponent_0': 8, 'D_layer_units_exponent_1': 5, 'D_layer_units_exponent_2': 10, 'D_dagger_layers': 2, 'D_dagger_layer_units_exponent_0': 9, 'D_dagger_layer_units_exponent_1': 4, 'log_learning_rate': -4.31207019015118, 'log_learning_rate_D': -3.0531184519159336, 'log_learning_rate_D_dagger': -3.0309392964549198, 'training_batch_size': 6, 'training_p': 5}
	 epoch  0 training error:  tensor(0.6379, device='cuda:0', grad_fn=<DivBackward0>)
Memory status after this epoch: 
Memory allocated:  756.2158203125
Memory cached:  1330.0
	 epoch  10 training error:  tensor(0.4701, device='cuda:0', grad_fn=<DivBackward0>)
Memory status after this epoch: 
Memory allocated:  756.2158203125
Memory cached:  1330.0
	 epoch  20 training error:  tensor(0.4704, device='cuda:0', grad_fn=<DivBackward0>)
Memory status after this epoch: 
Memory allocated:  756.2158203125
Memory cached:  1330.0
	 epoch  30 training error:  tensor(0.4244, device='cuda:0', grad_fn=<DivBackward0>)
Memory status after this epoch: 
Memory allocated:  756.2158203125
Memory cached:  1330.0
	 epoch  40 training error:  tensor(0.3235, device='cuda:0', grad_fn=<DivBackward0>)
Memory status after this epoch: 
Memory allocated:  756.2158203125
Memory cached:  1330.0
	 epoch  50 training error:  tensor(0.2385, device='cuda:0', grad_fn=<DivBackward0>)
Memory status after this epoch: 
Memory allocated:  756.2158203125
Memory cached:  1330.0
	 epoch  60 training error:  tensor(0.1751, device='cuda:0', grad_fn=<DivBackward0>)
Memory status after this epoch: 
Memory allocated:  756.2158203125
Memory cached:  1330.0
	 epoch  70 training error:  tensor(0.1356, device='cuda:0', grad_fn=<DivBackward0>)
Memory status after this epoch: 
Memory allocated:  756.2158203125
Memory cached:  1330.0
	 epoch  80 training error:  tensor(0.1115, device='cuda:0', grad_fn=<DivBackward0>)
Memory status after this epoch: 
Memory allocated:  756.2158203125
Memory cached:  1330.0
	 epoch  90 training error:  tensor(0.1035, device='cuda:0', grad_fn=<DivBackward0>)
Memory status after this epoch: 
Memory allocated:  756.2158203125
Memory cached:  1330.0
