[I 2023-12-07 02:55:38,813] Trial 81 finished with value: 0.1534951776266098 and parameters: {'W_layers': 3, 'W_layer_units_exponent_0': 8, 'W_layer_units_exponent_1': 7, 'W_layer_units_exponent_2': 6, 'D_layers': 4, 'D_layer_units_exponent_0': 8, 'D_layer_units_exponent_1': 10, 'D_layer_units_exponent_2': 4, 'D_layer_units_exponent_3': 7, 'D_dagger_layers': 2, 'D_dagger_layer_units_exponent_0': 9, 'D_dagger_layer_units_exponent_1': 8, 'log_learning_rate': -4.447759944753259, 'log_learning_rate_D': -3.5717129444983184, 'log_learning_rate_D_dagger': -2.89460294982197, 'training_batch_size': 10, 'training_p': 5}. Best is trial 57 with value: 0.056275874376297.
Time for this trial:  149.09689331054688
Memory status after this trial: 
Memory allocated:  264.0908203125
Memory cached:  302.0
--------------------  Trial  82   --------------------
Start timing: 
Parameters: 
{'W_layers': 3, 'W_layer_units_exponent_0': 8, 'W_layer_units_exponent_1': 6, 'W_layer_units_exponent_2': 7, 'D_layers': 4, 'D_layer_units_exponent_0': 8, 'D_layer_units_exponent_1': 10, 'D_layer_units_exponent_2': 5, 'D_layer_units_exponent_3': 6, 'D_dagger_layers': 2, 'D_dagger_layer_units_exponent_0': 9, 'D_dagger_layer_units_exponent_1': 8, 'log_learning_rate': -4.700624787750552, 'log_learning_rate_D': -3.311458213255046, 'log_learning_rate_D_dagger': -2.488307442002177, 'training_batch_size': 10, 'training_p': 5}
	 epoch  0 training error:  tensor(1.0033, device='cuda:0', grad_fn=<DivBackward0>)
Memory status after this epoch: 
Memory allocated:  130.296875
Memory cached:  288.0
	 epoch  10 training error:  tensor(1.0762, device='cuda:0', grad_fn=<DivBackward0>)
Memory status after this epoch: 
Memory allocated:  130.296875
Memory cached:  320.0
	 epoch  20 training error:  tensor(0.9318, device='cuda:0', grad_fn=<DivBackward0>)
Memory status after this epoch: 
Memory allocated:  130.296875
Memory cached:  330.0
	 epoch  30 training error:  tensor(0.7979, device='cuda:0', grad_fn=<DivBackward0>)
Memory status after this epoch: 
Memory allocated:  130.296875
Memory cached:  318.0
	 epoch  40 training error:  tensor(0.7097, device='cuda:0', grad_fn=<DivBackward0>)
Memory status after this epoch: 
Memory allocated:  130.296875
Memory cached:  330.0
	 epoch  50 training error:  tensor(0.6792, device='cuda:0', grad_fn=<DivBackward0>)
Memory status after this epoch: 
Memory allocated:  130.296875
Memory cached:  324.0
	 epoch  60 training error:  tensor(0.5578, device='cuda:0', grad_fn=<DivBackward0>)
Memory status after this epoch: 
Memory allocated:  130.296875
Memory cached:  320.0
	 epoch  70 training error:  tensor(0.3900, device='cuda:0', grad_fn=<DivBackward0>)
Memory status after this epoch: 
Memory allocated:  130.296875
Memory cached:  320.0
	 epoch  80 training error:  tensor(0.2633, device='cuda:0', grad_fn=<DivBackward0>)
Memory status after this epoch: 
Memory allocated:  130.296875
Memory cached:  332.0
	 epoch  90 training error:  tensor(0.2251, device='cuda:0', grad_fn=<DivBackward0>)
Memory status after this epoch: 
Memory allocated:  130.296875
Memory cached:  324.0
[I 2023-12-07 02:58:07,135] Trial 82 finished with value: 0.10429944843053818 and parameters: {'W_layers': 3, 'W_layer_units_exponent_0': 8, 'W_layer_units_exponent_1': 6, 'W_layer_units_exponent_2': 7, 'D_layers': 4, 'D_layer_units_exponent_0': 8, 'D_layer_units_exponent_1': 10, 'D_layer_units_exponent_2': 5, 'D_layer_units_exponent_3': 6, 'D_dagger_layers': 2, 'D_dagger_layer_units_exponent_0': 9, 'D_dagger_layer_units_exponent_1': 8, 'log_learning_rate': -4.700624787750552, 'log_learning_rate_D': -3.311458213255046, 'log_learning_rate_D_dagger': -2.488307442002177, 'training_batch_size': 10, 'training_p': 5}. Best is trial 57 with value: 0.056275874376297.
Time for this trial:  148.09232568740845
Memory status after this trial: 
Memory allocated:  261.37890625
Memory cached:  310.0
--------------------  Trial  83   --------------------
Start timing: 
Parameters: 
{'W_layers': 3, 'W_layer_units_exponent_0': 8, 'W_layer_units_exponent_1': 6, 'W_layer_units_exponent_2': 7, 'D_layers': 4, 'D_layer_units_exponent_0': 8, 'D_layer_units_exponent_1': 10, 'D_layer_units_exponent_2': 5, 'D_layer_units_exponent_3': 6, 'D_dagger_layers': 2, 'D_dagger_layer_units_exponent_0': 9, 'D_dagger_layer_units_exponent_1': 8, 'log_learning_rate': -4.623415421362714, 'log_learning_rate_D': -3.632746281104113, 'log_learning_rate_D_dagger': -2.5066692367497527, 'training_batch_size': 10, 'training_p': 5}
	 epoch  0 training error:  tensor(0.9845, device='cuda:0', grad_fn=<DivBackward0>)
Memory status after this epoch: 
Memory allocated:  130.296875
Memory cached:  288.0
	 epoch  10 training error:  tensor(0.9466, device='cuda:0', grad_fn=<DivBackward0>)
Memory status after this epoch: 
Memory allocated:  130.296875
Memory cached:  320.0
	 epoch  20 training error:  tensor(0.8417, device='cuda:0', grad_fn=<DivBackward0>)
Memory status after this epoch: 
Memory allocated:  130.296875
Memory cached:  330.0
	 epoch  30 training error:  tensor(0.7613, device='cuda:0', grad_fn=<DivBackward0>)
Memory status after this epoch: 
Memory allocated:  130.296875
Memory cached:  318.0
	 epoch  40 training error:  tensor(0.6247, device='cuda:0', grad_fn=<DivBackward0>)
Memory status after this epoch: 
Memory allocated:  130.296875
Memory cached:  330.0
	 epoch  50 training error:  tensor(0.5726, device='cuda:0', grad_fn=<DivBackward0>)
Memory status after this epoch: 
Memory allocated:  130.296875
Memory cached:  324.0
	 epoch  60 training error:  tensor(0.5285, device='cuda:0', grad_fn=<DivBackward0>)
Memory status after this epoch: 
Memory allocated:  130.296875
Memory cached:  320.0
	 epoch  70 training error:  tensor(0.4368, device='cuda:0', grad_fn=<DivBackward0>)
Memory status after this epoch: 
Memory allocated:  130.296875
Memory cached:  320.0
	 epoch  80 training error:  tensor(0.2582, device='cuda:0', grad_fn=<DivBackward0>)
Memory status after this epoch: 
Memory allocated:  130.296875
Memory cached:  332.0
	 epoch  90 training error:  tensor(0.4654, device='cuda:0', grad_fn=<DivBackward0>)
Memory status after this epoch: 
Memory allocated:  130.296875
Memory cached:  324.0
[I 2023-12-07 03:00:35,071] Trial 83 finished with value: 0.16997234523296356 and parameters: {'W_layers': 3, 'W_layer_units_exponent_0': 8, 'W_layer_units_exponent_1': 6, 'W_layer_units_exponent_2': 7, 'D_layers': 4, 'D_layer_units_exponent_0': 8, 'D_layer_units_exponent_1': 10, 'D_layer_units_exponent_2': 5, 'D_layer_units_exponent_3': 6, 'D_dagger_layers': 2, 'D_dagger_layer_units_exponent_0': 9, 'D_dagger_layer_units_exponent_1': 8, 'log_learning_rate': -4.623415421362714, 'log_learning_rate_D': -3.632746281104113, 'log_learning_rate_D_dagger': -2.5066692367497527, 'training_batch_size': 10, 'training_p': 5}. Best is trial 57 with value: 0.056275874376297.
Time for this trial:  147.6730444431305
Memory status after this trial: 
Memory allocated:  261.37890625
Memory cached:  310.0
--------------------  Trial  84   --------------------
Start timing: 
Parameters: 
{'W_layers': 2, 'W_layer_units_exponent_0': 8, 'W_layer_units_exponent_1': 7, 'D_layers': 5, 'D_layer_units_exponent_0': 8, 'D_layer_units_exponent_1': 10, 'D_layer_units_exponent_2': 5, 'D_layer_units_exponent_3': 7, 'D_layer_units_exponent_4': 6, 'D_dagger_layers': 2, 'D_dagger_layer_units_exponent_0': 9, 'D_dagger_layer_units_exponent_1': 8, 'log_learning_rate': -4.798479193575718, 'log_learning_rate_D': -3.4031475933210507, 'log_learning_rate_D_dagger': -2.3702464578440607, 'training_batch_size': 10, 'training_p': 5}
	 epoch  0 training error:  tensor(0.9761, device='cuda:0', grad_fn=<DivBackward0>)
Memory status after this epoch: 
Memory allocated:  130.578125
Memory cached:  290.0
	 epoch  10 training error:  tensor(0.8207, device='cuda:0', grad_fn=<DivBackward0>)
Memory status after this epoch: 
Memory allocated:  130.578125
Memory cached:  314.0
	 epoch  20 training error:  tensor(0.7173, device='cuda:0', grad_fn=<DivBackward0>)
Memory status after this epoch: 
Memory allocated:  130.578125
Memory cached:  314.0
	 epoch  30 training error:  tensor(0.6040, device='cuda:0', grad_fn=<DivBackward0>)
Memory status after this epoch: 
Memory allocated:  130.578125
Memory cached:  312.0
	 epoch  40 training error:  tensor(0.5211, device='cuda:0', grad_fn=<DivBackward0>)
Memory status after this epoch: 
Memory allocated:  130.578125
Memory cached:  312.0
	 epoch  50 training error:  tensor(0.4599, device='cuda:0', grad_fn=<DivBackward0>)
Memory status after this epoch: 
Memory allocated:  130.578125
Memory cached:  322.0
	 epoch  60 training error:  tensor(0.6311, device='cuda:0', grad_fn=<DivBackward0>)
Memory status after this epoch: 
Memory allocated:  130.578125
Memory cached:  312.0
	 epoch  70 training error:  tensor(0.2257, device='cuda:0', grad_fn=<DivBackward0>)
Memory status after this epoch: 
Memory allocated:  130.578125
Memory cached:  320.0
	 epoch  80 training error:  tensor(0.1694, device='cuda:0', grad_fn=<DivBackward0>)
Memory status after this epoch: 
Memory allocated:  130.578125
Memory cached:  316.0
	 epoch  90 training error:  tensor(0.1539, device='cuda:0', grad_fn=<DivBackward0>)
Memory status after this epoch: 
Memory allocated:  130.578125
Memory cached:  314.0
[I 2023-12-07 03:03:03,748] Trial 84 finished with value: 0.0642266497015953 and parameters: {'W_layers': 2, 'W_layer_units_exponent_0': 8, 'W_layer_units_exponent_1': 7, 'D_layers': 5, 'D_layer_units_exponent_0': 8, 'D_layer_units_exponent_1': 10, 'D_layer_units_exponent_2': 5, 'D_layer_units_exponent_3': 7, 'D_layer_units_exponent_4': 6, 'D_dagger_layers': 2, 'D_dagger_layer_units_exponent_0': 9, 'D_dagger_layer_units_exponent_1': 8, 'log_learning_rate': -4.798479193575718, 'log_learning_rate_D': -3.4031475933210507, 'log_learning_rate_D_dagger': -2.3702464578440607, 'training_batch_size': 10, 'training_p': 5}. Best is trial 57 with value: 0.056275874376297.
Time for this trial:  148.44590640068054
Memory status after this trial: 
Memory allocated:  264.869140625
Memory cached:  300.0
--------------------  Trial  85   --------------------
Start timing: 
Parameters: 
{'W_layers': 2, 'W_layer_units_exponent_0': 8, 'W_layer_units_exponent_1': 6, 'D_layers': 5, 'D_layer_units_exponent_0': 9, 'D_layer_units_exponent_1': 10, 'D_layer_units_exponent_2': 5, 'D_layer_units_exponent_3': 5, 'D_layer_units_exponent_4': 6, 'D_dagger_layers': 2, 'D_dagger_layer_units_exponent_0': 9, 'D_dagger_layer_units_exponent_1': 9, 'log_learning_rate': -4.763876231281603, 'log_learning_rate_D': -3.4766669140495483, 'log_learning_rate_D_dagger': -2.358933810573586, 'training_batch_size': 10, 'training_p': 6}
	 epoch  0 training error:  tensor(1.0178, device='cuda:0', grad_fn=<DivBackward0>)
Memory status after this epoch: 
Memory allocated:  136.203125
Memory cached:  310.0
	 epoch  10 training error:  tensor(1.0116, device='cuda:0', grad_fn=<DivBackward0>)
Memory status after this epoch: 
Memory allocated:  136.203125
Memory cached:  316.0
	 epoch  20 training error:  tensor(0.9677, device='cuda:0', grad_fn=<DivBackward0>)
Memory status after this epoch: 
Memory allocated:  136.203125
Memory cached:  316.0
	 epoch  30 training error:  tensor(0.8180, device='cuda:0', grad_fn=<DivBackward0>)
Memory status after this epoch: 
Memory allocated:  136.203125
Memory cached:  318.0
	 epoch  40 training error:  tensor(0.7321, device='cuda:0', grad_fn=<DivBackward0>)
Memory status after this epoch: 
Memory allocated:  136.203125
Memory cached:  320.0
	 epoch  50 training error:  tensor(0.5508, device='cuda:0', grad_fn=<DivBackward0>)
Memory status after this epoch: 
Memory allocated:  136.203125
Memory cached:  314.0
	 epoch  60 training error:  tensor(0.5025, device='cuda:0', grad_fn=<DivBackward0>)
Memory status after this epoch: 
Memory allocated:  136.203125
Memory cached:  316.0
	 epoch  70 training error:  tensor(0.3210, device='cuda:0', grad_fn=<DivBackward0>)
Memory status after this epoch: 
Memory allocated:  136.203125
Memory cached:  314.0
	 epoch  80 training error:  tensor(0.2988, device='cuda:0', grad_fn=<DivBackward0>)
Memory status after this epoch: 
Memory allocated:  136.203125
Memory cached:  318.0
	 epoch  90 training error:  tensor(0.1614, device='cuda:0', grad_fn=<DivBackward0>)
Memory status after this epoch: 
Memory allocated:  136.203125
Memory cached:  318.0
[I 2023-12-07 03:05:35,547] Trial 85 finished with value: 0.10974276065826416 and parameters: {'W_layers': 2, 'W_layer_units_exponent_0': 8, 'W_layer_units_exponent_1': 6, 'D_layers': 5, 'D_layer_units_exponent_0': 9, 'D_layer_units_exponent_1': 10, 'D_layer_units_exponent_2': 5, 'D_layer_units_exponent_3': 5, 'D_layer_units_exponent_4': 6, 'D_dagger_layers': 2, 'D_dagger_layer_units_exponent_0': 9, 'D_dagger_layer_units_exponent_1': 9, 'log_learning_rate': -4.763876231281603, 'log_learning_rate_D': -3.4766669140495483, 'log_learning_rate_D_dagger': -2.358933810573586, 'training_batch_size': 10, 'training_p': 6}. Best is trial 57 with value: 0.056275874376297.
Time for this trial:  151.564391374588
Memory status after this trial: 
Memory allocated:  284.93017578125
Memory cached:  310.0
--------------------  Trial  86   --------------------
Start timing: 
Parameters: 
{'W_layers': 2, 'W_layer_units_exponent_0': 8, 'W_layer_units_exponent_1': 7, 'D_layers': 5, 'D_layer_units_exponent_0': 9, 'D_layer_units_exponent_1': 10, 'D_layer_units_exponent_2': 5, 'D_layer_units_exponent_3': 5, 'D_layer_units_exponent_4': 6, 'D_dagger_layers': 2, 'D_dagger_layer_units_exponent_0': 10, 'D_dagger_layer_units_exponent_1': 9, 'log_learning_rate': -4.804060578512364, 'log_learning_rate_D': -3.4063376297122616, 'log_learning_rate_D_dagger': -2.3587955972468313, 'training_batch_size': 10, 'training_p': 6}
	 epoch  0 training error:  tensor(1.0394, device='cuda:0', grad_fn=<DivBackward0>)
Memory status after this epoch: 
Memory allocated:  140.4765625
Memory cached:  310.0
	 epoch  10 training error:  tensor(1.0474, device='cuda:0', grad_fn=<DivBackward0>)
Memory status after this epoch: 
Memory allocated:  140.4765625
Memory cached:  308.0
	 epoch  20 training error:  tensor(0.9834, device='cuda:0', grad_fn=<DivBackward0>)
Memory status after this epoch: 
Memory allocated:  140.4765625
Memory cached:  318.0
	 epoch  30 training error:  tensor(0.7907, device='cuda:0', grad_fn=<DivBackward0>)
Memory status after this epoch: 
Memory allocated:  140.4765625
Memory cached:  312.0
	 epoch  40 training error:  tensor(0.6615, device='cuda:0', grad_fn=<DivBackward0>)
Memory status after this epoch: 
Memory allocated:  140.4765625
Memory cached:  312.0
	 epoch  50 training error:  tensor(0.6004, device='cuda:0', grad_fn=<DivBackward0>)
Memory status after this epoch: 
Memory allocated:  140.4765625
Memory cached:  314.0
	 epoch  60 training error:  tensor(0.5705, device='cuda:0', grad_fn=<DivBackward0>)
Memory status after this epoch: 
Memory allocated:  140.4765625
Memory cached:  310.0
	 epoch  70 training error:  tensor(0.5598, device='cuda:0', grad_fn=<DivBackward0>)
Memory status after this epoch: 
Memory allocated:  140.4765625
Memory cached:  314.0
	 epoch  80 training error:  tensor(0.5497, device='cuda:0', grad_fn=<DivBackward0>)
Memory status after this epoch: 
Memory allocated:  140.4765625
Memory cached:  316.0
	 epoch  90 training error:  tensor(0.5369, device='cuda:0', grad_fn=<DivBackward0>)
Memory status after this epoch: 
Memory allocated:  140.4765625
Memory cached:  312.0
[I 2023-12-07 03:08:11,473] Trial 86 finished with value: 0.6162492036819458 and parameters: {'W_layers': 2, 'W_layer_units_exponent_0': 8, 'W_layer_units_exponent_1': 7, 'D_layers': 5, 'D_layer_units_exponent_0': 9, 'D_layer_units_exponent_1': 10, 'D_layer_units_exponent_2': 5, 'D_layer_units_exponent_3': 5, 'D_layer_units_exponent_4': 6, 'D_dagger_layers': 2, 'D_dagger_layer_units_exponent_0': 10, 'D_dagger_layer_units_exponent_1': 9, 'log_learning_rate': -4.804060578512364, 'log_learning_rate_D': -3.4063376297122616, 'log_learning_rate_D_dagger': -2.3587955972468313, 'training_batch_size': 10, 'training_p': 6}. Best is trial 57 with value: 0.056275874376297.
Time for this trial:  155.70856618881226
Memory status after this trial: 
Memory allocated:  317.34033203125
Memory cached:  332.0
--------------------  Trial  87   --------------------
Start timing: 
Parameters: 
{'W_layers': 2, 'W_layer_units_exponent_0': 8, 'W_layer_units_exponent_1': 6, 'D_layers': 5, 'D_layer_units_exponent_0': 9, 'D_layer_units_exponent_1': 10, 'D_layer_units_exponent_2': 4, 'D_layer_units_exponent_3': 5, 'D_layer_units_exponent_4': 6, 'D_dagger_layers': 2, 'D_dagger_layer_units_exponent_0': 9, 'D_dagger_layer_units_exponent_1': 9, 'log_learning_rate': -4.862104167660078, 'log_learning_rate_D': -3.4874514700298977, 'log_learning_rate_D_dagger': -2.2054046289282785, 'training_batch_size': 9, 'training_p': 5}
	 epoch  0 training error:  tensor(1.1702, device='cuda:0', grad_fn=<DivBackward0>)
Memory status after this epoch: 
Memory allocated:  135.9453125
Memory cached:  318.0
	 epoch  10 training error:  tensor(1.0579, device='cuda:0', grad_fn=<DivBackward0>)
Memory status after this epoch: 
Memory allocated:  135.9453125
Memory cached:  346.0
	 epoch  20 training error:  tensor(0.8471, device='cuda:0', grad_fn=<DivBackward0>)
Memory status after this epoch: 
Memory allocated:  135.9453125
Memory cached:  346.0
	 epoch  30 training error:  tensor(0.6647, device='cuda:0', grad_fn=<DivBackward0>)
Memory status after this epoch: 
Memory allocated:  135.9453125
Memory cached:  334.0
	 epoch  40 training error:  tensor(0.5704, device='cuda:0', grad_fn=<DivBackward0>)
Memory status after this epoch: 
Memory allocated:  135.9453125
Memory cached:  344.0
	 epoch  50 training error:  tensor(0.5573, device='cuda:0', grad_fn=<DivBackward0>)
Memory status after this epoch: 
Memory allocated:  135.9453125
Memory cached:  340.0
	 epoch  60 training error:  tensor(0.4267, device='cuda:0', grad_fn=<DivBackward0>)
Memory status after this epoch: 
Memory allocated:  135.9453125
Memory cached:  340.0
	 epoch  70 training error:  tensor(0.4308, device='cuda:0', grad_fn=<DivBackward0>)
Memory status after this epoch: 
Memory allocated:  135.9453125
Memory cached:  336.0
	 epoch  80 training error:  tensor(0.5512, device='cuda:0', grad_fn=<DivBackward0>)
Memory status after this epoch: 
Memory allocated:  135.9453125
Memory cached:  342.0
	 epoch  90 training error:  tensor(0.3780, device='cuda:0', grad_fn=<DivBackward0>)
Memory status after this epoch: 
Memory allocated:  135.9453125
Memory cached:  344.0
[I 2023-12-07 03:10:41,968] Trial 87 finished with value: 0.19893760979175568 and parameters: {'W_layers': 2, 'W_layer_units_exponent_0': 8, 'W_layer_units_exponent_1': 6, 'D_layers': 5, 'D_layer_units_exponent_0': 9, 'D_layer_units_exponent_1': 10, 'D_layer_units_exponent_2': 4, 'D_layer_units_exponent_3': 5, 'D_layer_units_exponent_4': 6, 'D_dagger_layers': 2, 'D_dagger_layer_units_exponent_0': 9, 'D_dagger_layer_units_exponent_1': 9, 'log_learning_rate': -4.862104167660078, 'log_learning_rate_D': -3.4874514700298977, 'log_learning_rate_D_dagger': -2.2054046289282785, 'training_batch_size': 9, 'training_p': 5}. Best is trial 57 with value: 0.056275874376297.
Time for this trial:  150.24791598320007
Memory status after this trial: 
Memory allocated:  284.12451171875
Memory cached:  330.0
--------------------  Trial  88   --------------------
Start timing: 
Parameters: 
{'W_layers': 2, 'W_layer_units_exponent_0': 8, 'W_layer_units_exponent_1': 7, 'D_layers': 5, 'D_layer_units_exponent_0': 10, 'D_layer_units_exponent_1': 10, 'D_layer_units_exponent_2': 5, 'D_layer_units_exponent_3': 7, 'D_layer_units_exponent_4': 5, 'D_dagger_layers': 2, 'D_dagger_layer_units_exponent_0': 9, 'D_dagger_layer_units_exponent_1': 9, 'log_learning_rate': -4.656003166504668, 'log_learning_rate_D': -3.3184110847222317, 'log_learning_rate_D_dagger': -2.447977188295882, 'training_batch_size': 10, 'training_p': 6}
	 epoch  0 training error:  tensor(1.0274, device='cuda:0', grad_fn=<DivBackward0>)
Memory status after this epoch: 
Memory allocated:  144.546875
Memory cached:  320.0
	 epoch  10 training error:  tensor(0.9940, device='cuda:0', grad_fn=<DivBackward0>)
Memory status after this epoch: 
Memory allocated:  144.546875
Memory cached:  354.0
	 epoch  20 training error:  tensor(0.8683, device='cuda:0', grad_fn=<DivBackward0>)
Memory status after this epoch: 
Memory allocated:  144.546875
Memory cached:  360.0
	 epoch  30 training error:  tensor(0.8030, device='cuda:0', grad_fn=<DivBackward0>)
Memory status after this epoch: 
Memory allocated:  144.546875
Memory cached:  348.0
	 epoch  40 training error:  tensor(0.7332, device='cuda:0', grad_fn=<DivBackward0>)
Memory status after this epoch: 
Memory allocated:  144.546875
Memory cached:  354.0
	 epoch  50 training error:  tensor(0.6786, device='cuda:0', grad_fn=<DivBackward0>)
Memory status after this epoch: 
Memory allocated:  144.546875
Memory cached:  362.0
	 epoch  60 training error:  tensor(0.5845, device='cuda:0', grad_fn=<DivBackward0>)
Memory status after this epoch: 
Memory allocated:  144.546875
Memory cached:  352.0
	 epoch  70 training error:  tensor(0.5763, device='cuda:0', grad_fn=<DivBackward0>)
Memory status after this epoch: 
Memory allocated:  144.546875
Memory cached:  358.0
	 epoch  80 training error:  tensor(0.4045, device='cuda:0', grad_fn=<DivBackward0>)
Memory status after this epoch: 
Memory allocated:  144.546875
Memory cached:  362.0
	 epoch  90 training error:  tensor(0.7640, device='cuda:0', grad_fn=<DivBackward0>)
Memory status after this epoch: 
Memory allocated:  144.546875
Memory cached:  358.0
