[I 2024-01-26 07:56:33,848] Trial 304 finished with value: 0.16915792226791382 and parameters: {'W_layers': 7, 'W_layer_units_exponent_0': 7, 'W_layer_units_exponent_1': 7, 'W_layer_units_exponent_2': 5, 'W_layer_units_exponent_3': 4, 'W_layer_units_exponent_4': 10, 'W_layer_units_exponent_5': 10, 'W_layer_units_exponent_6': 10, 'D_layers': 5, 'D_layer_units_exponent_0': 4, 'D_layer_units_exponent_1': 6, 'D_layer_units_exponent_2': 5, 'D_layer_units_exponent_3': 4, 'D_layer_units_exponent_4': 6, 'D_dagger_layers': 5, 'D_dagger_layer_units_exponent_0': 9, 'D_dagger_layer_units_exponent_1': 10, 'D_dagger_layer_units_exponent_2': 9, 'D_dagger_layer_units_exponent_3': 6, 'D_dagger_layer_units_exponent_4': 5, 'log_learning_rate': -3.167558645017948, 'log_learning_rate_D': -2.0724678499860896, 'log_learning_rate_D_dagger': -3.285013295365536, 'training_batch_size': 9, 'training_p': 2}. Best is trial 303 with value: 0.1658184677362442.
Time for this trial:  25.299090147018433
Memory status after this trial: 
Memory allocated:  1221.34619140625
Memory cached:  1282.0
--------------------  Trial  305   --------------------
Start timing: 
Parameters: 
{'W_layers': 7, 'W_layer_units_exponent_0': 7, 'W_layer_units_exponent_1': 7, 'W_layer_units_exponent_2': 5, 'W_layer_units_exponent_3': 4, 'W_layer_units_exponent_4': 10, 'W_layer_units_exponent_5': 10, 'W_layer_units_exponent_6': 10, 'D_layers': 5, 'D_layer_units_exponent_0': 4, 'D_layer_units_exponent_1': 7, 'D_layer_units_exponent_2': 5, 'D_layer_units_exponent_3': 4, 'D_layer_units_exponent_4': 6, 'D_dagger_layers': 5, 'D_dagger_layer_units_exponent_0': 9, 'D_dagger_layer_units_exponent_1': 10, 'D_dagger_layer_units_exponent_2': 9, 'D_dagger_layer_units_exponent_3': 6, 'D_dagger_layer_units_exponent_4': 5, 'log_learning_rate': -3.27437183404588, 'log_learning_rate_D': -2.1703022734375508, 'log_learning_rate_D_dagger': -3.199869640887078, 'training_batch_size': 9, 'training_p': 2}
	 epoch  0 training error:  tensor(1.0333, device='cuda:0', grad_fn=<DivBackward0>)
Memory status after this epoch: 
Memory allocated:  662.03076171875
Memory cached:  802.0
	 epoch  10 training error:  tensor(0.2466, device='cuda:0', grad_fn=<DivBackward0>)
Memory status after this epoch: 
Memory allocated:  662.03076171875
Memory cached:  802.0
	 epoch  20 training error:  tensor(0.2265, device='cuda:0', grad_fn=<DivBackward0>)
Memory status after this epoch: 
Memory allocated:  662.03076171875
Memory cached:  802.0
	 epoch  30 training error:  tensor(0.2088, device='cuda:0', grad_fn=<DivBackward0>)
Memory status after this epoch: 
Memory allocated:  662.03076171875
Memory cached:  802.0
	 epoch  40 training error:  tensor(0.2033, device='cuda:0', grad_fn=<DivBackward0>)
Memory status after this epoch: 
Memory allocated:  662.03076171875
Memory cached:  802.0
	 epoch  50 training error:  tensor(0.1891, device='cuda:0', grad_fn=<DivBackward0>)
Memory status after this epoch: 
Memory allocated:  662.03076171875
Memory cached:  802.0
	 epoch  60 training error:  tensor(0.1889, device='cuda:0', grad_fn=<DivBackward0>)
Memory status after this epoch: 
Memory allocated:  662.03076171875
Memory cached:  802.0
	 epoch  70 training error:  tensor(0.1872, device='cuda:0', grad_fn=<DivBackward0>)
Memory status after this epoch: 
Memory allocated:  662.03076171875
Memory cached:  802.0
	 epoch  80 training error:  tensor(0.1866, device='cuda:0', grad_fn=<DivBackward0>)
Memory status after this epoch: 
Memory allocated:  662.03076171875
Memory cached:  802.0
	 epoch  90 training error:  tensor(0.1894, device='cuda:0', grad_fn=<DivBackward0>)
Memory status after this epoch: 
Memory allocated:  662.03076171875
Memory cached:  802.0
[I 2024-01-26 07:56:59,710] Trial 305 finished with value: 0.16862955689430237 and parameters: {'W_layers': 7, 'W_layer_units_exponent_0': 7, 'W_layer_units_exponent_1': 7, 'W_layer_units_exponent_2': 5, 'W_layer_units_exponent_3': 4, 'W_layer_units_exponent_4': 10, 'W_layer_units_exponent_5': 10, 'W_layer_units_exponent_6': 10, 'D_layers': 5, 'D_layer_units_exponent_0': 4, 'D_layer_units_exponent_1': 7, 'D_layer_units_exponent_2': 5, 'D_layer_units_exponent_3': 4, 'D_layer_units_exponent_4': 6, 'D_dagger_layers': 5, 'D_dagger_layer_units_exponent_0': 9, 'D_dagger_layer_units_exponent_1': 10, 'D_dagger_layer_units_exponent_2': 9, 'D_dagger_layer_units_exponent_3': 6, 'D_dagger_layer_units_exponent_4': 5, 'log_learning_rate': -3.27437183404588, 'log_learning_rate_D': -2.1703022734375508, 'log_learning_rate_D_dagger': -3.199869640887078, 'training_batch_size': 9, 'training_p': 2}. Best is trial 303 with value: 0.1658184677362442.
Time for this trial:  25.38721537590027
Memory status after this trial: 
Memory allocated:  1222.61181640625
Memory cached:  1278.0
--------------------  Trial  306   --------------------
Start timing: 
Parameters: 
{'W_layers': 7, 'W_layer_units_exponent_0': 7, 'W_layer_units_exponent_1': 7, 'W_layer_units_exponent_2': 5, 'W_layer_units_exponent_3': 4, 'W_layer_units_exponent_4': 10, 'W_layer_units_exponent_5': 10, 'W_layer_units_exponent_6': 10, 'D_layers': 5, 'D_layer_units_exponent_0': 4, 'D_layer_units_exponent_1': 6, 'D_layer_units_exponent_2': 5, 'D_layer_units_exponent_3': 4, 'D_layer_units_exponent_4': 6, 'D_dagger_layers': 5, 'D_dagger_layer_units_exponent_0': 9, 'D_dagger_layer_units_exponent_1': 10, 'D_dagger_layer_units_exponent_2': 9, 'D_dagger_layer_units_exponent_3': 6, 'D_dagger_layer_units_exponent_4': 5, 'log_learning_rate': -3.291044274874656, 'log_learning_rate_D': -2.2818615165175955, 'log_learning_rate_D_dagger': -3.3099452445048443, 'training_batch_size': 9, 'training_p': 2}
	 epoch  0 training error:  tensor(0.9811, device='cuda:0', grad_fn=<DivBackward0>)
Memory status after this epoch: 
Memory allocated:  662.01904296875
Memory cached:  802.0
	 epoch  10 training error:  tensor(0.2288, device='cuda:0', grad_fn=<DivBackward0>)
Memory status after this epoch: 
Memory allocated:  662.01904296875
Memory cached:  802.0
	 epoch  20 training error:  tensor(0.2251, device='cuda:0', grad_fn=<DivBackward0>)
Memory status after this epoch: 
Memory allocated:  662.01904296875
Memory cached:  802.0
	 epoch  30 training error:  tensor(0.1904, device='cuda:0', grad_fn=<DivBackward0>)
Memory status after this epoch: 
Memory allocated:  662.01904296875
Memory cached:  802.0
	 epoch  40 training error:  tensor(0.1928, device='cuda:0', grad_fn=<DivBackward0>)
Memory status after this epoch: 
Memory allocated:  662.01904296875
Memory cached:  802.0
	 epoch  50 training error:  tensor(0.1878, device='cuda:0', grad_fn=<DivBackward0>)
Memory status after this epoch: 
Memory allocated:  662.01904296875
Memory cached:  802.0
	 epoch  60 training error:  tensor(0.2091, device='cuda:0', grad_fn=<DivBackward0>)
Memory status after this epoch: 
Memory allocated:  662.01904296875
Memory cached:  802.0
	 epoch  70 training error:  tensor(0.1898, device='cuda:0', grad_fn=<DivBackward0>)
Memory status after this epoch: 
Memory allocated:  662.01904296875
Memory cached:  802.0
	 epoch  80 training error:  tensor(0.1920, device='cuda:0', grad_fn=<DivBackward0>)
Memory status after this epoch: 
Memory allocated:  662.01904296875
Memory cached:  802.0
	 epoch  90 training error:  tensor(0.1916, device='cuda:0', grad_fn=<DivBackward0>)
Memory status after this epoch: 
Memory allocated:  662.01904296875
Memory cached:  802.0
[I 2024-01-26 07:57:25,905] Trial 306 finished with value: 0.17117781937122345 and parameters: {'W_layers': 7, 'W_layer_units_exponent_0': 7, 'W_layer_units_exponent_1': 7, 'W_layer_units_exponent_2': 5, 'W_layer_units_exponent_3': 4, 'W_layer_units_exponent_4': 10, 'W_layer_units_exponent_5': 10, 'W_layer_units_exponent_6': 10, 'D_layers': 5, 'D_layer_units_exponent_0': 4, 'D_layer_units_exponent_1': 6, 'D_layer_units_exponent_2': 5, 'D_layer_units_exponent_3': 4, 'D_layer_units_exponent_4': 6, 'D_dagger_layers': 5, 'D_dagger_layer_units_exponent_0': 9, 'D_dagger_layer_units_exponent_1': 10, 'D_dagger_layer_units_exponent_2': 9, 'D_dagger_layer_units_exponent_3': 6, 'D_dagger_layer_units_exponent_4': 5, 'log_learning_rate': -3.291044274874656, 'log_learning_rate_D': -2.2818615165175955, 'log_learning_rate_D_dagger': -3.3099452445048443, 'training_batch_size': 9, 'training_p': 2}. Best is trial 303 with value: 0.1658184677362442.
Time for this trial:  25.761314392089844
Memory status after this trial: 
Memory allocated:  1222.61181640625
Memory cached:  1278.0
--------------------  Trial  307   --------------------
Start timing: 
Parameters: 
{'W_layers': 7, 'W_layer_units_exponent_0': 7, 'W_layer_units_exponent_1': 7, 'W_layer_units_exponent_2': 5, 'W_layer_units_exponent_3': 4, 'W_layer_units_exponent_4': 10, 'W_layer_units_exponent_5': 10, 'W_layer_units_exponent_6': 10, 'D_layers': 5, 'D_layer_units_exponent_0': 4, 'D_layer_units_exponent_1': 6, 'D_layer_units_exponent_2': 5, 'D_layer_units_exponent_3': 4, 'D_layer_units_exponent_4': 6, 'D_dagger_layers': 5, 'D_dagger_layer_units_exponent_0': 9, 'D_dagger_layer_units_exponent_1': 10, 'D_dagger_layer_units_exponent_2': 9, 'D_dagger_layer_units_exponent_3': 6, 'D_dagger_layer_units_exponent_4': 5, 'log_learning_rate': -3.0149202667634825, 'log_learning_rate_D': -2.056761970419354, 'log_learning_rate_D_dagger': -3.1320121268793684, 'training_batch_size': 9, 'training_p': 2}
	 epoch  0 training error:  tensor(1.0211, device='cuda:0', grad_fn=<DivBackward0>)
Memory status after this epoch: 
Memory allocated:  662.01904296875
Memory cached:  802.0
	 epoch  10 training error:  tensor(0.2944, device='cuda:0', grad_fn=<DivBackward0>)
Memory status after this epoch: 
Memory allocated:  662.01904296875
Memory cached:  802.0
	 epoch  20 training error:  tensor(0.2372, device='cuda:0', grad_fn=<DivBackward0>)
Memory status after this epoch: 
Memory allocated:  662.01904296875
Memory cached:  802.0
	 epoch  30 training error:  tensor(0.2066, device='cuda:0', grad_fn=<DivBackward0>)
Memory status after this epoch: 
Memory allocated:  662.01904296875
Memory cached:  802.0
	 epoch  40 training error:  tensor(0.1914, device='cuda:0', grad_fn=<DivBackward0>)
Memory status after this epoch: 
Memory allocated:  662.01904296875
Memory cached:  802.0
	 epoch  50 training error:  tensor(0.1885, device='cuda:0', grad_fn=<DivBackward0>)
Memory status after this epoch: 
Memory allocated:  662.01904296875
Memory cached:  802.0
	 epoch  60 training error:  tensor(0.1910, device='cuda:0', grad_fn=<DivBackward0>)
Memory status after this epoch: 
Memory allocated:  662.01904296875
Memory cached:  802.0
	 epoch  70 training error:  tensor(0.1879, device='cuda:0', grad_fn=<DivBackward0>)
Memory status after this epoch: 
Memory allocated:  662.01904296875
Memory cached:  802.0
	 epoch  80 training error:  tensor(0.1908, device='cuda:0', grad_fn=<DivBackward0>)
Memory status after this epoch: 
Memory allocated:  662.01904296875
Memory cached:  802.0
	 epoch  90 training error:  tensor(0.1889, device='cuda:0', grad_fn=<DivBackward0>)
Memory status after this epoch: 
Memory allocated:  662.01904296875
Memory cached:  802.0
[I 2024-01-26 07:57:51,946] Trial 307 finished with value: 0.17157725989818573 and parameters: {'W_layers': 7, 'W_layer_units_exponent_0': 7, 'W_layer_units_exponent_1': 7, 'W_layer_units_exponent_2': 5, 'W_layer_units_exponent_3': 4, 'W_layer_units_exponent_4': 10, 'W_layer_units_exponent_5': 10, 'W_layer_units_exponent_6': 10, 'D_layers': 5, 'D_layer_units_exponent_0': 4, 'D_layer_units_exponent_1': 6, 'D_layer_units_exponent_2': 5, 'D_layer_units_exponent_3': 4, 'D_layer_units_exponent_4': 6, 'D_dagger_layers': 5, 'D_dagger_layer_units_exponent_0': 9, 'D_dagger_layer_units_exponent_1': 10, 'D_dagger_layer_units_exponent_2': 9, 'D_dagger_layer_units_exponent_3': 6, 'D_dagger_layer_units_exponent_4': 5, 'log_learning_rate': -3.0149202667634825, 'log_learning_rate_D': -2.056761970419354, 'log_learning_rate_D_dagger': -3.1320121268793684, 'training_batch_size': 9, 'training_p': 2}. Best is trial 303 with value: 0.1658184677362442.
Time for this trial:  25.55270028114319
Memory status after this trial: 
Memory allocated:  1222.61181640625
Memory cached:  1278.0
--------------------  Trial  308   --------------------
Start timing: 
Parameters: 
{'W_layers': 7, 'W_layer_units_exponent_0': 7, 'W_layer_units_exponent_1': 7, 'W_layer_units_exponent_2': 5, 'W_layer_units_exponent_3': 4, 'W_layer_units_exponent_4': 10, 'W_layer_units_exponent_5': 10, 'W_layer_units_exponent_6': 10, 'D_layers': 5, 'D_layer_units_exponent_0': 4, 'D_layer_units_exponent_1': 6, 'D_layer_units_exponent_2': 5, 'D_layer_units_exponent_3': 4, 'D_layer_units_exponent_4': 6, 'D_dagger_layers': 5, 'D_dagger_layer_units_exponent_0': 9, 'D_dagger_layer_units_exponent_1': 10, 'D_dagger_layer_units_exponent_2': 9, 'D_dagger_layer_units_exponent_3': 6, 'D_dagger_layer_units_exponent_4': 5, 'log_learning_rate': -3.0789159184496895, 'log_learning_rate_D': -2.1454436423404397, 'log_learning_rate_D_dagger': -3.220602868833674, 'training_batch_size': 9, 'training_p': 2}
	 epoch  0 training error:  tensor(1.0271, device='cuda:0', grad_fn=<DivBackward0>)
Memory status after this epoch: 
Memory allocated:  662.01904296875
Memory cached:  802.0
	 epoch  10 training error:  tensor(0.3542, device='cuda:0', grad_fn=<DivBackward0>)
Memory status after this epoch: 
Memory allocated:  662.01904296875
Memory cached:  802.0
	 epoch  20 training error:  tensor(0.2952, device='cuda:0', grad_fn=<DivBackward0>)
Memory status after this epoch: 
Memory allocated:  662.01904296875
Memory cached:  802.0
	 epoch  30 training error:  tensor(0.2079, device='cuda:0', grad_fn=<DivBackward0>)
Memory status after this epoch: 
Memory allocated:  662.01904296875
Memory cached:  802.0
	 epoch  40 training error:  tensor(0.1942, device='cuda:0', grad_fn=<DivBackward0>)
Memory status after this epoch: 
Memory allocated:  662.01904296875
Memory cached:  802.0
	 epoch  50 training error:  tensor(0.1932, device='cuda:0', grad_fn=<DivBackward0>)
Memory status after this epoch: 
Memory allocated:  662.01904296875
Memory cached:  802.0
	 epoch  60 training error:  tensor(0.1911, device='cuda:0', grad_fn=<DivBackward0>)
Memory status after this epoch: 
Memory allocated:  662.01904296875
Memory cached:  802.0
	 epoch  70 training error:  tensor(0.1863, device='cuda:0', grad_fn=<DivBackward0>)
Memory status after this epoch: 
Memory allocated:  662.01904296875
Memory cached:  802.0
	 epoch  80 training error:  tensor(0.1860, device='cuda:0', grad_fn=<DivBackward0>)
Memory status after this epoch: 
Memory allocated:  662.01904296875
Memory cached:  802.0
	 epoch  90 training error:  tensor(0.1858, device='cuda:0', grad_fn=<DivBackward0>)
Memory status after this epoch: 
Memory allocated:  662.01904296875
Memory cached:  802.0
[I 2024-01-26 07:58:17,903] Trial 308 finished with value: 0.16571281850337982 and parameters: {'W_layers': 7, 'W_layer_units_exponent_0': 7, 'W_layer_units_exponent_1': 7, 'W_layer_units_exponent_2': 5, 'W_layer_units_exponent_3': 4, 'W_layer_units_exponent_4': 10, 'W_layer_units_exponent_5': 10, 'W_layer_units_exponent_6': 10, 'D_layers': 5, 'D_layer_units_exponent_0': 4, 'D_layer_units_exponent_1': 6, 'D_layer_units_exponent_2': 5, 'D_layer_units_exponent_3': 4, 'D_layer_units_exponent_4': 6, 'D_dagger_layers': 5, 'D_dagger_layer_units_exponent_0': 9, 'D_dagger_layer_units_exponent_1': 10, 'D_dagger_layer_units_exponent_2': 9, 'D_dagger_layer_units_exponent_3': 6, 'D_dagger_layer_units_exponent_4': 5, 'log_learning_rate': -3.0789159184496895, 'log_learning_rate_D': -2.1454436423404397, 'log_learning_rate_D_dagger': -3.220602868833674, 'training_batch_size': 9, 'training_p': 2}. Best is trial 308 with value: 0.16571281850337982.
res:  tensor(0.1657, device='cuda:0', grad_fn=<DivBackward0>)
self.bestValue:  tensor(0.1658, device='cuda:0', grad_fn=<DivBackward0>)
Save this model!
Time for this trial:  25.516910314559937
Memory status after this trial: 
Memory allocated:  611.82666015625
Memory cached:  804.0
--------------------  Trial  309   --------------------
Start timing: 
Parameters: 
{'W_layers': 7, 'W_layer_units_exponent_0': 7, 'W_layer_units_exponent_1': 7, 'W_layer_units_exponent_2': 5, 'W_layer_units_exponent_3': 4, 'W_layer_units_exponent_4': 10, 'W_layer_units_exponent_5': 10, 'W_layer_units_exponent_6': 10, 'D_layers': 5, 'D_layer_units_exponent_0': 4, 'D_layer_units_exponent_1': 6, 'D_layer_units_exponent_2': 5, 'D_layer_units_exponent_3': 4, 'D_layer_units_exponent_4': 6, 'D_dagger_layers': 5, 'D_dagger_layer_units_exponent_0': 9, 'D_dagger_layer_units_exponent_1': 10, 'D_dagger_layer_units_exponent_2': 9, 'D_dagger_layer_units_exponent_3': 6, 'D_dagger_layer_units_exponent_4': 5, 'log_learning_rate': -2.99362629165156, 'log_learning_rate_D': -2.429015593928958, 'log_learning_rate_D_dagger': -3.201282366449756, 'training_batch_size': 9, 'training_p': 2}
	 epoch  0 training error:  tensor(1.0295, device='cuda:0', grad_fn=<DivBackward0>)
Memory status after this epoch: 
Memory allocated:  663.37841796875
Memory cached:  804.0
	 epoch  10 training error:  tensor(0.4726, device='cuda:0', grad_fn=<DivBackward0>)
Memory status after this epoch: 
Memory allocated:  663.37841796875
Memory cached:  804.0
	 epoch  20 training error:  tensor(0.2482, device='cuda:0', grad_fn=<DivBackward0>)
Memory status after this epoch: 
Memory allocated:  663.37841796875
Memory cached:  804.0
	 epoch  30 training error:  tensor(0.2194, device='cuda:0', grad_fn=<DivBackward0>)
Memory status after this epoch: 
Memory allocated:  663.37841796875
Memory cached:  804.0
	 epoch  40 training error:  tensor(0.1902, device='cuda:0', grad_fn=<DivBackward0>)
Memory status after this epoch: 
Memory allocated:  663.37841796875
Memory cached:  804.0
	 epoch  50 training error:  tensor(0.1932, device='cuda:0', grad_fn=<DivBackward0>)
Memory status after this epoch: 
Memory allocated:  663.37841796875
Memory cached:  804.0
	 epoch  60 training error:  tensor(0.1912, device='cuda:0', grad_fn=<DivBackward0>)
Memory status after this epoch: 
Memory allocated:  663.37841796875
Memory cached:  804.0
	 epoch  70 training error:  tensor(0.1897, device='cuda:0', grad_fn=<DivBackward0>)
Memory status after this epoch: 
Memory allocated:  663.37841796875
Memory cached:  804.0
	 epoch  80 training error:  tensor(0.1889, device='cuda:0', grad_fn=<DivBackward0>)
Memory status after this epoch: 
Memory allocated:  663.37841796875
Memory cached:  804.0
	 epoch  90 training error:  tensor(0.1886, device='cuda:0', grad_fn=<DivBackward0>)
Memory status after this epoch: 
Memory allocated:  663.37841796875
Memory cached:  804.0
