[I 2023-12-04 01:37:04,003] Trial 19 finished with value: 0.2697691321372986 and parameters: {'W_layers': 4, 'W_layer_units_exponent_0': 5, 'W_layer_units_exponent_1': 6, 'W_layer_units_exponent_2': 9, 'W_layer_units_exponent_3': 8, 'D_layers': 7, 'D_layer_units_exponent_0': 9, 'D_layer_units_exponent_1': 8, 'D_layer_units_exponent_2': 5, 'D_layer_units_exponent_3': 6, 'D_layer_units_exponent_4': 5, 'D_layer_units_exponent_5': 8, 'D_layer_units_exponent_6': 4, 'log_learning_rate': -4.683416379554625, 'log_learning_rate_D': -4.024150798592354, 'training_batch_size': 10, 'training_p': 3}. Best is trial 0 with value: 0.027389800176024437.
Time for this trial:  47.07539653778076
Memory status after this trial: 
Memory allocated:  137.8564453125
Memory cached:  158.0
--------------------  Trial  20   --------------------
Start timing: 
Parameters: 
{'W_layers': 7, 'W_layer_units_exponent_0': 8, 'W_layer_units_exponent_1': 9, 'W_layer_units_exponent_2': 7, 'W_layer_units_exponent_3': 9, 'W_layer_units_exponent_4': 8, 'W_layer_units_exponent_5': 8, 'W_layer_units_exponent_6': 4, 'D_layers': 3, 'D_layer_units_exponent_0': 7, 'D_layer_units_exponent_1': 9, 'D_layer_units_exponent_2': 6, 'log_learning_rate': -4.885129299281389, 'log_learning_rate_D': -3.3133987145912105, 'training_batch_size': 8, 'training_p': 5}
	 epoch  0 training error:  tensor(0.9848, device='cuda:0', grad_fn=<DivBackward0>)
Memory status after this epoch: 
Memory allocated:  97.560546875
Memory cached:  116.0
	 epoch  10 training error:  tensor(0.9682, device='cuda:0', grad_fn=<DivBackward0>)
Memory status after this epoch: 
Memory allocated:  97.560546875
Memory cached:  120.0
	 epoch  20 training error:  tensor(0.9317, device='cuda:0', grad_fn=<DivBackward0>)
Memory status after this epoch: 
Memory allocated:  97.560546875
Memory cached:  120.0
	 epoch  30 training error:  tensor(0.8458, device='cuda:0', grad_fn=<DivBackward0>)
Memory status after this epoch: 
Memory allocated:  97.560546875
Memory cached:  120.0
	 epoch  40 training error:  tensor(0.7239, device='cuda:0', grad_fn=<DivBackward0>)
Memory status after this epoch: 
Memory allocated:  97.560546875
Memory cached:  120.0
	 epoch  50 training error:  tensor(0.6547, device='cuda:0', grad_fn=<DivBackward0>)
Memory status after this epoch: 
Memory allocated:  97.560546875
Memory cached:  120.0
	 epoch  60 training error:  tensor(0.5976, device='cuda:0', grad_fn=<DivBackward0>)
Memory status after this epoch: 
Memory allocated:  97.560546875
Memory cached:  120.0
	 epoch  70 training error:  tensor(0.5455, device='cuda:0', grad_fn=<DivBackward0>)
Memory status after this epoch: 
Memory allocated:  97.560546875
Memory cached:  120.0
	 epoch  80 training error:  tensor(0.4979, device='cuda:0', grad_fn=<DivBackward0>)
Memory status after this epoch: 
Memory allocated:  97.560546875
Memory cached:  120.0
	 epoch  90 training error:  tensor(0.4549, device='cuda:0', grad_fn=<DivBackward0>)
Memory status after this epoch: 
Memory allocated:  97.560546875
Memory cached:  120.0
[I 2023-12-04 01:37:50,603] Trial 20 finished with value: 0.2770797908306122 and parameters: {'W_layers': 7, 'W_layer_units_exponent_0': 8, 'W_layer_units_exponent_1': 9, 'W_layer_units_exponent_2': 7, 'W_layer_units_exponent_3': 9, 'W_layer_units_exponent_4': 8, 'W_layer_units_exponent_5': 8, 'W_layer_units_exponent_6': 4, 'D_layers': 3, 'D_layer_units_exponent_0': 7, 'D_layer_units_exponent_1': 9, 'D_layer_units_exponent_2': 6, 'log_learning_rate': -4.885129299281389, 'log_learning_rate_D': -3.3133987145912105, 'training_batch_size': 8, 'training_p': 5}. Best is trial 0 with value: 0.027389800176024437.
Time for this trial:  46.434130907058716
Memory status after this trial: 
Memory allocated:  153.69873046875
Memory cached:  176.0
--------------------  Trial  21   --------------------
Start timing: 
Parameters: 
{'W_layers': 2, 'W_layer_units_exponent_0': 10, 'W_layer_units_exponent_1': 5, 'D_layers': 6, 'D_layer_units_exponent_0': 10, 'D_layer_units_exponent_1': 5, 'D_layer_units_exponent_2': 4, 'D_layer_units_exponent_3': 8, 'D_layer_units_exponent_4': 4, 'D_layer_units_exponent_5': 6, 'log_learning_rate': -4.157379310095664, 'log_learning_rate_D': -3.4837742367063766, 'training_batch_size': 6, 'training_p': 3}
	 epoch  0 training error:  tensor(1.0832, device='cuda:0', grad_fn=<DivBackward0>)
Memory status after this epoch: 
Memory allocated:  90.3779296875
Memory cached:  114.0
	 epoch  10 training error:  tensor(0.8068, device='cuda:0', grad_fn=<DivBackward0>)
Memory status after this epoch: 
Memory allocated:  90.3779296875
Memory cached:  116.0
	 epoch  20 training error:  tensor(0.4459, device='cuda:0', grad_fn=<DivBackward0>)
Memory status after this epoch: 
Memory allocated:  90.3779296875
Memory cached:  116.0
	 epoch  30 training error:  tensor(0.3396, device='cuda:0', grad_fn=<DivBackward0>)
Memory status after this epoch: 
Memory allocated:  90.3779296875
Memory cached:  116.0
	 epoch  40 training error:  tensor(0.2690, device='cuda:0', grad_fn=<DivBackward0>)
Memory status after this epoch: 
Memory allocated:  90.3779296875
Memory cached:  116.0
	 epoch  50 training error:  tensor(0.2148, device='cuda:0', grad_fn=<DivBackward0>)
Memory status after this epoch: 
Memory allocated:  90.3779296875
Memory cached:  116.0
	 epoch  60 training error:  tensor(0.1852, device='cuda:0', grad_fn=<DivBackward0>)
Memory status after this epoch: 
Memory allocated:  90.3779296875
Memory cached:  116.0
	 epoch  70 training error:  tensor(0.1709, device='cuda:0', grad_fn=<DivBackward0>)
Memory status after this epoch: 
Memory allocated:  90.3779296875
Memory cached:  116.0
	 epoch  80 training error:  tensor(0.1590, device='cuda:0', grad_fn=<DivBackward0>)
Memory status after this epoch: 
Memory allocated:  90.3779296875
Memory cached:  116.0
	 epoch  90 training error:  tensor(0.1474, device='cuda:0', grad_fn=<DivBackward0>)
Memory status after this epoch: 
Memory allocated:  90.3779296875
Memory cached:  116.0
[I 2023-12-04 01:38:55,773] Trial 21 finished with value: 0.12002182006835938 and parameters: {'W_layers': 2, 'W_layer_units_exponent_0': 10, 'W_layer_units_exponent_1': 5, 'D_layers': 6, 'D_layer_units_exponent_0': 10, 'D_layer_units_exponent_1': 5, 'D_layer_units_exponent_2': 4, 'D_layer_units_exponent_3': 8, 'D_layer_units_exponent_4': 4, 'D_layer_units_exponent_5': 6, 'log_learning_rate': -4.157379310095664, 'log_learning_rate_D': -3.4837742367063766, 'training_batch_size': 6, 'training_p': 3}. Best is trial 0 with value: 0.027389800176024437.
Time for this trial:  65.01146817207336
Memory status after this trial: 
Memory allocated:  146.001953125
Memory cached:  164.0
--------------------  Trial  22   --------------------
Start timing: 
Parameters: 
{'W_layers': 4, 'W_layer_units_exponent_0': 8, 'W_layer_units_exponent_1': 10, 'W_layer_units_exponent_2': 8, 'W_layer_units_exponent_3': 10, 'D_layers': 5, 'D_layer_units_exponent_0': 10, 'D_layer_units_exponent_1': 9, 'D_layer_units_exponent_2': 7, 'D_layer_units_exponent_3': 7, 'D_layer_units_exponent_4': 4, 'log_learning_rate': -3.58044449188362, 'log_learning_rate_D': -3.5240349241412505, 'training_batch_size': 7, 'training_p': 3}
	 epoch  0 training error:  tensor(0.9781, device='cuda:0', grad_fn=<DivBackward0>)
Memory status after this epoch: 
Memory allocated:  110.44921875
Memory cached:  122.0
	 epoch  10 training error:  tensor(0.1851, device='cuda:0', grad_fn=<DivBackward0>)
Memory status after this epoch: 
Memory allocated:  110.44921875
Memory cached:  126.0
	 epoch  20 training error:  tensor(0.1186, device='cuda:0', grad_fn=<DivBackward0>)
Memory status after this epoch: 
Memory allocated:  110.44921875
Memory cached:  126.0
	 epoch  30 training error:  tensor(0.1148, device='cuda:0', grad_fn=<DivBackward0>)
Memory status after this epoch: 
Memory allocated:  110.44921875
Memory cached:  126.0
	 epoch  40 training error:  tensor(0.1083, device='cuda:0', grad_fn=<DivBackward0>)
Memory status after this epoch: 
Memory allocated:  110.44921875
Memory cached:  126.0
	 epoch  50 training error:  tensor(0.0852, device='cuda:0', grad_fn=<DivBackward0>)
Memory status after this epoch: 
Memory allocated:  110.44921875
Memory cached:  126.0
	 epoch  60 training error:  tensor(0.0747, device='cuda:0', grad_fn=<DivBackward0>)
Memory status after this epoch: 
Memory allocated:  110.44921875
Memory cached:  126.0
	 epoch  70 training error:  tensor(0.0542, device='cuda:0', grad_fn=<DivBackward0>)
Memory status after this epoch: 
Memory allocated:  110.44921875
Memory cached:  126.0
	 epoch  80 training error:  tensor(0.0348, device='cuda:0', grad_fn=<DivBackward0>)
Memory status after this epoch: 
Memory allocated:  110.44921875
Memory cached:  126.0
	 epoch  90 training error:  tensor(0.0849, device='cuda:0', grad_fn=<DivBackward0>)
Memory status after this epoch: 
Memory allocated:  110.44921875
Memory cached:  126.0
[I 2023-12-04 01:39:42,945] Trial 22 finished with value: 0.05385564640164375 and parameters: {'W_layers': 4, 'W_layer_units_exponent_0': 8, 'W_layer_units_exponent_1': 10, 'W_layer_units_exponent_2': 8, 'W_layer_units_exponent_3': 10, 'D_layers': 5, 'D_layer_units_exponent_0': 10, 'D_layer_units_exponent_1': 9, 'D_layer_units_exponent_2': 7, 'D_layer_units_exponent_3': 7, 'D_layer_units_exponent_4': 4, 'log_learning_rate': -3.58044449188362, 'log_learning_rate_D': -3.5240349241412505, 'training_batch_size': 7, 'training_p': 3}. Best is trial 0 with value: 0.027389800176024437.
Time for this trial:  46.99409365653992
Memory status after this trial: 
Memory allocated:  199.4404296875
Memory cached:  218.0
--------------------  Trial  23   --------------------
Start timing: 
Parameters: 
{'W_layers': 5, 'W_layer_units_exponent_0': 9, 'W_layer_units_exponent_1': 10, 'W_layer_units_exponent_2': 8, 'W_layer_units_exponent_3': 10, 'W_layer_units_exponent_4': 4, 'D_layers': 6, 'D_layer_units_exponent_0': 9, 'D_layer_units_exponent_1': 9, 'D_layer_units_exponent_2': 8, 'D_layer_units_exponent_3': 5, 'D_layer_units_exponent_4': 4, 'D_layer_units_exponent_5': 4, 'log_learning_rate': -3.8965994209597126, 'log_learning_rate_D': -2.9776690997797006, 'training_batch_size': 7, 'training_p': 2}
	 epoch  0 training error:  tensor(0.9607, device='cuda:0', grad_fn=<DivBackward0>)
Memory status after this epoch: 
Memory allocated:  111.50390625
Memory cached:  124.0
	 epoch  10 training error:  tensor(0.3734, device='cuda:0', grad_fn=<DivBackward0>)
Memory status after this epoch: 
Memory allocated:  111.50390625
Memory cached:  128.0
	 epoch  20 training error:  tensor(0.1685, device='cuda:0', grad_fn=<DivBackward0>)
Memory status after this epoch: 
Memory allocated:  111.50390625
Memory cached:  128.0
	 epoch  30 training error:  tensor(0.1508, device='cuda:0', grad_fn=<DivBackward0>)
Memory status after this epoch: 
Memory allocated:  111.50390625
Memory cached:  128.0
	 epoch  40 training error:  tensor(0.1268, device='cuda:0', grad_fn=<DivBackward0>)
Memory status after this epoch: 
Memory allocated:  111.50390625
Memory cached:  128.0
	 epoch  50 training error:  tensor(0.1202, device='cuda:0', grad_fn=<DivBackward0>)
Memory status after this epoch: 
Memory allocated:  111.50390625
Memory cached:  128.0
	 epoch  60 training error:  tensor(0.1125, device='cuda:0', grad_fn=<DivBackward0>)
Memory status after this epoch: 
Memory allocated:  111.50390625
Memory cached:  128.0
	 epoch  70 training error:  tensor(0.1061, device='cuda:0', grad_fn=<DivBackward0>)
Memory status after this epoch: 
Memory allocated:  111.50390625
Memory cached:  128.0
	 epoch  80 training error:  tensor(0.1006, device='cuda:0', grad_fn=<DivBackward0>)
Memory status after this epoch: 
Memory allocated:  111.50390625
Memory cached:  128.0
	 epoch  90 training error:  tensor(0.0950, device='cuda:0', grad_fn=<DivBackward0>)
Memory status after this epoch: 
Memory allocated:  111.50390625
Memory cached:  128.0
[I 2023-12-04 01:40:33,113] Trial 23 finished with value: 0.09472399204969406 and parameters: {'W_layers': 5, 'W_layer_units_exponent_0': 9, 'W_layer_units_exponent_1': 10, 'W_layer_units_exponent_2': 8, 'W_layer_units_exponent_3': 10, 'W_layer_units_exponent_4': 4, 'D_layers': 6, 'D_layer_units_exponent_0': 9, 'D_layer_units_exponent_1': 9, 'D_layer_units_exponent_2': 8, 'D_layer_units_exponent_3': 5, 'D_layer_units_exponent_4': 4, 'D_layer_units_exponent_5': 4, 'log_learning_rate': -3.8965994209597126, 'log_learning_rate_D': -2.9776690997797006, 'training_batch_size': 7, 'training_p': 2}. Best is trial 0 with value: 0.027389800176024437.
Time for this trial:  49.98740482330322
Memory status after this trial: 
Memory allocated:  195.8251953125
Memory cached:  212.0
--------------------  Trial  24   --------------------
Start timing: 
Parameters: 
{'W_layers': 3, 'W_layer_units_exponent_0': 7, 'W_layer_units_exponent_1': 9, 'W_layer_units_exponent_2': 9, 'D_layers': 4, 'D_layer_units_exponent_0': 10, 'D_layer_units_exponent_1': 8, 'D_layer_units_exponent_2': 7, 'D_layer_units_exponent_3': 9, 'log_learning_rate': -3.2447155507165526, 'log_learning_rate_D': -4.240046069047027, 'training_batch_size': 8, 'training_p': 3}
	 epoch  0 training error:  tensor(0.9860, device='cuda:0', grad_fn=<DivBackward0>)
Memory status after this epoch: 
Memory allocated:  99.6796875
Memory cached:  118.0
	 epoch  10 training error:  tensor(0.1492, device='cuda:0', grad_fn=<DivBackward0>)
Memory status after this epoch: 
Memory allocated:  99.6796875
Memory cached:  120.0
	 epoch  20 training error:  tensor(0.1472, device='cuda:0', grad_fn=<DivBackward0>)
Memory status after this epoch: 
Memory allocated:  99.6796875
Memory cached:  120.0
	 epoch  30 training error:  tensor(0.1284, device='cuda:0', grad_fn=<DivBackward0>)
Memory status after this epoch: 
Memory allocated:  99.6796875
Memory cached:  120.0
	 epoch  40 training error:  tensor(0.1138, device='cuda:0', grad_fn=<DivBackward0>)
Memory status after this epoch: 
Memory allocated:  99.6796875
Memory cached:  120.0
	 epoch  50 training error:  tensor(0.0981, device='cuda:0', grad_fn=<DivBackward0>)
Memory status after this epoch: 
Memory allocated:  99.6796875
Memory cached:  120.0
	 epoch  60 training error:  tensor(0.0831, device='cuda:0', grad_fn=<DivBackward0>)
Memory status after this epoch: 
Memory allocated:  99.6796875
Memory cached:  120.0
	 epoch  70 training error:  tensor(0.0816, device='cuda:0', grad_fn=<DivBackward0>)
Memory status after this epoch: 
Memory allocated:  99.6796875
Memory cached:  120.0
	 epoch  80 training error:  tensor(0.0770, device='cuda:0', grad_fn=<DivBackward0>)
Memory status after this epoch: 
Memory allocated:  99.6796875
Memory cached:  120.0
	 epoch  90 training error:  tensor(0.0722, device='cuda:0', grad_fn=<DivBackward0>)
Memory status after this epoch: 
Memory allocated:  99.6796875
Memory cached:  120.0
[I 2023-12-04 01:41:14,520] Trial 24 finished with value: 0.06185202673077583 and parameters: {'W_layers': 3, 'W_layer_units_exponent_0': 7, 'W_layer_units_exponent_1': 9, 'W_layer_units_exponent_2': 9, 'D_layers': 4, 'D_layer_units_exponent_0': 10, 'D_layer_units_exponent_1': 8, 'D_layer_units_exponent_2': 7, 'D_layer_units_exponent_3': 9, 'log_learning_rate': -3.2447155507165526, 'log_learning_rate_D': -4.240046069047027, 'training_batch_size': 8, 'training_p': 3}. Best is trial 0 with value: 0.027389800176024437.
Time for this trial:  41.23696160316467
Memory status after this trial: 
Memory allocated:  164.29443359375
Memory cached:  186.0
--------------------  Trial  25   --------------------
Start timing: 
Parameters: 
{'W_layers': 4, 'W_layer_units_exponent_0': 8, 'W_layer_units_exponent_1': 10, 'W_layer_units_exponent_2': 8, 'W_layer_units_exponent_3': 9, 'D_layers': 6, 'D_layer_units_exponent_0': 8, 'D_layer_units_exponent_1': 10, 'D_layer_units_exponent_2': 7, 'D_layer_units_exponent_3': 7, 'D_layer_units_exponent_4': 6, 'D_layer_units_exponent_5': 5, 'log_learning_rate': -3.5937363656895593, 'log_learning_rate_D': -3.588813678405227, 'training_batch_size': 6, 'training_p': 6}
	 epoch  0 training error:  tensor(0.9893, device='cuda:0', grad_fn=<DivBackward0>)
Memory status after this epoch: 
Memory allocated:  105.4169921875
Memory cached:  128.0
	 epoch  10 training error:  tensor(0.2221, device='cuda:0', grad_fn=<DivBackward0>)
Memory status after this epoch: 
Memory allocated:  105.4169921875
Memory cached:  130.0
	 epoch  20 training error:  tensor(0.1510, device='cuda:0', grad_fn=<DivBackward0>)
Memory status after this epoch: 
Memory allocated:  105.4169921875
Memory cached:  130.0
	 epoch  30 training error:  tensor(0.1149, device='cuda:0', grad_fn=<DivBackward0>)
Memory status after this epoch: 
Memory allocated:  105.4169921875
Memory cached:  130.0
	 epoch  40 training error:  tensor(0.0549, device='cuda:0', grad_fn=<DivBackward0>)
Memory status after this epoch: 
Memory allocated:  105.4169921875
Memory cached:  130.0
	 epoch  50 training error:  tensor(0.0386, device='cuda:0', grad_fn=<DivBackward0>)
Memory status after this epoch: 
Memory allocated:  105.4169921875
Memory cached:  130.0
	 epoch  60 training error:  tensor(0.0283, device='cuda:0', grad_fn=<DivBackward0>)
Memory status after this epoch: 
Memory allocated:  105.4169921875
Memory cached:  130.0
	 epoch  70 training error:  tensor(0.0245, device='cuda:0', grad_fn=<DivBackward0>)
Memory status after this epoch: 
Memory allocated:  105.4169921875
Memory cached:  130.0
	 epoch  80 training error:  tensor(0.0294, device='cuda:0', grad_fn=<DivBackward0>)
Memory status after this epoch: 
Memory allocated:  105.4169921875
Memory cached:  130.0
	 epoch  90 training error:  tensor(0.0252, device='cuda:0', grad_fn=<DivBackward0>)
Memory status after this epoch: 
Memory allocated:  105.4169921875
Memory cached:  130.0
[I 2023-12-04 01:42:29,547] Trial 25 finished with value: 0.027072925120592117 and parameters: {'W_layers': 4, 'W_layer_units_exponent_0': 8, 'W_layer_units_exponent_1': 10, 'W_layer_units_exponent_2': 8, 'W_layer_units_exponent_3': 9, 'D_layers': 6, 'D_layer_units_exponent_0': 8, 'D_layer_units_exponent_1': 10, 'D_layer_units_exponent_2': 7, 'D_layer_units_exponent_3': 7, 'D_layer_units_exponent_4': 6, 'D_layer_units_exponent_5': 5, 'log_learning_rate': -3.5937363656895593, 'log_learning_rate_D': -3.588813678405227, 'training_batch_size': 6, 'training_p': 6}. Best is trial 25 with value: 0.027072925120592117.
res:  tensor(0.0271, device='cuda:0', grad_fn=<DivBackward0>)
self.bestValue:  tensor(0.0274, device='cuda:0', grad_fn=<DivBackward0>)
Save this model!
Time for this trial:  74.84158182144165
Memory status after this trial: 
Memory allocated:  92.3056640625
Memory cached:  178.0
--------------------  Trial  26   --------------------
Start timing: 
Parameters: 
{'W_layers': 5, 'W_layer_units_exponent_0': 9, 'W_layer_units_exponent_1': 9, 'W_layer_units_exponent_2': 10, 'W_layer_units_exponent_3': 7, 'W_layer_units_exponent_4': 8, 'D_layers': 8, 'D_layer_units_exponent_0': 8, 'D_layer_units_exponent_1': 10, 'D_layer_units_exponent_2': 6, 'D_layer_units_exponent_3': 6, 'D_layer_units_exponent_4': 6, 'D_layer_units_exponent_5': 6, 'D_layer_units_exponent_6': 10, 'D_layer_units_exponent_7': 10, 'log_learning_rate': -4.186926871449069, 'log_learning_rate_D': -3.7393274867146866, 'training_batch_size': 6, 'training_p': 6}
	 epoch  0 training error:  tensor(0.9927, device='cuda:0', grad_fn=<DivBackward0>)
Memory status after this epoch: 
Memory allocated:  129.34521484375
Memory cached:  222.0
	 epoch  10 training error:  tensor(0.4320, device='cuda:0', grad_fn=<DivBackward0>)
Memory status after this epoch: 
Memory allocated:  129.34521484375
Memory cached:  222.0
	 epoch  20 training error:  tensor(0.2360, device='cuda:0', grad_fn=<DivBackward0>)
Memory status after this epoch: 
Memory allocated:  129.34521484375
Memory cached:  222.0
	 epoch  30 training error:  tensor(0.2138, device='cuda:0', grad_fn=<DivBackward0>)
Memory status after this epoch: 
Memory allocated:  129.34521484375
Memory cached:  222.0
	 epoch  40 training error:  tensor(0.1982, device='cuda:0', grad_fn=<DivBackward0>)
Memory status after this epoch: 
Memory allocated:  129.34521484375
Memory cached:  222.0
	 epoch  50 training error:  tensor(0.1869, device='cuda:0', grad_fn=<DivBackward0>)
Memory status after this epoch: 
Memory allocated:  129.34521484375
Memory cached:  222.0
	 epoch  60 training error:  tensor(0.1748, device='cuda:0', grad_fn=<DivBackward0>)
Memory status after this epoch: 
Memory allocated:  129.34521484375
Memory cached:  222.0
	 epoch  70 training error:  tensor(0.1579, device='cuda:0', grad_fn=<DivBackward0>)
Memory status after this epoch: 
Memory allocated:  129.34521484375
Memory cached:  222.0
	 epoch  80 training error:  tensor(0.1574, device='cuda:0', grad_fn=<DivBackward0>)
Memory status after this epoch: 
Memory allocated:  129.34521484375
Memory cached:  222.0
	 epoch  90 training error:  tensor(0.1400, device='cuda:0', grad_fn=<DivBackward0>)
Memory status after this epoch: 
Memory allocated:  129.34521484375
Memory cached:  222.0
