[I 2024-03-02 06:04:04,001] Trial 41 finished with value: 0.04970167577266693 and parameters: {'W_layers': 4, 'W_layer_units_exponent_0': 5, 'W_layer_units_exponent_1': 10, 'W_layer_units_exponent_2': 6, 'W_layer_units_exponent_3': 7, 'D_layers': 5, 'D_layer_units_exponent_0': 10, 'D_layer_units_exponent_1': 8, 'D_layer_units_exponent_2': 10, 'D_layer_units_exponent_3': 10, 'D_layer_units_exponent_4': 10, 'D_dagger_layers': 6, 'D_dagger_layer_units_exponent_0': 8, 'D_dagger_layer_units_exponent_1': 9, 'D_dagger_layer_units_exponent_2': 7, 'D_dagger_layer_units_exponent_3': 6, 'D_dagger_layer_units_exponent_4': 4, 'D_dagger_layer_units_exponent_5': 8, 'log_learning_rate': -1.7151267860337793, 'log_learning_rate_D': -3.943899556759779, 'log_learning_rate_D_dagger': -3.3814667248943606, 'training_batch_size': 6, 'training_p': 6}. Best is trial 27 with value: 0.019390789791941643.
Time for this trial:  3391.011830329895
Memory status after this trial: 
Memory allocated:  3138.9599609375
Memory cached:  3176.0
--------------------  Trial  42   --------------------
Start timing: 
Parameters: 
{'W_layers': 4, 'W_layer_units_exponent_0': 5, 'W_layer_units_exponent_1': 10, 'W_layer_units_exponent_2': 7, 'W_layer_units_exponent_3': 6, 'D_layers': 5, 'D_layer_units_exponent_0': 10, 'D_layer_units_exponent_1': 9, 'D_layer_units_exponent_2': 10, 'D_layer_units_exponent_3': 10, 'D_layer_units_exponent_4': 10, 'D_dagger_layers': 6, 'D_dagger_layer_units_exponent_0': 7, 'D_dagger_layer_units_exponent_1': 9, 'D_dagger_layer_units_exponent_2': 7, 'D_dagger_layer_units_exponent_3': 6, 'D_dagger_layer_units_exponent_4': 4, 'D_dagger_layer_units_exponent_5': 7, 'log_learning_rate': -1.6940382311789484, 'log_learning_rate_D': -3.6354273907996664, 'log_learning_rate_D_dagger': -3.7248761032423063, 'training_batch_size': 6, 'training_p': 6}
	 epoch  0 training error:  tensor(5.0132, grad_fn=<ToCopyBackward0>)
Memory status after this epoch: 
Memory allocated:  1785.68603515625
Memory cached:  2756.0
	 epoch  10 training error:  tensor(0.3380, grad_fn=<ToCopyBackward0>)
Memory status after this epoch: 
Memory allocated:  1785.68603515625
Memory cached:  2756.0
	 epoch  20 training error:  tensor(0.3188, grad_fn=<ToCopyBackward0>)
Memory status after this epoch: 
Memory allocated:  1785.68603515625
Memory cached:  2756.0
	 epoch  30 training error:  tensor(0.1245, grad_fn=<ToCopyBackward0>)
Memory status after this epoch: 
Memory allocated:  1785.68603515625
Memory cached:  2756.0
	 epoch  40 training error:  tensor(0.0887, grad_fn=<ToCopyBackward0>)
Memory status after this epoch: 
Memory allocated:  1785.68603515625
Memory cached:  2756.0
	 epoch  50 training error:  tensor(0.0591, grad_fn=<ToCopyBackward0>)
Memory status after this epoch: 
Memory allocated:  1785.68603515625
Memory cached:  2756.0
	 epoch  60 training error:  tensor(0.0513, grad_fn=<ToCopyBackward0>)
Memory status after this epoch: 
Memory allocated:  1785.68603515625
Memory cached:  2756.0
	 epoch  70 training error:  tensor(0.0514, grad_fn=<ToCopyBackward0>)
Memory status after this epoch: 
Memory allocated:  1785.68603515625
Memory cached:  2756.0
	 epoch  80 training error:  tensor(0.0536, grad_fn=<ToCopyBackward0>)
Memory status after this epoch: 
Memory allocated:  1785.68603515625
Memory cached:  2756.0
	 epoch  90 training error:  tensor(0.0578, grad_fn=<ToCopyBackward0>)
Memory status after this epoch: 
Memory allocated:  1785.68603515625
Memory cached:  2756.0
[I 2024-03-02 07:00:29,748] Trial 42 finished with value: 0.02172061800956726 and parameters: {'W_layers': 4, 'W_layer_units_exponent_0': 5, 'W_layer_units_exponent_1': 10, 'W_layer_units_exponent_2': 7, 'W_layer_units_exponent_3': 6, 'D_layers': 5, 'D_layer_units_exponent_0': 10, 'D_layer_units_exponent_1': 9, 'D_layer_units_exponent_2': 10, 'D_layer_units_exponent_3': 10, 'D_layer_units_exponent_4': 10, 'D_dagger_layers': 6, 'D_dagger_layer_units_exponent_0': 7, 'D_dagger_layer_units_exponent_1': 9, 'D_dagger_layer_units_exponent_2': 7, 'D_dagger_layer_units_exponent_3': 6, 'D_dagger_layer_units_exponent_4': 4, 'D_dagger_layer_units_exponent_5': 7, 'log_learning_rate': -1.6940382311789484, 'log_learning_rate_D': -3.6354273907996664, 'log_learning_rate_D_dagger': -3.7248761032423063, 'training_batch_size': 6, 'training_p': 6}. Best is trial 27 with value: 0.019390789791941643.
Time for this trial:  3384.908411502838
Memory status after this trial: 
Memory allocated:  3146.26318359375
Memory cached:  3174.0
--------------------  Trial  43   --------------------
Start timing: 
Parameters: 
{'W_layers': 4, 'W_layer_units_exponent_0': 4, 'W_layer_units_exponent_1': 10, 'W_layer_units_exponent_2': 7, 'W_layer_units_exponent_3': 6, 'D_layers': 4, 'D_layer_units_exponent_0': 9, 'D_layer_units_exponent_1': 9, 'D_layer_units_exponent_2': 9, 'D_layer_units_exponent_3': 10, 'D_dagger_layers': 7, 'D_dagger_layer_units_exponent_0': 7, 'D_dagger_layer_units_exponent_1': 8, 'D_dagger_layer_units_exponent_2': 7, 'D_dagger_layer_units_exponent_3': 7, 'D_dagger_layer_units_exponent_4': 4, 'D_dagger_layer_units_exponent_5': 6, 'D_dagger_layer_units_exponent_6': 4, 'log_learning_rate': -1.094514901795593, 'log_learning_rate_D': -3.564261947289918, 'log_learning_rate_D_dagger': -3.742981642600348, 'training_batch_size': 6, 'training_p': 6}
	 epoch  0 training error:  tensor(156.0055, grad_fn=<ToCopyBackward0>)
Memory status after this epoch: 
Memory allocated:  1744.24951171875
Memory cached:  2696.0
	 epoch  10 training error:  tensor(0.4108, grad_fn=<ToCopyBackward0>)
Memory status after this epoch: 
Memory allocated:  1744.24951171875
Memory cached:  2696.0
	 epoch  20 training error:  tensor(0.3417, grad_fn=<ToCopyBackward0>)
Memory status after this epoch: 
Memory allocated:  1744.24951171875
Memory cached:  2696.0
	 epoch  30 training error:  tensor(0.3274, grad_fn=<ToCopyBackward0>)
Memory status after this epoch: 
Memory allocated:  1744.24951171875
Memory cached:  2696.0
	 epoch  40 training error:  tensor(0.1973, grad_fn=<ToCopyBackward0>)
Memory status after this epoch: 
Memory allocated:  1744.24951171875
Memory cached:  2696.0
	 epoch  50 training error:  tensor(0.1346, grad_fn=<ToCopyBackward0>)
Memory status after this epoch: 
Memory allocated:  1744.24951171875
Memory cached:  2696.0
	 epoch  60 training error:  tensor(0.1027, grad_fn=<ToCopyBackward0>)
Memory status after this epoch: 
Memory allocated:  1744.24951171875
Memory cached:  2696.0
	 epoch  70 training error:  tensor(0.1532, grad_fn=<ToCopyBackward0>)
Memory status after this epoch: 
Memory allocated:  1744.24951171875
Memory cached:  2696.0
	 epoch  80 training error:  tensor(0.0862, grad_fn=<ToCopyBackward0>)
Memory status after this epoch: 
Memory allocated:  1744.24951171875
Memory cached:  2696.0
	 epoch  90 training error:  tensor(0.0712, grad_fn=<ToCopyBackward0>)
Memory status after this epoch: 
Memory allocated:  1744.24951171875
Memory cached:  2696.0
[I 2024-03-02 07:55:54,233] Trial 43 finished with value: 0.05217823013663292 and parameters: {'W_layers': 4, 'W_layer_units_exponent_0': 4, 'W_layer_units_exponent_1': 10, 'W_layer_units_exponent_2': 7, 'W_layer_units_exponent_3': 6, 'D_layers': 4, 'D_layer_units_exponent_0': 9, 'D_layer_units_exponent_1': 9, 'D_layer_units_exponent_2': 9, 'D_layer_units_exponent_3': 10, 'D_dagger_layers': 7, 'D_dagger_layer_units_exponent_0': 7, 'D_dagger_layer_units_exponent_1': 8, 'D_dagger_layer_units_exponent_2': 7, 'D_dagger_layer_units_exponent_3': 7, 'D_dagger_layer_units_exponent_4': 4, 'D_dagger_layer_units_exponent_5': 6, 'D_dagger_layer_units_exponent_6': 4, 'log_learning_rate': -1.094514901795593, 'log_learning_rate_D': -3.564261947289918, 'log_learning_rate_D_dagger': -3.742981642600348, 'training_batch_size': 6, 'training_p': 6}. Best is trial 27 with value: 0.019390789791941643.
Time for this trial:  3323.652185678482
Memory status after this trial: 
Memory allocated:  2653.5810546875
Memory cached:  2694.0
--------------------  Trial  44   --------------------
Start timing: 
Parameters: 
{'W_layers': 4, 'W_layer_units_exponent_0': 5, 'W_layer_units_exponent_1': 9, 'W_layer_units_exponent_2': 7, 'W_layer_units_exponent_3': 5, 'D_layers': 5, 'D_layer_units_exponent_0': 10, 'D_layer_units_exponent_1': 10, 'D_layer_units_exponent_2': 10, 'D_layer_units_exponent_3': 9, 'D_layer_units_exponent_4': 9, 'D_dagger_layers': 5, 'D_dagger_layer_units_exponent_0': 7, 'D_dagger_layer_units_exponent_1': 9, 'D_dagger_layer_units_exponent_2': 8, 'D_dagger_layer_units_exponent_3': 6, 'D_dagger_layer_units_exponent_4': 5, 'log_learning_rate': -2.124778853089042, 'log_learning_rate_D': -3.303922476580392, 'log_learning_rate_D_dagger': -4.288850686905695, 'training_batch_size': 7, 'training_p': 5}
	 epoch  0 training error:  tensor(1.5866, grad_fn=<ToCopyBackward0>)
Memory status after this epoch: 
Memory allocated:  1781.154296875
Memory cached:  2726.0
	 epoch  10 training error:  tensor(0.3628, grad_fn=<ToCopyBackward0>)
Memory status after this epoch: 
Memory allocated:  1781.154296875
Memory cached:  2722.0
	 epoch  20 training error:  tensor(0.3300, grad_fn=<ToCopyBackward0>)
Memory status after this epoch: 
Memory allocated:  1781.154296875
Memory cached:  2722.0
	 epoch  30 training error:  tensor(0.3218, grad_fn=<ToCopyBackward0>)
Memory status after this epoch: 
Memory allocated:  1781.154296875
Memory cached:  2724.0
	 epoch  40 training error:  tensor(0.3168, grad_fn=<ToCopyBackward0>)
Memory status after this epoch: 
Memory allocated:  1781.154296875
Memory cached:  2724.0
	 epoch  50 training error:  tensor(0.3119, grad_fn=<ToCopyBackward0>)
Memory status after this epoch: 
Memory allocated:  1781.154296875
Memory cached:  2726.0
	 epoch  60 training error:  tensor(0.2971, grad_fn=<ToCopyBackward0>)
Memory status after this epoch: 
Memory allocated:  1781.154296875
Memory cached:  2724.0
	 epoch  70 training error:  tensor(0.2803, grad_fn=<ToCopyBackward0>)
Memory status after this epoch: 
Memory allocated:  1781.154296875
Memory cached:  2722.0
	 epoch  80 training error:  tensor(0.2734, grad_fn=<ToCopyBackward0>)
Memory status after this epoch: 
Memory allocated:  1781.154296875
Memory cached:  2724.0
	 epoch  90 training error:  tensor(0.2641, grad_fn=<ToCopyBackward0>)
Memory status after this epoch: 
Memory allocated:  1781.154296875
Memory cached:  2726.0
[I 2024-03-02 08:23:37,666] Trial 44 finished with value: 0.15978765487670898 and parameters: {'W_layers': 4, 'W_layer_units_exponent_0': 5, 'W_layer_units_exponent_1': 9, 'W_layer_units_exponent_2': 7, 'W_layer_units_exponent_3': 5, 'D_layers': 5, 'D_layer_units_exponent_0': 10, 'D_layer_units_exponent_1': 10, 'D_layer_units_exponent_2': 10, 'D_layer_units_exponent_3': 9, 'D_layer_units_exponent_4': 9, 'D_dagger_layers': 5, 'D_dagger_layer_units_exponent_0': 7, 'D_dagger_layer_units_exponent_1': 9, 'D_dagger_layer_units_exponent_2': 8, 'D_dagger_layer_units_exponent_3': 6, 'D_dagger_layer_units_exponent_4': 5, 'log_learning_rate': -2.124778853089042, 'log_learning_rate_D': -3.303922476580392, 'log_learning_rate_D_dagger': -4.288850686905695, 'training_batch_size': 7, 'training_p': 5}. Best is trial 27 with value: 0.019390789791941643.
Time for this trial:  1662.5761795043945
Memory status after this trial: 
Memory allocated:  2943.25830078125
Memory cached:  2978.0
--------------------  Trial  45   --------------------
Start timing: 
Parameters: 
{'W_layers': 6, 'W_layer_units_exponent_0': 5, 'W_layer_units_exponent_1': 10, 'W_layer_units_exponent_2': 7, 'W_layer_units_exponent_3': 6, 'W_layer_units_exponent_4': 8, 'W_layer_units_exponent_5': 5, 'D_layers': 4, 'D_layer_units_exponent_0': 8, 'D_layer_units_exponent_1': 9, 'D_layer_units_exponent_2': 9, 'D_layer_units_exponent_3': 10, 'D_dagger_layers': 5, 'D_dagger_layer_units_exponent_0': 7, 'D_dagger_layer_units_exponent_1': 8, 'D_dagger_layer_units_exponent_2': 6, 'D_dagger_layer_units_exponent_3': 5, 'D_dagger_layer_units_exponent_4': 4, 'log_learning_rate': -2.3976174463495235, 'log_learning_rate_D': -3.6768583874900695, 'log_learning_rate_D_dagger': -3.0013985454186, 'training_batch_size': 6, 'training_p': 2}
	 epoch  0 training error:  tensor(0.9077, grad_fn=<ToCopyBackward0>)
Memory status after this epoch: 
Memory allocated:  1741.85302734375
Memory cached:  2676.0
	 epoch  10 training error:  tensor(0.1823, grad_fn=<ToCopyBackward0>)
Memory status after this epoch: 
Memory allocated:  1741.85302734375
Memory cached:  2696.0
	 epoch  20 training error:  tensor(0.1845, grad_fn=<ToCopyBackward0>)
Memory status after this epoch: 
Memory allocated:  1741.85302734375
Memory cached:  2696.0
	 epoch  30 training error:  tensor(0.1748, grad_fn=<ToCopyBackward0>)
Memory status after this epoch: 
Memory allocated:  1741.85302734375
Memory cached:  2696.0
	 epoch  40 training error:  tensor(0.1721, grad_fn=<ToCopyBackward0>)
Memory status after this epoch: 
Memory allocated:  1741.85302734375
Memory cached:  2696.0
	 epoch  50 training error:  tensor(0.1562, grad_fn=<ToCopyBackward0>)
Memory status after this epoch: 
Memory allocated:  1741.85302734375
Memory cached:  2696.0
	 epoch  60 training error:  tensor(0.0883, grad_fn=<ToCopyBackward0>)
Memory status after this epoch: 
Memory allocated:  1741.85302734375
Memory cached:  2696.0
	 epoch  70 training error:  tensor(0.0840, grad_fn=<ToCopyBackward0>)
Memory status after this epoch: 
Memory allocated:  1741.85302734375
Memory cached:  2696.0
	 epoch  80 training error:  tensor(0.0500, grad_fn=<ToCopyBackward0>)
Memory status after this epoch: 
Memory allocated:  1741.85302734375
Memory cached:  2696.0
	 epoch  90 training error:  tensor(0.0567, grad_fn=<ToCopyBackward0>)
Memory status after this epoch: 
Memory allocated:  1741.85302734375
Memory cached:  2696.0
[I 2024-03-02 09:19:00,406] Trial 45 finished with value: 0.04977912828326225 and parameters: {'W_layers': 6, 'W_layer_units_exponent_0': 5, 'W_layer_units_exponent_1': 10, 'W_layer_units_exponent_2': 7, 'W_layer_units_exponent_3': 6, 'W_layer_units_exponent_4': 8, 'W_layer_units_exponent_5': 5, 'D_layers': 4, 'D_layer_units_exponent_0': 8, 'D_layer_units_exponent_1': 9, 'D_layer_units_exponent_2': 9, 'D_layer_units_exponent_3': 10, 'D_dagger_layers': 5, 'D_dagger_layer_units_exponent_0': 7, 'D_dagger_layer_units_exponent_1': 8, 'D_dagger_layer_units_exponent_2': 6, 'D_dagger_layer_units_exponent_3': 5, 'D_dagger_layer_units_exponent_4': 4, 'log_learning_rate': -2.3976174463495235, 'log_learning_rate_D': -3.6768583874900695, 'log_learning_rate_D_dagger': -3.0013985454186, 'training_batch_size': 6, 'training_p': 2}. Best is trial 27 with value: 0.019390789791941643.
Time for this trial:  3321.8517487049103
Memory status after this trial: 
Memory allocated:  2613.61279296875
Memory cached:  2654.0
--------------------  Trial  46   --------------------
Start timing: 
Parameters: 
{'W_layers': 5, 'W_layer_units_exponent_0': 6, 'W_layer_units_exponent_1': 8, 'W_layer_units_exponent_2': 5, 'W_layer_units_exponent_3': 5, 'W_layer_units_exponent_4': 6, 'D_layers': 5, 'D_layer_units_exponent_0': 9, 'D_layer_units_exponent_1': 10, 'D_layer_units_exponent_2': 10, 'D_layer_units_exponent_3': 9, 'D_layer_units_exponent_4': 10, 'D_dagger_layers': 6, 'D_dagger_layer_units_exponent_0': 7, 'D_dagger_layer_units_exponent_1': 9, 'D_dagger_layer_units_exponent_2': 7, 'D_dagger_layer_units_exponent_3': 7, 'D_dagger_layer_units_exponent_4': 5, 'D_dagger_layer_units_exponent_5': 7, 'log_learning_rate': -1.712821234281597, 'log_learning_rate_D': -2.7997013418117054, 'log_learning_rate_D_dagger': -2.8340992991255542, 'training_batch_size': 6, 'training_p': 5}
	 epoch  0 training error:  tensor(1.4474, grad_fn=<ToCopyBackward0>)
Memory status after this epoch: 
Memory allocated:  1773.138671875
Memory cached:  2776.0
	 epoch  10 training error:  tensor(0.3397, grad_fn=<ToCopyBackward0>)
Memory status after this epoch: 
Memory allocated:  1773.138671875
Memory cached:  2776.0
	 epoch  20 training error:  tensor(0.3291, grad_fn=<ToCopyBackward0>)
Memory status after this epoch: 
Memory allocated:  1773.138671875
Memory cached:  2776.0
	 epoch  30 training error:  tensor(0.3147, grad_fn=<ToCopyBackward0>)
Memory status after this epoch: 
Memory allocated:  1773.138671875
Memory cached:  2776.0
	 epoch  40 training error:  tensor(0.3920, grad_fn=<ToCopyBackward0>)
Memory status after this epoch: 
Memory allocated:  1773.138671875
Memory cached:  2776.0
	 epoch  50 training error:  tensor(0.3130, grad_fn=<ToCopyBackward0>)
Memory status after this epoch: 
Memory allocated:  1773.138671875
Memory cached:  2776.0
	 epoch  60 training error:  tensor(0.3033, grad_fn=<ToCopyBackward0>)
Memory status after this epoch: 
Memory allocated:  1773.138671875
Memory cached:  2776.0
	 epoch  70 training error:  tensor(0.3155, grad_fn=<ToCopyBackward0>)
Memory status after this epoch: 
Memory allocated:  1773.138671875
Memory cached:  2776.0
	 epoch  80 training error:  tensor(0.1558, grad_fn=<ToCopyBackward0>)
Memory status after this epoch: 
Memory allocated:  1773.138671875
Memory cached:  2776.0
	 epoch  90 training error:  tensor(0.1098, grad_fn=<ToCopyBackward0>)
Memory status after this epoch: 
Memory allocated:  1773.138671875
Memory cached:  2776.0
[I 2024-03-02 10:18:29,233] Trial 46 finished with value: 0.07852157205343246 and parameters: {'W_layers': 5, 'W_layer_units_exponent_0': 6, 'W_layer_units_exponent_1': 8, 'W_layer_units_exponent_2': 5, 'W_layer_units_exponent_3': 5, 'W_layer_units_exponent_4': 6, 'D_layers': 5, 'D_layer_units_exponent_0': 9, 'D_layer_units_exponent_1': 10, 'D_layer_units_exponent_2': 10, 'D_layer_units_exponent_3': 9, 'D_layer_units_exponent_4': 10, 'D_dagger_layers': 6, 'D_dagger_layer_units_exponent_0': 7, 'D_dagger_layer_units_exponent_1': 9, 'D_dagger_layer_units_exponent_2': 7, 'D_dagger_layer_units_exponent_3': 7, 'D_dagger_layer_units_exponent_4': 5, 'D_dagger_layer_units_exponent_5': 7, 'log_learning_rate': -1.712821234281597, 'log_learning_rate_D': -2.7997013418117054, 'log_learning_rate_D_dagger': -2.8340992991255542, 'training_batch_size': 6, 'training_p': 5}. Best is trial 27 with value: 0.019390789791941643.
Time for this trial:  3567.9464399814606
Memory status after this trial: 
Memory allocated:  2881.6669921875
Memory cached:  2914.0
--------------------  Trial  47   --------------------
Start timing: 
Parameters: 
{'W_layers': 4, 'W_layer_units_exponent_0': 4, 'W_layer_units_exponent_1': 9, 'W_layer_units_exponent_2': 8, 'W_layer_units_exponent_3': 6, 'D_layers': 3, 'D_layer_units_exponent_0': 10, 'D_layer_units_exponent_1': 7, 'D_layer_units_exponent_2': 10, 'D_dagger_layers': 7, 'D_dagger_layer_units_exponent_0': 9, 'D_dagger_layer_units_exponent_1': 8, 'D_dagger_layer_units_exponent_2': 7, 'D_dagger_layer_units_exponent_3': 9, 'D_dagger_layer_units_exponent_4': 6, 'D_dagger_layer_units_exponent_5': 9, 'D_dagger_layer_units_exponent_6': 9, 'log_learning_rate': -1.4998572879498375, 'log_learning_rate_D': -4.190428469215456, 'log_learning_rate_D_dagger': -3.7418960950424904, 'training_batch_size': 8, 'training_p': 6}
	 epoch  0 training error:  tensor(16.1564, grad_fn=<ToCopyBackward0>)
Memory status after this epoch: 
Memory allocated:  1738.041015625
Memory cached:  2644.0
	 epoch  10 training error:  tensor(0.8486, grad_fn=<ToCopyBackward0>)
Memory status after this epoch: 
Memory allocated:  1738.041015625
Memory cached:  2646.0
	 epoch  20 training error:  tensor(0.5202, grad_fn=<ToCopyBackward0>)
Memory status after this epoch: 
Memory allocated:  1738.041015625
Memory cached:  2648.0
	 epoch  30 training error:  tensor(0.3546, grad_fn=<ToCopyBackward0>)
Memory status after this epoch: 
Memory allocated:  1738.041015625
Memory cached:  2646.0
	 epoch  40 training error:  tensor(0.3522, grad_fn=<ToCopyBackward0>)
Memory status after this epoch: 
Memory allocated:  1738.041015625
Memory cached:  2646.0
	 epoch  50 training error:  tensor(0.3475, grad_fn=<ToCopyBackward0>)
Memory status after this epoch: 
Memory allocated:  1738.041015625
Memory cached:  2650.0
	 epoch  60 training error:  tensor(0.3424, grad_fn=<ToCopyBackward0>)
Memory status after this epoch: 
Memory allocated:  1738.041015625
Memory cached:  2646.0
	 epoch  70 training error:  tensor(0.3384, grad_fn=<ToCopyBackward0>)
Memory status after this epoch: 
Memory allocated:  1738.041015625
Memory cached:  2646.0
	 epoch  80 training error:  tensor(0.3340, grad_fn=<ToCopyBackward0>)
Memory status after this epoch: 
Memory allocated:  1738.041015625
Memory cached:  2648.0
	 epoch  90 training error:  tensor(0.3350, grad_fn=<ToCopyBackward0>)
Memory status after this epoch: 
Memory allocated:  1738.041015625
Memory cached:  2648.0
