[I 2024-01-13 04:44:24,770] Trial 89 finished with value: 0.09427957236766815 and parameters: {'W_layers': 8, 'W_layer_units_exponent_0': 4, 'W_layer_units_exponent_1': 10, 'W_layer_units_exponent_2': 7, 'W_layer_units_exponent_3': 6, 'W_layer_units_exponent_4': 8, 'W_layer_units_exponent_5': 10, 'W_layer_units_exponent_6': 4, 'W_layer_units_exponent_7': 9, 'D_layers': 8, 'D_layer_units_exponent_0': 4, 'D_layer_units_exponent_1': 4, 'D_layer_units_exponent_2': 8, 'D_layer_units_exponent_3': 9, 'D_layer_units_exponent_4': 6, 'D_layer_units_exponent_5': 8, 'D_layer_units_exponent_6': 9, 'D_layer_units_exponent_7': 8, 'D_dagger_layers': 4, 'D_dagger_layer_units_exponent_0': 4, 'D_dagger_layer_units_exponent_1': 7, 'D_dagger_layer_units_exponent_2': 9, 'D_dagger_layer_units_exponent_3': 9, 'log_learning_rate': -2.5612188765280326, 'log_learning_rate_D': -3.9994797074428576, 'log_learning_rate_D_dagger': -4.018967820178063, 'training_batch_size': 6, 'training_p': 4}. Best is trial 49 with value: 0.07665807753801346.
Time for this trial:  634.5444049835205
Memory status after this trial: 
Memory allocated:  1413.212890625
Memory cached:  1456.0
--------------------  Trial  90   --------------------
Start timing: 
Parameters: 
{'W_layers': 7, 'W_layer_units_exponent_0': 5, 'W_layer_units_exponent_1': 8, 'W_layer_units_exponent_2': 6, 'W_layer_units_exponent_3': 7, 'W_layer_units_exponent_4': 5, 'W_layer_units_exponent_5': 10, 'W_layer_units_exponent_6': 5, 'D_layers': 6, 'D_layer_units_exponent_0': 10, 'D_layer_units_exponent_1': 5, 'D_layer_units_exponent_2': 6, 'D_layer_units_exponent_3': 10, 'D_layer_units_exponent_4': 7, 'D_layer_units_exponent_5': 9, 'D_dagger_layers': 7, 'D_dagger_layer_units_exponent_0': 5, 'D_dagger_layer_units_exponent_1': 8, 'D_dagger_layer_units_exponent_2': 5, 'D_dagger_layer_units_exponent_3': 10, 'D_dagger_layer_units_exponent_4': 5, 'D_dagger_layer_units_exponent_5': 9, 'D_dagger_layer_units_exponent_6': 9, 'log_learning_rate': -1.7947768661844412, 'log_learning_rate_D': -3.70275485398745, 'log_learning_rate_D_dagger': -4.91800421282689, 'training_batch_size': 7, 'training_p': 5}
	 epoch  0 training error:  tensor(1.9461, device='cuda:0', grad_fn=<DivBackward0>)
Memory status after this epoch: 
Memory allocated:  785.46484375
Memory cached:  1294.0
	 epoch  10 training error:  tensor(0.9958, device='cuda:0', grad_fn=<DivBackward0>)
Memory status after this epoch: 
Memory allocated:  785.46484375
Memory cached:  1306.0
	 epoch  20 training error:  tensor(0.6530, device='cuda:0', grad_fn=<DivBackward0>)
Memory status after this epoch: 
Memory allocated:  785.46484375
Memory cached:  1308.0
	 epoch  30 training error:  tensor(0.6327, device='cuda:0', grad_fn=<DivBackward0>)
Memory status after this epoch: 
Memory allocated:  785.46484375
Memory cached:  1306.0
	 epoch  40 training error:  tensor(0.5546, device='cuda:0', grad_fn=<DivBackward0>)
Memory status after this epoch: 
Memory allocated:  785.46484375
Memory cached:  1312.0
	 epoch  50 training error:  tensor(0.4468, device='cuda:0', grad_fn=<DivBackward0>)
Memory status after this epoch: 
Memory allocated:  785.46484375
Memory cached:  1306.0
	 epoch  60 training error:  tensor(0.2775, device='cuda:0', grad_fn=<DivBackward0>)
Memory status after this epoch: 
Memory allocated:  785.46484375
Memory cached:  1306.0
	 epoch  70 training error:  tensor(0.1969, device='cuda:0', grad_fn=<DivBackward0>)
Memory status after this epoch: 
Memory allocated:  785.46484375
Memory cached:  1308.0
	 epoch  80 training error:  tensor(0.1804, device='cuda:0', grad_fn=<DivBackward0>)
Memory status after this epoch: 
Memory allocated:  785.46484375
Memory cached:  1304.0
	 epoch  90 training error:  tensor(0.1722, device='cuda:0', grad_fn=<DivBackward0>)
Memory status after this epoch: 
Memory allocated:  785.46484375
Memory cached:  1302.0
[I 2024-01-13 04:52:27,701] Trial 90 finished with value: 0.1356295496225357 and parameters: {'W_layers': 7, 'W_layer_units_exponent_0': 5, 'W_layer_units_exponent_1': 8, 'W_layer_units_exponent_2': 6, 'W_layer_units_exponent_3': 7, 'W_layer_units_exponent_4': 5, 'W_layer_units_exponent_5': 10, 'W_layer_units_exponent_6': 5, 'D_layers': 6, 'D_layer_units_exponent_0': 10, 'D_layer_units_exponent_1': 5, 'D_layer_units_exponent_2': 6, 'D_layer_units_exponent_3': 10, 'D_layer_units_exponent_4': 7, 'D_layer_units_exponent_5': 9, 'D_dagger_layers': 7, 'D_dagger_layer_units_exponent_0': 5, 'D_dagger_layer_units_exponent_1': 8, 'D_dagger_layer_units_exponent_2': 5, 'D_dagger_layer_units_exponent_3': 10, 'D_dagger_layer_units_exponent_4': 5, 'D_dagger_layer_units_exponent_5': 9, 'D_dagger_layer_units_exponent_6': 9, 'log_learning_rate': -1.7947768661844412, 'log_learning_rate_D': -3.70275485398745, 'log_learning_rate_D_dagger': -4.91800421282689, 'training_batch_size': 7, 'training_p': 5}. Best is trial 49 with value: 0.07665807753801346.
Time for this trial:  482.3416266441345
Memory status after this trial: 
Memory allocated:  1482.1162109375
Memory cached:  1522.0
--------------------  Trial  91   --------------------
Start timing: 
Parameters: 
{'W_layers': 8, 'W_layer_units_exponent_0': 5, 'W_layer_units_exponent_1': 9, 'W_layer_units_exponent_2': 7, 'W_layer_units_exponent_3': 4, 'W_layer_units_exponent_4': 9, 'W_layer_units_exponent_5': 9, 'W_layer_units_exponent_6': 4, 'W_layer_units_exponent_7': 10, 'D_layers': 8, 'D_layer_units_exponent_0': 10, 'D_layer_units_exponent_1': 6, 'D_layer_units_exponent_2': 8, 'D_layer_units_exponent_3': 9, 'D_layer_units_exponent_4': 8, 'D_layer_units_exponent_5': 10, 'D_layer_units_exponent_6': 10, 'D_layer_units_exponent_7': 9, 'D_dagger_layers': 8, 'D_dagger_layer_units_exponent_0': 6, 'D_dagger_layer_units_exponent_1': 9, 'D_dagger_layer_units_exponent_2': 10, 'D_dagger_layer_units_exponent_3': 6, 'D_dagger_layer_units_exponent_4': 8, 'D_dagger_layer_units_exponent_5': 9, 'D_dagger_layer_units_exponent_6': 8, 'D_dagger_layer_units_exponent_7': 6, 'log_learning_rate': -2.4314044653387414, 'log_learning_rate_D': -4.525136840063426, 'log_learning_rate_D_dagger': -4.460597444894484, 'training_batch_size': 6, 'training_p': 6}
	 epoch  0 training error:  tensor(2.1006, device='cuda:0', grad_fn=<DivBackward0>)
Memory status after this epoch: 
Memory allocated:  827.0087890625
Memory cached:  1314.0
	 epoch  10 training error:  tensor(0.5877, device='cuda:0', grad_fn=<DivBackward0>)
Memory status after this epoch: 
Memory allocated:  827.0087890625
Memory cached:  1406.0
	 epoch  20 training error:  tensor(0.1902, device='cuda:0', grad_fn=<DivBackward0>)
Memory status after this epoch: 
Memory allocated:  827.0087890625
Memory cached:  1402.0
	 epoch  30 training error:  tensor(0.1695, device='cuda:0', grad_fn=<DivBackward0>)
Memory status after this epoch: 
Memory allocated:  827.0087890625
Memory cached:  1392.0
	 epoch  40 training error:  tensor(0.1550, device='cuda:0', grad_fn=<DivBackward0>)
Memory status after this epoch: 
Memory allocated:  827.0087890625
Memory cached:  1398.0
	 epoch  50 training error:  tensor(0.1424, device='cuda:0', grad_fn=<DivBackward0>)
Memory status after this epoch: 
Memory allocated:  827.0087890625
Memory cached:  1402.0
	 epoch  60 training error:  tensor(0.1287, device='cuda:0', grad_fn=<DivBackward0>)
Memory status after this epoch: 
Memory allocated:  827.0087890625
Memory cached:  1392.0
	 epoch  70 training error:  tensor(0.1250, device='cuda:0', grad_fn=<DivBackward0>)
Memory status after this epoch: 
Memory allocated:  827.0087890625
Memory cached:  1398.0
	 epoch  80 training error:  tensor(0.1167, device='cuda:0', grad_fn=<DivBackward0>)
Memory status after this epoch: 
Memory allocated:  827.0087890625
Memory cached:  1406.0
	 epoch  90 training error:  tensor(0.1180, device='cuda:0', grad_fn=<DivBackward0>)
Memory status after this epoch: 
Memory allocated:  827.0087890625
Memory cached:  1400.0
[I 2024-01-13 05:05:03,386] Trial 91 finished with value: 0.08933301270008087 and parameters: {'W_layers': 8, 'W_layer_units_exponent_0': 5, 'W_layer_units_exponent_1': 9, 'W_layer_units_exponent_2': 7, 'W_layer_units_exponent_3': 4, 'W_layer_units_exponent_4': 9, 'W_layer_units_exponent_5': 9, 'W_layer_units_exponent_6': 4, 'W_layer_units_exponent_7': 10, 'D_layers': 8, 'D_layer_units_exponent_0': 10, 'D_layer_units_exponent_1': 6, 'D_layer_units_exponent_2': 8, 'D_layer_units_exponent_3': 9, 'D_layer_units_exponent_4': 8, 'D_layer_units_exponent_5': 10, 'D_layer_units_exponent_6': 10, 'D_layer_units_exponent_7': 9, 'D_dagger_layers': 8, 'D_dagger_layer_units_exponent_0': 6, 'D_dagger_layer_units_exponent_1': 9, 'D_dagger_layer_units_exponent_2': 10, 'D_dagger_layer_units_exponent_3': 6, 'D_dagger_layer_units_exponent_4': 8, 'D_dagger_layer_units_exponent_5': 9, 'D_dagger_layer_units_exponent_6': 8, 'D_dagger_layer_units_exponent_7': 6, 'log_learning_rate': -2.4314044653387414, 'log_learning_rate_D': -4.525136840063426, 'log_learning_rate_D_dagger': -4.460597444894484, 'training_batch_size': 6, 'training_p': 6}. Best is trial 49 with value: 0.07665807753801346.
Time for this trial:  754.9583756923676
Memory status after this trial: 
Memory allocated:  1858.318359375
Memory cached:  1886.0
--------------------  Trial  92   --------------------
Start timing: 
Parameters: 
{'W_layers': 8, 'W_layer_units_exponent_0': 6, 'W_layer_units_exponent_1': 10, 'W_layer_units_exponent_2': 9, 'W_layer_units_exponent_3': 5, 'W_layer_units_exponent_4': 9, 'W_layer_units_exponent_5': 10, 'W_layer_units_exponent_6': 5, 'W_layer_units_exponent_7': 8, 'D_layers': 8, 'D_layer_units_exponent_0': 10, 'D_layer_units_exponent_1': 6, 'D_layer_units_exponent_2': 8, 'D_layer_units_exponent_3': 9, 'D_layer_units_exponent_4': 8, 'D_layer_units_exponent_5': 10, 'D_layer_units_exponent_6': 9, 'D_layer_units_exponent_7': 9, 'D_dagger_layers': 6, 'D_dagger_layer_units_exponent_0': 9, 'D_dagger_layer_units_exponent_1': 9, 'D_dagger_layer_units_exponent_2': 10, 'D_dagger_layer_units_exponent_3': 6, 'D_dagger_layer_units_exponent_4': 9, 'D_dagger_layer_units_exponent_5': 8, 'log_learning_rate': -2.1925526214664686, 'log_learning_rate_D': -4.715391527069885, 'log_learning_rate_D_dagger': -4.3540674447877885, 'training_batch_size': 6, 'training_p': 2}
	 epoch  0 training error:  tensor(3.3184, device='cuda:0', grad_fn=<DivBackward0>)
Memory status after this epoch: 
Memory allocated:  828.8583984375
Memory cached:  1320.0
	 epoch  10 training error:  tensor(0.4025, device='cuda:0', grad_fn=<DivBackward0>)
Memory status after this epoch: 
Memory allocated:  828.8583984375
Memory cached:  1354.0
	 epoch  20 training error:  tensor(0.3436, device='cuda:0', grad_fn=<DivBackward0>)
Memory status after this epoch: 
Memory allocated:  828.8583984375
Memory cached:  1386.0
	 epoch  30 training error:  tensor(0.1384, device='cuda:0', grad_fn=<DivBackward0>)
Memory status after this epoch: 
Memory allocated:  828.8583984375
Memory cached:  1382.0
	 epoch  40 training error:  tensor(0.1076, device='cuda:0', grad_fn=<DivBackward0>)
Memory status after this epoch: 
Memory allocated:  828.8583984375
Memory cached:  1376.0
	 epoch  50 training error:  tensor(0.0872, device='cuda:0', grad_fn=<DivBackward0>)
Memory status after this epoch: 
Memory allocated:  828.8583984375
Memory cached:  1370.0
	 epoch  60 training error:  tensor(0.0844, device='cuda:0', grad_fn=<DivBackward0>)
Memory status after this epoch: 
Memory allocated:  828.8583984375
Memory cached:  1376.0
	 epoch  70 training error:  tensor(0.0859, device='cuda:0', grad_fn=<DivBackward0>)
Memory status after this epoch: 
Memory allocated:  828.8583984375
Memory cached:  1370.0
	 epoch  80 training error:  tensor(0.1702, device='cuda:0', grad_fn=<DivBackward0>)
Memory status after this epoch: 
Memory allocated:  828.8583984375
Memory cached:  1382.0
	 epoch  90 training error:  tensor(0.6697, device='cuda:0', grad_fn=<DivBackward0>)
Memory status after this epoch: 
Memory allocated:  828.8583984375
Memory cached:  1376.0
[I 2024-01-13 05:16:57,959] Trial 92 finished with value: 0.08800836652517319 and parameters: {'W_layers': 8, 'W_layer_units_exponent_0': 6, 'W_layer_units_exponent_1': 10, 'W_layer_units_exponent_2': 9, 'W_layer_units_exponent_3': 5, 'W_layer_units_exponent_4': 9, 'W_layer_units_exponent_5': 10, 'W_layer_units_exponent_6': 5, 'W_layer_units_exponent_7': 8, 'D_layers': 8, 'D_layer_units_exponent_0': 10, 'D_layer_units_exponent_1': 6, 'D_layer_units_exponent_2': 8, 'D_layer_units_exponent_3': 9, 'D_layer_units_exponent_4': 8, 'D_layer_units_exponent_5': 10, 'D_layer_units_exponent_6': 9, 'D_layer_units_exponent_7': 9, 'D_dagger_layers': 6, 'D_dagger_layer_units_exponent_0': 9, 'D_dagger_layer_units_exponent_1': 9, 'D_dagger_layer_units_exponent_2': 10, 'D_dagger_layer_units_exponent_3': 6, 'D_dagger_layer_units_exponent_4': 9, 'D_dagger_layer_units_exponent_5': 8, 'log_learning_rate': -2.1925526214664686, 'log_learning_rate_D': -4.715391527069885, 'log_learning_rate_D_dagger': -4.3540674447877885, 'training_batch_size': 6, 'training_p': 2}. Best is trial 49 with value: 0.07665807753801346.
Time for this trial:  713.9639799594879
Memory status after this trial: 
Memory allocated:  1902.7587890625
Memory cached:  1934.0
--------------------  Trial  93   --------------------
Start timing: 
Parameters: 
{'W_layers': 7, 'W_layer_units_exponent_0': 5, 'W_layer_units_exponent_1': 9, 'W_layer_units_exponent_2': 7, 'W_layer_units_exponent_3': 8, 'W_layer_units_exponent_4': 9, 'W_layer_units_exponent_5': 9, 'W_layer_units_exponent_6': 6, 'D_layers': 8, 'D_layer_units_exponent_0': 10, 'D_layer_units_exponent_1': 6, 'D_layer_units_exponent_2': 8, 'D_layer_units_exponent_3': 7, 'D_layer_units_exponent_4': 9, 'D_layer_units_exponent_5': 10, 'D_layer_units_exponent_6': 10, 'D_layer_units_exponent_7': 7, 'D_dagger_layers': 8, 'D_dagger_layer_units_exponent_0': 8, 'D_dagger_layer_units_exponent_1': 9, 'D_dagger_layer_units_exponent_2': 9, 'D_dagger_layer_units_exponent_3': 7, 'D_dagger_layer_units_exponent_4': 9, 'D_dagger_layer_units_exponent_5': 9, 'D_dagger_layer_units_exponent_6': 7, 'D_dagger_layer_units_exponent_7': 4, 'log_learning_rate': -2.3231650224788947, 'log_learning_rate_D': -4.574302356562437, 'log_learning_rate_D_dagger': -4.591516213171441, 'training_batch_size': 6, 'training_p': 5}
	 epoch  0 training error:  tensor(1.9218, device='cuda:0', grad_fn=<DivBackward0>)
Memory status after this epoch: 
Memory allocated:  823.9697265625
Memory cached:  1314.0
	 epoch  10 training error:  tensor(0.5894, device='cuda:0', grad_fn=<DivBackward0>)
Memory status after this epoch: 
Memory allocated:  823.9697265625
Memory cached:  1354.0
	 epoch  20 training error:  tensor(0.2272, device='cuda:0', grad_fn=<DivBackward0>)
Memory status after this epoch: 
Memory allocated:  823.9697265625
Memory cached:  1356.0
	 epoch  30 training error:  tensor(0.1879, device='cuda:0', grad_fn=<DivBackward0>)
Memory status after this epoch: 
Memory allocated:  823.9697265625
Memory cached:  1354.0
	 epoch  40 training error:  tensor(0.1710, device='cuda:0', grad_fn=<DivBackward0>)
Memory status after this epoch: 
Memory allocated:  823.9697265625
Memory cached:  1350.0
	 epoch  50 training error:  tensor(0.1551, device='cuda:0', grad_fn=<DivBackward0>)
Memory status after this epoch: 
Memory allocated:  823.9697265625
Memory cached:  1354.0
	 epoch  60 training error:  tensor(0.1374, device='cuda:0', grad_fn=<DivBackward0>)
Memory status after this epoch: 
Memory allocated:  823.9697265625
Memory cached:  1352.0
	 epoch  70 training error:  tensor(0.1204, device='cuda:0', grad_fn=<DivBackward0>)
Memory status after this epoch: 
Memory allocated:  823.9697265625
Memory cached:  1352.0
	 epoch  80 training error:  tensor(0.1171, device='cuda:0', grad_fn=<DivBackward0>)
Memory status after this epoch: 
Memory allocated:  823.9697265625
Memory cached:  1354.0
	 epoch  90 training error:  tensor(0.1188, device='cuda:0', grad_fn=<DivBackward0>)
Memory status after this epoch: 
Memory allocated:  823.9697265625
Memory cached:  1358.0
[I 2024-01-13 05:29:02,688] Trial 93 finished with value: 0.08838259428739548 and parameters: {'W_layers': 7, 'W_layer_units_exponent_0': 5, 'W_layer_units_exponent_1': 9, 'W_layer_units_exponent_2': 7, 'W_layer_units_exponent_3': 8, 'W_layer_units_exponent_4': 9, 'W_layer_units_exponent_5': 9, 'W_layer_units_exponent_6': 6, 'D_layers': 8, 'D_layer_units_exponent_0': 10, 'D_layer_units_exponent_1': 6, 'D_layer_units_exponent_2': 8, 'D_layer_units_exponent_3': 7, 'D_layer_units_exponent_4': 9, 'D_layer_units_exponent_5': 10, 'D_layer_units_exponent_6': 10, 'D_layer_units_exponent_7': 7, 'D_dagger_layers': 8, 'D_dagger_layer_units_exponent_0': 8, 'D_dagger_layer_units_exponent_1': 9, 'D_dagger_layer_units_exponent_2': 9, 'D_dagger_layer_units_exponent_3': 7, 'D_dagger_layer_units_exponent_4': 9, 'D_dagger_layer_units_exponent_5': 9, 'D_dagger_layer_units_exponent_6': 7, 'D_dagger_layer_units_exponent_7': 4, 'log_learning_rate': -2.3231650224788947, 'log_learning_rate_D': -4.574302356562437, 'log_learning_rate_D_dagger': -4.591516213171441, 'training_batch_size': 6, 'training_p': 5}. Best is trial 49 with value: 0.07665807753801346.
Time for this trial:  724.0303471088409
Memory status after this trial: 
Memory allocated:  1726.427734375
Memory cached:  1762.0
--------------------  Trial  94   --------------------
Start timing: 
Parameters: 
{'W_layers': 8, 'W_layer_units_exponent_0': 4, 'W_layer_units_exponent_1': 10, 'W_layer_units_exponent_2': 7, 'W_layer_units_exponent_3': 4, 'W_layer_units_exponent_4': 9, 'W_layer_units_exponent_5': 10, 'W_layer_units_exponent_6': 8, 'W_layer_units_exponent_7': 5, 'D_layers': 8, 'D_layer_units_exponent_0': 8, 'D_layer_units_exponent_1': 6, 'D_layer_units_exponent_2': 7, 'D_layer_units_exponent_3': 9, 'D_layer_units_exponent_4': 7, 'D_layer_units_exponent_5': 9, 'D_layer_units_exponent_6': 8, 'D_layer_units_exponent_7': 9, 'D_dagger_layers': 7, 'D_dagger_layer_units_exponent_0': 6, 'D_dagger_layer_units_exponent_1': 9, 'D_dagger_layer_units_exponent_2': 10, 'D_dagger_layer_units_exponent_3': 5, 'D_dagger_layer_units_exponent_4': 10, 'D_dagger_layer_units_exponent_5': 10, 'D_dagger_layer_units_exponent_6': 10, 'log_learning_rate': -2.502585078839082, 'log_learning_rate_D': -4.384180837000734, 'log_learning_rate_D_dagger': -4.170184330675557, 'training_batch_size': 6, 'training_p': 4}
	 epoch  0 training error:  tensor(2.2109, device='cuda:0', grad_fn=<DivBackward0>)
Memory status after this epoch: 
Memory allocated:  837.3701171875
Memory cached:  1328.0
	 epoch  10 training error:  tensor(0.1643, device='cuda:0', grad_fn=<DivBackward0>)
Memory status after this epoch: 
Memory allocated:  837.3701171875
Memory cached:  1374.0
	 epoch  20 training error:  tensor(0.1234, device='cuda:0', grad_fn=<DivBackward0>)
Memory status after this epoch: 
Memory allocated:  837.3701171875
Memory cached:  1388.0
	 epoch  30 training error:  tensor(0.1132, device='cuda:0', grad_fn=<DivBackward0>)
Memory status after this epoch: 
Memory allocated:  837.3701171875
Memory cached:  1384.0
	 epoch  40 training error:  tensor(0.1093, device='cuda:0', grad_fn=<DivBackward0>)
Memory status after this epoch: 
Memory allocated:  837.3701171875
Memory cached:  1380.0
	 epoch  50 training error:  tensor(0.1304, device='cuda:0', grad_fn=<DivBackward0>)
Memory status after this epoch: 
Memory allocated:  837.3701171875
Memory cached:  1400.0
	 epoch  60 training error:  tensor(0.1179, device='cuda:0', grad_fn=<DivBackward0>)
Memory status after this epoch: 
Memory allocated:  837.3701171875
Memory cached:  1404.0
	 epoch  70 training error:  tensor(0.1139, device='cuda:0', grad_fn=<DivBackward0>)
Memory status after this epoch: 
Memory allocated:  837.3701171875
Memory cached:  1392.0
	 epoch  80 training error:  tensor(0.1130, device='cuda:0', grad_fn=<DivBackward0>)
Memory status after this epoch: 
Memory allocated:  837.3701171875
Memory cached:  1394.0
	 epoch  90 training error:  tensor(0.1099, device='cuda:0', grad_fn=<DivBackward0>)
Memory status after this epoch: 
Memory allocated:  837.3701171875
Memory cached:  1404.0
