[I 2023-12-03 03:43:12,203] Trial 34 finished with value: 0.04271215200424194 and parameters: {'W_layers': 5, 'W_layer_units_exponent_0': 10, 'W_layer_units_exponent_1': 4, 'W_layer_units_exponent_2': 7, 'W_layer_units_exponent_3': 4, 'W_layer_units_exponent_4': 6, 'D_layers': 2, 'D_layer_units_exponent_0': 5, 'D_layer_units_exponent_1': 5, 'D_dagger_layers': 4, 'D_dagger_layer_units_exponent_0': 5, 'D_dagger_layer_units_exponent_1': 9, 'D_dagger_layer_units_exponent_2': 6, 'D_dagger_layer_units_exponent_3': 4, 'log_learning_rate': -1.9541651613498652, 'log_learning_rate_D': -2.768896809719792, 'log_learning_rate_D_dagger': -3.1145428726727618, 'training_batch_size': 10, 'training_p': 5}. Best is trial 31 with value: 0.03769756108522415.
Time for this trial:  156.67155122756958
Memory status after this trial: 
Memory allocated:  167.9697265625
Memory cached:  324.0
--------------------  Trial  35   --------------------
Start timing: 
Parameters: 
{'W_layers': 2, 'W_layer_units_exponent_0': 10, 'W_layer_units_exponent_1': 4, 'D_layers': 4, 'D_layer_units_exponent_0': 5, 'D_layer_units_exponent_1': 5, 'D_layer_units_exponent_2': 4, 'D_layer_units_exponent_3': 7, 'D_dagger_layers': 5, 'D_dagger_layer_units_exponent_0': 5, 'D_dagger_layer_units_exponent_1': 9, 'D_dagger_layer_units_exponent_2': 6, 'D_dagger_layer_units_exponent_3': 4, 'D_dagger_layer_units_exponent_4': 10, 'log_learning_rate': -1.323909315240854, 'log_learning_rate_D': -2.864395118692277, 'log_learning_rate_D_dagger': -2.921421605101867, 'training_batch_size': 11, 'training_p': 5}
	 epoch  0 training error:  tensor(0.9329, device='cuda:0', grad_fn=<DivBackward0>)
Memory status after this epoch: 
Memory allocated:  65.5078125
Memory cached:  330.0
	 epoch  10 training error:  tensor(2.0993, device='cuda:0', grad_fn=<DivBackward0>)
Memory status after this epoch: 
Memory allocated:  65.5078125
Memory cached:  340.0
	 epoch  20 training error:  tensor(0.5760, device='cuda:0', grad_fn=<DivBackward0>)
Memory status after this epoch: 
Memory allocated:  65.5078125
Memory cached:  342.0
	 epoch  30 training error:  tensor(0.3892, device='cuda:0', grad_fn=<DivBackward0>)
Memory status after this epoch: 
Memory allocated:  65.5078125
Memory cached:  336.0
	 epoch  40 training error:  tensor(0.2751, device='cuda:0', grad_fn=<DivBackward0>)
Memory status after this epoch: 
Memory allocated:  65.5078125
Memory cached:  348.0
	 epoch  50 training error:  tensor(0.2850, device='cuda:0', grad_fn=<DivBackward0>)
Memory status after this epoch: 
Memory allocated:  65.5078125
Memory cached:  352.0
	 epoch  60 training error:  tensor(0.1419, device='cuda:0', grad_fn=<DivBackward0>)
Memory status after this epoch: 
Memory allocated:  65.5078125
Memory cached:  336.0
	 epoch  70 training error:  tensor(0.0966, device='cuda:0', grad_fn=<DivBackward0>)
Memory status after this epoch: 
Memory allocated:  65.5078125
Memory cached:  348.0
	 epoch  80 training error:  tensor(0.0828, device='cuda:0', grad_fn=<DivBackward0>)
Memory status after this epoch: 
Memory allocated:  65.5078125
Memory cached:  338.0
	 epoch  90 training error:  tensor(0.0684, device='cuda:0', grad_fn=<DivBackward0>)
Memory status after this epoch: 
Memory allocated:  65.5078125
Memory cached:  336.0
[I 2023-12-03 03:45:55,346] Trial 35 finished with value: 0.05458035692572594 and parameters: {'W_layers': 2, 'W_layer_units_exponent_0': 10, 'W_layer_units_exponent_1': 4, 'D_layers': 4, 'D_layer_units_exponent_0': 5, 'D_layer_units_exponent_1': 5, 'D_layer_units_exponent_2': 4, 'D_layer_units_exponent_3': 7, 'D_dagger_layers': 5, 'D_dagger_layer_units_exponent_0': 5, 'D_dagger_layer_units_exponent_1': 9, 'D_dagger_layer_units_exponent_2': 6, 'D_dagger_layer_units_exponent_3': 4, 'D_dagger_layer_units_exponent_4': 10, 'log_learning_rate': -1.323909315240854, 'log_learning_rate_D': -2.864395118692277, 'log_learning_rate_D_dagger': -2.921421605101867, 'training_batch_size': 11, 'training_p': 5}. Best is trial 31 with value: 0.03769756108522415.
Time for this trial:  162.89781141281128
Memory status after this trial: 
Memory allocated:  211.23046875
Memory cached:  332.0
--------------------  Trial  36   --------------------
Start timing: 
Parameters: 
{'W_layers': 4, 'W_layer_units_exponent_0': 10, 'W_layer_units_exponent_1': 4, 'W_layer_units_exponent_2': 8, 'W_layer_units_exponent_3': 4, 'D_layers': 2, 'D_layer_units_exponent_0': 5, 'D_layer_units_exponent_1': 4, 'D_dagger_layers': 4, 'D_dagger_layer_units_exponent_0': 5, 'D_dagger_layer_units_exponent_1': 8, 'D_dagger_layer_units_exponent_2': 5, 'D_dagger_layer_units_exponent_3': 5, 'log_learning_rate': -1.7745297690875241, 'log_learning_rate_D': -3.26831830399489, 'log_learning_rate_D_dagger': -3.0308831049952096, 'training_batch_size': 10, 'training_p': 6}
	 epoch  0 training error:  tensor(1.0261, device='cuda:0', grad_fn=<DivBackward0>)
Memory status after this epoch: 
Memory allocated:  64.8046875
Memory cached:  326.0
	 epoch  10 training error:  tensor(0.3162, device='cuda:0', grad_fn=<DivBackward0>)
Memory status after this epoch: 
Memory allocated:  64.8046875
Memory cached:  326.0
	 epoch  20 training error:  tensor(0.8156, device='cuda:0', grad_fn=<DivBackward0>)
Memory status after this epoch: 
Memory allocated:  64.8046875
Memory cached:  326.0
	 epoch  30 training error:  tensor(0.2277, device='cuda:0', grad_fn=<DivBackward0>)
Memory status after this epoch: 
Memory allocated:  64.8046875
Memory cached:  326.0
	 epoch  40 training error:  tensor(0.1636, device='cuda:0', grad_fn=<DivBackward0>)
Memory status after this epoch: 
Memory allocated:  64.8046875
Memory cached:  326.0
	 epoch  50 training error:  tensor(0.1268, device='cuda:0', grad_fn=<DivBackward0>)
Memory status after this epoch: 
Memory allocated:  64.8046875
Memory cached:  326.0
	 epoch  60 training error:  tensor(0.0915, device='cuda:0', grad_fn=<DivBackward0>)
Memory status after this epoch: 
Memory allocated:  64.8046875
Memory cached:  326.0
	 epoch  70 training error:  tensor(0.0765, device='cuda:0', grad_fn=<DivBackward0>)
Memory status after this epoch: 
Memory allocated:  64.8046875
Memory cached:  326.0
	 epoch  80 training error:  tensor(0.0662, device='cuda:0', grad_fn=<DivBackward0>)
Memory status after this epoch: 
Memory allocated:  64.8046875
Memory cached:  326.0
	 epoch  90 training error:  tensor(0.0608, device='cuda:0', grad_fn=<DivBackward0>)
Memory status after this epoch: 
Memory allocated:  64.8046875
Memory cached:  326.0
[I 2023-12-03 03:48:24,040] Trial 36 finished with value: 0.04720962047576904 and parameters: {'W_layers': 4, 'W_layer_units_exponent_0': 10, 'W_layer_units_exponent_1': 4, 'W_layer_units_exponent_2': 8, 'W_layer_units_exponent_3': 4, 'D_layers': 2, 'D_layer_units_exponent_0': 5, 'D_layer_units_exponent_1': 4, 'D_dagger_layers': 4, 'D_dagger_layer_units_exponent_0': 5, 'D_dagger_layer_units_exponent_1': 8, 'D_dagger_layer_units_exponent_2': 5, 'D_dagger_layer_units_exponent_3': 5, 'log_learning_rate': -1.7745297690875241, 'log_learning_rate_D': -3.26831830399489, 'log_learning_rate_D_dagger': -3.0308831049952096, 'training_batch_size': 10, 'training_p': 6}. Best is trial 31 with value: 0.03769756108522415.
Time for this trial:  148.46686339378357
Memory status after this trial: 
Memory allocated:  156.1220703125
Memory cached:  324.0
--------------------  Trial  37   --------------------
Start timing: 
Parameters: 
{'W_layers': 8, 'W_layer_units_exponent_0': 10, 'W_layer_units_exponent_1': 5, 'W_layer_units_exponent_2': 7, 'W_layer_units_exponent_3': 4, 'W_layer_units_exponent_4': 6, 'W_layer_units_exponent_5': 9, 'W_layer_units_exponent_6': 10, 'W_layer_units_exponent_7': 10, 'D_layers': 6, 'D_layer_units_exponent_0': 4, 'D_layer_units_exponent_1': 5, 'D_layer_units_exponent_2': 4, 'D_layer_units_exponent_3': 9, 'D_layer_units_exponent_4': 8, 'D_layer_units_exponent_5': 6, 'D_dagger_layers': 4, 'D_dagger_layer_units_exponent_0': 4, 'D_dagger_layer_units_exponent_1': 9, 'D_dagger_layer_units_exponent_2': 7, 'D_dagger_layer_units_exponent_3': 4, 'log_learning_rate': -1.9836882207578896, 'log_learning_rate_D': -2.5988577489816387, 'log_learning_rate_D_dagger': -3.2116025875046126, 'training_batch_size': 11, 'training_p': 6}
	 epoch  0 training error:  tensor(0.9314, device='cuda:0', grad_fn=<DivBackward0>)
Memory status after this epoch: 
Memory allocated:  92.884765625
Memory cached:  370.0
	 epoch  10 training error:  tensor(9.5792, device='cuda:0', grad_fn=<DivBackward0>)
Memory status after this epoch: 
Memory allocated:  92.884765625
Memory cached:  386.0
	 epoch  20 training error:  tensor(2.3905, device='cuda:0', grad_fn=<DivBackward0>)
Memory status after this epoch: 
Memory allocated:  92.884765625
Memory cached:  394.0
	 epoch  30 training error:  tensor(0.1450, device='cuda:0', grad_fn=<DivBackward0>)
Memory status after this epoch: 
Memory allocated:  92.884765625
Memory cached:  392.0
	 epoch  40 training error:  tensor(0.7318, device='cuda:0', grad_fn=<DivBackward0>)
Memory status after this epoch: 
Memory allocated:  92.884765625
Memory cached:  386.0
	 epoch  50 training error:  tensor(0.5498, device='cuda:0', grad_fn=<DivBackward0>)
Memory status after this epoch: 
Memory allocated:  92.884765625
Memory cached:  380.0
	 epoch  60 training error:  tensor(0.1651, device='cuda:0', grad_fn=<DivBackward0>)
Memory status after this epoch: 
Memory allocated:  92.884765625
Memory cached:  388.0
	 epoch  70 training error:  tensor(0.1932, device='cuda:0', grad_fn=<DivBackward0>)
Memory status after this epoch: 
Memory allocated:  92.884765625
Memory cached:  386.0
	 epoch  80 training error:  tensor(0.1068, device='cuda:0', grad_fn=<DivBackward0>)
Memory status after this epoch: 
Memory allocated:  92.884765625
Memory cached:  388.0
	 epoch  90 training error:  tensor(0.0801, device='cuda:0', grad_fn=<DivBackward0>)
Memory status after this epoch: 
Memory allocated:  92.884765625
Memory cached:  386.0
[I 2023-12-03 03:52:17,980] Trial 37 finished with value: 0.04824362322688103 and parameters: {'W_layers': 8, 'W_layer_units_exponent_0': 10, 'W_layer_units_exponent_1': 5, 'W_layer_units_exponent_2': 7, 'W_layer_units_exponent_3': 4, 'W_layer_units_exponent_4': 6, 'W_layer_units_exponent_5': 9, 'W_layer_units_exponent_6': 10, 'W_layer_units_exponent_7': 10, 'D_layers': 6, 'D_layer_units_exponent_0': 4, 'D_layer_units_exponent_1': 5, 'D_layer_units_exponent_2': 4, 'D_layer_units_exponent_3': 9, 'D_layer_units_exponent_4': 8, 'D_layer_units_exponent_5': 6, 'D_dagger_layers': 4, 'D_dagger_layer_units_exponent_0': 4, 'D_dagger_layer_units_exponent_1': 9, 'D_dagger_layer_units_exponent_2': 7, 'D_dagger_layer_units_exponent_3': 4, 'log_learning_rate': -1.9836882207578896, 'log_learning_rate_D': -2.5988577489816387, 'log_learning_rate_D_dagger': -3.2116025875046126, 'training_batch_size': 11, 'training_p': 6}. Best is trial 31 with value: 0.03769756108522415.
Time for this trial:  233.6754286289215
Memory status after this trial: 
Memory allocated:  358.67578125
Memory cached:  390.0
--------------------  Trial  38   --------------------
Start timing: 
Parameters: 
{'W_layers': 3, 'W_layer_units_exponent_0': 9, 'W_layer_units_exponent_1': 4, 'W_layer_units_exponent_2': 8, 'D_layers': 3, 'D_layer_units_exponent_0': 6, 'D_layer_units_exponent_1': 4, 'D_layer_units_exponent_2': 9, 'D_dagger_layers': 5, 'D_dagger_layer_units_exponent_0': 5, 'D_dagger_layer_units_exponent_1': 8, 'D_dagger_layer_units_exponent_2': 6, 'D_dagger_layer_units_exponent_3': 5, 'D_dagger_layer_units_exponent_4': 5, 'log_learning_rate': -1.6670974441872044, 'log_learning_rate_D': -2.8486897236013506, 'log_learning_rate_D_dagger': -2.4613683513610893, 'training_batch_size': 10, 'training_p': 7}
	 epoch  0 training error:  tensor(1.1089, device='cuda:0', grad_fn=<DivBackward0>)
Memory status after this epoch: 
Memory allocated:  64.90625
Memory cached:  332.0
	 epoch  10 training error:  tensor(11.1455, device='cuda:0', grad_fn=<DivBackward0>)
Memory status after this epoch: 
Memory allocated:  64.90625
Memory cached:  332.0
	 epoch  20 training error:  tensor(2.0077, device='cuda:0', grad_fn=<DivBackward0>)
Memory status after this epoch: 
Memory allocated:  64.90625
Memory cached:  328.0
	 epoch  30 training error:  tensor(0.4140, device='cuda:0', grad_fn=<DivBackward0>)
Memory status after this epoch: 
Memory allocated:  64.90625
Memory cached:  328.0
	 epoch  40 training error:  tensor(0.2366, device='cuda:0', grad_fn=<DivBackward0>)
Memory status after this epoch: 
Memory allocated:  64.90625
Memory cached:  328.0
	 epoch  50 training error:  tensor(0.1083, device='cuda:0', grad_fn=<DivBackward0>)
Memory status after this epoch: 
Memory allocated:  64.90625
Memory cached:  328.0
	 epoch  60 training error:  tensor(0.1125, device='cuda:0', grad_fn=<DivBackward0>)
Memory status after this epoch: 
Memory allocated:  64.90625
Memory cached:  330.0
	 epoch  70 training error:  tensor(0.0877, device='cuda:0', grad_fn=<DivBackward0>)
Memory status after this epoch: 
Memory allocated:  64.90625
Memory cached:  330.0
	 epoch  80 training error:  tensor(0.1685, device='cuda:0', grad_fn=<DivBackward0>)
Memory status after this epoch: 
Memory allocated:  64.90625
Memory cached:  328.0
	 epoch  90 training error:  tensor(0.1129, device='cuda:0', grad_fn=<DivBackward0>)
Memory status after this epoch: 
Memory allocated:  64.90625
Memory cached:  328.0
[I 2023-12-03 03:54:53,464] Trial 38 finished with value: 0.08790895342826843 and parameters: {'W_layers': 3, 'W_layer_units_exponent_0': 9, 'W_layer_units_exponent_1': 4, 'W_layer_units_exponent_2': 8, 'D_layers': 3, 'D_layer_units_exponent_0': 6, 'D_layer_units_exponent_1': 4, 'D_layer_units_exponent_2': 9, 'D_dagger_layers': 5, 'D_dagger_layer_units_exponent_0': 5, 'D_dagger_layer_units_exponent_1': 8, 'D_dagger_layer_units_exponent_2': 6, 'D_dagger_layer_units_exponent_3': 5, 'D_dagger_layer_units_exponent_4': 5, 'log_learning_rate': -1.6670974441872044, 'log_learning_rate_D': -2.8486897236013506, 'log_learning_rate_D_dagger': -2.4613683513610893, 'training_batch_size': 10, 'training_p': 7}. Best is trial 31 with value: 0.03769756108522415.
Time for this trial:  155.22426629066467
Memory status after this trial: 
Memory allocated:  154.455078125
Memory cached:  326.0
--------------------  Trial  39   --------------------
Start timing: 
Parameters: 
{'W_layers': 6, 'W_layer_units_exponent_0': 5, 'W_layer_units_exponent_1': 6, 'W_layer_units_exponent_2': 7, 'W_layer_units_exponent_3': 4, 'W_layer_units_exponent_4': 5, 'W_layer_units_exponent_5': 6, 'D_layers': 4, 'D_layer_units_exponent_0': 7, 'D_layer_units_exponent_1': 5, 'D_layer_units_exponent_2': 5, 'D_layer_units_exponent_3': 6, 'D_dagger_layers': 4, 'D_dagger_layer_units_exponent_0': 6, 'D_dagger_layer_units_exponent_1': 7, 'D_dagger_layer_units_exponent_2': 7, 'D_dagger_layer_units_exponent_3': 4, 'log_learning_rate': -1.0009160861474447, 'log_learning_rate_D': -3.3349867957479464, 'log_learning_rate_D_dagger': -2.239051571265657, 'training_batch_size': 11, 'training_p': 5}
	 epoch  0 training error:  tensor(1.3561, device='cuda:0', grad_fn=<DivBackward0>)
Memory status after this epoch: 
Memory allocated:  64.87890625
Memory cached:  324.0
	 epoch  10 training error:  tensor(80.7748, device='cuda:0', grad_fn=<DivBackward0>)
Memory status after this epoch: 
Memory allocated:  64.87890625
Memory cached:  324.0
	 epoch  20 training error:  tensor(37.2306, device='cuda:0', grad_fn=<DivBackward0>)
Memory status after this epoch: 
Memory allocated:  64.87890625
Memory cached:  324.0
	 epoch  30 training error:  tensor(4.7530, device='cuda:0', grad_fn=<DivBackward0>)
Memory status after this epoch: 
Memory allocated:  64.87890625
Memory cached:  324.0
	 epoch  40 training error:  tensor(6.1964, device='cuda:0', grad_fn=<DivBackward0>)
Memory status after this epoch: 
Memory allocated:  64.87890625
Memory cached:  324.0
	 epoch  50 training error:  tensor(1.5563, device='cuda:0', grad_fn=<DivBackward0>)
Memory status after this epoch: 
Memory allocated:  64.87890625
Memory cached:  324.0
	 epoch  60 training error:  tensor(0.2637, device='cuda:0', grad_fn=<DivBackward0>)
Memory status after this epoch: 
Memory allocated:  64.87890625
Memory cached:  324.0
	 epoch  70 training error:  tensor(0.1517, device='cuda:0', grad_fn=<DivBackward0>)
Memory status after this epoch: 
Memory allocated:  64.87890625
Memory cached:  324.0
	 epoch  80 training error:  tensor(0.1202, device='cuda:0', grad_fn=<DivBackward0>)
Memory status after this epoch: 
Memory allocated:  64.87890625
Memory cached:  324.0
	 epoch  90 training error:  tensor(0.1089, device='cuda:0', grad_fn=<DivBackward0>)
Memory status after this epoch: 
Memory allocated:  64.87890625
Memory cached:  324.0
[I 2023-12-03 03:57:44,198] Trial 39 finished with value: 0.06451761722564697 and parameters: {'W_layers': 6, 'W_layer_units_exponent_0': 5, 'W_layer_units_exponent_1': 6, 'W_layer_units_exponent_2': 7, 'W_layer_units_exponent_3': 4, 'W_layer_units_exponent_4': 5, 'W_layer_units_exponent_5': 6, 'D_layers': 4, 'D_layer_units_exponent_0': 7, 'D_layer_units_exponent_1': 5, 'D_layer_units_exponent_2': 5, 'D_layer_units_exponent_3': 6, 'D_dagger_layers': 4, 'D_dagger_layer_units_exponent_0': 6, 'D_dagger_layer_units_exponent_1': 7, 'D_dagger_layer_units_exponent_2': 7, 'D_dagger_layer_units_exponent_3': 4, 'log_learning_rate': -1.0009160861474447, 'log_learning_rate_D': -3.3349867957479464, 'log_learning_rate_D_dagger': -2.239051571265657, 'training_batch_size': 11, 'training_p': 5}. Best is trial 31 with value: 0.03769756108522415.
Time for this trial:  170.47935700416565
Memory status after this trial: 
Memory allocated:  113.42626953125
Memory cached:  324.0
--------------------  Trial  40   --------------------
Start timing: 
Parameters: 
{'W_layers': 7, 'W_layer_units_exponent_0': 7, 'W_layer_units_exponent_1': 5, 'W_layer_units_exponent_2': 9, 'W_layer_units_exponent_3': 5, 'W_layer_units_exponent_4': 5, 'W_layer_units_exponent_5': 7, 'W_layer_units_exponent_6': 4, 'D_layers': 5, 'D_layer_units_exponent_0': 5, 'D_layer_units_exponent_1': 5, 'D_layer_units_exponent_2': 7, 'D_layer_units_exponent_3': 9, 'D_layer_units_exponent_4': 9, 'D_dagger_layers': 2, 'D_dagger_layer_units_exponent_0': 7, 'D_dagger_layer_units_exponent_1': 6, 'log_learning_rate': -2.2971180587870696, 'log_learning_rate_D': -1.8615724424754942, 'log_learning_rate_D_dagger': -3.3681407627767834, 'training_batch_size': 10, 'training_p': 8}
	 epoch  0 training error:  tensor(1.9212, device='cuda:0', grad_fn=<DivBackward0>)
Memory status after this epoch: 
Memory allocated:  70.03515625
Memory cached:  326.0
	 epoch  10 training error:  tensor(0.2613, device='cuda:0', grad_fn=<DivBackward0>)
Memory status after this epoch: 
Memory allocated:  70.03515625
Memory cached:  328.0
	 epoch  20 training error:  tensor(0.1916, device='cuda:0', grad_fn=<DivBackward0>)
Memory status after this epoch: 
Memory allocated:  70.03515625
Memory cached:  328.0
	 epoch  30 training error:  tensor(0.1513, device='cuda:0', grad_fn=<DivBackward0>)
Memory status after this epoch: 
Memory allocated:  70.03515625
Memory cached:  332.0
	 epoch  40 training error:  tensor(0.1504, device='cuda:0', grad_fn=<DivBackward0>)
Memory status after this epoch: 
Memory allocated:  70.03515625
Memory cached:  330.0
	 epoch  50 training error:  tensor(0.1659, device='cuda:0', grad_fn=<DivBackward0>)
Memory status after this epoch: 
Memory allocated:  70.03515625
Memory cached:  330.0
	 epoch  60 training error:  tensor(0.1559, device='cuda:0', grad_fn=<DivBackward0>)
Memory status after this epoch: 
Memory allocated:  70.03515625
Memory cached:  330.0
	 epoch  70 training error:  tensor(0.1541, device='cuda:0', grad_fn=<DivBackward0>)
Memory status after this epoch: 
Memory allocated:  70.03515625
Memory cached:  328.0
	 epoch  80 training error:  tensor(0.1489, device='cuda:0', grad_fn=<DivBackward0>)
Memory status after this epoch: 
Memory allocated:  70.03515625
Memory cached:  328.0
	 epoch  90 training error:  tensor(0.1517, device='cuda:0', grad_fn=<DivBackward0>)
Memory status after this epoch: 
Memory allocated:  70.03515625
Memory cached:  330.0
