[I 2024-01-10 17:56:44,049] Trial 28 finished with value: 0.5795701742172241 and parameters: {'W_layers': 4, 'W_layer_units_exponent_0': 5, 'W_layer_units_exponent_1': 8, 'W_layer_units_exponent_2': 7, 'W_layer_units_exponent_3': 7, 'D_layers': 5, 'D_layer_units_exponent_0': 6, 'D_layer_units_exponent_1': 6, 'D_layer_units_exponent_2': 5, 'D_layer_units_exponent_3': 9, 'D_layer_units_exponent_4': 5, 'D_dagger_layers': 2, 'D_dagger_layer_units_exponent_0': 8, 'D_dagger_layer_units_exponent_1': 5, 'log_learning_rate': -3.941045086808207, 'log_learning_rate_D': -1.332757072583356, 'log_learning_rate_D_dagger': -3.256862170394479, 'training_batch_size': 10, 'training_p': 3}. Best is trial 9 with value: 0.18485425412654877.
Time for this trial:  170.13881087303162
Memory status after this trial: 
Memory allocated:  523.50244140625
Memory cached:  642.0
--------------------  Trial  29   --------------------
Start timing: 
Parameters: 
{'W_layers': 6, 'W_layer_units_exponent_0': 4, 'W_layer_units_exponent_1': 6, 'W_layer_units_exponent_2': 10, 'W_layer_units_exponent_3': 5, 'W_layer_units_exponent_4': 6, 'W_layer_units_exponent_5': 10, 'D_layers': 4, 'D_layer_units_exponent_0': 7, 'D_layer_units_exponent_1': 10, 'D_layer_units_exponent_2': 6, 'D_layer_units_exponent_3': 8, 'D_dagger_layers': 4, 'D_dagger_layer_units_exponent_0': 9, 'D_dagger_layer_units_exponent_1': 9, 'D_dagger_layer_units_exponent_2': 6, 'D_dagger_layer_units_exponent_3': 5, 'log_learning_rate': -4.516140169058108, 'log_learning_rate_D': -1.2912938227128605, 'log_learning_rate_D_dagger': -3.8432357687655214, 'training_batch_size': 8, 'training_p': 4}
	 epoch  0 training error:  tensor(0.9985, device='cuda:0', grad_fn=<DivBackward0>)
Memory status after this epoch: 
Memory allocated:  372.45361328125
Memory cached:  632.0
	 epoch  10 training error:  tensor(0.7390, device='cuda:0', grad_fn=<DivBackward0>)
Memory status after this epoch: 
Memory allocated:  372.45361328125
Memory cached:  644.0
	 epoch  20 training error:  tensor(0.6569, device='cuda:0', grad_fn=<DivBackward0>)
Memory status after this epoch: 
Memory allocated:  372.45361328125
Memory cached:  648.0
	 epoch  30 training error:  tensor(0.6516, device='cuda:0', grad_fn=<DivBackward0>)
Memory status after this epoch: 
Memory allocated:  372.45361328125
Memory cached:  646.0
	 epoch  40 training error:  tensor(0.6501, device='cuda:0', grad_fn=<DivBackward0>)
Memory status after this epoch: 
Memory allocated:  372.45361328125
Memory cached:  652.0
	 epoch  50 training error:  tensor(0.6481, device='cuda:0', grad_fn=<DivBackward0>)
Memory status after this epoch: 
Memory allocated:  372.45361328125
Memory cached:  644.0
	 epoch  60 training error:  tensor(0.6473, device='cuda:0', grad_fn=<DivBackward0>)
Memory status after this epoch: 
Memory allocated:  372.45361328125
Memory cached:  650.0
	 epoch  70 training error:  tensor(0.6471, device='cuda:0', grad_fn=<DivBackward0>)
Memory status after this epoch: 
Memory allocated:  372.45361328125
Memory cached:  646.0
	 epoch  80 training error:  tensor(0.6468, device='cuda:0', grad_fn=<DivBackward0>)
Memory status after this epoch: 
Memory allocated:  372.45361328125
Memory cached:  648.0
	 epoch  90 training error:  tensor(0.6467, device='cuda:0', grad_fn=<DivBackward0>)
Memory status after this epoch: 
Memory allocated:  372.45361328125
Memory cached:  648.0
[I 2024-01-10 18:00:42,950] Trial 29 finished with value: 0.577544629573822 and parameters: {'W_layers': 6, 'W_layer_units_exponent_0': 4, 'W_layer_units_exponent_1': 6, 'W_layer_units_exponent_2': 10, 'W_layer_units_exponent_3': 5, 'W_layer_units_exponent_4': 6, 'W_layer_units_exponent_5': 10, 'D_layers': 4, 'D_layer_units_exponent_0': 7, 'D_layer_units_exponent_1': 10, 'D_layer_units_exponent_2': 6, 'D_layer_units_exponent_3': 8, 'D_dagger_layers': 4, 'D_dagger_layer_units_exponent_0': 9, 'D_dagger_layer_units_exponent_1': 9, 'D_dagger_layer_units_exponent_2': 6, 'D_dagger_layer_units_exponent_3': 5, 'log_learning_rate': -4.516140169058108, 'log_learning_rate_D': -1.2912938227128605, 'log_learning_rate_D_dagger': -3.8432357687655214, 'training_batch_size': 8, 'training_p': 4}. Best is trial 9 with value: 0.18485425412654877.
Time for this trial:  238.4591600894928
Memory status after this trial: 
Memory allocated:  860.37255859375
Memory cached:  880.0
--------------------  Trial  30   --------------------
Start timing: 
Parameters: 
{'W_layers': 3, 'W_layer_units_exponent_0': 4, 'W_layer_units_exponent_1': 4, 'W_layer_units_exponent_2': 9, 'D_layers': 3, 'D_layer_units_exponent_0': 9, 'D_layer_units_exponent_1': 4, 'D_layer_units_exponent_2': 4, 'D_dagger_layers': 3, 'D_dagger_layer_units_exponent_0': 10, 'D_dagger_layer_units_exponent_1': 8, 'D_dagger_layer_units_exponent_2': 9, 'log_learning_rate': -4.225446728000962, 'log_learning_rate_D': -1.7973510093131313, 'log_learning_rate_D_dagger': -3.4384959349648234, 'training_batch_size': 6, 'training_p': 5}
	 epoch  0 training error:  tensor(0.7478, device='cuda:0', grad_fn=<DivBackward0>)
Memory status after this epoch: 
Memory allocated:  368.37060546875
Memory cached:  640.0
	 epoch  10 training error:  tensor(0.3286, device='cuda:0', grad_fn=<DivBackward0>)
Memory status after this epoch: 
Memory allocated:  368.37060546875
Memory cached:  670.0
	 epoch  20 training error:  tensor(0.3283, device='cuda:0', grad_fn=<DivBackward0>)
Memory status after this epoch: 
Memory allocated:  368.37060546875
Memory cached:  662.0
	 epoch  30 training error:  tensor(0.3239, device='cuda:0', grad_fn=<DivBackward0>)
Memory status after this epoch: 
Memory allocated:  368.37060546875
Memory cached:  664.0
	 epoch  40 training error:  tensor(0.3269, device='cuda:0', grad_fn=<DivBackward0>)
Memory status after this epoch: 
Memory allocated:  368.37060546875
Memory cached:  666.0
	 epoch  50 training error:  tensor(0.3193, device='cuda:0', grad_fn=<DivBackward0>)
Memory status after this epoch: 
Memory allocated:  368.37060546875
Memory cached:  666.0
	 epoch  60 training error:  tensor(0.3172, device='cuda:0', grad_fn=<DivBackward0>)
Memory status after this epoch: 
Memory allocated:  368.37060546875
Memory cached:  668.0
	 epoch  70 training error:  tensor(0.3089, device='cuda:0', grad_fn=<DivBackward0>)
Memory status after this epoch: 
Memory allocated:  368.37060546875
Memory cached:  664.0
	 epoch  80 training error:  tensor(0.2948, device='cuda:0', grad_fn=<DivBackward0>)
Memory status after this epoch: 
Memory allocated:  368.37060546875
Memory cached:  658.0
	 epoch  90 training error:  tensor(0.2922, device='cuda:0', grad_fn=<DivBackward0>)
Memory status after this epoch: 
Memory allocated:  368.37060546875
Memory cached:  662.0
[I 2024-01-10 18:06:57,989] Trial 30 finished with value: 0.22153441607952118 and parameters: {'W_layers': 3, 'W_layer_units_exponent_0': 4, 'W_layer_units_exponent_1': 4, 'W_layer_units_exponent_2': 9, 'D_layers': 3, 'D_layer_units_exponent_0': 9, 'D_layer_units_exponent_1': 4, 'D_layer_units_exponent_2': 4, 'D_dagger_layers': 3, 'D_dagger_layer_units_exponent_0': 10, 'D_dagger_layer_units_exponent_1': 8, 'D_dagger_layer_units_exponent_2': 9, 'log_learning_rate': -4.225446728000962, 'log_learning_rate_D': -1.7973510093131313, 'log_learning_rate_D_dagger': -3.4384959349648234, 'training_batch_size': 6, 'training_p': 5}. Best is trial 9 with value: 0.18485425412654877.
Time for this trial:  374.6777379512787
Memory status after this trial: 
Memory allocated:  656.6982421875
Memory cached:  674.0
--------------------  Trial  31   --------------------
Start timing: 
Parameters: 
{'W_layers': 6, 'W_layer_units_exponent_0': 8, 'W_layer_units_exponent_1': 7, 'W_layer_units_exponent_2': 9, 'W_layer_units_exponent_3': 5, 'W_layer_units_exponent_4': 4, 'W_layer_units_exponent_5': 4, 'D_layers': 6, 'D_layer_units_exponent_0': 8, 'D_layer_units_exponent_1': 4, 'D_layer_units_exponent_2': 4, 'D_layer_units_exponent_3': 8, 'D_layer_units_exponent_4': 6, 'D_layer_units_exponent_5': 8, 'D_dagger_layers': 4, 'D_dagger_layer_units_exponent_0': 7, 'D_dagger_layer_units_exponent_1': 7, 'D_dagger_layer_units_exponent_2': 6, 'D_dagger_layer_units_exponent_3': 5, 'log_learning_rate': -4.767189987569814, 'log_learning_rate_D': -1.6818785018171325, 'log_learning_rate_D_dagger': -3.198804399946803, 'training_batch_size': 8, 'training_p': 3}
	 epoch  0 training error:  tensor(0.9156, device='cuda:0', grad_fn=<DivBackward0>)
Memory status after this epoch: 
Memory allocated:  364.86376953125
Memory cached:  642.0
	 epoch  10 training error:  tensor(0.3609, device='cuda:0', grad_fn=<DivBackward0>)
Memory status after this epoch: 
Memory allocated:  364.86376953125
Memory cached:  676.0
	 epoch  20 training error:  tensor(0.3051, device='cuda:0', grad_fn=<DivBackward0>)
Memory status after this epoch: 
Memory allocated:  364.86376953125
Memory cached:  664.0
	 epoch  30 training error:  tensor(0.2793, device='cuda:0', grad_fn=<DivBackward0>)
Memory status after this epoch: 
Memory allocated:  364.86376953125
Memory cached:  668.0
	 epoch  40 training error:  tensor(0.2723, device='cuda:0', grad_fn=<DivBackward0>)
Memory status after this epoch: 
Memory allocated:  364.86376953125
Memory cached:  668.0
	 epoch  50 training error:  tensor(0.2653, device='cuda:0', grad_fn=<DivBackward0>)
Memory status after this epoch: 
Memory allocated:  364.86376953125
Memory cached:  672.0
	 epoch  60 training error:  tensor(0.2584, device='cuda:0', grad_fn=<DivBackward0>)
Memory status after this epoch: 
Memory allocated:  364.86376953125
Memory cached:  664.0
	 epoch  70 training error:  tensor(0.2508, device='cuda:0', grad_fn=<DivBackward0>)
Memory status after this epoch: 
Memory allocated:  364.86376953125
Memory cached:  662.0
	 epoch  80 training error:  tensor(0.2431, device='cuda:0', grad_fn=<DivBackward0>)
Memory status after this epoch: 
Memory allocated:  364.86376953125
Memory cached:  664.0
	 epoch  90 training error:  tensor(0.2409, device='cuda:0', grad_fn=<DivBackward0>)
Memory status after this epoch: 
Memory allocated:  364.86376953125
Memory cached:  676.0
[I 2024-01-10 18:10:34,139] Trial 31 finished with value: 0.20553436875343323 and parameters: {'W_layers': 6, 'W_layer_units_exponent_0': 8, 'W_layer_units_exponent_1': 7, 'W_layer_units_exponent_2': 9, 'W_layer_units_exponent_3': 5, 'W_layer_units_exponent_4': 4, 'W_layer_units_exponent_5': 4, 'D_layers': 6, 'D_layer_units_exponent_0': 8, 'D_layer_units_exponent_1': 4, 'D_layer_units_exponent_2': 4, 'D_layer_units_exponent_3': 8, 'D_layer_units_exponent_4': 6, 'D_layer_units_exponent_5': 8, 'D_dagger_layers': 4, 'D_dagger_layer_units_exponent_0': 7, 'D_dagger_layer_units_exponent_1': 7, 'D_dagger_layer_units_exponent_2': 6, 'D_dagger_layer_units_exponent_3': 5, 'log_learning_rate': -4.767189987569814, 'log_learning_rate_D': -1.6818785018171325, 'log_learning_rate_D_dagger': -3.198804399946803, 'training_batch_size': 8, 'training_p': 3}. Best is trial 9 with value: 0.18485425412654877.
Time for this trial:  215.76557326316833
Memory status after this trial: 
Memory allocated:  590.62548828125
Memory cached:  646.0
--------------------  Trial  32   --------------------
Start timing: 
Parameters: 
{'W_layers': 6, 'W_layer_units_exponent_0': 8, 'W_layer_units_exponent_1': 7, 'W_layer_units_exponent_2': 7, 'W_layer_units_exponent_3': 4, 'W_layer_units_exponent_4': 5, 'W_layer_units_exponent_5': 4, 'D_layers': 6, 'D_layer_units_exponent_0': 8, 'D_layer_units_exponent_1': 4, 'D_layer_units_exponent_2': 4, 'D_layer_units_exponent_3': 7, 'D_layer_units_exponent_4': 7, 'D_layer_units_exponent_5': 9, 'D_dagger_layers': 4, 'D_dagger_layer_units_exponent_0': 6, 'D_dagger_layer_units_exponent_1': 7, 'D_dagger_layer_units_exponent_2': 7, 'D_dagger_layer_units_exponent_3': 5, 'log_learning_rate': -4.6518972159700684, 'log_learning_rate_D': -1.574108242599194, 'log_learning_rate_D_dagger': -2.939344227791098, 'training_batch_size': 9, 'training_p': 3}
	 epoch  0 training error:  tensor(0.9643, device='cuda:0', grad_fn=<DivBackward0>)
Memory status after this epoch: 
Memory allocated:  364.64697265625
Memory cached:  640.0
	 epoch  10 training error:  tensor(0.3546, device='cuda:0', grad_fn=<DivBackward0>)
Memory status after this epoch: 
Memory allocated:  364.64697265625
Memory cached:  678.0
	 epoch  20 training error:  tensor(0.2967, device='cuda:0', grad_fn=<DivBackward0>)
Memory status after this epoch: 
Memory allocated:  364.64697265625
Memory cached:  680.0
	 epoch  30 training error:  tensor(0.2791, device='cuda:0', grad_fn=<DivBackward0>)
Memory status after this epoch: 
Memory allocated:  364.64697265625
Memory cached:  676.0
	 epoch  40 training error:  tensor(0.2653, device='cuda:0', grad_fn=<DivBackward0>)
Memory status after this epoch: 
Memory allocated:  364.64697265625
Memory cached:  678.0
	 epoch  50 training error:  tensor(0.2564, device='cuda:0', grad_fn=<DivBackward0>)
Memory status after this epoch: 
Memory allocated:  364.64697265625
Memory cached:  678.0
	 epoch  60 training error:  tensor(0.2495, device='cuda:0', grad_fn=<DivBackward0>)
Memory status after this epoch: 
Memory allocated:  364.64697265625
Memory cached:  684.0
	 epoch  70 training error:  tensor(0.2425, device='cuda:0', grad_fn=<DivBackward0>)
Memory status after this epoch: 
Memory allocated:  364.64697265625
Memory cached:  682.0
	 epoch  80 training error:  tensor(0.2396, device='cuda:0', grad_fn=<DivBackward0>)
Memory status after this epoch: 
Memory allocated:  364.64697265625
Memory cached:  680.0
	 epoch  90 training error:  tensor(0.2385, device='cuda:0', grad_fn=<DivBackward0>)
Memory status after this epoch: 
Memory allocated:  364.64697265625
Memory cached:  678.0
[I 2024-01-10 18:14:04,684] Trial 32 finished with value: 0.2025451958179474 and parameters: {'W_layers': 6, 'W_layer_units_exponent_0': 8, 'W_layer_units_exponent_1': 7, 'W_layer_units_exponent_2': 7, 'W_layer_units_exponent_3': 4, 'W_layer_units_exponent_4': 5, 'W_layer_units_exponent_5': 4, 'D_layers': 6, 'D_layer_units_exponent_0': 8, 'D_layer_units_exponent_1': 4, 'D_layer_units_exponent_2': 4, 'D_layer_units_exponent_3': 7, 'D_layer_units_exponent_4': 7, 'D_layer_units_exponent_5': 9, 'D_dagger_layers': 4, 'D_dagger_layer_units_exponent_0': 6, 'D_dagger_layer_units_exponent_1': 7, 'D_dagger_layer_units_exponent_2': 7, 'D_dagger_layer_units_exponent_3': 5, 'log_learning_rate': -4.6518972159700684, 'log_learning_rate_D': -1.574108242599194, 'log_learning_rate_D_dagger': -2.939344227791098, 'training_batch_size': 9, 'training_p': 3}. Best is trial 9 with value: 0.18485425412654877.
Time for this trial:  210.07257270812988
Memory status after this trial: 
Memory allocated:  565.93701171875
Memory cached:  662.0
--------------------  Trial  33   --------------------
Start timing: 
Parameters: 
{'W_layers': 7, 'W_layer_units_exponent_0': 9, 'W_layer_units_exponent_1': 7, 'W_layer_units_exponent_2': 7, 'W_layer_units_exponent_3': 4, 'W_layer_units_exponent_4': 5, 'W_layer_units_exponent_5': 6, 'W_layer_units_exponent_6': 7, 'D_layers': 6, 'D_layer_units_exponent_0': 9, 'D_layer_units_exponent_1': 5, 'D_layer_units_exponent_2': 5, 'D_layer_units_exponent_3': 7, 'D_layer_units_exponent_4': 8, 'D_layer_units_exponent_5': 9, 'D_dagger_layers': 5, 'D_dagger_layer_units_exponent_0': 6, 'D_dagger_layer_units_exponent_1': 8, 'D_dagger_layer_units_exponent_2': 7, 'D_dagger_layer_units_exponent_3': 6, 'D_dagger_layer_units_exponent_4': 6, 'log_learning_rate': -4.292501319609162, 'log_learning_rate_D': -2.010101208358629, 'log_learning_rate_D_dagger': -2.8134355754751117, 'training_batch_size': 9, 'training_p': 2}
	 epoch  0 training error:  tensor(1.0129, device='cuda:0', grad_fn=<DivBackward0>)
Memory status after this epoch: 
Memory allocated:  367.29931640625
Memory cached:  642.0
	 epoch  10 training error:  tensor(0.3442, device='cuda:0', grad_fn=<DivBackward0>)
Memory status after this epoch: 
Memory allocated:  367.29931640625
Memory cached:  676.0
	 epoch  20 training error:  tensor(0.2496, device='cuda:0', grad_fn=<DivBackward0>)
Memory status after this epoch: 
Memory allocated:  367.29931640625
Memory cached:  674.0
	 epoch  30 training error:  tensor(0.2228, device='cuda:0', grad_fn=<DivBackward0>)
Memory status after this epoch: 
Memory allocated:  367.29931640625
Memory cached:  676.0
	 epoch  40 training error:  tensor(0.2167, device='cuda:0', grad_fn=<DivBackward0>)
Memory status after this epoch: 
Memory allocated:  367.29931640625
Memory cached:  676.0
	 epoch  50 training error:  tensor(0.2314, device='cuda:0', grad_fn=<DivBackward0>)
Memory status after this epoch: 
Memory allocated:  367.29931640625
Memory cached:  676.0
	 epoch  60 training error:  tensor(0.2309, device='cuda:0', grad_fn=<DivBackward0>)
Memory status after this epoch: 
Memory allocated:  367.29931640625
Memory cached:  670.0
	 epoch  70 training error:  tensor(0.2095, device='cuda:0', grad_fn=<DivBackward0>)
Memory status after this epoch: 
Memory allocated:  367.29931640625
Memory cached:  670.0
	 epoch  80 training error:  tensor(0.1986, device='cuda:0', grad_fn=<DivBackward0>)
Memory status after this epoch: 
Memory allocated:  367.29931640625
Memory cached:  666.0
	 epoch  90 training error:  tensor(0.1854, device='cuda:0', grad_fn=<DivBackward0>)
Memory status after this epoch: 
Memory allocated:  367.29931640625
Memory cached:  674.0
[I 2024-01-10 18:18:03,917] Trial 33 finished with value: 0.20862603187561035 and parameters: {'W_layers': 7, 'W_layer_units_exponent_0': 9, 'W_layer_units_exponent_1': 7, 'W_layer_units_exponent_2': 7, 'W_layer_units_exponent_3': 4, 'W_layer_units_exponent_4': 5, 'W_layer_units_exponent_5': 6, 'W_layer_units_exponent_6': 7, 'D_layers': 6, 'D_layer_units_exponent_0': 9, 'D_layer_units_exponent_1': 5, 'D_layer_units_exponent_2': 5, 'D_layer_units_exponent_3': 7, 'D_layer_units_exponent_4': 8, 'D_layer_units_exponent_5': 9, 'D_dagger_layers': 5, 'D_dagger_layer_units_exponent_0': 6, 'D_dagger_layer_units_exponent_1': 8, 'D_dagger_layer_units_exponent_2': 7, 'D_dagger_layer_units_exponent_3': 6, 'D_dagger_layer_units_exponent_4': 6, 'log_learning_rate': -4.292501319609162, 'log_learning_rate_D': -2.010101208358629, 'log_learning_rate_D_dagger': -2.8134355754751117, 'training_batch_size': 9, 'training_p': 2}. Best is trial 9 with value: 0.18485425412654877.
Time for this trial:  238.73069214820862
Memory status after this trial: 
Memory allocated:  679.12353515625
Memory cached:  696.0
--------------------  Trial  34   --------------------
Start timing: 
Parameters: 
{'W_layers': 7, 'W_layer_units_exponent_0': 7, 'W_layer_units_exponent_1': 8, 'W_layer_units_exponent_2': 6, 'W_layer_units_exponent_3': 4, 'W_layer_units_exponent_4': 7, 'W_layer_units_exponent_5': 5, 'W_layer_units_exponent_6': 7, 'D_layers': 6, 'D_layer_units_exponent_0': 8, 'D_layer_units_exponent_1': 4, 'D_layer_units_exponent_2': 5, 'D_layer_units_exponent_3': 5, 'D_layer_units_exponent_4': 9, 'D_layer_units_exponent_5': 9, 'D_dagger_layers': 4, 'D_dagger_layer_units_exponent_0': 6, 'D_dagger_layer_units_exponent_1': 7, 'D_dagger_layer_units_exponent_2': 8, 'D_dagger_layer_units_exponent_3': 4, 'log_learning_rate': -4.388648760594839, 'log_learning_rate_D': -1.5490468673703386, 'log_learning_rate_D_dagger': -2.071907653802046, 'training_batch_size': 11, 'training_p': 3}
	 epoch  0 training error:  tensor(1.0180, device='cuda:0', grad_fn=<DivBackward0>)
Memory status after this epoch: 
Memory allocated:  368.01806640625
Memory cached:  638.0
	 epoch  10 training error:  tensor(0.6449, device='cuda:0', grad_fn=<DivBackward0>)
Memory status after this epoch: 
Memory allocated:  368.01806640625
Memory cached:  662.0
	 epoch  20 training error:  tensor(0.6488, device='cuda:0', grad_fn=<DivBackward0>)
Memory status after this epoch: 
Memory allocated:  368.01806640625
Memory cached:  664.0
	 epoch  30 training error:  tensor(0.6385, device='cuda:0', grad_fn=<DivBackward0>)
Memory status after this epoch: 
Memory allocated:  368.01806640625
Memory cached:  670.0
	 epoch  40 training error:  tensor(0.6377, device='cuda:0', grad_fn=<DivBackward0>)
Memory status after this epoch: 
Memory allocated:  368.01806640625
Memory cached:  672.0
	 epoch  50 training error:  tensor(0.6376, device='cuda:0', grad_fn=<DivBackward0>)
Memory status after this epoch: 
Memory allocated:  368.01806640625
Memory cached:  674.0
	 epoch  60 training error:  tensor(0.6375, device='cuda:0', grad_fn=<DivBackward0>)
Memory status after this epoch: 
Memory allocated:  368.01806640625
Memory cached:  662.0
	 epoch  70 training error:  tensor(0.6375, device='cuda:0', grad_fn=<DivBackward0>)
Memory status after this epoch: 
Memory allocated:  368.01806640625
Memory cached:  670.0
	 epoch  80 training error:  tensor(0.6375, device='cuda:0', grad_fn=<DivBackward0>)
Memory status after this epoch: 
Memory allocated:  368.01806640625
Memory cached:  672.0
	 epoch  90 training error:  tensor(0.6375, device='cuda:0', grad_fn=<DivBackward0>)
Memory status after this epoch: 
Memory allocated:  368.01806640625
Memory cached:  668.0
