[I 2024-02-18 10:24:07,768] Trial 99 finished with value: 0.08320756256580353 and parameters: {'W_layers': 7, 'W_layer_units_exponent_0': 4, 'W_layer_units_exponent_1': 9, 'W_layer_units_exponent_2': 6, 'W_layer_units_exponent_3': 10, 'W_layer_units_exponent_4': 5, 'W_layer_units_exponent_5': 9, 'W_layer_units_exponent_6': 5, 'D_layers': 5, 'D_layer_units_exponent_0': 9, 'D_layer_units_exponent_1': 10, 'D_layer_units_exponent_2': 8, 'D_layer_units_exponent_3': 6, 'D_layer_units_exponent_4': 7, 'D_dagger_layers': 5, 'D_dagger_layer_units_exponent_0': 4, 'D_dagger_layer_units_exponent_1': 4, 'D_dagger_layer_units_exponent_2': 4, 'D_dagger_layer_units_exponent_3': 9, 'D_dagger_layer_units_exponent_4': 7, 'log_learning_rate': -2.948419515410883, 'log_learning_rate_D': -2.5593763319613467, 'log_learning_rate_D_dagger': -2.336232529355896, 'training_batch_size': 9, 'training_p': 2}. Best is trial 53 with value: 0.08303368091583252.
Time for this trial:  23.643852472305298
Memory status after this trial: 
Memory allocated:  989.83154296875
Memory cached:  1062.0
--------------------  Trial  100   --------------------
Start timing: 
Parameters: 
{'W_layers': 5, 'W_layer_units_exponent_0': 4, 'W_layer_units_exponent_1': 9, 'W_layer_units_exponent_2': 4, 'W_layer_units_exponent_3': 9, 'W_layer_units_exponent_4': 5, 'D_layers': 5, 'D_layer_units_exponent_0': 9, 'D_layer_units_exponent_1': 10, 'D_layer_units_exponent_2': 8, 'D_layer_units_exponent_3': 8, 'D_layer_units_exponent_4': 7, 'D_dagger_layers': 4, 'D_dagger_layer_units_exponent_0': 5, 'D_dagger_layer_units_exponent_1': 5, 'D_dagger_layer_units_exponent_2': 6, 'D_dagger_layer_units_exponent_3': 9, 'log_learning_rate': -3.013671499744097, 'log_learning_rate_D': -2.615419488058287, 'log_learning_rate_D_dagger': -2.826886755107317, 'training_batch_size': 9, 'training_p': 3}
	 epoch  0 training error:  tensor(0.9232, device='cuda:0', grad_fn=<DivBackward0>)
Memory status after this epoch: 
Memory allocated:  368.59521484375
Memory cached:  504.0
	 epoch  10 training error:  tensor(0.2489, device='cuda:0', grad_fn=<DivBackward0>)
Memory status after this epoch: 
Memory allocated:  368.59521484375
Memory cached:  504.0
	 epoch  20 training error:  tensor(0.1627, device='cuda:0', grad_fn=<DivBackward0>)
Memory status after this epoch: 
Memory allocated:  368.59521484375
Memory cached:  504.0
	 epoch  30 training error:  tensor(0.1234, device='cuda:0', grad_fn=<DivBackward0>)
Memory status after this epoch: 
Memory allocated:  368.59521484375
Memory cached:  504.0
	 epoch  40 training error:  tensor(0.1052, device='cuda:0', grad_fn=<DivBackward0>)
Memory status after this epoch: 
Memory allocated:  368.59521484375
Memory cached:  504.0
	 epoch  50 training error:  tensor(0.0989, device='cuda:0', grad_fn=<DivBackward0>)
Memory status after this epoch: 
Memory allocated:  368.59521484375
Memory cached:  504.0
	 epoch  60 training error:  tensor(0.0976, device='cuda:0', grad_fn=<DivBackward0>)
Memory status after this epoch: 
Memory allocated:  368.59521484375
Memory cached:  504.0
	 epoch  70 training error:  tensor(0.0969, device='cuda:0', grad_fn=<DivBackward0>)
Memory status after this epoch: 
Memory allocated:  368.59521484375
Memory cached:  504.0
	 epoch  80 training error:  tensor(0.0953, device='cuda:0', grad_fn=<DivBackward0>)
Memory status after this epoch: 
Memory allocated:  368.59521484375
Memory cached:  504.0
	 epoch  90 training error:  tensor(0.0981, device='cuda:0', grad_fn=<DivBackward0>)
Memory status after this epoch: 
Memory allocated:  368.59521484375
Memory cached:  504.0
[I 2024-02-18 10:24:28,329] Trial 100 finished with value: 0.08733519166707993 and parameters: {'W_layers': 5, 'W_layer_units_exponent_0': 4, 'W_layer_units_exponent_1': 9, 'W_layer_units_exponent_2': 4, 'W_layer_units_exponent_3': 9, 'W_layer_units_exponent_4': 5, 'D_layers': 5, 'D_layer_units_exponent_0': 9, 'D_layer_units_exponent_1': 10, 'D_layer_units_exponent_2': 8, 'D_layer_units_exponent_3': 8, 'D_layer_units_exponent_4': 7, 'D_dagger_layers': 4, 'D_dagger_layer_units_exponent_0': 5, 'D_dagger_layer_units_exponent_1': 5, 'D_dagger_layer_units_exponent_2': 6, 'D_dagger_layer_units_exponent_3': 9, 'log_learning_rate': -3.013671499744097, 'log_learning_rate_D': -2.615419488058287, 'log_learning_rate_D_dagger': -2.826886755107317, 'training_batch_size': 9, 'training_p': 3}. Best is trial 53 with value: 0.08303368091583252.
Time for this trial:  20.171050786972046
Memory status after this trial: 
Memory allocated:  723.59423828125
Memory cached:  820.0
--------------------  Trial  101   --------------------
Start timing: 
Parameters: 
{'W_layers': 7, 'W_layer_units_exponent_0': 4, 'W_layer_units_exponent_1': 9, 'W_layer_units_exponent_2': 6, 'W_layer_units_exponent_3': 10, 'W_layer_units_exponent_4': 5, 'W_layer_units_exponent_5': 9, 'W_layer_units_exponent_6': 5, 'D_layers': 5, 'D_layer_units_exponent_0': 9, 'D_layer_units_exponent_1': 10, 'D_layer_units_exponent_2': 9, 'D_layer_units_exponent_3': 6, 'D_layer_units_exponent_4': 7, 'D_dagger_layers': 5, 'D_dagger_layer_units_exponent_0': 4, 'D_dagger_layer_units_exponent_1': 4, 'D_dagger_layer_units_exponent_2': 4, 'D_dagger_layer_units_exponent_3': 9, 'D_dagger_layer_units_exponent_4': 7, 'log_learning_rate': -2.6835887600164874, 'log_learning_rate_D': -2.3661751379976974, 'log_learning_rate_D_dagger': -2.3150324505378608, 'training_batch_size': 9, 'training_p': 2}
	 epoch  0 training error:  tensor(0.9890, device='cuda:0', grad_fn=<DivBackward0>)
Memory status after this epoch: 
Memory allocated:  371.9765625
Memory cached:  504.0
	 epoch  10 training error:  tensor(0.1725, device='cuda:0', grad_fn=<DivBackward0>)
Memory status after this epoch: 
Memory allocated:  371.9765625
Memory cached:  504.0
	 epoch  20 training error:  tensor(0.1032, device='cuda:0', grad_fn=<DivBackward0>)
Memory status after this epoch: 
Memory allocated:  371.9765625
Memory cached:  504.0
	 epoch  30 training error:  tensor(0.0890, device='cuda:0', grad_fn=<DivBackward0>)
Memory status after this epoch: 
Memory allocated:  371.9765625
Memory cached:  504.0
	 epoch  40 training error:  tensor(0.0928, device='cuda:0', grad_fn=<DivBackward0>)
Memory status after this epoch: 
Memory allocated:  371.9765625
Memory cached:  504.0
	 epoch  50 training error:  tensor(0.0856, device='cuda:0', grad_fn=<DivBackward0>)
Memory status after this epoch: 
Memory allocated:  371.9765625
Memory cached:  504.0
	 epoch  60 training error:  tensor(0.0854, device='cuda:0', grad_fn=<DivBackward0>)
Memory status after this epoch: 
Memory allocated:  371.9765625
Memory cached:  504.0
	 epoch  70 training error:  tensor(0.0840, device='cuda:0', grad_fn=<DivBackward0>)
Memory status after this epoch: 
Memory allocated:  371.9765625
Memory cached:  504.0
	 epoch  80 training error:  tensor(0.0900, device='cuda:0', grad_fn=<DivBackward0>)
Memory status after this epoch: 
Memory allocated:  371.9765625
Memory cached:  504.0
	 epoch  90 training error:  tensor(0.0908, device='cuda:0', grad_fn=<DivBackward0>)
Memory status after this epoch: 
Memory allocated:  371.9765625
Memory cached:  504.0
[I 2024-02-18 10:24:51,945] Trial 101 finished with value: 0.08943265676498413 and parameters: {'W_layers': 7, 'W_layer_units_exponent_0': 4, 'W_layer_units_exponent_1': 9, 'W_layer_units_exponent_2': 6, 'W_layer_units_exponent_3': 10, 'W_layer_units_exponent_4': 5, 'W_layer_units_exponent_5': 9, 'W_layer_units_exponent_6': 5, 'D_layers': 5, 'D_layer_units_exponent_0': 9, 'D_layer_units_exponent_1': 10, 'D_layer_units_exponent_2': 9, 'D_layer_units_exponent_3': 6, 'D_layer_units_exponent_4': 7, 'D_dagger_layers': 5, 'D_dagger_layer_units_exponent_0': 4, 'D_dagger_layer_units_exponent_1': 4, 'D_dagger_layer_units_exponent_2': 4, 'D_dagger_layer_units_exponent_3': 9, 'D_dagger_layer_units_exponent_4': 7, 'log_learning_rate': -2.6835887600164874, 'log_learning_rate_D': -2.3661751379976974, 'log_learning_rate_D_dagger': -2.3150324505378608, 'training_batch_size': 9, 'training_p': 2}. Best is trial 53 with value: 0.08303368091583252.
Time for this trial:  23.241594791412354
Memory status after this trial: 
Memory allocated:  988.84716796875
Memory cached:  1062.0
--------------------  Trial  102   --------------------
Start timing: 
Parameters: 
{'W_layers': 7, 'W_layer_units_exponent_0': 4, 'W_layer_units_exponent_1': 9, 'W_layer_units_exponent_2': 6, 'W_layer_units_exponent_3': 10, 'W_layer_units_exponent_4': 5, 'W_layer_units_exponent_5': 9, 'W_layer_units_exponent_6': 4, 'D_layers': 4, 'D_layer_units_exponent_0': 9, 'D_layer_units_exponent_1': 10, 'D_layer_units_exponent_2': 8, 'D_layer_units_exponent_3': 6, 'D_dagger_layers': 5, 'D_dagger_layer_units_exponent_0': 10, 'D_dagger_layer_units_exponent_1': 4, 'D_dagger_layer_units_exponent_2': 4, 'D_dagger_layer_units_exponent_3': 8, 'D_dagger_layer_units_exponent_4': 8, 'log_learning_rate': -2.8979601337381067, 'log_learning_rate_D': -2.5106555870104295, 'log_learning_rate_D_dagger': -2.464189743703417, 'training_batch_size': 10, 'training_p': 2}
	 epoch  0 training error:  tensor(0.9789, device='cuda:0', grad_fn=<DivBackward0>)
Memory status after this epoch: 
Memory allocated:  370.96728515625
Memory cached:  504.0
	 epoch  10 training error:  tensor(0.2007, device='cuda:0', grad_fn=<DivBackward0>)
Memory status after this epoch: 
Memory allocated:  370.96728515625
Memory cached:  504.0
	 epoch  20 training error:  tensor(0.2023, device='cuda:0', grad_fn=<DivBackward0>)
Memory status after this epoch: 
Memory allocated:  370.96728515625
Memory cached:  504.0
	 epoch  30 training error:  tensor(0.1414, device='cuda:0', grad_fn=<DivBackward0>)
Memory status after this epoch: 
Memory allocated:  370.96728515625
Memory cached:  504.0
	 epoch  40 training error:  tensor(0.1042, device='cuda:0', grad_fn=<DivBackward0>)
Memory status after this epoch: 
Memory allocated:  370.96728515625
Memory cached:  504.0
	 epoch  50 training error:  tensor(0.0869, device='cuda:0', grad_fn=<DivBackward0>)
Memory status after this epoch: 
Memory allocated:  370.96728515625
Memory cached:  504.0
	 epoch  60 training error:  tensor(0.0842, device='cuda:0', grad_fn=<DivBackward0>)
Memory status after this epoch: 
Memory allocated:  370.96728515625
Memory cached:  504.0
	 epoch  70 training error:  tensor(0.0858, device='cuda:0', grad_fn=<DivBackward0>)
Memory status after this epoch: 
Memory allocated:  370.96728515625
Memory cached:  504.0
	 epoch  80 training error:  tensor(0.0866, device='cuda:0', grad_fn=<DivBackward0>)
Memory status after this epoch: 
Memory allocated:  370.96728515625
Memory cached:  504.0
	 epoch  90 training error:  tensor(0.0844, device='cuda:0', grad_fn=<DivBackward0>)
Memory status after this epoch: 
Memory allocated:  370.96728515625
Memory cached:  504.0
[I 2024-02-18 10:25:16,293] Trial 102 finished with value: 0.0845840573310852 and parameters: {'W_layers': 7, 'W_layer_units_exponent_0': 4, 'W_layer_units_exponent_1': 9, 'W_layer_units_exponent_2': 6, 'W_layer_units_exponent_3': 10, 'W_layer_units_exponent_4': 5, 'W_layer_units_exponent_5': 9, 'W_layer_units_exponent_6': 4, 'D_layers': 4, 'D_layer_units_exponent_0': 9, 'D_layer_units_exponent_1': 10, 'D_layer_units_exponent_2': 8, 'D_layer_units_exponent_3': 6, 'D_dagger_layers': 5, 'D_dagger_layer_units_exponent_0': 10, 'D_dagger_layer_units_exponent_1': 4, 'D_dagger_layer_units_exponent_2': 4, 'D_dagger_layer_units_exponent_3': 8, 'D_dagger_layer_units_exponent_4': 8, 'log_learning_rate': -2.8979601337381067, 'log_learning_rate_D': -2.5106555870104295, 'log_learning_rate_D_dagger': -2.464189743703417, 'training_batch_size': 10, 'training_p': 2}. Best is trial 53 with value: 0.08303368091583252.
Time for this trial:  23.970464944839478
Memory status after this trial: 
Memory allocated:  1175.43310546875
Memory cached:  1218.0
--------------------  Trial  103   --------------------
Start timing: 
Parameters: 
{'W_layers': 7, 'W_layer_units_exponent_0': 4, 'W_layer_units_exponent_1': 8, 'W_layer_units_exponent_2': 6, 'W_layer_units_exponent_3': 10, 'W_layer_units_exponent_4': 5, 'W_layer_units_exponent_5': 9, 'W_layer_units_exponent_6': 5, 'D_layers': 6, 'D_layer_units_exponent_0': 7, 'D_layer_units_exponent_1': 10, 'D_layer_units_exponent_2': 10, 'D_layer_units_exponent_3': 4, 'D_layer_units_exponent_4': 8, 'D_layer_units_exponent_5': 8, 'D_dagger_layers': 5, 'D_dagger_layer_units_exponent_0': 4, 'D_dagger_layer_units_exponent_1': 4, 'D_dagger_layer_units_exponent_2': 4, 'D_dagger_layer_units_exponent_3': 8, 'D_dagger_layer_units_exponent_4': 7, 'log_learning_rate': -2.7929502494990754, 'log_learning_rate_D': -2.3133794592309225, 'log_learning_rate_D_dagger': -2.1692274441179547, 'training_batch_size': 9, 'training_p': 2}
	 epoch  0 training error:  tensor(1.0279, device='cuda:0', grad_fn=<DivBackward0>)
Memory status after this epoch: 
Memory allocated:  371.25244140625
Memory cached:  504.0
	 epoch  10 training error:  tensor(0.2543, device='cuda:0', grad_fn=<DivBackward0>)
Memory status after this epoch: 
Memory allocated:  371.25244140625
Memory cached:  504.0
	 epoch  20 training error:  tensor(0.1173, device='cuda:0', grad_fn=<DivBackward0>)
Memory status after this epoch: 
Memory allocated:  371.25244140625
Memory cached:  504.0
	 epoch  30 training error:  tensor(0.1128, device='cuda:0', grad_fn=<DivBackward0>)
Memory status after this epoch: 
Memory allocated:  371.25244140625
Memory cached:  504.0
	 epoch  40 training error:  tensor(0.0877, device='cuda:0', grad_fn=<DivBackward0>)
Memory status after this epoch: 
Memory allocated:  371.25244140625
Memory cached:  504.0
	 epoch  50 training error:  tensor(0.0859, device='cuda:0', grad_fn=<DivBackward0>)
Memory status after this epoch: 
Memory allocated:  371.25244140625
Memory cached:  504.0
	 epoch  60 training error:  tensor(0.0858, device='cuda:0', grad_fn=<DivBackward0>)
Memory status after this epoch: 
Memory allocated:  371.25244140625
Memory cached:  504.0
	 epoch  70 training error:  tensor(0.0836, device='cuda:0', grad_fn=<DivBackward0>)
Memory status after this epoch: 
Memory allocated:  371.25244140625
Memory cached:  504.0
	 epoch  80 training error:  tensor(0.0831, device='cuda:0', grad_fn=<DivBackward0>)
Memory status after this epoch: 
Memory allocated:  371.25244140625
Memory cached:  504.0
	 epoch  90 training error:  tensor(0.0827, device='cuda:0', grad_fn=<DivBackward0>)
Memory status after this epoch: 
Memory allocated:  371.25244140625
Memory cached:  504.0
[I 2024-02-18 10:25:39,175] Trial 103 finished with value: 0.08436800539493561 and parameters: {'W_layers': 7, 'W_layer_units_exponent_0': 4, 'W_layer_units_exponent_1': 8, 'W_layer_units_exponent_2': 6, 'W_layer_units_exponent_3': 10, 'W_layer_units_exponent_4': 5, 'W_layer_units_exponent_5': 9, 'W_layer_units_exponent_6': 5, 'D_layers': 6, 'D_layer_units_exponent_0': 7, 'D_layer_units_exponent_1': 10, 'D_layer_units_exponent_2': 10, 'D_layer_units_exponent_3': 4, 'D_layer_units_exponent_4': 8, 'D_layer_units_exponent_5': 8, 'D_dagger_layers': 5, 'D_dagger_layer_units_exponent_0': 4, 'D_dagger_layer_units_exponent_1': 4, 'D_dagger_layer_units_exponent_2': 4, 'D_dagger_layer_units_exponent_3': 8, 'D_dagger_layer_units_exponent_4': 7, 'log_learning_rate': -2.7929502494990754, 'log_learning_rate_D': -2.3133794592309225, 'log_learning_rate_D_dagger': -2.1692274441179547, 'training_batch_size': 9, 'training_p': 2}. Best is trial 53 with value: 0.08303368091583252.
Time for this trial:  22.486997842788696
Memory status after this trial: 
Memory allocated:  877.29638671875
Memory cached:  900.0
--------------------  Trial  104   --------------------
Start timing: 
Parameters: 
{'W_layers': 6, 'W_layer_units_exponent_0': 5, 'W_layer_units_exponent_1': 10, 'W_layer_units_exponent_2': 7, 'W_layer_units_exponent_3': 10, 'W_layer_units_exponent_4': 4, 'W_layer_units_exponent_5': 6, 'D_layers': 5, 'D_layer_units_exponent_0': 10, 'D_layer_units_exponent_1': 5, 'D_layer_units_exponent_2': 7, 'D_layer_units_exponent_3': 6, 'D_layer_units_exponent_4': 6, 'D_dagger_layers': 5, 'D_dagger_layer_units_exponent_0': 4, 'D_dagger_layer_units_exponent_1': 4, 'D_dagger_layer_units_exponent_2': 4, 'D_dagger_layer_units_exponent_3': 9, 'D_dagger_layer_units_exponent_4': 5, 'log_learning_rate': -2.6230967199022075, 'log_learning_rate_D': -2.7221776918624614, 'log_learning_rate_D_dagger': -2.042047175484598, 'training_batch_size': 9, 'training_p': 2}
	 epoch  0 training error:  tensor(1.0638, device='cuda:0', grad_fn=<DivBackward0>)
Memory status after this epoch: 
Memory allocated:  368.8798828125
Memory cached:  504.0
	 epoch  10 training error:  tensor(0.1673, device='cuda:0', grad_fn=<DivBackward0>)
Memory status after this epoch: 
Memory allocated:  368.8798828125
Memory cached:  504.0
	 epoch  20 training error:  tensor(0.1277, device='cuda:0', grad_fn=<DivBackward0>)
Memory status after this epoch: 
Memory allocated:  368.8798828125
Memory cached:  504.0
	 epoch  30 training error:  tensor(0.1035, device='cuda:0', grad_fn=<DivBackward0>)
Memory status after this epoch: 
Memory allocated:  368.8798828125
Memory cached:  504.0
	 epoch  40 training error:  tensor(0.0908, device='cuda:0', grad_fn=<DivBackward0>)
Memory status after this epoch: 
Memory allocated:  368.8798828125
Memory cached:  504.0
	 epoch  50 training error:  tensor(0.0930, device='cuda:0', grad_fn=<DivBackward0>)
Memory status after this epoch: 
Memory allocated:  368.8798828125
Memory cached:  504.0
	 epoch  60 training error:  tensor(0.1069, device='cuda:0', grad_fn=<DivBackward0>)
Memory status after this epoch: 
Memory allocated:  368.8798828125
Memory cached:  504.0
	 epoch  70 training error:  tensor(0.0944, device='cuda:0', grad_fn=<DivBackward0>)
Memory status after this epoch: 
Memory allocated:  368.8798828125
Memory cached:  504.0
	 epoch  80 training error:  tensor(0.0883, device='cuda:0', grad_fn=<DivBackward0>)
Memory status after this epoch: 
Memory allocated:  368.8798828125
Memory cached:  504.0
	 epoch  90 training error:  tensor(0.0945, device='cuda:0', grad_fn=<DivBackward0>)
Memory status after this epoch: 
Memory allocated:  368.8798828125
Memory cached:  504.0
[I 2024-02-18 10:26:02,242] Trial 104 finished with value: 0.087319515645504 and parameters: {'W_layers': 6, 'W_layer_units_exponent_0': 5, 'W_layer_units_exponent_1': 10, 'W_layer_units_exponent_2': 7, 'W_layer_units_exponent_3': 10, 'W_layer_units_exponent_4': 4, 'W_layer_units_exponent_5': 6, 'D_layers': 5, 'D_layer_units_exponent_0': 10, 'D_layer_units_exponent_1': 5, 'D_layer_units_exponent_2': 7, 'D_layer_units_exponent_3': 6, 'D_layer_units_exponent_4': 6, 'D_dagger_layers': 5, 'D_dagger_layer_units_exponent_0': 4, 'D_dagger_layer_units_exponent_1': 4, 'D_dagger_layer_units_exponent_2': 4, 'D_dagger_layer_units_exponent_3': 9, 'D_dagger_layer_units_exponent_4': 5, 'log_learning_rate': -2.6230967199022075, 'log_learning_rate_D': -2.7221776918624614, 'log_learning_rate_D_dagger': -2.042047175484598, 'training_batch_size': 9, 'training_p': 2}. Best is trial 53 with value: 0.08303368091583252.
Time for this trial:  22.69674801826477
Memory status after this trial: 
Memory allocated:  992.85498046875
Memory cached:  1054.0
--------------------  Trial  105   --------------------
Start timing: 
Parameters: 
{'W_layers': 7, 'W_layer_units_exponent_0': 5, 'W_layer_units_exponent_1': 7, 'W_layer_units_exponent_2': 6, 'W_layer_units_exponent_3': 9, 'W_layer_units_exponent_4': 6, 'W_layer_units_exponent_5': 8, 'W_layer_units_exponent_6': 4, 'D_layers': 6, 'D_layer_units_exponent_0': 8, 'D_layer_units_exponent_1': 10, 'D_layer_units_exponent_2': 9, 'D_layer_units_exponent_3': 7, 'D_layer_units_exponent_4': 10, 'D_layer_units_exponent_5': 5, 'D_dagger_layers': 6, 'D_dagger_layer_units_exponent_0': 4, 'D_dagger_layer_units_exponent_1': 4, 'D_dagger_layer_units_exponent_2': 4, 'D_dagger_layer_units_exponent_3': 6, 'D_dagger_layer_units_exponent_4': 4, 'D_dagger_layer_units_exponent_5': 5, 'log_learning_rate': -3.1471574714487547, 'log_learning_rate_D': -1.9514331739619453, 'log_learning_rate_D_dagger': -2.620594511284486, 'training_batch_size': 8, 'training_p': 2}
	 epoch  0 training error:  tensor(0.9802, device='cuda:0', grad_fn=<DivBackward0>)
Memory status after this epoch: 
Memory allocated:  369.3681640625
Memory cached:  504.0
	 epoch  10 training error:  tensor(0.2274, device='cuda:0', grad_fn=<DivBackward0>)
Memory status after this epoch: 
Memory allocated:  369.3681640625
Memory cached:  504.0
	 epoch  20 training error:  tensor(0.1426, device='cuda:0', grad_fn=<DivBackward0>)
Memory status after this epoch: 
Memory allocated:  369.3681640625
Memory cached:  504.0
	 epoch  30 training error:  tensor(0.1084, device='cuda:0', grad_fn=<DivBackward0>)
Memory status after this epoch: 
Memory allocated:  369.3681640625
Memory cached:  504.0
	 epoch  40 training error:  tensor(0.0892, device='cuda:0', grad_fn=<DivBackward0>)
Memory status after this epoch: 
Memory allocated:  369.3681640625
Memory cached:  504.0
	 epoch  50 training error:  tensor(0.0878, device='cuda:0', grad_fn=<DivBackward0>)
Memory status after this epoch: 
Memory allocated:  369.3681640625
Memory cached:  504.0
	 epoch  60 training error:  tensor(0.0912, device='cuda:0', grad_fn=<DivBackward0>)
Memory status after this epoch: 
Memory allocated:  369.3681640625
Memory cached:  504.0
	 epoch  70 training error:  tensor(0.0869, device='cuda:0', grad_fn=<DivBackward0>)
Memory status after this epoch: 
Memory allocated:  369.3681640625
Memory cached:  504.0
	 epoch  80 training error:  tensor(0.0857, device='cuda:0', grad_fn=<DivBackward0>)
Memory status after this epoch: 
Memory allocated:  369.3681640625
Memory cached:  504.0
	 epoch  90 training error:  tensor(0.0853, device='cuda:0', grad_fn=<DivBackward0>)
Memory status after this epoch: 
Memory allocated:  369.3681640625
Memory cached:  504.0
