[I 2023-12-03 01:16:29,289] Trial 42 finished with value: 0.06690074503421783 and parameters: {'W_layers': 2, 'W_layer_units_exponent_0': 6, 'W_layer_units_exponent_1': 5, 'D_layers': 2, 'D_layer_units_exponent_0': 8, 'D_layer_units_exponent_1': 4, 'D_dagger_layers': 2, 'D_dagger_layer_units_exponent_0': 5, 'D_dagger_layer_units_exponent_1': 4, 'log_learning_rate': -4.774622087442209, 'log_learning_rate_D': -2.7119401645365, 'log_learning_rate_D_dagger': -3.081979242103426, 'training_batch_size': 7, 'training_p': 5}. Best is trial 36 with value: 0.03745831176638603.
Time for this trial:  110.28318476676941
Memory status after this trial: 
Memory allocated:  160.05322265625
Memory cached:  356.0
--------------------  Trial  43   --------------------
Start timing: 
Parameters: 
{'W_layers': 3, 'W_layer_units_exponent_0': 7, 'W_layer_units_exponent_1': 6, 'W_layer_units_exponent_2': 4, 'D_layers': 2, 'D_layer_units_exponent_0': 9, 'D_layer_units_exponent_1': 4, 'D_dagger_layers': 3, 'D_dagger_layer_units_exponent_0': 5, 'D_dagger_layer_units_exponent_1': 5, 'D_dagger_layer_units_exponent_2': 10, 'log_learning_rate': -4.764462544894271, 'log_learning_rate_D': -2.148722664070661, 'log_learning_rate_D_dagger': -3.437793826974749, 'training_batch_size': 8, 'training_p': 6}
	 epoch  0 training error:  tensor(0.9725, device='cuda:0', grad_fn=<DivBackward0>)
Memory status after this epoch: 
Memory allocated:  138.66796875
Memory cached:  364.0
	 epoch  10 training error:  tensor(0.1506, device='cuda:0', grad_fn=<DivBackward0>)
Memory status after this epoch: 
Memory allocated:  138.66796875
Memory cached:  366.0
	 epoch  20 training error:  tensor(0.0920, device='cuda:0', grad_fn=<DivBackward0>)
Memory status after this epoch: 
Memory allocated:  138.66796875
Memory cached:  372.0
	 epoch  30 training error:  tensor(0.0793, device='cuda:0', grad_fn=<DivBackward0>)
Memory status after this epoch: 
Memory allocated:  138.66796875
Memory cached:  372.0
	 epoch  40 training error:  tensor(0.0758, device='cuda:0', grad_fn=<DivBackward0>)
Memory status after this epoch: 
Memory allocated:  138.66796875
Memory cached:  362.0
	 epoch  50 training error:  tensor(0.0654, device='cuda:0', grad_fn=<DivBackward0>)
Memory status after this epoch: 
Memory allocated:  138.66796875
Memory cached:  368.0
	 epoch  60 training error:  tensor(0.0618, device='cuda:0', grad_fn=<DivBackward0>)
Memory status after this epoch: 
Memory allocated:  138.66796875
Memory cached:  366.0
	 epoch  70 training error:  tensor(0.0581, device='cuda:0', grad_fn=<DivBackward0>)
Memory status after this epoch: 
Memory allocated:  138.66796875
Memory cached:  366.0
	 epoch  80 training error:  tensor(0.0551, device='cuda:0', grad_fn=<DivBackward0>)
Memory status after this epoch: 
Memory allocated:  138.66796875
Memory cached:  372.0
	 epoch  90 training error:  tensor(0.0525, device='cuda:0', grad_fn=<DivBackward0>)
Memory status after this epoch: 
Memory allocated:  138.66796875
Memory cached:  366.0
[I 2023-12-03 01:18:40,953] Trial 43 finished with value: 0.04676369950175285 and parameters: {'W_layers': 3, 'W_layer_units_exponent_0': 7, 'W_layer_units_exponent_1': 6, 'W_layer_units_exponent_2': 4, 'D_layers': 2, 'D_layer_units_exponent_0': 9, 'D_layer_units_exponent_1': 4, 'D_dagger_layers': 3, 'D_dagger_layer_units_exponent_0': 5, 'D_dagger_layer_units_exponent_1': 5, 'D_dagger_layer_units_exponent_2': 10, 'log_learning_rate': -4.764462544894271, 'log_learning_rate_D': -2.148722664070661, 'log_learning_rate_D_dagger': -3.437793826974749, 'training_batch_size': 8, 'training_p': 6}. Best is trial 36 with value: 0.03745831176638603.
Time for this trial:  131.45873165130615
Memory status after this trial: 
Memory allocated:  227.90283203125
Memory cached:  364.0
--------------------  Trial  44   --------------------
Start timing: 
Parameters: 
{'W_layers': 2, 'W_layer_units_exponent_0': 7, 'W_layer_units_exponent_1': 4, 'D_layers': 3, 'D_layer_units_exponent_0': 8, 'D_layer_units_exponent_1': 4, 'D_layer_units_exponent_2': 4, 'D_dagger_layers': 3, 'D_dagger_layer_units_exponent_0': 4, 'D_dagger_layer_units_exponent_1': 4, 'D_dagger_layer_units_exponent_2': 10, 'log_learning_rate': -4.675177150722258, 'log_learning_rate_D': -2.274973361873027, 'log_learning_rate_D_dagger': -3.5703888063358344, 'training_batch_size': 7, 'training_p': 7}
	 epoch  0 training error:  tensor(0.4686, device='cuda:0', grad_fn=<DivBackward0>)
Memory status after this epoch: 
Memory allocated:  138.23046875
Memory cached:  360.0
	 epoch  10 training error:  tensor(0.1528, device='cuda:0', grad_fn=<DivBackward0>)
Memory status after this epoch: 
Memory allocated:  138.23046875
Memory cached:  358.0
	 epoch  20 training error:  tensor(0.1032, device='cuda:0', grad_fn=<DivBackward0>)
Memory status after this epoch: 
Memory allocated:  138.23046875
Memory cached:  360.0
	 epoch  30 training error:  tensor(0.0859, device='cuda:0', grad_fn=<DivBackward0>)
Memory status after this epoch: 
Memory allocated:  138.23046875
Memory cached:  358.0
	 epoch  40 training error:  tensor(0.0767, device='cuda:0', grad_fn=<DivBackward0>)
Memory status after this epoch: 
Memory allocated:  138.23046875
Memory cached:  358.0
	 epoch  50 training error:  tensor(0.0692, device='cuda:0', grad_fn=<DivBackward0>)
Memory status after this epoch: 
Memory allocated:  138.23046875
Memory cached:  358.0
	 epoch  60 training error:  tensor(0.0659, device='cuda:0', grad_fn=<DivBackward0>)
Memory status after this epoch: 
Memory allocated:  138.23046875
Memory cached:  358.0
	 epoch  70 training error:  tensor(0.0640, device='cuda:0', grad_fn=<DivBackward0>)
Memory status after this epoch: 
Memory allocated:  138.23046875
Memory cached:  360.0
	 epoch  80 training error:  tensor(0.0623, device='cuda:0', grad_fn=<DivBackward0>)
Memory status after this epoch: 
Memory allocated:  138.23046875
Memory cached:  358.0
	 epoch  90 training error:  tensor(0.0607, device='cuda:0', grad_fn=<DivBackward0>)
Memory status after this epoch: 
Memory allocated:  138.23046875
Memory cached:  358.0
[I 2023-12-03 01:20:50,235] Trial 44 finished with value: 0.04855296015739441 and parameters: {'W_layers': 2, 'W_layer_units_exponent_0': 7, 'W_layer_units_exponent_1': 4, 'D_layers': 3, 'D_layer_units_exponent_0': 8, 'D_layer_units_exponent_1': 4, 'D_layer_units_exponent_2': 4, 'D_dagger_layers': 3, 'D_dagger_layer_units_exponent_0': 4, 'D_dagger_layer_units_exponent_1': 4, 'D_dagger_layer_units_exponent_2': 10, 'log_learning_rate': -4.675177150722258, 'log_learning_rate_D': -2.274973361873027, 'log_learning_rate_D_dagger': -3.5703888063358344, 'training_batch_size': 7, 'training_p': 7}. Best is trial 36 with value: 0.03745831176638603.
Time for this trial:  129.0716369152069
Memory status after this trial: 
Memory allocated:  210.37890625
Memory cached:  358.0
--------------------  Trial  45   --------------------
Start timing: 
Parameters: 
{'W_layers': 2, 'W_layer_units_exponent_0': 6, 'W_layer_units_exponent_1': 5, 'D_layers': 3, 'D_layer_units_exponent_0': 9, 'D_layer_units_exponent_1': 10, 'D_layer_units_exponent_2': 4, 'D_dagger_layers': 2, 'D_dagger_layer_units_exponent_0': 10, 'D_dagger_layer_units_exponent_1': 5, 'log_learning_rate': -4.984349240802165, 'log_learning_rate_D': -2.621523186742796, 'log_learning_rate_D_dagger': -2.9148145326411985, 'training_batch_size': 9, 'training_p': 5}
	 epoch  0 training error:  tensor(0.7727, device='cuda:0', grad_fn=<DivBackward0>)
Memory status after this epoch: 
Memory allocated:  146.6953125
Memory cached:  394.0
	 epoch  10 training error:  tensor(0.8698, device='cuda:0', grad_fn=<DivBackward0>)
Memory status after this epoch: 
Memory allocated:  146.6953125
Memory cached:  424.0
	 epoch  20 training error:  tensor(0.4389, device='cuda:0', grad_fn=<DivBackward0>)
Memory status after this epoch: 
Memory allocated:  146.6953125
Memory cached:  422.0
	 epoch  30 training error:  tensor(0.1271, device='cuda:0', grad_fn=<DivBackward0>)
Memory status after this epoch: 
Memory allocated:  146.6953125
Memory cached:  432.0
	 epoch  40 training error:  tensor(0.1300, device='cuda:0', grad_fn=<DivBackward0>)
Memory status after this epoch: 
Memory allocated:  146.6953125
Memory cached:  422.0
	 epoch  50 training error:  tensor(0.0760, device='cuda:0', grad_fn=<DivBackward0>)
Memory status after this epoch: 
Memory allocated:  146.6953125
Memory cached:  430.0
	 epoch  60 training error:  tensor(0.0719, device='cuda:0', grad_fn=<DivBackward0>)
Memory status after this epoch: 
Memory allocated:  146.6953125
Memory cached:  428.0
	 epoch  70 training error:  tensor(0.0658, device='cuda:0', grad_fn=<DivBackward0>)
Memory status after this epoch: 
Memory allocated:  146.6953125
Memory cached:  432.0
	 epoch  80 training error:  tensor(0.0579, device='cuda:0', grad_fn=<DivBackward0>)
Memory status after this epoch: 
Memory allocated:  146.6953125
Memory cached:  418.0
	 epoch  90 training error:  tensor(0.1355, device='cuda:0', grad_fn=<DivBackward0>)
Memory status after this epoch: 
Memory allocated:  146.6953125
Memory cached:  430.0
[I 2023-12-03 01:23:00,384] Trial 45 finished with value: 0.15667180716991425 and parameters: {'W_layers': 2, 'W_layer_units_exponent_0': 6, 'W_layer_units_exponent_1': 5, 'D_layers': 3, 'D_layer_units_exponent_0': 9, 'D_layer_units_exponent_1': 10, 'D_layer_units_exponent_2': 4, 'D_dagger_layers': 2, 'D_dagger_layer_units_exponent_0': 10, 'D_dagger_layer_units_exponent_1': 5, 'log_learning_rate': -4.984349240802165, 'log_learning_rate_D': -2.621523186742796, 'log_learning_rate_D_dagger': -2.9148145326411985, 'training_batch_size': 9, 'training_p': 5}. Best is trial 36 with value: 0.03745831176638603.
Time for this trial:  129.94236946105957
Memory status after this trial: 
Memory allocated:  285.66650390625
Memory cached:  410.0
--------------------  Trial  46   --------------------
Start timing: 
Parameters: 
{'W_layers': 3, 'W_layer_units_exponent_0': 7, 'W_layer_units_exponent_1': 6, 'W_layer_units_exponent_2': 5, 'D_layers': 2, 'D_layer_units_exponent_0': 8, 'D_layer_units_exponent_1': 4, 'D_dagger_layers': 3, 'D_dagger_layer_units_exponent_0': 6, 'D_dagger_layer_units_exponent_1': 4, 'D_dagger_layer_units_exponent_2': 10, 'log_learning_rate': -4.479072209365124, 'log_learning_rate_D': -2.8236495823463748, 'log_learning_rate_D_dagger': -2.588584081761368, 'training_batch_size': 8, 'training_p': 5}
	 epoch  0 training error:  tensor(0.8178, device='cuda:0', grad_fn=<DivBackward0>)
Memory status after this epoch: 
Memory allocated:  138.36328125
Memory cached:  366.0
	 epoch  10 training error:  tensor(0.4158, device='cuda:0', grad_fn=<DivBackward0>)
Memory status after this epoch: 
Memory allocated:  138.36328125
Memory cached:  364.0
	 epoch  20 training error:  tensor(0.2197, device='cuda:0', grad_fn=<DivBackward0>)
Memory status after this epoch: 
Memory allocated:  138.36328125
Memory cached:  360.0
	 epoch  30 training error:  tensor(0.1180, device='cuda:0', grad_fn=<DivBackward0>)
Memory status after this epoch: 
Memory allocated:  138.36328125
Memory cached:  360.0
	 epoch  40 training error:  tensor(0.0836, device='cuda:0', grad_fn=<DivBackward0>)
Memory status after this epoch: 
Memory allocated:  138.36328125
Memory cached:  360.0
	 epoch  50 training error:  tensor(0.0652, device='cuda:0', grad_fn=<DivBackward0>)
Memory status after this epoch: 
Memory allocated:  138.36328125
Memory cached:  360.0
	 epoch  60 training error:  tensor(0.0619, device='cuda:0', grad_fn=<DivBackward0>)
Memory status after this epoch: 
Memory allocated:  138.36328125
Memory cached:  360.0
	 epoch  70 training error:  tensor(0.0581, device='cuda:0', grad_fn=<DivBackward0>)
Memory status after this epoch: 
Memory allocated:  138.36328125
Memory cached:  360.0
	 epoch  80 training error:  tensor(0.0532, device='cuda:0', grad_fn=<DivBackward0>)
Memory status after this epoch: 
Memory allocated:  138.36328125
Memory cached:  360.0
	 epoch  90 training error:  tensor(0.0499, device='cuda:0', grad_fn=<DivBackward0>)
Memory status after this epoch: 
Memory allocated:  138.36328125
Memory cached:  360.0
[I 2023-12-03 01:25:10,773] Trial 46 finished with value: 0.04556629806756973 and parameters: {'W_layers': 3, 'W_layer_units_exponent_0': 7, 'W_layer_units_exponent_1': 6, 'W_layer_units_exponent_2': 5, 'D_layers': 2, 'D_layer_units_exponent_0': 8, 'D_layer_units_exponent_1': 4, 'D_dagger_layers': 3, 'D_dagger_layer_units_exponent_0': 6, 'D_dagger_layer_units_exponent_1': 4, 'D_dagger_layer_units_exponent_2': 10, 'log_learning_rate': -4.479072209365124, 'log_learning_rate_D': -2.8236495823463748, 'log_learning_rate_D_dagger': -2.588584081761368, 'training_batch_size': 8, 'training_p': 5}. Best is trial 36 with value: 0.03745831176638603.
Time for this trial:  130.17010164260864
Memory status after this trial: 
Memory allocated:  215.82666015625
Memory cached:  356.0
--------------------  Trial  47   --------------------
Start timing: 
Parameters: 
{'W_layers': 2, 'W_layer_units_exponent_0': 6, 'W_layer_units_exponent_1': 4, 'D_layers': 3, 'D_layer_units_exponent_0': 9, 'D_layer_units_exponent_1': 4, 'D_layer_units_exponent_2': 4, 'D_dagger_layers': 2, 'D_dagger_layer_units_exponent_0': 10, 'D_dagger_layer_units_exponent_1': 4, 'log_learning_rate': -4.836036909708986, 'log_learning_rate_D': -2.665186053283005, 'log_learning_rate_D_dagger': -3.188499375079261, 'training_batch_size': 6, 'training_p': 4}
	 epoch  0 training error:  tensor(0.9236, device='cuda:0', grad_fn=<DivBackward0>)
Memory status after this epoch: 
Memory allocated:  138.3203125
Memory cached:  356.0
	 epoch  10 training error:  tensor(0.3603, device='cuda:0', grad_fn=<DivBackward0>)
Memory status after this epoch: 
Memory allocated:  138.3203125
Memory cached:  356.0
	 epoch  20 training error:  tensor(0.0955, device='cuda:0', grad_fn=<DivBackward0>)
Memory status after this epoch: 
Memory allocated:  138.3203125
Memory cached:  356.0
	 epoch  30 training error:  tensor(0.0886, device='cuda:0', grad_fn=<DivBackward0>)
Memory status after this epoch: 
Memory allocated:  138.3203125
Memory cached:  356.0
	 epoch  40 training error:  tensor(0.0803, device='cuda:0', grad_fn=<DivBackward0>)
Memory status after this epoch: 
Memory allocated:  138.3203125
Memory cached:  356.0
	 epoch  50 training error:  tensor(0.0654, device='cuda:0', grad_fn=<DivBackward0>)
Memory status after this epoch: 
Memory allocated:  138.3203125
Memory cached:  356.0
	 epoch  60 training error:  tensor(0.0970, device='cuda:0', grad_fn=<DivBackward0>)
Memory status after this epoch: 
Memory allocated:  138.3203125
Memory cached:  356.0
	 epoch  70 training error:  tensor(0.0898, device='cuda:0', grad_fn=<DivBackward0>)
Memory status after this epoch: 
Memory allocated:  138.3203125
Memory cached:  356.0
	 epoch  80 training error:  tensor(0.0575, device='cuda:0', grad_fn=<DivBackward0>)
Memory status after this epoch: 
Memory allocated:  138.3203125
Memory cached:  356.0
	 epoch  90 training error:  tensor(0.0530, device='cuda:0', grad_fn=<DivBackward0>)
Memory status after this epoch: 
Memory allocated:  138.3203125
Memory cached:  356.0
[I 2023-12-03 01:28:48,082] Trial 47 finished with value: 0.06363902240991592 and parameters: {'W_layers': 2, 'W_layer_units_exponent_0': 6, 'W_layer_units_exponent_1': 4, 'D_layers': 3, 'D_layer_units_exponent_0': 9, 'D_layer_units_exponent_1': 4, 'D_layer_units_exponent_2': 4, 'D_dagger_layers': 2, 'D_dagger_layer_units_exponent_0': 10, 'D_dagger_layer_units_exponent_1': 4, 'log_learning_rate': -4.836036909708986, 'log_learning_rate_D': -2.665186053283005, 'log_learning_rate_D_dagger': -3.188499375079261, 'training_batch_size': 6, 'training_p': 4}. Best is trial 36 with value: 0.03745831176638603.
Time for this trial:  217.07770490646362
Memory status after this trial: 
Memory allocated:  227.21875
Memory cached:  356.0
--------------------  Trial  48   --------------------
Start timing: 
Parameters: 
{'W_layers': 3, 'W_layer_units_exponent_0': 5, 'W_layer_units_exponent_1': 5, 'W_layer_units_exponent_2': 5, 'D_layers': 2, 'D_layer_units_exponent_0': 8, 'D_layer_units_exponent_1': 9, 'D_dagger_layers': 4, 'D_dagger_layer_units_exponent_0': 9, 'D_dagger_layer_units_exponent_1': 5, 'D_dagger_layer_units_exponent_2': 9, 'D_dagger_layer_units_exponent_3': 8, 'log_learning_rate': -4.321261858943847, 'log_learning_rate_D': -2.4249649814320677, 'log_learning_rate_D_dagger': -3.4557672541014863, 'training_batch_size': 9, 'training_p': 6}
	 epoch  0 training error:  tensor(0.5700, device='cuda:0', grad_fn=<DivBackward0>)
Memory status after this epoch: 
Memory allocated:  142.42578125
Memory cached:  368.0
	 epoch  10 training error:  tensor(0.1166, device='cuda:0', grad_fn=<DivBackward0>)
Memory status after this epoch: 
Memory allocated:  142.42578125
Memory cached:  388.0
	 epoch  20 training error:  tensor(0.0814, device='cuda:0', grad_fn=<DivBackward0>)
Memory status after this epoch: 
Memory allocated:  142.42578125
Memory cached:  388.0
	 epoch  30 training error:  tensor(0.0684, device='cuda:0', grad_fn=<DivBackward0>)
Memory status after this epoch: 
Memory allocated:  142.42578125
Memory cached:  386.0
	 epoch  40 training error:  tensor(0.0596, device='cuda:0', grad_fn=<DivBackward0>)
Memory status after this epoch: 
Memory allocated:  142.42578125
Memory cached:  386.0
	 epoch  50 training error:  tensor(0.0538, device='cuda:0', grad_fn=<DivBackward0>)
Memory status after this epoch: 
Memory allocated:  142.42578125
Memory cached:  388.0
	 epoch  60 training error:  tensor(0.0578, device='cuda:0', grad_fn=<DivBackward0>)
Memory status after this epoch: 
Memory allocated:  142.42578125
Memory cached:  386.0
	 epoch  70 training error:  tensor(0.0600, device='cuda:0', grad_fn=<DivBackward0>)
Memory status after this epoch: 
Memory allocated:  142.42578125
Memory cached:  392.0
	 epoch  80 training error:  tensor(0.0579, device='cuda:0', grad_fn=<DivBackward0>)
Memory status after this epoch: 
Memory allocated:  142.42578125
Memory cached:  388.0
	 epoch  90 training error:  tensor(0.0515, device='cuda:0', grad_fn=<DivBackward0>)
Memory status after this epoch: 
Memory allocated:  142.42578125
Memory cached:  386.0
[I 2023-12-03 01:31:09,668] Trial 48 finished with value: 0.044867485761642456 and parameters: {'W_layers': 3, 'W_layer_units_exponent_0': 5, 'W_layer_units_exponent_1': 5, 'W_layer_units_exponent_2': 5, 'D_layers': 2, 'D_layer_units_exponent_0': 8, 'D_layer_units_exponent_1': 9, 'D_dagger_layers': 4, 'D_dagger_layer_units_exponent_0': 9, 'D_dagger_layer_units_exponent_1': 5, 'D_dagger_layer_units_exponent_2': 9, 'D_dagger_layer_units_exponent_3': 8, 'log_learning_rate': -4.321261858943847, 'log_learning_rate_D': -2.4249649814320677, 'log_learning_rate_D_dagger': -3.4557672541014863, 'training_batch_size': 9, 'training_p': 6}. Best is trial 36 with value: 0.03745831176638603.
Time for this trial:  141.35749650001526
Memory status after this trial: 
Memory allocated:  250.15185546875
Memory cached:  370.0
--------------------  Trial  49   --------------------
Start timing: 
Parameters: 
{'W_layers': 2, 'W_layer_units_exponent_0': 7, 'W_layer_units_exponent_1': 5, 'D_layers': 3, 'D_layer_units_exponent_0': 8, 'D_layer_units_exponent_1': 4, 'D_layer_units_exponent_2': 4, 'D_dagger_layers': 3, 'D_dagger_layer_units_exponent_0': 10, 'D_dagger_layer_units_exponent_1': 4, 'D_dagger_layer_units_exponent_2': 10, 'log_learning_rate': -4.611308568993768, 'log_learning_rate_D': -3.0398464668002196, 'log_learning_rate_D_dagger': -3.813306290252398, 'training_batch_size': 9, 'training_p': 5}
	 epoch  0 training error:  tensor(1.1833, device='cuda:0', grad_fn=<DivBackward0>)
Memory status after this epoch: 
Memory allocated:  138.55078125
Memory cached:  362.0
	 epoch  10 training error:  tensor(0.3519, device='cuda:0', grad_fn=<DivBackward0>)
Memory status after this epoch: 
Memory allocated:  138.55078125
Memory cached:  394.0
	 epoch  20 training error:  tensor(0.1647, device='cuda:0', grad_fn=<DivBackward0>)
Memory status after this epoch: 
Memory allocated:  138.55078125
Memory cached:  384.0
	 epoch  30 training error:  tensor(0.1503, device='cuda:0', grad_fn=<DivBackward0>)
Memory status after this epoch: 
Memory allocated:  138.55078125
Memory cached:  388.0
	 epoch  40 training error:  tensor(0.1046, device='cuda:0', grad_fn=<DivBackward0>)
Memory status after this epoch: 
Memory allocated:  138.55078125
Memory cached:  398.0
	 epoch  50 training error:  tensor(0.0866, device='cuda:0', grad_fn=<DivBackward0>)
Memory status after this epoch: 
Memory allocated:  138.55078125
Memory cached:  388.0
	 epoch  60 training error:  tensor(0.0689, device='cuda:0', grad_fn=<DivBackward0>)
Memory status after this epoch: 
Memory allocated:  138.55078125
Memory cached:  386.0
	 epoch  70 training error:  tensor(0.0633, device='cuda:0', grad_fn=<DivBackward0>)
Memory status after this epoch: 
Memory allocated:  138.55078125
Memory cached:  392.0
	 epoch  80 training error:  tensor(0.0578, device='cuda:0', grad_fn=<DivBackward0>)
Memory status after this epoch: 
Memory allocated:  138.55078125
Memory cached:  390.0
	 epoch  90 training error:  tensor(0.0533, device='cuda:0', grad_fn=<DivBackward0>)
Memory status after this epoch: 
Memory allocated:  138.55078125
Memory cached:  392.0
