[I 2024-05-17 20:06:54,337] Trial 17 finished with value: 0.21253752708435059 and parameters: {'W_layers': 5, 'W_layer_units_exponent_0': 5, 'W_layer_units_exponent_1': 8, 'W_layer_units_exponent_2': 6, 'W_layer_units_exponent_3': 4, 'W_layer_units_exponent_4': 8, 'D_layers': 3, 'D_layer_units_exponent_0': 9, 'D_layer_units_exponent_1': 8, 'D_layer_units_exponent_2': 6, 'D_dagger_layers': 4, 'D_dagger_layer_units_exponent_0': 5, 'D_dagger_layer_units_exponent_1': 6, 'D_dagger_layer_units_exponent_2': 8, 'D_dagger_layer_units_exponent_3': 6, 'log_learning_rate': -2.7841442421947167, 'log_learning_rate_D': -2.6878502541033136, 'log_learning_rate_D_dagger': -4.312840644480329, 'training_batch_size': 7, 'training_p': 2}. Best is trial 11 with value: 0.11609702557325363.
Time for this trial:  883.4478607177734
Memory status after this trial: 
Memory allocated:  2067.7138671875
Memory cached:  2078.0
--------------------  Trial  18   --------------------
Start timing: 
Parameters: 
{'W_layers': 5, 'W_layer_units_exponent_0': 5, 'W_layer_units_exponent_1': 9, 'W_layer_units_exponent_2': 6, 'W_layer_units_exponent_3': 4, 'W_layer_units_exponent_4': 8, 'D_layers': 4, 'D_layer_units_exponent_0': 9, 'D_layer_units_exponent_1': 8, 'D_layer_units_exponent_2': 6, 'D_layer_units_exponent_3': 10, 'D_dagger_layers': 3, 'D_dagger_layer_units_exponent_0': 5, 'D_dagger_layer_units_exponent_1': 6, 'D_dagger_layer_units_exponent_2': 9, 'log_learning_rate': -2.670088650069614, 'log_learning_rate_D': -2.707648805937927, 'log_learning_rate_D_dagger': -3.1970174372365183, 'training_batch_size': 7, 'training_p': 5}
	 epoch  0 training error:  tensor(0.6199, grad_fn=<ToCopyBackward0>)
Memory status after this epoch: 
Memory allocated:  1297.24169921875
Memory cached:  1338.0
	 epoch  10 training error:  tensor(0.3684, grad_fn=<ToCopyBackward0>)
Memory status after this epoch: 
Memory allocated:  1297.24169921875
Memory cached:  1338.0
	 epoch  20 training error:  tensor(0.3660, grad_fn=<ToCopyBackward0>)
Memory status after this epoch: 
Memory allocated:  1297.24169921875
Memory cached:  1338.0
	 epoch  30 training error:  tensor(0.3651, grad_fn=<ToCopyBackward0>)
Memory status after this epoch: 
Memory allocated:  1297.24169921875
Memory cached:  1338.0
	 epoch  40 training error:  tensor(0.3646, grad_fn=<ToCopyBackward0>)
Memory status after this epoch: 
Memory allocated:  1297.24169921875
Memory cached:  1338.0
	 epoch  50 training error:  tensor(0.3648, grad_fn=<ToCopyBackward0>)
Memory status after this epoch: 
Memory allocated:  1297.24169921875
Memory cached:  1338.0
	 epoch  60 training error:  tensor(0.3644, grad_fn=<ToCopyBackward0>)
Memory status after this epoch: 
Memory allocated:  1297.24169921875
Memory cached:  1338.0
	 epoch  70 training error:  tensor(0.3633, grad_fn=<ToCopyBackward0>)
Memory status after this epoch: 
Memory allocated:  1297.24169921875
Memory cached:  1338.0
	 epoch  80 training error:  tensor(0.3345, grad_fn=<ToCopyBackward0>)
Memory status after this epoch: 
Memory allocated:  1297.24169921875
Memory cached:  1338.0
	 epoch  90 training error:  tensor(0.2401, grad_fn=<ToCopyBackward0>)
Memory status after this epoch: 
Memory allocated:  1297.24169921875
Memory cached:  1338.0
[I 2024-05-17 20:21:51,078] Trial 18 finished with value: 0.16042570769786835 and parameters: {'W_layers': 5, 'W_layer_units_exponent_0': 5, 'W_layer_units_exponent_1': 9, 'W_layer_units_exponent_2': 6, 'W_layer_units_exponent_3': 4, 'W_layer_units_exponent_4': 8, 'D_layers': 4, 'D_layer_units_exponent_0': 9, 'D_layer_units_exponent_1': 8, 'D_layer_units_exponent_2': 6, 'D_layer_units_exponent_3': 10, 'D_dagger_layers': 3, 'D_dagger_layer_units_exponent_0': 5, 'D_dagger_layer_units_exponent_1': 6, 'D_dagger_layer_units_exponent_2': 9, 'log_learning_rate': -2.670088650069614, 'log_learning_rate_D': -2.707648805937927, 'log_learning_rate_D_dagger': -3.1970174372365183, 'training_batch_size': 7, 'training_p': 5}. Best is trial 11 with value: 0.11609702557325363.
Time for this trial:  896.2954244613647
Memory status after this trial: 
Memory allocated:  2607.6015625
Memory cached:  2622.0
--------------------  Trial  19   --------------------
Start timing: 
Parameters: 
{'W_layers': 7, 'W_layer_units_exponent_0': 6, 'W_layer_units_exponent_1': 10, 'W_layer_units_exponent_2': 5, 'W_layer_units_exponent_3': 5, 'W_layer_units_exponent_4': 8, 'W_layer_units_exponent_5': 7, 'W_layer_units_exponent_6': 5, 'D_layers': 4, 'D_layer_units_exponent_0': 10, 'D_layer_units_exponent_1': 8, 'D_layer_units_exponent_2': 6, 'D_layer_units_exponent_3': 10, 'D_dagger_layers': 3, 'D_dagger_layer_units_exponent_0': 4, 'D_dagger_layer_units_exponent_1': 9, 'D_dagger_layer_units_exponent_2': 10, 'log_learning_rate': -3.483330043566814, 'log_learning_rate_D': -3.856524484903611, 'log_learning_rate_D_dagger': -3.0647192688313716, 'training_batch_size': 8, 'training_p': 5}
	 epoch  0 training error:  tensor(0.8447, grad_fn=<ToCopyBackward0>)
Memory status after this epoch: 
Memory allocated:  1308.25732421875
Memory cached:  1360.0
	 epoch  10 training error:  tensor(0.3678, grad_fn=<ToCopyBackward0>)
Memory status after this epoch: 
Memory allocated:  1308.25732421875
Memory cached:  1360.0
	 epoch  20 training error:  tensor(0.3854, grad_fn=<ToCopyBackward0>)
Memory status after this epoch: 
Memory allocated:  1308.25732421875
Memory cached:  1360.0
	 epoch  30 training error:  tensor(0.3763, grad_fn=<ToCopyBackward0>)
Memory status after this epoch: 
Memory allocated:  1308.25732421875
Memory cached:  1360.0
	 epoch  40 training error:  tensor(0.3662, grad_fn=<ToCopyBackward0>)
Memory status after this epoch: 
Memory allocated:  1308.25732421875
Memory cached:  1360.0
	 epoch  50 training error:  tensor(0.3645, grad_fn=<ToCopyBackward0>)
Memory status after this epoch: 
Memory allocated:  1308.25732421875
Memory cached:  1360.0
	 epoch  60 training error:  tensor(0.3641, grad_fn=<ToCopyBackward0>)
Memory status after this epoch: 
Memory allocated:  1308.25732421875
Memory cached:  1360.0
	 epoch  70 training error:  tensor(0.3657, grad_fn=<ToCopyBackward0>)
Memory status after this epoch: 
Memory allocated:  1308.25732421875
Memory cached:  1360.0
	 epoch  80 training error:  tensor(0.3940, grad_fn=<ToCopyBackward0>)
Memory status after this epoch: 
Memory allocated:  1308.25732421875
Memory cached:  1360.0
	 epoch  90 training error:  tensor(0.3827, grad_fn=<ToCopyBackward0>)
Memory status after this epoch: 
Memory allocated:  1308.25732421875
Memory cached:  1360.0
[I 2024-05-17 20:33:36,218] Trial 19 finished with value: 0.25563502311706543 and parameters: {'W_layers': 7, 'W_layer_units_exponent_0': 6, 'W_layer_units_exponent_1': 10, 'W_layer_units_exponent_2': 5, 'W_layer_units_exponent_3': 5, 'W_layer_units_exponent_4': 8, 'W_layer_units_exponent_5': 7, 'W_layer_units_exponent_6': 5, 'D_layers': 4, 'D_layer_units_exponent_0': 10, 'D_layer_units_exponent_1': 8, 'D_layer_units_exponent_2': 6, 'D_layer_units_exponent_3': 10, 'D_dagger_layers': 3, 'D_dagger_layer_units_exponent_0': 4, 'D_dagger_layer_units_exponent_1': 9, 'D_dagger_layer_units_exponent_2': 10, 'log_learning_rate': -3.483330043566814, 'log_learning_rate_D': -3.856524484903611, 'log_learning_rate_D_dagger': -3.0647192688313716, 'training_batch_size': 8, 'training_p': 5}. Best is trial 11 with value: 0.11609702557325363.
Time for this trial:  704.7213020324707
Memory status after this trial: 
Memory allocated:  3509.359375
Memory cached:  3544.0
--------------------  Trial  20   --------------------
Start timing: 
Parameters: 
{'W_layers': 5, 'W_layer_units_exponent_0': 4, 'W_layer_units_exponent_1': 9, 'W_layer_units_exponent_2': 7, 'W_layer_units_exponent_3': 5, 'W_layer_units_exponent_4': 4, 'D_layers': 5, 'D_layer_units_exponent_0': 9, 'D_layer_units_exponent_1': 8, 'D_layer_units_exponent_2': 10, 'D_layer_units_exponent_3': 8, 'D_layer_units_exponent_4': 8, 'D_dagger_layers': 3, 'D_dagger_layer_units_exponent_0': 5, 'D_dagger_layer_units_exponent_1': 6, 'D_dagger_layer_units_exponent_2': 9, 'log_learning_rate': -2.616107170976289, 'log_learning_rate_D': -2.4492252837647173, 'log_learning_rate_D_dagger': -2.671741558949125, 'training_batch_size': 7, 'training_p': 6}
	 epoch  0 training error:  tensor(0.7503, grad_fn=<ToCopyBackward0>)
Memory status after this epoch: 
Memory allocated:  1305.34912109375
Memory cached:  1340.0
	 epoch  10 training error:  tensor(0.4060, grad_fn=<ToCopyBackward0>)
Memory status after this epoch: 
Memory allocated:  1305.34912109375
Memory cached:  1342.0
	 epoch  20 training error:  tensor(0.4013, grad_fn=<ToCopyBackward0>)
Memory status after this epoch: 
Memory allocated:  1305.34912109375
Memory cached:  1342.0
	 epoch  30 training error:  tensor(0.3915, grad_fn=<ToCopyBackward0>)
Memory status after this epoch: 
Memory allocated:  1305.34912109375
Memory cached:  1342.0
	 epoch  40 training error:  tensor(0.3894, grad_fn=<ToCopyBackward0>)
Memory status after this epoch: 
Memory allocated:  1305.34912109375
Memory cached:  1342.0
	 epoch  50 training error:  tensor(0.3903, grad_fn=<ToCopyBackward0>)
Memory status after this epoch: 
Memory allocated:  1305.34912109375
Memory cached:  1342.0
	 epoch  60 training error:  tensor(0.3864, grad_fn=<ToCopyBackward0>)
Memory status after this epoch: 
Memory allocated:  1305.34912109375
Memory cached:  1342.0
	 epoch  70 training error:  tensor(0.3863, grad_fn=<ToCopyBackward0>)
Memory status after this epoch: 
Memory allocated:  1305.34912109375
Memory cached:  1342.0
	 epoch  80 training error:  tensor(0.3915, grad_fn=<ToCopyBackward0>)
Memory status after this epoch: 
Memory allocated:  1305.34912109375
Memory cached:  1342.0
	 epoch  90 training error:  tensor(0.4949, grad_fn=<ToCopyBackward0>)
Memory status after this epoch: 
Memory allocated:  1305.34912109375
Memory cached:  1342.0
[I 2024-05-17 20:49:19,046] Trial 20 finished with value: 0.3542274236679077 and parameters: {'W_layers': 5, 'W_layer_units_exponent_0': 4, 'W_layer_units_exponent_1': 9, 'W_layer_units_exponent_2': 7, 'W_layer_units_exponent_3': 5, 'W_layer_units_exponent_4': 4, 'D_layers': 5, 'D_layer_units_exponent_0': 9, 'D_layer_units_exponent_1': 8, 'D_layer_units_exponent_2': 10, 'D_layer_units_exponent_3': 8, 'D_layer_units_exponent_4': 8, 'D_dagger_layers': 3, 'D_dagger_layer_units_exponent_0': 5, 'D_dagger_layer_units_exponent_1': 6, 'D_dagger_layer_units_exponent_2': 9, 'log_learning_rate': -2.616107170976289, 'log_learning_rate_D': -2.4492252837647173, 'log_learning_rate_D_dagger': -2.671741558949125, 'training_batch_size': 7, 'training_p': 6}. Best is trial 11 with value: 0.11609702557325363.
Time for this trial:  942.3626484870911
Memory status after this trial: 
Memory allocated:  2787.0068359375
Memory cached:  2806.0
--------------------  Trial  21   --------------------
Start timing: 
Parameters: 
{'W_layers': 5, 'W_layer_units_exponent_0': 5, 'W_layer_units_exponent_1': 8, 'W_layer_units_exponent_2': 6, 'W_layer_units_exponent_3': 4, 'W_layer_units_exponent_4': 8, 'D_layers': 3, 'D_layer_units_exponent_0': 9, 'D_layer_units_exponent_1': 8, 'D_layer_units_exponent_2': 6, 'D_dagger_layers': 4, 'D_dagger_layer_units_exponent_0': 5, 'D_dagger_layer_units_exponent_1': 6, 'D_dagger_layer_units_exponent_2': 8, 'D_dagger_layer_units_exponent_3': 6, 'log_learning_rate': -2.789985888210575, 'log_learning_rate_D': -2.9447463357744033, 'log_learning_rate_D_dagger': -3.605293605485947, 'training_batch_size': 7, 'training_p': 5}
	 epoch  0 training error:  tensor(0.6603, grad_fn=<ToCopyBackward0>)
Memory status after this epoch: 
Memory allocated:  1295.82568359375
Memory cached:  1338.0
	 epoch  10 training error:  tensor(0.3796, grad_fn=<ToCopyBackward0>)
Memory status after this epoch: 
Memory allocated:  1295.82568359375
Memory cached:  1338.0
	 epoch  20 training error:  tensor(0.3668, grad_fn=<ToCopyBackward0>)
Memory status after this epoch: 
Memory allocated:  1295.82568359375
Memory cached:  1338.0
	 epoch  30 training error:  tensor(0.3659, grad_fn=<ToCopyBackward0>)
Memory status after this epoch: 
Memory allocated:  1295.82568359375
Memory cached:  1338.0
	 epoch  40 training error:  tensor(0.3659, grad_fn=<ToCopyBackward0>)
Memory status after this epoch: 
Memory allocated:  1295.82568359375
Memory cached:  1338.0
	 epoch  50 training error:  tensor(0.3650, grad_fn=<ToCopyBackward0>)
Memory status after this epoch: 
Memory allocated:  1295.82568359375
Memory cached:  1338.0
	 epoch  60 training error:  tensor(0.3665, grad_fn=<ToCopyBackward0>)
Memory status after this epoch: 
Memory allocated:  1295.82568359375
Memory cached:  1338.0
	 epoch  70 training error:  tensor(0.3656, grad_fn=<ToCopyBackward0>)
Memory status after this epoch: 
Memory allocated:  1295.82568359375
Memory cached:  1338.0
	 epoch  80 training error:  tensor(0.3649, grad_fn=<ToCopyBackward0>)
Memory status after this epoch: 
Memory allocated:  1295.82568359375
Memory cached:  1338.0
	 epoch  90 training error:  tensor(0.3646, grad_fn=<ToCopyBackward0>)
Memory status after this epoch: 
Memory allocated:  1295.82568359375
Memory cached:  1338.0
[I 2024-05-17 21:04:04,031] Trial 21 finished with value: 0.25723886489868164 and parameters: {'W_layers': 5, 'W_layer_units_exponent_0': 5, 'W_layer_units_exponent_1': 8, 'W_layer_units_exponent_2': 6, 'W_layer_units_exponent_3': 4, 'W_layer_units_exponent_4': 8, 'D_layers': 3, 'D_layer_units_exponent_0': 9, 'D_layer_units_exponent_1': 8, 'D_layer_units_exponent_2': 6, 'D_dagger_layers': 4, 'D_dagger_layer_units_exponent_0': 5, 'D_dagger_layer_units_exponent_1': 6, 'D_dagger_layer_units_exponent_2': 8, 'D_dagger_layer_units_exponent_3': 6, 'log_learning_rate': -2.789985888210575, 'log_learning_rate_D': -2.9447463357744033, 'log_learning_rate_D_dagger': -3.605293605485947, 'training_batch_size': 7, 'training_p': 5}. Best is trial 11 with value: 0.11609702557325363.
Time for this trial:  884.5301072597504
Memory status after this trial: 
Memory allocated:  2067.7138671875
Memory cached:  2078.0
--------------------  Trial  22   --------------------
Start timing: 
Parameters: 
{'W_layers': 5, 'W_layer_units_exponent_0': 5, 'W_layer_units_exponent_1': 9, 'W_layer_units_exponent_2': 5, 'W_layer_units_exponent_3': 4, 'W_layer_units_exponent_4': 9, 'D_layers': 4, 'D_layer_units_exponent_0': 9, 'D_layer_units_exponent_1': 9, 'D_layer_units_exponent_2': 5, 'D_layer_units_exponent_3': 9, 'D_dagger_layers': 4, 'D_dagger_layer_units_exponent_0': 5, 'D_dagger_layer_units_exponent_1': 7, 'D_dagger_layer_units_exponent_2': 9, 'D_dagger_layer_units_exponent_3': 8, 'log_learning_rate': -2.75099004406153, 'log_learning_rate_D': -2.5206936788846503, 'log_learning_rate_D_dagger': -3.2393238018632395, 'training_batch_size': 6, 'training_p': 4}
	 epoch  0 training error:  tensor(0.5108, grad_fn=<ToCopyBackward0>)
Memory status after this epoch: 
Memory allocated:  1301.04833984375
Memory cached:  1338.0
	 epoch  10 training error:  tensor(0.3358, grad_fn=<ToCopyBackward0>)
Memory status after this epoch: 
Memory allocated:  1301.04833984375
Memory cached:  1540.0
	 epoch  20 training error:  tensor(0.3345, grad_fn=<ToCopyBackward0>)
Memory status after this epoch: 
Memory allocated:  1301.04833984375
Memory cached:  1532.0
	 epoch  30 training error:  tensor(0.3394, grad_fn=<ToCopyBackward0>)
Memory status after this epoch: 
Memory allocated:  1301.04833984375
Memory cached:  1530.0
	 epoch  40 training error:  tensor(0.3321, grad_fn=<ToCopyBackward0>)
Memory status after this epoch: 
Memory allocated:  1301.04833984375
Memory cached:  1526.0
	 epoch  50 training error:  tensor(0.3281, grad_fn=<ToCopyBackward0>)
Memory status after this epoch: 
Memory allocated:  1301.04833984375
Memory cached:  1530.0
	 epoch  60 training error:  tensor(0.1991, grad_fn=<ToCopyBackward0>)
Memory status after this epoch: 
Memory allocated:  1301.04833984375
Memory cached:  1534.0
	 epoch  70 training error:  tensor(0.1610, grad_fn=<ToCopyBackward0>)
Memory status after this epoch: 
Memory allocated:  1301.04833984375
Memory cached:  1536.0
	 epoch  80 training error:  tensor(0.1237, grad_fn=<ToCopyBackward0>)
Memory status after this epoch: 
Memory allocated:  1301.04833984375
Memory cached:  1530.0
	 epoch  90 training error:  tensor(0.1259, grad_fn=<ToCopyBackward0>)
Memory status after this epoch: 
Memory allocated:  1301.04833984375
Memory cached:  1530.0
[I 2024-05-17 21:33:38,657] Trial 22 finished with value: 0.060674648731946945 and parameters: {'W_layers': 5, 'W_layer_units_exponent_0': 5, 'W_layer_units_exponent_1': 9, 'W_layer_units_exponent_2': 5, 'W_layer_units_exponent_3': 4, 'W_layer_units_exponent_4': 9, 'D_layers': 4, 'D_layer_units_exponent_0': 9, 'D_layer_units_exponent_1': 9, 'D_layer_units_exponent_2': 5, 'D_layer_units_exponent_3': 9, 'D_dagger_layers': 4, 'D_dagger_layer_units_exponent_0': 5, 'D_dagger_layer_units_exponent_1': 7, 'D_dagger_layer_units_exponent_2': 9, 'D_dagger_layer_units_exponent_3': 8, 'log_learning_rate': -2.75099004406153, 'log_learning_rate_D': -2.5206936788846503, 'log_learning_rate_D_dagger': -3.2393238018632395, 'training_batch_size': 6, 'training_p': 4}. Best is trial 22 with value: 0.060674648731946945.
res:  tensor(0.0607, grad_fn=<ToCopyBackward0>)
self.bestValue:  tensor(0.1161, grad_fn=<ToCopyBackward0>)
Save this model!
Time for this trial:  1774.0460469722748
Memory status after this trial: 
Memory allocated:  1459.193359375
Memory cached:  1798.0
--------------------  Trial  23   --------------------
Start timing: 
Parameters: 
{'W_layers': 5, 'W_layer_units_exponent_0': 6, 'W_layer_units_exponent_1': 9, 'W_layer_units_exponent_2': 5, 'W_layer_units_exponent_3': 4, 'W_layer_units_exponent_4': 9, 'D_layers': 5, 'D_layer_units_exponent_0': 8, 'D_layer_units_exponent_1': 10, 'D_layer_units_exponent_2': 5, 'D_layer_units_exponent_3': 9, 'D_layer_units_exponent_4': 4, 'D_dagger_layers': 3, 'D_dagger_layer_units_exponent_0': 6, 'D_dagger_layer_units_exponent_1': 7, 'D_dagger_layer_units_exponent_2': 9, 'log_learning_rate': -2.3481612530677918, 'log_learning_rate_D': -2.516077907055577, 'log_learning_rate_D_dagger': -3.340058274932831, 'training_batch_size': 6, 'training_p': 4}
	 epoch  0 training error:  tensor(0.6897, grad_fn=<ToCopyBackward0>)
Memory status after this epoch: 
Memory allocated:  1466.19189453125
Memory cached:  1776.0
	 epoch  10 training error:  tensor(0.3365, grad_fn=<ToCopyBackward0>)
Memory status after this epoch: 
Memory allocated:  1466.19189453125
Memory cached:  1918.0
	 epoch  20 training error:  tensor(0.3345, grad_fn=<ToCopyBackward0>)
Memory status after this epoch: 
Memory allocated:  1466.19189453125
Memory cached:  1924.0
	 epoch  30 training error:  tensor(0.3328, grad_fn=<ToCopyBackward0>)
Memory status after this epoch: 
Memory allocated:  1466.19189453125
Memory cached:  1924.0
	 epoch  40 training error:  tensor(0.3077, grad_fn=<ToCopyBackward0>)
Memory status after this epoch: 
Memory allocated:  1466.19189453125
Memory cached:  1930.0
	 epoch  50 training error:  tensor(0.1983, grad_fn=<ToCopyBackward0>)
Memory status after this epoch: 
Memory allocated:  1466.19189453125
Memory cached:  1932.0
	 epoch  60 training error:  tensor(0.1589, grad_fn=<ToCopyBackward0>)
Memory status after this epoch: 
Memory allocated:  1466.19189453125
Memory cached:  1934.0
	 epoch  70 training error:  tensor(0.1500, grad_fn=<ToCopyBackward0>)
Memory status after this epoch: 
Memory allocated:  1466.19189453125
Memory cached:  1938.0
	 epoch  80 training error:  tensor(0.1314, grad_fn=<ToCopyBackward0>)
Memory status after this epoch: 
Memory allocated:  1466.19189453125
Memory cached:  1938.0
	 epoch  90 training error:  tensor(0.1160, grad_fn=<ToCopyBackward0>)
Memory status after this epoch: 
Memory allocated:  1466.19189453125
Memory cached:  1934.0
