[I 2024-01-01 17:59:14,500] Trial 291 finished with value: 0.2927776277065277 and parameters: {'W_layers': 5, 'W_layer_units_exponent_0': 8, 'W_layer_units_exponent_1': 10, 'W_layer_units_exponent_2': 6, 'W_layer_units_exponent_3': 7, 'W_layer_units_exponent_4': 5, 'D_layers': 5, 'D_layer_units_exponent_0': 7, 'D_layer_units_exponent_1': 9, 'D_layer_units_exponent_2': 10, 'D_layer_units_exponent_3': 8, 'D_layer_units_exponent_4': 4, 'D_dagger_layers': 3, 'D_dagger_layer_units_exponent_0': 9, 'D_dagger_layer_units_exponent_1': 4, 'D_dagger_layer_units_exponent_2': 5, 'log_learning_rate': -2.08361604430132, 'log_learning_rate_D': -3.9002491486402833, 'log_learning_rate_D_dagger': -2.4732582446445073, 'training_batch_size': 7, 'training_p': 7}. Best is trial 220 with value: 0.11745021492242813.
Time for this trial:  189.47287034988403
Memory status after this trial: 
Memory allocated:  424.06640625
Memory cached:  446.0
--------------------  Trial  292   --------------------
Start timing: 
Parameters: 
{'W_layers': 5, 'W_layer_units_exponent_0': 8, 'W_layer_units_exponent_1': 9, 'W_layer_units_exponent_2': 4, 'W_layer_units_exponent_3': 6, 'W_layer_units_exponent_4': 4, 'D_layers': 5, 'D_layer_units_exponent_0': 7, 'D_layer_units_exponent_1': 9, 'D_layer_units_exponent_2': 8, 'D_layer_units_exponent_3': 8, 'D_layer_units_exponent_4': 7, 'D_dagger_layers': 3, 'D_dagger_layer_units_exponent_0': 10, 'D_dagger_layer_units_exponent_1': 7, 'D_dagger_layer_units_exponent_2': 5, 'log_learning_rate': -2.9192312191567455, 'log_learning_rate_D': -4.0981907227402194, 'log_learning_rate_D_dagger': -2.2197174141310816, 'training_batch_size': 6, 'training_p': 7}
	 epoch  0 training error:  tensor(1.4561, device='cuda:0', grad_fn=<DivBackward0>)
Memory status after this epoch: 
Memory allocated:  211.08251953125
Memory cached:  412.0
	 epoch  10 training error:  tensor(0.5833, device='cuda:0', grad_fn=<DivBackward0>)
Memory status after this epoch: 
Memory allocated:  211.08251953125
Memory cached:  450.0
	 epoch  20 training error:  tensor(0.5478, device='cuda:0', grad_fn=<DivBackward0>)
Memory status after this epoch: 
Memory allocated:  211.08251953125
Memory cached:  446.0
	 epoch  30 training error:  tensor(0.5365, device='cuda:0', grad_fn=<DivBackward0>)
Memory status after this epoch: 
Memory allocated:  211.08251953125
Memory cached:  448.0
	 epoch  40 training error:  tensor(0.5187, device='cuda:0', grad_fn=<DivBackward0>)
Memory status after this epoch: 
Memory allocated:  211.08251953125
Memory cached:  450.0
	 epoch  50 training error:  tensor(0.5246, device='cuda:0', grad_fn=<DivBackward0>)
Memory status after this epoch: 
Memory allocated:  211.08251953125
Memory cached:  462.0
	 epoch  60 training error:  tensor(0.5171, device='cuda:0', grad_fn=<DivBackward0>)
Memory status after this epoch: 
Memory allocated:  211.08251953125
Memory cached:  452.0
	 epoch  70 training error:  tensor(0.5088, device='cuda:0', grad_fn=<DivBackward0>)
Memory status after this epoch: 
Memory allocated:  211.08251953125
Memory cached:  450.0
	 epoch  80 training error:  tensor(0.4960, device='cuda:0', grad_fn=<DivBackward0>)
Memory status after this epoch: 
Memory allocated:  211.08251953125
Memory cached:  452.0
	 epoch  90 training error:  tensor(0.3823, device='cuda:0', grad_fn=<DivBackward0>)
Memory status after this epoch: 
Memory allocated:  211.08251953125
Memory cached:  446.0
[I 2024-01-01 18:04:29,642] Trial 292 finished with value: 0.21873784065246582 and parameters: {'W_layers': 5, 'W_layer_units_exponent_0': 8, 'W_layer_units_exponent_1': 9, 'W_layer_units_exponent_2': 4, 'W_layer_units_exponent_3': 6, 'W_layer_units_exponent_4': 4, 'D_layers': 5, 'D_layer_units_exponent_0': 7, 'D_layer_units_exponent_1': 9, 'D_layer_units_exponent_2': 8, 'D_layer_units_exponent_3': 8, 'D_layer_units_exponent_4': 7, 'D_dagger_layers': 3, 'D_dagger_layer_units_exponent_0': 10, 'D_dagger_layer_units_exponent_1': 7, 'D_dagger_layer_units_exponent_2': 5, 'log_learning_rate': -2.9192312191567455, 'log_learning_rate_D': -4.0981907227402194, 'log_learning_rate_D_dagger': -2.2197174141310816, 'training_batch_size': 6, 'training_p': 7}. Best is trial 220 with value: 0.11745021492242813.
Time for this trial:  314.62480187416077
Memory status after this trial: 
Memory allocated:  383.025390625
Memory cached:  420.0
--------------------  Trial  293   --------------------
Start timing: 
Parameters: 
{'W_layers': 5, 'W_layer_units_exponent_0': 8, 'W_layer_units_exponent_1': 10, 'W_layer_units_exponent_2': 6, 'W_layer_units_exponent_3': 6, 'W_layer_units_exponent_4': 5, 'D_layers': 5, 'D_layer_units_exponent_0': 7, 'D_layer_units_exponent_1': 9, 'D_layer_units_exponent_2': 10, 'D_layer_units_exponent_3': 10, 'D_layer_units_exponent_4': 5, 'D_dagger_layers': 3, 'D_dagger_layer_units_exponent_0': 9, 'D_dagger_layer_units_exponent_1': 4, 'D_dagger_layer_units_exponent_2': 5, 'log_learning_rate': -2.813117340279757, 'log_learning_rate_D': -2.759326229315445, 'log_learning_rate_D_dagger': -2.3296793402322478, 'training_batch_size': 6, 'training_p': 7}
	 epoch  0 training error:  tensor(0.9643, device='cuda:0', grad_fn=<DivBackward0>)
Memory status after this epoch: 
Memory allocated:  233.09814453125
Memory cached:  434.0
	 epoch  10 training error:  tensor(0.5728, device='cuda:0', grad_fn=<DivBackward0>)
Memory status after this epoch: 
Memory allocated:  233.09814453125
Memory cached:  490.0
	 epoch  20 training error:  tensor(0.5893, device='cuda:0', grad_fn=<DivBackward0>)
Memory status after this epoch: 
Memory allocated:  233.09814453125
Memory cached:  480.0
	 epoch  30 training error:  tensor(0.5813, device='cuda:0', grad_fn=<DivBackward0>)
Memory status after this epoch: 
Memory allocated:  233.09814453125
Memory cached:  478.0
	 epoch  40 training error:  tensor(0.5684, device='cuda:0', grad_fn=<DivBackward0>)
Memory status after this epoch: 
Memory allocated:  233.09814453125
Memory cached:  480.0
	 epoch  50 training error:  tensor(0.6023, device='cuda:0', grad_fn=<DivBackward0>)
Memory status after this epoch: 
Memory allocated:  233.09814453125
Memory cached:  450.0
	 epoch  60 training error:  tensor(0.5726, device='cuda:0', grad_fn=<DivBackward0>)
Memory status after this epoch: 
Memory allocated:  233.09814453125
Memory cached:  450.0
	 epoch  70 training error:  tensor(0.5695, device='cuda:0', grad_fn=<DivBackward0>)
Memory status after this epoch: 
Memory allocated:  233.09814453125
Memory cached:  448.0
	 epoch  80 training error:  tensor(0.5730, device='cuda:0', grad_fn=<DivBackward0>)
Memory status after this epoch: 
Memory allocated:  233.09814453125
Memory cached:  444.0
	 epoch  90 training error:  tensor(0.5725, device='cuda:0', grad_fn=<DivBackward0>)
Memory status after this epoch: 
Memory allocated:  233.09814453125
Memory cached:  438.0
[I 2024-01-01 18:09:56,995] Trial 293 finished with value: 0.5159335136413574 and parameters: {'W_layers': 5, 'W_layer_units_exponent_0': 8, 'W_layer_units_exponent_1': 10, 'W_layer_units_exponent_2': 6, 'W_layer_units_exponent_3': 6, 'W_layer_units_exponent_4': 5, 'D_layers': 5, 'D_layer_units_exponent_0': 7, 'D_layer_units_exponent_1': 9, 'D_layer_units_exponent_2': 10, 'D_layer_units_exponent_3': 10, 'D_layer_units_exponent_4': 5, 'D_dagger_layers': 3, 'D_dagger_layer_units_exponent_0': 9, 'D_dagger_layer_units_exponent_1': 4, 'D_dagger_layer_units_exponent_2': 5, 'log_learning_rate': -2.813117340279757, 'log_learning_rate_D': -2.759326229315445, 'log_learning_rate_D_dagger': -2.3296793402322478, 'training_batch_size': 6, 'training_p': 7}. Best is trial 220 with value: 0.11745021492242813.
Time for this trial:  326.9160645008087
Memory status after this trial: 
Memory allocated:  468.0615234375
Memory cached:  480.0
--------------------  Trial  294   --------------------
Start timing: 
Parameters: 
{'W_layers': 5, 'W_layer_units_exponent_0': 8, 'W_layer_units_exponent_1': 10, 'W_layer_units_exponent_2': 6, 'W_layer_units_exponent_3': 6, 'W_layer_units_exponent_4': 6, 'D_layers': 5, 'D_layer_units_exponent_0': 10, 'D_layer_units_exponent_1': 10, 'D_layer_units_exponent_2': 8, 'D_layer_units_exponent_3': 8, 'D_layer_units_exponent_4': 4, 'D_dagger_layers': 3, 'D_dagger_layer_units_exponent_0': 9, 'D_dagger_layer_units_exponent_1': 8, 'D_dagger_layer_units_exponent_2': 4, 'log_learning_rate': -2.549234614935265, 'log_learning_rate_D': -3.7808147254085402, 'log_learning_rate_D_dagger': -2.4312864316683034, 'training_batch_size': 6, 'training_p': 7}
	 epoch  0 training error:  tensor(1.5968, device='cuda:0', grad_fn=<DivBackward0>)
Memory status after this epoch: 
Memory allocated:  230.63525390625
Memory cached:  418.0
	 epoch  10 training error:  tensor(0.6308, device='cuda:0', grad_fn=<DivBackward0>)
Memory status after this epoch: 
Memory allocated:  230.63525390625
Memory cached:  438.0
	 epoch  20 training error:  tensor(0.5350, device='cuda:0', grad_fn=<DivBackward0>)
Memory status after this epoch: 
Memory allocated:  230.63525390625
Memory cached:  430.0
	 epoch  30 training error:  tensor(0.3821, device='cuda:0', grad_fn=<DivBackward0>)
Memory status after this epoch: 
Memory allocated:  230.63525390625
Memory cached:  430.0
	 epoch  40 training error:  tensor(0.3360, device='cuda:0', grad_fn=<DivBackward0>)
Memory status after this epoch: 
Memory allocated:  230.63525390625
Memory cached:  434.0
	 epoch  50 training error:  tensor(0.3252, device='cuda:0', grad_fn=<DivBackward0>)
Memory status after this epoch: 
Memory allocated:  230.63525390625
Memory cached:  426.0
	 epoch  60 training error:  tensor(0.2693, device='cuda:0', grad_fn=<DivBackward0>)
Memory status after this epoch: 
Memory allocated:  230.63525390625
Memory cached:  428.0
	 epoch  70 training error:  tensor(0.3205, device='cuda:0', grad_fn=<DivBackward0>)
Memory status after this epoch: 
Memory allocated:  230.63525390625
Memory cached:  426.0
	 epoch  80 training error:  tensor(0.2990, device='cuda:0', grad_fn=<DivBackward0>)
Memory status after this epoch: 
Memory allocated:  230.63525390625
Memory cached:  428.0
	 epoch  90 training error:  tensor(0.2529, device='cuda:0', grad_fn=<DivBackward0>)
Memory status after this epoch: 
Memory allocated:  230.63525390625
Memory cached:  426.0
[I 2024-01-01 18:15:24,776] Trial 294 finished with value: 0.15799212455749512 and parameters: {'W_layers': 5, 'W_layer_units_exponent_0': 8, 'W_layer_units_exponent_1': 10, 'W_layer_units_exponent_2': 6, 'W_layer_units_exponent_3': 6, 'W_layer_units_exponent_4': 6, 'D_layers': 5, 'D_layer_units_exponent_0': 10, 'D_layer_units_exponent_1': 10, 'D_layer_units_exponent_2': 8, 'D_layer_units_exponent_3': 8, 'D_layer_units_exponent_4': 4, 'D_dagger_layers': 3, 'D_dagger_layer_units_exponent_0': 9, 'D_dagger_layer_units_exponent_1': 8, 'D_dagger_layer_units_exponent_2': 4, 'log_learning_rate': -2.549234614935265, 'log_learning_rate_D': -3.7808147254085402, 'log_learning_rate_D_dagger': -2.4312864316683034, 'training_batch_size': 6, 'training_p': 7}. Best is trial 220 with value: 0.11745021492242813.
Time for this trial:  327.302362203598
Memory status after this trial: 
Memory allocated:  473.0078125
Memory cached:  492.0
--------------------  Trial  295   --------------------
Start timing: 
Parameters: 
{'W_layers': 5, 'W_layer_units_exponent_0': 8, 'W_layer_units_exponent_1': 10, 'W_layer_units_exponent_2': 6, 'W_layer_units_exponent_3': 6, 'W_layer_units_exponent_4': 5, 'D_layers': 5, 'D_layer_units_exponent_0': 7, 'D_layer_units_exponent_1': 9, 'D_layer_units_exponent_2': 9, 'D_layer_units_exponent_3': 9, 'D_layer_units_exponent_4': 5, 'D_dagger_layers': 3, 'D_dagger_layer_units_exponent_0': 9, 'D_dagger_layer_units_exponent_1': 4, 'D_dagger_layer_units_exponent_2': 5, 'log_learning_rate': -3.0738364897564163, 'log_learning_rate_D': -4.941014124095086, 'log_learning_rate_D_dagger': -2.5467383332908478, 'training_batch_size': 6, 'training_p': 5}
	 epoch  0 training error:  tensor(0.8598, device='cuda:0', grad_fn=<DivBackward0>)
Memory status after this epoch: 
Memory allocated:  216.83251953125
Memory cached:  392.0
	 epoch  10 training error:  tensor(0.5322, device='cuda:0', grad_fn=<DivBackward0>)
Memory status after this epoch: 
Memory allocated:  216.83251953125
Memory cached:  432.0
	 epoch  20 training error:  tensor(0.5005, device='cuda:0', grad_fn=<DivBackward0>)
Memory status after this epoch: 
Memory allocated:  216.83251953125
Memory cached:  430.0
	 epoch  30 training error:  tensor(0.4872, device='cuda:0', grad_fn=<DivBackward0>)
Memory status after this epoch: 
Memory allocated:  216.83251953125
Memory cached:  448.0
	 epoch  40 training error:  tensor(0.4812, device='cuda:0', grad_fn=<DivBackward0>)
Memory status after this epoch: 
Memory allocated:  216.83251953125
Memory cached:  442.0
	 epoch  50 training error:  tensor(0.4716, device='cuda:0', grad_fn=<DivBackward0>)
Memory status after this epoch: 
Memory allocated:  216.83251953125
Memory cached:  432.0
	 epoch  60 training error:  tensor(0.4631, device='cuda:0', grad_fn=<DivBackward0>)
Memory status after this epoch: 
Memory allocated:  216.83251953125
Memory cached:  438.0
	 epoch  70 training error:  tensor(0.4530, device='cuda:0', grad_fn=<DivBackward0>)
Memory status after this epoch: 
Memory allocated:  216.83251953125
Memory cached:  440.0
	 epoch  80 training error:  tensor(0.3749, device='cuda:0', grad_fn=<DivBackward0>)
Memory status after this epoch: 
Memory allocated:  216.83251953125
Memory cached:  440.0
	 epoch  90 training error:  tensor(0.3185, device='cuda:0', grad_fn=<DivBackward0>)
Memory status after this epoch: 
Memory allocated:  216.83251953125
Memory cached:  436.0
[I 2024-01-01 18:20:47,808] Trial 295 finished with value: 0.31443920731544495 and parameters: {'W_layers': 5, 'W_layer_units_exponent_0': 8, 'W_layer_units_exponent_1': 10, 'W_layer_units_exponent_2': 6, 'W_layer_units_exponent_3': 6, 'W_layer_units_exponent_4': 5, 'D_layers': 5, 'D_layer_units_exponent_0': 7, 'D_layer_units_exponent_1': 9, 'D_layer_units_exponent_2': 9, 'D_layer_units_exponent_3': 9, 'D_layer_units_exponent_4': 5, 'D_dagger_layers': 3, 'D_dagger_layer_units_exponent_0': 9, 'D_dagger_layer_units_exponent_1': 4, 'D_dagger_layer_units_exponent_2': 5, 'log_learning_rate': -3.0738364897564163, 'log_learning_rate_D': -4.941014124095086, 'log_learning_rate_D_dagger': -2.5467383332908478, 'training_batch_size': 6, 'training_p': 5}. Best is trial 220 with value: 0.11745021492242813.
Time for this trial:  322.5832009315491
Memory status after this trial: 
Memory allocated:  405.7880859375
Memory cached:  422.0
--------------------  Trial  296   --------------------
Start timing: 
Parameters: 
{'W_layers': 5, 'W_layer_units_exponent_0': 7, 'W_layer_units_exponent_1': 6, 'W_layer_units_exponent_2': 6, 'W_layer_units_exponent_3': 6, 'W_layer_units_exponent_4': 5, 'D_layers': 5, 'D_layer_units_exponent_0': 7, 'D_layer_units_exponent_1': 9, 'D_layer_units_exponent_2': 10, 'D_layer_units_exponent_3': 8, 'D_layer_units_exponent_4': 4, 'D_dagger_layers': 3, 'D_dagger_layer_units_exponent_0': 9, 'D_dagger_layer_units_exponent_1': 7, 'D_dagger_layer_units_exponent_2': 5, 'log_learning_rate': -2.312269267188176, 'log_learning_rate_D': -4.004371705514645, 'log_learning_rate_D_dagger': -2.1186349895076595, 'training_batch_size': 6, 'training_p': 7}
	 epoch  0 training error:  tensor(1.2344, device='cuda:0', grad_fn=<DivBackward0>)
Memory status after this epoch: 
Memory allocated:  216.74853515625
Memory cached:  410.0
	 epoch  10 training error:  tensor(0.5714, device='cuda:0', grad_fn=<DivBackward0>)
Memory status after this epoch: 
Memory allocated:  216.74853515625
Memory cached:  434.0
	 epoch  20 training error:  tensor(0.5388, device='cuda:0', grad_fn=<DivBackward0>)
Memory status after this epoch: 
Memory allocated:  216.74853515625
Memory cached:  430.0
	 epoch  30 training error:  tensor(0.5435, device='cuda:0', grad_fn=<DivBackward0>)
Memory status after this epoch: 
Memory allocated:  216.74853515625
Memory cached:  424.0
	 epoch  40 training error:  tensor(0.5370, device='cuda:0', grad_fn=<DivBackward0>)
Memory status after this epoch: 
Memory allocated:  216.74853515625
Memory cached:  422.0
	 epoch  50 training error:  tensor(0.5242, device='cuda:0', grad_fn=<DivBackward0>)
Memory status after this epoch: 
Memory allocated:  216.74853515625
Memory cached:  428.0
	 epoch  60 training error:  tensor(0.5193, device='cuda:0', grad_fn=<DivBackward0>)
Memory status after this epoch: 
Memory allocated:  216.74853515625
Memory cached:  436.0
	 epoch  70 training error:  tensor(0.5094, device='cuda:0', grad_fn=<DivBackward0>)
Memory status after this epoch: 
Memory allocated:  216.74853515625
Memory cached:  430.0
	 epoch  80 training error:  tensor(0.3908, device='cuda:0', grad_fn=<DivBackward0>)
Memory status after this epoch: 
Memory allocated:  216.74853515625
Memory cached:  428.0
	 epoch  90 training error:  tensor(0.3836, device='cuda:0', grad_fn=<DivBackward0>)
Memory status after this epoch: 
Memory allocated:  216.74853515625
Memory cached:  422.0
[I 2024-01-01 18:26:05,132] Trial 296 finished with value: 0.2665000557899475 and parameters: {'W_layers': 5, 'W_layer_units_exponent_0': 7, 'W_layer_units_exponent_1': 6, 'W_layer_units_exponent_2': 6, 'W_layer_units_exponent_3': 6, 'W_layer_units_exponent_4': 5, 'D_layers': 5, 'D_layer_units_exponent_0': 7, 'D_layer_units_exponent_1': 9, 'D_layer_units_exponent_2': 10, 'D_layer_units_exponent_3': 8, 'D_layer_units_exponent_4': 4, 'D_dagger_layers': 3, 'D_dagger_layer_units_exponent_0': 9, 'D_dagger_layer_units_exponent_1': 7, 'D_dagger_layer_units_exponent_2': 5, 'log_learning_rate': -2.312269267188176, 'log_learning_rate_D': -4.004371705514645, 'log_learning_rate_D_dagger': -2.1186349895076595, 'training_batch_size': 6, 'training_p': 7}. Best is trial 220 with value: 0.11745021492242813.
Time for this trial:  316.8115065097809
Memory status after this trial: 
Memory allocated:  366.40625
Memory cached:  418.0
--------------------  Trial  297   --------------------
Start timing: 
Parameters: 
{'W_layers': 5, 'W_layer_units_exponent_0': 8, 'W_layer_units_exponent_1': 10, 'W_layer_units_exponent_2': 6, 'W_layer_units_exponent_3': 8, 'W_layer_units_exponent_4': 5, 'D_layers': 6, 'D_layer_units_exponent_0': 7, 'D_layer_units_exponent_1': 5, 'D_layer_units_exponent_2': 8, 'D_layer_units_exponent_3': 8, 'D_layer_units_exponent_4': 5, 'D_layer_units_exponent_5': 5, 'D_dagger_layers': 4, 'D_dagger_layer_units_exponent_0': 9, 'D_dagger_layer_units_exponent_1': 4, 'D_dagger_layer_units_exponent_2': 5, 'D_dagger_layer_units_exponent_3': 6, 'log_learning_rate': -3.4194470939323467, 'log_learning_rate_D': -4.154179029585017, 'log_learning_rate_D_dagger': -2.400084159292428, 'training_batch_size': 6, 'training_p': 7}
	 epoch  0 training error:  tensor(0.9007, device='cuda:0', grad_fn=<DivBackward0>)
Memory status after this epoch: 
Memory allocated:  209.21533203125
Memory cached:  390.0
	 epoch  10 training error:  tensor(0.5559, device='cuda:0', grad_fn=<DivBackward0>)
Memory status after this epoch: 
Memory allocated:  209.21533203125
Memory cached:  420.0
	 epoch  20 training error:  tensor(0.5426, device='cuda:0', grad_fn=<DivBackward0>)
Memory status after this epoch: 
Memory allocated:  209.21533203125
Memory cached:  418.0
	 epoch  30 training error:  tensor(0.5653, device='cuda:0', grad_fn=<DivBackward0>)
Memory status after this epoch: 
Memory allocated:  209.21533203125
Memory cached:  416.0
	 epoch  40 training error:  tensor(0.5422, device='cuda:0', grad_fn=<DivBackward0>)
Memory status after this epoch: 
Memory allocated:  209.21533203125
Memory cached:  418.0
	 epoch  50 training error:  tensor(0.5217, device='cuda:0', grad_fn=<DivBackward0>)
Memory status after this epoch: 
Memory allocated:  209.21533203125
Memory cached:  418.0
	 epoch  60 training error:  tensor(0.5077, device='cuda:0', grad_fn=<DivBackward0>)
Memory status after this epoch: 
Memory allocated:  209.21533203125
Memory cached:  418.0
	 epoch  70 training error:  tensor(0.4835, device='cuda:0', grad_fn=<DivBackward0>)
Memory status after this epoch: 
Memory allocated:  209.21533203125
Memory cached:  424.0
	 epoch  80 training error:  tensor(0.4516, device='cuda:0', grad_fn=<DivBackward0>)
Memory status after this epoch: 
Memory allocated:  209.21533203125
Memory cached:  416.0
	 epoch  90 training error:  tensor(0.5126, device='cuda:0', grad_fn=<DivBackward0>)
Memory status after this epoch: 
Memory allocated:  209.21533203125
Memory cached:  416.0
