[I 2024-01-13 02:53:09,411] Trial 107 finished with value: 0.13803419470787048 and parameters: {'W_layers': 3, 'W_layer_units_exponent_0': 7, 'W_layer_units_exponent_1': 5, 'W_layer_units_exponent_2': 9, 'D_layers': 4, 'D_layer_units_exponent_0': 5, 'D_layer_units_exponent_1': 4, 'D_layer_units_exponent_2': 8, 'D_layer_units_exponent_3': 9, 'D_dagger_layers': 7, 'D_dagger_layer_units_exponent_0': 9, 'D_dagger_layer_units_exponent_1': 7, 'D_dagger_layer_units_exponent_2': 6, 'D_dagger_layer_units_exponent_3': 5, 'D_dagger_layer_units_exponent_4': 5, 'D_dagger_layer_units_exponent_5': 7, 'D_dagger_layer_units_exponent_6': 8, 'log_learning_rate': -4.828994962930747, 'log_learning_rate_D': -3.020766186088923, 'log_learning_rate_D_dagger': -3.0168026909476113, 'training_batch_size': 6, 'training_p': 8}. Best is trial 102 with value: 0.08293309062719345.
Time for this trial:  474.7454602718353
Memory status after this trial: 
Memory allocated:  499.85107421875
Memory cached:  554.0
--------------------  Trial  108   --------------------
Start timing: 
Parameters: 
{'W_layers': 2, 'W_layer_units_exponent_0': 7, 'W_layer_units_exponent_1': 4, 'D_layers': 4, 'D_layer_units_exponent_0': 5, 'D_layer_units_exponent_1': 4, 'D_layer_units_exponent_2': 8, 'D_layer_units_exponent_3': 10, 'D_dagger_layers': 7, 'D_dagger_layer_units_exponent_0': 9, 'D_dagger_layer_units_exponent_1': 8, 'D_dagger_layer_units_exponent_2': 6, 'D_dagger_layer_units_exponent_3': 6, 'D_dagger_layer_units_exponent_4': 6, 'D_dagger_layer_units_exponent_5': 6, 'D_dagger_layer_units_exponent_6': 7, 'log_learning_rate': -4.316867261945964, 'log_learning_rate_D': -2.652694686620161, 'log_learning_rate_D_dagger': -2.7743590809993393, 'training_batch_size': 6, 'training_p': 8}
	 epoch  0 training error:  tensor(0.8551, device='cuda:0', grad_fn=<DivBackward0>)
Memory status after this epoch: 
Memory allocated:  242.5009765625
Memory cached:  554.0
	 epoch  10 training error:  tensor(0.5466, device='cuda:0', grad_fn=<DivBackward0>)
Memory status after this epoch: 
Memory allocated:  242.5009765625
Memory cached:  556.0
	 epoch  20 training error:  tensor(0.5367, device='cuda:0', grad_fn=<DivBackward0>)
Memory status after this epoch: 
Memory allocated:  242.5009765625
Memory cached:  556.0
	 epoch  30 training error:  tensor(0.5237, device='cuda:0', grad_fn=<DivBackward0>)
Memory status after this epoch: 
Memory allocated:  242.5009765625
Memory cached:  556.0
	 epoch  40 training error:  tensor(0.3355, device='cuda:0', grad_fn=<DivBackward0>)
Memory status after this epoch: 
Memory allocated:  242.5009765625
Memory cached:  556.0
	 epoch  50 training error:  tensor(0.1845, device='cuda:0', grad_fn=<DivBackward0>)
Memory status after this epoch: 
Memory allocated:  242.5009765625
Memory cached:  558.0
	 epoch  60 training error:  tensor(0.1683, device='cuda:0', grad_fn=<DivBackward0>)
Memory status after this epoch: 
Memory allocated:  242.5009765625
Memory cached:  556.0
	 epoch  70 training error:  tensor(0.1850, device='cuda:0', grad_fn=<DivBackward0>)
Memory status after this epoch: 
Memory allocated:  242.5009765625
Memory cached:  558.0
	 epoch  80 training error:  tensor(0.1312, device='cuda:0', grad_fn=<DivBackward0>)
Memory status after this epoch: 
Memory allocated:  242.5009765625
Memory cached:  556.0
	 epoch  90 training error:  tensor(0.2543, device='cuda:0', grad_fn=<DivBackward0>)
Memory status after this epoch: 
Memory allocated:  242.5009765625
Memory cached:  558.0
[I 2024-01-13 03:00:42,139] Trial 108 finished with value: 0.09470435231924057 and parameters: {'W_layers': 2, 'W_layer_units_exponent_0': 7, 'W_layer_units_exponent_1': 4, 'D_layers': 4, 'D_layer_units_exponent_0': 5, 'D_layer_units_exponent_1': 4, 'D_layer_units_exponent_2': 8, 'D_layer_units_exponent_3': 10, 'D_dagger_layers': 7, 'D_dagger_layer_units_exponent_0': 9, 'D_dagger_layer_units_exponent_1': 8, 'D_dagger_layer_units_exponent_2': 6, 'D_dagger_layer_units_exponent_3': 6, 'D_dagger_layer_units_exponent_4': 6, 'D_dagger_layer_units_exponent_5': 6, 'D_dagger_layer_units_exponent_6': 7, 'log_learning_rate': -4.316867261945964, 'log_learning_rate_D': -2.652694686620161, 'log_learning_rate_D_dagger': -2.7743590809993393, 'training_batch_size': 6, 'training_p': 8}. Best is trial 102 with value: 0.08293309062719345.
Time for this trial:  452.2859401702881
Memory status after this trial: 
Memory allocated:  500.65576171875
Memory cached:  556.0
--------------------  Trial  109   --------------------
Start timing: 
Parameters: 
{'W_layers': 2, 'W_layer_units_exponent_0': 7, 'W_layer_units_exponent_1': 4, 'D_layers': 3, 'D_layer_units_exponent_0': 5, 'D_layer_units_exponent_1': 4, 'D_layer_units_exponent_2': 8, 'D_dagger_layers': 7, 'D_dagger_layer_units_exponent_0': 9, 'D_dagger_layer_units_exponent_1': 7, 'D_dagger_layer_units_exponent_2': 6, 'D_dagger_layer_units_exponent_3': 6, 'D_dagger_layer_units_exponent_4': 6, 'D_dagger_layer_units_exponent_5': 6, 'D_dagger_layer_units_exponent_6': 7, 'log_learning_rate': -4.26260308491082, 'log_learning_rate_D': -2.8520359186007123, 'log_learning_rate_D_dagger': -2.755574849385435, 'training_batch_size': 6, 'training_p': 8}
	 epoch  0 training error:  tensor(0.6669, device='cuda:0', grad_fn=<DivBackward0>)
Memory status after this epoch: 
Memory allocated:  237.3466796875
Memory cached:  548.0
	 epoch  10 training error:  tensor(0.5569, device='cuda:0', grad_fn=<DivBackward0>)
Memory status after this epoch: 
Memory allocated:  237.3466796875
Memory cached:  548.0
	 epoch  20 training error:  tensor(0.5360, device='cuda:0', grad_fn=<DivBackward0>)
Memory status after this epoch: 
Memory allocated:  237.3466796875
Memory cached:  548.0
	 epoch  30 training error:  tensor(0.5212, device='cuda:0', grad_fn=<DivBackward0>)
Memory status after this epoch: 
Memory allocated:  237.3466796875
Memory cached:  548.0
	 epoch  40 training error:  tensor(0.3691, device='cuda:0', grad_fn=<DivBackward0>)
Memory status after this epoch: 
Memory allocated:  237.3466796875
Memory cached:  548.0
	 epoch  50 training error:  tensor(0.3787, device='cuda:0', grad_fn=<DivBackward0>)
Memory status after this epoch: 
Memory allocated:  237.3466796875
Memory cached:  548.0
	 epoch  60 training error:  tensor(0.3004, device='cuda:0', grad_fn=<DivBackward0>)
Memory status after this epoch: 
Memory allocated:  237.3466796875
Memory cached:  548.0
	 epoch  70 training error:  tensor(0.2158, device='cuda:0', grad_fn=<DivBackward0>)
Memory status after this epoch: 
Memory allocated:  237.3466796875
Memory cached:  548.0
	 epoch  80 training error:  tensor(0.1689, device='cuda:0', grad_fn=<DivBackward0>)
Memory status after this epoch: 
Memory allocated:  237.3466796875
Memory cached:  548.0
	 epoch  90 training error:  tensor(0.1217, device='cuda:0', grad_fn=<DivBackward0>)
Memory status after this epoch: 
Memory allocated:  237.3466796875
Memory cached:  548.0
[I 2024-01-13 03:07:41,446] Trial 109 finished with value: 0.08286681026220322 and parameters: {'W_layers': 2, 'W_layer_units_exponent_0': 7, 'W_layer_units_exponent_1': 4, 'D_layers': 3, 'D_layer_units_exponent_0': 5, 'D_layer_units_exponent_1': 4, 'D_layer_units_exponent_2': 8, 'D_dagger_layers': 7, 'D_dagger_layer_units_exponent_0': 9, 'D_dagger_layer_units_exponent_1': 7, 'D_dagger_layer_units_exponent_2': 6, 'D_dagger_layer_units_exponent_3': 6, 'D_dagger_layer_units_exponent_4': 6, 'D_dagger_layer_units_exponent_5': 6, 'D_dagger_layer_units_exponent_6': 7, 'log_learning_rate': -4.26260308491082, 'log_learning_rate_D': -2.8520359186007123, 'log_learning_rate_D_dagger': -2.755574849385435, 'training_batch_size': 6, 'training_p': 8}. Best is trial 109 with value: 0.08286681026220322.
res:  tensor(0.0829, device='cuda:0', grad_fn=<DivBackward0>)
self.bestValue:  tensor(0.0829, device='cuda:0', grad_fn=<DivBackward0>)
Save this model!
Time for this trial:  418.8146402835846
Memory status after this trial: 
Memory allocated:  152.20263671875
Memory cached:  492.0
--------------------  Trial  110   --------------------
Start timing: 
Parameters: 
{'W_layers': 2, 'W_layer_units_exponent_0': 7, 'W_layer_units_exponent_1': 5, 'D_layers': 3, 'D_layer_units_exponent_0': 5, 'D_layer_units_exponent_1': 4, 'D_layer_units_exponent_2': 8, 'D_dagger_layers': 7, 'D_dagger_layer_units_exponent_0': 9, 'D_dagger_layer_units_exponent_1': 7, 'D_dagger_layer_units_exponent_2': 6, 'D_dagger_layer_units_exponent_3': 6, 'D_dagger_layer_units_exponent_4': 6, 'D_dagger_layer_units_exponent_5': 6, 'D_dagger_layer_units_exponent_6': 7, 'log_learning_rate': -4.262851635019424, 'log_learning_rate_D': -2.6483283034146425, 'log_learning_rate_D_dagger': -2.7327282015014944, 'training_batch_size': 6, 'training_p': 8}
	 epoch  0 training error:  tensor(0.7807, device='cuda:0', grad_fn=<DivBackward0>)
Memory status after this epoch: 
Memory allocated:  153.84521484375
Memory cached:  474.0
	 epoch  10 training error:  tensor(0.5481, device='cuda:0', grad_fn=<DivBackward0>)
Memory status after this epoch: 
Memory allocated:  153.84521484375
Memory cached:  474.0
	 epoch  20 training error:  tensor(0.5397, device='cuda:0', grad_fn=<DivBackward0>)
Memory status after this epoch: 
Memory allocated:  153.84521484375
Memory cached:  474.0
	 epoch  30 training error:  tensor(0.5426, device='cuda:0', grad_fn=<DivBackward0>)
Memory status after this epoch: 
Memory allocated:  153.84521484375
Memory cached:  474.0
	 epoch  40 training error:  tensor(0.5455, device='cuda:0', grad_fn=<DivBackward0>)
Memory status after this epoch: 
Memory allocated:  153.84521484375
Memory cached:  474.0
	 epoch  50 training error:  tensor(0.5241, device='cuda:0', grad_fn=<DivBackward0>)
Memory status after this epoch: 
Memory allocated:  153.84521484375
Memory cached:  474.0
	 epoch  60 training error:  tensor(0.4038, device='cuda:0', grad_fn=<DivBackward0>)
Memory status after this epoch: 
Memory allocated:  153.84521484375
Memory cached:  474.0
	 epoch  70 training error:  tensor(0.3850, device='cuda:0', grad_fn=<DivBackward0>)
Memory status after this epoch: 
Memory allocated:  153.84521484375
Memory cached:  474.0
	 epoch  80 training error:  tensor(0.3589, device='cuda:0', grad_fn=<DivBackward0>)
Memory status after this epoch: 
Memory allocated:  153.84521484375
Memory cached:  474.0
	 epoch  90 training error:  tensor(0.2325, device='cuda:0', grad_fn=<DivBackward0>)
Memory status after this epoch: 
Memory allocated:  153.84521484375
Memory cached:  474.0
[I 2024-01-13 03:14:43,768] Trial 110 finished with value: 0.2613932192325592 and parameters: {'W_layers': 2, 'W_layer_units_exponent_0': 7, 'W_layer_units_exponent_1': 5, 'D_layers': 3, 'D_layer_units_exponent_0': 5, 'D_layer_units_exponent_1': 4, 'D_layer_units_exponent_2': 8, 'D_dagger_layers': 7, 'D_dagger_layer_units_exponent_0': 9, 'D_dagger_layer_units_exponent_1': 7, 'D_dagger_layer_units_exponent_2': 6, 'D_dagger_layer_units_exponent_3': 6, 'D_dagger_layer_units_exponent_4': 6, 'D_dagger_layer_units_exponent_5': 6, 'D_dagger_layer_units_exponent_6': 7, 'log_learning_rate': -4.262851635019424, 'log_learning_rate_D': -2.6483283034146425, 'log_learning_rate_D_dagger': -2.7327282015014944, 'training_batch_size': 6, 'training_p': 8}. Best is trial 109 with value: 0.08286681026220322.
Time for this trial:  421.90032863616943
Memory status after this trial: 
Memory allocated:  305.6748046875
Memory cached:  474.0
--------------------  Trial  111   --------------------
Start timing: 
Parameters: 
{'W_layers': 2, 'W_layer_units_exponent_0': 7, 'W_layer_units_exponent_1': 4, 'D_layers': 2, 'D_layer_units_exponent_0': 5, 'D_layer_units_exponent_1': 4, 'D_dagger_layers': 7, 'D_dagger_layer_units_exponent_0': 9, 'D_dagger_layer_units_exponent_1': 7, 'D_dagger_layer_units_exponent_2': 6, 'D_dagger_layer_units_exponent_3': 5, 'D_dagger_layer_units_exponent_4': 5, 'D_dagger_layer_units_exponent_5': 6, 'D_dagger_layer_units_exponent_6': 8, 'log_learning_rate': -4.336178404508248, 'log_learning_rate_D': -2.8630634371988886, 'log_learning_rate_D_dagger': -2.90960308669817, 'training_batch_size': 6, 'training_p': 8}
	 epoch  0 training error:  tensor(1.1826, device='cuda:0', grad_fn=<DivBackward0>)
Memory status after this epoch: 
Memory allocated:  153.76513671875
Memory cached:  474.0
	 epoch  10 training error:  tensor(0.5736, device='cuda:0', grad_fn=<DivBackward0>)
Memory status after this epoch: 
Memory allocated:  153.76513671875
Memory cached:  474.0
	 epoch  20 training error:  tensor(0.5468, device='cuda:0', grad_fn=<DivBackward0>)
Memory status after this epoch: 
Memory allocated:  153.76513671875
Memory cached:  474.0
	 epoch  30 training error:  tensor(0.5295, device='cuda:0', grad_fn=<DivBackward0>)
Memory status after this epoch: 
Memory allocated:  153.76513671875
Memory cached:  474.0
	 epoch  40 training error:  tensor(0.5391, device='cuda:0', grad_fn=<DivBackward0>)
Memory status after this epoch: 
Memory allocated:  153.76513671875
Memory cached:  474.0
	 epoch  50 training error:  tensor(0.5306, device='cuda:0', grad_fn=<DivBackward0>)
Memory status after this epoch: 
Memory allocated:  153.76513671875
Memory cached:  474.0
	 epoch  60 training error:  tensor(0.5167, device='cuda:0', grad_fn=<DivBackward0>)
Memory status after this epoch: 
Memory allocated:  153.76513671875
Memory cached:  474.0
	 epoch  70 training error:  tensor(0.5253, device='cuda:0', grad_fn=<DivBackward0>)
Memory status after this epoch: 
Memory allocated:  153.76513671875
Memory cached:  474.0
	 epoch  80 training error:  tensor(0.5018, device='cuda:0', grad_fn=<DivBackward0>)
Memory status after this epoch: 
Memory allocated:  153.76513671875
Memory cached:  474.0
	 epoch  90 training error:  tensor(0.4236, device='cuda:0', grad_fn=<DivBackward0>)
Memory status after this epoch: 
Memory allocated:  153.76513671875
Memory cached:  474.0
[I 2024-01-13 03:21:24,013] Trial 111 finished with value: 0.19378484785556793 and parameters: {'W_layers': 2, 'W_layer_units_exponent_0': 7, 'W_layer_units_exponent_1': 4, 'D_layers': 2, 'D_layer_units_exponent_0': 5, 'D_layer_units_exponent_1': 4, 'D_dagger_layers': 7, 'D_dagger_layer_units_exponent_0': 9, 'D_dagger_layer_units_exponent_1': 7, 'D_dagger_layer_units_exponent_2': 6, 'D_dagger_layer_units_exponent_3': 5, 'D_dagger_layer_units_exponent_4': 5, 'D_dagger_layer_units_exponent_5': 6, 'D_dagger_layer_units_exponent_6': 8, 'log_learning_rate': -4.336178404508248, 'log_learning_rate_D': -2.8630634371988886, 'log_learning_rate_D_dagger': -2.90960308669817, 'training_batch_size': 6, 'training_p': 8}. Best is trial 109 with value: 0.08286681026220322.
Time for this trial:  399.8333191871643
Memory status after this trial: 
Memory allocated:  285.60791015625
Memory cached:  474.0
--------------------  Trial  112   --------------------
Start timing: 
Parameters: 
{'W_layers': 2, 'W_layer_units_exponent_0': 7, 'W_layer_units_exponent_1': 4, 'D_layers': 4, 'D_layer_units_exponent_0': 5, 'D_layer_units_exponent_1': 4, 'D_layer_units_exponent_2': 8, 'D_layer_units_exponent_3': 10, 'D_dagger_layers': 7, 'D_dagger_layer_units_exponent_0': 9, 'D_dagger_layer_units_exponent_1': 7, 'D_dagger_layer_units_exponent_2': 6, 'D_dagger_layer_units_exponent_3': 6, 'D_dagger_layer_units_exponent_4': 6, 'D_dagger_layer_units_exponent_5': 7, 'D_dagger_layer_units_exponent_6': 7, 'log_learning_rate': -4.767877568573118, 'log_learning_rate_D': -2.759625331674277, 'log_learning_rate_D_dagger': -2.8136240487304596, 'training_batch_size': 6, 'training_p': 8}
	 epoch  0 training error:  tensor(0.9456, device='cuda:0', grad_fn=<DivBackward0>)
Memory status after this epoch: 
Memory allocated:  158.02880859375
Memory cached:  476.0
	 epoch  10 training error:  tensor(0.5528, device='cuda:0', grad_fn=<DivBackward0>)
Memory status after this epoch: 
Memory allocated:  158.02880859375
Memory cached:  476.0
	 epoch  20 training error:  tensor(0.4899, device='cuda:0', grad_fn=<DivBackward0>)
Memory status after this epoch: 
Memory allocated:  158.02880859375
Memory cached:  476.0
	 epoch  30 training error:  tensor(0.3504, device='cuda:0', grad_fn=<DivBackward0>)
Memory status after this epoch: 
Memory allocated:  158.02880859375
Memory cached:  476.0
	 epoch  40 training error:  tensor(0.2635, device='cuda:0', grad_fn=<DivBackward0>)
Memory status after this epoch: 
Memory allocated:  158.02880859375
Memory cached:  476.0
	 epoch  50 training error:  tensor(0.2298, device='cuda:0', grad_fn=<DivBackward0>)
Memory status after this epoch: 
Memory allocated:  158.02880859375
Memory cached:  476.0
	 epoch  60 training error:  tensor(0.1824, device='cuda:0', grad_fn=<DivBackward0>)
Memory status after this epoch: 
Memory allocated:  158.02880859375
Memory cached:  476.0
	 epoch  70 training error:  tensor(0.1989, device='cuda:0', grad_fn=<DivBackward0>)
Memory status after this epoch: 
Memory allocated:  158.02880859375
Memory cached:  476.0
	 epoch  80 training error:  tensor(0.1247, device='cuda:0', grad_fn=<DivBackward0>)
Memory status after this epoch: 
Memory allocated:  158.02880859375
Memory cached:  476.0
	 epoch  90 training error:  tensor(0.1223, device='cuda:0', grad_fn=<DivBackward0>)
Memory status after this epoch: 
Memory allocated:  158.02880859375
Memory cached:  476.0
[I 2024-01-13 03:28:52,212] Trial 112 finished with value: 0.11334087699651718 and parameters: {'W_layers': 2, 'W_layer_units_exponent_0': 7, 'W_layer_units_exponent_1': 4, 'D_layers': 4, 'D_layer_units_exponent_0': 5, 'D_layer_units_exponent_1': 4, 'D_layer_units_exponent_2': 8, 'D_layer_units_exponent_3': 10, 'D_dagger_layers': 7, 'D_dagger_layer_units_exponent_0': 9, 'D_dagger_layer_units_exponent_1': 7, 'D_dagger_layer_units_exponent_2': 6, 'D_dagger_layer_units_exponent_3': 6, 'D_dagger_layer_units_exponent_4': 6, 'D_dagger_layer_units_exponent_5': 7, 'D_dagger_layer_units_exponent_6': 7, 'log_learning_rate': -4.767877568573118, 'log_learning_rate_D': -2.759625331674277, 'log_learning_rate_D_dagger': -2.8136240487304596, 'training_batch_size': 6, 'training_p': 8}. Best is trial 109 with value: 0.08286681026220322.
Time for this trial:  447.78854060173035
Memory status after this trial: 
Memory allocated:  409.8173828125
Memory cached:  476.0
--------------------  Trial  113   --------------------
Start timing: 
Parameters: 
{'W_layers': 2, 'W_layer_units_exponent_0': 7, 'W_layer_units_exponent_1': 4, 'D_layers': 4, 'D_layer_units_exponent_0': 5, 'D_layer_units_exponent_1': 4, 'D_layer_units_exponent_2': 8, 'D_layer_units_exponent_3': 10, 'D_dagger_layers': 7, 'D_dagger_layer_units_exponent_0': 9, 'D_dagger_layer_units_exponent_1': 6, 'D_dagger_layer_units_exponent_2': 6, 'D_dagger_layer_units_exponent_3': 6, 'D_dagger_layer_units_exponent_4': 6, 'D_dagger_layer_units_exponent_5': 7, 'D_dagger_layer_units_exponent_6': 7, 'log_learning_rate': -4.587713849387256, 'log_learning_rate_D': -2.724973625851141, 'log_learning_rate_D_dagger': -2.793871833543494, 'training_batch_size': 6, 'training_p': 8}
	 epoch  0 training error:  tensor(0.7496, device='cuda:0', grad_fn=<DivBackward0>)
Memory status after this epoch: 
Memory allocated:  157.46630859375
Memory cached:  474.0
	 epoch  10 training error:  tensor(0.5445, device='cuda:0', grad_fn=<DivBackward0>)
Memory status after this epoch: 
Memory allocated:  157.46630859375
Memory cached:  476.0
	 epoch  20 training error:  tensor(0.5384, device='cuda:0', grad_fn=<DivBackward0>)
Memory status after this epoch: 
Memory allocated:  157.46630859375
Memory cached:  474.0
	 epoch  30 training error:  tensor(0.4945, device='cuda:0', grad_fn=<DivBackward0>)
Memory status after this epoch: 
Memory allocated:  157.46630859375
Memory cached:  474.0
	 epoch  40 training error:  tensor(0.3060, device='cuda:0', grad_fn=<DivBackward0>)
Memory status after this epoch: 
Memory allocated:  157.46630859375
Memory cached:  474.0
	 epoch  50 training error:  tensor(0.2637, device='cuda:0', grad_fn=<DivBackward0>)
Memory status after this epoch: 
Memory allocated:  157.46630859375
Memory cached:  474.0
	 epoch  60 training error:  tensor(0.1937, device='cuda:0', grad_fn=<DivBackward0>)
Memory status after this epoch: 
Memory allocated:  157.46630859375
Memory cached:  474.0
	 epoch  70 training error:  tensor(0.1838, device='cuda:0', grad_fn=<DivBackward0>)
Memory status after this epoch: 
Memory allocated:  157.46630859375
Memory cached:  474.0
	 epoch  80 training error:  tensor(0.1417, device='cuda:0', grad_fn=<DivBackward0>)
Memory status after this epoch: 
Memory allocated:  157.46630859375
Memory cached:  474.0
	 epoch  90 training error:  tensor(0.1433, device='cuda:0', grad_fn=<DivBackward0>)
Memory status after this epoch: 
Memory allocated:  157.46630859375
Memory cached:  474.0
