[I 2024-01-14 00:37:59,521] Trial 144 finished with value: 0.08841452747583389 and parameters: {'W_layers': 3, 'W_layer_units_exponent_0': 4, 'W_layer_units_exponent_1': 4, 'W_layer_units_exponent_2': 9, 'D_layers': 2, 'D_layer_units_exponent_0': 9, 'D_layer_units_exponent_1': 10, 'D_dagger_layers': 4, 'D_dagger_layer_units_exponent_0': 10, 'D_dagger_layer_units_exponent_1': 7, 'D_dagger_layer_units_exponent_2': 6, 'D_dagger_layer_units_exponent_3': 4, 'log_learning_rate': -2.0259054623217247, 'log_learning_rate_D': -3.845147800837547, 'log_learning_rate_D_dagger': -3.30467810087336, 'training_batch_size': 11, 'training_p': 2}. Best is trial 33 with value: 0.08818560093641281.
Time for this trial:  20.577879428863525
Memory status after this trial: 
Memory allocated:  444.84912109375
Memory cached:  500.0
--------------------  Trial  145   --------------------
Start timing: 
Parameters: 
{'W_layers': 3, 'W_layer_units_exponent_0': 4, 'W_layer_units_exponent_1': 4, 'W_layer_units_exponent_2': 9, 'D_layers': 2, 'D_layer_units_exponent_0': 9, 'D_layer_units_exponent_1': 10, 'D_dagger_layers': 4, 'D_dagger_layer_units_exponent_0': 10, 'D_dagger_layer_units_exponent_1': 7, 'D_dagger_layer_units_exponent_2': 6, 'D_dagger_layer_units_exponent_3': 4, 'log_learning_rate': -1.806233635475356, 'log_learning_rate_D': -4.0020697917220245, 'log_learning_rate_D_dagger': -3.2541701160354686, 'training_batch_size': 11, 'training_p': 2}
	 epoch  0 training error:  tensor(1.1067, device='cuda:0', grad_fn=<DivBackward0>)
Memory status after this epoch: 
Memory allocated:  262.33447265625
Memory cached:  386.0
	 epoch  10 training error:  tensor(0.4419, device='cuda:0', grad_fn=<DivBackward0>)
Memory status after this epoch: 
Memory allocated:  262.33447265625
Memory cached:  386.0
	 epoch  20 training error:  tensor(0.2533, device='cuda:0', grad_fn=<DivBackward0>)
Memory status after this epoch: 
Memory allocated:  262.33447265625
Memory cached:  386.0
	 epoch  30 training error:  tensor(0.1221, device='cuda:0', grad_fn=<DivBackward0>)
Memory status after this epoch: 
Memory allocated:  262.33447265625
Memory cached:  386.0
	 epoch  40 training error:  tensor(0.0998, device='cuda:0', grad_fn=<DivBackward0>)
Memory status after this epoch: 
Memory allocated:  262.33447265625
Memory cached:  386.0
	 epoch  50 training error:  tensor(0.0901, device='cuda:0', grad_fn=<DivBackward0>)
Memory status after this epoch: 
Memory allocated:  262.33447265625
Memory cached:  386.0
	 epoch  60 training error:  tensor(0.0860, device='cuda:0', grad_fn=<DivBackward0>)
Memory status after this epoch: 
Memory allocated:  262.33447265625
Memory cached:  386.0
	 epoch  70 training error:  tensor(0.0836, device='cuda:0', grad_fn=<DivBackward0>)
Memory status after this epoch: 
Memory allocated:  262.33447265625
Memory cached:  386.0
	 epoch  80 training error:  tensor(0.0834, device='cuda:0', grad_fn=<DivBackward0>)
Memory status after this epoch: 
Memory allocated:  262.33447265625
Memory cached:  386.0
	 epoch  90 training error:  tensor(0.0831, device='cuda:0', grad_fn=<DivBackward0>)
Memory status after this epoch: 
Memory allocated:  262.33447265625
Memory cached:  386.0
[I 2024-01-14 00:38:20,415] Trial 145 finished with value: 0.08842495828866959 and parameters: {'W_layers': 3, 'W_layer_units_exponent_0': 4, 'W_layer_units_exponent_1': 4, 'W_layer_units_exponent_2': 9, 'D_layers': 2, 'D_layer_units_exponent_0': 9, 'D_layer_units_exponent_1': 10, 'D_dagger_layers': 4, 'D_dagger_layer_units_exponent_0': 10, 'D_dagger_layer_units_exponent_1': 7, 'D_dagger_layer_units_exponent_2': 6, 'D_dagger_layer_units_exponent_3': 4, 'log_learning_rate': -1.806233635475356, 'log_learning_rate_D': -4.0020697917220245, 'log_learning_rate_D_dagger': -3.2541701160354686, 'training_batch_size': 11, 'training_p': 2}. Best is trial 33 with value: 0.08818560093641281.
Time for this trial:  20.579513788223267
Memory status after this trial: 
Memory allocated:  444.84912109375
Memory cached:  502.0
--------------------  Trial  146   --------------------
Start timing: 
Parameters: 
{'W_layers': 3, 'W_layer_units_exponent_0': 4, 'W_layer_units_exponent_1': 4, 'W_layer_units_exponent_2': 9, 'D_layers': 2, 'D_layer_units_exponent_0': 9, 'D_layer_units_exponent_1': 10, 'D_dagger_layers': 4, 'D_dagger_layer_units_exponent_0': 10, 'D_dagger_layer_units_exponent_1': 7, 'D_dagger_layer_units_exponent_2': 6, 'D_dagger_layer_units_exponent_3': 4, 'log_learning_rate': -1.8933255242795493, 'log_learning_rate_D': -3.910455594717249, 'log_learning_rate_D_dagger': -2.9449527707205427, 'training_batch_size': 11, 'training_p': 2}
	 epoch  0 training error:  tensor(1.1408, device='cuda:0', grad_fn=<DivBackward0>)
Memory status after this epoch: 
Memory allocated:  262.33447265625
Memory cached:  384.0
	 epoch  10 training error:  tensor(0.2223, device='cuda:0', grad_fn=<DivBackward0>)
Memory status after this epoch: 
Memory allocated:  262.33447265625
Memory cached:  384.0
	 epoch  20 training error:  tensor(0.1765, device='cuda:0', grad_fn=<DivBackward0>)
Memory status after this epoch: 
Memory allocated:  262.33447265625
Memory cached:  384.0
	 epoch  30 training error:  tensor(0.1232, device='cuda:0', grad_fn=<DivBackward0>)
Memory status after this epoch: 
Memory allocated:  262.33447265625
Memory cached:  384.0
	 epoch  40 training error:  tensor(0.0936, device='cuda:0', grad_fn=<DivBackward0>)
Memory status after this epoch: 
Memory allocated:  262.33447265625
Memory cached:  384.0
	 epoch  50 training error:  tensor(0.0868, device='cuda:0', grad_fn=<DivBackward0>)
Memory status after this epoch: 
Memory allocated:  262.33447265625
Memory cached:  384.0
	 epoch  60 training error:  tensor(0.0858, device='cuda:0', grad_fn=<DivBackward0>)
Memory status after this epoch: 
Memory allocated:  262.33447265625
Memory cached:  384.0
	 epoch  70 training error:  tensor(0.0861, device='cuda:0', grad_fn=<DivBackward0>)
Memory status after this epoch: 
Memory allocated:  262.33447265625
Memory cached:  384.0
	 epoch  80 training error:  tensor(0.0839, device='cuda:0', grad_fn=<DivBackward0>)
Memory status after this epoch: 
Memory allocated:  262.33447265625
Memory cached:  384.0
	 epoch  90 training error:  tensor(0.0831, device='cuda:0', grad_fn=<DivBackward0>)
Memory status after this epoch: 
Memory allocated:  262.33447265625
Memory cached:  384.0
[I 2024-01-14 00:38:41,458] Trial 146 finished with value: 0.08840612322092056 and parameters: {'W_layers': 3, 'W_layer_units_exponent_0': 4, 'W_layer_units_exponent_1': 4, 'W_layer_units_exponent_2': 9, 'D_layers': 2, 'D_layer_units_exponent_0': 9, 'D_layer_units_exponent_1': 10, 'D_dagger_layers': 4, 'D_dagger_layer_units_exponent_0': 10, 'D_dagger_layer_units_exponent_1': 7, 'D_dagger_layer_units_exponent_2': 6, 'D_dagger_layer_units_exponent_3': 4, 'log_learning_rate': -1.8933255242795493, 'log_learning_rate_D': -3.910455594717249, 'log_learning_rate_D_dagger': -2.9449527707205427, 'training_batch_size': 11, 'training_p': 2}. Best is trial 33 with value: 0.08818560093641281.
Time for this trial:  20.700873613357544
Memory status after this trial: 
Memory allocated:  444.84912109375
Memory cached:  500.0
--------------------  Trial  147   --------------------
Start timing: 
Parameters: 
{'W_layers': 3, 'W_layer_units_exponent_0': 4, 'W_layer_units_exponent_1': 4, 'W_layer_units_exponent_2': 9, 'D_layers': 2, 'D_layer_units_exponent_0': 9, 'D_layer_units_exponent_1': 10, 'D_dagger_layers': 4, 'D_dagger_layer_units_exponent_0': 10, 'D_dagger_layer_units_exponent_1': 7, 'D_dagger_layer_units_exponent_2': 6, 'D_dagger_layer_units_exponent_3': 4, 'log_learning_rate': -1.7402977446297183, 'log_learning_rate_D': -3.7550735397505317, 'log_learning_rate_D_dagger': -3.155003226778332, 'training_batch_size': 11, 'training_p': 4}
	 epoch  0 training error:  tensor(0.6707, device='cuda:0', grad_fn=<DivBackward0>)
Memory status after this epoch: 
Memory allocated:  262.33447265625
Memory cached:  386.0
	 epoch  10 training error:  tensor(0.7962, device='cuda:0', grad_fn=<DivBackward0>)
Memory status after this epoch: 
Memory allocated:  262.33447265625
Memory cached:  386.0
	 epoch  20 training error:  tensor(0.2038, device='cuda:0', grad_fn=<DivBackward0>)
Memory status after this epoch: 
Memory allocated:  262.33447265625
Memory cached:  386.0
	 epoch  30 training error:  tensor(0.2062, device='cuda:0', grad_fn=<DivBackward0>)
Memory status after this epoch: 
Memory allocated:  262.33447265625
Memory cached:  386.0
	 epoch  40 training error:  tensor(0.1314, device='cuda:0', grad_fn=<DivBackward0>)
Memory status after this epoch: 
Memory allocated:  262.33447265625
Memory cached:  386.0
	 epoch  50 training error:  tensor(0.1194, device='cuda:0', grad_fn=<DivBackward0>)
Memory status after this epoch: 
Memory allocated:  262.33447265625
Memory cached:  386.0
	 epoch  60 training error:  tensor(0.1080, device='cuda:0', grad_fn=<DivBackward0>)
Memory status after this epoch: 
Memory allocated:  262.33447265625
Memory cached:  386.0
	 epoch  70 training error:  tensor(0.1044, device='cuda:0', grad_fn=<DivBackward0>)
Memory status after this epoch: 
Memory allocated:  262.33447265625
Memory cached:  386.0
	 epoch  80 training error:  tensor(0.1039, device='cuda:0', grad_fn=<DivBackward0>)
Memory status after this epoch: 
Memory allocated:  262.33447265625
Memory cached:  386.0
	 epoch  90 training error:  tensor(0.1037, device='cuda:0', grad_fn=<DivBackward0>)
Memory status after this epoch: 
Memory allocated:  262.33447265625
Memory cached:  386.0
[I 2024-01-14 00:39:02,606] Trial 147 finished with value: 0.09048064798116684 and parameters: {'W_layers': 3, 'W_layer_units_exponent_0': 4, 'W_layer_units_exponent_1': 4, 'W_layer_units_exponent_2': 9, 'D_layers': 2, 'D_layer_units_exponent_0': 9, 'D_layer_units_exponent_1': 10, 'D_dagger_layers': 4, 'D_dagger_layer_units_exponent_0': 10, 'D_dagger_layer_units_exponent_1': 7, 'D_dagger_layer_units_exponent_2': 6, 'D_dagger_layer_units_exponent_3': 4, 'log_learning_rate': -1.7402977446297183, 'log_learning_rate_D': -3.7550735397505317, 'log_learning_rate_D_dagger': -3.155003226778332, 'training_batch_size': 11, 'training_p': 4}. Best is trial 33 with value: 0.08818560093641281.
Time for this trial:  20.83593225479126
Memory status after this trial: 
Memory allocated:  444.84912109375
Memory cached:  502.0
--------------------  Trial  148   --------------------
Start timing: 
Parameters: 
{'W_layers': 4, 'W_layer_units_exponent_0': 4, 'W_layer_units_exponent_1': 4, 'W_layer_units_exponent_2': 7, 'W_layer_units_exponent_3': 10, 'D_layers': 2, 'D_layer_units_exponent_0': 9, 'D_layer_units_exponent_1': 10, 'D_dagger_layers': 4, 'D_dagger_layer_units_exponent_0': 10, 'D_dagger_layer_units_exponent_1': 6, 'D_dagger_layer_units_exponent_2': 6, 'D_dagger_layer_units_exponent_3': 4, 'log_learning_rate': -2.014200682127062, 'log_learning_rate_D': -4.06000275169227, 'log_learning_rate_D_dagger': -3.098369788602474, 'training_batch_size': 11, 'training_p': 2}
	 epoch  0 training error:  tensor(1.0167, device='cuda:0', grad_fn=<DivBackward0>)
Memory status after this epoch: 
Memory allocated:  263.19580078125
Memory cached:  382.0
	 epoch  10 training error:  tensor(0.5591, device='cuda:0', grad_fn=<DivBackward0>)
Memory status after this epoch: 
Memory allocated:  263.19580078125
Memory cached:  382.0
	 epoch  20 training error:  tensor(0.2838, device='cuda:0', grad_fn=<DivBackward0>)
Memory status after this epoch: 
Memory allocated:  263.19580078125
Memory cached:  382.0
	 epoch  30 training error:  tensor(0.1271, device='cuda:0', grad_fn=<DivBackward0>)
Memory status after this epoch: 
Memory allocated:  263.19580078125
Memory cached:  382.0
	 epoch  40 training error:  tensor(0.1104, device='cuda:0', grad_fn=<DivBackward0>)
Memory status after this epoch: 
Memory allocated:  263.19580078125
Memory cached:  382.0
	 epoch  50 training error:  tensor(0.0925, device='cuda:0', grad_fn=<DivBackward0>)
Memory status after this epoch: 
Memory allocated:  263.19580078125
Memory cached:  382.0
	 epoch  60 training error:  tensor(0.0876, device='cuda:0', grad_fn=<DivBackward0>)
Memory status after this epoch: 
Memory allocated:  263.19580078125
Memory cached:  382.0
	 epoch  70 training error:  tensor(0.0851, device='cuda:0', grad_fn=<DivBackward0>)
Memory status after this epoch: 
Memory allocated:  263.19580078125
Memory cached:  382.0
	 epoch  80 training error:  tensor(0.0835, device='cuda:0', grad_fn=<DivBackward0>)
Memory status after this epoch: 
Memory allocated:  263.19580078125
Memory cached:  382.0
	 epoch  90 training error:  tensor(0.0833, device='cuda:0', grad_fn=<DivBackward0>)
Memory status after this epoch: 
Memory allocated:  263.19580078125
Memory cached:  382.0
[I 2024-01-14 00:39:24,385] Trial 148 finished with value: 0.08846580237150192 and parameters: {'W_layers': 4, 'W_layer_units_exponent_0': 4, 'W_layer_units_exponent_1': 4, 'W_layer_units_exponent_2': 7, 'W_layer_units_exponent_3': 10, 'D_layers': 2, 'D_layer_units_exponent_0': 9, 'D_layer_units_exponent_1': 10, 'D_dagger_layers': 4, 'D_dagger_layer_units_exponent_0': 10, 'D_dagger_layer_units_exponent_1': 6, 'D_dagger_layer_units_exponent_2': 6, 'D_dagger_layer_units_exponent_3': 4, 'log_learning_rate': -2.014200682127062, 'log_learning_rate_D': -4.06000275169227, 'log_learning_rate_D_dagger': -3.098369788602474, 'training_batch_size': 11, 'training_p': 2}. Best is trial 33 with value: 0.08818560093641281.
Time for this trial:  21.446955919265747
Memory status after this trial: 
Memory allocated:  500.86572265625
Memory cached:  586.0
--------------------  Trial  149   --------------------
Start timing: 
Parameters: 
{'W_layers': 3, 'W_layer_units_exponent_0': 4, 'W_layer_units_exponent_1': 4, 'W_layer_units_exponent_2': 8, 'D_layers': 2, 'D_layer_units_exponent_0': 9, 'D_layer_units_exponent_1': 10, 'D_dagger_layers': 4, 'D_dagger_layer_units_exponent_0': 10, 'D_dagger_layer_units_exponent_1': 7, 'D_dagger_layer_units_exponent_2': 6, 'D_dagger_layer_units_exponent_3': 4, 'log_learning_rate': -1.6453409600278175, 'log_learning_rate_D': -3.8776718581458467, 'log_learning_rate_D_dagger': -3.2479669251855445, 'training_batch_size': 11, 'training_p': 2}
	 epoch  0 training error:  tensor(1.1615, device='cuda:0', grad_fn=<DivBackward0>)
Memory status after this epoch: 
Memory allocated:  262.26416015625
Memory cached:  382.0
	 epoch  10 training error:  tensor(0.5035, device='cuda:0', grad_fn=<DivBackward0>)
Memory status after this epoch: 
Memory allocated:  262.26416015625
Memory cached:  382.0
	 epoch  20 training error:  tensor(0.2668, device='cuda:0', grad_fn=<DivBackward0>)
Memory status after this epoch: 
Memory allocated:  262.26416015625
Memory cached:  382.0
	 epoch  30 training error:  tensor(0.1281, device='cuda:0', grad_fn=<DivBackward0>)
Memory status after this epoch: 
Memory allocated:  262.26416015625
Memory cached:  382.0
	 epoch  40 training error:  tensor(0.0990, device='cuda:0', grad_fn=<DivBackward0>)
Memory status after this epoch: 
Memory allocated:  262.26416015625
Memory cached:  382.0
	 epoch  50 training error:  tensor(0.0907, device='cuda:0', grad_fn=<DivBackward0>)
Memory status after this epoch: 
Memory allocated:  262.26416015625
Memory cached:  382.0
	 epoch  60 training error:  tensor(0.0875, device='cuda:0', grad_fn=<DivBackward0>)
Memory status after this epoch: 
Memory allocated:  262.26416015625
Memory cached:  382.0
	 epoch  70 training error:  tensor(0.0839, device='cuda:0', grad_fn=<DivBackward0>)
Memory status after this epoch: 
Memory allocated:  262.26416015625
Memory cached:  382.0
	 epoch  80 training error:  tensor(0.0842, device='cuda:0', grad_fn=<DivBackward0>)
Memory status after this epoch: 
Memory allocated:  262.26416015625
Memory cached:  382.0
	 epoch  90 training error:  tensor(0.0833, device='cuda:0', grad_fn=<DivBackward0>)
Memory status after this epoch: 
Memory allocated:  262.26416015625
Memory cached:  382.0
[I 2024-01-14 00:39:45,358] Trial 149 finished with value: 0.08835363388061523 and parameters: {'W_layers': 3, 'W_layer_units_exponent_0': 4, 'W_layer_units_exponent_1': 4, 'W_layer_units_exponent_2': 8, 'D_layers': 2, 'D_layer_units_exponent_0': 9, 'D_layer_units_exponent_1': 10, 'D_dagger_layers': 4, 'D_dagger_layer_units_exponent_0': 10, 'D_dagger_layer_units_exponent_1': 7, 'D_dagger_layer_units_exponent_2': 6, 'D_dagger_layer_units_exponent_3': 4, 'log_learning_rate': -1.6453409600278175, 'log_learning_rate_D': -3.8776718581458467, 'log_learning_rate_D_dagger': -3.2479669251855445, 'training_batch_size': 11, 'training_p': 2}. Best is trial 33 with value: 0.08818560093641281.
Time for this trial:  20.633581161499023
Memory status after this trial: 
Memory allocated:  421.84521484375
Memory cached:  478.0
--------------------  Trial  150   --------------------
Start timing: 
Parameters: 
{'W_layers': 3, 'W_layer_units_exponent_0': 4, 'W_layer_units_exponent_1': 4, 'W_layer_units_exponent_2': 8, 'D_layers': 2, 'D_layer_units_exponent_0': 9, 'D_layer_units_exponent_1': 10, 'D_dagger_layers': 4, 'D_dagger_layer_units_exponent_0': 10, 'D_dagger_layer_units_exponent_1': 7, 'D_dagger_layer_units_exponent_2': 6, 'D_dagger_layer_units_exponent_3': 4, 'log_learning_rate': -1.6527739928208065, 'log_learning_rate_D': -3.8236279231559798, 'log_learning_rate_D_dagger': -3.492864045695893, 'training_batch_size': 11, 'training_p': 2}
	 epoch  0 training error:  tensor(1.1275, device='cuda:0', grad_fn=<DivBackward0>)
Memory status after this epoch: 
Memory allocated:  262.26416015625
Memory cached:  382.0
	 epoch  10 training error:  tensor(0.3117, device='cuda:0', grad_fn=<DivBackward0>)
Memory status after this epoch: 
Memory allocated:  262.26416015625
Memory cached:  382.0
	 epoch  20 training error:  tensor(0.2093, device='cuda:0', grad_fn=<DivBackward0>)
Memory status after this epoch: 
Memory allocated:  262.26416015625
Memory cached:  382.0
	 epoch  30 training error:  tensor(0.1176, device='cuda:0', grad_fn=<DivBackward0>)
Memory status after this epoch: 
Memory allocated:  262.26416015625
Memory cached:  382.0
	 epoch  40 training error:  tensor(0.0965, device='cuda:0', grad_fn=<DivBackward0>)
Memory status after this epoch: 
Memory allocated:  262.26416015625
Memory cached:  382.0
	 epoch  50 training error:  tensor(0.0893, device='cuda:0', grad_fn=<DivBackward0>)
Memory status after this epoch: 
Memory allocated:  262.26416015625
Memory cached:  382.0
	 epoch  60 training error:  tensor(0.0860, device='cuda:0', grad_fn=<DivBackward0>)
Memory status after this epoch: 
Memory allocated:  262.26416015625
Memory cached:  382.0
	 epoch  70 training error:  tensor(0.0843, device='cuda:0', grad_fn=<DivBackward0>)
Memory status after this epoch: 
Memory allocated:  262.26416015625
Memory cached:  382.0
	 epoch  80 training error:  tensor(0.0836, device='cuda:0', grad_fn=<DivBackward0>)
Memory status after this epoch: 
Memory allocated:  262.26416015625
Memory cached:  382.0
	 epoch  90 training error:  tensor(0.0832, device='cuda:0', grad_fn=<DivBackward0>)
Memory status after this epoch: 
Memory allocated:  262.26416015625
Memory cached:  382.0
