[I 2023-12-07 04:20:20,157] Trial 93 finished with value: 0.2575226426124573 and parameters: {'W_layers': 7, 'W_layer_units_exponent_0': 8, 'W_layer_units_exponent_1': 6, 'W_layer_units_exponent_2': 6, 'W_layer_units_exponent_3': 6, 'W_layer_units_exponent_4': 7, 'W_layer_units_exponent_5': 4, 'W_layer_units_exponent_6': 8, 'D_layers': 5, 'D_layer_units_exponent_0': 9, 'D_layer_units_exponent_1': 6, 'D_layer_units_exponent_2': 6, 'D_layer_units_exponent_3': 9, 'D_layer_units_exponent_4': 10, 'D_dagger_layers': 7, 'D_dagger_layer_units_exponent_0': 9, 'D_dagger_layer_units_exponent_1': 4, 'D_dagger_layer_units_exponent_2': 9, 'D_dagger_layer_units_exponent_3': 6, 'D_dagger_layer_units_exponent_4': 9, 'D_dagger_layer_units_exponent_5': 6, 'D_dagger_layer_units_exponent_6': 6, 'log_learning_rate': -2.9711445509532877, 'log_learning_rate_D': -3.387766760299716, 'log_learning_rate_D_dagger': -3.302301473807482, 'training_batch_size': 12, 'training_p': 5}. Best is trial 45 with value: 0.17419132590293884.
Time for this trial:  226.9171278476715
Memory status after this trial: 
Memory allocated:  688.93115234375
Memory cached:  798.0
--------------------  Trial  94   --------------------
Start timing: 
Parameters: 
{'W_layers': 6, 'W_layer_units_exponent_0': 5, 'W_layer_units_exponent_1': 6, 'W_layer_units_exponent_2': 5, 'W_layer_units_exponent_3': 10, 'W_layer_units_exponent_4': 7, 'W_layer_units_exponent_5': 8, 'D_layers': 4, 'D_layer_units_exponent_0': 9, 'D_layer_units_exponent_1': 6, 'D_layer_units_exponent_2': 5, 'D_layer_units_exponent_3': 10, 'D_dagger_layers': 7, 'D_dagger_layer_units_exponent_0': 6, 'D_dagger_layer_units_exponent_1': 10, 'D_dagger_layer_units_exponent_2': 9, 'D_dagger_layer_units_exponent_3': 6, 'D_dagger_layer_units_exponent_4': 10, 'D_dagger_layer_units_exponent_5': 6, 'D_dagger_layer_units_exponent_6': 6, 'log_learning_rate': -3.2744004959998705, 'log_learning_rate_D': -3.5779113902533144, 'log_learning_rate_D_dagger': -3.094336775590108, 'training_batch_size': 11, 'training_p': 5}
	 epoch  0 training error:  tensor(0.9880, device='cuda:0', grad_fn=<DivBackward0>)
Memory status after this epoch: 
Memory allocated:  454.986328125
Memory cached:  768.0
	 epoch  10 training error:  tensor(0.4879, device='cuda:0', grad_fn=<DivBackward0>)
Memory status after this epoch: 
Memory allocated:  454.986328125
Memory cached:  770.0
	 epoch  20 training error:  tensor(0.4231, device='cuda:0', grad_fn=<DivBackward0>)
Memory status after this epoch: 
Memory allocated:  454.986328125
Memory cached:  770.0
	 epoch  30 training error:  tensor(0.3793, device='cuda:0', grad_fn=<DivBackward0>)
Memory status after this epoch: 
Memory allocated:  454.986328125
Memory cached:  768.0
	 epoch  40 training error:  tensor(0.3570, device='cuda:0', grad_fn=<DivBackward0>)
Memory status after this epoch: 
Memory allocated:  454.986328125
Memory cached:  768.0
	 epoch  50 training error:  tensor(0.3415, device='cuda:0', grad_fn=<DivBackward0>)
Memory status after this epoch: 
Memory allocated:  454.986328125
Memory cached:  768.0
	 epoch  60 training error:  tensor(0.3228, device='cuda:0', grad_fn=<DivBackward0>)
Memory status after this epoch: 
Memory allocated:  454.986328125
Memory cached:  770.0
	 epoch  70 training error:  tensor(0.3093, device='cuda:0', grad_fn=<DivBackward0>)
Memory status after this epoch: 
Memory allocated:  454.986328125
Memory cached:  770.0
	 epoch  80 training error:  tensor(0.3609, device='cuda:0', grad_fn=<DivBackward0>)
Memory status after this epoch: 
Memory allocated:  454.986328125
Memory cached:  770.0
	 epoch  90 training error:  tensor(0.3266, device='cuda:0', grad_fn=<DivBackward0>)
Memory status after this epoch: 
Memory allocated:  454.986328125
Memory cached:  768.0
[I 2023-12-07 04:24:07,601] Trial 94 finished with value: 0.2758655250072479 and parameters: {'W_layers': 6, 'W_layer_units_exponent_0': 5, 'W_layer_units_exponent_1': 6, 'W_layer_units_exponent_2': 5, 'W_layer_units_exponent_3': 10, 'W_layer_units_exponent_4': 7, 'W_layer_units_exponent_5': 8, 'D_layers': 4, 'D_layer_units_exponent_0': 9, 'D_layer_units_exponent_1': 6, 'D_layer_units_exponent_2': 5, 'D_layer_units_exponent_3': 10, 'D_dagger_layers': 7, 'D_dagger_layer_units_exponent_0': 6, 'D_dagger_layer_units_exponent_1': 10, 'D_dagger_layer_units_exponent_2': 9, 'D_dagger_layer_units_exponent_3': 6, 'D_dagger_layer_units_exponent_4': 10, 'D_dagger_layer_units_exponent_5': 6, 'D_dagger_layer_units_exponent_6': 6, 'log_learning_rate': -3.2744004959998705, 'log_learning_rate_D': -3.5779113902533144, 'log_learning_rate_D_dagger': -3.094336775590108, 'training_batch_size': 11, 'training_p': 5}. Best is trial 45 with value: 0.17419132590293884.
Time for this trial:  227.13353371620178
Memory status after this trial: 
Memory allocated:  755.916015625
Memory cached:  798.0
--------------------  Trial  95   --------------------
Start timing: 
Parameters: 
{'W_layers': 7, 'W_layer_units_exponent_0': 6, 'W_layer_units_exponent_1': 5, 'W_layer_units_exponent_2': 5, 'W_layer_units_exponent_3': 9, 'W_layer_units_exponent_4': 6, 'W_layer_units_exponent_5': 5, 'W_layer_units_exponent_6': 9, 'D_layers': 2, 'D_layer_units_exponent_0': 8, 'D_layer_units_exponent_1': 7, 'D_dagger_layers': 8, 'D_dagger_layer_units_exponent_0': 10, 'D_dagger_layer_units_exponent_1': 5, 'D_dagger_layer_units_exponent_2': 10, 'D_dagger_layer_units_exponent_3': 6, 'D_dagger_layer_units_exponent_4': 9, 'D_dagger_layer_units_exponent_5': 5, 'D_dagger_layer_units_exponent_6': 5, 'D_dagger_layer_units_exponent_7': 9, 'log_learning_rate': -3.1096923185368084, 'log_learning_rate_D': -3.082227702328037, 'log_learning_rate_D_dagger': -3.368625771685034, 'training_batch_size': 12, 'training_p': 5}
	 epoch  0 training error:  tensor(1.0126, device='cuda:0', grad_fn=<DivBackward0>)
Memory status after this epoch: 
Memory allocated:  443.9296875
Memory cached:  778.0
	 epoch  10 training error:  tensor(0.4801, device='cuda:0', grad_fn=<DivBackward0>)
Memory status after this epoch: 
Memory allocated:  443.9296875
Memory cached:  826.0
	 epoch  20 training error:  tensor(0.4330, device='cuda:0', grad_fn=<DivBackward0>)
Memory status after this epoch: 
Memory allocated:  443.9296875
Memory cached:  826.0
	 epoch  30 training error:  tensor(0.4053, device='cuda:0', grad_fn=<DivBackward0>)
Memory status after this epoch: 
Memory allocated:  443.9296875
Memory cached:  818.0
	 epoch  40 training error:  tensor(0.3763, device='cuda:0', grad_fn=<DivBackward0>)
Memory status after this epoch: 
Memory allocated:  443.9296875
Memory cached:  830.0
	 epoch  50 training error:  tensor(0.3386, device='cuda:0', grad_fn=<DivBackward0>)
Memory status after this epoch: 
Memory allocated:  443.9296875
Memory cached:  826.0
	 epoch  60 training error:  tensor(0.3376, device='cuda:0', grad_fn=<DivBackward0>)
Memory status after this epoch: 
Memory allocated:  443.9296875
Memory cached:  822.0
	 epoch  70 training error:  tensor(0.3438, device='cuda:0', grad_fn=<DivBackward0>)
Memory status after this epoch: 
Memory allocated:  443.9296875
Memory cached:  820.0
	 epoch  80 training error:  tensor(0.3097, device='cuda:0', grad_fn=<DivBackward0>)
Memory status after this epoch: 
Memory allocated:  443.9296875
Memory cached:  826.0
	 epoch  90 training error:  tensor(0.3269, device='cuda:0', grad_fn=<DivBackward0>)
Memory status after this epoch: 
Memory allocated:  443.9296875
Memory cached:  826.0
[I 2023-12-07 04:27:44,069] Trial 95 finished with value: 0.22351419925689697 and parameters: {'W_layers': 7, 'W_layer_units_exponent_0': 6, 'W_layer_units_exponent_1': 5, 'W_layer_units_exponent_2': 5, 'W_layer_units_exponent_3': 9, 'W_layer_units_exponent_4': 6, 'W_layer_units_exponent_5': 5, 'W_layer_units_exponent_6': 9, 'D_layers': 2, 'D_layer_units_exponent_0': 8, 'D_layer_units_exponent_1': 7, 'D_dagger_layers': 8, 'D_dagger_layer_units_exponent_0': 10, 'D_dagger_layer_units_exponent_1': 5, 'D_dagger_layer_units_exponent_2': 10, 'D_dagger_layer_units_exponent_3': 6, 'D_dagger_layer_units_exponent_4': 9, 'D_dagger_layer_units_exponent_5': 5, 'D_dagger_layer_units_exponent_6': 5, 'D_dagger_layer_units_exponent_7': 9, 'log_learning_rate': -3.1096923185368084, 'log_learning_rate_D': -3.082227702328037, 'log_learning_rate_D_dagger': -3.368625771685034, 'training_batch_size': 12, 'training_p': 5}. Best is trial 45 with value: 0.17419132590293884.
Time for this trial:  216.15306067466736
Memory status after this trial: 
Memory allocated:  692.63623046875
Memory cached:  804.0
--------------------  Trial  96   --------------------
Start timing: 
Parameters: 
{'W_layers': 5, 'W_layer_units_exponent_0': 6, 'W_layer_units_exponent_1': 5, 'W_layer_units_exponent_2': 5, 'W_layer_units_exponent_3': 9, 'W_layer_units_exponent_4': 6, 'D_layers': 3, 'D_layer_units_exponent_0': 10, 'D_layer_units_exponent_1': 7, 'D_layer_units_exponent_2': 7, 'D_dagger_layers': 8, 'D_dagger_layer_units_exponent_0': 10, 'D_dagger_layer_units_exponent_1': 5, 'D_dagger_layer_units_exponent_2': 10, 'D_dagger_layer_units_exponent_3': 5, 'D_dagger_layer_units_exponent_4': 8, 'D_dagger_layer_units_exponent_5': 5, 'D_dagger_layer_units_exponent_6': 5, 'D_dagger_layer_units_exponent_7': 9, 'log_learning_rate': -3.476064470988473, 'log_learning_rate_D': -3.0626124169877214, 'log_learning_rate_D_dagger': -3.3831581640830555, 'training_batch_size': 11, 'training_p': 6}
	 epoch  0 training error:  tensor(0.9650, device='cuda:0', grad_fn=<DivBackward0>)
Memory status after this epoch: 
Memory allocated:  444.404296875
Memory cached:  768.0
	 epoch  10 training error:  tensor(0.5376, device='cuda:0', grad_fn=<DivBackward0>)
Memory status after this epoch: 
Memory allocated:  444.404296875
Memory cached:  772.0
	 epoch  20 training error:  tensor(0.4454, device='cuda:0', grad_fn=<DivBackward0>)
Memory status after this epoch: 
Memory allocated:  444.404296875
Memory cached:  770.0
	 epoch  30 training error:  tensor(0.3754, device='cuda:0', grad_fn=<DivBackward0>)
Memory status after this epoch: 
Memory allocated:  444.404296875
Memory cached:  770.0
	 epoch  40 training error:  tensor(0.3510, device='cuda:0', grad_fn=<DivBackward0>)
Memory status after this epoch: 
Memory allocated:  444.404296875
Memory cached:  772.0
	 epoch  50 training error:  tensor(0.3215, device='cuda:0', grad_fn=<DivBackward0>)
Memory status after this epoch: 
Memory allocated:  444.404296875
Memory cached:  770.0
	 epoch  60 training error:  tensor(0.3252, device='cuda:0', grad_fn=<DivBackward0>)
Memory status after this epoch: 
Memory allocated:  444.404296875
Memory cached:  770.0
	 epoch  70 training error:  tensor(0.3389, device='cuda:0', grad_fn=<DivBackward0>)
Memory status after this epoch: 
Memory allocated:  444.404296875
Memory cached:  768.0
	 epoch  80 training error:  tensor(0.3209, device='cuda:0', grad_fn=<DivBackward0>)
Memory status after this epoch: 
Memory allocated:  444.404296875
Memory cached:  770.0
	 epoch  90 training error:  tensor(0.2867, device='cuda:0', grad_fn=<DivBackward0>)
Memory status after this epoch: 
Memory allocated:  444.404296875
Memory cached:  770.0
[I 2023-12-07 04:31:15,961] Trial 96 finished with value: 0.249522402882576 and parameters: {'W_layers': 5, 'W_layer_units_exponent_0': 6, 'W_layer_units_exponent_1': 5, 'W_layer_units_exponent_2': 5, 'W_layer_units_exponent_3': 9, 'W_layer_units_exponent_4': 6, 'D_layers': 3, 'D_layer_units_exponent_0': 10, 'D_layer_units_exponent_1': 7, 'D_layer_units_exponent_2': 7, 'D_dagger_layers': 8, 'D_dagger_layer_units_exponent_0': 10, 'D_dagger_layer_units_exponent_1': 5, 'D_dagger_layer_units_exponent_2': 10, 'D_dagger_layer_units_exponent_3': 5, 'D_dagger_layer_units_exponent_4': 8, 'D_dagger_layer_units_exponent_5': 5, 'D_dagger_layer_units_exponent_6': 5, 'D_dagger_layer_units_exponent_7': 9, 'log_learning_rate': -3.476064470988473, 'log_learning_rate_D': -3.0626124169877214, 'log_learning_rate_D_dagger': -3.3831581640830555, 'training_batch_size': 11, 'training_p': 6}. Best is trial 45 with value: 0.17419132590293884.
Time for this trial:  211.5956003665924
Memory status after this trial: 
Memory allocated:  699.23095703125
Memory cached:  768.0
--------------------  Trial  97   --------------------
Start timing: 
Parameters: 
{'W_layers': 5, 'W_layer_units_exponent_0': 6, 'W_layer_units_exponent_1': 5, 'W_layer_units_exponent_2': 5, 'W_layer_units_exponent_3': 9, 'W_layer_units_exponent_4': 6, 'D_layers': 3, 'D_layer_units_exponent_0': 10, 'D_layer_units_exponent_1': 7, 'D_layer_units_exponent_2': 8, 'D_dagger_layers': 8, 'D_dagger_layer_units_exponent_0': 10, 'D_dagger_layer_units_exponent_1': 5, 'D_dagger_layer_units_exponent_2': 10, 'D_dagger_layer_units_exponent_3': 7, 'D_dagger_layer_units_exponent_4': 8, 'D_dagger_layer_units_exponent_5': 5, 'D_dagger_layer_units_exponent_6': 4, 'D_dagger_layer_units_exponent_7': 9, 'log_learning_rate': -3.4939355621796, 'log_learning_rate_D': -3.006554359168045, 'log_learning_rate_D_dagger': -3.4157492479073785, 'training_batch_size': 12, 'training_p': 5}
	 epoch  0 training error:  tensor(0.9355, device='cuda:0', grad_fn=<DivBackward0>)
Memory status after this epoch: 
Memory allocated:  446.400390625
Memory cached:  774.0
	 epoch  10 training error:  tensor(0.5299, device='cuda:0', grad_fn=<DivBackward0>)
Memory status after this epoch: 
Memory allocated:  446.400390625
Memory cached:  808.0
	 epoch  20 training error:  tensor(0.4515, device='cuda:0', grad_fn=<DivBackward0>)
Memory status after this epoch: 
Memory allocated:  446.400390625
Memory cached:  798.0
	 epoch  30 training error:  tensor(0.3911, device='cuda:0', grad_fn=<DivBackward0>)
Memory status after this epoch: 
Memory allocated:  446.400390625
Memory cached:  800.0
	 epoch  40 training error:  tensor(0.3544, device='cuda:0', grad_fn=<DivBackward0>)
Memory status after this epoch: 
Memory allocated:  446.400390625
Memory cached:  800.0
	 epoch  50 training error:  tensor(0.3259, device='cuda:0', grad_fn=<DivBackward0>)
Memory status after this epoch: 
Memory allocated:  446.400390625
Memory cached:  806.0
	 epoch  60 training error:  tensor(0.3373, device='cuda:0', grad_fn=<DivBackward0>)
Memory status after this epoch: 
Memory allocated:  446.400390625
Memory cached:  790.0
	 epoch  70 training error:  tensor(0.2704, device='cuda:0', grad_fn=<DivBackward0>)
Memory status after this epoch: 
Memory allocated:  446.400390625
Memory cached:  794.0
	 epoch  80 training error:  tensor(0.2624, device='cuda:0', grad_fn=<DivBackward0>)
Memory status after this epoch: 
Memory allocated:  446.400390625
Memory cached:  802.0
	 epoch  90 training error:  tensor(0.2270, device='cuda:0', grad_fn=<DivBackward0>)
Memory status after this epoch: 
Memory allocated:  446.400390625
Memory cached:  802.0
[I 2023-12-07 04:34:49,751] Trial 97 finished with value: 0.23931093513965607 and parameters: {'W_layers': 5, 'W_layer_units_exponent_0': 6, 'W_layer_units_exponent_1': 5, 'W_layer_units_exponent_2': 5, 'W_layer_units_exponent_3': 9, 'W_layer_units_exponent_4': 6, 'D_layers': 3, 'D_layer_units_exponent_0': 10, 'D_layer_units_exponent_1': 7, 'D_layer_units_exponent_2': 8, 'D_dagger_layers': 8, 'D_dagger_layer_units_exponent_0': 10, 'D_dagger_layer_units_exponent_1': 5, 'D_dagger_layer_units_exponent_2': 10, 'D_dagger_layer_units_exponent_3': 7, 'D_dagger_layer_units_exponent_4': 8, 'D_dagger_layer_units_exponent_5': 5, 'D_dagger_layer_units_exponent_6': 4, 'D_dagger_layer_units_exponent_7': 9, 'log_learning_rate': -3.4939355621796, 'log_learning_rate_D': -3.006554359168045, 'log_learning_rate_D_dagger': -3.4157492479073785, 'training_batch_size': 12, 'training_p': 5}. Best is trial 45 with value: 0.17419132590293884.
Time for this trial:  213.49646162986755
Memory status after this trial: 
Memory allocated:  710.47314453125
Memory cached:  788.0
--------------------  Trial  98   --------------------
Start timing: 
Parameters: 
{'W_layers': 5, 'W_layer_units_exponent_0': 6, 'W_layer_units_exponent_1': 5, 'W_layer_units_exponent_2': 5, 'W_layer_units_exponent_3': 8, 'W_layer_units_exponent_4': 6, 'D_layers': 3, 'D_layer_units_exponent_0': 10, 'D_layer_units_exponent_1': 7, 'D_layer_units_exponent_2': 8, 'D_dagger_layers': 8, 'D_dagger_layer_units_exponent_0': 10, 'D_dagger_layer_units_exponent_1': 5, 'D_dagger_layer_units_exponent_2': 10, 'D_dagger_layer_units_exponent_3': 7, 'D_dagger_layer_units_exponent_4': 8, 'D_dagger_layer_units_exponent_5': 5, 'D_dagger_layer_units_exponent_6': 4, 'D_dagger_layer_units_exponent_7': 9, 'log_learning_rate': -3.514394220902598, 'log_learning_rate_D': -3.0547828845711464, 'log_learning_rate_D_dagger': -3.4170305549802977, 'training_batch_size': 12, 'training_p': 6}
	 epoch  0 training error:  tensor(0.8950, device='cuda:0', grad_fn=<DivBackward0>)
Memory status after this epoch: 
Memory allocated:  446.021484375
Memory cached:  774.0
	 epoch  10 training error:  tensor(0.5125, device='cuda:0', grad_fn=<DivBackward0>)
Memory status after this epoch: 
Memory allocated:  446.021484375
Memory cached:  794.0
	 epoch  20 training error:  tensor(0.4536, device='cuda:0', grad_fn=<DivBackward0>)
Memory status after this epoch: 
Memory allocated:  446.021484375
Memory cached:  794.0
	 epoch  30 training error:  tensor(0.3928, device='cuda:0', grad_fn=<DivBackward0>)
Memory status after this epoch: 
Memory allocated:  446.021484375
Memory cached:  798.0
	 epoch  40 training error:  tensor(0.3432, device='cuda:0', grad_fn=<DivBackward0>)
Memory status after this epoch: 
Memory allocated:  446.021484375
Memory cached:  794.0
	 epoch  50 training error:  tensor(0.3347, device='cuda:0', grad_fn=<DivBackward0>)
Memory status after this epoch: 
Memory allocated:  446.021484375
Memory cached:  792.0
	 epoch  60 training error:  tensor(0.3171, device='cuda:0', grad_fn=<DivBackward0>)
Memory status after this epoch: 
Memory allocated:  446.021484375
Memory cached:  800.0
	 epoch  70 training error:  tensor(0.2864, device='cuda:0', grad_fn=<DivBackward0>)
Memory status after this epoch: 
Memory allocated:  446.021484375
Memory cached:  800.0
	 epoch  80 training error:  tensor(0.3488, device='cuda:0', grad_fn=<DivBackward0>)
Memory status after this epoch: 
Memory allocated:  446.021484375
Memory cached:  798.0
	 epoch  90 training error:  tensor(0.2995, device='cuda:0', grad_fn=<DivBackward0>)
Memory status after this epoch: 
Memory allocated:  446.021484375
Memory cached:  798.0
