[I 2024-02-17 02:33:56,542] Trial 77 finished with value: 0.046417247503995895 and parameters: {'W_layers': 4, 'W_layer_units_exponent_0': 8, 'W_layer_units_exponent_1': 8, 'W_layer_units_exponent_2': 4, 'W_layer_units_exponent_3': 7, 'D_layers': 3, 'D_layer_units_exponent_0': 8, 'D_layer_units_exponent_1': 8, 'D_layer_units_exponent_2': 8, 'D_dagger_layers': 4, 'D_dagger_layer_units_exponent_0': 10, 'D_dagger_layer_units_exponent_1': 5, 'D_dagger_layer_units_exponent_2': 6, 'D_dagger_layer_units_exponent_3': 6, 'log_learning_rate': -3.5491644058515885, 'log_learning_rate_D': -3.775982556667663, 'log_learning_rate_D_dagger': -2.4232765341999514, 'training_batch_size': 6, 'training_p': 6}. Best is trial 45 with value: 0.03961218520998955.
Time for this trial:  684.7292037010193
Memory status after this trial: 
Memory allocated:  1298.20849609375
Memory cached:  1330.0
--------------------  Trial  78   --------------------
Start timing: 
Parameters: 
{'W_layers': 8, 'W_layer_units_exponent_0': 8, 'W_layer_units_exponent_1': 8, 'W_layer_units_exponent_2': 4, 'W_layer_units_exponent_3': 7, 'W_layer_units_exponent_4': 5, 'W_layer_units_exponent_5': 5, 'W_layer_units_exponent_6': 7, 'W_layer_units_exponent_7': 4, 'D_layers': 3, 'D_layer_units_exponent_0': 9, 'D_layer_units_exponent_1': 8, 'D_layer_units_exponent_2': 8, 'D_dagger_layers': 4, 'D_dagger_layer_units_exponent_0': 10, 'D_dagger_layer_units_exponent_1': 6, 'D_dagger_layer_units_exponent_2': 5, 'D_dagger_layer_units_exponent_3': 6, 'log_learning_rate': -3.5872128548527047, 'log_learning_rate_D': -3.8025346156695186, 'log_learning_rate_D_dagger': -2.449740541654999, 'training_batch_size': 7, 'training_p': 6}
	 epoch  0 training error:  tensor(0.7548, device='cuda:0', grad_fn=<DivBackward0>)
Memory status after this epoch: 
Memory allocated:  759.3212890625
Memory cached:  1330.0
	 epoch  10 training error:  tensor(0.5110, device='cuda:0', grad_fn=<DivBackward0>)
Memory status after this epoch: 
Memory allocated:  759.3212890625
Memory cached:  1330.0
	 epoch  20 training error:  tensor(0.4871, device='cuda:0', grad_fn=<DivBackward0>)
Memory status after this epoch: 
Memory allocated:  759.3212890625
Memory cached:  1330.0
	 epoch  30 training error:  tensor(0.4719, device='cuda:0', grad_fn=<DivBackward0>)
Memory status after this epoch: 
Memory allocated:  759.3212890625
Memory cached:  1330.0
	 epoch  40 training error:  tensor(0.2981, device='cuda:0', grad_fn=<DivBackward0>)
Memory status after this epoch: 
Memory allocated:  759.3212890625
Memory cached:  1330.0
	 epoch  50 training error:  tensor(0.2021, device='cuda:0', grad_fn=<DivBackward0>)
Memory status after this epoch: 
Memory allocated:  759.3212890625
Memory cached:  1330.0
	 epoch  60 training error:  tensor(0.2300, device='cuda:0', grad_fn=<DivBackward0>)
Memory status after this epoch: 
Memory allocated:  759.3212890625
Memory cached:  1330.0
	 epoch  70 training error:  tensor(0.1453, device='cuda:0', grad_fn=<DivBackward0>)
Memory status after this epoch: 
Memory allocated:  759.3212890625
Memory cached:  1330.0
	 epoch  80 training error:  tensor(0.1507, device='cuda:0', grad_fn=<DivBackward0>)
Memory status after this epoch: 
Memory allocated:  759.3212890625
Memory cached:  1330.0
	 epoch  90 training error:  tensor(0.2203, device='cuda:0', grad_fn=<DivBackward0>)
Memory status after this epoch: 
Memory allocated:  759.3212890625
Memory cached:  1330.0
[I 2024-02-17 02:42:48,803] Trial 78 finished with value: 0.07015977799892426 and parameters: {'W_layers': 8, 'W_layer_units_exponent_0': 8, 'W_layer_units_exponent_1': 8, 'W_layer_units_exponent_2': 4, 'W_layer_units_exponent_3': 7, 'W_layer_units_exponent_4': 5, 'W_layer_units_exponent_5': 5, 'W_layer_units_exponent_6': 7, 'W_layer_units_exponent_7': 4, 'D_layers': 3, 'D_layer_units_exponent_0': 9, 'D_layer_units_exponent_1': 8, 'D_layer_units_exponent_2': 8, 'D_dagger_layers': 4, 'D_dagger_layer_units_exponent_0': 10, 'D_dagger_layer_units_exponent_1': 6, 'D_dagger_layer_units_exponent_2': 5, 'D_dagger_layer_units_exponent_3': 6, 'log_learning_rate': -3.5872128548527047, 'log_learning_rate_D': -3.8025346156695186, 'log_learning_rate_D_dagger': -2.449740541654999, 'training_batch_size': 7, 'training_p': 6}. Best is trial 45 with value: 0.03961218520998955.
Time for this trial:  531.8101913928986
Memory status after this trial: 
Memory allocated:  1400.92919921875
Memory cached:  1408.0
--------------------  Trial  79   --------------------
Start timing: 
Parameters: 
{'W_layers': 8, 'W_layer_units_exponent_0': 8, 'W_layer_units_exponent_1': 7, 'W_layer_units_exponent_2': 4, 'W_layer_units_exponent_3': 7, 'W_layer_units_exponent_4': 7, 'W_layer_units_exponent_5': 5, 'W_layer_units_exponent_6': 7, 'W_layer_units_exponent_7': 4, 'D_layers': 3, 'D_layer_units_exponent_0': 8, 'D_layer_units_exponent_1': 8, 'D_layer_units_exponent_2': 8, 'D_dagger_layers': 5, 'D_dagger_layer_units_exponent_0': 10, 'D_dagger_layer_units_exponent_1': 6, 'D_dagger_layer_units_exponent_2': 5, 'D_dagger_layer_units_exponent_3': 6, 'D_dagger_layer_units_exponent_4': 8, 'log_learning_rate': -3.5098779977592582, 'log_learning_rate_D': -3.6606771056401888, 'log_learning_rate_D_dagger': -2.4897723493690425, 'training_batch_size': 7, 'training_p': 6}
	 epoch  0 training error:  tensor(0.8578, device='cuda:0', grad_fn=<DivBackward0>)
Memory status after this epoch: 
Memory allocated:  758.2705078125
Memory cached:  1330.0
	 epoch  10 training error:  tensor(0.5182, device='cuda:0', grad_fn=<DivBackward0>)
Memory status after this epoch: 
Memory allocated:  758.2705078125
Memory cached:  1332.0
	 epoch  20 training error:  tensor(0.4764, device='cuda:0', grad_fn=<DivBackward0>)
Memory status after this epoch: 
Memory allocated:  758.2705078125
Memory cached:  1332.0
	 epoch  30 training error:  tensor(0.3386, device='cuda:0', grad_fn=<DivBackward0>)
Memory status after this epoch: 
Memory allocated:  758.2705078125
Memory cached:  1338.0
	 epoch  40 training error:  tensor(0.2282, device='cuda:0', grad_fn=<DivBackward0>)
Memory status after this epoch: 
Memory allocated:  758.2705078125
Memory cached:  1336.0
	 epoch  50 training error:  tensor(0.2299, device='cuda:0', grad_fn=<DivBackward0>)
Memory status after this epoch: 
Memory allocated:  758.2705078125
Memory cached:  1336.0
	 epoch  60 training error:  tensor(0.1653, device='cuda:0', grad_fn=<DivBackward0>)
Memory status after this epoch: 
Memory allocated:  758.2705078125
Memory cached:  1336.0
	 epoch  70 training error:  tensor(0.1928, device='cuda:0', grad_fn=<DivBackward0>)
Memory status after this epoch: 
Memory allocated:  758.2705078125
Memory cached:  1334.0
	 epoch  80 training error:  tensor(0.1855, device='cuda:0', grad_fn=<DivBackward0>)
Memory status after this epoch: 
Memory allocated:  758.2705078125
Memory cached:  1334.0
	 epoch  90 training error:  tensor(0.1504, device='cuda:0', grad_fn=<DivBackward0>)
Memory status after this epoch: 
Memory allocated:  758.2705078125
Memory cached:  1336.0
[I 2024-02-17 02:52:01,507] Trial 79 finished with value: 0.11572859436273575 and parameters: {'W_layers': 8, 'W_layer_units_exponent_0': 8, 'W_layer_units_exponent_1': 7, 'W_layer_units_exponent_2': 4, 'W_layer_units_exponent_3': 7, 'W_layer_units_exponent_4': 7, 'W_layer_units_exponent_5': 5, 'W_layer_units_exponent_6': 7, 'W_layer_units_exponent_7': 4, 'D_layers': 3, 'D_layer_units_exponent_0': 8, 'D_layer_units_exponent_1': 8, 'D_layer_units_exponent_2': 8, 'D_dagger_layers': 5, 'D_dagger_layer_units_exponent_0': 10, 'D_dagger_layer_units_exponent_1': 6, 'D_dagger_layer_units_exponent_2': 5, 'D_dagger_layer_units_exponent_3': 6, 'D_dagger_layer_units_exponent_4': 8, 'log_learning_rate': -3.5098779977592582, 'log_learning_rate_D': -3.6606771056401888, 'log_learning_rate_D_dagger': -2.4897723493690425, 'training_batch_size': 7, 'training_p': 6}. Best is trial 45 with value: 0.03961218520998955.
Time for this trial:  552.1442885398865
Memory status after this trial: 
Memory allocated:  1388.25537109375
Memory cached:  1394.0
--------------------  Trial  80   --------------------
Start timing: 
Parameters: 
{'W_layers': 7, 'W_layer_units_exponent_0': 8, 'W_layer_units_exponent_1': 8, 'W_layer_units_exponent_2': 4, 'W_layer_units_exponent_3': 7, 'W_layer_units_exponent_4': 5, 'W_layer_units_exponent_5': 5, 'W_layer_units_exponent_6': 8, 'D_layers': 2, 'D_layer_units_exponent_0': 9, 'D_layer_units_exponent_1': 8, 'D_dagger_layers': 4, 'D_dagger_layer_units_exponent_0': 10, 'D_dagger_layer_units_exponent_1': 6, 'D_dagger_layer_units_exponent_2': 4, 'D_dagger_layer_units_exponent_3': 6, 'log_learning_rate': -3.7069154055536506, 'log_learning_rate_D': -3.7930987788258936, 'log_learning_rate_D_dagger': -2.379579758938022, 'training_batch_size': 7, 'training_p': 7}
	 epoch  0 training error:  tensor(0.8283, device='cuda:0', grad_fn=<DivBackward0>)
Memory status after this epoch: 
Memory allocated:  758.3193359375
Memory cached:  1330.0
	 epoch  10 training error:  tensor(0.5287, device='cuda:0', grad_fn=<DivBackward0>)
Memory status after this epoch: 
Memory allocated:  758.3193359375
Memory cached:  1330.0
	 epoch  20 training error:  tensor(0.5160, device='cuda:0', grad_fn=<DivBackward0>)
Memory status after this epoch: 
Memory allocated:  758.3193359375
Memory cached:  1330.0
	 epoch  30 training error:  tensor(0.5083, device='cuda:0', grad_fn=<DivBackward0>)
Memory status after this epoch: 
Memory allocated:  758.3193359375
Memory cached:  1330.0
	 epoch  40 training error:  tensor(0.3576, device='cuda:0', grad_fn=<DivBackward0>)
Memory status after this epoch: 
Memory allocated:  758.3193359375
Memory cached:  1330.0
	 epoch  50 training error:  tensor(0.2230, device='cuda:0', grad_fn=<DivBackward0>)
Memory status after this epoch: 
Memory allocated:  758.3193359375
Memory cached:  1330.0
	 epoch  60 training error:  tensor(0.1827, device='cuda:0', grad_fn=<DivBackward0>)
Memory status after this epoch: 
Memory allocated:  758.3193359375
Memory cached:  1330.0
	 epoch  70 training error:  tensor(0.1600, device='cuda:0', grad_fn=<DivBackward0>)
Memory status after this epoch: 
Memory allocated:  758.3193359375
Memory cached:  1330.0
	 epoch  80 training error:  tensor(0.1914, device='cuda:0', grad_fn=<DivBackward0>)
Memory status after this epoch: 
Memory allocated:  758.3193359375
Memory cached:  1330.0
	 epoch  90 training error:  tensor(0.1657, device='cuda:0', grad_fn=<DivBackward0>)
Memory status after this epoch: 
Memory allocated:  758.3193359375
Memory cached:  1330.0
[I 2024-02-17 03:00:05,394] Trial 80 finished with value: 0.1047004833817482 and parameters: {'W_layers': 7, 'W_layer_units_exponent_0': 8, 'W_layer_units_exponent_1': 8, 'W_layer_units_exponent_2': 4, 'W_layer_units_exponent_3': 7, 'W_layer_units_exponent_4': 5, 'W_layer_units_exponent_5': 5, 'W_layer_units_exponent_6': 8, 'D_layers': 2, 'D_layer_units_exponent_0': 9, 'D_layer_units_exponent_1': 8, 'D_dagger_layers': 4, 'D_dagger_layer_units_exponent_0': 10, 'D_dagger_layer_units_exponent_1': 6, 'D_dagger_layer_units_exponent_2': 4, 'D_dagger_layer_units_exponent_3': 6, 'log_learning_rate': -3.7069154055536506, 'log_learning_rate_D': -3.7930987788258936, 'log_learning_rate_D_dagger': -2.379579758938022, 'training_batch_size': 7, 'training_p': 7}. Best is trial 45 with value: 0.03961218520998955.
Time for this trial:  483.4017279148102
Memory status after this trial: 
Memory allocated:  1359.47119140625
Memory cached:  1366.0
--------------------  Trial  81   --------------------
Start timing: 
Parameters: 
{'W_layers': 6, 'W_layer_units_exponent_0': 8, 'W_layer_units_exponent_1': 8, 'W_layer_units_exponent_2': 4, 'W_layer_units_exponent_3': 7, 'W_layer_units_exponent_4': 7, 'W_layer_units_exponent_5': 5, 'D_layers': 3, 'D_layer_units_exponent_0': 9, 'D_layer_units_exponent_1': 8, 'D_layer_units_exponent_2': 8, 'D_dagger_layers': 4, 'D_dagger_layer_units_exponent_0': 10, 'D_dagger_layer_units_exponent_1': 6, 'D_dagger_layer_units_exponent_2': 5, 'D_dagger_layer_units_exponent_3': 5, 'log_learning_rate': -3.5907843114372877, 'log_learning_rate_D': -3.8653156980372327, 'log_learning_rate_D_dagger': -2.7154408000677552, 'training_batch_size': 6, 'training_p': 6}
	 epoch  0 training error:  tensor(0.6993, device='cuda:0', grad_fn=<DivBackward0>)
Memory status after this epoch: 
Memory allocated:  759.5419921875
Memory cached:  1330.0
	 epoch  10 training error:  tensor(0.4970, device='cuda:0', grad_fn=<DivBackward0>)
Memory status after this epoch: 
Memory allocated:  759.5419921875
Memory cached:  1330.0
	 epoch  20 training error:  tensor(0.4591, device='cuda:0', grad_fn=<DivBackward0>)
Memory status after this epoch: 
Memory allocated:  759.5419921875
Memory cached:  1330.0
	 epoch  30 training error:  tensor(0.2132, device='cuda:0', grad_fn=<DivBackward0>)
Memory status after this epoch: 
Memory allocated:  759.5419921875
Memory cached:  1330.0
	 epoch  40 training error:  tensor(0.1458, device='cuda:0', grad_fn=<DivBackward0>)
Memory status after this epoch: 
Memory allocated:  759.5419921875
Memory cached:  1330.0
	 epoch  50 training error:  tensor(0.1284, device='cuda:0', grad_fn=<DivBackward0>)
Memory status after this epoch: 
Memory allocated:  759.5419921875
Memory cached:  1330.0
	 epoch  60 training error:  tensor(0.1266, device='cuda:0', grad_fn=<DivBackward0>)
Memory status after this epoch: 
Memory allocated:  759.5419921875
Memory cached:  1330.0
	 epoch  70 training error:  tensor(0.0938, device='cuda:0', grad_fn=<DivBackward0>)
Memory status after this epoch: 
Memory allocated:  759.5419921875
Memory cached:  1330.0
	 epoch  80 training error:  tensor(0.0779, device='cuda:0', grad_fn=<DivBackward0>)
Memory status after this epoch: 
Memory allocated:  759.5419921875
Memory cached:  1330.0
	 epoch  90 training error:  tensor(0.0643, device='cuda:0', grad_fn=<DivBackward0>)
Memory status after this epoch: 
Memory allocated:  759.5419921875
Memory cached:  1330.0
[I 2024-02-17 03:12:46,900] Trial 81 finished with value: 0.07145427912473679 and parameters: {'W_layers': 6, 'W_layer_units_exponent_0': 8, 'W_layer_units_exponent_1': 8, 'W_layer_units_exponent_2': 4, 'W_layer_units_exponent_3': 7, 'W_layer_units_exponent_4': 7, 'W_layer_units_exponent_5': 5, 'D_layers': 3, 'D_layer_units_exponent_0': 9, 'D_layer_units_exponent_1': 8, 'D_layer_units_exponent_2': 8, 'D_dagger_layers': 4, 'D_dagger_layer_units_exponent_0': 10, 'D_dagger_layer_units_exponent_1': 6, 'D_dagger_layer_units_exponent_2': 5, 'D_dagger_layer_units_exponent_3': 5, 'log_learning_rate': -3.5907843114372877, 'log_learning_rate_D': -3.8653156980372327, 'log_learning_rate_D_dagger': -2.7154408000677552, 'training_batch_size': 6, 'training_p': 6}. Best is trial 45 with value: 0.03961218520998955.
Time for this trial:  760.9684731960297
Memory status after this trial: 
Memory allocated:  1384.48779296875
Memory cached:  1390.0
--------------------  Trial  82   --------------------
Start timing: 
Parameters: 
{'W_layers': 8, 'W_layer_units_exponent_0': 8, 'W_layer_units_exponent_1': 8, 'W_layer_units_exponent_2': 8, 'W_layer_units_exponent_3': 7, 'W_layer_units_exponent_4': 7, 'W_layer_units_exponent_5': 5, 'W_layer_units_exponent_6': 6, 'W_layer_units_exponent_7': 4, 'D_layers': 3, 'D_layer_units_exponent_0': 10, 'D_layer_units_exponent_1': 8, 'D_layer_units_exponent_2': 8, 'D_dagger_layers': 4, 'D_dagger_layer_units_exponent_0': 10, 'D_dagger_layer_units_exponent_1': 7, 'D_dagger_layer_units_exponent_2': 5, 'D_dagger_layer_units_exponent_3': 5, 'log_learning_rate': -3.6406225080351837, 'log_learning_rate_D': -4.0310448869596645, 'log_learning_rate_D_dagger': -2.702039268052748, 'training_batch_size': 6, 'training_p': 6}
	 epoch  0 training error:  tensor(0.6385, device='cuda:0', grad_fn=<DivBackward0>)
Memory status after this epoch: 
Memory allocated:  764.0478515625
Memory cached:  1338.0
	 epoch  10 training error:  tensor(0.4778, device='cuda:0', grad_fn=<DivBackward0>)
Memory status after this epoch: 
Memory allocated:  764.0478515625
Memory cached:  1352.0
	 epoch  20 training error:  tensor(0.3089, device='cuda:0', grad_fn=<DivBackward0>)
Memory status after this epoch: 
Memory allocated:  764.0478515625
Memory cached:  1352.0
	 epoch  30 training error:  tensor(0.2136, device='cuda:0', grad_fn=<DivBackward0>)
Memory status after this epoch: 
Memory allocated:  764.0478515625
Memory cached:  1350.0
	 epoch  40 training error:  tensor(0.1738, device='cuda:0', grad_fn=<DivBackward0>)
Memory status after this epoch: 
Memory allocated:  764.0478515625
Memory cached:  1352.0
	 epoch  50 training error:  tensor(0.1337, device='cuda:0', grad_fn=<DivBackward0>)
Memory status after this epoch: 
Memory allocated:  764.0478515625
Memory cached:  1352.0
	 epoch  60 training error:  tensor(0.1384, device='cuda:0', grad_fn=<DivBackward0>)
Memory status after this epoch: 
Memory allocated:  764.0478515625
Memory cached:  1350.0
	 epoch  70 training error:  tensor(0.1233, device='cuda:0', grad_fn=<DivBackward0>)
Memory status after this epoch: 
Memory allocated:  764.0478515625
Memory cached:  1350.0
	 epoch  80 training error:  tensor(0.0836, device='cuda:0', grad_fn=<DivBackward0>)
Memory status after this epoch: 
Memory allocated:  764.0478515625
Memory cached:  1350.0
	 epoch  90 training error:  tensor(0.0912, device='cuda:0', grad_fn=<DivBackward0>)
Memory status after this epoch: 
Memory allocated:  764.0478515625
Memory cached:  1350.0
[I 2024-02-17 03:26:52,675] Trial 82 finished with value: 0.04825897514820099 and parameters: {'W_layers': 8, 'W_layer_units_exponent_0': 8, 'W_layer_units_exponent_1': 8, 'W_layer_units_exponent_2': 8, 'W_layer_units_exponent_3': 7, 'W_layer_units_exponent_4': 7, 'W_layer_units_exponent_5': 5, 'W_layer_units_exponent_6': 6, 'W_layer_units_exponent_7': 4, 'D_layers': 3, 'D_layer_units_exponent_0': 10, 'D_layer_units_exponent_1': 8, 'D_layer_units_exponent_2': 8, 'D_dagger_layers': 4, 'D_dagger_layer_units_exponent_0': 10, 'D_dagger_layer_units_exponent_1': 7, 'D_dagger_layer_units_exponent_2': 5, 'D_dagger_layer_units_exponent_3': 5, 'log_learning_rate': -3.6406225080351837, 'log_learning_rate_D': -4.0310448869596645, 'log_learning_rate_D_dagger': -2.702039268052748, 'training_batch_size': 6, 'training_p': 6}. Best is trial 45 with value: 0.03961218520998955.
Time for this trial:  845.2782697677612
Memory status after this trial: 
Memory allocated:  1577.54150390625
Memory cached:  1586.0
--------------------  Trial  83   --------------------
Start timing: 
Parameters: 
{'W_layers': 8, 'W_layer_units_exponent_0': 8, 'W_layer_units_exponent_1': 8, 'W_layer_units_exponent_2': 8, 'W_layer_units_exponent_3': 7, 'W_layer_units_exponent_4': 7, 'W_layer_units_exponent_5': 6, 'W_layer_units_exponent_6': 6, 'W_layer_units_exponent_7': 4, 'D_layers': 3, 'D_layer_units_exponent_0': 8, 'D_layer_units_exponent_1': 8, 'D_layer_units_exponent_2': 8, 'D_dagger_layers': 4, 'D_dagger_layer_units_exponent_0': 10, 'D_dagger_layer_units_exponent_1': 7, 'D_dagger_layer_units_exponent_2': 5, 'D_dagger_layer_units_exponent_3': 6, 'log_learning_rate': -3.7887460587662773, 'log_learning_rate_D': -4.020243843713926, 'log_learning_rate_D_dagger': -2.854737367425396, 'training_batch_size': 6, 'training_p': 6}
	 epoch  0 training error:  tensor(0.6849, device='cuda:0', grad_fn=<DivBackward0>)
Memory status after this epoch: 
Memory allocated:  761.1337890625
Memory cached:  1330.0
	 epoch  10 training error:  tensor(0.4779, device='cuda:0', grad_fn=<DivBackward0>)
Memory status after this epoch: 
Memory allocated:  761.1337890625
Memory cached:  1330.0
	 epoch  20 training error:  tensor(0.3141, device='cuda:0', grad_fn=<DivBackward0>)
Memory status after this epoch: 
Memory allocated:  761.1337890625
Memory cached:  1330.0
	 epoch  30 training error:  tensor(0.2525, device='cuda:0', grad_fn=<DivBackward0>)
Memory status after this epoch: 
Memory allocated:  761.1337890625
Memory cached:  1330.0
	 epoch  40 training error:  tensor(0.1981, device='cuda:0', grad_fn=<DivBackward0>)
Memory status after this epoch: 
Memory allocated:  761.1337890625
Memory cached:  1330.0
	 epoch  50 training error:  tensor(0.1953, device='cuda:0', grad_fn=<DivBackward0>)
Memory status after this epoch: 
Memory allocated:  761.1337890625
Memory cached:  1330.0
	 epoch  60 training error:  tensor(0.1450, device='cuda:0', grad_fn=<DivBackward0>)
Memory status after this epoch: 
Memory allocated:  761.1337890625
Memory cached:  1330.0
	 epoch  70 training error:  tensor(0.1421, device='cuda:0', grad_fn=<DivBackward0>)
Memory status after this epoch: 
Memory allocated:  761.1337890625
Memory cached:  1330.0
	 epoch  80 training error:  tensor(0.1020, device='cuda:0', grad_fn=<DivBackward0>)
Memory status after this epoch: 
Memory allocated:  761.1337890625
Memory cached:  1330.0
	 epoch  90 training error:  tensor(0.1006, device='cuda:0', grad_fn=<DivBackward0>)
Memory status after this epoch: 
Memory allocated:  761.1337890625
Memory cached:  1330.0
