[I 2024-01-02 04:16:52,090] Trial 387 finished with value: 0.3353268802165985 and parameters: {'W_layers': 6, 'W_layer_units_exponent_0': 8, 'W_layer_units_exponent_1': 9, 'W_layer_units_exponent_2': 6, 'W_layer_units_exponent_3': 7, 'W_layer_units_exponent_4': 7, 'W_layer_units_exponent_5': 5, 'D_layers': 7, 'D_layer_units_exponent_0': 4, 'D_layer_units_exponent_1': 8, 'D_layer_units_exponent_2': 7, 'D_layer_units_exponent_3': 8, 'D_layer_units_exponent_4': 6, 'D_layer_units_exponent_5': 8, 'D_layer_units_exponent_6': 6, 'D_dagger_layers': 4, 'D_dagger_layer_units_exponent_0': 8, 'D_dagger_layer_units_exponent_1': 10, 'D_dagger_layer_units_exponent_2': 10, 'D_dagger_layer_units_exponent_3': 6, 'log_learning_rate': -3.872243344275661, 'log_learning_rate_D': -1.9000070402412197, 'log_learning_rate_D_dagger': -3.0199909639014213, 'training_batch_size': 6, 'training_p': 2}. Best is trial 143 with value: 0.325590580701828.
Time for this trial:  24.88736653327942
Memory status after this trial: 
Memory allocated:  367.93994140625
Memory cached:  392.0
--------------------  Trial  388   --------------------
Start timing: 
Parameters: 
{'W_layers': 6, 'W_layer_units_exponent_0': 7, 'W_layer_units_exponent_1': 10, 'W_layer_units_exponent_2': 4, 'W_layer_units_exponent_3': 8, 'W_layer_units_exponent_4': 7, 'W_layer_units_exponent_5': 4, 'D_layers': 7, 'D_layer_units_exponent_0': 6, 'D_layer_units_exponent_1': 9, 'D_layer_units_exponent_2': 8, 'D_layer_units_exponent_3': 8, 'D_layer_units_exponent_4': 5, 'D_layer_units_exponent_5': 5, 'D_layer_units_exponent_6': 7, 'D_dagger_layers': 5, 'D_dagger_layer_units_exponent_0': 7, 'D_dagger_layer_units_exponent_1': 10, 'D_dagger_layer_units_exponent_2': 7, 'D_dagger_layer_units_exponent_3': 4, 'D_dagger_layer_units_exponent_4': 4, 'log_learning_rate': -3.0018343854985217, 'log_learning_rate_D': -2.2199427208931475, 'log_learning_rate_D_dagger': -3.322928660451204, 'training_batch_size': 7, 'training_p': 2}
	 epoch  0 training error:  tensor(1.0017, device='cuda:0', grad_fn=<DivBackward0>)
Memory status after this epoch: 
Memory allocated:  174.20361328125
Memory cached:  246.0
	 epoch  10 training error:  tensor(0.3088, device='cuda:0', grad_fn=<DivBackward0>)
Memory status after this epoch: 
Memory allocated:  174.20361328125
Memory cached:  246.0
	 epoch  20 training error:  tensor(0.3092, device='cuda:0', grad_fn=<DivBackward0>)
Memory status after this epoch: 
Memory allocated:  174.20361328125
Memory cached:  246.0
	 epoch  30 training error:  tensor(0.2946, device='cuda:0', grad_fn=<DivBackward0>)
Memory status after this epoch: 
Memory allocated:  174.20361328125
Memory cached:  246.0
	 epoch  40 training error:  tensor(0.2883, device='cuda:0', grad_fn=<DivBackward0>)
Memory status after this epoch: 
Memory allocated:  174.20361328125
Memory cached:  246.0
	 epoch  50 training error:  tensor(0.2848, device='cuda:0', grad_fn=<DivBackward0>)
Memory status after this epoch: 
Memory allocated:  174.20361328125
Memory cached:  246.0
	 epoch  60 training error:  tensor(0.2847, device='cuda:0', grad_fn=<DivBackward0>)
Memory status after this epoch: 
Memory allocated:  174.20361328125
Memory cached:  246.0
	 epoch  70 training error:  tensor(0.2862, device='cuda:0', grad_fn=<DivBackward0>)
Memory status after this epoch: 
Memory allocated:  174.20361328125
Memory cached:  246.0
	 epoch  80 training error:  tensor(0.2952, device='cuda:0', grad_fn=<DivBackward0>)
Memory status after this epoch: 
Memory allocated:  174.20361328125
Memory cached:  246.0
	 epoch  90 training error:  tensor(0.2834, device='cuda:0', grad_fn=<DivBackward0>)
Memory status after this epoch: 
Memory allocated:  174.20361328125
Memory cached:  246.0
[I 2024-01-02 04:17:14,475] Trial 388 finished with value: 0.32799240946769714 and parameters: {'W_layers': 6, 'W_layer_units_exponent_0': 7, 'W_layer_units_exponent_1': 10, 'W_layer_units_exponent_2': 4, 'W_layer_units_exponent_3': 8, 'W_layer_units_exponent_4': 7, 'W_layer_units_exponent_5': 4, 'D_layers': 7, 'D_layer_units_exponent_0': 6, 'D_layer_units_exponent_1': 9, 'D_layer_units_exponent_2': 8, 'D_layer_units_exponent_3': 8, 'D_layer_units_exponent_4': 5, 'D_layer_units_exponent_5': 5, 'D_layer_units_exponent_6': 7, 'D_dagger_layers': 5, 'D_dagger_layer_units_exponent_0': 7, 'D_dagger_layer_units_exponent_1': 10, 'D_dagger_layer_units_exponent_2': 7, 'D_dagger_layer_units_exponent_3': 4, 'D_dagger_layer_units_exponent_4': 4, 'log_learning_rate': -3.0018343854985217, 'log_learning_rate_D': -2.2199427208931475, 'log_learning_rate_D_dagger': -3.322928660451204, 'training_batch_size': 7, 'training_p': 2}. Best is trial 143 with value: 0.325590580701828.
Time for this trial:  21.92186403274536
Memory status after this trial: 
Memory allocated:  324.68896484375
Memory cached:  360.0
--------------------  Trial  389   --------------------
Start timing: 
Parameters: 
{'W_layers': 6, 'W_layer_units_exponent_0': 6, 'W_layer_units_exponent_1': 9, 'W_layer_units_exponent_2': 6, 'W_layer_units_exponent_3': 7, 'W_layer_units_exponent_4': 7, 'W_layer_units_exponent_5': 5, 'D_layers': 8, 'D_layer_units_exponent_0': 4, 'D_layer_units_exponent_1': 8, 'D_layer_units_exponent_2': 8, 'D_layer_units_exponent_3': 8, 'D_layer_units_exponent_4': 10, 'D_layer_units_exponent_5': 10, 'D_layer_units_exponent_6': 7, 'D_layer_units_exponent_7': 9, 'D_dagger_layers': 4, 'D_dagger_layer_units_exponent_0': 8, 'D_dagger_layer_units_exponent_1': 10, 'D_dagger_layer_units_exponent_2': 8, 'D_dagger_layer_units_exponent_3': 4, 'log_learning_rate': -4.062427125271888, 'log_learning_rate_D': -1.0721781988656036, 'log_learning_rate_D_dagger': -3.696502755226928, 'training_batch_size': 6, 'training_p': 2}
	 epoch  0 training error:  tensor(0.8625, device='cuda:0', grad_fn=<DivBackward0>)
Memory status after this epoch: 
Memory allocated:  182.1435546875
Memory cached:  244.0
	 epoch  10 training error:  tensor(0.3046, device='cuda:0', grad_fn=<DivBackward0>)
Memory status after this epoch: 
Memory allocated:  182.1435546875
Memory cached:  244.0
	 epoch  20 training error:  tensor(0.2916, device='cuda:0', grad_fn=<DivBackward0>)
Memory status after this epoch: 
Memory allocated:  182.1435546875
Memory cached:  244.0
	 epoch  30 training error:  tensor(0.2867, device='cuda:0', grad_fn=<DivBackward0>)
Memory status after this epoch: 
Memory allocated:  182.1435546875
Memory cached:  244.0
	 epoch  40 training error:  tensor(0.2855, device='cuda:0', grad_fn=<DivBackward0>)
Memory status after this epoch: 
Memory allocated:  182.1435546875
Memory cached:  244.0
	 epoch  50 training error:  tensor(0.2849, device='cuda:0', grad_fn=<DivBackward0>)
Memory status after this epoch: 
Memory allocated:  182.1435546875
Memory cached:  244.0
	 epoch  60 training error:  tensor(0.2880, device='cuda:0', grad_fn=<DivBackward0>)
Memory status after this epoch: 
Memory allocated:  182.1435546875
Memory cached:  244.0
	 epoch  70 training error:  tensor(0.2854, device='cuda:0', grad_fn=<DivBackward0>)
Memory status after this epoch: 
Memory allocated:  182.1435546875
Memory cached:  244.0
	 epoch  80 training error:  tensor(0.2843, device='cuda:0', grad_fn=<DivBackward0>)
Memory status after this epoch: 
Memory allocated:  182.1435546875
Memory cached:  244.0
	 epoch  90 training error:  tensor(0.2870, device='cuda:0', grad_fn=<DivBackward0>)
Memory status after this epoch: 
Memory allocated:  182.1435546875
Memory cached:  244.0
[I 2024-01-02 04:17:38,461] Trial 389 finished with value: 0.332009881734848 and parameters: {'W_layers': 6, 'W_layer_units_exponent_0': 6, 'W_layer_units_exponent_1': 9, 'W_layer_units_exponent_2': 6, 'W_layer_units_exponent_3': 7, 'W_layer_units_exponent_4': 7, 'W_layer_units_exponent_5': 5, 'D_layers': 8, 'D_layer_units_exponent_0': 4, 'D_layer_units_exponent_1': 8, 'D_layer_units_exponent_2': 8, 'D_layer_units_exponent_3': 8, 'D_layer_units_exponent_4': 10, 'D_layer_units_exponent_5': 10, 'D_layer_units_exponent_6': 7, 'D_layer_units_exponent_7': 9, 'D_dagger_layers': 4, 'D_dagger_layer_units_exponent_0': 8, 'D_dagger_layer_units_exponent_1': 10, 'D_dagger_layer_units_exponent_2': 8, 'D_dagger_layer_units_exponent_3': 4, 'log_learning_rate': -4.062427125271888, 'log_learning_rate_D': -1.0721781988656036, 'log_learning_rate_D_dagger': -3.696502755226928, 'training_batch_size': 6, 'training_p': 2}. Best is trial 143 with value: 0.325590580701828.
Time for this trial:  23.435933351516724
Memory status after this trial: 
Memory allocated:  306.01220703125
Memory cached:  336.0
--------------------  Trial  390   --------------------
Start timing: 
Parameters: 
{'W_layers': 7, 'W_layer_units_exponent_0': 5, 'W_layer_units_exponent_1': 9, 'W_layer_units_exponent_2': 4, 'W_layer_units_exponent_3': 8, 'W_layer_units_exponent_4': 10, 'W_layer_units_exponent_5': 5, 'W_layer_units_exponent_6': 7, 'D_layers': 7, 'D_layer_units_exponent_0': 5, 'D_layer_units_exponent_1': 7, 'D_layer_units_exponent_2': 7, 'D_layer_units_exponent_3': 8, 'D_layer_units_exponent_4': 8, 'D_layer_units_exponent_5': 5, 'D_layer_units_exponent_6': 7, 'D_dagger_layers': 4, 'D_dagger_layer_units_exponent_0': 10, 'D_dagger_layer_units_exponent_1': 10, 'D_dagger_layer_units_exponent_2': 10, 'D_dagger_layer_units_exponent_3': 7, 'log_learning_rate': -3.2428102430518018, 'log_learning_rate_D': -3.2936386687317674, 'log_learning_rate_D_dagger': -4.24598969516489, 'training_batch_size': 9, 'training_p': 2}
	 epoch  0 training error:  tensor(0.9530, device='cuda:0', grad_fn=<DivBackward0>)
Memory status after this epoch: 
Memory allocated:  206.6943359375
Memory cached:  244.0
	 epoch  10 training error:  tensor(0.2968, device='cuda:0', grad_fn=<DivBackward0>)
Memory status after this epoch: 
Memory allocated:  206.6943359375
Memory cached:  246.0
	 epoch  20 training error:  tensor(0.2951, device='cuda:0', grad_fn=<DivBackward0>)
Memory status after this epoch: 
Memory allocated:  206.6943359375
Memory cached:  246.0
	 epoch  30 training error:  tensor(0.2862, device='cuda:0', grad_fn=<DivBackward0>)
Memory status after this epoch: 
Memory allocated:  206.6943359375
Memory cached:  246.0
	 epoch  40 training error:  tensor(0.2884, device='cuda:0', grad_fn=<DivBackward0>)
Memory status after this epoch: 
Memory allocated:  206.6943359375
Memory cached:  246.0
	 epoch  50 training error:  tensor(0.2853, device='cuda:0', grad_fn=<DivBackward0>)
Memory status after this epoch: 
Memory allocated:  206.6943359375
Memory cached:  246.0
	 epoch  60 training error:  tensor(0.2860, device='cuda:0', grad_fn=<DivBackward0>)
Memory status after this epoch: 
Memory allocated:  206.6943359375
Memory cached:  246.0
	 epoch  70 training error:  tensor(0.2881, device='cuda:0', grad_fn=<DivBackward0>)
Memory status after this epoch: 
Memory allocated:  206.6943359375
Memory cached:  246.0
	 epoch  80 training error:  tensor(0.2865, device='cuda:0', grad_fn=<DivBackward0>)
Memory status after this epoch: 
Memory allocated:  206.6943359375
Memory cached:  246.0
	 epoch  90 training error:  tensor(0.2833, device='cuda:0', grad_fn=<DivBackward0>)
Memory status after this epoch: 
Memory allocated:  206.6943359375
Memory cached:  246.0
[I 2024-01-02 04:18:02,230] Trial 390 finished with value: 0.3296755254268646 and parameters: {'W_layers': 7, 'W_layer_units_exponent_0': 5, 'W_layer_units_exponent_1': 9, 'W_layer_units_exponent_2': 4, 'W_layer_units_exponent_3': 8, 'W_layer_units_exponent_4': 10, 'W_layer_units_exponent_5': 5, 'W_layer_units_exponent_6': 7, 'D_layers': 7, 'D_layer_units_exponent_0': 5, 'D_layer_units_exponent_1': 7, 'D_layer_units_exponent_2': 7, 'D_layer_units_exponent_3': 8, 'D_layer_units_exponent_4': 8, 'D_layer_units_exponent_5': 5, 'D_layer_units_exponent_6': 7, 'D_dagger_layers': 4, 'D_dagger_layer_units_exponent_0': 10, 'D_dagger_layer_units_exponent_1': 10, 'D_dagger_layer_units_exponent_2': 10, 'D_dagger_layer_units_exponent_3': 7, 'log_learning_rate': -3.2428102430518018, 'log_learning_rate_D': -3.2936386687317674, 'log_learning_rate_D_dagger': -4.24598969516489, 'training_batch_size': 9, 'training_p': 2}. Best is trial 143 with value: 0.325590580701828.
Time for this trial:  23.241063117980957
Memory status after this trial: 
Memory allocated:  466.71533203125
Memory cached:  518.0
--------------------  Trial  391   --------------------
Start timing: 
Parameters: 
{'W_layers': 6, 'W_layer_units_exponent_0': 7, 'W_layer_units_exponent_1': 10, 'W_layer_units_exponent_2': 5, 'W_layer_units_exponent_3': 7, 'W_layer_units_exponent_4': 7, 'W_layer_units_exponent_5': 10, 'D_layers': 7, 'D_layer_units_exponent_0': 4, 'D_layer_units_exponent_1': 6, 'D_layer_units_exponent_2': 8, 'D_layer_units_exponent_3': 9, 'D_layer_units_exponent_4': 5, 'D_layer_units_exponent_5': 6, 'D_layer_units_exponent_6': 8, 'D_dagger_layers': 5, 'D_dagger_layer_units_exponent_0': 8, 'D_dagger_layer_units_exponent_1': 10, 'D_dagger_layer_units_exponent_2': 9, 'D_dagger_layer_units_exponent_3': 4, 'D_dagger_layer_units_exponent_4': 5, 'log_learning_rate': -3.133032384466455, 'log_learning_rate_D': -2.0485724827565073, 'log_learning_rate_D_dagger': -3.834818520588104, 'training_batch_size': 6, 'training_p': 2}
	 epoch  0 training error:  tensor(0.9124, device='cuda:0', grad_fn=<DivBackward0>)
Memory status after this epoch: 
Memory allocated:  184.8671875
Memory cached:  244.0
	 epoch  10 training error:  tensor(0.3126, device='cuda:0', grad_fn=<DivBackward0>)
Memory status after this epoch: 
Memory allocated:  184.8671875
Memory cached:  244.0
	 epoch  20 training error:  tensor(0.3145, device='cuda:0', grad_fn=<DivBackward0>)
Memory status after this epoch: 
Memory allocated:  184.8671875
Memory cached:  244.0
	 epoch  30 training error:  tensor(0.2897, device='cuda:0', grad_fn=<DivBackward0>)
Memory status after this epoch: 
Memory allocated:  184.8671875
Memory cached:  244.0
	 epoch  40 training error:  tensor(0.2906, device='cuda:0', grad_fn=<DivBackward0>)
Memory status after this epoch: 
Memory allocated:  184.8671875
Memory cached:  244.0
	 epoch  50 training error:  tensor(0.2874, device='cuda:0', grad_fn=<DivBackward0>)
Memory status after this epoch: 
Memory allocated:  184.8671875
Memory cached:  244.0
	 epoch  60 training error:  tensor(0.2864, device='cuda:0', grad_fn=<DivBackward0>)
Memory status after this epoch: 
Memory allocated:  184.8671875
Memory cached:  244.0
	 epoch  70 training error:  tensor(0.2880, device='cuda:0', grad_fn=<DivBackward0>)
Memory status after this epoch: 
Memory allocated:  184.8671875
Memory cached:  244.0
	 epoch  80 training error:  tensor(0.2868, device='cuda:0', grad_fn=<DivBackward0>)
Memory status after this epoch: 
Memory allocated:  184.8671875
Memory cached:  244.0
	 epoch  90 training error:  tensor(0.2849, device='cuda:0', grad_fn=<DivBackward0>)
Memory status after this epoch: 
Memory allocated:  184.8671875
Memory cached:  244.0
[I 2024-01-02 04:18:28,021] Trial 391 finished with value: 0.3257997930049896 and parameters: {'W_layers': 6, 'W_layer_units_exponent_0': 7, 'W_layer_units_exponent_1': 10, 'W_layer_units_exponent_2': 5, 'W_layer_units_exponent_3': 7, 'W_layer_units_exponent_4': 7, 'W_layer_units_exponent_5': 10, 'D_layers': 7, 'D_layer_units_exponent_0': 4, 'D_layer_units_exponent_1': 6, 'D_layer_units_exponent_2': 8, 'D_layer_units_exponent_3': 9, 'D_layer_units_exponent_4': 5, 'D_layer_units_exponent_5': 6, 'D_layer_units_exponent_6': 8, 'D_dagger_layers': 5, 'D_dagger_layer_units_exponent_0': 8, 'D_dagger_layer_units_exponent_1': 10, 'D_dagger_layer_units_exponent_2': 9, 'D_dagger_layer_units_exponent_3': 4, 'D_dagger_layer_units_exponent_4': 5, 'log_learning_rate': -3.133032384466455, 'log_learning_rate_D': -2.0485724827565073, 'log_learning_rate_D_dagger': -3.834818520588104, 'training_batch_size': 6, 'training_p': 2}. Best is trial 143 with value: 0.325590580701828.
Time for this trial:  25.23232412338257
Memory status after this trial: 
Memory allocated:  401.97705078125
Memory cached:  432.0
--------------------  Trial  392   --------------------
Start timing: 
Parameters: 
{'W_layers': 7, 'W_layer_units_exponent_0': 7, 'W_layer_units_exponent_1': 10, 'W_layer_units_exponent_2': 5, 'W_layer_units_exponent_3': 7, 'W_layer_units_exponent_4': 7, 'W_layer_units_exponent_5': 5, 'W_layer_units_exponent_6': 4, 'D_layers': 7, 'D_layer_units_exponent_0': 4, 'D_layer_units_exponent_1': 6, 'D_layer_units_exponent_2': 8, 'D_layer_units_exponent_3': 10, 'D_layer_units_exponent_4': 5, 'D_layer_units_exponent_5': 6, 'D_layer_units_exponent_6': 8, 'D_dagger_layers': 5, 'D_dagger_layer_units_exponent_0': 8, 'D_dagger_layer_units_exponent_1': 10, 'D_dagger_layer_units_exponent_2': 9, 'D_dagger_layer_units_exponent_3': 4, 'D_dagger_layer_units_exponent_4': 7, 'log_learning_rate': -4.341720852943908, 'log_learning_rate_D': -2.127584325524433, 'log_learning_rate_D_dagger': -3.8387032593261776, 'training_batch_size': 6, 'training_p': 2}
	 epoch  0 training error:  tensor(0.9705, device='cuda:0', grad_fn=<DivBackward0>)
Memory status after this epoch: 
Memory allocated:  183.5
Memory cached:  244.0
	 epoch  10 training error:  tensor(0.3370, device='cuda:0', grad_fn=<DivBackward0>)
Memory status after this epoch: 
Memory allocated:  183.5
Memory cached:  244.0
	 epoch  20 training error:  tensor(0.2891, device='cuda:0', grad_fn=<DivBackward0>)
Memory status after this epoch: 
Memory allocated:  183.5
Memory cached:  244.0
	 epoch  30 training error:  tensor(0.2869, device='cuda:0', grad_fn=<DivBackward0>)
Memory status after this epoch: 
Memory allocated:  183.5
Memory cached:  244.0
	 epoch  40 training error:  tensor(0.2847, device='cuda:0', grad_fn=<DivBackward0>)
Memory status after this epoch: 
Memory allocated:  183.5
Memory cached:  244.0
	 epoch  50 training error:  tensor(0.2835, device='cuda:0', grad_fn=<DivBackward0>)
Memory status after this epoch: 
Memory allocated:  183.5
Memory cached:  244.0
	 epoch  60 training error:  tensor(0.2870, device='cuda:0', grad_fn=<DivBackward0>)
Memory status after this epoch: 
Memory allocated:  183.5
Memory cached:  244.0
	 epoch  70 training error:  tensor(0.2851, device='cuda:0', grad_fn=<DivBackward0>)
Memory status after this epoch: 
Memory allocated:  183.5
Memory cached:  244.0
	 epoch  80 training error:  tensor(0.2842, device='cuda:0', grad_fn=<DivBackward0>)
Memory status after this epoch: 
Memory allocated:  183.5
Memory cached:  244.0
	 epoch  90 training error:  tensor(0.2845, device='cuda:0', grad_fn=<DivBackward0>)
Memory status after this epoch: 
Memory allocated:  183.5
Memory cached:  244.0
