[I 2024-01-01 23:51:08,965] Trial 363 finished with value: 0.34570810198783875 and parameters: {'W_layers': 5, 'W_layer_units_exponent_0': 8, 'W_layer_units_exponent_1': 10, 'W_layer_units_exponent_2': 6, 'W_layer_units_exponent_3': 5, 'W_layer_units_exponent_4': 5, 'D_layers': 5, 'D_layer_units_exponent_0': 10, 'D_layer_units_exponent_1': 9, 'D_layer_units_exponent_2': 8, 'D_layer_units_exponent_3': 8, 'D_layer_units_exponent_4': 5, 'D_dagger_layers': 3, 'D_dagger_layer_units_exponent_0': 10, 'D_dagger_layer_units_exponent_1': 4, 'D_dagger_layer_units_exponent_2': 5, 'log_learning_rate': -3.0189331683501366, 'log_learning_rate_D': -3.9124731321572064, 'log_learning_rate_D_dagger': -1.9573066512996369, 'training_batch_size': 6, 'training_p': 5}. Best is trial 220 with value: 0.11745021492242813.
Time for this trial:  327.8332271575928
Memory status after this trial: 
Memory allocated:  452.7236328125
Memory cached:  474.0
--------------------  Trial  364   --------------------
Start timing: 
Parameters: 
{'W_layers': 5, 'W_layer_units_exponent_0': 7, 'W_layer_units_exponent_1': 10, 'W_layer_units_exponent_2': 5, 'W_layer_units_exponent_3': 5, 'W_layer_units_exponent_4': 5, 'D_layers': 5, 'D_layer_units_exponent_0': 10, 'D_layer_units_exponent_1': 9, 'D_layer_units_exponent_2': 8, 'D_layer_units_exponent_3': 10, 'D_layer_units_exponent_4': 5, 'D_dagger_layers': 3, 'D_dagger_layer_units_exponent_0': 10, 'D_dagger_layer_units_exponent_1': 4, 'D_dagger_layer_units_exponent_2': 5, 'log_learning_rate': -2.9142631593443, 'log_learning_rate_D': -3.739521967777829, 'log_learning_rate_D_dagger': -3.788349305516597, 'training_batch_size': 11, 'training_p': 5}
	 epoch  0 training error:  tensor(0.9981, device='cuda:0', grad_fn=<DivBackward0>)
Memory status after this epoch: 
Memory allocated:  219.67041015625
Memory cached:  412.0
	 epoch  10 training error:  tensor(0.5191, device='cuda:0', grad_fn=<DivBackward0>)
Memory status after this epoch: 
Memory allocated:  219.67041015625
Memory cached:  438.0
	 epoch  20 training error:  tensor(0.4869, device='cuda:0', grad_fn=<DivBackward0>)
Memory status after this epoch: 
Memory allocated:  219.67041015625
Memory cached:  444.0
	 epoch  30 training error:  tensor(0.4883, device='cuda:0', grad_fn=<DivBackward0>)
Memory status after this epoch: 
Memory allocated:  219.67041015625
Memory cached:  440.0
	 epoch  40 training error:  tensor(0.4877, device='cuda:0', grad_fn=<DivBackward0>)
Memory status after this epoch: 
Memory allocated:  219.67041015625
Memory cached:  442.0
	 epoch  50 training error:  tensor(0.4850, device='cuda:0', grad_fn=<DivBackward0>)
Memory status after this epoch: 
Memory allocated:  219.67041015625
Memory cached:  444.0
	 epoch  60 training error:  tensor(0.4807, device='cuda:0', grad_fn=<DivBackward0>)
Memory status after this epoch: 
Memory allocated:  219.67041015625
Memory cached:  446.0
	 epoch  70 training error:  tensor(0.4816, device='cuda:0', grad_fn=<DivBackward0>)
Memory status after this epoch: 
Memory allocated:  219.67041015625
Memory cached:  440.0
	 epoch  80 training error:  tensor(0.4827, device='cuda:0', grad_fn=<DivBackward0>)
Memory status after this epoch: 
Memory allocated:  219.67041015625
Memory cached:  446.0
	 epoch  90 training error:  tensor(0.4765, device='cuda:0', grad_fn=<DivBackward0>)
Memory status after this epoch: 
Memory allocated:  219.67041015625
Memory cached:  446.0
[I 2024-01-01 23:54:25,038] Trial 364 finished with value: 0.39605122804641724 and parameters: {'W_layers': 5, 'W_layer_units_exponent_0': 7, 'W_layer_units_exponent_1': 10, 'W_layer_units_exponent_2': 5, 'W_layer_units_exponent_3': 5, 'W_layer_units_exponent_4': 5, 'D_layers': 5, 'D_layer_units_exponent_0': 10, 'D_layer_units_exponent_1': 9, 'D_layer_units_exponent_2': 8, 'D_layer_units_exponent_3': 10, 'D_layer_units_exponent_4': 5, 'D_dagger_layers': 3, 'D_dagger_layer_units_exponent_0': 10, 'D_dagger_layer_units_exponent_1': 4, 'D_dagger_layer_units_exponent_2': 5, 'log_learning_rate': -2.9142631593443, 'log_learning_rate_D': -3.739521967777829, 'log_learning_rate_D_dagger': -3.788349305516597, 'training_batch_size': 11, 'training_p': 5}. Best is trial 220 with value: 0.11745021492242813.
Time for this trial:  195.52848744392395
Memory status after this trial: 
Memory allocated:  485.16796875
Memory cached:  508.0
--------------------  Trial  365   --------------------
Start timing: 
Parameters: 
{'W_layers': 5, 'W_layer_units_exponent_0': 8, 'W_layer_units_exponent_1': 10, 'W_layer_units_exponent_2': 6, 'W_layer_units_exponent_3': 5, 'W_layer_units_exponent_4': 5, 'D_layers': 5, 'D_layer_units_exponent_0': 10, 'D_layer_units_exponent_1': 9, 'D_layer_units_exponent_2': 8, 'D_layer_units_exponent_3': 8, 'D_layer_units_exponent_4': 5, 'D_dagger_layers': 3, 'D_dagger_layer_units_exponent_0': 10, 'D_dagger_layer_units_exponent_1': 5, 'D_dagger_layer_units_exponent_2': 5, 'log_learning_rate': -3.056630463076821, 'log_learning_rate_D': -3.070298988803619, 'log_learning_rate_D_dagger': -3.1481312204959444, 'training_batch_size': 7, 'training_p': 5}
	 epoch  0 training error:  tensor(1.0143, device='cuda:0', grad_fn=<DivBackward0>)
Memory status after this epoch: 
Memory allocated:  219.06103515625
Memory cached:  410.0
	 epoch  10 training error:  tensor(0.5179, device='cuda:0', grad_fn=<DivBackward0>)
Memory status after this epoch: 
Memory allocated:  219.06103515625
Memory cached:  422.0
	 epoch  20 training error:  tensor(0.5075, device='cuda:0', grad_fn=<DivBackward0>)
Memory status after this epoch: 
Memory allocated:  219.06103515625
Memory cached:  422.0
	 epoch  30 training error:  tensor(0.4840, device='cuda:0', grad_fn=<DivBackward0>)
Memory status after this epoch: 
Memory allocated:  219.06103515625
Memory cached:  420.0
	 epoch  40 training error:  tensor(0.4819, device='cuda:0', grad_fn=<DivBackward0>)
Memory status after this epoch: 
Memory allocated:  219.06103515625
Memory cached:  416.0
	 epoch  50 training error:  tensor(0.4817, device='cuda:0', grad_fn=<DivBackward0>)
Memory status after this epoch: 
Memory allocated:  219.06103515625
Memory cached:  422.0
	 epoch  60 training error:  tensor(0.4753, device='cuda:0', grad_fn=<DivBackward0>)
Memory status after this epoch: 
Memory allocated:  219.06103515625
Memory cached:  424.0
	 epoch  70 training error:  tensor(0.4577, device='cuda:0', grad_fn=<DivBackward0>)
Memory status after this epoch: 
Memory allocated:  219.06103515625
Memory cached:  428.0
	 epoch  80 training error:  tensor(0.4333, device='cuda:0', grad_fn=<DivBackward0>)
Memory status after this epoch: 
Memory allocated:  219.06103515625
Memory cached:  424.0
	 epoch  90 training error:  tensor(0.4252, device='cuda:0', grad_fn=<DivBackward0>)
Memory status after this epoch: 
Memory allocated:  219.06103515625
Memory cached:  422.0
[I 2024-01-01 23:57:38,384] Trial 365 finished with value: 0.2855324447154999 and parameters: {'W_layers': 5, 'W_layer_units_exponent_0': 8, 'W_layer_units_exponent_1': 10, 'W_layer_units_exponent_2': 6, 'W_layer_units_exponent_3': 5, 'W_layer_units_exponent_4': 5, 'D_layers': 5, 'D_layer_units_exponent_0': 10, 'D_layer_units_exponent_1': 9, 'D_layer_units_exponent_2': 8, 'D_layer_units_exponent_3': 8, 'D_layer_units_exponent_4': 5, 'D_dagger_layers': 3, 'D_dagger_layer_units_exponent_0': 10, 'D_dagger_layer_units_exponent_1': 5, 'D_dagger_layer_units_exponent_2': 5, 'log_learning_rate': -3.056630463076821, 'log_learning_rate_D': -3.070298988803619, 'log_learning_rate_D_dagger': -3.1481312204959444, 'training_batch_size': 7, 'training_p': 5}. Best is trial 220 with value: 0.11745021492242813.
Time for this trial:  192.8117859363556
Memory status after this trial: 
Memory allocated:  453.486328125
Memory cached:  476.0
--------------------  Trial  366   --------------------
Start timing: 
Parameters: 
{'W_layers': 5, 'W_layer_units_exponent_0': 9, 'W_layer_units_exponent_1': 10, 'W_layer_units_exponent_2': 6, 'W_layer_units_exponent_3': 5, 'W_layer_units_exponent_4': 5, 'D_layers': 4, 'D_layer_units_exponent_0': 10, 'D_layer_units_exponent_1': 9, 'D_layer_units_exponent_2': 8, 'D_layer_units_exponent_3': 8, 'D_dagger_layers': 3, 'D_dagger_layer_units_exponent_0': 10, 'D_dagger_layer_units_exponent_1': 6, 'D_dagger_layer_units_exponent_2': 5, 'log_learning_rate': -3.2162650994525057, 'log_learning_rate_D': -3.965986445664134, 'log_learning_rate_D_dagger': -2.2400822537565857, 'training_batch_size': 6, 'training_p': 5}
	 epoch  0 training error:  tensor(1.4221, device='cuda:0', grad_fn=<DivBackward0>)
Memory status after this epoch: 
Memory allocated:  223.48486328125
Memory cached:  412.0
	 epoch  10 training error:  tensor(0.5683, device='cuda:0', grad_fn=<DivBackward0>)
Memory status after this epoch: 
Memory allocated:  223.48486328125
Memory cached:  446.0
	 epoch  20 training error:  tensor(0.4971, device='cuda:0', grad_fn=<DivBackward0>)
Memory status after this epoch: 
Memory allocated:  223.48486328125
Memory cached:  444.0
	 epoch  30 training error:  tensor(0.4841, device='cuda:0', grad_fn=<DivBackward0>)
Memory status after this epoch: 
Memory allocated:  223.48486328125
Memory cached:  456.0
	 epoch  40 training error:  tensor(0.4843, device='cuda:0', grad_fn=<DivBackward0>)
Memory status after this epoch: 
Memory allocated:  223.48486328125
Memory cached:  450.0
	 epoch  50 training error:  tensor(0.4222, device='cuda:0', grad_fn=<DivBackward0>)
Memory status after this epoch: 
Memory allocated:  223.48486328125
Memory cached:  460.0
	 epoch  60 training error:  tensor(0.4840, device='cuda:0', grad_fn=<DivBackward0>)
Memory status after this epoch: 
Memory allocated:  223.48486328125
Memory cached:  442.0
	 epoch  70 training error:  tensor(0.3641, device='cuda:0', grad_fn=<DivBackward0>)
Memory status after this epoch: 
Memory allocated:  223.48486328125
Memory cached:  460.0
	 epoch  80 training error:  tensor(0.2679, device='cuda:0', grad_fn=<DivBackward0>)
Memory status after this epoch: 
Memory allocated:  223.48486328125
Memory cached:  452.0
	 epoch  90 training error:  tensor(0.2647, device='cuda:0', grad_fn=<DivBackward0>)
Memory status after this epoch: 
Memory allocated:  223.48486328125
Memory cached:  446.0
[I 2024-01-02 00:02:54,530] Trial 366 finished with value: 0.2112351506948471 and parameters: {'W_layers': 5, 'W_layer_units_exponent_0': 9, 'W_layer_units_exponent_1': 10, 'W_layer_units_exponent_2': 6, 'W_layer_units_exponent_3': 5, 'W_layer_units_exponent_4': 5, 'D_layers': 4, 'D_layer_units_exponent_0': 10, 'D_layer_units_exponent_1': 9, 'D_layer_units_exponent_2': 8, 'D_layer_units_exponent_3': 8, 'D_dagger_layers': 3, 'D_dagger_layer_units_exponent_0': 10, 'D_dagger_layer_units_exponent_1': 6, 'D_dagger_layer_units_exponent_2': 5, 'log_learning_rate': -3.2162650994525057, 'log_learning_rate_D': -3.965986445664134, 'log_learning_rate_D_dagger': -2.2400822537565857, 'training_batch_size': 6, 'training_p': 5}. Best is trial 220 with value: 0.11745021492242813.
Time for this trial:  315.5325982570648
Memory status after this trial: 
Memory allocated:  467.732421875
Memory cached:  484.0
--------------------  Trial  367   --------------------
Start timing: 
Parameters: 
{'W_layers': 5, 'W_layer_units_exponent_0': 8, 'W_layer_units_exponent_1': 10, 'W_layer_units_exponent_2': 6, 'W_layer_units_exponent_3': 5, 'W_layer_units_exponent_4': 5, 'D_layers': 5, 'D_layer_units_exponent_0': 10, 'D_layer_units_exponent_1': 9, 'D_layer_units_exponent_2': 8, 'D_layer_units_exponent_3': 7, 'D_layer_units_exponent_4': 6, 'D_dagger_layers': 3, 'D_dagger_layer_units_exponent_0': 10, 'D_dagger_layer_units_exponent_1': 4, 'D_dagger_layer_units_exponent_2': 5, 'log_learning_rate': -2.8234239491606727, 'log_learning_rate_D': -3.572938238140352, 'log_learning_rate_D_dagger': -4.021360676993307, 'training_batch_size': 6, 'training_p': 5}
	 epoch  0 training error:  tensor(0.8701, device='cuda:0', grad_fn=<DivBackward0>)
Memory status after this epoch: 
Memory allocated:  218.32666015625
Memory cached:  420.0
	 epoch  10 training error:  tensor(0.5128, device='cuda:0', grad_fn=<DivBackward0>)
Memory status after this epoch: 
Memory allocated:  218.32666015625
Memory cached:  440.0
	 epoch  20 training error:  tensor(0.4896, device='cuda:0', grad_fn=<DivBackward0>)
Memory status after this epoch: 
Memory allocated:  218.32666015625
Memory cached:  448.0
	 epoch  30 training error:  tensor(0.4885, device='cuda:0', grad_fn=<DivBackward0>)
Memory status after this epoch: 
Memory allocated:  218.32666015625
Memory cached:  438.0
	 epoch  40 training error:  tensor(0.4791, device='cuda:0', grad_fn=<DivBackward0>)
Memory status after this epoch: 
Memory allocated:  218.32666015625
Memory cached:  434.0
	 epoch  50 training error:  tensor(0.4771, device='cuda:0', grad_fn=<DivBackward0>)
Memory status after this epoch: 
Memory allocated:  218.32666015625
Memory cached:  438.0
	 epoch  60 training error:  tensor(0.4729, device='cuda:0', grad_fn=<DivBackward0>)
Memory status after this epoch: 
Memory allocated:  218.32666015625
Memory cached:  438.0
	 epoch  70 training error:  tensor(0.4732, device='cuda:0', grad_fn=<DivBackward0>)
Memory status after this epoch: 
Memory allocated:  218.32666015625
Memory cached:  458.0
	 epoch  80 training error:  tensor(0.4760, device='cuda:0', grad_fn=<DivBackward0>)
Memory status after this epoch: 
Memory allocated:  218.32666015625
Memory cached:  436.0
	 epoch  90 training error:  tensor(0.5000, device='cuda:0', grad_fn=<DivBackward0>)
Memory status after this epoch: 
Memory allocated:  218.32666015625
Memory cached:  438.0
[I 2024-01-02 00:08:21,525] Trial 367 finished with value: 0.34138017892837524 and parameters: {'W_layers': 5, 'W_layer_units_exponent_0': 8, 'W_layer_units_exponent_1': 10, 'W_layer_units_exponent_2': 6, 'W_layer_units_exponent_3': 5, 'W_layer_units_exponent_4': 5, 'D_layers': 5, 'D_layer_units_exponent_0': 10, 'D_layer_units_exponent_1': 9, 'D_layer_units_exponent_2': 8, 'D_layer_units_exponent_3': 7, 'D_layer_units_exponent_4': 6, 'D_dagger_layers': 3, 'D_dagger_layer_units_exponent_0': 10, 'D_dagger_layer_units_exponent_1': 4, 'D_dagger_layer_units_exponent_2': 5, 'log_learning_rate': -2.8234239491606727, 'log_learning_rate_D': -3.572938238140352, 'log_learning_rate_D_dagger': -4.021360676993307, 'training_batch_size': 6, 'training_p': 5}. Best is trial 220 with value: 0.11745021492242813.
Time for this trial:  326.41347074508667
Memory status after this trial: 
Memory allocated:  447.1552734375
Memory cached:  468.0
--------------------  Trial  368   --------------------
Start timing: 
Parameters: 
{'W_layers': 5, 'W_layer_units_exponent_0': 7, 'W_layer_units_exponent_1': 10, 'W_layer_units_exponent_2': 6, 'W_layer_units_exponent_3': 5, 'W_layer_units_exponent_4': 5, 'D_layers': 5, 'D_layer_units_exponent_0': 10, 'D_layer_units_exponent_1': 9, 'D_layer_units_exponent_2': 8, 'D_layer_units_exponent_3': 8, 'D_layer_units_exponent_4': 5, 'D_dagger_layers': 3, 'D_dagger_layer_units_exponent_0': 10, 'D_dagger_layer_units_exponent_1': 4, 'D_dagger_layer_units_exponent_2': 5, 'log_learning_rate': -2.991520603924945, 'log_learning_rate_D': -3.8655579266653213, 'log_learning_rate_D_dagger': -2.410919809906439, 'training_batch_size': 6, 'training_p': 4}
	 epoch  0 training error:  tensor(0.8970, device='cuda:0', grad_fn=<DivBackward0>)
Memory status after this epoch: 
Memory allocated:  216.82470703125
Memory cached:  412.0
	 epoch  10 training error:  tensor(0.4806, device='cuda:0', grad_fn=<DivBackward0>)
Memory status after this epoch: 
Memory allocated:  216.82470703125
Memory cached:  432.0
	 epoch  20 training error:  tensor(0.4602, device='cuda:0', grad_fn=<DivBackward0>)
Memory status after this epoch: 
Memory allocated:  216.82470703125
Memory cached:  426.0
	 epoch  30 training error:  tensor(0.4515, device='cuda:0', grad_fn=<DivBackward0>)
Memory status after this epoch: 
Memory allocated:  216.82470703125
Memory cached:  440.0
	 epoch  40 training error:  tensor(0.4525, device='cuda:0', grad_fn=<DivBackward0>)
Memory status after this epoch: 
Memory allocated:  216.82470703125
Memory cached:  440.0
	 epoch  50 training error:  tensor(0.4457, device='cuda:0', grad_fn=<DivBackward0>)
Memory status after this epoch: 
Memory allocated:  216.82470703125
Memory cached:  450.0
	 epoch  60 training error:  tensor(0.4716, device='cuda:0', grad_fn=<DivBackward0>)
Memory status after this epoch: 
Memory allocated:  216.82470703125
Memory cached:  430.0
	 epoch  70 training error:  tensor(0.4488, device='cuda:0', grad_fn=<DivBackward0>)
Memory status after this epoch: 
Memory allocated:  216.82470703125
Memory cached:  438.0
	 epoch  80 training error:  tensor(0.4596, device='cuda:0', grad_fn=<DivBackward0>)
Memory status after this epoch: 
Memory allocated:  216.82470703125
Memory cached:  442.0
	 epoch  90 training error:  tensor(0.4363, device='cuda:0', grad_fn=<DivBackward0>)
Memory status after this epoch: 
Memory allocated:  216.82470703125
Memory cached:  450.0
[I 2024-01-02 00:13:48,913] Trial 368 finished with value: 0.3272642493247986 and parameters: {'W_layers': 5, 'W_layer_units_exponent_0': 7, 'W_layer_units_exponent_1': 10, 'W_layer_units_exponent_2': 6, 'W_layer_units_exponent_3': 5, 'W_layer_units_exponent_4': 5, 'D_layers': 5, 'D_layer_units_exponent_0': 10, 'D_layer_units_exponent_1': 9, 'D_layer_units_exponent_2': 8, 'D_layer_units_exponent_3': 8, 'D_layer_units_exponent_4': 5, 'D_dagger_layers': 3, 'D_dagger_layer_units_exponent_0': 10, 'D_dagger_layer_units_exponent_1': 4, 'D_dagger_layer_units_exponent_2': 5, 'log_learning_rate': -2.991520603924945, 'log_learning_rate_D': -3.8655579266653213, 'log_learning_rate_D_dagger': -2.410919809906439, 'training_batch_size': 6, 'training_p': 4}. Best is trial 220 with value: 0.11745021492242813.
Time for this trial:  326.82830905914307
Memory status after this trial: 
Memory allocated:  444.8857421875
Memory cached:  466.0
--------------------  Trial  369   --------------------
Start timing: 
Parameters: 
{'W_layers': 7, 'W_layer_units_exponent_0': 8, 'W_layer_units_exponent_1': 10, 'W_layer_units_exponent_2': 6, 'W_layer_units_exponent_3': 5, 'W_layer_units_exponent_4': 5, 'W_layer_units_exponent_5': 7, 'W_layer_units_exponent_6': 9, 'D_layers': 5, 'D_layer_units_exponent_0': 10, 'D_layer_units_exponent_1': 9, 'D_layer_units_exponent_2': 10, 'D_layer_units_exponent_3': 8, 'D_layer_units_exponent_4': 5, 'D_dagger_layers': 3, 'D_dagger_layer_units_exponent_0': 10, 'D_dagger_layer_units_exponent_1': 5, 'D_dagger_layer_units_exponent_2': 5, 'log_learning_rate': -3.1136255919023528, 'log_learning_rate_D': -4.05399832140166, 'log_learning_rate_D_dagger': -2.5536085145086473, 'training_batch_size': 6, 'training_p': 5}
	 epoch  0 training error:  tensor(1.0122, device='cuda:0', grad_fn=<DivBackward0>)
Memory status after this epoch: 
Memory allocated:  229.17626953125
Memory cached:  442.0
	 epoch  10 training error:  tensor(0.5219, device='cuda:0', grad_fn=<DivBackward0>)
Memory status after this epoch: 
Memory allocated:  229.17626953125
Memory cached:  482.0
	 epoch  20 training error:  tensor(0.5028, device='cuda:0', grad_fn=<DivBackward0>)
Memory status after this epoch: 
Memory allocated:  229.17626953125
Memory cached:  460.0
	 epoch  30 training error:  tensor(0.4803, device='cuda:0', grad_fn=<DivBackward0>)
Memory status after this epoch: 
Memory allocated:  229.17626953125
Memory cached:  444.0
	 epoch  40 training error:  tensor(0.4808, device='cuda:0', grad_fn=<DivBackward0>)
Memory status after this epoch: 
Memory allocated:  229.17626953125
Memory cached:  452.0
	 epoch  50 training error:  tensor(0.4788, device='cuda:0', grad_fn=<DivBackward0>)
Memory status after this epoch: 
Memory allocated:  229.17626953125
Memory cached:  456.0
	 epoch  60 training error:  tensor(0.4735, device='cuda:0', grad_fn=<DivBackward0>)
Memory status after this epoch: 
Memory allocated:  229.17626953125
Memory cached:  460.0
	 epoch  70 training error:  tensor(0.4725, device='cuda:0', grad_fn=<DivBackward0>)
Memory status after this epoch: 
Memory allocated:  229.17626953125
Memory cached:  452.0
	 epoch  80 training error:  tensor(0.4820, device='cuda:0', grad_fn=<DivBackward0>)
Memory status after this epoch: 
Memory allocated:  229.17626953125
Memory cached:  446.0
	 epoch  90 training error:  tensor(0.4700, device='cuda:0', grad_fn=<DivBackward0>)
Memory status after this epoch: 
Memory allocated:  229.17626953125
Memory cached:  440.0
