[I 2023-12-02 22:50:35,301] Trial 33 finished with value: 0.06666743755340576 and parameters: {'W_layers': 6, 'W_layer_units_exponent_0': 6, 'W_layer_units_exponent_1': 8, 'W_layer_units_exponent_2': 7, 'W_layer_units_exponent_3': 9, 'W_layer_units_exponent_4': 4, 'W_layer_units_exponent_5': 6, 'D_layers': 5, 'D_layer_units_exponent_0': 10, 'D_layer_units_exponent_1': 10, 'D_layer_units_exponent_2': 6, 'D_layer_units_exponent_3': 7, 'D_layer_units_exponent_4': 6, 'log_learning_rate': -2.76611676699241, 'log_learning_rate_D': -4.755240801459667, 'training_batch_size': 7, 'training_p': 2}. Best is trial 33 with value: 0.06666743755340576.
res:  tensor(0.0667, device='cuda:0', grad_fn=<DivBackward0>)
self.bestValue:  tensor(0.0675, device='cuda:0', grad_fn=<DivBackward0>)
Save this model!
Time for this trial:  12.692197322845459
Memory status after this trial: 
Memory allocated:  25.177734375
Memory cached:  56.0
--------------------  Trial  34   --------------------
Start timing: 
Parameters: 
{'W_layers': 6, 'W_layer_units_exponent_0': 6, 'W_layer_units_exponent_1': 8, 'W_layer_units_exponent_2': 8, 'W_layer_units_exponent_3': 8, 'W_layer_units_exponent_4': 6, 'W_layer_units_exponent_5': 5, 'D_layers': 5, 'D_layer_units_exponent_0': 8, 'D_layer_units_exponent_1': 10, 'D_layer_units_exponent_2': 5, 'D_layer_units_exponent_3': 7, 'D_layer_units_exponent_4': 6, 'log_learning_rate': -2.7000834407014285, 'log_learning_rate_D': -4.837853452277111, 'training_batch_size': 6, 'training_p': 2}
	 epoch  0 training error:  tensor(1.3460, device='cuda:0', grad_fn=<DivBackward0>)
Memory status after this epoch: 
Memory allocated:  28.9189453125
Memory cached:  56.0
	 epoch  10 training error:  tensor(0.1685, device='cuda:0', grad_fn=<DivBackward0>)
Memory status after this epoch: 
Memory allocated:  28.9189453125
Memory cached:  56.0
	 epoch  20 training error:  tensor(0.0854, device='cuda:0', grad_fn=<DivBackward0>)
Memory status after this epoch: 
Memory allocated:  28.9189453125
Memory cached:  56.0
	 epoch  30 training error:  tensor(0.0963, device='cuda:0', grad_fn=<DivBackward0>)
Memory status after this epoch: 
Memory allocated:  28.9189453125
Memory cached:  56.0
	 epoch  40 training error:  tensor(0.0679, device='cuda:0', grad_fn=<DivBackward0>)
Memory status after this epoch: 
Memory allocated:  28.9189453125
Memory cached:  56.0
	 epoch  50 training error:  tensor(0.0704, device='cuda:0', grad_fn=<DivBackward0>)
Memory status after this epoch: 
Memory allocated:  28.9189453125
Memory cached:  56.0
	 epoch  60 training error:  tensor(0.0733, device='cuda:0', grad_fn=<DivBackward0>)
Memory status after this epoch: 
Memory allocated:  28.9189453125
Memory cached:  56.0
	 epoch  70 training error:  tensor(0.0690, device='cuda:0', grad_fn=<DivBackward0>)
Memory status after this epoch: 
Memory allocated:  28.9189453125
Memory cached:  56.0
	 epoch  80 training error:  tensor(0.0675, device='cuda:0', grad_fn=<DivBackward0>)
Memory status after this epoch: 
Memory allocated:  28.9189453125
Memory cached:  56.0
	 epoch  90 training error:  tensor(0.0681, device='cuda:0', grad_fn=<DivBackward0>)
Memory status after this epoch: 
Memory allocated:  28.9189453125
Memory cached:  56.0
[I 2023-12-02 22:50:49,138] Trial 34 finished with value: 0.07059898972511292 and parameters: {'W_layers': 6, 'W_layer_units_exponent_0': 6, 'W_layer_units_exponent_1': 8, 'W_layer_units_exponent_2': 8, 'W_layer_units_exponent_3': 8, 'W_layer_units_exponent_4': 6, 'W_layer_units_exponent_5': 5, 'D_layers': 5, 'D_layer_units_exponent_0': 8, 'D_layer_units_exponent_1': 10, 'D_layer_units_exponent_2': 5, 'D_layer_units_exponent_3': 7, 'D_layer_units_exponent_4': 6, 'log_learning_rate': -2.7000834407014285, 'log_learning_rate_D': -4.837853452277111, 'training_batch_size': 6, 'training_p': 2}. Best is trial 33 with value: 0.06666743755340576.
Time for this trial:  13.611121654510498
Memory status after this trial: 
Memory allocated:  48.20458984375
Memory cached:  56.0
--------------------  Trial  35   --------------------
Start timing: 
Parameters: 
{'W_layers': 6, 'W_layer_units_exponent_0': 6, 'W_layer_units_exponent_1': 9, 'W_layer_units_exponent_2': 7, 'W_layer_units_exponent_3': 9, 'W_layer_units_exponent_4': 7, 'W_layer_units_exponent_5': 6, 'D_layers': 5, 'D_layer_units_exponent_0': 10, 'D_layer_units_exponent_1': 10, 'D_layer_units_exponent_2': 6, 'D_layer_units_exponent_3': 7, 'D_layer_units_exponent_4': 4, 'log_learning_rate': -3.3395452087388744, 'log_learning_rate_D': -4.634672600031397, 'training_batch_size': 8, 'training_p': 2}
	 epoch  0 training error:  tensor(1.3264, device='cuda:0', grad_fn=<DivBackward0>)
Memory status after this epoch: 
Memory allocated:  33.1689453125
Memory cached:  56.0
	 epoch  10 training error:  tensor(0.1884, device='cuda:0', grad_fn=<DivBackward0>)
Memory status after this epoch: 
Memory allocated:  33.1689453125
Memory cached:  56.0
	 epoch  20 training error:  tensor(0.1147, device='cuda:0', grad_fn=<DivBackward0>)
Memory status after this epoch: 
Memory allocated:  33.1689453125
Memory cached:  56.0
	 epoch  30 training error:  tensor(0.0781, device='cuda:0', grad_fn=<DivBackward0>)
Memory status after this epoch: 
Memory allocated:  33.1689453125
Memory cached:  56.0
	 epoch  40 training error:  tensor(0.0729, device='cuda:0', grad_fn=<DivBackward0>)
Memory status after this epoch: 
Memory allocated:  33.1689453125
Memory cached:  56.0
	 epoch  50 training error:  tensor(0.0690, device='cuda:0', grad_fn=<DivBackward0>)
Memory status after this epoch: 
Memory allocated:  33.1689453125
Memory cached:  56.0
	 epoch  60 training error:  tensor(0.0678, device='cuda:0', grad_fn=<DivBackward0>)
Memory status after this epoch: 
Memory allocated:  33.1689453125
Memory cached:  56.0
	 epoch  70 training error:  tensor(0.0664, device='cuda:0', grad_fn=<DivBackward0>)
Memory status after this epoch: 
Memory allocated:  33.1689453125
Memory cached:  56.0
	 epoch  80 training error:  tensor(0.0660, device='cuda:0', grad_fn=<DivBackward0>)
Memory status after this epoch: 
Memory allocated:  33.1689453125
Memory cached:  56.0
	 epoch  90 training error:  tensor(0.0657, device='cuda:0', grad_fn=<DivBackward0>)
Memory status after this epoch: 
Memory allocated:  33.1689453125
Memory cached:  56.0
[I 2023-12-02 22:51:02,103] Trial 35 finished with value: 0.0767495334148407 and parameters: {'W_layers': 6, 'W_layer_units_exponent_0': 6, 'W_layer_units_exponent_1': 9, 'W_layer_units_exponent_2': 7, 'W_layer_units_exponent_3': 9, 'W_layer_units_exponent_4': 7, 'W_layer_units_exponent_5': 6, 'D_layers': 5, 'D_layer_units_exponent_0': 10, 'D_layer_units_exponent_1': 10, 'D_layer_units_exponent_2': 6, 'D_layer_units_exponent_3': 7, 'D_layer_units_exponent_4': 4, 'log_learning_rate': -3.3395452087388744, 'log_learning_rate_D': -4.634672600031397, 'training_batch_size': 8, 'training_p': 2}. Best is trial 33 with value: 0.06666743755340576.
Time for this trial:  12.768250465393066
Memory status after this trial: 
Memory allocated:  59.27197265625
Memory cached:  78.0
--------------------  Trial  36   --------------------
Start timing: 
Parameters: 
{'W_layers': 5, 'W_layer_units_exponent_0': 5, 'W_layer_units_exponent_1': 10, 'W_layer_units_exponent_2': 9, 'W_layer_units_exponent_3': 10, 'W_layer_units_exponent_4': 5, 'D_layers': 5, 'D_layer_units_exponent_0': 9, 'D_layer_units_exponent_1': 10, 'D_layer_units_exponent_2': 5, 'D_layer_units_exponent_3': 6, 'D_layer_units_exponent_4': 7, 'log_learning_rate': -2.719626717634398, 'log_learning_rate_D': -4.376086184226974, 'training_batch_size': 7, 'training_p': 4}
	 epoch  0 training error:  tensor(0.6332, device='cuda:0', grad_fn=<DivBackward0>)
Memory status after this epoch: 
Memory allocated:  44.8076171875
Memory cached:  76.0
	 epoch  10 training error:  tensor(0.9158, device='cuda:0', grad_fn=<DivBackward0>)
Memory status after this epoch: 
Memory allocated:  44.8076171875
Memory cached:  76.0
	 epoch  20 training error:  tensor(0.2675, device='cuda:0', grad_fn=<DivBackward0>)
Memory status after this epoch: 
Memory allocated:  44.8076171875
Memory cached:  76.0
	 epoch  30 training error:  tensor(0.1648, device='cuda:0', grad_fn=<DivBackward0>)
Memory status after this epoch: 
Memory allocated:  44.8076171875
Memory cached:  76.0
	 epoch  40 training error:  tensor(0.1076, device='cuda:0', grad_fn=<DivBackward0>)
Memory status after this epoch: 
Memory allocated:  44.8076171875
Memory cached:  76.0
	 epoch  50 training error:  tensor(0.0957, device='cuda:0', grad_fn=<DivBackward0>)
Memory status after this epoch: 
Memory allocated:  44.8076171875
Memory cached:  76.0
	 epoch  60 training error:  tensor(0.0888, device='cuda:0', grad_fn=<DivBackward0>)
Memory status after this epoch: 
Memory allocated:  44.8076171875
Memory cached:  76.0
	 epoch  70 training error:  tensor(0.0808, device='cuda:0', grad_fn=<DivBackward0>)
Memory status after this epoch: 
Memory allocated:  44.8076171875
Memory cached:  76.0
	 epoch  80 training error:  tensor(0.0790, device='cuda:0', grad_fn=<DivBackward0>)
Memory status after this epoch: 
Memory allocated:  44.8076171875
Memory cached:  76.0
	 epoch  90 training error:  tensor(0.0782, device='cuda:0', grad_fn=<DivBackward0>)
Memory status after this epoch: 
Memory allocated:  44.8076171875
Memory cached:  76.0
[I 2023-12-02 22:51:15,578] Trial 36 finished with value: 0.07184453308582306 and parameters: {'W_layers': 5, 'W_layer_units_exponent_0': 5, 'W_layer_units_exponent_1': 10, 'W_layer_units_exponent_2': 9, 'W_layer_units_exponent_3': 10, 'W_layer_units_exponent_4': 5, 'D_layers': 5, 'D_layer_units_exponent_0': 9, 'D_layer_units_exponent_1': 10, 'D_layer_units_exponent_2': 5, 'D_layer_units_exponent_3': 6, 'D_layer_units_exponent_4': 7, 'log_learning_rate': -2.719626717634398, 'log_learning_rate_D': -4.376086184226974, 'training_batch_size': 7, 'training_p': 4}. Best is trial 33 with value: 0.06666743755340576.
Time for this trial:  13.277370929718018
Memory status after this trial: 
Memory allocated:  94.64501953125
Memory cached:  136.0
--------------------  Trial  37   --------------------
Start timing: 
Parameters: 
{'W_layers': 2, 'W_layer_units_exponent_0': 7, 'W_layer_units_exponent_1': 8, 'D_layers': 4, 'D_layer_units_exponent_0': 9, 'D_layer_units_exponent_1': 9, 'D_layer_units_exponent_2': 7, 'D_layer_units_exponent_3': 8, 'log_learning_rate': -3.1303722339965763, 'log_learning_rate_D': -4.993605021237745, 'training_batch_size': 9, 'training_p': 2}
	 epoch  0 training error:  tensor(0.4733, device='cuda:0', grad_fn=<DivBackward0>)
Memory status after this epoch: 
Memory allocated:  27.1083984375
Memory cached:  56.0
	 epoch  10 training error:  tensor(0.4684, device='cuda:0', grad_fn=<DivBackward0>)
Memory status after this epoch: 
Memory allocated:  27.1083984375
Memory cached:  56.0
	 epoch  20 training error:  tensor(0.1836, device='cuda:0', grad_fn=<DivBackward0>)
Memory status after this epoch: 
Memory allocated:  27.1083984375
Memory cached:  56.0
	 epoch  30 training error:  tensor(0.2121, device='cuda:0', grad_fn=<DivBackward0>)
Memory status after this epoch: 
Memory allocated:  27.1083984375
Memory cached:  56.0
	 epoch  40 training error:  tensor(0.1731, device='cuda:0', grad_fn=<DivBackward0>)
Memory status after this epoch: 
Memory allocated:  27.1083984375
Memory cached:  56.0
	 epoch  50 training error:  tensor(0.1603, device='cuda:0', grad_fn=<DivBackward0>)
Memory status after this epoch: 
Memory allocated:  27.1083984375
Memory cached:  56.0
	 epoch  60 training error:  tensor(0.1319, device='cuda:0', grad_fn=<DivBackward0>)
Memory status after this epoch: 
Memory allocated:  27.1083984375
Memory cached:  56.0
	 epoch  70 training error:  tensor(0.1022, device='cuda:0', grad_fn=<DivBackward0>)
Memory status after this epoch: 
Memory allocated:  27.1083984375
Memory cached:  56.0
	 epoch  80 training error:  tensor(0.0960, device='cuda:0', grad_fn=<DivBackward0>)
Memory status after this epoch: 
Memory allocated:  27.1083984375
Memory cached:  56.0
	 epoch  90 training error:  tensor(0.0786, device='cuda:0', grad_fn=<DivBackward0>)
Memory status after this epoch: 
Memory allocated:  27.1083984375
Memory cached:  56.0
[I 2023-12-02 22:51:27,579] Trial 37 finished with value: 0.08299154788255692 and parameters: {'W_layers': 2, 'W_layer_units_exponent_0': 7, 'W_layer_units_exponent_1': 8, 'D_layers': 4, 'D_layer_units_exponent_0': 9, 'D_layer_units_exponent_1': 9, 'D_layer_units_exponent_2': 7, 'D_layer_units_exponent_3': 8, 'log_learning_rate': -3.1303722339965763, 'log_learning_rate_D': -4.993605021237745, 'training_batch_size': 9, 'training_p': 2}. Best is trial 33 with value: 0.06666743755340576.
Time for this trial:  11.83056902885437
Memory status after this trial: 
Memory allocated:  34.26513671875
Memory cached:  56.0
--------------------  Trial  38   --------------------
Start timing: 
Parameters: 
{'W_layers': 6, 'W_layer_units_exponent_0': 4, 'W_layer_units_exponent_1': 6, 'W_layer_units_exponent_2': 8, 'W_layer_units_exponent_3': 7, 'W_layer_units_exponent_4': 6, 'W_layer_units_exponent_5': 8, 'D_layers': 6, 'D_layer_units_exponent_0': 8, 'D_layer_units_exponent_1': 8, 'D_layer_units_exponent_2': 6, 'D_layer_units_exponent_3': 5, 'D_layer_units_exponent_4': 5, 'D_layer_units_exponent_5': 9, 'log_learning_rate': -3.4286632586270693, 'log_learning_rate_D': -4.724253268196651, 'training_batch_size': 8, 'training_p': 5}
	 epoch  0 training error:  tensor(1.3425, device='cuda:0', grad_fn=<DivBackward0>)
Memory status after this epoch: 
Memory allocated:  26.7666015625
Memory cached:  56.0
	 epoch  10 training error:  tensor(0.2062, device='cuda:0', grad_fn=<DivBackward0>)
Memory status after this epoch: 
Memory allocated:  26.7666015625
Memory cached:  56.0
	 epoch  20 training error:  tensor(0.1509, device='cuda:0', grad_fn=<DivBackward0>)
Memory status after this epoch: 
Memory allocated:  26.7666015625
Memory cached:  56.0
	 epoch  30 training error:  tensor(0.1193, device='cuda:0', grad_fn=<DivBackward0>)
Memory status after this epoch: 
Memory allocated:  26.7666015625
Memory cached:  56.0
	 epoch  40 training error:  tensor(0.0965, device='cuda:0', grad_fn=<DivBackward0>)
Memory status after this epoch: 
Memory allocated:  26.7666015625
Memory cached:  56.0
	 epoch  50 training error:  tensor(0.0932, device='cuda:0', grad_fn=<DivBackward0>)
Memory status after this epoch: 
Memory allocated:  26.7666015625
Memory cached:  56.0
	 epoch  60 training error:  tensor(0.0903, device='cuda:0', grad_fn=<DivBackward0>)
Memory status after this epoch: 
Memory allocated:  26.7666015625
Memory cached:  56.0
	 epoch  70 training error:  tensor(0.0889, device='cuda:0', grad_fn=<DivBackward0>)
Memory status after this epoch: 
Memory allocated:  26.7666015625
Memory cached:  56.0
	 epoch  80 training error:  tensor(0.0884, device='cuda:0', grad_fn=<DivBackward0>)
Memory status after this epoch: 
Memory allocated:  26.7666015625
Memory cached:  56.0
	 epoch  90 training error:  tensor(0.0878, device='cuda:0', grad_fn=<DivBackward0>)
Memory status after this epoch: 
Memory allocated:  26.7666015625
Memory cached:  56.0
[I 2023-12-02 22:51:40,199] Trial 38 finished with value: 0.0799151137471199 and parameters: {'W_layers': 6, 'W_layer_units_exponent_0': 4, 'W_layer_units_exponent_1': 6, 'W_layer_units_exponent_2': 8, 'W_layer_units_exponent_3': 7, 'W_layer_units_exponent_4': 6, 'W_layer_units_exponent_5': 8, 'D_layers': 6, 'D_layer_units_exponent_0': 8, 'D_layer_units_exponent_1': 8, 'D_layer_units_exponent_2': 6, 'D_layer_units_exponent_3': 5, 'D_layer_units_exponent_4': 5, 'D_layer_units_exponent_5': 9, 'log_learning_rate': -3.4286632586270693, 'log_learning_rate_D': -4.724253268196651, 'training_batch_size': 8, 'training_p': 5}. Best is trial 33 with value: 0.06666743755340576.
Time for this trial:  12.432079553604126
Memory status after this trial: 
Memory allocated:  43.74462890625
Memory cached:  56.0
--------------------  Trial  39   --------------------
Start timing: 
Parameters: 
{'W_layers': 8, 'W_layer_units_exponent_0': 6, 'W_layer_units_exponent_1': 6, 'W_layer_units_exponent_2': 9, 'W_layer_units_exponent_3': 6, 'W_layer_units_exponent_4': 4, 'W_layer_units_exponent_5': 5, 'W_layer_units_exponent_6': 5, 'W_layer_units_exponent_7': 8, 'D_layers': 7, 'D_layer_units_exponent_0': 7, 'D_layer_units_exponent_1': 10, 'D_layer_units_exponent_2': 8, 'D_layer_units_exponent_3': 7, 'D_layer_units_exponent_4': 7, 'D_layer_units_exponent_5': 6, 'D_layer_units_exponent_6': 6, 'log_learning_rate': -2.6224805392452013, 'log_learning_rate_D': -4.021752000478066, 'training_batch_size': 6, 'training_p': 6}
	 epoch  0 training error:  tensor(0.8888, device='cuda:0', grad_fn=<DivBackward0>)
Memory status after this epoch: 
Memory allocated:  28.1845703125
Memory cached:  56.0
	 epoch  10 training error:  tensor(0.1373, device='cuda:0', grad_fn=<DivBackward0>)
Memory status after this epoch: 
Memory allocated:  28.1845703125
Memory cached:  56.0
	 epoch  20 training error:  tensor(0.2142, device='cuda:0', grad_fn=<DivBackward0>)
Memory status after this epoch: 
Memory allocated:  28.1845703125
Memory cached:  56.0
	 epoch  30 training error:  tensor(0.1152, device='cuda:0', grad_fn=<DivBackward0>)
Memory status after this epoch: 
Memory allocated:  28.1845703125
Memory cached:  56.0
	 epoch  40 training error:  tensor(0.1235, device='cuda:0', grad_fn=<DivBackward0>)
Memory status after this epoch: 
Memory allocated:  28.1845703125
Memory cached:  56.0
	 epoch  50 training error:  tensor(0.1103, device='cuda:0', grad_fn=<DivBackward0>)
Memory status after this epoch: 
Memory allocated:  28.1845703125
Memory cached:  56.0
	 epoch  60 training error:  tensor(0.1100, device='cuda:0', grad_fn=<DivBackward0>)
Memory status after this epoch: 
Memory allocated:  28.1845703125
Memory cached:  56.0
	 epoch  70 training error:  tensor(0.1060, device='cuda:0', grad_fn=<DivBackward0>)
Memory status after this epoch: 
Memory allocated:  28.1845703125
Memory cached:  56.0
	 epoch  80 training error:  tensor(0.1086, device='cuda:0', grad_fn=<DivBackward0>)
Memory status after this epoch: 
Memory allocated:  28.1845703125
Memory cached:  56.0
	 epoch  90 training error:  tensor(0.1069, device='cuda:0', grad_fn=<DivBackward0>)
Memory status after this epoch: 
Memory allocated:  28.1845703125
Memory cached:  56.0
[I 2023-12-02 22:51:54,732] Trial 39 finished with value: 0.07506563514471054 and parameters: {'W_layers': 8, 'W_layer_units_exponent_0': 6, 'W_layer_units_exponent_1': 6, 'W_layer_units_exponent_2': 9, 'W_layer_units_exponent_3': 6, 'W_layer_units_exponent_4': 4, 'W_layer_units_exponent_5': 5, 'W_layer_units_exponent_6': 5, 'W_layer_units_exponent_7': 8, 'D_layers': 7, 'D_layer_units_exponent_0': 7, 'D_layer_units_exponent_1': 10, 'D_layer_units_exponent_2': 8, 'D_layer_units_exponent_3': 7, 'D_layer_units_exponent_4': 7, 'D_layer_units_exponent_5': 6, 'D_layer_units_exponent_6': 6, 'log_learning_rate': -2.6224805392452013, 'log_learning_rate_D': -4.021752000478066, 'training_batch_size': 6, 'training_p': 6}. Best is trial 33 with value: 0.06666743755340576.
Time for this trial:  14.330178499221802
Memory status after this trial: 
Memory allocated:  50.11962890625
Memory cached:  56.0
--------------------  Trial  40   --------------------
Start timing: 
Parameters: 
{'W_layers': 3, 'W_layer_units_exponent_0': 6, 'W_layer_units_exponent_1': 8, 'W_layer_units_exponent_2': 8, 'D_layers': 4, 'D_layer_units_exponent_0': 6, 'D_layer_units_exponent_1': 5, 'D_layer_units_exponent_2': 6, 'D_layer_units_exponent_3': 6, 'log_learning_rate': -3.6755587687534024, 'log_learning_rate_D': -4.416594713462804, 'training_batch_size': 10, 'training_p': 2}
	 epoch  0 training error:  tensor(2.1553, device='cuda:0', grad_fn=<DivBackward0>)
Memory status after this epoch: 
Memory allocated:  26.509765625
Memory cached:  56.0
	 epoch  10 training error:  tensor(0.2655, device='cuda:0', grad_fn=<DivBackward0>)
Memory status after this epoch: 
Memory allocated:  26.509765625
Memory cached:  56.0
	 epoch  20 training error:  tensor(0.2610, device='cuda:0', grad_fn=<DivBackward0>)
Memory status after this epoch: 
Memory allocated:  26.509765625
Memory cached:  56.0
	 epoch  30 training error:  tensor(0.1544, device='cuda:0', grad_fn=<DivBackward0>)
Memory status after this epoch: 
Memory allocated:  26.509765625
Memory cached:  56.0
	 epoch  40 training error:  tensor(0.1054, device='cuda:0', grad_fn=<DivBackward0>)
Memory status after this epoch: 
Memory allocated:  26.509765625
Memory cached:  56.0
	 epoch  50 training error:  tensor(0.0787, device='cuda:0', grad_fn=<DivBackward0>)
Memory status after this epoch: 
Memory allocated:  26.509765625
Memory cached:  56.0
	 epoch  60 training error:  tensor(0.0670, device='cuda:0', grad_fn=<DivBackward0>)
Memory status after this epoch: 
Memory allocated:  26.509765625
Memory cached:  56.0
	 epoch  70 training error:  tensor(0.0658, device='cuda:0', grad_fn=<DivBackward0>)
Memory status after this epoch: 
Memory allocated:  26.509765625
Memory cached:  56.0
	 epoch  80 training error:  tensor(0.0650, device='cuda:0', grad_fn=<DivBackward0>)
Memory status after this epoch: 
Memory allocated:  26.509765625
Memory cached:  56.0
	 epoch  90 training error:  tensor(0.0644, device='cuda:0', grad_fn=<DivBackward0>)
Memory status after this epoch: 
Memory allocated:  26.509765625
Memory cached:  56.0
