[I 2023-12-20 13:51:08,265] Trial 152 finished with value: 0.21242892742156982 and parameters: {'W_layers': 5, 'W_layer_units_exponent_0': 9, 'W_layer_units_exponent_1': 10, 'W_layer_units_exponent_2': 6, 'W_layer_units_exponent_3': 6, 'W_layer_units_exponent_4': 5, 'D_layers': 6, 'D_layer_units_exponent_0': 7, 'D_layer_units_exponent_1': 9, 'D_layer_units_exponent_2': 8, 'D_layer_units_exponent_3': 8, 'D_layer_units_exponent_4': 5, 'D_layer_units_exponent_5': 5, 'D_dagger_layers': 2, 'D_dagger_layer_units_exponent_0': 9, 'D_dagger_layer_units_exponent_1': 4, 'log_learning_rate': -2.6949202619260264, 'log_learning_rate_D': -3.768514840022312, 'log_learning_rate_D_dagger': -2.3472387486614985, 'training_batch_size': 6, 'training_p': 7}. Best is trial 116 with value: 0.12582257390022278.
Time for this trial:  321.93579745292664
Memory status after this trial: 
Memory allocated:  410.38720703125
Memory cached:  422.0
--------------------  Trial  153   --------------------
Start timing: 
Parameters: 
{'W_layers': 5, 'W_layer_units_exponent_0': 10, 'W_layer_units_exponent_1': 10, 'W_layer_units_exponent_2': 6, 'W_layer_units_exponent_3': 6, 'W_layer_units_exponent_4': 5, 'D_layers': 5, 'D_layer_units_exponent_0': 7, 'D_layer_units_exponent_1': 9, 'D_layer_units_exponent_2': 8, 'D_layer_units_exponent_3': 8, 'D_layer_units_exponent_4': 5, 'D_dagger_layers': 3, 'D_dagger_layer_units_exponent_0': 9, 'D_dagger_layer_units_exponent_1': 4, 'D_dagger_layer_units_exponent_2': 5, 'log_learning_rate': -2.845881297689158, 'log_learning_rate_D': -3.918238316134277, 'log_learning_rate_D_dagger': -2.6542558428627756, 'training_batch_size': 6, 'training_p': 7}
	 epoch  0 training error:  tensor(1.0736, device='cuda:0', grad_fn=<DivBackward0>)
Memory status after this epoch: 
Memory allocated:  242.19873046875
Memory cached:  430.0
	 epoch  10 training error:  tensor(0.5470, device='cuda:0', grad_fn=<DivBackward0>)
Memory status after this epoch: 
Memory allocated:  242.19873046875
Memory cached:  430.0
	 epoch  20 training error:  tensor(0.5405, device='cuda:0', grad_fn=<DivBackward0>)
Memory status after this epoch: 
Memory allocated:  242.19873046875
Memory cached:  430.0
	 epoch  30 training error:  tensor(0.5338, device='cuda:0', grad_fn=<DivBackward0>)
Memory status after this epoch: 
Memory allocated:  242.19873046875
Memory cached:  430.0
	 epoch  40 training error:  tensor(0.5292, device='cuda:0', grad_fn=<DivBackward0>)
Memory status after this epoch: 
Memory allocated:  242.19873046875
Memory cached:  430.0
	 epoch  50 training error:  tensor(0.5269, device='cuda:0', grad_fn=<DivBackward0>)
Memory status after this epoch: 
Memory allocated:  242.19873046875
Memory cached:  430.0
	 epoch  60 training error:  tensor(0.5334, device='cuda:0', grad_fn=<DivBackward0>)
Memory status after this epoch: 
Memory allocated:  242.19873046875
Memory cached:  430.0
	 epoch  70 training error:  tensor(0.5233, device='cuda:0', grad_fn=<DivBackward0>)
Memory status after this epoch: 
Memory allocated:  242.19873046875
Memory cached:  430.0
	 epoch  80 training error:  tensor(0.4313, device='cuda:0', grad_fn=<DivBackward0>)
Memory status after this epoch: 
Memory allocated:  242.19873046875
Memory cached:  430.0
	 epoch  90 training error:  tensor(0.2911, device='cuda:0', grad_fn=<DivBackward0>)
Memory status after this epoch: 
Memory allocated:  242.19873046875
Memory cached:  430.0
[I 2023-12-20 13:56:36,130] Trial 153 finished with value: 0.16280467808246613 and parameters: {'W_layers': 5, 'W_layer_units_exponent_0': 10, 'W_layer_units_exponent_1': 10, 'W_layer_units_exponent_2': 6, 'W_layer_units_exponent_3': 6, 'W_layer_units_exponent_4': 5, 'D_layers': 5, 'D_layer_units_exponent_0': 7, 'D_layer_units_exponent_1': 9, 'D_layer_units_exponent_2': 8, 'D_layer_units_exponent_3': 8, 'D_layer_units_exponent_4': 5, 'D_dagger_layers': 3, 'D_dagger_layer_units_exponent_0': 9, 'D_dagger_layer_units_exponent_1': 4, 'D_dagger_layer_units_exponent_2': 5, 'log_learning_rate': -2.845881297689158, 'log_learning_rate_D': -3.918238316134277, 'log_learning_rate_D_dagger': -2.6542558428627756, 'training_batch_size': 6, 'training_p': 7}. Best is trial 116 with value: 0.12582257390022278.
Time for this trial:  327.39290976524353
Memory status after this trial: 
Memory allocated:  441.654296875
Memory cached:  450.0
--------------------  Trial  154   --------------------
Start timing: 
Parameters: 
{'W_layers': 5, 'W_layer_units_exponent_0': 10, 'W_layer_units_exponent_1': 10, 'W_layer_units_exponent_2': 6, 'W_layer_units_exponent_3': 6, 'W_layer_units_exponent_4': 5, 'D_layers': 6, 'D_layer_units_exponent_0': 7, 'D_layer_units_exponent_1': 9, 'D_layer_units_exponent_2': 8, 'D_layer_units_exponent_3': 8, 'D_layer_units_exponent_4': 5, 'D_layer_units_exponent_5': 7, 'D_dagger_layers': 3, 'D_dagger_layer_units_exponent_0': 9, 'D_dagger_layer_units_exponent_1': 4, 'D_dagger_layer_units_exponent_2': 5, 'log_learning_rate': -2.729715238081919, 'log_learning_rate_D': -3.7426765070940022, 'log_learning_rate_D_dagger': -2.5445691045628704, 'training_batch_size': 6, 'training_p': 7}
	 epoch  0 training error:  tensor(1.2016, device='cuda:0', grad_fn=<DivBackward0>)
Memory status after this epoch: 
Memory allocated:  242.26318359375
Memory cached:  430.0
	 epoch  10 training error:  tensor(0.5557, device='cuda:0', grad_fn=<DivBackward0>)
Memory status after this epoch: 
Memory allocated:  242.26318359375
Memory cached:  432.0
	 epoch  20 training error:  tensor(0.5430, device='cuda:0', grad_fn=<DivBackward0>)
Memory status after this epoch: 
Memory allocated:  242.26318359375
Memory cached:  432.0
	 epoch  30 training error:  tensor(0.5449, device='cuda:0', grad_fn=<DivBackward0>)
Memory status after this epoch: 
Memory allocated:  242.26318359375
Memory cached:  432.0
	 epoch  40 training error:  tensor(0.5461, device='cuda:0', grad_fn=<DivBackward0>)
Memory status after this epoch: 
Memory allocated:  242.26318359375
Memory cached:  430.0
	 epoch  50 training error:  tensor(0.5445, device='cuda:0', grad_fn=<DivBackward0>)
Memory status after this epoch: 
Memory allocated:  242.26318359375
Memory cached:  430.0
	 epoch  60 training error:  tensor(0.5330, device='cuda:0', grad_fn=<DivBackward0>)
Memory status after this epoch: 
Memory allocated:  242.26318359375
Memory cached:  432.0
	 epoch  70 training error:  tensor(0.5273, device='cuda:0', grad_fn=<DivBackward0>)
Memory status after this epoch: 
Memory allocated:  242.26318359375
Memory cached:  430.0
	 epoch  80 training error:  tensor(0.5260, device='cuda:0', grad_fn=<DivBackward0>)
Memory status after this epoch: 
Memory allocated:  242.26318359375
Memory cached:  430.0
	 epoch  90 training error:  tensor(0.5179, device='cuda:0', grad_fn=<DivBackward0>)
Memory status after this epoch: 
Memory allocated:  242.26318359375
Memory cached:  432.0
[I 2023-12-20 14:02:18,498] Trial 154 finished with value: 0.4172578752040863 and parameters: {'W_layers': 5, 'W_layer_units_exponent_0': 10, 'W_layer_units_exponent_1': 10, 'W_layer_units_exponent_2': 6, 'W_layer_units_exponent_3': 6, 'W_layer_units_exponent_4': 5, 'D_layers': 6, 'D_layer_units_exponent_0': 7, 'D_layer_units_exponent_1': 9, 'D_layer_units_exponent_2': 8, 'D_layer_units_exponent_3': 8, 'D_layer_units_exponent_4': 5, 'D_layer_units_exponent_5': 7, 'D_dagger_layers': 3, 'D_dagger_layer_units_exponent_0': 9, 'D_dagger_layer_units_exponent_1': 4, 'D_dagger_layer_units_exponent_2': 5, 'log_learning_rate': -2.729715238081919, 'log_learning_rate_D': -3.7426765070940022, 'log_learning_rate_D_dagger': -2.5445691045628704, 'training_batch_size': 6, 'training_p': 7}. Best is trial 116 with value: 0.12582257390022278.
Time for this trial:  341.9558596611023
Memory status after this trial: 
Memory allocated:  447.72900390625
Memory cached:  456.0
--------------------  Trial  155   --------------------
Start timing: 
Parameters: 
{'W_layers': 5, 'W_layer_units_exponent_0': 9, 'W_layer_units_exponent_1': 10, 'W_layer_units_exponent_2': 6, 'W_layer_units_exponent_3': 6, 'W_layer_units_exponent_4': 5, 'D_layers': 5, 'D_layer_units_exponent_0': 7, 'D_layer_units_exponent_1': 9, 'D_layer_units_exponent_2': 8, 'D_layer_units_exponent_3': 8, 'D_layer_units_exponent_4': 5, 'D_dagger_layers': 3, 'D_dagger_layer_units_exponent_0': 9, 'D_dagger_layer_units_exponent_1': 4, 'D_dagger_layer_units_exponent_2': 6, 'log_learning_rate': -2.6438814786102967, 'log_learning_rate_D': -3.934105789395761, 'log_learning_rate_D_dagger': -2.4798635839842116, 'training_batch_size': 6, 'training_p': 7}
	 epoch  0 training error:  tensor(1.1680, device='cuda:0', grad_fn=<DivBackward0>)
Memory status after this epoch: 
Memory allocated:  234.19091796875
Memory cached:  408.0
	 epoch  10 training error:  tensor(0.5470, device='cuda:0', grad_fn=<DivBackward0>)
Memory status after this epoch: 
Memory allocated:  234.19091796875
Memory cached:  408.0
	 epoch  20 training error:  tensor(0.5437, device='cuda:0', grad_fn=<DivBackward0>)
Memory status after this epoch: 
Memory allocated:  234.19091796875
Memory cached:  408.0
	 epoch  30 training error:  tensor(0.5370, device='cuda:0', grad_fn=<DivBackward0>)
Memory status after this epoch: 
Memory allocated:  234.19091796875
Memory cached:  408.0
	 epoch  40 training error:  tensor(0.5338, device='cuda:0', grad_fn=<DivBackward0>)
Memory status after this epoch: 
Memory allocated:  234.19091796875
Memory cached:  408.0
	 epoch  50 training error:  tensor(0.5256, device='cuda:0', grad_fn=<DivBackward0>)
Memory status after this epoch: 
Memory allocated:  234.19091796875
Memory cached:  408.0
	 epoch  60 training error:  tensor(0.5234, device='cuda:0', grad_fn=<DivBackward0>)
Memory status after this epoch: 
Memory allocated:  234.19091796875
Memory cached:  408.0
	 epoch  70 training error:  tensor(0.5401, device='cuda:0', grad_fn=<DivBackward0>)
Memory status after this epoch: 
Memory allocated:  234.19091796875
Memory cached:  408.0
	 epoch  80 training error:  tensor(0.5092, device='cuda:0', grad_fn=<DivBackward0>)
Memory status after this epoch: 
Memory allocated:  234.19091796875
Memory cached:  408.0
	 epoch  90 training error:  tensor(0.4260, device='cuda:0', grad_fn=<DivBackward0>)
Memory status after this epoch: 
Memory allocated:  234.19091796875
Memory cached:  408.0
[I 2023-12-20 14:07:42,714] Trial 155 finished with value: 0.24079661071300507 and parameters: {'W_layers': 5, 'W_layer_units_exponent_0': 9, 'W_layer_units_exponent_1': 10, 'W_layer_units_exponent_2': 6, 'W_layer_units_exponent_3': 6, 'W_layer_units_exponent_4': 5, 'D_layers': 5, 'D_layer_units_exponent_0': 7, 'D_layer_units_exponent_1': 9, 'D_layer_units_exponent_2': 8, 'D_layer_units_exponent_3': 8, 'D_layer_units_exponent_4': 5, 'D_dagger_layers': 3, 'D_dagger_layer_units_exponent_0': 9, 'D_dagger_layer_units_exponent_1': 4, 'D_dagger_layer_units_exponent_2': 6, 'log_learning_rate': -2.6438814786102967, 'log_learning_rate_D': -3.934105789395761, 'log_learning_rate_D_dagger': -2.4798635839842116, 'training_batch_size': 6, 'training_p': 7}. Best is trial 116 with value: 0.12582257390022278.
Time for this trial:  323.80936098098755
Memory status after this trial: 
Memory allocated:  411.771484375
Memory cached:  424.0
--------------------  Trial  156   --------------------
Start timing: 
Parameters: 
{'W_layers': 5, 'W_layer_units_exponent_0': 8, 'W_layer_units_exponent_1': 10, 'W_layer_units_exponent_2': 6, 'W_layer_units_exponent_3': 6, 'W_layer_units_exponent_4': 5, 'D_layers': 5, 'D_layer_units_exponent_0': 7, 'D_layer_units_exponent_1': 9, 'D_layer_units_exponent_2': 7, 'D_layer_units_exponent_3': 8, 'D_layer_units_exponent_4': 5, 'D_dagger_layers': 3, 'D_dagger_layer_units_exponent_0': 9, 'D_dagger_layer_units_exponent_1': 4, 'D_dagger_layer_units_exponent_2': 5, 'log_learning_rate': -3.0387673759447895, 'log_learning_rate_D': -3.8319805393092428, 'log_learning_rate_D_dagger': -2.7517648814966718, 'training_batch_size': 6, 'training_p': 7}
	 epoch  0 training error:  tensor(0.8839, device='cuda:0', grad_fn=<DivBackward0>)
Memory status after this epoch: 
Memory allocated:  228.67333984375
Memory cached:  408.0
	 epoch  10 training error:  tensor(0.5677, device='cuda:0', grad_fn=<DivBackward0>)
Memory status after this epoch: 
Memory allocated:  228.67333984375
Memory cached:  412.0
	 epoch  20 training error:  tensor(0.5437, device='cuda:0', grad_fn=<DivBackward0>)
Memory status after this epoch: 
Memory allocated:  228.67333984375
Memory cached:  410.0
	 epoch  30 training error:  tensor(0.5468, device='cuda:0', grad_fn=<DivBackward0>)
Memory status after this epoch: 
Memory allocated:  228.67333984375
Memory cached:  412.0
	 epoch  40 training error:  tensor(0.5322, device='cuda:0', grad_fn=<DivBackward0>)
Memory status after this epoch: 
Memory allocated:  228.67333984375
Memory cached:  414.0
	 epoch  50 training error:  tensor(0.5282, device='cuda:0', grad_fn=<DivBackward0>)
Memory status after this epoch: 
Memory allocated:  228.67333984375
Memory cached:  414.0
	 epoch  60 training error:  tensor(0.5103, device='cuda:0', grad_fn=<DivBackward0>)
Memory status after this epoch: 
Memory allocated:  228.67333984375
Memory cached:  412.0
	 epoch  70 training error:  tensor(0.4796, device='cuda:0', grad_fn=<DivBackward0>)
Memory status after this epoch: 
Memory allocated:  228.67333984375
Memory cached:  414.0
	 epoch  80 training error:  tensor(0.4001, device='cuda:0', grad_fn=<DivBackward0>)
Memory status after this epoch: 
Memory allocated:  228.67333984375
Memory cached:  414.0
	 epoch  90 training error:  tensor(0.2807, device='cuda:0', grad_fn=<DivBackward0>)
Memory status after this epoch: 
Memory allocated:  228.67333984375
Memory cached:  414.0
[I 2023-12-20 14:13:05,621] Trial 156 finished with value: 0.14971528947353363 and parameters: {'W_layers': 5, 'W_layer_units_exponent_0': 8, 'W_layer_units_exponent_1': 10, 'W_layer_units_exponent_2': 6, 'W_layer_units_exponent_3': 6, 'W_layer_units_exponent_4': 5, 'D_layers': 5, 'D_layer_units_exponent_0': 7, 'D_layer_units_exponent_1': 9, 'D_layer_units_exponent_2': 7, 'D_layer_units_exponent_3': 8, 'D_layer_units_exponent_4': 5, 'D_dagger_layers': 3, 'D_dagger_layer_units_exponent_0': 9, 'D_dagger_layer_units_exponent_1': 4, 'D_dagger_layer_units_exponent_2': 5, 'log_learning_rate': -3.0387673759447895, 'log_learning_rate_D': -3.8319805393092428, 'log_learning_rate_D_dagger': -2.7517648814966718, 'training_batch_size': 6, 'training_p': 7}. Best is trial 116 with value: 0.12582257390022278.
Time for this trial:  322.4643814563751
Memory status after this trial: 
Memory allocated:  387.1083984375
Memory cached:  412.0
--------------------  Trial  157   --------------------
Start timing: 
Parameters: 
{'W_layers': 5, 'W_layer_units_exponent_0': 8, 'W_layer_units_exponent_1': 10, 'W_layer_units_exponent_2': 6, 'W_layer_units_exponent_3': 6, 'W_layer_units_exponent_4': 6, 'D_layers': 5, 'D_layer_units_exponent_0': 7, 'D_layer_units_exponent_1': 9, 'D_layer_units_exponent_2': 7, 'D_layer_units_exponent_3': 7, 'D_layer_units_exponent_4': 5, 'D_dagger_layers': 2, 'D_dagger_layer_units_exponent_0': 9, 'D_dagger_layer_units_exponent_1': 4, 'log_learning_rate': -3.2377738363800708, 'log_learning_rate_D': -3.684900390729501, 'log_learning_rate_D_dagger': -2.7650406841245014, 'training_batch_size': 6, 'training_p': 8}
	 epoch  0 training error:  tensor(0.9075, device='cuda:0', grad_fn=<DivBackward0>)
Memory status after this epoch: 
Memory allocated:  228.38037109375
Memory cached:  410.0
	 epoch  10 training error:  tensor(0.6377, device='cuda:0', grad_fn=<DivBackward0>)
Memory status after this epoch: 
Memory allocated:  228.38037109375
Memory cached:  414.0
	 epoch  20 training error:  tensor(0.5563, device='cuda:0', grad_fn=<DivBackward0>)
Memory status after this epoch: 
Memory allocated:  228.38037109375
Memory cached:  412.0
	 epoch  30 training error:  tensor(0.5487, device='cuda:0', grad_fn=<DivBackward0>)
Memory status after this epoch: 
Memory allocated:  228.38037109375
Memory cached:  414.0
	 epoch  40 training error:  tensor(0.5615, device='cuda:0', grad_fn=<DivBackward0>)
Memory status after this epoch: 
Memory allocated:  228.38037109375
Memory cached:  414.0
	 epoch  50 training error:  tensor(0.5440, device='cuda:0', grad_fn=<DivBackward0>)
Memory status after this epoch: 
Memory allocated:  228.38037109375
Memory cached:  414.0
	 epoch  60 training error:  tensor(0.5380, device='cuda:0', grad_fn=<DivBackward0>)
Memory status after this epoch: 
Memory allocated:  228.38037109375
Memory cached:  412.0
	 epoch  70 training error:  tensor(0.5082, device='cuda:0', grad_fn=<DivBackward0>)
Memory status after this epoch: 
Memory allocated:  228.38037109375
Memory cached:  414.0
	 epoch  80 training error:  tensor(0.4502, device='cuda:0', grad_fn=<DivBackward0>)
Memory status after this epoch: 
Memory allocated:  228.38037109375
Memory cached:  412.0
	 epoch  90 training error:  tensor(0.4035, device='cuda:0', grad_fn=<DivBackward0>)
Memory status after this epoch: 
Memory allocated:  228.38037109375
Memory cached:  414.0
[I 2023-12-20 14:18:11,840] Trial 157 finished with value: 0.23462796211242676 and parameters: {'W_layers': 5, 'W_layer_units_exponent_0': 8, 'W_layer_units_exponent_1': 10, 'W_layer_units_exponent_2': 6, 'W_layer_units_exponent_3': 6, 'W_layer_units_exponent_4': 6, 'D_layers': 5, 'D_layer_units_exponent_0': 7, 'D_layer_units_exponent_1': 9, 'D_layer_units_exponent_2': 7, 'D_layer_units_exponent_3': 7, 'D_layer_units_exponent_4': 5, 'D_dagger_layers': 2, 'D_dagger_layer_units_exponent_0': 9, 'D_dagger_layer_units_exponent_1': 4, 'log_learning_rate': -3.2377738363800708, 'log_learning_rate_D': -3.684900390729501, 'log_learning_rate_D_dagger': -2.7650406841245014, 'training_batch_size': 6, 'training_p': 8}. Best is trial 116 with value: 0.12582257390022278.
Time for this trial:  305.8071753978729
Memory status after this trial: 
Memory allocated:  380.0478515625
Memory cached:  410.0
--------------------  Trial  158   --------------------
Start timing: 
Parameters: 
{'W_layers': 5, 'W_layer_units_exponent_0': 8, 'W_layer_units_exponent_1': 10, 'W_layer_units_exponent_2': 7, 'W_layer_units_exponent_3': 5, 'W_layer_units_exponent_4': 5, 'D_layers': 5, 'D_layer_units_exponent_0': 7, 'D_layer_units_exponent_1': 8, 'D_layer_units_exponent_2': 7, 'D_layer_units_exponent_3': 9, 'D_layer_units_exponent_4': 5, 'D_dagger_layers': 3, 'D_dagger_layer_units_exponent_0': 9, 'D_dagger_layer_units_exponent_1': 4, 'D_dagger_layer_units_exponent_2': 6, 'log_learning_rate': -3.0000490453162003, 'log_learning_rate_D': -3.9876644697983012, 'log_learning_rate_D_dagger': -2.8548641362537674, 'training_batch_size': 11, 'training_p': 7}
	 epoch  0 training error:  tensor(1.0832, device='cuda:0', grad_fn=<DivBackward0>)
Memory status after this epoch: 
Memory allocated:  229.26513671875
Memory cached:  410.0
	 epoch  10 training error:  tensor(0.5692, device='cuda:0', grad_fn=<DivBackward0>)
Memory status after this epoch: 
Memory allocated:  229.26513671875
Memory cached:  410.0
	 epoch  20 training error:  tensor(0.5338, device='cuda:0', grad_fn=<DivBackward0>)
Memory status after this epoch: 
Memory allocated:  229.26513671875
Memory cached:  410.0
	 epoch  30 training error:  tensor(0.5402, device='cuda:0', grad_fn=<DivBackward0>)
Memory status after this epoch: 
Memory allocated:  229.26513671875
Memory cached:  410.0
	 epoch  40 training error:  tensor(0.5312, device='cuda:0', grad_fn=<DivBackward0>)
Memory status after this epoch: 
Memory allocated:  229.26513671875
Memory cached:  410.0
	 epoch  50 training error:  tensor(0.5384, device='cuda:0', grad_fn=<DivBackward0>)
Memory status after this epoch: 
Memory allocated:  229.26513671875
Memory cached:  410.0
	 epoch  60 training error:  tensor(0.5318, device='cuda:0', grad_fn=<DivBackward0>)
Memory status after this epoch: 
Memory allocated:  229.26513671875
Memory cached:  410.0
	 epoch  70 training error:  tensor(0.5250, device='cuda:0', grad_fn=<DivBackward0>)
Memory status after this epoch: 
Memory allocated:  229.26513671875
Memory cached:  410.0
	 epoch  80 training error:  tensor(0.5201, device='cuda:0', grad_fn=<DivBackward0>)
Memory status after this epoch: 
Memory allocated:  229.26513671875
Memory cached:  410.0
	 epoch  90 training error:  tensor(0.5163, device='cuda:0', grad_fn=<DivBackward0>)
Memory status after this epoch: 
Memory allocated:  229.26513671875
Memory cached:  410.0
