[I 2023-12-07 02:42:08,107] Trial 66 finished with value: 0.294217586517334 and parameters: {'W_layers': 7, 'W_layer_units_exponent_0': 6, 'W_layer_units_exponent_1': 5, 'W_layer_units_exponent_2': 9, 'W_layer_units_exponent_3': 7, 'W_layer_units_exponent_4': 7, 'W_layer_units_exponent_5': 4, 'W_layer_units_exponent_6': 9, 'D_layers': 5, 'D_layer_units_exponent_0': 9, 'D_layer_units_exponent_1': 6, 'D_layer_units_exponent_2': 5, 'D_layer_units_exponent_3': 8, 'D_layer_units_exponent_4': 10, 'D_dagger_layers': 8, 'D_dagger_layer_units_exponent_0': 9, 'D_dagger_layer_units_exponent_1': 9, 'D_dagger_layer_units_exponent_2': 8, 'D_dagger_layer_units_exponent_3': 4, 'D_dagger_layer_units_exponent_4': 8, 'D_dagger_layer_units_exponent_5': 5, 'D_dagger_layer_units_exponent_6': 6, 'D_dagger_layer_units_exponent_7': 5, 'log_learning_rate': -3.628719440489358, 'log_learning_rate_D': -2.8757793929195934, 'log_learning_rate_D_dagger': -3.6457542441469655, 'training_batch_size': 12, 'training_p': 5}. Best is trial 45 with value: 0.17419132590293884.
Time for this trial:  241.9322910308838
Memory status after this trial: 
Memory allocated:  698.2265625
Memory cached:  788.0
--------------------  Trial  67   --------------------
Start timing: 
Parameters: 
{'W_layers': 6, 'W_layer_units_exponent_0': 9, 'W_layer_units_exponent_1': 4, 'W_layer_units_exponent_2': 8, 'W_layer_units_exponent_3': 4, 'W_layer_units_exponent_4': 8, 'W_layer_units_exponent_5': 5, 'D_layers': 3, 'D_layer_units_exponent_0': 8, 'D_layer_units_exponent_1': 7, 'D_layer_units_exponent_2': 6, 'D_dagger_layers': 7, 'D_dagger_layer_units_exponent_0': 9, 'D_dagger_layer_units_exponent_1': 8, 'D_dagger_layer_units_exponent_2': 10, 'D_dagger_layer_units_exponent_3': 5, 'D_dagger_layer_units_exponent_4': 9, 'D_dagger_layer_units_exponent_5': 6, 'D_dagger_layer_units_exponent_6': 7, 'log_learning_rate': -3.4819477919234, 'log_learning_rate_D': -2.4278458804503824, 'log_learning_rate_D_dagger': -3.967516912979235, 'training_batch_size': 12, 'training_p': 4}
	 epoch  0 training error:  tensor(1.0147, device='cuda:0', grad_fn=<DivBackward0>)
Memory status after this epoch: 
Memory allocated:  447.736328125
Memory cached:  776.0
	 epoch  10 training error:  tensor(0.5784, device='cuda:0', grad_fn=<DivBackward0>)
Memory status after this epoch: 
Memory allocated:  447.736328125
Memory cached:  796.0
	 epoch  20 training error:  tensor(0.4753, device='cuda:0', grad_fn=<DivBackward0>)
Memory status after this epoch: 
Memory allocated:  447.736328125
Memory cached:  794.0
	 epoch  30 training error:  tensor(0.4151, device='cuda:0', grad_fn=<DivBackward0>)
Memory status after this epoch: 
Memory allocated:  447.736328125
Memory cached:  800.0
	 epoch  40 training error:  tensor(0.3903, device='cuda:0', grad_fn=<DivBackward0>)
Memory status after this epoch: 
Memory allocated:  447.736328125
Memory cached:  800.0
	 epoch  50 training error:  tensor(0.3732, device='cuda:0', grad_fn=<DivBackward0>)
Memory status after this epoch: 
Memory allocated:  447.736328125
Memory cached:  800.0
	 epoch  60 training error:  tensor(0.3544, device='cuda:0', grad_fn=<DivBackward0>)
Memory status after this epoch: 
Memory allocated:  447.736328125
Memory cached:  802.0
	 epoch  70 training error:  tensor(0.3393, device='cuda:0', grad_fn=<DivBackward0>)
Memory status after this epoch: 
Memory allocated:  447.736328125
Memory cached:  806.0
	 epoch  80 training error:  tensor(0.3246, device='cuda:0', grad_fn=<DivBackward0>)
Memory status after this epoch: 
Memory allocated:  447.736328125
Memory cached:  796.0
	 epoch  90 training error:  tensor(0.3154, device='cuda:0', grad_fn=<DivBackward0>)
Memory status after this epoch: 
Memory allocated:  447.736328125
Memory cached:  794.0
[I 2023-12-07 02:45:36,887] Trial 67 finished with value: 0.2855912148952484 and parameters: {'W_layers': 6, 'W_layer_units_exponent_0': 9, 'W_layer_units_exponent_1': 4, 'W_layer_units_exponent_2': 8, 'W_layer_units_exponent_3': 4, 'W_layer_units_exponent_4': 8, 'W_layer_units_exponent_5': 5, 'D_layers': 3, 'D_layer_units_exponent_0': 8, 'D_layer_units_exponent_1': 7, 'D_layer_units_exponent_2': 6, 'D_dagger_layers': 7, 'D_dagger_layer_units_exponent_0': 9, 'D_dagger_layer_units_exponent_1': 8, 'D_dagger_layer_units_exponent_2': 10, 'D_dagger_layer_units_exponent_3': 5, 'D_dagger_layer_units_exponent_4': 9, 'D_dagger_layer_units_exponent_5': 6, 'D_dagger_layer_units_exponent_6': 7, 'log_learning_rate': -3.4819477919234, 'log_learning_rate_D': -2.4278458804503824, 'log_learning_rate_D_dagger': -3.967516912979235, 'training_batch_size': 12, 'training_p': 4}. Best is trial 45 with value: 0.17419132590293884.
Time for this trial:  208.49881029129028
Memory status after this trial: 
Memory allocated:  659.19775390625
Memory cached:  794.0
--------------------  Trial  68   --------------------
Start timing: 
Parameters: 
{'W_layers': 7, 'W_layer_units_exponent_0': 5, 'W_layer_units_exponent_1': 6, 'W_layer_units_exponent_2': 6, 'W_layer_units_exponent_3': 5, 'W_layer_units_exponent_4': 8, 'W_layer_units_exponent_5': 4, 'W_layer_units_exponent_6': 8, 'D_layers': 2, 'D_layer_units_exponent_0': 9, 'D_layer_units_exponent_1': 5, 'D_dagger_layers': 5, 'D_dagger_layer_units_exponent_0': 10, 'D_dagger_layer_units_exponent_1': 10, 'D_dagger_layer_units_exponent_2': 9, 'D_dagger_layer_units_exponent_3': 6, 'D_dagger_layer_units_exponent_4': 10, 'log_learning_rate': -2.995399898833945, 'log_learning_rate_D': -3.4781458249413864, 'log_learning_rate_D_dagger': -3.3663835075077464, 'training_batch_size': 11, 'training_p': 5}
	 epoch  0 training error:  tensor(0.9900, device='cuda:0', grad_fn=<DivBackward0>)
Memory status after this epoch: 
Memory allocated:  465.466796875
Memory cached:  782.0
	 epoch  10 training error:  tensor(0.4424, device='cuda:0', grad_fn=<DivBackward0>)
Memory status after this epoch: 
Memory allocated:  465.466796875
Memory cached:  816.0
	 epoch  20 training error:  tensor(0.3970, device='cuda:0', grad_fn=<DivBackward0>)
Memory status after this epoch: 
Memory allocated:  465.466796875
Memory cached:  808.0
	 epoch  30 training error:  tensor(0.3544, device='cuda:0', grad_fn=<DivBackward0>)
Memory status after this epoch: 
Memory allocated:  465.466796875
Memory cached:  820.0
	 epoch  40 training error:  tensor(0.3363, device='cuda:0', grad_fn=<DivBackward0>)
Memory status after this epoch: 
Memory allocated:  465.466796875
Memory cached:  810.0
	 epoch  50 training error:  tensor(0.3406, device='cuda:0', grad_fn=<DivBackward0>)
Memory status after this epoch: 
Memory allocated:  465.466796875
Memory cached:  814.0
	 epoch  60 training error:  tensor(0.3134, device='cuda:0', grad_fn=<DivBackward0>)
Memory status after this epoch: 
Memory allocated:  465.466796875
Memory cached:  808.0
	 epoch  70 training error:  tensor(0.3615, device='cuda:0', grad_fn=<DivBackward0>)
Memory status after this epoch: 
Memory allocated:  465.466796875
Memory cached:  806.0
	 epoch  80 training error:  tensor(0.3484, device='cuda:0', grad_fn=<DivBackward0>)
Memory status after this epoch: 
Memory allocated:  465.466796875
Memory cached:  808.0
	 epoch  90 training error:  tensor(0.2771, device='cuda:0', grad_fn=<DivBackward0>)
Memory status after this epoch: 
Memory allocated:  465.466796875
Memory cached:  808.0
[I 2023-12-07 02:48:54,609] Trial 68 finished with value: 0.2868763506412506 and parameters: {'W_layers': 7, 'W_layer_units_exponent_0': 5, 'W_layer_units_exponent_1': 6, 'W_layer_units_exponent_2': 6, 'W_layer_units_exponent_3': 5, 'W_layer_units_exponent_4': 8, 'W_layer_units_exponent_5': 4, 'W_layer_units_exponent_6': 8, 'D_layers': 2, 'D_layer_units_exponent_0': 9, 'D_layer_units_exponent_1': 5, 'D_dagger_layers': 5, 'D_dagger_layer_units_exponent_0': 10, 'D_dagger_layer_units_exponent_1': 10, 'D_dagger_layer_units_exponent_2': 9, 'D_dagger_layer_units_exponent_3': 6, 'D_dagger_layer_units_exponent_4': 10, 'log_learning_rate': -2.995399898833945, 'log_learning_rate_D': -3.4781458249413864, 'log_learning_rate_D_dagger': -3.3663835075077464, 'training_batch_size': 11, 'training_p': 5}. Best is trial 45 with value: 0.17419132590293884.
Time for this trial:  197.42751097679138
Memory status after this trial: 
Memory allocated:  704.82568359375
Memory cached:  796.0
--------------------  Trial  69   --------------------
Start timing: 
Parameters: 
{'W_layers': 5, 'W_layer_units_exponent_0': 7, 'W_layer_units_exponent_1': 5, 'W_layer_units_exponent_2': 7, 'W_layer_units_exponent_3': 6, 'W_layer_units_exponent_4': 7, 'D_layers': 5, 'D_layer_units_exponent_0': 8, 'D_layer_units_exponent_1': 6, 'D_layer_units_exponent_2': 5, 'D_layer_units_exponent_3': 9, 'D_layer_units_exponent_4': 6, 'D_dagger_layers': 8, 'D_dagger_layer_units_exponent_0': 6, 'D_dagger_layer_units_exponent_1': 9, 'D_dagger_layer_units_exponent_2': 10, 'D_dagger_layer_units_exponent_3': 5, 'D_dagger_layer_units_exponent_4': 8, 'D_dagger_layer_units_exponent_5': 5, 'D_dagger_layer_units_exponent_6': 6, 'D_dagger_layer_units_exponent_7': 6, 'log_learning_rate': -3.7047690475055624, 'log_learning_rate_D': -3.0747025571413813, 'log_learning_rate_D_dagger': -3.1145287047857995, 'training_batch_size': 12, 'training_p': 5}
	 epoch  0 training error:  tensor(0.9741, device='cuda:0', grad_fn=<DivBackward0>)
Memory status after this epoch: 
Memory allocated:  450.0234375
Memory cached:  772.0
	 epoch  10 training error:  tensor(0.5058, device='cuda:0', grad_fn=<DivBackward0>)
Memory status after this epoch: 
Memory allocated:  450.0234375
Memory cached:  790.0
	 epoch  20 training error:  tensor(0.4622, device='cuda:0', grad_fn=<DivBackward0>)
Memory status after this epoch: 
Memory allocated:  450.0234375
Memory cached:  798.0
	 epoch  30 training error:  tensor(0.4161, device='cuda:0', grad_fn=<DivBackward0>)
Memory status after this epoch: 
Memory allocated:  450.0234375
Memory cached:  788.0
	 epoch  40 training error:  tensor(0.3775, device='cuda:0', grad_fn=<DivBackward0>)
Memory status after this epoch: 
Memory allocated:  450.0234375
Memory cached:  796.0
	 epoch  50 training error:  tensor(0.3752, device='cuda:0', grad_fn=<DivBackward0>)
Memory status after this epoch: 
Memory allocated:  450.0234375
Memory cached:  790.0
	 epoch  60 training error:  tensor(0.3622, device='cuda:0', grad_fn=<DivBackward0>)
Memory status after this epoch: 
Memory allocated:  450.0234375
Memory cached:  796.0
	 epoch  70 training error:  tensor(0.3304, device='cuda:0', grad_fn=<DivBackward0>)
Memory status after this epoch: 
Memory allocated:  450.0234375
Memory cached:  798.0
	 epoch  80 training error:  tensor(0.3099, device='cuda:0', grad_fn=<DivBackward0>)
Memory status after this epoch: 
Memory allocated:  450.0234375
Memory cached:  794.0
	 epoch  90 training error:  tensor(0.2973, device='cuda:0', grad_fn=<DivBackward0>)
Memory status after this epoch: 
Memory allocated:  450.0234375
Memory cached:  794.0
[I 2023-12-07 02:52:32,004] Trial 69 finished with value: 0.2748235762119293 and parameters: {'W_layers': 5, 'W_layer_units_exponent_0': 7, 'W_layer_units_exponent_1': 5, 'W_layer_units_exponent_2': 7, 'W_layer_units_exponent_3': 6, 'W_layer_units_exponent_4': 7, 'D_layers': 5, 'D_layer_units_exponent_0': 8, 'D_layer_units_exponent_1': 6, 'D_layer_units_exponent_2': 5, 'D_layer_units_exponent_3': 9, 'D_layer_units_exponent_4': 6, 'D_dagger_layers': 8, 'D_dagger_layer_units_exponent_0': 6, 'D_dagger_layer_units_exponent_1': 9, 'D_dagger_layer_units_exponent_2': 10, 'D_dagger_layer_units_exponent_3': 5, 'D_dagger_layer_units_exponent_4': 8, 'D_dagger_layer_units_exponent_5': 5, 'D_dagger_layer_units_exponent_6': 6, 'D_dagger_layer_units_exponent_7': 6, 'log_learning_rate': -3.7047690475055624, 'log_learning_rate_D': -3.0747025571413813, 'log_learning_rate_D_dagger': -3.1145287047857995, 'training_batch_size': 12, 'training_p': 5}. Best is trial 45 with value: 0.17419132590293884.
Time for this trial:  217.09532928466797
Memory status after this trial: 
Memory allocated:  627.0283203125
Memory cached:  780.0
--------------------  Trial  70   --------------------
Start timing: 
Parameters: 
{'W_layers': 6, 'W_layer_units_exponent_0': 8, 'W_layer_units_exponent_1': 7, 'W_layer_units_exponent_2': 10, 'W_layer_units_exponent_3': 7, 'W_layer_units_exponent_4': 9, 'W_layer_units_exponent_5': 5, 'D_layers': 5, 'D_layer_units_exponent_0': 9, 'D_layer_units_exponent_1': 5, 'D_layer_units_exponent_2': 6, 'D_layer_units_exponent_3': 10, 'D_layer_units_exponent_4': 9, 'D_dagger_layers': 7, 'D_dagger_layer_units_exponent_0': 8, 'D_dagger_layer_units_exponent_1': 10, 'D_dagger_layer_units_exponent_2': 7, 'D_dagger_layer_units_exponent_3': 4, 'D_dagger_layer_units_exponent_4': 10, 'D_dagger_layer_units_exponent_5': 6, 'D_dagger_layer_units_exponent_6': 10, 'log_learning_rate': -3.3274981054746555, 'log_learning_rate_D': -3.784542803295225, 'log_learning_rate_D_dagger': -3.7685169476180183, 'training_batch_size': 11, 'training_p': 4}
	 epoch  0 training error:  tensor(0.9449, device='cuda:0', grad_fn=<DivBackward0>)
Memory status after this epoch: 
Memory allocated:  462.677734375
Memory cached:  772.0
	 epoch  10 training error:  tensor(0.4600, device='cuda:0', grad_fn=<DivBackward0>)
Memory status after this epoch: 
Memory allocated:  462.677734375
Memory cached:  812.0
	 epoch  20 training error:  tensor(0.4142, device='cuda:0', grad_fn=<DivBackward0>)
Memory status after this epoch: 
Memory allocated:  462.677734375
Memory cached:  804.0
	 epoch  30 training error:  tensor(0.3943, device='cuda:0', grad_fn=<DivBackward0>)
Memory status after this epoch: 
Memory allocated:  462.677734375
Memory cached:  808.0
	 epoch  40 training error:  tensor(0.3700, device='cuda:0', grad_fn=<DivBackward0>)
Memory status after this epoch: 
Memory allocated:  462.677734375
Memory cached:  814.0
	 epoch  50 training error:  tensor(0.3464, device='cuda:0', grad_fn=<DivBackward0>)
Memory status after this epoch: 
Memory allocated:  462.677734375
Memory cached:  812.0
	 epoch  60 training error:  tensor(0.3313, device='cuda:0', grad_fn=<DivBackward0>)
Memory status after this epoch: 
Memory allocated:  462.677734375
Memory cached:  810.0
	 epoch  70 training error:  tensor(0.3236, device='cuda:0', grad_fn=<DivBackward0>)
Memory status after this epoch: 
Memory allocated:  462.677734375
Memory cached:  808.0
	 epoch  80 training error:  tensor(0.3164, device='cuda:0', grad_fn=<DivBackward0>)
Memory status after this epoch: 
Memory allocated:  462.677734375
Memory cached:  804.0
	 epoch  90 training error:  tensor(0.3148, device='cuda:0', grad_fn=<DivBackward0>)
Memory status after this epoch: 
Memory allocated:  462.677734375
Memory cached:  806.0
[I 2023-12-07 02:56:41,727] Trial 70 finished with value: 0.3234822750091553 and parameters: {'W_layers': 6, 'W_layer_units_exponent_0': 8, 'W_layer_units_exponent_1': 7, 'W_layer_units_exponent_2': 10, 'W_layer_units_exponent_3': 7, 'W_layer_units_exponent_4': 9, 'W_layer_units_exponent_5': 5, 'D_layers': 5, 'D_layer_units_exponent_0': 9, 'D_layer_units_exponent_1': 5, 'D_layer_units_exponent_2': 6, 'D_layer_units_exponent_3': 10, 'D_layer_units_exponent_4': 9, 'D_dagger_layers': 7, 'D_dagger_layer_units_exponent_0': 8, 'D_dagger_layer_units_exponent_1': 10, 'D_dagger_layer_units_exponent_2': 7, 'D_dagger_layer_units_exponent_3': 4, 'D_dagger_layer_units_exponent_4': 10, 'D_dagger_layer_units_exponent_5': 6, 'D_dagger_layer_units_exponent_6': 10, 'log_learning_rate': -3.3274981054746555, 'log_learning_rate_D': -3.784542803295225, 'log_learning_rate_D_dagger': -3.7685169476180183, 'training_batch_size': 11, 'training_p': 4}. Best is trial 45 with value: 0.17419132590293884.
Time for this trial:  249.4102325439453
Memory status after this trial: 
Memory allocated:  852.759765625
Memory cached:  898.0
--------------------  Trial  71   --------------------
Start timing: 
Parameters: 
{'W_layers': 7, 'W_layer_units_exponent_0': 7, 'W_layer_units_exponent_1': 6, 'W_layer_units_exponent_2': 10, 'W_layer_units_exponent_3': 6, 'W_layer_units_exponent_4': 8, 'W_layer_units_exponent_5': 8, 'W_layer_units_exponent_6': 6, 'D_layers': 2, 'D_layer_units_exponent_0': 9, 'D_layer_units_exponent_1': 5, 'D_dagger_layers': 7, 'D_dagger_layer_units_exponent_0': 9, 'D_dagger_layer_units_exponent_1': 10, 'D_dagger_layer_units_exponent_2': 9, 'D_dagger_layer_units_exponent_3': 6, 'D_dagger_layer_units_exponent_4': 9, 'D_dagger_layer_units_exponent_5': 7, 'D_dagger_layer_units_exponent_6': 9, 'log_learning_rate': -3.1933747555102605, 'log_learning_rate_D': -3.236806038510884, 'log_learning_rate_D_dagger': -3.227302348118616, 'training_batch_size': 12, 'training_p': 5}
	 epoch  0 training error:  tensor(1.0158, device='cuda:0', grad_fn=<DivBackward0>)
Memory status after this epoch: 
Memory allocated:  462.19921875
Memory cached:  770.0
	 epoch  10 training error:  tensor(0.4946, device='cuda:0', grad_fn=<DivBackward0>)
Memory status after this epoch: 
Memory allocated:  462.19921875
Memory cached:  770.0
	 epoch  20 training error:  tensor(0.4268, device='cuda:0', grad_fn=<DivBackward0>)
Memory status after this epoch: 
Memory allocated:  462.19921875
Memory cached:  772.0
	 epoch  30 training error:  tensor(0.3878, device='cuda:0', grad_fn=<DivBackward0>)
Memory status after this epoch: 
Memory allocated:  462.19921875
Memory cached:  770.0
	 epoch  40 training error:  tensor(0.3574, device='cuda:0', grad_fn=<DivBackward0>)
Memory status after this epoch: 
Memory allocated:  462.19921875
Memory cached:  772.0
	 epoch  50 training error:  tensor(0.3506, device='cuda:0', grad_fn=<DivBackward0>)
Memory status after this epoch: 
Memory allocated:  462.19921875
Memory cached:  772.0
	 epoch  60 training error:  tensor(0.3178, device='cuda:0', grad_fn=<DivBackward0>)
Memory status after this epoch: 
Memory allocated:  462.19921875
Memory cached:  772.0
	 epoch  70 training error:  tensor(0.2991, device='cuda:0', grad_fn=<DivBackward0>)
Memory status after this epoch: 
Memory allocated:  462.19921875
Memory cached:  770.0
	 epoch  80 training error:  tensor(0.3074, device='cuda:0', grad_fn=<DivBackward0>)
Memory status after this epoch: 
Memory allocated:  462.19921875
Memory cached:  770.0
	 epoch  90 training error:  tensor(0.2933, device='cuda:0', grad_fn=<DivBackward0>)
Memory status after this epoch: 
Memory allocated:  462.19921875
Memory cached:  772.0
