/home/shengduo/anaconda3/lib/python3.9/site-packages/scipy/__init__.py:146: UserWarning: A NumPy version >=1.16.5 and <1.23.0 is required for this version of SciPy (detected version 1.24.1
  warnings.warn(f"A NumPy version >={np_minversion} and <{np_maxversion}"
[I 2023-12-06 11:25:40,794] A new study created in memory with name: no-name-887f677c-bf4f-4027-9448-e34d377677e5
Cuda is available:  True
Device is:  cuda:0
Memory allocated:  0.0
Memory cached:  0.0
Data file:  ./data/Trial1204_smallDRS_Burigede.pt
Vs.shape:  torch.Size([100, 100])
thetas.shape:  torch.Size([100, 100])
fs.shape:  torch.Size([100, 100])
ts.shape:  torch.Size([100, 100])
Xs.shape:  torch.Size([100, 100])
--------------------  Trial  0   --------------------
Start timing: 
Parameters: 
{'W_layers': 2, 'W_layer_units_exponent_0': 5, 'W_layer_units_exponent_1': 8, 'D_layers': 3, 'D_layer_units_exponent_0': 6, 'D_layer_units_exponent_1': 4, 'D_layer_units_exponent_2': 6, 'log_learning_rate': -2.4176362612597537, 'log_learning_rate_D': -4.024045710103833, 'training_batch_size': 12, 'training_p': 8}
	 epoch  0 training error:  tensor(0.8844, device='cuda:0', grad_fn=<DivBackward0>)
Memory status after this epoch: 
Memory allocated:  0.21484375
Memory cached:  8.0
	 epoch  10 training error:  tensor(0.5365, device='cuda:0', grad_fn=<DivBackward0>)
Memory status after this epoch: 
Memory allocated:  0.21484375
Memory cached:  10.0
	 epoch  20 training error:  tensor(0.4933, device='cuda:0', grad_fn=<DivBackward0>)
Memory status after this epoch: 
Memory allocated:  0.21484375
Memory cached:  10.0
	 epoch  30 training error:  tensor(0.5526, device='cuda:0', grad_fn=<DivBackward0>)
Memory status after this epoch: 
Memory allocated:  0.21484375
Memory cached:  10.0
	 epoch  40 training error:  tensor(0.4763, device='cuda:0', grad_fn=<DivBackward0>)
Memory status after this epoch: 
Memory allocated:  0.21484375
Memory cached:  10.0
	 epoch  50 training error:  tensor(0.4721, device='cuda:0', grad_fn=<DivBackward0>)
Memory status after this epoch: 
Memory allocated:  0.21484375
Memory cached:  10.0
	 epoch  60 training error:  tensor(0.4654, device='cuda:0', grad_fn=<DivBackward0>)
Memory status after this epoch: 
Memory allocated:  0.21484375
Memory cached:  10.0
	 epoch  70 training error:  tensor(0.4465, device='cuda:0', grad_fn=<DivBackward0>)
Memory status after this epoch: 
Memory allocated:  0.21484375
Memory cached:  10.0
	 epoch  80 training error:  tensor(0.4311, device='cuda:0', grad_fn=<DivBackward0>)
Memory status after this epoch: 
Memory allocated:  0.21484375
Memory cached:  10.0
	 epoch  90 training error:  tensor(0.4213, device='cuda:0', grad_fn=<DivBackward0>)
Memory status after this epoch: 
Memory allocated:  0.21484375
Memory cached:  10.0
[I 2023-12-06 11:26:15,321] Trial 0 finished with value: 0.3219096064567566 and parameters: {'W_layers': 2, 'W_layer_units_exponent_0': 5, 'W_layer_units_exponent_1': 8, 'D_layers': 3, 'D_layer_units_exponent_0': 6, 'D_layer_units_exponent_1': 4, 'D_layer_units_exponent_2': 6, 'log_learning_rate': -2.4176362612597537, 'log_learning_rate_D': -4.024045710103833, 'training_batch_size': 12, 'training_p': 8}. Best is trial 0 with value: 0.3219096064567566.
res:  tensor(0.3219, device='cuda:0', grad_fn=<DivBackward0>)
self.bestValue:  10000000.0
Save this model!
Time for this trial:  34.436261892318726
Memory status after this trial: 
Memory allocated:  10.1416015625
Memory cached:  12.0
--------------------  Trial  1   --------------------
Start timing: 
Parameters: 
{'W_layers': 6, 'W_layer_units_exponent_0': 10, 'W_layer_units_exponent_1': 10, 'W_layer_units_exponent_2': 8, 'W_layer_units_exponent_3': 9, 'W_layer_units_exponent_4': 7, 'W_layer_units_exponent_5': 8, 'D_layers': 6, 'D_layer_units_exponent_0': 7, 'D_layer_units_exponent_1': 9, 'D_layer_units_exponent_2': 8, 'D_layer_units_exponent_3': 8, 'D_layer_units_exponent_4': 9, 'D_layer_units_exponent_5': 10, 'log_learning_rate': -4.991790144779612, 'log_learning_rate_D': -3.498054533321168, 'training_batch_size': 11, 'training_p': 8}
	 epoch  0 training error:  tensor(1.0990, device='cuda:0', grad_fn=<DivBackward0>)
Memory status after this epoch: 
Memory allocated:  47.83837890625
Memory cached:  68.0
	 epoch  10 training error:  tensor(0.8083, device='cuda:0', grad_fn=<DivBackward0>)
Memory status after this epoch: 
Memory allocated:  47.83837890625
Memory cached:  68.0
	 epoch  20 training error:  tensor(0.7306, device='cuda:0', grad_fn=<DivBackward0>)
Memory status after this epoch: 
Memory allocated:  47.83837890625
Memory cached:  68.0
	 epoch  30 training error:  tensor(0.6545, device='cuda:0', grad_fn=<DivBackward0>)
Memory status after this epoch: 
Memory allocated:  47.83837890625
Memory cached:  68.0
	 epoch  40 training error:  tensor(0.5866, device='cuda:0', grad_fn=<DivBackward0>)
Memory status after this epoch: 
Memory allocated:  47.83837890625
Memory cached:  68.0
	 epoch  50 training error:  tensor(0.5336, device='cuda:0', grad_fn=<DivBackward0>)
Memory status after this epoch: 
Memory allocated:  47.83837890625
Memory cached:  68.0
	 epoch  60 training error:  tensor(0.4988, device='cuda:0', grad_fn=<DivBackward0>)
Memory status after this epoch: 
Memory allocated:  47.83837890625
Memory cached:  68.0
	 epoch  70 training error:  tensor(0.4676, device='cuda:0', grad_fn=<DivBackward0>)
Memory status after this epoch: 
Memory allocated:  47.83837890625
Memory cached:  68.0
	 epoch  80 training error:  tensor(0.4419, device='cuda:0', grad_fn=<DivBackward0>)
Memory status after this epoch: 
Memory allocated:  47.83837890625
Memory cached:  68.0
	 epoch  90 training error:  tensor(0.4298, device='cuda:0', grad_fn=<DivBackward0>)
Memory status after this epoch: 
Memory allocated:  47.83837890625
Memory cached:  68.0
[I 2023-12-06 11:27:12,071] Trial 1 finished with value: 0.3079459071159363 and parameters: {'W_layers': 6, 'W_layer_units_exponent_0': 10, 'W_layer_units_exponent_1': 10, 'W_layer_units_exponent_2': 8, 'W_layer_units_exponent_3': 9, 'W_layer_units_exponent_4': 7, 'W_layer_units_exponent_5': 8, 'D_layers': 6, 'D_layer_units_exponent_0': 7, 'D_layer_units_exponent_1': 9, 'D_layer_units_exponent_2': 8, 'D_layer_units_exponent_3': 8, 'D_layer_units_exponent_4': 9, 'D_layer_units_exponent_5': 10, 'log_learning_rate': -4.991790144779612, 'log_learning_rate_D': -3.498054533321168, 'training_batch_size': 11, 'training_p': 8}. Best is trial 1 with value: 0.3079459071159363.
res:  tensor(0.3079, device='cuda:0', grad_fn=<DivBackward0>)
self.bestValue:  tensor(0.3219, device='cuda:0', grad_fn=<DivBackward0>)
Save this model!
Time for this trial:  56.66471719741821
Memory status after this trial: 
Memory allocated:  153.10595703125
Memory cached:  180.0
--------------------  Trial  2   --------------------
Start timing: 
Parameters: 
{'W_layers': 4, 'W_layer_units_exponent_0': 10, 'W_layer_units_exponent_1': 8, 'W_layer_units_exponent_2': 6, 'W_layer_units_exponent_3': 4, 'D_layers': 2, 'D_layer_units_exponent_0': 9, 'D_layer_units_exponent_1': 7, 'log_learning_rate': -2.3755972317117053, 'log_learning_rate_D': -3.386941661611516, 'training_batch_size': 7, 'training_p': 2}
	 epoch  0 training error:  tensor(0.7612, device='cuda:0', grad_fn=<DivBackward0>)
Memory status after this epoch: 
Memory allocated:  158.513671875
Memory cached:  182.0
	 epoch  10 training error:  tensor(0.4787, device='cuda:0', grad_fn=<DivBackward0>)
Memory status after this epoch: 
Memory allocated:  158.513671875
Memory cached:  182.0
	 epoch  20 training error:  tensor(0.3361, device='cuda:0', grad_fn=<DivBackward0>)
Memory status after this epoch: 
Memory allocated:  158.513671875
Memory cached:  182.0
	 epoch  30 training error:  tensor(0.3386, device='cuda:0', grad_fn=<DivBackward0>)
Memory status after this epoch: 
Memory allocated:  158.513671875
Memory cached:  182.0
	 epoch  40 training error:  tensor(0.2894, device='cuda:0', grad_fn=<DivBackward0>)
Memory status after this epoch: 
Memory allocated:  158.513671875
Memory cached:  182.0
	 epoch  50 training error:  tensor(0.2556, device='cuda:0', grad_fn=<DivBackward0>)
Memory status after this epoch: 
Memory allocated:  158.513671875
Memory cached:  182.0
	 epoch  60 training error:  tensor(0.3593, device='cuda:0', grad_fn=<DivBackward0>)
Memory status after this epoch: 
Memory allocated:  158.513671875
Memory cached:  182.0
	 epoch  70 training error:  tensor(0.2367, device='cuda:0', grad_fn=<DivBackward0>)
Memory status after this epoch: 
Memory allocated:  158.513671875
Memory cached:  182.0
	 epoch  80 training error:  tensor(0.2059, device='cuda:0', grad_fn=<DivBackward0>)
Memory status after this epoch: 
Memory allocated:  158.513671875
Memory cached:  182.0
	 epoch  90 training error:  tensor(0.1746, device='cuda:0', grad_fn=<DivBackward0>)
Memory status after this epoch: 
Memory allocated:  158.513671875
Memory cached:  182.0
[I 2023-12-06 11:27:51,990] Trial 2 finished with value: 0.17534096539020538 and parameters: {'W_layers': 4, 'W_layer_units_exponent_0': 10, 'W_layer_units_exponent_1': 8, 'W_layer_units_exponent_2': 6, 'W_layer_units_exponent_3': 4, 'D_layers': 2, 'D_layer_units_exponent_0': 9, 'D_layer_units_exponent_1': 7, 'log_learning_rate': -2.3755972317117053, 'log_learning_rate_D': -3.386941661611516, 'training_batch_size': 7, 'training_p': 2}. Best is trial 2 with value: 0.17534096539020538.
res:  tensor(0.1753, device='cuda:0', grad_fn=<DivBackward0>)
self.bestValue:  tensor(0.3079, device='cuda:0', grad_fn=<DivBackward0>)
Save this model!
Time for this trial:  39.83426284790039
Memory status after this trial: 
Memory allocated:  48.51416015625
Memory cached:  176.0
--------------------  Trial  3   --------------------
Start timing: 
Parameters: 
{'W_layers': 7, 'W_layer_units_exponent_0': 4, 'W_layer_units_exponent_1': 10, 'W_layer_units_exponent_2': 5, 'W_layer_units_exponent_3': 4, 'W_layer_units_exponent_4': 5, 'W_layer_units_exponent_5': 7, 'W_layer_units_exponent_6': 7, 'D_layers': 4, 'D_layer_units_exponent_0': 8, 'D_layer_units_exponent_1': 10, 'D_layer_units_exponent_2': 8, 'D_layer_units_exponent_3': 4, 'log_learning_rate': -1.5798241691764505, 'log_learning_rate_D': -3.8631308198004017, 'training_batch_size': 8, 'training_p': 2}
	 epoch  0 training error:  tensor(0.8827, device='cuda:0', grad_fn=<DivBackward0>)
Memory status after this epoch: 
Memory allocated:  57.759765625
Memory cached:  178.0
	 epoch  10 training error:  tensor(1.3548, device='cuda:0', grad_fn=<DivBackward0>)
Memory status after this epoch: 
Memory allocated:  57.759765625
Memory cached:  180.0
	 epoch  20 training error:  tensor(0.7129, device='cuda:0', grad_fn=<DivBackward0>)
Memory status after this epoch: 
Memory allocated:  57.759765625
Memory cached:  180.0
	 epoch  30 training error:  tensor(0.7089, device='cuda:0', grad_fn=<DivBackward0>)
Memory status after this epoch: 
Memory allocated:  57.759765625
Memory cached:  180.0
	 epoch  40 training error:  tensor(0.7365, device='cuda:0', grad_fn=<DivBackward0>)
Memory status after this epoch: 
Memory allocated:  57.759765625
Memory cached:  180.0
	 epoch  50 training error:  tensor(0.6783, device='cuda:0', grad_fn=<DivBackward0>)
Memory status after this epoch: 
Memory allocated:  57.759765625
Memory cached:  180.0
	 epoch  60 training error:  tensor(0.5433, device='cuda:0', grad_fn=<DivBackward0>)
Memory status after this epoch: 
Memory allocated:  57.759765625
Memory cached:  180.0
	 epoch  70 training error:  tensor(0.4214, device='cuda:0', grad_fn=<DivBackward0>)
Memory status after this epoch: 
Memory allocated:  57.759765625
Memory cached:  180.0
	 epoch  80 training error:  tensor(0.4116, device='cuda:0', grad_fn=<DivBackward0>)
Memory status after this epoch: 
Memory allocated:  57.759765625
Memory cached:  180.0
	 epoch  90 training error:  tensor(0.3484, device='cuda:0', grad_fn=<DivBackward0>)
Memory status after this epoch: 
Memory allocated:  57.759765625
Memory cached:  180.0
[I 2023-12-06 11:28:41,307] Trial 3 finished with value: 0.36627742648124695 and parameters: {'W_layers': 7, 'W_layer_units_exponent_0': 4, 'W_layer_units_exponent_1': 10, 'W_layer_units_exponent_2': 5, 'W_layer_units_exponent_3': 4, 'W_layer_units_exponent_4': 5, 'W_layer_units_exponent_5': 7, 'W_layer_units_exponent_6': 7, 'D_layers': 4, 'D_layer_units_exponent_0': 8, 'D_layer_units_exponent_1': 10, 'D_layer_units_exponent_2': 8, 'D_layer_units_exponent_3': 4, 'log_learning_rate': -1.5798241691764505, 'log_learning_rate_D': -3.8631308198004017, 'training_batch_size': 8, 'training_p': 2}. Best is trial 2 with value: 0.17534096539020538.
Time for this trial:  49.20996046066284
Memory status after this trial: 
Memory allocated:  120.1240234375
Memory cached:  180.0
--------------------  Trial  4   --------------------
Start timing: 
Parameters: 
{'W_layers': 4, 'W_layer_units_exponent_0': 8, 'W_layer_units_exponent_1': 5, 'W_layer_units_exponent_2': 4, 'W_layer_units_exponent_3': 10, 'D_layers': 8, 'D_layer_units_exponent_0': 6, 'D_layer_units_exponent_1': 5, 'D_layer_units_exponent_2': 7, 'D_layer_units_exponent_3': 5, 'D_layer_units_exponent_4': 5, 'D_layer_units_exponent_5': 7, 'D_layer_units_exponent_6': 8, 'D_layer_units_exponent_7': 10, 'log_learning_rate': -3.937395324345879, 'log_learning_rate_D': -4.769658860840423, 'training_batch_size': 8, 'training_p': 3}
	 epoch  0 training error:  tensor(0.9962, device='cuda:0', grad_fn=<DivBackward0>)
Memory status after this epoch: 
Memory allocated:  53.767578125
Memory cached:  178.0
	 epoch  10 training error:  tensor(0.6509, device='cuda:0', grad_fn=<DivBackward0>)
Memory status after this epoch: 
Memory allocated:  53.767578125
Memory cached:  182.0
	 epoch  20 training error:  tensor(0.4902, device='cuda:0', grad_fn=<DivBackward0>)
Memory status after this epoch: 
Memory allocated:  53.767578125
Memory cached:  182.0
	 epoch  30 training error:  tensor(0.4571, device='cuda:0', grad_fn=<DivBackward0>)
Memory status after this epoch: 
Memory allocated:  53.767578125
Memory cached:  182.0
	 epoch  40 training error:  tensor(0.4497, device='cuda:0', grad_fn=<DivBackward0>)
Memory status after this epoch: 
Memory allocated:  53.767578125
Memory cached:  182.0
	 epoch  50 training error:  tensor(0.4447, device='cuda:0', grad_fn=<DivBackward0>)
Memory status after this epoch: 
Memory allocated:  53.767578125
Memory cached:  182.0
	 epoch  60 training error:  tensor(0.4368, device='cuda:0', grad_fn=<DivBackward0>)
Memory status after this epoch: 
Memory allocated:  53.767578125
Memory cached:  182.0
	 epoch  70 training error:  tensor(0.4253, device='cuda:0', grad_fn=<DivBackward0>)
Memory status after this epoch: 
Memory allocated:  53.767578125
Memory cached:  182.0
	 epoch  80 training error:  tensor(0.4083, device='cuda:0', grad_fn=<DivBackward0>)
Memory status after this epoch: 
Memory allocated:  53.767578125
Memory cached:  182.0
	 epoch  90 training error:  tensor(0.3974, device='cuda:0', grad_fn=<DivBackward0>)
Memory status after this epoch: 
Memory allocated:  53.767578125
Memory cached:  182.0
[I 2023-12-06 11:29:33,408] Trial 4 finished with value: 0.3375468850135803 and parameters: {'W_layers': 4, 'W_layer_units_exponent_0': 8, 'W_layer_units_exponent_1': 5, 'W_layer_units_exponent_2': 4, 'W_layer_units_exponent_3': 10, 'D_layers': 8, 'D_layer_units_exponent_0': 6, 'D_layer_units_exponent_1': 5, 'D_layer_units_exponent_2': 7, 'D_layer_units_exponent_3': 5, 'D_layer_units_exponent_4': 5, 'D_layer_units_exponent_5': 7, 'D_layer_units_exponent_6': 8, 'D_layer_units_exponent_7': 10, 'log_learning_rate': -3.937395324345879, 'log_learning_rate_D': -4.769658860840423, 'training_batch_size': 8, 'training_p': 3}. Best is trial 2 with value: 0.17534096539020538.
Time for this trial:  51.981762647628784
Memory status after this trial: 
Memory allocated:  120.146484375
Memory cached:  180.0
--------------------  Trial  5   --------------------
Start timing: 
Parameters: 
{'W_layers': 8, 'W_layer_units_exponent_0': 9, 'W_layer_units_exponent_1': 5, 'W_layer_units_exponent_2': 10, 'W_layer_units_exponent_3': 5, 'W_layer_units_exponent_4': 10, 'W_layer_units_exponent_5': 5, 'W_layer_units_exponent_6': 8, 'W_layer_units_exponent_7': 8, 'D_layers': 3, 'D_layer_units_exponent_0': 8, 'D_layer_units_exponent_1': 10, 'D_layer_units_exponent_2': 4, 'log_learning_rate': -3.391695779056728, 'log_learning_rate_D': -1.9051298107571562, 'training_batch_size': 10, 'training_p': 2}
	 epoch  0 training error:  tensor(0.8929, device='cuda:0', grad_fn=<DivBackward0>)
Memory status after this epoch: 
Memory allocated:  56.2890625
Memory cached:  180.0
	 epoch  10 training error:  tensor(0.4411, device='cuda:0', grad_fn=<DivBackward0>)
Memory status after this epoch: 
Memory allocated:  56.2890625
Memory cached:  180.0
	 epoch  20 training error:  tensor(0.3919, device='cuda:0', grad_fn=<DivBackward0>)
Memory status after this epoch: 
Memory allocated:  56.2890625
Memory cached:  180.0
	 epoch  30 training error:  tensor(0.3188, device='cuda:0', grad_fn=<DivBackward0>)
Memory status after this epoch: 
Memory allocated:  56.2890625
Memory cached:  180.0
	 epoch  40 training error:  tensor(0.3165, device='cuda:0', grad_fn=<DivBackward0>)
Memory status after this epoch: 
Memory allocated:  56.2890625
Memory cached:  180.0
	 epoch  50 training error:  tensor(0.3094, device='cuda:0', grad_fn=<DivBackward0>)
Memory status after this epoch: 
Memory allocated:  56.2890625
Memory cached:  180.0
	 epoch  60 training error:  tensor(0.2914, device='cuda:0', grad_fn=<DivBackward0>)
Memory status after this epoch: 
Memory allocated:  56.2890625
Memory cached:  180.0
	 epoch  70 training error:  tensor(0.2970, device='cuda:0', grad_fn=<DivBackward0>)
Memory status after this epoch: 
Memory allocated:  56.2890625
Memory cached:  180.0
	 epoch  80 training error:  tensor(0.2950, device='cuda:0', grad_fn=<DivBackward0>)
Memory status after this epoch: 
Memory allocated:  56.2890625
Memory cached:  180.0
	 epoch  90 training error:  tensor(0.2212, device='cuda:0', grad_fn=<DivBackward0>)
Memory status after this epoch: 
Memory allocated:  56.2890625
Memory cached:  180.0
[I 2023-12-06 11:30:24,923] Trial 5 finished with value: 0.1626095026731491 and parameters: {'W_layers': 8, 'W_layer_units_exponent_0': 9, 'W_layer_units_exponent_1': 5, 'W_layer_units_exponent_2': 10, 'W_layer_units_exponent_3': 5, 'W_layer_units_exponent_4': 10, 'W_layer_units_exponent_5': 5, 'W_layer_units_exponent_6': 8, 'W_layer_units_exponent_7': 8, 'D_layers': 3, 'D_layer_units_exponent_0': 8, 'D_layer_units_exponent_1': 10, 'D_layer_units_exponent_2': 4, 'log_learning_rate': -3.391695779056728, 'log_learning_rate_D': -1.9051298107571562, 'training_batch_size': 10, 'training_p': 2}. Best is trial 5 with value: 0.1626095026731491.
res:  tensor(0.1626, device='cuda:0', grad_fn=<DivBackward0>)
self.bestValue:  tensor(0.1753, device='cuda:0', grad_fn=<DivBackward0>)
Save this model!
Time for this trial:  51.410744428634644
Memory status after this trial: 
Memory allocated:  105.943359375
Memory cached:  156.0
--------------------  Trial  6   --------------------
Start timing: 
Parameters: 
{'W_layers': 4, 'W_layer_units_exponent_0': 6, 'W_layer_units_exponent_1': 6, 'W_layer_units_exponent_2': 6, 'W_layer_units_exponent_3': 8, 'D_layers': 2, 'D_layer_units_exponent_0': 8, 'D_layer_units_exponent_1': 4, 'log_learning_rate': -3.3644577991379077, 'log_learning_rate_D': -4.1234308598135705, 'training_batch_size': 10, 'training_p': 7}
	 epoch  0 training error:  tensor(1.1324, device='cuda:0', grad_fn=<DivBackward0>)
Memory status after this epoch: 
Memory allocated:  106.45263671875
Memory cached:  158.0
	 epoch  10 training error:  tensor(0.5982, device='cuda:0', grad_fn=<DivBackward0>)
Memory status after this epoch: 
Memory allocated:  106.45263671875
Memory cached:  158.0
	 epoch  20 training error:  tensor(0.5076, device='cuda:0', grad_fn=<DivBackward0>)
Memory status after this epoch: 
Memory allocated:  106.45263671875
Memory cached:  158.0
	 epoch  30 training error:  tensor(0.4822, device='cuda:0', grad_fn=<DivBackward0>)
Memory status after this epoch: 
Memory allocated:  106.45263671875
Memory cached:  158.0
	 epoch  40 training error:  tensor(0.4704, device='cuda:0', grad_fn=<DivBackward0>)
Memory status after this epoch: 
Memory allocated:  106.45263671875
Memory cached:  158.0
	 epoch  50 training error:  tensor(0.4570, device='cuda:0', grad_fn=<DivBackward0>)
Memory status after this epoch: 
Memory allocated:  106.45263671875
Memory cached:  158.0
	 epoch  60 training error:  tensor(0.4541, device='cuda:0', grad_fn=<DivBackward0>)
Memory status after this epoch: 
Memory allocated:  106.45263671875
Memory cached:  158.0
	 epoch  70 training error:  tensor(0.4499, device='cuda:0', grad_fn=<DivBackward0>)
Memory status after this epoch: 
Memory allocated:  106.45263671875
Memory cached:  158.0
	 epoch  80 training error:  tensor(0.4464, device='cuda:0', grad_fn=<DivBackward0>)
Memory status after this epoch: 
Memory allocated:  106.45263671875
Memory cached:  158.0
	 epoch  90 training error:  tensor(0.4427, device='cuda:0', grad_fn=<DivBackward0>)
Memory status after this epoch: 
Memory allocated:  106.45263671875
Memory cached:  158.0
