[I 2024-05-18 00:25:44,471] Trial 29 finished with value: 0.05491672828793526 and parameters: {'W_layers': 5, 'W_layer_units_exponent_0': 10, 'W_layer_units_exponent_1': 8, 'W_layer_units_exponent_2': 5, 'W_layer_units_exponent_3': 4, 'W_layer_units_exponent_4': 9, 'D_layers': 7, 'D_layer_units_exponent_0': 7, 'D_layer_units_exponent_1': 9, 'D_layer_units_exponent_2': 5, 'D_layer_units_exponent_3': 8, 'D_layer_units_exponent_4': 6, 'D_layer_units_exponent_5': 8, 'D_layer_units_exponent_6': 8, 'D_dagger_layers': 2, 'D_dagger_layer_units_exponent_0': 10, 'D_dagger_layer_units_exponent_1': 9, 'log_learning_rate': -2.0445093994242605, 'log_learning_rate_D': -2.5681099765661184, 'log_learning_rate_D_dagger': -2.3834142901430804, 'training_batch_size': 6, 'training_p': 3}. Best is trial 25 with value: 0.04969538748264313.
Time for this trial:  1877.5059189796448
Memory status after this trial: 
Memory allocated:  3348.2880859375
Memory cached:  3386.0
--------------------  Trial  30   --------------------
Start timing: 
Parameters: 
{'W_layers': 4, 'W_layer_units_exponent_0': 10, 'W_layer_units_exponent_1': 8, 'W_layer_units_exponent_2': 4, 'W_layer_units_exponent_3': 6, 'D_layers': 7, 'D_layer_units_exponent_0': 7, 'D_layer_units_exponent_1': 9, 'D_layer_units_exponent_2': 4, 'D_layer_units_exponent_3': 8, 'D_layer_units_exponent_4': 7, 'D_layer_units_exponent_5': 8, 'D_layer_units_exponent_6': 8, 'D_dagger_layers': 2, 'D_dagger_layer_units_exponent_0': 10, 'D_dagger_layer_units_exponent_1': 9, 'log_learning_rate': -1.878728472909473, 'log_learning_rate_D': -3.586207395313589, 'log_learning_rate_D_dagger': -2.314657352736195, 'training_batch_size': 9, 'training_p': 3}
	 epoch  0 training error:  tensor(6.3642, grad_fn=<ToCopyBackward0>)
Memory status after this epoch: 
Memory allocated:  1354.55029296875
Memory cached:  1516.0
	 epoch  10 training error:  tensor(0.4340, grad_fn=<ToCopyBackward0>)
Memory status after this epoch: 
Memory allocated:  1354.55029296875
Memory cached:  1516.0
	 epoch  20 training error:  tensor(0.3925, grad_fn=<ToCopyBackward0>)
Memory status after this epoch: 
Memory allocated:  1354.55029296875
Memory cached:  1520.0
	 epoch  30 training error:  tensor(0.3047, grad_fn=<ToCopyBackward0>)
Memory status after this epoch: 
Memory allocated:  1354.55029296875
Memory cached:  1516.0
	 epoch  40 training error:  tensor(0.3040, grad_fn=<ToCopyBackward0>)
Memory status after this epoch: 
Memory allocated:  1354.55029296875
Memory cached:  1516.0
	 epoch  50 training error:  tensor(0.2971, grad_fn=<ToCopyBackward0>)
Memory status after this epoch: 
Memory allocated:  1354.55029296875
Memory cached:  1520.0
	 epoch  60 training error:  tensor(0.2915, grad_fn=<ToCopyBackward0>)
Memory status after this epoch: 
Memory allocated:  1354.55029296875
Memory cached:  1516.0
	 epoch  70 training error:  tensor(0.3057, grad_fn=<ToCopyBackward0>)
Memory status after this epoch: 
Memory allocated:  1354.55029296875
Memory cached:  1516.0
	 epoch  80 training error:  tensor(0.2991, grad_fn=<ToCopyBackward0>)
Memory status after this epoch: 
Memory allocated:  1354.55029296875
Memory cached:  1518.0
	 epoch  90 training error:  tensor(0.3109, grad_fn=<ToCopyBackward0>)
Memory status after this epoch: 
Memory allocated:  1354.55029296875
Memory cached:  1516.0
[I 2024-05-18 00:34:12,958] Trial 30 finished with value: 0.2787928581237793 and parameters: {'W_layers': 4, 'W_layer_units_exponent_0': 10, 'W_layer_units_exponent_1': 8, 'W_layer_units_exponent_2': 4, 'W_layer_units_exponent_3': 6, 'D_layers': 7, 'D_layer_units_exponent_0': 7, 'D_layer_units_exponent_1': 9, 'D_layer_units_exponent_2': 4, 'D_layer_units_exponent_3': 8, 'D_layer_units_exponent_4': 7, 'D_layer_units_exponent_5': 8, 'D_layer_units_exponent_6': 8, 'D_dagger_layers': 2, 'D_dagger_layer_units_exponent_0': 10, 'D_dagger_layer_units_exponent_1': 9, 'log_learning_rate': -1.878728472909473, 'log_learning_rate_D': -3.586207395313589, 'log_learning_rate_D_dagger': -2.314657352736195, 'training_batch_size': 9, 'training_p': 3}. Best is trial 25 with value: 0.04969538748264313.
Time for this trial:  508.0520703792572
Memory status after this trial: 
Memory allocated:  3190.6669921875
Memory cached:  3244.0
--------------------  Trial  31   --------------------
Start timing: 
Parameters: 
{'W_layers': 5, 'W_layer_units_exponent_0': 7, 'W_layer_units_exponent_1': 9, 'W_layer_units_exponent_2': 5, 'W_layer_units_exponent_3': 4, 'W_layer_units_exponent_4': 9, 'D_layers': 6, 'D_layer_units_exponent_0': 8, 'D_layer_units_exponent_1': 10, 'D_layer_units_exponent_2': 5, 'D_layer_units_exponent_3': 9, 'D_layer_units_exponent_4': 6, 'D_layer_units_exponent_5': 9, 'D_dagger_layers': 2, 'D_dagger_layer_units_exponent_0': 9, 'D_dagger_layer_units_exponent_1': 8, 'log_learning_rate': -2.338792391244102, 'log_learning_rate_D': -2.6130039170893555, 'log_learning_rate_D_dagger': -2.9977616787894394, 'training_batch_size': 6, 'training_p': 4}
	 epoch  0 training error:  tensor(0.7787, grad_fn=<ToCopyBackward0>)
Memory status after this epoch: 
Memory allocated:  1348.62060546875
Memory cached:  1476.0
	 epoch  10 training error:  tensor(0.3375, grad_fn=<ToCopyBackward0>)
Memory status after this epoch: 
Memory allocated:  1348.62060546875
Memory cached:  1586.0
	 epoch  20 training error:  tensor(0.3403, grad_fn=<ToCopyBackward0>)
Memory status after this epoch: 
Memory allocated:  1348.62060546875
Memory cached:  1592.0
	 epoch  30 training error:  tensor(0.3415, grad_fn=<ToCopyBackward0>)
Memory status after this epoch: 
Memory allocated:  1348.62060546875
Memory cached:  1594.0
	 epoch  40 training error:  tensor(0.4140, grad_fn=<ToCopyBackward0>)
Memory status after this epoch: 
Memory allocated:  1348.62060546875
Memory cached:  1594.0
	 epoch  50 training error:  tensor(0.3773, grad_fn=<ToCopyBackward0>)
Memory status after this epoch: 
Memory allocated:  1348.62060546875
Memory cached:  1606.0
	 epoch  60 training error:  tensor(0.3771, grad_fn=<ToCopyBackward0>)
Memory status after this epoch: 
Memory allocated:  1348.62060546875
Memory cached:  1612.0
	 epoch  70 training error:  tensor(0.3767, grad_fn=<ToCopyBackward0>)
Memory status after this epoch: 
Memory allocated:  1348.62060546875
Memory cached:  1610.0
	 epoch  80 training error:  tensor(0.3767, grad_fn=<ToCopyBackward0>)
Memory status after this epoch: 
Memory allocated:  1348.62060546875
Memory cached:  1604.0
	 epoch  90 training error:  tensor(0.3776, grad_fn=<ToCopyBackward0>)
Memory status after this epoch: 
Memory allocated:  1348.62060546875
Memory cached:  1608.0
[I 2024-05-18 01:03:50,439] Trial 31 finished with value: 0.2917478382587433 and parameters: {'W_layers': 5, 'W_layer_units_exponent_0': 7, 'W_layer_units_exponent_1': 9, 'W_layer_units_exponent_2': 5, 'W_layer_units_exponent_3': 4, 'W_layer_units_exponent_4': 9, 'D_layers': 6, 'D_layer_units_exponent_0': 8, 'D_layer_units_exponent_1': 10, 'D_layer_units_exponent_2': 5, 'D_layer_units_exponent_3': 9, 'D_layer_units_exponent_4': 6, 'D_layer_units_exponent_5': 9, 'D_dagger_layers': 2, 'D_dagger_layer_units_exponent_0': 9, 'D_dagger_layer_units_exponent_1': 8, 'log_learning_rate': -2.338792391244102, 'log_learning_rate_D': -2.6130039170893555, 'log_learning_rate_D_dagger': -2.9977616787894394, 'training_batch_size': 6, 'training_p': 4}. Best is trial 25 with value: 0.04969538748264313.
Time for this trial:  1776.8790333271027
Memory status after this trial: 
Memory allocated:  3122.8486328125
Memory cached:  3140.0
--------------------  Trial  32   --------------------
Start timing: 
Parameters: 
{'W_layers': 6, 'W_layer_units_exponent_0': 10, 'W_layer_units_exponent_1': 8, 'W_layer_units_exponent_2': 4, 'W_layer_units_exponent_3': 4, 'W_layer_units_exponent_4': 9, 'W_layer_units_exponent_5': 7, 'D_layers': 7, 'D_layer_units_exponent_0': 7, 'D_layer_units_exponent_1': 10, 'D_layer_units_exponent_2': 5, 'D_layer_units_exponent_3': 7, 'D_layer_units_exponent_4': 4, 'D_layer_units_exponent_5': 8, 'D_layer_units_exponent_6': 10, 'D_dagger_layers': 3, 'D_dagger_layer_units_exponent_0': 9, 'D_dagger_layer_units_exponent_1': 7, 'D_dagger_layer_units_exponent_2': 10, 'log_learning_rate': -2.058088183162715, 'log_learning_rate_D': -2.138721822667496, 'log_learning_rate_D_dagger': -2.6031072486449855, 'training_batch_size': 6, 'training_p': 3}
	 epoch  0 training error:  tensor(5.4610, grad_fn=<ToCopyBackward0>)
Memory status after this epoch: 
Memory allocated:  1354.39013671875
Memory cached:  1474.0
	 epoch  10 training error:  tensor(0.2867, grad_fn=<ToCopyBackward0>)
Memory status after this epoch: 
Memory allocated:  1354.39013671875
Memory cached:  1562.0
	 epoch  20 training error:  tensor(0.2841, grad_fn=<ToCopyBackward0>)
Memory status after this epoch: 
Memory allocated:  1354.39013671875
Memory cached:  1572.0
	 epoch  30 training error:  tensor(0.2808, grad_fn=<ToCopyBackward0>)
Memory status after this epoch: 
Memory allocated:  1354.39013671875
Memory cached:  1560.0
	 epoch  40 training error:  tensor(17.4264, grad_fn=<ToCopyBackward0>)
Memory status after this epoch: 
Memory allocated:  1354.39013671875
Memory cached:  1564.0
	 epoch  50 training error:  tensor(17.4200, grad_fn=<ToCopyBackward0>)
Memory status after this epoch: 
Memory allocated:  1354.39013671875
Memory cached:  1560.0
	 epoch  60 training error:  tensor(17.4193, grad_fn=<ToCopyBackward0>)
Memory status after this epoch: 
Memory allocated:  1354.39013671875
Memory cached:  1564.0
	 epoch  70 training error:  tensor(17.4212, grad_fn=<ToCopyBackward0>)
Memory status after this epoch: 
Memory allocated:  1354.39013671875
Memory cached:  1558.0
	 epoch  80 training error:  tensor(17.4190, grad_fn=<ToCopyBackward0>)
Memory status after this epoch: 
Memory allocated:  1354.39013671875
Memory cached:  1568.0
	 epoch  90 training error:  tensor(17.4207, grad_fn=<ToCopyBackward0>)
Memory status after this epoch: 
Memory allocated:  1354.39013671875
Memory cached:  1570.0
[I 2024-05-18 01:38:03,725] Trial 32 finished with value: 9.844433784484863 and parameters: {'W_layers': 6, 'W_layer_units_exponent_0': 10, 'W_layer_units_exponent_1': 8, 'W_layer_units_exponent_2': 4, 'W_layer_units_exponent_3': 4, 'W_layer_units_exponent_4': 9, 'W_layer_units_exponent_5': 7, 'D_layers': 7, 'D_layer_units_exponent_0': 7, 'D_layer_units_exponent_1': 10, 'D_layer_units_exponent_2': 5, 'D_layer_units_exponent_3': 7, 'D_layer_units_exponent_4': 4, 'D_layer_units_exponent_5': 8, 'D_layer_units_exponent_6': 10, 'D_dagger_layers': 3, 'D_dagger_layer_units_exponent_0': 9, 'D_dagger_layer_units_exponent_1': 7, 'D_dagger_layer_units_exponent_2': 10, 'log_learning_rate': -2.058088183162715, 'log_learning_rate_D': -2.138721822667496, 'log_learning_rate_D_dagger': -2.6031072486449855, 'training_batch_size': 6, 'training_p': 3}. Best is trial 25 with value: 0.04969538748264313.
Time for this trial:  2052.560156583786
Memory status after this trial: 
Memory allocated:  3863.4384765625
Memory cached:  3904.0
--------------------  Trial  33   --------------------
Start timing: 
Parameters: 
{'W_layers': 5, 'W_layer_units_exponent_0': 9, 'W_layer_units_exponent_1': 9, 'W_layer_units_exponent_2': 5, 'W_layer_units_exponent_3': 5, 'W_layer_units_exponent_4': 9, 'D_layers': 6, 'D_layer_units_exponent_0': 8, 'D_layer_units_exponent_1': 9, 'D_layer_units_exponent_2': 6, 'D_layer_units_exponent_3': 8, 'D_layer_units_exponent_4': 5, 'D_layer_units_exponent_5': 9, 'D_dagger_layers': 2, 'D_dagger_layer_units_exponent_0': 8, 'D_dagger_layer_units_exponent_1': 7, 'log_learning_rate': -2.0519879638268996, 'log_learning_rate_D': -2.9209287538437128, 'log_learning_rate_D_dagger': -3.619676381897863, 'training_batch_size': 7, 'training_p': 4}
	 epoch  0 training error:  tensor(4.0425, grad_fn=<ToCopyBackward0>)
Memory status after this epoch: 
Memory allocated:  1347.38818359375
Memory cached:  1476.0
	 epoch  10 training error:  tensor(0.3377, grad_fn=<ToCopyBackward0>)
Memory status after this epoch: 
Memory allocated:  1347.38818359375
Memory cached:  1476.0
	 epoch  20 training error:  tensor(0.3347, grad_fn=<ToCopyBackward0>)
Memory status after this epoch: 
Memory allocated:  1347.38818359375
Memory cached:  1476.0
	 epoch  30 training error:  tensor(0.3355, grad_fn=<ToCopyBackward0>)
Memory status after this epoch: 
Memory allocated:  1347.38818359375
Memory cached:  1476.0
	 epoch  40 training error:  tensor(0.3337, grad_fn=<ToCopyBackward0>)
Memory status after this epoch: 
Memory allocated:  1347.38818359375
Memory cached:  1476.0
	 epoch  50 training error:  tensor(0.3319, grad_fn=<ToCopyBackward0>)
Memory status after this epoch: 
Memory allocated:  1347.38818359375
Memory cached:  1476.0
	 epoch  60 training error:  tensor(0.3085, grad_fn=<ToCopyBackward0>)
Memory status after this epoch: 
Memory allocated:  1347.38818359375
Memory cached:  1476.0
	 epoch  70 training error:  tensor(0.2907, grad_fn=<ToCopyBackward0>)
Memory status after this epoch: 
Memory allocated:  1347.38818359375
Memory cached:  1476.0
	 epoch  80 training error:  tensor(0.2286, grad_fn=<ToCopyBackward0>)
Memory status after this epoch: 
Memory allocated:  1347.38818359375
Memory cached:  1476.0
	 epoch  90 training error:  tensor(0.2045, grad_fn=<ToCopyBackward0>)
Memory status after this epoch: 
Memory allocated:  1347.38818359375
Memory cached:  1476.0
[I 2024-05-18 01:53:49,835] Trial 33 finished with value: 0.13050894439220428 and parameters: {'W_layers': 5, 'W_layer_units_exponent_0': 9, 'W_layer_units_exponent_1': 9, 'W_layer_units_exponent_2': 5, 'W_layer_units_exponent_3': 5, 'W_layer_units_exponent_4': 9, 'D_layers': 6, 'D_layer_units_exponent_0': 8, 'D_layer_units_exponent_1': 9, 'D_layer_units_exponent_2': 6, 'D_layer_units_exponent_3': 8, 'D_layer_units_exponent_4': 5, 'D_layer_units_exponent_5': 9, 'D_dagger_layers': 2, 'D_dagger_layer_units_exponent_0': 8, 'D_dagger_layer_units_exponent_1': 7, 'log_learning_rate': -2.0519879638268996, 'log_learning_rate_D': -2.9209287538437128, 'log_learning_rate_D_dagger': -3.619676381897863, 'training_batch_size': 7, 'training_p': 4}. Best is trial 25 with value: 0.04969538748264313.
Time for this trial:  945.5643217563629
Memory status after this trial: 
Memory allocated:  2811.900390625
Memory cached:  2828.0
--------------------  Trial  34   --------------------
Start timing: 
Parameters: 
{'W_layers': 5, 'W_layer_units_exponent_0': 6, 'W_layer_units_exponent_1': 10, 'W_layer_units_exponent_2': 6, 'W_layer_units_exponent_3': 4, 'W_layer_units_exponent_4': 10, 'D_layers': 5, 'D_layer_units_exponent_0': 6, 'D_layer_units_exponent_1': 9, 'D_layer_units_exponent_2': 5, 'D_layer_units_exponent_3': 9, 'D_layer_units_exponent_4': 7, 'D_dagger_layers': 4, 'D_dagger_layer_units_exponent_0': 6, 'D_dagger_layer_units_exponent_1': 9, 'D_dagger_layer_units_exponent_2': 9, 'D_dagger_layer_units_exponent_3': 10, 'log_learning_rate': -1.6202840990109904, 'log_learning_rate_D': -2.5372126988236277, 'log_learning_rate_D_dagger': -2.90000747902275, 'training_batch_size': 6, 'training_p': 4}
	 epoch  0 training error:  tensor(10.0373, grad_fn=<ToCopyBackward0>)
Memory status after this epoch: 
Memory allocated:  1356.27099609375
Memory cached:  1494.0
	 epoch  10 training error:  tensor(0.3385, grad_fn=<ToCopyBackward0>)
Memory status after this epoch: 
Memory allocated:  1356.27099609375
Memory cached:  1496.0
	 epoch  20 training error:  tensor(0.3660, grad_fn=<ToCopyBackward0>)
Memory status after this epoch: 
Memory allocated:  1356.27099609375
Memory cached:  1494.0
	 epoch  30 training error:  tensor(0.3376, grad_fn=<ToCopyBackward0>)
Memory status after this epoch: 
Memory allocated:  1356.27099609375
Memory cached:  1494.0
	 epoch  40 training error:  tensor(0.3490, grad_fn=<ToCopyBackward0>)
Memory status after this epoch: 
Memory allocated:  1356.27099609375
Memory cached:  1494.0
	 epoch  50 training error:  tensor(0.1961, grad_fn=<ToCopyBackward0>)
Memory status after this epoch: 
Memory allocated:  1356.27099609375
Memory cached:  1494.0
	 epoch  60 training error:  tensor(0.1106, grad_fn=<ToCopyBackward0>)
Memory status after this epoch: 
Memory allocated:  1356.27099609375
Memory cached:  1494.0
	 epoch  70 training error:  tensor(0.0811, grad_fn=<ToCopyBackward0>)
Memory status after this epoch: 
Memory allocated:  1356.27099609375
Memory cached:  1494.0
	 epoch  80 training error:  tensor(0.0800, grad_fn=<ToCopyBackward0>)
Memory status after this epoch: 
Memory allocated:  1356.27099609375
Memory cached:  1494.0
	 epoch  90 training error:  tensor(0.0635, grad_fn=<ToCopyBackward0>)
Memory status after this epoch: 
Memory allocated:  1356.27099609375
Memory cached:  1494.0
[I 2024-05-18 02:25:19,599] Trial 34 finished with value: 0.051376331597566605 and parameters: {'W_layers': 5, 'W_layer_units_exponent_0': 6, 'W_layer_units_exponent_1': 10, 'W_layer_units_exponent_2': 6, 'W_layer_units_exponent_3': 4, 'W_layer_units_exponent_4': 10, 'D_layers': 5, 'D_layer_units_exponent_0': 6, 'D_layer_units_exponent_1': 9, 'D_layer_units_exponent_2': 5, 'D_layer_units_exponent_3': 9, 'D_layer_units_exponent_4': 7, 'D_dagger_layers': 4, 'D_dagger_layer_units_exponent_0': 6, 'D_dagger_layer_units_exponent_1': 9, 'D_dagger_layer_units_exponent_2': 9, 'D_dagger_layer_units_exponent_3': 10, 'log_learning_rate': -1.6202840990109904, 'log_learning_rate_D': -2.5372126988236277, 'log_learning_rate_D_dagger': -2.90000747902275, 'training_batch_size': 6, 'training_p': 4}. Best is trial 25 with value: 0.04969538748264313.
Time for this trial:  1889.1615087985992
Memory status after this trial: 
Memory allocated:  3582.533203125
Memory cached:  3618.0
--------------------  Trial  35   --------------------
Start timing: 
Parameters: 
{'W_layers': 6, 'W_layer_units_exponent_0': 8, 'W_layer_units_exponent_1': 10, 'W_layer_units_exponent_2': 6, 'W_layer_units_exponent_3': 5, 'W_layer_units_exponent_4': 10, 'W_layer_units_exponent_5': 4, 'D_layers': 6, 'D_layer_units_exponent_0': 6, 'D_layer_units_exponent_1': 9, 'D_layer_units_exponent_2': 4, 'D_layer_units_exponent_3': 6, 'D_layer_units_exponent_4': 7, 'D_layer_units_exponent_5': 7, 'D_dagger_layers': 4, 'D_dagger_layer_units_exponent_0': 8, 'D_dagger_layer_units_exponent_1': 9, 'D_dagger_layer_units_exponent_2': 8, 'D_dagger_layer_units_exponent_3': 10, 'log_learning_rate': -1.4675238989025876, 'log_learning_rate_D': -2.302140972999207, 'log_learning_rate_D_dagger': -2.1375337458446393, 'training_batch_size': 7, 'training_p': 3}
	 epoch  0 training error:  tensor(169.6190, grad_fn=<ToCopyBackward0>)
Memory status after this epoch: 
Memory allocated:  1354.06982421875
Memory cached:  1476.0
	 epoch  10 training error:  tensor(0.2094, grad_fn=<ToCopyBackward0>)
Memory status after this epoch: 
Memory allocated:  1354.06982421875
Memory cached:  1478.0
	 epoch  20 training error:  tensor(0.1712, grad_fn=<ToCopyBackward0>)
Memory status after this epoch: 
Memory allocated:  1354.06982421875
Memory cached:  1478.0
	 epoch  30 training error:  tensor(0.1204, grad_fn=<ToCopyBackward0>)
Memory status after this epoch: 
Memory allocated:  1354.06982421875
Memory cached:  1478.0
	 epoch  40 training error:  tensor(0.1366, grad_fn=<ToCopyBackward0>)
Memory status after this epoch: 
Memory allocated:  1354.06982421875
Memory cached:  1478.0
	 epoch  50 training error:  tensor(0.1066, grad_fn=<ToCopyBackward0>)
Memory status after this epoch: 
Memory allocated:  1354.06982421875
Memory cached:  1478.0
	 epoch  60 training error:  tensor(0.1532, grad_fn=<ToCopyBackward0>)
Memory status after this epoch: 
Memory allocated:  1354.06982421875
Memory cached:  1478.0
	 epoch  70 training error:  tensor(0.0944, grad_fn=<ToCopyBackward0>)
Memory status after this epoch: 
Memory allocated:  1354.06982421875
Memory cached:  1478.0
	 epoch  80 training error:  tensor(0.1126, grad_fn=<ToCopyBackward0>)
Memory status after this epoch: 
Memory allocated:  1354.06982421875
Memory cached:  1478.0
	 epoch  90 training error:  tensor(0.0804, grad_fn=<ToCopyBackward0>)
Memory status after this epoch: 
Memory allocated:  1354.06982421875
Memory cached:  1478.0
