[I 2023-12-20 03:05:58,208] Trial 28 finished with value: 0.32420334219932556 and parameters: {'W_layers': 7, 'W_layer_units_exponent_0': 5, 'W_layer_units_exponent_1': 6, 'W_layer_units_exponent_2': 6, 'W_layer_units_exponent_3': 7, 'W_layer_units_exponent_4': 6, 'W_layer_units_exponent_5': 8, 'W_layer_units_exponent_6': 8, 'D_layers': 5, 'D_layer_units_exponent_0': 6, 'D_layer_units_exponent_1': 5, 'D_layer_units_exponent_2': 5, 'D_layer_units_exponent_3': 9, 'D_layer_units_exponent_4': 10, 'D_dagger_layers': 6, 'D_dagger_layer_units_exponent_0': 6, 'D_dagger_layer_units_exponent_1': 8, 'D_dagger_layer_units_exponent_2': 6, 'D_dagger_layer_units_exponent_3': 9, 'D_dagger_layer_units_exponent_4': 6, 'D_dagger_layer_units_exponent_5': 7, 'log_learning_rate': -1.8687698356976195, 'log_learning_rate_D': -3.432185754470355, 'log_learning_rate_D_dagger': -2.995366949222989, 'training_batch_size': 7, 'training_p': 3}. Best is trial 11 with value: 0.14480963349342346.
Time for this trial:  221.2317168712616
Memory status after this trial: 
Memory allocated:  369.97265625
Memory cached:  408.0
--------------------  Trial  29   --------------------
Start timing: 
Parameters: 
{'W_layers': 8, 'W_layer_units_exponent_0': 7, 'W_layer_units_exponent_1': 5, 'W_layer_units_exponent_2': 7, 'W_layer_units_exponent_3': 7, 'W_layer_units_exponent_4': 6, 'W_layer_units_exponent_5': 4, 'W_layer_units_exponent_6': 8, 'W_layer_units_exponent_7': 9, 'D_layers': 3, 'D_layer_units_exponent_0': 7, 'D_layer_units_exponent_1': 7, 'D_layer_units_exponent_2': 7, 'D_dagger_layers': 7, 'D_dagger_layer_units_exponent_0': 9, 'D_dagger_layer_units_exponent_1': 7, 'D_dagger_layer_units_exponent_2': 7, 'D_dagger_layer_units_exponent_3': 5, 'D_dagger_layer_units_exponent_4': 9, 'D_dagger_layer_units_exponent_5': 5, 'D_dagger_layer_units_exponent_6': 6, 'log_learning_rate': -2.873785366894131, 'log_learning_rate_D': -3.3468667373830563, 'log_learning_rate_D_dagger': -2.42904278905328, 'training_batch_size': 8, 'training_p': 2}
	 epoch  0 training error:  tensor(1.0108, device='cuda:0', grad_fn=<DivBackward0>)
Memory status after this epoch: 
Memory allocated:  187.32080078125
Memory cached:  388.0
	 epoch  10 training error:  tensor(0.3468, device='cuda:0', grad_fn=<DivBackward0>)
Memory status after this epoch: 
Memory allocated:  187.32080078125
Memory cached:  420.0
	 epoch  20 training error:  tensor(0.3473, device='cuda:0', grad_fn=<DivBackward0>)
Memory status after this epoch: 
Memory allocated:  187.32080078125
Memory cached:  416.0
	 epoch  30 training error:  tensor(0.3227, device='cuda:0', grad_fn=<DivBackward0>)
Memory status after this epoch: 
Memory allocated:  187.32080078125
Memory cached:  418.0
	 epoch  40 training error:  tensor(0.3094, device='cuda:0', grad_fn=<DivBackward0>)
Memory status after this epoch: 
Memory allocated:  187.32080078125
Memory cached:  420.0
	 epoch  50 training error:  tensor(0.2874, device='cuda:0', grad_fn=<DivBackward0>)
Memory status after this epoch: 
Memory allocated:  187.32080078125
Memory cached:  418.0
	 epoch  60 training error:  tensor(0.3045, device='cuda:0', grad_fn=<DivBackward0>)
Memory status after this epoch: 
Memory allocated:  187.32080078125
Memory cached:  420.0
	 epoch  70 training error:  tensor(0.2870, device='cuda:0', grad_fn=<DivBackward0>)
Memory status after this epoch: 
Memory allocated:  187.32080078125
Memory cached:  418.0
	 epoch  80 training error:  tensor(0.2767, device='cuda:0', grad_fn=<DivBackward0>)
Memory status after this epoch: 
Memory allocated:  187.32080078125
Memory cached:  412.0
	 epoch  90 training error:  tensor(0.2869, device='cuda:0', grad_fn=<DivBackward0>)
Memory status after this epoch: 
Memory allocated:  187.32080078125
Memory cached:  414.0
[I 2023-12-20 03:09:33,032] Trial 29 finished with value: 0.31572484970092773 and parameters: {'W_layers': 8, 'W_layer_units_exponent_0': 7, 'W_layer_units_exponent_1': 5, 'W_layer_units_exponent_2': 7, 'W_layer_units_exponent_3': 7, 'W_layer_units_exponent_4': 6, 'W_layer_units_exponent_5': 4, 'W_layer_units_exponent_6': 8, 'W_layer_units_exponent_7': 9, 'D_layers': 3, 'D_layer_units_exponent_0': 7, 'D_layer_units_exponent_1': 7, 'D_layer_units_exponent_2': 7, 'D_dagger_layers': 7, 'D_dagger_layer_units_exponent_0': 9, 'D_dagger_layer_units_exponent_1': 7, 'D_dagger_layer_units_exponent_2': 7, 'D_dagger_layer_units_exponent_3': 5, 'D_dagger_layer_units_exponent_4': 9, 'D_dagger_layer_units_exponent_5': 5, 'D_dagger_layer_units_exponent_6': 6, 'log_learning_rate': -2.873785366894131, 'log_learning_rate_D': -3.3468667373830563, 'log_learning_rate_D_dagger': -2.42904278905328, 'training_batch_size': 8, 'training_p': 2}. Best is trial 11 with value: 0.14480963349342346.
Time for this trial:  214.34699034690857
Memory status after this trial: 
Memory allocated:  342.921875
Memory cached:  404.0
--------------------  Trial  30   --------------------
Start timing: 
Parameters: 
{'W_layers': 6, 'W_layer_units_exponent_0': 6, 'W_layer_units_exponent_1': 10, 'W_layer_units_exponent_2': 4, 'W_layer_units_exponent_3': 9, 'W_layer_units_exponent_4': 5, 'W_layer_units_exponent_5': 9, 'D_layers': 8, 'D_layer_units_exponent_0': 7, 'D_layer_units_exponent_1': 5, 'D_layer_units_exponent_2': 5, 'D_layer_units_exponent_3': 7, 'D_layer_units_exponent_4': 8, 'D_layer_units_exponent_5': 8, 'D_layer_units_exponent_6': 5, 'D_layer_units_exponent_7': 4, 'D_dagger_layers': 4, 'D_dagger_layer_units_exponent_0': 8, 'D_dagger_layer_units_exponent_1': 6, 'D_dagger_layer_units_exponent_2': 5, 'D_dagger_layer_units_exponent_3': 7, 'log_learning_rate': -2.3095022226378354, 'log_learning_rate_D': -3.723540492078099, 'log_learning_rate_D_dagger': -2.0878359630165804, 'training_batch_size': 6, 'training_p': 6}
	 epoch  0 training error:  tensor(0.9817, device='cuda:0', grad_fn=<DivBackward0>)
Memory status after this epoch: 
Memory allocated:  186.42041015625
Memory cached:  398.0
	 epoch  10 training error:  tensor(0.6334, device='cuda:0', grad_fn=<DivBackward0>)
Memory status after this epoch: 
Memory allocated:  186.42041015625
Memory cached:  428.0
	 epoch  20 training error:  tensor(0.5183, device='cuda:0', grad_fn=<DivBackward0>)
Memory status after this epoch: 
Memory allocated:  186.42041015625
Memory cached:  428.0
	 epoch  30 training error:  tensor(0.5139, device='cuda:0', grad_fn=<DivBackward0>)
Memory status after this epoch: 
Memory allocated:  186.42041015625
Memory cached:  424.0
	 epoch  40 training error:  tensor(0.5167, device='cuda:0', grad_fn=<DivBackward0>)
Memory status after this epoch: 
Memory allocated:  186.42041015625
Memory cached:  430.0
	 epoch  50 training error:  tensor(0.5189, device='cuda:0', grad_fn=<DivBackward0>)
Memory status after this epoch: 
Memory allocated:  186.42041015625
Memory cached:  434.0
	 epoch  60 training error:  tensor(0.5188, device='cuda:0', grad_fn=<DivBackward0>)
Memory status after this epoch: 
Memory allocated:  186.42041015625
Memory cached:  432.0
	 epoch  70 training error:  tensor(0.5071, device='cuda:0', grad_fn=<DivBackward0>)
Memory status after this epoch: 
Memory allocated:  186.42041015625
Memory cached:  426.0
	 epoch  80 training error:  tensor(0.4937, device='cuda:0', grad_fn=<DivBackward0>)
Memory status after this epoch: 
Memory allocated:  186.42041015625
Memory cached:  424.0
	 epoch  90 training error:  tensor(0.4106, device='cuda:0', grad_fn=<DivBackward0>)
Memory status after this epoch: 
Memory allocated:  186.42041015625
Memory cached:  428.0
[I 2023-12-20 03:16:02,609] Trial 30 finished with value: 0.21297095715999603 and parameters: {'W_layers': 6, 'W_layer_units_exponent_0': 6, 'W_layer_units_exponent_1': 10, 'W_layer_units_exponent_2': 4, 'W_layer_units_exponent_3': 9, 'W_layer_units_exponent_4': 5, 'W_layer_units_exponent_5': 9, 'D_layers': 8, 'D_layer_units_exponent_0': 7, 'D_layer_units_exponent_1': 5, 'D_layer_units_exponent_2': 5, 'D_layer_units_exponent_3': 7, 'D_layer_units_exponent_4': 8, 'D_layer_units_exponent_5': 8, 'D_layer_units_exponent_6': 5, 'D_layer_units_exponent_7': 4, 'D_dagger_layers': 4, 'D_dagger_layer_units_exponent_0': 8, 'D_dagger_layer_units_exponent_1': 6, 'D_dagger_layer_units_exponent_2': 5, 'D_dagger_layer_units_exponent_3': 7, 'log_learning_rate': -2.3095022226378354, 'log_learning_rate_D': -3.723540492078099, 'log_learning_rate_D_dagger': -2.0878359630165804, 'training_batch_size': 6, 'training_p': 6}. Best is trial 11 with value: 0.14480963349342346.
Time for this trial:  389.0888979434967
Memory status after this trial: 
Memory allocated:  367.52685546875
Memory cached:  424.0
--------------------  Trial  31   --------------------
Start timing: 
Parameters: 
{'W_layers': 6, 'W_layer_units_exponent_0': 6, 'W_layer_units_exponent_1': 10, 'W_layer_units_exponent_2': 4, 'W_layer_units_exponent_3': 9, 'W_layer_units_exponent_4': 5, 'W_layer_units_exponent_5': 9, 'D_layers': 8, 'D_layer_units_exponent_0': 7, 'D_layer_units_exponent_1': 5, 'D_layer_units_exponent_2': 5, 'D_layer_units_exponent_3': 7, 'D_layer_units_exponent_4': 8, 'D_layer_units_exponent_5': 8, 'D_layer_units_exponent_6': 5, 'D_layer_units_exponent_7': 4, 'D_dagger_layers': 4, 'D_dagger_layer_units_exponent_0': 8, 'D_dagger_layer_units_exponent_1': 6, 'D_dagger_layer_units_exponent_2': 5, 'D_dagger_layer_units_exponent_3': 7, 'log_learning_rate': -2.3794910866411896, 'log_learning_rate_D': -3.7629886542156012, 'log_learning_rate_D_dagger': -2.037836528253792, 'training_batch_size': 6, 'training_p': 6}
	 epoch  0 training error:  tensor(1.1410, device='cuda:0', grad_fn=<DivBackward0>)
Memory status after this epoch: 
Memory allocated:  186.42041015625
Memory cached:  396.0
	 epoch  10 training error:  tensor(0.6185, device='cuda:0', grad_fn=<DivBackward0>)
Memory status after this epoch: 
Memory allocated:  186.42041015625
Memory cached:  432.0
	 epoch  20 training error:  tensor(0.5235, device='cuda:0', grad_fn=<DivBackward0>)
Memory status after this epoch: 
Memory allocated:  186.42041015625
Memory cached:  434.0
	 epoch  30 training error:  tensor(0.5324, device='cuda:0', grad_fn=<DivBackward0>)
Memory status after this epoch: 
Memory allocated:  186.42041015625
Memory cached:  428.0
	 epoch  40 training error:  tensor(0.5328, device='cuda:0', grad_fn=<DivBackward0>)
Memory status after this epoch: 
Memory allocated:  186.42041015625
Memory cached:  432.0
	 epoch  50 training error:  tensor(0.5392, device='cuda:0', grad_fn=<DivBackward0>)
Memory status after this epoch: 
Memory allocated:  186.42041015625
Memory cached:  432.0
	 epoch  60 training error:  tensor(0.5128, device='cuda:0', grad_fn=<DivBackward0>)
Memory status after this epoch: 
Memory allocated:  186.42041015625
Memory cached:  436.0
	 epoch  70 training error:  tensor(0.5121, device='cuda:0', grad_fn=<DivBackward0>)
Memory status after this epoch: 
Memory allocated:  186.42041015625
Memory cached:  426.0
	 epoch  80 training error:  tensor(0.5167, device='cuda:0', grad_fn=<DivBackward0>)
Memory status after this epoch: 
Memory allocated:  186.42041015625
Memory cached:  436.0
	 epoch  90 training error:  tensor(0.4828, device='cuda:0', grad_fn=<DivBackward0>)
Memory status after this epoch: 
Memory allocated:  186.42041015625
Memory cached:  436.0
[I 2023-12-20 03:22:32,342] Trial 31 finished with value: 0.5693406462669373 and parameters: {'W_layers': 6, 'W_layer_units_exponent_0': 6, 'W_layer_units_exponent_1': 10, 'W_layer_units_exponent_2': 4, 'W_layer_units_exponent_3': 9, 'W_layer_units_exponent_4': 5, 'W_layer_units_exponent_5': 9, 'D_layers': 8, 'D_layer_units_exponent_0': 7, 'D_layer_units_exponent_1': 5, 'D_layer_units_exponent_2': 5, 'D_layer_units_exponent_3': 7, 'D_layer_units_exponent_4': 8, 'D_layer_units_exponent_5': 8, 'D_layer_units_exponent_6': 5, 'D_layer_units_exponent_7': 4, 'D_dagger_layers': 4, 'D_dagger_layer_units_exponent_0': 8, 'D_dagger_layer_units_exponent_1': 6, 'D_dagger_layer_units_exponent_2': 5, 'D_dagger_layer_units_exponent_3': 7, 'log_learning_rate': -2.3794910866411896, 'log_learning_rate_D': -3.7629886542156012, 'log_learning_rate_D_dagger': -2.037836528253792, 'training_batch_size': 6, 'training_p': 6}. Best is trial 11 with value: 0.14480963349342346.
Time for this trial:  389.27093720436096
Memory status after this trial: 
Memory allocated:  367.52685546875
Memory cached:  426.0
--------------------  Trial  32   --------------------
Start timing: 
Parameters: 
{'W_layers': 7, 'W_layer_units_exponent_0': 7, 'W_layer_units_exponent_1': 9, 'W_layer_units_exponent_2': 5, 'W_layer_units_exponent_3': 9, 'W_layer_units_exponent_4': 4, 'W_layer_units_exponent_5': 8, 'W_layer_units_exponent_6': 6, 'D_layers': 8, 'D_layer_units_exponent_0': 7, 'D_layer_units_exponent_1': 4, 'D_layer_units_exponent_2': 5, 'D_layer_units_exponent_3': 8, 'D_layer_units_exponent_4': 9, 'D_layer_units_exponent_5': 9, 'D_layer_units_exponent_6': 6, 'D_layer_units_exponent_7': 4, 'D_dagger_layers': 3, 'D_dagger_layer_units_exponent_0': 9, 'D_dagger_layer_units_exponent_1': 5, 'D_dagger_layer_units_exponent_2': 5, 'log_learning_rate': -2.3197855663015945, 'log_learning_rate_D': -4.100725939789088, 'log_learning_rate_D_dagger': -2.705146745476209, 'training_batch_size': 6, 'training_p': 8}
	 epoch  0 training error:  tensor(1.0075, device='cuda:0', grad_fn=<DivBackward0>)
Memory status after this epoch: 
Memory allocated:  191.31494140625
Memory cached:  392.0
	 epoch  10 training error:  tensor(0.5641, device='cuda:0', grad_fn=<DivBackward0>)
Memory status after this epoch: 
Memory allocated:  191.31494140625
Memory cached:  434.0
	 epoch  20 training error:  tensor(0.5499, device='cuda:0', grad_fn=<DivBackward0>)
Memory status after this epoch: 
Memory allocated:  191.31494140625
Memory cached:  422.0
	 epoch  30 training error:  tensor(0.5559, device='cuda:0', grad_fn=<DivBackward0>)
Memory status after this epoch: 
Memory allocated:  191.31494140625
Memory cached:  430.0
	 epoch  40 training error:  tensor(0.5572, device='cuda:0', grad_fn=<DivBackward0>)
Memory status after this epoch: 
Memory allocated:  191.31494140625
Memory cached:  422.0
	 epoch  50 training error:  tensor(0.5541, device='cuda:0', grad_fn=<DivBackward0>)
Memory status after this epoch: 
Memory allocated:  191.31494140625
Memory cached:  430.0
	 epoch  60 training error:  tensor(0.5344, device='cuda:0', grad_fn=<DivBackward0>)
Memory status after this epoch: 
Memory allocated:  191.31494140625
Memory cached:  436.0
	 epoch  70 training error:  tensor(0.4853, device='cuda:0', grad_fn=<DivBackward0>)
Memory status after this epoch: 
Memory allocated:  191.31494140625
Memory cached:  434.0
	 epoch  80 training error:  tensor(0.3279, device='cuda:0', grad_fn=<DivBackward0>)
Memory status after this epoch: 
Memory allocated:  191.31494140625
Memory cached:  428.0
	 epoch  90 training error:  tensor(0.3445, device='cuda:0', grad_fn=<DivBackward0>)
Memory status after this epoch: 
Memory allocated:  191.31494140625
Memory cached:  428.0
[I 2023-12-20 03:29:06,521] Trial 32 finished with value: 0.1588944047689438 and parameters: {'W_layers': 7, 'W_layer_units_exponent_0': 7, 'W_layer_units_exponent_1': 9, 'W_layer_units_exponent_2': 5, 'W_layer_units_exponent_3': 9, 'W_layer_units_exponent_4': 4, 'W_layer_units_exponent_5': 8, 'W_layer_units_exponent_6': 6, 'D_layers': 8, 'D_layer_units_exponent_0': 7, 'D_layer_units_exponent_1': 4, 'D_layer_units_exponent_2': 5, 'D_layer_units_exponent_3': 8, 'D_layer_units_exponent_4': 9, 'D_layer_units_exponent_5': 9, 'D_layer_units_exponent_6': 6, 'D_layer_units_exponent_7': 4, 'D_dagger_layers': 3, 'D_dagger_layer_units_exponent_0': 9, 'D_dagger_layer_units_exponent_1': 5, 'D_dagger_layer_units_exponent_2': 5, 'log_learning_rate': -2.3197855663015945, 'log_learning_rate_D': -4.100725939789088, 'log_learning_rate_D_dagger': -2.705146745476209, 'training_batch_size': 6, 'training_p': 8}. Best is trial 11 with value: 0.14480963349342346.
Time for this trial:  393.72407388687134
Memory status after this trial: 
Memory allocated:  379.9248046875
Memory cached:  428.0
--------------------  Trial  33   --------------------
Start timing: 
Parameters: 
{'W_layers': 7, 'W_layer_units_exponent_0': 6, 'W_layer_units_exponent_1': 9, 'W_layer_units_exponent_2': 4, 'W_layer_units_exponent_3': 9, 'W_layer_units_exponent_4': 4, 'W_layer_units_exponent_5': 9, 'W_layer_units_exponent_6': 6, 'D_layers': 8, 'D_layer_units_exponent_0': 6, 'D_layer_units_exponent_1': 4, 'D_layer_units_exponent_2': 5, 'D_layer_units_exponent_3': 8, 'D_layer_units_exponent_4': 9, 'D_layer_units_exponent_5': 7, 'D_layer_units_exponent_6': 6, 'D_layer_units_exponent_7': 4, 'D_dagger_layers': 3, 'D_dagger_layer_units_exponent_0': 8, 'D_dagger_layer_units_exponent_1': 5, 'D_dagger_layer_units_exponent_2': 6, 'log_learning_rate': -2.2454945663854855, 'log_learning_rate_D': -4.265872756720236, 'log_learning_rate_D_dagger': -2.6864165154452024, 'training_batch_size': 6, 'training_p': 8}
	 epoch  0 training error:  tensor(1.1342, device='cuda:0', grad_fn=<DivBackward0>)
Memory status after this epoch: 
Memory allocated:  187.36376953125
Memory cached:  392.0
	 epoch  10 training error:  tensor(0.5675, device='cuda:0', grad_fn=<DivBackward0>)
Memory status after this epoch: 
Memory allocated:  187.36376953125
Memory cached:  408.0
	 epoch  20 training error:  tensor(0.5708, device='cuda:0', grad_fn=<DivBackward0>)
Memory status after this epoch: 
Memory allocated:  187.36376953125
Memory cached:  408.0
	 epoch  30 training error:  tensor(0.5656, device='cuda:0', grad_fn=<DivBackward0>)
Memory status after this epoch: 
Memory allocated:  187.36376953125
Memory cached:  404.0
	 epoch  40 training error:  tensor(0.5589, device='cuda:0', grad_fn=<DivBackward0>)
Memory status after this epoch: 
Memory allocated:  187.36376953125
Memory cached:  404.0
	 epoch  50 training error:  tensor(0.5499, device='cuda:0', grad_fn=<DivBackward0>)
Memory status after this epoch: 
Memory allocated:  187.36376953125
Memory cached:  406.0
	 epoch  60 training error:  tensor(0.5546, device='cuda:0', grad_fn=<DivBackward0>)
Memory status after this epoch: 
Memory allocated:  187.36376953125
Memory cached:  406.0
	 epoch  70 training error:  tensor(0.5443, device='cuda:0', grad_fn=<DivBackward0>)
Memory status after this epoch: 
Memory allocated:  187.36376953125
Memory cached:  410.0
	 epoch  80 training error:  tensor(0.5436, device='cuda:0', grad_fn=<DivBackward0>)
Memory status after this epoch: 
Memory allocated:  187.36376953125
Memory cached:  408.0
	 epoch  90 training error:  tensor(0.5640, device='cuda:0', grad_fn=<DivBackward0>)
Memory status after this epoch: 
Memory allocated:  187.36376953125
Memory cached:  408.0
