[I 2023-12-04 00:38:24,509] Trial 33 finished with value: 0.10497784614562988 and parameters: {'W_layers': 5, 'W_layer_units_exponent_0': 9, 'W_layer_units_exponent_1': 5, 'W_layer_units_exponent_2': 5, 'W_layer_units_exponent_3': 6, 'W_layer_units_exponent_4': 6, 'D_layers': 4, 'D_layer_units_exponent_0': 4, 'D_layer_units_exponent_1': 9, 'D_layer_units_exponent_2': 5, 'D_layer_units_exponent_3': 6, 'log_learning_rate': -3.817175160489738, 'log_learning_rate_D': -4.619765722433534, 'training_batch_size': 10, 'training_p': 2}. Best is trial 15 with value: 0.017919111996889114.
Time for this trial:  41.2405731678009
Memory status after this trial: 
Memory allocated:  117.99267578125
Memory cached:  146.0
--------------------  Trial  34   --------------------
Start timing: 
Parameters: 
{'W_layers': 3, 'W_layer_units_exponent_0': 10, 'W_layer_units_exponent_1': 8, 'W_layer_units_exponent_2': 6, 'D_layers': 2, 'D_layer_units_exponent_0': 6, 'D_layer_units_exponent_1': 10, 'log_learning_rate': -3.6362591920608964, 'log_learning_rate_D': -4.2287648954245896, 'training_batch_size': 11, 'training_p': 6}
	 epoch  0 training error:  tensor(1.1061, device='cuda:0', grad_fn=<DivBackward0>)
Memory status after this epoch: 
Memory allocated:  92.5234375
Memory cached:  146.0
	 epoch  10 training error:  tensor(0.2876, device='cuda:0', grad_fn=<DivBackward0>)
Memory status after this epoch: 
Memory allocated:  92.5234375
Memory cached:  148.0
	 epoch  20 training error:  tensor(0.1934, device='cuda:0', grad_fn=<DivBackward0>)
Memory status after this epoch: 
Memory allocated:  92.5234375
Memory cached:  148.0
	 epoch  30 training error:  tensor(0.1773, device='cuda:0', grad_fn=<DivBackward0>)
Memory status after this epoch: 
Memory allocated:  92.5234375
Memory cached:  148.0
	 epoch  40 training error:  tensor(0.1462, device='cuda:0', grad_fn=<DivBackward0>)
Memory status after this epoch: 
Memory allocated:  92.5234375
Memory cached:  148.0
	 epoch  50 training error:  tensor(0.1492, device='cuda:0', grad_fn=<DivBackward0>)
Memory status after this epoch: 
Memory allocated:  92.5234375
Memory cached:  148.0
	 epoch  60 training error:  tensor(0.1435, device='cuda:0', grad_fn=<DivBackward0>)
Memory status after this epoch: 
Memory allocated:  92.5234375
Memory cached:  148.0
	 epoch  70 training error:  tensor(0.1325, device='cuda:0', grad_fn=<DivBackward0>)
Memory status after this epoch: 
Memory allocated:  92.5234375
Memory cached:  148.0
	 epoch  80 training error:  tensor(0.1148, device='cuda:0', grad_fn=<DivBackward0>)
Memory status after this epoch: 
Memory allocated:  92.5234375
Memory cached:  148.0
	 epoch  90 training error:  tensor(0.1015, device='cuda:0', grad_fn=<DivBackward0>)
Memory status after this epoch: 
Memory allocated:  92.5234375
Memory cached:  148.0
[I 2023-12-04 00:38:59,920] Trial 34 finished with value: 0.07267812639474869 and parameters: {'W_layers': 3, 'W_layer_units_exponent_0': 10, 'W_layer_units_exponent_1': 8, 'W_layer_units_exponent_2': 6, 'D_layers': 2, 'D_layer_units_exponent_0': 6, 'D_layer_units_exponent_1': 10, 'log_learning_rate': -3.6362591920608964, 'log_learning_rate_D': -4.2287648954245896, 'training_batch_size': 11, 'training_p': 6}. Best is trial 15 with value: 0.017919111996889114.
Time for this trial:  35.268651485443115
Memory status after this trial: 
Memory allocated:  145.34912109375
Memory cached:  166.0
--------------------  Trial  35   --------------------
Start timing: 
Parameters: 
{'W_layers': 4, 'W_layer_units_exponent_0': 9, 'W_layer_units_exponent_1': 5, 'W_layer_units_exponent_2': 4, 'W_layer_units_exponent_3': 8, 'D_layers': 3, 'D_layer_units_exponent_0': 7, 'D_layer_units_exponent_1': 9, 'D_layer_units_exponent_2': 8, 'log_learning_rate': -2.2820092029434123, 'log_learning_rate_D': -3.4466460566369372, 'training_batch_size': 8, 'training_p': 7}
	 epoch  0 training error:  tensor(1.0255, device='cuda:0', grad_fn=<DivBackward0>)
Memory status after this epoch: 
Memory allocated:  90.552734375
Memory cached:  146.0
	 epoch  10 training error:  tensor(0.1883, device='cuda:0', grad_fn=<DivBackward0>)
Memory status after this epoch: 
Memory allocated:  90.552734375
Memory cached:  150.0
	 epoch  20 training error:  tensor(0.1592, device='cuda:0', grad_fn=<DivBackward0>)
Memory status after this epoch: 
Memory allocated:  90.552734375
Memory cached:  150.0
	 epoch  30 training error:  tensor(0.1159, device='cuda:0', grad_fn=<DivBackward0>)
Memory status after this epoch: 
Memory allocated:  90.552734375
Memory cached:  150.0
	 epoch  40 training error:  tensor(0.0593, device='cuda:0', grad_fn=<DivBackward0>)
Memory status after this epoch: 
Memory allocated:  90.552734375
Memory cached:  150.0
	 epoch  50 training error:  tensor(0.0525, device='cuda:0', grad_fn=<DivBackward0>)
Memory status after this epoch: 
Memory allocated:  90.552734375
Memory cached:  150.0
	 epoch  60 training error:  tensor(0.0655, device='cuda:0', grad_fn=<DivBackward0>)
Memory status after this epoch: 
Memory allocated:  90.552734375
Memory cached:  150.0
	 epoch  70 training error:  tensor(0.0394, device='cuda:0', grad_fn=<DivBackward0>)
Memory status after this epoch: 
Memory allocated:  90.552734375
Memory cached:  150.0
	 epoch  80 training error:  tensor(0.0291, device='cuda:0', grad_fn=<DivBackward0>)
Memory status after this epoch: 
Memory allocated:  90.552734375
Memory cached:  150.0
	 epoch  90 training error:  tensor(0.0274, device='cuda:0', grad_fn=<DivBackward0>)
Memory status after this epoch: 
Memory allocated:  90.552734375
Memory cached:  150.0
[I 2023-12-04 00:39:38,307] Trial 35 finished with value: 0.022165760397911072 and parameters: {'W_layers': 4, 'W_layer_units_exponent_0': 9, 'W_layer_units_exponent_1': 5, 'W_layer_units_exponent_2': 4, 'W_layer_units_exponent_3': 8, 'D_layers': 3, 'D_layer_units_exponent_0': 7, 'D_layer_units_exponent_1': 9, 'D_layer_units_exponent_2': 8, 'log_learning_rate': -2.2820092029434123, 'log_learning_rate_D': -3.4466460566369372, 'training_batch_size': 8, 'training_p': 7}. Best is trial 15 with value: 0.017919111996889114.
Time for this trial:  38.22899341583252
Memory status after this trial: 
Memory allocated:  128.00146484375
Memory cached:  148.0
--------------------  Trial  36   --------------------
Start timing: 
Parameters: 
{'W_layers': 4, 'W_layer_units_exponent_0': 9, 'W_layer_units_exponent_1': 6, 'W_layer_units_exponent_2': 4, 'W_layer_units_exponent_3': 8, 'D_layers': 3, 'D_layer_units_exponent_0': 7, 'D_layer_units_exponent_1': 10, 'D_layer_units_exponent_2': 8, 'log_learning_rate': -2.30217854520681, 'log_learning_rate_D': -3.5716589348442715, 'training_batch_size': 8, 'training_p': 7}
	 epoch  0 training error:  tensor(0.9994, device='cuda:0', grad_fn=<DivBackward0>)
Memory status after this epoch: 
Memory allocated:  93.818359375
Memory cached:  146.0
	 epoch  10 training error:  tensor(0.2247, device='cuda:0', grad_fn=<DivBackward0>)
Memory status after this epoch: 
Memory allocated:  93.818359375
Memory cached:  148.0
	 epoch  20 training error:  tensor(0.1641, device='cuda:0', grad_fn=<DivBackward0>)
Memory status after this epoch: 
Memory allocated:  93.818359375
Memory cached:  148.0
	 epoch  30 training error:  tensor(0.1360, device='cuda:0', grad_fn=<DivBackward0>)
Memory status after this epoch: 
Memory allocated:  93.818359375
Memory cached:  148.0
	 epoch  40 training error:  tensor(0.0855, device='cuda:0', grad_fn=<DivBackward0>)
Memory status after this epoch: 
Memory allocated:  93.818359375
Memory cached:  148.0
	 epoch  50 training error:  tensor(0.0428, device='cuda:0', grad_fn=<DivBackward0>)
Memory status after this epoch: 
Memory allocated:  93.818359375
Memory cached:  148.0
	 epoch  60 training error:  tensor(0.0623, device='cuda:0', grad_fn=<DivBackward0>)
Memory status after this epoch: 
Memory allocated:  93.818359375
Memory cached:  148.0
	 epoch  70 training error:  tensor(0.0519, device='cuda:0', grad_fn=<DivBackward0>)
Memory status after this epoch: 
Memory allocated:  93.818359375
Memory cached:  148.0
	 epoch  80 training error:  tensor(0.0386, device='cuda:0', grad_fn=<DivBackward0>)
Memory status after this epoch: 
Memory allocated:  93.818359375
Memory cached:  148.0
	 epoch  90 training error:  tensor(0.0464, device='cuda:0', grad_fn=<DivBackward0>)
Memory status after this epoch: 
Memory allocated:  93.818359375
Memory cached:  148.0
[I 2023-12-04 00:40:17,559] Trial 36 finished with value: 0.029983554035425186 and parameters: {'W_layers': 4, 'W_layer_units_exponent_0': 9, 'W_layer_units_exponent_1': 6, 'W_layer_units_exponent_2': 4, 'W_layer_units_exponent_3': 8, 'D_layers': 3, 'D_layer_units_exponent_0': 7, 'D_layer_units_exponent_1': 10, 'D_layer_units_exponent_2': 8, 'log_learning_rate': -2.30217854520681, 'log_learning_rate_D': -3.5716589348442715, 'training_batch_size': 8, 'training_p': 7}. Best is trial 15 with value: 0.017919111996889114.
Time for this trial:  39.054222106933594
Memory status after this trial: 
Memory allocated:  141.96826171875
Memory cached:  162.0
--------------------  Trial  37   --------------------
Start timing: 
Parameters: 
{'W_layers': 5, 'W_layer_units_exponent_0': 10, 'W_layer_units_exponent_1': 5, 'W_layer_units_exponent_2': 5, 'W_layer_units_exponent_3': 7, 'W_layer_units_exponent_4': 10, 'D_layers': 2, 'D_layer_units_exponent_0': 9, 'D_layer_units_exponent_1': 9, 'log_learning_rate': -2.003720258552972, 'log_learning_rate_D': -3.8871503431496457, 'training_batch_size': 7, 'training_p': 8}
	 epoch  0 training error:  tensor(1.0043, device='cuda:0', grad_fn=<DivBackward0>)
Memory status after this epoch: 
Memory allocated:  93.890625
Memory cached:  148.0
	 epoch  10 training error:  tensor(0.3732, device='cuda:0', grad_fn=<DivBackward0>)
Memory status after this epoch: 
Memory allocated:  93.890625
Memory cached:  150.0
	 epoch  20 training error:  tensor(0.1610, device='cuda:0', grad_fn=<DivBackward0>)
Memory status after this epoch: 
Memory allocated:  93.890625
Memory cached:  150.0
	 epoch  30 training error:  tensor(0.1695, device='cuda:0', grad_fn=<DivBackward0>)
Memory status after this epoch: 
Memory allocated:  93.890625
Memory cached:  150.0
	 epoch  40 training error:  tensor(0.1451, device='cuda:0', grad_fn=<DivBackward0>)
Memory status after this epoch: 
Memory allocated:  93.890625
Memory cached:  150.0
	 epoch  50 training error:  tensor(0.1203, device='cuda:0', grad_fn=<DivBackward0>)
Memory status after this epoch: 
Memory allocated:  93.890625
Memory cached:  150.0
	 epoch  60 training error:  tensor(0.1724, device='cuda:0', grad_fn=<DivBackward0>)
Memory status after this epoch: 
Memory allocated:  93.890625
Memory cached:  150.0
	 epoch  70 training error:  tensor(0.2401, device='cuda:0', grad_fn=<DivBackward0>)
Memory status after this epoch: 
Memory allocated:  93.890625
Memory cached:  150.0
	 epoch  80 training error:  tensor(0.1079, device='cuda:0', grad_fn=<DivBackward0>)
Memory status after this epoch: 
Memory allocated:  93.890625
Memory cached:  150.0
	 epoch  90 training error:  tensor(0.1350, device='cuda:0', grad_fn=<DivBackward0>)
Memory status after this epoch: 
Memory allocated:  93.890625
Memory cached:  150.0
[I 2023-12-04 00:40:58,788] Trial 37 finished with value: 0.05896032601594925 and parameters: {'W_layers': 5, 'W_layer_units_exponent_0': 10, 'W_layer_units_exponent_1': 5, 'W_layer_units_exponent_2': 5, 'W_layer_units_exponent_3': 7, 'W_layer_units_exponent_4': 10, 'D_layers': 2, 'D_layer_units_exponent_0': 9, 'D_layer_units_exponent_1': 9, 'log_learning_rate': -2.003720258552972, 'log_learning_rate_D': -3.8871503431496457, 'training_batch_size': 7, 'training_p': 8}. Best is trial 15 with value: 0.017919111996889114.
Time for this trial:  41.065438747406006
Memory status after this trial: 
Memory allocated:  165.09033203125
Memory cached:  186.0
--------------------  Trial  38   --------------------
Start timing: 
Parameters: 
{'W_layers': 4, 'W_layer_units_exponent_0': 9, 'W_layer_units_exponent_1': 4, 'W_layer_units_exponent_2': 4, 'W_layer_units_exponent_3': 9, 'D_layers': 3, 'D_layer_units_exponent_0': 4, 'D_layer_units_exponent_1': 9, 'D_layer_units_exponent_2': 10, 'log_learning_rate': -2.5847756616164714, 'log_learning_rate_D': -3.3336358561317647, 'training_batch_size': 9, 'training_p': 7}
	 epoch  0 training error:  tensor(0.9994, device='cuda:0', grad_fn=<DivBackward0>)
Memory status after this epoch: 
Memory allocated:  95.638671875
Memory cached:  144.0
	 epoch  10 training error:  tensor(0.3315, device='cuda:0', grad_fn=<DivBackward0>)
Memory status after this epoch: 
Memory allocated:  95.638671875
Memory cached:  144.0
	 epoch  20 training error:  tensor(0.2157, device='cuda:0', grad_fn=<DivBackward0>)
Memory status after this epoch: 
Memory allocated:  95.638671875
Memory cached:  144.0
	 epoch  30 training error:  tensor(0.1412, device='cuda:0', grad_fn=<DivBackward0>)
Memory status after this epoch: 
Memory allocated:  95.638671875
Memory cached:  144.0
	 epoch  40 training error:  tensor(0.1318, device='cuda:0', grad_fn=<DivBackward0>)
Memory status after this epoch: 
Memory allocated:  95.638671875
Memory cached:  144.0
	 epoch  50 training error:  tensor(0.0830, device='cuda:0', grad_fn=<DivBackward0>)
Memory status after this epoch: 
Memory allocated:  95.638671875
Memory cached:  144.0
	 epoch  60 training error:  tensor(0.0600, device='cuda:0', grad_fn=<DivBackward0>)
Memory status after this epoch: 
Memory allocated:  95.638671875
Memory cached:  144.0
	 epoch  70 training error:  tensor(0.0424, device='cuda:0', grad_fn=<DivBackward0>)
Memory status after this epoch: 
Memory allocated:  95.638671875
Memory cached:  144.0
	 epoch  80 training error:  tensor(0.0242, device='cuda:0', grad_fn=<DivBackward0>)
Memory status after this epoch: 
Memory allocated:  95.638671875
Memory cached:  144.0
	 epoch  90 training error:  tensor(0.0271, device='cuda:0', grad_fn=<DivBackward0>)
Memory status after this epoch: 
Memory allocated:  95.638671875
Memory cached:  144.0
[I 2023-12-04 00:41:38,704] Trial 38 finished with value: 0.02223016694188118 and parameters: {'W_layers': 4, 'W_layer_units_exponent_0': 9, 'W_layer_units_exponent_1': 4, 'W_layer_units_exponent_2': 4, 'W_layer_units_exponent_3': 9, 'D_layers': 3, 'D_layer_units_exponent_0': 4, 'D_layer_units_exponent_1': 9, 'D_layer_units_exponent_2': 10, 'log_learning_rate': -2.5847756616164714, 'log_learning_rate_D': -3.3336358561317647, 'training_batch_size': 9, 'training_p': 7}. Best is trial 15 with value: 0.017919111996889114.
Time for this trial:  39.764885663986206
Memory status after this trial: 
Memory allocated:  151.0478515625
Memory cached:  164.0
--------------------  Trial  39   --------------------
Start timing: 
Parameters: 
{'W_layers': 6, 'W_layer_units_exponent_0': 9, 'W_layer_units_exponent_1': 4, 'W_layer_units_exponent_2': 4, 'W_layer_units_exponent_3': 9, 'W_layer_units_exponent_4': 5, 'W_layer_units_exponent_5': 10, 'D_layers': 4, 'D_layer_units_exponent_0': 4, 'D_layer_units_exponent_1': 8, 'D_layer_units_exponent_2': 10, 'D_layer_units_exponent_3': 9, 'log_learning_rate': -2.66404120083685, 'log_learning_rate_D': -3.7445875159595396, 'training_batch_size': 9, 'training_p': 5}
	 epoch  0 training error:  tensor(1.0538, device='cuda:0', grad_fn=<DivBackward0>)
Memory status after this epoch: 
Memory allocated:  100.34765625
Memory cached:  146.0
	 epoch  10 training error:  tensor(0.1978, device='cuda:0', grad_fn=<DivBackward0>)
Memory status after this epoch: 
Memory allocated:  100.34765625
Memory cached:  148.0
	 epoch  20 training error:  tensor(0.1411, device='cuda:0', grad_fn=<DivBackward0>)
Memory status after this epoch: 
Memory allocated:  100.34765625
Memory cached:  148.0
	 epoch  30 training error:  tensor(0.1419, device='cuda:0', grad_fn=<DivBackward0>)
Memory status after this epoch: 
Memory allocated:  100.34765625
Memory cached:  148.0
	 epoch  40 training error:  tensor(0.1283, device='cuda:0', grad_fn=<DivBackward0>)
Memory status after this epoch: 
Memory allocated:  100.34765625
Memory cached:  148.0
	 epoch  50 training error:  tensor(0.0943, device='cuda:0', grad_fn=<DivBackward0>)
Memory status after this epoch: 
Memory allocated:  100.34765625
Memory cached:  148.0
	 epoch  60 training error:  tensor(0.0543, device='cuda:0', grad_fn=<DivBackward0>)
Memory status after this epoch: 
Memory allocated:  100.34765625
Memory cached:  148.0
	 epoch  70 training error:  tensor(0.0386, device='cuda:0', grad_fn=<DivBackward0>)
Memory status after this epoch: 
Memory allocated:  100.34765625
Memory cached:  148.0
	 epoch  80 training error:  tensor(0.0599, device='cuda:0', grad_fn=<DivBackward0>)
Memory status after this epoch: 
Memory allocated:  100.34765625
Memory cached:  148.0
	 epoch  90 training error:  tensor(0.0194, device='cuda:0', grad_fn=<DivBackward0>)
Memory status after this epoch: 
Memory allocated:  100.34765625
Memory cached:  148.0
[I 2023-12-04 00:42:26,957] Trial 39 finished with value: 0.015849515795707703 and parameters: {'W_layers': 6, 'W_layer_units_exponent_0': 9, 'W_layer_units_exponent_1': 4, 'W_layer_units_exponent_2': 4, 'W_layer_units_exponent_3': 9, 'W_layer_units_exponent_4': 5, 'W_layer_units_exponent_5': 10, 'D_layers': 4, 'D_layer_units_exponent_0': 4, 'D_layer_units_exponent_1': 8, 'D_layer_units_exponent_2': 10, 'D_layer_units_exponent_3': 9, 'log_learning_rate': -2.66404120083685, 'log_learning_rate_D': -3.7445875159595396, 'training_batch_size': 9, 'training_p': 5}. Best is trial 39 with value: 0.015849515795707703.
res:  tensor(0.0158, device='cuda:0', grad_fn=<DivBackward0>)
self.bestValue:  tensor(0.0179, device='cuda:0', grad_fn=<DivBackward0>)
Save this model!
Time for this trial:  48.068347454071045
Memory status after this trial: 
Memory allocated:  96.2421875
Memory cached:  174.0
--------------------  Trial  40   --------------------
Start timing: 
Parameters: 
{'W_layers': 6, 'W_layer_units_exponent_0': 7, 'W_layer_units_exponent_1': 4, 'W_layer_units_exponent_2': 8, 'W_layer_units_exponent_3': 9, 'W_layer_units_exponent_4': 5, 'W_layer_units_exponent_5': 10, 'D_layers': 4, 'D_layer_units_exponent_0': 4, 'D_layer_units_exponent_1': 8, 'D_layer_units_exponent_2': 9, 'D_layer_units_exponent_3': 9, 'log_learning_rate': -1.9205569290174407, 'log_learning_rate_D': -4.395412373033371, 'training_batch_size': 9, 'training_p': 5}
	 epoch  0 training error:  tensor(0.9814, device='cuda:0', grad_fn=<DivBackward0>)
Memory status after this epoch: 
Memory allocated:  105.26904296875
Memory cached:  176.0
	 epoch  10 training error:  tensor(0.1875, device='cuda:0', grad_fn=<DivBackward0>)
Memory status after this epoch: 
Memory allocated:  105.26904296875
Memory cached:  178.0
	 epoch  20 training error:  tensor(0.2275, device='cuda:0', grad_fn=<DivBackward0>)
Memory status after this epoch: 
Memory allocated:  105.26904296875
Memory cached:  178.0
	 epoch  30 training error:  tensor(0.2668, device='cuda:0', grad_fn=<DivBackward0>)
Memory status after this epoch: 
Memory allocated:  105.26904296875
Memory cached:  178.0
	 epoch  40 training error:  tensor(0.2737, device='cuda:0', grad_fn=<DivBackward0>)
Memory status after this epoch: 
Memory allocated:  105.26904296875
Memory cached:  178.0
	 epoch  50 training error:  tensor(0.2202, device='cuda:0', grad_fn=<DivBackward0>)
Memory status after this epoch: 
Memory allocated:  105.26904296875
Memory cached:  178.0
	 epoch  60 training error:  tensor(0.1654, device='cuda:0', grad_fn=<DivBackward0>)
Memory status after this epoch: 
Memory allocated:  105.26904296875
Memory cached:  178.0
	 epoch  70 training error:  tensor(0.1714, device='cuda:0', grad_fn=<DivBackward0>)
Memory status after this epoch: 
Memory allocated:  105.26904296875
Memory cached:  178.0
	 epoch  80 training error:  tensor(0.1454, device='cuda:0', grad_fn=<DivBackward0>)
Memory status after this epoch: 
Memory allocated:  105.26904296875
Memory cached:  178.0
	 epoch  90 training error:  tensor(0.1391, device='cuda:0', grad_fn=<DivBackward0>)
Memory status after this epoch: 
Memory allocated:  105.26904296875
Memory cached:  178.0
