[I 2024-01-13 15:05:23,485] Trial 129 finished with value: 0.28881415724754333 and parameters: {'W_layers': 8, 'W_layer_units_exponent_0': 10, 'W_layer_units_exponent_1': 10, 'W_layer_units_exponent_2': 7, 'W_layer_units_exponent_3': 6, 'W_layer_units_exponent_4': 5, 'W_layer_units_exponent_5': 9, 'W_layer_units_exponent_6': 7, 'W_layer_units_exponent_7': 7, 'D_layers': 4, 'D_layer_units_exponent_0': 8, 'D_layer_units_exponent_1': 5, 'D_layer_units_exponent_2': 8, 'D_layer_units_exponent_3': 5, 'D_dagger_layers': 7, 'D_dagger_layer_units_exponent_0': 10, 'D_dagger_layer_units_exponent_1': 7, 'D_dagger_layer_units_exponent_2': 5, 'D_dagger_layer_units_exponent_3': 5, 'D_dagger_layer_units_exponent_4': 5, 'D_dagger_layer_units_exponent_5': 9, 'D_dagger_layer_units_exponent_6': 10, 'log_learning_rate': -4.481460710071394, 'log_learning_rate_D': -3.624479922490205, 'log_learning_rate_D_dagger': -2.9503445169861275, 'training_batch_size': 11, 'training_p': 2}. Best is trial 127 with value: 0.28608080744743347.
Time for this trial:  24.45707678794861
Memory status after this trial: 
Memory allocated:  1275.50244140625
Memory cached:  1306.0
--------------------  Trial  130   --------------------
Start timing: 
Parameters: 
{'W_layers': 7, 'W_layer_units_exponent_0': 10, 'W_layer_units_exponent_1': 10, 'W_layer_units_exponent_2': 7, 'W_layer_units_exponent_3': 6, 'W_layer_units_exponent_4': 7, 'W_layer_units_exponent_5': 9, 'W_layer_units_exponent_6': 5, 'D_layers': 3, 'D_layer_units_exponent_0': 8, 'D_layer_units_exponent_1': 4, 'D_layer_units_exponent_2': 8, 'D_dagger_layers': 6, 'D_dagger_layer_units_exponent_0': 10, 'D_dagger_layer_units_exponent_1': 8, 'D_dagger_layer_units_exponent_2': 5, 'D_dagger_layer_units_exponent_3': 5, 'D_dagger_layer_units_exponent_4': 4, 'D_dagger_layer_units_exponent_5': 9, 'log_learning_rate': -4.3476603174509885, 'log_learning_rate_D': -3.3708098870722707, 'log_learning_rate_D_dagger': -2.716468523169779, 'training_batch_size': 11, 'training_p': 2}
	 epoch  0 training error:  tensor(0.9699, device='cuda:0', grad_fn=<DivBackward0>)
Memory status after this epoch: 
Memory allocated:  667.755859375
Memory cached:  874.0
	 epoch  10 training error:  tensor(0.4190, device='cuda:0', grad_fn=<DivBackward0>)
Memory status after this epoch: 
Memory allocated:  667.755859375
Memory cached:  874.0
	 epoch  20 training error:  tensor(0.3442, device='cuda:0', grad_fn=<DivBackward0>)
Memory status after this epoch: 
Memory allocated:  667.755859375
Memory cached:  874.0
	 epoch  30 training error:  tensor(0.2961, device='cuda:0', grad_fn=<DivBackward0>)
Memory status after this epoch: 
Memory allocated:  667.755859375
Memory cached:  874.0
	 epoch  40 training error:  tensor(0.2938, device='cuda:0', grad_fn=<DivBackward0>)
Memory status after this epoch: 
Memory allocated:  667.755859375
Memory cached:  874.0
	 epoch  50 training error:  tensor(0.2962, device='cuda:0', grad_fn=<DivBackward0>)
Memory status after this epoch: 
Memory allocated:  667.755859375
Memory cached:  874.0
	 epoch  60 training error:  tensor(0.2935, device='cuda:0', grad_fn=<DivBackward0>)
Memory status after this epoch: 
Memory allocated:  667.755859375
Memory cached:  874.0
	 epoch  70 training error:  tensor(0.2963, device='cuda:0', grad_fn=<DivBackward0>)
Memory status after this epoch: 
Memory allocated:  667.755859375
Memory cached:  874.0
	 epoch  80 training error:  tensor(0.2850, device='cuda:0', grad_fn=<DivBackward0>)
Memory status after this epoch: 
Memory allocated:  667.755859375
Memory cached:  874.0
	 epoch  90 training error:  tensor(0.2876, device='cuda:0', grad_fn=<DivBackward0>)
Memory status after this epoch: 
Memory allocated:  667.755859375
Memory cached:  874.0
[I 2024-01-13 15:05:46,626] Trial 130 finished with value: 0.2895663380622864 and parameters: {'W_layers': 7, 'W_layer_units_exponent_0': 10, 'W_layer_units_exponent_1': 10, 'W_layer_units_exponent_2': 7, 'W_layer_units_exponent_3': 6, 'W_layer_units_exponent_4': 7, 'W_layer_units_exponent_5': 9, 'W_layer_units_exponent_6': 5, 'D_layers': 3, 'D_layer_units_exponent_0': 8, 'D_layer_units_exponent_1': 4, 'D_layer_units_exponent_2': 8, 'D_dagger_layers': 6, 'D_dagger_layer_units_exponent_0': 10, 'D_dagger_layer_units_exponent_1': 8, 'D_dagger_layer_units_exponent_2': 5, 'D_dagger_layer_units_exponent_3': 5, 'D_dagger_layer_units_exponent_4': 4, 'D_dagger_layer_units_exponent_5': 9, 'log_learning_rate': -4.3476603174509885, 'log_learning_rate_D': -3.3708098870722707, 'log_learning_rate_D_dagger': -2.716468523169779, 'training_batch_size': 11, 'training_p': 2}. Best is trial 127 with value: 0.28608080744743347.
Time for this trial:  22.662859678268433
Memory status after this trial: 
Memory allocated:  1168.46142578125
Memory cached:  1206.0
--------------------  Trial  131   --------------------
Start timing: 
Parameters: 
{'W_layers': 8, 'W_layer_units_exponent_0': 10, 'W_layer_units_exponent_1': 10, 'W_layer_units_exponent_2': 7, 'W_layer_units_exponent_3': 6, 'W_layer_units_exponent_4': 6, 'W_layer_units_exponent_5': 10, 'W_layer_units_exponent_6': 5, 'W_layer_units_exponent_7': 7, 'D_layers': 3, 'D_layer_units_exponent_0': 8, 'D_layer_units_exponent_1': 4, 'D_layer_units_exponent_2': 8, 'D_dagger_layers': 8, 'D_dagger_layer_units_exponent_0': 10, 'D_dagger_layer_units_exponent_1': 7, 'D_dagger_layer_units_exponent_2': 5, 'D_dagger_layer_units_exponent_3': 4, 'D_dagger_layer_units_exponent_4': 4, 'D_dagger_layer_units_exponent_5': 9, 'D_dagger_layer_units_exponent_6': 10, 'D_dagger_layer_units_exponent_7': 5, 'log_learning_rate': -4.656587607079163, 'log_learning_rate_D': -3.248579647092747, 'log_learning_rate_D_dagger': -3.0580901717823363, 'training_batch_size': 11, 'training_p': 2}
	 epoch  0 training error:  tensor(0.9879, device='cuda:0', grad_fn=<DivBackward0>)
Memory status after this epoch: 
Memory allocated:  675.294921875
Memory cached:  874.0
	 epoch  10 training error:  tensor(0.3205, device='cuda:0', grad_fn=<DivBackward0>)
Memory status after this epoch: 
Memory allocated:  675.294921875
Memory cached:  874.0
	 epoch  20 training error:  tensor(0.2998, device='cuda:0', grad_fn=<DivBackward0>)
Memory status after this epoch: 
Memory allocated:  675.294921875
Memory cached:  874.0
	 epoch  30 training error:  tensor(0.2952, device='cuda:0', grad_fn=<DivBackward0>)
Memory status after this epoch: 
Memory allocated:  675.294921875
Memory cached:  874.0
	 epoch  40 training error:  tensor(0.2877, device='cuda:0', grad_fn=<DivBackward0>)
Memory status after this epoch: 
Memory allocated:  675.294921875
Memory cached:  874.0
	 epoch  50 training error:  tensor(0.2838, device='cuda:0', grad_fn=<DivBackward0>)
Memory status after this epoch: 
Memory allocated:  675.294921875
Memory cached:  874.0
	 epoch  60 training error:  tensor(0.2887, device='cuda:0', grad_fn=<DivBackward0>)
Memory status after this epoch: 
Memory allocated:  675.294921875
Memory cached:  874.0
	 epoch  70 training error:  tensor(0.2886, device='cuda:0', grad_fn=<DivBackward0>)
Memory status after this epoch: 
Memory allocated:  675.294921875
Memory cached:  874.0
	 epoch  80 training error:  tensor(0.2928, device='cuda:0', grad_fn=<DivBackward0>)
Memory status after this epoch: 
Memory allocated:  675.294921875
Memory cached:  874.0
	 epoch  90 training error:  tensor(0.2852, device='cuda:0', grad_fn=<DivBackward0>)
Memory status after this epoch: 
Memory allocated:  675.294921875
Memory cached:  874.0
[I 2024-01-13 15:06:12,806] Trial 131 finished with value: 0.29497987031936646 and parameters: {'W_layers': 8, 'W_layer_units_exponent_0': 10, 'W_layer_units_exponent_1': 10, 'W_layer_units_exponent_2': 7, 'W_layer_units_exponent_3': 6, 'W_layer_units_exponent_4': 6, 'W_layer_units_exponent_5': 10, 'W_layer_units_exponent_6': 5, 'W_layer_units_exponent_7': 7, 'D_layers': 3, 'D_layer_units_exponent_0': 8, 'D_layer_units_exponent_1': 4, 'D_layer_units_exponent_2': 8, 'D_dagger_layers': 8, 'D_dagger_layer_units_exponent_0': 10, 'D_dagger_layer_units_exponent_1': 7, 'D_dagger_layer_units_exponent_2': 5, 'D_dagger_layer_units_exponent_3': 4, 'D_dagger_layer_units_exponent_4': 4, 'D_dagger_layer_units_exponent_5': 9, 'D_dagger_layer_units_exponent_6': 10, 'D_dagger_layer_units_exponent_7': 5, 'log_learning_rate': -4.656587607079163, 'log_learning_rate_D': -3.248579647092747, 'log_learning_rate_D_dagger': -3.0580901717823363, 'training_batch_size': 11, 'training_p': 2}. Best is trial 127 with value: 0.28608080744743347.
Time for this trial:  25.749279499053955
Memory status after this trial: 
Memory allocated:  1341.10400390625
Memory cached:  1396.0
--------------------  Trial  132   --------------------
Start timing: 
Parameters: 
{'W_layers': 8, 'W_layer_units_exponent_0': 10, 'W_layer_units_exponent_1': 10, 'W_layer_units_exponent_2': 7, 'W_layer_units_exponent_3': 6, 'W_layer_units_exponent_4': 4, 'W_layer_units_exponent_5': 9, 'W_layer_units_exponent_6': 5, 'W_layer_units_exponent_7': 7, 'D_layers': 3, 'D_layer_units_exponent_0': 7, 'D_layer_units_exponent_1': 8, 'D_layer_units_exponent_2': 8, 'D_dagger_layers': 8, 'D_dagger_layer_units_exponent_0': 10, 'D_dagger_layer_units_exponent_1': 9, 'D_dagger_layer_units_exponent_2': 5, 'D_dagger_layer_units_exponent_3': 5, 'D_dagger_layer_units_exponent_4': 4, 'D_dagger_layer_units_exponent_5': 10, 'D_dagger_layer_units_exponent_6': 10, 'D_dagger_layer_units_exponent_7': 6, 'log_learning_rate': -4.725270791994276, 'log_learning_rate_D': -3.2660829075083977, 'log_learning_rate_D_dagger': -3.3408301183886615, 'training_batch_size': 11, 'training_p': 2}
	 epoch  0 training error:  tensor(1.0003, device='cuda:0', grad_fn=<DivBackward0>)
Memory status after this epoch: 
Memory allocated:  689.53125
Memory cached:  890.0
	 epoch  10 training error:  tensor(0.3132, device='cuda:0', grad_fn=<DivBackward0>)
Memory status after this epoch: 
Memory allocated:  689.53125
Memory cached:  890.0
	 epoch  20 training error:  tensor(0.3274, device='cuda:0', grad_fn=<DivBackward0>)
Memory status after this epoch: 
Memory allocated:  689.53125
Memory cached:  890.0
	 epoch  30 training error:  tensor(0.3252, device='cuda:0', grad_fn=<DivBackward0>)
Memory status after this epoch: 
Memory allocated:  689.53125
Memory cached:  890.0
	 epoch  40 training error:  tensor(0.2924, device='cuda:0', grad_fn=<DivBackward0>)
Memory status after this epoch: 
Memory allocated:  689.53125
Memory cached:  890.0
	 epoch  50 training error:  tensor(0.2868, device='cuda:0', grad_fn=<DivBackward0>)
Memory status after this epoch: 
Memory allocated:  689.53125
Memory cached:  890.0
	 epoch  60 training error:  tensor(0.2981, device='cuda:0', grad_fn=<DivBackward0>)
Memory status after this epoch: 
Memory allocated:  689.53125
Memory cached:  890.0
	 epoch  70 training error:  tensor(0.2924, device='cuda:0', grad_fn=<DivBackward0>)
Memory status after this epoch: 
Memory allocated:  689.53125
Memory cached:  890.0
	 epoch  80 training error:  tensor(0.2869, device='cuda:0', grad_fn=<DivBackward0>)
Memory status after this epoch: 
Memory allocated:  689.53125
Memory cached:  890.0
	 epoch  90 training error:  tensor(0.2842, device='cuda:0', grad_fn=<DivBackward0>)
Memory status after this epoch: 
Memory allocated:  689.53125
Memory cached:  890.0
[I 2024-01-13 15:06:42,098] Trial 132 finished with value: 0.2958123981952667 and parameters: {'W_layers': 8, 'W_layer_units_exponent_0': 10, 'W_layer_units_exponent_1': 10, 'W_layer_units_exponent_2': 7, 'W_layer_units_exponent_3': 6, 'W_layer_units_exponent_4': 4, 'W_layer_units_exponent_5': 9, 'W_layer_units_exponent_6': 5, 'W_layer_units_exponent_7': 7, 'D_layers': 3, 'D_layer_units_exponent_0': 7, 'D_layer_units_exponent_1': 8, 'D_layer_units_exponent_2': 8, 'D_dagger_layers': 8, 'D_dagger_layer_units_exponent_0': 10, 'D_dagger_layer_units_exponent_1': 9, 'D_dagger_layer_units_exponent_2': 5, 'D_dagger_layer_units_exponent_3': 5, 'D_dagger_layer_units_exponent_4': 4, 'D_dagger_layer_units_exponent_5': 10, 'D_dagger_layer_units_exponent_6': 10, 'D_dagger_layer_units_exponent_7': 6, 'log_learning_rate': -4.725270791994276, 'log_learning_rate_D': -3.2660829075083977, 'log_learning_rate_D_dagger': -3.3408301183886615, 'training_batch_size': 11, 'training_p': 2}. Best is trial 127 with value: 0.28608080744743347.
Time for this trial:  28.859027862548828
Memory status after this trial: 
Memory allocated:  1388.83544921875
Memory cached:  1430.0
--------------------  Trial  133   --------------------
Start timing: 
Parameters: 
{'W_layers': 8, 'W_layer_units_exponent_0': 10, 'W_layer_units_exponent_1': 10, 'W_layer_units_exponent_2': 7, 'W_layer_units_exponent_3': 7, 'W_layer_units_exponent_4': 7, 'W_layer_units_exponent_5': 7, 'W_layer_units_exponent_6': 5, 'W_layer_units_exponent_7': 6, 'D_layers': 3, 'D_layer_units_exponent_0': 8, 'D_layer_units_exponent_1': 4, 'D_layer_units_exponent_2': 7, 'D_dagger_layers': 8, 'D_dagger_layer_units_exponent_0': 10, 'D_dagger_layer_units_exponent_1': 8, 'D_dagger_layer_units_exponent_2': 5, 'D_dagger_layer_units_exponent_3': 5, 'D_dagger_layer_units_exponent_4': 4, 'D_dagger_layer_units_exponent_5': 8, 'D_dagger_layer_units_exponent_6': 10, 'D_dagger_layer_units_exponent_7': 7, 'log_learning_rate': -4.53365597393836, 'log_learning_rate_D': -3.0498003682963364, 'log_learning_rate_D_dagger': -2.972507033025477, 'training_batch_size': 11, 'training_p': 2}
	 epoch  0 training error:  tensor(1.0190, device='cuda:0', grad_fn=<DivBackward0>)
Memory status after this epoch: 
Memory allocated:  673.0322265625
Memory cached:  874.0
	 epoch  10 training error:  tensor(0.4251, device='cuda:0', grad_fn=<DivBackward0>)
Memory status after this epoch: 
Memory allocated:  673.0322265625
Memory cached:  874.0
	 epoch  20 training error:  tensor(0.3909, device='cuda:0', grad_fn=<DivBackward0>)
Memory status after this epoch: 
Memory allocated:  673.0322265625
Memory cached:  874.0
	 epoch  30 training error:  tensor(0.3206, device='cuda:0', grad_fn=<DivBackward0>)
Memory status after this epoch: 
Memory allocated:  673.0322265625
Memory cached:  874.0
	 epoch  40 training error:  tensor(0.2942, device='cuda:0', grad_fn=<DivBackward0>)
Memory status after this epoch: 
Memory allocated:  673.0322265625
Memory cached:  874.0
	 epoch  50 training error:  tensor(0.2855, device='cuda:0', grad_fn=<DivBackward0>)
Memory status after this epoch: 
Memory allocated:  673.0322265625
Memory cached:  874.0
	 epoch  60 training error:  tensor(0.2885, device='cuda:0', grad_fn=<DivBackward0>)
Memory status after this epoch: 
Memory allocated:  673.0322265625
Memory cached:  874.0
	 epoch  70 training error:  tensor(0.2864, device='cuda:0', grad_fn=<DivBackward0>)
Memory status after this epoch: 
Memory allocated:  673.0322265625
Memory cached:  874.0
	 epoch  80 training error:  tensor(0.2846, device='cuda:0', grad_fn=<DivBackward0>)
Memory status after this epoch: 
Memory allocated:  673.0322265625
Memory cached:  874.0
	 epoch  90 training error:  tensor(0.2855, device='cuda:0', grad_fn=<DivBackward0>)
Memory status after this epoch: 
Memory allocated:  673.0322265625
Memory cached:  874.0
[I 2024-01-13 15:07:07,017] Trial 133 finished with value: 0.2893039882183075 and parameters: {'W_layers': 8, 'W_layer_units_exponent_0': 10, 'W_layer_units_exponent_1': 10, 'W_layer_units_exponent_2': 7, 'W_layer_units_exponent_3': 7, 'W_layer_units_exponent_4': 7, 'W_layer_units_exponent_5': 7, 'W_layer_units_exponent_6': 5, 'W_layer_units_exponent_7': 6, 'D_layers': 3, 'D_layer_units_exponent_0': 8, 'D_layer_units_exponent_1': 4, 'D_layer_units_exponent_2': 7, 'D_dagger_layers': 8, 'D_dagger_layer_units_exponent_0': 10, 'D_dagger_layer_units_exponent_1': 8, 'D_dagger_layer_units_exponent_2': 5, 'D_dagger_layer_units_exponent_3': 5, 'D_dagger_layer_units_exponent_4': 4, 'D_dagger_layer_units_exponent_5': 8, 'D_dagger_layer_units_exponent_6': 10, 'D_dagger_layer_units_exponent_7': 7, 'log_learning_rate': -4.53365597393836, 'log_learning_rate_D': -3.0498003682963364, 'log_learning_rate_D_dagger': -2.972507033025477, 'training_batch_size': 11, 'training_p': 2}. Best is trial 127 with value: 0.28608080744743347.
Time for this trial:  24.481374502182007
Memory status after this trial: 
Memory allocated:  1246.24072265625
Memory cached:  1278.0
--------------------  Trial  134   --------------------
Start timing: 
Parameters: 
{'W_layers': 8, 'W_layer_units_exponent_0': 9, 'W_layer_units_exponent_1': 10, 'W_layer_units_exponent_2': 7, 'W_layer_units_exponent_3': 6, 'W_layer_units_exponent_4': 4, 'W_layer_units_exponent_5': 6, 'W_layer_units_exponent_6': 6, 'W_layer_units_exponent_7': 7, 'D_layers': 3, 'D_layer_units_exponent_0': 7, 'D_layer_units_exponent_1': 6, 'D_layer_units_exponent_2': 8, 'D_dagger_layers': 8, 'D_dagger_layer_units_exponent_0': 10, 'D_dagger_layer_units_exponent_1': 7, 'D_dagger_layer_units_exponent_2': 4, 'D_dagger_layer_units_exponent_3': 6, 'D_dagger_layer_units_exponent_4': 4, 'D_dagger_layer_units_exponent_5': 9, 'D_dagger_layer_units_exponent_6': 10, 'D_dagger_layer_units_exponent_7': 5, 'log_learning_rate': -4.807942918640159, 'log_learning_rate_D': -3.741814646239278, 'log_learning_rate_D_dagger': -3.2875392181336838, 'training_batch_size': 11, 'training_p': 2}
	 epoch  0 training error:  tensor(1.0036, device='cuda:0', grad_fn=<DivBackward0>)
Memory status after this epoch: 
Memory allocated:  665.01904296875
Memory cached:  876.0
	 epoch  10 training error:  tensor(0.3940, device='cuda:0', grad_fn=<DivBackward0>)
Memory status after this epoch: 
Memory allocated:  665.01904296875
Memory cached:  876.0
	 epoch  20 training error:  tensor(0.2954, device='cuda:0', grad_fn=<DivBackward0>)
Memory status after this epoch: 
Memory allocated:  665.01904296875
Memory cached:  876.0
	 epoch  30 training error:  tensor(0.3088, device='cuda:0', grad_fn=<DivBackward0>)
Memory status after this epoch: 
Memory allocated:  665.01904296875
Memory cached:  876.0
	 epoch  40 training error:  tensor(0.2955, device='cuda:0', grad_fn=<DivBackward0>)
Memory status after this epoch: 
Memory allocated:  665.01904296875
Memory cached:  876.0
	 epoch  50 training error:  tensor(0.2877, device='cuda:0', grad_fn=<DivBackward0>)
Memory status after this epoch: 
Memory allocated:  665.01904296875
Memory cached:  876.0
	 epoch  60 training error:  tensor(0.2870, device='cuda:0', grad_fn=<DivBackward0>)
Memory status after this epoch: 
Memory allocated:  665.01904296875
Memory cached:  876.0
	 epoch  70 training error:  tensor(0.2832, device='cuda:0', grad_fn=<DivBackward0>)
Memory status after this epoch: 
Memory allocated:  665.01904296875
Memory cached:  876.0
	 epoch  80 training error:  tensor(0.2835, device='cuda:0', grad_fn=<DivBackward0>)
Memory status after this epoch: 
Memory allocated:  665.01904296875
Memory cached:  876.0
	 epoch  90 training error:  tensor(0.2842, device='cuda:0', grad_fn=<DivBackward0>)
Memory status after this epoch: 
Memory allocated:  665.01904296875
Memory cached:  876.0
