[I 2023-12-03 02:02:21,879] Trial 0 finished with value: 0.6508855223655701 and parameters: {'W_layers': 7, 'W_layer_units_exponent_0': 6, 'W_layer_units_exponent_1': 5, 'W_layer_units_exponent_2': 8, 'W_layer_units_exponent_3': 7, 'W_layer_units_exponent_4': 4, 'W_layer_units_exponent_5': 4, 'W_layer_units_exponent_6': 10, 'D_layers': 2, 'D_layer_units_exponent_0': 10, 'D_layer_units_exponent_1': 5, 'D_dagger_layers': 3, 'D_dagger_layer_units_exponent_0': 8, 'D_dagger_layer_units_exponent_1': 6, 'D_dagger_layer_units_exponent_2': 10, 'log_learning_rate': -4.721797990256418, 'log_learning_rate_D': -4.343420888937276, 'log_learning_rate_D_dagger': -4.984662305318376, 'training_batch_size': 7, 'training_p': 7}. Best is trial 0 with value: 0.6508855223655701.
res:  tensor(0.6509, device='cuda:0', grad_fn=<DivBackward0>)
self.bestValue:  10000000.0
Save this model!
Time for this trial:  176.06782579421997
Memory status after this trial: 
Memory allocated:  195.94189453125
Memory cached:  198.0
--------------------  Trial  1   --------------------
Start timing: 
Parameters: 
{'W_layers': 7, 'W_layer_units_exponent_0': 4, 'W_layer_units_exponent_1': 5, 'W_layer_units_exponent_2': 9, 'W_layer_units_exponent_3': 9, 'W_layer_units_exponent_4': 10, 'W_layer_units_exponent_5': 10, 'W_layer_units_exponent_6': 7, 'D_layers': 2, 'D_layer_units_exponent_0': 9, 'D_layer_units_exponent_1': 8, 'D_dagger_layers': 7, 'D_dagger_layer_units_exponent_0': 4, 'D_dagger_layer_units_exponent_1': 7, 'D_dagger_layer_units_exponent_2': 10, 'D_dagger_layer_units_exponent_3': 8, 'D_dagger_layer_units_exponent_4': 10, 'D_dagger_layer_units_exponent_5': 10, 'D_dagger_layer_units_exponent_6': 4, 'log_learning_rate': -4.069365373076946, 'log_learning_rate_D': -3.2648152959878063, 'log_learning_rate_D_dagger': -4.032022764542802, 'training_batch_size': 7, 'training_p': 3}
	 epoch  0 training error:  tensor(1.0007, device='cuda:0', grad_fn=<DivBackward0>)
Memory status after this epoch: 
Memory allocated:  254.66162109375
Memory cached:  294.0
	 epoch  10 training error:  tensor(0.2791, device='cuda:0', grad_fn=<DivBackward0>)
Memory status after this epoch: 
Memory allocated:  254.66162109375
Memory cached:  388.0
	 epoch  20 training error:  tensor(0.1766, device='cuda:0', grad_fn=<DivBackward0>)
Memory status after this epoch: 
Memory allocated:  254.66162109375
Memory cached:  378.0
	 epoch  30 training error:  tensor(0.1192, device='cuda:0', grad_fn=<DivBackward0>)
Memory status after this epoch: 
Memory allocated:  254.66162109375
Memory cached:  390.0
	 epoch  40 training error:  tensor(0.1205, device='cuda:0', grad_fn=<DivBackward0>)
Memory status after this epoch: 
Memory allocated:  254.66162109375
Memory cached:  382.0
	 epoch  50 training error:  tensor(0.1124, device='cuda:0', grad_fn=<DivBackward0>)
Memory status after this epoch: 
Memory allocated:  254.66162109375
Memory cached:  386.0
	 epoch  60 training error:  tensor(0.1098, device='cuda:0', grad_fn=<DivBackward0>)
Memory status after this epoch: 
Memory allocated:  254.66162109375
Memory cached:  378.0
	 epoch  70 training error:  tensor(0.1091, device='cuda:0', grad_fn=<DivBackward0>)
Memory status after this epoch: 
Memory allocated:  254.66162109375
Memory cached:  378.0
	 epoch  80 training error:  tensor(0.1088, device='cuda:0', grad_fn=<DivBackward0>)
Memory status after this epoch: 
Memory allocated:  254.66162109375
Memory cached:  390.0
	 epoch  90 training error:  tensor(0.1086, device='cuda:0', grad_fn=<DivBackward0>)
Memory status after this epoch: 
Memory allocated:  254.66162109375
Memory cached:  378.0
[I 2023-12-03 02:06:23,156] Trial 1 finished with value: 0.09279252588748932 and parameters: {'W_layers': 7, 'W_layer_units_exponent_0': 4, 'W_layer_units_exponent_1': 5, 'W_layer_units_exponent_2': 9, 'W_layer_units_exponent_3': 9, 'W_layer_units_exponent_4': 10, 'W_layer_units_exponent_5': 10, 'W_layer_units_exponent_6': 7, 'D_layers': 2, 'D_layer_units_exponent_0': 9, 'D_layer_units_exponent_1': 8, 'D_dagger_layers': 7, 'D_dagger_layer_units_exponent_0': 4, 'D_dagger_layer_units_exponent_1': 7, 'D_dagger_layer_units_exponent_2': 10, 'D_dagger_layer_units_exponent_3': 8, 'D_dagger_layer_units_exponent_4': 10, 'D_dagger_layer_units_exponent_5': 10, 'D_dagger_layer_units_exponent_6': 4, 'log_learning_rate': -4.069365373076946, 'log_learning_rate_D': -3.2648152959878063, 'log_learning_rate_D_dagger': -4.032022764542802, 'training_batch_size': 7, 'training_p': 3}. Best is trial 1 with value: 0.09279252588748932.
res:  tensor(0.0928, device='cuda:0', grad_fn=<DivBackward0>)
self.bestValue:  tensor(0.6509, device='cuda:0', grad_fn=<DivBackward0>)
Save this model!
Time for this trial:  241.1707730293274
Memory status after this trial: 
Memory allocated:  427.55322265625
Memory cached:  644.0
--------------------  Trial  2   --------------------
Start timing: 
Parameters: 
{'W_layers': 7, 'W_layer_units_exponent_0': 9, 'W_layer_units_exponent_1': 9, 'W_layer_units_exponent_2': 8, 'W_layer_units_exponent_3': 8, 'W_layer_units_exponent_4': 7, 'W_layer_units_exponent_5': 7, 'W_layer_units_exponent_6': 9, 'D_layers': 2, 'D_layer_units_exponent_0': 6, 'D_layer_units_exponent_1': 8, 'D_dagger_layers': 4, 'D_dagger_layer_units_exponent_0': 4, 'D_dagger_layer_units_exponent_1': 6, 'D_dagger_layer_units_exponent_2': 9, 'D_dagger_layer_units_exponent_3': 5, 'log_learning_rate': -2.391654683991277, 'log_learning_rate_D': -1.2087255151233909, 'log_learning_rate_D_dagger': -1.6455019838644684, 'training_batch_size': 10, 'training_p': 4}
	 epoch  0 training error:  tensor(1.0037, device='cuda:0', grad_fn=<DivBackward0>)
Memory status after this epoch: 
Memory allocated:  437.43115234375
Memory cached:  650.0
	 epoch  10 training error:  tensor(0.1697, device='cuda:0', grad_fn=<DivBackward0>)
Memory status after this epoch: 
Memory allocated:  437.43115234375
Memory cached:  680.0
	 epoch  20 training error:  tensor(0.2302, device='cuda:0', grad_fn=<DivBackward0>)
Memory status after this epoch: 
Memory allocated:  437.43115234375
Memory cached:  676.0
	 epoch  30 training error:  tensor(0.1638, device='cuda:0', grad_fn=<DivBackward0>)
Memory status after this epoch: 
Memory allocated:  437.43115234375
Memory cached:  678.0
	 epoch  40 training error:  tensor(0.1639, device='cuda:0', grad_fn=<DivBackward0>)
Memory status after this epoch: 
Memory allocated:  437.43115234375
Memory cached:  682.0
	 epoch  50 training error:  tensor(0.1753, device='cuda:0', grad_fn=<DivBackward0>)
Memory status after this epoch: 
Memory allocated:  437.43115234375
Memory cached:  674.0
	 epoch  60 training error:  tensor(0.2175, device='cuda:0', grad_fn=<DivBackward0>)
Memory status after this epoch: 
Memory allocated:  437.43115234375
Memory cached:  680.0
	 epoch  70 training error:  tensor(0.1669, device='cuda:0', grad_fn=<DivBackward0>)
Memory status after this epoch: 
Memory allocated:  437.43115234375
Memory cached:  678.0
	 epoch  80 training error:  tensor(0.1696, device='cuda:0', grad_fn=<DivBackward0>)
Memory status after this epoch: 
Memory allocated:  437.43115234375
Memory cached:  682.0
	 epoch  90 training error:  tensor(0.1650, device='cuda:0', grad_fn=<DivBackward0>)
Memory status after this epoch: 
Memory allocated:  437.43115234375
Memory cached:  678.0
[I 2023-12-03 02:09:26,394] Trial 2 finished with value: 0.11756332963705063 and parameters: {'W_layers': 7, 'W_layer_units_exponent_0': 9, 'W_layer_units_exponent_1': 9, 'W_layer_units_exponent_2': 8, 'W_layer_units_exponent_3': 8, 'W_layer_units_exponent_4': 7, 'W_layer_units_exponent_5': 7, 'W_layer_units_exponent_6': 9, 'D_layers': 2, 'D_layer_units_exponent_0': 6, 'D_layer_units_exponent_1': 8, 'D_dagger_layers': 4, 'D_dagger_layer_units_exponent_0': 4, 'D_dagger_layer_units_exponent_1': 6, 'D_dagger_layer_units_exponent_2': 9, 'D_dagger_layer_units_exponent_3': 5, 'log_learning_rate': -2.391654683991277, 'log_learning_rate_D': -1.2087255151233909, 'log_learning_rate_D_dagger': -1.6455019838644684, 'training_batch_size': 10, 'training_p': 4}. Best is trial 1 with value: 0.09279252588748932.
Time for this trial:  183.12885570526123
Memory status after this trial: 
Memory allocated:  600.1787109375
Memory cached:  664.0
--------------------  Trial  3   --------------------
Start timing: 
Parameters: 
{'W_layers': 6, 'W_layer_units_exponent_0': 10, 'W_layer_units_exponent_1': 7, 'W_layer_units_exponent_2': 6, 'W_layer_units_exponent_3': 10, 'W_layer_units_exponent_4': 7, 'W_layer_units_exponent_5': 10, 'D_layers': 3, 'D_layer_units_exponent_0': 9, 'D_layer_units_exponent_1': 6, 'D_layer_units_exponent_2': 10, 'D_dagger_layers': 2, 'D_dagger_layer_units_exponent_0': 9, 'D_dagger_layer_units_exponent_1': 4, 'log_learning_rate': -2.4649688032998807, 'log_learning_rate_D': -2.7280238820860454, 'log_learning_rate_D_dagger': -2.6530341164932487, 'training_batch_size': 12, 'training_p': 4}
	 epoch  0 training error:  tensor(0.9983, device='cuda:0', grad_fn=<DivBackward0>)
Memory status after this epoch: 
Memory allocated:  436.51123046875
Memory cached:  666.0
	 epoch  10 training error:  tensor(0.1621, device='cuda:0', grad_fn=<DivBackward0>)
Memory status after this epoch: 
Memory allocated:  436.51123046875
Memory cached:  676.0
	 epoch  20 training error:  tensor(0.2258, device='cuda:0', grad_fn=<DivBackward0>)
Memory status after this epoch: 
Memory allocated:  436.51123046875
Memory cached:  678.0
	 epoch  30 training error:  tensor(0.1334, device='cuda:0', grad_fn=<DivBackward0>)
Memory status after this epoch: 
Memory allocated:  436.51123046875
Memory cached:  680.0
	 epoch  40 training error:  tensor(0.1340, device='cuda:0', grad_fn=<DivBackward0>)
Memory status after this epoch: 
Memory allocated:  436.51123046875
Memory cached:  676.0
	 epoch  50 training error:  tensor(0.1214, device='cuda:0', grad_fn=<DivBackward0>)
Memory status after this epoch: 
Memory allocated:  436.51123046875
Memory cached:  678.0
	 epoch  60 training error:  tensor(0.1164, device='cuda:0', grad_fn=<DivBackward0>)
Memory status after this epoch: 
Memory allocated:  436.51123046875
Memory cached:  676.0
	 epoch  70 training error:  tensor(0.0947, device='cuda:0', grad_fn=<DivBackward0>)
Memory status after this epoch: 
Memory allocated:  436.51123046875
Memory cached:  676.0
	 epoch  80 training error:  tensor(0.0455, device='cuda:0', grad_fn=<DivBackward0>)
Memory status after this epoch: 
Memory allocated:  436.51123046875
Memory cached:  678.0
	 epoch  90 training error:  tensor(0.0344, device='cuda:0', grad_fn=<DivBackward0>)
Memory status after this epoch: 
Memory allocated:  436.51123046875
Memory cached:  672.0
[I 2023-12-03 02:12:33,541] Trial 3 finished with value: 0.06629503518342972 and parameters: {'W_layers': 6, 'W_layer_units_exponent_0': 10, 'W_layer_units_exponent_1': 7, 'W_layer_units_exponent_2': 6, 'W_layer_units_exponent_3': 10, 'W_layer_units_exponent_4': 7, 'W_layer_units_exponent_5': 10, 'D_layers': 3, 'D_layer_units_exponent_0': 9, 'D_layer_units_exponent_1': 6, 'D_layer_units_exponent_2': 10, 'D_dagger_layers': 2, 'D_dagger_layer_units_exponent_0': 9, 'D_dagger_layer_units_exponent_1': 4, 'log_learning_rate': -2.4649688032998807, 'log_learning_rate_D': -2.7280238820860454, 'log_learning_rate_D_dagger': -2.6530341164932487, 'training_batch_size': 12, 'training_p': 4}. Best is trial 3 with value: 0.06629503518342972.
res:  tensor(0.0663, device='cuda:0', grad_fn=<DivBackward0>)
self.bestValue:  tensor(0.0928, device='cuda:0', grad_fn=<DivBackward0>)
Save this model!
Time for this trial:  186.97985553741455
Memory status after this trial: 
Memory allocated:  283.29248046875
Memory cached:  514.0
--------------------  Trial  4   --------------------
Start timing: 
Parameters: 
{'W_layers': 8, 'W_layer_units_exponent_0': 7, 'W_layer_units_exponent_1': 7, 'W_layer_units_exponent_2': 8, 'W_layer_units_exponent_3': 10, 'W_layer_units_exponent_4': 4, 'W_layer_units_exponent_5': 10, 'W_layer_units_exponent_6': 10, 'W_layer_units_exponent_7': 5, 'D_layers': 2, 'D_layer_units_exponent_0': 5, 'D_layer_units_exponent_1': 5, 'D_dagger_layers': 3, 'D_dagger_layer_units_exponent_0': 10, 'D_dagger_layer_units_exponent_1': 4, 'D_dagger_layer_units_exponent_2': 4, 'log_learning_rate': -1.8299700740246516, 'log_learning_rate_D': -3.2868909033200957, 'log_learning_rate_D_dagger': -1.007873087406273, 'training_batch_size': 7, 'training_p': 7}
	 epoch  0 training error:  tensor(1.0166, device='cuda:0', grad_fn=<DivBackward0>)
Memory status after this epoch: 
Memory allocated:  305.48291015625
Memory cached:  500.0
	 epoch  10 training error:  tensor(28.6075, device='cuda:0', grad_fn=<DivBackward0>)
Memory status after this epoch: 
Memory allocated:  305.48291015625
Memory cached:  534.0
	 epoch  20 training error:  tensor(12.2296, device='cuda:0', grad_fn=<DivBackward0>)
Memory status after this epoch: 
Memory allocated:  305.48291015625
Memory cached:  536.0
	 epoch  30 training error:  tensor(1.3278, device='cuda:0', grad_fn=<DivBackward0>)
Memory status after this epoch: 
Memory allocated:  305.48291015625
Memory cached:  530.0
	 epoch  40 training error:  tensor(1.8612, device='cuda:0', grad_fn=<DivBackward0>)
Memory status after this epoch: 
Memory allocated:  305.48291015625
Memory cached:  538.0
	 epoch  50 training error:  tensor(5.9639, device='cuda:0', grad_fn=<DivBackward0>)
Memory status after this epoch: 
Memory allocated:  305.48291015625
Memory cached:  530.0
	 epoch  60 training error:  tensor(7.6972, device='cuda:0', grad_fn=<DivBackward0>)
Memory status after this epoch: 
Memory allocated:  305.48291015625
Memory cached:  528.0
	 epoch  70 training error:  tensor(2.7594, device='cuda:0', grad_fn=<DivBackward0>)
Memory status after this epoch: 
Memory allocated:  305.48291015625
Memory cached:  532.0
	 epoch  80 training error:  tensor(0.9793, device='cuda:0', grad_fn=<DivBackward0>)
Memory status after this epoch: 
Memory allocated:  305.48291015625
Memory cached:  532.0
	 epoch  90 training error:  tensor(0.1784, device='cuda:0', grad_fn=<DivBackward0>)
Memory status after this epoch: 
Memory allocated:  305.48291015625
Memory cached:  534.0
[I 2023-12-03 02:15:48,000] Trial 4 finished with value: 0.25331059098243713 and parameters: {'W_layers': 8, 'W_layer_units_exponent_0': 7, 'W_layer_units_exponent_1': 7, 'W_layer_units_exponent_2': 8, 'W_layer_units_exponent_3': 10, 'W_layer_units_exponent_4': 4, 'W_layer_units_exponent_5': 10, 'W_layer_units_exponent_6': 10, 'W_layer_units_exponent_7': 5, 'D_layers': 2, 'D_layer_units_exponent_0': 5, 'D_layer_units_exponent_1': 5, 'D_dagger_layers': 3, 'D_dagger_layer_units_exponent_0': 10, 'D_dagger_layer_units_exponent_1': 4, 'D_dagger_layer_units_exponent_2': 4, 'log_learning_rate': -1.8299700740246516, 'log_learning_rate_D': -3.2868909033200957, 'log_learning_rate_D_dagger': -1.007873087406273, 'training_batch_size': 7, 'training_p': 7}. Best is trial 3 with value: 0.06629503518342972.
Time for this trial:  194.34410977363586
Memory status after this trial: 
Memory allocated:  548.32666015625
Memory cached:  564.0
--------------------  Trial  5   --------------------
Start timing: 
Parameters: 
{'W_layers': 4, 'W_layer_units_exponent_0': 4, 'W_layer_units_exponent_1': 5, 'W_layer_units_exponent_2': 8, 'W_layer_units_exponent_3': 6, 'D_layers': 6, 'D_layer_units_exponent_0': 10, 'D_layer_units_exponent_1': 10, 'D_layer_units_exponent_2': 5, 'D_layer_units_exponent_3': 8, 'D_layer_units_exponent_4': 5, 'D_layer_units_exponent_5': 6, 'D_dagger_layers': 5, 'D_dagger_layer_units_exponent_0': 5, 'D_dagger_layer_units_exponent_1': 10, 'D_dagger_layer_units_exponent_2': 9, 'D_dagger_layer_units_exponent_3': 7, 'D_dagger_layer_units_exponent_4': 7, 'log_learning_rate': -3.442982641639247, 'log_learning_rate_D': -1.7697921655866518, 'log_learning_rate_D_dagger': -3.3399020573905576, 'training_batch_size': 7, 'training_p': 8}
	 epoch  0 training error:  tensor(0.9980, device='cuda:0', grad_fn=<DivBackward0>)
Memory status after this epoch: 
Memory allocated:  310.35986328125
Memory cached:  522.0
	 epoch  10 training error:  tensor(0.3193, device='cuda:0', grad_fn=<DivBackward0>)
Memory status after this epoch: 
Memory allocated:  310.35986328125
Memory cached:  564.0
	 epoch  20 training error:  tensor(0.3361, device='cuda:0', grad_fn=<DivBackward0>)
Memory status after this epoch: 
Memory allocated:  310.35986328125
Memory cached:  568.0
	 epoch  30 training error:  tensor(0.2150, device='cuda:0', grad_fn=<DivBackward0>)
Memory status after this epoch: 
Memory allocated:  310.35986328125
Memory cached:  558.0
	 epoch  40 training error:  tensor(0.1977, device='cuda:0', grad_fn=<DivBackward0>)
Memory status after this epoch: 
Memory allocated:  310.35986328125
Memory cached:  564.0
	 epoch  50 training error:  tensor(0.1890, device='cuda:0', grad_fn=<DivBackward0>)
Memory status after this epoch: 
Memory allocated:  310.35986328125
Memory cached:  556.0
	 epoch  60 training error:  tensor(0.1816, device='cuda:0', grad_fn=<DivBackward0>)
Memory status after this epoch: 
Memory allocated:  310.35986328125
Memory cached:  556.0
	 epoch  70 training error:  tensor(0.2036, device='cuda:0', grad_fn=<DivBackward0>)
Memory status after this epoch: 
Memory allocated:  310.35986328125
Memory cached:  566.0
	 epoch  80 training error:  tensor(0.1580, device='cuda:0', grad_fn=<DivBackward0>)
Memory status after this epoch: 
Memory allocated:  310.35986328125
Memory cached:  566.0
	 epoch  90 training error:  tensor(0.1493, device='cuda:0', grad_fn=<DivBackward0>)
Memory status after this epoch: 
Memory allocated:  310.35986328125
Memory cached:  560.0
[I 2023-12-03 02:19:15,964] Trial 5 finished with value: 0.11610748618841171 and parameters: {'W_layers': 4, 'W_layer_units_exponent_0': 4, 'W_layer_units_exponent_1': 5, 'W_layer_units_exponent_2': 8, 'W_layer_units_exponent_3': 6, 'D_layers': 6, 'D_layer_units_exponent_0': 10, 'D_layer_units_exponent_1': 10, 'D_layer_units_exponent_2': 5, 'D_layer_units_exponent_3': 8, 'D_layer_units_exponent_4': 5, 'D_layer_units_exponent_5': 6, 'D_dagger_layers': 5, 'D_dagger_layer_units_exponent_0': 5, 'D_dagger_layer_units_exponent_1': 10, 'D_dagger_layer_units_exponent_2': 9, 'D_dagger_layer_units_exponent_3': 7, 'D_dagger_layer_units_exponent_4': 7, 'log_learning_rate': -3.442982641639247, 'log_learning_rate_D': -1.7697921655866518, 'log_learning_rate_D_dagger': -3.3399020573905576, 'training_batch_size': 7, 'training_p': 8}. Best is trial 3 with value: 0.06629503518342972.
Time for this trial:  207.79144096374512
Memory status after this trial: 
Memory allocated:  541.0068359375
Memory cached:  552.0
--------------------  Trial  6   --------------------
Start timing: 
Parameters: 
{'W_layers': 4, 'W_layer_units_exponent_0': 10, 'W_layer_units_exponent_1': 4, 'W_layer_units_exponent_2': 4, 'W_layer_units_exponent_3': 6, 'D_layers': 5, 'D_layer_units_exponent_0': 4, 'D_layer_units_exponent_1': 7, 'D_layer_units_exponent_2': 10, 'D_layer_units_exponent_3': 10, 'D_layer_units_exponent_4': 9, 'D_dagger_layers': 7, 'D_dagger_layer_units_exponent_0': 8, 'D_dagger_layer_units_exponent_1': 9, 'D_dagger_layer_units_exponent_2': 9, 'D_dagger_layer_units_exponent_3': 6, 'D_dagger_layer_units_exponent_4': 5, 'D_dagger_layer_units_exponent_5': 6, 'D_dagger_layer_units_exponent_6': 8, 'log_learning_rate': -2.782924227841989, 'log_learning_rate_D': -3.496218838466068, 'log_learning_rate_D_dagger': -1.66560433469053, 'training_batch_size': 11, 'training_p': 5}
	 epoch  0 training error:  tensor(1.0039, device='cuda:0', grad_fn=<DivBackward0>)
Memory status after this epoch: 
Memory allocated:  316.57470703125
Memory cached:  524.0
	 epoch  10 training error:  tensor(2.6062, device='cuda:0', grad_fn=<DivBackward0>)
Memory status after this epoch: 
Memory allocated:  316.57470703125
Memory cached:  574.0
	 epoch  20 training error:  tensor(2.4798, device='cuda:0', grad_fn=<DivBackward0>)
Memory status after this epoch: 
Memory allocated:  316.57470703125
Memory cached:  572.0
	 epoch  30 training error:  tensor(0.2371, device='cuda:0', grad_fn=<DivBackward0>)
Memory status after this epoch: 
Memory allocated:  316.57470703125
Memory cached:  568.0
	 epoch  40 training error:  tensor(0.2025, device='cuda:0', grad_fn=<DivBackward0>)
Memory status after this epoch: 
Memory allocated:  316.57470703125
Memory cached:  578.0
	 epoch  50 training error:  tensor(0.1796, device='cuda:0', grad_fn=<DivBackward0>)
Memory status after this epoch: 
Memory allocated:  316.57470703125
Memory cached:  580.0
	 epoch  60 training error:  tensor(0.1690, device='cuda:0', grad_fn=<DivBackward0>)
Memory status after this epoch: 
Memory allocated:  316.57470703125
Memory cached:  574.0
	 epoch  70 training error:  tensor(0.1414, device='cuda:0', grad_fn=<DivBackward0>)
Memory status after this epoch: 
Memory allocated:  316.57470703125
Memory cached:  580.0
	 epoch  80 training error:  tensor(0.1411, device='cuda:0', grad_fn=<DivBackward0>)
Memory status after this epoch: 
Memory allocated:  316.57470703125
Memory cached:  572.0
	 epoch  90 training error:  tensor(0.1453, device='cuda:0', grad_fn=<DivBackward0>)
Memory status after this epoch: 
Memory allocated:  316.57470703125
Memory cached:  566.0
