[I 2024-01-11 12:14:07,098] Trial 103 finished with value: 0.21722877025604248 and parameters: {'W_layers': 2, 'W_layer_units_exponent_0': 8, 'W_layer_units_exponent_1': 6, 'D_layers': 3, 'D_layer_units_exponent_0': 6, 'D_layer_units_exponent_1': 10, 'D_layer_units_exponent_2': 8, 'D_dagger_layers': 3, 'D_dagger_layer_units_exponent_0': 4, 'D_dagger_layer_units_exponent_1': 10, 'D_dagger_layer_units_exponent_2': 6, 'log_learning_rate': -2.5828018152583048, 'log_learning_rate_D': -2.3990001216825663, 'log_learning_rate_D_dagger': -3.155937595750576, 'training_batch_size': 8, 'training_p': 2}. Best is trial 76 with value: 0.2073042392730713.
Time for this trial:  18.876527070999146
Memory status after this trial: 
Memory allocated:  372.00634765625
Memory cached:  422.0
--------------------  Trial  104   --------------------
Start timing: 
Parameters: 
{'W_layers': 7, 'W_layer_units_exponent_0': 7, 'W_layer_units_exponent_1': 6, 'W_layer_units_exponent_2': 10, 'W_layer_units_exponent_3': 5, 'W_layer_units_exponent_4': 6, 'W_layer_units_exponent_5': 5, 'W_layer_units_exponent_6': 6, 'D_layers': 3, 'D_layer_units_exponent_0': 7, 'D_layer_units_exponent_1': 10, 'D_layer_units_exponent_2': 8, 'D_dagger_layers': 3, 'D_dagger_layer_units_exponent_0': 4, 'D_dagger_layer_units_exponent_1': 10, 'D_dagger_layer_units_exponent_2': 5, 'log_learning_rate': -1.9118894345610884, 'log_learning_rate_D': -2.52057967517929, 'log_learning_rate_D_dagger': -3.640895348249734, 'training_batch_size': 8, 'training_p': 2}
	 epoch  0 training error:  tensor(0.7892, device='cuda:0', grad_fn=<DivBackward0>)
Memory status after this epoch: 
Memory allocated:  222.2919921875
Memory cached:  340.0
	 epoch  10 training error:  tensor(0.3452, device='cuda:0', grad_fn=<DivBackward0>)
Memory status after this epoch: 
Memory allocated:  222.2919921875
Memory cached:  340.0
	 epoch  20 training error:  tensor(0.2653, device='cuda:0', grad_fn=<DivBackward0>)
Memory status after this epoch: 
Memory allocated:  222.2919921875
Memory cached:  340.0
	 epoch  30 training error:  tensor(0.2355, device='cuda:0', grad_fn=<DivBackward0>)
Memory status after this epoch: 
Memory allocated:  222.2919921875
Memory cached:  340.0
	 epoch  40 training error:  tensor(0.2264, device='cuda:0', grad_fn=<DivBackward0>)
Memory status after this epoch: 
Memory allocated:  222.2919921875
Memory cached:  340.0
	 epoch  50 training error:  tensor(0.2119, device='cuda:0', grad_fn=<DivBackward0>)
Memory status after this epoch: 
Memory allocated:  222.2919921875
Memory cached:  340.0
	 epoch  60 training error:  tensor(0.2028, device='cuda:0', grad_fn=<DivBackward0>)
Memory status after this epoch: 
Memory allocated:  222.2919921875
Memory cached:  340.0
	 epoch  70 training error:  tensor(0.1948, device='cuda:0', grad_fn=<DivBackward0>)
Memory status after this epoch: 
Memory allocated:  222.2919921875
Memory cached:  340.0
	 epoch  80 training error:  tensor(0.1901, device='cuda:0', grad_fn=<DivBackward0>)
Memory status after this epoch: 
Memory allocated:  222.2919921875
Memory cached:  340.0
	 epoch  90 training error:  tensor(0.1902, device='cuda:0', grad_fn=<DivBackward0>)
Memory status after this epoch: 
Memory allocated:  222.2919921875
Memory cached:  340.0
[I 2024-01-11 12:14:28,239] Trial 104 finished with value: 0.21002569794654846 and parameters: {'W_layers': 7, 'W_layer_units_exponent_0': 7, 'W_layer_units_exponent_1': 6, 'W_layer_units_exponent_2': 10, 'W_layer_units_exponent_3': 5, 'W_layer_units_exponent_4': 6, 'W_layer_units_exponent_5': 5, 'W_layer_units_exponent_6': 6, 'D_layers': 3, 'D_layer_units_exponent_0': 7, 'D_layer_units_exponent_1': 10, 'D_layer_units_exponent_2': 8, 'D_dagger_layers': 3, 'D_dagger_layer_units_exponent_0': 4, 'D_dagger_layer_units_exponent_1': 10, 'D_dagger_layer_units_exponent_2': 5, 'log_learning_rate': -1.9118894345610884, 'log_learning_rate_D': -2.52057967517929, 'log_learning_rate_D_dagger': -3.640895348249734, 'training_batch_size': 8, 'training_p': 2}. Best is trial 76 with value: 0.2073042392730713.
Time for this trial:  20.769498348236084
Memory status after this trial: 
Memory allocated:  488.03173828125
Memory cached:  560.0
--------------------  Trial  105   --------------------
Start timing: 
Parameters: 
{'W_layers': 7, 'W_layer_units_exponent_0': 8, 'W_layer_units_exponent_1': 6, 'W_layer_units_exponent_2': 10, 'W_layer_units_exponent_3': 6, 'W_layer_units_exponent_4': 4, 'W_layer_units_exponent_5': 4, 'W_layer_units_exponent_6': 5, 'D_layers': 4, 'D_layer_units_exponent_0': 6, 'D_layer_units_exponent_1': 10, 'D_layer_units_exponent_2': 8, 'D_layer_units_exponent_3': 7, 'D_dagger_layers': 3, 'D_dagger_layer_units_exponent_0': 5, 'D_dagger_layer_units_exponent_1': 10, 'D_dagger_layer_units_exponent_2': 4, 'log_learning_rate': -2.236520502562412, 'log_learning_rate_D': -2.6358904540326114, 'log_learning_rate_D_dagger': -3.295726213395946, 'training_batch_size': 8, 'training_p': 2}
	 epoch  0 training error:  tensor(0.9126, device='cuda:0', grad_fn=<DivBackward0>)
Memory status after this epoch: 
Memory allocated:  222.7294921875
Memory cached:  340.0
	 epoch  10 training error:  tensor(0.2626, device='cuda:0', grad_fn=<DivBackward0>)
Memory status after this epoch: 
Memory allocated:  222.7294921875
Memory cached:  340.0
	 epoch  20 training error:  tensor(0.2257, device='cuda:0', grad_fn=<DivBackward0>)
Memory status after this epoch: 
Memory allocated:  222.7294921875
Memory cached:  340.0
	 epoch  30 training error:  tensor(0.2183, device='cuda:0', grad_fn=<DivBackward0>)
Memory status after this epoch: 
Memory allocated:  222.7294921875
Memory cached:  340.0
	 epoch  40 training error:  tensor(0.2085, device='cuda:0', grad_fn=<DivBackward0>)
Memory status after this epoch: 
Memory allocated:  222.7294921875
Memory cached:  340.0
	 epoch  50 training error:  tensor(0.1985, device='cuda:0', grad_fn=<DivBackward0>)
Memory status after this epoch: 
Memory allocated:  222.7294921875
Memory cached:  340.0
	 epoch  60 training error:  tensor(0.1892, device='cuda:0', grad_fn=<DivBackward0>)
Memory status after this epoch: 
Memory allocated:  222.7294921875
Memory cached:  340.0
	 epoch  70 training error:  tensor(0.1858, device='cuda:0', grad_fn=<DivBackward0>)
Memory status after this epoch: 
Memory allocated:  222.7294921875
Memory cached:  340.0
	 epoch  80 training error:  tensor(0.1833, device='cuda:0', grad_fn=<DivBackward0>)
Memory status after this epoch: 
Memory allocated:  222.7294921875
Memory cached:  340.0
	 epoch  90 training error:  tensor(0.1847, device='cuda:0', grad_fn=<DivBackward0>)
Memory status after this epoch: 
Memory allocated:  222.7294921875
Memory cached:  340.0
[I 2024-01-11 12:14:50,525] Trial 105 finished with value: 0.2075657844543457 and parameters: {'W_layers': 7, 'W_layer_units_exponent_0': 8, 'W_layer_units_exponent_1': 6, 'W_layer_units_exponent_2': 10, 'W_layer_units_exponent_3': 6, 'W_layer_units_exponent_4': 4, 'W_layer_units_exponent_5': 4, 'W_layer_units_exponent_6': 5, 'D_layers': 4, 'D_layer_units_exponent_0': 6, 'D_layer_units_exponent_1': 10, 'D_layer_units_exponent_2': 8, 'D_layer_units_exponent_3': 7, 'D_dagger_layers': 3, 'D_dagger_layer_units_exponent_0': 5, 'D_dagger_layer_units_exponent_1': 10, 'D_dagger_layer_units_exponent_2': 4, 'log_learning_rate': -2.236520502562412, 'log_learning_rate_D': -2.6358904540326114, 'log_learning_rate_D_dagger': -3.295726213395946, 'training_batch_size': 8, 'training_p': 2}. Best is trial 76 with value: 0.2073042392730713.
Time for this trial:  21.91751194000244
Memory status after this trial: 
Memory allocated:  495.88134765625
Memory cached:  554.0
--------------------  Trial  106   --------------------
Start timing: 
Parameters: 
{'W_layers': 6, 'W_layer_units_exponent_0': 9, 'W_layer_units_exponent_1': 6, 'W_layer_units_exponent_2': 9, 'W_layer_units_exponent_3': 6, 'W_layer_units_exponent_4': 4, 'W_layer_units_exponent_5': 4, 'D_layers': 4, 'D_layer_units_exponent_0': 6, 'D_layer_units_exponent_1': 10, 'D_layer_units_exponent_2': 9, 'D_layer_units_exponent_3': 7, 'D_dagger_layers': 2, 'D_dagger_layer_units_exponent_0': 5, 'D_dagger_layer_units_exponent_1': 9, 'log_learning_rate': -2.2408688658037703, 'log_learning_rate_D': -2.2303814186290163, 'log_learning_rate_D_dagger': -3.266862363510142, 'training_batch_size': 9, 'training_p': 2}
	 epoch  0 training error:  tensor(0.9806, device='cuda:0', grad_fn=<DivBackward0>)
Memory status after this epoch: 
Memory allocated:  223.013671875
Memory cached:  340.0
	 epoch  10 training error:  tensor(0.3190, device='cuda:0', grad_fn=<DivBackward0>)
Memory status after this epoch: 
Memory allocated:  223.013671875
Memory cached:  340.0
	 epoch  20 training error:  tensor(0.2773, device='cuda:0', grad_fn=<DivBackward0>)
Memory status after this epoch: 
Memory allocated:  223.013671875
Memory cached:  340.0
	 epoch  30 training error:  tensor(0.2269, device='cuda:0', grad_fn=<DivBackward0>)
Memory status after this epoch: 
Memory allocated:  223.013671875
Memory cached:  340.0
	 epoch  40 training error:  tensor(0.2228, device='cuda:0', grad_fn=<DivBackward0>)
Memory status after this epoch: 
Memory allocated:  223.013671875
Memory cached:  340.0
	 epoch  50 training error:  tensor(0.2112, device='cuda:0', grad_fn=<DivBackward0>)
Memory status after this epoch: 
Memory allocated:  223.013671875
Memory cached:  340.0
	 epoch  60 training error:  tensor(0.2012, device='cuda:0', grad_fn=<DivBackward0>)
Memory status after this epoch: 
Memory allocated:  223.013671875
Memory cached:  340.0
	 epoch  70 training error:  tensor(0.1940, device='cuda:0', grad_fn=<DivBackward0>)
Memory status after this epoch: 
Memory allocated:  223.013671875
Memory cached:  340.0
	 epoch  80 training error:  tensor(0.1906, device='cuda:0', grad_fn=<DivBackward0>)
Memory status after this epoch: 
Memory allocated:  223.013671875
Memory cached:  340.0
	 epoch  90 training error:  tensor(0.1886, device='cuda:0', grad_fn=<DivBackward0>)
Memory status after this epoch: 
Memory allocated:  223.013671875
Memory cached:  340.0
[I 2024-01-11 12:15:11,436] Trial 106 finished with value: 0.21042118966579437 and parameters: {'W_layers': 6, 'W_layer_units_exponent_0': 9, 'W_layer_units_exponent_1': 6, 'W_layer_units_exponent_2': 9, 'W_layer_units_exponent_3': 6, 'W_layer_units_exponent_4': 4, 'W_layer_units_exponent_5': 4, 'D_layers': 4, 'D_layer_units_exponent_0': 6, 'D_layer_units_exponent_1': 10, 'D_layer_units_exponent_2': 9, 'D_layer_units_exponent_3': 7, 'D_dagger_layers': 2, 'D_dagger_layer_units_exponent_0': 5, 'D_dagger_layer_units_exponent_1': 9, 'log_learning_rate': -2.2408688658037703, 'log_learning_rate_D': -2.2303814186290163, 'log_learning_rate_D_dagger': -3.266862363510142, 'training_batch_size': 9, 'training_p': 2}. Best is trial 76 with value: 0.2073042392730713.
Time for this trial:  20.536359786987305
Memory status after this trial: 
Memory allocated:  396.45458984375
Memory cached:  478.0
--------------------  Trial  107   --------------------
Start timing: 
Parameters: 
{'W_layers': 7, 'W_layer_units_exponent_0': 7, 'W_layer_units_exponent_1': 5, 'W_layer_units_exponent_2': 10, 'W_layer_units_exponent_3': 6, 'W_layer_units_exponent_4': 4, 'W_layer_units_exponent_5': 4, 'W_layer_units_exponent_6': 5, 'D_layers': 5, 'D_layer_units_exponent_0': 5, 'D_layer_units_exponent_1': 9, 'D_layer_units_exponent_2': 7, 'D_layer_units_exponent_3': 9, 'D_layer_units_exponent_4': 6, 'D_dagger_layers': 3, 'D_dagger_layer_units_exponent_0': 5, 'D_dagger_layer_units_exponent_1': 10, 'D_dagger_layer_units_exponent_2': 4, 'log_learning_rate': -2.04558282012727, 'log_learning_rate_D': -2.6538951377944113, 'log_learning_rate_D_dagger': -3.4241539510366694, 'training_batch_size': 7, 'training_p': 6}
	 epoch  0 training error:  tensor(0.9281, device='cuda:0', grad_fn=<DivBackward0>)
Memory status after this epoch: 
Memory allocated:  221.30126953125
Memory cached:  340.0
	 epoch  10 training error:  tensor(0.4103, device='cuda:0', grad_fn=<DivBackward0>)
Memory status after this epoch: 
Memory allocated:  221.30126953125
Memory cached:  340.0
	 epoch  20 training error:  tensor(0.3762, device='cuda:0', grad_fn=<DivBackward0>)
Memory status after this epoch: 
Memory allocated:  221.30126953125
Memory cached:  340.0
	 epoch  30 training error:  tensor(0.3609, device='cuda:0', grad_fn=<DivBackward0>)
Memory status after this epoch: 
Memory allocated:  221.30126953125
Memory cached:  340.0
	 epoch  40 training error:  tensor(0.3517, device='cuda:0', grad_fn=<DivBackward0>)
Memory status after this epoch: 
Memory allocated:  221.30126953125
Memory cached:  340.0
	 epoch  50 training error:  tensor(0.3535, device='cuda:0', grad_fn=<DivBackward0>)
Memory status after this epoch: 
Memory allocated:  221.30126953125
Memory cached:  340.0
	 epoch  60 training error:  tensor(0.3485, device='cuda:0', grad_fn=<DivBackward0>)
Memory status after this epoch: 
Memory allocated:  221.30126953125
Memory cached:  340.0
	 epoch  70 training error:  tensor(0.3491, device='cuda:0', grad_fn=<DivBackward0>)
Memory status after this epoch: 
Memory allocated:  221.30126953125
Memory cached:  340.0
	 epoch  80 training error:  tensor(0.3501, device='cuda:0', grad_fn=<DivBackward0>)
Memory status after this epoch: 
Memory allocated:  221.30126953125
Memory cached:  340.0
	 epoch  90 training error:  tensor(0.3468, device='cuda:0', grad_fn=<DivBackward0>)
Memory status after this epoch: 
Memory allocated:  221.30126953125
Memory cached:  340.0
[I 2024-01-11 12:15:36,334] Trial 107 finished with value: 0.22714820504188538 and parameters: {'W_layers': 7, 'W_layer_units_exponent_0': 7, 'W_layer_units_exponent_1': 5, 'W_layer_units_exponent_2': 10, 'W_layer_units_exponent_3': 6, 'W_layer_units_exponent_4': 4, 'W_layer_units_exponent_5': 4, 'W_layer_units_exponent_6': 5, 'D_layers': 5, 'D_layer_units_exponent_0': 5, 'D_layer_units_exponent_1': 9, 'D_layer_units_exponent_2': 7, 'D_layer_units_exponent_3': 9, 'D_layer_units_exponent_4': 6, 'D_dagger_layers': 3, 'D_dagger_layer_units_exponent_0': 5, 'D_dagger_layer_units_exponent_1': 10, 'D_dagger_layer_units_exponent_2': 4, 'log_learning_rate': -2.04558282012727, 'log_learning_rate_D': -2.6538951377944113, 'log_learning_rate_D_dagger': -3.4241539510366694, 'training_batch_size': 7, 'training_p': 6}. Best is trial 76 with value: 0.2073042392730713.
Time for this trial:  24.531983852386475
Memory status after this trial: 
Memory allocated:  478.44580078125
Memory cached:  548.0
--------------------  Trial  108   --------------------
Start timing: 
Parameters: 
{'W_layers': 7, 'W_layer_units_exponent_0': 8, 'W_layer_units_exponent_1': 6, 'W_layer_units_exponent_2': 10, 'W_layer_units_exponent_3': 6, 'W_layer_units_exponent_4': 4, 'W_layer_units_exponent_5': 4, 'W_layer_units_exponent_6': 4, 'D_layers': 4, 'D_layer_units_exponent_0': 7, 'D_layer_units_exponent_1': 10, 'D_layer_units_exponent_2': 8, 'D_layer_units_exponent_3': 9, 'D_dagger_layers': 3, 'D_dagger_layer_units_exponent_0': 5, 'D_dagger_layer_units_exponent_1': 9, 'D_dagger_layer_units_exponent_2': 4, 'log_learning_rate': -2.124407260738219, 'log_learning_rate_D': -1.8671663408239607, 'log_learning_rate_D_dagger': -3.5590033676178643, 'training_batch_size': 8, 'training_p': 2}
	 epoch  0 training error:  tensor(1.0162, device='cuda:0', grad_fn=<DivBackward0>)
Memory status after this epoch: 
Memory allocated:  222.970703125
Memory cached:  340.0
	 epoch  10 training error:  tensor(0.4141, device='cuda:0', grad_fn=<DivBackward0>)
Memory status after this epoch: 
Memory allocated:  222.970703125
Memory cached:  340.0
	 epoch  20 training error:  tensor(0.2533, device='cuda:0', grad_fn=<DivBackward0>)
Memory status after this epoch: 
Memory allocated:  222.970703125
Memory cached:  340.0
	 epoch  30 training error:  tensor(0.2288, device='cuda:0', grad_fn=<DivBackward0>)
Memory status after this epoch: 
Memory allocated:  222.970703125
Memory cached:  340.0
	 epoch  40 training error:  tensor(0.2212, device='cuda:0', grad_fn=<DivBackward0>)
Memory status after this epoch: 
Memory allocated:  222.970703125
Memory cached:  340.0
	 epoch  50 training error:  tensor(0.2062, device='cuda:0', grad_fn=<DivBackward0>)
Memory status after this epoch: 
Memory allocated:  222.970703125
Memory cached:  340.0
	 epoch  60 training error:  tensor(0.1968, device='cuda:0', grad_fn=<DivBackward0>)
Memory status after this epoch: 
Memory allocated:  222.970703125
Memory cached:  340.0
	 epoch  70 training error:  tensor(0.1888, device='cuda:0', grad_fn=<DivBackward0>)
Memory status after this epoch: 
Memory allocated:  222.970703125
Memory cached:  340.0
	 epoch  80 training error:  tensor(0.1850, device='cuda:0', grad_fn=<DivBackward0>)
Memory status after this epoch: 
Memory allocated:  222.970703125
Memory cached:  340.0
	 epoch  90 training error:  tensor(0.1850, device='cuda:0', grad_fn=<DivBackward0>)
Memory status after this epoch: 
Memory allocated:  222.970703125
Memory cached:  340.0
[I 2024-01-11 12:15:58,462] Trial 108 finished with value: 0.20741119980812073 and parameters: {'W_layers': 7, 'W_layer_units_exponent_0': 8, 'W_layer_units_exponent_1': 6, 'W_layer_units_exponent_2': 10, 'W_layer_units_exponent_3': 6, 'W_layer_units_exponent_4': 4, 'W_layer_units_exponent_5': 4, 'W_layer_units_exponent_6': 4, 'D_layers': 4, 'D_layer_units_exponent_0': 7, 'D_layer_units_exponent_1': 10, 'D_layer_units_exponent_2': 8, 'D_layer_units_exponent_3': 9, 'D_dagger_layers': 3, 'D_dagger_layer_units_exponent_0': 5, 'D_dagger_layer_units_exponent_1': 9, 'D_dagger_layer_units_exponent_2': 4, 'log_learning_rate': -2.124407260738219, 'log_learning_rate_D': -1.8671663408239607, 'log_learning_rate_D_dagger': -3.5590033676178643, 'training_batch_size': 8, 'training_p': 2}. Best is trial 76 with value: 0.2073042392730713.
Time for this trial:  21.75650405883789
Memory status after this trial: 
Memory allocated:  438.41064453125
Memory cached:  456.0
--------------------  Trial  109   --------------------
Start timing: 
Parameters: 
{'W_layers': 6, 'W_layer_units_exponent_0': 7, 'W_layer_units_exponent_1': 6, 'W_layer_units_exponent_2': 9, 'W_layer_units_exponent_3': 6, 'W_layer_units_exponent_4': 5, 'W_layer_units_exponent_5': 4, 'D_layers': 4, 'D_layer_units_exponent_0': 7, 'D_layer_units_exponent_1': 10, 'D_layer_units_exponent_2': 8, 'D_layer_units_exponent_3': 9, 'D_dagger_layers': 3, 'D_dagger_layer_units_exponent_0': 5, 'D_dagger_layer_units_exponent_1': 9, 'D_dagger_layer_units_exponent_2': 4, 'log_learning_rate': -2.140555604124158, 'log_learning_rate_D': -2.0374048603566157, 'log_learning_rate_D_dagger': -3.5608002095761, 'training_batch_size': 9, 'training_p': 5}
	 epoch  0 training error:  tensor(1.1309, device='cuda:0', grad_fn=<DivBackward0>)
Memory status after this epoch: 
Memory allocated:  221.84765625
Memory cached:  340.0
	 epoch  10 training error:  tensor(0.4573, device='cuda:0', grad_fn=<DivBackward0>)
Memory status after this epoch: 
Memory allocated:  221.84765625
Memory cached:  340.0
	 epoch  20 training error:  tensor(0.3665, device='cuda:0', grad_fn=<DivBackward0>)
Memory status after this epoch: 
Memory allocated:  221.84765625
Memory cached:  340.0
	 epoch  30 training error:  tensor(0.3494, device='cuda:0', grad_fn=<DivBackward0>)
Memory status after this epoch: 
Memory allocated:  221.84765625
Memory cached:  340.0
	 epoch  40 training error:  tensor(0.3449, device='cuda:0', grad_fn=<DivBackward0>)
Memory status after this epoch: 
Memory allocated:  221.84765625
Memory cached:  340.0
	 epoch  50 training error:  tensor(0.3384, device='cuda:0', grad_fn=<DivBackward0>)
Memory status after this epoch: 
Memory allocated:  221.84765625
Memory cached:  340.0
	 epoch  60 training error:  tensor(0.3343, device='cuda:0', grad_fn=<DivBackward0>)
Memory status after this epoch: 
Memory allocated:  221.84765625
Memory cached:  340.0
	 epoch  70 training error:  tensor(0.3317, device='cuda:0', grad_fn=<DivBackward0>)
Memory status after this epoch: 
Memory allocated:  221.84765625
Memory cached:  340.0
	 epoch  80 training error:  tensor(0.3285, device='cuda:0', grad_fn=<DivBackward0>)
Memory status after this epoch: 
Memory allocated:  221.84765625
Memory cached:  340.0
	 epoch  90 training error:  tensor(0.3268, device='cuda:0', grad_fn=<DivBackward0>)
Memory status after this epoch: 
Memory allocated:  221.84765625
Memory cached:  340.0
