[I 2024-01-01 14:20:00,953] Trial 249 finished with value: 0.386463463306427 and parameters: {'W_layers': 5, 'W_layer_units_exponent_0': 8, 'W_layer_units_exponent_1': 10, 'W_layer_units_exponent_2': 6, 'W_layer_units_exponent_3': 6, 'W_layer_units_exponent_4': 5, 'D_layers': 5, 'D_layer_units_exponent_0': 7, 'D_layer_units_exponent_1': 9, 'D_layer_units_exponent_2': 10, 'D_layer_units_exponent_3': 8, 'D_layer_units_exponent_4': 4, 'D_dagger_layers': 3, 'D_dagger_layer_units_exponent_0': 9, 'D_dagger_layer_units_exponent_1': 7, 'D_dagger_layer_units_exponent_2': 5, 'log_learning_rate': -2.681154440454513, 'log_learning_rate_D': -3.649392156405221, 'log_learning_rate_D_dagger': -2.044607134186806, 'training_batch_size': 6, 'training_p': 7}. Best is trial 220 with value: 0.11745021492242813.
Time for this trial:  323.5271649360657
Memory status after this trial: 
Memory allocated:  426.9267578125
Memory cached:  450.0
--------------------  Trial  250   --------------------
Start timing: 
Parameters: 
{'W_layers': 5, 'W_layer_units_exponent_0': 8, 'W_layer_units_exponent_1': 10, 'W_layer_units_exponent_2': 6, 'W_layer_units_exponent_3': 6, 'W_layer_units_exponent_4': 5, 'D_layers': 5, 'D_layer_units_exponent_0': 7, 'D_layer_units_exponent_1': 10, 'D_layer_units_exponent_2': 10, 'D_layer_units_exponent_3': 8, 'D_layer_units_exponent_4': 4, 'D_dagger_layers': 3, 'D_dagger_layer_units_exponent_0': 9, 'D_dagger_layer_units_exponent_1': 7, 'D_dagger_layer_units_exponent_2': 5, 'log_learning_rate': -2.609705810783581, 'log_learning_rate_D': -4.054163200303994, 'log_learning_rate_D_dagger': -2.504167787151298, 'training_batch_size': 6, 'training_p': 7}
	 epoch  0 training error:  tensor(1.2142, device='cuda:0', grad_fn=<DivBackward0>)
Memory status after this epoch: 
Memory allocated:  230.58642578125
Memory cached:  408.0
	 epoch  10 training error:  tensor(0.5738, device='cuda:0', grad_fn=<DivBackward0>)
Memory status after this epoch: 
Memory allocated:  230.58642578125
Memory cached:  428.0
	 epoch  20 training error:  tensor(0.5509, device='cuda:0', grad_fn=<DivBackward0>)
Memory status after this epoch: 
Memory allocated:  230.58642578125
Memory cached:  430.0
	 epoch  30 training error:  tensor(0.5251, device='cuda:0', grad_fn=<DivBackward0>)
Memory status after this epoch: 
Memory allocated:  230.58642578125
Memory cached:  452.0
	 epoch  40 training error:  tensor(0.5132, device='cuda:0', grad_fn=<DivBackward0>)
Memory status after this epoch: 
Memory allocated:  230.58642578125
Memory cached:  438.0
	 epoch  50 training error:  tensor(0.4401, device='cuda:0', grad_fn=<DivBackward0>)
Memory status after this epoch: 
Memory allocated:  230.58642578125
Memory cached:  430.0
	 epoch  60 training error:  tensor(0.3550, device='cuda:0', grad_fn=<DivBackward0>)
Memory status after this epoch: 
Memory allocated:  230.58642578125
Memory cached:  438.0
	 epoch  70 training error:  tensor(0.2761, device='cuda:0', grad_fn=<DivBackward0>)
Memory status after this epoch: 
Memory allocated:  230.58642578125
Memory cached:  436.0
	 epoch  80 training error:  tensor(0.2436, device='cuda:0', grad_fn=<DivBackward0>)
Memory status after this epoch: 
Memory allocated:  230.58642578125
Memory cached:  436.0
	 epoch  90 training error:  tensor(0.2589, device='cuda:0', grad_fn=<DivBackward0>)
Memory status after this epoch: 
Memory allocated:  230.58642578125
Memory cached:  436.0
[I 2024-01-01 14:25:27,948] Trial 250 finished with value: 0.14441275596618652 and parameters: {'W_layers': 5, 'W_layer_units_exponent_0': 8, 'W_layer_units_exponent_1': 10, 'W_layer_units_exponent_2': 6, 'W_layer_units_exponent_3': 6, 'W_layer_units_exponent_4': 5, 'D_layers': 5, 'D_layer_units_exponent_0': 7, 'D_layer_units_exponent_1': 10, 'D_layer_units_exponent_2': 10, 'D_layer_units_exponent_3': 8, 'D_layer_units_exponent_4': 4, 'D_dagger_layers': 3, 'D_dagger_layer_units_exponent_0': 9, 'D_dagger_layer_units_exponent_1': 7, 'D_dagger_layer_units_exponent_2': 5, 'log_learning_rate': -2.609705810783581, 'log_learning_rate_D': -4.054163200303994, 'log_learning_rate_D_dagger': -2.504167787151298, 'training_batch_size': 6, 'training_p': 7}. Best is trial 220 with value: 0.11745021492242813.
Time for this trial:  326.554922580719
Memory status after this trial: 
Memory allocated:  458.5009765625
Memory cached:  478.0
--------------------  Trial  251   --------------------
Start timing: 
Parameters: 
{'W_layers': 5, 'W_layer_units_exponent_0': 8, 'W_layer_units_exponent_1': 10, 'W_layer_units_exponent_2': 6, 'W_layer_units_exponent_3': 8, 'W_layer_units_exponent_4': 5, 'D_layers': 5, 'D_layer_units_exponent_0': 7, 'D_layer_units_exponent_1': 10, 'D_layer_units_exponent_2': 10, 'D_layer_units_exponent_3': 8, 'D_layer_units_exponent_4': 4, 'D_dagger_layers': 3, 'D_dagger_layer_units_exponent_0': 9, 'D_dagger_layer_units_exponent_1': 7, 'D_dagger_layer_units_exponent_2': 7, 'log_learning_rate': -2.8254709962949462, 'log_learning_rate_D': -4.052842627540125, 'log_learning_rate_D_dagger': -2.4857901305451637, 'training_batch_size': 6, 'training_p': 7}
	 epoch  0 training error:  tensor(1.2310, device='cuda:0', grad_fn=<DivBackward0>)
Memory status after this epoch: 
Memory allocated:  231.05712890625
Memory cached:  420.0
	 epoch  10 training error:  tensor(0.5828, device='cuda:0', grad_fn=<DivBackward0>)
Memory status after this epoch: 
Memory allocated:  231.05712890625
Memory cached:  442.0
	 epoch  20 training error:  tensor(0.5480, device='cuda:0', grad_fn=<DivBackward0>)
Memory status after this epoch: 
Memory allocated:  231.05712890625
Memory cached:  442.0
	 epoch  30 training error:  tensor(0.5341, device='cuda:0', grad_fn=<DivBackward0>)
Memory status after this epoch: 
Memory allocated:  231.05712890625
Memory cached:  426.0
	 epoch  40 training error:  tensor(0.4880, device='cuda:0', grad_fn=<DivBackward0>)
Memory status after this epoch: 
Memory allocated:  231.05712890625
Memory cached:  432.0
	 epoch  50 training error:  tensor(0.3986, device='cuda:0', grad_fn=<DivBackward0>)
Memory status after this epoch: 
Memory allocated:  231.05712890625
Memory cached:  428.0
	 epoch  60 training error:  tensor(0.3878, device='cuda:0', grad_fn=<DivBackward0>)
Memory status after this epoch: 
Memory allocated:  231.05712890625
Memory cached:  426.0
	 epoch  70 training error:  tensor(0.2974, device='cuda:0', grad_fn=<DivBackward0>)
Memory status after this epoch: 
Memory allocated:  231.05712890625
Memory cached:  432.0
	 epoch  80 training error:  tensor(0.2928, device='cuda:0', grad_fn=<DivBackward0>)
Memory status after this epoch: 
Memory allocated:  231.05712890625
Memory cached:  428.0
	 epoch  90 training error:  tensor(0.2778, device='cuda:0', grad_fn=<DivBackward0>)
Memory status after this epoch: 
Memory allocated:  231.05712890625
Memory cached:  422.0
[I 2024-01-01 14:30:57,901] Trial 251 finished with value: 0.1981441080570221 and parameters: {'W_layers': 5, 'W_layer_units_exponent_0': 8, 'W_layer_units_exponent_1': 10, 'W_layer_units_exponent_2': 6, 'W_layer_units_exponent_3': 8, 'W_layer_units_exponent_4': 5, 'D_layers': 5, 'D_layer_units_exponent_0': 7, 'D_layer_units_exponent_1': 10, 'D_layer_units_exponent_2': 10, 'D_layer_units_exponent_3': 8, 'D_layer_units_exponent_4': 4, 'D_dagger_layers': 3, 'D_dagger_layer_units_exponent_0': 9, 'D_dagger_layer_units_exponent_1': 7, 'D_dagger_layer_units_exponent_2': 7, 'log_learning_rate': -2.8254709962949462, 'log_learning_rate_D': -4.052842627540125, 'log_learning_rate_D_dagger': -2.4857901305451637, 'training_batch_size': 6, 'training_p': 7}. Best is trial 220 with value: 0.11745021492242813.
Time for this trial:  329.50240087509155
Memory status after this trial: 
Memory allocated:  473.384765625
Memory cached:  492.0
--------------------  Trial  252   --------------------
Start timing: 
Parameters: 
{'W_layers': 5, 'W_layer_units_exponent_0': 8, 'W_layer_units_exponent_1': 10, 'W_layer_units_exponent_2': 6, 'W_layer_units_exponent_3': 6, 'W_layer_units_exponent_4': 5, 'D_layers': 5, 'D_layer_units_exponent_0': 7, 'D_layer_units_exponent_1': 10, 'D_layer_units_exponent_2': 10, 'D_layer_units_exponent_3': 8, 'D_layer_units_exponent_4': 4, 'D_dagger_layers': 3, 'D_dagger_layer_units_exponent_0': 9, 'D_dagger_layer_units_exponent_1': 7, 'D_dagger_layer_units_exponent_2': 5, 'log_learning_rate': -4.764460060546645, 'log_learning_rate_D': -3.969885719496784, 'log_learning_rate_D_dagger': -2.2805148292579913, 'training_batch_size': 6, 'training_p': 7}
	 epoch  0 training error:  tensor(1.1346, device='cuda:0', grad_fn=<DivBackward0>)
Memory status after this epoch: 
Memory allocated:  230.58642578125
Memory cached:  410.0
	 epoch  10 training error:  tensor(0.5953, device='cuda:0', grad_fn=<DivBackward0>)
Memory status after this epoch: 
Memory allocated:  230.58642578125
Memory cached:  444.0
	 epoch  20 training error:  tensor(0.5396, device='cuda:0', grad_fn=<DivBackward0>)
Memory status after this epoch: 
Memory allocated:  230.58642578125
Memory cached:  438.0
	 epoch  30 training error:  tensor(0.5331, device='cuda:0', grad_fn=<DivBackward0>)
Memory status after this epoch: 
Memory allocated:  230.58642578125
Memory cached:  434.0
	 epoch  40 training error:  tensor(0.5403, device='cuda:0', grad_fn=<DivBackward0>)
Memory status after this epoch: 
Memory allocated:  230.58642578125
Memory cached:  426.0
	 epoch  50 training error:  tensor(0.5183, device='cuda:0', grad_fn=<DivBackward0>)
Memory status after this epoch: 
Memory allocated:  230.58642578125
Memory cached:  432.0
	 epoch  60 training error:  tensor(0.4309, device='cuda:0', grad_fn=<DivBackward0>)
Memory status after this epoch: 
Memory allocated:  230.58642578125
Memory cached:  428.0
	 epoch  70 training error:  tensor(0.3373, device='cuda:0', grad_fn=<DivBackward0>)
Memory status after this epoch: 
Memory allocated:  230.58642578125
Memory cached:  422.0
	 epoch  80 training error:  tensor(0.3768, device='cuda:0', grad_fn=<DivBackward0>)
Memory status after this epoch: 
Memory allocated:  230.58642578125
Memory cached:  426.0
	 epoch  90 training error:  tensor(0.2622, device='cuda:0', grad_fn=<DivBackward0>)
Memory status after this epoch: 
Memory allocated:  230.58642578125
Memory cached:  422.0
[I 2024-01-01 14:36:24,411] Trial 252 finished with value: 0.20110750198364258 and parameters: {'W_layers': 5, 'W_layer_units_exponent_0': 8, 'W_layer_units_exponent_1': 10, 'W_layer_units_exponent_2': 6, 'W_layer_units_exponent_3': 6, 'W_layer_units_exponent_4': 5, 'D_layers': 5, 'D_layer_units_exponent_0': 7, 'D_layer_units_exponent_1': 10, 'D_layer_units_exponent_2': 10, 'D_layer_units_exponent_3': 8, 'D_layer_units_exponent_4': 4, 'D_dagger_layers': 3, 'D_dagger_layer_units_exponent_0': 9, 'D_dagger_layer_units_exponent_1': 7, 'D_dagger_layer_units_exponent_2': 5, 'log_learning_rate': -4.764460060546645, 'log_learning_rate_D': -3.969885719496784, 'log_learning_rate_D_dagger': -2.2805148292579913, 'training_batch_size': 6, 'training_p': 7}. Best is trial 220 with value: 0.11745021492242813.
Time for this trial:  326.0473744869232
Memory status after this trial: 
Memory allocated:  458.5009765625
Memory cached:  478.0
--------------------  Trial  253   --------------------
Start timing: 
Parameters: 
{'W_layers': 5, 'W_layer_units_exponent_0': 8, 'W_layer_units_exponent_1': 6, 'W_layer_units_exponent_2': 6, 'W_layer_units_exponent_3': 6, 'W_layer_units_exponent_4': 5, 'D_layers': 5, 'D_layer_units_exponent_0': 7, 'D_layer_units_exponent_1': 10, 'D_layer_units_exponent_2': 10, 'D_layer_units_exponent_3': 8, 'D_layer_units_exponent_4': 4, 'D_dagger_layers': 3, 'D_dagger_layer_units_exponent_0': 9, 'D_dagger_layer_units_exponent_1': 7, 'D_dagger_layer_units_exponent_2': 5, 'log_learning_rate': -2.563447873692849, 'log_learning_rate_D': -2.9603330978616462, 'log_learning_rate_D_dagger': -2.4065950919294785, 'training_batch_size': 6, 'training_p': 7}
	 epoch  0 training error:  tensor(1.0710, device='cuda:0', grad_fn=<DivBackward0>)
Memory status after this epoch: 
Memory allocated:  225.88525390625
Memory cached:  410.0
	 epoch  10 training error:  tensor(0.5761, device='cuda:0', grad_fn=<DivBackward0>)
Memory status after this epoch: 
Memory allocated:  225.88525390625
Memory cached:  424.0
	 epoch  20 training error:  tensor(0.5510, device='cuda:0', grad_fn=<DivBackward0>)
Memory status after this epoch: 
Memory allocated:  225.88525390625
Memory cached:  430.0
	 epoch  30 training error:  tensor(0.5606, device='cuda:0', grad_fn=<DivBackward0>)
Memory status after this epoch: 
Memory allocated:  225.88525390625
Memory cached:  418.0
	 epoch  40 training error:  tensor(0.5674, device='cuda:0', grad_fn=<DivBackward0>)
Memory status after this epoch: 
Memory allocated:  225.88525390625
Memory cached:  430.0
	 epoch  50 training error:  tensor(0.5334, device='cuda:0', grad_fn=<DivBackward0>)
Memory status after this epoch: 
Memory allocated:  225.88525390625
Memory cached:  430.0
	 epoch  60 training error:  tensor(0.5270, device='cuda:0', grad_fn=<DivBackward0>)
Memory status after this epoch: 
Memory allocated:  225.88525390625
Memory cached:  420.0
	 epoch  70 training error:  tensor(0.5331, device='cuda:0', grad_fn=<DivBackward0>)
Memory status after this epoch: 
Memory allocated:  225.88525390625
Memory cached:  422.0
	 epoch  80 training error:  tensor(0.5486, device='cuda:0', grad_fn=<DivBackward0>)
Memory status after this epoch: 
Memory allocated:  225.88525390625
Memory cached:  420.0
	 epoch  90 training error:  tensor(0.5205, device='cuda:0', grad_fn=<DivBackward0>)
Memory status after this epoch: 
Memory allocated:  225.88525390625
Memory cached:  424.0
[I 2024-01-01 14:41:39,595] Trial 253 finished with value: 0.4077247679233551 and parameters: {'W_layers': 5, 'W_layer_units_exponent_0': 8, 'W_layer_units_exponent_1': 6, 'W_layer_units_exponent_2': 6, 'W_layer_units_exponent_3': 6, 'W_layer_units_exponent_4': 5, 'D_layers': 5, 'D_layer_units_exponent_0': 7, 'D_layer_units_exponent_1': 10, 'D_layer_units_exponent_2': 10, 'D_layer_units_exponent_3': 8, 'D_layer_units_exponent_4': 4, 'D_dagger_layers': 3, 'D_dagger_layer_units_exponent_0': 9, 'D_dagger_layer_units_exponent_1': 7, 'D_dagger_layer_units_exponent_2': 5, 'log_learning_rate': -2.563447873692849, 'log_learning_rate_D': -2.9603330978616462, 'log_learning_rate_D_dagger': -2.4065950919294785, 'training_batch_size': 6, 'training_p': 7}. Best is trial 220 with value: 0.11745021492242813.
Time for this trial:  314.7053108215332
Memory status after this trial: 
Memory allocated:  404.880859375
Memory cached:  426.0
--------------------  Trial  254   --------------------
Start timing: 
Parameters: 
{'W_layers': 5, 'W_layer_units_exponent_0': 8, 'W_layer_units_exponent_1': 10, 'W_layer_units_exponent_2': 6, 'W_layer_units_exponent_3': 6, 'W_layer_units_exponent_4': 5, 'D_layers': 5, 'D_layer_units_exponent_0': 7, 'D_layer_units_exponent_1': 10, 'D_layer_units_exponent_2': 10, 'D_layer_units_exponent_3': 9, 'D_layer_units_exponent_4': 4, 'D_dagger_layers': 3, 'D_dagger_layer_units_exponent_0': 9, 'D_dagger_layer_units_exponent_1': 7, 'D_dagger_layer_units_exponent_2': 5, 'log_learning_rate': -2.700209979203313, 'log_learning_rate_D': -4.065727755332002, 'log_learning_rate_D_dagger': -2.3151865283780784, 'training_batch_size': 6, 'training_p': 7}
	 epoch  0 training error:  tensor(1.4239, device='cuda:0', grad_fn=<DivBackward0>)
Memory status after this epoch: 
Memory allocated:  234.65283203125
Memory cached:  444.0
	 epoch  10 training error:  tensor(0.5429, device='cuda:0', grad_fn=<DivBackward0>)
Memory status after this epoch: 
Memory allocated:  234.65283203125
Memory cached:  474.0
	 epoch  20 training error:  tensor(0.5273, device='cuda:0', grad_fn=<DivBackward0>)
Memory status after this epoch: 
Memory allocated:  234.65283203125
Memory cached:  478.0
	 epoch  30 training error:  tensor(0.5131, device='cuda:0', grad_fn=<DivBackward0>)
Memory status after this epoch: 
Memory allocated:  234.65283203125
Memory cached:  476.0
	 epoch  40 training error:  tensor(0.4676, device='cuda:0', grad_fn=<DivBackward0>)
Memory status after this epoch: 
Memory allocated:  234.65283203125
Memory cached:  470.0
	 epoch  50 training error:  tensor(0.3415, device='cuda:0', grad_fn=<DivBackward0>)
Memory status after this epoch: 
Memory allocated:  234.65283203125
Memory cached:  470.0
	 epoch  60 training error:  tensor(0.3452, device='cuda:0', grad_fn=<DivBackward0>)
Memory status after this epoch: 
Memory allocated:  234.65283203125
Memory cached:  480.0
	 epoch  70 training error:  tensor(0.3815, device='cuda:0', grad_fn=<DivBackward0>)
Memory status after this epoch: 
Memory allocated:  234.65283203125
Memory cached:  476.0
	 epoch  80 training error:  tensor(0.2953, device='cuda:0', grad_fn=<DivBackward0>)
Memory status after this epoch: 
Memory allocated:  234.65283203125
Memory cached:  476.0
	 epoch  90 training error:  tensor(0.2688, device='cuda:0', grad_fn=<DivBackward0>)
Memory status after this epoch: 
Memory allocated:  234.65283203125
Memory cached:  470.0
[I 2024-01-01 14:47:02,738] Trial 254 finished with value: 0.19663608074188232 and parameters: {'W_layers': 5, 'W_layer_units_exponent_0': 8, 'W_layer_units_exponent_1': 10, 'W_layer_units_exponent_2': 6, 'W_layer_units_exponent_3': 6, 'W_layer_units_exponent_4': 5, 'D_layers': 5, 'D_layer_units_exponent_0': 7, 'D_layer_units_exponent_1': 10, 'D_layer_units_exponent_2': 10, 'D_layer_units_exponent_3': 9, 'D_layer_units_exponent_4': 4, 'D_dagger_layers': 3, 'D_dagger_layer_units_exponent_0': 9, 'D_dagger_layer_units_exponent_1': 7, 'D_dagger_layer_units_exponent_2': 5, 'log_learning_rate': -2.700209979203313, 'log_learning_rate_D': -4.065727755332002, 'log_learning_rate_D_dagger': -2.3151865283780784, 'training_batch_size': 6, 'training_p': 7}. Best is trial 220 with value: 0.11745021492242813.
Time for this trial:  322.7092516422272
Memory status after this trial: 
Memory allocated:  474.0693359375
Memory cached:  508.0
--------------------  Trial  255   --------------------
Start timing: 
Parameters: 
{'W_layers': 5, 'W_layer_units_exponent_0': 8, 'W_layer_units_exponent_1': 10, 'W_layer_units_exponent_2': 7, 'W_layer_units_exponent_3': 6, 'W_layer_units_exponent_4': 5, 'D_layers': 5, 'D_layer_units_exponent_0': 5, 'D_layer_units_exponent_1': 10, 'D_layer_units_exponent_2': 10, 'D_layer_units_exponent_3': 8, 'D_layer_units_exponent_4': 4, 'D_dagger_layers': 8, 'D_dagger_layer_units_exponent_0': 9, 'D_dagger_layer_units_exponent_1': 7, 'D_dagger_layer_units_exponent_2': 5, 'D_dagger_layer_units_exponent_3': 7, 'D_dagger_layer_units_exponent_4': 4, 'D_dagger_layer_units_exponent_5': 8, 'D_dagger_layer_units_exponent_6': 5, 'D_dagger_layer_units_exponent_7': 8, 'log_learning_rate': -2.93052865254447, 'log_learning_rate_D': -3.1466164095786935, 'log_learning_rate_D_dagger': -2.5185030090902805, 'training_batch_size': 6, 'training_p': 7}
	 epoch  0 training error:  tensor(0.9530, device='cuda:0', grad_fn=<DivBackward0>)
Memory status after this epoch: 
Memory allocated:  230.57080078125
Memory cached:  428.0
	 epoch  10 training error:  tensor(0.5766, device='cuda:0', grad_fn=<DivBackward0>)
Memory status after this epoch: 
Memory allocated:  230.57080078125
Memory cached:  462.0
	 epoch  20 training error:  tensor(0.5880, device='cuda:0', grad_fn=<DivBackward0>)
Memory status after this epoch: 
Memory allocated:  230.57080078125
Memory cached:  462.0
	 epoch  30 training error:  tensor(0.5934, device='cuda:0', grad_fn=<DivBackward0>)
Memory status after this epoch: 
Memory allocated:  230.57080078125
Memory cached:  456.0
	 epoch  40 training error:  tensor(0.5688, device='cuda:0', grad_fn=<DivBackward0>)
Memory status after this epoch: 
Memory allocated:  230.57080078125
Memory cached:  460.0
	 epoch  50 training error:  tensor(0.5726, device='cuda:0', grad_fn=<DivBackward0>)
Memory status after this epoch: 
Memory allocated:  230.57080078125
Memory cached:  464.0
	 epoch  60 training error:  tensor(0.5654, device='cuda:0', grad_fn=<DivBackward0>)
Memory status after this epoch: 
Memory allocated:  230.57080078125
Memory cached:  456.0
	 epoch  70 training error:  tensor(0.5755, device='cuda:0', grad_fn=<DivBackward0>)
Memory status after this epoch: 
Memory allocated:  230.57080078125
Memory cached:  458.0
	 epoch  80 training error:  tensor(0.5730, device='cuda:0', grad_fn=<DivBackward0>)
Memory status after this epoch: 
Memory allocated:  230.57080078125
Memory cached:  466.0
	 epoch  90 training error:  tensor(0.5754, device='cuda:0', grad_fn=<DivBackward0>)
Memory status after this epoch: 
Memory allocated:  230.57080078125
Memory cached:  466.0
