[I 2024-03-11 22:31:42,338] Trial 96 finished with value: 0.36822327971458435 and parameters: {'log_learning_rate': -1.449042878332812, 'log_learning_rate_D': -3.5125603201298947, 'log_learning_rate_D_dagger': -1.7887817700282471, 'training_batch_size': 10, 'training_p': 5}. Best is trial 69 with value: 0.31162887811660767.
Time for this trial:  104.96849155426025
Memory status after this trial: 
Memory allocated:  3.3525390625
Memory cached:  6.0
--------------------  Trial  97   --------------------
Start timing: 
Parameters: 
{'log_learning_rate': -1.2206626334446185, 'log_learning_rate_D': -3.178087004628481, 'log_learning_rate_D_dagger': -1.1040559343469376, 'training_batch_size': 7, 'training_p': 3}
	 epoch  0 training error:  tensor(130.1949, grad_fn=<ToCopyBackward0>)
Memory status after this epoch: 
Memory allocated:  1.84228515625
Memory cached:  4.0
	 epoch  10 training error:  tensor(3.3591, grad_fn=<ToCopyBackward0>)
Memory status after this epoch: 
Memory allocated:  1.84228515625
Memory cached:  4.0
	 epoch  20 training error:  tensor(0.8906, grad_fn=<ToCopyBackward0>)
Memory status after this epoch: 
Memory allocated:  1.84228515625
Memory cached:  4.0
	 epoch  30 training error:  tensor(0.5141, grad_fn=<ToCopyBackward0>)
Memory status after this epoch: 
Memory allocated:  1.84228515625
Memory cached:  4.0
	 epoch  40 training error:  tensor(0.4785, grad_fn=<ToCopyBackward0>)
Memory status after this epoch: 
Memory allocated:  1.84228515625
Memory cached:  4.0
	 epoch  50 training error:  tensor(0.4599, grad_fn=<ToCopyBackward0>)
Memory status after this epoch: 
Memory allocated:  1.84228515625
Memory cached:  4.0
	 epoch  60 training error:  tensor(0.4425, grad_fn=<ToCopyBackward0>)
Memory status after this epoch: 
Memory allocated:  1.84228515625
Memory cached:  4.0
	 epoch  70 training error:  tensor(0.4251, grad_fn=<ToCopyBackward0>)
Memory status after this epoch: 
Memory allocated:  1.84228515625
Memory cached:  4.0
	 epoch  80 training error:  tensor(0.4249, grad_fn=<ToCopyBackward0>)
Memory status after this epoch: 
Memory allocated:  1.84228515625
Memory cached:  4.0
	 epoch  90 training error:  tensor(0.4148, grad_fn=<ToCopyBackward0>)
Memory status after this epoch: 
Memory allocated:  1.84228515625
Memory cached:  4.0
[I 2024-03-11 22:36:20,418] Trial 97 finished with value: 0.3802759647369385 and parameters: {'log_learning_rate': -1.2206626334446185, 'log_learning_rate_D': -3.178087004628481, 'log_learning_rate_D_dagger': -1.1040559343469376, 'training_batch_size': 7, 'training_p': 3}. Best is trial 69 with value: 0.31162887811660767.
Time for this trial:  277.83967661857605
Memory status after this trial: 
Memory allocated:  3.3525390625
Memory cached:  4.0
--------------------  Trial  98   --------------------
Start timing: 
Parameters: 
{'log_learning_rate': -1.6249723816669093, 'log_learning_rate_D': -3.5932188918394714, 'log_learning_rate_D_dagger': -1.5418734369146014, 'training_batch_size': 6, 'training_p': 2}
	 epoch  0 training error:  tensor(147.5202, grad_fn=<ToCopyBackward0>)
Memory status after this epoch: 
Memory allocated:  1.94189453125
Memory cached:  4.0
	 epoch  10 training error:  tensor(0.8265, grad_fn=<ToCopyBackward0>)
Memory status after this epoch: 
Memory allocated:  1.94189453125
Memory cached:  4.0
	 epoch  20 training error:  tensor(0.4763, grad_fn=<ToCopyBackward0>)
Memory status after this epoch: 
Memory allocated:  1.94189453125
Memory cached:  4.0
	 epoch  30 training error:  tensor(0.4083, grad_fn=<ToCopyBackward0>)
Memory status after this epoch: 
Memory allocated:  1.94189453125
Memory cached:  4.0
	 epoch  40 training error:  tensor(0.3819, grad_fn=<ToCopyBackward0>)
Memory status after this epoch: 
Memory allocated:  1.94189453125
Memory cached:  4.0
	 epoch  50 training error:  tensor(0.3672, grad_fn=<ToCopyBackward0>)
Memory status after this epoch: 
Memory allocated:  1.94189453125
Memory cached:  4.0
	 epoch  60 training error:  tensor(0.3560, grad_fn=<ToCopyBackward0>)
Memory status after this epoch: 
Memory allocated:  1.94189453125
Memory cached:  4.0
	 epoch  70 training error:  tensor(0.3486, grad_fn=<ToCopyBackward0>)
Memory status after this epoch: 
Memory allocated:  1.94189453125
Memory cached:  4.0
	 epoch  80 training error:  tensor(0.3273, grad_fn=<ToCopyBackward0>)
Memory status after this epoch: 
Memory allocated:  1.94189453125
Memory cached:  4.0
	 epoch  90 training error:  tensor(0.3336, grad_fn=<ToCopyBackward0>)
Memory status after this epoch: 
Memory allocated:  1.94189453125
Memory cached:  4.0
[I 2024-03-11 22:43:52,349] Trial 98 finished with value: 0.38969311118125916 and parameters: {'log_learning_rate': -1.6249723816669093, 'log_learning_rate_D': -3.5932188918394714, 'log_learning_rate_D_dagger': -1.5418734369146014, 'training_batch_size': 6, 'training_p': 2}. Best is trial 69 with value: 0.31162887811660767.
Time for this trial:  451.6648449897766
Memory status after this trial: 
Memory allocated:  3.4521484375
Memory cached:  4.0
--------------------  Trial  99   --------------------
Start timing: 
Parameters: 
{'log_learning_rate': -1.84381620387561, 'log_learning_rate_D': -3.3514841030750158, 'log_learning_rate_D_dagger': -1.4541675916616708, 'training_batch_size': 8, 'training_p': 2}
	 epoch  0 training error:  tensor(44.3790, grad_fn=<ToCopyBackward0>)
Memory status after this epoch: 
Memory allocated:  1.84228515625
Memory cached:  4.0
	 epoch  10 training error:  tensor(4.3108, grad_fn=<ToCopyBackward0>)
Memory status after this epoch: 
Memory allocated:  1.84228515625
Memory cached:  4.0
	 epoch  20 training error:  tensor(0.8256, grad_fn=<ToCopyBackward0>)
Memory status after this epoch: 
Memory allocated:  1.84228515625
Memory cached:  4.0
	 epoch  30 training error:  tensor(0.3842, grad_fn=<ToCopyBackward0>)
Memory status after this epoch: 
Memory allocated:  1.84228515625
Memory cached:  4.0
	 epoch  40 training error:  tensor(0.3260, grad_fn=<ToCopyBackward0>)
Memory status after this epoch: 
Memory allocated:  1.84228515625
Memory cached:  4.0
	 epoch  50 training error:  tensor(0.3153, grad_fn=<ToCopyBackward0>)
Memory status after this epoch: 
Memory allocated:  1.84228515625
Memory cached:  4.0
	 epoch  60 training error:  tensor(0.3118, grad_fn=<ToCopyBackward0>)
Memory status after this epoch: 
Memory allocated:  1.84228515625
Memory cached:  4.0
	 epoch  70 training error:  tensor(0.3114, grad_fn=<ToCopyBackward0>)
Memory status after this epoch: 
Memory allocated:  1.84228515625
Memory cached:  4.0
	 epoch  80 training error:  tensor(0.3116, grad_fn=<ToCopyBackward0>)
Memory status after this epoch: 
Memory allocated:  1.84228515625
Memory cached:  4.0
	 epoch  90 training error:  tensor(0.3117, grad_fn=<ToCopyBackward0>)
Memory status after this epoch: 
Memory allocated:  1.84228515625
Memory cached:  4.0
[I 2024-03-11 22:47:04,689] Trial 99 finished with value: 0.33494189381599426 and parameters: {'log_learning_rate': -1.84381620387561, 'log_learning_rate_D': -3.3514841030750158, 'log_learning_rate_D_dagger': -1.4541675916616708, 'training_batch_size': 8, 'training_p': 2}. Best is trial 69 with value: 0.31162887811660767.
Time for this trial:  192.11330008506775
Memory status after this trial: 
Memory allocated:  3.3525390625
Memory cached:  4.0
--------------------  Trial  100   --------------------
Start timing: 
Parameters: 
{'log_learning_rate': -1.316385977746676, 'log_learning_rate_D': -3.7511357199886355, 'log_learning_rate_D_dagger': -1.3245467673726719, 'training_batch_size': 6, 'training_p': 3}
	 epoch  0 training error:  tensor(332.1997, grad_fn=<ToCopyBackward0>)
Memory status after this epoch: 
Memory allocated:  1.94189453125
Memory cached:  4.0
	 epoch  10 training error:  tensor(2.2303, grad_fn=<ToCopyBackward0>)
Memory status after this epoch: 
Memory allocated:  1.94189453125
Memory cached:  4.0
	 epoch  20 training error:  tensor(0.6347, grad_fn=<ToCopyBackward0>)
Memory status after this epoch: 
Memory allocated:  1.94189453125
Memory cached:  4.0
	 epoch  30 training error:  tensor(0.4231, grad_fn=<ToCopyBackward0>)
Memory status after this epoch: 
Memory allocated:  1.94189453125
Memory cached:  4.0
	 epoch  40 training error:  tensor(0.3960, grad_fn=<ToCopyBackward0>)
Memory status after this epoch: 
Memory allocated:  1.94189453125
Memory cached:  4.0
	 epoch  50 training error:  tensor(0.3795, grad_fn=<ToCopyBackward0>)
Memory status after this epoch: 
Memory allocated:  1.94189453125
Memory cached:  4.0
	 epoch  60 training error:  tensor(0.3724, grad_fn=<ToCopyBackward0>)
Memory status after this epoch: 
Memory allocated:  1.94189453125
Memory cached:  4.0
	 epoch  70 training error:  tensor(0.3706, grad_fn=<ToCopyBackward0>)
Memory status after this epoch: 
Memory allocated:  1.94189453125
Memory cached:  4.0
	 epoch  80 training error:  tensor(0.3715, grad_fn=<ToCopyBackward0>)
Memory status after this epoch: 
Memory allocated:  1.94189453125
Memory cached:  4.0
	 epoch  90 training error:  tensor(0.3716, grad_fn=<ToCopyBackward0>)
Memory status after this epoch: 
Memory allocated:  1.94189453125
Memory cached:  4.0
[I 2024-03-11 22:54:35,163] Trial 100 finished with value: 0.31988897919654846 and parameters: {'log_learning_rate': -1.316385977746676, 'log_learning_rate_D': -3.7511357199886355, 'log_learning_rate_D_dagger': -1.3245467673726719, 'training_batch_size': 6, 'training_p': 3}. Best is trial 69 with value: 0.31162887811660767.
Time for this trial:  450.20192551612854
Memory status after this trial: 
Memory allocated:  3.4521484375
Memory cached:  4.0
--------------------  Trial  101   --------------------
Start timing: 
Parameters: 
{'log_learning_rate': -1.0796330288234417, 'log_learning_rate_D': -3.4680878982431214, 'log_learning_rate_D_dagger': -1.2296044001138664, 'training_batch_size': 6, 'training_p': 3}
	 epoch  0 training error:  tensor(12.1663, grad_fn=<ToCopyBackward0>)
Memory status after this epoch: 
Memory allocated:  1.94189453125
Memory cached:  4.0
	 epoch  10 training error:  tensor(0.4206, grad_fn=<ToCopyBackward0>)
Memory status after this epoch: 
Memory allocated:  1.94189453125
Memory cached:  4.0
	 epoch  20 training error:  tensor(0.3836, grad_fn=<ToCopyBackward0>)
Memory status after this epoch: 
Memory allocated:  1.94189453125
Memory cached:  4.0
	 epoch  30 training error:  tensor(0.3785, grad_fn=<ToCopyBackward0>)
Memory status after this epoch: 
Memory allocated:  1.94189453125
Memory cached:  4.0
	 epoch  40 training error:  tensor(0.3825, grad_fn=<ToCopyBackward0>)
Memory status after this epoch: 
Memory allocated:  1.94189453125
Memory cached:  4.0
	 epoch  50 training error:  tensor(0.3868, grad_fn=<ToCopyBackward0>)
Memory status after this epoch: 
Memory allocated:  1.94189453125
Memory cached:  4.0
	 epoch  60 training error:  tensor(0.3776, grad_fn=<ToCopyBackward0>)
Memory status after this epoch: 
Memory allocated:  1.94189453125
Memory cached:  4.0
	 epoch  70 training error:  tensor(0.3822, grad_fn=<ToCopyBackward0>)
Memory status after this epoch: 
Memory allocated:  1.94189453125
Memory cached:  4.0
	 epoch  80 training error:  tensor(0.3897, grad_fn=<ToCopyBackward0>)
Memory status after this epoch: 
Memory allocated:  1.94189453125
Memory cached:  4.0
	 epoch  90 training error:  tensor(0.3882, grad_fn=<ToCopyBackward0>)
Memory status after this epoch: 
Memory allocated:  1.94189453125
Memory cached:  4.0
[I 2024-03-11 23:01:56,899] Trial 101 finished with value: 0.33389315009117126 and parameters: {'log_learning_rate': -1.0796330288234417, 'log_learning_rate_D': -3.4680878982431214, 'log_learning_rate_D_dagger': -1.2296044001138664, 'training_batch_size': 6, 'training_p': 3}. Best is trial 69 with value: 0.31162887811660767.
Time for this trial:  441.49864077568054
Memory status after this trial: 
Memory allocated:  3.4521484375
Memory cached:  4.0
--------------------  Trial  102   --------------------
Start timing: 
Parameters: 
{'log_learning_rate': -1.7841021075311505, 'log_learning_rate_D': -3.6617023235507222, 'log_learning_rate_D_dagger': -1.3600201428369119, 'training_batch_size': 6, 'training_p': 3}
	 epoch  0 training error:  tensor(117.8657, grad_fn=<ToCopyBackward0>)
Memory status after this epoch: 
Memory allocated:  1.94189453125
Memory cached:  4.0
	 epoch  10 training error:  tensor(0.5921, grad_fn=<ToCopyBackward0>)
Memory status after this epoch: 
Memory allocated:  1.94189453125
Memory cached:  4.0
	 epoch  20 training error:  tensor(0.4584, grad_fn=<ToCopyBackward0>)
Memory status after this epoch: 
Memory allocated:  1.94189453125
Memory cached:  4.0
	 epoch  30 training error:  tensor(0.4300, grad_fn=<ToCopyBackward0>)
Memory status after this epoch: 
Memory allocated:  1.94189453125
Memory cached:  4.0
	 epoch  40 training error:  tensor(0.4061, grad_fn=<ToCopyBackward0>)
Memory status after this epoch: 
Memory allocated:  1.94189453125
Memory cached:  4.0
	 epoch  50 training error:  tensor(0.3874, grad_fn=<ToCopyBackward0>)
Memory status after this epoch: 
Memory allocated:  1.94189453125
Memory cached:  4.0
	 epoch  60 training error:  tensor(0.3774, grad_fn=<ToCopyBackward0>)
Memory status after this epoch: 
Memory allocated:  1.94189453125
Memory cached:  4.0
	 epoch  70 training error:  tensor(0.3760, grad_fn=<ToCopyBackward0>)
Memory status after this epoch: 
Memory allocated:  1.94189453125
Memory cached:  4.0
	 epoch  80 training error:  tensor(0.3769, grad_fn=<ToCopyBackward0>)
Memory status after this epoch: 
Memory allocated:  1.94189453125
Memory cached:  4.0
	 epoch  90 training error:  tensor(0.3769, grad_fn=<ToCopyBackward0>)
Memory status after this epoch: 
Memory allocated:  1.94189453125
Memory cached:  4.0
[I 2024-03-11 23:09:28,091] Trial 102 finished with value: 0.33388254046440125 and parameters: {'log_learning_rate': -1.7841021075311505, 'log_learning_rate_D': -3.6617023235507222, 'log_learning_rate_D_dagger': -1.3600201428369119, 'training_batch_size': 6, 'training_p': 3}. Best is trial 69 with value: 0.31162887811660767.
Time for this trial:  450.9432535171509
Memory status after this trial: 
Memory allocated:  3.4521484375
Memory cached:  4.0
--------------------  Trial  103   --------------------
Start timing: 
Parameters: 
{'log_learning_rate': -1.5775739308368322, 'log_learning_rate_D': -3.255385662748387, 'log_learning_rate_D_dagger': -1.087594056332183, 'training_batch_size': 6, 'training_p': 3}
	 epoch  0 training error:  tensor(308.2663, grad_fn=<ToCopyBackward0>)
Memory status after this epoch: 
Memory allocated:  1.94189453125
Memory cached:  4.0
	 epoch  10 training error:  tensor(1.0993, grad_fn=<ToCopyBackward0>)
Memory status after this epoch: 
Memory allocated:  1.94189453125
Memory cached:  4.0
	 epoch  20 training error:  tensor(0.4120, grad_fn=<ToCopyBackward0>)
Memory status after this epoch: 
Memory allocated:  1.94189453125
Memory cached:  4.0
	 epoch  30 training error:  tensor(0.3883, grad_fn=<ToCopyBackward0>)
Memory status after this epoch: 
Memory allocated:  1.94189453125
Memory cached:  4.0
	 epoch  40 training error:  tensor(0.3734, grad_fn=<ToCopyBackward0>)
Memory status after this epoch: 
Memory allocated:  1.94189453125
Memory cached:  4.0
	 epoch  50 training error:  tensor(0.3753, grad_fn=<ToCopyBackward0>)
Memory status after this epoch: 
Memory allocated:  1.94189453125
Memory cached:  4.0
	 epoch  60 training error:  tensor(0.3726, grad_fn=<ToCopyBackward0>)
Memory status after this epoch: 
Memory allocated:  1.94189453125
Memory cached:  4.0
	 epoch  70 training error:  tensor(0.3708, grad_fn=<ToCopyBackward0>)
Memory status after this epoch: 
Memory allocated:  1.94189453125
Memory cached:  4.0
	 epoch  80 training error:  tensor(0.3750, grad_fn=<ToCopyBackward0>)
Memory status after this epoch: 
Memory allocated:  1.94189453125
Memory cached:  4.0
	 epoch  90 training error:  tensor(0.3708, grad_fn=<ToCopyBackward0>)
Memory status after this epoch: 
Memory allocated:  1.94189453125
Memory cached:  4.0
[I 2024-03-11 23:16:59,748] Trial 103 finished with value: 0.31852251291275024 and parameters: {'log_learning_rate': -1.5775739308368322, 'log_learning_rate_D': -3.255385662748387, 'log_learning_rate_D_dagger': -1.087594056332183, 'training_batch_size': 6, 'training_p': 3}. Best is trial 69 with value: 0.31162887811660767.
Time for this trial:  451.39711260795593
Memory status after this trial: 
Memory allocated:  3.4521484375
Memory cached:  4.0
--------------------  Trial  104   --------------------
Start timing: 
Parameters: 
{'log_learning_rate': -1.9057903937185159, 'log_learning_rate_D': -3.3707381271409287, 'log_learning_rate_D_dagger': -1.1851891536807715, 'training_batch_size': 6, 'training_p': 2}
	 epoch  0 training error:  tensor(114.7165, grad_fn=<ToCopyBackward0>)
Memory status after this epoch: 
Memory allocated:  1.94189453125
Memory cached:  4.0
	 epoch  10 training error:  tensor(1.2853, grad_fn=<ToCopyBackward0>)
Memory status after this epoch: 
Memory allocated:  1.94189453125
Memory cached:  4.0
	 epoch  20 training error:  tensor(0.4074, grad_fn=<ToCopyBackward0>)
Memory status after this epoch: 
Memory allocated:  1.94189453125
Memory cached:  4.0
	 epoch  30 training error:  tensor(0.3734, grad_fn=<ToCopyBackward0>)
Memory status after this epoch: 
Memory allocated:  1.94189453125
Memory cached:  4.0
	 epoch  40 training error:  tensor(0.3599, grad_fn=<ToCopyBackward0>)
Memory status after this epoch: 
Memory allocated:  1.94189453125
Memory cached:  4.0
	 epoch  50 training error:  tensor(0.3465, grad_fn=<ToCopyBackward0>)
Memory status after this epoch: 
Memory allocated:  1.94189453125
Memory cached:  4.0
	 epoch  60 training error:  tensor(0.3317, grad_fn=<ToCopyBackward0>)
Memory status after this epoch: 
Memory allocated:  1.94189453125
Memory cached:  4.0
	 epoch  70 training error:  tensor(0.3139, grad_fn=<ToCopyBackward0>)
Memory status after this epoch: 
Memory allocated:  1.94189453125
Memory cached:  4.0
	 epoch  80 training error:  tensor(0.3135, grad_fn=<ToCopyBackward0>)
Memory status after this epoch: 
Memory allocated:  1.94189453125
Memory cached:  4.0
	 epoch  90 training error:  tensor(0.3128, grad_fn=<ToCopyBackward0>)
Memory status after this epoch: 
Memory allocated:  1.94189453125
Memory cached:  4.0
[I 2024-03-11 23:24:31,128] Trial 104 finished with value: 0.3347878158092499 and parameters: {'log_learning_rate': -1.9057903937185159, 'log_learning_rate_D': -3.3707381271409287, 'log_learning_rate_D_dagger': -1.1851891536807715, 'training_batch_size': 6, 'training_p': 2}. Best is trial 69 with value: 0.31162887811660767.
Time for this trial:  451.1294629573822
Memory status after this trial: 
Memory allocated:  3.4521484375
Memory cached:  4.0
--------------------  Trial  105   --------------------
Start timing: 
Parameters: 
{'log_learning_rate': -1.715431662013839, 'log_learning_rate_D': -3.8162890104957543, 'log_learning_rate_D_dagger': -1.6616710956746703, 'training_batch_size': 7, 'training_p': 2}
	 epoch  0 training error:  tensor(163.3883, grad_fn=<ToCopyBackward0>)
Memory status after this epoch: 
Memory allocated:  1.84228515625
Memory cached:  4.0
	 epoch  10 training error:  tensor(2.2811, grad_fn=<ToCopyBackward0>)
Memory status after this epoch: 
Memory allocated:  1.84228515625
Memory cached:  4.0
	 epoch  20 training error:  tensor(0.5831, grad_fn=<ToCopyBackward0>)
Memory status after this epoch: 
Memory allocated:  1.84228515625
Memory cached:  4.0
	 epoch  30 training error:  tensor(0.5044, grad_fn=<ToCopyBackward0>)
Memory status after this epoch: 
Memory allocated:  1.84228515625
Memory cached:  4.0
	 epoch  40 training error:  tensor(0.4853, grad_fn=<ToCopyBackward0>)
Memory status after this epoch: 
Memory allocated:  1.84228515625
Memory cached:  4.0
	 epoch  50 training error:  tensor(0.4678, grad_fn=<ToCopyBackward0>)
Memory status after this epoch: 
Memory allocated:  1.84228515625
Memory cached:  4.0
	 epoch  60 training error:  tensor(0.4512, grad_fn=<ToCopyBackward0>)
Memory status after this epoch: 
Memory allocated:  1.84228515625
Memory cached:  4.0
	 epoch  70 training error:  tensor(0.4359, grad_fn=<ToCopyBackward0>)
Memory status after this epoch: 
Memory allocated:  1.84228515625
Memory cached:  4.0
	 epoch  80 training error:  tensor(0.4215, grad_fn=<ToCopyBackward0>)
Memory status after this epoch: 
Memory allocated:  1.84228515625
Memory cached:  4.0
	 epoch  90 training error:  tensor(0.4084, grad_fn=<ToCopyBackward0>)
Memory status after this epoch: 
Memory allocated:  1.84228515625
Memory cached:  4.0
