[I 2024-01-01 16:25:45,198] Trial 273 finished with value: 0.4025413691997528 and parameters: {'W_layers': 5, 'W_layer_units_exponent_0': 8, 'W_layer_units_exponent_1': 10, 'W_layer_units_exponent_2': 6, 'W_layer_units_exponent_3': 6, 'W_layer_units_exponent_4': 5, 'D_layers': 5, 'D_layer_units_exponent_0': 7, 'D_layer_units_exponent_1': 9, 'D_layer_units_exponent_2': 8, 'D_layer_units_exponent_3': 8, 'D_layer_units_exponent_4': 5, 'D_dagger_layers': 3, 'D_dagger_layer_units_exponent_0': 9, 'D_dagger_layer_units_exponent_1': 5, 'D_dagger_layer_units_exponent_2': 5, 'log_learning_rate': -2.584458291996614, 'log_learning_rate_D': -3.9760589330557, 'log_learning_rate_D_dagger': -3.3694399436667473, 'training_batch_size': 6, 'training_p': 7}. Best is trial 220 with value: 0.11745021492242813.
Time for this trial:  317.63881850242615
Memory status after this trial: 
Memory allocated:  376.9013671875
Memory cached:  408.0
--------------------  Trial  274   --------------------
Start timing: 
Parameters: 
{'W_layers': 5, 'W_layer_units_exponent_0': 8, 'W_layer_units_exponent_1': 10, 'W_layer_units_exponent_2': 6, 'W_layer_units_exponent_3': 7, 'W_layer_units_exponent_4': 5, 'D_layers': 5, 'D_layer_units_exponent_0': 7, 'D_layer_units_exponent_1': 9, 'D_layer_units_exponent_2': 10, 'D_layer_units_exponent_3': 8, 'D_layer_units_exponent_4': 5, 'D_dagger_layers': 3, 'D_dagger_layer_units_exponent_0': 9, 'D_dagger_layer_units_exponent_1': 4, 'D_dagger_layer_units_exponent_2': 5, 'log_learning_rate': -1.3327596903117604, 'log_learning_rate_D': -2.2547057868262392, 'log_learning_rate_D_dagger': -2.501687746257038, 'training_batch_size': 6, 'training_p': 2}
	 epoch  0 training error:  tensor(20.0567, device='cuda:0', grad_fn=<DivBackward0>)
Memory status after this epoch: 
Memory allocated:  220.80517578125
Memory cached:  404.0
	 epoch  10 training error:  tensor(1044.4805, device='cuda:0', grad_fn=<DivBackward0>)
Memory status after this epoch: 
Memory allocated:  220.80517578125
Memory cached:  416.0
	 epoch  20 training error:  tensor(91.6278, device='cuda:0', grad_fn=<DivBackward0>)
Memory status after this epoch: 
Memory allocated:  220.80517578125
Memory cached:  432.0
	 epoch  30 training error:  tensor(0.9544, device='cuda:0', grad_fn=<DivBackward0>)
Memory status after this epoch: 
Memory allocated:  220.80517578125
Memory cached:  422.0
	 epoch  40 training error:  tensor(0.4667, device='cuda:0', grad_fn=<DivBackward0>)
Memory status after this epoch: 
Memory allocated:  220.80517578125
Memory cached:  432.0
	 epoch  50 training error:  tensor(0.4520, device='cuda:0', grad_fn=<DivBackward0>)
Memory status after this epoch: 
Memory allocated:  220.80517578125
Memory cached:  434.0
	 epoch  60 training error:  tensor(0.4504, device='cuda:0', grad_fn=<DivBackward0>)
Memory status after this epoch: 
Memory allocated:  220.80517578125
Memory cached:  430.0
	 epoch  70 training error:  tensor(0.4498, device='cuda:0', grad_fn=<DivBackward0>)
Memory status after this epoch: 
Memory allocated:  220.80517578125
Memory cached:  428.0
	 epoch  80 training error:  tensor(0.4517, device='cuda:0', grad_fn=<DivBackward0>)
Memory status after this epoch: 
Memory allocated:  220.80517578125
Memory cached:  432.0
	 epoch  90 training error:  tensor(0.4582, device='cuda:0', grad_fn=<DivBackward0>)
Memory status after this epoch: 
Memory allocated:  220.80517578125
Memory cached:  426.0
[I 2024-01-01 16:31:08,838] Trial 274 finished with value: 0.5130109786987305 and parameters: {'W_layers': 5, 'W_layer_units_exponent_0': 8, 'W_layer_units_exponent_1': 10, 'W_layer_units_exponent_2': 6, 'W_layer_units_exponent_3': 7, 'W_layer_units_exponent_4': 5, 'D_layers': 5, 'D_layer_units_exponent_0': 7, 'D_layer_units_exponent_1': 9, 'D_layer_units_exponent_2': 10, 'D_layer_units_exponent_3': 8, 'D_layer_units_exponent_4': 5, 'D_dagger_layers': 3, 'D_dagger_layer_units_exponent_0': 9, 'D_dagger_layer_units_exponent_1': 4, 'D_dagger_layer_units_exponent_2': 5, 'log_learning_rate': -1.3327596903117604, 'log_learning_rate_D': -2.2547057868262392, 'log_learning_rate_D_dagger': -2.501687746257038, 'training_batch_size': 6, 'training_p': 2}. Best is trial 220 with value: 0.11745021492242813.
Time for this trial:  323.16172909736633
Memory status after this trial: 
Memory allocated:  424.7275390625
Memory cached:  448.0
--------------------  Trial  275   --------------------
Start timing: 
Parameters: 
{'W_layers': 5, 'W_layer_units_exponent_0': 8, 'W_layer_units_exponent_1': 10, 'W_layer_units_exponent_2': 6, 'W_layer_units_exponent_3': 6, 'W_layer_units_exponent_4': 4, 'D_layers': 5, 'D_layer_units_exponent_0': 7, 'D_layer_units_exponent_1': 9, 'D_layer_units_exponent_2': 8, 'D_layer_units_exponent_3': 8, 'D_layer_units_exponent_4': 4, 'D_dagger_layers': 3, 'D_dagger_layer_units_exponent_0': 9, 'D_dagger_layer_units_exponent_1': 4, 'D_dagger_layer_units_exponent_2': 4, 'log_learning_rate': -3.08098258389222, 'log_learning_rate_D': -3.3356531922211943, 'log_learning_rate_D_dagger': -2.3515910617506095, 'training_batch_size': 6, 'training_p': 7}
	 epoch  0 training error:  tensor(0.9575, device='cuda:0', grad_fn=<DivBackward0>)
Memory status after this epoch: 
Memory allocated:  211.61767578125
Memory cached:  390.0
	 epoch  10 training error:  tensor(0.5472, device='cuda:0', grad_fn=<DivBackward0>)
Memory status after this epoch: 
Memory allocated:  211.61767578125
Memory cached:  424.0
	 epoch  20 training error:  tensor(0.5468, device='cuda:0', grad_fn=<DivBackward0>)
Memory status after this epoch: 
Memory allocated:  211.61767578125
Memory cached:  428.0
	 epoch  30 training error:  tensor(0.5312, device='cuda:0', grad_fn=<DivBackward0>)
Memory status after this epoch: 
Memory allocated:  211.61767578125
Memory cached:  420.0
	 epoch  40 training error:  tensor(0.5308, device='cuda:0', grad_fn=<DivBackward0>)
Memory status after this epoch: 
Memory allocated:  211.61767578125
Memory cached:  424.0
	 epoch  50 training error:  tensor(0.4030, device='cuda:0', grad_fn=<DivBackward0>)
Memory status after this epoch: 
Memory allocated:  211.61767578125
Memory cached:  428.0
	 epoch  60 training error:  tensor(0.3429, device='cuda:0', grad_fn=<DivBackward0>)
Memory status after this epoch: 
Memory allocated:  211.61767578125
Memory cached:  432.0
	 epoch  70 training error:  tensor(0.2869, device='cuda:0', grad_fn=<DivBackward0>)
Memory status after this epoch: 
Memory allocated:  211.61767578125
Memory cached:  422.0
	 epoch  80 training error:  tensor(0.4604, device='cuda:0', grad_fn=<DivBackward0>)
Memory status after this epoch: 
Memory allocated:  211.61767578125
Memory cached:  424.0
	 epoch  90 training error:  tensor(0.2699, device='cuda:0', grad_fn=<DivBackward0>)
Memory status after this epoch: 
Memory allocated:  211.61767578125
Memory cached:  434.0
[I 2024-01-01 16:36:23,042] Trial 275 finished with value: 0.1690024882555008 and parameters: {'W_layers': 5, 'W_layer_units_exponent_0': 8, 'W_layer_units_exponent_1': 10, 'W_layer_units_exponent_2': 6, 'W_layer_units_exponent_3': 6, 'W_layer_units_exponent_4': 4, 'D_layers': 5, 'D_layer_units_exponent_0': 7, 'D_layer_units_exponent_1': 9, 'D_layer_units_exponent_2': 8, 'D_layer_units_exponent_3': 8, 'D_layer_units_exponent_4': 4, 'D_dagger_layers': 3, 'D_dagger_layer_units_exponent_0': 9, 'D_dagger_layer_units_exponent_1': 4, 'D_dagger_layer_units_exponent_2': 4, 'log_learning_rate': -3.08098258389222, 'log_learning_rate_D': -3.3356531922211943, 'log_learning_rate_D_dagger': -2.3515910617506095, 'training_batch_size': 6, 'training_p': 7}. Best is trial 220 with value: 0.11745021492242813.
Time for this trial:  313.72540402412415
Memory status after this trial: 
Memory allocated:  374.3583984375
Memory cached:  420.0
--------------------  Trial  276   --------------------
Start timing: 
Parameters: 
{'W_layers': 5, 'W_layer_units_exponent_0': 9, 'W_layer_units_exponent_1': 10, 'W_layer_units_exponent_2': 6, 'W_layer_units_exponent_3': 6, 'W_layer_units_exponent_4': 5, 'D_layers': 5, 'D_layer_units_exponent_0': 7, 'D_layer_units_exponent_1': 10, 'D_layer_units_exponent_2': 8, 'D_layer_units_exponent_3': 8, 'D_layer_units_exponent_4': 5, 'D_dagger_layers': 3, 'D_dagger_layer_units_exponent_0': 9, 'D_dagger_layer_units_exponent_1': 7, 'D_dagger_layer_units_exponent_2': 5, 'log_learning_rate': -2.6557819037684425, 'log_learning_rate_D': -3.63156143004348, 'log_learning_rate_D_dagger': -3.4936826236278726, 'training_batch_size': 6, 'training_p': 7}
	 epoch  0 training error:  tensor(1.0465, device='cuda:0', grad_fn=<DivBackward0>)
Memory status after this epoch: 
Memory allocated:  219.64501953125
Memory cached:  404.0
	 epoch  10 training error:  tensor(0.5567, device='cuda:0', grad_fn=<DivBackward0>)
Memory status after this epoch: 
Memory allocated:  219.64501953125
Memory cached:  410.0
	 epoch  20 training error:  tensor(0.5403, device='cuda:0', grad_fn=<DivBackward0>)
Memory status after this epoch: 
Memory allocated:  219.64501953125
Memory cached:  416.0
	 epoch  30 training error:  tensor(0.5365, device='cuda:0', grad_fn=<DivBackward0>)
Memory status after this epoch: 
Memory allocated:  219.64501953125
Memory cached:  424.0
	 epoch  40 training error:  tensor(0.5349, device='cuda:0', grad_fn=<DivBackward0>)
Memory status after this epoch: 
Memory allocated:  219.64501953125
Memory cached:  424.0
	 epoch  50 training error:  tensor(0.5329, device='cuda:0', grad_fn=<DivBackward0>)
Memory status after this epoch: 
Memory allocated:  219.64501953125
Memory cached:  422.0
	 epoch  60 training error:  tensor(0.5312, device='cuda:0', grad_fn=<DivBackward0>)
Memory status after this epoch: 
Memory allocated:  219.64501953125
Memory cached:  426.0
	 epoch  70 training error:  tensor(0.5274, device='cuda:0', grad_fn=<DivBackward0>)
Memory status after this epoch: 
Memory allocated:  219.64501953125
Memory cached:  418.0
	 epoch  80 training error:  tensor(0.5204, device='cuda:0', grad_fn=<DivBackward0>)
Memory status after this epoch: 
Memory allocated:  219.64501953125
Memory cached:  418.0
	 epoch  90 training error:  tensor(0.4805, device='cuda:0', grad_fn=<DivBackward0>)
Memory status after this epoch: 
Memory allocated:  219.64501953125
Memory cached:  428.0
[I 2024-01-01 16:41:48,040] Trial 276 finished with value: 0.3521093428134918 and parameters: {'W_layers': 5, 'W_layer_units_exponent_0': 9, 'W_layer_units_exponent_1': 10, 'W_layer_units_exponent_2': 6, 'W_layer_units_exponent_3': 6, 'W_layer_units_exponent_4': 5, 'D_layers': 5, 'D_layer_units_exponent_0': 7, 'D_layer_units_exponent_1': 10, 'D_layer_units_exponent_2': 8, 'D_layer_units_exponent_3': 8, 'D_layer_units_exponent_4': 5, 'D_dagger_layers': 3, 'D_dagger_layer_units_exponent_0': 9, 'D_dagger_layer_units_exponent_1': 7, 'D_dagger_layer_units_exponent_2': 5, 'log_learning_rate': -2.6557819037684425, 'log_learning_rate_D': -3.63156143004348, 'log_learning_rate_D_dagger': -3.4936826236278726, 'training_batch_size': 6, 'training_p': 7}. Best is trial 220 with value: 0.11745021492242813.
Time for this trial:  324.54766058921814
Memory status after this trial: 
Memory allocated:  426.6767578125
Memory cached:  448.0
--------------------  Trial  277   --------------------
Start timing: 
Parameters: 
{'W_layers': 5, 'W_layer_units_exponent_0': 8, 'W_layer_units_exponent_1': 10, 'W_layer_units_exponent_2': 6, 'W_layer_units_exponent_3': 5, 'W_layer_units_exponent_4': 5, 'D_layers': 5, 'D_layer_units_exponent_0': 7, 'D_layer_units_exponent_1': 9, 'D_layer_units_exponent_2': 10, 'D_layer_units_exponent_3': 8, 'D_layer_units_exponent_4': 4, 'D_dagger_layers': 3, 'D_dagger_layer_units_exponent_0': 9, 'D_dagger_layer_units_exponent_1': 4, 'D_dagger_layer_units_exponent_2': 5, 'log_learning_rate': -2.314003880548057, 'log_learning_rate_D': -4.076067677736063, 'log_learning_rate_D_dagger': -2.146098998953263, 'training_batch_size': 6, 'training_p': 5}
	 epoch  0 training error:  tensor(1.4757, device='cuda:0', grad_fn=<DivBackward0>)
Memory status after this epoch: 
Memory allocated:  220.60205078125
Memory cached:  414.0
	 epoch  10 training error:  tensor(0.5127, device='cuda:0', grad_fn=<DivBackward0>)
Memory status after this epoch: 
Memory allocated:  220.60205078125
Memory cached:  428.0
	 epoch  20 training error:  tensor(0.5057, device='cuda:0', grad_fn=<DivBackward0>)
Memory status after this epoch: 
Memory allocated:  220.60205078125
Memory cached:  418.0
	 epoch  30 training error:  tensor(0.4859, device='cuda:0', grad_fn=<DivBackward0>)
Memory status after this epoch: 
Memory allocated:  220.60205078125
Memory cached:  414.0
	 epoch  40 training error:  tensor(0.4856, device='cuda:0', grad_fn=<DivBackward0>)
Memory status after this epoch: 
Memory allocated:  220.60205078125
Memory cached:  418.0
	 epoch  50 training error:  tensor(0.3601, device='cuda:0', grad_fn=<DivBackward0>)
Memory status after this epoch: 
Memory allocated:  220.60205078125
Memory cached:  422.0
	 epoch  60 training error:  tensor(0.2985, device='cuda:0', grad_fn=<DivBackward0>)
Memory status after this epoch: 
Memory allocated:  220.60205078125
Memory cached:  412.0
	 epoch  70 training error:  tensor(0.3160, device='cuda:0', grad_fn=<DivBackward0>)
Memory status after this epoch: 
Memory allocated:  220.60205078125
Memory cached:  418.0
	 epoch  80 training error:  tensor(0.2828, device='cuda:0', grad_fn=<DivBackward0>)
Memory status after this epoch: 
Memory allocated:  220.60205078125
Memory cached:  416.0
	 epoch  90 training error:  tensor(0.2327, device='cuda:0', grad_fn=<DivBackward0>)
Memory status after this epoch: 
Memory allocated:  220.60205078125
Memory cached:  414.0
[I 2024-01-01 16:47:11,620] Trial 277 finished with value: 0.14109882712364197 and parameters: {'W_layers': 5, 'W_layer_units_exponent_0': 8, 'W_layer_units_exponent_1': 10, 'W_layer_units_exponent_2': 6, 'W_layer_units_exponent_3': 5, 'W_layer_units_exponent_4': 5, 'D_layers': 5, 'D_layer_units_exponent_0': 7, 'D_layer_units_exponent_1': 9, 'D_layer_units_exponent_2': 10, 'D_layer_units_exponent_3': 8, 'D_layer_units_exponent_4': 4, 'D_dagger_layers': 3, 'D_dagger_layer_units_exponent_0': 9, 'D_dagger_layer_units_exponent_1': 4, 'D_dagger_layer_units_exponent_2': 5, 'log_learning_rate': -2.314003880548057, 'log_learning_rate_D': -4.076067677736063, 'log_learning_rate_D_dagger': -2.146098998953263, 'training_batch_size': 6, 'training_p': 5}. Best is trial 220 with value: 0.11745021492242813.
Time for this trial:  323.1444344520569
Memory status after this trial: 
Memory allocated:  418.9189453125
Memory cached:  442.0
--------------------  Trial  278   --------------------
Start timing: 
Parameters: 
{'W_layers': 5, 'W_layer_units_exponent_0': 8, 'W_layer_units_exponent_1': 10, 'W_layer_units_exponent_2': 6, 'W_layer_units_exponent_3': 4, 'W_layer_units_exponent_4': 5, 'D_layers': 5, 'D_layer_units_exponent_0': 7, 'D_layer_units_exponent_1': 9, 'D_layer_units_exponent_2': 10, 'D_layer_units_exponent_3': 8, 'D_layer_units_exponent_4': 4, 'D_dagger_layers': 3, 'D_dagger_layer_units_exponent_0': 9, 'D_dagger_layer_units_exponent_1': 7, 'D_dagger_layer_units_exponent_2': 5, 'log_learning_rate': -2.004810363804311, 'log_learning_rate_D': -4.104582343824143, 'log_learning_rate_D_dagger': -2.0734134789793837, 'training_batch_size': 6, 'training_p': 6}
	 epoch  0 training error:  tensor(2.1449, device='cuda:0', grad_fn=<DivBackward0>)
Memory status after this epoch: 
Memory allocated:  221.50830078125
Memory cached:  404.0
	 epoch  10 training error:  tensor(0.5829, device='cuda:0', grad_fn=<DivBackward0>)
Memory status after this epoch: 
Memory allocated:  221.50830078125
Memory cached:  422.0
	 epoch  20 training error:  tensor(0.5869, device='cuda:0', grad_fn=<DivBackward0>)
Memory status after this epoch: 
Memory allocated:  221.50830078125
Memory cached:  416.0
	 epoch  30 training error:  tensor(0.5404, device='cuda:0', grad_fn=<DivBackward0>)
Memory status after this epoch: 
Memory allocated:  221.50830078125
Memory cached:  420.0
	 epoch  40 training error:  tensor(0.5121, device='cuda:0', grad_fn=<DivBackward0>)
Memory status after this epoch: 
Memory allocated:  221.50830078125
Memory cached:  416.0
	 epoch  50 training error:  tensor(0.5079, device='cuda:0', grad_fn=<DivBackward0>)
Memory status after this epoch: 
Memory allocated:  221.50830078125
Memory cached:  426.0
	 epoch  60 training error:  tensor(0.5112, device='cuda:0', grad_fn=<DivBackward0>)
Memory status after this epoch: 
Memory allocated:  221.50830078125
Memory cached:  434.0
	 epoch  70 training error:  tensor(0.5040, device='cuda:0', grad_fn=<DivBackward0>)
Memory status after this epoch: 
Memory allocated:  221.50830078125
Memory cached:  420.0
	 epoch  80 training error:  tensor(0.5003, device='cuda:0', grad_fn=<DivBackward0>)
Memory status after this epoch: 
Memory allocated:  221.50830078125
Memory cached:  416.0
	 epoch  90 training error:  tensor(0.3871, device='cuda:0', grad_fn=<DivBackward0>)
Memory status after this epoch: 
Memory allocated:  221.50830078125
Memory cached:  424.0
[I 2024-01-01 16:52:35,579] Trial 278 finished with value: 0.197334885597229 and parameters: {'W_layers': 5, 'W_layer_units_exponent_0': 8, 'W_layer_units_exponent_1': 10, 'W_layer_units_exponent_2': 6, 'W_layer_units_exponent_3': 4, 'W_layer_units_exponent_4': 5, 'D_layers': 5, 'D_layer_units_exponent_0': 7, 'D_layer_units_exponent_1': 9, 'D_layer_units_exponent_2': 10, 'D_layer_units_exponent_3': 8, 'D_layer_units_exponent_4': 4, 'D_dagger_layers': 3, 'D_dagger_layer_units_exponent_0': 9, 'D_dagger_layer_units_exponent_1': 7, 'D_dagger_layer_units_exponent_2': 5, 'log_learning_rate': -2.004810363804311, 'log_learning_rate_D': -4.104582343824143, 'log_learning_rate_D_dagger': -2.0734134789793837, 'training_batch_size': 6, 'training_p': 6}. Best is trial 220 with value: 0.11745021492242813.
Time for this trial:  323.50685715675354
Memory status after this trial: 
Memory allocated:  424.4990234375
Memory cached:  448.0
--------------------  Trial  279   --------------------
Start timing: 
Parameters: 
{'W_layers': 4, 'W_layer_units_exponent_0': 8, 'W_layer_units_exponent_1': 10, 'W_layer_units_exponent_2': 6, 'W_layer_units_exponent_3': 5, 'D_layers': 5, 'D_layer_units_exponent_0': 7, 'D_layer_units_exponent_1': 9, 'D_layer_units_exponent_2': 10, 'D_layer_units_exponent_3': 8, 'D_layer_units_exponent_4': 4, 'D_dagger_layers': 3, 'D_dagger_layer_units_exponent_0': 7, 'D_dagger_layer_units_exponent_1': 6, 'D_dagger_layer_units_exponent_2': 5, 'log_learning_rate': -2.8622410738282498, 'log_learning_rate_D': -4.267223066014667, 'log_learning_rate_D_dagger': -2.1478214167930076, 'training_batch_size': 6, 'training_p': 6}
	 epoch  0 training error:  tensor(1.0278, device='cuda:0', grad_fn=<DivBackward0>)
Memory status after this epoch: 
Memory allocated:  220.59033203125
Memory cached:  402.0
	 epoch  10 training error:  tensor(0.5304, device='cuda:0', grad_fn=<DivBackward0>)
Memory status after this epoch: 
Memory allocated:  220.59033203125
Memory cached:  418.0
	 epoch  20 training error:  tensor(0.5203, device='cuda:0', grad_fn=<DivBackward0>)
Memory status after this epoch: 
Memory allocated:  220.59033203125
Memory cached:  424.0
	 epoch  30 training error:  tensor(0.5321, device='cuda:0', grad_fn=<DivBackward0>)
Memory status after this epoch: 
Memory allocated:  220.59033203125
Memory cached:  414.0
	 epoch  40 training error:  tensor(0.5293, device='cuda:0', grad_fn=<DivBackward0>)
Memory status after this epoch: 
Memory allocated:  220.59033203125
Memory cached:  420.0
	 epoch  50 training error:  tensor(0.5322, device='cuda:0', grad_fn=<DivBackward0>)
Memory status after this epoch: 
Memory allocated:  220.59033203125
Memory cached:  424.0
	 epoch  60 training error:  tensor(0.5125, device='cuda:0', grad_fn=<DivBackward0>)
Memory status after this epoch: 
Memory allocated:  220.59033203125
Memory cached:  424.0
	 epoch  70 training error:  tensor(0.5073, device='cuda:0', grad_fn=<DivBackward0>)
Memory status after this epoch: 
Memory allocated:  220.59033203125
Memory cached:  424.0
	 epoch  80 training error:  tensor(0.5050, device='cuda:0', grad_fn=<DivBackward0>)
Memory status after this epoch: 
Memory allocated:  220.59033203125
Memory cached:  424.0
	 epoch  90 training error:  tensor(0.4990, device='cuda:0', grad_fn=<DivBackward0>)
Memory status after this epoch: 
Memory allocated:  220.59033203125
Memory cached:  426.0
