[I 2024-01-03 21:57:52,193] Trial 126 finished with value: 0.11697574704885483 and parameters: {'W_layers': 6, 'W_layer_units_exponent_0': 7, 'W_layer_units_exponent_1': 5, 'W_layer_units_exponent_2': 7, 'W_layer_units_exponent_3': 5, 'W_layer_units_exponent_4': 7, 'W_layer_units_exponent_5': 8, 'D_layers': 3, 'D_layer_units_exponent_0': 10, 'D_layer_units_exponent_1': 7, 'D_layer_units_exponent_2': 9, 'D_dagger_layers': 4, 'D_dagger_layer_units_exponent_0': 10, 'D_dagger_layer_units_exponent_1': 10, 'D_dagger_layer_units_exponent_2': 4, 'D_dagger_layer_units_exponent_3': 5, 'log_learning_rate': -4.0032387849393025, 'log_learning_rate_D': -3.271903885901703, 'log_learning_rate_D_dagger': -3.2148251428544796, 'training_batch_size': 8, 'training_p': 8}. Best is trial 87 with value: 0.11369848251342773.
Time for this trial:  190.23763704299927
Memory status after this trial: 
Memory allocated:  511.2431640625
Memory cached:  620.0
--------------------  Trial  127   --------------------
Start timing: 
Parameters: 
{'W_layers': 7, 'W_layer_units_exponent_0': 7, 'W_layer_units_exponent_1': 5, 'W_layer_units_exponent_2': 7, 'W_layer_units_exponent_3': 5, 'W_layer_units_exponent_4': 7, 'W_layer_units_exponent_5': 8, 'W_layer_units_exponent_6': 5, 'D_layers': 3, 'D_layer_units_exponent_0': 10, 'D_layer_units_exponent_1': 7, 'D_layer_units_exponent_2': 9, 'D_dagger_layers': 3, 'D_dagger_layer_units_exponent_0': 10, 'D_dagger_layer_units_exponent_1': 10, 'D_dagger_layer_units_exponent_2': 4, 'log_learning_rate': -4.00347369034563, 'log_learning_rate_D': -3.3118335718847582, 'log_learning_rate_D_dagger': -3.275481124650594, 'training_batch_size': 8, 'training_p': 8}
	 epoch  0 training error:  tensor(1.0298, device='cuda:0', grad_fn=<DivBackward0>)
Memory status after this epoch: 
Memory allocated:  289.56396484375
Memory cached:  622.0
	 epoch  10 training error:  tensor(0.5799, device='cuda:0', grad_fn=<DivBackward0>)
Memory status after this epoch: 
Memory allocated:  289.56396484375
Memory cached:  670.0
	 epoch  20 training error:  tensor(0.5589, device='cuda:0', grad_fn=<DivBackward0>)
Memory status after this epoch: 
Memory allocated:  289.56396484375
Memory cached:  672.0
	 epoch  30 training error:  tensor(0.5782, device='cuda:0', grad_fn=<DivBackward0>)
Memory status after this epoch: 
Memory allocated:  289.56396484375
Memory cached:  668.0
	 epoch  40 training error:  tensor(0.5579, device='cuda:0', grad_fn=<DivBackward0>)
Memory status after this epoch: 
Memory allocated:  289.56396484375
Memory cached:  664.0
	 epoch  50 training error:  tensor(0.5469, device='cuda:0', grad_fn=<DivBackward0>)
Memory status after this epoch: 
Memory allocated:  289.56396484375
Memory cached:  672.0
	 epoch  60 training error:  tensor(0.5445, device='cuda:0', grad_fn=<DivBackward0>)
Memory status after this epoch: 
Memory allocated:  289.56396484375
Memory cached:  664.0
	 epoch  70 training error:  tensor(0.5474, device='cuda:0', grad_fn=<DivBackward0>)
Memory status after this epoch: 
Memory allocated:  289.56396484375
Memory cached:  662.0
	 epoch  80 training error:  tensor(0.5576, device='cuda:0', grad_fn=<DivBackward0>)
Memory status after this epoch: 
Memory allocated:  289.56396484375
Memory cached:  664.0
	 epoch  90 training error:  tensor(0.5422, device='cuda:0', grad_fn=<DivBackward0>)
Memory status after this epoch: 
Memory allocated:  289.56396484375
Memory cached:  668.0
[I 2024-01-03 22:01:03,981] Trial 127 finished with value: 0.5296609401702881 and parameters: {'W_layers': 7, 'W_layer_units_exponent_0': 7, 'W_layer_units_exponent_1': 5, 'W_layer_units_exponent_2': 7, 'W_layer_units_exponent_3': 5, 'W_layer_units_exponent_4': 7, 'W_layer_units_exponent_5': 8, 'W_layer_units_exponent_6': 5, 'D_layers': 3, 'D_layer_units_exponent_0': 10, 'D_layer_units_exponent_1': 7, 'D_layer_units_exponent_2': 9, 'D_dagger_layers': 3, 'D_dagger_layer_units_exponent_0': 10, 'D_dagger_layer_units_exponent_1': 10, 'D_dagger_layer_units_exponent_2': 4, 'log_learning_rate': -4.00347369034563, 'log_learning_rate_D': -3.3118335718847582, 'log_learning_rate_D_dagger': -3.275481124650594, 'training_batch_size': 8, 'training_p': 8}. Best is trial 87 with value: 0.11369848251342773.
Time for this trial:  191.28396582603455
Memory status after this trial: 
Memory allocated:  513.107421875
Memory cached:  612.0
--------------------  Trial  128   --------------------
Start timing: 
Parameters: 
{'W_layers': 6, 'W_layer_units_exponent_0': 7, 'W_layer_units_exponent_1': 5, 'W_layer_units_exponent_2': 8, 'W_layer_units_exponent_3': 5, 'W_layer_units_exponent_4': 7, 'W_layer_units_exponent_5': 8, 'D_layers': 3, 'D_layer_units_exponent_0': 10, 'D_layer_units_exponent_1': 7, 'D_layer_units_exponent_2': 9, 'D_dagger_layers': 4, 'D_dagger_layer_units_exponent_0': 10, 'D_dagger_layer_units_exponent_1': 10, 'D_dagger_layer_units_exponent_2': 4, 'D_dagger_layer_units_exponent_3': 5, 'log_learning_rate': -4.1265287782700035, 'log_learning_rate_D': -3.1708232101056932, 'log_learning_rate_D_dagger': -3.245726245607706, 'training_batch_size': 8, 'training_p': 8}
	 epoch  0 training error:  tensor(0.9733, device='cuda:0', grad_fn=<DivBackward0>)
Memory status after this epoch: 
Memory allocated:  289.57568359375
Memory cached:  624.0
	 epoch  10 training error:  tensor(0.5637, device='cuda:0', grad_fn=<DivBackward0>)
Memory status after this epoch: 
Memory allocated:  289.57568359375
Memory cached:  692.0
	 epoch  20 training error:  tensor(0.5498, device='cuda:0', grad_fn=<DivBackward0>)
Memory status after this epoch: 
Memory allocated:  289.57568359375
Memory cached:  684.0
	 epoch  30 training error:  tensor(0.5453, device='cuda:0', grad_fn=<DivBackward0>)
Memory status after this epoch: 
Memory allocated:  289.57568359375
Memory cached:  678.0
	 epoch  40 training error:  tensor(0.5409, device='cuda:0', grad_fn=<DivBackward0>)
Memory status after this epoch: 
Memory allocated:  289.57568359375
Memory cached:  690.0
	 epoch  50 training error:  tensor(0.5228, device='cuda:0', grad_fn=<DivBackward0>)
Memory status after this epoch: 
Memory allocated:  289.57568359375
Memory cached:  690.0
	 epoch  60 training error:  tensor(0.4290, device='cuda:0', grad_fn=<DivBackward0>)
Memory status after this epoch: 
Memory allocated:  289.57568359375
Memory cached:  690.0
	 epoch  70 training error:  tensor(0.3209, device='cuda:0', grad_fn=<DivBackward0>)
Memory status after this epoch: 
Memory allocated:  289.57568359375
Memory cached:  676.0
	 epoch  80 training error:  tensor(0.2747, device='cuda:0', grad_fn=<DivBackward0>)
Memory status after this epoch: 
Memory allocated:  289.57568359375
Memory cached:  696.0
	 epoch  90 training error:  tensor(0.2496, device='cuda:0', grad_fn=<DivBackward0>)
Memory status after this epoch: 
Memory allocated:  289.57568359375
Memory cached:  680.0
[I 2024-01-03 22:04:15,805] Trial 128 finished with value: 0.15738774836063385 and parameters: {'W_layers': 6, 'W_layer_units_exponent_0': 7, 'W_layer_units_exponent_1': 5, 'W_layer_units_exponent_2': 8, 'W_layer_units_exponent_3': 5, 'W_layer_units_exponent_4': 7, 'W_layer_units_exponent_5': 8, 'D_layers': 3, 'D_layer_units_exponent_0': 10, 'D_layer_units_exponent_1': 7, 'D_layer_units_exponent_2': 9, 'D_dagger_layers': 4, 'D_dagger_layer_units_exponent_0': 10, 'D_dagger_layer_units_exponent_1': 10, 'D_dagger_layer_units_exponent_2': 4, 'D_dagger_layer_units_exponent_3': 5, 'log_learning_rate': -4.1265287782700035, 'log_learning_rate_D': -3.1708232101056932, 'log_learning_rate_D_dagger': -3.245726245607706, 'training_batch_size': 8, 'training_p': 8}. Best is trial 87 with value: 0.11369848251342773.
Time for this trial:  191.35465002059937
Memory status after this trial: 
Memory allocated:  518.142578125
Memory cached:  630.0
--------------------  Trial  129   --------------------
Start timing: 
Parameters: 
{'W_layers': 6, 'W_layer_units_exponent_0': 7, 'W_layer_units_exponent_1': 5, 'W_layer_units_exponent_2': 7, 'W_layer_units_exponent_3': 5, 'W_layer_units_exponent_4': 7, 'W_layer_units_exponent_5': 8, 'D_layers': 2, 'D_layer_units_exponent_0': 10, 'D_layer_units_exponent_1': 8, 'D_dagger_layers': 4, 'D_dagger_layer_units_exponent_0': 10, 'D_dagger_layer_units_exponent_1': 10, 'D_dagger_layer_units_exponent_2': 4, 'D_dagger_layer_units_exponent_3': 5, 'log_learning_rate': -3.872666598494383, 'log_learning_rate_D': -3.236549789755185, 'log_learning_rate_D_dagger': -2.8958780161598567, 'training_batch_size': 10, 'training_p': 8}
	 epoch  0 training error:  tensor(1.0144, device='cuda:0', grad_fn=<DivBackward0>)
Memory status after this epoch: 
Memory allocated:  290.43896484375
Memory cached:  626.0
	 epoch  10 training error:  tensor(0.5716, device='cuda:0', grad_fn=<DivBackward0>)
Memory status after this epoch: 
Memory allocated:  290.43896484375
Memory cached:  670.0
	 epoch  20 training error:  tensor(0.5588, device='cuda:0', grad_fn=<DivBackward0>)
Memory status after this epoch: 
Memory allocated:  290.43896484375
Memory cached:  670.0
	 epoch  30 training error:  tensor(0.5315, device='cuda:0', grad_fn=<DivBackward0>)
Memory status after this epoch: 
Memory allocated:  290.43896484375
Memory cached:  676.0
	 epoch  40 training error:  tensor(0.5327, device='cuda:0', grad_fn=<DivBackward0>)
Memory status after this epoch: 
Memory allocated:  290.43896484375
Memory cached:  676.0
	 epoch  50 training error:  tensor(0.5902, device='cuda:0', grad_fn=<DivBackward0>)
Memory status after this epoch: 
Memory allocated:  290.43896484375
Memory cached:  678.0
	 epoch  60 training error:  tensor(0.5665, device='cuda:0', grad_fn=<DivBackward0>)
Memory status after this epoch: 
Memory allocated:  290.43896484375
Memory cached:  670.0
	 epoch  70 training error:  tensor(0.5533, device='cuda:0', grad_fn=<DivBackward0>)
Memory status after this epoch: 
Memory allocated:  290.43896484375
Memory cached:  676.0
	 epoch  80 training error:  tensor(0.5408, device='cuda:0', grad_fn=<DivBackward0>)
Memory status after this epoch: 
Memory allocated:  290.43896484375
Memory cached:  678.0
	 epoch  90 training error:  tensor(0.5410, device='cuda:0', grad_fn=<DivBackward0>)
Memory status after this epoch: 
Memory allocated:  290.43896484375
Memory cached:  676.0
[I 2024-01-03 22:07:14,923] Trial 129 finished with value: 0.40090471506118774 and parameters: {'W_layers': 6, 'W_layer_units_exponent_0': 7, 'W_layer_units_exponent_1': 5, 'W_layer_units_exponent_2': 7, 'W_layer_units_exponent_3': 5, 'W_layer_units_exponent_4': 7, 'W_layer_units_exponent_5': 8, 'D_layers': 2, 'D_layer_units_exponent_0': 10, 'D_layer_units_exponent_1': 8, 'D_dagger_layers': 4, 'D_dagger_layer_units_exponent_0': 10, 'D_dagger_layer_units_exponent_1': 10, 'D_dagger_layer_units_exponent_2': 4, 'D_dagger_layer_units_exponent_3': 5, 'log_learning_rate': -3.872666598494383, 'log_learning_rate_D': -3.236549789755185, 'log_learning_rate_D_dagger': -2.8958780161598567, 'training_batch_size': 10, 'training_p': 8}. Best is trial 87 with value: 0.11369848251342773.
Time for this trial:  178.60473656654358
Memory status after this trial: 
Memory allocated:  493.369140625
Memory cached:  624.0
--------------------  Trial  130   --------------------
Start timing: 
Parameters: 
{'W_layers': 6, 'W_layer_units_exponent_0': 6, 'W_layer_units_exponent_1': 5, 'W_layer_units_exponent_2': 8, 'W_layer_units_exponent_3': 5, 'W_layer_units_exponent_4': 7, 'W_layer_units_exponent_5': 9, 'D_layers': 3, 'D_layer_units_exponent_0': 10, 'D_layer_units_exponent_1': 6, 'D_layer_units_exponent_2': 9, 'D_dagger_layers': 5, 'D_dagger_layer_units_exponent_0': 10, 'D_dagger_layer_units_exponent_1': 9, 'D_dagger_layer_units_exponent_2': 4, 'D_dagger_layer_units_exponent_3': 6, 'D_dagger_layer_units_exponent_4': 5, 'log_learning_rate': -3.955622868068842, 'log_learning_rate_D': -2.9160771597729687, 'log_learning_rate_D_dagger': -3.1722876615026747, 'training_batch_size': 9, 'training_p': 8}
	 epoch  0 training error:  tensor(0.9913, device='cuda:0', grad_fn=<DivBackward0>)
Memory status after this epoch: 
Memory allocated:  280.46044921875
Memory cached:  602.0
	 epoch  10 training error:  tensor(0.5642, device='cuda:0', grad_fn=<DivBackward0>)
Memory status after this epoch: 
Memory allocated:  280.46044921875
Memory cached:  642.0
	 epoch  20 training error:  tensor(0.5521, device='cuda:0', grad_fn=<DivBackward0>)
Memory status after this epoch: 
Memory allocated:  280.46044921875
Memory cached:  640.0
	 epoch  30 training error:  tensor(0.5389, device='cuda:0', grad_fn=<DivBackward0>)
Memory status after this epoch: 
Memory allocated:  280.46044921875
Memory cached:  650.0
	 epoch  40 training error:  tensor(0.5325, device='cuda:0', grad_fn=<DivBackward0>)
Memory status after this epoch: 
Memory allocated:  280.46044921875
Memory cached:  642.0
	 epoch  50 training error:  tensor(0.5341, device='cuda:0', grad_fn=<DivBackward0>)
Memory status after this epoch: 
Memory allocated:  280.46044921875
Memory cached:  646.0
	 epoch  60 training error:  tensor(0.4821, device='cuda:0', grad_fn=<DivBackward0>)
Memory status after this epoch: 
Memory allocated:  280.46044921875
Memory cached:  646.0
	 epoch  70 training error:  tensor(0.3766, device='cuda:0', grad_fn=<DivBackward0>)
Memory status after this epoch: 
Memory allocated:  280.46044921875
Memory cached:  636.0
	 epoch  80 training error:  tensor(0.2664, device='cuda:0', grad_fn=<DivBackward0>)
Memory status after this epoch: 
Memory allocated:  280.46044921875
Memory cached:  642.0
	 epoch  90 training error:  tensor(0.2561, device='cuda:0', grad_fn=<DivBackward0>)
Memory status after this epoch: 
Memory allocated:  280.46044921875
Memory cached:  648.0
[I 2024-01-03 22:10:32,166] Trial 130 finished with value: 0.14973485469818115 and parameters: {'W_layers': 6, 'W_layer_units_exponent_0': 6, 'W_layer_units_exponent_1': 5, 'W_layer_units_exponent_2': 8, 'W_layer_units_exponent_3': 5, 'W_layer_units_exponent_4': 7, 'W_layer_units_exponent_5': 9, 'D_layers': 3, 'D_layer_units_exponent_0': 10, 'D_layer_units_exponent_1': 6, 'D_layer_units_exponent_2': 9, 'D_dagger_layers': 5, 'D_dagger_layer_units_exponent_0': 10, 'D_dagger_layer_units_exponent_1': 9, 'D_dagger_layer_units_exponent_2': 4, 'D_dagger_layer_units_exponent_3': 6, 'D_dagger_layer_units_exponent_4': 5, 'log_learning_rate': -3.955622868068842, 'log_learning_rate_D': -2.9160771597729687, 'log_learning_rate_D_dagger': -3.1722876615026747, 'training_batch_size': 9, 'training_p': 8}. Best is trial 87 with value: 0.11369848251342773.
Time for this trial:  196.8156521320343
Memory status after this trial: 
Memory allocated:  494.576171875
Memory cached:  608.0
--------------------  Trial  131   --------------------
Start timing: 
Parameters: 
{'W_layers': 6, 'W_layer_units_exponent_0': 6, 'W_layer_units_exponent_1': 5, 'W_layer_units_exponent_2': 8, 'W_layer_units_exponent_3': 5, 'W_layer_units_exponent_4': 7, 'W_layer_units_exponent_5': 9, 'D_layers': 3, 'D_layer_units_exponent_0': 10, 'D_layer_units_exponent_1': 6, 'D_layer_units_exponent_2': 9, 'D_dagger_layers': 5, 'D_dagger_layer_units_exponent_0': 10, 'D_dagger_layer_units_exponent_1': 9, 'D_dagger_layer_units_exponent_2': 4, 'D_dagger_layer_units_exponent_3': 6, 'D_dagger_layer_units_exponent_4': 5, 'log_learning_rate': -3.9721796108237553, 'log_learning_rate_D': -2.91918003311633, 'log_learning_rate_D_dagger': -3.162897970944627, 'training_batch_size': 9, 'training_p': 8}
	 epoch  0 training error:  tensor(1.0295, device='cuda:0', grad_fn=<DivBackward0>)
Memory status after this epoch: 
Memory allocated:  280.46044921875
Memory cached:  602.0
	 epoch  10 training error:  tensor(0.5849, device='cuda:0', grad_fn=<DivBackward0>)
Memory status after this epoch: 
Memory allocated:  280.46044921875
Memory cached:  654.0
	 epoch  20 training error:  tensor(0.5525, device='cuda:0', grad_fn=<DivBackward0>)
Memory status after this epoch: 
Memory allocated:  280.46044921875
Memory cached:  648.0
	 epoch  30 training error:  tensor(0.5536, device='cuda:0', grad_fn=<DivBackward0>)
Memory status after this epoch: 
Memory allocated:  280.46044921875
Memory cached:  648.0
	 epoch  40 training error:  tensor(0.5439, device='cuda:0', grad_fn=<DivBackward0>)
Memory status after this epoch: 
Memory allocated:  280.46044921875
Memory cached:  654.0
	 epoch  50 training error:  tensor(0.5422, device='cuda:0', grad_fn=<DivBackward0>)
Memory status after this epoch: 
Memory allocated:  280.46044921875
Memory cached:  652.0
	 epoch  60 training error:  tensor(0.5365, device='cuda:0', grad_fn=<DivBackward0>)
Memory status after this epoch: 
Memory allocated:  280.46044921875
Memory cached:  652.0
	 epoch  70 training error:  tensor(0.5347, device='cuda:0', grad_fn=<DivBackward0>)
Memory status after this epoch: 
Memory allocated:  280.46044921875
Memory cached:  648.0
	 epoch  80 training error:  tensor(0.5359, device='cuda:0', grad_fn=<DivBackward0>)
Memory status after this epoch: 
Memory allocated:  280.46044921875
Memory cached:  662.0
	 epoch  90 training error:  tensor(0.5216, device='cuda:0', grad_fn=<DivBackward0>)
Memory status after this epoch: 
Memory allocated:  280.46044921875
Memory cached:  650.0
[I 2024-01-03 22:13:49,627] Trial 131 finished with value: 0.4724457859992981 and parameters: {'W_layers': 6, 'W_layer_units_exponent_0': 6, 'W_layer_units_exponent_1': 5, 'W_layer_units_exponent_2': 8, 'W_layer_units_exponent_3': 5, 'W_layer_units_exponent_4': 7, 'W_layer_units_exponent_5': 9, 'D_layers': 3, 'D_layer_units_exponent_0': 10, 'D_layer_units_exponent_1': 6, 'D_layer_units_exponent_2': 9, 'D_dagger_layers': 5, 'D_dagger_layer_units_exponent_0': 10, 'D_dagger_layer_units_exponent_1': 9, 'D_dagger_layer_units_exponent_2': 4, 'D_dagger_layer_units_exponent_3': 6, 'D_dagger_layer_units_exponent_4': 5, 'log_learning_rate': -3.9721796108237553, 'log_learning_rate_D': -2.91918003311633, 'log_learning_rate_D_dagger': -3.162897970944627, 'training_batch_size': 9, 'training_p': 8}. Best is trial 87 with value: 0.11369848251342773.
Time for this trial:  196.93191504478455
Memory status after this trial: 
Memory allocated:  494.576171875
Memory cached:  620.0
--------------------  Trial  132   --------------------
Start timing: 
Parameters: 
{'W_layers': 6, 'W_layer_units_exponent_0': 5, 'W_layer_units_exponent_1': 5, 'W_layer_units_exponent_2': 8, 'W_layer_units_exponent_3': 6, 'W_layer_units_exponent_4': 7, 'W_layer_units_exponent_5': 9, 'D_layers': 3, 'D_layer_units_exponent_0': 10, 'D_layer_units_exponent_1': 6, 'D_layer_units_exponent_2': 9, 'D_dagger_layers': 5, 'D_dagger_layer_units_exponent_0': 10, 'D_dagger_layer_units_exponent_1': 9, 'D_dagger_layer_units_exponent_2': 4, 'D_dagger_layer_units_exponent_3': 6, 'D_dagger_layer_units_exponent_4': 5, 'log_learning_rate': -3.8783141790546023, 'log_learning_rate_D': -2.8201142878476473, 'log_learning_rate_D_dagger': -3.3999522069720687, 'training_batch_size': 9, 'training_p': 8}
	 epoch  0 training error:  tensor(1.0114, device='cuda:0', grad_fn=<DivBackward0>)
Memory status after this epoch: 
Memory allocated:  280.63232421875
Memory cached:  610.0
	 epoch  10 training error:  tensor(0.5733, device='cuda:0', grad_fn=<DivBackward0>)
Memory status after this epoch: 
Memory allocated:  280.63232421875
Memory cached:  650.0
	 epoch  20 training error:  tensor(0.5658, device='cuda:0', grad_fn=<DivBackward0>)
Memory status after this epoch: 
Memory allocated:  280.63232421875
Memory cached:  652.0
	 epoch  30 training error:  tensor(0.5489, device='cuda:0', grad_fn=<DivBackward0>)
Memory status after this epoch: 
Memory allocated:  280.63232421875
Memory cached:  642.0
	 epoch  40 training error:  tensor(0.5487, device='cuda:0', grad_fn=<DivBackward0>)
Memory status after this epoch: 
Memory allocated:  280.63232421875
Memory cached:  634.0
	 epoch  50 training error:  tensor(0.5405, device='cuda:0', grad_fn=<DivBackward0>)
Memory status after this epoch: 
Memory allocated:  280.63232421875
Memory cached:  658.0
	 epoch  60 training error:  tensor(0.5271, device='cuda:0', grad_fn=<DivBackward0>)
Memory status after this epoch: 
Memory allocated:  280.63232421875
Memory cached:  644.0
	 epoch  70 training error:  tensor(0.4752, device='cuda:0', grad_fn=<DivBackward0>)
Memory status after this epoch: 
Memory allocated:  280.63232421875
Memory cached:  648.0
	 epoch  80 training error:  tensor(0.3448, device='cuda:0', grad_fn=<DivBackward0>)
Memory status after this epoch: 
Memory allocated:  280.63232421875
Memory cached:  652.0
	 epoch  90 training error:  tensor(0.2816, device='cuda:0', grad_fn=<DivBackward0>)
Memory status after this epoch: 
Memory allocated:  280.63232421875
Memory cached:  650.0
