/home/shengduo/anaconda3/lib/python3.9/site-packages/scipy/__init__.py:146: UserWarning: A NumPy version >=1.16.5 and <1.23.0 is required for this version of SciPy (detected version 1.24.1
  warnings.warn(f"A NumPy version >={np_minversion} and <{np_maxversion}"
[I 2023-12-06 22:26:08,111] A new study created in memory with name: no-name-d18217d7-6d19-4a51-8749-64eb239a1ea6
Cuda is available:  True
Device is:  cuda:0
Memory allocated:  0.0
Memory cached:  0.0
Data file:  ./data/Trial1204_smallDRS_smallA.pt
Vs.shape:  torch.Size([100, 100])
thetas.shape:  torch.Size([100, 100])
fs.shape:  torch.Size([100, 100])
ts.shape:  torch.Size([100, 100])
Xs.shape:  torch.Size([100, 100])
--------------------  Trial  0   --------------------
Start timing: 
Parameters: 
{'W_layers': 5, 'W_layer_units_exponent_0': 5, 'W_layer_units_exponent_1': 4, 'W_layer_units_exponent_2': 4, 'W_layer_units_exponent_3': 10, 'W_layer_units_exponent_4': 9, 'D_layers': 5, 'D_layer_units_exponent_0': 5, 'D_layer_units_exponent_1': 8, 'D_layer_units_exponent_2': 9, 'D_layer_units_exponent_3': 7, 'D_layer_units_exponent_4': 4, 'D_dagger_layers': 3, 'D_dagger_layer_units_exponent_0': 8, 'D_dagger_layer_units_exponent_1': 7, 'D_dagger_layer_units_exponent_2': 6, 'log_learning_rate': -2.5522947858612706, 'log_learning_rate_D': -3.155530534360952, 'log_learning_rate_D_dagger': -1.6546089388693699, 'training_batch_size': 9, 'training_p': 4}
	 epoch  0 training error:  tensor(1.0240, device='cuda:0', grad_fn=<DivBackward0>)
Memory status after this epoch: 
Memory allocated:  12.234375
Memory cached:  140.0
	 epoch  10 training error:  tensor(0.9760, device='cuda:0', grad_fn=<DivBackward0>)
Memory status after this epoch: 
Memory allocated:  12.234375
Memory cached:  202.0
	 epoch  20 training error:  tensor(1.0205, device='cuda:0', grad_fn=<DivBackward0>)
Memory status after this epoch: 
Memory allocated:  12.234375
Memory cached:  202.0
	 epoch  30 training error:  tensor(0.9886, device='cuda:0', grad_fn=<DivBackward0>)
Memory status after this epoch: 
Memory allocated:  12.234375
Memory cached:  200.0
	 epoch  40 training error:  tensor(0.9832, device='cuda:0', grad_fn=<DivBackward0>)
Memory status after this epoch: 
Memory allocated:  12.234375
Memory cached:  190.0
	 epoch  50 training error:  tensor(0.9799, device='cuda:0', grad_fn=<DivBackward0>)
Memory status after this epoch: 
Memory allocated:  12.234375
Memory cached:  216.0
	 epoch  60 training error:  tensor(0.9785, device='cuda:0', grad_fn=<DivBackward0>)
Memory status after this epoch: 
Memory allocated:  12.234375
Memory cached:  204.0
	 epoch  70 training error:  tensor(0.9769, device='cuda:0', grad_fn=<DivBackward0>)
Memory status after this epoch: 
Memory allocated:  12.234375
Memory cached:  204.0
	 epoch  80 training error:  tensor(0.9751, device='cuda:0', grad_fn=<DivBackward0>)
Memory status after this epoch: 
Memory allocated:  12.234375
Memory cached:  204.0
	 epoch  90 training error:  tensor(0.9724, device='cuda:0', grad_fn=<DivBackward0>)
Memory status after this epoch: 
Memory allocated:  12.234375
Memory cached:  206.0
[I 2023-12-06 22:29:02,064] Trial 0 finished with value: 0.85613614320755 and parameters: {'W_layers': 5, 'W_layer_units_exponent_0': 5, 'W_layer_units_exponent_1': 4, 'W_layer_units_exponent_2': 4, 'W_layer_units_exponent_3': 10, 'W_layer_units_exponent_4': 9, 'D_layers': 5, 'D_layer_units_exponent_0': 5, 'D_layer_units_exponent_1': 8, 'D_layer_units_exponent_2': 9, 'D_layer_units_exponent_3': 7, 'D_layer_units_exponent_4': 4, 'D_dagger_layers': 3, 'D_dagger_layer_units_exponent_0': 8, 'D_dagger_layer_units_exponent_1': 7, 'D_dagger_layer_units_exponent_2': 6, 'log_learning_rate': -2.5522947858612706, 'log_learning_rate_D': -3.155530534360952, 'log_learning_rate_D_dagger': -1.6546089388693699, 'training_batch_size': 9, 'training_p': 4}. Best is trial 0 with value: 0.85613614320755.
res:  tensor(0.8561, device='cuda:0', grad_fn=<DivBackward0>)
self.bestValue:  10000000.0
Save this model!
Time for this trial:  173.83207774162292
Memory status after this trial: 
Memory allocated:  161.7236328125
Memory cached:  180.0
--------------------  Trial  1   --------------------
Start timing: 
Parameters: 
{'W_layers': 2, 'W_layer_units_exponent_0': 4, 'W_layer_units_exponent_1': 7, 'D_layers': 6, 'D_layer_units_exponent_0': 7, 'D_layer_units_exponent_1': 8, 'D_layer_units_exponent_2': 8, 'D_layer_units_exponent_3': 7, 'D_layer_units_exponent_4': 5, 'D_layer_units_exponent_5': 6, 'D_dagger_layers': 5, 'D_dagger_layer_units_exponent_0': 5, 'D_dagger_layer_units_exponent_1': 4, 'D_dagger_layer_units_exponent_2': 7, 'D_dagger_layer_units_exponent_3': 8, 'D_dagger_layer_units_exponent_4': 6, 'log_learning_rate': -1.6125682816609053, 'log_learning_rate_D': -1.8034613359117584, 'log_learning_rate_D_dagger': -3.384736486480296, 'training_batch_size': 10, 'training_p': 4}
	 epoch  0 training error:  tensor(1.0017, device='cuda:0', grad_fn=<DivBackward0>)
Memory status after this epoch: 
Memory allocated:  164.712890625
Memory cached:  216.0
	 epoch  10 training error:  tensor(0.9866, device='cuda:0', grad_fn=<DivBackward0>)
Memory status after this epoch: 
Memory allocated:  164.712890625
Memory cached:  252.0
	 epoch  20 training error:  tensor(0.9906, device='cuda:0', grad_fn=<DivBackward0>)
Memory status after this epoch: 
Memory allocated:  164.712890625
Memory cached:  260.0
	 epoch  30 training error:  tensor(0.9846, device='cuda:0', grad_fn=<DivBackward0>)
Memory status after this epoch: 
Memory allocated:  164.712890625
Memory cached:  252.0
	 epoch  40 training error:  tensor(0.9835, device='cuda:0', grad_fn=<DivBackward0>)
Memory status after this epoch: 
Memory allocated:  164.712890625
Memory cached:  262.0
	 epoch  50 training error:  tensor(0.9823, device='cuda:0', grad_fn=<DivBackward0>)
Memory status after this epoch: 
Memory allocated:  164.712890625
Memory cached:  254.0
	 epoch  60 training error:  tensor(0.9816, device='cuda:0', grad_fn=<DivBackward0>)
Memory status after this epoch: 
Memory allocated:  164.712890625
Memory cached:  266.0
	 epoch  70 training error:  tensor(0.9807, device='cuda:0', grad_fn=<DivBackward0>)
Memory status after this epoch: 
Memory allocated:  164.712890625
Memory cached:  252.0
	 epoch  80 training error:  tensor(0.9794, device='cuda:0', grad_fn=<DivBackward0>)
Memory status after this epoch: 
Memory allocated:  164.712890625
Memory cached:  256.0
	 epoch  90 training error:  tensor(0.9775, device='cuda:0', grad_fn=<DivBackward0>)
Memory status after this epoch: 
Memory allocated:  164.712890625
Memory cached:  256.0
[I 2023-12-06 22:31:48,421] Trial 1 finished with value: 0.895516037940979 and parameters: {'W_layers': 2, 'W_layer_units_exponent_0': 4, 'W_layer_units_exponent_1': 7, 'D_layers': 6, 'D_layer_units_exponent_0': 7, 'D_layer_units_exponent_1': 8, 'D_layer_units_exponent_2': 8, 'D_layer_units_exponent_3': 7, 'D_layer_units_exponent_4': 5, 'D_layer_units_exponent_5': 6, 'D_dagger_layers': 5, 'D_dagger_layer_units_exponent_0': 5, 'D_dagger_layer_units_exponent_1': 4, 'D_dagger_layer_units_exponent_2': 7, 'D_dagger_layer_units_exponent_3': 8, 'D_dagger_layer_units_exponent_4': 6, 'log_learning_rate': -1.6125682816609053, 'log_learning_rate_D': -1.8034613359117584, 'log_learning_rate_D_dagger': -3.384736486480296, 'training_batch_size': 10, 'training_p': 4}. Best is trial 0 with value: 0.85613614320755.
Time for this trial:  166.23596858978271
Memory status after this trial: 
Memory allocated:  241.78125
Memory cached:  260.0
--------------------  Trial  2   --------------------
Start timing: 
Parameters: 
{'W_layers': 6, 'W_layer_units_exponent_0': 4, 'W_layer_units_exponent_1': 5, 'W_layer_units_exponent_2': 9, 'W_layer_units_exponent_3': 6, 'W_layer_units_exponent_4': 10, 'W_layer_units_exponent_5': 9, 'D_layers': 7, 'D_layer_units_exponent_0': 5, 'D_layer_units_exponent_1': 8, 'D_layer_units_exponent_2': 10, 'D_layer_units_exponent_3': 6, 'D_layer_units_exponent_4': 6, 'D_layer_units_exponent_5': 6, 'D_layer_units_exponent_6': 7, 'D_dagger_layers': 5, 'D_dagger_layer_units_exponent_0': 4, 'D_dagger_layer_units_exponent_1': 6, 'D_dagger_layer_units_exponent_2': 9, 'D_dagger_layer_units_exponent_3': 7, 'D_dagger_layer_units_exponent_4': 10, 'log_learning_rate': -2.310598607740025, 'log_learning_rate_D': -2.4504800258956023, 'log_learning_rate_D_dagger': -2.447711376928426, 'training_batch_size': 8, 'training_p': 5}
	 epoch  0 training error:  tensor(1.0100, device='cuda:0', grad_fn=<DivBackward0>)
Memory status after this epoch: 
Memory allocated:  180.53125
Memory cached:  268.0
	 epoch  10 training error:  tensor(1.0243, device='cuda:0', grad_fn=<DivBackward0>)
Memory status after this epoch: 
Memory allocated:  180.53125
Memory cached:  320.0
	 epoch  20 training error:  tensor(0.9883, device='cuda:0', grad_fn=<DivBackward0>)
Memory status after this epoch: 
Memory allocated:  180.53125
Memory cached:  328.0
	 epoch  30 training error:  tensor(0.9881, device='cuda:0', grad_fn=<DivBackward0>)
Memory status after this epoch: 
Memory allocated:  180.53125
Memory cached:  322.0
	 epoch  40 training error:  tensor(0.9878, device='cuda:0', grad_fn=<DivBackward0>)
Memory status after this epoch: 
Memory allocated:  180.53125
Memory cached:  336.0
	 epoch  50 training error:  tensor(0.9864, device='cuda:0', grad_fn=<DivBackward0>)
Memory status after this epoch: 
Memory allocated:  180.53125
Memory cached:  322.0
	 epoch  60 training error:  tensor(0.9855, device='cuda:0', grad_fn=<DivBackward0>)
Memory status after this epoch: 
Memory allocated:  180.53125
Memory cached:  324.0
	 epoch  70 training error:  tensor(0.9849, device='cuda:0', grad_fn=<DivBackward0>)
Memory status after this epoch: 
Memory allocated:  180.53125
Memory cached:  324.0
	 epoch  80 training error:  tensor(0.9844, device='cuda:0', grad_fn=<DivBackward0>)
Memory status after this epoch: 
Memory allocated:  180.53125
Memory cached:  322.0
	 epoch  90 training error:  tensor(0.9841, device='cuda:0', grad_fn=<DivBackward0>)
Memory status after this epoch: 
Memory allocated:  180.53125
Memory cached:  312.0
[I 2023-12-06 22:35:43,377] Trial 2 finished with value: 0.8928090333938599 and parameters: {'W_layers': 6, 'W_layer_units_exponent_0': 4, 'W_layer_units_exponent_1': 5, 'W_layer_units_exponent_2': 9, 'W_layer_units_exponent_3': 6, 'W_layer_units_exponent_4': 10, 'W_layer_units_exponent_5': 9, 'D_layers': 7, 'D_layer_units_exponent_0': 5, 'D_layer_units_exponent_1': 8, 'D_layer_units_exponent_2': 10, 'D_layer_units_exponent_3': 6, 'D_layer_units_exponent_4': 6, 'D_layer_units_exponent_5': 6, 'D_layer_units_exponent_6': 7, 'D_dagger_layers': 5, 'D_dagger_layer_units_exponent_0': 4, 'D_dagger_layer_units_exponent_1': 6, 'D_dagger_layer_units_exponent_2': 9, 'D_dagger_layer_units_exponent_3': 7, 'D_dagger_layer_units_exponent_4': 10, 'log_learning_rate': -2.310598607740025, 'log_learning_rate_D': -2.4504800258956023, 'log_learning_rate_D_dagger': -2.447711376928426, 'training_batch_size': 8, 'training_p': 5}. Best is trial 0 with value: 0.85613614320755.
Time for this trial:  234.78695821762085
Memory status after this trial: 
Memory allocated:  453.875
Memory cached:  472.0
--------------------  Trial  3   --------------------
Start timing: 
Parameters: 
{'W_layers': 8, 'W_layer_units_exponent_0': 5, 'W_layer_units_exponent_1': 9, 'W_layer_units_exponent_2': 9, 'W_layer_units_exponent_3': 4, 'W_layer_units_exponent_4': 5, 'W_layer_units_exponent_5': 5, 'W_layer_units_exponent_6': 8, 'W_layer_units_exponent_7': 10, 'D_layers': 4, 'D_layer_units_exponent_0': 4, 'D_layer_units_exponent_1': 8, 'D_layer_units_exponent_2': 4, 'D_layer_units_exponent_3': 6, 'D_dagger_layers': 8, 'D_dagger_layer_units_exponent_0': 6, 'D_dagger_layer_units_exponent_1': 5, 'D_dagger_layer_units_exponent_2': 7, 'D_dagger_layer_units_exponent_3': 5, 'D_dagger_layer_units_exponent_4': 8, 'D_dagger_layer_units_exponent_5': 5, 'D_dagger_layer_units_exponent_6': 6, 'D_dagger_layer_units_exponent_7': 7, 'log_learning_rate': -2.2210832508767, 'log_learning_rate_D': -4.768557643852743, 'log_learning_rate_D_dagger': -1.742811727702577, 'training_batch_size': 10, 'training_p': 5}
	 epoch  0 training error:  tensor(1.0006, device='cuda:0', grad_fn=<DivBackward0>)
Memory status after this epoch: 
Memory allocated:  171.078125
Memory cached:  242.0
	 epoch  10 training error:  tensor(0.8467, device='cuda:0', grad_fn=<DivBackward0>)
Memory status after this epoch: 
Memory allocated:  171.078125
Memory cached:  310.0
	 epoch  20 training error:  tensor(0.9740, device='cuda:0', grad_fn=<DivBackward0>)
Memory status after this epoch: 
Memory allocated:  171.078125
Memory cached:  322.0
	 epoch  30 training error:  tensor(0.8135, device='cuda:0', grad_fn=<DivBackward0>)
Memory status after this epoch: 
Memory allocated:  171.078125
Memory cached:  310.0
	 epoch  40 training error:  tensor(0.7869, device='cuda:0', grad_fn=<DivBackward0>)
Memory status after this epoch: 
Memory allocated:  171.078125
Memory cached:  318.0
	 epoch  50 training error:  tensor(0.7474, device='cuda:0', grad_fn=<DivBackward0>)
Memory status after this epoch: 
Memory allocated:  171.078125
Memory cached:  310.0
	 epoch  60 training error:  tensor(0.7011, device='cuda:0', grad_fn=<DivBackward0>)
Memory status after this epoch: 
Memory allocated:  171.078125
Memory cached:  320.0
	 epoch  70 training error:  tensor(0.7300, device='cuda:0', grad_fn=<DivBackward0>)
Memory status after this epoch: 
Memory allocated:  171.078125
Memory cached:  314.0
	 epoch  80 training error:  tensor(0.4781, device='cuda:0', grad_fn=<DivBackward0>)
Memory status after this epoch: 
Memory allocated:  171.078125
Memory cached:  316.0
	 epoch  90 training error:  tensor(0.9993, device='cuda:0', grad_fn=<DivBackward0>)
Memory status after this epoch: 
Memory allocated:  171.078125
Memory cached:  308.0
[I 2023-12-06 22:39:33,988] Trial 3 finished with value: 0.9174959063529968 and parameters: {'W_layers': 8, 'W_layer_units_exponent_0': 5, 'W_layer_units_exponent_1': 9, 'W_layer_units_exponent_2': 9, 'W_layer_units_exponent_3': 4, 'W_layer_units_exponent_4': 5, 'W_layer_units_exponent_5': 5, 'W_layer_units_exponent_6': 8, 'W_layer_units_exponent_7': 10, 'D_layers': 4, 'D_layer_units_exponent_0': 4, 'D_layer_units_exponent_1': 8, 'D_layer_units_exponent_2': 4, 'D_layer_units_exponent_3': 6, 'D_dagger_layers': 8, 'D_dagger_layer_units_exponent_0': 6, 'D_dagger_layer_units_exponent_1': 5, 'D_dagger_layer_units_exponent_2': 7, 'D_dagger_layer_units_exponent_3': 5, 'D_dagger_layer_units_exponent_4': 8, 'D_dagger_layer_units_exponent_5': 5, 'D_dagger_layer_units_exponent_6': 6, 'D_dagger_layer_units_exponent_7': 7, 'log_learning_rate': -2.2210832508767, 'log_learning_rate_D': -4.768557643852743, 'log_learning_rate_D_dagger': -1.742811727702577, 'training_batch_size': 10, 'training_p': 5}. Best is trial 0 with value: 0.85613614320755.
Time for this trial:  230.42506909370422
Memory status after this trial: 
Memory allocated:  344.89208984375
Memory cached:  366.0
--------------------  Trial  4   --------------------
Start timing: 
Parameters: 
{'W_layers': 3, 'W_layer_units_exponent_0': 10, 'W_layer_units_exponent_1': 6, 'W_layer_units_exponent_2': 6, 'D_layers': 2, 'D_layer_units_exponent_0': 5, 'D_layer_units_exponent_1': 7, 'D_dagger_layers': 5, 'D_dagger_layer_units_exponent_0': 9, 'D_dagger_layer_units_exponent_1': 8, 'D_dagger_layer_units_exponent_2': 9, 'D_dagger_layer_units_exponent_3': 9, 'D_dagger_layer_units_exponent_4': 5, 'log_learning_rate': -4.947491685034079, 'log_learning_rate_D': -1.8065788934423392, 'log_learning_rate_D_dagger': -1.687581525670316, 'training_batch_size': 6, 'training_p': 5}
	 epoch  0 training error:  tensor(5.0216, device='cuda:0', grad_fn=<DivBackward0>)
Memory status after this epoch: 
Memory allocated:  171.248046875
Memory cached:  230.0
	 epoch  10 training error:  tensor(1.9115, device='cuda:0', grad_fn=<DivBackward0>)
Memory status after this epoch: 
Memory allocated:  171.248046875
Memory cached:  260.0
	 epoch  20 training error:  tensor(20.1383, device='cuda:0', grad_fn=<DivBackward0>)
Memory status after this epoch: 
Memory allocated:  171.248046875
Memory cached:  262.0
	 epoch  30 training error:  tensor(1.0017, device='cuda:0', grad_fn=<DivBackward0>)
Memory status after this epoch: 
Memory allocated:  171.248046875
Memory cached:  264.0
	 epoch  40 training error:  tensor(0.9919, device='cuda:0', grad_fn=<DivBackward0>)
Memory status after this epoch: 
Memory allocated:  171.248046875
Memory cached:  266.0
	 epoch  50 training error:  tensor(0.9674, device='cuda:0', grad_fn=<DivBackward0>)
Memory status after this epoch: 
Memory allocated:  171.248046875
Memory cached:  262.0
	 epoch  60 training error:  tensor(0.9290, device='cuda:0', grad_fn=<DivBackward0>)
Memory status after this epoch: 
Memory allocated:  171.248046875
Memory cached:  262.0
	 epoch  70 training error:  tensor(0.8991, device='cuda:0', grad_fn=<DivBackward0>)
Memory status after this epoch: 
Memory allocated:  171.248046875
Memory cached:  262.0
	 epoch  80 training error:  tensor(0.8761, device='cuda:0', grad_fn=<DivBackward0>)
Memory status after this epoch: 
Memory allocated:  171.248046875
Memory cached:  262.0
	 epoch  90 training error:  tensor(0.9056, device='cuda:0', grad_fn=<DivBackward0>)
Memory status after this epoch: 
Memory allocated:  171.248046875
Memory cached:  262.0
[I 2023-12-06 22:44:05,700] Trial 4 finished with value: 0.7426902651786804 and parameters: {'W_layers': 3, 'W_layer_units_exponent_0': 10, 'W_layer_units_exponent_1': 6, 'W_layer_units_exponent_2': 6, 'D_layers': 2, 'D_layer_units_exponent_0': 5, 'D_layer_units_exponent_1': 7, 'D_dagger_layers': 5, 'D_dagger_layer_units_exponent_0': 9, 'D_dagger_layer_units_exponent_1': 8, 'D_dagger_layer_units_exponent_2': 9, 'D_dagger_layer_units_exponent_3': 9, 'D_dagger_layer_units_exponent_4': 5, 'log_learning_rate': -4.947491685034079, 'log_learning_rate_D': -1.8065788934423392, 'log_learning_rate_D_dagger': -1.687581525670316, 'training_batch_size': 6, 'training_p': 5}. Best is trial 4 with value: 0.7426902651786804.
res:  tensor(0.7427, device='cuda:0', grad_fn=<DivBackward0>)
self.bestValue:  tensor(0.8561, device='cuda:0', grad_fn=<DivBackward0>)
Save this model!
Time for this trial:  271.5198037624359
Memory status after this trial: 
Memory allocated:  170.884765625
Memory cached:  332.0
--------------------  Trial  5   --------------------
Start timing: 
Parameters: 
{'W_layers': 4, 'W_layer_units_exponent_0': 9, 'W_layer_units_exponent_1': 5, 'W_layer_units_exponent_2': 6, 'W_layer_units_exponent_3': 6, 'D_layers': 2, 'D_layer_units_exponent_0': 9, 'D_layer_units_exponent_1': 4, 'D_dagger_layers': 3, 'D_dagger_layer_units_exponent_0': 7, 'D_dagger_layer_units_exponent_1': 8, 'D_dagger_layer_units_exponent_2': 10, 'log_learning_rate': -2.398635070793315, 'log_learning_rate_D': -1.0130836975312003, 'log_learning_rate_D_dagger': -4.412980133038712, 'training_batch_size': 9, 'training_p': 8}
	 epoch  0 training error:  tensor(1.0010, device='cuda:0', grad_fn=<DivBackward0>)
Memory status after this epoch: 
Memory allocated:  175.919921875
Memory cached:  334.0
	 epoch  10 training error:  tensor(1.0028, device='cuda:0', grad_fn=<DivBackward0>)
Memory status after this epoch: 
Memory allocated:  175.919921875
Memory cached:  334.0
	 epoch  20 training error:  tensor(0.9942, device='cuda:0', grad_fn=<DivBackward0>)
Memory status after this epoch: 
Memory allocated:  175.919921875
Memory cached:  334.0
	 epoch  30 training error:  tensor(0.9908, device='cuda:0', grad_fn=<DivBackward0>)
Memory status after this epoch: 
Memory allocated:  175.919921875
Memory cached:  334.0
	 epoch  40 training error:  tensor(0.9869, device='cuda:0', grad_fn=<DivBackward0>)
Memory status after this epoch: 
Memory allocated:  175.919921875
Memory cached:  334.0
	 epoch  50 training error:  tensor(0.9834, device='cuda:0', grad_fn=<DivBackward0>)
Memory status after this epoch: 
Memory allocated:  175.919921875
Memory cached:  334.0
	 epoch  60 training error:  tensor(0.9795, device='cuda:0', grad_fn=<DivBackward0>)
Memory status after this epoch: 
Memory allocated:  175.919921875
Memory cached:  334.0
	 epoch  70 training error:  tensor(0.9749, device='cuda:0', grad_fn=<DivBackward0>)
Memory status after this epoch: 
Memory allocated:  175.919921875
Memory cached:  334.0
	 epoch  80 training error:  tensor(0.9702, device='cuda:0', grad_fn=<DivBackward0>)
Memory status after this epoch: 
Memory allocated:  175.919921875
Memory cached:  334.0
	 epoch  90 training error:  tensor(0.9648, device='cuda:0', grad_fn=<DivBackward0>)
Memory status after this epoch: 
Memory allocated:  175.919921875
Memory cached:  334.0
