[I 2023-12-06 11:58:32,551] Trial 52 finished with value: 0.6107120513916016 and parameters: {'W_layers': 6, 'W_layer_units_exponent_0': 5, 'W_layer_units_exponent_1': 8, 'W_layer_units_exponent_2': 4, 'W_layer_units_exponent_3': 5, 'W_layer_units_exponent_4': 7, 'W_layer_units_exponent_5': 5, 'D_layers': 3, 'D_layer_units_exponent_0': 6, 'D_layer_units_exponent_1': 4, 'D_layer_units_exponent_2': 10, 'log_learning_rate': -1.4938108629637377, 'log_learning_rate_D': -2.1101989116406252, 'training_batch_size': 11, 'training_p': 3}. Best is trial 42 with value: 0.333601713180542.
Time for this trial:  15.798181772232056
Memory status after this trial: 
Memory allocated:  24.43212890625
Memory cached:  38.0
--------------------  Trial  53   --------------------
Start timing: 
Parameters: 
{'W_layers': 6, 'W_layer_units_exponent_0': 7, 'W_layer_units_exponent_1': 9, 'W_layer_units_exponent_2': 4, 'W_layer_units_exponent_3': 4, 'W_layer_units_exponent_4': 6, 'W_layer_units_exponent_5': 6, 'D_layers': 4, 'D_layer_units_exponent_0': 6, 'D_layer_units_exponent_1': 5, 'D_layer_units_exponent_2': 10, 'D_layer_units_exponent_3': 8, 'log_learning_rate': -2.0298635426572416, 'log_learning_rate_D': -2.24048264469206, 'training_batch_size': 11, 'training_p': 4}
	 epoch  0 training error:  tensor(0.9074, device='cuda:0', grad_fn=<DivBackward0>)
Memory status after this epoch: 
Memory allocated:  14.849609375
Memory cached:  38.0
	 epoch  10 training error:  tensor(0.5355, device='cuda:0', grad_fn=<DivBackward0>)
Memory status after this epoch: 
Memory allocated:  14.849609375
Memory cached:  38.0
	 epoch  20 training error:  tensor(0.4199, device='cuda:0', grad_fn=<DivBackward0>)
Memory status after this epoch: 
Memory allocated:  14.849609375
Memory cached:  38.0
	 epoch  30 training error:  tensor(0.3693, device='cuda:0', grad_fn=<DivBackward0>)
Memory status after this epoch: 
Memory allocated:  14.849609375
Memory cached:  38.0
	 epoch  40 training error:  tensor(0.3956, device='cuda:0', grad_fn=<DivBackward0>)
Memory status after this epoch: 
Memory allocated:  14.849609375
Memory cached:  38.0
	 epoch  50 training error:  tensor(0.3732, device='cuda:0', grad_fn=<DivBackward0>)
Memory status after this epoch: 
Memory allocated:  14.849609375
Memory cached:  38.0
	 epoch  60 training error:  tensor(0.3675, device='cuda:0', grad_fn=<DivBackward0>)
Memory status after this epoch: 
Memory allocated:  14.849609375
Memory cached:  38.0
	 epoch  70 training error:  tensor(0.3637, device='cuda:0', grad_fn=<DivBackward0>)
Memory status after this epoch: 
Memory allocated:  14.849609375
Memory cached:  38.0
	 epoch  80 training error:  tensor(0.3618, device='cuda:0', grad_fn=<DivBackward0>)
Memory status after this epoch: 
Memory allocated:  14.849609375
Memory cached:  38.0
	 epoch  90 training error:  tensor(0.3603, device='cuda:0', grad_fn=<DivBackward0>)
Memory status after this epoch: 
Memory allocated:  14.849609375
Memory cached:  38.0
[I 2023-12-06 11:58:48,464] Trial 53 finished with value: 0.34269455075263977 and parameters: {'W_layers': 6, 'W_layer_units_exponent_0': 7, 'W_layer_units_exponent_1': 9, 'W_layer_units_exponent_2': 4, 'W_layer_units_exponent_3': 4, 'W_layer_units_exponent_4': 6, 'W_layer_units_exponent_5': 6, 'D_layers': 4, 'D_layer_units_exponent_0': 6, 'D_layer_units_exponent_1': 5, 'D_layer_units_exponent_2': 10, 'D_layer_units_exponent_3': 8, 'log_learning_rate': -2.0298635426572416, 'log_learning_rate_D': -2.24048264469206, 'training_batch_size': 11, 'training_p': 4}. Best is trial 42 with value: 0.333601713180542.
Time for this trial:  15.723621368408203
Memory status after this trial: 
Memory allocated:  31.46142578125
Memory cached:  38.0
--------------------  Trial  54   --------------------
Start timing: 
Parameters: 
{'W_layers': 5, 'W_layer_units_exponent_0': 6, 'W_layer_units_exponent_1': 8, 'W_layer_units_exponent_2': 4, 'W_layer_units_exponent_3': 5, 'W_layer_units_exponent_4': 6, 'D_layers': 5, 'D_layer_units_exponent_0': 8, 'D_layer_units_exponent_1': 5, 'D_layer_units_exponent_2': 10, 'D_layer_units_exponent_3': 7, 'D_layer_units_exponent_4': 9, 'log_learning_rate': -1.7516497657432855, 'log_learning_rate_D': -1.6990968722196365, 'training_batch_size': 10, 'training_p': 3}
	 epoch  0 training error:  tensor(0.8907, device='cuda:0', grad_fn=<DivBackward0>)
Memory status after this epoch: 
Memory allocated:  13.76318359375
Memory cached:  38.0
	 epoch  10 training error:  tensor(1.0238, device='cuda:0', grad_fn=<DivBackward0>)
Memory status after this epoch: 
Memory allocated:  13.76318359375
Memory cached:  38.0
	 epoch  20 training error:  tensor(0.6071, device='cuda:0', grad_fn=<DivBackward0>)
Memory status after this epoch: 
Memory allocated:  13.76318359375
Memory cached:  38.0
	 epoch  30 training error:  tensor(0.4084, device='cuda:0', grad_fn=<DivBackward0>)
Memory status after this epoch: 
Memory allocated:  13.76318359375
Memory cached:  38.0
	 epoch  40 training error:  tensor(0.3972, device='cuda:0', grad_fn=<DivBackward0>)
Memory status after this epoch: 
Memory allocated:  13.76318359375
Memory cached:  38.0
	 epoch  50 training error:  tensor(0.3850, device='cuda:0', grad_fn=<DivBackward0>)
Memory status after this epoch: 
Memory allocated:  13.76318359375
Memory cached:  38.0
	 epoch  60 training error:  tensor(0.3678, device='cuda:0', grad_fn=<DivBackward0>)
Memory status after this epoch: 
Memory allocated:  13.76318359375
Memory cached:  38.0
	 epoch  70 training error:  tensor(0.3583, device='cuda:0', grad_fn=<DivBackward0>)
Memory status after this epoch: 
Memory allocated:  13.76318359375
Memory cached:  38.0
	 epoch  80 training error:  tensor(0.3574, device='cuda:0', grad_fn=<DivBackward0>)
Memory status after this epoch: 
Memory allocated:  13.76318359375
Memory cached:  38.0
	 epoch  90 training error:  tensor(0.3553, device='cuda:0', grad_fn=<DivBackward0>)
Memory status after this epoch: 
Memory allocated:  13.76318359375
Memory cached:  38.0
[I 2023-12-06 11:59:04,131] Trial 54 finished with value: 0.3324073851108551 and parameters: {'W_layers': 5, 'W_layer_units_exponent_0': 6, 'W_layer_units_exponent_1': 8, 'W_layer_units_exponent_2': 4, 'W_layer_units_exponent_3': 5, 'W_layer_units_exponent_4': 6, 'D_layers': 5, 'D_layer_units_exponent_0': 8, 'D_layer_units_exponent_1': 5, 'D_layer_units_exponent_2': 10, 'D_layer_units_exponent_3': 7, 'D_layer_units_exponent_4': 9, 'log_learning_rate': -1.7516497657432855, 'log_learning_rate_D': -1.6990968722196365, 'training_batch_size': 10, 'training_p': 3}. Best is trial 54 with value: 0.3324073851108551.
res:  tensor(0.3324, device='cuda:0', grad_fn=<DivBackward0>)
self.bestValue:  tensor(0.3336, device='cuda:0', grad_fn=<DivBackward0>)
Save this model!
Time for this trial:  15.489070177078247
Memory status after this trial: 
Memory allocated:  10.53515625
Memory cached:  38.0
--------------------  Trial  55   --------------------
Start timing: 
Parameters: 
{'W_layers': 4, 'W_layer_units_exponent_0': 5, 'W_layer_units_exponent_1': 8, 'W_layer_units_exponent_2': 5, 'W_layer_units_exponent_3': 5, 'D_layers': 4, 'D_layer_units_exponent_0': 8, 'D_layer_units_exponent_1': 5, 'D_layer_units_exponent_2': 10, 'D_layer_units_exponent_3': 7, 'log_learning_rate': -1.7647053574499738, 'log_learning_rate_D': -1.675507012911611, 'training_batch_size': 10, 'training_p': 3}
	 epoch  0 training error:  tensor(1.1513, device='cuda:0', grad_fn=<DivBackward0>)
Memory status after this epoch: 
Memory allocated:  11.51123046875
Memory cached:  38.0
	 epoch  10 training error:  tensor(0.6430, device='cuda:0', grad_fn=<DivBackward0>)
Memory status after this epoch: 
Memory allocated:  11.51123046875
Memory cached:  38.0
	 epoch  20 training error:  tensor(0.4600, device='cuda:0', grad_fn=<DivBackward0>)
Memory status after this epoch: 
Memory allocated:  11.51123046875
Memory cached:  38.0
	 epoch  30 training error:  tensor(0.3653, device='cuda:0', grad_fn=<DivBackward0>)
Memory status after this epoch: 
Memory allocated:  11.51123046875
Memory cached:  38.0
	 epoch  40 training error:  tensor(0.3676, device='cuda:0', grad_fn=<DivBackward0>)
Memory status after this epoch: 
Memory allocated:  11.51123046875
Memory cached:  38.0
	 epoch  50 training error:  tensor(0.3612, device='cuda:0', grad_fn=<DivBackward0>)
Memory status after this epoch: 
Memory allocated:  11.51123046875
Memory cached:  38.0
	 epoch  60 training error:  tensor(0.3561, device='cuda:0', grad_fn=<DivBackward0>)
Memory status after this epoch: 
Memory allocated:  11.51123046875
Memory cached:  38.0
	 epoch  70 training error:  tensor(0.3719, device='cuda:0', grad_fn=<DivBackward0>)
Memory status after this epoch: 
Memory allocated:  11.51123046875
Memory cached:  38.0
	 epoch  80 training error:  tensor(0.3559, device='cuda:0', grad_fn=<DivBackward0>)
Memory status after this epoch: 
Memory allocated:  11.51123046875
Memory cached:  38.0
	 epoch  90 training error:  tensor(0.3538, device='cuda:0', grad_fn=<DivBackward0>)
Memory status after this epoch: 
Memory allocated:  11.51123046875
Memory cached:  38.0
[I 2023-12-06 11:59:19,689] Trial 55 finished with value: 0.3368934988975525 and parameters: {'W_layers': 4, 'W_layer_units_exponent_0': 5, 'W_layer_units_exponent_1': 8, 'W_layer_units_exponent_2': 5, 'W_layer_units_exponent_3': 5, 'D_layers': 4, 'D_layer_units_exponent_0': 8, 'D_layer_units_exponent_1': 5, 'D_layer_units_exponent_2': 10, 'D_layer_units_exponent_3': 7, 'log_learning_rate': -1.7647053574499738, 'log_learning_rate_D': -1.675507012911611, 'training_batch_size': 10, 'training_p': 3}. Best is trial 54 with value: 0.3324073851108551.
Time for this trial:  15.393069505691528
Memory status after this trial: 
Memory allocated:  18.77294921875
Memory cached:  38.0
--------------------  Trial  56   --------------------
Start timing: 
Parameters: 
{'W_layers': 4, 'W_layer_units_exponent_0': 5, 'W_layer_units_exponent_1': 10, 'W_layer_units_exponent_2': 5, 'W_layer_units_exponent_3': 5, 'D_layers': 3, 'D_layer_units_exponent_0': 8, 'D_layer_units_exponent_1': 4, 'D_layer_units_exponent_2': 10, 'log_learning_rate': -1.7380927673654125, 'log_learning_rate_D': -1.6396268134153773, 'training_batch_size': 10, 'training_p': 3}
	 epoch  0 training error:  tensor(0.8657, device='cuda:0', grad_fn=<DivBackward0>)
Memory status after this epoch: 
Memory allocated:  11.6943359375
Memory cached:  38.0
	 epoch  10 training error:  tensor(0.4934, device='cuda:0', grad_fn=<DivBackward0>)
Memory status after this epoch: 
Memory allocated:  11.6943359375
Memory cached:  38.0
	 epoch  20 training error:  tensor(0.4140, device='cuda:0', grad_fn=<DivBackward0>)
Memory status after this epoch: 
Memory allocated:  11.6943359375
Memory cached:  38.0
	 epoch  30 training error:  tensor(0.3855, device='cuda:0', grad_fn=<DivBackward0>)
Memory status after this epoch: 
Memory allocated:  11.6943359375
Memory cached:  38.0
	 epoch  40 training error:  tensor(0.3812, device='cuda:0', grad_fn=<DivBackward0>)
Memory status after this epoch: 
Memory allocated:  11.6943359375
Memory cached:  38.0
	 epoch  50 training error:  tensor(0.3635, device='cuda:0', grad_fn=<DivBackward0>)
Memory status after this epoch: 
Memory allocated:  11.6943359375
Memory cached:  38.0
	 epoch  60 training error:  tensor(0.3618, device='cuda:0', grad_fn=<DivBackward0>)
Memory status after this epoch: 
Memory allocated:  11.6943359375
Memory cached:  38.0
	 epoch  70 training error:  tensor(0.3577, device='cuda:0', grad_fn=<DivBackward0>)
Memory status after this epoch: 
Memory allocated:  11.6943359375
Memory cached:  38.0
	 epoch  80 training error:  tensor(0.3562, device='cuda:0', grad_fn=<DivBackward0>)
Memory status after this epoch: 
Memory allocated:  11.6943359375
Memory cached:  38.0
	 epoch  90 training error:  tensor(0.3596, device='cuda:0', grad_fn=<DivBackward0>)
Memory status after this epoch: 
Memory allocated:  11.6943359375
Memory cached:  38.0
[I 2023-12-06 11:59:35,567] Trial 56 finished with value: 0.3392699360847473 and parameters: {'W_layers': 4, 'W_layer_units_exponent_0': 5, 'W_layer_units_exponent_1': 10, 'W_layer_units_exponent_2': 5, 'W_layer_units_exponent_3': 5, 'D_layers': 3, 'D_layer_units_exponent_0': 8, 'D_layer_units_exponent_1': 4, 'D_layer_units_exponent_2': 10, 'log_learning_rate': -1.7380927673654125, 'log_learning_rate_D': -1.6396268134153773, 'training_batch_size': 10, 'training_p': 3}. Best is trial 54 with value: 0.3324073851108551.
Time for this trial:  15.712992191314697
Memory status after this trial: 
Memory allocated:  36.73193359375
Memory cached:  58.0
--------------------  Trial  57   --------------------
Start timing: 
Parameters: 
{'W_layers': 3, 'W_layer_units_exponent_0': 6, 'W_layer_units_exponent_1': 8, 'W_layer_units_exponent_2': 5, 'D_layers': 4, 'D_layer_units_exponent_0': 8, 'D_layer_units_exponent_1': 5, 'D_layer_units_exponent_2': 10, 'D_layer_units_exponent_3': 7, 'log_learning_rate': -2.136964159966263, 'log_learning_rate_D': -1.5880592322996252, 'training_batch_size': 10, 'training_p': 2}
	 epoch  0 training error:  tensor(1.2313, device='cuda:0', grad_fn=<DivBackward0>)
Memory status after this epoch: 
Memory allocated:  11.61865234375
Memory cached:  38.0
	 epoch  10 training error:  tensor(0.5555, device='cuda:0', grad_fn=<DivBackward0>)
Memory status after this epoch: 
Memory allocated:  11.61865234375
Memory cached:  38.0
	 epoch  20 training error:  tensor(0.4532, device='cuda:0', grad_fn=<DivBackward0>)
Memory status after this epoch: 
Memory allocated:  11.61865234375
Memory cached:  38.0
	 epoch  30 training error:  tensor(0.3991, device='cuda:0', grad_fn=<DivBackward0>)
Memory status after this epoch: 
Memory allocated:  11.61865234375
Memory cached:  38.0
	 epoch  40 training error:  tensor(0.3712, device='cuda:0', grad_fn=<DivBackward0>)
Memory status after this epoch: 
Memory allocated:  11.61865234375
Memory cached:  38.0
	 epoch  50 training error:  tensor(0.3644, device='cuda:0', grad_fn=<DivBackward0>)
Memory status after this epoch: 
Memory allocated:  11.61865234375
Memory cached:  38.0
	 epoch  60 training error:  tensor(0.3594, device='cuda:0', grad_fn=<DivBackward0>)
Memory status after this epoch: 
Memory allocated:  11.61865234375
Memory cached:  38.0
	 epoch  70 training error:  tensor(0.3560, device='cuda:0', grad_fn=<DivBackward0>)
Memory status after this epoch: 
Memory allocated:  11.61865234375
Memory cached:  38.0
	 epoch  80 training error:  tensor(0.3551, device='cuda:0', grad_fn=<DivBackward0>)
Memory status after this epoch: 
Memory allocated:  11.61865234375
Memory cached:  38.0
	 epoch  90 training error:  tensor(0.3539, device='cuda:0', grad_fn=<DivBackward0>)
Memory status after this epoch: 
Memory allocated:  11.61865234375
Memory cached:  38.0
[I 2023-12-06 11:59:51,068] Trial 57 finished with value: 0.34259891510009766 and parameters: {'W_layers': 3, 'W_layer_units_exponent_0': 6, 'W_layer_units_exponent_1': 8, 'W_layer_units_exponent_2': 5, 'D_layers': 4, 'D_layer_units_exponent_0': 8, 'D_layer_units_exponent_1': 5, 'D_layer_units_exponent_2': 10, 'D_layer_units_exponent_3': 7, 'log_learning_rate': -2.136964159966263, 'log_learning_rate_D': -1.5880592322996252, 'training_batch_size': 10, 'training_p': 2}. Best is trial 54 with value: 0.3324073851108551.
Time for this trial:  15.339009046554565
Memory status after this trial: 
Memory allocated:  18.82666015625
Memory cached:  38.0
--------------------  Trial  58   --------------------
Start timing: 
Parameters: 
{'W_layers': 4, 'W_layer_units_exponent_0': 5, 'W_layer_units_exponent_1': 8, 'W_layer_units_exponent_2': 5, 'W_layer_units_exponent_3': 5, 'D_layers': 5, 'D_layer_units_exponent_0': 9, 'D_layer_units_exponent_1': 4, 'D_layer_units_exponent_2': 9, 'D_layer_units_exponent_3': 7, 'D_layer_units_exponent_4': 10, 'log_learning_rate': -1.3657195713429293, 'log_learning_rate_D': -1.1261545003279307, 'training_batch_size': 10, 'training_p': 3}
	 epoch  0 training error:  tensor(1.6691, device='cuda:0', grad_fn=<DivBackward0>)
Memory status after this epoch: 
Memory allocated:  11.67236328125
Memory cached:  38.0
	 epoch  10 training error:  tensor(0.4914, device='cuda:0', grad_fn=<DivBackward0>)
Memory status after this epoch: 
Memory allocated:  11.67236328125
Memory cached:  38.0
	 epoch  20 training error:  tensor(0.5282, device='cuda:0', grad_fn=<DivBackward0>)
Memory status after this epoch: 
Memory allocated:  11.67236328125
Memory cached:  38.0
	 epoch  30 training error:  tensor(0.5341, device='cuda:0', grad_fn=<DivBackward0>)
Memory status after this epoch: 
Memory allocated:  11.67236328125
Memory cached:  38.0
	 epoch  40 training error:  tensor(0.4628, device='cuda:0', grad_fn=<DivBackward0>)
Memory status after this epoch: 
Memory allocated:  11.67236328125
Memory cached:  38.0
	 epoch  50 training error:  tensor(0.4649, device='cuda:0', grad_fn=<DivBackward0>)
Memory status after this epoch: 
Memory allocated:  11.67236328125
Memory cached:  38.0
	 epoch  60 training error:  tensor(0.4465, device='cuda:0', grad_fn=<DivBackward0>)
Memory status after this epoch: 
Memory allocated:  11.67236328125
Memory cached:  38.0
	 epoch  70 training error:  tensor(0.4324, device='cuda:0', grad_fn=<DivBackward0>)
Memory status after this epoch: 
Memory allocated:  11.67236328125
Memory cached:  38.0
	 epoch  80 training error:  tensor(0.4296, device='cuda:0', grad_fn=<DivBackward0>)
Memory status after this epoch: 
Memory allocated:  11.67236328125
Memory cached:  38.0
	 epoch  90 training error:  tensor(0.4283, device='cuda:0', grad_fn=<DivBackward0>)
Memory status after this epoch: 
Memory allocated:  11.67236328125
Memory cached:  38.0
[I 2023-12-06 12:00:06,471] Trial 58 finished with value: 0.368353009223938 and parameters: {'W_layers': 4, 'W_layer_units_exponent_0': 5, 'W_layer_units_exponent_1': 8, 'W_layer_units_exponent_2': 5, 'W_layer_units_exponent_3': 5, 'D_layers': 5, 'D_layer_units_exponent_0': 9, 'D_layer_units_exponent_1': 4, 'D_layer_units_exponent_2': 9, 'D_layer_units_exponent_3': 7, 'D_layer_units_exponent_4': 10, 'log_learning_rate': -1.3657195713429293, 'log_learning_rate_D': -1.1261545003279307, 'training_batch_size': 10, 'training_p': 3}. Best is trial 54 with value: 0.3324073851108551.
Time for this trial:  15.223930835723877
Memory status after this trial: 
Memory allocated:  18.77294921875
Memory cached:  38.0
--------------------  Trial  59   --------------------
Start timing: 
Parameters: 
{'W_layers': 4, 'W_layer_units_exponent_0': 4, 'W_layer_units_exponent_1': 9, 'W_layer_units_exponent_2': 4, 'W_layer_units_exponent_3': 6, 'D_layers': 4, 'D_layer_units_exponent_0': 8, 'D_layer_units_exponent_1': 4, 'D_layer_units_exponent_2': 10, 'D_layer_units_exponent_3': 7, 'log_learning_rate': -1.8340586704417468, 'log_learning_rate_D': -2.0202523879809173, 'training_batch_size': 10, 'training_p': 3}
	 epoch  0 training error:  tensor(0.9238, device='cuda:0', grad_fn=<DivBackward0>)
Memory status after this epoch: 
Memory allocated:  11.43701171875
Memory cached:  38.0
	 epoch  10 training error:  tensor(0.7910, device='cuda:0', grad_fn=<DivBackward0>)
Memory status after this epoch: 
Memory allocated:  11.43701171875
Memory cached:  38.0
	 epoch  20 training error:  tensor(0.6982, device='cuda:0', grad_fn=<DivBackward0>)
Memory status after this epoch: 
Memory allocated:  11.43701171875
Memory cached:  38.0
	 epoch  30 training error:  tensor(0.5018, device='cuda:0', grad_fn=<DivBackward0>)
Memory status after this epoch: 
Memory allocated:  11.43701171875
Memory cached:  38.0
	 epoch  40 training error:  tensor(0.4133, device='cuda:0', grad_fn=<DivBackward0>)
Memory status after this epoch: 
Memory allocated:  11.43701171875
Memory cached:  38.0
	 epoch  50 training error:  tensor(0.3763, device='cuda:0', grad_fn=<DivBackward0>)
Memory status after this epoch: 
Memory allocated:  11.43701171875
Memory cached:  38.0
	 epoch  60 training error:  tensor(0.3666, device='cuda:0', grad_fn=<DivBackward0>)
Memory status after this epoch: 
Memory allocated:  11.43701171875
Memory cached:  38.0
	 epoch  70 training error:  tensor(0.3618, device='cuda:0', grad_fn=<DivBackward0>)
Memory status after this epoch: 
Memory allocated:  11.43701171875
Memory cached:  38.0
	 epoch  80 training error:  tensor(0.3581, device='cuda:0', grad_fn=<DivBackward0>)
Memory status after this epoch: 
Memory allocated:  11.43701171875
Memory cached:  38.0
	 epoch  90 training error:  tensor(0.3557, device='cuda:0', grad_fn=<DivBackward0>)
Memory status after this epoch: 
Memory allocated:  11.43701171875
Memory cached:  38.0
