[I 2024-01-13 06:27:22,302] Trial 99 finished with value: 0.08064322918653488 and parameters: {'W_layers': 7, 'W_layer_units_exponent_0': 4, 'W_layer_units_exponent_1': 10, 'W_layer_units_exponent_2': 7, 'W_layer_units_exponent_3': 5, 'W_layer_units_exponent_4': 5, 'W_layer_units_exponent_5': 9, 'W_layer_units_exponent_6': 4, 'D_layers': 8, 'D_layer_units_exponent_0': 10, 'D_layer_units_exponent_1': 6, 'D_layer_units_exponent_2': 9, 'D_layer_units_exponent_3': 6, 'D_layer_units_exponent_4': 7, 'D_layer_units_exponent_5': 9, 'D_layer_units_exponent_6': 8, 'D_layer_units_exponent_7': 6, 'D_dagger_layers': 7, 'D_dagger_layer_units_exponent_0': 6, 'D_dagger_layer_units_exponent_1': 7, 'D_dagger_layer_units_exponent_2': 8, 'D_dagger_layer_units_exponent_3': 9, 'D_dagger_layer_units_exponent_4': 10, 'D_dagger_layer_units_exponent_5': 10, 'D_dagger_layer_units_exponent_6': 10, 'log_learning_rate': -2.263891598449198, 'log_learning_rate_D': -4.18164509176357, 'log_learning_rate_D_dagger': -4.6125334066861585, 'training_batch_size': 6, 'training_p': 5}. Best is trial 49 with value: 0.07665807753801346.
Time for this trial:  693.5418899059296
Memory status after this trial: 
Memory allocated:  1678.837890625
Memory cached:  1718.0
--------------------  Trial  100   --------------------
Start timing: 
Parameters: 
{'W_layers': 7, 'W_layer_units_exponent_0': 10, 'W_layer_units_exponent_1': 10, 'W_layer_units_exponent_2': 8, 'W_layer_units_exponent_3': 5, 'W_layer_units_exponent_4': 5, 'W_layer_units_exponent_5': 9, 'W_layer_units_exponent_6': 5, 'D_layers': 3, 'D_layer_units_exponent_0': 10, 'D_layer_units_exponent_1': 6, 'D_layer_units_exponent_2': 9, 'D_dagger_layers': 7, 'D_dagger_layer_units_exponent_0': 6, 'D_dagger_layer_units_exponent_1': 7, 'D_dagger_layer_units_exponent_2': 8, 'D_dagger_layer_units_exponent_3': 9, 'D_dagger_layer_units_exponent_4': 10, 'D_dagger_layer_units_exponent_5': 10, 'D_dagger_layer_units_exponent_6': 10, 'log_learning_rate': -2.9186170329701597, 'log_learning_rate_D': -3.5807676234851145, 'log_learning_rate_D_dagger': -4.816494706155713, 'training_batch_size': 6, 'training_p': 6}
	 epoch  0 training error:  tensor(1.0129, device='cuda:0', grad_fn=<DivBackward0>)
Memory status after this epoch: 
Memory allocated:  838.7294921875
Memory cached:  1364.0
	 epoch  10 training error:  tensor(0.4710, device='cuda:0', grad_fn=<DivBackward0>)
Memory status after this epoch: 
Memory allocated:  838.7294921875
Memory cached:  1394.0
	 epoch  20 training error:  tensor(0.2069, device='cuda:0', grad_fn=<DivBackward0>)
Memory status after this epoch: 
Memory allocated:  838.7294921875
Memory cached:  1394.0
	 epoch  30 training error:  tensor(0.1786, device='cuda:0', grad_fn=<DivBackward0>)
Memory status after this epoch: 
Memory allocated:  838.7294921875
Memory cached:  1396.0
	 epoch  40 training error:  tensor(0.1508, device='cuda:0', grad_fn=<DivBackward0>)
Memory status after this epoch: 
Memory allocated:  838.7294921875
Memory cached:  1398.0
	 epoch  50 training error:  tensor(0.1366, device='cuda:0', grad_fn=<DivBackward0>)
Memory status after this epoch: 
Memory allocated:  838.7294921875
Memory cached:  1392.0
	 epoch  60 training error:  tensor(0.1263, device='cuda:0', grad_fn=<DivBackward0>)
Memory status after this epoch: 
Memory allocated:  838.7294921875
Memory cached:  1392.0
	 epoch  70 training error:  tensor(0.1125, device='cuda:0', grad_fn=<DivBackward0>)
Memory status after this epoch: 
Memory allocated:  838.7294921875
Memory cached:  1396.0
	 epoch  80 training error:  tensor(0.1106, device='cuda:0', grad_fn=<DivBackward0>)
Memory status after this epoch: 
Memory allocated:  838.7294921875
Memory cached:  1392.0
	 epoch  90 training error:  tensor(0.1095, device='cuda:0', grad_fn=<DivBackward0>)
Memory status after this epoch: 
Memory allocated:  838.7294921875
Memory cached:  1396.0
[I 2024-01-13 06:37:09,988] Trial 100 finished with value: 0.08091382682323456 and parameters: {'W_layers': 7, 'W_layer_units_exponent_0': 10, 'W_layer_units_exponent_1': 10, 'W_layer_units_exponent_2': 8, 'W_layer_units_exponent_3': 5, 'W_layer_units_exponent_4': 5, 'W_layer_units_exponent_5': 9, 'W_layer_units_exponent_6': 5, 'D_layers': 3, 'D_layer_units_exponent_0': 10, 'D_layer_units_exponent_1': 6, 'D_layer_units_exponent_2': 9, 'D_dagger_layers': 7, 'D_dagger_layer_units_exponent_0': 6, 'D_dagger_layer_units_exponent_1': 7, 'D_dagger_layer_units_exponent_2': 8, 'D_dagger_layer_units_exponent_3': 9, 'D_dagger_layer_units_exponent_4': 10, 'D_dagger_layer_units_exponent_5': 10, 'D_dagger_layer_units_exponent_6': 10, 'log_learning_rate': -2.9186170329701597, 'log_learning_rate_D': -3.5807676234851145, 'log_learning_rate_D_dagger': -4.816494706155713, 'training_batch_size': 6, 'training_p': 6}. Best is trial 49 with value: 0.07665807753801346.
Time for this trial:  587.1705803871155
Memory status after this trial: 
Memory allocated:  1693.6318359375
Memory cached:  1724.0
--------------------  Trial  101   --------------------
Start timing: 
Parameters: 
{'W_layers': 7, 'W_layer_units_exponent_0': 10, 'W_layer_units_exponent_1': 10, 'W_layer_units_exponent_2': 8, 'W_layer_units_exponent_3': 5, 'W_layer_units_exponent_4': 5, 'W_layer_units_exponent_5': 9, 'W_layer_units_exponent_6': 5, 'D_layers': 3, 'D_layer_units_exponent_0': 10, 'D_layer_units_exponent_1': 6, 'D_layer_units_exponent_2': 9, 'D_dagger_layers': 7, 'D_dagger_layer_units_exponent_0': 6, 'D_dagger_layer_units_exponent_1': 7, 'D_dagger_layer_units_exponent_2': 8, 'D_dagger_layer_units_exponent_3': 9, 'D_dagger_layer_units_exponent_4': 10, 'D_dagger_layer_units_exponent_5': 10, 'D_dagger_layer_units_exponent_6': 10, 'log_learning_rate': -3.0193394764576387, 'log_learning_rate_D': -3.5519181658579124, 'log_learning_rate_D_dagger': -4.790499192912566, 'training_batch_size': 6, 'training_p': 7}
	 epoch  0 training error:  tensor(0.9462, device='cuda:0', grad_fn=<DivBackward0>)
Memory status after this epoch: 
Memory allocated:  838.7294921875
Memory cached:  1356.0
	 epoch  10 training error:  tensor(0.4196, device='cuda:0', grad_fn=<DivBackward0>)
Memory status after this epoch: 
Memory allocated:  838.7294921875
Memory cached:  1396.0
	 epoch  20 training error:  tensor(0.2137, device='cuda:0', grad_fn=<DivBackward0>)
Memory status after this epoch: 
Memory allocated:  838.7294921875
Memory cached:  1392.0
	 epoch  30 training error:  tensor(0.1782, device='cuda:0', grad_fn=<DivBackward0>)
Memory status after this epoch: 
Memory allocated:  838.7294921875
Memory cached:  1392.0
	 epoch  40 training error:  tensor(0.1572, device='cuda:0', grad_fn=<DivBackward0>)
Memory status after this epoch: 
Memory allocated:  838.7294921875
Memory cached:  1394.0
	 epoch  50 training error:  tensor(0.1424, device='cuda:0', grad_fn=<DivBackward0>)
Memory status after this epoch: 
Memory allocated:  838.7294921875
Memory cached:  1396.0
	 epoch  60 training error:  tensor(0.1247, device='cuda:0', grad_fn=<DivBackward0>)
Memory status after this epoch: 
Memory allocated:  838.7294921875
Memory cached:  1400.0
	 epoch  70 training error:  tensor(0.1166, device='cuda:0', grad_fn=<DivBackward0>)
Memory status after this epoch: 
Memory allocated:  838.7294921875
Memory cached:  1396.0
	 epoch  80 training error:  tensor(0.1160, device='cuda:0', grad_fn=<DivBackward0>)
Memory status after this epoch: 
Memory allocated:  838.7294921875
Memory cached:  1394.0
	 epoch  90 training error:  tensor(0.1097, device='cuda:0', grad_fn=<DivBackward0>)
Memory status after this epoch: 
Memory allocated:  838.7294921875
Memory cached:  1398.0
[I 2024-01-13 06:46:58,082] Trial 101 finished with value: 0.0811029002070427 and parameters: {'W_layers': 7, 'W_layer_units_exponent_0': 10, 'W_layer_units_exponent_1': 10, 'W_layer_units_exponent_2': 8, 'W_layer_units_exponent_3': 5, 'W_layer_units_exponent_4': 5, 'W_layer_units_exponent_5': 9, 'W_layer_units_exponent_6': 5, 'D_layers': 3, 'D_layer_units_exponent_0': 10, 'D_layer_units_exponent_1': 6, 'D_layer_units_exponent_2': 9, 'D_dagger_layers': 7, 'D_dagger_layer_units_exponent_0': 6, 'D_dagger_layer_units_exponent_1': 7, 'D_dagger_layer_units_exponent_2': 8, 'D_dagger_layer_units_exponent_3': 9, 'D_dagger_layer_units_exponent_4': 10, 'D_dagger_layer_units_exponent_5': 10, 'D_dagger_layer_units_exponent_6': 10, 'log_learning_rate': -3.0193394764576387, 'log_learning_rate_D': -3.5519181658579124, 'log_learning_rate_D_dagger': -4.790499192912566, 'training_batch_size': 6, 'training_p': 7}. Best is trial 49 with value: 0.07665807753801346.
Time for this trial:  587.5241606235504
Memory status after this trial: 
Memory allocated:  1693.6318359375
Memory cached:  1726.0
--------------------  Trial  102   --------------------
Start timing: 
Parameters: 
{'W_layers': 7, 'W_layer_units_exponent_0': 9, 'W_layer_units_exponent_1': 10, 'W_layer_units_exponent_2': 8, 'W_layer_units_exponent_3': 5, 'W_layer_units_exponent_4': 5, 'W_layer_units_exponent_5': 9, 'W_layer_units_exponent_6': 6, 'D_layers': 2, 'D_layer_units_exponent_0': 10, 'D_layer_units_exponent_1': 6, 'D_dagger_layers': 7, 'D_dagger_layer_units_exponent_0': 6, 'D_dagger_layer_units_exponent_1': 7, 'D_dagger_layer_units_exponent_2': 8, 'D_dagger_layer_units_exponent_3': 9, 'D_dagger_layer_units_exponent_4': 10, 'D_dagger_layer_units_exponent_5': 10, 'D_dagger_layer_units_exponent_6': 10, 'log_learning_rate': -2.9099721419438724, 'log_learning_rate_D': -4.146601645569695, 'log_learning_rate_D_dagger': -4.993863961019446, 'training_batch_size': 6, 'training_p': 6}
	 epoch  0 training error:  tensor(1.0771, device='cuda:0', grad_fn=<DivBackward0>)
Memory status after this epoch: 
Memory allocated:  830.4501953125
Memory cached:  1318.0
	 epoch  10 training error:  tensor(0.5628, device='cuda:0', grad_fn=<DivBackward0>)
Memory status after this epoch: 
Memory allocated:  830.4501953125
Memory cached:  1336.0
	 epoch  20 training error:  tensor(0.2779, device='cuda:0', grad_fn=<DivBackward0>)
Memory status after this epoch: 
Memory allocated:  830.4501953125
Memory cached:  1340.0
	 epoch  30 training error:  tensor(0.1651, device='cuda:0', grad_fn=<DivBackward0>)
Memory status after this epoch: 
Memory allocated:  830.4501953125
Memory cached:  1336.0
	 epoch  40 training error:  tensor(0.1604, device='cuda:0', grad_fn=<DivBackward0>)
Memory status after this epoch: 
Memory allocated:  830.4501953125
Memory cached:  1342.0
	 epoch  50 training error:  tensor(0.1561, device='cuda:0', grad_fn=<DivBackward0>)
Memory status after this epoch: 
Memory allocated:  830.4501953125
Memory cached:  1338.0
	 epoch  60 training error:  tensor(0.1523, device='cuda:0', grad_fn=<DivBackward0>)
Memory status after this epoch: 
Memory allocated:  830.4501953125
Memory cached:  1334.0
	 epoch  70 training error:  tensor(0.1483, device='cuda:0', grad_fn=<DivBackward0>)
Memory status after this epoch: 
Memory allocated:  830.4501953125
Memory cached:  1342.0
	 epoch  80 training error:  tensor(0.1441, device='cuda:0', grad_fn=<DivBackward0>)
Memory status after this epoch: 
Memory allocated:  830.4501953125
Memory cached:  1338.0
	 epoch  90 training error:  tensor(0.1373, device='cuda:0', grad_fn=<DivBackward0>)
Memory status after this epoch: 
Memory allocated:  830.4501953125
Memory cached:  1336.0
[I 2024-01-13 06:56:18,694] Trial 102 finished with value: 0.10062211006879807 and parameters: {'W_layers': 7, 'W_layer_units_exponent_0': 9, 'W_layer_units_exponent_1': 10, 'W_layer_units_exponent_2': 8, 'W_layer_units_exponent_3': 5, 'W_layer_units_exponent_4': 5, 'W_layer_units_exponent_5': 9, 'W_layer_units_exponent_6': 6, 'D_layers': 2, 'D_layer_units_exponent_0': 10, 'D_layer_units_exponent_1': 6, 'D_dagger_layers': 7, 'D_dagger_layer_units_exponent_0': 6, 'D_dagger_layer_units_exponent_1': 7, 'D_dagger_layer_units_exponent_2': 8, 'D_dagger_layer_units_exponent_3': 9, 'D_dagger_layer_units_exponent_4': 10, 'D_dagger_layer_units_exponent_5': 10, 'D_dagger_layer_units_exponent_6': 10, 'log_learning_rate': -2.9099721419438724, 'log_learning_rate_D': -4.146601645569695, 'log_learning_rate_D_dagger': -4.993863961019446, 'training_batch_size': 6, 'training_p': 6}. Best is trial 49 with value: 0.07665807753801346.
Time for this trial:  560.0564501285553
Memory status after this trial: 
Memory allocated:  1590.361328125
Memory cached:  1626.0
--------------------  Trial  103   --------------------
Start timing: 
Parameters: 
{'W_layers': 6, 'W_layer_units_exponent_0': 9, 'W_layer_units_exponent_1': 10, 'W_layer_units_exponent_2': 7, 'W_layer_units_exponent_3': 5, 'W_layer_units_exponent_4': 5, 'W_layer_units_exponent_5': 8, 'D_layers': 3, 'D_layer_units_exponent_0': 10, 'D_layer_units_exponent_1': 6, 'D_layer_units_exponent_2': 10, 'D_dagger_layers': 7, 'D_dagger_layer_units_exponent_0': 6, 'D_dagger_layer_units_exponent_1': 7, 'D_dagger_layer_units_exponent_2': 7, 'D_dagger_layer_units_exponent_3': 9, 'D_dagger_layer_units_exponent_4': 10, 'D_dagger_layer_units_exponent_5': 10, 'D_dagger_layer_units_exponent_6': 10, 'log_learning_rate': -2.7494605279795095, 'log_learning_rate_D': -3.6334004317549846, 'log_learning_rate_D_dagger': -4.626206178329978, 'training_batch_size': 6, 'training_p': 6}
	 epoch  0 training error:  tensor(0.9899, device='cuda:0', grad_fn=<DivBackward0>)
Memory status after this epoch: 
Memory allocated:  827.5341796875
Memory cached:  1324.0
	 epoch  10 training error:  tensor(0.2692, device='cuda:0', grad_fn=<DivBackward0>)
Memory status after this epoch: 
Memory allocated:  827.5341796875
Memory cached:  1348.0
	 epoch  20 training error:  tensor(0.1898, device='cuda:0', grad_fn=<DivBackward0>)
Memory status after this epoch: 
Memory allocated:  827.5341796875
Memory cached:  1340.0
	 epoch  30 training error:  tensor(0.1703, device='cuda:0', grad_fn=<DivBackward0>)
Memory status after this epoch: 
Memory allocated:  827.5341796875
Memory cached:  1344.0
	 epoch  40 training error:  tensor(0.1551, device='cuda:0', grad_fn=<DivBackward0>)
Memory status after this epoch: 
Memory allocated:  827.5341796875
Memory cached:  1348.0
	 epoch  50 training error:  tensor(0.1361, device='cuda:0', grad_fn=<DivBackward0>)
Memory status after this epoch: 
Memory allocated:  827.5341796875
Memory cached:  1346.0
	 epoch  60 training error:  tensor(0.1303, device='cuda:0', grad_fn=<DivBackward0>)
Memory status after this epoch: 
Memory allocated:  827.5341796875
Memory cached:  1344.0
	 epoch  70 training error:  tensor(0.1205, device='cuda:0', grad_fn=<DivBackward0>)
Memory status after this epoch: 
Memory allocated:  827.5341796875
Memory cached:  1344.0
	 epoch  80 training error:  tensor(0.1186, device='cuda:0', grad_fn=<DivBackward0>)
Memory status after this epoch: 
Memory allocated:  827.5341796875
Memory cached:  1344.0
	 epoch  90 training error:  tensor(0.1147, device='cuda:0', grad_fn=<DivBackward0>)
Memory status after this epoch: 
Memory allocated:  827.5341796875
Memory cached:  1342.0
[I 2024-01-13 07:05:39,285] Trial 103 finished with value: 0.08662378042936325 and parameters: {'W_layers': 6, 'W_layer_units_exponent_0': 9, 'W_layer_units_exponent_1': 10, 'W_layer_units_exponent_2': 7, 'W_layer_units_exponent_3': 5, 'W_layer_units_exponent_4': 5, 'W_layer_units_exponent_5': 8, 'D_layers': 3, 'D_layer_units_exponent_0': 10, 'D_layer_units_exponent_1': 6, 'D_layer_units_exponent_2': 10, 'D_dagger_layers': 7, 'D_dagger_layer_units_exponent_0': 6, 'D_dagger_layer_units_exponent_1': 7, 'D_dagger_layer_units_exponent_2': 7, 'D_dagger_layer_units_exponent_3': 9, 'D_dagger_layer_units_exponent_4': 10, 'D_dagger_layer_units_exponent_5': 10, 'D_dagger_layer_units_exponent_6': 10, 'log_learning_rate': -2.7494605279795095, 'log_learning_rate_D': -3.6334004317549846, 'log_learning_rate_D_dagger': -4.626206178329978, 'training_batch_size': 6, 'training_p': 6}. Best is trial 49 with value: 0.07665807753801346.
Time for this trial:  560.1171731948853
Memory status after this trial: 
Memory allocated:  1618.2294921875
Memory cached:  1652.0
--------------------  Trial  104   --------------------
Start timing: 
Parameters: 
{'W_layers': 7, 'W_layer_units_exponent_0': 8, 'W_layer_units_exponent_1': 10, 'W_layer_units_exponent_2': 8, 'W_layer_units_exponent_3': 6, 'W_layer_units_exponent_4': 5, 'W_layer_units_exponent_5': 9, 'W_layer_units_exponent_6': 5, 'D_layers': 2, 'D_layer_units_exponent_0': 7, 'D_layer_units_exponent_1': 6, 'D_dagger_layers': 8, 'D_dagger_layer_units_exponent_0': 6, 'D_dagger_layer_units_exponent_1': 7, 'D_dagger_layer_units_exponent_2': 8, 'D_dagger_layer_units_exponent_3': 8, 'D_dagger_layer_units_exponent_4': 10, 'D_dagger_layer_units_exponent_5': 10, 'D_dagger_layer_units_exponent_6': 9, 'D_dagger_layer_units_exponent_7': 8, 'log_learning_rate': -2.875462372937061, 'log_learning_rate_D': -3.9229839080290683, 'log_learning_rate_D_dagger': -4.6323146652311875, 'training_batch_size': 6, 'training_p': 5}
	 epoch  0 training error:  tensor(0.9089, device='cuda:0', grad_fn=<DivBackward0>)
Memory status after this epoch: 
Memory allocated:  814.4111328125
Memory cached:  1288.0
	 epoch  10 training error:  tensor(0.4882, device='cuda:0', grad_fn=<DivBackward0>)
Memory status after this epoch: 
Memory allocated:  814.4111328125
Memory cached:  1296.0
	 epoch  20 training error:  tensor(0.2027, device='cuda:0', grad_fn=<DivBackward0>)
Memory status after this epoch: 
Memory allocated:  814.4111328125
Memory cached:  1290.0
	 epoch  30 training error:  tensor(0.1742, device='cuda:0', grad_fn=<DivBackward0>)
Memory status after this epoch: 
Memory allocated:  814.4111328125
Memory cached:  1290.0
	 epoch  40 training error:  tensor(0.1562, device='cuda:0', grad_fn=<DivBackward0>)
Memory status after this epoch: 
Memory allocated:  814.4111328125
Memory cached:  1294.0
	 epoch  50 training error:  tensor(0.1350, device='cuda:0', grad_fn=<DivBackward0>)
Memory status after this epoch: 
Memory allocated:  814.4111328125
Memory cached:  1294.0
	 epoch  60 training error:  tensor(0.1201, device='cuda:0', grad_fn=<DivBackward0>)
Memory status after this epoch: 
Memory allocated:  814.4111328125
Memory cached:  1290.0
	 epoch  70 training error:  tensor(0.1217, device='cuda:0', grad_fn=<DivBackward0>)
Memory status after this epoch: 
Memory allocated:  814.4111328125
Memory cached:  1288.0
	 epoch  80 training error:  tensor(0.1139, device='cuda:0', grad_fn=<DivBackward0>)
Memory status after this epoch: 
Memory allocated:  814.4111328125
Memory cached:  1288.0
	 epoch  90 training error:  tensor(0.1101, device='cuda:0', grad_fn=<DivBackward0>)
Memory status after this epoch: 
Memory allocated:  814.4111328125
Memory cached:  1288.0
