[I 2023-12-04 00:17:56,108] Trial 4 finished with value: 0.04626297205686569 and parameters: {'W_layers': 6, 'W_layer_units_exponent_0': 9, 'W_layer_units_exponent_1': 5, 'W_layer_units_exponent_2': 9, 'W_layer_units_exponent_3': 5, 'W_layer_units_exponent_4': 9, 'W_layer_units_exponent_5': 8, 'D_layers': 2, 'D_layer_units_exponent_0': 9, 'D_layer_units_exponent_1': 10, 'log_learning_rate': -3.4788184006488296, 'log_learning_rate_D': -3.7031581983392305, 'training_batch_size': 9, 'training_p': 5}. Best is trial 4 with value: 0.04626297205686569.
res:  tensor(0.0463, device='cuda:0', grad_fn=<DivBackward0>)
self.bestValue:  tensor(0.1263, device='cuda:0', grad_fn=<DivBackward0>)
Save this model!
Time for this trial:  43.7044575214386
Memory status after this trial: 
Memory allocated:  82.97021484375
Memory cached:  134.0
--------------------  Trial  5   --------------------
Start timing: 
Parameters: 
{'W_layers': 4, 'W_layer_units_exponent_0': 4, 'W_layer_units_exponent_1': 6, 'W_layer_units_exponent_2': 10, 'W_layer_units_exponent_3': 4, 'D_layers': 5, 'D_layer_units_exponent_0': 6, 'D_layer_units_exponent_1': 10, 'D_layer_units_exponent_2': 5, 'D_layer_units_exponent_3': 9, 'D_layer_units_exponent_4': 5, 'log_learning_rate': -1.7202558264282937, 'log_learning_rate_D': -1.4753091336946729, 'training_batch_size': 6, 'training_p': 7}
	 epoch  0 training error:  tensor(1.1184, device='cuda:0', grad_fn=<DivBackward0>)
Memory status after this epoch: 
Memory allocated:  86.306640625
Memory cached:  136.0
[W 2023-12-04 00:17:57,802] Trial 5 failed with parameters: {'W_layers': 4, 'W_layer_units_exponent_0': 4, 'W_layer_units_exponent_1': 6, 'W_layer_units_exponent_2': 10, 'W_layer_units_exponent_3': 4, 'D_layers': 5, 'D_layer_units_exponent_0': 6, 'D_layer_units_exponent_1': 10, 'D_layer_units_exponent_2': 5, 'D_layer_units_exponent_3': 9, 'D_layer_units_exponent_4': 5, 'log_learning_rate': -1.7202558264282937, 'log_learning_rate_D': -1.4753091336946729, 'training_batch_size': 6, 'training_p': 7} because of the following error: The value nan is not acceptable.
[W 2023-12-04 00:17:57,803] Trial 5 failed with value tensor(nan, device='cuda:0', grad_fn=<DivBackward0>).
Time for this trial:  1.5884449481964111
Memory status after this trial: 
Memory allocated:  148.24365234375
Memory cached:  168.0
--------------------  Trial  6   --------------------
Start timing: 
Parameters: 
{'W_layers': 2, 'W_layer_units_exponent_0': 7, 'W_layer_units_exponent_1': 6, 'D_layers': 6, 'D_layer_units_exponent_0': 6, 'D_layer_units_exponent_1': 9, 'D_layer_units_exponent_2': 5, 'D_layer_units_exponent_3': 7, 'D_layer_units_exponent_4': 9, 'D_layer_units_exponent_5': 6, 'log_learning_rate': -3.0926021538269968, 'log_learning_rate_D': -1.6491608313345272, 'training_batch_size': 8, 'training_p': 6}
	 epoch  0 training error:  tensor(0.9698, device='cuda:0', grad_fn=<DivBackward0>)
Memory status after this epoch: 
Memory allocated:  85.4833984375
Memory cached:  136.0
[W 2023-12-04 00:18:01,936] Trial 6 failed with parameters: {'W_layers': 2, 'W_layer_units_exponent_0': 7, 'W_layer_units_exponent_1': 6, 'D_layers': 6, 'D_layer_units_exponent_0': 6, 'D_layer_units_exponent_1': 9, 'D_layer_units_exponent_2': 5, 'D_layer_units_exponent_3': 7, 'D_layer_units_exponent_4': 9, 'D_layer_units_exponent_5': 6, 'log_learning_rate': -3.0926021538269968, 'log_learning_rate_D': -1.6491608313345272, 'training_batch_size': 8, 'training_p': 6} because of the following error: The value nan is not acceptable.
[W 2023-12-04 00:18:01,937] Trial 6 failed with value tensor(nan, device='cuda:0', grad_fn=<DivBackward0>).
Time for this trial:  4.038549423217773
Memory status after this trial: 
Memory allocated:  118.45703125
Memory cached:  136.0
--------------------  Trial  7   --------------------
Start timing: 
Parameters: 
{'W_layers': 2, 'W_layer_units_exponent_0': 5, 'W_layer_units_exponent_1': 4, 'D_layers': 8, 'D_layer_units_exponent_0': 10, 'D_layer_units_exponent_1': 4, 'D_layer_units_exponent_2': 10, 'D_layer_units_exponent_3': 7, 'D_layer_units_exponent_4': 6, 'D_layer_units_exponent_5': 8, 'D_layer_units_exponent_6': 6, 'D_layer_units_exponent_7': 5, 'log_learning_rate': -2.4164247927471245, 'log_learning_rate_D': -2.2269853756963, 'training_batch_size': 11, 'training_p': 3}
	 epoch  0 training error:  tensor(1.0645, device='cuda:0', grad_fn=<DivBackward0>)
Memory status after this epoch: 
Memory allocated:  86.2705078125
Memory cached:  138.0
	 epoch  10 training error:  tensor(0.7530, device='cuda:0', grad_fn=<DivBackward0>)
Memory status after this epoch: 
Memory allocated:  86.2705078125
Memory cached:  138.0
	 epoch  20 training error:  tensor(0.4790, device='cuda:0', grad_fn=<DivBackward0>)
Memory status after this epoch: 
Memory allocated:  86.2705078125
Memory cached:  138.0
	 epoch  30 training error:  tensor(0.1841, device='cuda:0', grad_fn=<DivBackward0>)
Memory status after this epoch: 
Memory allocated:  86.2705078125
Memory cached:  138.0
	 epoch  40 training error:  tensor(0.1695, device='cuda:0', grad_fn=<DivBackward0>)
Memory status after this epoch: 
Memory allocated:  86.2705078125
Memory cached:  138.0
	 epoch  50 training error:  tensor(0.1607, device='cuda:0', grad_fn=<DivBackward0>)
Memory status after this epoch: 
Memory allocated:  86.2705078125
Memory cached:  138.0
	 epoch  60 training error:  tensor(0.1510, device='cuda:0', grad_fn=<DivBackward0>)
Memory status after this epoch: 
Memory allocated:  86.2705078125
Memory cached:  138.0
	 epoch  70 training error:  tensor(0.1415, device='cuda:0', grad_fn=<DivBackward0>)
Memory status after this epoch: 
Memory allocated:  86.2705078125
Memory cached:  138.0
	 epoch  80 training error:  tensor(0.1335, device='cuda:0', grad_fn=<DivBackward0>)
Memory status after this epoch: 
Memory allocated:  86.2705078125
Memory cached:  138.0
	 epoch  90 training error:  tensor(0.1264, device='cuda:0', grad_fn=<DivBackward0>)
Memory status after this epoch: 
Memory allocated:  86.2705078125
Memory cached:  138.0
[I 2023-12-04 00:18:47,491] Trial 7 finished with value: 0.09948625415563583 and parameters: {'W_layers': 2, 'W_layer_units_exponent_0': 5, 'W_layer_units_exponent_1': 4, 'D_layers': 8, 'D_layer_units_exponent_0': 10, 'D_layer_units_exponent_1': 4, 'D_layer_units_exponent_2': 10, 'D_layer_units_exponent_3': 7, 'D_layer_units_exponent_4': 6, 'D_layer_units_exponent_5': 8, 'D_layer_units_exponent_6': 6, 'D_layer_units_exponent_7': 5, 'log_learning_rate': -2.4164247927471245, 'log_learning_rate_D': -2.2269853756963, 'training_batch_size': 11, 'training_p': 3}. Best is trial 4 with value: 0.04626297205686569.
Time for this trial:  45.43923854827881
Memory status after this trial: 
Memory allocated:  145.06689453125
Memory cached:  164.0
--------------------  Trial  8   --------------------
Start timing: 
Parameters: 
{'W_layers': 3, 'W_layer_units_exponent_0': 4, 'W_layer_units_exponent_1': 9, 'W_layer_units_exponent_2': 5, 'D_layers': 3, 'D_layer_units_exponent_0': 5, 'D_layer_units_exponent_1': 6, 'D_layer_units_exponent_2': 9, 'log_learning_rate': -1.5313793795487287, 'log_learning_rate_D': -3.4026138629897216, 'training_batch_size': 7, 'training_p': 8}
	 epoch  0 training error:  tensor(1.0743, device='cuda:0', grad_fn=<DivBackward0>)
Memory status after this epoch: 
Memory allocated:  83.9482421875
Memory cached:  134.0
	 epoch  10 training error:  tensor(0.2296, device='cuda:0', grad_fn=<DivBackward0>)
Memory status after this epoch: 
Memory allocated:  83.9482421875
Memory cached:  136.0
	 epoch  20 training error:  tensor(0.1681, device='cuda:0', grad_fn=<DivBackward0>)
Memory status after this epoch: 
Memory allocated:  83.9482421875
Memory cached:  136.0
	 epoch  30 training error:  tensor(0.1400, device='cuda:0', grad_fn=<DivBackward0>)
Memory status after this epoch: 
Memory allocated:  83.9482421875
Memory cached:  136.0
	 epoch  40 training error:  tensor(0.1183, device='cuda:0', grad_fn=<DivBackward0>)
Memory status after this epoch: 
Memory allocated:  83.9482421875
Memory cached:  136.0
	 epoch  50 training error:  tensor(0.1137, device='cuda:0', grad_fn=<DivBackward0>)
Memory status after this epoch: 
Memory allocated:  83.9482421875
Memory cached:  136.0
	 epoch  60 training error:  tensor(0.1206, device='cuda:0', grad_fn=<DivBackward0>)
Memory status after this epoch: 
Memory allocated:  83.9482421875
Memory cached:  136.0
	 epoch  70 training error:  tensor(0.1070, device='cuda:0', grad_fn=<DivBackward0>)
Memory status after this epoch: 
Memory allocated:  83.9482421875
Memory cached:  136.0
	 epoch  80 training error:  tensor(0.1079, device='cuda:0', grad_fn=<DivBackward0>)
Memory status after this epoch: 
Memory allocated:  83.9482421875
Memory cached:  136.0
	 epoch  90 training error:  tensor(0.0929, device='cuda:0', grad_fn=<DivBackward0>)
Memory status after this epoch: 
Memory allocated:  83.9482421875
Memory cached:  136.0
[I 2023-12-04 00:19:23,187] Trial 8 finished with value: 0.07451773434877396 and parameters: {'W_layers': 3, 'W_layer_units_exponent_0': 4, 'W_layer_units_exponent_1': 9, 'W_layer_units_exponent_2': 5, 'D_layers': 3, 'D_layer_units_exponent_0': 5, 'D_layer_units_exponent_1': 6, 'D_layer_units_exponent_2': 9, 'log_learning_rate': -1.5313793795487287, 'log_learning_rate_D': -3.4026138629897216, 'training_batch_size': 7, 'training_p': 8}. Best is trial 4 with value: 0.04626297205686569.
Time for this trial:  35.58914065361023
Memory status after this trial: 
Memory allocated:  110.2333984375
Memory cached:  136.0
--------------------  Trial  9   --------------------
Start timing: 
Parameters: 
{'W_layers': 6, 'W_layer_units_exponent_0': 5, 'W_layer_units_exponent_1': 7, 'W_layer_units_exponent_2': 10, 'W_layer_units_exponent_3': 6, 'W_layer_units_exponent_4': 4, 'W_layer_units_exponent_5': 8, 'D_layers': 2, 'D_layer_units_exponent_0': 6, 'D_layer_units_exponent_1': 5, 'log_learning_rate': -1.109244655601596, 'log_learning_rate_D': -1.3887155566857388, 'training_batch_size': 12, 'training_p': 3}
	 epoch  0 training error:  tensor(1.0588, device='cuda:0', grad_fn=<DivBackward0>)
Memory status after this epoch: 
Memory allocated:  86.2197265625
Memory cached:  138.0
	 epoch  10 training error:  tensor(253.0113, device='cuda:0', grad_fn=<DivBackward0>)
Memory status after this epoch: 
Memory allocated:  86.2197265625
Memory cached:  140.0
	 epoch  20 training error:  tensor(3.8370, device='cuda:0', grad_fn=<DivBackward0>)
Memory status after this epoch: 
Memory allocated:  86.2197265625
Memory cached:  140.0
	 epoch  30 training error:  tensor(3.2240, device='cuda:0', grad_fn=<DivBackward0>)
Memory status after this epoch: 
Memory allocated:  86.2197265625
Memory cached:  140.0
	 epoch  40 training error:  tensor(1.1071, device='cuda:0', grad_fn=<DivBackward0>)
Memory status after this epoch: 
Memory allocated:  86.2197265625
Memory cached:  140.0
	 epoch  50 training error:  tensor(6.5739, device='cuda:0', grad_fn=<DivBackward0>)
Memory status after this epoch: 
Memory allocated:  86.2197265625
Memory cached:  140.0
	 epoch  60 training error:  tensor(2.2784, device='cuda:0', grad_fn=<DivBackward0>)
Memory status after this epoch: 
Memory allocated:  86.2197265625
Memory cached:  140.0
	 epoch  70 training error:  tensor(1.8159, device='cuda:0', grad_fn=<DivBackward0>)
Memory status after this epoch: 
Memory allocated:  86.2197265625
Memory cached:  140.0
	 epoch  80 training error:  tensor(0.2449, device='cuda:0', grad_fn=<DivBackward0>)
Memory status after this epoch: 
Memory allocated:  86.2197265625
Memory cached:  140.0
	 epoch  90 training error:  tensor(0.3962, device='cuda:0', grad_fn=<DivBackward0>)
Memory status after this epoch: 
Memory allocated:  86.2197265625
Memory cached:  140.0
[I 2023-12-04 00:20:03,479] Trial 9 finished with value: 0.1658644676208496 and parameters: {'W_layers': 6, 'W_layer_units_exponent_0': 5, 'W_layer_units_exponent_1': 7, 'W_layer_units_exponent_2': 10, 'W_layer_units_exponent_3': 6, 'W_layer_units_exponent_4': 4, 'W_layer_units_exponent_5': 8, 'D_layers': 2, 'D_layer_units_exponent_0': 6, 'D_layer_units_exponent_1': 5, 'log_learning_rate': -1.109244655601596, 'log_learning_rate_D': -1.3887155566857388, 'training_batch_size': 12, 'training_p': 3}. Best is trial 4 with value: 0.04626297205686569.
Time for this trial:  40.174723863601685
Memory status after this trial: 
Memory allocated:  121.740234375
Memory cached:  140.0
--------------------  Trial  10   --------------------
Start timing: 
Parameters: 
{'W_layers': 5, 'W_layer_units_exponent_0': 8, 'W_layer_units_exponent_1': 8, 'W_layer_units_exponent_2': 7, 'W_layer_units_exponent_3': 9, 'W_layer_units_exponent_4': 6, 'D_layers': 7, 'D_layer_units_exponent_0': 4, 'D_layer_units_exponent_1': 9, 'D_layer_units_exponent_2': 7, 'D_layer_units_exponent_3': 5, 'D_layer_units_exponent_4': 8, 'D_layer_units_exponent_5': 8, 'D_layer_units_exponent_6': 10, 'log_learning_rate': -4.458820503123427, 'log_learning_rate_D': -3.549389016606795, 'training_batch_size': 7, 'training_p': 4}
	 epoch  0 training error:  tensor(1.0226, device='cuda:0', grad_fn=<DivBackward0>)
Memory status after this epoch: 
Memory allocated:  92.4052734375
Memory cached:  138.0
	 epoch  10 training error:  tensor(0.9497, device='cuda:0', grad_fn=<DivBackward0>)
Memory status after this epoch: 
Memory allocated:  92.4052734375
Memory cached:  142.0
	 epoch  20 training error:  tensor(0.6707, device='cuda:0', grad_fn=<DivBackward0>)
Memory status after this epoch: 
Memory allocated:  92.4052734375
Memory cached:  142.0
	 epoch  30 training error:  tensor(0.4468, device='cuda:0', grad_fn=<DivBackward0>)
Memory status after this epoch: 
Memory allocated:  92.4052734375
Memory cached:  142.0
	 epoch  40 training error:  tensor(0.3808, device='cuda:0', grad_fn=<DivBackward0>)
Memory status after this epoch: 
Memory allocated:  92.4052734375
Memory cached:  142.0
	 epoch  50 training error:  tensor(0.3142, device='cuda:0', grad_fn=<DivBackward0>)
Memory status after this epoch: 
Memory allocated:  92.4052734375
Memory cached:  142.0
	 epoch  60 training error:  tensor(0.2633, device='cuda:0', grad_fn=<DivBackward0>)
Memory status after this epoch: 
Memory allocated:  92.4052734375
Memory cached:  142.0
	 epoch  70 training error:  tensor(0.2293, device='cuda:0', grad_fn=<DivBackward0>)
Memory status after this epoch: 
Memory allocated:  92.4052734375
Memory cached:  142.0
	 epoch  80 training error:  tensor(0.2101, device='cuda:0', grad_fn=<DivBackward0>)
Memory status after this epoch: 
Memory allocated:  92.4052734375
Memory cached:  142.0
	 epoch  90 training error:  tensor(0.1977, device='cuda:0', grad_fn=<DivBackward0>)
Memory status after this epoch: 
Memory allocated:  92.4052734375
Memory cached:  142.0
[I 2023-12-04 00:20:55,141] Trial 10 finished with value: 0.13373920321464539 and parameters: {'W_layers': 5, 'W_layer_units_exponent_0': 8, 'W_layer_units_exponent_1': 8, 'W_layer_units_exponent_2': 7, 'W_layer_units_exponent_3': 9, 'W_layer_units_exponent_4': 6, 'D_layers': 7, 'D_layer_units_exponent_0': 4, 'D_layer_units_exponent_1': 9, 'D_layer_units_exponent_2': 7, 'D_layer_units_exponent_3': 5, 'D_layer_units_exponent_4': 8, 'D_layer_units_exponent_5': 8, 'D_layer_units_exponent_6': 10, 'log_learning_rate': -4.458820503123427, 'log_learning_rate_D': -3.549389016606795, 'training_batch_size': 7, 'training_p': 4}. Best is trial 4 with value: 0.04626297205686569.
Time for this trial:  51.547784090042114
Memory status after this trial: 
Memory allocated:  166.09326171875
Memory cached:  188.0
--------------------  Trial  11   --------------------
Start timing: 
Parameters: 
{'W_layers': 3, 'W_layer_units_exponent_0': 5, 'W_layer_units_exponent_1': 9, 'W_layer_units_exponent_2': 5, 'D_layers': 2, 'D_layer_units_exponent_0': 6, 'D_layer_units_exponent_1': 10, 'log_learning_rate': -3.3921785030901677, 'log_learning_rate_D': -3.263436586960127, 'training_batch_size': 7, 'training_p': 8}
	 epoch  0 training error:  tensor(1.0301, device='cuda:0', grad_fn=<DivBackward0>)
Memory status after this epoch: 
Memory allocated:  84.5576171875
Memory cached:  136.0
	 epoch  10 training error:  tensor(0.4159, device='cuda:0', grad_fn=<DivBackward0>)
Memory status after this epoch: 
Memory allocated:  84.5576171875
Memory cached:  140.0
	 epoch  20 training error:  tensor(0.2667, device='cuda:0', grad_fn=<DivBackward0>)
Memory status after this epoch: 
Memory allocated:  84.5576171875
Memory cached:  140.0
	 epoch  30 training error:  tensor(0.2415, device='cuda:0', grad_fn=<DivBackward0>)
Memory status after this epoch: 
Memory allocated:  84.5576171875
Memory cached:  140.0
	 epoch  40 training error:  tensor(0.2181, device='cuda:0', grad_fn=<DivBackward0>)
Memory status after this epoch: 
Memory allocated:  84.5576171875
Memory cached:  140.0
	 epoch  50 training error:  tensor(0.1951, device='cuda:0', grad_fn=<DivBackward0>)
Memory status after this epoch: 
Memory allocated:  84.5576171875
Memory cached:  140.0
	 epoch  60 training error:  tensor(0.1730, device='cuda:0', grad_fn=<DivBackward0>)
Memory status after this epoch: 
Memory allocated:  84.5576171875
Memory cached:  140.0
	 epoch  70 training error:  tensor(0.1516, device='cuda:0', grad_fn=<DivBackward0>)
Memory status after this epoch: 
Memory allocated:  84.5576171875
Memory cached:  140.0
	 epoch  80 training error:  tensor(0.1305, device='cuda:0', grad_fn=<DivBackward0>)
Memory status after this epoch: 
Memory allocated:  84.5576171875
Memory cached:  140.0
	 epoch  90 training error:  tensor(0.0936, device='cuda:0', grad_fn=<DivBackward0>)
Memory status after this epoch: 
Memory allocated:  84.5576171875
Memory cached:  140.0
[I 2023-12-04 00:21:30,510] Trial 11 finished with value: 0.03588640317320824 and parameters: {'W_layers': 3, 'W_layer_units_exponent_0': 5, 'W_layer_units_exponent_1': 9, 'W_layer_units_exponent_2': 5, 'D_layers': 2, 'D_layer_units_exponent_0': 6, 'D_layer_units_exponent_1': 10, 'log_learning_rate': -3.3921785030901677, 'log_learning_rate_D': -3.263436586960127, 'training_batch_size': 7, 'training_p': 8}. Best is trial 11 with value: 0.03588640317320824.
res:  tensor(0.0359, device='cuda:0', grad_fn=<DivBackward0>)
self.bestValue:  tensor(0.0463, device='cuda:0', grad_fn=<DivBackward0>)
Save this model!
Time for this trial:  35.25705432891846
Memory status after this trial: 
Memory allocated:  38.73779296875
Memory cached:  98.0
--------------------  Trial  12   --------------------
Start timing: 
Parameters: 
{'W_layers': 8, 'W_layer_units_exponent_0': 8, 'W_layer_units_exponent_1': 9, 'W_layer_units_exponent_2': 4, 'W_layer_units_exponent_3': 9, 'W_layer_units_exponent_4': 9, 'W_layer_units_exponent_5': 8, 'W_layer_units_exponent_6': 5, 'W_layer_units_exponent_7': 5, 'D_layers': 5, 'D_layer_units_exponent_0': 5, 'D_layer_units_exponent_1': 7, 'D_layer_units_exponent_2': 7, 'D_layer_units_exponent_3': 5, 'D_layer_units_exponent_4': 9, 'log_learning_rate': -4.073713872626035, 'log_learning_rate_D': -2.2360519305789515, 'training_batch_size': 9, 'training_p': 5}
	 epoch  0 training error:  tensor(1.0214, device='cuda:0', grad_fn=<DivBackward0>)
Memory status after this epoch: 
Memory allocated:  47.8642578125
Memory cached:  100.0
	 epoch  10 training error:  tensor(0.9288, device='cuda:0', grad_fn=<DivBackward0>)
Memory status after this epoch: 
Memory allocated:  47.8642578125
Memory cached:  102.0
	 epoch  20 training error:  tensor(0.5909, device='cuda:0', grad_fn=<DivBackward0>)
Memory status after this epoch: 
Memory allocated:  47.8642578125
Memory cached:  102.0
	 epoch  30 training error:  tensor(0.5069, device='cuda:0', grad_fn=<DivBackward0>)
Memory status after this epoch: 
Memory allocated:  47.8642578125
Memory cached:  102.0
	 epoch  40 training error:  tensor(0.3082, device='cuda:0', grad_fn=<DivBackward0>)
Memory status after this epoch: 
Memory allocated:  47.8642578125
Memory cached:  102.0
	 epoch  50 training error:  tensor(0.2082, device='cuda:0', grad_fn=<DivBackward0>)
Memory status after this epoch: 
Memory allocated:  47.8642578125
Memory cached:  102.0
	 epoch  60 training error:  tensor(0.1923, device='cuda:0', grad_fn=<DivBackward0>)
Memory status after this epoch: 
Memory allocated:  47.8642578125
Memory cached:  102.0
	 epoch  70 training error:  tensor(0.1873, device='cuda:0', grad_fn=<DivBackward0>)
Memory status after this epoch: 
Memory allocated:  47.8642578125
Memory cached:  102.0
	 epoch  80 training error:  tensor(0.1845, device='cuda:0', grad_fn=<DivBackward0>)
Memory status after this epoch: 
Memory allocated:  47.8642578125
Memory cached:  102.0
	 epoch  90 training error:  tensor(0.1827, device='cuda:0', grad_fn=<DivBackward0>)
Memory status after this epoch: 
Memory allocated:  47.8642578125
Memory cached:  102.0
