[I 2024-01-11 11:09:54,304] Trial 197 finished with value: 0.07296746224164963 and parameters: {'W_layers': 2, 'W_layer_units_exponent_0': 8, 'W_layer_units_exponent_1': 5, 'D_layers': 4, 'D_layer_units_exponent_0': 6, 'D_layer_units_exponent_1': 6, 'D_layer_units_exponent_2': 8, 'D_layer_units_exponent_3': 4, 'D_dagger_layers': 4, 'D_dagger_layer_units_exponent_0': 10, 'D_dagger_layer_units_exponent_1': 6, 'D_dagger_layer_units_exponent_2': 5, 'D_dagger_layer_units_exponent_3': 7, 'log_learning_rate': -3.587680721836254, 'log_learning_rate_D': -2.142654473938362, 'log_learning_rate_D_dagger': -3.0057066994025083, 'training_batch_size': 6, 'training_p': 8}. Best is trial 145 with value: 0.0653865784406662.
Time for this trial:  391.3355164527893
Memory status after this trial: 
Memory allocated:  431.8291015625
Memory cached:  434.0
--------------------  Trial  198   --------------------
Start timing: 
Parameters: 
{'W_layers': 2, 'W_layer_units_exponent_0': 8, 'W_layer_units_exponent_1': 5, 'D_layers': 4, 'D_layer_units_exponent_0': 6, 'D_layer_units_exponent_1': 6, 'D_layer_units_exponent_2': 8, 'D_layer_units_exponent_3': 4, 'D_dagger_layers': 4, 'D_dagger_layer_units_exponent_0': 10, 'D_dagger_layer_units_exponent_1': 6, 'D_dagger_layer_units_exponent_2': 5, 'D_dagger_layer_units_exponent_3': 7, 'log_learning_rate': -3.6274155973889717, 'log_learning_rate_D': -2.017527135048944, 'log_learning_rate_D_dagger': -2.9947945287345803, 'training_batch_size': 6, 'training_p': 8}
	 epoch  0 training error:  tensor(0.7917, device='cuda:0', grad_fn=<DivBackward0>)
Memory status after this epoch: 
Memory allocated:  228.6474609375
Memory cached:  428.0
	 epoch  10 training error:  tensor(0.4107, device='cuda:0', grad_fn=<DivBackward0>)
Memory status after this epoch: 
Memory allocated:  228.6474609375
Memory cached:  428.0
	 epoch  20 training error:  tensor(0.4049, device='cuda:0', grad_fn=<DivBackward0>)
Memory status after this epoch: 
Memory allocated:  228.6474609375
Memory cached:  428.0
	 epoch  30 training error:  tensor(0.3732, device='cuda:0', grad_fn=<DivBackward0>)
Memory status after this epoch: 
Memory allocated:  228.6474609375
Memory cached:  428.0
	 epoch  40 training error:  tensor(0.3275, device='cuda:0', grad_fn=<DivBackward0>)
Memory status after this epoch: 
Memory allocated:  228.6474609375
Memory cached:  428.0
	 epoch  50 training error:  tensor(0.2571, device='cuda:0', grad_fn=<DivBackward0>)
Memory status after this epoch: 
Memory allocated:  228.6474609375
Memory cached:  428.0
	 epoch  60 training error:  tensor(0.1820, device='cuda:0', grad_fn=<DivBackward0>)
Memory status after this epoch: 
Memory allocated:  228.6474609375
Memory cached:  428.0
	 epoch  70 training error:  tensor(0.1995, device='cuda:0', grad_fn=<DivBackward0>)
Memory status after this epoch: 
Memory allocated:  228.6474609375
Memory cached:  428.0
	 epoch  80 training error:  tensor(0.1815, device='cuda:0', grad_fn=<DivBackward0>)
Memory status after this epoch: 
Memory allocated:  228.6474609375
Memory cached:  428.0
	 epoch  90 training error:  tensor(0.1553, device='cuda:0', grad_fn=<DivBackward0>)
Memory status after this epoch: 
Memory allocated:  228.6474609375
Memory cached:  428.0
[I 2024-01-11 11:16:26,179] Trial 198 finished with value: 0.08480707556009293 and parameters: {'W_layers': 2, 'W_layer_units_exponent_0': 8, 'W_layer_units_exponent_1': 5, 'D_layers': 4, 'D_layer_units_exponent_0': 6, 'D_layer_units_exponent_1': 6, 'D_layer_units_exponent_2': 8, 'D_layer_units_exponent_3': 4, 'D_dagger_layers': 4, 'D_dagger_layer_units_exponent_0': 10, 'D_dagger_layer_units_exponent_1': 6, 'D_dagger_layer_units_exponent_2': 5, 'D_dagger_layer_units_exponent_3': 7, 'log_learning_rate': -3.6274155973889717, 'log_learning_rate_D': -2.017527135048944, 'log_learning_rate_D_dagger': -2.9947945287345803, 'training_batch_size': 6, 'training_p': 8}. Best is trial 145 with value: 0.0653865784406662.
Time for this trial:  391.37328004837036
Memory status after this trial: 
Memory allocated:  431.8291015625
Memory cached:  434.0
--------------------  Trial  199   --------------------
Start timing: 
Parameters: 
{'W_layers': 2, 'W_layer_units_exponent_0': 8, 'W_layer_units_exponent_1': 5, 'D_layers': 4, 'D_layer_units_exponent_0': 6, 'D_layer_units_exponent_1': 6, 'D_layer_units_exponent_2': 8, 'D_layer_units_exponent_3': 4, 'D_dagger_layers': 4, 'D_dagger_layer_units_exponent_0': 10, 'D_dagger_layer_units_exponent_1': 6, 'D_dagger_layer_units_exponent_2': 5, 'D_dagger_layer_units_exponent_3': 6, 'log_learning_rate': -3.596484440021659, 'log_learning_rate_D': -2.1629297125976983, 'log_learning_rate_D_dagger': -2.970971093936163, 'training_batch_size': 6, 'training_p': 8}
	 epoch  0 training error:  tensor(0.7168, device='cuda:0', grad_fn=<DivBackward0>)
Memory status after this epoch: 
Memory allocated:  228.6162109375
Memory cached:  428.0
	 epoch  10 training error:  tensor(0.3842, device='cuda:0', grad_fn=<DivBackward0>)
Memory status after this epoch: 
Memory allocated:  228.6162109375
Memory cached:  428.0
	 epoch  20 training error:  tensor(0.3547, device='cuda:0', grad_fn=<DivBackward0>)
Memory status after this epoch: 
Memory allocated:  228.6162109375
Memory cached:  428.0
	 epoch  30 training error:  tensor(0.3444, device='cuda:0', grad_fn=<DivBackward0>)
Memory status after this epoch: 
Memory allocated:  228.6162109375
Memory cached:  428.0
	 epoch  40 training error:  tensor(0.3466, device='cuda:0', grad_fn=<DivBackward0>)
Memory status after this epoch: 
Memory allocated:  228.6162109375
Memory cached:  428.0
	 epoch  50 training error:  tensor(0.1956, device='cuda:0', grad_fn=<DivBackward0>)
Memory status after this epoch: 
Memory allocated:  228.6162109375
Memory cached:  428.0
	 epoch  60 training error:  tensor(0.1770, device='cuda:0', grad_fn=<DivBackward0>)
Memory status after this epoch: 
Memory allocated:  228.6162109375
Memory cached:  428.0
	 epoch  70 training error:  tensor(0.1939, device='cuda:0', grad_fn=<DivBackward0>)
Memory status after this epoch: 
Memory allocated:  228.6162109375
Memory cached:  428.0
	 epoch  80 training error:  tensor(0.1659, device='cuda:0', grad_fn=<DivBackward0>)
Memory status after this epoch: 
Memory allocated:  228.6162109375
Memory cached:  428.0
	 epoch  90 training error:  tensor(0.1255, device='cuda:0', grad_fn=<DivBackward0>)
Memory status after this epoch: 
Memory allocated:  228.6162109375
Memory cached:  428.0
[I 2024-01-11 11:22:58,414] Trial 199 finished with value: 0.1517951935529709 and parameters: {'W_layers': 2, 'W_layer_units_exponent_0': 8, 'W_layer_units_exponent_1': 5, 'D_layers': 4, 'D_layer_units_exponent_0': 6, 'D_layer_units_exponent_1': 6, 'D_layer_units_exponent_2': 8, 'D_layer_units_exponent_3': 4, 'D_dagger_layers': 4, 'D_dagger_layer_units_exponent_0': 10, 'D_dagger_layer_units_exponent_1': 6, 'D_dagger_layer_units_exponent_2': 5, 'D_dagger_layer_units_exponent_3': 6, 'log_learning_rate': -3.596484440021659, 'log_learning_rate_D': -2.1629297125976983, 'log_learning_rate_D_dagger': -2.970971093936163, 'training_batch_size': 6, 'training_p': 8}. Best is trial 145 with value: 0.0653865784406662.
[I 2024-01-11 11:22:58,621] A new study created in RDB with name: my_study
Time for this trial:  391.84957098960876
Memory status after this trial: 
Memory allocated:  425.9541015625
Memory cached:  428.0
--------------------  Trial  0   --------------------
Start timing: 
Parameters: 
{'W_layers': 8, 'W_layer_units_exponent_0': 7, 'W_layer_units_exponent_1': 5, 'W_layer_units_exponent_2': 9, 'W_layer_units_exponent_3': 7, 'W_layer_units_exponent_4': 10, 'W_layer_units_exponent_5': 7, 'W_layer_units_exponent_6': 6, 'W_layer_units_exponent_7': 7, 'D_layers': 7, 'D_layer_units_exponent_0': 10, 'D_layer_units_exponent_1': 5, 'D_layer_units_exponent_2': 7, 'D_layer_units_exponent_3': 4, 'D_layer_units_exponent_4': 7, 'D_layer_units_exponent_5': 6, 'D_layer_units_exponent_6': 10, 'D_dagger_layers': 2, 'D_dagger_layer_units_exponent_0': 10, 'D_dagger_layer_units_exponent_1': 8, 'log_learning_rate': -1.4894390876472317, 'log_learning_rate_D': -3.226763803181656, 'log_learning_rate_D_dagger': -3.132464050454315, 'training_batch_size': 9, 'training_p': 7}
/home/shengduo/anaconda3/lib/python3.9/site-packages/torch/nn/init.py:405: UserWarning: Initializing zero-element tensors is a no-op
  warnings.warn("Initializing zero-element tensors is a no-op")
	 epoch  0 training error:  tensor(1.1104, device='cuda:0', grad_fn=<DivBackward0>)
Memory status after this epoch: 
Memory allocated:  10.3994140625
Memory cached:  12.0
	 epoch  10 training error:  tensor(15.9901, device='cuda:0', grad_fn=<DivBackward0>)
Memory status after this epoch: 
Memory allocated:  10.3994140625
Memory cached:  12.0
	 epoch  20 training error:  tensor(0.6869, device='cuda:0', grad_fn=<DivBackward0>)
Memory status after this epoch: 
Memory allocated:  10.3994140625
Memory cached:  12.0
	 epoch  30 training error:  tensor(0.4549, device='cuda:0', grad_fn=<DivBackward0>)
Memory status after this epoch: 
Memory allocated:  10.3994140625
Memory cached:  12.0
	 epoch  40 training error:  tensor(0.4084, device='cuda:0', grad_fn=<DivBackward0>)
Memory status after this epoch: 
Memory allocated:  10.3994140625
Memory cached:  12.0
	 epoch  50 training error:  tensor(0.3860, device='cuda:0', grad_fn=<DivBackward0>)
Memory status after this epoch: 
Memory allocated:  10.3994140625
Memory cached:  14.0
	 epoch  60 training error:  tensor(0.3734, device='cuda:0', grad_fn=<DivBackward0>)
Memory status after this epoch: 
Memory allocated:  10.3994140625
Memory cached:  12.0
	 epoch  70 training error:  tensor(0.3691, device='cuda:0', grad_fn=<DivBackward0>)
Memory status after this epoch: 
Memory allocated:  10.3994140625
Memory cached:  12.0
	 epoch  80 training error:  tensor(0.3783, device='cuda:0', grad_fn=<DivBackward0>)
Memory status after this epoch: 
Memory allocated:  10.3994140625
Memory cached:  12.0
	 epoch  90 training error:  tensor(0.3789, device='cuda:0', grad_fn=<DivBackward0>)
Memory status after this epoch: 
Memory allocated:  10.3994140625
Memory cached:  12.0
[I 2024-01-11 11:23:30,288] Trial 0 finished with value: 0.23906345665454865 and parameters: {'W_layers': 8, 'W_layer_units_exponent_0': 7, 'W_layer_units_exponent_1': 5, 'W_layer_units_exponent_2': 9, 'W_layer_units_exponent_3': 7, 'W_layer_units_exponent_4': 10, 'W_layer_units_exponent_5': 7, 'W_layer_units_exponent_6': 6, 'W_layer_units_exponent_7': 7, 'D_layers': 7, 'D_layer_units_exponent_0': 10, 'D_layer_units_exponent_1': 5, 'D_layer_units_exponent_2': 7, 'D_layer_units_exponent_3': 4, 'D_layer_units_exponent_4': 7, 'D_layer_units_exponent_5': 6, 'D_layer_units_exponent_6': 10, 'D_dagger_layers': 2, 'D_dagger_layer_units_exponent_0': 10, 'D_dagger_layer_units_exponent_1': 8, 'log_learning_rate': -1.4894390876472317, 'log_learning_rate_D': -3.226763803181656, 'log_learning_rate_D_dagger': -3.132464050454315, 'training_batch_size': 9, 'training_p': 7}. Best is trial 0 with value: 0.23906345665454865.
res:  tensor(0.2391, device='cuda:0', grad_fn=<DivBackward0>)
self.bestValue:  10000000.0
Save this model!
Time for this trial:  31.39081120491028
Memory status after this trial: 
Memory allocated:  372.69580078125
Memory cached:  388.0
--------------------  Trial  1   --------------------
Start timing: 
Parameters: 
{'W_layers': 3, 'W_layer_units_exponent_0': 8, 'W_layer_units_exponent_1': 7, 'W_layer_units_exponent_2': 5, 'D_layers': 5, 'D_layer_units_exponent_0': 5, 'D_layer_units_exponent_1': 4, 'D_layer_units_exponent_2': 9, 'D_layer_units_exponent_3': 4, 'D_layer_units_exponent_4': 4, 'D_dagger_layers': 8, 'D_dagger_layer_units_exponent_0': 5, 'D_dagger_layer_units_exponent_1': 7, 'D_dagger_layer_units_exponent_2': 5, 'D_dagger_layer_units_exponent_3': 7, 'D_dagger_layer_units_exponent_4': 6, 'D_dagger_layer_units_exponent_5': 9, 'D_dagger_layer_units_exponent_6': 9, 'D_dagger_layer_units_exponent_7': 7, 'log_learning_rate': -4.275616615037504, 'log_learning_rate_D': -2.2244682822426105, 'log_learning_rate_D_dagger': -2.932204638042777, 'training_batch_size': 11, 'training_p': 4}
	 epoch  0 training error:  tensor(0.8172, device='cuda:0', grad_fn=<DivBackward0>)
Memory status after this epoch: 
Memory allocated:  379.248046875
Memory cached:  392.0
	 epoch  10 training error:  tensor(0.4137, device='cuda:0', grad_fn=<DivBackward0>)
Memory status after this epoch: 
Memory allocated:  379.248046875
Memory cached:  392.0
	 epoch  20 training error:  tensor(0.3150, device='cuda:0', grad_fn=<DivBackward0>)
Memory status after this epoch: 
Memory allocated:  379.248046875
Memory cached:  392.0
	 epoch  30 training error:  tensor(0.3033, device='cuda:0', grad_fn=<DivBackward0>)
Memory status after this epoch: 
Memory allocated:  379.248046875
Memory cached:  392.0
	 epoch  40 training error:  tensor(0.2915, device='cuda:0', grad_fn=<DivBackward0>)
Memory status after this epoch: 
Memory allocated:  379.248046875
Memory cached:  392.0
	 epoch  50 training error:  tensor(0.2928, device='cuda:0', grad_fn=<DivBackward0>)
Memory status after this epoch: 
Memory allocated:  379.248046875
Memory cached:  392.0
	 epoch  60 training error:  tensor(0.2871, device='cuda:0', grad_fn=<DivBackward0>)
Memory status after this epoch: 
Memory allocated:  379.248046875
Memory cached:  392.0
	 epoch  70 training error:  tensor(0.2872, device='cuda:0', grad_fn=<DivBackward0>)
Memory status after this epoch: 
Memory allocated:  379.248046875
Memory cached:  392.0
	 epoch  80 training error:  tensor(0.2863, device='cuda:0', grad_fn=<DivBackward0>)
Memory status after this epoch: 
Memory allocated:  379.248046875
Memory cached:  392.0
	 epoch  90 training error:  tensor(0.2860, device='cuda:0', grad_fn=<DivBackward0>)
Memory status after this epoch: 
Memory allocated:  379.248046875
Memory cached:  392.0
[I 2024-01-11 11:24:00,337] Trial 1 finished with value: 0.21268132328987122 and parameters: {'W_layers': 3, 'W_layer_units_exponent_0': 8, 'W_layer_units_exponent_1': 7, 'W_layer_units_exponent_2': 5, 'D_layers': 5, 'D_layer_units_exponent_0': 5, 'D_layer_units_exponent_1': 4, 'D_layer_units_exponent_2': 9, 'D_layer_units_exponent_3': 4, 'D_layer_units_exponent_4': 4, 'D_dagger_layers': 8, 'D_dagger_layer_units_exponent_0': 5, 'D_dagger_layer_units_exponent_1': 7, 'D_dagger_layer_units_exponent_2': 5, 'D_dagger_layer_units_exponent_3': 7, 'D_dagger_layer_units_exponent_4': 6, 'D_dagger_layer_units_exponent_5': 9, 'D_dagger_layer_units_exponent_6': 9, 'D_dagger_layer_units_exponent_7': 7, 'log_learning_rate': -4.275616615037504, 'log_learning_rate_D': -2.2244682822426105, 'log_learning_rate_D_dagger': -2.932204638042777, 'training_batch_size': 11, 'training_p': 4}. Best is trial 1 with value: 0.21268132328987122.
res:  tensor(0.2127, device='cuda:0', grad_fn=<DivBackward0>)
self.bestValue:  tensor(0.2391, device='cuda:0', grad_fn=<DivBackward0>)
Save this model!
Time for this trial:  29.785248279571533
Memory status after this trial: 
Memory allocated:  214.65185546875
Memory cached:  278.0
--------------------  Trial  2   --------------------
Start timing: 
Parameters: 
{'W_layers': 7, 'W_layer_units_exponent_0': 8, 'W_layer_units_exponent_1': 5, 'W_layer_units_exponent_2': 4, 'W_layer_units_exponent_3': 4, 'W_layer_units_exponent_4': 4, 'W_layer_units_exponent_5': 8, 'W_layer_units_exponent_6': 10, 'D_layers': 6, 'D_layer_units_exponent_0': 8, 'D_layer_units_exponent_1': 5, 'D_layer_units_exponent_2': 5, 'D_layer_units_exponent_3': 8, 'D_layer_units_exponent_4': 9, 'D_layer_units_exponent_5': 10, 'D_dagger_layers': 5, 'D_dagger_layer_units_exponent_0': 6, 'D_dagger_layer_units_exponent_1': 8, 'D_dagger_layer_units_exponent_2': 9, 'D_dagger_layer_units_exponent_3': 6, 'D_dagger_layer_units_exponent_4': 9, 'log_learning_rate': -1.072471325936466, 'log_learning_rate_D': -1.6812924172292774, 'log_learning_rate_D_dagger': -4.899287250062024, 'training_batch_size': 9, 'training_p': 5}
	 epoch  0 training error:  tensor(0.9971, device='cuda:0', grad_fn=<DivBackward0>)
Memory status after this epoch: 
Memory allocated:  224.83056640625
Memory cached:  278.0
	 epoch  10 training error:  tensor(191.0778, device='cuda:0', grad_fn=<DivBackward0>)
Memory status after this epoch: 
Memory allocated:  224.83056640625
Memory cached:  278.0
	 epoch  20 training error:  tensor(443.3687, device='cuda:0', grad_fn=<DivBackward0>)
Memory status after this epoch: 
Memory allocated:  224.83056640625
Memory cached:  278.0
	 epoch  30 training error:  tensor(20.9415, device='cuda:0', grad_fn=<DivBackward0>)
Memory status after this epoch: 
Memory allocated:  224.83056640625
Memory cached:  278.0
	 epoch  40 training error:  tensor(1.8321, device='cuda:0', grad_fn=<DivBackward0>)
Memory status after this epoch: 
Memory allocated:  224.83056640625
Memory cached:  278.0
	 epoch  50 training error:  tensor(0.6385, device='cuda:0', grad_fn=<DivBackward0>)
Memory status after this epoch: 
Memory allocated:  224.83056640625
Memory cached:  278.0
	 epoch  60 training error:  tensor(0.6313, device='cuda:0', grad_fn=<DivBackward0>)
Memory status after this epoch: 
Memory allocated:  224.83056640625
Memory cached:  278.0
	 epoch  70 training error:  tensor(0.6233, device='cuda:0', grad_fn=<DivBackward0>)
Memory status after this epoch: 
Memory allocated:  224.83056640625
Memory cached:  278.0
	 epoch  80 training error:  tensor(0.5977, device='cuda:0', grad_fn=<DivBackward0>)
Memory status after this epoch: 
Memory allocated:  224.83056640625
Memory cached:  278.0
	 epoch  90 training error:  tensor(0.5790, device='cuda:0', grad_fn=<DivBackward0>)
Memory status after this epoch: 
Memory allocated:  224.83056640625
Memory cached:  278.0
[I 2024-01-11 11:24:32,761] Trial 2 finished with value: 0.4820527136325836 and parameters: {'W_layers': 7, 'W_layer_units_exponent_0': 8, 'W_layer_units_exponent_1': 5, 'W_layer_units_exponent_2': 4, 'W_layer_units_exponent_3': 4, 'W_layer_units_exponent_4': 4, 'W_layer_units_exponent_5': 8, 'W_layer_units_exponent_6': 10, 'D_layers': 6, 'D_layer_units_exponent_0': 8, 'D_layer_units_exponent_1': 5, 'D_layer_units_exponent_2': 5, 'D_layer_units_exponent_3': 8, 'D_layer_units_exponent_4': 9, 'D_layer_units_exponent_5': 10, 'D_dagger_layers': 5, 'D_dagger_layer_units_exponent_0': 6, 'D_dagger_layer_units_exponent_1': 8, 'D_dagger_layer_units_exponent_2': 9, 'D_dagger_layer_units_exponent_3': 6, 'D_dagger_layer_units_exponent_4': 9, 'log_learning_rate': -1.072471325936466, 'log_learning_rate_D': -1.6812924172292774, 'log_learning_rate_D_dagger': -4.899287250062024, 'training_batch_size': 9, 'training_p': 5}. Best is trial 1 with value: 0.21268132328987122.
Time for this trial:  32.179383516311646
Memory status after this trial: 
Memory allocated:  524.06103515625
Memory cached:  562.0
--------------------  Trial  3   --------------------
Start timing: 
Parameters: 
{'W_layers': 7, 'W_layer_units_exponent_0': 10, 'W_layer_units_exponent_1': 9, 'W_layer_units_exponent_2': 5, 'W_layer_units_exponent_3': 10, 'W_layer_units_exponent_4': 4, 'W_layer_units_exponent_5': 8, 'W_layer_units_exponent_6': 4, 'D_layers': 4, 'D_layer_units_exponent_0': 6, 'D_layer_units_exponent_1': 6, 'D_layer_units_exponent_2': 5, 'D_layer_units_exponent_3': 9, 'D_dagger_layers': 3, 'D_dagger_layer_units_exponent_0': 6, 'D_dagger_layer_units_exponent_1': 9, 'D_dagger_layer_units_exponent_2': 10, 'log_learning_rate': -2.1253771908060357, 'log_learning_rate_D': -4.945982429189173, 'log_learning_rate_D_dagger': -1.1013133723664539, 'training_batch_size': 12, 'training_p': 2}
	 epoch  0 training error:  tensor(1.0625, device='cuda:0', grad_fn=<DivBackward0>)
Memory status after this epoch: 
Memory allocated:  233.0556640625
Memory cached:  314.0
	 epoch  10 training error:  tensor(77.3574, device='cuda:0', grad_fn=<DivBackward0>)
Memory status after this epoch: 
Memory allocated:  233.0556640625
Memory cached:  314.0
	 epoch  20 training error:  tensor(12.2021, device='cuda:0', grad_fn=<DivBackward0>)
Memory status after this epoch: 
Memory allocated:  233.0556640625
Memory cached:  314.0
	 epoch  30 training error:  tensor(11.8603, device='cuda:0', grad_fn=<DivBackward0>)
Memory status after this epoch: 
Memory allocated:  233.0556640625
Memory cached:  314.0
	 epoch  40 training error:  tensor(4.9554, device='cuda:0', grad_fn=<DivBackward0>)
Memory status after this epoch: 
Memory allocated:  233.0556640625
Memory cached:  314.0
	 epoch  50 training error:  tensor(0.2962, device='cuda:0', grad_fn=<DivBackward0>)
Memory status after this epoch: 
Memory allocated:  233.0556640625
Memory cached:  314.0
	 epoch  60 training error:  tensor(0.5461, device='cuda:0', grad_fn=<DivBackward0>)
Memory status after this epoch: 
Memory allocated:  233.0556640625
Memory cached:  314.0
	 epoch  70 training error:  tensor(0.3127, device='cuda:0', grad_fn=<DivBackward0>)
Memory status after this epoch: 
Memory allocated:  233.0556640625
Memory cached:  314.0
	 epoch  80 training error:  tensor(0.2367, device='cuda:0', grad_fn=<DivBackward0>)
Memory status after this epoch: 
Memory allocated:  233.0556640625
Memory cached:  314.0
	 epoch  90 training error:  tensor(0.2240, device='cuda:0', grad_fn=<DivBackward0>)
Memory status after this epoch: 
Memory allocated:  233.0556640625
Memory cached:  314.0
