[I 2023-12-02 23:27:50,918] Trial 27 finished with value: 0.038569897413253784 and parameters: {'W_layers': 7, 'W_layer_units_exponent_0': 4, 'W_layer_units_exponent_1': 10, 'W_layer_units_exponent_2': 9, 'W_layer_units_exponent_3': 5, 'W_layer_units_exponent_4': 6, 'W_layer_units_exponent_5': 6, 'W_layer_units_exponent_6': 6, 'D_layers': 6, 'D_layer_units_exponent_0': 10, 'D_layer_units_exponent_1': 8, 'D_layer_units_exponent_2': 10, 'D_layer_units_exponent_3': 9, 'D_layer_units_exponent_4': 5, 'D_layer_units_exponent_5': 9, 'log_learning_rate': -2.8440222863029545, 'log_learning_rate_D': -4.121225375915709, 'training_batch_size': 9, 'training_p': 4}. Best is trial 19 with value: 0.034339454025030136.
Time for this trial:  61.9889178276062
Memory status after this trial: 
Memory allocated:  246.357421875
Memory cached:  264.0
--------------------  Trial  28   --------------------
Start timing: 
Parameters: 
{'W_layers': 8, 'W_layer_units_exponent_0': 6, 'W_layer_units_exponent_1': 9, 'W_layer_units_exponent_2': 7, 'W_layer_units_exponent_3': 7, 'W_layer_units_exponent_4': 7, 'W_layer_units_exponent_5': 4, 'W_layer_units_exponent_6': 7, 'W_layer_units_exponent_7': 8, 'D_layers': 7, 'D_layer_units_exponent_0': 8, 'D_layer_units_exponent_1': 8, 'D_layer_units_exponent_2': 9, 'D_layer_units_exponent_3': 10, 'D_layer_units_exponent_4': 7, 'D_layer_units_exponent_5': 9, 'D_layer_units_exponent_6': 5, 'log_learning_rate': -3.6002438236922987, 'log_learning_rate_D': -4.983363337238604, 'training_batch_size': 7, 'training_p': 2}
	 epoch  0 training error:  tensor(1.4694, device='cuda:0', grad_fn=<DivBackward0>)
Memory status after this epoch: 
Memory allocated:  133.65234375
Memory cached:  204.0
	 epoch  10 training error:  tensor(0.2186, device='cuda:0', grad_fn=<DivBackward0>)
Memory status after this epoch: 
Memory allocated:  133.65234375
Memory cached:  204.0
	 epoch  20 training error:  tensor(0.1323, device='cuda:0', grad_fn=<DivBackward0>)
Memory status after this epoch: 
Memory allocated:  133.65234375
Memory cached:  204.0
	 epoch  30 training error:  tensor(0.0892, device='cuda:0', grad_fn=<DivBackward0>)
Memory status after this epoch: 
Memory allocated:  133.65234375
Memory cached:  204.0
	 epoch  40 training error:  tensor(0.0844, device='cuda:0', grad_fn=<DivBackward0>)
Memory status after this epoch: 
Memory allocated:  133.65234375
Memory cached:  204.0
	 epoch  50 training error:  tensor(0.0749, device='cuda:0', grad_fn=<DivBackward0>)
Memory status after this epoch: 
Memory allocated:  133.65234375
Memory cached:  204.0
	 epoch  60 training error:  tensor(0.0708, device='cuda:0', grad_fn=<DivBackward0>)
Memory status after this epoch: 
Memory allocated:  133.65234375
Memory cached:  204.0
	 epoch  70 training error:  tensor(0.0638, device='cuda:0', grad_fn=<DivBackward0>)
Memory status after this epoch: 
Memory allocated:  133.65234375
Memory cached:  204.0
	 epoch  80 training error:  tensor(0.0545, device='cuda:0', grad_fn=<DivBackward0>)
Memory status after this epoch: 
Memory allocated:  133.65234375
Memory cached:  204.0
	 epoch  90 training error:  tensor(0.0487, device='cuda:0', grad_fn=<DivBackward0>)
Memory status after this epoch: 
Memory allocated:  133.65234375
Memory cached:  204.0
[I 2023-12-02 23:28:53,749] Trial 28 finished with value: 0.05067423731088638 and parameters: {'W_layers': 8, 'W_layer_units_exponent_0': 6, 'W_layer_units_exponent_1': 9, 'W_layer_units_exponent_2': 7, 'W_layer_units_exponent_3': 7, 'W_layer_units_exponent_4': 7, 'W_layer_units_exponent_5': 4, 'W_layer_units_exponent_6': 7, 'W_layer_units_exponent_7': 8, 'D_layers': 7, 'D_layer_units_exponent_0': 8, 'D_layer_units_exponent_1': 8, 'D_layer_units_exponent_2': 9, 'D_layer_units_exponent_3': 10, 'D_layer_units_exponent_4': 7, 'D_layer_units_exponent_5': 9, 'D_layer_units_exponent_6': 5, 'log_learning_rate': -3.6002438236922987, 'log_learning_rate_D': -4.983363337238604, 'training_batch_size': 7, 'training_p': 2}. Best is trial 19 with value: 0.034339454025030136.
Time for this trial:  62.55422377586365
Memory status after this trial: 
Memory allocated:  218.1240234375
Memory cached:  240.0
--------------------  Trial  29   --------------------
Start timing: 
Parameters: 
{'W_layers': 7, 'W_layer_units_exponent_0': 5, 'W_layer_units_exponent_1': 8, 'W_layer_units_exponent_2': 9, 'W_layer_units_exponent_3': 4, 'W_layer_units_exponent_4': 4, 'W_layer_units_exponent_5': 5, 'W_layer_units_exponent_6': 7, 'D_layers': 6, 'D_layer_units_exponent_0': 9, 'D_layer_units_exponent_1': 10, 'D_layer_units_exponent_2': 8, 'D_layer_units_exponent_3': 8, 'D_layer_units_exponent_4': 6, 'D_layer_units_exponent_5': 6, 'log_learning_rate': -3.1032445964440574, 'log_learning_rate_D': -4.272446795975512, 'training_batch_size': 9, 'training_p': 3}
	 epoch  0 training error:  tensor(0.5137, device='cuda:0', grad_fn=<DivBackward0>)
Memory status after this epoch: 
Memory allocated:  132.478515625
Memory cached:  204.0
	 epoch  10 training error:  tensor(0.0894, device='cuda:0', grad_fn=<DivBackward0>)
Memory status after this epoch: 
Memory allocated:  132.478515625
Memory cached:  204.0
	 epoch  20 training error:  tensor(0.0645, device='cuda:0', grad_fn=<DivBackward0>)
Memory status after this epoch: 
Memory allocated:  132.478515625
Memory cached:  204.0
	 epoch  30 training error:  tensor(0.0530, device='cuda:0', grad_fn=<DivBackward0>)
Memory status after this epoch: 
Memory allocated:  132.478515625
Memory cached:  204.0
	 epoch  40 training error:  tensor(0.0504, device='cuda:0', grad_fn=<DivBackward0>)
Memory status after this epoch: 
Memory allocated:  132.478515625
Memory cached:  204.0
	 epoch  50 training error:  tensor(0.0468, device='cuda:0', grad_fn=<DivBackward0>)
Memory status after this epoch: 
Memory allocated:  132.478515625
Memory cached:  204.0
	 epoch  60 training error:  tensor(0.0443, device='cuda:0', grad_fn=<DivBackward0>)
Memory status after this epoch: 
Memory allocated:  132.478515625
Memory cached:  204.0
	 epoch  70 training error:  tensor(0.0406, device='cuda:0', grad_fn=<DivBackward0>)
Memory status after this epoch: 
Memory allocated:  132.478515625
Memory cached:  204.0
	 epoch  80 training error:  tensor(0.0407, device='cuda:0', grad_fn=<DivBackward0>)
Memory status after this epoch: 
Memory allocated:  132.478515625
Memory cached:  204.0
	 epoch  90 training error:  tensor(0.0374, device='cuda:0', grad_fn=<DivBackward0>)
Memory status after this epoch: 
Memory allocated:  132.478515625
Memory cached:  204.0
[I 2023-12-02 23:29:49,975] Trial 29 finished with value: 0.04005950689315796 and parameters: {'W_layers': 7, 'W_layer_units_exponent_0': 5, 'W_layer_units_exponent_1': 8, 'W_layer_units_exponent_2': 9, 'W_layer_units_exponent_3': 4, 'W_layer_units_exponent_4': 4, 'W_layer_units_exponent_5': 5, 'W_layer_units_exponent_6': 7, 'D_layers': 6, 'D_layer_units_exponent_0': 9, 'D_layer_units_exponent_1': 10, 'D_layer_units_exponent_2': 8, 'D_layer_units_exponent_3': 8, 'D_layer_units_exponent_4': 6, 'D_layer_units_exponent_5': 6, 'log_learning_rate': -3.1032445964440574, 'log_learning_rate_D': -4.272446795975512, 'training_batch_size': 9, 'training_p': 3}. Best is trial 19 with value: 0.034339454025030136.
Time for this trial:  56.00632166862488
Memory status after this trial: 
Memory allocated:  196.86083984375
Memory cached:  218.0
--------------------  Trial  30   --------------------
Start timing: 
Parameters: 
{'W_layers': 8, 'W_layer_units_exponent_0': 4, 'W_layer_units_exponent_1': 10, 'W_layer_units_exponent_2': 5, 'W_layer_units_exponent_3': 6, 'W_layer_units_exponent_4': 7, 'W_layer_units_exponent_5': 8, 'W_layer_units_exponent_6': 5, 'W_layer_units_exponent_7': 4, 'D_layers': 4, 'D_layer_units_exponent_0': 10, 'D_layer_units_exponent_1': 7, 'D_layer_units_exponent_2': 10, 'D_layer_units_exponent_3': 9, 'log_learning_rate': -3.377468276860995, 'log_learning_rate_D': -4.5949461168748, 'training_batch_size': 8, 'training_p': 3}
	 epoch  0 training error:  tensor(0.5844, device='cuda:0', grad_fn=<DivBackward0>)
Memory status after this epoch: 
Memory allocated:  130.44140625
Memory cached:  204.0
	 epoch  10 training error:  tensor(0.0880, device='cuda:0', grad_fn=<DivBackward0>)
Memory status after this epoch: 
Memory allocated:  130.44140625
Memory cached:  204.0
	 epoch  20 training error:  tensor(0.0815, device='cuda:0', grad_fn=<DivBackward0>)
Memory status after this epoch: 
Memory allocated:  130.44140625
Memory cached:  204.0
	 epoch  30 training error:  tensor(0.0711, device='cuda:0', grad_fn=<DivBackward0>)
Memory status after this epoch: 
Memory allocated:  130.44140625
Memory cached:  204.0
	 epoch  40 training error:  tensor(0.0584, device='cuda:0', grad_fn=<DivBackward0>)
Memory status after this epoch: 
Memory allocated:  130.44140625
Memory cached:  204.0
	 epoch  50 training error:  tensor(0.0556, device='cuda:0', grad_fn=<DivBackward0>)
Memory status after this epoch: 
Memory allocated:  130.44140625
Memory cached:  204.0
	 epoch  60 training error:  tensor(0.0522, device='cuda:0', grad_fn=<DivBackward0>)
Memory status after this epoch: 
Memory allocated:  130.44140625
Memory cached:  204.0
	 epoch  70 training error:  tensor(0.0488, device='cuda:0', grad_fn=<DivBackward0>)
Memory status after this epoch: 
Memory allocated:  130.44140625
Memory cached:  204.0
	 epoch  80 training error:  tensor(0.0450, device='cuda:0', grad_fn=<DivBackward0>)
Memory status after this epoch: 
Memory allocated:  130.44140625
Memory cached:  204.0
	 epoch  90 training error:  tensor(0.0406, device='cuda:0', grad_fn=<DivBackward0>)
Memory status after this epoch: 
Memory allocated:  130.44140625
Memory cached:  204.0
[I 2023-12-02 23:30:45,882] Trial 30 finished with value: 0.04028325900435448 and parameters: {'W_layers': 8, 'W_layer_units_exponent_0': 4, 'W_layer_units_exponent_1': 10, 'W_layer_units_exponent_2': 5, 'W_layer_units_exponent_3': 6, 'W_layer_units_exponent_4': 7, 'W_layer_units_exponent_5': 8, 'W_layer_units_exponent_6': 5, 'W_layer_units_exponent_7': 4, 'D_layers': 4, 'D_layer_units_exponent_0': 10, 'D_layer_units_exponent_1': 7, 'D_layer_units_exponent_2': 10, 'D_layer_units_exponent_3': 9, 'log_learning_rate': -3.377468276860995, 'log_learning_rate_D': -4.5949461168748, 'training_batch_size': 8, 'training_p': 3}. Best is trial 19 with value: 0.034339454025030136.
Time for this trial:  55.69804644584656
Memory status after this trial: 
Memory allocated:  220.62744140625
Memory cached:  240.0
--------------------  Trial  31   --------------------
Start timing: 
Parameters: 
{'W_layers': 7, 'W_layer_units_exponent_0': 7, 'W_layer_units_exponent_1': 9, 'W_layer_units_exponent_2': 6, 'W_layer_units_exponent_3': 5, 'W_layer_units_exponent_4': 5, 'W_layer_units_exponent_5': 6, 'W_layer_units_exponent_6': 6, 'D_layers': 7, 'D_layer_units_exponent_0': 7, 'D_layer_units_exponent_1': 6, 'D_layer_units_exponent_2': 7, 'D_layer_units_exponent_3': 10, 'D_layer_units_exponent_4': 8, 'D_layer_units_exponent_5': 7, 'D_layer_units_exponent_6': 9, 'log_learning_rate': -2.848543831341606, 'log_learning_rate_D': -3.6524778271435148, 'training_batch_size': 9, 'training_p': 6}
	 epoch  0 training error:  tensor(1.2089, device='cuda:0', grad_fn=<DivBackward0>)
Memory status after this epoch: 
Memory allocated:  126.2265625
Memory cached:  184.0
	 epoch  10 training error:  tensor(0.1581, device='cuda:0', grad_fn=<DivBackward0>)
Memory status after this epoch: 
Memory allocated:  126.2265625
Memory cached:  184.0
	 epoch  20 training error:  tensor(0.0728, device='cuda:0', grad_fn=<DivBackward0>)
Memory status after this epoch: 
Memory allocated:  126.2265625
Memory cached:  184.0
	 epoch  30 training error:  tensor(0.0728, device='cuda:0', grad_fn=<DivBackward0>)
Memory status after this epoch: 
Memory allocated:  126.2265625
Memory cached:  184.0
	 epoch  40 training error:  tensor(0.0572, device='cuda:0', grad_fn=<DivBackward0>)
Memory status after this epoch: 
Memory allocated:  126.2265625
Memory cached:  184.0
	 epoch  50 training error:  tensor(0.0509, device='cuda:0', grad_fn=<DivBackward0>)
Memory status after this epoch: 
Memory allocated:  126.2265625
Memory cached:  184.0
	 epoch  60 training error:  tensor(0.0443, device='cuda:0', grad_fn=<DivBackward0>)
Memory status after this epoch: 
Memory allocated:  126.2265625
Memory cached:  184.0
	 epoch  70 training error:  tensor(0.0424, device='cuda:0', grad_fn=<DivBackward0>)
Memory status after this epoch: 
Memory allocated:  126.2265625
Memory cached:  184.0
	 epoch  80 training error:  tensor(0.0362, device='cuda:0', grad_fn=<DivBackward0>)
Memory status after this epoch: 
Memory allocated:  126.2265625
Memory cached:  184.0
	 epoch  90 training error:  tensor(0.0427, device='cuda:0', grad_fn=<DivBackward0>)
Memory status after this epoch: 
Memory allocated:  126.2265625
Memory cached:  184.0
[I 2023-12-02 23:31:43,295] Trial 31 finished with value: 0.032899919897317886 and parameters: {'W_layers': 7, 'W_layer_units_exponent_0': 7, 'W_layer_units_exponent_1': 9, 'W_layer_units_exponent_2': 6, 'W_layer_units_exponent_3': 5, 'W_layer_units_exponent_4': 5, 'W_layer_units_exponent_5': 6, 'W_layer_units_exponent_6': 6, 'D_layers': 7, 'D_layer_units_exponent_0': 7, 'D_layer_units_exponent_1': 6, 'D_layer_units_exponent_2': 7, 'D_layer_units_exponent_3': 10, 'D_layer_units_exponent_4': 8, 'D_layer_units_exponent_5': 7, 'D_layer_units_exponent_6': 9, 'log_learning_rate': -2.848543831341606, 'log_learning_rate_D': -3.6524778271435148, 'training_batch_size': 9, 'training_p': 6}. Best is trial 31 with value: 0.032899919897317886.
res:  tensor(0.0329, device='cuda:0', grad_fn=<DivBackward0>)
self.bestValue:  tensor(0.0343, device='cuda:0', grad_fn=<DivBackward0>)
Save this model!
Time for this trial:  57.18712854385376
Memory status after this trial: 
Memory allocated:  76.12841796875
Memory cached:  172.0
--------------------  Trial  32   --------------------
Start timing: 
Parameters: 
{'W_layers': 7, 'W_layer_units_exponent_0': 7, 'W_layer_units_exponent_1': 8, 'W_layer_units_exponent_2': 6, 'W_layer_units_exponent_3': 6, 'W_layer_units_exponent_4': 5, 'W_layer_units_exponent_5': 6, 'W_layer_units_exponent_6': 5, 'D_layers': 8, 'D_layer_units_exponent_0': 7, 'D_layer_units_exponent_1': 5, 'D_layer_units_exponent_2': 7, 'D_layer_units_exponent_3': 9, 'D_layer_units_exponent_4': 9, 'D_layer_units_exponent_5': 7, 'D_layer_units_exponent_6': 9, 'D_layer_units_exponent_7': 6, 'log_learning_rate': -3.8671284269726556, 'log_learning_rate_D': -3.6394567538411877, 'training_batch_size': 10, 'training_p': 6}
	 epoch  0 training error:  tensor(1.1559, device='cuda:0', grad_fn=<DivBackward0>)
Memory status after this epoch: 
Memory allocated:  84.7626953125
Memory cached:  172.0
	 epoch  10 training error:  tensor(0.6591, device='cuda:0', grad_fn=<DivBackward0>)
Memory status after this epoch: 
Memory allocated:  84.7626953125
Memory cached:  172.0
	 epoch  20 training error:  tensor(0.2327, device='cuda:0', grad_fn=<DivBackward0>)
Memory status after this epoch: 
Memory allocated:  84.7626953125
Memory cached:  172.0
	 epoch  30 training error:  tensor(0.1147, device='cuda:0', grad_fn=<DivBackward0>)
Memory status after this epoch: 
Memory allocated:  84.7626953125
Memory cached:  172.0
	 epoch  40 training error:  tensor(0.0732, device='cuda:0', grad_fn=<DivBackward0>)
Memory status after this epoch: 
Memory allocated:  84.7626953125
Memory cached:  172.0
	 epoch  50 training error:  tensor(0.0665, device='cuda:0', grad_fn=<DivBackward0>)
Memory status after this epoch: 
Memory allocated:  84.7626953125
Memory cached:  172.0
	 epoch  60 training error:  tensor(0.0647, device='cuda:0', grad_fn=<DivBackward0>)
Memory status after this epoch: 
Memory allocated:  84.7626953125
Memory cached:  172.0
	 epoch  70 training error:  tensor(0.0600, device='cuda:0', grad_fn=<DivBackward0>)
Memory status after this epoch: 
Memory allocated:  84.7626953125
Memory cached:  172.0
	 epoch  80 training error:  tensor(0.0579, device='cuda:0', grad_fn=<DivBackward0>)
Memory status after this epoch: 
Memory allocated:  84.7626953125
Memory cached:  172.0
	 epoch  90 training error:  tensor(0.0562, device='cuda:0', grad_fn=<DivBackward0>)
Memory status after this epoch: 
Memory allocated:  84.7626953125
Memory cached:  172.0
[I 2023-12-02 23:32:43,729] Trial 32 finished with value: 0.048057686537504196 and parameters: {'W_layers': 7, 'W_layer_units_exponent_0': 7, 'W_layer_units_exponent_1': 8, 'W_layer_units_exponent_2': 6, 'W_layer_units_exponent_3': 6, 'W_layer_units_exponent_4': 5, 'W_layer_units_exponent_5': 6, 'W_layer_units_exponent_6': 5, 'D_layers': 8, 'D_layer_units_exponent_0': 7, 'D_layer_units_exponent_1': 5, 'D_layer_units_exponent_2': 7, 'D_layer_units_exponent_3': 9, 'D_layer_units_exponent_4': 9, 'D_layer_units_exponent_5': 7, 'D_layer_units_exponent_6': 9, 'D_layer_units_exponent_7': 6, 'log_learning_rate': -3.8671284269726556, 'log_learning_rate_D': -3.6394567538411877, 'training_batch_size': 10, 'training_p': 6}. Best is trial 31 with value: 0.032899919897317886.
Time for this trial:  60.21689987182617
Memory status after this trial: 
Memory allocated:  140.8818359375
Memory cached:  172.0
--------------------  Trial  33   --------------------
Start timing: 
Parameters: 
{'W_layers': 4, 'W_layer_units_exponent_0': 9, 'W_layer_units_exponent_1': 10, 'W_layer_units_exponent_2': 4, 'W_layer_units_exponent_3': 7, 'D_layers': 7, 'D_layer_units_exponent_0': 7, 'D_layer_units_exponent_1': 5, 'D_layer_units_exponent_2': 7, 'D_layer_units_exponent_3': 8, 'D_layer_units_exponent_4': 8, 'D_layer_units_exponent_5': 5, 'D_layer_units_exponent_6': 9, 'log_learning_rate': -4.391981061190617, 'log_learning_rate_D': -3.991930404754487, 'training_batch_size': 10, 'training_p': 7}
	 epoch  0 training error:  tensor(1.5324, device='cuda:0', grad_fn=<DivBackward0>)
Memory status after this epoch: 
Memory allocated:  86.5517578125
Memory cached:  194.0
	 epoch  10 training error:  tensor(0.2942, device='cuda:0', grad_fn=<DivBackward0>)
Memory status after this epoch: 
Memory allocated:  86.5517578125
Memory cached:  194.0
	 epoch  20 training error:  tensor(0.1724, device='cuda:0', grad_fn=<DivBackward0>)
Memory status after this epoch: 
Memory allocated:  86.5517578125
Memory cached:  194.0
	 epoch  30 training error:  tensor(0.1067, device='cuda:0', grad_fn=<DivBackward0>)
Memory status after this epoch: 
Memory allocated:  86.5517578125
Memory cached:  194.0
	 epoch  40 training error:  tensor(0.0611, device='cuda:0', grad_fn=<DivBackward0>)
Memory status after this epoch: 
Memory allocated:  86.5517578125
Memory cached:  194.0
	 epoch  50 training error:  tensor(0.0655, device='cuda:0', grad_fn=<DivBackward0>)
Memory status after this epoch: 
Memory allocated:  86.5517578125
Memory cached:  194.0
	 epoch  60 training error:  tensor(0.0576, device='cuda:0', grad_fn=<DivBackward0>)
Memory status after this epoch: 
Memory allocated:  86.5517578125
Memory cached:  194.0
	 epoch  70 training error:  tensor(0.0572, device='cuda:0', grad_fn=<DivBackward0>)
Memory status after this epoch: 
Memory allocated:  86.5517578125
Memory cached:  194.0
	 epoch  80 training error:  tensor(0.0557, device='cuda:0', grad_fn=<DivBackward0>)
Memory status after this epoch: 
Memory allocated:  86.5517578125
Memory cached:  194.0
	 epoch  90 training error:  tensor(0.0545, device='cuda:0', grad_fn=<DivBackward0>)
Memory status after this epoch: 
Memory allocated:  86.5517578125
Memory cached:  194.0
