[I 2023-12-07 03:40:54,568] Trial 82 finished with value: 0.24262738227844238 and parameters: {'W_layers': 5, 'W_layer_units_exponent_0': 4, 'W_layer_units_exponent_1': 5, 'W_layer_units_exponent_2': 6, 'W_layer_units_exponent_3': 9, 'W_layer_units_exponent_4': 10, 'D_layers': 4, 'D_layer_units_exponent_0': 10, 'D_layer_units_exponent_1': 7, 'D_layer_units_exponent_2': 5, 'D_layer_units_exponent_3': 8, 'D_dagger_layers': 7, 'D_dagger_layer_units_exponent_0': 8, 'D_dagger_layer_units_exponent_1': 4, 'D_dagger_layer_units_exponent_2': 9, 'D_dagger_layer_units_exponent_3': 6, 'D_dagger_layer_units_exponent_4': 7, 'D_dagger_layer_units_exponent_5': 5, 'D_dagger_layer_units_exponent_6': 7, 'log_learning_rate': -3.140369777141477, 'log_learning_rate_D': -3.2605952985005335, 'log_learning_rate_D_dagger': -3.428161578465862, 'training_batch_size': 11, 'training_p': 5}. Best is trial 45 with value: 0.17419132590293884.
Time for this trial:  208.18600463867188
Memory status after this trial: 
Memory allocated:  659.81640625
Memory cached:  788.0
--------------------  Trial  83   --------------------
Start timing: 
Parameters: 
{'W_layers': 5, 'W_layer_units_exponent_0': 4, 'W_layer_units_exponent_1': 5, 'W_layer_units_exponent_2': 6, 'W_layer_units_exponent_3': 9, 'W_layer_units_exponent_4': 10, 'D_layers': 4, 'D_layer_units_exponent_0': 10, 'D_layer_units_exponent_1': 7, 'D_layer_units_exponent_2': 5, 'D_layer_units_exponent_3': 8, 'D_dagger_layers': 6, 'D_dagger_layer_units_exponent_0': 8, 'D_dagger_layer_units_exponent_1': 4, 'D_dagger_layer_units_exponent_2': 10, 'D_dagger_layer_units_exponent_3': 7, 'D_dagger_layer_units_exponent_4': 7, 'D_dagger_layer_units_exponent_5': 5, 'log_learning_rate': -3.0283037480738395, 'log_learning_rate_D': -3.474755978375242, 'log_learning_rate_D_dagger': -3.4068285481597846, 'training_batch_size': 10, 'training_p': 5}
	 epoch  0 training error:  tensor(0.9507, device='cuda:0', grad_fn=<DivBackward0>)
Memory status after this epoch: 
Memory allocated:  452.673828125
Memory cached:  786.0
	 epoch  10 training error:  tensor(0.5377, device='cuda:0', grad_fn=<DivBackward0>)
Memory status after this epoch: 
Memory allocated:  452.673828125
Memory cached:  830.0
	 epoch  20 training error:  tensor(0.4398, device='cuda:0', grad_fn=<DivBackward0>)
Memory status after this epoch: 
Memory allocated:  452.673828125
Memory cached:  830.0
	 epoch  30 training error:  tensor(0.4250, device='cuda:0', grad_fn=<DivBackward0>)
Memory status after this epoch: 
Memory allocated:  452.673828125
Memory cached:  830.0
	 epoch  40 training error:  tensor(0.4029, device='cuda:0', grad_fn=<DivBackward0>)
Memory status after this epoch: 
Memory allocated:  452.673828125
Memory cached:  832.0
	 epoch  50 training error:  tensor(0.3676, device='cuda:0', grad_fn=<DivBackward0>)
Memory status after this epoch: 
Memory allocated:  452.673828125
Memory cached:  824.0
	 epoch  60 training error:  tensor(0.3323, device='cuda:0', grad_fn=<DivBackward0>)
Memory status after this epoch: 
Memory allocated:  452.673828125
Memory cached:  816.0
	 epoch  70 training error:  tensor(0.3265, device='cuda:0', grad_fn=<DivBackward0>)
Memory status after this epoch: 
Memory allocated:  452.673828125
Memory cached:  832.0
	 epoch  80 training error:  tensor(0.3233, device='cuda:0', grad_fn=<DivBackward0>)
Memory status after this epoch: 
Memory allocated:  452.673828125
Memory cached:  832.0
	 epoch  90 training error:  tensor(0.3190, device='cuda:0', grad_fn=<DivBackward0>)
Memory status after this epoch: 
Memory allocated:  452.673828125
Memory cached:  824.0
[I 2023-12-07 03:44:20,193] Trial 83 finished with value: 0.2873404622077942 and parameters: {'W_layers': 5, 'W_layer_units_exponent_0': 4, 'W_layer_units_exponent_1': 5, 'W_layer_units_exponent_2': 6, 'W_layer_units_exponent_3': 9, 'W_layer_units_exponent_4': 10, 'D_layers': 4, 'D_layer_units_exponent_0': 10, 'D_layer_units_exponent_1': 7, 'D_layer_units_exponent_2': 5, 'D_layer_units_exponent_3': 8, 'D_dagger_layers': 6, 'D_dagger_layer_units_exponent_0': 8, 'D_dagger_layer_units_exponent_1': 4, 'D_dagger_layer_units_exponent_2': 10, 'D_dagger_layer_units_exponent_3': 7, 'D_dagger_layer_units_exponent_4': 7, 'D_dagger_layer_units_exponent_5': 5, 'log_learning_rate': -3.0283037480738395, 'log_learning_rate_D': -3.474755978375242, 'log_learning_rate_D_dagger': -3.4068285481597846, 'training_batch_size': 10, 'training_p': 5}. Best is trial 45 with value: 0.17419132590293884.
Time for this trial:  205.32792615890503
Memory status after this trial: 
Memory allocated:  685.3212890625
Memory cached:  808.0
--------------------  Trial  84   --------------------
Start timing: 
Parameters: 
{'W_layers': 5, 'W_layer_units_exponent_0': 4, 'W_layer_units_exponent_1': 4, 'W_layer_units_exponent_2': 5, 'W_layer_units_exponent_3': 9, 'W_layer_units_exponent_4': 10, 'D_layers': 4, 'D_layer_units_exponent_0': 10, 'D_layer_units_exponent_1': 8, 'D_layer_units_exponent_2': 5, 'D_layer_units_exponent_3': 7, 'D_dagger_layers': 8, 'D_dagger_layer_units_exponent_0': 7, 'D_dagger_layer_units_exponent_1': 4, 'D_dagger_layer_units_exponent_2': 8, 'D_dagger_layer_units_exponent_3': 9, 'D_dagger_layer_units_exponent_4': 7, 'D_dagger_layer_units_exponent_5': 5, 'D_dagger_layer_units_exponent_6': 7, 'D_dagger_layer_units_exponent_7': 6, 'log_learning_rate': -2.7619182068342596, 'log_learning_rate_D': -3.6670950091638135, 'log_learning_rate_D_dagger': -3.5610127476556768, 'training_batch_size': 11, 'training_p': 5}
	 epoch  0 training error:  tensor(0.9467, device='cuda:0', grad_fn=<DivBackward0>)
Memory status after this epoch: 
Memory allocated:  455.10546875
Memory cached:  780.0
	 epoch  10 training error:  tensor(0.6677, device='cuda:0', grad_fn=<DivBackward0>)
Memory status after this epoch: 
Memory allocated:  455.10546875
Memory cached:  812.0
	 epoch  20 training error:  tensor(0.5237, device='cuda:0', grad_fn=<DivBackward0>)
Memory status after this epoch: 
Memory allocated:  455.10546875
Memory cached:  798.0
	 epoch  30 training error:  tensor(0.4583, device='cuda:0', grad_fn=<DivBackward0>)
Memory status after this epoch: 
Memory allocated:  455.10546875
Memory cached:  796.0
	 epoch  40 training error:  tensor(0.4249, device='cuda:0', grad_fn=<DivBackward0>)
Memory status after this epoch: 
Memory allocated:  455.10546875
Memory cached:  810.0
	 epoch  50 training error:  tensor(0.4117, device='cuda:0', grad_fn=<DivBackward0>)
Memory status after this epoch: 
Memory allocated:  455.10546875
Memory cached:  798.0
	 epoch  60 training error:  tensor(0.4017, device='cuda:0', grad_fn=<DivBackward0>)
Memory status after this epoch: 
Memory allocated:  455.10546875
Memory cached:  808.0
	 epoch  70 training error:  tensor(0.3791, device='cuda:0', grad_fn=<DivBackward0>)
Memory status after this epoch: 
Memory allocated:  455.10546875
Memory cached:  796.0
	 epoch  80 training error:  tensor(0.3458, device='cuda:0', grad_fn=<DivBackward0>)
Memory status after this epoch: 
Memory allocated:  455.10546875
Memory cached:  802.0
	 epoch  90 training error:  tensor(0.3294, device='cuda:0', grad_fn=<DivBackward0>)
Memory status after this epoch: 
Memory allocated:  455.10546875
Memory cached:  804.0
[I 2023-12-07 03:47:54,174] Trial 84 finished with value: 0.2932540774345398 and parameters: {'W_layers': 5, 'W_layer_units_exponent_0': 4, 'W_layer_units_exponent_1': 4, 'W_layer_units_exponent_2': 5, 'W_layer_units_exponent_3': 9, 'W_layer_units_exponent_4': 10, 'D_layers': 4, 'D_layer_units_exponent_0': 10, 'D_layer_units_exponent_1': 8, 'D_layer_units_exponent_2': 5, 'D_layer_units_exponent_3': 7, 'D_dagger_layers': 8, 'D_dagger_layer_units_exponent_0': 7, 'D_dagger_layer_units_exponent_1': 4, 'D_dagger_layer_units_exponent_2': 8, 'D_dagger_layer_units_exponent_3': 9, 'D_dagger_layer_units_exponent_4': 7, 'D_dagger_layer_units_exponent_5': 5, 'D_dagger_layer_units_exponent_6': 7, 'D_dagger_layer_units_exponent_7': 6, 'log_learning_rate': -2.7619182068342596, 'log_learning_rate_D': -3.6670950091638135, 'log_learning_rate_D_dagger': -3.5610127476556768, 'training_batch_size': 11, 'training_p': 5}. Best is trial 45 with value: 0.17419132590293884.
Time for this trial:  213.6409752368927
Memory status after this trial: 
Memory allocated:  667.77734375
Memory cached:  792.0
--------------------  Trial  85   --------------------
Start timing: 
Parameters: 
{'W_layers': 4, 'W_layer_units_exponent_0': 4, 'W_layer_units_exponent_1': 5, 'W_layer_units_exponent_2': 7, 'W_layer_units_exponent_3': 8, 'D_layers': 3, 'D_layer_units_exponent_0': 10, 'D_layer_units_exponent_1': 7, 'D_layer_units_exponent_2': 5, 'D_dagger_layers': 7, 'D_dagger_layer_units_exponent_0': 8, 'D_dagger_layer_units_exponent_1': 4, 'D_dagger_layer_units_exponent_2': 9, 'D_dagger_layer_units_exponent_3': 6, 'D_dagger_layer_units_exponent_4': 7, 'D_dagger_layer_units_exponent_5': 5, 'D_dagger_layer_units_exponent_6': 7, 'log_learning_rate': -2.546948661913008, 'log_learning_rate_D': -3.2958473022475303, 'log_learning_rate_D_dagger': -3.4684351111561473, 'training_batch_size': 11, 'training_p': 4}
	 epoch  0 training error:  tensor(0.9036, device='cuda:0', grad_fn=<DivBackward0>)
Memory status after this epoch: 
Memory allocated:  442.849609375
Memory cached:  790.0
	 epoch  10 training error:  tensor(0.5796, device='cuda:0', grad_fn=<DivBackward0>)
Memory status after this epoch: 
Memory allocated:  442.849609375
Memory cached:  820.0
	 epoch  20 training error:  tensor(0.4312, device='cuda:0', grad_fn=<DivBackward0>)
Memory status after this epoch: 
Memory allocated:  442.849609375
Memory cached:  814.0
	 epoch  30 training error:  tensor(0.4071, device='cuda:0', grad_fn=<DivBackward0>)
Memory status after this epoch: 
Memory allocated:  442.849609375
Memory cached:  822.0
	 epoch  40 training error:  tensor(0.3949, device='cuda:0', grad_fn=<DivBackward0>)
Memory status after this epoch: 
Memory allocated:  442.849609375
Memory cached:  812.0
	 epoch  50 training error:  tensor(0.3763, device='cuda:0', grad_fn=<DivBackward0>)
Memory status after this epoch: 
Memory allocated:  442.849609375
Memory cached:  822.0
	 epoch  60 training error:  tensor(0.3544, device='cuda:0', grad_fn=<DivBackward0>)
Memory status after this epoch: 
Memory allocated:  442.849609375
Memory cached:  810.0
	 epoch  70 training error:  tensor(0.3374, device='cuda:0', grad_fn=<DivBackward0>)
Memory status after this epoch: 
Memory allocated:  442.849609375
Memory cached:  812.0
	 epoch  80 training error:  tensor(0.3232, device='cuda:0', grad_fn=<DivBackward0>)
Memory status after this epoch: 
Memory allocated:  442.849609375
Memory cached:  810.0
	 epoch  90 training error:  tensor(0.3151, device='cuda:0', grad_fn=<DivBackward0>)
Memory status after this epoch: 
Memory allocated:  442.849609375
Memory cached:  808.0
[I 2023-12-07 03:50:55,168] Trial 85 finished with value: 0.2896063029766083 and parameters: {'W_layers': 4, 'W_layer_units_exponent_0': 4, 'W_layer_units_exponent_1': 5, 'W_layer_units_exponent_2': 7, 'W_layer_units_exponent_3': 8, 'D_layers': 3, 'D_layer_units_exponent_0': 10, 'D_layer_units_exponent_1': 7, 'D_layer_units_exponent_2': 5, 'D_dagger_layers': 7, 'D_dagger_layer_units_exponent_0': 8, 'D_dagger_layer_units_exponent_1': 4, 'D_dagger_layer_units_exponent_2': 9, 'D_dagger_layer_units_exponent_3': 6, 'D_dagger_layer_units_exponent_4': 7, 'D_dagger_layer_units_exponent_5': 5, 'D_dagger_layer_units_exponent_6': 7, 'log_learning_rate': -2.546948661913008, 'log_learning_rate_D': -3.2958473022475303, 'log_learning_rate_D_dagger': -3.4684351111561473, 'training_batch_size': 11, 'training_p': 4}. Best is trial 45 with value: 0.17419132590293884.
Time for this trial:  180.7238609790802
Memory status after this trial: 
Memory allocated:  584.82568359375
Memory cached:  800.0
--------------------  Trial  86   --------------------
Start timing: 
Parameters: 
{'W_layers': 5, 'W_layer_units_exponent_0': 5, 'W_layer_units_exponent_1': 9, 'W_layer_units_exponent_2': 5, 'W_layer_units_exponent_3': 9, 'W_layer_units_exponent_4': 10, 'D_layers': 5, 'D_layer_units_exponent_0': 10, 'D_layer_units_exponent_1': 7, 'D_layer_units_exponent_2': 6, 'D_layer_units_exponent_3': 8, 'D_layer_units_exponent_4': 10, 'D_dagger_layers': 6, 'D_dagger_layer_units_exponent_0': 8, 'D_dagger_layer_units_exponent_1': 4, 'D_dagger_layer_units_exponent_2': 9, 'D_dagger_layer_units_exponent_3': 6, 'D_dagger_layer_units_exponent_4': 6, 'D_dagger_layer_units_exponent_5': 4, 'log_learning_rate': -3.407813970104774, 'log_learning_rate_D': -3.104608593974303, 'log_learning_rate_D_dagger': -3.3256343266581894, 'training_batch_size': 10, 'training_p': 6}
	 epoch  0 training error:  tensor(1.0015, device='cuda:0', grad_fn=<DivBackward0>)
Memory status after this epoch: 
Memory allocated:  455.23828125
Memory cached:  784.0
	 epoch  10 training error:  tensor(0.5823, device='cuda:0', grad_fn=<DivBackward0>)
Memory status after this epoch: 
Memory allocated:  455.23828125
Memory cached:  828.0
	 epoch  20 training error:  tensor(0.4568, device='cuda:0', grad_fn=<DivBackward0>)
Memory status after this epoch: 
Memory allocated:  455.23828125
Memory cached:  818.0
	 epoch  30 training error:  tensor(0.4280, device='cuda:0', grad_fn=<DivBackward0>)
Memory status after this epoch: 
Memory allocated:  455.23828125
Memory cached:  816.0
	 epoch  40 training error:  tensor(0.4042, device='cuda:0', grad_fn=<DivBackward0>)
Memory status after this epoch: 
Memory allocated:  455.23828125
Memory cached:  812.0
	 epoch  50 training error:  tensor(0.3790, device='cuda:0', grad_fn=<DivBackward0>)
Memory status after this epoch: 
Memory allocated:  455.23828125
Memory cached:  804.0
	 epoch  60 training error:  tensor(0.3551, device='cuda:0', grad_fn=<DivBackward0>)
Memory status after this epoch: 
Memory allocated:  455.23828125
Memory cached:  810.0
	 epoch  70 training error:  tensor(0.3301, device='cuda:0', grad_fn=<DivBackward0>)
Memory status after this epoch: 
Memory allocated:  455.23828125
Memory cached:  816.0
	 epoch  80 training error:  tensor(0.3057, device='cuda:0', grad_fn=<DivBackward0>)
Memory status after this epoch: 
Memory allocated:  455.23828125
Memory cached:  814.0
	 epoch  90 training error:  tensor(0.3257, device='cuda:0', grad_fn=<DivBackward0>)
Memory status after this epoch: 
Memory allocated:  455.23828125
Memory cached:  816.0
[I 2023-12-07 03:54:32,007] Trial 86 finished with value: 0.2615348994731903 and parameters: {'W_layers': 5, 'W_layer_units_exponent_0': 5, 'W_layer_units_exponent_1': 9, 'W_layer_units_exponent_2': 5, 'W_layer_units_exponent_3': 9, 'W_layer_units_exponent_4': 10, 'D_layers': 5, 'D_layer_units_exponent_0': 10, 'D_layer_units_exponent_1': 7, 'D_layer_units_exponent_2': 6, 'D_layer_units_exponent_3': 8, 'D_layer_units_exponent_4': 10, 'D_dagger_layers': 6, 'D_dagger_layer_units_exponent_0': 8, 'D_dagger_layer_units_exponent_1': 4, 'D_dagger_layer_units_exponent_2': 9, 'D_dagger_layer_units_exponent_3': 6, 'D_dagger_layer_units_exponent_4': 6, 'D_dagger_layer_units_exponent_5': 4, 'log_learning_rate': -3.407813970104774, 'log_learning_rate_D': -3.104608593974303, 'log_learning_rate_D_dagger': -3.3256343266581894, 'training_batch_size': 10, 'training_p': 6}. Best is trial 45 with value: 0.17419132590293884.
Time for this trial:  216.54849195480347
Memory status after this trial: 
Memory allocated:  726.47900390625
Memory cached:  804.0
--------------------  Trial  87   --------------------
Start timing: 
Parameters: 
{'W_layers': 5, 'W_layer_units_exponent_0': 5, 'W_layer_units_exponent_1': 5, 'W_layer_units_exponent_2': 6, 'W_layer_units_exponent_3': 9, 'W_layer_units_exponent_4': 10, 'D_layers': 6, 'D_layer_units_exponent_0': 10, 'D_layer_units_exponent_1': 7, 'D_layer_units_exponent_2': 5, 'D_layer_units_exponent_3': 9, 'D_layer_units_exponent_4': 9, 'D_layer_units_exponent_5': 6, 'D_dagger_layers': 5, 'D_dagger_layer_units_exponent_0': 10, 'D_dagger_layer_units_exponent_1': 5, 'D_dagger_layer_units_exponent_2': 10, 'D_dagger_layer_units_exponent_3': 5, 'D_dagger_layer_units_exponent_4': 8, 'log_learning_rate': -2.691094076319256, 'log_learning_rate_D': -3.379860739623421, 'log_learning_rate_D_dagger': -3.80086397172361, 'training_batch_size': 9, 'training_p': 5}
	 epoch  0 training error:  tensor(1.0307, device='cuda:0', grad_fn=<DivBackward0>)
Memory status after this epoch: 
Memory allocated:  456.35546875
Memory cached:  768.0
	 epoch  10 training error:  tensor(0.5406, device='cuda:0', grad_fn=<DivBackward0>)
Memory status after this epoch: 
Memory allocated:  456.35546875
Memory cached:  768.0
	 epoch  20 training error:  tensor(0.4545, device='cuda:0', grad_fn=<DivBackward0>)
Memory status after this epoch: 
Memory allocated:  456.35546875
Memory cached:  770.0
	 epoch  30 training error:  tensor(0.4183, device='cuda:0', grad_fn=<DivBackward0>)
Memory status after this epoch: 
Memory allocated:  456.35546875
Memory cached:  768.0
	 epoch  40 training error:  tensor(0.3996, device='cuda:0', grad_fn=<DivBackward0>)
Memory status after this epoch: 
Memory allocated:  456.35546875
Memory cached:  768.0
	 epoch  50 training error:  tensor(0.3772, device='cuda:0', grad_fn=<DivBackward0>)
Memory status after this epoch: 
Memory allocated:  456.35546875
Memory cached:  768.0
	 epoch  60 training error:  tensor(0.3607, device='cuda:0', grad_fn=<DivBackward0>)
Memory status after this epoch: 
Memory allocated:  456.35546875
Memory cached:  770.0
	 epoch  70 training error:  tensor(0.3444, device='cuda:0', grad_fn=<DivBackward0>)
Memory status after this epoch: 
Memory allocated:  456.35546875
Memory cached:  768.0
	 epoch  80 training error:  tensor(0.3333, device='cuda:0', grad_fn=<DivBackward0>)
Memory status after this epoch: 
Memory allocated:  456.35546875
Memory cached:  768.0
	 epoch  90 training error:  tensor(0.3105, device='cuda:0', grad_fn=<DivBackward0>)
Memory status after this epoch: 
Memory allocated:  456.35546875
Memory cached:  768.0
[I 2023-12-07 03:58:16,814] Trial 87 finished with value: 0.26505181193351746 and parameters: {'W_layers': 5, 'W_layer_units_exponent_0': 5, 'W_layer_units_exponent_1': 5, 'W_layer_units_exponent_2': 6, 'W_layer_units_exponent_3': 9, 'W_layer_units_exponent_4': 10, 'D_layers': 6, 'D_layer_units_exponent_0': 10, 'D_layer_units_exponent_1': 7, 'D_layer_units_exponent_2': 5, 'D_layer_units_exponent_3': 9, 'D_layer_units_exponent_4': 9, 'D_layer_units_exponent_5': 6, 'D_dagger_layers': 5, 'D_dagger_layer_units_exponent_0': 10, 'D_dagger_layer_units_exponent_1': 5, 'D_dagger_layer_units_exponent_2': 10, 'D_dagger_layer_units_exponent_3': 5, 'D_dagger_layer_units_exponent_4': 8, 'log_learning_rate': -2.691094076319256, 'log_learning_rate_D': -3.379860739623421, 'log_learning_rate_D_dagger': -3.80086397172361, 'training_batch_size': 9, 'training_p': 5}. Best is trial 45 with value: 0.17419132590293884.
Time for this trial:  224.47046828269958
Memory status after this trial: 
Memory allocated:  773.275390625
Memory cached:  816.0
--------------------  Trial  88   --------------------
Start timing: 
Parameters: 
{'W_layers': 4, 'W_layer_units_exponent_0': 4, 'W_layer_units_exponent_1': 5, 'W_layer_units_exponent_2': 6, 'W_layer_units_exponent_3': 8, 'D_layers': 5, 'D_layer_units_exponent_0': 10, 'D_layer_units_exponent_1': 8, 'D_layer_units_exponent_2': 5, 'D_layer_units_exponent_3': 7, 'D_layer_units_exponent_4': 10, 'D_dagger_layers': 8, 'D_dagger_layer_units_exponent_0': 7, 'D_dagger_layer_units_exponent_1': 4, 'D_dagger_layer_units_exponent_2': 8, 'D_dagger_layer_units_exponent_3': 4, 'D_dagger_layer_units_exponent_4': 6, 'D_dagger_layer_units_exponent_5': 5, 'D_dagger_layer_units_exponent_6': 6, 'D_dagger_layer_units_exponent_7': 10, 'log_learning_rate': -3.1610605349347045, 'log_learning_rate_D': -3.4948422971804143, 'log_learning_rate_D_dagger': -3.6152689059233154, 'training_batch_size': 11, 'training_p': 4}
	 epoch  0 training error:  tensor(0.8757, device='cuda:0', grad_fn=<DivBackward0>)
Memory status after this epoch: 
Memory allocated:  447.04296875
Memory cached:  780.0
	 epoch  10 training error:  tensor(0.6333, device='cuda:0', grad_fn=<DivBackward0>)
Memory status after this epoch: 
Memory allocated:  447.04296875
Memory cached:  814.0
	 epoch  20 training error:  tensor(0.5549, device='cuda:0', grad_fn=<DivBackward0>)
Memory status after this epoch: 
Memory allocated:  447.04296875
Memory cached:  824.0
	 epoch  30 training error:  tensor(0.4533, device='cuda:0', grad_fn=<DivBackward0>)
Memory status after this epoch: 
Memory allocated:  447.04296875
Memory cached:  822.0
	 epoch  40 training error:  tensor(0.4177, device='cuda:0', grad_fn=<DivBackward0>)
Memory status after this epoch: 
Memory allocated:  447.04296875
Memory cached:  820.0
	 epoch  50 training error:  tensor(0.4013, device='cuda:0', grad_fn=<DivBackward0>)
Memory status after this epoch: 
Memory allocated:  447.04296875
Memory cached:  814.0
	 epoch  60 training error:  tensor(0.3864, device='cuda:0', grad_fn=<DivBackward0>)
Memory status after this epoch: 
Memory allocated:  447.04296875
Memory cached:  820.0
	 epoch  70 training error:  tensor(0.3815, device='cuda:0', grad_fn=<DivBackward0>)
Memory status after this epoch: 
Memory allocated:  447.04296875
Memory cached:  824.0
	 epoch  80 training error:  tensor(0.3718, device='cuda:0', grad_fn=<DivBackward0>)
Memory status after this epoch: 
Memory allocated:  447.04296875
Memory cached:  820.0
	 epoch  90 training error:  tensor(0.3637, device='cuda:0', grad_fn=<DivBackward0>)
Memory status after this epoch: 
Memory allocated:  447.04296875
Memory cached:  812.0
