[I 2023-12-04 02:04:38,835] Trial 47 finished with value: 0.023969614878296852 and parameters: {'W_layers': 3, 'W_layer_units_exponent_0': 6, 'W_layer_units_exponent_1': 8, 'W_layer_units_exponent_2': 8, 'D_layers': 7, 'D_layer_units_exponent_0': 7, 'D_layer_units_exponent_1': 10, 'D_layer_units_exponent_2': 9, 'D_layer_units_exponent_3': 5, 'D_layer_units_exponent_4': 7, 'D_layer_units_exponent_5': 5, 'D_layer_units_exponent_6': 8, 'log_learning_rate': -2.8965421166190954, 'log_learning_rate_D': -3.4049471994426077, 'training_batch_size': 6, 'training_p': 8}. Best is trial 27 with value: 0.013895528391003609.
Time for this trial:  71.94308686256409
Memory status after this trial: 
Memory allocated:  135.0927734375
Memory cached:  162.0
--------------------  Trial  48   --------------------
Start timing: 
Parameters: 
{'W_layers': 3, 'W_layer_units_exponent_0': 6, 'W_layer_units_exponent_1': 7, 'W_layer_units_exponent_2': 9, 'D_layers': 8, 'D_layer_units_exponent_0': 8, 'D_layer_units_exponent_1': 9, 'D_layer_units_exponent_2': 9, 'D_layer_units_exponent_3': 5, 'D_layer_units_exponent_4': 9, 'D_layer_units_exponent_5': 5, 'D_layer_units_exponent_6': 8, 'D_layer_units_exponent_7': 7, 'log_learning_rate': -2.8028129363903296, 'log_learning_rate_D': -2.8537660530538815, 'training_batch_size': 7, 'training_p': 7}
	 epoch  0 training error:  tensor(1.0051, device='cuda:0', grad_fn=<DivBackward0>)
Memory status after this epoch: 
Memory allocated:  76.60595703125
Memory cached:  144.0
	 epoch  10 training error:  tensor(0.2583, device='cuda:0', grad_fn=<DivBackward0>)
Memory status after this epoch: 
Memory allocated:  76.60595703125
Memory cached:  144.0
	 epoch  20 training error:  tensor(0.1927, device='cuda:0', grad_fn=<DivBackward0>)
Memory status after this epoch: 
Memory allocated:  76.60595703125
Memory cached:  144.0
	 epoch  30 training error:  tensor(0.1115, device='cuda:0', grad_fn=<DivBackward0>)
Memory status after this epoch: 
Memory allocated:  76.60595703125
Memory cached:  144.0
	 epoch  40 training error:  tensor(0.0426, device='cuda:0', grad_fn=<DivBackward0>)
Memory status after this epoch: 
Memory allocated:  76.60595703125
Memory cached:  144.0
	 epoch  50 training error:  tensor(0.0695, device='cuda:0', grad_fn=<DivBackward0>)
Memory status after this epoch: 
Memory allocated:  76.60595703125
Memory cached:  144.0
	 epoch  60 training error:  tensor(0.0620, device='cuda:0', grad_fn=<DivBackward0>)
Memory status after this epoch: 
Memory allocated:  76.60595703125
Memory cached:  144.0
	 epoch  70 training error:  tensor(0.0358, device='cuda:0', grad_fn=<DivBackward0>)
Memory status after this epoch: 
Memory allocated:  76.60595703125
Memory cached:  144.0
	 epoch  80 training error:  tensor(0.0521, device='cuda:0', grad_fn=<DivBackward0>)
Memory status after this epoch: 
Memory allocated:  76.60595703125
Memory cached:  144.0
	 epoch  90 training error:  tensor(0.0554, device='cuda:0', grad_fn=<DivBackward0>)
Memory status after this epoch: 
Memory allocated:  76.60595703125
Memory cached:  144.0
[I 2023-12-04 02:05:27,034] Trial 48 finished with value: 0.015593096613883972 and parameters: {'W_layers': 3, 'W_layer_units_exponent_0': 6, 'W_layer_units_exponent_1': 7, 'W_layer_units_exponent_2': 9, 'D_layers': 8, 'D_layer_units_exponent_0': 8, 'D_layer_units_exponent_1': 9, 'D_layer_units_exponent_2': 9, 'D_layer_units_exponent_3': 5, 'D_layer_units_exponent_4': 9, 'D_layer_units_exponent_5': 5, 'D_layer_units_exponent_6': 8, 'D_layer_units_exponent_7': 7, 'log_learning_rate': -2.8028129363903296, 'log_learning_rate_D': -2.8537660530538815, 'training_batch_size': 7, 'training_p': 7}. Best is trial 27 with value: 0.013895528391003609.
Time for this trial:  48.004125356674194
Memory status after this trial: 
Memory allocated:  139.3037109375
Memory cached:  144.0
--------------------  Trial  49   --------------------
Start timing: 
Parameters: 
{'W_layers': 3, 'W_layer_units_exponent_0': 5, 'W_layer_units_exponent_1': 7, 'W_layer_units_exponent_2': 9, 'D_layers': 8, 'D_layer_units_exponent_0': 8, 'D_layer_units_exponent_1': 9, 'D_layer_units_exponent_2': 9, 'D_layer_units_exponent_3': 5, 'D_layer_units_exponent_4': 9, 'D_layer_units_exponent_5': 5, 'D_layer_units_exponent_6': 8, 'D_layer_units_exponent_7': 7, 'log_learning_rate': -2.70228625357998, 'log_learning_rate_D': -2.7969869364122437, 'training_batch_size': 7, 'training_p': 7}
	 epoch  0 training error:  tensor(1.0263, device='cuda:0', grad_fn=<DivBackward0>)
Memory status after this epoch: 
Memory allocated:  76.53955078125
Memory cached:  144.0
	 epoch  10 training error:  tensor(0.2438, device='cuda:0', grad_fn=<DivBackward0>)
Memory status after this epoch: 
Memory allocated:  76.53955078125
Memory cached:  144.0
	 epoch  20 training error:  tensor(0.1567, device='cuda:0', grad_fn=<DivBackward0>)
Memory status after this epoch: 
Memory allocated:  76.53955078125
Memory cached:  144.0
	 epoch  30 training error:  tensor(0.1415, device='cuda:0', grad_fn=<DivBackward0>)
Memory status after this epoch: 
Memory allocated:  76.53955078125
Memory cached:  144.0
	 epoch  40 training error:  tensor(0.0894, device='cuda:0', grad_fn=<DivBackward0>)
Memory status after this epoch: 
Memory allocated:  76.53955078125
Memory cached:  144.0
	 epoch  50 training error:  tensor(0.0519, device='cuda:0', grad_fn=<DivBackward0>)
Memory status after this epoch: 
Memory allocated:  76.53955078125
Memory cached:  144.0
	 epoch  60 training error:  tensor(0.0992, device='cuda:0', grad_fn=<DivBackward0>)
Memory status after this epoch: 
Memory allocated:  76.53955078125
Memory cached:  144.0
	 epoch  70 training error:  tensor(0.0777, device='cuda:0', grad_fn=<DivBackward0>)
Memory status after this epoch: 
Memory allocated:  76.53955078125
Memory cached:  144.0
	 epoch  80 training error:  tensor(0.0419, device='cuda:0', grad_fn=<DivBackward0>)
Memory status after this epoch: 
Memory allocated:  76.53955078125
Memory cached:  144.0
	 epoch  90 training error:  tensor(0.0515, device='cuda:0', grad_fn=<DivBackward0>)
Memory status after this epoch: 
Memory allocated:  76.53955078125
Memory cached:  144.0
[I 2023-12-04 02:06:15,730] Trial 49 finished with value: 0.016192642971873283 and parameters: {'W_layers': 3, 'W_layer_units_exponent_0': 5, 'W_layer_units_exponent_1': 7, 'W_layer_units_exponent_2': 9, 'D_layers': 8, 'D_layer_units_exponent_0': 8, 'D_layer_units_exponent_1': 9, 'D_layer_units_exponent_2': 9, 'D_layer_units_exponent_3': 5, 'D_layer_units_exponent_4': 9, 'D_layer_units_exponent_5': 5, 'D_layer_units_exponent_6': 8, 'D_layer_units_exponent_7': 7, 'log_learning_rate': -2.70228625357998, 'log_learning_rate_D': -2.7969869364122437, 'training_batch_size': 7, 'training_p': 7}. Best is trial 27 with value: 0.013895528391003609.
Time for this trial:  48.514179944992065
Memory status after this trial: 
Memory allocated:  138.5380859375
Memory cached:  144.0
