[I 2023-12-03 03:24:36,402] Trial 28 finished with value: 0.04867677763104439 and parameters: {'W_layers': 6, 'W_layer_units_exponent_0': 5, 'W_layer_units_exponent_1': 5, 'W_layer_units_exponent_2': 8, 'W_layer_units_exponent_3': 6, 'W_layer_units_exponent_4': 6, 'W_layer_units_exponent_5': 4, 'D_layers': 3, 'D_layer_units_exponent_0': 9, 'D_layer_units_exponent_1': 7, 'D_layer_units_exponent_2': 4, 'D_dagger_layers': 2, 'D_dagger_layer_units_exponent_0': 7, 'D_dagger_layer_units_exponent_1': 10, 'log_learning_rate': -3.146614349460827, 'log_learning_rate_D': -1.9817456897917742, 'log_learning_rate_D_dagger': -3.7334819733074203, 'training_batch_size': 7, 'training_p': 3}. Best is trial 23 with value: 0.04280778393149376.
Time for this trial:  160.26244640350342
Memory status after this trial: 
Memory allocated:  270.68408203125
Memory cached:  368.0
--------------------  Trial  29   --------------------
Start timing: 
Parameters: 
{'W_layers': 3, 'W_layer_units_exponent_0': 7, 'W_layer_units_exponent_1': 6, 'W_layer_units_exponent_2': 5, 'D_layers': 7, 'D_layer_units_exponent_0': 9, 'D_layer_units_exponent_1': 6, 'D_layer_units_exponent_2': 5, 'D_layer_units_exponent_3': 8, 'D_layer_units_exponent_4': 8, 'D_layer_units_exponent_5': 4, 'D_layer_units_exponent_6': 7, 'D_dagger_layers': 3, 'D_dagger_layer_units_exponent_0': 8, 'D_dagger_layer_units_exponent_1': 6, 'D_dagger_layer_units_exponent_2': 9, 'log_learning_rate': -2.2381663355119805, 'log_learning_rate_D': -3.1870517621832035, 'log_learning_rate_D_dagger': -3.221459918398423, 'training_batch_size': 6, 'training_p': 3}
	 epoch  0 training error:  tensor(1.8195, device='cuda:0', grad_fn=<DivBackward0>)
Memory status after this epoch: 
Memory allocated:  158.1396484375
Memory cached:  366.0
	 epoch  10 training error:  tensor(0.1664, device='cuda:0', grad_fn=<DivBackward0>)
Memory status after this epoch: 
Memory allocated:  158.1396484375
Memory cached:  366.0
	 epoch  20 training error:  tensor(0.0809, device='cuda:0', grad_fn=<DivBackward0>)
Memory status after this epoch: 
Memory allocated:  158.1396484375
Memory cached:  366.0
	 epoch  30 training error:  tensor(0.0553, device='cuda:0', grad_fn=<DivBackward0>)
Memory status after this epoch: 
Memory allocated:  158.1396484375
Memory cached:  366.0
	 epoch  40 training error:  tensor(0.0785, device='cuda:0', grad_fn=<DivBackward0>)
Memory status after this epoch: 
Memory allocated:  158.1396484375
Memory cached:  366.0
	 epoch  50 training error:  tensor(0.0474, device='cuda:0', grad_fn=<DivBackward0>)
Memory status after this epoch: 
Memory allocated:  158.1396484375
Memory cached:  366.0
	 epoch  60 training error:  tensor(0.0470, device='cuda:0', grad_fn=<DivBackward0>)
Memory status after this epoch: 
Memory allocated:  158.1396484375
Memory cached:  366.0
	 epoch  70 training error:  tensor(0.0683, device='cuda:0', grad_fn=<DivBackward0>)
Memory status after this epoch: 
Memory allocated:  158.1396484375
Memory cached:  366.0
	 epoch  80 training error:  tensor(0.0569, device='cuda:0', grad_fn=<DivBackward0>)
Memory status after this epoch: 
Memory allocated:  158.1396484375
Memory cached:  366.0
	 epoch  90 training error:  tensor(0.0463, device='cuda:0', grad_fn=<DivBackward0>)
Memory status after this epoch: 
Memory allocated:  158.1396484375
Memory cached:  366.0
[I 2023-12-03 03:29:47,268] Trial 29 finished with value: 0.04829821363091469 and parameters: {'W_layers': 3, 'W_layer_units_exponent_0': 7, 'W_layer_units_exponent_1': 6, 'W_layer_units_exponent_2': 5, 'D_layers': 7, 'D_layer_units_exponent_0': 9, 'D_layer_units_exponent_1': 6, 'D_layer_units_exponent_2': 5, 'D_layer_units_exponent_3': 8, 'D_layer_units_exponent_4': 8, 'D_layer_units_exponent_5': 4, 'D_layer_units_exponent_6': 7, 'D_dagger_layers': 3, 'D_dagger_layer_units_exponent_0': 8, 'D_dagger_layer_units_exponent_1': 6, 'D_dagger_layer_units_exponent_2': 9, 'log_learning_rate': -2.2381663355119805, 'log_learning_rate_D': -3.1870517621832035, 'log_learning_rate_D_dagger': -3.221459918398423, 'training_batch_size': 6, 'training_p': 3}. Best is trial 23 with value: 0.04280778393149376.
Time for this trial:  310.6137344837189
Memory status after this trial: 
Memory allocated:  275.36474609375
Memory cached:  366.0
--------------------  Trial  30   --------------------
Start timing: 
Parameters: 
{'W_layers': 5, 'W_layer_units_exponent_0': 9, 'W_layer_units_exponent_1': 10, 'W_layer_units_exponent_2': 10, 'W_layer_units_exponent_3': 5, 'W_layer_units_exponent_4': 8, 'D_layers': 5, 'D_layer_units_exponent_0': 8, 'D_layer_units_exponent_1': 5, 'D_layer_units_exponent_2': 8, 'D_layer_units_exponent_3': 10, 'D_layer_units_exponent_4': 9, 'D_dagger_layers': 4, 'D_dagger_layer_units_exponent_0': 6, 'D_dagger_layer_units_exponent_1': 7, 'D_dagger_layer_units_exponent_2': 4, 'D_dagger_layer_units_exponent_3': 4, 'log_learning_rate': -2.6122556826528105, 'log_learning_rate_D': -2.8205281547277523, 'log_learning_rate_D_dagger': -3.561436770198597, 'training_batch_size': 12, 'training_p': 2}
	 epoch  0 training error:  tensor(0.7791, device='cuda:0', grad_fn=<DivBackward0>)
Memory status after this epoch: 
Memory allocated:  192.529296875
Memory cached:  388.0
	 epoch  10 training error:  tensor(0.9313, device='cuda:0', grad_fn=<DivBackward0>)
Memory status after this epoch: 
Memory allocated:  192.529296875
Memory cached:  402.0
	 epoch  20 training error:  tensor(0.1514, device='cuda:0', grad_fn=<DivBackward0>)
Memory status after this epoch: 
Memory allocated:  192.529296875
Memory cached:  410.0
	 epoch  30 training error:  tensor(0.0935, device='cuda:0', grad_fn=<DivBackward0>)
Memory status after this epoch: 
Memory allocated:  192.529296875
Memory cached:  406.0
	 epoch  40 training error:  tensor(0.1145, device='cuda:0', grad_fn=<DivBackward0>)
Memory status after this epoch: 
Memory allocated:  192.529296875
Memory cached:  410.0
	 epoch  50 training error:  tensor(0.0866, device='cuda:0', grad_fn=<DivBackward0>)
Memory status after this epoch: 
Memory allocated:  192.529296875
Memory cached:  416.0
	 epoch  60 training error:  tensor(0.1241, device='cuda:0', grad_fn=<DivBackward0>)
Memory status after this epoch: 
Memory allocated:  192.529296875
Memory cached:  402.0
	 epoch  70 training error:  tensor(0.0553, device='cuda:0', grad_fn=<DivBackward0>)
Memory status after this epoch: 
Memory allocated:  192.529296875
Memory cached:  410.0
	 epoch  80 training error:  tensor(0.0534, device='cuda:0', grad_fn=<DivBackward0>)
Memory status after this epoch: 
Memory allocated:  192.529296875
Memory cached:  410.0
	 epoch  90 training error:  tensor(0.0662, device='cuda:0', grad_fn=<DivBackward0>)
Memory status after this epoch: 
Memory allocated:  192.529296875
Memory cached:  412.0
[I 2023-12-03 03:33:12,367] Trial 30 finished with value: 0.055609799921512604 and parameters: {'W_layers': 5, 'W_layer_units_exponent_0': 9, 'W_layer_units_exponent_1': 10, 'W_layer_units_exponent_2': 10, 'W_layer_units_exponent_3': 5, 'W_layer_units_exponent_4': 8, 'D_layers': 5, 'D_layer_units_exponent_0': 8, 'D_layer_units_exponent_1': 5, 'D_layer_units_exponent_2': 8, 'D_layer_units_exponent_3': 10, 'D_layer_units_exponent_4': 9, 'D_dagger_layers': 4, 'D_dagger_layer_units_exponent_0': 6, 'D_dagger_layer_units_exponent_1': 7, 'D_dagger_layer_units_exponent_2': 4, 'D_dagger_layer_units_exponent_3': 4, 'log_learning_rate': -2.6122556826528105, 'log_learning_rate_D': -2.8205281547277523, 'log_learning_rate_D_dagger': -3.561436770198597, 'training_batch_size': 12, 'training_p': 2}. Best is trial 23 with value: 0.04280778393149376.
Time for this trial:  204.83227157592773
Memory status after this trial: 
Memory allocated:  442.6552734375
Memory cached:  466.0
--------------------  Trial  31   --------------------
Start timing: 
Parameters: 
{'W_layers': 4, 'W_layer_units_exponent_0': 8, 'W_layer_units_exponent_1': 4, 'W_layer_units_exponent_2': 7, 'W_layer_units_exponent_3': 4, 'D_layers': 2, 'D_layer_units_exponent_0': 5, 'D_layer_units_exponent_1': 5, 'D_dagger_layers': 4, 'D_dagger_layer_units_exponent_0': 5, 'D_dagger_layer_units_exponent_1': 9, 'D_dagger_layer_units_exponent_2': 7, 'D_dagger_layer_units_exponent_3': 5, 'log_learning_rate': -1.5969733934697834, 'log_learning_rate_D': -2.5757182007162247, 'log_learning_rate_D_dagger': -2.8551738049864355, 'training_batch_size': 8, 'training_p': 8}
	 epoch  0 training error:  tensor(1.0869, device='cuda:0', grad_fn=<DivBackward0>)
Memory status after this epoch: 
Memory allocated:  156.869140625
Memory cached:  366.0
	 epoch  10 training error:  tensor(0.5620, device='cuda:0', grad_fn=<DivBackward0>)
Memory status after this epoch: 
Memory allocated:  156.869140625
Memory cached:  366.0
	 epoch  20 training error:  tensor(0.5360, device='cuda:0', grad_fn=<DivBackward0>)
Memory status after this epoch: 
Memory allocated:  156.869140625
Memory cached:  366.0
	 epoch  30 training error:  tensor(0.2420, device='cuda:0', grad_fn=<DivBackward0>)
Memory status after this epoch: 
Memory allocated:  156.869140625
Memory cached:  366.0
	 epoch  40 training error:  tensor(0.1393, device='cuda:0', grad_fn=<DivBackward0>)
Memory status after this epoch: 
Memory allocated:  156.869140625
Memory cached:  366.0
	 epoch  50 training error:  tensor(0.1218, device='cuda:0', grad_fn=<DivBackward0>)
Memory status after this epoch: 
Memory allocated:  156.869140625
Memory cached:  366.0
	 epoch  60 training error:  tensor(0.0746, device='cuda:0', grad_fn=<DivBackward0>)
Memory status after this epoch: 
Memory allocated:  156.869140625
Memory cached:  366.0
	 epoch  70 training error:  tensor(0.0666, device='cuda:0', grad_fn=<DivBackward0>)
Memory status after this epoch: 
Memory allocated:  156.869140625
Memory cached:  366.0
	 epoch  80 training error:  tensor(0.0532, device='cuda:0', grad_fn=<DivBackward0>)
Memory status after this epoch: 
Memory allocated:  156.869140625
Memory cached:  366.0
	 epoch  90 training error:  tensor(0.0476, device='cuda:0', grad_fn=<DivBackward0>)
Memory status after this epoch: 
Memory allocated:  156.869140625
Memory cached:  366.0
[I 2023-12-03 03:35:37,937] Trial 31 finished with value: 0.03769756108522415 and parameters: {'W_layers': 4, 'W_layer_units_exponent_0': 8, 'W_layer_units_exponent_1': 4, 'W_layer_units_exponent_2': 7, 'W_layer_units_exponent_3': 4, 'D_layers': 2, 'D_layer_units_exponent_0': 5, 'D_layer_units_exponent_1': 5, 'D_dagger_layers': 4, 'D_dagger_layer_units_exponent_0': 5, 'D_dagger_layer_units_exponent_1': 9, 'D_dagger_layer_units_exponent_2': 7, 'D_dagger_layer_units_exponent_3': 5, 'log_learning_rate': -1.5969733934697834, 'log_learning_rate_D': -2.5757182007162247, 'log_learning_rate_D_dagger': -2.8551738049864355, 'training_batch_size': 8, 'training_p': 8}. Best is trial 31 with value: 0.03769756108522415.
res:  tensor(0.0377, device='cuda:0', grad_fn=<DivBackward0>)
self.bestValue:  tensor(0.0428, device='cuda:0', grad_fn=<DivBackward0>)
Save this model!
Time for this trial:  145.30918979644775
Memory status after this trial: 
Memory allocated:  64.0615234375
Memory cached:  330.0
--------------------  Trial  32   --------------------
Start timing: 
Parameters: 
{'W_layers': 4, 'W_layer_units_exponent_0': 7, 'W_layer_units_exponent_1': 4, 'W_layer_units_exponent_2': 7, 'W_layer_units_exponent_3': 4, 'D_layers': 2, 'D_layer_units_exponent_0': 4, 'D_layer_units_exponent_1': 4, 'D_dagger_layers': 3, 'D_dagger_layer_units_exponent_0': 4, 'D_dagger_layer_units_exponent_1': 9, 'D_dagger_layer_units_exponent_2': 7, 'log_learning_rate': -1.8965281536763883, 'log_learning_rate_D': -2.6981574158291837, 'log_learning_rate_D_dagger': -2.7309615391696083, 'training_batch_size': 8, 'training_p': 8}
	 epoch  0 training error:  tensor(0.7623, device='cuda:0', grad_fn=<DivBackward0>)
Memory status after this epoch: 
Memory allocated:  65.3515625
Memory cached:  324.0
	 epoch  10 training error:  tensor(0.6926, device='cuda:0', grad_fn=<DivBackward0>)
Memory status after this epoch: 
Memory allocated:  65.3515625
Memory cached:  324.0
	 epoch  20 training error:  tensor(0.3867, device='cuda:0', grad_fn=<DivBackward0>)
Memory status after this epoch: 
Memory allocated:  65.3515625
Memory cached:  324.0
	 epoch  30 training error:  tensor(0.1767, device='cuda:0', grad_fn=<DivBackward0>)
Memory status after this epoch: 
Memory allocated:  65.3515625
Memory cached:  324.0
	 epoch  40 training error:  tensor(0.0789, device='cuda:0', grad_fn=<DivBackward0>)
Memory status after this epoch: 
Memory allocated:  65.3515625
Memory cached:  324.0
	 epoch  50 training error:  tensor(0.1069, device='cuda:0', grad_fn=<DivBackward0>)
Memory status after this epoch: 
Memory allocated:  65.3515625
Memory cached:  324.0
	 epoch  60 training error:  tensor(0.0802, device='cuda:0', grad_fn=<DivBackward0>)
Memory status after this epoch: 
Memory allocated:  65.3515625
Memory cached:  324.0
	 epoch  70 training error:  tensor(0.0729, device='cuda:0', grad_fn=<DivBackward0>)
Memory status after this epoch: 
Memory allocated:  65.3515625
Memory cached:  324.0
	 epoch  80 training error:  tensor(0.0672, device='cuda:0', grad_fn=<DivBackward0>)
Memory status after this epoch: 
Memory allocated:  65.3515625
Memory cached:  324.0
	 epoch  90 training error:  tensor(0.0615, device='cuda:0', grad_fn=<DivBackward0>)
Memory status after this epoch: 
Memory allocated:  65.3515625
Memory cached:  324.0
[I 2023-12-03 03:37:53,526] Trial 32 finished with value: 0.0458914078772068 and parameters: {'W_layers': 4, 'W_layer_units_exponent_0': 7, 'W_layer_units_exponent_1': 4, 'W_layer_units_exponent_2': 7, 'W_layer_units_exponent_3': 4, 'D_layers': 2, 'D_layer_units_exponent_0': 4, 'D_layer_units_exponent_1': 4, 'D_dagger_layers': 3, 'D_dagger_layer_units_exponent_0': 4, 'D_dagger_layer_units_exponent_1': 9, 'D_dagger_layer_units_exponent_2': 7, 'log_learning_rate': -1.8965281536763883, 'log_learning_rate_D': -2.6981574158291837, 'log_learning_rate_D_dagger': -2.7309615391696083, 'training_batch_size': 8, 'training_p': 8}. Best is trial 31 with value: 0.03769756108522415.
Time for this trial:  135.39117097854614
Memory status after this trial: 
Memory allocated:  116.705078125
Memory cached:  324.0
--------------------  Trial  33   --------------------
Start timing: 
Parameters: 
{'W_layers': 5, 'W_layer_units_exponent_0': 8, 'W_layer_units_exponent_1': 5, 'W_layer_units_exponent_2': 6, 'W_layer_units_exponent_3': 5, 'W_layer_units_exponent_4': 6, 'D_layers': 3, 'D_layer_units_exponent_0': 5, 'D_layer_units_exponent_1': 6, 'D_layer_units_exponent_2': 7, 'D_dagger_layers': 4, 'D_dagger_layer_units_exponent_0': 5, 'D_dagger_layer_units_exponent_1': 10, 'D_dagger_layer_units_exponent_2': 6, 'D_dagger_layer_units_exponent_3': 5, 'log_learning_rate': -1.4295050989367066, 'log_learning_rate_D': -2.296612891130347, 'log_learning_rate_D_dagger': -3.0485344786480413, 'training_batch_size': 9, 'training_p': 7}
	 epoch  0 training error:  tensor(1.0870, device='cuda:0', grad_fn=<DivBackward0>)
Memory status after this epoch: 
Memory allocated:  66.052734375
Memory cached:  326.0
	 epoch  10 training error:  tensor(0.3370, device='cuda:0', grad_fn=<DivBackward0>)
Memory status after this epoch: 
Memory allocated:  66.052734375
Memory cached:  326.0
	 epoch  20 training error:  tensor(1.6333, device='cuda:0', grad_fn=<DivBackward0>)
Memory status after this epoch: 
Memory allocated:  66.052734375
Memory cached:  326.0
	 epoch  30 training error:  tensor(1.8773, device='cuda:0', grad_fn=<DivBackward0>)
Memory status after this epoch: 
Memory allocated:  66.052734375
Memory cached:  326.0
	 epoch  40 training error:  tensor(0.6724, device='cuda:0', grad_fn=<DivBackward0>)
Memory status after this epoch: 
Memory allocated:  66.052734375
Memory cached:  326.0
	 epoch  50 training error:  tensor(0.1524, device='cuda:0', grad_fn=<DivBackward0>)
Memory status after this epoch: 
Memory allocated:  66.052734375
Memory cached:  326.0
	 epoch  60 training error:  tensor(0.1270, device='cuda:0', grad_fn=<DivBackward0>)
Memory status after this epoch: 
Memory allocated:  66.052734375
Memory cached:  326.0
	 epoch  70 training error:  tensor(0.1637, device='cuda:0', grad_fn=<DivBackward0>)
Memory status after this epoch: 
Memory allocated:  66.052734375
Memory cached:  326.0
	 epoch  80 training error:  tensor(0.1251, device='cuda:0', grad_fn=<DivBackward0>)
Memory status after this epoch: 
Memory allocated:  66.052734375
Memory cached:  326.0
	 epoch  90 training error:  tensor(0.0753, device='cuda:0', grad_fn=<DivBackward0>)
Memory status after this epoch: 
Memory allocated:  66.052734375
Memory cached:  326.0
[I 2023-12-03 03:40:35,300] Trial 33 finished with value: 0.04484918341040611 and parameters: {'W_layers': 5, 'W_layer_units_exponent_0': 8, 'W_layer_units_exponent_1': 5, 'W_layer_units_exponent_2': 6, 'W_layer_units_exponent_3': 5, 'W_layer_units_exponent_4': 6, 'D_layers': 3, 'D_layer_units_exponent_0': 5, 'D_layer_units_exponent_1': 6, 'D_layer_units_exponent_2': 7, 'D_dagger_layers': 4, 'D_dagger_layer_units_exponent_0': 5, 'D_dagger_layer_units_exponent_1': 10, 'D_dagger_layer_units_exponent_2': 6, 'D_dagger_layer_units_exponent_3': 5, 'log_learning_rate': -1.4295050989367066, 'log_learning_rate_D': -2.296612891130347, 'log_learning_rate_D_dagger': -3.0485344786480413, 'training_batch_size': 9, 'training_p': 7}. Best is trial 31 with value: 0.03769756108522415.
Time for this trial:  161.52805519104004
Memory status after this trial: 
Memory allocated:  160.958984375
Memory cached:  324.0
--------------------  Trial  34   --------------------
Start timing: 
Parameters: 
{'W_layers': 5, 'W_layer_units_exponent_0': 10, 'W_layer_units_exponent_1': 4, 'W_layer_units_exponent_2': 7, 'W_layer_units_exponent_3': 4, 'W_layer_units_exponent_4': 6, 'D_layers': 2, 'D_layer_units_exponent_0': 5, 'D_layer_units_exponent_1': 5, 'D_dagger_layers': 4, 'D_dagger_layer_units_exponent_0': 5, 'D_dagger_layer_units_exponent_1': 9, 'D_dagger_layer_units_exponent_2': 6, 'D_dagger_layer_units_exponent_3': 4, 'log_learning_rate': -1.9541651613498652, 'log_learning_rate_D': -2.768896809719792, 'log_learning_rate_D_dagger': -3.1145428726727618, 'training_batch_size': 10, 'training_p': 5}
	 epoch  0 training error:  tensor(1.3508, device='cuda:0', grad_fn=<DivBackward0>)
Memory status after this epoch: 
Memory allocated:  65.26953125
Memory cached:  326.0
	 epoch  10 training error:  tensor(1.1144, device='cuda:0', grad_fn=<DivBackward0>)
Memory status after this epoch: 
Memory allocated:  65.26953125
Memory cached:  326.0
	 epoch  20 training error:  tensor(0.2912, device='cuda:0', grad_fn=<DivBackward0>)
Memory status after this epoch: 
Memory allocated:  65.26953125
Memory cached:  326.0
	 epoch  30 training error:  tensor(0.4211, device='cuda:0', grad_fn=<DivBackward0>)
Memory status after this epoch: 
Memory allocated:  65.26953125
Memory cached:  326.0
	 epoch  40 training error:  tensor(0.1142, device='cuda:0', grad_fn=<DivBackward0>)
Memory status after this epoch: 
Memory allocated:  65.26953125
Memory cached:  326.0
	 epoch  50 training error:  tensor(0.1235, device='cuda:0', grad_fn=<DivBackward0>)
Memory status after this epoch: 
Memory allocated:  65.26953125
Memory cached:  326.0
	 epoch  60 training error:  tensor(0.0611, device='cuda:0', grad_fn=<DivBackward0>)
Memory status after this epoch: 
Memory allocated:  65.26953125
Memory cached:  326.0
	 epoch  70 training error:  tensor(0.0595, device='cuda:0', grad_fn=<DivBackward0>)
Memory status after this epoch: 
Memory allocated:  65.26953125
Memory cached:  326.0
	 epoch  80 training error:  tensor(0.0514, device='cuda:0', grad_fn=<DivBackward0>)
Memory status after this epoch: 
Memory allocated:  65.26953125
Memory cached:  326.0
	 epoch  90 training error:  tensor(0.0497, device='cuda:0', grad_fn=<DivBackward0>)
Memory status after this epoch: 
Memory allocated:  65.26953125
Memory cached:  326.0
