[I 2023-12-03 04:37:23,617] Trial 48 finished with value: 0.03300192952156067 and parameters: {'W_layers': 2, 'W_layer_units_exponent_0': 4, 'W_layer_units_exponent_1': 9, 'D_layers': 5, 'D_layer_units_exponent_0': 10, 'D_layer_units_exponent_1': 8, 'D_layer_units_exponent_2': 4, 'D_layer_units_exponent_3': 5, 'D_layer_units_exponent_4': 9, 'D_dagger_layers': 5, 'D_dagger_layer_units_exponent_0': 6, 'D_dagger_layer_units_exponent_1': 10, 'D_dagger_layer_units_exponent_2': 10, 'D_dagger_layer_units_exponent_3': 6, 'D_dagger_layer_units_exponent_4': 4, 'log_learning_rate': -2.462241861570481, 'log_learning_rate_D': -3.472625974279908, 'log_learning_rate_D_dagger': -3.6030687022585326, 'training_batch_size': 7, 'training_p': 8}. Best is trial 34 with value: 0.015350001864135265.
Time for this trial:  184.86183214187622
Memory status after this trial: 
Memory allocated:  436.25
Memory cached:  452.0
--------------------  Trial  49   --------------------
Start timing: 
Parameters: 
{'W_layers': 5, 'W_layer_units_exponent_0': 5, 'W_layer_units_exponent_1': 10, 'W_layer_units_exponent_2': 9, 'W_layer_units_exponent_3': 9, 'W_layer_units_exponent_4': 9, 'D_layers': 5, 'D_layer_units_exponent_0': 10, 'D_layer_units_exponent_1': 9, 'D_layer_units_exponent_2': 5, 'D_layer_units_exponent_3': 4, 'D_layer_units_exponent_4': 10, 'D_dagger_layers': 6, 'D_dagger_layer_units_exponent_0': 5, 'D_dagger_layer_units_exponent_1': 10, 'D_dagger_layer_units_exponent_2': 9, 'D_dagger_layer_units_exponent_3': 7, 'D_dagger_layer_units_exponent_4': 6, 'D_dagger_layer_units_exponent_5': 5, 'log_learning_rate': -2.0577756504438307, 'log_learning_rate_D': -4.079338480378683, 'log_learning_rate_D_dagger': -3.9138460160587782, 'training_batch_size': 12, 'training_p': 2}
	 epoch  0 training error:  tensor(0.9970, device='cuda:0', grad_fn=<DivBackward0>)
Memory status after this epoch: 
Memory allocated:  224.36181640625
Memory cached:  426.0
	 epoch  10 training error:  tensor(1.2879, device='cuda:0', grad_fn=<DivBackward0>)
Memory status after this epoch: 
Memory allocated:  224.36181640625
Memory cached:  482.0
	 epoch  20 training error:  tensor(2.2799, device='cuda:0', grad_fn=<DivBackward0>)
Memory status after this epoch: 
Memory allocated:  224.36181640625
Memory cached:  478.0
	 epoch  30 training error:  tensor(0.6089, device='cuda:0', grad_fn=<DivBackward0>)
Memory status after this epoch: 
Memory allocated:  224.36181640625
Memory cached:  478.0
	 epoch  40 training error:  tensor(0.1266, device='cuda:0', grad_fn=<DivBackward0>)
Memory status after this epoch: 
Memory allocated:  224.36181640625
Memory cached:  472.0
	 epoch  50 training error:  tensor(0.1282, device='cuda:0', grad_fn=<DivBackward0>)
Memory status after this epoch: 
Memory allocated:  224.36181640625
Memory cached:  472.0
	 epoch  60 training error:  tensor(0.1427, device='cuda:0', grad_fn=<DivBackward0>)
Memory status after this epoch: 
Memory allocated:  224.36181640625
Memory cached:  476.0
	 epoch  70 training error:  tensor(0.1613, device='cuda:0', grad_fn=<DivBackward0>)
Memory status after this epoch: 
Memory allocated:  224.36181640625
Memory cached:  472.0
	 epoch  80 training error:  tensor(0.1004, device='cuda:0', grad_fn=<DivBackward0>)
Memory status after this epoch: 
Memory allocated:  224.36181640625
Memory cached:  474.0
	 epoch  90 training error:  tensor(0.1175, device='cuda:0', grad_fn=<DivBackward0>)
Memory status after this epoch: 
Memory allocated:  224.36181640625
Memory cached:  466.0
[I 2023-12-03 04:41:18,917] Trial 49 finished with value: 0.10666023939847946 and parameters: {'W_layers': 5, 'W_layer_units_exponent_0': 5, 'W_layer_units_exponent_1': 10, 'W_layer_units_exponent_2': 9, 'W_layer_units_exponent_3': 9, 'W_layer_units_exponent_4': 9, 'D_layers': 5, 'D_layer_units_exponent_0': 10, 'D_layer_units_exponent_1': 9, 'D_layer_units_exponent_2': 5, 'D_layer_units_exponent_3': 4, 'D_layer_units_exponent_4': 10, 'D_dagger_layers': 6, 'D_dagger_layer_units_exponent_0': 5, 'D_dagger_layer_units_exponent_1': 10, 'D_dagger_layer_units_exponent_2': 9, 'D_dagger_layer_units_exponent_3': 7, 'D_dagger_layer_units_exponent_4': 6, 'D_dagger_layer_units_exponent_5': 5, 'log_learning_rate': -2.0577756504438307, 'log_learning_rate_D': -4.079338480378683, 'log_learning_rate_D_dagger': -3.9138460160587782, 'training_batch_size': 12, 'training_p': 2}. Best is trial 34 with value: 0.015350001864135265.
[I 2023-12-03 04:41:18,995] A new study created in memory with name: no-name-f17fc2a2-3708-4084-ac0b-2ef01c104834
Time for this trial:  235.0107822418213
Memory status after this trial: 
Memory allocated:  567.5390625
Memory cached:  582.0
--------------------  Trial  0   --------------------
Start timing: 
Parameters: 
{'W_layers': 3, 'W_layer_units_exponent_0': 5, 'W_layer_units_exponent_1': 7, 'W_layer_units_exponent_2': 8, 'D_layers': 2, 'D_layer_units_exponent_0': 9, 'D_layer_units_exponent_1': 7, 'D_dagger_layers': 3, 'D_dagger_layer_units_exponent_0': 4, 'D_dagger_layer_units_exponent_1': 4, 'D_dagger_layer_units_exponent_2': 5, 'log_learning_rate': -2.6035073105842463, 'log_learning_rate_D': -2.2829178126457372, 'log_learning_rate_D_dagger': -3.1705448981075586, 'training_batch_size': 9, 'training_p': 4}
	 epoch  0 training error:  tensor(1.0329, device='cuda:0', grad_fn=<DivBackward0>)
Memory status after this epoch: 
Memory allocated:  1.755859375
Memory cached:  88.0
	 epoch  10 training error:  tensor(0.3161, device='cuda:0', grad_fn=<DivBackward0>)
Memory status after this epoch: 
Memory allocated:  1.755859375
Memory cached:  122.0
	 epoch  20 training error:  tensor(0.1982, device='cuda:0', grad_fn=<DivBackward0>)
Memory status after this epoch: 
Memory allocated:  1.755859375
Memory cached:  126.0
	 epoch  30 training error:  tensor(0.1710, device='cuda:0', grad_fn=<DivBackward0>)
Memory status after this epoch: 
Memory allocated:  1.755859375
Memory cached:  114.0
	 epoch  40 training error:  tensor(0.1687, device='cuda:0', grad_fn=<DivBackward0>)
Memory status after this epoch: 
Memory allocated:  1.755859375
Memory cached:  116.0
	 epoch  50 training error:  tensor(0.1669, device='cuda:0', grad_fn=<DivBackward0>)
Memory status after this epoch: 
Memory allocated:  1.755859375
Memory cached:  116.0
	 epoch  60 training error:  tensor(0.1641, device='cuda:0', grad_fn=<DivBackward0>)
Memory status after this epoch: 
Memory allocated:  1.755859375
Memory cached:  114.0
	 epoch  70 training error:  tensor(0.1634, device='cuda:0', grad_fn=<DivBackward0>)
Memory status after this epoch: 
Memory allocated:  1.755859375
Memory cached:  122.0
	 epoch  80 training error:  tensor(0.1631, device='cuda:0', grad_fn=<DivBackward0>)
Memory status after this epoch: 
Memory allocated:  1.755859375
Memory cached:  128.0
	 epoch  90 training error:  tensor(0.1631, device='cuda:0', grad_fn=<DivBackward0>)
Memory status after this epoch: 
Memory allocated:  1.755859375
Memory cached:  114.0
[I 2023-12-03 04:43:26,477] Trial 0 finished with value: 0.11531859636306763 and parameters: {'W_layers': 3, 'W_layer_units_exponent_0': 5, 'W_layer_units_exponent_1': 7, 'W_layer_units_exponent_2': 8, 'D_layers': 2, 'D_layer_units_exponent_0': 9, 'D_layer_units_exponent_1': 7, 'D_dagger_layers': 3, 'D_dagger_layer_units_exponent_0': 4, 'D_dagger_layer_units_exponent_1': 4, 'D_dagger_layer_units_exponent_2': 5, 'log_learning_rate': -2.6035073105842463, 'log_learning_rate_D': -2.2829178126457372, 'log_learning_rate_D_dagger': -3.1705448981075586, 'training_batch_size': 9, 'training_p': 4}. Best is trial 0 with value: 0.11531859636306763.
res:  tensor(0.1153, device='cuda:0', grad_fn=<DivBackward0>)
self.bestValue:  10000000.0
Save this model!
Time for this trial:  127.36145782470703
Memory status after this trial: 
Memory allocated:  57.87841796875
Memory cached:  90.0
--------------------  Trial  1   --------------------
Start timing: 
Parameters: 
{'W_layers': 3, 'W_layer_units_exponent_0': 4, 'W_layer_units_exponent_1': 6, 'W_layer_units_exponent_2': 5, 'D_layers': 4, 'D_layer_units_exponent_0': 5, 'D_layer_units_exponent_1': 4, 'D_layer_units_exponent_2': 10, 'D_layer_units_exponent_3': 10, 'D_dagger_layers': 6, 'D_dagger_layer_units_exponent_0': 6, 'D_dagger_layer_units_exponent_1': 10, 'D_dagger_layer_units_exponent_2': 8, 'D_dagger_layer_units_exponent_3': 7, 'D_dagger_layer_units_exponent_4': 4, 'D_dagger_layer_units_exponent_5': 5, 'log_learning_rate': -4.276981313715859, 'log_learning_rate_D': -2.275910560691872, 'log_learning_rate_D_dagger': -1.5730518728078922, 'training_batch_size': 10, 'training_p': 2}
	 epoch  0 training error:  tensor(0.9782, device='cuda:0', grad_fn=<DivBackward0>)
Memory status after this epoch: 
Memory allocated:  79.85205078125
Memory cached:  124.0
	 epoch  10 training error:  tensor(0.8519, device='cuda:0', grad_fn=<DivBackward0>)
Memory status after this epoch: 
Memory allocated:  79.85205078125
Memory cached:  228.0
	 epoch  20 training error:  tensor(41.0207, device='cuda:0', grad_fn=<DivBackward0>)
Memory status after this epoch: 
Memory allocated:  79.85205078125
Memory cached:  222.0
	 epoch  30 training error:  tensor(17.3860, device='cuda:0', grad_fn=<DivBackward0>)
Memory status after this epoch: 
Memory allocated:  79.85205078125
Memory cached:  222.0
	 epoch  40 training error:  tensor(0.4481, device='cuda:0', grad_fn=<DivBackward0>)
Memory status after this epoch: 
Memory allocated:  79.85205078125
Memory cached:  226.0
	 epoch  50 training error:  tensor(31.9507, device='cuda:0', grad_fn=<DivBackward0>)
Memory status after this epoch: 
Memory allocated:  79.85205078125
Memory cached:  236.0
	 epoch  60 training error:  tensor(77.2919, device='cuda:0', grad_fn=<DivBackward0>)
Memory status after this epoch: 
Memory allocated:  79.85205078125
Memory cached:  230.0
	 epoch  70 training error:  tensor(72.4341, device='cuda:0', grad_fn=<DivBackward0>)
Memory status after this epoch: 
Memory allocated:  79.85205078125
Memory cached:  244.0
	 epoch  80 training error:  tensor(15.9914, device='cuda:0', grad_fn=<DivBackward0>)
Memory status after this epoch: 
Memory allocated:  79.85205078125
Memory cached:  234.0
	 epoch  90 training error:  tensor(16.4399, device='cuda:0', grad_fn=<DivBackward0>)
Memory status after this epoch: 
Memory allocated:  79.85205078125
Memory cached:  240.0
[I 2023-12-03 04:46:33,167] Trial 1 finished with value: 16.5817928314209 and parameters: {'W_layers': 3, 'W_layer_units_exponent_0': 4, 'W_layer_units_exponent_1': 6, 'W_layer_units_exponent_2': 5, 'D_layers': 4, 'D_layer_units_exponent_0': 5, 'D_layer_units_exponent_1': 4, 'D_layer_units_exponent_2': 10, 'D_layer_units_exponent_3': 10, 'D_dagger_layers': 6, 'D_dagger_layer_units_exponent_0': 6, 'D_dagger_layer_units_exponent_1': 10, 'D_dagger_layer_units_exponent_2': 8, 'D_dagger_layer_units_exponent_3': 7, 'D_dagger_layer_units_exponent_4': 4, 'D_dagger_layer_units_exponent_5': 5, 'log_learning_rate': -4.276981313715859, 'log_learning_rate_D': -2.275910560691872, 'log_learning_rate_D_dagger': -1.5730518728078922, 'training_batch_size': 10, 'training_p': 2}. Best is trial 0 with value: 0.11531859636306763.
Time for this trial:  186.57468843460083
Memory status after this trial: 
Memory allocated:  259.439453125
Memory cached:  276.0
--------------------  Trial  2   --------------------
Start timing: 
Parameters: 
{'W_layers': 4, 'W_layer_units_exponent_0': 7, 'W_layer_units_exponent_1': 4, 'W_layer_units_exponent_2': 10, 'W_layer_units_exponent_3': 9, 'D_layers': 8, 'D_layer_units_exponent_0': 9, 'D_layer_units_exponent_1': 7, 'D_layer_units_exponent_2': 9, 'D_layer_units_exponent_3': 4, 'D_layer_units_exponent_4': 9, 'D_layer_units_exponent_5': 4, 'D_layer_units_exponent_6': 5, 'D_layer_units_exponent_7': 10, 'D_dagger_layers': 7, 'D_dagger_layer_units_exponent_0': 4, 'D_dagger_layer_units_exponent_1': 6, 'D_dagger_layer_units_exponent_2': 6, 'D_dagger_layer_units_exponent_3': 4, 'D_dagger_layer_units_exponent_4': 4, 'D_dagger_layer_units_exponent_5': 5, 'D_dagger_layer_units_exponent_6': 4, 'log_learning_rate': -3.8550369951244248, 'log_learning_rate_D': -1.4239877066397009, 'log_learning_rate_D_dagger': -2.5215413283184045, 'training_batch_size': 10, 'training_p': 8}
	 epoch  0 training error:  tensor(1.0105, device='cuda:0', grad_fn=<DivBackward0>)
Memory status after this epoch: 
Memory allocated:  69.33642578125
Memory cached:  140.0
	 epoch  10 training error:  tensor(0.3410, device='cuda:0', grad_fn=<DivBackward0>)
Memory status after this epoch: 
Memory allocated:  69.33642578125
Memory cached:  252.0
	 epoch  20 training error:  tensor(0.2627, device='cuda:0', grad_fn=<DivBackward0>)
Memory status after this epoch: 
Memory allocated:  69.33642578125
Memory cached:  244.0
	 epoch  30 training error:  tensor(0.2316, device='cuda:0', grad_fn=<DivBackward0>)
Memory status after this epoch: 
Memory allocated:  69.33642578125
Memory cached:  250.0
	 epoch  40 training error:  tensor(0.2178, device='cuda:0', grad_fn=<DivBackward0>)
Memory status after this epoch: 
Memory allocated:  69.33642578125
Memory cached:  244.0
	 epoch  50 training error:  tensor(0.2176, device='cuda:0', grad_fn=<DivBackward0>)
Memory status after this epoch: 
Memory allocated:  69.33642578125
Memory cached:  252.0
	 epoch  60 training error:  tensor(0.2156, device='cuda:0', grad_fn=<DivBackward0>)
Memory status after this epoch: 
Memory allocated:  69.33642578125
Memory cached:  254.0
	 epoch  70 training error:  tensor(0.2149, device='cuda:0', grad_fn=<DivBackward0>)
Memory status after this epoch: 
Memory allocated:  69.33642578125
Memory cached:  268.0
	 epoch  80 training error:  tensor(0.2150, device='cuda:0', grad_fn=<DivBackward0>)
Memory status after this epoch: 
Memory allocated:  69.33642578125
Memory cached:  244.0
	 epoch  90 training error:  tensor(0.2148, device='cuda:0', grad_fn=<DivBackward0>)
Memory status after this epoch: 
Memory allocated:  69.33642578125
Memory cached:  248.0
[I 2023-12-03 04:50:29,968] Trial 2 finished with value: 0.1146310493350029 and parameters: {'W_layers': 4, 'W_layer_units_exponent_0': 7, 'W_layer_units_exponent_1': 4, 'W_layer_units_exponent_2': 10, 'W_layer_units_exponent_3': 9, 'D_layers': 8, 'D_layer_units_exponent_0': 9, 'D_layer_units_exponent_1': 7, 'D_layer_units_exponent_2': 9, 'D_layer_units_exponent_3': 4, 'D_layer_units_exponent_4': 9, 'D_layer_units_exponent_5': 4, 'D_layer_units_exponent_6': 5, 'D_layer_units_exponent_7': 10, 'D_dagger_layers': 7, 'D_dagger_layer_units_exponent_0': 4, 'D_dagger_layer_units_exponent_1': 6, 'D_dagger_layer_units_exponent_2': 6, 'D_dagger_layer_units_exponent_3': 4, 'D_dagger_layer_units_exponent_4': 4, 'D_dagger_layer_units_exponent_5': 5, 'D_dagger_layer_units_exponent_6': 4, 'log_learning_rate': -3.8550369951244248, 'log_learning_rate_D': -1.4239877066397009, 'log_learning_rate_D_dagger': -2.5215413283184045, 'training_batch_size': 10, 'training_p': 8}. Best is trial 2 with value: 0.1146310493350029.
res:  tensor(0.1146, device='cuda:0', grad_fn=<DivBackward0>)
self.bestValue:  tensor(0.1153, device='cuda:0', grad_fn=<DivBackward0>)
Save this model!
Time for this trial:  236.645610332489
Memory status after this trial: 
Memory allocated:  242.7138671875
Memory cached:  320.0
--------------------  Trial  3   --------------------
Start timing: 
Parameters: 
{'W_layers': 3, 'W_layer_units_exponent_0': 6, 'W_layer_units_exponent_1': 4, 'W_layer_units_exponent_2': 8, 'D_layers': 4, 'D_layer_units_exponent_0': 9, 'D_layer_units_exponent_1': 8, 'D_layer_units_exponent_2': 4, 'D_layer_units_exponent_3': 6, 'D_dagger_layers': 3, 'D_dagger_layer_units_exponent_0': 9, 'D_dagger_layer_units_exponent_1': 5, 'D_dagger_layer_units_exponent_2': 9, 'log_learning_rate': -4.852615241364189, 'log_learning_rate_D': -3.509902648330322, 'log_learning_rate_D_dagger': -4.4131469185192, 'training_batch_size': 9, 'training_p': 2}
	 epoch  0 training error:  tensor(0.9797, device='cuda:0', grad_fn=<DivBackward0>)
Memory status after this epoch: 
Memory allocated:  245.529296875
Memory cached:  346.0
	 epoch  10 training error:  tensor(0.9385, device='cuda:0', grad_fn=<DivBackward0>)
Memory status after this epoch: 
Memory allocated:  245.529296875
Memory cached:  402.0
	 epoch  20 training error:  tensor(0.8992, device='cuda:0', grad_fn=<DivBackward0>)
Memory status after this epoch: 
Memory allocated:  245.529296875
Memory cached:  402.0
	 epoch  30 training error:  tensor(0.8564, device='cuda:0', grad_fn=<DivBackward0>)
Memory status after this epoch: 
Memory allocated:  245.529296875
Memory cached:  390.0
	 epoch  40 training error:  tensor(0.8064, device='cuda:0', grad_fn=<DivBackward0>)
Memory status after this epoch: 
Memory allocated:  245.529296875
Memory cached:  402.0
	 epoch  50 training error:  tensor(0.7465, device='cuda:0', grad_fn=<DivBackward0>)
Memory status after this epoch: 
Memory allocated:  245.529296875
Memory cached:  398.0
	 epoch  60 training error:  tensor(0.6748, device='cuda:0', grad_fn=<DivBackward0>)
Memory status after this epoch: 
Memory allocated:  245.529296875
Memory cached:  404.0
	 epoch  70 training error:  tensor(0.5901, device='cuda:0', grad_fn=<DivBackward0>)
Memory status after this epoch: 
Memory allocated:  245.529296875
Memory cached:  396.0
	 epoch  80 training error:  tensor(0.4915, device='cuda:0', grad_fn=<DivBackward0>)
Memory status after this epoch: 
Memory allocated:  245.529296875
Memory cached:  408.0
	 epoch  90 training error:  tensor(0.3792, device='cuda:0', grad_fn=<DivBackward0>)
Memory status after this epoch: 
Memory allocated:  245.529296875
Memory cached:  404.0
[I 2023-12-03 04:53:05,530] Trial 3 finished with value: 0.25573819875717163 and parameters: {'W_layers': 3, 'W_layer_units_exponent_0': 6, 'W_layer_units_exponent_1': 4, 'W_layer_units_exponent_2': 8, 'D_layers': 4, 'D_layer_units_exponent_0': 9, 'D_layer_units_exponent_1': 8, 'D_layer_units_exponent_2': 4, 'D_layer_units_exponent_3': 6, 'D_dagger_layers': 3, 'D_dagger_layer_units_exponent_0': 9, 'D_dagger_layer_units_exponent_1': 5, 'D_dagger_layer_units_exponent_2': 9, 'log_learning_rate': -4.852615241364189, 'log_learning_rate_D': -3.509902648330322, 'log_learning_rate_D_dagger': -4.4131469185192, 'training_batch_size': 9, 'training_p': 2}. Best is trial 2 with value: 0.1146310493350029.
Time for this trial:  155.44063210487366
Memory status after this trial: 
Memory allocated:  357.603515625
Memory cached:  376.0
--------------------  Trial  4   --------------------
Start timing: 
Parameters: 
{'W_layers': 2, 'W_layer_units_exponent_0': 4, 'W_layer_units_exponent_1': 6, 'D_layers': 7, 'D_layer_units_exponent_0': 7, 'D_layer_units_exponent_1': 7, 'D_layer_units_exponent_2': 6, 'D_layer_units_exponent_3': 9, 'D_layer_units_exponent_4': 5, 'D_layer_units_exponent_5': 5, 'D_layer_units_exponent_6': 6, 'D_dagger_layers': 3, 'D_dagger_layer_units_exponent_0': 8, 'D_dagger_layer_units_exponent_1': 10, 'D_dagger_layer_units_exponent_2': 9, 'log_learning_rate': -3.3107742523953445, 'log_learning_rate_D': -4.5839959633440674, 'log_learning_rate_D_dagger': -4.549215195532688, 'training_batch_size': 7, 'training_p': 7}
	 epoch  0 training error:  tensor(1.0182, device='cuda:0', grad_fn=<DivBackward0>)
Memory status after this epoch: 
Memory allocated:  256.025390625
Memory cached:  348.0
	 epoch  10 training error:  tensor(0.7433, device='cuda:0', grad_fn=<DivBackward0>)
Memory status after this epoch: 
Memory allocated:  256.025390625
Memory cached:  410.0
	 epoch  20 training error:  tensor(0.4678, device='cuda:0', grad_fn=<DivBackward0>)
Memory status after this epoch: 
Memory allocated:  256.025390625
Memory cached:  422.0
	 epoch  30 training error:  tensor(0.2104, device='cuda:0', grad_fn=<DivBackward0>)
Memory status after this epoch: 
Memory allocated:  256.025390625
Memory cached:  422.0
	 epoch  40 training error:  tensor(0.2222, device='cuda:0', grad_fn=<DivBackward0>)
Memory status after this epoch: 
Memory allocated:  256.025390625
Memory cached:  412.0
	 epoch  50 training error:  tensor(0.1764, device='cuda:0', grad_fn=<DivBackward0>)
Memory status after this epoch: 
Memory allocated:  256.025390625
Memory cached:  424.0
	 epoch  60 training error:  tensor(0.1725, device='cuda:0', grad_fn=<DivBackward0>)
Memory status after this epoch: 
Memory allocated:  256.025390625
Memory cached:  414.0
	 epoch  70 training error:  tensor(0.1702, device='cuda:0', grad_fn=<DivBackward0>)
Memory status after this epoch: 
Memory allocated:  256.025390625
Memory cached:  416.0
	 epoch  80 training error:  tensor(0.1658, device='cuda:0', grad_fn=<DivBackward0>)
Memory status after this epoch: 
Memory allocated:  256.025390625
Memory cached:  418.0
	 epoch  90 training error:  tensor(0.1623, device='cuda:0', grad_fn=<DivBackward0>)
Memory status after this epoch: 
Memory allocated:  256.025390625
Memory cached:  414.0
