[I 2023-12-02 22:58:08,666] Trial 16 finished with value: 0.10629858076572418 and parameters: {'W_layers': 5, 'W_layer_units_exponent_0': 4, 'W_layer_units_exponent_1': 10, 'W_layer_units_exponent_2': 8, 'W_layer_units_exponent_3': 8, 'W_layer_units_exponent_4': 10, 'D_layers': 7, 'D_layer_units_exponent_0': 8, 'D_layer_units_exponent_1': 4, 'D_layer_units_exponent_2': 7, 'D_layer_units_exponent_3': 7, 'D_layer_units_exponent_4': 4, 'D_layer_units_exponent_5': 5, 'D_layer_units_exponent_6': 9, 'D_dagger_layers': 6, 'D_dagger_layer_units_exponent_0': 6, 'D_dagger_layer_units_exponent_1': 6, 'D_dagger_layer_units_exponent_2': 10, 'D_dagger_layer_units_exponent_3': 9, 'D_dagger_layer_units_exponent_4': 9, 'D_dagger_layer_units_exponent_5': 6, 'log_learning_rate': -3.1584300198718047, 'log_learning_rate_D': -4.984642156227093, 'log_learning_rate_D_dagger': -3.2435370706909366, 'training_batch_size': 9, 'training_p': 4}. Best is trial 11 with value: 0.0967433974146843.
Time for this trial:  18.25128173828125
Memory status after this trial: 
Memory allocated:  572.35498046875
Memory cached:  600.0
--------------------  Trial  17   --------------------
Start timing: 
Parameters: 
{'W_layers': 2, 'W_layer_units_exponent_0': 9, 'W_layer_units_exponent_1': 6, 'D_layers': 6, 'D_layer_units_exponent_0': 10, 'D_layer_units_exponent_1': 8, 'D_layer_units_exponent_2': 5, 'D_layer_units_exponent_3': 9, 'D_layer_units_exponent_4': 6, 'D_layer_units_exponent_5': 5, 'D_dagger_layers': 6, 'D_dagger_layer_units_exponent_0': 9, 'D_dagger_layer_units_exponent_1': 6, 'D_dagger_layer_units_exponent_2': 9, 'D_dagger_layer_units_exponent_3': 7, 'D_dagger_layer_units_exponent_4': 8, 'D_dagger_layer_units_exponent_5': 8, 'log_learning_rate': -3.6579334562205785, 'log_learning_rate_D': -3.4552498631996067, 'log_learning_rate_D_dagger': -4.274503389062323, 'training_batch_size': 10, 'training_p': 3}
	 epoch  0 training error:  tensor(0.9281, device='cuda:0', grad_fn=<DivBackward0>)
Memory status after this epoch: 
Memory allocated:  310.0634765625
Memory cached:  394.0
	 epoch  10 training error:  tensor(0.2076, device='cuda:0', grad_fn=<DivBackward0>)
Memory status after this epoch: 
Memory allocated:  310.0634765625
Memory cached:  394.0
	 epoch  20 training error:  tensor(0.1966, device='cuda:0', grad_fn=<DivBackward0>)
Memory status after this epoch: 
Memory allocated:  310.0634765625
Memory cached:  394.0
	 epoch  30 training error:  tensor(0.1626, device='cuda:0', grad_fn=<DivBackward0>)
Memory status after this epoch: 
Memory allocated:  310.0634765625
Memory cached:  394.0
	 epoch  40 training error:  tensor(0.1396, device='cuda:0', grad_fn=<DivBackward0>)
Memory status after this epoch: 
Memory allocated:  310.0634765625
Memory cached:  394.0
	 epoch  50 training error:  tensor(0.1284, device='cuda:0', grad_fn=<DivBackward0>)
Memory status after this epoch: 
Memory allocated:  310.0634765625
Memory cached:  394.0
	 epoch  60 training error:  tensor(0.1199, device='cuda:0', grad_fn=<DivBackward0>)
Memory status after this epoch: 
Memory allocated:  310.0634765625
Memory cached:  394.0
	 epoch  70 training error:  tensor(0.1161, device='cuda:0', grad_fn=<DivBackward0>)
Memory status after this epoch: 
Memory allocated:  310.0634765625
Memory cached:  394.0
	 epoch  80 training error:  tensor(0.1156, device='cuda:0', grad_fn=<DivBackward0>)
Memory status after this epoch: 
Memory allocated:  310.0634765625
Memory cached:  394.0
	 epoch  90 training error:  tensor(0.1156, device='cuda:0', grad_fn=<DivBackward0>)
Memory status after this epoch: 
Memory allocated:  310.0634765625
Memory cached:  394.0
[I 2023-12-02 22:58:24,377] Trial 17 finished with value: 0.0998058021068573 and parameters: {'W_layers': 2, 'W_layer_units_exponent_0': 9, 'W_layer_units_exponent_1': 6, 'D_layers': 6, 'D_layer_units_exponent_0': 10, 'D_layer_units_exponent_1': 8, 'D_layer_units_exponent_2': 5, 'D_layer_units_exponent_3': 9, 'D_layer_units_exponent_4': 6, 'D_layer_units_exponent_5': 5, 'D_dagger_layers': 6, 'D_dagger_layer_units_exponent_0': 9, 'D_dagger_layer_units_exponent_1': 6, 'D_dagger_layer_units_exponent_2': 9, 'D_dagger_layer_units_exponent_3': 7, 'D_dagger_layer_units_exponent_4': 8, 'D_dagger_layer_units_exponent_5': 8, 'log_learning_rate': -3.6579334562205785, 'log_learning_rate_D': -3.4552498631996067, 'log_learning_rate_D_dagger': -4.274503389062323, 'training_batch_size': 10, 'training_p': 3}. Best is trial 11 with value: 0.0967433974146843.
Time for this trial:  15.522057294845581
Memory status after this trial: 
Memory allocated:  431.72607421875
Memory cached:  444.0
--------------------  Trial  18   --------------------
Start timing: 
Parameters: 
{'W_layers': 5, 'W_layer_units_exponent_0': 6, 'W_layer_units_exponent_1': 7, 'W_layer_units_exponent_2': 9, 'W_layer_units_exponent_3': 10, 'W_layer_units_exponent_4': 4, 'D_layers': 8, 'D_layer_units_exponent_0': 6, 'D_layer_units_exponent_1': 7, 'D_layer_units_exponent_2': 6, 'D_layer_units_exponent_3': 9, 'D_layer_units_exponent_4': 10, 'D_layer_units_exponent_5': 4, 'D_layer_units_exponent_6': 8, 'D_layer_units_exponent_7': 10, 'D_dagger_layers': 8, 'D_dagger_layer_units_exponent_0': 10, 'D_dagger_layer_units_exponent_1': 7, 'D_dagger_layer_units_exponent_2': 8, 'D_dagger_layer_units_exponent_3': 9, 'D_dagger_layer_units_exponent_4': 9, 'D_dagger_layer_units_exponent_5': 5, 'D_dagger_layer_units_exponent_6': 8, 'D_dagger_layer_units_exponent_7': 4, 'log_learning_rate': -3.0601487455961154, 'log_learning_rate_D': -4.181191973800946, 'log_learning_rate_D_dagger': -3.349922226031624, 'training_batch_size': 11, 'training_p': 6}
	 epoch  0 training error:  tensor(1.0068, device='cuda:0', grad_fn=<DivBackward0>)
Memory status after this epoch: 
Memory allocated:  326.9755859375
Memory cached:  418.0
	 epoch  10 training error:  tensor(0.1516, device='cuda:0', grad_fn=<DivBackward0>)
Memory status after this epoch: 
Memory allocated:  326.9755859375
Memory cached:  420.0
	 epoch  20 training error:  tensor(0.1564, device='cuda:0', grad_fn=<DivBackward0>)
Memory status after this epoch: 
Memory allocated:  326.9755859375
Memory cached:  420.0
	 epoch  30 training error:  tensor(0.1493, device='cuda:0', grad_fn=<DivBackward0>)
Memory status after this epoch: 
Memory allocated:  326.9755859375
Memory cached:  420.0
	 epoch  40 training error:  tensor(0.1486, device='cuda:0', grad_fn=<DivBackward0>)
Memory status after this epoch: 
Memory allocated:  326.9755859375
Memory cached:  420.0
	 epoch  50 training error:  tensor(0.1454, device='cuda:0', grad_fn=<DivBackward0>)
Memory status after this epoch: 
Memory allocated:  326.9755859375
Memory cached:  420.0
	 epoch  60 training error:  tensor(0.1454, device='cuda:0', grad_fn=<DivBackward0>)
Memory status after this epoch: 
Memory allocated:  326.9755859375
Memory cached:  420.0
	 epoch  70 training error:  tensor(0.1454, device='cuda:0', grad_fn=<DivBackward0>)
Memory status after this epoch: 
Memory allocated:  326.9755859375
Memory cached:  420.0
	 epoch  80 training error:  tensor(0.1453, device='cuda:0', grad_fn=<DivBackward0>)
Memory status after this epoch: 
Memory allocated:  326.9755859375
Memory cached:  420.0
	 epoch  90 training error:  tensor(0.1453, device='cuda:0', grad_fn=<DivBackward0>)
Memory status after this epoch: 
Memory allocated:  326.9755859375
Memory cached:  420.0
[I 2023-12-02 22:58:43,337] Trial 18 finished with value: 0.11751675605773926 and parameters: {'W_layers': 5, 'W_layer_units_exponent_0': 6, 'W_layer_units_exponent_1': 7, 'W_layer_units_exponent_2': 9, 'W_layer_units_exponent_3': 10, 'W_layer_units_exponent_4': 4, 'D_layers': 8, 'D_layer_units_exponent_0': 6, 'D_layer_units_exponent_1': 7, 'D_layer_units_exponent_2': 6, 'D_layer_units_exponent_3': 9, 'D_layer_units_exponent_4': 10, 'D_layer_units_exponent_5': 4, 'D_layer_units_exponent_6': 8, 'D_layer_units_exponent_7': 10, 'D_dagger_layers': 8, 'D_dagger_layer_units_exponent_0': 10, 'D_dagger_layer_units_exponent_1': 7, 'D_dagger_layer_units_exponent_2': 8, 'D_dagger_layer_units_exponent_3': 9, 'D_dagger_layer_units_exponent_4': 9, 'D_dagger_layer_units_exponent_5': 5, 'D_dagger_layer_units_exponent_6': 8, 'D_dagger_layer_units_exponent_7': 4, 'log_learning_rate': -3.0601487455961154, 'log_learning_rate_D': -4.181191973800946, 'log_learning_rate_D_dagger': -3.349922226031624, 'training_batch_size': 11, 'training_p': 6}. Best is trial 11 with value: 0.0967433974146843.
Time for this trial:  18.735334634780884
Memory status after this trial: 
Memory allocated:  559.27783203125
Memory cached:  592.0
--------------------  Trial  19   --------------------
Start timing: 
Parameters: 
{'W_layers': 3, 'W_layer_units_exponent_0': 8, 'W_layer_units_exponent_1': 7, 'W_layer_units_exponent_2': 6, 'D_layers': 7, 'D_layer_units_exponent_0': 7, 'D_layer_units_exponent_1': 6, 'D_layer_units_exponent_2': 8, 'D_layer_units_exponent_3': 6, 'D_layer_units_exponent_4': 8, 'D_layer_units_exponent_5': 6, 'D_layer_units_exponent_6': 5, 'D_dagger_layers': 7, 'D_dagger_layer_units_exponent_0': 9, 'D_dagger_layer_units_exponent_1': 9, 'D_dagger_layer_units_exponent_2': 8, 'D_dagger_layer_units_exponent_3': 4, 'D_dagger_layer_units_exponent_4': 10, 'D_dagger_layer_units_exponent_5': 9, 'D_dagger_layer_units_exponent_6': 9, 'log_learning_rate': -3.885297571516717, 'log_learning_rate_D': -4.399694951970965, 'log_learning_rate_D_dagger': -2.9886723199919163, 'training_batch_size': 11, 'training_p': 4}
	 epoch  0 training error:  tensor(0.9467, device='cuda:0', grad_fn=<DivBackward0>)
Memory status after this epoch: 
Memory allocated:  324.6455078125
Memory cached:  418.0
	 epoch  10 training error:  tensor(0.8465, device='cuda:0', grad_fn=<DivBackward0>)
Memory status after this epoch: 
Memory allocated:  324.6455078125
Memory cached:  418.0
	 epoch  20 training error:  tensor(0.1579, device='cuda:0', grad_fn=<DivBackward0>)
Memory status after this epoch: 
Memory allocated:  324.6455078125
Memory cached:  418.0
	 epoch  30 training error:  tensor(0.1594, device='cuda:0', grad_fn=<DivBackward0>)
Memory status after this epoch: 
Memory allocated:  324.6455078125
Memory cached:  418.0
	 epoch  40 training error:  tensor(0.1643, device='cuda:0', grad_fn=<DivBackward0>)
Memory status after this epoch: 
Memory allocated:  324.6455078125
Memory cached:  418.0
	 epoch  50 training error:  tensor(0.1346, device='cuda:0', grad_fn=<DivBackward0>)
Memory status after this epoch: 
Memory allocated:  324.6455078125
Memory cached:  418.0
	 epoch  60 training error:  tensor(0.1332, device='cuda:0', grad_fn=<DivBackward0>)
Memory status after this epoch: 
Memory allocated:  324.6455078125
Memory cached:  418.0
	 epoch  70 training error:  tensor(0.1295, device='cuda:0', grad_fn=<DivBackward0>)
Memory status after this epoch: 
Memory allocated:  324.6455078125
Memory cached:  418.0
	 epoch  80 training error:  tensor(0.1292, device='cuda:0', grad_fn=<DivBackward0>)
Memory status after this epoch: 
Memory allocated:  324.6455078125
Memory cached:  418.0
	 epoch  90 training error:  tensor(0.1292, device='cuda:0', grad_fn=<DivBackward0>)
Memory status after this epoch: 
Memory allocated:  324.6455078125
Memory cached:  418.0
[I 2023-12-02 22:59:01,573] Trial 19 finished with value: 0.10587882995605469 and parameters: {'W_layers': 3, 'W_layer_units_exponent_0': 8, 'W_layer_units_exponent_1': 7, 'W_layer_units_exponent_2': 6, 'D_layers': 7, 'D_layer_units_exponent_0': 7, 'D_layer_units_exponent_1': 6, 'D_layer_units_exponent_2': 8, 'D_layer_units_exponent_3': 6, 'D_layer_units_exponent_4': 8, 'D_layer_units_exponent_5': 6, 'D_layer_units_exponent_6': 5, 'D_dagger_layers': 7, 'D_dagger_layer_units_exponent_0': 9, 'D_dagger_layer_units_exponent_1': 9, 'D_dagger_layer_units_exponent_2': 8, 'D_dagger_layer_units_exponent_3': 4, 'D_dagger_layer_units_exponent_4': 10, 'D_dagger_layer_units_exponent_5': 9, 'D_dagger_layer_units_exponent_6': 9, 'log_learning_rate': -3.885297571516717, 'log_learning_rate_D': -4.399694951970965, 'log_learning_rate_D_dagger': -2.9886723199919163, 'training_batch_size': 11, 'training_p': 4}. Best is trial 11 with value: 0.0967433974146843.
Time for this trial:  18.021623373031616
Memory status after this trial: 
Memory allocated:  518.73681640625
Memory cached:  542.0
--------------------  Trial  20   --------------------
Start timing: 
Parameters: 
{'W_layers': 4, 'W_layer_units_exponent_0': 8, 'W_layer_units_exponent_1': 5, 'W_layer_units_exponent_2': 8, 'W_layer_units_exponent_3': 7, 'D_layers': 6, 'D_layer_units_exponent_0': 5, 'D_layer_units_exponent_1': 5, 'D_layer_units_exponent_2': 4, 'D_layer_units_exponent_3': 9, 'D_layer_units_exponent_4': 6, 'D_layer_units_exponent_5': 5, 'D_dagger_layers': 6, 'D_dagger_layer_units_exponent_0': 7, 'D_dagger_layer_units_exponent_1': 6, 'D_dagger_layer_units_exponent_2': 10, 'D_dagger_layer_units_exponent_3': 6, 'D_dagger_layer_units_exponent_4': 8, 'D_dagger_layer_units_exponent_5': 6, 'log_learning_rate': -3.387785499529312, 'log_learning_rate_D': -3.3698297068975736, 'log_learning_rate_D_dagger': -4.246302452264473, 'training_batch_size': 8, 'training_p': 2}
	 epoch  0 training error:  tensor(1.0022, device='cuda:0', grad_fn=<DivBackward0>)
Memory status after this epoch: 
Memory allocated:  308.3681640625
Memory cached:  394.0
	 epoch  10 training error:  tensor(0.1216, device='cuda:0', grad_fn=<DivBackward0>)
Memory status after this epoch: 
Memory allocated:  308.3681640625
Memory cached:  394.0
	 epoch  20 training error:  tensor(0.1677, device='cuda:0', grad_fn=<DivBackward0>)
Memory status after this epoch: 
Memory allocated:  308.3681640625
Memory cached:  394.0
	 epoch  30 training error:  tensor(0.1408, device='cuda:0', grad_fn=<DivBackward0>)
Memory status after this epoch: 
Memory allocated:  308.3681640625
Memory cached:  394.0
	 epoch  40 training error:  tensor(0.0990, device='cuda:0', grad_fn=<DivBackward0>)
Memory status after this epoch: 
Memory allocated:  308.3681640625
Memory cached:  394.0
	 epoch  50 training error:  tensor(0.1022, device='cuda:0', grad_fn=<DivBackward0>)
Memory status after this epoch: 
Memory allocated:  308.3681640625
Memory cached:  394.0
	 epoch  60 training error:  tensor(0.0975, device='cuda:0', grad_fn=<DivBackward0>)
Memory status after this epoch: 
Memory allocated:  308.3681640625
Memory cached:  394.0
	 epoch  70 training error:  tensor(0.0946, device='cuda:0', grad_fn=<DivBackward0>)
Memory status after this epoch: 
Memory allocated:  308.3681640625
Memory cached:  394.0
	 epoch  80 training error:  tensor(0.0940, device='cuda:0', grad_fn=<DivBackward0>)
Memory status after this epoch: 
Memory allocated:  308.3681640625
Memory cached:  394.0
	 epoch  90 training error:  tensor(0.0940, device='cuda:0', grad_fn=<DivBackward0>)
Memory status after this epoch: 
Memory allocated:  308.3681640625
Memory cached:  394.0
[I 2023-12-02 22:59:17,531] Trial 20 finished with value: 0.09676869958639145 and parameters: {'W_layers': 4, 'W_layer_units_exponent_0': 8, 'W_layer_units_exponent_1': 5, 'W_layer_units_exponent_2': 8, 'W_layer_units_exponent_3': 7, 'D_layers': 6, 'D_layer_units_exponent_0': 5, 'D_layer_units_exponent_1': 5, 'D_layer_units_exponent_2': 4, 'D_layer_units_exponent_3': 9, 'D_layer_units_exponent_4': 6, 'D_layer_units_exponent_5': 5, 'D_dagger_layers': 6, 'D_dagger_layer_units_exponent_0': 7, 'D_dagger_layer_units_exponent_1': 6, 'D_dagger_layer_units_exponent_2': 10, 'D_dagger_layer_units_exponent_3': 6, 'D_dagger_layer_units_exponent_4': 8, 'D_dagger_layer_units_exponent_5': 6, 'log_learning_rate': -3.387785499529312, 'log_learning_rate_D': -3.3698297068975736, 'log_learning_rate_D_dagger': -4.246302452264473, 'training_batch_size': 8, 'training_p': 2}. Best is trial 11 with value: 0.0967433974146843.
Time for this trial:  15.748019218444824
Memory status after this trial: 
Memory allocated:  429.73876953125
Memory cached:  454.0
--------------------  Trial  21   --------------------
Start timing: 
Parameters: 
{'W_layers': 4, 'W_layer_units_exponent_0': 8, 'W_layer_units_exponent_1': 5, 'W_layer_units_exponent_2': 8, 'W_layer_units_exponent_3': 7, 'D_layers': 7, 'D_layer_units_exponent_0': 5, 'D_layer_units_exponent_1': 5, 'D_layer_units_exponent_2': 4, 'D_layer_units_exponent_3': 9, 'D_layer_units_exponent_4': 6, 'D_layer_units_exponent_5': 5, 'D_layer_units_exponent_6': 8, 'D_dagger_layers': 7, 'D_dagger_layer_units_exponent_0': 6, 'D_dagger_layer_units_exponent_1': 6, 'D_dagger_layer_units_exponent_2': 10, 'D_dagger_layer_units_exponent_3': 6, 'D_dagger_layer_units_exponent_4': 8, 'D_dagger_layer_units_exponent_5': 6, 'D_dagger_layer_units_exponent_6': 9, 'log_learning_rate': -3.356094664826094, 'log_learning_rate_D': -3.407920707227569, 'log_learning_rate_D_dagger': -4.2050156827745715, 'training_batch_size': 8, 'training_p': 2}
	 epoch  0 training error:  tensor(0.9890, device='cuda:0', grad_fn=<DivBackward0>)
Memory status after this epoch: 
Memory allocated:  308.85205078125
Memory cached:  396.0
	 epoch  10 training error:  tensor(0.1328, device='cuda:0', grad_fn=<DivBackward0>)
Memory status after this epoch: 
Memory allocated:  308.85205078125
Memory cached:  396.0
	 epoch  20 training error:  tensor(0.1865, device='cuda:0', grad_fn=<DivBackward0>)
Memory status after this epoch: 
Memory allocated:  308.85205078125
Memory cached:  396.0
	 epoch  30 training error:  tensor(0.1182, device='cuda:0', grad_fn=<DivBackward0>)
Memory status after this epoch: 
Memory allocated:  308.85205078125
Memory cached:  396.0
	 epoch  40 training error:  tensor(0.1154, device='cuda:0', grad_fn=<DivBackward0>)
Memory status after this epoch: 
Memory allocated:  308.85205078125
Memory cached:  396.0
	 epoch  50 training error:  tensor(0.1034, device='cuda:0', grad_fn=<DivBackward0>)
Memory status after this epoch: 
Memory allocated:  308.85205078125
Memory cached:  396.0
	 epoch  60 training error:  tensor(0.1001, device='cuda:0', grad_fn=<DivBackward0>)
Memory status after this epoch: 
Memory allocated:  308.85205078125
Memory cached:  396.0
	 epoch  70 training error:  tensor(0.0960, device='cuda:0', grad_fn=<DivBackward0>)
Memory status after this epoch: 
Memory allocated:  308.85205078125
Memory cached:  396.0
	 epoch  80 training error:  tensor(0.0942, device='cuda:0', grad_fn=<DivBackward0>)
Memory status after this epoch: 
Memory allocated:  308.85205078125
Memory cached:  396.0
	 epoch  90 training error:  tensor(0.0940, device='cuda:0', grad_fn=<DivBackward0>)
Memory status after this epoch: 
Memory allocated:  308.85205078125
Memory cached:  396.0
