[I 2023-12-03 05:55:00,922] Trial 26 finished with value: 0.08158906549215317 and parameters: {'W_layers': 7, 'W_layer_units_exponent_0': 9, 'W_layer_units_exponent_1': 5, 'W_layer_units_exponent_2': 6, 'W_layer_units_exponent_3': 8, 'W_layer_units_exponent_4': 4, 'W_layer_units_exponent_5': 8, 'W_layer_units_exponent_6': 4, 'D_layers': 6, 'D_layer_units_exponent_0': 8, 'D_layer_units_exponent_1': 7, 'D_layer_units_exponent_2': 6, 'D_layer_units_exponent_3': 5, 'D_layer_units_exponent_4': 6, 'D_layer_units_exponent_5': 5, 'D_dagger_layers': 3, 'D_dagger_layer_units_exponent_0': 5, 'D_dagger_layer_units_exponent_1': 10, 'D_dagger_layer_units_exponent_2': 9, 'log_learning_rate': -2.1288594411988755, 'log_learning_rate_D': -4.64719013363576, 'log_learning_rate_D_dagger': -1.6163954095434727, 'training_batch_size': 10, 'training_p': 2}. Best is trial 23 with value: 0.03875265270471573.
Time for this trial:  205.28394174575806
Memory status after this trial: 
Memory allocated:  284.98876953125
Memory cached:  304.0
--------------------  Trial  27   --------------------
Start timing: 
Parameters: 
{'W_layers': 6, 'W_layer_units_exponent_0': 9, 'W_layer_units_exponent_1': 6, 'W_layer_units_exponent_2': 7, 'W_layer_units_exponent_3': 8, 'W_layer_units_exponent_4': 4, 'W_layer_units_exponent_5': 9, 'D_layers': 7, 'D_layer_units_exponent_0': 9, 'D_layer_units_exponent_1': 7, 'D_layer_units_exponent_2': 7, 'D_layer_units_exponent_3': 5, 'D_layer_units_exponent_4': 6, 'D_layer_units_exponent_5': 4, 'D_layer_units_exponent_6': 10, 'D_dagger_layers': 3, 'D_dagger_layer_units_exponent_0': 4, 'D_dagger_layer_units_exponent_1': 9, 'D_dagger_layer_units_exponent_2': 9, 'log_learning_rate': -2.5180383573962435, 'log_learning_rate_D': -3.93304077171235, 'log_learning_rate_D_dagger': -2.8647161361816624, 'training_batch_size': 9, 'training_p': 3}
	 epoch  0 training error:  tensor(1.1757, device='cuda:0', grad_fn=<DivBackward0>)
Memory status after this epoch: 
Memory allocated:  115.10693359375
Memory cached:  226.0
	 epoch  10 training error:  tensor(0.4465, device='cuda:0', grad_fn=<DivBackward0>)
Memory status after this epoch: 
Memory allocated:  115.10693359375
Memory cached:  260.0
	 epoch  20 training error:  tensor(0.2443, device='cuda:0', grad_fn=<DivBackward0>)
Memory status after this epoch: 
Memory allocated:  115.10693359375
Memory cached:  260.0
	 epoch  30 training error:  tensor(0.1324, device='cuda:0', grad_fn=<DivBackward0>)
Memory status after this epoch: 
Memory allocated:  115.10693359375
Memory cached:  270.0
	 epoch  40 training error:  tensor(0.0968, device='cuda:0', grad_fn=<DivBackward0>)
Memory status after this epoch: 
Memory allocated:  115.10693359375
Memory cached:  268.0
	 epoch  50 training error:  tensor(0.0662, device='cuda:0', grad_fn=<DivBackward0>)
Memory status after this epoch: 
Memory allocated:  115.10693359375
Memory cached:  266.0
	 epoch  60 training error:  tensor(0.0619, device='cuda:0', grad_fn=<DivBackward0>)
Memory status after this epoch: 
Memory allocated:  115.10693359375
Memory cached:  268.0
	 epoch  70 training error:  tensor(0.0574, device='cuda:0', grad_fn=<DivBackward0>)
Memory status after this epoch: 
Memory allocated:  115.10693359375
Memory cached:  266.0
	 epoch  80 training error:  tensor(0.0525, device='cuda:0', grad_fn=<DivBackward0>)
Memory status after this epoch: 
Memory allocated:  115.10693359375
Memory cached:  260.0
	 epoch  90 training error:  tensor(0.0517, device='cuda:0', grad_fn=<DivBackward0>)
Memory status after this epoch: 
Memory allocated:  115.10693359375
Memory cached:  262.0
[I 2023-12-03 05:58:33,688] Trial 27 finished with value: 0.050333987921476364 and parameters: {'W_layers': 6, 'W_layer_units_exponent_0': 9, 'W_layer_units_exponent_1': 6, 'W_layer_units_exponent_2': 7, 'W_layer_units_exponent_3': 8, 'W_layer_units_exponent_4': 4, 'W_layer_units_exponent_5': 9, 'D_layers': 7, 'D_layer_units_exponent_0': 9, 'D_layer_units_exponent_1': 7, 'D_layer_units_exponent_2': 7, 'D_layer_units_exponent_3': 5, 'D_layer_units_exponent_4': 6, 'D_layer_units_exponent_5': 4, 'D_layer_units_exponent_6': 10, 'D_dagger_layers': 3, 'D_dagger_layer_units_exponent_0': 4, 'D_dagger_layer_units_exponent_1': 9, 'D_dagger_layer_units_exponent_2': 9, 'log_learning_rate': -2.5180383573962435, 'log_learning_rate_D': -3.93304077171235, 'log_learning_rate_D_dagger': -2.8647161361816624, 'training_batch_size': 9, 'training_p': 3}. Best is trial 23 with value: 0.03875265270471573.
Time for this trial:  212.4755711555481
Memory status after this trial: 
Memory allocated:  332.443359375
Memory cached:  338.0
--------------------  Trial  28   --------------------
Start timing: 
Parameters: 
{'W_layers': 7, 'W_layer_units_exponent_0': 6, 'W_layer_units_exponent_1': 4, 'W_layer_units_exponent_2': 6, 'W_layer_units_exponent_3': 6, 'W_layer_units_exponent_4': 6, 'W_layer_units_exponent_5': 6, 'W_layer_units_exponent_6': 8, 'D_layers': 6, 'D_layer_units_exponent_0': 8, 'D_layer_units_exponent_1': 7, 'D_layer_units_exponent_2': 4, 'D_layer_units_exponent_3': 7, 'D_layer_units_exponent_4': 6, 'D_layer_units_exponent_5': 5, 'D_dagger_layers': 3, 'D_dagger_layer_units_exponent_0': 6, 'D_dagger_layer_units_exponent_1': 9, 'D_dagger_layer_units_exponent_2': 8, 'log_learning_rate': -1.9697773738539992, 'log_learning_rate_D': -4.1991621747874275, 'log_learning_rate_D_dagger': -2.2862252052789893, 'training_batch_size': 10, 'training_p': 2}
	 epoch  0 training error:  tensor(1.0300, device='cuda:0', grad_fn=<DivBackward0>)
Memory status after this epoch: 
Memory allocated:  111.67529296875
Memory cached:  236.0
	 epoch  10 training error:  tensor(0.6989, device='cuda:0', grad_fn=<DivBackward0>)
Memory status after this epoch: 
Memory allocated:  111.67529296875
Memory cached:  252.0
	 epoch  20 training error:  tensor(1.2496, device='cuda:0', grad_fn=<DivBackward0>)
Memory status after this epoch: 
Memory allocated:  111.67529296875
Memory cached:  252.0
	 epoch  30 training error:  tensor(0.3311, device='cuda:0', grad_fn=<DivBackward0>)
Memory status after this epoch: 
Memory allocated:  111.67529296875
Memory cached:  262.0
	 epoch  40 training error:  tensor(0.0935, device='cuda:0', grad_fn=<DivBackward0>)
Memory status after this epoch: 
Memory allocated:  111.67529296875
Memory cached:  250.0
	 epoch  50 training error:  tensor(0.1186, device='cuda:0', grad_fn=<DivBackward0>)
Memory status after this epoch: 
Memory allocated:  111.67529296875
Memory cached:  254.0
	 epoch  60 training error:  tensor(0.0777, device='cuda:0', grad_fn=<DivBackward0>)
Memory status after this epoch: 
Memory allocated:  111.67529296875
Memory cached:  250.0
	 epoch  70 training error:  tensor(0.0834, device='cuda:0', grad_fn=<DivBackward0>)
Memory status after this epoch: 
Memory allocated:  111.67529296875
Memory cached:  264.0
	 epoch  80 training error:  tensor(0.0660, device='cuda:0', grad_fn=<DivBackward0>)
Memory status after this epoch: 
Memory allocated:  111.67529296875
Memory cached:  252.0
	 epoch  90 training error:  tensor(0.0648, device='cuda:0', grad_fn=<DivBackward0>)
Memory status after this epoch: 
Memory allocated:  111.67529296875
Memory cached:  254.0
[I 2023-12-03 06:01:47,787] Trial 28 finished with value: 0.0718589648604393 and parameters: {'W_layers': 7, 'W_layer_units_exponent_0': 6, 'W_layer_units_exponent_1': 4, 'W_layer_units_exponent_2': 6, 'W_layer_units_exponent_3': 6, 'W_layer_units_exponent_4': 6, 'W_layer_units_exponent_5': 6, 'W_layer_units_exponent_6': 8, 'D_layers': 6, 'D_layer_units_exponent_0': 8, 'D_layer_units_exponent_1': 7, 'D_layer_units_exponent_2': 4, 'D_layer_units_exponent_3': 7, 'D_layer_units_exponent_4': 6, 'D_layer_units_exponent_5': 5, 'D_dagger_layers': 3, 'D_dagger_layer_units_exponent_0': 6, 'D_dagger_layer_units_exponent_1': 9, 'D_dagger_layer_units_exponent_2': 8, 'log_learning_rate': -1.9697773738539992, 'log_learning_rate_D': -4.1991621747874275, 'log_learning_rate_D_dagger': -2.2862252052789893, 'training_batch_size': 10, 'training_p': 2}. Best is trial 23 with value: 0.03875265270471573.
Time for this trial:  193.81681489944458
Memory status after this trial: 
Memory allocated:  215.31982421875
Memory cached:  238.0
--------------------  Trial  29   --------------------
Start timing: 
Parameters: 
{'W_layers': 6, 'W_layer_units_exponent_0': 6, 'W_layer_units_exponent_1': 5, 'W_layer_units_exponent_2': 7, 'W_layer_units_exponent_3': 7, 'W_layer_units_exponent_4': 7, 'W_layer_units_exponent_5': 8, 'D_layers': 7, 'D_layer_units_exponent_0': 7, 'D_layer_units_exponent_1': 8, 'D_layer_units_exponent_2': 6, 'D_layer_units_exponent_3': 5, 'D_layer_units_exponent_4': 8, 'D_layer_units_exponent_5': 6, 'D_layer_units_exponent_6': 4, 'D_dagger_layers': 2, 'D_dagger_layer_units_exponent_0': 5, 'D_dagger_layer_units_exponent_1': 7, 'log_learning_rate': -1.7308989807168838, 'log_learning_rate_D': -4.617115574295331, 'log_learning_rate_D_dagger': -3.4783722524003986, 'training_batch_size': 11, 'training_p': 3}
	 epoch  0 training error:  tensor(0.9419, device='cuda:0', grad_fn=<DivBackward0>)
Memory status after this epoch: 
Memory allocated:  110.29638671875
Memory cached:  212.0
	 epoch  10 training error:  tensor(1.8904, device='cuda:0', grad_fn=<DivBackward0>)
Memory status after this epoch: 
Memory allocated:  110.29638671875
Memory cached:  242.0
	 epoch  20 training error:  tensor(0.4041, device='cuda:0', grad_fn=<DivBackward0>)
Memory status after this epoch: 
Memory allocated:  110.29638671875
Memory cached:  240.0
	 epoch  30 training error:  tensor(0.2657, device='cuda:0', grad_fn=<DivBackward0>)
Memory status after this epoch: 
Memory allocated:  110.29638671875
Memory cached:  238.0
	 epoch  40 training error:  tensor(0.1230, device='cuda:0', grad_fn=<DivBackward0>)
Memory status after this epoch: 
Memory allocated:  110.29638671875
Memory cached:  238.0
	 epoch  50 training error:  tensor(0.1125, device='cuda:0', grad_fn=<DivBackward0>)
Memory status after this epoch: 
Memory allocated:  110.29638671875
Memory cached:  244.0
	 epoch  60 training error:  tensor(0.0831, device='cuda:0', grad_fn=<DivBackward0>)
Memory status after this epoch: 
Memory allocated:  110.29638671875
Memory cached:  238.0
	 epoch  70 training error:  tensor(0.0797, device='cuda:0', grad_fn=<DivBackward0>)
Memory status after this epoch: 
Memory allocated:  110.29638671875
Memory cached:  246.0
	 epoch  80 training error:  tensor(0.0719, device='cuda:0', grad_fn=<DivBackward0>)
Memory status after this epoch: 
Memory allocated:  110.29638671875
Memory cached:  240.0
	 epoch  90 training error:  tensor(0.0697, device='cuda:0', grad_fn=<DivBackward0>)
Memory status after this epoch: 
Memory allocated:  110.29638671875
Memory cached:  240.0
[I 2023-12-03 06:04:52,254] Trial 29 finished with value: 0.07065080851316452 and parameters: {'W_layers': 6, 'W_layer_units_exponent_0': 6, 'W_layer_units_exponent_1': 5, 'W_layer_units_exponent_2': 7, 'W_layer_units_exponent_3': 7, 'W_layer_units_exponent_4': 7, 'W_layer_units_exponent_5': 8, 'D_layers': 7, 'D_layer_units_exponent_0': 7, 'D_layer_units_exponent_1': 8, 'D_layer_units_exponent_2': 6, 'D_layer_units_exponent_3': 5, 'D_layer_units_exponent_4': 8, 'D_layer_units_exponent_5': 6, 'D_layer_units_exponent_6': 4, 'D_dagger_layers': 2, 'D_dagger_layer_units_exponent_0': 5, 'D_dagger_layer_units_exponent_1': 7, 'log_learning_rate': -1.7308989807168838, 'log_learning_rate_D': -4.617115574295331, 'log_learning_rate_D_dagger': -3.4783722524003986, 'training_batch_size': 11, 'training_p': 3}. Best is trial 23 with value: 0.03875265270471573.
Time for this trial:  184.18494844436646
Memory status after this trial: 
Memory allocated:  197.48583984375
Memory cached:  222.0
--------------------  Trial  30   --------------------
Start timing: 
Parameters: 
{'W_layers': 8, 'W_layer_units_exponent_0': 8, 'W_layer_units_exponent_1': 4, 'W_layer_units_exponent_2': 8, 'W_layer_units_exponent_3': 6, 'W_layer_units_exponent_4': 4, 'W_layer_units_exponent_5': 6, 'W_layer_units_exponent_6': 6, 'W_layer_units_exponent_7': 4, 'D_layers': 5, 'D_layer_units_exponent_0': 8, 'D_layer_units_exponent_1': 5, 'D_layer_units_exponent_2': 5, 'D_layer_units_exponent_3': 7, 'D_layer_units_exponent_4': 4, 'D_dagger_layers': 4, 'D_dagger_layer_units_exponent_0': 8, 'D_dagger_layer_units_exponent_1': 8, 'D_dagger_layer_units_exponent_2': 10, 'D_dagger_layer_units_exponent_3': 6, 'log_learning_rate': -3.8947993441127764, 'log_learning_rate_D': -3.3621042519286535, 'log_learning_rate_D_dagger': -2.849955628377897, 'training_batch_size': 10, 'training_p': 2}
	 epoch  0 training error:  tensor(1.0334, device='cuda:0', grad_fn=<DivBackward0>)
Memory status after this epoch: 
Memory allocated:  114.73193359375
Memory cached:  214.0
	 epoch  10 training error:  tensor(0.8623, device='cuda:0', grad_fn=<DivBackward0>)
Memory status after this epoch: 
Memory allocated:  114.73193359375
Memory cached:  244.0
	 epoch  20 training error:  tensor(0.1445, device='cuda:0', grad_fn=<DivBackward0>)
Memory status after this epoch: 
Memory allocated:  114.73193359375
Memory cached:  252.0
	 epoch  30 training error:  tensor(0.1042, device='cuda:0', grad_fn=<DivBackward0>)
Memory status after this epoch: 
Memory allocated:  114.73193359375
Memory cached:  246.0
	 epoch  40 training error:  tensor(0.0704, device='cuda:0', grad_fn=<DivBackward0>)
Memory status after this epoch: 
Memory allocated:  114.73193359375
Memory cached:  244.0
	 epoch  50 training error:  tensor(0.0608, device='cuda:0', grad_fn=<DivBackward0>)
Memory status after this epoch: 
Memory allocated:  114.73193359375
Memory cached:  252.0
	 epoch  60 training error:  tensor(0.0534, device='cuda:0', grad_fn=<DivBackward0>)
Memory status after this epoch: 
Memory allocated:  114.73193359375
Memory cached:  248.0
	 epoch  70 training error:  tensor(0.0698, device='cuda:0', grad_fn=<DivBackward0>)
Memory status after this epoch: 
Memory allocated:  114.73193359375
Memory cached:  246.0
	 epoch  80 training error:  tensor(0.0589, device='cuda:0', grad_fn=<DivBackward0>)
Memory status after this epoch: 
Memory allocated:  114.73193359375
Memory cached:  246.0
	 epoch  90 training error:  tensor(0.0409, device='cuda:0', grad_fn=<DivBackward0>)
Memory status after this epoch: 
Memory allocated:  114.73193359375
Memory cached:  250.0
[I 2023-12-03 06:08:21,521] Trial 30 finished with value: 0.04735863581299782 and parameters: {'W_layers': 8, 'W_layer_units_exponent_0': 8, 'W_layer_units_exponent_1': 4, 'W_layer_units_exponent_2': 8, 'W_layer_units_exponent_3': 6, 'W_layer_units_exponent_4': 4, 'W_layer_units_exponent_5': 6, 'W_layer_units_exponent_6': 6, 'W_layer_units_exponent_7': 4, 'D_layers': 5, 'D_layer_units_exponent_0': 8, 'D_layer_units_exponent_1': 5, 'D_layer_units_exponent_2': 5, 'D_layer_units_exponent_3': 7, 'D_layer_units_exponent_4': 4, 'D_dagger_layers': 4, 'D_dagger_layer_units_exponent_0': 8, 'D_dagger_layer_units_exponent_1': 8, 'D_dagger_layer_units_exponent_2': 10, 'D_dagger_layer_units_exponent_3': 6, 'log_learning_rate': -3.8947993441127764, 'log_learning_rate_D': -3.3621042519286535, 'log_learning_rate_D_dagger': -2.849955628377897, 'training_batch_size': 10, 'training_p': 2}. Best is trial 23 with value: 0.03875265270471573.
Time for this trial:  208.9830105304718
Memory status after this trial: 
Memory allocated:  261.6591796875
Memory cached:  266.0
--------------------  Trial  31   --------------------
Start timing: 
Parameters: 
{'W_layers': 3, 'W_layer_units_exponent_0': 7, 'W_layer_units_exponent_1': 7, 'W_layer_units_exponent_2': 6, 'D_layers': 6, 'D_layer_units_exponent_0': 6, 'D_layer_units_exponent_1': 9, 'D_layer_units_exponent_2': 7, 'D_layer_units_exponent_3': 6, 'D_layer_units_exponent_4': 9, 'D_layer_units_exponent_5': 4, 'D_dagger_layers': 3, 'D_dagger_layer_units_exponent_0': 4, 'D_dagger_layer_units_exponent_1': 7, 'D_dagger_layer_units_exponent_2': 7, 'log_learning_rate': -2.285455071042995, 'log_learning_rate_D': -3.6897326341959005, 'log_learning_rate_D_dagger': -3.045224288581945, 'training_batch_size': 9, 'training_p': 3}
	 epoch  0 training error:  tensor(0.2540, device='cuda:0', grad_fn=<DivBackward0>)
Memory status after this epoch: 
Memory allocated:  110.86669921875
Memory cached:  224.0
	 epoch  10 training error:  tensor(0.5061, device='cuda:0', grad_fn=<DivBackward0>)
Memory status after this epoch: 
Memory allocated:  110.86669921875
Memory cached:  264.0
	 epoch  20 training error:  tensor(0.2594, device='cuda:0', grad_fn=<DivBackward0>)
Memory status after this epoch: 
Memory allocated:  110.86669921875
Memory cached:  258.0
	 epoch  30 training error:  tensor(0.1634, device='cuda:0', grad_fn=<DivBackward0>)
Memory status after this epoch: 
Memory allocated:  110.86669921875
Memory cached:  266.0
	 epoch  40 training error:  tensor(0.1113, device='cuda:0', grad_fn=<DivBackward0>)
Memory status after this epoch: 
Memory allocated:  110.86669921875
Memory cached:  260.0
	 epoch  50 training error:  tensor(0.0634, device='cuda:0', grad_fn=<DivBackward0>)
Memory status after this epoch: 
Memory allocated:  110.86669921875
Memory cached:  258.0
	 epoch  60 training error:  tensor(0.0605, device='cuda:0', grad_fn=<DivBackward0>)
Memory status after this epoch: 
Memory allocated:  110.86669921875
Memory cached:  254.0
	 epoch  70 training error:  tensor(0.0544, device='cuda:0', grad_fn=<DivBackward0>)
Memory status after this epoch: 
Memory allocated:  110.86669921875
Memory cached:  262.0
	 epoch  80 training error:  tensor(0.0501, device='cuda:0', grad_fn=<DivBackward0>)
Memory status after this epoch: 
Memory allocated:  110.86669921875
Memory cached:  262.0
	 epoch  90 training error:  tensor(0.0472, device='cuda:0', grad_fn=<DivBackward0>)
Memory status after this epoch: 
Memory allocated:  110.86669921875
Memory cached:  264.0
[I 2023-12-03 06:11:04,733] Trial 31 finished with value: 0.0456685945391655 and parameters: {'W_layers': 3, 'W_layer_units_exponent_0': 7, 'W_layer_units_exponent_1': 7, 'W_layer_units_exponent_2': 6, 'D_layers': 6, 'D_layer_units_exponent_0': 6, 'D_layer_units_exponent_1': 9, 'D_layer_units_exponent_2': 7, 'D_layer_units_exponent_3': 6, 'D_layer_units_exponent_4': 9, 'D_layer_units_exponent_5': 4, 'D_dagger_layers': 3, 'D_dagger_layer_units_exponent_0': 4, 'D_dagger_layer_units_exponent_1': 7, 'D_dagger_layer_units_exponent_2': 7, 'log_learning_rate': -2.285455071042995, 'log_learning_rate_D': -3.6897326341959005, 'log_learning_rate_D_dagger': -3.045224288581945, 'training_batch_size': 9, 'training_p': 3}. Best is trial 23 with value: 0.03875265270471573.
Time for this trial:  162.899085521698
Memory status after this trial: 
Memory allocated:  208.5498046875
Memory cached:  230.0
--------------------  Trial  32   --------------------
Start timing: 
Parameters: 
{'W_layers': 5, 'W_layer_units_exponent_0': 8, 'W_layer_units_exponent_1': 4, 'W_layer_units_exponent_2': 8, 'W_layer_units_exponent_3': 5, 'W_layer_units_exponent_4': 9, 'D_layers': 4, 'D_layer_units_exponent_0': 7, 'D_layer_units_exponent_1': 8, 'D_layer_units_exponent_2': 6, 'D_layer_units_exponent_3': 9, 'D_dagger_layers': 2, 'D_dagger_layer_units_exponent_0': 5, 'D_dagger_layer_units_exponent_1': 8, 'log_learning_rate': -2.809845754992157, 'log_learning_rate_D': -4.217113416415802, 'log_learning_rate_D_dagger': -2.6405788210250685, 'training_batch_size': 11, 'training_p': 6}
	 epoch  0 training error:  tensor(0.5025, device='cuda:0', grad_fn=<DivBackward0>)
Memory status after this epoch: 
Memory allocated:  109.86279296875
Memory cached:  210.0
	 epoch  10 training error:  tensor(0.1268, device='cuda:0', grad_fn=<DivBackward0>)
Memory status after this epoch: 
Memory allocated:  109.86279296875
Memory cached:  248.0
	 epoch  20 training error:  tensor(0.3673, device='cuda:0', grad_fn=<DivBackward0>)
Memory status after this epoch: 
Memory allocated:  109.86279296875
Memory cached:  242.0
	 epoch  30 training error:  tensor(0.3031, device='cuda:0', grad_fn=<DivBackward0>)
Memory status after this epoch: 
Memory allocated:  109.86279296875
Memory cached:  234.0
	 epoch  40 training error:  tensor(0.2425, device='cuda:0', grad_fn=<DivBackward0>)
Memory status after this epoch: 
Memory allocated:  109.86279296875
Memory cached:  238.0
	 epoch  50 training error:  tensor(0.0648, device='cuda:0', grad_fn=<DivBackward0>)
Memory status after this epoch: 
Memory allocated:  109.86279296875
Memory cached:  244.0
	 epoch  60 training error:  tensor(0.0589, device='cuda:0', grad_fn=<DivBackward0>)
Memory status after this epoch: 
Memory allocated:  109.86279296875
Memory cached:  242.0
	 epoch  70 training error:  tensor(0.0573, device='cuda:0', grad_fn=<DivBackward0>)
Memory status after this epoch: 
Memory allocated:  109.86279296875
Memory cached:  238.0
	 epoch  80 training error:  tensor(0.0521, device='cuda:0', grad_fn=<DivBackward0>)
Memory status after this epoch: 
Memory allocated:  109.86279296875
Memory cached:  236.0
	 epoch  90 training error:  tensor(0.0494, device='cuda:0', grad_fn=<DivBackward0>)
Memory status after this epoch: 
Memory allocated:  109.86279296875
Memory cached:  244.0
