[I 2024-03-12 13:51:35,287] Trial 55 finished with value: 1.2180579900741577 and parameters: {'log_learning_rate': -2.2583934392284646, 'log_learning_rate_D': -3.229301221321557, 'log_learning_rate_D_dagger': -2.0387166005506105, 'training_batch_size': 10, 'training_p': 3, 'p_order_W': 3, 'p_order_D': 4, 'p_order_D_dagger': 3}. Best is trial 43 with value: 0.36884307861328125.
Time for this trial:  105.04755854606628
Memory status after this trial: 
Memory allocated:  3.3525390625
Memory cached:  6.0
--------------------  Trial  56   --------------------
Start timing: 
Parameters: 
{'log_learning_rate': -2.578094561252443, 'log_learning_rate_D': -2.9838420198074713, 'log_learning_rate_D_dagger': -1.2933828998843213, 'training_batch_size': 6, 'training_p': 5, 'p_order_W': 2, 'p_order_D': 3, 'p_order_D_dagger': 4}

	 epoch  0 training error:  tensor(13173.9170, grad_fn=<ToCopyBackward0>)
Memory status after this epoch: 
Memory allocated:  1.57568359375
Memory cached:  6.0
	 epoch  10 training error:  tensor(302.4137, grad_fn=<ToCopyBackward0>)
Memory status after this epoch: 
Memory allocated:  1.57568359375
Memory cached:  6.0
	 epoch  20 training error:  tensor(6.6596, grad_fn=<ToCopyBackward0>)
Memory status after this epoch: 
Memory allocated:  1.57568359375
Memory cached:  6.0
	 epoch  30 training error:  tensor(0.9347, grad_fn=<ToCopyBackward0>)
Memory status after this epoch: 
Memory allocated:  1.57568359375
Memory cached:  6.0
	 epoch  40 training error:  tensor(0.8052, grad_fn=<ToCopyBackward0>)
Memory status after this epoch: 
Memory allocated:  1.57568359375
Memory cached:  6.0
	 epoch  50 training error:  tensor(0.7028, grad_fn=<ToCopyBackward0>)
Memory status after this epoch: 
Memory allocated:  1.57568359375
Memory cached:  6.0
	 epoch  60 training error:  tensor(0.6265, grad_fn=<ToCopyBackward0>)
Memory status after this epoch: 
Memory allocated:  1.57568359375
Memory cached:  6.0
	 epoch  70 training error:  tensor(0.5740, grad_fn=<ToCopyBackward0>)
Memory status after this epoch: 
Memory allocated:  1.57568359375
Memory cached:  6.0
	 epoch  80 training error:  tensor(0.5392, grad_fn=<ToCopyBackward0>)
Memory status after this epoch: 
Memory allocated:  1.57568359375
Memory cached:  6.0
	 epoch  90 training error:  tensor(0.5161, grad_fn=<ToCopyBackward0>)
Memory status after this epoch: 
Memory allocated:  1.57568359375
Memory cached:  6.0
[I 2024-03-12 13:58:54,928] Trial 56 finished with value: 0.3813466727733612 and parameters: {'log_learning_rate': -2.578094561252443, 'log_learning_rate_D': -2.9838420198074713, 'log_learning_rate_D_dagger': -1.2933828998843213, 'training_batch_size': 6, 'training_p': 5, 'p_order_W': 2, 'p_order_D': 3, 'p_order_D_dagger': 4}. Best is trial 43 with value: 0.36884307861328125.
Time for this trial:  439.36855602264404
Memory status after this trial: 
Memory allocated:  3.203125
Memory cached:  6.0
--------------------  Trial  57   --------------------
Start timing: 
Parameters: 
{'log_learning_rate': -2.6620654747080303, 'log_learning_rate_D': -2.8599907159030584, 'log_learning_rate_D_dagger': -1.661659961347435, 'training_batch_size': 6, 'training_p': 4, 'p_order_W': 2, 'p_order_D': 3, 'p_order_D_dagger': 4}

	 epoch  0 training error:  tensor(26635.0098, grad_fn=<ToCopyBackward0>)
Memory status after this epoch: 
Memory allocated:  1.57568359375
Memory cached:  6.0
	 epoch  10 training error:  tensor(131.2587, grad_fn=<ToCopyBackward0>)
Memory status after this epoch: 
Memory allocated:  1.57568359375
Memory cached:  6.0
	 epoch  20 training error:  tensor(8.3782, grad_fn=<ToCopyBackward0>)
Memory status after this epoch: 
Memory allocated:  1.57568359375
Memory cached:  6.0
	 epoch  30 training error:  tensor(4.1699, grad_fn=<ToCopyBackward0>)
Memory status after this epoch: 
Memory allocated:  1.57568359375
Memory cached:  6.0
	 epoch  40 training error:  tensor(3.3080, grad_fn=<ToCopyBackward0>)
Memory status after this epoch: 
Memory allocated:  1.57568359375
Memory cached:  6.0
	 epoch  50 training error:  tensor(2.8466, grad_fn=<ToCopyBackward0>)
Memory status after this epoch: 
Memory allocated:  1.57568359375
Memory cached:  6.0
	 epoch  60 training error:  tensor(2.5208, grad_fn=<ToCopyBackward0>)
Memory status after this epoch: 
Memory allocated:  1.57568359375
Memory cached:  6.0
	 epoch  70 training error:  tensor(2.3400, grad_fn=<ToCopyBackward0>)
Memory status after this epoch: 
Memory allocated:  1.57568359375
Memory cached:  6.0
	 epoch  80 training error:  tensor(2.1622, grad_fn=<ToCopyBackward0>)
Memory status after this epoch: 
Memory allocated:  1.57568359375
Memory cached:  6.0
	 epoch  90 training error:  tensor(1.9896, grad_fn=<ToCopyBackward0>)
Memory status after this epoch: 
Memory allocated:  1.57568359375
Memory cached:  6.0
[I 2024-03-12 14:06:13,228] Trial 57 finished with value: 1.5699869394302368 and parameters: {'log_learning_rate': -2.6620654747080303, 'log_learning_rate_D': -2.8599907159030584, 'log_learning_rate_D_dagger': -1.661659961347435, 'training_batch_size': 6, 'training_p': 4, 'p_order_W': 2, 'p_order_D': 3, 'p_order_D_dagger': 4}. Best is trial 43 with value: 0.36884307861328125.
Time for this trial:  438.04821491241455
Memory status after this trial: 
Memory allocated:  3.203125
Memory cached:  6.0
--------------------  Trial  58   --------------------
Start timing: 
Parameters: 
{'log_learning_rate': -1.7955277122808508, 'log_learning_rate_D': -3.3070462110340357, 'log_learning_rate_D_dagger': -1.2834488908782125, 'training_batch_size': 6, 'training_p': 5, 'p_order_W': 3, 'p_order_D': 5, 'p_order_D_dagger': 4}

	 epoch  0 training error:  tensor(19082.2695, grad_fn=<ToCopyBackward0>)
Memory status after this epoch: 
Memory allocated:  1.94189453125
Memory cached:  6.0
[W 2024-03-12 14:06:28,765] Trial 58 failed with parameters: {'log_learning_rate': -1.7955277122808508, 'log_learning_rate_D': -3.3070462110340357, 'log_learning_rate_D_dagger': -1.2834488908782125, 'training_batch_size': 6, 'training_p': 5, 'p_order_W': 3, 'p_order_D': 5, 'p_order_D_dagger': 4} because of the following error: The value nan is not acceptable.
[W 2024-03-12 14:06:28,765] Trial 58 failed with value tensor(nan, grad_fn=<ToCopyBackward0>).
Time for this trial:  15.26102089881897
Memory status after this trial: 
Memory allocated:  3.8427734375
Memory cached:  6.0
--------------------  Trial  59   --------------------
Start timing: 
Parameters: 
{'log_learning_rate': -1.8180371988397672, 'log_learning_rate_D': -3.3744262528152396, 'log_learning_rate_D_dagger': -1.2698420955724328, 'training_batch_size': 6, 'training_p': 5, 'p_order_W': 3, 'p_order_D': 5, 'p_order_D_dagger': 4}

	 epoch  0 training error:  tensor(37973.8711, grad_fn=<ToCopyBackward0>)
Memory status after this epoch: 
Memory allocated:  1.94189453125
Memory cached:  6.0
	 epoch  10 training error:  tensor(252.2555, grad_fn=<ToCopyBackward0>)
Memory status after this epoch: 
Memory allocated:  1.94189453125
Memory cached:  6.0
	 epoch  20 training error:  tensor(1.6010, grad_fn=<ToCopyBackward0>)
Memory status after this epoch: 
Memory allocated:  1.94189453125
Memory cached:  6.0
	 epoch  30 training error:  tensor(0.9916, grad_fn=<ToCopyBackward0>)
Memory status after this epoch: 
Memory allocated:  1.94189453125
Memory cached:  6.0
	 epoch  40 training error:  tensor(0.7198, grad_fn=<ToCopyBackward0>)
Memory status after this epoch: 
Memory allocated:  1.94189453125
Memory cached:  6.0
	 epoch  50 training error:  tensor(0.6024, grad_fn=<ToCopyBackward0>)
Memory status after this epoch: 
Memory allocated:  1.94189453125
Memory cached:  6.0
	 epoch  60 training error:  tensor(0.5654, grad_fn=<ToCopyBackward0>)
Memory status after this epoch: 
Memory allocated:  1.94189453125
Memory cached:  6.0
	 epoch  70 training error:  tensor(0.5415, grad_fn=<ToCopyBackward0>)
Memory status after this epoch: 
Memory allocated:  1.94189453125
Memory cached:  6.0
	 epoch  80 training error:  tensor(0.5386, grad_fn=<ToCopyBackward0>)
Memory status after this epoch: 
Memory allocated:  1.94189453125
Memory cached:  6.0
	 epoch  90 training error:  tensor(0.5230, grad_fn=<ToCopyBackward0>)
Memory status after this epoch: 
Memory allocated:  1.94189453125
Memory cached:  6.0
[I 2024-03-12 14:14:36,236] Trial 59 finished with value: 0.4592364430427551 and parameters: {'log_learning_rate': -1.8180371988397672, 'log_learning_rate_D': -3.3744262528152396, 'log_learning_rate_D_dagger': -1.2698420955724328, 'training_batch_size': 6, 'training_p': 5, 'p_order_W': 3, 'p_order_D': 5, 'p_order_D_dagger': 4}. Best is trial 43 with value: 0.36884307861328125.
Time for this trial:  487.1903667449951
Memory status after this trial: 
Memory allocated:  3.8427734375
Memory cached:  6.0
--------------------  Trial  60   --------------------
Start timing: 
Parameters: 
{'log_learning_rate': -2.217951179965928, 'log_learning_rate_D': -3.040777144852251, 'log_learning_rate_D_dagger': -3.2668673383170876, 'training_batch_size': 8, 'training_p': 2, 'p_order_W': 3, 'p_order_D': 4, 'p_order_D_dagger': 3}

	 epoch  0 training error:  tensor(144.6847, grad_fn=<ToCopyBackward0>)
Memory status after this epoch: 
Memory allocated:  1.84228515625
Memory cached:  6.0
	 epoch  10 training error:  tensor(139.5847, grad_fn=<ToCopyBackward0>)
Memory status after this epoch: 
Memory allocated:  1.84228515625
Memory cached:  6.0
	 epoch  20 training error:  tensor(134.6919, grad_fn=<ToCopyBackward0>)
Memory status after this epoch: 
Memory allocated:  1.84228515625
Memory cached:  6.0
	 epoch  30 training error:  tensor(129.9269, grad_fn=<ToCopyBackward0>)
Memory status after this epoch: 
Memory allocated:  1.84228515625
Memory cached:  6.0
	 epoch  40 training error:  tensor(125.2812, grad_fn=<ToCopyBackward0>)
Memory status after this epoch: 
Memory allocated:  1.84228515625
Memory cached:  6.0
	 epoch  50 training error:  tensor(120.7312, grad_fn=<ToCopyBackward0>)
Memory status after this epoch: 
Memory allocated:  1.84228515625
Memory cached:  6.0
	 epoch  60 training error:  tensor(116.3100, grad_fn=<ToCopyBackward0>)
Memory status after this epoch: 
Memory allocated:  1.84228515625
Memory cached:  6.0
	 epoch  70 training error:  tensor(112.0110, grad_fn=<ToCopyBackward0>)
Memory status after this epoch: 
Memory allocated:  1.84228515625
Memory cached:  6.0
	 epoch  80 training error:  tensor(107.7902, grad_fn=<ToCopyBackward0>)
Memory status after this epoch: 
Memory allocated:  1.84228515625
Memory cached:  6.0
	 epoch  90 training error:  tensor(103.7203, grad_fn=<ToCopyBackward0>)
Memory status after this epoch: 
Memory allocated:  1.84228515625
Memory cached:  6.0
[I 2024-03-12 14:17:47,676] Trial 60 finished with value: 89.53341674804688 and parameters: {'log_learning_rate': -2.217951179965928, 'log_learning_rate_D': -3.040777144852251, 'log_learning_rate_D_dagger': -3.2668673383170876, 'training_batch_size': 8, 'training_p': 2, 'p_order_W': 3, 'p_order_D': 4, 'p_order_D_dagger': 3}. Best is trial 43 with value: 0.36884307861328125.
Time for this trial:  191.18554186820984
Memory status after this trial: 
Memory allocated:  3.3525390625
Memory cached:  6.0
--------------------  Trial  61   --------------------
Start timing: 
Parameters: 
{'log_learning_rate': -2.701986168506034, 'log_learning_rate_D': -2.6143332523905265, 'log_learning_rate_D_dagger': -1.2589045577211628, 'training_batch_size': 8, 'training_p': 7, 'p_order_W': 5, 'p_order_D': 3, 'p_order_D_dagger': 3}

	 epoch  0 training error:  tensor(168.9695, grad_fn=<ToCopyBackward0>)
Memory status after this epoch: 
Memory allocated:  1.84228515625
Memory cached:  6.0
[W 2024-03-12 14:17:59,505] Trial 61 failed with parameters: {'log_learning_rate': -2.701986168506034, 'log_learning_rate_D': -2.6143332523905265, 'log_learning_rate_D_dagger': -1.2589045577211628, 'training_batch_size': 8, 'training_p': 7, 'p_order_W': 5, 'p_order_D': 3, 'p_order_D_dagger': 3} because of the following error: The value nan is not acceptable.
[W 2024-03-12 14:17:59,505] Trial 61 failed with value tensor(nan, grad_fn=<ToCopyBackward0>).
Time for this trial:  11.583630323410034
Memory status after this trial: 
Memory allocated:  3.7412109375
Memory cached:  6.0
--------------------  Trial  62   --------------------
Start timing: 
Parameters: 
{'log_learning_rate': -2.466608636369622, 'log_learning_rate_D': -2.6198406425580743, 'log_learning_rate_D_dagger': -1.2650334737641922, 'training_batch_size': 8, 'training_p': 7, 'p_order_W': 5, 'p_order_D': 3, 'p_order_D_dagger': 3}

	 epoch  0 training error:  tensor(177.0391, grad_fn=<ToCopyBackward0>)
Memory status after this epoch: 
Memory allocated:  1.84228515625
Memory cached:  6.0
	 epoch  10 training error:  tensor(12.6562, grad_fn=<ToCopyBackward0>)
Memory status after this epoch: 
Memory allocated:  1.84228515625
Memory cached:  8.0
	 epoch  20 training error:  tensor(0.5791, grad_fn=<ToCopyBackward0>)
Memory status after this epoch: 
Memory allocated:  1.84228515625
Memory cached:  6.0
	 epoch  30 training error:  tensor(0.5636, grad_fn=<ToCopyBackward0>)
Memory status after this epoch: 
Memory allocated:  1.84228515625
Memory cached:  6.0
	 epoch  40 training error:  tensor(0.5433, grad_fn=<ToCopyBackward0>)
Memory status after this epoch: 
Memory allocated:  1.84228515625
Memory cached:  8.0
	 epoch  50 training error:  tensor(0.5368, grad_fn=<ToCopyBackward0>)
Memory status after this epoch: 
Memory allocated:  1.84228515625
Memory cached:  6.0
	 epoch  60 training error:  tensor(0.5312, grad_fn=<ToCopyBackward0>)
Memory status after this epoch: 
Memory allocated:  1.84228515625
Memory cached:  6.0
	 epoch  70 training error:  tensor(0.5279, grad_fn=<ToCopyBackward0>)
Memory status after this epoch: 
Memory allocated:  1.84228515625
Memory cached:  6.0
	 epoch  80 training error:  tensor(0.5259, grad_fn=<ToCopyBackward0>)
Memory status after this epoch: 
Memory allocated:  1.84228515625
Memory cached:  6.0
	 epoch  90 training error:  tensor(0.5242, grad_fn=<ToCopyBackward0>)
Memory status after this epoch: 
Memory allocated:  1.84228515625
Memory cached:  6.0
[I 2024-03-12 14:21:32,693] Trial 62 finished with value: 0.41058096289634705 and parameters: {'log_learning_rate': -2.466608636369622, 'log_learning_rate_D': -2.6198406425580743, 'log_learning_rate_D_dagger': -1.2650334737641922, 'training_batch_size': 8, 'training_p': 7, 'p_order_W': 5, 'p_order_D': 3, 'p_order_D_dagger': 3}. Best is trial 43 with value: 0.36884307861328125.
Time for this trial:  212.93830490112305
Memory status after this trial: 
Memory allocated:  3.7412109375
Memory cached:  6.0
--------------------  Trial  63   --------------------
Start timing: 
Parameters: 
{'log_learning_rate': -2.6899070833053123, 'log_learning_rate_D': -4.253653687119171, 'log_learning_rate_D_dagger': -1.622072010368637, 'training_batch_size': 6, 'training_p': 6, 'p_order_W': 2, 'p_order_D': 4, 'p_order_D_dagger': 4}

	 epoch  0 training error:  tensor(13118.1895, grad_fn=<ToCopyBackward0>)
Memory status after this epoch: 
Memory allocated:  1.57568359375
Memory cached:  6.0
	 epoch  10 training error:  tensor(57.0012, grad_fn=<ToCopyBackward0>)
Memory status after this epoch: 
Memory allocated:  1.57568359375
Memory cached:  6.0
	 epoch  20 training error:  tensor(11.1146, grad_fn=<ToCopyBackward0>)
Memory status after this epoch: 
Memory allocated:  1.57568359375
Memory cached:  6.0
	 epoch  30 training error:  tensor(5.9730, grad_fn=<ToCopyBackward0>)
Memory status after this epoch: 
Memory allocated:  1.57568359375
Memory cached:  6.0
	 epoch  40 training error:  tensor(4.3824, grad_fn=<ToCopyBackward0>)
Memory status after this epoch: 
Memory allocated:  1.57568359375
Memory cached:  6.0
	 epoch  50 training error:  tensor(2.1826, grad_fn=<ToCopyBackward0>)
Memory status after this epoch: 
Memory allocated:  1.57568359375
Memory cached:  6.0
	 epoch  60 training error:  tensor(0.5920, grad_fn=<ToCopyBackward0>)
Memory status after this epoch: 
Memory allocated:  1.57568359375
Memory cached:  6.0
	 epoch  70 training error:  tensor(0.5047, grad_fn=<ToCopyBackward0>)
Memory status after this epoch: 
Memory allocated:  1.57568359375
Memory cached:  6.0
	 epoch  80 training error:  tensor(0.5035, grad_fn=<ToCopyBackward0>)
Memory status after this epoch: 
Memory allocated:  1.57568359375
Memory cached:  6.0
	 epoch  90 training error:  tensor(0.5032, grad_fn=<ToCopyBackward0>)
Memory status after this epoch: 
Memory allocated:  1.57568359375
Memory cached:  6.0
[I 2024-03-12 14:28:49,468] Trial 63 finished with value: 0.36037781834602356 and parameters: {'log_learning_rate': -2.6899070833053123, 'log_learning_rate_D': -4.253653687119171, 'log_learning_rate_D_dagger': -1.622072010368637, 'training_batch_size': 6, 'training_p': 6, 'p_order_W': 2, 'p_order_D': 4, 'p_order_D_dagger': 4}. Best is trial 63 with value: 0.36037781834602356.
res:  tensor(0.3604, grad_fn=<ToCopyBackward0>)
self.bestValue:  tensor(0.3688, grad_fn=<ToCopyBackward0>)
Save this model!
Time for this trial:  436.52924156188965
Memory status after this trial: 
Memory allocated:  1.66259765625
Memory cached:  6.0
--------------------  Trial  64   --------------------
Start timing: 
Parameters: 
{'log_learning_rate': -3.1578305225956598, 'log_learning_rate_D': -4.439822633766953, 'log_learning_rate_D_dagger': -1.9407571881610828, 'training_batch_size': 7, 'training_p': 6, 'p_order_W': 4, 'p_order_D': 4, 'p_order_D_dagger': 3}

	 epoch  0 training error:  tensor(78.4024, grad_fn=<ToCopyBackward0>)
Memory status after this epoch: 
Memory allocated:  1.95947265625
Memory cached:  6.0
	 epoch  10 training error:  tensor(8.3888, grad_fn=<ToCopyBackward0>)
Memory status after this epoch: 
Memory allocated:  1.95947265625
Memory cached:  6.0
	 epoch  20 training error:  tensor(2.5024, grad_fn=<ToCopyBackward0>)
Memory status after this epoch: 
Memory allocated:  1.95947265625
Memory cached:  6.0
	 epoch  30 training error:  tensor(1.3541, grad_fn=<ToCopyBackward0>)
Memory status after this epoch: 
Memory allocated:  1.95947265625
Memory cached:  6.0
	 epoch  40 training error:  tensor(0.7285, grad_fn=<ToCopyBackward0>)
Memory status after this epoch: 
Memory allocated:  1.95947265625
Memory cached:  6.0
	 epoch  50 training error:  tensor(0.5733, grad_fn=<ToCopyBackward0>)
Memory status after this epoch: 
Memory allocated:  1.95947265625
Memory cached:  6.0
	 epoch  60 training error:  tensor(0.5679, grad_fn=<ToCopyBackward0>)
Memory status after this epoch: 
Memory allocated:  1.95947265625
Memory cached:  6.0
	 epoch  70 training error:  tensor(0.5629, grad_fn=<ToCopyBackward0>)
Memory status after this epoch: 
Memory allocated:  1.95947265625
Memory cached:  6.0
	 epoch  80 training error:  tensor(0.5578, grad_fn=<ToCopyBackward0>)
Memory status after this epoch: 
Memory allocated:  1.95947265625
Memory cached:  6.0
	 epoch  90 training error:  tensor(0.5529, grad_fn=<ToCopyBackward0>)
Memory status after this epoch: 
Memory allocated:  1.95947265625
Memory cached:  6.0
[I 2024-03-12 14:33:47,458] Trial 64 finished with value: 0.48022565245628357 and parameters: {'log_learning_rate': -3.1578305225956598, 'log_learning_rate_D': -4.439822633766953, 'log_learning_rate_D_dagger': -1.9407571881610828, 'training_batch_size': 7, 'training_p': 6, 'p_order_W': 4, 'p_order_D': 4, 'p_order_D_dagger': 3}. Best is trial 63 with value: 0.36037781834602356.
Time for this trial:  297.7484953403473
Memory status after this trial: 
Memory allocated:  3.6640625
Memory cached:  6.0
--------------------  Trial  65   --------------------
Start timing: 
Parameters: 
{'log_learning_rate': -2.71953280511657, 'log_learning_rate_D': -4.306111249144283, 'log_learning_rate_D_dagger': -2.288539105988181, 'training_batch_size': 9, 'training_p': 7, 'p_order_W': 2, 'p_order_D': 5, 'p_order_D_dagger': 2}

	 epoch  0 training error:  tensor(3.3273, grad_fn=<ToCopyBackward0>)
Memory status after this epoch: 
Memory allocated:  1.78857421875
Memory cached:  6.0
	 epoch  10 training error:  tensor(2.8105, grad_fn=<ToCopyBackward0>)
Memory status after this epoch: 
Memory allocated:  1.78857421875
Memory cached:  6.0
	 epoch  20 training error:  tensor(2.3469, grad_fn=<ToCopyBackward0>)
Memory status after this epoch: 
Memory allocated:  1.78857421875
Memory cached:  6.0
	 epoch  30 training error:  tensor(1.9420, grad_fn=<ToCopyBackward0>)
Memory status after this epoch: 
Memory allocated:  1.78857421875
Memory cached:  6.0
	 epoch  40 training error:  tensor(1.6027, grad_fn=<ToCopyBackward0>)
Memory status after this epoch: 
Memory allocated:  1.78857421875
Memory cached:  6.0
	 epoch  50 training error:  tensor(1.3329, grad_fn=<ToCopyBackward0>)
Memory status after this epoch: 
Memory allocated:  1.78857421875
Memory cached:  6.0
	 epoch  60 training error:  tensor(1.1245, grad_fn=<ToCopyBackward0>)
Memory status after this epoch: 
Memory allocated:  1.78857421875
Memory cached:  6.0
	 epoch  70 training error:  tensor(0.9683, grad_fn=<ToCopyBackward0>)
Memory status after this epoch: 
Memory allocated:  1.78857421875
Memory cached:  6.0
	 epoch  80 training error:  tensor(0.8545, grad_fn=<ToCopyBackward0>)
Memory status after this epoch: 
Memory allocated:  1.78857421875
Memory cached:  6.0
	 epoch  90 training error:  tensor(0.7732, grad_fn=<ToCopyBackward0>)
Memory status after this epoch: 
Memory allocated:  1.78857421875
Memory cached:  6.0
