[I 2023-12-05 01:47:53,441] Trial 70 finished with value: 0.15238730609416962 and parameters: {'W_layers': 3, 'W_layer_units_exponent_0': 10, 'W_layer_units_exponent_1': 4, 'W_layer_units_exponent_2': 5, 'D_layers': 2, 'D_layer_units_exponent_0': 9, 'D_layer_units_exponent_1': 7, 'log_learning_rate': -2.9055790329707816, 'log_learning_rate_D': -3.170249088353109, 'training_batch_size': 9, 'training_p': 6}. Best is trial 33 with value: 0.05789090320467949.
Time for this trial:  35.15889930725098
Memory status after this trial: 
Memory allocated:  98.275390625
Memory cached:  100.0
--------------------  Trial  71   --------------------
Start timing: 
Parameters: 
{'W_layers': 4, 'W_layer_units_exponent_0': 10, 'W_layer_units_exponent_1': 5, 'W_layer_units_exponent_2': 4, 'W_layer_units_exponent_3': 6, 'D_layers': 3, 'D_layer_units_exponent_0': 8, 'D_layer_units_exponent_1': 8, 'D_layer_units_exponent_2': 9, 'log_learning_rate': -2.621823312338476, 'log_learning_rate_D': -2.9382747397563853, 'training_batch_size': 10, 'training_p': 2}
	 epoch  0 training error:  tensor(1.0056, device='cuda:0', grad_fn=<DivBackward0>)
Memory status after this epoch: 
Memory allocated:  62.02294921875
Memory cached:  90.0
	 epoch  10 training error:  tensor(0.6249, device='cuda:0', grad_fn=<DivBackward0>)
Memory status after this epoch: 
Memory allocated:  62.02294921875
Memory cached:  90.0
	 epoch  20 training error:  tensor(0.5248, device='cuda:0', grad_fn=<DivBackward0>)
Memory status after this epoch: 
Memory allocated:  62.02294921875
Memory cached:  90.0
	 epoch  30 training error:  tensor(0.2584, device='cuda:0', grad_fn=<DivBackward0>)
Memory status after this epoch: 
Memory allocated:  62.02294921875
Memory cached:  90.0
	 epoch  40 training error:  tensor(0.1342, device='cuda:0', grad_fn=<DivBackward0>)
Memory status after this epoch: 
Memory allocated:  62.02294921875
Memory cached:  90.0
	 epoch  50 training error:  tensor(0.2076, device='cuda:0', grad_fn=<DivBackward0>)
Memory status after this epoch: 
Memory allocated:  62.02294921875
Memory cached:  90.0
	 epoch  60 training error:  tensor(0.2420, device='cuda:0', grad_fn=<DivBackward0>)
Memory status after this epoch: 
Memory allocated:  62.02294921875
Memory cached:  90.0
	 epoch  70 training error:  tensor(0.2066, device='cuda:0', grad_fn=<DivBackward0>)
Memory status after this epoch: 
Memory allocated:  62.02294921875
Memory cached:  90.0
	 epoch  80 training error:  tensor(0.0999, device='cuda:0', grad_fn=<DivBackward0>)
Memory status after this epoch: 
Memory allocated:  62.02294921875
Memory cached:  90.0
	 epoch  90 training error:  tensor(0.1226, device='cuda:0', grad_fn=<DivBackward0>)
Memory status after this epoch: 
Memory allocated:  62.02294921875
Memory cached:  90.0
[I 2023-12-05 01:48:33,767] Trial 71 finished with value: 0.08716510981321335 and parameters: {'W_layers': 4, 'W_layer_units_exponent_0': 10, 'W_layer_units_exponent_1': 5, 'W_layer_units_exponent_2': 4, 'W_layer_units_exponent_3': 6, 'D_layers': 3, 'D_layer_units_exponent_0': 8, 'D_layer_units_exponent_1': 8, 'D_layer_units_exponent_2': 9, 'log_learning_rate': -2.621823312338476, 'log_learning_rate_D': -2.9382747397563853, 'training_batch_size': 10, 'training_p': 2}. Best is trial 33 with value: 0.05789090320467949.
Time for this trial:  40.162248373031616
Memory status after this trial: 
Memory allocated:  109.5751953125
Memory cached:  112.0
--------------------  Trial  72   --------------------
Start timing: 
Parameters: 
{'W_layers': 4, 'W_layer_units_exponent_0': 10, 'W_layer_units_exponent_1': 5, 'W_layer_units_exponent_2': 4, 'W_layer_units_exponent_3': 6, 'D_layers': 3, 'D_layer_units_exponent_0': 8, 'D_layer_units_exponent_1': 8, 'D_layer_units_exponent_2': 9, 'log_learning_rate': -2.5643742840564467, 'log_learning_rate_D': -2.9616757201264168, 'training_batch_size': 10, 'training_p': 2}
	 epoch  0 training error:  tensor(1.1187, device='cuda:0', grad_fn=<DivBackward0>)
Memory status after this epoch: 
Memory allocated:  62.02294921875
Memory cached:  90.0
	 epoch  10 training error:  tensor(0.7266, device='cuda:0', grad_fn=<DivBackward0>)
Memory status after this epoch: 
Memory allocated:  62.02294921875
Memory cached:  90.0
	 epoch  20 training error:  tensor(0.5555, device='cuda:0', grad_fn=<DivBackward0>)
Memory status after this epoch: 
Memory allocated:  62.02294921875
Memory cached:  90.0
	 epoch  30 training error:  tensor(0.3810, device='cuda:0', grad_fn=<DivBackward0>)
Memory status after this epoch: 
Memory allocated:  62.02294921875
Memory cached:  90.0
	 epoch  40 training error:  tensor(0.3290, device='cuda:0', grad_fn=<DivBackward0>)
Memory status after this epoch: 
Memory allocated:  62.02294921875
Memory cached:  90.0
	 epoch  50 training error:  tensor(0.3772, device='cuda:0', grad_fn=<DivBackward0>)
Memory status after this epoch: 
Memory allocated:  62.02294921875
Memory cached:  90.0
	 epoch  60 training error:  tensor(0.2850, device='cuda:0', grad_fn=<DivBackward0>)
Memory status after this epoch: 
Memory allocated:  62.02294921875
Memory cached:  90.0
	 epoch  70 training error:  tensor(0.1404, device='cuda:0', grad_fn=<DivBackward0>)
Memory status after this epoch: 
Memory allocated:  62.02294921875
Memory cached:  90.0
	 epoch  80 training error:  tensor(0.2261, device='cuda:0', grad_fn=<DivBackward0>)
Memory status after this epoch: 
Memory allocated:  62.02294921875
Memory cached:  90.0
	 epoch  90 training error:  tensor(0.1117, device='cuda:0', grad_fn=<DivBackward0>)
Memory status after this epoch: 
Memory allocated:  62.02294921875
Memory cached:  90.0
[I 2023-12-05 01:49:13,682] Trial 72 finished with value: 0.09883453696966171 and parameters: {'W_layers': 4, 'W_layer_units_exponent_0': 10, 'W_layer_units_exponent_1': 5, 'W_layer_units_exponent_2': 4, 'W_layer_units_exponent_3': 6, 'D_layers': 3, 'D_layer_units_exponent_0': 8, 'D_layer_units_exponent_1': 8, 'D_layer_units_exponent_2': 9, 'log_learning_rate': -2.5643742840564467, 'log_learning_rate_D': -2.9616757201264168, 'training_batch_size': 10, 'training_p': 2}. Best is trial 33 with value: 0.05789090320467949.
Time for this trial:  39.73353981971741
Memory status after this trial: 
Memory allocated:  109.5751953125
Memory cached:  112.0
--------------------  Trial  73   --------------------
Start timing: 
Parameters: 
{'W_layers': 4, 'W_layer_units_exponent_0': 10, 'W_layer_units_exponent_1': 9, 'W_layer_units_exponent_2': 4, 'W_layer_units_exponent_3': 6, 'D_layers': 3, 'D_layer_units_exponent_0': 8, 'D_layer_units_exponent_1': 8, 'D_layer_units_exponent_2': 9, 'log_learning_rate': -2.5537042730462063, 'log_learning_rate_D': -2.77115220108127, 'training_batch_size': 10, 'training_p': 2}
	 epoch  0 training error:  tensor(1.0626, device='cuda:0', grad_fn=<DivBackward0>)
Memory status after this epoch: 
Memory allocated:  69.64599609375
Memory cached:  108.0
	 epoch  10 training error:  tensor(0.6910, device='cuda:0', grad_fn=<DivBackward0>)
Memory status after this epoch: 
Memory allocated:  69.64599609375
Memory cached:  110.0
	 epoch  20 training error:  tensor(0.6108, device='cuda:0', grad_fn=<DivBackward0>)
Memory status after this epoch: 
Memory allocated:  69.64599609375
Memory cached:  110.0
	 epoch  30 training error:  tensor(0.6032, device='cuda:0', grad_fn=<DivBackward0>)
Memory status after this epoch: 
Memory allocated:  69.64599609375
Memory cached:  110.0
	 epoch  40 training error:  tensor(0.2601, device='cuda:0', grad_fn=<DivBackward0>)
Memory status after this epoch: 
Memory allocated:  69.64599609375
Memory cached:  110.0
	 epoch  50 training error:  tensor(0.2521, device='cuda:0', grad_fn=<DivBackward0>)
Memory status after this epoch: 
Memory allocated:  69.64599609375
Memory cached:  110.0
	 epoch  60 training error:  tensor(0.3010, device='cuda:0', grad_fn=<DivBackward0>)
Memory status after this epoch: 
Memory allocated:  69.64599609375
Memory cached:  110.0
	 epoch  70 training error:  tensor(0.1498, device='cuda:0', grad_fn=<DivBackward0>)
Memory status after this epoch: 
Memory allocated:  69.64599609375
Memory cached:  110.0
	 epoch  80 training error:  tensor(0.0921, device='cuda:0', grad_fn=<DivBackward0>)
Memory status after this epoch: 
Memory allocated:  69.64599609375
Memory cached:  110.0
	 epoch  90 training error:  tensor(0.0909, device='cuda:0', grad_fn=<DivBackward0>)
Memory status after this epoch: 
Memory allocated:  69.64599609375
Memory cached:  110.0
[I 2023-12-05 01:49:55,284] Trial 73 finished with value: 0.13355539739131927 and parameters: {'W_layers': 4, 'W_layer_units_exponent_0': 10, 'W_layer_units_exponent_1': 9, 'W_layer_units_exponent_2': 4, 'W_layer_units_exponent_3': 6, 'D_layers': 3, 'D_layer_units_exponent_0': 8, 'D_layer_units_exponent_1': 8, 'D_layer_units_exponent_2': 9, 'log_learning_rate': -2.5537042730462063, 'log_learning_rate_D': -2.77115220108127, 'training_batch_size': 10, 'training_p': 2}. Best is trial 33 with value: 0.05789090320467949.
Time for this trial:  41.417375564575195
Memory status after this trial: 
Memory allocated:  124.373046875
Memory cached:  144.0
--------------------  Trial  74   --------------------
Start timing: 
Parameters: 
{'W_layers': 5, 'W_layer_units_exponent_0': 10, 'W_layer_units_exponent_1': 5, 'W_layer_units_exponent_2': 4, 'W_layer_units_exponent_3': 6, 'W_layer_units_exponent_4': 6, 'D_layers': 4, 'D_layer_units_exponent_0': 8, 'D_layer_units_exponent_1': 8, 'D_layer_units_exponent_2': 9, 'D_layer_units_exponent_3': 4, 'log_learning_rate': -2.63434639051482, 'log_learning_rate_D': -2.5026754628347168, 'training_batch_size': 10, 'training_p': 2}
	 epoch  0 training error:  tensor(0.9478, device='cuda:0', grad_fn=<DivBackward0>)
Memory status after this epoch: 
Memory allocated:  62.20849609375
Memory cached:  92.0
	 epoch  10 training error:  tensor(0.6976, device='cuda:0', grad_fn=<DivBackward0>)
Memory status after this epoch: 
Memory allocated:  62.20849609375
Memory cached:  92.0
	 epoch  20 training error:  tensor(0.4854, device='cuda:0', grad_fn=<DivBackward0>)
Memory status after this epoch: 
Memory allocated:  62.20849609375
Memory cached:  92.0
	 epoch  30 training error:  tensor(0.3416, device='cuda:0', grad_fn=<DivBackward0>)
Memory status after this epoch: 
Memory allocated:  62.20849609375
Memory cached:  92.0
	 epoch  40 training error:  tensor(0.3214, device='cuda:0', grad_fn=<DivBackward0>)
Memory status after this epoch: 
Memory allocated:  62.20849609375
Memory cached:  92.0
	 epoch  50 training error:  tensor(0.2268, device='cuda:0', grad_fn=<DivBackward0>)
Memory status after this epoch: 
Memory allocated:  62.20849609375
Memory cached:  92.0
	 epoch  60 training error:  tensor(0.2006, device='cuda:0', grad_fn=<DivBackward0>)
Memory status after this epoch: 
Memory allocated:  62.20849609375
Memory cached:  92.0
	 epoch  70 training error:  tensor(0.0885, device='cuda:0', grad_fn=<DivBackward0>)
Memory status after this epoch: 
Memory allocated:  62.20849609375
Memory cached:  92.0
	 epoch  80 training error:  tensor(0.3393, device='cuda:0', grad_fn=<DivBackward0>)
Memory status after this epoch: 
Memory allocated:  62.20849609375
Memory cached:  92.0
	 epoch  90 training error:  tensor(0.1032, device='cuda:0', grad_fn=<DivBackward0>)
Memory status after this epoch: 
Memory allocated:  62.20849609375
Memory cached:  92.0
[I 2023-12-05 01:50:39,342] Trial 74 finished with value: 0.14608310163021088 and parameters: {'W_layers': 5, 'W_layer_units_exponent_0': 10, 'W_layer_units_exponent_1': 5, 'W_layer_units_exponent_2': 4, 'W_layer_units_exponent_3': 6, 'W_layer_units_exponent_4': 6, 'D_layers': 4, 'D_layer_units_exponent_0': 8, 'D_layer_units_exponent_1': 8, 'D_layer_units_exponent_2': 9, 'D_layer_units_exponent_3': 4, 'log_learning_rate': -2.63434639051482, 'log_learning_rate_D': -2.5026754628347168, 'training_batch_size': 10, 'training_p': 2}. Best is trial 33 with value: 0.05789090320467949.
Time for this trial:  43.86496353149414
Memory status after this trial: 
Memory allocated:  111.56787109375
Memory cached:  114.0
--------------------  Trial  75   --------------------
Start timing: 
Parameters: 
{'W_layers': 4, 'W_layer_units_exponent_0': 10, 'W_layer_units_exponent_1': 4, 'W_layer_units_exponent_2': 5, 'W_layer_units_exponent_3': 5, 'D_layers': 2, 'D_layer_units_exponent_0': 7, 'D_layer_units_exponent_1': 7, 'log_learning_rate': -2.819184214857079, 'log_learning_rate_D': -2.9400377699213087, 'training_batch_size': 10, 'training_p': 2}
	 epoch  0 training error:  tensor(0.9079, device='cuda:0', grad_fn=<DivBackward0>)
Memory status after this epoch: 
Memory allocated:  58.99951171875
Memory cached:  92.0
	 epoch  10 training error:  tensor(0.6978, device='cuda:0', grad_fn=<DivBackward0>)
Memory status after this epoch: 
Memory allocated:  58.99951171875
Memory cached:  94.0
	 epoch  20 training error:  tensor(0.6230, device='cuda:0', grad_fn=<DivBackward0>)
Memory status after this epoch: 
Memory allocated:  58.99951171875
Memory cached:  94.0
	 epoch  30 training error:  tensor(0.5770, device='cuda:0', grad_fn=<DivBackward0>)
Memory status after this epoch: 
Memory allocated:  58.99951171875
Memory cached:  94.0
	 epoch  40 training error:  tensor(0.5205, device='cuda:0', grad_fn=<DivBackward0>)
Memory status after this epoch: 
Memory allocated:  58.99951171875
Memory cached:  94.0
	 epoch  50 training error:  tensor(0.4357, device='cuda:0', grad_fn=<DivBackward0>)
Memory status after this epoch: 
Memory allocated:  58.99951171875
Memory cached:  94.0
	 epoch  60 training error:  tensor(0.1651, device='cuda:0', grad_fn=<DivBackward0>)
Memory status after this epoch: 
Memory allocated:  58.99951171875
Memory cached:  94.0
	 epoch  70 training error:  tensor(0.1267, device='cuda:0', grad_fn=<DivBackward0>)
Memory status after this epoch: 
Memory allocated:  58.99951171875
Memory cached:  94.0
	 epoch  80 training error:  tensor(0.1128, device='cuda:0', grad_fn=<DivBackward0>)
Memory status after this epoch: 
Memory allocated:  58.99951171875
Memory cached:  94.0
	 epoch  90 training error:  tensor(0.1185, device='cuda:0', grad_fn=<DivBackward0>)
Memory status after this epoch: 
Memory allocated:  58.99951171875
Memory cached:  94.0
[I 2023-12-05 01:51:15,805] Trial 75 finished with value: 0.0675118938088417 and parameters: {'W_layers': 4, 'W_layer_units_exponent_0': 10, 'W_layer_units_exponent_1': 4, 'W_layer_units_exponent_2': 5, 'W_layer_units_exponent_3': 5, 'D_layers': 2, 'D_layer_units_exponent_0': 7, 'D_layer_units_exponent_1': 7, 'log_learning_rate': -2.819184214857079, 'log_learning_rate_D': -2.9400377699213087, 'training_batch_size': 10, 'training_p': 2}. Best is trial 33 with value: 0.05789090320467949.
Time for this trial:  36.29091739654541
Memory status after this trial: 
Memory allocated:  89.9287109375
Memory cached:  92.0
--------------------  Trial  76   --------------------
Start timing: 
Parameters: 
{'W_layers': 4, 'W_layer_units_exponent_0': 9, 'W_layer_units_exponent_1': 4, 'W_layer_units_exponent_2': 5, 'W_layer_units_exponent_3': 5, 'D_layers': 3, 'D_layer_units_exponent_0': 7, 'D_layer_units_exponent_1': 7, 'D_layer_units_exponent_2': 10, 'log_learning_rate': -2.8025680418688497, 'log_learning_rate_D': -2.669807826129745, 'training_batch_size': 10, 'training_p': 2}
	 epoch  0 training error:  tensor(1.1366, device='cuda:0', grad_fn=<DivBackward0>)
Memory status after this epoch: 
Memory allocated:  60.87255859375
Memory cached:  90.0
	 epoch  10 training error:  tensor(0.7127, device='cuda:0', grad_fn=<DivBackward0>)
Memory status after this epoch: 
Memory allocated:  60.87255859375
Memory cached:  90.0
	 epoch  20 training error:  tensor(0.6471, device='cuda:0', grad_fn=<DivBackward0>)
Memory status after this epoch: 
Memory allocated:  60.87255859375
Memory cached:  90.0
	 epoch  30 training error:  tensor(0.5983, device='cuda:0', grad_fn=<DivBackward0>)
Memory status after this epoch: 
Memory allocated:  60.87255859375
Memory cached:  90.0
	 epoch  40 training error:  tensor(0.5529, device='cuda:0', grad_fn=<DivBackward0>)
Memory status after this epoch: 
Memory allocated:  60.87255859375
Memory cached:  90.0
	 epoch  50 training error:  tensor(0.4693, device='cuda:0', grad_fn=<DivBackward0>)
Memory status after this epoch: 
Memory allocated:  60.87255859375
Memory cached:  90.0
	 epoch  60 training error:  tensor(0.3099, device='cuda:0', grad_fn=<DivBackward0>)
Memory status after this epoch: 
Memory allocated:  60.87255859375
Memory cached:  90.0
	 epoch  70 training error:  tensor(0.2189, device='cuda:0', grad_fn=<DivBackward0>)
Memory status after this epoch: 
Memory allocated:  60.87255859375
Memory cached:  90.0
	 epoch  80 training error:  tensor(0.1746, device='cuda:0', grad_fn=<DivBackward0>)
Memory status after this epoch: 
Memory allocated:  60.87255859375
Memory cached:  90.0
	 epoch  90 training error:  tensor(0.1112, device='cuda:0', grad_fn=<DivBackward0>)
Memory status after this epoch: 
Memory allocated:  60.87255859375
Memory cached:  90.0
[I 2023-12-05 01:51:55,592] Trial 76 finished with value: 0.15016834437847137 and parameters: {'W_layers': 4, 'W_layer_units_exponent_0': 9, 'W_layer_units_exponent_1': 4, 'W_layer_units_exponent_2': 5, 'W_layer_units_exponent_3': 5, 'D_layers': 3, 'D_layer_units_exponent_0': 7, 'D_layer_units_exponent_1': 7, 'D_layer_units_exponent_2': 10, 'log_learning_rate': -2.8025680418688497, 'log_learning_rate_D': -2.669807826129745, 'training_batch_size': 10, 'training_p': 2}. Best is trial 33 with value: 0.05789090320467949.
Time for this trial:  39.59340810775757
Memory status after this trial: 
Memory allocated:  102.349609375
Memory cached:  104.0
--------------------  Trial  77   --------------------
Start timing: 
Parameters: 
{'W_layers': 5, 'W_layer_units_exponent_0': 10, 'W_layer_units_exponent_1': 6, 'W_layer_units_exponent_2': 5, 'W_layer_units_exponent_3': 6, 'W_layer_units_exponent_4': 9, 'D_layers': 3, 'D_layer_units_exponent_0': 7, 'D_layer_units_exponent_1': 7, 'D_layer_units_exponent_2': 9, 'log_learning_rate': -2.9949926773875357, 'log_learning_rate_D': -2.9291321227453677, 'training_batch_size': 10, 'training_p': 2}
	 epoch  0 training error:  tensor(0.9829, device='cuda:0', grad_fn=<DivBackward0>)
Memory status after this epoch: 
Memory allocated:  61.31591796875
Memory cached:  88.0
	 epoch  10 training error:  tensor(0.7337, device='cuda:0', grad_fn=<DivBackward0>)
Memory status after this epoch: 
Memory allocated:  61.31591796875
Memory cached:  88.0
	 epoch  20 training error:  tensor(0.6060, device='cuda:0', grad_fn=<DivBackward0>)
Memory status after this epoch: 
Memory allocated:  61.31591796875
Memory cached:  88.0
	 epoch  30 training error:  tensor(0.4404, device='cuda:0', grad_fn=<DivBackward0>)
Memory status after this epoch: 
Memory allocated:  61.31591796875
Memory cached:  88.0
	 epoch  40 training error:  tensor(0.3063, device='cuda:0', grad_fn=<DivBackward0>)
Memory status after this epoch: 
Memory allocated:  61.31591796875
Memory cached:  88.0
	 epoch  50 training error:  tensor(0.1712, device='cuda:0', grad_fn=<DivBackward0>)
Memory status after this epoch: 
Memory allocated:  61.31591796875
Memory cached:  88.0
	 epoch  60 training error:  tensor(0.1942, device='cuda:0', grad_fn=<DivBackward0>)
Memory status after this epoch: 
Memory allocated:  61.31591796875
Memory cached:  88.0
	 epoch  70 training error:  tensor(0.1722, device='cuda:0', grad_fn=<DivBackward0>)
Memory status after this epoch: 
Memory allocated:  61.31591796875
Memory cached:  88.0
	 epoch  80 training error:  tensor(0.1428, device='cuda:0', grad_fn=<DivBackward0>)
Memory status after this epoch: 
Memory allocated:  61.31591796875
Memory cached:  88.0
	 epoch  90 training error:  tensor(0.1048, device='cuda:0', grad_fn=<DivBackward0>)
Memory status after this epoch: 
Memory allocated:  61.31591796875
Memory cached:  88.0
