[I 2023-12-05 01:19:19,927] Trial 26 finished with value: 0.40076977014541626 and parameters: {'W_layers': 3, 'W_layer_units_exponent_0': 5, 'W_layer_units_exponent_1': 4, 'W_layer_units_exponent_2': 8, 'D_layers': 6, 'D_layer_units_exponent_0': 5, 'D_layer_units_exponent_1': 10, 'D_layer_units_exponent_2': 5, 'D_layer_units_exponent_3': 9, 'D_layer_units_exponent_4': 8, 'D_layer_units_exponent_5': 10, 'log_learning_rate': -2.601502191910896, 'log_learning_rate_D': -2.8672108378660024, 'training_batch_size': 6, 'training_p': 5}. Best is trial 21 with value: 0.11125688999891281.
Time for this trial:  70.0316812992096
Memory status after this trial: 
Memory allocated:  97.05224609375
Memory cached:  102.0
--------------------  Trial  27   --------------------
Start timing: 
Parameters: 
{'W_layers': 4, 'W_layer_units_exponent_0': 9, 'W_layer_units_exponent_1': 5, 'W_layer_units_exponent_2': 5, 'W_layer_units_exponent_3': 8, 'D_layers': 4, 'D_layer_units_exponent_0': 7, 'D_layer_units_exponent_1': 9, 'D_layer_units_exponent_2': 4, 'D_layer_units_exponent_3': 7, 'log_learning_rate': -1.7306127327192824, 'log_learning_rate_D': -2.5554467789614517, 'training_batch_size': 7, 'training_p': 3}
	 epoch  0 training error:  tensor(0.9934, device='cuda:0', grad_fn=<DivBackward0>)
Memory status after this epoch: 
Memory allocated:  22.5849609375
Memory cached:  104.0
	 epoch  10 training error:  tensor(0.9649, device='cuda:0', grad_fn=<DivBackward0>)
Memory status after this epoch: 
Memory allocated:  22.5849609375
Memory cached:  104.0
	 epoch  20 training error:  tensor(0.7029, device='cuda:0', grad_fn=<DivBackward0>)
Memory status after this epoch: 
Memory allocated:  22.5849609375
Memory cached:  104.0
	 epoch  30 training error:  tensor(0.5125, device='cuda:0', grad_fn=<DivBackward0>)
Memory status after this epoch: 
Memory allocated:  22.5849609375
Memory cached:  104.0
	 epoch  40 training error:  tensor(0.5259, device='cuda:0', grad_fn=<DivBackward0>)
Memory status after this epoch: 
Memory allocated:  22.5849609375
Memory cached:  104.0
	 epoch  50 training error:  tensor(0.5721, device='cuda:0', grad_fn=<DivBackward0>)
Memory status after this epoch: 
Memory allocated:  22.5849609375
Memory cached:  104.0
	 epoch  60 training error:  tensor(0.4344, device='cuda:0', grad_fn=<DivBackward0>)
Memory status after this epoch: 
Memory allocated:  22.5849609375
Memory cached:  104.0
	 epoch  70 training error:  tensor(0.2633, device='cuda:0', grad_fn=<DivBackward0>)
Memory status after this epoch: 
Memory allocated:  22.5849609375
Memory cached:  104.0
	 epoch  80 training error:  tensor(0.2619, device='cuda:0', grad_fn=<DivBackward0>)
Memory status after this epoch: 
Memory allocated:  22.5849609375
Memory cached:  104.0
	 epoch  90 training error:  tensor(0.2148, device='cuda:0', grad_fn=<DivBackward0>)
Memory status after this epoch: 
Memory allocated:  22.5849609375
Memory cached:  104.0
[I 2023-12-05 01:20:00,591] Trial 27 finished with value: 0.15292267501354218 and parameters: {'W_layers': 4, 'W_layer_units_exponent_0': 9, 'W_layer_units_exponent_1': 5, 'W_layer_units_exponent_2': 5, 'W_layer_units_exponent_3': 8, 'D_layers': 4, 'D_layer_units_exponent_0': 7, 'D_layer_units_exponent_1': 9, 'D_layer_units_exponent_2': 4, 'D_layer_units_exponent_3': 7, 'log_learning_rate': -1.7306127327192824, 'log_learning_rate_D': -2.5554467789614517, 'training_batch_size': 7, 'training_p': 3}. Best is trial 21 with value: 0.11125688999891281.
Time for this trial:  40.51124620437622
Memory status after this trial: 
Memory allocated:  58.7490234375
Memory cached:  104.0
--------------------  Trial  28   --------------------
Start timing: 
Parameters: 
{'W_layers': 5, 'W_layer_units_exponent_0': 9, 'W_layer_units_exponent_1': 5, 'W_layer_units_exponent_2': 4, 'W_layer_units_exponent_3': 8, 'W_layer_units_exponent_4': 9, 'D_layers': 4, 'D_layer_units_exponent_0': 9, 'D_layer_units_exponent_1': 9, 'D_layer_units_exponent_2': 5, 'D_layer_units_exponent_3': 7, 'log_learning_rate': -1.685641678451418, 'log_learning_rate_D': -2.550914361231411, 'training_batch_size': 7, 'training_p': 4}
	 epoch  0 training error:  tensor(1.0004, device='cuda:0', grad_fn=<DivBackward0>)
Memory status after this epoch: 
Memory allocated:  27.7060546875
Memory cached:  104.0
	 epoch  10 training error:  tensor(5.8709, device='cuda:0', grad_fn=<DivBackward0>)
Memory status after this epoch: 
Memory allocated:  27.7060546875
Memory cached:  106.0
	 epoch  20 training error:  tensor(1.7420, device='cuda:0', grad_fn=<DivBackward0>)
Memory status after this epoch: 
Memory allocated:  27.7060546875
Memory cached:  106.0
	 epoch  30 training error:  tensor(0.8615, device='cuda:0', grad_fn=<DivBackward0>)
Memory status after this epoch: 
Memory allocated:  27.7060546875
Memory cached:  106.0
	 epoch  40 training error:  tensor(0.8869, device='cuda:0', grad_fn=<DivBackward0>)
Memory status after this epoch: 
Memory allocated:  27.7060546875
Memory cached:  106.0
	 epoch  50 training error:  tensor(1.0928, device='cuda:0', grad_fn=<DivBackward0>)
Memory status after this epoch: 
Memory allocated:  27.7060546875
Memory cached:  106.0
	 epoch  60 training error:  tensor(0.9606, device='cuda:0', grad_fn=<DivBackward0>)
Memory status after this epoch: 
Memory allocated:  27.7060546875
Memory cached:  106.0
	 epoch  70 training error:  tensor(1.0842, device='cuda:0', grad_fn=<DivBackward0>)
Memory status after this epoch: 
Memory allocated:  27.7060546875
Memory cached:  106.0
	 epoch  80 training error:  tensor(0.9202, device='cuda:0', grad_fn=<DivBackward0>)
Memory status after this epoch: 
Memory allocated:  27.7060546875
Memory cached:  106.0
	 epoch  90 training error:  tensor(1.0734, device='cuda:0', grad_fn=<DivBackward0>)
Memory status after this epoch: 
Memory allocated:  27.7060546875
Memory cached:  106.0
[I 2023-12-05 01:20:45,095] Trial 28 finished with value: 0.9303442239761353 and parameters: {'W_layers': 5, 'W_layer_units_exponent_0': 9, 'W_layer_units_exponent_1': 5, 'W_layer_units_exponent_2': 4, 'W_layer_units_exponent_3': 8, 'W_layer_units_exponent_4': 9, 'D_layers': 4, 'D_layer_units_exponent_0': 9, 'D_layer_units_exponent_1': 9, 'D_layer_units_exponent_2': 5, 'D_layer_units_exponent_3': 7, 'log_learning_rate': -1.685641678451418, 'log_learning_rate_D': -2.550914361231411, 'training_batch_size': 7, 'training_p': 4}. Best is trial 21 with value: 0.11125688999891281.
Time for this trial:  44.3464081287384
Memory status after this trial: 
Memory allocated:  81.7265625
Memory cached:  104.0
--------------------  Trial  29   --------------------
Start timing: 
Parameters: 
{'W_layers': 4, 'W_layer_units_exponent_0': 9, 'W_layer_units_exponent_1': 5, 'W_layer_units_exponent_2': 5, 'W_layer_units_exponent_3': 8, 'D_layers': 5, 'D_layer_units_exponent_0': 7, 'D_layer_units_exponent_1': 10, 'D_layer_units_exponent_2': 4, 'D_layer_units_exponent_3': 6, 'D_layer_units_exponent_4': 4, 'log_learning_rate': -2.180544228062879, 'log_learning_rate_D': -2.3325691522149397, 'training_batch_size': 8, 'training_p': 2}
	 epoch  0 training error:  tensor(0.9972, device='cuda:0', grad_fn=<DivBackward0>)
Memory status after this epoch: 
Memory allocated:  23.7197265625
Memory cached:  104.0
	 epoch  10 training error:  tensor(0.8697, device='cuda:0', grad_fn=<DivBackward0>)
Memory status after this epoch: 
Memory allocated:  23.7197265625
Memory cached:  106.0
	 epoch  20 training error:  tensor(0.6580, device='cuda:0', grad_fn=<DivBackward0>)
Memory status after this epoch: 
Memory allocated:  23.7197265625
Memory cached:  106.0
	 epoch  30 training error:  tensor(0.5535, device='cuda:0', grad_fn=<DivBackward0>)
Memory status after this epoch: 
Memory allocated:  23.7197265625
Memory cached:  106.0
	 epoch  40 training error:  tensor(0.2872, device='cuda:0', grad_fn=<DivBackward0>)
Memory status after this epoch: 
Memory allocated:  23.7197265625
Memory cached:  106.0
	 epoch  50 training error:  tensor(0.5747, device='cuda:0', grad_fn=<DivBackward0>)
Memory status after this epoch: 
Memory allocated:  23.7197265625
Memory cached:  106.0
	 epoch  60 training error:  tensor(0.4187, device='cuda:0', grad_fn=<DivBackward0>)
Memory status after this epoch: 
Memory allocated:  23.7197265625
Memory cached:  106.0
	 epoch  70 training error:  tensor(0.2761, device='cuda:0', grad_fn=<DivBackward0>)
Memory status after this epoch: 
Memory allocated:  23.7197265625
Memory cached:  106.0
	 epoch  80 training error:  tensor(0.1642, device='cuda:0', grad_fn=<DivBackward0>)
Memory status after this epoch: 
Memory allocated:  23.7197265625
Memory cached:  106.0
	 epoch  90 training error:  tensor(0.1905, device='cuda:0', grad_fn=<DivBackward0>)
Memory status after this epoch: 
Memory allocated:  23.7197265625
Memory cached:  106.0
[I 2023-12-05 01:21:27,915] Trial 29 finished with value: 0.14784708619117737 and parameters: {'W_layers': 4, 'W_layer_units_exponent_0': 9, 'W_layer_units_exponent_1': 5, 'W_layer_units_exponent_2': 5, 'W_layer_units_exponent_3': 8, 'D_layers': 5, 'D_layer_units_exponent_0': 7, 'D_layer_units_exponent_1': 10, 'D_layer_units_exponent_2': 4, 'D_layer_units_exponent_3': 6, 'D_layer_units_exponent_4': 4, 'log_learning_rate': -2.180544228062879, 'log_learning_rate_D': -2.3325691522149397, 'training_batch_size': 8, 'training_p': 2}. Best is trial 21 with value: 0.11125688999891281.
Time for this trial:  42.63845157623291
Memory status after this trial: 
Memory allocated:  69.90283203125
Memory cached:  104.0
--------------------  Trial  30   --------------------
Start timing: 
Parameters: 
{'W_layers': 6, 'W_layer_units_exponent_0': 8, 'W_layer_units_exponent_1': 6, 'W_layer_units_exponent_2': 5, 'W_layer_units_exponent_3': 7, 'W_layer_units_exponent_4': 8, 'W_layer_units_exponent_5': 6, 'D_layers': 6, 'D_layer_units_exponent_0': 9, 'D_layer_units_exponent_1': 10, 'D_layer_units_exponent_2': 6, 'D_layer_units_exponent_3': 5, 'D_layer_units_exponent_4': 4, 'D_layer_units_exponent_5': 4, 'log_learning_rate': -2.190812991499395, 'log_learning_rate_D': -2.3021544637474256, 'training_batch_size': 10, 'training_p': 2}
	 epoch  0 training error:  tensor(1.0048, device='cuda:0', grad_fn=<DivBackward0>)
Memory status after this epoch: 
Memory allocated:  31.1962890625
Memory cached:  124.0
	 epoch  10 training error:  tensor(0.8121, device='cuda:0', grad_fn=<DivBackward0>)
Memory status after this epoch: 
Memory allocated:  31.1962890625
Memory cached:  128.0
	 epoch  20 training error:  tensor(0.6742, device='cuda:0', grad_fn=<DivBackward0>)
Memory status after this epoch: 
Memory allocated:  31.1962890625
Memory cached:  128.0
	 epoch  30 training error:  tensor(0.5415, device='cuda:0', grad_fn=<DivBackward0>)
Memory status after this epoch: 
Memory allocated:  31.1962890625
Memory cached:  128.0
	 epoch  40 training error:  tensor(0.3577, device='cuda:0', grad_fn=<DivBackward0>)
Memory status after this epoch: 
Memory allocated:  31.1962890625
Memory cached:  128.0
	 epoch  50 training error:  tensor(0.3056, device='cuda:0', grad_fn=<DivBackward0>)
Memory status after this epoch: 
Memory allocated:  31.1962890625
Memory cached:  128.0
	 epoch  60 training error:  tensor(0.3044, device='cuda:0', grad_fn=<DivBackward0>)
Memory status after this epoch: 
Memory allocated:  31.1962890625
Memory cached:  128.0
	 epoch  70 training error:  tensor(0.1537, device='cuda:0', grad_fn=<DivBackward0>)
Memory status after this epoch: 
Memory allocated:  31.1962890625
Memory cached:  128.0
	 epoch  80 training error:  tensor(0.3223, device='cuda:0', grad_fn=<DivBackward0>)
Memory status after this epoch: 
Memory allocated:  31.1962890625
Memory cached:  128.0
	 epoch  90 training error:  tensor(0.1471, device='cuda:0', grad_fn=<DivBackward0>)
Memory status after this epoch: 
Memory allocated:  31.1962890625
Memory cached:  128.0
[I 2023-12-05 01:22:17,452] Trial 30 finished with value: 0.19572071731090546 and parameters: {'W_layers': 6, 'W_layer_units_exponent_0': 8, 'W_layer_units_exponent_1': 6, 'W_layer_units_exponent_2': 5, 'W_layer_units_exponent_3': 7, 'W_layer_units_exponent_4': 8, 'W_layer_units_exponent_5': 6, 'D_layers': 6, 'D_layer_units_exponent_0': 9, 'D_layer_units_exponent_1': 10, 'D_layer_units_exponent_2': 6, 'D_layer_units_exponent_3': 5, 'D_layer_units_exponent_4': 4, 'D_layer_units_exponent_5': 4, 'log_learning_rate': -2.190812991499395, 'log_learning_rate_D': -2.3021544637474256, 'training_batch_size': 10, 'training_p': 2}. Best is trial 21 with value: 0.11125688999891281.
Time for this trial:  49.31185793876648
Memory status after this trial: 
Memory allocated:  82.3349609375
Memory cached:  126.0
--------------------  Trial  31   --------------------
Start timing: 
Parameters: 
{'W_layers': 5, 'W_layer_units_exponent_0': 6, 'W_layer_units_exponent_1': 4, 'W_layer_units_exponent_2': 4, 'W_layer_units_exponent_3': 8, 'W_layer_units_exponent_4': 6, 'D_layers': 6, 'D_layer_units_exponent_0': 4, 'D_layer_units_exponent_1': 10, 'D_layer_units_exponent_2': 5, 'D_layer_units_exponent_3': 6, 'D_layer_units_exponent_4': 6, 'D_layer_units_exponent_5': 10, 'log_learning_rate': -1.4371793008713132, 'log_learning_rate_D': -2.685809614686858, 'training_batch_size': 8, 'training_p': 2}
	 epoch  0 training error:  tensor(0.9614, device='cuda:0', grad_fn=<DivBackward0>)
Memory status after this epoch: 
Memory allocated:  23.2236328125
Memory cached:  106.0
	 epoch  10 training error:  tensor(1.4132, device='cuda:0', grad_fn=<DivBackward0>)
Memory status after this epoch: 
Memory allocated:  23.2236328125
Memory cached:  108.0
	 epoch  20 training error:  tensor(1.2495, device='cuda:0', grad_fn=<DivBackward0>)
Memory status after this epoch: 
Memory allocated:  23.2236328125
Memory cached:  108.0
	 epoch  30 training error:  tensor(0.7836, device='cuda:0', grad_fn=<DivBackward0>)
Memory status after this epoch: 
Memory allocated:  23.2236328125
Memory cached:  108.0
	 epoch  40 training error:  tensor(0.9588, device='cuda:0', grad_fn=<DivBackward0>)
Memory status after this epoch: 
Memory allocated:  23.2236328125
Memory cached:  108.0
	 epoch  50 training error:  tensor(0.9059, device='cuda:0', grad_fn=<DivBackward0>)
Memory status after this epoch: 
Memory allocated:  23.2236328125
Memory cached:  108.0
	 epoch  60 training error:  tensor(0.8001, device='cuda:0', grad_fn=<DivBackward0>)
Memory status after this epoch: 
Memory allocated:  23.2236328125
Memory cached:  108.0
	 epoch  70 training error:  tensor(0.6865, device='cuda:0', grad_fn=<DivBackward0>)
Memory status after this epoch: 
Memory allocated:  23.2236328125
Memory cached:  108.0
	 epoch  80 training error:  tensor(0.6534, device='cuda:0', grad_fn=<DivBackward0>)
Memory status after this epoch: 
Memory allocated:  23.2236328125
Memory cached:  108.0
	 epoch  90 training error:  tensor(0.6267, device='cuda:0', grad_fn=<DivBackward0>)
Memory status after this epoch: 
Memory allocated:  23.2236328125
Memory cached:  108.0
[I 2023-12-05 01:23:05,511] Trial 31 finished with value: 0.4740118682384491 and parameters: {'W_layers': 5, 'W_layer_units_exponent_0': 6, 'W_layer_units_exponent_1': 4, 'W_layer_units_exponent_2': 4, 'W_layer_units_exponent_3': 8, 'W_layer_units_exponent_4': 6, 'D_layers': 6, 'D_layer_units_exponent_0': 4, 'D_layer_units_exponent_1': 10, 'D_layer_units_exponent_2': 5, 'D_layer_units_exponent_3': 6, 'D_layer_units_exponent_4': 6, 'D_layer_units_exponent_5': 10, 'log_learning_rate': -1.4371793008713132, 'log_learning_rate_D': -2.685809614686858, 'training_batch_size': 8, 'training_p': 2}. Best is trial 21 with value: 0.11125688999891281.
Time for this trial:  47.86530423164368
Memory status after this trial: 
Memory allocated:  82.32275390625
Memory cached:  106.0
--------------------  Trial  32   --------------------
Start timing: 
Parameters: 
{'W_layers': 4, 'W_layer_units_exponent_0': 9, 'W_layer_units_exponent_1': 5, 'W_layer_units_exponent_2': 5, 'W_layer_units_exponent_3': 8, 'D_layers': 5, 'D_layer_units_exponent_0': 7, 'D_layer_units_exponent_1': 9, 'D_layer_units_exponent_2': 4, 'D_layer_units_exponent_3': 7, 'D_layer_units_exponent_4': 5, 'log_learning_rate': -1.7086225456278048, 'log_learning_rate_D': -2.5892553305168495, 'training_batch_size': 7, 'training_p': 3}
	 epoch  0 training error:  tensor(1.0700, device='cuda:0', grad_fn=<DivBackward0>)
Memory status after this epoch: 
Memory allocated:  22.6494140625
Memory cached:  104.0
	 epoch  10 training error:  tensor(0.9176, device='cuda:0', grad_fn=<DivBackward0>)
Memory status after this epoch: 
Memory allocated:  22.6494140625
Memory cached:  104.0
	 epoch  20 training error:  tensor(0.7164, device='cuda:0', grad_fn=<DivBackward0>)
Memory status after this epoch: 
Memory allocated:  22.6494140625
Memory cached:  104.0
	 epoch  30 training error:  tensor(0.9739, device='cuda:0', grad_fn=<DivBackward0>)
Memory status after this epoch: 
Memory allocated:  22.6494140625
Memory cached:  104.0
	 epoch  40 training error:  tensor(0.6100, device='cuda:0', grad_fn=<DivBackward0>)
Memory status after this epoch: 
Memory allocated:  22.6494140625
Memory cached:  104.0
	 epoch  50 training error:  tensor(0.3475, device='cuda:0', grad_fn=<DivBackward0>)
Memory status after this epoch: 
Memory allocated:  22.6494140625
Memory cached:  104.0
	 epoch  60 training error:  tensor(0.3765, device='cuda:0', grad_fn=<DivBackward0>)
Memory status after this epoch: 
Memory allocated:  22.6494140625
Memory cached:  104.0
	 epoch  70 training error:  tensor(0.3751, device='cuda:0', grad_fn=<DivBackward0>)
Memory status after this epoch: 
Memory allocated:  22.6494140625
Memory cached:  104.0
	 epoch  80 training error:  tensor(0.1915, device='cuda:0', grad_fn=<DivBackward0>)
Memory status after this epoch: 
Memory allocated:  22.6494140625
Memory cached:  104.0
	 epoch  90 training error:  tensor(0.2834, device='cuda:0', grad_fn=<DivBackward0>)
Memory status after this epoch: 
Memory allocated:  22.6494140625
Memory cached:  104.0
[I 2023-12-05 01:23:48,220] Trial 32 finished with value: 0.18729111552238464 and parameters: {'W_layers': 4, 'W_layer_units_exponent_0': 9, 'W_layer_units_exponent_1': 5, 'W_layer_units_exponent_2': 5, 'W_layer_units_exponent_3': 8, 'D_layers': 5, 'D_layer_units_exponent_0': 7, 'D_layer_units_exponent_1': 9, 'D_layer_units_exponent_2': 4, 'D_layer_units_exponent_3': 7, 'D_layer_units_exponent_4': 5, 'log_learning_rate': -1.7086225456278048, 'log_learning_rate_D': -2.5892553305168495, 'training_batch_size': 7, 'training_p': 3}. Best is trial 21 with value: 0.11125688999891281.
Time for this trial:  42.534554958343506
Memory status after this trial: 
Memory allocated:  59.50634765625
Memory cached:  104.0
--------------------  Trial  33   --------------------
Start timing: 
Parameters: 
{'W_layers': 3, 'W_layer_units_exponent_0': 10, 'W_layer_units_exponent_1': 5, 'W_layer_units_exponent_2': 5, 'D_layers': 4, 'D_layer_units_exponent_0': 8, 'D_layer_units_exponent_1': 10, 'D_layer_units_exponent_2': 4, 'D_layer_units_exponent_3': 6, 'log_learning_rate': -2.3439220691248654, 'log_learning_rate_D': -2.7740057030288594, 'training_batch_size': 9, 'training_p': 2}
	 epoch  0 training error:  tensor(0.9449, device='cuda:0', grad_fn=<DivBackward0>)
Memory status after this epoch: 
Memory allocated:  25.8603515625
Memory cached:  106.0
	 epoch  10 training error:  tensor(0.7737, device='cuda:0', grad_fn=<DivBackward0>)
Memory status after this epoch: 
Memory allocated:  25.8603515625
Memory cached:  106.0
	 epoch  20 training error:  tensor(0.6832, device='cuda:0', grad_fn=<DivBackward0>)
Memory status after this epoch: 
Memory allocated:  25.8603515625
Memory cached:  106.0
	 epoch  30 training error:  tensor(0.5309, device='cuda:0', grad_fn=<DivBackward0>)
Memory status after this epoch: 
Memory allocated:  25.8603515625
Memory cached:  106.0
	 epoch  40 training error:  tensor(0.5156, device='cuda:0', grad_fn=<DivBackward0>)
Memory status after this epoch: 
Memory allocated:  25.8603515625
Memory cached:  106.0
	 epoch  50 training error:  tensor(0.4466, device='cuda:0', grad_fn=<DivBackward0>)
Memory status after this epoch: 
Memory allocated:  25.8603515625
Memory cached:  106.0
	 epoch  60 training error:  tensor(0.1855, device='cuda:0', grad_fn=<DivBackward0>)
Memory status after this epoch: 
Memory allocated:  25.8603515625
Memory cached:  106.0
	 epoch  70 training error:  tensor(0.0909, device='cuda:0', grad_fn=<DivBackward0>)
Memory status after this epoch: 
Memory allocated:  25.8603515625
Memory cached:  106.0
	 epoch  80 training error:  tensor(0.1372, device='cuda:0', grad_fn=<DivBackward0>)
Memory status after this epoch: 
Memory allocated:  25.8603515625
Memory cached:  106.0
	 epoch  90 training error:  tensor(0.0728, device='cuda:0', grad_fn=<DivBackward0>)
Memory status after this epoch: 
Memory allocated:  25.8603515625
Memory cached:  106.0
