[I 2023-12-03 00:37:45,084] Trial 10 finished with value: 0.041596658527851105 and parameters: {'W_layers': 8, 'W_layer_units_exponent_0': 4, 'W_layer_units_exponent_1': 4, 'W_layer_units_exponent_2': 6, 'W_layer_units_exponent_3': 4, 'W_layer_units_exponent_4': 8, 'W_layer_units_exponent_5': 8, 'W_layer_units_exponent_6': 4, 'W_layer_units_exponent_7': 4, 'D_layers': 5, 'D_layer_units_exponent_0': 8, 'D_layer_units_exponent_1': 9, 'D_layer_units_exponent_2': 5, 'D_layer_units_exponent_3': 5, 'D_layer_units_exponent_4': 6, 'log_learning_rate': -4.053493411869251, 'log_learning_rate_D': -1.9040062307303272, 'training_batch_size': 8, 'training_p': 8}. Best is trial 2 with value: 0.04015466198325157.
Time for this trial:  52.25068688392639
Memory status after this trial: 
Memory allocated:  154.623046875
Memory cached:  170.0
--------------------  Trial  11   --------------------
Start timing: 
Parameters: 
{'W_layers': 7, 'W_layer_units_exponent_0': 7, 'W_layer_units_exponent_1': 4, 'W_layer_units_exponent_2': 9, 'W_layer_units_exponent_3': 7, 'W_layer_units_exponent_4': 6, 'W_layer_units_exponent_5': 10, 'W_layer_units_exponent_6': 4, 'D_layers': 3, 'D_layer_units_exponent_0': 8, 'D_layer_units_exponent_1': 6, 'D_layer_units_exponent_2': 8, 'log_learning_rate': -2.6892226702842676, 'log_learning_rate_D': -4.07744430639052, 'training_batch_size': 7, 'training_p': 6}
	 epoch  0 training error:  tensor(2.7486, device='cuda:0', grad_fn=<DivBackward0>)
Memory status after this epoch: 
Memory allocated:  120.19189453125
Memory cached:  164.0
	 epoch  10 training error:  tensor(1.1099, device='cuda:0', grad_fn=<DivBackward0>)
Memory status after this epoch: 
Memory allocated:  120.19189453125
Memory cached:  166.0
	 epoch  20 training error:  tensor(0.1651, device='cuda:0', grad_fn=<DivBackward0>)
Memory status after this epoch: 
Memory allocated:  120.19189453125
Memory cached:  166.0
	 epoch  30 training error:  tensor(0.1674, device='cuda:0', grad_fn=<DivBackward0>)
Memory status after this epoch: 
Memory allocated:  120.19189453125
Memory cached:  166.0
	 epoch  40 training error:  tensor(0.0995, device='cuda:0', grad_fn=<DivBackward0>)
Memory status after this epoch: 
Memory allocated:  120.19189453125
Memory cached:  166.0
	 epoch  50 training error:  tensor(0.1047, device='cuda:0', grad_fn=<DivBackward0>)
Memory status after this epoch: 
Memory allocated:  120.19189453125
Memory cached:  166.0
	 epoch  60 training error:  tensor(0.0729, device='cuda:0', grad_fn=<DivBackward0>)
Memory status after this epoch: 
Memory allocated:  120.19189453125
Memory cached:  166.0
	 epoch  70 training error:  tensor(0.0770, device='cuda:0', grad_fn=<DivBackward0>)
Memory status after this epoch: 
Memory allocated:  120.19189453125
Memory cached:  166.0
	 epoch  80 training error:  tensor(0.0680, device='cuda:0', grad_fn=<DivBackward0>)
Memory status after this epoch: 
Memory allocated:  120.19189453125
Memory cached:  166.0
	 epoch  90 training error:  tensor(0.0568, device='cuda:0', grad_fn=<DivBackward0>)
Memory status after this epoch: 
Memory allocated:  120.19189453125
Memory cached:  166.0
[I 2023-12-03 00:38:34,489] Trial 11 finished with value: 0.0804363265633583 and parameters: {'W_layers': 7, 'W_layer_units_exponent_0': 7, 'W_layer_units_exponent_1': 4, 'W_layer_units_exponent_2': 9, 'W_layer_units_exponent_3': 7, 'W_layer_units_exponent_4': 6, 'W_layer_units_exponent_5': 10, 'W_layer_units_exponent_6': 4, 'D_layers': 3, 'D_layer_units_exponent_0': 8, 'D_layer_units_exponent_1': 6, 'D_layer_units_exponent_2': 8, 'log_learning_rate': -2.6892226702842676, 'log_learning_rate_D': -4.07744430639052, 'training_batch_size': 7, 'training_p': 6}. Best is trial 2 with value: 0.04015466198325157.
Time for this trial:  49.26180982589722
Memory status after this trial: 
Memory allocated:  175.158203125
Memory cached:  190.0
--------------------  Trial  12   --------------------
Start timing: 
Parameters: 
{'W_layers': 7, 'W_layer_units_exponent_0': 9, 'W_layer_units_exponent_1': 6, 'W_layer_units_exponent_2': 5, 'W_layer_units_exponent_3': 5, 'W_layer_units_exponent_4': 10, 'W_layer_units_exponent_5': 7, 'W_layer_units_exponent_6': 5, 'D_layers': 8, 'D_layer_units_exponent_0': 10, 'D_layer_units_exponent_1': 7, 'D_layer_units_exponent_2': 10, 'D_layer_units_exponent_3': 4, 'D_layer_units_exponent_4': 9, 'D_layer_units_exponent_5': 5, 'D_layer_units_exponent_6': 7, 'D_layer_units_exponent_7': 9, 'log_learning_rate': -3.889424088708626, 'log_learning_rate_D': -1.1245764399643616, 'training_batch_size': 12, 'training_p': 7}
	 epoch  0 training error:  tensor(0.4763, device='cuda:0', grad_fn=<DivBackward0>)
Memory status after this epoch: 
Memory allocated:  126.20947265625
Memory cached:  162.0
[W 2023-12-03 00:38:36,898] Trial 12 failed with parameters: {'W_layers': 7, 'W_layer_units_exponent_0': 9, 'W_layer_units_exponent_1': 6, 'W_layer_units_exponent_2': 5, 'W_layer_units_exponent_3': 5, 'W_layer_units_exponent_4': 10, 'W_layer_units_exponent_5': 7, 'W_layer_units_exponent_6': 5, 'D_layers': 8, 'D_layer_units_exponent_0': 10, 'D_layer_units_exponent_1': 7, 'D_layer_units_exponent_2': 10, 'D_layer_units_exponent_3': 4, 'D_layer_units_exponent_4': 9, 'D_layer_units_exponent_5': 5, 'D_layer_units_exponent_6': 7, 'D_layer_units_exponent_7': 9, 'log_learning_rate': -3.889424088708626, 'log_learning_rate_D': -1.1245764399643616, 'training_batch_size': 12, 'training_p': 7} because of the following error: The value nan is not acceptable.
[W 2023-12-03 00:38:36,898] Trial 12 failed with value tensor(nan, device='cuda:0', grad_fn=<DivBackward0>).
Time for this trial:  2.271670341491699
Memory status after this trial: 
Memory allocated:  240.07421875
Memory cached:  258.0
--------------------  Trial  13   --------------------
Start timing: 
Parameters: 
{'W_layers': 4, 'W_layer_units_exponent_0': 9, 'W_layer_units_exponent_1': 4, 'W_layer_units_exponent_2': 8, 'W_layer_units_exponent_3': 7, 'D_layers': 3, 'D_layer_units_exponent_0': 4, 'D_layer_units_exponent_1': 4, 'D_layer_units_exponent_2': 4, 'log_learning_rate': -2.7808398654189954, 'log_learning_rate_D': -2.5817544867457167, 'training_batch_size': 7, 'training_p': 7}
	 epoch  0 training error:  tensor(0.5390, device='cuda:0', grad_fn=<DivBackward0>)
Memory status after this epoch: 
Memory allocated:  117.82861328125
Memory cached:  162.0
	 epoch  10 training error:  tensor(0.5511, device='cuda:0', grad_fn=<DivBackward0>)
Memory status after this epoch: 
Memory allocated:  117.82861328125
Memory cached:  164.0
	 epoch  20 training error:  tensor(0.1839, device='cuda:0', grad_fn=<DivBackward0>)
Memory status after this epoch: 
Memory allocated:  117.82861328125
Memory cached:  164.0
	 epoch  30 training error:  tensor(0.1227, device='cuda:0', grad_fn=<DivBackward0>)
Memory status after this epoch: 
Memory allocated:  117.82861328125
Memory cached:  164.0
	 epoch  40 training error:  tensor(0.1465, device='cuda:0', grad_fn=<DivBackward0>)
Memory status after this epoch: 
Memory allocated:  117.82861328125
Memory cached:  164.0
	 epoch  50 training error:  tensor(0.1019, device='cuda:0', grad_fn=<DivBackward0>)
Memory status after this epoch: 
Memory allocated:  117.82861328125
Memory cached:  164.0
	 epoch  60 training error:  tensor(0.0718, device='cuda:0', grad_fn=<DivBackward0>)
Memory status after this epoch: 
Memory allocated:  117.82861328125
Memory cached:  164.0
	 epoch  70 training error:  tensor(0.0636, device='cuda:0', grad_fn=<DivBackward0>)
Memory status after this epoch: 
Memory allocated:  117.82861328125
Memory cached:  164.0
	 epoch  80 training error:  tensor(0.0665, device='cuda:0', grad_fn=<DivBackward0>)
Memory status after this epoch: 
Memory allocated:  117.82861328125
Memory cached:  164.0
	 epoch  90 training error:  tensor(0.0595, device='cuda:0', grad_fn=<DivBackward0>)
Memory status after this epoch: 
Memory allocated:  117.82861328125
Memory cached:  164.0
[I 2023-12-03 00:39:14,844] Trial 13 finished with value: 0.049177855253219604 and parameters: {'W_layers': 4, 'W_layer_units_exponent_0': 9, 'W_layer_units_exponent_1': 4, 'W_layer_units_exponent_2': 8, 'W_layer_units_exponent_3': 7, 'D_layers': 3, 'D_layer_units_exponent_0': 4, 'D_layer_units_exponent_1': 4, 'D_layer_units_exponent_2': 4, 'log_learning_rate': -2.7808398654189954, 'log_learning_rate_D': -2.5817544867457167, 'training_batch_size': 7, 'training_p': 7}. Best is trial 2 with value: 0.04015466198325157.
Time for this trial:  37.80819892883301
Memory status after this trial: 
Memory allocated:  139.81787109375
Memory cached:  162.0
--------------------  Trial  14   --------------------
Start timing: 
Parameters: 
{'W_layers': 4, 'W_layer_units_exponent_0': 9, 'W_layer_units_exponent_1': 10, 'W_layer_units_exponent_2': 8, 'W_layer_units_exponent_3': 6, 'D_layers': 4, 'D_layer_units_exponent_0': 5, 'D_layer_units_exponent_1': 4, 'D_layer_units_exponent_2': 6, 'D_layer_units_exponent_3': 9, 'log_learning_rate': -1.5377609529437448, 'log_learning_rate_D': -4.226462718038957, 'training_batch_size': 12, 'training_p': 7}
	 epoch  0 training error:  tensor(0.3075, device='cuda:0', grad_fn=<DivBackward0>)
Memory status after this epoch: 
Memory allocated:  129.99072265625
Memory cached:  162.0
	 epoch  10 training error:  tensor(45.8657, device='cuda:0', grad_fn=<DivBackward0>)
Memory status after this epoch: 
Memory allocated:  129.99072265625
Memory cached:  164.0
	 epoch  20 training error:  tensor(9.1337, device='cuda:0', grad_fn=<DivBackward0>)
Memory status after this epoch: 
Memory allocated:  129.99072265625
Memory cached:  164.0
	 epoch  30 training error:  tensor(0.7615, device='cuda:0', grad_fn=<DivBackward0>)
Memory status after this epoch: 
Memory allocated:  129.99072265625
Memory cached:  164.0
	 epoch  40 training error:  tensor(2.7589, device='cuda:0', grad_fn=<DivBackward0>)
Memory status after this epoch: 
Memory allocated:  129.99072265625
Memory cached:  164.0
	 epoch  50 training error:  tensor(0.7153, device='cuda:0', grad_fn=<DivBackward0>)
Memory status after this epoch: 
Memory allocated:  129.99072265625
Memory cached:  164.0
	 epoch  60 training error:  tensor(0.8861, device='cuda:0', grad_fn=<DivBackward0>)
Memory status after this epoch: 
Memory allocated:  129.99072265625
Memory cached:  164.0
	 epoch  70 training error:  tensor(0.5549, device='cuda:0', grad_fn=<DivBackward0>)
Memory status after this epoch: 
Memory allocated:  129.99072265625
Memory cached:  164.0
	 epoch  80 training error:  tensor(1.3012, device='cuda:0', grad_fn=<DivBackward0>)
Memory status after this epoch: 
Memory allocated:  129.99072265625
Memory cached:  164.0
	 epoch  90 training error:  tensor(0.6815, device='cuda:0', grad_fn=<DivBackward0>)
Memory status after this epoch: 
Memory allocated:  129.99072265625
Memory cached:  164.0
[I 2023-12-03 00:39:59,928] Trial 14 finished with value: 0.60170978307724 and parameters: {'W_layers': 4, 'W_layer_units_exponent_0': 9, 'W_layer_units_exponent_1': 10, 'W_layer_units_exponent_2': 8, 'W_layer_units_exponent_3': 6, 'D_layers': 4, 'D_layer_units_exponent_0': 5, 'D_layer_units_exponent_1': 4, 'D_layer_units_exponent_2': 6, 'D_layer_units_exponent_3': 9, 'log_learning_rate': -1.5377609529437448, 'log_learning_rate_D': -4.226462718038957, 'training_batch_size': 12, 'training_p': 7}. Best is trial 2 with value: 0.04015466198325157.
Time for this trial:  44.960537910461426
Memory status after this trial: 
Memory allocated:  180.3388671875
Memory cached:  192.0
--------------------  Trial  15   --------------------
Start timing: 
Parameters: 
{'W_layers': 7, 'W_layer_units_exponent_0': 8, 'W_layer_units_exponent_1': 6, 'W_layer_units_exponent_2': 8, 'W_layer_units_exponent_3': 4, 'W_layer_units_exponent_4': 6, 'W_layer_units_exponent_5': 5, 'W_layer_units_exponent_6': 8, 'D_layers': 2, 'D_layer_units_exponent_0': 6, 'D_layer_units_exponent_1': 5, 'log_learning_rate': -3.0491978802657123, 'log_learning_rate_D': -3.097362888552642, 'training_batch_size': 7, 'training_p': 7}
	 epoch  0 training error:  tensor(0.4612, device='cuda:0', grad_fn=<DivBackward0>)
Memory status after this epoch: 
Memory allocated:  117.87158203125
Memory cached:  162.0
	 epoch  10 training error:  tensor(0.0816, device='cuda:0', grad_fn=<DivBackward0>)
Memory status after this epoch: 
Memory allocated:  117.87158203125
Memory cached:  162.0
	 epoch  20 training error:  tensor(0.0773, device='cuda:0', grad_fn=<DivBackward0>)
Memory status after this epoch: 
Memory allocated:  117.87158203125
Memory cached:  162.0
	 epoch  30 training error:  tensor(0.0720, device='cuda:0', grad_fn=<DivBackward0>)
Memory status after this epoch: 
Memory allocated:  117.87158203125
Memory cached:  162.0
	 epoch  40 training error:  tensor(0.0647, device='cuda:0', grad_fn=<DivBackward0>)
Memory status after this epoch: 
Memory allocated:  117.87158203125
Memory cached:  162.0
	 epoch  50 training error:  tensor(0.0586, device='cuda:0', grad_fn=<DivBackward0>)
Memory status after this epoch: 
Memory allocated:  117.87158203125
Memory cached:  162.0
	 epoch  60 training error:  tensor(0.0566, device='cuda:0', grad_fn=<DivBackward0>)
Memory status after this epoch: 
Memory allocated:  117.87158203125
Memory cached:  162.0
	 epoch  70 training error:  tensor(0.0481, device='cuda:0', grad_fn=<DivBackward0>)
Memory status after this epoch: 
Memory allocated:  117.87158203125
Memory cached:  162.0
	 epoch  80 training error:  tensor(0.0485, device='cuda:0', grad_fn=<DivBackward0>)
Memory status after this epoch: 
Memory allocated:  117.87158203125
Memory cached:  162.0
	 epoch  90 training error:  tensor(0.0503, device='cuda:0', grad_fn=<DivBackward0>)
Memory status after this epoch: 
Memory allocated:  117.87158203125
Memory cached:  162.0
[I 2023-12-03 00:40:42,550] Trial 15 finished with value: 0.03145942836999893 and parameters: {'W_layers': 7, 'W_layer_units_exponent_0': 8, 'W_layer_units_exponent_1': 6, 'W_layer_units_exponent_2': 8, 'W_layer_units_exponent_3': 4, 'W_layer_units_exponent_4': 6, 'W_layer_units_exponent_5': 5, 'W_layer_units_exponent_6': 8, 'D_layers': 2, 'D_layer_units_exponent_0': 6, 'D_layer_units_exponent_1': 5, 'log_learning_rate': -3.0491978802657123, 'log_learning_rate_D': -3.097362888552642, 'training_batch_size': 7, 'training_p': 7}. Best is trial 15 with value: 0.03145942836999893.
res:  tensor(0.0315, device='cuda:0', grad_fn=<DivBackward0>)
self.bestValue:  tensor(0.0402, device='cuda:0', grad_fn=<DivBackward0>)
Save this model!
Time for this trial:  42.497015714645386
Memory status after this trial: 
Memory allocated:  24.451171875
Memory cached:  90.0
--------------------  Trial  16   --------------------
Start timing: 
Parameters: 
{'W_layers': 6, 'W_layer_units_exponent_0': 6, 'W_layer_units_exponent_1': 6, 'W_layer_units_exponent_2': 10, 'W_layer_units_exponent_3': 10, 'W_layer_units_exponent_4': 10, 'W_layer_units_exponent_5': 4, 'D_layers': 2, 'D_layer_units_exponent_0': 6, 'D_layer_units_exponent_1': 6, 'log_learning_rate': -1.0225027737310222, 'log_learning_rate_D': -1.0175392663180363, 'training_batch_size': 6, 'training_p': 5}
	 epoch  0 training error:  tensor(440.3847, device='cuda:0', grad_fn=<DivBackward0>)
Memory status after this epoch: 
Memory allocated:  57.92236328125
Memory cached:  132.0
	 epoch  10 training error:  tensor(22.8796, device='cuda:0', grad_fn=<DivBackward0>)
Memory status after this epoch: 
Memory allocated:  57.92236328125
Memory cached:  132.0
	 epoch  20 training error:  tensor(18.6755, device='cuda:0', grad_fn=<DivBackward0>)
Memory status after this epoch: 
Memory allocated:  57.92236328125
Memory cached:  132.0
	 epoch  30 training error:  tensor(8.7606, device='cuda:0', grad_fn=<DivBackward0>)
Memory status after this epoch: 
Memory allocated:  57.92236328125
Memory cached:  132.0
	 epoch  40 training error:  tensor(1.3749, device='cuda:0', grad_fn=<DivBackward0>)
Memory status after this epoch: 
Memory allocated:  57.92236328125
Memory cached:  132.0
	 epoch  50 training error:  tensor(0.4865, device='cuda:0', grad_fn=<DivBackward0>)
Memory status after this epoch: 
Memory allocated:  57.92236328125
Memory cached:  132.0
	 epoch  60 training error:  tensor(0.2578, device='cuda:0', grad_fn=<DivBackward0>)
Memory status after this epoch: 
Memory allocated:  57.92236328125
Memory cached:  132.0
	 epoch  70 training error:  tensor(0.1420, device='cuda:0', grad_fn=<DivBackward0>)
Memory status after this epoch: 
Memory allocated:  57.92236328125
Memory cached:  132.0
	 epoch  80 training error:  tensor(0.1378, device='cuda:0', grad_fn=<DivBackward0>)
Memory status after this epoch: 
Memory allocated:  57.92236328125
Memory cached:  132.0
	 epoch  90 training error:  tensor(0.1374, device='cuda:0', grad_fn=<DivBackward0>)
Memory status after this epoch: 
Memory allocated:  57.92236328125
Memory cached:  132.0
[I 2023-12-03 00:41:52,644] Trial 16 finished with value: 0.12959928810596466 and parameters: {'W_layers': 6, 'W_layer_units_exponent_0': 6, 'W_layer_units_exponent_1': 6, 'W_layer_units_exponent_2': 10, 'W_layer_units_exponent_3': 10, 'W_layer_units_exponent_4': 10, 'W_layer_units_exponent_5': 4, 'D_layers': 2, 'D_layer_units_exponent_0': 6, 'D_layer_units_exponent_1': 6, 'log_learning_rate': -1.0225027737310222, 'log_learning_rate_D': -1.0175392663180363, 'training_batch_size': 6, 'training_p': 5}. Best is trial 15 with value: 0.03145942836999893.
Time for this trial:  69.91798710823059
Memory status after this trial: 
Memory allocated:  117.9365234375
Memory cached:  124.0
--------------------  Trial  17   --------------------
Start timing: 
Parameters: 
{'W_layers': 6, 'W_layer_units_exponent_0': 10, 'W_layer_units_exponent_1': 8, 'W_layer_units_exponent_2': 7, 'W_layer_units_exponent_3': 10, 'W_layer_units_exponent_4': 4, 'W_layer_units_exponent_5': 6, 'D_layers': 6, 'D_layer_units_exponent_0': 10, 'D_layer_units_exponent_1': 6, 'D_layer_units_exponent_2': 9, 'D_layer_units_exponent_3': 7, 'D_layer_units_exponent_4': 10, 'D_layer_units_exponent_5': 5, 'log_learning_rate': -4.91179022683613, 'log_learning_rate_D': -2.954050686681005, 'training_batch_size': 6, 'training_p': 6}
	 epoch  0 training error:  tensor(1.7792, device='cuda:0', grad_fn=<DivBackward0>)
Memory status after this epoch: 
Memory allocated:  36.63134765625
Memory cached:  96.0
	 epoch  10 training error:  tensor(0.7477, device='cuda:0', grad_fn=<DivBackward0>)
Memory status after this epoch: 
Memory allocated:  36.63134765625
Memory cached:  96.0
	 epoch  20 training error:  tensor(0.5276, device='cuda:0', grad_fn=<DivBackward0>)
Memory status after this epoch: 
Memory allocated:  36.63134765625
Memory cached:  96.0
	 epoch  30 training error:  tensor(0.4518, device='cuda:0', grad_fn=<DivBackward0>)
Memory status after this epoch: 
Memory allocated:  36.63134765625
Memory cached:  96.0
	 epoch  40 training error:  tensor(0.3763, device='cuda:0', grad_fn=<DivBackward0>)
Memory status after this epoch: 
Memory allocated:  36.63134765625
Memory cached:  96.0
	 epoch  50 training error:  tensor(0.3020, device='cuda:0', grad_fn=<DivBackward0>)
Memory status after this epoch: 
Memory allocated:  36.63134765625
Memory cached:  96.0
	 epoch  60 training error:  tensor(0.2283, device='cuda:0', grad_fn=<DivBackward0>)
Memory status after this epoch: 
Memory allocated:  36.63134765625
Memory cached:  96.0
	 epoch  70 training error:  tensor(0.1560, device='cuda:0', grad_fn=<DivBackward0>)
Memory status after this epoch: 
Memory allocated:  36.63134765625
Memory cached:  96.0
	 epoch  80 training error:  tensor(0.1234, device='cuda:0', grad_fn=<DivBackward0>)
Memory status after this epoch: 
Memory allocated:  36.63134765625
Memory cached:  96.0
	 epoch  90 training error:  tensor(0.0910, device='cuda:0', grad_fn=<DivBackward0>)
Memory status after this epoch: 
Memory allocated:  36.63134765625
Memory cached:  96.0
