[I 2024-02-17 07:20:47,830] Trial 101 finished with value: 0.08614181727170944 and parameters: {'W_layers': 6, 'W_layer_units_exponent_0': 7, 'W_layer_units_exponent_1': 6, 'W_layer_units_exponent_2': 9, 'W_layer_units_exponent_3': 9, 'W_layer_units_exponent_4': 6, 'W_layer_units_exponent_5': 6, 'D_layers': 3, 'D_layer_units_exponent_0': 5, 'D_layer_units_exponent_1': 4, 'D_layer_units_exponent_2': 7, 'D_dagger_layers': 4, 'D_dagger_layer_units_exponent_0': 9, 'D_dagger_layer_units_exponent_1': 9, 'D_dagger_layer_units_exponent_2': 7, 'D_dagger_layer_units_exponent_3': 5, 'log_learning_rate': -4.575750694483439, 'log_learning_rate_D': -3.2040043911667033, 'log_learning_rate_D_dagger': -3.181685949941035, 'training_batch_size': 6, 'training_p': 7}. Best is trial 45 with value: 0.03961218520998955.
Time for this trial:  757.5563232898712
Memory status after this trial: 
Memory allocated:  1330.06982421875
Memory cached:  1338.0
--------------------  Trial  102   --------------------
Start timing: 
Parameters: 
{'W_layers': 7, 'W_layer_units_exponent_0': 7, 'W_layer_units_exponent_1': 5, 'W_layer_units_exponent_2': 9, 'W_layer_units_exponent_3': 9, 'W_layer_units_exponent_4': 6, 'W_layer_units_exponent_5': 6, 'W_layer_units_exponent_6': 8, 'D_layers': 3, 'D_layer_units_exponent_0': 4, 'D_layer_units_exponent_1': 4, 'D_layer_units_exponent_2': 7, 'D_dagger_layers': 4, 'D_dagger_layer_units_exponent_0': 9, 'D_dagger_layer_units_exponent_1': 9, 'D_dagger_layer_units_exponent_2': 7, 'D_dagger_layer_units_exponent_3': 5, 'log_learning_rate': -4.432663542318923, 'log_learning_rate_D': -3.347449503001064, 'log_learning_rate_D_dagger': -3.031986177573447, 'training_batch_size': 6, 'training_p': 7}
	 epoch  0 training error:  tensor(0.7239, device='cuda:0', grad_fn=<DivBackward0>)
Memory status after this epoch: 
Memory allocated:  764.2880859375
Memory cached:  1330.0
	 epoch  10 training error:  tensor(0.5282, device='cuda:0', grad_fn=<DivBackward0>)
Memory status after this epoch: 
Memory allocated:  764.2880859375
Memory cached:  1330.0
	 epoch  20 training error:  tensor(0.5035, device='cuda:0', grad_fn=<DivBackward0>)
Memory status after this epoch: 
Memory allocated:  764.2880859375
Memory cached:  1330.0
	 epoch  30 training error:  tensor(0.4109, device='cuda:0', grad_fn=<DivBackward0>)
Memory status after this epoch: 
Memory allocated:  764.2880859375
Memory cached:  1330.0
	 epoch  40 training error:  tensor(0.2673, device='cuda:0', grad_fn=<DivBackward0>)
Memory status after this epoch: 
Memory allocated:  764.2880859375
Memory cached:  1330.0
	 epoch  50 training error:  tensor(0.2478, device='cuda:0', grad_fn=<DivBackward0>)
Memory status after this epoch: 
Memory allocated:  764.2880859375
Memory cached:  1330.0
	 epoch  60 training error:  tensor(0.2329, device='cuda:0', grad_fn=<DivBackward0>)
Memory status after this epoch: 
Memory allocated:  764.2880859375
Memory cached:  1330.0
	 epoch  70 training error:  tensor(0.2209, device='cuda:0', grad_fn=<DivBackward0>)
Memory status after this epoch: 
Memory allocated:  764.2880859375
Memory cached:  1330.0
	 epoch  80 training error:  tensor(0.1945, device='cuda:0', grad_fn=<DivBackward0>)
Memory status after this epoch: 
Memory allocated:  764.2880859375
Memory cached:  1330.0
	 epoch  90 training error:  tensor(0.1660, device='cuda:0', grad_fn=<DivBackward0>)
Memory status after this epoch: 
Memory allocated:  764.2880859375
Memory cached:  1330.0
[I 2024-02-17 07:34:04,607] Trial 102 finished with value: 0.09304287284612656 and parameters: {'W_layers': 7, 'W_layer_units_exponent_0': 7, 'W_layer_units_exponent_1': 5, 'W_layer_units_exponent_2': 9, 'W_layer_units_exponent_3': 9, 'W_layer_units_exponent_4': 6, 'W_layer_units_exponent_5': 6, 'W_layer_units_exponent_6': 8, 'D_layers': 3, 'D_layer_units_exponent_0': 4, 'D_layer_units_exponent_1': 4, 'D_layer_units_exponent_2': 7, 'D_dagger_layers': 4, 'D_dagger_layer_units_exponent_0': 9, 'D_dagger_layer_units_exponent_1': 9, 'D_dagger_layer_units_exponent_2': 7, 'D_dagger_layer_units_exponent_3': 5, 'log_learning_rate': -4.432663542318923, 'log_learning_rate_D': -3.347449503001064, 'log_learning_rate_D_dagger': -3.031986177573447, 'training_batch_size': 6, 'training_p': 7}. Best is trial 45 with value: 0.03961218520998955.
Time for this trial:  796.2651281356812
Memory status after this trial: 
Memory allocated:  1368.64794921875
Memory cached:  1378.0
--------------------  Trial  103   --------------------
Start timing: 
Parameters: 
{'W_layers': 6, 'W_layer_units_exponent_0': 7, 'W_layer_units_exponent_1': 6, 'W_layer_units_exponent_2': 9, 'W_layer_units_exponent_3': 9, 'W_layer_units_exponent_4': 7, 'W_layer_units_exponent_5': 5, 'D_layers': 3, 'D_layer_units_exponent_0': 5, 'D_layer_units_exponent_1': 4, 'D_layer_units_exponent_2': 6, 'D_dagger_layers': 4, 'D_dagger_layer_units_exponent_0': 8, 'D_dagger_layer_units_exponent_1': 9, 'D_dagger_layer_units_exponent_2': 7, 'D_dagger_layer_units_exponent_3': 5, 'log_learning_rate': -4.496394421318245, 'log_learning_rate_D': -3.1313721619457118, 'log_learning_rate_D_dagger': -2.9109937713727994, 'training_batch_size': 6, 'training_p': 7}
	 epoch  0 training error:  tensor(0.7478, device='cuda:0', grad_fn=<DivBackward0>)
Memory status after this epoch: 
Memory allocated:  762.8212890625
Memory cached:  1330.0
	 epoch  10 training error:  tensor(0.5372, device='cuda:0', grad_fn=<DivBackward0>)
Memory status after this epoch: 
Memory allocated:  762.8212890625
Memory cached:  1330.0
	 epoch  20 training error:  tensor(0.5115, device='cuda:0', grad_fn=<DivBackward0>)
Memory status after this epoch: 
Memory allocated:  762.8212890625
Memory cached:  1330.0
	 epoch  30 training error:  tensor(0.5112, device='cuda:0', grad_fn=<DivBackward0>)
Memory status after this epoch: 
Memory allocated:  762.8212890625
Memory cached:  1330.0
	 epoch  40 training error:  tensor(0.4315, device='cuda:0', grad_fn=<DivBackward0>)
Memory status after this epoch: 
Memory allocated:  762.8212890625
Memory cached:  1330.0
	 epoch  50 training error:  tensor(0.2937, device='cuda:0', grad_fn=<DivBackward0>)
Memory status after this epoch: 
Memory allocated:  762.8212890625
Memory cached:  1330.0
	 epoch  60 training error:  tensor(0.2404, device='cuda:0', grad_fn=<DivBackward0>)
Memory status after this epoch: 
Memory allocated:  762.8212890625
Memory cached:  1330.0
	 epoch  70 training error:  tensor(0.2088, device='cuda:0', grad_fn=<DivBackward0>)
Memory status after this epoch: 
Memory allocated:  762.8212890625
Memory cached:  1330.0
	 epoch  80 training error:  tensor(0.1752, device='cuda:0', grad_fn=<DivBackward0>)
Memory status after this epoch: 
Memory allocated:  762.8212890625
Memory cached:  1330.0
	 epoch  90 training error:  tensor(0.1359, device='cuda:0', grad_fn=<DivBackward0>)
Memory status after this epoch: 
Memory allocated:  762.8212890625
Memory cached:  1330.0
[I 2024-02-17 07:46:37,160] Trial 103 finished with value: 0.11364980041980743 and parameters: {'W_layers': 6, 'W_layer_units_exponent_0': 7, 'W_layer_units_exponent_1': 6, 'W_layer_units_exponent_2': 9, 'W_layer_units_exponent_3': 9, 'W_layer_units_exponent_4': 7, 'W_layer_units_exponent_5': 5, 'D_layers': 3, 'D_layer_units_exponent_0': 5, 'D_layer_units_exponent_1': 4, 'D_layer_units_exponent_2': 6, 'D_dagger_layers': 4, 'D_dagger_layer_units_exponent_0': 8, 'D_dagger_layer_units_exponent_1': 9, 'D_dagger_layer_units_exponent_2': 7, 'D_dagger_layer_units_exponent_3': 5, 'log_learning_rate': -4.496394421318245, 'log_learning_rate_D': -3.1313721619457118, 'log_learning_rate_D_dagger': -2.9109937713727994, 'training_batch_size': 6, 'training_p': 7}. Best is trial 45 with value: 0.03961218520998955.
Time for this trial:  752.0881948471069
Memory status after this trial: 
Memory allocated:  1270.82958984375
Memory cached:  1330.0
--------------------  Trial  104   --------------------
Start timing: 
Parameters: 
{'W_layers': 8, 'W_layer_units_exponent_0': 6, 'W_layer_units_exponent_1': 6, 'W_layer_units_exponent_2': 9, 'W_layer_units_exponent_3': 10, 'W_layer_units_exponent_4': 6, 'W_layer_units_exponent_5': 7, 'W_layer_units_exponent_6': 7, 'W_layer_units_exponent_7': 6, 'D_layers': 3, 'D_layer_units_exponent_0': 6, 'D_layer_units_exponent_1': 4, 'D_layer_units_exponent_2': 7, 'D_dagger_layers': 4, 'D_dagger_layer_units_exponent_0': 9, 'D_dagger_layer_units_exponent_1': 10, 'D_dagger_layer_units_exponent_2': 8, 'D_dagger_layer_units_exponent_3': 6, 'log_learning_rate': -4.0936394955975715, 'log_learning_rate_D': -3.1849747378985747, 'log_learning_rate_D_dagger': -2.7944587135121566, 'training_batch_size': 6, 'training_p': 7}
	 epoch  0 training error:  tensor(0.8763, device='cuda:0', grad_fn=<DivBackward0>)
Memory status after this epoch: 
Memory allocated:  776.4404296875
Memory cached:  1356.0
	 epoch  10 training error:  tensor(0.5402, device='cuda:0', grad_fn=<DivBackward0>)
Memory status after this epoch: 
Memory allocated:  776.4404296875
Memory cached:  1370.0
	 epoch  20 training error:  tensor(0.5104, device='cuda:0', grad_fn=<DivBackward0>)
Memory status after this epoch: 
Memory allocated:  776.4404296875
Memory cached:  1374.0
	 epoch  30 training error:  tensor(0.4401, device='cuda:0', grad_fn=<DivBackward0>)
Memory status after this epoch: 
Memory allocated:  776.4404296875
Memory cached:  1378.0
	 epoch  40 training error:  tensor(0.2589, device='cuda:0', grad_fn=<DivBackward0>)
Memory status after this epoch: 
Memory allocated:  776.4404296875
Memory cached:  1376.0
	 epoch  50 training error:  tensor(0.2392, device='cuda:0', grad_fn=<DivBackward0>)
Memory status after this epoch: 
Memory allocated:  776.4404296875
Memory cached:  1376.0
	 epoch  60 training error:  tensor(0.1945, device='cuda:0', grad_fn=<DivBackward0>)
Memory status after this epoch: 
Memory allocated:  776.4404296875
Memory cached:  1378.0
	 epoch  70 training error:  tensor(0.1810, device='cuda:0', grad_fn=<DivBackward0>)
Memory status after this epoch: 
Memory allocated:  776.4404296875
Memory cached:  1374.0
	 epoch  80 training error:  tensor(0.1249, device='cuda:0', grad_fn=<DivBackward0>)
Memory status after this epoch: 
Memory allocated:  776.4404296875
Memory cached:  1380.0
	 epoch  90 training error:  tensor(0.1266, device='cuda:0', grad_fn=<DivBackward0>)
Memory status after this epoch: 
Memory allocated:  776.4404296875
Memory cached:  1374.0
[I 2024-02-17 08:00:35,666] Trial 104 finished with value: 0.08770900964736938 and parameters: {'W_layers': 8, 'W_layer_units_exponent_0': 6, 'W_layer_units_exponent_1': 6, 'W_layer_units_exponent_2': 9, 'W_layer_units_exponent_3': 10, 'W_layer_units_exponent_4': 6, 'W_layer_units_exponent_5': 7, 'W_layer_units_exponent_6': 7, 'W_layer_units_exponent_7': 6, 'D_layers': 3, 'D_layer_units_exponent_0': 6, 'D_layer_units_exponent_1': 4, 'D_layer_units_exponent_2': 7, 'D_dagger_layers': 4, 'D_dagger_layer_units_exponent_0': 9, 'D_dagger_layer_units_exponent_1': 10, 'D_dagger_layer_units_exponent_2': 8, 'D_dagger_layer_units_exponent_3': 6, 'log_learning_rate': -4.0936394955975715, 'log_learning_rate_D': -3.1849747378985747, 'log_learning_rate_D_dagger': -2.7944587135121566, 'training_batch_size': 6, 'training_p': 7}. Best is trial 45 with value: 0.03961218520998955.
Time for this trial:  837.9087545871735
Memory status after this trial: 
Memory allocated:  1635.85205078125
Memory cached:  1656.0
--------------------  Trial  105   --------------------
Start timing: 
Parameters: 
{'W_layers': 5, 'W_layer_units_exponent_0': 7, 'W_layer_units_exponent_1': 6, 'W_layer_units_exponent_2': 10, 'W_layer_units_exponent_3': 8, 'W_layer_units_exponent_4': 6, 'D_layers': 4, 'D_layer_units_exponent_0': 6, 'D_layer_units_exponent_1': 4, 'D_layer_units_exponent_2': 7, 'D_layer_units_exponent_3': 10, 'D_dagger_layers': 5, 'D_dagger_layer_units_exponent_0': 9, 'D_dagger_layer_units_exponent_1': 9, 'D_dagger_layer_units_exponent_2': 7, 'D_dagger_layer_units_exponent_3': 4, 'D_dagger_layer_units_exponent_4': 9, 'log_learning_rate': -4.1525934935184985, 'log_learning_rate_D': -3.630425016505138, 'log_learning_rate_D_dagger': -2.554999295776767, 'training_batch_size': 6, 'training_p': 7}
	 epoch  0 training error:  tensor(0.9520, device='cuda:0', grad_fn=<DivBackward0>)
Memory status after this epoch: 
Memory allocated:  766.6826171875
Memory cached:  1336.0
	 epoch  10 training error:  tensor(0.5222, device='cuda:0', grad_fn=<DivBackward0>)
Memory status after this epoch: 
Memory allocated:  766.6826171875
Memory cached:  1346.0
	 epoch  20 training error:  tensor(0.5146, device='cuda:0', grad_fn=<DivBackward0>)
Memory status after this epoch: 
Memory allocated:  766.6826171875
Memory cached:  1340.0
	 epoch  30 training error:  tensor(0.4882, device='cuda:0', grad_fn=<DivBackward0>)
Memory status after this epoch: 
Memory allocated:  766.6826171875
Memory cached:  1340.0
	 epoch  40 training error:  tensor(0.4197, device='cuda:0', grad_fn=<DivBackward0>)
Memory status after this epoch: 
Memory allocated:  766.6826171875
Memory cached:  1338.0
	 epoch  50 training error:  tensor(0.3281, device='cuda:0', grad_fn=<DivBackward0>)
Memory status after this epoch: 
Memory allocated:  766.6826171875
Memory cached:  1344.0
	 epoch  60 training error:  tensor(0.2661, device='cuda:0', grad_fn=<DivBackward0>)
Memory status after this epoch: 
Memory allocated:  766.6826171875
Memory cached:  1342.0
	 epoch  70 training error:  tensor(0.1977, device='cuda:0', grad_fn=<DivBackward0>)
Memory status after this epoch: 
Memory allocated:  766.6826171875
Memory cached:  1350.0
	 epoch  80 training error:  tensor(0.1767, device='cuda:0', grad_fn=<DivBackward0>)
Memory status after this epoch: 
Memory allocated:  766.6826171875
Memory cached:  1342.0
	 epoch  90 training error:  tensor(0.1531, device='cuda:0', grad_fn=<DivBackward0>)
Memory status after this epoch: 
Memory allocated:  766.6826171875
Memory cached:  1348.0
[I 2024-02-17 08:14:02,948] Trial 105 finished with value: 0.09192196279764175 and parameters: {'W_layers': 5, 'W_layer_units_exponent_0': 7, 'W_layer_units_exponent_1': 6, 'W_layer_units_exponent_2': 10, 'W_layer_units_exponent_3': 8, 'W_layer_units_exponent_4': 6, 'D_layers': 4, 'D_layer_units_exponent_0': 6, 'D_layer_units_exponent_1': 4, 'D_layer_units_exponent_2': 7, 'D_layer_units_exponent_3': 10, 'D_dagger_layers': 5, 'D_dagger_layer_units_exponent_0': 9, 'D_dagger_layer_units_exponent_1': 9, 'D_dagger_layer_units_exponent_2': 7, 'D_dagger_layer_units_exponent_3': 4, 'D_dagger_layer_units_exponent_4': 9, 'log_learning_rate': -4.1525934935184985, 'log_learning_rate_D': -3.630425016505138, 'log_learning_rate_D_dagger': -2.554999295776767, 'training_batch_size': 6, 'training_p': 7}. Best is trial 45 with value: 0.03961218520998955.
Time for this trial:  806.7604167461395
Memory status after this trial: 
Memory allocated:  1659.82080078125
Memory cached:  1670.0
--------------------  Trial  106   --------------------
Start timing: 
Parameters: 
{'W_layers': 4, 'W_layer_units_exponent_0': 7, 'W_layer_units_exponent_1': 6, 'W_layer_units_exponent_2': 8, 'W_layer_units_exponent_3': 9, 'D_layers': 3, 'D_layer_units_exponent_0': 5, 'D_layer_units_exponent_1': 4, 'D_layer_units_exponent_2': 7, 'D_dagger_layers': 4, 'D_dagger_layer_units_exponent_0': 9, 'D_dagger_layer_units_exponent_1': 9, 'D_dagger_layer_units_exponent_2': 6, 'D_dagger_layer_units_exponent_3': 5, 'log_learning_rate': -4.351252310925289, 'log_learning_rate_D': -3.5049915753319674, 'log_learning_rate_D_dagger': -3.109968241292627, 'training_batch_size': 6, 'training_p': 6}
	 epoch  0 training error:  tensor(0.7407, device='cuda:0', grad_fn=<DivBackward0>)
Memory status after this epoch: 
Memory allocated:  761.0029296875
Memory cached:  1330.0
	 epoch  10 training error:  tensor(0.5031, device='cuda:0', grad_fn=<DivBackward0>)
Memory status after this epoch: 
Memory allocated:  761.0029296875
Memory cached:  1330.0
	 epoch  20 training error:  tensor(0.4939, device='cuda:0', grad_fn=<DivBackward0>)
Memory status after this epoch: 
Memory allocated:  761.0029296875
Memory cached:  1330.0
	 epoch  30 training error:  tensor(0.4874, device='cuda:0', grad_fn=<DivBackward0>)
Memory status after this epoch: 
Memory allocated:  761.0029296875
Memory cached:  1330.0
	 epoch  40 training error:  tensor(0.3661, device='cuda:0', grad_fn=<DivBackward0>)
Memory status after this epoch: 
Memory allocated:  761.0029296875
Memory cached:  1330.0
	 epoch  50 training error:  tensor(0.2671, device='cuda:0', grad_fn=<DivBackward0>)
Memory status after this epoch: 
Memory allocated:  761.0029296875
Memory cached:  1330.0
	 epoch  60 training error:  tensor(0.2426, device='cuda:0', grad_fn=<DivBackward0>)
Memory status after this epoch: 
Memory allocated:  761.0029296875
Memory cached:  1330.0
	 epoch  70 training error:  tensor(0.2563, device='cuda:0', grad_fn=<DivBackward0>)
Memory status after this epoch: 
Memory allocated:  761.0029296875
Memory cached:  1330.0
	 epoch  80 training error:  tensor(0.2263, device='cuda:0', grad_fn=<DivBackward0>)
Memory status after this epoch: 
Memory allocated:  761.0029296875
Memory cached:  1330.0
	 epoch  90 training error:  tensor(0.1946, device='cuda:0', grad_fn=<DivBackward0>)
Memory status after this epoch: 
Memory allocated:  761.0029296875
Memory cached:  1330.0
[I 2024-02-17 08:25:26,547] Trial 106 finished with value: 0.12194700539112091 and parameters: {'W_layers': 4, 'W_layer_units_exponent_0': 7, 'W_layer_units_exponent_1': 6, 'W_layer_units_exponent_2': 8, 'W_layer_units_exponent_3': 9, 'D_layers': 3, 'D_layer_units_exponent_0': 5, 'D_layer_units_exponent_1': 4, 'D_layer_units_exponent_2': 7, 'D_dagger_layers': 4, 'D_dagger_layer_units_exponent_0': 9, 'D_dagger_layer_units_exponent_1': 9, 'D_dagger_layer_units_exponent_2': 6, 'D_dagger_layer_units_exponent_3': 5, 'log_learning_rate': -4.351252310925289, 'log_learning_rate_D': -3.5049915753319674, 'log_learning_rate_D_dagger': -3.109968241292627, 'training_batch_size': 6, 'training_p': 6}. Best is trial 45 with value: 0.03961218520998955.
Time for this trial:  683.157616853714
Memory status after this trial: 
Memory allocated:  1219.02197265625
Memory cached:  1330.0
--------------------  Trial  107   --------------------
Start timing: 
Parameters: 
{'W_layers': 5, 'W_layer_units_exponent_0': 7, 'W_layer_units_exponent_1': 5, 'W_layer_units_exponent_2': 9, 'W_layer_units_exponent_3': 9, 'W_layer_units_exponent_4': 8, 'D_layers': 3, 'D_layer_units_exponent_0': 7, 'D_layer_units_exponent_1': 4, 'D_layer_units_exponent_2': 6, 'D_dagger_layers': 4, 'D_dagger_layer_units_exponent_0': 8, 'D_dagger_layer_units_exponent_1': 9, 'D_dagger_layer_units_exponent_2': 8, 'D_dagger_layer_units_exponent_3': 6, 'log_learning_rate': -4.591621746046319, 'log_learning_rate_D': -3.4149957525428825, 'log_learning_rate_D_dagger': -2.759420884011987, 'training_batch_size': 7, 'training_p': 5}
	 epoch  0 training error:  tensor(0.7547, device='cuda:0', grad_fn=<DivBackward0>)
Memory status after this epoch: 
Memory allocated:  764.5615234375
Memory cached:  1330.0
	 epoch  10 training error:  tensor(0.4801, device='cuda:0', grad_fn=<DivBackward0>)
Memory status after this epoch: 
Memory allocated:  764.5615234375
Memory cached:  1330.0
	 epoch  20 training error:  tensor(0.4610, device='cuda:0', grad_fn=<DivBackward0>)
Memory status after this epoch: 
Memory allocated:  764.5615234375
Memory cached:  1330.0
	 epoch  30 training error:  tensor(0.4587, device='cuda:0', grad_fn=<DivBackward0>)
Memory status after this epoch: 
Memory allocated:  764.5615234375
Memory cached:  1330.0
	 epoch  40 training error:  tensor(0.4534, device='cuda:0', grad_fn=<DivBackward0>)
Memory status after this epoch: 
Memory allocated:  764.5615234375
Memory cached:  1330.0
	 epoch  50 training error:  tensor(0.4511, device='cuda:0', grad_fn=<DivBackward0>)
Memory status after this epoch: 
Memory allocated:  764.5615234375
Memory cached:  1330.0
	 epoch  60 training error:  tensor(0.4060, device='cuda:0', grad_fn=<DivBackward0>)
Memory status after this epoch: 
Memory allocated:  764.5615234375
Memory cached:  1332.0
	 epoch  70 training error:  tensor(0.3504, device='cuda:0', grad_fn=<DivBackward0>)
Memory status after this epoch: 
Memory allocated:  764.5615234375
Memory cached:  1332.0
	 epoch  80 training error:  tensor(0.2768, device='cuda:0', grad_fn=<DivBackward0>)
Memory status after this epoch: 
Memory allocated:  764.5615234375
Memory cached:  1330.0
	 epoch  90 training error:  tensor(0.2572, device='cuda:0', grad_fn=<DivBackward0>)
Memory status after this epoch: 
Memory allocated:  764.5615234375
Memory cached:  1330.0
