[I 2024-01-02 03:15:37,344] Trial 234 finished with value: 0.327192097902298 and parameters: {'W_layers': 7, 'W_layer_units_exponent_0': 6, 'W_layer_units_exponent_1': 9, 'W_layer_units_exponent_2': 4, 'W_layer_units_exponent_3': 9, 'W_layer_units_exponent_4': 7, 'W_layer_units_exponent_5': 5, 'W_layer_units_exponent_6': 10, 'D_layers': 7, 'D_layer_units_exponent_0': 9, 'D_layer_units_exponent_1': 9, 'D_layer_units_exponent_2': 7, 'D_layer_units_exponent_3': 8, 'D_layer_units_exponent_4': 5, 'D_layer_units_exponent_5': 5, 'D_layer_units_exponent_6': 7, 'D_dagger_layers': 4, 'D_dagger_layer_units_exponent_0': 8, 'D_dagger_layer_units_exponent_1': 10, 'D_dagger_layer_units_exponent_2': 8, 'D_dagger_layer_units_exponent_3': 4, 'log_learning_rate': -3.302977518095794, 'log_learning_rate_D': -1.4481056812196738, 'log_learning_rate_D_dagger': -4.15360593835927, 'training_batch_size': 10, 'training_p': 2}. Best is trial 143 with value: 0.325590580701828.
Time for this trial:  22.464473009109497
Memory status after this trial: 
Memory allocated:  413.67529296875
Memory cached:  438.0
--------------------  Trial  235   --------------------
Start timing: 
Parameters: 
{'W_layers': 7, 'W_layer_units_exponent_0': 6, 'W_layer_units_exponent_1': 9, 'W_layer_units_exponent_2': 4, 'W_layer_units_exponent_3': 9, 'W_layer_units_exponent_4': 7, 'W_layer_units_exponent_5': 5, 'W_layer_units_exponent_6': 10, 'D_layers': 7, 'D_layer_units_exponent_0': 9, 'D_layer_units_exponent_1': 9, 'D_layer_units_exponent_2': 7, 'D_layer_units_exponent_3': 8, 'D_layer_units_exponent_4': 5, 'D_layer_units_exponent_5': 5, 'D_layer_units_exponent_6': 7, 'D_dagger_layers': 4, 'D_dagger_layer_units_exponent_0': 8, 'D_dagger_layer_units_exponent_1': 10, 'D_dagger_layer_units_exponent_2': 8, 'D_dagger_layer_units_exponent_3': 4, 'log_learning_rate': -3.470222364137065, 'log_learning_rate_D': -1.6456000110631308, 'log_learning_rate_D_dagger': -3.8308939919255036, 'training_batch_size': 10, 'training_p': 8}
	 epoch  0 training error:  tensor(1.0276, device='cuda:0', grad_fn=<DivBackward0>)
Memory status after this epoch: 
Memory allocated:  219.06201171875
Memory cached:  232.0
	 epoch  10 training error:  tensor(0.5931, device='cuda:0', grad_fn=<DivBackward0>)
Memory status after this epoch: 
Memory allocated:  219.06201171875
Memory cached:  238.0
	 epoch  20 training error:  tensor(0.5762, device='cuda:0', grad_fn=<DivBackward0>)
Memory status after this epoch: 
Memory allocated:  219.06201171875
Memory cached:  238.0
	 epoch  30 training error:  tensor(0.5605, device='cuda:0', grad_fn=<DivBackward0>)
Memory status after this epoch: 
Memory allocated:  219.06201171875
Memory cached:  238.0
	 epoch  40 training error:  tensor(0.5518, device='cuda:0', grad_fn=<DivBackward0>)
Memory status after this epoch: 
Memory allocated:  219.06201171875
Memory cached:  238.0
	 epoch  50 training error:  tensor(0.5517, device='cuda:0', grad_fn=<DivBackward0>)
Memory status after this epoch: 
Memory allocated:  219.06201171875
Memory cached:  238.0
	 epoch  60 training error:  tensor(0.5509, device='cuda:0', grad_fn=<DivBackward0>)
Memory status after this epoch: 
Memory allocated:  219.06201171875
Memory cached:  238.0
	 epoch  70 training error:  tensor(0.5491, device='cuda:0', grad_fn=<DivBackward0>)
Memory status after this epoch: 
Memory allocated:  219.06201171875
Memory cached:  238.0
	 epoch  80 training error:  tensor(0.5476, device='cuda:0', grad_fn=<DivBackward0>)
Memory status after this epoch: 
Memory allocated:  219.06201171875
Memory cached:  238.0
	 epoch  90 training error:  tensor(0.5486, device='cuda:0', grad_fn=<DivBackward0>)
Memory status after this epoch: 
Memory allocated:  219.06201171875
Memory cached:  238.0
[I 2024-01-02 03:16:00,082] Trial 235 finished with value: 0.4484284520149231 and parameters: {'W_layers': 7, 'W_layer_units_exponent_0': 6, 'W_layer_units_exponent_1': 9, 'W_layer_units_exponent_2': 4, 'W_layer_units_exponent_3': 9, 'W_layer_units_exponent_4': 7, 'W_layer_units_exponent_5': 5, 'W_layer_units_exponent_6': 10, 'D_layers': 7, 'D_layer_units_exponent_0': 9, 'D_layer_units_exponent_1': 9, 'D_layer_units_exponent_2': 7, 'D_layer_units_exponent_3': 8, 'D_layer_units_exponent_4': 5, 'D_layer_units_exponent_5': 5, 'D_layer_units_exponent_6': 7, 'D_dagger_layers': 4, 'D_dagger_layer_units_exponent_0': 8, 'D_dagger_layer_units_exponent_1': 10, 'D_dagger_layer_units_exponent_2': 8, 'D_dagger_layer_units_exponent_3': 4, 'log_learning_rate': -3.470222364137065, 'log_learning_rate_D': -1.6456000110631308, 'log_learning_rate_D_dagger': -3.8308939919255036, 'training_batch_size': 10, 'training_p': 8}. Best is trial 143 with value: 0.325590580701828.
Time for this trial:  22.273979663848877
Memory status after this trial: 
Memory allocated:  413.67529296875
Memory cached:  438.0
--------------------  Trial  236   --------------------
Start timing: 
Parameters: 
{'W_layers': 7, 'W_layer_units_exponent_0': 6, 'W_layer_units_exponent_1': 9, 'W_layer_units_exponent_2': 4, 'W_layer_units_exponent_3': 9, 'W_layer_units_exponent_4': 7, 'W_layer_units_exponent_5': 5, 'W_layer_units_exponent_6': 7, 'D_layers': 7, 'D_layer_units_exponent_0': 9, 'D_layer_units_exponent_1': 9, 'D_layer_units_exponent_2': 7, 'D_layer_units_exponent_3': 8, 'D_layer_units_exponent_4': 5, 'D_layer_units_exponent_5': 5, 'D_layer_units_exponent_6': 7, 'D_dagger_layers': 4, 'D_dagger_layer_units_exponent_0': 8, 'D_dagger_layer_units_exponent_1': 10, 'D_dagger_layer_units_exponent_2': 8, 'D_dagger_layer_units_exponent_3': 4, 'log_learning_rate': -3.106000787135102, 'log_learning_rate_D': -1.4663316320227466, 'log_learning_rate_D_dagger': -4.041346669254822, 'training_batch_size': 10, 'training_p': 2}
	 epoch  0 training error:  tensor(0.9478, device='cuda:0', grad_fn=<DivBackward0>)
Memory status after this epoch: 
Memory allocated:  218.59716796875
Memory cached:  230.0
	 epoch  10 training error:  tensor(0.3115, device='cuda:0', grad_fn=<DivBackward0>)
Memory status after this epoch: 
Memory allocated:  218.59716796875
Memory cached:  236.0
	 epoch  20 training error:  tensor(0.3026, device='cuda:0', grad_fn=<DivBackward0>)
Memory status after this epoch: 
Memory allocated:  218.59716796875
Memory cached:  236.0
	 epoch  30 training error:  tensor(0.2948, device='cuda:0', grad_fn=<DivBackward0>)
Memory status after this epoch: 
Memory allocated:  218.59716796875
Memory cached:  236.0
	 epoch  40 training error:  tensor(0.2941, device='cuda:0', grad_fn=<DivBackward0>)
Memory status after this epoch: 
Memory allocated:  218.59716796875
Memory cached:  236.0
	 epoch  50 training error:  tensor(0.2865, device='cuda:0', grad_fn=<DivBackward0>)
Memory status after this epoch: 
Memory allocated:  218.59716796875
Memory cached:  236.0
	 epoch  60 training error:  tensor(0.2901, device='cuda:0', grad_fn=<DivBackward0>)
Memory status after this epoch: 
Memory allocated:  218.59716796875
Memory cached:  236.0
	 epoch  70 training error:  tensor(0.2882, device='cuda:0', grad_fn=<DivBackward0>)
Memory status after this epoch: 
Memory allocated:  218.59716796875
Memory cached:  236.0
	 epoch  80 training error:  tensor(0.2847, device='cuda:0', grad_fn=<DivBackward0>)
Memory status after this epoch: 
Memory allocated:  218.59716796875
Memory cached:  236.0
	 epoch  90 training error:  tensor(0.2869, device='cuda:0', grad_fn=<DivBackward0>)
Memory status after this epoch: 
Memory allocated:  218.59716796875
Memory cached:  236.0
[I 2024-01-02 03:16:22,447] Trial 236 finished with value: 0.326764315366745 and parameters: {'W_layers': 7, 'W_layer_units_exponent_0': 6, 'W_layer_units_exponent_1': 9, 'W_layer_units_exponent_2': 4, 'W_layer_units_exponent_3': 9, 'W_layer_units_exponent_4': 7, 'W_layer_units_exponent_5': 5, 'W_layer_units_exponent_6': 7, 'D_layers': 7, 'D_layer_units_exponent_0': 9, 'D_layer_units_exponent_1': 9, 'D_layer_units_exponent_2': 7, 'D_layer_units_exponent_3': 8, 'D_layer_units_exponent_4': 5, 'D_layer_units_exponent_5': 5, 'D_layer_units_exponent_6': 7, 'D_dagger_layers': 4, 'D_dagger_layer_units_exponent_0': 8, 'D_dagger_layer_units_exponent_1': 10, 'D_dagger_layer_units_exponent_2': 8, 'D_dagger_layer_units_exponent_3': 4, 'log_learning_rate': -3.106000787135102, 'log_learning_rate_D': -1.4663316320227466, 'log_learning_rate_D_dagger': -4.041346669254822, 'training_batch_size': 10, 'training_p': 2}. Best is trial 143 with value: 0.325590580701828.
Time for this trial:  21.87142324447632
Memory status after this trial: 
Memory allocated:  371.11474609375
Memory cached:  388.0
--------------------  Trial  237   --------------------
Start timing: 
Parameters: 
{'W_layers': 6, 'W_layer_units_exponent_0': 5, 'W_layer_units_exponent_1': 9, 'W_layer_units_exponent_2': 6, 'W_layer_units_exponent_3': 7, 'W_layer_units_exponent_4': 7, 'W_layer_units_exponent_5': 8, 'D_layers': 7, 'D_layer_units_exponent_0': 9, 'D_layer_units_exponent_1': 9, 'D_layer_units_exponent_2': 8, 'D_layer_units_exponent_3': 6, 'D_layer_units_exponent_4': 5, 'D_layer_units_exponent_5': 10, 'D_layer_units_exponent_6': 7, 'D_dagger_layers': 4, 'D_dagger_layer_units_exponent_0': 8, 'D_dagger_layer_units_exponent_1': 10, 'D_dagger_layer_units_exponent_2': 8, 'D_dagger_layer_units_exponent_3': 4, 'log_learning_rate': -3.778656536867091, 'log_learning_rate_D': -1.344329410032844, 'log_learning_rate_D_dagger': -4.2213427633377, 'training_batch_size': 10, 'training_p': 2}
	 epoch  0 training error:  tensor(0.9780, device='cuda:0', grad_fn=<DivBackward0>)
Memory status after this epoch: 
Memory allocated:  219.1162109375
Memory cached:  234.0
	 epoch  10 training error:  tensor(0.4295, device='cuda:0', grad_fn=<DivBackward0>)
Memory status after this epoch: 
Memory allocated:  219.1162109375
Memory cached:  234.0
	 epoch  20 training error:  tensor(0.3303, device='cuda:0', grad_fn=<DivBackward0>)
Memory status after this epoch: 
Memory allocated:  219.1162109375
Memory cached:  234.0
	 epoch  30 training error:  tensor(0.2984, device='cuda:0', grad_fn=<DivBackward0>)
Memory status after this epoch: 
Memory allocated:  219.1162109375
Memory cached:  234.0
	 epoch  40 training error:  tensor(0.2945, device='cuda:0', grad_fn=<DivBackward0>)
Memory status after this epoch: 
Memory allocated:  219.1162109375
Memory cached:  236.0
	 epoch  50 training error:  tensor(0.2858, device='cuda:0', grad_fn=<DivBackward0>)
Memory status after this epoch: 
Memory allocated:  219.1162109375
Memory cached:  234.0
	 epoch  60 training error:  tensor(0.2855, device='cuda:0', grad_fn=<DivBackward0>)
Memory status after this epoch: 
Memory allocated:  219.1162109375
Memory cached:  234.0
	 epoch  70 training error:  tensor(0.2874, device='cuda:0', grad_fn=<DivBackward0>)
Memory status after this epoch: 
Memory allocated:  219.1162109375
Memory cached:  234.0
	 epoch  80 training error:  tensor(0.2849, device='cuda:0', grad_fn=<DivBackward0>)
Memory status after this epoch: 
Memory allocated:  219.1162109375
Memory cached:  234.0
	 epoch  90 training error:  tensor(0.2873, device='cuda:0', grad_fn=<DivBackward0>)
Memory status after this epoch: 
Memory allocated:  219.1162109375
Memory cached:  234.0
[I 2024-01-02 03:16:44,767] Trial 237 finished with value: 0.32880911231040955 and parameters: {'W_layers': 6, 'W_layer_units_exponent_0': 5, 'W_layer_units_exponent_1': 9, 'W_layer_units_exponent_2': 6, 'W_layer_units_exponent_3': 7, 'W_layer_units_exponent_4': 7, 'W_layer_units_exponent_5': 8, 'D_layers': 7, 'D_layer_units_exponent_0': 9, 'D_layer_units_exponent_1': 9, 'D_layer_units_exponent_2': 8, 'D_layer_units_exponent_3': 6, 'D_layer_units_exponent_4': 5, 'D_layer_units_exponent_5': 10, 'D_layer_units_exponent_6': 7, 'D_dagger_layers': 4, 'D_dagger_layer_units_exponent_0': 8, 'D_dagger_layer_units_exponent_1': 10, 'D_dagger_layer_units_exponent_2': 8, 'D_dagger_layer_units_exponent_3': 4, 'log_learning_rate': -3.778656536867091, 'log_learning_rate_D': -1.344329410032844, 'log_learning_rate_D_dagger': -4.2213427633377, 'training_batch_size': 10, 'training_p': 2}. Best is trial 143 with value: 0.325590580701828.
Time for this trial:  21.82739567756653
Memory status after this trial: 
Memory allocated:  355.01611328125
Memory cached:  368.0
--------------------  Trial  238   --------------------
Start timing: 
Parameters: 
{'W_layers': 8, 'W_layer_units_exponent_0': 8, 'W_layer_units_exponent_1': 9, 'W_layer_units_exponent_2': 5, 'W_layer_units_exponent_3': 9, 'W_layer_units_exponent_4': 7, 'W_layer_units_exponent_5': 5, 'W_layer_units_exponent_6': 9, 'W_layer_units_exponent_7': 5, 'D_layers': 5, 'D_layer_units_exponent_0': 4, 'D_layer_units_exponent_1': 8, 'D_layer_units_exponent_2': 7, 'D_layer_units_exponent_3': 8, 'D_layer_units_exponent_4': 5, 'D_dagger_layers': 4, 'D_dagger_layer_units_exponent_0': 8, 'D_dagger_layer_units_exponent_1': 10, 'D_dagger_layer_units_exponent_2': 5, 'D_dagger_layer_units_exponent_3': 4, 'log_learning_rate': -1.7203733832320203, 'log_learning_rate_D': -1.5654678659443235, 'log_learning_rate_D_dagger': -3.754741390037387, 'training_batch_size': 6, 'training_p': 2}
	 epoch  0 training error:  tensor(1.2071, device='cuda:0', grad_fn=<DivBackward0>)
Memory status after this epoch: 
Memory allocated:  216.0830078125
Memory cached:  230.0
	 epoch  10 training error:  tensor(0.2985, device='cuda:0', grad_fn=<DivBackward0>)
Memory status after this epoch: 
Memory allocated:  216.0830078125
Memory cached:  232.0
	 epoch  20 training error:  tensor(0.2911, device='cuda:0', grad_fn=<DivBackward0>)
Memory status after this epoch: 
Memory allocated:  216.0830078125
Memory cached:  232.0
	 epoch  30 training error:  tensor(0.2864, device='cuda:0', grad_fn=<DivBackward0>)
Memory status after this epoch: 
Memory allocated:  216.0830078125
Memory cached:  232.0
	 epoch  40 training error:  tensor(0.2871, device='cuda:0', grad_fn=<DivBackward0>)
Memory status after this epoch: 
Memory allocated:  216.0830078125
Memory cached:  232.0
	 epoch  50 training error:  tensor(0.2883, device='cuda:0', grad_fn=<DivBackward0>)
Memory status after this epoch: 
Memory allocated:  216.0830078125
Memory cached:  232.0
	 epoch  60 training error:  tensor(0.2842, device='cuda:0', grad_fn=<DivBackward0>)
Memory status after this epoch: 
Memory allocated:  216.0830078125
Memory cached:  232.0
	 epoch  70 training error:  tensor(0.2839, device='cuda:0', grad_fn=<DivBackward0>)
Memory status after this epoch: 
Memory allocated:  216.0830078125
Memory cached:  232.0
	 epoch  80 training error:  tensor(0.2891, device='cuda:0', grad_fn=<DivBackward0>)
Memory status after this epoch: 
Memory allocated:  216.0830078125
Memory cached:  232.0
	 epoch  90 training error:  tensor(0.2886, device='cuda:0', grad_fn=<DivBackward0>)
Memory status after this epoch: 
Memory allocated:  216.0830078125
Memory cached:  232.0
[I 2024-01-02 03:17:10,829] Trial 238 finished with value: 0.3291418254375458 and parameters: {'W_layers': 8, 'W_layer_units_exponent_0': 8, 'W_layer_units_exponent_1': 9, 'W_layer_units_exponent_2': 5, 'W_layer_units_exponent_3': 9, 'W_layer_units_exponent_4': 7, 'W_layer_units_exponent_5': 5, 'W_layer_units_exponent_6': 9, 'W_layer_units_exponent_7': 5, 'D_layers': 5, 'D_layer_units_exponent_0': 4, 'D_layer_units_exponent_1': 8, 'D_layer_units_exponent_2': 7, 'D_layer_units_exponent_3': 8, 'D_layer_units_exponent_4': 5, 'D_dagger_layers': 4, 'D_dagger_layer_units_exponent_0': 8, 'D_dagger_layer_units_exponent_1': 10, 'D_dagger_layer_units_exponent_2': 5, 'D_dagger_layer_units_exponent_3': 4, 'log_learning_rate': -1.7203733832320203, 'log_learning_rate_D': -1.5654678659443235, 'log_learning_rate_D_dagger': -3.754741390037387, 'training_batch_size': 6, 'training_p': 2}. Best is trial 143 with value: 0.325590580701828.
Time for this trial:  25.644628763198853
Memory status after this trial: 
Memory allocated:  393.46826171875
Memory cached:  400.0
--------------------  Trial  239   --------------------
Start timing: 
Parameters: 
{'W_layers': 7, 'W_layer_units_exponent_0': 9, 'W_layer_units_exponent_1': 9, 'W_layer_units_exponent_2': 6, 'W_layer_units_exponent_3': 7, 'W_layer_units_exponent_4': 7, 'W_layer_units_exponent_5': 9, 'W_layer_units_exponent_6': 10, 'D_layers': 7, 'D_layer_units_exponent_0': 9, 'D_layer_units_exponent_1': 6, 'D_layer_units_exponent_2': 8, 'D_layer_units_exponent_3': 8, 'D_layer_units_exponent_4': 5, 'D_layer_units_exponent_5': 5, 'D_layer_units_exponent_6': 8, 'D_dagger_layers': 4, 'D_dagger_layer_units_exponent_0': 8, 'D_dagger_layer_units_exponent_1': 10, 'D_dagger_layer_units_exponent_2': 10, 'D_dagger_layer_units_exponent_3': 5, 'log_learning_rate': -3.234617579100867, 'log_learning_rate_D': -1.26216782053967, 'log_learning_rate_D_dagger': -2.9267339808388395, 'training_batch_size': 10, 'training_p': 2}
	 epoch  0 training error:  tensor(1.0093, device='cuda:0', grad_fn=<DivBackward0>)
Memory status after this epoch: 
Memory allocated:  242.91357421875
Memory cached:  268.0
	 epoch  10 training error:  tensor(0.4960, device='cuda:0', grad_fn=<DivBackward0>)
Memory status after this epoch: 
Memory allocated:  242.91357421875
Memory cached:  270.0
	 epoch  20 training error:  tensor(0.3105, device='cuda:0', grad_fn=<DivBackward0>)
Memory status after this epoch: 
Memory allocated:  242.91357421875
Memory cached:  270.0
	 epoch  30 training error:  tensor(0.2952, device='cuda:0', grad_fn=<DivBackward0>)
Memory status after this epoch: 
Memory allocated:  242.91357421875
Memory cached:  270.0
	 epoch  40 training error:  tensor(0.2928, device='cuda:0', grad_fn=<DivBackward0>)
Memory status after this epoch: 
Memory allocated:  242.91357421875
Memory cached:  270.0
	 epoch  50 training error:  tensor(0.2959, device='cuda:0', grad_fn=<DivBackward0>)
Memory status after this epoch: 
Memory allocated:  242.91357421875
Memory cached:  270.0
	 epoch  60 training error:  tensor(0.2945, device='cuda:0', grad_fn=<DivBackward0>)
Memory status after this epoch: 
Memory allocated:  242.91357421875
Memory cached:  270.0
	 epoch  70 training error:  tensor(0.2953, device='cuda:0', grad_fn=<DivBackward0>)
Memory status after this epoch: 
Memory allocated:  242.91357421875
Memory cached:  270.0
	 epoch  80 training error:  tensor(0.2937, device='cuda:0', grad_fn=<DivBackward0>)
Memory status after this epoch: 
Memory allocated:  242.91357421875
Memory cached:  270.0
	 epoch  90 training error:  tensor(0.2923, device='cuda:0', grad_fn=<DivBackward0>)
Memory status after this epoch: 
Memory allocated:  242.91357421875
Memory cached:  270.0
