/home/shengduo/anaconda3/lib/python3.9/site-packages/scipy/__init__.py:146: UserWarning: A NumPy version >=1.16.5 and <1.23.0 is required for this version of SciPy (detected version 1.24.1
  warnings.warn(f"A NumPy version >={np_minversion} and <{np_maxversion}"
[I 2024-01-12 16:40:08,091] A new study created in RDB with name: my_study
Cuda is available:  True
Device is:  cuda:0
Memory allocated:  0.0
Memory cached:  0.0
Data file:  ./data/Trial0112_smallDRS_smallA.pt
Vs.shape:  torch.Size([200, 100])
thetas.shape:  torch.Size([200, 100])
fs.shape:  torch.Size([200, 100])
ts.shape:  torch.Size([200, 100])
Xs.shape:  torch.Size([200, 100])
--------------------  Trial  0   --------------------
Start timing: 
Parameters: 
{'W_layers': 4, 'W_layer_units_exponent_0': 9, 'W_layer_units_exponent_1': 6, 'W_layer_units_exponent_2': 8, 'W_layer_units_exponent_3': 9, 'D_layers': 3, 'D_layer_units_exponent_0': 5, 'D_layer_units_exponent_1': 7, 'D_layer_units_exponent_2': 10, 'D_dagger_layers': 3, 'D_dagger_layer_units_exponent_0': 6, 'D_dagger_layer_units_exponent_1': 9, 'D_dagger_layer_units_exponent_2': 9, 'log_learning_rate': -2.9326108904663784, 'log_learning_rate_D': -1.6607840386502768, 'log_learning_rate_D_dagger': -1.4167436905199287, 'training_batch_size': 8, 'training_p': 2}
	 epoch  0 training error:  tensor(0.8554, device='cuda:0', grad_fn=<DivBackward0>)
Memory status after this epoch: 
Memory allocated:  9.6376953125
Memory cached:  110.0
	 epoch  10 training error:  tensor(10.0802, device='cuda:0', grad_fn=<DivBackward0>)
Memory status after this epoch: 
Memory allocated:  9.6376953125
Memory cached:  158.0
	 epoch  20 training error:  tensor(0.6758, device='cuda:0', grad_fn=<DivBackward0>)
Memory status after this epoch: 
Memory allocated:  9.6376953125
Memory cached:  152.0
	 epoch  30 training error:  tensor(0.6893, device='cuda:0', grad_fn=<DivBackward0>)
Memory status after this epoch: 
Memory allocated:  9.6376953125
Memory cached:  146.0
	 epoch  40 training error:  tensor(0.5336, device='cuda:0', grad_fn=<DivBackward0>)
Memory status after this epoch: 
Memory allocated:  9.6376953125
Memory cached:  148.0
	 epoch  50 training error:  tensor(0.4707, device='cuda:0', grad_fn=<DivBackward0>)
Memory status after this epoch: 
Memory allocated:  9.6376953125
Memory cached:  152.0
	 epoch  60 training error:  tensor(0.4862, device='cuda:0', grad_fn=<DivBackward0>)
Memory status after this epoch: 
Memory allocated:  9.6376953125
Memory cached:  158.0
	 epoch  70 training error:  tensor(0.4659, device='cuda:0', grad_fn=<DivBackward0>)
Memory status after this epoch: 
Memory allocated:  9.6376953125
Memory cached:  152.0
	 epoch  80 training error:  tensor(0.4730, device='cuda:0', grad_fn=<DivBackward0>)
Memory status after this epoch: 
Memory allocated:  9.6376953125
Memory cached:  148.0
	 epoch  90 training error:  tensor(0.4661, device='cuda:0', grad_fn=<DivBackward0>)
Memory status after this epoch: 
Memory allocated:  9.6376953125
Memory cached:  152.0
[I 2024-01-12 16:43:05,250] Trial 0 finished with value: 0.49283453822135925 and parameters: {'W_layers': 4, 'W_layer_units_exponent_0': 9, 'W_layer_units_exponent_1': 6, 'W_layer_units_exponent_2': 8, 'W_layer_units_exponent_3': 9, 'D_layers': 3, 'D_layer_units_exponent_0': 5, 'D_layer_units_exponent_1': 7, 'D_layer_units_exponent_2': 10, 'D_dagger_layers': 3, 'D_dagger_layer_units_exponent_0': 6, 'D_dagger_layer_units_exponent_1': 9, 'D_dagger_layer_units_exponent_2': 9, 'log_learning_rate': -2.9326108904663784, 'log_learning_rate_D': -1.6607840386502768, 'log_learning_rate_D_dagger': -1.4167436905199287, 'training_batch_size': 8, 'training_p': 2}. Best is trial 0 with value: 0.49283453822135925.
res:  tensor(0.4928, device='cuda:0', grad_fn=<DivBackward0>)
self.bestValue:  10000000.0
Save this model!
Time for this trial:  176.90683460235596
Memory status after this trial: 
Memory allocated:  359.095703125
Memory cached:  366.0
--------------------  Trial  1   --------------------
Start timing: 
Parameters: 
{'W_layers': 7, 'W_layer_units_exponent_0': 5, 'W_layer_units_exponent_1': 8, 'W_layer_units_exponent_2': 4, 'W_layer_units_exponent_3': 6, 'W_layer_units_exponent_4': 5, 'W_layer_units_exponent_5': 5, 'W_layer_units_exponent_6': 5, 'D_layers': 3, 'D_layer_units_exponent_0': 6, 'D_layer_units_exponent_1': 5, 'D_layer_units_exponent_2': 9, 'D_dagger_layers': 6, 'D_dagger_layer_units_exponent_0': 4, 'D_dagger_layer_units_exponent_1': 6, 'D_dagger_layer_units_exponent_2': 10, 'D_dagger_layer_units_exponent_3': 10, 'D_dagger_layer_units_exponent_4': 10, 'D_dagger_layer_units_exponent_5': 6, 'log_learning_rate': -2.9546512553575965, 'log_learning_rate_D': -4.066206269713601, 'log_learning_rate_D_dagger': -4.393234347626654, 'training_batch_size': 11, 'training_p': 5}
	 epoch  0 training error:  tensor(1.0146, device='cuda:0', grad_fn=<DivBackward0>)
Memory status after this epoch: 
Memory allocated:  393.818359375
Memory cached:  436.0
	 epoch  10 training error:  tensor(0.5528, device='cuda:0', grad_fn=<DivBackward0>)
Memory status after this epoch: 
Memory allocated:  393.818359375
Memory cached:  450.0
	 epoch  20 training error:  tensor(0.5033, device='cuda:0', grad_fn=<DivBackward0>)
Memory status after this epoch: 
Memory allocated:  393.818359375
Memory cached:  448.0
	 epoch  30 training error:  tensor(0.4828, device='cuda:0', grad_fn=<DivBackward0>)
Memory status after this epoch: 
Memory allocated:  393.818359375
Memory cached:  452.0
	 epoch  40 training error:  tensor(0.4710, device='cuda:0', grad_fn=<DivBackward0>)
Memory status after this epoch: 
Memory allocated:  393.818359375
Memory cached:  448.0
	 epoch  50 training error:  tensor(0.4693, device='cuda:0', grad_fn=<DivBackward0>)
Memory status after this epoch: 
Memory allocated:  393.818359375
Memory cached:  450.0
	 epoch  60 training error:  tensor(0.4675, device='cuda:0', grad_fn=<DivBackward0>)
Memory status after this epoch: 
Memory allocated:  393.818359375
Memory cached:  454.0
	 epoch  70 training error:  tensor(0.4668, device='cuda:0', grad_fn=<DivBackward0>)
Memory status after this epoch: 
Memory allocated:  393.818359375
Memory cached:  454.0
	 epoch  80 training error:  tensor(0.4669, device='cuda:0', grad_fn=<DivBackward0>)
Memory status after this epoch: 
Memory allocated:  393.818359375
Memory cached:  448.0
	 epoch  90 training error:  tensor(0.4670, device='cuda:0', grad_fn=<DivBackward0>)
Memory status after this epoch: 
Memory allocated:  393.818359375
Memory cached:  454.0
[I 2024-01-12 16:47:01,715] Trial 1 finished with value: 0.3563705086708069 and parameters: {'W_layers': 7, 'W_layer_units_exponent_0': 5, 'W_layer_units_exponent_1': 8, 'W_layer_units_exponent_2': 4, 'W_layer_units_exponent_3': 6, 'W_layer_units_exponent_4': 5, 'W_layer_units_exponent_5': 5, 'W_layer_units_exponent_6': 5, 'D_layers': 3, 'D_layer_units_exponent_0': 6, 'D_layer_units_exponent_1': 5, 'D_layer_units_exponent_2': 9, 'D_dagger_layers': 6, 'D_dagger_layer_units_exponent_0': 4, 'D_dagger_layer_units_exponent_1': 6, 'D_dagger_layer_units_exponent_2': 10, 'D_dagger_layer_units_exponent_3': 10, 'D_dagger_layer_units_exponent_4': 10, 'D_dagger_layer_units_exponent_5': 6, 'log_learning_rate': -2.9546512553575965, 'log_learning_rate_D': -4.066206269713601, 'log_learning_rate_D_dagger': -4.393234347626654, 'training_batch_size': 11, 'training_p': 5}. Best is trial 1 with value: 0.3563705086708069.
res:  tensor(0.3564, device='cuda:0', grad_fn=<DivBackward0>)
self.bestValue:  tensor(0.4928, device='cuda:0', grad_fn=<DivBackward0>)
Save this model!
Time for this trial:  236.19631266593933
Memory status after this trial: 
Memory allocated:  466.005859375
Memory cached:  812.0
--------------------  Trial  2   --------------------
Start timing: 
Parameters: 
{'W_layers': 3, 'W_layer_units_exponent_0': 9, 'W_layer_units_exponent_1': 9, 'W_layer_units_exponent_2': 6, 'D_layers': 6, 'D_layer_units_exponent_0': 5, 'D_layer_units_exponent_1': 5, 'D_layer_units_exponent_2': 6, 'D_layer_units_exponent_3': 6, 'D_layer_units_exponent_4': 10, 'D_layer_units_exponent_5': 9, 'D_dagger_layers': 7, 'D_dagger_layer_units_exponent_0': 5, 'D_dagger_layer_units_exponent_1': 4, 'D_dagger_layer_units_exponent_2': 5, 'D_dagger_layer_units_exponent_3': 10, 'D_dagger_layer_units_exponent_4': 4, 'D_dagger_layer_units_exponent_5': 9, 'D_dagger_layer_units_exponent_6': 5, 'log_learning_rate': -1.2977451443122812, 'log_learning_rate_D': -4.595001083261793, 'log_learning_rate_D_dagger': -3.8108690862496175, 'training_batch_size': 11, 'training_p': 6}
	 epoch  0 training error:  tensor(0.8824, device='cuda:0', grad_fn=<DivBackward0>)
Memory status after this epoch: 
Memory allocated:  480.923828125
Memory cached:  804.0
	 epoch  10 training error:  tensor(5.8058, device='cuda:0', grad_fn=<DivBackward0>)
Memory status after this epoch: 
Memory allocated:  480.923828125
Memory cached:  816.0
	 epoch  20 training error:  tensor(5.7819, device='cuda:0', grad_fn=<DivBackward0>)
Memory status after this epoch: 
Memory allocated:  480.923828125
Memory cached:  814.0
	 epoch  30 training error:  tensor(1.3584, device='cuda:0', grad_fn=<DivBackward0>)
Memory status after this epoch: 
Memory allocated:  480.923828125
Memory cached:  814.0
	 epoch  40 training error:  tensor(1.1863, device='cuda:0', grad_fn=<DivBackward0>)
Memory status after this epoch: 
Memory allocated:  480.923828125
Memory cached:  810.0
	 epoch  50 training error:  tensor(0.8942, device='cuda:0', grad_fn=<DivBackward0>)
Memory status after this epoch: 
Memory allocated:  480.923828125
Memory cached:  818.0
	 epoch  60 training error:  tensor(0.6913, device='cuda:0', grad_fn=<DivBackward0>)
Memory status after this epoch: 
Memory allocated:  480.923828125
Memory cached:  820.0
	 epoch  70 training error:  tensor(0.6329, device='cuda:0', grad_fn=<DivBackward0>)
Memory status after this epoch: 
Memory allocated:  480.923828125
Memory cached:  810.0
	 epoch  80 training error:  tensor(26.5827, device='cuda:0', grad_fn=<DivBackward0>)
Memory status after this epoch: 
Memory allocated:  480.923828125
Memory cached:  818.0
	 epoch  90 training error:  tensor(6.5726, device='cuda:0', grad_fn=<DivBackward0>)
Memory status after this epoch: 
Memory allocated:  480.923828125
Memory cached:  816.0
[I 2024-01-12 16:50:58,318] Trial 2 finished with value: 26.790491104125977 and parameters: {'W_layers': 3, 'W_layer_units_exponent_0': 9, 'W_layer_units_exponent_1': 9, 'W_layer_units_exponent_2': 6, 'D_layers': 6, 'D_layer_units_exponent_0': 5, 'D_layer_units_exponent_1': 5, 'D_layer_units_exponent_2': 6, 'D_layer_units_exponent_3': 6, 'D_layer_units_exponent_4': 10, 'D_layer_units_exponent_5': 9, 'D_dagger_layers': 7, 'D_dagger_layer_units_exponent_0': 5, 'D_dagger_layer_units_exponent_1': 4, 'D_dagger_layer_units_exponent_2': 5, 'D_dagger_layer_units_exponent_3': 10, 'D_dagger_layer_units_exponent_4': 4, 'D_dagger_layer_units_exponent_5': 9, 'D_dagger_layer_units_exponent_6': 5, 'log_learning_rate': -1.2977451443122812, 'log_learning_rate_D': -4.595001083261793, 'log_learning_rate_D_dagger': -3.8108690862496175, 'training_batch_size': 11, 'training_p': 6}. Best is trial 1 with value: 0.3563705086708069.
Time for this trial:  236.3599636554718
Memory status after this trial: 
Memory allocated:  941.259765625
Memory cached:  966.0
--------------------  Trial  3   --------------------
Start timing: 
Parameters: 
{'W_layers': 7, 'W_layer_units_exponent_0': 10, 'W_layer_units_exponent_1': 6, 'W_layer_units_exponent_2': 10, 'W_layer_units_exponent_3': 9, 'W_layer_units_exponent_4': 7, 'W_layer_units_exponent_5': 8, 'W_layer_units_exponent_6': 6, 'D_layers': 3, 'D_layer_units_exponent_0': 6, 'D_layer_units_exponent_1': 6, 'D_layer_units_exponent_2': 6, 'D_dagger_layers': 5, 'D_dagger_layer_units_exponent_0': 9, 'D_dagger_layer_units_exponent_1': 6, 'D_dagger_layer_units_exponent_2': 7, 'D_dagger_layer_units_exponent_3': 4, 'D_dagger_layer_units_exponent_4': 6, 'log_learning_rate': -3.3391355531163396, 'log_learning_rate_D': -4.781599288946909, 'log_learning_rate_D_dagger': -1.6902538109597214, 'training_batch_size': 7, 'training_p': 8}
	 epoch  0 training error:  tensor(1.0274, device='cuda:0', grad_fn=<DivBackward0>)
Memory status after this epoch: 
Memory allocated:  478.67578125
Memory cached:  804.0
	 epoch  10 training error:  tensor(0.5975, device='cuda:0', grad_fn=<DivBackward0>)
Memory status after this epoch: 
Memory allocated:  478.67578125
Memory cached:  814.0
	 epoch  20 training error:  tensor(0.5926, device='cuda:0', grad_fn=<DivBackward0>)
Memory status after this epoch: 
Memory allocated:  478.67578125
Memory cached:  816.0
	 epoch  30 training error:  tensor(0.5500, device='cuda:0', grad_fn=<DivBackward0>)
Memory status after this epoch: 
Memory allocated:  478.67578125
Memory cached:  816.0
	 epoch  40 training error:  tensor(0.5496, device='cuda:0', grad_fn=<DivBackward0>)
Memory status after this epoch: 
Memory allocated:  478.67578125
Memory cached:  814.0
	 epoch  50 training error:  tensor(0.5498, device='cuda:0', grad_fn=<DivBackward0>)
Memory status after this epoch: 
Memory allocated:  478.67578125
Memory cached:  812.0
	 epoch  60 training error:  tensor(0.5508, device='cuda:0', grad_fn=<DivBackward0>)
Memory status after this epoch: 
Memory allocated:  478.67578125
Memory cached:  812.0
	 epoch  70 training error:  tensor(0.5684, device='cuda:0', grad_fn=<DivBackward0>)
Memory status after this epoch: 
Memory allocated:  478.67578125
Memory cached:  812.0
	 epoch  80 training error:  tensor(0.7655, device='cuda:0', grad_fn=<DivBackward0>)
Memory status after this epoch: 
Memory allocated:  478.67578125
Memory cached:  814.0
	 epoch  90 training error:  tensor(0.5739, device='cuda:0', grad_fn=<DivBackward0>)
Memory status after this epoch: 
Memory allocated:  478.67578125
Memory cached:  814.0
[I 2024-01-12 16:57:06,904] Trial 3 finished with value: 0.44476696848869324 and parameters: {'W_layers': 7, 'W_layer_units_exponent_0': 10, 'W_layer_units_exponent_1': 6, 'W_layer_units_exponent_2': 10, 'W_layer_units_exponent_3': 9, 'W_layer_units_exponent_4': 7, 'W_layer_units_exponent_5': 8, 'W_layer_units_exponent_6': 6, 'D_layers': 3, 'D_layer_units_exponent_0': 6, 'D_layer_units_exponent_1': 6, 'D_layer_units_exponent_2': 6, 'D_dagger_layers': 5, 'D_dagger_layer_units_exponent_0': 9, 'D_dagger_layer_units_exponent_1': 6, 'D_dagger_layer_units_exponent_2': 7, 'D_dagger_layer_units_exponent_3': 4, 'D_dagger_layer_units_exponent_4': 6, 'log_learning_rate': -3.3391355531163396, 'log_learning_rate_D': -4.781599288946909, 'log_learning_rate_D_dagger': -1.6902538109597214, 'training_batch_size': 7, 'training_p': 8}. Best is trial 1 with value: 0.3563705086708069.
Time for this trial:  368.24859857559204
Memory status after this trial: 
Memory allocated:  901.9375
Memory cached:  926.0
--------------------  Trial  4   --------------------
Start timing: 
Parameters: 
{'W_layers': 2, 'W_layer_units_exponent_0': 5, 'W_layer_units_exponent_1': 9, 'D_layers': 7, 'D_layer_units_exponent_0': 9, 'D_layer_units_exponent_1': 8, 'D_layer_units_exponent_2': 4, 'D_layer_units_exponent_3': 5, 'D_layer_units_exponent_4': 5, 'D_layer_units_exponent_5': 4, 'D_layer_units_exponent_6': 5, 'D_dagger_layers': 4, 'D_dagger_layer_units_exponent_0': 5, 'D_dagger_layer_units_exponent_1': 9, 'D_dagger_layer_units_exponent_2': 8, 'D_dagger_layer_units_exponent_3': 6, 'log_learning_rate': -3.077713425737008, 'log_learning_rate_D': -2.241100266285854, 'log_learning_rate_D_dagger': -1.6593017813909365, 'training_batch_size': 10, 'training_p': 3}
	 epoch  0 training error:  tensor(1.1734, device='cuda:0', grad_fn=<DivBackward0>)
Memory status after this epoch: 
Memory allocated:  470.990234375
Memory cached:  802.0
	 epoch  10 training error:  tensor(0.4868, device='cuda:0', grad_fn=<DivBackward0>)
Memory status after this epoch: 
Memory allocated:  470.990234375
Memory cached:  824.0
	 epoch  20 training error:  tensor(0.3899, device='cuda:0', grad_fn=<DivBackward0>)
Memory status after this epoch: 
Memory allocated:  470.990234375
Memory cached:  830.0
	 epoch  30 training error:  tensor(0.3847, device='cuda:0', grad_fn=<DivBackward0>)
Memory status after this epoch: 
Memory allocated:  470.990234375
Memory cached:  832.0
	 epoch  40 training error:  tensor(0.3918, device='cuda:0', grad_fn=<DivBackward0>)
Memory status after this epoch: 
Memory allocated:  470.990234375
Memory cached:  826.0
	 epoch  50 training error:  tensor(0.3768, device='cuda:0', grad_fn=<DivBackward0>)
Memory status after this epoch: 
Memory allocated:  470.990234375
Memory cached:  828.0
	 epoch  60 training error:  tensor(0.3801, device='cuda:0', grad_fn=<DivBackward0>)
Memory status after this epoch: 
Memory allocated:  470.990234375
Memory cached:  828.0
	 epoch  70 training error:  tensor(0.3738, device='cuda:0', grad_fn=<DivBackward0>)
Memory status after this epoch: 
Memory allocated:  470.990234375
Memory cached:  822.0
	 epoch  80 training error:  tensor(0.3729, device='cuda:0', grad_fn=<DivBackward0>)
Memory status after this epoch: 
Memory allocated:  470.990234375
Memory cached:  828.0
	 epoch  90 training error:  tensor(0.3696, device='cuda:0', grad_fn=<DivBackward0>)
Memory status after this epoch: 
Memory allocated:  470.990234375
Memory cached:  818.0
[I 2024-01-12 17:00:11,252] Trial 4 finished with value: 0.2973838448524475 and parameters: {'W_layers': 2, 'W_layer_units_exponent_0': 5, 'W_layer_units_exponent_1': 9, 'D_layers': 7, 'D_layer_units_exponent_0': 9, 'D_layer_units_exponent_1': 8, 'D_layer_units_exponent_2': 4, 'D_layer_units_exponent_3': 5, 'D_layer_units_exponent_4': 5, 'D_layer_units_exponent_5': 4, 'D_layer_units_exponent_6': 5, 'D_dagger_layers': 4, 'D_dagger_layer_units_exponent_0': 5, 'D_dagger_layer_units_exponent_1': 9, 'D_dagger_layer_units_exponent_2': 8, 'D_dagger_layer_units_exponent_3': 6, 'log_learning_rate': -3.077713425737008, 'log_learning_rate_D': -2.241100266285854, 'log_learning_rate_D_dagger': -1.6593017813909365, 'training_batch_size': 10, 'training_p': 3}. Best is trial 4 with value: 0.2973838448524475.
res:  tensor(0.2974, device='cuda:0', grad_fn=<DivBackward0>)
self.bestValue:  tensor(0.3564, device='cuda:0', grad_fn=<DivBackward0>)
Save this model!
Time for this trial:  184.01435112953186
Memory status after this trial: 
Memory allocated:  238.841796875
Memory cached:  436.0
--------------------  Trial  5   --------------------
Start timing: 
Parameters: 
{'W_layers': 7, 'W_layer_units_exponent_0': 5, 'W_layer_units_exponent_1': 9, 'W_layer_units_exponent_2': 4, 'W_layer_units_exponent_3': 9, 'W_layer_units_exponent_4': 4, 'W_layer_units_exponent_5': 5, 'W_layer_units_exponent_6': 9, 'D_layers': 7, 'D_layer_units_exponent_0': 8, 'D_layer_units_exponent_1': 9, 'D_layer_units_exponent_2': 8, 'D_layer_units_exponent_3': 5, 'D_layer_units_exponent_4': 7, 'D_layer_units_exponent_5': 5, 'D_layer_units_exponent_6': 10, 'D_dagger_layers': 7, 'D_dagger_layer_units_exponent_0': 10, 'D_dagger_layer_units_exponent_1': 9, 'D_dagger_layer_units_exponent_2': 7, 'D_dagger_layer_units_exponent_3': 7, 'D_dagger_layer_units_exponent_4': 8, 'D_dagger_layer_units_exponent_5': 10, 'D_dagger_layer_units_exponent_6': 5, 'log_learning_rate': -3.2713945533349054, 'log_learning_rate_D': -2.478780598745517, 'log_learning_rate_D_dagger': -4.731867567585093, 'training_batch_size': 11, 'training_p': 7}
	 epoch  0 training error:  tensor(1.0001, device='cuda:0', grad_fn=<DivBackward0>)
Memory status after this epoch: 
Memory allocated:  258.966796875
Memory cached:  470.0
	 epoch  10 training error:  tensor(0.6002, device='cuda:0', grad_fn=<DivBackward0>)
Memory status after this epoch: 
Memory allocated:  258.966796875
Memory cached:  498.0
	 epoch  20 training error:  tensor(0.5818, device='cuda:0', grad_fn=<DivBackward0>)
Memory status after this epoch: 
Memory allocated:  258.966796875
Memory cached:  512.0
	 epoch  30 training error:  tensor(0.5541, device='cuda:0', grad_fn=<DivBackward0>)
Memory status after this epoch: 
Memory allocated:  258.966796875
Memory cached:  502.0
	 epoch  40 training error:  tensor(0.5472, device='cuda:0', grad_fn=<DivBackward0>)
Memory status after this epoch: 
Memory allocated:  258.966796875
Memory cached:  506.0
	 epoch  50 training error:  tensor(0.5403, device='cuda:0', grad_fn=<DivBackward0>)
Memory status after this epoch: 
Memory allocated:  258.966796875
Memory cached:  498.0
	 epoch  60 training error:  tensor(0.5354, device='cuda:0', grad_fn=<DivBackward0>)
Memory status after this epoch: 
Memory allocated:  258.966796875
Memory cached:  502.0
	 epoch  70 training error:  tensor(0.5345, device='cuda:0', grad_fn=<DivBackward0>)
Memory status after this epoch: 
Memory allocated:  258.966796875
Memory cached:  494.0
	 epoch  80 training error:  tensor(0.5320, device='cuda:0', grad_fn=<DivBackward0>)
Memory status after this epoch: 
Memory allocated:  258.966796875
Memory cached:  506.0
	 epoch  90 training error:  tensor(0.5297, device='cuda:0', grad_fn=<DivBackward0>)
Memory status after this epoch: 
Memory allocated:  258.966796875
Memory cached:  510.0
