[I 2023-12-05 01:15:14,333] Trial 45 finished with value: 0.48261138796806335 and parameters: {'W_layers': 6, 'W_layer_units_exponent_0': 7, 'W_layer_units_exponent_1': 10, 'W_layer_units_exponent_2': 9, 'W_layer_units_exponent_3': 4, 'W_layer_units_exponent_4': 5, 'W_layer_units_exponent_5': 9, 'D_layers': 6, 'D_layer_units_exponent_0': 5, 'D_layer_units_exponent_1': 9, 'D_layer_units_exponent_2': 6, 'D_layer_units_exponent_3': 10, 'D_layer_units_exponent_4': 10, 'D_layer_units_exponent_5': 8, 'log_learning_rate': -1.4246535089127006, 'log_learning_rate_D': -1.8442780597936221, 'training_batch_size': 11, 'training_p': 3}. Best is trial 43 with value: 0.3478904664516449.
Time for this trial:  16.14432430267334
Memory status after this trial: 
Memory allocated:  108.28369140625
Memory cached:  142.0
--------------------  Trial  46   --------------------
Start timing: 
Parameters: 
{'W_layers': 8, 'W_layer_units_exponent_0': 8, 'W_layer_units_exponent_1': 9, 'W_layer_units_exponent_2': 8, 'W_layer_units_exponent_3': 4, 'W_layer_units_exponent_4': 5, 'W_layer_units_exponent_5': 6, 'W_layer_units_exponent_6': 5, 'W_layer_units_exponent_7': 7, 'D_layers': 7, 'D_layer_units_exponent_0': 6, 'D_layer_units_exponent_1': 10, 'D_layer_units_exponent_2': 10, 'D_layer_units_exponent_3': 10, 'D_layer_units_exponent_4': 9, 'D_layer_units_exponent_5': 9, 'D_layer_units_exponent_6': 5, 'log_learning_rate': -2.030689584750168, 'log_learning_rate_D': -2.32025390160888, 'training_batch_size': 8, 'training_p': 2}
	 epoch  0 training error:  tensor(1.0203, device='cuda:0', grad_fn=<DivBackward0>)
Memory status after this epoch: 
Memory allocated:  67.2939453125
Memory cached:  122.0
	 epoch  10 training error:  tensor(0.5215, device='cuda:0', grad_fn=<DivBackward0>)
Memory status after this epoch: 
Memory allocated:  67.2939453125
Memory cached:  122.0
	 epoch  20 training error:  tensor(0.5034, device='cuda:0', grad_fn=<DivBackward0>)
Memory status after this epoch: 
Memory allocated:  67.2939453125
Memory cached:  122.0
	 epoch  30 training error:  tensor(0.5006, device='cuda:0', grad_fn=<DivBackward0>)
Memory status after this epoch: 
Memory allocated:  67.2939453125
Memory cached:  122.0
	 epoch  40 training error:  tensor(0.4995, device='cuda:0', grad_fn=<DivBackward0>)
Memory status after this epoch: 
Memory allocated:  67.2939453125
Memory cached:  122.0
	 epoch  50 training error:  tensor(0.4994, device='cuda:0', grad_fn=<DivBackward0>)
Memory status after this epoch: 
Memory allocated:  67.2939453125
Memory cached:  122.0
	 epoch  60 training error:  tensor(0.4993, device='cuda:0', grad_fn=<DivBackward0>)
Memory status after this epoch: 
Memory allocated:  67.2939453125
Memory cached:  122.0
	 epoch  70 training error:  tensor(0.4993, device='cuda:0', grad_fn=<DivBackward0>)
Memory status after this epoch: 
Memory allocated:  67.2939453125
Memory cached:  122.0
	 epoch  80 training error:  tensor(0.4993, device='cuda:0', grad_fn=<DivBackward0>)
Memory status after this epoch: 
Memory allocated:  67.2939453125
Memory cached:  122.0
	 epoch  90 training error:  tensor(0.4993, device='cuda:0', grad_fn=<DivBackward0>)
Memory status after this epoch: 
Memory allocated:  67.2939453125
Memory cached:  122.0
[I 2023-12-05 01:15:30,084] Trial 46 finished with value: 0.36497703194618225 and parameters: {'W_layers': 8, 'W_layer_units_exponent_0': 8, 'W_layer_units_exponent_1': 9, 'W_layer_units_exponent_2': 8, 'W_layer_units_exponent_3': 4, 'W_layer_units_exponent_4': 5, 'W_layer_units_exponent_5': 6, 'W_layer_units_exponent_6': 5, 'W_layer_units_exponent_7': 7, 'D_layers': 7, 'D_layer_units_exponent_0': 6, 'D_layer_units_exponent_1': 10, 'D_layer_units_exponent_2': 10, 'D_layer_units_exponent_3': 10, 'D_layer_units_exponent_4': 9, 'D_layer_units_exponent_5': 9, 'D_layer_units_exponent_6': 5, 'log_learning_rate': -2.030689584750168, 'log_learning_rate_D': -2.32025390160888, 'training_batch_size': 8, 'training_p': 2}. Best is trial 43 with value: 0.3478904664516449.
Time for this trial:  15.556941509246826
Memory status after this trial: 
Memory allocated:  83.89599609375
Memory cached:  124.0
--------------------  Trial  47   --------------------
Start timing: 
Parameters: 
{'W_layers': 8, 'W_layer_units_exponent_0': 7, 'W_layer_units_exponent_1': 10, 'W_layer_units_exponent_2': 8, 'W_layer_units_exponent_3': 4, 'W_layer_units_exponent_4': 7, 'W_layer_units_exponent_5': 10, 'W_layer_units_exponent_6': 8, 'W_layer_units_exponent_7': 9, 'D_layers': 6, 'D_layer_units_exponent_0': 6, 'D_layer_units_exponent_1': 9, 'D_layer_units_exponent_2': 4, 'D_layer_units_exponent_3': 9, 'D_layer_units_exponent_4': 10, 'D_layer_units_exponent_5': 8, 'log_learning_rate': -1.77550955751573, 'log_learning_rate_D': -2.6927361038047213, 'training_batch_size': 7, 'training_p': 3}
	 epoch  0 training error:  tensor(1.0231, device='cuda:0', grad_fn=<DivBackward0>)
Memory status after this epoch: 
Memory allocated:  69.08984375
Memory cached:  130.0
	 epoch  10 training error:  tensor(23.1945, device='cuda:0', grad_fn=<DivBackward0>)
Memory status after this epoch: 
Memory allocated:  69.08984375
Memory cached:  130.0
	 epoch  20 training error:  tensor(4.8364, device='cuda:0', grad_fn=<DivBackward0>)
Memory status after this epoch: 
Memory allocated:  69.08984375
Memory cached:  130.0
	 epoch  30 training error:  tensor(18.4021, device='cuda:0', grad_fn=<DivBackward0>)
Memory status after this epoch: 
Memory allocated:  69.08984375
Memory cached:  130.0
	 epoch  40 training error:  tensor(6.0557, device='cuda:0', grad_fn=<DivBackward0>)
Memory status after this epoch: 
Memory allocated:  69.08984375
Memory cached:  130.0
	 epoch  50 training error:  tensor(1.0441, device='cuda:0', grad_fn=<DivBackward0>)
Memory status after this epoch: 
Memory allocated:  69.08984375
Memory cached:  130.0
	 epoch  60 training error:  tensor(0.6251, device='cuda:0', grad_fn=<DivBackward0>)
Memory status after this epoch: 
Memory allocated:  69.08984375
Memory cached:  130.0
	 epoch  70 training error:  tensor(0.5605, device='cuda:0', grad_fn=<DivBackward0>)
Memory status after this epoch: 
Memory allocated:  69.08984375
Memory cached:  130.0
	 epoch  80 training error:  tensor(0.5607, device='cuda:0', grad_fn=<DivBackward0>)
Memory status after this epoch: 
Memory allocated:  69.08984375
Memory cached:  130.0
	 epoch  90 training error:  tensor(0.5605, device='cuda:0', grad_fn=<DivBackward0>)
Memory status after this epoch: 
Memory allocated:  69.08984375
Memory cached:  130.0
[I 2023-12-05 01:15:46,487] Trial 47 finished with value: 0.43909236788749695 and parameters: {'W_layers': 8, 'W_layer_units_exponent_0': 7, 'W_layer_units_exponent_1': 10, 'W_layer_units_exponent_2': 8, 'W_layer_units_exponent_3': 4, 'W_layer_units_exponent_4': 7, 'W_layer_units_exponent_5': 10, 'W_layer_units_exponent_6': 8, 'W_layer_units_exponent_7': 9, 'D_layers': 6, 'D_layer_units_exponent_0': 6, 'D_layer_units_exponent_1': 9, 'D_layer_units_exponent_2': 4, 'D_layer_units_exponent_3': 9, 'D_layer_units_exponent_4': 10, 'D_layer_units_exponent_5': 8, 'log_learning_rate': -1.77550955751573, 'log_learning_rate_D': -2.6927361038047213, 'training_batch_size': 7, 'training_p': 3}. Best is trial 43 with value: 0.3478904664516449.
Time for this trial:  16.217305183410645
Memory status after this trial: 
Memory allocated:  135.87548828125
Memory cached:  150.0
--------------------  Trial  48   --------------------
Start timing: 
Parameters: 
{'W_layers': 7, 'W_layer_units_exponent_0': 8, 'W_layer_units_exponent_1': 9, 'W_layer_units_exponent_2': 8, 'W_layer_units_exponent_3': 9, 'W_layer_units_exponent_4': 6, 'W_layer_units_exponent_5': 7, 'W_layer_units_exponent_6': 4, 'D_layers': 7, 'D_layer_units_exponent_0': 7, 'D_layer_units_exponent_1': 10, 'D_layer_units_exponent_2': 5, 'D_layer_units_exponent_3': 10, 'D_layer_units_exponent_4': 10, 'D_layer_units_exponent_5': 7, 'D_layer_units_exponent_6': 4, 'log_learning_rate': -2.1552441932127895, 'log_learning_rate_D': -2.1268005457464207, 'training_batch_size': 7, 'training_p': 2}
	 epoch  0 training error:  tensor(1.0234, device='cuda:0', grad_fn=<DivBackward0>)
Memory status after this epoch: 
Memory allocated:  63.70166015625
Memory cached:  122.0
	 epoch  10 training error:  tensor(0.6116, device='cuda:0', grad_fn=<DivBackward0>)
Memory status after this epoch: 
Memory allocated:  63.70166015625
Memory cached:  122.0
	 epoch  20 training error:  tensor(0.5015, device='cuda:0', grad_fn=<DivBackward0>)
Memory status after this epoch: 
Memory allocated:  63.70166015625
Memory cached:  122.0
	 epoch  30 training error:  tensor(0.5185, device='cuda:0', grad_fn=<DivBackward0>)
Memory status after this epoch: 
Memory allocated:  63.70166015625
Memory cached:  122.0
	 epoch  40 training error:  tensor(0.4998, device='cuda:0', grad_fn=<DivBackward0>)
Memory status after this epoch: 
Memory allocated:  63.70166015625
Memory cached:  122.0
	 epoch  50 training error:  tensor(0.5013, device='cuda:0', grad_fn=<DivBackward0>)
Memory status after this epoch: 
Memory allocated:  63.70166015625
Memory cached:  122.0
	 epoch  60 training error:  tensor(0.4998, device='cuda:0', grad_fn=<DivBackward0>)
Memory status after this epoch: 
Memory allocated:  63.70166015625
Memory cached:  122.0
	 epoch  70 training error:  tensor(0.4995, device='cuda:0', grad_fn=<DivBackward0>)
Memory status after this epoch: 
Memory allocated:  63.70166015625
Memory cached:  122.0
	 epoch  80 training error:  tensor(0.4994, device='cuda:0', grad_fn=<DivBackward0>)
Memory status after this epoch: 
Memory allocated:  63.70166015625
Memory cached:  122.0
	 epoch  90 training error:  tensor(0.4993, device='cuda:0', grad_fn=<DivBackward0>)
Memory status after this epoch: 
Memory allocated:  63.70166015625
Memory cached:  122.0
[I 2023-12-05 01:16:02,076] Trial 48 finished with value: 0.36349159479141235 and parameters: {'W_layers': 7, 'W_layer_units_exponent_0': 8, 'W_layer_units_exponent_1': 9, 'W_layer_units_exponent_2': 8, 'W_layer_units_exponent_3': 9, 'W_layer_units_exponent_4': 6, 'W_layer_units_exponent_5': 7, 'W_layer_units_exponent_6': 4, 'D_layers': 7, 'D_layer_units_exponent_0': 7, 'D_layer_units_exponent_1': 10, 'D_layer_units_exponent_2': 5, 'D_layer_units_exponent_3': 10, 'D_layer_units_exponent_4': 10, 'D_layer_units_exponent_5': 7, 'D_layer_units_exponent_6': 4, 'log_learning_rate': -2.1552441932127895, 'log_learning_rate_D': -2.1268005457464207, 'training_batch_size': 7, 'training_p': 2}. Best is trial 43 with value: 0.3478904664516449.
Time for this trial:  15.400986909866333
Memory status after this trial: 
Memory allocated:  95.52294921875
Memory cached:  126.0
--------------------  Trial  49   --------------------
Start timing: 
Parameters: 
{'W_layers': 8, 'W_layer_units_exponent_0': 7, 'W_layer_units_exponent_1': 10, 'W_layer_units_exponent_2': 9, 'W_layer_units_exponent_3': 5, 'W_layer_units_exponent_4': 8, 'W_layer_units_exponent_5': 8, 'W_layer_units_exponent_6': 6, 'W_layer_units_exponent_7': 9, 'D_layers': 8, 'D_layer_units_exponent_0': 7, 'D_layer_units_exponent_1': 9, 'D_layer_units_exponent_2': 4, 'D_layer_units_exponent_3': 9, 'D_layer_units_exponent_4': 9, 'D_layer_units_exponent_5': 9, 'D_layer_units_exponent_6': 6, 'D_layer_units_exponent_7': 4, 'log_learning_rate': -1.56242348528659, 'log_learning_rate_D': -2.910181377413245, 'training_batch_size': 6, 'training_p': 5}
	 epoch  0 training error:  tensor(1.2162, device='cuda:0', grad_fn=<DivBackward0>)
Memory status after this epoch: 
Memory allocated:  66.34326171875
Memory cached:  122.0
	 epoch  10 training error:  tensor(19.7464, device='cuda:0', grad_fn=<DivBackward0>)
Memory status after this epoch: 
Memory allocated:  66.34326171875
Memory cached:  122.0
	 epoch  20 training error:  tensor(0.8642, device='cuda:0', grad_fn=<DivBackward0>)
Memory status after this epoch: 
Memory allocated:  66.34326171875
Memory cached:  122.0
	 epoch  30 training error:  tensor(0.8996, device='cuda:0', grad_fn=<DivBackward0>)
Memory status after this epoch: 
Memory allocated:  66.34326171875
Memory cached:  122.0
	 epoch  40 training error:  tensor(2.0194, device='cuda:0', grad_fn=<DivBackward0>)
Memory status after this epoch: 
Memory allocated:  66.34326171875
Memory cached:  122.0
	 epoch  50 training error:  tensor(2.0906, device='cuda:0', grad_fn=<DivBackward0>)
Memory status after this epoch: 
Memory allocated:  66.34326171875
Memory cached:  122.0
	 epoch  60 training error:  tensor(1.3129, device='cuda:0', grad_fn=<DivBackward0>)
Memory status after this epoch: 
Memory allocated:  66.34326171875
Memory cached:  122.0
	 epoch  70 training error:  tensor(1.8030, device='cuda:0', grad_fn=<DivBackward0>)
Memory status after this epoch: 
Memory allocated:  66.34326171875
Memory cached:  122.0
	 epoch  80 training error:  tensor(1.2948, device='cuda:0', grad_fn=<DivBackward0>)
Memory status after this epoch: 
Memory allocated:  66.34326171875
Memory cached:  122.0
	 epoch  90 training error:  tensor(1.8796, device='cuda:0', grad_fn=<DivBackward0>)
Memory status after this epoch: 
Memory allocated:  66.34326171875
Memory cached:  122.0
[I 2023-12-05 01:16:19,840] Trial 49 finished with value: 1.8298462629318237 and parameters: {'W_layers': 8, 'W_layer_units_exponent_0': 7, 'W_layer_units_exponent_1': 10, 'W_layer_units_exponent_2': 9, 'W_layer_units_exponent_3': 5, 'W_layer_units_exponent_4': 8, 'W_layer_units_exponent_5': 8, 'W_layer_units_exponent_6': 6, 'W_layer_units_exponent_7': 9, 'D_layers': 8, 'D_layer_units_exponent_0': 7, 'D_layer_units_exponent_1': 9, 'D_layer_units_exponent_2': 4, 'D_layer_units_exponent_3': 9, 'D_layer_units_exponent_4': 9, 'D_layer_units_exponent_5': 9, 'D_layer_units_exponent_6': 6, 'D_layer_units_exponent_7': 4, 'log_learning_rate': -1.56242348528659, 'log_learning_rate_D': -2.910181377413245, 'training_batch_size': 6, 'training_p': 5}. Best is trial 43 with value: 0.3478904664516449.
Time for this trial:  17.56693983078003
Memory status after this trial: 
Memory allocated:  121.60107421875
Memory cached:  142.0
