[I 2024-01-03 14:44:58,918] Trial 11 finished with value: 0.3219520151615143 and parameters: {'W_layers': 5, 'W_layer_units_exponent_0': 8, 'W_layer_units_exponent_1': 4, 'W_layer_units_exponent_2': 4, 'W_layer_units_exponent_3': 6, 'W_layer_units_exponent_4': 6, 'D_layers': 2, 'D_layer_units_exponent_0': 7, 'D_layer_units_exponent_1': 7, 'D_dagger_layers': 8, 'D_dagger_layer_units_exponent_0': 10, 'D_dagger_layer_units_exponent_1': 7, 'D_dagger_layer_units_exponent_2': 6, 'D_dagger_layer_units_exponent_3': 6, 'D_dagger_layer_units_exponent_4': 10, 'D_dagger_layer_units_exponent_5': 10, 'D_dagger_layer_units_exponent_6': 5, 'D_dagger_layer_units_exponent_7': 8, 'log_learning_rate': -4.336990940174451, 'log_learning_rate_D': -3.5802892232558134, 'log_learning_rate_D_dagger': -1.9253806652969283, 'training_batch_size': 9, 'training_p': 2}. Best is trial 9 with value: 0.31661567091941833.
Time for this trial:  195.05567073822021
Memory status after this trial: 
Memory allocated:  299.1884765625
Memory cached:  514.0
--------------------  Trial  12   --------------------
Start timing: 
Parameters: 
{'W_layers': 5, 'W_layer_units_exponent_0': 9, 'W_layer_units_exponent_1': 5, 'W_layer_units_exponent_2': 4, 'W_layer_units_exponent_3': 5, 'W_layer_units_exponent_4': 7, 'D_layers': 2, 'D_layer_units_exponent_0': 7, 'D_layer_units_exponent_1': 9, 'D_dagger_layers': 8, 'D_dagger_layer_units_exponent_0': 10, 'D_dagger_layer_units_exponent_1': 6, 'D_dagger_layer_units_exponent_2': 6, 'D_dagger_layer_units_exponent_3': 6, 'D_dagger_layer_units_exponent_4': 4, 'D_dagger_layer_units_exponent_5': 10, 'D_dagger_layer_units_exponent_6': 4, 'D_dagger_layer_units_exponent_7': 8, 'log_learning_rate': -4.131578404993114, 'log_learning_rate_D': -3.382253028105338, 'log_learning_rate_D_dagger': -1.8184816829053494, 'training_batch_size': 8, 'training_p': 4}
	 epoch  0 training error:  tensor(0.9969, device='cuda:0', grad_fn=<DivBackward0>)
Memory status after this epoch: 
Memory allocated:  66.11474609375
Memory cached:  486.0
	 epoch  10 training error:  tensor(0.4940, device='cuda:0', grad_fn=<DivBackward0>)
Memory status after this epoch: 
Memory allocated:  66.11474609375
Memory cached:  528.0
	 epoch  20 training error:  tensor(0.6777, device='cuda:0', grad_fn=<DivBackward0>)
Memory status after this epoch: 
Memory allocated:  66.11474609375
Memory cached:  524.0
	 epoch  30 training error:  tensor(0.6208, device='cuda:0', grad_fn=<DivBackward0>)
Memory status after this epoch: 
Memory allocated:  66.11474609375
Memory cached:  518.0
	 epoch  40 training error:  tensor(0.4514, device='cuda:0', grad_fn=<DivBackward0>)
Memory status after this epoch: 
Memory allocated:  66.11474609375
Memory cached:  512.0
	 epoch  50 training error:  tensor(0.4538, device='cuda:0', grad_fn=<DivBackward0>)
Memory status after this epoch: 
Memory allocated:  66.11474609375
Memory cached:  518.0
	 epoch  60 training error:  tensor(0.4460, device='cuda:0', grad_fn=<DivBackward0>)
Memory status after this epoch: 
Memory allocated:  66.11474609375
Memory cached:  518.0
	 epoch  70 training error:  tensor(0.4435, device='cuda:0', grad_fn=<DivBackward0>)
Memory status after this epoch: 
Memory allocated:  66.11474609375
Memory cached:  528.0
	 epoch  80 training error:  tensor(0.4447, device='cuda:0', grad_fn=<DivBackward0>)
Memory status after this epoch: 
Memory allocated:  66.11474609375
Memory cached:  516.0
	 epoch  90 training error:  tensor(0.4446, device='cuda:0', grad_fn=<DivBackward0>)
Memory status after this epoch: 
Memory allocated:  66.11474609375
Memory cached:  526.0
[I 2024-01-03 14:48:11,496] Trial 12 finished with value: 0.38429316878318787 and parameters: {'W_layers': 5, 'W_layer_units_exponent_0': 9, 'W_layer_units_exponent_1': 5, 'W_layer_units_exponent_2': 4, 'W_layer_units_exponent_3': 5, 'W_layer_units_exponent_4': 7, 'D_layers': 2, 'D_layer_units_exponent_0': 7, 'D_layer_units_exponent_1': 9, 'D_dagger_layers': 8, 'D_dagger_layer_units_exponent_0': 10, 'D_dagger_layer_units_exponent_1': 6, 'D_dagger_layer_units_exponent_2': 6, 'D_dagger_layer_units_exponent_3': 6, 'D_dagger_layer_units_exponent_4': 4, 'D_dagger_layer_units_exponent_5': 10, 'D_dagger_layer_units_exponent_6': 4, 'D_dagger_layer_units_exponent_7': 8, 'log_learning_rate': -4.131578404993114, 'log_learning_rate_D': -3.382253028105338, 'log_learning_rate_D_dagger': -1.8184816829053494, 'training_batch_size': 8, 'training_p': 4}. Best is trial 9 with value: 0.31661567091941833.
Time for this trial:  192.175311088562
Memory status after this trial: 
Memory allocated:  265.818359375
Memory cached:  488.0
--------------------  Trial  13   --------------------
Start timing: 
Parameters: 
{'W_layers': 4, 'W_layer_units_exponent_0': 8, 'W_layer_units_exponent_1': 4, 'W_layer_units_exponent_2': 6, 'W_layer_units_exponent_3': 6, 'D_layers': 8, 'D_layer_units_exponent_0': 8, 'D_layer_units_exponent_1': 7, 'D_layer_units_exponent_2': 8, 'D_layer_units_exponent_3': 4, 'D_layer_units_exponent_4': 4, 'D_layer_units_exponent_5': 10, 'D_layer_units_exponent_6': 4, 'D_layer_units_exponent_7': 5, 'D_dagger_layers': 8, 'D_dagger_layer_units_exponent_0': 8, 'D_dagger_layer_units_exponent_1': 8, 'D_dagger_layer_units_exponent_2': 6, 'D_dagger_layer_units_exponent_3': 6, 'D_dagger_layer_units_exponent_4': 6, 'D_dagger_layer_units_exponent_5': 7, 'D_dagger_layer_units_exponent_6': 4, 'D_dagger_layer_units_exponent_7': 4, 'log_learning_rate': -4.298376921829903, 'log_learning_rate_D': -3.8074001353184714, 'log_learning_rate_D_dagger': -2.00198411393289, 'training_batch_size': 9, 'training_p': 3}
	 epoch  0 training error:  tensor(1.0154, device='cuda:0', grad_fn=<DivBackward0>)
Memory status after this epoch: 
Memory allocated:  66.26318359375
Memory cached:  474.0
	 epoch  10 training error:  tensor(0.5887, device='cuda:0', grad_fn=<DivBackward0>)
Memory status after this epoch: 
Memory allocated:  66.26318359375
Memory cached:  508.0
	 epoch  20 training error:  tensor(0.3887, device='cuda:0', grad_fn=<DivBackward0>)
Memory status after this epoch: 
Memory allocated:  66.26318359375
Memory cached:  504.0
	 epoch  30 training error:  tensor(0.3916, device='cuda:0', grad_fn=<DivBackward0>)
Memory status after this epoch: 
Memory allocated:  66.26318359375
Memory cached:  506.0
	 epoch  40 training error:  tensor(0.4168, device='cuda:0', grad_fn=<DivBackward0>)
Memory status after this epoch: 
Memory allocated:  66.26318359375
Memory cached:  516.0
	 epoch  50 training error:  tensor(0.3874, device='cuda:0', grad_fn=<DivBackward0>)
Memory status after this epoch: 
Memory allocated:  66.26318359375
Memory cached:  514.0
	 epoch  60 training error:  tensor(0.3987, device='cuda:0', grad_fn=<DivBackward0>)
Memory status after this epoch: 
Memory allocated:  66.26318359375
Memory cached:  520.0
	 epoch  70 training error:  tensor(0.4084, device='cuda:0', grad_fn=<DivBackward0>)
Memory status after this epoch: 
Memory allocated:  66.26318359375
Memory cached:  512.0
	 epoch  80 training error:  tensor(0.3943, device='cuda:0', grad_fn=<DivBackward0>)
Memory status after this epoch: 
Memory allocated:  66.26318359375
Memory cached:  510.0
	 epoch  90 training error:  tensor(0.3885, device='cuda:0', grad_fn=<DivBackward0>)
Memory status after this epoch: 
Memory allocated:  66.26318359375
Memory cached:  506.0
[I 2024-01-03 14:51:54,794] Trial 13 finished with value: 0.31583791971206665 and parameters: {'W_layers': 4, 'W_layer_units_exponent_0': 8, 'W_layer_units_exponent_1': 4, 'W_layer_units_exponent_2': 6, 'W_layer_units_exponent_3': 6, 'D_layers': 8, 'D_layer_units_exponent_0': 8, 'D_layer_units_exponent_1': 7, 'D_layer_units_exponent_2': 8, 'D_layer_units_exponent_3': 4, 'D_layer_units_exponent_4': 4, 'D_layer_units_exponent_5': 10, 'D_layer_units_exponent_6': 4, 'D_layer_units_exponent_7': 5, 'D_dagger_layers': 8, 'D_dagger_layer_units_exponent_0': 8, 'D_dagger_layer_units_exponent_1': 8, 'D_dagger_layer_units_exponent_2': 6, 'D_dagger_layer_units_exponent_3': 6, 'D_dagger_layer_units_exponent_4': 6, 'D_dagger_layer_units_exponent_5': 7, 'D_dagger_layer_units_exponent_6': 4, 'D_dagger_layer_units_exponent_7': 4, 'log_learning_rate': -4.298376921829903, 'log_learning_rate_D': -3.8074001353184714, 'log_learning_rate_D_dagger': -2.00198411393289, 'training_batch_size': 9, 'training_p': 3}. Best is trial 13 with value: 0.31583791971206665.
res:  tensor(0.3158, device='cuda:0', grad_fn=<DivBackward0>)
self.bestValue:  tensor(0.3166, device='cuda:0', grad_fn=<DivBackward0>)
Save this model!
Time for this trial:  222.86137771606445
Memory status after this trial: 
Memory allocated:  161.943359375
Memory cached:  388.0
--------------------  Trial  14   --------------------
Start timing: 
Parameters: 
{'W_layers': 3, 'W_layer_units_exponent_0': 7, 'W_layer_units_exponent_1': 5, 'W_layer_units_exponent_2': 7, 'D_layers': 8, 'D_layer_units_exponent_0': 8, 'D_layer_units_exponent_1': 6, 'D_layer_units_exponent_2': 8, 'D_layer_units_exponent_3': 4, 'D_layer_units_exponent_4': 4, 'D_layer_units_exponent_5': 10, 'D_layer_units_exponent_6': 4, 'D_layer_units_exponent_7': 5, 'D_dagger_layers': 5, 'D_dagger_layer_units_exponent_0': 7, 'D_dagger_layer_units_exponent_1': 8, 'D_dagger_layer_units_exponent_2': 6, 'D_dagger_layer_units_exponent_3': 4, 'D_dagger_layer_units_exponent_4': 6, 'log_learning_rate': -4.542832818320392, 'log_learning_rate_D': -3.871781102799289, 'log_learning_rate_D_dagger': -1.7668744625344093, 'training_batch_size': 9, 'training_p': 3}
	 epoch  0 training error:  tensor(1.3479, device='cuda:0', grad_fn=<DivBackward0>)
Memory status after this epoch: 
Memory allocated:  164.0400390625
Memory cached:  402.0
	 epoch  10 training error:  tensor(0.7617, device='cuda:0', grad_fn=<DivBackward0>)
Memory status after this epoch: 
Memory allocated:  164.0400390625
Memory cached:  438.0
	 epoch  20 training error:  tensor(0.5003, device='cuda:0', grad_fn=<DivBackward0>)
Memory status after this epoch: 
Memory allocated:  164.0400390625
Memory cached:  440.0
	 epoch  30 training error:  tensor(0.4253, device='cuda:0', grad_fn=<DivBackward0>)
Memory status after this epoch: 
Memory allocated:  164.0400390625
Memory cached:  442.0
	 epoch  40 training error:  tensor(0.4012, device='cuda:0', grad_fn=<DivBackward0>)
Memory status after this epoch: 
Memory allocated:  164.0400390625
Memory cached:  434.0
	 epoch  50 training error:  tensor(0.3990, device='cuda:0', grad_fn=<DivBackward0>)
Memory status after this epoch: 
Memory allocated:  164.0400390625
Memory cached:  438.0
	 epoch  60 training error:  tensor(0.4019, device='cuda:0', grad_fn=<DivBackward0>)
Memory status after this epoch: 
Memory allocated:  164.0400390625
Memory cached:  430.0
	 epoch  70 training error:  tensor(0.3963, device='cuda:0', grad_fn=<DivBackward0>)
Memory status after this epoch: 
Memory allocated:  164.0400390625
Memory cached:  442.0
	 epoch  80 training error:  tensor(0.4028, device='cuda:0', grad_fn=<DivBackward0>)
Memory status after this epoch: 
Memory allocated:  164.0400390625
Memory cached:  440.0
	 epoch  90 training error:  tensor(0.3908, device='cuda:0', grad_fn=<DivBackward0>)
Memory status after this epoch: 
Memory allocated:  164.0400390625
Memory cached:  444.0
[I 2024-01-03 14:55:12,293] Trial 14 finished with value: 0.36931800842285156 and parameters: {'W_layers': 3, 'W_layer_units_exponent_0': 7, 'W_layer_units_exponent_1': 5, 'W_layer_units_exponent_2': 7, 'D_layers': 8, 'D_layer_units_exponent_0': 8, 'D_layer_units_exponent_1': 6, 'D_layer_units_exponent_2': 8, 'D_layer_units_exponent_3': 4, 'D_layer_units_exponent_4': 4, 'D_layer_units_exponent_5': 10, 'D_layer_units_exponent_6': 4, 'D_layer_units_exponent_7': 5, 'D_dagger_layers': 5, 'D_dagger_layer_units_exponent_0': 7, 'D_dagger_layer_units_exponent_1': 8, 'D_dagger_layer_units_exponent_2': 6, 'D_dagger_layer_units_exponent_3': 4, 'D_dagger_layer_units_exponent_4': 6, 'log_learning_rate': -4.542832818320392, 'log_learning_rate_D': -3.871781102799289, 'log_learning_rate_D_dagger': -1.7668744625344093, 'training_batch_size': 9, 'training_p': 3}. Best is trial 13 with value: 0.31583791971206665.
Time for this trial:  197.1278133392334
Memory status after this trial: 
Memory allocated:  294.67578125
Memory cached:  404.0
--------------------  Trial  15   --------------------
Start timing: 
Parameters: 
{'W_layers': 4, 'W_layer_units_exponent_0': 8, 'W_layer_units_exponent_1': 6, 'W_layer_units_exponent_2': 6, 'W_layer_units_exponent_3': 4, 'D_layers': 7, 'D_layer_units_exponent_0': 10, 'D_layer_units_exponent_1': 9, 'D_layer_units_exponent_2': 10, 'D_layer_units_exponent_3': 4, 'D_layer_units_exponent_4': 5, 'D_layer_units_exponent_5': 10, 'D_layer_units_exponent_6': 4, 'D_dagger_layers': 6, 'D_dagger_layer_units_exponent_0': 8, 'D_dagger_layer_units_exponent_1': 10, 'D_dagger_layer_units_exponent_2': 5, 'D_dagger_layer_units_exponent_3': 7, 'D_dagger_layer_units_exponent_4': 4, 'D_dagger_layer_units_exponent_5': 7, 'log_learning_rate': -4.991456655587994, 'log_learning_rate_D': -4.052289184101051, 'log_learning_rate_D_dagger': -2.4217166929463425, 'training_batch_size': 8, 'training_p': 3}
	 epoch  0 training error:  tensor(1.0664, device='cuda:0', grad_fn=<DivBackward0>)
Memory status after this epoch: 
Memory allocated:  184.1259765625
Memory cached:  414.0
	 epoch  10 training error:  tensor(0.4284, device='cuda:0', grad_fn=<DivBackward0>)
Memory status after this epoch: 
Memory allocated:  184.1259765625
Memory cached:  478.0
	 epoch  20 training error:  tensor(0.3926, device='cuda:0', grad_fn=<DivBackward0>)
Memory status after this epoch: 
Memory allocated:  184.1259765625
Memory cached:  480.0
	 epoch  30 training error:  tensor(0.3982, device='cuda:0', grad_fn=<DivBackward0>)
Memory status after this epoch: 
Memory allocated:  184.1259765625
Memory cached:  474.0
	 epoch  40 training error:  tensor(0.3970, device='cuda:0', grad_fn=<DivBackward0>)
Memory status after this epoch: 
Memory allocated:  184.1259765625
Memory cached:  482.0
	 epoch  50 training error:  tensor(0.3751, device='cuda:0', grad_fn=<DivBackward0>)
Memory status after this epoch: 
Memory allocated:  184.1259765625
Memory cached:  474.0
	 epoch  60 training error:  tensor(0.3729, device='cuda:0', grad_fn=<DivBackward0>)
Memory status after this epoch: 
Memory allocated:  184.1259765625
Memory cached:  484.0
	 epoch  70 training error:  tensor(0.3747, device='cuda:0', grad_fn=<DivBackward0>)
Memory status after this epoch: 
Memory allocated:  184.1259765625
Memory cached:  480.0
	 epoch  80 training error:  tensor(0.3796, device='cuda:0', grad_fn=<DivBackward0>)
Memory status after this epoch: 
Memory allocated:  184.1259765625
Memory cached:  480.0
	 epoch  90 training error:  tensor(0.3603, device='cuda:0', grad_fn=<DivBackward0>)
Memory status after this epoch: 
Memory allocated:  184.1259765625
Memory cached:  478.0
[I 2024-01-03 14:59:00,835] Trial 15 finished with value: 0.2614690661430359 and parameters: {'W_layers': 4, 'W_layer_units_exponent_0': 8, 'W_layer_units_exponent_1': 6, 'W_layer_units_exponent_2': 6, 'W_layer_units_exponent_3': 4, 'D_layers': 7, 'D_layer_units_exponent_0': 10, 'D_layer_units_exponent_1': 9, 'D_layer_units_exponent_2': 10, 'D_layer_units_exponent_3': 4, 'D_layer_units_exponent_4': 5, 'D_layer_units_exponent_5': 10, 'D_layer_units_exponent_6': 4, 'D_dagger_layers': 6, 'D_dagger_layer_units_exponent_0': 8, 'D_dagger_layer_units_exponent_1': 10, 'D_dagger_layer_units_exponent_2': 5, 'D_dagger_layer_units_exponent_3': 7, 'D_dagger_layer_units_exponent_4': 4, 'D_dagger_layer_units_exponent_5': 7, 'log_learning_rate': -4.991456655587994, 'log_learning_rate_D': -4.052289184101051, 'log_learning_rate_D_dagger': -2.4217166929463425, 'training_batch_size': 8, 'training_p': 3}. Best is trial 15 with value: 0.2614690661430359.
res:  tensor(0.2615, device='cuda:0', grad_fn=<DivBackward0>)
self.bestValue:  tensor(0.3158, device='cuda:0', grad_fn=<DivBackward0>)
Save this model!
Time for this trial:  228.08648681640625
Memory status after this trial: 
Memory allocated:  309.72802734375
Memory cached:  484.0
--------------------  Trial  16   --------------------
Start timing: 
Parameters: 
{'W_layers': 4, 'W_layer_units_exponent_0': 9, 'W_layer_units_exponent_1': 8, 'W_layer_units_exponent_2': 6, 'W_layer_units_exponent_3': 4, 'D_layers': 8, 'D_layer_units_exponent_0': 10, 'D_layer_units_exponent_1': 9, 'D_layer_units_exponent_2': 10, 'D_layer_units_exponent_3': 4, 'D_layer_units_exponent_4': 5, 'D_layer_units_exponent_5': 10, 'D_layer_units_exponent_6': 4, 'D_layer_units_exponent_7': 5, 'D_dagger_layers': 7, 'D_dagger_layer_units_exponent_0': 8, 'D_dagger_layer_units_exponent_1': 10, 'D_dagger_layer_units_exponent_2': 5, 'D_dagger_layer_units_exponent_3': 7, 'D_dagger_layer_units_exponent_4': 4, 'D_dagger_layer_units_exponent_5': 7, 'D_dagger_layer_units_exponent_6': 6, 'log_learning_rate': -4.949140479037129, 'log_learning_rate_D': -4.137262344280125, 'log_learning_rate_D_dagger': -2.466871309605817, 'training_batch_size': 7, 'training_p': 5}
	 epoch  0 training error:  tensor(0.9273, device='cuda:0', grad_fn=<DivBackward0>)
Memory status after this epoch: 
Memory allocated:  333.99462890625
Memory cached:  518.0
	 epoch  10 training error:  tensor(0.6485, device='cuda:0', grad_fn=<DivBackward0>)
Memory status after this epoch: 
Memory allocated:  333.99462890625
Memory cached:  604.0
	 epoch  20 training error:  tensor(0.4941, device='cuda:0', grad_fn=<DivBackward0>)
Memory status after this epoch: 
Memory allocated:  333.99462890625
Memory cached:  608.0
	 epoch  30 training error:  tensor(0.5259, device='cuda:0', grad_fn=<DivBackward0>)
Memory status after this epoch: 
Memory allocated:  333.99462890625
Memory cached:  606.0
	 epoch  40 training error:  tensor(0.5183, device='cuda:0', grad_fn=<DivBackward0>)
Memory status after this epoch: 
Memory allocated:  333.99462890625
Memory cached:  606.0
	 epoch  50 training error:  tensor(0.4825, device='cuda:0', grad_fn=<DivBackward0>)
Memory status after this epoch: 
Memory allocated:  333.99462890625
Memory cached:  610.0
	 epoch  60 training error:  tensor(0.5012, device='cuda:0', grad_fn=<DivBackward0>)
Memory status after this epoch: 
Memory allocated:  333.99462890625
Memory cached:  606.0
	 epoch  70 training error:  tensor(0.4831, device='cuda:0', grad_fn=<DivBackward0>)
Memory status after this epoch: 
Memory allocated:  333.99462890625
Memory cached:  606.0
	 epoch  80 training error:  tensor(0.4831, device='cuda:0', grad_fn=<DivBackward0>)
Memory status after this epoch: 
Memory allocated:  333.99462890625
Memory cached:  602.0
	 epoch  90 training error:  tensor(0.4865, device='cuda:0', grad_fn=<DivBackward0>)
Memory status after this epoch: 
Memory allocated:  333.99462890625
Memory cached:  602.0
