[I 2024-01-03 23:56:09,900] Trial 162 finished with value: 0.1460229605436325 and parameters: {'W_layers': 6, 'W_layer_units_exponent_0': 10, 'W_layer_units_exponent_1': 4, 'W_layer_units_exponent_2': 7, 'W_layer_units_exponent_3': 5, 'W_layer_units_exponent_4': 6, 'W_layer_units_exponent_5': 8, 'D_layers': 3, 'D_layer_units_exponent_0': 10, 'D_layer_units_exponent_1': 7, 'D_layer_units_exponent_2': 9, 'D_dagger_layers': 4, 'D_dagger_layer_units_exponent_0': 10, 'D_dagger_layer_units_exponent_1': 10, 'D_dagger_layer_units_exponent_2': 4, 'D_dagger_layer_units_exponent_3': 5, 'log_learning_rate': -4.14273051873136, 'log_learning_rate_D': -3.173574142725146, 'log_learning_rate_D_dagger': -3.253520752576806, 'training_batch_size': 9, 'training_p': 7}. Best is trial 87 with value: 0.11369848251342773.
Time for this trial:  198.77537941932678
Memory status after this trial: 
Memory allocated:  554.9443359375
Memory cached:  630.0
--------------------  Trial  163   --------------------
Start timing: 
Parameters: 
{'W_layers': 6, 'W_layer_units_exponent_0': 10, 'W_layer_units_exponent_1': 4, 'W_layer_units_exponent_2': 7, 'W_layer_units_exponent_3': 5, 'W_layer_units_exponent_4': 8, 'W_layer_units_exponent_5': 8, 'D_layers': 3, 'D_layer_units_exponent_0': 10, 'D_layer_units_exponent_1': 7, 'D_layer_units_exponent_2': 9, 'D_dagger_layers': 4, 'D_dagger_layer_units_exponent_0': 10, 'D_dagger_layer_units_exponent_1': 10, 'D_dagger_layer_units_exponent_2': 4, 'D_dagger_layer_units_exponent_3': 5, 'log_learning_rate': -4.323604181719025, 'log_learning_rate_D': -2.9982056563859767, 'log_learning_rate_D_dagger': -3.0861544106502055, 'training_batch_size': 9, 'training_p': 7}
	 epoch  0 training error:  tensor(0.9883, device='cuda:0', grad_fn=<DivBackward0>)
Memory status after this epoch: 
Memory allocated:  290.19677734375
Memory cached:  616.0
	 epoch  10 training error:  tensor(0.5521, device='cuda:0', grad_fn=<DivBackward0>)
Memory status after this epoch: 
Memory allocated:  290.19677734375
Memory cached:  678.0
	 epoch  20 training error:  tensor(0.5400, device='cuda:0', grad_fn=<DivBackward0>)
Memory status after this epoch: 
Memory allocated:  290.19677734375
Memory cached:  678.0
	 epoch  30 training error:  tensor(0.5454, device='cuda:0', grad_fn=<DivBackward0>)
Memory status after this epoch: 
Memory allocated:  290.19677734375
Memory cached:  668.0
	 epoch  40 training error:  tensor(0.5336, device='cuda:0', grad_fn=<DivBackward0>)
Memory status after this epoch: 
Memory allocated:  290.19677734375
Memory cached:  674.0
	 epoch  50 training error:  tensor(0.5269, device='cuda:0', grad_fn=<DivBackward0>)
Memory status after this epoch: 
Memory allocated:  290.19677734375
Memory cached:  672.0
	 epoch  60 training error:  tensor(0.5061, device='cuda:0', grad_fn=<DivBackward0>)
Memory status after this epoch: 
Memory allocated:  290.19677734375
Memory cached:  680.0
	 epoch  70 training error:  tensor(0.3981, device='cuda:0', grad_fn=<DivBackward0>)
Memory status after this epoch: 
Memory allocated:  290.19677734375
Memory cached:  672.0
	 epoch  80 training error:  tensor(0.2636, device='cuda:0', grad_fn=<DivBackward0>)
Memory status after this epoch: 
Memory allocated:  290.19677734375
Memory cached:  682.0
	 epoch  90 training error:  tensor(0.2443, device='cuda:0', grad_fn=<DivBackward0>)
Memory status after this epoch: 
Memory allocated:  290.19677734375
Memory cached:  680.0
[I 2024-01-03 23:59:31,636] Trial 163 finished with value: 0.10096652805805206 and parameters: {'W_layers': 6, 'W_layer_units_exponent_0': 10, 'W_layer_units_exponent_1': 4, 'W_layer_units_exponent_2': 7, 'W_layer_units_exponent_3': 5, 'W_layer_units_exponent_4': 8, 'W_layer_units_exponent_5': 8, 'D_layers': 3, 'D_layer_units_exponent_0': 10, 'D_layer_units_exponent_1': 7, 'D_layer_units_exponent_2': 9, 'D_dagger_layers': 4, 'D_dagger_layer_units_exponent_0': 10, 'D_dagger_layer_units_exponent_1': 10, 'D_dagger_layer_units_exponent_2': 4, 'D_dagger_layer_units_exponent_3': 5, 'log_learning_rate': -4.323604181719025, 'log_learning_rate_D': -2.9982056563859767, 'log_learning_rate_D_dagger': -3.0861544106502055, 'training_batch_size': 9, 'training_p': 7}. Best is trial 163 with value: 0.10096652805805206.
res:  tensor(0.1010, device='cuda:0', grad_fn=<DivBackward0>)
self.bestValue:  tensor(0.1137, device='cuda:0', grad_fn=<DivBackward0>)
Save this model!
Time for this trial:  201.17569541931152
Memory status after this trial: 
Memory allocated:  296.52587890625
Memory cached:  594.0
--------------------  Trial  164   --------------------
Start timing: 
Parameters: 
{'W_layers': 6, 'W_layer_units_exponent_0': 10, 'W_layer_units_exponent_1': 4, 'W_layer_units_exponent_2': 6, 'W_layer_units_exponent_3': 5, 'W_layer_units_exponent_4': 8, 'W_layer_units_exponent_5': 7, 'D_layers': 3, 'D_layer_units_exponent_0': 10, 'D_layer_units_exponent_1': 7, 'D_layer_units_exponent_2': 9, 'D_dagger_layers': 4, 'D_dagger_layer_units_exponent_0': 10, 'D_dagger_layer_units_exponent_1': 10, 'D_dagger_layer_units_exponent_2': 4, 'D_dagger_layer_units_exponent_3': 5, 'log_learning_rate': -4.460900833507761, 'log_learning_rate_D': -3.048788487346985, 'log_learning_rate_D_dagger': -3.0590999181185023, 'training_batch_size': 10, 'training_p': 7}
	 epoch  0 training error:  tensor(1.0163, device='cuda:0', grad_fn=<DivBackward0>)
Memory status after this epoch: 
Memory allocated:  316.99365234375
Memory cached:  618.0
	 epoch  10 training error:  tensor(0.5441, device='cuda:0', grad_fn=<DivBackward0>)
Memory status after this epoch: 
Memory allocated:  316.99365234375
Memory cached:  662.0
	 epoch  20 training error:  tensor(0.5291, device='cuda:0', grad_fn=<DivBackward0>)
Memory status after this epoch: 
Memory allocated:  316.99365234375
Memory cached:  654.0
	 epoch  30 training error:  tensor(0.5314, device='cuda:0', grad_fn=<DivBackward0>)
Memory status after this epoch: 
Memory allocated:  316.99365234375
Memory cached:  666.0
	 epoch  40 training error:  tensor(0.5181, device='cuda:0', grad_fn=<DivBackward0>)
Memory status after this epoch: 
Memory allocated:  316.99365234375
Memory cached:  658.0
	 epoch  50 training error:  tensor(0.5158, device='cuda:0', grad_fn=<DivBackward0>)
Memory status after this epoch: 
Memory allocated:  316.99365234375
Memory cached:  656.0
	 epoch  60 training error:  tensor(0.4816, device='cuda:0', grad_fn=<DivBackward0>)
Memory status after this epoch: 
Memory allocated:  316.99365234375
Memory cached:  666.0
	 epoch  70 training error:  tensor(0.4669, device='cuda:0', grad_fn=<DivBackward0>)
Memory status after this epoch: 
Memory allocated:  316.99365234375
Memory cached:  662.0
	 epoch  80 training error:  tensor(0.3127, device='cuda:0', grad_fn=<DivBackward0>)
Memory status after this epoch: 
Memory allocated:  316.99365234375
Memory cached:  656.0
	 epoch  90 training error:  tensor(0.3198, device='cuda:0', grad_fn=<DivBackward0>)
Memory status after this epoch: 
Memory allocated:  316.99365234375
Memory cached:  656.0
[I 2024-01-04 00:02:50,597] Trial 164 finished with value: 0.2157030552625656 and parameters: {'W_layers': 6, 'W_layer_units_exponent_0': 10, 'W_layer_units_exponent_1': 4, 'W_layer_units_exponent_2': 6, 'W_layer_units_exponent_3': 5, 'W_layer_units_exponent_4': 8, 'W_layer_units_exponent_5': 7, 'D_layers': 3, 'D_layer_units_exponent_0': 10, 'D_layer_units_exponent_1': 7, 'D_layer_units_exponent_2': 9, 'D_dagger_layers': 4, 'D_dagger_layer_units_exponent_0': 10, 'D_dagger_layer_units_exponent_1': 10, 'D_dagger_layer_units_exponent_2': 4, 'D_dagger_layer_units_exponent_3': 5, 'log_learning_rate': -4.460900833507761, 'log_learning_rate_D': -3.048788487346985, 'log_learning_rate_D_dagger': -3.0590999181185023, 'training_batch_size': 10, 'training_p': 7}. Best is trial 163 with value: 0.10096652805805206.
Time for this trial:  198.4977056980133
Memory status after this trial: 
Memory allocated:  583.416015625
Memory cached:  610.0
--------------------  Trial  165   --------------------
Start timing: 
Parameters: 
{'W_layers': 6, 'W_layer_units_exponent_0': 10, 'W_layer_units_exponent_1': 4, 'W_layer_units_exponent_2': 7, 'W_layer_units_exponent_3': 6, 'W_layer_units_exponent_4': 8, 'W_layer_units_exponent_5': 8, 'D_layers': 3, 'D_layer_units_exponent_0': 10, 'D_layer_units_exponent_1': 6, 'D_layer_units_exponent_2': 8, 'D_dagger_layers': 4, 'D_dagger_layer_units_exponent_0': 10, 'D_dagger_layer_units_exponent_1': 10, 'D_dagger_layer_units_exponent_2': 7, 'D_dagger_layer_units_exponent_3': 7, 'log_learning_rate': -4.237805870085984, 'log_learning_rate_D': -2.8420003875828264, 'log_learning_rate_D_dagger': -2.9002938651162835, 'training_batch_size': 9, 'training_p': 4}
	 epoch  0 training error:  tensor(1.0268, device='cuda:0', grad_fn=<DivBackward0>)
Memory status after this epoch: 
Memory allocated:  317.96630859375
Memory cached:  620.0
	 epoch  10 training error:  tensor(0.4479, device='cuda:0', grad_fn=<DivBackward0>)
Memory status after this epoch: 
Memory allocated:  317.96630859375
Memory cached:  658.0
	 epoch  20 training error:  tensor(0.4332, device='cuda:0', grad_fn=<DivBackward0>)
Memory status after this epoch: 
Memory allocated:  317.96630859375
Memory cached:  656.0
	 epoch  30 training error:  tensor(0.4707, device='cuda:0', grad_fn=<DivBackward0>)
Memory status after this epoch: 
Memory allocated:  317.96630859375
Memory cached:  658.0
	 epoch  40 training error:  tensor(0.4302, device='cuda:0', grad_fn=<DivBackward0>)
Memory status after this epoch: 
Memory allocated:  317.96630859375
Memory cached:  664.0
	 epoch  50 training error:  tensor(0.4553, device='cuda:0', grad_fn=<DivBackward0>)
Memory status after this epoch: 
Memory allocated:  317.96630859375
Memory cached:  666.0
	 epoch  60 training error:  tensor(0.4238, device='cuda:0', grad_fn=<DivBackward0>)
Memory status after this epoch: 
Memory allocated:  317.96630859375
Memory cached:  660.0
	 epoch  70 training error:  tensor(0.3151, device='cuda:0', grad_fn=<DivBackward0>)
Memory status after this epoch: 
Memory allocated:  317.96630859375
Memory cached:  658.0
	 epoch  80 training error:  tensor(0.2618, device='cuda:0', grad_fn=<DivBackward0>)
Memory status after this epoch: 
Memory allocated:  317.96630859375
Memory cached:  662.0
	 epoch  90 training error:  tensor(0.2354, device='cuda:0', grad_fn=<DivBackward0>)
Memory status after this epoch: 
Memory allocated:  317.96630859375
Memory cached:  662.0
[I 2024-01-04 00:06:12,321] Trial 165 finished with value: 0.15908244252204895 and parameters: {'W_layers': 6, 'W_layer_units_exponent_0': 10, 'W_layer_units_exponent_1': 4, 'W_layer_units_exponent_2': 7, 'W_layer_units_exponent_3': 6, 'W_layer_units_exponent_4': 8, 'W_layer_units_exponent_5': 8, 'D_layers': 3, 'D_layer_units_exponent_0': 10, 'D_layer_units_exponent_1': 6, 'D_layer_units_exponent_2': 8, 'D_dagger_layers': 4, 'D_dagger_layer_units_exponent_0': 10, 'D_dagger_layer_units_exponent_1': 10, 'D_dagger_layer_units_exponent_2': 7, 'D_dagger_layer_units_exponent_3': 7, 'log_learning_rate': -4.237805870085984, 'log_learning_rate_D': -2.8420003875828264, 'log_learning_rate_D_dagger': -2.9002938651162835, 'training_batch_size': 9, 'training_p': 4}. Best is trial 163 with value: 0.10096652805805206.
Time for this trial:  201.24089336395264
Memory status after this trial: 
Memory allocated:  590.1083984375
Memory cached:  616.0
--------------------  Trial  166   --------------------
Start timing: 
Parameters: 
{'W_layers': 6, 'W_layer_units_exponent_0': 10, 'W_layer_units_exponent_1': 4, 'W_layer_units_exponent_2': 7, 'W_layer_units_exponent_3': 5, 'W_layer_units_exponent_4': 8, 'W_layer_units_exponent_5': 8, 'D_layers': 3, 'D_layer_units_exponent_0': 10, 'D_layer_units_exponent_1': 7, 'D_layer_units_exponent_2': 8, 'D_dagger_layers': 4, 'D_dagger_layer_units_exponent_0': 10, 'D_dagger_layer_units_exponent_1': 10, 'D_dagger_layer_units_exponent_2': 4, 'D_dagger_layer_units_exponent_3': 4, 'log_learning_rate': -4.545862580396449, 'log_learning_rate_D': -2.935765640525925, 'log_learning_rate_D_dagger': -3.0018375631477108, 'training_batch_size': 9, 'training_p': 7}
	 epoch  0 training error:  tensor(0.9697, device='cuda:0', grad_fn=<DivBackward0>)
Memory status after this epoch: 
Memory allocated:  317.03271484375
Memory cached:  622.0
	 epoch  10 training error:  tensor(0.5453, device='cuda:0', grad_fn=<DivBackward0>)
Memory status after this epoch: 
Memory allocated:  317.03271484375
Memory cached:  662.0
	 epoch  20 training error:  tensor(0.5261, device='cuda:0', grad_fn=<DivBackward0>)
Memory status after this epoch: 
Memory allocated:  317.03271484375
Memory cached:  658.0
	 epoch  30 training error:  tensor(0.5605, device='cuda:0', grad_fn=<DivBackward0>)
Memory status after this epoch: 
Memory allocated:  317.03271484375
Memory cached:  666.0
	 epoch  40 training error:  tensor(0.5252, device='cuda:0', grad_fn=<DivBackward0>)
Memory status after this epoch: 
Memory allocated:  317.03271484375
Memory cached:  654.0
	 epoch  50 training error:  tensor(0.4682, device='cuda:0', grad_fn=<DivBackward0>)
Memory status after this epoch: 
Memory allocated:  317.03271484375
Memory cached:  656.0
	 epoch  60 training error:  tensor(0.3443, device='cuda:0', grad_fn=<DivBackward0>)
Memory status after this epoch: 
Memory allocated:  317.03271484375
Memory cached:  660.0
	 epoch  70 training error:  tensor(0.2766, device='cuda:0', grad_fn=<DivBackward0>)
Memory status after this epoch: 
Memory allocated:  317.03271484375
Memory cached:  662.0
	 epoch  80 training error:  tensor(0.2644, device='cuda:0', grad_fn=<DivBackward0>)
Memory status after this epoch: 
Memory allocated:  317.03271484375
Memory cached:  658.0
	 epoch  90 training error:  tensor(0.2305, device='cuda:0', grad_fn=<DivBackward0>)
Memory status after this epoch: 
Memory allocated:  317.03271484375
Memory cached:  662.0
[I 2024-01-04 00:09:32,961] Trial 166 finished with value: 0.23726330697536469 and parameters: {'W_layers': 6, 'W_layer_units_exponent_0': 10, 'W_layer_units_exponent_1': 4, 'W_layer_units_exponent_2': 7, 'W_layer_units_exponent_3': 5, 'W_layer_units_exponent_4': 8, 'W_layer_units_exponent_5': 8, 'D_layers': 3, 'D_layer_units_exponent_0': 10, 'D_layer_units_exponent_1': 7, 'D_layer_units_exponent_2': 8, 'D_dagger_layers': 4, 'D_dagger_layer_units_exponent_0': 10, 'D_dagger_layer_units_exponent_1': 10, 'D_dagger_layer_units_exponent_2': 4, 'D_dagger_layer_units_exponent_3': 4, 'log_learning_rate': -4.545862580396449, 'log_learning_rate_D': -2.935765640525925, 'log_learning_rate_D_dagger': -3.0018375631477108, 'training_batch_size': 9, 'training_p': 7}. Best is trial 163 with value: 0.10096652805805206.
Time for this trial:  200.0823769569397
Memory status after this trial: 
Memory allocated:  580.525390625
Memory cached:  614.0
--------------------  Trial  167   --------------------
Start timing: 
Parameters: 
{'W_layers': 7, 'W_layer_units_exponent_0': 10, 'W_layer_units_exponent_1': 4, 'W_layer_units_exponent_2': 6, 'W_layer_units_exponent_3': 5, 'W_layer_units_exponent_4': 8, 'W_layer_units_exponent_5': 7, 'W_layer_units_exponent_6': 8, 'D_layers': 4, 'D_layer_units_exponent_0': 10, 'D_layer_units_exponent_1': 7, 'D_layer_units_exponent_2': 9, 'D_layer_units_exponent_3': 6, 'D_dagger_layers': 4, 'D_dagger_layer_units_exponent_0': 10, 'D_dagger_layer_units_exponent_1': 10, 'D_dagger_layer_units_exponent_2': 4, 'D_dagger_layer_units_exponent_3': 5, 'log_learning_rate': -4.0901674859467665, 'log_learning_rate_D': -2.7396216060378564, 'log_learning_rate_D_dagger': -2.7862065148527693, 'training_batch_size': 6, 'training_p': 7}
	 epoch  0 training error:  tensor(0.9510, device='cuda:0', grad_fn=<DivBackward0>)
Memory status after this epoch: 
Memory allocated:  318.02001953125
Memory cached:  594.0
	 epoch  10 training error:  tensor(0.5619, device='cuda:0', grad_fn=<DivBackward0>)
Memory status after this epoch: 
Memory allocated:  318.02001953125
Memory cached:  632.0
	 epoch  20 training error:  tensor(0.5608, device='cuda:0', grad_fn=<DivBackward0>)
Memory status after this epoch: 
Memory allocated:  318.02001953125
Memory cached:  618.0
	 epoch  30 training error:  tensor(0.5204, device='cuda:0', grad_fn=<DivBackward0>)
Memory status after this epoch: 
Memory allocated:  318.02001953125
Memory cached:  634.0
	 epoch  40 training error:  tensor(0.5283, device='cuda:0', grad_fn=<DivBackward0>)
Memory status after this epoch: 
Memory allocated:  318.02001953125
Memory cached:  638.0
	 epoch  50 training error:  tensor(0.5473, device='cuda:0', grad_fn=<DivBackward0>)
Memory status after this epoch: 
Memory allocated:  318.02001953125
Memory cached:  636.0
	 epoch  60 training error:  tensor(0.4987, device='cuda:0', grad_fn=<DivBackward0>)
Memory status after this epoch: 
Memory allocated:  318.02001953125
Memory cached:  634.0
	 epoch  70 training error:  tensor(0.7061, device='cuda:0', grad_fn=<DivBackward0>)
Memory status after this epoch: 
Memory allocated:  318.02001953125
Memory cached:  622.0
	 epoch  80 training error:  tensor(0.5678, device='cuda:0', grad_fn=<DivBackward0>)
Memory status after this epoch: 
Memory allocated:  318.02001953125
Memory cached:  630.0
	 epoch  90 training error:  tensor(0.5513, device='cuda:0', grad_fn=<DivBackward0>)
Memory status after this epoch: 
Memory allocated:  318.02001953125
Memory cached:  622.0
[I 2024-01-04 00:15:42,432] Trial 167 finished with value: 0.4381890892982483 and parameters: {'W_layers': 7, 'W_layer_units_exponent_0': 10, 'W_layer_units_exponent_1': 4, 'W_layer_units_exponent_2': 6, 'W_layer_units_exponent_3': 5, 'W_layer_units_exponent_4': 8, 'W_layer_units_exponent_5': 7, 'W_layer_units_exponent_6': 8, 'D_layers': 4, 'D_layer_units_exponent_0': 10, 'D_layer_units_exponent_1': 7, 'D_layer_units_exponent_2': 9, 'D_layer_units_exponent_3': 6, 'D_dagger_layers': 4, 'D_dagger_layer_units_exponent_0': 10, 'D_dagger_layer_units_exponent_1': 10, 'D_dagger_layer_units_exponent_2': 4, 'D_dagger_layer_units_exponent_3': 5, 'log_learning_rate': -4.0901674859467665, 'log_learning_rate_D': -2.7396216060378564, 'log_learning_rate_D_dagger': -2.7862065148527693, 'training_batch_size': 6, 'training_p': 7}. Best is trial 163 with value: 0.10096652805805206.
Time for this trial:  368.9512116909027
Memory status after this trial: 
Memory allocated:  603.4287109375
Memory cached:  612.0
--------------------  Trial  168   --------------------
Start timing: 
Parameters: 
{'W_layers': 6, 'W_layer_units_exponent_0': 10, 'W_layer_units_exponent_1': 5, 'W_layer_units_exponent_2': 8, 'W_layer_units_exponent_3': 5, 'W_layer_units_exponent_4': 8, 'W_layer_units_exponent_5': 9, 'D_layers': 3, 'D_layer_units_exponent_0': 10, 'D_layer_units_exponent_1': 6, 'D_layer_units_exponent_2': 7, 'D_dagger_layers': 4, 'D_dagger_layer_units_exponent_0': 10, 'D_dagger_layer_units_exponent_1': 10, 'D_dagger_layer_units_exponent_2': 4, 'D_dagger_layer_units_exponent_3': 4, 'log_learning_rate': -4.022459385692053, 'log_learning_rate_D': -2.517695476007846, 'log_learning_rate_D_dagger': -3.123004118423556, 'training_batch_size': 10, 'training_p': 4}
	 epoch  0 training error:  tensor(1.0429, device='cuda:0', grad_fn=<DivBackward0>)
Memory status after this epoch: 
Memory allocated:  317.06982421875
Memory cached:  616.0
	 epoch  10 training error:  tensor(0.4781, device='cuda:0', grad_fn=<DivBackward0>)
Memory status after this epoch: 
Memory allocated:  317.06982421875
Memory cached:  664.0
	 epoch  20 training error:  tensor(0.4465, device='cuda:0', grad_fn=<DivBackward0>)
Memory status after this epoch: 
Memory allocated:  317.06982421875
Memory cached:  670.0
	 epoch  30 training error:  tensor(0.4379, device='cuda:0', grad_fn=<DivBackward0>)
Memory status after this epoch: 
Memory allocated:  317.06982421875
Memory cached:  666.0
	 epoch  40 training error:  tensor(0.4339, device='cuda:0', grad_fn=<DivBackward0>)
Memory status after this epoch: 
Memory allocated:  317.06982421875
Memory cached:  666.0
	 epoch  50 training error:  tensor(0.4390, device='cuda:0', grad_fn=<DivBackward0>)
Memory status after this epoch: 
Memory allocated:  317.06982421875
Memory cached:  670.0
	 epoch  60 training error:  tensor(0.4191, device='cuda:0', grad_fn=<DivBackward0>)
Memory status after this epoch: 
Memory allocated:  317.06982421875
Memory cached:  662.0
	 epoch  70 training error:  tensor(0.4076, device='cuda:0', grad_fn=<DivBackward0>)
Memory status after this epoch: 
Memory allocated:  317.06982421875
Memory cached:  664.0
	 epoch  80 training error:  tensor(0.3622, device='cuda:0', grad_fn=<DivBackward0>)
Memory status after this epoch: 
Memory allocated:  317.06982421875
Memory cached:  670.0
	 epoch  90 training error:  tensor(0.2670, device='cuda:0', grad_fn=<DivBackward0>)
Memory status after this epoch: 
Memory allocated:  317.06982421875
Memory cached:  662.0
