[I 2023-12-07 04:50:03,229] Trial 24 finished with value: 0.33326563239097595 and parameters: {'W_layers': 8, 'W_layer_units_exponent_0': 9, 'W_layer_units_exponent_1': 8, 'W_layer_units_exponent_2': 6, 'W_layer_units_exponent_3': 5, 'W_layer_units_exponent_4': 8, 'W_layer_units_exponent_5': 8, 'W_layer_units_exponent_6': 6, 'W_layer_units_exponent_7': 7, 'D_layers': 8, 'D_layer_units_exponent_0': 8, 'D_layer_units_exponent_1': 5, 'D_layer_units_exponent_2': 5, 'D_layer_units_exponent_3': 7, 'D_layer_units_exponent_4': 8, 'D_layer_units_exponent_5': 9, 'D_layer_units_exponent_6': 10, 'D_layer_units_exponent_7': 8, 'D_dagger_layers': 3, 'D_dagger_layer_units_exponent_0': 10, 'D_dagger_layer_units_exponent_1': 7, 'D_dagger_layer_units_exponent_2': 5, 'log_learning_rate': -4.259426792856532, 'log_learning_rate_D': -2.989674385757821, 'log_learning_rate_D_dagger': -2.4390338648416603, 'training_batch_size': 9, 'training_p': 2}. Best is trial 14 with value: 0.33128154277801514.
Time for this trial:  18.421069383621216
Memory status after this trial: 
Memory allocated:  282.44287109375
Memory cached:  308.0
--------------------  Trial  25   --------------------
Start timing: 
Parameters: 
{'W_layers': 8, 'W_layer_units_exponent_0': 8, 'W_layer_units_exponent_1': 9, 'W_layer_units_exponent_2': 6, 'W_layer_units_exponent_3': 5, 'W_layer_units_exponent_4': 9, 'W_layer_units_exponent_5': 9, 'W_layer_units_exponent_6': 6, 'W_layer_units_exponent_7': 7, 'D_layers': 5, 'D_layer_units_exponent_0': 7, 'D_layer_units_exponent_1': 5, 'D_layer_units_exponent_2': 5, 'D_layer_units_exponent_3': 7, 'D_layer_units_exponent_4': 8, 'D_dagger_layers': 5, 'D_dagger_layer_units_exponent_0': 9, 'D_dagger_layer_units_exponent_1': 7, 'D_dagger_layer_units_exponent_2': 7, 'D_dagger_layer_units_exponent_3': 5, 'D_dagger_layer_units_exponent_4': 4, 'log_learning_rate': -4.211816574838093, 'log_learning_rate_D': -3.0404703014184893, 'log_learning_rate_D_dagger': -2.3107974512573195, 'training_batch_size': 9, 'training_p': 2}
	 epoch  0 training error:  tensor(0.9939, device='cuda:0', grad_fn=<DivBackward0>)
Memory status after this epoch: 
Memory allocated:  140.1015625
Memory cached:  298.0
	 epoch  10 training error:  tensor(0.4068, device='cuda:0', grad_fn=<DivBackward0>)
Memory status after this epoch: 
Memory allocated:  140.1015625
Memory cached:  300.0
	 epoch  20 training error:  tensor(0.3615, device='cuda:0', grad_fn=<DivBackward0>)
Memory status after this epoch: 
Memory allocated:  140.1015625
Memory cached:  300.0
	 epoch  30 training error:  tensor(0.3590, device='cuda:0', grad_fn=<DivBackward0>)
Memory status after this epoch: 
Memory allocated:  140.1015625
Memory cached:  300.0
	 epoch  40 training error:  tensor(0.3579, device='cuda:0', grad_fn=<DivBackward0>)
Memory status after this epoch: 
Memory allocated:  140.1015625
Memory cached:  300.0
	 epoch  50 training error:  tensor(0.3442, device='cuda:0', grad_fn=<DivBackward0>)
Memory status after this epoch: 
Memory allocated:  140.1015625
Memory cached:  300.0
	 epoch  60 training error:  tensor(0.3446, device='cuda:0', grad_fn=<DivBackward0>)
Memory status after this epoch: 
Memory allocated:  140.1015625
Memory cached:  300.0
	 epoch  70 training error:  tensor(0.3469, device='cuda:0', grad_fn=<DivBackward0>)
Memory status after this epoch: 
Memory allocated:  140.1015625
Memory cached:  300.0
	 epoch  80 training error:  tensor(0.3443, device='cuda:0', grad_fn=<DivBackward0>)
Memory status after this epoch: 
Memory allocated:  140.1015625
Memory cached:  300.0
	 epoch  90 training error:  tensor(0.3414, device='cuda:0', grad_fn=<DivBackward0>)
Memory status after this epoch: 
Memory allocated:  140.1015625
Memory cached:  300.0
[I 2023-12-07 04:50:22,417] Trial 25 finished with value: 0.33126506209373474 and parameters: {'W_layers': 8, 'W_layer_units_exponent_0': 8, 'W_layer_units_exponent_1': 9, 'W_layer_units_exponent_2': 6, 'W_layer_units_exponent_3': 5, 'W_layer_units_exponent_4': 9, 'W_layer_units_exponent_5': 9, 'W_layer_units_exponent_6': 6, 'W_layer_units_exponent_7': 7, 'D_layers': 5, 'D_layer_units_exponent_0': 7, 'D_layer_units_exponent_1': 5, 'D_layer_units_exponent_2': 5, 'D_layer_units_exponent_3': 7, 'D_layer_units_exponent_4': 8, 'D_dagger_layers': 5, 'D_dagger_layer_units_exponent_0': 9, 'D_dagger_layer_units_exponent_1': 7, 'D_dagger_layer_units_exponent_2': 7, 'D_dagger_layer_units_exponent_3': 5, 'D_dagger_layer_units_exponent_4': 4, 'log_learning_rate': -4.211816574838093, 'log_learning_rate_D': -3.0404703014184893, 'log_learning_rate_D_dagger': -2.3107974512573195, 'training_batch_size': 9, 'training_p': 2}. Best is trial 25 with value: 0.33126506209373474.
res:  tensor(0.3313, device='cuda:0', grad_fn=<DivBackward0>)
self.bestValue:  tensor(0.3313, device='cuda:0', grad_fn=<DivBackward0>)
Save this model!
Time for this trial:  18.98101830482483
Memory status after this trial: 
Memory allocated:  160.7509765625
Memory cached:  294.0
--------------------  Trial  26   --------------------
Start timing: 
Parameters: 
{'W_layers': 8, 'W_layer_units_exponent_0': 7, 'W_layer_units_exponent_1': 9, 'W_layer_units_exponent_2': 6, 'W_layer_units_exponent_3': 5, 'W_layer_units_exponent_4': 8, 'W_layer_units_exponent_5': 8, 'W_layer_units_exponent_6': 6, 'W_layer_units_exponent_7': 7, 'D_layers': 5, 'D_layer_units_exponent_0': 6, 'D_layer_units_exponent_1': 4, 'D_layer_units_exponent_2': 5, 'D_layer_units_exponent_3': 7, 'D_layer_units_exponent_4': 8, 'D_dagger_layers': 6, 'D_dagger_layer_units_exponent_0': 9, 'D_dagger_layer_units_exponent_1': 7, 'D_dagger_layer_units_exponent_2': 5, 'D_dagger_layer_units_exponent_3': 6, 'D_dagger_layer_units_exponent_4': 4, 'D_dagger_layer_units_exponent_5': 6, 'log_learning_rate': -4.103534457043488, 'log_learning_rate_D': -2.9870941059848226, 'log_learning_rate_D_dagger': -1.944090475696128, 'training_batch_size': 7, 'training_p': 2}
	 epoch  0 training error:  tensor(1.0308, device='cuda:0', grad_fn=<DivBackward0>)
Memory status after this epoch: 
Memory allocated:  165.146484375
Memory cached:  294.0
	 epoch  10 training error:  tensor(0.4721, device='cuda:0', grad_fn=<DivBackward0>)
Memory status after this epoch: 
Memory allocated:  165.146484375
Memory cached:  294.0
	 epoch  20 training error:  tensor(0.3830, device='cuda:0', grad_fn=<DivBackward0>)
Memory status after this epoch: 
Memory allocated:  165.146484375
Memory cached:  294.0
	 epoch  30 training error:  tensor(0.4018, device='cuda:0', grad_fn=<DivBackward0>)
Memory status after this epoch: 
Memory allocated:  165.146484375
Memory cached:  294.0
	 epoch  40 training error:  tensor(0.3534, device='cuda:0', grad_fn=<DivBackward0>)
Memory status after this epoch: 
Memory allocated:  165.146484375
Memory cached:  294.0
	 epoch  50 training error:  tensor(0.3478, device='cuda:0', grad_fn=<DivBackward0>)
Memory status after this epoch: 
Memory allocated:  165.146484375
Memory cached:  294.0
	 epoch  60 training error:  tensor(0.3410, device='cuda:0', grad_fn=<DivBackward0>)
Memory status after this epoch: 
Memory allocated:  165.146484375
Memory cached:  294.0
	 epoch  70 training error:  tensor(0.3413, device='cuda:0', grad_fn=<DivBackward0>)
Memory status after this epoch: 
Memory allocated:  165.146484375
Memory cached:  294.0
	 epoch  80 training error:  tensor(0.3397, device='cuda:0', grad_fn=<DivBackward0>)
Memory status after this epoch: 
Memory allocated:  165.146484375
Memory cached:  294.0
	 epoch  90 training error:  tensor(0.3427, device='cuda:0', grad_fn=<DivBackward0>)
Memory status after this epoch: 
Memory allocated:  165.146484375
Memory cached:  294.0
[I 2023-12-07 04:50:41,458] Trial 26 finished with value: 0.334346204996109 and parameters: {'W_layers': 8, 'W_layer_units_exponent_0': 7, 'W_layer_units_exponent_1': 9, 'W_layer_units_exponent_2': 6, 'W_layer_units_exponent_3': 5, 'W_layer_units_exponent_4': 8, 'W_layer_units_exponent_5': 8, 'W_layer_units_exponent_6': 6, 'W_layer_units_exponent_7': 7, 'D_layers': 5, 'D_layer_units_exponent_0': 6, 'D_layer_units_exponent_1': 4, 'D_layer_units_exponent_2': 5, 'D_layer_units_exponent_3': 7, 'D_layer_units_exponent_4': 8, 'D_dagger_layers': 6, 'D_dagger_layer_units_exponent_0': 9, 'D_dagger_layer_units_exponent_1': 7, 'D_dagger_layer_units_exponent_2': 5, 'D_dagger_layer_units_exponent_3': 6, 'D_dagger_layer_units_exponent_4': 4, 'D_dagger_layer_units_exponent_5': 6, 'log_learning_rate': -4.103534457043488, 'log_learning_rate_D': -2.9870941059848226, 'log_learning_rate_D_dagger': -1.944090475696128, 'training_batch_size': 7, 'training_p': 2}. Best is trial 25 with value: 0.33126506209373474.
Time for this trial:  18.835119485855103
Memory status after this trial: 
Memory allocated:  284.44873046875
Memory cached:  316.0
--------------------  Trial  27   --------------------
Start timing: 
Parameters: 
{'W_layers': 4, 'W_layer_units_exponent_0': 8, 'W_layer_units_exponent_1': 9, 'W_layer_units_exponent_2': 5, 'W_layer_units_exponent_3': 5, 'D_layers': 5, 'D_layer_units_exponent_0': 9, 'D_layer_units_exponent_1': 4, 'D_layer_units_exponent_2': 5, 'D_layer_units_exponent_3': 7, 'D_layer_units_exponent_4': 8, 'D_dagger_layers': 5, 'D_dagger_layer_units_exponent_0': 10, 'D_dagger_layer_units_exponent_1': 7, 'D_dagger_layer_units_exponent_2': 7, 'D_dagger_layer_units_exponent_3': 8, 'D_dagger_layer_units_exponent_4': 4, 'log_learning_rate': -3.7377996335477226, 'log_learning_rate_D': -2.408358023322028, 'log_learning_rate_D_dagger': -2.396176504048713, 'training_batch_size': 9, 'training_p': 3}
	 epoch  0 training error:  tensor(1.0031, device='cuda:0', grad_fn=<DivBackward0>)
Memory status after this epoch: 
Memory allocated:  166.10498046875
Memory cached:  296.0
	 epoch  10 training error:  tensor(0.4059, device='cuda:0', grad_fn=<DivBackward0>)
Memory status after this epoch: 
Memory allocated:  166.10498046875
Memory cached:  296.0
	 epoch  20 training error:  tensor(0.4170, device='cuda:0', grad_fn=<DivBackward0>)
Memory status after this epoch: 
Memory allocated:  166.10498046875
Memory cached:  296.0
	 epoch  30 training error:  tensor(0.3888, device='cuda:0', grad_fn=<DivBackward0>)
Memory status after this epoch: 
Memory allocated:  166.10498046875
Memory cached:  296.0
	 epoch  40 training error:  tensor(0.3701, device='cuda:0', grad_fn=<DivBackward0>)
Memory status after this epoch: 
Memory allocated:  166.10498046875
Memory cached:  296.0
	 epoch  50 training error:  tensor(0.3612, device='cuda:0', grad_fn=<DivBackward0>)
Memory status after this epoch: 
Memory allocated:  166.10498046875
Memory cached:  296.0
	 epoch  60 training error:  tensor(0.3776, device='cuda:0', grad_fn=<DivBackward0>)
Memory status after this epoch: 
Memory allocated:  166.10498046875
Memory cached:  296.0
	 epoch  70 training error:  tensor(0.3730, device='cuda:0', grad_fn=<DivBackward0>)
Memory status after this epoch: 
Memory allocated:  166.10498046875
Memory cached:  296.0
	 epoch  80 training error:  tensor(0.3731, device='cuda:0', grad_fn=<DivBackward0>)
Memory status after this epoch: 
Memory allocated:  166.10498046875
Memory cached:  296.0
	 epoch  90 training error:  tensor(0.3625, device='cuda:0', grad_fn=<DivBackward0>)
Memory status after this epoch: 
Memory allocated:  166.10498046875
Memory cached:  296.0
[I 2023-12-07 04:50:59,675] Trial 27 finished with value: 0.3496329188346863 and parameters: {'W_layers': 4, 'W_layer_units_exponent_0': 8, 'W_layer_units_exponent_1': 9, 'W_layer_units_exponent_2': 5, 'W_layer_units_exponent_3': 5, 'D_layers': 5, 'D_layer_units_exponent_0': 9, 'D_layer_units_exponent_1': 4, 'D_layer_units_exponent_2': 5, 'D_layer_units_exponent_3': 7, 'D_layer_units_exponent_4': 8, 'D_dagger_layers': 5, 'D_dagger_layer_units_exponent_0': 10, 'D_dagger_layer_units_exponent_1': 7, 'D_dagger_layer_units_exponent_2': 7, 'D_dagger_layer_units_exponent_3': 8, 'D_dagger_layer_units_exponent_4': 4, 'log_learning_rate': -3.7377996335477226, 'log_learning_rate_D': -2.408358023322028, 'log_learning_rate_D_dagger': -2.396176504048713, 'training_batch_size': 9, 'training_p': 3}. Best is trial 25 with value: 0.33126506209373474.
Time for this trial:  18.03182315826416
Memory status after this trial: 
Memory allocated:  293.22314453125
Memory cached:  318.0
--------------------  Trial  28   --------------------
Start timing: 
Parameters: 
{'W_layers': 8, 'W_layer_units_exponent_0': 8, 'W_layer_units_exponent_1': 7, 'W_layer_units_exponent_2': 5, 'W_layer_units_exponent_3': 5, 'W_layer_units_exponent_4': 8, 'W_layer_units_exponent_5': 9, 'W_layer_units_exponent_6': 6, 'W_layer_units_exponent_7': 7, 'D_layers': 3, 'D_layer_units_exponent_0': 5, 'D_layer_units_exponent_1': 5, 'D_layer_units_exponent_2': 4, 'D_dagger_layers': 7, 'D_dagger_layer_units_exponent_0': 9, 'D_dagger_layer_units_exponent_1': 8, 'D_dagger_layer_units_exponent_2': 6, 'D_dagger_layer_units_exponent_3': 4, 'D_dagger_layer_units_exponent_4': 6, 'D_dagger_layer_units_exponent_5': 7, 'D_dagger_layer_units_exponent_6': 6, 'log_learning_rate': -4.336632182394854, 'log_learning_rate_D': -3.0994001067004704, 'log_learning_rate_D_dagger': -1.6326982456881787, 'training_batch_size': 7, 'training_p': 2}
	 epoch  0 training error:  tensor(1.0200, device='cuda:0', grad_fn=<DivBackward0>)
Memory status after this epoch: 
Memory allocated:  166.712890625
Memory cached:  296.0
	 epoch  10 training error:  tensor(0.4667, device='cuda:0', grad_fn=<DivBackward0>)
Memory status after this epoch: 
Memory allocated:  166.712890625
Memory cached:  294.0
	 epoch  20 training error:  tensor(0.4287, device='cuda:0', grad_fn=<DivBackward0>)
Memory status after this epoch: 
Memory allocated:  166.712890625
Memory cached:  294.0
	 epoch  30 training error:  tensor(0.3780, device='cuda:0', grad_fn=<DivBackward0>)
Memory status after this epoch: 
Memory allocated:  166.712890625
Memory cached:  294.0
	 epoch  40 training error:  tensor(0.3645, device='cuda:0', grad_fn=<DivBackward0>)
Memory status after this epoch: 
Memory allocated:  166.712890625
Memory cached:  294.0
	 epoch  50 training error:  tensor(0.3503, device='cuda:0', grad_fn=<DivBackward0>)
Memory status after this epoch: 
Memory allocated:  166.712890625
Memory cached:  294.0
	 epoch  60 training error:  tensor(0.3501, device='cuda:0', grad_fn=<DivBackward0>)
Memory status after this epoch: 
Memory allocated:  166.712890625
Memory cached:  294.0
	 epoch  70 training error:  tensor(0.3481, device='cuda:0', grad_fn=<DivBackward0>)
Memory status after this epoch: 
Memory allocated:  166.712890625
Memory cached:  294.0
	 epoch  80 training error:  tensor(0.3462, device='cuda:0', grad_fn=<DivBackward0>)
Memory status after this epoch: 
Memory allocated:  166.712890625
Memory cached:  294.0
	 epoch  90 training error:  tensor(0.3460, device='cuda:0', grad_fn=<DivBackward0>)
Memory status after this epoch: 
Memory allocated:  166.712890625
Memory cached:  294.0
[I 2023-12-07 04:51:18,951] Trial 28 finished with value: 0.3519740402698517 and parameters: {'W_layers': 8, 'W_layer_units_exponent_0': 8, 'W_layer_units_exponent_1': 7, 'W_layer_units_exponent_2': 5, 'W_layer_units_exponent_3': 5, 'W_layer_units_exponent_4': 8, 'W_layer_units_exponent_5': 9, 'W_layer_units_exponent_6': 6, 'W_layer_units_exponent_7': 7, 'D_layers': 3, 'D_layer_units_exponent_0': 5, 'D_layer_units_exponent_1': 5, 'D_layer_units_exponent_2': 4, 'D_dagger_layers': 7, 'D_dagger_layer_units_exponent_0': 9, 'D_dagger_layer_units_exponent_1': 8, 'D_dagger_layer_units_exponent_2': 6, 'D_dagger_layer_units_exponent_3': 4, 'D_dagger_layer_units_exponent_4': 6, 'D_dagger_layer_units_exponent_5': 7, 'D_dagger_layer_units_exponent_6': 6, 'log_learning_rate': -4.336632182394854, 'log_learning_rate_D': -3.0994001067004704, 'log_learning_rate_D_dagger': -1.6326982456881787, 'training_batch_size': 7, 'training_p': 2}. Best is trial 25 with value: 0.33126506209373474.
Time for this trial:  19.06544589996338
Memory status after this trial: 
Memory allocated:  299.35009765625
Memory cached:  318.0
--------------------  Trial  29   --------------------
Start timing: 
Parameters: 
{'W_layers': 6, 'W_layer_units_exponent_0': 7, 'W_layer_units_exponent_1': 10, 'W_layer_units_exponent_2': 6, 'W_layer_units_exponent_3': 8, 'W_layer_units_exponent_4': 9, 'W_layer_units_exponent_5': 7, 'D_layers': 6, 'D_layer_units_exponent_0': 10, 'D_layer_units_exponent_1': 5, 'D_layer_units_exponent_2': 5, 'D_layer_units_exponent_3': 8, 'D_layer_units_exponent_4': 9, 'D_layer_units_exponent_5': 6, 'D_dagger_layers': 2, 'D_dagger_layer_units_exponent_0': 10, 'D_dagger_layer_units_exponent_1': 9, 'log_learning_rate': -3.8933871733434833, 'log_learning_rate_D': -2.8803580162744358, 'log_learning_rate_D_dagger': -1.8509637287710177, 'training_batch_size': 9, 'training_p': 3}
	 epoch  0 training error:  tensor(1.4729, device='cuda:0', grad_fn=<DivBackward0>)
Memory status after this epoch: 
Memory allocated:  176.6611328125
Memory cached:  294.0
	 epoch  10 training error:  tensor(5.7800, device='cuda:0', grad_fn=<DivBackward0>)
Memory status after this epoch: 
Memory allocated:  176.6611328125
Memory cached:  294.0
	 epoch  20 training error:  tensor(1.7841, device='cuda:0', grad_fn=<DivBackward0>)
Memory status after this epoch: 
Memory allocated:  176.6611328125
Memory cached:  294.0
	 epoch  30 training error:  tensor(0.6499, device='cuda:0', grad_fn=<DivBackward0>)
Memory status after this epoch: 
Memory allocated:  176.6611328125
Memory cached:  294.0
	 epoch  40 training error:  tensor(0.4292, device='cuda:0', grad_fn=<DivBackward0>)
Memory status after this epoch: 
Memory allocated:  176.6611328125
Memory cached:  294.0
	 epoch  50 training error:  tensor(0.4335, device='cuda:0', grad_fn=<DivBackward0>)
Memory status after this epoch: 
Memory allocated:  176.6611328125
Memory cached:  294.0
	 epoch  60 training error:  tensor(0.3806, device='cuda:0', grad_fn=<DivBackward0>)
Memory status after this epoch: 
Memory allocated:  176.6611328125
Memory cached:  294.0
	 epoch  70 training error:  tensor(0.4038, device='cuda:0', grad_fn=<DivBackward0>)
Memory status after this epoch: 
Memory allocated:  176.6611328125
Memory cached:  294.0
	 epoch  80 training error:  tensor(0.4127, device='cuda:0', grad_fn=<DivBackward0>)
Memory status after this epoch: 
Memory allocated:  176.6611328125
Memory cached:  294.0
	 epoch  90 training error:  tensor(0.4283, device='cuda:0', grad_fn=<DivBackward0>)
Memory status after this epoch: 
Memory allocated:  176.6611328125
Memory cached:  294.0
