[I 2024-01-12 21:20:47,330] Trial 53 finished with value: 0.15846161544322968 and parameters: {'W_layers': 2, 'W_layer_units_exponent_0': 6, 'W_layer_units_exponent_1': 6, 'D_layers': 5, 'D_layer_units_exponent_0': 6, 'D_layer_units_exponent_1': 5, 'D_layer_units_exponent_2': 5, 'D_layer_units_exponent_3': 6, 'D_layer_units_exponent_4': 10, 'D_dagger_layers': 3, 'D_dagger_layer_units_exponent_0': 9, 'D_dagger_layer_units_exponent_1': 10, 'D_dagger_layer_units_exponent_2': 7, 'log_learning_rate': -4.356042128732652, 'log_learning_rate_D': -3.0288021548800175, 'log_learning_rate_D_dagger': -3.0618965135744407, 'training_batch_size': 6, 'training_p': 6}. Best is trial 52 with value: 0.08323463052511215.
Time for this trial:  388.3073468208313
Memory status after this trial: 
Memory allocated:  625.5283203125
Memory cached:  642.0
--------------------  Trial  54   --------------------
Start timing: 
Parameters: 
{'W_layers': 2, 'W_layer_units_exponent_0': 6, 'W_layer_units_exponent_1': 6, 'D_layers': 5, 'D_layer_units_exponent_0': 6, 'D_layer_units_exponent_1': 5, 'D_layer_units_exponent_2': 4, 'D_layer_units_exponent_3': 7, 'D_layer_units_exponent_4': 10, 'D_dagger_layers': 3, 'D_dagger_layer_units_exponent_0': 9, 'D_dagger_layer_units_exponent_1': 10, 'D_dagger_layer_units_exponent_2': 8, 'log_learning_rate': -4.270578570594115, 'log_learning_rate_D': -3.0090120542168304, 'log_learning_rate_D_dagger': -3.213984566892179, 'training_batch_size': 6, 'training_p': 6}
	 epoch  0 training error:  tensor(1.0286, device='cuda:0', grad_fn=<DivBackward0>)
Memory status after this epoch: 
Memory allocated:  332.20703125
Memory cached:  614.0
	 epoch  10 training error:  tensor(0.5080, device='cuda:0', grad_fn=<DivBackward0>)
Memory status after this epoch: 
Memory allocated:  332.20703125
Memory cached:  614.0
	 epoch  20 training error:  tensor(0.4947, device='cuda:0', grad_fn=<DivBackward0>)
Memory status after this epoch: 
Memory allocated:  332.20703125
Memory cached:  612.0
	 epoch  30 training error:  tensor(0.4983, device='cuda:0', grad_fn=<DivBackward0>)
Memory status after this epoch: 
Memory allocated:  332.20703125
Memory cached:  612.0
	 epoch  40 training error:  tensor(0.4766, device='cuda:0', grad_fn=<DivBackward0>)
Memory status after this epoch: 
Memory allocated:  332.20703125
Memory cached:  612.0
	 epoch  50 training error:  tensor(0.3090, device='cuda:0', grad_fn=<DivBackward0>)
Memory status after this epoch: 
Memory allocated:  332.20703125
Memory cached:  612.0
	 epoch  60 training error:  tensor(0.3049, device='cuda:0', grad_fn=<DivBackward0>)
Memory status after this epoch: 
Memory allocated:  332.20703125
Memory cached:  612.0
	 epoch  70 training error:  tensor(0.2279, device='cuda:0', grad_fn=<DivBackward0>)
Memory status after this epoch: 
Memory allocated:  332.20703125
Memory cached:  614.0
	 epoch  80 training error:  tensor(0.1839, device='cuda:0', grad_fn=<DivBackward0>)
Memory status after this epoch: 
Memory allocated:  332.20703125
Memory cached:  612.0
	 epoch  90 training error:  tensor(0.1500, device='cuda:0', grad_fn=<DivBackward0>)
Memory status after this epoch: 
Memory allocated:  332.20703125
Memory cached:  612.0
[I 2024-01-12 21:27:13,269] Trial 54 finished with value: 0.10298216342926025 and parameters: {'W_layers': 2, 'W_layer_units_exponent_0': 6, 'W_layer_units_exponent_1': 6, 'D_layers': 5, 'D_layer_units_exponent_0': 6, 'D_layer_units_exponent_1': 5, 'D_layer_units_exponent_2': 4, 'D_layer_units_exponent_3': 7, 'D_layer_units_exponent_4': 10, 'D_dagger_layers': 3, 'D_dagger_layer_units_exponent_0': 9, 'D_dagger_layer_units_exponent_1': 10, 'D_dagger_layer_units_exponent_2': 8, 'log_learning_rate': -4.270578570594115, 'log_learning_rate_D': -3.0090120542168304, 'log_learning_rate_D_dagger': -3.213984566892179, 'training_batch_size': 6, 'training_p': 6}. Best is trial 52 with value: 0.08323463052511215.
Time for this trial:  385.53600335121155
Memory status after this trial: 
Memory allocated:  643.82080078125
Memory cached:  660.0
--------------------  Trial  55   --------------------
Start timing: 
Parameters: 
{'W_layers': 2, 'W_layer_units_exponent_0': 6, 'W_layer_units_exponent_1': 6, 'D_layers': 5, 'D_layer_units_exponent_0': 5, 'D_layer_units_exponent_1': 4, 'D_layer_units_exponent_2': 4, 'D_layer_units_exponent_3': 7, 'D_layer_units_exponent_4': 10, 'D_dagger_layers': 2, 'D_dagger_layer_units_exponent_0': 9, 'D_dagger_layer_units_exponent_1': 10, 'log_learning_rate': -4.253878565685289, 'log_learning_rate_D': -3.0048603580832007, 'log_learning_rate_D_dagger': -3.1771516757700367, 'training_batch_size': 12, 'training_p': 7}
	 epoch  0 training error:  tensor(1.0254, device='cuda:0', grad_fn=<DivBackward0>)
Memory status after this epoch: 
Memory allocated:  328.1865234375
Memory cached:  620.0
	 epoch  10 training error:  tensor(0.8150, device='cuda:0', grad_fn=<DivBackward0>)
Memory status after this epoch: 
Memory allocated:  328.1865234375
Memory cached:  636.0
	 epoch  20 training error:  tensor(0.5506, device='cuda:0', grad_fn=<DivBackward0>)
Memory status after this epoch: 
Memory allocated:  328.1865234375
Memory cached:  640.0
	 epoch  30 training error:  tensor(0.5155, device='cuda:0', grad_fn=<DivBackward0>)
Memory status after this epoch: 
Memory allocated:  328.1865234375
Memory cached:  648.0
	 epoch  40 training error:  tensor(0.5108, device='cuda:0', grad_fn=<DivBackward0>)
Memory status after this epoch: 
Memory allocated:  328.1865234375
Memory cached:  634.0
	 epoch  50 training error:  tensor(0.5170, device='cuda:0', grad_fn=<DivBackward0>)
Memory status after this epoch: 
Memory allocated:  328.1865234375
Memory cached:  636.0
	 epoch  60 training error:  tensor(0.5171, device='cuda:0', grad_fn=<DivBackward0>)
Memory status after this epoch: 
Memory allocated:  328.1865234375
Memory cached:  644.0
	 epoch  70 training error:  tensor(0.5091, device='cuda:0', grad_fn=<DivBackward0>)
Memory status after this epoch: 
Memory allocated:  328.1865234375
Memory cached:  640.0
	 epoch  80 training error:  tensor(0.5151, device='cuda:0', grad_fn=<DivBackward0>)
Memory status after this epoch: 
Memory allocated:  328.1865234375
Memory cached:  634.0
	 epoch  90 training error:  tensor(0.4892, device='cuda:0', grad_fn=<DivBackward0>)
Memory status after this epoch: 
Memory allocated:  328.1865234375
Memory cached:  640.0
[I 2024-01-12 21:29:59,952] Trial 55 finished with value: 0.24549393355846405 and parameters: {'W_layers': 2, 'W_layer_units_exponent_0': 6, 'W_layer_units_exponent_1': 6, 'D_layers': 5, 'D_layer_units_exponent_0': 5, 'D_layer_units_exponent_1': 4, 'D_layer_units_exponent_2': 4, 'D_layer_units_exponent_3': 7, 'D_layer_units_exponent_4': 10, 'D_dagger_layers': 2, 'D_dagger_layer_units_exponent_0': 9, 'D_dagger_layer_units_exponent_1': 10, 'log_learning_rate': -4.253878565685289, 'log_learning_rate_D': -3.0048603580832007, 'log_learning_rate_D_dagger': -3.1771516757700367, 'training_batch_size': 12, 'training_p': 7}. Best is trial 52 with value: 0.08323463052511215.
Time for this trial:  166.3470160961151
Memory status after this trial: 
Memory allocated:  597.623046875
Memory cached:  624.0
--------------------  Trial  56   --------------------
Start timing: 
Parameters: 
{'W_layers': 2, 'W_layer_units_exponent_0': 6, 'W_layer_units_exponent_1': 6, 'D_layers': 5, 'D_layer_units_exponent_0': 6, 'D_layer_units_exponent_1': 5, 'D_layer_units_exponent_2': 4, 'D_layer_units_exponent_3': 7, 'D_layer_units_exponent_4': 10, 'D_dagger_layers': 3, 'D_dagger_layer_units_exponent_0': 10, 'D_dagger_layer_units_exponent_1': 10, 'D_dagger_layer_units_exponent_2': 9, 'log_learning_rate': -4.395030877264786, 'log_learning_rate_D': -3.3340272615173676, 'log_learning_rate_D_dagger': -3.117409683420283, 'training_batch_size': 6, 'training_p': 6}
	 epoch  0 training error:  tensor(1.5008, device='cuda:0', grad_fn=<DivBackward0>)
Memory status after this epoch: 
Memory allocated:  344.23828125
Memory cached:  636.0
	 epoch  10 training error:  tensor(0.5109, device='cuda:0', grad_fn=<DivBackward0>)
Memory status after this epoch: 
Memory allocated:  344.23828125
Memory cached:  638.0
	 epoch  20 training error:  tensor(0.5077, device='cuda:0', grad_fn=<DivBackward0>)
Memory status after this epoch: 
Memory allocated:  344.23828125
Memory cached:  642.0
	 epoch  30 training error:  tensor(0.4905, device='cuda:0', grad_fn=<DivBackward0>)
Memory status after this epoch: 
Memory allocated:  344.23828125
Memory cached:  642.0
	 epoch  40 training error:  tensor(0.4897, device='cuda:0', grad_fn=<DivBackward0>)
Memory status after this epoch: 
Memory allocated:  344.23828125
Memory cached:  642.0
	 epoch  50 training error:  tensor(0.3846, device='cuda:0', grad_fn=<DivBackward0>)
Memory status after this epoch: 
Memory allocated:  344.23828125
Memory cached:  640.0
	 epoch  60 training error:  tensor(0.3540, device='cuda:0', grad_fn=<DivBackward0>)
Memory status after this epoch: 
Memory allocated:  344.23828125
Memory cached:  644.0
	 epoch  70 training error:  tensor(0.2123, device='cuda:0', grad_fn=<DivBackward0>)
Memory status after this epoch: 
Memory allocated:  344.23828125
Memory cached:  644.0
	 epoch  80 training error:  tensor(0.2453, device='cuda:0', grad_fn=<DivBackward0>)
Memory status after this epoch: 
Memory allocated:  344.23828125
Memory cached:  642.0
	 epoch  90 training error:  tensor(0.2075, device='cuda:0', grad_fn=<DivBackward0>)
Memory status after this epoch: 
Memory allocated:  344.23828125
Memory cached:  640.0
[I 2024-01-12 21:36:36,820] Trial 56 finished with value: 0.1872953623533249 and parameters: {'W_layers': 2, 'W_layer_units_exponent_0': 6, 'W_layer_units_exponent_1': 6, 'D_layers': 5, 'D_layer_units_exponent_0': 6, 'D_layer_units_exponent_1': 5, 'D_layer_units_exponent_2': 4, 'D_layer_units_exponent_3': 7, 'D_layer_units_exponent_4': 10, 'D_dagger_layers': 3, 'D_dagger_layer_units_exponent_0': 10, 'D_dagger_layer_units_exponent_1': 10, 'D_dagger_layer_units_exponent_2': 9, 'log_learning_rate': -4.395030877264786, 'log_learning_rate_D': -3.3340272615173676, 'log_learning_rate_D_dagger': -3.117409683420283, 'training_batch_size': 6, 'training_p': 6}. Best is trial 52 with value: 0.08323463052511215.
Time for this trial:  396.4434516429901
Memory status after this trial: 
Memory allocated:  727.96142578125
Memory cached:  734.0
--------------------  Trial  57   --------------------
Start timing: 
Parameters: 
{'W_layers': 2, 'W_layer_units_exponent_0': 6, 'W_layer_units_exponent_1': 6, 'D_layers': 5, 'D_layer_units_exponent_0': 5, 'D_layer_units_exponent_1': 5, 'D_layer_units_exponent_2': 4, 'D_layer_units_exponent_3': 8, 'D_layer_units_exponent_4': 9, 'D_dagger_layers': 2, 'D_dagger_layer_units_exponent_0': 9, 'D_dagger_layer_units_exponent_1': 9, 'log_learning_rate': -4.179311729700583, 'log_learning_rate_D': -3.0194286954974694, 'log_learning_rate_D_dagger': -3.375343598262017, 'training_batch_size': 6, 'training_p': 7}
	 epoch  0 training error:  tensor(0.7356, device='cuda:0', grad_fn=<DivBackward0>)
Memory status after this epoch: 
Memory allocated:  324.201171875
Memory cached:  618.0
	 epoch  10 training error:  tensor(0.5838, device='cuda:0', grad_fn=<DivBackward0>)
Memory status after this epoch: 
Memory allocated:  324.201171875
Memory cached:  618.0
	 epoch  20 training error:  tensor(0.5413, device='cuda:0', grad_fn=<DivBackward0>)
Memory status after this epoch: 
Memory allocated:  324.201171875
Memory cached:  618.0
	 epoch  30 training error:  tensor(0.5274, device='cuda:0', grad_fn=<DivBackward0>)
Memory status after this epoch: 
Memory allocated:  324.201171875
Memory cached:  618.0
	 epoch  40 training error:  tensor(0.5318, device='cuda:0', grad_fn=<DivBackward0>)
Memory status after this epoch: 
Memory allocated:  324.201171875
Memory cached:  618.0
	 epoch  50 training error:  tensor(0.5128, device='cuda:0', grad_fn=<DivBackward0>)
Memory status after this epoch: 
Memory allocated:  324.201171875
Memory cached:  618.0
	 epoch  60 training error:  tensor(0.4916, device='cuda:0', grad_fn=<DivBackward0>)
Memory status after this epoch: 
Memory allocated:  324.201171875
Memory cached:  618.0
	 epoch  70 training error:  tensor(0.4398, device='cuda:0', grad_fn=<DivBackward0>)
Memory status after this epoch: 
Memory allocated:  324.201171875
Memory cached:  618.0
	 epoch  80 training error:  tensor(0.3778, device='cuda:0', grad_fn=<DivBackward0>)
Memory status after this epoch: 
Memory allocated:  324.201171875
Memory cached:  618.0
	 epoch  90 training error:  tensor(0.2993, device='cuda:0', grad_fn=<DivBackward0>)
Memory status after this epoch: 
Memory allocated:  324.201171875
Memory cached:  618.0
[I 2024-01-12 21:42:38,989] Trial 57 finished with value: 0.2730724513530731 and parameters: {'W_layers': 2, 'W_layer_units_exponent_0': 6, 'W_layer_units_exponent_1': 6, 'D_layers': 5, 'D_layer_units_exponent_0': 5, 'D_layer_units_exponent_1': 5, 'D_layer_units_exponent_2': 4, 'D_layer_units_exponent_3': 8, 'D_layer_units_exponent_4': 9, 'D_dagger_layers': 2, 'D_dagger_layer_units_exponent_0': 9, 'D_dagger_layer_units_exponent_1': 9, 'log_learning_rate': -4.179311729700583, 'log_learning_rate_D': -3.0194286954974694, 'log_learning_rate_D_dagger': -3.375343598262017, 'training_batch_size': 6, 'training_p': 7}. Best is trial 52 with value: 0.08323463052511215.
Time for this trial:  361.7929039001465
Memory status after this trial: 
Memory allocated:  517.62548828125
Memory cached:  618.0
--------------------  Trial  58   --------------------
Start timing: 
Parameters: 
{'W_layers': 2, 'W_layer_units_exponent_0': 6, 'W_layer_units_exponent_1': 7, 'D_layers': 5, 'D_layer_units_exponent_0': 5, 'D_layer_units_exponent_1': 4, 'D_layer_units_exponent_2': 5, 'D_layer_units_exponent_3': 7, 'D_layer_units_exponent_4': 10, 'D_dagger_layers': 3, 'D_dagger_layer_units_exponent_0': 9, 'D_dagger_layer_units_exponent_1': 10, 'D_dagger_layer_units_exponent_2': 8, 'log_learning_rate': -4.992359064490131, 'log_learning_rate_D': -2.8714147206386347, 'log_learning_rate_D_dagger': -2.7297291522323555, 'training_batch_size': 6, 'training_p': 6}
	 epoch  0 training error:  tensor(2.3176, device='cuda:0', grad_fn=<DivBackward0>)
Memory status after this epoch: 
Memory allocated:  332.27734375
Memory cached:  616.0
	 epoch  10 training error:  tensor(0.5302, device='cuda:0', grad_fn=<DivBackward0>)
Memory status after this epoch: 
Memory allocated:  332.27734375
Memory cached:  626.0
	 epoch  20 training error:  tensor(0.4963, device='cuda:0', grad_fn=<DivBackward0>)
Memory status after this epoch: 
Memory allocated:  332.27734375
Memory cached:  632.0
	 epoch  30 training error:  tensor(0.4849, device='cuda:0', grad_fn=<DivBackward0>)
Memory status after this epoch: 
Memory allocated:  332.27734375
Memory cached:  626.0
	 epoch  40 training error:  tensor(0.4772, device='cuda:0', grad_fn=<DivBackward0>)
Memory status after this epoch: 
Memory allocated:  332.27734375
Memory cached:  622.0
	 epoch  50 training error:  tensor(0.4756, device='cuda:0', grad_fn=<DivBackward0>)
Memory status after this epoch: 
Memory allocated:  332.27734375
Memory cached:  626.0
	 epoch  60 training error:  tensor(0.3740, device='cuda:0', grad_fn=<DivBackward0>)
Memory status after this epoch: 
Memory allocated:  332.27734375
Memory cached:  630.0
	 epoch  70 training error:  tensor(0.2031, device='cuda:0', grad_fn=<DivBackward0>)
Memory status after this epoch: 
Memory allocated:  332.27734375
Memory cached:  624.0
	 epoch  80 training error:  tensor(0.2496, device='cuda:0', grad_fn=<DivBackward0>)
Memory status after this epoch: 
Memory allocated:  332.27734375
Memory cached:  624.0
	 epoch  90 training error:  tensor(0.1329, device='cuda:0', grad_fn=<DivBackward0>)
Memory status after this epoch: 
Memory allocated:  332.27734375
Memory cached:  626.0
[I 2024-01-12 21:49:10,721] Trial 58 finished with value: 0.24313049018383026 and parameters: {'W_layers': 2, 'W_layer_units_exponent_0': 6, 'W_layer_units_exponent_1': 7, 'D_layers': 5, 'D_layer_units_exponent_0': 5, 'D_layer_units_exponent_1': 4, 'D_layer_units_exponent_2': 5, 'D_layer_units_exponent_3': 7, 'D_layer_units_exponent_4': 10, 'D_dagger_layers': 3, 'D_dagger_layer_units_exponent_0': 9, 'D_dagger_layer_units_exponent_1': 10, 'D_dagger_layer_units_exponent_2': 8, 'log_learning_rate': -4.992359064490131, 'log_learning_rate_D': -2.8714147206386347, 'log_learning_rate_D_dagger': -2.7297291522323555, 'training_batch_size': 6, 'training_p': 6}. Best is trial 52 with value: 0.08323463052511215.
Time for this trial:  391.3340730667114
Memory status after this trial: 
Memory allocated:  646.33154296875
Memory cached:  664.0
--------------------  Trial  59   --------------------
Start timing: 
Parameters: 
{'W_layers': 2, 'W_layer_units_exponent_0': 7, 'W_layer_units_exponent_1': 7, 'D_layers': 5, 'D_layer_units_exponent_0': 6, 'D_layer_units_exponent_1': 6, 'D_layer_units_exponent_2': 4, 'D_layer_units_exponent_3': 9, 'D_layer_units_exponent_4': 9, 'D_dagger_layers': 3, 'D_dagger_layer_units_exponent_0': 10, 'D_dagger_layer_units_exponent_1': 10, 'D_dagger_layer_units_exponent_2': 8, 'log_learning_rate': -3.8387927014831185, 'log_learning_rate_D': -3.2107108319053603, 'log_learning_rate_D_dagger': -3.015753405657339, 'training_batch_size': 6, 'training_p': 8}
	 epoch  0 training error:  tensor(1.6785, device='cuda:0', grad_fn=<DivBackward0>)
Memory status after this epoch: 
Memory allocated:  342.541015625
Memory cached:  616.0
	 epoch  10 training error:  tensor(0.5581, device='cuda:0', grad_fn=<DivBackward0>)
Memory status after this epoch: 
Memory allocated:  342.541015625
Memory cached:  620.0
	 epoch  20 training error:  tensor(0.5496, device='cuda:0', grad_fn=<DivBackward0>)
Memory status after this epoch: 
Memory allocated:  342.541015625
Memory cached:  618.0
	 epoch  30 training error:  tensor(0.5384, device='cuda:0', grad_fn=<DivBackward0>)
Memory status after this epoch: 
Memory allocated:  342.541015625
Memory cached:  618.0
	 epoch  40 training error:  tensor(0.5228, device='cuda:0', grad_fn=<DivBackward0>)
Memory status after this epoch: 
Memory allocated:  342.541015625
Memory cached:  622.0
	 epoch  50 training error:  tensor(0.5449, device='cuda:0', grad_fn=<DivBackward0>)
Memory status after this epoch: 
Memory allocated:  342.541015625
Memory cached:  620.0
	 epoch  60 training error:  tensor(0.5221, device='cuda:0', grad_fn=<DivBackward0>)
Memory status after this epoch: 
Memory allocated:  342.541015625
Memory cached:  622.0
	 epoch  70 training error:  tensor(0.5431, device='cuda:0', grad_fn=<DivBackward0>)
Memory status after this epoch: 
Memory allocated:  342.541015625
Memory cached:  622.0
	 epoch  80 training error:  tensor(0.5210, device='cuda:0', grad_fn=<DivBackward0>)
Memory status after this epoch: 
Memory allocated:  342.541015625
Memory cached:  622.0
	 epoch  90 training error:  tensor(0.5177, device='cuda:0', grad_fn=<DivBackward0>)
Memory status after this epoch: 
Memory allocated:  342.541015625
Memory cached:  620.0
