[I 2023-12-20 03:35:35,864] Trial 33 finished with value: 0.3844684660434723 and parameters: {'W_layers': 7, 'W_layer_units_exponent_0': 6, 'W_layer_units_exponent_1': 9, 'W_layer_units_exponent_2': 4, 'W_layer_units_exponent_3': 9, 'W_layer_units_exponent_4': 4, 'W_layer_units_exponent_5': 9, 'W_layer_units_exponent_6': 6, 'D_layers': 8, 'D_layer_units_exponent_0': 6, 'D_layer_units_exponent_1': 4, 'D_layer_units_exponent_2': 5, 'D_layer_units_exponent_3': 8, 'D_layer_units_exponent_4': 9, 'D_layer_units_exponent_5': 7, 'D_layer_units_exponent_6': 6, 'D_layer_units_exponent_7': 4, 'D_dagger_layers': 3, 'D_dagger_layer_units_exponent_0': 8, 'D_dagger_layer_units_exponent_1': 5, 'D_dagger_layer_units_exponent_2': 6, 'log_learning_rate': -2.2454945663854855, 'log_learning_rate_D': -4.265872756720236, 'log_learning_rate_D_dagger': -2.6864165154452024, 'training_batch_size': 6, 'training_p': 8}. Best is trial 11 with value: 0.14480963349342346.
Time for this trial:  388.87314224243164
Memory status after this trial: 
Memory allocated:  351.6259765625
Memory cached:  410.0
--------------------  Trial  34   --------------------
Start timing: 
Parameters: 
{'W_layers': 5, 'W_layer_units_exponent_0': 7, 'W_layer_units_exponent_1': 9, 'W_layer_units_exponent_2': 5, 'W_layer_units_exponent_3': 9, 'W_layer_units_exponent_4': 5, 'D_layers': 8, 'D_layer_units_exponent_0': 7, 'D_layer_units_exponent_1': 4, 'D_layer_units_exponent_2': 5, 'D_layer_units_exponent_3': 8, 'D_layer_units_exponent_4': 9, 'D_layer_units_exponent_5': 9, 'D_layer_units_exponent_6': 4, 'D_layer_units_exponent_7': 6, 'D_dagger_layers': 3, 'D_dagger_layer_units_exponent_0': 8, 'D_dagger_layer_units_exponent_1': 6, 'D_dagger_layer_units_exponent_2': 5, 'log_learning_rate': -1.815083939846803, 'log_learning_rate_D': -4.026278672952727, 'log_learning_rate_D_dagger': -2.3001982325886083, 'training_batch_size': 6, 'training_p': 7}
	 epoch  0 training error:  tensor(1.0870, device='cuda:0', grad_fn=<DivBackward0>)
Memory status after this epoch: 
Memory allocated:  190.75048828125
Memory cached:  390.0
	 epoch  10 training error:  tensor(0.5367, device='cuda:0', grad_fn=<DivBackward0>)
Memory status after this epoch: 
Memory allocated:  190.75048828125
Memory cached:  402.0
	 epoch  20 training error:  tensor(0.5477, device='cuda:0', grad_fn=<DivBackward0>)
Memory status after this epoch: 
Memory allocated:  190.75048828125
Memory cached:  410.0
	 epoch  30 training error:  tensor(0.5444, device='cuda:0', grad_fn=<DivBackward0>)
Memory status after this epoch: 
Memory allocated:  190.75048828125
Memory cached:  416.0
	 epoch  40 training error:  tensor(0.5383, device='cuda:0', grad_fn=<DivBackward0>)
Memory status after this epoch: 
Memory allocated:  190.75048828125
Memory cached:  412.0
	 epoch  50 training error:  tensor(0.5215, device='cuda:0', grad_fn=<DivBackward0>)
Memory status after this epoch: 
Memory allocated:  190.75048828125
Memory cached:  412.0
	 epoch  60 training error:  tensor(0.5155, device='cuda:0', grad_fn=<DivBackward0>)
Memory status after this epoch: 
Memory allocated:  190.75048828125
Memory cached:  412.0
	 epoch  70 training error:  tensor(0.4219, device='cuda:0', grad_fn=<DivBackward0>)
Memory status after this epoch: 
Memory allocated:  190.75048828125
Memory cached:  410.0
	 epoch  80 training error:  tensor(0.3823, device='cuda:0', grad_fn=<DivBackward0>)
Memory status after this epoch: 
Memory allocated:  190.75048828125
Memory cached:  408.0
	 epoch  90 training error:  tensor(0.3409, device='cuda:0', grad_fn=<DivBackward0>)
Memory status after this epoch: 
Memory allocated:  190.75048828125
Memory cached:  404.0
[I 2023-12-20 03:41:38,600] Trial 34 finished with value: 0.1632000356912613 and parameters: {'W_layers': 5, 'W_layer_units_exponent_0': 7, 'W_layer_units_exponent_1': 9, 'W_layer_units_exponent_2': 5, 'W_layer_units_exponent_3': 9, 'W_layer_units_exponent_4': 5, 'D_layers': 8, 'D_layer_units_exponent_0': 7, 'D_layer_units_exponent_1': 4, 'D_layer_units_exponent_2': 5, 'D_layer_units_exponent_3': 8, 'D_layer_units_exponent_4': 9, 'D_layer_units_exponent_5': 9, 'D_layer_units_exponent_6': 4, 'D_layer_units_exponent_7': 6, 'D_dagger_layers': 3, 'D_dagger_layer_units_exponent_0': 8, 'D_dagger_layer_units_exponent_1': 6, 'D_dagger_layer_units_exponent_2': 5, 'log_learning_rate': -1.815083939846803, 'log_learning_rate_D': -4.026278672952727, 'log_learning_rate_D_dagger': -2.3001982325886083, 'training_batch_size': 6, 'training_p': 7}. Best is trial 11 with value: 0.14480963349342346.
Time for this trial:  362.276859998703
Memory status after this trial: 
Memory allocated:  351.17919921875
Memory cached:  410.0
--------------------  Trial  35   --------------------
Start timing: 
Parameters: 
{'W_layers': 5, 'W_layer_units_exponent_0': 5, 'W_layer_units_exponent_1': 9, 'W_layer_units_exponent_2': 4, 'W_layer_units_exponent_3': 10, 'W_layer_units_exponent_4': 4, 'D_layers': 8, 'D_layer_units_exponent_0': 7, 'D_layer_units_exponent_1': 4, 'D_layer_units_exponent_2': 4, 'D_layer_units_exponent_3': 9, 'D_layer_units_exponent_4': 9, 'D_layer_units_exponent_5': 8, 'D_layer_units_exponent_6': 4, 'D_layer_units_exponent_7': 5, 'D_dagger_layers': 3, 'D_dagger_layer_units_exponent_0': 7, 'D_dagger_layer_units_exponent_1': 6, 'D_dagger_layer_units_exponent_2': 5, 'log_learning_rate': -1.8038470792244732, 'log_learning_rate_D': -4.065369831762114, 'log_learning_rate_D_dagger': -1.8423322334261567, 'training_batch_size': 7, 'training_p': 7}
	 epoch  0 training error:  tensor(1.0059, device='cuda:0', grad_fn=<DivBackward0>)
Memory status after this epoch: 
Memory allocated:  189.65283203125
Memory cached:  390.0
	 epoch  10 training error:  tensor(0.5681, device='cuda:0', grad_fn=<DivBackward0>)
Memory status after this epoch: 
Memory allocated:  189.65283203125
Memory cached:  418.0
	 epoch  20 training error:  tensor(0.5432, device='cuda:0', grad_fn=<DivBackward0>)
Memory status after this epoch: 
Memory allocated:  189.65283203125
Memory cached:  414.0
	 epoch  30 training error:  tensor(0.5647, device='cuda:0', grad_fn=<DivBackward0>)
Memory status after this epoch: 
Memory allocated:  189.65283203125
Memory cached:  414.0
	 epoch  40 training error:  tensor(0.5406, device='cuda:0', grad_fn=<DivBackward0>)
Memory status after this epoch: 
Memory allocated:  189.65283203125
Memory cached:  420.0
	 epoch  50 training error:  tensor(0.5294, device='cuda:0', grad_fn=<DivBackward0>)
Memory status after this epoch: 
Memory allocated:  189.65283203125
Memory cached:  418.0
	 epoch  60 training error:  tensor(0.5425, device='cuda:0', grad_fn=<DivBackward0>)
Memory status after this epoch: 
Memory allocated:  189.65283203125
Memory cached:  414.0
	 epoch  70 training error:  tensor(0.5274, device='cuda:0', grad_fn=<DivBackward0>)
Memory status after this epoch: 
Memory allocated:  189.65283203125
Memory cached:  412.0
	 epoch  80 training error:  tensor(0.4994, device='cuda:0', grad_fn=<DivBackward0>)
Memory status after this epoch: 
Memory allocated:  189.65283203125
Memory cached:  412.0
	 epoch  90 training error:  tensor(0.4689, device='cuda:0', grad_fn=<DivBackward0>)
Memory status after this epoch: 
Memory allocated:  189.65283203125
Memory cached:  416.0
[I 2023-12-20 03:45:04,110] Trial 35 finished with value: 0.23109939694404602 and parameters: {'W_layers': 5, 'W_layer_units_exponent_0': 5, 'W_layer_units_exponent_1': 9, 'W_layer_units_exponent_2': 4, 'W_layer_units_exponent_3': 10, 'W_layer_units_exponent_4': 4, 'D_layers': 8, 'D_layer_units_exponent_0': 7, 'D_layer_units_exponent_1': 4, 'D_layer_units_exponent_2': 4, 'D_layer_units_exponent_3': 9, 'D_layer_units_exponent_4': 9, 'D_layer_units_exponent_5': 8, 'D_layer_units_exponent_6': 4, 'D_layer_units_exponent_7': 5, 'D_dagger_layers': 3, 'D_dagger_layer_units_exponent_0': 7, 'D_dagger_layer_units_exponent_1': 6, 'D_dagger_layer_units_exponent_2': 5, 'log_learning_rate': -1.8038470792244732, 'log_learning_rate_D': -4.065369831762114, 'log_learning_rate_D_dagger': -1.8423322334261567, 'training_batch_size': 7, 'training_p': 7}. Best is trial 11 with value: 0.14480963349342346.
Time for this trial:  205.1175022125244
Memory status after this trial: 
Memory allocated:  362.57763671875
Memory cached:  410.0
--------------------  Trial  36   --------------------
Start timing: 
Parameters: 
{'W_layers': 5, 'W_layer_units_exponent_0': 6, 'W_layer_units_exponent_1': 10, 'W_layer_units_exponent_2': 6, 'W_layer_units_exponent_3': 9, 'W_layer_units_exponent_4': 5, 'D_layers': 8, 'D_layer_units_exponent_0': 7, 'D_layer_units_exponent_1': 4, 'D_layer_units_exponent_2': 5, 'D_layer_units_exponent_3': 8, 'D_layer_units_exponent_4': 9, 'D_layer_units_exponent_5': 9, 'D_layer_units_exponent_6': 5, 'D_layer_units_exponent_7': 6, 'D_dagger_layers': 2, 'D_dagger_layer_units_exponent_0': 8, 'D_dagger_layer_units_exponent_1': 5, 'log_learning_rate': -1.429837310554006, 'log_learning_rate_D': -4.611206201005638, 'log_learning_rate_D_dagger': -1.8155156390492184, 'training_batch_size': 6, 'training_p': 7}
	 epoch  0 training error:  tensor(1.2257, device='cuda:0', grad_fn=<DivBackward0>)
Memory status after this epoch: 
Memory allocated:  191.74072265625
Memory cached:  388.0
	 epoch  10 training error:  tensor(3.3294, device='cuda:0', grad_fn=<DivBackward0>)
Memory status after this epoch: 
Memory allocated:  191.74072265625
Memory cached:  428.0
	 epoch  20 training error:  tensor(1.1725, device='cuda:0', grad_fn=<DivBackward0>)
Memory status after this epoch: 
Memory allocated:  191.74072265625
Memory cached:  430.0
	 epoch  30 training error:  tensor(0.6692, device='cuda:0', grad_fn=<DivBackward0>)
Memory status after this epoch: 
Memory allocated:  191.74072265625
Memory cached:  428.0
	 epoch  40 training error:  tensor(0.5701, device='cuda:0', grad_fn=<DivBackward0>)
Memory status after this epoch: 
Memory allocated:  191.74072265625
Memory cached:  430.0
	 epoch  50 training error:  tensor(0.5425, device='cuda:0', grad_fn=<DivBackward0>)
Memory status after this epoch: 
Memory allocated:  191.74072265625
Memory cached:  418.0
	 epoch  60 training error:  tensor(0.5447, device='cuda:0', grad_fn=<DivBackward0>)
Memory status after this epoch: 
Memory allocated:  191.74072265625
Memory cached:  432.0
	 epoch  70 training error:  tensor(2.1185, device='cuda:0', grad_fn=<DivBackward0>)
Memory status after this epoch: 
Memory allocated:  191.74072265625
Memory cached:  440.0
	 epoch  80 training error:  tensor(2.5039, device='cuda:0', grad_fn=<DivBackward0>)
Memory status after this epoch: 
Memory allocated:  191.74072265625
Memory cached:  426.0
	 epoch  90 training error:  tensor(0.6533, device='cuda:0', grad_fn=<DivBackward0>)
Memory status after this epoch: 
Memory allocated:  191.74072265625
Memory cached:  426.0
[I 2023-12-20 03:50:55,139] Trial 36 finished with value: 0.40534183382987976 and parameters: {'W_layers': 5, 'W_layer_units_exponent_0': 6, 'W_layer_units_exponent_1': 10, 'W_layer_units_exponent_2': 6, 'W_layer_units_exponent_3': 9, 'W_layer_units_exponent_4': 5, 'D_layers': 8, 'D_layer_units_exponent_0': 7, 'D_layer_units_exponent_1': 4, 'D_layer_units_exponent_2': 5, 'D_layer_units_exponent_3': 8, 'D_layer_units_exponent_4': 9, 'D_layer_units_exponent_5': 9, 'D_layer_units_exponent_6': 5, 'D_layer_units_exponent_7': 6, 'D_dagger_layers': 2, 'D_dagger_layer_units_exponent_0': 8, 'D_dagger_layer_units_exponent_1': 5, 'log_learning_rate': -1.429837310554006, 'log_learning_rate_D': -4.611206201005638, 'log_learning_rate_D_dagger': -1.8155156390492184, 'training_batch_size': 6, 'training_p': 7}. Best is trial 11 with value: 0.14480963349342346.
Time for this trial:  350.5991303920746
Memory status after this trial: 
Memory allocated:  374.56787109375
Memory cached:  430.0
--------------------  Trial  37   --------------------
Start timing: 
Parameters: 
{'W_layers': 8, 'W_layer_units_exponent_0': 8, 'W_layer_units_exponent_1': 9, 'W_layer_units_exponent_2': 5, 'W_layer_units_exponent_3': 8, 'W_layer_units_exponent_4': 6, 'W_layer_units_exponent_5': 9, 'W_layer_units_exponent_6': 6, 'W_layer_units_exponent_7': 4, 'D_layers': 8, 'D_layer_units_exponent_0': 6, 'D_layer_units_exponent_1': 4, 'D_layer_units_exponent_2': 6, 'D_layer_units_exponent_3': 8, 'D_layer_units_exponent_4': 9, 'D_layer_units_exponent_5': 8, 'D_layer_units_exponent_6': 6, 'D_layer_units_exponent_7': 6, 'D_dagger_layers': 4, 'D_dagger_layer_units_exponent_0': 6, 'D_dagger_layer_units_exponent_1': 6, 'D_dagger_layer_units_exponent_2': 4, 'D_dagger_layer_units_exponent_3': 6, 'log_learning_rate': -1.9710620131026697, 'log_learning_rate_D': -4.012144444015018, 'log_learning_rate_D_dagger': -2.402670610524581, 'training_batch_size': 7, 'training_p': 8}
	 epoch  0 training error:  tensor(1.0449, device='cuda:0', grad_fn=<DivBackward0>)
Memory status after this epoch: 
Memory allocated:  190.71923828125
Memory cached:  392.0
	 epoch  10 training error:  tensor(0.6868, device='cuda:0', grad_fn=<DivBackward0>)
Memory status after this epoch: 
Memory allocated:  190.71923828125
Memory cached:  408.0
	 epoch  20 training error:  tensor(0.6502, device='cuda:0', grad_fn=<DivBackward0>)
Memory status after this epoch: 
Memory allocated:  190.71923828125
Memory cached:  406.0
	 epoch  30 training error:  tensor(0.5528, device='cuda:0', grad_fn=<DivBackward0>)
Memory status after this epoch: 
Memory allocated:  190.71923828125
Memory cached:  408.0
	 epoch  40 training error:  tensor(0.7102, device='cuda:0', grad_fn=<DivBackward0>)
Memory status after this epoch: 
Memory allocated:  190.71923828125
Memory cached:  408.0
	 epoch  50 training error:  tensor(0.5760, device='cuda:0', grad_fn=<DivBackward0>)
Memory status after this epoch: 
Memory allocated:  190.71923828125
Memory cached:  408.0
	 epoch  60 training error:  tensor(0.5500, device='cuda:0', grad_fn=<DivBackward0>)
Memory status after this epoch: 
Memory allocated:  190.71923828125
Memory cached:  414.0
	 epoch  70 training error:  tensor(0.7220, device='cuda:0', grad_fn=<DivBackward0>)
Memory status after this epoch: 
Memory allocated:  190.71923828125
Memory cached:  412.0
	 epoch  80 training error:  tensor(0.5680, device='cuda:0', grad_fn=<DivBackward0>)
Memory status after this epoch: 
Memory allocated:  190.71923828125
Memory cached:  410.0
	 epoch  90 training error:  tensor(0.5531, device='cuda:0', grad_fn=<DivBackward0>)
Memory status after this epoch: 
Memory allocated:  190.71923828125
Memory cached:  410.0
[I 2023-12-20 03:54:51,663] Trial 37 finished with value: 0.4599502682685852 and parameters: {'W_layers': 8, 'W_layer_units_exponent_0': 8, 'W_layer_units_exponent_1': 9, 'W_layer_units_exponent_2': 5, 'W_layer_units_exponent_3': 8, 'W_layer_units_exponent_4': 6, 'W_layer_units_exponent_5': 9, 'W_layer_units_exponent_6': 6, 'W_layer_units_exponent_7': 4, 'D_layers': 8, 'D_layer_units_exponent_0': 6, 'D_layer_units_exponent_1': 4, 'D_layer_units_exponent_2': 6, 'D_layer_units_exponent_3': 8, 'D_layer_units_exponent_4': 9, 'D_layer_units_exponent_5': 8, 'D_layer_units_exponent_6': 6, 'D_layer_units_exponent_7': 6, 'D_dagger_layers': 4, 'D_dagger_layer_units_exponent_0': 6, 'D_dagger_layer_units_exponent_1': 6, 'D_dagger_layer_units_exponent_2': 4, 'D_dagger_layer_units_exponent_3': 6, 'log_learning_rate': -1.9710620131026697, 'log_learning_rate_D': -4.012144444015018, 'log_learning_rate_D_dagger': -2.402670610524581, 'training_batch_size': 7, 'training_p': 8}. Best is trial 11 with value: 0.14480963349342346.
Time for this trial:  236.07834148406982
Memory status after this trial: 
Memory allocated:  357.26220703125
Memory cached:  400.0
--------------------  Trial  38   --------------------
Start timing: 
Parameters: 
{'W_layers': 4, 'W_layer_units_exponent_0': 6, 'W_layer_units_exponent_1': 10, 'W_layer_units_exponent_2': 7, 'W_layer_units_exponent_3': 9, 'D_layers': 7, 'D_layer_units_exponent_0': 8, 'D_layer_units_exponent_1': 5, 'D_layer_units_exponent_2': 6, 'D_layer_units_exponent_3': 7, 'D_layer_units_exponent_4': 10, 'D_layer_units_exponent_5': 6, 'D_layer_units_exponent_6': 4, 'D_dagger_layers': 3, 'D_dagger_layer_units_exponent_0': 8, 'D_dagger_layer_units_exponent_1': 5, 'D_dagger_layer_units_exponent_2': 7, 'log_learning_rate': -1.623241061520178, 'log_learning_rate_D': -3.290786860701015, 'log_learning_rate_D_dagger': -2.281535490270763, 'training_batch_size': 6, 'training_p': 7}
	 epoch  0 training error:  tensor(16.8380, device='cuda:0', grad_fn=<DivBackward0>)
Memory status after this epoch: 
Memory allocated:  189.91259765625
Memory cached:  398.0
	 epoch  10 training error:  tensor(3.3669, device='cuda:0', grad_fn=<DivBackward0>)
Memory status after this epoch: 
Memory allocated:  189.91259765625
Memory cached:  434.0
	 epoch  20 training error:  tensor(0.6983, device='cuda:0', grad_fn=<DivBackward0>)
Memory status after this epoch: 
Memory allocated:  189.91259765625
Memory cached:  438.0
	 epoch  30 training error:  tensor(0.8168, device='cuda:0', grad_fn=<DivBackward0>)
Memory status after this epoch: 
Memory allocated:  189.91259765625
Memory cached:  432.0
	 epoch  40 training error:  tensor(0.5731, device='cuda:0', grad_fn=<DivBackward0>)
Memory status after this epoch: 
Memory allocated:  189.91259765625
Memory cached:  432.0
	 epoch  50 training error:  tensor(0.6011, device='cuda:0', grad_fn=<DivBackward0>)
Memory status after this epoch: 
Memory allocated:  189.91259765625
Memory cached:  432.0
	 epoch  60 training error:  tensor(0.5421, device='cuda:0', grad_fn=<DivBackward0>)
Memory status after this epoch: 
Memory allocated:  189.91259765625
Memory cached:  418.0
	 epoch  70 training error:  tensor(0.5345, device='cuda:0', grad_fn=<DivBackward0>)
Memory status after this epoch: 
Memory allocated:  189.91259765625
Memory cached:  426.0
	 epoch  80 training error:  tensor(0.5584, device='cuda:0', grad_fn=<DivBackward0>)
Memory status after this epoch: 
Memory allocated:  189.91259765625
Memory cached:  426.0
	 epoch  90 training error:  tensor(0.6096, device='cuda:0', grad_fn=<DivBackward0>)
Memory status after this epoch: 
Memory allocated:  189.91259765625
Memory cached:  434.0
[I 2023-12-20 04:00:28,072] Trial 38 finished with value: 0.4276183247566223 and parameters: {'W_layers': 4, 'W_layer_units_exponent_0': 6, 'W_layer_units_exponent_1': 10, 'W_layer_units_exponent_2': 7, 'W_layer_units_exponent_3': 9, 'D_layers': 7, 'D_layer_units_exponent_0': 8, 'D_layer_units_exponent_1': 5, 'D_layer_units_exponent_2': 6, 'D_layer_units_exponent_3': 7, 'D_layer_units_exponent_4': 10, 'D_layer_units_exponent_5': 6, 'D_layer_units_exponent_6': 4, 'D_dagger_layers': 3, 'D_dagger_layer_units_exponent_0': 8, 'D_dagger_layer_units_exponent_1': 5, 'D_dagger_layer_units_exponent_2': 7, 'log_learning_rate': -1.623241061520178, 'log_learning_rate_D': -3.290786860701015, 'log_learning_rate_D_dagger': -2.281535490270763, 'training_batch_size': 6, 'training_p': 7}. Best is trial 11 with value: 0.14480963349342346.
Time for this trial:  336.0106747150421
Memory status after this trial: 
Memory allocated:  379.83447265625
Memory cached:  432.0
--------------------  Trial  39   --------------------
Start timing: 
Parameters: 
{'W_layers': 3, 'W_layer_units_exponent_0': 7, 'W_layer_units_exponent_1': 9, 'W_layer_units_exponent_2': 5, 'D_layers': 8, 'D_layer_units_exponent_0': 7, 'D_layer_units_exponent_1': 5, 'D_layer_units_exponent_2': 4, 'D_layer_units_exponent_3': 9, 'D_layer_units_exponent_4': 8, 'D_layer_units_exponent_5': 7, 'D_layer_units_exponent_6': 6, 'D_layer_units_exponent_7': 4, 'D_dagger_layers': 4, 'D_dagger_layer_units_exponent_0': 7, 'D_dagger_layer_units_exponent_1': 4, 'D_dagger_layer_units_exponent_2': 4, 'D_dagger_layer_units_exponent_3': 4, 'log_learning_rate': -1.8461761456413661, 'log_learning_rate_D': -4.330253019075938, 'log_learning_rate_D_dagger': -2.843759807559861, 'training_batch_size': 6, 'training_p': 6}
	 epoch  0 training error:  tensor(2.6368, device='cuda:0', grad_fn=<DivBackward0>)
Memory status after this epoch: 
Memory allocated:  186.52001953125
Memory cached:  390.0
	 epoch  10 training error:  tensor(0.7093, device='cuda:0', grad_fn=<DivBackward0>)
Memory status after this epoch: 
Memory allocated:  186.52001953125
Memory cached:  428.0
	 epoch  20 training error:  tensor(0.5668, device='cuda:0', grad_fn=<DivBackward0>)
Memory status after this epoch: 
Memory allocated:  186.52001953125
Memory cached:  428.0
	 epoch  30 training error:  tensor(0.5302, device='cuda:0', grad_fn=<DivBackward0>)
Memory status after this epoch: 
Memory allocated:  186.52001953125
Memory cached:  432.0
	 epoch  40 training error:  tensor(0.5164, device='cuda:0', grad_fn=<DivBackward0>)
Memory status after this epoch: 
Memory allocated:  186.52001953125
Memory cached:  428.0
	 epoch  50 training error:  tensor(0.5155, device='cuda:0', grad_fn=<DivBackward0>)
Memory status after this epoch: 
Memory allocated:  186.52001953125
Memory cached:  430.0
	 epoch  60 training error:  tensor(0.5108, device='cuda:0', grad_fn=<DivBackward0>)
Memory status after this epoch: 
Memory allocated:  186.52001953125
Memory cached:  418.0
	 epoch  70 training error:  tensor(0.5104, device='cuda:0', grad_fn=<DivBackward0>)
Memory status after this epoch: 
Memory allocated:  186.52001953125
Memory cached:  420.0
	 epoch  80 training error:  tensor(0.5167, device='cuda:0', grad_fn=<DivBackward0>)
Memory status after this epoch: 
Memory allocated:  186.52001953125
Memory cached:  424.0
	 epoch  90 training error:  tensor(0.5194, device='cuda:0', grad_fn=<DivBackward0>)
Memory status after this epoch: 
Memory allocated:  186.52001953125
Memory cached:  428.0
