[I 2024-01-04 01:47:26,860] Trial 196 finished with value: 0.13235528767108917 and parameters: {'W_layers': 5, 'W_layer_units_exponent_0': 7, 'W_layer_units_exponent_1': 10, 'W_layer_units_exponent_2': 7, 'W_layer_units_exponent_3': 6, 'W_layer_units_exponent_4': 10, 'D_layers': 6, 'D_layer_units_exponent_0': 10, 'D_layer_units_exponent_1': 5, 'D_layer_units_exponent_2': 9, 'D_layer_units_exponent_3': 5, 'D_layer_units_exponent_4': 6, 'D_layer_units_exponent_5': 7, 'D_dagger_layers': 7, 'D_dagger_layer_units_exponent_0': 6, 'D_dagger_layer_units_exponent_1': 10, 'D_dagger_layer_units_exponent_2': 9, 'D_dagger_layer_units_exponent_3': 8, 'D_dagger_layer_units_exponent_4': 9, 'D_dagger_layer_units_exponent_5': 7, 'D_dagger_layer_units_exponent_6': 5, 'log_learning_rate': -3.5206108610063707, 'log_learning_rate_D': -2.9566562840910238, 'log_learning_rate_D_dagger': -3.5710802695843826, 'training_batch_size': 10, 'training_p': 3}. Best is trial 127 with value: 0.07626055181026459.
Time for this trial:  247.59703731536865
Memory status after this trial: 
Memory allocated:  633.39208984375
Memory cached:  658.0
--------------------  Trial  197   --------------------
Start timing: 
Parameters: 
{'W_layers': 5, 'W_layer_units_exponent_0': 7, 'W_layer_units_exponent_1': 10, 'W_layer_units_exponent_2': 7, 'W_layer_units_exponent_3': 6, 'W_layer_units_exponent_4': 10, 'D_layers': 4, 'D_layer_units_exponent_0': 10, 'D_layer_units_exponent_1': 5, 'D_layer_units_exponent_2': 9, 'D_layer_units_exponent_3': 4, 'D_dagger_layers': 7, 'D_dagger_layer_units_exponent_0': 5, 'D_dagger_layer_units_exponent_1': 10, 'D_dagger_layer_units_exponent_2': 8, 'D_dagger_layer_units_exponent_3': 8, 'D_dagger_layer_units_exponent_4': 9, 'D_dagger_layer_units_exponent_5': 7, 'D_dagger_layer_units_exponent_6': 5, 'log_learning_rate': -3.4678023183069975, 'log_learning_rate_D': -2.6429586935125124, 'log_learning_rate_D_dagger': -3.8266411989796807, 'training_batch_size': 10, 'training_p': 3}
	 epoch  0 training error:  tensor(1.0449, device='cuda:0', grad_fn=<DivBackward0>)
Memory status after this epoch: 
Memory allocated:  290.3828125
Memory cached:  506.0
	 epoch  10 training error:  tensor(0.4526, device='cuda:0', grad_fn=<DivBackward0>)
Memory status after this epoch: 
Memory allocated:  290.3828125
Memory cached:  542.0
	 epoch  20 training error:  tensor(0.2248, device='cuda:0', grad_fn=<DivBackward0>)
Memory status after this epoch: 
Memory allocated:  290.3828125
Memory cached:  544.0
	 epoch  30 training error:  tensor(0.1636, device='cuda:0', grad_fn=<DivBackward0>)
Memory status after this epoch: 
Memory allocated:  290.3828125
Memory cached:  542.0
	 epoch  40 training error:  tensor(0.1392, device='cuda:0', grad_fn=<DivBackward0>)
Memory status after this epoch: 
Memory allocated:  290.3828125
Memory cached:  536.0
	 epoch  50 training error:  tensor(0.1251, device='cuda:0', grad_fn=<DivBackward0>)
Memory status after this epoch: 
Memory allocated:  290.3828125
Memory cached:  544.0
	 epoch  60 training error:  tensor(0.1140, device='cuda:0', grad_fn=<DivBackward0>)
Memory status after this epoch: 
Memory allocated:  290.3828125
Memory cached:  548.0
	 epoch  70 training error:  tensor(0.0962, device='cuda:0', grad_fn=<DivBackward0>)
Memory status after this epoch: 
Memory allocated:  290.3828125
Memory cached:  546.0
	 epoch  80 training error:  tensor(0.0858, device='cuda:0', grad_fn=<DivBackward0>)
Memory status after this epoch: 
Memory allocated:  290.3828125
Memory cached:  536.0
	 epoch  90 training error:  tensor(0.0889, device='cuda:0', grad_fn=<DivBackward0>)
Memory status after this epoch: 
Memory allocated:  290.3828125
Memory cached:  536.0
[I 2024-01-04 01:51:16,195] Trial 197 finished with value: 0.083615243434906 and parameters: {'W_layers': 5, 'W_layer_units_exponent_0': 7, 'W_layer_units_exponent_1': 10, 'W_layer_units_exponent_2': 7, 'W_layer_units_exponent_3': 6, 'W_layer_units_exponent_4': 10, 'D_layers': 4, 'D_layer_units_exponent_0': 10, 'D_layer_units_exponent_1': 5, 'D_layer_units_exponent_2': 9, 'D_layer_units_exponent_3': 4, 'D_dagger_layers': 7, 'D_dagger_layer_units_exponent_0': 5, 'D_dagger_layer_units_exponent_1': 10, 'D_dagger_layer_units_exponent_2': 8, 'D_dagger_layer_units_exponent_3': 8, 'D_dagger_layer_units_exponent_4': 9, 'D_dagger_layer_units_exponent_5': 7, 'D_dagger_layer_units_exponent_6': 5, 'log_learning_rate': -3.4678023183069975, 'log_learning_rate_D': -2.6429586935125124, 'log_learning_rate_D_dagger': -3.8266411989796807, 'training_batch_size': 10, 'training_p': 3}. Best is trial 127 with value: 0.07626055181026459.
Time for this trial:  228.7681827545166
Memory status after this trial: 
Memory allocated:  605.109375
Memory cached:  614.0
--------------------  Trial  198   --------------------
Start timing: 
Parameters: 
{'W_layers': 5, 'W_layer_units_exponent_0': 7, 'W_layer_units_exponent_1': 10, 'W_layer_units_exponent_2': 8, 'W_layer_units_exponent_3': 6, 'W_layer_units_exponent_4': 8, 'D_layers': 4, 'D_layer_units_exponent_0': 10, 'D_layer_units_exponent_1': 5, 'D_layer_units_exponent_2': 9, 'D_layer_units_exponent_3': 4, 'D_dagger_layers': 7, 'D_dagger_layer_units_exponent_0': 5, 'D_dagger_layer_units_exponent_1': 10, 'D_dagger_layer_units_exponent_2': 8, 'D_dagger_layer_units_exponent_3': 8, 'D_dagger_layer_units_exponent_4': 9, 'D_dagger_layer_units_exponent_5': 8, 'D_dagger_layer_units_exponent_6': 6, 'log_learning_rate': -3.3117135611992397, 'log_learning_rate_D': -2.839700985715761, 'log_learning_rate_D_dagger': -3.66970284423976, 'training_batch_size': 6, 'training_p': 3}
	 epoch  0 training error:  tensor(0.9767, device='cuda:0', grad_fn=<DivBackward0>)
Memory status after this epoch: 
Memory allocated:  292.9501953125
Memory cached:  508.0
	 epoch  10 training error:  tensor(0.2174, device='cuda:0', grad_fn=<DivBackward0>)
Memory status after this epoch: 
Memory allocated:  292.9501953125
Memory cached:  524.0
	 epoch  20 training error:  tensor(0.1302, device='cuda:0', grad_fn=<DivBackward0>)
Memory status after this epoch: 
Memory allocated:  292.9501953125
Memory cached:  532.0
	 epoch  30 training error:  tensor(0.1204, device='cuda:0', grad_fn=<DivBackward0>)
Memory status after this epoch: 
Memory allocated:  292.9501953125
Memory cached:  530.0
	 epoch  40 training error:  tensor(0.0928, device='cuda:0', grad_fn=<DivBackward0>)
Memory status after this epoch: 
Memory allocated:  292.9501953125
Memory cached:  528.0
	 epoch  50 training error:  tensor(0.0863, device='cuda:0', grad_fn=<DivBackward0>)
Memory status after this epoch: 
Memory allocated:  292.9501953125
Memory cached:  526.0
	 epoch  60 training error:  tensor(0.0951, device='cuda:0', grad_fn=<DivBackward0>)
Memory status after this epoch: 
Memory allocated:  292.9501953125
Memory cached:  536.0
	 epoch  70 training error:  tensor(0.0842, device='cuda:0', grad_fn=<DivBackward0>)
Memory status after this epoch: 
Memory allocated:  292.9501953125
Memory cached:  530.0
	 epoch  80 training error:  tensor(0.0956, device='cuda:0', grad_fn=<DivBackward0>)
Memory status after this epoch: 
Memory allocated:  292.9501953125
Memory cached:  536.0
	 epoch  90 training error:  tensor(0.0840, device='cuda:0', grad_fn=<DivBackward0>)
Memory status after this epoch: 
Memory allocated:  292.9501953125
Memory cached:  534.0
[I 2024-01-04 01:57:38,704] Trial 198 finished with value: 0.08177802711725235 and parameters: {'W_layers': 5, 'W_layer_units_exponent_0': 7, 'W_layer_units_exponent_1': 10, 'W_layer_units_exponent_2': 8, 'W_layer_units_exponent_3': 6, 'W_layer_units_exponent_4': 8, 'D_layers': 4, 'D_layer_units_exponent_0': 10, 'D_layer_units_exponent_1': 5, 'D_layer_units_exponent_2': 9, 'D_layer_units_exponent_3': 4, 'D_dagger_layers': 7, 'D_dagger_layer_units_exponent_0': 5, 'D_dagger_layer_units_exponent_1': 10, 'D_dagger_layer_units_exponent_2': 8, 'D_dagger_layer_units_exponent_3': 8, 'D_dagger_layer_units_exponent_4': 9, 'D_dagger_layer_units_exponent_5': 8, 'D_dagger_layer_units_exponent_6': 6, 'log_learning_rate': -3.3117135611992397, 'log_learning_rate_D': -2.839700985715761, 'log_learning_rate_D_dagger': -3.66970284423976, 'training_batch_size': 6, 'training_p': 3}. Best is trial 127 with value: 0.07626055181026459.
Time for this trial:  381.93517684936523
Memory status after this trial: 
Memory allocated:  586.41015625
Memory cached:  596.0
--------------------  Trial  199   --------------------
Start timing: 
Parameters: 
{'W_layers': 5, 'W_layer_units_exponent_0': 7, 'W_layer_units_exponent_1': 10, 'W_layer_units_exponent_2': 8, 'W_layer_units_exponent_3': 6, 'W_layer_units_exponent_4': 10, 'D_layers': 4, 'D_layer_units_exponent_0': 10, 'D_layer_units_exponent_1': 5, 'D_layer_units_exponent_2': 10, 'D_layer_units_exponent_3': 4, 'D_dagger_layers': 7, 'D_dagger_layer_units_exponent_0': 5, 'D_dagger_layer_units_exponent_1': 10, 'D_dagger_layer_units_exponent_2': 8, 'D_dagger_layer_units_exponent_3': 8, 'D_dagger_layer_units_exponent_4': 9, 'D_dagger_layer_units_exponent_5': 7, 'D_dagger_layer_units_exponent_6': 5, 'log_learning_rate': -3.394377672351117, 'log_learning_rate_D': -2.544074667368867, 'log_learning_rate_D_dagger': -3.498023136201254, 'training_batch_size': 10, 'training_p': 3}
	 epoch  0 training error:  tensor(0.9853, device='cuda:0', grad_fn=<DivBackward0>)
Memory status after this epoch: 
Memory allocated:  292.892578125
Memory cached:  500.0
	 epoch  10 training error:  tensor(0.2308, device='cuda:0', grad_fn=<DivBackward0>)
Memory status after this epoch: 
Memory allocated:  292.892578125
Memory cached:  540.0
	 epoch  20 training error:  tensor(0.1596, device='cuda:0', grad_fn=<DivBackward0>)
Memory status after this epoch: 
Memory allocated:  292.892578125
Memory cached:  532.0
	 epoch  30 training error:  tensor(0.1336, device='cuda:0', grad_fn=<DivBackward0>)
Memory status after this epoch: 
Memory allocated:  292.892578125
Memory cached:  542.0
	 epoch  40 training error:  tensor(0.1214, device='cuda:0', grad_fn=<DivBackward0>)
Memory status after this epoch: 
Memory allocated:  292.892578125
Memory cached:  532.0
	 epoch  50 training error:  tensor(0.1092, device='cuda:0', grad_fn=<DivBackward0>)
Memory status after this epoch: 
Memory allocated:  292.892578125
Memory cached:  544.0
	 epoch  60 training error:  tensor(0.1011, device='cuda:0', grad_fn=<DivBackward0>)
Memory status after this epoch: 
Memory allocated:  292.892578125
Memory cached:  548.0
	 epoch  70 training error:  tensor(0.1025, device='cuda:0', grad_fn=<DivBackward0>)
Memory status after this epoch: 
Memory allocated:  292.892578125
Memory cached:  540.0
	 epoch  80 training error:  tensor(0.1127, device='cuda:0', grad_fn=<DivBackward0>)
Memory status after this epoch: 
Memory allocated:  292.892578125
Memory cached:  532.0
	 epoch  90 training error:  tensor(0.1029, device='cuda:0', grad_fn=<DivBackward0>)
Memory status after this epoch: 
Memory allocated:  292.892578125
Memory cached:  550.0
[I 2024-01-04 02:01:34,248] Trial 199 finished with value: 0.08521904051303864 and parameters: {'W_layers': 5, 'W_layer_units_exponent_0': 7, 'W_layer_units_exponent_1': 10, 'W_layer_units_exponent_2': 8, 'W_layer_units_exponent_3': 6, 'W_layer_units_exponent_4': 10, 'D_layers': 4, 'D_layer_units_exponent_0': 10, 'D_layer_units_exponent_1': 5, 'D_layer_units_exponent_2': 10, 'D_layer_units_exponent_3': 4, 'D_dagger_layers': 7, 'D_dagger_layer_units_exponent_0': 5, 'D_dagger_layer_units_exponent_1': 10, 'D_dagger_layer_units_exponent_2': 8, 'D_dagger_layer_units_exponent_3': 8, 'D_dagger_layer_units_exponent_4': 9, 'D_dagger_layer_units_exponent_5': 7, 'D_dagger_layer_units_exponent_6': 5, 'log_learning_rate': -3.394377672351117, 'log_learning_rate_D': -2.544074667368867, 'log_learning_rate_D_dagger': -3.498023136201254, 'training_batch_size': 10, 'training_p': 3}. Best is trial 127 with value: 0.07626055181026459.
Time for this trial:  235.03589391708374
Memory status after this trial: 
Memory allocated:  640.2705078125
Memory cached:  650.0
