/home/shengduo/anaconda3/lib/python3.9/site-packages/scipy/__init__.py:146: UserWarning: A NumPy version >=1.16.5 and <1.23.0 is required for this version of SciPy (detected version 1.24.1
  warnings.warn(f"A NumPy version >={np_minversion} and <{np_maxversion}"
[I 2024-01-10 15:26:31,232] A new study created in RDB with name: my_study
Cuda is available:  True
Device is:  cuda:0
Memory allocated:  0.0
Memory cached:  0.0
Data file:  ./data/Trial1215_combined.pt
Vs.shape:  torch.Size([200, 100])
thetas.shape:  torch.Size([200, 100])
fs.shape:  torch.Size([200, 100])
ts.shape:  torch.Size([200, 100])
Xs.shape:  torch.Size([200, 100])
--------------------  Trial  0   --------------------
Start timing: 
Parameters: 
{'W_layers': 7, 'W_layer_units_exponent_0': 4, 'W_layer_units_exponent_1': 4, 'W_layer_units_exponent_2': 9, 'W_layer_units_exponent_3': 9, 'W_layer_units_exponent_4': 6, 'W_layer_units_exponent_5': 6, 'W_layer_units_exponent_6': 10, 'D_layers': 4, 'D_layer_units_exponent_0': 10, 'D_layer_units_exponent_1': 10, 'D_layer_units_exponent_2': 7, 'D_layer_units_exponent_3': 7, 'D_dagger_layers': 7, 'D_dagger_layer_units_exponent_0': 5, 'D_dagger_layer_units_exponent_1': 9, 'D_dagger_layer_units_exponent_2': 8, 'D_dagger_layer_units_exponent_3': 6, 'D_dagger_layer_units_exponent_4': 8, 'D_dagger_layer_units_exponent_5': 6, 'D_dagger_layer_units_exponent_6': 5, 'log_learning_rate': -4.572822294200131, 'log_learning_rate_D': -1.2135990100998226, 'log_learning_rate_D_dagger': -4.1969820595172305, 'training_batch_size': 10, 'training_p': 5}
	 epoch  0 training error:  tensor(1.0013, device='cuda:0', grad_fn=<DivBackward0>)
Memory status after this epoch: 
Memory allocated:  27.3330078125
Memory cached:  148.0
	 epoch  10 training error:  tensor(0.9237, device='cuda:0', grad_fn=<DivBackward0>)
Memory status after this epoch: 
Memory allocated:  27.3330078125
Memory cached:  190.0
	 epoch  20 training error:  tensor(0.8362, device='cuda:0', grad_fn=<DivBackward0>)
Memory status after this epoch: 
Memory allocated:  27.3330078125
Memory cached:  194.0
	 epoch  30 training error:  tensor(0.7338, device='cuda:0', grad_fn=<DivBackward0>)
Memory status after this epoch: 
Memory allocated:  27.3330078125
Memory cached:  186.0
	 epoch  40 training error:  tensor(0.6745, device='cuda:0', grad_fn=<DivBackward0>)
Memory status after this epoch: 
Memory allocated:  27.3330078125
Memory cached:  188.0
	 epoch  50 training error:  tensor(0.6556, device='cuda:0', grad_fn=<DivBackward0>)
Memory status after this epoch: 
Memory allocated:  27.3330078125
Memory cached:  192.0
	 epoch  60 training error:  tensor(0.6568, device='cuda:0', grad_fn=<DivBackward0>)
Memory status after this epoch: 
Memory allocated:  27.3330078125
Memory cached:  186.0
	 epoch  70 training error:  tensor(0.6547, device='cuda:0', grad_fn=<DivBackward0>)
Memory status after this epoch: 
Memory allocated:  27.3330078125
Memory cached:  194.0
	 epoch  80 training error:  tensor(0.6548, device='cuda:0', grad_fn=<DivBackward0>)
Memory status after this epoch: 
Memory allocated:  27.3330078125
Memory cached:  186.0
	 epoch  90 training error:  tensor(0.6547, device='cuda:0', grad_fn=<DivBackward0>)
Memory status after this epoch: 
Memory allocated:  27.3330078125
Memory cached:  184.0
[I 2024-01-10 15:31:01,474] Trial 0 finished with value: 0.5768789649009705 and parameters: {'W_layers': 7, 'W_layer_units_exponent_0': 4, 'W_layer_units_exponent_1': 4, 'W_layer_units_exponent_2': 9, 'W_layer_units_exponent_3': 9, 'W_layer_units_exponent_4': 6, 'W_layer_units_exponent_5': 6, 'W_layer_units_exponent_6': 10, 'D_layers': 4, 'D_layer_units_exponent_0': 10, 'D_layer_units_exponent_1': 10, 'D_layer_units_exponent_2': 7, 'D_layer_units_exponent_3': 7, 'D_dagger_layers': 7, 'D_dagger_layer_units_exponent_0': 5, 'D_dagger_layer_units_exponent_1': 9, 'D_dagger_layer_units_exponent_2': 8, 'D_dagger_layer_units_exponent_3': 6, 'D_dagger_layer_units_exponent_4': 8, 'D_dagger_layer_units_exponent_5': 6, 'D_dagger_layer_units_exponent_6': 5, 'log_learning_rate': -4.572822294200131, 'log_learning_rate_D': -1.2135990100998226, 'log_learning_rate_D_dagger': -4.1969820595172305, 'training_batch_size': 10, 'training_p': 5}. Best is trial 0 with value: 0.5768789649009705.
res:  tensor(0.5769, device='cuda:0', grad_fn=<DivBackward0>)
self.bestValue:  10000000.0
Save this model!
Time for this trial:  269.97096157073975
Memory status after this trial: 
Memory allocated:  605.3798828125
Memory cached:  624.0
--------------------  Trial  1   --------------------
Start timing: 
Parameters: 
{'W_layers': 8, 'W_layer_units_exponent_0': 4, 'W_layer_units_exponent_1': 10, 'W_layer_units_exponent_2': 6, 'W_layer_units_exponent_3': 8, 'W_layer_units_exponent_4': 9, 'W_layer_units_exponent_5': 5, 'W_layer_units_exponent_6': 9, 'W_layer_units_exponent_7': 6, 'D_layers': 6, 'D_layer_units_exponent_0': 9, 'D_layer_units_exponent_1': 4, 'D_layer_units_exponent_2': 8, 'D_layer_units_exponent_3': 4, 'D_layer_units_exponent_4': 4, 'D_layer_units_exponent_5': 4, 'D_dagger_layers': 5, 'D_dagger_layer_units_exponent_0': 9, 'D_dagger_layer_units_exponent_1': 4, 'D_dagger_layer_units_exponent_2': 8, 'D_dagger_layer_units_exponent_3': 10, 'D_dagger_layer_units_exponent_4': 9, 'log_learning_rate': -4.2565342032499895, 'log_learning_rate_D': -4.891133339850397, 'log_learning_rate_D_dagger': -2.168852381585937, 'training_batch_size': 6, 'training_p': 5}
	 epoch  0 training error:  tensor(8.1412, device='cuda:0', grad_fn=<DivBackward0>)
Memory status after this epoch: 
Memory allocated:  622.525390625
Memory cached:  728.0
	 epoch  10 training error:  tensor(0.4551, device='cuda:0', grad_fn=<DivBackward0>)
Memory status after this epoch: 
Memory allocated:  622.525390625
Memory cached:  758.0
	 epoch  20 training error:  tensor(0.3387, device='cuda:0', grad_fn=<DivBackward0>)
Memory status after this epoch: 
Memory allocated:  622.525390625
Memory cached:  760.0
	 epoch  30 training error:  tensor(0.3556, device='cuda:0', grad_fn=<DivBackward0>)
Memory status after this epoch: 
Memory allocated:  622.525390625
Memory cached:  772.0
	 epoch  40 training error:  tensor(0.4347, device='cuda:0', grad_fn=<DivBackward0>)
Memory status after this epoch: 
Memory allocated:  622.525390625
Memory cached:  756.0
	 epoch  50 training error:  tensor(0.4658, device='cuda:0', grad_fn=<DivBackward0>)
Memory status after this epoch: 
Memory allocated:  622.525390625
Memory cached:  758.0
	 epoch  60 training error:  tensor(0.3440, device='cuda:0', grad_fn=<DivBackward0>)
Memory status after this epoch: 
Memory allocated:  622.525390625
Memory cached:  754.0
	 epoch  70 training error:  tensor(0.3390, device='cuda:0', grad_fn=<DivBackward0>)
Memory status after this epoch: 
Memory allocated:  622.525390625
Memory cached:  766.0
	 epoch  80 training error:  tensor(0.3339, device='cuda:0', grad_fn=<DivBackward0>)
Memory status after this epoch: 
Memory allocated:  622.525390625
Memory cached:  764.0
	 epoch  90 training error:  tensor(0.3371, device='cuda:0', grad_fn=<DivBackward0>)
Memory status after this epoch: 
Memory allocated:  622.525390625
Memory cached:  766.0
[I 2024-01-10 15:41:23,350] Trial 1 finished with value: 0.22719541192054749 and parameters: {'W_layers': 8, 'W_layer_units_exponent_0': 4, 'W_layer_units_exponent_1': 10, 'W_layer_units_exponent_2': 6, 'W_layer_units_exponent_3': 8, 'W_layer_units_exponent_4': 9, 'W_layer_units_exponent_5': 5, 'W_layer_units_exponent_6': 9, 'W_layer_units_exponent_7': 6, 'D_layers': 6, 'D_layer_units_exponent_0': 9, 'D_layer_units_exponent_1': 4, 'D_layer_units_exponent_2': 8, 'D_layer_units_exponent_3': 4, 'D_layer_units_exponent_4': 4, 'D_layer_units_exponent_5': 4, 'D_dagger_layers': 5, 'D_dagger_layer_units_exponent_0': 9, 'D_dagger_layer_units_exponent_1': 4, 'D_dagger_layer_units_exponent_2': 8, 'D_dagger_layer_units_exponent_3': 10, 'D_dagger_layer_units_exponent_4': 9, 'log_learning_rate': -4.2565342032499895, 'log_learning_rate_D': -4.891133339850397, 'log_learning_rate_D_dagger': -2.168852381585937, 'training_batch_size': 6, 'training_p': 5}. Best is trial 1 with value: 0.22719541192054749.
res:  tensor(0.2272, device='cuda:0', grad_fn=<DivBackward0>)
self.bestValue:  tensor(0.5769, device='cuda:0', grad_fn=<DivBackward0>)
Save this model!
Time for this trial:  621.5620458126068
Memory status after this trial: 
Memory allocated:  600.75048828125
Memory cached:  894.0
--------------------  Trial  2   --------------------
Start timing: 
Parameters: 
{'W_layers': 8, 'W_layer_units_exponent_0': 9, 'W_layer_units_exponent_1': 8, 'W_layer_units_exponent_2': 4, 'W_layer_units_exponent_3': 9, 'W_layer_units_exponent_4': 6, 'W_layer_units_exponent_5': 4, 'W_layer_units_exponent_6': 4, 'W_layer_units_exponent_7': 5, 'D_layers': 7, 'D_layer_units_exponent_0': 6, 'D_layer_units_exponent_1': 8, 'D_layer_units_exponent_2': 4, 'D_layer_units_exponent_3': 9, 'D_layer_units_exponent_4': 5, 'D_layer_units_exponent_5': 6, 'D_layer_units_exponent_6': 9, 'D_dagger_layers': 7, 'D_dagger_layer_units_exponent_0': 8, 'D_dagger_layer_units_exponent_1': 8, 'D_dagger_layer_units_exponent_2': 4, 'D_dagger_layer_units_exponent_3': 6, 'D_dagger_layer_units_exponent_4': 5, 'D_dagger_layer_units_exponent_5': 7, 'D_dagger_layer_units_exponent_6': 10, 'log_learning_rate': -4.126749779990364, 'log_learning_rate_D': -2.452190003165717, 'log_learning_rate_D_dagger': -4.2370441705012905, 'training_batch_size': 11, 'training_p': 4}
	 epoch  0 training error:  tensor(0.9931, device='cuda:0', grad_fn=<DivBackward0>)
Memory status after this epoch: 
Memory allocated:  607.99951171875
Memory cached:  866.0
	 epoch  10 training error:  tensor(0.7972, device='cuda:0', grad_fn=<DivBackward0>)
Memory status after this epoch: 
Memory allocated:  607.99951171875
Memory cached:  898.0
	 epoch  20 training error:  tensor(0.5330, device='cuda:0', grad_fn=<DivBackward0>)
Memory status after this epoch: 
Memory allocated:  607.99951171875
Memory cached:  900.0
	 epoch  30 training error:  tensor(0.4738, device='cuda:0', grad_fn=<DivBackward0>)
Memory status after this epoch: 
Memory allocated:  607.99951171875
Memory cached:  898.0
	 epoch  40 training error:  tensor(0.3652, device='cuda:0', grad_fn=<DivBackward0>)
Memory status after this epoch: 
Memory allocated:  607.99951171875
Memory cached:  896.0
	 epoch  50 training error:  tensor(0.3278, device='cuda:0', grad_fn=<DivBackward0>)
Memory status after this epoch: 
Memory allocated:  607.99951171875
Memory cached:  888.0
	 epoch  60 training error:  tensor(0.3231, device='cuda:0', grad_fn=<DivBackward0>)
Memory status after this epoch: 
Memory allocated:  607.99951171875
Memory cached:  900.0
	 epoch  70 training error:  tensor(0.3165, device='cuda:0', grad_fn=<DivBackward0>)
Memory status after this epoch: 
Memory allocated:  607.99951171875
Memory cached:  898.0
	 epoch  80 training error:  tensor(0.3138, device='cuda:0', grad_fn=<DivBackward0>)
Memory status after this epoch: 
Memory allocated:  607.99951171875
Memory cached:  904.0
	 epoch  90 training error:  tensor(0.3110, device='cuda:0', grad_fn=<DivBackward0>)
Memory status after this epoch: 
Memory allocated:  607.99951171875
Memory cached:  902.0
[I 2024-01-10 15:46:19,851] Trial 2 finished with value: 0.2338668555021286 and parameters: {'W_layers': 8, 'W_layer_units_exponent_0': 9, 'W_layer_units_exponent_1': 8, 'W_layer_units_exponent_2': 4, 'W_layer_units_exponent_3': 9, 'W_layer_units_exponent_4': 6, 'W_layer_units_exponent_5': 4, 'W_layer_units_exponent_6': 4, 'W_layer_units_exponent_7': 5, 'D_layers': 7, 'D_layer_units_exponent_0': 6, 'D_layer_units_exponent_1': 8, 'D_layer_units_exponent_2': 4, 'D_layer_units_exponent_3': 9, 'D_layer_units_exponent_4': 5, 'D_layer_units_exponent_5': 6, 'D_layer_units_exponent_6': 9, 'D_dagger_layers': 7, 'D_dagger_layer_units_exponent_0': 8, 'D_dagger_layer_units_exponent_1': 8, 'D_dagger_layer_units_exponent_2': 4, 'D_dagger_layer_units_exponent_3': 6, 'D_dagger_layer_units_exponent_4': 5, 'D_dagger_layer_units_exponent_5': 7, 'D_dagger_layer_units_exponent_6': 10, 'log_learning_rate': -4.126749779990364, 'log_learning_rate_D': -2.452190003165717, 'log_learning_rate_D_dagger': -4.2370441705012905, 'training_batch_size': 11, 'training_p': 4}. Best is trial 1 with value: 0.22719541192054749.
Time for this trial:  296.2209851741791
Memory status after this trial: 
Memory allocated:  1076.5859375
Memory cached:  1098.0
--------------------  Trial  3   --------------------
Start timing: 
Parameters: 
{'W_layers': 8, 'W_layer_units_exponent_0': 8, 'W_layer_units_exponent_1': 6, 'W_layer_units_exponent_2': 9, 'W_layer_units_exponent_3': 8, 'W_layer_units_exponent_4': 9, 'W_layer_units_exponent_5': 9, 'W_layer_units_exponent_6': 10, 'W_layer_units_exponent_7': 4, 'D_layers': 2, 'D_layer_units_exponent_0': 5, 'D_layer_units_exponent_1': 8, 'D_dagger_layers': 3, 'D_dagger_layer_units_exponent_0': 8, 'D_dagger_layer_units_exponent_1': 4, 'D_dagger_layer_units_exponent_2': 5, 'log_learning_rate': -2.138598974125064, 'log_learning_rate_D': -4.064983110091381, 'log_learning_rate_D_dagger': -2.349015623003395, 'training_batch_size': 12, 'training_p': 6}
	 epoch  0 training error:  tensor(1.0126, device='cuda:0', grad_fn=<DivBackward0>)
Memory status after this epoch: 
Memory allocated:  618.04443359375
Memory cached:  878.0
	 epoch  10 training error:  tensor(0.8252, device='cuda:0', grad_fn=<DivBackward0>)
Memory status after this epoch: 
Memory allocated:  618.04443359375
Memory cached:  916.0
	 epoch  20 training error:  tensor(0.4047, device='cuda:0', grad_fn=<DivBackward0>)
Memory status after this epoch: 
Memory allocated:  618.04443359375
Memory cached:  912.0
	 epoch  30 training error:  tensor(0.3635, device='cuda:0', grad_fn=<DivBackward0>)
Memory status after this epoch: 
Memory allocated:  618.04443359375
Memory cached:  906.0
	 epoch  40 training error:  tensor(0.3577, device='cuda:0', grad_fn=<DivBackward0>)
Memory status after this epoch: 
Memory allocated:  618.04443359375
Memory cached:  916.0
	 epoch  50 training error:  tensor(0.3475, device='cuda:0', grad_fn=<DivBackward0>)
Memory status after this epoch: 
Memory allocated:  618.04443359375
Memory cached:  912.0
	 epoch  60 training error:  tensor(0.3456, device='cuda:0', grad_fn=<DivBackward0>)
Memory status after this epoch: 
Memory allocated:  618.04443359375
Memory cached:  910.0
	 epoch  70 training error:  tensor(0.3470, device='cuda:0', grad_fn=<DivBackward0>)
Memory status after this epoch: 
Memory allocated:  618.04443359375
Memory cached:  908.0
	 epoch  80 training error:  tensor(0.3303, device='cuda:0', grad_fn=<DivBackward0>)
Memory status after this epoch: 
Memory allocated:  618.04443359375
Memory cached:  918.0
	 epoch  90 training error:  tensor(0.3374, device='cuda:0', grad_fn=<DivBackward0>)
Memory status after this epoch: 
Memory allocated:  618.04443359375
Memory cached:  924.0
[I 2024-01-10 15:49:58,942] Trial 3 finished with value: 0.23524248600006104 and parameters: {'W_layers': 8, 'W_layer_units_exponent_0': 8, 'W_layer_units_exponent_1': 6, 'W_layer_units_exponent_2': 9, 'W_layer_units_exponent_3': 8, 'W_layer_units_exponent_4': 9, 'W_layer_units_exponent_5': 9, 'W_layer_units_exponent_6': 10, 'W_layer_units_exponent_7': 4, 'D_layers': 2, 'D_layer_units_exponent_0': 5, 'D_layer_units_exponent_1': 8, 'D_dagger_layers': 3, 'D_dagger_layer_units_exponent_0': 8, 'D_dagger_layer_units_exponent_1': 4, 'D_dagger_layer_units_exponent_2': 5, 'log_learning_rate': -2.138598974125064, 'log_learning_rate_D': -4.064983110091381, 'log_learning_rate_D_dagger': -2.349015623003395, 'training_batch_size': 12, 'training_p': 6}. Best is trial 1 with value: 0.22719541192054749.
Time for this trial:  218.79280304908752
Memory status after this trial: 
Memory allocated:  1004.69189453125
Memory cached:  1022.0
--------------------  Trial  4   --------------------
Start timing: 
Parameters: 
{'W_layers': 3, 'W_layer_units_exponent_0': 4, 'W_layer_units_exponent_1': 10, 'W_layer_units_exponent_2': 5, 'D_layers': 5, 'D_layer_units_exponent_0': 9, 'D_layer_units_exponent_1': 7, 'D_layer_units_exponent_2': 10, 'D_layer_units_exponent_3': 8, 'D_layer_units_exponent_4': 4, 'D_dagger_layers': 6, 'D_dagger_layer_units_exponent_0': 5, 'D_dagger_layer_units_exponent_1': 6, 'D_dagger_layer_units_exponent_2': 5, 'D_dagger_layer_units_exponent_3': 7, 'D_dagger_layer_units_exponent_4': 9, 'D_dagger_layer_units_exponent_5': 10, 'log_learning_rate': -2.486083806530283, 'log_learning_rate_D': -1.6424447935196729, 'log_learning_rate_D_dagger': -4.702178096026538, 'training_batch_size': 7, 'training_p': 5}
	 epoch  0 training error:  tensor(1.1242, device='cuda:0', grad_fn=<DivBackward0>)
Memory status after this epoch: 
Memory allocated:  617.76513671875
Memory cached:  888.0
	 epoch  10 training error:  tensor(0.6560, device='cuda:0', grad_fn=<DivBackward0>)
Memory status after this epoch: 
Memory allocated:  617.76513671875
Memory cached:  910.0
	 epoch  20 training error:  tensor(0.6575, device='cuda:0', grad_fn=<DivBackward0>)
Memory status after this epoch: 
Memory allocated:  617.76513671875
Memory cached:  914.0
	 epoch  30 training error:  tensor(0.6551, device='cuda:0', grad_fn=<DivBackward0>)
Memory status after this epoch: 
Memory allocated:  617.76513671875
Memory cached:  908.0
	 epoch  40 training error:  tensor(0.6546, device='cuda:0', grad_fn=<DivBackward0>)
Memory status after this epoch: 
Memory allocated:  617.76513671875
Memory cached:  908.0
	 epoch  50 training error:  tensor(0.6548, device='cuda:0', grad_fn=<DivBackward0>)
Memory status after this epoch: 
Memory allocated:  617.76513671875
Memory cached:  906.0
	 epoch  60 training error:  tensor(0.6547, device='cuda:0', grad_fn=<DivBackward0>)
Memory status after this epoch: 
Memory allocated:  617.76513671875
Memory cached:  910.0
	 epoch  70 training error:  tensor(0.6548, device='cuda:0', grad_fn=<DivBackward0>)
Memory status after this epoch: 
Memory allocated:  617.76513671875
Memory cached:  908.0
	 epoch  80 training error:  tensor(0.6549, device='cuda:0', grad_fn=<DivBackward0>)
Memory status after this epoch: 
Memory allocated:  617.76513671875
Memory cached:  914.0
	 epoch  90 training error:  tensor(0.6551, device='cuda:0', grad_fn=<DivBackward0>)
Memory status after this epoch: 
Memory allocated:  617.76513671875
Memory cached:  918.0
