[I 2023-12-07 04:48:30,778] Trial 19 finished with value: 0.33900150656700134 and parameters: {'W_layers': 7, 'W_layer_units_exponent_0': 9, 'W_layer_units_exponent_1': 8, 'W_layer_units_exponent_2': 8, 'W_layer_units_exponent_3': 6, 'W_layer_units_exponent_4': 6, 'W_layer_units_exponent_5': 4, 'W_layer_units_exponent_6': 10, 'D_layers': 8, 'D_layer_units_exponent_0': 8, 'D_layer_units_exponent_1': 6, 'D_layer_units_exponent_2': 7, 'D_layer_units_exponent_3': 4, 'D_layer_units_exponent_4': 6, 'D_layer_units_exponent_5': 8, 'D_layer_units_exponent_6': 10, 'D_layer_units_exponent_7': 10, 'D_dagger_layers': 3, 'D_dagger_layer_units_exponent_0': 10, 'D_dagger_layer_units_exponent_1': 6, 'D_dagger_layer_units_exponent_2': 4, 'log_learning_rate': -4.8706248374375765, 'log_learning_rate_D': -3.4176598559554545, 'log_learning_rate_D_dagger': -3.4218668539250494, 'training_batch_size': 10, 'training_p': 4}. Best is trial 14 with value: 0.33128154277801514.
Time for this trial:  18.439879894256592
Memory status after this trial: 
Memory allocated:  304.49658203125
Memory cached:  332.0
--------------------  Trial  20   --------------------
Start timing: 
Parameters: 
{'W_layers': 6, 'W_layer_units_exponent_0': 10, 'W_layer_units_exponent_1': 6, 'W_layer_units_exponent_2': 6, 'W_layer_units_exponent_3': 6, 'W_layer_units_exponent_4': 9, 'W_layer_units_exponent_5': 8, 'D_layers': 7, 'D_layer_units_exponent_0': 8, 'D_layer_units_exponent_1': 6, 'D_layer_units_exponent_2': 8, 'D_layer_units_exponent_3': 5, 'D_layer_units_exponent_4': 4, 'D_layer_units_exponent_5': 8, 'D_layer_units_exponent_6': 8, 'D_dagger_layers': 2, 'D_dagger_layer_units_exponent_0': 9, 'D_dagger_layer_units_exponent_1': 8, 'log_learning_rate': -4.010034402526763, 'log_learning_rate_D': -4.313326965908709, 'log_learning_rate_D_dagger': -2.91569178777292, 'training_batch_size': 9, 'training_p': 6}
	 epoch  0 training error:  tensor(1.3705, device='cuda:0', grad_fn=<DivBackward0>)
Memory status after this epoch: 
Memory allocated:  137.27587890625
Memory cached:  296.0
	 epoch  10 training error:  tensor(0.9697, device='cuda:0', grad_fn=<DivBackward0>)
Memory status after this epoch: 
Memory allocated:  137.27587890625
Memory cached:  296.0
	 epoch  20 training error:  tensor(0.6391, device='cuda:0', grad_fn=<DivBackward0>)
Memory status after this epoch: 
Memory allocated:  137.27587890625
Memory cached:  296.0
	 epoch  30 training error:  tensor(0.5121, device='cuda:0', grad_fn=<DivBackward0>)
Memory status after this epoch: 
Memory allocated:  137.27587890625
Memory cached:  296.0
	 epoch  40 training error:  tensor(0.4323, device='cuda:0', grad_fn=<DivBackward0>)
Memory status after this epoch: 
Memory allocated:  137.27587890625
Memory cached:  296.0
	 epoch  50 training error:  tensor(0.4222, device='cuda:0', grad_fn=<DivBackward0>)
Memory status after this epoch: 
Memory allocated:  137.27587890625
Memory cached:  296.0
	 epoch  60 training error:  tensor(0.4067, device='cuda:0', grad_fn=<DivBackward0>)
Memory status after this epoch: 
Memory allocated:  137.27587890625
Memory cached:  296.0
	 epoch  70 training error:  tensor(0.3950, device='cuda:0', grad_fn=<DivBackward0>)
Memory status after this epoch: 
Memory allocated:  137.27587890625
Memory cached:  296.0
	 epoch  80 training error:  tensor(0.3893, device='cuda:0', grad_fn=<DivBackward0>)
Memory status after this epoch: 
Memory allocated:  137.27587890625
Memory cached:  296.0
	 epoch  90 training error:  tensor(0.3831, device='cuda:0', grad_fn=<DivBackward0>)
Memory status after this epoch: 
Memory allocated:  137.27587890625
Memory cached:  296.0
[I 2023-12-07 04:48:49,050] Trial 20 finished with value: 0.3468380868434906 and parameters: {'W_layers': 6, 'W_layer_units_exponent_0': 10, 'W_layer_units_exponent_1': 6, 'W_layer_units_exponent_2': 6, 'W_layer_units_exponent_3': 6, 'W_layer_units_exponent_4': 9, 'W_layer_units_exponent_5': 8, 'D_layers': 7, 'D_layer_units_exponent_0': 8, 'D_layer_units_exponent_1': 6, 'D_layer_units_exponent_2': 8, 'D_layer_units_exponent_3': 5, 'D_layer_units_exponent_4': 4, 'D_layer_units_exponent_5': 8, 'D_layer_units_exponent_6': 8, 'D_dagger_layers': 2, 'D_dagger_layer_units_exponent_0': 9, 'D_dagger_layer_units_exponent_1': 8, 'log_learning_rate': -4.010034402526763, 'log_learning_rate_D': -4.313326965908709, 'log_learning_rate_D_dagger': -2.91569178777292, 'training_batch_size': 9, 'training_p': 6}. Best is trial 14 with value: 0.33128154277801514.
Time for this trial:  18.074459075927734
Memory status after this trial: 
Memory allocated:  279.22705078125
Memory cached:  296.0
--------------------  Trial  21   --------------------
Start timing: 
Parameters: 
{'W_layers': 7, 'W_layer_units_exponent_0': 9, 'W_layer_units_exponent_1': 8, 'W_layer_units_exponent_2': 8, 'W_layer_units_exponent_3': 6, 'W_layer_units_exponent_4': 6, 'W_layer_units_exponent_5': 4, 'W_layer_units_exponent_6': 10, 'D_layers': 8, 'D_layer_units_exponent_0': 8, 'D_layer_units_exponent_1': 6, 'D_layer_units_exponent_2': 7, 'D_layer_units_exponent_3': 4, 'D_layer_units_exponent_4': 6, 'D_layer_units_exponent_5': 8, 'D_layer_units_exponent_6': 10, 'D_layer_units_exponent_7': 10, 'D_dagger_layers': 3, 'D_dagger_layer_units_exponent_0': 10, 'D_dagger_layer_units_exponent_1': 6, 'D_dagger_layer_units_exponent_2': 5, 'log_learning_rate': -4.978830134236831, 'log_learning_rate_D': -3.4869106323279886, 'log_learning_rate_D_dagger': -3.4222060767541818, 'training_batch_size': 10, 'training_p': 4}
	 epoch  0 training error:  tensor(0.9902, device='cuda:0', grad_fn=<DivBackward0>)
Memory status after this epoch: 
Memory allocated:  141.03515625
Memory cached:  296.0
	 epoch  10 training error:  tensor(0.4516, device='cuda:0', grad_fn=<DivBackward0>)
Memory status after this epoch: 
Memory allocated:  141.03515625
Memory cached:  296.0
	 epoch  20 training error:  tensor(0.4223, device='cuda:0', grad_fn=<DivBackward0>)
Memory status after this epoch: 
Memory allocated:  141.03515625
Memory cached:  296.0
	 epoch  30 training error:  tensor(0.3961, device='cuda:0', grad_fn=<DivBackward0>)
Memory status after this epoch: 
Memory allocated:  141.03515625
Memory cached:  296.0
	 epoch  40 training error:  tensor(0.3822, device='cuda:0', grad_fn=<DivBackward0>)
Memory status after this epoch: 
Memory allocated:  141.03515625
Memory cached:  296.0
	 epoch  50 training error:  tensor(0.3705, device='cuda:0', grad_fn=<DivBackward0>)
Memory status after this epoch: 
Memory allocated:  141.03515625
Memory cached:  296.0
	 epoch  60 training error:  tensor(0.3658, device='cuda:0', grad_fn=<DivBackward0>)
Memory status after this epoch: 
Memory allocated:  141.03515625
Memory cached:  296.0
	 epoch  70 training error:  tensor(0.3631, device='cuda:0', grad_fn=<DivBackward0>)
Memory status after this epoch: 
Memory allocated:  141.03515625
Memory cached:  296.0
	 epoch  80 training error:  tensor(0.3617, device='cuda:0', grad_fn=<DivBackward0>)
Memory status after this epoch: 
Memory allocated:  141.03515625
Memory cached:  296.0
	 epoch  90 training error:  tensor(0.3608, device='cuda:0', grad_fn=<DivBackward0>)
Memory status after this epoch: 
Memory allocated:  141.03515625
Memory cached:  296.0
[I 2023-12-07 04:49:07,803] Trial 21 finished with value: 0.33891645073890686 and parameters: {'W_layers': 7, 'W_layer_units_exponent_0': 9, 'W_layer_units_exponent_1': 8, 'W_layer_units_exponent_2': 8, 'W_layer_units_exponent_3': 6, 'W_layer_units_exponent_4': 6, 'W_layer_units_exponent_5': 4, 'W_layer_units_exponent_6': 10, 'D_layers': 8, 'D_layer_units_exponent_0': 8, 'D_layer_units_exponent_1': 6, 'D_layer_units_exponent_2': 7, 'D_layer_units_exponent_3': 4, 'D_layer_units_exponent_4': 6, 'D_layer_units_exponent_5': 8, 'D_layer_units_exponent_6': 10, 'D_layer_units_exponent_7': 10, 'D_dagger_layers': 3, 'D_dagger_layer_units_exponent_0': 10, 'D_dagger_layer_units_exponent_1': 6, 'D_dagger_layer_units_exponent_2': 5, 'log_learning_rate': -4.978830134236831, 'log_learning_rate_D': -3.4869106323279886, 'log_learning_rate_D_dagger': -3.4222060767541818, 'training_batch_size': 10, 'training_p': 4}. Best is trial 14 with value: 0.33128154277801514.
Time for this trial:  18.545313596725464
Memory status after this trial: 
Memory allocated:  305.23681640625
Memory cached:  332.0
--------------------  Trial  22   --------------------
Start timing: 
Parameters: 
{'W_layers': 7, 'W_layer_units_exponent_0': 9, 'W_layer_units_exponent_1': 9, 'W_layer_units_exponent_2': 8, 'W_layer_units_exponent_3': 5, 'W_layer_units_exponent_4': 6, 'W_layer_units_exponent_5': 4, 'W_layer_units_exponent_6': 7, 'D_layers': 8, 'D_layer_units_exponent_0': 9, 'D_layer_units_exponent_1': 6, 'D_layer_units_exponent_2': 8, 'D_layer_units_exponent_3': 5, 'D_layer_units_exponent_4': 5, 'D_layer_units_exponent_5': 8, 'D_layer_units_exponent_6': 9, 'D_layer_units_exponent_7': 8, 'D_dagger_layers': 4, 'D_dagger_layer_units_exponent_0': 9, 'D_dagger_layer_units_exponent_1': 7, 'D_dagger_layer_units_exponent_2': 5, 'D_dagger_layer_units_exponent_3': 6, 'log_learning_rate': -4.58055400329434, 'log_learning_rate_D': -3.5582254099346184, 'log_learning_rate_D_dagger': -3.0153941428321223, 'training_batch_size': 11, 'training_p': 3}
	 epoch  0 training error:  tensor(0.9980, device='cuda:0', grad_fn=<DivBackward0>)
Memory status after this epoch: 
Memory allocated:  139.76513671875
Memory cached:  302.0
	 epoch  10 training error:  tensor(0.4294, device='cuda:0', grad_fn=<DivBackward0>)
Memory status after this epoch: 
Memory allocated:  139.76513671875
Memory cached:  306.0
	 epoch  20 training error:  tensor(0.4130, device='cuda:0', grad_fn=<DivBackward0>)
Memory status after this epoch: 
Memory allocated:  139.76513671875
Memory cached:  306.0
	 epoch  30 training error:  tensor(0.3923, device='cuda:0', grad_fn=<DivBackward0>)
Memory status after this epoch: 
Memory allocated:  139.76513671875
Memory cached:  306.0
	 epoch  40 training error:  tensor(0.3782, device='cuda:0', grad_fn=<DivBackward0>)
Memory status after this epoch: 
Memory allocated:  139.76513671875
Memory cached:  306.0
	 epoch  50 training error:  tensor(0.3652, device='cuda:0', grad_fn=<DivBackward0>)
Memory status after this epoch: 
Memory allocated:  139.76513671875
Memory cached:  306.0
	 epoch  60 training error:  tensor(0.3580, device='cuda:0', grad_fn=<DivBackward0>)
Memory status after this epoch: 
Memory allocated:  139.76513671875
Memory cached:  306.0
	 epoch  70 training error:  tensor(0.3560, device='cuda:0', grad_fn=<DivBackward0>)
Memory status after this epoch: 
Memory allocated:  139.76513671875
Memory cached:  306.0
	 epoch  80 training error:  tensor(0.3537, device='cuda:0', grad_fn=<DivBackward0>)
Memory status after this epoch: 
Memory allocated:  139.76513671875
Memory cached:  306.0
	 epoch  90 training error:  tensor(0.3547, device='cuda:0', grad_fn=<DivBackward0>)
Memory status after this epoch: 
Memory allocated:  139.76513671875
Memory cached:  306.0
[I 2023-12-07 04:49:25,778] Trial 22 finished with value: 0.3393455147743225 and parameters: {'W_layers': 7, 'W_layer_units_exponent_0': 9, 'W_layer_units_exponent_1': 9, 'W_layer_units_exponent_2': 8, 'W_layer_units_exponent_3': 5, 'W_layer_units_exponent_4': 6, 'W_layer_units_exponent_5': 4, 'W_layer_units_exponent_6': 7, 'D_layers': 8, 'D_layer_units_exponent_0': 9, 'D_layer_units_exponent_1': 6, 'D_layer_units_exponent_2': 8, 'D_layer_units_exponent_3': 5, 'D_layer_units_exponent_4': 5, 'D_layer_units_exponent_5': 8, 'D_layer_units_exponent_6': 9, 'D_layer_units_exponent_7': 8, 'D_dagger_layers': 4, 'D_dagger_layer_units_exponent_0': 9, 'D_dagger_layer_units_exponent_1': 7, 'D_dagger_layer_units_exponent_2': 5, 'D_dagger_layer_units_exponent_3': 6, 'log_learning_rate': -4.58055400329434, 'log_learning_rate_D': -3.5582254099346184, 'log_learning_rate_D_dagger': -3.0153941428321223, 'training_batch_size': 11, 'training_p': 3}. Best is trial 14 with value: 0.33128154277801514.
Time for this trial:  17.76378893852234
Memory status after this trial: 
Memory allocated:  256.47607421875
Memory cached:  310.0
--------------------  Trial  23   --------------------
Start timing: 
Parameters: 
{'W_layers': 6, 'W_layer_units_exponent_0': 10, 'W_layer_units_exponent_1': 7, 'W_layer_units_exponent_2': 9, 'W_layer_units_exponent_3': 6, 'W_layer_units_exponent_4': 6, 'W_layer_units_exponent_5': 6, 'D_layers': 7, 'D_layer_units_exponent_0': 7, 'D_layer_units_exponent_1': 4, 'D_layer_units_exponent_2': 6, 'D_layer_units_exponent_3': 4, 'D_layer_units_exponent_4': 7, 'D_layer_units_exponent_5': 9, 'D_layer_units_exponent_6': 8, 'D_dagger_layers': 5, 'D_dagger_layer_units_exponent_0': 7, 'D_dagger_layer_units_exponent_1': 5, 'D_dagger_layer_units_exponent_2': 7, 'D_dagger_layer_units_exponent_3': 4, 'D_dagger_layer_units_exponent_4': 10, 'log_learning_rate': -4.977029347480908, 'log_learning_rate_D': -4.1975084024438685, 'log_learning_rate_D_dagger': -3.4271741221301415, 'training_batch_size': 10, 'training_p': 5}
	 epoch  0 training error:  tensor(0.9625, device='cuda:0', grad_fn=<DivBackward0>)
Memory status after this epoch: 
Memory allocated:  136.04541015625
Memory cached:  296.0
	 epoch  10 training error:  tensor(0.5368, device='cuda:0', grad_fn=<DivBackward0>)
Memory status after this epoch: 
Memory allocated:  136.04541015625
Memory cached:  296.0
	 epoch  20 training error:  tensor(0.4854, device='cuda:0', grad_fn=<DivBackward0>)
Memory status after this epoch: 
Memory allocated:  136.04541015625
Memory cached:  296.0
	 epoch  30 training error:  tensor(0.4473, device='cuda:0', grad_fn=<DivBackward0>)
Memory status after this epoch: 
Memory allocated:  136.04541015625
Memory cached:  296.0
	 epoch  40 training error:  tensor(0.4380, device='cuda:0', grad_fn=<DivBackward0>)
Memory status after this epoch: 
Memory allocated:  136.04541015625
Memory cached:  296.0
	 epoch  50 training error:  tensor(0.4312, device='cuda:0', grad_fn=<DivBackward0>)
Memory status after this epoch: 
Memory allocated:  136.04541015625
Memory cached:  296.0
	 epoch  60 training error:  tensor(0.4267, device='cuda:0', grad_fn=<DivBackward0>)
Memory status after this epoch: 
Memory allocated:  136.04541015625
Memory cached:  296.0
	 epoch  70 training error:  tensor(0.4212, device='cuda:0', grad_fn=<DivBackward0>)
Memory status after this epoch: 
Memory allocated:  136.04541015625
Memory cached:  296.0
	 epoch  80 training error:  tensor(0.4152, device='cuda:0', grad_fn=<DivBackward0>)
Memory status after this epoch: 
Memory allocated:  136.04541015625
Memory cached:  296.0
	 epoch  90 training error:  tensor(0.4082, device='cuda:0', grad_fn=<DivBackward0>)
Memory status after this epoch: 
Memory allocated:  136.04541015625
Memory cached:  296.0
[I 2023-12-07 04:49:44,590] Trial 23 finished with value: 0.35252320766448975 and parameters: {'W_layers': 6, 'W_layer_units_exponent_0': 10, 'W_layer_units_exponent_1': 7, 'W_layer_units_exponent_2': 9, 'W_layer_units_exponent_3': 6, 'W_layer_units_exponent_4': 6, 'W_layer_units_exponent_5': 6, 'D_layers': 7, 'D_layer_units_exponent_0': 7, 'D_layer_units_exponent_1': 4, 'D_layer_units_exponent_2': 6, 'D_layer_units_exponent_3': 4, 'D_layer_units_exponent_4': 7, 'D_layer_units_exponent_5': 9, 'D_layer_units_exponent_6': 8, 'D_dagger_layers': 5, 'D_dagger_layer_units_exponent_0': 7, 'D_dagger_layer_units_exponent_1': 5, 'D_dagger_layer_units_exponent_2': 7, 'D_dagger_layer_units_exponent_3': 4, 'D_dagger_layer_units_exponent_4': 10, 'log_learning_rate': -4.977029347480908, 'log_learning_rate_D': -4.1975084024438685, 'log_learning_rate_D_dagger': -3.4271741221301415, 'training_batch_size': 10, 'training_p': 5}. Best is trial 14 with value: 0.33128154277801514.
Time for this trial:  18.602079153060913
Memory status after this trial: 
Memory allocated:  296.64501953125
Memory cached:  330.0
--------------------  Trial  24   --------------------
Start timing: 
Parameters: 
{'W_layers': 8, 'W_layer_units_exponent_0': 9, 'W_layer_units_exponent_1': 8, 'W_layer_units_exponent_2': 6, 'W_layer_units_exponent_3': 5, 'W_layer_units_exponent_4': 8, 'W_layer_units_exponent_5': 8, 'W_layer_units_exponent_6': 6, 'W_layer_units_exponent_7': 7, 'D_layers': 8, 'D_layer_units_exponent_0': 8, 'D_layer_units_exponent_1': 5, 'D_layer_units_exponent_2': 5, 'D_layer_units_exponent_3': 7, 'D_layer_units_exponent_4': 8, 'D_layer_units_exponent_5': 9, 'D_layer_units_exponent_6': 10, 'D_layer_units_exponent_7': 8, 'D_dagger_layers': 3, 'D_dagger_layer_units_exponent_0': 10, 'D_dagger_layer_units_exponent_1': 7, 'D_dagger_layer_units_exponent_2': 5, 'log_learning_rate': -4.259426792856532, 'log_learning_rate_D': -2.989674385757821, 'log_learning_rate_D_dagger': -2.4390338648416603, 'training_batch_size': 9, 'training_p': 2}
	 epoch  0 training error:  tensor(0.7646, device='cuda:0', grad_fn=<DivBackward0>)
Memory status after this epoch: 
Memory allocated:  140.74951171875
Memory cached:  300.0
	 epoch  10 training error:  tensor(0.6080, device='cuda:0', grad_fn=<DivBackward0>)
Memory status after this epoch: 
Memory allocated:  140.74951171875
Memory cached:  300.0
	 epoch  20 training error:  tensor(0.4236, device='cuda:0', grad_fn=<DivBackward0>)
Memory status after this epoch: 
Memory allocated:  140.74951171875
Memory cached:  300.0
	 epoch  30 training error:  tensor(0.3715, device='cuda:0', grad_fn=<DivBackward0>)
Memory status after this epoch: 
Memory allocated:  140.74951171875
Memory cached:  300.0
	 epoch  40 training error:  tensor(0.3583, device='cuda:0', grad_fn=<DivBackward0>)
Memory status after this epoch: 
Memory allocated:  140.74951171875
Memory cached:  300.0
	 epoch  50 training error:  tensor(0.3485, device='cuda:0', grad_fn=<DivBackward0>)
Memory status after this epoch: 
Memory allocated:  140.74951171875
Memory cached:  300.0
	 epoch  60 training error:  tensor(0.3432, device='cuda:0', grad_fn=<DivBackward0>)
Memory status after this epoch: 
Memory allocated:  140.74951171875
Memory cached:  300.0
	 epoch  70 training error:  tensor(0.3411, device='cuda:0', grad_fn=<DivBackward0>)
Memory status after this epoch: 
Memory allocated:  140.74951171875
Memory cached:  300.0
	 epoch  80 training error:  tensor(0.3437, device='cuda:0', grad_fn=<DivBackward0>)
Memory status after this epoch: 
Memory allocated:  140.74951171875
Memory cached:  300.0
	 epoch  90 training error:  tensor(0.3423, device='cuda:0', grad_fn=<DivBackward0>)
Memory status after this epoch: 
Memory allocated:  140.74951171875
Memory cached:  300.0
