[I 2024-03-12 15:26:15,676] Trial 74 finished with value: 0.37690088152885437 and parameters: {'log_learning_rate': -2.6325304724585923, 'log_learning_rate_D': -3.001283569914257, 'log_learning_rate_D_dagger': -1.421532652873012, 'training_batch_size': 6, 'training_p': 5, 'p_order_W': 3, 'p_order_D': 4, 'p_order_D_dagger': 3}. Best is trial 63 with value: 0.36037781834602356.
Time for this trial:  451.9411745071411
Memory status after this trial: 
Memory allocated:  3.5693359375
Memory cached:  6.0
--------------------  Trial  75   --------------------
Start timing: 
Parameters: 
{'log_learning_rate': -3.1413368862817554, 'log_learning_rate_D': -3.1636250120261846, 'log_learning_rate_D_dagger': -1.7300938910779127, 'training_batch_size': 10, 'training_p': 6, 'p_order_W': 3, 'p_order_D': 4, 'p_order_D_dagger': 3}

	 epoch  0 training error:  tensor(36.3129, grad_fn=<ToCopyBackward0>)
Memory status after this epoch: 
Memory allocated:  2.05712890625
Memory cached:  8.0
	 epoch  10 training error:  tensor(7.7718, grad_fn=<ToCopyBackward0>)
Memory status after this epoch: 
Memory allocated:  2.05712890625
Memory cached:  6.0
	 epoch  20 training error:  tensor(1.9046, grad_fn=<ToCopyBackward0>)
Memory status after this epoch: 
Memory allocated:  2.05712890625
Memory cached:  8.0
	 epoch  30 training error:  tensor(0.7352, grad_fn=<ToCopyBackward0>)
Memory status after this epoch: 
Memory allocated:  2.05712890625
Memory cached:  6.0
	 epoch  40 training error:  tensor(0.9324, grad_fn=<ToCopyBackward0>)
Memory status after this epoch: 
Memory allocated:  2.05712890625
Memory cached:  8.0
	 epoch  50 training error:  tensor(0.6213, grad_fn=<ToCopyBackward0>)
Memory status after this epoch: 
Memory allocated:  2.05712890625
Memory cached:  8.0
	 epoch  60 training error:  tensor(0.6089, grad_fn=<ToCopyBackward0>)
Memory status after this epoch: 
Memory allocated:  2.05712890625
Memory cached:  6.0
	 epoch  70 training error:  tensor(0.5785, grad_fn=<ToCopyBackward0>)
Memory status after this epoch: 
Memory allocated:  2.05712890625
Memory cached:  8.0
	 epoch  80 training error:  tensor(0.5607, grad_fn=<ToCopyBackward0>)
Memory status after this epoch: 
Memory allocated:  2.05712890625
Memory cached:  8.0
	 epoch  90 training error:  tensor(0.5522, grad_fn=<ToCopyBackward0>)
Memory status after this epoch: 
Memory allocated:  2.05712890625
Memory cached:  8.0
[I 2024-03-12 15:28:01,576] Trial 75 finished with value: 0.47013336420059204 and parameters: {'log_learning_rate': -3.1413368862817554, 'log_learning_rate_D': -3.1636250120261846, 'log_learning_rate_D_dagger': -1.7300938910779127, 'training_batch_size': 10, 'training_p': 6, 'p_order_W': 3, 'p_order_D': 4, 'p_order_D_dagger': 3}. Best is trial 63 with value: 0.36037781834602356.
Time for this trial:  105.6580708026886
Memory status after this trial: 
Memory allocated:  3.4697265625
Memory cached:  6.0
--------------------  Trial  76   --------------------
Start timing: 
Parameters: 
{'log_learning_rate': -2.7969882498221583, 'log_learning_rate_D': -3.644819633960756, 'log_learning_rate_D_dagger': -1.169504332402532, 'training_batch_size': 6, 'training_p': 7, 'p_order_W': 3, 'p_order_D': 4, 'p_order_D_dagger': 2}

	 epoch  0 training error:  tensor(0.8682, grad_fn=<ToCopyBackward0>)
Memory status after this epoch: 
Memory allocated:  2.05908203125
Memory cached:  6.0
	 epoch  10 training error:  tensor(0.5257, grad_fn=<ToCopyBackward0>)
Memory status after this epoch: 
Memory allocated:  2.05908203125
Memory cached:  6.0
	 epoch  20 training error:  tensor(0.5279, grad_fn=<ToCopyBackward0>)
Memory status after this epoch: 
Memory allocated:  2.05908203125
Memory cached:  6.0
	 epoch  30 training error:  tensor(0.5303, grad_fn=<ToCopyBackward0>)
Memory status after this epoch: 
Memory allocated:  2.05908203125
Memory cached:  6.0
	 epoch  40 training error:  tensor(0.5257, grad_fn=<ToCopyBackward0>)
Memory status after this epoch: 
Memory allocated:  2.05908203125
Memory cached:  6.0
	 epoch  50 training error:  tensor(0.5272, grad_fn=<ToCopyBackward0>)
Memory status after this epoch: 
Memory allocated:  2.05908203125
Memory cached:  6.0
	 epoch  60 training error:  tensor(0.5264, grad_fn=<ToCopyBackward0>)
Memory status after this epoch: 
Memory allocated:  2.05908203125
Memory cached:  6.0
	 epoch  70 training error:  tensor(0.5258, grad_fn=<ToCopyBackward0>)
Memory status after this epoch: 
Memory allocated:  2.05908203125
Memory cached:  6.0
	 epoch  80 training error:  tensor(0.5264, grad_fn=<ToCopyBackward0>)
Memory status after this epoch: 
Memory allocated:  2.05908203125
Memory cached:  6.0
	 epoch  90 training error:  tensor(0.5269, grad_fn=<ToCopyBackward0>)
Memory status after this epoch: 
Memory allocated:  2.05908203125
Memory cached:  6.0
[I 2024-03-12 15:35:02,800] Trial 76 finished with value: 0.4146614074707031 and parameters: {'log_learning_rate': -2.7969882498221583, 'log_learning_rate_D': -3.644819633960756, 'log_learning_rate_D_dagger': -1.169504332402532, 'training_batch_size': 6, 'training_p': 7, 'p_order_W': 3, 'p_order_D': 4, 'p_order_D_dagger': 2}. Best is trial 63 with value: 0.36037781834602356.
Time for this trial:  420.9555995464325
Memory status after this trial: 
Memory allocated:  3.1787109375
Memory cached:  6.0
--------------------  Trial  77   --------------------
Start timing: 
Parameters: 
{'log_learning_rate': -2.1404994309194962, 'log_learning_rate_D': -3.892256911893535, 'log_learning_rate_D_dagger': -2.21207004305381, 'training_batch_size': 7, 'training_p': 5, 'p_order_W': 4, 'p_order_D': 4, 'p_order_D_dagger': 3}

[W 2024-03-12 15:35:06,876] Trial 77 failed with parameters: {'log_learning_rate': -2.1404994309194962, 'log_learning_rate_D': -3.892256911893535, 'log_learning_rate_D_dagger': -2.21207004305381, 'training_batch_size': 7, 'training_p': 5, 'p_order_W': 4, 'p_order_D': 4, 'p_order_D_dagger': 3} because of the following error: The value nan is not acceptable.
[W 2024-03-12 15:35:06,877] Trial 77 failed with value tensor(nan, grad_fn=<ToCopyBackward0>).
Time for this trial:  3.829066753387451
Memory status after this trial: 
Memory allocated:  3.6640625
Memory cached:  6.0
--------------------  Trial  78   --------------------
Start timing: 
Parameters: 
{'log_learning_rate': -2.0949138574889234, 'log_learning_rate_D': -3.450105692958054, 'log_learning_rate_D_dagger': -1.9462622525687976, 'training_batch_size': 7, 'training_p': 5, 'p_order_W': 4, 'p_order_D': 4, 'p_order_D_dagger': 3}

	 epoch  0 training error:  tensor(50.5594, grad_fn=<ToCopyBackward0>)
Memory status after this epoch: 
Memory allocated:  1.95947265625
Memory cached:  6.0
	 epoch  10 training error:  tensor(1.4829, grad_fn=<ToCopyBackward0>)
Memory status after this epoch: 
Memory allocated:  1.95947265625
Memory cached:  6.0
	 epoch  20 training error:  tensor(0.8133, grad_fn=<ToCopyBackward0>)
Memory status after this epoch: 
Memory allocated:  1.95947265625
Memory cached:  6.0
	 epoch  30 training error:  tensor(1.0405, grad_fn=<ToCopyBackward0>)
Memory status after this epoch: 
Memory allocated:  1.95947265625
Memory cached:  6.0
	 epoch  40 training error:  tensor(0.8775, grad_fn=<ToCopyBackward0>)
Memory status after this epoch: 
Memory allocated:  1.95947265625
Memory cached:  6.0
	 epoch  50 training error:  tensor(0.5934, grad_fn=<ToCopyBackward0>)
Memory status after this epoch: 
Memory allocated:  1.95947265625
Memory cached:  6.0
	 epoch  60 training error:  tensor(0.6436, grad_fn=<ToCopyBackward0>)
Memory status after this epoch: 
Memory allocated:  1.95947265625
Memory cached:  6.0
	 epoch  70 training error:  tensor(0.7401, grad_fn=<ToCopyBackward0>)
Memory status after this epoch: 
Memory allocated:  1.95947265625
Memory cached:  6.0
	 epoch  80 training error:  tensor(0.7042, grad_fn=<ToCopyBackward0>)
Memory status after this epoch: 
Memory allocated:  1.95947265625
Memory cached:  6.0
	 epoch  90 training error:  tensor(0.7885, grad_fn=<ToCopyBackward0>)
Memory status after this epoch: 
Memory allocated:  1.95947265625
Memory cached:  6.0
[I 2024-03-12 15:40:05,554] Trial 78 finished with value: 0.5009347796440125 and parameters: {'log_learning_rate': -2.0949138574889234, 'log_learning_rate_D': -3.450105692958054, 'log_learning_rate_D_dagger': -1.9462622525687976, 'training_batch_size': 7, 'training_p': 5, 'p_order_W': 4, 'p_order_D': 4, 'p_order_D_dagger': 3}. Best is trial 63 with value: 0.36037781834602356.
Time for this trial:  298.43035197257996
Memory status after this trial: 
Memory allocated:  3.6640625
Memory cached:  6.0
--------------------  Trial  79   --------------------
Start timing: 
Parameters: 
{'log_learning_rate': -2.328882838570804, 'log_learning_rate_D': -2.703263527999759, 'log_learning_rate_D_dagger': -1.4183294855013284, 'training_batch_size': 6, 'training_p': 8, 'p_order_W': 3, 'p_order_D': 5, 'p_order_D_dagger': 3}

	 epoch  0 training error:  tensor(219.8778, grad_fn=<ToCopyBackward0>)
Memory status after this epoch: 
Memory allocated:  2.05908203125
Memory cached:  6.0
	 epoch  10 training error:  tensor(1.3364, grad_fn=<ToCopyBackward0>)
Memory status after this epoch: 
Memory allocated:  2.05908203125
Memory cached:  6.0
	 epoch  20 training error:  tensor(0.5787, grad_fn=<ToCopyBackward0>)
Memory status after this epoch: 
Memory allocated:  2.05908203125
Memory cached:  6.0
	 epoch  30 training error:  tensor(0.5493, grad_fn=<ToCopyBackward0>)
Memory status after this epoch: 
Memory allocated:  2.05908203125
Memory cached:  6.0
	 epoch  40 training error:  tensor(0.5433, grad_fn=<ToCopyBackward0>)
Memory status after this epoch: 
Memory allocated:  2.05908203125
Memory cached:  6.0
	 epoch  50 training error:  tensor(0.5532, grad_fn=<ToCopyBackward0>)
Memory status after this epoch: 
Memory allocated:  2.05908203125
Memory cached:  6.0
	 epoch  60 training error:  tensor(0.5436, grad_fn=<ToCopyBackward0>)
Memory status after this epoch: 
Memory allocated:  2.05908203125
Memory cached:  6.0
	 epoch  70 training error:  tensor(0.5418, grad_fn=<ToCopyBackward0>)
Memory status after this epoch: 
Memory allocated:  2.05908203125
Memory cached:  6.0
	 epoch  80 training error:  tensor(0.5411, grad_fn=<ToCopyBackward0>)
Memory status after this epoch: 
Memory allocated:  2.05908203125
Memory cached:  6.0
	 epoch  90 training error:  tensor(0.5415, grad_fn=<ToCopyBackward0>)
Memory status after this epoch: 
Memory allocated:  2.05908203125
Memory cached:  6.0
[I 2024-03-12 15:47:39,791] Trial 79 finished with value: 0.4101165235042572 and parameters: {'log_learning_rate': -2.328882838570804, 'log_learning_rate_D': -2.703263527999759, 'log_learning_rate_D_dagger': -1.4183294855013284, 'training_batch_size': 6, 'training_p': 8, 'p_order_W': 3, 'p_order_D': 5, 'p_order_D_dagger': 3}. Best is trial 63 with value: 0.36037781834602356.
Time for this trial:  453.90501141548157
Memory status after this trial: 
Memory allocated:  3.5693359375
Memory cached:  6.0
--------------------  Trial  80   --------------------
Start timing: 
Parameters: 
{'log_learning_rate': -2.6623281192239423, 'log_learning_rate_D': -2.9640338593898923, 'log_learning_rate_D_dagger': -1.4070436162723345, 'training_batch_size': 6, 'training_p': 5, 'p_order_W': 3, 'p_order_D': 3, 'p_order_D_dagger': 4}

	 epoch  0 training error:  tensor(11966.7256, grad_fn=<ToCopyBackward0>)
Memory status after this epoch: 
Memory allocated:  2.05908203125
Memory cached:  6.0
[W 2024-03-12 15:48:14,748] Trial 80 failed with parameters: {'log_learning_rate': -2.6623281192239423, 'log_learning_rate_D': -2.9640338593898923, 'log_learning_rate_D_dagger': -1.4070436162723345, 'training_batch_size': 6, 'training_p': 5, 'p_order_W': 3, 'p_order_D': 3, 'p_order_D_dagger': 4} because of the following error: The value nan is not acceptable.
[W 2024-03-12 15:48:14,749] Trial 80 failed with value tensor(nan, grad_fn=<ToCopyBackward0>).
Time for this trial:  34.649954319000244
Memory status after this trial: 
Memory allocated:  3.9599609375
Memory cached:  6.0
--------------------  Trial  81   --------------------
Start timing: 
Parameters: 
{'log_learning_rate': -2.592947659153025, 'log_learning_rate_D': -3.037297133241821, 'log_learning_rate_D_dagger': -1.4209255653039072, 'training_batch_size': 6, 'training_p': 5, 'p_order_W': 3, 'p_order_D': 3, 'p_order_D_dagger': 4}

	 epoch  0 training error:  tensor(11692.5850, grad_fn=<ToCopyBackward0>)
Memory status after this epoch: 
Memory allocated:  2.05908203125
Memory cached:  6.0
[W 2024-03-12 15:48:59,303] Trial 81 failed with parameters: {'log_learning_rate': -2.592947659153025, 'log_learning_rate_D': -3.037297133241821, 'log_learning_rate_D_dagger': -1.4209255653039072, 'training_batch_size': 6, 'training_p': 5, 'p_order_W': 3, 'p_order_D': 3, 'p_order_D_dagger': 4} because of the following error: The value nan is not acceptable.
[W 2024-03-12 15:48:59,303] Trial 81 failed with value tensor(nan, grad_fn=<ToCopyBackward0>).
Time for this trial:  44.28207612037659
Memory status after this trial: 
Memory allocated:  3.9599609375
Memory cached:  6.0
--------------------  Trial  82   --------------------
Start timing: 
Parameters: 
{'log_learning_rate': -2.6040929993028086, 'log_learning_rate_D': -3.0024157808579677, 'log_learning_rate_D_dagger': -1.4274022668453017, 'training_batch_size': 6, 'training_p': 5, 'p_order_W': 3, 'p_order_D': 3, 'p_order_D_dagger': 4}

	 epoch  0 training error:  tensor(12287.1045, grad_fn=<ToCopyBackward0>)
Memory status after this epoch: 
Memory allocated:  2.05908203125
Memory cached:  6.0
	 epoch  10 training error:  tensor(151.4887, grad_fn=<ToCopyBackward0>)
Memory status after this epoch: 
Memory allocated:  2.05908203125
Memory cached:  6.0
	 epoch  20 training error:  tensor(29.6366, grad_fn=<ToCopyBackward0>)
Memory status after this epoch: 
Memory allocated:  2.05908203125
Memory cached:  6.0
	 epoch  30 training error:  tensor(18.5505, grad_fn=<ToCopyBackward0>)
Memory status after this epoch: 
Memory allocated:  2.05908203125
Memory cached:  6.0
	 epoch  40 training error:  tensor(1.2144, grad_fn=<ToCopyBackward0>)
Memory status after this epoch: 
Memory allocated:  2.05908203125
Memory cached:  6.0
	 epoch  50 training error:  tensor(0.5810, grad_fn=<ToCopyBackward0>)
Memory status after this epoch: 
Memory allocated:  2.05908203125
Memory cached:  6.0
	 epoch  60 training error:  tensor(0.5710, grad_fn=<ToCopyBackward0>)
Memory status after this epoch: 
Memory allocated:  2.05908203125
Memory cached:  6.0
	 epoch  70 training error:  tensor(0.5656, grad_fn=<ToCopyBackward0>)
Memory status after this epoch: 
Memory allocated:  2.05908203125
Memory cached:  6.0
	 epoch  80 training error:  tensor(0.5618, grad_fn=<ToCopyBackward0>)
Memory status after this epoch: 
Memory allocated:  2.05908203125
Memory cached:  6.0
	 epoch  90 training error:  tensor(0.5599, grad_fn=<ToCopyBackward0>)
Memory status after this epoch: 
Memory allocated:  2.05908203125
Memory cached:  6.0
[I 2024-03-12 15:57:05,973] Trial 82 finished with value: 0.5202650427818298 and parameters: {'log_learning_rate': -2.6040929993028086, 'log_learning_rate_D': -3.0024157808579677, 'log_learning_rate_D_dagger': -1.4274022668453017, 'training_batch_size': 6, 'training_p': 5, 'p_order_W': 3, 'p_order_D': 3, 'p_order_D_dagger': 4}. Best is trial 63 with value: 0.36037781834602356.
Time for this trial:  486.37790298461914
Memory status after this trial: 
Memory allocated:  3.9599609375
Memory cached:  6.0
--------------------  Trial  83   --------------------
Start timing: 
Parameters: 
{'log_learning_rate': -2.526626342118677, 'log_learning_rate_D': -2.95235109841524, 'log_learning_rate_D_dagger': -1.1401538612454707, 'training_batch_size': 6, 'training_p': 5, 'p_order_W': 2, 'p_order_D': 4, 'p_order_D_dagger': 3}

	 epoch  0 training error:  tensor(29.9923, grad_fn=<ToCopyBackward0>)
Memory status after this epoch: 
Memory allocated:  1.69287109375
Memory cached:  6.0
	 epoch  10 training error:  tensor(0.6689, grad_fn=<ToCopyBackward0>)
Memory status after this epoch: 
Memory allocated:  1.69287109375
Memory cached:  6.0
	 epoch  20 training error:  tensor(0.5556, grad_fn=<ToCopyBackward0>)
Memory status after this epoch: 
Memory allocated:  1.69287109375
Memory cached:  6.0
	 epoch  30 training error:  tensor(0.5287, grad_fn=<ToCopyBackward0>)
Memory status after this epoch: 
Memory allocated:  1.69287109375
Memory cached:  6.0
	 epoch  40 training error:  tensor(0.5014, grad_fn=<ToCopyBackward0>)
Memory status after this epoch: 
Memory allocated:  1.69287109375
Memory cached:  6.0
	 epoch  50 training error:  tensor(0.4821, grad_fn=<ToCopyBackward0>)
Memory status after this epoch: 
Memory allocated:  1.69287109375
Memory cached:  6.0
	 epoch  60 training error:  tensor(0.4757, grad_fn=<ToCopyBackward0>)
Memory status after this epoch: 
Memory allocated:  1.69287109375
Memory cached:  6.0
	 epoch  70 training error:  tensor(0.4792, grad_fn=<ToCopyBackward0>)
Memory status after this epoch: 
Memory allocated:  1.69287109375
Memory cached:  6.0
	 epoch  80 training error:  tensor(0.4742, grad_fn=<ToCopyBackward0>)
Memory status after this epoch: 
Memory allocated:  1.69287109375
Memory cached:  6.0
	 epoch  90 training error:  tensor(0.4713, grad_fn=<ToCopyBackward0>)
Memory status after this epoch: 
Memory allocated:  1.69287109375
Memory cached:  6.0
[I 2024-03-12 16:03:52,373] Trial 83 finished with value: 0.3643087148666382 and parameters: {'log_learning_rate': -2.526626342118677, 'log_learning_rate_D': -2.95235109841524, 'log_learning_rate_D_dagger': -1.1401538612454707, 'training_batch_size': 6, 'training_p': 5, 'p_order_W': 2, 'p_order_D': 4, 'p_order_D_dagger': 3}. Best is trial 63 with value: 0.36037781834602356.
Time for this trial:  406.1394159793854
Memory status after this trial: 
Memory allocated:  2.9296875
Memory cached:  6.0
--------------------  Trial  84   --------------------
Start timing: 
Parameters: 
{'log_learning_rate': -2.3978271425471243, 'log_learning_rate_D': -3.2001578587703277, 'log_learning_rate_D_dagger': -1.113889031133318, 'training_batch_size': 7, 'training_p': 4, 'p_order_W': 3, 'p_order_D': 4, 'p_order_D_dagger': 3}

	 epoch  0 training error:  tensor(5.4423, grad_fn=<ToCopyBackward0>)
Memory status after this epoch: 
Memory allocated:  1.95947265625
Memory cached:  6.0
	 epoch  10 training error:  tensor(0.9292, grad_fn=<ToCopyBackward0>)
Memory status after this epoch: 
Memory allocated:  1.95947265625
Memory cached:  6.0
	 epoch  20 training error:  tensor(0.5627, grad_fn=<ToCopyBackward0>)
Memory status after this epoch: 
Memory allocated:  1.95947265625
Memory cached:  6.0
	 epoch  30 training error:  tensor(0.4704, grad_fn=<ToCopyBackward0>)
Memory status after this epoch: 
Memory allocated:  1.95947265625
Memory cached:  6.0
	 epoch  40 training error:  tensor(0.4394, grad_fn=<ToCopyBackward0>)
Memory status after this epoch: 
Memory allocated:  1.95947265625
Memory cached:  6.0
	 epoch  50 training error:  tensor(0.4306, grad_fn=<ToCopyBackward0>)
Memory status after this epoch: 
Memory allocated:  1.95947265625
Memory cached:  6.0
	 epoch  60 training error:  tensor(0.4328, grad_fn=<ToCopyBackward0>)
Memory status after this epoch: 
Memory allocated:  1.95947265625
Memory cached:  6.0
	 epoch  70 training error:  tensor(0.4327, grad_fn=<ToCopyBackward0>)
Memory status after this epoch: 
Memory allocated:  1.95947265625
Memory cached:  6.0
	 epoch  80 training error:  tensor(0.4466, grad_fn=<ToCopyBackward0>)
Memory status after this epoch: 
Memory allocated:  1.95947265625
Memory cached:  6.0
	 epoch  90 training error:  tensor(0.4342, grad_fn=<ToCopyBackward0>)
Memory status after this epoch: 
Memory allocated:  1.95947265625
Memory cached:  6.0
