[I 2023-12-07 01:44:56,603] Trial 51 finished with value: 0.25221726298332214 and parameters: {'W_layers': 7, 'W_layer_units_exponent_0': 6, 'W_layer_units_exponent_1': 5, 'W_layer_units_exponent_2': 10, 'W_layer_units_exponent_3': 9, 'W_layer_units_exponent_4': 6, 'W_layer_units_exponent_5': 4, 'W_layer_units_exponent_6': 6, 'D_layers': 5, 'D_layer_units_exponent_0': 9, 'D_layer_units_exponent_1': 6, 'D_layer_units_exponent_2': 5, 'D_layer_units_exponent_3': 9, 'D_layer_units_exponent_4': 10, 'D_dagger_layers': 8, 'D_dagger_layer_units_exponent_0': 10, 'D_dagger_layer_units_exponent_1': 10, 'D_dagger_layer_units_exponent_2': 10, 'D_dagger_layer_units_exponent_3': 5, 'D_dagger_layer_units_exponent_4': 9, 'D_dagger_layer_units_exponent_5': 5, 'D_dagger_layer_units_exponent_6': 6, 'D_dagger_layer_units_exponent_7': 5, 'log_learning_rate': -3.381927951561096, 'log_learning_rate_D': -3.2547700835492184, 'log_learning_rate_D_dagger': -3.5673604556061407, 'training_batch_size': 11, 'training_p': 5}. Best is trial 45 with value: 0.17419132590293884.
Time for this trial:  260.23730397224426
Memory status after this trial: 
Memory allocated:  864.8974609375
Memory cached:  884.0
--------------------  Trial  52   --------------------
Start timing: 
Parameters: 
{'W_layers': 7, 'W_layer_units_exponent_0': 6, 'W_layer_units_exponent_1': 5, 'W_layer_units_exponent_2': 10, 'W_layer_units_exponent_3': 9, 'W_layer_units_exponent_4': 6, 'W_layer_units_exponent_5': 4, 'W_layer_units_exponent_6': 6, 'D_layers': 5, 'D_layer_units_exponent_0': 10, 'D_layer_units_exponent_1': 6, 'D_layer_units_exponent_2': 5, 'D_layer_units_exponent_3': 9, 'D_layer_units_exponent_4': 10, 'D_dagger_layers': 7, 'D_dagger_layer_units_exponent_0': 10, 'D_dagger_layer_units_exponent_1': 10, 'D_dagger_layer_units_exponent_2': 10, 'D_dagger_layer_units_exponent_3': 4, 'D_dagger_layer_units_exponent_4': 9, 'D_dagger_layer_units_exponent_5': 5, 'D_dagger_layer_units_exponent_6': 4, 'log_learning_rate': -3.268142252981781, 'log_learning_rate_D': -3.3288342071915946, 'log_learning_rate_D_dagger': -3.4932653400048084, 'training_batch_size': 11, 'training_p': 5}
	 epoch  0 training error:  tensor(1.0024, device='cuda:0', grad_fn=<DivBackward0>)
Memory status after this epoch: 
Memory allocated:  490.376953125
Memory cached:  804.0
	 epoch  10 training error:  tensor(0.4511, device='cuda:0', grad_fn=<DivBackward0>)
Memory status after this epoch: 
Memory allocated:  490.376953125
Memory cached:  838.0
	 epoch  20 training error:  tensor(0.3907, device='cuda:0', grad_fn=<DivBackward0>)
Memory status after this epoch: 
Memory allocated:  490.376953125
Memory cached:  828.0
	 epoch  30 training error:  tensor(0.3461, device='cuda:0', grad_fn=<DivBackward0>)
Memory status after this epoch: 
Memory allocated:  490.376953125
Memory cached:  836.0
	 epoch  40 training error:  tensor(0.3480, device='cuda:0', grad_fn=<DivBackward0>)
Memory status after this epoch: 
Memory allocated:  490.376953125
Memory cached:  836.0
	 epoch  50 training error:  tensor(0.3125, device='cuda:0', grad_fn=<DivBackward0>)
Memory status after this epoch: 
Memory allocated:  490.376953125
Memory cached:  838.0
	 epoch  60 training error:  tensor(0.2974, device='cuda:0', grad_fn=<DivBackward0>)
Memory status after this epoch: 
Memory allocated:  490.376953125
Memory cached:  832.0
	 epoch  70 training error:  tensor(0.3234, device='cuda:0', grad_fn=<DivBackward0>)
Memory status after this epoch: 
Memory allocated:  490.376953125
Memory cached:  840.0
	 epoch  80 training error:  tensor(0.2717, device='cuda:0', grad_fn=<DivBackward0>)
Memory status after this epoch: 
Memory allocated:  490.376953125
Memory cached:  836.0
	 epoch  90 training error:  tensor(0.3252, device='cuda:0', grad_fn=<DivBackward0>)
Memory status after this epoch: 
Memory allocated:  490.376953125
Memory cached:  834.0
[I 2023-12-07 01:49:15,265] Trial 52 finished with value: 0.28779563307762146 and parameters: {'W_layers': 7, 'W_layer_units_exponent_0': 6, 'W_layer_units_exponent_1': 5, 'W_layer_units_exponent_2': 10, 'W_layer_units_exponent_3': 9, 'W_layer_units_exponent_4': 6, 'W_layer_units_exponent_5': 4, 'W_layer_units_exponent_6': 6, 'D_layers': 5, 'D_layer_units_exponent_0': 10, 'D_layer_units_exponent_1': 6, 'D_layer_units_exponent_2': 5, 'D_layer_units_exponent_3': 9, 'D_layer_units_exponent_4': 10, 'D_dagger_layers': 7, 'D_dagger_layer_units_exponent_0': 10, 'D_dagger_layer_units_exponent_1': 10, 'D_dagger_layer_units_exponent_2': 10, 'D_dagger_layer_units_exponent_3': 4, 'D_dagger_layer_units_exponent_4': 9, 'D_dagger_layer_units_exponent_5': 5, 'D_dagger_layer_units_exponent_6': 4, 'log_learning_rate': -3.268142252981781, 'log_learning_rate_D': -3.3288342071915946, 'log_learning_rate_D_dagger': -3.4932653400048084, 'training_batch_size': 11, 'training_p': 5}. Best is trial 45 with value: 0.17419132590293884.
Time for this trial:  258.34908723831177
Memory status after this trial: 
Memory allocated:  887.322265625
Memory cached:  906.0
--------------------  Trial  53   --------------------
Start timing: 
Parameters: 
{'W_layers': 7, 'W_layer_units_exponent_0': 7, 'W_layer_units_exponent_1': 4, 'W_layer_units_exponent_2': 10, 'W_layer_units_exponent_3': 10, 'W_layer_units_exponent_4': 4, 'W_layer_units_exponent_5': 5, 'W_layer_units_exponent_6': 7, 'D_layers': 5, 'D_layer_units_exponent_0': 9, 'D_layer_units_exponent_1': 7, 'D_layer_units_exponent_2': 5, 'D_layer_units_exponent_3': 8, 'D_layer_units_exponent_4': 5, 'D_dagger_layers': 8, 'D_dagger_layer_units_exponent_0': 9, 'D_dagger_layer_units_exponent_1': 10, 'D_dagger_layer_units_exponent_2': 10, 'D_dagger_layer_units_exponent_3': 5, 'D_dagger_layer_units_exponent_4': 10, 'D_dagger_layer_units_exponent_5': 4, 'D_dagger_layer_units_exponent_6': 5, 'D_dagger_layer_units_exponent_7': 8, 'log_learning_rate': -3.5908015133262436, 'log_learning_rate_D': -3.0447433677543785, 'log_learning_rate_D_dagger': -3.349351222853431, 'training_batch_size': 9, 'training_p': 6}
	 epoch  0 training error:  tensor(1.0044, device='cuda:0', grad_fn=<DivBackward0>)
Memory status after this epoch: 
Memory allocated:  482.6484375
Memory cached:  800.0
	 epoch  10 training error:  tensor(0.4902, device='cuda:0', grad_fn=<DivBackward0>)
Memory status after this epoch: 
Memory allocated:  482.6484375
Memory cached:  832.0
	 epoch  20 training error:  tensor(0.3963, device='cuda:0', grad_fn=<DivBackward0>)
Memory status after this epoch: 
Memory allocated:  482.6484375
Memory cached:  830.0
	 epoch  30 training error:  tensor(0.3918, device='cuda:0', grad_fn=<DivBackward0>)
Memory status after this epoch: 
Memory allocated:  482.6484375
Memory cached:  836.0
	 epoch  40 training error:  tensor(0.3969, device='cuda:0', grad_fn=<DivBackward0>)
Memory status after this epoch: 
Memory allocated:  482.6484375
Memory cached:  832.0
	 epoch  50 training error:  tensor(0.3790, device='cuda:0', grad_fn=<DivBackward0>)
Memory status after this epoch: 
Memory allocated:  482.6484375
Memory cached:  842.0
	 epoch  60 training error:  tensor(0.3666, device='cuda:0', grad_fn=<DivBackward0>)
Memory status after this epoch: 
Memory allocated:  482.6484375
Memory cached:  834.0
	 epoch  70 training error:  tensor(0.3904, device='cuda:0', grad_fn=<DivBackward0>)
Memory status after this epoch: 
Memory allocated:  482.6484375
Memory cached:  830.0
	 epoch  80 training error:  tensor(0.3808, device='cuda:0', grad_fn=<DivBackward0>)
Memory status after this epoch: 
Memory allocated:  482.6484375
Memory cached:  844.0
	 epoch  90 training error:  tensor(0.3767, device='cuda:0', grad_fn=<DivBackward0>)
Memory status after this epoch: 
Memory allocated:  482.6484375
Memory cached:  840.0
[I 2023-12-07 01:53:33,856] Trial 53 finished with value: 0.33817267417907715 and parameters: {'W_layers': 7, 'W_layer_units_exponent_0': 7, 'W_layer_units_exponent_1': 4, 'W_layer_units_exponent_2': 10, 'W_layer_units_exponent_3': 10, 'W_layer_units_exponent_4': 4, 'W_layer_units_exponent_5': 5, 'W_layer_units_exponent_6': 7, 'D_layers': 5, 'D_layer_units_exponent_0': 9, 'D_layer_units_exponent_1': 7, 'D_layer_units_exponent_2': 5, 'D_layer_units_exponent_3': 8, 'D_layer_units_exponent_4': 5, 'D_dagger_layers': 8, 'D_dagger_layer_units_exponent_0': 9, 'D_dagger_layer_units_exponent_1': 10, 'D_dagger_layer_units_exponent_2': 10, 'D_dagger_layer_units_exponent_3': 5, 'D_dagger_layer_units_exponent_4': 10, 'D_dagger_layer_units_exponent_5': 4, 'D_dagger_layer_units_exponent_6': 5, 'D_dagger_layer_units_exponent_7': 8, 'log_learning_rate': -3.5908015133262436, 'log_learning_rate_D': -3.0447433677543785, 'log_learning_rate_D_dagger': -3.349351222853431, 'training_batch_size': 9, 'training_p': 6}. Best is trial 45 with value: 0.17419132590293884.
Time for this trial:  258.27316880226135
Memory status after this trial: 
Memory allocated:  845.1279296875
Memory cached:  868.0
--------------------  Trial  54   --------------------
Start timing: 
Parameters: 
{'W_layers': 8, 'W_layer_units_exponent_0': 6, 'W_layer_units_exponent_1': 5, 'W_layer_units_exponent_2': 9, 'W_layer_units_exponent_3': 8, 'W_layer_units_exponent_4': 6, 'W_layer_units_exponent_5': 4, 'W_layer_units_exponent_6': 5, 'W_layer_units_exponent_7': 5, 'D_layers': 4, 'D_layer_units_exponent_0': 9, 'D_layer_units_exponent_1': 6, 'D_layer_units_exponent_2': 4, 'D_layer_units_exponent_3': 10, 'D_dagger_layers': 7, 'D_dagger_layer_units_exponent_0': 10, 'D_dagger_layer_units_exponent_1': 10, 'D_dagger_layer_units_exponent_2': 10, 'D_dagger_layer_units_exponent_3': 5, 'D_dagger_layer_units_exponent_4': 8, 'D_dagger_layer_units_exponent_5': 5, 'D_dagger_layer_units_exponent_6': 6, 'log_learning_rate': -3.38241511296786, 'log_learning_rate_D': -3.4106327778300667, 'log_learning_rate_D_dagger': -3.0349905642099744, 'training_batch_size': 11, 'training_p': 5}
	 epoch  0 training error:  tensor(0.9952, device='cuda:0', grad_fn=<DivBackward0>)
Memory status after this epoch: 
Memory allocated:  475.48046875
Memory cached:  778.0
	 epoch  10 training error:  tensor(0.4338, device='cuda:0', grad_fn=<DivBackward0>)
Memory status after this epoch: 
Memory allocated:  475.48046875
Memory cached:  806.0
	 epoch  20 training error:  tensor(0.4004, device='cuda:0', grad_fn=<DivBackward0>)
Memory status after this epoch: 
Memory allocated:  475.48046875
Memory cached:  800.0
	 epoch  30 training error:  tensor(0.3871, device='cuda:0', grad_fn=<DivBackward0>)
Memory status after this epoch: 
Memory allocated:  475.48046875
Memory cached:  804.0
	 epoch  40 training error:  tensor(0.3842, device='cuda:0', grad_fn=<DivBackward0>)
Memory status after this epoch: 
Memory allocated:  475.48046875
Memory cached:  810.0
	 epoch  50 training error:  tensor(0.3709, device='cuda:0', grad_fn=<DivBackward0>)
Memory status after this epoch: 
Memory allocated:  475.48046875
Memory cached:  802.0
	 epoch  60 training error:  tensor(0.3672, device='cuda:0', grad_fn=<DivBackward0>)
Memory status after this epoch: 
Memory allocated:  475.48046875
Memory cached:  804.0
	 epoch  70 training error:  tensor(0.4018, device='cuda:0', grad_fn=<DivBackward0>)
Memory status after this epoch: 
Memory allocated:  475.48046875
Memory cached:  810.0
	 epoch  80 training error:  tensor(0.3671, device='cuda:0', grad_fn=<DivBackward0>)
Memory status after this epoch: 
Memory allocated:  475.48046875
Memory cached:  812.0
	 epoch  90 training error:  tensor(0.3431, device='cuda:0', grad_fn=<DivBackward0>)
Memory status after this epoch: 
Memory allocated:  475.48046875
Memory cached:  800.0
[I 2023-12-07 01:57:37,507] Trial 54 finished with value: 0.32107946276664734 and parameters: {'W_layers': 8, 'W_layer_units_exponent_0': 6, 'W_layer_units_exponent_1': 5, 'W_layer_units_exponent_2': 9, 'W_layer_units_exponent_3': 8, 'W_layer_units_exponent_4': 6, 'W_layer_units_exponent_5': 4, 'W_layer_units_exponent_6': 5, 'W_layer_units_exponent_7': 5, 'D_layers': 4, 'D_layer_units_exponent_0': 9, 'D_layer_units_exponent_1': 6, 'D_layer_units_exponent_2': 4, 'D_layer_units_exponent_3': 10, 'D_dagger_layers': 7, 'D_dagger_layer_units_exponent_0': 10, 'D_dagger_layer_units_exponent_1': 10, 'D_dagger_layer_units_exponent_2': 10, 'D_dagger_layer_units_exponent_3': 5, 'D_dagger_layer_units_exponent_4': 8, 'D_dagger_layer_units_exponent_5': 5, 'D_dagger_layer_units_exponent_6': 6, 'log_learning_rate': -3.38241511296786, 'log_learning_rate_D': -3.4106327778300667, 'log_learning_rate_D_dagger': -3.0349905642099744, 'training_batch_size': 11, 'training_p': 5}. Best is trial 45 with value: 0.17419132590293884.
Time for this trial:  243.3289017677307
Memory status after this trial: 
Memory allocated:  773.34765625
Memory cached:  800.0
--------------------  Trial  55   --------------------
Start timing: 
Parameters: 
{'W_layers': 7, 'W_layer_units_exponent_0': 5, 'W_layer_units_exponent_1': 5, 'W_layer_units_exponent_2': 8, 'W_layer_units_exponent_3': 9, 'W_layer_units_exponent_4': 6, 'W_layer_units_exponent_5': 4, 'W_layer_units_exponent_6': 6, 'D_layers': 4, 'D_layer_units_exponent_0': 8, 'D_layer_units_exponent_1': 5, 'D_layer_units_exponent_2': 5, 'D_layer_units_exponent_3': 9, 'D_dagger_layers': 4, 'D_dagger_layer_units_exponent_0': 9, 'D_dagger_layer_units_exponent_1': 9, 'D_dagger_layer_units_exponent_2': 10, 'D_dagger_layer_units_exponent_3': 6, 'log_learning_rate': -3.4527904853860214, 'log_learning_rate_D': -2.79463703607611, 'log_learning_rate_D_dagger': -3.500131830210297, 'training_batch_size': 10, 'training_p': 6}
	 epoch  0 training error:  tensor(1.0140, device='cuda:0', grad_fn=<DivBackward0>)
Memory status after this epoch: 
Memory allocated:  455.361328125
Memory cached:  780.0
	 epoch  10 training error:  tensor(0.5228, device='cuda:0', grad_fn=<DivBackward0>)
Memory status after this epoch: 
Memory allocated:  455.361328125
Memory cached:  794.0
	 epoch  20 training error:  tensor(0.4432, device='cuda:0', grad_fn=<DivBackward0>)
Memory status after this epoch: 
Memory allocated:  455.361328125
Memory cached:  796.0
	 epoch  30 training error:  tensor(0.4188, device='cuda:0', grad_fn=<DivBackward0>)
Memory status after this epoch: 
Memory allocated:  455.361328125
Memory cached:  804.0
	 epoch  40 training error:  tensor(0.3988, device='cuda:0', grad_fn=<DivBackward0>)
Memory status after this epoch: 
Memory allocated:  455.361328125
Memory cached:  792.0
	 epoch  50 training error:  tensor(0.3768, device='cuda:0', grad_fn=<DivBackward0>)
Memory status after this epoch: 
Memory allocated:  455.361328125
Memory cached:  796.0
	 epoch  60 training error:  tensor(0.3493, device='cuda:0', grad_fn=<DivBackward0>)
Memory status after this epoch: 
Memory allocated:  455.361328125
Memory cached:  806.0
	 epoch  70 training error:  tensor(0.3359, device='cuda:0', grad_fn=<DivBackward0>)
Memory status after this epoch: 
Memory allocated:  455.361328125
Memory cached:  796.0
	 epoch  80 training error:  tensor(0.3278, device='cuda:0', grad_fn=<DivBackward0>)
Memory status after this epoch: 
Memory allocated:  455.361328125
Memory cached:  796.0
	 epoch  90 training error:  tensor(0.3288, device='cuda:0', grad_fn=<DivBackward0>)
Memory status after this epoch: 
Memory allocated:  455.361328125
Memory cached:  794.0
[I 2023-12-07 02:00:57,818] Trial 55 finished with value: 0.2848246097564697 and parameters: {'W_layers': 7, 'W_layer_units_exponent_0': 5, 'W_layer_units_exponent_1': 5, 'W_layer_units_exponent_2': 8, 'W_layer_units_exponent_3': 9, 'W_layer_units_exponent_4': 6, 'W_layer_units_exponent_5': 4, 'W_layer_units_exponent_6': 6, 'D_layers': 4, 'D_layer_units_exponent_0': 8, 'D_layer_units_exponent_1': 5, 'D_layer_units_exponent_2': 5, 'D_layer_units_exponent_3': 9, 'D_dagger_layers': 4, 'D_dagger_layer_units_exponent_0': 9, 'D_dagger_layer_units_exponent_1': 9, 'D_dagger_layer_units_exponent_2': 10, 'D_dagger_layer_units_exponent_3': 6, 'log_learning_rate': -3.4527904853860214, 'log_learning_rate_D': -2.79463703607611, 'log_learning_rate_D_dagger': -3.500131830210297, 'training_batch_size': 10, 'training_p': 6}. Best is trial 45 with value: 0.17419132590293884.
Time for this trial:  200.02487540245056
Memory status after this trial: 
Memory allocated:  651.80419921875
Memory cached:  782.0
--------------------  Trial  56   --------------------
Start timing: 
Parameters: 
{'W_layers': 8, 'W_layer_units_exponent_0': 6, 'W_layer_units_exponent_1': 4, 'W_layer_units_exponent_2': 10, 'W_layer_units_exponent_3': 10, 'W_layer_units_exponent_4': 5, 'W_layer_units_exponent_5': 5, 'W_layer_units_exponent_6': 5, 'W_layer_units_exponent_7': 10, 'D_layers': 5, 'D_layer_units_exponent_0': 10, 'D_layer_units_exponent_1': 6, 'D_layer_units_exponent_2': 4, 'D_layer_units_exponent_3': 8, 'D_layer_units_exponent_4': 9, 'D_dagger_layers': 8, 'D_dagger_layer_units_exponent_0': 10, 'D_dagger_layer_units_exponent_1': 9, 'D_dagger_layer_units_exponent_2': 9, 'D_dagger_layer_units_exponent_3': 5, 'D_dagger_layer_units_exponent_4': 9, 'D_dagger_layer_units_exponent_5': 4, 'D_dagger_layer_units_exponent_6': 5, 'D_dagger_layer_units_exponent_7': 5, 'log_learning_rate': -3.059956219649974, 'log_learning_rate_D': -3.2269237689545607, 'log_learning_rate_D_dagger': -3.841119812261526, 'training_batch_size': 11, 'training_p': 8}
	 epoch  0 training error:  tensor(1.0076, device='cuda:0', grad_fn=<DivBackward0>)
Memory status after this epoch: 
Memory allocated:  472.427734375
Memory cached:  768.0
	 epoch  10 training error:  tensor(0.5473, device='cuda:0', grad_fn=<DivBackward0>)
Memory status after this epoch: 
Memory allocated:  472.427734375
Memory cached:  822.0
	 epoch  20 training error:  tensor(0.4716, device='cuda:0', grad_fn=<DivBackward0>)
Memory status after this epoch: 
Memory allocated:  472.427734375
Memory cached:  802.0
	 epoch  30 training error:  tensor(0.4203, device='cuda:0', grad_fn=<DivBackward0>)
Memory status after this epoch: 
Memory allocated:  472.427734375
Memory cached:  806.0
	 epoch  40 training error:  tensor(0.3807, device='cuda:0', grad_fn=<DivBackward0>)
Memory status after this epoch: 
Memory allocated:  472.427734375
Memory cached:  802.0
	 epoch  50 training error:  tensor(0.3584, device='cuda:0', grad_fn=<DivBackward0>)
Memory status after this epoch: 
Memory allocated:  472.427734375
Memory cached:  816.0
	 epoch  60 training error:  tensor(0.3524, device='cuda:0', grad_fn=<DivBackward0>)
Memory status after this epoch: 
Memory allocated:  472.427734375
Memory cached:  800.0
	 epoch  70 training error:  tensor(0.3347, device='cuda:0', grad_fn=<DivBackward0>)
Memory status after this epoch: 
Memory allocated:  472.427734375
Memory cached:  808.0
	 epoch  80 training error:  tensor(0.3200, device='cuda:0', grad_fn=<DivBackward0>)
Memory status after this epoch: 
Memory allocated:  472.427734375
Memory cached:  808.0
	 epoch  90 training error:  tensor(0.3294, device='cuda:0', grad_fn=<DivBackward0>)
Memory status after this epoch: 
Memory allocated:  472.427734375
Memory cached:  800.0
