/home/shengduo/anaconda3/lib/python3.9/site-packages/scipy/__init__.py:146: UserWarning: A NumPy version >=1.16.5 and <1.23.0 is required for this version of SciPy (detected version 1.24.1
  warnings.warn(f"A NumPy version >={np_minversion} and <{np_maxversion}"
[I 2024-03-12 11:34:26,353] Using an existing study with name 'my_study1' instead of creating a new one.
Cuda is available:  True
Device is:  cuda
Memory allocated:  0.0
Memory cached:  0.0
Data file:  ./data/Trial0216_smallDRS_smallA_400.pt
Vs.shape:  torch.Size([400, 100])
thetas.shape:  torch.Size([400, 100])
fs.shape:  torch.Size([400, 100])
ts.shape:  torch.Size([400, 100])
Xs.shape:  torch.Size([400, 100])
No pruned database has been founded.
--------------------  Trial  1   --------------------
Start timing: 
Parameters: 
{'log_learning_rate': -3.503296600565975, 'log_learning_rate_D': -4.945240276811711, 'log_learning_rate_D_dagger': -3.899280454200234, 'training_batch_size': 8, 'training_p': 3, 'p_order_W': 2, 'p_order_D': 4, 'p_order_D_dagger': 2}

	 epoch  0 training error:  tensor(3.8055, grad_fn=<ToCopyBackward0>)
Memory status after this epoch: 
Memory allocated:  0.033203125
Memory cached:  4.0
	 epoch  10 training error:  tensor(3.7792, grad_fn=<ToCopyBackward0>)
Memory status after this epoch: 
Memory allocated:  0.033203125
Memory cached:  4.0
	 epoch  20 training error:  tensor(3.7531, grad_fn=<ToCopyBackward0>)
Memory status after this epoch: 
Memory allocated:  0.033203125
Memory cached:  4.0
	 epoch  30 training error:  tensor(3.7271, grad_fn=<ToCopyBackward0>)
Memory status after this epoch: 
Memory allocated:  0.033203125
Memory cached:  4.0
	 epoch  40 training error:  tensor(3.7011, grad_fn=<ToCopyBackward0>)
Memory status after this epoch: 
Memory allocated:  0.033203125
Memory cached:  2.0
	 epoch  50 training error:  tensor(3.6752, grad_fn=<ToCopyBackward0>)
Memory status after this epoch: 
Memory allocated:  0.033203125
Memory cached:  4.0
	 epoch  60 training error:  tensor(3.6493, grad_fn=<ToCopyBackward0>)
Memory status after this epoch: 
Memory allocated:  0.033203125
Memory cached:  4.0
	 epoch  70 training error:  tensor(3.6236, grad_fn=<ToCopyBackward0>)
Memory status after this epoch: 
Memory allocated:  0.033203125
Memory cached:  4.0
	 epoch  80 training error:  tensor(3.5980, grad_fn=<ToCopyBackward0>)
Memory status after this epoch: 
Memory allocated:  0.033203125
Memory cached:  4.0
	 epoch  90 training error:  tensor(3.5724, grad_fn=<ToCopyBackward0>)
Memory status after this epoch: 
Memory allocated:  0.033203125
Memory cached:  2.0
[I 2024-03-12 11:37:00,042] Trial 1 finished with value: 3.04042649269104 and parameters: {'log_learning_rate': -3.503296600565975, 'log_learning_rate_D': -4.945240276811711, 'log_learning_rate_D_dagger': -3.899280454200234, 'training_batch_size': 8, 'training_p': 3, 'p_order_W': 2, 'p_order_D': 4, 'p_order_D_dagger': 2}. Best is trial 1 with value: 3.04042649269104.
res:  tensor(3.0404, grad_fn=<ToCopyBackward0>)
self.bestValue:  10000000.0
Save this model!
Time for this trial:  153.46298789978027
Memory status after this trial: 
Memory allocated:  0.87939453125
Memory cached:  2.0
--------------------  Trial  2   --------------------
Start timing: 
Parameters: 
{'log_learning_rate': -1.921090911927871, 'log_learning_rate_D': -4.202396297417765, 'log_learning_rate_D_dagger': -1.0281422240456912, 'training_batch_size': 11, 'training_p': 3, 'p_order_W': 4, 'p_order_D': 2, 'p_order_D_dagger': 3}

	 epoch  0 training error:  tensor(172.6707, grad_fn=<ToCopyBackward0>)
Memory status after this epoch: 
Memory allocated:  1.27587890625
Memory cached:  6.0
[W 2024-03-12 11:37:02,985] Trial 2 failed with parameters: {'log_learning_rate': -1.921090911927871, 'log_learning_rate_D': -4.202396297417765, 'log_learning_rate_D_dagger': -1.0281422240456912, 'training_batch_size': 11, 'training_p': 3, 'p_order_W': 4, 'p_order_D': 2, 'p_order_D_dagger': 3} because of the following error: The value nan is not acceptable.
[W 2024-03-12 11:37:02,985] Trial 2 failed with value tensor(nan, grad_fn=<ToCopyBackward0>).
Time for this trial:  2.7610926628112793
Memory status after this trial: 
Memory allocated:  2.8828125
Memory cached:  6.0
--------------------  Trial  3   --------------------
Start timing: 
Parameters: 
{'log_learning_rate': -1.6960067371892422, 'log_learning_rate_D': -1.6029785254244833, 'log_learning_rate_D_dagger': -3.6490280146550513, 'training_batch_size': 8, 'training_p': 8, 'p_order_W': 2, 'p_order_D': 3, 'p_order_D_dagger': 2}

	 epoch  0 training error:  tensor(2.4935, grad_fn=<ToCopyBackward0>)
Memory status after this epoch: 
Memory allocated:  0.90966796875
Memory cached:  2.0
	 epoch  10 training error:  tensor(2.1171, grad_fn=<ToCopyBackward0>)
Memory status after this epoch: 
Memory allocated:  0.90966796875
Memory cached:  2.0
	 epoch  20 training error:  tensor(1.7526, grad_fn=<ToCopyBackward0>)
Memory status after this epoch: 
Memory allocated:  0.90966796875
Memory cached:  2.0
	 epoch  30 training error:  tensor(1.4179, grad_fn=<ToCopyBackward0>)
Memory status after this epoch: 
Memory allocated:  0.90966796875
Memory cached:  2.0
	 epoch  40 training error:  tensor(1.2325, grad_fn=<ToCopyBackward0>)
Memory status after this epoch: 
Memory allocated:  0.90966796875
Memory cached:  2.0
	 epoch  50 training error:  tensor(1.1606, grad_fn=<ToCopyBackward0>)
Memory status after this epoch: 
Memory allocated:  0.90966796875
Memory cached:  2.0
	 epoch  60 training error:  tensor(1.1494, grad_fn=<ToCopyBackward0>)
Memory status after this epoch: 
Memory allocated:  0.90966796875
Memory cached:  2.0
	 epoch  70 training error:  tensor(1.1357, grad_fn=<ToCopyBackward0>)
Memory status after this epoch: 
Memory allocated:  0.90966796875
Memory cached:  2.0
	 epoch  80 training error:  tensor(1.1217, grad_fn=<ToCopyBackward0>)
Memory status after this epoch: 
Memory allocated:  0.90966796875
Memory cached:  2.0
	 epoch  90 training error:  tensor(1.1080, grad_fn=<ToCopyBackward0>)
Memory status after this epoch: 
Memory allocated:  0.90966796875
Memory cached:  2.0
[I 2024-03-12 11:39:37,170] Trial 3 finished with value: 0.9308595657348633 and parameters: {'log_learning_rate': -1.6960067371892422, 'log_learning_rate_D': -1.6029785254244833, 'log_learning_rate_D_dagger': -3.6490280146550513, 'training_batch_size': 8, 'training_p': 8, 'p_order_W': 2, 'p_order_D': 3, 'p_order_D_dagger': 2}. Best is trial 3 with value: 0.9308595657348633.
res:  tensor(0.9309, grad_fn=<ToCopyBackward0>)
self.bestValue:  tensor(3.0404, grad_fn=<ToCopyBackward0>)
Save this model!
Time for this trial:  153.9752779006958
Memory status after this trial: 
Memory allocated:  0.87939453125
Memory cached:  4.0
--------------------  Trial  4   --------------------
Start timing: 
Parameters: 
{'log_learning_rate': -2.779882628429821, 'log_learning_rate_D': -3.4130183096539457, 'log_learning_rate_D_dagger': -4.063514057823172, 'training_batch_size': 7, 'training_p': 6, 'p_order_W': 4, 'p_order_D': 4, 'p_order_D_dagger': 4}

[W 2024-03-12 11:39:41,000] Trial 4 failed with parameters: {'log_learning_rate': -2.779882628429821, 'log_learning_rate_D': -3.4130183096539457, 'log_learning_rate_D_dagger': -4.063514057823172, 'training_batch_size': 7, 'training_p': 6, 'p_order_W': 4, 'p_order_D': 4, 'p_order_D_dagger': 4} because of the following error: The value nan is not acceptable.
[W 2024-03-12 11:39:41,000] Trial 4 failed with value tensor(nan, grad_fn=<ToCopyBackward0>).
Time for this trial:  3.6283185482025146
Memory status after this trial: 
Memory allocated:  3.2734375
Memory cached:  4.0
--------------------  Trial  5   --------------------
Start timing: 
Parameters: 
{'log_learning_rate': -3.3011605048668486, 'log_learning_rate_D': -4.116238179481009, 'log_learning_rate_D_dagger': -1.339523135496545, 'training_batch_size': 6, 'training_p': 8, 'p_order_W': 3, 'p_order_D': 5, 'p_order_D_dagger': 3}

	 epoch  0 training error:  tensor(209.4896, grad_fn=<ToCopyBackward0>)
Memory status after this epoch: 
Memory allocated:  1.27783203125
Memory cached:  4.0
	 epoch  10 training error:  tensor(0.8628, grad_fn=<ToCopyBackward0>)
Memory status after this epoch: 
Memory allocated:  1.27783203125
Memory cached:  4.0
	 epoch  20 training error:  tensor(0.5696, grad_fn=<ToCopyBackward0>)
Memory status after this epoch: 
Memory allocated:  1.27783203125
Memory cached:  4.0
	 epoch  30 training error:  tensor(0.5513, grad_fn=<ToCopyBackward0>)
Memory status after this epoch: 
Memory allocated:  1.27783203125
Memory cached:  4.0
	 epoch  40 training error:  tensor(0.5419, grad_fn=<ToCopyBackward0>)
Memory status after this epoch: 
Memory allocated:  1.27783203125
Memory cached:  4.0
	 epoch  50 training error:  tensor(0.5401, grad_fn=<ToCopyBackward0>)
Memory status after this epoch: 
Memory allocated:  1.27783203125
Memory cached:  4.0
	 epoch  60 training error:  tensor(0.5401, grad_fn=<ToCopyBackward0>)
Memory status after this epoch: 
Memory allocated:  1.27783203125
Memory cached:  4.0
	 epoch  70 training error:  tensor(0.5398, grad_fn=<ToCopyBackward0>)
Memory status after this epoch: 
Memory allocated:  1.27783203125
Memory cached:  4.0
	 epoch  80 training error:  tensor(0.5402, grad_fn=<ToCopyBackward0>)
Memory status after this epoch: 
Memory allocated:  1.27783203125
Memory cached:  4.0
	 epoch  90 training error:  tensor(0.5401, grad_fn=<ToCopyBackward0>)
Memory status after this epoch: 
Memory allocated:  1.27783203125
Memory cached:  4.0
[I 2024-03-12 11:47:11,416] Trial 5 finished with value: 0.4071817994117737 and parameters: {'log_learning_rate': -3.3011605048668486, 'log_learning_rate_D': -4.116238179481009, 'log_learning_rate_D_dagger': -1.339523135496545, 'training_batch_size': 6, 'training_p': 8, 'p_order_W': 3, 'p_order_D': 5, 'p_order_D_dagger': 3}. Best is trial 5 with value: 0.4071817994117737.
res:  tensor(0.4072, grad_fn=<ToCopyBackward0>)
self.bestValue:  tensor(0.9309, grad_fn=<ToCopyBackward0>)
Save this model!
Time for this trial:  450.16140961647034
Memory status after this trial: 
Memory allocated:  1.91162109375
Memory cached:  4.0
--------------------  Trial  6   --------------------
Start timing: 
Parameters: 
{'log_learning_rate': -4.395085622565337, 'log_learning_rate_D': -4.939969158959922, 'log_learning_rate_D_dagger': -2.3019380962537106, 'training_batch_size': 10, 'training_p': 8, 'p_order_W': 5, 'p_order_D': 2, 'p_order_D_dagger': 3}

	 epoch  0 training error:  tensor(406.0682, grad_fn=<ToCopyBackward0>)
Memory status after this epoch: 
Memory allocated:  1.93994140625
Memory cached:  8.0
	 epoch  10 training error:  tensor(353.6851, grad_fn=<ToCopyBackward0>)
Memory status after this epoch: 
Memory allocated:  1.93994140625
Memory cached:  8.0
	 epoch  20 training error:  tensor(305.4835, grad_fn=<ToCopyBackward0>)
Memory status after this epoch: 
Memory allocated:  1.93994140625
Memory cached:  8.0
	 epoch  30 training error:  tensor(261.7872, grad_fn=<ToCopyBackward0>)
Memory status after this epoch: 
Memory allocated:  1.93994140625
Memory cached:  8.0
	 epoch  40 training error:  tensor(222.6708, grad_fn=<ToCopyBackward0>)
Memory status after this epoch: 
Memory allocated:  1.93994140625
Memory cached:  8.0
	 epoch  50 training error:  tensor(188.0123, grad_fn=<ToCopyBackward0>)
Memory status after this epoch: 
Memory allocated:  1.93994140625
Memory cached:  6.0
	 epoch  60 training error:  tensor(157.5667, grad_fn=<ToCopyBackward0>)
Memory status after this epoch: 
Memory allocated:  1.93994140625
Memory cached:  8.0
	 epoch  70 training error:  tensor(131.0247, grad_fn=<ToCopyBackward0>)
Memory status after this epoch: 
Memory allocated:  1.93994140625
Memory cached:  8.0
	 epoch  80 training error:  tensor(108.0489, grad_fn=<ToCopyBackward0>)
Memory status after this epoch: 
Memory allocated:  1.93994140625
Memory cached:  8.0
	 epoch  90 training error:  tensor(88.2962, grad_fn=<ToCopyBackward0>)
Memory status after this epoch: 
Memory allocated:  1.93994140625
Memory cached:  8.0
[I 2024-03-12 11:49:05,775] Trial 6 finished with value: 40.53414535522461 and parameters: {'log_learning_rate': -4.395085622565337, 'log_learning_rate_D': -4.939969158959922, 'log_learning_rate_D_dagger': -2.3019380962537106, 'training_batch_size': 10, 'training_p': 8, 'p_order_W': 5, 'p_order_D': 2, 'p_order_D_dagger': 3}. Best is trial 5 with value: 0.4071817994117737.
Time for this trial:  114.17075228691101
Memory status after this trial: 
Memory allocated:  3.7412109375
Memory cached:  8.0
--------------------  Trial  7   --------------------
Start timing: 
Parameters: 
{'log_learning_rate': -4.598409035666462, 'log_learning_rate_D': -1.8477973781096515, 'log_learning_rate_D_dagger': -4.48430141863183, 'training_batch_size': 8, 'training_p': 6, 'p_order_W': 5, 'p_order_D': 3, 'p_order_D_dagger': 2}

	 epoch  0 training error:  tensor(1.0248, grad_fn=<ToCopyBackward0>)
Memory status after this epoch: 
Memory allocated:  1.84228515625
Memory cached:  4.0
	 epoch  10 training error:  tensor(1.0213, grad_fn=<ToCopyBackward0>)
Memory status after this epoch: 
Memory allocated:  1.84228515625
Memory cached:  4.0
	 epoch  20 training error:  tensor(1.0177, grad_fn=<ToCopyBackward0>)
Memory status after this epoch: 
Memory allocated:  1.84228515625
Memory cached:  4.0
	 epoch  30 training error:  tensor(1.0142, grad_fn=<ToCopyBackward0>)
Memory status after this epoch: 
Memory allocated:  1.84228515625
Memory cached:  4.0
	 epoch  40 training error:  tensor(1.0107, grad_fn=<ToCopyBackward0>)
Memory status after this epoch: 
Memory allocated:  1.84228515625
Memory cached:  4.0
	 epoch  50 training error:  tensor(1.0073, grad_fn=<ToCopyBackward0>)
Memory status after this epoch: 
Memory allocated:  1.84228515625
Memory cached:  4.0
	 epoch  60 training error:  tensor(1.0038, grad_fn=<ToCopyBackward0>)
Memory status after this epoch: 
Memory allocated:  1.84228515625
Memory cached:  4.0
	 epoch  70 training error:  tensor(1.0003, grad_fn=<ToCopyBackward0>)
Memory status after this epoch: 
Memory allocated:  1.84228515625
Memory cached:  4.0
	 epoch  80 training error:  tensor(0.9969, grad_fn=<ToCopyBackward0>)
Memory status after this epoch: 
Memory allocated:  1.84228515625
Memory cached:  4.0
	 epoch  90 training error:  tensor(0.9935, grad_fn=<ToCopyBackward0>)
Memory status after this epoch: 
Memory allocated:  1.84228515625
Memory cached:  4.0
[I 2024-03-12 11:52:25,038] Trial 7 finished with value: 0.802330493927002 and parameters: {'log_learning_rate': -4.598409035666462, 'log_learning_rate_D': -1.8477973781096515, 'log_learning_rate_D_dagger': -4.48430141863183, 'training_batch_size': 8, 'training_p': 6, 'p_order_W': 5, 'p_order_D': 3, 'p_order_D_dagger': 2}. Best is trial 5 with value: 0.4071817994117737.
Time for this trial:  199.05262851715088
Memory status after this trial: 
Memory allocated:  3.3505859375
Memory cached:  4.0
--------------------  Trial  8   --------------------
Start timing: 
Parameters: 
{'log_learning_rate': -2.7996986051431927, 'log_learning_rate_D': -3.4987008074464874, 'log_learning_rate_D_dagger': -2.7685519085668155, 'training_batch_size': 9, 'training_p': 7, 'p_order_W': 4, 'p_order_D': 4, 'p_order_D_dagger': 5}

	 epoch  0 training error:  tensor(inf, grad_fn=<ToCopyBackward0>)
Memory status after this epoch: 
Memory allocated:  1.93994140625
Memory cached:  8.0
[W 2024-03-12 11:52:28,622] Trial 8 failed with parameters: {'log_learning_rate': -2.7996986051431927, 'log_learning_rate_D': -3.4987008074464874, 'log_learning_rate_D_dagger': -2.7685519085668155, 'training_batch_size': 9, 'training_p': 7, 'p_order_W': 4, 'p_order_D': 4, 'p_order_D_dagger': 5} because of the following error: The value nan is not acceptable.
[W 2024-03-12 11:52:28,622] Trial 8 failed with value tensor(nan, grad_fn=<ToCopyBackward0>).
Time for this trial:  3.379140853881836
Memory status after this trial: 
Memory allocated:  4.328125
Memory cached:  6.0
--------------------  Trial  9   --------------------
Start timing: 
Parameters: 
{'log_learning_rate': -3.3740148384211133, 'log_learning_rate_D': -3.972424491900281, 'log_learning_rate_D_dagger': -2.680284136177319, 'training_batch_size': 9, 'training_p': 5, 'p_order_W': 2, 'p_order_D': 2, 'p_order_D_dagger': 4}

	 epoch  0 training error:  tensor(3348.6548, grad_fn=<ToCopyBackward0>)
Memory status after this epoch: 
Memory allocated:  1.67138671875
Memory cached:  6.0
	 epoch  10 training error:  tensor(2625.4653, grad_fn=<ToCopyBackward0>)
Memory status after this epoch: 
Memory allocated:  1.67138671875
Memory cached:  6.0
	 epoch  20 training error:  tensor(1980.9633, grad_fn=<ToCopyBackward0>)
Memory status after this epoch: 
Memory allocated:  1.67138671875
Memory cached:  6.0
	 epoch  30 training error:  tensor(1418.3832, grad_fn=<ToCopyBackward0>)
Memory status after this epoch: 
Memory allocated:  1.67138671875
Memory cached:  6.0
	 epoch  40 training error:  tensor(933.6502, grad_fn=<ToCopyBackward0>)
Memory status after this epoch: 
Memory allocated:  1.67138671875
Memory cached:  6.0
	 epoch  50 training error:  tensor(516.2464, grad_fn=<ToCopyBackward0>)
Memory status after this epoch: 
Memory allocated:  1.67138671875
Memory cached:  6.0
	 epoch  60 training error:  tensor(155.3680, grad_fn=<ToCopyBackward0>)
Memory status after this epoch: 
Memory allocated:  1.67138671875
Memory cached:  6.0
	 epoch  70 training error:  tensor(161.6859, grad_fn=<ToCopyBackward0>)
Memory status after this epoch: 
Memory allocated:  1.67138671875
Memory cached:  6.0
	 epoch  80 training error:  tensor(135.3315, grad_fn=<ToCopyBackward0>)
Memory status after this epoch: 
Memory allocated:  1.67138671875
Memory cached:  6.0
	 epoch  90 training error:  tensor(110.3071, grad_fn=<ToCopyBackward0>)
Memory status after this epoch: 
Memory allocated:  1.67138671875
Memory cached:  6.0
[I 2024-03-12 11:54:10,809] Trial 9 finished with value: 77.36930084228516 and parameters: {'log_learning_rate': -3.3740148384211133, 'log_learning_rate_D': -3.972424491900281, 'log_learning_rate_D_dagger': -2.680284136177319, 'training_batch_size': 9, 'training_p': 5, 'p_order_W': 2, 'p_order_D': 2, 'p_order_D_dagger': 4}. Best is trial 5 with value: 0.4071817994117737.
Time for this trial:  101.96224355697632
Memory status after this trial: 
Memory allocated:  3.201171875
Memory cached:  6.0
--------------------  Trial  10   --------------------
Start timing: 
Parameters: 
{'log_learning_rate': -4.7657754464270035, 'log_learning_rate_D': -4.737444155996021, 'log_learning_rate_D_dagger': -1.6462697122651107, 'training_batch_size': 7, 'training_p': 3, 'p_order_W': 4, 'p_order_D': 4, 'p_order_D_dagger': 4}

	 epoch  0 training error:  tensor(5840.6392, grad_fn=<ToCopyBackward0>)
Memory status after this epoch: 
Memory allocated:  1.84228515625
Memory cached:  4.0
	 epoch  10 training error:  tensor(238.0846, grad_fn=<ToCopyBackward0>)
Memory status after this epoch: 
Memory allocated:  1.84228515625
Memory cached:  6.0
[W 2024-03-12 11:55:11,901] Trial 10 failed with parameters: {'log_learning_rate': -4.7657754464270035, 'log_learning_rate_D': -4.737444155996021, 'log_learning_rate_D_dagger': -1.6462697122651107, 'training_batch_size': 7, 'training_p': 3, 'p_order_W': 4, 'p_order_D': 4, 'p_order_D_dagger': 4} because of the following error: The value nan is not acceptable.
[W 2024-03-12 11:55:11,901] Trial 10 failed with value tensor(nan, grad_fn=<ToCopyBackward0>).
Time for this trial:  60.86395597457886
Memory status after this trial: 
Memory allocated:  3.9375
Memory cached:  6.0
--------------------  Trial  11   --------------------
Start timing: 
Parameters: 
{'log_learning_rate': -2.5693623471217624, 'log_learning_rate_D': -2.5478206116423046, 'log_learning_rate_D_dagger': -4.502466456436638, 'training_batch_size': 10, 'training_p': 3, 'p_order_W': 2, 'p_order_D': 5, 'p_order_D_dagger': 2}

	 epoch  0 training error:  tensor(1.2452, grad_fn=<ToCopyBackward0>)
Memory status after this epoch: 
Memory allocated:  1.67138671875
Memory cached:  6.0
	 epoch  10 training error:  tensor(1.2234, grad_fn=<ToCopyBackward0>)
Memory status after this epoch: 
Memory allocated:  1.67138671875
Memory cached:  4.0
	 epoch  20 training error:  tensor(1.2026, grad_fn=<ToCopyBackward0>)
Memory status after this epoch: 
Memory allocated:  1.67138671875
Memory cached:  4.0
	 epoch  30 training error:  tensor(1.1830, grad_fn=<ToCopyBackward0>)
Memory status after this epoch: 
Memory allocated:  1.67138671875
Memory cached:  4.0
	 epoch  40 training error:  tensor(1.1645, grad_fn=<ToCopyBackward0>)
Memory status after this epoch: 
Memory allocated:  1.67138671875
Memory cached:  4.0
	 epoch  50 training error:  tensor(1.1473, grad_fn=<ToCopyBackward0>)
Memory status after this epoch: 
Memory allocated:  1.67138671875
Memory cached:  4.0
	 epoch  60 training error:  tensor(1.1313, grad_fn=<ToCopyBackward0>)
Memory status after this epoch: 
Memory allocated:  1.67138671875
Memory cached:  4.0
	 epoch  70 training error:  tensor(1.1164, grad_fn=<ToCopyBackward0>)
Memory status after this epoch: 
Memory allocated:  1.67138671875
Memory cached:  4.0
	 epoch  80 training error:  tensor(1.1027, grad_fn=<ToCopyBackward0>)
Memory status after this epoch: 
Memory allocated:  1.67138671875
Memory cached:  4.0
	 epoch  90 training error:  tensor(1.0901, grad_fn=<ToCopyBackward0>)
Memory status after this epoch: 
Memory allocated:  1.67138671875
Memory cached:  4.0
