[I 2023-12-07 05:05:19,192] Trial 72 finished with value: 0.3330605924129486 and parameters: {'W_layers': 8, 'W_layer_units_exponent_0': 10, 'W_layer_units_exponent_1': 7, 'W_layer_units_exponent_2': 6, 'W_layer_units_exponent_3': 5, 'W_layer_units_exponent_4': 8, 'W_layer_units_exponent_5': 8, 'W_layer_units_exponent_6': 6, 'W_layer_units_exponent_7': 7, 'D_layers': 3, 'D_layer_units_exponent_0': 8, 'D_layer_units_exponent_1': 5, 'D_layer_units_exponent_2': 5, 'D_dagger_layers': 2, 'D_dagger_layer_units_exponent_0': 10, 'D_dagger_layer_units_exponent_1': 7, 'log_learning_rate': -4.337691092355269, 'log_learning_rate_D': -2.8704867817390336, 'log_learning_rate_D_dagger': -2.4939328093767843, 'training_batch_size': 9, 'training_p': 2}. Best is trial 25 with value: 0.33126506209373474.
Time for this trial:  18.736900568008423
Memory status after this trial: 
Memory allocated:  329.87255859375
Memory cached:  364.0
--------------------  Trial  73   --------------------
Start timing: 
Parameters: 
{'W_layers': 8, 'W_layer_units_exponent_0': 10, 'W_layer_units_exponent_1': 7, 'W_layer_units_exponent_2': 7, 'W_layer_units_exponent_3': 5, 'W_layer_units_exponent_4': 8, 'W_layer_units_exponent_5': 8, 'W_layer_units_exponent_6': 6, 'W_layer_units_exponent_7': 6, 'D_layers': 3, 'D_layer_units_exponent_0': 9, 'D_layer_units_exponent_1': 6, 'D_layer_units_exponent_2': 5, 'D_dagger_layers': 2, 'D_dagger_layer_units_exponent_0': 10, 'D_dagger_layer_units_exponent_1': 7, 'log_learning_rate': -4.355412648516718, 'log_learning_rate_D': -2.880370226535368, 'log_learning_rate_D_dagger': -2.58717325746026, 'training_batch_size': 9, 'training_p': 2}
	 epoch  0 training error:  tensor(0.9824, device='cuda:0', grad_fn=<DivBackward0>)
Memory status after this epoch: 
Memory allocated:  166.75537109375
Memory cached:  294.0
	 epoch  10 training error:  tensor(0.9069, device='cuda:0', grad_fn=<DivBackward0>)
Memory status after this epoch: 
Memory allocated:  166.75537109375
Memory cached:  294.0
	 epoch  20 training error:  tensor(0.5110, device='cuda:0', grad_fn=<DivBackward0>)
Memory status after this epoch: 
Memory allocated:  166.75537109375
Memory cached:  294.0
	 epoch  30 training error:  tensor(0.4162, device='cuda:0', grad_fn=<DivBackward0>)
Memory status after this epoch: 
Memory allocated:  166.75537109375
Memory cached:  294.0
	 epoch  40 training error:  tensor(0.3735, device='cuda:0', grad_fn=<DivBackward0>)
Memory status after this epoch: 
Memory allocated:  166.75537109375
Memory cached:  294.0
	 epoch  50 training error:  tensor(0.3658, device='cuda:0', grad_fn=<DivBackward0>)
Memory status after this epoch: 
Memory allocated:  166.75537109375
Memory cached:  294.0
	 epoch  60 training error:  tensor(0.3574, device='cuda:0', grad_fn=<DivBackward0>)
Memory status after this epoch: 
Memory allocated:  166.75537109375
Memory cached:  294.0
	 epoch  70 training error:  tensor(0.3525, device='cuda:0', grad_fn=<DivBackward0>)
Memory status after this epoch: 
Memory allocated:  166.75537109375
Memory cached:  294.0
	 epoch  80 training error:  tensor(0.3492, device='cuda:0', grad_fn=<DivBackward0>)
Memory status after this epoch: 
Memory allocated:  166.75537109375
Memory cached:  294.0
	 epoch  90 training error:  tensor(0.3470, device='cuda:0', grad_fn=<DivBackward0>)
Memory status after this epoch: 
Memory allocated:  166.75537109375
Memory cached:  294.0
[I 2023-12-07 05:05:38,102] Trial 73 finished with value: 0.33742085099220276 and parameters: {'W_layers': 8, 'W_layer_units_exponent_0': 10, 'W_layer_units_exponent_1': 7, 'W_layer_units_exponent_2': 7, 'W_layer_units_exponent_3': 5, 'W_layer_units_exponent_4': 8, 'W_layer_units_exponent_5': 8, 'W_layer_units_exponent_6': 6, 'W_layer_units_exponent_7': 6, 'D_layers': 3, 'D_layer_units_exponent_0': 9, 'D_layer_units_exponent_1': 6, 'D_layer_units_exponent_2': 5, 'D_dagger_layers': 2, 'D_dagger_layer_units_exponent_0': 10, 'D_dagger_layer_units_exponent_1': 7, 'log_learning_rate': -4.355412648516718, 'log_learning_rate_D': -2.880370226535368, 'log_learning_rate_D_dagger': -2.58717325746026, 'training_batch_size': 9, 'training_p': 2}. Best is trial 25 with value: 0.33126506209373474.
Time for this trial:  18.701303482055664
Memory status after this trial: 
Memory allocated:  330.40771484375
Memory cached:  364.0
--------------------  Trial  74   --------------------
Start timing: 
Parameters: 
{'W_layers': 8, 'W_layer_units_exponent_0': 7, 'W_layer_units_exponent_1': 7, 'W_layer_units_exponent_2': 6, 'W_layer_units_exponent_3': 6, 'W_layer_units_exponent_4': 9, 'W_layer_units_exponent_5': 7, 'W_layer_units_exponent_6': 7, 'W_layer_units_exponent_7': 7, 'D_layers': 2, 'D_layer_units_exponent_0': 9, 'D_layer_units_exponent_1': 5, 'D_dagger_layers': 4, 'D_dagger_layer_units_exponent_0': 10, 'D_dagger_layer_units_exponent_1': 6, 'D_dagger_layer_units_exponent_2': 9, 'D_dagger_layer_units_exponent_3': 4, 'log_learning_rate': -3.9709399191402683, 'log_learning_rate_D': -3.1866403269410752, 'log_learning_rate_D_dagger': -2.904734150190245, 'training_batch_size': 8, 'training_p': 2}
	 epoch  0 training error:  tensor(0.9128, device='cuda:0', grad_fn=<DivBackward0>)
Memory status after this epoch: 
Memory allocated:  164.9814453125
Memory cached:  294.0
	 epoch  10 training error:  tensor(0.4246, device='cuda:0', grad_fn=<DivBackward0>)
Memory status after this epoch: 
Memory allocated:  164.9814453125
Memory cached:  294.0
	 epoch  20 training error:  tensor(0.3764, device='cuda:0', grad_fn=<DivBackward0>)
Memory status after this epoch: 
Memory allocated:  164.9814453125
Memory cached:  294.0
	 epoch  30 training error:  tensor(0.3573, device='cuda:0', grad_fn=<DivBackward0>)
Memory status after this epoch: 
Memory allocated:  164.9814453125
Memory cached:  294.0
	 epoch  40 training error:  tensor(0.3494, device='cuda:0', grad_fn=<DivBackward0>)
Memory status after this epoch: 
Memory allocated:  164.9814453125
Memory cached:  294.0
	 epoch  50 training error:  tensor(0.3448, device='cuda:0', grad_fn=<DivBackward0>)
Memory status after this epoch: 
Memory allocated:  164.9814453125
Memory cached:  294.0
	 epoch  60 training error:  tensor(0.3416, device='cuda:0', grad_fn=<DivBackward0>)
Memory status after this epoch: 
Memory allocated:  164.9814453125
Memory cached:  294.0
	 epoch  70 training error:  tensor(0.3422, device='cuda:0', grad_fn=<DivBackward0>)
Memory status after this epoch: 
Memory allocated:  164.9814453125
Memory cached:  294.0
	 epoch  80 training error:  tensor(0.3417, device='cuda:0', grad_fn=<DivBackward0>)
Memory status after this epoch: 
Memory allocated:  164.9814453125
Memory cached:  294.0
	 epoch  90 training error:  tensor(0.3411, device='cuda:0', grad_fn=<DivBackward0>)
Memory status after this epoch: 
Memory allocated:  164.9814453125
Memory cached:  294.0
[I 2023-12-07 05:05:57,343] Trial 74 finished with value: 0.3329605758190155 and parameters: {'W_layers': 8, 'W_layer_units_exponent_0': 7, 'W_layer_units_exponent_1': 7, 'W_layer_units_exponent_2': 6, 'W_layer_units_exponent_3': 6, 'W_layer_units_exponent_4': 9, 'W_layer_units_exponent_5': 7, 'W_layer_units_exponent_6': 7, 'W_layer_units_exponent_7': 7, 'D_layers': 2, 'D_layer_units_exponent_0': 9, 'D_layer_units_exponent_1': 5, 'D_dagger_layers': 4, 'D_dagger_layer_units_exponent_0': 10, 'D_dagger_layer_units_exponent_1': 6, 'D_dagger_layer_units_exponent_2': 9, 'D_dagger_layer_units_exponent_3': 4, 'log_learning_rate': -3.9709399191402683, 'log_learning_rate_D': -3.1866403269410752, 'log_learning_rate_D_dagger': -2.904734150190245, 'training_batch_size': 8, 'training_p': 2}. Best is trial 25 with value: 0.33126506209373474.
Time for this trial:  19.029930353164673
Memory status after this trial: 
Memory allocated:  318.01708984375
Memory cached:  344.0
--------------------  Trial  75   --------------------
Start timing: 
Parameters: 
{'W_layers': 8, 'W_layer_units_exponent_0': 7, 'W_layer_units_exponent_1': 6, 'W_layer_units_exponent_2': 8, 'W_layer_units_exponent_3': 6, 'W_layer_units_exponent_4': 9, 'W_layer_units_exponent_5': 7, 'W_layer_units_exponent_6': 5, 'W_layer_units_exponent_7': 7, 'D_layers': 2, 'D_layer_units_exponent_0': 7, 'D_layer_units_exponent_1': 4, 'D_dagger_layers': 4, 'D_dagger_layer_units_exponent_0': 9, 'D_dagger_layer_units_exponent_1': 6, 'D_dagger_layer_units_exponent_2': 10, 'D_dagger_layer_units_exponent_3': 4, 'log_learning_rate': -3.989472161139397, 'log_learning_rate_D': -2.708143796397849, 'log_learning_rate_D_dagger': -2.89575265486269, 'training_batch_size': 10, 'training_p': 3}
	 epoch  0 training error:  tensor(0.9571, device='cuda:0', grad_fn=<DivBackward0>)
Memory status after this epoch: 
Memory allocated:  164.85693359375
Memory cached:  294.0
	 epoch  10 training error:  tensor(0.4599, device='cuda:0', grad_fn=<DivBackward0>)
Memory status after this epoch: 
Memory allocated:  164.85693359375
Memory cached:  294.0
	 epoch  20 training error:  tensor(0.3990, device='cuda:0', grad_fn=<DivBackward0>)
Memory status after this epoch: 
Memory allocated:  164.85693359375
Memory cached:  294.0
	 epoch  30 training error:  tensor(0.3789, device='cuda:0', grad_fn=<DivBackward0>)
Memory status after this epoch: 
Memory allocated:  164.85693359375
Memory cached:  294.0
	 epoch  40 training error:  tensor(0.3729, device='cuda:0', grad_fn=<DivBackward0>)
Memory status after this epoch: 
Memory allocated:  164.85693359375
Memory cached:  294.0
	 epoch  50 training error:  tensor(0.3668, device='cuda:0', grad_fn=<DivBackward0>)
Memory status after this epoch: 
Memory allocated:  164.85693359375
Memory cached:  294.0
	 epoch  60 training error:  tensor(0.3607, device='cuda:0', grad_fn=<DivBackward0>)
Memory status after this epoch: 
Memory allocated:  164.85693359375
Memory cached:  294.0
	 epoch  70 training error:  tensor(0.3578, device='cuda:0', grad_fn=<DivBackward0>)
Memory status after this epoch: 
Memory allocated:  164.85693359375
Memory cached:  294.0
	 epoch  80 training error:  tensor(0.3635, device='cuda:0', grad_fn=<DivBackward0>)
Memory status after this epoch: 
Memory allocated:  164.85693359375
Memory cached:  294.0
	 epoch  90 training error:  tensor(0.3552, device='cuda:0', grad_fn=<DivBackward0>)
Memory status after this epoch: 
Memory allocated:  164.85693359375
Memory cached:  294.0
[I 2023-12-07 05:06:17,059] Trial 75 finished with value: 0.33379146456718445 and parameters: {'W_layers': 8, 'W_layer_units_exponent_0': 7, 'W_layer_units_exponent_1': 6, 'W_layer_units_exponent_2': 8, 'W_layer_units_exponent_3': 6, 'W_layer_units_exponent_4': 9, 'W_layer_units_exponent_5': 7, 'W_layer_units_exponent_6': 5, 'W_layer_units_exponent_7': 7, 'D_layers': 2, 'D_layer_units_exponent_0': 7, 'D_layer_units_exponent_1': 4, 'D_dagger_layers': 4, 'D_dagger_layer_units_exponent_0': 9, 'D_dagger_layer_units_exponent_1': 6, 'D_dagger_layer_units_exponent_2': 10, 'D_dagger_layer_units_exponent_3': 4, 'log_learning_rate': -3.989472161139397, 'log_learning_rate_D': -2.708143796397849, 'log_learning_rate_D_dagger': -2.89575265486269, 'training_batch_size': 10, 'training_p': 3}. Best is trial 25 with value: 0.33126506209373474.
Time for this trial:  19.503183841705322
Memory status after this trial: 
Memory allocated:  321.37939453125
Memory cached:  326.0
--------------------  Trial  76   --------------------
Start timing: 
Parameters: 
{'W_layers': 7, 'W_layer_units_exponent_0': 6, 'W_layer_units_exponent_1': 7, 'W_layer_units_exponent_2': 5, 'W_layer_units_exponent_3': 6, 'W_layer_units_exponent_4': 9, 'W_layer_units_exponent_5': 6, 'W_layer_units_exponent_6': 7, 'D_layers': 2, 'D_layer_units_exponent_0': 8, 'D_layer_units_exponent_1': 4, 'D_dagger_layers': 3, 'D_dagger_layer_units_exponent_0': 10, 'D_dagger_layer_units_exponent_1': 6, 'D_dagger_layer_units_exponent_2': 10, 'log_learning_rate': -4.455324285195721, 'log_learning_rate_D': -3.0995359458245964, 'log_learning_rate_D_dagger': -3.0909631940574744, 'training_batch_size': 9, 'training_p': 2}
	 epoch  0 training error:  tensor(0.8094, device='cuda:0', grad_fn=<DivBackward0>)
Memory status after this epoch: 
Memory allocated:  164.232421875
Memory cached:  294.0
	 epoch  10 training error:  tensor(0.4099, device='cuda:0', grad_fn=<DivBackward0>)
Memory status after this epoch: 
Memory allocated:  164.232421875
Memory cached:  294.0
	 epoch  20 training error:  tensor(0.4051, device='cuda:0', grad_fn=<DivBackward0>)
Memory status after this epoch: 
Memory allocated:  164.232421875
Memory cached:  294.0
	 epoch  30 training error:  tensor(0.3705, device='cuda:0', grad_fn=<DivBackward0>)
Memory status after this epoch: 
Memory allocated:  164.232421875
Memory cached:  294.0
	 epoch  40 training error:  tensor(0.3619, device='cuda:0', grad_fn=<DivBackward0>)
Memory status after this epoch: 
Memory allocated:  164.232421875
Memory cached:  294.0
	 epoch  50 training error:  tensor(0.3559, device='cuda:0', grad_fn=<DivBackward0>)
Memory status after this epoch: 
Memory allocated:  164.232421875
Memory cached:  294.0
	 epoch  60 training error:  tensor(0.3503, device='cuda:0', grad_fn=<DivBackward0>)
Memory status after this epoch: 
Memory allocated:  164.232421875
Memory cached:  294.0
	 epoch  70 training error:  tensor(0.3458, device='cuda:0', grad_fn=<DivBackward0>)
Memory status after this epoch: 
Memory allocated:  164.232421875
Memory cached:  294.0
	 epoch  80 training error:  tensor(0.3434, device='cuda:0', grad_fn=<DivBackward0>)
Memory status after this epoch: 
Memory allocated:  164.232421875
Memory cached:  294.0
	 epoch  90 training error:  tensor(0.3456, device='cuda:0', grad_fn=<DivBackward0>)
Memory status after this epoch: 
Memory allocated:  164.232421875
Memory cached:  294.0
[I 2023-12-07 05:06:35,549] Trial 76 finished with value: 0.3335847854614258 and parameters: {'W_layers': 7, 'W_layer_units_exponent_0': 6, 'W_layer_units_exponent_1': 7, 'W_layer_units_exponent_2': 5, 'W_layer_units_exponent_3': 6, 'W_layer_units_exponent_4': 9, 'W_layer_units_exponent_5': 6, 'W_layer_units_exponent_6': 7, 'D_layers': 2, 'D_layer_units_exponent_0': 8, 'D_layer_units_exponent_1': 4, 'D_dagger_layers': 3, 'D_dagger_layer_units_exponent_0': 10, 'D_dagger_layer_units_exponent_1': 6, 'D_dagger_layer_units_exponent_2': 10, 'log_learning_rate': -4.455324285195721, 'log_learning_rate_D': -3.0995359458245964, 'log_learning_rate_D_dagger': -3.0909631940574744, 'training_batch_size': 9, 'training_p': 2}. Best is trial 25 with value: 0.33126506209373474.
Time for this trial:  18.30239772796631
Memory status after this trial: 
Memory allocated:  321.45947265625
Memory cached:  362.0
--------------------  Trial  77   --------------------
Start timing: 
Parameters: 
{'W_layers': 3, 'W_layer_units_exponent_0': 6, 'W_layer_units_exponent_1': 7, 'W_layer_units_exponent_2': 6, 'D_layers': 3, 'D_layer_units_exponent_0': 8, 'D_layer_units_exponent_1': 5, 'D_layer_units_exponent_2': 6, 'D_dagger_layers': 4, 'D_dagger_layer_units_exponent_0': 9, 'D_dagger_layer_units_exponent_1': 6, 'D_dagger_layer_units_exponent_2': 10, 'D_dagger_layer_units_exponent_3': 4, 'log_learning_rate': -4.873651789439257, 'log_learning_rate_D': -3.599183035687393, 'log_learning_rate_D_dagger': -2.9444747391376067, 'training_batch_size': 7, 'training_p': 3}
	 epoch  0 training error:  tensor(1.3435, device='cuda:0', grad_fn=<DivBackward0>)
Memory status after this epoch: 
Memory allocated:  162.87158203125
Memory cached:  294.0
	 epoch  10 training error:  tensor(0.5243, device='cuda:0', grad_fn=<DivBackward0>)
Memory status after this epoch: 
Memory allocated:  162.87158203125
Memory cached:  294.0
	 epoch  20 training error:  tensor(0.4341, device='cuda:0', grad_fn=<DivBackward0>)
Memory status after this epoch: 
Memory allocated:  162.87158203125
Memory cached:  294.0
	 epoch  30 training error:  tensor(0.3893, device='cuda:0', grad_fn=<DivBackward0>)
Memory status after this epoch: 
Memory allocated:  162.87158203125
Memory cached:  294.0
	 epoch  40 training error:  tensor(0.3787, device='cuda:0', grad_fn=<DivBackward0>)
Memory status after this epoch: 
Memory allocated:  162.87158203125
Memory cached:  294.0
	 epoch  50 training error:  tensor(0.3723, device='cuda:0', grad_fn=<DivBackward0>)
Memory status after this epoch: 
Memory allocated:  162.87158203125
Memory cached:  294.0
	 epoch  60 training error:  tensor(0.3658, device='cuda:0', grad_fn=<DivBackward0>)
Memory status after this epoch: 
Memory allocated:  162.87158203125
Memory cached:  294.0
	 epoch  70 training error:  tensor(0.3620, device='cuda:0', grad_fn=<DivBackward0>)
Memory status after this epoch: 
Memory allocated:  162.87158203125
Memory cached:  294.0
	 epoch  80 training error:  tensor(0.3580, device='cuda:0', grad_fn=<DivBackward0>)
Memory status after this epoch: 
Memory allocated:  162.87158203125
Memory cached:  294.0
	 epoch  90 training error:  tensor(0.3582, device='cuda:0', grad_fn=<DivBackward0>)
Memory status after this epoch: 
Memory allocated:  162.87158203125
Memory cached:  294.0
[I 2023-12-07 05:06:53,216] Trial 77 finished with value: 0.3334476351737976 and parameters: {'W_layers': 3, 'W_layer_units_exponent_0': 6, 'W_layer_units_exponent_1': 7, 'W_layer_units_exponent_2': 6, 'D_layers': 3, 'D_layer_units_exponent_0': 8, 'D_layer_units_exponent_1': 5, 'D_layer_units_exponent_2': 6, 'D_dagger_layers': 4, 'D_dagger_layer_units_exponent_0': 9, 'D_dagger_layer_units_exponent_1': 6, 'D_dagger_layer_units_exponent_2': 10, 'D_dagger_layer_units_exponent_3': 4, 'log_learning_rate': -4.873651789439257, 'log_learning_rate_D': -3.599183035687393, 'log_learning_rate_D_dagger': -2.9444747391376067, 'training_batch_size': 7, 'training_p': 3}. Best is trial 25 with value: 0.33126506209373474.
Time for this trial:  17.473512172698975
Memory status after this trial: 
Memory allocated:  262.77490234375
Memory cached:  294.0
--------------------  Trial  78   --------------------
Start timing: 
Parameters: 
{'W_layers': 4, 'W_layer_units_exponent_0': 7, 'W_layer_units_exponent_1': 7, 'W_layer_units_exponent_2': 5, 'W_layer_units_exponent_3': 8, 'D_layers': 2, 'D_layer_units_exponent_0': 9, 'D_layer_units_exponent_1': 7, 'D_dagger_layers': 2, 'D_dagger_layer_units_exponent_0': 8, 'D_dagger_layer_units_exponent_1': 5, 'log_learning_rate': -4.635643113392466, 'log_learning_rate_D': -2.6016414790313607, 'log_learning_rate_D_dagger': -2.7650895431576936, 'training_batch_size': 8, 'training_p': 2}
	 epoch  0 training error:  tensor(1.4021, device='cuda:0', grad_fn=<DivBackward0>)
Memory status after this epoch: 
Memory allocated:  161.6259765625
Memory cached:  294.0
	 epoch  10 training error:  tensor(0.5626, device='cuda:0', grad_fn=<DivBackward0>)
Memory status after this epoch: 
Memory allocated:  161.6259765625
Memory cached:  294.0
	 epoch  20 training error:  tensor(0.4243, device='cuda:0', grad_fn=<DivBackward0>)
Memory status after this epoch: 
Memory allocated:  161.6259765625
Memory cached:  294.0
	 epoch  30 training error:  tensor(0.3864, device='cuda:0', grad_fn=<DivBackward0>)
Memory status after this epoch: 
Memory allocated:  161.6259765625
Memory cached:  294.0
	 epoch  40 training error:  tensor(0.3797, device='cuda:0', grad_fn=<DivBackward0>)
Memory status after this epoch: 
Memory allocated:  161.6259765625
Memory cached:  294.0
	 epoch  50 training error:  tensor(0.3720, device='cuda:0', grad_fn=<DivBackward0>)
Memory status after this epoch: 
Memory allocated:  161.6259765625
Memory cached:  294.0
	 epoch  60 training error:  tensor(0.3654, device='cuda:0', grad_fn=<DivBackward0>)
Memory status after this epoch: 
Memory allocated:  161.6259765625
Memory cached:  294.0
	 epoch  70 training error:  tensor(0.3609, device='cuda:0', grad_fn=<DivBackward0>)
Memory status after this epoch: 
Memory allocated:  161.6259765625
Memory cached:  294.0
	 epoch  80 training error:  tensor(0.3573, device='cuda:0', grad_fn=<DivBackward0>)
Memory status after this epoch: 
Memory allocated:  161.6259765625
Memory cached:  294.0
	 epoch  90 training error:  tensor(0.3547, device='cuda:0', grad_fn=<DivBackward0>)
Memory status after this epoch: 
Memory allocated:  161.6259765625
Memory cached:  294.0
