[I 2024-01-11 00:11:23,994] Trial 95 finished with value: 0.13941077888011932 and parameters: {'W_layers': 3, 'W_layer_units_exponent_0': 8, 'W_layer_units_exponent_1': 4, 'W_layer_units_exponent_2': 5, 'D_layers': 4, 'D_layer_units_exponent_0': 10, 'D_layer_units_exponent_1': 8, 'D_layer_units_exponent_2': 6, 'D_layer_units_exponent_3': 4, 'D_dagger_layers': 4, 'D_dagger_layer_units_exponent_0': 10, 'D_dagger_layer_units_exponent_1': 5, 'D_dagger_layer_units_exponent_2': 6, 'D_dagger_layer_units_exponent_3': 8, 'log_learning_rate': -3.9337122088556726, 'log_learning_rate_D': -2.839818477777141, 'log_learning_rate_D_dagger': -2.5943798577928954, 'training_batch_size': 6, 'training_p': 5}. Best is trial 52 with value: 0.08483626693487167.
Time for this trial:  420.77962279319763
Memory status after this trial: 
Memory allocated:  671.736328125
Memory cached:  676.0
--------------------  Trial  96   --------------------
Start timing: 
Parameters: 
{'W_layers': 3, 'W_layer_units_exponent_0': 8, 'W_layer_units_exponent_1': 4, 'W_layer_units_exponent_2': 5, 'D_layers': 4, 'D_layer_units_exponent_0': 9, 'D_layer_units_exponent_1': 9, 'D_layer_units_exponent_2': 9, 'D_layer_units_exponent_3': 5, 'D_dagger_layers': 4, 'D_dagger_layer_units_exponent_0': 10, 'D_dagger_layer_units_exponent_1': 6, 'D_dagger_layer_units_exponent_2': 4, 'D_dagger_layer_units_exponent_3': 7, 'log_learning_rate': -4.024835850115044, 'log_learning_rate_D': -2.9263991750710687, 'log_learning_rate_D_dagger': -2.8874786672699124, 'training_batch_size': 7, 'training_p': 4}
	 epoch  0 training error:  tensor(0.9104, device='cuda:0', grad_fn=<DivBackward0>)
Memory status after this epoch: 
Memory allocated:  359.58203125
Memory cached:  638.0
	 epoch  10 training error:  tensor(0.3094, device='cuda:0', grad_fn=<DivBackward0>)
Memory status after this epoch: 
Memory allocated:  359.58203125
Memory cached:  642.0
	 epoch  20 training error:  tensor(0.2861, device='cuda:0', grad_fn=<DivBackward0>)
Memory status after this epoch: 
Memory allocated:  359.58203125
Memory cached:  642.0
	 epoch  30 training error:  tensor(0.2730, device='cuda:0', grad_fn=<DivBackward0>)
Memory status after this epoch: 
Memory allocated:  359.58203125
Memory cached:  648.0
	 epoch  40 training error:  tensor(0.2529, device='cuda:0', grad_fn=<DivBackward0>)
Memory status after this epoch: 
Memory allocated:  359.58203125
Memory cached:  644.0
	 epoch  50 training error:  tensor(0.3123, device='cuda:0', grad_fn=<DivBackward0>)
Memory status after this epoch: 
Memory allocated:  359.58203125
Memory cached:  644.0
	 epoch  60 training error:  tensor(0.2845, device='cuda:0', grad_fn=<DivBackward0>)
Memory status after this epoch: 
Memory allocated:  359.58203125
Memory cached:  642.0
	 epoch  70 training error:  tensor(0.2686, device='cuda:0', grad_fn=<DivBackward0>)
Memory status after this epoch: 
Memory allocated:  359.58203125
Memory cached:  644.0
	 epoch  80 training error:  tensor(0.2656, device='cuda:0', grad_fn=<DivBackward0>)
Memory status after this epoch: 
Memory allocated:  359.58203125
Memory cached:  646.0
	 epoch  90 training error:  tensor(0.2677, device='cuda:0', grad_fn=<DivBackward0>)
Memory status after this epoch: 
Memory allocated:  359.58203125
Memory cached:  640.0
[I 2024-01-11 00:16:33,293] Trial 96 finished with value: 0.23004770278930664 and parameters: {'W_layers': 3, 'W_layer_units_exponent_0': 8, 'W_layer_units_exponent_1': 4, 'W_layer_units_exponent_2': 5, 'D_layers': 4, 'D_layer_units_exponent_0': 9, 'D_layer_units_exponent_1': 9, 'D_layer_units_exponent_2': 9, 'D_layer_units_exponent_3': 5, 'D_dagger_layers': 4, 'D_dagger_layer_units_exponent_0': 10, 'D_dagger_layer_units_exponent_1': 6, 'D_dagger_layer_units_exponent_2': 4, 'D_dagger_layer_units_exponent_3': 7, 'log_learning_rate': -4.024835850115044, 'log_learning_rate_D': -2.9263991750710687, 'log_learning_rate_D_dagger': -2.8874786672699124, 'training_batch_size': 7, 'training_p': 4}. Best is trial 52 with value: 0.08483626693487167.
Time for this trial:  308.91163063049316
Memory status after this trial: 
Memory allocated:  682.1318359375
Memory cached:  688.0
--------------------  Trial  97   --------------------
Start timing: 
Parameters: 
{'W_layers': 3, 'W_layer_units_exponent_0': 8, 'W_layer_units_exponent_1': 4, 'W_layer_units_exponent_2': 6, 'D_layers': 5, 'D_layer_units_exponent_0': 10, 'D_layer_units_exponent_1': 7, 'D_layer_units_exponent_2': 6, 'D_layer_units_exponent_3': 4, 'D_layer_units_exponent_4': 9, 'D_dagger_layers': 4, 'D_dagger_layer_units_exponent_0': 9, 'D_dagger_layer_units_exponent_1': 5, 'D_dagger_layer_units_exponent_2': 5, 'D_dagger_layer_units_exponent_3': 10, 'log_learning_rate': -3.4416878459772517, 'log_learning_rate_D': -3.0824821166282197, 'log_learning_rate_D_dagger': -3.014751162455404, 'training_batch_size': 6, 'training_p': 4}
	 epoch  0 training error:  tensor(0.8882, device='cuda:0', grad_fn=<DivBackward0>)
Memory status after this epoch: 
Memory allocated:  353.3955078125
Memory cached:  638.0
	 epoch  10 training error:  tensor(0.3016, device='cuda:0', grad_fn=<DivBackward0>)
Memory status after this epoch: 
Memory allocated:  353.3955078125
Memory cached:  638.0
	 epoch  20 training error:  tensor(0.3111, device='cuda:0', grad_fn=<DivBackward0>)
Memory status after this epoch: 
Memory allocated:  353.3955078125
Memory cached:  638.0
	 epoch  30 training error:  tensor(0.2941, device='cuda:0', grad_fn=<DivBackward0>)
Memory status after this epoch: 
Memory allocated:  353.3955078125
Memory cached:  638.0
	 epoch  40 training error:  tensor(0.2803, device='cuda:0', grad_fn=<DivBackward0>)
Memory status after this epoch: 
Memory allocated:  353.3955078125
Memory cached:  638.0
	 epoch  50 training error:  tensor(0.2614, device='cuda:0', grad_fn=<DivBackward0>)
Memory status after this epoch: 
Memory allocated:  353.3955078125
Memory cached:  638.0
	 epoch  60 training error:  tensor(0.2350, device='cuda:0', grad_fn=<DivBackward0>)
Memory status after this epoch: 
Memory allocated:  353.3955078125
Memory cached:  638.0
	 epoch  70 training error:  tensor(0.1941, device='cuda:0', grad_fn=<DivBackward0>)
Memory status after this epoch: 
Memory allocated:  353.3955078125
Memory cached:  638.0
	 epoch  80 training error:  tensor(0.1814, device='cuda:0', grad_fn=<DivBackward0>)
Memory status after this epoch: 
Memory allocated:  353.3955078125
Memory cached:  638.0
	 epoch  90 training error:  tensor(0.2418, device='cuda:0', grad_fn=<DivBackward0>)
Memory status after this epoch: 
Memory allocated:  353.3955078125
Memory cached:  638.0
[I 2024-01-11 00:23:59,392] Trial 97 finished with value: 0.17693130671977997 and parameters: {'W_layers': 3, 'W_layer_units_exponent_0': 8, 'W_layer_units_exponent_1': 4, 'W_layer_units_exponent_2': 6, 'D_layers': 5, 'D_layer_units_exponent_0': 10, 'D_layer_units_exponent_1': 7, 'D_layer_units_exponent_2': 6, 'D_layer_units_exponent_3': 4, 'D_layer_units_exponent_4': 9, 'D_dagger_layers': 4, 'D_dagger_layer_units_exponent_0': 9, 'D_dagger_layer_units_exponent_1': 5, 'D_dagger_layer_units_exponent_2': 5, 'D_dagger_layer_units_exponent_3': 10, 'log_learning_rate': -3.4416878459772517, 'log_learning_rate_D': -3.0824821166282197, 'log_learning_rate_D_dagger': -3.014751162455404, 'training_batch_size': 6, 'training_p': 4}. Best is trial 52 with value: 0.08483626693487167.
Time for this trial:  445.6424877643585
Memory status after this trial: 
Memory allocated:  718.98779296875
Memory cached:  722.0
--------------------  Trial  98   --------------------
Start timing: 
Parameters: 
{'W_layers': 2, 'W_layer_units_exponent_0': 8, 'W_layer_units_exponent_1': 4, 'D_layers': 3, 'D_layer_units_exponent_0': 10, 'D_layer_units_exponent_1': 8, 'D_layer_units_exponent_2': 7, 'D_dagger_layers': 2, 'D_dagger_layer_units_exponent_0': 10, 'D_dagger_layer_units_exponent_1': 6, 'log_learning_rate': -3.7744818115936583, 'log_learning_rate_D': -3.2292966537114434, 'log_learning_rate_D_dagger': -2.7962982679345982, 'training_batch_size': 6, 'training_p': 4}
	 epoch  0 training error:  tensor(1.1448, device='cuda:0', grad_fn=<DivBackward0>)
Memory status after this epoch: 
Memory allocated:  355.8251953125
Memory cached:  636.0
	 epoch  10 training error:  tensor(0.3155, device='cuda:0', grad_fn=<DivBackward0>)
Memory status after this epoch: 
Memory allocated:  355.8251953125
Memory cached:  636.0
	 epoch  20 training error:  tensor(0.2963, device='cuda:0', grad_fn=<DivBackward0>)
Memory status after this epoch: 
Memory allocated:  355.8251953125
Memory cached:  636.0
	 epoch  30 training error:  tensor(0.2836, device='cuda:0', grad_fn=<DivBackward0>)
Memory status after this epoch: 
Memory allocated:  355.8251953125
Memory cached:  636.0
	 epoch  40 training error:  tensor(0.2740, device='cuda:0', grad_fn=<DivBackward0>)
Memory status after this epoch: 
Memory allocated:  355.8251953125
Memory cached:  636.0
	 epoch  50 training error:  tensor(0.2896, device='cuda:0', grad_fn=<DivBackward0>)
Memory status after this epoch: 
Memory allocated:  355.8251953125
Memory cached:  636.0
	 epoch  60 training error:  tensor(0.2925, device='cuda:0', grad_fn=<DivBackward0>)
Memory status after this epoch: 
Memory allocated:  355.8251953125
Memory cached:  636.0
	 epoch  70 training error:  tensor(0.3005, device='cuda:0', grad_fn=<DivBackward0>)
Memory status after this epoch: 
Memory allocated:  355.8251953125
Memory cached:  636.0
	 epoch  80 training error:  tensor(0.2193, device='cuda:0', grad_fn=<DivBackward0>)
Memory status after this epoch: 
Memory allocated:  355.8251953125
Memory cached:  636.0
	 epoch  90 training error:  tensor(0.1651, device='cuda:0', grad_fn=<DivBackward0>)
Memory status after this epoch: 
Memory allocated:  355.8251953125
Memory cached:  636.0
[I 2024-01-11 00:29:28,298] Trial 98 finished with value: 0.15958504378795624 and parameters: {'W_layers': 2, 'W_layer_units_exponent_0': 8, 'W_layer_units_exponent_1': 4, 'D_layers': 3, 'D_layer_units_exponent_0': 10, 'D_layer_units_exponent_1': 8, 'D_layer_units_exponent_2': 7, 'D_dagger_layers': 2, 'D_dagger_layer_units_exponent_0': 10, 'D_dagger_layer_units_exponent_1': 6, 'log_learning_rate': -3.7744818115936583, 'log_learning_rate_D': -3.2292966537114434, 'log_learning_rate_D_dagger': -2.7962982679345982, 'training_batch_size': 6, 'training_p': 4}. Best is trial 52 with value: 0.08483626693487167.
Time for this trial:  328.5360629558563
Memory status after this trial: 
Memory allocated:  644.3310546875
Memory cached:  648.0
--------------------  Trial  99   --------------------
Start timing: 
Parameters: 
{'W_layers': 3, 'W_layer_units_exponent_0': 9, 'W_layer_units_exponent_1': 10, 'W_layer_units_exponent_2': 5, 'D_layers': 4, 'D_layer_units_exponent_0': 9, 'D_layer_units_exponent_1': 10, 'D_layer_units_exponent_2': 6, 'D_layer_units_exponent_3': 5, 'D_dagger_layers': 2, 'D_dagger_layer_units_exponent_0': 10, 'D_dagger_layer_units_exponent_1': 6, 'log_learning_rate': -3.316538120281677, 'log_learning_rate_D': -2.5542754411929884, 'log_learning_rate_D_dagger': -2.534593773547951, 'training_batch_size': 7, 'training_p': 3}
	 epoch  0 training error:  tensor(1.8455, device='cuda:0', grad_fn=<DivBackward0>)
Memory status after this epoch: 
Memory allocated:  368.765625
Memory cached:  658.0
	 epoch  10 training error:  tensor(0.6346, device='cuda:0', grad_fn=<DivBackward0>)
Memory status after this epoch: 
Memory allocated:  368.765625
Memory cached:  658.0
	 epoch  20 training error:  tensor(0.6296, device='cuda:0', grad_fn=<DivBackward0>)
Memory status after this epoch: 
Memory allocated:  368.765625
Memory cached:  658.0
	 epoch  30 training error:  tensor(0.6020, device='cuda:0', grad_fn=<DivBackward0>)
Memory status after this epoch: 
Memory allocated:  368.765625
Memory cached:  658.0
	 epoch  40 training error:  tensor(0.4902, device='cuda:0', grad_fn=<DivBackward0>)
Memory status after this epoch: 
Memory allocated:  368.765625
Memory cached:  658.0
	 epoch  50 training error:  tensor(0.5337, device='cuda:0', grad_fn=<DivBackward0>)
Memory status after this epoch: 
Memory allocated:  368.765625
Memory cached:  658.0
	 epoch  60 training error:  tensor(2.4234, device='cuda:0', grad_fn=<DivBackward0>)
Memory status after this epoch: 
Memory allocated:  368.765625
Memory cached:  658.0
	 epoch  70 training error:  tensor(3.1700, device='cuda:0', grad_fn=<DivBackward0>)
Memory status after this epoch: 
Memory allocated:  368.765625
Memory cached:  658.0
	 epoch  80 training error:  tensor(3.2992, device='cuda:0', grad_fn=<DivBackward0>)
Memory status after this epoch: 
Memory allocated:  368.765625
Memory cached:  658.0
	 epoch  90 training error:  tensor(3.3154, device='cuda:0', grad_fn=<DivBackward0>)
Memory status after this epoch: 
Memory allocated:  368.765625
Memory cached:  658.0
[I 2024-01-11 00:34:17,941] Trial 99 finished with value: 2.6803886890411377 and parameters: {'W_layers': 3, 'W_layer_units_exponent_0': 9, 'W_layer_units_exponent_1': 10, 'W_layer_units_exponent_2': 5, 'D_layers': 4, 'D_layer_units_exponent_0': 9, 'D_layer_units_exponent_1': 10, 'D_layer_units_exponent_2': 6, 'D_layer_units_exponent_3': 5, 'D_dagger_layers': 2, 'D_dagger_layer_units_exponent_0': 10, 'D_dagger_layer_units_exponent_1': 6, 'log_learning_rate': -3.316538120281677, 'log_learning_rate_D': -2.5542754411929884, 'log_learning_rate_D_dagger': -2.534593773547951, 'training_batch_size': 7, 'training_p': 3}. Best is trial 52 with value: 0.08483626693487167.
Time for this trial:  289.315007686615
Memory status after this trial: 
Memory allocated:  814.0966796875
Memory cached:  830.0
--------------------  Trial  100   --------------------
Start timing: 
Parameters: 
{'W_layers': 3, 'W_layer_units_exponent_0': 7, 'W_layer_units_exponent_1': 4, 'W_layer_units_exponent_2': 6, 'D_layers': 5, 'D_layer_units_exponent_0': 10, 'D_layer_units_exponent_1': 7, 'D_layer_units_exponent_2': 7, 'D_layer_units_exponent_3': 4, 'D_layer_units_exponent_4': 4, 'D_dagger_layers': 4, 'D_dagger_layer_units_exponent_0': 9, 'D_dagger_layer_units_exponent_1': 5, 'D_dagger_layer_units_exponent_2': 6, 'D_dagger_layer_units_exponent_3': 7, 'log_learning_rate': -3.1801968072311197, 'log_learning_rate_D': -2.8855633538528433, 'log_learning_rate_D_dagger': -2.4280632940685107, 'training_batch_size': 6, 'training_p': 5}
	 epoch  0 training error:  tensor(0.7780, device='cuda:0', grad_fn=<DivBackward0>)
Memory status after this epoch: 
Memory allocated:  352.9814453125
Memory cached:  638.0
	 epoch  10 training error:  tensor(0.3329, device='cuda:0', grad_fn=<DivBackward0>)
Memory status after this epoch: 
Memory allocated:  352.9814453125
Memory cached:  638.0
	 epoch  20 training error:  tensor(0.3450, device='cuda:0', grad_fn=<DivBackward0>)
Memory status after this epoch: 
Memory allocated:  352.9814453125
Memory cached:  636.0
	 epoch  30 training error:  tensor(0.3249, device='cuda:0', grad_fn=<DivBackward0>)
Memory status after this epoch: 
Memory allocated:  352.9814453125
Memory cached:  636.0
	 epoch  40 training error:  tensor(0.3169, device='cuda:0', grad_fn=<DivBackward0>)
Memory status after this epoch: 
Memory allocated:  352.9814453125
Memory cached:  636.0
	 epoch  50 training error:  tensor(0.2215, device='cuda:0', grad_fn=<DivBackward0>)
Memory status after this epoch: 
Memory allocated:  352.9814453125
Memory cached:  636.0
	 epoch  60 training error:  tensor(0.2084, device='cuda:0', grad_fn=<DivBackward0>)
Memory status after this epoch: 
Memory allocated:  352.9814453125
Memory cached:  636.0
	 epoch  70 training error:  tensor(0.1890, device='cuda:0', grad_fn=<DivBackward0>)
Memory status after this epoch: 
Memory allocated:  352.9814453125
Memory cached:  636.0
	 epoch  80 training error:  tensor(0.1690, device='cuda:0', grad_fn=<DivBackward0>)
Memory status after this epoch: 
Memory allocated:  352.9814453125
Memory cached:  636.0
	 epoch  90 training error:  tensor(0.1699, device='cuda:0', grad_fn=<DivBackward0>)
Memory status after this epoch: 
Memory allocated:  352.9814453125
Memory cached:  636.0
[I 2024-01-11 00:41:31,618] Trial 100 finished with value: 0.11380276829004288 and parameters: {'W_layers': 3, 'W_layer_units_exponent_0': 7, 'W_layer_units_exponent_1': 4, 'W_layer_units_exponent_2': 6, 'D_layers': 5, 'D_layer_units_exponent_0': 10, 'D_layer_units_exponent_1': 7, 'D_layer_units_exponent_2': 7, 'D_layer_units_exponent_3': 4, 'D_layer_units_exponent_4': 4, 'D_dagger_layers': 4, 'D_dagger_layer_units_exponent_0': 9, 'D_dagger_layer_units_exponent_1': 5, 'D_dagger_layer_units_exponent_2': 6, 'D_dagger_layer_units_exponent_3': 7, 'log_learning_rate': -3.1801968072311197, 'log_learning_rate_D': -2.8855633538528433, 'log_learning_rate_D_dagger': -2.4280632940685107, 'training_batch_size': 6, 'training_p': 5}. Best is trial 52 with value: 0.08483626693487167.
Time for this trial:  433.27488017082214
Memory status after this trial: 
Memory allocated:  588.30712890625
Memory cached:  638.0
--------------------  Trial  101   --------------------
Start timing: 
Parameters: 
{'W_layers': 3, 'W_layer_units_exponent_0': 7, 'W_layer_units_exponent_1': 4, 'W_layer_units_exponent_2': 6, 'D_layers': 5, 'D_layer_units_exponent_0': 10, 'D_layer_units_exponent_1': 7, 'D_layer_units_exponent_2': 7, 'D_layer_units_exponent_3': 4, 'D_layer_units_exponent_4': 4, 'D_dagger_layers': 4, 'D_dagger_layer_units_exponent_0': 9, 'D_dagger_layer_units_exponent_1': 5, 'D_dagger_layer_units_exponent_2': 6, 'D_dagger_layer_units_exponent_3': 7, 'log_learning_rate': -3.1930765285129064, 'log_learning_rate_D': -2.7914865110341376, 'log_learning_rate_D_dagger': -2.4640199360838304, 'training_batch_size': 6, 'training_p': 4}
	 epoch  0 training error:  tensor(0.8859, device='cuda:0', grad_fn=<DivBackward0>)
Memory status after this epoch: 
Memory allocated:  352.9814453125
Memory cached:  638.0
	 epoch  10 training error:  tensor(0.3134, device='cuda:0', grad_fn=<DivBackward0>)
Memory status after this epoch: 
Memory allocated:  352.9814453125
Memory cached:  638.0
	 epoch  20 training error:  tensor(0.3050, device='cuda:0', grad_fn=<DivBackward0>)
Memory status after this epoch: 
Memory allocated:  352.9814453125
Memory cached:  636.0
	 epoch  30 training error:  tensor(0.2971, device='cuda:0', grad_fn=<DivBackward0>)
Memory status after this epoch: 
Memory allocated:  352.9814453125
Memory cached:  636.0
	 epoch  40 training error:  tensor(0.2903, device='cuda:0', grad_fn=<DivBackward0>)
Memory status after this epoch: 
Memory allocated:  352.9814453125
Memory cached:  638.0
	 epoch  50 training error:  tensor(0.3009, device='cuda:0', grad_fn=<DivBackward0>)
Memory status after this epoch: 
Memory allocated:  352.9814453125
Memory cached:  636.0
	 epoch  60 training error:  tensor(0.2950, device='cuda:0', grad_fn=<DivBackward0>)
Memory status after this epoch: 
Memory allocated:  352.9814453125
Memory cached:  638.0
	 epoch  70 training error:  tensor(0.3072, device='cuda:0', grad_fn=<DivBackward0>)
Memory status after this epoch: 
Memory allocated:  352.9814453125
Memory cached:  636.0
	 epoch  80 training error:  tensor(0.2895, device='cuda:0', grad_fn=<DivBackward0>)
Memory status after this epoch: 
Memory allocated:  352.9814453125
Memory cached:  636.0
	 epoch  90 training error:  tensor(0.2739, device='cuda:0', grad_fn=<DivBackward0>)
Memory status after this epoch: 
Memory allocated:  352.9814453125
Memory cached:  636.0
