[I 2023-12-04 01:01:15,780] Trial 0 finished with value: 0.07213948667049408 and parameters: {'W_layers': 2, 'W_layer_units_exponent_0': 9, 'W_layer_units_exponent_1': 7, 'D_layers': 7, 'D_layer_units_exponent_0': 8, 'D_layer_units_exponent_1': 7, 'D_layer_units_exponent_2': 8, 'D_layer_units_exponent_3': 8, 'D_layer_units_exponent_4': 9, 'D_layer_units_exponent_5': 9, 'D_layer_units_exponent_6': 5, 'log_learning_rate': -3.8713213204944696, 'log_learning_rate_D': -3.4441310107265757, 'training_batch_size': 7, 'training_p': 7}. Best is trial 0 with value: 0.07213948667049408.
res:  tensor(0.0721, device='cuda:0', grad_fn=<DivBackward0>)
self.bestValue:  10000000.0
Save this model!
Time for this trial:  43.35212993621826
Memory status after this trial: 
Memory allocated:  63.6865234375
Memory cached:  70.0
--------------------  Trial  1   --------------------
Start timing: 
Parameters: 
{'W_layers': 3, 'W_layer_units_exponent_0': 8, 'W_layer_units_exponent_1': 7, 'W_layer_units_exponent_2': 6, 'D_layers': 8, 'D_layer_units_exponent_0': 6, 'D_layer_units_exponent_1': 9, 'D_layer_units_exponent_2': 4, 'D_layer_units_exponent_3': 4, 'D_layer_units_exponent_4': 4, 'D_layer_units_exponent_5': 8, 'D_layer_units_exponent_6': 6, 'D_layer_units_exponent_7': 7, 'log_learning_rate': -3.928643390327456, 'log_learning_rate_D': -4.136171341149403, 'training_batch_size': 6, 'training_p': 8}
	 epoch  0 training error:  tensor(0.9504, device='cuda:0', grad_fn=<DivBackward0>)
Memory status after this epoch: 
Memory allocated:  65.46240234375
Memory cached:  76.0
	 epoch  10 training error:  tensor(0.7944, device='cuda:0', grad_fn=<DivBackward0>)
Memory status after this epoch: 
Memory allocated:  65.46240234375
Memory cached:  76.0
	 epoch  20 training error:  tensor(0.6009, device='cuda:0', grad_fn=<DivBackward0>)
Memory status after this epoch: 
Memory allocated:  65.46240234375
Memory cached:  76.0
	 epoch  30 training error:  tensor(0.3337, device='cuda:0', grad_fn=<DivBackward0>)
Memory status after this epoch: 
Memory allocated:  65.46240234375
Memory cached:  76.0
	 epoch  40 training error:  tensor(0.2434, device='cuda:0', grad_fn=<DivBackward0>)
Memory status after this epoch: 
Memory allocated:  65.46240234375
Memory cached:  76.0
	 epoch  50 training error:  tensor(0.2135, device='cuda:0', grad_fn=<DivBackward0>)
Memory status after this epoch: 
Memory allocated:  65.46240234375
Memory cached:  76.0
	 epoch  60 training error:  tensor(0.1880, device='cuda:0', grad_fn=<DivBackward0>)
Memory status after this epoch: 
Memory allocated:  65.46240234375
Memory cached:  76.0
	 epoch  70 training error:  tensor(0.1647, device='cuda:0', grad_fn=<DivBackward0>)
Memory status after this epoch: 
Memory allocated:  65.46240234375
Memory cached:  76.0
	 epoch  80 training error:  tensor(0.1522, device='cuda:0', grad_fn=<DivBackward0>)
Memory status after this epoch: 
Memory allocated:  65.46240234375
Memory cached:  76.0
	 epoch  90 training error:  tensor(0.1506, device='cuda:0', grad_fn=<DivBackward0>)
Memory status after this epoch: 
Memory allocated:  65.46240234375
Memory cached:  76.0
[I 2023-12-04 01:02:29,518] Trial 1 finished with value: 0.12233655899763107 and parameters: {'W_layers': 3, 'W_layer_units_exponent_0': 8, 'W_layer_units_exponent_1': 7, 'W_layer_units_exponent_2': 6, 'D_layers': 8, 'D_layer_units_exponent_0': 6, 'D_layer_units_exponent_1': 9, 'D_layer_units_exponent_2': 4, 'D_layer_units_exponent_3': 4, 'D_layer_units_exponent_4': 4, 'D_layer_units_exponent_5': 8, 'D_layer_units_exponent_6': 6, 'D_layer_units_exponent_7': 7, 'log_learning_rate': -3.928643390327456, 'log_learning_rate_D': -4.136171341149403, 'training_batch_size': 6, 'training_p': 8}. Best is trial 0 with value: 0.07213948667049408.
Time for this trial:  73.63399815559387
Memory status after this trial: 
Memory allocated:  99.45556640625
Memory cached:  102.0
--------------------  Trial  2   --------------------
Start timing: 
Parameters: 
{'W_layers': 5, 'W_layer_units_exponent_0': 4, 'W_layer_units_exponent_1': 6, 'W_layer_units_exponent_2': 9, 'W_layer_units_exponent_3': 8, 'W_layer_units_exponent_4': 7, 'D_layers': 5, 'D_layer_units_exponent_0': 9, 'D_layer_units_exponent_1': 5, 'D_layer_units_exponent_2': 8, 'D_layer_units_exponent_3': 5, 'D_layer_units_exponent_4': 4, 'log_learning_rate': -1.714190313538484, 'log_learning_rate_D': -2.6934441713860635, 'training_batch_size': 9, 'training_p': 8}
	 epoch  0 training error:  tensor(0.9683, device='cuda:0', grad_fn=<DivBackward0>)
Memory status after this epoch: 
Memory allocated:  67.33251953125
Memory cached:  72.0
	 epoch  10 training error:  tensor(0.5403, device='cuda:0', grad_fn=<DivBackward0>)
Memory status after this epoch: 
Memory allocated:  67.33251953125
Memory cached:  76.0
	 epoch  20 training error:  tensor(0.9113, device='cuda:0', grad_fn=<DivBackward0>)
Memory status after this epoch: 
Memory allocated:  67.33251953125
Memory cached:  76.0
	 epoch  30 training error:  tensor(0.3163, device='cuda:0', grad_fn=<DivBackward0>)
Memory status after this epoch: 
Memory allocated:  67.33251953125
Memory cached:  76.0
	 epoch  40 training error:  tensor(0.2048, device='cuda:0', grad_fn=<DivBackward0>)
Memory status after this epoch: 
Memory allocated:  67.33251953125
Memory cached:  76.0
	 epoch  50 training error:  tensor(0.1611, device='cuda:0', grad_fn=<DivBackward0>)
Memory status after this epoch: 
Memory allocated:  67.33251953125
Memory cached:  76.0
	 epoch  60 training error:  tensor(0.1656, device='cuda:0', grad_fn=<DivBackward0>)
Memory status after this epoch: 
Memory allocated:  67.33251953125
Memory cached:  76.0
	 epoch  70 training error:  tensor(0.1521, device='cuda:0', grad_fn=<DivBackward0>)
Memory status after this epoch: 
Memory allocated:  67.33251953125
Memory cached:  76.0
	 epoch  80 training error:  tensor(0.1385, device='cuda:0', grad_fn=<DivBackward0>)
Memory status after this epoch: 
Memory allocated:  67.33251953125
Memory cached:  76.0
	 epoch  90 training error:  tensor(0.1345, device='cuda:0', grad_fn=<DivBackward0>)
Memory status after this epoch: 
Memory allocated:  67.33251953125
Memory cached:  76.0
[I 2023-12-04 01:03:14,148] Trial 2 finished with value: 0.08164599537849426 and parameters: {'W_layers': 5, 'W_layer_units_exponent_0': 4, 'W_layer_units_exponent_1': 6, 'W_layer_units_exponent_2': 9, 'W_layer_units_exponent_3': 8, 'W_layer_units_exponent_4': 7, 'D_layers': 5, 'D_layer_units_exponent_0': 9, 'D_layer_units_exponent_1': 5, 'D_layer_units_exponent_2': 8, 'D_layer_units_exponent_3': 5, 'D_layer_units_exponent_4': 4, 'log_learning_rate': -1.714190313538484, 'log_learning_rate_D': -2.6934441713860635, 'training_batch_size': 9, 'training_p': 8}. Best is trial 0 with value: 0.07213948667049408.
Time for this trial:  44.532015800476074
Memory status after this trial: 
Memory allocated:  107.31591796875
Memory cached:  110.0
--------------------  Trial  3   --------------------
Start timing: 
Parameters: 
{'W_layers': 4, 'W_layer_units_exponent_0': 9, 'W_layer_units_exponent_1': 9, 'W_layer_units_exponent_2': 9, 'W_layer_units_exponent_3': 10, 'D_layers': 2, 'D_layer_units_exponent_0': 5, 'D_layer_units_exponent_1': 5, 'log_learning_rate': -1.0730321347200737, 'log_learning_rate_D': -4.470414166465824, 'training_batch_size': 6, 'training_p': 8}
	 epoch  0 training error:  tensor(63.6621, device='cuda:0', grad_fn=<DivBackward0>)
Memory status after this epoch: 
Memory allocated:  79.82373046875
Memory cached:  100.0
[W 2023-12-04 01:03:16,235] Trial 3 failed with parameters: {'W_layers': 4, 'W_layer_units_exponent_0': 9, 'W_layer_units_exponent_1': 9, 'W_layer_units_exponent_2': 9, 'W_layer_units_exponent_3': 10, 'D_layers': 2, 'D_layer_units_exponent_0': 5, 'D_layer_units_exponent_1': 5, 'log_learning_rate': -1.0730321347200737, 'log_learning_rate_D': -4.470414166465824, 'training_batch_size': 6, 'training_p': 8} because of the following error: The value nan is not acceptable.
[W 2023-12-04 01:03:16,235] Trial 3 failed with value tensor(nan, device='cuda:0', grad_fn=<DivBackward0>).
Time for this trial:  1.983593463897705
Memory status after this trial: 
Memory allocated:  131.91796875
Memory cached:  150.0
--------------------  Trial  4   --------------------
Start timing: 
Parameters: 
{'W_layers': 5, 'W_layer_units_exponent_0': 6, 'W_layer_units_exponent_1': 9, 'W_layer_units_exponent_2': 9, 'W_layer_units_exponent_3': 7, 'W_layer_units_exponent_4': 10, 'D_layers': 8, 'D_layer_units_exponent_0': 8, 'D_layer_units_exponent_1': 5, 'D_layer_units_exponent_2': 4, 'D_layer_units_exponent_3': 6, 'D_layer_units_exponent_4': 9, 'D_layer_units_exponent_5': 5, 'D_layer_units_exponent_6': 4, 'D_layer_units_exponent_7': 9, 'log_learning_rate': -3.5352967838884677, 'log_learning_rate_D': -4.4703737115915025, 'training_batch_size': 7, 'training_p': 7}
	 epoch  0 training error:  tensor(0.9940, device='cuda:0', grad_fn=<DivBackward0>)
Memory status after this epoch: 
Memory allocated:  72.39306640625
Memory cached:  78.0
	 epoch  10 training error:  tensor(0.3384, device='cuda:0', grad_fn=<DivBackward0>)
Memory status after this epoch: 
Memory allocated:  72.39306640625
Memory cached:  80.0
	 epoch  20 training error:  tensor(0.2013, device='cuda:0', grad_fn=<DivBackward0>)
Memory status after this epoch: 
Memory allocated:  72.39306640625
Memory cached:  80.0
	 epoch  30 training error:  tensor(0.1743, device='cuda:0', grad_fn=<DivBackward0>)
Memory status after this epoch: 
Memory allocated:  72.39306640625
Memory cached:  80.0
	 epoch  40 training error:  tensor(0.1594, device='cuda:0', grad_fn=<DivBackward0>)
Memory status after this epoch: 
Memory allocated:  72.39306640625
Memory cached:  80.0
	 epoch  50 training error:  tensor(0.1500, device='cuda:0', grad_fn=<DivBackward0>)
Memory status after this epoch: 
Memory allocated:  72.39306640625
Memory cached:  80.0
	 epoch  60 training error:  tensor(0.1479, device='cuda:0', grad_fn=<DivBackward0>)
Memory status after this epoch: 
Memory allocated:  72.39306640625
Memory cached:  80.0
	 epoch  70 training error:  tensor(0.1474, device='cuda:0', grad_fn=<DivBackward0>)
Memory status after this epoch: 
Memory allocated:  72.39306640625
Memory cached:  80.0
	 epoch  80 training error:  tensor(0.1470, device='cuda:0', grad_fn=<DivBackward0>)
Memory status after this epoch: 
Memory allocated:  72.39306640625
Memory cached:  80.0
	 epoch  90 training error:  tensor(0.1468, device='cuda:0', grad_fn=<DivBackward0>)
Memory status after this epoch: 
Memory allocated:  72.39306640625
Memory cached:  80.0
[I 2023-12-04 01:04:09,498] Trial 4 finished with value: 0.11621882766485214 and parameters: {'W_layers': 5, 'W_layer_units_exponent_0': 6, 'W_layer_units_exponent_1': 9, 'W_layer_units_exponent_2': 9, 'W_layer_units_exponent_3': 7, 'W_layer_units_exponent_4': 10, 'D_layers': 8, 'D_layer_units_exponent_0': 8, 'D_layer_units_exponent_1': 5, 'D_layer_units_exponent_2': 4, 'D_layer_units_exponent_3': 6, 'D_layer_units_exponent_4': 9, 'D_layer_units_exponent_5': 5, 'D_layer_units_exponent_6': 4, 'D_layer_units_exponent_7': 9, 'log_learning_rate': -3.5352967838884677, 'log_learning_rate_D': -4.4703737115915025, 'training_batch_size': 7, 'training_p': 7}. Best is trial 0 with value: 0.07213948667049408.
Time for this trial:  53.15133738517761
Memory status after this trial: 
Memory allocated:  152.1904296875
Memory cached:  158.0
--------------------  Trial  5   --------------------
Start timing: 
Parameters: 
{'W_layers': 5, 'W_layer_units_exponent_0': 9, 'W_layer_units_exponent_1': 9, 'W_layer_units_exponent_2': 8, 'W_layer_units_exponent_3': 5, 'W_layer_units_exponent_4': 7, 'D_layers': 2, 'D_layer_units_exponent_0': 7, 'D_layer_units_exponent_1': 10, 'log_learning_rate': -3.9815007066274815, 'log_learning_rate_D': -2.1206535287002515, 'training_batch_size': 7, 'training_p': 4}
	 epoch  0 training error:  tensor(0.9492, device='cuda:0', grad_fn=<DivBackward0>)
Memory status after this epoch: 
Memory allocated:  72.07275390625
Memory cached:  76.0
	 epoch  10 training error:  tensor(0.6228, device='cuda:0', grad_fn=<DivBackward0>)
Memory status after this epoch: 
Memory allocated:  72.07275390625
Memory cached:  80.0
	 epoch  20 training error:  tensor(0.4031, device='cuda:0', grad_fn=<DivBackward0>)
Memory status after this epoch: 
Memory allocated:  72.07275390625
Memory cached:  80.0
	 epoch  30 training error:  tensor(0.2682, device='cuda:0', grad_fn=<DivBackward0>)
Memory status after this epoch: 
Memory allocated:  72.07275390625
Memory cached:  80.0
	 epoch  40 training error:  tensor(0.2016, device='cuda:0', grad_fn=<DivBackward0>)
Memory status after this epoch: 
Memory allocated:  72.07275390625
Memory cached:  80.0
	 epoch  50 training error:  tensor(0.1838, device='cuda:0', grad_fn=<DivBackward0>)
Memory status after this epoch: 
Memory allocated:  72.07275390625
Memory cached:  80.0
	 epoch  60 training error:  tensor(0.1749, device='cuda:0', grad_fn=<DivBackward0>)
Memory status after this epoch: 
Memory allocated:  72.07275390625
Memory cached:  80.0
	 epoch  70 training error:  tensor(0.1712, device='cuda:0', grad_fn=<DivBackward0>)
Memory status after this epoch: 
Memory allocated:  72.07275390625
Memory cached:  80.0
	 epoch  80 training error:  tensor(0.1689, device='cuda:0', grad_fn=<DivBackward0>)
Memory status after this epoch: 
Memory allocated:  72.07275390625
Memory cached:  80.0
	 epoch  90 training error:  tensor(0.1672, device='cuda:0', grad_fn=<DivBackward0>)
Memory status after this epoch: 
Memory allocated:  72.07275390625
Memory cached:  80.0
[I 2023-12-04 01:04:49,216] Trial 5 finished with value: 0.12089115381240845 and parameters: {'W_layers': 5, 'W_layer_units_exponent_0': 9, 'W_layer_units_exponent_1': 9, 'W_layer_units_exponent_2': 8, 'W_layer_units_exponent_3': 5, 'W_layer_units_exponent_4': 7, 'D_layers': 2, 'D_layer_units_exponent_0': 7, 'D_layer_units_exponent_1': 10, 'log_learning_rate': -3.9815007066274815, 'log_learning_rate_D': -2.1206535287002515, 'training_batch_size': 7, 'training_p': 4}. Best is trial 0 with value: 0.07213948667049408.
Time for this trial:  39.60463285446167
Memory status after this trial: 
Memory allocated:  127.048828125
Memory cached:  132.0
--------------------  Trial  6   --------------------
Start timing: 
Parameters: 
{'W_layers': 6, 'W_layer_units_exponent_0': 6, 'W_layer_units_exponent_1': 6, 'W_layer_units_exponent_2': 5, 'W_layer_units_exponent_3': 9, 'W_layer_units_exponent_4': 5, 'W_layer_units_exponent_5': 9, 'D_layers': 4, 'D_layer_units_exponent_0': 4, 'D_layer_units_exponent_1': 10, 'D_layer_units_exponent_2': 8, 'D_layer_units_exponent_3': 7, 'log_learning_rate': -4.2459191822704385, 'log_learning_rate_D': -1.7054424155945522, 'training_batch_size': 10, 'training_p': 2}
	 epoch  0 training error:  tensor(0.9896, device='cuda:0', grad_fn=<DivBackward0>)
Memory status after this epoch: 
Memory allocated:  69.38525390625
Memory cached:  76.0
	 epoch  10 training error:  tensor(0.9585, device='cuda:0', grad_fn=<DivBackward0>)
Memory status after this epoch: 
Memory allocated:  69.38525390625
Memory cached:  78.0
	 epoch  20 training error:  tensor(0.9010, device='cuda:0', grad_fn=<DivBackward0>)
Memory status after this epoch: 
Memory allocated:  69.38525390625
Memory cached:  78.0
	 epoch  30 training error:  tensor(0.9107, device='cuda:0', grad_fn=<DivBackward0>)
Memory status after this epoch: 
Memory allocated:  69.38525390625
Memory cached:  78.0
	 epoch  40 training error:  tensor(0.8877, device='cuda:0', grad_fn=<DivBackward0>)
Memory status after this epoch: 
Memory allocated:  69.38525390625
Memory cached:  78.0
	 epoch  50 training error:  tensor(0.7334, device='cuda:0', grad_fn=<DivBackward0>)
Memory status after this epoch: 
Memory allocated:  69.38525390625
Memory cached:  78.0
	 epoch  60 training error:  tensor(0.6029, device='cuda:0', grad_fn=<DivBackward0>)
Memory status after this epoch: 
Memory allocated:  69.38525390625
Memory cached:  78.0
	 epoch  70 training error:  tensor(0.5073, device='cuda:0', grad_fn=<DivBackward0>)
Memory status after this epoch: 
Memory allocated:  69.38525390625
Memory cached:  78.0
	 epoch  80 training error:  tensor(0.3798, device='cuda:0', grad_fn=<DivBackward0>)
Memory status after this epoch: 
Memory allocated:  69.38525390625
Memory cached:  78.0
	 epoch  90 training error:  tensor(0.2601, device='cuda:0', grad_fn=<DivBackward0>)
Memory status after this epoch: 
Memory allocated:  69.38525390625
Memory cached:  78.0
[I 2023-12-04 01:05:35,627] Trial 6 finished with value: 0.20348255336284637 and parameters: {'W_layers': 6, 'W_layer_units_exponent_0': 6, 'W_layer_units_exponent_1': 6, 'W_layer_units_exponent_2': 5, 'W_layer_units_exponent_3': 9, 'W_layer_units_exponent_4': 5, 'W_layer_units_exponent_5': 9, 'D_layers': 4, 'D_layer_units_exponent_0': 4, 'D_layer_units_exponent_1': 10, 'D_layer_units_exponent_2': 8, 'D_layer_units_exponent_3': 7, 'log_learning_rate': -4.2459191822704385, 'log_learning_rate_D': -1.7054424155945522, 'training_batch_size': 10, 'training_p': 2}. Best is trial 0 with value: 0.07213948667049408.
Time for this trial:  46.2993643283844
Memory status after this trial: 
Memory allocated:  126.81396484375
Memory cached:  130.0
--------------------  Trial  7   --------------------
Start timing: 
Parameters: 
{'W_layers': 3, 'W_layer_units_exponent_0': 9, 'W_layer_units_exponent_1': 6, 'W_layer_units_exponent_2': 10, 'D_layers': 2, 'D_layer_units_exponent_0': 5, 'D_layer_units_exponent_1': 5, 'log_learning_rate': -3.4707066888032694, 'log_learning_rate_D': -3.2865836826482298, 'training_batch_size': 11, 'training_p': 3}
	 epoch  0 training error:  tensor(0.9805, device='cuda:0', grad_fn=<DivBackward0>)
Memory status after this epoch: 
Memory allocated:  65.33447265625
Memory cached:  74.0
	 epoch  10 training error:  tensor(0.2272, device='cuda:0', grad_fn=<DivBackward0>)
Memory status after this epoch: 
Memory allocated:  65.33447265625
Memory cached:  76.0
	 epoch  20 training error:  tensor(0.1731, device='cuda:0', grad_fn=<DivBackward0>)
Memory status after this epoch: 
Memory allocated:  65.33447265625
Memory cached:  76.0
	 epoch  30 training error:  tensor(0.1484, device='cuda:0', grad_fn=<DivBackward0>)
Memory status after this epoch: 
Memory allocated:  65.33447265625
Memory cached:  76.0
	 epoch  40 training error:  tensor(0.1152, device='cuda:0', grad_fn=<DivBackward0>)
Memory status after this epoch: 
Memory allocated:  65.33447265625
Memory cached:  76.0
	 epoch  50 training error:  tensor(0.1159, device='cuda:0', grad_fn=<DivBackward0>)
Memory status after this epoch: 
Memory allocated:  65.33447265625
Memory cached:  76.0
	 epoch  60 training error:  tensor(0.1075, device='cuda:0', grad_fn=<DivBackward0>)
Memory status after this epoch: 
Memory allocated:  65.33447265625
Memory cached:  76.0
	 epoch  70 training error:  tensor(0.1013, device='cuda:0', grad_fn=<DivBackward0>)
Memory status after this epoch: 
Memory allocated:  65.33447265625
Memory cached:  76.0
	 epoch  80 training error:  tensor(0.0912, device='cuda:0', grad_fn=<DivBackward0>)
Memory status after this epoch: 
Memory allocated:  65.33447265625
Memory cached:  76.0
	 epoch  90 training error:  tensor(0.0780, device='cuda:0', grad_fn=<DivBackward0>)
Memory status after this epoch: 
Memory allocated:  65.33447265625
Memory cached:  76.0
