[I 2023-12-05 02:10:40,517] Trial 11 finished with value: 0.509655773639679 and parameters: {'W_layers': 7, 'W_layer_units_exponent_0': 8, 'W_layer_units_exponent_1': 8, 'W_layer_units_exponent_2': 8, 'W_layer_units_exponent_3': 10, 'W_layer_units_exponent_4': 10, 'W_layer_units_exponent_5': 8, 'W_layer_units_exponent_6': 4, 'D_layers': 4, 'D_layer_units_exponent_0': 8, 'D_layer_units_exponent_1': 10, 'D_layer_units_exponent_2': 10, 'D_layer_units_exponent_3': 6, 'log_learning_rate': -3.654966276497232, 'log_learning_rate_D': -1.0471084004507287, 'training_batch_size': 7, 'training_p': 2}. Best is trial 11 with value: 0.509655773639679.
res:  tensor(0.5097, device='cuda:0', grad_fn=<DivBackward0>)
self.bestValue:  tensor(0.5480, device='cuda:0', grad_fn=<DivBackward0>)
Save this model!
Time for this trial:  15.974417686462402
Memory status after this trial: 
Memory allocated:  85.46875
Memory cached:  176.0
--------------------  Trial  12   --------------------
Start timing: 
Parameters: 
{'W_layers': 8, 'W_layer_units_exponent_0': 7, 'W_layer_units_exponent_1': 7, 'W_layer_units_exponent_2': 8, 'W_layer_units_exponent_3': 10, 'W_layer_units_exponent_4': 10, 'W_layer_units_exponent_5': 8, 'W_layer_units_exponent_6': 4, 'W_layer_units_exponent_7': 10, 'D_layers': 5, 'D_layer_units_exponent_0': 8, 'D_layer_units_exponent_1': 10, 'D_layer_units_exponent_2': 10, 'D_layer_units_exponent_3': 6, 'D_layer_units_exponent_4': 4, 'log_learning_rate': -3.379198047163524, 'log_learning_rate_D': -1.099010731238305, 'training_batch_size': 6, 'training_p': 3}
	 epoch  0 training error:  tensor(0.9637, device='cuda:0', grad_fn=<DivBackward0>)
Memory status after this epoch: 
Memory allocated:  116.26025390625
Memory cached:  180.0
	 epoch  10 training error:  tensor(0.7948, device='cuda:0', grad_fn=<DivBackward0>)
Memory status after this epoch: 
Memory allocated:  116.26025390625
Memory cached:  180.0
	 epoch  20 training error:  tensor(0.7025, device='cuda:0', grad_fn=<DivBackward0>)
Memory status after this epoch: 
Memory allocated:  116.26025390625
Memory cached:  180.0
	 epoch  30 training error:  tensor(0.8050, device='cuda:0', grad_fn=<DivBackward0>)
Memory status after this epoch: 
Memory allocated:  116.26025390625
Memory cached:  180.0
	 epoch  40 training error:  tensor(0.6611, device='cuda:0', grad_fn=<DivBackward0>)
Memory status after this epoch: 
Memory allocated:  116.26025390625
Memory cached:  180.0
	 epoch  50 training error:  tensor(0.6307, device='cuda:0', grad_fn=<DivBackward0>)
Memory status after this epoch: 
Memory allocated:  116.26025390625
Memory cached:  180.0
	 epoch  60 training error:  tensor(0.6274, device='cuda:0', grad_fn=<DivBackward0>)
Memory status after this epoch: 
Memory allocated:  116.26025390625
Memory cached:  180.0
	 epoch  70 training error:  tensor(0.6262, device='cuda:0', grad_fn=<DivBackward0>)
Memory status after this epoch: 
Memory allocated:  116.26025390625
Memory cached:  180.0
	 epoch  80 training error:  tensor(0.6254, device='cuda:0', grad_fn=<DivBackward0>)
Memory status after this epoch: 
Memory allocated:  116.26025390625
Memory cached:  180.0
	 epoch  90 training error:  tensor(0.6249, device='cuda:0', grad_fn=<DivBackward0>)
Memory status after this epoch: 
Memory allocated:  116.26025390625
Memory cached:  180.0
[I 2023-12-05 02:10:58,028] Trial 12 finished with value: 0.5606281161308289 and parameters: {'W_layers': 8, 'W_layer_units_exponent_0': 7, 'W_layer_units_exponent_1': 7, 'W_layer_units_exponent_2': 8, 'W_layer_units_exponent_3': 10, 'W_layer_units_exponent_4': 10, 'W_layer_units_exponent_5': 8, 'W_layer_units_exponent_6': 4, 'W_layer_units_exponent_7': 10, 'D_layers': 5, 'D_layer_units_exponent_0': 8, 'D_layer_units_exponent_1': 10, 'D_layer_units_exponent_2': 10, 'D_layer_units_exponent_3': 6, 'D_layer_units_exponent_4': 4, 'log_learning_rate': -3.379198047163524, 'log_learning_rate_D': -1.099010731238305, 'training_batch_size': 6, 'training_p': 3}. Best is trial 11 with value: 0.509655773639679.
Time for this trial:  17.340017080307007
Memory status after this trial: 
Memory allocated:  187.97900390625
Memory cached:  220.0
--------------------  Trial  13   --------------------
Start timing: 
Parameters: 
{'W_layers': 7, 'W_layer_units_exponent_0': 8, 'W_layer_units_exponent_1': 8, 'W_layer_units_exponent_2': 8, 'W_layer_units_exponent_3': 10, 'W_layer_units_exponent_4': 6, 'W_layer_units_exponent_5': 7, 'W_layer_units_exponent_6': 4, 'D_layers': 4, 'D_layer_units_exponent_0': 8, 'D_layer_units_exponent_1': 8, 'D_layer_units_exponent_2': 6, 'D_layer_units_exponent_3': 6, 'log_learning_rate': -3.6610075601322807, 'log_learning_rate_D': -2.044853537323113, 'training_batch_size': 7, 'training_p': 3}
	 epoch  0 training error:  tensor(1.0516, device='cuda:0', grad_fn=<DivBackward0>)
Memory status after this epoch: 
Memory allocated:  93.03369140625
Memory cached:  176.0
	 epoch  10 training error:  tensor(0.8814, device='cuda:0', grad_fn=<DivBackward0>)
Memory status after this epoch: 
Memory allocated:  93.03369140625
Memory cached:  176.0
	 epoch  20 training error:  tensor(0.7990, device='cuda:0', grad_fn=<DivBackward0>)
Memory status after this epoch: 
Memory allocated:  93.03369140625
Memory cached:  176.0
	 epoch  30 training error:  tensor(0.7822, device='cuda:0', grad_fn=<DivBackward0>)
Memory status after this epoch: 
Memory allocated:  93.03369140625
Memory cached:  176.0
	 epoch  40 training error:  tensor(0.7600, device='cuda:0', grad_fn=<DivBackward0>)
Memory status after this epoch: 
Memory allocated:  93.03369140625
Memory cached:  176.0
	 epoch  50 training error:  tensor(0.7177, device='cuda:0', grad_fn=<DivBackward0>)
Memory status after this epoch: 
Memory allocated:  93.03369140625
Memory cached:  176.0
	 epoch  60 training error:  tensor(0.6339, device='cuda:0', grad_fn=<DivBackward0>)
Memory status after this epoch: 
Memory allocated:  93.03369140625
Memory cached:  176.0
	 epoch  70 training error:  tensor(0.6350, device='cuda:0', grad_fn=<DivBackward0>)
Memory status after this epoch: 
Memory allocated:  93.03369140625
Memory cached:  176.0
	 epoch  80 training error:  tensor(0.6245, device='cuda:0', grad_fn=<DivBackward0>)
Memory status after this epoch: 
Memory allocated:  93.03369140625
Memory cached:  176.0
	 epoch  90 training error:  tensor(0.6258, device='cuda:0', grad_fn=<DivBackward0>)
Memory status after this epoch: 
Memory allocated:  93.03369140625
Memory cached:  176.0
[I 2023-12-05 02:11:13,308] Trial 13 finished with value: 0.5488879084587097 and parameters: {'W_layers': 7, 'W_layer_units_exponent_0': 8, 'W_layer_units_exponent_1': 8, 'W_layer_units_exponent_2': 8, 'W_layer_units_exponent_3': 10, 'W_layer_units_exponent_4': 6, 'W_layer_units_exponent_5': 7, 'W_layer_units_exponent_6': 4, 'D_layers': 4, 'D_layer_units_exponent_0': 8, 'D_layer_units_exponent_1': 8, 'D_layer_units_exponent_2': 6, 'D_layer_units_exponent_3': 6, 'log_learning_rate': -3.6610075601322807, 'log_learning_rate_D': -2.044853537323113, 'training_batch_size': 7, 'training_p': 3}. Best is trial 11 with value: 0.509655773639679.
Time for this trial:  15.106006860733032
Memory status after this trial: 
Memory allocated:  136.38623046875
Memory cached:  180.0
--------------------  Trial  14   --------------------
Start timing: 
Parameters: 
{'W_layers': 7, 'W_layer_units_exponent_0': 6, 'W_layer_units_exponent_1': 5, 'W_layer_units_exponent_2': 8, 'W_layer_units_exponent_3': 9, 'W_layer_units_exponent_4': 6, 'W_layer_units_exponent_5': 7, 'W_layer_units_exponent_6': 6, 'D_layers': 4, 'D_layer_units_exponent_0': 9, 'D_layer_units_exponent_1': 10, 'D_layer_units_exponent_2': 10, 'D_layer_units_exponent_3': 8, 'log_learning_rate': -2.9482798560366583, 'log_learning_rate_D': -1.050540582310026, 'training_batch_size': 8, 'training_p': 2}
	 epoch  0 training error:  tensor(0.9896, device='cuda:0', grad_fn=<DivBackward0>)
Memory status after this epoch: 
Memory allocated:  95.82275390625
Memory cached:  176.0
	 epoch  10 training error:  tensor(0.7328, device='cuda:0', grad_fn=<DivBackward0>)
Memory status after this epoch: 
Memory allocated:  95.82275390625
Memory cached:  176.0
	 epoch  20 training error:  tensor(0.7347, device='cuda:0', grad_fn=<DivBackward0>)
Memory status after this epoch: 
Memory allocated:  95.82275390625
Memory cached:  176.0
	 epoch  30 training error:  tensor(0.7166, device='cuda:0', grad_fn=<DivBackward0>)
Memory status after this epoch: 
Memory allocated:  95.82275390625
Memory cached:  176.0
	 epoch  40 training error:  tensor(0.6790, device='cuda:0', grad_fn=<DivBackward0>)
Memory status after this epoch: 
Memory allocated:  95.82275390625
Memory cached:  176.0
	 epoch  50 training error:  tensor(0.5759, device='cuda:0', grad_fn=<DivBackward0>)
Memory status after this epoch: 
Memory allocated:  95.82275390625
Memory cached:  176.0
	 epoch  60 training error:  tensor(0.5756, device='cuda:0', grad_fn=<DivBackward0>)
Memory status after this epoch: 
Memory allocated:  95.82275390625
Memory cached:  176.0
	 epoch  70 training error:  tensor(0.5732, device='cuda:0', grad_fn=<DivBackward0>)
Memory status after this epoch: 
Memory allocated:  95.82275390625
Memory cached:  176.0
	 epoch  80 training error:  tensor(0.5697, device='cuda:0', grad_fn=<DivBackward0>)
Memory status after this epoch: 
Memory allocated:  95.82275390625
Memory cached:  176.0
	 epoch  90 training error:  tensor(0.5689, device='cuda:0', grad_fn=<DivBackward0>)
Memory status after this epoch: 
Memory allocated:  95.82275390625
Memory cached:  176.0
[I 2023-12-05 02:11:27,847] Trial 14 finished with value: 0.5089516043663025 and parameters: {'W_layers': 7, 'W_layer_units_exponent_0': 6, 'W_layer_units_exponent_1': 5, 'W_layer_units_exponent_2': 8, 'W_layer_units_exponent_3': 9, 'W_layer_units_exponent_4': 6, 'W_layer_units_exponent_5': 7, 'W_layer_units_exponent_6': 6, 'D_layers': 4, 'D_layer_units_exponent_0': 9, 'D_layer_units_exponent_1': 10, 'D_layer_units_exponent_2': 10, 'D_layer_units_exponent_3': 8, 'log_learning_rate': -2.9482798560366583, 'log_learning_rate_D': -1.050540582310026, 'training_batch_size': 8, 'training_p': 2}. Best is trial 14 with value: 0.5089516043663025.
res:  tensor(0.5090, device='cuda:0', grad_fn=<DivBackward0>)
self.bestValue:  tensor(0.5097, device='cuda:0', grad_fn=<DivBackward0>)
Save this model!
Time for this trial:  14.374374151229858
Memory status after this trial: 
Memory allocated:  27.705078125
Memory cached:  76.0
--------------------  Trial  15   --------------------
Start timing: 
Parameters: 
{'W_layers': 7, 'W_layer_units_exponent_0': 6, 'W_layer_units_exponent_1': 4, 'W_layer_units_exponent_2': 8, 'W_layer_units_exponent_3': 9, 'W_layer_units_exponent_4': 10, 'W_layer_units_exponent_5': 4, 'W_layer_units_exponent_6': 6, 'D_layers': 4, 'D_layer_units_exponent_0': 9, 'D_layer_units_exponent_1': 10, 'D_layer_units_exponent_2': 10, 'D_layer_units_exponent_3': 8, 'log_learning_rate': -2.523948990165103, 'log_learning_rate_D': -2.1078614589182063, 'training_batch_size': 7, 'training_p': 2}
	 epoch  0 training error:  tensor(1.0068, device='cuda:0', grad_fn=<DivBackward0>)
Memory status after this epoch: 
Memory allocated:  45.69775390625
Memory cached:  76.0
	 epoch  10 training error:  tensor(0.7737, device='cuda:0', grad_fn=<DivBackward0>)
Memory status after this epoch: 
Memory allocated:  45.69775390625
Memory cached:  76.0
	 epoch  20 training error:  tensor(0.5915, device='cuda:0', grad_fn=<DivBackward0>)
Memory status after this epoch: 
Memory allocated:  45.69775390625
Memory cached:  76.0
	 epoch  30 training error:  tensor(0.5757, device='cuda:0', grad_fn=<DivBackward0>)
Memory status after this epoch: 
Memory allocated:  45.69775390625
Memory cached:  76.0
	 epoch  40 training error:  tensor(0.5691, device='cuda:0', grad_fn=<DivBackward0>)
Memory status after this epoch: 
Memory allocated:  45.69775390625
Memory cached:  76.0
	 epoch  50 training error:  tensor(0.5685, device='cuda:0', grad_fn=<DivBackward0>)
Memory status after this epoch: 
Memory allocated:  45.69775390625
Memory cached:  76.0
	 epoch  60 training error:  tensor(0.5684, device='cuda:0', grad_fn=<DivBackward0>)
Memory status after this epoch: 
Memory allocated:  45.69775390625
Memory cached:  76.0
	 epoch  70 training error:  tensor(0.5683, device='cuda:0', grad_fn=<DivBackward0>)
Memory status after this epoch: 
Memory allocated:  45.69775390625
Memory cached:  76.0
	 epoch  80 training error:  tensor(0.5682, device='cuda:0', grad_fn=<DivBackward0>)
Memory status after this epoch: 
Memory allocated:  45.69775390625
Memory cached:  76.0
	 epoch  90 training error:  tensor(0.5681, device='cuda:0', grad_fn=<DivBackward0>)
Memory status after this epoch: 
Memory allocated:  45.69775390625
Memory cached:  76.0
[I 2023-12-05 02:11:43,167] Trial 15 finished with value: 0.5101301074028015 and parameters: {'W_layers': 7, 'W_layer_units_exponent_0': 6, 'W_layer_units_exponent_1': 4, 'W_layer_units_exponent_2': 8, 'W_layer_units_exponent_3': 9, 'W_layer_units_exponent_4': 10, 'W_layer_units_exponent_5': 4, 'W_layer_units_exponent_6': 6, 'D_layers': 4, 'D_layer_units_exponent_0': 9, 'D_layer_units_exponent_1': 10, 'D_layer_units_exponent_2': 10, 'D_layer_units_exponent_3': 8, 'log_learning_rate': -2.523948990165103, 'log_learning_rate_D': -2.1078614589182063, 'training_batch_size': 7, 'training_p': 2}. Best is trial 14 with value: 0.5089516043663025.
Time for this trial:  15.146025657653809
Memory status after this trial: 
Memory allocated:  77.99072265625
Memory cached:  118.0
--------------------  Trial  16   --------------------
Start timing: 
Parameters: 
{'W_layers': 8, 'W_layer_units_exponent_0': 6, 'W_layer_units_exponent_1': 5, 'W_layer_units_exponent_2': 7, 'W_layer_units_exponent_3': 9, 'W_layer_units_exponent_4': 7, 'W_layer_units_exponent_5': 8, 'W_layer_units_exponent_6': 5, 'W_layer_units_exponent_7': 9, 'D_layers': 3, 'D_layer_units_exponent_0': 9, 'D_layer_units_exponent_1': 9, 'D_layer_units_exponent_2': 10, 'log_learning_rate': -2.91120891131329, 'log_learning_rate_D': -3.4998251968180476, 'training_batch_size': 8, 'training_p': 4}
	 epoch  0 training error:  tensor(0.9955, device='cuda:0', grad_fn=<DivBackward0>)
Memory status after this epoch: 
Memory allocated:  34.13232421875
Memory cached:  78.0
	 epoch  10 training error:  tensor(0.8182, device='cuda:0', grad_fn=<DivBackward0>)
Memory status after this epoch: 
Memory allocated:  34.13232421875
Memory cached:  78.0
	 epoch  20 training error:  tensor(0.7580, device='cuda:0', grad_fn=<DivBackward0>)
Memory status after this epoch: 
Memory allocated:  34.13232421875
Memory cached:  78.0
	 epoch  30 training error:  tensor(0.6977, device='cuda:0', grad_fn=<DivBackward0>)
Memory status after this epoch: 
Memory allocated:  34.13232421875
Memory cached:  78.0
	 epoch  40 training error:  tensor(0.6536, device='cuda:0', grad_fn=<DivBackward0>)
Memory status after this epoch: 
Memory allocated:  34.13232421875
Memory cached:  78.0
	 epoch  50 training error:  tensor(0.6495, device='cuda:0', grad_fn=<DivBackward0>)
Memory status after this epoch: 
Memory allocated:  34.13232421875
Memory cached:  78.0
	 epoch  60 training error:  tensor(0.6487, device='cuda:0', grad_fn=<DivBackward0>)
Memory status after this epoch: 
Memory allocated:  34.13232421875
Memory cached:  78.0
	 epoch  70 training error:  tensor(0.6488, device='cuda:0', grad_fn=<DivBackward0>)
Memory status after this epoch: 
Memory allocated:  34.13232421875
Memory cached:  78.0
	 epoch  80 training error:  tensor(0.6489, device='cuda:0', grad_fn=<DivBackward0>)
Memory status after this epoch: 
Memory allocated:  34.13232421875
Memory cached:  78.0
	 epoch  90 training error:  tensor(0.6488, device='cuda:0', grad_fn=<DivBackward0>)
Memory status after this epoch: 
Memory allocated:  34.13232421875
Memory cached:  78.0
[I 2023-12-05 02:11:58,398] Trial 16 finished with value: 0.5928518176078796 and parameters: {'W_layers': 8, 'W_layer_units_exponent_0': 6, 'W_layer_units_exponent_1': 5, 'W_layer_units_exponent_2': 7, 'W_layer_units_exponent_3': 9, 'W_layer_units_exponent_4': 7, 'W_layer_units_exponent_5': 8, 'W_layer_units_exponent_6': 5, 'W_layer_units_exponent_7': 9, 'D_layers': 3, 'D_layer_units_exponent_0': 9, 'D_layer_units_exponent_1': 9, 'D_layer_units_exponent_2': 10, 'log_learning_rate': -2.91120891131329, 'log_learning_rate_D': -3.4998251968180476, 'training_batch_size': 8, 'training_p': 4}. Best is trial 14 with value: 0.5089516043663025.
Time for this trial:  15.068156957626343
Memory status after this trial: 
Memory allocated:  67.75830078125
Memory cached:  84.0
--------------------  Trial  17   --------------------
Start timing: 
Parameters: 
{'W_layers': 2, 'W_layer_units_exponent_0': 6, 'W_layer_units_exponent_1': 5, 'D_layers': 3, 'D_layer_units_exponent_0': 9, 'D_layer_units_exponent_1': 10, 'D_layer_units_exponent_2': 9, 'log_learning_rate': -3.755182971709133, 'log_learning_rate_D': -1.0935244369015682, 'training_batch_size': 6, 'training_p': 4}
	 epoch  0 training error:  tensor(0.9402, device='cuda:0', grad_fn=<DivBackward0>)
Memory status after this epoch: 
Memory allocated:  32.13916015625
Memory cached:  76.0
	 epoch  10 training error:  tensor(0.8975, device='cuda:0', grad_fn=<DivBackward0>)
Memory status after this epoch: 
Memory allocated:  32.13916015625
Memory cached:  76.0
	 epoch  20 training error:  tensor(0.8645, device='cuda:0', grad_fn=<DivBackward0>)
Memory status after this epoch: 
Memory allocated:  32.13916015625
Memory cached:  76.0
	 epoch  30 training error:  tensor(0.8369, device='cuda:0', grad_fn=<DivBackward0>)
Memory status after this epoch: 
Memory allocated:  32.13916015625
Memory cached:  76.0
	 epoch  40 training error:  tensor(0.8241, device='cuda:0', grad_fn=<DivBackward0>)
Memory status after this epoch: 
Memory allocated:  32.13916015625
Memory cached:  76.0
	 epoch  50 training error:  tensor(0.8174, device='cuda:0', grad_fn=<DivBackward0>)
Memory status after this epoch: 
Memory allocated:  32.13916015625
Memory cached:  76.0
	 epoch  60 training error:  tensor(0.8134, device='cuda:0', grad_fn=<DivBackward0>)
Memory status after this epoch: 
Memory allocated:  32.13916015625
Memory cached:  76.0
	 epoch  70 training error:  tensor(0.8119, device='cuda:0', grad_fn=<DivBackward0>)
Memory status after this epoch: 
Memory allocated:  32.13916015625
Memory cached:  76.0
	 epoch  80 training error:  tensor(0.8115, device='cuda:0', grad_fn=<DivBackward0>)
Memory status after this epoch: 
Memory allocated:  32.13916015625
Memory cached:  76.0
	 epoch  90 training error:  tensor(0.8113, device='cuda:0', grad_fn=<DivBackward0>)
Memory status after this epoch: 
Memory allocated:  32.13916015625
Memory cached:  76.0
[I 2023-12-05 02:12:12,961] Trial 17 finished with value: 0.7536196112632751 and parameters: {'W_layers': 2, 'W_layer_units_exponent_0': 6, 'W_layer_units_exponent_1': 5, 'D_layers': 3, 'D_layer_units_exponent_0': 9, 'D_layer_units_exponent_1': 10, 'D_layer_units_exponent_2': 9, 'log_learning_rate': -3.755182971709133, 'log_learning_rate_D': -1.0935244369015682, 'training_batch_size': 6, 'training_p': 4}. Best is trial 14 with value: 0.5089516043663025.
Time for this trial:  14.415865421295166
Memory status after this trial: 
Memory allocated:  29.96337890625
Memory cached:  76.0
--------------------  Trial  18   --------------------
Start timing: 
Parameters: 
{'W_layers': 7, 'W_layer_units_exponent_0': 4, 'W_layer_units_exponent_1': 8, 'W_layer_units_exponent_2': 7, 'W_layer_units_exponent_3': 9, 'W_layer_units_exponent_4': 7, 'W_layer_units_exponent_5': 8, 'W_layer_units_exponent_6': 9, 'D_layers': 6, 'D_layer_units_exponent_0': 10, 'D_layer_units_exponent_1': 8, 'D_layer_units_exponent_2': 9, 'D_layer_units_exponent_3': 8, 'D_layer_units_exponent_4': 4, 'D_layer_units_exponent_5': 4, 'log_learning_rate': -2.7040257916591846, 'log_learning_rate_D': -3.1629715174306496, 'training_batch_size': 8, 'training_p': 2}
	 epoch  0 training error:  tensor(0.9702, device='cuda:0', grad_fn=<DivBackward0>)
Memory status after this epoch: 
Memory allocated:  34.87255859375
Memory cached:  78.0
	 epoch  10 training error:  tensor(0.7603, device='cuda:0', grad_fn=<DivBackward0>)
Memory status after this epoch: 
Memory allocated:  34.87255859375
Memory cached:  78.0
	 epoch  20 training error:  tensor(0.7374, device='cuda:0', grad_fn=<DivBackward0>)
Memory status after this epoch: 
Memory allocated:  34.87255859375
Memory cached:  78.0
	 epoch  30 training error:  tensor(0.7316, device='cuda:0', grad_fn=<DivBackward0>)
Memory status after this epoch: 
Memory allocated:  34.87255859375
Memory cached:  78.0
	 epoch  40 training error:  tensor(0.7046, device='cuda:0', grad_fn=<DivBackward0>)
Memory status after this epoch: 
Memory allocated:  34.87255859375
Memory cached:  78.0
	 epoch  50 training error:  tensor(0.6038, device='cuda:0', grad_fn=<DivBackward0>)
Memory status after this epoch: 
Memory allocated:  34.87255859375
Memory cached:  78.0
	 epoch  60 training error:  tensor(0.5996, device='cuda:0', grad_fn=<DivBackward0>)
Memory status after this epoch: 
Memory allocated:  34.87255859375
Memory cached:  78.0
	 epoch  70 training error:  tensor(0.5757, device='cuda:0', grad_fn=<DivBackward0>)
Memory status after this epoch: 
Memory allocated:  34.87255859375
Memory cached:  78.0
	 epoch  80 training error:  tensor(0.5742, device='cuda:0', grad_fn=<DivBackward0>)
Memory status after this epoch: 
Memory allocated:  34.87255859375
Memory cached:  78.0
	 epoch  90 training error:  tensor(0.5709, device='cuda:0', grad_fn=<DivBackward0>)
Memory status after this epoch: 
Memory allocated:  34.87255859375
Memory cached:  78.0
