[I 2023-12-03 01:27:45,096] Trial 38 finished with value: 0.022357800975441933 and parameters: {'W_layers': 3, 'W_layer_units_exponent_0': 5, 'W_layer_units_exponent_1': 6, 'W_layer_units_exponent_2': 7, 'D_layers': 6, 'D_layer_units_exponent_0': 4, 'D_layer_units_exponent_1': 7, 'D_layer_units_exponent_2': 5, 'D_layer_units_exponent_3': 4, 'D_layer_units_exponent_4': 4, 'D_layer_units_exponent_5': 9, 'D_dagger_layers': 4, 'D_dagger_layer_units_exponent_0': 5, 'D_dagger_layer_units_exponent_1': 8, 'D_dagger_layer_units_exponent_2': 10, 'D_dagger_layer_units_exponent_3': 6, 'log_learning_rate': -3.2102407692005457, 'log_learning_rate_D': -2.077044596626293, 'log_learning_rate_D_dagger': -3.3864567814092066, 'training_batch_size': 12, 'training_p': 5}. Best is trial 28 with value: 0.010422646068036556.
Time for this trial:  170.30150413513184
Memory status after this trial: 
Memory allocated:  227.37060546875
Memory cached:  466.0
--------------------  Trial  39   --------------------
Start timing: 
Parameters: 
{'W_layers': 4, 'W_layer_units_exponent_0': 5, 'W_layer_units_exponent_1': 5, 'W_layer_units_exponent_2': 7, 'W_layer_units_exponent_3': 6, 'D_layers': 7, 'D_layer_units_exponent_0': 4, 'D_layer_units_exponent_1': 7, 'D_layer_units_exponent_2': 6, 'D_layer_units_exponent_3': 6, 'D_layer_units_exponent_4': 4, 'D_layer_units_exponent_5': 9, 'D_layer_units_exponent_6': 4, 'D_dagger_layers': 4, 'D_dagger_layer_units_exponent_0': 5, 'D_dagger_layer_units_exponent_1': 8, 'D_dagger_layer_units_exponent_2': 8, 'D_dagger_layer_units_exponent_3': 6, 'log_learning_rate': -3.8031055796828253, 'log_learning_rate_D': -2.1693305132228144, 'log_learning_rate_D_dagger': -2.1443038228068003, 'training_batch_size': 12, 'training_p': 7}
	 epoch  0 training error:  tensor(1.0110, device='cuda:0', grad_fn=<DivBackward0>)
Memory status after this epoch: 
Memory allocated:  107.7109375
Memory cached:  460.0
	 epoch  10 training error:  tensor(0.5117, device='cuda:0', grad_fn=<DivBackward0>)
Memory status after this epoch: 
Memory allocated:  107.7109375
Memory cached:  462.0
	 epoch  20 training error:  tensor(0.2163, device='cuda:0', grad_fn=<DivBackward0>)
Memory status after this epoch: 
Memory allocated:  107.7109375
Memory cached:  460.0
	 epoch  30 training error:  tensor(0.1486, device='cuda:0', grad_fn=<DivBackward0>)
Memory status after this epoch: 
Memory allocated:  107.7109375
Memory cached:  460.0
	 epoch  40 training error:  tensor(0.3074, device='cuda:0', grad_fn=<DivBackward0>)
Memory status after this epoch: 
Memory allocated:  107.7109375
Memory cached:  460.0
	 epoch  50 training error:  tensor(0.2144, device='cuda:0', grad_fn=<DivBackward0>)
Memory status after this epoch: 
Memory allocated:  107.7109375
Memory cached:  462.0
	 epoch  60 training error:  tensor(0.1474, device='cuda:0', grad_fn=<DivBackward0>)
Memory status after this epoch: 
Memory allocated:  107.7109375
Memory cached:  462.0
	 epoch  70 training error:  tensor(0.1459, device='cuda:0', grad_fn=<DivBackward0>)
Memory status after this epoch: 
Memory allocated:  107.7109375
Memory cached:  460.0
	 epoch  80 training error:  tensor(0.1463, device='cuda:0', grad_fn=<DivBackward0>)
Memory status after this epoch: 
Memory allocated:  107.7109375
Memory cached:  462.0
	 epoch  90 training error:  tensor(0.1445, device='cuda:0', grad_fn=<DivBackward0>)
Memory status after this epoch: 
Memory allocated:  107.7109375
Memory cached:  460.0
[I 2023-12-03 01:30:46,389] Trial 39 finished with value: 0.10969062894582748 and parameters: {'W_layers': 4, 'W_layer_units_exponent_0': 5, 'W_layer_units_exponent_1': 5, 'W_layer_units_exponent_2': 7, 'W_layer_units_exponent_3': 6, 'D_layers': 7, 'D_layer_units_exponent_0': 4, 'D_layer_units_exponent_1': 7, 'D_layer_units_exponent_2': 6, 'D_layer_units_exponent_3': 6, 'D_layer_units_exponent_4': 4, 'D_layer_units_exponent_5': 9, 'D_layer_units_exponent_6': 4, 'D_dagger_layers': 4, 'D_dagger_layer_units_exponent_0': 5, 'D_dagger_layer_units_exponent_1': 8, 'D_dagger_layer_units_exponent_2': 8, 'D_dagger_layer_units_exponent_3': 6, 'log_learning_rate': -3.8031055796828253, 'log_learning_rate_D': -2.1693305132228144, 'log_learning_rate_D_dagger': -2.1443038228068003, 'training_batch_size': 12, 'training_p': 7}. Best is trial 28 with value: 0.010422646068036556.
Time for this trial:  181.01717805862427
Memory status after this trial: 
Memory allocated:  195.61865234375
Memory cached:  458.0
--------------------  Trial  40   --------------------
Start timing: 
Parameters: 
{'W_layers': 4, 'W_layer_units_exponent_0': 4, 'W_layer_units_exponent_1': 6, 'W_layer_units_exponent_2': 7, 'W_layer_units_exponent_3': 8, 'D_layers': 3, 'D_layer_units_exponent_0': 4, 'D_layer_units_exponent_1': 6, 'D_layer_units_exponent_2': 5, 'D_dagger_layers': 4, 'D_dagger_layer_units_exponent_0': 5, 'D_dagger_layer_units_exponent_1': 7, 'D_dagger_layer_units_exponent_2': 9, 'D_dagger_layer_units_exponent_3': 5, 'log_learning_rate': -3.4215676859218553, 'log_learning_rate_D': -1.917254054345992, 'log_learning_rate_D_dagger': -2.9741289289866115, 'training_batch_size': 12, 'training_p': 4}
	 epoch  0 training error:  tensor(0.9940, device='cuda:0', grad_fn=<DivBackward0>)
Memory status after this epoch: 
Memory allocated:  107.640625
Memory cached:  458.0
	 epoch  10 training error:  tensor(0.1587, device='cuda:0', grad_fn=<DivBackward0>)
Memory status after this epoch: 
Memory allocated:  107.640625
Memory cached:  458.0
	 epoch  20 training error:  tensor(0.1357, device='cuda:0', grad_fn=<DivBackward0>)
Memory status after this epoch: 
Memory allocated:  107.640625
Memory cached:  458.0
	 epoch  30 training error:  tensor(0.1335, device='cuda:0', grad_fn=<DivBackward0>)
Memory status after this epoch: 
Memory allocated:  107.640625
Memory cached:  458.0
	 epoch  40 training error:  tensor(0.1260, device='cuda:0', grad_fn=<DivBackward0>)
Memory status after this epoch: 
Memory allocated:  107.640625
Memory cached:  458.0
	 epoch  50 training error:  tensor(0.1242, device='cuda:0', grad_fn=<DivBackward0>)
Memory status after this epoch: 
Memory allocated:  107.640625
Memory cached:  458.0
	 epoch  60 training error:  tensor(0.1234, device='cuda:0', grad_fn=<DivBackward0>)
Memory status after this epoch: 
Memory allocated:  107.640625
Memory cached:  458.0
	 epoch  70 training error:  tensor(0.1227, device='cuda:0', grad_fn=<DivBackward0>)
Memory status after this epoch: 
Memory allocated:  107.640625
Memory cached:  458.0
	 epoch  80 training error:  tensor(0.1220, device='cuda:0', grad_fn=<DivBackward0>)
Memory status after this epoch: 
Memory allocated:  107.640625
Memory cached:  458.0
	 epoch  90 training error:  tensor(0.1209, device='cuda:0', grad_fn=<DivBackward0>)
Memory status after this epoch: 
Memory allocated:  107.640625
Memory cached:  458.0
[I 2023-12-03 01:33:17,715] Trial 40 finished with value: 0.09543855488300323 and parameters: {'W_layers': 4, 'W_layer_units_exponent_0': 4, 'W_layer_units_exponent_1': 6, 'W_layer_units_exponent_2': 7, 'W_layer_units_exponent_3': 8, 'D_layers': 3, 'D_layer_units_exponent_0': 4, 'D_layer_units_exponent_1': 6, 'D_layer_units_exponent_2': 5, 'D_dagger_layers': 4, 'D_dagger_layer_units_exponent_0': 5, 'D_dagger_layer_units_exponent_1': 7, 'D_dagger_layer_units_exponent_2': 9, 'D_dagger_layer_units_exponent_3': 5, 'log_learning_rate': -3.4215676859218553, 'log_learning_rate_D': -1.917254054345992, 'log_learning_rate_D_dagger': -2.9741289289866115, 'training_batch_size': 12, 'training_p': 4}. Best is trial 28 with value: 0.010422646068036556.
Time for this trial:  151.091481924057
Memory status after this trial: 
Memory allocated:  173.1123046875
Memory cached:  458.0
--------------------  Trial  41   --------------------
Start timing: 
Parameters: 
{'W_layers': 3, 'W_layer_units_exponent_0': 5, 'W_layer_units_exponent_1': 6, 'W_layer_units_exponent_2': 8, 'D_layers': 6, 'D_layer_units_exponent_0': 5, 'D_layer_units_exponent_1': 7, 'D_layer_units_exponent_2': 5, 'D_layer_units_exponent_3': 4, 'D_layer_units_exponent_4': 4, 'D_layer_units_exponent_5': 8, 'D_dagger_layers': 5, 'D_dagger_layer_units_exponent_0': 6, 'D_dagger_layer_units_exponent_1': 8, 'D_dagger_layer_units_exponent_2': 10, 'D_dagger_layer_units_exponent_3': 8, 'D_dagger_layer_units_exponent_4': 6, 'log_learning_rate': -3.1225044228003322, 'log_learning_rate_D': -1.6577003072077834, 'log_learning_rate_D_dagger': -3.4230031390015734, 'training_batch_size': 11, 'training_p': 5}
	 epoch  0 training error:  tensor(1.0089, device='cuda:0', grad_fn=<DivBackward0>)
Memory status after this epoch: 
Memory allocated:  114.642578125
Memory cached:  460.0
	 epoch  10 training error:  tensor(0.1914, device='cuda:0', grad_fn=<DivBackward0>)
Memory status after this epoch: 
Memory allocated:  114.642578125
Memory cached:  476.0
	 epoch  20 training error:  tensor(0.1386, device='cuda:0', grad_fn=<DivBackward0>)
Memory status after this epoch: 
Memory allocated:  114.642578125
Memory cached:  476.0
	 epoch  30 training error:  tensor(0.1404, device='cuda:0', grad_fn=<DivBackward0>)
Memory status after this epoch: 
Memory allocated:  114.642578125
Memory cached:  476.0
	 epoch  40 training error:  tensor(0.1336, device='cuda:0', grad_fn=<DivBackward0>)
Memory status after this epoch: 
Memory allocated:  114.642578125
Memory cached:  478.0
	 epoch  50 training error:  tensor(0.1318, device='cuda:0', grad_fn=<DivBackward0>)
Memory status after this epoch: 
Memory allocated:  114.642578125
Memory cached:  474.0
	 epoch  60 training error:  tensor(0.1314, device='cuda:0', grad_fn=<DivBackward0>)
Memory status after this epoch: 
Memory allocated:  114.642578125
Memory cached:  466.0
	 epoch  70 training error:  tensor(0.1276, device='cuda:0', grad_fn=<DivBackward0>)
Memory status after this epoch: 
Memory allocated:  114.642578125
Memory cached:  470.0
	 epoch  80 training error:  tensor(0.1623, device='cuda:0', grad_fn=<DivBackward0>)
Memory status after this epoch: 
Memory allocated:  114.642578125
Memory cached:  474.0
	 epoch  90 training error:  tensor(0.1413, device='cuda:0', grad_fn=<DivBackward0>)
Memory status after this epoch: 
Memory allocated:  114.642578125
Memory cached:  470.0
[I 2023-12-03 01:36:17,634] Trial 41 finished with value: 0.06657280027866364 and parameters: {'W_layers': 3, 'W_layer_units_exponent_0': 5, 'W_layer_units_exponent_1': 6, 'W_layer_units_exponent_2': 8, 'D_layers': 6, 'D_layer_units_exponent_0': 5, 'D_layer_units_exponent_1': 7, 'D_layer_units_exponent_2': 5, 'D_layer_units_exponent_3': 4, 'D_layer_units_exponent_4': 4, 'D_layer_units_exponent_5': 8, 'D_dagger_layers': 5, 'D_dagger_layer_units_exponent_0': 6, 'D_dagger_layer_units_exponent_1': 8, 'D_dagger_layer_units_exponent_2': 10, 'D_dagger_layer_units_exponent_3': 8, 'D_dagger_layer_units_exponent_4': 6, 'log_learning_rate': -3.1225044228003322, 'log_learning_rate_D': -1.6577003072077834, 'log_learning_rate_D_dagger': -3.4230031390015734, 'training_batch_size': 11, 'training_p': 5}. Best is trial 28 with value: 0.010422646068036556.
Time for this trial:  179.65535831451416
Memory status after this trial: 
Memory allocated:  239.42041015625
Memory cached:  468.0
--------------------  Trial  42   --------------------
Start timing: 
Parameters: 
{'W_layers': 3, 'W_layer_units_exponent_0': 7, 'W_layer_units_exponent_1': 6, 'W_layer_units_exponent_2': 4, 'D_layers': 6, 'D_layer_units_exponent_0': 5, 'D_layer_units_exponent_1': 6, 'D_layer_units_exponent_2': 4, 'D_layer_units_exponent_3': 4, 'D_layer_units_exponent_4': 6, 'D_layer_units_exponent_5': 9, 'D_dagger_layers': 5, 'D_dagger_layer_units_exponent_0': 6, 'D_dagger_layer_units_exponent_1': 9, 'D_dagger_layer_units_exponent_2': 10, 'D_dagger_layer_units_exponent_3': 6, 'D_dagger_layer_units_exponent_4': 5, 'log_learning_rate': -3.2286531514331327, 'log_learning_rate_D': -2.133867249254515, 'log_learning_rate_D_dagger': -3.188064659092169, 'training_batch_size': 12, 'training_p': 6}
	 epoch  0 training error:  tensor(0.9977, device='cuda:0', grad_fn=<DivBackward0>)
Memory status after this epoch: 
Memory allocated:  115.90625
Memory cached:  482.0
	 epoch  10 training error:  tensor(0.1963, device='cuda:0', grad_fn=<DivBackward0>)
Memory status after this epoch: 
Memory allocated:  115.90625
Memory cached:  484.0
	 epoch  20 training error:  tensor(0.1766, device='cuda:0', grad_fn=<DivBackward0>)
Memory status after this epoch: 
Memory allocated:  115.90625
Memory cached:  494.0
	 epoch  30 training error:  tensor(0.1502, device='cuda:0', grad_fn=<DivBackward0>)
Memory status after this epoch: 
Memory allocated:  115.90625
Memory cached:  490.0
	 epoch  40 training error:  tensor(0.1467, device='cuda:0', grad_fn=<DivBackward0>)
Memory status after this epoch: 
Memory allocated:  115.90625
Memory cached:  484.0
	 epoch  50 training error:  tensor(0.1457, device='cuda:0', grad_fn=<DivBackward0>)
Memory status after this epoch: 
Memory allocated:  115.90625
Memory cached:  490.0
	 epoch  60 training error:  tensor(0.1439, device='cuda:0', grad_fn=<DivBackward0>)
Memory status after this epoch: 
Memory allocated:  115.90625
Memory cached:  488.0
	 epoch  70 training error:  tensor(0.1389, device='cuda:0', grad_fn=<DivBackward0>)
Memory status after this epoch: 
Memory allocated:  115.90625
Memory cached:  488.0
	 epoch  80 training error:  tensor(0.1283, device='cuda:0', grad_fn=<DivBackward0>)
Memory status after this epoch: 
Memory allocated:  115.90625
Memory cached:  486.0
	 epoch  90 training error:  tensor(0.1387, device='cuda:0', grad_fn=<DivBackward0>)
Memory status after this epoch: 
Memory allocated:  115.90625
Memory cached:  486.0
[I 2023-12-03 01:39:18,581] Trial 42 finished with value: 0.07360069453716278 and parameters: {'W_layers': 3, 'W_layer_units_exponent_0': 7, 'W_layer_units_exponent_1': 6, 'W_layer_units_exponent_2': 4, 'D_layers': 6, 'D_layer_units_exponent_0': 5, 'D_layer_units_exponent_1': 6, 'D_layer_units_exponent_2': 4, 'D_layer_units_exponent_3': 4, 'D_layer_units_exponent_4': 6, 'D_layer_units_exponent_5': 9, 'D_dagger_layers': 5, 'D_dagger_layer_units_exponent_0': 6, 'D_dagger_layer_units_exponent_1': 9, 'D_dagger_layer_units_exponent_2': 10, 'D_dagger_layer_units_exponent_3': 6, 'D_dagger_layer_units_exponent_4': 5, 'log_learning_rate': -3.2286531514331327, 'log_learning_rate_D': -2.133867249254515, 'log_learning_rate_D_dagger': -3.188064659092169, 'training_batch_size': 12, 'training_p': 6}. Best is trial 28 with value: 0.010422646068036556.
Time for this trial:  180.64910554885864
Memory status after this trial: 
Memory allocated:  246.2021484375
Memory cached:  492.0
--------------------  Trial  43   --------------------
Start timing: 
Parameters: 
{'W_layers': 2, 'W_layer_units_exponent_0': 6, 'W_layer_units_exponent_1': 5, 'D_layers': 5, 'D_layer_units_exponent_0': 4, 'D_layer_units_exponent_1': 7, 'D_layer_units_exponent_2': 5, 'D_layer_units_exponent_3': 5, 'D_layer_units_exponent_4': 4, 'D_dagger_layers': 4, 'D_dagger_layer_units_exponent_0': 5, 'D_dagger_layer_units_exponent_1': 8, 'D_dagger_layer_units_exponent_2': 10, 'D_dagger_layer_units_exponent_3': 7, 'log_learning_rate': -2.8606415437854125, 'log_learning_rate_D': -1.0016872464521844, 'log_learning_rate_D_dagger': -3.62865235335931, 'training_batch_size': 11, 'training_p': 5}
	 epoch  0 training error:  tensor(0.9714, device='cuda:0', grad_fn=<DivBackward0>)
Memory status after this epoch: 
Memory allocated:  111.919921875
Memory cached:  460.0
	 epoch  10 training error:  tensor(0.1873, device='cuda:0', grad_fn=<DivBackward0>)
Memory status after this epoch: 
Memory allocated:  111.919921875
Memory cached:  460.0
	 epoch  20 training error:  tensor(0.1921, device='cuda:0', grad_fn=<DivBackward0>)
Memory status after this epoch: 
Memory allocated:  111.919921875
Memory cached:  460.0
	 epoch  30 training error:  tensor(0.1511, device='cuda:0', grad_fn=<DivBackward0>)
Memory status after this epoch: 
Memory allocated:  111.919921875
Memory cached:  460.0
	 epoch  40 training error:  tensor(0.1435, device='cuda:0', grad_fn=<DivBackward0>)
Memory status after this epoch: 
Memory allocated:  111.919921875
Memory cached:  460.0
	 epoch  50 training error:  tensor(0.1376, device='cuda:0', grad_fn=<DivBackward0>)
Memory status after this epoch: 
Memory allocated:  111.919921875
Memory cached:  460.0
	 epoch  60 training error:  tensor(0.1379, device='cuda:0', grad_fn=<DivBackward0>)
Memory status after this epoch: 
Memory allocated:  111.919921875
Memory cached:  460.0
	 epoch  70 training error:  tensor(0.1571, device='cuda:0', grad_fn=<DivBackward0>)
Memory status after this epoch: 
Memory allocated:  111.919921875
Memory cached:  460.0
	 epoch  80 training error:  tensor(0.1936, device='cuda:0', grad_fn=<DivBackward0>)
Memory status after this epoch: 
Memory allocated:  111.919921875
Memory cached:  460.0
	 epoch  90 training error:  tensor(0.1572, device='cuda:0', grad_fn=<DivBackward0>)
Memory status after this epoch: 
Memory allocated:  111.919921875
Memory cached:  460.0
[I 2023-12-03 01:41:50,575] Trial 43 finished with value: 0.09938918054103851 and parameters: {'W_layers': 2, 'W_layer_units_exponent_0': 6, 'W_layer_units_exponent_1': 5, 'D_layers': 5, 'D_layer_units_exponent_0': 4, 'D_layer_units_exponent_1': 7, 'D_layer_units_exponent_2': 5, 'D_layer_units_exponent_3': 5, 'D_layer_units_exponent_4': 4, 'D_dagger_layers': 4, 'D_dagger_layer_units_exponent_0': 5, 'D_dagger_layer_units_exponent_1': 8, 'D_dagger_layer_units_exponent_2': 10, 'D_dagger_layer_units_exponent_3': 7, 'log_learning_rate': -2.8606415437854125, 'log_learning_rate_D': -1.0016872464521844, 'log_learning_rate_D_dagger': -3.62865235335931, 'training_batch_size': 11, 'training_p': 5}. Best is trial 28 with value: 0.010422646068036556.
Time for this trial:  151.74481296539307
Memory status after this trial: 
Memory allocated:  201.8984375
Memory cached:  458.0
--------------------  Trial  44   --------------------
Start timing: 
Parameters: 
{'W_layers': 3, 'W_layer_units_exponent_0': 8, 'W_layer_units_exponent_1': 4, 'W_layer_units_exponent_2': 9, 'D_layers': 6, 'D_layer_units_exponent_0': 8, 'D_layer_units_exponent_1': 6, 'D_layer_units_exponent_2': 6, 'D_layer_units_exponent_3': 4, 'D_layer_units_exponent_4': 5, 'D_layer_units_exponent_5': 8, 'D_dagger_layers': 6, 'D_dagger_layer_units_exponent_0': 6, 'D_dagger_layer_units_exponent_1': 9, 'D_dagger_layer_units_exponent_2': 9, 'D_dagger_layer_units_exponent_3': 9, 'D_dagger_layer_units_exponent_4': 9, 'D_dagger_layer_units_exponent_5': 5, 'log_learning_rate': -3.466894495252279, 'log_learning_rate_D': -1.8702058372984833, 'log_learning_rate_D_dagger': -3.394159622271869, 'training_batch_size': 9, 'training_p': 6}
	 epoch  0 training error:  tensor(0.9878, device='cuda:0', grad_fn=<DivBackward0>)
Memory status after this epoch: 
Memory allocated:  119.083984375
Memory cached:  468.0
	 epoch  10 training error:  tensor(0.2452, device='cuda:0', grad_fn=<DivBackward0>)
Memory status after this epoch: 
Memory allocated:  119.083984375
Memory cached:  470.0
	 epoch  20 training error:  tensor(0.1534, device='cuda:0', grad_fn=<DivBackward0>)
Memory status after this epoch: 
Memory allocated:  119.083984375
Memory cached:  468.0
	 epoch  30 training error:  tensor(0.1479, device='cuda:0', grad_fn=<DivBackward0>)
Memory status after this epoch: 
Memory allocated:  119.083984375
Memory cached:  470.0
	 epoch  40 training error:  tensor(0.1445, device='cuda:0', grad_fn=<DivBackward0>)
Memory status after this epoch: 
Memory allocated:  119.083984375
Memory cached:  468.0
	 epoch  50 training error:  tensor(0.1432, device='cuda:0', grad_fn=<DivBackward0>)
Memory status after this epoch: 
Memory allocated:  119.083984375
Memory cached:  472.0
	 epoch  60 training error:  tensor(0.1425, device='cuda:0', grad_fn=<DivBackward0>)
Memory status after this epoch: 
Memory allocated:  119.083984375
Memory cached:  470.0
	 epoch  70 training error:  tensor(0.1416, device='cuda:0', grad_fn=<DivBackward0>)
Memory status after this epoch: 
Memory allocated:  119.083984375
Memory cached:  472.0
	 epoch  80 training error:  tensor(0.1408, device='cuda:0', grad_fn=<DivBackward0>)
Memory status after this epoch: 
Memory allocated:  119.083984375
Memory cached:  472.0
	 epoch  90 training error:  tensor(0.1382, device='cuda:0', grad_fn=<DivBackward0>)
Memory status after this epoch: 
Memory allocated:  119.083984375
Memory cached:  470.0
