[I 2024-01-10 21:12:50,709] Trial 65 finished with value: 0.1289306879043579 and parameters: {'W_layers': 4, 'W_layer_units_exponent_0': 9, 'W_layer_units_exponent_1': 4, 'W_layer_units_exponent_2': 4, 'W_layer_units_exponent_3': 6, 'D_layers': 3, 'D_layer_units_exponent_0': 10, 'D_layer_units_exponent_1': 5, 'D_layer_units_exponent_2': 7, 'D_dagger_layers': 3, 'D_dagger_layer_units_exponent_0': 9, 'D_dagger_layer_units_exponent_1': 5, 'D_dagger_layer_units_exponent_2': 4, 'log_learning_rate': -3.9052066143515916, 'log_learning_rate_D': -2.966063561517814, 'log_learning_rate_D_dagger': -2.2359595951392794, 'training_batch_size': 6, 'training_p': 2}. Best is trial 52 with value: 0.08483626693487167.
Time for this trial:  392.0901288986206
Memory status after this trial: 
Memory allocated:  597.83203125
Memory cached:  636.0
--------------------  Trial  66   --------------------
Start timing: 
Parameters: 
{'W_layers': 4, 'W_layer_units_exponent_0': 9, 'W_layer_units_exponent_1': 4, 'W_layer_units_exponent_2': 4, 'W_layer_units_exponent_3': 6, 'D_layers': 3, 'D_layer_units_exponent_0': 9, 'D_layer_units_exponent_1': 6, 'D_layer_units_exponent_2': 7, 'D_dagger_layers': 3, 'D_dagger_layer_units_exponent_0': 9, 'D_dagger_layer_units_exponent_1': 5, 'D_dagger_layer_units_exponent_2': 4, 'log_learning_rate': -3.8940147750800516, 'log_learning_rate_D': -2.9965101704937918, 'log_learning_rate_D_dagger': -2.2247225599367226, 'training_batch_size': 7, 'training_p': 2}
	 epoch  0 training error:  tensor(0.9404, device='cuda:0', grad_fn=<DivBackward0>)
Memory status after this epoch: 
Memory allocated:  351.212890625
Memory cached:  636.0
	 epoch  10 training error:  tensor(0.2655, device='cuda:0', grad_fn=<DivBackward0>)
Memory status after this epoch: 
Memory allocated:  351.212890625
Memory cached:  636.0
	 epoch  20 training error:  tensor(0.1892, device='cuda:0', grad_fn=<DivBackward0>)
Memory status after this epoch: 
Memory allocated:  351.212890625
Memory cached:  636.0
	 epoch  30 training error:  tensor(0.1842, device='cuda:0', grad_fn=<DivBackward0>)
Memory status after this epoch: 
Memory allocated:  351.212890625
Memory cached:  636.0
	 epoch  40 training error:  tensor(0.1919, device='cuda:0', grad_fn=<DivBackward0>)
Memory status after this epoch: 
Memory allocated:  351.212890625
Memory cached:  636.0
	 epoch  50 training error:  tensor(0.1816, device='cuda:0', grad_fn=<DivBackward0>)
Memory status after this epoch: 
Memory allocated:  351.212890625
Memory cached:  636.0
	 epoch  60 training error:  tensor(0.1836, device='cuda:0', grad_fn=<DivBackward0>)
Memory status after this epoch: 
Memory allocated:  351.212890625
Memory cached:  636.0
	 epoch  70 training error:  tensor(0.1837, device='cuda:0', grad_fn=<DivBackward0>)
Memory status after this epoch: 
Memory allocated:  351.212890625
Memory cached:  636.0
	 epoch  80 training error:  tensor(0.1779, device='cuda:0', grad_fn=<DivBackward0>)
Memory status after this epoch: 
Memory allocated:  351.212890625
Memory cached:  636.0
	 epoch  90 training error:  tensor(0.1642, device='cuda:0', grad_fn=<DivBackward0>)
Memory status after this epoch: 
Memory allocated:  351.212890625
Memory cached:  636.0
[I 2024-01-10 21:17:29,300] Trial 66 finished with value: 0.18694089353084564 and parameters: {'W_layers': 4, 'W_layer_units_exponent_0': 9, 'W_layer_units_exponent_1': 4, 'W_layer_units_exponent_2': 4, 'W_layer_units_exponent_3': 6, 'D_layers': 3, 'D_layer_units_exponent_0': 9, 'D_layer_units_exponent_1': 6, 'D_layer_units_exponent_2': 7, 'D_dagger_layers': 3, 'D_dagger_layer_units_exponent_0': 9, 'D_dagger_layer_units_exponent_1': 5, 'D_dagger_layer_units_exponent_2': 4, 'log_learning_rate': -3.8940147750800516, 'log_learning_rate_D': -2.9965101704937918, 'log_learning_rate_D_dagger': -2.2247225599367226, 'training_batch_size': 7, 'training_p': 2}. Best is trial 52 with value: 0.08483626693487167.
Time for this trial:  278.2513246536255
Memory status after this trial: 
Memory allocated:  547.048828125
Memory cached:  636.0
--------------------  Trial  67   --------------------
Start timing: 
Parameters: 
{'W_layers': 4, 'W_layer_units_exponent_0': 9, 'W_layer_units_exponent_1': 4, 'W_layer_units_exponent_2': 4, 'W_layer_units_exponent_3': 6, 'D_layers': 3, 'D_layer_units_exponent_0': 10, 'D_layer_units_exponent_1': 5, 'D_layer_units_exponent_2': 8, 'D_dagger_layers': 3, 'D_dagger_layer_units_exponent_0': 9, 'D_dagger_layer_units_exponent_1': 4, 'D_dagger_layer_units_exponent_2': 4, 'log_learning_rate': -3.377415278120318, 'log_learning_rate_D': -2.7675701257042307, 'log_learning_rate_D_dagger': -2.295977273767318, 'training_batch_size': 6, 'training_p': 2}
	 epoch  0 training error:  tensor(0.6889, device='cuda:0', grad_fn=<DivBackward0>)
Memory status after this epoch: 
Memory allocated:  351.1533203125
Memory cached:  638.0
	 epoch  10 training error:  tensor(0.2051, device='cuda:0', grad_fn=<DivBackward0>)
Memory status after this epoch: 
Memory allocated:  351.1533203125
Memory cached:  636.0
	 epoch  20 training error:  tensor(0.1940, device='cuda:0', grad_fn=<DivBackward0>)
Memory status after this epoch: 
Memory allocated:  351.1533203125
Memory cached:  636.0
	 epoch  30 training error:  tensor(0.1845, device='cuda:0', grad_fn=<DivBackward0>)
Memory status after this epoch: 
Memory allocated:  351.1533203125
Memory cached:  636.0
	 epoch  40 training error:  tensor(0.1759, device='cuda:0', grad_fn=<DivBackward0>)
Memory status after this epoch: 
Memory allocated:  351.1533203125
Memory cached:  636.0
	 epoch  50 training error:  tensor(0.1994, device='cuda:0', grad_fn=<DivBackward0>)
Memory status after this epoch: 
Memory allocated:  351.1533203125
Memory cached:  636.0
	 epoch  60 training error:  tensor(0.2157, device='cuda:0', grad_fn=<DivBackward0>)
Memory status after this epoch: 
Memory allocated:  351.1533203125
Memory cached:  636.0
	 epoch  70 training error:  tensor(0.2083, device='cuda:0', grad_fn=<DivBackward0>)
Memory status after this epoch: 
Memory allocated:  351.1533203125
Memory cached:  636.0
	 epoch  80 training error:  tensor(0.1875, device='cuda:0', grad_fn=<DivBackward0>)
Memory status after this epoch: 
Memory allocated:  351.1533203125
Memory cached:  636.0
	 epoch  90 training error:  tensor(0.1956, device='cuda:0', grad_fn=<DivBackward0>)
Memory status after this epoch: 
Memory allocated:  351.1533203125
Memory cached:  636.0
[I 2024-01-10 21:23:48,402] Trial 67 finished with value: 0.20840787887573242 and parameters: {'W_layers': 4, 'W_layer_units_exponent_0': 9, 'W_layer_units_exponent_1': 4, 'W_layer_units_exponent_2': 4, 'W_layer_units_exponent_3': 6, 'D_layers': 3, 'D_layer_units_exponent_0': 10, 'D_layer_units_exponent_1': 5, 'D_layer_units_exponent_2': 8, 'D_dagger_layers': 3, 'D_dagger_layer_units_exponent_0': 9, 'D_dagger_layer_units_exponent_1': 4, 'D_dagger_layer_units_exponent_2': 4, 'log_learning_rate': -3.377415278120318, 'log_learning_rate_D': -2.7675701257042307, 'log_learning_rate_D_dagger': -2.295977273767318, 'training_batch_size': 6, 'training_p': 2}. Best is trial 52 with value: 0.08483626693487167.
Time for this trial:  378.72744965553284
Memory status after this trial: 
Memory allocated:  607.693359375
Memory cached:  636.0
--------------------  Trial  68   --------------------
Start timing: 
Parameters: 
{'W_layers': 4, 'W_layer_units_exponent_0': 10, 'W_layer_units_exponent_1': 4, 'W_layer_units_exponent_2': 4, 'W_layer_units_exponent_3': 6, 'D_layers': 2, 'D_layer_units_exponent_0': 9, 'D_layer_units_exponent_1': 5, 'D_dagger_layers': 8, 'D_dagger_layer_units_exponent_0': 9, 'D_dagger_layer_units_exponent_1': 5, 'D_dagger_layer_units_exponent_2': 4, 'D_dagger_layer_units_exponent_3': 9, 'D_dagger_layer_units_exponent_4': 9, 'D_dagger_layer_units_exponent_5': 8, 'D_dagger_layer_units_exponent_6': 10, 'D_dagger_layer_units_exponent_7': 4, 'log_learning_rate': -3.5144384938724054, 'log_learning_rate_D': -2.914716987412429, 'log_learning_rate_D_dagger': -1.9047985973957002, 'training_batch_size': 6, 'training_p': 3}
	 epoch  0 training error:  tensor(16.1414, device='cuda:0', grad_fn=<DivBackward0>)
Memory status after this epoch: 
Memory allocated:  361.4384765625
Memory cached:  648.0
	 epoch  10 training error:  tensor(0.6379, device='cuda:0', grad_fn=<DivBackward0>)
Memory status after this epoch: 
Memory allocated:  361.4384765625
Memory cached:  658.0
	 epoch  20 training error:  tensor(0.6380, device='cuda:0', grad_fn=<DivBackward0>)
Memory status after this epoch: 
Memory allocated:  361.4384765625
Memory cached:  658.0
	 epoch  30 training error:  tensor(0.6382, device='cuda:0', grad_fn=<DivBackward0>)
Memory status after this epoch: 
Memory allocated:  361.4384765625
Memory cached:  658.0
	 epoch  40 training error:  tensor(0.6378, device='cuda:0', grad_fn=<DivBackward0>)
Memory status after this epoch: 
Memory allocated:  361.4384765625
Memory cached:  656.0
	 epoch  50 training error:  tensor(0.6379, device='cuda:0', grad_fn=<DivBackward0>)
Memory status after this epoch: 
Memory allocated:  361.4384765625
Memory cached:  658.0
	 epoch  60 training error:  tensor(0.6397, device='cuda:0', grad_fn=<DivBackward0>)
Memory status after this epoch: 
Memory allocated:  361.4384765625
Memory cached:  660.0
	 epoch  70 training error:  tensor(0.6377, device='cuda:0', grad_fn=<DivBackward0>)
Memory status after this epoch: 
Memory allocated:  361.4384765625
Memory cached:  652.0
	 epoch  80 training error:  tensor(0.6377, device='cuda:0', grad_fn=<DivBackward0>)
Memory status after this epoch: 
Memory allocated:  361.4384765625
Memory cached:  652.0
	 epoch  90 training error:  tensor(0.6376, device='cuda:0', grad_fn=<DivBackward0>)
Memory status after this epoch: 
Memory allocated:  361.4384765625
Memory cached:  654.0
[I 2024-01-10 21:31:51,806] Trial 68 finished with value: 0.5787443518638611 and parameters: {'W_layers': 4, 'W_layer_units_exponent_0': 10, 'W_layer_units_exponent_1': 4, 'W_layer_units_exponent_2': 4, 'W_layer_units_exponent_3': 6, 'D_layers': 2, 'D_layer_units_exponent_0': 9, 'D_layer_units_exponent_1': 5, 'D_dagger_layers': 8, 'D_dagger_layer_units_exponent_0': 9, 'D_dagger_layer_units_exponent_1': 5, 'D_dagger_layer_units_exponent_2': 4, 'D_dagger_layer_units_exponent_3': 9, 'D_dagger_layer_units_exponent_4': 9, 'D_dagger_layer_units_exponent_5': 8, 'D_dagger_layer_units_exponent_6': 10, 'D_dagger_layer_units_exponent_7': 4, 'log_learning_rate': -3.5144384938724054, 'log_learning_rate_D': -2.914716987412429, 'log_learning_rate_D_dagger': -1.9047985973957002, 'training_batch_size': 6, 'training_p': 3}. Best is trial 52 with value: 0.08483626693487167.
Time for this trial:  483.0067446231842
Memory status after this trial: 
Memory allocated:  839.2080078125
Memory cached:  846.0
--------------------  Trial  69   --------------------
Start timing: 
Parameters: 
{'W_layers': 4, 'W_layer_units_exponent_0': 9, 'W_layer_units_exponent_1': 4, 'W_layer_units_exponent_2': 4, 'W_layer_units_exponent_3': 7, 'D_layers': 2, 'D_layer_units_exponent_0': 10, 'D_layer_units_exponent_1': 6, 'D_dagger_layers': 2, 'D_dagger_layer_units_exponent_0': 9, 'D_dagger_layer_units_exponent_1': 5, 'log_learning_rate': -3.9858759487690687, 'log_learning_rate_D': -3.1409309034544233, 'log_learning_rate_D_dagger': -2.4762488330703625, 'training_batch_size': 7, 'training_p': 2}
	 epoch  0 training error:  tensor(0.8358, device='cuda:0', grad_fn=<DivBackward0>)
Memory status after this epoch: 
Memory allocated:  351.607421875
Memory cached:  636.0
	 epoch  10 training error:  tensor(0.3488, device='cuda:0', grad_fn=<DivBackward0>)
Memory status after this epoch: 
Memory allocated:  351.607421875
Memory cached:  636.0
	 epoch  20 training error:  tensor(0.2068, device='cuda:0', grad_fn=<DivBackward0>)
Memory status after this epoch: 
Memory allocated:  351.607421875
Memory cached:  636.0
	 epoch  30 training error:  tensor(0.2115, device='cuda:0', grad_fn=<DivBackward0>)
Memory status after this epoch: 
Memory allocated:  351.607421875
Memory cached:  636.0
	 epoch  40 training error:  tensor(0.2247, device='cuda:0', grad_fn=<DivBackward0>)
Memory status after this epoch: 
Memory allocated:  351.607421875
Memory cached:  636.0
	 epoch  50 training error:  tensor(0.1930, device='cuda:0', grad_fn=<DivBackward0>)
Memory status after this epoch: 
Memory allocated:  351.607421875
Memory cached:  636.0
	 epoch  60 training error:  tensor(0.1979, device='cuda:0', grad_fn=<DivBackward0>)
Memory status after this epoch: 
Memory allocated:  351.607421875
Memory cached:  636.0
	 epoch  70 training error:  tensor(0.1960, device='cuda:0', grad_fn=<DivBackward0>)
Memory status after this epoch: 
Memory allocated:  351.607421875
Memory cached:  636.0
	 epoch  80 training error:  tensor(0.1927, device='cuda:0', grad_fn=<DivBackward0>)
Memory status after this epoch: 
Memory allocated:  351.607421875
Memory cached:  636.0
	 epoch  90 training error:  tensor(0.1948, device='cuda:0', grad_fn=<DivBackward0>)
Memory status after this epoch: 
Memory allocated:  351.607421875
Memory cached:  636.0
[I 2024-01-10 21:35:44,113] Trial 69 finished with value: 0.20113496482372284 and parameters: {'W_layers': 4, 'W_layer_units_exponent_0': 9, 'W_layer_units_exponent_1': 4, 'W_layer_units_exponent_2': 4, 'W_layer_units_exponent_3': 7, 'D_layers': 2, 'D_layer_units_exponent_0': 10, 'D_layer_units_exponent_1': 6, 'D_dagger_layers': 2, 'D_dagger_layer_units_exponent_0': 9, 'D_dagger_layer_units_exponent_1': 5, 'log_learning_rate': -3.9858759487690687, 'log_learning_rate_D': -3.1409309034544233, 'log_learning_rate_D_dagger': -2.4762488330703625, 'training_batch_size': 7, 'training_p': 2}. Best is trial 52 with value: 0.08483626693487167.
Time for this trial:  231.9325590133667
Memory status after this trial: 
Memory allocated:  592.724609375
Memory cached:  636.0
--------------------  Trial  70   --------------------
Start timing: 
Parameters: 
{'W_layers': 5, 'W_layer_units_exponent_0': 10, 'W_layer_units_exponent_1': 4, 'W_layer_units_exponent_2': 4, 'W_layer_units_exponent_3': 7, 'W_layer_units_exponent_4': 10, 'D_layers': 3, 'D_layer_units_exponent_0': 9, 'D_layer_units_exponent_1': 5, 'D_layer_units_exponent_2': 9, 'D_dagger_layers': 3, 'D_dagger_layer_units_exponent_0': 10, 'D_dagger_layer_units_exponent_1': 4, 'D_dagger_layer_units_exponent_2': 4, 'log_learning_rate': -3.2282274814929695, 'log_learning_rate_D': -2.879804819354081, 'log_learning_rate_D_dagger': -2.1988604061004726, 'training_batch_size': 6, 'training_p': 3}
	 epoch  0 training error:  tensor(0.8784, device='cuda:0', grad_fn=<DivBackward0>)
Memory status after this epoch: 
Memory allocated:  353.3544921875
Memory cached:  640.0
	 epoch  10 training error:  tensor(0.2593, device='cuda:0', grad_fn=<DivBackward0>)
Memory status after this epoch: 
Memory allocated:  353.3544921875
Memory cached:  640.0
	 epoch  20 training error:  tensor(0.2503, device='cuda:0', grad_fn=<DivBackward0>)
Memory status after this epoch: 
Memory allocated:  353.3544921875
Memory cached:  640.0
	 epoch  30 training error:  tensor(0.1910, device='cuda:0', grad_fn=<DivBackward0>)
Memory status after this epoch: 
Memory allocated:  353.3544921875
Memory cached:  640.0
	 epoch  40 training error:  tensor(0.1670, device='cuda:0', grad_fn=<DivBackward0>)
Memory status after this epoch: 
Memory allocated:  353.3544921875
Memory cached:  638.0
	 epoch  50 training error:  tensor(0.1436, device='cuda:0', grad_fn=<DivBackward0>)
Memory status after this epoch: 
Memory allocated:  353.3544921875
Memory cached:  638.0
	 epoch  60 training error:  tensor(0.1486, device='cuda:0', grad_fn=<DivBackward0>)
Memory status after this epoch: 
Memory allocated:  353.3544921875
Memory cached:  638.0
	 epoch  70 training error:  tensor(0.0994, device='cuda:0', grad_fn=<DivBackward0>)
Memory status after this epoch: 
Memory allocated:  353.3544921875
Memory cached:  638.0
	 epoch  80 training error:  tensor(0.0914, device='cuda:0', grad_fn=<DivBackward0>)
Memory status after this epoch: 
Memory allocated:  353.3544921875
Memory cached:  640.0
	 epoch  90 training error:  tensor(0.0984, device='cuda:0', grad_fn=<DivBackward0>)
Memory status after this epoch: 
Memory allocated:  353.3544921875
Memory cached:  638.0
[I 2024-01-10 21:42:53,308] Trial 70 finished with value: 0.18192723393440247 and parameters: {'W_layers': 5, 'W_layer_units_exponent_0': 10, 'W_layer_units_exponent_1': 4, 'W_layer_units_exponent_2': 4, 'W_layer_units_exponent_3': 7, 'W_layer_units_exponent_4': 10, 'D_layers': 3, 'D_layer_units_exponent_0': 9, 'D_layer_units_exponent_1': 5, 'D_layer_units_exponent_2': 9, 'D_dagger_layers': 3, 'D_dagger_layer_units_exponent_0': 10, 'D_dagger_layer_units_exponent_1': 4, 'D_dagger_layer_units_exponent_2': 4, 'log_learning_rate': -3.2282274814929695, 'log_learning_rate_D': -2.879804819354081, 'log_learning_rate_D_dagger': -2.1988604061004726, 'training_batch_size': 6, 'training_p': 3}. Best is trial 52 with value: 0.08483626693487167.
Time for this trial:  428.82910537719727
Memory status after this trial: 
Memory allocated:  788.7939453125
Memory cached:  792.0
--------------------  Trial  71   --------------------
Start timing: 
Parameters: 
{'W_layers': 5, 'W_layer_units_exponent_0': 10, 'W_layer_units_exponent_1': 5, 'W_layer_units_exponent_2': 5, 'W_layer_units_exponent_3': 6, 'W_layer_units_exponent_4': 7, 'D_layers': 4, 'D_layer_units_exponent_0': 10, 'D_layer_units_exponent_1': 5, 'D_layer_units_exponent_2': 7, 'D_layer_units_exponent_3': 4, 'D_dagger_layers': 3, 'D_dagger_layer_units_exponent_0': 10, 'D_dagger_layer_units_exponent_1': 5, 'D_dagger_layer_units_exponent_2': 5, 'log_learning_rate': -3.6250885793554106, 'log_learning_rate_D': -2.654013414795961, 'log_learning_rate_D_dagger': -2.6882360160217633, 'training_batch_size': 6, 'training_p': 2}
	 epoch  0 training error:  tensor(0.7075, device='cuda:0', grad_fn=<DivBackward0>)
Memory status after this epoch: 
Memory allocated:  352.0751953125
Memory cached:  640.0
	 epoch  10 training error:  tensor(0.2011, device='cuda:0', grad_fn=<DivBackward0>)
Memory status after this epoch: 
Memory allocated:  352.0751953125
Memory cached:  646.0
	 epoch  20 training error:  tensor(0.2099, device='cuda:0', grad_fn=<DivBackward0>)
Memory status after this epoch: 
Memory allocated:  352.0751953125
Memory cached:  652.0
	 epoch  30 training error:  tensor(0.1986, device='cuda:0', grad_fn=<DivBackward0>)
Memory status after this epoch: 
Memory allocated:  352.0751953125
Memory cached:  642.0
	 epoch  40 training error:  tensor(0.1885, device='cuda:0', grad_fn=<DivBackward0>)
Memory status after this epoch: 
Memory allocated:  352.0751953125
Memory cached:  642.0
	 epoch  50 training error:  tensor(0.1881, device='cuda:0', grad_fn=<DivBackward0>)
Memory status after this epoch: 
Memory allocated:  352.0751953125
Memory cached:  648.0
	 epoch  60 training error:  tensor(0.1889, device='cuda:0', grad_fn=<DivBackward0>)
Memory status after this epoch: 
Memory allocated:  352.0751953125
Memory cached:  644.0
	 epoch  70 training error:  tensor(0.1932, device='cuda:0', grad_fn=<DivBackward0>)
Memory status after this epoch: 
Memory allocated:  352.0751953125
Memory cached:  642.0
	 epoch  80 training error:  tensor(0.1430, device='cuda:0', grad_fn=<DivBackward0>)
Memory status after this epoch: 
Memory allocated:  352.0751953125
Memory cached:  644.0
	 epoch  90 training error:  tensor(0.1333, device='cuda:0', grad_fn=<DivBackward0>)
Memory status after this epoch: 
Memory allocated:  352.0751953125
Memory cached:  640.0
