[I 2023-12-03 08:20:39,264] Trial 4 finished with value: 0.10874585062265396 and parameters: {'W_layers': 5, 'W_layer_units_exponent_0': 7, 'W_layer_units_exponent_1': 6, 'W_layer_units_exponent_2': 4, 'W_layer_units_exponent_3': 5, 'W_layer_units_exponent_4': 4, 'D_layers': 6, 'D_layer_units_exponent_0': 10, 'D_layer_units_exponent_1': 7, 'D_layer_units_exponent_2': 10, 'D_layer_units_exponent_3': 5, 'D_layer_units_exponent_4': 7, 'D_layer_units_exponent_5': 10, 'D_dagger_layers': 6, 'D_dagger_layer_units_exponent_0': 5, 'D_dagger_layer_units_exponent_1': 8, 'D_dagger_layer_units_exponent_2': 7, 'D_dagger_layer_units_exponent_3': 8, 'D_dagger_layer_units_exponent_4': 10, 'D_dagger_layer_units_exponent_5': 10, 'log_learning_rate': -3.939526190965158, 'log_learning_rate_D': -4.411651742632246, 'log_learning_rate_D_dagger': -2.902058938222818, 'training_batch_size': 11, 'training_p': 6}. Best is trial 4 with value: 0.10874585062265396.
res:  tensor(0.1087, device='cuda:0', grad_fn=<DivBackward0>)
self.bestValue:  tensor(0.1106, device='cuda:0', grad_fn=<DivBackward0>)
Save this model!
Time for this trial:  238.93382215499878
Memory status after this trial: 
Memory allocated:  335.7978515625
Memory cached:  500.0
--------------------  Trial  5   --------------------
Start timing: 
Parameters: 
{'W_layers': 2, 'W_layer_units_exponent_0': 10, 'W_layer_units_exponent_1': 4, 'D_layers': 3, 'D_layer_units_exponent_0': 5, 'D_layer_units_exponent_1': 7, 'D_layer_units_exponent_2': 10, 'D_dagger_layers': 8, 'D_dagger_layer_units_exponent_0': 5, 'D_dagger_layer_units_exponent_1': 6, 'D_dagger_layer_units_exponent_2': 5, 'D_dagger_layer_units_exponent_3': 4, 'D_dagger_layer_units_exponent_4': 6, 'D_dagger_layer_units_exponent_5': 9, 'D_dagger_layer_units_exponent_6': 8, 'D_dagger_layer_units_exponent_7': 5, 'log_learning_rate': -2.911548517337156, 'log_learning_rate_D': -2.127957680072507, 'log_learning_rate_D_dagger': -1.7293052188387472, 'training_batch_size': 6, 'training_p': 2}
	 epoch  0 training error:  tensor(0.9274, device='cuda:0', grad_fn=<DivBackward0>)
Memory status after this epoch: 
Memory allocated:  340.9833984375
Memory cached:  490.0
	 epoch  10 training error:  tensor(0.1172, device='cuda:0', grad_fn=<DivBackward0>)
Memory status after this epoch: 
Memory allocated:  340.9833984375
Memory cached:  494.0
	 epoch  20 training error:  tensor(0.1106, device='cuda:0', grad_fn=<DivBackward0>)
Memory status after this epoch: 
Memory allocated:  340.9833984375
Memory cached:  496.0
	 epoch  30 training error:  tensor(0.1109, device='cuda:0', grad_fn=<DivBackward0>)
Memory status after this epoch: 
Memory allocated:  340.9833984375
Memory cached:  498.0
	 epoch  40 training error:  tensor(0.1113, device='cuda:0', grad_fn=<DivBackward0>)
Memory status after this epoch: 
Memory allocated:  340.9833984375
Memory cached:  496.0
	 epoch  50 training error:  tensor(0.1103, device='cuda:0', grad_fn=<DivBackward0>)
Memory status after this epoch: 
Memory allocated:  340.9833984375
Memory cached:  506.0
	 epoch  60 training error:  tensor(0.1120, device='cuda:0', grad_fn=<DivBackward0>)
Memory status after this epoch: 
Memory allocated:  340.9833984375
Memory cached:  492.0
	 epoch  70 training error:  tensor(0.1116, device='cuda:0', grad_fn=<DivBackward0>)
Memory status after this epoch: 
Memory allocated:  340.9833984375
Memory cached:  494.0
	 epoch  80 training error:  tensor(0.1105, device='cuda:0', grad_fn=<DivBackward0>)
Memory status after this epoch: 
Memory allocated:  340.9833984375
Memory cached:  488.0
	 epoch  90 training error:  tensor(0.1133, device='cuda:0', grad_fn=<DivBackward0>)
Memory status after this epoch: 
Memory allocated:  340.9833984375
Memory cached:  498.0
[I 2023-12-03 08:25:58,848] Trial 5 finished with value: 0.11893444508314133 and parameters: {'W_layers': 2, 'W_layer_units_exponent_0': 10, 'W_layer_units_exponent_1': 4, 'D_layers': 3, 'D_layer_units_exponent_0': 5, 'D_layer_units_exponent_1': 7, 'D_layer_units_exponent_2': 10, 'D_dagger_layers': 8, 'D_dagger_layer_units_exponent_0': 5, 'D_dagger_layer_units_exponent_1': 6, 'D_dagger_layer_units_exponent_2': 5, 'D_dagger_layer_units_exponent_3': 4, 'D_dagger_layer_units_exponent_4': 6, 'D_dagger_layer_units_exponent_5': 9, 'D_dagger_layer_units_exponent_6': 8, 'D_dagger_layer_units_exponent_7': 5, 'log_learning_rate': -2.911548517337156, 'log_learning_rate_D': -2.127957680072507, 'log_learning_rate_D_dagger': -1.7293052188387472, 'training_batch_size': 6, 'training_p': 2}. Best is trial 4 with value: 0.10874585062265396.
Time for this trial:  319.44821190834045
Memory status after this trial: 
Memory allocated:  503.025390625
Memory cached:  518.0
--------------------  Trial  6   --------------------
Start timing: 
Parameters: 
{'W_layers': 3, 'W_layer_units_exponent_0': 7, 'W_layer_units_exponent_1': 7, 'W_layer_units_exponent_2': 5, 'D_layers': 3, 'D_layer_units_exponent_0': 9, 'D_layer_units_exponent_1': 5, 'D_layer_units_exponent_2': 6, 'D_dagger_layers': 5, 'D_dagger_layer_units_exponent_0': 9, 'D_dagger_layer_units_exponent_1': 8, 'D_dagger_layer_units_exponent_2': 9, 'D_dagger_layer_units_exponent_3': 6, 'D_dagger_layer_units_exponent_4': 10, 'log_learning_rate': -2.048516340758556, 'log_learning_rate_D': -4.344022612963921, 'log_learning_rate_D_dagger': -4.575772096722298, 'training_batch_size': 7, 'training_p': 7}
	 epoch  0 training error:  tensor(0.9934, device='cuda:0', grad_fn=<DivBackward0>)
Memory status after this epoch: 
Memory allocated:  342.1328125
Memory cached:  490.0
	 epoch  10 training error:  tensor(0.3528, device='cuda:0', grad_fn=<DivBackward0>)
Memory status after this epoch: 
Memory allocated:  342.1328125
Memory cached:  490.0
	 epoch  20 training error:  tensor(0.2128, device='cuda:0', grad_fn=<DivBackward0>)
Memory status after this epoch: 
Memory allocated:  342.1328125
Memory cached:  492.0
	 epoch  30 training error:  tensor(0.2122, device='cuda:0', grad_fn=<DivBackward0>)
Memory status after this epoch: 
Memory allocated:  342.1328125
Memory cached:  492.0
	 epoch  40 training error:  tensor(0.2063, device='cuda:0', grad_fn=<DivBackward0>)
Memory status after this epoch: 
Memory allocated:  342.1328125
Memory cached:  494.0
	 epoch  50 training error:  tensor(0.2080, device='cuda:0', grad_fn=<DivBackward0>)
Memory status after this epoch: 
Memory allocated:  342.1328125
Memory cached:  490.0
	 epoch  60 training error:  tensor(0.2025, device='cuda:0', grad_fn=<DivBackward0>)
Memory status after this epoch: 
Memory allocated:  342.1328125
Memory cached:  490.0
	 epoch  70 training error:  tensor(0.2012, device='cuda:0', grad_fn=<DivBackward0>)
Memory status after this epoch: 
Memory allocated:  342.1328125
Memory cached:  490.0
	 epoch  80 training error:  tensor(0.1991, device='cuda:0', grad_fn=<DivBackward0>)
Memory status after this epoch: 
Memory allocated:  342.1328125
Memory cached:  490.0
	 epoch  90 training error:  tensor(0.1964, device='cuda:0', grad_fn=<DivBackward0>)
Memory status after this epoch: 
Memory allocated:  342.1328125
Memory cached:  490.0
[I 2023-12-03 08:28:48,162] Trial 6 finished with value: 0.10427726805210114 and parameters: {'W_layers': 3, 'W_layer_units_exponent_0': 7, 'W_layer_units_exponent_1': 7, 'W_layer_units_exponent_2': 5, 'D_layers': 3, 'D_layer_units_exponent_0': 9, 'D_layer_units_exponent_1': 5, 'D_layer_units_exponent_2': 6, 'D_dagger_layers': 5, 'D_dagger_layer_units_exponent_0': 9, 'D_dagger_layer_units_exponent_1': 8, 'D_dagger_layer_units_exponent_2': 9, 'D_dagger_layer_units_exponent_3': 6, 'D_dagger_layer_units_exponent_4': 10, 'log_learning_rate': -2.048516340758556, 'log_learning_rate_D': -4.344022612963921, 'log_learning_rate_D_dagger': -4.575772096722298, 'training_batch_size': 7, 'training_p': 7}. Best is trial 6 with value: 0.10427726805210114.
res:  tensor(0.1043, device='cuda:0', grad_fn=<DivBackward0>)
self.bestValue:  tensor(0.1087, device='cuda:0', grad_fn=<DivBackward0>)
Save this model!
Time for this trial:  169.14509391784668
Memory status after this trial: 
Memory allocated:  169.1103515625
Memory cached:  374.0
--------------------  Trial  7   --------------------
Start timing: 
Parameters: 
{'W_layers': 7, 'W_layer_units_exponent_0': 7, 'W_layer_units_exponent_1': 9, 'W_layer_units_exponent_2': 6, 'W_layer_units_exponent_3': 10, 'W_layer_units_exponent_4': 7, 'W_layer_units_exponent_5': 7, 'W_layer_units_exponent_6': 5, 'D_layers': 4, 'D_layer_units_exponent_0': 9, 'D_layer_units_exponent_1': 5, 'D_layer_units_exponent_2': 9, 'D_layer_units_exponent_3': 8, 'D_dagger_layers': 8, 'D_dagger_layer_units_exponent_0': 10, 'D_dagger_layer_units_exponent_1': 10, 'D_dagger_layer_units_exponent_2': 9, 'D_dagger_layer_units_exponent_3': 10, 'D_dagger_layer_units_exponent_4': 6, 'D_dagger_layer_units_exponent_5': 9, 'D_dagger_layer_units_exponent_6': 8, 'D_dagger_layer_units_exponent_7': 6, 'log_learning_rate': -3.6936980598615246, 'log_learning_rate_D': -1.0482667234724898, 'log_learning_rate_D_dagger': -3.659577485009785, 'training_batch_size': 11, 'training_p': 6}
	 epoch  0 training error:  tensor(0.9976, device='cuda:0', grad_fn=<DivBackward0>)
Memory status after this epoch: 
Memory allocated:  212.54296875
Memory cached:  388.0
	 epoch  10 training error:  tensor(0.3675, device='cuda:0', grad_fn=<DivBackward0>)
Memory status after this epoch: 
Memory allocated:  212.54296875
Memory cached:  390.0
	 epoch  20 training error:  tensor(0.2687, device='cuda:0', grad_fn=<DivBackward0>)
Memory status after this epoch: 
Memory allocated:  212.54296875
Memory cached:  390.0
	 epoch  30 training error:  tensor(0.2048, device='cuda:0', grad_fn=<DivBackward0>)
Memory status after this epoch: 
Memory allocated:  212.54296875
Memory cached:  390.0
	 epoch  40 training error:  tensor(0.1972, device='cuda:0', grad_fn=<DivBackward0>)
Memory status after this epoch: 
Memory allocated:  212.54296875
Memory cached:  390.0
	 epoch  50 training error:  tensor(0.1952, device='cuda:0', grad_fn=<DivBackward0>)
Memory status after this epoch: 
Memory allocated:  212.54296875
Memory cached:  390.0
	 epoch  60 training error:  tensor(0.1950, device='cuda:0', grad_fn=<DivBackward0>)
Memory status after this epoch: 
Memory allocated:  212.54296875
Memory cached:  390.0
	 epoch  70 training error:  tensor(0.1950, device='cuda:0', grad_fn=<DivBackward0>)
Memory status after this epoch: 
Memory allocated:  212.54296875
Memory cached:  390.0
	 epoch  80 training error:  tensor(0.1950, device='cuda:0', grad_fn=<DivBackward0>)
Memory status after this epoch: 
Memory allocated:  212.54296875
Memory cached:  390.0
	 epoch  90 training error:  tensor(0.1950, device='cuda:0', grad_fn=<DivBackward0>)
Memory status after this epoch: 
Memory allocated:  212.54296875
Memory cached:  390.0
[I 2023-12-03 08:33:11,920] Trial 7 finished with value: 0.11509636789560318 and parameters: {'W_layers': 7, 'W_layer_units_exponent_0': 7, 'W_layer_units_exponent_1': 9, 'W_layer_units_exponent_2': 6, 'W_layer_units_exponent_3': 10, 'W_layer_units_exponent_4': 7, 'W_layer_units_exponent_5': 7, 'W_layer_units_exponent_6': 5, 'D_layers': 4, 'D_layer_units_exponent_0': 9, 'D_layer_units_exponent_1': 5, 'D_layer_units_exponent_2': 9, 'D_layer_units_exponent_3': 8, 'D_dagger_layers': 8, 'D_dagger_layer_units_exponent_0': 10, 'D_dagger_layer_units_exponent_1': 10, 'D_dagger_layer_units_exponent_2': 9, 'D_dagger_layer_units_exponent_3': 10, 'D_dagger_layer_units_exponent_4': 6, 'D_dagger_layer_units_exponent_5': 9, 'D_dagger_layer_units_exponent_6': 8, 'D_dagger_layer_units_exponent_7': 6, 'log_learning_rate': -3.6936980598615246, 'log_learning_rate_D': -1.0482667234724898, 'log_learning_rate_D_dagger': -3.659577485009785, 'training_batch_size': 11, 'training_p': 6}. Best is trial 6 with value: 0.10427726805210114.
Time for this trial:  263.59846925735474
Memory status after this trial: 
Memory allocated:  604.8583984375
Memory cached:  636.0
--------------------  Trial  8   --------------------
Start timing: 
Parameters: 
{'W_layers': 8, 'W_layer_units_exponent_0': 6, 'W_layer_units_exponent_1': 4, 'W_layer_units_exponent_2': 6, 'W_layer_units_exponent_3': 4, 'W_layer_units_exponent_4': 9, 'W_layer_units_exponent_5': 8, 'W_layer_units_exponent_6': 9, 'W_layer_units_exponent_7': 5, 'D_layers': 2, 'D_layer_units_exponent_0': 7, 'D_layer_units_exponent_1': 10, 'D_dagger_layers': 7, 'D_dagger_layer_units_exponent_0': 4, 'D_dagger_layer_units_exponent_1': 10, 'D_dagger_layer_units_exponent_2': 4, 'D_dagger_layer_units_exponent_3': 9, 'D_dagger_layer_units_exponent_4': 5, 'D_dagger_layer_units_exponent_5': 4, 'D_dagger_layer_units_exponent_6': 4, 'log_learning_rate': -3.524380742560866, 'log_learning_rate_D': -1.6115715941943156, 'log_learning_rate_D_dagger': -1.5093166956478674, 'training_batch_size': 8, 'training_p': 2}
	 epoch  0 training error:  tensor(0.9965, device='cuda:0', grad_fn=<DivBackward0>)
Memory status after this epoch: 
Memory allocated:  176.572265625
Memory cached:  350.0
	 epoch  10 training error:  tensor(0.3731, device='cuda:0', grad_fn=<DivBackward0>)
Memory status after this epoch: 
Memory allocated:  176.572265625
Memory cached:  368.0
	 epoch  20 training error:  tensor(0.1598, device='cuda:0', grad_fn=<DivBackward0>)
Memory status after this epoch: 
Memory allocated:  176.572265625
Memory cached:  366.0
	 epoch  30 training error:  tensor(0.1195, device='cuda:0', grad_fn=<DivBackward0>)
Memory status after this epoch: 
Memory allocated:  176.572265625
Memory cached:  366.0
	 epoch  40 training error:  tensor(0.1105, device='cuda:0', grad_fn=<DivBackward0>)
Memory status after this epoch: 
Memory allocated:  176.572265625
Memory cached:  364.0
	 epoch  50 training error:  tensor(0.1103, device='cuda:0', grad_fn=<DivBackward0>)
Memory status after this epoch: 
Memory allocated:  176.572265625
Memory cached:  368.0
	 epoch  60 training error:  tensor(0.1102, device='cuda:0', grad_fn=<DivBackward0>)
Memory status after this epoch: 
Memory allocated:  176.572265625
Memory cached:  364.0
	 epoch  70 training error:  tensor(0.1107, device='cuda:0', grad_fn=<DivBackward0>)
Memory status after this epoch: 
Memory allocated:  176.572265625
Memory cached:  362.0
	 epoch  80 training error:  tensor(0.1107, device='cuda:0', grad_fn=<DivBackward0>)
Memory status after this epoch: 
Memory allocated:  176.572265625
Memory cached:  366.0
	 epoch  90 training error:  tensor(0.1102, device='cuda:0', grad_fn=<DivBackward0>)
Memory status after this epoch: 
Memory allocated:  176.572265625
Memory cached:  362.0
[I 2023-12-03 08:36:51,187] Trial 8 finished with value: 0.11409030109643936 and parameters: {'W_layers': 8, 'W_layer_units_exponent_0': 6, 'W_layer_units_exponent_1': 4, 'W_layer_units_exponent_2': 6, 'W_layer_units_exponent_3': 4, 'W_layer_units_exponent_4': 9, 'W_layer_units_exponent_5': 8, 'W_layer_units_exponent_6': 9, 'W_layer_units_exponent_7': 5, 'D_layers': 2, 'D_layer_units_exponent_0': 7, 'D_layer_units_exponent_1': 10, 'D_dagger_layers': 7, 'D_dagger_layer_units_exponent_0': 4, 'D_dagger_layer_units_exponent_1': 10, 'D_dagger_layer_units_exponent_2': 4, 'D_dagger_layer_units_exponent_3': 9, 'D_dagger_layer_units_exponent_4': 5, 'D_dagger_layer_units_exponent_5': 4, 'D_dagger_layer_units_exponent_6': 4, 'log_learning_rate': -3.524380742560866, 'log_learning_rate_D': -1.6115715941943156, 'log_learning_rate_D_dagger': -1.5093166956478674, 'training_batch_size': 8, 'training_p': 2}. Best is trial 6 with value: 0.10427726805210114.
Time for this trial:  219.08980584144592
Memory status after this trial: 
Memory allocated:  392.82763671875
Memory cached:  398.0
--------------------  Trial  9   --------------------
Start timing: 
Parameters: 
{'W_layers': 3, 'W_layer_units_exponent_0': 5, 'W_layer_units_exponent_1': 4, 'W_layer_units_exponent_2': 5, 'D_layers': 2, 'D_layer_units_exponent_0': 6, 'D_layer_units_exponent_1': 8, 'D_dagger_layers': 5, 'D_dagger_layer_units_exponent_0': 4, 'D_dagger_layer_units_exponent_1': 6, 'D_dagger_layer_units_exponent_2': 7, 'D_dagger_layer_units_exponent_3': 9, 'D_dagger_layer_units_exponent_4': 5, 'log_learning_rate': -3.753453690283786, 'log_learning_rate_D': -2.2081913651970386, 'log_learning_rate_D_dagger': -3.0618995541519736, 'training_batch_size': 11, 'training_p': 5}
	 epoch  0 training error:  tensor(0.9901, device='cuda:0', grad_fn=<DivBackward0>)
Memory status after this epoch: 
Memory allocated:  170.84765625
Memory cached:  348.0
	 epoch  10 training error:  tensor(0.5130, device='cuda:0', grad_fn=<DivBackward0>)
Memory status after this epoch: 
Memory allocated:  170.84765625
Memory cached:  350.0
	 epoch  20 training error:  tensor(0.2337, device='cuda:0', grad_fn=<DivBackward0>)
Memory status after this epoch: 
Memory allocated:  170.84765625
Memory cached:  350.0
	 epoch  30 training error:  tensor(0.1610, device='cuda:0', grad_fn=<DivBackward0>)
Memory status after this epoch: 
Memory allocated:  170.84765625
Memory cached:  350.0
	 epoch  40 training error:  tensor(0.1401, device='cuda:0', grad_fn=<DivBackward0>)
Memory status after this epoch: 
Memory allocated:  170.84765625
Memory cached:  352.0
	 epoch  50 training error:  tensor(0.1340, device='cuda:0', grad_fn=<DivBackward0>)
Memory status after this epoch: 
Memory allocated:  170.84765625
Memory cached:  350.0
	 epoch  60 training error:  tensor(0.1311, device='cuda:0', grad_fn=<DivBackward0>)
Memory status after this epoch: 
Memory allocated:  170.84765625
Memory cached:  352.0
	 epoch  70 training error:  tensor(0.1297, device='cuda:0', grad_fn=<DivBackward0>)
Memory status after this epoch: 
Memory allocated:  170.84765625
Memory cached:  348.0
	 epoch  80 training error:  tensor(0.1278, device='cuda:0', grad_fn=<DivBackward0>)
Memory status after this epoch: 
Memory allocated:  170.84765625
Memory cached:  350.0
	 epoch  90 training error:  tensor(0.1211, device='cuda:0', grad_fn=<DivBackward0>)
Memory status after this epoch: 
Memory allocated:  170.84765625
Memory cached:  352.0
[I 2023-12-03 08:39:15,223] Trial 9 finished with value: 0.12432849407196045 and parameters: {'W_layers': 3, 'W_layer_units_exponent_0': 5, 'W_layer_units_exponent_1': 4, 'W_layer_units_exponent_2': 5, 'D_layers': 2, 'D_layer_units_exponent_0': 6, 'D_layer_units_exponent_1': 8, 'D_dagger_layers': 5, 'D_dagger_layer_units_exponent_0': 4, 'D_dagger_layer_units_exponent_1': 6, 'D_dagger_layer_units_exponent_2': 7, 'D_dagger_layer_units_exponent_3': 9, 'D_dagger_layer_units_exponent_4': 5, 'log_learning_rate': -3.753453690283786, 'log_learning_rate_D': -2.2081913651970386, 'log_learning_rate_D_dagger': -3.0618995541519736, 'training_batch_size': 11, 'training_p': 5}. Best is trial 6 with value: 0.10427726805210114.
Time for this trial:  143.8712158203125
Memory status after this trial: 
Memory allocated:  229.65771484375
Memory cached:  348.0
--------------------  Trial  10   --------------------
Start timing: 
Parameters: 
{'W_layers': 4, 'W_layer_units_exponent_0': 9, 'W_layer_units_exponent_1': 10, 'W_layer_units_exponent_2': 8, 'W_layer_units_exponent_3': 9, 'D_layers': 8, 'D_layer_units_exponent_0': 9, 'D_layer_units_exponent_1': 4, 'D_layer_units_exponent_2': 4, 'D_layer_units_exponent_3': 8, 'D_layer_units_exponent_4': 10, 'D_layer_units_exponent_5': 4, 'D_layer_units_exponent_6': 4, 'D_layer_units_exponent_7': 10, 'D_dagger_layers': 2, 'D_dagger_layer_units_exponent_0': 7, 'D_dagger_layer_units_exponent_1': 4, 'log_learning_rate': -2.2397726140041017, 'log_learning_rate_D': -3.506433484274877, 'log_learning_rate_D_dagger': -4.830203739306582, 'training_batch_size': 8, 'training_p': 4}
	 epoch  0 training error:  tensor(0.9426, device='cuda:0', grad_fn=<DivBackward0>)
Memory status after this epoch: 
Memory allocated:  188.072265625
Memory cached:  368.0
	 epoch  10 training error:  tensor(0.4279, device='cuda:0', grad_fn=<DivBackward0>)
Memory status after this epoch: 
Memory allocated:  188.072265625
Memory cached:  378.0
	 epoch  20 training error:  tensor(0.3120, device='cuda:0', grad_fn=<DivBackward0>)
Memory status after this epoch: 
Memory allocated:  188.072265625
Memory cached:  392.0
	 epoch  30 training error:  tensor(0.1656, device='cuda:0', grad_fn=<DivBackward0>)
Memory status after this epoch: 
Memory allocated:  188.072265625
Memory cached:  396.0
	 epoch  40 training error:  tensor(0.1650, device='cuda:0', grad_fn=<DivBackward0>)
Memory status after this epoch: 
Memory allocated:  188.072265625
Memory cached:  386.0
	 epoch  50 training error:  tensor(0.1623, device='cuda:0', grad_fn=<DivBackward0>)
Memory status after this epoch: 
Memory allocated:  188.072265625
Memory cached:  396.0
	 epoch  60 training error:  tensor(0.1652, device='cuda:0', grad_fn=<DivBackward0>)
Memory status after this epoch: 
Memory allocated:  188.072265625
Memory cached:  390.0
	 epoch  70 training error:  tensor(0.1606, device='cuda:0', grad_fn=<DivBackward0>)
Memory status after this epoch: 
Memory allocated:  188.072265625
Memory cached:  388.0
	 epoch  80 training error:  tensor(0.1620, device='cuda:0', grad_fn=<DivBackward0>)
Memory status after this epoch: 
Memory allocated:  188.072265625
Memory cached:  384.0
	 epoch  90 training error:  tensor(0.1602, device='cuda:0', grad_fn=<DivBackward0>)
Memory status after this epoch: 
Memory allocated:  188.072265625
Memory cached:  390.0
