/home/shengduo/anaconda3/lib/python3.9/site-packages/scipy/__init__.py:146: UserWarning: A NumPy version >=1.16.5 and <1.23.0 is required for this version of SciPy (detected version 1.24.1
  warnings.warn(f"A NumPy version >={np_minversion} and <{np_maxversion}"
[I 2023-12-05 00:56:20,132] A new study created in memory with name: no-name-913f75f0-6071-4bc8-9b4c-3df6dd80b13a
Cuda is available:  True
Device is:  cuda:0
Memory allocated:  0.0
Memory cached:  0.0
Data file:  ./data/Trial1204_smallDRS_smallA.pt
Vs.shape:  torch.Size([100, 100])
thetas.shape:  torch.Size([100, 100])
fs.shape:  torch.Size([100, 100])
ts.shape:  torch.Size([100, 100])
Xs.shape:  torch.Size([100, 100])
--------------------  Trial  0   --------------------
Start timing: 
Parameters: 
{'W_layers': 5, 'W_layer_units_exponent_0': 10, 'W_layer_units_exponent_1': 6, 'W_layer_units_exponent_2': 8, 'W_layer_units_exponent_3': 5, 'W_layer_units_exponent_4': 7, 'D_layers': 8, 'D_layer_units_exponent_0': 9, 'D_layer_units_exponent_1': 6, 'D_layer_units_exponent_2': 7, 'D_layer_units_exponent_3': 10, 'D_layer_units_exponent_4': 10, 'D_layer_units_exponent_5': 6, 'D_layer_units_exponent_6': 4, 'D_layer_units_exponent_7': 9, 'log_learning_rate': -1.0555574758034947, 'log_learning_rate_D': -2.6285791556552827, 'training_batch_size': 6, 'training_p': 6}
	 epoch  0 training error:  tensor(1.9449, device='cuda:0', grad_fn=<DivBackward0>)
Memory status after this epoch: 
Memory allocated:  21.3740234375
Memory cached:  38.0
	 epoch  10 training error:  tensor(148.9989, device='cuda:0', grad_fn=<DivBackward0>)
Memory status after this epoch: 
Memory allocated:  21.3740234375
Memory cached:  38.0
	 epoch  20 training error:  tensor(375.7197, device='cuda:0', grad_fn=<DivBackward0>)
Memory status after this epoch: 
Memory allocated:  21.3740234375
Memory cached:  38.0
	 epoch  30 training error:  tensor(48.9161, device='cuda:0', grad_fn=<DivBackward0>)
Memory status after this epoch: 
Memory allocated:  21.3740234375
Memory cached:  38.0
	 epoch  40 training error:  tensor(10.9983, device='cuda:0', grad_fn=<DivBackward0>)
Memory status after this epoch: 
Memory allocated:  21.3740234375
Memory cached:  38.0
	 epoch  50 training error:  tensor(1.5950, device='cuda:0', grad_fn=<DivBackward0>)
Memory status after this epoch: 
Memory allocated:  21.3740234375
Memory cached:  38.0
	 epoch  60 training error:  tensor(1.1158, device='cuda:0', grad_fn=<DivBackward0>)
Memory status after this epoch: 
Memory allocated:  21.3740234375
Memory cached:  38.0
	 epoch  70 training error:  tensor(1.1060, device='cuda:0', grad_fn=<DivBackward0>)
Memory status after this epoch: 
Memory allocated:  21.3740234375
Memory cached:  38.0
	 epoch  80 training error:  tensor(2.0529, device='cuda:0', grad_fn=<DivBackward0>)
Memory status after this epoch: 
Memory allocated:  21.3740234375
Memory cached:  38.0
	 epoch  90 training error:  tensor(1.9200, device='cuda:0', grad_fn=<DivBackward0>)
Memory status after this epoch: 
Memory allocated:  21.3740234375
Memory cached:  38.0
[I 2023-12-05 00:57:54,965] Trial 0 finished with value: 1.3669570684432983 and parameters: {'W_layers': 5, 'W_layer_units_exponent_0': 10, 'W_layer_units_exponent_1': 6, 'W_layer_units_exponent_2': 8, 'W_layer_units_exponent_3': 5, 'W_layer_units_exponent_4': 7, 'D_layers': 8, 'D_layer_units_exponent_0': 9, 'D_layer_units_exponent_1': 6, 'D_layer_units_exponent_2': 7, 'D_layer_units_exponent_3': 10, 'D_layer_units_exponent_4': 10, 'D_layer_units_exponent_5': 6, 'D_layer_units_exponent_6': 4, 'D_layer_units_exponent_7': 9, 'log_learning_rate': -1.0555574758034947, 'log_learning_rate_D': -2.6285791556552827, 'training_batch_size': 6, 'training_p': 6}. Best is trial 0 with value: 1.3669570684432983.
res:  tensor(1.3670, device='cuda:0', grad_fn=<DivBackward0>)
self.bestValue:  10000000.0
Save this model!
Time for this trial:  94.72475481033325
Memory status after this trial: 
Memory allocated:  121.0751953125
Memory cached:  136.0
--------------------  Trial  1   --------------------
Start timing: 
Parameters: 
{'W_layers': 7, 'W_layer_units_exponent_0': 10, 'W_layer_units_exponent_1': 7, 'W_layer_units_exponent_2': 10, 'W_layer_units_exponent_3': 9, 'W_layer_units_exponent_4': 10, 'W_layer_units_exponent_5': 4, 'W_layer_units_exponent_6': 9, 'D_layers': 7, 'D_layer_units_exponent_0': 5, 'D_layer_units_exponent_1': 10, 'D_layer_units_exponent_2': 7, 'D_layer_units_exponent_3': 4, 'D_layer_units_exponent_4': 4, 'D_layer_units_exponent_5': 6, 'D_layer_units_exponent_6': 5, 'log_learning_rate': -2.291933960155185, 'log_learning_rate_D': -1.8662910175082423, 'training_batch_size': 9, 'training_p': 8}
	 epoch  0 training error:  tensor(1.0006, device='cuda:0', grad_fn=<DivBackward0>)
Memory status after this epoch: 
Memory allocated:  144.21923828125
Memory cached:  168.0
	 epoch  10 training error:  tensor(1.1013, device='cuda:0', grad_fn=<DivBackward0>)
Memory status after this epoch: 
Memory allocated:  144.21923828125
Memory cached:  172.0
	 epoch  20 training error:  tensor(0.9971, device='cuda:0', grad_fn=<DivBackward0>)
Memory status after this epoch: 
Memory allocated:  144.21923828125
Memory cached:  172.0
	 epoch  30 training error:  tensor(0.9957, device='cuda:0', grad_fn=<DivBackward0>)
Memory status after this epoch: 
Memory allocated:  144.21923828125
Memory cached:  172.0
	 epoch  40 training error:  tensor(1.0023, device='cuda:0', grad_fn=<DivBackward0>)
Memory status after this epoch: 
Memory allocated:  144.21923828125
Memory cached:  172.0
	 epoch  50 training error:  tensor(0.9957, device='cuda:0', grad_fn=<DivBackward0>)
Memory status after this epoch: 
Memory allocated:  144.21923828125
Memory cached:  172.0
	 epoch  60 training error:  tensor(0.9963, device='cuda:0', grad_fn=<DivBackward0>)
Memory status after this epoch: 
Memory allocated:  144.21923828125
Memory cached:  172.0
	 epoch  70 training error:  tensor(0.9952, device='cuda:0', grad_fn=<DivBackward0>)
Memory status after this epoch: 
Memory allocated:  144.21923828125
Memory cached:  172.0
	 epoch  80 training error:  tensor(0.9951, device='cuda:0', grad_fn=<DivBackward0>)
Memory status after this epoch: 
Memory allocated:  144.21923828125
Memory cached:  172.0
	 epoch  90 training error:  tensor(0.9951, device='cuda:0', grad_fn=<DivBackward0>)
Memory status after this epoch: 
Memory allocated:  144.21923828125
Memory cached:  172.0
[I 2023-12-05 00:58:55,756] Trial 1 finished with value: 0.9466440081596375 and parameters: {'W_layers': 7, 'W_layer_units_exponent_0': 10, 'W_layer_units_exponent_1': 7, 'W_layer_units_exponent_2': 10, 'W_layer_units_exponent_3': 9, 'W_layer_units_exponent_4': 10, 'W_layer_units_exponent_5': 4, 'W_layer_units_exponent_6': 9, 'D_layers': 7, 'D_layer_units_exponent_0': 5, 'D_layer_units_exponent_1': 10, 'D_layer_units_exponent_2': 7, 'D_layer_units_exponent_3': 4, 'D_layer_units_exponent_4': 4, 'D_layer_units_exponent_5': 6, 'D_layer_units_exponent_6': 5, 'log_learning_rate': -2.291933960155185, 'log_learning_rate_D': -1.8662910175082423, 'training_batch_size': 9, 'training_p': 8}. Best is trial 1 with value: 0.9466440081596375.
res:  tensor(0.9466, device='cuda:0', grad_fn=<DivBackward0>)
self.bestValue:  tensor(1.3670, device='cuda:0', grad_fn=<DivBackward0>)
Save this model!
Time for this trial:  60.67640042304993
Memory status after this trial: 
Memory allocated:  138.67236328125
Memory cached:  252.0
--------------------  Trial  2   --------------------
Start timing: 
Parameters: 
{'W_layers': 8, 'W_layer_units_exponent_0': 10, 'W_layer_units_exponent_1': 4, 'W_layer_units_exponent_2': 5, 'W_layer_units_exponent_3': 8, 'W_layer_units_exponent_4': 5, 'W_layer_units_exponent_5': 4, 'W_layer_units_exponent_6': 10, 'W_layer_units_exponent_7': 5, 'D_layers': 7, 'D_layer_units_exponent_0': 5, 'D_layer_units_exponent_1': 4, 'D_layer_units_exponent_2': 5, 'D_layer_units_exponent_3': 10, 'D_layer_units_exponent_4': 5, 'D_layer_units_exponent_5': 7, 'D_layer_units_exponent_6': 10, 'log_learning_rate': -1.3133387580255635, 'log_learning_rate_D': -2.9912400458279733, 'training_batch_size': 10, 'training_p': 8}
	 epoch  0 training error:  tensor(0.9959, device='cuda:0', grad_fn=<DivBackward0>)
Memory status after this epoch: 
Memory allocated:  143.203125
Memory cached:  256.0
	 epoch  10 training error:  tensor(51.0939, device='cuda:0', grad_fn=<DivBackward0>)
Memory status after this epoch: 
Memory allocated:  143.203125
Memory cached:  258.0
	 epoch  20 training error:  tensor(2.1127, device='cuda:0', grad_fn=<DivBackward0>)
Memory status after this epoch: 
Memory allocated:  143.203125
Memory cached:  258.0
	 epoch  30 training error:  tensor(2.1166, device='cuda:0', grad_fn=<DivBackward0>)
Memory status after this epoch: 
Memory allocated:  143.203125
Memory cached:  258.0
	 epoch  40 training error:  tensor(1.5786, device='cuda:0', grad_fn=<DivBackward0>)
Memory status after this epoch: 
Memory allocated:  143.203125
Memory cached:  258.0
	 epoch  50 training error:  tensor(1.0003, device='cuda:0', grad_fn=<DivBackward0>)
Memory status after this epoch: 
Memory allocated:  143.203125
Memory cached:  258.0
	 epoch  60 training error:  tensor(1.0880, device='cuda:0', grad_fn=<DivBackward0>)
Memory status after this epoch: 
Memory allocated:  143.203125
Memory cached:  258.0
	 epoch  70 training error:  tensor(0.9974, device='cuda:0', grad_fn=<DivBackward0>)
Memory status after this epoch: 
Memory allocated:  143.203125
Memory cached:  258.0
	 epoch  80 training error:  tensor(1.0027, device='cuda:0', grad_fn=<DivBackward0>)
Memory status after this epoch: 
Memory allocated:  143.203125
Memory cached:  258.0
	 epoch  90 training error:  tensor(0.9988, device='cuda:0', grad_fn=<DivBackward0>)
Memory status after this epoch: 
Memory allocated:  143.203125
Memory cached:  258.0
[I 2023-12-05 00:59:56,093] Trial 2 finished with value: 0.9463580250740051 and parameters: {'W_layers': 8, 'W_layer_units_exponent_0': 10, 'W_layer_units_exponent_1': 4, 'W_layer_units_exponent_2': 5, 'W_layer_units_exponent_3': 8, 'W_layer_units_exponent_4': 5, 'W_layer_units_exponent_5': 4, 'W_layer_units_exponent_6': 10, 'W_layer_units_exponent_7': 5, 'D_layers': 7, 'D_layer_units_exponent_0': 5, 'D_layer_units_exponent_1': 4, 'D_layer_units_exponent_2': 5, 'D_layer_units_exponent_3': 10, 'D_layer_units_exponent_4': 5, 'D_layer_units_exponent_5': 7, 'D_layer_units_exponent_6': 10, 'log_learning_rate': -1.3133387580255635, 'log_learning_rate_D': -2.9912400458279733, 'training_batch_size': 10, 'training_p': 8}. Best is trial 2 with value: 0.9463580250740051.
res:  tensor(0.9464, device='cuda:0', grad_fn=<DivBackward0>)
self.bestValue:  tensor(0.9466, device='cuda:0', grad_fn=<DivBackward0>)
Save this model!
Time for this trial:  60.23991298675537
Memory status after this trial: 
Memory allocated:  110.10009765625
Memory cached:  186.0
--------------------  Trial  3   --------------------
Start timing: 
Parameters: 
{'W_layers': 7, 'W_layer_units_exponent_0': 8, 'W_layer_units_exponent_1': 5, 'W_layer_units_exponent_2': 4, 'W_layer_units_exponent_3': 9, 'W_layer_units_exponent_4': 4, 'W_layer_units_exponent_5': 10, 'W_layer_units_exponent_6': 4, 'D_layers': 4, 'D_layer_units_exponent_0': 4, 'D_layer_units_exponent_1': 9, 'D_layer_units_exponent_2': 9, 'D_layer_units_exponent_3': 6, 'log_learning_rate': -1.9562882592590007, 'log_learning_rate_D': -3.9179550629720397, 'training_batch_size': 7, 'training_p': 5}
	 epoch  0 training error:  tensor(1.0921, device='cuda:0', grad_fn=<DivBackward0>)
Memory status after this epoch: 
Memory allocated:  115.71484375
Memory cached:  190.0
	 epoch  10 training error:  tensor(0.9979, device='cuda:0', grad_fn=<DivBackward0>)
Memory status after this epoch: 
Memory allocated:  115.71484375
Memory cached:  192.0
	 epoch  20 training error:  tensor(0.9913, device='cuda:0', grad_fn=<DivBackward0>)
Memory status after this epoch: 
Memory allocated:  115.71484375
Memory cached:  192.0
	 epoch  30 training error:  tensor(0.9927, device='cuda:0', grad_fn=<DivBackward0>)
Memory status after this epoch: 
Memory allocated:  115.71484375
Memory cached:  192.0
	 epoch  40 training error:  tensor(0.9903, device='cuda:0', grad_fn=<DivBackward0>)
Memory status after this epoch: 
Memory allocated:  115.71484375
Memory cached:  192.0
	 epoch  50 training error:  tensor(0.9890, device='cuda:0', grad_fn=<DivBackward0>)
Memory status after this epoch: 
Memory allocated:  115.71484375
Memory cached:  192.0
	 epoch  60 training error:  tensor(0.9887, device='cuda:0', grad_fn=<DivBackward0>)
Memory status after this epoch: 
Memory allocated:  115.71484375
Memory cached:  192.0
	 epoch  70 training error:  tensor(0.9887, device='cuda:0', grad_fn=<DivBackward0>)
Memory status after this epoch: 
Memory allocated:  115.71484375
Memory cached:  192.0
	 epoch  80 training error:  tensor(0.9887, device='cuda:0', grad_fn=<DivBackward0>)
Memory status after this epoch: 
Memory allocated:  115.71484375
Memory cached:  192.0
	 epoch  90 training error:  tensor(0.9887, device='cuda:0', grad_fn=<DivBackward0>)
Memory status after this epoch: 
Memory allocated:  115.71484375
Memory cached:  192.0
[I 2023-12-05 01:00:46,291] Trial 3 finished with value: 0.9231729507446289 and parameters: {'W_layers': 7, 'W_layer_units_exponent_0': 8, 'W_layer_units_exponent_1': 5, 'W_layer_units_exponent_2': 4, 'W_layer_units_exponent_3': 9, 'W_layer_units_exponent_4': 4, 'W_layer_units_exponent_5': 10, 'W_layer_units_exponent_6': 4, 'D_layers': 4, 'D_layer_units_exponent_0': 4, 'D_layer_units_exponent_1': 9, 'D_layer_units_exponent_2': 9, 'D_layer_units_exponent_3': 6, 'log_learning_rate': -1.9562882592590007, 'log_learning_rate_D': -3.9179550629720397, 'training_batch_size': 7, 'training_p': 5}. Best is trial 3 with value: 0.9231729507446289.
res:  tensor(0.9232, device='cuda:0', grad_fn=<DivBackward0>)
self.bestValue:  tensor(0.9464, device='cuda:0', grad_fn=<DivBackward0>)
Save this model!
Time for this trial:  50.10691022872925
Memory status after this trial: 
Memory allocated:  71.0693359375
Memory cached:  182.0
--------------------  Trial  4   --------------------
Start timing: 
Parameters: 
{'W_layers': 2, 'W_layer_units_exponent_0': 10, 'W_layer_units_exponent_1': 10, 'D_layers': 8, 'D_layer_units_exponent_0': 10, 'D_layer_units_exponent_1': 4, 'D_layer_units_exponent_2': 8, 'D_layer_units_exponent_3': 6, 'D_layer_units_exponent_4': 10, 'D_layer_units_exponent_5': 8, 'D_layer_units_exponent_6': 6, 'D_layer_units_exponent_7': 4, 'log_learning_rate': -4.349429967442063, 'log_learning_rate_D': -2.9816775013741257, 'training_batch_size': 8, 'training_p': 8}
	 epoch  0 training error:  tensor(1.1411, device='cuda:0', grad_fn=<DivBackward0>)
Memory status after this epoch: 
Memory allocated:  93.12158203125
Memory cached:  204.0
	 epoch  10 training error:  tensor(0.8363, device='cuda:0', grad_fn=<DivBackward0>)
Memory status after this epoch: 
Memory allocated:  93.12158203125
Memory cached:  206.0
	 epoch  20 training error:  tensor(0.6548, device='cuda:0', grad_fn=<DivBackward0>)
Memory status after this epoch: 
Memory allocated:  93.12158203125
Memory cached:  206.0
	 epoch  30 training error:  tensor(0.5609, device='cuda:0', grad_fn=<DivBackward0>)
Memory status after this epoch: 
Memory allocated:  93.12158203125
Memory cached:  206.0
	 epoch  40 training error:  tensor(0.5366, device='cuda:0', grad_fn=<DivBackward0>)
Memory status after this epoch: 
Memory allocated:  93.12158203125
Memory cached:  206.0
	 epoch  50 training error:  tensor(0.5150, device='cuda:0', grad_fn=<DivBackward0>)
Memory status after this epoch: 
Memory allocated:  93.12158203125
Memory cached:  206.0
	 epoch  60 training error:  tensor(0.5207, device='cuda:0', grad_fn=<DivBackward0>)
Memory status after this epoch: 
Memory allocated:  93.12158203125
Memory cached:  206.0
	 epoch  70 training error:  tensor(0.5046, device='cuda:0', grad_fn=<DivBackward0>)
Memory status after this epoch: 
Memory allocated:  93.12158203125
Memory cached:  206.0
	 epoch  80 training error:  tensor(0.4969, device='cuda:0', grad_fn=<DivBackward0>)
Memory status after this epoch: 
Memory allocated:  93.12158203125
Memory cached:  206.0
	 epoch  90 training error:  tensor(0.4950, device='cuda:0', grad_fn=<DivBackward0>)
Memory status after this epoch: 
Memory allocated:  93.12158203125
Memory cached:  206.0
[I 2023-12-05 01:01:36,958] Trial 4 finished with value: 0.5315448641777039 and parameters: {'W_layers': 2, 'W_layer_units_exponent_0': 10, 'W_layer_units_exponent_1': 10, 'D_layers': 8, 'D_layer_units_exponent_0': 10, 'D_layer_units_exponent_1': 4, 'D_layer_units_exponent_2': 8, 'D_layer_units_exponent_3': 6, 'D_layer_units_exponent_4': 10, 'D_layer_units_exponent_5': 8, 'D_layer_units_exponent_6': 6, 'D_layer_units_exponent_7': 4, 'log_learning_rate': -4.349429967442063, 'log_learning_rate_D': -2.9816775013741257, 'training_batch_size': 8, 'training_p': 8}. Best is trial 4 with value: 0.5315448641777039.
res:  tensor(0.5315, device='cuda:0', grad_fn=<DivBackward0>)
self.bestValue:  tensor(0.9232, device='cuda:0', grad_fn=<DivBackward0>)
Save this model!
Time for this trial:  50.57173705101013
Memory status after this trial: 
Memory allocated:  119.78662109375
Memory cached:  204.0
--------------------  Trial  5   --------------------
Start timing: 
Parameters: 
{'W_layers': 2, 'W_layer_units_exponent_0': 7, 'W_layer_units_exponent_1': 8, 'D_layers': 8, 'D_layer_units_exponent_0': 8, 'D_layer_units_exponent_1': 6, 'D_layer_units_exponent_2': 5, 'D_layer_units_exponent_3': 5, 'D_layer_units_exponent_4': 9, 'D_layer_units_exponent_5': 9, 'D_layer_units_exponent_6': 8, 'D_layer_units_exponent_7': 8, 'log_learning_rate': -4.852524066192176, 'log_learning_rate_D': -3.199569230019129, 'training_batch_size': 9, 'training_p': 8}
	 epoch  0 training error:  tensor(1.0915, device='cuda:0', grad_fn=<DivBackward0>)
Memory status after this epoch: 
Memory allocated:  127.9326171875
Memory cached:  206.0
	 epoch  10 training error:  tensor(1.0209, device='cuda:0', grad_fn=<DivBackward0>)
Memory status after this epoch: 
Memory allocated:  127.9326171875
Memory cached:  206.0
	 epoch  20 training error:  tensor(1.0043, device='cuda:0', grad_fn=<DivBackward0>)
Memory status after this epoch: 
Memory allocated:  127.9326171875
Memory cached:  206.0
	 epoch  30 training error:  tensor(0.9771, device='cuda:0', grad_fn=<DivBackward0>)
Memory status after this epoch: 
Memory allocated:  127.9326171875
Memory cached:  206.0
	 epoch  40 training error:  tensor(0.9467, device='cuda:0', grad_fn=<DivBackward0>)
Memory status after this epoch: 
Memory allocated:  127.9326171875
Memory cached:  206.0
	 epoch  50 training error:  tensor(0.9349, device='cuda:0', grad_fn=<DivBackward0>)
Memory status after this epoch: 
Memory allocated:  127.9326171875
Memory cached:  206.0
	 epoch  60 training error:  tensor(0.9248, device='cuda:0', grad_fn=<DivBackward0>)
Memory status after this epoch: 
Memory allocated:  127.9326171875
Memory cached:  206.0
	 epoch  70 training error:  tensor(0.9144, device='cuda:0', grad_fn=<DivBackward0>)
Memory status after this epoch: 
Memory allocated:  127.9326171875
Memory cached:  206.0
	 epoch  80 training error:  tensor(0.9046, device='cuda:0', grad_fn=<DivBackward0>)
Memory status after this epoch: 
Memory allocated:  127.9326171875
Memory cached:  206.0
	 epoch  90 training error:  tensor(0.8946, device='cuda:0', grad_fn=<DivBackward0>)
Memory status after this epoch: 
Memory allocated:  127.9326171875
Memory cached:  206.0
