[I 2024-01-11 04:45:23,443] Trial 137 finished with value: 0.12332191318273544 and parameters: {'W_layers': 2, 'W_layer_units_exponent_0': 8, 'W_layer_units_exponent_1': 5, 'D_layers': 4, 'D_layer_units_exponent_0': 8, 'D_layer_units_exponent_1': 6, 'D_layer_units_exponent_2': 10, 'D_layer_units_exponent_3': 5, 'D_dagger_layers': 5, 'D_dagger_layer_units_exponent_0': 10, 'D_dagger_layer_units_exponent_1': 7, 'D_dagger_layer_units_exponent_2': 6, 'D_dagger_layer_units_exponent_3': 6, 'D_dagger_layer_units_exponent_4': 9, 'log_learning_rate': -3.5789691586583143, 'log_learning_rate_D': -2.5009192843755415, 'log_learning_rate_D_dagger': -2.4924697949728443, 'training_batch_size': 6, 'training_p': 6}. Best is trial 129 with value: 0.06846926361322403.
Time for this trial:  423.02228927612305
Memory status after this trial: 
Memory allocated:  674.7900390625
Memory cached:  680.0
--------------------  Trial  138   --------------------
Start timing: 
Parameters: 
{'W_layers': 2, 'W_layer_units_exponent_0': 8, 'W_layer_units_exponent_1': 5, 'D_layers': 4, 'D_layer_units_exponent_0': 8, 'D_layer_units_exponent_1': 6, 'D_layer_units_exponent_2': 9, 'D_layer_units_exponent_3': 5, 'D_dagger_layers': 5, 'D_dagger_layer_units_exponent_0': 4, 'D_dagger_layer_units_exponent_1': 6, 'D_dagger_layer_units_exponent_2': 5, 'D_dagger_layer_units_exponent_3': 6, 'D_dagger_layer_units_exponent_4': 8, 'log_learning_rate': -3.669721994864861, 'log_learning_rate_D': -2.4405248505441075, 'log_learning_rate_D_dagger': -2.7347795030550635, 'training_batch_size': 6, 'training_p': 6}
	 epoch  0 training error:  tensor(0.9297, device='cuda:0', grad_fn=<DivBackward0>)
Memory status after this epoch: 
Memory allocated:  314.7294921875
Memory cached:  562.0
	 epoch  10 training error:  tensor(0.3930, device='cuda:0', grad_fn=<DivBackward0>)
Memory status after this epoch: 
Memory allocated:  314.7294921875
Memory cached:  562.0
	 epoch  20 training error:  tensor(0.3614, device='cuda:0', grad_fn=<DivBackward0>)
Memory status after this epoch: 
Memory allocated:  314.7294921875
Memory cached:  562.0
	 epoch  30 training error:  tensor(0.3562, device='cuda:0', grad_fn=<DivBackward0>)
Memory status after this epoch: 
Memory allocated:  314.7294921875
Memory cached:  562.0
	 epoch  40 training error:  tensor(0.3659, device='cuda:0', grad_fn=<DivBackward0>)
Memory status after this epoch: 
Memory allocated:  314.7294921875
Memory cached:  562.0
	 epoch  50 training error:  tensor(0.3497, device='cuda:0', grad_fn=<DivBackward0>)
Memory status after this epoch: 
Memory allocated:  314.7294921875
Memory cached:  562.0
	 epoch  60 training error:  tensor(0.3515, device='cuda:0', grad_fn=<DivBackward0>)
Memory status after this epoch: 
Memory allocated:  314.7294921875
Memory cached:  562.0
	 epoch  70 training error:  tensor(0.3623, device='cuda:0', grad_fn=<DivBackward0>)
Memory status after this epoch: 
Memory allocated:  314.7294921875
Memory cached:  562.0
	 epoch  80 training error:  tensor(0.3495, device='cuda:0', grad_fn=<DivBackward0>)
Memory status after this epoch: 
Memory allocated:  314.7294921875
Memory cached:  562.0
	 epoch  90 training error:  tensor(0.3482, device='cuda:0', grad_fn=<DivBackward0>)
Memory status after this epoch: 
Memory allocated:  314.7294921875
Memory cached:  562.0
[I 2024-01-11 04:52:12,246] Trial 138 finished with value: 0.2429085224866867 and parameters: {'W_layers': 2, 'W_layer_units_exponent_0': 8, 'W_layer_units_exponent_1': 5, 'D_layers': 4, 'D_layer_units_exponent_0': 8, 'D_layer_units_exponent_1': 6, 'D_layer_units_exponent_2': 9, 'D_layer_units_exponent_3': 5, 'D_dagger_layers': 5, 'D_dagger_layer_units_exponent_0': 4, 'D_dagger_layer_units_exponent_1': 6, 'D_dagger_layer_units_exponent_2': 5, 'D_dagger_layer_units_exponent_3': 6, 'D_dagger_layer_units_exponent_4': 8, 'log_learning_rate': -3.669721994864861, 'log_learning_rate_D': -2.4405248505441075, 'log_learning_rate_D_dagger': -2.7347795030550635, 'training_batch_size': 6, 'training_p': 6}. Best is trial 129 with value: 0.06846926361322403.
Time for this trial:  408.26623606681824
Memory status after this trial: 
Memory allocated:  477.7080078125
Memory cached:  562.0
--------------------  Trial  139   --------------------
Start timing: 
Parameters: 
{'W_layers': 2, 'W_layer_units_exponent_0': 8, 'W_layer_units_exponent_1': 6, 'D_layers': 4, 'D_layer_units_exponent_0': 7, 'D_layer_units_exponent_1': 6, 'D_layer_units_exponent_2': 9, 'D_layer_units_exponent_3': 6, 'D_dagger_layers': 4, 'D_dagger_layer_units_exponent_0': 10, 'D_dagger_layer_units_exponent_1': 6, 'D_dagger_layer_units_exponent_2': 6, 'D_dagger_layer_units_exponent_3': 7, 'log_learning_rate': -3.4648586441038334, 'log_learning_rate_D': -2.6108839982239296, 'log_learning_rate_D_dagger': -2.3515811229577586, 'training_batch_size': 11, 'training_p': 7}
	 epoch  0 training error:  tensor(1.0981, device='cuda:0', grad_fn=<DivBackward0>)
Memory status after this epoch: 
Memory allocated:  315.87109375
Memory cached:  562.0
	 epoch  10 training error:  tensor(0.5664, device='cuda:0', grad_fn=<DivBackward0>)
Memory status after this epoch: 
Memory allocated:  315.87109375
Memory cached:  562.0
	 epoch  20 training error:  tensor(0.4213, device='cuda:0', grad_fn=<DivBackward0>)
Memory status after this epoch: 
Memory allocated:  315.87109375
Memory cached:  562.0
	 epoch  30 training error:  tensor(0.3887, device='cuda:0', grad_fn=<DivBackward0>)
Memory status after this epoch: 
Memory allocated:  315.87109375
Memory cached:  562.0
	 epoch  40 training error:  tensor(0.3822, device='cuda:0', grad_fn=<DivBackward0>)
Memory status after this epoch: 
Memory allocated:  315.87109375
Memory cached:  562.0
	 epoch  50 training error:  tensor(0.3767, device='cuda:0', grad_fn=<DivBackward0>)
Memory status after this epoch: 
Memory allocated:  315.87109375
Memory cached:  562.0
	 epoch  60 training error:  tensor(0.3835, device='cuda:0', grad_fn=<DivBackward0>)
Memory status after this epoch: 
Memory allocated:  315.87109375
Memory cached:  562.0
	 epoch  70 training error:  tensor(0.3485, device='cuda:0', grad_fn=<DivBackward0>)
Memory status after this epoch: 
Memory allocated:  315.87109375
Memory cached:  562.0
	 epoch  80 training error:  tensor(0.2678, device='cuda:0', grad_fn=<DivBackward0>)
Memory status after this epoch: 
Memory allocated:  315.87109375
Memory cached:  562.0
	 epoch  90 training error:  tensor(0.2698, device='cuda:0', grad_fn=<DivBackward0>)
Memory status after this epoch: 
Memory allocated:  315.87109375
Memory cached:  562.0
[I 2024-01-11 04:55:05,703] Trial 139 finished with value: 0.13698452711105347 and parameters: {'W_layers': 2, 'W_layer_units_exponent_0': 8, 'W_layer_units_exponent_1': 6, 'D_layers': 4, 'D_layer_units_exponent_0': 7, 'D_layer_units_exponent_1': 6, 'D_layer_units_exponent_2': 9, 'D_layer_units_exponent_3': 6, 'D_dagger_layers': 4, 'D_dagger_layer_units_exponent_0': 10, 'D_dagger_layer_units_exponent_1': 6, 'D_dagger_layer_units_exponent_2': 6, 'D_dagger_layer_units_exponent_3': 7, 'log_learning_rate': -3.4648586441038334, 'log_learning_rate_D': -2.6108839982239296, 'log_learning_rate_D_dagger': -2.3515811229577586, 'training_batch_size': 11, 'training_p': 7}. Best is trial 129 with value: 0.06846926361322403.
Time for this trial:  173.0034999847412
Memory status after this trial: 
Memory allocated:  563.0537109375
Memory cached:  568.0
--------------------  Trial  140   --------------------
Start timing: 
Parameters: 
{'W_layers': 2, 'W_layer_units_exponent_0': 8, 'W_layer_units_exponent_1': 6, 'D_layers': 4, 'D_layer_units_exponent_0': 8, 'D_layer_units_exponent_1': 6, 'D_layer_units_exponent_2': 10, 'D_layer_units_exponent_3': 5, 'D_dagger_layers': 4, 'D_dagger_layer_units_exponent_0': 10, 'D_dagger_layer_units_exponent_1': 6, 'D_dagger_layer_units_exponent_2': 7, 'D_dagger_layer_units_exponent_3': 6, 'log_learning_rate': -3.35984795985045, 'log_learning_rate_D': -2.6985515296615965, 'log_learning_rate_D_dagger': -2.627228330114169, 'training_batch_size': 10, 'training_p': 6}
	 epoch  0 training error:  tensor(0.9747, device='cuda:0', grad_fn=<DivBackward0>)
Memory status after this epoch: 
Memory allocated:  316.5703125
Memory cached:  562.0
	 epoch  10 training error:  tensor(0.4765, device='cuda:0', grad_fn=<DivBackward0>)
Memory status after this epoch: 
Memory allocated:  316.5703125
Memory cached:  562.0
	 epoch  20 training error:  tensor(0.3787, device='cuda:0', grad_fn=<DivBackward0>)
Memory status after this epoch: 
Memory allocated:  316.5703125
Memory cached:  562.0
	 epoch  30 training error:  tensor(0.3698, device='cuda:0', grad_fn=<DivBackward0>)
Memory status after this epoch: 
Memory allocated:  316.5703125
Memory cached:  562.0
	 epoch  40 training error:  tensor(0.3673, device='cuda:0', grad_fn=<DivBackward0>)
Memory status after this epoch: 
Memory allocated:  316.5703125
Memory cached:  562.0
	 epoch  50 training error:  tensor(0.3876, device='cuda:0', grad_fn=<DivBackward0>)
Memory status after this epoch: 
Memory allocated:  316.5703125
Memory cached:  562.0
	 epoch  60 training error:  tensor(0.3435, device='cuda:0', grad_fn=<DivBackward0>)
Memory status after this epoch: 
Memory allocated:  316.5703125
Memory cached:  562.0
	 epoch  70 training error:  tensor(0.3545, device='cuda:0', grad_fn=<DivBackward0>)
Memory status after this epoch: 
Memory allocated:  316.5703125
Memory cached:  562.0
	 epoch  80 training error:  tensor(0.3461, device='cuda:0', grad_fn=<DivBackward0>)
Memory status after this epoch: 
Memory allocated:  316.5703125
Memory cached:  562.0
	 epoch  90 training error:  tensor(0.3360, device='cuda:0', grad_fn=<DivBackward0>)
Memory status after this epoch: 
Memory allocated:  316.5703125
Memory cached:  562.0
[I 2024-01-11 04:58:06,844] Trial 140 finished with value: 0.22059498727321625 and parameters: {'W_layers': 2, 'W_layer_units_exponent_0': 8, 'W_layer_units_exponent_1': 6, 'D_layers': 4, 'D_layer_units_exponent_0': 8, 'D_layer_units_exponent_1': 6, 'D_layer_units_exponent_2': 10, 'D_layer_units_exponent_3': 5, 'D_dagger_layers': 4, 'D_dagger_layer_units_exponent_0': 10, 'D_dagger_layer_units_exponent_1': 6, 'D_dagger_layer_units_exponent_2': 7, 'D_dagger_layer_units_exponent_3': 6, 'log_learning_rate': -3.35984795985045, 'log_learning_rate_D': -2.6985515296615965, 'log_learning_rate_D_dagger': -2.627228330114169, 'training_batch_size': 10, 'training_p': 6}. Best is trial 129 with value: 0.06846926361322403.
Time for this trial:  180.55877566337585
Memory status after this trial: 
Memory allocated:  629.1552734375
Memory cached:  632.0
--------------------  Trial  141   --------------------
Start timing: 
Parameters: 
{'W_layers': 2, 'W_layer_units_exponent_0': 8, 'W_layer_units_exponent_1': 4, 'D_layers': 4, 'D_layer_units_exponent_0': 8, 'D_layer_units_exponent_1': 6, 'D_layer_units_exponent_2': 8, 'D_layer_units_exponent_3': 4, 'D_dagger_layers': 4, 'D_dagger_layer_units_exponent_0': 10, 'D_dagger_layer_units_exponent_1': 6, 'D_dagger_layer_units_exponent_2': 5, 'D_dagger_layer_units_exponent_3': 7, 'log_learning_rate': -3.7532564224583034, 'log_learning_rate_D': -2.6999402517178672, 'log_learning_rate_D_dagger': -2.7936455970530574, 'training_batch_size': 6, 'training_p': 8}
	 epoch  0 training error:  tensor(0.6132, device='cuda:0', grad_fn=<DivBackward0>)
Memory status after this epoch: 
Memory allocated:  315.0283203125
Memory cached:  560.0
	 epoch  10 training error:  tensor(0.3977, device='cuda:0', grad_fn=<DivBackward0>)
Memory status after this epoch: 
Memory allocated:  315.0283203125
Memory cached:  562.0
	 epoch  20 training error:  tensor(0.3776, device='cuda:0', grad_fn=<DivBackward0>)
Memory status after this epoch: 
Memory allocated:  315.0283203125
Memory cached:  562.0
	 epoch  30 training error:  tensor(0.3499, device='cuda:0', grad_fn=<DivBackward0>)
Memory status after this epoch: 
Memory allocated:  315.0283203125
Memory cached:  562.0
	 epoch  40 training error:  tensor(0.2267, device='cuda:0', grad_fn=<DivBackward0>)
Memory status after this epoch: 
Memory allocated:  315.0283203125
Memory cached:  562.0
	 epoch  50 training error:  tensor(0.2055, device='cuda:0', grad_fn=<DivBackward0>)
Memory status after this epoch: 
Memory allocated:  315.0283203125
Memory cached:  560.0
	 epoch  60 training error:  tensor(0.2195, device='cuda:0', grad_fn=<DivBackward0>)
Memory status after this epoch: 
Memory allocated:  315.0283203125
Memory cached:  560.0
	 epoch  70 training error:  tensor(0.1688, device='cuda:0', grad_fn=<DivBackward0>)
Memory status after this epoch: 
Memory allocated:  315.0283203125
Memory cached:  560.0
	 epoch  80 training error:  tensor(0.1624, device='cuda:0', grad_fn=<DivBackward0>)
Memory status after this epoch: 
Memory allocated:  315.0283203125
Memory cached:  560.0
	 epoch  90 training error:  tensor(0.1938, device='cuda:0', grad_fn=<DivBackward0>)
Memory status after this epoch: 
Memory allocated:  315.0283203125
Memory cached:  562.0
[I 2024-01-11 05:04:39,753] Trial 141 finished with value: 0.09255955368280411 and parameters: {'W_layers': 2, 'W_layer_units_exponent_0': 8, 'W_layer_units_exponent_1': 4, 'D_layers': 4, 'D_layer_units_exponent_0': 8, 'D_layer_units_exponent_1': 6, 'D_layer_units_exponent_2': 8, 'D_layer_units_exponent_3': 4, 'D_dagger_layers': 4, 'D_dagger_layer_units_exponent_0': 10, 'D_dagger_layer_units_exponent_1': 6, 'D_dagger_layer_units_exponent_2': 5, 'D_dagger_layer_units_exponent_3': 7, 'log_learning_rate': -3.7532564224583034, 'log_learning_rate_D': -2.6999402517178672, 'log_learning_rate_D_dagger': -2.7936455970530574, 'training_batch_size': 6, 'training_p': 8}. Best is trial 129 with value: 0.06846926361322403.
Time for this trial:  392.43792057037354
Memory status after this trial: 
Memory allocated:  536.9833984375
Memory cached:  562.0
--------------------  Trial  142   --------------------
Start timing: 
Parameters: 
{'W_layers': 2, 'W_layer_units_exponent_0': 8, 'W_layer_units_exponent_1': 5, 'D_layers': 4, 'D_layer_units_exponent_0': 8, 'D_layer_units_exponent_1': 6, 'D_layer_units_exponent_2': 8, 'D_layer_units_exponent_3': 5, 'D_dagger_layers': 4, 'D_dagger_layer_units_exponent_0': 10, 'D_dagger_layer_units_exponent_1': 6, 'D_dagger_layer_units_exponent_2': 5, 'D_dagger_layer_units_exponent_3': 7, 'log_learning_rate': -3.7110137059020154, 'log_learning_rate_D': -2.595673752857032, 'log_learning_rate_D_dagger': -2.8618520771911866, 'training_batch_size': 6, 'training_p': 8}
	 epoch  0 training error:  tensor(0.6836, device='cuda:0', grad_fn=<DivBackward0>)
Memory status after this epoch: 
Memory allocated:  315.1533203125
Memory cached:  560.0
	 epoch  10 training error:  tensor(0.4103, device='cuda:0', grad_fn=<DivBackward0>)
Memory status after this epoch: 
Memory allocated:  315.1533203125
Memory cached:  570.0
	 epoch  20 training error:  tensor(0.3733, device='cuda:0', grad_fn=<DivBackward0>)
Memory status after this epoch: 
Memory allocated:  315.1533203125
Memory cached:  566.0
	 epoch  30 training error:  tensor(0.3464, device='cuda:0', grad_fn=<DivBackward0>)
Memory status after this epoch: 
Memory allocated:  315.1533203125
Memory cached:  566.0
	 epoch  40 training error:  tensor(0.2773, device='cuda:0', grad_fn=<DivBackward0>)
Memory status after this epoch: 
Memory allocated:  315.1533203125
Memory cached:  562.0
	 epoch  50 training error:  tensor(0.1985, device='cuda:0', grad_fn=<DivBackward0>)
Memory status after this epoch: 
Memory allocated:  315.1533203125
Memory cached:  562.0
	 epoch  60 training error:  tensor(0.2228, device='cuda:0', grad_fn=<DivBackward0>)
Memory status after this epoch: 
Memory allocated:  315.1533203125
Memory cached:  562.0
	 epoch  70 training error:  tensor(0.1212, device='cuda:0', grad_fn=<DivBackward0>)
Memory status after this epoch: 
Memory allocated:  315.1533203125
Memory cached:  562.0
	 epoch  80 training error:  tensor(0.0999, device='cuda:0', grad_fn=<DivBackward0>)
Memory status after this epoch: 
Memory allocated:  315.1533203125
Memory cached:  562.0
	 epoch  90 training error:  tensor(0.1093, device='cuda:0', grad_fn=<DivBackward0>)
Memory status after this epoch: 
Memory allocated:  315.1533203125
Memory cached:  562.0
[I 2024-01-11 05:11:13,357] Trial 142 finished with value: 0.0851551815867424 and parameters: {'W_layers': 2, 'W_layer_units_exponent_0': 8, 'W_layer_units_exponent_1': 5, 'D_layers': 4, 'D_layer_units_exponent_0': 8, 'D_layer_units_exponent_1': 6, 'D_layer_units_exponent_2': 8, 'D_layer_units_exponent_3': 5, 'D_dagger_layers': 4, 'D_dagger_layer_units_exponent_0': 10, 'D_dagger_layer_units_exponent_1': 6, 'D_dagger_layer_units_exponent_2': 5, 'D_dagger_layer_units_exponent_3': 7, 'log_learning_rate': -3.7110137059020154, 'log_learning_rate_D': -2.595673752857032, 'log_learning_rate_D_dagger': -2.8618520771911866, 'training_batch_size': 6, 'training_p': 8}. Best is trial 129 with value: 0.06846926361322403.
Time for this trial:  393.2169213294983
Memory status after this trial: 
Memory allocated:  539.9609375
Memory cached:  562.0
--------------------  Trial  143   --------------------
Start timing: 
Parameters: 
{'W_layers': 2, 'W_layer_units_exponent_0': 8, 'W_layer_units_exponent_1': 5, 'D_layers': 4, 'D_layer_units_exponent_0': 8, 'D_layer_units_exponent_1': 6, 'D_layer_units_exponent_2': 8, 'D_layer_units_exponent_3': 4, 'D_dagger_layers': 4, 'D_dagger_layer_units_exponent_0': 10, 'D_dagger_layer_units_exponent_1': 6, 'D_dagger_layer_units_exponent_2': 5, 'D_dagger_layer_units_exponent_3': 7, 'log_learning_rate': -3.6055430353053914, 'log_learning_rate_D': -2.583310611661342, 'log_learning_rate_D_dagger': -2.9188927848579516, 'training_batch_size': 6, 'training_p': 8}
	 epoch  0 training error:  tensor(0.7551, device='cuda:0', grad_fn=<DivBackward0>)
Memory status after this epoch: 
Memory allocated:  315.0908203125
Memory cached:  562.0
	 epoch  10 training error:  tensor(0.3930, device='cuda:0', grad_fn=<DivBackward0>)
Memory status after this epoch: 
Memory allocated:  315.0908203125
Memory cached:  562.0
	 epoch  20 training error:  tensor(0.2703, device='cuda:0', grad_fn=<DivBackward0>)
Memory status after this epoch: 
Memory allocated:  315.0908203125
Memory cached:  562.0
	 epoch  30 training error:  tensor(0.2374, device='cuda:0', grad_fn=<DivBackward0>)
Memory status after this epoch: 
Memory allocated:  315.0908203125
Memory cached:  562.0
	 epoch  40 training error:  tensor(0.1836, device='cuda:0', grad_fn=<DivBackward0>)
Memory status after this epoch: 
Memory allocated:  315.0908203125
Memory cached:  562.0
	 epoch  50 training error:  tensor(0.1677, device='cuda:0', grad_fn=<DivBackward0>)
Memory status after this epoch: 
Memory allocated:  315.0908203125
Memory cached:  562.0
	 epoch  60 training error:  tensor(0.1619, device='cuda:0', grad_fn=<DivBackward0>)
Memory status after this epoch: 
Memory allocated:  315.0908203125
Memory cached:  562.0
	 epoch  70 training error:  tensor(0.1458, device='cuda:0', grad_fn=<DivBackward0>)
Memory status after this epoch: 
Memory allocated:  315.0908203125
Memory cached:  562.0
	 epoch  80 training error:  tensor(0.1093, device='cuda:0', grad_fn=<DivBackward0>)
Memory status after this epoch: 
Memory allocated:  315.0908203125
Memory cached:  562.0
	 epoch  90 training error:  tensor(0.1170, device='cuda:0', grad_fn=<DivBackward0>)
Memory status after this epoch: 
Memory allocated:  315.0908203125
Memory cached:  562.0
