[I 2024-02-18 06:02:41,126] Trial 52 finished with value: 0.3008579909801483 and parameters: {'W_layers': 8, 'W_layer_units_exponent_0': 7, 'W_layer_units_exponent_1': 9, 'W_layer_units_exponent_2': 5, 'W_layer_units_exponent_3': 8, 'W_layer_units_exponent_4': 7, 'W_layer_units_exponent_5': 5, 'W_layer_units_exponent_6': 9, 'W_layer_units_exponent_7': 5, 'D_layers': 3, 'D_layer_units_exponent_0': 10, 'D_layer_units_exponent_1': 8, 'D_layer_units_exponent_2': 7, 'D_dagger_layers': 2, 'D_dagger_layer_units_exponent_0': 10, 'D_dagger_layer_units_exponent_1': 4, 'log_learning_rate': -3.9332555673860274, 'log_learning_rate_D': -3.275439146579271, 'log_learning_rate_D_dagger': -3.855837033199781, 'training_batch_size': 6, 'training_p': 2}. Best is trial 52 with value: 0.3008579909801483.
res:  tensor(0.3009, device='cuda:0', grad_fn=<DivBackward0>)
self.bestValue:  tensor(0.3014, device='cuda:0', grad_fn=<DivBackward0>)
Save this model!
Time for this trial:  28.457436323165894
Memory status after this trial: 
Memory allocated:  581.8583984375
Memory cached:  724.0
--------------------  Trial  53   --------------------
Start timing: 
Parameters: 
{'W_layers': 8, 'W_layer_units_exponent_0': 7, 'W_layer_units_exponent_1': 9, 'W_layer_units_exponent_2': 6, 'W_layer_units_exponent_3': 8, 'W_layer_units_exponent_4': 6, 'W_layer_units_exponent_5': 6, 'W_layer_units_exponent_6': 8, 'W_layer_units_exponent_7': 4, 'D_layers': 3, 'D_layer_units_exponent_0': 10, 'D_layer_units_exponent_1': 8, 'D_layer_units_exponent_2': 7, 'D_dagger_layers': 3, 'D_dagger_layer_units_exponent_0': 10, 'D_dagger_layer_units_exponent_1': 5, 'D_dagger_layer_units_exponent_2': 6, 'log_learning_rate': -3.9554389899123947, 'log_learning_rate_D': -3.47749166835922, 'log_learning_rate_D_dagger': -4.488730974532332, 'training_batch_size': 6, 'training_p': 2}
	 epoch  0 training error:  tensor(0.9819, device='cuda:0', grad_fn=<DivBackward0>)
Memory status after this epoch: 
Memory allocated:  585.98779296875
Memory cached:  722.0
	 epoch  10 training error:  tensor(0.3731, device='cuda:0', grad_fn=<DivBackward0>)
Memory status after this epoch: 
Memory allocated:  585.98779296875
Memory cached:  722.0
	 epoch  20 training error:  tensor(0.2965, device='cuda:0', grad_fn=<DivBackward0>)
Memory status after this epoch: 
Memory allocated:  585.98779296875
Memory cached:  722.0
	 epoch  30 training error:  tensor(0.2906, device='cuda:0', grad_fn=<DivBackward0>)
Memory status after this epoch: 
Memory allocated:  585.98779296875
Memory cached:  722.0
	 epoch  40 training error:  tensor(0.2879, device='cuda:0', grad_fn=<DivBackward0>)
Memory status after this epoch: 
Memory allocated:  585.98779296875
Memory cached:  722.0
	 epoch  50 training error:  tensor(0.2873, device='cuda:0', grad_fn=<DivBackward0>)
Memory status after this epoch: 
Memory allocated:  585.98779296875
Memory cached:  722.0
	 epoch  60 training error:  tensor(0.2864, device='cuda:0', grad_fn=<DivBackward0>)
Memory status after this epoch: 
Memory allocated:  585.98779296875
Memory cached:  722.0
	 epoch  70 training error:  tensor(0.2863, device='cuda:0', grad_fn=<DivBackward0>)
Memory status after this epoch: 
Memory allocated:  585.98779296875
Memory cached:  722.0
	 epoch  80 training error:  tensor(0.2856, device='cuda:0', grad_fn=<DivBackward0>)
Memory status after this epoch: 
Memory allocated:  585.98779296875
Memory cached:  722.0
	 epoch  90 training error:  tensor(0.2857, device='cuda:0', grad_fn=<DivBackward0>)
Memory status after this epoch: 
Memory allocated:  585.98779296875
Memory cached:  722.0
[I 2024-02-18 06:03:10,426] Trial 53 finished with value: 0.3019077479839325 and parameters: {'W_layers': 8, 'W_layer_units_exponent_0': 7, 'W_layer_units_exponent_1': 9, 'W_layer_units_exponent_2': 6, 'W_layer_units_exponent_3': 8, 'W_layer_units_exponent_4': 6, 'W_layer_units_exponent_5': 6, 'W_layer_units_exponent_6': 8, 'W_layer_units_exponent_7': 4, 'D_layers': 3, 'D_layer_units_exponent_0': 10, 'D_layer_units_exponent_1': 8, 'D_layer_units_exponent_2': 7, 'D_dagger_layers': 3, 'D_dagger_layer_units_exponent_0': 10, 'D_dagger_layer_units_exponent_1': 5, 'D_dagger_layer_units_exponent_2': 6, 'log_learning_rate': -3.9554389899123947, 'log_learning_rate_D': -3.47749166835922, 'log_learning_rate_D_dagger': -4.488730974532332, 'training_batch_size': 6, 'training_p': 2}. Best is trial 52 with value: 0.3008579909801483.
Time for this trial:  28.912314414978027
Memory status after this trial: 
Memory allocated:  1125.65673828125
Memory cached:  1154.0
--------------------  Trial  54   --------------------
Start timing: 
Parameters: 
{'W_layers': 7, 'W_layer_units_exponent_0': 7, 'W_layer_units_exponent_1': 9, 'W_layer_units_exponent_2': 7, 'W_layer_units_exponent_3': 8, 'W_layer_units_exponent_4': 4, 'W_layer_units_exponent_5': 7, 'W_layer_units_exponent_6': 9, 'D_layers': 4, 'D_layer_units_exponent_0': 10, 'D_layer_units_exponent_1': 7, 'D_layer_units_exponent_2': 10, 'D_layer_units_exponent_3': 5, 'D_dagger_layers': 2, 'D_dagger_layer_units_exponent_0': 10, 'D_dagger_layer_units_exponent_1': 9, 'log_learning_rate': -4.511400680066827, 'log_learning_rate_D': -3.199485366253967, 'log_learning_rate_D_dagger': -3.8520555469531237, 'training_batch_size': 6, 'training_p': 2}
	 epoch  0 training error:  tensor(0.5417, device='cuda:0', grad_fn=<DivBackward0>)
Memory status after this epoch: 
Memory allocated:  594.9775390625
Memory cached:  738.0
	 epoch  10 training error:  tensor(0.2924, device='cuda:0', grad_fn=<DivBackward0>)
Memory status after this epoch: 
Memory allocated:  594.9775390625
Memory cached:  738.0
	 epoch  20 training error:  tensor(0.2887, device='cuda:0', grad_fn=<DivBackward0>)
Memory status after this epoch: 
Memory allocated:  594.9775390625
Memory cached:  738.0
	 epoch  30 training error:  tensor(0.2951, device='cuda:0', grad_fn=<DivBackward0>)
Memory status after this epoch: 
Memory allocated:  594.9775390625
Memory cached:  738.0
	 epoch  40 training error:  tensor(0.2861, device='cuda:0', grad_fn=<DivBackward0>)
Memory status after this epoch: 
Memory allocated:  594.9775390625
Memory cached:  738.0
	 epoch  50 training error:  tensor(0.3097, device='cuda:0', grad_fn=<DivBackward0>)
Memory status after this epoch: 
Memory allocated:  594.9775390625
Memory cached:  738.0
	 epoch  60 training error:  tensor(0.3002, device='cuda:0', grad_fn=<DivBackward0>)
Memory status after this epoch: 
Memory allocated:  594.9775390625
Memory cached:  738.0
	 epoch  70 training error:  tensor(0.2859, device='cuda:0', grad_fn=<DivBackward0>)
Memory status after this epoch: 
Memory allocated:  594.9775390625
Memory cached:  738.0
	 epoch  80 training error:  tensor(0.2977, device='cuda:0', grad_fn=<DivBackward0>)
Memory status after this epoch: 
Memory allocated:  594.9775390625
Memory cached:  738.0
	 epoch  90 training error:  tensor(0.2996, device='cuda:0', grad_fn=<DivBackward0>)
Memory status after this epoch: 
Memory allocated:  594.9775390625
Memory cached:  738.0
[I 2024-02-18 06:03:40,545] Trial 54 finished with value: 0.3111165165901184 and parameters: {'W_layers': 7, 'W_layer_units_exponent_0': 7, 'W_layer_units_exponent_1': 9, 'W_layer_units_exponent_2': 7, 'W_layer_units_exponent_3': 8, 'W_layer_units_exponent_4': 4, 'W_layer_units_exponent_5': 7, 'W_layer_units_exponent_6': 9, 'D_layers': 4, 'D_layer_units_exponent_0': 10, 'D_layer_units_exponent_1': 7, 'D_layer_units_exponent_2': 10, 'D_layer_units_exponent_3': 5, 'D_dagger_layers': 2, 'D_dagger_layer_units_exponent_0': 10, 'D_dagger_layer_units_exponent_1': 9, 'log_learning_rate': -4.511400680066827, 'log_learning_rate_D': -3.199485366253967, 'log_learning_rate_D_dagger': -3.8520555469531237, 'training_batch_size': 6, 'training_p': 2}. Best is trial 52 with value: 0.3008579909801483.
Time for this trial:  29.755558252334595
Memory status after this trial: 
Memory allocated:  1261.92724609375
Memory cached:  1302.0
--------------------  Trial  55   --------------------
Start timing: 
Parameters: 
{'W_layers': 8, 'W_layer_units_exponent_0': 6, 'W_layer_units_exponent_1': 10, 'W_layer_units_exponent_2': 5, 'W_layer_units_exponent_3': 7, 'W_layer_units_exponent_4': 5, 'W_layer_units_exponent_5': 5, 'W_layer_units_exponent_6': 9, 'W_layer_units_exponent_7': 6, 'D_layers': 6, 'D_layer_units_exponent_0': 10, 'D_layer_units_exponent_1': 8, 'D_layer_units_exponent_2': 8, 'D_layer_units_exponent_3': 10, 'D_layer_units_exponent_4': 4, 'D_layer_units_exponent_5': 8, 'D_dagger_layers': 3, 'D_dagger_layer_units_exponent_0': 6, 'D_dagger_layer_units_exponent_1': 4, 'D_dagger_layer_units_exponent_2': 5, 'log_learning_rate': -3.7725300603279286, 'log_learning_rate_D': -3.3144206776565763, 'log_learning_rate_D_dagger': -4.1126654439430705, 'training_batch_size': 6, 'training_p': 3}
	 epoch  0 training error:  tensor(1.0283, device='cuda:0', grad_fn=<DivBackward0>)
Memory status after this epoch: 
Memory allocated:  586.6875
Memory cached:  722.0
	 epoch  10 training error:  tensor(0.4761, device='cuda:0', grad_fn=<DivBackward0>)
Memory status after this epoch: 
Memory allocated:  586.6875
Memory cached:  722.0
	 epoch  20 training error:  tensor(0.4502, device='cuda:0', grad_fn=<DivBackward0>)
Memory status after this epoch: 
Memory allocated:  586.6875
Memory cached:  722.0
	 epoch  30 training error:  tensor(0.4205, device='cuda:0', grad_fn=<DivBackward0>)
Memory status after this epoch: 
Memory allocated:  586.6875
Memory cached:  722.0
	 epoch  40 training error:  tensor(0.3967, device='cuda:0', grad_fn=<DivBackward0>)
Memory status after this epoch: 
Memory allocated:  586.6875
Memory cached:  722.0
	 epoch  50 training error:  tensor(0.3879, device='cuda:0', grad_fn=<DivBackward0>)
Memory status after this epoch: 
Memory allocated:  586.6875
Memory cached:  722.0
	 epoch  60 training error:  tensor(0.3818, device='cuda:0', grad_fn=<DivBackward0>)
Memory status after this epoch: 
Memory allocated:  586.6875
Memory cached:  722.0
	 epoch  70 training error:  tensor(0.3809, device='cuda:0', grad_fn=<DivBackward0>)
Memory status after this epoch: 
Memory allocated:  586.6875
Memory cached:  722.0
	 epoch  80 training error:  tensor(0.3840, device='cuda:0', grad_fn=<DivBackward0>)
Memory status after this epoch: 
Memory allocated:  586.6875
Memory cached:  722.0
	 epoch  90 training error:  tensor(0.3782, device='cuda:0', grad_fn=<DivBackward0>)
Memory status after this epoch: 
Memory allocated:  586.6875
Memory cached:  722.0
[I 2024-02-18 06:04:09,646] Trial 55 finished with value: 0.32287082076072693 and parameters: {'W_layers': 8, 'W_layer_units_exponent_0': 6, 'W_layer_units_exponent_1': 10, 'W_layer_units_exponent_2': 5, 'W_layer_units_exponent_3': 7, 'W_layer_units_exponent_4': 5, 'W_layer_units_exponent_5': 5, 'W_layer_units_exponent_6': 9, 'W_layer_units_exponent_7': 6, 'D_layers': 6, 'D_layer_units_exponent_0': 10, 'D_layer_units_exponent_1': 8, 'D_layer_units_exponent_2': 8, 'D_layer_units_exponent_3': 10, 'D_layer_units_exponent_4': 4, 'D_layer_units_exponent_5': 8, 'D_dagger_layers': 3, 'D_dagger_layer_units_exponent_0': 6, 'D_dagger_layer_units_exponent_1': 4, 'D_dagger_layer_units_exponent_2': 5, 'log_learning_rate': -3.7725300603279286, 'log_learning_rate_D': -3.3144206776565763, 'log_learning_rate_D_dagger': -4.1126654439430705, 'training_batch_size': 6, 'training_p': 3}. Best is trial 52 with value: 0.3008579909801483.
Time for this trial:  28.74813151359558
Memory status after this trial: 
Memory allocated:  1018.71826171875
Memory cached:  1074.0
--------------------  Trial  56   --------------------
Start timing: 
Parameters: 
{'W_layers': 7, 'W_layer_units_exponent_0': 8, 'W_layer_units_exponent_1': 8, 'W_layer_units_exponent_2': 6, 'W_layer_units_exponent_3': 8, 'W_layer_units_exponent_4': 7, 'W_layer_units_exponent_5': 7, 'W_layer_units_exponent_6': 10, 'D_layers': 4, 'D_layer_units_exponent_0': 10, 'D_layer_units_exponent_1': 9, 'D_layer_units_exponent_2': 7, 'D_layer_units_exponent_3': 5, 'D_dagger_layers': 2, 'D_dagger_layer_units_exponent_0': 10, 'D_dagger_layer_units_exponent_1': 5, 'log_learning_rate': -4.09030367541008, 'log_learning_rate_D': -4.416600052847266, 'log_learning_rate_D_dagger': -3.8356230488855014, 'training_batch_size': 6, 'training_p': 2}
	 epoch  0 training error:  tensor(0.8134, device='cuda:0', grad_fn=<DivBackward0>)
Memory status after this epoch: 
Memory allocated:  588.9951171875
Memory cached:  722.0
	 epoch  10 training error:  tensor(0.2908, device='cuda:0', grad_fn=<DivBackward0>)
Memory status after this epoch: 
Memory allocated:  588.9951171875
Memory cached:  722.0
	 epoch  20 training error:  tensor(0.2876, device='cuda:0', grad_fn=<DivBackward0>)
Memory status after this epoch: 
Memory allocated:  588.9951171875
Memory cached:  722.0
	 epoch  30 training error:  tensor(0.2862, device='cuda:0', grad_fn=<DivBackward0>)
Memory status after this epoch: 
Memory allocated:  588.9951171875
Memory cached:  722.0
	 epoch  40 training error:  tensor(0.2899, device='cuda:0', grad_fn=<DivBackward0>)
Memory status after this epoch: 
Memory allocated:  588.9951171875
Memory cached:  722.0
	 epoch  50 training error:  tensor(0.2865, device='cuda:0', grad_fn=<DivBackward0>)
Memory status after this epoch: 
Memory allocated:  588.9951171875
Memory cached:  722.0
	 epoch  60 training error:  tensor(0.2880, device='cuda:0', grad_fn=<DivBackward0>)
Memory status after this epoch: 
Memory allocated:  588.9951171875
Memory cached:  722.0
	 epoch  70 training error:  tensor(0.2901, device='cuda:0', grad_fn=<DivBackward0>)
Memory status after this epoch: 
Memory allocated:  588.9951171875
Memory cached:  722.0
	 epoch  80 training error:  tensor(0.2892, device='cuda:0', grad_fn=<DivBackward0>)
Memory status after this epoch: 
Memory allocated:  588.9951171875
Memory cached:  722.0
	 epoch  90 training error:  tensor(0.2885, device='cuda:0', grad_fn=<DivBackward0>)
Memory status after this epoch: 
Memory allocated:  588.9951171875
Memory cached:  722.0
[I 2024-02-18 06:04:38,150] Trial 56 finished with value: 0.30027732253074646 and parameters: {'W_layers': 7, 'W_layer_units_exponent_0': 8, 'W_layer_units_exponent_1': 8, 'W_layer_units_exponent_2': 6, 'W_layer_units_exponent_3': 8, 'W_layer_units_exponent_4': 7, 'W_layer_units_exponent_5': 7, 'W_layer_units_exponent_6': 10, 'D_layers': 4, 'D_layer_units_exponent_0': 10, 'D_layer_units_exponent_1': 9, 'D_layer_units_exponent_2': 7, 'D_layer_units_exponent_3': 5, 'D_dagger_layers': 2, 'D_dagger_layer_units_exponent_0': 10, 'D_dagger_layer_units_exponent_1': 5, 'log_learning_rate': -4.09030367541008, 'log_learning_rate_D': -4.416600052847266, 'log_learning_rate_D_dagger': -3.8356230488855014, 'training_batch_size': 6, 'training_p': 2}. Best is trial 56 with value: 0.30027732253074646.
res:  tensor(0.3003, device='cuda:0', grad_fn=<DivBackward0>)
self.bestValue:  tensor(0.3009, device='cuda:0', grad_fn=<DivBackward0>)
Save this model!
Time for this trial:  28.151606798171997
Memory status after this trial: 
Memory allocated:  664.4697265625
Memory cached:  848.0
--------------------  Trial  57   --------------------
Start timing: 
Parameters: 
{'W_layers': 5, 'W_layer_units_exponent_0': 8, 'W_layer_units_exponent_1': 8, 'W_layer_units_exponent_2': 10, 'W_layer_units_exponent_3': 8, 'W_layer_units_exponent_4': 7, 'D_layers': 4, 'D_layer_units_exponent_0': 9, 'D_layer_units_exponent_1': 9, 'D_layer_units_exponent_2': 7, 'D_layer_units_exponent_3': 5, 'D_dagger_layers': 2, 'D_dagger_layer_units_exponent_0': 10, 'D_dagger_layer_units_exponent_1': 5, 'log_learning_rate': -4.171938842670874, 'log_learning_rate_D': -4.399820449179865, 'log_learning_rate_D_dagger': -3.903490994652696, 'training_batch_size': 6, 'training_p': 3}
	 epoch  0 training error:  tensor(0.7249, device='cuda:0', grad_fn=<DivBackward0>)
Memory status after this epoch: 
Memory allocated:  675.8369140625
Memory cached:  846.0
	 epoch  10 training error:  tensor(0.3778, device='cuda:0', grad_fn=<DivBackward0>)
Memory status after this epoch: 
Memory allocated:  675.8369140625
Memory cached:  846.0
	 epoch  20 training error:  tensor(0.3710, device='cuda:0', grad_fn=<DivBackward0>)
Memory status after this epoch: 
Memory allocated:  675.8369140625
Memory cached:  846.0
	 epoch  30 training error:  tensor(0.3746, device='cuda:0', grad_fn=<DivBackward0>)
Memory status after this epoch: 
Memory allocated:  675.8369140625
Memory cached:  848.0
	 epoch  40 training error:  tensor(0.3704, device='cuda:0', grad_fn=<DivBackward0>)
Memory status after this epoch: 
Memory allocated:  675.8369140625
Memory cached:  846.0
	 epoch  50 training error:  tensor(0.3765, device='cuda:0', grad_fn=<DivBackward0>)
Memory status after this epoch: 
Memory allocated:  675.8369140625
Memory cached:  848.0
	 epoch  60 training error:  tensor(0.3718, device='cuda:0', grad_fn=<DivBackward0>)
Memory status after this epoch: 
Memory allocated:  675.8369140625
Memory cached:  848.0
	 epoch  70 training error:  tensor(0.3699, device='cuda:0', grad_fn=<DivBackward0>)
Memory status after this epoch: 
Memory allocated:  675.8369140625
Memory cached:  846.0
	 epoch  80 training error:  tensor(0.3710, device='cuda:0', grad_fn=<DivBackward0>)
Memory status after this epoch: 
Memory allocated:  675.8369140625
Memory cached:  846.0
	 epoch  90 training error:  tensor(0.3729, device='cuda:0', grad_fn=<DivBackward0>)
Memory status after this epoch: 
Memory allocated:  675.8369140625
Memory cached:  846.0
[I 2024-02-18 06:05:06,450] Trial 57 finished with value: 0.3129940629005432 and parameters: {'W_layers': 5, 'W_layer_units_exponent_0': 8, 'W_layer_units_exponent_1': 8, 'W_layer_units_exponent_2': 10, 'W_layer_units_exponent_3': 8, 'W_layer_units_exponent_4': 7, 'D_layers': 4, 'D_layer_units_exponent_0': 9, 'D_layer_units_exponent_1': 9, 'D_layer_units_exponent_2': 7, 'D_layer_units_exponent_3': 5, 'D_dagger_layers': 2, 'D_dagger_layer_units_exponent_0': 10, 'D_dagger_layer_units_exponent_1': 5, 'log_learning_rate': -4.171938842670874, 'log_learning_rate_D': -4.399820449179865, 'log_learning_rate_D_dagger': -3.903490994652696, 'training_batch_size': 6, 'training_p': 3}. Best is trial 56 with value: 0.30027732253074646.
Time for this trial:  27.971429586410522
Memory status after this trial: 
Memory allocated:  1313.36376953125
Memory cached:  1338.0
--------------------  Trial  58   --------------------
Start timing: 
Parameters: 
{'W_layers': 6, 'W_layer_units_exponent_0': 7, 'W_layer_units_exponent_1': 8, 'W_layer_units_exponent_2': 4, 'W_layer_units_exponent_3': 8, 'W_layer_units_exponent_4': 7, 'W_layer_units_exponent_5': 7, 'D_layers': 5, 'D_layer_units_exponent_0': 10, 'D_layer_units_exponent_1': 8, 'D_layer_units_exponent_2': 7, 'D_layer_units_exponent_3': 6, 'D_layer_units_exponent_4': 10, 'D_dagger_layers': 2, 'D_dagger_layer_units_exponent_0': 10, 'D_dagger_layer_units_exponent_1': 4, 'log_learning_rate': -4.0229333379183, 'log_learning_rate_D': -3.790894802478501, 'log_learning_rate_D_dagger': -4.4179413381700305, 'training_batch_size': 7, 'training_p': 2}
	 epoch  0 training error:  tensor(0.9490, device='cuda:0', grad_fn=<DivBackward0>)
Memory status after this epoch: 
Memory allocated:  667.59521484375
Memory cached:  846.0
	 epoch  10 training error:  tensor(0.3559, device='cuda:0', grad_fn=<DivBackward0>)
Memory status after this epoch: 
Memory allocated:  667.59521484375
Memory cached:  846.0
	 epoch  20 training error:  tensor(0.3017, device='cuda:0', grad_fn=<DivBackward0>)
Memory status after this epoch: 
Memory allocated:  667.59521484375
Memory cached:  846.0
	 epoch  30 training error:  tensor(0.2916, device='cuda:0', grad_fn=<DivBackward0>)
Memory status after this epoch: 
Memory allocated:  667.59521484375
Memory cached:  846.0
	 epoch  40 training error:  tensor(0.2903, device='cuda:0', grad_fn=<DivBackward0>)
Memory status after this epoch: 
Memory allocated:  667.59521484375
Memory cached:  846.0
	 epoch  50 training error:  tensor(0.2902, device='cuda:0', grad_fn=<DivBackward0>)
Memory status after this epoch: 
Memory allocated:  667.59521484375
Memory cached:  846.0
	 epoch  60 training error:  tensor(0.2892, device='cuda:0', grad_fn=<DivBackward0>)
Memory status after this epoch: 
Memory allocated:  667.59521484375
Memory cached:  846.0
	 epoch  70 training error:  tensor(0.2876, device='cuda:0', grad_fn=<DivBackward0>)
Memory status after this epoch: 
Memory allocated:  667.59521484375
Memory cached:  846.0
	 epoch  80 training error:  tensor(0.2872, device='cuda:0', grad_fn=<DivBackward0>)
Memory status after this epoch: 
Memory allocated:  667.59521484375
Memory cached:  846.0
	 epoch  90 training error:  tensor(0.2868, device='cuda:0', grad_fn=<DivBackward0>)
Memory status after this epoch: 
Memory allocated:  667.59521484375
Memory cached:  846.0
