[I 2024-02-18 07:00:06,399] Trial 166 finished with value: 0.299686998128891 and parameters: {'W_layers': 7, 'W_layer_units_exponent_0': 5, 'W_layer_units_exponent_1': 5, 'W_layer_units_exponent_2': 7, 'W_layer_units_exponent_3': 7, 'W_layer_units_exponent_4': 7, 'W_layer_units_exponent_5': 6, 'W_layer_units_exponent_6': 9, 'D_layers': 3, 'D_layer_units_exponent_0': 10, 'D_layer_units_exponent_1': 5, 'D_layer_units_exponent_2': 9, 'D_dagger_layers': 6, 'D_dagger_layer_units_exponent_0': 10, 'D_dagger_layer_units_exponent_1': 7, 'D_dagger_layer_units_exponent_2': 5, 'D_dagger_layer_units_exponent_3': 6, 'D_dagger_layer_units_exponent_4': 6, 'D_dagger_layer_units_exponent_5': 4, 'log_learning_rate': -3.534827047477462, 'log_learning_rate_D': -4.00652121429005, 'log_learning_rate_D_dagger': -3.6772594272336585, 'training_batch_size': 6, 'training_p': 2}. Best is trial 151 with value: 0.29889023303985596.
Time for this trial:  30.26630425453186
Memory status after this trial: 
Memory allocated:  1249.99560546875
Memory cached:  1298.0
--------------------  Trial  167   --------------------
Start timing: 
Parameters: 
{'W_layers': 7, 'W_layer_units_exponent_0': 5, 'W_layer_units_exponent_1': 6, 'W_layer_units_exponent_2': 7, 'W_layer_units_exponent_3': 4, 'W_layer_units_exponent_4': 7, 'W_layer_units_exponent_5': 6, 'W_layer_units_exponent_6': 9, 'D_layers': 3, 'D_layer_units_exponent_0': 5, 'D_layer_units_exponent_1': 5, 'D_layer_units_exponent_2': 8, 'D_dagger_layers': 7, 'D_dagger_layer_units_exponent_0': 10, 'D_dagger_layer_units_exponent_1': 7, 'D_dagger_layer_units_exponent_2': 4, 'D_dagger_layer_units_exponent_3': 5, 'D_dagger_layer_units_exponent_4': 5, 'D_dagger_layer_units_exponent_5': 4, 'D_dagger_layer_units_exponent_6': 6, 'log_learning_rate': -3.4231670028583885, 'log_learning_rate_D': -4.02531642325018, 'log_learning_rate_D_dagger': -3.684058571935916, 'training_batch_size': 6, 'training_p': 2}
	 epoch  0 training error:  tensor(0.8803, device='cuda:0', grad_fn=<DivBackward0>)
Memory status after this epoch: 
Memory allocated:  754.16064453125
Memory cached:  966.0
	 epoch  10 training error:  tensor(0.3089, device='cuda:0', grad_fn=<DivBackward0>)
Memory status after this epoch: 
Memory allocated:  754.16064453125
Memory cached:  966.0
	 epoch  20 training error:  tensor(0.2924, device='cuda:0', grad_fn=<DivBackward0>)
Memory status after this epoch: 
Memory allocated:  754.16064453125
Memory cached:  966.0
	 epoch  30 training error:  tensor(0.2891, device='cuda:0', grad_fn=<DivBackward0>)
Memory status after this epoch: 
Memory allocated:  754.16064453125
Memory cached:  966.0
	 epoch  40 training error:  tensor(0.2895, device='cuda:0', grad_fn=<DivBackward0>)
Memory status after this epoch: 
Memory allocated:  754.16064453125
Memory cached:  966.0
	 epoch  50 training error:  tensor(0.2855, device='cuda:0', grad_fn=<DivBackward0>)
Memory status after this epoch: 
Memory allocated:  754.16064453125
Memory cached:  966.0
	 epoch  60 training error:  tensor(0.2870, device='cuda:0', grad_fn=<DivBackward0>)
Memory status after this epoch: 
Memory allocated:  754.16064453125
Memory cached:  966.0
	 epoch  70 training error:  tensor(0.2839, device='cuda:0', grad_fn=<DivBackward0>)
Memory status after this epoch: 
Memory allocated:  754.16064453125
Memory cached:  966.0
	 epoch  80 training error:  tensor(0.2846, device='cuda:0', grad_fn=<DivBackward0>)
Memory status after this epoch: 
Memory allocated:  754.16064453125
Memory cached:  966.0
	 epoch  90 training error:  tensor(0.2850, device='cuda:0', grad_fn=<DivBackward0>)
Memory status after this epoch: 
Memory allocated:  754.16064453125
Memory cached:  966.0
[I 2024-02-18 07:00:37,801] Trial 167 finished with value: 0.30047115683555603 and parameters: {'W_layers': 7, 'W_layer_units_exponent_0': 5, 'W_layer_units_exponent_1': 6, 'W_layer_units_exponent_2': 7, 'W_layer_units_exponent_3': 4, 'W_layer_units_exponent_4': 7, 'W_layer_units_exponent_5': 6, 'W_layer_units_exponent_6': 9, 'D_layers': 3, 'D_layer_units_exponent_0': 5, 'D_layer_units_exponent_1': 5, 'D_layer_units_exponent_2': 8, 'D_dagger_layers': 7, 'D_dagger_layer_units_exponent_0': 10, 'D_dagger_layer_units_exponent_1': 7, 'D_dagger_layer_units_exponent_2': 4, 'D_dagger_layer_units_exponent_3': 5, 'D_dagger_layer_units_exponent_4': 5, 'D_dagger_layer_units_exponent_5': 4, 'D_dagger_layer_units_exponent_6': 6, 'log_learning_rate': -3.4231670028583885, 'log_learning_rate_D': -4.02531642325018, 'log_learning_rate_D_dagger': -3.684058571935916, 'training_batch_size': 6, 'training_p': 2}. Best is trial 151 with value: 0.29889023303985596.
Time for this trial:  30.864596605300903
Memory status after this trial: 
Memory allocated:  1226.76611328125
Memory cached:  1278.0
--------------------  Trial  168   --------------------
Start timing: 
Parameters: 
{'W_layers': 3, 'W_layer_units_exponent_0': 5, 'W_layer_units_exponent_1': 6, 'W_layer_units_exponent_2': 7, 'D_layers': 2, 'D_layer_units_exponent_0': 10, 'D_layer_units_exponent_1': 5, 'D_dagger_layers': 5, 'D_dagger_layer_units_exponent_0': 10, 'D_dagger_layer_units_exponent_1': 7, 'D_dagger_layer_units_exponent_2': 5, 'D_dagger_layer_units_exponent_3': 6, 'D_dagger_layer_units_exponent_4': 5, 'log_learning_rate': -3.5587614008495896, 'log_learning_rate_D': -4.119526762537303, 'log_learning_rate_D_dagger': -3.951031468525203, 'training_batch_size': 6, 'training_p': 2}
	 epoch  0 training error:  tensor(0.7021, device='cuda:0', grad_fn=<DivBackward0>)
Memory status after this epoch: 
Memory allocated:  753.58837890625
Memory cached:  966.0
	 epoch  10 training error:  tensor(0.3104, device='cuda:0', grad_fn=<DivBackward0>)
Memory status after this epoch: 
Memory allocated:  753.58837890625
Memory cached:  966.0
	 epoch  20 training error:  tensor(0.2928, device='cuda:0', grad_fn=<DivBackward0>)
Memory status after this epoch: 
Memory allocated:  753.58837890625
Memory cached:  966.0
	 epoch  30 training error:  tensor(0.2851, device='cuda:0', grad_fn=<DivBackward0>)
Memory status after this epoch: 
Memory allocated:  753.58837890625
Memory cached:  966.0
	 epoch  40 training error:  tensor(0.2877, device='cuda:0', grad_fn=<DivBackward0>)
Memory status after this epoch: 
Memory allocated:  753.58837890625
Memory cached:  966.0
	 epoch  50 training error:  tensor(0.2850, device='cuda:0', grad_fn=<DivBackward0>)
Memory status after this epoch: 
Memory allocated:  753.58837890625
Memory cached:  966.0
	 epoch  60 training error:  tensor(0.2851, device='cuda:0', grad_fn=<DivBackward0>)
Memory status after this epoch: 
Memory allocated:  753.58837890625
Memory cached:  966.0
	 epoch  70 training error:  tensor(0.2838, device='cuda:0', grad_fn=<DivBackward0>)
Memory status after this epoch: 
Memory allocated:  753.58837890625
Memory cached:  966.0
	 epoch  80 training error:  tensor(0.2835, device='cuda:0', grad_fn=<DivBackward0>)
Memory status after this epoch: 
Memory allocated:  753.58837890625
Memory cached:  966.0
	 epoch  90 training error:  tensor(0.2822, device='cuda:0', grad_fn=<DivBackward0>)
Memory status after this epoch: 
Memory allocated:  753.58837890625
Memory cached:  966.0
[I 2024-02-18 07:01:03,452] Trial 168 finished with value: 0.2996886670589447 and parameters: {'W_layers': 3, 'W_layer_units_exponent_0': 5, 'W_layer_units_exponent_1': 6, 'W_layer_units_exponent_2': 7, 'D_layers': 2, 'D_layer_units_exponent_0': 10, 'D_layer_units_exponent_1': 5, 'D_dagger_layers': 5, 'D_dagger_layer_units_exponent_0': 10, 'D_dagger_layer_units_exponent_1': 7, 'D_dagger_layer_units_exponent_2': 5, 'D_dagger_layer_units_exponent_3': 6, 'D_dagger_layer_units_exponent_4': 5, 'log_learning_rate': -3.5587614008495896, 'log_learning_rate_D': -4.119526762537303, 'log_learning_rate_D_dagger': -3.951031468525203, 'training_batch_size': 6, 'training_p': 2}. Best is trial 151 with value: 0.29889023303985596.
Time for this trial:  25.265657424926758
Memory status after this trial: 
Memory allocated:  1076.98486328125
Memory cached:  1190.0
--------------------  Trial  169   --------------------
Start timing: 
Parameters: 
{'W_layers': 2, 'W_layer_units_exponent_0': 5, 'W_layer_units_exponent_1': 5, 'D_layers': 2, 'D_layer_units_exponent_0': 10, 'D_layer_units_exponent_1': 5, 'D_dagger_layers': 5, 'D_dagger_layer_units_exponent_0': 10, 'D_dagger_layer_units_exponent_1': 7, 'D_dagger_layer_units_exponent_2': 5, 'D_dagger_layer_units_exponent_3': 6, 'D_dagger_layer_units_exponent_4': 5, 'log_learning_rate': -3.575067371958213, 'log_learning_rate_D': -4.11063443535738, 'log_learning_rate_D_dagger': -4.097766577443048, 'training_batch_size': 6, 'training_p': 2}
	 epoch  0 training error:  tensor(0.6973, device='cuda:0', grad_fn=<DivBackward0>)
Memory status after this epoch: 
Memory allocated:  753.44580078125
Memory cached:  966.0
	 epoch  10 training error:  tensor(0.3065, device='cuda:0', grad_fn=<DivBackward0>)
Memory status after this epoch: 
Memory allocated:  753.44580078125
Memory cached:  966.0
	 epoch  20 training error:  tensor(0.2955, device='cuda:0', grad_fn=<DivBackward0>)
Memory status after this epoch: 
Memory allocated:  753.44580078125
Memory cached:  966.0
	 epoch  30 training error:  tensor(0.2908, device='cuda:0', grad_fn=<DivBackward0>)
Memory status after this epoch: 
Memory allocated:  753.44580078125
Memory cached:  966.0
	 epoch  40 training error:  tensor(0.2870, device='cuda:0', grad_fn=<DivBackward0>)
Memory status after this epoch: 
Memory allocated:  753.44580078125
Memory cached:  966.0
	 epoch  50 training error:  tensor(0.2854, device='cuda:0', grad_fn=<DivBackward0>)
Memory status after this epoch: 
Memory allocated:  753.44580078125
Memory cached:  966.0
	 epoch  60 training error:  tensor(0.2835, device='cuda:0', grad_fn=<DivBackward0>)
Memory status after this epoch: 
Memory allocated:  753.44580078125
Memory cached:  966.0
	 epoch  70 training error:  tensor(0.2852, device='cuda:0', grad_fn=<DivBackward0>)
Memory status after this epoch: 
Memory allocated:  753.44580078125
Memory cached:  966.0
	 epoch  80 training error:  tensor(0.2842, device='cuda:0', grad_fn=<DivBackward0>)
Memory status after this epoch: 
Memory allocated:  753.44580078125
Memory cached:  966.0
	 epoch  90 training error:  tensor(0.2827, device='cuda:0', grad_fn=<DivBackward0>)
Memory status after this epoch: 
Memory allocated:  753.44580078125
Memory cached:  966.0
[I 2024-02-18 07:01:28,438] Trial 169 finished with value: 0.3017946183681488 and parameters: {'W_layers': 2, 'W_layer_units_exponent_0': 5, 'W_layer_units_exponent_1': 5, 'D_layers': 2, 'D_layer_units_exponent_0': 10, 'D_layer_units_exponent_1': 5, 'D_dagger_layers': 5, 'D_dagger_layer_units_exponent_0': 10, 'D_dagger_layer_units_exponent_1': 7, 'D_dagger_layer_units_exponent_2': 5, 'D_dagger_layer_units_exponent_3': 6, 'D_dagger_layer_units_exponent_4': 5, 'log_learning_rate': -3.575067371958213, 'log_learning_rate_D': -4.11063443535738, 'log_learning_rate_D_dagger': -4.097766577443048, 'training_batch_size': 6, 'training_p': 2}. Best is trial 151 with value: 0.29889023303985596.
Time for this trial:  24.579314470291138
Memory status after this trial: 
Memory allocated:  1044.25732421875
Memory cached:  1190.0
--------------------  Trial  170   --------------------
Start timing: 
Parameters: 
{'W_layers': 3, 'W_layer_units_exponent_0': 5, 'W_layer_units_exponent_1': 6, 'W_layer_units_exponent_2': 7, 'D_layers': 2, 'D_layer_units_exponent_0': 10, 'D_layer_units_exponent_1': 5, 'D_dagger_layers': 5, 'D_dagger_layer_units_exponent_0': 10, 'D_dagger_layer_units_exponent_1': 7, 'D_dagger_layer_units_exponent_2': 4, 'D_dagger_layer_units_exponent_3': 6, 'D_dagger_layer_units_exponent_4': 5, 'log_learning_rate': -3.516891325768567, 'log_learning_rate_D': -4.190935440079387, 'log_learning_rate_D_dagger': -3.9691454228320637, 'training_batch_size': 6, 'training_p': 2}
	 epoch  0 training error:  tensor(0.8112, device='cuda:0', grad_fn=<DivBackward0>)
Memory status after this epoch: 
Memory allocated:  753.54150390625
Memory cached:  966.0
	 epoch  10 training error:  tensor(0.3037, device='cuda:0', grad_fn=<DivBackward0>)
Memory status after this epoch: 
Memory allocated:  753.54150390625
Memory cached:  966.0
	 epoch  20 training error:  tensor(0.2953, device='cuda:0', grad_fn=<DivBackward0>)
Memory status after this epoch: 
Memory allocated:  753.54150390625
Memory cached:  966.0
	 epoch  30 training error:  tensor(0.2887, device='cuda:0', grad_fn=<DivBackward0>)
Memory status after this epoch: 
Memory allocated:  753.54150390625
Memory cached:  966.0
	 epoch  40 training error:  tensor(0.2860, device='cuda:0', grad_fn=<DivBackward0>)
Memory status after this epoch: 
Memory allocated:  753.54150390625
Memory cached:  966.0
	 epoch  50 training error:  tensor(0.2850, device='cuda:0', grad_fn=<DivBackward0>)
Memory status after this epoch: 
Memory allocated:  753.54150390625
Memory cached:  966.0
	 epoch  60 training error:  tensor(0.2868, device='cuda:0', grad_fn=<DivBackward0>)
Memory status after this epoch: 
Memory allocated:  753.54150390625
Memory cached:  966.0
	 epoch  70 training error:  tensor(0.2856, device='cuda:0', grad_fn=<DivBackward0>)
Memory status after this epoch: 
Memory allocated:  753.54150390625
Memory cached:  966.0
	 epoch  80 training error:  tensor(0.2829, device='cuda:0', grad_fn=<DivBackward0>)
Memory status after this epoch: 
Memory allocated:  753.54150390625
Memory cached:  966.0
	 epoch  90 training error:  tensor(0.2840, device='cuda:0', grad_fn=<DivBackward0>)
Memory status after this epoch: 
Memory allocated:  753.54150390625
Memory cached:  966.0
[I 2024-02-18 07:01:54,112] Trial 170 finished with value: 0.3000527620315552 and parameters: {'W_layers': 3, 'W_layer_units_exponent_0': 5, 'W_layer_units_exponent_1': 6, 'W_layer_units_exponent_2': 7, 'D_layers': 2, 'D_layer_units_exponent_0': 10, 'D_layer_units_exponent_1': 5, 'D_dagger_layers': 5, 'D_dagger_layer_units_exponent_0': 10, 'D_dagger_layer_units_exponent_1': 7, 'D_dagger_layer_units_exponent_2': 4, 'D_dagger_layer_units_exponent_3': 6, 'D_dagger_layer_units_exponent_4': 5, 'log_learning_rate': -3.516891325768567, 'log_learning_rate_D': -4.190935440079387, 'log_learning_rate_D_dagger': -3.9691454228320637, 'training_batch_size': 6, 'training_p': 2}. Best is trial 151 with value: 0.29889023303985596.
Time for this trial:  25.31577181816101
Memory status after this trial: 
Memory allocated:  1073.54345703125
Memory cached:  1190.0
--------------------  Trial  171   --------------------
Start timing: 
Parameters: 
{'W_layers': 3, 'W_layer_units_exponent_0': 5, 'W_layer_units_exponent_1': 6, 'W_layer_units_exponent_2': 7, 'D_layers': 2, 'D_layer_units_exponent_0': 10, 'D_layer_units_exponent_1': 5, 'D_dagger_layers': 5, 'D_dagger_layer_units_exponent_0': 10, 'D_dagger_layer_units_exponent_1': 7, 'D_dagger_layer_units_exponent_2': 4, 'D_dagger_layer_units_exponent_3': 6, 'D_dagger_layer_units_exponent_4': 5, 'log_learning_rate': -3.289710693308879, 'log_learning_rate_D': -4.1629916750620515, 'log_learning_rate_D_dagger': -3.9629382189821634, 'training_batch_size': 6, 'training_p': 2}
	 epoch  0 training error:  tensor(0.8877, device='cuda:0', grad_fn=<DivBackward0>)
Memory status after this epoch: 
Memory allocated:  753.54150390625
Memory cached:  966.0
	 epoch  10 training error:  tensor(0.3147, device='cuda:0', grad_fn=<DivBackward0>)
Memory status after this epoch: 
Memory allocated:  753.54150390625
Memory cached:  966.0
	 epoch  20 training error:  tensor(0.2930, device='cuda:0', grad_fn=<DivBackward0>)
Memory status after this epoch: 
Memory allocated:  753.54150390625
Memory cached:  966.0
	 epoch  30 training error:  tensor(0.2909, device='cuda:0', grad_fn=<DivBackward0>)
Memory status after this epoch: 
Memory allocated:  753.54150390625
Memory cached:  966.0
	 epoch  40 training error:  tensor(0.2872, device='cuda:0', grad_fn=<DivBackward0>)
Memory status after this epoch: 
Memory allocated:  753.54150390625
Memory cached:  966.0
	 epoch  50 training error:  tensor(0.2891, device='cuda:0', grad_fn=<DivBackward0>)
Memory status after this epoch: 
Memory allocated:  753.54150390625
Memory cached:  966.0
	 epoch  60 training error:  tensor(0.2832, device='cuda:0', grad_fn=<DivBackward0>)
Memory status after this epoch: 
Memory allocated:  753.54150390625
Memory cached:  966.0
	 epoch  70 training error:  tensor(0.2844, device='cuda:0', grad_fn=<DivBackward0>)
Memory status after this epoch: 
Memory allocated:  753.54150390625
Memory cached:  966.0
	 epoch  80 training error:  tensor(0.2861, device='cuda:0', grad_fn=<DivBackward0>)
Memory status after this epoch: 
Memory allocated:  753.54150390625
Memory cached:  966.0
	 epoch  90 training error:  tensor(0.2835, device='cuda:0', grad_fn=<DivBackward0>)
Memory status after this epoch: 
Memory allocated:  753.54150390625
Memory cached:  966.0
[I 2024-02-18 07:02:19,935] Trial 171 finished with value: 0.2997616231441498 and parameters: {'W_layers': 3, 'W_layer_units_exponent_0': 5, 'W_layer_units_exponent_1': 6, 'W_layer_units_exponent_2': 7, 'D_layers': 2, 'D_layer_units_exponent_0': 10, 'D_layer_units_exponent_1': 5, 'D_dagger_layers': 5, 'D_dagger_layer_units_exponent_0': 10, 'D_dagger_layer_units_exponent_1': 7, 'D_dagger_layer_units_exponent_2': 4, 'D_dagger_layer_units_exponent_3': 6, 'D_dagger_layer_units_exponent_4': 5, 'log_learning_rate': -3.289710693308879, 'log_learning_rate_D': -4.1629916750620515, 'log_learning_rate_D_dagger': -3.9629382189821634, 'training_batch_size': 6, 'training_p': 2}. Best is trial 151 with value: 0.29889023303985596.
Time for this trial:  25.4876766204834
Memory status after this trial: 
Memory allocated:  1073.54345703125
Memory cached:  1190.0
--------------------  Trial  172   --------------------
Start timing: 
Parameters: 
{'W_layers': 3, 'W_layer_units_exponent_0': 5, 'W_layer_units_exponent_1': 6, 'W_layer_units_exponent_2': 7, 'D_layers': 2, 'D_layer_units_exponent_0': 10, 'D_layer_units_exponent_1': 5, 'D_dagger_layers': 5, 'D_dagger_layer_units_exponent_0': 10, 'D_dagger_layer_units_exponent_1': 7, 'D_dagger_layer_units_exponent_2': 4, 'D_dagger_layer_units_exponent_3': 6, 'D_dagger_layer_units_exponent_4': 5, 'log_learning_rate': -3.30492291491253, 'log_learning_rate_D': -4.188473398846705, 'log_learning_rate_D_dagger': -3.9573885496647336, 'training_batch_size': 6, 'training_p': 2}
	 epoch  0 training error:  tensor(0.9055, device='cuda:0', grad_fn=<DivBackward0>)
Memory status after this epoch: 
Memory allocated:  753.54150390625
Memory cached:  966.0
	 epoch  10 training error:  tensor(0.3082, device='cuda:0', grad_fn=<DivBackward0>)
Memory status after this epoch: 
Memory allocated:  753.54150390625
Memory cached:  966.0
	 epoch  20 training error:  tensor(0.2914, device='cuda:0', grad_fn=<DivBackward0>)
Memory status after this epoch: 
Memory allocated:  753.54150390625
Memory cached:  966.0
	 epoch  30 training error:  tensor(0.2881, device='cuda:0', grad_fn=<DivBackward0>)
Memory status after this epoch: 
Memory allocated:  753.54150390625
Memory cached:  966.0
	 epoch  40 training error:  tensor(0.2844, device='cuda:0', grad_fn=<DivBackward0>)
Memory status after this epoch: 
Memory allocated:  753.54150390625
Memory cached:  966.0
	 epoch  50 training error:  tensor(0.2854, device='cuda:0', grad_fn=<DivBackward0>)
Memory status after this epoch: 
Memory allocated:  753.54150390625
Memory cached:  966.0
	 epoch  60 training error:  tensor(0.2851, device='cuda:0', grad_fn=<DivBackward0>)
Memory status after this epoch: 
Memory allocated:  753.54150390625
Memory cached:  966.0
	 epoch  70 training error:  tensor(0.2843, device='cuda:0', grad_fn=<DivBackward0>)
Memory status after this epoch: 
Memory allocated:  753.54150390625
Memory cached:  966.0
	 epoch  80 training error:  tensor(0.2856, device='cuda:0', grad_fn=<DivBackward0>)
Memory status after this epoch: 
Memory allocated:  753.54150390625
Memory cached:  966.0
	 epoch  90 training error:  tensor(0.2828, device='cuda:0', grad_fn=<DivBackward0>)
Memory status after this epoch: 
Memory allocated:  753.54150390625
Memory cached:  966.0
