[I 2023-12-04 00:59:21,312] Trial 11 finished with value: 0.040604304522275925 and parameters: {'W_layers': 3, 'W_layer_units_exponent_0': 5, 'W_layer_units_exponent_1': 5, 'W_layer_units_exponent_2': 10, 'D_layers': 7, 'D_layer_units_exponent_0': 8, 'D_layer_units_exponent_1': 5, 'D_layer_units_exponent_2': 9, 'D_layer_units_exponent_3': 10, 'D_layer_units_exponent_4': 10, 'D_layer_units_exponent_5': 8, 'D_layer_units_exponent_6': 8, 'log_learning_rate': -1.5916753982377094, 'log_learning_rate_D': -2.9806250710179745, 'training_batch_size': 9, 'training_p': 4}. Best is trial 11 with value: 0.040604304522275925.
res:  tensor(0.0406, device='cuda:0', grad_fn=<DivBackward0>)
self.bestValue:  tensor(0.0875, device='cuda:0', grad_fn=<DivBackward0>)
Save this model!
Time for this trial:  49.6340765953064
Memory status after this trial: 
Memory allocated:  116.1640625
Memory cached:  200.0
--------------------  Trial  12   --------------------
Start timing: 
Parameters: 
{'W_layers': 2, 'W_layer_units_exponent_0': 4, 'W_layer_units_exponent_1': 4, 'D_layers': 8, 'D_layer_units_exponent_0': 10, 'D_layer_units_exponent_1': 4, 'D_layer_units_exponent_2': 8, 'D_layer_units_exponent_3': 10, 'D_layer_units_exponent_4': 10, 'D_layer_units_exponent_5': 9, 'D_layer_units_exponent_6': 8, 'D_layer_units_exponent_7': 4, 'log_learning_rate': -4.932612845686405, 'log_learning_rate_D': -1.030400484356767, 'training_batch_size': 12, 'training_p': 4}
	 epoch  0 training error:  tensor(0.9758, device='cuda:0', grad_fn=<DivBackward0>)
Memory status after this epoch: 
Memory allocated:  146.71630859375
Memory cached:  224.0
[W 2023-12-04 00:59:23,112] Trial 12 failed with parameters: {'W_layers': 2, 'W_layer_units_exponent_0': 4, 'W_layer_units_exponent_1': 4, 'D_layers': 8, 'D_layer_units_exponent_0': 10, 'D_layer_units_exponent_1': 4, 'D_layer_units_exponent_2': 8, 'D_layer_units_exponent_3': 10, 'D_layer_units_exponent_4': 10, 'D_layer_units_exponent_5': 9, 'D_layer_units_exponent_6': 8, 'D_layer_units_exponent_7': 4, 'log_learning_rate': -4.932612845686405, 'log_learning_rate_D': -1.030400484356767, 'training_batch_size': 12, 'training_p': 4} because of the following error: The value nan is not acceptable.
[W 2023-12-04 00:59:23,113] Trial 12 failed with value tensor(nan, device='cuda:0', grad_fn=<DivBackward0>).
Time for this trial:  1.6523232460021973
Memory status after this trial: 
Memory allocated:  226.1083984375
Memory cached:  246.0
--------------------  Trial  13   --------------------
Start timing: 
Parameters: 
{'W_layers': 2, 'W_layer_units_exponent_0': 4, 'W_layer_units_exponent_1': 4, 'D_layers': 8, 'D_layer_units_exponent_0': 10, 'D_layer_units_exponent_1': 4, 'D_layer_units_exponent_2': 8, 'D_layer_units_exponent_3': 10, 'D_layer_units_exponent_4': 10, 'D_layer_units_exponent_5': 9, 'D_layer_units_exponent_6': 8, 'D_layer_units_exponent_7': 4, 'log_learning_rate': -4.836105326594332, 'log_learning_rate_D': -1.3846917826250573, 'training_batch_size': 12, 'training_p': 4}
	 epoch  0 training error:  tensor(0.9676, device='cuda:0', grad_fn=<DivBackward0>)
Memory status after this epoch: 
Memory allocated:  146.71630859375
Memory cached:  224.0
[W 2023-12-04 00:59:24,985] Trial 13 failed with parameters: {'W_layers': 2, 'W_layer_units_exponent_0': 4, 'W_layer_units_exponent_1': 4, 'D_layers': 8, 'D_layer_units_exponent_0': 10, 'D_layer_units_exponent_1': 4, 'D_layer_units_exponent_2': 8, 'D_layer_units_exponent_3': 10, 'D_layer_units_exponent_4': 10, 'D_layer_units_exponent_5': 9, 'D_layer_units_exponent_6': 8, 'D_layer_units_exponent_7': 4, 'log_learning_rate': -4.836105326594332, 'log_learning_rate_D': -1.3846917826250573, 'training_batch_size': 12, 'training_p': 4} because of the following error: The value nan is not acceptable.
[W 2023-12-04 00:59:24,986] Trial 13 failed with value tensor(nan, device='cuda:0', grad_fn=<DivBackward0>).
Time for this trial:  1.687800645828247
Memory status after this trial: 
Memory allocated:  226.1083984375
Memory cached:  246.0
--------------------  Trial  14   --------------------
Start timing: 
Parameters: 
{'W_layers': 2, 'W_layer_units_exponent_0': 4, 'W_layer_units_exponent_1': 4, 'D_layers': 8, 'D_layer_units_exponent_0': 10, 'D_layer_units_exponent_1': 4, 'D_layer_units_exponent_2': 8, 'D_layer_units_exponent_3': 10, 'D_layer_units_exponent_4': 10, 'D_layer_units_exponent_5': 9, 'D_layer_units_exponent_6': 8, 'D_layer_units_exponent_7': 4, 'log_learning_rate': -4.852971536498279, 'log_learning_rate_D': -1.5247883881942337, 'training_batch_size': 12, 'training_p': 4}
	 epoch  0 training error:  tensor(0.9600, device='cuda:0', grad_fn=<DivBackward0>)
Memory status after this epoch: 
Memory allocated:  146.71630859375
Memory cached:  224.0
[W 2023-12-04 00:59:26,916] Trial 14 failed with parameters: {'W_layers': 2, 'W_layer_units_exponent_0': 4, 'W_layer_units_exponent_1': 4, 'D_layers': 8, 'D_layer_units_exponent_0': 10, 'D_layer_units_exponent_1': 4, 'D_layer_units_exponent_2': 8, 'D_layer_units_exponent_3': 10, 'D_layer_units_exponent_4': 10, 'D_layer_units_exponent_5': 9, 'D_layer_units_exponent_6': 8, 'D_layer_units_exponent_7': 4, 'log_learning_rate': -4.852971536498279, 'log_learning_rate_D': -1.5247883881942337, 'training_batch_size': 12, 'training_p': 4} because of the following error: The value nan is not acceptable.
[W 2023-12-04 00:59:26,917] Trial 14 failed with value tensor(nan, device='cuda:0', grad_fn=<DivBackward0>).
Time for this trial:  1.74589204788208
Memory status after this trial: 
Memory allocated:  226.1083984375
Memory cached:  246.0
--------------------  Trial  15   --------------------
Start timing: 
Parameters: 
{'W_layers': 2, 'W_layer_units_exponent_0': 4, 'W_layer_units_exponent_1': 4, 'D_layers': 8, 'D_layer_units_exponent_0': 10, 'D_layer_units_exponent_1': 4, 'D_layer_units_exponent_2': 8, 'D_layer_units_exponent_3': 10, 'D_layer_units_exponent_4': 10, 'D_layer_units_exponent_5': 9, 'D_layer_units_exponent_6': 8, 'D_layer_units_exponent_7': 4, 'log_learning_rate': -4.8158598189423625, 'log_learning_rate_D': -1.0942983509524846, 'training_batch_size': 12, 'training_p': 4}
	 epoch  0 training error:  tensor(1.0796, device='cuda:0', grad_fn=<DivBackward0>)
Memory status after this epoch: 
Memory allocated:  146.71630859375
Memory cached:  224.0
[W 2023-12-04 00:59:28,854] Trial 15 failed with parameters: {'W_layers': 2, 'W_layer_units_exponent_0': 4, 'W_layer_units_exponent_1': 4, 'D_layers': 8, 'D_layer_units_exponent_0': 10, 'D_layer_units_exponent_1': 4, 'D_layer_units_exponent_2': 8, 'D_layer_units_exponent_3': 10, 'D_layer_units_exponent_4': 10, 'D_layer_units_exponent_5': 9, 'D_layer_units_exponent_6': 8, 'D_layer_units_exponent_7': 4, 'log_learning_rate': -4.8158598189423625, 'log_learning_rate_D': -1.0942983509524846, 'training_batch_size': 12, 'training_p': 4} because of the following error: The value nan is not acceptable.
[W 2023-12-04 00:59:28,855] Trial 15 failed with value tensor(nan, device='cuda:0', grad_fn=<DivBackward0>).
Time for this trial:  1.7508022785186768
Memory status after this trial: 
Memory allocated:  226.1083984375
Memory cached:  246.0
--------------------  Trial  16   --------------------
Start timing: 
Parameters: 
{'W_layers': 2, 'W_layer_units_exponent_0': 4, 'W_layer_units_exponent_1': 4, 'D_layers': 8, 'D_layer_units_exponent_0': 10, 'D_layer_units_exponent_1': 4, 'D_layer_units_exponent_2': 8, 'D_layer_units_exponent_3': 10, 'D_layer_units_exponent_4': 10, 'D_layer_units_exponent_5': 9, 'D_layer_units_exponent_6': 9, 'D_layer_units_exponent_7': 4, 'log_learning_rate': -4.519398556298341, 'log_learning_rate_D': -1.003250291584929, 'training_batch_size': 12, 'training_p': 4}
	 epoch  0 training error:  tensor(0.9340, device='cuda:0', grad_fn=<DivBackward0>)
Memory status after this epoch: 
Memory allocated:  148.78271484375
Memory cached:  224.0
[W 2023-12-04 00:59:30,812] Trial 16 failed with parameters: {'W_layers': 2, 'W_layer_units_exponent_0': 4, 'W_layer_units_exponent_1': 4, 'D_layers': 8, 'D_layer_units_exponent_0': 10, 'D_layer_units_exponent_1': 4, 'D_layer_units_exponent_2': 8, 'D_layer_units_exponent_3': 10, 'D_layer_units_exponent_4': 10, 'D_layer_units_exponent_5': 9, 'D_layer_units_exponent_6': 9, 'D_layer_units_exponent_7': 4, 'log_learning_rate': -4.519398556298341, 'log_learning_rate_D': -1.003250291584929, 'training_batch_size': 12, 'training_p': 4} because of the following error: The value nan is not acceptable.
[W 2023-12-04 00:59:30,813] Trial 16 failed with value tensor(nan, device='cuda:0', grad_fn=<DivBackward0>).
Time for this trial:  1.778865098953247
Memory status after this trial: 
Memory allocated:  232.9423828125
Memory cached:  254.0
--------------------  Trial  17   --------------------
Start timing: 
Parameters: 
{'W_layers': 2, 'W_layer_units_exponent_0': 4, 'W_layer_units_exponent_1': 4, 'D_layers': 8, 'D_layer_units_exponent_0': 9, 'D_layer_units_exponent_1': 4, 'D_layer_units_exponent_2': 8, 'D_layer_units_exponent_3': 10, 'D_layer_units_exponent_4': 10, 'D_layer_units_exponent_5': 9, 'D_layer_units_exponent_6': 8, 'D_layer_units_exponent_7': 4, 'log_learning_rate': -4.535172267680114, 'log_learning_rate_D': -1.580077627401257, 'training_batch_size': 12, 'training_p': 4}
	 epoch  0 training error:  tensor(1.0926, device='cuda:0', grad_fn=<DivBackward0>)
Memory status after this epoch: 
Memory allocated:  146.55224609375
Memory cached:  224.0
[W 2023-12-04 00:59:32,674] Trial 17 failed with parameters: {'W_layers': 2, 'W_layer_units_exponent_0': 4, 'W_layer_units_exponent_1': 4, 'D_layers': 8, 'D_layer_units_exponent_0': 9, 'D_layer_units_exponent_1': 4, 'D_layer_units_exponent_2': 8, 'D_layer_units_exponent_3': 10, 'D_layer_units_exponent_4': 10, 'D_layer_units_exponent_5': 9, 'D_layer_units_exponent_6': 8, 'D_layer_units_exponent_7': 4, 'log_learning_rate': -4.535172267680114, 'log_learning_rate_D': -1.580077627401257, 'training_batch_size': 12, 'training_p': 4} because of the following error: The value nan is not acceptable.
[W 2023-12-04 00:59:32,674] Trial 17 failed with value tensor(nan, device='cuda:0', grad_fn=<DivBackward0>).
Time for this trial:  1.6909983158111572
Memory status after this trial: 
Memory allocated:  214.4248046875
Memory cached:  234.0
--------------------  Trial  18   --------------------
Start timing: 
Parameters: 
{'W_layers': 2, 'W_layer_units_exponent_0': 4, 'W_layer_units_exponent_1': 4, 'D_layers': 8, 'D_layer_units_exponent_0': 10, 'D_layer_units_exponent_1': 4, 'D_layer_units_exponent_2': 8, 'D_layer_units_exponent_3': 10, 'D_layer_units_exponent_4': 10, 'D_layer_units_exponent_5': 9, 'D_layer_units_exponent_6': 8, 'D_layer_units_exponent_7': 4, 'log_learning_rate': -4.903629495269962, 'log_learning_rate_D': -1.0497382004165865, 'training_batch_size': 12, 'training_p': 4}
	 epoch  0 training error:  tensor(1.1232, device='cuda:0', grad_fn=<DivBackward0>)
Memory status after this epoch: 
Memory allocated:  146.71630859375
Memory cached:  224.0
[W 2023-12-04 00:59:34,613] Trial 18 failed with parameters: {'W_layers': 2, 'W_layer_units_exponent_0': 4, 'W_layer_units_exponent_1': 4, 'D_layers': 8, 'D_layer_units_exponent_0': 10, 'D_layer_units_exponent_1': 4, 'D_layer_units_exponent_2': 8, 'D_layer_units_exponent_3': 10, 'D_layer_units_exponent_4': 10, 'D_layer_units_exponent_5': 9, 'D_layer_units_exponent_6': 8, 'D_layer_units_exponent_7': 4, 'log_learning_rate': -4.903629495269962, 'log_learning_rate_D': -1.0497382004165865, 'training_batch_size': 12, 'training_p': 4} because of the following error: The value nan is not acceptable.
[W 2023-12-04 00:59:34,614] Trial 18 failed with value tensor(nan, device='cuda:0', grad_fn=<DivBackward0>).
Time for this trial:  1.7513854503631592
Memory status after this trial: 
Memory allocated:  226.1083984375
Memory cached:  246.0
--------------------  Trial  19   --------------------
Start timing: 
Parameters: 
{'W_layers': 2, 'W_layer_units_exponent_0': 4, 'W_layer_units_exponent_1': 4, 'D_layers': 4, 'D_layer_units_exponent_0': 10, 'D_layer_units_exponent_1': 4, 'D_layer_units_exponent_2': 8, 'D_layer_units_exponent_3': 10, 'log_learning_rate': -4.797134639349336, 'log_learning_rate_D': -1.0856379176835227, 'training_batch_size': 12, 'training_p': 4}
	 epoch  0 training error:  tensor(0.9329, device='cuda:0', grad_fn=<DivBackward0>)
Memory status after this epoch: 
Memory allocated:  120.65380859375
Memory cached:  204.0
[W 2023-12-04 00:59:36,081] Trial 19 failed with parameters: {'W_layers': 2, 'W_layer_units_exponent_0': 4, 'W_layer_units_exponent_1': 4, 'D_layers': 4, 'D_layer_units_exponent_0': 10, 'D_layer_units_exponent_1': 4, 'D_layer_units_exponent_2': 8, 'D_layer_units_exponent_3': 10, 'log_learning_rate': -4.797134639349336, 'log_learning_rate_D': -1.0856379176835227, 'training_batch_size': 12, 'training_p': 4} because of the following error: The value nan is not acceptable.
[W 2023-12-04 00:59:36,082] Trial 19 failed with value tensor(nan, device='cuda:0', grad_fn=<DivBackward0>).
Time for this trial:  1.3216323852539062
Memory status after this trial: 
Memory allocated:  172.03662109375
Memory cached:  202.0
--------------------  Trial  20   --------------------
Start timing: 
Parameters: 
{'W_layers': 2, 'W_layer_units_exponent_0': 4, 'W_layer_units_exponent_1': 4, 'D_layers': 8, 'D_layer_units_exponent_0': 10, 'D_layer_units_exponent_1': 4, 'D_layer_units_exponent_2': 8, 'D_layer_units_exponent_3': 10, 'D_layer_units_exponent_4': 10, 'D_layer_units_exponent_5': 9, 'D_layer_units_exponent_6': 8, 'D_layer_units_exponent_7': 4, 'log_learning_rate': -4.935021522014528, 'log_learning_rate_D': -1.111057918064993, 'training_batch_size': 12, 'training_p': 4}
	 epoch  0 training error:  tensor(0.9679, device='cuda:0', grad_fn=<DivBackward0>)
Memory status after this epoch: 
Memory allocated:  146.71630859375
Memory cached:  224.0
[W 2023-12-04 00:59:38,031] Trial 20 failed with parameters: {'W_layers': 2, 'W_layer_units_exponent_0': 4, 'W_layer_units_exponent_1': 4, 'D_layers': 8, 'D_layer_units_exponent_0': 10, 'D_layer_units_exponent_1': 4, 'D_layer_units_exponent_2': 8, 'D_layer_units_exponent_3': 10, 'D_layer_units_exponent_4': 10, 'D_layer_units_exponent_5': 9, 'D_layer_units_exponent_6': 8, 'D_layer_units_exponent_7': 4, 'log_learning_rate': -4.935021522014528, 'log_learning_rate_D': -1.111057918064993, 'training_batch_size': 12, 'training_p': 4} because of the following error: The value nan is not acceptable.
[W 2023-12-04 00:59:38,032] Trial 20 failed with value tensor(nan, device='cuda:0', grad_fn=<DivBackward0>).
Time for this trial:  1.7705111503601074
Memory status after this trial: 
Memory allocated:  226.1083984375
Memory cached:  246.0
--------------------  Trial  21   --------------------
Start timing: 
Parameters: 
{'W_layers': 2, 'W_layer_units_exponent_0': 4, 'W_layer_units_exponent_1': 4, 'D_layers': 4, 'D_layer_units_exponent_0': 10, 'D_layer_units_exponent_1': 4, 'D_layer_units_exponent_2': 8, 'D_layer_units_exponent_3': 10, 'log_learning_rate': -4.282748044093523, 'log_learning_rate_D': -1.1957136954307162, 'training_batch_size': 12, 'training_p': 4}
	 epoch  0 training error:  tensor(0.9455, device='cuda:0', grad_fn=<DivBackward0>)
Memory status after this epoch: 
Memory allocated:  120.65380859375
Memory cached:  204.0
[W 2023-12-04 00:59:39,583] Trial 21 failed with parameters: {'W_layers': 2, 'W_layer_units_exponent_0': 4, 'W_layer_units_exponent_1': 4, 'D_layers': 4, 'D_layer_units_exponent_0': 10, 'D_layer_units_exponent_1': 4, 'D_layer_units_exponent_2': 8, 'D_layer_units_exponent_3': 10, 'log_learning_rate': -4.282748044093523, 'log_learning_rate_D': -1.1957136954307162, 'training_batch_size': 12, 'training_p': 4} because of the following error: The value nan is not acceptable.
[W 2023-12-04 00:59:39,584] Trial 21 failed with value tensor(nan, device='cuda:0', grad_fn=<DivBackward0>).
Time for this trial:  1.3913753032684326
Memory status after this trial: 
Memory allocated:  172.03662109375
Memory cached:  204.0
--------------------  Trial  22   --------------------
Start timing: 
Parameters: 
{'W_layers': 2, 'W_layer_units_exponent_0': 4, 'W_layer_units_exponent_1': 4, 'D_layers': 8, 'D_layer_units_exponent_0': 10, 'D_layer_units_exponent_1': 4, 'D_layer_units_exponent_2': 8, 'D_layer_units_exponent_3': 10, 'D_layer_units_exponent_4': 10, 'D_layer_units_exponent_5': 9, 'D_layer_units_exponent_6': 8, 'D_layer_units_exponent_7': 4, 'log_learning_rate': -4.477758152242492, 'log_learning_rate_D': -1.556413049613059, 'training_batch_size': 12, 'training_p': 4}
	 epoch  0 training error:  tensor(1.0316, device='cuda:0', grad_fn=<DivBackward0>)
Memory status after this epoch: 
Memory allocated:  146.71630859375
Memory cached:  224.0
[W 2023-12-04 00:59:41,447] Trial 22 failed with parameters: {'W_layers': 2, 'W_layer_units_exponent_0': 4, 'W_layer_units_exponent_1': 4, 'D_layers': 8, 'D_layer_units_exponent_0': 10, 'D_layer_units_exponent_1': 4, 'D_layer_units_exponent_2': 8, 'D_layer_units_exponent_3': 10, 'D_layer_units_exponent_4': 10, 'D_layer_units_exponent_5': 9, 'D_layer_units_exponent_6': 8, 'D_layer_units_exponent_7': 4, 'log_learning_rate': -4.477758152242492, 'log_learning_rate_D': -1.556413049613059, 'training_batch_size': 12, 'training_p': 4} because of the following error: The value nan is not acceptable.
[W 2023-12-04 00:59:41,448] Trial 22 failed with value tensor(nan, device='cuda:0', grad_fn=<DivBackward0>).
Time for this trial:  1.705425500869751
Memory status after this trial: 
Memory allocated:  226.1083984375
Memory cached:  246.0
--------------------  Trial  23   --------------------
Start timing: 
Parameters: 
{'W_layers': 2, 'W_layer_units_exponent_0': 4, 'W_layer_units_exponent_1': 4, 'D_layers': 8, 'D_layer_units_exponent_0': 10, 'D_layer_units_exponent_1': 4, 'D_layer_units_exponent_2': 8, 'D_layer_units_exponent_3': 10, 'D_layer_units_exponent_4': 10, 'D_layer_units_exponent_5': 9, 'D_layer_units_exponent_6': 8, 'D_layer_units_exponent_7': 4, 'log_learning_rate': -4.526189287933567, 'log_learning_rate_D': -1.4771526730198024, 'training_batch_size': 12, 'training_p': 4}
	 epoch  0 training error:  tensor(0.9049, device='cuda:0', grad_fn=<DivBackward0>)
Memory status after this epoch: 
Memory allocated:  146.71630859375
Memory cached:  224.0
[W 2023-12-04 00:59:43,308] Trial 23 failed with parameters: {'W_layers': 2, 'W_layer_units_exponent_0': 4, 'W_layer_units_exponent_1': 4, 'D_layers': 8, 'D_layer_units_exponent_0': 10, 'D_layer_units_exponent_1': 4, 'D_layer_units_exponent_2': 8, 'D_layer_units_exponent_3': 10, 'D_layer_units_exponent_4': 10, 'D_layer_units_exponent_5': 9, 'D_layer_units_exponent_6': 8, 'D_layer_units_exponent_7': 4, 'log_learning_rate': -4.526189287933567, 'log_learning_rate_D': -1.4771526730198024, 'training_batch_size': 12, 'training_p': 4} because of the following error: The value nan is not acceptable.
[W 2023-12-04 00:59:43,309] Trial 23 failed with value tensor(nan, device='cuda:0', grad_fn=<DivBackward0>).
Time for this trial:  1.6973588466644287
Memory status after this trial: 
Memory allocated:  226.1083984375
Memory cached:  246.0
--------------------  Trial  24   --------------------
Start timing: 
Parameters: 
{'W_layers': 3, 'W_layer_units_exponent_0': 4, 'W_layer_units_exponent_1': 4, 'W_layer_units_exponent_2': 10, 'D_layers': 8, 'D_layer_units_exponent_0': 10, 'D_layer_units_exponent_1': 4, 'D_layer_units_exponent_2': 8, 'D_layer_units_exponent_3': 10, 'D_layer_units_exponent_4': 10, 'D_layer_units_exponent_5': 9, 'D_layer_units_exponent_6': 8, 'D_layer_units_exponent_7': 5, 'log_learning_rate': -4.767851420552386, 'log_learning_rate_D': -1.054116484808771, 'training_batch_size': 12, 'training_p': 4}
	 epoch  0 training error:  tensor(0.9858, device='cuda:0', grad_fn=<DivBackward0>)
Memory status after this epoch: 
Memory allocated:  147.05810546875
Memory cached:  222.0
[W 2023-12-04 00:59:45,314] Trial 24 failed with parameters: {'W_layers': 3, 'W_layer_units_exponent_0': 4, 'W_layer_units_exponent_1': 4, 'W_layer_units_exponent_2': 10, 'D_layers': 8, 'D_layer_units_exponent_0': 10, 'D_layer_units_exponent_1': 4, 'D_layer_units_exponent_2': 8, 'D_layer_units_exponent_3': 10, 'D_layer_units_exponent_4': 10, 'D_layer_units_exponent_5': 9, 'D_layer_units_exponent_6': 8, 'D_layer_units_exponent_7': 5, 'log_learning_rate': -4.767851420552386, 'log_learning_rate_D': -1.054116484808771, 'training_batch_size': 12, 'training_p': 4} because of the following error: The value nan is not acceptable.
[W 2023-12-04 00:59:45,315] Trial 24 failed with value tensor(nan, device='cuda:0', grad_fn=<DivBackward0>).
Time for this trial:  1.824340581893921
Memory status after this trial: 
Memory allocated:  250.0068359375
Memory cached:  270.0
--------------------  Trial  25   --------------------
Start timing: 
Parameters: 
{'W_layers': 2, 'W_layer_units_exponent_0': 4, 'W_layer_units_exponent_1': 4, 'D_layers': 8, 'D_layer_units_exponent_0': 10, 'D_layer_units_exponent_1': 4, 'D_layer_units_exponent_2': 8, 'D_layer_units_exponent_3': 10, 'D_layer_units_exponent_4': 10, 'D_layer_units_exponent_5': 9, 'D_layer_units_exponent_6': 8, 'D_layer_units_exponent_7': 4, 'log_learning_rate': -4.948800380952142, 'log_learning_rate_D': -1.015724343835544, 'training_batch_size': 12, 'training_p': 4}
	 epoch  0 training error:  tensor(1.0225, device='cuda:0', grad_fn=<DivBackward0>)
Memory status after this epoch: 
Memory allocated:  146.71630859375
Memory cached:  222.0
[W 2023-12-04 00:59:47,236] Trial 25 failed with parameters: {'W_layers': 2, 'W_layer_units_exponent_0': 4, 'W_layer_units_exponent_1': 4, 'D_layers': 8, 'D_layer_units_exponent_0': 10, 'D_layer_units_exponent_1': 4, 'D_layer_units_exponent_2': 8, 'D_layer_units_exponent_3': 10, 'D_layer_units_exponent_4': 10, 'D_layer_units_exponent_5': 9, 'D_layer_units_exponent_6': 8, 'D_layer_units_exponent_7': 4, 'log_learning_rate': -4.9488003809521