[I 2024-01-12 19:55:18,350] Trial 41 finished with value: 0.11861330270767212 and parameters: {'W_layers': 5, 'W_layer_units_exponent_0': 6, 'W_layer_units_exponent_1': 6, 'W_layer_units_exponent_2': 4, 'W_layer_units_exponent_3': 8, 'W_layer_units_exponent_4': 5, 'D_layers': 5, 'D_layer_units_exponent_0': 8, 'D_layer_units_exponent_1': 6, 'D_layer_units_exponent_2': 6, 'D_layer_units_exponent_3': 6, 'D_layer_units_exponent_4': 10, 'D_dagger_layers': 3, 'D_dagger_layer_units_exponent_0': 9, 'D_dagger_layer_units_exponent_1': 10, 'D_dagger_layer_units_exponent_2': 7, 'log_learning_rate': -4.558576779812013, 'log_learning_rate_D': -3.151206276506344, 'log_learning_rate_D_dagger': -2.669238920435816, 'training_batch_size': 6, 'training_p': 6}. Best is trial 41 with value: 0.11861330270767212.
res:  tensor(0.1186, device='cuda:0', grad_fn=<DivBackward0>)
self.bestValue:  tensor(0.1574, device='cuda:0', grad_fn=<DivBackward0>)
Save this model!
Time for this trial:  456.9416334629059
Memory status after this trial: 
Memory allocated:  368.0595703125
Memory cached:  726.0
--------------------  Trial  42   --------------------
Start timing: 
Parameters: 
{'W_layers': 5, 'W_layer_units_exponent_0': 6, 'W_layer_units_exponent_1': 6, 'W_layer_units_exponent_2': 4, 'W_layer_units_exponent_3': 8, 'W_layer_units_exponent_4': 5, 'D_layers': 5, 'D_layer_units_exponent_0': 8, 'D_layer_units_exponent_1': 5, 'D_layer_units_exponent_2': 5, 'D_layer_units_exponent_3': 6, 'D_layer_units_exponent_4': 10, 'D_dagger_layers': 2, 'D_dagger_layer_units_exponent_0': 9, 'D_dagger_layer_units_exponent_1': 10, 'log_learning_rate': -4.836624317776443, 'log_learning_rate_D': -3.1001350926369007, 'log_learning_rate_D_dagger': -2.6199505140110824, 'training_batch_size': 6, 'training_p': 7}
	 epoch  0 training error:  tensor(3.7790, device='cuda:0', grad_fn=<DivBackward0>)
Memory status after this epoch: 
Memory allocated:  377.6259765625
Memory cached:  708.0
	 epoch  10 training error:  tensor(0.5485, device='cuda:0', grad_fn=<DivBackward0>)
Memory status after this epoch: 
Memory allocated:  377.6259765625
Memory cached:  722.0
	 epoch  20 training error:  tensor(0.5228, device='cuda:0', grad_fn=<DivBackward0>)
Memory status after this epoch: 
Memory allocated:  377.6259765625
Memory cached:  716.0
	 epoch  30 training error:  tensor(0.5130, device='cuda:0', grad_fn=<DivBackward0>)
Memory status after this epoch: 
Memory allocated:  377.6259765625
Memory cached:  716.0
	 epoch  40 training error:  tensor(0.5065, device='cuda:0', grad_fn=<DivBackward0>)
Memory status after this epoch: 
Memory allocated:  377.6259765625
Memory cached:  718.0
	 epoch  50 training error:  tensor(0.5145, device='cuda:0', grad_fn=<DivBackward0>)
Memory status after this epoch: 
Memory allocated:  377.6259765625
Memory cached:  716.0
	 epoch  60 training error:  tensor(0.4963, device='cuda:0', grad_fn=<DivBackward0>)
Memory status after this epoch: 
Memory allocated:  377.6259765625
Memory cached:  728.0
	 epoch  70 training error:  tensor(0.5081, device='cuda:0', grad_fn=<DivBackward0>)
Memory status after this epoch: 
Memory allocated:  377.6259765625
Memory cached:  714.0
	 epoch  80 training error:  tensor(0.5031, device='cuda:0', grad_fn=<DivBackward0>)
Memory status after this epoch: 
Memory allocated:  377.6259765625
Memory cached:  726.0
	 epoch  90 training error:  tensor(0.4906, device='cuda:0', grad_fn=<DivBackward0>)
Memory status after this epoch: 
Memory allocated:  377.6259765625
Memory cached:  722.0
[I 2024-01-12 20:02:29,890] Trial 42 finished with value: 0.36419177055358887 and parameters: {'W_layers': 5, 'W_layer_units_exponent_0': 6, 'W_layer_units_exponent_1': 6, 'W_layer_units_exponent_2': 4, 'W_layer_units_exponent_3': 8, 'W_layer_units_exponent_4': 5, 'D_layers': 5, 'D_layer_units_exponent_0': 8, 'D_layer_units_exponent_1': 5, 'D_layer_units_exponent_2': 5, 'D_layer_units_exponent_3': 6, 'D_layer_units_exponent_4': 10, 'D_dagger_layers': 2, 'D_dagger_layer_units_exponent_0': 9, 'D_dagger_layer_units_exponent_1': 10, 'log_learning_rate': -4.836624317776443, 'log_learning_rate_D': -3.1001350926369007, 'log_learning_rate_D_dagger': -2.6199505140110824, 'training_batch_size': 6, 'training_p': 7}. Best is trial 41 with value: 0.11861330270767212.
Time for this trial:  431.18504786491394
Memory status after this trial: 
Memory allocated:  700.701171875
Memory cached:  716.0
--------------------  Trial  43   --------------------
Start timing: 
Parameters: 
{'W_layers': 6, 'W_layer_units_exponent_0': 5, 'W_layer_units_exponent_1': 5, 'W_layer_units_exponent_2': 4, 'W_layer_units_exponent_3': 7, 'W_layer_units_exponent_4': 5, 'W_layer_units_exponent_5': 10, 'D_layers': 6, 'D_layer_units_exponent_0': 7, 'D_layer_units_exponent_1': 5, 'D_layer_units_exponent_2': 6, 'D_layer_units_exponent_3': 6, 'D_layer_units_exponent_4': 10, 'D_layer_units_exponent_5': 4, 'D_dagger_layers': 4, 'D_dagger_layer_units_exponent_0': 9, 'D_dagger_layer_units_exponent_1': 5, 'D_dagger_layer_units_exponent_2': 7, 'D_dagger_layer_units_exponent_3': 7, 'log_learning_rate': -4.6166382864315185, 'log_learning_rate_D': -2.723898243130215, 'log_learning_rate_D_dagger': -2.349616793334607, 'training_batch_size': 6, 'training_p': 6}
	 epoch  0 training error:  tensor(0.9541, device='cuda:0', grad_fn=<DivBackward0>)
Memory status after this epoch: 
Memory allocated:  370.7626953125
Memory cached:  712.0
	 epoch  10 training error:  tensor(0.5133, device='cuda:0', grad_fn=<DivBackward0>)
Memory status after this epoch: 
Memory allocated:  370.7626953125
Memory cached:  716.0
	 epoch  20 training error:  tensor(0.4782, device='cuda:0', grad_fn=<DivBackward0>)
Memory status after this epoch: 
Memory allocated:  370.7626953125
Memory cached:  714.0
	 epoch  30 training error:  tensor(0.4423, device='cuda:0', grad_fn=<DivBackward0>)
Memory status after this epoch: 
Memory allocated:  370.7626953125
Memory cached:  714.0
	 epoch  40 training error:  tensor(0.3597, device='cuda:0', grad_fn=<DivBackward0>)
Memory status after this epoch: 
Memory allocated:  370.7626953125
Memory cached:  716.0
	 epoch  50 training error:  tensor(0.3531, device='cuda:0', grad_fn=<DivBackward0>)
Memory status after this epoch: 
Memory allocated:  370.7626953125
Memory cached:  714.0
	 epoch  60 training error:  tensor(0.3272, device='cuda:0', grad_fn=<DivBackward0>)
Memory status after this epoch: 
Memory allocated:  370.7626953125
Memory cached:  714.0
	 epoch  70 training error:  tensor(0.2775, device='cuda:0', grad_fn=<DivBackward0>)
Memory status after this epoch: 
Memory allocated:  370.7626953125
Memory cached:  714.0
	 epoch  80 training error:  tensor(0.2467, device='cuda:0', grad_fn=<DivBackward0>)
Memory status after this epoch: 
Memory allocated:  370.7626953125
Memory cached:  714.0
	 epoch  90 training error:  tensor(0.1787, device='cuda:0', grad_fn=<DivBackward0>)
Memory status after this epoch: 
Memory allocated:  370.7626953125
Memory cached:  714.0
[I 2024-01-12 20:11:10,539] Trial 43 finished with value: 0.19316525757312775 and parameters: {'W_layers': 6, 'W_layer_units_exponent_0': 5, 'W_layer_units_exponent_1': 5, 'W_layer_units_exponent_2': 4, 'W_layer_units_exponent_3': 7, 'W_layer_units_exponent_4': 5, 'W_layer_units_exponent_5': 10, 'D_layers': 6, 'D_layer_units_exponent_0': 7, 'D_layer_units_exponent_1': 5, 'D_layer_units_exponent_2': 6, 'D_layer_units_exponent_3': 6, 'D_layer_units_exponent_4': 10, 'D_layer_units_exponent_5': 4, 'D_dagger_layers': 4, 'D_dagger_layer_units_exponent_0': 9, 'D_dagger_layer_units_exponent_1': 5, 'D_dagger_layer_units_exponent_2': 7, 'D_dagger_layer_units_exponent_3': 7, 'log_learning_rate': -4.6166382864315185, 'log_learning_rate_D': -2.723898243130215, 'log_learning_rate_D_dagger': -2.349616793334607, 'training_batch_size': 6, 'training_p': 6}. Best is trial 41 with value: 0.11861330270767212.
Time for this trial:  520.1823415756226
Memory status after this trial: 
Memory allocated:  712.826171875
Memory cached:  732.0
--------------------  Trial  44   --------------------
Start timing: 
Parameters: 
{'W_layers': 6, 'W_layer_units_exponent_0': 5, 'W_layer_units_exponent_1': 5, 'W_layer_units_exponent_2': 4, 'W_layer_units_exponent_3': 7, 'W_layer_units_exponent_4': 5, 'W_layer_units_exponent_5': 10, 'D_layers': 7, 'D_layer_units_exponent_0': 9, 'D_layer_units_exponent_1': 6, 'D_layer_units_exponent_2': 7, 'D_layer_units_exponent_3': 7, 'D_layer_units_exponent_4': 10, 'D_layer_units_exponent_5': 4, 'D_layer_units_exponent_6': 4, 'D_dagger_layers': 3, 'D_dagger_layer_units_exponent_0': 10, 'D_dagger_layer_units_exponent_1': 5, 'D_dagger_layer_units_exponent_2': 7, 'log_learning_rate': -4.987015108877233, 'log_learning_rate_D': -2.5909510556249016, 'log_learning_rate_D_dagger': -1.855408825462864, 'training_batch_size': 6, 'training_p': 7}
	 epoch  0 training error:  tensor(4.0500, device='cuda:0', grad_fn=<DivBackward0>)
Memory status after this epoch: 
Memory allocated:  372.5205078125
Memory cached:  714.0
	 epoch  10 training error:  tensor(0.5496, device='cuda:0', grad_fn=<DivBackward0>)
Memory status after this epoch: 
Memory allocated:  372.5205078125
Memory cached:  742.0
	 epoch  20 training error:  tensor(0.5401, device='cuda:0', grad_fn=<DivBackward0>)
Memory status after this epoch: 
Memory allocated:  372.5205078125
Memory cached:  744.0
	 epoch  30 training error:  tensor(0.5412, device='cuda:0', grad_fn=<DivBackward0>)
Memory status after this epoch: 
Memory allocated:  372.5205078125
Memory cached:  730.0
	 epoch  40 training error:  tensor(0.5393, device='cuda:0', grad_fn=<DivBackward0>)
Memory status after this epoch: 
Memory allocated:  372.5205078125
Memory cached:  744.0
	 epoch  50 training error:  tensor(0.5306, device='cuda:0', grad_fn=<DivBackward0>)
Memory status after this epoch: 
Memory allocated:  372.5205078125
Memory cached:  750.0
	 epoch  60 training error:  tensor(0.5393, device='cuda:0', grad_fn=<DivBackward0>)
Memory status after this epoch: 
Memory allocated:  372.5205078125
Memory cached:  742.0
	 epoch  70 training error:  tensor(0.5411, device='cuda:0', grad_fn=<DivBackward0>)
Memory status after this epoch: 
Memory allocated:  372.5205078125
Memory cached:  740.0
	 epoch  80 training error:  tensor(0.5264, device='cuda:0', grad_fn=<DivBackward0>)
Memory status after this epoch: 
Memory allocated:  372.5205078125
Memory cached:  740.0
	 epoch  90 training error:  tensor(0.5331, device='cuda:0', grad_fn=<DivBackward0>)
Memory status after this epoch: 
Memory allocated:  372.5205078125
Memory cached:  744.0
[I 2024-01-12 20:19:57,064] Trial 44 finished with value: 0.4650639593601227 and parameters: {'W_layers': 6, 'W_layer_units_exponent_0': 5, 'W_layer_units_exponent_1': 5, 'W_layer_units_exponent_2': 4, 'W_layer_units_exponent_3': 7, 'W_layer_units_exponent_4': 5, 'W_layer_units_exponent_5': 10, 'D_layers': 7, 'D_layer_units_exponent_0': 9, 'D_layer_units_exponent_1': 6, 'D_layer_units_exponent_2': 7, 'D_layer_units_exponent_3': 7, 'D_layer_units_exponent_4': 10, 'D_layer_units_exponent_5': 4, 'D_layer_units_exponent_6': 4, 'D_dagger_layers': 3, 'D_dagger_layer_units_exponent_0': 10, 'D_dagger_layer_units_exponent_1': 5, 'D_dagger_layer_units_exponent_2': 7, 'log_learning_rate': -4.987015108877233, 'log_learning_rate_D': -2.5909510556249016, 'log_learning_rate_D_dagger': -1.855408825462864, 'training_batch_size': 6, 'training_p': 7}. Best is trial 41 with value: 0.11861330270767212.
Time for this trial:  526.0375566482544
Memory status after this trial: 
Memory allocated:  813.93701171875
Memory cached:  834.0
--------------------  Trial  45   --------------------
Start timing: 
Parameters: 
{'W_layers': 6, 'W_layer_units_exponent_0': 5, 'W_layer_units_exponent_1': 5, 'W_layer_units_exponent_2': 4, 'W_layer_units_exponent_3': 7, 'W_layer_units_exponent_4': 6, 'W_layer_units_exponent_5': 8, 'D_layers': 6, 'D_layer_units_exponent_0': 8, 'D_layer_units_exponent_1': 5, 'D_layer_units_exponent_2': 6, 'D_layer_units_exponent_3': 6, 'D_layer_units_exponent_4': 10, 'D_layer_units_exponent_5': 5, 'D_dagger_layers': 3, 'D_dagger_layer_units_exponent_0': 9, 'D_dagger_layer_units_exponent_1': 4, 'D_dagger_layer_units_exponent_2': 8, 'log_learning_rate': -4.564025455730457, 'log_learning_rate_D': -2.763936990839392, 'log_learning_rate_D_dagger': -2.3395367194009182, 'training_batch_size': 6, 'training_p': 6}
	 epoch  0 training error:  tensor(0.8086, device='cuda:0', grad_fn=<DivBackward0>)
Memory status after this epoch: 
Memory allocated:  370.4951171875
Memory cached:  712.0
	 epoch  10 training error:  tensor(0.5259, device='cuda:0', grad_fn=<DivBackward0>)
Memory status after this epoch: 
Memory allocated:  370.4951171875
Memory cached:  730.0
	 epoch  20 training error:  tensor(0.5096, device='cuda:0', grad_fn=<DivBackward0>)
Memory status after this epoch: 
Memory allocated:  370.4951171875
Memory cached:  728.0
	 epoch  30 training error:  tensor(0.4896, device='cuda:0', grad_fn=<DivBackward0>)
Memory status after this epoch: 
Memory allocated:  370.4951171875
Memory cached:  726.0
	 epoch  40 training error:  tensor(0.5787, device='cuda:0', grad_fn=<DivBackward0>)
Memory status after this epoch: 
Memory allocated:  370.4951171875
Memory cached:  726.0
	 epoch  50 training error:  tensor(0.5048, device='cuda:0', grad_fn=<DivBackward0>)
Memory status after this epoch: 
Memory allocated:  370.4951171875
Memory cached:  726.0
	 epoch  60 training error:  tensor(0.5162, device='cuda:0', grad_fn=<DivBackward0>)
Memory status after this epoch: 
Memory allocated:  370.4951171875
Memory cached:  726.0
	 epoch  70 training error:  tensor(0.5047, device='cuda:0', grad_fn=<DivBackward0>)
Memory status after this epoch: 
Memory allocated:  370.4951171875
Memory cached:  728.0
	 epoch  80 training error:  tensor(0.5005, device='cuda:0', grad_fn=<DivBackward0>)
Memory status after this epoch: 
Memory allocated:  370.4951171875
Memory cached:  726.0
	 epoch  90 training error:  tensor(0.5079, device='cuda:0', grad_fn=<DivBackward0>)
Memory status after this epoch: 
Memory allocated:  370.4951171875
Memory cached:  730.0
[I 2024-01-12 20:28:14,212] Trial 45 finished with value: 0.3505030870437622 and parameters: {'W_layers': 6, 'W_layer_units_exponent_0': 5, 'W_layer_units_exponent_1': 5, 'W_layer_units_exponent_2': 4, 'W_layer_units_exponent_3': 7, 'W_layer_units_exponent_4': 6, 'W_layer_units_exponent_5': 8, 'D_layers': 6, 'D_layer_units_exponent_0': 8, 'D_layer_units_exponent_1': 5, 'D_layer_units_exponent_2': 6, 'D_layer_units_exponent_3': 6, 'D_layer_units_exponent_4': 10, 'D_layer_units_exponent_5': 5, 'D_dagger_layers': 3, 'D_dagger_layer_units_exponent_0': 9, 'D_dagger_layer_units_exponent_1': 4, 'D_dagger_layer_units_exponent_2': 8, 'log_learning_rate': -4.564025455730457, 'log_learning_rate_D': -2.763936990839392, 'log_learning_rate_D_dagger': -2.3395367194009182, 'training_batch_size': 6, 'training_p': 6}. Best is trial 41 with value: 0.11861330270767212.
Time for this trial:  496.69739151000977
Memory status after this trial: 
Memory allocated:  657.12109375
Memory cached:  726.0
--------------------  Trial  46   --------------------
Start timing: 
Parameters: 
{'W_layers': 6, 'W_layer_units_exponent_0': 6, 'W_layer_units_exponent_1': 4, 'W_layer_units_exponent_2': 4, 'W_layer_units_exponent_3': 8, 'W_layer_units_exponent_4': 5, 'W_layer_units_exponent_5': 9, 'D_layers': 6, 'D_layer_units_exponent_0': 4, 'D_layer_units_exponent_1': 5, 'D_layer_units_exponent_2': 4, 'D_layer_units_exponent_3': 8, 'D_layer_units_exponent_4': 9, 'D_layer_units_exponent_5': 6, 'D_dagger_layers': 5, 'D_dagger_layer_units_exponent_0': 10, 'D_dagger_layer_units_exponent_1': 5, 'D_dagger_layer_units_exponent_2': 7, 'D_dagger_layer_units_exponent_3': 7, 'D_dagger_layer_units_exponent_4': 9, 'log_learning_rate': -4.826322152853275, 'log_learning_rate_D': -2.2123907144579436, 'log_learning_rate_D_dagger': -2.5673265003384396, 'training_batch_size': 6, 'training_p': 6}
	 epoch  0 training error:  tensor(1.0213, device='cuda:0', grad_fn=<DivBackward0>)
Memory status after this epoch: 
Memory allocated:  373.0419921875
Memory cached:  710.0
	 epoch  10 training error:  tensor(0.5595, device='cuda:0', grad_fn=<DivBackward0>)
Memory status after this epoch: 
Memory allocated:  373.0419921875
Memory cached:  718.0
	 epoch  20 training error:  tensor(0.5288, device='cuda:0', grad_fn=<DivBackward0>)
Memory status after this epoch: 
Memory allocated:  373.0419921875
Memory cached:  716.0
	 epoch  30 training error:  tensor(0.5197, device='cuda:0', grad_fn=<DivBackward0>)
Memory status after this epoch: 
Memory allocated:  373.0419921875
Memory cached:  712.0
	 epoch  40 training error:  tensor(0.5009, device='cuda:0', grad_fn=<DivBackward0>)
Memory status after this epoch: 
Memory allocated:  373.0419921875
Memory cached:  720.0
	 epoch  50 training error:  tensor(0.5146, device='cuda:0', grad_fn=<DivBackward0>)
Memory status after this epoch: 
Memory allocated:  373.0419921875
Memory cached:  718.0
	 epoch  60 training error:  tensor(0.5110, device='cuda:0', grad_fn=<DivBackward0>)
Memory status after this epoch: 
Memory allocated:  373.0419921875
Memory cached:  722.0
	 epoch  70 training error:  tensor(0.4877, device='cuda:0', grad_fn=<DivBackward0>)
Memory status after this epoch: 
Memory allocated:  373.0419921875
Memory cached:  716.0
	 epoch  80 training error:  tensor(0.5332, device='cuda:0', grad_fn=<DivBackward0>)
Memory status after this epoch: 
Memory allocated:  373.0419921875
Memory cached:  712.0
	 epoch  90 training error:  tensor(0.5088, device='cuda:0', grad_fn=<DivBackward0>)
Memory status after this epoch: 
Memory allocated:  373.0419921875
Memory cached:  712.0
[I 2024-01-12 20:37:22,623] Trial 46 finished with value: 0.3974839150905609 and parameters: {'W_layers': 6, 'W_layer_units_exponent_0': 6, 'W_layer_units_exponent_1': 4, 'W_layer_units_exponent_2': 4, 'W_layer_units_exponent_3': 8, 'W_layer_units_exponent_4': 5, 'W_layer_units_exponent_5': 9, 'D_layers': 6, 'D_layer_units_exponent_0': 4, 'D_layer_units_exponent_1': 5, 'D_layer_units_exponent_2': 4, 'D_layer_units_exponent_3': 8, 'D_layer_units_exponent_4': 9, 'D_layer_units_exponent_5': 6, 'D_dagger_layers': 5, 'D_dagger_layer_units_exponent_0': 10, 'D_dagger_layer_units_exponent_1': 5, 'D_dagger_layer_units_exponent_2': 7, 'D_dagger_layer_units_exponent_3': 7, 'D_dagger_layer_units_exponent_4': 9, 'log_learning_rate': -4.826322152853275, 'log_learning_rate_D': -2.2123907144579436, 'log_learning_rate_D_dagger': -2.5673265003384396, 'training_batch_size': 6, 'training_p': 6}. Best is trial 41 with value: 0.11861330270767212.
Time for this trial:  547.9359006881714
Memory status after this trial: 
Memory allocated:  739.5810546875
Memory cached:  760.0
--------------------  Trial  47   --------------------
Start timing: 
Parameters: 
{'W_layers': 7, 'W_layer_units_exponent_0': 4, 'W_layer_units_exponent_1': 6, 'W_layer_units_exponent_2': 4, 'W_layer_units_exponent_3': 6, 'W_layer_units_exponent_4': 6, 'W_layer_units_exponent_5': 6, 'W_layer_units_exponent_6': 4, 'D_layers': 6, 'D_layer_units_exponent_0': 10, 'D_layer_units_exponent_1': 6, 'D_layer_units_exponent_2': 5, 'D_layer_units_exponent_3': 6, 'D_layer_units_exponent_4': 10, 'D_layer_units_exponent_5': 7, 'D_dagger_layers': 4, 'D_dagger_layer_units_exponent_0': 9, 'D_dagger_layer_units_exponent_1': 6, 'D_dagger_layer_units_exponent_2': 8, 'D_dagger_layer_units_exponent_3': 10, 'log_learning_rate': -4.202215372544785, 'log_learning_rate_D': -3.128238853553888, 'log_learning_rate_D_dagger': -2.262495395363175, 'training_batch_size': 10, 'training_p': 6}
	 epoch  0 training error:  tensor(0.9964, device='cuda:0', grad_fn=<DivBackward0>)
Memory status after this epoch: 
Memory allocated:  377.20703125
Memory cached:  708.0
	 epoch  10 training error:  tensor(0.7503, device='cuda:0', grad_fn=<DivBackward0>)
Memory status after this epoch: 
Memory allocated:  377.20703125
Memory cached:  714.0
	 epoch  20 training error:  tensor(0.5404, device='cuda:0', grad_fn=<DivBackward0>)
Memory status after this epoch: 
Memory allocated:  377.20703125
Memory cached:  726.0
	 epoch  30 training error:  tensor(0.5216, device='cuda:0', grad_fn=<DivBackward0>)
Memory status after this epoch: 
Memory allocated:  377.20703125
Memory cached:  724.0
	 epoch  40 training error:  tensor(0.4867, device='cuda:0', grad_fn=<DivBackward0>)
Memory status after this epoch: 
Memory allocated:  377.20703125
Memory cached:  718.0
	 epoch  50 training error:  tensor(0.4904, device='cuda:0', grad_fn=<DivBackward0>)
Memory status after this epoch: 
Memory allocated:  377.20703125
Memory cached:  716.0
	 epoch  60 training error:  tensor(0.4701, device='cuda:0', grad_fn=<DivBackward0>)
Memory status after this epoch: 
Memory allocated:  377.20703125
Memory cached:  722.0
	 epoch  70 training error:  tensor(0.6315, device='cuda:0', grad_fn=<DivBackward0>)
Memory status after this epoch: 
Memory allocated:  377.20703125
Memory cached:  724.0
	 epoch  80 training error:  tensor(0.6439, device='cuda:0', grad_fn=<DivBackward0>)
Memory status after this epoch: 
Memory allocated:  377.20703125
Memory cached:  720.0
	 epoch  90 training error:  tensor(0.5682, device='cuda:0', grad_fn=<DivBackward0>)
Memory status after this epoch: 
Memory allocated:  377.20703125
Memory cached:  720.0
