[I 2024-01-03 14:20:42,453] Trial 4 finished with value: 0.721575915813446 and parameters: {'W_layers': 6, 'W_layer_units_exponent_0': 7, 'W_layer_units_exponent_1': 8, 'W_layer_units_exponent_2': 4, 'W_layer_units_exponent_3': 4, 'W_layer_units_exponent_4': 5, 'W_layer_units_exponent_5': 8, 'D_layers': 6, 'D_layer_units_exponent_0': 5, 'D_layer_units_exponent_1': 7, 'D_layer_units_exponent_2': 7, 'D_layer_units_exponent_3': 5, 'D_layer_units_exponent_4': 9, 'D_layer_units_exponent_5': 6, 'D_dagger_layers': 4, 'D_dagger_layer_units_exponent_0': 9, 'D_dagger_layer_units_exponent_1': 6, 'D_dagger_layer_units_exponent_2': 10, 'D_dagger_layer_units_exponent_3': 4, 'log_learning_rate': -4.6629558200317405, 'log_learning_rate_D': -4.638447099740402, 'log_learning_rate_D_dagger': -1.279163564869183, 'training_batch_size': 8, 'training_p': 3}. Best is trial 2 with value: 0.11386456340551376.
Time for this trial:  199.67653036117554
Memory status after this trial: 
Memory allocated:  343.32958984375
Memory cached:  422.0
--------------------  Trial  5   --------------------
Start timing: 
Parameters: 
{'W_layers': 7, 'W_layer_units_exponent_0': 5, 'W_layer_units_exponent_1': 4, 'W_layer_units_exponent_2': 5, 'W_layer_units_exponent_3': 4, 'W_layer_units_exponent_4': 8, 'W_layer_units_exponent_5': 8, 'W_layer_units_exponent_6': 7, 'D_layers': 2, 'D_layer_units_exponent_0': 9, 'D_layer_units_exponent_1': 6, 'D_dagger_layers': 7, 'D_dagger_layer_units_exponent_0': 8, 'D_dagger_layer_units_exponent_1': 9, 'D_dagger_layer_units_exponent_2': 7, 'D_dagger_layer_units_exponent_3': 5, 'D_dagger_layer_units_exponent_4': 7, 'D_dagger_layer_units_exponent_5': 8, 'D_dagger_layer_units_exponent_6': 10, 'log_learning_rate': -3.4130372445733608, 'log_learning_rate_D': -3.419608967898528, 'log_learning_rate_D_dagger': -3.669211678476654, 'training_batch_size': 9, 'training_p': 3}
	 epoch  0 training error:  tensor(0.9899, device='cuda:0', grad_fn=<DivBackward0>)
Memory status after this epoch: 
Memory allocated:  181.837890625
Memory cached:  384.0
	 epoch  10 training error:  tensor(0.3744, device='cuda:0', grad_fn=<DivBackward0>)
Memory status after this epoch: 
Memory allocated:  181.837890625
Memory cached:  450.0
	 epoch  20 training error:  tensor(0.2159, device='cuda:0', grad_fn=<DivBackward0>)
Memory status after this epoch: 
Memory allocated:  181.837890625
Memory cached:  462.0
	 epoch  30 training error:  tensor(0.1679, device='cuda:0', grad_fn=<DivBackward0>)
Memory status after this epoch: 
Memory allocated:  181.837890625
Memory cached:  454.0
	 epoch  40 training error:  tensor(0.1490, device='cuda:0', grad_fn=<DivBackward0>)
Memory status after this epoch: 
Memory allocated:  181.837890625
Memory cached:  462.0
	 epoch  50 training error:  tensor(0.1290, device='cuda:0', grad_fn=<DivBackward0>)
Memory status after this epoch: 
Memory allocated:  181.837890625
Memory cached:  458.0
	 epoch  60 training error:  tensor(0.1179, device='cuda:0', grad_fn=<DivBackward0>)
Memory status after this epoch: 
Memory allocated:  181.837890625
Memory cached:  454.0
	 epoch  70 training error:  tensor(0.1082, device='cuda:0', grad_fn=<DivBackward0>)
Memory status after this epoch: 
Memory allocated:  181.837890625
Memory cached:  460.0
	 epoch  80 training error:  tensor(0.1030, device='cuda:0', grad_fn=<DivBackward0>)
Memory status after this epoch: 
Memory allocated:  181.837890625
Memory cached:  460.0
	 epoch  90 training error:  tensor(0.0997, device='cuda:0', grad_fn=<DivBackward0>)
Memory status after this epoch: 
Memory allocated:  181.837890625
Memory cached:  456.0
[I 2024-01-03 14:24:07,469] Trial 5 finished with value: 0.08825552463531494 and parameters: {'W_layers': 7, 'W_layer_units_exponent_0': 5, 'W_layer_units_exponent_1': 4, 'W_layer_units_exponent_2': 5, 'W_layer_units_exponent_3': 4, 'W_layer_units_exponent_4': 8, 'W_layer_units_exponent_5': 8, 'W_layer_units_exponent_6': 7, 'D_layers': 2, 'D_layer_units_exponent_0': 9, 'D_layer_units_exponent_1': 6, 'D_dagger_layers': 7, 'D_dagger_layer_units_exponent_0': 8, 'D_dagger_layer_units_exponent_1': 9, 'D_dagger_layer_units_exponent_2': 7, 'D_dagger_layer_units_exponent_3': 5, 'D_dagger_layer_units_exponent_4': 7, 'D_dagger_layer_units_exponent_5': 8, 'D_dagger_layer_units_exponent_6': 10, 'log_learning_rate': -3.4130372445733608, 'log_learning_rate_D': -3.419608967898528, 'log_learning_rate_D_dagger': -3.669211678476654, 'training_batch_size': 9, 'training_p': 3}. Best is trial 5 with value: 0.08825552463531494.
res:  tensor(0.0883, device='cuda:0', grad_fn=<DivBackward0>)
self.bestValue:  tensor(0.1139, device='cuda:0', grad_fn=<DivBackward0>)
Save this model!
Time for this trial:  204.68506836891174
Memory status after this trial: 
Memory allocated:  190.91748046875
Memory cached:  392.0
--------------------  Trial  6   --------------------
Start timing: 
Parameters: 
{'W_layers': 3, 'W_layer_units_exponent_0': 5, 'W_layer_units_exponent_1': 4, 'W_layer_units_exponent_2': 10, 'D_layers': 6, 'D_layer_units_exponent_0': 10, 'D_layer_units_exponent_1': 10, 'D_layer_units_exponent_2': 9, 'D_layer_units_exponent_3': 8, 'D_layer_units_exponent_4': 10, 'D_layer_units_exponent_5': 5, 'D_dagger_layers': 7, 'D_dagger_layer_units_exponent_0': 5, 'D_dagger_layer_units_exponent_1': 8, 'D_dagger_layer_units_exponent_2': 5, 'D_dagger_layer_units_exponent_3': 6, 'D_dagger_layer_units_exponent_4': 4, 'D_dagger_layer_units_exponent_5': 8, 'D_dagger_layer_units_exponent_6': 5, 'log_learning_rate': -1.9051926010769584, 'log_learning_rate_D': -1.323379736063178, 'log_learning_rate_D_dagger': -3.779741016829307, 'training_batch_size': 9, 'training_p': 5}
	 epoch  0 training error:  tensor(0.8497, device='cuda:0', grad_fn=<DivBackward0>)
Memory status after this epoch: 
Memory allocated:  222.37744140625
Memory cached:  434.0
	 epoch  10 training error:  tensor(1.4624, device='cuda:0', grad_fn=<DivBackward0>)
Memory status after this epoch: 
Memory allocated:  222.37744140625
Memory cached:  484.0
	 epoch  20 training error:  tensor(0.8559, device='cuda:0', grad_fn=<DivBackward0>)
Memory status after this epoch: 
Memory allocated:  222.37744140625
Memory cached:  490.0
	 epoch  30 training error:  tensor(0.6877, device='cuda:0', grad_fn=<DivBackward0>)
Memory status after this epoch: 
Memory allocated:  222.37744140625
Memory cached:  488.0
	 epoch  40 training error:  tensor(0.6879, device='cuda:0', grad_fn=<DivBackward0>)
Memory status after this epoch: 
Memory allocated:  222.37744140625
Memory cached:  482.0
	 epoch  50 training error:  tensor(0.6874, device='cuda:0', grad_fn=<DivBackward0>)
Memory status after this epoch: 
Memory allocated:  222.37744140625
Memory cached:  486.0
	 epoch  60 training error:  tensor(0.6875, device='cuda:0', grad_fn=<DivBackward0>)
Memory status after this epoch: 
Memory allocated:  222.37744140625
Memory cached:  488.0
	 epoch  70 training error:  tensor(0.6875, device='cuda:0', grad_fn=<DivBackward0>)
Memory status after this epoch: 
Memory allocated:  222.37744140625
Memory cached:  486.0
	 epoch  80 training error:  tensor(0.6874, device='cuda:0', grad_fn=<DivBackward0>)
Memory status after this epoch: 
Memory allocated:  222.37744140625
Memory cached:  478.0
	 epoch  90 training error:  tensor(0.6873, device='cuda:0', grad_fn=<DivBackward0>)
Memory status after this epoch: 
Memory allocated:  222.37744140625
Memory cached:  492.0
[I 2024-01-03 14:27:46,768] Trial 6 finished with value: 0.6381122469902039 and parameters: {'W_layers': 3, 'W_layer_units_exponent_0': 5, 'W_layer_units_exponent_1': 4, 'W_layer_units_exponent_2': 10, 'D_layers': 6, 'D_layer_units_exponent_0': 10, 'D_layer_units_exponent_1': 10, 'D_layer_units_exponent_2': 9, 'D_layer_units_exponent_3': 8, 'D_layer_units_exponent_4': 10, 'D_layer_units_exponent_5': 5, 'D_dagger_layers': 7, 'D_dagger_layer_units_exponent_0': 5, 'D_dagger_layer_units_exponent_1': 8, 'D_dagger_layer_units_exponent_2': 5, 'D_dagger_layer_units_exponent_3': 6, 'D_dagger_layer_units_exponent_4': 4, 'D_dagger_layer_units_exponent_5': 8, 'D_dagger_layer_units_exponent_6': 5, 'log_learning_rate': -1.9051926010769584, 'log_learning_rate_D': -1.323379736063178, 'log_learning_rate_D_dagger': -3.779741016829307, 'training_batch_size': 9, 'training_p': 5}. Best is trial 5 with value: 0.08825552463531494.
Time for this trial:  219.0144283771515
Memory status after this trial: 
Memory allocated:  497.712890625
Memory cached:  530.0
--------------------  Trial  7   --------------------
Start timing: 
Parameters: 
{'W_layers': 2, 'W_layer_units_exponent_0': 4, 'W_layer_units_exponent_1': 4, 'D_layers': 7, 'D_layer_units_exponent_0': 8, 'D_layer_units_exponent_1': 9, 'D_layer_units_exponent_2': 6, 'D_layer_units_exponent_3': 4, 'D_layer_units_exponent_4': 6, 'D_layer_units_exponent_5': 4, 'D_layer_units_exponent_6': 6, 'D_dagger_layers': 2, 'D_dagger_layer_units_exponent_0': 4, 'D_dagger_layer_units_exponent_1': 4, 'log_learning_rate': -4.916287859795636, 'log_learning_rate_D': -2.0651358339234696, 'log_learning_rate_D_dagger': -3.5511999734359794, 'training_batch_size': 8, 'training_p': 5}
	 epoch  0 training error:  tensor(0.9975, device='cuda:0', grad_fn=<DivBackward0>)
Memory status after this epoch: 
Memory allocated:  193.57470703125
Memory cached:  358.0
	 epoch  10 training error:  tensor(0.8939, device='cuda:0', grad_fn=<DivBackward0>)
Memory status after this epoch: 
Memory allocated:  193.57470703125
Memory cached:  362.0
	 epoch  20 training error:  tensor(0.8496, device='cuda:0', grad_fn=<DivBackward0>)
Memory status after this epoch: 
Memory allocated:  193.57470703125
Memory cached:  358.0
	 epoch  30 training error:  tensor(0.8359, device='cuda:0', grad_fn=<DivBackward0>)
Memory status after this epoch: 
Memory allocated:  193.57470703125
Memory cached:  364.0
	 epoch  40 training error:  tensor(0.8219, device='cuda:0', grad_fn=<DivBackward0>)
Memory status after this epoch: 
Memory allocated:  193.57470703125
Memory cached:  368.0
	 epoch  50 training error:  tensor(0.8080, device='cuda:0', grad_fn=<DivBackward0>)
Memory status after this epoch: 
Memory allocated:  193.57470703125
Memory cached:  356.0
	 epoch  60 training error:  tensor(0.7942, device='cuda:0', grad_fn=<DivBackward0>)
Memory status after this epoch: 
Memory allocated:  193.57470703125
Memory cached:  360.0
	 epoch  70 training error:  tensor(0.7808, device='cuda:0', grad_fn=<DivBackward0>)
Memory status after this epoch: 
Memory allocated:  193.57470703125
Memory cached:  358.0
	 epoch  80 training error:  tensor(0.7678, device='cuda:0', grad_fn=<DivBackward0>)
Memory status after this epoch: 
Memory allocated:  193.57470703125
Memory cached:  362.0
	 epoch  90 training error:  tensor(0.7555, device='cuda:0', grad_fn=<DivBackward0>)
Memory status after this epoch: 
Memory allocated:  193.57470703125
Memory cached:  362.0
[I 2024-01-03 14:30:17,123] Trial 7 finished with value: 0.7331600785255432 and parameters: {'W_layers': 2, 'W_layer_units_exponent_0': 4, 'W_layer_units_exponent_1': 4, 'D_layers': 7, 'D_layer_units_exponent_0': 8, 'D_layer_units_exponent_1': 9, 'D_layer_units_exponent_2': 6, 'D_layer_units_exponent_3': 4, 'D_layer_units_exponent_4': 6, 'D_layer_units_exponent_5': 4, 'D_layer_units_exponent_6': 6, 'D_dagger_layers': 2, 'D_dagger_layer_units_exponent_0': 4, 'D_dagger_layer_units_exponent_1': 4, 'log_learning_rate': -4.916287859795636, 'log_learning_rate_D': -2.0651358339234696, 'log_learning_rate_D_dagger': -3.5511999734359794, 'training_batch_size': 8, 'training_p': 5}. Best is trial 5 with value: 0.08825552463531494.
Time for this trial:  150.0235035419464
Memory status after this trial: 
Memory allocated:  248.6669921875
Memory cached:  358.0
--------------------  Trial  8   --------------------
Start timing: 
Parameters: 
{'W_layers': 3, 'W_layer_units_exponent_0': 6, 'W_layer_units_exponent_1': 4, 'W_layer_units_exponent_2': 5, 'D_layers': 4, 'D_layer_units_exponent_0': 7, 'D_layer_units_exponent_1': 9, 'D_layer_units_exponent_2': 5, 'D_layer_units_exponent_3': 9, 'D_dagger_layers': 6, 'D_dagger_layer_units_exponent_0': 9, 'D_dagger_layer_units_exponent_1': 6, 'D_dagger_layer_units_exponent_2': 6, 'D_dagger_layer_units_exponent_3': 6, 'D_dagger_layer_units_exponent_4': 7, 'D_dagger_layer_units_exponent_5': 8, 'log_learning_rate': -4.406866729053527, 'log_learning_rate_D': -2.550675657659916, 'log_learning_rate_D_dagger': -2.0537525455299623, 'training_batch_size': 11, 'training_p': 4}
	 epoch  0 training error:  tensor(1.1717, device='cuda:0', grad_fn=<DivBackward0>)
Memory status after this epoch: 
Memory allocated:  193.83056640625
Memory cached:  384.0
	 epoch  10 training error:  tensor(0.6511, device='cuda:0', grad_fn=<DivBackward0>)
Memory status after this epoch: 
Memory allocated:  193.83056640625
Memory cached:  462.0
	 epoch  20 training error:  tensor(0.2066, device='cuda:0', grad_fn=<DivBackward0>)
Memory status after this epoch: 
Memory allocated:  193.83056640625
Memory cached:  446.0
	 epoch  30 training error:  tensor(0.2909, device='cuda:0', grad_fn=<DivBackward0>)
Memory status after this epoch: 
Memory allocated:  193.83056640625
Memory cached:  450.0
	 epoch  40 training error:  tensor(0.1554, device='cuda:0', grad_fn=<DivBackward0>)
Memory status after this epoch: 
Memory allocated:  193.83056640625
Memory cached:  458.0
	 epoch  50 training error:  tensor(0.1480, device='cuda:0', grad_fn=<DivBackward0>)
Memory status after this epoch: 
Memory allocated:  193.83056640625
Memory cached:  452.0
	 epoch  60 training error:  tensor(0.1896, device='cuda:0', grad_fn=<DivBackward0>)
Memory status after this epoch: 
Memory allocated:  193.83056640625
Memory cached:  468.0
	 epoch  70 training error:  tensor(0.1451, device='cuda:0', grad_fn=<DivBackward0>)
Memory status after this epoch: 
Memory allocated:  193.83056640625
Memory cached:  446.0
	 epoch  80 training error:  tensor(0.1246, device='cuda:0', grad_fn=<DivBackward0>)
Memory status after this epoch: 
Memory allocated:  193.83056640625
Memory cached:  450.0
	 epoch  90 training error:  tensor(0.1111, device='cuda:0', grad_fn=<DivBackward0>)
Memory status after this epoch: 
Memory allocated:  193.83056640625
Memory cached:  458.0
[I 2024-01-03 14:33:09,332] Trial 8 finished with value: 0.10022570937871933 and parameters: {'W_layers': 3, 'W_layer_units_exponent_0': 6, 'W_layer_units_exponent_1': 4, 'W_layer_units_exponent_2': 5, 'D_layers': 4, 'D_layer_units_exponent_0': 7, 'D_layer_units_exponent_1': 9, 'D_layer_units_exponent_2': 5, 'D_layer_units_exponent_3': 9, 'D_dagger_layers': 6, 'D_dagger_layer_units_exponent_0': 9, 'D_dagger_layer_units_exponent_1': 6, 'D_dagger_layer_units_exponent_2': 6, 'D_dagger_layer_units_exponent_3': 6, 'D_dagger_layer_units_exponent_4': 7, 'D_dagger_layer_units_exponent_5': 8, 'log_learning_rate': -4.406866729053527, 'log_learning_rate_D': -2.550675657659916, 'log_learning_rate_D_dagger': -2.0537525455299623, 'training_batch_size': 11, 'training_p': 4}. Best is trial 5 with value: 0.08825552463531494.
Time for this trial:  171.91876244544983
Memory status after this trial: 
Memory allocated:  313.47607421875
Memory cached:  406.0
--------------------  Trial  9   --------------------
Start timing: 
Parameters: 
{'W_layers': 7, 'W_layer_units_exponent_0': 5, 'W_layer_units_exponent_1': 4, 'W_layer_units_exponent_2': 4, 'W_layer_units_exponent_3': 4, 'W_layer_units_exponent_4': 8, 'W_layer_units_exponent_5': 5, 'W_layer_units_exponent_6': 4, 'D_layers': 6, 'D_layer_units_exponent_0': 10, 'D_layer_units_exponent_1': 7, 'D_layer_units_exponent_2': 10, 'D_layer_units_exponent_3': 9, 'D_layer_units_exponent_4': 8, 'D_layer_units_exponent_5': 10, 'D_dagger_layers': 6, 'D_dagger_layer_units_exponent_0': 4, 'D_dagger_layer_units_exponent_1': 8, 'D_dagger_layer_units_exponent_2': 9, 'D_dagger_layer_units_exponent_3': 9, 'D_dagger_layer_units_exponent_4': 7, 'D_dagger_layer_units_exponent_5': 5, 'log_learning_rate': -3.4280470890670225, 'log_learning_rate_D': -4.89529946574457, 'log_learning_rate_D_dagger': -3.221676090194631, 'training_batch_size': 11, 'training_p': 7}
	 epoch  0 training error:  tensor(0.9715, device='cuda:0', grad_fn=<DivBackward0>)
Memory status after this epoch: 
Memory allocated:  216.47314453125
Memory cached:  406.0
	 epoch  10 training error:  tensor(0.2340, device='cuda:0', grad_fn=<DivBackward0>)
Memory status after this epoch: 
Memory allocated:  216.47314453125
Memory cached:  446.0
	 epoch  20 training error:  tensor(0.1892, device='cuda:0', grad_fn=<DivBackward0>)
Memory status after this epoch: 
Memory allocated:  216.47314453125
Memory cached:  456.0
	 epoch  30 training error:  tensor(0.1666, device='cuda:0', grad_fn=<DivBackward0>)
Memory status after this epoch: 
Memory allocated:  216.47314453125
Memory cached:  452.0
	 epoch  40 training error:  tensor(0.1542, device='cuda:0', grad_fn=<DivBackward0>)
Memory status after this epoch: 
Memory allocated:  216.47314453125
Memory cached:  458.0
	 epoch  50 training error:  tensor(0.1418, device='cuda:0', grad_fn=<DivBackward0>)
Memory status after this epoch: 
Memory allocated:  216.47314453125
Memory cached:  442.0
	 epoch  60 training error:  tensor(0.1285, device='cuda:0', grad_fn=<DivBackward0>)
Memory status after this epoch: 
Memory allocated:  216.47314453125
Memory cached:  440.0
	 epoch  70 training error:  tensor(0.1198, device='cuda:0', grad_fn=<DivBackward0>)
Memory status after this epoch: 
Memory allocated:  216.47314453125
Memory cached:  454.0
	 epoch  80 training error:  tensor(0.1260, device='cuda:0', grad_fn=<DivBackward0>)
Memory status after this epoch: 
Memory allocated:  216.47314453125
Memory cached:  458.0
	 epoch  90 training error:  tensor(0.1146, device='cuda:0', grad_fn=<DivBackward0>)
Memory status after this epoch: 
Memory allocated:  216.47314453125
Memory cached:  454.0
