[I 2023-12-05 01:05:02,851] Trial 7 finished with value: 1.2423232793807983 and parameters: {'W_layers': 4, 'W_layer_units_exponent_0': 8, 'W_layer_units_exponent_1': 5, 'W_layer_units_exponent_2': 8, 'W_layer_units_exponent_3': 7, 'D_layers': 2, 'D_layer_units_exponent_0': 10, 'D_layer_units_exponent_1': 10, 'log_learning_rate': -1.111365117477919, 'log_learning_rate_D': -1.5983800949724198, 'training_batch_size': 12, 'training_p': 5}. Best is trial 5 with value: 0.4343257546424866.
Time for this trial:  14.658485651016235
Memory status after this trial: 
Memory allocated:  63.65771484375
Memory cached:  92.0
--------------------  Trial  8   --------------------
Start timing: 
Parameters: 
{'W_layers': 6, 'W_layer_units_exponent_0': 4, 'W_layer_units_exponent_1': 5, 'W_layer_units_exponent_2': 7, 'W_layer_units_exponent_3': 8, 'W_layer_units_exponent_4': 9, 'W_layer_units_exponent_5': 5, 'D_layers': 6, 'D_layer_units_exponent_0': 6, 'D_layer_units_exponent_1': 5, 'D_layer_units_exponent_2': 5, 'D_layer_units_exponent_3': 7, 'D_layer_units_exponent_4': 4, 'D_layer_units_exponent_5': 6, 'log_learning_rate': -1.8556554875990274, 'log_learning_rate_D': -2.15600646009204, 'training_batch_size': 10, 'training_p': 7}
	 epoch  0 training error:  tensor(0.9913, device='cuda:0', grad_fn=<DivBackward0>)
Memory status after this epoch: 
Memory allocated:  50.2529296875
Memory cached:  92.0
	 epoch  10 training error:  tensor(0.9686, device='cuda:0', grad_fn=<DivBackward0>)
Memory status after this epoch: 
Memory allocated:  50.2529296875
Memory cached:  92.0
	 epoch  20 training error:  tensor(0.8692, device='cuda:0', grad_fn=<DivBackward0>)
Memory status after this epoch: 
Memory allocated:  50.2529296875
Memory cached:  92.0
	 epoch  30 training error:  tensor(0.7762, device='cuda:0', grad_fn=<DivBackward0>)
Memory status after this epoch: 
Memory allocated:  50.2529296875
Memory cached:  92.0
	 epoch  40 training error:  tensor(0.7881, device='cuda:0', grad_fn=<DivBackward0>)
Memory status after this epoch: 
Memory allocated:  50.2529296875
Memory cached:  92.0
	 epoch  50 training error:  tensor(0.7606, device='cuda:0', grad_fn=<DivBackward0>)
Memory status after this epoch: 
Memory allocated:  50.2529296875
Memory cached:  92.0
	 epoch  60 training error:  tensor(0.7484, device='cuda:0', grad_fn=<DivBackward0>)
Memory status after this epoch: 
Memory allocated:  50.2529296875
Memory cached:  92.0
	 epoch  70 training error:  tensor(0.7297, device='cuda:0', grad_fn=<DivBackward0>)
Memory status after this epoch: 
Memory allocated:  50.2529296875
Memory cached:  92.0
	 epoch  80 training error:  tensor(0.7044, device='cuda:0', grad_fn=<DivBackward0>)
Memory status after this epoch: 
Memory allocated:  50.2529296875
Memory cached:  92.0
	 epoch  90 training error:  tensor(0.6738, device='cuda:0', grad_fn=<DivBackward0>)
Memory status after this epoch: 
Memory allocated:  50.2529296875
Memory cached:  92.0
[I 2023-12-05 01:05:18,206] Trial 8 finished with value: 0.6338276267051697 and parameters: {'W_layers': 6, 'W_layer_units_exponent_0': 4, 'W_layer_units_exponent_1': 5, 'W_layer_units_exponent_2': 7, 'W_layer_units_exponent_3': 8, 'W_layer_units_exponent_4': 9, 'W_layer_units_exponent_5': 5, 'D_layers': 6, 'D_layer_units_exponent_0': 6, 'D_layer_units_exponent_1': 5, 'D_layer_units_exponent_2': 5, 'D_layer_units_exponent_3': 7, 'D_layer_units_exponent_4': 4, 'D_layer_units_exponent_5': 6, 'log_learning_rate': -1.8556554875990274, 'log_learning_rate_D': -2.15600646009204, 'training_batch_size': 10, 'training_p': 7}. Best is trial 5 with value: 0.4343257546424866.
Time for this trial:  15.257158756256104
Memory status after this trial: 
Memory allocated:  71.65185546875
Memory cached:  94.0
--------------------  Trial  9   --------------------
Start timing: 
Parameters: 
{'W_layers': 3, 'W_layer_units_exponent_0': 10, 'W_layer_units_exponent_1': 10, 'W_layer_units_exponent_2': 5, 'D_layers': 5, 'D_layer_units_exponent_0': 4, 'D_layer_units_exponent_1': 8, 'D_layer_units_exponent_2': 5, 'D_layer_units_exponent_3': 7, 'D_layer_units_exponent_4': 4, 'log_learning_rate': -4.390739140793112, 'log_learning_rate_D': -3.2403403787465654, 'training_batch_size': 10, 'training_p': 6}
	 epoch  0 training error:  tensor(0.9414, device='cuda:0', grad_fn=<DivBackward0>)
Memory status after this epoch: 
Memory allocated:  64.0068359375
Memory cached:  90.0
	 epoch  10 training error:  tensor(0.6112, device='cuda:0', grad_fn=<DivBackward0>)
Memory status after this epoch: 
Memory allocated:  64.0068359375
Memory cached:  90.0
	 epoch  20 training error:  tensor(0.6117, device='cuda:0', grad_fn=<DivBackward0>)
Memory status after this epoch: 
Memory allocated:  64.0068359375
Memory cached:  90.0
	 epoch  30 training error:  tensor(0.5940, device='cuda:0', grad_fn=<DivBackward0>)
Memory status after this epoch: 
Memory allocated:  64.0068359375
Memory cached:  90.0
	 epoch  40 training error:  tensor(0.5944, device='cuda:0', grad_fn=<DivBackward0>)
Memory status after this epoch: 
Memory allocated:  64.0068359375
Memory cached:  90.0
	 epoch  50 training error:  tensor(0.5935, device='cuda:0', grad_fn=<DivBackward0>)
Memory status after this epoch: 
Memory allocated:  64.0068359375
Memory cached:  90.0
	 epoch  60 training error:  tensor(0.5930, device='cuda:0', grad_fn=<DivBackward0>)
Memory status after this epoch: 
Memory allocated:  64.0068359375
Memory cached:  90.0
	 epoch  70 training error:  tensor(0.5929, device='cuda:0', grad_fn=<DivBackward0>)
Memory status after this epoch: 
Memory allocated:  64.0068359375
Memory cached:  90.0
	 epoch  80 training error:  tensor(0.5929, device='cuda:0', grad_fn=<DivBackward0>)
Memory status after this epoch: 
Memory allocated:  64.0068359375
Memory cached:  90.0
	 epoch  90 training error:  tensor(0.5928, device='cuda:0', grad_fn=<DivBackward0>)
Memory status after this epoch: 
Memory allocated:  64.0068359375
Memory cached:  90.0
[I 2023-12-05 01:05:33,825] Trial 9 finished with value: 0.5872206091880798 and parameters: {'W_layers': 3, 'W_layer_units_exponent_0': 10, 'W_layer_units_exponent_1': 10, 'W_layer_units_exponent_2': 5, 'D_layers': 5, 'D_layer_units_exponent_0': 4, 'D_layer_units_exponent_1': 8, 'D_layer_units_exponent_2': 5, 'D_layer_units_exponent_3': 7, 'D_layer_units_exponent_4': 4, 'log_learning_rate': -4.390739140793112, 'log_learning_rate_D': -3.2403403787465654, 'training_batch_size': 10, 'training_p': 6}. Best is trial 5 with value: 0.4343257546424866.
Time for this trial:  15.516625165939331
Memory status after this trial: 
Memory allocated:  103.54736328125
Memory cached:  150.0
--------------------  Trial  10   --------------------
Start timing: 
Parameters: 
{'W_layers': 2, 'W_layer_units_exponent_0': 7, 'W_layer_units_exponent_1': 7, 'D_layers': 8, 'D_layer_units_exponent_0': 8, 'D_layer_units_exponent_1': 7, 'D_layer_units_exponent_2': 4, 'D_layer_units_exponent_3': 4, 'D_layer_units_exponent_4': 9, 'D_layer_units_exponent_5': 10, 'D_layer_units_exponent_6': 10, 'D_layer_units_exponent_7': 9, 'log_learning_rate': -3.045716632160704, 'log_learning_rate_D': -3.846902393775002, 'training_batch_size': 6, 'training_p': 2}
	 epoch  0 training error:  tensor(0.9913, device='cuda:0', grad_fn=<DivBackward0>)
Memory status after this epoch: 
Memory allocated:  56.205078125
Memory cached:  90.0
	 epoch  10 training error:  tensor(0.5440, device='cuda:0', grad_fn=<DivBackward0>)
Memory status after this epoch: 
Memory allocated:  56.205078125
Memory cached:  90.0
	 epoch  20 training error:  tensor(0.5002, device='cuda:0', grad_fn=<DivBackward0>)
Memory status after this epoch: 
Memory allocated:  56.205078125
Memory cached:  90.0
	 epoch  30 training error:  tensor(0.5003, device='cuda:0', grad_fn=<DivBackward0>)
Memory status after this epoch: 
Memory allocated:  56.205078125
Memory cached:  90.0
	 epoch  40 training error:  tensor(0.4996, device='cuda:0', grad_fn=<DivBackward0>)
Memory status after this epoch: 
Memory allocated:  56.205078125
Memory cached:  90.0
	 epoch  50 training error:  tensor(0.4994, device='cuda:0', grad_fn=<DivBackward0>)
Memory status after this epoch: 
Memory allocated:  56.205078125
Memory cached:  90.0
	 epoch  60 training error:  tensor(0.4994, device='cuda:0', grad_fn=<DivBackward0>)
Memory status after this epoch: 
Memory allocated:  56.205078125
Memory cached:  90.0
	 epoch  70 training error:  tensor(0.4996, device='cuda:0', grad_fn=<DivBackward0>)
Memory status after this epoch: 
Memory allocated:  56.205078125
Memory cached:  90.0
	 epoch  80 training error:  tensor(0.4994, device='cuda:0', grad_fn=<DivBackward0>)
Memory status after this epoch: 
Memory allocated:  56.205078125
Memory cached:  90.0
	 epoch  90 training error:  tensor(0.4995, device='cuda:0', grad_fn=<DivBackward0>)
Memory status after this epoch: 
Memory allocated:  56.205078125
Memory cached:  90.0
[I 2023-12-05 01:05:49,335] Trial 10 finished with value: 0.36860713362693787 and parameters: {'W_layers': 2, 'W_layer_units_exponent_0': 7, 'W_layer_units_exponent_1': 7, 'D_layers': 8, 'D_layer_units_exponent_0': 8, 'D_layer_units_exponent_1': 7, 'D_layer_units_exponent_2': 4, 'D_layer_units_exponent_3': 4, 'D_layer_units_exponent_4': 9, 'D_layer_units_exponent_5': 10, 'D_layer_units_exponent_6': 10, 'D_layer_units_exponent_7': 9, 'log_learning_rate': -3.045716632160704, 'log_learning_rate_D': -3.846902393775002, 'training_batch_size': 6, 'training_p': 2}. Best is trial 10 with value: 0.36860713362693787.
res:  tensor(0.3686, device='cuda:0', grad_fn=<DivBackward0>)
self.bestValue:  tensor(0.4343, device='cuda:0', grad_fn=<DivBackward0>)
Save this model!
Time for this trial:  15.329338312149048
Memory status after this trial: 
Memory allocated:  6.03125
Memory cached:  14.0
--------------------  Trial  11   --------------------
Start timing: 
Parameters: 
{'W_layers': 2, 'W_layer_units_exponent_0': 7, 'W_layer_units_exponent_1': 7, 'D_layers': 8, 'D_layer_units_exponent_0': 8, 'D_layer_units_exponent_1': 7, 'D_layer_units_exponent_2': 4, 'D_layer_units_exponent_3': 4, 'D_layer_units_exponent_4': 9, 'D_layer_units_exponent_5': 10, 'D_layer_units_exponent_6': 10, 'D_layer_units_exponent_7': 9, 'log_learning_rate': -3.0446379051768075, 'log_learning_rate_D': -3.903011407828381, 'training_batch_size': 6, 'training_p': 2}
	 epoch  0 training error:  tensor(0.8212, device='cuda:0', grad_fn=<DivBackward0>)
Memory status after this epoch: 
Memory allocated:  14.48046875
Memory cached:  34.0
	 epoch  10 training error:  tensor(0.5135, device='cuda:0', grad_fn=<DivBackward0>)
Memory status after this epoch: 
Memory allocated:  14.48046875
Memory cached:  34.0
	 epoch  20 training error:  tensor(0.5017, device='cuda:0', grad_fn=<DivBackward0>)
Memory status after this epoch: 
Memory allocated:  14.48046875
Memory cached:  34.0
	 epoch  30 training error:  tensor(0.4996, device='cuda:0', grad_fn=<DivBackward0>)
Memory status after this epoch: 
Memory allocated:  14.48046875
Memory cached:  34.0
	 epoch  40 training error:  tensor(0.4994, device='cuda:0', grad_fn=<DivBackward0>)
Memory status after this epoch: 
Memory allocated:  14.48046875
Memory cached:  34.0
	 epoch  50 training error:  tensor(0.4994, device='cuda:0', grad_fn=<DivBackward0>)
Memory status after this epoch: 
Memory allocated:  14.48046875
Memory cached:  34.0
	 epoch  60 training error:  tensor(0.5006, device='cuda:0', grad_fn=<DivBackward0>)
Memory status after this epoch: 
Memory allocated:  14.48046875
Memory cached:  34.0
	 epoch  70 training error:  tensor(0.4993, device='cuda:0', grad_fn=<DivBackward0>)
Memory status after this epoch: 
Memory allocated:  14.48046875
Memory cached:  34.0
	 epoch  80 training error:  tensor(0.4997, device='cuda:0', grad_fn=<DivBackward0>)
Memory status after this epoch: 
Memory allocated:  14.48046875
Memory cached:  34.0
	 epoch  90 training error:  tensor(0.4995, device='cuda:0', grad_fn=<DivBackward0>)
Memory status after this epoch: 
Memory allocated:  14.48046875
Memory cached:  34.0
[I 2023-12-05 01:06:04,581] Trial 11 finished with value: 0.3641023337841034 and parameters: {'W_layers': 2, 'W_layer_units_exponent_0': 7, 'W_layer_units_exponent_1': 7, 'D_layers': 8, 'D_layer_units_exponent_0': 8, 'D_layer_units_exponent_1': 7, 'D_layer_units_exponent_2': 4, 'D_layer_units_exponent_3': 4, 'D_layer_units_exponent_4': 9, 'D_layer_units_exponent_5': 10, 'D_layer_units_exponent_6': 10, 'D_layer_units_exponent_7': 9, 'log_learning_rate': -3.0446379051768075, 'log_learning_rate_D': -3.903011407828381, 'training_batch_size': 6, 'training_p': 2}. Best is trial 11 with value: 0.3641023337841034.
res:  tensor(0.3641, device='cuda:0', grad_fn=<DivBackward0>)
self.bestValue:  tensor(0.3686, device='cuda:0', grad_fn=<DivBackward0>)
Save this model!
Time for this trial:  15.096837759017944
Memory status after this trial: 
Memory allocated:  6.03125
Memory cached:  16.0
--------------------  Trial  12   --------------------
Start timing: 
Parameters: 
{'W_layers': 2, 'W_layer_units_exponent_0': 6, 'W_layer_units_exponent_1': 7, 'D_layers': 8, 'D_layer_units_exponent_0': 8, 'D_layer_units_exponent_1': 7, 'D_layer_units_exponent_2': 4, 'D_layer_units_exponent_3': 4, 'D_layer_units_exponent_4': 10, 'D_layer_units_exponent_5': 10, 'D_layer_units_exponent_6': 10, 'D_layer_units_exponent_7': 9, 'log_learning_rate': -3.070433912581407, 'log_learning_rate_D': -3.6094629870036936, 'training_batch_size': 6, 'training_p': 2}
	 epoch  0 training error:  tensor(0.9610, device='cuda:0', grad_fn=<DivBackward0>)
Memory status after this epoch: 
Memory allocated:  16.38671875
Memory cached:  36.0
	 epoch  10 training error:  tensor(0.5113, device='cuda:0', grad_fn=<DivBackward0>)
Memory status after this epoch: 
Memory allocated:  16.38671875
Memory cached:  36.0
	 epoch  20 training error:  tensor(0.5022, device='cuda:0', grad_fn=<DivBackward0>)
Memory status after this epoch: 
Memory allocated:  16.38671875
Memory cached:  36.0
	 epoch  30 training error:  tensor(0.4998, device='cuda:0', grad_fn=<DivBackward0>)
Memory status after this epoch: 
Memory allocated:  16.38671875
Memory cached:  36.0
	 epoch  40 training error:  tensor(0.4993, device='cuda:0', grad_fn=<DivBackward0>)
Memory status after this epoch: 
Memory allocated:  16.38671875
Memory cached:  36.0
	 epoch  50 training error:  tensor(0.4993, device='cuda:0', grad_fn=<DivBackward0>)
Memory status after this epoch: 
Memory allocated:  16.38671875
Memory cached:  36.0
	 epoch  60 training error:  tensor(0.4993, device='cuda:0', grad_fn=<DivBackward0>)
Memory status after this epoch: 
Memory allocated:  16.38671875
Memory cached:  36.0
	 epoch  70 training error:  tensor(0.4993, device='cuda:0', grad_fn=<DivBackward0>)
Memory status after this epoch: 
Memory allocated:  16.38671875
Memory cached:  36.0
	 epoch  80 training error:  tensor(0.4993, device='cuda:0', grad_fn=<DivBackward0>)
Memory status after this epoch: 
Memory allocated:  16.38671875
Memory cached:  36.0
	 epoch  90 training error:  tensor(0.4993, device='cuda:0', grad_fn=<DivBackward0>)
Memory status after this epoch: 
Memory allocated:  16.38671875
Memory cached:  36.0
[I 2023-12-05 01:06:19,744] Trial 12 finished with value: 0.3634127378463745 and parameters: {'W_layers': 2, 'W_layer_units_exponent_0': 6, 'W_layer_units_exponent_1': 7, 'D_layers': 8, 'D_layer_units_exponent_0': 8, 'D_layer_units_exponent_1': 7, 'D_layer_units_exponent_2': 4, 'D_layer_units_exponent_3': 4, 'D_layer_units_exponent_4': 10, 'D_layer_units_exponent_5': 10, 'D_layer_units_exponent_6': 10, 'D_layer_units_exponent_7': 9, 'log_learning_rate': -3.070433912581407, 'log_learning_rate_D': -3.6094629870036936, 'training_batch_size': 6, 'training_p': 2}. Best is trial 12 with value: 0.3634127378463745.
res:  tensor(0.3634, device='cuda:0', grad_fn=<DivBackward0>)
self.bestValue:  tensor(0.3641, device='cuda:0', grad_fn=<DivBackward0>)
Save this model!
Time for this trial:  15.020618915557861
Memory status after this trial: 
Memory allocated:  4.5029296875
Memory cached:  16.0
--------------------  Trial  13   --------------------
Start timing: 
Parameters: 
{'W_layers': 2, 'W_layer_units_exponent_0': 6, 'W_layer_units_exponent_1': 6, 'D_layers': 7, 'D_layer_units_exponent_0': 8, 'D_layer_units_exponent_1': 8, 'D_layer_units_exponent_2': 4, 'D_layer_units_exponent_3': 4, 'D_layer_units_exponent_4': 10, 'D_layer_units_exponent_5': 10, 'D_layer_units_exponent_6': 10, 'log_learning_rate': -2.9700434637143185, 'log_learning_rate_D': -3.4900121037305967, 'training_batch_size': 6, 'training_p': 2}
	 epoch  0 training error:  tensor(0.9682, device='cuda:0', grad_fn=<DivBackward0>)
Memory status after this epoch: 
Memory allocated:  12.92724609375
Memory cached:  36.0
	 epoch  10 training error:  tensor(0.5041, device='cuda:0', grad_fn=<DivBackward0>)
Memory status after this epoch: 
Memory allocated:  12.92724609375
Memory cached:  36.0
	 epoch  20 training error:  tensor(0.5027, device='cuda:0', grad_fn=<DivBackward0>)
Memory status after this epoch: 
Memory allocated:  12.92724609375
Memory cached:  36.0
	 epoch  30 training error:  tensor(0.4993, device='cuda:0', grad_fn=<DivBackward0>)
Memory status after this epoch: 
Memory allocated:  12.92724609375
Memory cached:  36.0
	 epoch  40 training error:  tensor(0.4993, device='cuda:0', grad_fn=<DivBackward0>)
Memory status after this epoch: 
Memory allocated:  12.92724609375
Memory cached:  36.0
	 epoch  50 training error:  tensor(0.4993, device='cuda:0', grad_fn=<DivBackward0>)
Memory status after this epoch: 
Memory allocated:  12.92724609375
Memory cached:  36.0
	 epoch  60 training error:  tensor(0.4993, device='cuda:0', grad_fn=<DivBackward0>)
Memory status after this epoch: 
Memory allocated:  12.92724609375
Memory cached:  36.0
	 epoch  70 training error:  tensor(0.4994, device='cuda:0', grad_fn=<DivBackward0>)
Memory status after this epoch: 
Memory allocated:  12.92724609375
Memory cached:  36.0
	 epoch  80 training error:  tensor(0.4993, device='cuda:0', grad_fn=<DivBackward0>)
Memory status after this epoch: 
Memory allocated:  12.92724609375
Memory cached:  36.0
	 epoch  90 training error:  tensor(0.4994, device='cuda:0', grad_fn=<DivBackward0>)
Memory status after this epoch: 
Memory allocated:  12.92724609375
Memory cached:  36.0
[I 2023-12-05 01:06:34,967] Trial 13 finished with value: 0.3655773103237152 and parameters: {'W_layers': 2, 'W_layer_units_exponent_0': 6, 'W_layer_units_exponent_1': 6, 'D_layers': 7, 'D_layer_units_exponent_0': 8, 'D_layer_units_exponent_1': 8, 'D_layer_units_exponent_2': 4, 'D_layer_units_exponent_3': 4, 'D_layer_units_exponent_4': 10, 'D_layer_units_exponent_5': 10, 'D_layer_units_exponent_6': 10, 'log_learning_rate': -2.9700434637143185, 'log_learning_rate_D': -3.4900121037305967, 'training_batch_size': 6, 'training_p': 2}. Best is trial 12 with value: 0.3634127378463745.
Time for this trial:  15.087672233581543
Memory status after this trial: 
Memory allocated:  7.50927734375
Memory cached:  16.0
--------------------  Trial  14   --------------------
Start timing: 
Parameters: 
{'W_layers': 2, 'W_layer_units_exponent_0': 6, 'W_layer_units_exponent_1': 4, 'D_layers': 7, 'D_layer_units_exponent_0': 8, 'D_layer_units_exponent_1': 6, 'D_layer_units_exponent_2': 5, 'D_layer_units_exponent_3': 5, 'D_layer_units_exponent_4': 8, 'D_layer_units_exponent_5': 8, 'D_layer_units_exponent_6': 6, 'log_learning_rate': -3.866852451147003, 'log_learning_rate_D': -2.759951625065102, 'training_batch_size': 7, 'training_p': 3}
	 epoch  0 training error:  tensor(1.4867, device='cuda:0', grad_fn=<DivBackward0>)
Memory status after this epoch: 
Memory allocated:  4.98388671875
Memory cached:  16.0
	 epoch  10 training error:  tensor(1.4205, device='cuda:0', grad_fn=<DivBackward0>)
Memory status after this epoch: 
Memory allocated:  4.98388671875
Memory cached:  16.0
	 epoch  20 training error:  tensor(1.3556, device='cuda:0', grad_fn=<DivBackward0>)
Memory status after this epoch: 
Memory allocated:  4.98388671875
Memory cached:  16.0
	 epoch  30 training error:  tensor(1.2919, device='cuda:0', grad_fn=<DivBackward0>)
Memory status after this epoch: 
Memory allocated:  4.98388671875
Memory cached:  16.0
	 epoch  40 training error:  tensor(1.2292, device='cuda:0', grad_fn=<DivBackward0>)
Memory status after this epoch: 
Memory allocated:  4.98388671875
Memory cached:  16.0
	 epoch  50 training error:  tensor(1.1671, device='cuda:0', grad_fn=<DivBackward0>)
Memory status after this epoch: 
Memory allocated:  4.98388671875
Memory cached:  16.0
	 epoch  60 training error:  tensor(1.1054, device='cuda:0', grad_fn=<DivBackward0>)
Memory status after this epoch: 
Memory allocated:  4.98388671875
Memory cached:  16.0
	 epoch  70 training error:  tensor(1.0441, device='cuda:0', grad_fn=<DivBackward0>)
Memory status after this epoch: 
Memory allocated:  4.98388671875
Memory cached:  16.0
	 epoch  80 training error:  tensor(0.9837, device='cuda:0', grad_fn=<DivBackward0>)
Memory status after this epoch: 
Memory allocated:  4.98388671875
Memory cached:  16.0
	 epoch  90 training error:  tensor(0.9244, device='cuda:0', grad_fn=<DivBackward0>)
Memory status after this epoch: 
Memory allocated:  4.98388671875
Memory cached:  16.0
