[I 2023-12-20 11:11:22,753] Trial 122 finished with value: 0.2988174557685852 and parameters: {'W_layers': 5, 'W_layer_units_exponent_0': 7, 'W_layer_units_exponent_1': 9, 'W_layer_units_exponent_2': 5, 'W_layer_units_exponent_3': 6, 'W_layer_units_exponent_4': 5, 'D_layers': 4, 'D_layer_units_exponent_0': 7, 'D_layer_units_exponent_1': 10, 'D_layer_units_exponent_2': 10, 'D_layer_units_exponent_3': 8, 'D_dagger_layers': 3, 'D_dagger_layer_units_exponent_0': 8, 'D_dagger_layer_units_exponent_1': 9, 'D_dagger_layer_units_exponent_2': 4, 'log_learning_rate': -2.6002304781785477, 'log_learning_rate_D': -4.187869189378, 'log_learning_rate_D_dagger': -2.4044626615911096, 'training_batch_size': 6, 'training_p': 7}. Best is trial 116 with value: 0.12582257390022278.
Time for this trial:  309.9576961994171
Memory status after this trial: 
Memory allocated:  443.134765625
Memory cached:  454.0
--------------------  Trial  123   --------------------
Start timing: 
Parameters: 
{'W_layers': 5, 'W_layer_units_exponent_0': 7, 'W_layer_units_exponent_1': 9, 'W_layer_units_exponent_2': 5, 'W_layer_units_exponent_3': 8, 'W_layer_units_exponent_4': 4, 'D_layers': 4, 'D_layer_units_exponent_0': 7, 'D_layer_units_exponent_1': 10, 'D_layer_units_exponent_2': 10, 'D_layer_units_exponent_3': 8, 'D_dagger_layers': 4, 'D_dagger_layer_units_exponent_0': 8, 'D_dagger_layer_units_exponent_1': 8, 'D_dagger_layer_units_exponent_2': 4, 'D_dagger_layer_units_exponent_3': 4, 'log_learning_rate': -2.381541366933897, 'log_learning_rate_D': -4.432717132516061, 'log_learning_rate_D_dagger': -2.238425110385501, 'training_batch_size': 6, 'training_p': 7}
	 epoch  0 training error:  tensor(1.0064, device='cuda:0', grad_fn=<DivBackward0>)
Memory status after this epoch: 
Memory allocated:  245.32958984375
Memory cached:  430.0
	 epoch  10 training error:  tensor(0.5802, device='cuda:0', grad_fn=<DivBackward0>)
Memory status after this epoch: 
Memory allocated:  245.32958984375
Memory cached:  430.0
	 epoch  20 training error:  tensor(0.5319, device='cuda:0', grad_fn=<DivBackward0>)
Memory status after this epoch: 
Memory allocated:  245.32958984375
Memory cached:  432.0
	 epoch  30 training error:  tensor(0.5385, device='cuda:0', grad_fn=<DivBackward0>)
Memory status after this epoch: 
Memory allocated:  245.32958984375
Memory cached:  430.0
	 epoch  40 training error:  tensor(0.5458, device='cuda:0', grad_fn=<DivBackward0>)
Memory status after this epoch: 
Memory allocated:  245.32958984375
Memory cached:  430.0
	 epoch  50 training error:  tensor(0.5645, device='cuda:0', grad_fn=<DivBackward0>)
Memory status after this epoch: 
Memory allocated:  245.32958984375
Memory cached:  432.0
	 epoch  60 training error:  tensor(0.5114, device='cuda:0', grad_fn=<DivBackward0>)
Memory status after this epoch: 
Memory allocated:  245.32958984375
Memory cached:  430.0
	 epoch  70 training error:  tensor(0.5016, device='cuda:0', grad_fn=<DivBackward0>)
Memory status after this epoch: 
Memory allocated:  245.32958984375
Memory cached:  434.0
	 epoch  80 training error:  tensor(0.3811, device='cuda:0', grad_fn=<DivBackward0>)
Memory status after this epoch: 
Memory allocated:  245.32958984375
Memory cached:  432.0
	 epoch  90 training error:  tensor(0.2786, device='cuda:0', grad_fn=<DivBackward0>)
Memory status after this epoch: 
Memory allocated:  245.32958984375
Memory cached:  430.0
[I 2023-12-20 11:16:48,265] Trial 123 finished with value: 0.21812470257282257 and parameters: {'W_layers': 5, 'W_layer_units_exponent_0': 7, 'W_layer_units_exponent_1': 9, 'W_layer_units_exponent_2': 5, 'W_layer_units_exponent_3': 8, 'W_layer_units_exponent_4': 4, 'D_layers': 4, 'D_layer_units_exponent_0': 7, 'D_layer_units_exponent_1': 10, 'D_layer_units_exponent_2': 10, 'D_layer_units_exponent_3': 8, 'D_dagger_layers': 4, 'D_dagger_layer_units_exponent_0': 8, 'D_dagger_layer_units_exponent_1': 8, 'D_dagger_layer_units_exponent_2': 4, 'D_dagger_layer_units_exponent_3': 4, 'log_learning_rate': -2.381541366933897, 'log_learning_rate_D': -4.432717132516061, 'log_learning_rate_D_dagger': -2.238425110385501, 'training_batch_size': 6, 'training_p': 7}. Best is trial 116 with value: 0.12582257390022278.
Time for this trial:  325.0302665233612
Memory status after this trial: 
Memory allocated:  439.689453125
Memory cached:  450.0
--------------------  Trial  124   --------------------
Start timing: 
Parameters: 
{'W_layers': 5, 'W_layer_units_exponent_0': 7, 'W_layer_units_exponent_1': 9, 'W_layer_units_exponent_2': 5, 'W_layer_units_exponent_3': 7, 'W_layer_units_exponent_4': 5, 'D_layers': 4, 'D_layer_units_exponent_0': 7, 'D_layer_units_exponent_1': 10, 'D_layer_units_exponent_2': 10, 'D_layer_units_exponent_3': 8, 'D_dagger_layers': 4, 'D_dagger_layer_units_exponent_0': 7, 'D_dagger_layer_units_exponent_1': 8, 'D_dagger_layer_units_exponent_2': 4, 'D_dagger_layer_units_exponent_3': 4, 'log_learning_rate': -2.1836379687929077, 'log_learning_rate_D': -4.278426142452835, 'log_learning_rate_D_dagger': -2.365719244997302, 'training_batch_size': 6, 'training_p': 6}
	 epoch  0 training error:  tensor(1.2312, device='cuda:0', grad_fn=<DivBackward0>)
Memory status after this epoch: 
Memory allocated:  244.75927734375
Memory cached:  428.0
	 epoch  10 training error:  tensor(0.5266, device='cuda:0', grad_fn=<DivBackward0>)
Memory status after this epoch: 
Memory allocated:  244.75927734375
Memory cached:  430.0
	 epoch  20 training error:  tensor(0.5143, device='cuda:0', grad_fn=<DivBackward0>)
Memory status after this epoch: 
Memory allocated:  244.75927734375
Memory cached:  430.0
	 epoch  30 training error:  tensor(0.5110, device='cuda:0', grad_fn=<DivBackward0>)
Memory status after this epoch: 
Memory allocated:  244.75927734375
Memory cached:  430.0
	 epoch  40 training error:  tensor(0.5038, device='cuda:0', grad_fn=<DivBackward0>)
Memory status after this epoch: 
Memory allocated:  244.75927734375
Memory cached:  430.0
	 epoch  50 training error:  tensor(0.4346, device='cuda:0', grad_fn=<DivBackward0>)
Memory status after this epoch: 
Memory allocated:  244.75927734375
Memory cached:  428.0
	 epoch  60 training error:  tensor(0.5091, device='cuda:0', grad_fn=<DivBackward0>)
Memory status after this epoch: 
Memory allocated:  244.75927734375
Memory cached:  428.0
	 epoch  70 training error:  tensor(0.4825, device='cuda:0', grad_fn=<DivBackward0>)
Memory status after this epoch: 
Memory allocated:  244.75927734375
Memory cached:  434.0
	 epoch  80 training error:  tensor(0.4331, device='cuda:0', grad_fn=<DivBackward0>)
Memory status after this epoch: 
Memory allocated:  244.75927734375
Memory cached:  430.0
	 epoch  90 training error:  tensor(0.3627, device='cuda:0', grad_fn=<DivBackward0>)
Memory status after this epoch: 
Memory allocated:  244.75927734375
Memory cached:  428.0
[I 2023-12-20 11:22:12,102] Trial 124 finished with value: 0.25895926356315613 and parameters: {'W_layers': 5, 'W_layer_units_exponent_0': 7, 'W_layer_units_exponent_1': 9, 'W_layer_units_exponent_2': 5, 'W_layer_units_exponent_3': 7, 'W_layer_units_exponent_4': 5, 'D_layers': 4, 'D_layer_units_exponent_0': 7, 'D_layer_units_exponent_1': 10, 'D_layer_units_exponent_2': 10, 'D_layer_units_exponent_3': 8, 'D_dagger_layers': 4, 'D_dagger_layer_units_exponent_0': 7, 'D_dagger_layer_units_exponent_1': 8, 'D_dagger_layer_units_exponent_2': 4, 'D_dagger_layer_units_exponent_3': 4, 'log_learning_rate': -2.1836379687929077, 'log_learning_rate_D': -4.278426142452835, 'log_learning_rate_D_dagger': -2.365719244997302, 'training_batch_size': 6, 'training_p': 6}. Best is trial 116 with value: 0.12582257390022278.
Time for this trial:  323.4465763568878
Memory status after this trial: 
Memory allocated:  426.318359375
Memory cached:  436.0
--------------------  Trial  125   --------------------
Start timing: 
Parameters: 
{'W_layers': 5, 'W_layer_units_exponent_0': 7, 'W_layer_units_exponent_1': 9, 'W_layer_units_exponent_2': 5, 'W_layer_units_exponent_3': 8, 'W_layer_units_exponent_4': 5, 'D_layers': 2, 'D_layer_units_exponent_0': 6, 'D_layer_units_exponent_1': 10, 'D_dagger_layers': 3, 'D_dagger_layer_units_exponent_0': 8, 'D_dagger_layer_units_exponent_1': 8, 'D_dagger_layer_units_exponent_2': 5, 'log_learning_rate': -2.741081672963528, 'log_learning_rate_D': -4.014390779767095, 'log_learning_rate_D_dagger': -2.4837510193690853, 'training_batch_size': 6, 'training_p': 6}
	 epoch  0 training error:  tensor(1.0866, device='cuda:0', grad_fn=<DivBackward0>)
Memory status after this epoch: 
Memory allocated:  224.44091796875
Memory cached:  408.0
	 epoch  10 training error:  tensor(0.5363, device='cuda:0', grad_fn=<DivBackward0>)
Memory status after this epoch: 
Memory allocated:  224.44091796875
Memory cached:  408.0
	 epoch  20 training error:  tensor(0.5155, device='cuda:0', grad_fn=<DivBackward0>)
Memory status after this epoch: 
Memory allocated:  224.44091796875
Memory cached:  408.0
	 epoch  30 training error:  tensor(0.5067, device='cuda:0', grad_fn=<DivBackward0>)
Memory status after this epoch: 
Memory allocated:  224.44091796875
Memory cached:  408.0
	 epoch  40 training error:  tensor(0.4973, device='cuda:0', grad_fn=<DivBackward0>)
Memory status after this epoch: 
Memory allocated:  224.44091796875
Memory cached:  408.0
	 epoch  50 training error:  tensor(0.4974, device='cuda:0', grad_fn=<DivBackward0>)
Memory status after this epoch: 
Memory allocated:  224.44091796875
Memory cached:  408.0
	 epoch  60 training error:  tensor(0.4403, device='cuda:0', grad_fn=<DivBackward0>)
Memory status after this epoch: 
Memory allocated:  224.44091796875
Memory cached:  408.0
	 epoch  70 training error:  tensor(0.4190, device='cuda:0', grad_fn=<DivBackward0>)
Memory status after this epoch: 
Memory allocated:  224.44091796875
Memory cached:  408.0
	 epoch  80 training error:  tensor(0.4964, device='cuda:0', grad_fn=<DivBackward0>)
Memory status after this epoch: 
Memory allocated:  224.44091796875
Memory cached:  408.0
	 epoch  90 training error:  tensor(0.3514, device='cuda:0', grad_fn=<DivBackward0>)
Memory status after this epoch: 
Memory allocated:  224.44091796875
Memory cached:  408.0
[I 2023-12-20 11:26:46,086] Trial 125 finished with value: 0.3916352689266205 and parameters: {'W_layers': 5, 'W_layer_units_exponent_0': 7, 'W_layer_units_exponent_1': 9, 'W_layer_units_exponent_2': 5, 'W_layer_units_exponent_3': 8, 'W_layer_units_exponent_4': 5, 'D_layers': 2, 'D_layer_units_exponent_0': 6, 'D_layer_units_exponent_1': 10, 'D_dagger_layers': 3, 'D_dagger_layer_units_exponent_0': 8, 'D_dagger_layer_units_exponent_1': 8, 'D_dagger_layer_units_exponent_2': 5, 'log_learning_rate': -2.741081672963528, 'log_learning_rate_D': -4.014390779767095, 'log_learning_rate_D_dagger': -2.4837510193690853, 'training_batch_size': 6, 'training_p': 6}. Best is trial 116 with value: 0.12582257390022278.
Time for this trial:  273.5948534011841
Memory status after this trial: 
Memory allocated:  352.53125
Memory cached:  408.0
--------------------  Trial  126   --------------------
Start timing: 
Parameters: 
{'W_layers': 5, 'W_layer_units_exponent_0': 8, 'W_layer_units_exponent_1': 9, 'W_layer_units_exponent_2': 5, 'W_layer_units_exponent_3': 7, 'W_layer_units_exponent_4': 6, 'D_layers': 5, 'D_layer_units_exponent_0': 7, 'D_layer_units_exponent_1': 10, 'D_layer_units_exponent_2': 10, 'D_layer_units_exponent_3': 8, 'D_layer_units_exponent_4': 5, 'D_dagger_layers': 3, 'D_dagger_layer_units_exponent_0': 8, 'D_dagger_layer_units_exponent_1': 8, 'D_dagger_layer_units_exponent_2': 4, 'log_learning_rate': -2.5022410847498424, 'log_learning_rate_D': -4.115790896544803, 'log_learning_rate_D_dagger': -2.2998006735844623, 'training_batch_size': 6, 'training_p': 6}
	 epoch  0 training error:  tensor(1.3984, device='cuda:0', grad_fn=<DivBackward0>)
Memory status after this epoch: 
Memory allocated:  246.45068359375
Memory cached:  430.0
	 epoch  10 training error:  tensor(0.5823, device='cuda:0', grad_fn=<DivBackward0>)
Memory status after this epoch: 
Memory allocated:  246.45068359375
Memory cached:  430.0
	 epoch  20 training error:  tensor(0.5247, device='cuda:0', grad_fn=<DivBackward0>)
Memory status after this epoch: 
Memory allocated:  246.45068359375
Memory cached:  430.0
	 epoch  30 training error:  tensor(0.5034, device='cuda:0', grad_fn=<DivBackward0>)
Memory status after this epoch: 
Memory allocated:  246.45068359375
Memory cached:  430.0
	 epoch  40 training error:  tensor(0.5009, device='cuda:0', grad_fn=<DivBackward0>)
Memory status after this epoch: 
Memory allocated:  246.45068359375
Memory cached:  430.0
	 epoch  50 training error:  tensor(0.5519, device='cuda:0', grad_fn=<DivBackward0>)
Memory status after this epoch: 
Memory allocated:  246.45068359375
Memory cached:  430.0
	 epoch  60 training error:  tensor(0.3474, device='cuda:0', grad_fn=<DivBackward0>)
Memory status after this epoch: 
Memory allocated:  246.45068359375
Memory cached:  430.0
	 epoch  70 training error:  tensor(0.3018, device='cuda:0', grad_fn=<DivBackward0>)
Memory status after this epoch: 
Memory allocated:  246.45068359375
Memory cached:  430.0
	 epoch  80 training error:  tensor(0.2522, device='cuda:0', grad_fn=<DivBackward0>)
Memory status after this epoch: 
Memory allocated:  246.45068359375
Memory cached:  430.0
	 epoch  90 training error:  tensor(0.2489, device='cuda:0', grad_fn=<DivBackward0>)
Memory status after this epoch: 
Memory allocated:  246.45068359375
Memory cached:  430.0
[I 2023-12-20 11:32:15,544] Trial 126 finished with value: 0.17461340129375458 and parameters: {'W_layers': 5, 'W_layer_units_exponent_0': 8, 'W_layer_units_exponent_1': 9, 'W_layer_units_exponent_2': 5, 'W_layer_units_exponent_3': 7, 'W_layer_units_exponent_4': 6, 'D_layers': 5, 'D_layer_units_exponent_0': 7, 'D_layer_units_exponent_1': 10, 'D_layer_units_exponent_2': 10, 'D_layer_units_exponent_3': 8, 'D_layer_units_exponent_4': 5, 'D_dagger_layers': 3, 'D_dagger_layer_units_exponent_0': 8, 'D_dagger_layer_units_exponent_1': 8, 'D_dagger_layer_units_exponent_2': 4, 'log_learning_rate': -2.5022410847498424, 'log_learning_rate_D': -4.115790896544803, 'log_learning_rate_D_dagger': -2.2998006735844623, 'training_batch_size': 6, 'training_p': 6}. Best is trial 116 with value: 0.12582257390022278.
Time for this trial:  329.0046033859253
Memory status after this trial: 
Memory allocated:  444.6591796875
Memory cached:  454.0
--------------------  Trial  127   --------------------
Start timing: 
Parameters: 
{'W_layers': 4, 'W_layer_units_exponent_0': 8, 'W_layer_units_exponent_1': 9, 'W_layer_units_exponent_2': 5, 'W_layer_units_exponent_3': 6, 'D_layers': 4, 'D_layer_units_exponent_0': 7, 'D_layer_units_exponent_1': 10, 'D_layer_units_exponent_2': 10, 'D_layer_units_exponent_3': 4, 'D_dagger_layers': 4, 'D_dagger_layer_units_exponent_0': 10, 'D_dagger_layer_units_exponent_1': 9, 'D_dagger_layer_units_exponent_2': 4, 'D_dagger_layer_units_exponent_3': 4, 'log_learning_rate': -2.2872006736674404, 'log_learning_rate_D': -4.517770161770109, 'log_learning_rate_D_dagger': -2.140187284768356, 'training_batch_size': 6, 'training_p': 7}
	 epoch  0 training error:  tensor(1.8470, device='cuda:0', grad_fn=<DivBackward0>)
Memory status after this epoch: 
Memory allocated:  249.52099609375
Memory cached:  434.0
	 epoch  10 training error:  tensor(0.8689, device='cuda:0', grad_fn=<DivBackward0>)
Memory status after this epoch: 
Memory allocated:  249.52099609375
Memory cached:  440.0
	 epoch  20 training error:  tensor(0.6677, device='cuda:0', grad_fn=<DivBackward0>)
Memory status after this epoch: 
Memory allocated:  249.52099609375
Memory cached:  440.0
	 epoch  30 training error:  tensor(0.5888, device='cuda:0', grad_fn=<DivBackward0>)
Memory status after this epoch: 
Memory allocated:  249.52099609375
Memory cached:  438.0
	 epoch  40 training error:  tensor(0.5333, device='cuda:0', grad_fn=<DivBackward0>)
Memory status after this epoch: 
Memory allocated:  249.52099609375
Memory cached:  438.0
	 epoch  50 training error:  tensor(0.5356, device='cuda:0', grad_fn=<DivBackward0>)
Memory status after this epoch: 
Memory allocated:  249.52099609375
Memory cached:  442.0
	 epoch  60 training error:  tensor(0.5433, device='cuda:0', grad_fn=<DivBackward0>)
Memory status after this epoch: 
Memory allocated:  249.52099609375
Memory cached:  436.0
	 epoch  70 training error:  tensor(0.5513, device='cuda:0', grad_fn=<DivBackward0>)
Memory status after this epoch: 
Memory allocated:  249.52099609375
Memory cached:  434.0
	 epoch  80 training error:  tensor(0.5425, device='cuda:0', grad_fn=<DivBackward0>)
Memory status after this epoch: 
Memory allocated:  249.52099609375
Memory cached:  436.0
	 epoch  90 training error:  tensor(0.5267, device='cuda:0', grad_fn=<DivBackward0>)
Memory status after this epoch: 
Memory allocated:  249.52099609375
Memory cached:  438.0
[I 2023-12-20 11:37:33,649] Trial 127 finished with value: 0.4436778128147125 and parameters: {'W_layers': 4, 'W_layer_units_exponent_0': 8, 'W_layer_units_exponent_1': 9, 'W_layer_units_exponent_2': 5, 'W_layer_units_exponent_3': 6, 'D_layers': 4, 'D_layer_units_exponent_0': 7, 'D_layer_units_exponent_1': 10, 'D_layer_units_exponent_2': 10, 'D_layer_units_exponent_3': 4, 'D_dagger_layers': 4, 'D_dagger_layer_units_exponent_0': 10, 'D_dagger_layer_units_exponent_1': 9, 'D_dagger_layer_units_exponent_2': 4, 'D_dagger_layer_units_exponent_3': 4, 'log_learning_rate': -2.2872006736674404, 'log_learning_rate_D': -4.517770161770109, 'log_learning_rate_D_dagger': -2.140187284768356, 'training_batch_size': 6, 'training_p': 7}. Best is trial 116 with value: 0.12582257390022278.
Time for this trial:  317.6937050819397
Memory status after this trial: 
Memory allocated:  480.9560546875
Memory cached:  504.0
--------------------  Trial  128   --------------------
Start timing: 
Parameters: 
{'W_layers': 5, 'W_layer_units_exponent_0': 7, 'W_layer_units_exponent_1': 8, 'W_layer_units_exponent_2': 6, 'W_layer_units_exponent_3': 7, 'W_layer_units_exponent_4': 4, 'D_layers': 5, 'D_layer_units_exponent_0': 7, 'D_layer_units_exponent_1': 10, 'D_layer_units_exponent_2': 10, 'D_layer_units_exponent_3': 8, 'D_layer_units_exponent_4': 4, 'D_dagger_layers': 4, 'D_dagger_layer_units_exponent_0': 8, 'D_dagger_layer_units_exponent_1': 8, 'D_dagger_layer_units_exponent_2': 4, 'D_dagger_layer_units_exponent_3': 4, 'log_learning_rate': -2.4323769859738036, 'log_learning_rate_D': -3.8411093582488114, 'log_learning_rate_D_dagger': -2.5432925863906846, 'training_batch_size': 6, 'training_p': 5}
	 epoch  0 training error:  tensor(0.9681, device='cuda:0', grad_fn=<DivBackward0>)
Memory status after this epoch: 
Memory allocated:  244.85498046875
Memory cached:  430.0
	 epoch  10 training error:  tensor(0.5382, device='cuda:0', grad_fn=<DivBackward0>)
Memory status after this epoch: 
Memory allocated:  244.85498046875
Memory cached:  432.0
	 epoch  20 training error:  tensor(0.4920, device='cuda:0', grad_fn=<DivBackward0>)
Memory status after this epoch: 
Memory allocated:  244.85498046875
Memory cached:  432.0
	 epoch  30 training error:  tensor(0.5105, device='cuda:0', grad_fn=<DivBackward0>)
Memory status after this epoch: 
Memory allocated:  244.85498046875
Memory cached:  436.0
	 epoch  40 training error:  tensor(0.4905, device='cuda:0', grad_fn=<DivBackward0>)
Memory status after this epoch: 
Memory allocated:  244.85498046875
Memory cached:  440.0
	 epoch  50 training error:  tensor(0.4766, device='cuda:0', grad_fn=<DivBackward0>)
Memory status after this epoch: 
Memory allocated:  244.85498046875
Memory cached:  438.0
	 epoch  60 training error:  tensor(0.4685, device='cuda:0', grad_fn=<DivBackward0>)
Memory status after this epoch: 
Memory allocated:  244.85498046875
Memory cached:  436.0
	 epoch  70 training error:  tensor(0.4702, device='cuda:0', grad_fn=<DivBackward0>)
Memory status after this epoch: 
Memory allocated:  244.85498046875
Memory cached:  434.0
	 epoch  80 training error:  tensor(0.4375, device='cuda:0', grad_fn=<DivBackward0>)
Memory status after this epoch: 
Memory allocated:  244.85498046875
Memory cached:  434.0
	 epoch  90 training error:  tensor(0.2724, device='cuda:0', grad_fn=<DivBackward0>)
Memory status after this epoch: 
Memory allocated:  244.85498046875
Memory cached:  438.0
