[I 2023-12-20 11:43:14,373] Trial 128 finished with value: 0.22756245732307434 and parameters: {'W_layers': 5, 'W_layer_units_exponent_0': 7, 'W_layer_units_exponent_1': 8, 'W_layer_units_exponent_2': 6, 'W_layer_units_exponent_3': 7, 'W_layer_units_exponent_4': 4, 'D_layers': 5, 'D_layer_units_exponent_0': 7, 'D_layer_units_exponent_1': 10, 'D_layer_units_exponent_2': 10, 'D_layer_units_exponent_3': 8, 'D_layer_units_exponent_4': 4, 'D_dagger_layers': 4, 'D_dagger_layer_units_exponent_0': 8, 'D_dagger_layer_units_exponent_1': 8, 'D_dagger_layer_units_exponent_2': 4, 'D_dagger_layer_units_exponent_3': 4, 'log_learning_rate': -2.4323769859738036, 'log_learning_rate_D': -3.8411093582488114, 'log_learning_rate_D_dagger': -2.5432925863906846, 'training_batch_size': 6, 'training_p': 5}. Best is trial 116 with value: 0.12582257390022278.
Time for this trial:  340.3066897392273
Memory status after this trial: 
Memory allocated:  423.45703125
Memory cached:  432.0
--------------------  Trial  129   --------------------
Start timing: 
Parameters: 
{'W_layers': 6, 'W_layer_units_exponent_0': 7, 'W_layer_units_exponent_1': 9, 'W_layer_units_exponent_2': 5, 'W_layer_units_exponent_3': 6, 'W_layer_units_exponent_4': 5, 'W_layer_units_exponent_5': 10, 'D_layers': 5, 'D_layer_units_exponent_0': 7, 'D_layer_units_exponent_1': 10, 'D_layer_units_exponent_2': 9, 'D_layer_units_exponent_3': 8, 'D_layer_units_exponent_4': 4, 'D_dagger_layers': 5, 'D_dagger_layer_units_exponent_0': 10, 'D_dagger_layer_units_exponent_1': 9, 'D_dagger_layer_units_exponent_2': 5, 'D_dagger_layer_units_exponent_3': 5, 'D_dagger_layer_units_exponent_4': 4, 'log_learning_rate': -2.1596343746972155, 'log_learning_rate_D': -4.344170049631294, 'log_learning_rate_D_dagger': -2.212377282113661, 'training_batch_size': 6, 'training_p': 7}
	 epoch  0 training error:  tensor(1.4575, device='cuda:0', grad_fn=<DivBackward0>)
Memory status after this epoch: 
Memory allocated:  243.03466796875
Memory cached:  444.0
	 epoch  10 training error:  tensor(0.5968, device='cuda:0', grad_fn=<DivBackward0>)
Memory status after this epoch: 
Memory allocated:  243.03466796875
Memory cached:  456.0
	 epoch  20 training error:  tensor(0.5769, device='cuda:0', grad_fn=<DivBackward0>)
Memory status after this epoch: 
Memory allocated:  243.03466796875
Memory cached:  458.0
	 epoch  30 training error:  tensor(0.5443, device='cuda:0', grad_fn=<DivBackward0>)
Memory status after this epoch: 
Memory allocated:  243.03466796875
Memory cached:  454.0
	 epoch  40 training error:  tensor(0.5388, device='cuda:0', grad_fn=<DivBackward0>)
Memory status after this epoch: 
Memory allocated:  243.03466796875
Memory cached:  458.0
	 epoch  50 training error:  tensor(0.5622, device='cuda:0', grad_fn=<DivBackward0>)
Memory status after this epoch: 
Memory allocated:  243.03466796875
Memory cached:  458.0
	 epoch  60 training error:  tensor(0.5668, device='cuda:0', grad_fn=<DivBackward0>)
Memory status after this epoch: 
Memory allocated:  243.03466796875
Memory cached:  456.0
	 epoch  70 training error:  tensor(0.5454, device='cuda:0', grad_fn=<DivBackward0>)
Memory status after this epoch: 
Memory allocated:  243.03466796875
Memory cached:  456.0
	 epoch  80 training error:  tensor(0.5494, device='cuda:0', grad_fn=<DivBackward0>)
Memory status after this epoch: 
Memory allocated:  243.03466796875
Memory cached:  456.0
	 epoch  90 training error:  tensor(0.5388, device='cuda:0', grad_fn=<DivBackward0>)
Memory status after this epoch: 
Memory allocated:  243.03466796875
Memory cached:  452.0
[I 2023-12-20 11:49:35,206] Trial 129 finished with value: 0.42975035309791565 and parameters: {'W_layers': 6, 'W_layer_units_exponent_0': 7, 'W_layer_units_exponent_1': 9, 'W_layer_units_exponent_2': 5, 'W_layer_units_exponent_3': 6, 'W_layer_units_exponent_4': 5, 'W_layer_units_exponent_5': 10, 'D_layers': 5, 'D_layer_units_exponent_0': 7, 'D_layer_units_exponent_1': 10, 'D_layer_units_exponent_2': 9, 'D_layer_units_exponent_3': 8, 'D_layer_units_exponent_4': 4, 'D_dagger_layers': 5, 'D_dagger_layer_units_exponent_0': 10, 'D_dagger_layer_units_exponent_1': 9, 'D_dagger_layer_units_exponent_2': 5, 'D_dagger_layer_units_exponent_3': 5, 'D_dagger_layer_units_exponent_4': 4, 'log_learning_rate': -2.1596343746972155, 'log_learning_rate_D': -4.344170049631294, 'log_learning_rate_D_dagger': -2.212377282113661, 'training_batch_size': 6, 'training_p': 7}. Best is trial 116 with value: 0.12582257390022278.
Time for this trial:  380.36170196533203
Memory status after this trial: 
Memory allocated:  508.806640625
Memory cached:  518.0
--------------------  Trial  130   --------------------
Start timing: 
Parameters: 
{'W_layers': 5, 'W_layer_units_exponent_0': 7, 'W_layer_units_exponent_1': 4, 'W_layer_units_exponent_2': 4, 'W_layer_units_exponent_3': 7, 'W_layer_units_exponent_4': 6, 'D_layers': 4, 'D_layer_units_exponent_0': 6, 'D_layer_units_exponent_1': 10, 'D_layer_units_exponent_2': 10, 'D_layer_units_exponent_3': 4, 'D_dagger_layers': 3, 'D_dagger_layer_units_exponent_0': 7, 'D_dagger_layer_units_exponent_1': 8, 'D_dagger_layer_units_exponent_2': 4, 'log_learning_rate': -2.790543221878296, 'log_learning_rate_D': -4.216156632556868, 'log_learning_rate_D_dagger': -2.604337419947981, 'training_batch_size': 6, 'training_p': 6}
	 epoch  0 training error:  tensor(0.8838, device='cuda:0', grad_fn=<DivBackward0>)
Memory status after this epoch: 
Memory allocated:  238.81005859375
Memory cached:  428.0
	 epoch  10 training error:  tensor(0.5344, device='cuda:0', grad_fn=<DivBackward0>)
Memory status after this epoch: 
Memory allocated:  238.81005859375
Memory cached:  432.0
	 epoch  20 training error:  tensor(0.5205, device='cuda:0', grad_fn=<DivBackward0>)
Memory status after this epoch: 
Memory allocated:  238.81005859375
Memory cached:  428.0
	 epoch  30 training error:  tensor(0.5146, device='cuda:0', grad_fn=<DivBackward0>)
Memory status after this epoch: 
Memory allocated:  238.81005859375
Memory cached:  430.0
	 epoch  40 training error:  tensor(0.5114, device='cuda:0', grad_fn=<DivBackward0>)
Memory status after this epoch: 
Memory allocated:  238.81005859375
Memory cached:  432.0
	 epoch  50 training error:  tensor(0.5128, device='cuda:0', grad_fn=<DivBackward0>)
Memory status after this epoch: 
Memory allocated:  238.81005859375
Memory cached:  428.0
	 epoch  60 training error:  tensor(0.5033, device='cuda:0', grad_fn=<DivBackward0>)
Memory status after this epoch: 
Memory allocated:  238.81005859375
Memory cached:  434.0
	 epoch  70 training error:  tensor(0.4785, device='cuda:0', grad_fn=<DivBackward0>)
Memory status after this epoch: 
Memory allocated:  238.81005859375
Memory cached:  434.0
	 epoch  80 training error:  tensor(0.5352, device='cuda:0', grad_fn=<DivBackward0>)
Memory status after this epoch: 
Memory allocated:  238.81005859375
Memory cached:  434.0
	 epoch  90 training error:  tensor(0.5073, device='cuda:0', grad_fn=<DivBackward0>)
Memory status after this epoch: 
Memory allocated:  238.81005859375
Memory cached:  430.0
[I 2023-12-20 11:54:41,371] Trial 130 finished with value: 0.4184340536594391 and parameters: {'W_layers': 5, 'W_layer_units_exponent_0': 7, 'W_layer_units_exponent_1': 4, 'W_layer_units_exponent_2': 4, 'W_layer_units_exponent_3': 7, 'W_layer_units_exponent_4': 6, 'D_layers': 4, 'D_layer_units_exponent_0': 6, 'D_layer_units_exponent_1': 10, 'D_layer_units_exponent_2': 10, 'D_layer_units_exponent_3': 4, 'D_dagger_layers': 3, 'D_dagger_layer_units_exponent_0': 7, 'D_dagger_layer_units_exponent_1': 8, 'D_dagger_layer_units_exponent_2': 4, 'log_learning_rate': -2.790543221878296, 'log_learning_rate_D': -4.216156632556868, 'log_learning_rate_D_dagger': -2.604337419947981, 'training_batch_size': 6, 'training_p': 6}. Best is trial 116 with value: 0.12582257390022278.
Time for this trial:  305.7383396625519
Memory status after this trial: 
Memory allocated:  382.666015625
Memory cached:  414.0
--------------------  Trial  131   --------------------
Start timing: 
Parameters: 
{'W_layers': 5, 'W_layer_units_exponent_0': 8, 'W_layer_units_exponent_1': 9, 'W_layer_units_exponent_2': 6, 'W_layer_units_exponent_3': 8, 'W_layer_units_exponent_4': 6, 'D_layers': 5, 'D_layer_units_exponent_0': 7, 'D_layer_units_exponent_1': 4, 'D_layer_units_exponent_2': 10, 'D_layer_units_exponent_3': 7, 'D_layer_units_exponent_4': 10, 'D_dagger_layers': 4, 'D_dagger_layer_units_exponent_0': 9, 'D_dagger_layer_units_exponent_1': 6, 'D_dagger_layer_units_exponent_2': 4, 'D_dagger_layer_units_exponent_3': 5, 'log_learning_rate': -2.08485240613526, 'log_learning_rate_D': -4.138918430221753, 'log_learning_rate_D_dagger': -3.0540545194646462, 'training_batch_size': 6, 'training_p': 6}
	 epoch  0 training error:  tensor(1.6630, device='cuda:0', grad_fn=<DivBackward0>)
Memory status after this epoch: 
Memory allocated:  228.65576171875
Memory cached:  410.0
	 epoch  10 training error:  tensor(0.5550, device='cuda:0', grad_fn=<DivBackward0>)
Memory status after this epoch: 
Memory allocated:  228.65576171875
Memory cached:  410.0
	 epoch  20 training error:  tensor(0.5175, device='cuda:0', grad_fn=<DivBackward0>)
Memory status after this epoch: 
Memory allocated:  228.65576171875
Memory cached:  410.0
	 epoch  30 training error:  tensor(0.5091, device='cuda:0', grad_fn=<DivBackward0>)
Memory status after this epoch: 
Memory allocated:  228.65576171875
Memory cached:  410.0
	 epoch  40 training error:  tensor(0.5051, device='cuda:0', grad_fn=<DivBackward0>)
Memory status after this epoch: 
Memory allocated:  228.65576171875
Memory cached:  410.0
	 epoch  50 training error:  tensor(0.4982, device='cuda:0', grad_fn=<DivBackward0>)
Memory status after this epoch: 
Memory allocated:  228.65576171875
Memory cached:  410.0
	 epoch  60 training error:  tensor(0.4953, device='cuda:0', grad_fn=<DivBackward0>)
Memory status after this epoch: 
Memory allocated:  228.65576171875
Memory cached:  410.0
	 epoch  70 training error:  tensor(0.4690, device='cuda:0', grad_fn=<DivBackward0>)
Memory status after this epoch: 
Memory allocated:  228.65576171875
Memory cached:  410.0
	 epoch  80 training error:  tensor(0.4215, device='cuda:0', grad_fn=<DivBackward0>)
Memory status after this epoch: 
Memory allocated:  228.65576171875
Memory cached:  410.0
	 epoch  90 training error:  tensor(0.3629, device='cuda:0', grad_fn=<DivBackward0>)
Memory status after this epoch: 
Memory allocated:  228.65576171875
Memory cached:  410.0
[I 2023-12-20 12:00:24,292] Trial 131 finished with value: 0.19101953506469727 and parameters: {'W_layers': 5, 'W_layer_units_exponent_0': 8, 'W_layer_units_exponent_1': 9, 'W_layer_units_exponent_2': 6, 'W_layer_units_exponent_3': 8, 'W_layer_units_exponent_4': 6, 'D_layers': 5, 'D_layer_units_exponent_0': 7, 'D_layer_units_exponent_1': 4, 'D_layer_units_exponent_2': 10, 'D_layer_units_exponent_3': 7, 'D_layer_units_exponent_4': 10, 'D_dagger_layers': 4, 'D_dagger_layer_units_exponent_0': 9, 'D_dagger_layer_units_exponent_1': 6, 'D_dagger_layer_units_exponent_2': 4, 'D_dagger_layer_units_exponent_3': 5, 'log_learning_rate': -2.08485240613526, 'log_learning_rate_D': -4.138918430221753, 'log_learning_rate_D_dagger': -3.0540545194646462, 'training_batch_size': 6, 'training_p': 6}. Best is trial 116 with value: 0.12582257390022278.
Time for this trial:  342.49717378616333
Memory status after this trial: 
Memory allocated:  434.39892578125
Memory cached:  452.0
--------------------  Trial  132   --------------------
Start timing: 
Parameters: 
{'W_layers': 5, 'W_layer_units_exponent_0': 7, 'W_layer_units_exponent_1': 9, 'W_layer_units_exponent_2': 6, 'W_layer_units_exponent_3': 8, 'W_layer_units_exponent_4': 7, 'D_layers': 5, 'D_layer_units_exponent_0': 7, 'D_layer_units_exponent_1': 10, 'D_layer_units_exponent_2': 9, 'D_layer_units_exponent_3': 4, 'D_layer_units_exponent_4': 5, 'D_dagger_layers': 4, 'D_dagger_layer_units_exponent_0': 9, 'D_dagger_layer_units_exponent_1': 6, 'D_dagger_layer_units_exponent_2': 4, 'D_dagger_layer_units_exponent_3': 6, 'log_learning_rate': -2.3415568178071515, 'log_learning_rate_D': -4.030470027476957, 'log_learning_rate_D_dagger': -2.8570690640021343, 'training_batch_size': 6, 'training_p': 6}
	 epoch  0 training error:  tensor(1.0054, device='cuda:0', grad_fn=<DivBackward0>)
Memory status after this epoch: 
Memory allocated:  233.73974609375
Memory cached:  408.0
	 epoch  10 training error:  tensor(0.5488, device='cuda:0', grad_fn=<DivBackward0>)
Memory status after this epoch: 
Memory allocated:  233.73974609375
Memory cached:  408.0
	 epoch  20 training error:  tensor(0.5245, device='cuda:0', grad_fn=<DivBackward0>)
Memory status after this epoch: 
Memory allocated:  233.73974609375
Memory cached:  408.0
	 epoch  30 training error:  tensor(0.5093, device='cuda:0', grad_fn=<DivBackward0>)
Memory status after this epoch: 
Memory allocated:  233.73974609375
Memory cached:  408.0
	 epoch  40 training error:  tensor(0.5054, device='cuda:0', grad_fn=<DivBackward0>)
Memory status after this epoch: 
Memory allocated:  233.73974609375
Memory cached:  408.0
	 epoch  50 training error:  tensor(0.5017, device='cuda:0', grad_fn=<DivBackward0>)
Memory status after this epoch: 
Memory allocated:  233.73974609375
Memory cached:  408.0
	 epoch  60 training error:  tensor(0.4655, device='cuda:0', grad_fn=<DivBackward0>)
Memory status after this epoch: 
Memory allocated:  233.73974609375
Memory cached:  408.0
	 epoch  70 training error:  tensor(0.3542, device='cuda:0', grad_fn=<DivBackward0>)
Memory status after this epoch: 
Memory allocated:  233.73974609375
Memory cached:  408.0
	 epoch  80 training error:  tensor(0.3775, device='cuda:0', grad_fn=<DivBackward0>)
Memory status after this epoch: 
Memory allocated:  233.73974609375
Memory cached:  410.0
	 epoch  90 training error:  tensor(0.2384, device='cuda:0', grad_fn=<DivBackward0>)
Memory status after this epoch: 
Memory allocated:  233.73974609375
Memory cached:  408.0
[I 2023-12-20 12:06:02,091] Trial 132 finished with value: 0.1424723118543625 and parameters: {'W_layers': 5, 'W_layer_units_exponent_0': 7, 'W_layer_units_exponent_1': 9, 'W_layer_units_exponent_2': 6, 'W_layer_units_exponent_3': 8, 'W_layer_units_exponent_4': 7, 'D_layers': 5, 'D_layer_units_exponent_0': 7, 'D_layer_units_exponent_1': 10, 'D_layer_units_exponent_2': 9, 'D_layer_units_exponent_3': 4, 'D_layer_units_exponent_4': 5, 'D_dagger_layers': 4, 'D_dagger_layer_units_exponent_0': 9, 'D_dagger_layer_units_exponent_1': 6, 'D_dagger_layer_units_exponent_2': 4, 'D_dagger_layer_units_exponent_3': 6, 'log_learning_rate': -2.3415568178071515, 'log_learning_rate_D': -4.030470027476957, 'log_learning_rate_D_dagger': -2.8570690640021343, 'training_batch_size': 6, 'training_p': 6}. Best is trial 116 with value: 0.12582257390022278.
Time for this trial:  337.368937253952
Memory status after this trial: 
Memory allocated:  409.84619140625
Memory cached:  422.0
--------------------  Trial  133   --------------------
Start timing: 
Parameters: 
{'W_layers': 5, 'W_layer_units_exponent_0': 7, 'W_layer_units_exponent_1': 9, 'W_layer_units_exponent_2': 6, 'W_layer_units_exponent_3': 8, 'W_layer_units_exponent_4': 4, 'D_layers': 5, 'D_layer_units_exponent_0': 7, 'D_layer_units_exponent_1': 10, 'D_layer_units_exponent_2': 9, 'D_layer_units_exponent_3': 4, 'D_layer_units_exponent_4': 5, 'D_dagger_layers': 4, 'D_dagger_layer_units_exponent_0': 9, 'D_dagger_layer_units_exponent_1': 6, 'D_dagger_layer_units_exponent_2': 4, 'D_dagger_layer_units_exponent_3': 6, 'log_learning_rate': -2.6560388526228254, 'log_learning_rate_D': -3.9229244721987446, 'log_learning_rate_D_dagger': -3.267740644197006, 'training_batch_size': 6, 'training_p': 6}
	 epoch  0 training error:  tensor(0.9256, device='cuda:0', grad_fn=<DivBackward0>)
Memory status after this epoch: 
Memory allocated:  233.30224609375
Memory cached:  408.0
	 epoch  10 training error:  tensor(0.5411, device='cuda:0', grad_fn=<DivBackward0>)
Memory status after this epoch: 
Memory allocated:  233.30224609375
Memory cached:  410.0
	 epoch  20 training error:  tensor(0.5232, device='cuda:0', grad_fn=<DivBackward0>)
Memory status after this epoch: 
Memory allocated:  233.30224609375
Memory cached:  412.0
	 epoch  30 training error:  tensor(0.5274, device='cuda:0', grad_fn=<DivBackward0>)
Memory status after this epoch: 
Memory allocated:  233.30224609375
Memory cached:  410.0
	 epoch  40 training error:  tensor(0.5093, device='cuda:0', grad_fn=<DivBackward0>)
Memory status after this epoch: 
Memory allocated:  233.30224609375
Memory cached:  412.0
	 epoch  50 training error:  tensor(0.5152, device='cuda:0', grad_fn=<DivBackward0>)
Memory status after this epoch: 
Memory allocated:  233.30224609375
Memory cached:  408.0
	 epoch  60 training error:  tensor(0.5045, device='cuda:0', grad_fn=<DivBackward0>)
Memory status after this epoch: 
Memory allocated:  233.30224609375
Memory cached:  412.0
	 epoch  70 training error:  tensor(0.5086, device='cuda:0', grad_fn=<DivBackward0>)
Memory status after this epoch: 
Memory allocated:  233.30224609375
Memory cached:  412.0
	 epoch  80 training error:  tensor(0.4641, device='cuda:0', grad_fn=<DivBackward0>)
Memory status after this epoch: 
Memory allocated:  233.30224609375
Memory cached:  408.0
	 epoch  90 training error:  tensor(0.4224, device='cuda:0', grad_fn=<DivBackward0>)
Memory status after this epoch: 
Memory allocated:  233.30224609375
Memory cached:  410.0
[I 2023-12-20 12:11:40,041] Trial 133 finished with value: 0.23253576457500458 and parameters: {'W_layers': 5, 'W_layer_units_exponent_0': 7, 'W_layer_units_exponent_1': 9, 'W_layer_units_exponent_2': 6, 'W_layer_units_exponent_3': 8, 'W_layer_units_exponent_4': 4, 'D_layers': 5, 'D_layer_units_exponent_0': 7, 'D_layer_units_exponent_1': 10, 'D_layer_units_exponent_2': 9, 'D_layer_units_exponent_3': 4, 'D_layer_units_exponent_4': 5, 'D_dagger_layers': 4, 'D_dagger_layer_units_exponent_0': 9, 'D_dagger_layer_units_exponent_1': 6, 'D_dagger_layer_units_exponent_2': 4, 'D_dagger_layer_units_exponent_3': 6, 'log_learning_rate': -2.6560388526228254, 'log_learning_rate_D': -3.9229244721987446, 'log_learning_rate_D_dagger': -3.267740644197006, 'training_batch_size': 6, 'training_p': 6}. Best is trial 116 with value: 0.12582257390022278.
Time for this trial:  337.45713686943054
Memory status after this trial: 
Memory allocated:  404.64697265625
Memory cached:  416.0
--------------------  Trial  134   --------------------
Start timing: 
Parameters: 
{'W_layers': 5, 'W_layer_units_exponent_0': 7, 'W_layer_units_exponent_1': 9, 'W_layer_units_exponent_2': 6, 'W_layer_units_exponent_3': 9, 'W_layer_units_exponent_4': 7, 'D_layers': 5, 'D_layer_units_exponent_0': 7, 'D_layer_units_exponent_1': 10, 'D_layer_units_exponent_2': 9, 'D_layer_units_exponent_3': 4, 'D_layer_units_exponent_4': 6, 'D_dagger_layers': 5, 'D_dagger_layer_units_exponent_0': 8, 'D_dagger_layer_units_exponent_1': 8, 'D_dagger_layer_units_exponent_2': 4, 'D_dagger_layer_units_exponent_3': 4, 'D_dagger_layer_units_exponent_4': 5, 'log_learning_rate': -2.3643019235826235, 'log_learning_rate_D': -4.040730803616209, 'log_learning_rate_D_dagger': -3.154562301300143, 'training_batch_size': 6, 'training_p': 5}
	 epoch  0 training error:  tensor(1.0463, device='cuda:0', grad_fn=<DivBackward0>)
Memory status after this epoch: 
Memory allocated:  235.03662109375
Memory cached:  408.0
	 epoch  10 training error:  tensor(0.5265, device='cuda:0', grad_fn=<DivBackward0>)
Memory status after this epoch: 
Memory allocated:  235.03662109375
Memory cached:  418.0
	 epoch  20 training error:  tensor(0.4951, device='cuda:0', grad_fn=<DivBackward0>)
Memory status after this epoch: 
Memory allocated:  235.03662109375
Memory cached:  412.0
	 epoch  30 training error:  tensor(0.4928, device='cuda:0', grad_fn=<DivBackward0>)
Memory status after this epoch: 
Memory allocated:  235.03662109375
Memory cached:  412.0
	 epoch  40 training error:  tensor(0.4764, device='cuda:0', grad_fn=<DivBackward0>)
Memory status after this epoch: 
Memory allocated:  235.03662109375
Memory cached:  410.0
	 epoch  50 training error:  tensor(0.4709, device='cuda:0', grad_fn=<DivBackward0>)
Memory status after this epoch: 
Memory allocated:  235.03662109375
Memory cached:  414.0
	 epoch  60 training error:  tensor(0.4735, device='cuda:0', grad_fn=<DivBackward0>)
Memory status after this epoch: 
Memory allocated:  235.03662109375
Memory cached:  412.0
	 epoch  70 training error:  tensor(0.4625, device='cuda:0', grad_fn=<DivBackward0>)
Memory status after this epoch: 
Memory allocated:  235.03662109375
Memory cached:  416.0
	 epoch  80 training error:  tensor(0.4562, device='cuda:0', grad_fn=<DivBackward0>)
Memory status after this epoch: 
Memory allocated:  235.03662109375
Memory cached:  414.0
	 epoch  90 training error:  tensor(0.3931, device='cuda:0', grad_fn=<DivBackward0>)
Memory status after this epoch: 
Memory allocated:  235.03662109375
Memory cached:  412.0
