[I 2023-12-06 11:43:10,437] Trial 74 finished with value: 0.20928917825222015 and parameters: {'W_layers': 7, 'W_layer_units_exponent_0': 8, 'W_layer_units_exponent_1': 5, 'W_layer_units_exponent_2': 4, 'W_layer_units_exponent_3': 5, 'W_layer_units_exponent_4': 6, 'W_layer_units_exponent_5': 10, 'W_layer_units_exponent_6': 7, 'D_layers': 3, 'D_layer_units_exponent_0': 9, 'D_layer_units_exponent_1': 9, 'D_layer_units_exponent_2': 4, 'log_learning_rate': -3.172921507838367, 'log_learning_rate_D': -2.2432703617212866, 'training_batch_size': 6, 'training_p': 3}. Best is trial 5 with value: 0.1626095026731491.
Time for this trial:  80.27609300613403
Memory status after this trial: 
Memory allocated:  168.99267578125
Memory cached:  174.0
--------------------  Trial  75   --------------------
Start timing: 
Parameters: 
{'W_layers': 6, 'W_layer_units_exponent_0': 7, 'W_layer_units_exponent_1': 5, 'W_layer_units_exponent_2': 7, 'W_layer_units_exponent_3': 7, 'W_layer_units_exponent_4': 4, 'W_layer_units_exponent_5': 6, 'D_layers': 5, 'D_layer_units_exponent_0': 4, 'D_layer_units_exponent_1': 10, 'D_layer_units_exponent_2': 5, 'D_layer_units_exponent_3': 8, 'D_layer_units_exponent_4': 10, 'log_learning_rate': -2.8266146407428803, 'log_learning_rate_D': -1.018823091298524, 'training_batch_size': 9, 'training_p': 3}
	 epoch  0 training error:  tensor(0.7128, device='cuda:0', grad_fn=<DivBackward0>)
Memory status after this epoch: 
Memory allocated:  111.35107421875
Memory cached:  160.0
[W 2023-12-06 11:43:12,435] Trial 75 failed with parameters: {'W_layers': 6, 'W_layer_units_exponent_0': 7, 'W_layer_units_exponent_1': 5, 'W_layer_units_exponent_2': 7, 'W_layer_units_exponent_3': 7, 'W_layer_units_exponent_4': 4, 'W_layer_units_exponent_5': 6, 'D_layers': 5, 'D_layer_units_exponent_0': 4, 'D_layer_units_exponent_1': 10, 'D_layer_units_exponent_2': 5, 'D_layer_units_exponent_3': 8, 'D_layer_units_exponent_4': 10, 'log_learning_rate': -2.8266146407428803, 'log_learning_rate_D': -1.018823091298524, 'training_batch_size': 9, 'training_p': 3} because of the following error: The value nan is not acceptable.
[W 2023-12-06 11:43:12,436] Trial 75 failed with value tensor(nan, device='cuda:0', grad_fn=<DivBackward0>).
Time for this trial:  1.8148245811462402
Memory status after this trial: 
Memory allocated:  173.546875
Memory cached:  178.0
--------------------  Trial  76   --------------------
Start timing: 
Parameters: 
{'W_layers': 6, 'W_layer_units_exponent_0': 7, 'W_layer_units_exponent_1': 5, 'W_layer_units_exponent_2': 7, 'W_layer_units_exponent_3': 7, 'W_layer_units_exponent_4': 4, 'W_layer_units_exponent_5': 6, 'D_layers': 5, 'D_layer_units_exponent_0': 10, 'D_layer_units_exponent_1': 10, 'D_layer_units_exponent_2': 5, 'D_layer_units_exponent_3': 8, 'D_layer_units_exponent_4': 10, 'log_learning_rate': -2.8088088834402574, 'log_learning_rate_D': -1.0162964944372779, 'training_batch_size': 9, 'training_p': 3}
	 epoch  0 training error:  tensor(0.9534, device='cuda:0', grad_fn=<DivBackward0>)
Memory status after this epoch: 
Memory allocated:  127.15966796875
Memory cached:  180.0
[W 2023-12-06 11:43:14,694] Trial 76 failed with parameters: {'W_layers': 6, 'W_layer_units_exponent_0': 7, 'W_layer_units_exponent_1': 5, 'W_layer_units_exponent_2': 7, 'W_layer_units_exponent_3': 7, 'W_layer_units_exponent_4': 4, 'W_layer_units_exponent_5': 6, 'D_layers': 5, 'D_layer_units_exponent_0': 10, 'D_layer_units_exponent_1': 10, 'D_layer_units_exponent_2': 5, 'D_layer_units_exponent_3': 8, 'D_layer_units_exponent_4': 10, 'log_learning_rate': -2.8088088834402574, 'log_learning_rate_D': -1.0162964944372779, 'training_batch_size': 9, 'training_p': 3} because of the following error: The value nan is not acceptable.
[W 2023-12-06 11:43:14,695] Trial 76 failed with value tensor(nan, device='cuda:0', grad_fn=<DivBackward0>).
Time for this trial:  2.0597662925720215
Memory status after this trial: 
Memory allocated:  204.21923828125
Memory cached:  220.0
--------------------  Trial  77   --------------------
Start timing: 
Parameters: 
{'W_layers': 6, 'W_layer_units_exponent_0': 9, 'W_layer_units_exponent_1': 5, 'W_layer_units_exponent_2': 7, 'W_layer_units_exponent_3': 7, 'W_layer_units_exponent_4': 4, 'W_layer_units_exponent_5': 6, 'D_layers': 5, 'D_layer_units_exponent_0': 4, 'D_layer_units_exponent_1': 10, 'D_layer_units_exponent_2': 5, 'D_layer_units_exponent_3': 8, 'D_layer_units_exponent_4': 10, 'log_learning_rate': -2.8128466625294757, 'log_learning_rate_D': -1.2326044556814943, 'training_batch_size': 9, 'training_p': 3}
	 epoch  0 training error:  tensor(1.3775, device='cuda:0', grad_fn=<DivBackward0>)
Memory status after this epoch: 
Memory allocated:  111.56201171875
Memory cached:  160.0
[W 2023-12-06 11:43:16,886] Trial 77 failed with parameters: {'W_layers': 6, 'W_layer_units_exponent_0': 9, 'W_layer_units_exponent_1': 5, 'W_layer_units_exponent_2': 7, 'W_layer_units_exponent_3': 7, 'W_layer_units_exponent_4': 4, 'W_layer_units_exponent_5': 6, 'D_layers': 5, 'D_layer_units_exponent_0': 4, 'D_layer_units_exponent_1': 10, 'D_layer_units_exponent_2': 5, 'D_layer_units_exponent_3': 8, 'D_layer_units_exponent_4': 10, 'log_learning_rate': -2.8128466625294757, 'log_learning_rate_D': -1.2326044556814943, 'training_batch_size': 9, 'training_p': 3} because of the following error: The value nan is not acceptable.
[W 2023-12-06 11:43:16,887] Trial 77 failed with value tensor(nan, device='cuda:0', grad_fn=<DivBackward0>).
Time for this trial:  1.9934020042419434
Memory status after this trial: 
Memory allocated:  182.44140625
Memory cached:  186.0
--------------------  Trial  78   --------------------
Start timing: 
Parameters: 
{'W_layers': 6, 'W_layer_units_exponent_0': 7, 'W_layer_units_exponent_1': 5, 'W_layer_units_exponent_2': 7, 'W_layer_units_exponent_3': 7, 'W_layer_units_exponent_4': 4, 'W_layer_units_exponent_5': 6, 'D_layers': 5, 'D_layer_units_exponent_0': 4, 'D_layer_units_exponent_1': 10, 'D_layer_units_exponent_2': 5, 'D_layer_units_exponent_3': 8, 'D_layer_units_exponent_4': 10, 'log_learning_rate': -2.84692993446805, 'log_learning_rate_D': -1.1225886624942834, 'training_batch_size': 9, 'training_p': 3}
	 epoch  0 training error:  tensor(0.9498, device='cuda:0', grad_fn=<DivBackward0>)
Memory status after this epoch: 
Memory allocated:  111.35107421875
Memory cached:  160.0
[W 2023-12-06 11:43:18,878] Trial 78 failed with parameters: {'W_layers': 6, 'W_layer_units_exponent_0': 7, 'W_layer_units_exponent_1': 5, 'W_layer_units_exponent_2': 7, 'W_layer_units_exponent_3': 7, 'W_layer_units_exponent_4': 4, 'W_layer_units_exponent_5': 6, 'D_layers': 5, 'D_layer_units_exponent_0': 4, 'D_layer_units_exponent_1': 10, 'D_layer_units_exponent_2': 5, 'D_layer_units_exponent_3': 8, 'D_layer_units_exponent_4': 10, 'log_learning_rate': -2.84692993446805, 'log_learning_rate_D': -1.1225886624942834, 'training_batch_size': 9, 'training_p': 3} because of the following error: The value nan is not acceptable.
[W 2023-12-06 11:43:18,879] Trial 78 failed with value tensor(nan, device='cuda:0', grad_fn=<DivBackward0>).
Time for this trial:  1.808422565460205
Memory status after this trial: 
Memory allocated:  173.546875
Memory cached:  178.0
--------------------  Trial  79   --------------------
Start timing: 
Parameters: 
{'W_layers': 6, 'W_layer_units_exponent_0': 7, 'W_layer_units_exponent_1': 5, 'W_layer_units_exponent_2': 7, 'W_layer_units_exponent_3': 7, 'W_layer_units_exponent_4': 4, 'W_layer_units_exponent_5': 6, 'D_layers': 5, 'D_layer_units_exponent_0': 4, 'D_layer_units_exponent_1': 10, 'D_layer_units_exponent_2': 5, 'D_layer_units_exponent_3': 8, 'D_layer_units_exponent_4': 10, 'log_learning_rate': -2.8638430334512175, 'log_learning_rate_D': -1.0262483592281537, 'training_batch_size': 9, 'training_p': 3}
	 epoch  0 training error:  tensor(1.0390, device='cuda:0', grad_fn=<DivBackward0>)
Memory status after this epoch: 
Memory allocated:  111.35107421875
Memory cached:  160.0
[W 2023-12-06 11:43:20,992] Trial 79 failed with parameters: {'W_layers': 6, 'W_layer_units_exponent_0': 7, 'W_layer_units_exponent_1': 5, 'W_layer_units_exponent_2': 7, 'W_layer_units_exponent_3': 7, 'W_layer_units_exponent_4': 4, 'W_layer_units_exponent_5': 6, 'D_layers': 5, 'D_layer_units_exponent_0': 4, 'D_layer_units_exponent_1': 10, 'D_layer_units_exponent_2': 5, 'D_layer_units_exponent_3': 8, 'D_layer_units_exponent_4': 10, 'log_learning_rate': -2.8638430334512175, 'log_learning_rate_D': -1.0262483592281537, 'training_batch_size': 9, 'training_p': 3} because of the following error: The value nan is not acceptable.
[W 2023-12-06 11:43:20,993] Trial 79 failed with value tensor(nan, device='cuda:0', grad_fn=<DivBackward0>).
Time for this trial:  1.9284038543701172
Memory status after this trial: 
Memory allocated:  173.546875
Memory cached:  178.0
--------------------  Trial  80   --------------------
Start timing: 
Parameters: 
{'W_layers': 6, 'W_layer_units_exponent_0': 7, 'W_layer_units_exponent_1': 5, 'W_layer_units_exponent_2': 7, 'W_layer_units_exponent_3': 7, 'W_layer_units_exponent_4': 4, 'W_layer_units_exponent_5': 6, 'D_layers': 5, 'D_layer_units_exponent_0': 10, 'D_layer_units_exponent_1': 10, 'D_layer_units_exponent_2': 5, 'D_layer_units_exponent_3': 8, 'D_layer_units_exponent_4': 10, 'log_learning_rate': -2.8190105721041867, 'log_learning_rate_D': -1.073193064260242, 'training_batch_size': 9, 'training_p': 3}
	 epoch  0 training error:  tensor(1.0142, device='cuda:0', grad_fn=<DivBackward0>)
Memory status after this epoch: 
Memory allocated:  127.15966796875
Memory cached:  180.0
[W 2023-12-06 11:43:23,083] Trial 80 failed with parameters: {'W_layers': 6, 'W_layer_units_exponent_0': 7, 'W_layer_units_exponent_1': 5, 'W_layer_units_exponent_2': 7, 'W_layer_units_exponent_3': 7, 'W_layer_units_exponent_4': 4, 'W_layer_units_exponent_5': 6, 'D_layers': 5, 'D_layer_units_exponent_0': 10, 'D_layer_units_exponent_1': 10, 'D_layer_units_exponent_2': 5, 'D_layer_units_exponent_3': 8, 'D_layer_units_exponent_4': 10, 'log_learning_rate': -2.8190105721041867, 'log_learning_rate_D': -1.073193064260242, 'training_batch_size': 9, 'training_p': 3} because of the following error: The value nan is not acceptable.
[W 2023-12-06 11:43:23,084] Trial 80 failed with value tensor(nan, device='cuda:0', grad_fn=<DivBackward0>).
Time for this trial:  1.8959968090057373
Memory status after this trial: 
Memory allocated:  204.21923828125
Memory cached:  220.0
--------------------  Trial  81   --------------------
Start timing: 
Parameters: 
{'W_layers': 6, 'W_layer_units_exponent_0': 7, 'W_layer_units_exponent_1': 5, 'W_layer_units_exponent_2': 7, 'W_layer_units_exponent_3': 7, 'W_layer_units_exponent_4': 4, 'W_layer_units_exponent_5': 6, 'D_layers': 5, 'D_layer_units_exponent_0': 10, 'D_layer_units_exponent_1': 10, 'D_layer_units_exponent_2': 5, 'D_layer_units_exponent_3': 8, 'D_layer_units_exponent_4': 10, 'log_learning_rate': -2.8959985448154946, 'log_learning_rate_D': -1.1330780986467557, 'training_batch_size': 9, 'training_p': 3}
	 epoch  0 training error:  tensor(0.8249, device='cuda:0', grad_fn=<DivBackward0>)
Memory status after this epoch: 
Memory allocated:  127.15966796875
Memory cached:  180.0
[W 2023-12-06 11:43:25,260] Trial 81 failed with parameters: {'W_layers': 6, 'W_layer_units_exponent_0': 7, 'W_layer_units_exponent_1': 5, 'W_layer_units_exponent_2': 7, 'W_layer_units_exponent_3': 7, 'W_layer_units_exponent_4': 4, 'W_layer_units_exponent_5': 6, 'D_layers': 5, 'D_layer_units_exponent_0': 10, 'D_layer_units_exponent_1': 10, 'D_layer_units_exponent_2': 5, 'D_layer_units_exponent_3': 8, 'D_layer_units_exponent_4': 10, 'log_learning_rate': -2.8959985448154946, 'log_learning_rate_D': -1.1330780986467557, 'training_batch_size': 9, 'training_p': 3} because of the following error: The value nan is not acceptable.
[W 2023-12-06 11:43:25,261] Trial 81 failed with value tensor(nan, device='cuda:0', grad_fn=<DivBackward0>).
Time for this trial:  1.9821021556854248
Memory status after this trial: 
Memory allocated:  204.21923828125
Memory cached:  220.0
--------------------  Trial  82   --------------------
Start timing: 
Parameters: 
{'W_layers': 6, 'W_layer_units_exponent_0': 7, 'W_layer_units_exponent_1': 5, 'W_layer_units_exponent_2': 7, 'W_layer_units_exponent_3': 7, 'W_layer_units_exponent_4': 4, 'W_layer_units_exponent_5': 6, 'D_layers': 5, 'D_layer_units_exponent_0': 4, 'D_layer_units_exponent_1': 10, 'D_layer_units_exponent_2': 5, 'D_layer_units_exponent_3': 8, 'D_layer_units_exponent_4': 10, 'log_learning_rate': -3.4918224601857055, 'log_learning_rate_D': -1.0258941844988736, 'training_batch_size': 9, 'training_p': 3}
	 epoch  0 training error:  tensor(1.0729, device='cuda:0', grad_fn=<DivBackward0>)
Memory status after this epoch: 
Memory allocated:  111.35107421875
Memory cached:  160.0
[W 2023-12-06 11:43:27,335] Trial 82 failed with parameters: {'W_layers': 6, 'W_layer_units_exponent_0': 7, 'W_layer_units_exponent_1': 5, 'W_layer_units_exponent_2': 7, 'W_layer_units_exponent_3': 7, 'W_layer_units_exponent_4': 4, 'W_layer_units_exponent_5': 6, 'D_layers': 5, 'D_layer_units_exponent_0': 4, 'D_layer_units_exponent_1': 10, 'D_layer_units_exponent_2': 5, 'D_layer_units_exponent_3': 8, 'D_layer_units_exponent_4': 10, 'log_learning_rate': -3.4918224601857055, 'log_learning_rate_D': -1.0258941844988736, 'training_batch_size': 9, 'training_p': 3} because of the following error: The value nan is not acceptable.
[W 2023-12-06 11:43:27,337] Trial 82 failed with value tensor(nan, device='cuda:0', grad_fn=<DivBackward0>).
Time for this trial:  1.8857829570770264
Memory status after this trial: 
Memory allocated:  173.546875
Memory cached:  178.0
--------------------  Trial  83   --------------------
Start timing: 
Parameters: 
{'W_layers': 6, 'W_layer_units_exponent_0': 7, 'W_layer_units_exponent_1': 5, 'W_layer_units_exponent_2': 7, 'W_layer_units_exponent_3': 7, 'W_layer_units_exponent_4': 4, 'W_layer_units_exponent_5': 6, 'D_layers': 5, 'D_layer_units_exponent_0': 4, 'D_layer_units_exponent_1': 10, 'D_layer_units_exponent_2': 5, 'D_layer_units_exponent_3': 8, 'D_layer_units_exponent_4': 10, 'log_learning_rate': -2.8865023213714442, 'log_learning_rate_D': -1.0168825628081846, 'training_batch_size': 9, 'training_p': 3}
	 epoch  0 training error:  tensor(1.0482, device='cuda:0', grad_fn=<DivBackward0>)
Memory status after this epoch: 
Memory allocated:  111.35107421875
Memory cached:  160.0
[W 2023-12-06 11:43:29,355] Trial 83 failed with parameters: {'W_layers': 6, 'W_layer_units_exponent_0': 7, 'W_layer_units_exponent_1': 5, 'W_layer_units_exponent_2': 7, 'W_layer_units_exponent_3': 7, 'W_layer_units_exponent_4': 4, 'W_layer_units_exponent_5': 6, 'D_layers': 5, 'D_layer_units_exponent_0': 4, 'D_layer_units_exponent_1': 10, 'D_layer_units_exponent_2': 5, 'D_layer_units_exponent_3': 8, 'D_layer_units_exponent_4': 10, 'log_learning_rate': -2.8865023213714442, 'log_learning_rate_D': -1.0168825628081846, 'training_batch_size': 9, 'training_p': 3} because of the following error: The value nan is not acceptable.
[W 2023-12-06 11:43:29,356] Trial 83 failed with value tensor(nan, device='cuda:0', grad_fn=<DivBackward0>).
Time for this trial:  1.8532028198242188
Memory status after this trial: 
Memory allocated:  173.546875
Memory cached:  178.0
--------------------  Trial  84   --------------------
Start timing: 
Parameters: 
{'W_layers': 6, 'W_layer_units_exponent_0': 7, 'W_layer_units_exponent_1': 5, 'W_layer_units_exponent_2': 7, 'W_layer_units_exponent_3': 7, 'W_layer_units_exponent_4': 4, 'W_layer_units_exponent_5': 6, 'D_layers': 5, 'D_layer_units_exponent_0': 4, 'D_layer_units_exponent_1': 10, 'D_layer_units_exponent_2': 5, 'D_layer_units_exponent_3': 8, 'D_layer_units_exponent_4': 10, 'log_learning_rate': -2.9891050038995246, 'log_learning_rate_D': -1.0279304606805577, 'training_batch_size': 9, 'training_p': 3}
	 epoch  0 training error:  tensor(1.1506, device='cuda:0', grad_fn=<DivBackward0>)
Memory status after this epoch: 
Memory allocated:  111.35107421875
Memory cached:  160.0
[W 2023-12-06 11:43:31,448] Trial 84 failed with parameters: {'W_layers': 6, 'W_layer_units_exponent_0': 7, 'W_layer_units_exponent_1': 5, 'W_layer_units_exponent_2': 7, 'W_layer_units_exponent_3': 7, 'W_layer_units_exponent_4': 4, 'W_layer_units_exponent_5': 6, 'D_layers': 5, 'D_layer_units_exponent_0': 4, 'D_layer_units_exponent_1': 10, 'D_layer_units_exponent_2': 5, 'D_layer_units_exponent_3': 8, 'D_layer_units_exponent_4': 10, 'log_learning_rate': -2.9891050038995246, 'log_learning_rate_D': -1.0279304606805577, 'training_batch_size': 9, 'training_p': 3} because of the following error: The value nan is not acceptable.
[W 2023-12-06 11:43:31,449] Trial 84 failed with value tensor(nan, device='cuda:0', grad_fn=<DivBackward0>).
Time for this trial:  1.9052414894104004
Memory status after this trial: 
Memory allocated:  173.546875
Memory cached:  178.0
--------------------  Trial  85   --------------------
Start timing: 
Parameters: 
{'W_layers': 6, 'W_layer_units_exponent_0': 7, 'W_layer_units_exponent_1': 5, 'W_layer_units_exponent_2': 7, 'W_layer_units_exponent_3': 7, 'W_layer_units_exponent_4': 4, 'W_layer_units_exponent_5': 6, 'D_layers': 5, 'D_layer_units_exponent_0': 4, 'D_layer_units_exponent_1': 10, 'D_layer_units_exponent_2': 5, 'D_layer_units_exponent_3': 8, 'D_layer_units_exponent_4': 10, 'log_learning_rate': -3.0055539963358, 'log_learning_rate_D': -1.2385637191847858, 'training_batch_size': 9, 'training_p': 3}
	 epoch  0 training error:  tensor(0.9843, device='cuda:0', grad_fn=<DivBackward0>)
Memory status after this epoch: 
Memory allocated:  111.35107421875
Memory cached:  160.0
[W 2023-12-06 11:43:34,463] Trial 85 failed with parameters: {'W_layers': 6, 'W_layer_units_exponent_0': 7, 'W_layer_units_exponent_1': 5, 'W_layer_units_exponent_2': 7, 'W_layer_units_exponent_3': 7, 'W_layer_units_exponent_4': 4, 'W_layer_units_exponent_5': 6, 'D_layers': 5, 'D_layer_units_exponent_0': 4, 'D_layer_units_exponent_1': 10, 'D_layer_units_exponent_2': 5, 'D_layer_units_exponent_3': 8, 'D_layer_units_exponent_4': 10, 'log_learning_rate': -3.0055539963358, 'log_learning_rate_D': -1.2385637191847858, 'training_batch_size': 9, 'training_p': 3} because of the following error: The value nan is not acceptable.
[W 2023-12-06 11:43:34,464] Trial 85 failed with value tensor(nan, device='cuda:0', grad_fn=<DivBackward0>).
Time for this trial:  2.8460614681243896
Memory status after this trial: 
Memory allocated:  173.546875
Memory cached:  178.0
--------------------  Trial  86   --------------------
Start timing: 
Parameters: 
{'W_layers': 6, 'W_layer_units_exponent_0': 7, 'W_layer_units_exponent_1': 5, 'W_layer_units_exponent_2': 7, 'W_layer_units_exponent_3': 7, 'W_layer_units_exponent_4': 4, 'W_layer_units_exponent_5': 6, 'D_layers': 5, 'D_layer_units_exponent_0': 4, 'D_layer_units_exponent_1': 10, 'D_layer_units_exponent_2': 5, 'D_layer_units_exponent_3': 8, 'D_layer_units_exponent_4': 10, 'log_learning_rate': -2.7723070739147793, 'log_learning_rate_D': -1.1902936824914119, 'training_batch_size': 9, 'training_p': 3}
	 epoch  0 training error:  tensor(0.8629, device='cuda:0', grad_fn=<DivBackward0>)
Memory status after this epoch: 
Memory allocated:  111.35107421875
Memory cached:  160.0
[W 2023-12-06 11:43:36,499] Trial 86 failed with parameters: {'W_layers': 6, 'W_layer_units_exponent_0': 7, 'W_layer_units_exponent_1': 5, 'W_layer_units_exponent_2': 7, 'W_layer_units_exponent_3': 7, 'W_layer_units_exponent_4': 4, 'W_layer_units_exponent_5': 6, 'D_layers': 5, 'D_layer_units_exponent_0': 4, 'D_layer_units_exponent_1': 10, 'D_layer_units_exponent_2': 5, 'D_layer_units_exponent_3': 8, 'D_layer_units_exponent_4': 10, 'log_learning_rate': -2.7723070739147793, 'log_learning_rate_D': -1.1902936824914119, 'training_batch_size': 9, 'training_p': 3} because of the following error: The value nan is not acceptable.
[W 2023-12-06 11:43:36,500] Trial 86 failed with value tensor(nan, device='cuda:0', grad_fn=<DivBackward0>).
Time for this trial:  1.8424131870269775
Memory status after this trial: 
Memory allocated:  173.546875
Memory cached:  178.0
--------------------  Trial  87   --------------------
Start timing: 
Parameters: 
{'W_layers': 6, 'W_layer_units_exponent_0': 7, 'W_layer_units_exponent_1': 5, 'W_layer_units_exponent_2': 7, 'W_layer_units_exponent_3': 7, 'W_layer_units_exponent_4': 4, 'W_layer_units_exponent_5': 6, 'D_layers': 5, 'D_layer_units_exponent_0': 10, 'D_layer_units_exponent_1': 10, 'D_layer_units_exponent_2': 5, 'D_layer_units_exponent_3': 8, 'D_layer_units_exponent_4': 10, 'log_learning_rate': -2.7273781549504443, 'log_learning_rate_D': -1.1469044070089516, 'training_batch_size': 9, 'training_p': 3}
	 epoch  0 training error:  tensor(0.7183, device='cuda:0', grad_fn=<DivBackward0>)
Memory status after this epoch: 
Memory allocated:  127.15966796875
Memory cached:  180.0
[W 2023-12-06 11:43:38,642] Trial 87 failed with parameters: {'W_layers': 6, 'W_layer_units_exponent_0': 7, 'W_layer_units_exponent_1': 5, 'W_layer_units_exponent_2': 7, 'W_layer_units_exponent_3': 7, 'W_layer_units_exponent_4': 4, 'W_layer_units_exponent_5': 6, 'D_layers': 5, 'D_layer_units_exponent_0': 10, 'D_layer_units_exponent_1': 10, 'D_layer_units_exponent_2': 5, 'D_layer_units_exponent_3': 8, 'D_layer_units_exponent_4': 10, 'log_learning_rate': -2.7273781549504443, 'log_learning_rate_D': -1.1469044070089516, 'training_batch_size': 9, 'training_p': 3} because of the following error: The value nan is not acceptable.
[W 2023-12-06 11:43:38,643] Trial 87 failed with value tensor(nan, device='cuda:0', grad_fn=<DivBackward0>).
Time for this trial:  1.954308032989502
Memory status after this trial: 
Memory allocated:  204.21923828125
Memory cached:  220.0
--------------------  Trial  88   --------------------
Start timing: 
Parameters: 
{'W_layers': 6, 'W_layer_units_exponent_0': 7, '