[I 2024-01-13 06:41:25,447] Trial 137 finished with value: 0.2199944257736206 and parameters: {'W_layers': 2, 'W_layer_units_exponent_0': 8, 'W_layer_units_exponent_1': 4, 'D_layers': 5, 'D_layer_units_exponent_0': 5, 'D_layer_units_exponent_1': 4, 'D_layer_units_exponent_2': 9, 'D_layer_units_exponent_3': 10, 'D_layer_units_exponent_4': 5, 'D_dagger_layers': 6, 'D_dagger_layer_units_exponent_0': 6, 'D_dagger_layer_units_exponent_1': 9, 'D_dagger_layer_units_exponent_2': 5, 'D_dagger_layer_units_exponent_3': 5, 'D_dagger_layer_units_exponent_4': 6, 'D_dagger_layer_units_exponent_5': 7, 'log_learning_rate': -4.500768826704645, 'log_learning_rate_D': -3.2180075139537663, 'log_learning_rate_D_dagger': -2.4058358041301537, 'training_batch_size': 6, 'training_p': 8}. Best is trial 113 with value: 0.08055218309164047.
Time for this trial:  455.8312017917633
Memory status after this trial: 
Memory allocated:  542.0263671875
Memory cached:  560.0
--------------------  Trial  138   --------------------
Start timing: 
Parameters: 
{'W_layers': 2, 'W_layer_units_exponent_0': 7, 'W_layer_units_exponent_1': 4, 'D_layers': 4, 'D_layer_units_exponent_0': 5, 'D_layer_units_exponent_1': 4, 'D_layer_units_exponent_2': 10, 'D_layer_units_exponent_3': 10, 'D_dagger_layers': 7, 'D_dagger_layer_units_exponent_0': 9, 'D_dagger_layer_units_exponent_1': 6, 'D_dagger_layer_units_exponent_2': 5, 'D_dagger_layer_units_exponent_3': 6, 'D_dagger_layer_units_exponent_4': 8, 'D_dagger_layer_units_exponent_5': 7, 'D_dagger_layer_units_exponent_6': 8, 'log_learning_rate': -4.703027423678447, 'log_learning_rate_D': -2.6368293686577617, 'log_learning_rate_D_dagger': -2.8147823070178895, 'training_batch_size': 6, 'training_p': 8}
	 epoch  0 training error:  tensor(1.0585, device='cuda:0', grad_fn=<DivBackward0>)
Memory status after this epoch: 
Memory allocated:  268.92724609375
Memory cached:  490.0
	 epoch  10 training error:  tensor(0.5529, device='cuda:0', grad_fn=<DivBackward0>)
Memory status after this epoch: 
Memory allocated:  268.92724609375
Memory cached:  508.0
	 epoch  20 training error:  tensor(0.5346, device='cuda:0', grad_fn=<DivBackward0>)
Memory status after this epoch: 
Memory allocated:  268.92724609375
Memory cached:  508.0
	 epoch  30 training error:  tensor(0.5617, device='cuda:0', grad_fn=<DivBackward0>)
Memory status after this epoch: 
Memory allocated:  268.92724609375
Memory cached:  504.0
	 epoch  40 training error:  tensor(0.5341, device='cuda:0', grad_fn=<DivBackward0>)
Memory status after this epoch: 
Memory allocated:  268.92724609375
Memory cached:  520.0
	 epoch  50 training error:  tensor(0.5321, device='cuda:0', grad_fn=<DivBackward0>)
Memory status after this epoch: 
Memory allocated:  268.92724609375
Memory cached:  504.0
	 epoch  60 training error:  tensor(0.5441, device='cuda:0', grad_fn=<DivBackward0>)
Memory status after this epoch: 
Memory allocated:  268.92724609375
Memory cached:  500.0
	 epoch  70 training error:  tensor(0.4985, device='cuda:0', grad_fn=<DivBackward0>)
Memory status after this epoch: 
Memory allocated:  268.92724609375
Memory cached:  512.0
	 epoch  80 training error:  tensor(0.4838, device='cuda:0', grad_fn=<DivBackward0>)
Memory status after this epoch: 
Memory allocated:  268.92724609375
Memory cached:  518.0
	 epoch  90 training error:  tensor(0.2887, device='cuda:0', grad_fn=<DivBackward0>)
Memory status after this epoch: 
Memory allocated:  268.92724609375
Memory cached:  510.0
[I 2024-01-13 06:49:07,040] Trial 138 finished with value: 0.15547947585582733 and parameters: {'W_layers': 2, 'W_layer_units_exponent_0': 7, 'W_layer_units_exponent_1': 4, 'D_layers': 4, 'D_layer_units_exponent_0': 5, 'D_layer_units_exponent_1': 4, 'D_layer_units_exponent_2': 10, 'D_layer_units_exponent_3': 10, 'D_dagger_layers': 7, 'D_dagger_layer_units_exponent_0': 9, 'D_dagger_layer_units_exponent_1': 6, 'D_dagger_layer_units_exponent_2': 5, 'D_dagger_layer_units_exponent_3': 6, 'D_dagger_layer_units_exponent_4': 8, 'D_dagger_layer_units_exponent_5': 7, 'D_dagger_layer_units_exponent_6': 8, 'log_learning_rate': -4.703027423678447, 'log_learning_rate_D': -2.6368293686577617, 'log_learning_rate_D_dagger': -2.8147823070178895, 'training_batch_size': 6, 'training_p': 8}. Best is trial 113 with value: 0.08055218309164047.
Time for this trial:  461.00475311279297
Memory status after this trial: 
Memory allocated:  617.703125
Memory cached:  632.0
--------------------  Trial  139   --------------------
Start timing: 
Parameters: 
{'W_layers': 3, 'W_layer_units_exponent_0': 8, 'W_layer_units_exponent_1': 5, 'W_layer_units_exponent_2': 9, 'D_layers': 5, 'D_layer_units_exponent_0': 5, 'D_layer_units_exponent_1': 4, 'D_layer_units_exponent_2': 8, 'D_layer_units_exponent_3': 9, 'D_layer_units_exponent_4': 8, 'D_dagger_layers': 8, 'D_dagger_layer_units_exponent_0': 9, 'D_dagger_layer_units_exponent_1': 8, 'D_dagger_layer_units_exponent_2': 9, 'D_dagger_layer_units_exponent_3': 7, 'D_dagger_layer_units_exponent_4': 5, 'D_dagger_layer_units_exponent_5': 9, 'D_dagger_layer_units_exponent_6': 8, 'D_dagger_layer_units_exponent_7': 6, 'log_learning_rate': -4.050163419650509, 'log_learning_rate_D': -2.54295597933604, 'log_learning_rate_D_dagger': -3.045973737622861, 'training_batch_size': 7, 'training_p': 8}
	 epoch  0 training error:  tensor(0.9451, device='cuda:0', grad_fn=<DivBackward0>)
Memory status after this epoch: 
Memory allocated:  262.78564453125
Memory cached:  460.0
	 epoch  10 training error:  tensor(0.5982, device='cuda:0', grad_fn=<DivBackward0>)
Memory status after this epoch: 
Memory allocated:  262.78564453125
Memory cached:  464.0
	 epoch  20 training error:  tensor(0.5500, device='cuda:0', grad_fn=<DivBackward0>)
Memory status after this epoch: 
Memory allocated:  262.78564453125
Memory cached:  466.0
	 epoch  30 training error:  tensor(0.5443, device='cuda:0', grad_fn=<DivBackward0>)
Memory status after this epoch: 
Memory allocated:  262.78564453125
Memory cached:  464.0
	 epoch  40 training error:  tensor(0.5463, device='cuda:0', grad_fn=<DivBackward0>)
Memory status after this epoch: 
Memory allocated:  262.78564453125
Memory cached:  466.0
	 epoch  50 training error:  tensor(0.5511, device='cuda:0', grad_fn=<DivBackward0>)
Memory status after this epoch: 
Memory allocated:  262.78564453125
Memory cached:  462.0
	 epoch  60 training error:  tensor(0.5516, device='cuda:0', grad_fn=<DivBackward0>)
Memory status after this epoch: 
Memory allocated:  262.78564453125
Memory cached:  462.0
	 epoch  70 training error:  tensor(0.5367, device='cuda:0', grad_fn=<DivBackward0>)
Memory status after this epoch: 
Memory allocated:  262.78564453125
Memory cached:  464.0
	 epoch  80 training error:  tensor(0.5558, device='cuda:0', grad_fn=<DivBackward0>)
Memory status after this epoch: 
Memory allocated:  262.78564453125
Memory cached:  466.0
	 epoch  90 training error:  tensor(0.5291, device='cuda:0', grad_fn=<DivBackward0>)
Memory status after this epoch: 
Memory allocated:  262.78564453125
Memory cached:  462.0
[I 2024-01-13 06:55:43,530] Trial 139 finished with value: 0.4218207895755768 and parameters: {'W_layers': 3, 'W_layer_units_exponent_0': 8, 'W_layer_units_exponent_1': 5, 'W_layer_units_exponent_2': 9, 'D_layers': 5, 'D_layer_units_exponent_0': 5, 'D_layer_units_exponent_1': 4, 'D_layer_units_exponent_2': 8, 'D_layer_units_exponent_3': 9, 'D_layer_units_exponent_4': 8, 'D_dagger_layers': 8, 'D_dagger_layer_units_exponent_0': 9, 'D_dagger_layer_units_exponent_1': 8, 'D_dagger_layer_units_exponent_2': 9, 'D_dagger_layer_units_exponent_3': 7, 'D_dagger_layer_units_exponent_4': 5, 'D_dagger_layer_units_exponent_5': 9, 'D_dagger_layer_units_exponent_6': 8, 'D_dagger_layer_units_exponent_7': 6, 'log_learning_rate': -4.050163419650509, 'log_learning_rate_D': -2.54295597933604, 'log_learning_rate_D_dagger': -3.045973737622861, 'training_batch_size': 7, 'training_p': 8}. Best is trial 113 with value: 0.08055218309164047.
Time for this trial:  395.9567348957062
Memory status after this trial: 
Memory allocated:  685.896484375
Memory cached:  694.0
--------------------  Trial  140   --------------------
Start timing: 
Parameters: 
{'W_layers': 2, 'W_layer_units_exponent_0': 7, 'W_layer_units_exponent_1': 4, 'D_layers': 4, 'D_layer_units_exponent_0': 7, 'D_layer_units_exponent_1': 4, 'D_layer_units_exponent_2': 8, 'D_layer_units_exponent_3': 10, 'D_dagger_layers': 7, 'D_dagger_layer_units_exponent_0': 9, 'D_dagger_layer_units_exponent_1': 5, 'D_dagger_layer_units_exponent_2': 6, 'D_dagger_layer_units_exponent_3': 6, 'D_dagger_layer_units_exponent_4': 7, 'D_dagger_layer_units_exponent_5': 6, 'D_dagger_layer_units_exponent_6': 7, 'log_learning_rate': -3.906889395826176, 'log_learning_rate_D': -2.6961650076425294, 'log_learning_rate_D_dagger': -2.8582393627705964, 'training_batch_size': 6, 'training_p': 8}
	 epoch  0 training error:  tensor(0.9765, device='cuda:0', grad_fn=<DivBackward0>)
Memory status after this epoch: 
Memory allocated:  255.65185546875
Memory cached:  466.0
	 epoch  10 training error:  tensor(0.5632, device='cuda:0', grad_fn=<DivBackward0>)
Memory status after this epoch: 
Memory allocated:  255.65185546875
Memory cached:  472.0
	 epoch  20 training error:  tensor(0.5376, device='cuda:0', grad_fn=<DivBackward0>)
Memory status after this epoch: 
Memory allocated:  255.65185546875
Memory cached:  472.0
	 epoch  30 training error:  tensor(0.5442, device='cuda:0', grad_fn=<DivBackward0>)
Memory status after this epoch: 
Memory allocated:  255.65185546875
Memory cached:  482.0
	 epoch  40 training error:  tensor(0.5328, device='cuda:0', grad_fn=<DivBackward0>)
Memory status after this epoch: 
Memory allocated:  255.65185546875
Memory cached:  470.0
	 epoch  50 training error:  tensor(0.5266, device='cuda:0', grad_fn=<DivBackward0>)
Memory status after this epoch: 
Memory allocated:  255.65185546875
Memory cached:  476.0
	 epoch  60 training error:  tensor(0.5353, device='cuda:0', grad_fn=<DivBackward0>)
Memory status after this epoch: 
Memory allocated:  255.65185546875
Memory cached:  472.0
	 epoch  70 training error:  tensor(0.5149, device='cuda:0', grad_fn=<DivBackward0>)
Memory status after this epoch: 
Memory allocated:  255.65185546875
Memory cached:  474.0
	 epoch  80 training error:  tensor(0.6401, device='cuda:0', grad_fn=<DivBackward0>)
Memory status after this epoch: 
Memory allocated:  255.65185546875
Memory cached:  476.0
	 epoch  90 training error:  tensor(0.5465, device='cuda:0', grad_fn=<DivBackward0>)
Memory status after this epoch: 
Memory allocated:  255.65185546875
Memory cached:  480.0
[I 2024-01-13 07:03:17,745] Trial 140 finished with value: 0.2529238164424896 and parameters: {'W_layers': 2, 'W_layer_units_exponent_0': 7, 'W_layer_units_exponent_1': 4, 'D_layers': 4, 'D_layer_units_exponent_0': 7, 'D_layer_units_exponent_1': 4, 'D_layer_units_exponent_2': 8, 'D_layer_units_exponent_3': 10, 'D_dagger_layers': 7, 'D_dagger_layer_units_exponent_0': 9, 'D_dagger_layer_units_exponent_1': 5, 'D_dagger_layer_units_exponent_2': 6, 'D_dagger_layer_units_exponent_3': 6, 'D_dagger_layer_units_exponent_4': 7, 'D_dagger_layer_units_exponent_5': 6, 'D_dagger_layer_units_exponent_6': 7, 'log_learning_rate': -3.906889395826176, 'log_learning_rate_D': -2.6961650076425294, 'log_learning_rate_D_dagger': -2.8582393627705964, 'training_batch_size': 6, 'training_p': 8}. Best is trial 113 with value: 0.08055218309164047.
Time for this trial:  453.75900411605835
Memory status after this trial: 
Memory allocated:  507.779296875
Memory cached:  512.0
--------------------  Trial  141   --------------------
Start timing: 
Parameters: 
{'W_layers': 2, 'W_layer_units_exponent_0': 9, 'W_layer_units_exponent_1': 4, 'D_layers': 4, 'D_layer_units_exponent_0': 5, 'D_layer_units_exponent_1': 4, 'D_layer_units_exponent_2': 8, 'D_layer_units_exponent_3': 10, 'D_dagger_layers': 7, 'D_dagger_layer_units_exponent_0': 9, 'D_dagger_layer_units_exponent_1': 8, 'D_dagger_layer_units_exponent_2': 6, 'D_dagger_layer_units_exponent_3': 5, 'D_dagger_layer_units_exponent_4': 6, 'D_dagger_layer_units_exponent_5': 5, 'D_dagger_layer_units_exponent_6': 9, 'log_learning_rate': -4.551232965194798, 'log_learning_rate_D': -3.080715559242787, 'log_learning_rate_D_dagger': -3.084137604731491, 'training_batch_size': 6, 'training_p': 8}
	 epoch  0 training error:  tensor(1.0000, device='cuda:0', grad_fn=<DivBackward0>)
Memory status after this epoch: 
Memory allocated:  257.62255859375
Memory cached:  464.0
	 epoch  10 training error:  tensor(0.5414, device='cuda:0', grad_fn=<DivBackward0>)
Memory status after this epoch: 
Memory allocated:  257.62255859375
Memory cached:  476.0
	 epoch  20 training error:  tensor(0.5399, device='cuda:0', grad_fn=<DivBackward0>)
Memory status after this epoch: 
Memory allocated:  257.62255859375
Memory cached:  480.0
	 epoch  30 training error:  tensor(0.5370, device='cuda:0', grad_fn=<DivBackward0>)
Memory status after this epoch: 
Memory allocated:  257.62255859375
Memory cached:  474.0
	 epoch  40 training error:  tensor(0.5180, device='cuda:0', grad_fn=<DivBackward0>)
Memory status after this epoch: 
Memory allocated:  257.62255859375
Memory cached:  482.0
	 epoch  50 training error:  tensor(0.5254, device='cuda:0', grad_fn=<DivBackward0>)
Memory status after this epoch: 
Memory allocated:  257.62255859375
Memory cached:  478.0
	 epoch  60 training error:  tensor(0.6035, device='cuda:0', grad_fn=<DivBackward0>)
Memory status after this epoch: 
Memory allocated:  257.62255859375
Memory cached:  480.0
	 epoch  70 training error:  tensor(0.4902, device='cuda:0', grad_fn=<DivBackward0>)
Memory status after this epoch: 
Memory allocated:  257.62255859375
Memory cached:  476.0
	 epoch  80 training error:  tensor(0.3885, device='cuda:0', grad_fn=<DivBackward0>)
Memory status after this epoch: 
Memory allocated:  257.62255859375
Memory cached:  474.0
	 epoch  90 training error:  tensor(0.3064, device='cuda:0', grad_fn=<DivBackward0>)
Memory status after this epoch: 
Memory allocated:  257.62255859375
Memory cached:  478.0
[I 2024-01-13 07:10:59,498] Trial 141 finished with value: 0.11695025116205215 and parameters: {'W_layers': 2, 'W_layer_units_exponent_0': 9, 'W_layer_units_exponent_1': 4, 'D_layers': 4, 'D_layer_units_exponent_0': 5, 'D_layer_units_exponent_1': 4, 'D_layer_units_exponent_2': 8, 'D_layer_units_exponent_3': 10, 'D_dagger_layers': 7, 'D_dagger_layer_units_exponent_0': 9, 'D_dagger_layer_units_exponent_1': 8, 'D_dagger_layer_units_exponent_2': 6, 'D_dagger_layer_units_exponent_3': 5, 'D_dagger_layer_units_exponent_4': 6, 'D_dagger_layer_units_exponent_5': 5, 'D_dagger_layer_units_exponent_6': 9, 'log_learning_rate': -4.551232965194798, 'log_learning_rate_D': -3.080715559242787, 'log_learning_rate_D_dagger': -3.084137604731491, 'training_batch_size': 6, 'training_p': 8}. Best is trial 113 with value: 0.08055218309164047.
Time for this trial:  461.2911386489868
Memory status after this trial: 
Memory allocated:  585.0390625
Memory cached:  590.0
--------------------  Trial  142   --------------------
Start timing: 
Parameters: 
{'W_layers': 2, 'W_layer_units_exponent_0': 7, 'W_layer_units_exponent_1': 4, 'D_layers': 4, 'D_layer_units_exponent_0': 5, 'D_layer_units_exponent_1': 4, 'D_layer_units_exponent_2': 8, 'D_layer_units_exponent_3': 10, 'D_dagger_layers': 7, 'D_dagger_layer_units_exponent_0': 9, 'D_dagger_layer_units_exponent_1': 8, 'D_dagger_layer_units_exponent_2': 5, 'D_dagger_layer_units_exponent_3': 5, 'D_dagger_layer_units_exponent_4': 6, 'D_dagger_layer_units_exponent_5': 7, 'D_dagger_layer_units_exponent_6': 4, 'log_learning_rate': -4.432082926352992, 'log_learning_rate_D': -2.958233375175597, 'log_learning_rate_D_dagger': -2.9658658146075862, 'training_batch_size': 6, 'training_p': 8}
	 epoch  0 training error:  tensor(0.7841, device='cuda:0', grad_fn=<DivBackward0>)
Memory status after this epoch: 
Memory allocated:  257.23974609375
Memory cached:  468.0
	 epoch  10 training error:  tensor(0.5461, device='cuda:0', grad_fn=<DivBackward0>)
Memory status after this epoch: 
Memory allocated:  257.23974609375
Memory cached:  476.0
	 epoch  20 training error:  tensor(0.5352, device='cuda:0', grad_fn=<DivBackward0>)
Memory status after this epoch: 
Memory allocated:  257.23974609375
Memory cached:  476.0
	 epoch  30 training error:  tensor(0.5356, device='cuda:0', grad_fn=<DivBackward0>)
Memory status after this epoch: 
Memory allocated:  257.23974609375
Memory cached:  480.0
	 epoch  40 training error:  tensor(0.5266, device='cuda:0', grad_fn=<DivBackward0>)
Memory status after this epoch: 
Memory allocated:  257.23974609375
Memory cached:  476.0
	 epoch  50 training error:  tensor(0.3843, device='cuda:0', grad_fn=<DivBackward0>)
Memory status after this epoch: 
Memory allocated:  257.23974609375
Memory cached:  478.0
	 epoch  60 training error:  tensor(0.4713, device='cuda:0', grad_fn=<DivBackward0>)
Memory status after this epoch: 
Memory allocated:  257.23974609375
Memory cached:  482.0
	 epoch  70 training error:  tensor(0.2974, device='cuda:0', grad_fn=<DivBackward0>)
Memory status after this epoch: 
Memory allocated:  257.23974609375
Memory cached:  484.0
	 epoch  80 training error:  tensor(0.2434, device='cuda:0', grad_fn=<DivBackward0>)
Memory status after this epoch: 
Memory allocated:  257.23974609375
Memory cached:  480.0
	 epoch  90 training error:  tensor(0.1976, device='cuda:0', grad_fn=<DivBackward0>)
Memory status after this epoch: 
Memory allocated:  257.23974609375
Memory cached:  474.0
[I 2024-01-13 07:18:32,562] Trial 142 finished with value: 0.11711406707763672 and parameters: {'W_layers': 2, 'W_layer_units_exponent_0': 7, 'W_layer_units_exponent_1': 4, 'D_layers': 4, 'D_layer_units_exponent_0': 5, 'D_layer_units_exponent_1': 4, 'D_layer_units_exponent_2': 8, 'D_layer_units_exponent_3': 10, 'D_dagger_layers': 7, 'D_dagger_layer_units_exponent_0': 9, 'D_dagger_layer_units_exponent_1': 8, 'D_dagger_layer_units_exponent_2': 5, 'D_dagger_layer_units_exponent_3': 5, 'D_dagger_layer_units_exponent_4': 6, 'D_dagger_layer_units_exponent_5': 7, 'D_dagger_layer_units_exponent_6': 4, 'log_learning_rate': -4.432082926352992, 'log_learning_rate_D': -2.958233375175597, 'log_learning_rate_D_dagger': -2.9658658146075862, 'training_batch_size': 6, 'training_p': 8}. Best is trial 113 with value: 0.08055218309164047.
Time for this trial:  452.6347231864929
Memory status after this trial: 
Memory allocated:  505.2578125
Memory cached:  510.0
--------------------  Trial  143   --------------------
Start timing: 
Parameters: 
{'W_layers': 2, 'W_layer_units_exponent_0': 7, 'W_layer_units_exponent_1': 4, 'D_layers': 4, 'D_layer_units_exponent_0': 5, 'D_layer_units_exponent_1': 4, 'D_layer_units_exponent_2': 7, 'D_layer_units_exponent_3': 10, 'D_dagger_layers': 5, 'D_dagger_layer_units_exponent_0': 9, 'D_dagger_layer_units_exponent_1': 8, 'D_dagger_layer_units_exponent_2': 6, 'D_dagger_layer_units_exponent_3': 6, 'D_dagger_layer_units_exponent_4': 5, 'log_learning_rate': -4.622823286245832, 'log_learning_rate_D': -3.2939814219133665, 'log_learning_rate_D_dagger': -2.75664538266374, 'training_batch_size': 6, 'training_p': 6}
	 epoch  0 training error:  tensor(0.8202, device='cuda:0', grad_fn=<DivBackward0>)
Memory status after this epoch: 
Memory allocated:  255.21826171875
Memory cached:  462.0
	 epoch  10 training error:  tensor(0.5300, device='cuda:0', grad_fn=<DivBackward0>)
Memory status after this epoch: 
Memory allocated:  255.21826171875
Memory cached:  462.0
	 epoch  20 training error:  tensor(0.5027, device='cuda:0', grad_fn=<DivBackward0>)
Memory status after this epoch: 
Memory allocated:  255.21826171875
Memory cached:  466.0
	 epoch  30 training error:  tensor(0.4954, device='cuda:0', grad_fn=<DivBackward0>)
Memory status after this epoch: 
Memory allocated:  255.21826171875
Memory cached:  466.0
	 epoch  40 training error:  tensor(0.5023, device='cuda:0', grad_fn=<DivBackward0>)
Memory status after this epoch: 
Memory allocated:  255.21826171875
Memory cached:  462.0
	 epoch  50 training error:  tensor(0.4471, device='cuda:0', grad_fn=<DivBackward0>)
Memory status after this epoch: 
Memory allocated:  255.21826171875
Memory cached:  468.0
	 epoch  60 training error:  tensor(0.6050, device='cuda:0', grad_fn=<DivBackward0>)
Memory status after this epoch: 
Memory allocated:  255.21826171875
Memory cached:  462.0
	 epoch  70 training error:  tensor(0.2889, device='cuda:0', grad_fn=<DivBackward0>)
Memory status after this epoch: 
Memory allocated:  255.21826171875
Memory cached:  466.0
	 epoch  80 training error:  tensor(0.3242, device='cuda:0', grad_fn=<DivBackward0>)
Memory status after this epoch: 
Memory allocated:  255.21826171875
Memory cached:  464.0
	 epoch  90 training error:  tensor(0.2275, device='cuda:0', grad_fn=<DivBackward0>)
Memory status after this epoch: 
Memory allocated:  255.21826171875
Memory cached:  462.0
