[I 2023-12-05 01:57:24,845] Trial 84 finished with value: 0.07637100666761398 and parameters: {'W_layers': 4, 'W_layer_units_exponent_0': 10, 'W_layer_units_exponent_1': 4, 'W_layer_units_exponent_2': 4, 'W_layer_units_exponent_3': 6, 'D_layers': 4, 'D_layer_units_exponent_0': 7, 'D_layer_units_exponent_1': 7, 'D_layer_units_exponent_2': 9, 'D_layer_units_exponent_3': 10, 'log_learning_rate': -2.2064211911767226, 'log_learning_rate_D': -2.4839515296459624, 'training_batch_size': 10, 'training_p': 2}. Best is trial 33 with value: 0.05789090320467949.
Time for this trial:  43.1950478553772
Memory status after this trial: 
Memory allocated:  129.689453125
Memory cached:  148.0
--------------------  Trial  85   --------------------
Start timing: 
Parameters: 
{'W_layers': 4, 'W_layer_units_exponent_0': 10, 'W_layer_units_exponent_1': 4, 'W_layer_units_exponent_2': 5, 'W_layer_units_exponent_3': 5, 'D_layers': 4, 'D_layer_units_exponent_0': 7, 'D_layer_units_exponent_1': 6, 'D_layer_units_exponent_2': 8, 'D_layer_units_exponent_3': 10, 'log_learning_rate': -2.235128591072376, 'log_learning_rate_D': -2.4118992322664736, 'training_batch_size': 11, 'training_p': 2}
	 epoch  0 training error:  tensor(0.9664, device='cuda:0', grad_fn=<DivBackward0>)
Memory status after this epoch: 
Memory allocated:  63.15771484375
Memory cached:  90.0
	 epoch  10 training error:  tensor(0.7410, device='cuda:0', grad_fn=<DivBackward0>)
Memory status after this epoch: 
Memory allocated:  63.15771484375
Memory cached:  92.0
	 epoch  20 training error:  tensor(0.5949, device='cuda:0', grad_fn=<DivBackward0>)
Memory status after this epoch: 
Memory allocated:  63.15771484375
Memory cached:  92.0
	 epoch  30 training error:  tensor(0.4409, device='cuda:0', grad_fn=<DivBackward0>)
Memory status after this epoch: 
Memory allocated:  63.15771484375
Memory cached:  92.0
	 epoch  40 training error:  tensor(0.3802, device='cuda:0', grad_fn=<DivBackward0>)
Memory status after this epoch: 
Memory allocated:  63.15771484375
Memory cached:  92.0
	 epoch  50 training error:  tensor(0.4683, device='cuda:0', grad_fn=<DivBackward0>)
Memory status after this epoch: 
Memory allocated:  63.15771484375
Memory cached:  92.0
	 epoch  60 training error:  tensor(0.2867, device='cuda:0', grad_fn=<DivBackward0>)
Memory status after this epoch: 
Memory allocated:  63.15771484375
Memory cached:  92.0
	 epoch  70 training error:  tensor(0.2444, device='cuda:0', grad_fn=<DivBackward0>)
Memory status after this epoch: 
Memory allocated:  63.15771484375
Memory cached:  92.0
	 epoch  80 training error:  tensor(0.1006, device='cuda:0', grad_fn=<DivBackward0>)
Memory status after this epoch: 
Memory allocated:  63.15771484375
Memory cached:  92.0
	 epoch  90 training error:  tensor(0.1645, device='cuda:0', grad_fn=<DivBackward0>)
Memory status after this epoch: 
Memory allocated:  63.15771484375
Memory cached:  92.0
[I 2023-12-05 01:58:08,009] Trial 85 finished with value: 0.15882524847984314 and parameters: {'W_layers': 4, 'W_layer_units_exponent_0': 10, 'W_layer_units_exponent_1': 4, 'W_layer_units_exponent_2': 5, 'W_layer_units_exponent_3': 5, 'D_layers': 4, 'D_layer_units_exponent_0': 7, 'D_layer_units_exponent_1': 6, 'D_layer_units_exponent_2': 8, 'D_layer_units_exponent_3': 10, 'log_learning_rate': -2.235128591072376, 'log_learning_rate_D': -2.4118992322664736, 'training_batch_size': 11, 'training_p': 2}. Best is trial 33 with value: 0.05789090320467949.
Time for this trial:  42.973970890045166
Memory status after this trial: 
Memory allocated:  119.5615234375
Memory cached:  124.0
--------------------  Trial  86   --------------------
Start timing: 
Parameters: 
{'W_layers': 4, 'W_layer_units_exponent_0': 10, 'W_layer_units_exponent_1': 4, 'W_layer_units_exponent_2': 4, 'W_layer_units_exponent_3': 4, 'D_layers': 5, 'D_layer_units_exponent_0': 6, 'D_layer_units_exponent_1': 7, 'D_layer_units_exponent_2': 10, 'D_layer_units_exponent_3': 9, 'D_layer_units_exponent_4': 8, 'log_learning_rate': -2.3606582472885447, 'log_learning_rate_D': -2.5812704859898896, 'training_batch_size': 10, 'training_p': 3}
	 epoch  0 training error:  tensor(0.9486, device='cuda:0', grad_fn=<DivBackward0>)
Memory status after this epoch: 
Memory allocated:  70.88623046875
Memory cached:  110.0
	 epoch  10 training error:  tensor(0.8564, device='cuda:0', grad_fn=<DivBackward0>)
Memory status after this epoch: 
Memory allocated:  70.88623046875
Memory cached:  110.0
	 epoch  20 training error:  tensor(0.6660, device='cuda:0', grad_fn=<DivBackward0>)
Memory status after this epoch: 
Memory allocated:  70.88623046875
Memory cached:  110.0
	 epoch  30 training error:  tensor(0.6079, device='cuda:0', grad_fn=<DivBackward0>)
Memory status after this epoch: 
Memory allocated:  70.88623046875
Memory cached:  110.0
	 epoch  40 training error:  tensor(0.5094, device='cuda:0', grad_fn=<DivBackward0>)
Memory status after this epoch: 
Memory allocated:  70.88623046875
Memory cached:  110.0
	 epoch  50 training error:  tensor(0.3549, device='cuda:0', grad_fn=<DivBackward0>)
Memory status after this epoch: 
Memory allocated:  70.88623046875
Memory cached:  110.0
	 epoch  60 training error:  tensor(0.2654, device='cuda:0', grad_fn=<DivBackward0>)
Memory status after this epoch: 
Memory allocated:  70.88623046875
Memory cached:  110.0
	 epoch  70 training error:  tensor(0.3580, device='cuda:0', grad_fn=<DivBackward0>)
Memory status after this epoch: 
Memory allocated:  70.88623046875
Memory cached:  110.0
	 epoch  80 training error:  tensor(0.2328, device='cuda:0', grad_fn=<DivBackward0>)
Memory status after this epoch: 
Memory allocated:  70.88623046875
Memory cached:  110.0
	 epoch  90 training error:  tensor(0.2425, device='cuda:0', grad_fn=<DivBackward0>)
Memory status after this epoch: 
Memory allocated:  70.88623046875
Memory cached:  110.0
[I 2023-12-05 01:58:53,750] Trial 86 finished with value: 0.18079136312007904 and parameters: {'W_layers': 4, 'W_layer_units_exponent_0': 10, 'W_layer_units_exponent_1': 4, 'W_layer_units_exponent_2': 4, 'W_layer_units_exponent_3': 4, 'D_layers': 5, 'D_layer_units_exponent_0': 6, 'D_layer_units_exponent_1': 7, 'D_layer_units_exponent_2': 10, 'D_layer_units_exponent_3': 9, 'D_layer_units_exponent_4': 8, 'log_learning_rate': -2.3606582472885447, 'log_learning_rate_D': -2.5812704859898896, 'training_batch_size': 10, 'training_p': 3}. Best is trial 33 with value: 0.05789090320467949.
Time for this trial:  45.561068534851074
Memory status after this trial: 
Memory allocated:  134.44140625
Memory cached:  154.0
--------------------  Trial  87   --------------------
Start timing: 
Parameters: 
{'W_layers': 5, 'W_layer_units_exponent_0': 10, 'W_layer_units_exponent_1': 4, 'W_layer_units_exponent_2': 7, 'W_layer_units_exponent_3': 6, 'W_layer_units_exponent_4': 5, 'D_layers': 4, 'D_layer_units_exponent_0': 7, 'D_layer_units_exponent_1': 7, 'D_layer_units_exponent_2': 8, 'D_layer_units_exponent_3': 10, 'log_learning_rate': -2.693685424984002, 'log_learning_rate_D': -2.4605261583050613, 'training_batch_size': 9, 'training_p': 2}
	 epoch  0 training error:  tensor(0.9748, device='cuda:0', grad_fn=<DivBackward0>)
Memory status after this epoch: 
Memory allocated:  63.69873046875
Memory cached:  90.0
	 epoch  10 training error:  tensor(0.7711, device='cuda:0', grad_fn=<DivBackward0>)
Memory status after this epoch: 
Memory allocated:  63.69873046875
Memory cached:  92.0
	 epoch  20 training error:  tensor(0.8957, device='cuda:0', grad_fn=<DivBackward0>)
Memory status after this epoch: 
Memory allocated:  63.69873046875
Memory cached:  92.0
	 epoch  30 training error:  tensor(0.7072, device='cuda:0', grad_fn=<DivBackward0>)
Memory status after this epoch: 
Memory allocated:  63.69873046875
Memory cached:  92.0
	 epoch  40 training error:  tensor(0.5830, device='cuda:0', grad_fn=<DivBackward0>)
Memory status after this epoch: 
Memory allocated:  63.69873046875
Memory cached:  92.0
	 epoch  50 training error:  tensor(0.5122, device='cuda:0', grad_fn=<DivBackward0>)
Memory status after this epoch: 
Memory allocated:  63.69873046875
Memory cached:  92.0
	 epoch  60 training error:  tensor(0.3104, device='cuda:0', grad_fn=<DivBackward0>)
Memory status after this epoch: 
Memory allocated:  63.69873046875
Memory cached:  92.0
	 epoch  70 training error:  tensor(0.3795, device='cuda:0', grad_fn=<DivBackward0>)
Memory status after this epoch: 
Memory allocated:  63.69873046875
Memory cached:  92.0
	 epoch  80 training error:  tensor(0.2345, device='cuda:0', grad_fn=<DivBackward0>)
Memory status after this epoch: 
Memory allocated:  63.69873046875
Memory cached:  92.0
	 epoch  90 training error:  tensor(0.2040, device='cuda:0', grad_fn=<DivBackward0>)
Memory status after this epoch: 
Memory allocated:  63.69873046875
Memory cached:  92.0
[I 2023-12-05 01:59:39,603] Trial 87 finished with value: 0.15701161324977875 and parameters: {'W_layers': 5, 'W_layer_units_exponent_0': 10, 'W_layer_units_exponent_1': 4, 'W_layer_units_exponent_2': 7, 'W_layer_units_exponent_3': 6, 'W_layer_units_exponent_4': 5, 'D_layers': 4, 'D_layer_units_exponent_0': 7, 'D_layer_units_exponent_1': 7, 'D_layer_units_exponent_2': 8, 'D_layer_units_exponent_3': 10, 'log_learning_rate': -2.693685424984002, 'log_learning_rate_D': -2.4605261583050613, 'training_batch_size': 9, 'training_p': 2}. Best is trial 33 with value: 0.05789090320467949.
Time for this trial:  45.653642416000366
Memory status after this trial: 
Memory allocated:  124.9443359375
Memory cached:  128.0
--------------------  Trial  88   --------------------
Start timing: 
Parameters: 
{'W_layers': 4, 'W_layer_units_exponent_0': 9, 'W_layer_units_exponent_1': 4, 'W_layer_units_exponent_2': 5, 'W_layer_units_exponent_3': 6, 'D_layers': 2, 'D_layer_units_exponent_0': 7, 'D_layer_units_exponent_1': 7, 'log_learning_rate': -2.227203616885897, 'log_learning_rate_D': -2.5952104300407846, 'training_batch_size': 10, 'training_p': 2}
	 epoch  0 training error:  tensor(1.0370, device='cuda:0', grad_fn=<DivBackward0>)
Memory status after this epoch: 
Memory allocated:  58.85888671875
Memory cached:  88.0
	 epoch  10 training error:  tensor(0.7505, device='cuda:0', grad_fn=<DivBackward0>)
Memory status after this epoch: 
Memory allocated:  58.85888671875
Memory cached:  88.0
	 epoch  20 training error:  tensor(0.5685, device='cuda:0', grad_fn=<DivBackward0>)
Memory status after this epoch: 
Memory allocated:  58.85888671875
Memory cached:  88.0
	 epoch  30 training error:  tensor(0.3311, device='cuda:0', grad_fn=<DivBackward0>)
Memory status after this epoch: 
Memory allocated:  58.85888671875
Memory cached:  88.0
	 epoch  40 training error:  tensor(0.5639, device='cuda:0', grad_fn=<DivBackward0>)
Memory status after this epoch: 
Memory allocated:  58.85888671875
Memory cached:  88.0
	 epoch  50 training error:  tensor(0.3454, device='cuda:0', grad_fn=<DivBackward0>)
Memory status after this epoch: 
Memory allocated:  58.85888671875
Memory cached:  88.0
	 epoch  60 training error:  tensor(0.2118, device='cuda:0', grad_fn=<DivBackward0>)
Memory status after this epoch: 
Memory allocated:  58.85888671875
Memory cached:  88.0
	 epoch  70 training error:  tensor(0.1553, device='cuda:0', grad_fn=<DivBackward0>)
Memory status after this epoch: 
Memory allocated:  58.85888671875
Memory cached:  88.0
	 epoch  80 training error:  tensor(0.1198, device='cuda:0', grad_fn=<DivBackward0>)
Memory status after this epoch: 
Memory allocated:  58.85888671875
Memory cached:  88.0
	 epoch  90 training error:  tensor(0.1056, device='cuda:0', grad_fn=<DivBackward0>)
Memory status after this epoch: 
Memory allocated:  58.85888671875
Memory cached:  88.0
[I 2023-12-05 02:00:15,874] Trial 88 finished with value: 0.10533279180526733 and parameters: {'W_layers': 4, 'W_layer_units_exponent_0': 9, 'W_layer_units_exponent_1': 4, 'W_layer_units_exponent_2': 5, 'W_layer_units_exponent_3': 6, 'D_layers': 2, 'D_layer_units_exponent_0': 7, 'D_layer_units_exponent_1': 7, 'log_learning_rate': -2.227203616885897, 'log_learning_rate_D': -2.5952104300407846, 'training_batch_size': 10, 'training_p': 2}. Best is trial 33 with value: 0.05789090320467949.
Time for this trial:  36.0953528881073
Memory status after this trial: 
Memory allocated:  78.8720703125
Memory cached:  88.0
--------------------  Trial  89   --------------------
Start timing: 
Parameters: 
{'W_layers': 4, 'W_layer_units_exponent_0': 10, 'W_layer_units_exponent_1': 4, 'W_layer_units_exponent_2': 4, 'W_layer_units_exponent_3': 5, 'D_layers': 2, 'D_layer_units_exponent_0': 7, 'D_layer_units_exponent_1': 7, 'log_learning_rate': -2.374876463439116, 'log_learning_rate_D': -2.8601708359071885, 'training_batch_size': 10, 'training_p': 3}
	 epoch  0 training error:  tensor(0.9585, device='cuda:0', grad_fn=<DivBackward0>)
Memory status after this epoch: 
Memory allocated:  58.98779296875
Memory cached:  90.0
	 epoch  10 training error:  tensor(0.7711, device='cuda:0', grad_fn=<DivBackward0>)
Memory status after this epoch: 
Memory allocated:  58.98779296875
Memory cached:  90.0
	 epoch  20 training error:  tensor(0.5919, device='cuda:0', grad_fn=<DivBackward0>)
Memory status after this epoch: 
Memory allocated:  58.98779296875
Memory cached:  90.0
	 epoch  30 training error:  tensor(0.2784, device='cuda:0', grad_fn=<DivBackward0>)
Memory status after this epoch: 
Memory allocated:  58.98779296875
Memory cached:  90.0
	 epoch  40 training error:  tensor(0.2384, device='cuda:0', grad_fn=<DivBackward0>)
Memory status after this epoch: 
Memory allocated:  58.98779296875
Memory cached:  90.0
	 epoch  50 training error:  tensor(0.1823, device='cuda:0', grad_fn=<DivBackward0>)
Memory status after this epoch: 
Memory allocated:  58.98779296875
Memory cached:  90.0
	 epoch  60 training error:  tensor(0.1212, device='cuda:0', grad_fn=<DivBackward0>)
Memory status after this epoch: 
Memory allocated:  58.98779296875
Memory cached:  90.0
	 epoch  70 training error:  tensor(0.1503, device='cuda:0', grad_fn=<DivBackward0>)
Memory status after this epoch: 
Memory allocated:  58.98779296875
Memory cached:  90.0
	 epoch  80 training error:  tensor(0.1728, device='cuda:0', grad_fn=<DivBackward0>)
Memory status after this epoch: 
Memory allocated:  58.98779296875
Memory cached:  90.0
	 epoch  90 training error:  tensor(0.0968, device='cuda:0', grad_fn=<DivBackward0>)
Memory status after this epoch: 
Memory allocated:  58.98779296875
Memory cached:  90.0
[I 2023-12-05 02:00:52,541] Trial 89 finished with value: 0.11150691658258438 and parameters: {'W_layers': 4, 'W_layer_units_exponent_0': 10, 'W_layer_units_exponent_1': 4, 'W_layer_units_exponent_2': 4, 'W_layer_units_exponent_3': 5, 'D_layers': 2, 'D_layer_units_exponent_0': 7, 'D_layer_units_exponent_1': 7, 'log_learning_rate': -2.374876463439116, 'log_learning_rate_D': -2.8601708359071885, 'training_batch_size': 10, 'training_p': 3}. Best is trial 33 with value: 0.05789090320467949.
Time for this trial:  36.47994256019592
Memory status after this trial: 
Memory allocated:  89.6298828125
Memory cached:  92.0
--------------------  Trial  90   --------------------
Start timing: 
Parameters: 
{'W_layers': 5, 'W_layer_units_exponent_0': 9, 'W_layer_units_exponent_1': 4, 'W_layer_units_exponent_2': 5, 'W_layer_units_exponent_3': 5, 'W_layer_units_exponent_4': 10, 'D_layers': 3, 'D_layer_units_exponent_0': 6, 'D_layer_units_exponent_1': 7, 'D_layer_units_exponent_2': 9, 'log_learning_rate': -2.1325049554983035, 'log_learning_rate_D': -3.0309098675198674, 'training_batch_size': 11, 'training_p': 2}
	 epoch  0 training error:  tensor(1.0095, device='cuda:0', grad_fn=<DivBackward0>)
Memory status after this epoch: 
Memory allocated:  60.25927734375
Memory cached:  90.0
	 epoch  10 training error:  tensor(0.7552, device='cuda:0', grad_fn=<DivBackward0>)
Memory status after this epoch: 
Memory allocated:  60.25927734375
Memory cached:  90.0
	 epoch  20 training error:  tensor(0.6660, device='cuda:0', grad_fn=<DivBackward0>)
Memory status after this epoch: 
Memory allocated:  60.25927734375
Memory cached:  90.0
	 epoch  30 training error:  tensor(0.3913, device='cuda:0', grad_fn=<DivBackward0>)
Memory status after this epoch: 
Memory allocated:  60.25927734375
Memory cached:  90.0
	 epoch  40 training error:  tensor(0.5048, device='cuda:0', grad_fn=<DivBackward0>)
Memory status after this epoch: 
Memory allocated:  60.25927734375
Memory cached:  90.0
	 epoch  50 training error:  tensor(0.2024, device='cuda:0', grad_fn=<DivBackward0>)
Memory status after this epoch: 
Memory allocated:  60.25927734375
Memory cached:  90.0
	 epoch  60 training error:  tensor(0.2704, device='cuda:0', grad_fn=<DivBackward0>)
Memory status after this epoch: 
Memory allocated:  60.25927734375
Memory cached:  90.0
	 epoch  70 training error:  tensor(0.1717, device='cuda:0', grad_fn=<DivBackward0>)
Memory status after this epoch: 
Memory allocated:  60.25927734375
Memory cached:  90.0
	 epoch  80 training error:  tensor(0.3034, device='cuda:0', grad_fn=<DivBackward0>)
Memory status after this epoch: 
Memory allocated:  60.25927734375
Memory cached:  90.0
	 epoch  90 training error:  tensor(0.2953, device='cuda:0', grad_fn=<DivBackward0>)
Memory status after this epoch: 
Memory allocated:  60.25927734375
Memory cached:  90.0
[I 2023-12-05 02:01:35,338] Trial 90 finished with value: 0.3711467385292053 and parameters: {'W_layers': 5, 'W_layer_units_exponent_0': 9, 'W_layer_units_exponent_1': 4, 'W_layer_units_exponent_2': 5, 'W_layer_units_exponent_3': 5, 'W_layer_units_exponent_4': 10, 'D_layers': 3, 'D_layer_units_exponent_0': 6, 'D_layer_units_exponent_1': 7, 'D_layer_units_exponent_2': 9, 'log_learning_rate': -2.1325049554983035, 'log_learning_rate_D': -3.0309098675198674, 'training_batch_size': 11, 'training_p': 2}. Best is trial 33 with value: 0.05789090320467949.
Time for this trial:  42.61072278022766
Memory status after this trial: 
Memory allocated:  112.4287109375
Memory cached:  114.0
--------------------  Trial  91   --------------------
Start timing: 
Parameters: 
{'W_layers': 3, 'W_layer_units_exponent_0': 10, 'W_layer_units_exponent_1': 4, 'W_layer_units_exponent_2': 4, 'D_layers': 4, 'D_layer_units_exponent_0': 8, 'D_layer_units_exponent_1': 7, 'D_layer_units_exponent_2': 8, 'D_layer_units_exponent_3': 7, 'log_learning_rate': -2.524463183072335, 'log_learning_rate_D': -2.739219137260657, 'training_batch_size': 9, 'training_p': 2}
	 epoch  0 training error:  tensor(0.9396, device='cuda:0', grad_fn=<DivBackward0>)
Memory status after this epoch: 
Memory allocated:  60.24169921875
Memory cached:  90.0
	 epoch  10 training error:  tensor(0.6871, device='cuda:0', grad_fn=<DivBackward0>)
Memory status after this epoch: 
Memory allocated:  60.24169921875
Memory cached:  92.0
	 epoch  20 training error:  tensor(0.5256, device='cuda:0', grad_fn=<DivBackward0>)
Memory status after this epoch: 
Memory allocated:  60.24169921875
Memory cached:  92.0
	 epoch  30 training error:  tensor(0.4142, device='cuda:0', grad_fn=<DivBackward0>)
Memory status after this epoch: 
Memory allocated:  60.24169921875
Memory cached:  92.0
	 epoch  40 training error:  tensor(0.5833, device='cuda:0', grad_fn=<DivBackward0>)
Memory status after this epoch: 
Memory allocated:  60.24169921875
Memory cached:  92.0
	 epoch  50 training error:  tensor(0.3476, device='cuda:0', grad_fn=<DivBackward0>)
Memory status after this epoch: 
Memory allocated:  60.24169921875
Memory cached:  92.0
	 epoch  60 training error:  tensor(0.1779, device='cuda:0', grad_fn=<DivBackward0>)
Memory status after this epoch: 
Memory allocated:  60.24169921875
Memory cached:  92.0
	 epoch  70 training error:  tensor(0.0862, device='cuda:0', grad_fn=<DivBackward0>)
Memory status after this epoch: 
Memory allocated:  60.24169921875
Memory cached:  92.0
	 epoch  80 training error:  tensor(0.0594, device='cuda:0', grad_fn=<DivBackward0>)
Memory status after this epoch: 
Memory allocated:  60.24169921875
Memory cached:  92.0
	 epoch  90 training error:  tensor(0.2578, device='cuda:0', grad_fn=<DivBackward0>)
Memory status after this epoch: 
Memory allocated:  60.24169921875
Memory cached:  92.0
