[I 2024-01-11 09:10:20,429] Trial 179 finished with value: 0.1260909140110016 and parameters: {'W_layers': 2, 'W_layer_units_exponent_0': 8, 'W_layer_units_exponent_1': 5, 'D_layers': 3, 'D_layer_units_exponent_0': 6, 'D_layer_units_exponent_1': 6, 'D_layer_units_exponent_2': 8, 'D_dagger_layers': 4, 'D_dagger_layer_units_exponent_0': 10, 'D_dagger_layer_units_exponent_1': 6, 'D_dagger_layer_units_exponent_2': 5, 'D_dagger_layer_units_exponent_3': 7, 'log_learning_rate': -3.4993472652244613, 'log_learning_rate_D': -2.485965004059566, 'log_learning_rate_D_dagger': -3.3846124042271857, 'training_batch_size': 6, 'training_p': 8}. Best is trial 145 with value: 0.0653865784406662.
Time for this trial:  368.7516453266144
Memory status after this trial: 
Memory allocated:  426.48046875
Memory cached:  430.0
--------------------  Trial  180   --------------------
Start timing: 
Parameters: 
{'W_layers': 2, 'W_layer_units_exponent_0': 8, 'W_layer_units_exponent_1': 5, 'D_layers': 4, 'D_layer_units_exponent_0': 6, 'D_layer_units_exponent_1': 6, 'D_layer_units_exponent_2': 8, 'D_layer_units_exponent_3': 4, 'D_dagger_layers': 8, 'D_dagger_layer_units_exponent_0': 10, 'D_dagger_layer_units_exponent_1': 6, 'D_dagger_layer_units_exponent_2': 5, 'D_dagger_layer_units_exponent_3': 7, 'D_dagger_layer_units_exponent_4': 5, 'D_dagger_layer_units_exponent_5': 8, 'D_dagger_layer_units_exponent_6': 8, 'D_dagger_layer_units_exponent_7': 10, 'log_learning_rate': -3.2484424218635497, 'log_learning_rate_D': -2.622730016058596, 'log_learning_rate_D_dagger': -3.104570188294549, 'training_batch_size': 6, 'training_p': 8}
	 epoch  0 training error:  tensor(0.6903, device='cuda:0', grad_fn=<DivBackward0>)
Memory status after this epoch: 
Memory allocated:  233.8740234375
Memory cached:  434.0
	 epoch  10 training error:  tensor(0.4445, device='cuda:0', grad_fn=<DivBackward0>)
Memory status after this epoch: 
Memory allocated:  233.8740234375
Memory cached:  440.0
	 epoch  20 training error:  tensor(0.3894, device='cuda:0', grad_fn=<DivBackward0>)
Memory status after this epoch: 
Memory allocated:  233.8740234375
Memory cached:  438.0
	 epoch  30 training error:  tensor(0.3885, device='cuda:0', grad_fn=<DivBackward0>)
Memory status after this epoch: 
Memory allocated:  233.8740234375
Memory cached:  440.0
	 epoch  40 training error:  tensor(0.3995, device='cuda:0', grad_fn=<DivBackward0>)
Memory status after this epoch: 
Memory allocated:  233.8740234375
Memory cached:  442.0
	 epoch  50 training error:  tensor(0.3642, device='cuda:0', grad_fn=<DivBackward0>)
Memory status after this epoch: 
Memory allocated:  233.8740234375
Memory cached:  442.0
	 epoch  60 training error:  tensor(0.3577, device='cuda:0', grad_fn=<DivBackward0>)
Memory status after this epoch: 
Memory allocated:  233.8740234375
Memory cached:  440.0
	 epoch  70 training error:  tensor(0.3995, device='cuda:0', grad_fn=<DivBackward0>)
Memory status after this epoch: 
Memory allocated:  233.8740234375
Memory cached:  440.0
	 epoch  80 training error:  tensor(0.3615, device='cuda:0', grad_fn=<DivBackward0>)
Memory status after this epoch: 
Memory allocated:  233.8740234375
Memory cached:  444.0
	 epoch  90 training error:  tensor(0.3582, device='cuda:0', grad_fn=<DivBackward0>)
Memory status after this epoch: 
Memory allocated:  233.8740234375
Memory cached:  436.0
[I 2024-01-11 09:18:33,039] Trial 180 finished with value: 0.12695933878421783 and parameters: {'W_layers': 2, 'W_layer_units_exponent_0': 8, 'W_layer_units_exponent_1': 5, 'D_layers': 4, 'D_layer_units_exponent_0': 6, 'D_layer_units_exponent_1': 6, 'D_layer_units_exponent_2': 8, 'D_layer_units_exponent_3': 4, 'D_dagger_layers': 8, 'D_dagger_layer_units_exponent_0': 10, 'D_dagger_layer_units_exponent_1': 6, 'D_dagger_layer_units_exponent_2': 5, 'D_dagger_layer_units_exponent_3': 7, 'D_dagger_layer_units_exponent_4': 5, 'D_dagger_layer_units_exponent_5': 8, 'D_dagger_layer_units_exponent_6': 8, 'D_dagger_layer_units_exponent_7': 10, 'log_learning_rate': -3.2484424218635497, 'log_learning_rate_D': -2.622730016058596, 'log_learning_rate_D_dagger': -3.104570188294549, 'training_batch_size': 6, 'training_p': 8}. Best is trial 145 with value: 0.0653865784406662.
Time for this trial:  492.1335220336914
Memory status after this trial: 
Memory allocated:  588.2509765625
Memory cached:  594.0
--------------------  Trial  181   --------------------
Start timing: 
Parameters: 
{'W_layers': 2, 'W_layer_units_exponent_0': 8, 'W_layer_units_exponent_1': 5, 'D_layers': 4, 'D_layer_units_exponent_0': 6, 'D_layer_units_exponent_1': 6, 'D_layer_units_exponent_2': 8, 'D_layer_units_exponent_3': 4, 'D_dagger_layers': 4, 'D_dagger_layer_units_exponent_0': 10, 'D_dagger_layer_units_exponent_1': 6, 'D_dagger_layer_units_exponent_2': 5, 'D_dagger_layer_units_exponent_3': 7, 'log_learning_rate': -3.690103394301957, 'log_learning_rate_D': -2.5069240977587706, 'log_learning_rate_D_dagger': -3.169503837615275, 'training_batch_size': 6, 'training_p': 8}
	 epoch  0 training error:  tensor(0.8256, device='cuda:0', grad_fn=<DivBackward0>)
Memory status after this epoch: 
Memory allocated:  228.6474609375
Memory cached:  428.0
	 epoch  10 training error:  tensor(0.3811, device='cuda:0', grad_fn=<DivBackward0>)
Memory status after this epoch: 
Memory allocated:  228.6474609375
Memory cached:  428.0
	 epoch  20 training error:  tensor(0.3607, device='cuda:0', grad_fn=<DivBackward0>)
Memory status after this epoch: 
Memory allocated:  228.6474609375
Memory cached:  428.0
	 epoch  30 training error:  tensor(0.3046, device='cuda:0', grad_fn=<DivBackward0>)
Memory status after this epoch: 
Memory allocated:  228.6474609375
Memory cached:  428.0
	 epoch  40 training error:  tensor(0.2524, device='cuda:0', grad_fn=<DivBackward0>)
Memory status after this epoch: 
Memory allocated:  228.6474609375
Memory cached:  428.0
	 epoch  50 training error:  tensor(0.1906, device='cuda:0', grad_fn=<DivBackward0>)
Memory status after this epoch: 
Memory allocated:  228.6474609375
Memory cached:  430.0
	 epoch  60 training error:  tensor(0.1735, device='cuda:0', grad_fn=<DivBackward0>)
Memory status after this epoch: 
Memory allocated:  228.6474609375
Memory cached:  428.0
	 epoch  70 training error:  tensor(0.1982, device='cuda:0', grad_fn=<DivBackward0>)
Memory status after this epoch: 
Memory allocated:  228.6474609375
Memory cached:  428.0
	 epoch  80 training error:  tensor(0.1570, device='cuda:0', grad_fn=<DivBackward0>)
Memory status after this epoch: 
Memory allocated:  228.6474609375
Memory cached:  430.0
	 epoch  90 training error:  tensor(0.1545, device='cuda:0', grad_fn=<DivBackward0>)
Memory status after this epoch: 
Memory allocated:  228.6474609375
Memory cached:  428.0
[I 2024-01-11 09:25:02,981] Trial 181 finished with value: 0.11789126694202423 and parameters: {'W_layers': 2, 'W_layer_units_exponent_0': 8, 'W_layer_units_exponent_1': 5, 'D_layers': 4, 'D_layer_units_exponent_0': 6, 'D_layer_units_exponent_1': 6, 'D_layer_units_exponent_2': 8, 'D_layer_units_exponent_3': 4, 'D_dagger_layers': 4, 'D_dagger_layer_units_exponent_0': 10, 'D_dagger_layer_units_exponent_1': 6, 'D_dagger_layer_units_exponent_2': 5, 'D_dagger_layer_units_exponent_3': 7, 'log_learning_rate': -3.690103394301957, 'log_learning_rate_D': -2.5069240977587706, 'log_learning_rate_D_dagger': -3.169503837615275, 'training_batch_size': 6, 'training_p': 8}. Best is trial 145 with value: 0.0653865784406662.
Time for this trial:  389.54208517074585
Memory status after this trial: 
Memory allocated:  431.8291015625
Memory cached:  434.0
--------------------  Trial  182   --------------------
Start timing: 
Parameters: 
{'W_layers': 2, 'W_layer_units_exponent_0': 8, 'W_layer_units_exponent_1': 5, 'D_layers': 4, 'D_layer_units_exponent_0': 6, 'D_layer_units_exponent_1': 6, 'D_layer_units_exponent_2': 8, 'D_layer_units_exponent_3': 4, 'D_dagger_layers': 4, 'D_dagger_layer_units_exponent_0': 10, 'D_dagger_layer_units_exponent_1': 6, 'D_dagger_layer_units_exponent_2': 5, 'D_dagger_layer_units_exponent_3': 7, 'log_learning_rate': -3.572954754362944, 'log_learning_rate_D': -2.561552974281298, 'log_learning_rate_D_dagger': -3.31173833203497, 'training_batch_size': 6, 'training_p': 8}
	 epoch  0 training error:  tensor(0.8302, device='cuda:0', grad_fn=<DivBackward0>)
Memory status after this epoch: 
Memory allocated:  228.6474609375
Memory cached:  428.0
	 epoch  10 training error:  tensor(0.4098, device='cuda:0', grad_fn=<DivBackward0>)
Memory status after this epoch: 
Memory allocated:  228.6474609375
Memory cached:  430.0
	 epoch  20 training error:  tensor(0.3724, device='cuda:0', grad_fn=<DivBackward0>)
Memory status after this epoch: 
Memory allocated:  228.6474609375
Memory cached:  432.0
	 epoch  30 training error:  tensor(0.3679, device='cuda:0', grad_fn=<DivBackward0>)
Memory status after this epoch: 
Memory allocated:  228.6474609375
Memory cached:  428.0
	 epoch  40 training error:  tensor(0.3528, device='cuda:0', grad_fn=<DivBackward0>)
Memory status after this epoch: 
Memory allocated:  228.6474609375
Memory cached:  428.0
	 epoch  50 training error:  tensor(0.3525, device='cuda:0', grad_fn=<DivBackward0>)
Memory status after this epoch: 
Memory allocated:  228.6474609375
Memory cached:  428.0
	 epoch  60 training error:  tensor(0.3686, device='cuda:0', grad_fn=<DivBackward0>)
Memory status after this epoch: 
Memory allocated:  228.6474609375
Memory cached:  428.0
	 epoch  70 training error:  tensor(0.3897, device='cuda:0', grad_fn=<DivBackward0>)
Memory status after this epoch: 
Memory allocated:  228.6474609375
Memory cached:  428.0
	 epoch  80 training error:  tensor(0.2484, device='cuda:0', grad_fn=<DivBackward0>)
Memory status after this epoch: 
Memory allocated:  228.6474609375
Memory cached:  428.0
	 epoch  90 training error:  tensor(0.2432, device='cuda:0', grad_fn=<DivBackward0>)
Memory status after this epoch: 
Memory allocated:  228.6474609375
Memory cached:  430.0
[I 2024-01-11 09:31:35,547] Trial 182 finished with value: 0.1395888328552246 and parameters: {'W_layers': 2, 'W_layer_units_exponent_0': 8, 'W_layer_units_exponent_1': 5, 'D_layers': 4, 'D_layer_units_exponent_0': 6, 'D_layer_units_exponent_1': 6, 'D_layer_units_exponent_2': 8, 'D_layer_units_exponent_3': 4, 'D_dagger_layers': 4, 'D_dagger_layer_units_exponent_0': 10, 'D_dagger_layer_units_exponent_1': 6, 'D_dagger_layer_units_exponent_2': 5, 'D_dagger_layer_units_exponent_3': 7, 'log_learning_rate': -3.572954754362944, 'log_learning_rate_D': -2.561552974281298, 'log_learning_rate_D_dagger': -3.31173833203497, 'training_batch_size': 6, 'training_p': 8}. Best is trial 145 with value: 0.0653865784406662.
Time for this trial:  392.1371967792511
Memory status after this trial: 
Memory allocated:  431.8291015625
Memory cached:  434.0
--------------------  Trial  183   --------------------
Start timing: 
Parameters: 
{'W_layers': 2, 'W_layer_units_exponent_0': 8, 'W_layer_units_exponent_1': 5, 'D_layers': 4, 'D_layer_units_exponent_0': 6, 'D_layer_units_exponent_1': 6, 'D_layer_units_exponent_2': 8, 'D_layer_units_exponent_3': 4, 'D_dagger_layers': 4, 'D_dagger_layer_units_exponent_0': 10, 'D_dagger_layer_units_exponent_1': 6, 'D_dagger_layer_units_exponent_2': 5, 'D_dagger_layer_units_exponent_3': 7, 'log_learning_rate': -3.626828146399374, 'log_learning_rate_D': -2.4552043354759547, 'log_learning_rate_D_dagger': -3.040867893624627, 'training_batch_size': 6, 'training_p': 8}
	 epoch  0 training error:  tensor(0.9392, device='cuda:0', grad_fn=<DivBackward0>)
Memory status after this epoch: 
Memory allocated:  228.6474609375
Memory cached:  428.0
	 epoch  10 training error:  tensor(0.4003, device='cuda:0', grad_fn=<DivBackward0>)
Memory status after this epoch: 
Memory allocated:  228.6474609375
Memory cached:  428.0
	 epoch  20 training error:  tensor(0.3726, device='cuda:0', grad_fn=<DivBackward0>)
Memory status after this epoch: 
Memory allocated:  228.6474609375
Memory cached:  428.0
	 epoch  30 training error:  tensor(0.3671, device='cuda:0', grad_fn=<DivBackward0>)
Memory status after this epoch: 
Memory allocated:  228.6474609375
Memory cached:  428.0
	 epoch  40 training error:  tensor(0.3225, device='cuda:0', grad_fn=<DivBackward0>)
Memory status after this epoch: 
Memory allocated:  228.6474609375
Memory cached:  428.0
	 epoch  50 training error:  tensor(0.2526, device='cuda:0', grad_fn=<DivBackward0>)
Memory status after this epoch: 
Memory allocated:  228.6474609375
Memory cached:  428.0
	 epoch  60 training error:  tensor(0.2126, device='cuda:0', grad_fn=<DivBackward0>)
Memory status after this epoch: 
Memory allocated:  228.6474609375
Memory cached:  428.0
	 epoch  70 training error:  tensor(0.2058, device='cuda:0', grad_fn=<DivBackward0>)
Memory status after this epoch: 
Memory allocated:  228.6474609375
Memory cached:  428.0
	 epoch  80 training error:  tensor(0.1961, device='cuda:0', grad_fn=<DivBackward0>)
Memory status after this epoch: 
Memory allocated:  228.6474609375
Memory cached:  428.0
	 epoch  90 training error:  tensor(0.2034, device='cuda:0', grad_fn=<DivBackward0>)
Memory status after this epoch: 
Memory allocated:  228.6474609375
Memory cached:  428.0
[I 2024-01-11 09:38:06,678] Trial 183 finished with value: 0.1478525698184967 and parameters: {'W_layers': 2, 'W_layer_units_exponent_0': 8, 'W_layer_units_exponent_1': 5, 'D_layers': 4, 'D_layer_units_exponent_0': 6, 'D_layer_units_exponent_1': 6, 'D_layer_units_exponent_2': 8, 'D_layer_units_exponent_3': 4, 'D_dagger_layers': 4, 'D_dagger_layer_units_exponent_0': 10, 'D_dagger_layer_units_exponent_1': 6, 'D_dagger_layer_units_exponent_2': 5, 'D_dagger_layer_units_exponent_3': 7, 'log_learning_rate': -3.626828146399374, 'log_learning_rate_D': -2.4552043354759547, 'log_learning_rate_D_dagger': -3.040867893624627, 'training_batch_size': 6, 'training_p': 8}. Best is trial 145 with value: 0.0653865784406662.
Time for this trial:  390.7320981025696
Memory status after this trial: 
Memory allocated:  431.8291015625
Memory cached:  434.0
--------------------  Trial  184   --------------------
Start timing: 
Parameters: 
{'W_layers': 2, 'W_layer_units_exponent_0': 8, 'W_layer_units_exponent_1': 5, 'D_layers': 4, 'D_layer_units_exponent_0': 5, 'D_layer_units_exponent_1': 9, 'D_layer_units_exponent_2': 8, 'D_layer_units_exponent_3': 4, 'D_dagger_layers': 4, 'D_dagger_layer_units_exponent_0': 10, 'D_dagger_layer_units_exponent_1': 6, 'D_dagger_layer_units_exponent_2': 5, 'D_dagger_layer_units_exponent_3': 7, 'log_learning_rate': -3.5323896189699906, 'log_learning_rate_D': -2.6751146558811225, 'log_learning_rate_D_dagger': -3.4949286999630087, 'training_batch_size': 6, 'training_p': 8}
	 epoch  0 training error:  tensor(0.7795, device='cuda:0', grad_fn=<DivBackward0>)
Memory status after this epoch: 
Memory allocated:  230.5908203125
Memory cached:  430.0
	 epoch  10 training error:  tensor(0.4125, device='cuda:0', grad_fn=<DivBackward0>)
Memory status after this epoch: 
Memory allocated:  230.5908203125
Memory cached:  432.0
	 epoch  20 training error:  tensor(0.3808, device='cuda:0', grad_fn=<DivBackward0>)
Memory status after this epoch: 
Memory allocated:  230.5908203125
Memory cached:  430.0
	 epoch  30 training error:  tensor(0.3664, device='cuda:0', grad_fn=<DivBackward0>)
Memory status after this epoch: 
Memory allocated:  230.5908203125
Memory cached:  432.0
	 epoch  40 training error:  tensor(0.3778, device='cuda:0', grad_fn=<DivBackward0>)
Memory status after this epoch: 
Memory allocated:  230.5908203125
Memory cached:  430.0
	 epoch  50 training error:  tensor(0.3587, device='cuda:0', grad_fn=<DivBackward0>)
Memory status after this epoch: 
Memory allocated:  230.5908203125
Memory cached:  430.0
	 epoch  60 training error:  tensor(0.3706, device='cuda:0', grad_fn=<DivBackward0>)
Memory status after this epoch: 
Memory allocated:  230.5908203125
Memory cached:  430.0
	 epoch  70 training error:  tensor(0.3147, device='cuda:0', grad_fn=<DivBackward0>)
Memory status after this epoch: 
Memory allocated:  230.5908203125
Memory cached:  432.0
	 epoch  80 training error:  tensor(0.2472, device='cuda:0', grad_fn=<DivBackward0>)
Memory status after this epoch: 
Memory allocated:  230.5908203125
Memory cached:  430.0
	 epoch  90 training error:  tensor(0.2005, device='cuda:0', grad_fn=<DivBackward0>)
Memory status after this epoch: 
Memory allocated:  230.5908203125
Memory cached:  430.0
[I 2024-01-11 09:44:42,115] Trial 184 finished with value: 0.15705406665802002 and parameters: {'W_layers': 2, 'W_layer_units_exponent_0': 8, 'W_layer_units_exponent_1': 5, 'D_layers': 4, 'D_layer_units_exponent_0': 5, 'D_layer_units_exponent_1': 9, 'D_layer_units_exponent_2': 8, 'D_layer_units_exponent_3': 4, 'D_dagger_layers': 4, 'D_dagger_layer_units_exponent_0': 10, 'D_dagger_layer_units_exponent_1': 6, 'D_dagger_layer_units_exponent_2': 5, 'D_dagger_layer_units_exponent_3': 7, 'log_learning_rate': -3.5323896189699906, 'log_learning_rate_D': -2.6751146558811225, 'log_learning_rate_D_dagger': -3.4949286999630087, 'training_batch_size': 6, 'training_p': 8}. Best is trial 145 with value: 0.0653865784406662.
Time for this trial:  395.0261263847351
Memory status after this trial: 
Memory allocated:  476.7900390625
Memory cached:  480.0
--------------------  Trial  185   --------------------
Start timing: 
Parameters: 
{'W_layers': 2, 'W_layer_units_exponent_0': 8, 'W_layer_units_exponent_1': 5, 'D_layers': 4, 'D_layer_units_exponent_0': 6, 'D_layer_units_exponent_1': 6, 'D_layer_units_exponent_2': 8, 'D_layer_units_exponent_3': 4, 'D_dagger_layers': 4, 'D_dagger_layer_units_exponent_0': 10, 'D_dagger_layer_units_exponent_1': 6, 'D_dagger_layer_units_exponent_2': 5, 'D_dagger_layer_units_exponent_3': 7, 'log_learning_rate': -3.443314212029057, 'log_learning_rate_D': -2.302429731807811, 'log_learning_rate_D_dagger': -3.2192540174417172, 'training_batch_size': 6, 'training_p': 8}
	 epoch  0 training error:  tensor(0.7322, device='cuda:0', grad_fn=<DivBackward0>)
Memory status after this epoch: 
Memory allocated:  228.6474609375
Memory cached:  428.0
	 epoch  10 training error:  tensor(0.3990, device='cuda:0', grad_fn=<DivBackward0>)
Memory status after this epoch: 
Memory allocated:  228.6474609375
Memory cached:  428.0
	 epoch  20 training error:  tensor(0.3705, device='cuda:0', grad_fn=<DivBackward0>)
Memory status after this epoch: 
Memory allocated:  228.6474609375
Memory cached:  428.0
	 epoch  30 training error:  tensor(0.3656, device='cuda:0', grad_fn=<DivBackward0>)
Memory status after this epoch: 
Memory allocated:  228.6474609375
Memory cached:  428.0
	 epoch  40 training error:  tensor(0.3325, device='cuda:0', grad_fn=<DivBackward0>)
Memory status after this epoch: 
Memory allocated:  228.6474609375
Memory cached:  428.0
	 epoch  50 training error:  tensor(0.2967, device='cuda:0', grad_fn=<DivBackward0>)
Memory status after this epoch: 
Memory allocated:  228.6474609375
Memory cached:  428.0
	 epoch  60 training error:  tensor(0.2169, device='cuda:0', grad_fn=<DivBackward0>)
Memory status after this epoch: 
Memory allocated:  228.6474609375
Memory cached:  428.0
	 epoch  70 training error:  tensor(0.2028, device='cuda:0', grad_fn=<DivBackward0>)
Memory status after this epoch: 
Memory allocated:  228.6474609375
Memory cached:  428.0
	 epoch  80 training error:  tensor(0.1690, device='cuda:0', grad_fn=<DivBackward0>)
Memory status after this epoch: 
Memory allocated:  228.6474609375
Memory cached:  428.0
	 epoch  90 training error:  tensor(0.1683, device='cuda:0', grad_fn=<DivBackward0>)
Memory status after this epoch: 
Memory allocated:  228.6474609375
Memory cached:  428.0
