[I 2023-12-05 00:55:05,550] Trial 27 finished with value: 0.0864490494132042 and parameters: {'W_layers': 6, 'W_layer_units_exponent_0': 7, 'W_layer_units_exponent_1': 9, 'W_layer_units_exponent_2': 6, 'W_layer_units_exponent_3': 5, 'W_layer_units_exponent_4': 9, 'W_layer_units_exponent_5': 7, 'D_layers': 3, 'D_layer_units_exponent_0': 6, 'D_layer_units_exponent_1': 4, 'D_layer_units_exponent_2': 7, 'log_learning_rate': -3.069593465872398, 'log_learning_rate_D': -1.745042387313135, 'training_batch_size': 6, 'training_p': 3}. Best is trial 19 with value: 0.05131257697939873.
Time for this trial:  72.03183960914612
Memory status after this trial: 
Memory allocated:  98.41943359375
Memory cached:  168.0
--------------------  Trial  28   --------------------
Start timing: 
Parameters: 
{'W_layers': 8, 'W_layer_units_exponent_0': 7, 'W_layer_units_exponent_1': 9, 'W_layer_units_exponent_2': 8, 'W_layer_units_exponent_3': 5, 'W_layer_units_exponent_4': 10, 'W_layer_units_exponent_5': 6, 'W_layer_units_exponent_6': 5, 'W_layer_units_exponent_7': 4, 'D_layers': 3, 'D_layer_units_exponent_0': 5, 'D_layer_units_exponent_1': 4, 'D_layer_units_exponent_2': 7, 'log_learning_rate': -3.0967153009249717, 'log_learning_rate_D': -1.840923616632742, 'training_batch_size': 6, 'training_p': 3}
	 epoch  0 training error:  tensor(0.9641, device='cuda:0', grad_fn=<DivBackward0>)
Memory status after this epoch: 
Memory allocated:  65.34814453125
Memory cached:  168.0
	 epoch  10 training error:  tensor(0.5107, device='cuda:0', grad_fn=<DivBackward0>)
Memory status after this epoch: 
Memory allocated:  65.34814453125
Memory cached:  168.0
	 epoch  20 training error:  tensor(0.3174, device='cuda:0', grad_fn=<DivBackward0>)
Memory status after this epoch: 
Memory allocated:  65.34814453125
Memory cached:  168.0
	 epoch  30 training error:  tensor(0.2353, device='cuda:0', grad_fn=<DivBackward0>)
Memory status after this epoch: 
Memory allocated:  65.34814453125
Memory cached:  168.0
	 epoch  40 training error:  tensor(0.1588, device='cuda:0', grad_fn=<DivBackward0>)
Memory status after this epoch: 
Memory allocated:  65.34814453125
Memory cached:  168.0
	 epoch  50 training error:  tensor(0.1680, device='cuda:0', grad_fn=<DivBackward0>)
Memory status after this epoch: 
Memory allocated:  65.34814453125
Memory cached:  168.0
	 epoch  60 training error:  tensor(0.0943, device='cuda:0', grad_fn=<DivBackward0>)
Memory status after this epoch: 
Memory allocated:  65.34814453125
Memory cached:  168.0
	 epoch  70 training error:  tensor(0.1181, device='cuda:0', grad_fn=<DivBackward0>)
Memory status after this epoch: 
Memory allocated:  65.34814453125
Memory cached:  168.0
	 epoch  80 training error:  tensor(0.0976, device='cuda:0', grad_fn=<DivBackward0>)
Memory status after this epoch: 
Memory allocated:  65.34814453125
Memory cached:  168.0
	 epoch  90 training error:  tensor(0.0619, device='cuda:0', grad_fn=<DivBackward0>)
Memory status after this epoch: 
Memory allocated:  65.34814453125
Memory cached:  168.0
[I 2023-12-05 00:56:28,222] Trial 28 finished with value: 0.04170798510313034 and parameters: {'W_layers': 8, 'W_layer_units_exponent_0': 7, 'W_layer_units_exponent_1': 9, 'W_layer_units_exponent_2': 8, 'W_layer_units_exponent_3': 5, 'W_layer_units_exponent_4': 10, 'W_layer_units_exponent_5': 6, 'W_layer_units_exponent_6': 5, 'W_layer_units_exponent_7': 4, 'D_layers': 3, 'D_layer_units_exponent_0': 5, 'D_layer_units_exponent_1': 4, 'D_layer_units_exponent_2': 7, 'log_learning_rate': -3.0967153009249717, 'log_learning_rate_D': -1.840923616632742, 'training_batch_size': 6, 'training_p': 3}. Best is trial 28 with value: 0.04170798510313034.
res:  tensor(0.0417, device='cuda:0', grad_fn=<DivBackward0>)
self.bestValue:  tensor(0.0513, device='cuda:0', grad_fn=<DivBackward0>)
Save this model!
Time for this trial:  82.48522281646729
Memory status after this trial: 
Memory allocated:  53.87841796875
Memory cached:  148.0
--------------------  Trial  29   --------------------
Start timing: 
Parameters: 
{'W_layers': 8, 'W_layer_units_exponent_0': 8, 'W_layer_units_exponent_1': 8, 'W_layer_units_exponent_2': 9, 'W_layer_units_exponent_3': 4, 'W_layer_units_exponent_4': 5, 'W_layer_units_exponent_5': 5, 'W_layer_units_exponent_6': 5, 'W_layer_units_exponent_7': 4, 'D_layers': 4, 'D_layer_units_exponent_0': 5, 'D_layer_units_exponent_1': 5, 'D_layer_units_exponent_2': 8, 'D_layer_units_exponent_3': 6, 'log_learning_rate': -3.803789443180272, 'log_learning_rate_D': -2.7966355552632645, 'training_batch_size': 7, 'training_p': 2}
	 epoch  0 training error:  tensor(0.6882, device='cuda:0', grad_fn=<DivBackward0>)
Memory status after this epoch: 
Memory allocated:  57.5283203125
Memory cached:  152.0
	 epoch  10 training error:  tensor(0.6015, device='cuda:0', grad_fn=<DivBackward0>)
Memory status after this epoch: 
Memory allocated:  57.5283203125
Memory cached:  150.0
	 epoch  20 training error:  tensor(0.5866, device='cuda:0', grad_fn=<DivBackward0>)
Memory status after this epoch: 
Memory allocated:  57.5283203125
Memory cached:  150.0
	 epoch  30 training error:  tensor(0.5754, device='cuda:0', grad_fn=<DivBackward0>)
Memory status after this epoch: 
Memory allocated:  57.5283203125
Memory cached:  150.0
	 epoch  40 training error:  tensor(0.5431, device='cuda:0', grad_fn=<DivBackward0>)
Memory status after this epoch: 
Memory allocated:  57.5283203125
Memory cached:  150.0
	 epoch  50 training error:  tensor(0.4515, device='cuda:0', grad_fn=<DivBackward0>)
Memory status after this epoch: 
Memory allocated:  57.5283203125
Memory cached:  150.0
	 epoch  60 training error:  tensor(0.3204, device='cuda:0', grad_fn=<DivBackward0>)
Memory status after this epoch: 
Memory allocated:  57.5283203125
Memory cached:  150.0
	 epoch  70 training error:  tensor(0.2553, device='cuda:0', grad_fn=<DivBackward0>)
Memory status after this epoch: 
Memory allocated:  57.5283203125
Memory cached:  150.0
	 epoch  80 training error:  tensor(0.2152, device='cuda:0', grad_fn=<DivBackward0>)
Memory status after this epoch: 
Memory allocated:  57.5283203125
Memory cached:  150.0
	 epoch  90 training error:  tensor(0.1633, device='cuda:0', grad_fn=<DivBackward0>)
Memory status after this epoch: 
Memory allocated:  57.5283203125
Memory cached:  150.0
[I 2023-12-05 00:57:21,106] Trial 29 finished with value: 0.1274920254945755 and parameters: {'W_layers': 8, 'W_layer_units_exponent_0': 8, 'W_layer_units_exponent_1': 8, 'W_layer_units_exponent_2': 9, 'W_layer_units_exponent_3': 4, 'W_layer_units_exponent_4': 5, 'W_layer_units_exponent_5': 5, 'W_layer_units_exponent_6': 5, 'W_layer_units_exponent_7': 4, 'D_layers': 4, 'D_layer_units_exponent_0': 5, 'D_layer_units_exponent_1': 5, 'D_layer_units_exponent_2': 8, 'D_layer_units_exponent_3': 6, 'log_learning_rate': -3.803789443180272, 'log_learning_rate_D': -2.7966355552632645, 'training_batch_size': 7, 'training_p': 2}. Best is trial 28 with value: 0.04170798510313034.
Time for this trial:  52.694676637649536
Memory status after this trial: 
Memory allocated:  91.02490234375
Memory cached:  150.0
--------------------  Trial  30   --------------------
Start timing: 
Parameters: 
{'W_layers': 7, 'W_layer_units_exponent_0': 6, 'W_layer_units_exponent_1': 9, 'W_layer_units_exponent_2': 8, 'W_layer_units_exponent_3': 5, 'W_layer_units_exponent_4': 10, 'W_layer_units_exponent_5': 6, 'W_layer_units_exponent_6': 8, 'D_layers': 3, 'D_layer_units_exponent_0': 4, 'D_layer_units_exponent_1': 6, 'D_layer_units_exponent_2': 6, 'log_learning_rate': -3.243636606967998, 'log_learning_rate_D': -3.33162349745811, 'training_batch_size': 8, 'training_p': 4}
	 epoch  0 training error:  tensor(0.9183, device='cuda:0', grad_fn=<DivBackward0>)
Memory status after this epoch: 
Memory allocated:  58.4208984375
Memory cached:  152.0
	 epoch  10 training error:  tensor(0.6290, device='cuda:0', grad_fn=<DivBackward0>)
Memory status after this epoch: 
Memory allocated:  58.4208984375
Memory cached:  152.0
	 epoch  20 training error:  tensor(0.5947, device='cuda:0', grad_fn=<DivBackward0>)
Memory status after this epoch: 
Memory allocated:  58.4208984375
Memory cached:  152.0
	 epoch  30 training error:  tensor(0.5266, device='cuda:0', grad_fn=<DivBackward0>)
Memory status after this epoch: 
Memory allocated:  58.4208984375
Memory cached:  152.0
	 epoch  40 training error:  tensor(0.4333, device='cuda:0', grad_fn=<DivBackward0>)
Memory status after this epoch: 
Memory allocated:  58.4208984375
Memory cached:  152.0
	 epoch  50 training error:  tensor(0.4193, device='cuda:0', grad_fn=<DivBackward0>)
Memory status after this epoch: 
Memory allocated:  58.4208984375
Memory cached:  152.0
	 epoch  60 training error:  tensor(0.3987, device='cuda:0', grad_fn=<DivBackward0>)
Memory status after this epoch: 
Memory allocated:  58.4208984375
Memory cached:  152.0
	 epoch  70 training error:  tensor(0.3917, device='cuda:0', grad_fn=<DivBackward0>)
Memory status after this epoch: 
Memory allocated:  58.4208984375
Memory cached:  152.0
	 epoch  80 training error:  tensor(0.3807, device='cuda:0', grad_fn=<DivBackward0>)
Memory status after this epoch: 
Memory allocated:  58.4208984375
Memory cached:  152.0
	 epoch  90 training error:  tensor(0.3725, device='cuda:0', grad_fn=<DivBackward0>)
Memory status after this epoch: 
Memory allocated:  58.4208984375
Memory cached:  152.0
