[I 2023-12-03 08:32:49,123] Trial 24 finished with value: 0.04742450639605522 and parameters: {'W_layers': 7, 'W_layer_units_exponent_0': 7, 'W_layer_units_exponent_1': 6, 'W_layer_units_exponent_2': 5, 'W_layer_units_exponent_3': 7, 'W_layer_units_exponent_4': 5, 'W_layer_units_exponent_5': 8, 'W_layer_units_exponent_6': 5, 'D_layers': 6, 'D_layer_units_exponent_0': 8, 'D_layer_units_exponent_1': 9, 'D_layer_units_exponent_2': 6, 'D_layer_units_exponent_3': 6, 'D_layer_units_exponent_4': 5, 'D_layer_units_exponent_5': 6, 'D_dagger_layers': 6, 'D_dagger_layer_units_exponent_0': 9, 'D_dagger_layer_units_exponent_1': 8, 'D_dagger_layer_units_exponent_2': 7, 'D_dagger_layer_units_exponent_3': 9, 'D_dagger_layer_units_exponent_4': 9, 'D_dagger_layer_units_exponent_5': 8, 'log_learning_rate': -2.1255579592081775, 'log_learning_rate_D': -4.250630564670727, 'log_learning_rate_D_dagger': -3.677348372832103, 'training_batch_size': 11, 'training_p': 4}. Best is trial 12 with value: 0.04295838996767998.
Time for this trial:  232.32817101478577
Memory status after this trial: 
Memory allocated:  354.3212890625
Memory cached:  362.0
--------------------  Trial  25   --------------------
Start timing: 
Parameters: 
{'W_layers': 8, 'W_layer_units_exponent_0': 7, 'W_layer_units_exponent_1': 5, 'W_layer_units_exponent_2': 7, 'W_layer_units_exponent_3': 5, 'W_layer_units_exponent_4': 7, 'W_layer_units_exponent_5': 10, 'W_layer_units_exponent_6': 7, 'W_layer_units_exponent_7': 7, 'D_layers': 7, 'D_layer_units_exponent_0': 7, 'D_layer_units_exponent_1': 7, 'D_layer_units_exponent_2': 4, 'D_layer_units_exponent_3': 7, 'D_layer_units_exponent_4': 7, 'D_layer_units_exponent_5': 5, 'D_layer_units_exponent_6': 7, 'D_dagger_layers': 2, 'D_dagger_layer_units_exponent_0': 7, 'D_dagger_layer_units_exponent_1': 6, 'log_learning_rate': -1.7419189112579212, 'log_learning_rate_D': -3.7685198538996123, 'log_learning_rate_D_dagger': -3.134254361096236, 'training_batch_size': 8, 'training_p': 3}
	 epoch  0 training error:  tensor(0.6123, device='cuda:0', grad_fn=<DivBackward0>)
Memory status after this epoch: 
Memory allocated:  151.0458984375
Memory cached:  298.0
	 epoch  10 training error:  tensor(4.4519, device='cuda:0', grad_fn=<DivBackward0>)
Memory status after this epoch: 
Memory allocated:  151.0458984375
Memory cached:  334.0
	 epoch  20 training error:  tensor(1.9444, device='cuda:0', grad_fn=<DivBackward0>)
Memory status after this epoch: 
Memory allocated:  151.0458984375
Memory cached:  340.0
	 epoch  30 training error:  tensor(4.6234, device='cuda:0', grad_fn=<DivBackward0>)
Memory status after this epoch: 
Memory allocated:  151.0458984375
Memory cached:  336.0
	 epoch  40 training error:  tensor(1.3758, device='cuda:0', grad_fn=<DivBackward0>)
Memory status after this epoch: 
Memory allocated:  151.0458984375
Memory cached:  332.0
	 epoch  50 training error:  tensor(0.4322, device='cuda:0', grad_fn=<DivBackward0>)
Memory status after this epoch: 
Memory allocated:  151.0458984375
Memory cached:  334.0
	 epoch  60 training error:  tensor(0.2791, device='cuda:0', grad_fn=<DivBackward0>)
Memory status after this epoch: 
Memory allocated:  151.0458984375
Memory cached:  328.0
	 epoch  70 training error:  tensor(0.1963, device='cuda:0', grad_fn=<DivBackward0>)
Memory status after this epoch: 
Memory allocated:  151.0458984375
Memory cached:  330.0
	 epoch  80 training error:  tensor(0.1226, device='cuda:0', grad_fn=<DivBackward0>)
Memory status after this epoch: 
Memory allocated:  151.0458984375
Memory cached:  330.0
	 epoch  90 training error:  tensor(0.0935, device='cuda:0', grad_fn=<DivBackward0>)
Memory status after this epoch: 
Memory allocated:  151.0458984375
Memory cached:  328.0
[I 2023-12-03 08:36:11,711] Trial 25 finished with value: 0.08149339258670807 and parameters: {'W_layers': 8, 'W_layer_units_exponent_0': 7, 'W_layer_units_exponent_1': 5, 'W_layer_units_exponent_2': 7, 'W_layer_units_exponent_3': 5, 'W_layer_units_exponent_4': 7, 'W_layer_units_exponent_5': 10, 'W_layer_units_exponent_6': 7, 'W_layer_units_exponent_7': 7, 'D_layers': 7, 'D_layer_units_exponent_0': 7, 'D_layer_units_exponent_1': 7, 'D_layer_units_exponent_2': 4, 'D_layer_units_exponent_3': 7, 'D_layer_units_exponent_4': 7, 'D_layer_units_exponent_5': 5, 'D_layer_units_exponent_6': 7, 'D_dagger_layers': 2, 'D_dagger_layer_units_exponent_0': 7, 'D_dagger_layer_units_exponent_1': 6, 'log_learning_rate': -1.7419189112579212, 'log_learning_rate_D': -3.7685198538996123, 'log_learning_rate_D_dagger': -3.134254361096236, 'training_batch_size': 8, 'training_p': 3}. Best is trial 12 with value: 0.04295838996767998.
Time for this trial:  202.2824354171753
Memory status after this trial: 
Memory allocated:  285.38818359375
Memory cached:  312.0
--------------------  Trial  26   --------------------
Start timing: 
Parameters: 
{'W_layers': 5, 'W_layer_units_exponent_0': 4, 'W_layer_units_exponent_1': 7, 'W_layer_units_exponent_2': 6, 'W_layer_units_exponent_3': 6, 'W_layer_units_exponent_4': 4, 'D_layers': 5, 'D_layer_units_exponent_0': 6, 'D_layer_units_exponent_1': 8, 'D_layer_units_exponent_2': 5, 'D_layer_units_exponent_3': 4, 'D_layer_units_exponent_4': 4, 'D_dagger_layers': 5, 'D_dagger_layer_units_exponent_0': 6, 'D_dagger_layer_units_exponent_1': 4, 'D_dagger_layer_units_exponent_2': 7, 'D_dagger_layer_units_exponent_3': 8, 'D_dagger_layer_units_exponent_4': 7, 'log_learning_rate': -2.3000882656968384, 'log_learning_rate_D': -3.2498035191261807, 'log_learning_rate_D_dagger': -4.1640190391335015, 'training_batch_size': 12, 'training_p': 2}
	 epoch  0 training error:  tensor(0.6624, device='cuda:0', grad_fn=<DivBackward0>)
Memory status after this epoch: 
Memory allocated:  147.3720703125
Memory cached:  298.0
	 epoch  10 training error:  tensor(0.2139, device='cuda:0', grad_fn=<DivBackward0>)
Memory status after this epoch: 
Memory allocated:  147.3720703125
Memory cached:  306.0
	 epoch  20 training error:  tensor(0.1834, device='cuda:0', grad_fn=<DivBackward0>)
Memory status after this epoch: 
Memory allocated:  147.3720703125
Memory cached:  308.0
	 epoch  30 training error:  tensor(0.1483, device='cuda:0', grad_fn=<DivBackward0>)
Memory status after this epoch: 
Memory allocated:  147.3720703125
Memory cached:  310.0
	 epoch  40 training error:  tensor(0.1180, device='cuda:0', grad_fn=<DivBackward0>)
Memory status after this epoch: 
Memory allocated:  147.3720703125
Memory cached:  308.0
	 epoch  50 training error:  tensor(0.1045, device='cuda:0', grad_fn=<DivBackward0>)
Memory status after this epoch: 
Memory allocated:  147.3720703125
Memory cached:  310.0
	 epoch  60 training error:  tensor(0.0889, device='cuda:0', grad_fn=<DivBackward0>)
Memory status after this epoch: 
Memory allocated:  147.3720703125
Memory cached:  312.0
	 epoch  70 training error:  tensor(0.0759, device='cuda:0', grad_fn=<DivBackward0>)
Memory status after this epoch: 
Memory allocated:  147.3720703125
Memory cached:  306.0
	 epoch  80 training error:  tensor(0.0671, device='cuda:0', grad_fn=<DivBackward0>)
Memory status after this epoch: 
Memory allocated:  147.3720703125
Memory cached:  308.0
	 epoch  90 training error:  tensor(0.0600, device='cuda:0', grad_fn=<DivBackward0>)
Memory status after this epoch: 
Memory allocated:  147.3720703125
Memory cached:  312.0
[I 2023-12-03 08:39:10,650] Trial 26 finished with value: 0.06615638732910156 and parameters: {'W_layers': 5, 'W_layer_units_exponent_0': 4, 'W_layer_units_exponent_1': 7, 'W_layer_units_exponent_2': 6, 'W_layer_units_exponent_3': 6, 'W_layer_units_exponent_4': 4, 'D_layers': 5, 'D_layer_units_exponent_0': 6, 'D_layer_units_exponent_1': 8, 'D_layer_units_exponent_2': 5, 'D_layer_units_exponent_3': 4, 'D_layer_units_exponent_4': 4, 'D_dagger_layers': 5, 'D_dagger_layer_units_exponent_0': 6, 'D_dagger_layer_units_exponent_1': 4, 'D_dagger_layer_units_exponent_2': 7, 'D_dagger_layer_units_exponent_3': 8, 'D_dagger_layer_units_exponent_4': 7, 'log_learning_rate': -2.3000882656968384, 'log_learning_rate_D': -3.2498035191261807, 'log_learning_rate_D_dagger': -4.1640190391335015, 'training_batch_size': 12, 'training_p': 2}. Best is trial 12 with value: 0.04295838996767998.
Time for this trial:  178.64301133155823
Memory status after this trial: 
Memory allocated:  213.78173828125
Memory cached:  302.0
--------------------  Trial  27   --------------------
Start timing: 
Parameters: 
{'W_layers': 7, 'W_layer_units_exponent_0': 6, 'W_layer_units_exponent_1': 8, 'W_layer_units_exponent_2': 8, 'W_layer_units_exponent_3': 4, 'W_layer_units_exponent_4': 8, 'W_layer_units_exponent_5': 7, 'W_layer_units_exponent_6': 5, 'D_layers': 4, 'D_layer_units_exponent_0': 9, 'D_layer_units_exponent_1': 7, 'D_layer_units_exponent_2': 4, 'D_layer_units_exponent_3': 8, 'D_dagger_layers': 4, 'D_dagger_layer_units_exponent_0': 10, 'D_dagger_layer_units_exponent_1': 5, 'D_dagger_layer_units_exponent_2': 5, 'D_dagger_layer_units_exponent_3': 10, 'log_learning_rate': -1.0119000400645655, 'log_learning_rate_D': -3.642932873298478, 'log_learning_rate_D_dagger': -3.6438585740280853, 'training_batch_size': 9, 'training_p': 5}
	 epoch  0 training error:  tensor(0.7812, device='cuda:0', grad_fn=<DivBackward0>)
Memory status after this epoch: 
Memory allocated:  149.9892578125
Memory cached:  302.0
	 epoch  10 training error:  tensor(9068.3896, device='cuda:0', grad_fn=<DivBackward0>)
Memory status after this epoch: 
Memory allocated:  149.9892578125
Memory cached:  320.0
	 epoch  20 training error:  tensor(558.4271, device='cuda:0', grad_fn=<DivBackward0>)
Memory status after this epoch: 
Memory allocated:  149.9892578125
Memory cached:  322.0
	 epoch  30 training error:  tensor(1555.0643, device='cuda:0', grad_fn=<DivBackward0>)
Memory status after this epoch: 
Memory allocated:  149.9892578125
Memory cached:  322.0
	 epoch  40 training error:  tensor(982.7124, device='cuda:0', grad_fn=<DivBackward0>)
Memory status after this epoch: 
Memory allocated:  149.9892578125
Memory cached:  322.0
	 epoch  50 training error:  tensor(445.8202, device='cuda:0', grad_fn=<DivBackward0>)
Memory status after this epoch: 
Memory allocated:  149.9892578125
Memory cached:  336.0
	 epoch  60 training error:  tensor(43.9099, device='cuda:0', grad_fn=<DivBackward0>)
Memory status after this epoch: 
Memory allocated:  149.9892578125
Memory cached:  326.0
	 epoch  70 training error:  tensor(56.5971, device='cuda:0', grad_fn=<DivBackward0>)
Memory status after this epoch: 
Memory allocated:  149.9892578125
Memory cached:  326.0
	 epoch  80 training error:  tensor(52.0565, device='cuda:0', grad_fn=<DivBackward0>)
Memory status after this epoch: 
Memory allocated:  149.9892578125
Memory cached:  324.0
	 epoch  90 training error:  tensor(7.9734, device='cuda:0', grad_fn=<DivBackward0>)
Memory status after this epoch: 
Memory allocated:  149.9892578125
Memory cached:  326.0
[I 2023-12-03 08:42:31,811] Trial 27 finished with value: 0.4484499394893646 and parameters: {'W_layers': 7, 'W_layer_units_exponent_0': 6, 'W_layer_units_exponent_1': 8, 'W_layer_units_exponent_2': 8, 'W_layer_units_exponent_3': 4, 'W_layer_units_exponent_4': 8, 'W_layer_units_exponent_5': 7, 'W_layer_units_exponent_6': 5, 'D_layers': 4, 'D_layer_units_exponent_0': 9, 'D_layer_units_exponent_1': 7, 'D_layer_units_exponent_2': 4, 'D_layer_units_exponent_3': 8, 'D_dagger_layers': 4, 'D_dagger_layer_units_exponent_0': 10, 'D_dagger_layer_units_exponent_1': 5, 'D_dagger_layer_units_exponent_2': 5, 'D_dagger_layer_units_exponent_3': 10, 'log_learning_rate': -1.0119000400645655, 'log_learning_rate_D': -3.642932873298478, 'log_learning_rate_D_dagger': -3.6438585740280853, 'training_batch_size': 9, 'training_p': 5}. Best is trial 12 with value: 0.04295838996767998.
Time for this trial:  200.88479280471802
Memory status after this trial: 
Memory allocated:  353.40234375
Memory cached:  356.0
--------------------  Trial  28   --------------------
Start timing: 
Parameters: 
{'W_layers': 6, 'W_layer_units_exponent_0': 8, 'W_layer_units_exponent_1': 6, 'W_layer_units_exponent_2': 4, 'W_layer_units_exponent_3': 5, 'W_layer_units_exponent_4': 9, 'W_layer_units_exponent_5': 9, 'D_layers': 2, 'D_layer_units_exponent_0': 5, 'D_layer_units_exponent_1': 6, 'D_dagger_layers': 3, 'D_dagger_layer_units_exponent_0': 8, 'D_dagger_layer_units_exponent_1': 4, 'D_dagger_layer_units_exponent_2': 8, 'log_learning_rate': -2.566021839836053, 'log_learning_rate_D': -4.057173705462235, 'log_learning_rate_D_dagger': -3.2941150163215016, 'training_batch_size': 10, 'training_p': 4}
	 epoch  0 training error:  tensor(0.7985, device='cuda:0', grad_fn=<DivBackward0>)
Memory status after this epoch: 
Memory allocated:  150.4208984375
Memory cached:  300.0
	 epoch  10 training error:  tensor(1.1503, device='cuda:0', grad_fn=<DivBackward0>)
Memory status after this epoch: 
Memory allocated:  150.4208984375
Memory cached:  336.0
	 epoch  20 training error:  tensor(0.2361, device='cuda:0', grad_fn=<DivBackward0>)
Memory status after this epoch: 
Memory allocated:  150.4208984375
Memory cached:  334.0
	 epoch  30 training error:  tensor(0.1350, device='cuda:0', grad_fn=<DivBackward0>)
Memory status after this epoch: 
Memory allocated:  150.4208984375
Memory cached:  334.0
	 epoch  40 training error:  tensor(0.0909, device='cuda:0', grad_fn=<DivBackward0>)
Memory status after this epoch: 
Memory allocated:  150.4208984375
Memory cached:  326.0
	 epoch  50 training error:  tensor(0.0919, device='cuda:0', grad_fn=<DivBackward0>)
Memory status after this epoch: 
Memory allocated:  150.4208984375
Memory cached:  340.0
	 epoch  60 training error:  tensor(0.0766, device='cuda:0', grad_fn=<DivBackward0>)
Memory status after this epoch: 
Memory allocated:  150.4208984375
Memory cached:  334.0
	 epoch  70 training error:  tensor(0.0696, device='cuda:0', grad_fn=<DivBackward0>)
Memory status after this epoch: 
Memory allocated:  150.4208984375
Memory cached:  332.0
	 epoch  80 training error:  tensor(0.0626, device='cuda:0', grad_fn=<DivBackward0>)
Memory status after this epoch: 
Memory allocated:  150.4208984375
Memory cached:  330.0
	 epoch  90 training error:  tensor(0.0591, device='cuda:0', grad_fn=<DivBackward0>)
Memory status after this epoch: 
Memory allocated:  150.4208984375
Memory cached:  336.0
[I 2023-12-03 08:45:08,057] Trial 28 finished with value: 0.05118253454566002 and parameters: {'W_layers': 6, 'W_layer_units_exponent_0': 8, 'W_layer_units_exponent_1': 6, 'W_layer_units_exponent_2': 4, 'W_layer_units_exponent_3': 5, 'W_layer_units_exponent_4': 9, 'W_layer_units_exponent_5': 9, 'D_layers': 2, 'D_layer_units_exponent_0': 5, 'D_layer_units_exponent_1': 6, 'D_dagger_layers': 3, 'D_dagger_layer_units_exponent_0': 8, 'D_dagger_layer_units_exponent_1': 4, 'D_dagger_layer_units_exponent_2': 8, 'log_learning_rate': -2.566021839836053, 'log_learning_rate_D': -4.057173705462235, 'log_learning_rate_D_dagger': -3.2941150163215016, 'training_batch_size': 10, 'training_p': 4}. Best is trial 12 with value: 0.04295838996767998.
Time for this trial:  155.98017811775208
Memory status after this trial: 
Memory allocated:  250.037109375
Memory cached:  314.0
--------------------  Trial  29   --------------------
Start timing: 
Parameters: 
{'W_layers': 8, 'W_layer_units_exponent_0': 8, 'W_layer_units_exponent_1': 7, 'W_layer_units_exponent_2': 5, 'W_layer_units_exponent_3': 7, 'W_layer_units_exponent_4': 6, 'W_layer_units_exponent_5': 6, 'W_layer_units_exponent_6': 6, 'W_layer_units_exponent_7': 4, 'D_layers': 3, 'D_layer_units_exponent_0': 8, 'D_layer_units_exponent_1': 9, 'D_layer_units_exponent_2': 6, 'D_dagger_layers': 8, 'D_dagger_layer_units_exponent_0': 5, 'D_dagger_layer_units_exponent_1': 10, 'D_dagger_layer_units_exponent_2': 6, 'D_dagger_layer_units_exponent_3': 6, 'D_dagger_layer_units_exponent_4': 10, 'D_dagger_layer_units_exponent_5': 5, 'D_dagger_layer_units_exponent_6': 10, 'D_dagger_layer_units_exponent_7': 4, 'log_learning_rate': -2.009392762359396, 'log_learning_rate_D': -4.493509759137808, 'log_learning_rate_D_dagger': -4.6070134486994725, 'training_batch_size': 9, 'training_p': 8}
	 epoch  0 training error:  tensor(0.9813, device='cuda:0', grad_fn=<DivBackward0>)
Memory status after this epoch: 
Memory allocated:  152.9833984375
Memory cached:  300.0
	 epoch  10 training error:  tensor(0.1761, device='cuda:0', grad_fn=<DivBackward0>)
Memory status after this epoch: 
Memory allocated:  152.9833984375
Memory cached:  320.0
	 epoch  20 training error:  tensor(0.2236, device='cuda:0', grad_fn=<DivBackward0>)
Memory status after this epoch: 
Memory allocated:  152.9833984375
Memory cached:  324.0
	 epoch  30 training error:  tensor(0.1687, device='cuda:0', grad_fn=<DivBackward0>)
Memory status after this epoch: 
Memory allocated:  152.9833984375
Memory cached:  328.0
	 epoch  40 training error:  tensor(0.1642, device='cuda:0', grad_fn=<DivBackward0>)
Memory status after this epoch: 
Memory allocated:  152.9833984375
Memory cached:  320.0
	 epoch  50 training error:  tensor(0.1524, device='cuda:0', grad_fn=<DivBackward0>)
Memory status after this epoch: 
Memory allocated:  152.9833984375
Memory cached:  322.0
	 epoch  60 training error:  tensor(0.1418, device='cuda:0', grad_fn=<DivBackward0>)
Memory status after this epoch: 
Memory allocated:  152.9833984375
Memory cached:  320.0
	 epoch  70 training error:  tensor(0.1307, device='cuda:0', grad_fn=<DivBackward0>)
Memory status after this epoch: 
Memory allocated:  152.9833984375
Memory cached:  314.0
	 epoch  80 training error:  tensor(0.1179, device='cuda:0', grad_fn=<DivBackward0>)
Memory status after this epoch: 
Memory allocated:  152.9833984375
Memory cached:  322.0
	 epoch  90 training error:  tensor(0.1106, device='cuda:0', grad_fn=<DivBackward0>)
Memory status after this epoch: 
Memory allocated:  152.9833984375
Memory cached:  320.0
[I 2023-12-03 08:49:06,579] Trial 29 finished with value: 0.08861201256513596 and parameters: {'W_layers': 8, 'W_layer_units_exponent_0': 8, 'W_layer_units_exponent_1': 7, 'W_layer_units_exponent_2': 5, 'W_layer_units_exponent_3': 7, 'W_layer_units_exponent_4': 6, 'W_layer_units_exponent_5': 6, 'W_layer_units_exponent_6': 6, 'W_layer_units_exponent_7': 4, 'D_layers': 3, 'D_layer_units_exponent_0': 8, 'D_layer_units_exponent_1': 9, 'D_layer_units_exponent_2': 6, 'D_dagger_layers': 8, 'D_dagger_layer_units_exponent_0': 5, 'D_dagger_layer_units_exponent_1': 10, 'D_dagger_layer_units_exponent_2': 6, 'D_dagger_layer_units_exponent_3': 6, 'D_dagger_layer_units_exponent_4': 10, 'D_dagger_layer_units_exponent_5': 5, 'D_dagger_layer_units_exponent_6': 10, 'D_dagger_layer_units_exponent_7': 4, 'log_learning_rate': -2.009392762359396, 'log_learning_rate_D': -4.493509759137808, 'log_learning_rate_D_dagger': -4.6070134486994725, 'training_batch_size': 9, 'training_p': 8}. Best is trial 12 with value: 0.04295838996767998.
Time for this trial:  238.1998381614685
Memory status after this trial: 
Memory allocated:  408.59130859375
Memory cached:  414.0
--------------------  Trial  30   --------------------
Start timing: 
Parameters: 
{'W_layers': 4, 'W_layer_units_exponent_0': 7, 'W_layer_units_exponent_1': 9, 'W_layer_units_exponent_2': 7, 'W_layer_units_exponent_3': 6, 'D_layers': 4, 'D_layer_units_exponent_0': 7, 'D_layer_units_exponent_1': 7, 'D_layer_units_exponent_2': 7, 'D_layer_units_exponent_3': 5, 'D_dagger_layers': 4, 'D_dagger_layer_units_exponent_0': 9, 'D_dagger_layer_units_exponent_1': 6, 'D_dagger_layer_units_exponent_2': 7, 'D_dagger_layer_units_exponent_3': 9, 'log_learning_rate': -1.3532681451510993, 'log_learning_rate_D': -4.07280632222515, 'log_learning_rate_D_dagger': -4.772131768672933, 'training_batch_size': 11, 'training_p': 8}
	 epoch  0 training error:  tensor(1.1004, device='cuda:0', grad_fn=<DivBackward0>)
Memory status after this epoch: 
Memory allocated:  150.0986328125
Memory cached:  300.0
	 epoch  10 training error:  tensor(1.4734, device='cuda:0', grad_fn=<DivBackward0>)
Memory status after this epoch: 
Memory allocated:  150.0986328125
Memory cached:  326.0
	 epoch  20 training error:  tensor(2.5233, device='cuda:0', grad_fn=<DivBackward0>)
Memory status after this epoch: 
Memory allocated:  150.0986328125
Memory cached:  322.0
	 epoch  30 training error:  tensor(2.6556, device='cuda:0', grad_fn=<DivBackward0>)
Memory status after this epoch: 
Memory allocated:  150.0986328125
Memory cached:  330.0
	 epoch  40 training error:  tensor(0.4188, device='cuda:0', grad_fn=<DivBackward0>)
Memory status after this epoch: 
Memory allocated:  150.0986328125
Memory cached:  322.0
	 epoch  50 training error:  tensor(0.8561, device='cuda:0', grad_fn=<DivBackward0>)
Memory status after this epoch: 
Memory allocated:  150.0986328125
Memory cached:  330.0
	 epoch  60 training error:  tensor(0.7480, device='cuda:0', grad_fn=<DivBackward0>)
Memory status after this epoch: 
Memory allocated:  150.0986328125
Memory cached:  328.0
	 epoch  70 training error:  tensor(0.5959, device='cuda:0', grad_fn=<DivBackward0>)
Memory status after this epoch: 
Memory allocated:  150.0986328125
Memory cached:  316.0
	 epoch  80 training error:  tensor(0.4288, device='cuda:0', grad_fn=<DivBackward0>)
Memory status after this epoch: 
Memory allocated:  150.0986328125
Memory cached:  330.0
	 epoch  90 training error:  tensor(0.3291, device='cuda:0', grad_fn=<DivBackward0>)
Memory status after this epoch: 
Memory allocated:  150.0986328125
Memory cached:  320.0
