[I 2023-12-02 23:40:28,165] Trial 39 finished with value: 0.08793419599533081 and parameters: {'W_layers': 7, 'W_layer_units_exponent_0': 7, 'W_layer_units_exponent_1': 10, 'W_layer_units_exponent_2': 5, 'W_layer_units_exponent_3': 6, 'W_layer_units_exponent_4': 5, 'W_layer_units_exponent_5': 4, 'W_layer_units_exponent_6': 8, 'D_layers': 7, 'D_layer_units_exponent_0': 7, 'D_layer_units_exponent_1': 7, 'D_layer_units_exponent_2': 8, 'D_layer_units_exponent_3': 8, 'D_layer_units_exponent_4': 10, 'D_layer_units_exponent_5': 6, 'D_layer_units_exponent_6': 8, 'log_learning_rate': -2.6099844335284565, 'log_learning_rate_D': -3.6444880434754925, 'training_batch_size': 8, 'training_p': 5}. Best is trial 35 with value: 0.03246564790606499.
Time for this trial:  62.12538003921509
Memory status after this trial: 
Memory allocated:  175.22021484375
Memory cached:  182.0
--------------------  Trial  40   --------------------
Start timing: 
Parameters: 
{'W_layers': 8, 'W_layer_units_exponent_0': 6, 'W_layer_units_exponent_1': 9, 'W_layer_units_exponent_2': 7, 'W_layer_units_exponent_3': 6, 'W_layer_units_exponent_4': 8, 'W_layer_units_exponent_5': 6, 'W_layer_units_exponent_6': 5, 'W_layer_units_exponent_7': 6, 'D_layers': 6, 'D_layer_units_exponent_0': 10, 'D_layer_units_exponent_1': 9, 'D_layer_units_exponent_2': 7, 'D_layer_units_exponent_3': 6, 'D_layer_units_exponent_4': 7, 'D_layer_units_exponent_5': 7, 'log_learning_rate': -2.262636577967135, 'log_learning_rate_D': -4.221787809649343, 'training_batch_size': 10, 'training_p': 4}
	 epoch  0 training error:  tensor(0.1200, device='cuda:0', grad_fn=<DivBackward0>)
Memory status after this epoch: 
Memory allocated:  98.6318359375
Memory cached:  172.0
	 epoch  10 training error:  tensor(0.3255, device='cuda:0', grad_fn=<DivBackward0>)
Memory status after this epoch: 
Memory allocated:  98.6318359375
Memory cached:  172.0
	 epoch  20 training error:  tensor(0.0810, device='cuda:0', grad_fn=<DivBackward0>)
Memory status after this epoch: 
Memory allocated:  98.6318359375
Memory cached:  172.0
	 epoch  30 training error:  tensor(0.0708, device='cuda:0', grad_fn=<DivBackward0>)
Memory status after this epoch: 
Memory allocated:  98.6318359375
Memory cached:  172.0
	 epoch  40 training error:  tensor(0.0904, device='cuda:0', grad_fn=<DivBackward0>)
Memory status after this epoch: 
Memory allocated:  98.6318359375
Memory cached:  172.0
	 epoch  50 training error:  tensor(0.0633, device='cuda:0', grad_fn=<DivBackward0>)
Memory status after this epoch: 
Memory allocated:  98.6318359375
Memory cached:  172.0
	 epoch  60 training error:  tensor(0.0541, device='cuda:0', grad_fn=<DivBackward0>)
Memory status after this epoch: 
Memory allocated:  98.6318359375
Memory cached:  172.0
	 epoch  70 training error:  tensor(0.0469, device='cuda:0', grad_fn=<DivBackward0>)
Memory status after this epoch: 
Memory allocated:  98.6318359375
Memory cached:  172.0
	 epoch  80 training error:  tensor(0.0670, device='cuda:0', grad_fn=<DivBackward0>)
Memory status after this epoch: 
Memory allocated:  98.6318359375
Memory cached:  172.0
	 epoch  90 training error:  tensor(0.0466, device='cuda:0', grad_fn=<DivBackward0>)
Memory status after this epoch: 
Memory allocated:  98.6318359375
Memory cached:  172.0
[I 2023-12-02 23:41:28,811] Trial 40 finished with value: 0.03751823306083679 and parameters: {'W_layers': 8, 'W_layer_units_exponent_0': 6, 'W_layer_units_exponent_1': 9, 'W_layer_units_exponent_2': 7, 'W_layer_units_exponent_3': 6, 'W_layer_units_exponent_4': 8, 'W_layer_units_exponent_5': 6, 'W_layer_units_exponent_6': 5, 'W_layer_units_exponent_7': 6, 'D_layers': 6, 'D_layer_units_exponent_0': 10, 'D_layer_units_exponent_1': 9, 'D_layer_units_exponent_2': 7, 'D_layer_units_exponent_3': 6, 'D_layer_units_exponent_4': 7, 'D_layer_units_exponent_5': 7, 'log_learning_rate': -2.262636577967135, 'log_learning_rate_D': -4.221787809649343, 'training_batch_size': 10, 'training_p': 4}. Best is trial 35 with value: 0.03246564790606499.
Time for this trial:  60.405919551849365
Memory status after this trial: 
Memory allocated:  164.86962890625
Memory cached:  184.0
--------------------  Trial  41   --------------------
Start timing: 
Parameters: 
{'W_layers': 4, 'W_layer_units_exponent_0': 8, 'W_layer_units_exponent_1': 7, 'W_layer_units_exponent_2': 6, 'W_layer_units_exponent_3': 7, 'D_layers': 2, 'D_layer_units_exponent_0': 8, 'D_layer_units_exponent_1': 10, 'log_learning_rate': -3.5846842569229027, 'log_learning_rate_D': -3.2108223658296398, 'training_batch_size': 9, 'training_p': 7}
	 epoch  0 training error:  tensor(0.8231, device='cuda:0', grad_fn=<DivBackward0>)
Memory status after this epoch: 
Memory allocated:  91.6611328125
Memory cached:  152.0
	 epoch  10 training error:  tensor(0.1455, device='cuda:0', grad_fn=<DivBackward0>)
Memory status after this epoch: 
Memory allocated:  91.6611328125
Memory cached:  152.0
	 epoch  20 training error:  tensor(0.0735, device='cuda:0', grad_fn=<DivBackward0>)
Memory status after this epoch: 
Memory allocated:  91.6611328125
Memory cached:  152.0
	 epoch  30 training error:  tensor(0.0601, device='cuda:0', grad_fn=<DivBackward0>)
Memory status after this epoch: 
Memory allocated:  91.6611328125
Memory cached:  152.0
	 epoch  40 training error:  tensor(0.0493, device='cuda:0', grad_fn=<DivBackward0>)
Memory status after this epoch: 
Memory allocated:  91.6611328125
Memory cached:  152.0
	 epoch  50 training error:  tensor(0.0467, device='cuda:0', grad_fn=<DivBackward0>)
Memory status after this epoch: 
Memory allocated:  91.6611328125
Memory cached:  152.0
	 epoch  60 training error:  tensor(0.0455, device='cuda:0', grad_fn=<DivBackward0>)
Memory status after this epoch: 
Memory allocated:  91.6611328125
Memory cached:  152.0
	 epoch  70 training error:  tensor(0.0442, device='cuda:0', grad_fn=<DivBackward0>)
Memory status after this epoch: 
Memory allocated:  91.6611328125
Memory cached:  152.0
	 epoch  80 training error:  tensor(0.0433, device='cuda:0', grad_fn=<DivBackward0>)
Memory status after this epoch: 
Memory allocated:  91.6611328125
Memory cached:  152.0
	 epoch  90 training error:  tensor(0.0423, device='cuda:0', grad_fn=<DivBackward0>)
Memory status after this epoch: 
Memory allocated:  91.6611328125
Memory cached:  152.0
[I 2023-12-02 23:42:08,717] Trial 41 finished with value: 0.03892678767442703 and parameters: {'W_layers': 4, 'W_layer_units_exponent_0': 8, 'W_layer_units_exponent_1': 7, 'W_layer_units_exponent_2': 6, 'W_layer_units_exponent_3': 7, 'D_layers': 2, 'D_layer_units_exponent_0': 8, 'D_layer_units_exponent_1': 10, 'log_learning_rate': -3.5846842569229027, 'log_learning_rate_D': -3.2108223658296398, 'training_batch_size': 9, 'training_p': 7}. Best is trial 35 with value: 0.03246564790606499.
Time for this trial:  39.722639322280884
Memory status after this trial: 
Memory allocated:  131.51611328125
Memory cached:  152.0
--------------------  Trial  42   --------------------
Start timing: 
Parameters: 
{'W_layers': 7, 'W_layer_units_exponent_0': 5, 'W_layer_units_exponent_1': 9, 'W_layer_units_exponent_2': 5, 'W_layer_units_exponent_3': 5, 'W_layer_units_exponent_4': 6, 'W_layer_units_exponent_5': 7, 'W_layer_units_exponent_6': 6, 'D_layers': 5, 'D_layer_units_exponent_0': 6, 'D_layer_units_exponent_1': 9, 'D_layer_units_exponent_2': 5, 'D_layer_units_exponent_3': 10, 'D_layer_units_exponent_4': 9, 'log_learning_rate': -2.020264324832659, 'log_learning_rate_D': -3.4715864491722055, 'training_batch_size': 7, 'training_p': 6}
	 epoch  0 training error:  tensor(0.1917, device='cuda:0', grad_fn=<DivBackward0>)
Memory status after this epoch: 
Memory allocated:  96.9423828125
Memory cached:  172.0
	 epoch  10 training error:  tensor(0.4196, device='cuda:0', grad_fn=<DivBackward0>)
Memory status after this epoch: 
Memory allocated:  96.9423828125
Memory cached:  172.0
	 epoch  20 training error:  tensor(0.1631, device='cuda:0', grad_fn=<DivBackward0>)
Memory status after this epoch: 
Memory allocated:  96.9423828125
Memory cached:  172.0
	 epoch  30 training error:  tensor(0.1127, device='cuda:0', grad_fn=<DivBackward0>)
Memory status after this epoch: 
Memory allocated:  96.9423828125
Memory cached:  172.0
	 epoch  40 training error:  tensor(0.0720, device='cuda:0', grad_fn=<DivBackward0>)
Memory status after this epoch: 
Memory allocated:  96.9423828125
Memory cached:  172.0
	 epoch  50 training error:  tensor(0.0605, device='cuda:0', grad_fn=<DivBackward0>)
Memory status after this epoch: 
Memory allocated:  96.9423828125
Memory cached:  172.0
	 epoch  60 training error:  tensor(0.0493, device='cuda:0', grad_fn=<DivBackward0>)
Memory status after this epoch: 
Memory allocated:  96.9423828125
Memory cached:  172.0
	 epoch  70 training error:  tensor(0.0442, device='cuda:0', grad_fn=<DivBackward0>)
Memory status after this epoch: 
Memory allocated:  96.9423828125
Memory cached:  172.0
	 epoch  80 training error:  tensor(0.0477, device='cuda:0', grad_fn=<DivBackward0>)
Memory status after this epoch: 
Memory allocated:  96.9423828125
Memory cached:  172.0
	 epoch  90 training error:  tensor(0.0363, device='cuda:0', grad_fn=<DivBackward0>)
Memory status after this epoch: 
Memory allocated:  96.9423828125
Memory cached:  172.0
[I 2023-12-02 23:43:05,276] Trial 42 finished with value: 0.035277318209409714 and parameters: {'W_layers': 7, 'W_layer_units_exponent_0': 5, 'W_layer_units_exponent_1': 9, 'W_layer_units_exponent_2': 5, 'W_layer_units_exponent_3': 5, 'W_layer_units_exponent_4': 6, 'W_layer_units_exponent_5': 7, 'W_layer_units_exponent_6': 6, 'D_layers': 5, 'D_layer_units_exponent_0': 6, 'D_layer_units_exponent_1': 9, 'D_layer_units_exponent_2': 5, 'D_layer_units_exponent_3': 10, 'D_layer_units_exponent_4': 9, 'log_learning_rate': -2.020264324832659, 'log_learning_rate_D': -3.4715864491722055, 'training_batch_size': 7, 'training_p': 6}. Best is trial 35 with value: 0.03246564790606499.
Time for this trial:  56.364898443222046
Memory status after this trial: 
Memory allocated:  160.326171875
Memory cached:  178.0
--------------------  Trial  43   --------------------
Start timing: 
Parameters: 
{'W_layers': 3, 'W_layer_units_exponent_0': 7, 'W_layer_units_exponent_1': 8, 'W_layer_units_exponent_2': 7, 'D_layers': 7, 'D_layer_units_exponent_0': 5, 'D_layer_units_exponent_1': 8, 'D_layer_units_exponent_2': 8, 'D_layer_units_exponent_3': 7, 'D_layer_units_exponent_4': 8, 'D_layer_units_exponent_5': 9, 'D_layer_units_exponent_6': 10, 'log_learning_rate': -2.907064222414024, 'log_learning_rate_D': -3.823660087473606, 'training_batch_size': 11, 'training_p': 2}
	 epoch  0 training error:  tensor(1.1467, device='cuda:0', grad_fn=<DivBackward0>)
Memory status after this epoch: 
Memory allocated:  100.0322265625
Memory cached:  174.0
	 epoch  10 training error:  tensor(0.6910, device='cuda:0', grad_fn=<DivBackward0>)
Memory status after this epoch: 
Memory allocated:  100.0322265625
Memory cached:  174.0
	 epoch  20 training error:  tensor(0.2324, device='cuda:0', grad_fn=<DivBackward0>)
Memory status after this epoch: 
Memory allocated:  100.0322265625
Memory cached:  174.0
	 epoch  30 training error:  tensor(0.1567, device='cuda:0', grad_fn=<DivBackward0>)
Memory status after this epoch: 
Memory allocated:  100.0322265625
Memory cached:  174.0
	 epoch  40 training error:  tensor(0.0882, device='cuda:0', grad_fn=<DivBackward0>)
Memory status after this epoch: 
Memory allocated:  100.0322265625
Memory cached:  174.0
	 epoch  50 training error:  tensor(0.0611, device='cuda:0', grad_fn=<DivBackward0>)
Memory status after this epoch: 
Memory allocated:  100.0322265625
Memory cached:  174.0
	 epoch  60 training error:  tensor(0.0554, device='cuda:0', grad_fn=<DivBackward0>)
Memory status after this epoch: 
Memory allocated:  100.0322265625
Memory cached:  174.0
	 epoch  70 training error:  tensor(0.0880, device='cuda:0', grad_fn=<DivBackward0>)
Memory status after this epoch: 
Memory allocated:  100.0322265625
Memory cached:  174.0
	 epoch  80 training error:  tensor(0.0589, device='cuda:0', grad_fn=<DivBackward0>)
Memory status after this epoch: 
Memory allocated:  100.0322265625
Memory cached:  174.0
	 epoch  90 training error:  tensor(0.0716, device='cuda:0', grad_fn=<DivBackward0>)
Memory status after this epoch: 
Memory allocated:  100.0322265625
Memory cached:  174.0
[I 2023-12-02 23:43:58,034] Trial 43 finished with value: 0.057918816804885864 and parameters: {'W_layers': 3, 'W_layer_units_exponent_0': 7, 'W_layer_units_exponent_1': 8, 'W_layer_units_exponent_2': 7, 'D_layers': 7, 'D_layer_units_exponent_0': 5, 'D_layer_units_exponent_1': 8, 'D_layer_units_exponent_2': 8, 'D_layer_units_exponent_3': 7, 'D_layer_units_exponent_4': 8, 'D_layer_units_exponent_5': 9, 'D_layer_units_exponent_6': 10, 'log_learning_rate': -2.907064222414024, 'log_learning_rate_D': -3.823660087473606, 'training_batch_size': 11, 'training_p': 2}. Best is trial 35 with value: 0.03246564790606499.
Time for this trial:  52.55143618583679
Memory status after this trial: 
Memory allocated:  161.0654296875
Memory cached:  180.0
--------------------  Trial  44   --------------------
Start timing: 
Parameters: 
{'W_layers': 7, 'W_layer_units_exponent_0': 6, 'W_layer_units_exponent_1': 10, 'W_layer_units_exponent_2': 6, 'W_layer_units_exponent_3': 8, 'W_layer_units_exponent_4': 7, 'W_layer_units_exponent_5': 5, 'W_layer_units_exponent_6': 7, 'D_layers': 6, 'D_layer_units_exponent_0': 9, 'D_layer_units_exponent_1': 5, 'D_layer_units_exponent_2': 10, 'D_layer_units_exponent_3': 9, 'D_layer_units_exponent_4': 7, 'D_layer_units_exponent_5': 10, 'log_learning_rate': -2.7436296678770042, 'log_learning_rate_D': -3.1655028759453048, 'training_batch_size': 10, 'training_p': 5}
	 epoch  0 training error:  tensor(0.3573, device='cuda:0', grad_fn=<DivBackward0>)
Memory status after this epoch: 
Memory allocated:  101.5908203125
Memory cached:  172.0
	 epoch  10 training error:  tensor(0.1559, device='cuda:0', grad_fn=<DivBackward0>)
Memory status after this epoch: 
Memory allocated:  101.5908203125
Memory cached:  172.0
	 epoch  20 training error:  tensor(0.0797, device='cuda:0', grad_fn=<DivBackward0>)
Memory status after this epoch: 
Memory allocated:  101.5908203125
Memory cached:  172.0
	 epoch  30 training error:  tensor(0.0545, device='cuda:0', grad_fn=<DivBackward0>)
Memory status after this epoch: 
Memory allocated:  101.5908203125
Memory cached:  172.0
	 epoch  40 training error:  tensor(0.0477, device='cuda:0', grad_fn=<DivBackward0>)
Memory status after this epoch: 
Memory allocated:  101.5908203125
Memory cached:  172.0
	 epoch  50 training error:  tensor(0.0417, device='cuda:0', grad_fn=<DivBackward0>)
Memory status after this epoch: 
Memory allocated:  101.5908203125
Memory cached:  172.0
	 epoch  60 training error:  tensor(0.0366, device='cuda:0', grad_fn=<DivBackward0>)
Memory status after this epoch: 
Memory allocated:  101.5908203125
Memory cached:  172.0
	 epoch  70 training error:  tensor(0.0596, device='cuda:0', grad_fn=<DivBackward0>)
Memory status after this epoch: 
Memory allocated:  101.5908203125
Memory cached:  172.0
	 epoch  80 training error:  tensor(0.0448, device='cuda:0', grad_fn=<DivBackward0>)
Memory status after this epoch: 
Memory allocated:  101.5908203125
Memory cached:  172.0
	 epoch  90 training error:  tensor(0.0362, device='cuda:0', grad_fn=<DivBackward0>)
Memory status after this epoch: 
Memory allocated:  101.5908203125
Memory cached:  172.0
[I 2023-12-02 23:45:02,531] Trial 44 finished with value: 0.03354809805750847 and parameters: {'W_layers': 7, 'W_layer_units_exponent_0': 6, 'W_layer_units_exponent_1': 10, 'W_layer_units_exponent_2': 6, 'W_layer_units_exponent_3': 8, 'W_layer_units_exponent_4': 7, 'W_layer_units_exponent_5': 5, 'W_layer_units_exponent_6': 7, 'D_layers': 6, 'D_layer_units_exponent_0': 9, 'D_layer_units_exponent_1': 5, 'D_layer_units_exponent_2': 10, 'D_layer_units_exponent_3': 9, 'D_layer_units_exponent_4': 7, 'D_layer_units_exponent_5': 10, 'log_learning_rate': -2.7436296678770042, 'log_learning_rate_D': -3.1655028759453048, 'training_batch_size': 10, 'training_p': 5}. Best is trial 35 with value: 0.03246564790606499.
Time for this trial:  64.27819752693176
Memory status after this trial: 
Memory allocated:  206.3466796875
Memory cached:  226.0
--------------------  Trial  45   --------------------
Start timing: 
Parameters: 
{'W_layers': 7, 'W_layer_units_exponent_0': 6, 'W_layer_units_exponent_1': 10, 'W_layer_units_exponent_2': 6, 'W_layer_units_exponent_3': 8, 'W_layer_units_exponent_4': 7, 'W_layer_units_exponent_5': 5, 'W_layer_units_exponent_6': 7, 'D_layers': 6, 'D_layer_units_exponent_0': 9, 'D_layer_units_exponent_1': 5, 'D_layer_units_exponent_2': 10, 'D_layer_units_exponent_3': 9, 'D_layer_units_exponent_4': 7, 'D_layer_units_exponent_5': 10, 'log_learning_rate': -2.520466419895235, 'log_learning_rate_D': -2.936444982897347, 'training_batch_size': 10, 'training_p': 5}
	 epoch  0 training error:  tensor(0.2682, device='cuda:0', grad_fn=<DivBackward0>)
Memory status after this epoch: 
Memory allocated:  101.5908203125
Memory cached:  172.0
	 epoch  10 training error:  tensor(0.1238, device='cuda:0', grad_fn=<DivBackward0>)
Memory status after this epoch: 
Memory allocated:  101.5908203125
Memory cached:  172.0
	 epoch  20 training error:  tensor(0.0921, device='cuda:0', grad_fn=<DivBackward0>)
Memory status after this epoch: 
Memory allocated:  101.5908203125
Memory cached:  172.0
	 epoch  30 training error:  tensor(0.0557, device='cuda:0', grad_fn=<DivBackward0>)
Memory status after this epoch: 
Memory allocated:  101.5908203125
Memory cached:  172.0
	 epoch  40 training error:  tensor(0.0675, device='cuda:0', grad_fn=<DivBackward0>)
Memory status after this epoch: 
Memory allocated:  101.5908203125
Memory cached:  172.0
	 epoch  50 training error:  tensor(0.0453, device='cuda:0', grad_fn=<DivBackward0>)
Memory status after this epoch: 
Memory allocated:  101.5908203125
Memory cached:  172.0
	 epoch  60 training error:  tensor(0.0509, device='cuda:0', grad_fn=<DivBackward0>)
Memory status after this epoch: 
Memory allocated:  101.5908203125
Memory cached:  172.0
	 epoch  70 training error:  tensor(0.0379, device='cuda:0', grad_fn=<DivBackward0>)
Memory status after this epoch: 
Memory allocated:  101.5908203125
Memory cached:  172.0
	 epoch  80 training error:  tensor(0.0490, device='cuda:0', grad_fn=<DivBackward0>)
Memory status after this epoch: 
Memory allocated:  101.5908203125
Memory cached:  172.0
	 epoch  90 training error:  tensor(0.0680, device='cuda:0', grad_fn=<DivBackward0>)
Memory status after this epoch: 
Memory allocated:  101.5908203125
Memory cached:  172.0
[I 2023-12-02 23:46:06,338] Trial 45 finished with value: 0.05577166751027107 and parameters: {'W_layers': 7, 'W_layer_units_exponent_0': 6, 'W_layer_units_exponent_1': 10, 'W_layer_units_exponent_2': 6, 'W_layer_units_exponent_3': 8, 'W_layer_units_exponent_4': 7, 'W_layer_units_exponent_5': 5, 'W_layer_units_exponent_6': 7, 'D_layers': 6, 'D_layer_units_exponent_0': 9, 'D_layer_units_exponent_1': 5, 'D_layer_units_exponent_2': 10, 'D_layer_units_exponent_3': 9, 'D_layer_units_exponent_4': 7, 'D_layer_units_exponent_5': 10, 'log_learning_rate': -2.520466419895235, 'log_learning_rate_D': -2.936444982897347, 'training_batch_size': 10, 'training_p': 5}. Best is trial 35 with value: 0.03246564790606499.
Time for this trial:  63.587027072906494
Memory status after this trial: 
Memory allocated:  206.3466796875
Memory cached:  226.0
--------------------  Trial  46   --------------------
Start timing: 
Parameters: 
{'W_layers': 6, 'W_layer_units_exponent_0': 5, 'W_layer_units_exponent_1': 10, 'W_layer_units_exponent_2': 6, 'W_layer_units_exponent_3': 9, 'W_layer_units_exponent_4': 7, 'W_layer_units_exponent_5': 5, 'D_layers': 6, 'D_layer_units_exponent_0': 10, 'D_layer_units_exponent_1': 5, 'D_layer_units_exponent_2': 10, 'D_layer_units_exponent_3': 9, 'D_layer_units_exponent_4': 7, 'D_layer_units_exponent_5': 10, 'log_learning_rate': -2.805105036031069, 'log_learning_rate_D': -3.2218768701407092, 'training_batch_size': 10, 'training_p': 5}
	 epoch  0 training error:  tensor(1.6869, device='cuda:0', grad_fn=<DivBackward0>)
Memory status after this epoch: 
Memory allocated:  102.0673828125
Memory cached:  172.0
	 epoch  10 training error:  tensor(0.3287, device='cuda:0', grad_fn=<DivBackward0>)
Memory status after this epoch: 
Memory allocated:  102.0673828125
Memory cached:  172.0
	 epoch  20 training error:  tensor(0.1050, device='cuda:0', grad_fn=<DivBackward0>)
Memory status after this epoch: 
Memory allocated:  102.0673828125
Memory cached:  172.0
	 epoch  30 training error:  tensor(0.2091, device='cuda:0', grad_fn=<DivBackward0>)
Memory status after this epoch: 
Memory allocated:  102.0673828125
Memory cached:  172.0
	 epoch  40 training error:  tensor(0.2194, device='cuda:0', grad_fn=<DivBackward0>)
Memory status after this epoch: 
Memory allocated:  102.0673828125
Memory cached:  172.0
	 epoch  50 training error:  tensor(0.2198, device='cuda:0', grad_fn=<DivBackward0>)
Memory status after this epoch: 
Memory allocated:  102.0673828125
Memory cached:  172.0
	 epoch  60 training error:  tensor(0.0770, device='cuda:0', grad_fn=<DivBackward0>)
Memory status after this epoch: 
Memory allocated:  102.0673828125
Memory cached:  172.0
	 epoch  70 training error:  tensor(0.0650, device='cuda:0', grad_fn=<DivBackward0>)
Memory status after this epoch: 
Memory allocated:  102.0673828125
Memory cached:  172.0
	 epoch  80 training error:  tensor(0.0516, device='cuda:0', grad_fn=<DivBackward0>)
Memory status after this epoch: 
Memory allocated:  102.0673828125
Memory cached:  172.0
	 epoch  90 training error:  tensor(0.0446, device='cuda:0', grad_fn=<DivBackward0>)
Memory status after this epoch: 
Memory allocated:  102.0673828125
Memory cached:  172.0
