[I 2023-12-04 00:22:22,098] Trial 12 finished with value: 0.1155298724770546 and parameters: {'W_layers': 8, 'W_layer_units_exponent_0': 8, 'W_layer_units_exponent_1': 9, 'W_layer_units_exponent_2': 4, 'W_layer_units_exponent_3': 9, 'W_layer_units_exponent_4': 9, 'W_layer_units_exponent_5': 8, 'W_layer_units_exponent_6': 5, 'W_layer_units_exponent_7': 5, 'D_layers': 5, 'D_layer_units_exponent_0': 5, 'D_layer_units_exponent_1': 7, 'D_layer_units_exponent_2': 7, 'D_layer_units_exponent_3': 5, 'D_layer_units_exponent_4': 9, 'log_learning_rate': -4.073713872626035, 'log_learning_rate_D': -2.2360519305789515, 'training_batch_size': 9, 'training_p': 5}. Best is trial 11 with value: 0.03588640317320824.
Time for this trial:  51.48395562171936
Memory status after this trial: 
Memory allocated:  111.03955078125
Memory cached:  116.0
--------------------  Trial  13   --------------------
Start timing: 
Parameters: 
{'W_layers': 6, 'W_layer_units_exponent_0': 4, 'W_layer_units_exponent_1': 6, 'W_layer_units_exponent_2': 6, 'W_layer_units_exponent_3': 6, 'W_layer_units_exponent_4': 7, 'W_layer_units_exponent_5': 7, 'D_layers': 6, 'D_layer_units_exponent_0': 7, 'D_layer_units_exponent_1': 10, 'D_layer_units_exponent_2': 8, 'D_layer_units_exponent_3': 9, 'D_layer_units_exponent_4': 4, 'D_layer_units_exponent_5': 5, 'log_learning_rate': -3.169542039441748, 'log_learning_rate_D': -4.868969527716736, 'training_batch_size': 9, 'training_p': 4}
	 epoch  0 training error:  tensor(1.0420, device='cuda:0', grad_fn=<DivBackward0>)
Memory status after this epoch: 
Memory allocated:  47.4775390625
Memory cached:  102.0
	 epoch  10 training error:  tensor(0.6116, device='cuda:0', grad_fn=<DivBackward0>)
Memory status after this epoch: 
Memory allocated:  47.4775390625
Memory cached:  102.0
	 epoch  20 training error:  tensor(0.3139, device='cuda:0', grad_fn=<DivBackward0>)
Memory status after this epoch: 
Memory allocated:  47.4775390625
Memory cached:  102.0
	 epoch  30 training error:  tensor(0.2120, device='cuda:0', grad_fn=<DivBackward0>)
Memory status after this epoch: 
Memory allocated:  47.4775390625
Memory cached:  102.0
	 epoch  40 training error:  tensor(0.1511, device='cuda:0', grad_fn=<DivBackward0>)
Memory status after this epoch: 
Memory allocated:  47.4775390625
Memory cached:  102.0
	 epoch  50 training error:  tensor(0.1376, device='cuda:0', grad_fn=<DivBackward0>)
Memory status after this epoch: 
Memory allocated:  47.4775390625
Memory cached:  102.0
	 epoch  60 training error:  tensor(0.1281, device='cuda:0', grad_fn=<DivBackward0>)
Memory status after this epoch: 
Memory allocated:  47.4775390625
Memory cached:  102.0
	 epoch  70 training error:  tensor(0.1260, device='cuda:0', grad_fn=<DivBackward0>)
Memory status after this epoch: 
Memory allocated:  47.4775390625
Memory cached:  102.0
	 epoch  80 training error:  tensor(0.1235, device='cuda:0', grad_fn=<DivBackward0>)
Memory status after this epoch: 
Memory allocated:  47.4775390625
Memory cached:  102.0
	 epoch  90 training error:  tensor(0.1194, device='cuda:0', grad_fn=<DivBackward0>)
Memory status after this epoch: 
Memory allocated:  47.4775390625
Memory cached:  102.0
[I 2023-12-04 00:23:10,336] Trial 13 finished with value: 0.09391114860773087 and parameters: {'W_layers': 6, 'W_layer_units_exponent_0': 4, 'W_layer_units_exponent_1': 6, 'W_layer_units_exponent_2': 6, 'W_layer_units_exponent_3': 6, 'W_layer_units_exponent_4': 7, 'W_layer_units_exponent_5': 7, 'D_layers': 6, 'D_layer_units_exponent_0': 7, 'D_layer_units_exponent_1': 10, 'D_layer_units_exponent_2': 8, 'D_layer_units_exponent_3': 9, 'D_layer_units_exponent_4': 4, 'D_layer_units_exponent_5': 5, 'log_learning_rate': -3.169542039441748, 'log_learning_rate_D': -4.868969527716736, 'training_batch_size': 9, 'training_p': 4}. Best is trial 11 with value: 0.03588640317320824.
Time for this trial:  48.11465835571289
Memory status after this trial: 
Memory allocated:  98.57373046875
Memory cached:  104.0
--------------------  Trial  14   --------------------
Start timing: 
Parameters: 
{'W_layers': 3, 'W_layer_units_exponent_0': 6, 'W_layer_units_exponent_1': 10, 'W_layer_units_exponent_2': 4, 'D_layers': 4, 'D_layer_units_exponent_0': 8, 'D_layer_units_exponent_1': 8, 'D_layer_units_exponent_2': 4, 'D_layer_units_exponent_3': 8, 'log_learning_rate': -4.646882576727663, 'log_learning_rate_D': -2.6123931769309157, 'training_batch_size': 6, 'training_p': 7}
	 epoch  0 training error:  tensor(1.0796, device='cuda:0', grad_fn=<DivBackward0>)
Memory status after this epoch: 
Memory allocated:  41.177734375
Memory cached:  100.0
	 epoch  10 training error:  tensor(0.7177, device='cuda:0', grad_fn=<DivBackward0>)
Memory status after this epoch: 
Memory allocated:  41.177734375
Memory cached:  100.0
	 epoch  20 training error:  tensor(0.5445, device='cuda:0', grad_fn=<DivBackward0>)
Memory status after this epoch: 
Memory allocated:  41.177734375
Memory cached:  100.0
	 epoch  30 training error:  tensor(0.4405, device='cuda:0', grad_fn=<DivBackward0>)
Memory status after this epoch: 
Memory allocated:  41.177734375
Memory cached:  100.0
	 epoch  40 training error:  tensor(0.3996, device='cuda:0', grad_fn=<DivBackward0>)
Memory status after this epoch: 
Memory allocated:  41.177734375
Memory cached:  100.0
	 epoch  50 training error:  tensor(0.3727, device='cuda:0', grad_fn=<DivBackward0>)
Memory status after this epoch: 
Memory allocated:  41.177734375
Memory cached:  100.0
	 epoch  60 training error:  tensor(0.3475, device='cuda:0', grad_fn=<DivBackward0>)
Memory status after this epoch: 
Memory allocated:  41.177734375
Memory cached:  100.0
	 epoch  70 training error:  tensor(0.3228, device='cuda:0', grad_fn=<DivBackward0>)
Memory status after this epoch: 
Memory allocated:  41.177734375
Memory cached:  100.0
	 epoch  80 training error:  tensor(0.2984, device='cuda:0', grad_fn=<DivBackward0>)
Memory status after this epoch: 
Memory allocated:  41.177734375
Memory cached:  100.0
	 epoch  90 training error:  tensor(0.2823, device='cuda:0', grad_fn=<DivBackward0>)
Memory status after this epoch: 
Memory allocated:  41.177734375
Memory cached:  100.0
[I 2023-12-04 00:24:10,298] Trial 14 finished with value: 0.17913037538528442 and parameters: {'W_layers': 3, 'W_layer_units_exponent_0': 6, 'W_layer_units_exponent_1': 10, 'W_layer_units_exponent_2': 4, 'D_layers': 4, 'D_layer_units_exponent_0': 8, 'D_layer_units_exponent_1': 8, 'D_layer_units_exponent_2': 4, 'D_layer_units_exponent_3': 8, 'log_learning_rate': -4.646882576727663, 'log_learning_rate_D': -2.6123931769309157, 'training_batch_size': 6, 'training_p': 7}. Best is trial 11 with value: 0.03588640317320824.
Time for this trial:  59.791253089904785
Memory status after this trial: 
Memory allocated:  83.255859375
Memory cached:  100.0
--------------------  Trial  15   --------------------
Start timing: 
Parameters: 
{'W_layers': 4, 'W_layer_units_exponent_0': 10, 'W_layer_units_exponent_1': 4, 'W_layer_units_exponent_2': 10, 'W_layer_units_exponent_3': 4, 'D_layers': 2, 'D_layer_units_exponent_0': 9, 'D_layer_units_exponent_1': 10, 'log_learning_rate': -3.3346853451691874, 'log_learning_rate_D': -3.7611742205856147, 'training_batch_size': 8, 'training_p': 6}
	 epoch  0 training error:  tensor(0.9088, device='cuda:0', grad_fn=<DivBackward0>)
Memory status after this epoch: 
Memory allocated:  47.6689453125
Memory cached:  118.0
	 epoch  10 training error:  tensor(0.2425, device='cuda:0', grad_fn=<DivBackward0>)
Memory status after this epoch: 
Memory allocated:  47.6689453125
Memory cached:  118.0
	 epoch  20 training error:  tensor(0.2090, device='cuda:0', grad_fn=<DivBackward0>)
Memory status after this epoch: 
Memory allocated:  47.6689453125
Memory cached:  118.0
	 epoch  30 training error:  tensor(0.1569, device='cuda:0', grad_fn=<DivBackward0>)
Memory status after this epoch: 
Memory allocated:  47.6689453125
Memory cached:  118.0
	 epoch  40 training error:  tensor(0.1448, device='cuda:0', grad_fn=<DivBackward0>)
Memory status after this epoch: 
Memory allocated:  47.6689453125
Memory cached:  118.0
	 epoch  50 training error:  tensor(0.1350, device='cuda:0', grad_fn=<DivBackward0>)
Memory status after this epoch: 
Memory allocated:  47.6689453125
Memory cached:  118.0
	 epoch  60 training error:  tensor(0.1000, device='cuda:0', grad_fn=<DivBackward0>)
Memory status after this epoch: 
Memory allocated:  47.6689453125
Memory cached:  118.0
	 epoch  70 training error:  tensor(0.0408, device='cuda:0', grad_fn=<DivBackward0>)
Memory status after this epoch: 
Memory allocated:  47.6689453125
Memory cached:  118.0
	 epoch  80 training error:  tensor(0.0563, device='cuda:0', grad_fn=<DivBackward0>)
Memory status after this epoch: 
Memory allocated:  47.6689453125
Memory cached:  118.0
	 epoch  90 training error:  tensor(0.0318, device='cuda:0', grad_fn=<DivBackward0>)
Memory status after this epoch: 
Memory allocated:  47.6689453125
Memory cached:  118.0
[I 2023-12-04 00:24:50,341] Trial 15 finished with value: 0.017919111996889114 and parameters: {'W_layers': 4, 'W_layer_units_exponent_0': 10, 'W_layer_units_exponent_1': 4, 'W_layer_units_exponent_2': 10, 'W_layer_units_exponent_3': 4, 'D_layers': 2, 'D_layer_units_exponent_0': 9, 'D_layer_units_exponent_1': 10, 'log_learning_rate': -3.3346853451691874, 'log_learning_rate_D': -3.7611742205856147, 'training_batch_size': 8, 'training_p': 6}. Best is trial 15 with value: 0.017919111996889114.
res:  tensor(0.0179, device='cuda:0', grad_fn=<DivBackward0>)
self.bestValue:  tensor(0.0359, device='cuda:0', grad_fn=<DivBackward0>)
Save this model!
Time for this trial:  39.87898063659668
Memory status after this trial: 
Memory allocated:  87.13134765625
Memory cached:  144.0
--------------------  Trial  16   --------------------
Start timing: 
Parameters: 
{'W_layers': 4, 'W_layer_units_exponent_0': 10, 'W_layer_units_exponent_1': 4, 'W_layer_units_exponent_2': 10, 'W_layer_units_exponent_3': 4, 'D_layers': 3, 'D_layer_units_exponent_0': 8, 'D_layer_units_exponent_1': 8, 'D_layer_units_exponent_2': 5, 'log_learning_rate': -2.9347405808080875, 'log_learning_rate_D': -4.0262954214905005, 'training_batch_size': 8, 'training_p': 7}
	 epoch  0 training error:  tensor(1.0267, device='cuda:0', grad_fn=<DivBackward0>)
Memory status after this epoch: 
Memory allocated:  89.1484375
Memory cached:  146.0
	 epoch  10 training error:  tensor(0.3204, device='cuda:0', grad_fn=<DivBackward0>)
Memory status after this epoch: 
Memory allocated:  89.1484375
Memory cached:  148.0
	 epoch  20 training error:  tensor(0.1652, device='cuda:0', grad_fn=<DivBackward0>)
Memory status after this epoch: 
Memory allocated:  89.1484375
Memory cached:  148.0
	 epoch  30 training error:  tensor(0.1677, device='cuda:0', grad_fn=<DivBackward0>)
Memory status after this epoch: 
Memory allocated:  89.1484375
Memory cached:  148.0
	 epoch  40 training error:  tensor(0.1529, device='cuda:0', grad_fn=<DivBackward0>)
Memory status after this epoch: 
Memory allocated:  89.1484375
Memory cached:  148.0
	 epoch  50 training error:  tensor(0.1510, device='cuda:0', grad_fn=<DivBackward0>)
Memory status after this epoch: 
Memory allocated:  89.1484375
Memory cached:  148.0
	 epoch  60 training error:  tensor(0.1438, device='cuda:0', grad_fn=<DivBackward0>)
Memory status after this epoch: 
Memory allocated:  89.1484375
Memory cached:  148.0
	 epoch  70 training error:  tensor(0.1263, device='cuda:0', grad_fn=<DivBackward0>)
Memory status after this epoch: 
Memory allocated:  89.1484375
Memory cached:  148.0
	 epoch  80 training error:  tensor(0.1133, device='cuda:0', grad_fn=<DivBackward0>)
Memory status after this epoch: 
Memory allocated:  89.1484375
Memory cached:  148.0
	 epoch  90 training error:  tensor(0.1063, device='cuda:0', grad_fn=<DivBackward0>)
Memory status after this epoch: 
Memory allocated:  89.1484375
Memory cached:  148.0
[I 2023-12-04 00:25:30,213] Trial 16 finished with value: 0.0787866935133934 and parameters: {'W_layers': 4, 'W_layer_units_exponent_0': 10, 'W_layer_units_exponent_1': 4, 'W_layer_units_exponent_2': 10, 'W_layer_units_exponent_3': 4, 'D_layers': 3, 'D_layer_units_exponent_0': 8, 'D_layer_units_exponent_1': 8, 'D_layer_units_exponent_2': 5, 'log_learning_rate': -2.9347405808080875, 'log_learning_rate_D': -4.0262954214905005, 'training_batch_size': 8, 'training_p': 7}. Best is trial 15 with value: 0.017919111996889114.
Time for this trial:  39.73481845855713
Memory status after this trial: 
Memory allocated:  148.3271484375
Memory cached:  166.0
--------------------  Trial  17   --------------------
Start timing: 
Parameters: 
{'W_layers': 2, 'W_layer_units_exponent_0': 6, 'W_layer_units_exponent_1': 8, 'D_layers': 3, 'D_layer_units_exponent_0': 10, 'D_layer_units_exponent_1': 10, 'D_layer_units_exponent_2': 6, 'log_learning_rate': -3.7841505185415523, 'log_learning_rate_D': -3.032589529796403, 'training_batch_size': 6, 'training_p': 8}
	 epoch  0 training error:  tensor(0.9558, device='cuda:0', grad_fn=<DivBackward0>)
Memory status after this epoch: 
Memory allocated:  104.4873046875
Memory cached:  166.0
	 epoch  10 training error:  tensor(0.5124, device='cuda:0', grad_fn=<DivBackward0>)
Memory status after this epoch: 
Memory allocated:  104.4873046875
Memory cached:  166.0
	 epoch  20 training error:  tensor(0.3516, device='cuda:0', grad_fn=<DivBackward0>)
Memory status after this epoch: 
Memory allocated:  104.4873046875
Memory cached:  166.0
	 epoch  30 training error:  tensor(0.2903, device='cuda:0', grad_fn=<DivBackward0>)
Memory status after this epoch: 
Memory allocated:  104.4873046875
Memory cached:  166.0
	 epoch  40 training error:  tensor(0.2489, device='cuda:0', grad_fn=<DivBackward0>)
Memory status after this epoch: 
Memory allocated:  104.4873046875
Memory cached:  166.0
	 epoch  50 training error:  tensor(0.2355, device='cuda:0', grad_fn=<DivBackward0>)
Memory status after this epoch: 
Memory allocated:  104.4873046875
Memory cached:  166.0
	 epoch  60 training error:  tensor(0.2240, device='cuda:0', grad_fn=<DivBackward0>)
Memory status after this epoch: 
Memory allocated:  104.4873046875
Memory cached:  166.0
	 epoch  70 training error:  tensor(0.2423, device='cuda:0', grad_fn=<DivBackward0>)
Memory status after this epoch: 
Memory allocated:  104.4873046875
Memory cached:  166.0
	 epoch  80 training error:  tensor(0.2297, device='cuda:0', grad_fn=<DivBackward0>)
Memory status after this epoch: 
Memory allocated:  104.4873046875
Memory cached:  166.0
	 epoch  90 training error:  tensor(0.2227, device='cuda:0', grad_fn=<DivBackward0>)
Memory status after this epoch: 
Memory allocated:  104.4873046875
Memory cached:  166.0
[I 2023-12-04 00:26:23,672] Trial 17 finished with value: 0.1173441931605339 and parameters: {'W_layers': 2, 'W_layer_units_exponent_0': 6, 'W_layer_units_exponent_1': 8, 'D_layers': 3, 'D_layer_units_exponent_0': 10, 'D_layer_units_exponent_1': 10, 'D_layer_units_exponent_2': 6, 'log_learning_rate': -3.7841505185415523, 'log_learning_rate_D': -3.032589529796403, 'training_batch_size': 6, 'training_p': 8}. Best is trial 15 with value: 0.017919111996889114.
Time for this trial:  53.31105041503906
Memory status after this trial: 
Memory allocated:  151.10888671875
Memory cached:  162.0
--------------------  Trial  18   --------------------
Start timing: 
Parameters: 
{'W_layers': 4, 'W_layer_units_exponent_0': 10, 'W_layer_units_exponent_1': 7, 'W_layer_units_exponent_2': 5, 'W_layer_units_exponent_3': 10, 'D_layers': 2, 'D_layer_units_exponent_0': 7, 'D_layer_units_exponent_1': 9, 'log_learning_rate': -4.951754814522423, 'log_learning_rate_D': -4.080331091244458, 'training_batch_size': 8, 'training_p': 6}
	 epoch  0 training error:  tensor(0.9642, device='cuda:0', grad_fn=<DivBackward0>)
Memory status after this epoch: 
Memory allocated:  90.849609375
Memory cached:  146.0
	 epoch  10 training error:  tensor(0.9388, device='cuda:0', grad_fn=<DivBackward0>)
Memory status after this epoch: 
Memory allocated:  90.849609375
Memory cached:  146.0
	 epoch  20 training error:  tensor(0.9113, device='cuda:0', grad_fn=<DivBackward0>)
Memory status after this epoch: 
Memory allocated:  90.849609375
Memory cached:  146.0
	 epoch  30 training error:  tensor(0.8778, device='cuda:0', grad_fn=<DivBackward0>)
Memory status after this epoch: 
Memory allocated:  90.849609375
Memory cached:  146.0
	 epoch  40 training error:  tensor(0.8332, device='cuda:0', grad_fn=<DivBackward0>)
Memory status after this epoch: 
Memory allocated:  90.849609375
Memory cached:  146.0
	 epoch  50 training error:  tensor(0.7718, device='cuda:0', grad_fn=<DivBackward0>)
Memory status after this epoch: 
Memory allocated:  90.849609375
Memory cached:  146.0
	 epoch  60 training error:  tensor(0.6917, device='cuda:0', grad_fn=<DivBackward0>)
Memory status after this epoch: 
Memory allocated:  90.849609375
Memory cached:  146.0
	 epoch  70 training error:  tensor(0.6054, device='cuda:0', grad_fn=<DivBackward0>)
Memory status after this epoch: 
Memory allocated:  90.849609375
Memory cached:  146.0
	 epoch  80 training error:  tensor(0.5289, device='cuda:0', grad_fn=<DivBackward0>)
Memory status after this epoch: 
Memory allocated:  90.849609375
Memory cached:  146.0
	 epoch  90 training error:  tensor(0.4858, device='cuda:0', grad_fn=<DivBackward0>)
Memory status after this epoch: 
Memory allocated:  90.849609375
Memory cached:  146.0
[I 2023-12-04 00:27:02,076] Trial 18 finished with value: 0.340362548828125 and parameters: {'W_layers': 4, 'W_layer_units_exponent_0': 10, 'W_layer_units_exponent_1': 7, 'W_layer_units_exponent_2': 5, 'W_layer_units_exponent_3': 10, 'D_layers': 2, 'D_layer_units_exponent_0': 7, 'D_layer_units_exponent_1': 9, 'log_learning_rate': -4.951754814522423, 'log_learning_rate_D': -4.080331091244458, 'training_batch_size': 8, 'training_p': 6}. Best is trial 15 with value: 0.017919111996889114.
Time for this trial:  38.24769067764282
Memory status after this trial: 
Memory allocated:  154.13623046875
Memory cached:  174.0
--------------------  Trial  19   --------------------
Start timing: 
Parameters: 
{'W_layers': 3, 'W_layer_units_exponent_0': 7, 'W_layer_units_exponent_1': 5, 'W_layer_units_exponent_2': 8, 'D_layers': 4, 'D_layer_units_exponent_0': 8, 'D_layer_units_exponent_1': 8, 'D_layer_units_exponent_2': 4, 'D_layer_units_exponent_3': 7, 'log_learning_rate': -3.0475067398038775, 'log_learning_rate_D': -3.1728033110228298, 'training_batch_size': 8, 'training_p': 6}
	 epoch  0 training error:  tensor(1.0066, device='cuda:0', grad_fn=<DivBackward0>)
Memory status after this epoch: 
Memory allocated:  88.490234375
Memory cached:  146.0
	 epoch  10 training error:  tensor(0.3525, device='cuda:0', grad_fn=<DivBackward0>)
Memory status after this epoch: 
Memory allocated:  88.490234375
Memory cached:  148.0
	 epoch  20 training error:  tensor(0.2647, device='cuda:0', grad_fn=<DivBackward0>)
Memory status after this epoch: 
Memory allocated:  88.490234375
Memory cached:  148.0
	 epoch  30 training error:  tensor(0.2055, device='cuda:0', grad_fn=<DivBackward0>)
Memory status after this epoch: 
Memory allocated:  88.490234375
Memory cached:  148.0
	 epoch  40 training error:  tensor(0.1565, device='cuda:0', grad_fn=<DivBackward0>)
Memory status after this epoch: 
Memory allocated:  88.490234375
Memory cached:  148.0
	 epoch  50 training error:  tensor(0.1503, device='cuda:0', grad_fn=<DivBackward0>)
Memory status after this epoch: 
Memory allocated:  88.490234375
Memory cached:  148.0
	 epoch  60 training error:  tensor(0.1459, device='cuda:0', grad_fn=<DivBackward0>)
Memory status after this epoch: 
Memory allocated:  88.490234375
Memory cached:  148.0
	 epoch  70 training error:  tensor(0.1432, device='cuda:0', grad_fn=<DivBackward0>)
Memory status after this epoch: 
Memory allocated:  88.490234375
Memory cached:  148.0
	 epoch  80 training error:  tensor(0.1410, device='cuda:0', grad_fn=<DivBackward0>)
Memory status after this epoch: 
Memory allocated:  88.490234375
Memory cached:  148.0
	 epoch  90 training error:  tensor(0.1357, device='cuda:0', grad_fn=<DivBackward0>)
Memory status after this epoch: 
Memory allocated:  88.490234375
Memory cached:  148.0
