[I 2024-01-03 17:22:11,984] Trial 54 finished with value: 0.4310014247894287 and parameters: {'W_layers': 5, 'W_layer_units_exponent_0': 10, 'W_layer_units_exponent_1': 6, 'W_layer_units_exponent_2': 8, 'W_layer_units_exponent_3': 9, 'W_layer_units_exponent_4': 10, 'D_layers': 5, 'D_layer_units_exponent_0': 5, 'D_layer_units_exponent_1': 4, 'D_layer_units_exponent_2': 9, 'D_layer_units_exponent_3': 7, 'D_layer_units_exponent_4': 8, 'D_dagger_layers': 5, 'D_dagger_layer_units_exponent_0': 10, 'D_dagger_layer_units_exponent_1': 8, 'D_dagger_layer_units_exponent_2': 4, 'D_dagger_layer_units_exponent_3': 4, 'D_dagger_layer_units_exponent_4': 9, 'log_learning_rate': -3.9859395396597295, 'log_learning_rate_D': -2.786783888804363, 'log_learning_rate_D_dagger': -2.9500717445513183, 'training_batch_size': 11, 'training_p': 4}. Best is trial 45 with value: 0.13349680602550507.
Time for this trial:  212.50788927078247
Memory status after this trial: 
Memory allocated:  626.22314453125
Memory cached:  678.0
--------------------  Trial  55   --------------------
Start timing: 
Parameters: 
{'W_layers': 4, 'W_layer_units_exponent_0': 10, 'W_layer_units_exponent_1': 5, 'W_layer_units_exponent_2': 10, 'W_layer_units_exponent_3': 4, 'D_layers': 4, 'D_layer_units_exponent_0': 7, 'D_layer_units_exponent_1': 5, 'D_layer_units_exponent_2': 10, 'D_layer_units_exponent_3': 10, 'D_dagger_layers': 4, 'D_dagger_layer_units_exponent_0': 9, 'D_dagger_layer_units_exponent_1': 10, 'D_dagger_layer_units_exponent_2': 5, 'D_dagger_layer_units_exponent_3': 5, 'log_learning_rate': -4.221213995633546, 'log_learning_rate_D': -3.1233756165372872, 'log_learning_rate_D_dagger': -3.7105072142962308, 'training_batch_size': 12, 'training_p': 5}
	 epoch  0 training error:  tensor(0.9917, device='cuda:0', grad_fn=<DivBackward0>)
Memory status after this epoch: 
Memory allocated:  355.802734375
Memory cached:  680.0
	 epoch  10 training error:  tensor(0.5190, device='cuda:0', grad_fn=<DivBackward0>)
Memory status after this epoch: 
Memory allocated:  355.802734375
Memory cached:  728.0
	 epoch  20 training error:  tensor(0.5005, device='cuda:0', grad_fn=<DivBackward0>)
Memory status after this epoch: 
Memory allocated:  355.802734375
Memory cached:  718.0
	 epoch  30 training error:  tensor(0.4916, device='cuda:0', grad_fn=<DivBackward0>)
Memory status after this epoch: 
Memory allocated:  355.802734375
Memory cached:  712.0
	 epoch  40 training error:  tensor(0.4893, device='cuda:0', grad_fn=<DivBackward0>)
Memory status after this epoch: 
Memory allocated:  355.802734375
Memory cached:  716.0
	 epoch  50 training error:  tensor(0.4839, device='cuda:0', grad_fn=<DivBackward0>)
Memory status after this epoch: 
Memory allocated:  355.802734375
Memory cached:  720.0
	 epoch  60 training error:  tensor(0.4760, device='cuda:0', grad_fn=<DivBackward0>)
Memory status after this epoch: 
Memory allocated:  355.802734375
Memory cached:  726.0
	 epoch  70 training error:  tensor(0.4763, device='cuda:0', grad_fn=<DivBackward0>)
Memory status after this epoch: 
Memory allocated:  355.802734375
Memory cached:  720.0
	 epoch  80 training error:  tensor(0.4745, device='cuda:0', grad_fn=<DivBackward0>)
Memory status after this epoch: 
Memory allocated:  355.802734375
Memory cached:  718.0
	 epoch  90 training error:  tensor(0.4730, device='cuda:0', grad_fn=<DivBackward0>)
Memory status after this epoch: 
Memory allocated:  355.802734375
Memory cached:  710.0
[I 2024-01-03 17:25:23,580] Trial 55 finished with value: 0.3869266211986542 and parameters: {'W_layers': 4, 'W_layer_units_exponent_0': 10, 'W_layer_units_exponent_1': 5, 'W_layer_units_exponent_2': 10, 'W_layer_units_exponent_3': 4, 'D_layers': 4, 'D_layer_units_exponent_0': 7, 'D_layer_units_exponent_1': 5, 'D_layer_units_exponent_2': 10, 'D_layer_units_exponent_3': 10, 'D_dagger_layers': 4, 'D_dagger_layer_units_exponent_0': 9, 'D_dagger_layer_units_exponent_1': 10, 'D_dagger_layer_units_exponent_2': 5, 'D_dagger_layer_units_exponent_3': 5, 'log_learning_rate': -4.221213995633546, 'log_learning_rate_D': -3.1233756165372872, 'log_learning_rate_D_dagger': -3.7105072142962308, 'training_batch_size': 12, 'training_p': 5}. Best is trial 45 with value: 0.13349680602550507.
Time for this trial:  191.22521042823792
Memory status after this trial: 
Memory allocated:  649.015625
Memory cached:  690.0
--------------------  Trial  56   --------------------
Start timing: 
Parameters: 
{'W_layers': 5, 'W_layer_units_exponent_0': 9, 'W_layer_units_exponent_1': 7, 'W_layer_units_exponent_2': 9, 'W_layer_units_exponent_3': 7, 'W_layer_units_exponent_4': 9, 'D_layers': 5, 'D_layer_units_exponent_0': 10, 'D_layer_units_exponent_1': 4, 'D_layer_units_exponent_2': 9, 'D_layer_units_exponent_3': 9, 'D_layer_units_exponent_4': 7, 'D_dagger_layers': 5, 'D_dagger_layer_units_exponent_0': 10, 'D_dagger_layer_units_exponent_1': 9, 'D_dagger_layer_units_exponent_2': 4, 'D_dagger_layer_units_exponent_3': 6, 'D_dagger_layer_units_exponent_4': 7, 'log_learning_rate': -3.7889090344730736, 'log_learning_rate_D': -2.964171662632007, 'log_learning_rate_D_dagger': -3.5094882780191368, 'training_batch_size': 11, 'training_p': 4}
	 epoch  0 training error:  tensor(0.9720, device='cuda:0', grad_fn=<DivBackward0>)
Memory status after this epoch: 
Memory allocated:  347.1875
Memory cached:  660.0
	 epoch  10 training error:  tensor(0.4806, device='cuda:0', grad_fn=<DivBackward0>)
Memory status after this epoch: 
Memory allocated:  347.1875
Memory cached:  698.0
	 epoch  20 training error:  tensor(0.4475, device='cuda:0', grad_fn=<DivBackward0>)
Memory status after this epoch: 
Memory allocated:  347.1875
Memory cached:  696.0
	 epoch  30 training error:  tensor(0.4436, device='cuda:0', grad_fn=<DivBackward0>)
Memory status after this epoch: 
Memory allocated:  347.1875
Memory cached:  692.0
	 epoch  40 training error:  tensor(0.4371, device='cuda:0', grad_fn=<DivBackward0>)
Memory status after this epoch: 
Memory allocated:  347.1875
Memory cached:  700.0
	 epoch  50 training error:  tensor(0.4304, device='cuda:0', grad_fn=<DivBackward0>)
Memory status after this epoch: 
Memory allocated:  347.1875
Memory cached:  698.0
	 epoch  60 training error:  tensor(0.4304, device='cuda:0', grad_fn=<DivBackward0>)
Memory status after this epoch: 
Memory allocated:  347.1875
Memory cached:  700.0
	 epoch  70 training error:  tensor(0.4196, device='cuda:0', grad_fn=<DivBackward0>)
Memory status after this epoch: 
Memory allocated:  347.1875
Memory cached:  700.0
	 epoch  80 training error:  tensor(0.3977, device='cuda:0', grad_fn=<DivBackward0>)
Memory status after this epoch: 
Memory allocated:  347.1875
Memory cached:  698.0
	 epoch  90 training error:  tensor(0.3560, device='cuda:0', grad_fn=<DivBackward0>)
Memory status after this epoch: 
Memory allocated:  347.1875
Memory cached:  692.0
[I 2024-01-03 17:28:58,068] Trial 56 finished with value: 0.22994117438793182 and parameters: {'W_layers': 5, 'W_layer_units_exponent_0': 9, 'W_layer_units_exponent_1': 7, 'W_layer_units_exponent_2': 9, 'W_layer_units_exponent_3': 7, 'W_layer_units_exponent_4': 9, 'D_layers': 5, 'D_layer_units_exponent_0': 10, 'D_layer_units_exponent_1': 4, 'D_layer_units_exponent_2': 9, 'D_layer_units_exponent_3': 9, 'D_layer_units_exponent_4': 7, 'D_dagger_layers': 5, 'D_dagger_layer_units_exponent_0': 10, 'D_dagger_layer_units_exponent_1': 9, 'D_dagger_layer_units_exponent_2': 4, 'D_dagger_layer_units_exponent_3': 6, 'D_dagger_layer_units_exponent_4': 7, 'log_learning_rate': -3.7889090344730736, 'log_learning_rate_D': -2.964171662632007, 'log_learning_rate_D_dagger': -3.5094882780191368, 'training_batch_size': 11, 'training_p': 4}. Best is trial 45 with value: 0.13349680602550507.
Time for this trial:  214.07814002037048
Memory status after this trial: 
Memory allocated:  637.76171875
Memory cached:  664.0
--------------------  Trial  57   --------------------
Start timing: 
Parameters: 
{'W_layers': 6, 'W_layer_units_exponent_0': 9, 'W_layer_units_exponent_1': 7, 'W_layer_units_exponent_2': 8, 'W_layer_units_exponent_3': 5, 'W_layer_units_exponent_4': 9, 'W_layer_units_exponent_5': 8, 'D_layers': 5, 'D_layer_units_exponent_0': 10, 'D_layer_units_exponent_1': 6, 'D_layer_units_exponent_2': 8, 'D_layer_units_exponent_3': 7, 'D_layer_units_exponent_4': 7, 'D_dagger_layers': 5, 'D_dagger_layer_units_exponent_0': 5, 'D_dagger_layer_units_exponent_1': 10, 'D_dagger_layer_units_exponent_2': 4, 'D_dagger_layer_units_exponent_3': 6, 'D_dagger_layer_units_exponent_4': 7, 'log_learning_rate': -3.807422501597526, 'log_learning_rate_D': -3.3877307862739716, 'log_learning_rate_D_dagger': -3.452170224413366, 'training_batch_size': 11, 'training_p': 4}
	 epoch  0 training error:  tensor(0.9626, device='cuda:0', grad_fn=<DivBackward0>)
Memory status after this epoch: 
Memory allocated:  336.21875
Memory cached:  660.0
	 epoch  10 training error:  tensor(0.5076, device='cuda:0', grad_fn=<DivBackward0>)
Memory status after this epoch: 
Memory allocated:  336.21875
Memory cached:  722.0
	 epoch  20 training error:  tensor(0.4742, device='cuda:0', grad_fn=<DivBackward0>)
Memory status after this epoch: 
Memory allocated:  336.21875
Memory cached:  710.0
	 epoch  30 training error:  tensor(0.4509, device='cuda:0', grad_fn=<DivBackward0>)
Memory status after this epoch: 
Memory allocated:  336.21875
Memory cached:  716.0
	 epoch  40 training error:  tensor(0.4412, device='cuda:0', grad_fn=<DivBackward0>)
Memory status after this epoch: 
Memory allocated:  336.21875
Memory cached:  716.0
	 epoch  50 training error:  tensor(0.4428, device='cuda:0', grad_fn=<DivBackward0>)
Memory status after this epoch: 
Memory allocated:  336.21875
Memory cached:  716.0
	 epoch  60 training error:  tensor(0.4395, device='cuda:0', grad_fn=<DivBackward0>)
Memory status after this epoch: 
Memory allocated:  336.21875
Memory cached:  710.0
	 epoch  70 training error:  tensor(0.4399, device='cuda:0', grad_fn=<DivBackward0>)
Memory status after this epoch: 
Memory allocated:  336.21875
Memory cached:  716.0
	 epoch  80 training error:  tensor(0.4417, device='cuda:0', grad_fn=<DivBackward0>)
Memory status after this epoch: 
Memory allocated:  336.21875
Memory cached:  708.0
	 epoch  90 training error:  tensor(0.4344, device='cuda:0', grad_fn=<DivBackward0>)
Memory status after this epoch: 
Memory allocated:  336.21875
Memory cached:  720.0
[I 2024-01-03 17:32:28,939] Trial 57 finished with value: 0.35510683059692383 and parameters: {'W_layers': 6, 'W_layer_units_exponent_0': 9, 'W_layer_units_exponent_1': 7, 'W_layer_units_exponent_2': 8, 'W_layer_units_exponent_3': 5, 'W_layer_units_exponent_4': 9, 'W_layer_units_exponent_5': 8, 'D_layers': 5, 'D_layer_units_exponent_0': 10, 'D_layer_units_exponent_1': 6, 'D_layer_units_exponent_2': 8, 'D_layer_units_exponent_3': 7, 'D_layer_units_exponent_4': 7, 'D_dagger_layers': 5, 'D_dagger_layer_units_exponent_0': 5, 'D_dagger_layer_units_exponent_1': 10, 'D_dagger_layer_units_exponent_2': 4, 'D_dagger_layer_units_exponent_3': 6, 'D_dagger_layer_units_exponent_4': 7, 'log_learning_rate': -3.807422501597526, 'log_learning_rate_D': -3.3877307862739716, 'log_learning_rate_D_dagger': -3.452170224413366, 'training_batch_size': 11, 'training_p': 4}. Best is trial 45 with value: 0.13349680602550507.
Time for this trial:  210.43022465705872
Memory status after this trial: 
Memory allocated:  571.99951171875
Memory cached:  680.0
--------------------  Trial  58   --------------------
Start timing: 
Parameters: 
{'W_layers': 5, 'W_layer_units_exponent_0': 5, 'W_layer_units_exponent_1': 9, 'W_layer_units_exponent_2': 10, 'W_layer_units_exponent_3': 7, 'W_layer_units_exponent_4': 9, 'D_layers': 6, 'D_layer_units_exponent_0': 10, 'D_layer_units_exponent_1': 5, 'D_layer_units_exponent_2': 6, 'D_layer_units_exponent_3': 8, 'D_layer_units_exponent_4': 7, 'D_layer_units_exponent_5': 8, 'D_dagger_layers': 6, 'D_dagger_layer_units_exponent_0': 9, 'D_dagger_layer_units_exponent_1': 7, 'D_dagger_layer_units_exponent_2': 4, 'D_dagger_layer_units_exponent_3': 6, 'D_dagger_layer_units_exponent_4': 7, 'D_dagger_layer_units_exponent_5': 9, 'log_learning_rate': -3.5512319612785217, 'log_learning_rate_D': -3.238826016887061, 'log_learning_rate_D_dagger': -4.149282019493691, 'training_batch_size': 11, 'training_p': 5}
	 epoch  0 training error:  tensor(1.0229, device='cuda:0', grad_fn=<DivBackward0>)
Memory status after this epoch: 
Memory allocated:  344.708984375
Memory cached:  660.0
	 epoch  10 training error:  tensor(0.5488, device='cuda:0', grad_fn=<DivBackward0>)
Memory status after this epoch: 
Memory allocated:  344.708984375
Memory cached:  698.0
	 epoch  20 training error:  tensor(0.5554, device='cuda:0', grad_fn=<DivBackward0>)
Memory status after this epoch: 
Memory allocated:  344.708984375
Memory cached:  698.0
	 epoch  30 training error:  tensor(0.5309, device='cuda:0', grad_fn=<DivBackward0>)
Memory status after this epoch: 
Memory allocated:  344.708984375
Memory cached:  708.0
	 epoch  40 training error:  tensor(0.5054, device='cuda:0', grad_fn=<DivBackward0>)
Memory status after this epoch: 
Memory allocated:  344.708984375
Memory cached:  710.0
	 epoch  50 training error:  tensor(0.4958, device='cuda:0', grad_fn=<DivBackward0>)
Memory status after this epoch: 
Memory allocated:  344.708984375
Memory cached:  702.0
	 epoch  60 training error:  tensor(0.4932, device='cuda:0', grad_fn=<DivBackward0>)
Memory status after this epoch: 
Memory allocated:  344.708984375
Memory cached:  714.0
	 epoch  70 training error:  tensor(0.4870, device='cuda:0', grad_fn=<DivBackward0>)
Memory status after this epoch: 
Memory allocated:  344.708984375
Memory cached:  716.0
	 epoch  80 training error:  tensor(0.4862, device='cuda:0', grad_fn=<DivBackward0>)
Memory status after this epoch: 
Memory allocated:  344.708984375
Memory cached:  702.0
	 epoch  90 training error:  tensor(0.4888, device='cuda:0', grad_fn=<DivBackward0>)
Memory status after this epoch: 
Memory allocated:  344.708984375
Memory cached:  720.0
[I 2024-01-03 17:36:12,825] Trial 58 finished with value: 0.3986954391002655 and parameters: {'W_layers': 5, 'W_layer_units_exponent_0': 5, 'W_layer_units_exponent_1': 9, 'W_layer_units_exponent_2': 10, 'W_layer_units_exponent_3': 7, 'W_layer_units_exponent_4': 9, 'D_layers': 6, 'D_layer_units_exponent_0': 10, 'D_layer_units_exponent_1': 5, 'D_layer_units_exponent_2': 6, 'D_layer_units_exponent_3': 8, 'D_layer_units_exponent_4': 7, 'D_layer_units_exponent_5': 8, 'D_dagger_layers': 6, 'D_dagger_layer_units_exponent_0': 9, 'D_dagger_layer_units_exponent_1': 7, 'D_dagger_layer_units_exponent_2': 4, 'D_dagger_layer_units_exponent_3': 6, 'D_dagger_layer_units_exponent_4': 7, 'D_dagger_layer_units_exponent_5': 9, 'log_learning_rate': -3.5512319612785217, 'log_learning_rate_D': -3.238826016887061, 'log_learning_rate_D_dagger': -4.149282019493691, 'training_batch_size': 11, 'training_p': 5}. Best is trial 45 with value: 0.13349680602550507.
Time for this trial:  223.43443083763123
Memory status after this trial: 
Memory allocated:  611.3251953125
Memory cached:  668.0
--------------------  Trial  59   --------------------
Start timing: 
Parameters: 
{'W_layers': 5, 'W_layer_units_exponent_0': 8, 'W_layer_units_exponent_1': 7, 'W_layer_units_exponent_2': 8, 'W_layer_units_exponent_3': 6, 'W_layer_units_exponent_4': 10, 'D_layers': 6, 'D_layer_units_exponent_0': 9, 'D_layer_units_exponent_1': 4, 'D_layer_units_exponent_2': 10, 'D_layer_units_exponent_3': 9, 'D_layer_units_exponent_4': 7, 'D_layer_units_exponent_5': 8, 'D_dagger_layers': 5, 'D_dagger_layer_units_exponent_0': 10, 'D_dagger_layer_units_exponent_1': 8, 'D_dagger_layer_units_exponent_2': 4, 'D_dagger_layer_units_exponent_3': 5, 'D_dagger_layer_units_exponent_4': 8, 'log_learning_rate': -4.313186820873684, 'log_learning_rate_D': -3.670733398552078, 'log_learning_rate_D_dagger': -3.267810488407712, 'training_batch_size': 12, 'training_p': 5}
	 epoch  0 training error:  tensor(0.9810, device='cuda:0', grad_fn=<DivBackward0>)
Memory status after this epoch: 
Memory allocated:  345.845703125
Memory cached:  648.0
	 epoch  10 training error:  tensor(0.5316, device='cuda:0', grad_fn=<DivBackward0>)
Memory status after this epoch: 
Memory allocated:  345.845703125
Memory cached:  718.0
	 epoch  20 training error:  tensor(0.4934, device='cuda:0', grad_fn=<DivBackward0>)
Memory status after this epoch: 
Memory allocated:  345.845703125
Memory cached:  720.0
	 epoch  30 training error:  tensor(0.4850, device='cuda:0', grad_fn=<DivBackward0>)
Memory status after this epoch: 
Memory allocated:  345.845703125
Memory cached:  722.0
	 epoch  40 training error:  tensor(0.4873, device='cuda:0', grad_fn=<DivBackward0>)
Memory status after this epoch: 
Memory allocated:  345.845703125
Memory cached:  710.0
	 epoch  50 training error:  tensor(0.4812, device='cuda:0', grad_fn=<DivBackward0>)
Memory status after this epoch: 
Memory allocated:  345.845703125
Memory cached:  718.0
	 epoch  60 training error:  tensor(0.4842, device='cuda:0', grad_fn=<DivBackward0>)
Memory status after this epoch: 
Memory allocated:  345.845703125
Memory cached:  720.0
	 epoch  70 training error:  tensor(0.4770, device='cuda:0', grad_fn=<DivBackward0>)
Memory status after this epoch: 
Memory allocated:  345.845703125
Memory cached:  724.0
	 epoch  80 training error:  tensor(0.4738, device='cuda:0', grad_fn=<DivBackward0>)
Memory status after this epoch: 
Memory allocated:  345.845703125
Memory cached:  714.0
	 epoch  90 training error:  tensor(0.4735, device='cuda:0', grad_fn=<DivBackward0>)
Memory status after this epoch: 
Memory allocated:  345.845703125
Memory cached:  718.0
[I 2024-01-03 17:39:54,279] Trial 59 finished with value: 0.3737430274486542 and parameters: {'W_layers': 5, 'W_layer_units_exponent_0': 8, 'W_layer_units_exponent_1': 7, 'W_layer_units_exponent_2': 8, 'W_layer_units_exponent_3': 6, 'W_layer_units_exponent_4': 10, 'D_layers': 6, 'D_layer_units_exponent_0': 9, 'D_layer_units_exponent_1': 4, 'D_layer_units_exponent_2': 10, 'D_layer_units_exponent_3': 9, 'D_layer_units_exponent_4': 7, 'D_layer_units_exponent_5': 8, 'D_dagger_layers': 5, 'D_dagger_layer_units_exponent_0': 10, 'D_dagger_layer_units_exponent_1': 8, 'D_dagger_layer_units_exponent_2': 4, 'D_dagger_layer_units_exponent_3': 5, 'D_dagger_layer_units_exponent_4': 8, 'log_learning_rate': -4.313186820873684, 'log_learning_rate_D': -3.670733398552078, 'log_learning_rate_D_dagger': -3.267810488407712, 'training_batch_size': 12, 'training_p': 5}. Best is trial 45 with value: 0.13349680602550507.
Time for this trial:  221.01123213768005
Memory status after this trial: 
Memory allocated:  632.8134765625
Memory cached:  680.0
--------------------  Trial  60   --------------------
Start timing: 
Parameters: 
{'W_layers': 6, 'W_layer_units_exponent_0': 9, 'W_layer_units_exponent_1': 7, 'W_layer_units_exponent_2': 9, 'W_layer_units_exponent_3': 10, 'W_layer_units_exponent_4': 9, 'W_layer_units_exponent_5': 6, 'D_layers': 5, 'D_layer_units_exponent_0': 10, 'D_layer_units_exponent_1': 5, 'D_layer_units_exponent_2': 4, 'D_layer_units_exponent_3': 8, 'D_layer_units_exponent_4': 8, 'D_dagger_layers': 5, 'D_dagger_layer_units_exponent_0': 10, 'D_dagger_layer_units_exponent_1': 10, 'D_dagger_layer_units_exponent_2': 10, 'D_dagger_layer_units_exponent_3': 4, 'D_dagger_layer_units_exponent_4': 7, 'log_learning_rate': -3.688394505886309, 'log_learning_rate_D': -2.581632235481537, 'log_learning_rate_D_dagger': -3.4714996392725666, 'training_batch_size': 11, 'training_p': 3}
	 epoch  0 training error:  tensor(1.0311, device='cuda:0', grad_fn=<DivBackward0>)
Memory status after this epoch: 
Memory allocated:  381.923828125
Memory cached:  696.0
	 epoch  10 training error:  tensor(0.3971, device='cuda:0', grad_fn=<DivBackward0>)
Memory status after this epoch: 
Memory allocated:  381.923828125
Memory cached:  736.0
	 epoch  20 training error:  tensor(0.4101, device='cuda:0', grad_fn=<DivBackward0>)
Memory status after this epoch: 
Memory allocated:  381.923828125
Memory cached:  740.0
	 epoch  30 training error:  tensor(0.3825, device='cuda:0', grad_fn=<DivBackward0>)
Memory status after this epoch: 
Memory allocated:  381.923828125
Memory cached:  738.0
	 epoch  40 training error:  tensor(0.3837, device='cuda:0', grad_fn=<DivBackward0>)
Memory status after this epoch: 
Memory allocated:  381.923828125
Memory cached:  734.0
	 epoch  50 training error:  tensor(0.3690, device='cuda:0', grad_fn=<DivBackward0>)
Memory status after this epoch: 
Memory allocated:  381.923828125
Memory cached:  734.0
	 epoch  60 training error:  tensor(0.3522, device='cuda:0', grad_fn=<DivBackward0>)
Memory status after this epoch: 
Memory allocated:  381.923828125
Memory cached:  736.0
	 epoch  70 training error:  tensor(0.3286, device='cuda:0', grad_fn=<DivBackward0>)
Memory status after this epoch: 
Memory allocated:  381.923828125
Memory cached:  732.0
	 epoch  80 training error:  tensor(0.3196, device='cuda:0', grad_fn=<DivBackward0>)
Memory status after this epoch: 
Memory allocated:  381.923828125
Memory cached:  732.0
	 epoch  90 training error:  tensor(0.3118, device='cuda:0', grad_fn=<DivBackward0>)
Memory status after this epoch: 
Memory allocated:  381.923828125
Memory cached:  738.0
