/home/shengduo/anaconda3/lib/python3.9/site-packages/scipy/__init__.py:146: UserWarning: A NumPy version >=1.16.5 and <1.23.0 is required for this version of SciPy (detected version 1.24.1
  warnings.warn(f"A NumPy version >={np_minversion} and <{np_maxversion}"
[I 2023-12-06 22:25:48,623] A new study created in memory with name: no-name-7acdb2da-0ba2-4321-b5b2-e5b702ec23b5
Cuda is available:  True
Device is:  cuda:0
Memory allocated:  0.0
Memory cached:  0.0
Data file:  ./data/Trial1204_smallDRS_Burigede.pt
Vs.shape:  torch.Size([100, 100])
thetas.shape:  torch.Size([100, 100])
fs.shape:  torch.Size([100, 100])
ts.shape:  torch.Size([100, 100])
Xs.shape:  torch.Size([100, 100])
--------------------  Trial  0   --------------------
Start timing: 
Parameters: 
{'W_layers': 2, 'W_layer_units_exponent_0': 5, 'W_layer_units_exponent_1': 9, 'D_layers': 3, 'D_layer_units_exponent_0': 4, 'D_layer_units_exponent_1': 10, 'D_layer_units_exponent_2': 6, 'D_dagger_layers': 4, 'D_dagger_layer_units_exponent_0': 5, 'D_dagger_layer_units_exponent_1': 9, 'D_dagger_layer_units_exponent_2': 8, 'D_dagger_layer_units_exponent_3': 5, 'log_learning_rate': -2.372407017311229, 'log_learning_rate_D': -3.4933275270865893, 'log_learning_rate_D_dagger': -3.930215108452031, 'training_batch_size': 10, 'training_p': 3}
	 epoch  0 training error:  tensor(1.3171, device='cuda:0', grad_fn=<DivBackward0>)
Memory status after this epoch: 
Memory allocated:  4.05078125
Memory cached:  116.0
	 epoch  10 training error:  tensor(0.8521, device='cuda:0', grad_fn=<DivBackward0>)
Memory status after this epoch: 
Memory allocated:  4.05078125
Memory cached:  186.0
	 epoch  20 training error:  tensor(0.6053, device='cuda:0', grad_fn=<DivBackward0>)
Memory status after this epoch: 
Memory allocated:  4.05078125
Memory cached:  182.0
	 epoch  30 training error:  tensor(0.4951, device='cuda:0', grad_fn=<DivBackward0>)
Memory status after this epoch: 
Memory allocated:  4.05078125
Memory cached:  188.0
	 epoch  40 training error:  tensor(0.4607, device='cuda:0', grad_fn=<DivBackward0>)
Memory status after this epoch: 
Memory allocated:  4.05078125
Memory cached:  188.0
	 epoch  50 training error:  tensor(0.4227, device='cuda:0', grad_fn=<DivBackward0>)
Memory status after this epoch: 
Memory allocated:  4.05078125
Memory cached:  188.0
	 epoch  60 training error:  tensor(0.4088, device='cuda:0', grad_fn=<DivBackward0>)
Memory status after this epoch: 
Memory allocated:  4.05078125
Memory cached:  178.0
	 epoch  70 training error:  tensor(0.4004, device='cuda:0', grad_fn=<DivBackward0>)
Memory status after this epoch: 
Memory allocated:  4.05078125
Memory cached:  182.0
	 epoch  80 training error:  tensor(0.3943, device='cuda:0', grad_fn=<DivBackward0>)
Memory status after this epoch: 
Memory allocated:  4.05078125
Memory cached:  182.0
	 epoch  90 training error:  tensor(0.3899, device='cuda:0', grad_fn=<DivBackward0>)
Memory status after this epoch: 
Memory allocated:  4.05078125
Memory cached:  182.0
[I 2023-12-06 22:28:08,882] Trial 0 finished with value: 0.33205562829971313 and parameters: {'W_layers': 2, 'W_layer_units_exponent_0': 5, 'W_layer_units_exponent_1': 9, 'D_layers': 3, 'D_layer_units_exponent_0': 4, 'D_layer_units_exponent_1': 10, 'D_layer_units_exponent_2': 6, 'D_dagger_layers': 4, 'D_dagger_layer_units_exponent_0': 5, 'D_dagger_layer_units_exponent_1': 9, 'D_dagger_layer_units_exponent_2': 8, 'D_dagger_layer_units_exponent_3': 5, 'log_learning_rate': -2.372407017311229, 'log_learning_rate_D': -3.4933275270865893, 'log_learning_rate_D_dagger': -3.930215108452031, 'training_batch_size': 10, 'training_p': 3}. Best is trial 0 with value: 0.33205562829971313.
res:  tensor(0.3321, device='cuda:0', grad_fn=<DivBackward0>)
self.bestValue:  10000000.0
Save this model!
Time for this trial:  140.15212893486023
Memory status after this trial: 
Memory allocated:  129.7666015625
Memory cached:  148.0
--------------------  Trial  1   --------------------
Start timing: 
Parameters: 
{'W_layers': 7, 'W_layer_units_exponent_0': 4, 'W_layer_units_exponent_1': 9, 'W_layer_units_exponent_2': 8, 'W_layer_units_exponent_3': 10, 'W_layer_units_exponent_4': 8, 'W_layer_units_exponent_5': 8, 'W_layer_units_exponent_6': 8, 'D_layers': 8, 'D_layer_units_exponent_0': 5, 'D_layer_units_exponent_1': 9, 'D_layer_units_exponent_2': 10, 'D_layer_units_exponent_3': 8, 'D_layer_units_exponent_4': 4, 'D_layer_units_exponent_5': 6, 'D_layer_units_exponent_6': 4, 'D_layer_units_exponent_7': 5, 'D_dagger_layers': 2, 'D_dagger_layer_units_exponent_0': 6, 'D_dagger_layer_units_exponent_1': 5, 'log_learning_rate': -4.164728677966371, 'log_learning_rate_D': -3.656380751689995, 'log_learning_rate_D_dagger': -2.596513835447257, 'training_batch_size': 9, 'training_p': 3}
	 epoch  0 training error:  tensor(1.1628, device='cuda:0', grad_fn=<DivBackward0>)
Memory status after this epoch: 
Memory allocated:  154.40234375
Memory cached:  250.0
	 epoch  10 training error:  tensor(0.4973, device='cuda:0', grad_fn=<DivBackward0>)
Memory status after this epoch: 
Memory allocated:  154.40234375
Memory cached:  314.0
	 epoch  20 training error:  tensor(0.4583, device='cuda:0', grad_fn=<DivBackward0>)
Memory status after this epoch: 
Memory allocated:  154.40234375
Memory cached:  308.0
	 epoch  30 training error:  tensor(0.4379, device='cuda:0', grad_fn=<DivBackward0>)
Memory status after this epoch: 
Memory allocated:  154.40234375
Memory cached:  310.0
	 epoch  40 training error:  tensor(0.4229, device='cuda:0', grad_fn=<DivBackward0>)
Memory status after this epoch: 
Memory allocated:  154.40234375
Memory cached:  302.0
	 epoch  50 training error:  tensor(0.4148, device='cuda:0', grad_fn=<DivBackward0>)
Memory status after this epoch: 
Memory allocated:  154.40234375
Memory cached:  316.0
	 epoch  60 training error:  tensor(0.4061, device='cuda:0', grad_fn=<DivBackward0>)
Memory status after this epoch: 
Memory allocated:  154.40234375
Memory cached:  312.0
	 epoch  70 training error:  tensor(0.3731, device='cuda:0', grad_fn=<DivBackward0>)
Memory status after this epoch: 
Memory allocated:  154.40234375
Memory cached:  322.0
	 epoch  80 training error:  tensor(0.3633, device='cuda:0', grad_fn=<DivBackward0>)
Memory status after this epoch: 
Memory allocated:  154.40234375
Memory cached:  314.0
	 epoch  90 training error:  tensor(0.3579, device='cuda:0', grad_fn=<DivBackward0>)
Memory status after this epoch: 
Memory allocated:  154.40234375
Memory cached:  314.0
[I 2023-12-06 22:31:48,680] Trial 1 finished with value: 0.310281902551651 and parameters: {'W_layers': 7, 'W_layer_units_exponent_0': 4, 'W_layer_units_exponent_1': 9, 'W_layer_units_exponent_2': 8, 'W_layer_units_exponent_3': 10, 'W_layer_units_exponent_4': 8, 'W_layer_units_exponent_5': 8, 'W_layer_units_exponent_6': 8, 'D_layers': 8, 'D_layer_units_exponent_0': 5, 'D_layer_units_exponent_1': 9, 'D_layer_units_exponent_2': 10, 'D_layer_units_exponent_3': 8, 'D_layer_units_exponent_4': 4, 'D_layer_units_exponent_5': 6, 'D_layer_units_exponent_6': 4, 'D_layer_units_exponent_7': 5, 'D_dagger_layers': 2, 'D_dagger_layer_units_exponent_0': 6, 'D_dagger_layer_units_exponent_1': 5, 'log_learning_rate': -4.164728677966371, 'log_learning_rate_D': -3.656380751689995, 'log_learning_rate_D_dagger': -2.596513835447257, 'training_batch_size': 9, 'training_p': 3}. Best is trial 1 with value: 0.310281902551651.
res:  tensor(0.3103, device='cuda:0', grad_fn=<DivBackward0>)
self.bestValue:  tensor(0.3321, device='cuda:0', grad_fn=<DivBackward0>)
Save this model!
Time for this trial:  219.69811701774597
Memory status after this trial: 
Memory allocated:  256.68359375
Memory cached:  412.0
--------------------  Trial  2   --------------------
Start timing: 
Parameters: 
{'W_layers': 2, 'W_layer_units_exponent_0': 6, 'W_layer_units_exponent_1': 10, 'D_layers': 4, 'D_layer_units_exponent_0': 8, 'D_layer_units_exponent_1': 9, 'D_layer_units_exponent_2': 7, 'D_layer_units_exponent_3': 10, 'D_dagger_layers': 6, 'D_dagger_layer_units_exponent_0': 10, 'D_dagger_layer_units_exponent_1': 7, 'D_dagger_layer_units_exponent_2': 10, 'D_dagger_layer_units_exponent_3': 6, 'D_dagger_layer_units_exponent_4': 4, 'D_dagger_layer_units_exponent_5': 7, 'log_learning_rate': -1.539846851833519, 'log_learning_rate_D': -3.2018752837355993, 'log_learning_rate_D_dagger': -3.425846978002633, 'training_batch_size': 10, 'training_p': 7}
	 epoch  0 training error:  tensor(0.8199, device='cuda:0', grad_fn=<DivBackward0>)
Memory status after this epoch: 
Memory allocated:  267.9189453125
Memory cached:  428.0
	 epoch  10 training error:  tensor(1.2867, device='cuda:0', grad_fn=<DivBackward0>)
Memory status after this epoch: 
Memory allocated:  267.9189453125
Memory cached:  504.0
	 epoch  20 training error:  tensor(0.6831, device='cuda:0', grad_fn=<DivBackward0>)
Memory status after this epoch: 
Memory allocated:  267.9189453125
Memory cached:  492.0
	 epoch  30 training error:  tensor(0.7635, device='cuda:0', grad_fn=<DivBackward0>)
Memory status after this epoch: 
Memory allocated:  267.9189453125
Memory cached:  502.0
	 epoch  40 training error:  tensor(0.5326, device='cuda:0', grad_fn=<DivBackward0>)
Memory status after this epoch: 
Memory allocated:  267.9189453125
Memory cached:  492.0
	 epoch  50 training error:  tensor(0.4127, device='cuda:0', grad_fn=<DivBackward0>)
Memory status after this epoch: 
Memory allocated:  267.9189453125
Memory cached:  500.0
	 epoch  60 training error:  tensor(0.3936, device='cuda:0', grad_fn=<DivBackward0>)
Memory status after this epoch: 
Memory allocated:  267.9189453125
Memory cached:  496.0
	 epoch  70 training error:  tensor(0.3552, device='cuda:0', grad_fn=<DivBackward0>)
Memory status after this epoch: 
Memory allocated:  267.9189453125
Memory cached:  502.0
	 epoch  80 training error:  tensor(0.3520, device='cuda:0', grad_fn=<DivBackward0>)
Memory status after this epoch: 
Memory allocated:  267.9189453125
Memory cached:  490.0
	 epoch  90 training error:  tensor(0.3327, device='cuda:0', grad_fn=<DivBackward0>)
Memory status after this epoch: 
Memory allocated:  267.9189453125
Memory cached:  498.0
[I 2023-12-06 22:34:57,600] Trial 2 finished with value: 0.2935338020324707 and parameters: {'W_layers': 2, 'W_layer_units_exponent_0': 6, 'W_layer_units_exponent_1': 10, 'D_layers': 4, 'D_layer_units_exponent_0': 8, 'D_layer_units_exponent_1': 9, 'D_layer_units_exponent_2': 7, 'D_layer_units_exponent_3': 10, 'D_dagger_layers': 6, 'D_dagger_layer_units_exponent_0': 10, 'D_dagger_layer_units_exponent_1': 7, 'D_dagger_layer_units_exponent_2': 10, 'D_dagger_layer_units_exponent_3': 6, 'D_dagger_layer_units_exponent_4': 4, 'D_dagger_layer_units_exponent_5': 7, 'log_learning_rate': -1.539846851833519, 'log_learning_rate_D': -3.2018752837355993, 'log_learning_rate_D_dagger': -3.425846978002633, 'training_batch_size': 10, 'training_p': 7}. Best is trial 2 with value: 0.2935338020324707.
res:  tensor(0.2935, device='cuda:0', grad_fn=<DivBackward0>)
self.bestValue:  tensor(0.3103, device='cuda:0', grad_fn=<DivBackward0>)
Save this model!
Time for this trial:  188.81201338768005
Memory status after this trial: 
Memory allocated:  276.59326171875
Memory cached:  492.0
--------------------  Trial  3   --------------------
Start timing: 
Parameters: 
{'W_layers': 5, 'W_layer_units_exponent_0': 10, 'W_layer_units_exponent_1': 7, 'W_layer_units_exponent_2': 10, 'W_layer_units_exponent_3': 6, 'W_layer_units_exponent_4': 4, 'D_layers': 2, 'D_layer_units_exponent_0': 5, 'D_layer_units_exponent_1': 7, 'D_dagger_layers': 3, 'D_dagger_layer_units_exponent_0': 7, 'D_dagger_layer_units_exponent_1': 9, 'D_dagger_layer_units_exponent_2': 9, 'log_learning_rate': -4.208317195780664, 'log_learning_rate_D': -1.67617198862935, 'log_learning_rate_D_dagger': -2.4101777449566395, 'training_batch_size': 11, 'training_p': 7}
	 epoch  0 training error:  tensor(1.0336, device='cuda:0', grad_fn=<DivBackward0>)
Memory status after this epoch: 
Memory allocated:  286.79541015625
Memory cached:  476.0
	 epoch  10 training error:  tensor(0.6369, device='cuda:0', grad_fn=<DivBackward0>)
Memory status after this epoch: 
Memory allocated:  286.79541015625
Memory cached:  498.0
	 epoch  20 training error:  tensor(0.4713, device='cuda:0', grad_fn=<DivBackward0>)
Memory status after this epoch: 
Memory allocated:  286.79541015625
Memory cached:  490.0
	 epoch  30 training error:  tensor(0.4605, device='cuda:0', grad_fn=<DivBackward0>)
Memory status after this epoch: 
Memory allocated:  286.79541015625
Memory cached:  498.0
	 epoch  40 training error:  tensor(0.4579, device='cuda:0', grad_fn=<DivBackward0>)
Memory status after this epoch: 
Memory allocated:  286.79541015625
Memory cached:  494.0
	 epoch  50 training error:  tensor(0.4379, device='cuda:0', grad_fn=<DivBackward0>)
Memory status after this epoch: 
Memory allocated:  286.79541015625
Memory cached:  494.0
	 epoch  60 training error:  tensor(0.4325, device='cuda:0', grad_fn=<DivBackward0>)
Memory status after this epoch: 
Memory allocated:  286.79541015625
Memory cached:  496.0
	 epoch  70 training error:  tensor(0.4184, device='cuda:0', grad_fn=<DivBackward0>)
Memory status after this epoch: 
Memory allocated:  286.79541015625
Memory cached:  494.0
	 epoch  80 training error:  tensor(0.4127, device='cuda:0', grad_fn=<DivBackward0>)
Memory status after this epoch: 
Memory allocated:  286.79541015625
Memory cached:  494.0
	 epoch  90 training error:  tensor(0.4091, device='cuda:0', grad_fn=<DivBackward0>)
Memory status after this epoch: 
Memory allocated:  286.79541015625
Memory cached:  498.0
[I 2023-12-06 22:37:37,826] Trial 3 finished with value: 0.32306522130966187 and parameters: {'W_layers': 5, 'W_layer_units_exponent_0': 10, 'W_layer_units_exponent_1': 7, 'W_layer_units_exponent_2': 10, 'W_layer_units_exponent_3': 6, 'W_layer_units_exponent_4': 4, 'D_layers': 2, 'D_layer_units_exponent_0': 5, 'D_layer_units_exponent_1': 7, 'D_dagger_layers': 3, 'D_dagger_layer_units_exponent_0': 7, 'D_dagger_layer_units_exponent_1': 9, 'D_dagger_layer_units_exponent_2': 9, 'log_learning_rate': -4.208317195780664, 'log_learning_rate_D': -1.67617198862935, 'log_learning_rate_D_dagger': -2.4101777449566395, 'training_batch_size': 11, 'training_p': 7}. Best is trial 2 with value: 0.2935338020324707.
Time for this trial:  160.10162734985352
Memory status after this trial: 
Memory allocated:  467.62060546875
Memory cached:  478.0
--------------------  Trial  4   --------------------
Start timing: 
Parameters: 
{'W_layers': 8, 'W_layer_units_exponent_0': 4, 'W_layer_units_exponent_1': 7, 'W_layer_units_exponent_2': 10, 'W_layer_units_exponent_3': 7, 'W_layer_units_exponent_4': 10, 'W_layer_units_exponent_5': 6, 'W_layer_units_exponent_6': 6, 'W_layer_units_exponent_7': 8, 'D_layers': 5, 'D_layer_units_exponent_0': 7, 'D_layer_units_exponent_1': 5, 'D_layer_units_exponent_2': 5, 'D_layer_units_exponent_3': 8, 'D_layer_units_exponent_4': 6, 'D_dagger_layers': 6, 'D_dagger_layer_units_exponent_0': 7, 'D_dagger_layer_units_exponent_1': 6, 'D_dagger_layer_units_exponent_2': 7, 'D_dagger_layer_units_exponent_3': 7, 'D_dagger_layer_units_exponent_4': 8, 'D_dagger_layer_units_exponent_5': 7, 'log_learning_rate': -3.038426433042714, 'log_learning_rate_D': -2.90243791249877, 'log_learning_rate_D_dagger': -1.7610018249407102, 'training_batch_size': 9, 'training_p': 8}
	 epoch  0 training error:  tensor(0.9945, device='cuda:0', grad_fn=<DivBackward0>)
Memory status after this epoch: 
Memory allocated:  286.00830078125
Memory cached:  476.0
	 epoch  10 training error:  tensor(0.7040, device='cuda:0', grad_fn=<DivBackward0>)
Memory status after this epoch: 
Memory allocated:  286.00830078125
Memory cached:  500.0
	 epoch  20 training error:  tensor(0.5632, device='cuda:0', grad_fn=<DivBackward0>)
Memory status after this epoch: 
Memory allocated:  286.00830078125
Memory cached:  504.0
	 epoch  30 training error:  tensor(0.5281, device='cuda:0', grad_fn=<DivBackward0>)
Memory status after this epoch: 
Memory allocated:  286.00830078125
Memory cached:  500.0
	 epoch  40 training error:  tensor(0.6493, device='cuda:0', grad_fn=<DivBackward0>)
Memory status after this epoch: 
Memory allocated:  286.00830078125
Memory cached:  504.0
	 epoch  50 training error:  tensor(0.5950, device='cuda:0', grad_fn=<DivBackward0>)
Memory status after this epoch: 
Memory allocated:  286.00830078125
Memory cached:  510.0
	 epoch  60 training error:  tensor(0.4480, device='cuda:0', grad_fn=<DivBackward0>)
Memory status after this epoch: 
Memory allocated:  286.00830078125
Memory cached:  508.0
	 epoch  70 training error:  tensor(0.4427, device='cuda:0', grad_fn=<DivBackward0>)
Memory status after this epoch: 
Memory allocated:  286.00830078125
Memory cached:  514.0
	 epoch  80 training error:  tensor(0.4366, device='cuda:0', grad_fn=<DivBackward0>)
Memory status after this epoch: 
Memory allocated:  286.00830078125
Memory cached:  502.0
	 epoch  90 training error:  tensor(0.4203, device='cuda:0', grad_fn=<DivBackward0>)
Memory status after this epoch: 
Memory allocated:  286.00830078125
Memory cached:  508.0
[I 2023-12-06 22:41:25,039] Trial 4 finished with value: 0.32958388328552246 and parameters: {'W_layers': 8, 'W_layer_units_exponent_0': 4, 'W_layer_units_exponent_1': 7, 'W_layer_units_exponent_2': 10, 'W_layer_units_exponent_3': 7, 'W_layer_units_exponent_4': 10, 'W_layer_units_exponent_5': 6, 'W_layer_units_exponent_6': 6, 'W_layer_units_exponent_7': 8, 'D_layers': 5, 'D_layer_units_exponent_0': 7, 'D_layer_units_exponent_1': 5, 'D_layer_units_exponent_2': 5, 'D_layer_units_exponent_3': 8, 'D_layer_units_exponent_4': 6, 'D_dagger_layers': 6, 'D_dagger_layer_units_exponent_0': 7, 'D_dagger_layer_units_exponent_1': 6, 'D_dagger_layer_units_exponent_2': 7, 'D_dagger_layer_units_exponent_3': 7, 'D_dagger_layer_units_exponent_4': 8, 'D_dagger_layer_units_exponent_5': 7, 'log_learning_rate': -3.038426433042714, 'log_learning_rate_D': -2.90243791249877, 'log_learning_rate_D_dagger': -1.7610018249407102, 'training_batch_size': 9, 'training_p': 8}. Best is trial 2 with value: 0.2935338020324707.
Time for this trial:  227.06846475601196
Memory status after this trial: 
Memory allocated:  494.2802734375
Memory cached:  500.0
--------------------  Trial  5   --------------------
Start timing: 
Parameters: 
{'W_layers': 2, 'W_layer_units_exponent_0': 8, 'W_layer_units_exponent_1': 8, 'D_layers': 2, 'D_layer_units_exponent_0': 4, 'D_layer_units_exponent_1': 6, 'D_dagger_layers': 3, 'D_dagger_layer_units_exponent_0': 6, 'D_dagger_layer_units_exponent_1': 9, 'D_dagger_layer_units_exponent_2': 8, 'log_learning_rate': -1.014862709683558, 'log_learning_rate_D': -4.165986021683864, 'log_learning_rate_D_dagger': -1.684023796014718, 'training_batch_size': 9, 'training_p': 4}
	 epoch  0 training error:  tensor(1.0138, device='cuda:0', grad_fn=<DivBackward0>)
Memory status after this epoch: 
Memory allocated:  280.18408203125
Memory cached:  474.0
	 epoch  10 training error:  tensor(19.5618, device='cuda:0', grad_fn=<DivBackward0>)
Memory status after this epoch: 
Memory allocated:  280.18408203125
Memory cached:  496.0
	 epoch  20 training error:  tensor(18.1823, device='cuda:0', grad_fn=<DivBackward0>)
Memory status after this epoch: 
Memory allocated:  280.18408203125
Memory cached:  494.0
	 epoch  30 training error:  tensor(8.5570, device='cuda:0', grad_fn=<DivBackward0>)
Memory status after this epoch: 
Memory allocated:  280.18408203125
Memory cached:  494.0
	 epoch  40 training error:  tensor(15.6113, device='cuda:0', grad_fn=<DivBackward0>)
Memory status after this epoch: 
Memory allocated:  280.18408203125
Memory cached:  494.0
	 epoch  50 training error:  tensor(6.2675, device='cuda:0', grad_fn=<DivBackward0>)
Memory status after this epoch: 
Memory allocated:  280.18408203125
Memory cached:  492.0
	 epoch  60 training error:  tensor(3.8536, device='cuda:0', grad_fn=<DivBackward0>)
Memory status after this epoch: 
Memory allocated:  280.18408203125
Memory cached:  496.0
	 epoch  70 training error:  tensor(1.0315, device='cuda:0', grad_fn=<DivBackward0>)
Memory status after this epoch: 
Memory allocated:  280.18408203125
Memory cached:  496.0
	 epoch  80 training error:  tensor(1.1139, device='cuda:0', grad_fn=<DivBackward0>)
Memory status after this epoch: 
Memory allocated:  280.18408203125
Memory cached:  492.0
	 epoch  90 training error:  tensor(0.8911, device='cuda:0', grad_fn=<DivBackward0>)
Memory status after this epoch: 
Memory allocated:  280.18408203125
Memory cached:  498.0
