[I 2023-12-03 09:03:49,939] Trial 16 finished with value: 0.0419476218521595 and parameters: {'W_layers': 4, 'W_layer_units_exponent_0': 4, 'W_layer_units_exponent_1': 8, 'W_layer_units_exponent_2': 8, 'W_layer_units_exponent_3': 7, 'D_layers': 6, 'D_layer_units_exponent_0': 8, 'D_layer_units_exponent_1': 6, 'D_layer_units_exponent_2': 8, 'D_layer_units_exponent_3': 5, 'D_layer_units_exponent_4': 6, 'D_layer_units_exponent_5': 7, 'D_dagger_layers': 3, 'D_dagger_layer_units_exponent_0': 8, 'D_dagger_layer_units_exponent_1': 4, 'D_dagger_layer_units_exponent_2': 6, 'log_learning_rate': -1.656842175441653, 'log_learning_rate_D': -3.2838184331789653, 'log_learning_rate_D_dagger': -2.2270521280797997, 'training_batch_size': 8, 'training_p': 4}. Best is trial 16 with value: 0.0419476218521595.
res:  tensor(0.0419, device='cuda:0', grad_fn=<DivBackward0>)
self.bestValue:  tensor(0.0988, device='cuda:0', grad_fn=<DivBackward0>)
Save this model!
Time for this trial:  173.78094029426575
Memory status after this trial: 
Memory allocated:  94.958984375
Memory cached:  348.0
--------------------  Trial  17   --------------------
Start timing: 
Parameters: 
{'W_layers': 6, 'W_layer_units_exponent_0': 4, 'W_layer_units_exponent_1': 8, 'W_layer_units_exponent_2': 9, 'W_layer_units_exponent_3': 7, 'W_layer_units_exponent_4': 8, 'W_layer_units_exponent_5': 10, 'D_layers': 6, 'D_layer_units_exponent_0': 8, 'D_layer_units_exponent_1': 6, 'D_layer_units_exponent_2': 9, 'D_layer_units_exponent_3': 5, 'D_layer_units_exponent_4': 6, 'D_layer_units_exponent_5': 7, 'D_dagger_layers': 2, 'D_dagger_layer_units_exponent_0': 8, 'D_dagger_layer_units_exponent_1': 4, 'log_learning_rate': -1.5343080540149199, 'log_learning_rate_D': -3.088078862752332, 'log_learning_rate_D_dagger': -1.9875889829428126, 'training_batch_size': 10, 'training_p': 4}
	 epoch  0 training error:  tensor(0.9717, device='cuda:0', grad_fn=<DivBackward0>)
Memory status after this epoch: 
Memory allocated:  103.9208984375
Memory cached:  340.0
	 epoch  10 training error:  tensor(9.6437, device='cuda:0', grad_fn=<DivBackward0>)
Memory status after this epoch: 
Memory allocated:  103.9208984375
Memory cached:  368.0
	 epoch  20 training error:  tensor(1.5593, device='cuda:0', grad_fn=<DivBackward0>)
Memory status after this epoch: 
Memory allocated:  103.9208984375
Memory cached:  368.0
	 epoch  30 training error:  tensor(1.0767, device='cuda:0', grad_fn=<DivBackward0>)
Memory status after this epoch: 
Memory allocated:  103.9208984375
Memory cached:  360.0
	 epoch  40 training error:  tensor(0.8670, device='cuda:0', grad_fn=<DivBackward0>)
Memory status after this epoch: 
Memory allocated:  103.9208984375
Memory cached:  358.0
	 epoch  50 training error:  tensor(0.7192, device='cuda:0', grad_fn=<DivBackward0>)
Memory status after this epoch: 
Memory allocated:  103.9208984375
Memory cached:  380.0
	 epoch  60 training error:  tensor(2.0434, device='cuda:0', grad_fn=<DivBackward0>)
Memory status after this epoch: 
Memory allocated:  103.9208984375
Memory cached:  366.0
	 epoch  70 training error:  tensor(0.5068, device='cuda:0', grad_fn=<DivBackward0>)
Memory status after this epoch: 
Memory allocated:  103.9208984375
Memory cached:  360.0
	 epoch  80 training error:  tensor(0.6836, device='cuda:0', grad_fn=<DivBackward0>)
Memory status after this epoch: 
Memory allocated:  103.9208984375
Memory cached:  360.0
	 epoch  90 training error:  tensor(0.3259, device='cuda:0', grad_fn=<DivBackward0>)
Memory status after this epoch: 
Memory allocated:  103.9208984375
Memory cached:  368.0
[I 2023-12-03 09:07:00,539] Trial 17 finished with value: 0.15672725439071655 and parameters: {'W_layers': 6, 'W_layer_units_exponent_0': 4, 'W_layer_units_exponent_1': 8, 'W_layer_units_exponent_2': 9, 'W_layer_units_exponent_3': 7, 'W_layer_units_exponent_4': 8, 'W_layer_units_exponent_5': 10, 'D_layers': 6, 'D_layer_units_exponent_0': 8, 'D_layer_units_exponent_1': 6, 'D_layer_units_exponent_2': 9, 'D_layer_units_exponent_3': 5, 'D_layer_units_exponent_4': 6, 'D_layer_units_exponent_5': 7, 'D_dagger_layers': 2, 'D_dagger_layer_units_exponent_0': 8, 'D_dagger_layer_units_exponent_1': 4, 'log_learning_rate': -1.5343080540149199, 'log_learning_rate_D': -3.088078862752332, 'log_learning_rate_D_dagger': -1.9875889829428126, 'training_batch_size': 10, 'training_p': 4}. Best is trial 16 with value: 0.0419476218521595.
Time for this trial:  190.39079976081848
Memory status after this trial: 
Memory allocated:  278.6865234375
Memory cached:  346.0
--------------------  Trial  18   --------------------
Start timing: 
Parameters: 
{'W_layers': 4, 'W_layer_units_exponent_0': 4, 'W_layer_units_exponent_1': 8, 'W_layer_units_exponent_2': 8, 'W_layer_units_exponent_3': 6, 'D_layers': 8, 'D_layer_units_exponent_0': 4, 'D_layer_units_exponent_1': 8, 'D_layer_units_exponent_2': 9, 'D_layer_units_exponent_3': 5, 'D_layer_units_exponent_4': 6, 'D_layer_units_exponent_5': 7, 'D_layer_units_exponent_6': 4, 'D_layer_units_exponent_7': 4, 'D_dagger_layers': 3, 'D_dagger_layer_units_exponent_0': 8, 'D_dagger_layer_units_exponent_1': 5, 'D_dagger_layer_units_exponent_2': 6, 'log_learning_rate': -1.5818033205126183, 'log_learning_rate_D': -2.9946753192655855, 'log_learning_rate_D_dagger': -2.2662476845756694, 'training_batch_size': 8, 'training_p': 3}
	 epoch  0 training error:  tensor(0.9760, device='cuda:0', grad_fn=<DivBackward0>)
Memory status after this epoch: 
Memory allocated:  99.0517578125
Memory cached:  340.0
	 epoch  10 training error:  tensor(1.4189, device='cuda:0', grad_fn=<DivBackward0>)
Memory status after this epoch: 
Memory allocated:  99.0517578125
Memory cached:  340.0
	 epoch  20 training error:  tensor(0.7263, device='cuda:0', grad_fn=<DivBackward0>)
Memory status after this epoch: 
Memory allocated:  99.0517578125
Memory cached:  342.0
	 epoch  30 training error:  tensor(0.2046, device='cuda:0', grad_fn=<DivBackward0>)
Memory status after this epoch: 
Memory allocated:  99.0517578125
Memory cached:  340.0
	 epoch  40 training error:  tensor(0.1268, device='cuda:0', grad_fn=<DivBackward0>)
Memory status after this epoch: 
Memory allocated:  99.0517578125
Memory cached:  342.0
	 epoch  50 training error:  tensor(0.1240, device='cuda:0', grad_fn=<DivBackward0>)
Memory status after this epoch: 
Memory allocated:  99.0517578125
Memory cached:  342.0
	 epoch  60 training error:  tensor(0.1175, device='cuda:0', grad_fn=<DivBackward0>)
Memory status after this epoch: 
Memory allocated:  99.0517578125
Memory cached:  348.0
	 epoch  70 training error:  tensor(0.1163, device='cuda:0', grad_fn=<DivBackward0>)
Memory status after this epoch: 
Memory allocated:  99.0517578125
Memory cached:  344.0
	 epoch  80 training error:  tensor(0.1143, device='cuda:0', grad_fn=<DivBackward0>)
Memory status after this epoch: 
Memory allocated:  99.0517578125
Memory cached:  340.0
	 epoch  90 training error:  tensor(0.1078, device='cuda:0', grad_fn=<DivBackward0>)
Memory status after this epoch: 
Memory allocated:  99.0517578125
Memory cached:  340.0
[I 2023-12-03 09:10:08,792] Trial 18 finished with value: 0.09387862682342529 and parameters: {'W_layers': 4, 'W_layer_units_exponent_0': 4, 'W_layer_units_exponent_1': 8, 'W_layer_units_exponent_2': 8, 'W_layer_units_exponent_3': 6, 'D_layers': 8, 'D_layer_units_exponent_0': 4, 'D_layer_units_exponent_1': 8, 'D_layer_units_exponent_2': 9, 'D_layer_units_exponent_3': 5, 'D_layer_units_exponent_4': 6, 'D_layer_units_exponent_5': 7, 'D_layer_units_exponent_6': 4, 'D_layer_units_exponent_7': 4, 'D_dagger_layers': 3, 'D_dagger_layer_units_exponent_0': 8, 'D_dagger_layer_units_exponent_1': 5, 'D_dagger_layer_units_exponent_2': 6, 'log_learning_rate': -1.5818033205126183, 'log_learning_rate_D': -2.9946753192655855, 'log_learning_rate_D_dagger': -2.2662476845756694, 'training_batch_size': 8, 'training_p': 3}. Best is trial 16 with value: 0.0419476218521595.
Time for this trial:  187.99658346176147
Memory status after this trial: 
Memory allocated:  202.3701171875
Memory cached:  340.0
--------------------  Trial  19   --------------------
Start timing: 
Parameters: 
{'W_layers': 4, 'W_layer_units_exponent_0': 5, 'W_layer_units_exponent_1': 10, 'W_layer_units_exponent_2': 8, 'W_layer_units_exponent_3': 8, 'D_layers': 8, 'D_layer_units_exponent_0': 4, 'D_layer_units_exponent_1': 8, 'D_layer_units_exponent_2': 8, 'D_layer_units_exponent_3': 6, 'D_layer_units_exponent_4': 5, 'D_layer_units_exponent_5': 8, 'D_layer_units_exponent_6': 4, 'D_layer_units_exponent_7': 4, 'D_dagger_layers': 3, 'D_dagger_layer_units_exponent_0': 6, 'D_dagger_layer_units_exponent_1': 5, 'D_dagger_layer_units_exponent_2': 6, 'log_learning_rate': -1.5253962928682514, 'log_learning_rate_D': -2.922132008672112, 'log_learning_rate_D_dagger': -2.346101661775127, 'training_batch_size': 8, 'training_p': 3}
	 epoch  0 training error:  tensor(0.9761, device='cuda:0', grad_fn=<DivBackward0>)
Memory status after this epoch: 
Memory allocated:  102.1630859375
Memory cached:  344.0
	 epoch  10 training error:  tensor(8.8999, device='cuda:0', grad_fn=<DivBackward0>)
Memory status after this epoch: 
Memory allocated:  102.1630859375
Memory cached:  352.0
	 epoch  20 training error:  tensor(0.4819, device='cuda:0', grad_fn=<DivBackward0>)
Memory status after this epoch: 
Memory allocated:  102.1630859375
Memory cached:  354.0
	 epoch  30 training error:  tensor(1.2693, device='cuda:0', grad_fn=<DivBackward0>)
Memory status after this epoch: 
Memory allocated:  102.1630859375
Memory cached:  350.0
	 epoch  40 training error:  tensor(0.4572, device='cuda:0', grad_fn=<DivBackward0>)
Memory status after this epoch: 
Memory allocated:  102.1630859375
Memory cached:  352.0
	 epoch  50 training error:  tensor(0.3179, device='cuda:0', grad_fn=<DivBackward0>)
Memory status after this epoch: 
Memory allocated:  102.1630859375
Memory cached:  354.0
	 epoch  60 training error:  tensor(0.2025, device='cuda:0', grad_fn=<DivBackward0>)
Memory status after this epoch: 
Memory allocated:  102.1630859375
Memory cached:  348.0
	 epoch  70 training error:  tensor(0.1569, device='cuda:0', grad_fn=<DivBackward0>)
Memory status after this epoch: 
Memory allocated:  102.1630859375
Memory cached:  350.0
	 epoch  80 training error:  tensor(0.1518, device='cuda:0', grad_fn=<DivBackward0>)
Memory status after this epoch: 
Memory allocated:  102.1630859375
Memory cached:  354.0
	 epoch  90 training error:  tensor(0.1375, device='cuda:0', grad_fn=<DivBackward0>)
Memory status after this epoch: 
Memory allocated:  102.1630859375
Memory cached:  352.0
[I 2023-12-03 09:13:21,211] Trial 19 finished with value: 0.10391122102737427 and parameters: {'W_layers': 4, 'W_layer_units_exponent_0': 5, 'W_layer_units_exponent_1': 10, 'W_layer_units_exponent_2': 8, 'W_layer_units_exponent_3': 8, 'D_layers': 8, 'D_layer_units_exponent_0': 4, 'D_layer_units_exponent_1': 8, 'D_layer_units_exponent_2': 8, 'D_layer_units_exponent_3': 6, 'D_layer_units_exponent_4': 5, 'D_layer_units_exponent_5': 8, 'D_layer_units_exponent_6': 4, 'D_layer_units_exponent_7': 4, 'D_dagger_layers': 3, 'D_dagger_layer_units_exponent_0': 6, 'D_dagger_layer_units_exponent_1': 5, 'D_dagger_layer_units_exponent_2': 6, 'log_learning_rate': -1.5253962928682514, 'log_learning_rate_D': -2.922132008672112, 'log_learning_rate_D_dagger': -2.346101661775127, 'training_batch_size': 8, 'training_p': 3}. Best is trial 16 with value: 0.0419476218521595.
Time for this trial:  192.14326453208923
Memory status after this trial: 
Memory allocated:  237.392578125
Memory cached:  346.0
--------------------  Trial  20   --------------------
Start timing: 
Parameters: 
{'W_layers': 3, 'W_layer_units_exponent_0': 4, 'W_layer_units_exponent_1': 8, 'W_layer_units_exponent_2': 8, 'D_layers': 7, 'D_layer_units_exponent_0': 4, 'D_layer_units_exponent_1': 9, 'D_layer_units_exponent_2': 9, 'D_layer_units_exponent_3': 4, 'D_layer_units_exponent_4': 6, 'D_layer_units_exponent_5': 5, 'D_layer_units_exponent_6': 6, 'D_dagger_layers': 3, 'D_dagger_layer_units_exponent_0': 8, 'D_dagger_layer_units_exponent_1': 5, 'D_dagger_layer_units_exponent_2': 5, 'log_learning_rate': -2.5589805726440304, 'log_learning_rate_D': -3.0141210750690486, 'log_learning_rate_D_dagger': -2.282506078353804, 'training_batch_size': 8, 'training_p': 3}
	 epoch  0 training error:  tensor(0.9944, device='cuda:0', grad_fn=<DivBackward0>)
Memory status after this epoch: 
Memory allocated:  100.6123046875
Memory cached:  342.0
	 epoch  10 training error:  tensor(0.1812, device='cuda:0', grad_fn=<DivBackward0>)
Memory status after this epoch: 
Memory allocated:  100.6123046875
Memory cached:  342.0
	 epoch  20 training error:  tensor(0.1520, device='cuda:0', grad_fn=<DivBackward0>)
Memory status after this epoch: 
Memory allocated:  100.6123046875
Memory cached:  344.0
	 epoch  30 training error:  tensor(0.1176, device='cuda:0', grad_fn=<DivBackward0>)
Memory status after this epoch: 
Memory allocated:  100.6123046875
Memory cached:  344.0
	 epoch  40 training error:  tensor(0.1179, device='cuda:0', grad_fn=<DivBackward0>)
Memory status after this epoch: 
Memory allocated:  100.6123046875
Memory cached:  342.0
	 epoch  50 training error:  tensor(0.1123, device='cuda:0', grad_fn=<DivBackward0>)
Memory status after this epoch: 
Memory allocated:  100.6123046875
Memory cached:  344.0
	 epoch  60 training error:  tensor(0.1067, device='cuda:0', grad_fn=<DivBackward0>)
Memory status after this epoch: 
Memory allocated:  100.6123046875
Memory cached:  344.0
	 epoch  70 training error:  tensor(0.0915, device='cuda:0', grad_fn=<DivBackward0>)
Memory status after this epoch: 
Memory allocated:  100.6123046875
Memory cached:  342.0
	 epoch  80 training error:  tensor(0.0721, device='cuda:0', grad_fn=<DivBackward0>)
Memory status after this epoch: 
Memory allocated:  100.6123046875
Memory cached:  344.0
	 epoch  90 training error:  tensor(0.0468, device='cuda:0', grad_fn=<DivBackward0>)
Memory status after this epoch: 
Memory allocated:  100.6123046875
Memory cached:  344.0
[I 2023-12-03 09:16:14,886] Trial 20 finished with value: 0.04081926494836807 and parameters: {'W_layers': 3, 'W_layer_units_exponent_0': 4, 'W_layer_units_exponent_1': 8, 'W_layer_units_exponent_2': 8, 'D_layers': 7, 'D_layer_units_exponent_0': 4, 'D_layer_units_exponent_1': 9, 'D_layer_units_exponent_2': 9, 'D_layer_units_exponent_3': 4, 'D_layer_units_exponent_4': 6, 'D_layer_units_exponent_5': 5, 'D_layer_units_exponent_6': 6, 'D_dagger_layers': 3, 'D_dagger_layer_units_exponent_0': 8, 'D_dagger_layer_units_exponent_1': 5, 'D_dagger_layer_units_exponent_2': 5, 'log_learning_rate': -2.5589805726440304, 'log_learning_rate_D': -3.0141210750690486, 'log_learning_rate_D_dagger': -2.282506078353804, 'training_batch_size': 8, 'training_p': 3}. Best is trial 20 with value: 0.04081926494836807.
res:  tensor(0.0408, device='cuda:0', grad_fn=<DivBackward0>)
self.bestValue:  tensor(0.0419, device='cuda:0', grad_fn=<DivBackward0>)
Save this model!
Time for this trial:  173.4267177581787
Memory status after this trial: 
Memory allocated:  110.7265625
Memory cached:  304.0
--------------------  Trial  21   --------------------
Start timing: 
Parameters: 
{'W_layers': 3, 'W_layer_units_exponent_0': 4, 'W_layer_units_exponent_1': 8, 'W_layer_units_exponent_2': 8, 'D_layers': 7, 'D_layer_units_exponent_0': 4, 'D_layer_units_exponent_1': 9, 'D_layer_units_exponent_2': 9, 'D_layer_units_exponent_3': 4, 'D_layer_units_exponent_4': 6, 'D_layer_units_exponent_5': 5, 'D_layer_units_exponent_6': 6, 'D_dagger_layers': 3, 'D_dagger_layer_units_exponent_0': 8, 'D_dagger_layer_units_exponent_1': 5, 'D_dagger_layer_units_exponent_2': 5, 'log_learning_rate': -2.495767769697472, 'log_learning_rate_D': -3.151577129477564, 'log_learning_rate_D_dagger': -2.3227983412456488, 'training_batch_size': 8, 'training_p': 3}
	 epoch  0 training error:  tensor(1.0000, device='cuda:0', grad_fn=<DivBackward0>)
Memory status after this epoch: 
Memory allocated:  116.3798828125
Memory cached:  298.0
	 epoch  10 training error:  tensor(0.1301, device='cuda:0', grad_fn=<DivBackward0>)
Memory status after this epoch: 
Memory allocated:  116.3798828125
Memory cached:  316.0
	 epoch  20 training error:  tensor(0.1209, device='cuda:0', grad_fn=<DivBackward0>)
Memory status after this epoch: 
Memory allocated:  116.3798828125
Memory cached:  330.0
	 epoch  30 training error:  tensor(0.1371, device='cuda:0', grad_fn=<DivBackward0>)
Memory status after this epoch: 
Memory allocated:  116.3798828125
Memory cached:  310.0
	 epoch  40 training error:  tensor(0.1151, device='cuda:0', grad_fn=<DivBackward0>)
Memory status after this epoch: 
Memory allocated:  116.3798828125
Memory cached:  314.0
	 epoch  50 training error:  tensor(0.1150, device='cuda:0', grad_fn=<DivBackward0>)
Memory status after this epoch: 
Memory allocated:  116.3798828125
Memory cached:  318.0
	 epoch  60 training error:  tensor(0.1088, device='cuda:0', grad_fn=<DivBackward0>)
Memory status after this epoch: 
Memory allocated:  116.3798828125
Memory cached:  320.0
	 epoch  70 training error:  tensor(0.0920, device='cuda:0', grad_fn=<DivBackward0>)
Memory status after this epoch: 
Memory allocated:  116.3798828125
Memory cached:  322.0
	 epoch  80 training error:  tensor(0.0827, device='cuda:0', grad_fn=<DivBackward0>)
Memory status after this epoch: 
Memory allocated:  116.3798828125
Memory cached:  324.0
	 epoch  90 training error:  tensor(0.0578, device='cuda:0', grad_fn=<DivBackward0>)
Memory status after this epoch: 
Memory allocated:  116.3798828125
Memory cached:  318.0
[I 2023-12-03 09:19:10,531] Trial 21 finished with value: 0.027221519500017166 and parameters: {'W_layers': 3, 'W_layer_units_exponent_0': 4, 'W_layer_units_exponent_1': 8, 'W_layer_units_exponent_2': 8, 'D_layers': 7, 'D_layer_units_exponent_0': 4, 'D_layer_units_exponent_1': 9, 'D_layer_units_exponent_2': 9, 'D_layer_units_exponent_3': 4, 'D_layer_units_exponent_4': 6, 'D_layer_units_exponent_5': 5, 'D_layer_units_exponent_6': 6, 'D_dagger_layers': 3, 'D_dagger_layer_units_exponent_0': 8, 'D_dagger_layer_units_exponent_1': 5, 'D_dagger_layer_units_exponent_2': 5, 'log_learning_rate': -2.495767769697472, 'log_learning_rate_D': -3.151577129477564, 'log_learning_rate_D_dagger': -2.3227983412456488, 'training_batch_size': 8, 'training_p': 3}. Best is trial 21 with value: 0.027221519500017166.
res:  tensor(0.0272, device='cuda:0', grad_fn=<DivBackward0>)
self.bestValue:  tensor(0.0408, device='cuda:0', grad_fn=<DivBackward0>)
Save this model!
Time for this trial:  175.43703627586365
Memory status after this trial: 
Memory allocated:  110.7265625
Memory cached:  278.0
--------------------  Trial  22   --------------------
Start timing: 
Parameters: 
{'W_layers': 3, 'W_layer_units_exponent_0': 5, 'W_layer_units_exponent_1': 9, 'W_layer_units_exponent_2': 9, 'D_layers': 7, 'D_layer_units_exponent_0': 5, 'D_layer_units_exponent_1': 10, 'D_layer_units_exponent_2': 9, 'D_layer_units_exponent_3': 4, 'D_layer_units_exponent_4': 6, 'D_layer_units_exponent_5': 4, 'D_layer_units_exponent_6': 7, 'D_dagger_layers': 2, 'D_dagger_layer_units_exponent_0': 7, 'D_dagger_layer_units_exponent_1': 5, 'log_learning_rate': -2.494337148979302, 'log_learning_rate_D': -3.159205812370369, 'log_learning_rate_D_dagger': -2.5093151072202873, 'training_batch_size': 9, 'training_p': 3}
	 epoch  0 training error:  tensor(0.9880, device='cuda:0', grad_fn=<DivBackward0>)
Memory status after this epoch: 
Memory allocated:  123.8486328125
Memory cached:  294.0
	 epoch  10 training error:  tensor(0.1413, device='cuda:0', grad_fn=<DivBackward0>)
Memory status after this epoch: 
Memory allocated:  123.8486328125
Memory cached:  306.0
	 epoch  20 training error:  tensor(0.1789, device='cuda:0', grad_fn=<DivBackward0>)
Memory status after this epoch: 
Memory allocated:  123.8486328125
Memory cached:  308.0
	 epoch  30 training error:  tensor(0.1330, device='cuda:0', grad_fn=<DivBackward0>)
Memory status after this epoch: 
Memory allocated:  123.8486328125
Memory cached:  314.0
	 epoch  40 training error:  tensor(0.1237, device='cuda:0', grad_fn=<DivBackward0>)
Memory status after this epoch: 
Memory allocated:  123.8486328125
Memory cached:  312.0
	 epoch  50 training error:  tensor(0.1166, device='cuda:0', grad_fn=<DivBackward0>)
Memory status after this epoch: 
Memory allocated:  123.8486328125
Memory cached:  316.0
	 epoch  60 training error:  tensor(0.1105, device='cuda:0', grad_fn=<DivBackward0>)
Memory status after this epoch: 
Memory allocated:  123.8486328125
Memory cached:  308.0
	 epoch  70 training error:  tensor(0.0963, device='cuda:0', grad_fn=<DivBackward0>)
Memory status after this epoch: 
Memory allocated:  123.8486328125
Memory cached:  306.0
	 epoch  80 training error:  tensor(0.0712, device='cuda:0', grad_fn=<DivBackward0>)
Memory status after this epoch: 
Memory allocated:  123.8486328125
Memory cached:  314.0
	 epoch  90 training error:  tensor(0.0453, device='cuda:0', grad_fn=<DivBackward0>)
Memory status after this epoch: 
Memory allocated:  123.8486328125
Memory cached:  308.0
