[I 2024-01-13 14:26:36,019] Trial 32 finished with value: 0.2903232276439667 and parameters: {'W_layers': 7, 'W_layer_units_exponent_0': 8, 'W_layer_units_exponent_1': 9, 'W_layer_units_exponent_2': 5, 'W_layer_units_exponent_3': 10, 'W_layer_units_exponent_4': 5, 'W_layer_units_exponent_5': 7, 'W_layer_units_exponent_6': 6, 'D_layers': 7, 'D_layer_units_exponent_0': 7, 'D_layer_units_exponent_1': 7, 'D_layer_units_exponent_2': 9, 'D_layer_units_exponent_3': 8, 'D_layer_units_exponent_4': 10, 'D_layer_units_exponent_5': 5, 'D_layer_units_exponent_6': 9, 'D_dagger_layers': 2, 'D_dagger_layer_units_exponent_0': 8, 'D_dagger_layer_units_exponent_1': 5, 'log_learning_rate': -4.231067979970353, 'log_learning_rate_D': -3.5735801414853796, 'log_learning_rate_D_dagger': -3.229109384270784, 'training_batch_size': 9, 'training_p': 2}. Best is trial 31 with value: 0.2890986502170563.
Time for this trial:  21.030713319778442
Memory status after this trial: 
Memory allocated:  460.84130859375
Memory cached:  480.0
--------------------  Trial  33   --------------------
Start timing: 
Parameters: 
{'W_layers': 7, 'W_layer_units_exponent_0': 8, 'W_layer_units_exponent_1': 8, 'W_layer_units_exponent_2': 4, 'W_layer_units_exponent_3': 10, 'W_layer_units_exponent_4': 5, 'W_layer_units_exponent_5': 6, 'W_layer_units_exponent_6': 6, 'D_layers': 6, 'D_layer_units_exponent_0': 8, 'D_layer_units_exponent_1': 7, 'D_layer_units_exponent_2': 9, 'D_layer_units_exponent_3': 7, 'D_layer_units_exponent_4': 10, 'D_layer_units_exponent_5': 6, 'D_dagger_layers': 2, 'D_dagger_layer_units_exponent_0': 8, 'D_dagger_layer_units_exponent_1': 4, 'log_learning_rate': -4.188028887428539, 'log_learning_rate_D': -3.505497836449192, 'log_learning_rate_D_dagger': -3.6820630966519867, 'training_batch_size': 9, 'training_p': 3}
	 epoch  0 training error:  tensor(0.9118, device='cuda:0', grad_fn=<DivBackward0>)
Memory status after this epoch: 
Memory allocated:  206.58935546875
Memory cached:  316.0
	 epoch  10 training error:  tensor(0.4400, device='cuda:0', grad_fn=<DivBackward0>)
Memory status after this epoch: 
Memory allocated:  206.58935546875
Memory cached:  316.0
	 epoch  20 training error:  tensor(0.4380, device='cuda:0', grad_fn=<DivBackward0>)
Memory status after this epoch: 
Memory allocated:  206.58935546875
Memory cached:  316.0
	 epoch  30 training error:  tensor(0.3892, device='cuda:0', grad_fn=<DivBackward0>)
Memory status after this epoch: 
Memory allocated:  206.58935546875
Memory cached:  316.0
	 epoch  40 training error:  tensor(0.3775, device='cuda:0', grad_fn=<DivBackward0>)
Memory status after this epoch: 
Memory allocated:  206.58935546875
Memory cached:  316.0
	 epoch  50 training error:  tensor(0.3690, device='cuda:0', grad_fn=<DivBackward0>)
Memory status after this epoch: 
Memory allocated:  206.58935546875
Memory cached:  316.0
	 epoch  60 training error:  tensor(0.3681, device='cuda:0', grad_fn=<DivBackward0>)
Memory status after this epoch: 
Memory allocated:  206.58935546875
Memory cached:  316.0
	 epoch  70 training error:  tensor(0.3671, device='cuda:0', grad_fn=<DivBackward0>)
Memory status after this epoch: 
Memory allocated:  206.58935546875
Memory cached:  316.0
	 epoch  80 training error:  tensor(0.3674, device='cuda:0', grad_fn=<DivBackward0>)
Memory status after this epoch: 
Memory allocated:  206.58935546875
Memory cached:  316.0
	 epoch  90 training error:  tensor(0.3662, device='cuda:0', grad_fn=<DivBackward0>)
Memory status after this epoch: 
Memory allocated:  206.58935546875
Memory cached:  316.0
[I 2024-01-13 14:26:55,962] Trial 33 finished with value: 0.30444565415382385 and parameters: {'W_layers': 7, 'W_layer_units_exponent_0': 8, 'W_layer_units_exponent_1': 8, 'W_layer_units_exponent_2': 4, 'W_layer_units_exponent_3': 10, 'W_layer_units_exponent_4': 5, 'W_layer_units_exponent_5': 6, 'W_layer_units_exponent_6': 6, 'D_layers': 6, 'D_layer_units_exponent_0': 8, 'D_layer_units_exponent_1': 7, 'D_layer_units_exponent_2': 9, 'D_layer_units_exponent_3': 7, 'D_layer_units_exponent_4': 10, 'D_layer_units_exponent_5': 6, 'D_dagger_layers': 2, 'D_dagger_layer_units_exponent_0': 8, 'D_dagger_layer_units_exponent_1': 4, 'log_learning_rate': -4.188028887428539, 'log_learning_rate_D': -3.505497836449192, 'log_learning_rate_D_dagger': -3.6820630966519867, 'training_batch_size': 9, 'training_p': 3}. Best is trial 31 with value: 0.2890986502170563.
Time for this trial:  19.54043459892273
Memory status after this trial: 
Memory allocated:  421.09521484375
Memory cached:  438.0
--------------------  Trial  34   --------------------
Start timing: 
Parameters: 
{'W_layers': 8, 'W_layer_units_exponent_0': 8, 'W_layer_units_exponent_1': 9, 'W_layer_units_exponent_2': 5, 'W_layer_units_exponent_3': 9, 'W_layer_units_exponent_4': 5, 'W_layer_units_exponent_5': 7, 'W_layer_units_exponent_6': 5, 'W_layer_units_exponent_7': 8, 'D_layers': 8, 'D_layer_units_exponent_0': 6, 'D_layer_units_exponent_1': 5, 'D_layer_units_exponent_2': 10, 'D_layer_units_exponent_3': 9, 'D_layer_units_exponent_4': 10, 'D_layer_units_exponent_5': 4, 'D_layer_units_exponent_6': 9, 'D_layer_units_exponent_7': 7, 'D_dagger_layers': 2, 'D_dagger_layer_units_exponent_0': 9, 'D_dagger_layer_units_exponent_1': 5, 'log_learning_rate': -4.41421987580985, 'log_learning_rate_D': -3.1814009278800564, 'log_learning_rate_D_dagger': -3.5546596179443584, 'training_batch_size': 9, 'training_p': 2}
	 epoch  0 training error:  tensor(1.0680, device='cuda:0', grad_fn=<DivBackward0>)
Memory status after this epoch: 
Memory allocated:  210.9873046875
Memory cached:  316.0
	 epoch  10 training error:  tensor(0.4549, device='cuda:0', grad_fn=<DivBackward0>)
Memory status after this epoch: 
Memory allocated:  210.9873046875
Memory cached:  316.0
	 epoch  20 training error:  tensor(0.3408, device='cuda:0', grad_fn=<DivBackward0>)
Memory status after this epoch: 
Memory allocated:  210.9873046875
Memory cached:  316.0
	 epoch  30 training error:  tensor(0.3086, device='cuda:0', grad_fn=<DivBackward0>)
Memory status after this epoch: 
Memory allocated:  210.9873046875
Memory cached:  316.0
	 epoch  40 training error:  tensor(0.2854, device='cuda:0', grad_fn=<DivBackward0>)
Memory status after this epoch: 
Memory allocated:  210.9873046875
Memory cached:  316.0
	 epoch  50 training error:  tensor(0.2867, device='cuda:0', grad_fn=<DivBackward0>)
Memory status after this epoch: 
Memory allocated:  210.9873046875
Memory cached:  316.0
	 epoch  60 training error:  tensor(0.2845, device='cuda:0', grad_fn=<DivBackward0>)
Memory status after this epoch: 
Memory allocated:  210.9873046875
Memory cached:  316.0
	 epoch  70 training error:  tensor(0.2840, device='cuda:0', grad_fn=<DivBackward0>)
Memory status after this epoch: 
Memory allocated:  210.9873046875
Memory cached:  316.0
	 epoch  80 training error:  tensor(0.2838, device='cuda:0', grad_fn=<DivBackward0>)
Memory status after this epoch: 
Memory allocated:  210.9873046875
Memory cached:  316.0
	 epoch  90 training error:  tensor(0.2842, device='cuda:0', grad_fn=<DivBackward0>)
Memory status after this epoch: 
Memory allocated:  210.9873046875
Memory cached:  316.0
[I 2024-01-13 14:27:25,779] Trial 34 finished with value: 0.2903878390789032 and parameters: {'W_layers': 8, 'W_layer_units_exponent_0': 8, 'W_layer_units_exponent_1': 9, 'W_layer_units_exponent_2': 5, 'W_layer_units_exponent_3': 9, 'W_layer_units_exponent_4': 5, 'W_layer_units_exponent_5': 7, 'W_layer_units_exponent_6': 5, 'W_layer_units_exponent_7': 8, 'D_layers': 8, 'D_layer_units_exponent_0': 6, 'D_layer_units_exponent_1': 5, 'D_layer_units_exponent_2': 10, 'D_layer_units_exponent_3': 9, 'D_layer_units_exponent_4': 10, 'D_layer_units_exponent_5': 4, 'D_layer_units_exponent_6': 9, 'D_layer_units_exponent_7': 7, 'D_dagger_layers': 2, 'D_dagger_layer_units_exponent_0': 9, 'D_dagger_layer_units_exponent_1': 5, 'log_learning_rate': -4.41421987580985, 'log_learning_rate_D': -3.1814009278800564, 'log_learning_rate_D_dagger': -3.5546596179443584, 'training_batch_size': 9, 'training_p': 2}. Best is trial 31 with value: 0.2890986502170563.
Time for this trial:  29.404536962509155
Memory status after this trial: 
Memory allocated:  453.68408203125
Memory cached:  472.0
--------------------  Trial  35   --------------------
Start timing: 
Parameters: 
{'W_layers': 8, 'W_layer_units_exponent_0': 8, 'W_layer_units_exponent_1': 8, 'W_layer_units_exponent_2': 6, 'W_layer_units_exponent_3': 8, 'W_layer_units_exponent_4': 5, 'W_layer_units_exponent_5': 7, 'W_layer_units_exponent_6': 6, 'W_layer_units_exponent_7': 8, 'D_layers': 8, 'D_layer_units_exponent_0': 6, 'D_layer_units_exponent_1': 4, 'D_layer_units_exponent_2': 10, 'D_layer_units_exponent_3': 9, 'D_layer_units_exponent_4': 5, 'D_layer_units_exponent_5': 4, 'D_layer_units_exponent_6': 9, 'D_layer_units_exponent_7': 7, 'D_dagger_layers': 2, 'D_dagger_layer_units_exponent_0': 9, 'D_dagger_layer_units_exponent_1': 5, 'log_learning_rate': -4.409150327983471, 'log_learning_rate_D': -2.7337670973184838, 'log_learning_rate_D_dagger': -3.617441964545534, 'training_batch_size': 9, 'training_p': 3}
	 epoch  0 training error:  tensor(0.9302, device='cuda:0', grad_fn=<DivBackward0>)
Memory status after this epoch: 
Memory allocated:  207.97412109375
Memory cached:  316.0
	 epoch  10 training error:  tensor(0.5079, device='cuda:0', grad_fn=<DivBackward0>)
Memory status after this epoch: 
Memory allocated:  207.97412109375
Memory cached:  316.0
	 epoch  20 training error:  tensor(0.4188, device='cuda:0', grad_fn=<DivBackward0>)
Memory status after this epoch: 
Memory allocated:  207.97412109375
Memory cached:  316.0
	 epoch  30 training error:  tensor(0.3752, device='cuda:0', grad_fn=<DivBackward0>)
Memory status after this epoch: 
Memory allocated:  207.97412109375
Memory cached:  316.0
	 epoch  40 training error:  tensor(0.3752, device='cuda:0', grad_fn=<DivBackward0>)
Memory status after this epoch: 
Memory allocated:  207.97412109375
Memory cached:  316.0
	 epoch  50 training error:  tensor(0.3691, device='cuda:0', grad_fn=<DivBackward0>)
Memory status after this epoch: 
Memory allocated:  207.97412109375
Memory cached:  316.0
	 epoch  60 training error:  tensor(0.3677, device='cuda:0', grad_fn=<DivBackward0>)
Memory status after this epoch: 
Memory allocated:  207.97412109375
Memory cached:  316.0
	 epoch  70 training error:  tensor(0.3699, device='cuda:0', grad_fn=<DivBackward0>)
Memory status after this epoch: 
Memory allocated:  207.97412109375
Memory cached:  316.0
	 epoch  80 training error:  tensor(0.3703, device='cuda:0', grad_fn=<DivBackward0>)
Memory status after this epoch: 
Memory allocated:  207.97412109375
Memory cached:  316.0
	 epoch  90 training error:  tensor(0.3686, device='cuda:0', grad_fn=<DivBackward0>)
Memory status after this epoch: 
Memory allocated:  207.97412109375
Memory cached:  316.0
[I 2024-01-13 14:27:45,956] Trial 35 finished with value: 0.30491647124290466 and parameters: {'W_layers': 8, 'W_layer_units_exponent_0': 8, 'W_layer_units_exponent_1': 8, 'W_layer_units_exponent_2': 6, 'W_layer_units_exponent_3': 8, 'W_layer_units_exponent_4': 5, 'W_layer_units_exponent_5': 7, 'W_layer_units_exponent_6': 6, 'W_layer_units_exponent_7': 8, 'D_layers': 8, 'D_layer_units_exponent_0': 6, 'D_layer_units_exponent_1': 4, 'D_layer_units_exponent_2': 10, 'D_layer_units_exponent_3': 9, 'D_layer_units_exponent_4': 5, 'D_layer_units_exponent_5': 4, 'D_layer_units_exponent_6': 9, 'D_layer_units_exponent_7': 7, 'D_dagger_layers': 2, 'D_dagger_layer_units_exponent_0': 9, 'D_dagger_layer_units_exponent_1': 5, 'log_learning_rate': -4.409150327983471, 'log_learning_rate_D': -2.7337670973184838, 'log_learning_rate_D_dagger': -3.617441964545534, 'training_batch_size': 9, 'training_p': 3}. Best is trial 31 with value: 0.2890986502170563.
Time for this trial:  19.7789363861084
Memory status after this trial: 
Memory allocated:  403.25048828125
Memory cached:  426.0
--------------------  Trial  36   --------------------
Start timing: 
Parameters: 
{'W_layers': 8, 'W_layer_units_exponent_0': 7, 'W_layer_units_exponent_1': 9, 'W_layer_units_exponent_2': 5, 'W_layer_units_exponent_3': 10, 'W_layer_units_exponent_4': 5, 'W_layer_units_exponent_5': 7, 'W_layer_units_exponent_6': 6, 'W_layer_units_exponent_7': 7, 'D_layers': 8, 'D_layer_units_exponent_0': 6, 'D_layer_units_exponent_1': 5, 'D_layer_units_exponent_2': 10, 'D_layer_units_exponent_3': 9, 'D_layer_units_exponent_4': 10, 'D_layer_units_exponent_5': 4, 'D_layer_units_exponent_6': 8, 'D_layer_units_exponent_7': 7, 'D_dagger_layers': 2, 'D_dagger_layer_units_exponent_0': 10, 'D_dagger_layer_units_exponent_1': 5, 'log_learning_rate': -3.974297407471107, 'log_learning_rate_D': -3.2823647495795383, 'log_learning_rate_D_dagger': -3.034104211652867, 'training_batch_size': 8, 'training_p': 6}
	 epoch  0 training error:  tensor(1.2233, device='cuda:0', grad_fn=<DivBackward0>)
Memory status after this epoch: 
Memory allocated:  210.673828125
Memory cached:  316.0
	 epoch  10 training error:  tensor(0.5089, device='cuda:0', grad_fn=<DivBackward0>)
Memory status after this epoch: 
Memory allocated:  210.673828125
Memory cached:  316.0
	 epoch  20 training error:  tensor(0.4982, device='cuda:0', grad_fn=<DivBackward0>)
Memory status after this epoch: 
Memory allocated:  210.673828125
Memory cached:  316.0
	 epoch  30 training error:  tensor(0.5005, device='cuda:0', grad_fn=<DivBackward0>)
Memory status after this epoch: 
Memory allocated:  210.673828125
Memory cached:  316.0
	 epoch  40 training error:  tensor(0.5121, device='cuda:0', grad_fn=<DivBackward0>)
Memory status after this epoch: 
Memory allocated:  210.673828125
Memory cached:  316.0
	 epoch  50 training error:  tensor(0.5078, device='cuda:0', grad_fn=<DivBackward0>)
Memory status after this epoch: 
Memory allocated:  210.673828125
Memory cached:  316.0
	 epoch  60 training error:  tensor(0.5144, device='cuda:0', grad_fn=<DivBackward0>)
Memory status after this epoch: 
Memory allocated:  210.673828125
Memory cached:  316.0
	 epoch  70 training error:  tensor(0.5091, device='cuda:0', grad_fn=<DivBackward0>)
Memory status after this epoch: 
Memory allocated:  210.673828125
Memory cached:  316.0
	 epoch  80 training error:  tensor(0.5068, device='cuda:0', grad_fn=<DivBackward0>)
Memory status after this epoch: 
Memory allocated:  210.673828125
Memory cached:  316.0
	 epoch  90 training error:  tensor(0.5119, device='cuda:0', grad_fn=<DivBackward0>)
Memory status after this epoch: 
Memory allocated:  210.673828125
Memory cached:  316.0
[I 2024-01-13 14:28:07,753] Trial 36 finished with value: 0.4030764102935791 and parameters: {'W_layers': 8, 'W_layer_units_exponent_0': 7, 'W_layer_units_exponent_1': 9, 'W_layer_units_exponent_2': 5, 'W_layer_units_exponent_3': 10, 'W_layer_units_exponent_4': 5, 'W_layer_units_exponent_5': 7, 'W_layer_units_exponent_6': 6, 'W_layer_units_exponent_7': 7, 'D_layers': 8, 'D_layer_units_exponent_0': 6, 'D_layer_units_exponent_1': 5, 'D_layer_units_exponent_2': 10, 'D_layer_units_exponent_3': 9, 'D_layer_units_exponent_4': 10, 'D_layer_units_exponent_5': 4, 'D_layer_units_exponent_6': 8, 'D_layer_units_exponent_7': 7, 'D_dagger_layers': 2, 'D_dagger_layer_units_exponent_0': 10, 'D_dagger_layer_units_exponent_1': 5, 'log_learning_rate': -3.974297407471107, 'log_learning_rate_D': -3.2823647495795383, 'log_learning_rate_D_dagger': -3.034104211652867, 'training_batch_size': 8, 'training_p': 6}. Best is trial 31 with value: 0.2890986502170563.
Time for this trial:  21.41012740135193
Memory status after this trial: 
Memory allocated:  543.34423828125
Memory cached:  554.0
--------------------  Trial  37   --------------------
Start timing: 
Parameters: 
{'W_layers': 8, 'W_layer_units_exponent_0': 8, 'W_layer_units_exponent_1': 10, 'W_layer_units_exponent_2': 6, 'W_layer_units_exponent_3': 9, 'W_layer_units_exponent_4': 4, 'W_layer_units_exponent_5': 7, 'W_layer_units_exponent_6': 5, 'W_layer_units_exponent_7': 7, 'D_layers': 8, 'D_layer_units_exponent_0': 8, 'D_layer_units_exponent_1': 4, 'D_layer_units_exponent_2': 9, 'D_layer_units_exponent_3': 4, 'D_layer_units_exponent_4': 7, 'D_layer_units_exponent_5': 4, 'D_layer_units_exponent_6': 9, 'D_layer_units_exponent_7': 4, 'D_dagger_layers': 8, 'D_dagger_layer_units_exponent_0': 9, 'D_dagger_layer_units_exponent_1': 5, 'D_dagger_layer_units_exponent_2': 9, 'D_dagger_layer_units_exponent_3': 5, 'D_dagger_layer_units_exponent_4': 5, 'D_dagger_layer_units_exponent_5': 7, 'D_dagger_layer_units_exponent_6': 4, 'D_dagger_layer_units_exponent_7': 10, 'log_learning_rate': -4.261207351995076, 'log_learning_rate_D': -3.210049704960257, 'log_learning_rate_D_dagger': -3.1953221117643276, 'training_batch_size': 10, 'training_p': 2}
	 epoch  0 training error:  tensor(0.9926, device='cuda:0', grad_fn=<DivBackward0>)
Memory status after this epoch: 
Memory allocated:  210.35009765625
Memory cached:  316.0
	 epoch  10 training error:  tensor(0.3559, device='cuda:0', grad_fn=<DivBackward0>)
Memory status after this epoch: 
Memory allocated:  210.35009765625
Memory cached:  316.0
	 epoch  20 training error:  tensor(0.3123, device='cuda:0', grad_fn=<DivBackward0>)
Memory status after this epoch: 
Memory allocated:  210.35009765625
Memory cached:  316.0
	 epoch  30 training error:  tensor(0.2979, device='cuda:0', grad_fn=<DivBackward0>)
Memory status after this epoch: 
Memory allocated:  210.35009765625
Memory cached:  316.0
	 epoch  40 training error:  tensor(0.3017, device='cuda:0', grad_fn=<DivBackward0>)
Memory status after this epoch: 
Memory allocated:  210.35009765625
Memory cached:  316.0
	 epoch  50 training error:  tensor(0.2896, device='cuda:0', grad_fn=<DivBackward0>)
Memory status after this epoch: 
Memory allocated:  210.35009765625
Memory cached:  316.0
	 epoch  60 training error:  tensor(0.2876, device='cuda:0', grad_fn=<DivBackward0>)
Memory status after this epoch: 
Memory allocated:  210.35009765625
Memory cached:  316.0
	 epoch  70 training error:  tensor(0.2858, device='cuda:0', grad_fn=<DivBackward0>)
Memory status after this epoch: 
Memory allocated:  210.35009765625
Memory cached:  316.0
	 epoch  80 training error:  tensor(0.2884, device='cuda:0', grad_fn=<DivBackward0>)
Memory status after this epoch: 
Memory allocated:  210.35009765625
Memory cached:  316.0
	 epoch  90 training error:  tensor(0.2875, device='cuda:0', grad_fn=<DivBackward0>)
Memory status after this epoch: 
Memory allocated:  210.35009765625
Memory cached:  316.0
