[I 2024-01-03 16:58:40,317] Trial 49 finished with value: 0.08650394529104233 and parameters: {'W_layers': 6, 'W_layer_units_exponent_0': 9, 'W_layer_units_exponent_1': 7, 'W_layer_units_exponent_2': 6, 'W_layer_units_exponent_3': 6, 'W_layer_units_exponent_4': 5, 'W_layer_units_exponent_5': 10, 'D_layers': 3, 'D_layer_units_exponent_0': 10, 'D_layer_units_exponent_1': 8, 'D_layer_units_exponent_2': 9, 'D_dagger_layers': 6, 'D_dagger_layer_units_exponent_0': 6, 'D_dagger_layer_units_exponent_1': 10, 'D_dagger_layer_units_exponent_2': 9, 'D_dagger_layer_units_exponent_3': 7, 'D_dagger_layer_units_exponent_4': 10, 'D_dagger_layer_units_exponent_5': 9, 'log_learning_rate': -3.5572136711093405, 'log_learning_rate_D': -4.025833232641436, 'log_learning_rate_D_dagger': -3.8038741601184127, 'training_batch_size': 12, 'training_p': 6}. Best is trial 47 with value: 0.08519739657640457.
Time for this trial:  222.7371163368225
Memory status after this trial: 
Memory allocated:  644.9921875
Memory cached:  660.0
--------------------  Trial  50   --------------------
Start timing: 
Parameters: 
{'W_layers': 7, 'W_layer_units_exponent_0': 10, 'W_layer_units_exponent_1': 8, 'W_layer_units_exponent_2': 6, 'W_layer_units_exponent_3': 6, 'W_layer_units_exponent_4': 4, 'W_layer_units_exponent_5': 9, 'W_layer_units_exponent_6': 6, 'D_layers': 4, 'D_layer_units_exponent_0': 9, 'D_layer_units_exponent_1': 8, 'D_layer_units_exponent_2': 10, 'D_layer_units_exponent_3': 4, 'D_dagger_layers': 5, 'D_dagger_layer_units_exponent_0': 7, 'D_dagger_layer_units_exponent_1': 10, 'D_dagger_layer_units_exponent_2': 9, 'D_dagger_layer_units_exponent_3': 6, 'D_dagger_layer_units_exponent_4': 10, 'log_learning_rate': -4.228586902603927, 'log_learning_rate_D': -3.8346161140230057, 'log_learning_rate_D_dagger': -3.6919982551964257, 'training_batch_size': 12, 'training_p': 7}
	 epoch  0 training error:  tensor(0.9969, device='cuda:0', grad_fn=<DivBackward0>)
Memory status after this epoch: 
Memory allocated:  302.72998046875
Memory cached:  536.0
	 epoch  10 training error:  tensor(0.2469, device='cuda:0', grad_fn=<DivBackward0>)
Memory status after this epoch: 
Memory allocated:  302.72998046875
Memory cached:  562.0
	 epoch  20 training error:  tensor(0.1855, device='cuda:0', grad_fn=<DivBackward0>)
Memory status after this epoch: 
Memory allocated:  302.72998046875
Memory cached:  574.0
	 epoch  30 training error:  tensor(0.1681, device='cuda:0', grad_fn=<DivBackward0>)
Memory status after this epoch: 
Memory allocated:  302.72998046875
Memory cached:  572.0
	 epoch  40 training error:  tensor(0.1565, device='cuda:0', grad_fn=<DivBackward0>)
Memory status after this epoch: 
Memory allocated:  302.72998046875
Memory cached:  572.0
	 epoch  50 training error:  tensor(0.1487, device='cuda:0', grad_fn=<DivBackward0>)
Memory status after this epoch: 
Memory allocated:  302.72998046875
Memory cached:  570.0
	 epoch  60 training error:  tensor(0.1386, device='cuda:0', grad_fn=<DivBackward0>)
Memory status after this epoch: 
Memory allocated:  302.72998046875
Memory cached:  570.0
	 epoch  70 training error:  tensor(0.1274, device='cuda:0', grad_fn=<DivBackward0>)
Memory status after this epoch: 
Memory allocated:  302.72998046875
Memory cached:  572.0
	 epoch  80 training error:  tensor(0.1196, device='cuda:0', grad_fn=<DivBackward0>)
Memory status after this epoch: 
Memory allocated:  302.72998046875
Memory cached:  570.0
	 epoch  90 training error:  tensor(0.1157, device='cuda:0', grad_fn=<DivBackward0>)
Memory status after this epoch: 
Memory allocated:  302.72998046875
Memory cached:  570.0
[I 2024-01-03 17:02:29,690] Trial 50 finished with value: 0.08775326609611511 and parameters: {'W_layers': 7, 'W_layer_units_exponent_0': 10, 'W_layer_units_exponent_1': 8, 'W_layer_units_exponent_2': 6, 'W_layer_units_exponent_3': 6, 'W_layer_units_exponent_4': 4, 'W_layer_units_exponent_5': 9, 'W_layer_units_exponent_6': 6, 'D_layers': 4, 'D_layer_units_exponent_0': 9, 'D_layer_units_exponent_1': 8, 'D_layer_units_exponent_2': 10, 'D_layer_units_exponent_3': 4, 'D_dagger_layers': 5, 'D_dagger_layer_units_exponent_0': 7, 'D_dagger_layer_units_exponent_1': 10, 'D_dagger_layer_units_exponent_2': 9, 'D_dagger_layer_units_exponent_3': 6, 'D_dagger_layer_units_exponent_4': 10, 'log_learning_rate': -4.228586902603927, 'log_learning_rate_D': -3.8346161140230057, 'log_learning_rate_D_dagger': -3.6919982551964257, 'training_batch_size': 12, 'training_p': 7}. Best is trial 47 with value: 0.08519739657640457.
Time for this trial:  228.90727019309998
Memory status after this trial: 
Memory allocated:  632.849609375
Memory cached:  654.0
--------------------  Trial  51   --------------------
Start timing: 
Parameters: 
{'W_layers': 6, 'W_layer_units_exponent_0': 9, 'W_layer_units_exponent_1': 7, 'W_layer_units_exponent_2': 6, 'W_layer_units_exponent_3': 5, 'W_layer_units_exponent_4': 5, 'W_layer_units_exponent_5': 9, 'D_layers': 4, 'D_layer_units_exponent_0': 10, 'D_layer_units_exponent_1': 7, 'D_layer_units_exponent_2': 9, 'D_layer_units_exponent_3': 4, 'D_dagger_layers': 4, 'D_dagger_layer_units_exponent_0': 4, 'D_dagger_layer_units_exponent_1': 10, 'D_dagger_layer_units_exponent_2': 8, 'D_dagger_layer_units_exponent_3': 7, 'log_learning_rate': -3.8187167360357073, 'log_learning_rate_D': -4.0328579578446755, 'log_learning_rate_D_dagger': -4.123696620146778, 'training_batch_size': 8, 'training_p': 6}
	 epoch  0 training error:  tensor(0.9651, device='cuda:0', grad_fn=<DivBackward0>)
Memory status after this epoch: 
Memory allocated:  289.29833984375
Memory cached:  538.0
	 epoch  10 training error:  tensor(0.5737, device='cuda:0', grad_fn=<DivBackward0>)
Memory status after this epoch: 
Memory allocated:  289.29833984375
Memory cached:  564.0
	 epoch  20 training error:  tensor(0.3542, device='cuda:0', grad_fn=<DivBackward0>)
Memory status after this epoch: 
Memory allocated:  289.29833984375
Memory cached:  576.0
	 epoch  30 training error:  tensor(0.1801, device='cuda:0', grad_fn=<DivBackward0>)
Memory status after this epoch: 
Memory allocated:  289.29833984375
Memory cached:  574.0
	 epoch  40 training error:  tensor(0.1639, device='cuda:0', grad_fn=<DivBackward0>)
Memory status after this epoch: 
Memory allocated:  289.29833984375
Memory cached:  566.0
	 epoch  50 training error:  tensor(0.1539, device='cuda:0', grad_fn=<DivBackward0>)
Memory status after this epoch: 
Memory allocated:  289.29833984375
Memory cached:  576.0
	 epoch  60 training error:  tensor(0.1465, device='cuda:0', grad_fn=<DivBackward0>)
Memory status after this epoch: 
Memory allocated:  289.29833984375
Memory cached:  586.0
	 epoch  70 training error:  tensor(0.1326, device='cuda:0', grad_fn=<DivBackward0>)
Memory status after this epoch: 
Memory allocated:  289.29833984375
Memory cached:  584.0
	 epoch  80 training error:  tensor(0.1267, device='cuda:0', grad_fn=<DivBackward0>)
Memory status after this epoch: 
Memory allocated:  289.29833984375
Memory cached:  584.0
	 epoch  90 training error:  tensor(0.1218, device='cuda:0', grad_fn=<DivBackward0>)
Memory status after this epoch: 
Memory allocated:  289.29833984375
Memory cached:  582.0
[I 2024-01-03 17:05:46,901] Trial 51 finished with value: 0.09551484137773514 and parameters: {'W_layers': 6, 'W_layer_units_exponent_0': 9, 'W_layer_units_exponent_1': 7, 'W_layer_units_exponent_2': 6, 'W_layer_units_exponent_3': 5, 'W_layer_units_exponent_4': 5, 'W_layer_units_exponent_5': 9, 'D_layers': 4, 'D_layer_units_exponent_0': 10, 'D_layer_units_exponent_1': 7, 'D_layer_units_exponent_2': 9, 'D_layer_units_exponent_3': 4, 'D_dagger_layers': 4, 'D_dagger_layer_units_exponent_0': 4, 'D_dagger_layer_units_exponent_1': 10, 'D_dagger_layer_units_exponent_2': 8, 'D_dagger_layer_units_exponent_3': 7, 'log_learning_rate': -3.8187167360357073, 'log_learning_rate_D': -4.0328579578446755, 'log_learning_rate_D_dagger': -4.123696620146778, 'training_batch_size': 8, 'training_p': 6}. Best is trial 47 with value: 0.08519739657640457.
Time for this trial:  196.8119912147522
Memory status after this trial: 
Memory allocated:  513.4091796875
Memory cached:  542.0
--------------------  Trial  52   --------------------
Start timing: 
Parameters: 
{'W_layers': 7, 'W_layer_units_exponent_0': 10, 'W_layer_units_exponent_1': 6, 'W_layer_units_exponent_2': 7, 'W_layer_units_exponent_3': 6, 'W_layer_units_exponent_4': 4, 'W_layer_units_exponent_5': 10, 'W_layer_units_exponent_6': 9, 'D_layers': 4, 'D_layer_units_exponent_0': 9, 'D_layer_units_exponent_1': 8, 'D_layer_units_exponent_2': 8, 'D_layer_units_exponent_3': 5, 'D_dagger_layers': 5, 'D_dagger_layer_units_exponent_0': 7, 'D_dagger_layer_units_exponent_1': 9, 'D_dagger_layer_units_exponent_2': 9, 'D_dagger_layer_units_exponent_3': 6, 'D_dagger_layer_units_exponent_4': 10, 'log_learning_rate': -4.539731017573687, 'log_learning_rate_D': -4.2146425637120934, 'log_learning_rate_D_dagger': -3.5125573888463593, 'training_batch_size': 12, 'training_p': 5}
	 epoch  0 training error:  tensor(0.9928, device='cuda:0', grad_fn=<DivBackward0>)
Memory status after this epoch: 
Memory allocated:  299.16552734375
Memory cached:  536.0
	 epoch  10 training error:  tensor(0.2205, device='cuda:0', grad_fn=<DivBackward0>)
Memory status after this epoch: 
Memory allocated:  299.16552734375
Memory cached:  592.0
	 epoch  20 training error:  tensor(0.1721, device='cuda:0', grad_fn=<DivBackward0>)
Memory status after this epoch: 
Memory allocated:  299.16552734375
Memory cached:  580.0
	 epoch  30 training error:  tensor(0.1606, device='cuda:0', grad_fn=<DivBackward0>)
Memory status after this epoch: 
Memory allocated:  299.16552734375
Memory cached:  578.0
	 epoch  40 training error:  tensor(0.1544, device='cuda:0', grad_fn=<DivBackward0>)
Memory status after this epoch: 
Memory allocated:  299.16552734375
Memory cached:  582.0
	 epoch  50 training error:  tensor(0.1425, device='cuda:0', grad_fn=<DivBackward0>)
Memory status after this epoch: 
Memory allocated:  299.16552734375
Memory cached:  580.0
	 epoch  60 training error:  tensor(0.1325, device='cuda:0', grad_fn=<DivBackward0>)
Memory status after this epoch: 
Memory allocated:  299.16552734375
Memory cached:  574.0
	 epoch  70 training error:  tensor(0.1189, device='cuda:0', grad_fn=<DivBackward0>)
Memory status after this epoch: 
Memory allocated:  299.16552734375
Memory cached:  586.0
	 epoch  80 training error:  tensor(0.1144, device='cuda:0', grad_fn=<DivBackward0>)
Memory status after this epoch: 
Memory allocated:  299.16552734375
Memory cached:  590.0
	 epoch  90 training error:  tensor(0.1103, device='cuda:0', grad_fn=<DivBackward0>)
Memory status after this epoch: 
Memory allocated:  299.16552734375
Memory cached:  594.0
[I 2024-01-03 17:09:36,535] Trial 52 finished with value: 0.08544294536113739 and parameters: {'W_layers': 7, 'W_layer_units_exponent_0': 10, 'W_layer_units_exponent_1': 6, 'W_layer_units_exponent_2': 7, 'W_layer_units_exponent_3': 6, 'W_layer_units_exponent_4': 4, 'W_layer_units_exponent_5': 10, 'W_layer_units_exponent_6': 9, 'D_layers': 4, 'D_layer_units_exponent_0': 9, 'D_layer_units_exponent_1': 8, 'D_layer_units_exponent_2': 8, 'D_layer_units_exponent_3': 5, 'D_dagger_layers': 5, 'D_dagger_layer_units_exponent_0': 7, 'D_dagger_layer_units_exponent_1': 9, 'D_dagger_layer_units_exponent_2': 9, 'D_dagger_layer_units_exponent_3': 6, 'D_dagger_layer_units_exponent_4': 10, 'log_learning_rate': -4.539731017573687, 'log_learning_rate_D': -4.2146425637120934, 'log_learning_rate_D_dagger': -3.5125573888463593, 'training_batch_size': 12, 'training_p': 5}. Best is trial 47 with value: 0.08519739657640457.
Time for this trial:  229.2310347557068
Memory status after this trial: 
Memory allocated:  604.7138671875
Memory cached:  624.0
--------------------  Trial  53   --------------------
Start timing: 
Parameters: 
{'W_layers': 7, 'W_layer_units_exponent_0': 10, 'W_layer_units_exponent_1': 6, 'W_layer_units_exponent_2': 7, 'W_layer_units_exponent_3': 6, 'W_layer_units_exponent_4': 4, 'W_layer_units_exponent_5': 10, 'W_layer_units_exponent_6': 9, 'D_layers': 4, 'D_layer_units_exponent_0': 9, 'D_layer_units_exponent_1': 8, 'D_layer_units_exponent_2': 8, 'D_layer_units_exponent_3': 5, 'D_dagger_layers': 5, 'D_dagger_layer_units_exponent_0': 7, 'D_dagger_layer_units_exponent_1': 9, 'D_dagger_layer_units_exponent_2': 9, 'D_dagger_layer_units_exponent_3': 6, 'D_dagger_layer_units_exponent_4': 10, 'log_learning_rate': -4.975921949294219, 'log_learning_rate_D': -4.447628051042382, 'log_learning_rate_D_dagger': -3.916664289290879, 'training_batch_size': 12, 'training_p': 6}
	 epoch  0 training error:  tensor(0.9828, device='cuda:0', grad_fn=<DivBackward0>)
Memory status after this epoch: 
Memory allocated:  299.16552734375
Memory cached:  538.0
	 epoch  10 training error:  tensor(0.3874, device='cuda:0', grad_fn=<DivBackward0>)
Memory status after this epoch: 
Memory allocated:  299.16552734375
Memory cached:  582.0
	 epoch  20 training error:  tensor(0.2442, device='cuda:0', grad_fn=<DivBackward0>)
Memory status after this epoch: 
Memory allocated:  299.16552734375
Memory cached:  580.0
	 epoch  30 training error:  tensor(0.1733, device='cuda:0', grad_fn=<DivBackward0>)
Memory status after this epoch: 
Memory allocated:  299.16552734375
Memory cached:  574.0
	 epoch  40 training error:  tensor(0.1745, device='cuda:0', grad_fn=<DivBackward0>)
Memory status after this epoch: 
Memory allocated:  299.16552734375
Memory cached:  572.0
	 epoch  50 training error:  tensor(0.1661, device='cuda:0', grad_fn=<DivBackward0>)
Memory status after this epoch: 
Memory allocated:  299.16552734375
Memory cached:  580.0
	 epoch  60 training error:  tensor(0.1577, device='cuda:0', grad_fn=<DivBackward0>)
Memory status after this epoch: 
Memory allocated:  299.16552734375
Memory cached:  576.0
	 epoch  70 training error:  tensor(0.1531, device='cuda:0', grad_fn=<DivBackward0>)
Memory status after this epoch: 
Memory allocated:  299.16552734375
Memory cached:  578.0
	 epoch  80 training error:  tensor(0.1493, device='cuda:0', grad_fn=<DivBackward0>)
Memory status after this epoch: 
Memory allocated:  299.16552734375
Memory cached:  586.0
	 epoch  90 training error:  tensor(0.1455, device='cuda:0', grad_fn=<DivBackward0>)
Memory status after this epoch: 
Memory allocated:  299.16552734375
Memory cached:  580.0
[I 2024-01-03 17:13:21,959] Trial 53 finished with value: 0.10974278301000595 and parameters: {'W_layers': 7, 'W_layer_units_exponent_0': 10, 'W_layer_units_exponent_1': 6, 'W_layer_units_exponent_2': 7, 'W_layer_units_exponent_3': 6, 'W_layer_units_exponent_4': 4, 'W_layer_units_exponent_5': 10, 'W_layer_units_exponent_6': 9, 'D_layers': 4, 'D_layer_units_exponent_0': 9, 'D_layer_units_exponent_1': 8, 'D_layer_units_exponent_2': 8, 'D_layer_units_exponent_3': 5, 'D_dagger_layers': 5, 'D_dagger_layer_units_exponent_0': 7, 'D_dagger_layer_units_exponent_1': 9, 'D_dagger_layer_units_exponent_2': 9, 'D_dagger_layer_units_exponent_3': 6, 'D_dagger_layer_units_exponent_4': 10, 'log_learning_rate': -4.975921949294219, 'log_learning_rate_D': -4.447628051042382, 'log_learning_rate_D_dagger': -3.916664289290879, 'training_batch_size': 12, 'training_p': 6}. Best is trial 47 with value: 0.08519739657640457.
Time for this trial:  224.88934135437012
Memory status after this trial: 
Memory allocated:  604.7138671875
Memory cached:  624.0
--------------------  Trial  54   --------------------
Start timing: 
Parameters: 
{'W_layers': 7, 'W_layer_units_exponent_0': 10, 'W_layer_units_exponent_1': 7, 'W_layer_units_exponent_2': 7, 'W_layer_units_exponent_3': 6, 'W_layer_units_exponent_4': 4, 'W_layer_units_exponent_5': 10, 'W_layer_units_exponent_6': 9, 'D_layers': 4, 'D_layer_units_exponent_0': 9, 'D_layer_units_exponent_1': 8, 'D_layer_units_exponent_2': 10, 'D_layer_units_exponent_3': 5, 'D_dagger_layers': 5, 'D_dagger_layer_units_exponent_0': 7, 'D_dagger_layer_units_exponent_1': 9, 'D_dagger_layer_units_exponent_2': 9, 'D_dagger_layer_units_exponent_3': 6, 'D_dagger_layer_units_exponent_4': 10, 'log_learning_rate': -4.445341520410725, 'log_learning_rate_D': -4.192647067746814, 'log_learning_rate_D_dagger': -3.5421348435903717, 'training_batch_size': 12, 'training_p': 5}
	 epoch  0 training error:  tensor(1.0037, device='cuda:0', grad_fn=<DivBackward0>)
Memory status after this epoch: 
Memory allocated:  303.67724609375
Memory cached:  536.0
	 epoch  10 training error:  tensor(0.2101, device='cuda:0', grad_fn=<DivBackward0>)
Memory status after this epoch: 
Memory allocated:  303.67724609375
Memory cached:  588.0
	 epoch  20 training error:  tensor(0.1728, device='cuda:0', grad_fn=<DivBackward0>)
Memory status after this epoch: 
Memory allocated:  303.67724609375
Memory cached:  584.0
	 epoch  30 training error:  tensor(0.1612, device='cuda:0', grad_fn=<DivBackward0>)
Memory status after this epoch: 
Memory allocated:  303.67724609375
Memory cached:  580.0
	 epoch  40 training error:  tensor(0.1516, device='cuda:0', grad_fn=<DivBackward0>)
Memory status after this epoch: 
Memory allocated:  303.67724609375
Memory cached:  584.0
	 epoch  50 training error:  tensor(0.1418, device='cuda:0', grad_fn=<DivBackward0>)
Memory status after this epoch: 
Memory allocated:  303.67724609375
Memory cached:  580.0
	 epoch  60 training error:  tensor(0.1317, device='cuda:0', grad_fn=<DivBackward0>)
Memory status after this epoch: 
Memory allocated:  303.67724609375
Memory cached:  578.0
	 epoch  70 training error:  tensor(0.1195, device='cuda:0', grad_fn=<DivBackward0>)
Memory status after this epoch: 
Memory allocated:  303.67724609375
Memory cached:  592.0
	 epoch  80 training error:  tensor(0.1118, device='cuda:0', grad_fn=<DivBackward0>)
Memory status after this epoch: 
Memory allocated:  303.67724609375
Memory cached:  584.0
	 epoch  90 training error:  tensor(0.1096, device='cuda:0', grad_fn=<DivBackward0>)
Memory status after this epoch: 
Memory allocated:  303.67724609375
Memory cached:  574.0
[I 2024-01-03 17:17:14,001] Trial 54 finished with value: 0.09021302312612534 and parameters: {'W_layers': 7, 'W_layer_units_exponent_0': 10, 'W_layer_units_exponent_1': 7, 'W_layer_units_exponent_2': 7, 'W_layer_units_exponent_3': 6, 'W_layer_units_exponent_4': 4, 'W_layer_units_exponent_5': 10, 'W_layer_units_exponent_6': 9, 'D_layers': 4, 'D_layer_units_exponent_0': 9, 'D_layer_units_exponent_1': 8, 'D_layer_units_exponent_2': 10, 'D_layer_units_exponent_3': 5, 'D_dagger_layers': 5, 'D_dagger_layer_units_exponent_0': 7, 'D_dagger_layer_units_exponent_1': 9, 'D_dagger_layer_units_exponent_2': 9, 'D_dagger_layer_units_exponent_3': 6, 'D_dagger_layer_units_exponent_4': 10, 'log_learning_rate': -4.445341520410725, 'log_learning_rate_D': -4.192647067746814, 'log_learning_rate_D_dagger': -3.5421348435903717, 'training_batch_size': 12, 'training_p': 5}. Best is trial 47 with value: 0.08519739657640457.
Time for this trial:  231.57035422325134
Memory status after this trial: 
Memory allocated:  650.9931640625
Memory cached:  672.0
--------------------  Trial  55   --------------------
Start timing: 
Parameters: 
{'W_layers': 5, 'W_layer_units_exponent_0': 9, 'W_layer_units_exponent_1': 6, 'W_layer_units_exponent_2': 5, 'W_layer_units_exponent_3': 7, 'W_layer_units_exponent_4': 5, 'D_layers': 3, 'D_layer_units_exponent_0': 10, 'D_layer_units_exponent_1': 7, 'D_layer_units_exponent_2': 9, 'D_dagger_layers': 6, 'D_dagger_layer_units_exponent_0': 6, 'D_dagger_layer_units_exponent_1': 10, 'D_dagger_layer_units_exponent_2': 8, 'D_dagger_layer_units_exponent_3': 8, 'D_dagger_layer_units_exponent_4': 9, 'D_dagger_layer_units_exponent_5': 7, 'log_learning_rate': -4.100201913048018, 'log_learning_rate_D': -3.77972532953728, 'log_learning_rate_D_dagger': -3.2708822053504445, 'training_batch_size': 12, 'training_p': 5}
	 epoch  0 training error:  tensor(0.9714, device='cuda:0', grad_fn=<DivBackward0>)
Memory status after this epoch: 
Memory allocated:  292.66357421875
Memory cached:  522.0
	 epoch  10 training error:  tensor(0.2583, device='cuda:0', grad_fn=<DivBackward0>)
Memory status after this epoch: 
Memory allocated:  292.66357421875
Memory cached:  534.0
	 epoch  20 training error:  tensor(0.1899, device='cuda:0', grad_fn=<DivBackward0>)
Memory status after this epoch: 
Memory allocated:  292.66357421875
Memory cached:  540.0
	 epoch  30 training error:  tensor(0.1544, device='cuda:0', grad_fn=<DivBackward0>)
Memory status after this epoch: 
Memory allocated:  292.66357421875
Memory cached:  538.0
	 epoch  40 training error:  tensor(0.1332, device='cuda:0', grad_fn=<DivBackward0>)
Memory status after this epoch: 
Memory allocated:  292.66357421875
Memory cached:  538.0
	 epoch  50 training error:  tensor(0.1189, device='cuda:0', grad_fn=<DivBackward0>)
Memory status after this epoch: 
Memory allocated:  292.66357421875
Memory cached:  538.0
	 epoch  60 training error:  tensor(0.1193, device='cuda:0', grad_fn=<DivBackward0>)
Memory status after this epoch: 
Memory allocated:  292.66357421875
Memory cached:  536.0
	 epoch  70 training error:  tensor(0.1096, device='cuda:0', grad_fn=<DivBackward0>)
Memory status after this epoch: 
Memory allocated:  292.66357421875
Memory cached:  540.0
	 epoch  80 training error:  tensor(0.1105, device='cuda:0', grad_fn=<DivBackward0>)
Memory status after this epoch: 
Memory allocated:  292.66357421875
Memory cached:  534.0
	 epoch  90 training error:  tensor(0.1081, device='cuda:0', grad_fn=<DivBackward0>)
Memory status after this epoch: 
Memory allocated:  292.66357421875
Memory cached:  542.0
