[I 2024-02-18 10:34:21,082] Trial 122 finished with value: 0.08441343158483505 and parameters: {'W_layers': 4, 'W_layer_units_exponent_0': 5, 'W_layer_units_exponent_1': 10, 'W_layer_units_exponent_2': 6, 'W_layer_units_exponent_3': 8, 'D_layers': 6, 'D_layer_units_exponent_0': 10, 'D_layer_units_exponent_1': 10, 'D_layer_units_exponent_2': 10, 'D_layer_units_exponent_3': 4, 'D_layer_units_exponent_4': 9, 'D_layer_units_exponent_5': 8, 'D_dagger_layers': 5, 'D_dagger_layer_units_exponent_0': 7, 'D_dagger_layer_units_exponent_1': 4, 'D_dagger_layer_units_exponent_2': 4, 'D_dagger_layer_units_exponent_3': 8, 'D_dagger_layer_units_exponent_4': 4, 'log_learning_rate': -2.3204121833617712, 'log_learning_rate_D': -2.023163578290169, 'log_learning_rate_D_dagger': -2.7635165756072717, 'training_batch_size': 6, 'training_p': 2}. Best is trial 116 with value: 0.08301758021116257.
Time for this trial:  26.574738025665283
Memory status after this trial: 
Memory allocated:  940.51513671875
Memory cached:  966.0
--------------------  Trial  123   --------------------
Start timing: 
Parameters: 
{'W_layers': 5, 'W_layer_units_exponent_0': 4, 'W_layer_units_exponent_1': 10, 'W_layer_units_exponent_2': 7, 'W_layer_units_exponent_3': 7, 'W_layer_units_exponent_4': 7, 'D_layers': 6, 'D_layer_units_exponent_0': 10, 'D_layer_units_exponent_1': 10, 'D_layer_units_exponent_2': 10, 'D_layer_units_exponent_3': 5, 'D_layer_units_exponent_4': 8, 'D_layer_units_exponent_5': 7, 'D_dagger_layers': 5, 'D_dagger_layer_units_exponent_0': 8, 'D_dagger_layer_units_exponent_1': 4, 'D_dagger_layer_units_exponent_2': 4, 'D_dagger_layer_units_exponent_3': 7, 'D_dagger_layer_units_exponent_4': 4, 'log_learning_rate': -2.5000953164806248, 'log_learning_rate_D': -2.4147644032239897, 'log_learning_rate_D_dagger': -2.569112512390658, 'training_batch_size': 9, 'training_p': 2}
	 epoch  0 training error:  tensor(0.9915, device='cuda:0', grad_fn=<DivBackward0>)
Memory status after this epoch: 
Memory allocated:  564.919921875
Memory cached:  710.0
	 epoch  10 training error:  tensor(0.3605, device='cuda:0', grad_fn=<DivBackward0>)
Memory status after this epoch: 
Memory allocated:  564.919921875
Memory cached:  710.0
	 epoch  20 training error:  tensor(0.1953, device='cuda:0', grad_fn=<DivBackward0>)
Memory status after this epoch: 
Memory allocated:  564.919921875
Memory cached:  710.0
	 epoch  30 training error:  tensor(0.1265, device='cuda:0', grad_fn=<DivBackward0>)
Memory status after this epoch: 
Memory allocated:  564.919921875
Memory cached:  710.0
	 epoch  40 training error:  tensor(0.0957, device='cuda:0', grad_fn=<DivBackward0>)
Memory status after this epoch: 
Memory allocated:  564.919921875
Memory cached:  710.0
	 epoch  50 training error:  tensor(0.0872, device='cuda:0', grad_fn=<DivBackward0>)
Memory status after this epoch: 
Memory allocated:  564.919921875
Memory cached:  710.0
	 epoch  60 training error:  tensor(0.0925, device='cuda:0', grad_fn=<DivBackward0>)
Memory status after this epoch: 
Memory allocated:  564.919921875
Memory cached:  710.0
	 epoch  70 training error:  tensor(0.0851, device='cuda:0', grad_fn=<DivBackward0>)
Memory status after this epoch: 
Memory allocated:  564.919921875
Memory cached:  710.0
	 epoch  80 training error:  tensor(0.0852, device='cuda:0', grad_fn=<DivBackward0>)
Memory status after this epoch: 
Memory allocated:  564.919921875
Memory cached:  710.0
	 epoch  90 training error:  tensor(0.0822, device='cuda:0', grad_fn=<DivBackward0>)
Memory status after this epoch: 
Memory allocated:  564.919921875
Memory cached:  710.0
[I 2024-02-18 10:34:43,740] Trial 123 finished with value: 0.08297749608755112 and parameters: {'W_layers': 5, 'W_layer_units_exponent_0': 4, 'W_layer_units_exponent_1': 10, 'W_layer_units_exponent_2': 7, 'W_layer_units_exponent_3': 7, 'W_layer_units_exponent_4': 7, 'D_layers': 6, 'D_layer_units_exponent_0': 10, 'D_layer_units_exponent_1': 10, 'D_layer_units_exponent_2': 10, 'D_layer_units_exponent_3': 5, 'D_layer_units_exponent_4': 8, 'D_layer_units_exponent_5': 7, 'D_dagger_layers': 5, 'D_dagger_layer_units_exponent_0': 8, 'D_dagger_layer_units_exponent_1': 4, 'D_dagger_layer_units_exponent_2': 4, 'D_dagger_layer_units_exponent_3': 7, 'D_dagger_layer_units_exponent_4': 4, 'log_learning_rate': -2.5000953164806248, 'log_learning_rate_D': -2.4147644032239897, 'log_learning_rate_D_dagger': -2.569112512390658, 'training_batch_size': 9, 'training_p': 2}. Best is trial 123 with value: 0.08297749608755112.
res:  tensor(0.0830, device='cuda:0', grad_fn=<DivBackward0>)
self.bestValue:  tensor(0.0830, device='cuda:0', grad_fn=<DivBackward0>)
Save this model!
Time for this trial:  22.21658730506897
Memory status after this trial: 
Memory allocated:  400.5712890625
Memory cached:  512.0
--------------------  Trial  124   --------------------
Start timing: 
Parameters: 
{'W_layers': 5, 'W_layer_units_exponent_0': 4, 'W_layer_units_exponent_1': 10, 'W_layer_units_exponent_2': 7, 'W_layer_units_exponent_3': 7, 'W_layer_units_exponent_4': 7, 'D_layers': 6, 'D_layer_units_exponent_0': 10, 'D_layer_units_exponent_1': 10, 'D_layer_units_exponent_2': 10, 'D_layer_units_exponent_3': 5, 'D_layer_units_exponent_4': 8, 'D_layer_units_exponent_5': 9, 'D_dagger_layers': 5, 'D_dagger_layer_units_exponent_0': 9, 'D_dagger_layer_units_exponent_1': 4, 'D_dagger_layer_units_exponent_2': 4, 'D_dagger_layer_units_exponent_3': 7, 'D_dagger_layer_units_exponent_4': 5, 'log_learning_rate': -2.4926633810676653, 'log_learning_rate_D': -2.668430640170567, 'log_learning_rate_D_dagger': -2.5846084283300086, 'training_batch_size': 9, 'training_p': 2}
	 epoch  0 training error:  tensor(0.9657, device='cuda:0', grad_fn=<DivBackward0>)
Memory status after this epoch: 
Memory allocated:  413.1435546875
Memory cached:  512.0
	 epoch  10 training error:  tensor(0.3289, device='cuda:0', grad_fn=<DivBackward0>)
Memory status after this epoch: 
Memory allocated:  413.1435546875
Memory cached:  512.0
	 epoch  20 training error:  tensor(0.1370, device='cuda:0', grad_fn=<DivBackward0>)
Memory status after this epoch: 
Memory allocated:  413.1435546875
Memory cached:  512.0
	 epoch  30 training error:  tensor(0.1372, device='cuda:0', grad_fn=<DivBackward0>)
Memory status after this epoch: 
Memory allocated:  413.1435546875
Memory cached:  512.0
	 epoch  40 training error:  tensor(0.0939, device='cuda:0', grad_fn=<DivBackward0>)
Memory status after this epoch: 
Memory allocated:  413.1435546875
Memory cached:  512.0
	 epoch  50 training error:  tensor(0.1577, device='cuda:0', grad_fn=<DivBackward0>)
Memory status after this epoch: 
Memory allocated:  413.1435546875
Memory cached:  512.0
	 epoch  60 training error:  tensor(0.1268, device='cuda:0', grad_fn=<DivBackward0>)
Memory status after this epoch: 
Memory allocated:  413.1435546875
Memory cached:  512.0
	 epoch  70 training error:  tensor(0.0930, device='cuda:0', grad_fn=<DivBackward0>)
Memory status after this epoch: 
Memory allocated:  413.1435546875
Memory cached:  512.0
	 epoch  80 training error:  tensor(0.0876, device='cuda:0', grad_fn=<DivBackward0>)
Memory status after this epoch: 
Memory allocated:  413.1435546875
Memory cached:  512.0
	 epoch  90 training error:  tensor(0.0884, device='cuda:0', grad_fn=<DivBackward0>)
Memory status after this epoch: 
Memory allocated:  413.1435546875
Memory cached:  512.0
[I 2024-02-18 10:35:06,499] Trial 124 finished with value: 0.08702360838651657 and parameters: {'W_layers': 5, 'W_layer_units_exponent_0': 4, 'W_layer_units_exponent_1': 10, 'W_layer_units_exponent_2': 7, 'W_layer_units_exponent_3': 7, 'W_layer_units_exponent_4': 7, 'D_layers': 6, 'D_layer_units_exponent_0': 10, 'D_layer_units_exponent_1': 10, 'D_layer_units_exponent_2': 10, 'D_layer_units_exponent_3': 5, 'D_layer_units_exponent_4': 8, 'D_layer_units_exponent_5': 9, 'D_dagger_layers': 5, 'D_dagger_layer_units_exponent_0': 9, 'D_dagger_layer_units_exponent_1': 4, 'D_dagger_layer_units_exponent_2': 4, 'D_dagger_layer_units_exponent_3': 7, 'D_dagger_layer_units_exponent_4': 5, 'log_learning_rate': -2.4926633810676653, 'log_learning_rate_D': -2.668430640170567, 'log_learning_rate_D_dagger': -2.5846084283300086, 'training_batch_size': 9, 'training_p': 2}. Best is trial 123 with value: 0.08297749608755112.
Time for this trial:  22.287718296051025
Memory status after this trial: 
Memory allocated:  864.04052734375
Memory cached:  886.0
--------------------  Trial  125   --------------------
Start timing: 
Parameters: 
{'W_layers': 5, 'W_layer_units_exponent_0': 4, 'W_layer_units_exponent_1': 10, 'W_layer_units_exponent_2': 7, 'W_layer_units_exponent_3': 7, 'W_layer_units_exponent_4': 7, 'D_layers': 6, 'D_layer_units_exponent_0': 10, 'D_layer_units_exponent_1': 10, 'D_layer_units_exponent_2': 10, 'D_layer_units_exponent_3': 5, 'D_layer_units_exponent_4': 8, 'D_layer_units_exponent_5': 7, 'D_dagger_layers': 4, 'D_dagger_layer_units_exponent_0': 8, 'D_dagger_layer_units_exponent_1': 4, 'D_dagger_layer_units_exponent_2': 4, 'D_dagger_layer_units_exponent_3': 7, 'log_learning_rate': -2.2145922404837637, 'log_learning_rate_D': -2.362185593255251, 'log_learning_rate_D_dagger': -2.8389082476021885, 'training_batch_size': 9, 'training_p': 2}
	 epoch  0 training error:  tensor(0.9821, device='cuda:0', grad_fn=<DivBackward0>)
Memory status after this epoch: 
Memory allocated:  412.630859375
Memory cached:  512.0
	 epoch  10 training error:  tensor(0.3853, device='cuda:0', grad_fn=<DivBackward0>)
Memory status after this epoch: 
Memory allocated:  412.630859375
Memory cached:  512.0
	 epoch  20 training error:  tensor(0.2466, device='cuda:0', grad_fn=<DivBackward0>)
Memory status after this epoch: 
Memory allocated:  412.630859375
Memory cached:  512.0
	 epoch  30 training error:  tensor(0.1351, device='cuda:0', grad_fn=<DivBackward0>)
Memory status after this epoch: 
Memory allocated:  412.630859375
Memory cached:  512.0
	 epoch  40 training error:  tensor(0.1013, device='cuda:0', grad_fn=<DivBackward0>)
Memory status after this epoch: 
Memory allocated:  412.630859375
Memory cached:  512.0
	 epoch  50 training error:  tensor(0.0928, device='cuda:0', grad_fn=<DivBackward0>)
Memory status after this epoch: 
Memory allocated:  412.630859375
Memory cached:  512.0
	 epoch  60 training error:  tensor(0.0861, device='cuda:0', grad_fn=<DivBackward0>)
Memory status after this epoch: 
Memory allocated:  412.630859375
Memory cached:  512.0
	 epoch  70 training error:  tensor(0.0837, device='cuda:0', grad_fn=<DivBackward0>)
Memory status after this epoch: 
Memory allocated:  412.630859375
Memory cached:  512.0
	 epoch  80 training error:  tensor(0.0844, device='cuda:0', grad_fn=<DivBackward0>)
Memory status after this epoch: 
Memory allocated:  412.630859375
Memory cached:  512.0
	 epoch  90 training error:  tensor(0.0844, device='cuda:0', grad_fn=<DivBackward0>)
Memory status after this epoch: 
Memory allocated:  412.630859375
Memory cached:  512.0
[I 2024-02-18 10:35:28,607] Trial 125 finished with value: 0.08343301713466644 and parameters: {'W_layers': 5, 'W_layer_units_exponent_0': 4, 'W_layer_units_exponent_1': 10, 'W_layer_units_exponent_2': 7, 'W_layer_units_exponent_3': 7, 'W_layer_units_exponent_4': 7, 'D_layers': 6, 'D_layer_units_exponent_0': 10, 'D_layer_units_exponent_1': 10, 'D_layer_units_exponent_2': 10, 'D_layer_units_exponent_3': 5, 'D_layer_units_exponent_4': 8, 'D_layer_units_exponent_5': 7, 'D_dagger_layers': 4, 'D_dagger_layer_units_exponent_0': 8, 'D_dagger_layer_units_exponent_1': 4, 'D_dagger_layer_units_exponent_2': 4, 'D_dagger_layer_units_exponent_3': 7, 'log_learning_rate': -2.2145922404837637, 'log_learning_rate_D': -2.362185593255251, 'log_learning_rate_D_dagger': -2.8389082476021885, 'training_batch_size': 9, 'training_p': 2}. Best is trial 123 with value: 0.08297749608755112.
Time for this trial:  21.716777563095093
Memory status after this trial: 
Memory allocated:  797.17626953125
Memory cached:  840.0
--------------------  Trial  126   --------------------
Start timing: 
Parameters: 
{'W_layers': 5, 'W_layer_units_exponent_0': 4, 'W_layer_units_exponent_1': 10, 'W_layer_units_exponent_2': 7, 'W_layer_units_exponent_3': 7, 'W_layer_units_exponent_4': 7, 'D_layers': 6, 'D_layer_units_exponent_0': 10, 'D_layer_units_exponent_1': 10, 'D_layer_units_exponent_2': 10, 'D_layer_units_exponent_3': 5, 'D_layer_units_exponent_4': 8, 'D_layer_units_exponent_5': 7, 'D_dagger_layers': 5, 'D_dagger_layer_units_exponent_0': 8, 'D_dagger_layer_units_exponent_1': 4, 'D_dagger_layer_units_exponent_2': 4, 'D_dagger_layer_units_exponent_3': 7, 'D_dagger_layer_units_exponent_4': 4, 'log_learning_rate': -2.3177016651229416, 'log_learning_rate_D': -2.1698317538833143, 'log_learning_rate_D_dagger': -2.8804756741193787, 'training_batch_size': 9, 'training_p': 2}
	 epoch  0 training error:  tensor(0.9483, device='cuda:0', grad_fn=<DivBackward0>)
Memory status after this epoch: 
Memory allocated:  412.6640625
Memory cached:  512.0
	 epoch  10 training error:  tensor(0.3290, device='cuda:0', grad_fn=<DivBackward0>)
Memory status after this epoch: 
Memory allocated:  412.6640625
Memory cached:  512.0
	 epoch  20 training error:  tensor(0.2259, device='cuda:0', grad_fn=<DivBackward0>)
Memory status after this epoch: 
Memory allocated:  412.6640625
Memory cached:  512.0
	 epoch  30 training error:  tensor(0.1569, device='cuda:0', grad_fn=<DivBackward0>)
Memory status after this epoch: 
Memory allocated:  412.6640625
Memory cached:  512.0
	 epoch  40 training error:  tensor(0.1204, device='cuda:0', grad_fn=<DivBackward0>)
Memory status after this epoch: 
Memory allocated:  412.6640625
Memory cached:  512.0
	 epoch  50 training error:  tensor(0.0967, device='cuda:0', grad_fn=<DivBackward0>)
Memory status after this epoch: 
Memory allocated:  412.6640625
Memory cached:  512.0
	 epoch  60 training error:  tensor(0.0944, device='cuda:0', grad_fn=<DivBackward0>)
Memory status after this epoch: 
Memory allocated:  412.6640625
Memory cached:  512.0
	 epoch  70 training error:  tensor(0.0853, device='cuda:0', grad_fn=<DivBackward0>)
Memory status after this epoch: 
Memory allocated:  412.6640625
Memory cached:  512.0
	 epoch  80 training error:  tensor(0.0887, device='cuda:0', grad_fn=<DivBackward0>)
Memory status after this epoch: 
Memory allocated:  412.6640625
Memory cached:  512.0
	 epoch  90 training error:  tensor(0.0853, device='cuda:0', grad_fn=<DivBackward0>)
Memory status after this epoch: 
Memory allocated:  412.6640625
Memory cached:  512.0
[I 2024-02-18 10:35:50,830] Trial 126 finished with value: 0.08577388525009155 and parameters: {'W_layers': 5, 'W_layer_units_exponent_0': 4, 'W_layer_units_exponent_1': 10, 'W_layer_units_exponent_2': 7, 'W_layer_units_exponent_3': 7, 'W_layer_units_exponent_4': 7, 'D_layers': 6, 'D_layer_units_exponent_0': 10, 'D_layer_units_exponent_1': 10, 'D_layer_units_exponent_2': 10, 'D_layer_units_exponent_3': 5, 'D_layer_units_exponent_4': 8, 'D_layer_units_exponent_5': 7, 'D_dagger_layers': 5, 'D_dagger_layer_units_exponent_0': 8, 'D_dagger_layer_units_exponent_1': 4, 'D_dagger_layer_units_exponent_2': 4, 'D_dagger_layer_units_exponent_3': 7, 'D_dagger_layer_units_exponent_4': 4, 'log_learning_rate': -2.3177016651229416, 'log_learning_rate_D': -2.1698317538833143, 'log_learning_rate_D_dagger': -2.8804756741193787, 'training_batch_size': 9, 'training_p': 2}. Best is trial 123 with value: 0.08297749608755112.
Time for this trial:  21.809563875198364
Memory status after this trial: 
Memory allocated:  804.49755859375
Memory cached:  844.0
--------------------  Trial  127   --------------------
Start timing: 
Parameters: 
{'W_layers': 5, 'W_layer_units_exponent_0': 4, 'W_layer_units_exponent_1': 10, 'W_layer_units_exponent_2': 7, 'W_layer_units_exponent_3': 7, 'W_layer_units_exponent_4': 7, 'D_layers': 7, 'D_layer_units_exponent_0': 10, 'D_layer_units_exponent_1': 10, 'D_layer_units_exponent_2': 10, 'D_layer_units_exponent_3': 4, 'D_layer_units_exponent_4': 8, 'D_layer_units_exponent_5': 6, 'D_layer_units_exponent_6': 5, 'D_dagger_layers': 4, 'D_dagger_layer_units_exponent_0': 8, 'D_dagger_layer_units_exponent_1': 4, 'D_dagger_layer_units_exponent_2': 4, 'D_dagger_layer_units_exponent_3': 6, 'log_learning_rate': -2.2136514945000587, 'log_learning_rate_D': -1.8897824720256517, 'log_learning_rate_D_dagger': -3.00623307664697, 'training_batch_size': 9, 'training_p': 2}
	 epoch  0 training error:  tensor(0.8724, device='cuda:0', grad_fn=<DivBackward0>)
Memory status after this epoch: 
Memory allocated:  412.48291015625
Memory cached:  512.0
	 epoch  10 training error:  tensor(0.3165, device='cuda:0', grad_fn=<DivBackward0>)
Memory status after this epoch: 
Memory allocated:  412.48291015625
Memory cached:  512.0
	 epoch  20 training error:  tensor(0.2294, device='cuda:0', grad_fn=<DivBackward0>)
Memory status after this epoch: 
Memory allocated:  412.48291015625
Memory cached:  512.0
	 epoch  30 training error:  tensor(0.1673, device='cuda:0', grad_fn=<DivBackward0>)
Memory status after this epoch: 
Memory allocated:  412.48291015625
Memory cached:  512.0
	 epoch  40 training error:  tensor(0.1188, device='cuda:0', grad_fn=<DivBackward0>)
Memory status after this epoch: 
Memory allocated:  412.48291015625
Memory cached:  512.0
	 epoch  50 training error:  tensor(0.0968, device='cuda:0', grad_fn=<DivBackward0>)
Memory status after this epoch: 
Memory allocated:  412.48291015625
Memory cached:  512.0
	 epoch  60 training error:  tensor(0.0912, device='cuda:0', grad_fn=<DivBackward0>)
Memory status after this epoch: 
Memory allocated:  412.48291015625
Memory cached:  512.0
	 epoch  70 training error:  tensor(0.0873, device='cuda:0', grad_fn=<DivBackward0>)
Memory status after this epoch: 
Memory allocated:  412.48291015625
Memory cached:  512.0
	 epoch  80 training error:  tensor(0.0890, device='cuda:0', grad_fn=<DivBackward0>)
Memory status after this epoch: 
Memory allocated:  412.48291015625
Memory cached:  512.0
	 epoch  90 training error:  tensor(0.0843, device='cuda:0', grad_fn=<DivBackward0>)
Memory status after this epoch: 
Memory allocated:  412.48291015625
Memory cached:  512.0
[I 2024-02-18 10:36:12,342] Trial 127 finished with value: 0.08494114130735397 and parameters: {'W_layers': 5, 'W_layer_units_exponent_0': 4, 'W_layer_units_exponent_1': 10, 'W_layer_units_exponent_2': 7, 'W_layer_units_exponent_3': 7, 'W_layer_units_exponent_4': 7, 'D_layers': 7, 'D_layer_units_exponent_0': 10, 'D_layer_units_exponent_1': 10, 'D_layer_units_exponent_2': 10, 'D_layer_units_exponent_3': 4, 'D_layer_units_exponent_4': 8, 'D_layer_units_exponent_5': 6, 'D_layer_units_exponent_6': 5, 'D_dagger_layers': 4, 'D_dagger_layer_units_exponent_0': 8, 'D_dagger_layer_units_exponent_1': 4, 'D_dagger_layer_units_exponent_2': 4, 'D_dagger_layer_units_exponent_3': 6, 'log_learning_rate': -2.2136514945000587, 'log_learning_rate_D': -1.8897824720256517, 'log_learning_rate_D_dagger': -3.00623307664697, 'training_batch_size': 9, 'training_p': 2}. Best is trial 123 with value: 0.08297749608755112.
Time for this trial:  21.12057852745056
Memory status after this trial: 
Memory allocated:  785.91845703125
Memory cached:  820.0
--------------------  Trial  128   --------------------
Start timing: 
Parameters: 
{'W_layers': 5, 'W_layer_units_exponent_0': 4, 'W_layer_units_exponent_1': 9, 'W_layer_units_exponent_2': 7, 'W_layer_units_exponent_3': 7, 'W_layer_units_exponent_4': 7, 'D_layers': 6, 'D_layer_units_exponent_0': 9, 'D_layer_units_exponent_1': 10, 'D_layer_units_exponent_2': 9, 'D_layer_units_exponent_3': 5, 'D_layer_units_exponent_4': 8, 'D_layer_units_exponent_5': 7, 'D_dagger_layers': 5, 'D_dagger_layer_units_exponent_0': 8, 'D_dagger_layer_units_exponent_1': 4, 'D_dagger_layer_units_exponent_2': 4, 'D_dagger_layer_units_exponent_3': 7, 'D_dagger_layer_units_exponent_4': 5, 'log_learning_rate': -2.1425321444264127, 'log_learning_rate_D': -2.3862353240785685, 'log_learning_rate_D_dagger': -2.7090837609273883, 'training_batch_size': 9, 'training_p': 3}
	 epoch  0 training error:  tensor(1.0161, device='cuda:0', grad_fn=<DivBackward0>)
Memory status after this epoch: 
Memory allocated:  407.16796875
Memory cached:  512.0
	 epoch  10 training error:  tensor(0.3225, device='cuda:0', grad_fn=<DivBackward0>)
Memory status after this epoch: 
Memory allocated:  407.16796875
Memory cached:  512.0
	 epoch  20 training error:  tensor(0.1824, device='cuda:0', grad_fn=<DivBackward0>)
Memory status after this epoch: 
Memory allocated:  407.16796875
Memory cached:  512.0
	 epoch  30 training error:  tensor(0.1020, device='cuda:0', grad_fn=<DivBackward0>)
Memory status after this epoch: 
Memory allocated:  407.16796875
Memory cached:  512.0
	 epoch  40 training error:  tensor(0.1046, device='cuda:0', grad_fn=<DivBackward0>)
Memory status after this epoch: 
Memory allocated:  407.16796875
Memory cached:  512.0
	 epoch  50 training error:  tensor(0.0975, device='cuda:0', grad_fn=<DivBackward0>)
Memory status after this epoch: 
Memory allocated:  407.16796875
Memory cached:  512.0
	 epoch  60 training error:  tensor(0.0951, device='cuda:0', grad_fn=<DivBackward0>)
Memory status after this epoch: 
Memory allocated:  407.16796875
Memory cached:  512.0
	 epoch  70 training error:  tensor(0.0960, device='cuda:0', grad_fn=<DivBackward0>)
Memory status after this epoch: 
Memory allocated:  407.16796875
Memory cached:  512.0
	 epoch  80 training error:  tensor(0.0960, device='cuda:0', grad_fn=<DivBackward0>)
Memory status after this epoch: 
Memory allocated:  407.16796875
Memory cached:  512.0
	 epoch  90 training error:  tensor(0.0946, device='cuda:0', grad_fn=<DivBackward0>)
Memory status after this epoch: 
Memory allocated:  407.16796875
Memory cached:  512.0
