[I 2024-01-04 01:21:09,355] Trial 186 finished with value: 0.14976970851421356 and parameters: {'W_layers': 8, 'W_layer_units_exponent_0': 10, 'W_layer_units_exponent_1': 4, 'W_layer_units_exponent_2': 7, 'W_layer_units_exponent_3': 5, 'W_layer_units_exponent_4': 8, 'W_layer_units_exponent_5': 8, 'W_layer_units_exponent_6': 5, 'W_layer_units_exponent_7': 4, 'D_layers': 3, 'D_layer_units_exponent_0': 10, 'D_layer_units_exponent_1': 7, 'D_layer_units_exponent_2': 9, 'D_dagger_layers': 4, 'D_dagger_layer_units_exponent_0': 10, 'D_dagger_layer_units_exponent_1': 10, 'D_dagger_layer_units_exponent_2': 4, 'D_dagger_layer_units_exponent_3': 5, 'log_learning_rate': -4.546826973295999, 'log_learning_rate_D': -3.233476473318919, 'log_learning_rate_D_dagger': -3.005208615096374, 'training_batch_size': 9, 'training_p': 7}. Best is trial 163 with value: 0.10096652805805206.
Time for this trial:  217.1810564994812
Memory status after this trial: 
Memory allocated:  597.5771484375
Memory cached:  608.0
--------------------  Trial  187   --------------------
Start timing: 
Parameters: 
{'W_layers': 8, 'W_layer_units_exponent_0': 10, 'W_layer_units_exponent_1': 4, 'W_layer_units_exponent_2': 7, 'W_layer_units_exponent_3': 5, 'W_layer_units_exponent_4': 8, 'W_layer_units_exponent_5': 8, 'W_layer_units_exponent_6': 5, 'W_layer_units_exponent_7': 4, 'D_layers': 3, 'D_layer_units_exponent_0': 10, 'D_layer_units_exponent_1': 7, 'D_layer_units_exponent_2': 9, 'D_dagger_layers': 4, 'D_dagger_layer_units_exponent_0': 10, 'D_dagger_layer_units_exponent_1': 10, 'D_dagger_layer_units_exponent_2': 4, 'D_dagger_layer_units_exponent_3': 5, 'log_learning_rate': -4.436889920798158, 'log_learning_rate_D': -3.0643741894927867, 'log_learning_rate_D_dagger': -2.8319581795216804, 'training_batch_size': 9, 'training_p': 7}
	 epoch  0 training error:  tensor(0.9693, device='cuda:0', grad_fn=<DivBackward0>)
Memory status after this epoch: 
Memory allocated:  317.67919921875
Memory cached:  614.0
	 epoch  10 training error:  tensor(0.5961, device='cuda:0', grad_fn=<DivBackward0>)
Memory status after this epoch: 
Memory allocated:  317.67919921875
Memory cached:  654.0
	 epoch  20 training error:  tensor(0.5388, device='cuda:0', grad_fn=<DivBackward0>)
Memory status after this epoch: 
Memory allocated:  317.67919921875
Memory cached:  650.0
	 epoch  30 training error:  tensor(0.5459, device='cuda:0', grad_fn=<DivBackward0>)
Memory status after this epoch: 
Memory allocated:  317.67919921875
Memory cached:  662.0
	 epoch  40 training error:  tensor(0.5374, device='cuda:0', grad_fn=<DivBackward0>)
Memory status after this epoch: 
Memory allocated:  317.67919921875
Memory cached:  662.0
	 epoch  50 training error:  tensor(0.5437, device='cuda:0', grad_fn=<DivBackward0>)
Memory status after this epoch: 
Memory allocated:  317.67919921875
Memory cached:  654.0
	 epoch  60 training error:  tensor(0.5302, device='cuda:0', grad_fn=<DivBackward0>)
Memory status after this epoch: 
Memory allocated:  317.67919921875
Memory cached:  652.0
	 epoch  70 training error:  tensor(0.5291, device='cuda:0', grad_fn=<DivBackward0>)
Memory status after this epoch: 
Memory allocated:  317.67919921875
Memory cached:  652.0
	 epoch  80 training error:  tensor(0.5248, device='cuda:0', grad_fn=<DivBackward0>)
Memory status after this epoch: 
Memory allocated:  317.67919921875
Memory cached:  658.0
	 epoch  90 training error:  tensor(0.5176, device='cuda:0', grad_fn=<DivBackward0>)
Memory status after this epoch: 
Memory allocated:  317.67919921875
Memory cached:  646.0
[I 2024-01-04 01:24:48,524] Trial 187 finished with value: 0.34669229388237 and parameters: {'W_layers': 8, 'W_layer_units_exponent_0': 10, 'W_layer_units_exponent_1': 4, 'W_layer_units_exponent_2': 7, 'W_layer_units_exponent_3': 5, 'W_layer_units_exponent_4': 8, 'W_layer_units_exponent_5': 8, 'W_layer_units_exponent_6': 5, 'W_layer_units_exponent_7': 4, 'D_layers': 3, 'D_layer_units_exponent_0': 10, 'D_layer_units_exponent_1': 7, 'D_layer_units_exponent_2': 9, 'D_dagger_layers': 4, 'D_dagger_layer_units_exponent_0': 10, 'D_dagger_layer_units_exponent_1': 10, 'D_dagger_layer_units_exponent_2': 4, 'D_dagger_layer_units_exponent_3': 5, 'log_learning_rate': -4.436889920798158, 'log_learning_rate_D': -3.0643741894927867, 'log_learning_rate_D_dagger': -2.8319581795216804, 'training_batch_size': 9, 'training_p': 7}. Best is trial 163 with value: 0.10096652805805206.
Time for this trial:  218.6412889957428
Memory status after this trial: 
Memory allocated:  597.5771484375
Memory cached:  608.0
--------------------  Trial  188   --------------------
Start timing: 
Parameters: 
{'W_layers': 8, 'W_layer_units_exponent_0': 7, 'W_layer_units_exponent_1': 4, 'W_layer_units_exponent_2': 7, 'W_layer_units_exponent_3': 5, 'W_layer_units_exponent_4': 8, 'W_layer_units_exponent_5': 8, 'W_layer_units_exponent_6': 5, 'W_layer_units_exponent_7': 4, 'D_layers': 3, 'D_layer_units_exponent_0': 10, 'D_layer_units_exponent_1': 7, 'D_layer_units_exponent_2': 9, 'D_dagger_layers': 4, 'D_dagger_layer_units_exponent_0': 10, 'D_dagger_layer_units_exponent_1': 8, 'D_dagger_layer_units_exponent_2': 4, 'D_dagger_layer_units_exponent_3': 5, 'log_learning_rate': -4.619958404190764, 'log_learning_rate_D': -3.1417040286493765, 'log_learning_rate_D_dagger': -3.1362507399714676, 'training_batch_size': 9, 'training_p': 7}
	 epoch  0 training error:  tensor(0.9983, device='cuda:0', grad_fn=<DivBackward0>)
Memory status after this epoch: 
Memory allocated:  305.23388671875
Memory cached:  602.0
	 epoch  10 training error:  tensor(0.5568, device='cuda:0', grad_fn=<DivBackward0>)
Memory status after this epoch: 
Memory allocated:  305.23388671875
Memory cached:  640.0
	 epoch  20 training error:  tensor(0.5339, device='cuda:0', grad_fn=<DivBackward0>)
Memory status after this epoch: 
Memory allocated:  305.23388671875
Memory cached:  658.0
	 epoch  30 training error:  tensor(0.5315, device='cuda:0', grad_fn=<DivBackward0>)
Memory status after this epoch: 
Memory allocated:  305.23388671875
Memory cached:  646.0
	 epoch  40 training error:  tensor(0.5253, device='cuda:0', grad_fn=<DivBackward0>)
Memory status after this epoch: 
Memory allocated:  305.23388671875
Memory cached:  640.0
	 epoch  50 training error:  tensor(0.5193, device='cuda:0', grad_fn=<DivBackward0>)
Memory status after this epoch: 
Memory allocated:  305.23388671875
Memory cached:  640.0
	 epoch  60 training error:  tensor(0.5115, device='cuda:0', grad_fn=<DivBackward0>)
Memory status after this epoch: 
Memory allocated:  305.23388671875
Memory cached:  630.0
	 epoch  70 training error:  tensor(0.4971, device='cuda:0', grad_fn=<DivBackward0>)
Memory status after this epoch: 
Memory allocated:  305.23388671875
Memory cached:  642.0
	 epoch  80 training error:  tensor(0.3548, device='cuda:0', grad_fn=<DivBackward0>)
Memory status after this epoch: 
Memory allocated:  305.23388671875
Memory cached:  644.0
	 epoch  90 training error:  tensor(0.3301, device='cuda:0', grad_fn=<DivBackward0>)
Memory status after this epoch: 
Memory allocated:  305.23388671875
Memory cached:  638.0
[I 2024-01-04 01:28:12,715] Trial 188 finished with value: 0.16016018390655518 and parameters: {'W_layers': 8, 'W_layer_units_exponent_0': 7, 'W_layer_units_exponent_1': 4, 'W_layer_units_exponent_2': 7, 'W_layer_units_exponent_3': 5, 'W_layer_units_exponent_4': 8, 'W_layer_units_exponent_5': 8, 'W_layer_units_exponent_6': 5, 'W_layer_units_exponent_7': 4, 'D_layers': 3, 'D_layer_units_exponent_0': 10, 'D_layer_units_exponent_1': 7, 'D_layer_units_exponent_2': 9, 'D_dagger_layers': 4, 'D_dagger_layer_units_exponent_0': 10, 'D_dagger_layer_units_exponent_1': 8, 'D_dagger_layer_units_exponent_2': 4, 'D_dagger_layer_units_exponent_3': 5, 'log_learning_rate': -4.619958404190764, 'log_learning_rate_D': -3.1417040286493765, 'log_learning_rate_D_dagger': -3.1362507399714676, 'training_batch_size': 9, 'training_p': 7}. Best is trial 163 with value: 0.10096652805805206.
Time for this trial:  203.65148091316223
Memory status after this trial: 
Memory allocated:  502.4873046875
Memory cached:  606.0
--------------------  Trial  189   --------------------
Start timing: 
Parameters: 
{'W_layers': 8, 'W_layer_units_exponent_0': 10, 'W_layer_units_exponent_1': 4, 'W_layer_units_exponent_2': 7, 'W_layer_units_exponent_3': 5, 'W_layer_units_exponent_4': 8, 'W_layer_units_exponent_5': 8, 'W_layer_units_exponent_6': 6, 'W_layer_units_exponent_7': 5, 'D_layers': 3, 'D_layer_units_exponent_0': 10, 'D_layer_units_exponent_1': 7, 'D_layer_units_exponent_2': 9, 'D_dagger_layers': 4, 'D_dagger_layer_units_exponent_0': 10, 'D_dagger_layer_units_exponent_1': 10, 'D_dagger_layer_units_exponent_2': 4, 'D_dagger_layer_units_exponent_3': 4, 'log_learning_rate': -4.476413874019799, 'log_learning_rate_D': -3.3720127866512084, 'log_learning_rate_D_dagger': -2.9247304531216844, 'training_batch_size': 9, 'training_p': 7}
	 epoch  0 training error:  tensor(1.0061, device='cuda:0', grad_fn=<DivBackward0>)
Memory status after this epoch: 
Memory allocated:  317.82373046875
Memory cached:  612.0
	 epoch  10 training error:  tensor(0.5407, device='cuda:0', grad_fn=<DivBackward0>)
Memory status after this epoch: 
Memory allocated:  317.82373046875
Memory cached:  656.0
	 epoch  20 training error:  tensor(0.5332, device='cuda:0', grad_fn=<DivBackward0>)
Memory status after this epoch: 
Memory allocated:  317.82373046875
Memory cached:  668.0
	 epoch  30 training error:  tensor(0.5226, device='cuda:0', grad_fn=<DivBackward0>)
Memory status after this epoch: 
Memory allocated:  317.82373046875
Memory cached:  648.0
	 epoch  40 training error:  tensor(0.5229, device='cuda:0', grad_fn=<DivBackward0>)
Memory status after this epoch: 
Memory allocated:  317.82373046875
Memory cached:  660.0
	 epoch  50 training error:  tensor(0.4905, device='cuda:0', grad_fn=<DivBackward0>)
Memory status after this epoch: 
Memory allocated:  317.82373046875
Memory cached:  656.0
	 epoch  60 training error:  tensor(0.4565, device='cuda:0', grad_fn=<DivBackward0>)
Memory status after this epoch: 
Memory allocated:  317.82373046875
Memory cached:  660.0
	 epoch  70 training error:  tensor(0.3506, device='cuda:0', grad_fn=<DivBackward0>)
Memory status after this epoch: 
Memory allocated:  317.82373046875
Memory cached:  658.0
	 epoch  80 training error:  tensor(0.3256, device='cuda:0', grad_fn=<DivBackward0>)
Memory status after this epoch: 
Memory allocated:  317.82373046875
Memory cached:  666.0
	 epoch  90 training error:  tensor(0.2432, device='cuda:0', grad_fn=<DivBackward0>)
Memory status after this epoch: 
Memory allocated:  317.82373046875
Memory cached:  658.0
[I 2024-01-04 01:31:50,817] Trial 189 finished with value: 0.15664474666118622 and parameters: {'W_layers': 8, 'W_layer_units_exponent_0': 10, 'W_layer_units_exponent_1': 4, 'W_layer_units_exponent_2': 7, 'W_layer_units_exponent_3': 5, 'W_layer_units_exponent_4': 8, 'W_layer_units_exponent_5': 8, 'W_layer_units_exponent_6': 6, 'W_layer_units_exponent_7': 5, 'D_layers': 3, 'D_layer_units_exponent_0': 10, 'D_layer_units_exponent_1': 7, 'D_layer_units_exponent_2': 9, 'D_dagger_layers': 4, 'D_dagger_layer_units_exponent_0': 10, 'D_dagger_layer_units_exponent_1': 10, 'D_dagger_layer_units_exponent_2': 4, 'D_dagger_layer_units_exponent_3': 4, 'log_learning_rate': -4.476413874019799, 'log_learning_rate_D': -3.3720127866512084, 'log_learning_rate_D_dagger': -2.9247304531216844, 'training_batch_size': 9, 'training_p': 7}. Best is trial 163 with value: 0.10096652805805206.
Time for this trial:  217.57195830345154
Memory status after this trial: 
Memory allocated:  599.3583984375
Memory cached:  608.0
--------------------  Trial  190   --------------------
Start timing: 
Parameters: 
{'W_layers': 8, 'W_layer_units_exponent_0': 10, 'W_layer_units_exponent_1': 4, 'W_layer_units_exponent_2': 7, 'W_layer_units_exponent_3': 5, 'W_layer_units_exponent_4': 8, 'W_layer_units_exponent_5': 9, 'W_layer_units_exponent_6': 4, 'W_layer_units_exponent_7': 5, 'D_layers': 3, 'D_layer_units_exponent_0': 10, 'D_layer_units_exponent_1': 7, 'D_layer_units_exponent_2': 8, 'D_dagger_layers': 4, 'D_dagger_layer_units_exponent_0': 10, 'D_dagger_layer_units_exponent_1': 10, 'D_dagger_layer_units_exponent_2': 4, 'D_dagger_layer_units_exponent_3': 5, 'log_learning_rate': -4.714324639280576, 'log_learning_rate_D': -3.075529129328485, 'log_learning_rate_D_dagger': -2.7499597226023518, 'training_batch_size': 9, 'training_p': 7}
	 epoch  0 training error:  tensor(0.9961, device='cuda:0', grad_fn=<DivBackward0>)
Memory status after this epoch: 
Memory allocated:  318.17529296875
Memory cached:  616.0
	 epoch  10 training error:  tensor(0.5574, device='cuda:0', grad_fn=<DivBackward0>)
Memory status after this epoch: 
Memory allocated:  318.17529296875
Memory cached:  658.0
	 epoch  20 training error:  tensor(0.5407, device='cuda:0', grad_fn=<DivBackward0>)
Memory status after this epoch: 
Memory allocated:  318.17529296875
Memory cached:  658.0
	 epoch  30 training error:  tensor(0.5409, device='cuda:0', grad_fn=<DivBackward0>)
Memory status after this epoch: 
Memory allocated:  318.17529296875
Memory cached:  662.0
	 epoch  40 training error:  tensor(0.5308, device='cuda:0', grad_fn=<DivBackward0>)
Memory status after this epoch: 
Memory allocated:  318.17529296875
Memory cached:  658.0
	 epoch  50 training error:  tensor(0.5253, device='cuda:0', grad_fn=<DivBackward0>)
Memory status after this epoch: 
Memory allocated:  318.17529296875
Memory cached:  656.0
	 epoch  60 training error:  tensor(0.5179, device='cuda:0', grad_fn=<DivBackward0>)
Memory status after this epoch: 
Memory allocated:  318.17529296875
Memory cached:  664.0
	 epoch  70 training error:  tensor(0.5038, device='cuda:0', grad_fn=<DivBackward0>)
Memory status after this epoch: 
Memory allocated:  318.17529296875
Memory cached:  656.0
	 epoch  80 training error:  tensor(0.5959, device='cuda:0', grad_fn=<DivBackward0>)
Memory status after this epoch: 
Memory allocated:  318.17529296875
Memory cached:  654.0
	 epoch  90 training error:  tensor(0.5395, device='cuda:0', grad_fn=<DivBackward0>)
Memory status after this epoch: 
Memory allocated:  318.17529296875
Memory cached:  656.0
[I 2024-01-04 01:35:28,686] Trial 190 finished with value: 0.3946901857852936 and parameters: {'W_layers': 8, 'W_layer_units_exponent_0': 10, 'W_layer_units_exponent_1': 4, 'W_layer_units_exponent_2': 7, 'W_layer_units_exponent_3': 5, 'W_layer_units_exponent_4': 8, 'W_layer_units_exponent_5': 9, 'W_layer_units_exponent_6': 4, 'W_layer_units_exponent_7': 5, 'D_layers': 3, 'D_layer_units_exponent_0': 10, 'D_layer_units_exponent_1': 7, 'D_layer_units_exponent_2': 8, 'D_dagger_layers': 4, 'D_dagger_layer_units_exponent_0': 10, 'D_dagger_layer_units_exponent_1': 10, 'D_dagger_layer_units_exponent_2': 4, 'D_dagger_layer_units_exponent_3': 5, 'log_learning_rate': -4.714324639280576, 'log_learning_rate_D': -3.075529129328485, 'log_learning_rate_D_dagger': -2.7499597226023518, 'training_batch_size': 9, 'training_p': 7}. Best is trial 163 with value: 0.10096652805805206.
Time for this trial:  217.35105967521667
Memory status after this trial: 
Memory allocated:  599.7978515625
Memory cached:  614.0
--------------------  Trial  191   --------------------
Start timing: 
Parameters: 
{'W_layers': 8, 'W_layer_units_exponent_0': 10, 'W_layer_units_exponent_1': 4, 'W_layer_units_exponent_2': 7, 'W_layer_units_exponent_3': 5, 'W_layer_units_exponent_4': 8, 'W_layer_units_exponent_5': 8, 'W_layer_units_exponent_6': 5, 'W_layer_units_exponent_7': 4, 'D_layers': 3, 'D_layer_units_exponent_0': 10, 'D_layer_units_exponent_1': 7, 'D_layer_units_exponent_2': 9, 'D_dagger_layers': 4, 'D_dagger_layer_units_exponent_0': 10, 'D_dagger_layer_units_exponent_1': 10, 'D_dagger_layer_units_exponent_2': 4, 'D_dagger_layer_units_exponent_3': 5, 'log_learning_rate': -4.34178784636098, 'log_learning_rate_D': -2.971448798867524, 'log_learning_rate_D_dagger': -3.067170778618184, 'training_batch_size': 9, 'training_p': 7}
	 epoch  0 training error:  tensor(1.0139, device='cuda:0', grad_fn=<DivBackward0>)
Memory status after this epoch: 
Memory allocated:  317.67919921875
Memory cached:  618.0
	 epoch  10 training error:  tensor(0.5440, device='cuda:0', grad_fn=<DivBackward0>)
Memory status after this epoch: 
Memory allocated:  317.67919921875
Memory cached:  648.0
	 epoch  20 training error:  tensor(0.5519, device='cuda:0', grad_fn=<DivBackward0>)
Memory status after this epoch: 
Memory allocated:  317.67919921875
Memory cached:  660.0
	 epoch  30 training error:  tensor(0.5240, device='cuda:0', grad_fn=<DivBackward0>)
Memory status after this epoch: 
Memory allocated:  317.67919921875
Memory cached:  652.0
	 epoch  40 training error:  tensor(0.4641, device='cuda:0', grad_fn=<DivBackward0>)
Memory status after this epoch: 
Memory allocated:  317.67919921875
Memory cached:  656.0
	 epoch  50 training error:  tensor(0.3946, device='cuda:0', grad_fn=<DivBackward0>)
Memory status after this epoch: 
Memory allocated:  317.67919921875
Memory cached:  652.0
	 epoch  60 training error:  tensor(0.2786, device='cuda:0', grad_fn=<DivBackward0>)
Memory status after this epoch: 
Memory allocated:  317.67919921875
Memory cached:  654.0
	 epoch  70 training error:  tensor(0.2766, device='cuda:0', grad_fn=<DivBackward0>)
Memory status after this epoch: 
Memory allocated:  317.67919921875
Memory cached:  658.0
	 epoch  80 training error:  tensor(0.2589, device='cuda:0', grad_fn=<DivBackward0>)
Memory status after this epoch: 
Memory allocated:  317.67919921875
Memory cached:  660.0
	 epoch  90 training error:  tensor(0.2363, device='cuda:0', grad_fn=<DivBackward0>)
Memory status after this epoch: 
Memory allocated:  317.67919921875
Memory cached:  656.0
[I 2024-01-04 01:39:06,597] Trial 191 finished with value: 0.11828591674566269 and parameters: {'W_layers': 8, 'W_layer_units_exponent_0': 10, 'W_layer_units_exponent_1': 4, 'W_layer_units_exponent_2': 7, 'W_layer_units_exponent_3': 5, 'W_layer_units_exponent_4': 8, 'W_layer_units_exponent_5': 8, 'W_layer_units_exponent_6': 5, 'W_layer_units_exponent_7': 4, 'D_layers': 3, 'D_layer_units_exponent_0': 10, 'D_layer_units_exponent_1': 7, 'D_layer_units_exponent_2': 9, 'D_dagger_layers': 4, 'D_dagger_layer_units_exponent_0': 10, 'D_dagger_layer_units_exponent_1': 10, 'D_dagger_layer_units_exponent_2': 4, 'D_dagger_layer_units_exponent_3': 5, 'log_learning_rate': -4.34178784636098, 'log_learning_rate_D': -2.971448798867524, 'log_learning_rate_D_dagger': -3.067170778618184, 'training_batch_size': 9, 'training_p': 7}. Best is trial 163 with value: 0.10096652805805206.
Time for this trial:  217.39705348014832
Memory status after this trial: 
Memory allocated:  597.5771484375
Memory cached:  606.0
--------------------  Trial  192   --------------------
Start timing: 
Parameters: 
{'W_layers': 8, 'W_layer_units_exponent_0': 10, 'W_layer_units_exponent_1': 4, 'W_layer_units_exponent_2': 7, 'W_layer_units_exponent_3': 5, 'W_layer_units_exponent_4': 8, 'W_layer_units_exponent_5': 8, 'W_layer_units_exponent_6': 5, 'W_layer_units_exponent_7': 4, 'D_layers': 3, 'D_layer_units_exponent_0': 10, 'D_layer_units_exponent_1': 7, 'D_layer_units_exponent_2': 9, 'D_dagger_layers': 4, 'D_dagger_layer_units_exponent_0': 10, 'D_dagger_layer_units_exponent_1': 10, 'D_dagger_layer_units_exponent_2': 4, 'D_dagger_layer_units_exponent_3': 5, 'log_learning_rate': -4.414767590491322, 'log_learning_rate_D': -2.835774842354177, 'log_learning_rate_D_dagger': -3.0478751522497474, 'training_batch_size': 9, 'training_p': 7}
	 epoch  0 training error:  tensor(0.9877, device='cuda:0', grad_fn=<DivBackward0>)
Memory status after this epoch: 
Memory allocated:  317.67919921875
Memory cached:  618.0
	 epoch  10 training error:  tensor(0.5768, device='cuda:0', grad_fn=<DivBackward0>)
Memory status after this epoch: 
Memory allocated:  317.67919921875
Memory cached:  660.0
	 epoch  20 training error:  tensor(0.5346, device='cuda:0', grad_fn=<DivBackward0>)
Memory status after this epoch: 
Memory allocated:  317.67919921875
Memory cached:  656.0
	 epoch  30 training error:  tensor(0.5231, device='cuda:0', grad_fn=<DivBackward0>)
Memory status after this epoch: 
Memory allocated:  317.67919921875
Memory cached:  656.0
	 epoch  40 training error:  tensor(0.5258, device='cuda:0', grad_fn=<DivBackward0>)
Memory status after this epoch: 
Memory allocated:  317.67919921875
Memory cached:  658.0
	 epoch  50 training error:  tensor(0.5103, device='cuda:0', grad_fn=<DivBackward0>)
Memory status after this epoch: 
Memory allocated:  317.67919921875
Memory cached:  660.0
	 epoch  60 training error:  tensor(0.5422, device='cuda:0', grad_fn=<DivBackward0>)
Memory status after this epoch: 
Memory allocated:  317.67919921875
Memory cached:  660.0
	 epoch  70 training error:  tensor(0.3434, device='cuda:0', grad_fn=<DivBackward0>)
Memory status after this epoch: 
Memory allocated:  317.67919921875
Memory cached:  650.0
	 epoch  80 training error:  tensor(0.2891, device='cuda:0', grad_fn=<DivBackward0>)
Memory status after this epoch: 
Memory allocated:  317.67919921875
Memory cached:  650.0
	 epoch  90 training error:  tensor(0.2408, device='cuda:0', grad_fn=<DivBackward0>)
Memory status after this epoch: 
Memory allocated:  317.67919921875
Memory cached:  656.0
