[I 2024-03-12 11:56:41,630] Trial 11 finished with value: 0.976439893245697 and parameters: {'log_learning_rate': -2.5693623471217624, 'log_learning_rate_D': -2.5478206116423046, 'log_learning_rate_D_dagger': -4.502466456436638, 'training_batch_size': 10, 'training_p': 3, 'p_order_W': 2, 'p_order_D': 5, 'p_order_D_dagger': 2}. Best is trial 5 with value: 0.4071817994117737.
Time for this trial:  89.5182409286499
Memory status after this trial: 
Memory allocated:  2.419921875
Memory cached:  4.0
--------------------  Trial  12   --------------------
Start timing: 
Parameters: 
{'log_learning_rate': -1.1729375200554322, 'log_learning_rate_D': -4.182938129427146, 'log_learning_rate_D_dagger': -1.2500125262242237, 'training_batch_size': 12, 'training_p': 8, 'p_order_W': 5, 'p_order_D': 5, 'p_order_D_dagger': 5}

	 epoch  0 training error:  tensor(inf, grad_fn=<ToCopyBackward0>)
Memory status after this epoch: 
Memory allocated:  1.93994140625
Memory cached:  8.0
[W 2024-03-12 11:56:45,485] Trial 12 failed with parameters: {'log_learning_rate': -1.1729375200554322, 'log_learning_rate_D': -4.182938129427146, 'log_learning_rate_D_dagger': -1.2500125262242237, 'training_batch_size': 12, 'training_p': 8, 'p_order_W': 5, 'p_order_D': 5, 'p_order_D_dagger': 5} because of the following error: The value nan is not acceptable.
[W 2024-03-12 11:56:45,485] Trial 12 failed with value tensor(nan, grad_fn=<ToCopyBackward0>).
Time for this trial:  3.646381378173828
Memory status after this trial: 
Memory allocated:  4.5224609375
Memory cached:  8.0
--------------------  Trial  13   --------------------
Start timing: 
Parameters: 
{'log_learning_rate': -2.4608362720876125, 'log_learning_rate_D': -3.0640753997441688, 'log_learning_rate_D_dagger': -1.0048078858619216, 'training_batch_size': 7, 'training_p': 5, 'p_order_W': 2, 'p_order_D': 3, 'p_order_D_dagger': 4}

	 epoch  0 training error:  tensor(5296.2104, grad_fn=<ToCopyBackward0>)
Memory status after this epoch: 
Memory allocated:  1.57373046875
Memory cached:  4.0
	 epoch  10 training error:  tensor(75.6091, grad_fn=<ToCopyBackward0>)
Memory status after this epoch: 
Memory allocated:  1.57373046875
Memory cached:  4.0
	 epoch  20 training error:  tensor(9.5800, grad_fn=<ToCopyBackward0>)
Memory status after this epoch: 
Memory allocated:  1.57373046875
Memory cached:  4.0
	 epoch  30 training error:  tensor(1.5908, grad_fn=<ToCopyBackward0>)
Memory status after this epoch: 
Memory allocated:  1.57373046875
Memory cached:  4.0
	 epoch  40 training error:  tensor(0.6302, grad_fn=<ToCopyBackward0>)
Memory status after this epoch: 
Memory allocated:  1.57373046875
Memory cached:  4.0
	 epoch  50 training error:  tensor(0.4907, grad_fn=<ToCopyBackward0>)
Memory status after this epoch: 
Memory allocated:  1.57373046875
Memory cached:  4.0
	 epoch  60 training error:  tensor(0.4765, grad_fn=<ToCopyBackward0>)
Memory status after this epoch: 
Memory allocated:  1.57373046875
Memory cached:  4.0
	 epoch  70 training error:  tensor(0.4886, grad_fn=<ToCopyBackward0>)
Memory status after this epoch: 
Memory allocated:  1.57373046875
Memory cached:  4.0
	 epoch  80 training error:  tensor(0.4762, grad_fn=<ToCopyBackward0>)
Memory status after this epoch: 
Memory allocated:  1.57373046875
Memory cached:  4.0
	 epoch  90 training error:  tensor(0.4753, grad_fn=<ToCopyBackward0>)
Memory status after this epoch: 
Memory allocated:  1.57373046875
Memory cached:  4.0
[I 2024-03-12 12:01:15,817] Trial 13 finished with value: 0.38328081369400024 and parameters: {'log_learning_rate': -2.4608362720876125, 'log_learning_rate_D': -3.0640753997441688, 'log_learning_rate_D_dagger': -1.0048078858619216, 'training_batch_size': 7, 'training_p': 5, 'p_order_W': 2, 'p_order_D': 3, 'p_order_D_dagger': 4}. Best is trial 13 with value: 0.38328081369400024.
res:  tensor(0.3833, grad_fn=<ToCopyBackward0>)
self.bestValue:  tensor(0.4072, grad_fn=<ToCopyBackward0>)
Save this model!
Time for this trial:  270.10968565940857
Memory status after this trial: 
Memory allocated:  1.66064453125
Memory cached:  4.0
--------------------  Trial  14   --------------------
Start timing: 
Parameters: 
{'log_learning_rate': -2.9765954158366075, 'log_learning_rate_D': -3.568547782202887, 'log_learning_rate_D_dagger': -4.71155174097608, 'training_batch_size': 8, 'training_p': 8, 'p_order_W': 4, 'p_order_D': 3, 'p_order_D_dagger': 4}

	 epoch  0 training error:  tensor(inf, grad_fn=<ToCopyBackward0>)
Memory status after this epoch: 
Memory allocated:  1.95947265625
Memory cached:  6.0
	 epoch  10 training error:  tensor(inf, grad_fn=<ToCopyBackward0>)
Memory status after this epoch: 
Memory allocated:  1.95947265625
Memory cached:  6.0
	 epoch  20 training error:  tensor(inf, grad_fn=<ToCopyBackward0>)
Memory status after this epoch: 
Memory allocated:  1.95947265625
Memory cached:  6.0
	 epoch  30 training error:  tensor(inf, grad_fn=<ToCopyBackward0>)
Memory status after this epoch: 
Memory allocated:  1.95947265625
Memory cached:  6.0
	 epoch  40 training error:  tensor(inf, grad_fn=<ToCopyBackward0>)
Memory status after this epoch: 
Memory allocated:  1.95947265625
Memory cached:  6.0
	 epoch  50 training error:  tensor(inf, grad_fn=<ToCopyBackward0>)
Memory status after this epoch: 
Memory allocated:  1.95947265625
Memory cached:  6.0
	 epoch  60 training error:  tensor(inf, grad_fn=<ToCopyBackward0>)
Memory status after this epoch: 
Memory allocated:  1.95947265625
Memory cached:  6.0
	 epoch  70 training error:  tensor(inf, grad_fn=<ToCopyBackward0>)
Memory status after this epoch: 
Memory allocated:  1.95947265625
Memory cached:  6.0
	 epoch  80 training error:  tensor(inf, grad_fn=<ToCopyBackward0>)
Memory status after this epoch: 
Memory allocated:  1.95947265625
Memory cached:  6.0
	 epoch  90 training error:  tensor(inf, grad_fn=<ToCopyBackward0>)
Memory status after this epoch: 
Memory allocated:  1.95947265625
Memory cached:  6.0
[I 2024-03-12 12:04:53,890] Trial 14 finished with value: 5004.85302734375 and parameters: {'log_learning_rate': -2.9765954158366075, 'log_learning_rate_D': -3.568547782202887, 'log_learning_rate_D_dagger': -4.71155174097608, 'training_batch_size': 8, 'training_p': 8, 'p_order_W': 4, 'p_order_D': 3, 'p_order_D_dagger': 4}. Best is trial 13 with value: 0.38328081369400024.
Time for this trial:  217.872642993927
Memory status after this trial: 
Memory allocated:  4.0546875
Memory cached:  6.0
--------------------  Trial  15   --------------------
Start timing: 
Parameters: 
{'log_learning_rate': -4.832735033157547, 'log_learning_rate_D': -2.216766560938126, 'log_learning_rate_D_dagger': -1.8920681939004607, 'training_batch_size': 10, 'training_p': 8, 'p_order_W': 4, 'p_order_D': 3, 'p_order_D_dagger': 3}

	 epoch  0 training error:  tensor(34.3657, grad_fn=<ToCopyBackward0>)
Memory status after this epoch: 
Memory allocated:  2.05712890625
Memory cached:  8.0
	 epoch  10 training error:  tensor(4.6152, grad_fn=<ToCopyBackward0>)
Memory status after this epoch: 
Memory allocated:  2.05712890625
Memory cached:  8.0
	 epoch  20 training error:  tensor(4.0113, grad_fn=<ToCopyBackward0>)
Memory status after this epoch: 
Memory allocated:  2.05712890625
Memory cached:  8.0
	 epoch  30 training error:  tensor(2.1276, grad_fn=<ToCopyBackward0>)
Memory status after this epoch: 
Memory allocated:  2.05712890625
Memory cached:  8.0
	 epoch  40 training error:  tensor(0.9563, grad_fn=<ToCopyBackward0>)
Memory status after this epoch: 
Memory allocated:  2.05712890625
Memory cached:  8.0
	 epoch  50 training error:  tensor(0.7249, grad_fn=<ToCopyBackward0>)
Memory status after this epoch: 
Memory allocated:  2.05712890625
Memory cached:  8.0
	 epoch  60 training error:  tensor(0.6934, grad_fn=<ToCopyBackward0>)
Memory status after this epoch: 
Memory allocated:  2.05712890625
Memory cached:  8.0
	 epoch  70 training error:  tensor(0.6452, grad_fn=<ToCopyBackward0>)
Memory status after this epoch: 
Memory allocated:  2.05712890625
Memory cached:  8.0
	 epoch  80 training error:  tensor(0.6261, grad_fn=<ToCopyBackward0>)
Memory status after this epoch: 
Memory allocated:  2.05712890625
Memory cached:  8.0
	 epoch  90 training error:  tensor(0.6159, grad_fn=<ToCopyBackward0>)
Memory status after this epoch: 
Memory allocated:  2.05712890625
Memory cached:  8.0
[I 2024-03-12 12:06:46,188] Trial 15 finished with value: 0.5414871573448181 and parameters: {'log_learning_rate': -4.832735033157547, 'log_learning_rate_D': -2.216766560938126, 'log_learning_rate_D_dagger': -1.8920681939004607, 'training_batch_size': 10, 'training_p': 8, 'p_order_W': 4, 'p_order_D': 3, 'p_order_D_dagger': 3}. Best is trial 13 with value: 0.38328081369400024.
Time for this trial:  112.08714890480042
Memory status after this trial: 
Memory allocated:  3.6640625
Memory cached:  8.0
--------------------  Trial  16   --------------------
Start timing: 
Parameters: 
{'log_learning_rate': -1.0809142372298295, 'log_learning_rate_D': -1.1022292862340595, 'log_learning_rate_D_dagger': -1.073578563937649, 'training_batch_size': 12, 'training_p': 5, 'p_order_W': 3, 'p_order_D': 4, 'p_order_D_dagger': 5}

	 epoch  0 training error:  tensor(241673.2969, grad_fn=<ToCopyBackward0>)
Memory status after this epoch: 
Memory allocated:  2.05712890625
Memory cached:  8.0
	 epoch  10 training error:  tensor(5611.1538, grad_fn=<ToCopyBackward0>)
Memory status after this epoch: 
Memory allocated:  2.05712890625
Memory cached:  10.0
	 epoch  20 training error:  tensor(1634.2079, grad_fn=<ToCopyBackward0>)
Memory status after this epoch: 
Memory allocated:  2.05712890625
Memory cached:  10.0
	 epoch  30 training error:  tensor(1458.9139, grad_fn=<ToCopyBackward0>)
Memory status after this epoch: 
Memory allocated:  2.05712890625
Memory cached:  10.0
	 epoch  40 training error:  tensor(1105.7098, grad_fn=<ToCopyBackward0>)
Memory status after this epoch: 
Memory allocated:  2.05712890625
Memory cached:  8.0
	 epoch  50 training error:  tensor(705.8468, grad_fn=<ToCopyBackward0>)
Memory status after this epoch: 
Memory allocated:  2.05712890625
Memory cached:  8.0
	 epoch  60 training error:  tensor(399.7982, grad_fn=<ToCopyBackward0>)
Memory status after this epoch: 
Memory allocated:  2.05712890625
Memory cached:  8.0
	 epoch  70 training error:  tensor(200.2168, grad_fn=<ToCopyBackward0>)
Memory status after this epoch: 
Memory allocated:  2.05712890625
Memory cached:  8.0
	 epoch  80 training error:  tensor(111.3282, grad_fn=<ToCopyBackward0>)
Memory status after this epoch: 
Memory allocated:  2.05712890625
Memory cached:  8.0
	 epoch  90 training error:  tensor(67.5576, grad_fn=<ToCopyBackward0>)
Memory status after this epoch: 
Memory allocated:  2.05712890625
Memory cached:  8.0
[I 2024-03-12 12:08:44,267] Trial 16 finished with value: 37.53911209106445 and parameters: {'log_learning_rate': -1.0809142372298295, 'log_learning_rate_D': -1.1022292862340595, 'log_learning_rate_D_dagger': -1.073578563937649, 'training_batch_size': 12, 'training_p': 5, 'p_order_W': 3, 'p_order_D': 4, 'p_order_D_dagger': 5}. Best is trial 13 with value: 0.38328081369400024.
Time for this trial:  117.82487392425537
Memory status after this trial: 
Memory allocated:  4.2509765625
Memory cached:  6.0
--------------------  Trial  17   --------------------
Start timing: 
Parameters: 
{'log_learning_rate': -2.6224648406399194, 'log_learning_rate_D': -3.0401432103765194, 'log_learning_rate_D_dagger': -1.0691996390474983, 'training_batch_size': 6, 'training_p': 6, 'p_order_W': 3, 'p_order_D': 5, 'p_order_D_dagger': 5}

	 epoch  0 training error:  tensor(inf, grad_fn=<ToCopyBackward0>)
Memory status after this epoch: 
Memory allocated:  2.05908203125
Memory cached:  4.0
	 epoch  10 training error:  tensor(254.1876, grad_fn=<ToCopyBackward0>)
Memory status after this epoch: 
Memory allocated:  2.05908203125
Memory cached:  4.0
	 epoch  20 training error:  tensor(31.0417, grad_fn=<ToCopyBackward0>)
Memory status after this epoch: 
Memory allocated:  2.05908203125
Memory cached:  4.0
	 epoch  30 training error:  tensor(3.4766, grad_fn=<ToCopyBackward0>)
Memory status after this epoch: 
Memory allocated:  2.05908203125
Memory cached:  4.0
	 epoch  40 training error:  tensor(5.8848, grad_fn=<ToCopyBackward0>)
Memory status after this epoch: 
Memory allocated:  2.05908203125
Memory cached:  4.0
	 epoch  50 training error:  tensor(10.1171, grad_fn=<ToCopyBackward0>)
Memory status after this epoch: 
Memory allocated:  2.05908203125
Memory cached:  4.0
	 epoch  60 training error:  tensor(6.1674, grad_fn=<ToCopyBackward0>)
Memory status after this epoch: 
Memory allocated:  2.05908203125
Memory cached:  4.0
	 epoch  70 training error:  tensor(3.1554, grad_fn=<ToCopyBackward0>)
Memory status after this epoch: 
Memory allocated:  2.05908203125
Memory cached:  4.0
	 epoch  80 training error:  tensor(47.0358, grad_fn=<ToCopyBackward0>)
Memory status after this epoch: 
Memory allocated:  2.05908203125
Memory cached:  4.0
	 epoch  90 training error:  tensor(13876.7812, grad_fn=<ToCopyBackward0>)
Memory status after this epoch: 
Memory allocated:  2.05908203125
Memory cached:  4.0
[W 2024-03-12 12:16:41,974] Trial 17 failed with parameters: {'log_learning_rate': -2.6224648406399194, 'log_learning_rate_D': -3.0401432103765194, 'log_learning_rate_D_dagger': -1.0691996390474983, 'training_batch_size': 6, 'training_p': 6, 'p_order_W': 3, 'p_order_D': 5, 'p_order_D_dagger': 5} because of the following error: The value nan is not acceptable.
[W 2024-03-12 12:16:41,975] Trial 17 failed with value tensor(nan, grad_fn=<ToCopyBackward0>).
Time for this trial:  477.4321858882904
Memory status after this trial: 
Memory allocated:  4.3505859375
Memory cached:  6.0
--------------------  Trial  18   --------------------
Start timing: 
Parameters: 
{'log_learning_rate': -2.366358896699847, 'log_learning_rate_D': -3.1329618548470055, 'log_learning_rate_D_dagger': -1.035169999412934, 'training_batch_size': 6, 'training_p': 6, 'p_order_W': 3, 'p_order_D': 5, 'p_order_D_dagger': 5}

	 epoch  0 training error:  tensor(inf, grad_fn=<ToCopyBackward0>)
Memory status after this epoch: 
Memory allocated:  2.05908203125
Memory cached:  4.0
	 epoch  10 training error:  tensor(2829.8748, grad_fn=<ToCopyBackward0>)
Memory status after this epoch: 
Memory allocated:  2.05908203125
Memory cached:  4.0
	 epoch  20 training error:  tensor(65.0123, grad_fn=<ToCopyBackward0>)
Memory status after this epoch: 
Memory allocated:  2.05908203125
Memory cached:  4.0
	 epoch  30 training error:  tensor(31.3744, grad_fn=<ToCopyBackward0>)
Memory status after this epoch: 
Memory allocated:  2.05908203125
Memory cached:  4.0
	 epoch  40 training error:  tensor(11.6756, grad_fn=<ToCopyBackward0>)
Memory status after this epoch: 
Memory allocated:  2.05908203125
Memory cached:  4.0
	 epoch  50 training error:  tensor(9.9396, grad_fn=<ToCopyBackward0>)
Memory status after this epoch: 
Memory allocated:  2.05908203125
Memory cached:  4.0
	 epoch  60 training error:  tensor(10.9158, grad_fn=<ToCopyBackward0>)
Memory status after this epoch: 
Memory allocated:  2.05908203125
Memory cached:  4.0
	 epoch  70 training error:  tensor(6.1051, grad_fn=<ToCopyBackward0>)
Memory status after this epoch: 
Memory allocated:  2.05908203125
Memory cached:  4.0
	 epoch  80 training error:  tensor(3.7675, grad_fn=<ToCopyBackward0>)
Memory status after this epoch: 
Memory allocated:  2.05908203125
Memory cached:  4.0
	 epoch  90 training error:  tensor(6.9496, grad_fn=<ToCopyBackward0>)
Memory status after this epoch: 
Memory allocated:  2.05908203125
Memory cached:  4.0
[I 2024-03-12 12:25:18,983] Trial 18 finished with value: 7.364121913909912 and parameters: {'log_learning_rate': -2.366358896699847, 'log_learning_rate_D': -3.1329618548470055, 'log_learning_rate_D_dagger': -1.035169999412934, 'training_batch_size': 6, 'training_p': 6, 'p_order_W': 3, 'p_order_D': 5, 'p_order_D_dagger': 5}. Best is trial 13 with value: 0.38328081369400024.
Time for this trial:  516.6880497932434
Memory status after this trial: 
Memory allocated:  4.3505859375
Memory cached:  6.0
--------------------  Trial  19   --------------------
Start timing: 
Parameters: 
{'log_learning_rate': -3.7582226632640494, 'log_learning_rate_D': -3.7251649488542116, 'log_learning_rate_D_dagger': -1.709772193721417, 'training_batch_size': 6, 'training_p': 4, 'p_order_W': 3, 'p_order_D': 4, 'p_order_D_dagger': 4}

	 epoch  0 training error:  tensor(22015.6152, grad_fn=<ToCopyBackward0>)
Memory status after this epoch: 
Memory allocated:  2.05908203125
Memory cached:  4.0
[W 2024-03-12 12:25:49,115] Trial 19 failed with parameters: {'log_learning_rate': -3.7582226632640494, 'log_learning_rate_D': -3.7251649488542116, 'log_learning_rate_D_dagger': -1.709772193721417, 'training_batch_size': 6, 'training_p': 4, 'p_order_W': 3, 'p_order_D': 4, 'p_order_D_dagger': 4} because of the following error: The value nan is not acceptable.
[W 2024-03-12 12:25:49,115] Trial 19 failed with value tensor(nan, grad_fn=<ToCopyBackward0>).
Time for this trial:  29.866018772125244
Memory status after this trial: 
Memory allocated:  3.9599609375
Memory cached:  6.0
--------------------  Trial  20   --------------------
Start timing: 
Parameters: 
{'log_learning_rate': -3.80071373193577, 'log_learning_rate_D': -3.923130215407501, 'log_learning_rate_D_dagger': -1.6193764547030687, 'training_batch_size': 6, 'training_p': 4, 'p_order_W': 3, 'p_order_D': 4, 'p_order_D_dagger': 4}

	 epoch  0 training error:  tensor(19703.0918, grad_fn=<ToCopyBackward0>)
Memory status after this epoch: 
Memory allocated:  2.05908203125
Memory cached:  4.0
	 epoch  10 training error:  tensor(314.7659, grad_fn=<ToCopyBackward0>)
Memory status after this epoch: 
Memory allocated:  2.05908203125
Memory cached:  4.0
	 epoch  20 training error:  tensor(57.6909, grad_fn=<ToCopyBackward0>)
Memory status after this epoch: 
Memory allocated:  2.05908203125
Memory cached:  4.0
	 epoch  30 training error:  tensor(22.9543, grad_fn=<ToCopyBackward0>)
Memory status after this epoch: 
Memory allocated:  2.05908203125
Memory cached:  4.0
	 epoch  40 training error:  tensor(3.2552, grad_fn=<ToCopyBackward0>)
Memory status after this epoch: 
Memory allocated:  2.05908203125
Memory cached:  4.0
	 epoch  50 training error:  tensor(2.1115, grad_fn=<ToCopyBackward0>)
Memory status after this epoch: 
Memory allocated:  2.05908203125
Memory cached:  4.0
	 epoch  60 training error:  tensor(1.6032, grad_fn=<ToCopyBackward0>)
Memory status after this epoch: 
Memory allocated:  2.05908203125
Memory cached:  4.0
	 epoch  70 training error:  tensor(1.2551, grad_fn=<ToCopyBackward0>)
Memory status after this epoch: 
Memory allocated:  2.05908203125
Memory cached:  4.0
	 epoch  80 training error:  tensor(0.9460, grad_fn=<ToCopyBackward0>)
Memory status after this epoch: 
Memory allocated:  2.05908203125
Memory cached:  4.0
	 epoch  90 training error:  tensor(0.7640, grad_fn=<ToCopyBackward0>)
Memory status after this epoch: 
Memory allocated:  2.05908203125
Memory cached:  4.0
[I 2024-03-12 12:33:46,519] Trial 20 finished with value: 0.5980397462844849 and parameters: {'log_learning_rate': -3.80071373193577, 'log_learning_rate_D': -3.923130215407501, 'log_learning_rate_D_dagger': -1.6193764547030687, 'training_batch_size': 6, 'training_p': 4, 'p_order_W': 3, 'p_order_D': 4, 'p_order_D_dagger': 4}. Best is trial 13 with value: 0.38328081369400024.
Time for this trial:  477.1299512386322
Memory status after this trial: 
Memory allocated:  3.9599609375
Memory cached:  6.0
--------------------  Trial  21   --------------------
Start timing: 
Parameters: 
{'log_learning_rate': -2.3895521013448318, 'log_learning_rate_D': -2.867334841547763, 'log_learning_rate_D_dagger': -1.6326106494245993, 'training_batch_size': 6, 'training_p': 6, 'p_order_W': 3, 'p_order_D': 5, 'p_order_D_dagger': 3}

	 epoch  0 training error:  tensor(50.0026, grad_fn=<ToCopyBackward0>)
Memory status after this epoch: 
Memory allocated:  2.05908203125
Memory cached:  4.0
	 epoch  10 training error:  tensor(0.7239, grad_fn=<ToCopyBackward0>)
Memory status after this epoch: 
Memory allocated:  2.05908203125
Memory cached:  4.0
	 epoch  20 training error:  tensor(0.5540, grad_fn=<ToCopyBackward0>)
Memory status after this epoch: 
Memory allocated:  2.05908203125
Memory cached:  4.0
	 epoch  30 training error:  tensor(0.5365, grad_fn=<ToCopyBackward0>)
Memory status after this epoch: 
Memory allocated:  2.05908203125
Memory cached:  4.0
	 epoch  40 training error:  tensor(0.5241, grad_fn=<ToCopyBackward0>)
Memory status after this epoch: 
Memory allocated:  2.05908203125
Memory cached:  4.0
	 epoch  50 training error:  tensor(0.5148, grad_fn=<ToCopyBackward0>)
Memory status after this epoch: 
Memory allocated:  2.05908203125
Memory cached:  4.0
	 epoch  60 training error:  tensor(0.5086, grad_fn=<ToCopyBackward0>)
Memory status after this epoch: 
Memory allocated:  2.05908203125
Memory cached:  4.0
	 epoch  70 training error:  tensor(0.5050, grad_fn=<ToCopyBackward0>)
Memory status after this epoch: 
Memory allocated:  2.05908203125
Memory cached:  4.0
	 epoch  80 training error:  tensor(0.5027, grad_fn=<ToCopyBackward0>)
Memory status after this epoch: 
Memory allocated:  2.05908203125
Memory cached:  4.0
	 epoch  90 training error:  tensor(0.5007, grad_fn=<ToCopyBackward0>)
Memory status after this epoch: 
Memory allocated:  2.05908203125
Memory cached:  4.0
