[I 2024-01-26 07:45:56,224] Trial 279 finished with value: 0.18064245581626892 and parameters: {'W_layers': 7, 'W_layer_units_exponent_0': 7, 'W_layer_units_exponent_1': 7, 'W_layer_units_exponent_2': 5, 'W_layer_units_exponent_3': 4, 'W_layer_units_exponent_4': 10, 'W_layer_units_exponent_5': 10, 'W_layer_units_exponent_6': 10, 'D_layers': 5, 'D_layer_units_exponent_0': 4, 'D_layer_units_exponent_1': 6, 'D_layer_units_exponent_2': 5, 'D_layer_units_exponent_3': 4, 'D_layer_units_exponent_4': 7, 'D_dagger_layers': 5, 'D_dagger_layer_units_exponent_0': 9, 'D_dagger_layer_units_exponent_1': 10, 'D_dagger_layer_units_exponent_2': 9, 'D_dagger_layer_units_exponent_3': 6, 'D_dagger_layer_units_exponent_4': 5, 'log_learning_rate': -3.5124158832719448, 'log_learning_rate_D': -1.8824942117529517, 'log_learning_rate_D_dagger': -2.702482636128939, 'training_batch_size': 9, 'training_p': 2}. Best is trial 209 with value: 0.16586799919605255.
Time for this trial:  25.38684320449829
Memory status after this trial: 
Memory allocated:  1222.84619140625
Memory cached:  1274.0
--------------------  Trial  280   --------------------
Start timing: 
Parameters: 
{'W_layers': 7, 'W_layer_units_exponent_0': 7, 'W_layer_units_exponent_1': 7, 'W_layer_units_exponent_2': 5, 'W_layer_units_exponent_3': 4, 'W_layer_units_exponent_4': 10, 'W_layer_units_exponent_5': 10, 'W_layer_units_exponent_6': 10, 'D_layers': 5, 'D_layer_units_exponent_0': 4, 'D_layer_units_exponent_1': 6, 'D_layer_units_exponent_2': 5, 'D_layer_units_exponent_3': 4, 'D_layer_units_exponent_4': 7, 'D_dagger_layers': 5, 'D_dagger_layer_units_exponent_0': 9, 'D_dagger_layer_units_exponent_1': 10, 'D_dagger_layer_units_exponent_2': 9, 'D_dagger_layer_units_exponent_3': 6, 'D_dagger_layer_units_exponent_4': 5, 'log_learning_rate': -3.3703155678905925, 'log_learning_rate_D': -1.8262133884112928, 'log_learning_rate_D_dagger': -3.0571019476685923, 'training_batch_size': 9, 'training_p': 2}
	 epoch  0 training error:  tensor(1.0987, device='cuda:0', grad_fn=<DivBackward0>)
Memory status after this epoch: 
Memory allocated:  663.19482421875
Memory cached:  778.0
	 epoch  10 training error:  tensor(0.2148, device='cuda:0', grad_fn=<DivBackward0>)
Memory status after this epoch: 
Memory allocated:  663.19482421875
Memory cached:  778.0
	 epoch  20 training error:  tensor(0.2138, device='cuda:0', grad_fn=<DivBackward0>)
Memory status after this epoch: 
Memory allocated:  663.19482421875
Memory cached:  778.0
	 epoch  30 training error:  tensor(0.1978, device='cuda:0', grad_fn=<DivBackward0>)
Memory status after this epoch: 
Memory allocated:  663.19482421875
Memory cached:  778.0
	 epoch  40 training error:  tensor(0.1982, device='cuda:0', grad_fn=<DivBackward0>)
Memory status after this epoch: 
Memory allocated:  663.19482421875
Memory cached:  778.0
	 epoch  50 training error:  tensor(0.1977, device='cuda:0', grad_fn=<DivBackward0>)
Memory status after this epoch: 
Memory allocated:  663.19482421875
Memory cached:  778.0
	 epoch  60 training error:  tensor(0.1943, device='cuda:0', grad_fn=<DivBackward0>)
Memory status after this epoch: 
Memory allocated:  663.19482421875
Memory cached:  778.0
	 epoch  70 training error:  tensor(0.1946, device='cuda:0', grad_fn=<DivBackward0>)
Memory status after this epoch: 
Memory allocated:  663.19482421875
Memory cached:  778.0
	 epoch  80 training error:  tensor(0.1930, device='cuda:0', grad_fn=<DivBackward0>)
Memory status after this epoch: 
Memory allocated:  663.19482421875
Memory cached:  778.0
	 epoch  90 training error:  tensor(0.1943, device='cuda:0', grad_fn=<DivBackward0>)
Memory status after this epoch: 
Memory allocated:  663.19482421875
Memory cached:  778.0
[I 2024-01-26 07:46:22,130] Trial 280 finished with value: 0.1718655824661255 and parameters: {'W_layers': 7, 'W_layer_units_exponent_0': 7, 'W_layer_units_exponent_1': 7, 'W_layer_units_exponent_2': 5, 'W_layer_units_exponent_3': 4, 'W_layer_units_exponent_4': 10, 'W_layer_units_exponent_5': 10, 'W_layer_units_exponent_6': 10, 'D_layers': 5, 'D_layer_units_exponent_0': 4, 'D_layer_units_exponent_1': 6, 'D_layer_units_exponent_2': 5, 'D_layer_units_exponent_3': 4, 'D_layer_units_exponent_4': 7, 'D_dagger_layers': 5, 'D_dagger_layer_units_exponent_0': 9, 'D_dagger_layer_units_exponent_1': 10, 'D_dagger_layer_units_exponent_2': 9, 'D_dagger_layer_units_exponent_3': 6, 'D_dagger_layer_units_exponent_4': 5, 'log_learning_rate': -3.3703155678905925, 'log_learning_rate_D': -1.8262133884112928, 'log_learning_rate_D_dagger': -3.0571019476685923, 'training_batch_size': 9, 'training_p': 2}. Best is trial 209 with value: 0.16586799919605255.
Time for this trial:  25.45000433921814
Memory status after this trial: 
Memory allocated:  1222.84619140625
Memory cached:  1274.0
--------------------  Trial  281   --------------------
Start timing: 
Parameters: 
{'W_layers': 7, 'W_layer_units_exponent_0': 7, 'W_layer_units_exponent_1': 7, 'W_layer_units_exponent_2': 5, 'W_layer_units_exponent_3': 4, 'W_layer_units_exponent_4': 10, 'W_layer_units_exponent_5': 10, 'W_layer_units_exponent_6': 10, 'D_layers': 5, 'D_layer_units_exponent_0': 4, 'D_layer_units_exponent_1': 6, 'D_layer_units_exponent_2': 5, 'D_layer_units_exponent_3': 4, 'D_layer_units_exponent_4': 7, 'D_dagger_layers': 5, 'D_dagger_layer_units_exponent_0': 9, 'D_dagger_layer_units_exponent_1': 10, 'D_dagger_layer_units_exponent_2': 9, 'D_dagger_layer_units_exponent_3': 6, 'D_dagger_layer_units_exponent_4': 5, 'log_learning_rate': -3.4854409654951457, 'log_learning_rate_D': -2.1157203718321957, 'log_learning_rate_D_dagger': -3.105913579177419, 'training_batch_size': 9, 'training_p': 2}
	 epoch  0 training error:  tensor(0.9982, device='cuda:0', grad_fn=<DivBackward0>)
Memory status after this epoch: 
Memory allocated:  663.19482421875
Memory cached:  778.0
	 epoch  10 training error:  tensor(0.2265, device='cuda:0', grad_fn=<DivBackward0>)
Memory status after this epoch: 
Memory allocated:  663.19482421875
Memory cached:  778.0
	 epoch  20 training error:  tensor(0.2202, device='cuda:0', grad_fn=<DivBackward0>)
Memory status after this epoch: 
Memory allocated:  663.19482421875
Memory cached:  778.0
	 epoch  30 training error:  tensor(0.1934, device='cuda:0', grad_fn=<DivBackward0>)
Memory status after this epoch: 
Memory allocated:  663.19482421875
Memory cached:  778.0
	 epoch  40 training error:  tensor(0.1939, device='cuda:0', grad_fn=<DivBackward0>)
Memory status after this epoch: 
Memory allocated:  663.19482421875
Memory cached:  778.0
	 epoch  50 training error:  tensor(0.1880, device='cuda:0', grad_fn=<DivBackward0>)
Memory status after this epoch: 
Memory allocated:  663.19482421875
Memory cached:  778.0
	 epoch  60 training error:  tensor(0.1900, device='cuda:0', grad_fn=<DivBackward0>)
Memory status after this epoch: 
Memory allocated:  663.19482421875
Memory cached:  778.0
	 epoch  70 training error:  tensor(0.1882, device='cuda:0', grad_fn=<DivBackward0>)
Memory status after this epoch: 
Memory allocated:  663.19482421875
Memory cached:  778.0
	 epoch  80 training error:  tensor(0.1919, device='cuda:0', grad_fn=<DivBackward0>)
Memory status after this epoch: 
Memory allocated:  663.19482421875
Memory cached:  778.0
	 epoch  90 training error:  tensor(0.1901, device='cuda:0', grad_fn=<DivBackward0>)
Memory status after this epoch: 
Memory allocated:  663.19482421875
Memory cached:  778.0
[I 2024-01-26 07:46:47,660] Trial 281 finished with value: 0.16951729357242584 and parameters: {'W_layers': 7, 'W_layer_units_exponent_0': 7, 'W_layer_units_exponent_1': 7, 'W_layer_units_exponent_2': 5, 'W_layer_units_exponent_3': 4, 'W_layer_units_exponent_4': 10, 'W_layer_units_exponent_5': 10, 'W_layer_units_exponent_6': 10, 'D_layers': 5, 'D_layer_units_exponent_0': 4, 'D_layer_units_exponent_1': 6, 'D_layer_units_exponent_2': 5, 'D_layer_units_exponent_3': 4, 'D_layer_units_exponent_4': 7, 'D_dagger_layers': 5, 'D_dagger_layer_units_exponent_0': 9, 'D_dagger_layer_units_exponent_1': 10, 'D_dagger_layer_units_exponent_2': 9, 'D_dagger_layer_units_exponent_3': 6, 'D_dagger_layer_units_exponent_4': 5, 'log_learning_rate': -3.4854409654951457, 'log_learning_rate_D': -2.1157203718321957, 'log_learning_rate_D_dagger': -3.105913579177419, 'training_batch_size': 9, 'training_p': 2}. Best is trial 209 with value: 0.16586799919605255.
Time for this trial:  25.114548444747925
Memory status after this trial: 
Memory allocated:  1222.84619140625
Memory cached:  1274.0
--------------------  Trial  282   --------------------
Start timing: 
Parameters: 
{'W_layers': 7, 'W_layer_units_exponent_0': 7, 'W_layer_units_exponent_1': 7, 'W_layer_units_exponent_2': 5, 'W_layer_units_exponent_3': 4, 'W_layer_units_exponent_4': 10, 'W_layer_units_exponent_5': 10, 'W_layer_units_exponent_6': 10, 'D_layers': 5, 'D_layer_units_exponent_0': 4, 'D_layer_units_exponent_1': 6, 'D_layer_units_exponent_2': 5, 'D_layer_units_exponent_3': 4, 'D_layer_units_exponent_4': 7, 'D_dagger_layers': 5, 'D_dagger_layer_units_exponent_0': 9, 'D_dagger_layer_units_exponent_1': 10, 'D_dagger_layer_units_exponent_2': 9, 'D_dagger_layer_units_exponent_3': 6, 'D_dagger_layer_units_exponent_4': 5, 'log_learning_rate': -3.3957165713888835, 'log_learning_rate_D': -2.056112191619681, 'log_learning_rate_D_dagger': -3.2435573160296207, 'training_batch_size': 9, 'training_p': 2}
	 epoch  0 training error:  tensor(1.0390, device='cuda:0', grad_fn=<DivBackward0>)
Memory status after this epoch: 
Memory allocated:  663.19482421875
Memory cached:  778.0
	 epoch  10 training error:  tensor(0.2417, device='cuda:0', grad_fn=<DivBackward0>)
Memory status after this epoch: 
Memory allocated:  663.19482421875
Memory cached:  778.0
	 epoch  20 training error:  tensor(0.2372, device='cuda:0', grad_fn=<DivBackward0>)
Memory status after this epoch: 
Memory allocated:  663.19482421875
Memory cached:  778.0
	 epoch  30 training error:  tensor(0.2052, device='cuda:0', grad_fn=<DivBackward0>)
Memory status after this epoch: 
Memory allocated:  663.19482421875
Memory cached:  778.0
	 epoch  40 training error:  tensor(0.1949, device='cuda:0', grad_fn=<DivBackward0>)
Memory status after this epoch: 
Memory allocated:  663.19482421875
Memory cached:  778.0
	 epoch  50 training error:  tensor(0.1889, device='cuda:0', grad_fn=<DivBackward0>)
Memory status after this epoch: 
Memory allocated:  663.19482421875
Memory cached:  778.0
	 epoch  60 training error:  tensor(0.1884, device='cuda:0', grad_fn=<DivBackward0>)
Memory status after this epoch: 
Memory allocated:  663.19482421875
Memory cached:  778.0
	 epoch  70 training error:  tensor(0.1866, device='cuda:0', grad_fn=<DivBackward0>)
Memory status after this epoch: 
Memory allocated:  663.19482421875
Memory cached:  778.0
	 epoch  80 training error:  tensor(0.1928, device='cuda:0', grad_fn=<DivBackward0>)
Memory status after this epoch: 
Memory allocated:  663.19482421875
Memory cached:  778.0
	 epoch  90 training error:  tensor(0.1914, device='cuda:0', grad_fn=<DivBackward0>)
Memory status after this epoch: 
Memory allocated:  663.19482421875
Memory cached:  778.0
[I 2024-01-26 07:47:13,355] Trial 282 finished with value: 0.1697559803724289 and parameters: {'W_layers': 7, 'W_layer_units_exponent_0': 7, 'W_layer_units_exponent_1': 7, 'W_layer_units_exponent_2': 5, 'W_layer_units_exponent_3': 4, 'W_layer_units_exponent_4': 10, 'W_layer_units_exponent_5': 10, 'W_layer_units_exponent_6': 10, 'D_layers': 5, 'D_layer_units_exponent_0': 4, 'D_layer_units_exponent_1': 6, 'D_layer_units_exponent_2': 5, 'D_layer_units_exponent_3': 4, 'D_layer_units_exponent_4': 7, 'D_dagger_layers': 5, 'D_dagger_layer_units_exponent_0': 9, 'D_dagger_layer_units_exponent_1': 10, 'D_dagger_layer_units_exponent_2': 9, 'D_dagger_layer_units_exponent_3': 6, 'D_dagger_layer_units_exponent_4': 5, 'log_learning_rate': -3.3957165713888835, 'log_learning_rate_D': -2.056112191619681, 'log_learning_rate_D_dagger': -3.2435573160296207, 'training_batch_size': 9, 'training_p': 2}. Best is trial 209 with value: 0.16586799919605255.
Time for this trial:  25.278860092163086
Memory status after this trial: 
Memory allocated:  1222.84619140625
Memory cached:  1274.0
--------------------  Trial  283   --------------------
Start timing: 
Parameters: 
{'W_layers': 7, 'W_layer_units_exponent_0': 7, 'W_layer_units_exponent_1': 7, 'W_layer_units_exponent_2': 5, 'W_layer_units_exponent_3': 4, 'W_layer_units_exponent_4': 10, 'W_layer_units_exponent_5': 10, 'W_layer_units_exponent_6': 10, 'D_layers': 5, 'D_layer_units_exponent_0': 4, 'D_layer_units_exponent_1': 6, 'D_layer_units_exponent_2': 5, 'D_layer_units_exponent_3': 4, 'D_layer_units_exponent_4': 7, 'D_dagger_layers': 5, 'D_dagger_layer_units_exponent_0': 9, 'D_dagger_layer_units_exponent_1': 10, 'D_dagger_layer_units_exponent_2': 9, 'D_dagger_layer_units_exponent_3': 6, 'D_dagger_layer_units_exponent_4': 5, 'log_learning_rate': -3.6401285979326525, 'log_learning_rate_D': -1.9875145708295077, 'log_learning_rate_D_dagger': -3.0319061519262247, 'training_batch_size': 9, 'training_p': 2}
	 epoch  0 training error:  tensor(1.0008, device='cuda:0', grad_fn=<DivBackward0>)
Memory status after this epoch: 
Memory allocated:  663.19482421875
Memory cached:  778.0
	 epoch  10 training error:  tensor(0.2405, device='cuda:0', grad_fn=<DivBackward0>)
Memory status after this epoch: 
Memory allocated:  663.19482421875
Memory cached:  778.0
	 epoch  20 training error:  tensor(0.1981, device='cuda:0', grad_fn=<DivBackward0>)
Memory status after this epoch: 
Memory allocated:  663.19482421875
Memory cached:  778.0
	 epoch  30 training error:  tensor(0.1955, device='cuda:0', grad_fn=<DivBackward0>)
Memory status after this epoch: 
Memory allocated:  663.19482421875
Memory cached:  778.0
	 epoch  40 training error:  tensor(0.1903, device='cuda:0', grad_fn=<DivBackward0>)
Memory status after this epoch: 
Memory allocated:  663.19482421875
Memory cached:  778.0
	 epoch  50 training error:  tensor(0.1872, device='cuda:0', grad_fn=<DivBackward0>)
Memory status after this epoch: 
Memory allocated:  663.19482421875
Memory cached:  778.0
	 epoch  60 training error:  tensor(0.1876, device='cuda:0', grad_fn=<DivBackward0>)
Memory status after this epoch: 
Memory allocated:  663.19482421875
Memory cached:  778.0
	 epoch  70 training error:  tensor(0.1914, device='cuda:0', grad_fn=<DivBackward0>)
Memory status after this epoch: 
Memory allocated:  663.19482421875
Memory cached:  778.0
	 epoch  80 training error:  tensor(0.1923, device='cuda:0', grad_fn=<DivBackward0>)
Memory status after this epoch: 
Memory allocated:  663.19482421875
Memory cached:  778.0
	 epoch  90 training error:  tensor(0.1979, device='cuda:0', grad_fn=<DivBackward0>)
Memory status after this epoch: 
Memory allocated:  663.19482421875
Memory cached:  778.0
[I 2024-01-26 07:47:39,114] Trial 283 finished with value: 0.16806969046592712 and parameters: {'W_layers': 7, 'W_layer_units_exponent_0': 7, 'W_layer_units_exponent_1': 7, 'W_layer_units_exponent_2': 5, 'W_layer_units_exponent_3': 4, 'W_layer_units_exponent_4': 10, 'W_layer_units_exponent_5': 10, 'W_layer_units_exponent_6': 10, 'D_layers': 5, 'D_layer_units_exponent_0': 4, 'D_layer_units_exponent_1': 6, 'D_layer_units_exponent_2': 5, 'D_layer_units_exponent_3': 4, 'D_layer_units_exponent_4': 7, 'D_dagger_layers': 5, 'D_dagger_layer_units_exponent_0': 9, 'D_dagger_layer_units_exponent_1': 10, 'D_dagger_layer_units_exponent_2': 9, 'D_dagger_layer_units_exponent_3': 6, 'D_dagger_layer_units_exponent_4': 5, 'log_learning_rate': -3.6401285979326525, 'log_learning_rate_D': -1.9875145708295077, 'log_learning_rate_D_dagger': -3.0319061519262247, 'training_batch_size': 9, 'training_p': 2}. Best is trial 209 with value: 0.16586799919605255.
Time for this trial:  25.2862765789032
Memory status after this trial: 
Memory allocated:  1222.84619140625
Memory cached:  1274.0
--------------------  Trial  284   --------------------
Start timing: 
Parameters: 
{'W_layers': 7, 'W_layer_units_exponent_0': 7, 'W_layer_units_exponent_1': 7, 'W_layer_units_exponent_2': 5, 'W_layer_units_exponent_3': 4, 'W_layer_units_exponent_4': 10, 'W_layer_units_exponent_5': 10, 'W_layer_units_exponent_6': 10, 'D_layers': 5, 'D_layer_units_exponent_0': 4, 'D_layer_units_exponent_1': 6, 'D_layer_units_exponent_2': 5, 'D_layer_units_exponent_3': 4, 'D_layer_units_exponent_4': 7, 'D_dagger_layers': 5, 'D_dagger_layer_units_exponent_0': 9, 'D_dagger_layer_units_exponent_1': 10, 'D_dagger_layer_units_exponent_2': 9, 'D_dagger_layer_units_exponent_3': 6, 'D_dagger_layer_units_exponent_4': 5, 'log_learning_rate': -3.634787321103018, 'log_learning_rate_D': -1.9410745366443936, 'log_learning_rate_D_dagger': -2.8935954424056582, 'training_batch_size': 9, 'training_p': 2}
	 epoch  0 training error:  tensor(0.9599, device='cuda:0', grad_fn=<DivBackward0>)
Memory status after this epoch: 
Memory allocated:  663.19482421875
Memory cached:  778.0
	 epoch  10 training error:  tensor(0.2692, device='cuda:0', grad_fn=<DivBackward0>)
Memory status after this epoch: 
Memory allocated:  663.19482421875
Memory cached:  778.0
	 epoch  20 training error:  tensor(0.2103, device='cuda:0', grad_fn=<DivBackward0>)
Memory status after this epoch: 
Memory allocated:  663.19482421875
Memory cached:  778.0
	 epoch  30 training error:  tensor(0.1932, device='cuda:0', grad_fn=<DivBackward0>)
Memory status after this epoch: 
Memory allocated:  663.19482421875
Memory cached:  778.0
	 epoch  40 training error:  tensor(0.1893, device='cuda:0', grad_fn=<DivBackward0>)
Memory status after this epoch: 
Memory allocated:  663.19482421875
Memory cached:  778.0
	 epoch  50 training error:  tensor(0.1896, device='cuda:0', grad_fn=<DivBackward0>)
Memory status after this epoch: 
Memory allocated:  663.19482421875
Memory cached:  778.0
	 epoch  60 training error:  tensor(0.1885, device='cuda:0', grad_fn=<DivBackward0>)
Memory status after this epoch: 
Memory allocated:  663.19482421875
Memory cached:  778.0
	 epoch  70 training error:  tensor(0.1878, device='cuda:0', grad_fn=<DivBackward0>)
Memory status after this epoch: 
Memory allocated:  663.19482421875
Memory cached:  778.0
	 epoch  80 training error:  tensor(0.1897, device='cuda:0', grad_fn=<DivBackward0>)
Memory status after this epoch: 
Memory allocated:  663.19482421875
Memory cached:  778.0
	 epoch  90 training error:  tensor(0.2142, device='cuda:0', grad_fn=<DivBackward0>)
Memory status after this epoch: 
Memory allocated:  663.19482421875
Memory cached:  778.0
