[I 2024-02-18 10:46:35,221] Trial 157 finished with value: 0.08416344225406647 and parameters: {'W_layers': 4, 'W_layer_units_exponent_0': 4, 'W_layer_units_exponent_1': 8, 'W_layer_units_exponent_2': 6, 'W_layer_units_exponent_3': 6, 'D_layers': 8, 'D_layer_units_exponent_0': 8, 'D_layer_units_exponent_1': 10, 'D_layer_units_exponent_2': 8, 'D_layer_units_exponent_3': 9, 'D_layer_units_exponent_4': 7, 'D_layer_units_exponent_5': 6, 'D_layer_units_exponent_6': 9, 'D_layer_units_exponent_7': 6, 'D_dagger_layers': 5, 'D_dagger_layer_units_exponent_0': 7, 'D_dagger_layer_units_exponent_1': 5, 'D_dagger_layer_units_exponent_2': 7, 'D_dagger_layer_units_exponent_3': 6, 'D_dagger_layer_units_exponent_4': 6, 'log_learning_rate': -1.8445864036970636, 'log_learning_rate_D': -1.650436026636283, 'log_learning_rate_D_dagger': -2.8474915597315613, 'training_batch_size': 9, 'training_p': 2}. Best is trial 151 with value: 0.0829155370593071.
Time for this trial:  19.4850332736969
Memory status after this trial: 
Memory allocated:  368.59033203125
Memory cached:  380.0
--------------------  Trial  158   --------------------
Start timing: 
Parameters: 
{'W_layers': 4, 'W_layer_units_exponent_0': 4, 'W_layer_units_exponent_1': 8, 'W_layer_units_exponent_2': 6, 'W_layer_units_exponent_3': 6, 'D_layers': 8, 'D_layer_units_exponent_0': 8, 'D_layer_units_exponent_1': 10, 'D_layer_units_exponent_2': 8, 'D_layer_units_exponent_3': 9, 'D_layer_units_exponent_4': 7, 'D_layer_units_exponent_5': 6, 'D_layer_units_exponent_6': 10, 'D_layer_units_exponent_7': 6, 'D_dagger_layers': 5, 'D_dagger_layer_units_exponent_0': 10, 'D_dagger_layer_units_exponent_1': 4, 'D_dagger_layer_units_exponent_2': 7, 'D_dagger_layer_units_exponent_3': 6, 'D_dagger_layer_units_exponent_4': 7, 'log_learning_rate': -1.5007843811159995, 'log_learning_rate_D': -1.8446102911624602, 'log_learning_rate_D_dagger': -2.301802476980189, 'training_batch_size': 9, 'training_p': 2}
	 epoch  0 training error:  tensor(1.0615, device='cuda:0', grad_fn=<DivBackward0>)
Memory status after this epoch: 
Memory allocated:  200.17138671875
Memory cached:  360.0
	 epoch  10 training error:  tensor(2.3333, device='cuda:0', grad_fn=<DivBackward0>)
Memory status after this epoch: 
Memory allocated:  200.17138671875
Memory cached:  360.0
	 epoch  20 training error:  tensor(0.4018, device='cuda:0', grad_fn=<DivBackward0>)
Memory status after this epoch: 
Memory allocated:  200.17138671875
Memory cached:  360.0
	 epoch  30 training error:  tensor(0.2040, device='cuda:0', grad_fn=<DivBackward0>)
Memory status after this epoch: 
Memory allocated:  200.17138671875
Memory cached:  360.0
	 epoch  40 training error:  tensor(0.1286, device='cuda:0', grad_fn=<DivBackward0>)
Memory status after this epoch: 
Memory allocated:  200.17138671875
Memory cached:  360.0
	 epoch  50 training error:  tensor(0.1049, device='cuda:0', grad_fn=<DivBackward0>)
Memory status after this epoch: 
Memory allocated:  200.17138671875
Memory cached:  360.0
	 epoch  60 training error:  tensor(0.1329, device='cuda:0', grad_fn=<DivBackward0>)
Memory status after this epoch: 
Memory allocated:  200.17138671875
Memory cached:  360.0
	 epoch  70 training error:  tensor(0.1128, device='cuda:0', grad_fn=<DivBackward0>)
Memory status after this epoch: 
Memory allocated:  200.17138671875
Memory cached:  360.0
	 epoch  80 training error:  tensor(0.1122, device='cuda:0', grad_fn=<DivBackward0>)
Memory status after this epoch: 
Memory allocated:  200.17138671875
Memory cached:  360.0
	 epoch  90 training error:  tensor(0.1018, device='cuda:0', grad_fn=<DivBackward0>)
Memory status after this epoch: 
Memory allocated:  200.17138671875
Memory cached:  360.0
[I 2024-02-18 10:46:56,151] Trial 158 finished with value: 0.08979742974042892 and parameters: {'W_layers': 4, 'W_layer_units_exponent_0': 4, 'W_layer_units_exponent_1': 8, 'W_layer_units_exponent_2': 6, 'W_layer_units_exponent_3': 6, 'D_layers': 8, 'D_layer_units_exponent_0': 8, 'D_layer_units_exponent_1': 10, 'D_layer_units_exponent_2': 8, 'D_layer_units_exponent_3': 9, 'D_layer_units_exponent_4': 7, 'D_layer_units_exponent_5': 6, 'D_layer_units_exponent_6': 10, 'D_layer_units_exponent_7': 6, 'D_dagger_layers': 5, 'D_dagger_layer_units_exponent_0': 10, 'D_dagger_layer_units_exponent_1': 4, 'D_dagger_layer_units_exponent_2': 7, 'D_dagger_layer_units_exponent_3': 6, 'D_dagger_layer_units_exponent_4': 7, 'log_learning_rate': -1.5007843811159995, 'log_learning_rate_D': -1.8446102911624602, 'log_learning_rate_D_dagger': -2.301802476980189, 'training_batch_size': 9, 'training_p': 2}. Best is trial 151 with value: 0.0829155370593071.
Time for this trial:  20.514976024627686
Memory status after this trial: 
Memory allocated:  573.20166015625
Memory cached:  604.0
--------------------  Trial  159   --------------------
Start timing: 
Parameters: 
{'W_layers': 4, 'W_layer_units_exponent_0': 4, 'W_layer_units_exponent_1': 8, 'W_layer_units_exponent_2': 6, 'W_layer_units_exponent_3': 5, 'D_layers': 8, 'D_layer_units_exponent_0': 8, 'D_layer_units_exponent_1': 10, 'D_layer_units_exponent_2': 8, 'D_layer_units_exponent_3': 8, 'D_layer_units_exponent_4': 7, 'D_layer_units_exponent_5': 10, 'D_layer_units_exponent_6': 9, 'D_layer_units_exponent_7': 7, 'D_dagger_layers': 5, 'D_dagger_layer_units_exponent_0': 7, 'D_dagger_layer_units_exponent_1': 9, 'D_dagger_layer_units_exponent_2': 7, 'D_dagger_layer_units_exponent_3': 6, 'D_dagger_layer_units_exponent_4': 6, 'log_learning_rate': -1.64706027960273, 'log_learning_rate_D': -2.0024193084748547, 'log_learning_rate_D_dagger': -3.119205557347948, 'training_batch_size': 10, 'training_p': 2}
	 epoch  0 training error:  tensor(0.9430, device='cuda:0', grad_fn=<DivBackward0>)
Memory status after this epoch: 
Memory allocated:  204.041015625
Memory cached:  360.0
	 epoch  10 training error:  tensor(0.3031, device='cuda:0', grad_fn=<DivBackward0>)
Memory status after this epoch: 
Memory allocated:  204.041015625
Memory cached:  360.0
	 epoch  20 training error:  tensor(0.1492, device='cuda:0', grad_fn=<DivBackward0>)
Memory status after this epoch: 
Memory allocated:  204.041015625
Memory cached:  360.0
	 epoch  30 training error:  tensor(0.1090, device='cuda:0', grad_fn=<DivBackward0>)
Memory status after this epoch: 
Memory allocated:  204.041015625
Memory cached:  360.0
	 epoch  40 training error:  tensor(0.0973, device='cuda:0', grad_fn=<DivBackward0>)
Memory status after this epoch: 
Memory allocated:  204.041015625
Memory cached:  360.0
	 epoch  50 training error:  tensor(0.0841, device='cuda:0', grad_fn=<DivBackward0>)
Memory status after this epoch: 
Memory allocated:  204.041015625
Memory cached:  360.0
	 epoch  60 training error:  tensor(0.0865, device='cuda:0', grad_fn=<DivBackward0>)
Memory status after this epoch: 
Memory allocated:  204.041015625
Memory cached:  360.0
	 epoch  70 training error:  tensor(0.0889, device='cuda:0', grad_fn=<DivBackward0>)
Memory status after this epoch: 
Memory allocated:  204.041015625
Memory cached:  360.0
	 epoch  80 training error:  tensor(0.0826, device='cuda:0', grad_fn=<DivBackward0>)
Memory status after this epoch: 
Memory allocated:  204.041015625
Memory cached:  360.0
	 epoch  90 training error:  tensor(0.0833, device='cuda:0', grad_fn=<DivBackward0>)
Memory status after this epoch: 
Memory allocated:  204.041015625
Memory cached:  360.0
[I 2024-02-18 10:47:16,694] Trial 159 finished with value: 0.08388961851596832 and parameters: {'W_layers': 4, 'W_layer_units_exponent_0': 4, 'W_layer_units_exponent_1': 8, 'W_layer_units_exponent_2': 6, 'W_layer_units_exponent_3': 5, 'D_layers': 8, 'D_layer_units_exponent_0': 8, 'D_layer_units_exponent_1': 10, 'D_layer_units_exponent_2': 8, 'D_layer_units_exponent_3': 8, 'D_layer_units_exponent_4': 7, 'D_layer_units_exponent_5': 10, 'D_layer_units_exponent_6': 9, 'D_layer_units_exponent_7': 7, 'D_dagger_layers': 5, 'D_dagger_layer_units_exponent_0': 7, 'D_dagger_layer_units_exponent_1': 9, 'D_dagger_layer_units_exponent_2': 7, 'D_dagger_layer_units_exponent_3': 6, 'D_dagger_layer_units_exponent_4': 6, 'log_learning_rate': -1.64706027960273, 'log_learning_rate_D': -2.0024193084748547, 'log_learning_rate_D_dagger': -3.119205557347948, 'training_batch_size': 10, 'training_p': 2}. Best is trial 151 with value: 0.0829155370593071.
Time for this trial:  20.125802516937256
Memory status after this trial: 
Memory allocated:  467.78857421875
Memory cached:  492.0
--------------------  Trial  160   --------------------
Start timing: 
Parameters: 
{'W_layers': 4, 'W_layer_units_exponent_0': 4, 'W_layer_units_exponent_1': 8, 'W_layer_units_exponent_2': 6, 'W_layer_units_exponent_3': 6, 'D_layers': 8, 'D_layer_units_exponent_0': 8, 'D_layer_units_exponent_1': 10, 'D_layer_units_exponent_2': 7, 'D_layer_units_exponent_3': 10, 'D_layer_units_exponent_4': 7, 'D_layer_units_exponent_5': 5, 'D_layer_units_exponent_6': 10, 'D_layer_units_exponent_7': 8, 'D_dagger_layers': 5, 'D_dagger_layer_units_exponent_0': 7, 'D_dagger_layer_units_exponent_1': 8, 'D_dagger_layer_units_exponent_2': 7, 'D_dagger_layer_units_exponent_3': 5, 'D_dagger_layer_units_exponent_4': 7, 'log_learning_rate': -1.7510598130545612, 'log_learning_rate_D': -1.8581106867299473, 'log_learning_rate_D_dagger': -2.500783571132578, 'training_batch_size': 8, 'training_p': 2}
	 epoch  0 training error:  tensor(2.4297, device='cuda:0', grad_fn=<DivBackward0>)
Memory status after this epoch: 
Memory allocated:  201.00390625
Memory cached:  362.0
	 epoch  10 training error:  tensor(0.3915, device='cuda:0', grad_fn=<DivBackward0>)
Memory status after this epoch: 
Memory allocated:  201.00390625
Memory cached:  360.0
	 epoch  20 training error:  tensor(0.1424, device='cuda:0', grad_fn=<DivBackward0>)
Memory status after this epoch: 
Memory allocated:  201.00390625
Memory cached:  360.0
	 epoch  30 training error:  tensor(0.1163, device='cuda:0', grad_fn=<DivBackward0>)
Memory status after this epoch: 
Memory allocated:  201.00390625
Memory cached:  360.0
	 epoch  40 training error:  tensor(0.1042, device='cuda:0', grad_fn=<DivBackward0>)
Memory status after this epoch: 
Memory allocated:  201.00390625
Memory cached:  360.0
	 epoch  50 training error:  tensor(0.0967, device='cuda:0', grad_fn=<DivBackward0>)
Memory status after this epoch: 
Memory allocated:  201.00390625
Memory cached:  360.0
	 epoch  60 training error:  tensor(0.1185, device='cuda:0', grad_fn=<DivBackward0>)
Memory status after this epoch: 
Memory allocated:  201.00390625
Memory cached:  362.0
	 epoch  70 training error:  tensor(0.0992, device='cuda:0', grad_fn=<DivBackward0>)
Memory status after this epoch: 
Memory allocated:  201.00390625
Memory cached:  362.0
	 epoch  80 training error:  tensor(0.0989, device='cuda:0', grad_fn=<DivBackward0>)
Memory status after this epoch: 
Memory allocated:  201.00390625
Memory cached:  362.0
	 epoch  90 training error:  tensor(0.0996, device='cuda:0', grad_fn=<DivBackward0>)
Memory status after this epoch: 
Memory allocated:  201.00390625
Memory cached:  360.0
[I 2024-02-18 10:47:39,756] Trial 160 finished with value: 0.09729784727096558 and parameters: {'W_layers': 4, 'W_layer_units_exponent_0': 4, 'W_layer_units_exponent_1': 8, 'W_layer_units_exponent_2': 6, 'W_layer_units_exponent_3': 6, 'D_layers': 8, 'D_layer_units_exponent_0': 8, 'D_layer_units_exponent_1': 10, 'D_layer_units_exponent_2': 7, 'D_layer_units_exponent_3': 10, 'D_layer_units_exponent_4': 7, 'D_layer_units_exponent_5': 5, 'D_layer_units_exponent_6': 10, 'D_layer_units_exponent_7': 8, 'D_dagger_layers': 5, 'D_dagger_layer_units_exponent_0': 7, 'D_dagger_layer_units_exponent_1': 8, 'D_dagger_layer_units_exponent_2': 7, 'D_dagger_layer_units_exponent_3': 5, 'D_dagger_layer_units_exponent_4': 7, 'log_learning_rate': -1.7510598130545612, 'log_learning_rate_D': -1.8581106867299473, 'log_learning_rate_D_dagger': -2.500783571132578, 'training_batch_size': 8, 'training_p': 2}. Best is trial 151 with value: 0.0829155370593071.
Time for this trial:  22.56268572807312
Memory status after this trial: 
Memory allocated:  423.04443359375
Memory cached:  436.0
--------------------  Trial  161   --------------------
Start timing: 
Parameters: 
{'W_layers': 2, 'W_layer_units_exponent_0': 4, 'W_layer_units_exponent_1': 8, 'D_layers': 8, 'D_layer_units_exponent_0': 8, 'D_layer_units_exponent_1': 10, 'D_layer_units_exponent_2': 8, 'D_layer_units_exponent_3': 9, 'D_layer_units_exponent_4': 6, 'D_layer_units_exponent_5': 7, 'D_layer_units_exponent_6': 8, 'D_layer_units_exponent_7': 6, 'D_dagger_layers': 6, 'D_dagger_layer_units_exponent_0': 7, 'D_dagger_layer_units_exponent_1': 4, 'D_dagger_layer_units_exponent_2': 8, 'D_dagger_layer_units_exponent_3': 6, 'D_dagger_layer_units_exponent_4': 6, 'D_dagger_layer_units_exponent_5': 8, 'log_learning_rate': -1.9000556797500507, 'log_learning_rate_D': -1.7197406781187057, 'log_learning_rate_D_dagger': -2.5636335374854387, 'training_batch_size': 9, 'training_p': 2}
	 epoch  0 training error:  tensor(1.2138, device='cuda:0', grad_fn=<DivBackward0>)
Memory status after this epoch: 
Memory allocated:  199.52197265625
Memory cached:  360.0
	 epoch  10 training error:  tensor(0.4403, device='cuda:0', grad_fn=<DivBackward0>)
Memory status after this epoch: 
Memory allocated:  199.52197265625
Memory cached:  360.0
	 epoch  20 training error:  tensor(0.1746, device='cuda:0', grad_fn=<DivBackward0>)
Memory status after this epoch: 
Memory allocated:  199.52197265625
Memory cached:  360.0
	 epoch  30 training error:  tensor(0.1490, device='cuda:0', grad_fn=<DivBackward0>)
Memory status after this epoch: 
Memory allocated:  199.52197265625
Memory cached:  360.0
	 epoch  40 training error:  tensor(0.1238, device='cuda:0', grad_fn=<DivBackward0>)
Memory status after this epoch: 
Memory allocated:  199.52197265625
Memory cached:  360.0
	 epoch  50 training error:  tensor(0.0955, device='cuda:0', grad_fn=<DivBackward0>)
Memory status after this epoch: 
Memory allocated:  199.52197265625
Memory cached:  360.0
	 epoch  60 training error:  tensor(0.1009, device='cuda:0', grad_fn=<DivBackward0>)
Memory status after this epoch: 
Memory allocated:  199.52197265625
Memory cached:  360.0
	 epoch  70 training error:  tensor(0.1050, device='cuda:0', grad_fn=<DivBackward0>)
Memory status after this epoch: 
Memory allocated:  199.52197265625
Memory cached:  360.0
	 epoch  80 training error:  tensor(0.0996, device='cuda:0', grad_fn=<DivBackward0>)
Memory status after this epoch: 
Memory allocated:  199.52197265625
Memory cached:  360.0
	 epoch  90 training error:  tensor(0.0927, device='cuda:0', grad_fn=<DivBackward0>)
Memory status after this epoch: 
Memory allocated:  199.52197265625
Memory cached:  360.0
[I 2024-02-18 10:47:59,491] Trial 161 finished with value: 0.0907164141535759 and parameters: {'W_layers': 2, 'W_layer_units_exponent_0': 4, 'W_layer_units_exponent_1': 8, 'D_layers': 8, 'D_layer_units_exponent_0': 8, 'D_layer_units_exponent_1': 10, 'D_layer_units_exponent_2': 8, 'D_layer_units_exponent_3': 9, 'D_layer_units_exponent_4': 6, 'D_layer_units_exponent_5': 7, 'D_layer_units_exponent_6': 8, 'D_layer_units_exponent_7': 6, 'D_dagger_layers': 6, 'D_dagger_layer_units_exponent_0': 7, 'D_dagger_layer_units_exponent_1': 4, 'D_dagger_layer_units_exponent_2': 8, 'D_dagger_layer_units_exponent_3': 6, 'D_dagger_layer_units_exponent_4': 6, 'D_dagger_layer_units_exponent_5': 8, 'log_learning_rate': -1.9000556797500507, 'log_learning_rate_D': -1.7197406781187057, 'log_learning_rate_D_dagger': -2.5636335374854387, 'training_batch_size': 9, 'training_p': 2}. Best is trial 151 with value: 0.0829155370593071.
Time for this trial:  19.351372718811035
Memory status after this trial: 
Memory allocated:  409.47216796875
Memory cached:  436.0
--------------------  Trial  162   --------------------
Start timing: 
Parameters: 
{'W_layers': 4, 'W_layer_units_exponent_0': 4, 'W_layer_units_exponent_1': 8, 'W_layer_units_exponent_2': 6, 'W_layer_units_exponent_3': 6, 'D_layers': 8, 'D_layer_units_exponent_0': 8, 'D_layer_units_exponent_1': 10, 'D_layer_units_exponent_2': 8, 'D_layer_units_exponent_3': 8, 'D_layer_units_exponent_4': 10, 'D_layer_units_exponent_5': 6, 'D_layer_units_exponent_6': 10, 'D_layer_units_exponent_7': 7, 'D_dagger_layers': 4, 'D_dagger_layer_units_exponent_0': 7, 'D_dagger_layer_units_exponent_1': 4, 'D_dagger_layer_units_exponent_2': 9, 'D_dagger_layer_units_exponent_3': 6, 'log_learning_rate': -1.791433462916699, 'log_learning_rate_D': -2.133024681321856, 'log_learning_rate_D_dagger': -2.7276462389223615, 'training_batch_size': 9, 'training_p': 2}
	 epoch  0 training error:  tensor(1.1503, device='cuda:0', grad_fn=<DivBackward0>)
Memory status after this epoch: 
Memory allocated:  201.244140625
Memory cached:  360.0
	 epoch  10 training error:  tensor(0.2576, device='cuda:0', grad_fn=<DivBackward0>)
Memory status after this epoch: 
Memory allocated:  201.244140625
Memory cached:  360.0
	 epoch  20 training error:  tensor(0.1614, device='cuda:0', grad_fn=<DivBackward0>)
Memory status after this epoch: 
Memory allocated:  201.244140625
Memory cached:  360.0
	 epoch  30 training error:  tensor(0.1112, device='cuda:0', grad_fn=<DivBackward0>)
Memory status after this epoch: 
Memory allocated:  201.244140625
Memory cached:  360.0
	 epoch  40 training error:  tensor(0.0993, device='cuda:0', grad_fn=<DivBackward0>)
Memory status after this epoch: 
Memory allocated:  201.244140625
Memory cached:  360.0
	 epoch  50 training error:  tensor(0.1113, device='cuda:0', grad_fn=<DivBackward0>)
Memory status after this epoch: 
Memory allocated:  201.244140625
Memory cached:  360.0
	 epoch  60 training error:  tensor(0.0934, device='cuda:0', grad_fn=<DivBackward0>)
Memory status after this epoch: 
Memory allocated:  201.244140625
Memory cached:  360.0
	 epoch  70 training error:  tensor(0.0924, device='cuda:0', grad_fn=<DivBackward0>)
Memory status after this epoch: 
Memory allocated:  201.244140625
Memory cached:  360.0
	 epoch  80 training error:  tensor(0.0849, device='cuda:0', grad_fn=<DivBackward0>)
Memory status after this epoch: 
Memory allocated:  201.244140625
Memory cached:  360.0
	 epoch  90 training error:  tensor(0.0927, device='cuda:0', grad_fn=<DivBackward0>)
Memory status after this epoch: 
Memory allocated:  201.244140625
Memory cached:  360.0
[I 2024-02-18 10:48:19,390] Trial 162 finished with value: 0.0869986042380333 and parameters: {'W_layers': 4, 'W_layer_units_exponent_0': 4, 'W_layer_units_exponent_1': 8, 'W_layer_units_exponent_2': 6, 'W_layer_units_exponent_3': 6, 'D_layers': 8, 'D_layer_units_exponent_0': 8, 'D_layer_units_exponent_1': 10, 'D_layer_units_exponent_2': 8, 'D_layer_units_exponent_3': 8, 'D_layer_units_exponent_4': 10, 'D_layer_units_exponent_5': 6, 'D_layer_units_exponent_6': 10, 'D_layer_units_exponent_7': 7, 'D_dagger_layers': 4, 'D_dagger_layer_units_exponent_0': 7, 'D_dagger_layer_units_exponent_1': 4, 'D_dagger_layer_units_exponent_2': 9, 'D_dagger_layer_units_exponent_3': 6, 'log_learning_rate': -1.791433462916699, 'log_learning_rate_D': -2.133024681321856, 'log_learning_rate_D_dagger': -2.7276462389223615, 'training_batch_size': 9, 'training_p': 2}. Best is trial 151 with value: 0.0829155370593071.
Time for this trial:  19.50559401512146
Memory status after this trial: 
Memory allocated:  434.73681640625
Memory cached:  468.0
--------------------  Trial  163   --------------------
Start timing: 
Parameters: 
{'W_layers': 3, 'W_layer_units_exponent_0': 4, 'W_layer_units_exponent_1': 8, 'W_layer_units_exponent_2': 6, 'D_layers': 8, 'D_layer_units_exponent_0': 7, 'D_layer_units_exponent_1': 10, 'D_layer_units_exponent_2': 7, 'D_layer_units_exponent_3': 8, 'D_layer_units_exponent_4': 6, 'D_layer_units_exponent_5': 7, 'D_layer_units_exponent_6': 8, 'D_layer_units_exponent_7': 8, 'D_dagger_layers': 5, 'D_dagger_layer_units_exponent_0': 7, 'D_dagger_layer_units_exponent_1': 4, 'D_dagger_layer_units_exponent_2': 7, 'D_dagger_layer_units_exponent_3': 8, 'D_dagger_layer_units_exponent_4': 5, 'log_learning_rate': -1.573062670323744, 'log_learning_rate_D': -2.022692235444005, 'log_learning_rate_D_dagger': -2.9378226998386068, 'training_batch_size': 9, 'training_p': 2}
	 epoch  0 training error:  tensor(1.4245, device='cuda:0', grad_fn=<DivBackward0>)
Memory status after this epoch: 
Memory allocated:  198.54638671875
Memory cached:  360.0
	 epoch  10 training error:  tensor(0.2465, device='cuda:0', grad_fn=<DivBackward0>)
Memory status after this epoch: 
Memory allocated:  198.54638671875
Memory cached:  360.0
	 epoch  20 training error:  tensor(0.2474, device='cuda:0', grad_fn=<DivBackward0>)
Memory status after this epoch: 
Memory allocated:  198.54638671875
Memory cached:  360.0
	 epoch  30 training error:  tensor(0.1638, device='cuda:0', grad_fn=<DivBackward0>)
Memory status after this epoch: 
Memory allocated:  198.54638671875
Memory cached:  360.0
	 epoch  40 training error:  tensor(0.1251, device='cuda:0', grad_fn=<DivBackward0>)
Memory status after this epoch: 
Memory allocated:  198.54638671875
Memory cached:  360.0
	 epoch  50 training error:  tensor(0.0950, device='cuda:0', grad_fn=<DivBackward0>)
Memory status after this epoch: 
Memory allocated:  198.54638671875
Memory cached:  360.0
	 epoch  60 training error:  tensor(0.0892, device='cuda:0', grad_fn=<DivBackward0>)
Memory status after this epoch: 
Memory allocated:  198.54638671875
Memory cached:  360.0
	 epoch  70 training error:  tensor(0.0846, device='cuda:0', grad_fn=<DivBackward0>)
Memory status after this epoch: 
Memory allocated:  198.54638671875
Memory cached:  360.0
	 epoch  80 training error:  tensor(0.0832, device='cuda:0', grad_fn=<DivBackward0>)
Memory status after this epoch: 
Memory allocated:  198.54638671875
Memory cached:  360.0
	 epoch  90 training error:  tensor(0.0822, device='cuda:0', grad_fn=<DivBackward0>)
Memory status after this epoch: 
Memory allocated:  198.54638671875
Memory cached:  360.0
