[I 2024-02-17 04:47:05,865] Trial 83 finished with value: 0.07208751887083054 and parameters: {'W_layers': 6, 'W_layer_units_exponent_0': 5, 'W_layer_units_exponent_1': 6, 'W_layer_units_exponent_2': 9, 'W_layer_units_exponent_3': 4, 'W_layer_units_exponent_4': 9, 'W_layer_units_exponent_5': 4, 'D_layers': 6, 'D_layer_units_exponent_0': 6, 'D_layer_units_exponent_1': 10, 'D_layer_units_exponent_2': 9, 'D_layer_units_exponent_3': 4, 'D_layer_units_exponent_4': 6, 'D_layer_units_exponent_5': 8, 'D_dagger_layers': 2, 'D_dagger_layer_units_exponent_0': 7, 'D_dagger_layer_units_exponent_1': 10, 'log_learning_rate': -4.484393449962558, 'log_learning_rate_D': -4.806245085614968, 'log_learning_rate_D_dagger': -3.8012046396489563, 'training_batch_size': 6, 'training_p': 4}. Best is trial 67 with value: 0.07194268703460693.
Time for this trial:  804.948237657547
Memory status after this trial: 
Memory allocated:  1635.69091796875
Memory cached:  1650.0
--------------------  Trial  84   --------------------
Start timing: 
Parameters: 
{'W_layers': 6, 'W_layer_units_exponent_0': 5, 'W_layer_units_exponent_1': 6, 'W_layer_units_exponent_2': 8, 'W_layer_units_exponent_3': 4, 'W_layer_units_exponent_4': 9, 'W_layer_units_exponent_5': 4, 'D_layers': 6, 'D_layer_units_exponent_0': 6, 'D_layer_units_exponent_1': 10, 'D_layer_units_exponent_2': 9, 'D_layer_units_exponent_3': 4, 'D_layer_units_exponent_4': 6, 'D_layer_units_exponent_5': 8, 'D_dagger_layers': 2, 'D_dagger_layer_units_exponent_0': 7, 'D_dagger_layer_units_exponent_1': 9, 'log_learning_rate': -4.491033592033423, 'log_learning_rate_D': -4.815514022451663, 'log_learning_rate_D_dagger': -3.725270369594916, 'training_batch_size': 6, 'training_p': 4}
	 epoch  0 training error:  tensor(0.6780, device='cuda:0', grad_fn=<DivBackward0>)
Memory status after this epoch: 
Memory allocated:  777.966796875
Memory cached:  1198.0
	 epoch  10 training error:  tensor(0.1697, device='cuda:0', grad_fn=<DivBackward0>)
Memory status after this epoch: 
Memory allocated:  777.966796875
Memory cached:  1210.0
	 epoch  20 training error:  tensor(0.1370, device='cuda:0', grad_fn=<DivBackward0>)
Memory status after this epoch: 
Memory allocated:  777.966796875
Memory cached:  1206.0
	 epoch  30 training error:  tensor(0.1166, device='cuda:0', grad_fn=<DivBackward0>)
Memory status after this epoch: 
Memory allocated:  777.966796875
Memory cached:  1208.0
	 epoch  40 training error:  tensor(0.1036, device='cuda:0', grad_fn=<DivBackward0>)
Memory status after this epoch: 
Memory allocated:  777.966796875
Memory cached:  1206.0
	 epoch  50 training error:  tensor(0.0953, device='cuda:0', grad_fn=<DivBackward0>)
Memory status after this epoch: 
Memory allocated:  777.966796875
Memory cached:  1208.0
	 epoch  60 training error:  tensor(0.0943, device='cuda:0', grad_fn=<DivBackward0>)
Memory status after this epoch: 
Memory allocated:  777.966796875
Memory cached:  1210.0
	 epoch  70 training error:  tensor(0.0921, device='cuda:0', grad_fn=<DivBackward0>)
Memory status after this epoch: 
Memory allocated:  777.966796875
Memory cached:  1202.0
	 epoch  80 training error:  tensor(0.0924, device='cuda:0', grad_fn=<DivBackward0>)
Memory status after this epoch: 
Memory allocated:  777.966796875
Memory cached:  1210.0
	 epoch  90 training error:  tensor(0.0935, device='cuda:0', grad_fn=<DivBackward0>)
Memory status after this epoch: 
Memory allocated:  777.966796875
Memory cached:  1210.0
[I 2024-02-17 05:00:23,836] Trial 84 finished with value: 0.07475491613149643 and parameters: {'W_layers': 6, 'W_layer_units_exponent_0': 5, 'W_layer_units_exponent_1': 6, 'W_layer_units_exponent_2': 8, 'W_layer_units_exponent_3': 4, 'W_layer_units_exponent_4': 9, 'W_layer_units_exponent_5': 4, 'D_layers': 6, 'D_layer_units_exponent_0': 6, 'D_layer_units_exponent_1': 10, 'D_layer_units_exponent_2': 9, 'D_layer_units_exponent_3': 4, 'D_layer_units_exponent_4': 6, 'D_layer_units_exponent_5': 8, 'D_dagger_layers': 2, 'D_dagger_layer_units_exponent_0': 7, 'D_dagger_layer_units_exponent_1': 9, 'log_learning_rate': -4.491033592033423, 'log_learning_rate_D': -4.815514022451663, 'log_learning_rate_D_dagger': -3.725270369594916, 'training_batch_size': 6, 'training_p': 4}. Best is trial 67 with value: 0.07194268703460693.
Time for this trial:  797.4153909683228
Memory status after this trial: 
Memory allocated:  1486.58740234375
Memory cached:  1500.0
--------------------  Trial  85   --------------------
Start timing: 
Parameters: 
{'W_layers': 6, 'W_layer_units_exponent_0': 5, 'W_layer_units_exponent_1': 6, 'W_layer_units_exponent_2': 9, 'W_layer_units_exponent_3': 4, 'W_layer_units_exponent_4': 9, 'W_layer_units_exponent_5': 4, 'D_layers': 5, 'D_layer_units_exponent_0': 6, 'D_layer_units_exponent_1': 10, 'D_layer_units_exponent_2': 9, 'D_layer_units_exponent_3': 4, 'D_layer_units_exponent_4': 7, 'D_dagger_layers': 3, 'D_dagger_layer_units_exponent_0': 7, 'D_dagger_layer_units_exponent_1': 10, 'D_dagger_layer_units_exponent_2': 7, 'log_learning_rate': -4.6724364565651735, 'log_learning_rate_D': -4.976913364025351, 'log_learning_rate_D_dagger': -4.031129409128715, 'training_batch_size': 7, 'training_p': 5}
	 epoch  0 training error:  tensor(0.9945, device='cuda:0', grad_fn=<DivBackward0>)
Memory status after this epoch: 
Memory allocated:  780.947265625
Memory cached:  1184.0
	 epoch  10 training error:  tensor(0.2057, device='cuda:0', grad_fn=<DivBackward0>)
Memory status after this epoch: 
Memory allocated:  780.947265625
Memory cached:  1208.0
	 epoch  20 training error:  tensor(0.1503, device='cuda:0', grad_fn=<DivBackward0>)
Memory status after this epoch: 
Memory allocated:  780.947265625
Memory cached:  1216.0
	 epoch  30 training error:  tensor(0.1271, device='cuda:0', grad_fn=<DivBackward0>)
Memory status after this epoch: 
Memory allocated:  780.947265625
Memory cached:  1212.0
	 epoch  40 training error:  tensor(0.1180, device='cuda:0', grad_fn=<DivBackward0>)
Memory status after this epoch: 
Memory allocated:  780.947265625
Memory cached:  1214.0
	 epoch  50 training error:  tensor(0.1202, device='cuda:0', grad_fn=<DivBackward0>)
Memory status after this epoch: 
Memory allocated:  780.947265625
Memory cached:  1208.0
	 epoch  60 training error:  tensor(0.1159, device='cuda:0', grad_fn=<DivBackward0>)
Memory status after this epoch: 
Memory allocated:  780.947265625
Memory cached:  1202.0
	 epoch  70 training error:  tensor(0.1147, device='cuda:0', grad_fn=<DivBackward0>)
Memory status after this epoch: 
Memory allocated:  780.947265625
Memory cached:  1212.0
	 epoch  80 training error:  tensor(0.1162, device='cuda:0', grad_fn=<DivBackward0>)
Memory status after this epoch: 
Memory allocated:  780.947265625
Memory cached:  1202.0
	 epoch  90 training error:  tensor(0.1133, device='cuda:0', grad_fn=<DivBackward0>)
Memory status after this epoch: 
Memory allocated:  780.947265625
Memory cached:  1210.0
[I 2024-02-17 05:09:05,130] Trial 85 finished with value: 0.0880696028470993 and parameters: {'W_layers': 6, 'W_layer_units_exponent_0': 5, 'W_layer_units_exponent_1': 6, 'W_layer_units_exponent_2': 9, 'W_layer_units_exponent_3': 4, 'W_layer_units_exponent_4': 9, 'W_layer_units_exponent_5': 4, 'D_layers': 5, 'D_layer_units_exponent_0': 6, 'D_layer_units_exponent_1': 10, 'D_layer_units_exponent_2': 9, 'D_layer_units_exponent_3': 4, 'D_layer_units_exponent_4': 7, 'D_dagger_layers': 3, 'D_dagger_layer_units_exponent_0': 7, 'D_dagger_layer_units_exponent_1': 10, 'D_dagger_layer_units_exponent_2': 7, 'log_learning_rate': -4.6724364565651735, 'log_learning_rate_D': -4.976913364025351, 'log_learning_rate_D_dagger': -4.031129409128715, 'training_batch_size': 7, 'training_p': 5}. Best is trial 67 with value: 0.07194268703460693.
Time for this trial:  520.828057050705
Memory status after this trial: 
Memory allocated:  1654.41455078125
Memory cached:  1670.0
--------------------  Trial  86   --------------------
Start timing: 
Parameters: 
{'W_layers': 6, 'W_layer_units_exponent_0': 5, 'W_layer_units_exponent_1': 6, 'W_layer_units_exponent_2': 8, 'W_layer_units_exponent_3': 4, 'W_layer_units_exponent_4': 10, 'W_layer_units_exponent_5': 4, 'D_layers': 7, 'D_layer_units_exponent_0': 7, 'D_layer_units_exponent_1': 10, 'D_layer_units_exponent_2': 9, 'D_layer_units_exponent_3': 4, 'D_layer_units_exponent_4': 4, 'D_layer_units_exponent_5': 9, 'D_layer_units_exponent_6': 4, 'D_dagger_layers': 2, 'D_dagger_layer_units_exponent_0': 7, 'D_dagger_layer_units_exponent_1': 10, 'log_learning_rate': -4.2597314420048855, 'log_learning_rate_D': -4.729251910598944, 'log_learning_rate_D_dagger': -3.969545461534456, 'training_batch_size': 6, 'training_p': 4}
	 epoch  0 training error:  tensor(0.7573, device='cuda:0', grad_fn=<DivBackward0>)
Memory status after this epoch: 
Memory allocated:  780.232421875
Memory cached:  1210.0
	 epoch  10 training error:  tensor(0.1582, device='cuda:0', grad_fn=<DivBackward0>)
Memory status after this epoch: 
Memory allocated:  780.232421875
Memory cached:  1244.0
	 epoch  20 training error:  tensor(0.1266, device='cuda:0', grad_fn=<DivBackward0>)
Memory status after this epoch: 
Memory allocated:  780.232421875
Memory cached:  1256.0
	 epoch  30 training error:  tensor(0.1133, device='cuda:0', grad_fn=<DivBackward0>)
Memory status after this epoch: 
Memory allocated:  780.232421875
Memory cached:  1254.0
	 epoch  40 training error:  tensor(0.1096, device='cuda:0', grad_fn=<DivBackward0>)
Memory status after this epoch: 
Memory allocated:  780.232421875
Memory cached:  1248.0
	 epoch  50 training error:  tensor(0.1058, device='cuda:0', grad_fn=<DivBackward0>)
Memory status after this epoch: 
Memory allocated:  780.232421875
Memory cached:  1252.0
	 epoch  60 training error:  tensor(0.0962, device='cuda:0', grad_fn=<DivBackward0>)
Memory status after this epoch: 
Memory allocated:  780.232421875
Memory cached:  1248.0
	 epoch  70 training error:  tensor(0.0936, device='cuda:0', grad_fn=<DivBackward0>)
Memory status after this epoch: 
Memory allocated:  780.232421875
Memory cached:  1254.0
	 epoch  80 training error:  tensor(0.0937, device='cuda:0', grad_fn=<DivBackward0>)
Memory status after this epoch: 
Memory allocated:  780.232421875
Memory cached:  1262.0
	 epoch  90 training error:  tensor(0.0910, device='cuda:0', grad_fn=<DivBackward0>)
Memory status after this epoch: 
Memory allocated:  780.232421875
Memory cached:  1250.0
[I 2024-02-17 05:23:09,863] Trial 86 finished with value: 0.07324714213609695 and parameters: {'W_layers': 6, 'W_layer_units_exponent_0': 5, 'W_layer_units_exponent_1': 6, 'W_layer_units_exponent_2': 8, 'W_layer_units_exponent_3': 4, 'W_layer_units_exponent_4': 10, 'W_layer_units_exponent_5': 4, 'D_layers': 7, 'D_layer_units_exponent_0': 7, 'D_layer_units_exponent_1': 10, 'D_layer_units_exponent_2': 9, 'D_layer_units_exponent_3': 4, 'D_layer_units_exponent_4': 4, 'D_layer_units_exponent_5': 9, 'D_layer_units_exponent_6': 4, 'D_dagger_layers': 2, 'D_dagger_layer_units_exponent_0': 7, 'D_dagger_layer_units_exponent_1': 10, 'log_learning_rate': -4.2597314420048855, 'log_learning_rate_D': -4.729251910598944, 'log_learning_rate_D_dagger': -3.969545461534456, 'training_batch_size': 6, 'training_p': 4}. Best is trial 67 with value: 0.07194268703460693.
Time for this trial:  844.1974730491638
Memory status after this trial: 
Memory allocated:  1759.00439453125
Memory cached:  1774.0
--------------------  Trial  87   --------------------
Start timing: 
Parameters: 
{'W_layers': 6, 'W_layer_units_exponent_0': 5, 'W_layer_units_exponent_1': 6, 'W_layer_units_exponent_2': 9, 'W_layer_units_exponent_3': 5, 'W_layer_units_exponent_4': 10, 'W_layer_units_exponent_5': 4, 'D_layers': 7, 'D_layer_units_exponent_0': 7, 'D_layer_units_exponent_1': 10, 'D_layer_units_exponent_2': 9, 'D_layer_units_exponent_3': 5, 'D_layer_units_exponent_4': 4, 'D_layer_units_exponent_5': 9, 'D_layer_units_exponent_6': 4, 'D_dagger_layers': 5, 'D_dagger_layer_units_exponent_0': 7, 'D_dagger_layer_units_exponent_1': 10, 'D_dagger_layer_units_exponent_2': 5, 'D_dagger_layer_units_exponent_3': 4, 'D_dagger_layer_units_exponent_4': 7, 'log_learning_rate': -4.232437780877739, 'log_learning_rate_D': -4.693048897300052, 'log_learning_rate_D_dagger': -3.992273016777721, 'training_batch_size': 6, 'training_p': 4}
	 epoch  0 training error:  tensor(0.8989, device='cuda:0', grad_fn=<DivBackward0>)
Memory status after this epoch: 
Memory allocated:  781.583984375
Memory cached:  1224.0
	 epoch  10 training error:  tensor(0.1844, device='cuda:0', grad_fn=<DivBackward0>)
Memory status after this epoch: 
Memory allocated:  781.583984375
Memory cached:  1280.0
	 epoch  20 training error:  tensor(0.1265, device='cuda:0', grad_fn=<DivBackward0>)
Memory status after this epoch: 
Memory allocated:  781.583984375
Memory cached:  1282.0
	 epoch  30 training error:  tensor(0.1038, device='cuda:0', grad_fn=<DivBackward0>)
Memory status after this epoch: 
Memory allocated:  781.583984375
Memory cached:  1286.0
	 epoch  40 training error:  tensor(0.1016, device='cuda:0', grad_fn=<DivBackward0>)
Memory status after this epoch: 
Memory allocated:  781.583984375
Memory cached:  1288.0
	 epoch  50 training error:  tensor(0.1001, device='cuda:0', grad_fn=<DivBackward0>)
Memory status after this epoch: 
Memory allocated:  781.583984375
Memory cached:  1296.0
	 epoch  60 training error:  tensor(0.1003, device='cuda:0', grad_fn=<DivBackward0>)
Memory status after this epoch: 
Memory allocated:  781.583984375
Memory cached:  1286.0
	 epoch  70 training error:  tensor(0.0993, device='cuda:0', grad_fn=<DivBackward0>)
Memory status after this epoch: 
Memory allocated:  781.583984375
Memory cached:  1292.0
	 epoch  80 training error:  tensor(0.0991, device='cuda:0', grad_fn=<DivBackward0>)
Memory status after this epoch: 
Memory allocated:  781.583984375
Memory cached:  1290.0
	 epoch  90 training error:  tensor(0.0983, device='cuda:0', grad_fn=<DivBackward0>)
Memory status after this epoch: 
Memory allocated:  781.583984375
Memory cached:  1284.0
[I 2024-02-17 05:39:04,071] Trial 87 finished with value: 0.08330228179693222 and parameters: {'W_layers': 6, 'W_layer_units_exponent_0': 5, 'W_layer_units_exponent_1': 6, 'W_layer_units_exponent_2': 9, 'W_layer_units_exponent_3': 5, 'W_layer_units_exponent_4': 10, 'W_layer_units_exponent_5': 4, 'D_layers': 7, 'D_layer_units_exponent_0': 7, 'D_layer_units_exponent_1': 10, 'D_layer_units_exponent_2': 9, 'D_layer_units_exponent_3': 5, 'D_layer_units_exponent_4': 4, 'D_layer_units_exponent_5': 9, 'D_layer_units_exponent_6': 4, 'D_dagger_layers': 5, 'D_dagger_layer_units_exponent_0': 7, 'D_dagger_layer_units_exponent_1': 10, 'D_dagger_layer_units_exponent_2': 5, 'D_dagger_layer_units_exponent_3': 4, 'D_dagger_layer_units_exponent_4': 7, 'log_learning_rate': -4.232437780877739, 'log_learning_rate_D': -4.693048897300052, 'log_learning_rate_D_dagger': -3.992273016777721, 'training_batch_size': 6, 'training_p': 4}. Best is trial 67 with value: 0.07194268703460693.
Time for this trial:  953.6204736232758
Memory status after this trial: 
Memory allocated:  1886.11083984375
Memory cached:  1902.0
--------------------  Trial  88   --------------------
Start timing: 
Parameters: 
{'W_layers': 6, 'W_layer_units_exponent_0': 5, 'W_layer_units_exponent_1': 6, 'W_layer_units_exponent_2': 8, 'W_layer_units_exponent_3': 4, 'W_layer_units_exponent_4': 10, 'W_layer_units_exponent_5': 4, 'D_layers': 7, 'D_layer_units_exponent_0': 5, 'D_layer_units_exponent_1': 9, 'D_layer_units_exponent_2': 8, 'D_layer_units_exponent_3': 4, 'D_layer_units_exponent_4': 4, 'D_layer_units_exponent_5': 8, 'D_layer_units_exponent_6': 6, 'D_dagger_layers': 2, 'D_dagger_layer_units_exponent_0': 9, 'D_dagger_layer_units_exponent_1': 9, 'log_learning_rate': -4.35454675911496, 'log_learning_rate_D': -4.770596179572215, 'log_learning_rate_D_dagger': -3.470653832017375, 'training_batch_size': 6, 'training_p': 4}
	 epoch  0 training error:  tensor(0.5311, device='cuda:0', grad_fn=<DivBackward0>)
Memory status after this epoch: 
Memory allocated:  774.46875
Memory cached:  1194.0
	 epoch  10 training error:  tensor(0.1126, device='cuda:0', grad_fn=<DivBackward0>)
Memory status after this epoch: 
Memory allocated:  774.46875
Memory cached:  1228.0
	 epoch  20 training error:  tensor(0.1189, device='cuda:0', grad_fn=<DivBackward0>)
Memory status after this epoch: 
Memory allocated:  774.46875
Memory cached:  1214.0
	 epoch  30 training error:  tensor(0.1214, device='cuda:0', grad_fn=<DivBackward0>)
Memory status after this epoch: 
Memory allocated:  774.46875
Memory cached:  1222.0
	 epoch  40 training error:  tensor(0.1164, device='cuda:0', grad_fn=<DivBackward0>)
Memory status after this epoch: 
Memory allocated:  774.46875
Memory cached:  1220.0
	 epoch  50 training error:  tensor(0.1087, device='cuda:0', grad_fn=<DivBackward0>)
Memory status after this epoch: 
Memory allocated:  774.46875
Memory cached:  1226.0
	 epoch  60 training error:  tensor(0.1039, device='cuda:0', grad_fn=<DivBackward0>)
Memory status after this epoch: 
Memory allocated:  774.46875
Memory cached:  1218.0
	 epoch  70 training error:  tensor(0.1052, device='cuda:0', grad_fn=<DivBackward0>)
Memory status after this epoch: 
Memory allocated:  774.46875
Memory cached:  1220.0
	 epoch  80 training error:  tensor(0.1052, device='cuda:0', grad_fn=<DivBackward0>)
Memory status after this epoch: 
Memory allocated:  774.46875
Memory cached:  1222.0
	 epoch  90 training error:  tensor(0.1103, device='cuda:0', grad_fn=<DivBackward0>)
Memory status after this epoch: 
Memory allocated:  774.46875
Memory cached:  1218.0
[I 2024-02-17 05:53:02,002] Trial 88 finished with value: 0.08489438146352768 and parameters: {'W_layers': 6, 'W_layer_units_exponent_0': 5, 'W_layer_units_exponent_1': 6, 'W_layer_units_exponent_2': 8, 'W_layer_units_exponent_3': 4, 'W_layer_units_exponent_4': 10, 'W_layer_units_exponent_5': 4, 'D_layers': 7, 'D_layer_units_exponent_0': 5, 'D_layer_units_exponent_1': 9, 'D_layer_units_exponent_2': 8, 'D_layer_units_exponent_3': 4, 'D_layer_units_exponent_4': 4, 'D_layer_units_exponent_5': 8, 'D_layer_units_exponent_6': 6, 'D_dagger_layers': 2, 'D_dagger_layer_units_exponent_0': 9, 'D_dagger_layer_units_exponent_1': 9, 'log_learning_rate': -4.35454675911496, 'log_learning_rate_D': -4.770596179572215, 'log_learning_rate_D_dagger': -3.470653832017375, 'training_batch_size': 6, 'training_p': 4}. Best is trial 67 with value: 0.07194268703460693.
Time for this trial:  837.3785483837128
Memory status after this trial: 
Memory allocated:  1516.23974609375
Memory cached:  1536.0
--------------------  Trial  89   --------------------
Start timing: 
Parameters: 
{'W_layers': 5, 'W_layer_units_exponent_0': 5, 'W_layer_units_exponent_1': 6, 'W_layer_units_exponent_2': 9, 'W_layer_units_exponent_3': 4, 'W_layer_units_exponent_4': 8, 'D_layers': 8, 'D_layer_units_exponent_0': 7, 'D_layer_units_exponent_1': 10, 'D_layer_units_exponent_2': 9, 'D_layer_units_exponent_3': 5, 'D_layer_units_exponent_4': 6, 'D_layer_units_exponent_5': 9, 'D_layer_units_exponent_6': 6, 'D_layer_units_exponent_7': 4, 'D_dagger_layers': 3, 'D_dagger_layer_units_exponent_0': 6, 'D_dagger_layer_units_exponent_1': 10, 'D_dagger_layer_units_exponent_2': 6, 'log_learning_rate': -4.444246413078481, 'log_learning_rate_D': -4.6002754790484, 'log_learning_rate_D_dagger': -4.185056925603085, 'training_batch_size': 7, 'training_p': 3}
	 epoch  0 training error:  tensor(0.9557, device='cuda:0', grad_fn=<DivBackward0>)
Memory status after this epoch: 
Memory allocated:  780.90625
Memory cached:  1168.0
	 epoch  10 training error:  tensor(0.1895, device='cuda:0', grad_fn=<DivBackward0>)
Memory status after this epoch: 
Memory allocated:  780.90625
Memory cached:  1192.0
	 epoch  20 training error:  tensor(0.1425, device='cuda:0', grad_fn=<DivBackward0>)
Memory status after this epoch: 
Memory allocated:  780.90625
Memory cached:  1188.0
	 epoch  30 training error:  tensor(0.1355, device='cuda:0', grad_fn=<DivBackward0>)
Memory status after this epoch: 
Memory allocated:  780.90625
Memory cached:  1186.0
	 epoch  40 training error:  tensor(0.1282, device='cuda:0', grad_fn=<DivBackward0>)
Memory status after this epoch: 
Memory allocated:  780.90625
Memory cached:  1202.0
	 epoch  50 training error:  tensor(0.1203, device='cuda:0', grad_fn=<DivBackward0>)
Memory status after this epoch: 
Memory allocated:  780.90625
Memory cached:  1180.0
	 epoch  60 training error:  tensor(0.1121, device='cuda:0', grad_fn=<DivBackward0>)
Memory status after this epoch: 
Memory allocated:  780.90625
Memory cached:  1186.0
	 epoch  70 training error:  tensor(0.1054, device='cuda:0', grad_fn=<DivBackward0>)
Memory status after this epoch: 
Memory allocated:  780.90625
Memory cached:  1184.0
	 epoch  80 training error:  tensor(0.1020, device='cuda:0', grad_fn=<DivBackward0>)
Memory status after this epoch: 
Memory allocated:  780.90625
Memory cached:  1192.0
	 epoch  90 training error:  tensor(0.1006, device='cuda:0', grad_fn=<DivBackward0>)
Memory status after this epoch: 
Memory allocated:  780.90625
Memory cached:  1186.0
