[I 2023-12-03 07:58:32,400] Trial 48 finished with value: 0.02622307278215885 and parameters: {'W_layers': 5, 'W_layer_units_exponent_0': 10, 'W_layer_units_exponent_1': 8, 'W_layer_units_exponent_2': 6, 'W_layer_units_exponent_3': 4, 'W_layer_units_exponent_4': 8, 'D_layers': 5, 'D_layer_units_exponent_0': 4, 'D_layer_units_exponent_1': 10, 'D_layer_units_exponent_2': 6, 'D_layer_units_exponent_3': 7, 'D_layer_units_exponent_4': 8, 'D_dagger_layers': 7, 'D_dagger_layer_units_exponent_0': 5, 'D_dagger_layer_units_exponent_1': 7, 'D_dagger_layer_units_exponent_2': 7, 'D_dagger_layer_units_exponent_3': 4, 'D_dagger_layer_units_exponent_4': 5, 'D_dagger_layer_units_exponent_5': 8, 'D_dagger_layer_units_exponent_6': 10, 'log_learning_rate': -4.356083777548173, 'log_learning_rate_D': -3.321989440757865, 'log_learning_rate_D_dagger': -3.3336121812012327, 'training_batch_size': 6, 'training_p': 5}. Best is trial 16 with value: 0.016163093969225883.
Time for this trial:  386.86847019195557
Memory status after this trial: 
Memory allocated:  507.61865234375
Memory cached:  532.0
--------------------  Trial  49   --------------------
Start timing: 
Parameters: 
{'W_layers': 3, 'W_layer_units_exponent_0': 8, 'W_layer_units_exponent_1': 10, 'W_layer_units_exponent_2': 6, 'D_layers': 6, 'D_layer_units_exponent_0': 4, 'D_layer_units_exponent_1': 10, 'D_layer_units_exponent_2': 6, 'D_layer_units_exponent_3': 7, 'D_layer_units_exponent_4': 9, 'D_layer_units_exponent_5': 9, 'D_dagger_layers': 8, 'D_dagger_layer_units_exponent_0': 5, 'D_dagger_layer_units_exponent_1': 7, 'D_dagger_layer_units_exponent_2': 7, 'D_dagger_layer_units_exponent_3': 5, 'D_dagger_layer_units_exponent_4': 4, 'D_dagger_layer_units_exponent_5': 8, 'D_dagger_layer_units_exponent_6': 10, 'D_dagger_layer_units_exponent_7': 10, 'log_learning_rate': -4.386968336761545, 'log_learning_rate_D': -3.186514045768093, 'log_learning_rate_D_dagger': -3.5098823587241315, 'training_batch_size': 7, 'training_p': 5}
	 epoch  0 training error:  tensor(0.9956, device='cuda:0', grad_fn=<DivBackward0>)
Memory status after this epoch: 
Memory allocated:  293.74072265625
Memory cached:  528.0
	 epoch  10 training error:  tensor(0.2076, device='cuda:0', grad_fn=<DivBackward0>)
Memory status after this epoch: 
Memory allocated:  293.74072265625
Memory cached:  572.0
	 epoch  20 training error:  tensor(0.1552, device='cuda:0', grad_fn=<DivBackward0>)
Memory status after this epoch: 
Memory allocated:  293.74072265625
Memory cached:  582.0
	 epoch  30 training error:  tensor(0.1466, device='cuda:0', grad_fn=<DivBackward0>)
Memory status after this epoch: 
Memory allocated:  293.74072265625
Memory cached:  590.0
	 epoch  40 training error:  tensor(0.1380, device='cuda:0', grad_fn=<DivBackward0>)
Memory status after this epoch: 
Memory allocated:  293.74072265625
Memory cached:  596.0
	 epoch  50 training error:  tensor(0.1347, device='cuda:0', grad_fn=<DivBackward0>)
Memory status after this epoch: 
Memory allocated:  293.74072265625
Memory cached:  590.0
	 epoch  60 training error:  tensor(0.1332, device='cuda:0', grad_fn=<DivBackward0>)
Memory status after this epoch: 
Memory allocated:  293.74072265625
Memory cached:  596.0
	 epoch  70 training error:  tensor(0.1317, device='cuda:0', grad_fn=<DivBackward0>)
Memory status after this epoch: 
Memory allocated:  293.74072265625
Memory cached:  606.0
	 epoch  80 training error:  tensor(0.1295, device='cuda:0', grad_fn=<DivBackward0>)
Memory status after this epoch: 
Memory allocated:  293.74072265625
Memory cached:  600.0
	 epoch  90 training error:  tensor(0.1209, device='cuda:0', grad_fn=<DivBackward0>)
Memory status after this epoch: 
Memory allocated:  293.74072265625
Memory cached:  600.0
[I 2023-12-03 08:02:26,669] Trial 49 finished with value: 0.06381074339151382 and parameters: {'W_layers': 3, 'W_layer_units_exponent_0': 8, 'W_layer_units_exponent_1': 10, 'W_layer_units_exponent_2': 6, 'D_layers': 6, 'D_layer_units_exponent_0': 4, 'D_layer_units_exponent_1': 10, 'D_layer_units_exponent_2': 6, 'D_layer_units_exponent_3': 7, 'D_layer_units_exponent_4': 9, 'D_layer_units_exponent_5': 9, 'D_dagger_layers': 8, 'D_dagger_layer_units_exponent_0': 5, 'D_dagger_layer_units_exponent_1': 7, 'D_dagger_layer_units_exponent_2': 7, 'D_dagger_layer_units_exponent_3': 5, 'D_dagger_layer_units_exponent_4': 4, 'D_dagger_layer_units_exponent_5': 8, 'D_dagger_layer_units_exponent_6': 10, 'D_dagger_layer_units_exponent_7': 10, 'log_learning_rate': -4.386968336761545, 'log_learning_rate_D': -3.186514045768093, 'log_learning_rate_D_dagger': -3.5098823587241315, 'training_batch_size': 7, 'training_p': 5}. Best is trial 16 with value: 0.016163093969225883.
[I 2023-12-03 08:02:26,759] A new study created in memory with name: no-name-76fa0496-cff5-459f-9209-aaf60ca23384
Time for this trial:  233.95677185058594
Memory status after this trial: 
Memory allocated:  598.27294921875
Memory cached:  612.0
--------------------  Trial  0   --------------------
Start timing: 
Parameters: 
{'W_layers': 2, 'W_layer_units_exponent_0': 8, 'W_layer_units_exponent_1': 4, 'D_layers': 5, 'D_layer_units_exponent_0': 10, 'D_layer_units_exponent_1': 6, 'D_layer_units_exponent_2': 6, 'D_layer_units_exponent_3': 6, 'D_layer_units_exponent_4': 4, 'D_dagger_layers': 4, 'D_dagger_layer_units_exponent_0': 4, 'D_dagger_layer_units_exponent_1': 7, 'D_dagger_layer_units_exponent_2': 10, 'D_dagger_layer_units_exponent_3': 5, 'log_learning_rate': -1.1479871249877625, 'log_learning_rate_D': -2.462612220846154, 'log_learning_rate_D_dagger': -4.190031613310945, 'training_batch_size': 9, 'training_p': 5}
	 epoch  0 training error:  tensor(1.0282, device='cuda:0', grad_fn=<DivBackward0>)
Memory status after this epoch: 
Memory allocated:  4.041015625
Memory cached:  76.0
	 epoch  10 training error:  tensor(0.6634, device='cuda:0', grad_fn=<DivBackward0>)
Memory status after this epoch: 
Memory allocated:  4.041015625
Memory cached:  132.0
	 epoch  20 training error:  tensor(0.4317, device='cuda:0', grad_fn=<DivBackward0>)
Memory status after this epoch: 
Memory allocated:  4.041015625
Memory cached:  128.0
	 epoch  30 training error:  tensor(0.2736, device='cuda:0', grad_fn=<DivBackward0>)
Memory status after this epoch: 
Memory allocated:  4.041015625
Memory cached:  134.0
	 epoch  40 training error:  tensor(0.1830, device='cuda:0', grad_fn=<DivBackward0>)
Memory status after this epoch: 
Memory allocated:  4.041015625
Memory cached:  120.0
	 epoch  50 training error:  tensor(0.1895, device='cuda:0', grad_fn=<DivBackward0>)
Memory status after this epoch: 
Memory allocated:  4.041015625
Memory cached:  126.0
	 epoch  60 training error:  tensor(0.1806, device='cuda:0', grad_fn=<DivBackward0>)
Memory status after this epoch: 
Memory allocated:  4.041015625
Memory cached:  136.0
	 epoch  70 training error:  tensor(0.1784, device='cuda:0', grad_fn=<DivBackward0>)
Memory status after this epoch: 
Memory allocated:  4.041015625
Memory cached:  120.0
	 epoch  80 training error:  tensor(0.1777, device='cuda:0', grad_fn=<DivBackward0>)
Memory status after this epoch: 
Memory allocated:  4.041015625
Memory cached:  122.0
	 epoch  90 training error:  tensor(0.1768, device='cuda:0', grad_fn=<DivBackward0>)
Memory status after this epoch: 
Memory allocated:  4.041015625
Memory cached:  132.0
[I 2023-12-03 08:05:09,375] Trial 0 finished with value: 0.11055362224578857 and parameters: {'W_layers': 2, 'W_layer_units_exponent_0': 8, 'W_layer_units_exponent_1': 4, 'D_layers': 5, 'D_layer_units_exponent_0': 10, 'D_layer_units_exponent_1': 6, 'D_layer_units_exponent_2': 6, 'D_layer_units_exponent_3': 6, 'D_layer_units_exponent_4': 4, 'D_dagger_layers': 4, 'D_dagger_layer_units_exponent_0': 4, 'D_dagger_layer_units_exponent_1': 7, 'D_dagger_layer_units_exponent_2': 10, 'D_dagger_layer_units_exponent_3': 5, 'log_learning_rate': -1.1479871249877625, 'log_learning_rate_D': -2.462612220846154, 'log_learning_rate_D_dagger': -4.190031613310945, 'training_batch_size': 9, 'training_p': 5}. Best is trial 0 with value: 0.11055362224578857.
res:  tensor(0.1106, device='cuda:0', grad_fn=<DivBackward0>)
self.bestValue:  10000000.0
Save this model!
Time for this trial:  162.49136400222778
Memory status after this trial: 
Memory allocated:  146.19580078125
Memory cached:  150.0
--------------------  Trial  1   --------------------
Start timing: 
Parameters: 
{'W_layers': 4, 'W_layer_units_exponent_0': 6, 'W_layer_units_exponent_1': 7, 'W_layer_units_exponent_2': 5, 'W_layer_units_exponent_3': 4, 'D_layers': 3, 'D_layer_units_exponent_0': 5, 'D_layer_units_exponent_1': 7, 'D_layer_units_exponent_2': 6, 'D_dagger_layers': 5, 'D_dagger_layer_units_exponent_0': 9, 'D_dagger_layer_units_exponent_1': 8, 'D_dagger_layer_units_exponent_2': 10, 'D_dagger_layer_units_exponent_3': 7, 'D_dagger_layer_units_exponent_4': 8, 'log_learning_rate': -1.284881398157406, 'log_learning_rate_D': -1.701862073765906, 'log_learning_rate_D_dagger': -2.585020553663293, 'training_batch_size': 10, 'training_p': 8}
	 epoch  0 training error:  tensor(1.0044, device='cuda:0', grad_fn=<DivBackward0>)
Memory status after this epoch: 
Memory allocated:  155.24169921875
Memory cached:  158.0
	 epoch  10 training error:  tensor(0.2059, device='cuda:0', grad_fn=<DivBackward0>)
Memory status after this epoch: 
Memory allocated:  155.24169921875
Memory cached:  188.0
	 epoch  20 training error:  tensor(0.2780, device='cuda:0', grad_fn=<DivBackward0>)
Memory status after this epoch: 
Memory allocated:  155.24169921875
Memory cached:  182.0
	 epoch  30 training error:  tensor(0.2672, device='cuda:0', grad_fn=<DivBackward0>)
Memory status after this epoch: 
Memory allocated:  155.24169921875
Memory cached:  182.0
	 epoch  40 training error:  tensor(0.1840, device='cuda:0', grad_fn=<DivBackward0>)
Memory status after this epoch: 
Memory allocated:  155.24169921875
Memory cached:  190.0
	 epoch  50 training error:  tensor(0.1825, device='cuda:0', grad_fn=<DivBackward0>)
Memory status after this epoch: 
Memory allocated:  155.24169921875
Memory cached:  184.0
	 epoch  60 training error:  tensor(0.1535, device='cuda:0', grad_fn=<DivBackward0>)
Memory status after this epoch: 
Memory allocated:  155.24169921875
Memory cached:  182.0
	 epoch  70 training error:  tensor(0.1725, device='cuda:0', grad_fn=<DivBackward0>)
Memory status after this epoch: 
Memory allocated:  155.24169921875
Memory cached:  188.0
	 epoch  80 training error:  tensor(0.1483, device='cuda:0', grad_fn=<DivBackward0>)
Memory status after this epoch: 
Memory allocated:  155.24169921875
Memory cached:  184.0
	 epoch  90 training error:  tensor(0.1526, device='cuda:0', grad_fn=<DivBackward0>)
Memory status after this epoch: 
Memory allocated:  155.24169921875
Memory cached:  186.0
[I 2023-12-03 08:08:03,714] Trial 1 finished with value: 0.11652600765228271 and parameters: {'W_layers': 4, 'W_layer_units_exponent_0': 6, 'W_layer_units_exponent_1': 7, 'W_layer_units_exponent_2': 5, 'W_layer_units_exponent_3': 4, 'D_layers': 3, 'D_layer_units_exponent_0': 5, 'D_layer_units_exponent_1': 7, 'D_layer_units_exponent_2': 6, 'D_dagger_layers': 5, 'D_dagger_layer_units_exponent_0': 9, 'D_dagger_layer_units_exponent_1': 8, 'D_dagger_layer_units_exponent_2': 10, 'D_dagger_layer_units_exponent_3': 7, 'D_dagger_layer_units_exponent_4': 8, 'log_learning_rate': -1.284881398157406, 'log_learning_rate_D': -1.701862073765906, 'log_learning_rate_D_dagger': -2.585020553663293, 'training_batch_size': 10, 'training_p': 8}. Best is trial 0 with value: 0.11055362224578857.
Time for this trial:  174.21488761901855
Memory status after this trial: 
Memory allocated:  289.58447265625
Memory cached:  296.0
--------------------  Trial  2   --------------------
Start timing: 
Parameters: 
{'W_layers': 7, 'W_layer_units_exponent_0': 5, 'W_layer_units_exponent_1': 9, 'W_layer_units_exponent_2': 7, 'W_layer_units_exponent_3': 4, 'W_layer_units_exponent_4': 6, 'W_layer_units_exponent_5': 7, 'W_layer_units_exponent_6': 4, 'D_layers': 5, 'D_layer_units_exponent_0': 6, 'D_layer_units_exponent_1': 7, 'D_layer_units_exponent_2': 7, 'D_layer_units_exponent_3': 10, 'D_layer_units_exponent_4': 5, 'D_dagger_layers': 6, 'D_dagger_layer_units_exponent_0': 9, 'D_dagger_layer_units_exponent_1': 8, 'D_dagger_layer_units_exponent_2': 5, 'D_dagger_layer_units_exponent_3': 6, 'D_dagger_layer_units_exponent_4': 7, 'D_dagger_layer_units_exponent_5': 7, 'log_learning_rate': -4.07776856679078, 'log_learning_rate_D': -4.237509768561841, 'log_learning_rate_D_dagger': -2.037525130454182, 'training_batch_size': 12, 'training_p': 8}
	 epoch  0 training error:  tensor(0.9962, device='cuda:0', grad_fn=<DivBackward0>)
Memory status after this epoch: 
Memory allocated:  153.23583984375
Memory cached:  158.0
	 epoch  10 training error:  tensor(0.7805, device='cuda:0', grad_fn=<DivBackward0>)
Memory status after this epoch: 
Memory allocated:  153.23583984375
Memory cached:  178.0
	 epoch  20 training error:  tensor(0.4540, device='cuda:0', grad_fn=<DivBackward0>)
Memory status after this epoch: 
Memory allocated:  153.23583984375
Memory cached:  180.0
	 epoch  30 training error:  tensor(0.2794, device='cuda:0', grad_fn=<DivBackward0>)
Memory status after this epoch: 
Memory allocated:  153.23583984375
Memory cached:  178.0
	 epoch  40 training error:  tensor(0.1892, device='cuda:0', grad_fn=<DivBackward0>)
Memory status after this epoch: 
Memory allocated:  153.23583984375
Memory cached:  184.0
	 epoch  50 training error:  tensor(0.1515, device='cuda:0', grad_fn=<DivBackward0>)
Memory status after this epoch: 
Memory allocated:  153.23583984375
Memory cached:  178.0
	 epoch  60 training error:  tensor(0.1517, device='cuda:0', grad_fn=<DivBackward0>)
Memory status after this epoch: 
Memory allocated:  153.23583984375
Memory cached:  184.0
	 epoch  70 training error:  tensor(0.1518, device='cuda:0', grad_fn=<DivBackward0>)
Memory status after this epoch: 
Memory allocated:  153.23583984375
Memory cached:  182.0
	 epoch  80 training error:  tensor(0.1523, device='cuda:0', grad_fn=<DivBackward0>)
Memory status after this epoch: 
Memory allocated:  153.23583984375
Memory cached:  186.0
	 epoch  90 training error:  tensor(0.1513, device='cuda:0', grad_fn=<DivBackward0>)
Memory status after this epoch: 
Memory allocated:  153.23583984375
Memory cached:  190.0
[I 2023-12-03 08:11:48,032] Trial 2 finished with value: 0.12122096866369247 and parameters: {'W_layers': 7, 'W_layer_units_exponent_0': 5, 'W_layer_units_exponent_1': 9, 'W_layer_units_exponent_2': 7, 'W_layer_units_exponent_3': 4, 'W_layer_units_exponent_4': 6, 'W_layer_units_exponent_5': 7, 'W_layer_units_exponent_6': 4, 'D_layers': 5, 'D_layer_units_exponent_0': 6, 'D_layer_units_exponent_1': 7, 'D_layer_units_exponent_2': 7, 'D_layer_units_exponent_3': 10, 'D_layer_units_exponent_4': 5, 'D_dagger_layers': 6, 'D_dagger_layer_units_exponent_0': 9, 'D_dagger_layer_units_exponent_1': 8, 'D_dagger_layer_units_exponent_2': 5, 'D_dagger_layer_units_exponent_3': 6, 'D_dagger_layer_units_exponent_4': 7, 'D_dagger_layer_units_exponent_5': 7, 'log_learning_rate': -4.07776856679078, 'log_learning_rate_D': -4.237509768561841, 'log_learning_rate_D_dagger': -2.037525130454182, 'training_batch_size': 12, 'training_p': 8}. Best is trial 0 with value: 0.11055362224578857.
Time for this trial:  224.14474081993103
Memory status after this trial: 
Memory allocated:  329.5166015625
Memory cached:  334.0
--------------------  Trial  3   --------------------
Start timing: 
Parameters: 
{'W_layers': 2, 'W_layer_units_exponent_0': 6, 'W_layer_units_exponent_1': 6, 'D_layers': 4, 'D_layer_units_exponent_0': 7, 'D_layer_units_exponent_1': 6, 'D_layer_units_exponent_2': 6, 'D_layer_units_exponent_3': 4, 'D_dagger_layers': 6, 'D_dagger_layer_units_exponent_0': 4, 'D_dagger_layer_units_exponent_1': 7, 'D_dagger_layer_units_exponent_2': 7, 'D_dagger_layer_units_exponent_3': 9, 'D_dagger_layer_units_exponent_4': 6, 'D_dagger_layer_units_exponent_5': 4, 'log_learning_rate': -4.549650424704607, 'log_learning_rate_D': -4.692136035729, 'log_learning_rate_D_dagger': -3.6807899958608883, 'training_batch_size': 6, 'training_p': 6}
	 epoch  0 training error:  tensor(1.0211, device='cuda:0', grad_fn=<DivBackward0>)
Memory status after this epoch: 
Memory allocated:  148.37158203125
Memory cached:  180.0
	 epoch  10 training error:  tensor(0.8888, device='cuda:0', grad_fn=<DivBackward0>)
Memory status after this epoch: 
Memory allocated:  148.37158203125
Memory cached:  194.0
	 epoch  20 training error:  tensor(0.3867, device='cuda:0', grad_fn=<DivBackward0>)
Memory status after this epoch: 
Memory allocated:  148.37158203125
Memory cached:  192.0
	 epoch  30 training error:  tensor(0.1671, device='cuda:0', grad_fn=<DivBackward0>)
Memory status after this epoch: 
Memory allocated:  148.37158203125
Memory cached:  196.0
	 epoch  40 training error:  tensor(0.1484, device='cuda:0', grad_fn=<DivBackward0>)
Memory status after this epoch: 
Memory allocated:  148.37158203125
Memory cached:  194.0
	 epoch  50 training error:  tensor(0.1440, device='cuda:0', grad_fn=<DivBackward0>)
Memory status after this epoch: 
Memory allocated:  148.37158203125
Memory cached:  188.0
	 epoch  60 training error:  tensor(0.1436, device='cuda:0', grad_fn=<DivBackward0>)
Memory status after this epoch: 
Memory allocated:  148.37158203125
Memory cached:  186.0
	 epoch  70 training error:  tensor(0.1435, device='cuda:0', grad_fn=<DivBackward0>)
Memory status after this epoch: 
Memory allocated:  148.37158203125
Memory cached:  194.0
	 epoch  80 training error:  tensor(0.1437, device='cuda:0', grad_fn=<DivBackward0>)
Memory status after this epoch: 
Memory allocated:  148.37158203125
Memory cached:  188.0
	 epoch  90 training error:  tensor(0.1434, device='cuda:0', grad_fn=<DivBackward0>)
Memory status after this epoch: 
Memory allocated:  148.37158203125
Memory cached:  194.0
[I 2023-12-03 08:16:40,182] Trial 3 finished with value: 0.11535396426916122 and parameters: {'W_layers': 2, 'W_layer_units_exponent_0': 6, 'W_layer_units_exponent_1': 6, 'D_layers': 4, 'D_layer_units_exponent_0': 7, 'D_layer_units_exponent_1': 6, 'D_layer_units_exponent_2': 6, 'D_layer_units_exponent_3': 4, 'D_dagger_layers': 6, 'D_dagger_layer_units_exponent_0': 4, 'D_dagger_layer_units_exponent_1': 7, 'D_dagger_layer_units_exponent_2': 7, 'D_dagger_layer_units_exponent_3': 9, 'D_dagger_layer_units_exponent_4': 6, 'D_dagger_layer_units_exponent_5': 4, 'log_learning_rate': -4.549650424704607, 'log_learning_rate_D': -4.692136035729, 'log_learning_rate_D_dagger': -3.6807899958608883, 'training_batch_size': 6, 'training_p': 6}. Best is trial 0 with value: 0.11055362224578857.
Time for this trial:  291.9516806602478
Memory status after this trial: 
Memory allocated:  214.8173828125
Memory cached:  218.0
--------------------  Trial  4   --------------------
Start timing: 
Parameters: 
{'W_layers': 5, 'W_layer_units_exponent_0': 7, 'W_layer_units_exponent_1': 6, 'W_layer_units_exponent_2': 4, 'W_layer_units_exponent_3': 5, 'W_layer_units_exponent_4': 4, 'D_layers': 6, 'D_layer_units_exponent_0': 10, 'D_layer_units_exponent_1': 7, 'D_layer_units_exponent_2': 10, 'D_layer_units_exponent_3': 5, 'D_layer_units_exponent_4': 7, 'D_layer_units_exponent_5': 10, 'D_dagger_layers': 6, 'D_dagger_layer_units_exponent_0': 5, 'D_dagger_layer_units_exponent_1': 8, 'D_dagger_layer_units_exponent_2': 7, 'D_dagger_layer_units_exponent_3': 8, 'D_dagger_layer_units_exponent_4': 10, 'D_dagger_layer_units_exponent_5': 10, 'log_learning_rate': -3.939526190965158, 'log_learning_rate_D': -4.411651742632246, 'log_learning_rate_D_dagger': -2.902058938222818, 'training_batch_size': 11, 'training_p': 6}
	 epoch  0 training error:  tensor(1.0066, device='cuda:0', grad_fn=<DivBackward0>)
Memory status after this epoch: 
Memory allocated:  174.34326171875
Memory cached:  186.0
	 epoch  10 training error:  tensor(0.2118, device='cuda:0', grad_fn=<DivBackward0>)
Memory status after this epoch: 
Memory allocated:  174.34326171875
Memory cached:  214.0
	 epoch  20 training error:  tensor(0.1797, device='cuda:0', grad_fn=<DivBackward0>)
Memory status after this epoch: 
Memory allocated:  174.34326171875
Memory cached:  200.0
	 epoch  30 training error:  tensor(0.1594, device='cuda:0', grad_fn=<DivBackward0>)
Memory status after this epoch: 
Memory allocated:  174.34326171875
Memory cached:  202.0
	 epoch  40 training error:  tensor(0.1441, device='cuda:0', grad_fn=<DivBackward0>)
Memory status after this epoch: 
Memory allocated:  174.34326171875
Memory cached:  194.0
	 epoch  50 training error:  tensor(0.1436, device='cuda:0', grad_fn=<DivBackward0>)
Memory status after this epoch: 
Memory allocated:  174.34326171875
Memory cached:  198.0
	 epoch  60 training error:  tensor(0.1412, device='cuda:0', grad_fn=<DivBackward0>)
Memory status after this epoch: 
Memory allocated:  174.34326171875
Memory cached:  208.0
	 epoch  70 training error:  tensor(0.1398, device='cuda:0', grad_fn=<DivBackward0>)
Memory status after this epoch: 
Memory allocated:  174.34326171875
Memory cached:  210.0
	 epoch  80 training error:  tensor(0.1380, device='cuda:0', grad_fn=<DivBackward0>)
Memory status after this epoch: 
Memory allocated:  174.34326171875
Memory cached:  204.0
	 epoch  90 training error:  tensor(0.1352, device='cuda:0', grad_fn=<DivBackward0>)
Memory status after this epoch: 
Memory allocated:  174.34326171875
Memory cached:  202.0
