[I 2023-12-03 04:17:26,087] Trial 42 finished with value: 0.06827932596206665 and parameters: {'W_layers': 4, 'W_layer_units_exponent_0': 10, 'W_layer_units_exponent_1': 9, 'W_layer_units_exponent_2': 7, 'W_layer_units_exponent_3': 8, 'D_layers': 6, 'D_layer_units_exponent_0': 9, 'D_layer_units_exponent_1': 9, 'D_layer_units_exponent_2': 6, 'D_layer_units_exponent_3': 5, 'D_layer_units_exponent_4': 8, 'D_layer_units_exponent_5': 9, 'D_dagger_layers': 5, 'D_dagger_layer_units_exponent_0': 5, 'D_dagger_layer_units_exponent_1': 9, 'D_dagger_layer_units_exponent_2': 9, 'D_dagger_layer_units_exponent_3': 9, 'D_dagger_layer_units_exponent_4': 4, 'log_learning_rate': -2.905606777228915, 'log_learning_rate_D': -3.461953469422044, 'log_learning_rate_D_dagger': -3.2102797617494003, 'training_batch_size': 10, 'training_p': 2}. Best is trial 34 with value: 0.015350001864135265.
Time for this trial:  214.9919137954712
Memory status after this trial: 
Memory allocated:  483.30712890625
Memory cached:  508.0
--------------------  Trial  43   --------------------
Start timing: 
Parameters: 
{'W_layers': 2, 'W_layer_units_exponent_0': 6, 'W_layer_units_exponent_1': 8, 'D_layers': 5, 'D_layer_units_exponent_0': 9, 'D_layer_units_exponent_1': 9, 'D_layer_units_exponent_2': 5, 'D_layer_units_exponent_3': 4, 'D_layer_units_exponent_4': 9, 'D_dagger_layers': 4, 'D_dagger_layer_units_exponent_0': 4, 'D_dagger_layer_units_exponent_1': 8, 'D_dagger_layer_units_exponent_2': 7, 'D_dagger_layer_units_exponent_3': 8, 'log_learning_rate': -2.2425961983498315, 'log_learning_rate_D': -3.2563004968466687, 'log_learning_rate_D_dagger': -3.4558735999431516, 'training_batch_size': 9, 'training_p': 3}
	 epoch  0 training error:  tensor(0.8788, device='cuda:0', grad_fn=<DivBackward0>)
Memory status after this epoch: 
Memory allocated:  195.29736328125
Memory cached:  382.0
	 epoch  10 training error:  tensor(0.2019, device='cuda:0', grad_fn=<DivBackward0>)
Memory status after this epoch: 
Memory allocated:  195.29736328125
Memory cached:  406.0
	 epoch  20 training error:  tensor(0.1623, device='cuda:0', grad_fn=<DivBackward0>)
Memory status after this epoch: 
Memory allocated:  195.29736328125
Memory cached:  414.0
	 epoch  30 training error:  tensor(0.1301, device='cuda:0', grad_fn=<DivBackward0>)
Memory status after this epoch: 
Memory allocated:  195.29736328125
Memory cached:  402.0
	 epoch  40 training error:  tensor(0.1204, device='cuda:0', grad_fn=<DivBackward0>)
Memory status after this epoch: 
Memory allocated:  195.29736328125
Memory cached:  404.0
	 epoch  50 training error:  tensor(0.1149, device='cuda:0', grad_fn=<DivBackward0>)
Memory status after this epoch: 
Memory allocated:  195.29736328125
Memory cached:  414.0
	 epoch  60 training error:  tensor(0.1117, device='cuda:0', grad_fn=<DivBackward0>)
Memory status after this epoch: 
Memory allocated:  195.29736328125
Memory cached:  408.0
	 epoch  70 training error:  tensor(0.1097, device='cuda:0', grad_fn=<DivBackward0>)
Memory status after this epoch: 
Memory allocated:  195.29736328125
Memory cached:  402.0
	 epoch  80 training error:  tensor(0.1089, device='cuda:0', grad_fn=<DivBackward0>)
Memory status after this epoch: 
Memory allocated:  195.29736328125
Memory cached:  412.0
	 epoch  90 training error:  tensor(0.1073, device='cuda:0', grad_fn=<DivBackward0>)
Memory status after this epoch: 
Memory allocated:  195.29736328125
Memory cached:  408.0
[I 2023-12-03 04:20:07,863] Trial 43 finished with value: 0.08446691185235977 and parameters: {'W_layers': 2, 'W_layer_units_exponent_0': 6, 'W_layer_units_exponent_1': 8, 'D_layers': 5, 'D_layer_units_exponent_0': 9, 'D_layer_units_exponent_1': 9, 'D_layer_units_exponent_2': 5, 'D_layer_units_exponent_3': 4, 'D_layer_units_exponent_4': 9, 'D_dagger_layers': 4, 'D_dagger_layer_units_exponent_0': 4, 'D_dagger_layer_units_exponent_1': 8, 'D_dagger_layer_units_exponent_2': 7, 'D_dagger_layer_units_exponent_3': 8, 'log_learning_rate': -2.2425961983498315, 'log_learning_rate_D': -3.2563004968466687, 'log_learning_rate_D_dagger': -3.4558735999431516, 'training_batch_size': 9, 'training_p': 3}. Best is trial 34 with value: 0.015350001864135265.
Time for this trial:  161.51982164382935
Memory status after this trial: 
Memory allocated:  321.1416015625
Memory cached:  394.0
--------------------  Trial  44   --------------------
Start timing: 
Parameters: 
{'W_layers': 4, 'W_layer_units_exponent_0': 4, 'W_layer_units_exponent_1': 9, 'W_layer_units_exponent_2': 8, 'W_layer_units_exponent_3': 9, 'D_layers': 5, 'D_layer_units_exponent_0': 10, 'D_layer_units_exponent_1': 8, 'D_layer_units_exponent_2': 4, 'D_layer_units_exponent_3': 5, 'D_layer_units_exponent_4': 10, 'D_dagger_layers': 5, 'D_dagger_layer_units_exponent_0': 6, 'D_dagger_layer_units_exponent_1': 10, 'D_dagger_layer_units_exponent_2': 9, 'D_dagger_layer_units_exponent_3': 8, 'D_dagger_layer_units_exponent_4': 6, 'log_learning_rate': -2.6997934530864023, 'log_learning_rate_D': -3.5269111313218837, 'log_learning_rate_D_dagger': -3.6188656505625487, 'training_batch_size': 11, 'training_p': 3}
	 epoch  0 training error:  tensor(1.0267, device='cuda:0', grad_fn=<DivBackward0>)
Memory status after this epoch: 
Memory allocated:  209.62158203125
Memory cached:  406.0
	 epoch  10 training error:  tensor(0.1510, device='cuda:0', grad_fn=<DivBackward0>)
Memory status after this epoch: 
Memory allocated:  209.62158203125
Memory cached:  448.0
	 epoch  20 training error:  tensor(0.1587, device='cuda:0', grad_fn=<DivBackward0>)
Memory status after this epoch: 
Memory allocated:  209.62158203125
Memory cached:  442.0
	 epoch  30 training error:  tensor(0.1175, device='cuda:0', grad_fn=<DivBackward0>)
Memory status after this epoch: 
Memory allocated:  209.62158203125
Memory cached:  452.0
	 epoch  40 training error:  tensor(0.1159, device='cuda:0', grad_fn=<DivBackward0>)
Memory status after this epoch: 
Memory allocated:  209.62158203125
Memory cached:  444.0
	 epoch  50 training error:  tensor(0.1092, device='cuda:0', grad_fn=<DivBackward0>)
Memory status after this epoch: 
Memory allocated:  209.62158203125
Memory cached:  448.0
	 epoch  60 training error:  tensor(0.1065, device='cuda:0', grad_fn=<DivBackward0>)
Memory status after this epoch: 
Memory allocated:  209.62158203125
Memory cached:  448.0
	 epoch  70 training error:  tensor(0.0968, device='cuda:0', grad_fn=<DivBackward0>)
Memory status after this epoch: 
Memory allocated:  209.62158203125
Memory cached:  448.0
	 epoch  80 training error:  tensor(0.0580, device='cuda:0', grad_fn=<DivBackward0>)
Memory status after this epoch: 
Memory allocated:  209.62158203125
Memory cached:  444.0
	 epoch  90 training error:  tensor(0.0406, device='cuda:0', grad_fn=<DivBackward0>)
Memory status after this epoch: 
Memory allocated:  209.62158203125
Memory cached:  446.0
[I 2023-12-03 04:23:33,811] Trial 44 finished with value: 0.024959176778793335 and parameters: {'W_layers': 4, 'W_layer_units_exponent_0': 4, 'W_layer_units_exponent_1': 9, 'W_layer_units_exponent_2': 8, 'W_layer_units_exponent_3': 9, 'D_layers': 5, 'D_layer_units_exponent_0': 10, 'D_layer_units_exponent_1': 8, 'D_layer_units_exponent_2': 4, 'D_layer_units_exponent_3': 5, 'D_layer_units_exponent_4': 10, 'D_dagger_layers': 5, 'D_dagger_layer_units_exponent_0': 6, 'D_dagger_layer_units_exponent_1': 10, 'D_dagger_layer_units_exponent_2': 9, 'D_dagger_layer_units_exponent_3': 8, 'D_dagger_layer_units_exponent_4': 6, 'log_learning_rate': -2.6997934530864023, 'log_learning_rate_D': -3.5269111313218837, 'log_learning_rate_D_dagger': -3.6188656505625487, 'training_batch_size': 11, 'training_p': 3}. Best is trial 34 with value: 0.015350001864135265.
Time for this trial:  205.6825613975525
Memory status after this trial: 
Memory allocated:  484.1826171875
Memory cached:  508.0
--------------------  Trial  45   --------------------
Start timing: 
Parameters: 
{'W_layers': 3, 'W_layer_units_exponent_0': 4, 'W_layer_units_exponent_1': 10, 'W_layer_units_exponent_2': 8, 'D_layers': 5, 'D_layer_units_exponent_0': 10, 'D_layer_units_exponent_1': 8, 'D_layer_units_exponent_2': 4, 'D_layer_units_exponent_3': 5, 'D_layer_units_exponent_4': 10, 'D_dagger_layers': 5, 'D_dagger_layer_units_exponent_0': 6, 'D_dagger_layer_units_exponent_1': 10, 'D_dagger_layer_units_exponent_2': 9, 'D_dagger_layer_units_exponent_3': 8, 'D_dagger_layer_units_exponent_4': 6, 'log_learning_rate': -2.674278220165916, 'log_learning_rate_D': -3.56858504998688, 'log_learning_rate_D_dagger': -3.8124923978362446, 'training_batch_size': 11, 'training_p': 2}
	 epoch  0 training error:  tensor(1.1116, device='cuda:0', grad_fn=<DivBackward0>)
Memory status after this epoch: 
Memory allocated:  209.74267578125
Memory cached:  400.0
	 epoch  10 training error:  tensor(0.1450, device='cuda:0', grad_fn=<DivBackward0>)
Memory status after this epoch: 
Memory allocated:  209.74267578125
Memory cached:  446.0
	 epoch  20 training error:  tensor(0.1349, device='cuda:0', grad_fn=<DivBackward0>)
Memory status after this epoch: 
Memory allocated:  209.74267578125
Memory cached:  434.0
	 epoch  30 training error:  tensor(0.1092, device='cuda:0', grad_fn=<DivBackward0>)
Memory status after this epoch: 
Memory allocated:  209.74267578125
Memory cached:  434.0
	 epoch  40 training error:  tensor(0.0967, device='cuda:0', grad_fn=<DivBackward0>)
Memory status after this epoch: 
Memory allocated:  209.74267578125
Memory cached:  446.0
	 epoch  50 training error:  tensor(0.0910, device='cuda:0', grad_fn=<DivBackward0>)
Memory status after this epoch: 
Memory allocated:  209.74267578125
Memory cached:  438.0
	 epoch  60 training error:  tensor(0.0876, device='cuda:0', grad_fn=<DivBackward0>)
Memory status after this epoch: 
Memory allocated:  209.74267578125
Memory cached:  434.0
	 epoch  70 training error:  tensor(0.0805, device='cuda:0', grad_fn=<DivBackward0>)
Memory status after this epoch: 
Memory allocated:  209.74267578125
Memory cached:  440.0
	 epoch  80 training error:  tensor(0.0509, device='cuda:0', grad_fn=<DivBackward0>)
Memory status after this epoch: 
Memory allocated:  209.74267578125
Memory cached:  440.0
	 epoch  90 training error:  tensor(0.0506, device='cuda:0', grad_fn=<DivBackward0>)
Memory status after this epoch: 
Memory allocated:  209.74267578125
Memory cached:  430.0
[I 2023-12-03 04:26:51,164] Trial 45 finished with value: 0.03158410266041756 and parameters: {'W_layers': 3, 'W_layer_units_exponent_0': 4, 'W_layer_units_exponent_1': 10, 'W_layer_units_exponent_2': 8, 'D_layers': 5, 'D_layer_units_exponent_0': 10, 'D_layer_units_exponent_1': 8, 'D_layer_units_exponent_2': 4, 'D_layer_units_exponent_3': 5, 'D_layer_units_exponent_4': 10, 'D_dagger_layers': 5, 'D_dagger_layer_units_exponent_0': 6, 'D_dagger_layer_units_exponent_1': 10, 'D_dagger_layer_units_exponent_2': 9, 'D_dagger_layer_units_exponent_3': 8, 'D_dagger_layer_units_exponent_4': 6, 'log_learning_rate': -2.674278220165916, 'log_learning_rate_D': -3.56858504998688, 'log_learning_rate_D_dagger': -3.8124923978362446, 'training_batch_size': 11, 'training_p': 2}. Best is trial 34 with value: 0.015350001864135265.
Time for this trial:  197.10367918014526
Memory status after this trial: 
Memory allocated:  486.1962890625
Memory cached:  510.0
--------------------  Trial  46   --------------------
Start timing: 
Parameters: 
{'W_layers': 4, 'W_layer_units_exponent_0': 4, 'W_layer_units_exponent_1': 10, 'W_layer_units_exponent_2': 8, 'W_layer_units_exponent_3': 9, 'D_layers': 5, 'D_layer_units_exponent_0': 10, 'D_layer_units_exponent_1': 8, 'D_layer_units_exponent_2': 4, 'D_layer_units_exponent_3': 4, 'D_layer_units_exponent_4': 10, 'D_dagger_layers': 6, 'D_dagger_layer_units_exponent_0': 6, 'D_dagger_layer_units_exponent_1': 10, 'D_dagger_layer_units_exponent_2': 9, 'D_dagger_layer_units_exponent_3': 7, 'D_dagger_layer_units_exponent_4': 6, 'D_dagger_layer_units_exponent_5': 6, 'log_learning_rate': -2.592551373047988, 'log_learning_rate_D': -3.603843588607625, 'log_learning_rate_D_dagger': -3.8383762151722656, 'training_batch_size': 11, 'training_p': 2}
	 epoch  0 training error:  tensor(0.9817, device='cuda:0', grad_fn=<DivBackward0>)
Memory status after this epoch: 
Memory allocated:  210.43798828125
Memory cached:  404.0
	 epoch  10 training error:  tensor(0.1464, device='cuda:0', grad_fn=<DivBackward0>)
Memory status after this epoch: 
Memory allocated:  210.43798828125
Memory cached:  440.0
	 epoch  20 training error:  tensor(0.1297, device='cuda:0', grad_fn=<DivBackward0>)
Memory status after this epoch: 
Memory allocated:  210.43798828125
Memory cached:  438.0
	 epoch  30 training error:  tensor(0.1034, device='cuda:0', grad_fn=<DivBackward0>)
Memory status after this epoch: 
Memory allocated:  210.43798828125
Memory cached:  448.0
	 epoch  40 training error:  tensor(0.0949, device='cuda:0', grad_fn=<DivBackward0>)
Memory status after this epoch: 
Memory allocated:  210.43798828125
Memory cached:  444.0
	 epoch  50 training error:  tensor(0.0920, device='cuda:0', grad_fn=<DivBackward0>)
Memory status after this epoch: 
Memory allocated:  210.43798828125
Memory cached:  440.0
	 epoch  60 training error:  tensor(0.0861, device='cuda:0', grad_fn=<DivBackward0>)
Memory status after this epoch: 
Memory allocated:  210.43798828125
Memory cached:  446.0
	 epoch  70 training error:  tensor(0.0692, device='cuda:0', grad_fn=<DivBackward0>)
Memory status after this epoch: 
Memory allocated:  210.43798828125
Memory cached:  436.0
	 epoch  80 training error:  tensor(0.0860, device='cuda:0', grad_fn=<DivBackward0>)
Memory status after this epoch: 
Memory allocated:  210.43798828125
Memory cached:  434.0
	 epoch  90 training error:  tensor(0.0577, device='cuda:0', grad_fn=<DivBackward0>)
Memory status after this epoch: 
Memory allocated:  210.43798828125
Memory cached:  444.0
[I 2023-12-03 04:30:25,955] Trial 46 finished with value: 0.03907407075166702 and parameters: {'W_layers': 4, 'W_layer_units_exponent_0': 4, 'W_layer_units_exponent_1': 10, 'W_layer_units_exponent_2': 8, 'W_layer_units_exponent_3': 9, 'D_layers': 5, 'D_layer_units_exponent_0': 10, 'D_layer_units_exponent_1': 8, 'D_layer_units_exponent_2': 4, 'D_layer_units_exponent_3': 4, 'D_layer_units_exponent_4': 10, 'D_dagger_layers': 6, 'D_dagger_layer_units_exponent_0': 6, 'D_dagger_layer_units_exponent_1': 10, 'D_dagger_layer_units_exponent_2': 9, 'D_dagger_layer_units_exponent_3': 7, 'D_dagger_layer_units_exponent_4': 6, 'D_dagger_layer_units_exponent_5': 6, 'log_learning_rate': -2.592551373047988, 'log_learning_rate_D': -3.603843588607625, 'log_learning_rate_D_dagger': -3.8383762151722656, 'training_batch_size': 11, 'training_p': 2}. Best is trial 34 with value: 0.015350001864135265.
Time for this trial:  214.49888849258423
Memory status after this trial: 
Memory allocated:  507.83984375
Memory cached:  532.0
--------------------  Trial  47   --------------------
Start timing: 
Parameters: 
{'W_layers': 5, 'W_layer_units_exponent_0': 4, 'W_layer_units_exponent_1': 10, 'W_layer_units_exponent_2': 8, 'W_layer_units_exponent_3': 9, 'W_layer_units_exponent_4': 5, 'D_layers': 6, 'D_layer_units_exponent_0': 10, 'D_layer_units_exponent_1': 10, 'D_layer_units_exponent_2': 4, 'D_layer_units_exponent_3': 6, 'D_layer_units_exponent_4': 10, 'D_layer_units_exponent_5': 5, 'D_dagger_layers': 5, 'D_dagger_layer_units_exponent_0': 5, 'D_dagger_layer_units_exponent_1': 10, 'D_dagger_layer_units_exponent_2': 9, 'D_dagger_layer_units_exponent_3': 8, 'D_dagger_layer_units_exponent_4': 5, 'log_learning_rate': -2.266474548063754, 'log_learning_rate_D': -3.868268042625707, 'log_learning_rate_D_dagger': -4.12789545988118, 'training_batch_size': 11, 'training_p': 2}
	 epoch  0 training error:  tensor(1.0031, device='cuda:0', grad_fn=<DivBackward0>)
Memory status after this epoch: 
Memory allocated:  224.56884765625
Memory cached:  418.0
	 epoch  10 training error:  tensor(0.3626, device='cuda:0', grad_fn=<DivBackward0>)
Memory status after this epoch: 
Memory allocated:  224.56884765625
Memory cached:  450.0
	 epoch  20 training error:  tensor(0.1594, device='cuda:0', grad_fn=<DivBackward0>)
Memory status after this epoch: 
Memory allocated:  224.56884765625
Memory cached:  458.0
	 epoch  30 training error:  tensor(0.0945, device='cuda:0', grad_fn=<DivBackward0>)
Memory status after this epoch: 
Memory allocated:  224.56884765625
Memory cached:  452.0
	 epoch  40 training error:  tensor(0.0869, device='cuda:0', grad_fn=<DivBackward0>)
Memory status after this epoch: 
Memory allocated:  224.56884765625
Memory cached:  442.0
	 epoch  50 training error:  tensor(0.0926, device='cuda:0', grad_fn=<DivBackward0>)
Memory status after this epoch: 
Memory allocated:  224.56884765625
Memory cached:  448.0
	 epoch  60 training error:  tensor(0.0697, device='cuda:0', grad_fn=<DivBackward0>)
Memory status after this epoch: 
Memory allocated:  224.56884765625
Memory cached:  454.0
	 epoch  70 training error:  tensor(0.0489, device='cuda:0', grad_fn=<DivBackward0>)
Memory status after this epoch: 
Memory allocated:  224.56884765625
Memory cached:  452.0
	 epoch  80 training error:  tensor(0.0477, device='cuda:0', grad_fn=<DivBackward0>)
Memory status after this epoch: 
Memory allocated:  224.56884765625
Memory cached:  448.0
	 epoch  90 training error:  tensor(0.1346, device='cuda:0', grad_fn=<DivBackward0>)
Memory status after this epoch: 
Memory allocated:  224.56884765625
Memory cached:  446.0
[I 2023-12-03 04:34:18,489] Trial 47 finished with value: 0.09408175945281982 and parameters: {'W_layers': 5, 'W_layer_units_exponent_0': 4, 'W_layer_units_exponent_1': 10, 'W_layer_units_exponent_2': 8, 'W_layer_units_exponent_3': 9, 'W_layer_units_exponent_4': 5, 'D_layers': 6, 'D_layer_units_exponent_0': 10, 'D_layer_units_exponent_1': 10, 'D_layer_units_exponent_2': 4, 'D_layer_units_exponent_3': 6, 'D_layer_units_exponent_4': 10, 'D_layer_units_exponent_5': 5, 'D_dagger_layers': 5, 'D_dagger_layer_units_exponent_0': 5, 'D_dagger_layer_units_exponent_1': 10, 'D_dagger_layer_units_exponent_2': 9, 'D_dagger_layer_units_exponent_3': 8, 'D_dagger_layer_units_exponent_4': 5, 'log_learning_rate': -2.266474548063754, 'log_learning_rate_D': -3.868268042625707, 'log_learning_rate_D_dagger': -4.12789545988118, 'training_batch_size': 11, 'training_p': 2}. Best is trial 34 with value: 0.015350001864135265.
Time for this trial:  232.25376534461975
Memory status after this trial: 
Memory allocated:  572.67919921875
Memory cached:  588.0
--------------------  Trial  48   --------------------
Start timing: 
Parameters: 
{'W_layers': 2, 'W_layer_units_exponent_0': 4, 'W_layer_units_exponent_1': 9, 'D_layers': 5, 'D_layer_units_exponent_0': 10, 'D_layer_units_exponent_1': 8, 'D_layer_units_exponent_2': 4, 'D_layer_units_exponent_3': 5, 'D_layer_units_exponent_4': 9, 'D_dagger_layers': 5, 'D_dagger_layer_units_exponent_0': 6, 'D_dagger_layer_units_exponent_1': 10, 'D_dagger_layer_units_exponent_2': 10, 'D_dagger_layer_units_exponent_3': 6, 'D_dagger_layer_units_exponent_4': 4, 'log_learning_rate': -2.462241861570481, 'log_learning_rate_D': -3.472625974279908, 'log_learning_rate_D_dagger': -3.6030687022585326, 'training_batch_size': 7, 'training_p': 8}
	 epoch  0 training error:  tensor(1.0189, device='cuda:0', grad_fn=<DivBackward0>)
Memory status after this epoch: 
Memory allocated:  212.11572265625
Memory cached:  406.0
	 epoch  10 training error:  tensor(0.2595, device='cuda:0', grad_fn=<DivBackward0>)
Memory status after this epoch: 
Memory allocated:  212.11572265625
Memory cached:  438.0
	 epoch  20 training error:  tensor(0.1710, device='cuda:0', grad_fn=<DivBackward0>)
Memory status after this epoch: 
Memory allocated:  212.11572265625
Memory cached:  438.0
	 epoch  30 training error:  tensor(0.1583, device='cuda:0', grad_fn=<DivBackward0>)
Memory status after this epoch: 
Memory allocated:  212.11572265625
Memory cached:  430.0
	 epoch  40 training error:  tensor(0.1540, device='cuda:0', grad_fn=<DivBackward0>)
Memory status after this epoch: 
Memory allocated:  212.11572265625
Memory cached:  430.0
	 epoch  50 training error:  tensor(0.1492, device='cuda:0', grad_fn=<DivBackward0>)
Memory status after this epoch: 
Memory allocated:  212.11572265625
Memory cached:  432.0
	 epoch  60 training error:  tensor(0.1482, device='cuda:0', grad_fn=<DivBackward0>)
Memory status after this epoch: 
Memory allocated:  212.11572265625
Memory cached:  438.0
	 epoch  70 training error:  tensor(0.1383, device='cuda:0', grad_fn=<DivBackward0>)
Memory status after this epoch: 
Memory allocated:  212.11572265625
Memory cached:  432.0
	 epoch  80 training error:  tensor(0.1154, device='cuda:0', grad_fn=<DivBackward0>)
Memory status after this epoch: 
Memory allocated:  212.11572265625
Memory cached:  432.0
	 epoch  90 training error:  tensor(0.0809, device='cuda:0', grad_fn=<DivBackward0>)
Memory status after this epoch: 
Memory allocated:  212.11572265625
Memory cached:  434.0
