[I 2023-12-20 15:59:29,945] Trial 176 finished with value: 0.16543729603290558 and parameters: {'W_layers': 5, 'W_layer_units_exponent_0': 8, 'W_layer_units_exponent_1': 5, 'W_layer_units_exponent_2': 6, 'W_layer_units_exponent_3': 6, 'W_layer_units_exponent_4': 5, 'D_layers': 5, 'D_layer_units_exponent_0': 7, 'D_layer_units_exponent_1': 9, 'D_layer_units_exponent_2': 8, 'D_layer_units_exponent_3': 8, 'D_layer_units_exponent_4': 5, 'D_dagger_layers': 3, 'D_dagger_layer_units_exponent_0': 9, 'D_dagger_layer_units_exponent_1': 4, 'D_dagger_layer_units_exponent_2': 5, 'log_learning_rate': -3.135541470410857, 'log_learning_rate_D': -4.01871334938674, 'log_learning_rate_D_dagger': -2.340311672151497, 'training_batch_size': 6, 'training_p': 7}. Best is trial 171 with value: 0.11988115310668945.
Time for this trial:  314.1059033870697
Memory status after this trial: 
Memory allocated:  292.513671875
Memory cached:  376.0
--------------------  Trial  177   --------------------
Start timing: 
Parameters: 
{'W_layers': 5, 'W_layer_units_exponent_0': 8, 'W_layer_units_exponent_1': 6, 'W_layer_units_exponent_2': 7, 'W_layer_units_exponent_3': 6, 'W_layer_units_exponent_4': 5, 'D_layers': 5, 'D_layer_units_exponent_0': 7, 'D_layer_units_exponent_1': 9, 'D_layer_units_exponent_2': 8, 'D_layer_units_exponent_3': 8, 'D_layer_units_exponent_4': 5, 'D_dagger_layers': 3, 'D_dagger_layer_units_exponent_0': 10, 'D_dagger_layer_units_exponent_1': 4, 'D_dagger_layer_units_exponent_2': 5, 'log_learning_rate': -3.199217733803704, 'log_learning_rate_D': -4.115799363606049, 'log_learning_rate_D_dagger': -2.272494755164418, 'training_batch_size': 6, 'training_p': 7}
	 epoch  0 training error:  tensor(1.0197, device='cuda:0', grad_fn=<DivBackward0>)
Memory status after this epoch: 
Memory allocated:  179.04150390625
Memory cached:  368.0
	 epoch  10 training error:  tensor(0.6265, device='cuda:0', grad_fn=<DivBackward0>)
Memory status after this epoch: 
Memory allocated:  179.04150390625
Memory cached:  376.0
	 epoch  20 training error:  tensor(0.5389, device='cuda:0', grad_fn=<DivBackward0>)
Memory status after this epoch: 
Memory allocated:  179.04150390625
Memory cached:  382.0
	 epoch  30 training error:  tensor(0.5434, device='cuda:0', grad_fn=<DivBackward0>)
Memory status after this epoch: 
Memory allocated:  179.04150390625
Memory cached:  380.0
	 epoch  40 training error:  tensor(0.5352, device='cuda:0', grad_fn=<DivBackward0>)
Memory status after this epoch: 
Memory allocated:  179.04150390625
Memory cached:  382.0
	 epoch  50 training error:  tensor(0.5359, device='cuda:0', grad_fn=<DivBackward0>)
Memory status after this epoch: 
Memory allocated:  179.04150390625
Memory cached:  382.0
	 epoch  60 training error:  tensor(0.5215, device='cuda:0', grad_fn=<DivBackward0>)
Memory status after this epoch: 
Memory allocated:  179.04150390625
Memory cached:  380.0
	 epoch  70 training error:  tensor(0.5182, device='cuda:0', grad_fn=<DivBackward0>)
Memory status after this epoch: 
Memory allocated:  179.04150390625
Memory cached:  380.0
	 epoch  80 training error:  tensor(0.4860, device='cuda:0', grad_fn=<DivBackward0>)
Memory status after this epoch: 
Memory allocated:  179.04150390625
Memory cached:  376.0
	 epoch  90 training error:  tensor(0.5466, device='cuda:0', grad_fn=<DivBackward0>)
Memory status after this epoch: 
Memory allocated:  179.04150390625
Memory cached:  380.0
[I 2023-12-20 16:04:47,303] Trial 177 finished with value: 0.46289682388305664 and parameters: {'W_layers': 5, 'W_layer_units_exponent_0': 8, 'W_layer_units_exponent_1': 6, 'W_layer_units_exponent_2': 7, 'W_layer_units_exponent_3': 6, 'W_layer_units_exponent_4': 5, 'D_layers': 5, 'D_layer_units_exponent_0': 7, 'D_layer_units_exponent_1': 9, 'D_layer_units_exponent_2': 8, 'D_layer_units_exponent_3': 8, 'D_layer_units_exponent_4': 5, 'D_dagger_layers': 3, 'D_dagger_layer_units_exponent_0': 10, 'D_dagger_layer_units_exponent_1': 4, 'D_dagger_layer_units_exponent_2': 5, 'log_learning_rate': -3.199217733803704, 'log_learning_rate_D': -4.115799363606049, 'log_learning_rate_D_dagger': -2.272494755164418, 'training_batch_size': 6, 'training_p': 7}. Best is trial 171 with value: 0.11988115310668945.
Time for this trial:  316.92356300354004
Memory status after this trial: 
Memory allocated:  325.19921875
Memory cached:  378.0
--------------------  Trial  178   --------------------
Start timing: 
Parameters: 
{'W_layers': 5, 'W_layer_units_exponent_0': 8, 'W_layer_units_exponent_1': 4, 'W_layer_units_exponent_2': 6, 'W_layer_units_exponent_3': 6, 'W_layer_units_exponent_4': 5, 'D_layers': 5, 'D_layer_units_exponent_0': 7, 'D_layer_units_exponent_1': 8, 'D_layer_units_exponent_2': 8, 'D_layer_units_exponent_3': 8, 'D_layer_units_exponent_4': 5, 'D_dagger_layers': 3, 'D_dagger_layer_units_exponent_0': 9, 'D_dagger_layer_units_exponent_1': 4, 'D_dagger_layer_units_exponent_2': 5, 'log_learning_rate': -2.9698209236759667, 'log_learning_rate_D': -4.020605598314214, 'log_learning_rate_D_dagger': -2.2080577191673387, 'training_batch_size': 6, 'training_p': 7}
	 epoch  0 training error:  tensor(0.9493, device='cuda:0', grad_fn=<DivBackward0>)
Memory status after this epoch: 
Memory allocated:  177.02978515625
Memory cached:  366.0
	 epoch  10 training error:  tensor(0.5604, device='cuda:0', grad_fn=<DivBackward0>)
Memory status after this epoch: 
Memory allocated:  177.02978515625
Memory cached:  368.0
	 epoch  20 training error:  tensor(0.5361, device='cuda:0', grad_fn=<DivBackward0>)
Memory status after this epoch: 
Memory allocated:  177.02978515625
Memory cached:  372.0
	 epoch  30 training error:  tensor(0.5224, device='cuda:0', grad_fn=<DivBackward0>)
Memory status after this epoch: 
Memory allocated:  177.02978515625
Memory cached:  374.0
	 epoch  40 training error:  tensor(0.5271, device='cuda:0', grad_fn=<DivBackward0>)
Memory status after this epoch: 
Memory allocated:  177.02978515625
Memory cached:  370.0
	 epoch  50 training error:  tensor(0.5215, device='cuda:0', grad_fn=<DivBackward0>)
Memory status after this epoch: 
Memory allocated:  177.02978515625
Memory cached:  372.0
	 epoch  60 training error:  tensor(0.5343, device='cuda:0', grad_fn=<DivBackward0>)
Memory status after this epoch: 
Memory allocated:  177.02978515625
Memory cached:  374.0
	 epoch  70 training error:  tensor(0.5481, device='cuda:0', grad_fn=<DivBackward0>)
Memory status after this epoch: 
Memory allocated:  177.02978515625
Memory cached:  376.0
	 epoch  80 training error:  tensor(0.5560, device='cuda:0', grad_fn=<DivBackward0>)
Memory status after this epoch: 
Memory allocated:  177.02978515625
Memory cached:  374.0
	 epoch  90 training error:  tensor(0.5309, device='cuda:0', grad_fn=<DivBackward0>)
Memory status after this epoch: 
Memory allocated:  177.02978515625
Memory cached:  372.0
[I 2023-12-20 16:10:00,451] Trial 178 finished with value: 0.37900686264038086 and parameters: {'W_layers': 5, 'W_layer_units_exponent_0': 8, 'W_layer_units_exponent_1': 4, 'W_layer_units_exponent_2': 6, 'W_layer_units_exponent_3': 6, 'W_layer_units_exponent_4': 5, 'D_layers': 5, 'D_layer_units_exponent_0': 7, 'D_layer_units_exponent_1': 8, 'D_layer_units_exponent_2': 8, 'D_layer_units_exponent_3': 8, 'D_layer_units_exponent_4': 5, 'D_dagger_layers': 3, 'D_dagger_layer_units_exponent_0': 9, 'D_dagger_layer_units_exponent_1': 4, 'D_dagger_layer_units_exponent_2': 5, 'log_learning_rate': -2.9698209236759667, 'log_learning_rate_D': -4.020605598314214, 'log_learning_rate_D_dagger': -2.2080577191673387, 'training_batch_size': 6, 'training_p': 7}. Best is trial 171 with value: 0.11988115310668945.
Time for this trial:  312.71362042427063
Memory status after this trial: 
Memory allocated:  277.50390625
Memory cached:  372.0
--------------------  Trial  179   --------------------
Start timing: 
Parameters: 
{'W_layers': 5, 'W_layer_units_exponent_0': 8, 'W_layer_units_exponent_1': 6, 'W_layer_units_exponent_2': 6, 'W_layer_units_exponent_3': 6, 'W_layer_units_exponent_4': 5, 'D_layers': 6, 'D_layer_units_exponent_0': 5, 'D_layer_units_exponent_1': 9, 'D_layer_units_exponent_2': 8, 'D_layer_units_exponent_3': 8, 'D_layer_units_exponent_4': 5, 'D_layer_units_exponent_5': 7, 'D_dagger_layers': 3, 'D_dagger_layer_units_exponent_0': 9, 'D_dagger_layer_units_exponent_1': 4, 'D_dagger_layer_units_exponent_2': 5, 'log_learning_rate': -3.316997014710029, 'log_learning_rate_D': -4.1914250875005745, 'log_learning_rate_D_dagger': -2.0837758787294804, 'training_batch_size': 6, 'training_p': 7}
	 epoch  0 training error:  tensor(0.9735, device='cuda:0', grad_fn=<DivBackward0>)
Memory status after this epoch: 
Memory allocated:  178.08251953125
Memory cached:  370.0
	 epoch  10 training error:  tensor(0.5807, device='cuda:0', grad_fn=<DivBackward0>)
Memory status after this epoch: 
Memory allocated:  178.08251953125
Memory cached:  376.0
	 epoch  20 training error:  tensor(0.5596, device='cuda:0', grad_fn=<DivBackward0>)
Memory status after this epoch: 
Memory allocated:  178.08251953125
Memory cached:  370.0
	 epoch  30 training error:  tensor(0.5370, device='cuda:0', grad_fn=<DivBackward0>)
Memory status after this epoch: 
Memory allocated:  178.08251953125
Memory cached:  376.0
	 epoch  40 training error:  tensor(0.5495, device='cuda:0', grad_fn=<DivBackward0>)
Memory status after this epoch: 
Memory allocated:  178.08251953125
Memory cached:  382.0
	 epoch  50 training error:  tensor(0.5430, device='cuda:0', grad_fn=<DivBackward0>)
Memory status after this epoch: 
Memory allocated:  178.08251953125
Memory cached:  372.0
	 epoch  60 training error:  tensor(0.5620, device='cuda:0', grad_fn=<DivBackward0>)
Memory status after this epoch: 
Memory allocated:  178.08251953125
Memory cached:  376.0
	 epoch  70 training error:  tensor(0.5250, device='cuda:0', grad_fn=<DivBackward0>)
Memory status after this epoch: 
Memory allocated:  178.08251953125
Memory cached:  380.0
	 epoch  80 training error:  tensor(0.5243, device='cuda:0', grad_fn=<DivBackward0>)
Memory status after this epoch: 
Memory allocated:  178.08251953125
Memory cached:  378.0
	 epoch  90 training error:  tensor(0.5035, device='cuda:0', grad_fn=<DivBackward0>)
Memory status after this epoch: 
Memory allocated:  178.08251953125
Memory cached:  380.0
[I 2023-12-20 16:15:28,271] Trial 179 finished with value: 0.2004777044057846 and parameters: {'W_layers': 5, 'W_layer_units_exponent_0': 8, 'W_layer_units_exponent_1': 6, 'W_layer_units_exponent_2': 6, 'W_layer_units_exponent_3': 6, 'W_layer_units_exponent_4': 5, 'D_layers': 6, 'D_layer_units_exponent_0': 5, 'D_layer_units_exponent_1': 9, 'D_layer_units_exponent_2': 8, 'D_layer_units_exponent_3': 8, 'D_layer_units_exponent_4': 5, 'D_layer_units_exponent_5': 7, 'D_dagger_layers': 3, 'D_dagger_layer_units_exponent_0': 9, 'D_dagger_layer_units_exponent_1': 4, 'D_dagger_layer_units_exponent_2': 5, 'log_learning_rate': -3.316997014710029, 'log_learning_rate_D': -4.1914250875005745, 'log_learning_rate_D_dagger': -2.0837758787294804, 'training_batch_size': 6, 'training_p': 7}. Best is trial 171 with value: 0.11988115310668945.
Time for this trial:  327.37934374809265
Memory status after this trial: 
Memory allocated:  294.9248046875
Memory cached:  372.0
--------------------  Trial  180   --------------------
Start timing: 
Parameters: 
{'W_layers': 4, 'W_layer_units_exponent_0': 8, 'W_layer_units_exponent_1': 5, 'W_layer_units_exponent_2': 6, 'W_layer_units_exponent_3': 5, 'D_layers': 5, 'D_layer_units_exponent_0': 7, 'D_layer_units_exponent_1': 9, 'D_layer_units_exponent_2': 8, 'D_layer_units_exponent_3': 8, 'D_layer_units_exponent_4': 5, 'D_dagger_layers': 3, 'D_dagger_layer_units_exponent_0': 9, 'D_dagger_layer_units_exponent_1': 7, 'D_dagger_layer_units_exponent_2': 5, 'log_learning_rate': -2.885108282000499, 'log_learning_rate_D': -3.9605224268502353, 'log_learning_rate_D_dagger': -2.376726654944308, 'training_batch_size': 6, 'training_p': 7}
	 epoch  0 training error:  tensor(1.1600, device='cuda:0', grad_fn=<DivBackward0>)
Memory status after this epoch: 
Memory allocated:  179.47705078125
Memory cached:  366.0
	 epoch  10 training error:  tensor(0.6027, device='cuda:0', grad_fn=<DivBackward0>)
Memory status after this epoch: 
Memory allocated:  179.47705078125
Memory cached:  374.0
	 epoch  20 training error:  tensor(0.5382, device='cuda:0', grad_fn=<DivBackward0>)
Memory status after this epoch: 
Memory allocated:  179.47705078125
Memory cached:  368.0
	 epoch  30 training error:  tensor(0.5402, device='cuda:0', grad_fn=<DivBackward0>)
Memory status after this epoch: 
Memory allocated:  179.47705078125
Memory cached:  370.0
	 epoch  40 training error:  tensor(0.5419, device='cuda:0', grad_fn=<DivBackward0>)
Memory status after this epoch: 
Memory allocated:  179.47705078125
Memory cached:  372.0
	 epoch  50 training error:  tensor(0.5388, device='cuda:0', grad_fn=<DivBackward0>)
Memory status after this epoch: 
Memory allocated:  179.47705078125
Memory cached:  370.0
	 epoch  60 training error:  tensor(0.5170, device='cuda:0', grad_fn=<DivBackward0>)
Memory status after this epoch: 
Memory allocated:  179.47705078125
Memory cached:  368.0
	 epoch  70 training error:  tensor(0.4395, device='cuda:0', grad_fn=<DivBackward0>)
Memory status after this epoch: 
Memory allocated:  179.47705078125
Memory cached:  368.0
	 epoch  80 training error:  tensor(0.3011, device='cuda:0', grad_fn=<DivBackward0>)
Memory status after this epoch: 
Memory allocated:  179.47705078125
Memory cached:  370.0
	 epoch  90 training error:  tensor(0.3071, device='cuda:0', grad_fn=<DivBackward0>)
Memory status after this epoch: 
Memory allocated:  179.47705078125
Memory cached:  374.0
[I 2023-12-20 16:20:29,228] Trial 180 finished with value: 0.16101756691932678 and parameters: {'W_layers': 4, 'W_layer_units_exponent_0': 8, 'W_layer_units_exponent_1': 5, 'W_layer_units_exponent_2': 6, 'W_layer_units_exponent_3': 5, 'D_layers': 5, 'D_layer_units_exponent_0': 7, 'D_layer_units_exponent_1': 9, 'D_layer_units_exponent_2': 8, 'D_layer_units_exponent_3': 8, 'D_layer_units_exponent_4': 5, 'D_dagger_layers': 3, 'D_dagger_layer_units_exponent_0': 9, 'D_dagger_layer_units_exponent_1': 7, 'D_dagger_layer_units_exponent_2': 5, 'log_learning_rate': -2.885108282000499, 'log_learning_rate_D': -3.9605224268502353, 'log_learning_rate_D_dagger': -2.376726654944308, 'training_batch_size': 6, 'training_p': 7}. Best is trial 171 with value: 0.11988115310668945.
Time for this trial:  300.49362421035767
Memory status after this trial: 
Memory allocated:  295.3388671875
Memory cached:  368.0
--------------------  Trial  181   --------------------
Start timing: 
Parameters: 
{'W_layers': 5, 'W_layer_units_exponent_0': 8, 'W_layer_units_exponent_1': 5, 'W_layer_units_exponent_2': 6, 'W_layer_units_exponent_3': 6, 'W_layer_units_exponent_4': 8, 'D_layers': 5, 'D_layer_units_exponent_0': 7, 'D_layer_units_exponent_1': 9, 'D_layer_units_exponent_2': 8, 'D_layer_units_exponent_3': 8, 'D_layer_units_exponent_4': 4, 'D_dagger_layers': 3, 'D_dagger_layer_units_exponent_0': 9, 'D_dagger_layer_units_exponent_1': 4, 'D_dagger_layer_units_exponent_2': 5, 'log_learning_rate': -2.7988851572757927, 'log_learning_rate_D': -4.10781823849275, 'log_learning_rate_D_dagger': -2.3056791204074485, 'training_batch_size': 10, 'training_p': 7}
	 epoch  0 training error:  tensor(0.9870, device='cuda:0', grad_fn=<DivBackward0>)
Memory status after this epoch: 
Memory allocated:  178.74658203125
Memory cached:  370.0
	 epoch  10 training error:  tensor(0.5669, device='cuda:0', grad_fn=<DivBackward0>)
Memory status after this epoch: 
Memory allocated:  178.74658203125
Memory cached:  378.0
	 epoch  20 training error:  tensor(0.5369, device='cuda:0', grad_fn=<DivBackward0>)
Memory status after this epoch: 
Memory allocated:  178.74658203125
Memory cached:  380.0
	 epoch  30 training error:  tensor(0.5307, device='cuda:0', grad_fn=<DivBackward0>)
Memory status after this epoch: 
Memory allocated:  178.74658203125
Memory cached:  378.0
	 epoch  40 training error:  tensor(0.5484, device='cuda:0', grad_fn=<DivBackward0>)
Memory status after this epoch: 
Memory allocated:  178.74658203125
Memory cached:  380.0
	 epoch  50 training error:  tensor(0.5442, device='cuda:0', grad_fn=<DivBackward0>)
Memory status after this epoch: 
Memory allocated:  178.74658203125
Memory cached:  378.0
	 epoch  60 training error:  tensor(0.5160, device='cuda:0', grad_fn=<DivBackward0>)
Memory status after this epoch: 
Memory allocated:  178.74658203125
Memory cached:  380.0
	 epoch  70 training error:  tensor(0.4964, device='cuda:0', grad_fn=<DivBackward0>)
Memory status after this epoch: 
Memory allocated:  178.74658203125
Memory cached:  376.0
	 epoch  80 training error:  tensor(0.4116, device='cuda:0', grad_fn=<DivBackward0>)
Memory status after this epoch: 
Memory allocated:  178.74658203125
Memory cached:  380.0
	 epoch  90 training error:  tensor(0.4119, device='cuda:0', grad_fn=<DivBackward0>)
Memory status after this epoch: 
Memory allocated:  178.74658203125
Memory cached:  380.0
[I 2023-12-20 16:23:30,867] Trial 181 finished with value: 0.22057752311229706 and parameters: {'W_layers': 5, 'W_layer_units_exponent_0': 8, 'W_layer_units_exponent_1': 5, 'W_layer_units_exponent_2': 6, 'W_layer_units_exponent_3': 6, 'W_layer_units_exponent_4': 8, 'D_layers': 5, 'D_layer_units_exponent_0': 7, 'D_layer_units_exponent_1': 9, 'D_layer_units_exponent_2': 8, 'D_layer_units_exponent_3': 8, 'D_layer_units_exponent_4': 4, 'D_dagger_layers': 3, 'D_dagger_layer_units_exponent_0': 9, 'D_dagger_layer_units_exponent_1': 4, 'D_dagger_layer_units_exponent_2': 5, 'log_learning_rate': -2.7988851572757927, 'log_learning_rate_D': -4.10781823849275, 'log_learning_rate_D_dagger': -2.3056791204074485, 'training_batch_size': 10, 'training_p': 7}. Best is trial 171 with value: 0.11988115310668945.
Time for this trial:  181.2152135372162
Memory status after this trial: 
Memory allocated:  302.2177734375
Memory cached:  374.0
--------------------  Trial  182   --------------------
Start timing: 
Parameters: 
{'W_layers': 5, 'W_layer_units_exponent_0': 8, 'W_layer_units_exponent_1': 4, 'W_layer_units_exponent_2': 6, 'W_layer_units_exponent_3': 6, 'W_layer_units_exponent_4': 6, 'D_layers': 5, 'D_layer_units_exponent_0': 7, 'D_layer_units_exponent_1': 9, 'D_layer_units_exponent_2': 7, 'D_layer_units_exponent_3': 8, 'D_layer_units_exponent_4': 4, 'D_dagger_layers': 3, 'D_dagger_layer_units_exponent_0': 9, 'D_dagger_layer_units_exponent_1': 4, 'D_dagger_layer_units_exponent_2': 6, 'log_learning_rate': -3.0286831490531796, 'log_learning_rate_D': -4.258485586664855, 'log_learning_rate_D_dagger': -2.5236930943353646, 'training_batch_size': 6, 'training_p': 7}
	 epoch  0 training error:  tensor(0.8838, device='cuda:0', grad_fn=<DivBackward0>)
Memory status after this epoch: 
Memory allocated:  177.00830078125
Memory cached:  366.0
	 epoch  10 training error:  tensor(0.5381, device='cuda:0', grad_fn=<DivBackward0>)
Memory status after this epoch: 
Memory allocated:  177.00830078125
Memory cached:  366.0
	 epoch  20 training error:  tensor(0.5355, device='cuda:0', grad_fn=<DivBackward0>)
Memory status after this epoch: 
Memory allocated:  177.00830078125
Memory cached:  366.0
	 epoch  30 training error:  tensor(0.5441, device='cuda:0', grad_fn=<DivBackward0>)
Memory status after this epoch: 
Memory allocated:  177.00830078125
Memory cached:  366.0
	 epoch  40 training error:  tensor(0.5316, device='cuda:0', grad_fn=<DivBackward0>)
Memory status after this epoch: 
Memory allocated:  177.00830078125
Memory cached:  366.0
	 epoch  50 training error:  tensor(0.5287, device='cuda:0', grad_fn=<DivBackward0>)
Memory status after this epoch: 
Memory allocated:  177.00830078125
Memory cached:  366.0
	 epoch  60 training error:  tensor(0.5213, device='cuda:0', grad_fn=<DivBackward0>)
Memory status after this epoch: 
Memory allocated:  177.00830078125
Memory cached:  366.0
	 epoch  70 training error:  tensor(0.5136, device='cuda:0', grad_fn=<DivBackward0>)
Memory status after this epoch: 
Memory allocated:  177.00830078125
Memory cached:  366.0
	 epoch  80 training error:  tensor(0.4913, device='cuda:0', grad_fn=<DivBackward0>)
Memory status after this epoch: 
Memory allocated:  177.00830078125
Memory cached:  366.0
	 epoch  90 training error:  tensor(0.4583, device='cuda:0', grad_fn=<DivBackward0>)
Memory status after this epoch: 
Memory allocated:  177.00830078125
Memory cached:  366.0
