[I 2024-01-25 21:33:31,672] Trial 408 finished with value: 0.08460693806409836 and parameters: {'W_layers': 8, 'W_layer_units_exponent_0': 4, 'W_layer_units_exponent_1': 4, 'W_layer_units_exponent_2': 6, 'W_layer_units_exponent_3': 6, 'W_layer_units_exponent_4': 9, 'W_layer_units_exponent_5': 4, 'W_layer_units_exponent_6': 10, 'W_layer_units_exponent_7': 10, 'D_layers': 7, 'D_layer_units_exponent_0': 8, 'D_layer_units_exponent_1': 7, 'D_layer_units_exponent_2': 5, 'D_layer_units_exponent_3': 9, 'D_layer_units_exponent_4': 9, 'D_layer_units_exponent_5': 7, 'D_layer_units_exponent_6': 9, 'D_dagger_layers': 8, 'D_dagger_layer_units_exponent_0': 8, 'D_dagger_layer_units_exponent_1': 10, 'D_dagger_layer_units_exponent_2': 5, 'D_dagger_layer_units_exponent_3': 4, 'D_dagger_layer_units_exponent_4': 10, 'D_dagger_layer_units_exponent_5': 5, 'D_dagger_layer_units_exponent_6': 4, 'D_dagger_layer_units_exponent_7': 5, 'log_learning_rate': -3.732355358033078, 'log_learning_rate_D': -3.2559812756431543, 'log_learning_rate_D_dagger': -3.734413680564748, 'training_batch_size': 6, 'training_p': 5}. Best is trial 332 with value: 0.05854595825076103.
Time for this trial:  711.6663799285889
Memory status after this trial: 
Memory allocated:  1484.85302734375
Memory cached:  1498.0
--------------------  Trial  409   --------------------
Start timing: 
Parameters: 
{'W_layers': 8, 'W_layer_units_exponent_0': 4, 'W_layer_units_exponent_1': 4, 'W_layer_units_exponent_2': 6, 'W_layer_units_exponent_3': 6, 'W_layer_units_exponent_4': 10, 'W_layer_units_exponent_5': 9, 'W_layer_units_exponent_6': 10, 'W_layer_units_exponent_7': 10, 'D_layers': 7, 'D_layer_units_exponent_0': 8, 'D_layer_units_exponent_1': 7, 'D_layer_units_exponent_2': 5, 'D_layer_units_exponent_3': 9, 'D_layer_units_exponent_4': 9, 'D_layer_units_exponent_5': 8, 'D_layer_units_exponent_6': 9, 'D_dagger_layers': 8, 'D_dagger_layer_units_exponent_0': 8, 'D_dagger_layer_units_exponent_1': 10, 'D_dagger_layer_units_exponent_2': 5, 'D_dagger_layer_units_exponent_3': 4, 'D_dagger_layer_units_exponent_4': 10, 'D_dagger_layer_units_exponent_5': 7, 'D_dagger_layer_units_exponent_6': 4, 'D_dagger_layer_units_exponent_7': 7, 'log_learning_rate': -3.7997748472791324, 'log_learning_rate_D': -3.5580494622601044, 'log_learning_rate_D_dagger': -3.605169549036906, 'training_batch_size': 6, 'training_p': 5}
	 epoch  0 training error:  tensor(0.9050, device='cuda:0', grad_fn=<DivBackward0>)
Memory status after this epoch: 
Memory allocated:  770.70263671875
Memory cached:  1278.0
	 epoch  10 training error:  tensor(0.3754, device='cuda:0', grad_fn=<DivBackward0>)
Memory status after this epoch: 
Memory allocated:  770.70263671875
Memory cached:  1312.0
	 epoch  20 training error:  tensor(0.3237, device='cuda:0', grad_fn=<DivBackward0>)
Memory status after this epoch: 
Memory allocated:  770.70263671875
Memory cached:  1316.0
	 epoch  30 training error:  tensor(0.3257, device='cuda:0', grad_fn=<DivBackward0>)
Memory status after this epoch: 
Memory allocated:  770.70263671875
Memory cached:  1306.0
	 epoch  40 training error:  tensor(0.3149, device='cuda:0', grad_fn=<DivBackward0>)
Memory status after this epoch: 
Memory allocated:  770.70263671875
Memory cached:  1316.0
	 epoch  50 training error:  tensor(0.3086, device='cuda:0', grad_fn=<DivBackward0>)
Memory status after this epoch: 
Memory allocated:  770.70263671875
Memory cached:  1312.0
	 epoch  60 training error:  tensor(0.2960, device='cuda:0', grad_fn=<DivBackward0>)
Memory status after this epoch: 
Memory allocated:  770.70263671875
Memory cached:  1310.0
	 epoch  70 training error:  tensor(0.2895, device='cuda:0', grad_fn=<DivBackward0>)
Memory status after this epoch: 
Memory allocated:  770.70263671875
Memory cached:  1310.0
	 epoch  80 training error:  tensor(0.2453, device='cuda:0', grad_fn=<DivBackward0>)
Memory status after this epoch: 
Memory allocated:  770.70263671875
Memory cached:  1320.0
	 epoch  90 training error:  tensor(0.1675, device='cuda:0', grad_fn=<DivBackward0>)
Memory status after this epoch: 
Memory allocated:  770.70263671875
Memory cached:  1312.0
[I 2024-01-25 21:45:34,706] Trial 409 finished with value: 0.08114097267389297 and parameters: {'W_layers': 8, 'W_layer_units_exponent_0': 4, 'W_layer_units_exponent_1': 4, 'W_layer_units_exponent_2': 6, 'W_layer_units_exponent_3': 6, 'W_layer_units_exponent_4': 10, 'W_layer_units_exponent_5': 9, 'W_layer_units_exponent_6': 10, 'W_layer_units_exponent_7': 10, 'D_layers': 7, 'D_layer_units_exponent_0': 8, 'D_layer_units_exponent_1': 7, 'D_layer_units_exponent_2': 5, 'D_layer_units_exponent_3': 9, 'D_layer_units_exponent_4': 9, 'D_layer_units_exponent_5': 8, 'D_layer_units_exponent_6': 9, 'D_dagger_layers': 8, 'D_dagger_layer_units_exponent_0': 8, 'D_dagger_layer_units_exponent_1': 10, 'D_dagger_layer_units_exponent_2': 5, 'D_dagger_layer_units_exponent_3': 4, 'D_dagger_layer_units_exponent_4': 10, 'D_dagger_layer_units_exponent_5': 7, 'D_dagger_layer_units_exponent_6': 4, 'D_dagger_layer_units_exponent_7': 7, 'log_learning_rate': -3.7997748472791324, 'log_learning_rate_D': -3.5580494622601044, 'log_learning_rate_D_dagger': -3.605169549036906, 'training_batch_size': 6, 'training_p': 5}. Best is trial 332 with value: 0.05854595825076103.
Time for this trial:  722.2617814540863
Memory status after this trial: 
Memory allocated:  1634.94091796875
Memory cached:  1662.0
--------------------  Trial  410   --------------------
Start timing: 
Parameters: 
{'W_layers': 8, 'W_layer_units_exponent_0': 4, 'W_layer_units_exponent_1': 4, 'W_layer_units_exponent_2': 6, 'W_layer_units_exponent_3': 6, 'W_layer_units_exponent_4': 10, 'W_layer_units_exponent_5': 9, 'W_layer_units_exponent_6': 10, 'W_layer_units_exponent_7': 10, 'D_layers': 7, 'D_layer_units_exponent_0': 8, 'D_layer_units_exponent_1': 7, 'D_layer_units_exponent_2': 5, 'D_layer_units_exponent_3': 9, 'D_layer_units_exponent_4': 9, 'D_layer_units_exponent_5': 8, 'D_layer_units_exponent_6': 9, 'D_dagger_layers': 8, 'D_dagger_layer_units_exponent_0': 8, 'D_dagger_layer_units_exponent_1': 10, 'D_dagger_layer_units_exponent_2': 5, 'D_dagger_layer_units_exponent_3': 4, 'D_dagger_layer_units_exponent_4': 10, 'D_dagger_layer_units_exponent_5': 5, 'D_dagger_layer_units_exponent_6': 4, 'D_dagger_layer_units_exponent_7': 5, 'log_learning_rate': -3.9346914205588543, 'log_learning_rate_D': -3.239989916422542, 'log_learning_rate_D_dagger': -3.591178713882662, 'training_batch_size': 6, 'training_p': 5}
	 epoch  0 training error:  tensor(0.9523, device='cuda:0', grad_fn=<DivBackward0>)
Memory status after this epoch: 
Memory allocated:  769.15576171875
Memory cached:  1280.0
	 epoch  10 training error:  tensor(0.3856, device='cuda:0', grad_fn=<DivBackward0>)
Memory status after this epoch: 
Memory allocated:  769.15576171875
Memory cached:  1308.0
	 epoch  20 training error:  tensor(0.3338, device='cuda:0', grad_fn=<DivBackward0>)
Memory status after this epoch: 
Memory allocated:  769.15576171875
Memory cached:  1320.0
	 epoch  30 training error:  tensor(0.3032, device='cuda:0', grad_fn=<DivBackward0>)
Memory status after this epoch: 
Memory allocated:  769.15576171875
Memory cached:  1310.0
	 epoch  40 training error:  tensor(0.3179, device='cuda:0', grad_fn=<DivBackward0>)
Memory status after this epoch: 
Memory allocated:  769.15576171875
Memory cached:  1320.0
	 epoch  50 training error:  tensor(0.3015, device='cuda:0', grad_fn=<DivBackward0>)
Memory status after this epoch: 
Memory allocated:  769.15576171875
Memory cached:  1320.0
	 epoch  60 training error:  tensor(0.3023, device='cuda:0', grad_fn=<DivBackward0>)
Memory status after this epoch: 
Memory allocated:  769.15576171875
Memory cached:  1318.0
	 epoch  70 training error:  tensor(0.2995, device='cuda:0', grad_fn=<DivBackward0>)
Memory status after this epoch: 
Memory allocated:  769.15576171875
Memory cached:  1318.0
	 epoch  80 training error:  tensor(0.2981, device='cuda:0', grad_fn=<DivBackward0>)
Memory status after this epoch: 
Memory allocated:  769.15576171875
Memory cached:  1318.0
	 epoch  90 training error:  tensor(0.2882, device='cuda:0', grad_fn=<DivBackward0>)
Memory status after this epoch: 
Memory allocated:  769.15576171875
Memory cached:  1314.0
[I 2024-01-25 21:57:35,819] Trial 410 finished with value: 0.16595768928527832 and parameters: {'W_layers': 8, 'W_layer_units_exponent_0': 4, 'W_layer_units_exponent_1': 4, 'W_layer_units_exponent_2': 6, 'W_layer_units_exponent_3': 6, 'W_layer_units_exponent_4': 10, 'W_layer_units_exponent_5': 9, 'W_layer_units_exponent_6': 10, 'W_layer_units_exponent_7': 10, 'D_layers': 7, 'D_layer_units_exponent_0': 8, 'D_layer_units_exponent_1': 7, 'D_layer_units_exponent_2': 5, 'D_layer_units_exponent_3': 9, 'D_layer_units_exponent_4': 9, 'D_layer_units_exponent_5': 8, 'D_layer_units_exponent_6': 9, 'D_dagger_layers': 8, 'D_dagger_layer_units_exponent_0': 8, 'D_dagger_layer_units_exponent_1': 10, 'D_dagger_layer_units_exponent_2': 5, 'D_dagger_layer_units_exponent_3': 4, 'D_dagger_layer_units_exponent_4': 10, 'D_dagger_layer_units_exponent_5': 5, 'D_dagger_layer_units_exponent_6': 4, 'D_dagger_layer_units_exponent_7': 5, 'log_learning_rate': -3.9346914205588543, 'log_learning_rate_D': -3.239989916422542, 'log_learning_rate_D_dagger': -3.591178713882662, 'training_batch_size': 6, 'training_p': 5}. Best is trial 332 with value: 0.05854595825076103.
Time for this trial:  720.2779402732849
Memory status after this trial: 
Memory allocated:  1615.12451171875
Memory cached:  1640.0
--------------------  Trial  411   --------------------
Start timing: 
Parameters: 
{'W_layers': 8, 'W_layer_units_exponent_0': 4, 'W_layer_units_exponent_1': 4, 'W_layer_units_exponent_2': 6, 'W_layer_units_exponent_3': 5, 'W_layer_units_exponent_4': 10, 'W_layer_units_exponent_5': 10, 'W_layer_units_exponent_6': 10, 'W_layer_units_exponent_7': 10, 'D_layers': 7, 'D_layer_units_exponent_0': 8, 'D_layer_units_exponent_1': 7, 'D_layer_units_exponent_2': 5, 'D_layer_units_exponent_3': 9, 'D_layer_units_exponent_4': 9, 'D_layer_units_exponent_5': 7, 'D_layer_units_exponent_6': 9, 'D_dagger_layers': 8, 'D_dagger_layer_units_exponent_0': 8, 'D_dagger_layer_units_exponent_1': 10, 'D_dagger_layer_units_exponent_2': 5, 'D_dagger_layer_units_exponent_3': 4, 'D_dagger_layer_units_exponent_4': 9, 'D_dagger_layer_units_exponent_5': 5, 'D_dagger_layer_units_exponent_6': 4, 'D_dagger_layer_units_exponent_7': 5, 'log_learning_rate': -3.7576258694204694, 'log_learning_rate_D': -3.5963330160066134, 'log_learning_rate_D_dagger': -4.250157742313203, 'training_batch_size': 6, 'training_p': 5}
	 epoch  0 training error:  tensor(0.8824, device='cuda:0', grad_fn=<DivBackward0>)
Memory status after this epoch: 
Memory allocated:  782.24755859375
Memory cached:  1302.0
	 epoch  10 training error:  tensor(0.5234, device='cuda:0', grad_fn=<DivBackward0>)
Memory status after this epoch: 
Memory allocated:  782.24755859375
Memory cached:  1332.0
	 epoch  20 training error:  tensor(0.3888, device='cuda:0', grad_fn=<DivBackward0>)
Memory status after this epoch: 
Memory allocated:  782.24755859375
Memory cached:  1336.0
	 epoch  30 training error:  tensor(0.3467, device='cuda:0', grad_fn=<DivBackward0>)
Memory status after this epoch: 
Memory allocated:  782.24755859375
Memory cached:  1338.0
	 epoch  40 training error:  tensor(0.3248, device='cuda:0', grad_fn=<DivBackward0>)
Memory status after this epoch: 
Memory allocated:  782.24755859375
Memory cached:  1338.0
	 epoch  50 training error:  tensor(0.3110, device='cuda:0', grad_fn=<DivBackward0>)
Memory status after this epoch: 
Memory allocated:  782.24755859375
Memory cached:  1332.0
	 epoch  60 training error:  tensor(0.3065, device='cuda:0', grad_fn=<DivBackward0>)
Memory status after this epoch: 
Memory allocated:  782.24755859375
Memory cached:  1338.0
	 epoch  70 training error:  tensor(0.2985, device='cuda:0', grad_fn=<DivBackward0>)
Memory status after this epoch: 
Memory allocated:  782.24755859375
Memory cached:  1334.0
	 epoch  80 training error:  tensor(0.2961, device='cuda:0', grad_fn=<DivBackward0>)
Memory status after this epoch: 
Memory allocated:  782.24755859375
Memory cached:  1326.0
	 epoch  90 training error:  tensor(0.2957, device='cuda:0', grad_fn=<DivBackward0>)
Memory status after this epoch: 
Memory allocated:  782.24755859375
Memory cached:  1326.0
[I 2024-01-25 22:09:34,567] Trial 411 finished with value: 0.18188481032848358 and parameters: {'W_layers': 8, 'W_layer_units_exponent_0': 4, 'W_layer_units_exponent_1': 4, 'W_layer_units_exponent_2': 6, 'W_layer_units_exponent_3': 5, 'W_layer_units_exponent_4': 10, 'W_layer_units_exponent_5': 10, 'W_layer_units_exponent_6': 10, 'W_layer_units_exponent_7': 10, 'D_layers': 7, 'D_layer_units_exponent_0': 8, 'D_layer_units_exponent_1': 7, 'D_layer_units_exponent_2': 5, 'D_layer_units_exponent_3': 9, 'D_layer_units_exponent_4': 9, 'D_layer_units_exponent_5': 7, 'D_layer_units_exponent_6': 9, 'D_dagger_layers': 8, 'D_dagger_layer_units_exponent_0': 8, 'D_dagger_layer_units_exponent_1': 10, 'D_dagger_layer_units_exponent_2': 5, 'D_dagger_layer_units_exponent_3': 4, 'D_dagger_layer_units_exponent_4': 9, 'D_dagger_layer_units_exponent_5': 5, 'D_dagger_layer_units_exponent_6': 4, 'D_dagger_layer_units_exponent_7': 5, 'log_learning_rate': -3.7576258694204694, 'log_learning_rate_D': -3.5963330160066134, 'log_learning_rate_D_dagger': -4.250157742313203, 'training_batch_size': 6, 'training_p': 5}. Best is trial 332 with value: 0.05854595825076103.
Time for this trial:  717.9908785820007
Memory status after this trial: 
Memory allocated:  1604.71728515625
Memory cached:  1620.0
--------------------  Trial  412   --------------------
Start timing: 
Parameters: 
{'W_layers': 8, 'W_layer_units_exponent_0': 4, 'W_layer_units_exponent_1': 4, 'W_layer_units_exponent_2': 6, 'W_layer_units_exponent_3': 6, 'W_layer_units_exponent_4': 10, 'W_layer_units_exponent_5': 8, 'W_layer_units_exponent_6': 10, 'W_layer_units_exponent_7': 10, 'D_layers': 7, 'D_layer_units_exponent_0': 8, 'D_layer_units_exponent_1': 7, 'D_layer_units_exponent_2': 5, 'D_layer_units_exponent_3': 9, 'D_layer_units_exponent_4': 9, 'D_layer_units_exponent_5': 8, 'D_layer_units_exponent_6': 9, 'D_dagger_layers': 8, 'D_dagger_layer_units_exponent_0': 8, 'D_dagger_layer_units_exponent_1': 10, 'D_dagger_layer_units_exponent_2': 5, 'D_dagger_layer_units_exponent_3': 4, 'D_dagger_layer_units_exponent_4': 10, 'D_dagger_layer_units_exponent_5': 5, 'D_dagger_layer_units_exponent_6': 4, 'D_dagger_layer_units_exponent_7': 6, 'log_learning_rate': -3.7709532019236702, 'log_learning_rate_D': -3.683156814320305, 'log_learning_rate_D_dagger': -3.6257592659293656, 'training_batch_size': 6, 'training_p': 6}
	 epoch  0 training error:  tensor(0.9436, device='cuda:0', grad_fn=<DivBackward0>)
Memory status after this epoch: 
Memory allocated:  761.15966796875
Memory cached:  1282.0
	 epoch  10 training error:  tensor(0.4046, device='cuda:0', grad_fn=<DivBackward0>)
Memory status after this epoch: 
Memory allocated:  761.15966796875
Memory cached:  1308.0
	 epoch  20 training error:  tensor(0.3486, device='cuda:0', grad_fn=<DivBackward0>)
Memory status after this epoch: 
Memory allocated:  761.15966796875
Memory cached:  1318.0
	 epoch  30 training error:  tensor(0.3218, device='cuda:0', grad_fn=<DivBackward0>)
Memory status after this epoch: 
Memory allocated:  761.15966796875
Memory cached:  1320.0
	 epoch  40 training error:  tensor(0.3117, device='cuda:0', grad_fn=<DivBackward0>)
Memory status after this epoch: 
Memory allocated:  761.15966796875
Memory cached:  1310.0
	 epoch  50 training error:  tensor(0.3076, device='cuda:0', grad_fn=<DivBackward0>)
Memory status after this epoch: 
Memory allocated:  761.15966796875
Memory cached:  1318.0
	 epoch  60 training error:  tensor(0.3236, device='cuda:0', grad_fn=<DivBackward0>)
Memory status after this epoch: 
Memory allocated:  761.15966796875
Memory cached:  1312.0
	 epoch  70 training error:  tensor(0.2823, device='cuda:0', grad_fn=<DivBackward0>)
Memory status after this epoch: 
Memory allocated:  761.15966796875
Memory cached:  1322.0
	 epoch  80 training error:  tensor(0.2525, device='cuda:0', grad_fn=<DivBackward0>)
Memory status after this epoch: 
Memory allocated:  761.15966796875
Memory cached:  1322.0
	 epoch  90 training error:  tensor(0.2010, device='cuda:0', grad_fn=<DivBackward0>)
Memory status after this epoch: 
Memory allocated:  761.15966796875
Memory cached:  1318.0
[I 2024-01-25 22:21:34,379] Trial 412 finished with value: 0.08771864324808121 and parameters: {'W_layers': 8, 'W_layer_units_exponent_0': 4, 'W_layer_units_exponent_1': 4, 'W_layer_units_exponent_2': 6, 'W_layer_units_exponent_3': 6, 'W_layer_units_exponent_4': 10, 'W_layer_units_exponent_5': 8, 'W_layer_units_exponent_6': 10, 'W_layer_units_exponent_7': 10, 'D_layers': 7, 'D_layer_units_exponent_0': 8, 'D_layer_units_exponent_1': 7, 'D_layer_units_exponent_2': 5, 'D_layer_units_exponent_3': 9, 'D_layer_units_exponent_4': 9, 'D_layer_units_exponent_5': 8, 'D_layer_units_exponent_6': 9, 'D_dagger_layers': 8, 'D_dagger_layer_units_exponent_0': 8, 'D_dagger_layer_units_exponent_1': 10, 'D_dagger_layer_units_exponent_2': 5, 'D_dagger_layer_units_exponent_3': 4, 'D_dagger_layer_units_exponent_4': 10, 'D_dagger_layer_units_exponent_5': 5, 'D_dagger_layer_units_exponent_6': 4, 'D_dagger_layer_units_exponent_7': 6, 'log_learning_rate': -3.7709532019236702, 'log_learning_rate_D': -3.683156814320305, 'log_learning_rate_D_dagger': -3.6257592659293656, 'training_batch_size': 6, 'training_p': 6}. Best is trial 332 with value: 0.05854595825076103.
Time for this trial:  719.1058650016785
Memory status after this trial: 
Memory allocated:  1586.71240234375
Memory cached:  1604.0
--------------------  Trial  413   --------------------
Start timing: 
Parameters: 
{'W_layers': 8, 'W_layer_units_exponent_0': 4, 'W_layer_units_exponent_1': 4, 'W_layer_units_exponent_2': 6, 'W_layer_units_exponent_3': 6, 'W_layer_units_exponent_4': 10, 'W_layer_units_exponent_5': 8, 'W_layer_units_exponent_6': 10, 'W_layer_units_exponent_7': 10, 'D_layers': 7, 'D_layer_units_exponent_0': 8, 'D_layer_units_exponent_1': 7, 'D_layer_units_exponent_2': 5, 'D_layer_units_exponent_3': 9, 'D_layer_units_exponent_4': 9, 'D_layer_units_exponent_5': 7, 'D_layer_units_exponent_6': 9, 'D_dagger_layers': 8, 'D_dagger_layer_units_exponent_0': 8, 'D_dagger_layer_units_exponent_1': 10, 'D_dagger_layer_units_exponent_2': 5, 'D_dagger_layer_units_exponent_3': 4, 'D_dagger_layer_units_exponent_4': 10, 'D_dagger_layer_units_exponent_5': 5, 'D_dagger_layer_units_exponent_6': 4, 'D_dagger_layer_units_exponent_7': 7, 'log_learning_rate': -4.092140260745594, 'log_learning_rate_D': -3.5579849070828673, 'log_learning_rate_D_dagger': -3.727718427287485, 'training_batch_size': 7, 'training_p': 5}
	 epoch  0 training error:  tensor(0.9910, device='cuda:0', grad_fn=<DivBackward0>)
Memory status after this epoch: 
Memory allocated:  759.12353515625
Memory cached:  1290.0
	 epoch  10 training error:  tensor(0.4431, device='cuda:0', grad_fn=<DivBackward0>)
Memory status after this epoch: 
Memory allocated:  759.12353515625
Memory cached:  1344.0
	 epoch  20 training error:  tensor(0.3811, device='cuda:0', grad_fn=<DivBackward0>)
Memory status after this epoch: 
Memory allocated:  759.12353515625
Memory cached:  1338.0
	 epoch  30 training error:  tensor(0.3402, device='cuda:0', grad_fn=<DivBackward0>)
Memory status after this epoch: 
Memory allocated:  759.12353515625
Memory cached:  1334.0
	 epoch  40 training error:  tensor(0.3248, device='cuda:0', grad_fn=<DivBackward0>)
Memory status after this epoch: 
Memory allocated:  759.12353515625
Memory cached:  1328.0
	 epoch  50 training error:  tensor(0.3122, device='cuda:0', grad_fn=<DivBackward0>)
Memory status after this epoch: 
Memory allocated:  759.12353515625
Memory cached:  1336.0
	 epoch  60 training error:  tensor(0.3088, device='cuda:0', grad_fn=<DivBackward0>)
Memory status after this epoch: 
Memory allocated:  759.12353515625
Memory cached:  1334.0
	 epoch  70 training error:  tensor(0.3007, device='cuda:0', grad_fn=<DivBackward0>)
Memory status after this epoch: 
Memory allocated:  759.12353515625
Memory cached:  1340.0
	 epoch  80 training error:  tensor(0.2986, device='cuda:0', grad_fn=<DivBackward0>)
Memory status after this epoch: 
Memory allocated:  759.12353515625
Memory cached:  1330.0
	 epoch  90 training error:  tensor(0.3001, device='cuda:0', grad_fn=<DivBackward0>)
Memory status after this epoch: 
Memory allocated:  759.12353515625
Memory cached:  1340.0
