[I 2024-03-02 15:16:41,993] Trial 53 finished with value: 0.04821261391043663 and parameters: {'W_layers': 5, 'W_layer_units_exponent_0': 5, 'W_layer_units_exponent_1': 9, 'W_layer_units_exponent_2': 7, 'W_layer_units_exponent_3': 8, 'W_layer_units_exponent_4': 10, 'D_layers': 4, 'D_layer_units_exponent_0': 9, 'D_layer_units_exponent_1': 9, 'D_layer_units_exponent_2': 10, 'D_layer_units_exponent_3': 10, 'D_dagger_layers': 7, 'D_dagger_layer_units_exponent_0': 7, 'D_dagger_layer_units_exponent_1': 10, 'D_dagger_layer_units_exponent_2': 6, 'D_dagger_layer_units_exponent_3': 6, 'D_dagger_layer_units_exponent_4': 4, 'D_dagger_layer_units_exponent_5': 7, 'D_dagger_layer_units_exponent_6': 7, 'log_learning_rate': -1.3593458811240189, 'log_learning_rate_D': -4.1288576647497575, 'log_learning_rate_D_dagger': -2.750693221877853, 'training_batch_size': 6, 'training_p': 5}. Best is trial 27 with value: 0.019390789791941643.
Time for this trial:  3615.1445939540863
Memory status after this trial: 
Memory allocated:  3061.638671875
Memory cached:  3100.0
--------------------  Trial  54   --------------------
Start timing: 
Parameters: 
{'W_layers': 6, 'W_layer_units_exponent_0': 4, 'W_layer_units_exponent_1': 10, 'W_layer_units_exponent_2': 7, 'W_layer_units_exponent_3': 7, 'W_layer_units_exponent_4': 8, 'W_layer_units_exponent_5': 5, 'D_layers': 6, 'D_layer_units_exponent_0': 10, 'D_layer_units_exponent_1': 8, 'D_layer_units_exponent_2': 5, 'D_layer_units_exponent_3': 9, 'D_layer_units_exponent_4': 9, 'D_layer_units_exponent_5': 10, 'D_dagger_layers': 5, 'D_dagger_layer_units_exponent_0': 9, 'D_dagger_layer_units_exponent_1': 8, 'D_dagger_layer_units_exponent_2': 6, 'D_dagger_layer_units_exponent_3': 5, 'D_dagger_layer_units_exponent_4': 4, 'log_learning_rate': -1.0064862476733496, 'log_learning_rate_D': -3.7413823607805003, 'log_learning_rate_D_dagger': -2.965755584320195, 'training_batch_size': 7, 'training_p': 6}
	 epoch  0 training error:  tensor(1347.7054, grad_fn=<ToCopyBackward0>)
Memory status after this epoch: 
Memory allocated:  1746.80126953125
Memory cached:  2716.0
	 epoch  10 training error:  tensor(0.3510, grad_fn=<ToCopyBackward0>)
Memory status after this epoch: 
Memory allocated:  1746.80126953125
Memory cached:  2712.0
	 epoch  20 training error:  tensor(0.2933, grad_fn=<ToCopyBackward0>)
Memory status after this epoch: 
Memory allocated:  1746.80126953125
Memory cached:  2714.0
	 epoch  30 training error:  tensor(0.1580, grad_fn=<ToCopyBackward0>)
Memory status after this epoch: 
Memory allocated:  1746.80126953125
Memory cached:  2712.0
	 epoch  40 training error:  tensor(0.1081, grad_fn=<ToCopyBackward0>)
Memory status after this epoch: 
Memory allocated:  1746.80126953125
Memory cached:  2714.0
	 epoch  50 training error:  tensor(0.1251, grad_fn=<ToCopyBackward0>)
Memory status after this epoch: 
Memory allocated:  1746.80126953125
Memory cached:  2714.0
	 epoch  60 training error:  tensor(0.0729, grad_fn=<ToCopyBackward0>)
Memory status after this epoch: 
Memory allocated:  1746.80126953125
Memory cached:  2714.0
	 epoch  70 training error:  tensor(0.0764, grad_fn=<ToCopyBackward0>)
Memory status after this epoch: 
Memory allocated:  1746.80126953125
Memory cached:  2710.0
	 epoch  80 training error:  tensor(0.0617, grad_fn=<ToCopyBackward0>)
Memory status after this epoch: 
Memory allocated:  1746.80126953125
Memory cached:  2710.0
	 epoch  90 training error:  tensor(0.0560, grad_fn=<ToCopyBackward0>)
Memory status after this epoch: 
Memory allocated:  1746.80126953125
Memory cached:  2710.0
[I 2024-03-02 15:47:54,609] Trial 54 finished with value: 0.04165497049689293 and parameters: {'W_layers': 6, 'W_layer_units_exponent_0': 4, 'W_layer_units_exponent_1': 10, 'W_layer_units_exponent_2': 7, 'W_layer_units_exponent_3': 7, 'W_layer_units_exponent_4': 8, 'W_layer_units_exponent_5': 5, 'D_layers': 6, 'D_layer_units_exponent_0': 10, 'D_layer_units_exponent_1': 8, 'D_layer_units_exponent_2': 5, 'D_layer_units_exponent_3': 9, 'D_layer_units_exponent_4': 9, 'D_layer_units_exponent_5': 10, 'D_dagger_layers': 5, 'D_dagger_layer_units_exponent_0': 9, 'D_dagger_layer_units_exponent_1': 8, 'D_dagger_layer_units_exponent_2': 6, 'D_dagger_layer_units_exponent_3': 5, 'D_dagger_layer_units_exponent_4': 4, 'log_learning_rate': -1.0064862476733496, 'log_learning_rate_D': -3.7413823607805003, 'log_learning_rate_D_dagger': -2.965755584320195, 'training_batch_size': 7, 'training_p': 6}. Best is trial 27 with value: 0.019390789791941643.
Time for this trial:  1871.7996680736542
Memory status after this trial: 
Memory allocated:  2929.99072265625
Memory cached:  2972.0
--------------------  Trial  55   --------------------
Start timing: 
Parameters: 
{'W_layers': 4, 'W_layer_units_exponent_0': 6, 'W_layer_units_exponent_1': 10, 'W_layer_units_exponent_2': 8, 'W_layer_units_exponent_3': 6, 'D_layers': 5, 'D_layer_units_exponent_0': 10, 'D_layer_units_exponent_1': 10, 'D_layer_units_exponent_2': 9, 'D_layer_units_exponent_3': 10, 'D_layer_units_exponent_4': 10, 'D_dagger_layers': 6, 'D_dagger_layer_units_exponent_0': 8, 'D_dagger_layer_units_exponent_1': 9, 'D_dagger_layer_units_exponent_2': 5, 'D_dagger_layer_units_exponent_3': 7, 'D_dagger_layer_units_exponent_4': 10, 'D_dagger_layer_units_exponent_5': 10, 'log_learning_rate': -3.102514721256589, 'log_learning_rate_D': -3.2522493072795733, 'log_learning_rate_D_dagger': -2.506981641775088, 'training_batch_size': 6, 'training_p': 7}
	 epoch  0 training error:  tensor(2.0692, grad_fn=<ToCopyBackward0>)
Memory status after this epoch: 
Memory allocated:  1812.2529296875
Memory cached:  2818.0
	 epoch  10 training error:  tensor(0.4470, grad_fn=<ToCopyBackward0>)
Memory status after this epoch: 
Memory allocated:  1812.2529296875
Memory cached:  2840.0
	 epoch  20 training error:  tensor(0.3704, grad_fn=<ToCopyBackward0>)
Memory status after this epoch: 
Memory allocated:  1812.2529296875
Memory cached:  2840.0
	 epoch  30 training error:  tensor(0.3639, grad_fn=<ToCopyBackward0>)
Memory status after this epoch: 
Memory allocated:  1812.2529296875
Memory cached:  2840.0
	 epoch  40 training error:  tensor(0.3648, grad_fn=<ToCopyBackward0>)
Memory status after this epoch: 
Memory allocated:  1812.2529296875
Memory cached:  2840.0
	 epoch  50 training error:  tensor(0.3547, grad_fn=<ToCopyBackward0>)
Memory status after this epoch: 
Memory allocated:  1812.2529296875
Memory cached:  2840.0
	 epoch  60 training error:  tensor(0.3562, grad_fn=<ToCopyBackward0>)
Memory status after this epoch: 
Memory allocated:  1812.2529296875
Memory cached:  2840.0
	 epoch  70 training error:  tensor(0.3379, grad_fn=<ToCopyBackward0>)
Memory status after this epoch: 
Memory allocated:  1812.2529296875
Memory cached:  2840.0
	 epoch  80 training error:  tensor(0.3371, grad_fn=<ToCopyBackward0>)
Memory status after this epoch: 
Memory allocated:  1812.2529296875
Memory cached:  2840.0
	 epoch  90 training error:  tensor(0.3351, grad_fn=<ToCopyBackward0>)
Memory status after this epoch: 
Memory allocated:  1812.2529296875
Memory cached:  2840.0
[I 2024-03-02 16:45:40,648] Trial 55 finished with value: 0.25484904646873474 and parameters: {'W_layers': 4, 'W_layer_units_exponent_0': 6, 'W_layer_units_exponent_1': 10, 'W_layer_units_exponent_2': 8, 'W_layer_units_exponent_3': 6, 'D_layers': 5, 'D_layer_units_exponent_0': 10, 'D_layer_units_exponent_1': 10, 'D_layer_units_exponent_2': 9, 'D_layer_units_exponent_3': 10, 'D_layer_units_exponent_4': 10, 'D_dagger_layers': 6, 'D_dagger_layer_units_exponent_0': 8, 'D_dagger_layer_units_exponent_1': 9, 'D_dagger_layer_units_exponent_2': 5, 'D_dagger_layer_units_exponent_3': 7, 'D_dagger_layer_units_exponent_4': 10, 'D_dagger_layer_units_exponent_5': 10, 'log_learning_rate': -3.102514721256589, 'log_learning_rate_D': -3.2522493072795733, 'log_learning_rate_D_dagger': -2.506981641775088, 'training_batch_size': 6, 'training_p': 7}. Best is trial 27 with value: 0.019390789791941643.
Time for this trial:  3464.937008857727
Memory status after this trial: 
Memory allocated:  3585.548828125
Memory cached:  3618.0
--------------------  Trial  56   --------------------
Start timing: 
Parameters: 
{'W_layers': 6, 'W_layer_units_exponent_0': 5, 'W_layer_units_exponent_1': 9, 'W_layer_units_exponent_2': 7, 'W_layer_units_exponent_3': 4, 'W_layer_units_exponent_4': 10, 'W_layer_units_exponent_5': 9, 'D_layers': 6, 'D_layer_units_exponent_0': 10, 'D_layer_units_exponent_1': 7, 'D_layer_units_exponent_2': 10, 'D_layer_units_exponent_3': 5, 'D_layer_units_exponent_4': 9, 'D_layer_units_exponent_5': 9, 'D_dagger_layers': 5, 'D_dagger_layer_units_exponent_0': 7, 'D_dagger_layer_units_exponent_1': 5, 'D_dagger_layer_units_exponent_2': 6, 'D_dagger_layer_units_exponent_3': 7, 'D_dagger_layer_units_exponent_4': 5, 'log_learning_rate': -1.6485644193985682, 'log_learning_rate_D': -3.4724141250122984, 'log_learning_rate_D_dagger': -2.8991309529159652, 'training_batch_size': 7, 'training_p': 6}
	 epoch  0 training error:  tensor(77.6092, grad_fn=<ToCopyBackward0>)
Memory status after this epoch: 
Memory allocated:  1742.63671875
Memory cached:  2698.0
	 epoch  10 training error:  tensor(0.5741, grad_fn=<ToCopyBackward0>)
Memory status after this epoch: 
Memory allocated:  1742.63671875
Memory cached:  2686.0
	 epoch  20 training error:  tensor(0.4227, grad_fn=<ToCopyBackward0>)
Memory status after this epoch: 
Memory allocated:  1742.63671875
Memory cached:  2686.0
	 epoch  30 training error:  tensor(0.3395, grad_fn=<ToCopyBackward0>)
Memory status after this epoch: 
Memory allocated:  1742.63671875
Memory cached:  2688.0
	 epoch  40 training error:  tensor(0.3296, grad_fn=<ToCopyBackward0>)
Memory status after this epoch: 
Memory allocated:  1742.63671875
Memory cached:  2684.0
	 epoch  50 training error:  tensor(0.3265, grad_fn=<ToCopyBackward0>)
Memory status after this epoch: 
Memory allocated:  1742.63671875
Memory cached:  2688.0
	 epoch  60 training error:  tensor(0.2958, grad_fn=<ToCopyBackward0>)
Memory status after this epoch: 
Memory allocated:  1742.63671875
Memory cached:  2684.0
	 epoch  70 training error:  tensor(0.1909, grad_fn=<ToCopyBackward0>)
Memory status after this epoch: 
Memory allocated:  1742.63671875
Memory cached:  2686.0
	 epoch  80 training error:  tensor(0.1639, grad_fn=<ToCopyBackward0>)
Memory status after this epoch: 
Memory allocated:  1742.63671875
Memory cached:  2686.0
	 epoch  90 training error:  tensor(0.1672, grad_fn=<ToCopyBackward0>)
Memory status after this epoch: 
Memory allocated:  1742.63671875
Memory cached:  2686.0
[I 2024-03-02 17:16:32,481] Trial 56 finished with value: 0.112279511988163 and parameters: {'W_layers': 6, 'W_layer_units_exponent_0': 5, 'W_layer_units_exponent_1': 9, 'W_layer_units_exponent_2': 7, 'W_layer_units_exponent_3': 4, 'W_layer_units_exponent_4': 10, 'W_layer_units_exponent_5': 9, 'D_layers': 6, 'D_layer_units_exponent_0': 10, 'D_layer_units_exponent_1': 7, 'D_layer_units_exponent_2': 10, 'D_layer_units_exponent_3': 5, 'D_layer_units_exponent_4': 9, 'D_layer_units_exponent_5': 9, 'D_dagger_layers': 5, 'D_dagger_layer_units_exponent_0': 7, 'D_dagger_layer_units_exponent_1': 5, 'D_dagger_layer_units_exponent_2': 6, 'D_dagger_layer_units_exponent_3': 7, 'D_dagger_layer_units_exponent_4': 5, 'log_learning_rate': -1.6485644193985682, 'log_learning_rate_D': -3.4724141250122984, 'log_learning_rate_D_dagger': -2.8991309529159652, 'training_batch_size': 7, 'training_p': 6}. Best is trial 27 with value: 0.019390789791941643.
Time for this trial:  1851.050169467926
Memory status after this trial: 
Memory allocated:  2933.2041015625
Memory cached:  2974.0
--------------------  Trial  57   --------------------
Start timing: 
Parameters: 
{'W_layers': 5, 'W_layer_units_exponent_0': 4, 'W_layer_units_exponent_1': 10, 'W_layer_units_exponent_2': 8, 'W_layer_units_exponent_3': 8, 'W_layer_units_exponent_4': 9, 'D_layers': 5, 'D_layer_units_exponent_0': 9, 'D_layer_units_exponent_1': 9, 'D_layer_units_exponent_2': 9, 'D_layer_units_exponent_3': 10, 'D_layer_units_exponent_4': 10, 'D_dagger_layers': 5, 'D_dagger_layer_units_exponent_0': 9, 'D_dagger_layer_units_exponent_1': 10, 'D_dagger_layer_units_exponent_2': 7, 'D_dagger_layer_units_exponent_3': 8, 'D_dagger_layer_units_exponent_4': 5, 'log_learning_rate': -2.2149060904099165, 'log_learning_rate_D': -4.3193337598594725, 'log_learning_rate_D_dagger': -3.2343620592868314, 'training_batch_size': 6, 'training_p': 7}
	 epoch  0 training error:  tensor(6.4664, grad_fn=<ToCopyBackward0>)
Memory status after this epoch: 
Memory allocated:  1782.76123046875
Memory cached:  2736.0
	 epoch  10 training error:  tensor(0.3579, grad_fn=<ToCopyBackward0>)
Memory status after this epoch: 
Memory allocated:  1782.76123046875
Memory cached:  2736.0
	 epoch  20 training error:  tensor(0.2699, grad_fn=<ToCopyBackward0>)
Memory status after this epoch: 
Memory allocated:  1782.76123046875
Memory cached:  2736.0
	 epoch  30 training error:  tensor(0.1433, grad_fn=<ToCopyBackward0>)
Memory status after this epoch: 
Memory allocated:  1782.76123046875
Memory cached:  2736.0
	 epoch  40 training error:  tensor(0.1029, grad_fn=<ToCopyBackward0>)
Memory status after this epoch: 
Memory allocated:  1782.76123046875
Memory cached:  2736.0
	 epoch  50 training error:  tensor(0.0716, grad_fn=<ToCopyBackward0>)
Memory status after this epoch: 
Memory allocated:  1782.76123046875
Memory cached:  2736.0
	 epoch  60 training error:  tensor(0.0775, grad_fn=<ToCopyBackward0>)
Memory status after this epoch: 
Memory allocated:  1782.76123046875
Memory cached:  2736.0
	 epoch  70 training error:  tensor(0.0548, grad_fn=<ToCopyBackward0>)
Memory status after this epoch: 
Memory allocated:  1782.76123046875
Memory cached:  2736.0
	 epoch  80 training error:  tensor(0.0633, grad_fn=<ToCopyBackward0>)
Memory status after this epoch: 
Memory allocated:  1782.76123046875
Memory cached:  2736.0
	 epoch  90 training error:  tensor(0.0551, grad_fn=<ToCopyBackward0>)
Memory status after this epoch: 
Memory allocated:  1782.76123046875
Memory cached:  2736.0
[I 2024-03-02 18:11:39,025] Trial 57 finished with value: 0.0270866546779871 and parameters: {'W_layers': 5, 'W_layer_units_exponent_0': 4, 'W_layer_units_exponent_1': 10, 'W_layer_units_exponent_2': 8, 'W_layer_units_exponent_3': 8, 'W_layer_units_exponent_4': 9, 'D_layers': 5, 'D_layer_units_exponent_0': 9, 'D_layer_units_exponent_1': 9, 'D_layer_units_exponent_2': 9, 'D_layer_units_exponent_3': 10, 'D_layer_units_exponent_4': 10, 'D_dagger_layers': 5, 'D_dagger_layer_units_exponent_0': 9, 'D_dagger_layer_units_exponent_1': 10, 'D_dagger_layer_units_exponent_2': 7, 'D_dagger_layer_units_exponent_3': 8, 'D_dagger_layer_units_exponent_4': 5, 'log_learning_rate': -2.2149060904099165, 'log_learning_rate_D': -4.3193337598594725, 'log_learning_rate_D_dagger': -3.2343620592868314, 'training_batch_size': 6, 'training_p': 7}. Best is trial 27 with value: 0.019390789791941643.
Time for this trial:  3305.6377816200256
Memory status after this trial: 
Memory allocated:  3301.04541015625
Memory cached:  3342.0
--------------------  Trial  58   --------------------
Start timing: 
Parameters: 
{'W_layers': 4, 'W_layer_units_exponent_0': 4, 'W_layer_units_exponent_1': 7, 'W_layer_units_exponent_2': 8, 'W_layer_units_exponent_3': 8, 'D_layers': 4, 'D_layer_units_exponent_0': 9, 'D_layer_units_exponent_1': 9, 'D_layer_units_exponent_2': 9, 'D_layer_units_exponent_3': 9, 'D_dagger_layers': 5, 'D_dagger_layer_units_exponent_0': 10, 'D_dagger_layer_units_exponent_1': 10, 'D_dagger_layer_units_exponent_2': 8, 'D_dagger_layer_units_exponent_3': 8, 'D_dagger_layer_units_exponent_4': 4, 'log_learning_rate': -2.1977710792802005, 'log_learning_rate_D': -4.335055967908529, 'log_learning_rate_D_dagger': -4.080432175702312, 'training_batch_size': 7, 'training_p': 8}
	 epoch  0 training error:  tensor(1.4299, grad_fn=<ToCopyBackward0>)
Memory status after this epoch: 
Memory allocated:  1763.54248046875
Memory cached:  2710.0
	 epoch  10 training error:  tensor(0.3866, grad_fn=<ToCopyBackward0>)
Memory status after this epoch: 
Memory allocated:  1763.54248046875
Memory cached:  2710.0
	 epoch  20 training error:  tensor(0.3529, grad_fn=<ToCopyBackward0>)
Memory status after this epoch: 
Memory allocated:  1763.54248046875
Memory cached:  2712.0
	 epoch  30 training error:  tensor(0.3254, grad_fn=<ToCopyBackward0>)
Memory status after this epoch: 
Memory allocated:  1763.54248046875
Memory cached:  2712.0
	 epoch  40 training error:  tensor(0.2260, grad_fn=<ToCopyBackward0>)
Memory status after this epoch: 
Memory allocated:  1763.54248046875
Memory cached:  2706.0
	 epoch  50 training error:  tensor(0.1700, grad_fn=<ToCopyBackward0>)
Memory status after this epoch: 
Memory allocated:  1763.54248046875
Memory cached:  2712.0
	 epoch  60 training error:  tensor(0.1362, grad_fn=<ToCopyBackward0>)
Memory status after this epoch: 
Memory allocated:  1763.54248046875
Memory cached:  2710.0
	 epoch  70 training error:  tensor(0.1064, grad_fn=<ToCopyBackward0>)
Memory status after this epoch: 
Memory allocated:  1763.54248046875
Memory cached:  2716.0
	 epoch  80 training error:  tensor(0.0991, grad_fn=<ToCopyBackward0>)
Memory status after this epoch: 
Memory allocated:  1763.54248046875
Memory cached:  2712.0
	 epoch  90 training error:  tensor(0.0934, grad_fn=<ToCopyBackward0>)
Memory status after this epoch: 
Memory allocated:  1763.54248046875
Memory cached:  2712.0
[I 2024-03-02 18:37:15,289] Trial 58 finished with value: 0.06873047351837158 and parameters: {'W_layers': 4, 'W_layer_units_exponent_0': 4, 'W_layer_units_exponent_1': 7, 'W_layer_units_exponent_2': 8, 'W_layer_units_exponent_3': 8, 'D_layers': 4, 'D_layer_units_exponent_0': 9, 'D_layer_units_exponent_1': 9, 'D_layer_units_exponent_2': 9, 'D_layer_units_exponent_3': 9, 'D_dagger_layers': 5, 'D_dagger_layer_units_exponent_0': 10, 'D_dagger_layer_units_exponent_1': 10, 'D_dagger_layer_units_exponent_2': 8, 'D_dagger_layer_units_exponent_3': 8, 'D_dagger_layer_units_exponent_4': 4, 'log_learning_rate': -2.1977710792802005, 'log_learning_rate_D': -4.335055967908529, 'log_learning_rate_D_dagger': -4.080432175702312, 'training_batch_size': 7, 'training_p': 8}. Best is trial 27 with value: 0.019390789791941643.
Time for this trial:  1535.5807855129242
Memory status after this trial: 
Memory allocated:  2828.41357421875
Memory cached:  2872.0
--------------------  Trial  59   --------------------
Start timing: 
Parameters: 
{'W_layers': 6, 'W_layer_units_exponent_0': 4, 'W_layer_units_exponent_1': 8, 'W_layer_units_exponent_2': 8, 'W_layer_units_exponent_3': 9, 'W_layer_units_exponent_4': 10, 'W_layer_units_exponent_5': 6, 'D_layers': 6, 'D_layer_units_exponent_0': 9, 'D_layer_units_exponent_1': 10, 'D_layer_units_exponent_2': 9, 'D_layer_units_exponent_3': 10, 'D_layer_units_exponent_4': 8, 'D_layer_units_exponent_5': 9, 'D_dagger_layers': 6, 'D_dagger_layer_units_exponent_0': 9, 'D_dagger_layer_units_exponent_1': 10, 'D_dagger_layer_units_exponent_2': 7, 'D_dagger_layer_units_exponent_3': 9, 'D_dagger_layer_units_exponent_4': 4, 'D_dagger_layer_units_exponent_5': 8, 'log_learning_rate': -2.0045709482236673, 'log_learning_rate_D': -4.53218284347116, 'log_learning_rate_D_dagger': -3.4658016295905405, 'training_batch_size': 6, 'training_p': 7}
	 epoch  0 training error:  tensor(8.3605, grad_fn=<ToCopyBackward0>)
Memory status after this epoch: 
Memory allocated:  1786.26611328125
Memory cached:  2836.0
	 epoch  10 training error:  tensor(0.3523, grad_fn=<ToCopyBackward0>)
Memory status after this epoch: 
Memory allocated:  1786.26611328125
Memory cached:  2836.0
	 epoch  20 training error:  tensor(0.3389, grad_fn=<ToCopyBackward0>)
Memory status after this epoch: 
Memory allocated:  1786.26611328125
Memory cached:  2836.0
	 epoch  30 training error:  tensor(0.1807, grad_fn=<ToCopyBackward0>)
Memory status after this epoch: 
Memory allocated:  1786.26611328125
Memory cached:  2836.0
	 epoch  40 training error:  tensor(0.1643, grad_fn=<ToCopyBackward0>)
Memory status after this epoch: 
Memory allocated:  1786.26611328125
Memory cached:  2836.0
	 epoch  50 training error:  tensor(0.1231, grad_fn=<ToCopyBackward0>)
Memory status after this epoch: 
Memory allocated:  1786.26611328125
Memory cached:  2836.0
	 epoch  60 training error:  tensor(0.0966, grad_fn=<ToCopyBackward0>)
Memory status after this epoch: 
Memory allocated:  1786.26611328125
Memory cached:  2836.0
	 epoch  70 training error:  tensor(0.1004, grad_fn=<ToCopyBackward0>)
Memory status after this epoch: 
Memory allocated:  1786.26611328125
Memory cached:  2836.0
	 epoch  80 training error:  tensor(0.0582, grad_fn=<ToCopyBackward0>)
Memory status after this epoch: 
Memory allocated:  1786.26611328125
Memory cached:  2836.0
	 epoch  90 training error:  tensor(0.0790, grad_fn=<ToCopyBackward0>)
Memory status after this epoch: 
Memory allocated:  1786.26611328125
Memory cached:  2836.0
