[I 2023-12-07 04:54:51,375] Trial 39 finished with value: 0.3358997404575348 and parameters: {'W_layers': 8, 'W_layer_units_exponent_0': 7, 'W_layer_units_exponent_1': 9, 'W_layer_units_exponent_2': 7, 'W_layer_units_exponent_3': 9, 'W_layer_units_exponent_4': 9, 'W_layer_units_exponent_5': 9, 'W_layer_units_exponent_6': 5, 'W_layer_units_exponent_7': 9, 'D_layers': 5, 'D_layer_units_exponent_0': 7, 'D_layer_units_exponent_1': 10, 'D_layer_units_exponent_2': 6, 'D_layer_units_exponent_3': 6, 'D_layer_units_exponent_4': 9, 'D_dagger_layers': 7, 'D_dagger_layer_units_exponent_0': 7, 'D_dagger_layer_units_exponent_1': 6, 'D_dagger_layer_units_exponent_2': 6, 'D_dagger_layer_units_exponent_3': 6, 'D_dagger_layer_units_exponent_4': 4, 'D_dagger_layer_units_exponent_5': 5, 'D_dagger_layer_units_exponent_6': 6, 'log_learning_rate': -4.087024977401773, 'log_learning_rate_D': -2.4298265604262546, 'log_learning_rate_D_dagger': -2.807882996642316, 'training_batch_size': 7, 'training_p': 3}. Best is trial 25 with value: 0.33126506209373474.
Time for this trial:  19.938106298446655
Memory status after this trial: 
Memory allocated:  340.03857421875
Memory cached:  366.0
--------------------  Trial  40   --------------------
Start timing: 
Parameters: 
{'W_layers': 6, 'W_layer_units_exponent_0': 8, 'W_layer_units_exponent_1': 5, 'W_layer_units_exponent_2': 7, 'W_layer_units_exponent_3': 5, 'W_layer_units_exponent_4': 7, 'W_layer_units_exponent_5': 5, 'D_layers': 3, 'D_layer_units_exponent_0': 6, 'D_layer_units_exponent_1': 5, 'D_layer_units_exponent_2': 5, 'D_dagger_layers': 6, 'D_dagger_layer_units_exponent_0': 9, 'D_dagger_layer_units_exponent_1': 7, 'D_dagger_layer_units_exponent_2': 4, 'D_dagger_layer_units_exponent_3': 7, 'D_dagger_layer_units_exponent_4': 5, 'D_dagger_layer_units_exponent_5': 8, 'log_learning_rate': -4.218571191571628, 'log_learning_rate_D': -3.670817318468157, 'log_learning_rate_D_dagger': -2.557882098063197, 'training_batch_size': 8, 'training_p': 7}
	 epoch  0 training error:  tensor(1.0415, device='cuda:0', grad_fn=<DivBackward0>)
Memory status after this epoch: 
Memory allocated:  162.47265625
Memory cached:  300.0
	 epoch  10 training error:  tensor(0.4841, device='cuda:0', grad_fn=<DivBackward0>)
Memory status after this epoch: 
Memory allocated:  162.47265625
Memory cached:  302.0
	 epoch  20 training error:  tensor(0.4373, device='cuda:0', grad_fn=<DivBackward0>)
Memory status after this epoch: 
Memory allocated:  162.47265625
Memory cached:  302.0
	 epoch  30 training error:  tensor(0.3960, device='cuda:0', grad_fn=<DivBackward0>)
Memory status after this epoch: 
Memory allocated:  162.47265625
Memory cached:  302.0
	 epoch  40 training error:  tensor(0.3805, device='cuda:0', grad_fn=<DivBackward0>)
Memory status after this epoch: 
Memory allocated:  162.47265625
Memory cached:  302.0
	 epoch  50 training error:  tensor(0.3746, device='cuda:0', grad_fn=<DivBackward0>)
Memory status after this epoch: 
Memory allocated:  162.47265625
Memory cached:  302.0
	 epoch  60 training error:  tensor(0.3743, device='cuda:0', grad_fn=<DivBackward0>)
Memory status after this epoch: 
Memory allocated:  162.47265625
Memory cached:  302.0
	 epoch  70 training error:  tensor(0.3713, device='cuda:0', grad_fn=<DivBackward0>)
Memory status after this epoch: 
Memory allocated:  162.47265625
Memory cached:  302.0
	 epoch  80 training error:  tensor(0.4013, device='cuda:0', grad_fn=<DivBackward0>)
Memory status after this epoch: 
Memory allocated:  162.47265625
Memory cached:  302.0
	 epoch  90 training error:  tensor(0.3805, device='cuda:0', grad_fn=<DivBackward0>)
Memory status after this epoch: 
Memory allocated:  162.47265625
Memory cached:  302.0
[I 2023-12-07 04:55:09,303] Trial 40 finished with value: 0.3503860533237457 and parameters: {'W_layers': 6, 'W_layer_units_exponent_0': 8, 'W_layer_units_exponent_1': 5, 'W_layer_units_exponent_2': 7, 'W_layer_units_exponent_3': 5, 'W_layer_units_exponent_4': 7, 'W_layer_units_exponent_5': 5, 'D_layers': 3, 'D_layer_units_exponent_0': 6, 'D_layer_units_exponent_1': 5, 'D_layer_units_exponent_2': 5, 'D_dagger_layers': 6, 'D_dagger_layer_units_exponent_0': 9, 'D_dagger_layer_units_exponent_1': 7, 'D_dagger_layer_units_exponent_2': 4, 'D_dagger_layer_units_exponent_3': 7, 'D_dagger_layer_units_exponent_4': 5, 'D_dagger_layer_units_exponent_5': 8, 'log_learning_rate': -4.218571191571628, 'log_learning_rate_D': -3.670817318468157, 'log_learning_rate_D_dagger': -2.557882098063197, 'training_batch_size': 8, 'training_p': 7}. Best is trial 25 with value: 0.33126506209373474.
Time for this trial:  17.712915420532227
Memory status after this trial: 
Memory allocated:  251.21728515625
Memory cached:  310.0
--------------------  Trial  41   --------------------
Start timing: 
Parameters: 
{'W_layers': 8, 'W_layer_units_exponent_0': 8, 'W_layer_units_exponent_1': 8, 'W_layer_units_exponent_2': 6, 'W_layer_units_exponent_3': 5, 'W_layer_units_exponent_4': 8, 'W_layer_units_exponent_5': 8, 'W_layer_units_exponent_6': 6, 'W_layer_units_exponent_7': 8, 'D_layers': 4, 'D_layer_units_exponent_0': 8, 'D_layer_units_exponent_1': 5, 'D_layer_units_exponent_2': 5, 'D_layer_units_exponent_3': 7, 'D_dagger_layers': 5, 'D_dagger_layer_units_exponent_0': 10, 'D_dagger_layer_units_exponent_1': 7, 'D_dagger_layer_units_exponent_2': 5, 'D_dagger_layer_units_exponent_3': 4, 'D_dagger_layer_units_exponent_4': 6, 'log_learning_rate': -4.281760620719966, 'log_learning_rate_D': -2.916943313917781, 'log_learning_rate_D_dagger': -2.411861276696394, 'training_batch_size': 9, 'training_p': 2}
	 epoch  0 training error:  tensor(1.0092, device='cuda:0', grad_fn=<DivBackward0>)
Memory status after this epoch: 
Memory allocated:  165.9033203125
Memory cached:  294.0
	 epoch  10 training error:  tensor(0.3914, device='cuda:0', grad_fn=<DivBackward0>)
Memory status after this epoch: 
Memory allocated:  165.9033203125
Memory cached:  298.0
	 epoch  20 training error:  tensor(0.3572, device='cuda:0', grad_fn=<DivBackward0>)
Memory status after this epoch: 
Memory allocated:  165.9033203125
Memory cached:  298.0
	 epoch  30 training error:  tensor(0.3507, device='cuda:0', grad_fn=<DivBackward0>)
Memory status after this epoch: 
Memory allocated:  165.9033203125
Memory cached:  296.0
	 epoch  40 training error:  tensor(0.3438, device='cuda:0', grad_fn=<DivBackward0>)
Memory status after this epoch: 
Memory allocated:  165.9033203125
Memory cached:  298.0
	 epoch  50 training error:  tensor(0.3435, device='cuda:0', grad_fn=<DivBackward0>)
Memory status after this epoch: 
Memory allocated:  165.9033203125
Memory cached:  298.0
	 epoch  60 training error:  tensor(0.3403, device='cuda:0', grad_fn=<DivBackward0>)
Memory status after this epoch: 
Memory allocated:  165.9033203125
Memory cached:  296.0
	 epoch  70 training error:  tensor(0.3419, device='cuda:0', grad_fn=<DivBackward0>)
Memory status after this epoch: 
Memory allocated:  165.9033203125
Memory cached:  298.0
	 epoch  80 training error:  tensor(0.3406, device='cuda:0', grad_fn=<DivBackward0>)
Memory status after this epoch: 
Memory allocated:  165.9033203125
Memory cached:  298.0
	 epoch  90 training error:  tensor(0.3417, device='cuda:0', grad_fn=<DivBackward0>)
Memory status after this epoch: 
Memory allocated:  165.9033203125
Memory cached:  296.0
[I 2023-12-07 04:55:29,008] Trial 41 finished with value: 0.33330217003822327 and parameters: {'W_layers': 8, 'W_layer_units_exponent_0': 8, 'W_layer_units_exponent_1': 8, 'W_layer_units_exponent_2': 6, 'W_layer_units_exponent_3': 5, 'W_layer_units_exponent_4': 8, 'W_layer_units_exponent_5': 8, 'W_layer_units_exponent_6': 6, 'W_layer_units_exponent_7': 8, 'D_layers': 4, 'D_layer_units_exponent_0': 8, 'D_layer_units_exponent_1': 5, 'D_layer_units_exponent_2': 5, 'D_layer_units_exponent_3': 7, 'D_dagger_layers': 5, 'D_dagger_layer_units_exponent_0': 10, 'D_dagger_layer_units_exponent_1': 7, 'D_dagger_layer_units_exponent_2': 5, 'D_dagger_layer_units_exponent_3': 4, 'D_dagger_layer_units_exponent_4': 6, 'log_learning_rate': -4.281760620719966, 'log_learning_rate_D': -2.916943313917781, 'log_learning_rate_D_dagger': -2.411861276696394, 'training_batch_size': 9, 'training_p': 2}. Best is trial 25 with value: 0.33126506209373474.
Time for this trial:  19.47498059272766
Memory status after this trial: 
Memory allocated:  308.15283203125
Memory cached:  320.0
--------------------  Trial  42   --------------------
Start timing: 
Parameters: 
{'W_layers': 8, 'W_layer_units_exponent_0': 8, 'W_layer_units_exponent_1': 8, 'W_layer_units_exponent_2': 6, 'W_layer_units_exponent_3': 4, 'W_layer_units_exponent_4': 8, 'W_layer_units_exponent_5': 8, 'W_layer_units_exponent_6': 7, 'W_layer_units_exponent_7': 6, 'D_layers': 4, 'D_layer_units_exponent_0': 9, 'D_layer_units_exponent_1': 5, 'D_layer_units_exponent_2': 5, 'D_layer_units_exponent_3': 7, 'D_dagger_layers': 7, 'D_dagger_layer_units_exponent_0': 10, 'D_dagger_layer_units_exponent_1': 7, 'D_dagger_layer_units_exponent_2': 5, 'D_dagger_layer_units_exponent_3': 5, 'D_dagger_layer_units_exponent_4': 4, 'D_dagger_layer_units_exponent_5': 6, 'D_dagger_layer_units_exponent_6': 10, 'log_learning_rate': -3.82037956848213, 'log_learning_rate_D': -3.254663367408747, 'log_learning_rate_D_dagger': -2.2836897061274, 'training_batch_size': 8, 'training_p': 2}
	 epoch  0 training error:  tensor(1.0082, device='cuda:0', grad_fn=<DivBackward0>)
Memory status after this epoch: 
Memory allocated:  167.025390625
Memory cached:  294.0
	 epoch  10 training error:  tensor(0.4227, device='cuda:0', grad_fn=<DivBackward0>)
Memory status after this epoch: 
Memory allocated:  167.025390625
Memory cached:  296.0
	 epoch  20 training error:  tensor(0.3731, device='cuda:0', grad_fn=<DivBackward0>)
Memory status after this epoch: 
Memory allocated:  167.025390625
Memory cached:  296.0
	 epoch  30 training error:  tensor(0.3530, device='cuda:0', grad_fn=<DivBackward0>)
Memory status after this epoch: 
Memory allocated:  167.025390625
Memory cached:  296.0
	 epoch  40 training error:  tensor(0.3562, device='cuda:0', grad_fn=<DivBackward0>)
Memory status after this epoch: 
Memory allocated:  167.025390625
Memory cached:  296.0
	 epoch  50 training error:  tensor(0.3435, device='cuda:0', grad_fn=<DivBackward0>)
Memory status after this epoch: 
Memory allocated:  167.025390625
Memory cached:  296.0
	 epoch  60 training error:  tensor(0.3402, device='cuda:0', grad_fn=<DivBackward0>)
Memory status after this epoch: 
Memory allocated:  167.025390625
Memory cached:  296.0
	 epoch  70 training error:  tensor(0.3394, device='cuda:0', grad_fn=<DivBackward0>)
Memory status after this epoch: 
Memory allocated:  167.025390625
Memory cached:  296.0
	 epoch  80 training error:  tensor(0.3417, device='cuda:0', grad_fn=<DivBackward0>)
Memory status after this epoch: 
Memory allocated:  167.025390625
Memory cached:  296.0
	 epoch  90 training error:  tensor(0.3391, device='cuda:0', grad_fn=<DivBackward0>)
Memory status after this epoch: 
Memory allocated:  167.025390625
Memory cached:  296.0
[I 2023-12-07 04:55:49,432] Trial 42 finished with value: 0.3332462012767792 and parameters: {'W_layers': 8, 'W_layer_units_exponent_0': 8, 'W_layer_units_exponent_1': 8, 'W_layer_units_exponent_2': 6, 'W_layer_units_exponent_3': 4, 'W_layer_units_exponent_4': 8, 'W_layer_units_exponent_5': 8, 'W_layer_units_exponent_6': 7, 'W_layer_units_exponent_7': 6, 'D_layers': 4, 'D_layer_units_exponent_0': 9, 'D_layer_units_exponent_1': 5, 'D_layer_units_exponent_2': 5, 'D_layer_units_exponent_3': 7, 'D_dagger_layers': 7, 'D_dagger_layer_units_exponent_0': 10, 'D_dagger_layer_units_exponent_1': 7, 'D_dagger_layer_units_exponent_2': 5, 'D_dagger_layer_units_exponent_3': 5, 'D_dagger_layer_units_exponent_4': 4, 'D_dagger_layer_units_exponent_5': 6, 'D_dagger_layer_units_exponent_6': 10, 'log_learning_rate': -3.82037956848213, 'log_learning_rate_D': -3.254663367408747, 'log_learning_rate_D_dagger': -2.2836897061274, 'training_batch_size': 8, 'training_p': 2}. Best is trial 25 with value: 0.33126506209373474.
Time for this trial:  20.203609704971313
Memory status after this trial: 
Memory allocated:  351.96630859375
Memory cached:  384.0
--------------------  Trial  43   --------------------
Start timing: 
Parameters: 
{'W_layers': 8, 'W_layer_units_exponent_0': 7, 'W_layer_units_exponent_1': 8, 'W_layer_units_exponent_2': 6, 'W_layer_units_exponent_3': 4, 'W_layer_units_exponent_4': 7, 'W_layer_units_exponent_5': 7, 'W_layer_units_exponent_6': 7, 'W_layer_units_exponent_7': 5, 'D_layers': 4, 'D_layer_units_exponent_0': 9, 'D_layer_units_exponent_1': 4, 'D_layer_units_exponent_2': 6, 'D_layer_units_exponent_3': 10, 'D_dagger_layers': 7, 'D_dagger_layer_units_exponent_0': 10, 'D_dagger_layer_units_exponent_1': 7, 'D_dagger_layer_units_exponent_2': 6, 'D_dagger_layer_units_exponent_3': 5, 'D_dagger_layer_units_exponent_4': 4, 'D_dagger_layer_units_exponent_5': 6, 'D_dagger_layer_units_exponent_6': 10, 'log_learning_rate': -3.852640710441795, 'log_learning_rate_D': -3.358629149902029, 'log_learning_rate_D_dagger': -2.2475263243627115, 'training_batch_size': 8, 'training_p': 2}
	 epoch  0 training error:  tensor(0.9971, device='cuda:0', grad_fn=<DivBackward0>)
Memory status after this epoch: 
Memory allocated:  165.7119140625
Memory cached:  298.0
	 epoch  10 training error:  tensor(0.4744, device='cuda:0', grad_fn=<DivBackward0>)
Memory status after this epoch: 
Memory allocated:  165.7119140625
Memory cached:  298.0
	 epoch  20 training error:  tensor(0.4017, device='cuda:0', grad_fn=<DivBackward0>)
Memory status after this epoch: 
Memory allocated:  165.7119140625
Memory cached:  298.0
	 epoch  30 training error:  tensor(0.3736, device='cuda:0', grad_fn=<DivBackward0>)
Memory status after this epoch: 
Memory allocated:  165.7119140625
Memory cached:  298.0
	 epoch  40 training error:  tensor(0.3593, device='cuda:0', grad_fn=<DivBackward0>)
Memory status after this epoch: 
Memory allocated:  165.7119140625
Memory cached:  298.0
	 epoch  50 training error:  tensor(0.3545, device='cuda:0', grad_fn=<DivBackward0>)
Memory status after this epoch: 
Memory allocated:  165.7119140625
Memory cached:  298.0
	 epoch  60 training error:  tensor(0.3736, device='cuda:0', grad_fn=<DivBackward0>)
Memory status after this epoch: 
Memory allocated:  165.7119140625
Memory cached:  298.0
	 epoch  70 training error:  tensor(0.3554, device='cuda:0', grad_fn=<DivBackward0>)
Memory status after this epoch: 
Memory allocated:  165.7119140625
Memory cached:  298.0
	 epoch  80 training error:  tensor(0.3501, device='cuda:0', grad_fn=<DivBackward0>)
Memory status after this epoch: 
Memory allocated:  165.7119140625
Memory cached:  298.0
	 epoch  90 training error:  tensor(0.3504, device='cuda:0', grad_fn=<DivBackward0>)
Memory status after this epoch: 
Memory allocated:  165.7119140625
Memory cached:  298.0
[I 2023-12-07 04:56:09,340] Trial 43 finished with value: 0.3346115052700043 and parameters: {'W_layers': 8, 'W_layer_units_exponent_0': 7, 'W_layer_units_exponent_1': 8, 'W_layer_units_exponent_2': 6, 'W_layer_units_exponent_3': 4, 'W_layer_units_exponent_4': 7, 'W_layer_units_exponent_5': 7, 'W_layer_units_exponent_6': 7, 'W_layer_units_exponent_7': 5, 'D_layers': 4, 'D_layer_units_exponent_0': 9, 'D_layer_units_exponent_1': 4, 'D_layer_units_exponent_2': 6, 'D_layer_units_exponent_3': 10, 'D_dagger_layers': 7, 'D_dagger_layer_units_exponent_0': 10, 'D_dagger_layer_units_exponent_1': 7, 'D_dagger_layer_units_exponent_2': 6, 'D_dagger_layer_units_exponent_3': 5, 'D_dagger_layer_units_exponent_4': 4, 'D_dagger_layer_units_exponent_5': 6, 'D_dagger_layer_units_exponent_6': 10, 'log_learning_rate': -3.852640710441795, 'log_learning_rate_D': -3.358629149902029, 'log_learning_rate_D_dagger': -2.2475263243627115, 'training_batch_size': 8, 'training_p': 2}. Best is trial 25 with value: 0.33126506209373474.
Time for this trial:  19.68182110786438
Memory status after this trial: 
Memory allocated:  328.55029296875
Memory cached:  384.0
--------------------  Trial  44   --------------------
Start timing: 
Parameters: 
{'W_layers': 7, 'W_layer_units_exponent_0': 8, 'W_layer_units_exponent_1': 9, 'W_layer_units_exponent_2': 5, 'W_layer_units_exponent_3': 4, 'W_layer_units_exponent_4': 10, 'W_layer_units_exponent_5': 9, 'W_layer_units_exponent_6': 7, 'D_layers': 4, 'D_layer_units_exponent_0': 10, 'D_layer_units_exponent_1': 5, 'D_layer_units_exponent_2': 4, 'D_layer_units_exponent_3': 8, 'D_dagger_layers': 8, 'D_dagger_layer_units_exponent_0': 9, 'D_dagger_layer_units_exponent_1': 8, 'D_dagger_layer_units_exponent_2': 4, 'D_dagger_layer_units_exponent_3': 6, 'D_dagger_layer_units_exponent_4': 4, 'D_dagger_layer_units_exponent_5': 7, 'D_dagger_layer_units_exponent_6': 9, 'D_dagger_layer_units_exponent_7': 4, 'log_learning_rate': -3.5436926887204274, 'log_learning_rate_D': -3.1444443842265244, 'log_learning_rate_D_dagger': -2.57124296529447, 'training_batch_size': 8, 'training_p': 3}
	 epoch  0 training error:  tensor(0.9665, device='cuda:0', grad_fn=<DivBackward0>)
Memory status after this epoch: 
Memory allocated:  176.1513671875
Memory cached:  298.0
	 epoch  10 training error:  tensor(0.4897, device='cuda:0', grad_fn=<DivBackward0>)
Memory status after this epoch: 
Memory allocated:  176.1513671875
Memory cached:  300.0
	 epoch  20 training error:  tensor(0.3993, device='cuda:0', grad_fn=<DivBackward0>)
Memory status after this epoch: 
Memory allocated:  176.1513671875
Memory cached:  300.0
	 epoch  30 training error:  tensor(0.4107, device='cuda:0', grad_fn=<DivBackward0>)
Memory status after this epoch: 
Memory allocated:  176.1513671875
Memory cached:  300.0
	 epoch  40 training error:  tensor(0.3656, device='cuda:0', grad_fn=<DivBackward0>)
Memory status after this epoch: 
Memory allocated:  176.1513671875
Memory cached:  300.0
	 epoch  50 training error:  tensor(0.3613, device='cuda:0', grad_fn=<DivBackward0>)
Memory status after this epoch: 
Memory allocated:  176.1513671875
Memory cached:  300.0
	 epoch  60 training error:  tensor(0.3565, device='cuda:0', grad_fn=<DivBackward0>)
Memory status after this epoch: 
Memory allocated:  176.1513671875
Memory cached:  300.0
	 epoch  70 training error:  tensor(0.3972, device='cuda:0', grad_fn=<DivBackward0>)
Memory status after this epoch: 
Memory allocated:  176.1513671875
Memory cached:  300.0
	 epoch  80 training error:  tensor(0.3699, device='cuda:0', grad_fn=<DivBackward0>)
Memory status after this epoch: 
Memory allocated:  176.1513671875
Memory cached:  300.0
	 epoch  90 training error:  tensor(0.3574, device='cuda:0', grad_fn=<DivBackward0>)
Memory status after this epoch: 
Memory allocated:  176.1513671875
Memory cached:  300.0
