[I 2024-01-11 11:51:06,732] Trial 43 finished with value: 0.24082084000110626 and parameters: {'W_layers': 4, 'W_layer_units_exponent_0': 8, 'W_layer_units_exponent_1': 8, 'W_layer_units_exponent_2': 9, 'W_layer_units_exponent_3': 6, 'D_layers': 3, 'D_layer_units_exponent_0': 9, 'D_layer_units_exponent_1': 8, 'D_layer_units_exponent_2': 8, 'D_dagger_layers': 5, 'D_dagger_layer_units_exponent_0': 8, 'D_dagger_layer_units_exponent_1': 6, 'D_dagger_layer_units_exponent_2': 7, 'D_dagger_layer_units_exponent_3': 7, 'D_dagger_layer_units_exponent_4': 10, 'log_learning_rate': -1.9708407784081794, 'log_learning_rate_D': -1.5796052793840625, 'log_learning_rate_D_dagger': -1.943152785384588, 'training_batch_size': 11, 'training_p': 2}. Best is trial 5 with value: 0.20849008858203888.
Time for this trial:  30.06415867805481
Memory status after this trial: 
Memory allocated:  550.70849609375
Memory cached:  572.0
--------------------  Trial  44   --------------------
Start timing: 
Parameters: 
{'W_layers': 6, 'W_layer_units_exponent_0': 5, 'W_layer_units_exponent_1': 9, 'W_layer_units_exponent_2': 7, 'W_layer_units_exponent_3': 5, 'W_layer_units_exponent_4': 10, 'W_layer_units_exponent_5': 4, 'D_layers': 7, 'D_layer_units_exponent_0': 8, 'D_layer_units_exponent_1': 9, 'D_layer_units_exponent_2': 9, 'D_layer_units_exponent_3': 4, 'D_layer_units_exponent_4': 6, 'D_layer_units_exponent_5': 7, 'D_layer_units_exponent_6': 9, 'D_dagger_layers': 4, 'D_dagger_layer_units_exponent_0': 6, 'D_dagger_layer_units_exponent_1': 4, 'D_dagger_layer_units_exponent_2': 8, 'D_dagger_layer_units_exponent_3': 5, 'log_learning_rate': -1.2204944553670076, 'log_learning_rate_D': -1.2100317653201984, 'log_learning_rate_D_dagger': -2.9406002788810257, 'training_batch_size': 9, 'training_p': 3}
	 epoch  0 training error:  tensor(0.9782, device='cuda:0', grad_fn=<DivBackward0>)
Memory status after this epoch: 
Memory allocated:  274.1962890625
Memory cached:  330.0
	 epoch  10 training error:  tensor(224.4637, device='cuda:0', grad_fn=<DivBackward0>)
Memory status after this epoch: 
Memory allocated:  274.1962890625
Memory cached:  330.0
	 epoch  20 training error:  tensor(33.1106, device='cuda:0', grad_fn=<DivBackward0>)
Memory status after this epoch: 
Memory allocated:  274.1962890625
Memory cached:  330.0
	 epoch  30 training error:  tensor(1.5596, device='cuda:0', grad_fn=<DivBackward0>)
Memory status after this epoch: 
Memory allocated:  274.1962890625
Memory cached:  330.0
	 epoch  40 training error:  tensor(0.6236, device='cuda:0', grad_fn=<DivBackward0>)
Memory status after this epoch: 
Memory allocated:  274.1962890625
Memory cached:  330.0
	 epoch  50 training error:  tensor(0.4087, device='cuda:0', grad_fn=<DivBackward0>)
Memory status after this epoch: 
Memory allocated:  274.1962890625
Memory cached:  330.0
	 epoch  60 training error:  tensor(0.2930, device='cuda:0', grad_fn=<DivBackward0>)
Memory status after this epoch: 
Memory allocated:  274.1962890625
Memory cached:  330.0
	 epoch  70 training error:  tensor(0.2812, device='cuda:0', grad_fn=<DivBackward0>)
Memory status after this epoch: 
Memory allocated:  274.1962890625
Memory cached:  330.0
	 epoch  80 training error:  tensor(0.2587, device='cuda:0', grad_fn=<DivBackward0>)
Memory status after this epoch: 
Memory allocated:  274.1962890625
Memory cached:  330.0
	 epoch  90 training error:  tensor(0.2519, device='cuda:0', grad_fn=<DivBackward0>)
Memory status after this epoch: 
Memory allocated:  274.1962890625
Memory cached:  330.0
[I 2024-01-11 11:51:29,738] Trial 44 finished with value: 0.2179194539785385 and parameters: {'W_layers': 6, 'W_layer_units_exponent_0': 5, 'W_layer_units_exponent_1': 9, 'W_layer_units_exponent_2': 7, 'W_layer_units_exponent_3': 5, 'W_layer_units_exponent_4': 10, 'W_layer_units_exponent_5': 4, 'D_layers': 7, 'D_layer_units_exponent_0': 8, 'D_layer_units_exponent_1': 9, 'D_layer_units_exponent_2': 9, 'D_layer_units_exponent_3': 4, 'D_layer_units_exponent_4': 6, 'D_layer_units_exponent_5': 7, 'D_layer_units_exponent_6': 9, 'D_dagger_layers': 4, 'D_dagger_layer_units_exponent_0': 6, 'D_dagger_layer_units_exponent_1': 4, 'D_dagger_layer_units_exponent_2': 8, 'D_dagger_layer_units_exponent_3': 5, 'log_learning_rate': -1.2204944553670076, 'log_learning_rate_D': -1.2100317653201984, 'log_learning_rate_D_dagger': -2.9406002788810257, 'training_batch_size': 9, 'training_p': 3}. Best is trial 5 with value: 0.20849008858203888.
Time for this trial:  22.64922785758972
Memory status after this trial: 
Memory allocated:  501.70849609375
Memory cached:  510.0
--------------------  Trial  45   --------------------
Start timing: 
Parameters: 
{'W_layers': 5, 'W_layer_units_exponent_0': 9, 'W_layer_units_exponent_1': 10, 'W_layer_units_exponent_2': 6, 'W_layer_units_exponent_3': 6, 'W_layer_units_exponent_4': 9, 'D_layers': 2, 'D_layer_units_exponent_0': 8, 'D_layer_units_exponent_1': 8, 'D_dagger_layers': 5, 'D_dagger_layer_units_exponent_0': 7, 'D_dagger_layer_units_exponent_1': 5, 'D_dagger_layer_units_exponent_2': 7, 'D_dagger_layer_units_exponent_3': 6, 'D_dagger_layer_units_exponent_4': 4, 'log_learning_rate': -2.0685603556159666, 'log_learning_rate_D': -1.7985513493490823, 'log_learning_rate_D_dagger': -2.236990507461353, 'training_batch_size': 8, 'training_p': 4}
	 epoch  0 training error:  tensor(1.0136, device='cuda:0', grad_fn=<DivBackward0>)
Memory status after this epoch: 
Memory allocated:  280.99755859375
Memory cached:  330.0
	 epoch  10 training error:  tensor(1.6381, device='cuda:0', grad_fn=<DivBackward0>)
Memory status after this epoch: 
Memory allocated:  280.99755859375
Memory cached:  330.0
	 epoch  20 training error:  tensor(1.7009, device='cuda:0', grad_fn=<DivBackward0>)
Memory status after this epoch: 
Memory allocated:  280.99755859375
Memory cached:  330.0
	 epoch  30 training error:  tensor(0.4636, device='cuda:0', grad_fn=<DivBackward0>)
Memory status after this epoch: 
Memory allocated:  280.99755859375
Memory cached:  330.0
	 epoch  40 training error:  tensor(0.2995, device='cuda:0', grad_fn=<DivBackward0>)
Memory status after this epoch: 
Memory allocated:  280.99755859375
Memory cached:  330.0
	 epoch  50 training error:  tensor(0.3333, device='cuda:0', grad_fn=<DivBackward0>)
Memory status after this epoch: 
Memory allocated:  280.99755859375
Memory cached:  330.0
	 epoch  60 training error:  tensor(0.2958, device='cuda:0', grad_fn=<DivBackward0>)
Memory status after this epoch: 
Memory allocated:  280.99755859375
Memory cached:  330.0
	 epoch  70 training error:  tensor(0.3031, device='cuda:0', grad_fn=<DivBackward0>)
Memory status after this epoch: 
Memory allocated:  280.99755859375
Memory cached:  330.0
	 epoch  80 training error:  tensor(0.3016, device='cuda:0', grad_fn=<DivBackward0>)
Memory status after this epoch: 
Memory allocated:  280.99755859375
Memory cached:  330.0
	 epoch  90 training error:  tensor(0.3025, device='cuda:0', grad_fn=<DivBackward0>)
Memory status after this epoch: 
Memory allocated:  280.99755859375
Memory cached:  330.0
[I 2024-01-11 11:51:52,885] Trial 45 finished with value: 0.22752581536769867 and parameters: {'W_layers': 5, 'W_layer_units_exponent_0': 9, 'W_layer_units_exponent_1': 10, 'W_layer_units_exponent_2': 6, 'W_layer_units_exponent_3': 6, 'W_layer_units_exponent_4': 9, 'D_layers': 2, 'D_layer_units_exponent_0': 8, 'D_layer_units_exponent_1': 8, 'D_dagger_layers': 5, 'D_dagger_layer_units_exponent_0': 7, 'D_dagger_layer_units_exponent_1': 5, 'D_dagger_layer_units_exponent_2': 7, 'D_dagger_layer_units_exponent_3': 6, 'D_dagger_layer_units_exponent_4': 4, 'log_learning_rate': -2.0685603556159666, 'log_learning_rate_D': -1.7985513493490823, 'log_learning_rate_D_dagger': -2.236990507461353, 'training_batch_size': 8, 'training_p': 4}. Best is trial 5 with value: 0.20849008858203888.
Time for this trial:  22.82625389099121
Memory status after this trial: 
Memory allocated:  545.20654296875
Memory cached:  574.0
--------------------  Trial  46   --------------------
Start timing: 
Parameters: 
{'W_layers': 4, 'W_layer_units_exponent_0': 8, 'W_layer_units_exponent_1': 9, 'W_layer_units_exponent_2': 5, 'W_layer_units_exponent_3': 6, 'D_layers': 8, 'D_layer_units_exponent_0': 10, 'D_layer_units_exponent_1': 10, 'D_layer_units_exponent_2': 4, 'D_layer_units_exponent_3': 7, 'D_layer_units_exponent_4': 7, 'D_layer_units_exponent_5': 5, 'D_layer_units_exponent_6': 8, 'D_layer_units_exponent_7': 8, 'D_dagger_layers': 4, 'D_dagger_layer_units_exponent_0': 8, 'D_dagger_layer_units_exponent_1': 6, 'D_dagger_layer_units_exponent_2': 6, 'D_dagger_layer_units_exponent_3': 8, 'log_learning_rate': -1.8364032862200488, 'log_learning_rate_D': -1.4572180156218875, 'log_learning_rate_D_dagger': -2.071301888597772, 'training_batch_size': 7, 'training_p': 2}
	 epoch  0 training error:  tensor(3.0456, device='cuda:0', grad_fn=<DivBackward0>)
Memory status after this epoch: 
Memory allocated:  277.70849609375
Memory cached:  330.0
	 epoch  10 training error:  tensor(1.8352, device='cuda:0', grad_fn=<DivBackward0>)
Memory status after this epoch: 
Memory allocated:  277.70849609375
Memory cached:  330.0
	 epoch  20 training error:  tensor(0.4273, device='cuda:0', grad_fn=<DivBackward0>)
Memory status after this epoch: 
Memory allocated:  277.70849609375
Memory cached:  330.0
	 epoch  30 training error:  tensor(0.2523, device='cuda:0', grad_fn=<DivBackward0>)
Memory status after this epoch: 
Memory allocated:  277.70849609375
Memory cached:  330.0
	 epoch  40 training error:  tensor(0.2003, device='cuda:0', grad_fn=<DivBackward0>)
Memory status after this epoch: 
Memory allocated:  277.70849609375
Memory cached:  330.0
	 epoch  50 training error:  tensor(0.1891, device='cuda:0', grad_fn=<DivBackward0>)
Memory status after this epoch: 
Memory allocated:  277.70849609375
Memory cached:  330.0
	 epoch  60 training error:  tensor(0.1884, device='cuda:0', grad_fn=<DivBackward0>)
Memory status after this epoch: 
Memory allocated:  277.70849609375
Memory cached:  330.0
	 epoch  70 training error:  tensor(0.1896, device='cuda:0', grad_fn=<DivBackward0>)
Memory status after this epoch: 
Memory allocated:  277.70849609375
Memory cached:  330.0
	 epoch  80 training error:  tensor(0.1882, device='cuda:0', grad_fn=<DivBackward0>)
Memory status after this epoch: 
Memory allocated:  277.70849609375
Memory cached:  330.0
	 epoch  90 training error:  tensor(0.1993, device='cuda:0', grad_fn=<DivBackward0>)
Memory status after this epoch: 
Memory allocated:  277.70849609375
Memory cached:  330.0
[I 2024-01-11 11:52:16,317] Trial 46 finished with value: 0.21989765763282776 and parameters: {'W_layers': 4, 'W_layer_units_exponent_0': 8, 'W_layer_units_exponent_1': 9, 'W_layer_units_exponent_2': 5, 'W_layer_units_exponent_3': 6, 'D_layers': 8, 'D_layer_units_exponent_0': 10, 'D_layer_units_exponent_1': 10, 'D_layer_units_exponent_2': 4, 'D_layer_units_exponent_3': 7, 'D_layer_units_exponent_4': 7, 'D_layer_units_exponent_5': 5, 'D_layer_units_exponent_6': 8, 'D_layer_units_exponent_7': 8, 'D_dagger_layers': 4, 'D_dagger_layer_units_exponent_0': 8, 'D_dagger_layer_units_exponent_1': 6, 'D_dagger_layer_units_exponent_2': 6, 'D_dagger_layer_units_exponent_3': 8, 'log_learning_rate': -1.8364032862200488, 'log_learning_rate_D': -1.4572180156218875, 'log_learning_rate_D_dagger': -2.071301888597772, 'training_batch_size': 7, 'training_p': 2}. Best is trial 5 with value: 0.20849008858203888.
Time for this trial:  23.06200861930847
Memory status after this trial: 
Memory allocated:  430.55810546875
Memory cached:  454.0
--------------------  Trial  47   --------------------
Start timing: 
Parameters: 
{'W_layers': 6, 'W_layer_units_exponent_0': 10, 'W_layer_units_exponent_1': 5, 'W_layer_units_exponent_2': 7, 'W_layer_units_exponent_3': 10, 'W_layer_units_exponent_4': 10, 'W_layer_units_exponent_5': 5, 'D_layers': 5, 'D_layer_units_exponent_0': 9, 'D_layer_units_exponent_1': 9, 'D_layer_units_exponent_2': 7, 'D_layer_units_exponent_3': 8, 'D_layer_units_exponent_4': 8, 'D_dagger_layers': 3, 'D_dagger_layer_units_exponent_0': 6, 'D_dagger_layer_units_exponent_1': 5, 'D_dagger_layer_units_exponent_2': 7, 'log_learning_rate': -1.4954343944817288, 'log_learning_rate_D': -1.1170739514467078, 'log_learning_rate_D_dagger': -1.8584886607167155, 'training_batch_size': 6, 'training_p': 8}
	 epoch  0 training error:  tensor(369.6050, device='cuda:0', grad_fn=<DivBackward0>)
Memory status after this epoch: 
Memory allocated:  291.625
Memory cached:  330.0
	 epoch  10 training error:  tensor(0.9392, device='cuda:0', grad_fn=<DivBackward0>)
Memory status after this epoch: 
Memory allocated:  291.625
Memory cached:  330.0
	 epoch  20 training error:  tensor(0.4296, device='cuda:0', grad_fn=<DivBackward0>)
Memory status after this epoch: 
Memory allocated:  291.625
Memory cached:  330.0
	 epoch  30 training error:  tensor(0.4278, device='cuda:0', grad_fn=<DivBackward0>)
Memory status after this epoch: 
Memory allocated:  291.625
Memory cached:  330.0
	 epoch  40 training error:  tensor(0.3906, device='cuda:0', grad_fn=<DivBackward0>)
Memory status after this epoch: 
Memory allocated:  291.625
Memory cached:  330.0
	 epoch  50 training error:  tensor(0.3903, device='cuda:0', grad_fn=<DivBackward0>)
Memory status after this epoch: 
Memory allocated:  291.625
Memory cached:  330.0
	 epoch  60 training error:  tensor(0.4082, device='cuda:0', grad_fn=<DivBackward0>)
Memory status after this epoch: 
Memory allocated:  291.625
Memory cached:  330.0
	 epoch  70 training error:  tensor(0.3936, device='cuda:0', grad_fn=<DivBackward0>)
Memory status after this epoch: 
Memory allocated:  291.625
Memory cached:  330.0
	 epoch  80 training error:  tensor(0.3979, device='cuda:0', grad_fn=<DivBackward0>)
Memory status after this epoch: 
Memory allocated:  291.625
Memory cached:  330.0
	 epoch  90 training error:  tensor(0.3993, device='cuda:0', grad_fn=<DivBackward0>)
Memory status after this epoch: 
Memory allocated:  291.625
Memory cached:  330.0
[I 2024-01-11 11:52:43,209] Trial 47 finished with value: 0.2874666750431061 and parameters: {'W_layers': 6, 'W_layer_units_exponent_0': 10, 'W_layer_units_exponent_1': 5, 'W_layer_units_exponent_2': 7, 'W_layer_units_exponent_3': 10, 'W_layer_units_exponent_4': 10, 'W_layer_units_exponent_5': 5, 'D_layers': 5, 'D_layer_units_exponent_0': 9, 'D_layer_units_exponent_1': 9, 'D_layer_units_exponent_2': 7, 'D_layer_units_exponent_3': 8, 'D_layer_units_exponent_4': 8, 'D_dagger_layers': 3, 'D_dagger_layer_units_exponent_0': 6, 'D_dagger_layer_units_exponent_1': 5, 'D_dagger_layer_units_exponent_2': 7, 'log_learning_rate': -1.4954343944817288, 'log_learning_rate_D': -1.1170739514467078, 'log_learning_rate_D_dagger': -1.8584886607167155, 'training_batch_size': 6, 'training_p': 8}. Best is trial 5 with value: 0.20849008858203888.
Time for this trial:  26.559648036956787
Memory status after this trial: 
Memory allocated:  659.49560546875
Memory cached:  684.0
--------------------  Trial  48   --------------------
Start timing: 
Parameters: 
{'W_layers': 5, 'W_layer_units_exponent_0': 4, 'W_layer_units_exponent_1': 8, 'W_layer_units_exponent_2': 8, 'W_layer_units_exponent_3': 5, 'W_layer_units_exponent_4': 7, 'D_layers': 4, 'D_layer_units_exponent_0': 9, 'D_layer_units_exponent_1': 7, 'D_layer_units_exponent_2': 6, 'D_layer_units_exponent_3': 9, 'D_dagger_layers': 5, 'D_dagger_layer_units_exponent_0': 10, 'D_dagger_layer_units_exponent_1': 4, 'D_dagger_layer_units_exponent_2': 5, 'D_dagger_layer_units_exponent_3': 7, 'D_dagger_layer_units_exponent_4': 8, 'log_learning_rate': -2.175568116016818, 'log_learning_rate_D': -2.1792753448914657, 'log_learning_rate_D_dagger': -2.472509642302223, 'training_batch_size': 12, 'training_p': 3}
	 epoch  0 training error:  tensor(0.9317, device='cuda:0', grad_fn=<DivBackward0>)
Memory status after this epoch: 
Memory allocated:  272.60107421875
Memory cached:  330.0
	 epoch  10 training error:  tensor(0.3778, device='cuda:0', grad_fn=<DivBackward0>)
Memory status after this epoch: 
Memory allocated:  272.60107421875
Memory cached:  330.0
	 epoch  20 training error:  tensor(0.3190, device='cuda:0', grad_fn=<DivBackward0>)
Memory status after this epoch: 
Memory allocated:  272.60107421875
Memory cached:  330.0
	 epoch  30 training error:  tensor(0.2600, device='cuda:0', grad_fn=<DivBackward0>)
Memory status after this epoch: 
Memory allocated:  272.60107421875
Memory cached:  330.0
	 epoch  40 training error:  tensor(0.2658, device='cuda:0', grad_fn=<DivBackward0>)
Memory status after this epoch: 
Memory allocated:  272.60107421875
Memory cached:  330.0
	 epoch  50 training error:  tensor(0.2474, device='cuda:0', grad_fn=<DivBackward0>)
Memory status after this epoch: 
Memory allocated:  272.60107421875
Memory cached:  330.0
	 epoch  60 training error:  tensor(0.2457, device='cuda:0', grad_fn=<DivBackward0>)
Memory status after this epoch: 
Memory allocated:  272.60107421875
Memory cached:  330.0
	 epoch  70 training error:  tensor(0.2456, device='cuda:0', grad_fn=<DivBackward0>)
Memory status after this epoch: 
Memory allocated:  272.60107421875
Memory cached:  330.0
	 epoch  80 training error:  tensor(0.2482, device='cuda:0', grad_fn=<DivBackward0>)
Memory status after this epoch: 
Memory allocated:  272.60107421875
Memory cached:  330.0
	 epoch  90 training error:  tensor(0.2476, device='cuda:0', grad_fn=<DivBackward0>)
Memory status after this epoch: 
Memory allocated:  272.60107421875
Memory cached:  330.0
[I 2024-01-11 11:53:05,323] Trial 48 finished with value: 0.21491055190563202 and parameters: {'W_layers': 5, 'W_layer_units_exponent_0': 4, 'W_layer_units_exponent_1': 8, 'W_layer_units_exponent_2': 8, 'W_layer_units_exponent_3': 5, 'W_layer_units_exponent_4': 7, 'D_layers': 4, 'D_layer_units_exponent_0': 9, 'D_layer_units_exponent_1': 7, 'D_layer_units_exponent_2': 6, 'D_layer_units_exponent_3': 9, 'D_dagger_layers': 5, 'D_dagger_layer_units_exponent_0': 10, 'D_dagger_layer_units_exponent_1': 4, 'D_dagger_layer_units_exponent_2': 5, 'D_dagger_layer_units_exponent_3': 7, 'D_dagger_layer_units_exponent_4': 8, 'log_learning_rate': -2.175568116016818, 'log_learning_rate_D': -2.1792753448914657, 'log_learning_rate_D_dagger': -2.472509642302223, 'training_batch_size': 12, 'training_p': 3}. Best is trial 5 with value: 0.20849008858203888.
Time for this trial:  21.750423192977905
Memory status after this trial: 
Memory allocated:  500.28369140625
Memory cached:  522.0
--------------------  Trial  49   --------------------
Start timing: 
Parameters: 
{'W_layers': 4, 'W_layer_units_exponent_0': 7, 'W_layer_units_exponent_1': 7, 'W_layer_units_exponent_2': 6, 'W_layer_units_exponent_3': 8, 'D_layers': 2, 'D_layer_units_exponent_0': 7, 'D_layer_units_exponent_1': 6, 'D_dagger_layers': 2, 'D_dagger_layer_units_exponent_0': 7, 'D_dagger_layer_units_exponent_1': 6, 'log_learning_rate': -1.1830249175669585, 'log_learning_rate_D': -1.4565045354752435, 'log_learning_rate_D_dagger': -3.2512327802158936, 'training_batch_size': 10, 'training_p': 7}
	 epoch  0 training error:  tensor(0.8122, device='cuda:0', grad_fn=<DivBackward0>)
Memory status after this epoch: 
Memory allocated:  270.861328125
Memory cached:  330.0
	 epoch  10 training error:  tensor(35.1329, device='cuda:0', grad_fn=<DivBackward0>)
Memory status after this epoch: 
Memory allocated:  270.861328125
Memory cached:  330.0
	 epoch  20 training error:  tensor(7.5846, device='cuda:0', grad_fn=<DivBackward0>)
Memory status after this epoch: 
Memory allocated:  270.861328125
Memory cached:  330.0
	 epoch  30 training error:  tensor(11.7149, device='cuda:0', grad_fn=<DivBackward0>)
Memory status after this epoch: 
Memory allocated:  270.861328125
Memory cached:  330.0
	 epoch  40 training error:  tensor(3.7793, device='cuda:0', grad_fn=<DivBackward0>)
Memory status after this epoch: 
Memory allocated:  270.861328125
Memory cached:  330.0
	 epoch  50 training error:  tensor(1.4717, device='cuda:0', grad_fn=<DivBackward0>)
Memory status after this epoch: 
Memory allocated:  270.861328125
Memory cached:  330.0
	 epoch  60 training error:  tensor(1.7406, device='cuda:0', grad_fn=<DivBackward0>)
Memory status after this epoch: 
Memory allocated:  270.861328125
Memory cached:  330.0
	 epoch  70 training error:  tensor(0.5197, device='cuda:0', grad_fn=<DivBackward0>)
Memory status after this epoch: 
Memory allocated:  270.861328125
Memory cached:  330.0
	 epoch  80 training error:  tensor(0.8516, device='cuda:0', grad_fn=<DivBackward0>)
Memory status after this epoch: 
Memory allocated:  270.861328125
Memory cached:  330.0
	 epoch  90 training error:  tensor(0.3947, device='cuda:0', grad_fn=<DivBackward0>)
Memory status after this epoch: 
Memory allocated:  270.861328125
Memory cached:  330.0
