[I 2024-01-14 00:16:53,892] Trial 84 finished with value: 0.19149260222911835 and parameters: {'W_layers': 3, 'W_layer_units_exponent_0': 10, 'W_layer_units_exponent_1': 4, 'W_layer_units_exponent_2': 9, 'D_layers': 2, 'D_layer_units_exponent_0': 8, 'D_layer_units_exponent_1': 7, 'D_dagger_layers': 3, 'D_dagger_layer_units_exponent_0': 10, 'D_dagger_layer_units_exponent_1': 7, 'D_dagger_layer_units_exponent_2': 8, 'log_learning_rate': -1.2151060208826072, 'log_learning_rate_D': -3.368533646294094, 'log_learning_rate_D_dagger': -3.064255086463935, 'training_batch_size': 10, 'training_p': 2}. Best is trial 33 with value: 0.08818560093641281.
Time for this trial:  21.175362825393677
Memory status after this trial: 
Memory allocated:  572.18798828125
Memory cached:  618.0
--------------------  Trial  85   --------------------
Start timing: 
Parameters: 
{'W_layers': 2, 'W_layer_units_exponent_0': 4, 'W_layer_units_exponent_1': 4, 'D_layers': 2, 'D_layer_units_exponent_0': 8, 'D_layer_units_exponent_1': 7, 'D_dagger_layers': 2, 'D_dagger_layer_units_exponent_0': 8, 'D_dagger_layer_units_exponent_1': 9, 'log_learning_rate': -1.3669693178508433, 'log_learning_rate_D': -3.105889748510187, 'log_learning_rate_D_dagger': -2.8191931353332276, 'training_batch_size': 9, 'training_p': 2}
	 epoch  0 training error:  tensor(0.9686, device='cuda:0', grad_fn=<DivBackward0>)
Memory status after this epoch: 
Memory allocated:  260.15673828125
Memory cached:  382.0
	 epoch  10 training error:  tensor(1.0667, device='cuda:0', grad_fn=<DivBackward0>)
Memory status after this epoch: 
Memory allocated:  260.15673828125
Memory cached:  382.0
	 epoch  20 training error:  tensor(0.3995, device='cuda:0', grad_fn=<DivBackward0>)
Memory status after this epoch: 
Memory allocated:  260.15673828125
Memory cached:  382.0
	 epoch  30 training error:  tensor(0.1908, device='cuda:0', grad_fn=<DivBackward0>)
Memory status after this epoch: 
Memory allocated:  260.15673828125
Memory cached:  382.0
	 epoch  40 training error:  tensor(0.1398, device='cuda:0', grad_fn=<DivBackward0>)
Memory status after this epoch: 
Memory allocated:  260.15673828125
Memory cached:  382.0
	 epoch  50 training error:  tensor(0.0969, device='cuda:0', grad_fn=<DivBackward0>)
Memory status after this epoch: 
Memory allocated:  260.15673828125
Memory cached:  382.0
	 epoch  60 training error:  tensor(0.0928, device='cuda:0', grad_fn=<DivBackward0>)
Memory status after this epoch: 
Memory allocated:  260.15673828125
Memory cached:  382.0
	 epoch  70 training error:  tensor(0.0846, device='cuda:0', grad_fn=<DivBackward0>)
Memory status after this epoch: 
Memory allocated:  260.15673828125
Memory cached:  382.0
	 epoch  80 training error:  tensor(0.0842, device='cuda:0', grad_fn=<DivBackward0>)
Memory status after this epoch: 
Memory allocated:  260.15673828125
Memory cached:  382.0
	 epoch  90 training error:  tensor(0.0844, device='cuda:0', grad_fn=<DivBackward0>)
Memory status after this epoch: 
Memory allocated:  260.15673828125
Memory cached:  382.0
[I 2024-01-14 00:17:12,774] Trial 85 finished with value: 0.08871351927518845 and parameters: {'W_layers': 2, 'W_layer_units_exponent_0': 4, 'W_layer_units_exponent_1': 4, 'D_layers': 2, 'D_layer_units_exponent_0': 8, 'D_layer_units_exponent_1': 7, 'D_dagger_layers': 2, 'D_dagger_layer_units_exponent_0': 8, 'D_dagger_layer_units_exponent_1': 9, 'log_learning_rate': -1.3669693178508433, 'log_learning_rate_D': -3.105889748510187, 'log_learning_rate_D_dagger': -2.8191931353332276, 'training_batch_size': 9, 'training_p': 2}. Best is trial 33 with value: 0.08818560093641281.
Time for this trial:  18.61914873123169
Memory status after this trial: 
Memory allocated:  339.60986328125
Memory cached:  382.0
--------------------  Trial  86   --------------------
Start timing: 
Parameters: 
{'W_layers': 4, 'W_layer_units_exponent_0': 4, 'W_layer_units_exponent_1': 4, 'W_layer_units_exponent_2': 10, 'W_layer_units_exponent_3': 8, 'D_layers': 2, 'D_layer_units_exponent_0': 7, 'D_layer_units_exponent_1': 6, 'D_dagger_layers': 2, 'D_dagger_layer_units_exponent_0': 7, 'D_dagger_layer_units_exponent_1': 8, 'log_learning_rate': -1.0882366910057462, 'log_learning_rate_D': -3.641224932856415, 'log_learning_rate_D_dagger': -3.2668335759869347, 'training_batch_size': 9, 'training_p': 2}
	 epoch  0 training error:  tensor(1.2190, device='cuda:0', grad_fn=<DivBackward0>)
Memory status after this epoch: 
Memory allocated:  262.822265625
Memory cached:  382.0
	 epoch  10 training error:  tensor(0.6331, device='cuda:0', grad_fn=<DivBackward0>)
Memory status after this epoch: 
Memory allocated:  262.822265625
Memory cached:  382.0
	 epoch  20 training error:  tensor(3.7710, device='cuda:0', grad_fn=<DivBackward0>)
Memory status after this epoch: 
Memory allocated:  262.822265625
Memory cached:  382.0
	 epoch  30 training error:  tensor(1.7547, device='cuda:0', grad_fn=<DivBackward0>)
Memory status after this epoch: 
Memory allocated:  262.822265625
Memory cached:  382.0
	 epoch  40 training error:  tensor(0.9551, device='cuda:0', grad_fn=<DivBackward0>)
Memory status after this epoch: 
Memory allocated:  262.822265625
Memory cached:  382.0
	 epoch  50 training error:  tensor(0.2298, device='cuda:0', grad_fn=<DivBackward0>)
Memory status after this epoch: 
Memory allocated:  262.822265625
Memory cached:  382.0
	 epoch  60 training error:  tensor(0.3820, device='cuda:0', grad_fn=<DivBackward0>)
Memory status after this epoch: 
Memory allocated:  262.822265625
Memory cached:  382.0
	 epoch  70 training error:  tensor(0.2032, device='cuda:0', grad_fn=<DivBackward0>)
Memory status after this epoch: 
Memory allocated:  262.822265625
Memory cached:  382.0
	 epoch  80 training error:  tensor(0.1718, device='cuda:0', grad_fn=<DivBackward0>)
Memory status after this epoch: 
Memory allocated:  262.822265625
Memory cached:  382.0
	 epoch  90 training error:  tensor(0.1457, device='cuda:0', grad_fn=<DivBackward0>)
Memory status after this epoch: 
Memory allocated:  262.822265625
Memory cached:  382.0
[I 2024-01-14 00:17:33,504] Trial 86 finished with value: 0.15025703608989716 and parameters: {'W_layers': 4, 'W_layer_units_exponent_0': 4, 'W_layer_units_exponent_1': 4, 'W_layer_units_exponent_2': 10, 'W_layer_units_exponent_3': 8, 'D_layers': 2, 'D_layer_units_exponent_0': 7, 'D_layer_units_exponent_1': 6, 'D_dagger_layers': 2, 'D_dagger_layer_units_exponent_0': 7, 'D_dagger_layer_units_exponent_1': 8, 'log_learning_rate': -1.0882366910057462, 'log_learning_rate_D': -3.641224932856415, 'log_learning_rate_D_dagger': -3.2668335759869347, 'training_batch_size': 9, 'training_p': 2}. Best is trial 33 with value: 0.08818560093641281.
Time for this trial:  20.454116344451904
Memory status after this trial: 
Memory allocated:  439.18701171875
Memory cached:  478.0
--------------------  Trial  87   --------------------
Start timing: 
Parameters: 
{'W_layers': 3, 'W_layer_units_exponent_0': 4, 'W_layer_units_exponent_1': 4, 'W_layer_units_exponent_2': 9, 'D_layers': 3, 'D_layer_units_exponent_0': 7, 'D_layer_units_exponent_1': 7, 'D_layer_units_exponent_2': 8, 'D_dagger_layers': 3, 'D_dagger_layer_units_exponent_0': 10, 'D_dagger_layer_units_exponent_1': 8, 'D_dagger_layer_units_exponent_2': 5, 'log_learning_rate': -1.4439761523569756, 'log_learning_rate_D': -4.155663602023697, 'log_learning_rate_D_dagger': -2.9061080320878347, 'training_batch_size': 11, 'training_p': 2}
	 epoch  0 training error:  tensor(1.2475, device='cuda:0', grad_fn=<DivBackward0>)
Memory status after this epoch: 
Memory allocated:  262.49951171875
Memory cached:  382.0
	 epoch  10 training error:  tensor(0.3412, device='cuda:0', grad_fn=<DivBackward0>)
Memory status after this epoch: 
Memory allocated:  262.49951171875
Memory cached:  382.0
	 epoch  20 training error:  tensor(0.2302, device='cuda:0', grad_fn=<DivBackward0>)
Memory status after this epoch: 
Memory allocated:  262.49951171875
Memory cached:  382.0
	 epoch  30 training error:  tensor(0.1330, device='cuda:0', grad_fn=<DivBackward0>)
Memory status after this epoch: 
Memory allocated:  262.49951171875
Memory cached:  382.0
	 epoch  40 training error:  tensor(0.0929, device='cuda:0', grad_fn=<DivBackward0>)
Memory status after this epoch: 
Memory allocated:  262.49951171875
Memory cached:  382.0
	 epoch  50 training error:  tensor(0.0932, device='cuda:0', grad_fn=<DivBackward0>)
Memory status after this epoch: 
Memory allocated:  262.49951171875
Memory cached:  382.0
	 epoch  60 training error:  tensor(0.0846, device='cuda:0', grad_fn=<DivBackward0>)
Memory status after this epoch: 
Memory allocated:  262.49951171875
Memory cached:  382.0
	 epoch  70 training error:  tensor(0.0854, device='cuda:0', grad_fn=<DivBackward0>)
Memory status after this epoch: 
Memory allocated:  262.49951171875
Memory cached:  382.0
	 epoch  80 training error:  tensor(0.0834, device='cuda:0', grad_fn=<DivBackward0>)
Memory status after this epoch: 
Memory allocated:  262.49951171875
Memory cached:  382.0
	 epoch  90 training error:  tensor(0.0836, device='cuda:0', grad_fn=<DivBackward0>)
Memory status after this epoch: 
Memory allocated:  262.49951171875
Memory cached:  382.0
[I 2024-01-14 00:17:54,421] Trial 87 finished with value: 0.08873610943555832 and parameters: {'W_layers': 3, 'W_layer_units_exponent_0': 4, 'W_layer_units_exponent_1': 4, 'W_layer_units_exponent_2': 9, 'D_layers': 3, 'D_layer_units_exponent_0': 7, 'D_layer_units_exponent_1': 7, 'D_layer_units_exponent_2': 8, 'D_dagger_layers': 3, 'D_dagger_layer_units_exponent_0': 10, 'D_dagger_layer_units_exponent_1': 8, 'D_dagger_layer_units_exponent_2': 5, 'log_learning_rate': -1.4439761523569756, 'log_learning_rate_D': -4.155663602023697, 'log_learning_rate_D_dagger': -2.9061080320878347, 'training_batch_size': 11, 'training_p': 2}. Best is trial 33 with value: 0.08818560093641281.
Time for this trial:  20.58354878425598
Memory status after this trial: 
Memory allocated:  455.54833984375
Memory cached:  498.0
--------------------  Trial  88   --------------------
Start timing: 
Parameters: 
{'W_layers': 6, 'W_layer_units_exponent_0': 5, 'W_layer_units_exponent_1': 5, 'W_layer_units_exponent_2': 9, 'W_layer_units_exponent_3': 7, 'W_layer_units_exponent_4': 9, 'W_layer_units_exponent_5': 9, 'D_layers': 2, 'D_layer_units_exponent_0': 8, 'D_layer_units_exponent_1': 7, 'D_dagger_layers': 5, 'D_dagger_layer_units_exponent_0': 9, 'D_dagger_layer_units_exponent_1': 7, 'D_dagger_layer_units_exponent_2': 6, 'D_dagger_layer_units_exponent_3': 5, 'D_dagger_layer_units_exponent_4': 7, 'log_learning_rate': -1.2806833030540559, 'log_learning_rate_D': -3.817084224252704, 'log_learning_rate_D_dagger': -3.147257444891722, 'training_batch_size': 8, 'training_p': 2}
	 epoch  0 training error:  tensor(1.0312, device='cuda:0', grad_fn=<DivBackward0>)
Memory status after this epoch: 
Memory allocated:  265.67041015625
Memory cached:  382.0
	 epoch  10 training error:  tensor(449.2248, device='cuda:0', grad_fn=<DivBackward0>)
Memory status after this epoch: 
Memory allocated:  265.67041015625
Memory cached:  382.0
	 epoch  20 training error:  tensor(22.5044, device='cuda:0', grad_fn=<DivBackward0>)
Memory status after this epoch: 
Memory allocated:  265.67041015625
Memory cached:  382.0
	 epoch  30 training error:  tensor(24.3628, device='cuda:0', grad_fn=<DivBackward0>)
Memory status after this epoch: 
Memory allocated:  265.67041015625
Memory cached:  382.0
	 epoch  40 training error:  tensor(4.2841, device='cuda:0', grad_fn=<DivBackward0>)
Memory status after this epoch: 
Memory allocated:  265.67041015625
Memory cached:  382.0
	 epoch  50 training error:  tensor(0.3587, device='cuda:0', grad_fn=<DivBackward0>)
Memory status after this epoch: 
Memory allocated:  265.67041015625
Memory cached:  382.0
	 epoch  60 training error:  tensor(1.7982, device='cuda:0', grad_fn=<DivBackward0>)
Memory status after this epoch: 
Memory allocated:  265.67041015625
Memory cached:  382.0
	 epoch  70 training error:  tensor(0.2253, device='cuda:0', grad_fn=<DivBackward0>)
Memory status after this epoch: 
Memory allocated:  265.67041015625
Memory cached:  382.0
	 epoch  80 training error:  tensor(0.4283, device='cuda:0', grad_fn=<DivBackward0>)
Memory status after this epoch: 
Memory allocated:  265.67041015625
Memory cached:  382.0
	 epoch  90 training error:  tensor(0.1356, device='cuda:0', grad_fn=<DivBackward0>)
Memory status after this epoch: 
Memory allocated:  265.67041015625
Memory cached:  382.0
[I 2024-01-14 00:18:16,781] Trial 88 finished with value: 0.17029666900634766 and parameters: {'W_layers': 6, 'W_layer_units_exponent_0': 5, 'W_layer_units_exponent_1': 5, 'W_layer_units_exponent_2': 9, 'W_layer_units_exponent_3': 7, 'W_layer_units_exponent_4': 9, 'W_layer_units_exponent_5': 9, 'D_layers': 2, 'D_layer_units_exponent_0': 8, 'D_layer_units_exponent_1': 7, 'D_dagger_layers': 5, 'D_dagger_layer_units_exponent_0': 9, 'D_dagger_layer_units_exponent_1': 7, 'D_dagger_layer_units_exponent_2': 6, 'D_dagger_layer_units_exponent_3': 5, 'D_dagger_layer_units_exponent_4': 7, 'log_learning_rate': -1.2806833030540559, 'log_learning_rate_D': -3.817084224252704, 'log_learning_rate_D_dagger': -3.147257444891722, 'training_batch_size': 8, 'training_p': 2}. Best is trial 33 with value: 0.08818560093641281.
Time for this trial:  22.03583335876465
Memory status after this trial: 
Memory allocated:  535.06396484375
Memory cached:  576.0
--------------------  Trial  89   --------------------
Start timing: 
Parameters: 
{'W_layers': 4, 'W_layer_units_exponent_0': 4, 'W_layer_units_exponent_1': 4, 'W_layer_units_exponent_2': 8, 'W_layer_units_exponent_3': 6, 'D_layers': 2, 'D_layer_units_exponent_0': 9, 'D_layer_units_exponent_1': 6, 'D_dagger_layers': 5, 'D_dagger_layer_units_exponent_0': 10, 'D_dagger_layer_units_exponent_1': 9, 'D_dagger_layer_units_exponent_2': 4, 'D_dagger_layer_units_exponent_3': 4, 'D_dagger_layer_units_exponent_4': 4, 'log_learning_rate': -1.1791372678240266, 'log_learning_rate_D': -3.4941738196330236, 'log_learning_rate_D_dagger': -2.737866806952574, 'training_batch_size': 10, 'training_p': 2}
	 epoch  0 training error:  tensor(1.0817, device='cuda:0', grad_fn=<DivBackward0>)
Memory status after this epoch: 
Memory allocated:  267.00732421875
Memory cached:  384.0
	 epoch  10 training error:  tensor(1.0021, device='cuda:0', grad_fn=<DivBackward0>)
Memory status after this epoch: 
Memory allocated:  267.00732421875
Memory cached:  384.0
	 epoch  20 training error:  tensor(1.2509, device='cuda:0', grad_fn=<DivBackward0>)
Memory status after this epoch: 
Memory allocated:  267.00732421875
Memory cached:  384.0
	 epoch  30 training error:  tensor(0.7555, device='cuda:0', grad_fn=<DivBackward0>)
Memory status after this epoch: 
Memory allocated:  267.00732421875
Memory cached:  384.0
	 epoch  40 training error:  tensor(0.4607, device='cuda:0', grad_fn=<DivBackward0>)
Memory status after this epoch: 
Memory allocated:  267.00732421875
Memory cached:  384.0
	 epoch  50 training error:  tensor(0.4160, device='cuda:0', grad_fn=<DivBackward0>)
Memory status after this epoch: 
Memory allocated:  267.00732421875
Memory cached:  384.0
	 epoch  60 training error:  tensor(0.2386, device='cuda:0', grad_fn=<DivBackward0>)
Memory status after this epoch: 
Memory allocated:  267.00732421875
Memory cached:  384.0
	 epoch  70 training error:  tensor(0.1303, device='cuda:0', grad_fn=<DivBackward0>)
Memory status after this epoch: 
Memory allocated:  267.00732421875
Memory cached:  384.0
	 epoch  80 training error:  tensor(0.0903, device='cuda:0', grad_fn=<DivBackward0>)
Memory status after this epoch: 
Memory allocated:  267.00732421875
Memory cached:  384.0
	 epoch  90 training error:  tensor(0.0906, device='cuda:0', grad_fn=<DivBackward0>)
Memory status after this epoch: 
Memory allocated:  267.00732421875
Memory cached:  384.0
[I 2024-01-14 00:18:38,664] Trial 89 finished with value: 0.09000646322965622 and parameters: {'W_layers': 4, 'W_layer_units_exponent_0': 4, 'W_layer_units_exponent_1': 4, 'W_layer_units_exponent_2': 8, 'W_layer_units_exponent_3': 6, 'D_layers': 2, 'D_layer_units_exponent_0': 9, 'D_layer_units_exponent_1': 6, 'D_dagger_layers': 5, 'D_dagger_layer_units_exponent_0': 10, 'D_dagger_layer_units_exponent_1': 9, 'D_dagger_layer_units_exponent_2': 4, 'D_dagger_layer_units_exponent_3': 4, 'D_dagger_layer_units_exponent_4': 4, 'log_learning_rate': -1.1791372678240266, 'log_learning_rate_D': -3.4941738196330236, 'log_learning_rate_D_dagger': -2.737866806952574, 'training_batch_size': 10, 'training_p': 2}. Best is trial 33 with value: 0.08818560093641281.
Time for this trial:  21.51238703727722
Memory status after this trial: 
Memory allocated:  473.73974609375
Memory cached:  500.0
--------------------  Trial  90   --------------------
Start timing: 
Parameters: 
{'W_layers': 7, 'W_layer_units_exponent_0': 4, 'W_layer_units_exponent_1': 8, 'W_layer_units_exponent_2': 6, 'W_layer_units_exponent_3': 5, 'W_layer_units_exponent_4': 4, 'W_layer_units_exponent_5': 8, 'W_layer_units_exponent_6': 10, 'D_layers': 3, 'D_layer_units_exponent_0': 8, 'D_layer_units_exponent_1': 8, 'D_layer_units_exponent_2': 10, 'D_dagger_layers': 6, 'D_dagger_layer_units_exponent_0': 9, 'D_dagger_layer_units_exponent_1': 9, 'D_dagger_layer_units_exponent_2': 5, 'D_dagger_layer_units_exponent_3': 5, 'D_dagger_layer_units_exponent_4': 8, 'D_dagger_layer_units_exponent_5': 6, 'log_learning_rate': -1.342574825053908, 'log_learning_rate_D': -3.962807377428691, 'log_learning_rate_D_dagger': -2.560631388951495, 'training_batch_size': 9, 'training_p': 3}
	 epoch  0 training error:  tensor(1.0150, device='cuda:0', grad_fn=<DivBackward0>)
Memory status after this epoch: 
Memory allocated:  268.39306640625
Memory cached:  386.0
	 epoch  10 training error:  tensor(117.6380, device='cuda:0', grad_fn=<DivBackward0>)
Memory status after this epoch: 
Memory allocated:  268.39306640625
Memory cached:  386.0
	 epoch  20 training error:  tensor(5.7678, device='cuda:0', grad_fn=<DivBackward0>)
Memory status after this epoch: 
Memory allocated:  268.39306640625
Memory cached:  386.0
	 epoch  30 training error:  tensor(2.1540, device='cuda:0', grad_fn=<DivBackward0>)
Memory status after this epoch: 
Memory allocated:  268.39306640625
Memory cached:  386.0
	 epoch  40 training error:  tensor(8.1074, device='cuda:0', grad_fn=<DivBackward0>)
Memory status after this epoch: 
Memory allocated:  268.39306640625
Memory cached:  386.0
	 epoch  50 training error:  tensor(1.7311, device='cuda:0', grad_fn=<DivBackward0>)
Memory status after this epoch: 
Memory allocated:  268.39306640625
Memory cached:  386.0
	 epoch  60 training error:  tensor(0.2571, device='cuda:0', grad_fn=<DivBackward0>)
Memory status after this epoch: 
Memory allocated:  268.39306640625
Memory cached:  386.0
	 epoch  70 training error:  tensor(0.2531, device='cuda:0', grad_fn=<DivBackward0>)
Memory status after this epoch: 
Memory allocated:  268.39306640625
Memory cached:  386.0
	 epoch  80 training error:  tensor(0.2483, device='cuda:0', grad_fn=<DivBackward0>)
Memory status after this epoch: 
Memory allocated:  268.39306640625
Memory cached:  386.0
	 epoch  90 training error:  tensor(0.1734, device='cuda:0', grad_fn=<DivBackward0>)
Memory status after this epoch: 
Memory allocated:  268.39306640625
Memory cached:  386.0
