[I 2024-01-11 12:09:49,603] Trial 91 finished with value: 0.2114751785993576 and parameters: {'W_layers': 7, 'W_layer_units_exponent_0': 8, 'W_layer_units_exponent_1': 6, 'W_layer_units_exponent_2': 10, 'W_layer_units_exponent_3': 5, 'W_layer_units_exponent_4': 4, 'W_layer_units_exponent_5': 5, 'W_layer_units_exponent_6': 6, 'D_layers': 3, 'D_layer_units_exponent_0': 6, 'D_layer_units_exponent_1': 10, 'D_layer_units_exponent_2': 8, 'D_dagger_layers': 3, 'D_dagger_layer_units_exponent_0': 4, 'D_dagger_layer_units_exponent_1': 10, 'D_dagger_layer_units_exponent_2': 5, 'log_learning_rate': -2.1893030076664406, 'log_learning_rate_D': -2.50526651745299, 'log_learning_rate_D_dagger': -3.30784632261698, 'training_batch_size': 8, 'training_p': 2}. Best is trial 76 with value: 0.2073042392730713.
Time for this trial:  21.21247100830078
Memory status after this trial: 
Memory allocated:  496.61767578125
Memory cached:  554.0
--------------------  Trial  92   --------------------
Start timing: 
Parameters: 
{'W_layers': 7, 'W_layer_units_exponent_0': 8, 'W_layer_units_exponent_1': 6, 'W_layer_units_exponent_2': 10, 'W_layer_units_exponent_3': 5, 'W_layer_units_exponent_4': 4, 'W_layer_units_exponent_5': 5, 'W_layer_units_exponent_6': 6, 'D_layers': 3, 'D_layer_units_exponent_0': 6, 'D_layer_units_exponent_1': 10, 'D_layer_units_exponent_2': 8, 'D_dagger_layers': 3, 'D_dagger_layer_units_exponent_0': 4, 'D_dagger_layer_units_exponent_1': 10, 'D_dagger_layer_units_exponent_2': 5, 'log_learning_rate': -2.4296187436414503, 'log_learning_rate_D': -2.2593467478725664, 'log_learning_rate_D_dagger': -3.2123999335460893, 'training_batch_size': 8, 'training_p': 2}
	 epoch  0 training error:  tensor(0.9651, device='cuda:0', grad_fn=<DivBackward0>)
Memory status after this epoch: 
Memory allocated:  222.1240234375
Memory cached:  340.0
	 epoch  10 training error:  tensor(0.2483, device='cuda:0', grad_fn=<DivBackward0>)
Memory status after this epoch: 
Memory allocated:  222.1240234375
Memory cached:  340.0
	 epoch  20 training error:  tensor(0.2198, device='cuda:0', grad_fn=<DivBackward0>)
Memory status after this epoch: 
Memory allocated:  222.1240234375
Memory cached:  340.0
	 epoch  30 training error:  tensor(0.2044, device='cuda:0', grad_fn=<DivBackward0>)
Memory status after this epoch: 
Memory allocated:  222.1240234375
Memory cached:  340.0
	 epoch  40 training error:  tensor(0.1978, device='cuda:0', grad_fn=<DivBackward0>)
Memory status after this epoch: 
Memory allocated:  222.1240234375
Memory cached:  340.0
	 epoch  50 training error:  tensor(0.1925, device='cuda:0', grad_fn=<DivBackward0>)
Memory status after this epoch: 
Memory allocated:  222.1240234375
Memory cached:  340.0
	 epoch  60 training error:  tensor(0.1874, device='cuda:0', grad_fn=<DivBackward0>)
Memory status after this epoch: 
Memory allocated:  222.1240234375
Memory cached:  340.0
	 epoch  70 training error:  tensor(0.1854, device='cuda:0', grad_fn=<DivBackward0>)
Memory status after this epoch: 
Memory allocated:  222.1240234375
Memory cached:  340.0
	 epoch  80 training error:  tensor(0.1872, device='cuda:0', grad_fn=<DivBackward0>)
Memory status after this epoch: 
Memory allocated:  222.1240234375
Memory cached:  340.0
	 epoch  90 training error:  tensor(0.1862, device='cuda:0', grad_fn=<DivBackward0>)
Memory status after this epoch: 
Memory allocated:  222.1240234375
Memory cached:  340.0
[I 2024-01-11 12:10:11,058] Trial 92 finished with value: 0.20828810334205627 and parameters: {'W_layers': 7, 'W_layer_units_exponent_0': 8, 'W_layer_units_exponent_1': 6, 'W_layer_units_exponent_2': 10, 'W_layer_units_exponent_3': 5, 'W_layer_units_exponent_4': 4, 'W_layer_units_exponent_5': 5, 'W_layer_units_exponent_6': 6, 'D_layers': 3, 'D_layer_units_exponent_0': 6, 'D_layer_units_exponent_1': 10, 'D_layer_units_exponent_2': 8, 'D_dagger_layers': 3, 'D_dagger_layer_units_exponent_0': 4, 'D_dagger_layer_units_exponent_1': 10, 'D_dagger_layer_units_exponent_2': 5, 'log_learning_rate': -2.4296187436414503, 'log_learning_rate_D': -2.2593467478725664, 'log_learning_rate_D_dagger': -3.2123999335460893, 'training_batch_size': 8, 'training_p': 2}. Best is trial 76 with value: 0.2073042392730713.
Time for this trial:  21.115434646606445
Memory status after this trial: 
Memory allocated:  496.61767578125
Memory cached:  554.0
--------------------  Trial  93   --------------------
Start timing: 
Parameters: 
{'W_layers': 7, 'W_layer_units_exponent_0': 7, 'W_layer_units_exponent_1': 6, 'W_layer_units_exponent_2': 10, 'W_layer_units_exponent_3': 5, 'W_layer_units_exponent_4': 4, 'W_layer_units_exponent_5': 5, 'W_layer_units_exponent_6': 6, 'D_layers': 3, 'D_layer_units_exponent_0': 7, 'D_layer_units_exponent_1': 10, 'D_layer_units_exponent_2': 8, 'D_dagger_layers': 3, 'D_dagger_layer_units_exponent_0': 4, 'D_dagger_layer_units_exponent_1': 10, 'D_dagger_layer_units_exponent_2': 5, 'log_learning_rate': -2.4076333939281684, 'log_learning_rate_D': -2.3155362327103775, 'log_learning_rate_D_dagger': -3.203364381139346, 'training_batch_size': 7, 'training_p': 2}
	 epoch  0 training error:  tensor(0.9557, device='cuda:0', grad_fn=<DivBackward0>)
Memory status after this epoch: 
Memory allocated:  222.1962890625
Memory cached:  340.0
	 epoch  10 training error:  tensor(0.2375, device='cuda:0', grad_fn=<DivBackward0>)
Memory status after this epoch: 
Memory allocated:  222.1962890625
Memory cached:  340.0
	 epoch  20 training error:  tensor(0.1950, device='cuda:0', grad_fn=<DivBackward0>)
Memory status after this epoch: 
Memory allocated:  222.1962890625
Memory cached:  340.0
	 epoch  30 training error:  tensor(0.1886, device='cuda:0', grad_fn=<DivBackward0>)
Memory status after this epoch: 
Memory allocated:  222.1962890625
Memory cached:  340.0
	 epoch  40 training error:  tensor(0.1930, device='cuda:0', grad_fn=<DivBackward0>)
Memory status after this epoch: 
Memory allocated:  222.1962890625
Memory cached:  340.0
	 epoch  50 training error:  tensor(0.1900, device='cuda:0', grad_fn=<DivBackward0>)
Memory status after this epoch: 
Memory allocated:  222.1962890625
Memory cached:  340.0
	 epoch  60 training error:  tensor(0.1975, device='cuda:0', grad_fn=<DivBackward0>)
Memory status after this epoch: 
Memory allocated:  222.1962890625
Memory cached:  340.0
	 epoch  70 training error:  tensor(0.1871, device='cuda:0', grad_fn=<DivBackward0>)
Memory status after this epoch: 
Memory allocated:  222.1962890625
Memory cached:  340.0
	 epoch  80 training error:  tensor(0.1877, device='cuda:0', grad_fn=<DivBackward0>)
Memory status after this epoch: 
Memory allocated:  222.1962890625
Memory cached:  340.0
	 epoch  90 training error:  tensor(0.1937, device='cuda:0', grad_fn=<DivBackward0>)
Memory status after this epoch: 
Memory allocated:  222.1962890625
Memory cached:  340.0
[I 2024-01-11 12:10:35,758] Trial 93 finished with value: 0.21362940967082977 and parameters: {'W_layers': 7, 'W_layer_units_exponent_0': 7, 'W_layer_units_exponent_1': 6, 'W_layer_units_exponent_2': 10, 'W_layer_units_exponent_3': 5, 'W_layer_units_exponent_4': 4, 'W_layer_units_exponent_5': 5, 'W_layer_units_exponent_6': 6, 'D_layers': 3, 'D_layer_units_exponent_0': 7, 'D_layer_units_exponent_1': 10, 'D_layer_units_exponent_2': 8, 'D_dagger_layers': 3, 'D_dagger_layer_units_exponent_0': 4, 'D_dagger_layer_units_exponent_1': 10, 'D_dagger_layer_units_exponent_2': 5, 'log_learning_rate': -2.4076333939281684, 'log_learning_rate_D': -2.3155362327103775, 'log_learning_rate_D_dagger': -3.203364381139346, 'training_batch_size': 7, 'training_p': 2}. Best is trial 76 with value: 0.2073042392730713.
Time for this trial:  24.35881781578064
Memory status after this trial: 
Memory allocated:  482.88134765625
Memory cached:  554.0
--------------------  Trial  94   --------------------
Start timing: 
Parameters: 
{'W_layers': 7, 'W_layer_units_exponent_0': 7, 'W_layer_units_exponent_1': 6, 'W_layer_units_exponent_2': 10, 'W_layer_units_exponent_3': 5, 'W_layer_units_exponent_4': 4, 'W_layer_units_exponent_5': 5, 'W_layer_units_exponent_6': 6, 'D_layers': 2, 'D_layer_units_exponent_0': 6, 'D_layer_units_exponent_1': 10, 'D_dagger_layers': 3, 'D_dagger_layer_units_exponent_0': 4, 'D_dagger_layer_units_exponent_1': 10, 'D_dagger_layer_units_exponent_2': 5, 'log_learning_rate': -1.9302950645983916, 'log_learning_rate_D': -2.0723273887338016, 'log_learning_rate_D_dagger': -3.44912598429387, 'training_batch_size': 8, 'training_p': 2}
	 epoch  0 training error:  tensor(0.9542, device='cuda:0', grad_fn=<DivBackward0>)
Memory status after this epoch: 
Memory allocated:  220.9970703125
Memory cached:  340.0
	 epoch  10 training error:  tensor(0.3214, device='cuda:0', grad_fn=<DivBackward0>)
Memory status after this epoch: 
Memory allocated:  220.9970703125
Memory cached:  340.0
	 epoch  20 training error:  tensor(0.2333, device='cuda:0', grad_fn=<DivBackward0>)
Memory status after this epoch: 
Memory allocated:  220.9970703125
Memory cached:  340.0
	 epoch  30 training error:  tensor(0.2215, device='cuda:0', grad_fn=<DivBackward0>)
Memory status after this epoch: 
Memory allocated:  220.9970703125
Memory cached:  340.0
	 epoch  40 training error:  tensor(0.2110, device='cuda:0', grad_fn=<DivBackward0>)
Memory status after this epoch: 
Memory allocated:  220.9970703125
Memory cached:  340.0
	 epoch  50 training error:  tensor(0.1982, device='cuda:0', grad_fn=<DivBackward0>)
Memory status after this epoch: 
Memory allocated:  220.9970703125
Memory cached:  340.0
	 epoch  60 training error:  tensor(0.1900, device='cuda:0', grad_fn=<DivBackward0>)
Memory status after this epoch: 
Memory allocated:  220.9970703125
Memory cached:  340.0
	 epoch  70 training error:  tensor(0.1864, device='cuda:0', grad_fn=<DivBackward0>)
Memory status after this epoch: 
Memory allocated:  220.9970703125
Memory cached:  340.0
	 epoch  80 training error:  tensor(0.1850, device='cuda:0', grad_fn=<DivBackward0>)
Memory status after this epoch: 
Memory allocated:  220.9970703125
Memory cached:  340.0
	 epoch  90 training error:  tensor(0.1876, device='cuda:0', grad_fn=<DivBackward0>)
Memory status after this epoch: 
Memory allocated:  220.9970703125
Memory cached:  340.0
[I 2024-01-11 12:10:57,007] Trial 94 finished with value: 0.20742617547512054 and parameters: {'W_layers': 7, 'W_layer_units_exponent_0': 7, 'W_layer_units_exponent_1': 6, 'W_layer_units_exponent_2': 10, 'W_layer_units_exponent_3': 5, 'W_layer_units_exponent_4': 4, 'W_layer_units_exponent_5': 5, 'W_layer_units_exponent_6': 6, 'D_layers': 2, 'D_layer_units_exponent_0': 6, 'D_layer_units_exponent_1': 10, 'D_dagger_layers': 3, 'D_dagger_layer_units_exponent_0': 4, 'D_dagger_layer_units_exponent_1': 10, 'D_dagger_layer_units_exponent_2': 5, 'log_learning_rate': -1.9302950645983916, 'log_learning_rate_D': -2.0723273887338016, 'log_learning_rate_D_dagger': -3.44912598429387, 'training_batch_size': 8, 'training_p': 2}. Best is trial 76 with value: 0.2073042392730713.
Time for this trial:  20.921550273895264
Memory status after this trial: 
Memory allocated:  482.88134765625
Memory cached:  554.0
--------------------  Trial  95   --------------------
Start timing: 
Parameters: 
{'W_layers': 7, 'W_layer_units_exponent_0': 7, 'W_layer_units_exponent_1': 6, 'W_layer_units_exponent_2': 9, 'W_layer_units_exponent_3': 9, 'W_layer_units_exponent_4': 5, 'W_layer_units_exponent_5': 5, 'W_layer_units_exponent_6': 7, 'D_layers': 2, 'D_layer_units_exponent_0': 7, 'D_layer_units_exponent_1': 10, 'D_dagger_layers': 3, 'D_dagger_layer_units_exponent_0': 4, 'D_dagger_layer_units_exponent_1': 10, 'D_dagger_layer_units_exponent_2': 6, 'log_learning_rate': -1.9004512328692615, 'log_learning_rate_D': -2.08283493057427, 'log_learning_rate_D_dagger': -3.476629631448708, 'training_batch_size': 8, 'training_p': 2}
	 epoch  0 training error:  tensor(0.7383, device='cuda:0', grad_fn=<DivBackward0>)
Memory status after this epoch: 
Memory allocated:  225.0263671875
Memory cached:  340.0
	 epoch  10 training error:  tensor(0.3514, device='cuda:0', grad_fn=<DivBackward0>)
Memory status after this epoch: 
Memory allocated:  225.0263671875
Memory cached:  340.0
	 epoch  20 training error:  tensor(0.2809, device='cuda:0', grad_fn=<DivBackward0>)
Memory status after this epoch: 
Memory allocated:  225.0263671875
Memory cached:  340.0
	 epoch  30 training error:  tensor(0.2459, device='cuda:0', grad_fn=<DivBackward0>)
Memory status after this epoch: 
Memory allocated:  225.0263671875
Memory cached:  340.0
	 epoch  40 training error:  tensor(0.2181, device='cuda:0', grad_fn=<DivBackward0>)
Memory status after this epoch: 
Memory allocated:  225.0263671875
Memory cached:  340.0
	 epoch  50 training error:  tensor(0.2050, device='cuda:0', grad_fn=<DivBackward0>)
Memory status after this epoch: 
Memory allocated:  225.0263671875
Memory cached:  340.0
	 epoch  60 training error:  tensor(0.2832, device='cuda:0', grad_fn=<DivBackward0>)
Memory status after this epoch: 
Memory allocated:  225.0263671875
Memory cached:  340.0
	 epoch  70 training error:  tensor(0.2004, device='cuda:0', grad_fn=<DivBackward0>)
Memory status after this epoch: 
Memory allocated:  225.0263671875
Memory cached:  340.0
	 epoch  80 training error:  tensor(0.1985, device='cuda:0', grad_fn=<DivBackward0>)
Memory status after this epoch: 
Memory allocated:  225.0263671875
Memory cached:  340.0
	 epoch  90 training error:  tensor(0.1885, device='cuda:0', grad_fn=<DivBackward0>)
Memory status after this epoch: 
Memory allocated:  225.0263671875
Memory cached:  340.0
[I 2024-01-11 12:11:19,049] Trial 95 finished with value: 0.2086673229932785 and parameters: {'W_layers': 7, 'W_layer_units_exponent_0': 7, 'W_layer_units_exponent_1': 6, 'W_layer_units_exponent_2': 9, 'W_layer_units_exponent_3': 9, 'W_layer_units_exponent_4': 5, 'W_layer_units_exponent_5': 5, 'W_layer_units_exponent_6': 7, 'D_layers': 2, 'D_layer_units_exponent_0': 7, 'D_layer_units_exponent_1': 10, 'D_dagger_layers': 3, 'D_dagger_layer_units_exponent_0': 4, 'D_dagger_layer_units_exponent_1': 10, 'D_dagger_layer_units_exponent_2': 6, 'log_learning_rate': -1.9004512328692615, 'log_learning_rate_D': -2.08283493057427, 'log_learning_rate_D_dagger': -3.476629631448708, 'training_batch_size': 8, 'training_p': 2}. Best is trial 76 with value: 0.2073042392730713.
Time for this trial:  21.707819938659668
Memory status after this trial: 
Memory allocated:  491.28857421875
Memory cached:  524.0
--------------------  Trial  96   --------------------
Start timing: 
Parameters: 
{'W_layers': 6, 'W_layer_units_exponent_0': 7, 'W_layer_units_exponent_1': 6, 'W_layer_units_exponent_2': 9, 'W_layer_units_exponent_3': 5, 'W_layer_units_exponent_4': 4, 'W_layer_units_exponent_5': 6, 'D_layers': 2, 'D_layer_units_exponent_0': 6, 'D_layer_units_exponent_1': 9, 'D_dagger_layers': 3, 'D_dagger_layer_units_exponent_0': 4, 'D_dagger_layer_units_exponent_1': 9, 'D_dagger_layer_units_exponent_2': 5, 'log_learning_rate': -2.0220327606510846, 'log_learning_rate_D': -2.1446402543448073, 'log_learning_rate_D_dagger': -3.158055728149977, 'training_batch_size': 8, 'training_p': 3}
	 epoch  0 training error:  tensor(0.9656, device='cuda:0', grad_fn=<DivBackward0>)
Memory status after this epoch: 
Memory allocated:  219.7021484375
Memory cached:  342.0
	 epoch  10 training error:  tensor(0.2816, device='cuda:0', grad_fn=<DivBackward0>)
Memory status after this epoch: 
Memory allocated:  219.7021484375
Memory cached:  342.0
	 epoch  20 training error:  tensor(0.2874, device='cuda:0', grad_fn=<DivBackward0>)
Memory status after this epoch: 
Memory allocated:  219.7021484375
Memory cached:  342.0
	 epoch  30 training error:  tensor(0.2599, device='cuda:0', grad_fn=<DivBackward0>)
Memory status after this epoch: 
Memory allocated:  219.7021484375
Memory cached:  342.0
	 epoch  40 training error:  tensor(0.2527, device='cuda:0', grad_fn=<DivBackward0>)
Memory status after this epoch: 
Memory allocated:  219.7021484375
Memory cached:  342.0
	 epoch  50 training error:  tensor(0.2482, device='cuda:0', grad_fn=<DivBackward0>)
Memory status after this epoch: 
Memory allocated:  219.7021484375
Memory cached:  342.0
	 epoch  60 training error:  tensor(0.2436, device='cuda:0', grad_fn=<DivBackward0>)
Memory status after this epoch: 
Memory allocated:  219.7021484375
Memory cached:  342.0
	 epoch  70 training error:  tensor(0.2430, device='cuda:0', grad_fn=<DivBackward0>)
Memory status after this epoch: 
Memory allocated:  219.7021484375
Memory cached:  342.0
	 epoch  80 training error:  tensor(0.2410, device='cuda:0', grad_fn=<DivBackward0>)
Memory status after this epoch: 
Memory allocated:  219.7021484375
Memory cached:  342.0
	 epoch  90 training error:  tensor(0.2416, device='cuda:0', grad_fn=<DivBackward0>)
Memory status after this epoch: 
Memory allocated:  219.7021484375
Memory cached:  342.0
[I 2024-01-11 12:11:39,394] Trial 96 finished with value: 0.20961704850196838 and parameters: {'W_layers': 6, 'W_layer_units_exponent_0': 7, 'W_layer_units_exponent_1': 6, 'W_layer_units_exponent_2': 9, 'W_layer_units_exponent_3': 5, 'W_layer_units_exponent_4': 4, 'W_layer_units_exponent_5': 6, 'D_layers': 2, 'D_layer_units_exponent_0': 6, 'D_layer_units_exponent_1': 9, 'D_dagger_layers': 3, 'D_dagger_layer_units_exponent_0': 4, 'D_dagger_layer_units_exponent_1': 9, 'D_dagger_layer_units_exponent_2': 5, 'log_learning_rate': -2.0220327606510846, 'log_learning_rate_D': -2.1446402543448073, 'log_learning_rate_D_dagger': -3.158055728149977, 'training_batch_size': 8, 'training_p': 3}. Best is trial 76 with value: 0.2073042392730713.
Time for this trial:  20.007139921188354
Memory status after this trial: 
Memory allocated:  365.28662109375
Memory cached:  404.0
--------------------  Trial  97   --------------------
Start timing: 
Parameters: 
{'W_layers': 7, 'W_layer_units_exponent_0': 7, 'W_layer_units_exponent_1': 6, 'W_layer_units_exponent_2': 10, 'W_layer_units_exponent_3': 4, 'W_layer_units_exponent_4': 4, 'W_layer_units_exponent_5': 5, 'W_layer_units_exponent_6': 6, 'D_layers': 2, 'D_layer_units_exponent_0': 6, 'D_layer_units_exponent_1': 10, 'D_dagger_layers': 2, 'D_dagger_layer_units_exponent_0': 4, 'D_dagger_layer_units_exponent_1': 10, 'log_learning_rate': -1.7519894712354547, 'log_learning_rate_D': -2.2613455800370676, 'log_learning_rate_D_dagger': -3.248527367448254, 'training_batch_size': 9, 'training_p': 2}
	 epoch  0 training error:  tensor(1.0559, device='cuda:0', grad_fn=<DivBackward0>)
Memory status after this epoch: 
Memory allocated:  220.2548828125
Memory cached:  340.0
	 epoch  10 training error:  tensor(0.8259, device='cuda:0', grad_fn=<DivBackward0>)
Memory status after this epoch: 
Memory allocated:  220.2548828125
Memory cached:  340.0
	 epoch  20 training error:  tensor(0.3464, device='cuda:0', grad_fn=<DivBackward0>)
Memory status after this epoch: 
Memory allocated:  220.2548828125
Memory cached:  340.0
	 epoch  30 training error:  tensor(0.2528, device='cuda:0', grad_fn=<DivBackward0>)
Memory status after this epoch: 
Memory allocated:  220.2548828125
Memory cached:  340.0
	 epoch  40 training error:  tensor(0.2375, device='cuda:0', grad_fn=<DivBackward0>)
Memory status after this epoch: 
Memory allocated:  220.2548828125
Memory cached:  340.0
	 epoch  50 training error:  tensor(0.2246, device='cuda:0', grad_fn=<DivBackward0>)
Memory status after this epoch: 
Memory allocated:  220.2548828125
Memory cached:  340.0
	 epoch  60 training error:  tensor(0.2062, device='cuda:0', grad_fn=<DivBackward0>)
Memory status after this epoch: 
Memory allocated:  220.2548828125
Memory cached:  340.0
	 epoch  70 training error:  tensor(0.1932, device='cuda:0', grad_fn=<DivBackward0>)
Memory status after this epoch: 
Memory allocated:  220.2548828125
Memory cached:  340.0
	 epoch  80 training error:  tensor(0.1902, device='cuda:0', grad_fn=<DivBackward0>)
Memory status after this epoch: 
Memory allocated:  220.2548828125
Memory cached:  340.0
	 epoch  90 training error:  tensor(0.1903, device='cuda:0', grad_fn=<DivBackward0>)
Memory status after this epoch: 
Memory allocated:  220.2548828125
Memory cached:  340.0
