[I 2023-12-07 04:43:22,882] Trial 3 finished with value: 0.4732743203639984 and parameters: {'W_layers': 8, 'W_layer_units_exponent_0': 8, 'W_layer_units_exponent_1': 4, 'W_layer_units_exponent_2': 6, 'W_layer_units_exponent_3': 7, 'W_layer_units_exponent_4': 5, 'W_layer_units_exponent_5': 8, 'W_layer_units_exponent_6': 8, 'W_layer_units_exponent_7': 4, 'D_layers': 4, 'D_layer_units_exponent_0': 10, 'D_layer_units_exponent_1': 6, 'D_layer_units_exponent_2': 9, 'D_layer_units_exponent_3': 6, 'D_dagger_layers': 5, 'D_dagger_layer_units_exponent_0': 8, 'D_dagger_layer_units_exponent_1': 9, 'D_dagger_layer_units_exponent_2': 6, 'D_dagger_layer_units_exponent_3': 7, 'D_dagger_layer_units_exponent_4': 5, 'log_learning_rate': -4.530576802023082, 'log_learning_rate_D': -4.635207403171261, 'log_learning_rate_D_dagger': -4.96851902130559, 'training_batch_size': 8, 'training_p': 7}. Best is trial 1 with value: 0.3583562672138214.
Time for this trial:  18.822879314422607
Memory status after this trial: 
Memory allocated:  260.17333984375
Memory cached:  278.0
--------------------  Trial  4   --------------------
Start timing: 
Parameters: 
{'W_layers': 5, 'W_layer_units_exponent_0': 10, 'W_layer_units_exponent_1': 7, 'W_layer_units_exponent_2': 9, 'W_layer_units_exponent_3': 10, 'W_layer_units_exponent_4': 4, 'D_layers': 7, 'D_layer_units_exponent_0': 9, 'D_layer_units_exponent_1': 10, 'D_layer_units_exponent_2': 9, 'D_layer_units_exponent_3': 10, 'D_layer_units_exponent_4': 4, 'D_layer_units_exponent_5': 7, 'D_layer_units_exponent_6': 4, 'D_dagger_layers': 8, 'D_dagger_layer_units_exponent_0': 8, 'D_dagger_layer_units_exponent_1': 4, 'D_dagger_layer_units_exponent_2': 6, 'D_dagger_layer_units_exponent_3': 9, 'D_dagger_layer_units_exponent_4': 8, 'D_dagger_layer_units_exponent_5': 8, 'D_dagger_layer_units_exponent_6': 8, 'D_dagger_layer_units_exponent_7': 6, 'log_learning_rate': -1.6350541283831173, 'log_learning_rate_D': -1.2354910007409776, 'log_learning_rate_D_dagger': -2.27871129901415, 'training_batch_size': 12, 'training_p': 2}
	 epoch  0 training error:  tensor(1.0132, device='cuda:0', grad_fn=<DivBackward0>)
Memory status after this epoch: 
Memory allocated:  170.8779296875
Memory cached:  244.0
	 epoch  10 training error:  tensor(7.2280, device='cuda:0', grad_fn=<DivBackward0>)
Memory status after this epoch: 
Memory allocated:  170.8779296875
Memory cached:  244.0
	 epoch  20 training error:  tensor(5.1801, device='cuda:0', grad_fn=<DivBackward0>)
Memory status after this epoch: 
Memory allocated:  170.8779296875
Memory cached:  244.0
	 epoch  30 training error:  tensor(4.9284, device='cuda:0', grad_fn=<DivBackward0>)
Memory status after this epoch: 
Memory allocated:  170.8779296875
Memory cached:  244.0
	 epoch  40 training error:  tensor(10.8781, device='cuda:0', grad_fn=<DivBackward0>)
Memory status after this epoch: 
Memory allocated:  170.8779296875
Memory cached:  244.0
	 epoch  50 training error:  tensor(107.1387, device='cuda:0', grad_fn=<DivBackward0>)
Memory status after this epoch: 
Memory allocated:  170.8779296875
Memory cached:  244.0
	 epoch  60 training error:  tensor(7.9355, device='cuda:0', grad_fn=<DivBackward0>)
Memory status after this epoch: 
Memory allocated:  170.8779296875
Memory cached:  244.0
	 epoch  70 training error:  tensor(0.9779, device='cuda:0', grad_fn=<DivBackward0>)
Memory status after this epoch: 
Memory allocated:  170.8779296875
Memory cached:  244.0
	 epoch  80 training error:  tensor(0.4968, device='cuda:0', grad_fn=<DivBackward0>)
Memory status after this epoch: 
Memory allocated:  170.8779296875
Memory cached:  244.0
	 epoch  90 training error:  tensor(0.4495, device='cuda:0', grad_fn=<DivBackward0>)
Memory status after this epoch: 
Memory allocated:  170.8779296875
Memory cached:  244.0
[I 2023-12-07 04:43:44,288] Trial 4 finished with value: 0.3557618260383606 and parameters: {'W_layers': 5, 'W_layer_units_exponent_0': 10, 'W_layer_units_exponent_1': 7, 'W_layer_units_exponent_2': 9, 'W_layer_units_exponent_3': 10, 'W_layer_units_exponent_4': 4, 'D_layers': 7, 'D_layer_units_exponent_0': 9, 'D_layer_units_exponent_1': 10, 'D_layer_units_exponent_2': 9, 'D_layer_units_exponent_3': 10, 'D_layer_units_exponent_4': 4, 'D_layer_units_exponent_5': 7, 'D_layer_units_exponent_6': 4, 'D_dagger_layers': 8, 'D_dagger_layer_units_exponent_0': 8, 'D_dagger_layer_units_exponent_1': 4, 'D_dagger_layer_units_exponent_2': 6, 'D_dagger_layer_units_exponent_3': 9, 'D_dagger_layer_units_exponent_4': 8, 'D_dagger_layer_units_exponent_5': 8, 'D_dagger_layer_units_exponent_6': 8, 'D_dagger_layer_units_exponent_7': 6, 'log_learning_rate': -1.6350541283831173, 'log_learning_rate_D': -1.2354910007409776, 'log_learning_rate_D_dagger': -2.27871129901415, 'training_batch_size': 12, 'training_p': 2}. Best is trial 4 with value: 0.3557618260383606.
res:  tensor(0.3558, device='cuda:0', grad_fn=<DivBackward0>)
self.bestValue:  tensor(0.3584, device='cuda:0', grad_fn=<DivBackward0>)
Save this model!
Time for this trial:  21.308391571044922
Memory status after this trial: 
Memory allocated:  247.5380859375
Memory cached:  354.0
--------------------  Trial  5   --------------------
Start timing: 
Parameters: 
{'W_layers': 5, 'W_layer_units_exponent_0': 4, 'W_layer_units_exponent_1': 7, 'W_layer_units_exponent_2': 10, 'W_layer_units_exponent_3': 4, 'W_layer_units_exponent_4': 7, 'D_layers': 7, 'D_layer_units_exponent_0': 8, 'D_layer_units_exponent_1': 9, 'D_layer_units_exponent_2': 8, 'D_layer_units_exponent_3': 9, 'D_layer_units_exponent_4': 10, 'D_layer_units_exponent_5': 10, 'D_layer_units_exponent_6': 4, 'D_dagger_layers': 8, 'D_dagger_layer_units_exponent_0': 4, 'D_dagger_layer_units_exponent_1': 7, 'D_dagger_layer_units_exponent_2': 7, 'D_dagger_layer_units_exponent_3': 7, 'D_dagger_layer_units_exponent_4': 8, 'D_dagger_layer_units_exponent_5': 5, 'D_dagger_layer_units_exponent_6': 7, 'D_dagger_layer_units_exponent_7': 6, 'log_learning_rate': -3.5241265046288914, 'log_learning_rate_D': -1.1951088328680033, 'log_learning_rate_D_dagger': -4.938428805094433, 'training_batch_size': 12, 'training_p': 4}
	 epoch  0 training error:  tensor(1.0635, device='cuda:0', grad_fn=<DivBackward0>)
Memory status after this epoch: 
Memory allocated:  259.2275390625
Memory cached:  350.0
	 epoch  10 training error:  tensor(0.6656, device='cuda:0', grad_fn=<DivBackward0>)
Memory status after this epoch: 
Memory allocated:  259.2275390625
Memory cached:  352.0
	 epoch  20 training error:  tensor(0.6439, device='cuda:0', grad_fn=<DivBackward0>)
Memory status after this epoch: 
Memory allocated:  259.2275390625
Memory cached:  352.0
	 epoch  30 training error:  tensor(0.6367, device='cuda:0', grad_fn=<DivBackward0>)
Memory status after this epoch: 
Memory allocated:  259.2275390625
Memory cached:  352.0
	 epoch  40 training error:  tensor(0.6329, device='cuda:0', grad_fn=<DivBackward0>)
Memory status after this epoch: 
Memory allocated:  259.2275390625
Memory cached:  352.0
	 epoch  50 training error:  tensor(0.6302, device='cuda:0', grad_fn=<DivBackward0>)
Memory status after this epoch: 
Memory allocated:  259.2275390625
Memory cached:  352.0
	 epoch  60 training error:  tensor(0.6280, device='cuda:0', grad_fn=<DivBackward0>)
Memory status after this epoch: 
Memory allocated:  259.2275390625
Memory cached:  352.0
	 epoch  70 training error:  tensor(0.6258, device='cuda:0', grad_fn=<DivBackward0>)
Memory status after this epoch: 
Memory allocated:  259.2275390625
Memory cached:  352.0
	 epoch  80 training error:  tensor(0.6233, device='cuda:0', grad_fn=<DivBackward0>)
Memory status after this epoch: 
Memory allocated:  259.2275390625
Memory cached:  352.0
	 epoch  90 training error:  tensor(0.6205, device='cuda:0', grad_fn=<DivBackward0>)
Memory status after this epoch: 
Memory allocated:  259.2275390625
Memory cached:  352.0
[I 2023-12-07 04:44:03,145] Trial 5 finished with value: 0.5867812037467957 and parameters: {'W_layers': 5, 'W_layer_units_exponent_0': 4, 'W_layer_units_exponent_1': 7, 'W_layer_units_exponent_2': 10, 'W_layer_units_exponent_3': 4, 'W_layer_units_exponent_4': 7, 'D_layers': 7, 'D_layer_units_exponent_0': 8, 'D_layer_units_exponent_1': 9, 'D_layer_units_exponent_2': 8, 'D_layer_units_exponent_3': 9, 'D_layer_units_exponent_4': 10, 'D_layer_units_exponent_5': 10, 'D_layer_units_exponent_6': 4, 'D_dagger_layers': 8, 'D_dagger_layer_units_exponent_0': 4, 'D_dagger_layer_units_exponent_1': 7, 'D_dagger_layer_units_exponent_2': 7, 'D_dagger_layer_units_exponent_3': 7, 'D_dagger_layer_units_exponent_4': 8, 'D_dagger_layer_units_exponent_5': 5, 'D_dagger_layer_units_exponent_6': 7, 'D_dagger_layer_units_exponent_7': 6, 'log_learning_rate': -3.5241265046288914, 'log_learning_rate_D': -1.1951088328680033, 'log_learning_rate_D_dagger': -4.938428805094433, 'training_batch_size': 12, 'training_p': 4}. Best is trial 4 with value: 0.3557618260383606.
Time for this trial:  18.769492864608765
Memory status after this trial: 
Memory allocated:  365.97021484375
Memory cached:  388.0
--------------------  Trial  6   --------------------
Start timing: 
Parameters: 
{'W_layers': 6, 'W_layer_units_exponent_0': 8, 'W_layer_units_exponent_1': 8, 'W_layer_units_exponent_2': 7, 'W_layer_units_exponent_3': 4, 'W_layer_units_exponent_4': 4, 'W_layer_units_exponent_5': 6, 'D_layers': 8, 'D_layer_units_exponent_0': 4, 'D_layer_units_exponent_1': 7, 'D_layer_units_exponent_2': 10, 'D_layer_units_exponent_3': 9, 'D_layer_units_exponent_4': 7, 'D_layer_units_exponent_5': 5, 'D_layer_units_exponent_6': 5, 'D_layer_units_exponent_7': 4, 'D_dagger_layers': 4, 'D_dagger_layer_units_exponent_0': 7, 'D_dagger_layer_units_exponent_1': 5, 'D_dagger_layer_units_exponent_2': 9, 'D_dagger_layer_units_exponent_3': 8, 'log_learning_rate': -2.279773589832317, 'log_learning_rate_D': -1.8584697726609058, 'log_learning_rate_D_dagger': -4.54804011063515, 'training_batch_size': 10, 'training_p': 8}
	 epoch  0 training error:  tensor(0.8832, device='cuda:0', grad_fn=<DivBackward0>)
Memory status after this epoch: 
Memory allocated:  254.64013671875
Memory cached:  350.0
	 epoch  10 training error:  tensor(0.6197, device='cuda:0', grad_fn=<DivBackward0>)
Memory status after this epoch: 
Memory allocated:  254.64013671875
Memory cached:  350.0
	 epoch  20 training error:  tensor(0.5484, device='cuda:0', grad_fn=<DivBackward0>)
Memory status after this epoch: 
Memory allocated:  254.64013671875
Memory cached:  350.0
	 epoch  30 training error:  tensor(0.5024, device='cuda:0', grad_fn=<DivBackward0>)
Memory status after this epoch: 
Memory allocated:  254.64013671875
Memory cached:  350.0
	 epoch  40 training error:  tensor(0.4712, device='cuda:0', grad_fn=<DivBackward0>)
Memory status after this epoch: 
Memory allocated:  254.64013671875
Memory cached:  350.0
	 epoch  50 training error:  tensor(0.4561, device='cuda:0', grad_fn=<DivBackward0>)
Memory status after this epoch: 
Memory allocated:  254.64013671875
Memory cached:  350.0
	 epoch  60 training error:  tensor(0.4471, device='cuda:0', grad_fn=<DivBackward0>)
Memory status after this epoch: 
Memory allocated:  254.64013671875
Memory cached:  350.0
	 epoch  70 training error:  tensor(0.4409, device='cuda:0', grad_fn=<DivBackward0>)
Memory status after this epoch: 
Memory allocated:  254.64013671875
Memory cached:  350.0
	 epoch  80 training error:  tensor(0.4379, device='cuda:0', grad_fn=<DivBackward0>)
Memory status after this epoch: 
Memory allocated:  254.64013671875
Memory cached:  350.0
	 epoch  90 training error:  tensor(0.4363, device='cuda:0', grad_fn=<DivBackward0>)
Memory status after this epoch: 
Memory allocated:  254.64013671875
Memory cached:  350.0
[I 2023-12-07 04:44:20,886] Trial 6 finished with value: 0.3608613908290863 and parameters: {'W_layers': 6, 'W_layer_units_exponent_0': 8, 'W_layer_units_exponent_1': 8, 'W_layer_units_exponent_2': 7, 'W_layer_units_exponent_3': 4, 'W_layer_units_exponent_4': 4, 'W_layer_units_exponent_5': 6, 'D_layers': 8, 'D_layer_units_exponent_0': 4, 'D_layer_units_exponent_1': 7, 'D_layer_units_exponent_2': 10, 'D_layer_units_exponent_3': 9, 'D_layer_units_exponent_4': 7, 'D_layer_units_exponent_5': 5, 'D_layer_units_exponent_6': 5, 'D_layer_units_exponent_7': 4, 'D_dagger_layers': 4, 'D_dagger_layer_units_exponent_0': 7, 'D_dagger_layer_units_exponent_1': 5, 'D_dagger_layer_units_exponent_2': 9, 'D_dagger_layer_units_exponent_3': 8, 'log_learning_rate': -2.279773589832317, 'log_learning_rate_D': -1.8584697726609058, 'log_learning_rate_D_dagger': -4.54804011063515, 'training_batch_size': 10, 'training_p': 8}. Best is trial 4 with value: 0.3557618260383606.
Time for this trial:  17.644750356674194
Memory status after this trial: 
Memory allocated:  336.98974609375
Memory cached:  358.0
--------------------  Trial  7   --------------------
Start timing: 
Parameters: 
{'W_layers': 3, 'W_layer_units_exponent_0': 5, 'W_layer_units_exponent_1': 9, 'W_layer_units_exponent_2': 7, 'D_layers': 4, 'D_layer_units_exponent_0': 5, 'D_layer_units_exponent_1': 8, 'D_layer_units_exponent_2': 6, 'D_layer_units_exponent_3': 9, 'D_dagger_layers': 5, 'D_dagger_layer_units_exponent_0': 4, 'D_dagger_layer_units_exponent_1': 5, 'D_dagger_layer_units_exponent_2': 9, 'D_dagger_layer_units_exponent_3': 10, 'D_dagger_layer_units_exponent_4': 5, 'log_learning_rate': -1.3670540966452305, 'log_learning_rate_D': -2.7741075331158638, 'log_learning_rate_D_dagger': -3.9428336797129635, 'training_batch_size': 8, 'training_p': 3}
	 epoch  0 training error:  tensor(0.8756, device='cuda:0', grad_fn=<DivBackward0>)
Memory status after this epoch: 
Memory allocated:  258.2265625
Memory cached:  350.0
	 epoch  10 training error:  tensor(3.3023, device='cuda:0', grad_fn=<DivBackward0>)
Memory status after this epoch: 
Memory allocated:  258.2265625
Memory cached:  350.0
	 epoch  20 training error:  tensor(0.7976, device='cuda:0', grad_fn=<DivBackward0>)
Memory status after this epoch: 
Memory allocated:  258.2265625
Memory cached:  350.0
	 epoch  30 training error:  tensor(0.5064, device='cuda:0', grad_fn=<DivBackward0>)
Memory status after this epoch: 
Memory allocated:  258.2265625
Memory cached:  350.0
	 epoch  40 training error:  tensor(0.4950, device='cuda:0', grad_fn=<DivBackward0>)
Memory status after this epoch: 
Memory allocated:  258.2265625
Memory cached:  350.0
	 epoch  50 training error:  tensor(0.4963, device='cuda:0', grad_fn=<DivBackward0>)
Memory status after this epoch: 
Memory allocated:  258.2265625
Memory cached:  350.0
	 epoch  60 training error:  tensor(0.4144, device='cuda:0', grad_fn=<DivBackward0>)
Memory status after this epoch: 
Memory allocated:  258.2265625
Memory cached:  350.0
	 epoch  70 training error:  tensor(0.4043, device='cuda:0', grad_fn=<DivBackward0>)
Memory status after this epoch: 
Memory allocated:  258.2265625
Memory cached:  350.0
	 epoch  80 training error:  tensor(0.3948, device='cuda:0', grad_fn=<DivBackward0>)
Memory status after this epoch: 
Memory allocated:  258.2265625
Memory cached:  350.0
	 epoch  90 training error:  tensor(0.3931, device='cuda:0', grad_fn=<DivBackward0>)
Memory status after this epoch: 
Memory allocated:  258.2265625
Memory cached:  350.0
[I 2023-12-07 04:44:39,207] Trial 7 finished with value: 0.3517230451107025 and parameters: {'W_layers': 3, 'W_layer_units_exponent_0': 5, 'W_layer_units_exponent_1': 9, 'W_layer_units_exponent_2': 7, 'D_layers': 4, 'D_layer_units_exponent_0': 5, 'D_layer_units_exponent_1': 8, 'D_layer_units_exponent_2': 6, 'D_layer_units_exponent_3': 9, 'D_dagger_layers': 5, 'D_dagger_layer_units_exponent_0': 4, 'D_dagger_layer_units_exponent_1': 5, 'D_dagger_layer_units_exponent_2': 9, 'D_dagger_layer_units_exponent_3': 10, 'D_dagger_layer_units_exponent_4': 5, 'log_learning_rate': -1.3670540966452305, 'log_learning_rate_D': -2.7741075331158638, 'log_learning_rate_D_dagger': -3.9428336797129635, 'training_batch_size': 8, 'training_p': 3}. Best is trial 7 with value: 0.3517230451107025.
res:  tensor(0.3517, device='cuda:0', grad_fn=<DivBackward0>)
self.bestValue:  tensor(0.3558, device='cuda:0', grad_fn=<DivBackward0>)
Save this model!
Time for this trial:  18.216050386428833
Memory status after this trial: 
Memory allocated:  127.9462890625
Memory cached:  188.0
--------------------  Trial  8   --------------------
Start timing: 
Parameters: 
{'W_layers': 4, 'W_layer_units_exponent_0': 8, 'W_layer_units_exponent_1': 10, 'W_layer_units_exponent_2': 10, 'W_layer_units_exponent_3': 8, 'D_layers': 6, 'D_layer_units_exponent_0': 4, 'D_layer_units_exponent_1': 9, 'D_layer_units_exponent_2': 5, 'D_layer_units_exponent_3': 8, 'D_layer_units_exponent_4': 9, 'D_layer_units_exponent_5': 6, 'D_dagger_layers': 8, 'D_dagger_layer_units_exponent_0': 6, 'D_dagger_layer_units_exponent_1': 10, 'D_dagger_layer_units_exponent_2': 10, 'D_dagger_layer_units_exponent_3': 5, 'D_dagger_layer_units_exponent_4': 7, 'D_dagger_layer_units_exponent_5': 10, 'D_dagger_layer_units_exponent_6': 4, 'D_dagger_layer_units_exponent_7': 9, 'log_learning_rate': -3.2634550116574097, 'log_learning_rate_D': -3.859161380797505, 'log_learning_rate_D_dagger': -4.325113731830758, 'training_batch_size': 11, 'training_p': 3}
	 epoch  0 training error:  tensor(1.0077, device='cuda:0', grad_fn=<DivBackward0>)
Memory status after this epoch: 
Memory allocated:  173.5419921875
Memory cached:  232.0
	 epoch  10 training error:  tensor(0.6323, device='cuda:0', grad_fn=<DivBackward0>)
Memory status after this epoch: 
Memory allocated:  173.5419921875
Memory cached:  234.0
	 epoch  20 training error:  tensor(0.5512, device='cuda:0', grad_fn=<DivBackward0>)
Memory status after this epoch: 
Memory allocated:  173.5419921875
Memory cached:  234.0
	 epoch  30 training error:  tensor(0.4572, device='cuda:0', grad_fn=<DivBackward0>)
Memory status after this epoch: 
Memory allocated:  173.5419921875
Memory cached:  234.0
	 epoch  40 training error:  tensor(0.4170, device='cuda:0', grad_fn=<DivBackward0>)
Memory status after this epoch: 
Memory allocated:  173.5419921875
Memory cached:  234.0
	 epoch  50 training error:  tensor(0.3993, device='cuda:0', grad_fn=<DivBackward0>)
Memory status after this epoch: 
Memory allocated:  173.5419921875
Memory cached:  234.0
	 epoch  60 training error:  tensor(0.3884, device='cuda:0', grad_fn=<DivBackward0>)
Memory status after this epoch: 
Memory allocated:  173.5419921875
Memory cached:  234.0
	 epoch  70 training error:  tensor(0.3824, device='cuda:0', grad_fn=<DivBackward0>)
Memory status after this epoch: 
Memory allocated:  173.5419921875
Memory cached:  234.0
	 epoch  80 training error:  tensor(0.3762, device='cuda:0', grad_fn=<DivBackward0>)
Memory status after this epoch: 
Memory allocated:  173.5419921875
Memory cached:  234.0
	 epoch  90 training error:  tensor(0.3704, device='cuda:0', grad_fn=<DivBackward0>)
Memory status after this epoch: 
Memory allocated:  173.5419921875
Memory cached:  234.0
