[I 2024-01-14 00:19:02,281] Trial 90 finished with value: 0.09606044739484787 and parameters: {'W_layers': 7, 'W_layer_units_exponent_0': 4, 'W_layer_units_exponent_1': 8, 'W_layer_units_exponent_2': 6, 'W_layer_units_exponent_3': 5, 'W_layer_units_exponent_4': 4, 'W_layer_units_exponent_5': 8, 'W_layer_units_exponent_6': 10, 'D_layers': 3, 'D_layer_units_exponent_0': 8, 'D_layer_units_exponent_1': 8, 'D_layer_units_exponent_2': 10, 'D_dagger_layers': 6, 'D_dagger_layer_units_exponent_0': 9, 'D_dagger_layer_units_exponent_1': 9, 'D_dagger_layer_units_exponent_2': 5, 'D_dagger_layer_units_exponent_3': 5, 'D_dagger_layer_units_exponent_4': 8, 'D_dagger_layer_units_exponent_5': 6, 'log_learning_rate': -1.342574825053908, 'log_learning_rate_D': -3.962807377428691, 'log_learning_rate_D_dagger': -2.560631388951495, 'training_batch_size': 9, 'training_p': 3}. Best is trial 33 with value: 0.08818560093641281.
Time for this trial:  23.29481077194214
Memory status after this trial: 
Memory allocated:  582.54248046875
Memory cached:  600.0
--------------------  Trial  91   --------------------
Start timing: 
Parameters: 
{'W_layers': 3, 'W_layer_units_exponent_0': 4, 'W_layer_units_exponent_1': 4, 'W_layer_units_exponent_2': 9, 'D_layers': 2, 'D_layer_units_exponent_0': 10, 'D_layer_units_exponent_1': 4, 'D_dagger_layers': 4, 'D_dagger_layer_units_exponent_0': 9, 'D_dagger_layer_units_exponent_1': 8, 'D_dagger_layer_units_exponent_2': 6, 'D_dagger_layer_units_exponent_3': 4, 'log_learning_rate': -1.5231256600343015, 'log_learning_rate_D': -3.60661214440894, 'log_learning_rate_D_dagger': -3.373079157671759, 'training_batch_size': 9, 'training_p': 2}
	 epoch  0 training error:  tensor(1.0462, device='cuda:0', grad_fn=<DivBackward0>)
Memory status after this epoch: 
Memory allocated:  260.50341796875
Memory cached:  382.0
	 epoch  10 training error:  tensor(0.4790, device='cuda:0', grad_fn=<DivBackward0>)
Memory status after this epoch: 
Memory allocated:  260.50341796875
Memory cached:  382.0
	 epoch  20 training error:  tensor(0.2660, device='cuda:0', grad_fn=<DivBackward0>)
Memory status after this epoch: 
Memory allocated:  260.50341796875
Memory cached:  382.0
	 epoch  30 training error:  tensor(0.1619, device='cuda:0', grad_fn=<DivBackward0>)
Memory status after this epoch: 
Memory allocated:  260.50341796875
Memory cached:  382.0
	 epoch  40 training error:  tensor(0.1088, device='cuda:0', grad_fn=<DivBackward0>)
Memory status after this epoch: 
Memory allocated:  260.50341796875
Memory cached:  382.0
	 epoch  50 training error:  tensor(0.0934, device='cuda:0', grad_fn=<DivBackward0>)
Memory status after this epoch: 
Memory allocated:  260.50341796875
Memory cached:  382.0
	 epoch  60 training error:  tensor(0.0855, device='cuda:0', grad_fn=<DivBackward0>)
Memory status after this epoch: 
Memory allocated:  260.50341796875
Memory cached:  382.0
	 epoch  70 training error:  tensor(0.0842, device='cuda:0', grad_fn=<DivBackward0>)
Memory status after this epoch: 
Memory allocated:  260.50341796875
Memory cached:  382.0
	 epoch  80 training error:  tensor(0.0831, device='cuda:0', grad_fn=<DivBackward0>)
Memory status after this epoch: 
Memory allocated:  260.50341796875
Memory cached:  382.0
	 epoch  90 training error:  tensor(0.0831, device='cuda:0', grad_fn=<DivBackward0>)
Memory status after this epoch: 
Memory allocated:  260.50341796875
Memory cached:  382.0
[I 2024-01-14 00:19:22,536] Trial 91 finished with value: 0.08842859417200089 and parameters: {'W_layers': 3, 'W_layer_units_exponent_0': 4, 'W_layer_units_exponent_1': 4, 'W_layer_units_exponent_2': 9, 'D_layers': 2, 'D_layer_units_exponent_0': 10, 'D_layer_units_exponent_1': 4, 'D_dagger_layers': 4, 'D_dagger_layer_units_exponent_0': 9, 'D_dagger_layer_units_exponent_1': 8, 'D_dagger_layer_units_exponent_2': 6, 'D_dagger_layer_units_exponent_3': 4, 'log_learning_rate': -1.5231256600343015, 'log_learning_rate_D': -3.60661214440894, 'log_learning_rate_D_dagger': -3.373079157671759, 'training_batch_size': 9, 'training_p': 2}. Best is trial 33 with value: 0.08818560093641281.
Time for this trial:  19.878385305404663
Memory status after this trial: 
Memory allocated:  403.42041015625
Memory cached:  438.0
--------------------  Trial  92   --------------------
Start timing: 
Parameters: 
{'W_layers': 3, 'W_layer_units_exponent_0': 4, 'W_layer_units_exponent_1': 4, 'W_layer_units_exponent_2': 9, 'D_layers': 2, 'D_layer_units_exponent_0': 9, 'D_layer_units_exponent_1': 4, 'D_dagger_layers': 3, 'D_dagger_layer_units_exponent_0': 9, 'D_dagger_layer_units_exponent_1': 8, 'D_dagger_layer_units_exponent_2': 6, 'log_learning_rate': -1.5432623739875837, 'log_learning_rate_D': -3.7067947921377438, 'log_learning_rate_D_dagger': -3.301214957750821, 'training_batch_size': 9, 'training_p': 2}
	 epoch  0 training error:  tensor(0.7175, device='cuda:0', grad_fn=<DivBackward0>)
Memory status after this epoch: 
Memory allocated:  260.45263671875
Memory cached:  382.0
	 epoch  10 training error:  tensor(1.3132, device='cuda:0', grad_fn=<DivBackward0>)
Memory status after this epoch: 
Memory allocated:  260.45263671875
Memory cached:  382.0
	 epoch  20 training error:  tensor(0.4390, device='cuda:0', grad_fn=<DivBackward0>)
Memory status after this epoch: 
Memory allocated:  260.45263671875
Memory cached:  382.0
	 epoch  30 training error:  tensor(0.2288, device='cuda:0', grad_fn=<DivBackward0>)
Memory status after this epoch: 
Memory allocated:  260.45263671875
Memory cached:  382.0
	 epoch  40 training error:  tensor(0.1395, device='cuda:0', grad_fn=<DivBackward0>)
Memory status after this epoch: 
Memory allocated:  260.45263671875
Memory cached:  382.0
	 epoch  50 training error:  tensor(0.0977, device='cuda:0', grad_fn=<DivBackward0>)
Memory status after this epoch: 
Memory allocated:  260.45263671875
Memory cached:  382.0
	 epoch  60 training error:  tensor(0.0911, device='cuda:0', grad_fn=<DivBackward0>)
Memory status after this epoch: 
Memory allocated:  260.45263671875
Memory cached:  382.0
	 epoch  70 training error:  tensor(0.0866, device='cuda:0', grad_fn=<DivBackward0>)
Memory status after this epoch: 
Memory allocated:  260.45263671875
Memory cached:  382.0
	 epoch  80 training error:  tensor(0.0849, device='cuda:0', grad_fn=<DivBackward0>)
Memory status after this epoch: 
Memory allocated:  260.45263671875
Memory cached:  382.0
	 epoch  90 training error:  tensor(0.0839, device='cuda:0', grad_fn=<DivBackward0>)
Memory status after this epoch: 
Memory allocated:  260.45263671875
Memory cached:  382.0
[I 2024-01-14 00:19:42,427] Trial 92 finished with value: 0.08874799311161041 and parameters: {'W_layers': 3, 'W_layer_units_exponent_0': 4, 'W_layer_units_exponent_1': 4, 'W_layer_units_exponent_2': 9, 'D_layers': 2, 'D_layer_units_exponent_0': 9, 'D_layer_units_exponent_1': 4, 'D_dagger_layers': 3, 'D_dagger_layer_units_exponent_0': 9, 'D_dagger_layer_units_exponent_1': 8, 'D_dagger_layer_units_exponent_2': 6, 'log_learning_rate': -1.5432623739875837, 'log_learning_rate_D': -3.7067947921377438, 'log_learning_rate_D_dagger': -3.301214957750821, 'training_batch_size': 9, 'training_p': 2}. Best is trial 33 with value: 0.08818560093641281.
Time for this trial:  19.556828260421753
Memory status after this trial: 
Memory allocated:  400.97021484375
Memory cached:  438.0
--------------------  Trial  93   --------------------
Start timing: 
Parameters: 
{'W_layers': 3, 'W_layer_units_exponent_0': 4, 'W_layer_units_exponent_1': 4, 'W_layer_units_exponent_2': 9, 'D_layers': 2, 'D_layer_units_exponent_0': 10, 'D_layer_units_exponent_1': 4, 'D_dagger_layers': 4, 'D_dagger_layer_units_exponent_0': 9, 'D_dagger_layer_units_exponent_1': 8, 'D_dagger_layer_units_exponent_2': 6, 'D_dagger_layer_units_exponent_3': 4, 'log_learning_rate': -1.4490610217655457, 'log_learning_rate_D': -3.4704676709892928, 'log_learning_rate_D_dagger': -3.0154610496758765, 'training_batch_size': 9, 'training_p': 7}
	 epoch  0 training error:  tensor(0.9235, device='cuda:0', grad_fn=<DivBackward0>)
Memory status after this epoch: 
Memory allocated:  260.50341796875
Memory cached:  382.0
	 epoch  10 training error:  tensor(0.3810, device='cuda:0', grad_fn=<DivBackward0>)
Memory status after this epoch: 
Memory allocated:  260.50341796875
Memory cached:  382.0
	 epoch  20 training error:  tensor(0.2232, device='cuda:0', grad_fn=<DivBackward0>)
Memory status after this epoch: 
Memory allocated:  260.50341796875
Memory cached:  382.0
	 epoch  30 training error:  tensor(0.1443, device='cuda:0', grad_fn=<DivBackward0>)
Memory status after this epoch: 
Memory allocated:  260.50341796875
Memory cached:  382.0
	 epoch  40 training error:  tensor(0.1279, device='cuda:0', grad_fn=<DivBackward0>)
Memory status after this epoch: 
Memory allocated:  260.50341796875
Memory cached:  382.0
	 epoch  50 training error:  tensor(0.1205, device='cuda:0', grad_fn=<DivBackward0>)
Memory status after this epoch: 
Memory allocated:  260.50341796875
Memory cached:  382.0
	 epoch  60 training error:  tensor(0.1188, device='cuda:0', grad_fn=<DivBackward0>)
Memory status after this epoch: 
Memory allocated:  260.50341796875
Memory cached:  382.0
	 epoch  70 training error:  tensor(0.1166, device='cuda:0', grad_fn=<DivBackward0>)
Memory status after this epoch: 
Memory allocated:  260.50341796875
Memory cached:  382.0
	 epoch  80 training error:  tensor(0.1161, device='cuda:0', grad_fn=<DivBackward0>)
Memory status after this epoch: 
Memory allocated:  260.50341796875
Memory cached:  382.0
	 epoch  90 training error:  tensor(0.1159, device='cuda:0', grad_fn=<DivBackward0>)
Memory status after this epoch: 
Memory allocated:  260.50341796875
Memory cached:  382.0
[I 2024-01-14 00:20:02,731] Trial 93 finished with value: 0.09198080003261566 and parameters: {'W_layers': 3, 'W_layer_units_exponent_0': 4, 'W_layer_units_exponent_1': 4, 'W_layer_units_exponent_2': 9, 'D_layers': 2, 'D_layer_units_exponent_0': 10, 'D_layer_units_exponent_1': 4, 'D_dagger_layers': 4, 'D_dagger_layer_units_exponent_0': 9, 'D_dagger_layer_units_exponent_1': 8, 'D_dagger_layer_units_exponent_2': 6, 'D_dagger_layer_units_exponent_3': 4, 'log_learning_rate': -1.4490610217655457, 'log_learning_rate_D': -3.4704676709892928, 'log_learning_rate_D_dagger': -3.0154610496758765, 'training_batch_size': 9, 'training_p': 7}. Best is trial 33 with value: 0.08818560093641281.
Time for this trial:  19.951860904693604
Memory status after this trial: 
Memory allocated:  403.42041015625
Memory cached:  438.0
--------------------  Trial  94   --------------------
Start timing: 
Parameters: 
{'W_layers': 3, 'W_layer_units_exponent_0': 4, 'W_layer_units_exponent_1': 4, 'W_layer_units_exponent_2': 10, 'D_layers': 2, 'D_layer_units_exponent_0': 10, 'D_layer_units_exponent_1': 4, 'D_dagger_layers': 5, 'D_dagger_layer_units_exponent_0': 10, 'D_dagger_layer_units_exponent_1': 8, 'D_dagger_layer_units_exponent_2': 6, 'D_dagger_layer_units_exponent_3': 4, 'D_dagger_layer_units_exponent_4': 10, 'log_learning_rate': -1.8348479257092478, 'log_learning_rate_D': -3.8658940384648584, 'log_learning_rate_D_dagger': -3.21970037057963, 'training_batch_size': 11, 'training_p': 2}
	 epoch  0 training error:  tensor(1.0159, device='cuda:0', grad_fn=<DivBackward0>)
Memory status after this epoch: 
Memory allocated:  262.93896484375
Memory cached:  382.0
	 epoch  10 training error:  tensor(0.5186, device='cuda:0', grad_fn=<DivBackward0>)
Memory status after this epoch: 
Memory allocated:  262.93896484375
Memory cached:  382.0
	 epoch  20 training error:  tensor(0.3191, device='cuda:0', grad_fn=<DivBackward0>)
Memory status after this epoch: 
Memory allocated:  262.93896484375
Memory cached:  382.0
	 epoch  30 training error:  tensor(0.1880, device='cuda:0', grad_fn=<DivBackward0>)
Memory status after this epoch: 
Memory allocated:  262.93896484375
Memory cached:  382.0
	 epoch  40 training error:  tensor(0.0973, device='cuda:0', grad_fn=<DivBackward0>)
Memory status after this epoch: 
Memory allocated:  262.93896484375
Memory cached:  382.0
	 epoch  50 training error:  tensor(0.0877, device='cuda:0', grad_fn=<DivBackward0>)
Memory status after this epoch: 
Memory allocated:  262.93896484375
Memory cached:  382.0
	 epoch  60 training error:  tensor(0.0869, device='cuda:0', grad_fn=<DivBackward0>)
Memory status after this epoch: 
Memory allocated:  262.93896484375
Memory cached:  382.0
	 epoch  70 training error:  tensor(0.0911, device='cuda:0', grad_fn=<DivBackward0>)
Memory status after this epoch: 
Memory allocated:  262.93896484375
Memory cached:  382.0
	 epoch  80 training error:  tensor(0.0858, device='cuda:0', grad_fn=<DivBackward0>)
Memory status after this epoch: 
Memory allocated:  262.93896484375
Memory cached:  382.0
	 epoch  90 training error:  tensor(0.0908, device='cuda:0', grad_fn=<DivBackward0>)
Memory status after this epoch: 
Memory allocated:  262.93896484375
Memory cached:  382.0
[I 2024-01-14 00:20:25,423] Trial 94 finished with value: 0.08951646834611893 and parameters: {'W_layers': 3, 'W_layer_units_exponent_0': 4, 'W_layer_units_exponent_1': 4, 'W_layer_units_exponent_2': 10, 'D_layers': 2, 'D_layer_units_exponent_0': 10, 'D_layer_units_exponent_1': 4, 'D_dagger_layers': 5, 'D_dagger_layer_units_exponent_0': 10, 'D_dagger_layer_units_exponent_1': 8, 'D_dagger_layer_units_exponent_2': 6, 'D_dagger_layer_units_exponent_3': 4, 'D_dagger_layer_units_exponent_4': 10, 'log_learning_rate': -1.8348479257092478, 'log_learning_rate_D': -3.8658940384648584, 'log_learning_rate_D_dagger': -3.21970037057963, 'training_batch_size': 11, 'training_p': 2}. Best is trial 33 with value: 0.08818560093641281.
Time for this trial:  22.303877592086792
Memory status after this trial: 
Memory allocated:  604.88232421875
Memory cached:  686.0
--------------------  Trial  95   --------------------
Start timing: 
Parameters: 
{'W_layers': 3, 'W_layer_units_exponent_0': 4, 'W_layer_units_exponent_1': 4, 'W_layer_units_exponent_2': 9, 'D_layers': 2, 'D_layer_units_exponent_0': 9, 'D_layer_units_exponent_1': 5, 'D_dagger_layers': 4, 'D_dagger_layer_units_exponent_0': 10, 'D_dagger_layer_units_exponent_1': 9, 'D_dagger_layer_units_exponent_2': 6, 'D_dagger_layer_units_exponent_3': 4, 'log_learning_rate': -1.7123123259639474, 'log_learning_rate_D': -3.607399628895316, 'log_learning_rate_D_dagger': -2.8629142542437656, 'training_batch_size': 9, 'training_p': 2}
	 epoch  0 training error:  tensor(0.9326, device='cuda:0', grad_fn=<DivBackward0>)
Memory status after this epoch: 
Memory allocated:  267.14599609375
Memory cached:  384.0
	 epoch  10 training error:  tensor(0.8605, device='cuda:0', grad_fn=<DivBackward0>)
Memory status after this epoch: 
Memory allocated:  267.14599609375
Memory cached:  384.0
	 epoch  20 training error:  tensor(0.1938, device='cuda:0', grad_fn=<DivBackward0>)
Memory status after this epoch: 
Memory allocated:  267.14599609375
Memory cached:  384.0
	 epoch  30 training error:  tensor(0.1593, device='cuda:0', grad_fn=<DivBackward0>)
Memory status after this epoch: 
Memory allocated:  267.14599609375
Memory cached:  384.0
	 epoch  40 training error:  tensor(0.1102, device='cuda:0', grad_fn=<DivBackward0>)
Memory status after this epoch: 
Memory allocated:  267.14599609375
Memory cached:  384.0
	 epoch  50 training error:  tensor(0.0902, device='cuda:0', grad_fn=<DivBackward0>)
Memory status after this epoch: 
Memory allocated:  267.14599609375
Memory cached:  384.0
	 epoch  60 training error:  tensor(0.0898, device='cuda:0', grad_fn=<DivBackward0>)
Memory status after this epoch: 
Memory allocated:  267.14599609375
Memory cached:  384.0
	 epoch  70 training error:  tensor(0.0843, device='cuda:0', grad_fn=<DivBackward0>)
Memory status after this epoch: 
Memory allocated:  267.14599609375
Memory cached:  384.0
	 epoch  80 training error:  tensor(0.0834, device='cuda:0', grad_fn=<DivBackward0>)
Memory status after this epoch: 
Memory allocated:  267.14599609375
Memory cached:  384.0
	 epoch  90 training error:  tensor(0.0834, device='cuda:0', grad_fn=<DivBackward0>)
Memory status after this epoch: 
Memory allocated:  267.14599609375
Memory cached:  384.0
[I 2024-01-14 00:20:47,175] Trial 95 finished with value: 0.08843424171209335 and parameters: {'W_layers': 3, 'W_layer_units_exponent_0': 4, 'W_layer_units_exponent_1': 4, 'W_layer_units_exponent_2': 9, 'D_layers': 2, 'D_layer_units_exponent_0': 9, 'D_layer_units_exponent_1': 5, 'D_dagger_layers': 4, 'D_dagger_layer_units_exponent_0': 10, 'D_dagger_layer_units_exponent_1': 9, 'D_dagger_layer_units_exponent_2': 6, 'D_dagger_layer_units_exponent_3': 4, 'log_learning_rate': -1.7123123259639474, 'log_learning_rate_D': -3.607399628895316, 'log_learning_rate_D_dagger': -2.8629142542437656, 'training_batch_size': 9, 'training_p': 2}. Best is trial 33 with value: 0.08818560093641281.
Time for this trial:  21.419498682022095
Memory status after this trial: 
Memory allocated:  488.39892578125
Memory cached:  556.0
--------------------  Trial  96   --------------------
Start timing: 
Parameters: 
{'W_layers': 3, 'W_layer_units_exponent_0': 5, 'W_layer_units_exponent_1': 5, 'W_layer_units_exponent_2': 8, 'D_layers': 2, 'D_layer_units_exponent_0': 9, 'D_layer_units_exponent_1': 6, 'D_dagger_layers': 4, 'D_dagger_layer_units_exponent_0': 8, 'D_dagger_layer_units_exponent_1': 8, 'D_dagger_layer_units_exponent_2': 6, 'D_dagger_layer_units_exponent_3': 4, 'log_learning_rate': -1.6849071026628692, 'log_learning_rate_D': -3.5795331234766707, 'log_learning_rate_D_dagger': -2.898681922502778, 'training_batch_size': 9, 'training_p': 5}
	 epoch  0 training error:  tensor(0.9773, device='cuda:0', grad_fn=<DivBackward0>)
Memory status after this epoch: 
Memory allocated:  259.56005859375
Memory cached:  382.0
	 epoch  10 training error:  tensor(0.3309, device='cuda:0', grad_fn=<DivBackward0>)
Memory status after this epoch: 
Memory allocated:  259.56005859375
Memory cached:  382.0
	 epoch  20 training error:  tensor(0.1996, device='cuda:0', grad_fn=<DivBackward0>)
Memory status after this epoch: 
Memory allocated:  259.56005859375
Memory cached:  382.0
	 epoch  30 training error:  tensor(0.1381, device='cuda:0', grad_fn=<DivBackward0>)
Memory status after this epoch: 
Memory allocated:  259.56005859375
Memory cached:  382.0
	 epoch  40 training error:  tensor(0.1222, device='cuda:0', grad_fn=<DivBackward0>)
Memory status after this epoch: 
Memory allocated:  259.56005859375
Memory cached:  382.0
	 epoch  50 training error:  tensor(0.1185, device='cuda:0', grad_fn=<DivBackward0>)
Memory status after this epoch: 
Memory allocated:  259.56005859375
Memory cached:  382.0
	 epoch  60 training error:  tensor(0.1115, device='cuda:0', grad_fn=<DivBackward0>)
Memory status after this epoch: 
Memory allocated:  259.56005859375
Memory cached:  382.0
	 epoch  70 training error:  tensor(0.1096, device='cuda:0', grad_fn=<DivBackward0>)
Memory status after this epoch: 
Memory allocated:  259.56005859375
Memory cached:  382.0
	 epoch  80 training error:  tensor(0.1101, device='cuda:0', grad_fn=<DivBackward0>)
Memory status after this epoch: 
Memory allocated:  259.56005859375
Memory cached:  382.0
	 epoch  90 training error:  tensor(0.1096, device='cuda:0', grad_fn=<DivBackward0>)
Memory status after this epoch: 
Memory allocated:  259.56005859375
Memory cached:  382.0
