[I 2023-12-04 00:48:38,732] Trial 47 finished with value: 0.017965108156204224 and parameters: {'W_layers': 2, 'W_layer_units_exponent_0': 8, 'W_layer_units_exponent_1': 4, 'D_layers': 3, 'D_layer_units_exponent_0': 5, 'D_layer_units_exponent_1': 7, 'D_layer_units_exponent_2': 10, 'log_learning_rate': -2.4507435665157824, 'log_learning_rate_D': -3.168284494483798, 'training_batch_size': 10, 'training_p': 4}. Best is trial 45 with value: 0.012832405976951122.
Time for this trial:  33.422364950180054
Memory status after this trial: 
Memory allocated:  86.47119140625
Memory cached:  154.0
--------------------  Trial  48   --------------------
Start timing: 
Parameters: 
{'W_layers': 2, 'W_layer_units_exponent_0': 8, 'W_layer_units_exponent_1': 4, 'D_layers': 4, 'D_layer_units_exponent_0': 5, 'D_layer_units_exponent_1': 7, 'D_layer_units_exponent_2': 10, 'D_layer_units_exponent_3': 9, 'log_learning_rate': -2.5318892093603784, 'log_learning_rate_D': -3.1414166684549905, 'training_batch_size': 10, 'training_p': 4}
	 epoch  0 training error:  tensor(1.0407, device='cuda:0', grad_fn=<DivBackward0>)
Memory status after this epoch: 
Memory allocated:  62.34521484375
Memory cached:  158.0
	 epoch  10 training error:  tensor(0.2662, device='cuda:0', grad_fn=<DivBackward0>)
Memory status after this epoch: 
Memory allocated:  62.34521484375
Memory cached:  156.0
	 epoch  20 training error:  tensor(0.1541, device='cuda:0', grad_fn=<DivBackward0>)
Memory status after this epoch: 
Memory allocated:  62.34521484375
Memory cached:  156.0
	 epoch  30 training error:  tensor(0.1377, device='cuda:0', grad_fn=<DivBackward0>)
Memory status after this epoch: 
Memory allocated:  62.34521484375
Memory cached:  156.0
	 epoch  40 training error:  tensor(0.1098, device='cuda:0', grad_fn=<DivBackward0>)
Memory status after this epoch: 
Memory allocated:  62.34521484375
Memory cached:  156.0
	 epoch  50 training error:  tensor(0.0543, device='cuda:0', grad_fn=<DivBackward0>)
Memory status after this epoch: 
Memory allocated:  62.34521484375
Memory cached:  156.0
	 epoch  60 training error:  tensor(0.0397, device='cuda:0', grad_fn=<DivBackward0>)
Memory status after this epoch: 
Memory allocated:  62.34521484375
Memory cached:  156.0
	 epoch  70 training error:  tensor(0.0396, device='cuda:0', grad_fn=<DivBackward0>)
Memory status after this epoch: 
Memory allocated:  62.34521484375
Memory cached:  156.0
	 epoch  80 training error:  tensor(0.0299, device='cuda:0', grad_fn=<DivBackward0>)
Memory status after this epoch: 
Memory allocated:  62.34521484375
Memory cached:  156.0
	 epoch  90 training error:  tensor(0.0341, device='cuda:0', grad_fn=<DivBackward0>)
Memory status after this epoch: 
Memory allocated:  62.34521484375
Memory cached:  156.0
[I 2023-12-04 00:49:15,163] Trial 48 finished with value: 0.019788412377238274 and parameters: {'W_layers': 2, 'W_layer_units_exponent_0': 8, 'W_layer_units_exponent_1': 4, 'D_layers': 4, 'D_layer_units_exponent_0': 5, 'D_layer_units_exponent_1': 7, 'D_layer_units_exponent_2': 10, 'D_layer_units_exponent_3': 9, 'log_learning_rate': -2.5318892093603784, 'log_learning_rate_D': -3.1414166684549905, 'training_batch_size': 10, 'training_p': 4}. Best is trial 45 with value: 0.012832405976951122.
Time for this trial:  36.260732650756836
Memory status after this trial: 
Memory allocated:  102.07275390625
Memory cached:  156.0
--------------------  Trial  49   --------------------
Start timing: 
Parameters: 
{'W_layers': 2, 'W_layer_units_exponent_0': 8, 'W_layer_units_exponent_1': 4, 'D_layers': 5, 'D_layer_units_exponent_0': 4, 'D_layer_units_exponent_1': 7, 'D_layer_units_exponent_2': 10, 'D_layer_units_exponent_3': 9, 'D_layer_units_exponent_4': 7, 'log_learning_rate': -2.5693192209153866, 'log_learning_rate_D': -2.9808898269070863, 'training_batch_size': 10, 'training_p': 4}
	 epoch  0 training error:  tensor(0.9611, device='cuda:0', grad_fn=<DivBackward0>)
Memory status after this epoch: 
Memory allocated:  63.31005859375
Memory cached:  158.0
	 epoch  10 training error:  tensor(0.2534, device='cuda:0', grad_fn=<DivBackward0>)
Memory status after this epoch: 
Memory allocated:  63.31005859375
Memory cached:  160.0
	 epoch  20 training error:  tensor(0.1745, device='cuda:0', grad_fn=<DivBackward0>)
Memory status after this epoch: 
Memory allocated:  63.31005859375
Memory cached:  160.0
	 epoch  30 training error:  tensor(0.1311, device='cuda:0', grad_fn=<DivBackward0>)
Memory status after this epoch: 
Memory allocated:  63.31005859375
Memory cached:  160.0
	 epoch  40 training error:  tensor(0.1336, device='cuda:0', grad_fn=<DivBackward0>)
Memory status after this epoch: 
Memory allocated:  63.31005859375
Memory cached:  160.0
	 epoch  50 training error:  tensor(0.1310, device='cuda:0', grad_fn=<DivBackward0>)
Memory status after this epoch: 
Memory allocated:  63.31005859375
Memory cached:  160.0
	 epoch  60 training error:  tensor(0.1296, device='cuda:0', grad_fn=<DivBackward0>)
Memory status after this epoch: 
Memory allocated:  63.31005859375
Memory cached:  160.0
	 epoch  70 training error:  tensor(0.1294, device='cuda:0', grad_fn=<DivBackward0>)
Memory status after this epoch: 
Memory allocated:  63.31005859375
Memory cached:  160.0
	 epoch  80 training error:  tensor(0.1277, device='cuda:0', grad_fn=<DivBackward0>)
Memory status after this epoch: 
Memory allocated:  63.31005859375
Memory cached:  160.0
	 epoch  90 training error:  tensor(0.1092, device='cuda:0', grad_fn=<DivBackward0>)
Memory status after this epoch: 
Memory allocated:  63.31005859375
Memory cached:  160.0
[I 2023-12-04 00:49:52,974] Trial 49 finished with value: 0.03595713526010513 and parameters: {'W_layers': 2, 'W_layer_units_exponent_0': 8, 'W_layer_units_exponent_1': 4, 'D_layers': 5, 'D_layer_units_exponent_0': 4, 'D_layer_units_exponent_1': 7, 'D_layer_units_exponent_2': 10, 'D_layer_units_exponent_3': 9, 'D_layer_units_exponent_4': 7, 'log_learning_rate': -2.5693192209153866, 'log_learning_rate_D': -2.9808898269070863, 'training_batch_size': 10, 'training_p': 4}. Best is trial 45 with value: 0.012832405976951122.
[I 2023-12-04 00:49:52,990] A new study created in memory with name: no-name-41539bd9-c044-4995-9058-69d0b6eac15d
Time for this trial:  37.63810729980469
Memory status after this trial: 
Memory allocated:  105.16552734375
Memory cached:  156.0
--------------------  Trial  0   --------------------
Start timing: 
Parameters: 
{'W_layers': 7, 'W_layer_units_exponent_0': 8, 'W_layer_units_exponent_1': 6, 'W_layer_units_exponent_2': 8, 'W_layer_units_exponent_3': 5, 'W_layer_units_exponent_4': 7, 'W_layer_units_exponent_5': 7, 'W_layer_units_exponent_6': 8, 'D_layers': 4, 'D_layer_units_exponent_0': 8, 'D_layer_units_exponent_1': 8, 'D_layer_units_exponent_2': 5, 'D_layer_units_exponent_3': 10, 'log_learning_rate': -1.0821426207845173, 'log_learning_rate_D': -3.6521086191245082, 'training_batch_size': 7, 'training_p': 7}
	 epoch  0 training error:  tensor(1.0269, device='cuda:0', grad_fn=<DivBackward0>)
Memory status after this epoch: 
Memory allocated:  3.208984375
Memory cached:  10.0
	 epoch  10 training error:  tensor(136.5353, device='cuda:0', grad_fn=<DivBackward0>)
Memory status after this epoch: 
Memory allocated:  3.208984375
Memory cached:  12.0
	 epoch  20 training error:  tensor(56.3629, device='cuda:0', grad_fn=<DivBackward0>)
Memory status after this epoch: 
Memory allocated:  3.208984375
Memory cached:  12.0
	 epoch  30 training error:  tensor(19.8657, device='cuda:0', grad_fn=<DivBackward0>)
Memory status after this epoch: 
Memory allocated:  3.208984375
Memory cached:  12.0
	 epoch  40 training error:  tensor(29.8292, device='cuda:0', grad_fn=<DivBackward0>)
Memory status after this epoch: 
Memory allocated:  3.208984375
Memory cached:  12.0
	 epoch  50 training error:  tensor(16.7761, device='cuda:0', grad_fn=<DivBackward0>)
Memory status after this epoch: 
Memory allocated:  3.208984375
Memory cached:  12.0
	 epoch  60 training error:  tensor(19.9231, device='cuda:0', grad_fn=<DivBackward0>)
Memory status after this epoch: 
Memory allocated:  3.208984375
Memory cached:  12.0
	 epoch  70 training error:  tensor(5.1941, device='cuda:0', grad_fn=<DivBackward0>)
Memory status after this epoch: 
Memory allocated:  3.208984375
Memory cached:  12.0
	 epoch  80 training error:  tensor(1.8886, device='cuda:0', grad_fn=<DivBackward0>)
Memory status after this epoch: 
Memory allocated:  3.208984375
Memory cached:  12.0
	 epoch  90 training error:  tensor(7.6956, device='cuda:0', grad_fn=<DivBackward0>)
Memory status after this epoch: 
Memory allocated:  3.208984375
Memory cached:  12.0
[I 2023-12-04 00:50:40,507] Trial 0 finished with value: 7.776602268218994 and parameters: {'W_layers': 7, 'W_layer_units_exponent_0': 8, 'W_layer_units_exponent_1': 6, 'W_layer_units_exponent_2': 8, 'W_layer_units_exponent_3': 5, 'W_layer_units_exponent_4': 7, 'W_layer_units_exponent_5': 7, 'W_layer_units_exponent_6': 8, 'D_layers': 4, 'D_layer_units_exponent_0': 8, 'D_layer_units_exponent_1': 8, 'D_layer_units_exponent_2': 5, 'D_layer_units_exponent_3': 10, 'log_learning_rate': -1.0821426207845173, 'log_learning_rate_D': -3.6521086191245082, 'training_batch_size': 7, 'training_p': 7}. Best is trial 0 with value: 7.776602268218994.
res:  tensor(7.7766, device='cuda:0', grad_fn=<DivBackward0>)
self.bestValue:  10000000.0
Save this model!
Time for this trial:  47.431889057159424
Memory status after this trial: 
Memory allocated:  62.8759765625
Memory cached:  66.0
--------------------  Trial  1   --------------------
Start timing: 
Parameters: 
{'W_layers': 6, 'W_layer_units_exponent_0': 7, 'W_layer_units_exponent_1': 9, 'W_layer_units_exponent_2': 6, 'W_layer_units_exponent_3': 6, 'W_layer_units_exponent_4': 4, 'W_layer_units_exponent_5': 7, 'D_layers': 6, 'D_layer_units_exponent_0': 6, 'D_layer_units_exponent_1': 7, 'D_layer_units_exponent_2': 6, 'D_layer_units_exponent_3': 7, 'D_layer_units_exponent_4': 4, 'D_layer_units_exponent_5': 4, 'log_learning_rate': -1.1129317587143057, 'log_learning_rate_D': -3.022369663060435, 'training_batch_size': 8, 'training_p': 4}
	 epoch  0 training error:  tensor(1.0479, device='cuda:0', grad_fn=<DivBackward0>)
Memory status after this epoch: 
Memory allocated:  64.97509765625
Memory cached:  70.0
	 epoch  10 training error:  tensor(2.1204, device='cuda:0', grad_fn=<DivBackward0>)
Memory status after this epoch: 
Memory allocated:  64.97509765625
Memory cached:  72.0
	 epoch  20 training error:  tensor(1.1502, device='cuda:0', grad_fn=<DivBackward0>)
Memory status after this epoch: 
Memory allocated:  64.97509765625
Memory cached:  72.0
	 epoch  30 training error:  tensor(0.7405, device='cuda:0', grad_fn=<DivBackward0>)
Memory status after this epoch: 
Memory allocated:  64.97509765625
Memory cached:  72.0
	 epoch  40 training error:  tensor(0.7967, device='cuda:0', grad_fn=<DivBackward0>)
Memory status after this epoch: 
Memory allocated:  64.97509765625
Memory cached:  72.0
	 epoch  50 training error:  tensor(1.2195, device='cuda:0', grad_fn=<DivBackward0>)
Memory status after this epoch: 
Memory allocated:  64.97509765625
Memory cached:  72.0
	 epoch  60 training error:  tensor(0.5277, device='cuda:0', grad_fn=<DivBackward0>)
Memory status after this epoch: 
Memory allocated:  64.97509765625
Memory cached:  72.0
	 epoch  70 training error:  tensor(0.7209, device='cuda:0', grad_fn=<DivBackward0>)
Memory status after this epoch: 
Memory allocated:  64.97509765625
Memory cached:  72.0
	 epoch  80 training error:  tensor(1.1103, device='cuda:0', grad_fn=<DivBackward0>)
Memory status after this epoch: 
Memory allocated:  64.97509765625
Memory cached:  72.0
	 epoch  90 training error:  tensor(0.4812, device='cuda:0', grad_fn=<DivBackward0>)
Memory status after this epoch: 
Memory allocated:  64.97509765625
Memory cached:  72.0
[I 2023-12-04 00:51:27,341] Trial 1 finished with value: 0.6204009056091309 and parameters: {'W_layers': 6, 'W_layer_units_exponent_0': 7, 'W_layer_units_exponent_1': 9, 'W_layer_units_exponent_2': 6, 'W_layer_units_exponent_3': 6, 'W_layer_units_exponent_4': 4, 'W_layer_units_exponent_5': 7, 'D_layers': 6, 'D_layer_units_exponent_0': 6, 'D_layer_units_exponent_1': 7, 'D_layer_units_exponent_2': 6, 'D_layer_units_exponent_3': 7, 'D_layer_units_exponent_4': 4, 'D_layer_units_exponent_5': 4, 'log_learning_rate': -1.1129317587143057, 'log_learning_rate_D': -3.022369663060435, 'training_batch_size': 8, 'training_p': 4}. Best is trial 1 with value: 0.6204009056091309.
res:  tensor(0.6204, device='cuda:0', grad_fn=<DivBackward0>)
self.bestValue:  tensor(7.7766, device='cuda:0', grad_fn=<DivBackward0>)
Save this model!
Time for this trial:  46.74527311325073
Memory status after this trial: 
Memory allocated:  31.67529296875
Memory cached:  92.0
--------------------  Trial  2   --------------------
Start timing: 
Parameters: 
{'W_layers': 7, 'W_layer_units_exponent_0': 5, 'W_layer_units_exponent_1': 9, 'W_layer_units_exponent_2': 7, 'W_layer_units_exponent_3': 8, 'W_layer_units_exponent_4': 6, 'W_layer_units_exponent_5': 6, 'W_layer_units_exponent_6': 6, 'D_layers': 6, 'D_layer_units_exponent_0': 8, 'D_layer_units_exponent_1': 8, 'D_layer_units_exponent_2': 5, 'D_layer_units_exponent_3': 7, 'D_layer_units_exponent_4': 7, 'D_layer_units_exponent_5': 4, 'log_learning_rate': -1.5261668575266203, 'log_learning_rate_D': -3.5175301842192943, 'training_batch_size': 6, 'training_p': 2}
	 epoch  0 training error:  tensor(0.8389, device='cuda:0', grad_fn=<DivBackward0>)
Memory status after this epoch: 
Memory allocated:  35.337890625
Memory cached:  92.0
	 epoch  10 training error:  tensor(0.6736, device='cuda:0', grad_fn=<DivBackward0>)
Memory status after this epoch: 
Memory allocated:  35.337890625
Memory cached:  94.0
	 epoch  20 training error:  tensor(0.1227, device='cuda:0', grad_fn=<DivBackward0>)
Memory status after this epoch: 
Memory allocated:  35.337890625
Memory cached:  94.0
	 epoch  30 training error:  tensor(0.1084, device='cuda:0', grad_fn=<DivBackward0>)
Memory status after this epoch: 
Memory allocated:  35.337890625
Memory cached:  94.0
	 epoch  40 training error:  tensor(0.1292, device='cuda:0', grad_fn=<DivBackward0>)
Memory status after this epoch: 
Memory allocated:  35.337890625
Memory cached:  94.0
	 epoch  50 training error:  tensor(0.0948, device='cuda:0', grad_fn=<DivBackward0>)
Memory status after this epoch: 
Memory allocated:  35.337890625
Memory cached:  94.0
	 epoch  60 training error:  tensor(0.0933, device='cuda:0', grad_fn=<DivBackward0>)
Memory status after this epoch: 
Memory allocated:  35.337890625
Memory cached:  94.0
	 epoch  70 training error:  tensor(0.1009, device='cuda:0', grad_fn=<DivBackward0>)
Memory status after this epoch: 
Memory allocated:  35.337890625
Memory cached:  94.0
	 epoch  80 training error:  tensor(0.0905, device='cuda:0', grad_fn=<DivBackward0>)
Memory status after this epoch: 
Memory allocated:  35.337890625
Memory cached:  94.0
	 epoch  90 training error:  tensor(0.1170, device='cuda:0', grad_fn=<DivBackward0>)
Memory status after this epoch: 
Memory allocated:  35.337890625
Memory cached:  94.0
[I 2023-12-04 00:52:49,294] Trial 2 finished with value: 0.08791553974151611 and parameters: {'W_layers': 7, 'W_layer_units_exponent_0': 5, 'W_layer_units_exponent_1': 9, 'W_layer_units_exponent_2': 7, 'W_layer_units_exponent_3': 8, 'W_layer_units_exponent_4': 6, 'W_layer_units_exponent_5': 6, 'W_layer_units_exponent_6': 6, 'D_layers': 6, 'D_layer_units_exponent_0': 8, 'D_layer_units_exponent_1': 8, 'D_layer_units_exponent_2': 5, 'D_layer_units_exponent_3': 7, 'D_layer_units_exponent_4': 7, 'D_layer_units_exponent_5': 4, 'log_learning_rate': -1.5261668575266203, 'log_learning_rate_D': -3.5175301842192943, 'training_batch_size': 6, 'training_p': 2}. Best is trial 2 with value: 0.08791553974151611.
res:  tensor(0.0879, device='cuda:0', grad_fn=<DivBackward0>)
self.bestValue:  tensor(0.6204, device='cuda:0', grad_fn=<DivBackward0>)
Save this model!
Time for this trial:  81.85024285316467
Memory status after this trial: 
Memory allocated:  46.14794921875
Memory cached:  86.0
--------------------  Trial  3   --------------------
Start timing: 
Parameters: 
{'W_layers': 4, 'W_layer_units_exponent_0': 8, 'W_layer_units_exponent_1': 6, 'W_layer_units_exponent_2': 9, 'W_layer_units_exponent_3': 6, 'D_layers': 2, 'D_layer_units_exponent_0': 4, 'D_layer_units_exponent_1': 5, 'log_learning_rate': -1.2889659639488666, 'log_learning_rate_D': -2.9353146477811554, 'training_batch_size': 10, 'training_p': 7}
	 epoch  0 training error:  tensor(0.9954, device='cuda:0', grad_fn=<DivBackward0>)
Memory status after this epoch: 
Memory allocated:  47.4814453125
Memory cached:  88.0
	 epoch  10 training error:  tensor(2.8948, device='cuda:0', grad_fn=<DivBackward0>)
Memory status after this epoch: 
Memory allocated:  47.4814453125
Memory cached:  88.0
	 epoch  20 training error:  tensor(0.2768, device='cuda:0', grad_fn=<DivBackward0>)
Memory status after this epoch: 
Memory allocated:  47.4814453125
Memory cached:  88.0
	 epoch  30 training error:  tensor(1.1431, device='cuda:0', grad_fn=<DivBackward0>)
Memory status after this epoch: 
Memory allocated:  47.4814453125
Memory cached:  88.0
	 epoch  40 training error:  tensor(1.3284, device='cuda:0', grad_fn=<DivBackward0>)
Memory status after this epoch: 
Memory allocated:  47.4814453125
Memory cached:  88.0
	 epoch  50 training error:  tensor(1.1727, device='cuda:0', grad_fn=<DivBackward0>)
Memory status after this epoch: 
Memory allocated:  47.4814453125
Memory cached:  88.0
	 epoch  60 training error:  tensor(0.8841, device='cuda:0', grad_fn=<DivBackward0>)
Memory status after this epoch: 
Memory allocated:  47.4814453125
Memory cached:  88.0
	 epoch  70 training error:  tensor(0.8475, device='cuda:0', grad_fn=<DivBackward0>)
Memory status after this epoch: 
Memory allocated:  47.4814453125
Memory cached:  88.0
	 epoch  80 training error:  tensor(0.6239, device='cuda:0', grad_fn=<DivBackward0>)
Memory status after this epoch: 
Memory allocated:  47.4814453125
Memory cached:  88.0
	 epoch  90 training error:  tensor(0.8162, device='cuda:0', grad_fn=<DivBackward0>)
Memory status after this epoch: 
Memory allocated:  47.4814453125
Memory cached:  88.0
[I 2023-12-04 00:53:25,375] Trial 3 finished with value: 0.42675232887268066 and parameters: {'W_layers': 4, 'W_layer_units_exponent_0': 8, 'W_layer_units_exponent_1': 6, 'W_layer_units_exponent_2': 9, 'W_layer_units_exponent_3': 6, 'D_layers': 2, 'D_layer_units_exponent_0': 4, 'D_layer_units_exponent_1': 5, 'log_learning_rate': -1.2889659639488666, 'log_learning_rate_D': -2.9353146477811554, 'training_batch_size': 10, 'training_p': 7}. Best is trial 2 with value: 0.08791553974151611.
Time for this trial:  35.98415207862854
Memory status after this trial: 
Memory allocated:  68.58935546875
Memory cached:  88.0
--------------------  Trial  4   --------------------
Start timing: 
Parameters: 
{'W_layers': 4, 'W_layer_units_exponent_0': 8, 'W_layer_units_exponent_1': 8, 'W_layer_units_exponent_2': 7, 'W_layer_units_exponent_3': 6, 'D_layers': 5, 'D_layer_units_exponent_0': 5, 'D_layer_units_exponent_1': 6, 'D_layer_units_exponent_2': 10, 'D_layer_units_exponent_3': 4, 'D_layer_units_exponent_4': 5, 'log_learning_rate': -1.3963276604756505, 'log_learning_rate_D': -4.508498015464882, 'training_batch_size': 11, 'training_p': 6}
	 epoch  0 training error:  tensor(0.9742, device='cuda:0', grad_fn=<DivBackward0>)
Memory status after this epoch: 
Memory allocated:  49.1533203125
Memory cached:  88.0
	 epoch  10 training error:  tensor(0.2796, device='cuda:0', grad_fn=<DivBackward0>)
Memory status after this epoch: 
Memory allocated:  49.1533203125
Memory cached:  92.0
	 epoch  20 training error:  tensor(0.4073, device='cuda:0', grad_fn=<DivBackward0>)
Memory status after this epoch: 
Memory allocated:  49.1533203125
Memory cached:  92.0
	 epoch  30 training error:  tensor(0.2002, device='cuda:0', grad_fn=<DivBackward0>)
Memory status after this epoch: 
Memory allocated:  49.1533203125
Memory cached:  92.0
	 epoch  40 training error:  tensor(0.1441, device='cuda:0', grad_fn=<DivBackward0>)
Memory status after this epoch: 
Memory allocated:  49.1533203125
Memory cached:  92.0
	 epoch  50 training error:  tensor(0.1717, device='cuda:0', grad_fn=<DivBackward0>)
Memory status after this epoch: 
Memory allocated:  49.1533203125
Memory cached:  92.0
	 epoch  60 training error:  tensor(0.1581, device='cuda:0', grad_fn=<DivBackward0>)
Memory status after this epoch: 
Memory allocated:  49.1533203125
Memory cached:  92.0
	 epoch  70 training error:  tensor(0.1480, device='cuda:0', grad_fn=<DivBackward0>)
Memory status after this epoch: 
Memory allocated:  49.1533203125
Memory cached:  92.0
	 epoch  80 training error:  tensor(0.1544, device='cuda:0', grad_fn=<DivBackward0>)
Memory status after this epoch: 
Memory allocated:  49.1533203125
Memory cached:  92.0
	 epoch  90 training error:  tensor(0.1526, device='cuda:0', grad_fn=<DivBackward0>)
Memory status after this epoch: 
Memory allocated:  49.1533203125
Memory cached:  92.0
