[I 2024-01-13 15:09:43,534] Trial 140 finished with value: 0.29851624369621277 and parameters: {'W_layers': 4, 'W_layer_units_exponent_0': 9, 'W_layer_units_exponent_1': 10, 'W_layer_units_exponent_2': 7, 'W_layer_units_exponent_3': 7, 'D_layers': 3, 'D_layer_units_exponent_0': 7, 'D_layer_units_exponent_1': 7, 'D_layer_units_exponent_2': 7, 'D_dagger_layers': 7, 'D_dagger_layer_units_exponent_0': 10, 'D_dagger_layer_units_exponent_1': 7, 'D_dagger_layer_units_exponent_2': 5, 'D_dagger_layer_units_exponent_3': 5, 'D_dagger_layer_units_exponent_4': 4, 'D_dagger_layer_units_exponent_5': 4, 'D_dagger_layer_units_exponent_6': 10, 'log_learning_rate': -4.831495749081239, 'log_learning_rate_D': -3.69982801615288, 'log_learning_rate_D_dagger': -3.413703620227866, 'training_batch_size': 11, 'training_p': 3}. Best is trial 127 with value: 0.28608080744743347.
Time for this trial:  21.05409026145935
Memory status after this trial: 
Memory allocated:  1074.85400390625
Memory cached:  1130.0
--------------------  Trial  141   --------------------
Start timing: 
Parameters: 
{'W_layers': 8, 'W_layer_units_exponent_0': 10, 'W_layer_units_exponent_1': 10, 'W_layer_units_exponent_2': 7, 'W_layer_units_exponent_3': 6, 'W_layer_units_exponent_4': 4, 'W_layer_units_exponent_5': 8, 'W_layer_units_exponent_6': 6, 'W_layer_units_exponent_7': 7, 'D_layers': 3, 'D_layer_units_exponent_0': 7, 'D_layer_units_exponent_1': 7, 'D_layer_units_exponent_2': 9, 'D_dagger_layers': 8, 'D_dagger_layer_units_exponent_0': 9, 'D_dagger_layer_units_exponent_1': 7, 'D_dagger_layer_units_exponent_2': 4, 'D_dagger_layer_units_exponent_3': 6, 'D_dagger_layer_units_exponent_4': 4, 'D_dagger_layer_units_exponent_5': 4, 'D_dagger_layer_units_exponent_6': 10, 'D_dagger_layer_units_exponent_7': 6, 'log_learning_rate': -4.739525412067981, 'log_learning_rate_D': -3.3158842457354964, 'log_learning_rate_D_dagger': -3.0121481665824583, 'training_batch_size': 11, 'training_p': 2}
	 epoch  0 training error:  tensor(0.9944, device='cuda:0', grad_fn=<DivBackward0>)
Memory status after this epoch: 
Memory allocated:  665.14599609375
Memory cached:  874.0
	 epoch  10 training error:  tensor(0.3302, device='cuda:0', grad_fn=<DivBackward0>)
Memory status after this epoch: 
Memory allocated:  665.14599609375
Memory cached:  874.0
	 epoch  20 training error:  tensor(0.3075, device='cuda:0', grad_fn=<DivBackward0>)
Memory status after this epoch: 
Memory allocated:  665.14599609375
Memory cached:  874.0
	 epoch  30 training error:  tensor(0.2913, device='cuda:0', grad_fn=<DivBackward0>)
Memory status after this epoch: 
Memory allocated:  665.14599609375
Memory cached:  874.0
	 epoch  40 training error:  tensor(0.2941, device='cuda:0', grad_fn=<DivBackward0>)
Memory status after this epoch: 
Memory allocated:  665.14599609375
Memory cached:  874.0
	 epoch  50 training error:  tensor(0.2858, device='cuda:0', grad_fn=<DivBackward0>)
Memory status after this epoch: 
Memory allocated:  665.14599609375
Memory cached:  874.0
	 epoch  60 training error:  tensor(0.2883, device='cuda:0', grad_fn=<DivBackward0>)
Memory status after this epoch: 
Memory allocated:  665.14599609375
Memory cached:  874.0
	 epoch  70 training error:  tensor(0.3018, device='cuda:0', grad_fn=<DivBackward0>)
Memory status after this epoch: 
Memory allocated:  665.14599609375
Memory cached:  874.0
	 epoch  80 training error:  tensor(0.2836, device='cuda:0', grad_fn=<DivBackward0>)
Memory status after this epoch: 
Memory allocated:  665.14599609375
Memory cached:  874.0
	 epoch  90 training error:  tensor(0.2922, device='cuda:0', grad_fn=<DivBackward0>)
Memory status after this epoch: 
Memory allocated:  665.14599609375
Memory cached:  874.0
[I 2024-01-13 15:10:07,772] Trial 141 finished with value: 0.3009708821773529 and parameters: {'W_layers': 8, 'W_layer_units_exponent_0': 10, 'W_layer_units_exponent_1': 10, 'W_layer_units_exponent_2': 7, 'W_layer_units_exponent_3': 6, 'W_layer_units_exponent_4': 4, 'W_layer_units_exponent_5': 8, 'W_layer_units_exponent_6': 6, 'W_layer_units_exponent_7': 7, 'D_layers': 3, 'D_layer_units_exponent_0': 7, 'D_layer_units_exponent_1': 7, 'D_layer_units_exponent_2': 9, 'D_dagger_layers': 8, 'D_dagger_layer_units_exponent_0': 9, 'D_dagger_layer_units_exponent_1': 7, 'D_dagger_layer_units_exponent_2': 4, 'D_dagger_layer_units_exponent_3': 6, 'D_dagger_layer_units_exponent_4': 4, 'D_dagger_layer_units_exponent_5': 4, 'D_dagger_layer_units_exponent_6': 10, 'D_dagger_layer_units_exponent_7': 6, 'log_learning_rate': -4.739525412067981, 'log_learning_rate_D': -3.3158842457354964, 'log_learning_rate_D_dagger': -3.0121481665824583, 'training_batch_size': 11, 'training_p': 2}. Best is trial 127 with value: 0.28608080744743347.
Time for this trial:  23.78518295288086
Memory status after this trial: 
Memory allocated:  1146.84521484375
Memory cached:  1186.0
--------------------  Trial  142   --------------------
Start timing: 
Parameters: 
{'W_layers': 2, 'W_layer_units_exponent_0': 9, 'W_layer_units_exponent_1': 10, 'D_layers': 3, 'D_layer_units_exponent_0': 7, 'D_layer_units_exponent_1': 6, 'D_layer_units_exponent_2': 8, 'D_dagger_layers': 8, 'D_dagger_layer_units_exponent_0': 10, 'D_dagger_layer_units_exponent_1': 7, 'D_dagger_layer_units_exponent_2': 5, 'D_dagger_layer_units_exponent_3': 6, 'D_dagger_layer_units_exponent_4': 4, 'D_dagger_layer_units_exponent_5': 6, 'D_dagger_layer_units_exponent_6': 10, 'D_dagger_layer_units_exponent_7': 6, 'log_learning_rate': -4.564174210919331, 'log_learning_rate_D': -3.204339718925277, 'log_learning_rate_D_dagger': -3.1327133305037416, 'training_batch_size': 11, 'training_p': 2}
	 epoch  0 training error:  tensor(0.7245, device='cuda:0', grad_fn=<DivBackward0>)
Memory status after this epoch: 
Memory allocated:  656.57763671875
Memory cached:  874.0
	 epoch  10 training error:  tensor(0.3567, device='cuda:0', grad_fn=<DivBackward0>)
Memory status after this epoch: 
Memory allocated:  656.57763671875
Memory cached:  874.0
	 epoch  20 training error:  tensor(0.3219, device='cuda:0', grad_fn=<DivBackward0>)
Memory status after this epoch: 
Memory allocated:  656.57763671875
Memory cached:  874.0
	 epoch  30 training error:  tensor(0.2988, device='cuda:0', grad_fn=<DivBackward0>)
Memory status after this epoch: 
Memory allocated:  656.57763671875
Memory cached:  874.0
	 epoch  40 training error:  tensor(0.3053, device='cuda:0', grad_fn=<DivBackward0>)
Memory status after this epoch: 
Memory allocated:  656.57763671875
Memory cached:  874.0
	 epoch  50 training error:  tensor(0.2869, device='cuda:0', grad_fn=<DivBackward0>)
Memory status after this epoch: 
Memory allocated:  656.57763671875
Memory cached:  874.0
	 epoch  60 training error:  tensor(0.2892, device='cuda:0', grad_fn=<DivBackward0>)
Memory status after this epoch: 
Memory allocated:  656.57763671875
Memory cached:  874.0
	 epoch  70 training error:  tensor(0.2846, device='cuda:0', grad_fn=<DivBackward0>)
Memory status after this epoch: 
Memory allocated:  656.57763671875
Memory cached:  874.0
	 epoch  80 training error:  tensor(0.2815, device='cuda:0', grad_fn=<DivBackward0>)
Memory status after this epoch: 
Memory allocated:  656.57763671875
Memory cached:  874.0
	 epoch  90 training error:  tensor(0.2870, device='cuda:0', grad_fn=<DivBackward0>)
Memory status after this epoch: 
Memory allocated:  656.57763671875
Memory cached:  874.0
[I 2024-01-13 15:10:28,300] Trial 142 finished with value: 0.29070380330085754 and parameters: {'W_layers': 2, 'W_layer_units_exponent_0': 9, 'W_layer_units_exponent_1': 10, 'D_layers': 3, 'D_layer_units_exponent_0': 7, 'D_layer_units_exponent_1': 6, 'D_layer_units_exponent_2': 8, 'D_dagger_layers': 8, 'D_dagger_layer_units_exponent_0': 10, 'D_dagger_layer_units_exponent_1': 7, 'D_dagger_layer_units_exponent_2': 5, 'D_dagger_layer_units_exponent_3': 6, 'D_dagger_layer_units_exponent_4': 4, 'D_dagger_layer_units_exponent_5': 6, 'D_dagger_layer_units_exponent_6': 10, 'D_dagger_layer_units_exponent_7': 6, 'log_learning_rate': -4.564174210919331, 'log_learning_rate_D': -3.204339718925277, 'log_learning_rate_D_dagger': -3.1327133305037416, 'training_batch_size': 11, 'training_p': 2}. Best is trial 127 with value: 0.28608080744743347.
Time for this trial:  20.12985134124756
Memory status after this trial: 
Memory allocated:  1062.41552734375
Memory cached:  1154.0
--------------------  Trial  143   --------------------
Start timing: 
Parameters: 
{'W_layers': 8, 'W_layer_units_exponent_0': 10, 'W_layer_units_exponent_1': 10, 'W_layer_units_exponent_2': 7, 'W_layer_units_exponent_3': 9, 'W_layer_units_exponent_4': 4, 'W_layer_units_exponent_5': 9, 'W_layer_units_exponent_6': 5, 'W_layer_units_exponent_7': 6, 'D_layers': 6, 'D_layer_units_exponent_0': 7, 'D_layer_units_exponent_1': 7, 'D_layer_units_exponent_2': 8, 'D_layer_units_exponent_3': 6, 'D_layer_units_exponent_4': 5, 'D_layer_units_exponent_5': 9, 'D_dagger_layers': 8, 'D_dagger_layer_units_exponent_0': 10, 'D_dagger_layer_units_exponent_1': 9, 'D_dagger_layer_units_exponent_2': 4, 'D_dagger_layer_units_exponent_3': 6, 'D_dagger_layer_units_exponent_4': 4, 'D_dagger_layer_units_exponent_5': 4, 'D_dagger_layer_units_exponent_6': 10, 'D_dagger_layer_units_exponent_7': 5, 'log_learning_rate': -4.742511709794213, 'log_learning_rate_D': -3.09396871738028, 'log_learning_rate_D_dagger': -3.2057254429743485, 'training_batch_size': 11, 'training_p': 2}
	 epoch  0 training error:  tensor(1.0065, device='cuda:0', grad_fn=<DivBackward0>)
Memory status after this epoch: 
Memory allocated:  673.15576171875
Memory cached:  890.0
	 epoch  10 training error:  tensor(0.3880, device='cuda:0', grad_fn=<DivBackward0>)
Memory status after this epoch: 
Memory allocated:  673.15576171875
Memory cached:  890.0
	 epoch  20 training error:  tensor(0.3063, device='cuda:0', grad_fn=<DivBackward0>)
Memory status after this epoch: 
Memory allocated:  673.15576171875
Memory cached:  890.0
	 epoch  30 training error:  tensor(0.2954, device='cuda:0', grad_fn=<DivBackward0>)
Memory status after this epoch: 
Memory allocated:  673.15576171875
Memory cached:  890.0
	 epoch  40 training error:  tensor(0.2917, device='cuda:0', grad_fn=<DivBackward0>)
Memory status after this epoch: 
Memory allocated:  673.15576171875
Memory cached:  890.0
	 epoch  50 training error:  tensor(0.2913, device='cuda:0', grad_fn=<DivBackward0>)
Memory status after this epoch: 
Memory allocated:  673.15576171875
Memory cached:  890.0
	 epoch  60 training error:  tensor(0.2865, device='cuda:0', grad_fn=<DivBackward0>)
Memory status after this epoch: 
Memory allocated:  673.15576171875
Memory cached:  890.0
	 epoch  70 training error:  tensor(0.2856, device='cuda:0', grad_fn=<DivBackward0>)
Memory status after this epoch: 
Memory allocated:  673.15576171875
Memory cached:  890.0
	 epoch  80 training error:  tensor(0.2869, device='cuda:0', grad_fn=<DivBackward0>)
Memory status after this epoch: 
Memory allocated:  673.15576171875
Memory cached:  890.0
	 epoch  90 training error:  tensor(0.2829, device='cuda:0', grad_fn=<DivBackward0>)
Memory status after this epoch: 
Memory allocated:  673.15576171875
Memory cached:  890.0
[I 2024-01-13 15:10:54,502] Trial 143 finished with value: 0.2865949273109436 and parameters: {'W_layers': 8, 'W_layer_units_exponent_0': 10, 'W_layer_units_exponent_1': 10, 'W_layer_units_exponent_2': 7, 'W_layer_units_exponent_3': 9, 'W_layer_units_exponent_4': 4, 'W_layer_units_exponent_5': 9, 'W_layer_units_exponent_6': 5, 'W_layer_units_exponent_7': 6, 'D_layers': 6, 'D_layer_units_exponent_0': 7, 'D_layer_units_exponent_1': 7, 'D_layer_units_exponent_2': 8, 'D_layer_units_exponent_3': 6, 'D_layer_units_exponent_4': 5, 'D_layer_units_exponent_5': 9, 'D_dagger_layers': 8, 'D_dagger_layer_units_exponent_0': 10, 'D_dagger_layer_units_exponent_1': 9, 'D_dagger_layer_units_exponent_2': 4, 'D_dagger_layer_units_exponent_3': 6, 'D_dagger_layer_units_exponent_4': 4, 'D_dagger_layer_units_exponent_5': 4, 'D_dagger_layer_units_exponent_6': 10, 'D_dagger_layer_units_exponent_7': 5, 'log_learning_rate': -4.742511709794213, 'log_learning_rate_D': -3.09396871738028, 'log_learning_rate_D_dagger': -3.2057254429743485, 'training_batch_size': 11, 'training_p': 2}. Best is trial 127 with value: 0.28608080744743347.
Time for this trial:  25.715086221694946
Memory status after this trial: 
Memory allocated:  1311.29443359375
Memory cached:  1362.0
--------------------  Trial  144   --------------------
Start timing: 
Parameters: 
{'W_layers': 2, 'W_layer_units_exponent_0': 10, 'W_layer_units_exponent_1': 10, 'D_layers': 6, 'D_layer_units_exponent_0': 7, 'D_layer_units_exponent_1': 7, 'D_layer_units_exponent_2': 8, 'D_layer_units_exponent_3': 6, 'D_layer_units_exponent_4': 5, 'D_layer_units_exponent_5': 9, 'D_dagger_layers': 8, 'D_dagger_layer_units_exponent_0': 10, 'D_dagger_layer_units_exponent_1': 9, 'D_dagger_layer_units_exponent_2': 4, 'D_dagger_layer_units_exponent_3': 6, 'D_dagger_layer_units_exponent_4': 4, 'D_dagger_layer_units_exponent_5': 4, 'D_dagger_layer_units_exponent_6': 10, 'D_dagger_layer_units_exponent_7': 4, 'log_learning_rate': -4.331552789388049, 'log_learning_rate_D': -3.0800856549366173, 'log_learning_rate_D_dagger': -3.2228920732714292, 'training_batch_size': 11, 'training_p': 2}
	 epoch  0 training error:  tensor(0.6321, device='cuda:0', grad_fn=<DivBackward0>)
Memory status after this epoch: 
Memory allocated:  669.73974609375
Memory cached:  874.0
	 epoch  10 training error:  tensor(0.3347, device='cuda:0', grad_fn=<DivBackward0>)
Memory status after this epoch: 
Memory allocated:  669.73974609375
Memory cached:  874.0
	 epoch  20 training error:  tensor(0.3217, device='cuda:0', grad_fn=<DivBackward0>)
Memory status after this epoch: 
Memory allocated:  669.73974609375
Memory cached:  874.0
	 epoch  30 training error:  tensor(0.3386, device='cuda:0', grad_fn=<DivBackward0>)
Memory status after this epoch: 
Memory allocated:  669.73974609375
Memory cached:  874.0
	 epoch  40 training error:  tensor(0.3044, device='cuda:0', grad_fn=<DivBackward0>)
Memory status after this epoch: 
Memory allocated:  669.73974609375
Memory cached:  874.0
	 epoch  50 training error:  tensor(0.2869, device='cuda:0', grad_fn=<DivBackward0>)
Memory status after this epoch: 
Memory allocated:  669.73974609375
Memory cached:  874.0
	 epoch  60 training error:  tensor(0.2893, device='cuda:0', grad_fn=<DivBackward0>)
Memory status after this epoch: 
Memory allocated:  669.73974609375
Memory cached:  874.0
	 epoch  70 training error:  tensor(0.3377, device='cuda:0', grad_fn=<DivBackward0>)
Memory status after this epoch: 
Memory allocated:  669.73974609375
Memory cached:  874.0
	 epoch  80 training error:  tensor(0.3026, device='cuda:0', grad_fn=<DivBackward0>)
Memory status after this epoch: 
Memory allocated:  669.73974609375
Memory cached:  874.0
	 epoch  90 training error:  tensor(0.2994, device='cuda:0', grad_fn=<DivBackward0>)
Memory status after this epoch: 
Memory allocated:  669.73974609375
Memory cached:  874.0
[I 2024-01-13 15:11:17,248] Trial 144 finished with value: 0.32248154282569885 and parameters: {'W_layers': 2, 'W_layer_units_exponent_0': 10, 'W_layer_units_exponent_1': 10, 'D_layers': 6, 'D_layer_units_exponent_0': 7, 'D_layer_units_exponent_1': 7, 'D_layer_units_exponent_2': 8, 'D_layer_units_exponent_3': 6, 'D_layer_units_exponent_4': 5, 'D_layer_units_exponent_5': 9, 'D_dagger_layers': 8, 'D_dagger_layer_units_exponent_0': 10, 'D_dagger_layer_units_exponent_1': 9, 'D_dagger_layer_units_exponent_2': 4, 'D_dagger_layer_units_exponent_3': 6, 'D_dagger_layer_units_exponent_4': 4, 'D_dagger_layer_units_exponent_5': 4, 'D_dagger_layer_units_exponent_6': 10, 'D_dagger_layer_units_exponent_7': 4, 'log_learning_rate': -4.331552789388049, 'log_learning_rate_D': -3.0800856549366173, 'log_learning_rate_D_dagger': -3.2228920732714292, 'training_batch_size': 11, 'training_p': 2}. Best is trial 127 with value: 0.28608080744743347.
Time for this trial:  22.308217525482178
Memory status after this trial: 
Memory allocated:  1156.40087890625
Memory cached:  1250.0
--------------------  Trial  145   --------------------
Start timing: 
Parameters: 
{'W_layers': 6, 'W_layer_units_exponent_0': 10, 'W_layer_units_exponent_1': 10, 'W_layer_units_exponent_2': 7, 'W_layer_units_exponent_3': 7, 'W_layer_units_exponent_4': 4, 'W_layer_units_exponent_5': 9, 'D_layers': 8, 'D_layer_units_exponent_0': 8, 'D_layer_units_exponent_1': 7, 'D_layer_units_exponent_2': 8, 'D_layer_units_exponent_3': 5, 'D_layer_units_exponent_4': 4, 'D_layer_units_exponent_5': 9, 'D_layer_units_exponent_6': 5, 'D_layer_units_exponent_7': 4, 'D_dagger_layers': 8, 'D_dagger_layer_units_exponent_0': 10, 'D_dagger_layer_units_exponent_1': 10, 'D_dagger_layer_units_exponent_2': 4, 'D_dagger_layer_units_exponent_3': 6, 'D_dagger_layer_units_exponent_4': 4, 'D_dagger_layer_units_exponent_5': 4, 'D_dagger_layer_units_exponent_6': 10, 'D_dagger_layer_units_exponent_7': 5, 'log_learning_rate': -4.995127196180278, 'log_learning_rate_D': -3.41447821906529, 'log_learning_rate_D_dagger': -3.3257098528940077, 'training_batch_size': 11, 'training_p': 2}
	 epoch  0 training error:  tensor(0.9981, device='cuda:0', grad_fn=<DivBackward0>)
Memory status after this epoch: 
Memory allocated:  680.17138671875
Memory cached:  874.0
	 epoch  10 training error:  tensor(0.3400, device='cuda:0', grad_fn=<DivBackward0>)
Memory status after this epoch: 
Memory allocated:  680.17138671875
Memory cached:  874.0
	 epoch  20 training error:  tensor(0.3014, device='cuda:0', grad_fn=<DivBackward0>)
Memory status after this epoch: 
Memory allocated:  680.17138671875
Memory cached:  874.0
	 epoch  30 training error:  tensor(0.2945, device='cuda:0', grad_fn=<DivBackward0>)
Memory status after this epoch: 
Memory allocated:  680.17138671875
Memory cached:  874.0
	 epoch  40 training error:  tensor(0.2829, device='cuda:0', grad_fn=<DivBackward0>)
Memory status after this epoch: 
Memory allocated:  680.17138671875
Memory cached:  874.0
	 epoch  50 training error:  tensor(0.2836, device='cuda:0', grad_fn=<DivBackward0>)
Memory status after this epoch: 
Memory allocated:  680.17138671875
Memory cached:  874.0
	 epoch  60 training error:  tensor(0.2834, device='cuda:0', grad_fn=<DivBackward0>)
Memory status after this epoch: 
Memory allocated:  680.17138671875
Memory cached:  874.0
	 epoch  70 training error:  tensor(0.2830, device='cuda:0', grad_fn=<DivBackward0>)
Memory status after this epoch: 
Memory allocated:  680.17138671875
Memory cached:  874.0
	 epoch  80 training error:  tensor(0.2828, device='cuda:0', grad_fn=<DivBackward0>)
Memory status after this epoch: 
Memory allocated:  680.17138671875
Memory cached:  874.0
	 epoch  90 training error:  tensor(0.2820, device='cuda:0', grad_fn=<DivBackward0>)
Memory status after this epoch: 
Memory allocated:  680.17138671875
Memory cached:  874.0
