[I 2024-03-03 01:30:33,297] Trial 65 finished with value: 0.04059654474258423 and parameters: {'W_layers': 6, 'W_layer_units_exponent_0': 5, 'W_layer_units_exponent_1': 10, 'W_layer_units_exponent_2': 7, 'W_layer_units_exponent_3': 7, 'W_layer_units_exponent_4': 9, 'W_layer_units_exponent_5': 4, 'D_layers': 6, 'D_layer_units_exponent_0': 7, 'D_layer_units_exponent_1': 9, 'D_layer_units_exponent_2': 10, 'D_layer_units_exponent_3': 9, 'D_layer_units_exponent_4': 10, 'D_layer_units_exponent_5': 8, 'D_dagger_layers': 6, 'D_dagger_layer_units_exponent_0': 10, 'D_dagger_layer_units_exponent_1': 9, 'D_dagger_layer_units_exponent_2': 9, 'D_dagger_layer_units_exponent_3': 7, 'D_dagger_layer_units_exponent_4': 9, 'D_dagger_layer_units_exponent_5': 4, 'log_learning_rate': -1.2793950602307065, 'log_learning_rate_D': -3.984399272201026, 'log_learning_rate_D_dagger': -2.7600348004901876, 'training_batch_size': 6, 'training_p': 8}. Best is trial 27 with value: 0.019390789791941643.
Time for this trial:  4044.100728034973
Memory status after this trial: 
Memory allocated:  3424.87744140625
Memory cached:  3462.0
--------------------  Trial  66   --------------------
Start timing: 
Parameters: 
{'W_layers': 5, 'W_layer_units_exponent_0': 4, 'W_layer_units_exponent_1': 9, 'W_layer_units_exponent_2': 7, 'W_layer_units_exponent_3': 9, 'W_layer_units_exponent_4': 10, 'D_layers': 5, 'D_layer_units_exponent_0': 6, 'D_layer_units_exponent_1': 9, 'D_layer_units_exponent_2': 8, 'D_layer_units_exponent_3': 10, 'D_layer_units_exponent_4': 9, 'D_dagger_layers': 7, 'D_dagger_layer_units_exponent_0': 10, 'D_dagger_layer_units_exponent_1': 10, 'D_dagger_layer_units_exponent_2': 8, 'D_dagger_layer_units_exponent_3': 8, 'D_dagger_layer_units_exponent_4': 4, 'D_dagger_layer_units_exponent_5': 4, 'D_dagger_layer_units_exponent_6': 5, 'log_learning_rate': -1.5727725805217767, 'log_learning_rate_D': -4.67697007150559, 'log_learning_rate_D_dagger': -3.1535760041832184, 'training_batch_size': 7, 'training_p': 8}
	 epoch  0 training error:  tensor(208.8012, grad_fn=<ToCopyBackward0>)
Memory status after this epoch: 
Memory allocated:  1776.60888671875
Memory cached:  2804.0
	 epoch  10 training error:  tensor(5.8350, grad_fn=<ToCopyBackward0>)
Memory status after this epoch: 
Memory allocated:  1776.60888671875
Memory cached:  2808.0
	 epoch  20 training error:  tensor(0.4873, grad_fn=<ToCopyBackward0>)
Memory status after this epoch: 
Memory allocated:  1776.60888671875
Memory cached:  2806.0
	 epoch  30 training error:  tensor(0.5041, grad_fn=<ToCopyBackward0>)
Memory status after this epoch: 
Memory allocated:  1776.60888671875
Memory cached:  2802.0
	 epoch  40 training error:  tensor(0.3640, grad_fn=<ToCopyBackward0>)
Memory status after this epoch: 
Memory allocated:  1776.60888671875
Memory cached:  2808.0
	 epoch  50 training error:  tensor(0.3384, grad_fn=<ToCopyBackward0>)
Memory status after this epoch: 
Memory allocated:  1776.60888671875
Memory cached:  2808.0
	 epoch  60 training error:  tensor(0.2360, grad_fn=<ToCopyBackward0>)
Memory status after this epoch: 
Memory allocated:  1776.60888671875
Memory cached:  2808.0
	 epoch  70 training error:  tensor(0.1596, grad_fn=<ToCopyBackward0>)
Memory status after this epoch: 
Memory allocated:  1776.60888671875
Memory cached:  2802.0
	 epoch  80 training error:  tensor(0.1211, grad_fn=<ToCopyBackward0>)
Memory status after this epoch: 
Memory allocated:  1776.60888671875
Memory cached:  2810.0
	 epoch  90 training error:  tensor(0.1162, grad_fn=<ToCopyBackward0>)
Memory status after this epoch: 
Memory allocated:  1776.60888671875
Memory cached:  2804.0
[I 2024-03-03 02:05:47,356] Trial 66 finished with value: 0.06180727481842041 and parameters: {'W_layers': 5, 'W_layer_units_exponent_0': 4, 'W_layer_units_exponent_1': 9, 'W_layer_units_exponent_2': 7, 'W_layer_units_exponent_3': 9, 'W_layer_units_exponent_4': 10, 'D_layers': 5, 'D_layer_units_exponent_0': 6, 'D_layer_units_exponent_1': 9, 'D_layer_units_exponent_2': 8, 'D_layer_units_exponent_3': 10, 'D_layer_units_exponent_4': 9, 'D_dagger_layers': 7, 'D_dagger_layer_units_exponent_0': 10, 'D_dagger_layer_units_exponent_1': 10, 'D_dagger_layer_units_exponent_2': 8, 'D_dagger_layer_units_exponent_3': 8, 'D_dagger_layer_units_exponent_4': 4, 'D_dagger_layer_units_exponent_5': 4, 'D_dagger_layer_units_exponent_6': 5, 'log_learning_rate': -1.5727725805217767, 'log_learning_rate_D': -4.67697007150559, 'log_learning_rate_D_dagger': -3.1535760041832184, 'training_batch_size': 7, 'training_p': 8}. Best is trial 27 with value: 0.019390789791941643.
Time for this trial:  2113.0378448963165
Memory status after this trial: 
Memory allocated:  3213.32861328125
Memory cached:  3250.0
--------------------  Trial  67   --------------------
Start timing: 
Parameters: 
{'W_layers': 2, 'W_layer_units_exponent_0': 5, 'W_layer_units_exponent_1': 10, 'D_layers': 7, 'D_layer_units_exponent_0': 7, 'D_layer_units_exponent_1': 10, 'D_layer_units_exponent_2': 10, 'D_layer_units_exponent_3': 9, 'D_layer_units_exponent_4': 10, 'D_layer_units_exponent_5': 5, 'D_layer_units_exponent_6': 4, 'D_dagger_layers': 5, 'D_dagger_layer_units_exponent_0': 10, 'D_dagger_layer_units_exponent_1': 9, 'D_dagger_layer_units_exponent_2': 10, 'D_dagger_layer_units_exponent_3': 6, 'D_dagger_layer_units_exponent_4': 5, 'log_learning_rate': -1.8713070247164347, 'log_learning_rate_D': -4.274926860520874, 'log_learning_rate_D_dagger': -3.599298291429156, 'training_batch_size': 6, 'training_p': 7}
	 epoch  0 training error:  tensor(2.3718, grad_fn=<ToCopyBackward0>)
Memory status after this epoch: 
Memory allocated:  1785.83740234375
Memory cached:  2836.0
	 epoch  10 training error:  tensor(0.3421, grad_fn=<ToCopyBackward0>)
Memory status after this epoch: 
Memory allocated:  1785.83740234375
Memory cached:  2836.0
	 epoch  20 training error:  tensor(0.1859, grad_fn=<ToCopyBackward0>)
Memory status after this epoch: 
Memory allocated:  1785.83740234375
Memory cached:  2836.0
	 epoch  30 training error:  tensor(0.1869, grad_fn=<ToCopyBackward0>)
Memory status after this epoch: 
Memory allocated:  1785.83740234375
Memory cached:  2836.0
	 epoch  40 training error:  tensor(0.1323, grad_fn=<ToCopyBackward0>)
Memory status after this epoch: 
Memory allocated:  1785.83740234375
Memory cached:  2836.0
	 epoch  50 training error:  tensor(0.1057, grad_fn=<ToCopyBackward0>)
Memory status after this epoch: 
Memory allocated:  1785.83740234375
Memory cached:  2836.0
	 epoch  60 training error:  tensor(0.1117, grad_fn=<ToCopyBackward0>)
Memory status after this epoch: 
Memory allocated:  1785.83740234375
Memory cached:  2836.0
	 epoch  70 training error:  tensor(0.0765, grad_fn=<ToCopyBackward0>)
Memory status after this epoch: 
Memory allocated:  1785.83740234375
Memory cached:  2836.0
	 epoch  80 training error:  tensor(0.0880, grad_fn=<ToCopyBackward0>)
Memory status after this epoch: 
Memory allocated:  1785.83740234375
Memory cached:  2836.0
	 epoch  90 training error:  tensor(0.0796, grad_fn=<ToCopyBackward0>)
Memory status after this epoch: 
Memory allocated:  1785.83740234375
Memory cached:  2836.0
[I 2024-03-03 03:03:32,784] Trial 67 finished with value: 0.1047520861029625 and parameters: {'W_layers': 2, 'W_layer_units_exponent_0': 5, 'W_layer_units_exponent_1': 10, 'D_layers': 7, 'D_layer_units_exponent_0': 7, 'D_layer_units_exponent_1': 10, 'D_layer_units_exponent_2': 10, 'D_layer_units_exponent_3': 9, 'D_layer_units_exponent_4': 10, 'D_layer_units_exponent_5': 5, 'D_layer_units_exponent_6': 4, 'D_dagger_layers': 5, 'D_dagger_layer_units_exponent_0': 10, 'D_dagger_layer_units_exponent_1': 9, 'D_dagger_layer_units_exponent_2': 10, 'D_dagger_layer_units_exponent_3': 6, 'D_dagger_layer_units_exponent_4': 5, 'log_learning_rate': -1.8713070247164347, 'log_learning_rate_D': -4.274926860520874, 'log_learning_rate_D_dagger': -3.599298291429156, 'training_batch_size': 6, 'training_p': 7}. Best is trial 27 with value: 0.019390789791941643.
Time for this trial:  3464.2995488643646
Memory status after this trial: 
Memory allocated:  3288.697265625
Memory cached:  3354.0
--------------------  Trial  68   --------------------
Start timing: 
Parameters: 
{'W_layers': 4, 'W_layer_units_exponent_0': 4, 'W_layer_units_exponent_1': 9, 'W_layer_units_exponent_2': 6, 'W_layer_units_exponent_3': 8, 'D_layers': 6, 'D_layer_units_exponent_0': 10, 'D_layer_units_exponent_1': 9, 'D_layer_units_exponent_2': 9, 'D_layer_units_exponent_3': 10, 'D_layer_units_exponent_4': 10, 'D_layer_units_exponent_5': 10, 'D_dagger_layers': 6, 'D_dagger_layer_units_exponent_0': 8, 'D_dagger_layer_units_exponent_1': 8, 'D_dagger_layer_units_exponent_2': 7, 'D_dagger_layer_units_exponent_3': 10, 'D_dagger_layer_units_exponent_4': 8, 'D_dagger_layer_units_exponent_5': 5, 'log_learning_rate': -1.4068587348710102, 'log_learning_rate_D': -4.374097911006732, 'log_learning_rate_D_dagger': -2.52336131600843, 'training_batch_size': 6, 'training_p': 8}
	 epoch  0 training error:  tensor(17.1445, grad_fn=<ToCopyBackward0>)
Memory status after this epoch: 
Memory allocated:  1796.3720703125
Memory cached:  2756.0
	 epoch  10 training error:  tensor(0.3818, grad_fn=<ToCopyBackward0>)
Memory status after this epoch: 
Memory allocated:  1796.3720703125
Memory cached:  2756.0
	 epoch  20 training error:  tensor(0.2373, grad_fn=<ToCopyBackward0>)
Memory status after this epoch: 
Memory allocated:  1796.3720703125
Memory cached:  2756.0
	 epoch  30 training error:  tensor(0.1942, grad_fn=<ToCopyBackward0>)
Memory status after this epoch: 
Memory allocated:  1796.3720703125
Memory cached:  2756.0
	 epoch  40 training error:  tensor(0.1780, grad_fn=<ToCopyBackward0>)
Memory status after this epoch: 
Memory allocated:  1796.3720703125
Memory cached:  2756.0
	 epoch  50 training error:  tensor(0.2741, grad_fn=<ToCopyBackward0>)
Memory status after this epoch: 
Memory allocated:  1796.3720703125
Memory cached:  2756.0
	 epoch  60 training error:  tensor(0.1317, grad_fn=<ToCopyBackward0>)
Memory status after this epoch: 
Memory allocated:  1796.3720703125
Memory cached:  2756.0
	 epoch  70 training error:  tensor(0.0914, grad_fn=<ToCopyBackward0>)
Memory status after this epoch: 
Memory allocated:  1796.3720703125
Memory cached:  2756.0
	 epoch  80 training error:  tensor(0.0824, grad_fn=<ToCopyBackward0>)
Memory status after this epoch: 
Memory allocated:  1796.3720703125
Memory cached:  2756.0
	 epoch  90 training error:  tensor(0.1184, grad_fn=<ToCopyBackward0>)
Memory status after this epoch: 
Memory allocated:  1796.3720703125
Memory cached:  2756.0
[I 2024-03-03 04:04:51,336] Trial 68 finished with value: 0.03937028720974922 and parameters: {'W_layers': 4, 'W_layer_units_exponent_0': 4, 'W_layer_units_exponent_1': 9, 'W_layer_units_exponent_2': 6, 'W_layer_units_exponent_3': 8, 'D_layers': 6, 'D_layer_units_exponent_0': 10, 'D_layer_units_exponent_1': 9, 'D_layer_units_exponent_2': 9, 'D_layer_units_exponent_3': 10, 'D_layer_units_exponent_4': 10, 'D_layer_units_exponent_5': 10, 'D_dagger_layers': 6, 'D_dagger_layer_units_exponent_0': 8, 'D_dagger_layer_units_exponent_1': 8, 'D_dagger_layer_units_exponent_2': 7, 'D_dagger_layer_units_exponent_3': 10, 'D_dagger_layer_units_exponent_4': 8, 'D_dagger_layer_units_exponent_5': 5, 'log_learning_rate': -1.4068587348710102, 'log_learning_rate_D': -4.374097911006732, 'log_learning_rate_D_dagger': -2.52336131600843, 'training_batch_size': 6, 'training_p': 8}. Best is trial 27 with value: 0.019390789791941643.
Time for this trial:  3659.323000431061
Memory status after this trial: 
Memory allocated:  3376.5927734375
Memory cached:  3410.0
--------------------  Trial  69   --------------------
Start timing: 
Parameters: 
{'W_layers': 6, 'W_layer_units_exponent_0': 5, 'W_layer_units_exponent_1': 10, 'W_layer_units_exponent_2': 7, 'W_layer_units_exponent_3': 6, 'W_layer_units_exponent_4': 9, 'W_layer_units_exponent_5': 7, 'D_layers': 5, 'D_layer_units_exponent_0': 6, 'D_layer_units_exponent_1': 10, 'D_layer_units_exponent_2': 10, 'D_layer_units_exponent_3': 10, 'D_layer_units_exponent_4': 9, 'D_dagger_layers': 7, 'D_dagger_layer_units_exponent_0': 9, 'D_dagger_layer_units_exponent_1': 9, 'D_dagger_layer_units_exponent_2': 8, 'D_dagger_layer_units_exponent_3': 7, 'D_dagger_layer_units_exponent_4': 4, 'D_dagger_layer_units_exponent_5': 6, 'D_dagger_layer_units_exponent_6': 9, 'log_learning_rate': -1.238141529168906, 'log_learning_rate_D': -4.10146591478698, 'log_learning_rate_D_dagger': -3.329087401691144, 'training_batch_size': 7, 'training_p': 7}
	 epoch  0 training error:  tensor(1242.0778, grad_fn=<ToCopyBackward0>)
Memory status after this epoch: 
Memory allocated:  1785.85302734375
Memory cached:  2724.0
	 epoch  10 training error:  tensor(0.3935, grad_fn=<ToCopyBackward0>)
Memory status after this epoch: 
Memory allocated:  1785.85302734375
Memory cached:  2724.0
	 epoch  20 training error:  tensor(0.3448, grad_fn=<ToCopyBackward0>)
Memory status after this epoch: 
Memory allocated:  1785.85302734375
Memory cached:  2726.0
	 epoch  30 training error:  tensor(0.3447, grad_fn=<ToCopyBackward0>)
Memory status after this epoch: 
Memory allocated:  1785.85302734375
Memory cached:  2722.0
	 epoch  40 training error:  tensor(0.1932, grad_fn=<ToCopyBackward0>)
Memory status after this epoch: 
Memory allocated:  1785.85302734375
Memory cached:  2732.0
	 epoch  50 training error:  tensor(0.1317, grad_fn=<ToCopyBackward0>)
Memory status after this epoch: 
Memory allocated:  1785.85302734375
Memory cached:  2726.0
	 epoch  60 training error:  tensor(0.1139, grad_fn=<ToCopyBackward0>)
Memory status after this epoch: 
Memory allocated:  1785.85302734375
Memory cached:  2726.0
	 epoch  70 training error:  tensor(0.1153, grad_fn=<ToCopyBackward0>)
Memory status after this epoch: 
Memory allocated:  1785.85302734375
Memory cached:  2726.0
	 epoch  80 training error:  tensor(0.0912, grad_fn=<ToCopyBackward0>)
Memory status after this epoch: 
Memory allocated:  1785.85302734375
Memory cached:  2726.0
	 epoch  90 training error:  tensor(0.0764, grad_fn=<ToCopyBackward0>)
Memory status after this epoch: 
Memory allocated:  1785.85302734375
Memory cached:  2724.0
[I 2024-03-03 04:37:45,967] Trial 69 finished with value: 0.09925884008407593 and parameters: {'W_layers': 6, 'W_layer_units_exponent_0': 5, 'W_layer_units_exponent_1': 10, 'W_layer_units_exponent_2': 7, 'W_layer_units_exponent_3': 6, 'W_layer_units_exponent_4': 9, 'W_layer_units_exponent_5': 7, 'D_layers': 5, 'D_layer_units_exponent_0': 6, 'D_layer_units_exponent_1': 10, 'D_layer_units_exponent_2': 10, 'D_layer_units_exponent_3': 10, 'D_layer_units_exponent_4': 9, 'D_dagger_layers': 7, 'D_dagger_layer_units_exponent_0': 9, 'D_dagger_layer_units_exponent_1': 9, 'D_dagger_layer_units_exponent_2': 8, 'D_dagger_layer_units_exponent_3': 7, 'D_dagger_layer_units_exponent_4': 4, 'D_dagger_layer_units_exponent_5': 6, 'D_dagger_layer_units_exponent_6': 9, 'log_learning_rate': -1.238141529168906, 'log_learning_rate_D': -4.10146591478698, 'log_learning_rate_D_dagger': -3.329087401691144, 'training_batch_size': 7, 'training_p': 7}. Best is trial 27 with value: 0.019390789791941643.
Time for this trial:  1960.8161962032318
Memory status after this trial: 
Memory allocated:  3300.09814453125
Memory cached:  3334.0
--------------------  Trial  70   --------------------
Start timing: 
Parameters: 
{'W_layers': 8, 'W_layer_units_exponent_0': 4, 'W_layer_units_exponent_1': 6, 'W_layer_units_exponent_2': 8, 'W_layer_units_exponent_3': 9, 'W_layer_units_exponent_4': 7, 'W_layer_units_exponent_5': 5, 'W_layer_units_exponent_6': 10, 'W_layer_units_exponent_7': 10, 'D_layers': 4, 'D_layer_units_exponent_0': 10, 'D_layer_units_exponent_1': 8, 'D_layer_units_exponent_2': 6, 'D_layer_units_exponent_3': 9, 'D_dagger_layers': 4, 'D_dagger_layer_units_exponent_0': 6, 'D_dagger_layer_units_exponent_1': 10, 'D_dagger_layer_units_exponent_2': 6, 'D_dagger_layer_units_exponent_3': 6, 'log_learning_rate': -2.196332998580764, 'log_learning_rate_D': -4.890311197032488, 'log_learning_rate_D_dagger': -2.958622282630498, 'training_batch_size': 6, 'training_p': 6}
	 epoch  0 training error:  tensor(3.2857, grad_fn=<ToCopyBackward0>)
Memory status after this epoch: 
Memory allocated:  1752.9716796875
Memory cached:  2696.0
	 epoch  10 training error:  tensor(0.3459, grad_fn=<ToCopyBackward0>)
Memory status after this epoch: 
Memory allocated:  1752.9716796875
Memory cached:  2696.0
	 epoch  20 training error:  tensor(0.3230, grad_fn=<ToCopyBackward0>)
Memory status after this epoch: 
Memory allocated:  1752.9716796875
Memory cached:  2696.0
	 epoch  30 training error:  tensor(0.2009, grad_fn=<ToCopyBackward0>)
Memory status after this epoch: 
Memory allocated:  1752.9716796875
Memory cached:  2696.0
	 epoch  40 training error:  tensor(0.1837, grad_fn=<ToCopyBackward0>)
Memory status after this epoch: 
Memory allocated:  1752.9716796875
Memory cached:  2696.0
	 epoch  50 training error:  tensor(0.1639, grad_fn=<ToCopyBackward0>)
Memory status after this epoch: 
Memory allocated:  1752.9716796875
Memory cached:  2696.0
	 epoch  60 training error:  tensor(0.1594, grad_fn=<ToCopyBackward0>)
Memory status after this epoch: 
Memory allocated:  1752.9716796875
Memory cached:  2696.0
	 epoch  70 training error:  tensor(0.1473, grad_fn=<ToCopyBackward0>)
Memory status after this epoch: 
Memory allocated:  1752.9716796875
Memory cached:  2696.0
	 epoch  80 training error:  tensor(0.1053, grad_fn=<ToCopyBackward0>)
Memory status after this epoch: 
Memory allocated:  1752.9716796875
Memory cached:  2696.0
	 epoch  90 training error:  tensor(0.0958, grad_fn=<ToCopyBackward0>)
Memory status after this epoch: 
Memory allocated:  1752.9716796875
Memory cached:  2696.0
[I 2024-03-03 05:33:11,500] Trial 70 finished with value: 0.0718565285205841 and parameters: {'W_layers': 8, 'W_layer_units_exponent_0': 4, 'W_layer_units_exponent_1': 6, 'W_layer_units_exponent_2': 8, 'W_layer_units_exponent_3': 9, 'W_layer_units_exponent_4': 7, 'W_layer_units_exponent_5': 5, 'W_layer_units_exponent_6': 10, 'W_layer_units_exponent_7': 10, 'D_layers': 4, 'D_layer_units_exponent_0': 10, 'D_layer_units_exponent_1': 8, 'D_layer_units_exponent_2': 6, 'D_layer_units_exponent_3': 9, 'D_dagger_layers': 4, 'D_dagger_layer_units_exponent_0': 6, 'D_dagger_layer_units_exponent_1': 10, 'D_dagger_layer_units_exponent_2': 6, 'D_dagger_layer_units_exponent_3': 6, 'log_learning_rate': -2.196332998580764, 'log_learning_rate_D': -4.890311197032488, 'log_learning_rate_D_dagger': -2.958622282630498, 'training_batch_size': 6, 'training_p': 6}. Best is trial 27 with value: 0.019390789791941643.
Time for this trial:  3314.7464349269867
Memory status after this trial: 
Memory allocated:  2983.33642578125
Memory cached:  3022.0
--------------------  Trial  71   --------------------
Start timing: 
Parameters: 
{'W_layers': 6, 'W_layer_units_exponent_0': 4, 'W_layer_units_exponent_1': 8, 'W_layer_units_exponent_2': 8, 'W_layer_units_exponent_3': 9, 'W_layer_units_exponent_4': 10, 'W_layer_units_exponent_5': 6, 'D_layers': 6, 'D_layer_units_exponent_0': 7, 'D_layer_units_exponent_1': 10, 'D_layer_units_exponent_2': 9, 'D_layer_units_exponent_3': 10, 'D_layer_units_exponent_4': 8, 'D_layer_units_exponent_5': 9, 'D_dagger_layers': 6, 'D_dagger_layer_units_exponent_0': 9, 'D_dagger_layer_units_exponent_1': 10, 'D_dagger_layer_units_exponent_2': 7, 'D_dagger_layer_units_exponent_3': 9, 'D_dagger_layer_units_exponent_4': 4, 'D_dagger_layer_units_exponent_5': 5, 'log_learning_rate': -1.6637869978333546, 'log_learning_rate_D': -4.484688069980077, 'log_learning_rate_D_dagger': -3.4628974486518174, 'training_batch_size': 6, 'training_p': 7}
	 epoch  0 training error:  tensor(52.5685, grad_fn=<ToCopyBackward0>)
Memory status after this epoch: 
Memory allocated:  1778.67724609375
Memory cached:  2776.0
	 epoch  10 training error:  tensor(0.3543, grad_fn=<ToCopyBackward0>)
Memory status after this epoch: 
Memory allocated:  1778.67724609375
Memory cached:  2776.0
	 epoch  20 training error:  tensor(0.3303, grad_fn=<ToCopyBackward0>)
Memory status after this epoch: 
Memory allocated:  1778.67724609375
Memory cached:  2776.0
	 epoch  30 training error:  tensor(0.1508, grad_fn=<ToCopyBackward0>)
Memory status after this epoch: 
Memory allocated:  1778.67724609375
Memory cached:  2776.0
	 epoch  40 training error:  tensor(0.1105, grad_fn=<ToCopyBackward0>)
Memory status after this epoch: 
Memory allocated:  1778.67724609375
Memory cached:  2776.0
	 epoch  50 training error:  tensor(0.0834, grad_fn=<ToCopyBackward0>)
Memory status after this epoch: 
Memory allocated:  1778.67724609375
Memory cached:  2776.0
	 epoch  60 training error:  tensor(0.0682, grad_fn=<ToCopyBackward0>)
Memory status after this epoch: 
Memory allocated:  1778.67724609375
Memory cached:  2776.0
	 epoch  70 training error:  tensor(0.0698, grad_fn=<ToCopyBackward0>)
Memory status after this epoch: 
Memory allocated:  1778.67724609375
Memory cached:  2776.0
	 epoch  80 training error:  tensor(0.0420, grad_fn=<ToCopyBackward0>)
Memory status after this epoch: 
Memory allocated:  1778.67724609375
Memory cached:  2776.0
	 epoch  90 training error:  tensor(0.0496, grad_fn=<ToCopyBackward0>)
Memory status after this epoch: 
Memory allocated:  1778.67724609375
Memory cached:  2776.0
