[I 2024-01-01 20:58:22,982] Trial 327 finished with value: 0.25234395265579224 and parameters: {'W_layers': 5, 'W_layer_units_exponent_0': 7, 'W_layer_units_exponent_1': 7, 'W_layer_units_exponent_2': 6, 'W_layer_units_exponent_3': 4, 'W_layer_units_exponent_4': 5, 'D_layers': 5, 'D_layer_units_exponent_0': 10, 'D_layer_units_exponent_1': 9, 'D_layer_units_exponent_2': 10, 'D_layer_units_exponent_3': 9, 'D_layer_units_exponent_4': 5, 'D_dagger_layers': 4, 'D_dagger_layer_units_exponent_0': 10, 'D_dagger_layer_units_exponent_1': 5, 'D_dagger_layer_units_exponent_2': 9, 'D_dagger_layer_units_exponent_3': 8, 'log_learning_rate': -2.0813640708151238, 'log_learning_rate_D': -3.7532123780418756, 'log_learning_rate_D_dagger': -2.6963946270909718, 'training_batch_size': 7, 'training_p': 5}. Best is trial 220 with value: 0.11745021492242813.
Time for this trial:  204.32622981071472
Memory status after this trial: 
Memory allocated:  495.2138671875
Memory cached:  506.0
--------------------  Trial  328   --------------------
Start timing: 
Parameters: 
{'W_layers': 5, 'W_layer_units_exponent_0': 7, 'W_layer_units_exponent_1': 7, 'W_layer_units_exponent_2': 6, 'W_layer_units_exponent_3': 4, 'W_layer_units_exponent_4': 7, 'D_layers': 5, 'D_layer_units_exponent_0': 10, 'D_layer_units_exponent_1': 9, 'D_layer_units_exponent_2': 10, 'D_layer_units_exponent_3': 7, 'D_layer_units_exponent_4': 5, 'D_dagger_layers': 4, 'D_dagger_layer_units_exponent_0': 10, 'D_dagger_layer_units_exponent_1': 5, 'D_dagger_layer_units_exponent_2': 4, 'D_dagger_layer_units_exponent_3': 7, 'log_learning_rate': -2.045607262712378, 'log_learning_rate_D': -3.964046854520532, 'log_learning_rate_D_dagger': -2.745072773963072, 'training_batch_size': 8, 'training_p': 5}
	 epoch  0 training error:  tensor(0.9643, device='cuda:0', grad_fn=<DivBackward0>)
Memory status after this epoch: 
Memory allocated:  221.39111328125
Memory cached:  414.0
	 epoch  10 training error:  tensor(0.4891, device='cuda:0', grad_fn=<DivBackward0>)
Memory status after this epoch: 
Memory allocated:  221.39111328125
Memory cached:  444.0
	 epoch  20 training error:  tensor(0.5159, device='cuda:0', grad_fn=<DivBackward0>)
Memory status after this epoch: 
Memory allocated:  221.39111328125
Memory cached:  436.0
	 epoch  30 training error:  tensor(0.4746, device='cuda:0', grad_fn=<DivBackward0>)
Memory status after this epoch: 
Memory allocated:  221.39111328125
Memory cached:  436.0
	 epoch  40 training error:  tensor(0.4843, device='cuda:0', grad_fn=<DivBackward0>)
Memory status after this epoch: 
Memory allocated:  221.39111328125
Memory cached:  438.0
	 epoch  50 training error:  tensor(0.4769, device='cuda:0', grad_fn=<DivBackward0>)
Memory status after this epoch: 
Memory allocated:  221.39111328125
Memory cached:  434.0
	 epoch  60 training error:  tensor(0.4778, device='cuda:0', grad_fn=<DivBackward0>)
Memory status after this epoch: 
Memory allocated:  221.39111328125
Memory cached:  438.0
	 epoch  70 training error:  tensor(0.4748, device='cuda:0', grad_fn=<DivBackward0>)
Memory status after this epoch: 
Memory allocated:  221.39111328125
Memory cached:  434.0
	 epoch  80 training error:  tensor(0.4218, device='cuda:0', grad_fn=<DivBackward0>)
Memory status after this epoch: 
Memory allocated:  221.39111328125
Memory cached:  436.0
	 epoch  90 training error:  tensor(0.3424, device='cuda:0', grad_fn=<DivBackward0>)
Memory status after this epoch: 
Memory allocated:  221.39111328125
Memory cached:  436.0
[I 2024-01-01 21:01:40,620] Trial 328 finished with value: 0.1786154806613922 and parameters: {'W_layers': 5, 'W_layer_units_exponent_0': 7, 'W_layer_units_exponent_1': 7, 'W_layer_units_exponent_2': 6, 'W_layer_units_exponent_3': 4, 'W_layer_units_exponent_4': 7, 'D_layers': 5, 'D_layer_units_exponent_0': 10, 'D_layer_units_exponent_1': 9, 'D_layer_units_exponent_2': 10, 'D_layer_units_exponent_3': 7, 'D_layer_units_exponent_4': 5, 'D_dagger_layers': 4, 'D_dagger_layer_units_exponent_0': 10, 'D_dagger_layer_units_exponent_1': 5, 'D_dagger_layer_units_exponent_2': 4, 'D_dagger_layer_units_exponent_3': 7, 'log_learning_rate': -2.045607262712378, 'log_learning_rate_D': -3.964046854520532, 'log_learning_rate_D_dagger': -2.745072773963072, 'training_batch_size': 8, 'training_p': 5}. Best is trial 220 with value: 0.11745021492242813.
Time for this trial:  196.96129059791565
Memory status after this trial: 
Memory allocated:  442.9326171875
Memory cached:  458.0
--------------------  Trial  329   --------------------
Start timing: 
Parameters: 
{'W_layers': 6, 'W_layer_units_exponent_0': 7, 'W_layer_units_exponent_1': 7, 'W_layer_units_exponent_2': 6, 'W_layer_units_exponent_3': 4, 'W_layer_units_exponent_4': 5, 'W_layer_units_exponent_5': 5, 'D_layers': 5, 'D_layer_units_exponent_0': 10, 'D_layer_units_exponent_1': 9, 'D_layer_units_exponent_2': 10, 'D_layer_units_exponent_3': 9, 'D_layer_units_exponent_4': 5, 'D_dagger_layers': 4, 'D_dagger_layer_units_exponent_0': 10, 'D_dagger_layer_units_exponent_1': 5, 'D_dagger_layer_units_exponent_2': 4, 'D_dagger_layer_units_exponent_3': 7, 'log_learning_rate': -1.9613932188597658, 'log_learning_rate_D': -4.244392490186747, 'log_learning_rate_D_dagger': -2.932236330917035, 'training_batch_size': 12, 'training_p': 5}
	 epoch  0 training error:  tensor(1.0952, device='cuda:0', grad_fn=<DivBackward0>)
Memory status after this epoch: 
Memory allocated:  227.57861328125
Memory cached:  428.0
	 epoch  10 training error:  tensor(0.4976, device='cuda:0', grad_fn=<DivBackward0>)
Memory status after this epoch: 
Memory allocated:  227.57861328125
Memory cached:  458.0
	 epoch  20 training error:  tensor(0.4773, device='cuda:0', grad_fn=<DivBackward0>)
Memory status after this epoch: 
Memory allocated:  227.57861328125
Memory cached:  468.0
	 epoch  30 training error:  tensor(0.4791, device='cuda:0', grad_fn=<DivBackward0>)
Memory status after this epoch: 
Memory allocated:  227.57861328125
Memory cached:  464.0
	 epoch  40 training error:  tensor(0.4701, device='cuda:0', grad_fn=<DivBackward0>)
Memory status after this epoch: 
Memory allocated:  227.57861328125
Memory cached:  456.0
	 epoch  50 training error:  tensor(0.4693, device='cuda:0', grad_fn=<DivBackward0>)
Memory status after this epoch: 
Memory allocated:  227.57861328125
Memory cached:  464.0
	 epoch  60 training error:  tensor(0.4518, device='cuda:0', grad_fn=<DivBackward0>)
Memory status after this epoch: 
Memory allocated:  227.57861328125
Memory cached:  464.0
	 epoch  70 training error:  tensor(0.4195, device='cuda:0', grad_fn=<DivBackward0>)
Memory status after this epoch: 
Memory allocated:  227.57861328125
Memory cached:  466.0
	 epoch  80 training error:  tensor(0.4103, device='cuda:0', grad_fn=<DivBackward0>)
Memory status after this epoch: 
Memory allocated:  227.57861328125
Memory cached:  452.0
	 epoch  90 training error:  tensor(0.3584, device='cuda:0', grad_fn=<DivBackward0>)
Memory status after this epoch: 
Memory allocated:  227.57861328125
Memory cached:  446.0
[I 2024-01-01 21:05:07,757] Trial 329 finished with value: 0.16685593128204346 and parameters: {'W_layers': 6, 'W_layer_units_exponent_0': 7, 'W_layer_units_exponent_1': 7, 'W_layer_units_exponent_2': 6, 'W_layer_units_exponent_3': 4, 'W_layer_units_exponent_4': 5, 'W_layer_units_exponent_5': 5, 'D_layers': 5, 'D_layer_units_exponent_0': 10, 'D_layer_units_exponent_1': 9, 'D_layer_units_exponent_2': 10, 'D_layer_units_exponent_3': 9, 'D_layer_units_exponent_4': 5, 'D_dagger_layers': 4, 'D_dagger_layer_units_exponent_0': 10, 'D_dagger_layer_units_exponent_1': 5, 'D_dagger_layer_units_exponent_2': 4, 'D_dagger_layer_units_exponent_3': 7, 'log_learning_rate': -1.9613932188597658, 'log_learning_rate_D': -4.244392490186747, 'log_learning_rate_D_dagger': -2.932236330917035, 'training_batch_size': 12, 'training_p': 5}. Best is trial 220 with value: 0.11745021492242813.
Time for this trial:  206.6085786819458
Memory status after this trial: 
Memory allocated:  463.6435546875
Memory cached:  474.0
--------------------  Trial  330   --------------------
Start timing: 
Parameters: 
{'W_layers': 5, 'W_layer_units_exponent_0': 7, 'W_layer_units_exponent_1': 7, 'W_layer_units_exponent_2': 6, 'W_layer_units_exponent_3': 4, 'W_layer_units_exponent_4': 5, 'D_layers': 6, 'D_layer_units_exponent_0': 10, 'D_layer_units_exponent_1': 9, 'D_layer_units_exponent_2': 9, 'D_layer_units_exponent_3': 5, 'D_layer_units_exponent_4': 5, 'D_layer_units_exponent_5': 6, 'D_dagger_layers': 4, 'D_dagger_layer_units_exponent_0': 10, 'D_dagger_layer_units_exponent_1': 5, 'D_dagger_layer_units_exponent_2': 4, 'D_dagger_layer_units_exponent_3': 7, 'log_learning_rate': -2.138594250542132, 'log_learning_rate_D': -3.865688812951126, 'log_learning_rate_D_dagger': -1.569595973533057, 'training_batch_size': 10, 'training_p': 5}
	 epoch  0 training error:  tensor(0.9781, device='cuda:0', grad_fn=<DivBackward0>)
Memory status after this epoch: 
Memory allocated:  215.59619140625
Memory cached:  410.0
	 epoch  10 training error:  tensor(1.2244, device='cuda:0', grad_fn=<DivBackward0>)
Memory status after this epoch: 
Memory allocated:  215.59619140625
Memory cached:  412.0
	 epoch  20 training error:  tensor(0.5343, device='cuda:0', grad_fn=<DivBackward0>)
Memory status after this epoch: 
Memory allocated:  215.59619140625
Memory cached:  430.0
	 epoch  30 training error:  tensor(0.4932, device='cuda:0', grad_fn=<DivBackward0>)
Memory status after this epoch: 
Memory allocated:  215.59619140625
Memory cached:  418.0
	 epoch  40 training error:  tensor(0.5016, device='cuda:0', grad_fn=<DivBackward0>)
Memory status after this epoch: 
Memory allocated:  215.59619140625
Memory cached:  428.0
	 epoch  50 training error:  tensor(0.4948, device='cuda:0', grad_fn=<DivBackward0>)
Memory status after this epoch: 
Memory allocated:  215.59619140625
Memory cached:  418.0
	 epoch  60 training error:  tensor(0.5101, device='cuda:0', grad_fn=<DivBackward0>)
Memory status after this epoch: 
Memory allocated:  215.59619140625
Memory cached:  420.0
	 epoch  70 training error:  tensor(0.4916, device='cuda:0', grad_fn=<DivBackward0>)
Memory status after this epoch: 
Memory allocated:  215.59619140625
Memory cached:  422.0
	 epoch  80 training error:  tensor(0.4852, device='cuda:0', grad_fn=<DivBackward0>)
Memory status after this epoch: 
Memory allocated:  215.59619140625
Memory cached:  410.0
	 epoch  90 training error:  tensor(0.4853, device='cuda:0', grad_fn=<DivBackward0>)
Memory status after this epoch: 
Memory allocated:  215.59619140625
Memory cached:  436.0
[I 2024-01-01 21:08:24,885] Trial 330 finished with value: 0.4175812304019928 and parameters: {'W_layers': 5, 'W_layer_units_exponent_0': 7, 'W_layer_units_exponent_1': 7, 'W_layer_units_exponent_2': 6, 'W_layer_units_exponent_3': 4, 'W_layer_units_exponent_4': 5, 'D_layers': 6, 'D_layer_units_exponent_0': 10, 'D_layer_units_exponent_1': 9, 'D_layer_units_exponent_2': 9, 'D_layer_units_exponent_3': 5, 'D_layer_units_exponent_4': 5, 'D_layer_units_exponent_5': 6, 'D_dagger_layers': 4, 'D_dagger_layer_units_exponent_0': 10, 'D_dagger_layer_units_exponent_1': 5, 'D_dagger_layer_units_exponent_2': 4, 'D_dagger_layer_units_exponent_3': 7, 'log_learning_rate': -2.138594250542132, 'log_learning_rate_D': -3.865688812951126, 'log_learning_rate_D_dagger': -1.569595973533057, 'training_batch_size': 10, 'training_p': 5}. Best is trial 220 with value: 0.11745021492242813.
Time for this trial:  196.63951230049133
Memory status after this trial: 
Memory allocated:  406.63671875
Memory cached:  426.0
--------------------  Trial  331   --------------------
Start timing: 
Parameters: 
{'W_layers': 5, 'W_layer_units_exponent_0': 7, 'W_layer_units_exponent_1': 7, 'W_layer_units_exponent_2': 6, 'W_layer_units_exponent_3': 4, 'W_layer_units_exponent_4': 5, 'D_layers': 5, 'D_layer_units_exponent_0': 10, 'D_layer_units_exponent_1': 9, 'D_layer_units_exponent_2': 10, 'D_layer_units_exponent_3': 7, 'D_layer_units_exponent_4': 5, 'D_dagger_layers': 4, 'D_dagger_layer_units_exponent_0': 10, 'D_dagger_layer_units_exponent_1': 5, 'D_dagger_layer_units_exponent_2': 4, 'D_dagger_layer_units_exponent_3': 6, 'log_learning_rate': -2.0041835583045158, 'log_learning_rate_D': -4.0594219300046115, 'log_learning_rate_D_dagger': -2.849929313794951, 'training_batch_size': 8, 'training_p': 5}
	 epoch  0 training error:  tensor(0.9996, device='cuda:0', grad_fn=<DivBackward0>)
Memory status after this epoch: 
Memory allocated:  221.35205078125
Memory cached:  404.0
	 epoch  10 training error:  tensor(0.5062, device='cuda:0', grad_fn=<DivBackward0>)
Memory status after this epoch: 
Memory allocated:  221.35205078125
Memory cached:  428.0
	 epoch  20 training error:  tensor(0.4860, device='cuda:0', grad_fn=<DivBackward0>)
Memory status after this epoch: 
Memory allocated:  221.35205078125
Memory cached:  440.0
	 epoch  30 training error:  tensor(0.4813, device='cuda:0', grad_fn=<DivBackward0>)
Memory status after this epoch: 
Memory allocated:  221.35205078125
Memory cached:  438.0
	 epoch  40 training error:  tensor(0.4779, device='cuda:0', grad_fn=<DivBackward0>)
Memory status after this epoch: 
Memory allocated:  221.35205078125
Memory cached:  434.0
	 epoch  50 training error:  tensor(0.4836, device='cuda:0', grad_fn=<DivBackward0>)
Memory status after this epoch: 
Memory allocated:  221.35205078125
Memory cached:  436.0
	 epoch  60 training error:  tensor(0.4712, device='cuda:0', grad_fn=<DivBackward0>)
Memory status after this epoch: 
Memory allocated:  221.35205078125
Memory cached:  438.0
	 epoch  70 training error:  tensor(0.4623, device='cuda:0', grad_fn=<DivBackward0>)
Memory status after this epoch: 
Memory allocated:  221.35205078125
Memory cached:  440.0
	 epoch  80 training error:  tensor(0.4368, device='cuda:0', grad_fn=<DivBackward0>)
Memory status after this epoch: 
Memory allocated:  221.35205078125
Memory cached:  428.0
	 epoch  90 training error:  tensor(0.4176, device='cuda:0', grad_fn=<DivBackward0>)
Memory status after this epoch: 
Memory allocated:  221.35205078125
Memory cached:  434.0
[I 2024-01-01 21:11:41,952] Trial 331 finished with value: 0.27515044808387756 and parameters: {'W_layers': 5, 'W_layer_units_exponent_0': 7, 'W_layer_units_exponent_1': 7, 'W_layer_units_exponent_2': 6, 'W_layer_units_exponent_3': 4, 'W_layer_units_exponent_4': 5, 'D_layers': 5, 'D_layer_units_exponent_0': 10, 'D_layer_units_exponent_1': 9, 'D_layer_units_exponent_2': 10, 'D_layer_units_exponent_3': 7, 'D_layer_units_exponent_4': 5, 'D_dagger_layers': 4, 'D_dagger_layer_units_exponent_0': 10, 'D_dagger_layer_units_exponent_1': 5, 'D_dagger_layer_units_exponent_2': 4, 'D_dagger_layer_units_exponent_3': 6, 'log_learning_rate': -2.0041835583045158, 'log_learning_rate_D': -4.0594219300046115, 'log_learning_rate_D_dagger': -2.849929313794951, 'training_batch_size': 8, 'training_p': 5}. Best is trial 220 with value: 0.11745021492242813.
Time for this trial:  196.53317832946777
Memory status after this trial: 
Memory allocated:  435.5888671875
Memory cached:  450.0
--------------------  Trial  332   --------------------
Start timing: 
Parameters: 
{'W_layers': 5, 'W_layer_units_exponent_0': 7, 'W_layer_units_exponent_1': 8, 'W_layer_units_exponent_2': 6, 'W_layer_units_exponent_3': 4, 'W_layer_units_exponent_4': 5, 'D_layers': 5, 'D_layer_units_exponent_0': 10, 'D_layer_units_exponent_1': 9, 'D_layer_units_exponent_2': 10, 'D_layer_units_exponent_3': 9, 'D_layer_units_exponent_4': 5, 'D_dagger_layers': 4, 'D_dagger_layer_units_exponent_0': 10, 'D_dagger_layer_units_exponent_1': 5, 'D_dagger_layer_units_exponent_2': 5, 'D_dagger_layer_units_exponent_3': 6, 'log_learning_rate': -2.1247664432556777, 'log_learning_rate_D': -4.178658866909672, 'log_learning_rate_D_dagger': -3.500453747531662, 'training_batch_size': 9, 'training_p': 5}
	 epoch  0 training error:  tensor(0.9816, device='cuda:0', grad_fn=<DivBackward0>)
Memory status after this epoch: 
Memory allocated:  227.94580078125
Memory cached:  428.0
	 epoch  10 training error:  tensor(0.5211, device='cuda:0', grad_fn=<DivBackward0>)
Memory status after this epoch: 
Memory allocated:  227.94580078125
Memory cached:  470.0
	 epoch  20 training error:  tensor(0.4885, device='cuda:0', grad_fn=<DivBackward0>)
Memory status after this epoch: 
Memory allocated:  227.94580078125
Memory cached:  456.0
	 epoch  30 training error:  tensor(0.4763, device='cuda:0', grad_fn=<DivBackward0>)
Memory status after this epoch: 
Memory allocated:  227.94580078125
Memory cached:  452.0
	 epoch  40 training error:  tensor(0.4758, device='cuda:0', grad_fn=<DivBackward0>)
Memory status after this epoch: 
Memory allocated:  227.94580078125
Memory cached:  452.0
	 epoch  50 training error:  tensor(0.4757, device='cuda:0', grad_fn=<DivBackward0>)
Memory status after this epoch: 
Memory allocated:  227.94580078125
Memory cached:  456.0
	 epoch  60 training error:  tensor(0.4732, device='cuda:0', grad_fn=<DivBackward0>)
Memory status after this epoch: 
Memory allocated:  227.94580078125
Memory cached:  466.0
	 epoch  70 training error:  tensor(0.4735, device='cuda:0', grad_fn=<DivBackward0>)
Memory status after this epoch: 
Memory allocated:  227.94580078125
Memory cached:  450.0
	 epoch  80 training error:  tensor(0.4687, device='cuda:0', grad_fn=<DivBackward0>)
Memory status after this epoch: 
Memory allocated:  227.94580078125
Memory cached:  462.0
	 epoch  90 training error:  tensor(0.4686, device='cuda:0', grad_fn=<DivBackward0>)
Memory status after this epoch: 
Memory allocated:  227.94580078125
Memory cached:  466.0
[I 2024-01-01 21:15:03,458] Trial 332 finished with value: 0.3715399205684662 and parameters: {'W_layers': 5, 'W_layer_units_exponent_0': 7, 'W_layer_units_exponent_1': 8, 'W_layer_units_exponent_2': 6, 'W_layer_units_exponent_3': 4, 'W_layer_units_exponent_4': 5, 'D_layers': 5, 'D_layer_units_exponent_0': 10, 'D_layer_units_exponent_1': 9, 'D_layer_units_exponent_2': 10, 'D_layer_units_exponent_3': 9, 'D_layer_units_exponent_4': 5, 'D_dagger_layers': 4, 'D_dagger_layer_units_exponent_0': 10, 'D_dagger_layer_units_exponent_1': 5, 'D_dagger_layer_units_exponent_2': 5, 'D_dagger_layer_units_exponent_3': 6, 'log_learning_rate': -2.1247664432556777, 'log_learning_rate_D': -4.178658866909672, 'log_learning_rate_D_dagger': -3.500453747531662, 'training_batch_size': 9, 'training_p': 5}. Best is trial 220 with value: 0.11745021492242813.
Time for this trial:  200.9928674697876
Memory status after this trial: 
Memory allocated:  466.7080078125
Memory cached:  476.0
--------------------  Trial  333   --------------------
Start timing: 
Parameters: 
{'W_layers': 5, 'W_layer_units_exponent_0': 7, 'W_layer_units_exponent_1': 6, 'W_layer_units_exponent_2': 6, 'W_layer_units_exponent_3': 4, 'W_layer_units_exponent_4': 5, 'D_layers': 5, 'D_layer_units_exponent_0': 10, 'D_layer_units_exponent_1': 9, 'D_layer_units_exponent_2': 10, 'D_layer_units_exponent_3': 10, 'D_layer_units_exponent_4': 5, 'D_dagger_layers': 4, 'D_dagger_layer_units_exponent_0': 10, 'D_dagger_layer_units_exponent_1': 5, 'D_dagger_layer_units_exponent_2': 5, 'D_dagger_layer_units_exponent_3': 7, 'log_learning_rate': -1.8833859751137223, 'log_learning_rate_D': -3.6973896030041233, 'log_learning_rate_D_dagger': -3.6539418868426883, 'training_batch_size': 8, 'training_p': 5}
	 epoch  0 training error:  tensor(0.9915, device='cuda:0', grad_fn=<DivBackward0>)
Memory status after this epoch: 
Memory allocated:  235.67041015625
Memory cached:  428.0
	 epoch  10 training error:  tensor(0.5747, device='cuda:0', grad_fn=<DivBackward0>)
Memory status after this epoch: 
Memory allocated:  235.67041015625
Memory cached:  466.0
	 epoch  20 training error:  tensor(0.5146, device='cuda:0', grad_fn=<DivBackward0>)
Memory status after this epoch: 
Memory allocated:  235.67041015625
Memory cached:  456.0
	 epoch  30 training error:  tensor(0.5057, device='cuda:0', grad_fn=<DivBackward0>)
Memory status after this epoch: 
Memory allocated:  235.67041015625
Memory cached:  470.0
	 epoch  40 training error:  tensor(0.4832, device='cuda:0', grad_fn=<DivBackward0>)
Memory status after this epoch: 
Memory allocated:  235.67041015625
Memory cached:  470.0
	 epoch  50 training error:  tensor(0.4765, device='cuda:0', grad_fn=<DivBackward0>)
Memory status after this epoch: 
Memory allocated:  235.67041015625
Memory cached:  468.0
	 epoch  60 training error:  tensor(0.4796, device='cuda:0', grad_fn=<DivBackward0>)
Memory status after this epoch: 
Memory allocated:  235.67041015625
Memory cached:  472.0
	 epoch  70 training error:  tensor(0.4720, device='cuda:0', grad_fn=<DivBackward0>)
Memory status after this epoch: 
Memory allocated:  235.67041015625
Memory cached:  470.0
	 epoch  80 training error:  tensor(0.4716, device='cuda:0', grad_fn=<DivBackward0>)
Memory status after this epoch: 
Memory allocated:  235.67041015625
Memory cached:  464.0
	 epoch  90 training error:  tensor(0.4682, device='cuda:0', grad_fn=<DivBackward0>)
Memory status after this epoch: 
Memory allocated:  235.67041015625
Memory cached:  454.0
