[I 2024-01-24 17:41:33,744] Trial 263 finished with value: 0.09473153948783875 and parameters: {'W_layers': 7, 'W_layer_units_exponent_0': 5, 'W_layer_units_exponent_1': 5, 'W_layer_units_exponent_2': 7, 'W_layer_units_exponent_3': 10, 'W_layer_units_exponent_4': 7, 'W_layer_units_exponent_5': 4, 'W_layer_units_exponent_6': 10, 'D_layers': 8, 'D_layer_units_exponent_0': 7, 'D_layer_units_exponent_1': 9, 'D_layer_units_exponent_2': 4, 'D_layer_units_exponent_3': 10, 'D_layer_units_exponent_4': 5, 'D_layer_units_exponent_5': 5, 'D_layer_units_exponent_6': 10, 'D_layer_units_exponent_7': 8, 'D_dagger_layers': 4, 'D_dagger_layer_units_exponent_0': 9, 'D_dagger_layer_units_exponent_1': 10, 'D_dagger_layer_units_exponent_2': 5, 'D_dagger_layer_units_exponent_3': 9, 'log_learning_rate': -3.0961299115400807, 'log_learning_rate_D': -4.2502099312125905, 'log_learning_rate_D_dagger': -3.5460890794830155, 'training_batch_size': 6, 'training_p': 5}. Best is trial 263 with value: 0.09473153948783875.
res:  tensor(0.0947, device='cuda:0', grad_fn=<DivBackward0>)
self.bestValue:  tensor(0.0954, device='cuda:0', grad_fn=<DivBackward0>)
Save this model!
Time for this trial:  629.287486076355
Memory status after this trial: 
Memory allocated:  779.67236328125
Memory cached:  1148.0
--------------------  Trial  264   --------------------
Start timing: 
Parameters: 
{'W_layers': 7, 'W_layer_units_exponent_0': 5, 'W_layer_units_exponent_1': 5, 'W_layer_units_exponent_2': 7, 'W_layer_units_exponent_3': 10, 'W_layer_units_exponent_4': 7, 'W_layer_units_exponent_5': 4, 'W_layer_units_exponent_6': 10, 'D_layers': 8, 'D_layer_units_exponent_0': 7, 'D_layer_units_exponent_1': 9, 'D_layer_units_exponent_2': 4, 'D_layer_units_exponent_3': 10, 'D_layer_units_exponent_4': 5, 'D_layer_units_exponent_5': 5, 'D_layer_units_exponent_6': 10, 'D_layer_units_exponent_7': 8, 'D_dagger_layers': 4, 'D_dagger_layer_units_exponent_0': 9, 'D_dagger_layer_units_exponent_1': 10, 'D_dagger_layer_units_exponent_2': 5, 'D_dagger_layer_units_exponent_3': 9, 'log_learning_rate': -3.027974698351272, 'log_learning_rate_D': -4.291814912438657, 'log_learning_rate_D_dagger': -3.550969411728592, 'training_batch_size': 6, 'training_p': 5}
	 epoch  0 training error:  tensor(0.7921, device='cuda:0', grad_fn=<DivBackward0>)
Memory status after this epoch: 
Memory allocated:  799.35791015625
Memory cached:  1182.0
	 epoch  10 training error:  tensor(0.3488, device='cuda:0', grad_fn=<DivBackward0>)
Memory status after this epoch: 
Memory allocated:  799.35791015625
Memory cached:  1244.0
	 epoch  20 training error:  tensor(0.3280, device='cuda:0', grad_fn=<DivBackward0>)
Memory status after this epoch: 
Memory allocated:  799.35791015625
Memory cached:  1256.0
	 epoch  30 training error:  tensor(0.3236, device='cuda:0', grad_fn=<DivBackward0>)
Memory status after this epoch: 
Memory allocated:  799.35791015625
Memory cached:  1246.0
	 epoch  40 training error:  tensor(0.3118, device='cuda:0', grad_fn=<DivBackward0>)
Memory status after this epoch: 
Memory allocated:  799.35791015625
Memory cached:  1248.0
	 epoch  50 training error:  tensor(0.3069, device='cuda:0', grad_fn=<DivBackward0>)
Memory status after this epoch: 
Memory allocated:  799.35791015625
Memory cached:  1252.0
	 epoch  60 training error:  tensor(0.2997, device='cuda:0', grad_fn=<DivBackward0>)
Memory status after this epoch: 
Memory allocated:  799.35791015625
Memory cached:  1254.0
	 epoch  70 training error:  tensor(0.2906, device='cuda:0', grad_fn=<DivBackward0>)
Memory status after this epoch: 
Memory allocated:  799.35791015625
Memory cached:  1248.0
	 epoch  80 training error:  tensor(0.2941, device='cuda:0', grad_fn=<DivBackward0>)
Memory status after this epoch: 
Memory allocated:  799.35791015625
Memory cached:  1248.0
	 epoch  90 training error:  tensor(0.2911, device='cuda:0', grad_fn=<DivBackward0>)
Memory status after this epoch: 
Memory allocated:  799.35791015625
Memory cached:  1258.0
[I 2024-01-24 17:51:58,673] Trial 264 finished with value: 0.13584212958812714 and parameters: {'W_layers': 7, 'W_layer_units_exponent_0': 5, 'W_layer_units_exponent_1': 5, 'W_layer_units_exponent_2': 7, 'W_layer_units_exponent_3': 10, 'W_layer_units_exponent_4': 7, 'W_layer_units_exponent_5': 4, 'W_layer_units_exponent_6': 10, 'D_layers': 8, 'D_layer_units_exponent_0': 7, 'D_layer_units_exponent_1': 9, 'D_layer_units_exponent_2': 4, 'D_layer_units_exponent_3': 10, 'D_layer_units_exponent_4': 5, 'D_layer_units_exponent_5': 5, 'D_layer_units_exponent_6': 10, 'D_layer_units_exponent_7': 8, 'D_dagger_layers': 4, 'D_dagger_layer_units_exponent_0': 9, 'D_dagger_layer_units_exponent_1': 10, 'D_dagger_layer_units_exponent_2': 5, 'D_dagger_layer_units_exponent_3': 9, 'log_learning_rate': -3.027974698351272, 'log_learning_rate_D': -4.291814912438657, 'log_learning_rate_D_dagger': -3.550969411728592, 'training_batch_size': 6, 'training_p': 5}. Best is trial 263 with value: 0.09473153948783875.
Time for this trial:  624.3924472332001
Memory status after this trial: 
Memory allocated:  1559.1337890625
Memory cached:  1578.0
--------------------  Trial  265   --------------------
Start timing: 
Parameters: 
{'W_layers': 7, 'W_layer_units_exponent_0': 5, 'W_layer_units_exponent_1': 5, 'W_layer_units_exponent_2': 7, 'W_layer_units_exponent_3': 10, 'W_layer_units_exponent_4': 7, 'W_layer_units_exponent_5': 4, 'W_layer_units_exponent_6': 10, 'D_layers': 8, 'D_layer_units_exponent_0': 7, 'D_layer_units_exponent_1': 9, 'D_layer_units_exponent_2': 4, 'D_layer_units_exponent_3': 10, 'D_layer_units_exponent_4': 5, 'D_layer_units_exponent_5': 5, 'D_layer_units_exponent_6': 10, 'D_layer_units_exponent_7': 8, 'D_dagger_layers': 4, 'D_dagger_layer_units_exponent_0': 9, 'D_dagger_layer_units_exponent_1': 10, 'D_dagger_layer_units_exponent_2': 5, 'D_dagger_layer_units_exponent_3': 9, 'log_learning_rate': -3.368676860535746, 'log_learning_rate_D': -4.283297670560419, 'log_learning_rate_D_dagger': -3.4410755406212075, 'training_batch_size': 6, 'training_p': 5}
	 epoch  0 training error:  tensor(0.7028, device='cuda:0', grad_fn=<DivBackward0>)
Memory status after this epoch: 
Memory allocated:  799.35791015625
Memory cached:  1188.0
	 epoch  10 training error:  tensor(0.3381, device='cuda:0', grad_fn=<DivBackward0>)
Memory status after this epoch: 
Memory allocated:  799.35791015625
Memory cached:  1250.0
	 epoch  20 training error:  tensor(0.3177, device='cuda:0', grad_fn=<DivBackward0>)
Memory status after this epoch: 
Memory allocated:  799.35791015625
Memory cached:  1252.0
	 epoch  30 training error:  tensor(0.3118, device='cuda:0', grad_fn=<DivBackward0>)
Memory status after this epoch: 
Memory allocated:  799.35791015625
Memory cached:  1246.0
	 epoch  40 training error:  tensor(0.3056, device='cuda:0', grad_fn=<DivBackward0>)
Memory status after this epoch: 
Memory allocated:  799.35791015625
Memory cached:  1250.0
	 epoch  50 training error:  tensor(0.2923, device='cuda:0', grad_fn=<DivBackward0>)
Memory status after this epoch: 
Memory allocated:  799.35791015625
Memory cached:  1252.0
	 epoch  60 training error:  tensor(0.2417, device='cuda:0', grad_fn=<DivBackward0>)
Memory status after this epoch: 
Memory allocated:  799.35791015625
Memory cached:  1250.0
	 epoch  70 training error:  tensor(0.2160, device='cuda:0', grad_fn=<DivBackward0>)
Memory status after this epoch: 
Memory allocated:  799.35791015625
Memory cached:  1252.0
	 epoch  80 training error:  tensor(0.1740, device='cuda:0', grad_fn=<DivBackward0>)
Memory status after this epoch: 
Memory allocated:  799.35791015625
Memory cached:  1252.0
	 epoch  90 training error:  tensor(0.1982, device='cuda:0', grad_fn=<DivBackward0>)
Memory status after this epoch: 
Memory allocated:  799.35791015625
Memory cached:  1254.0
[I 2024-01-24 18:02:23,183] Trial 265 finished with value: 0.09173846244812012 and parameters: {'W_layers': 7, 'W_layer_units_exponent_0': 5, 'W_layer_units_exponent_1': 5, 'W_layer_units_exponent_2': 7, 'W_layer_units_exponent_3': 10, 'W_layer_units_exponent_4': 7, 'W_layer_units_exponent_5': 4, 'W_layer_units_exponent_6': 10, 'D_layers': 8, 'D_layer_units_exponent_0': 7, 'D_layer_units_exponent_1': 9, 'D_layer_units_exponent_2': 4, 'D_layer_units_exponent_3': 10, 'D_layer_units_exponent_4': 5, 'D_layer_units_exponent_5': 5, 'D_layer_units_exponent_6': 10, 'D_layer_units_exponent_7': 8, 'D_dagger_layers': 4, 'D_dagger_layer_units_exponent_0': 9, 'D_dagger_layer_units_exponent_1': 10, 'D_dagger_layer_units_exponent_2': 5, 'D_dagger_layer_units_exponent_3': 9, 'log_learning_rate': -3.368676860535746, 'log_learning_rate_D': -4.283297670560419, 'log_learning_rate_D_dagger': -3.4410755406212075, 'training_batch_size': 6, 'training_p': 5}. Best is trial 265 with value: 0.09173846244812012.
res:  tensor(0.0917, device='cuda:0', grad_fn=<DivBackward0>)
self.bestValue:  tensor(0.0947, device='cuda:0', grad_fn=<DivBackward0>)
Save this model!
Time for this trial:  623.9329264163971
Memory status after this trial: 
Memory allocated:  779.67236328125
Memory cached:  1136.0
--------------------  Trial  266   --------------------
Start timing: 
Parameters: 
{'W_layers': 7, 'W_layer_units_exponent_0': 5, 'W_layer_units_exponent_1': 5, 'W_layer_units_exponent_2': 7, 'W_layer_units_exponent_3': 10, 'W_layer_units_exponent_4': 7, 'W_layer_units_exponent_5': 4, 'W_layer_units_exponent_6': 10, 'D_layers': 8, 'D_layer_units_exponent_0': 7, 'D_layer_units_exponent_1': 9, 'D_layer_units_exponent_2': 4, 'D_layer_units_exponent_3': 10, 'D_layer_units_exponent_4': 5, 'D_layer_units_exponent_5': 5, 'D_layer_units_exponent_6': 10, 'D_layer_units_exponent_7': 8, 'D_dagger_layers': 4, 'D_dagger_layer_units_exponent_0': 9, 'D_dagger_layer_units_exponent_1': 10, 'D_dagger_layer_units_exponent_2': 5, 'D_dagger_layer_units_exponent_3': 9, 'log_learning_rate': -3.061831820763062, 'log_learning_rate_D': -4.2516411186398795, 'log_learning_rate_D_dagger': -3.455574601112979, 'training_batch_size': 6, 'training_p': 5}
	 epoch  0 training error:  tensor(0.7768, device='cuda:0', grad_fn=<DivBackward0>)
Memory status after this epoch: 
Memory allocated:  799.35791015625
Memory cached:  1118.0
	 epoch  10 training error:  tensor(0.3395, device='cuda:0', grad_fn=<DivBackward0>)
Memory status after this epoch: 
Memory allocated:  799.35791015625
Memory cached:  1150.0
	 epoch  20 training error:  tensor(0.3132, device='cuda:0', grad_fn=<DivBackward0>)
Memory status after this epoch: 
Memory allocated:  799.35791015625
Memory cached:  1152.0
	 epoch  30 training error:  tensor(0.3090, device='cuda:0', grad_fn=<DivBackward0>)
Memory status after this epoch: 
Memory allocated:  799.35791015625
Memory cached:  1140.0
	 epoch  40 training error:  tensor(0.2927, device='cuda:0', grad_fn=<DivBackward0>)
Memory status after this epoch: 
Memory allocated:  799.35791015625
Memory cached:  1148.0
	 epoch  50 training error:  tensor(0.2994, device='cuda:0', grad_fn=<DivBackward0>)
Memory status after this epoch: 
Memory allocated:  799.35791015625
Memory cached:  1148.0
	 epoch  60 training error:  tensor(0.2859, device='cuda:0', grad_fn=<DivBackward0>)
Memory status after this epoch: 
Memory allocated:  799.35791015625
Memory cached:  1146.0
	 epoch  70 training error:  tensor(0.2239, device='cuda:0', grad_fn=<DivBackward0>)
Memory status after this epoch: 
Memory allocated:  799.35791015625
Memory cached:  1146.0
	 epoch  80 training error:  tensor(0.2093, device='cuda:0', grad_fn=<DivBackward0>)
Memory status after this epoch: 
Memory allocated:  799.35791015625
Memory cached:  1150.0
	 epoch  90 training error:  tensor(0.1885, device='cuda:0', grad_fn=<DivBackward0>)
Memory status after this epoch: 
Memory allocated:  799.35791015625
Memory cached:  1146.0
[I 2024-01-24 18:12:52,361] Trial 266 finished with value: 0.12801913917064667 and parameters: {'W_layers': 7, 'W_layer_units_exponent_0': 5, 'W_layer_units_exponent_1': 5, 'W_layer_units_exponent_2': 7, 'W_layer_units_exponent_3': 10, 'W_layer_units_exponent_4': 7, 'W_layer_units_exponent_5': 4, 'W_layer_units_exponent_6': 10, 'D_layers': 8, 'D_layer_units_exponent_0': 7, 'D_layer_units_exponent_1': 9, 'D_layer_units_exponent_2': 4, 'D_layer_units_exponent_3': 10, 'D_layer_units_exponent_4': 5, 'D_layer_units_exponent_5': 5, 'D_layer_units_exponent_6': 10, 'D_layer_units_exponent_7': 8, 'D_dagger_layers': 4, 'D_dagger_layer_units_exponent_0': 9, 'D_dagger_layer_units_exponent_1': 10, 'D_dagger_layer_units_exponent_2': 5, 'D_dagger_layer_units_exponent_3': 9, 'log_learning_rate': -3.061831820763062, 'log_learning_rate_D': -4.2516411186398795, 'log_learning_rate_D_dagger': -3.455574601112979, 'training_batch_size': 6, 'training_p': 5}. Best is trial 265 with value: 0.09173846244812012.
Time for this trial:  628.6261885166168
Memory status after this trial: 
Memory allocated:  1559.1337890625
Memory cached:  1578.0
--------------------  Trial  267   --------------------
Start timing: 
Parameters: 
{'W_layers': 7, 'W_layer_units_exponent_0': 5, 'W_layer_units_exponent_1': 5, 'W_layer_units_exponent_2': 7, 'W_layer_units_exponent_3': 10, 'W_layer_units_exponent_4': 7, 'W_layer_units_exponent_5': 4, 'W_layer_units_exponent_6': 10, 'D_layers': 8, 'D_layer_units_exponent_0': 7, 'D_layer_units_exponent_1': 9, 'D_layer_units_exponent_2': 4, 'D_layer_units_exponent_3': 10, 'D_layer_units_exponent_4': 5, 'D_layer_units_exponent_5': 5, 'D_layer_units_exponent_6': 10, 'D_layer_units_exponent_7': 8, 'D_dagger_layers': 4, 'D_dagger_layer_units_exponent_0': 9, 'D_dagger_layer_units_exponent_1': 10, 'D_dagger_layer_units_exponent_2': 5, 'D_dagger_layer_units_exponent_3': 9, 'log_learning_rate': -3.184970447693127, 'log_learning_rate_D': -4.26364895051648, 'log_learning_rate_D_dagger': -3.5535883677613955, 'training_batch_size': 6, 'training_p': 5}
	 epoch  0 training error:  tensor(0.7139, device='cuda:0', grad_fn=<DivBackward0>)
Memory status after this epoch: 
Memory allocated:  799.35791015625
Memory cached:  1134.0
	 epoch  10 training error:  tensor(0.3365, device='cuda:0', grad_fn=<DivBackward0>)
Memory status after this epoch: 
Memory allocated:  799.35791015625
Memory cached:  1144.0
	 epoch  20 training error:  tensor(0.3305, device='cuda:0', grad_fn=<DivBackward0>)
Memory status after this epoch: 
Memory allocated:  799.35791015625
Memory cached:  1140.0
	 epoch  30 training error:  tensor(0.3179, device='cuda:0', grad_fn=<DivBackward0>)
Memory status after this epoch: 
Memory allocated:  799.35791015625
Memory cached:  1148.0
	 epoch  40 training error:  tensor(0.3157, device='cuda:0', grad_fn=<DivBackward0>)
Memory status after this epoch: 
Memory allocated:  799.35791015625
Memory cached:  1148.0
	 epoch  50 training error:  tensor(0.3009, device='cuda:0', grad_fn=<DivBackward0>)
Memory status after this epoch: 
Memory allocated:  799.35791015625
Memory cached:  1150.0
	 epoch  60 training error:  tensor(0.2970, device='cuda:0', grad_fn=<DivBackward0>)
Memory status after this epoch: 
Memory allocated:  799.35791015625
Memory cached:  1144.0
	 epoch  70 training error:  tensor(0.2887, device='cuda:0', grad_fn=<DivBackward0>)
Memory status after this epoch: 
Memory allocated:  799.35791015625
Memory cached:  1154.0
	 epoch  80 training error:  tensor(0.1915, device='cuda:0', grad_fn=<DivBackward0>)
Memory status after this epoch: 
Memory allocated:  799.35791015625
Memory cached:  1150.0
	 epoch  90 training error:  tensor(0.1805, device='cuda:0', grad_fn=<DivBackward0>)
Memory status after this epoch: 
Memory allocated:  799.35791015625
Memory cached:  1150.0
[I 2024-01-24 18:23:20,798] Trial 267 finished with value: 0.11728942394256592 and parameters: {'W_layers': 7, 'W_layer_units_exponent_0': 5, 'W_layer_units_exponent_1': 5, 'W_layer_units_exponent_2': 7, 'W_layer_units_exponent_3': 10, 'W_layer_units_exponent_4': 7, 'W_layer_units_exponent_5': 4, 'W_layer_units_exponent_6': 10, 'D_layers': 8, 'D_layer_units_exponent_0': 7, 'D_layer_units_exponent_1': 9, 'D_layer_units_exponent_2': 4, 'D_layer_units_exponent_3': 10, 'D_layer_units_exponent_4': 5, 'D_layer_units_exponent_5': 5, 'D_layer_units_exponent_6': 10, 'D_layer_units_exponent_7': 8, 'D_dagger_layers': 4, 'D_dagger_layer_units_exponent_0': 9, 'D_dagger_layer_units_exponent_1': 10, 'D_dagger_layer_units_exponent_2': 5, 'D_dagger_layer_units_exponent_3': 9, 'log_learning_rate': -3.184970447693127, 'log_learning_rate_D': -4.26364895051648, 'log_learning_rate_D_dagger': -3.5535883677613955, 'training_batch_size': 6, 'training_p': 5}. Best is trial 265 with value: 0.09173846244812012.
Time for this trial:  627.7174706459045
Memory status after this trial: 
Memory allocated:  1559.1337890625
Memory cached:  1578.0
--------------------  Trial  268   --------------------
Start timing: 
Parameters: 
{'W_layers': 7, 'W_layer_units_exponent_0': 5, 'W_layer_units_exponent_1': 5, 'W_layer_units_exponent_2': 7, 'W_layer_units_exponent_3': 10, 'W_layer_units_exponent_4': 7, 'W_layer_units_exponent_5': 4, 'W_layer_units_exponent_6': 10, 'D_layers': 8, 'D_layer_units_exponent_0': 7, 'D_layer_units_exponent_1': 9, 'D_layer_units_exponent_2': 4, 'D_layer_units_exponent_3': 10, 'D_layer_units_exponent_4': 5, 'D_layer_units_exponent_5': 5, 'D_layer_units_exponent_6': 10, 'D_layer_units_exponent_7': 8, 'D_dagger_layers': 4, 'D_dagger_layer_units_exponent_0': 9, 'D_dagger_layer_units_exponent_1': 10, 'D_dagger_layer_units_exponent_2': 5, 'D_dagger_layer_units_exponent_3': 9, 'log_learning_rate': -3.216024443452587, 'log_learning_rate_D': -4.146131022760258, 'log_learning_rate_D_dagger': -3.5462742801104694, 'training_batch_size': 6, 'training_p': 5}
	 epoch  0 training error:  tensor(0.7077, device='cuda:0', grad_fn=<DivBackward0>)
Memory status after this epoch: 
Memory allocated:  799.35791015625
Memory cached:  1128.0
	 epoch  10 training error:  tensor(0.3375, device='cuda:0', grad_fn=<DivBackward0>)
Memory status after this epoch: 
Memory allocated:  799.35791015625
Memory cached:  1150.0
	 epoch  20 training error:  tensor(0.3240, device='cuda:0', grad_fn=<DivBackward0>)
Memory status after this epoch: 
Memory allocated:  799.35791015625
Memory cached:  1150.0
	 epoch  30 training error:  tensor(0.3132, device='cuda:0', grad_fn=<DivBackward0>)
Memory status after this epoch: 
Memory allocated:  799.35791015625
Memory cached:  1152.0
	 epoch  40 training error:  tensor(0.3060, device='cuda:0', grad_fn=<DivBackward0>)
Memory status after this epoch: 
Memory allocated:  799.35791015625
Memory cached:  1148.0
	 epoch  50 training error:  tensor(0.2911, device='cuda:0', grad_fn=<DivBackward0>)
Memory status after this epoch: 
Memory allocated:  799.35791015625
Memory cached:  1148.0
	 epoch  60 training error:  tensor(0.2115, device='cuda:0', grad_fn=<DivBackward0>)
Memory status after this epoch: 
Memory allocated:  799.35791015625
Memory cached:  1146.0
	 epoch  70 training error:  tensor(0.1818, device='cuda:0', grad_fn=<DivBackward0>)
Memory status after this epoch: 
Memory allocated:  799.35791015625
Memory cached:  1146.0
	 epoch  80 training error:  tensor(0.1728, device='cuda:0', grad_fn=<DivBackward0>)
Memory status after this epoch: 
Memory allocated:  799.35791015625
Memory cached:  1146.0
	 epoch  90 training error:  tensor(0.1804, device='cuda:0', grad_fn=<DivBackward0>)
Memory status after this epoch: 
Memory allocated:  799.35791015625
Memory cached:  1158.0
