[I 2024-01-03 16:21:28,916] Trial 37 finished with value: 0.30811071395874023 and parameters: {'W_layers': 6, 'W_layer_units_exponent_0': 10, 'W_layer_units_exponent_1': 7, 'W_layer_units_exponent_2': 10, 'W_layer_units_exponent_3': 4, 'W_layer_units_exponent_4': 6, 'W_layer_units_exponent_5': 4, 'D_layers': 7, 'D_layer_units_exponent_0': 9, 'D_layer_units_exponent_1': 4, 'D_layer_units_exponent_2': 10, 'D_layer_units_exponent_3': 4, 'D_layer_units_exponent_4': 7, 'D_layer_units_exponent_5': 6, 'D_layer_units_exponent_6': 5, 'D_dagger_layers': 6, 'D_dagger_layer_units_exponent_0': 9, 'D_dagger_layer_units_exponent_1': 9, 'D_dagger_layer_units_exponent_2': 5, 'D_dagger_layer_units_exponent_3': 4, 'D_dagger_layer_units_exponent_4': 9, 'D_dagger_layer_units_exponent_5': 8, 'log_learning_rate': -2.7734174890474996, 'log_learning_rate_D': -2.8546887059144788, 'log_learning_rate_D_dagger': -2.3278030184555307, 'training_batch_size': 10, 'training_p': 2}. Best is trial 32 with value: 0.23074054718017578.
Time for this trial:  247.67760133743286
Memory status after this trial: 
Memory allocated:  597.015625
Memory cached:  604.0
--------------------  Trial  38   --------------------
Start timing: 
Parameters: 
{'W_layers': 5, 'W_layer_units_exponent_0': 9, 'W_layer_units_exponent_1': 6, 'W_layer_units_exponent_2': 8, 'W_layer_units_exponent_3': 4, 'W_layer_units_exponent_4': 8, 'D_layers': 6, 'D_layer_units_exponent_0': 10, 'D_layer_units_exponent_1': 5, 'D_layer_units_exponent_2': 10, 'D_layer_units_exponent_3': 5, 'D_layer_units_exponent_4': 7, 'D_layer_units_exponent_5': 8, 'D_dagger_layers': 5, 'D_dagger_layer_units_exponent_0': 10, 'D_dagger_layer_units_exponent_1': 10, 'D_dagger_layer_units_exponent_2': 4, 'D_dagger_layer_units_exponent_3': 5, 'D_dagger_layer_units_exponent_4': 8, 'log_learning_rate': -3.647556280157107, 'log_learning_rate_D': -3.363086351023344, 'log_learning_rate_D_dagger': -3.454268074789038, 'training_batch_size': 11, 'training_p': 4}
	 epoch  0 training error:  tensor(0.9794, device='cuda:0', grad_fn=<DivBackward0>)
Memory status after this epoch: 
Memory allocated:  297.60595703125
Memory cached:  552.0
	 epoch  10 training error:  tensor(0.4689, device='cuda:0', grad_fn=<DivBackward0>)
Memory status after this epoch: 
Memory allocated:  297.60595703125
Memory cached:  610.0
	 epoch  20 training error:  tensor(0.4549, device='cuda:0', grad_fn=<DivBackward0>)
Memory status after this epoch: 
Memory allocated:  297.60595703125
Memory cached:  610.0
	 epoch  30 training error:  tensor(0.4609, device='cuda:0', grad_fn=<DivBackward0>)
Memory status after this epoch: 
Memory allocated:  297.60595703125
Memory cached:  610.0
	 epoch  40 training error:  tensor(0.4460, device='cuda:0', grad_fn=<DivBackward0>)
Memory status after this epoch: 
Memory allocated:  297.60595703125
Memory cached:  612.0
	 epoch  50 training error:  tensor(0.4408, device='cuda:0', grad_fn=<DivBackward0>)
Memory status after this epoch: 
Memory allocated:  297.60595703125
Memory cached:  608.0
	 epoch  60 training error:  tensor(0.4325, device='cuda:0', grad_fn=<DivBackward0>)
Memory status after this epoch: 
Memory allocated:  297.60595703125
Memory cached:  610.0
	 epoch  70 training error:  tensor(0.4236, device='cuda:0', grad_fn=<DivBackward0>)
Memory status after this epoch: 
Memory allocated:  297.60595703125
Memory cached:  606.0
	 epoch  80 training error:  tensor(0.4228, device='cuda:0', grad_fn=<DivBackward0>)
Memory status after this epoch: 
Memory allocated:  297.60595703125
Memory cached:  606.0
	 epoch  90 training error:  tensor(0.3985, device='cuda:0', grad_fn=<DivBackward0>)
Memory status after this epoch: 
Memory allocated:  297.60595703125
Memory cached:  610.0
[I 2024-01-03 16:25:11,649] Trial 38 finished with value: 0.20863521099090576 and parameters: {'W_layers': 5, 'W_layer_units_exponent_0': 9, 'W_layer_units_exponent_1': 6, 'W_layer_units_exponent_2': 8, 'W_layer_units_exponent_3': 4, 'W_layer_units_exponent_4': 8, 'D_layers': 6, 'D_layer_units_exponent_0': 10, 'D_layer_units_exponent_1': 5, 'D_layer_units_exponent_2': 10, 'D_layer_units_exponent_3': 5, 'D_layer_units_exponent_4': 7, 'D_layer_units_exponent_5': 8, 'D_dagger_layers': 5, 'D_dagger_layer_units_exponent_0': 10, 'D_dagger_layer_units_exponent_1': 10, 'D_dagger_layer_units_exponent_2': 4, 'D_dagger_layer_units_exponent_3': 5, 'D_dagger_layer_units_exponent_4': 8, 'log_learning_rate': -3.647556280157107, 'log_learning_rate_D': -3.363086351023344, 'log_learning_rate_D_dagger': -3.454268074789038, 'training_batch_size': 11, 'training_p': 4}. Best is trial 38 with value: 0.20863521099090576.
res:  tensor(0.2086, device='cuda:0', grad_fn=<DivBackward0>)
self.bestValue:  tensor(0.2307, device='cuda:0', grad_fn=<DivBackward0>)
Save this model!
Time for this trial:  222.27289509773254
Memory status after this trial: 
Memory allocated:  321.23779296875
Memory cached:  602.0
--------------------  Trial  39   --------------------
Start timing: 
Parameters: 
{'W_layers': 5, 'W_layer_units_exponent_0': 9, 'W_layer_units_exponent_1': 6, 'W_layer_units_exponent_2': 9, 'W_layer_units_exponent_3': 5, 'W_layer_units_exponent_4': 7, 'D_layers': 6, 'D_layer_units_exponent_0': 9, 'D_layer_units_exponent_1': 5, 'D_layer_units_exponent_2': 10, 'D_layer_units_exponent_3': 5, 'D_layer_units_exponent_4': 8, 'D_layer_units_exponent_5': 8, 'D_dagger_layers': 6, 'D_dagger_layer_units_exponent_0': 9, 'D_dagger_layer_units_exponent_1': 10, 'D_dagger_layer_units_exponent_2': 4, 'D_dagger_layer_units_exponent_3': 6, 'D_dagger_layer_units_exponent_4': 7, 'D_dagger_layer_units_exponent_5': 4, 'log_learning_rate': -3.5361473408266293, 'log_learning_rate_D': -3.2063340792070054, 'log_learning_rate_D_dagger': -3.477334706169668, 'training_batch_size': 12, 'training_p': 4}
	 epoch  0 training error:  tensor(0.9591, device='cuda:0', grad_fn=<DivBackward0>)
Memory status after this epoch: 
Memory allocated:  333.55322265625
Memory cached:  622.0
	 epoch  10 training error:  tensor(0.4935, device='cuda:0', grad_fn=<DivBackward0>)
Memory status after this epoch: 
Memory allocated:  333.55322265625
Memory cached:  664.0
	 epoch  20 training error:  tensor(0.4604, device='cuda:0', grad_fn=<DivBackward0>)
Memory status after this epoch: 
Memory allocated:  333.55322265625
Memory cached:  660.0
	 epoch  30 training error:  tensor(0.4553, device='cuda:0', grad_fn=<DivBackward0>)
Memory status after this epoch: 
Memory allocated:  333.55322265625
Memory cached:  666.0
	 epoch  40 training error:  tensor(0.4522, device='cuda:0', grad_fn=<DivBackward0>)
Memory status after this epoch: 
Memory allocated:  333.55322265625
Memory cached:  668.0
	 epoch  50 training error:  tensor(0.4391, device='cuda:0', grad_fn=<DivBackward0>)
Memory status after this epoch: 
Memory allocated:  333.55322265625
Memory cached:  660.0
	 epoch  60 training error:  tensor(0.4392, device='cuda:0', grad_fn=<DivBackward0>)
Memory status after this epoch: 
Memory allocated:  333.55322265625
Memory cached:  658.0
	 epoch  70 training error:  tensor(0.4368, device='cuda:0', grad_fn=<DivBackward0>)
Memory status after this epoch: 
Memory allocated:  333.55322265625
Memory cached:  660.0
	 epoch  80 training error:  tensor(0.4344, device='cuda:0', grad_fn=<DivBackward0>)
Memory status after this epoch: 
Memory allocated:  333.55322265625
Memory cached:  664.0
	 epoch  90 training error:  tensor(0.4365, device='cuda:0', grad_fn=<DivBackward0>)
Memory status after this epoch: 
Memory allocated:  333.55322265625
Memory cached:  664.0
[I 2024-01-03 16:28:54,479] Trial 39 finished with value: 0.3676874041557312 and parameters: {'W_layers': 5, 'W_layer_units_exponent_0': 9, 'W_layer_units_exponent_1': 6, 'W_layer_units_exponent_2': 9, 'W_layer_units_exponent_3': 5, 'W_layer_units_exponent_4': 7, 'D_layers': 6, 'D_layer_units_exponent_0': 9, 'D_layer_units_exponent_1': 5, 'D_layer_units_exponent_2': 10, 'D_layer_units_exponent_3': 5, 'D_layer_units_exponent_4': 8, 'D_layer_units_exponent_5': 8, 'D_dagger_layers': 6, 'D_dagger_layer_units_exponent_0': 9, 'D_dagger_layer_units_exponent_1': 10, 'D_dagger_layer_units_exponent_2': 4, 'D_dagger_layer_units_exponent_3': 6, 'D_dagger_layer_units_exponent_4': 7, 'D_dagger_layer_units_exponent_5': 4, 'log_learning_rate': -3.5361473408266293, 'log_learning_rate_D': -3.2063340792070054, 'log_learning_rate_D_dagger': -3.477334706169668, 'training_batch_size': 12, 'training_p': 4}. Best is trial 38 with value: 0.20863521099090576.
Time for this trial:  222.4258255958557
Memory status after this trial: 
Memory allocated:  597.298828125
Memory cached:  634.0
--------------------  Trial  40   --------------------
Start timing: 
Parameters: 
{'W_layers': 5, 'W_layer_units_exponent_0': 10, 'W_layer_units_exponent_1': 6, 'W_layer_units_exponent_2': 8, 'W_layer_units_exponent_3': 4, 'W_layer_units_exponent_4': 9, 'D_layers': 5, 'D_layer_units_exponent_0': 10, 'D_layer_units_exponent_1': 6, 'D_layer_units_exponent_2': 9, 'D_layer_units_exponent_3': 8, 'D_layer_units_exponent_4': 7, 'D_dagger_layers': 5, 'D_dagger_layer_units_exponent_0': 9, 'D_dagger_layer_units_exponent_1': 10, 'D_dagger_layer_units_exponent_2': 5, 'D_dagger_layer_units_exponent_3': 4, 'D_dagger_layer_units_exponent_4': 8, 'log_learning_rate': -3.947846416302241, 'log_learning_rate_D': -2.7375466661724706, 'log_learning_rate_D_dagger': -3.3389918118410886, 'training_batch_size': 11, 'training_p': 4}
	 epoch  0 training error:  tensor(0.9987, device='cuda:0', grad_fn=<DivBackward0>)
Memory status after this epoch: 
Memory allocated:  335.50244140625
Memory cached:  622.0
	 epoch  10 training error:  tensor(0.4638, device='cuda:0', grad_fn=<DivBackward0>)
Memory status after this epoch: 
Memory allocated:  335.50244140625
Memory cached:  668.0
	 epoch  20 training error:  tensor(0.4444, device='cuda:0', grad_fn=<DivBackward0>)
Memory status after this epoch: 
Memory allocated:  335.50244140625
Memory cached:  666.0
	 epoch  30 training error:  tensor(0.4445, device='cuda:0', grad_fn=<DivBackward0>)
Memory status after this epoch: 
Memory allocated:  335.50244140625
Memory cached:  668.0
	 epoch  40 training error:  tensor(0.4517, device='cuda:0', grad_fn=<DivBackward0>)
Memory status after this epoch: 
Memory allocated:  335.50244140625
Memory cached:  676.0
	 epoch  50 training error:  tensor(0.4384, device='cuda:0', grad_fn=<DivBackward0>)
Memory status after this epoch: 
Memory allocated:  335.50244140625
Memory cached:  666.0
	 epoch  60 training error:  tensor(0.4138, device='cuda:0', grad_fn=<DivBackward0>)
Memory status after this epoch: 
Memory allocated:  335.50244140625
Memory cached:  666.0
	 epoch  70 training error:  tensor(0.3958, device='cuda:0', grad_fn=<DivBackward0>)
Memory status after this epoch: 
Memory allocated:  335.50244140625
Memory cached:  662.0
	 epoch  80 training error:  tensor(0.3708, device='cuda:0', grad_fn=<DivBackward0>)
Memory status after this epoch: 
Memory allocated:  335.50244140625
Memory cached:  668.0
	 epoch  90 training error:  tensor(0.3240, device='cuda:0', grad_fn=<DivBackward0>)
Memory status after this epoch: 
Memory allocated:  335.50244140625
Memory cached:  676.0
[I 2024-01-03 16:32:31,648] Trial 40 finished with value: 0.17467941343784332 and parameters: {'W_layers': 5, 'W_layer_units_exponent_0': 10, 'W_layer_units_exponent_1': 6, 'W_layer_units_exponent_2': 8, 'W_layer_units_exponent_3': 4, 'W_layer_units_exponent_4': 9, 'D_layers': 5, 'D_layer_units_exponent_0': 10, 'D_layer_units_exponent_1': 6, 'D_layer_units_exponent_2': 9, 'D_layer_units_exponent_3': 8, 'D_layer_units_exponent_4': 7, 'D_dagger_layers': 5, 'D_dagger_layer_units_exponent_0': 9, 'D_dagger_layer_units_exponent_1': 10, 'D_dagger_layer_units_exponent_2': 5, 'D_dagger_layer_units_exponent_3': 4, 'D_dagger_layer_units_exponent_4': 8, 'log_learning_rate': -3.947846416302241, 'log_learning_rate_D': -2.7375466661724706, 'log_learning_rate_D_dagger': -3.3389918118410886, 'training_batch_size': 11, 'training_p': 4}. Best is trial 40 with value: 0.17467941343784332.
res:  tensor(0.1747, device='cuda:0', grad_fn=<DivBackward0>)
self.bestValue:  tensor(0.2086, device='cuda:0', grad_fn=<DivBackward0>)
Save this model!
Time for this trial:  216.73046278953552
Memory status after this trial: 
Memory allocated:  304.17919921875
Memory cached:  602.0
--------------------  Trial  41   --------------------
Start timing: 
Parameters: 
{'W_layers': 5, 'W_layer_units_exponent_0': 10, 'W_layer_units_exponent_1': 6, 'W_layer_units_exponent_2': 8, 'W_layer_units_exponent_3': 4, 'W_layer_units_exponent_4': 9, 'D_layers': 5, 'D_layer_units_exponent_0': 10, 'D_layer_units_exponent_1': 6, 'D_layer_units_exponent_2': 9, 'D_layer_units_exponent_3': 8, 'D_layer_units_exponent_4': 7, 'D_dagger_layers': 5, 'D_dagger_layer_units_exponent_0': 9, 'D_dagger_layer_units_exponent_1': 10, 'D_dagger_layer_units_exponent_2': 5, 'D_dagger_layer_units_exponent_3': 4, 'D_dagger_layer_units_exponent_4': 8, 'log_learning_rate': -4.029478440221962, 'log_learning_rate_D': -2.644466199724248, 'log_learning_rate_D_dagger': -3.31561076380131, 'training_batch_size': 11, 'training_p': 4}
	 epoch  0 training error:  tensor(0.9751, device='cuda:0', grad_fn=<DivBackward0>)
Memory status after this epoch: 
Memory allocated:  318.44384765625
Memory cached:  612.0
	 epoch  10 training error:  tensor(0.4698, device='cuda:0', grad_fn=<DivBackward0>)
Memory status after this epoch: 
Memory allocated:  318.44384765625
Memory cached:  660.0
	 epoch  20 training error:  tensor(0.4409, device='cuda:0', grad_fn=<DivBackward0>)
Memory status after this epoch: 
Memory allocated:  318.44384765625
Memory cached:  656.0
	 epoch  30 training error:  tensor(0.4388, device='cuda:0', grad_fn=<DivBackward0>)
Memory status after this epoch: 
Memory allocated:  318.44384765625
Memory cached:  658.0
	 epoch  40 training error:  tensor(0.4386, device='cuda:0', grad_fn=<DivBackward0>)
Memory status after this epoch: 
Memory allocated:  318.44384765625
Memory cached:  656.0
	 epoch  50 training error:  tensor(0.4391, device='cuda:0', grad_fn=<DivBackward0>)
Memory status after this epoch: 
Memory allocated:  318.44384765625
Memory cached:  656.0
	 epoch  60 training error:  tensor(0.4322, device='cuda:0', grad_fn=<DivBackward0>)
Memory status after this epoch: 
Memory allocated:  318.44384765625
Memory cached:  650.0
	 epoch  70 training error:  tensor(0.4337, device='cuda:0', grad_fn=<DivBackward0>)
Memory status after this epoch: 
Memory allocated:  318.44384765625
Memory cached:  650.0
	 epoch  80 training error:  tensor(0.4281, device='cuda:0', grad_fn=<DivBackward0>)
Memory status after this epoch: 
Memory allocated:  318.44384765625
Memory cached:  652.0
	 epoch  90 training error:  tensor(0.4310, device='cuda:0', grad_fn=<DivBackward0>)
Memory status after this epoch: 
Memory allocated:  318.44384765625
Memory cached:  662.0
[I 2024-01-03 16:36:06,731] Trial 41 finished with value: 0.3387201130390167 and parameters: {'W_layers': 5, 'W_layer_units_exponent_0': 10, 'W_layer_units_exponent_1': 6, 'W_layer_units_exponent_2': 8, 'W_layer_units_exponent_3': 4, 'W_layer_units_exponent_4': 9, 'D_layers': 5, 'D_layer_units_exponent_0': 10, 'D_layer_units_exponent_1': 6, 'D_layer_units_exponent_2': 9, 'D_layer_units_exponent_3': 8, 'D_layer_units_exponent_4': 7, 'D_dagger_layers': 5, 'D_dagger_layer_units_exponent_0': 9, 'D_dagger_layer_units_exponent_1': 10, 'D_dagger_layer_units_exponent_2': 5, 'D_dagger_layer_units_exponent_3': 4, 'D_dagger_layer_units_exponent_4': 8, 'log_learning_rate': -4.029478440221962, 'log_learning_rate_D': -2.644466199724248, 'log_learning_rate_D_dagger': -3.31561076380131, 'training_batch_size': 11, 'training_p': 4}. Best is trial 40 with value: 0.17467941343784332.
Time for this trial:  214.73338842391968
Memory status after this trial: 
Memory allocated:  608.275390625
Memory cached:  624.0
--------------------  Trial  42   --------------------
Start timing: 
Parameters: 
{'W_layers': 5, 'W_layer_units_exponent_0': 10, 'W_layer_units_exponent_1': 6, 'W_layer_units_exponent_2': 9, 'W_layer_units_exponent_3': 4, 'W_layer_units_exponent_4': 8, 'D_layers': 6, 'D_layer_units_exponent_0': 10, 'D_layer_units_exponent_1': 5, 'D_layer_units_exponent_2': 10, 'D_layer_units_exponent_3': 9, 'D_layer_units_exponent_4': 7, 'D_layer_units_exponent_5': 9, 'D_dagger_layers': 6, 'D_dagger_layer_units_exponent_0': 10, 'D_dagger_layer_units_exponent_1': 10, 'D_dagger_layer_units_exponent_2': 4, 'D_dagger_layer_units_exponent_3': 4, 'D_dagger_layer_units_exponent_4': 8, 'D_dagger_layer_units_exponent_5': 6, 'log_learning_rate': -3.714128884125367, 'log_learning_rate_D': -2.741523256279656, 'log_learning_rate_D_dagger': -3.5345140492212126, 'training_batch_size': 12, 'training_p': 4}
	 epoch  0 training error:  tensor(1.0170, device='cuda:0', grad_fn=<DivBackward0>)
Memory status after this epoch: 
Memory allocated:  333.75830078125
Memory cached:  630.0
	 epoch  10 training error:  tensor(0.4596, device='cuda:0', grad_fn=<DivBackward0>)
Memory status after this epoch: 
Memory allocated:  333.75830078125
Memory cached:  694.0
	 epoch  20 training error:  tensor(0.4620, device='cuda:0', grad_fn=<DivBackward0>)
Memory status after this epoch: 
Memory allocated:  333.75830078125
Memory cached:  688.0
	 epoch  30 training error:  tensor(0.4501, device='cuda:0', grad_fn=<DivBackward0>)
Memory status after this epoch: 
Memory allocated:  333.75830078125
Memory cached:  688.0
	 epoch  40 training error:  tensor(0.4523, device='cuda:0', grad_fn=<DivBackward0>)
Memory status after this epoch: 
Memory allocated:  333.75830078125
Memory cached:  686.0
	 epoch  50 training error:  tensor(0.4398, device='cuda:0', grad_fn=<DivBackward0>)
Memory status after this epoch: 
Memory allocated:  333.75830078125
Memory cached:  690.0
	 epoch  60 training error:  tensor(0.4277, device='cuda:0', grad_fn=<DivBackward0>)
Memory status after this epoch: 
Memory allocated:  333.75830078125
Memory cached:  686.0
	 epoch  70 training error:  tensor(0.4325, device='cuda:0', grad_fn=<DivBackward0>)
Memory status after this epoch: 
Memory allocated:  333.75830078125
Memory cached:  684.0
	 epoch  80 training error:  tensor(0.4704, device='cuda:0', grad_fn=<DivBackward0>)
Memory status after this epoch: 
Memory allocated:  333.75830078125
Memory cached:  686.0
	 epoch  90 training error:  tensor(0.3887, device='cuda:0', grad_fn=<DivBackward0>)
Memory status after this epoch: 
Memory allocated:  333.75830078125
Memory cached:  688.0
