[I 2024-02-16 21:33:14,471] Trial 47 finished with value: 1.069642424583435 and parameters: {'W_layers': 5, 'W_layer_units_exponent_0': 9, 'W_layer_units_exponent_1': 9, 'W_layer_units_exponent_2': 8, 'W_layer_units_exponent_3': 8, 'W_layer_units_exponent_4': 10, 'D_layers': 4, 'D_layer_units_exponent_0': 7, 'D_layer_units_exponent_1': 4, 'D_layer_units_exponent_2': 9, 'D_layer_units_exponent_3': 10, 'D_dagger_layers': 4, 'D_dagger_layer_units_exponent_0': 10, 'D_dagger_layer_units_exponent_1': 4, 'D_dagger_layer_units_exponent_2': 9, 'D_dagger_layer_units_exponent_3': 8, 'log_learning_rate': -4.092829040820202, 'log_learning_rate_D': -2.1800364382285595, 'log_learning_rate_D_dagger': -2.930505631939926, 'training_batch_size': 11, 'training_p': 5}. Best is trial 45 with value: 0.03961218520998955.
Time for this trial:  262.36152625083923
Memory status after this trial: 
Memory allocated:  1983.57958984375
Memory cached:  2034.0
--------------------  Trial  48   --------------------
Start timing: 
Parameters: 
{'W_layers': 2, 'W_layer_units_exponent_0': 7, 'W_layer_units_exponent_1': 10, 'D_layers': 5, 'D_layer_units_exponent_0': 7, 'D_layer_units_exponent_1': 5, 'D_layer_units_exponent_2': 10, 'D_layer_units_exponent_3': 7, 'D_layer_units_exponent_4': 8, 'D_dagger_layers': 2, 'D_dagger_layer_units_exponent_0': 8, 'D_dagger_layer_units_exponent_1': 5, 'log_learning_rate': -4.384709855351587, 'log_learning_rate_D': -3.4282898938009234, 'log_learning_rate_D_dagger': -2.781745058278799, 'training_batch_size': 7, 'training_p': 7}
	 epoch  0 training error:  tensor(0.8100, device='cuda:0', grad_fn=<DivBackward0>)
Memory status after this epoch: 
Memory allocated:  759.1552734375
Memory cached:  1334.0
	 epoch  10 training error:  tensor(0.5288, device='cuda:0', grad_fn=<DivBackward0>)
Memory status after this epoch: 
Memory allocated:  759.1552734375
Memory cached:  1342.0
	 epoch  20 training error:  tensor(0.5233, device='cuda:0', grad_fn=<DivBackward0>)
Memory status after this epoch: 
Memory allocated:  759.1552734375
Memory cached:  1344.0
	 epoch  30 training error:  tensor(0.5064, device='cuda:0', grad_fn=<DivBackward0>)
Memory status after this epoch: 
Memory allocated:  759.1552734375
Memory cached:  1340.0
	 epoch  40 training error:  tensor(0.4453, device='cuda:0', grad_fn=<DivBackward0>)
Memory status after this epoch: 
Memory allocated:  759.1552734375
Memory cached:  1344.0
	 epoch  50 training error:  tensor(0.3457, device='cuda:0', grad_fn=<DivBackward0>)
Memory status after this epoch: 
Memory allocated:  759.1552734375
Memory cached:  1342.0
	 epoch  60 training error:  tensor(0.2872, device='cuda:0', grad_fn=<DivBackward0>)
Memory status after this epoch: 
Memory allocated:  759.1552734375
Memory cached:  1340.0
	 epoch  70 training error:  tensor(0.2420, device='cuda:0', grad_fn=<DivBackward0>)
Memory status after this epoch: 
Memory allocated:  759.1552734375
Memory cached:  1344.0
	 epoch  80 training error:  tensor(0.1815, device='cuda:0', grad_fn=<DivBackward0>)
Memory status after this epoch: 
Memory allocated:  759.1552734375
Memory cached:  1340.0
	 epoch  90 training error:  tensor(0.1459, device='cuda:0', grad_fn=<DivBackward0>)
Memory status after this epoch: 
Memory allocated:  759.1552734375
Memory cached:  1340.0
[I 2024-02-16 21:39:48,704] Trial 48 finished with value: 0.12514404952526093 and parameters: {'W_layers': 2, 'W_layer_units_exponent_0': 7, 'W_layer_units_exponent_1': 10, 'D_layers': 5, 'D_layer_units_exponent_0': 7, 'D_layer_units_exponent_1': 5, 'D_layer_units_exponent_2': 10, 'D_layer_units_exponent_3': 7, 'D_layer_units_exponent_4': 8, 'D_dagger_layers': 2, 'D_dagger_layer_units_exponent_0': 8, 'D_dagger_layer_units_exponent_1': 5, 'log_learning_rate': -4.384709855351587, 'log_learning_rate_D': -3.4282898938009234, 'log_learning_rate_D_dagger': -2.781745058278799, 'training_batch_size': 7, 'training_p': 7}. Best is trial 45 with value: 0.03961218520998955.
Time for this trial:  393.86374735832214
Memory status after this trial: 
Memory allocated:  1356.22705078125
Memory cached:  1364.0
--------------------  Trial  49   --------------------
Start timing: 
Parameters: 
{'W_layers': 4, 'W_layer_units_exponent_0': 8, 'W_layer_units_exponent_1': 10, 'W_layer_units_exponent_2': 5, 'W_layer_units_exponent_3': 10, 'D_layers': 4, 'D_layer_units_exponent_0': 6, 'D_layer_units_exponent_1': 6, 'D_layer_units_exponent_2': 7, 'D_layer_units_exponent_3': 9, 'D_dagger_layers': 3, 'D_dagger_layer_units_exponent_0': 9, 'D_dagger_layer_units_exponent_1': 4, 'D_dagger_layer_units_exponent_2': 6, 'log_learning_rate': -4.5551063676505725, 'log_learning_rate_D': -2.5021881427035995, 'log_learning_rate_D_dagger': -2.5844680040500254, 'training_batch_size': 9, 'training_p': 8}
	 epoch  0 training error:  tensor(1.0080, device='cuda:0', grad_fn=<DivBackward0>)
Memory status after this epoch: 
Memory allocated:  760.4208984375
Memory cached:  1332.0
	 epoch  10 training error:  tensor(0.5456, device='cuda:0', grad_fn=<DivBackward0>)
Memory status after this epoch: 
Memory allocated:  760.4208984375
Memory cached:  1332.0
	 epoch  20 training error:  tensor(0.5276, device='cuda:0', grad_fn=<DivBackward0>)
Memory status after this epoch: 
Memory allocated:  760.4208984375
Memory cached:  1332.0
	 epoch  30 training error:  tensor(0.5279, device='cuda:0', grad_fn=<DivBackward0>)
Memory status after this epoch: 
Memory allocated:  760.4208984375
Memory cached:  1332.0
	 epoch  40 training error:  tensor(0.5147, device='cuda:0', grad_fn=<DivBackward0>)
Memory status after this epoch: 
Memory allocated:  760.4208984375
Memory cached:  1332.0
	 epoch  50 training error:  tensor(0.4001, device='cuda:0', grad_fn=<DivBackward0>)
Memory status after this epoch: 
Memory allocated:  760.4208984375
Memory cached:  1332.0
	 epoch  60 training error:  tensor(0.3258, device='cuda:0', grad_fn=<DivBackward0>)
Memory status after this epoch: 
Memory allocated:  760.4208984375
Memory cached:  1332.0
	 epoch  70 training error:  tensor(0.3442, device='cuda:0', grad_fn=<DivBackward0>)
Memory status after this epoch: 
Memory allocated:  760.4208984375
Memory cached:  1332.0
	 epoch  80 training error:  tensor(0.2911, device='cuda:0', grad_fn=<DivBackward0>)
Memory status after this epoch: 
Memory allocated:  760.4208984375
Memory cached:  1332.0
	 epoch  90 training error:  tensor(0.2749, device='cuda:0', grad_fn=<DivBackward0>)
Memory status after this epoch: 
Memory allocated:  760.4208984375
Memory cached:  1332.0
[I 2024-02-16 21:43:05,287] Trial 49 finished with value: 0.15881936252117157 and parameters: {'W_layers': 4, 'W_layer_units_exponent_0': 8, 'W_layer_units_exponent_1': 10, 'W_layer_units_exponent_2': 5, 'W_layer_units_exponent_3': 10, 'D_layers': 4, 'D_layer_units_exponent_0': 6, 'D_layer_units_exponent_1': 6, 'D_layer_units_exponent_2': 7, 'D_layer_units_exponent_3': 9, 'D_dagger_layers': 3, 'D_dagger_layer_units_exponent_0': 9, 'D_dagger_layer_units_exponent_1': 4, 'D_dagger_layer_units_exponent_2': 6, 'log_learning_rate': -4.5551063676505725, 'log_learning_rate_D': -2.5021881427035995, 'log_learning_rate_D_dagger': -2.5844680040500254, 'training_batch_size': 9, 'training_p': 8}. Best is trial 45 with value: 0.03961218520998955.
Time for this trial:  196.18835282325745
Memory status after this trial: 
Memory allocated:  1496.78173828125
Memory cached:  1504.0
--------------------  Trial  50   --------------------
Start timing: 
Parameters: 
{'W_layers': 3, 'W_layer_units_exponent_0': 9, 'W_layer_units_exponent_1': 9, 'W_layer_units_exponent_2': 4, 'D_layers': 5, 'D_layer_units_exponent_0': 7, 'D_layer_units_exponent_1': 7, 'D_layer_units_exponent_2': 9, 'D_layer_units_exponent_3': 10, 'D_layer_units_exponent_4': 5, 'D_dagger_layers': 6, 'D_dagger_layer_units_exponent_0': 7, 'D_dagger_layer_units_exponent_1': 5, 'D_dagger_layer_units_exponent_2': 8, 'D_dagger_layer_units_exponent_3': 6, 'D_dagger_layer_units_exponent_4': 4, 'D_dagger_layer_units_exponent_5': 5, 'log_learning_rate': -4.747676708719249, 'log_learning_rate_D': -2.7100907558186456, 'log_learning_rate_D_dagger': -3.1667193998231085, 'training_batch_size': 7, 'training_p': 6}
	 epoch  0 training error:  tensor(0.8836, device='cuda:0', grad_fn=<DivBackward0>)
Memory status after this epoch: 
Memory allocated:  768.3017578125
Memory cached:  1354.0
	 epoch  10 training error:  tensor(0.5109, device='cuda:0', grad_fn=<DivBackward0>)
Memory status after this epoch: 
Memory allocated:  768.3017578125
Memory cached:  1358.0
	 epoch  20 training error:  tensor(0.5085, device='cuda:0', grad_fn=<DivBackward0>)
Memory status after this epoch: 
Memory allocated:  768.3017578125
Memory cached:  1356.0
	 epoch  30 training error:  tensor(0.5036, device='cuda:0', grad_fn=<DivBackward0>)
Memory status after this epoch: 
Memory allocated:  768.3017578125
Memory cached:  1358.0
	 epoch  40 training error:  tensor(0.5015, device='cuda:0', grad_fn=<DivBackward0>)
Memory status after this epoch: 
Memory allocated:  768.3017578125
Memory cached:  1356.0
	 epoch  50 training error:  tensor(0.4850, device='cuda:0', grad_fn=<DivBackward0>)
Memory status after this epoch: 
Memory allocated:  768.3017578125
Memory cached:  1356.0
	 epoch  60 training error:  tensor(0.4182, device='cuda:0', grad_fn=<DivBackward0>)
Memory status after this epoch: 
Memory allocated:  768.3017578125
Memory cached:  1358.0
	 epoch  70 training error:  tensor(0.2948, device='cuda:0', grad_fn=<DivBackward0>)
Memory status after this epoch: 
Memory allocated:  768.3017578125
Memory cached:  1356.0
	 epoch  80 training error:  tensor(0.2708, device='cuda:0', grad_fn=<DivBackward0>)
Memory status after this epoch: 
Memory allocated:  768.3017578125
Memory cached:  1358.0
	 epoch  90 training error:  tensor(0.2701, device='cuda:0', grad_fn=<DivBackward0>)
Memory status after this epoch: 
Memory allocated:  768.3017578125
Memory cached:  1356.0
[I 2024-02-16 21:51:36,274] Trial 50 finished with value: 0.15545304119586945 and parameters: {'W_layers': 3, 'W_layer_units_exponent_0': 9, 'W_layer_units_exponent_1': 9, 'W_layer_units_exponent_2': 4, 'D_layers': 5, 'D_layer_units_exponent_0': 7, 'D_layer_units_exponent_1': 7, 'D_layer_units_exponent_2': 9, 'D_layer_units_exponent_3': 10, 'D_layer_units_exponent_4': 5, 'D_dagger_layers': 6, 'D_dagger_layer_units_exponent_0': 7, 'D_dagger_layer_units_exponent_1': 5, 'D_dagger_layer_units_exponent_2': 8, 'D_dagger_layer_units_exponent_3': 6, 'D_dagger_layer_units_exponent_4': 4, 'D_dagger_layer_units_exponent_5': 5, 'log_learning_rate': -4.747676708719249, 'log_learning_rate_D': -2.7100907558186456, 'log_learning_rate_D_dagger': -3.1667193998231085, 'training_batch_size': 7, 'training_p': 6}. Best is trial 45 with value: 0.03961218520998955.
Time for this trial:  510.51630783081055
Memory status after this trial: 
Memory allocated:  1479.81396484375
Memory cached:  1502.0
--------------------  Trial  51   --------------------
Start timing: 
Parameters: 
{'W_layers': 4, 'W_layer_units_exponent_0': 8, 'W_layer_units_exponent_1': 9, 'W_layer_units_exponent_2': 4, 'W_layer_units_exponent_3': 10, 'D_layers': 3, 'D_layer_units_exponent_0': 8, 'D_layer_units_exponent_1': 5, 'D_layer_units_exponent_2': 8, 'D_dagger_layers': 3, 'D_dagger_layer_units_exponent_0': 9, 'D_dagger_layer_units_exponent_1': 6, 'D_dagger_layer_units_exponent_2': 8, 'log_learning_rate': -4.321453419045782, 'log_learning_rate_D': -2.992453679770244, 'log_learning_rate_D_dagger': -2.8164204953575585, 'training_batch_size': 6, 'training_p': 7}
	 epoch  0 training error:  tensor(0.7293, device='cuda:0', grad_fn=<DivBackward0>)
Memory status after this epoch: 
Memory allocated:  757.4599609375
Memory cached:  1330.0
	 epoch  10 training error:  tensor(0.5067, device='cuda:0', grad_fn=<DivBackward0>)
Memory status after this epoch: 
Memory allocated:  757.4599609375
Memory cached:  1330.0
	 epoch  20 training error:  tensor(0.3280, device='cuda:0', grad_fn=<DivBackward0>)
Memory status after this epoch: 
Memory allocated:  757.4599609375
Memory cached:  1330.0
	 epoch  30 training error:  tensor(0.2565, device='cuda:0', grad_fn=<DivBackward0>)
Memory status after this epoch: 
Memory allocated:  757.4599609375
Memory cached:  1330.0
	 epoch  40 training error:  tensor(0.1629, device='cuda:0', grad_fn=<DivBackward0>)
Memory status after this epoch: 
Memory allocated:  757.4599609375
Memory cached:  1330.0
	 epoch  50 training error:  tensor(0.1262, device='cuda:0', grad_fn=<DivBackward0>)
Memory status after this epoch: 
Memory allocated:  757.4599609375
Memory cached:  1330.0
	 epoch  60 training error:  tensor(0.1493, device='cuda:0', grad_fn=<DivBackward0>)
Memory status after this epoch: 
Memory allocated:  757.4599609375
Memory cached:  1330.0
	 epoch  70 training error:  tensor(0.0967, device='cuda:0', grad_fn=<DivBackward0>)
Memory status after this epoch: 
Memory allocated:  757.4599609375
Memory cached:  1330.0
	 epoch  80 training error:  tensor(0.1314, device='cuda:0', grad_fn=<DivBackward0>)
Memory status after this epoch: 
Memory allocated:  757.4599609375
Memory cached:  1330.0
	 epoch  90 training error:  tensor(0.0820, device='cuda:0', grad_fn=<DivBackward0>)
Memory status after this epoch: 
Memory allocated:  757.4599609375
Memory cached:  1330.0
[I 2024-02-16 22:02:31,388] Trial 51 finished with value: 0.06759611517190933 and parameters: {'W_layers': 4, 'W_layer_units_exponent_0': 8, 'W_layer_units_exponent_1': 9, 'W_layer_units_exponent_2': 4, 'W_layer_units_exponent_3': 10, 'D_layers': 3, 'D_layer_units_exponent_0': 8, 'D_layer_units_exponent_1': 5, 'D_layer_units_exponent_2': 8, 'D_dagger_layers': 3, 'D_dagger_layer_units_exponent_0': 9, 'D_dagger_layer_units_exponent_1': 6, 'D_dagger_layer_units_exponent_2': 8, 'log_learning_rate': -4.321453419045782, 'log_learning_rate_D': -2.992453679770244, 'log_learning_rate_D_dagger': -2.8164204953575585, 'training_batch_size': 6, 'training_p': 7}. Best is trial 45 with value: 0.03961218520998955.
Time for this trial:  654.6555075645447
Memory status after this trial: 
Memory allocated:  1388.37841796875
Memory cached:  1394.0
--------------------  Trial  52   --------------------
Start timing: 
Parameters: 
{'W_layers': 5, 'W_layer_units_exponent_0': 7, 'W_layer_units_exponent_1': 10, 'W_layer_units_exponent_2': 4, 'W_layer_units_exponent_3': 9, 'W_layer_units_exponent_4': 9, 'D_layers': 3, 'D_layer_units_exponent_0': 8, 'D_layer_units_exponent_1': 5, 'D_layer_units_exponent_2': 7, 'D_dagger_layers': 3, 'D_dagger_layer_units_exponent_0': 9, 'D_dagger_layer_units_exponent_1': 5, 'D_dagger_layer_units_exponent_2': 8, 'log_learning_rate': -4.356900206583064, 'log_learning_rate_D': -2.974224686784222, 'log_learning_rate_D_dagger': -2.937684114426597, 'training_batch_size': 6, 'training_p': 7}
	 epoch  0 training error:  tensor(0.6897, device='cuda:0', grad_fn=<DivBackward0>)
Memory status after this epoch: 
Memory allocated:  761.0146484375
Memory cached:  1330.0
	 epoch  10 training error:  tensor(0.5235, device='cuda:0', grad_fn=<DivBackward0>)
Memory status after this epoch: 
Memory allocated:  761.0146484375
Memory cached:  1330.0
	 epoch  20 training error:  tensor(0.4003, device='cuda:0', grad_fn=<DivBackward0>)
Memory status after this epoch: 
Memory allocated:  761.0146484375
Memory cached:  1330.0
	 epoch  30 training error:  tensor(0.2898, device='cuda:0', grad_fn=<DivBackward0>)
Memory status after this epoch: 
Memory allocated:  761.0146484375
Memory cached:  1330.0
	 epoch  40 training error:  tensor(0.2639, device='cuda:0', grad_fn=<DivBackward0>)
Memory status after this epoch: 
Memory allocated:  761.0146484375
Memory cached:  1330.0
	 epoch  50 training error:  tensor(0.2726, device='cuda:0', grad_fn=<DivBackward0>)
Memory status after this epoch: 
Memory allocated:  761.0146484375
Memory cached:  1330.0
	 epoch  60 training error:  tensor(0.2516, device='cuda:0', grad_fn=<DivBackward0>)
Memory status after this epoch: 
Memory allocated:  761.0146484375
Memory cached:  1330.0
	 epoch  70 training error:  tensor(0.2382, device='cuda:0', grad_fn=<DivBackward0>)
Memory status after this epoch: 
Memory allocated:  761.0146484375
Memory cached:  1330.0
	 epoch  80 training error:  tensor(0.2407, device='cuda:0', grad_fn=<DivBackward0>)
Memory status after this epoch: 
Memory allocated:  761.0146484375
Memory cached:  1330.0
	 epoch  90 training error:  tensor(0.1403, device='cuda:0', grad_fn=<DivBackward0>)
Memory status after this epoch: 
Memory allocated:  761.0146484375
Memory cached:  1330.0
[I 2024-02-16 22:14:00,102] Trial 52 finished with value: 0.10981711000204086 and parameters: {'W_layers': 5, 'W_layer_units_exponent_0': 7, 'W_layer_units_exponent_1': 10, 'W_layer_units_exponent_2': 4, 'W_layer_units_exponent_3': 9, 'W_layer_units_exponent_4': 9, 'D_layers': 3, 'D_layer_units_exponent_0': 8, 'D_layer_units_exponent_1': 5, 'D_layer_units_exponent_2': 7, 'D_dagger_layers': 3, 'D_dagger_layer_units_exponent_0': 9, 'D_dagger_layer_units_exponent_1': 5, 'D_dagger_layer_units_exponent_2': 8, 'log_learning_rate': -4.356900206583064, 'log_learning_rate_D': -2.974224686784222, 'log_learning_rate_D_dagger': -2.937684114426597, 'training_batch_size': 6, 'training_p': 7}. Best is trial 45 with value: 0.03961218520998955.
Time for this trial:  688.3036341667175
Memory status after this trial: 
Memory allocated:  1457.77294921875
Memory cached:  1466.0
--------------------  Trial  53   --------------------
Start timing: 
Parameters: 
{'W_layers': 4, 'W_layer_units_exponent_0': 8, 'W_layer_units_exponent_1': 9, 'W_layer_units_exponent_2': 4, 'W_layer_units_exponent_3': 10, 'D_layers': 2, 'D_layer_units_exponent_0': 9, 'D_layer_units_exponent_1': 4, 'D_dagger_layers': 2, 'D_dagger_layer_units_exponent_0': 9, 'D_dagger_layer_units_exponent_1': 6, 'log_learning_rate': -4.076530961546662, 'log_learning_rate_D': -3.1935805834232234, 'log_learning_rate_D_dagger': -2.7586585954689173, 'training_batch_size': 6, 'training_p': 6}
	 epoch  0 training error:  tensor(0.7276, device='cuda:0', grad_fn=<DivBackward0>)
Memory status after this epoch: 
Memory allocated:  757.0810546875
Memory cached:  1330.0
	 epoch  10 training error:  tensor(0.4962, device='cuda:0', grad_fn=<DivBackward0>)
Memory status after this epoch: 
Memory allocated:  757.0810546875
Memory cached:  1330.0
	 epoch  20 training error:  tensor(0.3642, device='cuda:0', grad_fn=<DivBackward0>)
Memory status after this epoch: 
Memory allocated:  757.0810546875
Memory cached:  1330.0
	 epoch  30 training error:  tensor(0.2854, device='cuda:0', grad_fn=<DivBackward0>)
Memory status after this epoch: 
Memory allocated:  757.0810546875
Memory cached:  1330.0
	 epoch  40 training error:  tensor(0.2581, device='cuda:0', grad_fn=<DivBackward0>)
Memory status after this epoch: 
Memory allocated:  757.0810546875
Memory cached:  1330.0
	 epoch  50 training error:  tensor(0.2534, device='cuda:0', grad_fn=<DivBackward0>)
Memory status after this epoch: 
Memory allocated:  757.0810546875
Memory cached:  1330.0
	 epoch  60 training error:  tensor(0.2231, device='cuda:0', grad_fn=<DivBackward0>)
Memory status after this epoch: 
Memory allocated:  757.0810546875
Memory cached:  1330.0
	 epoch  70 training error:  tensor(0.2023, device='cuda:0', grad_fn=<DivBackward0>)
Memory status after this epoch: 
Memory allocated:  757.0810546875
Memory cached:  1330.0
	 epoch  80 training error:  tensor(0.1427, device='cuda:0', grad_fn=<DivBackward0>)
Memory status after this epoch: 
Memory allocated:  757.0810546875
Memory cached:  1330.0
	 epoch  90 training error:  tensor(0.1368, device='cuda:0', grad_fn=<DivBackward0>)
Memory status after this epoch: 
Memory allocated:  757.0810546875
Memory cached:  1330.0
