[I 2023-12-06 11:55:05,985] Trial 39 finished with value: 1.0835198163986206 and parameters: {'W_layers': 6, 'W_layer_units_exponent_0': 8, 'W_layer_units_exponent_1': 7, 'W_layer_units_exponent_2': 4, 'W_layer_units_exponent_3': 4, 'W_layer_units_exponent_4': 6, 'W_layer_units_exponent_5': 6, 'D_layers': 6, 'D_layer_units_exponent_0': 4, 'D_layer_units_exponent_1': 5, 'D_layer_units_exponent_2': 6, 'D_layer_units_exponent_3': 9, 'D_layer_units_exponent_4': 10, 'D_layer_units_exponent_5': 10, 'log_learning_rate': -1.0079925321705594, 'log_learning_rate_D': -2.6221146938871365, 'training_batch_size': 12, 'training_p': 5}. Best is trial 38 with value: 0.3381211757659912.
Time for this trial:  15.065364360809326
Memory status after this trial: 
Memory allocated:  25.62255859375
Memory cached:  38.0
--------------------  Trial  40   --------------------
Start timing: 
Parameters: 
{'W_layers': 8, 'W_layer_units_exponent_0': 7, 'W_layer_units_exponent_1': 7, 'W_layer_units_exponent_2': 4, 'W_layer_units_exponent_3': 4, 'W_layer_units_exponent_4': 7, 'W_layer_units_exponent_5': 7, 'W_layer_units_exponent_6': 6, 'W_layer_units_exponent_7': 8, 'D_layers': 6, 'D_layer_units_exponent_0': 5, 'D_layer_units_exponent_1': 6, 'D_layer_units_exponent_2': 5, 'D_layer_units_exponent_3': 9, 'D_layer_units_exponent_4': 9, 'D_layer_units_exponent_5': 9, 'log_learning_rate': -1.5818825107759396, 'log_learning_rate_D': -3.155985562221584, 'training_batch_size': 12, 'training_p': 5}
	 epoch  0 training error:  tensor(1.0840, device='cuda:0', grad_fn=<DivBackward0>)
Memory status after this epoch: 
Memory allocated:  15.89697265625
Memory cached:  38.0
	 epoch  10 training error:  tensor(10.5609, device='cuda:0', grad_fn=<DivBackward0>)
Memory status after this epoch: 
Memory allocated:  15.89697265625
Memory cached:  38.0
	 epoch  20 training error:  tensor(2.6741, device='cuda:0', grad_fn=<DivBackward0>)
Memory status after this epoch: 
Memory allocated:  15.89697265625
Memory cached:  38.0
	 epoch  30 training error:  tensor(2.9583, device='cuda:0', grad_fn=<DivBackward0>)
Memory status after this epoch: 
Memory allocated:  15.89697265625
Memory cached:  38.0
	 epoch  40 training error:  tensor(1.3231, device='cuda:0', grad_fn=<DivBackward0>)
Memory status after this epoch: 
Memory allocated:  15.89697265625
Memory cached:  38.0
	 epoch  50 training error:  tensor(1.0096, device='cuda:0', grad_fn=<DivBackward0>)
Memory status after this epoch: 
Memory allocated:  15.89697265625
Memory cached:  38.0
	 epoch  60 training error:  tensor(0.7427, device='cuda:0', grad_fn=<DivBackward0>)
Memory status after this epoch: 
Memory allocated:  15.89697265625
Memory cached:  38.0
	 epoch  70 training error:  tensor(0.6349, device='cuda:0', grad_fn=<DivBackward0>)
Memory status after this epoch: 
Memory allocated:  15.89697265625
Memory cached:  38.0
	 epoch  80 training error:  tensor(0.6529, device='cuda:0', grad_fn=<DivBackward0>)
Memory status after this epoch: 
Memory allocated:  15.89697265625
Memory cached:  38.0
	 epoch  90 training error:  tensor(0.6289, device='cuda:0', grad_fn=<DivBackward0>)
Memory status after this epoch: 
Memory allocated:  15.89697265625
Memory cached:  38.0
[I 2023-12-06 11:55:22,061] Trial 40 finished with value: 0.45040321350097656 and parameters: {'W_layers': 8, 'W_layer_units_exponent_0': 7, 'W_layer_units_exponent_1': 7, 'W_layer_units_exponent_2': 4, 'W_layer_units_exponent_3': 4, 'W_layer_units_exponent_4': 7, 'W_layer_units_exponent_5': 7, 'W_layer_units_exponent_6': 6, 'W_layer_units_exponent_7': 8, 'D_layers': 6, 'D_layer_units_exponent_0': 5, 'D_layer_units_exponent_1': 6, 'D_layer_units_exponent_2': 5, 'D_layer_units_exponent_3': 9, 'D_layer_units_exponent_4': 9, 'D_layer_units_exponent_5': 9, 'log_learning_rate': -1.5818825107759396, 'log_learning_rate_D': -3.155985562221584, 'training_batch_size': 12, 'training_p': 5}. Best is trial 38 with value: 0.3381211757659912.
Time for this trial:  15.878665447235107
Memory status after this trial: 
Memory allocated:  33.11181640625
Memory cached:  46.0
--------------------  Trial  41   --------------------
Start timing: 
Parameters: 
{'W_layers': 6, 'W_layer_units_exponent_0': 9, 'W_layer_units_exponent_1': 6, 'W_layer_units_exponent_2': 5, 'W_layer_units_exponent_3': 5, 'W_layer_units_exponent_4': 6, 'W_layer_units_exponent_5': 6, 'D_layers': 6, 'D_layer_units_exponent_0': 5, 'D_layer_units_exponent_1': 6, 'D_layer_units_exponent_2': 9, 'D_layer_units_exponent_3': 10, 'D_layer_units_exponent_4': 9, 'D_layer_units_exponent_5': 9, 'log_learning_rate': -1.7416983429560586, 'log_learning_rate_D': -2.4791823378248816, 'training_batch_size': 12, 'training_p': 5}
	 epoch  0 training error:  tensor(0.9666, device='cuda:0', grad_fn=<DivBackward0>)
Memory status after this epoch: 
Memory allocated:  18.6640625
Memory cached:  38.0
	 epoch  10 training error:  tensor(0.8758, device='cuda:0', grad_fn=<DivBackward0>)
Memory status after this epoch: 
Memory allocated:  18.6640625
Memory cached:  38.0
	 epoch  20 training error:  tensor(0.6375, device='cuda:0', grad_fn=<DivBackward0>)
Memory status after this epoch: 
Memory allocated:  18.6640625
Memory cached:  38.0
	 epoch  30 training error:  tensor(0.4749, device='cuda:0', grad_fn=<DivBackward0>)
Memory status after this epoch: 
Memory allocated:  18.6640625
Memory cached:  38.0
	 epoch  40 training error:  tensor(0.4014, device='cuda:0', grad_fn=<DivBackward0>)
Memory status after this epoch: 
Memory allocated:  18.6640625
Memory cached:  38.0
	 epoch  50 training error:  tensor(0.4186, device='cuda:0', grad_fn=<DivBackward0>)
Memory status after this epoch: 
Memory allocated:  18.6640625
Memory cached:  38.0
	 epoch  60 training error:  tensor(0.3923, device='cuda:0', grad_fn=<DivBackward0>)
Memory status after this epoch: 
Memory allocated:  18.6640625
Memory cached:  38.0
	 epoch  70 training error:  tensor(0.3794, device='cuda:0', grad_fn=<DivBackward0>)
Memory status after this epoch: 
Memory allocated:  18.6640625
Memory cached:  38.0
	 epoch  80 training error:  tensor(0.3739, device='cuda:0', grad_fn=<DivBackward0>)
Memory status after this epoch: 
Memory allocated:  18.6640625
Memory cached:  38.0
	 epoch  90 training error:  tensor(0.3662, device='cuda:0', grad_fn=<DivBackward0>)
Memory status after this epoch: 
Memory allocated:  18.6640625
Memory cached:  38.0
[I 2023-12-06 11:55:38,129] Trial 41 finished with value: 0.34451571106910706 and parameters: {'W_layers': 6, 'W_layer_units_exponent_0': 9, 'W_layer_units_exponent_1': 6, 'W_layer_units_exponent_2': 5, 'W_layer_units_exponent_3': 5, 'W_layer_units_exponent_4': 6, 'W_layer_units_exponent_5': 6, 'D_layers': 6, 'D_layer_units_exponent_0': 5, 'D_layer_units_exponent_1': 6, 'D_layer_units_exponent_2': 9, 'D_layer_units_exponent_3': 10, 'D_layer_units_exponent_4': 9, 'D_layer_units_exponent_5': 9, 'log_learning_rate': -1.7416983429560586, 'log_learning_rate_D': -2.4791823378248816, 'training_batch_size': 12, 'training_p': 5}. Best is trial 38 with value: 0.3381211757659912.
Time for this trial:  15.880934000015259
Memory status after this trial: 
Memory allocated:  30.76904296875
Memory cached:  58.0
--------------------  Trial  42   --------------------
Start timing: 
Parameters: 
{'W_layers': 6, 'W_layer_units_exponent_0': 8, 'W_layer_units_exponent_1': 7, 'W_layer_units_exponent_2': 5, 'W_layer_units_exponent_3': 4, 'W_layer_units_exponent_4': 6, 'W_layer_units_exponent_5': 5, 'D_layers': 6, 'D_layer_units_exponent_0': 5, 'D_layer_units_exponent_1': 6, 'D_layer_units_exponent_2': 10, 'D_layer_units_exponent_3': 9, 'D_layer_units_exponent_4': 7, 'D_layer_units_exponent_5': 10, 'log_learning_rate': -1.8883617841454274, 'log_learning_rate_D': -2.3083729077452038, 'training_batch_size': 11, 'training_p': 4}
	 epoch  0 training error:  tensor(1.2898, device='cuda:0', grad_fn=<DivBackward0>)
Memory status after this epoch: 
Memory allocated:  16.50439453125
Memory cached:  38.0
	 epoch  10 training error:  tensor(0.5713, device='cuda:0', grad_fn=<DivBackward0>)
Memory status after this epoch: 
Memory allocated:  16.50439453125
Memory cached:  38.0
	 epoch  20 training error:  tensor(0.3861, device='cuda:0', grad_fn=<DivBackward0>)
Memory status after this epoch: 
Memory allocated:  16.50439453125
Memory cached:  38.0
	 epoch  30 training error:  tensor(0.3820, device='cuda:0', grad_fn=<DivBackward0>)
Memory status after this epoch: 
Memory allocated:  16.50439453125
Memory cached:  38.0
	 epoch  40 training error:  tensor(0.3751, device='cuda:0', grad_fn=<DivBackward0>)
Memory status after this epoch: 
Memory allocated:  16.50439453125
Memory cached:  38.0
	 epoch  50 training error:  tensor(0.3636, device='cuda:0', grad_fn=<DivBackward0>)
Memory status after this epoch: 
Memory allocated:  16.50439453125
Memory cached:  38.0
	 epoch  60 training error:  tensor(0.3652, device='cuda:0', grad_fn=<DivBackward0>)
Memory status after this epoch: 
Memory allocated:  16.50439453125
Memory cached:  38.0
	 epoch  70 training error:  tensor(0.3606, device='cuda:0', grad_fn=<DivBackward0>)
Memory status after this epoch: 
Memory allocated:  16.50439453125
Memory cached:  38.0
	 epoch  80 training error:  tensor(0.3597, device='cuda:0', grad_fn=<DivBackward0>)
Memory status after this epoch: 
Memory allocated:  16.50439453125
Memory cached:  38.0
	 epoch  90 training error:  tensor(0.3676, device='cuda:0', grad_fn=<DivBackward0>)
Memory status after this epoch: 
Memory allocated:  16.50439453125
Memory cached:  38.0
[I 2023-12-06 11:55:54,000] Trial 42 finished with value: 0.333601713180542 and parameters: {'W_layers': 6, 'W_layer_units_exponent_0': 8, 'W_layer_units_exponent_1': 7, 'W_layer_units_exponent_2': 5, 'W_layer_units_exponent_3': 4, 'W_layer_units_exponent_4': 6, 'W_layer_units_exponent_5': 5, 'D_layers': 6, 'D_layer_units_exponent_0': 5, 'D_layer_units_exponent_1': 6, 'D_layer_units_exponent_2': 10, 'D_layer_units_exponent_3': 9, 'D_layer_units_exponent_4': 7, 'D_layer_units_exponent_5': 10, 'log_learning_rate': -1.8883617841454274, 'log_learning_rate_D': -2.3083729077452038, 'training_batch_size': 11, 'training_p': 4}. Best is trial 42 with value: 0.333601713180542.
res:  tensor(0.3336, device='cuda:0', grad_fn=<DivBackward0>)
self.bestValue:  tensor(0.3381, device='cuda:0', grad_fn=<DivBackward0>)
Save this model!
Time for this trial:  15.687296628952026
Memory status after this trial: 
Memory allocated:  12.447265625
Memory cached:  38.0
--------------------  Trial  43   --------------------
Start timing: 
Parameters: 
{'W_layers': 6, 'W_layer_units_exponent_0': 8, 'W_layer_units_exponent_1': 7, 'W_layer_units_exponent_2': 5, 'W_layer_units_exponent_3': 4, 'W_layer_units_exponent_4': 8, 'W_layer_units_exponent_5': 6, 'D_layers': 6, 'D_layer_units_exponent_0': 4, 'D_layer_units_exponent_1': 6, 'D_layer_units_exponent_2': 10, 'D_layer_units_exponent_3': 9, 'D_layer_units_exponent_4': 8, 'D_layer_units_exponent_5': 10, 'log_learning_rate': -1.4499454273865977, 'log_learning_rate_D': -2.231119658641573, 'training_batch_size': 12, 'training_p': 4}
	 epoch  0 training error:  tensor(1.2047, device='cuda:0', grad_fn=<DivBackward0>)
Memory status after this epoch: 
Memory allocated:  17.154296875
Memory cached:  40.0
	 epoch  10 training error:  tensor(11.2101, device='cuda:0', grad_fn=<DivBackward0>)
Memory status after this epoch: 
Memory allocated:  17.154296875
Memory cached:  40.0
	 epoch  20 training error:  tensor(1.0877, device='cuda:0', grad_fn=<DivBackward0>)
Memory status after this epoch: 
Memory allocated:  17.154296875
Memory cached:  40.0
	 epoch  30 training error:  tensor(0.5705, device='cuda:0', grad_fn=<DivBackward0>)
Memory status after this epoch: 
Memory allocated:  17.154296875
Memory cached:  40.0
	 epoch  40 training error:  tensor(0.4519, device='cuda:0', grad_fn=<DivBackward0>)
Memory status after this epoch: 
Memory allocated:  17.154296875
Memory cached:  40.0
	 epoch  50 training error:  tensor(0.4542, device='cuda:0', grad_fn=<DivBackward0>)
Memory status after this epoch: 
Memory allocated:  17.154296875
Memory cached:  40.0
	 epoch  60 training error:  tensor(0.4535, device='cuda:0', grad_fn=<DivBackward0>)
Memory status after this epoch: 
Memory allocated:  17.154296875
Memory cached:  40.0
	 epoch  70 training error:  tensor(0.4497, device='cuda:0', grad_fn=<DivBackward0>)
Memory status after this epoch: 
Memory allocated:  17.154296875
Memory cached:  40.0
	 epoch  80 training error:  tensor(0.4470, device='cuda:0', grad_fn=<DivBackward0>)
Memory status after this epoch: 
Memory allocated:  17.154296875
Memory cached:  40.0
	 epoch  90 training error:  tensor(0.4468, device='cuda:0', grad_fn=<DivBackward0>)
Memory status after this epoch: 
Memory allocated:  17.154296875
Memory cached:  40.0
[I 2023-12-06 11:56:09,858] Trial 43 finished with value: 0.37760108709335327 and parameters: {'W_layers': 6, 'W_layer_units_exponent_0': 8, 'W_layer_units_exponent_1': 7, 'W_layer_units_exponent_2': 5, 'W_layer_units_exponent_3': 4, 'W_layer_units_exponent_4': 8, 'W_layer_units_exponent_5': 6, 'D_layers': 6, 'D_layer_units_exponent_0': 4, 'D_layer_units_exponent_1': 6, 'D_layer_units_exponent_2': 10, 'D_layer_units_exponent_3': 9, 'D_layer_units_exponent_4': 8, 'D_layer_units_exponent_5': 10, 'log_learning_rate': -1.4499454273865977, 'log_learning_rate_D': -2.231119658641573, 'training_batch_size': 12, 'training_p': 4}. Best is trial 42 with value: 0.333601713180542.
Time for this trial:  15.672056198120117
Memory status after this trial: 
Memory allocated:  30.57666015625
Memory cached:  40.0
--------------------  Trial  44   --------------------
Start timing: 
Parameters: 
{'W_layers': 6, 'W_layer_units_exponent_0': 7, 'W_layer_units_exponent_1': 8, 'W_layer_units_exponent_2': 4, 'W_layer_units_exponent_3': 5, 'W_layer_units_exponent_4': 6, 'W_layer_units_exponent_5': 4, 'D_layers': 7, 'D_layer_units_exponent_0': 5, 'D_layer_units_exponent_1': 5, 'D_layer_units_exponent_2': 10, 'D_layer_units_exponent_3': 8, 'D_layer_units_exponent_4': 7, 'D_layer_units_exponent_5': 9, 'D_layer_units_exponent_6': 5, 'log_learning_rate': -1.9429687440761043, 'log_learning_rate_D': -2.29041060250003, 'training_batch_size': 11, 'training_p': 4}
	 epoch  0 training error:  tensor(1.6077, device='cuda:0', grad_fn=<DivBackward0>)
Memory status after this epoch: 
Memory allocated:  14.6923828125
Memory cached:  38.0
	 epoch  10 training error:  tensor(0.4909, device='cuda:0', grad_fn=<DivBackward0>)
Memory status after this epoch: 
Memory allocated:  14.6923828125
Memory cached:  38.0
	 epoch  20 training error:  tensor(0.5003, device='cuda:0', grad_fn=<DivBackward0>)
Memory status after this epoch: 
Memory allocated:  14.6923828125
Memory cached:  38.0
	 epoch  30 training error:  tensor(0.4334, device='cuda:0', grad_fn=<DivBackward0>)
Memory status after this epoch: 
Memory allocated:  14.6923828125
Memory cached:  38.0
	 epoch  40 training error:  tensor(0.3903, device='cuda:0', grad_fn=<DivBackward0>)
Memory status after this epoch: 
Memory allocated:  14.6923828125
Memory cached:  38.0
	 epoch  50 training error:  tensor(0.3672, device='cuda:0', grad_fn=<DivBackward0>)
Memory status after this epoch: 
Memory allocated:  14.6923828125
Memory cached:  38.0
	 epoch  60 training error:  tensor(0.3708, device='cuda:0', grad_fn=<DivBackward0>)
Memory status after this epoch: 
Memory allocated:  14.6923828125
Memory cached:  38.0
	 epoch  70 training error:  tensor(0.3661, device='cuda:0', grad_fn=<DivBackward0>)
Memory status after this epoch: 
Memory allocated:  14.6923828125
Memory cached:  38.0
	 epoch  80 training error:  tensor(0.3625, device='cuda:0', grad_fn=<DivBackward0>)
Memory status after this epoch: 
Memory allocated:  14.6923828125
Memory cached:  38.0
	 epoch  90 training error:  tensor(0.3597, device='cuda:0', grad_fn=<DivBackward0>)
Memory status after this epoch: 
Memory allocated:  14.6923828125
Memory cached:  38.0
[I 2023-12-06 11:56:25,702] Trial 44 finished with value: 0.33727073669433594 and parameters: {'W_layers': 6, 'W_layer_units_exponent_0': 7, 'W_layer_units_exponent_1': 8, 'W_layer_units_exponent_2': 4, 'W_layer_units_exponent_3': 5, 'W_layer_units_exponent_4': 6, 'W_layer_units_exponent_5': 4, 'D_layers': 7, 'D_layer_units_exponent_0': 5, 'D_layer_units_exponent_1': 5, 'D_layer_units_exponent_2': 10, 'D_layer_units_exponent_3': 8, 'D_layer_units_exponent_4': 7, 'D_layer_units_exponent_5': 9, 'D_layer_units_exponent_6': 5, 'log_learning_rate': -1.9429687440761043, 'log_learning_rate_D': -2.29041060250003, 'training_batch_size': 11, 'training_p': 4}. Best is trial 42 with value: 0.333601713180542.
Time for this trial:  15.655494213104248
Memory status after this trial: 
Memory allocated:  24.94775390625
Memory cached:  38.0
--------------------  Trial  45   --------------------
Start timing: 
Parameters: 
{'W_layers': 6, 'W_layer_units_exponent_0': 7, 'W_layer_units_exponent_1': 8, 'W_layer_units_exponent_2': 4, 'W_layer_units_exponent_3': 5, 'W_layer_units_exponent_4': 6, 'W_layer_units_exponent_5': 6, 'D_layers': 5, 'D_layer_units_exponent_0': 4, 'D_layer_units_exponent_1': 5, 'D_layer_units_exponent_2': 10, 'D_layer_units_exponent_3': 8, 'D_layer_units_exponent_4': 7, 'log_learning_rate': -1.8716245786409254, 'log_learning_rate_D': -2.2229539196013066, 'training_batch_size': 11, 'training_p': 4}
	 epoch  0 training error:  tensor(1.0956, device='cuda:0', grad_fn=<DivBackward0>)
Memory status after this epoch: 
Memory allocated:  14.42236328125
Memory cached:  38.0
	 epoch  10 training error:  tensor(0.5251, device='cuda:0', grad_fn=<DivBackward0>)
Memory status after this epoch: 
Memory allocated:  14.42236328125
Memory cached:  38.0
	 epoch  20 training error:  tensor(0.4029, device='cuda:0', grad_fn=<DivBackward0>)
Memory status after this epoch: 
Memory allocated:  14.42236328125
Memory cached:  38.0
	 epoch  30 training error:  tensor(0.3775, device='cuda:0', grad_fn=<DivBackward0>)
Memory status after this epoch: 
Memory allocated:  14.42236328125
Memory cached:  38.0
	 epoch  40 training error:  tensor(0.3641, device='cuda:0', grad_fn=<DivBackward0>)
Memory status after this epoch: 
Memory allocated:  14.42236328125
Memory cached:  38.0
	 epoch  50 training error:  tensor(0.3751, device='cuda:0', grad_fn=<DivBackward0>)
Memory status after this epoch: 
Memory allocated:  14.42236328125
Memory cached:  38.0
	 epoch  60 training error:  tensor(0.3689, device='cuda:0', grad_fn=<DivBackward0>)
Memory status after this epoch: 
Memory allocated:  14.42236328125
Memory cached:  38.0
	 epoch  70 training error:  tensor(0.3624, device='cuda:0', grad_fn=<DivBackward0>)
Memory status after this epoch: 
Memory allocated:  14.42236328125
Memory cached:  38.0
	 epoch  80 training error:  tensor(0.3619, device='cuda:0', grad_fn=<DivBackward0>)
Memory status after this epoch: 
Memory allocated:  14.42236328125
Memory cached:  38.0
	 epoch  90 training error:  tensor(0.3604, device='cuda:0', grad_fn=<DivBackward0>)
Memory status after this epoch: 
Memory allocated:  14.42236328125
Memory cached:  38.0
