[I 2024-02-17 06:02:27,139] Trial 89 finished with value: 0.08669471740722656 and parameters: {'W_layers': 5, 'W_layer_units_exponent_0': 5, 'W_layer_units_exponent_1': 6, 'W_layer_units_exponent_2': 9, 'W_layer_units_exponent_3': 4, 'W_layer_units_exponent_4': 8, 'D_layers': 8, 'D_layer_units_exponent_0': 7, 'D_layer_units_exponent_1': 10, 'D_layer_units_exponent_2': 9, 'D_layer_units_exponent_3': 5, 'D_layer_units_exponent_4': 6, 'D_layer_units_exponent_5': 9, 'D_layer_units_exponent_6': 6, 'D_layer_units_exponent_7': 4, 'D_dagger_layers': 3, 'D_dagger_layer_units_exponent_0': 6, 'D_dagger_layer_units_exponent_1': 10, 'D_dagger_layer_units_exponent_2': 6, 'log_learning_rate': -4.444246413078481, 'log_learning_rate_D': -4.6002754790484, 'log_learning_rate_D_dagger': -4.185056925603085, 'training_batch_size': 7, 'training_p': 3}. Best is trial 67 with value: 0.07194268703460693.
Time for this trial:  564.5969171524048
Memory status after this trial: 
Memory allocated:  1695.54150390625
Memory cached:  1710.0
--------------------  Trial  90   --------------------
Start timing: 
Parameters: 
{'W_layers': 6, 'W_layer_units_exponent_0': 6, 'W_layer_units_exponent_1': 6, 'W_layer_units_exponent_2': 9, 'W_layer_units_exponent_3': 5, 'W_layer_units_exponent_4': 10, 'W_layer_units_exponent_5': 5, 'D_layers': 7, 'D_layer_units_exponent_0': 6, 'D_layer_units_exponent_1': 9, 'D_layer_units_exponent_2': 8, 'D_layer_units_exponent_3': 4, 'D_layer_units_exponent_4': 8, 'D_layer_units_exponent_5': 9, 'D_layer_units_exponent_6': 5, 'D_dagger_layers': 8, 'D_dagger_layer_units_exponent_0': 7, 'D_dagger_layer_units_exponent_1': 10, 'D_dagger_layer_units_exponent_2': 4, 'D_dagger_layer_units_exponent_3': 9, 'D_dagger_layer_units_exponent_4': 6, 'D_dagger_layer_units_exponent_5': 4, 'D_dagger_layer_units_exponent_6': 7, 'D_dagger_layer_units_exponent_7': 6, 'log_learning_rate': -4.557089299089277, 'log_learning_rate_D': -4.978039661072912, 'log_learning_rate_D_dagger': -3.928447042040668, 'training_batch_size': 6, 'training_p': 5}
	 epoch  0 training error:  tensor(0.9653, device='cuda:0', grad_fn=<DivBackward0>)
Memory status after this epoch: 
Memory allocated:  776.7421875
Memory cached:  1194.0
	 epoch  10 training error:  tensor(0.2277, device='cuda:0', grad_fn=<DivBackward0>)
Memory status after this epoch: 
Memory allocated:  776.7421875
Memory cached:  1264.0
	 epoch  20 training error:  tensor(0.1471, device='cuda:0', grad_fn=<DivBackward0>)
Memory status after this epoch: 
Memory allocated:  776.7421875
Memory cached:  1268.0
	 epoch  30 training error:  tensor(0.1097, device='cuda:0', grad_fn=<DivBackward0>)
Memory status after this epoch: 
Memory allocated:  776.7421875
Memory cached:  1272.0
	 epoch  40 training error:  tensor(0.1071, device='cuda:0', grad_fn=<DivBackward0>)
Memory status after this epoch: 
Memory allocated:  776.7421875
Memory cached:  1274.0
	 epoch  50 training error:  tensor(0.1065, device='cuda:0', grad_fn=<DivBackward0>)
Memory status after this epoch: 
Memory allocated:  776.7421875
Memory cached:  1270.0
	 epoch  60 training error:  tensor(0.1058, device='cuda:0', grad_fn=<DivBackward0>)
Memory status after this epoch: 
Memory allocated:  776.7421875
Memory cached:  1284.0
	 epoch  70 training error:  tensor(0.1047, device='cuda:0', grad_fn=<DivBackward0>)
Memory status after this epoch: 
Memory allocated:  776.7421875
Memory cached:  1282.0
	 epoch  80 training error:  tensor(0.1013, device='cuda:0', grad_fn=<DivBackward0>)
Memory status after this epoch: 
Memory allocated:  776.7421875
Memory cached:  1284.0
	 epoch  90 training error:  tensor(0.0984, device='cuda:0', grad_fn=<DivBackward0>)
Memory status after this epoch: 
Memory allocated:  776.7421875
Memory cached:  1284.0
[I 2024-02-17 06:20:17,012] Trial 90 finished with value: 0.075004443526268 and parameters: {'W_layers': 6, 'W_layer_units_exponent_0': 6, 'W_layer_units_exponent_1': 6, 'W_layer_units_exponent_2': 9, 'W_layer_units_exponent_3': 5, 'W_layer_units_exponent_4': 10, 'W_layer_units_exponent_5': 5, 'D_layers': 7, 'D_layer_units_exponent_0': 6, 'D_layer_units_exponent_1': 9, 'D_layer_units_exponent_2': 8, 'D_layer_units_exponent_3': 4, 'D_layer_units_exponent_4': 8, 'D_layer_units_exponent_5': 9, 'D_layer_units_exponent_6': 5, 'D_dagger_layers': 8, 'D_dagger_layer_units_exponent_0': 7, 'D_dagger_layer_units_exponent_1': 10, 'D_dagger_layer_units_exponent_2': 4, 'D_dagger_layer_units_exponent_3': 9, 'D_dagger_layer_units_exponent_4': 6, 'D_dagger_layer_units_exponent_5': 4, 'D_dagger_layer_units_exponent_6': 7, 'D_dagger_layer_units_exponent_7': 6, 'log_learning_rate': -4.557089299089277, 'log_learning_rate_D': -4.978039661072912, 'log_learning_rate_D_dagger': -3.928447042040668, 'training_batch_size': 6, 'training_p': 5}. Best is trial 67 with value: 0.07194268703460693.
Time for this trial:  1069.2133362293243
Memory status after this trial: 
Memory allocated:  1903.02587890625
Memory cached:  1924.0
--------------------  Trial  91   --------------------
Start timing: 
Parameters: 
{'W_layers': 5, 'W_layer_units_exponent_0': 5, 'W_layer_units_exponent_1': 5, 'W_layer_units_exponent_2': 8, 'W_layer_units_exponent_3': 4, 'W_layer_units_exponent_4': 7, 'D_layers': 6, 'D_layer_units_exponent_0': 7, 'D_layer_units_exponent_1': 10, 'D_layer_units_exponent_2': 10, 'D_layer_units_exponent_3': 5, 'D_layer_units_exponent_4': 5, 'D_layer_units_exponent_5': 7, 'D_dagger_layers': 2, 'D_dagger_layer_units_exponent_0': 7, 'D_dagger_layer_units_exponent_1': 7, 'log_learning_rate': -4.110646434999398, 'log_learning_rate_D': -4.533000085917559, 'log_learning_rate_D_dagger': -3.6203660593054856, 'training_batch_size': 8, 'training_p': 3}
	 epoch  0 training error:  tensor(0.8790, device='cuda:0', grad_fn=<DivBackward0>)
Memory status after this epoch: 
Memory allocated:  785.9296875
Memory cached:  1182.0
	 epoch  10 training error:  tensor(0.3547, device='cuda:0', grad_fn=<DivBackward0>)
Memory status after this epoch: 
Memory allocated:  785.9296875
Memory cached:  1192.0
	 epoch  20 training error:  tensor(0.1687, device='cuda:0', grad_fn=<DivBackward0>)
Memory status after this epoch: 
Memory allocated:  785.9296875
Memory cached:  1190.0
	 epoch  30 training error:  tensor(0.1505, device='cuda:0', grad_fn=<DivBackward0>)
Memory status after this epoch: 
Memory allocated:  785.9296875
Memory cached:  1192.0
	 epoch  40 training error:  tensor(0.1428, device='cuda:0', grad_fn=<DivBackward0>)
Memory status after this epoch: 
Memory allocated:  785.9296875
Memory cached:  1190.0
	 epoch  50 training error:  tensor(0.1361, device='cuda:0', grad_fn=<DivBackward0>)
Memory status after this epoch: 
Memory allocated:  785.9296875
Memory cached:  1190.0
	 epoch  60 training error:  tensor(0.1294, device='cuda:0', grad_fn=<DivBackward0>)
Memory status after this epoch: 
Memory allocated:  785.9296875
Memory cached:  1194.0
	 epoch  70 training error:  tensor(0.1228, device='cuda:0', grad_fn=<DivBackward0>)
Memory status after this epoch: 
Memory allocated:  785.9296875
Memory cached:  1188.0
	 epoch  80 training error:  tensor(0.1163, device='cuda:0', grad_fn=<DivBackward0>)
Memory status after this epoch: 
Memory allocated:  785.9296875
Memory cached:  1188.0
	 epoch  90 training error:  tensor(0.1105, device='cuda:0', grad_fn=<DivBackward0>)
Memory status after this epoch: 
Memory allocated:  785.9296875
Memory cached:  1190.0
[I 2024-02-17 06:26:31,015] Trial 91 finished with value: 0.09035388380289078 and parameters: {'W_layers': 5, 'W_layer_units_exponent_0': 5, 'W_layer_units_exponent_1': 5, 'W_layer_units_exponent_2': 8, 'W_layer_units_exponent_3': 4, 'W_layer_units_exponent_4': 7, 'D_layers': 6, 'D_layer_units_exponent_0': 7, 'D_layer_units_exponent_1': 10, 'D_layer_units_exponent_2': 10, 'D_layer_units_exponent_3': 5, 'D_layer_units_exponent_4': 5, 'D_layer_units_exponent_5': 7, 'D_dagger_layers': 2, 'D_dagger_layer_units_exponent_0': 7, 'D_dagger_layer_units_exponent_1': 7, 'log_learning_rate': -4.110646434999398, 'log_learning_rate_D': -4.533000085917559, 'log_learning_rate_D_dagger': -3.6203660593054856, 'training_batch_size': 8, 'training_p': 3}. Best is trial 67 with value: 0.07194268703460693.
Time for this trial:  373.43816781044006
Memory status after this trial: 
Memory allocated:  1419.73291015625
Memory cached:  1448.0
--------------------  Trial  92   --------------------
Start timing: 
Parameters: 
{'W_layers': 6, 'W_layer_units_exponent_0': 5, 'W_layer_units_exponent_1': 6, 'W_layer_units_exponent_2': 8, 'W_layer_units_exponent_3': 4, 'W_layer_units_exponent_4': 9, 'W_layer_units_exponent_5': 4, 'D_layers': 6, 'D_layer_units_exponent_0': 7, 'D_layer_units_exponent_1': 10, 'D_layer_units_exponent_2': 9, 'D_layer_units_exponent_3': 4, 'D_layer_units_exponent_4': 5, 'D_layer_units_exponent_5': 6, 'D_dagger_layers': 2, 'D_dagger_layer_units_exponent_0': 7, 'D_dagger_layer_units_exponent_1': 10, 'log_learning_rate': -4.761518018417863, 'log_learning_rate_D': -4.880429682117091, 'log_learning_rate_D_dagger': -3.779589193672518, 'training_batch_size': 6, 'training_p': 4}
	 epoch  0 training error:  tensor(0.8550, device='cuda:0', grad_fn=<DivBackward0>)
Memory status after this epoch: 
Memory allocated:  779.751953125
Memory cached:  1174.0
	 epoch  10 training error:  tensor(0.1564, device='cuda:0', grad_fn=<DivBackward0>)
Memory status after this epoch: 
Memory allocated:  779.751953125
Memory cached:  1214.0
	 epoch  20 training error:  tensor(0.1232, device='cuda:0', grad_fn=<DivBackward0>)
Memory status after this epoch: 
Memory allocated:  779.751953125
Memory cached:  1224.0
	 epoch  30 training error:  tensor(0.1114, device='cuda:0', grad_fn=<DivBackward0>)
Memory status after this epoch: 
Memory allocated:  779.751953125
Memory cached:  1218.0
	 epoch  40 training error:  tensor(0.1076, device='cuda:0', grad_fn=<DivBackward0>)
Memory status after this epoch: 
Memory allocated:  779.751953125
Memory cached:  1222.0
	 epoch  50 training error:  tensor(0.1016, device='cuda:0', grad_fn=<DivBackward0>)
Memory status after this epoch: 
Memory allocated:  779.751953125
Memory cached:  1226.0
	 epoch  60 training error:  tensor(0.0973, device='cuda:0', grad_fn=<DivBackward0>)
Memory status after this epoch: 
Memory allocated:  779.751953125
Memory cached:  1232.0
	 epoch  70 training error:  tensor(0.0950, device='cuda:0', grad_fn=<DivBackward0>)
Memory status after this epoch: 
Memory allocated:  779.751953125
Memory cached:  1222.0
	 epoch  80 training error:  tensor(0.0923, device='cuda:0', grad_fn=<DivBackward0>)
Memory status after this epoch: 
Memory allocated:  779.751953125
Memory cached:  1230.0
	 epoch  90 training error:  tensor(0.0972, device='cuda:0', grad_fn=<DivBackward0>)
Memory status after this epoch: 
Memory allocated:  779.751953125
Memory cached:  1230.0
[I 2024-02-17 06:39:51,987] Trial 92 finished with value: 0.0740962028503418 and parameters: {'W_layers': 6, 'W_layer_units_exponent_0': 5, 'W_layer_units_exponent_1': 6, 'W_layer_units_exponent_2': 8, 'W_layer_units_exponent_3': 4, 'W_layer_units_exponent_4': 9, 'W_layer_units_exponent_5': 4, 'D_layers': 6, 'D_layer_units_exponent_0': 7, 'D_layer_units_exponent_1': 10, 'D_layer_units_exponent_2': 9, 'D_layer_units_exponent_3': 4, 'D_layer_units_exponent_4': 5, 'D_layer_units_exponent_5': 6, 'D_dagger_layers': 2, 'D_dagger_layer_units_exponent_0': 7, 'D_dagger_layer_units_exponent_1': 10, 'log_learning_rate': -4.761518018417863, 'log_learning_rate_D': -4.880429682117091, 'log_learning_rate_D_dagger': -3.779589193672518, 'training_batch_size': 6, 'training_p': 4}. Best is trial 67 with value: 0.07194268703460693.
Time for this trial:  800.5027260780334
Memory status after this trial: 
Memory allocated:  1553.19287109375
Memory cached:  1568.0
--------------------  Trial  93   --------------------
Start timing: 
Parameters: 
{'W_layers': 6, 'W_layer_units_exponent_0': 5, 'W_layer_units_exponent_1': 6, 'W_layer_units_exponent_2': 8, 'W_layer_units_exponent_3': 4, 'W_layer_units_exponent_4': 8, 'W_layer_units_exponent_5': 4, 'D_layers': 6, 'D_layer_units_exponent_0': 7, 'D_layer_units_exponent_1': 10, 'D_layer_units_exponent_2': 9, 'D_layer_units_exponent_3': 4, 'D_layer_units_exponent_4': 4, 'D_layer_units_exponent_5': 6, 'D_dagger_layers': 2, 'D_dagger_layer_units_exponent_0': 7, 'D_dagger_layer_units_exponent_1': 9, 'log_learning_rate': -4.723328142391101, 'log_learning_rate_D': -4.793541338128447, 'log_learning_rate_D_dagger': -3.6675057026225897, 'training_batch_size': 6, 'training_p': 4}
	 epoch  0 training error:  tensor(0.6107, device='cuda:0', grad_fn=<DivBackward0>)
Memory status after this epoch: 
Memory allocated:  778.587890625
Memory cached:  1162.0
	 epoch  10 training error:  tensor(0.1603, device='cuda:0', grad_fn=<DivBackward0>)
Memory status after this epoch: 
Memory allocated:  778.587890625
Memory cached:  1162.0
	 epoch  20 training error:  tensor(0.1245, device='cuda:0', grad_fn=<DivBackward0>)
Memory status after this epoch: 
Memory allocated:  778.587890625
Memory cached:  1166.0
	 epoch  30 training error:  tensor(0.1118, device='cuda:0', grad_fn=<DivBackward0>)
Memory status after this epoch: 
Memory allocated:  778.587890625
Memory cached:  1166.0
	 epoch  40 training error:  tensor(0.1057, device='cuda:0', grad_fn=<DivBackward0>)
Memory status after this epoch: 
Memory allocated:  778.587890625
Memory cached:  1166.0
	 epoch  50 training error:  tensor(0.1050, device='cuda:0', grad_fn=<DivBackward0>)
Memory status after this epoch: 
Memory allocated:  778.587890625
Memory cached:  1164.0
	 epoch  60 training error:  tensor(0.1027, device='cuda:0', grad_fn=<DivBackward0>)
Memory status after this epoch: 
Memory allocated:  778.587890625
Memory cached:  1164.0
	 epoch  70 training error:  tensor(0.1030, device='cuda:0', grad_fn=<DivBackward0>)
Memory status after this epoch: 
Memory allocated:  778.587890625
Memory cached:  1166.0
	 epoch  80 training error:  tensor(0.1023, device='cuda:0', grad_fn=<DivBackward0>)
Memory status after this epoch: 
Memory allocated:  778.587890625
Memory cached:  1170.0
	 epoch  90 training error:  tensor(0.1015, device='cuda:0', grad_fn=<DivBackward0>)
Memory status after this epoch: 
Memory allocated:  778.587890625
Memory cached:  1166.0
[I 2024-02-17 06:53:02,711] Trial 93 finished with value: 0.08727815002202988 and parameters: {'W_layers': 6, 'W_layer_units_exponent_0': 5, 'W_layer_units_exponent_1': 6, 'W_layer_units_exponent_2': 8, 'W_layer_units_exponent_3': 4, 'W_layer_units_exponent_4': 8, 'W_layer_units_exponent_5': 4, 'D_layers': 6, 'D_layer_units_exponent_0': 7, 'D_layer_units_exponent_1': 10, 'D_layer_units_exponent_2': 9, 'D_layer_units_exponent_3': 4, 'D_layer_units_exponent_4': 4, 'D_layer_units_exponent_5': 6, 'D_dagger_layers': 2, 'D_dagger_layer_units_exponent_0': 7, 'D_dagger_layer_units_exponent_1': 9, 'log_learning_rate': -4.723328142391101, 'log_learning_rate_D': -4.793541338128447, 'log_learning_rate_D_dagger': -3.6675057026225897, 'training_batch_size': 6, 'training_p': 4}. Best is trial 67 with value: 0.07194268703460693.
Time for this trial:  790.2165460586548
Memory status after this trial: 
Memory allocated:  1400.78955078125
Memory cached:  1414.0
--------------------  Trial  94   --------------------
Start timing: 
Parameters: 
{'W_layers': 6, 'W_layer_units_exponent_0': 5, 'W_layer_units_exponent_1': 6, 'W_layer_units_exponent_2': 8, 'W_layer_units_exponent_3': 4, 'W_layer_units_exponent_4': 10, 'W_layer_units_exponent_5': 5, 'D_layers': 7, 'D_layer_units_exponent_0': 6, 'D_layer_units_exponent_1': 10, 'D_layer_units_exponent_2': 9, 'D_layer_units_exponent_3': 4, 'D_layer_units_exponent_4': 6, 'D_layer_units_exponent_5': 5, 'D_layer_units_exponent_6': 8, 'D_dagger_layers': 2, 'D_dagger_layer_units_exponent_0': 7, 'D_dagger_layer_units_exponent_1': 9, 'log_learning_rate': -4.221908436297657, 'log_learning_rate_D': -4.64999881710915, 'log_learning_rate_D_dagger': -3.469402313056923, 'training_batch_size': 6, 'training_p': 4}
	 epoch  0 training error:  tensor(0.6234, device='cuda:0', grad_fn=<DivBackward0>)
Memory status after this epoch: 
Memory allocated:  778.3828125
Memory cached:  1192.0
	 epoch  10 training error:  tensor(0.1336, device='cuda:0', grad_fn=<DivBackward0>)
Memory status after this epoch: 
Memory allocated:  778.3828125
Memory cached:  1248.0
	 epoch  20 training error:  tensor(0.1103, device='cuda:0', grad_fn=<DivBackward0>)
Memory status after this epoch: 
Memory allocated:  778.3828125
Memory cached:  1254.0
	 epoch  30 training error:  tensor(0.1045, device='cuda:0', grad_fn=<DivBackward0>)
Memory status after this epoch: 
Memory allocated:  778.3828125
Memory cached:  1246.0
	 epoch  40 training error:  tensor(0.1038, device='cuda:0', grad_fn=<DivBackward0>)
Memory status after this epoch: 
Memory allocated:  778.3828125
Memory cached:  1234.0
	 epoch  50 training error:  tensor(0.1019, device='cuda:0', grad_fn=<DivBackward0>)
Memory status after this epoch: 
Memory allocated:  778.3828125
Memory cached:  1248.0
	 epoch  60 training error:  tensor(0.0971, device='cuda:0', grad_fn=<DivBackward0>)
Memory status after this epoch: 
Memory allocated:  778.3828125
Memory cached:  1244.0
	 epoch  70 training error:  tensor(0.0945, device='cuda:0', grad_fn=<DivBackward0>)
Memory status after this epoch: 
Memory allocated:  778.3828125
Memory cached:  1238.0
	 epoch  80 training error:  tensor(0.0943, device='cuda:0', grad_fn=<DivBackward0>)
Memory status after this epoch: 
Memory allocated:  778.3828125
Memory cached:  1246.0
	 epoch  90 training error:  tensor(0.0929, device='cuda:0', grad_fn=<DivBackward0>)
Memory status after this epoch: 
Memory allocated:  778.3828125
Memory cached:  1250.0
[I 2024-02-17 07:06:55,463] Trial 94 finished with value: 0.0732203871011734 and parameters: {'W_layers': 6, 'W_layer_units_exponent_0': 5, 'W_layer_units_exponent_1': 6, 'W_layer_units_exponent_2': 8, 'W_layer_units_exponent_3': 4, 'W_layer_units_exponent_4': 10, 'W_layer_units_exponent_5': 5, 'D_layers': 7, 'D_layer_units_exponent_0': 6, 'D_layer_units_exponent_1': 10, 'D_layer_units_exponent_2': 9, 'D_layer_units_exponent_3': 4, 'D_layer_units_exponent_4': 6, 'D_layer_units_exponent_5': 5, 'D_layer_units_exponent_6': 8, 'D_dagger_layers': 2, 'D_dagger_layer_units_exponent_0': 7, 'D_dagger_layer_units_exponent_1': 9, 'log_learning_rate': -4.221908436297657, 'log_learning_rate_D': -4.64999881710915, 'log_learning_rate_D_dagger': -3.469402313056923, 'training_batch_size': 6, 'training_p': 4}. Best is trial 67 with value: 0.07194268703460693.
Time for this trial:  832.220278263092
Memory status after this trial: 
Memory allocated:  1605.86767578125
Memory cached:  1620.0
--------------------  Trial  95   --------------------
Start timing: 
Parameters: 
{'W_layers': 6, 'W_layer_units_exponent_0': 5, 'W_layer_units_exponent_1': 6, 'W_layer_units_exponent_2': 8, 'W_layer_units_exponent_3': 4, 'W_layer_units_exponent_4': 10, 'W_layer_units_exponent_5': 5, 'D_layers': 7, 'D_layer_units_exponent_0': 6, 'D_layer_units_exponent_1': 10, 'D_layer_units_exponent_2': 9, 'D_layer_units_exponent_3': 4, 'D_layer_units_exponent_4': 6, 'D_layer_units_exponent_5': 5, 'D_layer_units_exponent_6': 8, 'D_dagger_layers': 2, 'D_dagger_layer_units_exponent_0': 7, 'D_dagger_layer_units_exponent_1': 9, 'log_learning_rate': -3.9608248205214394, 'log_learning_rate_D': -4.687911198105624, 'log_learning_rate_D_dagger': -3.470267742329633, 'training_batch_size': 6, 'training_p': 4}
	 epoch  0 training error:  tensor(0.6499, device='cuda:0', grad_fn=<DivBackward0>)
Memory status after this epoch: 
Memory allocated:  778.3828125
Memory cached:  1194.0
	 epoch  10 training error:  tensor(0.1467, device='cuda:0', grad_fn=<DivBackward0>)
Memory status after this epoch: 
Memory allocated:  778.3828125
Memory cached:  1246.0
	 epoch  20 training error:  tensor(0.1141, device='cuda:0', grad_fn=<DivBackward0>)
Memory status after this epoch: 
Memory allocated:  778.3828125
Memory cached:  1244.0
	 epoch  30 training error:  tensor(0.1052, device='cuda:0', grad_fn=<DivBackward0>)
Memory status after this epoch: 
Memory allocated:  778.3828125
Memory cached:  1242.0
	 epoch  40 training error:  tensor(0.1053, device='cuda:0', grad_fn=<DivBackward0>)
Memory status after this epoch: 
Memory allocated:  778.3828125
Memory cached:  1240.0
	 epoch  50 training error:  tensor(0.1021, device='cuda:0', grad_fn=<DivBackward0>)
Memory status after this epoch: 
Memory allocated:  778.3828125
Memory cached:  1244.0
	 epoch  60 training error:  tensor(0.1012, device='cuda:0', grad_fn=<DivBackward0>)
Memory status after this epoch: 
Memory allocated:  778.3828125
Memory cached:  1250.0
	 epoch  70 training error:  tensor(0.1023, device='cuda:0', grad_fn=<DivBackward0>)
Memory status after this epoch: 
Memory allocated:  778.3828125
Memory cached:  1238.0
	 epoch  80 training error:  tensor(0.0996, device='cuda:0', grad_fn=<DivBackward0>)
Memory status after this epoch: 
Memory allocated:  778.3828125
Memory cached:  1236.0
	 epoch  90 training error:  tensor(0.0960, device='cuda:0', grad_fn=<DivBackward0>)
Memory status after this epoch: 
Memory allocated:  778.3828125
Memory cached:  1246.0
