[I 2023-12-03 06:48:18,230] Trial 44 finished with value: 0.04134128615260124 and parameters: {'W_layers': 5, 'W_layer_units_exponent_0': 8, 'W_layer_units_exponent_1': 7, 'W_layer_units_exponent_2': 7, 'W_layer_units_exponent_3': 6, 'W_layer_units_exponent_4': 8, 'D_layers': 4, 'D_layer_units_exponent_0': 8, 'D_layer_units_exponent_1': 7, 'D_layer_units_exponent_2': 4, 'D_layer_units_exponent_3': 8, 'D_dagger_layers': 3, 'D_dagger_layer_units_exponent_0': 5, 'D_dagger_layer_units_exponent_1': 7, 'D_dagger_layer_units_exponent_2': 7, 'log_learning_rate': -3.150684526595195, 'log_learning_rate_D': -3.5528182999763938, 'log_learning_rate_D_dagger': -2.3803055089424427, 'training_batch_size': 10, 'training_p': 6}. Best is trial 32 with value: 0.03862375020980835.
Time for this trial:  162.85751056671143
Memory status after this trial: 
Memory allocated:  206.39306640625
Memory cached:  230.0
--------------------  Trial  45   --------------------
Start timing: 
Parameters: 
{'W_layers': 6, 'W_layer_units_exponent_0': 9, 'W_layer_units_exponent_1': 4, 'W_layer_units_exponent_2': 8, 'W_layer_units_exponent_3': 10, 'W_layer_units_exponent_4': 9, 'W_layer_units_exponent_5': 9, 'D_layers': 5, 'D_layer_units_exponent_0': 8, 'D_layer_units_exponent_1': 8, 'D_layer_units_exponent_2': 6, 'D_layer_units_exponent_3': 9, 'D_layer_units_exponent_4': 6, 'D_dagger_layers': 2, 'D_dagger_layer_units_exponent_0': 4, 'D_dagger_layer_units_exponent_1': 7, 'log_learning_rate': -2.7222230926610407, 'log_learning_rate_D': -3.9056207613267, 'log_learning_rate_D_dagger': -3.048917231568931, 'training_batch_size': 11, 'training_p': 7}
	 epoch  0 training error:  tensor(1.3936, device='cuda:0', grad_fn=<DivBackward0>)
Memory status after this epoch: 
Memory allocated:  133.82275390625
Memory cached:  270.0
	 epoch  10 training error:  tensor(1.0053, device='cuda:0', grad_fn=<DivBackward0>)
Memory status after this epoch: 
Memory allocated:  133.82275390625
Memory cached:  322.0
	 epoch  20 training error:  tensor(0.3459, device='cuda:0', grad_fn=<DivBackward0>)
Memory status after this epoch: 
Memory allocated:  133.82275390625
Memory cached:  326.0
	 epoch  30 training error:  tensor(0.1390, device='cuda:0', grad_fn=<DivBackward0>)
Memory status after this epoch: 
Memory allocated:  133.82275390625
Memory cached:  316.0
	 epoch  40 training error:  tensor(0.1100, device='cuda:0', grad_fn=<DivBackward0>)
Memory status after this epoch: 
Memory allocated:  133.82275390625
Memory cached:  318.0
	 epoch  50 training error:  tensor(0.0771, device='cuda:0', grad_fn=<DivBackward0>)
Memory status after this epoch: 
Memory allocated:  133.82275390625
Memory cached:  322.0
	 epoch  60 training error:  tensor(0.0649, device='cuda:0', grad_fn=<DivBackward0>)
Memory status after this epoch: 
Memory allocated:  133.82275390625
Memory cached:  316.0
	 epoch  70 training error:  tensor(0.0616, device='cuda:0', grad_fn=<DivBackward0>)
Memory status after this epoch: 
Memory allocated:  133.82275390625
Memory cached:  318.0
	 epoch  80 training error:  tensor(0.0589, device='cuda:0', grad_fn=<DivBackward0>)
Memory status after this epoch: 
Memory allocated:  133.82275390625
Memory cached:  314.0
	 epoch  90 training error:  tensor(0.0565, device='cuda:0', grad_fn=<DivBackward0>)
Memory status after this epoch: 
Memory allocated:  133.82275390625
Memory cached:  320.0
[I 2023-12-03 06:51:27,236] Trial 45 finished with value: 0.045575741678476334 and parameters: {'W_layers': 6, 'W_layer_units_exponent_0': 9, 'W_layer_units_exponent_1': 4, 'W_layer_units_exponent_2': 8, 'W_layer_units_exponent_3': 10, 'W_layer_units_exponent_4': 9, 'W_layer_units_exponent_5': 9, 'D_layers': 5, 'D_layer_units_exponent_0': 8, 'D_layer_units_exponent_1': 8, 'D_layer_units_exponent_2': 6, 'D_layer_units_exponent_3': 9, 'D_layer_units_exponent_4': 6, 'D_dagger_layers': 2, 'D_dagger_layer_units_exponent_0': 4, 'D_dagger_layer_units_exponent_1': 7, 'log_learning_rate': -2.7222230926610407, 'log_learning_rate_D': -3.9056207613267, 'log_learning_rate_D_dagger': -3.048917231568931, 'training_batch_size': 11, 'training_p': 7}. Best is trial 32 with value: 0.03862375020980835.
Time for this trial:  188.76516342163086
Memory status after this trial: 
Memory allocated:  339.6474609375
Memory cached:  362.0
--------------------  Trial  46   --------------------
Start timing: 
Parameters: 
{'W_layers': 4, 'W_layer_units_exponent_0': 8, 'W_layer_units_exponent_1': 5, 'W_layer_units_exponent_2': 9, 'W_layer_units_exponent_3': 5, 'D_layers': 7, 'D_layer_units_exponent_0': 7, 'D_layer_units_exponent_1': 6, 'D_layer_units_exponent_2': 5, 'D_layer_units_exponent_3': 8, 'D_layer_units_exponent_4': 5, 'D_layer_units_exponent_5': 9, 'D_layer_units_exponent_6': 8, 'D_dagger_layers': 3, 'D_dagger_layer_units_exponent_0': 6, 'D_dagger_layer_units_exponent_1': 6, 'D_dagger_layer_units_exponent_2': 6, 'log_learning_rate': -2.395050314566162, 'log_learning_rate_D': -4.510413221567656, 'log_learning_rate_D_dagger': -2.0913837735156213, 'training_batch_size': 10, 'training_p': 6}
	 epoch  0 training error:  tensor(0.7008, device='cuda:0', grad_fn=<DivBackward0>)
Memory status after this epoch: 
Memory allocated:  118.72509765625
Memory cached:  228.0
	 epoch  10 training error:  tensor(0.5993, device='cuda:0', grad_fn=<DivBackward0>)
Memory status after this epoch: 
Memory allocated:  118.72509765625
Memory cached:  232.0
	 epoch  20 training error:  tensor(0.3899, device='cuda:0', grad_fn=<DivBackward0>)
Memory status after this epoch: 
Memory allocated:  118.72509765625
Memory cached:  230.0
	 epoch  30 training error:  tensor(0.2093, device='cuda:0', grad_fn=<DivBackward0>)
Memory status after this epoch: 
Memory allocated:  118.72509765625
Memory cached:  232.0
	 epoch  40 training error:  tensor(0.1466, device='cuda:0', grad_fn=<DivBackward0>)
Memory status after this epoch: 
Memory allocated:  118.72509765625
Memory cached:  234.0
	 epoch  50 training error:  tensor(0.1098, device='cuda:0', grad_fn=<DivBackward0>)
Memory status after this epoch: 
Memory allocated:  118.72509765625
Memory cached:  230.0
	 epoch  60 training error:  tensor(0.0907, device='cuda:0', grad_fn=<DivBackward0>)
Memory status after this epoch: 
Memory allocated:  118.72509765625
Memory cached:  230.0
	 epoch  70 training error:  tensor(0.0707, device='cuda:0', grad_fn=<DivBackward0>)
Memory status after this epoch: 
Memory allocated:  118.72509765625
Memory cached:  234.0
	 epoch  80 training error:  tensor(0.0659, device='cuda:0', grad_fn=<DivBackward0>)
Memory status after this epoch: 
Memory allocated:  118.72509765625
Memory cached:  232.0
	 epoch  90 training error:  tensor(0.0623, device='cuda:0', grad_fn=<DivBackward0>)
Memory status after this epoch: 
Memory allocated:  118.72509765625
Memory cached:  230.0
[I 2023-12-03 06:54:30,287] Trial 46 finished with value: 0.0518343523144722 and parameters: {'W_layers': 4, 'W_layer_units_exponent_0': 8, 'W_layer_units_exponent_1': 5, 'W_layer_units_exponent_2': 9, 'W_layer_units_exponent_3': 5, 'D_layers': 7, 'D_layer_units_exponent_0': 7, 'D_layer_units_exponent_1': 6, 'D_layer_units_exponent_2': 5, 'D_layer_units_exponent_3': 8, 'D_layer_units_exponent_4': 5, 'D_layer_units_exponent_5': 9, 'D_layer_units_exponent_6': 8, 'D_dagger_layers': 3, 'D_dagger_layer_units_exponent_0': 6, 'D_dagger_layer_units_exponent_1': 6, 'D_dagger_layer_units_exponent_2': 6, 'log_learning_rate': -2.395050314566162, 'log_learning_rate_D': -4.510413221567656, 'log_learning_rate_D_dagger': -2.0913837735156213, 'training_batch_size': 10, 'training_p': 6}. Best is trial 32 with value: 0.03862375020980835.
Time for this trial:  182.7969253063202
Memory status after this trial: 
Memory allocated:  236.9765625
Memory cached:  240.0
--------------------  Trial  47   --------------------
Start timing: 
Parameters: 
{'W_layers': 7, 'W_layer_units_exponent_0': 8, 'W_layer_units_exponent_1': 4, 'W_layer_units_exponent_2': 4, 'W_layer_units_exponent_3': 4, 'W_layer_units_exponent_4': 10, 'W_layer_units_exponent_5': 7, 'W_layer_units_exponent_6': 5, 'D_layers': 3, 'D_layer_units_exponent_0': 6, 'D_layer_units_exponent_1': 10, 'D_layer_units_exponent_2': 6, 'D_dagger_layers': 2, 'D_dagger_layer_units_exponent_0': 5, 'D_dagger_layer_units_exponent_1': 7, 'log_learning_rate': -3.4391069109952936, 'log_learning_rate_D': -3.695337019024168, 'log_learning_rate_D_dagger': -2.519815582819696, 'training_batch_size': 11, 'training_p': 8}
	 epoch  0 training error:  tensor(1.1062, device='cuda:0', grad_fn=<DivBackward0>)
Memory status after this epoch: 
Memory allocated:  119.76416015625
Memory cached:  236.0
	 epoch  10 training error:  tensor(0.1228, device='cuda:0', grad_fn=<DivBackward0>)
Memory status after this epoch: 
Memory allocated:  119.76416015625
Memory cached:  268.0
	 epoch  20 training error:  tensor(0.0983, device='cuda:0', grad_fn=<DivBackward0>)
Memory status after this epoch: 
Memory allocated:  119.76416015625
Memory cached:  262.0
	 epoch  30 training error:  tensor(0.0787, device='cuda:0', grad_fn=<DivBackward0>)
Memory status after this epoch: 
Memory allocated:  119.76416015625
Memory cached:  262.0
	 epoch  40 training error:  tensor(0.0690, device='cuda:0', grad_fn=<DivBackward0>)
Memory status after this epoch: 
Memory allocated:  119.76416015625
Memory cached:  256.0
	 epoch  50 training error:  tensor(0.0642, device='cuda:0', grad_fn=<DivBackward0>)
Memory status after this epoch: 
Memory allocated:  119.76416015625
Memory cached:  264.0
	 epoch  60 training error:  tensor(0.0577, device='cuda:0', grad_fn=<DivBackward0>)
Memory status after this epoch: 
Memory allocated:  119.76416015625
Memory cached:  248.0
	 epoch  70 training error:  tensor(0.0557, device='cuda:0', grad_fn=<DivBackward0>)
Memory status after this epoch: 
Memory allocated:  119.76416015625
Memory cached:  262.0
	 epoch  80 training error:  tensor(0.0519, device='cuda:0', grad_fn=<DivBackward0>)
Memory status after this epoch: 
Memory allocated:  119.76416015625
Memory cached:  256.0
	 epoch  90 training error:  tensor(0.0553, device='cuda:0', grad_fn=<DivBackward0>)
Memory status after this epoch: 
Memory allocated:  119.76416015625
Memory cached:  260.0
[I 2023-12-03 06:57:21,533] Trial 47 finished with value: 0.06550987809896469 and parameters: {'W_layers': 7, 'W_layer_units_exponent_0': 8, 'W_layer_units_exponent_1': 4, 'W_layer_units_exponent_2': 4, 'W_layer_units_exponent_3': 4, 'W_layer_units_exponent_4': 10, 'W_layer_units_exponent_5': 7, 'W_layer_units_exponent_6': 5, 'D_layers': 3, 'D_layer_units_exponent_0': 6, 'D_layer_units_exponent_1': 10, 'D_layer_units_exponent_2': 6, 'D_dagger_layers': 2, 'D_dagger_layer_units_exponent_0': 5, 'D_dagger_layer_units_exponent_1': 7, 'log_learning_rate': -3.4391069109952936, 'log_learning_rate_D': -3.695337019024168, 'log_learning_rate_D_dagger': -2.519815582819696, 'training_batch_size': 11, 'training_p': 8}. Best is trial 32 with value: 0.03862375020980835.
Time for this trial:  170.9870946407318
Memory status after this trial: 
Memory allocated:  265.5283203125
Memory cached:  268.0
--------------------  Trial  48   --------------------
Start timing: 
Parameters: 
{'W_layers': 6, 'W_layer_units_exponent_0': 7, 'W_layer_units_exponent_1': 10, 'W_layer_units_exponent_2': 8, 'W_layer_units_exponent_3': 9, 'W_layer_units_exponent_4': 7, 'W_layer_units_exponent_5': 10, 'D_layers': 4, 'D_layer_units_exponent_0': 9, 'D_layer_units_exponent_1': 8, 'D_layer_units_exponent_2': 7, 'D_layer_units_exponent_3': 8, 'D_dagger_layers': 4, 'D_dagger_layer_units_exponent_0': 7, 'D_dagger_layer_units_exponent_1': 8, 'D_dagger_layer_units_exponent_2': 8, 'D_dagger_layer_units_exponent_3': 8, 'log_learning_rate': -2.629167560868643, 'log_learning_rate_D': -4.330319973079979, 'log_learning_rate_D_dagger': -2.245610734422364, 'training_batch_size': 10, 'training_p': 7}
	 epoch  0 training error:  tensor(0.9677, device='cuda:0', grad_fn=<DivBackward0>)
Memory status after this epoch: 
Memory allocated:  131.89306640625
Memory cached:  240.0
	 epoch  10 training error:  tensor(1.9833, device='cuda:0', grad_fn=<DivBackward0>)
Memory status after this epoch: 
Memory allocated:  131.89306640625
Memory cached:  274.0
	 epoch  20 training error:  tensor(0.3264, device='cuda:0', grad_fn=<DivBackward0>)
Memory status after this epoch: 
Memory allocated:  131.89306640625
Memory cached:  278.0
	 epoch  30 training error:  tensor(0.1816, device='cuda:0', grad_fn=<DivBackward0>)
Memory status after this epoch: 
Memory allocated:  131.89306640625
Memory cached:  274.0
	 epoch  40 training error:  tensor(0.1029, device='cuda:0', grad_fn=<DivBackward0>)
Memory status after this epoch: 
Memory allocated:  131.89306640625
Memory cached:  274.0
	 epoch  50 training error:  tensor(0.0851, device='cuda:0', grad_fn=<DivBackward0>)
Memory status after this epoch: 
Memory allocated:  131.89306640625
Memory cached:  272.0
	 epoch  60 training error:  tensor(0.0858, device='cuda:0', grad_fn=<DivBackward0>)
Memory status after this epoch: 
Memory allocated:  131.89306640625
Memory cached:  270.0
	 epoch  70 training error:  tensor(0.1610, device='cuda:0', grad_fn=<DivBackward0>)
Memory status after this epoch: 
Memory allocated:  131.89306640625
Memory cached:  276.0
	 epoch  80 training error:  tensor(0.0691, device='cuda:0', grad_fn=<DivBackward0>)
Memory status after this epoch: 
Memory allocated:  131.89306640625
Memory cached:  276.0
	 epoch  90 training error:  tensor(0.0838, device='cuda:0', grad_fn=<DivBackward0>)
Memory status after this epoch: 
Memory allocated:  131.89306640625
Memory cached:  270.0
[I 2023-12-03 07:00:43,564] Trial 48 finished with value: 0.056330569088459015 and parameters: {'W_layers': 6, 'W_layer_units_exponent_0': 7, 'W_layer_units_exponent_1': 10, 'W_layer_units_exponent_2': 8, 'W_layer_units_exponent_3': 9, 'W_layer_units_exponent_4': 7, 'W_layer_units_exponent_5': 10, 'D_layers': 4, 'D_layer_units_exponent_0': 9, 'D_layer_units_exponent_1': 8, 'D_layer_units_exponent_2': 7, 'D_layer_units_exponent_3': 8, 'D_dagger_layers': 4, 'D_dagger_layer_units_exponent_0': 7, 'D_dagger_layer_units_exponent_1': 8, 'D_dagger_layer_units_exponent_2': 8, 'D_dagger_layer_units_exponent_3': 8, 'log_learning_rate': -2.629167560868643, 'log_learning_rate_D': -4.330319973079979, 'log_learning_rate_D_dagger': -2.245610734422364, 'training_batch_size': 10, 'training_p': 7}. Best is trial 32 with value: 0.03862375020980835.
Time for this trial:  201.76465678215027
Memory status after this trial: 
Memory allocated:  384.986328125
Memory cached:  396.0
--------------------  Trial  49   --------------------
Start timing: 
Parameters: 
{'W_layers': 5, 'W_layer_units_exponent_0': 9, 'W_layer_units_exponent_1': 6, 'W_layer_units_exponent_2': 9, 'W_layer_units_exponent_3': 7, 'W_layer_units_exponent_4': 10, 'D_layers': 6, 'D_layer_units_exponent_0': 7, 'D_layer_units_exponent_1': 7, 'D_layer_units_exponent_2': 4, 'D_layer_units_exponent_3': 10, 'D_layer_units_exponent_4': 6, 'D_layer_units_exponent_5': 8, 'D_dagger_layers': 2, 'D_dagger_layer_units_exponent_0': 4, 'D_dagger_layer_units_exponent_1': 5, 'log_learning_rate': -2.898694969023535, 'log_learning_rate_D': -4.121696482225453, 'log_learning_rate_D_dagger': -2.613846054326725, 'training_batch_size': 9, 'training_p': 5}
	 epoch  0 training error:  tensor(1.2968, device='cuda:0', grad_fn=<DivBackward0>)
Memory status after this epoch: 
Memory allocated:  121.14306640625
Memory cached:  250.0
	 epoch  10 training error:  tensor(0.2703, device='cuda:0', grad_fn=<DivBackward0>)
Memory status after this epoch: 
Memory allocated:  121.14306640625
Memory cached:  294.0
	 epoch  20 training error:  tensor(0.1729, device='cuda:0', grad_fn=<DivBackward0>)
Memory status after this epoch: 
Memory allocated:  121.14306640625
Memory cached:  292.0
	 epoch  30 training error:  tensor(0.1488, device='cuda:0', grad_fn=<DivBackward0>)
Memory status after this epoch: 
Memory allocated:  121.14306640625
Memory cached:  292.0
	 epoch  40 training error:  tensor(0.0836, device='cuda:0', grad_fn=<DivBackward0>)
Memory status after this epoch: 
Memory allocated:  121.14306640625
Memory cached:  298.0
	 epoch  50 training error:  tensor(0.0671, device='cuda:0', grad_fn=<DivBackward0>)
Memory status after this epoch: 
Memory allocated:  121.14306640625
Memory cached:  300.0
	 epoch  60 training error:  tensor(0.0568, device='cuda:0', grad_fn=<DivBackward0>)
Memory status after this epoch: 
Memory allocated:  121.14306640625
Memory cached:  298.0
	 epoch  70 training error:  tensor(0.0507, device='cuda:0', grad_fn=<DivBackward0>)
Memory status after this epoch: 
Memory allocated:  121.14306640625
Memory cached:  298.0
	 epoch  80 training error:  tensor(0.0466, device='cuda:0', grad_fn=<DivBackward0>)
Memory status after this epoch: 
Memory allocated:  121.14306640625
Memory cached:  294.0
	 epoch  90 training error:  tensor(0.0443, device='cuda:0', grad_fn=<DivBackward0>)
Memory status after this epoch: 
Memory allocated:  121.14306640625
Memory cached:  294.0
[I 2023-12-03 07:03:48,201] Trial 49 finished with value: 0.03705648332834244 and parameters: {'W_layers': 5, 'W_layer_units_exponent_0': 9, 'W_layer_units_exponent_1': 6, 'W_layer_units_exponent_2': 9, 'W_layer_units_exponent_3': 7, 'W_layer_units_exponent_4': 10, 'D_layers': 6, 'D_layer_units_exponent_0': 7, 'D_layer_units_exponent_1': 7, 'D_layer_units_exponent_2': 4, 'D_layer_units_exponent_3': 10, 'D_layer_units_exponent_4': 6, 'D_layer_units_exponent_5': 8, 'D_dagger_layers': 2, 'D_dagger_layer_units_exponent_0': 4, 'D_dagger_layer_units_exponent_1': 5, 'log_learning_rate': -2.898694969023535, 'log_learning_rate_D': -4.121696482225453, 'log_learning_rate_D_dagger': -2.613846054326725, 'training_batch_size': 9, 'training_p': 5}. Best is trial 49 with value: 0.03705648332834244.
[I 2023-12-03 07:03:48,242] A new study created in memory with name: no-name-d60af42c-e629-4813-877a-20975e94207b
res:  tensor(0.0371, device='cuda:0', grad_fn=<DivBackward0>)
self.bestValue:  tensor(0.0386, device='cuda:0', grad_fn=<DivBackward0>)
Save this model!
Time for this trial:  184.379079580307
Memory status after this trial: 
Memory allocated:  201.337890625
Memory cached:  320.0
--------------------  Trial  0   --------------------
Start timing: 
Parameters: 
{'W_layers': 3, 'W_layer_units_exponent_0': 8, 'W_layer_units_exponent_1': 7, 'W_layer_units_exponent_2': 8, 'D_layers': 4, 'D_layer_units_exponent_0': 6, 'D_layer_units_exponent_1': 5, 'D_layer_units_exponent_2': 8, 'D_layer_units_exponent_3': 5, 'D_dagger_layers': 7, 'D_dagger_layer_units_exponent_0': 5, 'D_dagger_layer_units_exponent_1': 10, 'D_dagger_layer_units_exponent_2': 9, 'D_dagger_layer_units_exponent_3': 9, 'D_dagger_layer_units_exponent_4': 4, 'D_dagger_layer_units_exponent_5': 7, 'D_dagger_layer_units_exponent_6': 4, 'log_learning_rate': -2.038523568962213, 'log_learning_rate_D': -4.303734729715296, 'log_learning_rate_D_dagger': -4.893001972801058, 'training_batch_size': 9, 'training_p': 8}
	 epoch  0 training error:  tensor(0.8033, device='cuda:0', grad_fn=<DivBackward0>)
Memory status after this epoch: 
Memory allocated:  14.169921875
Memory cached:  100.0
	 epoch  10 training error:  tensor(1.1699, device='cuda:0', grad_fn=<DivBackward0>)
Memory status after this epoch: 
Memory allocated:  14.169921875
Memory cached:  138.0
	 epoch  20 training error:  tensor(0.4152, device='cuda:0', grad_fn=<DivBackward0>)
Memory status after this epoch: 
Memory allocated:  14.169921875
Memory cached:  160.0
	 epoch  30 training error:  tensor(0.3766, device='cuda:0', grad_fn=<DivBackward0>)
Memory status after this epoch: 
Memory allocated:  14.169921875
Memory cached:  148.0
	 epoch  40 training error:  tensor(0.2482, device='cuda:0', grad_fn=<DivBackward0>)
Memory status after this epoch: 
Memory allocated:  14.169921875
Memory cached:  132.0
	 epoch  50 training error:  tensor(0.1730, device='cuda:0', grad_fn=<DivBackward0>)
Memory status after this epoch: 
Memory allocated:  14.169921875
Memory cached:  156.0
	 epoch  60 training error:  tensor(0.1485, device='cuda:0', grad_fn=<DivBackward0>)
Memory status after this epoch: 
Memory allocated:  14.169921875
Memory cached:  150.0
	 epoch  70 training error:  tensor(0.1458, device='cuda:0', grad_fn=<DivBackward0>)
Memory status after this epoch: 
Memory allocated:  14.169921875
Memory cached:  146.0
	 epoch  80 training error:  tensor(0.1388, device='cuda:0', grad_fn=<DivBackward0>)
Memory status after this epoch: 
Memory allocated:  14.169921875
Memory cached:  150.0
	 epoch  90 training error:  tensor(0.1320, device='cuda:0', grad_fn=<DivBackward0>)
Memory status after this epoch: 
Memory allocated:  14.169921875
Memory cached:  148.0
