[I 2023-12-07 05:12:29,642] Trial 94 finished with value: 0.33696839213371277 and parameters: {'W_layers': 8, 'W_layer_units_exponent_0': 7, 'W_layer_units_exponent_1': 7, 'W_layer_units_exponent_2': 7, 'W_layer_units_exponent_3': 5, 'W_layer_units_exponent_4': 9, 'W_layer_units_exponent_5': 7, 'W_layer_units_exponent_6': 4, 'W_layer_units_exponent_7': 5, 'D_layers': 5, 'D_layer_units_exponent_0': 6, 'D_layer_units_exponent_1': 4, 'D_layer_units_exponent_2': 6, 'D_layer_units_exponent_3': 10, 'D_layer_units_exponent_4': 7, 'D_dagger_layers': 5, 'D_dagger_layer_units_exponent_0': 9, 'D_dagger_layer_units_exponent_1': 6, 'D_dagger_layer_units_exponent_2': 6, 'D_dagger_layer_units_exponent_3': 4, 'D_dagger_layer_units_exponent_4': 7, 'log_learning_rate': -4.194028701318112, 'log_learning_rate_D': -3.204999291023539, 'log_learning_rate_D_dagger': -2.194381498870703, 'training_batch_size': 7, 'training_p': 2}. Best is trial 25 with value: 0.33126506209373474.
Time for this trial:  17.984564781188965
Memory status after this trial: 
Memory allocated:  263.25146484375
Memory cached:  324.0
--------------------  Trial  95   --------------------
Start timing: 
Parameters: 
{'W_layers': 8, 'W_layer_units_exponent_0': 9, 'W_layer_units_exponent_1': 6, 'W_layer_units_exponent_2': 8, 'W_layer_units_exponent_3': 7, 'W_layer_units_exponent_4': 10, 'W_layer_units_exponent_5': 6, 'W_layer_units_exponent_6': 8, 'W_layer_units_exponent_7': 7, 'D_layers': 6, 'D_layer_units_exponent_0': 4, 'D_layer_units_exponent_1': 9, 'D_layer_units_exponent_2': 6, 'D_layer_units_exponent_3': 8, 'D_layer_units_exponent_4': 8, 'D_layer_units_exponent_5': 6, 'D_dagger_layers': 5, 'D_dagger_layer_units_exponent_0': 7, 'D_dagger_layer_units_exponent_1': 7, 'D_dagger_layer_units_exponent_2': 5, 'D_dagger_layer_units_exponent_3': 6, 'D_dagger_layer_units_exponent_4': 4, 'log_learning_rate': -4.029134120473519, 'log_learning_rate_D': -3.058229950528864, 'log_learning_rate_D_dagger': -2.323496412727667, 'training_batch_size': 8, 'training_p': 5}
	 epoch  0 training error:  tensor(1.0034, device='cuda:0', grad_fn=<DivBackward0>)
Memory status after this epoch: 
Memory allocated:  166.7421875
Memory cached:  294.0
	 epoch  10 training error:  tensor(0.5000, device='cuda:0', grad_fn=<DivBackward0>)
Memory status after this epoch: 
Memory allocated:  166.7421875
Memory cached:  294.0
	 epoch  20 training error:  tensor(0.4304, device='cuda:0', grad_fn=<DivBackward0>)
Memory status after this epoch: 
Memory allocated:  166.7421875
Memory cached:  294.0
	 epoch  30 training error:  tensor(0.3953, device='cuda:0', grad_fn=<DivBackward0>)
Memory status after this epoch: 
Memory allocated:  166.7421875
Memory cached:  294.0
	 epoch  40 training error:  tensor(0.3781, device='cuda:0', grad_fn=<DivBackward0>)
Memory status after this epoch: 
Memory allocated:  166.7421875
Memory cached:  294.0
	 epoch  50 training error:  tensor(0.3895, device='cuda:0', grad_fn=<DivBackward0>)
Memory status after this epoch: 
Memory allocated:  166.7421875
Memory cached:  294.0
	 epoch  60 training error:  tensor(0.3792, device='cuda:0', grad_fn=<DivBackward0>)
Memory status after this epoch: 
Memory allocated:  166.7421875
Memory cached:  294.0
	 epoch  70 training error:  tensor(0.3700, device='cuda:0', grad_fn=<DivBackward0>)
Memory status after this epoch: 
Memory allocated:  166.7421875
Memory cached:  294.0
	 epoch  80 training error:  tensor(0.3667, device='cuda:0', grad_fn=<DivBackward0>)
Memory status after this epoch: 
Memory allocated:  166.7421875
Memory cached:  294.0
	 epoch  90 training error:  tensor(0.3655, device='cuda:0', grad_fn=<DivBackward0>)
Memory status after this epoch: 
Memory allocated:  166.7421875
Memory cached:  294.0
[I 2023-12-07 05:12:49,187] Trial 95 finished with value: 0.33401283621788025 and parameters: {'W_layers': 8, 'W_layer_units_exponent_0': 9, 'W_layer_units_exponent_1': 6, 'W_layer_units_exponent_2': 8, 'W_layer_units_exponent_3': 7, 'W_layer_units_exponent_4': 10, 'W_layer_units_exponent_5': 6, 'W_layer_units_exponent_6': 8, 'W_layer_units_exponent_7': 7, 'D_layers': 6, 'D_layer_units_exponent_0': 4, 'D_layer_units_exponent_1': 9, 'D_layer_units_exponent_2': 6, 'D_layer_units_exponent_3': 8, 'D_layer_units_exponent_4': 8, 'D_layer_units_exponent_5': 6, 'D_dagger_layers': 5, 'D_dagger_layer_units_exponent_0': 7, 'D_dagger_layer_units_exponent_1': 7, 'D_dagger_layer_units_exponent_2': 5, 'D_dagger_layer_units_exponent_3': 6, 'D_dagger_layer_units_exponent_4': 4, 'log_learning_rate': -4.029134120473519, 'log_learning_rate_D': -3.058229950528864, 'log_learning_rate_D_dagger': -2.323496412727667, 'training_batch_size': 8, 'training_p': 5}. Best is trial 25 with value: 0.33126506209373474.
Time for this trial:  19.297526121139526
Memory status after this trial: 
Memory allocated:  314.37841796875
Memory cached:  336.0
--------------------  Trial  96   --------------------
Start timing: 
Parameters: 
{'W_layers': 7, 'W_layer_units_exponent_0': 8, 'W_layer_units_exponent_1': 8, 'W_layer_units_exponent_2': 7, 'W_layer_units_exponent_3': 5, 'W_layer_units_exponent_4': 9, 'W_layer_units_exponent_5': 6, 'W_layer_units_exponent_6': 6, 'D_layers': 5, 'D_layer_units_exponent_0': 7, 'D_layer_units_exponent_1': 6, 'D_layer_units_exponent_2': 8, 'D_layer_units_exponent_3': 8, 'D_layer_units_exponent_4': 5, 'D_dagger_layers': 6, 'D_dagger_layer_units_exponent_0': 6, 'D_dagger_layer_units_exponent_1': 9, 'D_dagger_layer_units_exponent_2': 8, 'D_dagger_layer_units_exponent_3': 4, 'D_dagger_layer_units_exponent_4': 5, 'D_dagger_layer_units_exponent_5': 7, 'log_learning_rate': -3.432879361443441, 'log_learning_rate_D': -3.313578779584268, 'log_learning_rate_D_dagger': -2.529019103109497, 'training_batch_size': 8, 'training_p': 3}
	 epoch  0 training error:  tensor(0.9628, device='cuda:0', grad_fn=<DivBackward0>)
Memory status after this epoch: 
Memory allocated:  166.22265625
Memory cached:  296.0
	 epoch  10 training error:  tensor(0.4379, device='cuda:0', grad_fn=<DivBackward0>)
Memory status after this epoch: 
Memory allocated:  166.22265625
Memory cached:  296.0
	 epoch  20 training error:  tensor(0.3927, device='cuda:0', grad_fn=<DivBackward0>)
Memory status after this epoch: 
Memory allocated:  166.22265625
Memory cached:  296.0
	 epoch  30 training error:  tensor(0.3771, device='cuda:0', grad_fn=<DivBackward0>)
Memory status after this epoch: 
Memory allocated:  166.22265625
Memory cached:  296.0
	 epoch  40 training error:  tensor(0.3837, device='cuda:0', grad_fn=<DivBackward0>)
Memory status after this epoch: 
Memory allocated:  166.22265625
Memory cached:  296.0
	 epoch  50 training error:  tensor(0.3683, device='cuda:0', grad_fn=<DivBackward0>)
Memory status after this epoch: 
Memory allocated:  166.22265625
Memory cached:  296.0
	 epoch  60 training error:  tensor(0.3604, device='cuda:0', grad_fn=<DivBackward0>)
Memory status after this epoch: 
Memory allocated:  166.22265625
Memory cached:  296.0
	 epoch  70 training error:  tensor(0.3651, device='cuda:0', grad_fn=<DivBackward0>)
Memory status after this epoch: 
Memory allocated:  166.22265625
Memory cached:  296.0
	 epoch  80 training error:  tensor(0.3589, device='cuda:0', grad_fn=<DivBackward0>)
Memory status after this epoch: 
Memory allocated:  166.22265625
Memory cached:  296.0
	 epoch  90 training error:  tensor(0.3558, device='cuda:0', grad_fn=<DivBackward0>)
Memory status after this epoch: 
Memory allocated:  166.22265625
Memory cached:  296.0
[I 2023-12-07 05:13:08,066] Trial 96 finished with value: 0.3366524875164032 and parameters: {'W_layers': 7, 'W_layer_units_exponent_0': 8, 'W_layer_units_exponent_1': 8, 'W_layer_units_exponent_2': 7, 'W_layer_units_exponent_3': 5, 'W_layer_units_exponent_4': 9, 'W_layer_units_exponent_5': 6, 'W_layer_units_exponent_6': 6, 'D_layers': 5, 'D_layer_units_exponent_0': 7, 'D_layer_units_exponent_1': 6, 'D_layer_units_exponent_2': 8, 'D_layer_units_exponent_3': 8, 'D_layer_units_exponent_4': 5, 'D_dagger_layers': 6, 'D_dagger_layer_units_exponent_0': 6, 'D_dagger_layer_units_exponent_1': 9, 'D_dagger_layer_units_exponent_2': 8, 'D_dagger_layer_units_exponent_3': 4, 'D_dagger_layer_units_exponent_4': 5, 'D_dagger_layer_units_exponent_5': 7, 'log_learning_rate': -3.432879361443441, 'log_learning_rate_D': -3.313578779584268, 'log_learning_rate_D_dagger': -2.529019103109497, 'training_batch_size': 8, 'training_p': 3}. Best is trial 25 with value: 0.33126506209373474.
Time for this trial:  18.6436128616333
Memory status after this trial: 
Memory allocated:  288.66552734375
Memory cached:  308.0
--------------------  Trial  97   --------------------
Start timing: 
Parameters: 
{'W_layers': 8, 'W_layer_units_exponent_0': 7, 'W_layer_units_exponent_1': 9, 'W_layer_units_exponent_2': 5, 'W_layer_units_exponent_3': 6, 'W_layer_units_exponent_4': 6, 'W_layer_units_exponent_5': 7, 'W_layer_units_exponent_6': 7, 'W_layer_units_exponent_7': 8, 'D_layers': 4, 'D_layer_units_exponent_0': 7, 'D_layer_units_exponent_1': 5, 'D_layer_units_exponent_2': 6, 'D_layer_units_exponent_3': 10, 'D_dagger_layers': 6, 'D_dagger_layer_units_exponent_0': 9, 'D_dagger_layer_units_exponent_1': 6, 'D_dagger_layer_units_exponent_2': 5, 'D_dagger_layer_units_exponent_3': 5, 'D_dagger_layer_units_exponent_4': 5, 'D_dagger_layer_units_exponent_5': 9, 'log_learning_rate': -4.092567933514787, 'log_learning_rate_D': -2.751756416645479, 'log_learning_rate_D_dagger': -2.1313453394497195, 'training_batch_size': 7, 'training_p': 2}
	 epoch  0 training error:  tensor(0.9996, device='cuda:0', grad_fn=<DivBackward0>)
Memory status after this epoch: 
Memory allocated:  164.16552734375
Memory cached:  296.0
	 epoch  10 training error:  tensor(0.4700, device='cuda:0', grad_fn=<DivBackward0>)
Memory status after this epoch: 
Memory allocated:  164.16552734375
Memory cached:  298.0
	 epoch  20 training error:  tensor(0.3870, device='cuda:0', grad_fn=<DivBackward0>)
Memory status after this epoch: 
Memory allocated:  164.16552734375
Memory cached:  298.0
	 epoch  30 training error:  tensor(0.3830, device='cuda:0', grad_fn=<DivBackward0>)
Memory status after this epoch: 
Memory allocated:  164.16552734375
Memory cached:  298.0
	 epoch  40 training error:  tensor(0.3528, device='cuda:0', grad_fn=<DivBackward0>)
Memory status after this epoch: 
Memory allocated:  164.16552734375
Memory cached:  298.0
	 epoch  50 training error:  tensor(0.3457, device='cuda:0', grad_fn=<DivBackward0>)
Memory status after this epoch: 
Memory allocated:  164.16552734375
Memory cached:  298.0
	 epoch  60 training error:  tensor(0.3478, device='cuda:0', grad_fn=<DivBackward0>)
Memory status after this epoch: 
Memory allocated:  164.16552734375
Memory cached:  298.0
	 epoch  70 training error:  tensor(0.3419, device='cuda:0', grad_fn=<DivBackward0>)
Memory status after this epoch: 
Memory allocated:  164.16552734375
Memory cached:  298.0
	 epoch  80 training error:  tensor(0.3437, device='cuda:0', grad_fn=<DivBackward0>)
Memory status after this epoch: 
Memory allocated:  164.16552734375
Memory cached:  298.0
	 epoch  90 training error:  tensor(0.3410, device='cuda:0', grad_fn=<DivBackward0>)
Memory status after this epoch: 
Memory allocated:  164.16552734375
Memory cached:  298.0
[I 2023-12-07 05:13:27,285] Trial 97 finished with value: 0.3450692296028137 and parameters: {'W_layers': 8, 'W_layer_units_exponent_0': 7, 'W_layer_units_exponent_1': 9, 'W_layer_units_exponent_2': 5, 'W_layer_units_exponent_3': 6, 'W_layer_units_exponent_4': 6, 'W_layer_units_exponent_5': 7, 'W_layer_units_exponent_6': 7, 'W_layer_units_exponent_7': 8, 'D_layers': 4, 'D_layer_units_exponent_0': 7, 'D_layer_units_exponent_1': 5, 'D_layer_units_exponent_2': 6, 'D_layer_units_exponent_3': 10, 'D_dagger_layers': 6, 'D_dagger_layer_units_exponent_0': 9, 'D_dagger_layer_units_exponent_1': 6, 'D_dagger_layer_units_exponent_2': 5, 'D_dagger_layer_units_exponent_3': 5, 'D_dagger_layer_units_exponent_4': 5, 'D_dagger_layer_units_exponent_5': 9, 'log_learning_rate': -4.092567933514787, 'log_learning_rate_D': -2.751756416645479, 'log_learning_rate_D_dagger': -2.1313453394497195, 'training_batch_size': 7, 'training_p': 2}. Best is trial 25 with value: 0.33126506209373474.
Time for this trial:  18.976287364959717
Memory status after this trial: 
Memory allocated:  292.68994140625
Memory cached:  314.0
--------------------  Trial  98   --------------------
Start timing: 
Parameters: 
{'W_layers': 2, 'W_layer_units_exponent_0': 8, 'W_layer_units_exponent_1': 7, 'D_layers': 5, 'D_layer_units_exponent_0': 6, 'D_layer_units_exponent_1': 9, 'D_layer_units_exponent_2': 7, 'D_layer_units_exponent_3': 7, 'D_layer_units_exponent_4': 6, 'D_dagger_layers': 5, 'D_dagger_layer_units_exponent_0': 5, 'D_dagger_layer_units_exponent_1': 8, 'D_dagger_layer_units_exponent_2': 6, 'D_dagger_layer_units_exponent_3': 5, 'D_dagger_layer_units_exponent_4': 6, 'log_learning_rate': -4.445862181589099, 'log_learning_rate_D': -2.9230625492810667, 'log_learning_rate_D_dagger': -2.764142449517897, 'training_batch_size': 7, 'training_p': 3}
	 epoch  0 training error:  tensor(1.0872, device='cuda:0', grad_fn=<DivBackward0>)
Memory status after this epoch: 
Memory allocated:  162.22119140625
Memory cached:  294.0
	 epoch  10 training error:  tensor(0.4772, device='cuda:0', grad_fn=<DivBackward0>)
Memory status after this epoch: 
Memory allocated:  162.22119140625
Memory cached:  294.0
	 epoch  20 training error:  tensor(0.4180, device='cuda:0', grad_fn=<DivBackward0>)
Memory status after this epoch: 
Memory allocated:  162.22119140625
Memory cached:  294.0
	 epoch  30 training error:  tensor(0.3987, device='cuda:0', grad_fn=<DivBackward0>)
Memory status after this epoch: 
Memory allocated:  162.22119140625
Memory cached:  294.0
	 epoch  40 training error:  tensor(0.3827, device='cuda:0', grad_fn=<DivBackward0>)
Memory status after this epoch: 
Memory allocated:  162.22119140625
Memory cached:  294.0
	 epoch  50 training error:  tensor(0.3700, device='cuda:0', grad_fn=<DivBackward0>)
Memory status after this epoch: 
Memory allocated:  162.22119140625
Memory cached:  294.0
	 epoch  60 training error:  tensor(0.3610, device='cuda:0', grad_fn=<DivBackward0>)
Memory status after this epoch: 
Memory allocated:  162.22119140625
Memory cached:  294.0
	 epoch  70 training error:  tensor(0.3589, device='cuda:0', grad_fn=<DivBackward0>)
Memory status after this epoch: 
Memory allocated:  162.22119140625
Memory cached:  294.0
	 epoch  80 training error:  tensor(0.3686, device='cuda:0', grad_fn=<DivBackward0>)
Memory status after this epoch: 
Memory allocated:  162.22119140625
Memory cached:  294.0
	 epoch  90 training error:  tensor(0.3664, device='cuda:0', grad_fn=<DivBackward0>)
Memory status after this epoch: 
Memory allocated:  162.22119140625
Memory cached:  294.0
[I 2023-12-07 05:13:43,379] Trial 98 finished with value: 0.337062805891037 and parameters: {'W_layers': 2, 'W_layer_units_exponent_0': 8, 'W_layer_units_exponent_1': 7, 'D_layers': 5, 'D_layer_units_exponent_0': 6, 'D_layer_units_exponent_1': 9, 'D_layer_units_exponent_2': 7, 'D_layer_units_exponent_3': 7, 'D_layer_units_exponent_4': 6, 'D_dagger_layers': 5, 'D_dagger_layer_units_exponent_0': 5, 'D_dagger_layer_units_exponent_1': 8, 'D_dagger_layer_units_exponent_2': 6, 'D_dagger_layer_units_exponent_3': 5, 'D_dagger_layer_units_exponent_4': 6, 'log_learning_rate': -4.445862181589099, 'log_learning_rate_D': -2.9230625492810667, 'log_learning_rate_D_dagger': -2.764142449517897, 'training_batch_size': 7, 'training_p': 3}. Best is trial 25 with value: 0.33126506209373474.
Time for this trial:  15.89478588104248
Memory status after this trial: 
Memory allocated:  205.83740234375
Memory cached:  294.0
--------------------  Trial  99   --------------------
Start timing: 
Parameters: 
{'W_layers': 6, 'W_layer_units_exponent_0': 9, 'W_layer_units_exponent_1': 9, 'W_layer_units_exponent_2': 8, 'W_layer_units_exponent_3': 7, 'W_layer_units_exponent_4': 8, 'W_layer_units_exponent_5': 7, 'D_layers': 6, 'D_layer_units_exponent_0': 5, 'D_layer_units_exponent_1': 5, 'D_layer_units_exponent_2': 6, 'D_layer_units_exponent_3': 6, 'D_layer_units_exponent_4': 9, 'D_layer_units_exponent_5': 7, 'D_dagger_layers': 6, 'D_dagger_layer_units_exponent_0': 8, 'D_dagger_layer_units_exponent_1': 6, 'D_dagger_layer_units_exponent_2': 6, 'D_dagger_layer_units_exponent_3': 8, 'D_dagger_layer_units_exponent_4': 4, 'D_dagger_layer_units_exponent_5': 8, 'log_learning_rate': -3.7431727740009144, 'log_learning_rate_D': -3.1794793658600047, 'log_learning_rate_D_dagger': -2.4255797897231295, 'training_batch_size': 6, 'training_p': 4}
	 epoch  0 training error:  tensor(0.9239, device='cuda:0', grad_fn=<DivBackward0>)
Memory status after this epoch: 
Memory allocated:  169.416015625
Memory cached:  294.0
	 epoch  10 training error:  tensor(0.4431, device='cuda:0', grad_fn=<DivBackward0>)
Memory status after this epoch: 
Memory allocated:  169.416015625
Memory cached:  294.0
	 epoch  20 training error:  tensor(0.4161, device='cuda:0', grad_fn=<DivBackward0>)
Memory status after this epoch: 
Memory allocated:  169.416015625
Memory cached:  294.0
	 epoch  30 training error:  tensor(0.3832, device='cuda:0', grad_fn=<DivBackward0>)
Memory status after this epoch: 
Memory allocated:  169.416015625
Memory cached:  294.0
	 epoch  40 training error:  tensor(0.3753, device='cuda:0', grad_fn=<DivBackward0>)
Memory status after this epoch: 
Memory allocated:  169.416015625
Memory cached:  294.0
	 epoch  50 training error:  tensor(0.3904, device='cuda:0', grad_fn=<DivBackward0>)
Memory status after this epoch: 
Memory allocated:  169.416015625
Memory cached:  294.0
	 epoch  60 training error:  tensor(0.3681, device='cuda:0', grad_fn=<DivBackward0>)
Memory status after this epoch: 
Memory allocated:  169.416015625
Memory cached:  294.0
	 epoch  70 training error:  tensor(0.3632, device='cuda:0', grad_fn=<DivBackward0>)
Memory status after this epoch: 
Memory allocated:  169.416015625
Memory cached:  294.0
	 epoch  80 training error:  tensor(0.3623, device='cuda:0', grad_fn=<DivBackward0>)
Memory status after this epoch: 
Memory allocated:  169.416015625
Memory cached:  294.0
	 epoch  90 training error:  tensor(0.3632, device='cuda:0', grad_fn=<DivBackward0>)
Memory status after this epoch: 
Memory allocated:  169.416015625
Memory cached:  294.0
[I 2023-12-07 05:14:05,525] Trial 99 finished with value: 0.3336060345172882 and parameters: {'W_layers': 6, 'W_layer_units_exponent_0': 9, 'W_layer_units_exponent_1': 9, 'W_layer_units_exponent_2': 8, 'W_layer_units_exponent_3': 7, 'W_layer_units_exponent_4': 8, 'W_layer_units_exponent_5': 7, 'D_layers': 6, 'D_layer_units_exponent_0': 5, 'D_layer_units_exponent_1': 5, 'D_layer_units_exponent_2': 6, 'D_layer_units_exponent_3': 6, 'D_layer_units_exponent_4': 9, 'D_layer_units_exponent_5': 7, 'D_dagger_layers': 6, 'D_dagger_layer_units_exponent_0': 8, 'D_dagger_layer_units_exponent_1': 6, 'D_dagger_layer_units_exponent_2': 6, 'D_dagger_layer_units_exponent_3': 8, 'D_dagger_layer_units_exponent_4': 4, 'D_dagger_layer_units_exponent_5': 8, 'log_learning_rate': -3.7431727740009144, 'log_learning_rate_D': -3.1794793658600047, 'log_learning_rate_D_dagger': -2.4255797897231295, 'training_batch_size': 6, 'training_p': 4}. Best is trial 25 with value: 0.33126506209373474.
Time for this trial:  21.903038501739502
Memory status after this trial: 
Memory allocated:  309.30322265625
Memory cached:  324.0
