[I 2024-01-11 12:51:44,255] Trial 192 finished with value: 0.20734666287899017 and parameters: {'W_layers': 8, 'W_layer_units_exponent_0': 4, 'W_layer_units_exponent_1': 4, 'W_layer_units_exponent_2': 10, 'W_layer_units_exponent_3': 7, 'W_layer_units_exponent_4': 5, 'W_layer_units_exponent_5': 10, 'W_layer_units_exponent_6': 4, 'W_layer_units_exponent_7': 6, 'D_layers': 4, 'D_layer_units_exponent_0': 7, 'D_layer_units_exponent_1': 10, 'D_layer_units_exponent_2': 5, 'D_layer_units_exponent_3': 7, 'D_dagger_layers': 4, 'D_dagger_layer_units_exponent_0': 7, 'D_dagger_layer_units_exponent_1': 10, 'D_dagger_layer_units_exponent_2': 4, 'D_dagger_layer_units_exponent_3': 9, 'log_learning_rate': -2.8405220512256584, 'log_learning_rate_D': -2.04978119931943, 'log_learning_rate_D_dagger': -4.114222033628868, 'training_batch_size': 7, 'training_p': 2}. Best is trial 147 with value: 0.20693741738796234.
Time for this trial:  28.126917362213135
Memory status after this trial: 
Memory allocated:  751.64306640625
Memory cached:  778.0
--------------------  Trial  193   --------------------
Start timing: 
Parameters: 
{'W_layers': 8, 'W_layer_units_exponent_0': 4, 'W_layer_units_exponent_1': 4, 'W_layer_units_exponent_2': 10, 'W_layer_units_exponent_3': 7, 'W_layer_units_exponent_4': 5, 'W_layer_units_exponent_5': 10, 'W_layer_units_exponent_6': 4, 'W_layer_units_exponent_7': 6, 'D_layers': 4, 'D_layer_units_exponent_0': 7, 'D_layer_units_exponent_1': 10, 'D_layer_units_exponent_2': 5, 'D_layer_units_exponent_3': 7, 'D_dagger_layers': 4, 'D_dagger_layer_units_exponent_0': 7, 'D_dagger_layer_units_exponent_1': 10, 'D_dagger_layer_units_exponent_2': 4, 'D_dagger_layer_units_exponent_3': 9, 'log_learning_rate': -2.8566621720830145, 'log_learning_rate_D': -2.0134538351192437, 'log_learning_rate_D_dagger': -4.108074853862728, 'training_batch_size': 7, 'training_p': 2}
	 epoch  0 training error:  tensor(1.1315, device='cuda:0', grad_fn=<DivBackward0>)
Memory status after this epoch: 
Memory allocated:  326.59912109375
Memory cached:  412.0
	 epoch  10 training error:  tensor(0.4777, device='cuda:0', grad_fn=<DivBackward0>)
Memory status after this epoch: 
Memory allocated:  326.59912109375
Memory cached:  412.0
	 epoch  20 training error:  tensor(0.2396, device='cuda:0', grad_fn=<DivBackward0>)
Memory status after this epoch: 
Memory allocated:  326.59912109375
Memory cached:  412.0
	 epoch  30 training error:  tensor(0.2172, device='cuda:0', grad_fn=<DivBackward0>)
Memory status after this epoch: 
Memory allocated:  326.59912109375
Memory cached:  412.0
	 epoch  40 training error:  tensor(0.2004, device='cuda:0', grad_fn=<DivBackward0>)
Memory status after this epoch: 
Memory allocated:  326.59912109375
Memory cached:  412.0
	 epoch  50 training error:  tensor(0.1915, device='cuda:0', grad_fn=<DivBackward0>)
Memory status after this epoch: 
Memory allocated:  326.59912109375
Memory cached:  412.0
	 epoch  60 training error:  tensor(0.1873, device='cuda:0', grad_fn=<DivBackward0>)
Memory status after this epoch: 
Memory allocated:  326.59912109375
Memory cached:  412.0
	 epoch  70 training error:  tensor(0.1867, device='cuda:0', grad_fn=<DivBackward0>)
Memory status after this epoch: 
Memory allocated:  326.59912109375
Memory cached:  412.0
	 epoch  80 training error:  tensor(0.1857, device='cuda:0', grad_fn=<DivBackward0>)
Memory status after this epoch: 
Memory allocated:  326.59912109375
Memory cached:  412.0
	 epoch  90 training error:  tensor(0.1870, device='cuda:0', grad_fn=<DivBackward0>)
Memory status after this epoch: 
Memory allocated:  326.59912109375
Memory cached:  412.0
[I 2024-01-11 12:52:12,686] Trial 193 finished with value: 0.20761895179748535 and parameters: {'W_layers': 8, 'W_layer_units_exponent_0': 4, 'W_layer_units_exponent_1': 4, 'W_layer_units_exponent_2': 10, 'W_layer_units_exponent_3': 7, 'W_layer_units_exponent_4': 5, 'W_layer_units_exponent_5': 10, 'W_layer_units_exponent_6': 4, 'W_layer_units_exponent_7': 6, 'D_layers': 4, 'D_layer_units_exponent_0': 7, 'D_layer_units_exponent_1': 10, 'D_layer_units_exponent_2': 5, 'D_layer_units_exponent_3': 7, 'D_dagger_layers': 4, 'D_dagger_layer_units_exponent_0': 7, 'D_dagger_layer_units_exponent_1': 10, 'D_dagger_layer_units_exponent_2': 4, 'D_dagger_layer_units_exponent_3': 9, 'log_learning_rate': -2.8566621720830145, 'log_learning_rate_D': -2.0134538351192437, 'log_learning_rate_D_dagger': -4.108074853862728, 'training_batch_size': 7, 'training_p': 2}. Best is trial 147 with value: 0.20693741738796234.
Time for this trial:  27.964463233947754
Memory status after this trial: 
Memory allocated:  751.64306640625
Memory cached:  778.0
--------------------  Trial  194   --------------------
Start timing: 
Parameters: 
{'W_layers': 8, 'W_layer_units_exponent_0': 4, 'W_layer_units_exponent_1': 4, 'W_layer_units_exponent_2': 10, 'W_layer_units_exponent_3': 7, 'W_layer_units_exponent_4': 5, 'W_layer_units_exponent_5': 10, 'W_layer_units_exponent_6': 4, 'W_layer_units_exponent_7': 6, 'D_layers': 4, 'D_layer_units_exponent_0': 7, 'D_layer_units_exponent_1': 10, 'D_layer_units_exponent_2': 5, 'D_layer_units_exponent_3': 7, 'D_dagger_layers': 4, 'D_dagger_layer_units_exponent_0': 7, 'D_dagger_layer_units_exponent_1': 10, 'D_dagger_layer_units_exponent_2': 4, 'D_dagger_layer_units_exponent_3': 9, 'log_learning_rate': -2.8042936156010354, 'log_learning_rate_D': -2.2970717368735567, 'log_learning_rate_D_dagger': -4.175872155304585, 'training_batch_size': 7, 'training_p': 2}
	 epoch  0 training error:  tensor(0.9128, device='cuda:0', grad_fn=<DivBackward0>)
Memory status after this epoch: 
Memory allocated:  326.59912109375
Memory cached:  412.0
	 epoch  10 training error:  tensor(0.3717, device='cuda:0', grad_fn=<DivBackward0>)
Memory status after this epoch: 
Memory allocated:  326.59912109375
Memory cached:  412.0
	 epoch  20 training error:  tensor(0.2363, device='cuda:0', grad_fn=<DivBackward0>)
Memory status after this epoch: 
Memory allocated:  326.59912109375
Memory cached:  412.0
	 epoch  30 training error:  tensor(0.2146, device='cuda:0', grad_fn=<DivBackward0>)
Memory status after this epoch: 
Memory allocated:  326.59912109375
Memory cached:  412.0
	 epoch  40 training error:  tensor(0.2039, device='cuda:0', grad_fn=<DivBackward0>)
Memory status after this epoch: 
Memory allocated:  326.59912109375
Memory cached:  412.0
	 epoch  50 training error:  tensor(0.1947, device='cuda:0', grad_fn=<DivBackward0>)
Memory status after this epoch: 
Memory allocated:  326.59912109375
Memory cached:  412.0
	 epoch  60 training error:  tensor(0.1863, device='cuda:0', grad_fn=<DivBackward0>)
Memory status after this epoch: 
Memory allocated:  326.59912109375
Memory cached:  412.0
	 epoch  70 training error:  tensor(0.1840, device='cuda:0', grad_fn=<DivBackward0>)
Memory status after this epoch: 
Memory allocated:  326.59912109375
Memory cached:  412.0
	 epoch  80 training error:  tensor(0.1846, device='cuda:0', grad_fn=<DivBackward0>)
Memory status after this epoch: 
Memory allocated:  326.59912109375
Memory cached:  412.0
	 epoch  90 training error:  tensor(0.1834, device='cuda:0', grad_fn=<DivBackward0>)
Memory status after this epoch: 
Memory allocated:  326.59912109375
Memory cached:  412.0
[I 2024-01-11 12:52:41,159] Trial 194 finished with value: 0.20709209144115448 and parameters: {'W_layers': 8, 'W_layer_units_exponent_0': 4, 'W_layer_units_exponent_1': 4, 'W_layer_units_exponent_2': 10, 'W_layer_units_exponent_3': 7, 'W_layer_units_exponent_4': 5, 'W_layer_units_exponent_5': 10, 'W_layer_units_exponent_6': 4, 'W_layer_units_exponent_7': 6, 'D_layers': 4, 'D_layer_units_exponent_0': 7, 'D_layer_units_exponent_1': 10, 'D_layer_units_exponent_2': 5, 'D_layer_units_exponent_3': 7, 'D_dagger_layers': 4, 'D_dagger_layer_units_exponent_0': 7, 'D_dagger_layer_units_exponent_1': 10, 'D_dagger_layer_units_exponent_2': 4, 'D_dagger_layer_units_exponent_3': 9, 'log_learning_rate': -2.8042936156010354, 'log_learning_rate_D': -2.2970717368735567, 'log_learning_rate_D_dagger': -4.175872155304585, 'training_batch_size': 7, 'training_p': 2}. Best is trial 147 with value: 0.20693741738796234.
Time for this trial:  28.073589324951172
Memory status after this trial: 
Memory allocated:  751.64306640625
Memory cached:  778.0
--------------------  Trial  195   --------------------
Start timing: 
Parameters: 
{'W_layers': 8, 'W_layer_units_exponent_0': 4, 'W_layer_units_exponent_1': 4, 'W_layer_units_exponent_2': 10, 'W_layer_units_exponent_3': 7, 'W_layer_units_exponent_4': 5, 'W_layer_units_exponent_5': 10, 'W_layer_units_exponent_6': 4, 'W_layer_units_exponent_7': 6, 'D_layers': 4, 'D_layer_units_exponent_0': 7, 'D_layer_units_exponent_1': 10, 'D_layer_units_exponent_2': 5, 'D_layer_units_exponent_3': 7, 'D_dagger_layers': 4, 'D_dagger_layer_units_exponent_0': 7, 'D_dagger_layer_units_exponent_1': 10, 'D_dagger_layer_units_exponent_2': 4, 'D_dagger_layer_units_exponent_3': 9, 'log_learning_rate': -2.926721739718288, 'log_learning_rate_D': -2.1356971277062513, 'log_learning_rate_D_dagger': -4.243990399386466, 'training_batch_size': 7, 'training_p': 2}
	 epoch  0 training error:  tensor(0.9244, device='cuda:0', grad_fn=<DivBackward0>)
Memory status after this epoch: 
Memory allocated:  326.59912109375
Memory cached:  412.0
	 epoch  10 training error:  tensor(0.4008, device='cuda:0', grad_fn=<DivBackward0>)
Memory status after this epoch: 
Memory allocated:  326.59912109375
Memory cached:  412.0
	 epoch  20 training error:  tensor(0.2395, device='cuda:0', grad_fn=<DivBackward0>)
Memory status after this epoch: 
Memory allocated:  326.59912109375
Memory cached:  412.0
	 epoch  30 training error:  tensor(0.2221, device='cuda:0', grad_fn=<DivBackward0>)
Memory status after this epoch: 
Memory allocated:  326.59912109375
Memory cached:  412.0
	 epoch  40 training error:  tensor(0.2101, device='cuda:0', grad_fn=<DivBackward0>)
Memory status after this epoch: 
Memory allocated:  326.59912109375
Memory cached:  412.0
	 epoch  50 training error:  tensor(0.2008, device='cuda:0', grad_fn=<DivBackward0>)
Memory status after this epoch: 
Memory allocated:  326.59912109375
Memory cached:  412.0
	 epoch  60 training error:  tensor(0.1930, device='cuda:0', grad_fn=<DivBackward0>)
Memory status after this epoch: 
Memory allocated:  326.59912109375
Memory cached:  412.0
	 epoch  70 training error:  tensor(0.1862, device='cuda:0', grad_fn=<DivBackward0>)
Memory status after this epoch: 
Memory allocated:  326.59912109375
Memory cached:  412.0
	 epoch  80 training error:  tensor(0.1864, device='cuda:0', grad_fn=<DivBackward0>)
Memory status after this epoch: 
Memory allocated:  326.59912109375
Memory cached:  412.0
	 epoch  90 training error:  tensor(0.1836, device='cuda:0', grad_fn=<DivBackward0>)
Memory status after this epoch: 
Memory allocated:  326.59912109375
Memory cached:  412.0
[I 2024-01-11 12:53:09,635] Trial 195 finished with value: 0.20775742828845978 and parameters: {'W_layers': 8, 'W_layer_units_exponent_0': 4, 'W_layer_units_exponent_1': 4, 'W_layer_units_exponent_2': 10, 'W_layer_units_exponent_3': 7, 'W_layer_units_exponent_4': 5, 'W_layer_units_exponent_5': 10, 'W_layer_units_exponent_6': 4, 'W_layer_units_exponent_7': 6, 'D_layers': 4, 'D_layer_units_exponent_0': 7, 'D_layer_units_exponent_1': 10, 'D_layer_units_exponent_2': 5, 'D_layer_units_exponent_3': 7, 'D_dagger_layers': 4, 'D_dagger_layer_units_exponent_0': 7, 'D_dagger_layer_units_exponent_1': 10, 'D_dagger_layer_units_exponent_2': 4, 'D_dagger_layer_units_exponent_3': 9, 'log_learning_rate': -2.926721739718288, 'log_learning_rate_D': -2.1356971277062513, 'log_learning_rate_D_dagger': -4.243990399386466, 'training_batch_size': 7, 'training_p': 2}. Best is trial 147 with value: 0.20693741738796234.
Time for this trial:  28.090456008911133
Memory status after this trial: 
Memory allocated:  751.64306640625
Memory cached:  778.0
--------------------  Trial  196   --------------------
Start timing: 
Parameters: 
{'W_layers': 8, 'W_layer_units_exponent_0': 4, 'W_layer_units_exponent_1': 4, 'W_layer_units_exponent_2': 10, 'W_layer_units_exponent_3': 7, 'W_layer_units_exponent_4': 5, 'W_layer_units_exponent_5': 10, 'W_layer_units_exponent_6': 4, 'W_layer_units_exponent_7': 5, 'D_layers': 4, 'D_layer_units_exponent_0': 7, 'D_layer_units_exponent_1': 10, 'D_layer_units_exponent_2': 5, 'D_layer_units_exponent_3': 7, 'D_dagger_layers': 4, 'D_dagger_layer_units_exponent_0': 7, 'D_dagger_layer_units_exponent_1': 10, 'D_dagger_layer_units_exponent_2': 4, 'D_dagger_layer_units_exponent_3': 9, 'log_learning_rate': -3.0194547871752726, 'log_learning_rate_D': -2.2401752293632935, 'log_learning_rate_D_dagger': -4.159986603290443, 'training_batch_size': 7, 'training_p': 2}
	 epoch  0 training error:  tensor(0.9472, device='cuda:0', grad_fn=<DivBackward0>)
Memory status after this epoch: 
Memory allocated:  326.59130859375
Memory cached:  412.0
	 epoch  10 training error:  tensor(0.3815, device='cuda:0', grad_fn=<DivBackward0>)
Memory status after this epoch: 
Memory allocated:  326.59130859375
Memory cached:  412.0
	 epoch  20 training error:  tensor(0.2490, device='cuda:0', grad_fn=<DivBackward0>)
Memory status after this epoch: 
Memory allocated:  326.59130859375
Memory cached:  412.0
	 epoch  30 training error:  tensor(0.2203, device='cuda:0', grad_fn=<DivBackward0>)
Memory status after this epoch: 
Memory allocated:  326.59130859375
Memory cached:  412.0
	 epoch  40 training error:  tensor(0.2043, device='cuda:0', grad_fn=<DivBackward0>)
Memory status after this epoch: 
Memory allocated:  326.59130859375
Memory cached:  412.0
	 epoch  50 training error:  tensor(0.1908, device='cuda:0', grad_fn=<DivBackward0>)
Memory status after this epoch: 
Memory allocated:  326.59130859375
Memory cached:  412.0
	 epoch  60 training error:  tensor(0.1868, device='cuda:0', grad_fn=<DivBackward0>)
Memory status after this epoch: 
Memory allocated:  326.59130859375
Memory cached:  412.0
	 epoch  70 training error:  tensor(0.1843, device='cuda:0', grad_fn=<DivBackward0>)
Memory status after this epoch: 
Memory allocated:  326.59130859375
Memory cached:  412.0
	 epoch  80 training error:  tensor(0.1838, device='cuda:0', grad_fn=<DivBackward0>)
Memory status after this epoch: 
Memory allocated:  326.59130859375
Memory cached:  412.0
	 epoch  90 training error:  tensor(0.1837, device='cuda:0', grad_fn=<DivBackward0>)
Memory status after this epoch: 
Memory allocated:  326.59130859375
Memory cached:  412.0
[I 2024-01-11 12:53:37,900] Trial 196 finished with value: 0.20711074769496918 and parameters: {'W_layers': 8, 'W_layer_units_exponent_0': 4, 'W_layer_units_exponent_1': 4, 'W_layer_units_exponent_2': 10, 'W_layer_units_exponent_3': 7, 'W_layer_units_exponent_4': 5, 'W_layer_units_exponent_5': 10, 'W_layer_units_exponent_6': 4, 'W_layer_units_exponent_7': 5, 'D_layers': 4, 'D_layer_units_exponent_0': 7, 'D_layer_units_exponent_1': 10, 'D_layer_units_exponent_2': 5, 'D_layer_units_exponent_3': 7, 'D_dagger_layers': 4, 'D_dagger_layer_units_exponent_0': 7, 'D_dagger_layer_units_exponent_1': 10, 'D_dagger_layer_units_exponent_2': 4, 'D_dagger_layer_units_exponent_3': 9, 'log_learning_rate': -3.0194547871752726, 'log_learning_rate_D': -2.2401752293632935, 'log_learning_rate_D_dagger': -4.159986603290443, 'training_batch_size': 7, 'training_p': 2}. Best is trial 147 with value: 0.20693741738796234.
Time for this trial:  27.83267903327942
Memory status after this trial: 
Memory allocated:  748.70947265625
Memory cached:  776.0
--------------------  Trial  197   --------------------
Start timing: 
Parameters: 
{'W_layers': 8, 'W_layer_units_exponent_0': 4, 'W_layer_units_exponent_1': 4, 'W_layer_units_exponent_2': 10, 'W_layer_units_exponent_3': 7, 'W_layer_units_exponent_4': 5, 'W_layer_units_exponent_5': 10, 'W_layer_units_exponent_6': 4, 'W_layer_units_exponent_7': 5, 'D_layers': 4, 'D_layer_units_exponent_0': 7, 'D_layer_units_exponent_1': 10, 'D_layer_units_exponent_2': 5, 'D_layer_units_exponent_3': 7, 'D_dagger_layers': 4, 'D_dagger_layer_units_exponent_0': 7, 'D_dagger_layer_units_exponent_1': 10, 'D_dagger_layer_units_exponent_2': 4, 'D_dagger_layer_units_exponent_3': 9, 'log_learning_rate': -3.143439854746358, 'log_learning_rate_D': -2.2479890255065493, 'log_learning_rate_D_dagger': -4.1854286986323155, 'training_batch_size': 7, 'training_p': 2}
	 epoch  0 training error:  tensor(0.9140, device='cuda:0', grad_fn=<DivBackward0>)
Memory status after this epoch: 
Memory allocated:  326.59130859375
Memory cached:  412.0
	 epoch  10 training error:  tensor(0.3764, device='cuda:0', grad_fn=<DivBackward0>)
Memory status after this epoch: 
Memory allocated:  326.59130859375
Memory cached:  412.0
	 epoch  20 training error:  tensor(0.2366, device='cuda:0', grad_fn=<DivBackward0>)
Memory status after this epoch: 
Memory allocated:  326.59130859375
Memory cached:  412.0
	 epoch  30 training error:  tensor(0.2183, device='cuda:0', grad_fn=<DivBackward0>)
Memory status after this epoch: 
Memory allocated:  326.59130859375
Memory cached:  412.0
	 epoch  40 training error:  tensor(0.2066, device='cuda:0', grad_fn=<DivBackward0>)
Memory status after this epoch: 
Memory allocated:  326.59130859375
Memory cached:  412.0
	 epoch  50 training error:  tensor(0.1952, device='cuda:0', grad_fn=<DivBackward0>)
Memory status after this epoch: 
Memory allocated:  326.59130859375
Memory cached:  412.0
	 epoch  60 training error:  tensor(0.1872, device='cuda:0', grad_fn=<DivBackward0>)
Memory status after this epoch: 
Memory allocated:  326.59130859375
Memory cached:  412.0
	 epoch  70 training error:  tensor(0.1851, device='cuda:0', grad_fn=<DivBackward0>)
Memory status after this epoch: 
Memory allocated:  326.59130859375
Memory cached:  412.0
	 epoch  80 training error:  tensor(0.1828, device='cuda:0', grad_fn=<DivBackward0>)
Memory status after this epoch: 
Memory allocated:  326.59130859375
Memory cached:  412.0
	 epoch  90 training error:  tensor(0.1832, device='cuda:0', grad_fn=<DivBackward0>)
Memory status after this epoch: 
Memory allocated:  326.59130859375
Memory cached:  412.0
[I 2024-01-11 12:54:06,472] Trial 197 finished with value: 0.20716987550258636 and parameters: {'W_layers': 8, 'W_layer_units_exponent_0': 4, 'W_layer_units_exponent_1': 4, 'W_layer_units_exponent_2': 10, 'W_layer_units_exponent_3': 7, 'W_layer_units_exponent_4': 5, 'W_layer_units_exponent_5': 10, 'W_layer_units_exponent_6': 4, 'W_layer_units_exponent_7': 5, 'D_layers': 4, 'D_layer_units_exponent_0': 7, 'D_layer_units_exponent_1': 10, 'D_layer_units_exponent_2': 5, 'D_layer_units_exponent_3': 7, 'D_dagger_layers': 4, 'D_dagger_layer_units_exponent_0': 7, 'D_dagger_layer_units_exponent_1': 10, 'D_dagger_layer_units_exponent_2': 4, 'D_dagger_layer_units_exponent_3': 9, 'log_learning_rate': -3.143439854746358, 'log_learning_rate_D': -2.2479890255065493, 'log_learning_rate_D_dagger': -4.1854286986323155, 'training_batch_size': 7, 'training_p': 2}. Best is trial 147 with value: 0.20693741738796234.
Time for this trial:  28.155729293823242
Memory status after this trial: 
Memory allocated:  748.70947265625
Memory cached:  776.0
--------------------  Trial  198   --------------------
Start timing: 
Parameters: 
{'W_layers': 8, 'W_layer_units_exponent_0': 4, 'W_layer_units_exponent_1': 4, 'W_layer_units_exponent_2': 10, 'W_layer_units_exponent_3': 7, 'W_layer_units_exponent_4': 5, 'W_layer_units_exponent_5': 10, 'W_layer_units_exponent_6': 4, 'W_layer_units_exponent_7': 5, 'D_layers': 4, 'D_layer_units_exponent_0': 7, 'D_layer_units_exponent_1': 10, 'D_layer_units_exponent_2': 5, 'D_layer_units_exponent_3': 7, 'D_dagger_layers': 4, 'D_dagger_layer_units_exponent_0': 7, 'D_dagger_layer_units_exponent_1': 10, 'D_dagger_layer_units_exponent_2': 4, 'D_dagger_layer_units_exponent_3': 9, 'log_learning_rate': -3.151364565347085, 'log_learning_rate_D': -2.2556255536519614, 'log_learning_rate_D_dagger': -4.1758110555580155, 'training_batch_size': 7, 'training_p': 2}
	 epoch  0 training error:  tensor(1.0808, device='cuda:0', grad_fn=<DivBackward0>)
Memory status after this epoch: 
Memory allocated:  326.59130859375
Memory cached:  412.0
	 epoch  10 training error:  tensor(0.4052, device='cuda:0', grad_fn=<DivBackward0>)
Memory status after this epoch: 
Memory allocated:  326.59130859375
Memory cached:  412.0
	 epoch  20 training error:  tensor(0.2376, device='cuda:0', grad_fn=<DivBackward0>)
Memory status after this epoch: 
Memory allocated:  326.59130859375
Memory cached:  412.0
	 epoch  30 training error:  tensor(0.2128, device='cuda:0', grad_fn=<DivBackward0>)
Memory status after this epoch: 
Memory allocated:  326.59130859375
Memory cached:  412.0
	 epoch  40 training error:  tensor(0.1993, device='cuda:0', grad_fn=<DivBackward0>)
Memory status after this epoch: 
Memory allocated:  326.59130859375
Memory cached:  412.0
	 epoch  50 training error:  tensor(0.1918, device='cuda:0', grad_fn=<DivBackward0>)
Memory status after this epoch: 
Memory allocated:  326.59130859375
Memory cached:  412.0
	 epoch  60 training error:  tensor(0.1997, device='cuda:0', grad_fn=<DivBackward0>)
Memory status after this epoch: 
Memory allocated:  326.59130859375
Memory cached:  412.0
	 epoch  70 training error:  tensor(0.1881, device='cuda:0', grad_fn=<DivBackward0>)
Memory status after this epoch: 
Memory allocated:  326.59130859375
Memory cached:  412.0
	 epoch  80 training error:  tensor(0.1850, device='cuda:0', grad_fn=<DivBackward0>)
Memory status after this epoch: 
Memory allocated:  326.59130859375
Memory cached:  412.0
	 epoch  90 training error:  tensor(0.1904, device='cuda:0', grad_fn=<DivBackward0>)
Memory status after this epoch: 
Memory allocated:  326.59130859375
Memory cached:  412.0
