[I 2024-01-04 00:59:46,852] Trial 180 finished with value: 0.16175155341625214 and parameters: {'W_layers': 6, 'W_layer_units_exponent_0': 10, 'W_layer_units_exponent_1': 4, 'W_layer_units_exponent_2': 7, 'W_layer_units_exponent_3': 7, 'W_layer_units_exponent_4': 9, 'W_layer_units_exponent_5': 4, 'D_layers': 3, 'D_layer_units_exponent_0': 10, 'D_layer_units_exponent_1': 6, 'D_layer_units_exponent_2': 9, 'D_dagger_layers': 3, 'D_dagger_layer_units_exponent_0': 10, 'D_dagger_layer_units_exponent_1': 10, 'D_dagger_layer_units_exponent_2': 4, 'log_learning_rate': -4.264195424013541, 'log_learning_rate_D': -2.8933443772929524, 'log_learning_rate_D_dagger': -3.0762416750521813, 'training_batch_size': 9, 'training_p': 7}. Best is trial 163 with value: 0.10096652805805206.
Time for this trial:  194.384516954422
Memory status after this trial: 
Memory allocated:  595.271484375
Memory cached:  602.0
--------------------  Trial  181   --------------------
Start timing: 
Parameters: 
{'W_layers': 8, 'W_layer_units_exponent_0': 10, 'W_layer_units_exponent_1': 4, 'W_layer_units_exponent_2': 7, 'W_layer_units_exponent_3': 5, 'W_layer_units_exponent_4': 7, 'W_layer_units_exponent_5': 8, 'W_layer_units_exponent_6': 5, 'W_layer_units_exponent_7': 4, 'D_layers': 3, 'D_layer_units_exponent_0': 10, 'D_layer_units_exponent_1': 7, 'D_layer_units_exponent_2': 9, 'D_dagger_layers': 4, 'D_dagger_layer_units_exponent_0': 10, 'D_dagger_layer_units_exponent_1': 10, 'D_dagger_layer_units_exponent_2': 4, 'D_dagger_layer_units_exponent_3': 5, 'log_learning_rate': -4.318145285583016, 'log_learning_rate_D': -2.9830107066653206, 'log_learning_rate_D_dagger': -3.2231279960588237, 'training_batch_size': 9, 'training_p': 7}
	 epoch  0 training error:  tensor(1.0110, device='cuda:0', grad_fn=<DivBackward0>)
Memory status after this epoch: 
Memory allocated:  317.11474609375
Memory cached:  618.0
	 epoch  10 training error:  tensor(0.5527, device='cuda:0', grad_fn=<DivBackward0>)
Memory status after this epoch: 
Memory allocated:  317.11474609375
Memory cached:  666.0
	 epoch  20 training error:  tensor(0.5323, device='cuda:0', grad_fn=<DivBackward0>)
Memory status after this epoch: 
Memory allocated:  317.11474609375
Memory cached:  664.0
	 epoch  30 training error:  tensor(0.5240, device='cuda:0', grad_fn=<DivBackward0>)
Memory status after this epoch: 
Memory allocated:  317.11474609375
Memory cached:  666.0
	 epoch  40 training error:  tensor(0.5202, device='cuda:0', grad_fn=<DivBackward0>)
Memory status after this epoch: 
Memory allocated:  317.11474609375
Memory cached:  662.0
	 epoch  50 training error:  tensor(0.5228, device='cuda:0', grad_fn=<DivBackward0>)
Memory status after this epoch: 
Memory allocated:  317.11474609375
Memory cached:  664.0
	 epoch  60 training error:  tensor(0.5178, device='cuda:0', grad_fn=<DivBackward0>)
Memory status after this epoch: 
Memory allocated:  317.11474609375
Memory cached:  654.0
	 epoch  70 training error:  tensor(0.4475, device='cuda:0', grad_fn=<DivBackward0>)
Memory status after this epoch: 
Memory allocated:  317.11474609375
Memory cached:  666.0
	 epoch  80 training error:  tensor(0.3221, device='cuda:0', grad_fn=<DivBackward0>)
Memory status after this epoch: 
Memory allocated:  317.11474609375
Memory cached:  666.0
	 epoch  90 training error:  tensor(0.2837, device='cuda:0', grad_fn=<DivBackward0>)
Memory status after this epoch: 
Memory allocated:  317.11474609375
Memory cached:  656.0
[I 2024-01-04 01:03:22,940] Trial 181 finished with value: 0.1364532709121704 and parameters: {'W_layers': 8, 'W_layer_units_exponent_0': 10, 'W_layer_units_exponent_1': 4, 'W_layer_units_exponent_2': 7, 'W_layer_units_exponent_3': 5, 'W_layer_units_exponent_4': 7, 'W_layer_units_exponent_5': 8, 'W_layer_units_exponent_6': 5, 'W_layer_units_exponent_7': 4, 'D_layers': 3, 'D_layer_units_exponent_0': 10, 'D_layer_units_exponent_1': 7, 'D_layer_units_exponent_2': 9, 'D_dagger_layers': 4, 'D_dagger_layer_units_exponent_0': 10, 'D_dagger_layer_units_exponent_1': 10, 'D_dagger_layer_units_exponent_2': 4, 'D_dagger_layer_units_exponent_3': 5, 'log_learning_rate': -4.318145285583016, 'log_learning_rate_D': -2.9830107066653206, 'log_learning_rate_D_dagger': -3.2231279960588237, 'training_batch_size': 9, 'training_p': 7}. Best is trial 163 with value: 0.10096652805805206.
Time for this trial:  215.5853533744812
Memory status after this trial: 
Memory allocated:  590.458984375
Memory cached:  608.0
--------------------  Trial  182   --------------------
Start timing: 
Parameters: 
{'W_layers': 6, 'W_layer_units_exponent_0': 10, 'W_layer_units_exponent_1': 4, 'W_layer_units_exponent_2': 7, 'W_layer_units_exponent_3': 5, 'W_layer_units_exponent_4': 7, 'W_layer_units_exponent_5': 8, 'D_layers': 3, 'D_layer_units_exponent_0': 10, 'D_layer_units_exponent_1': 7, 'D_layer_units_exponent_2': 9, 'D_dagger_layers': 4, 'D_dagger_layer_units_exponent_0': 10, 'D_dagger_layer_units_exponent_1': 10, 'D_dagger_layer_units_exponent_2': 4, 'D_dagger_layer_units_exponent_3': 5, 'log_learning_rate': -4.190266331948118, 'log_learning_rate_D': -2.998031540773055, 'log_learning_rate_D_dagger': -3.3494400042934793, 'training_batch_size': 9, 'training_p': 7}
	 epoch  0 training error:  tensor(0.9797, device='cuda:0', grad_fn=<DivBackward0>)
Memory status after this epoch: 
Memory allocated:  316.97998046875
Memory cached:  620.0
	 epoch  10 training error:  tensor(0.5429, device='cuda:0', grad_fn=<DivBackward0>)
Memory status after this epoch: 
Memory allocated:  316.97998046875
Memory cached:  664.0
	 epoch  20 training error:  tensor(0.5350, device='cuda:0', grad_fn=<DivBackward0>)
Memory status after this epoch: 
Memory allocated:  316.97998046875
Memory cached:  672.0
	 epoch  30 training error:  tensor(0.5314, device='cuda:0', grad_fn=<DivBackward0>)
Memory status after this epoch: 
Memory allocated:  316.97998046875
Memory cached:  664.0
	 epoch  40 training error:  tensor(0.5329, device='cuda:0', grad_fn=<DivBackward0>)
Memory status after this epoch: 
Memory allocated:  316.97998046875
Memory cached:  652.0
	 epoch  50 training error:  tensor(0.5308, device='cuda:0', grad_fn=<DivBackward0>)
Memory status after this epoch: 
Memory allocated:  316.97998046875
Memory cached:  664.0
	 epoch  60 training error:  tensor(0.5209, device='cuda:0', grad_fn=<DivBackward0>)
Memory status after this epoch: 
Memory allocated:  316.97998046875
Memory cached:  666.0
	 epoch  70 training error:  tensor(0.5104, device='cuda:0', grad_fn=<DivBackward0>)
Memory status after this epoch: 
Memory allocated:  316.97998046875
Memory cached:  652.0
	 epoch  80 training error:  tensor(0.4290, device='cuda:0', grad_fn=<DivBackward0>)
Memory status after this epoch: 
Memory allocated:  316.97998046875
Memory cached:  662.0
	 epoch  90 training error:  tensor(0.3098, device='cuda:0', grad_fn=<DivBackward0>)
Memory status after this epoch: 
Memory allocated:  316.97998046875
Memory cached:  668.0
[I 2024-01-04 01:06:43,814] Trial 182 finished with value: 0.22705531120300293 and parameters: {'W_layers': 6, 'W_layer_units_exponent_0': 10, 'W_layer_units_exponent_1': 4, 'W_layer_units_exponent_2': 7, 'W_layer_units_exponent_3': 5, 'W_layer_units_exponent_4': 7, 'W_layer_units_exponent_5': 8, 'D_layers': 3, 'D_layer_units_exponent_0': 10, 'D_layer_units_exponent_1': 7, 'D_layer_units_exponent_2': 9, 'D_dagger_layers': 4, 'D_dagger_layer_units_exponent_0': 10, 'D_dagger_layer_units_exponent_1': 10, 'D_dagger_layer_units_exponent_2': 4, 'D_dagger_layer_units_exponent_3': 5, 'log_learning_rate': -4.190266331948118, 'log_learning_rate_D': -2.998031540773055, 'log_learning_rate_D_dagger': -3.3494400042934793, 'training_batch_size': 9, 'training_p': 7}. Best is trial 163 with value: 0.10096652805805206.
Time for this trial:  200.411682844162
Memory status after this trial: 
Memory allocated:  585.8505859375
Memory cached:  616.0
--------------------  Trial  183   --------------------
Start timing: 
Parameters: 
{'W_layers': 7, 'W_layer_units_exponent_0': 10, 'W_layer_units_exponent_1': 4, 'W_layer_units_exponent_2': 7, 'W_layer_units_exponent_3': 5, 'W_layer_units_exponent_4': 8, 'W_layer_units_exponent_5': 8, 'W_layer_units_exponent_6': 5, 'D_layers': 3, 'D_layer_units_exponent_0': 10, 'D_layer_units_exponent_1': 7, 'D_layer_units_exponent_2': 9, 'D_dagger_layers': 4, 'D_dagger_layer_units_exponent_0': 10, 'D_dagger_layer_units_exponent_1': 10, 'D_dagger_layer_units_exponent_2': 4, 'D_dagger_layer_units_exponent_3': 5, 'log_learning_rate': -4.4152218618518875, 'log_learning_rate_D': -2.847480832917907, 'log_learning_rate_D_dagger': -3.165179165747936, 'training_batch_size': 9, 'training_p': 7}
	 epoch  0 training error:  tensor(0.9949, device='cuda:0', grad_fn=<DivBackward0>)
Memory status after this epoch: 
Memory allocated:  317.66943359375
Memory cached:  612.0
	 epoch  10 training error:  tensor(0.5432, device='cuda:0', grad_fn=<DivBackward0>)
Memory status after this epoch: 
Memory allocated:  317.66943359375
Memory cached:  654.0
	 epoch  20 training error:  tensor(0.5363, device='cuda:0', grad_fn=<DivBackward0>)
Memory status after this epoch: 
Memory allocated:  317.66943359375
Memory cached:  664.0
	 epoch  30 training error:  tensor(0.5206, device='cuda:0', grad_fn=<DivBackward0>)
Memory status after this epoch: 
Memory allocated:  317.66943359375
Memory cached:  650.0
	 epoch  40 training error:  tensor(0.4615, device='cuda:0', grad_fn=<DivBackward0>)
Memory status after this epoch: 
Memory allocated:  317.66943359375
Memory cached:  656.0
	 epoch  50 training error:  tensor(0.3622, device='cuda:0', grad_fn=<DivBackward0>)
Memory status after this epoch: 
Memory allocated:  317.66943359375
Memory cached:  652.0
	 epoch  60 training error:  tensor(0.2663, device='cuda:0', grad_fn=<DivBackward0>)
Memory status after this epoch: 
Memory allocated:  317.66943359375
Memory cached:  650.0
	 epoch  70 training error:  tensor(0.2863, device='cuda:0', grad_fn=<DivBackward0>)
Memory status after this epoch: 
Memory allocated:  317.66943359375
Memory cached:  656.0
	 epoch  80 training error:  tensor(0.2012, device='cuda:0', grad_fn=<DivBackward0>)
Memory status after this epoch: 
Memory allocated:  317.66943359375
Memory cached:  660.0
	 epoch  90 training error:  tensor(0.1750, device='cuda:0', grad_fn=<DivBackward0>)
Memory status after this epoch: 
Memory allocated:  317.66943359375
Memory cached:  660.0
[I 2024-01-04 01:10:14,635] Trial 183 finished with value: 0.11710461229085922 and parameters: {'W_layers': 7, 'W_layer_units_exponent_0': 10, 'W_layer_units_exponent_1': 4, 'W_layer_units_exponent_2': 7, 'W_layer_units_exponent_3': 5, 'W_layer_units_exponent_4': 8, 'W_layer_units_exponent_5': 8, 'W_layer_units_exponent_6': 5, 'D_layers': 3, 'D_layer_units_exponent_0': 10, 'D_layer_units_exponent_1': 7, 'D_layer_units_exponent_2': 9, 'D_dagger_layers': 4, 'D_dagger_layer_units_exponent_0': 10, 'D_dagger_layer_units_exponent_1': 10, 'D_dagger_layer_units_exponent_2': 4, 'D_dagger_layer_units_exponent_3': 5, 'log_learning_rate': -4.4152218618518875, 'log_learning_rate_D': -2.847480832917907, 'log_learning_rate_D_dagger': -3.165179165747936, 'training_batch_size': 9, 'training_p': 7}. Best is trial 163 with value: 0.10096652805805206.
Time for this trial:  210.3287012577057
Memory status after this trial: 
Memory allocated:  596.44921875
Memory cached:  604.0
--------------------  Trial  184   --------------------
Start timing: 
Parameters: 
{'W_layers': 8, 'W_layer_units_exponent_0': 10, 'W_layer_units_exponent_1': 4, 'W_layer_units_exponent_2': 7, 'W_layer_units_exponent_3': 5, 'W_layer_units_exponent_4': 8, 'W_layer_units_exponent_5': 8, 'W_layer_units_exponent_6': 5, 'W_layer_units_exponent_7': 4, 'D_layers': 3, 'D_layer_units_exponent_0': 10, 'D_layer_units_exponent_1': 7, 'D_layer_units_exponent_2': 9, 'D_dagger_layers': 4, 'D_dagger_layer_units_exponent_0': 10, 'D_dagger_layer_units_exponent_1': 10, 'D_dagger_layer_units_exponent_2': 4, 'D_dagger_layer_units_exponent_3': 5, 'log_learning_rate': -4.430267549175116, 'log_learning_rate_D': -3.0544695898538876, 'log_learning_rate_D_dagger': -3.1728095823005753, 'training_batch_size': 9, 'training_p': 7}
	 epoch  0 training error:  tensor(0.9785, device='cuda:0', grad_fn=<DivBackward0>)
Memory status after this epoch: 
Memory allocated:  317.67919921875
Memory cached:  616.0
	 epoch  10 training error:  tensor(0.5618, device='cuda:0', grad_fn=<DivBackward0>)
Memory status after this epoch: 
Memory allocated:  317.67919921875
Memory cached:  660.0
	 epoch  20 training error:  tensor(0.5105, device='cuda:0', grad_fn=<DivBackward0>)
Memory status after this epoch: 
Memory allocated:  317.67919921875
Memory cached:  654.0
	 epoch  30 training error:  tensor(0.4840, device='cuda:0', grad_fn=<DivBackward0>)
Memory status after this epoch: 
Memory allocated:  317.67919921875
Memory cached:  650.0
	 epoch  40 training error:  tensor(0.4208, device='cuda:0', grad_fn=<DivBackward0>)
Memory status after this epoch: 
Memory allocated:  317.67919921875
Memory cached:  660.0
	 epoch  50 training error:  tensor(0.3165, device='cuda:0', grad_fn=<DivBackward0>)
Memory status after this epoch: 
Memory allocated:  317.67919921875
Memory cached:  646.0
	 epoch  60 training error:  tensor(0.3000, device='cuda:0', grad_fn=<DivBackward0>)
Memory status after this epoch: 
Memory allocated:  317.67919921875
Memory cached:  658.0
	 epoch  70 training error:  tensor(0.2460, device='cuda:0', grad_fn=<DivBackward0>)
Memory status after this epoch: 
Memory allocated:  317.67919921875
Memory cached:  650.0
	 epoch  80 training error:  tensor(0.2320, device='cuda:0', grad_fn=<DivBackward0>)
Memory status after this epoch: 
Memory allocated:  317.67919921875
Memory cached:  652.0
	 epoch  90 training error:  tensor(0.2316, device='cuda:0', grad_fn=<DivBackward0>)
Memory status after this epoch: 
Memory allocated:  317.67919921875
Memory cached:  652.0
[I 2024-01-04 01:13:53,146] Trial 184 finished with value: 0.12013819068670273 and parameters: {'W_layers': 8, 'W_layer_units_exponent_0': 10, 'W_layer_units_exponent_1': 4, 'W_layer_units_exponent_2': 7, 'W_layer_units_exponent_3': 5, 'W_layer_units_exponent_4': 8, 'W_layer_units_exponent_5': 8, 'W_layer_units_exponent_6': 5, 'W_layer_units_exponent_7': 4, 'D_layers': 3, 'D_layer_units_exponent_0': 10, 'D_layer_units_exponent_1': 7, 'D_layer_units_exponent_2': 9, 'D_dagger_layers': 4, 'D_dagger_layer_units_exponent_0': 10, 'D_dagger_layer_units_exponent_1': 10, 'D_dagger_layer_units_exponent_2': 4, 'D_dagger_layer_units_exponent_3': 5, 'log_learning_rate': -4.430267549175116, 'log_learning_rate_D': -3.0544695898538876, 'log_learning_rate_D_dagger': -3.1728095823005753, 'training_batch_size': 9, 'training_p': 7}. Best is trial 163 with value: 0.10096652805805206.
Time for this trial:  218.06710410118103
Memory status after this trial: 
Memory allocated:  597.5771484375
Memory cached:  606.0
--------------------  Trial  185   --------------------
Start timing: 
Parameters: 
{'W_layers': 8, 'W_layer_units_exponent_0': 10, 'W_layer_units_exponent_1': 4, 'W_layer_units_exponent_2': 7, 'W_layer_units_exponent_3': 5, 'W_layer_units_exponent_4': 8, 'W_layer_units_exponent_5': 8, 'W_layer_units_exponent_6': 5, 'W_layer_units_exponent_7': 4, 'D_layers': 3, 'D_layer_units_exponent_0': 10, 'D_layer_units_exponent_1': 7, 'D_layer_units_exponent_2': 9, 'D_dagger_layers': 4, 'D_dagger_layer_units_exponent_0': 10, 'D_dagger_layer_units_exponent_1': 10, 'D_dagger_layer_units_exponent_2': 4, 'D_dagger_layer_units_exponent_3': 5, 'log_learning_rate': -4.444181029767064, 'log_learning_rate_D': -3.0699238569807714, 'log_learning_rate_D_dagger': -3.0034204888668117, 'training_batch_size': 9, 'training_p': 7}
	 epoch  0 training error:  tensor(0.9876, device='cuda:0', grad_fn=<DivBackward0>)
Memory status after this epoch: 
Memory allocated:  317.67919921875
Memory cached:  616.0
	 epoch  10 training error:  tensor(0.5359, device='cuda:0', grad_fn=<DivBackward0>)
Memory status after this epoch: 
Memory allocated:  317.67919921875
Memory cached:  654.0
	 epoch  20 training error:  tensor(0.5516, device='cuda:0', grad_fn=<DivBackward0>)
Memory status after this epoch: 
Memory allocated:  317.67919921875
Memory cached:  654.0
	 epoch  30 training error:  tensor(0.5340, device='cuda:0', grad_fn=<DivBackward0>)
Memory status after this epoch: 
Memory allocated:  317.67919921875
Memory cached:  656.0
	 epoch  40 training error:  tensor(0.5251, device='cuda:0', grad_fn=<DivBackward0>)
Memory status after this epoch: 
Memory allocated:  317.67919921875
Memory cached:  664.0
	 epoch  50 training error:  tensor(0.5124, device='cuda:0', grad_fn=<DivBackward0>)
Memory status after this epoch: 
Memory allocated:  317.67919921875
Memory cached:  660.0
	 epoch  60 training error:  tensor(0.4705, device='cuda:0', grad_fn=<DivBackward0>)
Memory status after this epoch: 
Memory allocated:  317.67919921875
Memory cached:  656.0
	 epoch  70 training error:  tensor(0.3210, device='cuda:0', grad_fn=<DivBackward0>)
Memory status after this epoch: 
Memory allocated:  317.67919921875
Memory cached:  662.0
	 epoch  80 training error:  tensor(0.2979, device='cuda:0', grad_fn=<DivBackward0>)
Memory status after this epoch: 
Memory allocated:  317.67919921875
Memory cached:  656.0
	 epoch  90 training error:  tensor(0.2724, device='cuda:0', grad_fn=<DivBackward0>)
Memory status after this epoch: 
Memory allocated:  317.67919921875
Memory cached:  656.0
[I 2024-01-04 01:17:31,593] Trial 185 finished with value: 0.13223370909690857 and parameters: {'W_layers': 8, 'W_layer_units_exponent_0': 10, 'W_layer_units_exponent_1': 4, 'W_layer_units_exponent_2': 7, 'W_layer_units_exponent_3': 5, 'W_layer_units_exponent_4': 8, 'W_layer_units_exponent_5': 8, 'W_layer_units_exponent_6': 5, 'W_layer_units_exponent_7': 4, 'D_layers': 3, 'D_layer_units_exponent_0': 10, 'D_layer_units_exponent_1': 7, 'D_layer_units_exponent_2': 9, 'D_dagger_layers': 4, 'D_dagger_layer_units_exponent_0': 10, 'D_dagger_layer_units_exponent_1': 10, 'D_dagger_layer_units_exponent_2': 4, 'D_dagger_layer_units_exponent_3': 5, 'log_learning_rate': -4.444181029767064, 'log_learning_rate_D': -3.0699238569807714, 'log_learning_rate_D_dagger': -3.0034204888668117, 'training_batch_size': 9, 'training_p': 7}. Best is trial 163 with value: 0.10096652805805206.
Time for this trial:  217.92383551597595
Memory status after this trial: 
Memory allocated:  597.5771484375
Memory cached:  606.0
--------------------  Trial  186   --------------------
Start timing: 
Parameters: 
{'W_layers': 8, 'W_layer_units_exponent_0': 10, 'W_layer_units_exponent_1': 4, 'W_layer_units_exponent_2': 7, 'W_layer_units_exponent_3': 5, 'W_layer_units_exponent_4': 8, 'W_layer_units_exponent_5': 8, 'W_layer_units_exponent_6': 5, 'W_layer_units_exponent_7': 4, 'D_layers': 3, 'D_layer_units_exponent_0': 10, 'D_layer_units_exponent_1': 7, 'D_layer_units_exponent_2': 9, 'D_dagger_layers': 4, 'D_dagger_layer_units_exponent_0': 10, 'D_dagger_layer_units_exponent_1': 10, 'D_dagger_layer_units_exponent_2': 4, 'D_dagger_layer_units_exponent_3': 5, 'log_learning_rate': -4.546826973295999, 'log_learning_rate_D': -3.233476473318919, 'log_learning_rate_D_dagger': -3.005208615096374, 'training_batch_size': 9, 'training_p': 7}
	 epoch  0 training error:  tensor(1.0033, device='cuda:0', grad_fn=<DivBackward0>)
Memory status after this epoch: 
Memory allocated:  317.67919921875
Memory cached:  622.0
	 epoch  10 training error:  tensor(0.5665, device='cuda:0', grad_fn=<DivBackward0>)
Memory status after this epoch: 
Memory allocated:  317.67919921875
Memory cached:  660.0
	 epoch  20 training error:  tensor(0.5338, device='cuda:0', grad_fn=<DivBackward0>)
Memory status after this epoch: 
Memory allocated:  317.67919921875
Memory cached:  648.0
	 epoch  30 training error:  tensor(0.5219, device='cuda:0', grad_fn=<DivBackward0>)
Memory status after this epoch: 
Memory allocated:  317.67919921875
Memory cached:  654.0
	 epoch  40 training error:  tensor(0.5247, device='cuda:0', grad_fn=<DivBackward0>)
Memory status after this epoch: 
Memory allocated:  317.67919921875
Memory cached:  662.0
	 epoch  50 training error:  tensor(0.5224, device='cuda:0', grad_fn=<DivBackward0>)
Memory status after this epoch: 
Memory allocated:  317.67919921875
Memory cached:  654.0
	 epoch  60 training error:  tensor(0.5124, device='cuda:0', grad_fn=<DivBackward0>)
Memory status after this epoch: 
Memory allocated:  317.67919921875
Memory cached:  650.0
	 epoch  70 training error:  tensor(0.5326, device='cuda:0', grad_fn=<DivBackward0>)
Memory status after this epoch: 
Memory allocated:  317.67919921875
Memory cached:  652.0
	 epoch  80 training error:  tensor(0.5152, device='cuda:0', grad_fn=<DivBackward0>)
Memory status after this epoch: 
Memory allocated:  317.67919921875
Memory cached:  658.0
	 epoch  90 training error:  tensor(0.3159, device='cuda:0', grad_fn=<DivBackward0>)
Memory status after this epoch: 
Memory allocated:  317.67919921875
Memory cached:  648.0
