[I 2023-12-07 03:56:04,507] Trial 35 finished with value: 0.5707250833511353 and parameters: {'W_layers': 4, 'W_layer_units_exponent_0': 9, 'W_layer_units_exponent_1': 7, 'W_layer_units_exponent_2': 9, 'W_layer_units_exponent_3': 8, 'D_layers': 3, 'D_layer_units_exponent_0': 5, 'D_layer_units_exponent_1': 6, 'D_layer_units_exponent_2': 9, 'D_dagger_layers': 8, 'D_dagger_layer_units_exponent_0': 8, 'D_dagger_layer_units_exponent_1': 10, 'D_dagger_layer_units_exponent_2': 8, 'D_dagger_layer_units_exponent_3': 9, 'D_dagger_layer_units_exponent_4': 5, 'D_dagger_layer_units_exponent_5': 4, 'D_dagger_layer_units_exponent_6': 9, 'D_dagger_layer_units_exponent_7': 7, 'log_learning_rate': -1.922083859092738, 'log_learning_rate_D': -4.166819075155509, 'log_learning_rate_D_dagger': -3.1855607876293996, 'training_batch_size': 10, 'training_p': 3}. Best is trial 16 with value: 0.533810019493103.
Time for this trial:  21.330500841140747
Memory status after this trial: 
Memory allocated:  536.48291015625
Memory cached:  564.0
--------------------  Trial  36   --------------------
Start timing: 
Parameters: 
{'W_layers': 5, 'W_layer_units_exponent_0': 6, 'W_layer_units_exponent_1': 6, 'W_layer_units_exponent_2': 7, 'W_layer_units_exponent_3': 9, 'W_layer_units_exponent_4': 9, 'D_layers': 6, 'D_layer_units_exponent_0': 6, 'D_layer_units_exponent_1': 4, 'D_layer_units_exponent_2': 10, 'D_layer_units_exponent_3': 7, 'D_layer_units_exponent_4': 7, 'D_layer_units_exponent_5': 10, 'D_dagger_layers': 7, 'D_dagger_layer_units_exponent_0': 6, 'D_dagger_layer_units_exponent_1': 9, 'D_dagger_layer_units_exponent_2': 9, 'D_dagger_layer_units_exponent_3': 9, 'D_dagger_layer_units_exponent_4': 6, 'D_dagger_layer_units_exponent_5': 9, 'D_dagger_layer_units_exponent_6': 8, 'log_learning_rate': -2.6010676654122475, 'log_learning_rate_D': -3.8797480386026115, 'log_learning_rate_D_dagger': -4.121835920293151, 'training_batch_size': 12, 'training_p': 5}
	 epoch  0 training error:  tensor(1.0144, device='cuda:0', grad_fn=<DivBackward0>)
Memory status after this epoch: 
Memory allocated:  323.5751953125
Memory cached:  456.0
	 epoch  10 training error:  tensor(0.9871, device='cuda:0', grad_fn=<DivBackward0>)
Memory status after this epoch: 
Memory allocated:  323.5751953125
Memory cached:  456.0
	 epoch  20 training error:  tensor(0.9031, device='cuda:0', grad_fn=<DivBackward0>)
Memory status after this epoch: 
Memory allocated:  323.5751953125
Memory cached:  456.0
	 epoch  30 training error:  tensor(0.8191, device='cuda:0', grad_fn=<DivBackward0>)
Memory status after this epoch: 
Memory allocated:  323.5751953125
Memory cached:  456.0
	 epoch  40 training error:  tensor(0.8105, device='cuda:0', grad_fn=<DivBackward0>)
Memory status after this epoch: 
Memory allocated:  323.5751953125
Memory cached:  456.0
	 epoch  50 training error:  tensor(0.8071, device='cuda:0', grad_fn=<DivBackward0>)
Memory status after this epoch: 
Memory allocated:  323.5751953125
Memory cached:  456.0
	 epoch  60 training error:  tensor(0.7976, device='cuda:0', grad_fn=<DivBackward0>)
Memory status after this epoch: 
Memory allocated:  323.5751953125
Memory cached:  456.0
	 epoch  70 training error:  tensor(0.7845, device='cuda:0', grad_fn=<DivBackward0>)
Memory status after this epoch: 
Memory allocated:  323.5751953125
Memory cached:  456.0
	 epoch  80 training error:  tensor(0.7606, device='cuda:0', grad_fn=<DivBackward0>)
Memory status after this epoch: 
Memory allocated:  323.5751953125
Memory cached:  456.0
	 epoch  90 training error:  tensor(0.7088, device='cuda:0', grad_fn=<DivBackward0>)
Memory status after this epoch: 
Memory allocated:  323.5751953125
Memory cached:  456.0
[I 2023-12-07 03:56:25,090] Trial 36 finished with value: 0.6530094146728516 and parameters: {'W_layers': 5, 'W_layer_units_exponent_0': 6, 'W_layer_units_exponent_1': 6, 'W_layer_units_exponent_2': 7, 'W_layer_units_exponent_3': 9, 'W_layer_units_exponent_4': 9, 'D_layers': 6, 'D_layer_units_exponent_0': 6, 'D_layer_units_exponent_1': 4, 'D_layer_units_exponent_2': 10, 'D_layer_units_exponent_3': 7, 'D_layer_units_exponent_4': 7, 'D_layer_units_exponent_5': 10, 'D_dagger_layers': 7, 'D_dagger_layer_units_exponent_0': 6, 'D_dagger_layer_units_exponent_1': 9, 'D_dagger_layer_units_exponent_2': 9, 'D_dagger_layer_units_exponent_3': 9, 'D_dagger_layer_units_exponent_4': 6, 'D_dagger_layer_units_exponent_5': 9, 'D_dagger_layer_units_exponent_6': 8, 'log_learning_rate': -2.6010676654122475, 'log_learning_rate_D': -3.8797480386026115, 'log_learning_rate_D_dagger': -4.121835920293151, 'training_batch_size': 12, 'training_p': 5}. Best is trial 16 with value: 0.533810019493103.
Time for this trial:  20.357813835144043
Memory status after this trial: 
Memory allocated:  510.19287109375
Memory cached:  534.0
--------------------  Trial  37   --------------------
Start timing: 
Parameters: 
{'W_layers': 2, 'W_layer_units_exponent_0': 8, 'W_layer_units_exponent_1': 8, 'D_layers': 5, 'D_layer_units_exponent_0': 4, 'D_layer_units_exponent_1': 6, 'D_layer_units_exponent_2': 8, 'D_layer_units_exponent_3': 8, 'D_layer_units_exponent_4': 4, 'D_dagger_layers': 6, 'D_dagger_layer_units_exponent_0': 7, 'D_dagger_layer_units_exponent_1': 9, 'D_dagger_layer_units_exponent_2': 5, 'D_dagger_layer_units_exponent_3': 8, 'D_dagger_layer_units_exponent_4': 4, 'D_dagger_layer_units_exponent_5': 7, 'log_learning_rate': -2.8389745902041685, 'log_learning_rate_D': -4.263760470496088, 'log_learning_rate_D_dagger': -3.4616635504907474, 'training_batch_size': 9, 'training_p': 4}
	 epoch  0 training error:  tensor(1.0628, device='cuda:0', grad_fn=<DivBackward0>)
Memory status after this epoch: 
Memory allocated:  308.5126953125
Memory cached:  456.0
	 epoch  10 training error:  tensor(1.0951, device='cuda:0', grad_fn=<DivBackward0>)
Memory status after this epoch: 
Memory allocated:  308.5126953125
Memory cached:  456.0
	 epoch  20 training error:  tensor(0.9938, device='cuda:0', grad_fn=<DivBackward0>)
Memory status after this epoch: 
Memory allocated:  308.5126953125
Memory cached:  456.0
	 epoch  30 training error:  tensor(0.8825, device='cuda:0', grad_fn=<DivBackward0>)
Memory status after this epoch: 
Memory allocated:  308.5126953125
Memory cached:  456.0
	 epoch  40 training error:  tensor(0.8137, device='cuda:0', grad_fn=<DivBackward0>)
Memory status after this epoch: 
Memory allocated:  308.5126953125
Memory cached:  456.0
	 epoch  50 training error:  tensor(0.7907, device='cuda:0', grad_fn=<DivBackward0>)
Memory status after this epoch: 
Memory allocated:  308.5126953125
Memory cached:  456.0
	 epoch  60 training error:  tensor(0.7576, device='cuda:0', grad_fn=<DivBackward0>)
Memory status after this epoch: 
Memory allocated:  308.5126953125
Memory cached:  456.0
	 epoch  70 training error:  tensor(0.6771, device='cuda:0', grad_fn=<DivBackward0>)
Memory status after this epoch: 
Memory allocated:  308.5126953125
Memory cached:  456.0
	 epoch  80 training error:  tensor(0.6500, device='cuda:0', grad_fn=<DivBackward0>)
Memory status after this epoch: 
Memory allocated:  308.5126953125
Memory cached:  456.0
	 epoch  90 training error:  tensor(0.6508, device='cuda:0', grad_fn=<DivBackward0>)
Memory status after this epoch: 
Memory allocated:  308.5126953125
Memory cached:  456.0
[I 2023-12-07 03:56:42,592] Trial 37 finished with value: 0.5866197943687439 and parameters: {'W_layers': 2, 'W_layer_units_exponent_0': 8, 'W_layer_units_exponent_1': 8, 'D_layers': 5, 'D_layer_units_exponent_0': 4, 'D_layer_units_exponent_1': 6, 'D_layer_units_exponent_2': 8, 'D_layer_units_exponent_3': 8, 'D_layer_units_exponent_4': 4, 'D_dagger_layers': 6, 'D_dagger_layer_units_exponent_0': 7, 'D_dagger_layer_units_exponent_1': 9, 'D_dagger_layer_units_exponent_2': 5, 'D_dagger_layer_units_exponent_3': 8, 'D_dagger_layer_units_exponent_4': 4, 'D_dagger_layer_units_exponent_5': 7, 'log_learning_rate': -2.8389745902041685, 'log_learning_rate_D': -4.263760470496088, 'log_learning_rate_D_dagger': -3.4616635504907474, 'training_batch_size': 9, 'training_p': 4}. Best is trial 16 with value: 0.533810019493103.
Time for this trial:  17.299758195877075
Memory status after this trial: 
Memory allocated:  390.94091796875
Memory cached:  456.0
--------------------  Trial  38   --------------------
Start timing: 
Parameters: 
{'W_layers': 4, 'W_layer_units_exponent_0': 9, 'W_layer_units_exponent_1': 4, 'W_layer_units_exponent_2': 10, 'W_layer_units_exponent_3': 8, 'D_layers': 2, 'D_layer_units_exponent_0': 7, 'D_layer_units_exponent_1': 5, 'D_dagger_layers': 4, 'D_dagger_layer_units_exponent_0': 9, 'D_dagger_layer_units_exponent_1': 10, 'D_dagger_layer_units_exponent_2': 7, 'D_dagger_layer_units_exponent_3': 7, 'log_learning_rate': -2.176179570673782, 'log_learning_rate_D': -4.79222502490494, 'log_learning_rate_D_dagger': -3.806004816520036, 'training_batch_size': 11, 'training_p': 3}
	 epoch  0 training error:  tensor(0.9966, device='cuda:0', grad_fn=<DivBackward0>)
Memory status after this epoch: 
Memory allocated:  321.13916015625
Memory cached:  456.0
	 epoch  10 training error:  tensor(1.0057, device='cuda:0', grad_fn=<DivBackward0>)
Memory status after this epoch: 
Memory allocated:  321.13916015625
Memory cached:  456.0
	 epoch  20 training error:  tensor(0.8267, device='cuda:0', grad_fn=<DivBackward0>)
Memory status after this epoch: 
Memory allocated:  321.13916015625
Memory cached:  456.0
	 epoch  30 training error:  tensor(0.7925, device='cuda:0', grad_fn=<DivBackward0>)
Memory status after this epoch: 
Memory allocated:  321.13916015625
Memory cached:  456.0
	 epoch  40 training error:  tensor(0.7781, device='cuda:0', grad_fn=<DivBackward0>)
Memory status after this epoch: 
Memory allocated:  321.13916015625
Memory cached:  456.0
	 epoch  50 training error:  tensor(0.7626, device='cuda:0', grad_fn=<DivBackward0>)
Memory status after this epoch: 
Memory allocated:  321.13916015625
Memory cached:  456.0
	 epoch  60 training error:  tensor(0.7326, device='cuda:0', grad_fn=<DivBackward0>)
Memory status after this epoch: 
Memory allocated:  321.13916015625
Memory cached:  456.0
	 epoch  70 training error:  tensor(0.6817, device='cuda:0', grad_fn=<DivBackward0>)
Memory status after this epoch: 
Memory allocated:  321.13916015625
Memory cached:  456.0
	 epoch  80 training error:  tensor(0.6266, device='cuda:0', grad_fn=<DivBackward0>)
Memory status after this epoch: 
Memory allocated:  321.13916015625
Memory cached:  456.0
	 epoch  90 training error:  tensor(0.6251, device='cuda:0', grad_fn=<DivBackward0>)
Memory status after this epoch: 
Memory allocated:  321.13916015625
Memory cached:  456.0
[I 2023-12-07 03:57:02,473] Trial 38 finished with value: 0.5423989295959473 and parameters: {'W_layers': 4, 'W_layer_units_exponent_0': 9, 'W_layer_units_exponent_1': 4, 'W_layer_units_exponent_2': 10, 'W_layer_units_exponent_3': 8, 'D_layers': 2, 'D_layer_units_exponent_0': 7, 'D_layer_units_exponent_1': 5, 'D_dagger_layers': 4, 'D_dagger_layer_units_exponent_0': 9, 'D_dagger_layer_units_exponent_1': 10, 'D_dagger_layer_units_exponent_2': 7, 'D_dagger_layer_units_exponent_3': 7, 'log_learning_rate': -2.176179570673782, 'log_learning_rate_D': -4.79222502490494, 'log_learning_rate_D_dagger': -3.806004816520036, 'training_batch_size': 11, 'training_p': 3}. Best is trial 16 with value: 0.533810019493103.
Time for this trial:  19.653767347335815
Memory status after this trial: 
Memory allocated:  505.45458984375
Memory cached:  532.0
--------------------  Trial  39   --------------------
Start timing: 
Parameters: 
{'W_layers': 6, 'W_layer_units_exponent_0': 9, 'W_layer_units_exponent_1': 4, 'W_layer_units_exponent_2': 10, 'W_layer_units_exponent_3': 8, 'W_layer_units_exponent_4': 4, 'W_layer_units_exponent_5': 9, 'D_layers': 2, 'D_layer_units_exponent_0': 8, 'D_layer_units_exponent_1': 4, 'D_dagger_layers': 4, 'D_dagger_layer_units_exponent_0': 10, 'D_dagger_layer_units_exponent_1': 9, 'D_dagger_layer_units_exponent_2': 7, 'D_dagger_layer_units_exponent_3': 7, 'log_learning_rate': -2.2336138976059017, 'log_learning_rate_D': -4.8785415195449975, 'log_learning_rate_D_dagger': -2.998434153807759, 'training_batch_size': 10, 'training_p': 5}
	 epoch  0 training error:  tensor(1.0076, device='cuda:0', grad_fn=<DivBackward0>)
Memory status after this epoch: 
Memory allocated:  320.3486328125
Memory cached:  456.0
	 epoch  10 training error:  tensor(0.9604, device='cuda:0', grad_fn=<DivBackward0>)
Memory status after this epoch: 
Memory allocated:  320.3486328125
Memory cached:  456.0
	 epoch  20 training error:  tensor(0.8196, device='cuda:0', grad_fn=<DivBackward0>)
Memory status after this epoch: 
Memory allocated:  320.3486328125
Memory cached:  456.0
	 epoch  30 training error:  tensor(0.7857, device='cuda:0', grad_fn=<DivBackward0>)
Memory status after this epoch: 
Memory allocated:  320.3486328125
Memory cached:  456.0
	 epoch  40 training error:  tensor(0.7490, device='cuda:0', grad_fn=<DivBackward0>)
Memory status after this epoch: 
Memory allocated:  320.3486328125
Memory cached:  456.0
	 epoch  50 training error:  tensor(0.7075, device='cuda:0', grad_fn=<DivBackward0>)
Memory status after this epoch: 
Memory allocated:  320.3486328125
Memory cached:  456.0
	 epoch  60 training error:  tensor(0.6873, device='cuda:0', grad_fn=<DivBackward0>)
Memory status after this epoch: 
Memory allocated:  320.3486328125
Memory cached:  456.0
	 epoch  70 training error:  tensor(0.6606, device='cuda:0', grad_fn=<DivBackward0>)
Memory status after this epoch: 
Memory allocated:  320.3486328125
Memory cached:  456.0
	 epoch  80 training error:  tensor(0.6653, device='cuda:0', grad_fn=<DivBackward0>)
Memory status after this epoch: 
Memory allocated:  320.3486328125
Memory cached:  456.0
	 epoch  90 training error:  tensor(0.6610, device='cuda:0', grad_fn=<DivBackward0>)
Memory status after this epoch: 
Memory allocated:  320.3486328125
Memory cached:  456.0
[I 2023-12-07 03:57:22,802] Trial 39 finished with value: 0.6363933682441711 and parameters: {'W_layers': 6, 'W_layer_units_exponent_0': 9, 'W_layer_units_exponent_1': 4, 'W_layer_units_exponent_2': 10, 'W_layer_units_exponent_3': 8, 'W_layer_units_exponent_4': 4, 'W_layer_units_exponent_5': 9, 'D_layers': 2, 'D_layer_units_exponent_0': 8, 'D_layer_units_exponent_1': 4, 'D_dagger_layers': 4, 'D_dagger_layer_units_exponent_0': 10, 'D_dagger_layer_units_exponent_1': 9, 'D_dagger_layer_units_exponent_2': 7, 'D_dagger_layer_units_exponent_3': 7, 'log_learning_rate': -2.2336138976059017, 'log_learning_rate_D': -4.8785415195449975, 'log_learning_rate_D_dagger': -2.998434153807759, 'training_batch_size': 10, 'training_p': 5}. Best is trial 16 with value: 0.533810019493103.
Time for this trial:  20.12434148788452
Memory status after this trial: 
Memory allocated:  532.24169921875
Memory cached:  556.0
--------------------  Trial  40   --------------------
Start timing: 
Parameters: 
{'W_layers': 4, 'W_layer_units_exponent_0': 7, 'W_layer_units_exponent_1': 9, 'W_layer_units_exponent_2': 10, 'W_layer_units_exponent_3': 7, 'D_layers': 2, 'D_layer_units_exponent_0': 10, 'D_layer_units_exponent_1': 8, 'D_dagger_layers': 3, 'D_dagger_layer_units_exponent_0': 9, 'D_dagger_layer_units_exponent_1': 10, 'D_dagger_layer_units_exponent_2': 6, 'log_learning_rate': -2.797618804986744, 'log_learning_rate_D': -4.708259902190469, 'log_learning_rate_D_dagger': -4.418475802421969, 'training_batch_size': 11, 'training_p': 4}
	 epoch  0 training error:  tensor(1.0060, device='cuda:0', grad_fn=<DivBackward0>)
Memory status after this epoch: 
Memory allocated:  327.8662109375
Memory cached:  456.0
	 epoch  10 training error:  tensor(0.9817, device='cuda:0', grad_fn=<DivBackward0>)
Memory status after this epoch: 
Memory allocated:  327.8662109375
Memory cached:  456.0
	 epoch  20 training error:  tensor(0.8981, device='cuda:0', grad_fn=<DivBackward0>)
Memory status after this epoch: 
Memory allocated:  327.8662109375
Memory cached:  456.0
	 epoch  30 training error:  tensor(0.8579, device='cuda:0', grad_fn=<DivBackward0>)
Memory status after this epoch: 
Memory allocated:  327.8662109375
Memory cached:  456.0
	 epoch  40 training error:  tensor(0.8302, device='cuda:0', grad_fn=<DivBackward0>)
Memory status after this epoch: 
Memory allocated:  327.8662109375
Memory cached:  456.0
	 epoch  50 training error:  tensor(0.8194, device='cuda:0', grad_fn=<DivBackward0>)
Memory status after this epoch: 
Memory allocated:  327.8662109375
Memory cached:  456.0
	 epoch  60 training error:  tensor(0.8150, device='cuda:0', grad_fn=<DivBackward0>)
Memory status after this epoch: 
Memory allocated:  327.8662109375
Memory cached:  456.0
	 epoch  70 training error:  tensor(0.8123, device='cuda:0', grad_fn=<DivBackward0>)
Memory status after this epoch: 
Memory allocated:  327.8662109375
Memory cached:  456.0
	 epoch  80 training error:  tensor(0.8087, device='cuda:0', grad_fn=<DivBackward0>)
Memory status after this epoch: 
Memory allocated:  327.8662109375
Memory cached:  456.0
	 epoch  90 training error:  tensor(0.8040, device='cuda:0', grad_fn=<DivBackward0>)
Memory status after this epoch: 
Memory allocated:  327.8662109375
Memory cached:  456.0
[I 2023-12-07 03:57:42,370] Trial 40 finished with value: 0.7246004939079285 and parameters: {'W_layers': 4, 'W_layer_units_exponent_0': 7, 'W_layer_units_exponent_1': 9, 'W_layer_units_exponent_2': 10, 'W_layer_units_exponent_3': 7, 'D_layers': 2, 'D_layer_units_exponent_0': 10, 'D_layer_units_exponent_1': 8, 'D_dagger_layers': 3, 'D_dagger_layer_units_exponent_0': 9, 'D_dagger_layer_units_exponent_1': 10, 'D_dagger_layer_units_exponent_2': 6, 'log_learning_rate': -2.797618804986744, 'log_learning_rate_D': -4.708259902190469, 'log_learning_rate_D_dagger': -4.418475802421969, 'training_batch_size': 11, 'training_p': 4}. Best is trial 16 with value: 0.533810019493103.
Time for this trial:  19.344908952713013
Memory status after this trial: 
Memory allocated:  498.02392578125
Memory cached:  530.0
--------------------  Trial  41   --------------------
Start timing: 
Parameters: 
{'W_layers': 3, 'W_layer_units_exponent_0': 10, 'W_layer_units_exponent_1': 4, 'W_layer_units_exponent_2': 9, 'D_layers': 3, 'D_layer_units_exponent_0': 9, 'D_layer_units_exponent_1': 5, 'D_layer_units_exponent_2': 7, 'D_dagger_layers': 2, 'D_dagger_layer_units_exponent_0': 8, 'D_dagger_layer_units_exponent_1': 10, 'log_learning_rate': -1.9744124814081823, 'log_learning_rate_D': -4.582269814015536, 'log_learning_rate_D_dagger': -3.866760861777486, 'training_batch_size': 11, 'training_p': 3}
	 epoch  0 training error:  tensor(1.0663, device='cuda:0', grad_fn=<DivBackward0>)
Memory status after this epoch: 
Memory allocated:  310.21337890625
Memory cached:  456.0
	 epoch  10 training error:  tensor(1.4225, device='cuda:0', grad_fn=<DivBackward0>)
Memory status after this epoch: 
Memory allocated:  310.21337890625
Memory cached:  456.0
	 epoch  20 training error:  tensor(1.0009, device='cuda:0', grad_fn=<DivBackward0>)
Memory status after this epoch: 
Memory allocated:  310.21337890625
Memory cached:  456.0
	 epoch  30 training error:  tensor(0.8745, device='cuda:0', grad_fn=<DivBackward0>)
Memory status after this epoch: 
Memory allocated:  310.21337890625
Memory cached:  456.0
	 epoch  40 training error:  tensor(0.8160, device='cuda:0', grad_fn=<DivBackward0>)
Memory status after this epoch: 
Memory allocated:  310.21337890625
Memory cached:  456.0
	 epoch  50 training error:  tensor(0.7936, device='cuda:0', grad_fn=<DivBackward0>)
Memory status after this epoch: 
Memory allocated:  310.21337890625
Memory cached:  456.0
	 epoch  60 training error:  tensor(0.7873, device='cuda:0', grad_fn=<DivBackward0>)
Memory status after this epoch: 
Memory allocated:  310.21337890625
Memory cached:  456.0
	 epoch  70 training error:  tensor(0.7843, device='cuda:0', grad_fn=<DivBackward0>)
Memory status after this epoch: 
Memory allocated:  310.21337890625
Memory cached:  456.0
	 epoch  80 training error:  tensor(0.7820, device='cuda:0', grad_fn=<DivBackward0>)
Memory status after this epoch: 
Memory allocated:  310.21337890625
Memory cached:  456.0
	 epoch  90 training error:  tensor(0.7803, device='cuda:0', grad_fn=<DivBackward0>)
Memory status after this epoch: 
Memory allocated:  310.21337890625
Memory cached:  456.0
