[I 2023-12-04 01:56:33,154] Trial 40 finished with value: 0.11683261394500732 and parameters: {'W_layers': 5, 'W_layer_units_exponent_0': 6, 'W_layer_units_exponent_1': 9, 'W_layer_units_exponent_2': 7, 'W_layer_units_exponent_3': 7, 'W_layer_units_exponent_4': 8, 'D_layers': 5, 'D_layer_units_exponent_0': 7, 'D_layer_units_exponent_1': 7, 'D_layer_units_exponent_2': 5, 'D_layer_units_exponent_3': 6, 'D_layer_units_exponent_4': 6, 'log_learning_rate': -3.0416914188150956, 'log_learning_rate_D': -4.967274024164242, 'training_batch_size': 11, 'training_p': 7}. Best is trial 27 with value: 0.013895528391003609.
Time for this trial:  43.563148498535156
Memory status after this trial: 
Memory allocated:  103.81396484375
Memory cached:  144.0
--------------------  Trial  41   --------------------
Start timing: 
Parameters: 
{'W_layers': 3, 'W_layer_units_exponent_0': 7, 'W_layer_units_exponent_1': 8, 'W_layer_units_exponent_2': 8, 'D_layers': 7, 'D_layer_units_exponent_0': 7, 'D_layer_units_exponent_1': 10, 'D_layer_units_exponent_2': 10, 'D_layer_units_exponent_3': 4, 'D_layer_units_exponent_4': 7, 'D_layer_units_exponent_5': 6, 'D_layer_units_exponent_6': 9, 'log_learning_rate': -3.3774345527346177, 'log_learning_rate_D': -3.5848542713179077, 'training_batch_size': 6, 'training_p': 8}
	 epoch  0 training error:  tensor(1.0135, device='cuda:0', grad_fn=<DivBackward0>)
Memory status after this epoch: 
Memory allocated:  88.52880859375
Memory cached:  162.0
	 epoch  10 training error:  tensor(0.2993, device='cuda:0', grad_fn=<DivBackward0>)
Memory status after this epoch: 
Memory allocated:  88.52880859375
Memory cached:  164.0
	 epoch  20 training error:  tensor(0.1713, device='cuda:0', grad_fn=<DivBackward0>)
Memory status after this epoch: 
Memory allocated:  88.52880859375
Memory cached:  164.0
	 epoch  30 training error:  tensor(0.1461, device='cuda:0', grad_fn=<DivBackward0>)
Memory status after this epoch: 
Memory allocated:  88.52880859375
Memory cached:  164.0
	 epoch  40 training error:  tensor(0.0988, device='cuda:0', grad_fn=<DivBackward0>)
Memory status after this epoch: 
Memory allocated:  88.52880859375
Memory cached:  164.0
	 epoch  50 training error:  tensor(0.0738, device='cuda:0', grad_fn=<DivBackward0>)
Memory status after this epoch: 
Memory allocated:  88.52880859375
Memory cached:  164.0
	 epoch  60 training error:  tensor(0.0344, device='cuda:0', grad_fn=<DivBackward0>)
Memory status after this epoch: 
Memory allocated:  88.52880859375
Memory cached:  164.0
	 epoch  70 training error:  tensor(0.0186, device='cuda:0', grad_fn=<DivBackward0>)
Memory status after this epoch: 
Memory allocated:  88.52880859375
Memory cached:  164.0
	 epoch  80 training error:  tensor(0.0287, device='cuda:0', grad_fn=<DivBackward0>)
Memory status after this epoch: 
Memory allocated:  88.52880859375
Memory cached:  164.0
	 epoch  90 training error:  tensor(0.0238, device='cuda:0', grad_fn=<DivBackward0>)
Memory status after this epoch: 
Memory allocated:  88.52880859375
Memory cached:  164.0
[I 2023-12-04 01:57:47,043] Trial 41 finished with value: 0.01643270067870617 and parameters: {'W_layers': 3, 'W_layer_units_exponent_0': 7, 'W_layer_units_exponent_1': 8, 'W_layer_units_exponent_2': 8, 'D_layers': 7, 'D_layer_units_exponent_0': 7, 'D_layer_units_exponent_1': 10, 'D_layer_units_exponent_2': 10, 'D_layer_units_exponent_3': 4, 'D_layer_units_exponent_4': 7, 'D_layer_units_exponent_5': 6, 'D_layer_units_exponent_6': 9, 'log_learning_rate': -3.3774345527346177, 'log_learning_rate_D': -3.5848542713179077, 'training_batch_size': 6, 'training_p': 8}. Best is trial 27 with value: 0.013895528391003609.
Time for this trial:  73.69492626190186
Memory status after this trial: 
Memory allocated:  158.74951171875
Memory cached:  174.0
--------------------  Trial  42   --------------------
Start timing: 
Parameters: 
{'W_layers': 3, 'W_layer_units_exponent_0': 7, 'W_layer_units_exponent_1': 8, 'W_layer_units_exponent_2': 8, 'D_layers': 7, 'D_layer_units_exponent_0': 7, 'D_layer_units_exponent_1': 10, 'D_layer_units_exponent_2': 10, 'D_layer_units_exponent_3': 4, 'D_layer_units_exponent_4': 7, 'D_layer_units_exponent_5': 6, 'D_layer_units_exponent_6': 9, 'log_learning_rate': -3.3263543013861674, 'log_learning_rate_D': -3.5392402729959445, 'training_batch_size': 6, 'training_p': 8}
	 epoch  0 training error:  tensor(1.0193, device='cuda:0', grad_fn=<DivBackward0>)
Memory status after this epoch: 
Memory allocated:  88.52880859375
Memory cached:  162.0
	 epoch  10 training error:  tensor(0.2744, device='cuda:0', grad_fn=<DivBackward0>)
Memory status after this epoch: 
Memory allocated:  88.52880859375
Memory cached:  164.0
	 epoch  20 training error:  tensor(0.1516, device='cuda:0', grad_fn=<DivBackward0>)
Memory status after this epoch: 
Memory allocated:  88.52880859375
Memory cached:  164.0
	 epoch  30 training error:  tensor(0.1242, device='cuda:0', grad_fn=<DivBackward0>)
Memory status after this epoch: 
Memory allocated:  88.52880859375
Memory cached:  164.0
	 epoch  40 training error:  tensor(0.0501, device='cuda:0', grad_fn=<DivBackward0>)
Memory status after this epoch: 
Memory allocated:  88.52880859375
Memory cached:  164.0
	 epoch  50 training error:  tensor(0.0468, device='cuda:0', grad_fn=<DivBackward0>)
Memory status after this epoch: 
Memory allocated:  88.52880859375
Memory cached:  164.0
	 epoch  60 training error:  tensor(0.0540, device='cuda:0', grad_fn=<DivBackward0>)
Memory status after this epoch: 
Memory allocated:  88.52880859375
Memory cached:  164.0
	 epoch  70 training error:  tensor(0.0440, device='cuda:0', grad_fn=<DivBackward0>)
Memory status after this epoch: 
Memory allocated:  88.52880859375
Memory cached:  164.0
	 epoch  80 training error:  tensor(0.0242, device='cuda:0', grad_fn=<DivBackward0>)
Memory status after this epoch: 
Memory allocated:  88.52880859375
Memory cached:  164.0
	 epoch  90 training error:  tensor(0.0254, device='cuda:0', grad_fn=<DivBackward0>)
Memory status after this epoch: 
Memory allocated:  88.52880859375
Memory cached:  164.0
[I 2023-12-04 01:59:00,459] Trial 42 finished with value: 0.024049028754234314 and parameters: {'W_layers': 3, 'W_layer_units_exponent_0': 7, 'W_layer_units_exponent_1': 8, 'W_layer_units_exponent_2': 8, 'D_layers': 7, 'D_layer_units_exponent_0': 7, 'D_layer_units_exponent_1': 10, 'D_layer_units_exponent_2': 10, 'D_layer_units_exponent_3': 4, 'D_layer_units_exponent_4': 7, 'D_layer_units_exponent_5': 6, 'D_layer_units_exponent_6': 9, 'log_learning_rate': -3.3263543013861674, 'log_learning_rate_D': -3.5392402729959445, 'training_batch_size': 6, 'training_p': 8}. Best is trial 27 with value: 0.013895528391003609.
Time for this trial:  73.2369556427002
Memory status after this trial: 
Memory allocated:  158.74951171875
Memory cached:  174.0
--------------------  Trial  43   --------------------
Start timing: 
Parameters: 
{'W_layers': 3, 'W_layer_units_exponent_0': 7, 'W_layer_units_exponent_1': 8, 'W_layer_units_exponent_2': 8, 'D_layers': 7, 'D_layer_units_exponent_0': 7, 'D_layer_units_exponent_1': 10, 'D_layer_units_exponent_2': 10, 'D_layer_units_exponent_3': 4, 'D_layer_units_exponent_4': 7, 'D_layer_units_exponent_5': 6, 'D_layer_units_exponent_6': 9, 'log_learning_rate': -3.303693373120036, 'log_learning_rate_D': -3.487286631122461, 'training_batch_size': 6, 'training_p': 8}
	 epoch  0 training error:  tensor(0.9515, device='cuda:0', grad_fn=<DivBackward0>)
Memory status after this epoch: 
Memory allocated:  88.52880859375
Memory cached:  162.0
	 epoch  10 training error:  tensor(0.2922, device='cuda:0', grad_fn=<DivBackward0>)
Memory status after this epoch: 
Memory allocated:  88.52880859375
Memory cached:  164.0
	 epoch  20 training error:  tensor(0.1617, device='cuda:0', grad_fn=<DivBackward0>)
Memory status after this epoch: 
Memory allocated:  88.52880859375
Memory cached:  164.0
	 epoch  30 training error:  tensor(0.1316, device='cuda:0', grad_fn=<DivBackward0>)
Memory status after this epoch: 
Memory allocated:  88.52880859375
Memory cached:  164.0
	 epoch  40 training error:  tensor(0.0560, device='cuda:0', grad_fn=<DivBackward0>)
Memory status after this epoch: 
Memory allocated:  88.52880859375
Memory cached:  164.0
	 epoch  50 training error:  tensor(0.0395, device='cuda:0', grad_fn=<DivBackward0>)
Memory status after this epoch: 
Memory allocated:  88.52880859375
Memory cached:  164.0
	 epoch  60 training error:  tensor(0.0334, device='cuda:0', grad_fn=<DivBackward0>)
Memory status after this epoch: 
Memory allocated:  88.52880859375
Memory cached:  164.0
	 epoch  70 training error:  tensor(0.0256, device='cuda:0', grad_fn=<DivBackward0>)
Memory status after this epoch: 
Memory allocated:  88.52880859375
Memory cached:  164.0
	 epoch  80 training error:  tensor(0.0201, device='cuda:0', grad_fn=<DivBackward0>)
Memory status after this epoch: 
Memory allocated:  88.52880859375
Memory cached:  164.0
	 epoch  90 training error:  tensor(0.0169, device='cuda:0', grad_fn=<DivBackward0>)
Memory status after this epoch: 
Memory allocated:  88.52880859375
Memory cached:  164.0
[I 2023-12-04 02:00:14,768] Trial 43 finished with value: 0.017684180289506912 and parameters: {'W_layers': 3, 'W_layer_units_exponent_0': 7, 'W_layer_units_exponent_1': 8, 'W_layer_units_exponent_2': 8, 'D_layers': 7, 'D_layer_units_exponent_0': 7, 'D_layer_units_exponent_1': 10, 'D_layer_units_exponent_2': 10, 'D_layer_units_exponent_3': 4, 'D_layer_units_exponent_4': 7, 'D_layer_units_exponent_5': 6, 'D_layer_units_exponent_6': 9, 'log_learning_rate': -3.303693373120036, 'log_learning_rate_D': -3.487286631122461, 'training_batch_size': 6, 'training_p': 8}. Best is trial 27 with value: 0.013895528391003609.
Time for this trial:  74.13059115409851
Memory status after this trial: 
Memory allocated:  158.74951171875
Memory cached:  174.0
--------------------  Trial  44   --------------------
Start timing: 
Parameters: 
{'W_layers': 2, 'W_layer_units_exponent_0': 6, 'W_layer_units_exponent_1': 8, 'D_layers': 7, 'D_layer_units_exponent_0': 7, 'D_layer_units_exponent_1': 10, 'D_layer_units_exponent_2': 10, 'D_layer_units_exponent_3': 4, 'D_layer_units_exponent_4': 7, 'D_layer_units_exponent_5': 6, 'D_layer_units_exponent_6': 9, 'log_learning_rate': -3.404921740978992, 'log_learning_rate_D': -3.337211656339163, 'training_batch_size': 6, 'training_p': 8}
	 epoch  0 training error:  tensor(1.0532, device='cuda:0', grad_fn=<DivBackward0>)
Memory status after this epoch: 
Memory allocated:  87.26513671875
Memory cached:  162.0
	 epoch  10 training error:  tensor(0.4739, device='cuda:0', grad_fn=<DivBackward0>)
Memory status after this epoch: 
Memory allocated:  87.26513671875
Memory cached:  162.0
	 epoch  20 training error:  tensor(0.3072, device='cuda:0', grad_fn=<DivBackward0>)
Memory status after this epoch: 
Memory allocated:  87.26513671875
Memory cached:  162.0
	 epoch  30 training error:  tensor(0.2501, device='cuda:0', grad_fn=<DivBackward0>)
Memory status after this epoch: 
Memory allocated:  87.26513671875
Memory cached:  162.0
	 epoch  40 training error:  tensor(0.2349, device='cuda:0', grad_fn=<DivBackward0>)
Memory status after this epoch: 
Memory allocated:  87.26513671875
Memory cached:  162.0
	 epoch  50 training error:  tensor(0.2403, device='cuda:0', grad_fn=<DivBackward0>)
Memory status after this epoch: 
Memory allocated:  87.26513671875
Memory cached:  162.0
	 epoch  60 training error:  tensor(0.2245, device='cuda:0', grad_fn=<DivBackward0>)
Memory status after this epoch: 
Memory allocated:  87.26513671875
Memory cached:  162.0
	 epoch  70 training error:  tensor(0.2163, device='cuda:0', grad_fn=<DivBackward0>)
Memory status after this epoch: 
Memory allocated:  87.26513671875
Memory cached:  162.0
	 epoch  80 training error:  tensor(0.2102, device='cuda:0', grad_fn=<DivBackward0>)
Memory status after this epoch: 
Memory allocated:  87.26513671875
Memory cached:  162.0
	 epoch  90 training error:  tensor(0.2067, device='cuda:0', grad_fn=<DivBackward0>)
Memory status after this epoch: 
Memory allocated:  87.26513671875
Memory cached:  162.0
[I 2023-12-04 02:01:24,274] Trial 44 finished with value: 0.11620710045099258 and parameters: {'W_layers': 2, 'W_layer_units_exponent_0': 6, 'W_layer_units_exponent_1': 8, 'D_layers': 7, 'D_layer_units_exponent_0': 7, 'D_layer_units_exponent_1': 10, 'D_layer_units_exponent_2': 10, 'D_layer_units_exponent_3': 4, 'D_layer_units_exponent_4': 7, 'D_layer_units_exponent_5': 6, 'D_layer_units_exponent_6': 9, 'log_learning_rate': -3.404921740978992, 'log_learning_rate_D': -3.337211656339163, 'training_batch_size': 6, 'training_p': 8}. Best is trial 27 with value: 0.013895528391003609.
Time for this trial:  69.33369517326355
Memory status after this trial: 
Memory allocated:  150.79345703125
Memory cached:  166.0
--------------------  Trial  45   --------------------
Start timing: 
Parameters: 
{'W_layers': 3, 'W_layer_units_exponent_0': 7, 'W_layer_units_exponent_1': 8, 'W_layer_units_exponent_2': 8, 'D_layers': 7, 'D_layer_units_exponent_0': 7, 'D_layer_units_exponent_1': 9, 'D_layer_units_exponent_2': 10, 'D_layer_units_exponent_3': 4, 'D_layer_units_exponent_4': 7, 'D_layer_units_exponent_5': 6, 'D_layer_units_exponent_6': 9, 'log_learning_rate': -3.1045439320960693, 'log_learning_rate_D': -3.203039181817645, 'training_batch_size': 6, 'training_p': 8}
	 epoch  0 training error:  tensor(0.9877, device='cuda:0', grad_fn=<DivBackward0>)
Memory status after this epoch: 
Memory allocated:  79.52099609375
Memory cached:  162.0
	 epoch  10 training error:  tensor(0.2420, device='cuda:0', grad_fn=<DivBackward0>)
Memory status after this epoch: 
Memory allocated:  79.52099609375
Memory cached:  162.0
	 epoch  20 training error:  tensor(0.1499, device='cuda:0', grad_fn=<DivBackward0>)
Memory status after this epoch: 
Memory allocated:  79.52099609375
Memory cached:  162.0
	 epoch  30 training error:  tensor(0.0943, device='cuda:0', grad_fn=<DivBackward0>)
Memory status after this epoch: 
Memory allocated:  79.52099609375
Memory cached:  162.0
	 epoch  40 training error:  tensor(0.0393, device='cuda:0', grad_fn=<DivBackward0>)
Memory status after this epoch: 
Memory allocated:  79.52099609375
Memory cached:  162.0
	 epoch  50 training error:  tensor(0.0437, device='cuda:0', grad_fn=<DivBackward0>)
Memory status after this epoch: 
Memory allocated:  79.52099609375
Memory cached:  162.0
	 epoch  60 training error:  tensor(0.0475, device='cuda:0', grad_fn=<DivBackward0>)
Memory status after this epoch: 
Memory allocated:  79.52099609375
Memory cached:  162.0
	 epoch  70 training error:  tensor(0.0302, device='cuda:0', grad_fn=<DivBackward0>)
Memory status after this epoch: 
Memory allocated:  79.52099609375
Memory cached:  162.0
	 epoch  80 training error:  tensor(0.0233, device='cuda:0', grad_fn=<DivBackward0>)
Memory status after this epoch: 
Memory allocated:  79.52099609375
Memory cached:  162.0
	 epoch  90 training error:  tensor(0.0150, device='cuda:0', grad_fn=<DivBackward0>)
Memory status after this epoch: 
Memory allocated:  79.52099609375
Memory cached:  162.0
[I 2023-12-04 02:02:37,088] Trial 45 finished with value: 0.033553220331668854 and parameters: {'W_layers': 3, 'W_layer_units_exponent_0': 7, 'W_layer_units_exponent_1': 8, 'W_layer_units_exponent_2': 8, 'D_layers': 7, 'D_layer_units_exponent_0': 7, 'D_layer_units_exponent_1': 9, 'D_layer_units_exponent_2': 10, 'D_layer_units_exponent_3': 4, 'D_layer_units_exponent_4': 7, 'D_layer_units_exponent_5': 6, 'D_layer_units_exponent_6': 9, 'log_learning_rate': -3.1045439320960693, 'log_learning_rate_D': -3.203039181817645, 'training_batch_size': 6, 'training_p': 8}. Best is trial 27 with value: 0.013895528391003609.
Time for this trial:  72.62693858146667
Memory status after this trial: 
Memory allocated:  142.64404296875
Memory cached:  162.0
--------------------  Trial  46   --------------------
Start timing: 
Parameters: 
{'W_layers': 2, 'W_layer_units_exponent_0': 7, 'W_layer_units_exponent_1': 8, 'D_layers': 8, 'D_layer_units_exponent_0': 6, 'D_layer_units_exponent_1': 10, 'D_layer_units_exponent_2': 10, 'D_layer_units_exponent_3': 4, 'D_layer_units_exponent_4': 8, 'D_layer_units_exponent_5': 7, 'D_layer_units_exponent_6': 10, 'D_layer_units_exponent_7': 10, 'log_learning_rate': -3.3069867007143023, 'log_learning_rate_D': -3.5522526348880437, 'training_batch_size': 7, 'training_p': 8}
	 epoch  0 training error:  tensor(1.0226, device='cuda:0', grad_fn=<DivBackward0>)
Memory status after this epoch: 
Memory allocated:  104.53369140625
Memory cached:  184.0
	 epoch  10 training error:  tensor(0.4415, device='cuda:0', grad_fn=<DivBackward0>)
Memory status after this epoch: 
Memory allocated:  104.53369140625
Memory cached:  186.0
	 epoch  20 training error:  tensor(0.3163, device='cuda:0', grad_fn=<DivBackward0>)
Memory status after this epoch: 
Memory allocated:  104.53369140625
Memory cached:  186.0
	 epoch  30 training error:  tensor(0.2424, device='cuda:0', grad_fn=<DivBackward0>)
Memory status after this epoch: 
Memory allocated:  104.53369140625
Memory cached:  186.0
	 epoch  40 training error:  tensor(0.2102, device='cuda:0', grad_fn=<DivBackward0>)
Memory status after this epoch: 
Memory allocated:  104.53369140625
Memory cached:  186.0
	 epoch  50 training error:  tensor(0.1658, device='cuda:0', grad_fn=<DivBackward0>)
Memory status after this epoch: 
Memory allocated:  104.53369140625
Memory cached:  186.0
	 epoch  60 training error:  tensor(0.1360, device='cuda:0', grad_fn=<DivBackward0>)
Memory status after this epoch: 
Memory allocated:  104.53369140625
Memory cached:  186.0
	 epoch  70 training error:  tensor(0.1120, device='cuda:0', grad_fn=<DivBackward0>)
Memory status after this epoch: 
Memory allocated:  104.53369140625
Memory cached:  186.0
	 epoch  80 training error:  tensor(0.0806, device='cuda:0', grad_fn=<DivBackward0>)
Memory status after this epoch: 
Memory allocated:  104.53369140625
Memory cached:  186.0
	 epoch  90 training error:  tensor(0.0608, device='cuda:0', grad_fn=<DivBackward0>)
Memory status after this epoch: 
Memory allocated:  104.53369140625
Memory cached:  186.0
[I 2023-12-04 02:03:26,694] Trial 46 finished with value: 0.02983119525015354 and parameters: {'W_layers': 2, 'W_layer_units_exponent_0': 7, 'W_layer_units_exponent_1': 8, 'D_layers': 8, 'D_layer_units_exponent_0': 6, 'D_layer_units_exponent_1': 10, 'D_layer_units_exponent_2': 10, 'D_layer_units_exponent_3': 4, 'D_layer_units_exponent_4': 8, 'D_layer_units_exponent_5': 7, 'D_layer_units_exponent_6': 10, 'D_layer_units_exponent_7': 10, 'log_learning_rate': -3.3069867007143023, 'log_learning_rate_D': -3.5522526348880437, 'training_batch_size': 7, 'training_p': 8}. Best is trial 27 with value: 0.013895528391003609.
Time for this trial:  49.41559171676636
Memory status after this trial: 
Memory allocated:  198.58544921875
Memory cached:  226.0
--------------------  Trial  47   --------------------
Start timing: 
Parameters: 
{'W_layers': 3, 'W_layer_units_exponent_0': 6, 'W_layer_units_exponent_1': 8, 'W_layer_units_exponent_2': 8, 'D_layers': 7, 'D_layer_units_exponent_0': 7, 'D_layer_units_exponent_1': 10, 'D_layer_units_exponent_2': 9, 'D_layer_units_exponent_3': 5, 'D_layer_units_exponent_4': 7, 'D_layer_units_exponent_5': 5, 'D_layer_units_exponent_6': 8, 'log_learning_rate': -2.8965421166190954, 'log_learning_rate_D': -3.4049471994426077, 'training_batch_size': 6, 'training_p': 8}
	 epoch  0 training error:  tensor(0.9500, device='cuda:0', grad_fn=<DivBackward0>)
Memory status after this epoch: 
Memory allocated:  79.81982421875
Memory cached:  162.0
	 epoch  10 training error:  tensor(0.2047, device='cuda:0', grad_fn=<DivBackward0>)
Memory status after this epoch: 
Memory allocated:  79.81982421875
Memory cached:  162.0
	 epoch  20 training error:  tensor(0.1391, device='cuda:0', grad_fn=<DivBackward0>)
Memory status after this epoch: 
Memory allocated:  79.81982421875
Memory cached:  162.0
	 epoch  30 training error:  tensor(0.0837, device='cuda:0', grad_fn=<DivBackward0>)
Memory status after this epoch: 
Memory allocated:  79.81982421875
Memory cached:  162.0
	 epoch  40 training error:  tensor(0.0768, device='cuda:0', grad_fn=<DivBackward0>)
Memory status after this epoch: 
Memory allocated:  79.81982421875
Memory cached:  162.0
	 epoch  50 training error:  tensor(0.0480, device='cuda:0', grad_fn=<DivBackward0>)
Memory status after this epoch: 
Memory allocated:  79.81982421875
Memory cached:  162.0
	 epoch  60 training error:  tensor(0.0343, device='cuda:0', grad_fn=<DivBackward0>)
Memory status after this epoch: 
Memory allocated:  79.81982421875
Memory cached:  162.0
	 epoch  70 training error:  tensor(0.0220, device='cuda:0', grad_fn=<DivBackward0>)
Memory status after this epoch: 
Memory allocated:  79.81982421875
Memory cached:  162.0
	 epoch  80 training error:  tensor(0.0391, device='cuda:0', grad_fn=<DivBackward0>)
Memory status after this epoch: 
Memory allocated:  79.81982421875
Memory cached:  162.0
	 epoch  90 training error:  tensor(0.0248, device='cuda:0', grad_fn=<DivBackward0>)
Memory status after this epoch: 
Memory allocated:  79.81982421875
Memory cached:  162.0
