[I 2024-01-13 23:37:25,954] Trial 24 finished with value: 0.10974355041980743 and parameters: {'W_layers': 2, 'W_layer_units_exponent_0': 9, 'W_layer_units_exponent_1': 6, 'D_layers': 3, 'D_layer_units_exponent_0': 9, 'D_layer_units_exponent_1': 4, 'D_layer_units_exponent_2': 4, 'D_dagger_layers': 3, 'D_dagger_layer_units_exponent_0': 9, 'D_dagger_layer_units_exponent_1': 5, 'D_dagger_layer_units_exponent_2': 7, 'log_learning_rate': -2.660851704926347, 'log_learning_rate_D': -4.594805429120538, 'log_learning_rate_D_dagger': -3.246214460150009, 'training_batch_size': 9, 'training_p': 3}. Best is trial 23 with value: 0.08863955736160278.
Time for this trial:  48.17486047744751
Memory status after this trial: 
Memory allocated:  299.91943359375
Memory cached:  348.0
--------------------  Trial  25   --------------------
Start timing: 
Parameters: 
{'W_layers': 3, 'W_layer_units_exponent_0': 7, 'W_layer_units_exponent_1': 6, 'W_layer_units_exponent_2': 10, 'D_layers': 3, 'D_layer_units_exponent_0': 7, 'D_layer_units_exponent_1': 5, 'D_layer_units_exponent_2': 4, 'D_dagger_layers': 2, 'D_dagger_layer_units_exponent_0': 9, 'D_dagger_layer_units_exponent_1': 6, 'log_learning_rate': -1.9734070337962033, 'log_learning_rate_D': -4.606755390280202, 'log_learning_rate_D_dagger': -2.768775642260742, 'training_batch_size': 9, 'training_p': 2}
	 epoch  0 training error:  tensor(1.4487, device='cuda:0', grad_fn=<DivBackward0>)
Memory status after this epoch: 
Memory allocated:  170.05517578125
Memory cached:  272.0
	 epoch  10 training error:  tensor(1.2525, device='cuda:0', grad_fn=<DivBackward0>)
Memory status after this epoch: 
Memory allocated:  170.05517578125
Memory cached:  272.0
	 epoch  20 training error:  tensor(1.0590, device='cuda:0', grad_fn=<DivBackward0>)
Memory status after this epoch: 
Memory allocated:  170.05517578125
Memory cached:  272.0
	 epoch  30 training error:  tensor(0.2834, device='cuda:0', grad_fn=<DivBackward0>)
Memory status after this epoch: 
Memory allocated:  170.05517578125
Memory cached:  272.0
	 epoch  40 training error:  tensor(0.2160, device='cuda:0', grad_fn=<DivBackward0>)
Memory status after this epoch: 
Memory allocated:  170.05517578125
Memory cached:  272.0
	 epoch  50 training error:  tensor(0.1357, device='cuda:0', grad_fn=<DivBackward0>)
Memory status after this epoch: 
Memory allocated:  170.05517578125
Memory cached:  272.0
	 epoch  60 training error:  tensor(0.1086, device='cuda:0', grad_fn=<DivBackward0>)
Memory status after this epoch: 
Memory allocated:  170.05517578125
Memory cached:  272.0
	 epoch  70 training error:  tensor(0.0918, device='cuda:0', grad_fn=<DivBackward0>)
Memory status after this epoch: 
Memory allocated:  170.05517578125
Memory cached:  272.0
	 epoch  80 training error:  tensor(0.0882, device='cuda:0', grad_fn=<DivBackward0>)
Memory status after this epoch: 
Memory allocated:  170.05517578125
Memory cached:  272.0
	 epoch  90 training error:  tensor(0.0866, device='cuda:0', grad_fn=<DivBackward0>)
Memory status after this epoch: 
Memory allocated:  170.05517578125
Memory cached:  272.0
[I 2024-01-13 23:38:14,191] Trial 25 finished with value: 0.08977322280406952 and parameters: {'W_layers': 3, 'W_layer_units_exponent_0': 7, 'W_layer_units_exponent_1': 6, 'W_layer_units_exponent_2': 10, 'D_layers': 3, 'D_layer_units_exponent_0': 7, 'D_layer_units_exponent_1': 5, 'D_layer_units_exponent_2': 4, 'D_dagger_layers': 2, 'D_dagger_layer_units_exponent_0': 9, 'D_dagger_layer_units_exponent_1': 6, 'log_learning_rate': -1.9734070337962033, 'log_learning_rate_D': -4.606755390280202, 'log_learning_rate_D_dagger': -2.768775642260742, 'training_batch_size': 9, 'training_p': 2}. Best is trial 23 with value: 0.08863955736160278.
Time for this trial:  47.9478816986084
Memory status after this trial: 
Memory allocated:  347.20458984375
Memory cached:  378.0
--------------------  Trial  26   --------------------
Start timing: 
Parameters: 
{'W_layers': 5, 'W_layer_units_exponent_0': 8, 'W_layer_units_exponent_1': 8, 'W_layer_units_exponent_2': 9, 'W_layer_units_exponent_3': 8, 'W_layer_units_exponent_4': 10, 'D_layers': 2, 'D_layer_units_exponent_0': 8, 'D_layer_units_exponent_1': 4, 'D_dagger_layers': 3, 'D_dagger_layer_units_exponent_0': 7, 'D_dagger_layer_units_exponent_1': 7, 'D_dagger_layer_units_exponent_2': 5, 'log_learning_rate': -2.9835427512239936, 'log_learning_rate_D': -4.602280250761201, 'log_learning_rate_D_dagger': -2.9615798748976423, 'training_batch_size': 11, 'training_p': 4}
	 epoch  0 training error:  tensor(0.9170, device='cuda:0', grad_fn=<DivBackward0>)
Memory status after this epoch: 
Memory allocated:  177.74853515625
Memory cached:  272.0
	 epoch  10 training error:  tensor(0.2664, device='cuda:0', grad_fn=<DivBackward0>)
Memory status after this epoch: 
Memory allocated:  177.74853515625
Memory cached:  272.0
	 epoch  20 training error:  tensor(0.2101, device='cuda:0', grad_fn=<DivBackward0>)
Memory status after this epoch: 
Memory allocated:  177.74853515625
Memory cached:  272.0
	 epoch  30 training error:  tensor(0.1616, device='cuda:0', grad_fn=<DivBackward0>)
Memory status after this epoch: 
Memory allocated:  177.74853515625
Memory cached:  272.0
	 epoch  40 training error:  tensor(0.1418, device='cuda:0', grad_fn=<DivBackward0>)
Memory status after this epoch: 
Memory allocated:  177.74853515625
Memory cached:  272.0
	 epoch  50 training error:  tensor(0.1233, device='cuda:0', grad_fn=<DivBackward0>)
Memory status after this epoch: 
Memory allocated:  177.74853515625
Memory cached:  272.0
	 epoch  60 training error:  tensor(0.1085, device='cuda:0', grad_fn=<DivBackward0>)
Memory status after this epoch: 
Memory allocated:  177.74853515625
Memory cached:  272.0
	 epoch  70 training error:  tensor(0.1069, device='cuda:0', grad_fn=<DivBackward0>)
Memory status after this epoch: 
Memory allocated:  177.74853515625
Memory cached:  272.0
	 epoch  80 training error:  tensor(0.1059, device='cuda:0', grad_fn=<DivBackward0>)
Memory status after this epoch: 
Memory allocated:  177.74853515625
Memory cached:  272.0
	 epoch  90 training error:  tensor(0.1059, device='cuda:0', grad_fn=<DivBackward0>)
Memory status after this epoch: 
Memory allocated:  177.74853515625
Memory cached:  272.0
[I 2024-01-13 23:38:50,773] Trial 26 finished with value: 0.09019773453474045 and parameters: {'W_layers': 5, 'W_layer_units_exponent_0': 8, 'W_layer_units_exponent_1': 8, 'W_layer_units_exponent_2': 9, 'W_layer_units_exponent_3': 8, 'W_layer_units_exponent_4': 10, 'D_layers': 2, 'D_layer_units_exponent_0': 8, 'D_layer_units_exponent_1': 4, 'D_dagger_layers': 3, 'D_dagger_layer_units_exponent_0': 7, 'D_dagger_layer_units_exponent_1': 7, 'D_dagger_layer_units_exponent_2': 5, 'log_learning_rate': -2.9835427512239936, 'log_learning_rate_D': -4.602280250761201, 'log_learning_rate_D_dagger': -2.9615798748976423, 'training_batch_size': 11, 'training_p': 4}. Best is trial 23 with value: 0.08863955736160278.
Time for this trial:  36.29171180725098
Memory status after this trial: 
Memory allocated:  439.89599609375
Memory cached:  456.0
--------------------  Trial  27   --------------------
Start timing: 
Parameters: 
{'W_layers': 4, 'W_layer_units_exponent_0': 6, 'W_layer_units_exponent_1': 8, 'W_layer_units_exponent_2': 7, 'W_layer_units_exponent_3': 8, 'D_layers': 4, 'D_layer_units_exponent_0': 10, 'D_layer_units_exponent_1': 5, 'D_layer_units_exponent_2': 5, 'D_layer_units_exponent_3': 8, 'D_dagger_layers': 2, 'D_dagger_layer_units_exponent_0': 8, 'D_dagger_layer_units_exponent_1': 4, 'log_learning_rate': -2.5997259284985406, 'log_learning_rate_D': -4.103789096247655, 'log_learning_rate_D_dagger': -4.287331120670024, 'training_batch_size': 8, 'training_p': 7}
	 epoch  0 training error:  tensor(1.2122, device='cuda:0', grad_fn=<DivBackward0>)
Memory status after this epoch: 
Memory allocated:  169.86279296875
Memory cached:  272.0
	 epoch  10 training error:  tensor(0.7659, device='cuda:0', grad_fn=<DivBackward0>)
Memory status after this epoch: 
Memory allocated:  169.86279296875
Memory cached:  272.0
	 epoch  20 training error:  tensor(0.6650, device='cuda:0', grad_fn=<DivBackward0>)
Memory status after this epoch: 
Memory allocated:  169.86279296875
Memory cached:  272.0
	 epoch  30 training error:  tensor(0.6027, device='cuda:0', grad_fn=<DivBackward0>)
Memory status after this epoch: 
Memory allocated:  169.86279296875
Memory cached:  272.0
	 epoch  40 training error:  tensor(0.5566, device='cuda:0', grad_fn=<DivBackward0>)
Memory status after this epoch: 
Memory allocated:  169.86279296875
Memory cached:  272.0
	 epoch  50 training error:  tensor(0.5090, device='cuda:0', grad_fn=<DivBackward0>)
Memory status after this epoch: 
Memory allocated:  169.86279296875
Memory cached:  272.0
	 epoch  60 training error:  tensor(0.4592, device='cuda:0', grad_fn=<DivBackward0>)
Memory status after this epoch: 
Memory allocated:  169.86279296875
Memory cached:  272.0
	 epoch  70 training error:  tensor(0.4089, device='cuda:0', grad_fn=<DivBackward0>)
Memory status after this epoch: 
Memory allocated:  169.86279296875
Memory cached:  272.0
	 epoch  80 training error:  tensor(0.3595, device='cuda:0', grad_fn=<DivBackward0>)
Memory status after this epoch: 
Memory allocated:  169.86279296875
Memory cached:  272.0
	 epoch  90 training error:  tensor(0.3141, device='cuda:0', grad_fn=<DivBackward0>)
Memory status after this epoch: 
Memory allocated:  169.86279296875
Memory cached:  272.0
[I 2024-01-13 23:39:37,542] Trial 27 finished with value: 0.2061229944229126 and parameters: {'W_layers': 4, 'W_layer_units_exponent_0': 6, 'W_layer_units_exponent_1': 8, 'W_layer_units_exponent_2': 7, 'W_layer_units_exponent_3': 8, 'D_layers': 4, 'D_layer_units_exponent_0': 10, 'D_layer_units_exponent_1': 5, 'D_layer_units_exponent_2': 5, 'D_layer_units_exponent_3': 8, 'D_dagger_layers': 2, 'D_dagger_layer_units_exponent_0': 8, 'D_dagger_layer_units_exponent_1': 4, 'log_learning_rate': -2.5997259284985406, 'log_learning_rate_D': -4.103789096247655, 'log_learning_rate_D_dagger': -4.287331120670024, 'training_batch_size': 8, 'training_p': 7}. Best is trial 23 with value: 0.08863955736160278.
Time for this trial:  46.489434480667114
Memory status after this trial: 
Memory allocated:  271.39013671875
Memory cached:  292.0
--------------------  Trial  28   --------------------
Start timing: 
Parameters: 
{'W_layers': 2, 'W_layer_units_exponent_0': 5, 'W_layer_units_exponent_1': 6, 'D_layers': 3, 'D_layer_units_exponent_0': 6, 'D_layer_units_exponent_1': 4, 'D_layer_units_exponent_2': 6, 'D_dagger_layers': 3, 'D_dagger_layer_units_exponent_0': 6, 'D_dagger_layer_units_exponent_1': 6, 'D_dagger_layer_units_exponent_2': 6, 'log_learning_rate': -2.023533419005675, 'log_learning_rate_D': -4.422830240843198, 'log_learning_rate_D_dagger': -3.9489099811198036, 'training_batch_size': 11, 'training_p': 3}
	 epoch  0 training error:  tensor(1.5588, device='cuda:0', grad_fn=<DivBackward0>)
Memory status after this epoch: 
Memory allocated:  168.53759765625
Memory cached:  272.0
	 epoch  10 training error:  tensor(0.6010, device='cuda:0', grad_fn=<DivBackward0>)
Memory status after this epoch: 
Memory allocated:  168.53759765625
Memory cached:  272.0
	 epoch  20 training error:  tensor(0.5359, device='cuda:0', grad_fn=<DivBackward0>)
Memory status after this epoch: 
Memory allocated:  168.53759765625
Memory cached:  272.0
	 epoch  30 training error:  tensor(0.4402, device='cuda:0', grad_fn=<DivBackward0>)
Memory status after this epoch: 
Memory allocated:  168.53759765625
Memory cached:  272.0
	 epoch  40 training error:  tensor(0.3656, device='cuda:0', grad_fn=<DivBackward0>)
Memory status after this epoch: 
Memory allocated:  168.53759765625
Memory cached:  272.0
	 epoch  50 training error:  tensor(0.2850, device='cuda:0', grad_fn=<DivBackward0>)
Memory status after this epoch: 
Memory allocated:  168.53759765625
Memory cached:  272.0
	 epoch  60 training error:  tensor(0.2133, device='cuda:0', grad_fn=<DivBackward0>)
Memory status after this epoch: 
Memory allocated:  168.53759765625
Memory cached:  272.0
	 epoch  70 training error:  tensor(0.1759, device='cuda:0', grad_fn=<DivBackward0>)
Memory status after this epoch: 
Memory allocated:  168.53759765625
Memory cached:  272.0
	 epoch  80 training error:  tensor(0.1718, device='cuda:0', grad_fn=<DivBackward0>)
Memory status after this epoch: 
Memory allocated:  168.53759765625
Memory cached:  272.0
	 epoch  90 training error:  tensor(0.1655, device='cuda:0', grad_fn=<DivBackward0>)
Memory status after this epoch: 
Memory allocated:  168.53759765625
Memory cached:  272.0
[I 2024-01-13 23:40:21,582] Trial 28 finished with value: 0.14151306450366974 and parameters: {'W_layers': 2, 'W_layer_units_exponent_0': 5, 'W_layer_units_exponent_1': 6, 'D_layers': 3, 'D_layer_units_exponent_0': 6, 'D_layer_units_exponent_1': 4, 'D_layer_units_exponent_2': 6, 'D_dagger_layers': 3, 'D_dagger_layer_units_exponent_0': 6, 'D_dagger_layer_units_exponent_1': 6, 'D_dagger_layer_units_exponent_2': 6, 'log_learning_rate': -2.023533419005675, 'log_learning_rate_D': -4.422830240843198, 'log_learning_rate_D_dagger': -3.9489099811198036, 'training_batch_size': 11, 'training_p': 3}. Best is trial 23 with value: 0.08863955736160278.
Time for this trial:  43.752166748046875
Memory status after this trial: 
Memory allocated:  197.26708984375
Memory cached:  290.0
--------------------  Trial  29   --------------------
Start timing: 
Parameters: 
{'W_layers': 3, 'W_layer_units_exponent_0': 4, 'W_layer_units_exponent_1': 4, 'W_layer_units_exponent_2': 9, 'D_layers': 2, 'D_layer_units_exponent_0': 9, 'D_layer_units_exponent_1': 5, 'D_dagger_layers': 4, 'D_dagger_layer_units_exponent_0': 9, 'D_dagger_layer_units_exponent_1': 8, 'D_dagger_layer_units_exponent_2': 5, 'D_dagger_layer_units_exponent_3': 4, 'log_learning_rate': -1.528111601470323, 'log_learning_rate_D': -3.4775688918541214, 'log_learning_rate_D_dagger': -3.4029216322897073, 'training_batch_size': 9, 'training_p': 2}
	 epoch  0 training error:  tensor(1.1457, device='cuda:0', grad_fn=<DivBackward0>)
Memory status after this epoch: 
Memory allocated:  170.72802734375
Memory cached:  272.0
	 epoch  10 training error:  tensor(0.3462, device='cuda:0', grad_fn=<DivBackward0>)
Memory status after this epoch: 
Memory allocated:  170.72802734375
Memory cached:  272.0
	 epoch  20 training error:  tensor(0.2785, device='cuda:0', grad_fn=<DivBackward0>)
Memory status after this epoch: 
Memory allocated:  170.72802734375
Memory cached:  272.0
	 epoch  30 training error:  tensor(0.1758, device='cuda:0', grad_fn=<DivBackward0>)
Memory status after this epoch: 
Memory allocated:  170.72802734375
Memory cached:  272.0
	 epoch  40 training error:  tensor(0.1168, device='cuda:0', grad_fn=<DivBackward0>)
Memory status after this epoch: 
Memory allocated:  170.72802734375
Memory cached:  272.0
	 epoch  50 training error:  tensor(0.0971, device='cuda:0', grad_fn=<DivBackward0>)
Memory status after this epoch: 
Memory allocated:  170.72802734375
Memory cached:  272.0
	 epoch  60 training error:  tensor(0.0860, device='cuda:0', grad_fn=<DivBackward0>)
Memory status after this epoch: 
Memory allocated:  170.72802734375
Memory cached:  272.0
	 epoch  70 training error:  tensor(0.0848, device='cuda:0', grad_fn=<DivBackward0>)
Memory status after this epoch: 
Memory allocated:  170.72802734375
Memory cached:  272.0
	 epoch  80 training error:  tensor(0.0834, device='cuda:0', grad_fn=<DivBackward0>)
Memory status after this epoch: 
Memory allocated:  170.72802734375
Memory cached:  272.0
	 epoch  90 training error:  tensor(0.0832, device='cuda:0', grad_fn=<DivBackward0>)
Memory status after this epoch: 
Memory allocated:  170.72802734375
Memory cached:  272.0
[I 2024-01-13 23:40:55,217] Trial 29 finished with value: 0.08848290890455246 and parameters: {'W_layers': 3, 'W_layer_units_exponent_0': 4, 'W_layer_units_exponent_1': 4, 'W_layer_units_exponent_2': 9, 'D_layers': 2, 'D_layer_units_exponent_0': 9, 'D_layer_units_exponent_1': 5, 'D_dagger_layers': 4, 'D_dagger_layer_units_exponent_0': 9, 'D_dagger_layer_units_exponent_1': 8, 'D_dagger_layer_units_exponent_2': 5, 'D_dagger_layer_units_exponent_3': 4, 'log_learning_rate': -1.528111601470323, 'log_learning_rate_D': -3.4775688918541214, 'log_learning_rate_D_dagger': -3.4029216322897073, 'training_batch_size': 9, 'training_p': 2}. Best is trial 29 with value: 0.08848290890455246.
res:  tensor(0.0885, device='cuda:0', grad_fn=<DivBackward0>)
self.bestValue:  tensor(0.0886, device='cuda:0', grad_fn=<DivBackward0>)
Save this model!
Time for this trial:  33.37018156051636
Memory status after this trial: 
Memory allocated:  140.09228515625
Memory cached:  252.0
--------------------  Trial  30   --------------------
Start timing: 
Parameters: 
{'W_layers': 6, 'W_layer_units_exponent_0': 4, 'W_layer_units_exponent_1': 4, 'W_layer_units_exponent_2': 10, 'W_layer_units_exponent_3': 6, 'W_layer_units_exponent_4': 6, 'W_layer_units_exponent_5': 6, 'D_layers': 2, 'D_layer_units_exponent_0': 10, 'D_layer_units_exponent_1': 5, 'D_dagger_layers': 3, 'D_dagger_layer_units_exponent_0': 8, 'D_dagger_layer_units_exponent_1': 9, 'D_dagger_layer_units_exponent_2': 5, 'log_learning_rate': -1.242144118177566, 'log_learning_rate_D': -3.3715477926024655, 'log_learning_rate_D_dagger': -3.316309470746497, 'training_batch_size': 9, 'training_p': 2}
	 epoch  0 training error:  tensor(0.8827, device='cuda:0', grad_fn=<DivBackward0>)
Memory status after this epoch: 
Memory allocated:  143.96240234375
Memory cached:  252.0
	 epoch  10 training error:  tensor(21.0965, device='cuda:0', grad_fn=<DivBackward0>)
Memory status after this epoch: 
Memory allocated:  143.96240234375
Memory cached:  252.0
	 epoch  20 training error:  tensor(13.0797, device='cuda:0', grad_fn=<DivBackward0>)
Memory status after this epoch: 
Memory allocated:  143.96240234375
Memory cached:  252.0
	 epoch  30 training error:  tensor(5.2634, device='cuda:0', grad_fn=<DivBackward0>)
Memory status after this epoch: 
Memory allocated:  143.96240234375
Memory cached:  252.0
	 epoch  40 training error:  tensor(0.6186, device='cuda:0', grad_fn=<DivBackward0>)
Memory status after this epoch: 
Memory allocated:  143.96240234375
Memory cached:  252.0
	 epoch  50 training error:  tensor(0.7384, device='cuda:0', grad_fn=<DivBackward0>)
Memory status after this epoch: 
Memory allocated:  143.96240234375
Memory cached:  252.0
	 epoch  60 training error:  tensor(0.8357, device='cuda:0', grad_fn=<DivBackward0>)
Memory status after this epoch: 
Memory allocated:  143.96240234375
Memory cached:  252.0
	 epoch  70 training error:  tensor(0.4456, device='cuda:0', grad_fn=<DivBackward0>)
Memory status after this epoch: 
Memory allocated:  143.96240234375
Memory cached:  252.0
	 epoch  80 training error:  tensor(0.1770, device='cuda:0', grad_fn=<DivBackward0>)
Memory status after this epoch: 
Memory allocated:  143.96240234375
Memory cached:  252.0
	 epoch  90 training error:  tensor(0.1316, device='cuda:0', grad_fn=<DivBackward0>)
Memory status after this epoch: 
Memory allocated:  143.96240234375
Memory cached:  252.0
