[I 2024-03-11 21:32:35,612] Trial 77 finished with value: 0.33112701773643494 and parameters: {'log_learning_rate': -1.6333432935232877, 'log_learning_rate_D': -3.58498590258405, 'log_learning_rate_D_dagger': -1.3574257630764903, 'training_batch_size': 7, 'training_p': 2}. Best is trial 69 with value: 0.31162887811660767.
Time for this trial:  276.7143933773041
Memory status after this trial: 
Memory allocated:  3.3525390625
Memory cached:  4.0
--------------------  Trial  78   --------------------
Start timing: 
Parameters: 
{'log_learning_rate': -1.4536494614926656, 'log_learning_rate_D': -3.216646140840513, 'log_learning_rate_D_dagger': -1.6668509312791828, 'training_batch_size': 7, 'training_p': 3}
	 epoch  0 training error:  tensor(190.4473, grad_fn=<ToCopyBackward0>)
Memory status after this epoch: 
Memory allocated:  1.84228515625
Memory cached:  4.0
	 epoch  10 training error:  tensor(12.7679, grad_fn=<ToCopyBackward0>)
Memory status after this epoch: 
Memory allocated:  1.84228515625
Memory cached:  4.0
	 epoch  20 training error:  tensor(2.0825, grad_fn=<ToCopyBackward0>)
Memory status after this epoch: 
Memory allocated:  1.84228515625
Memory cached:  4.0
	 epoch  30 training error:  tensor(1.3701, grad_fn=<ToCopyBackward0>)
Memory status after this epoch: 
Memory allocated:  1.84228515625
Memory cached:  4.0
	 epoch  40 training error:  tensor(0.9443, grad_fn=<ToCopyBackward0>)
Memory status after this epoch: 
Memory allocated:  1.84228515625
Memory cached:  4.0
	 epoch  50 training error:  tensor(0.6581, grad_fn=<ToCopyBackward0>)
Memory status after this epoch: 
Memory allocated:  1.84228515625
Memory cached:  4.0
	 epoch  60 training error:  tensor(0.4849, grad_fn=<ToCopyBackward0>)
Memory status after this epoch: 
Memory allocated:  1.84228515625
Memory cached:  4.0
	 epoch  70 training error:  tensor(0.4329, grad_fn=<ToCopyBackward0>)
Memory status after this epoch: 
Memory allocated:  1.84228515625
Memory cached:  4.0
	 epoch  80 training error:  tensor(0.3999, grad_fn=<ToCopyBackward0>)
Memory status after this epoch: 
Memory allocated:  1.84228515625
Memory cached:  4.0
	 epoch  90 training error:  tensor(0.4061, grad_fn=<ToCopyBackward0>)
Memory status after this epoch: 
Memory allocated:  1.84228515625
Memory cached:  4.0
[I 2024-03-11 21:37:12,011] Trial 78 finished with value: 0.34756147861480713 and parameters: {'log_learning_rate': -1.4536494614926656, 'log_learning_rate_D': -3.216646140840513, 'log_learning_rate_D_dagger': -1.6668509312791828, 'training_batch_size': 7, 'training_p': 3}. Best is trial 69 with value: 0.31162887811660767.
Time for this trial:  276.1516568660736
Memory status after this trial: 
Memory allocated:  3.3525390625
Memory cached:  4.0
--------------------  Trial  79   --------------------
Start timing: 
Parameters: 
{'log_learning_rate': -1.3334959171697984, 'log_learning_rate_D': -3.5337958213241163, 'log_learning_rate_D_dagger': -1.2520784258227937, 'training_batch_size': 8, 'training_p': 2}
	 epoch  0 training error:  tensor(62.2017, grad_fn=<ToCopyBackward0>)
Memory status after this epoch: 
Memory allocated:  1.84228515625
Memory cached:  4.0
	 epoch  10 training error:  tensor(1.5951, grad_fn=<ToCopyBackward0>)
Memory status after this epoch: 
Memory allocated:  1.84228515625
Memory cached:  4.0
	 epoch  20 training error:  tensor(0.6934, grad_fn=<ToCopyBackward0>)
Memory status after this epoch: 
Memory allocated:  1.84228515625
Memory cached:  4.0
	 epoch  30 training error:  tensor(0.4677, grad_fn=<ToCopyBackward0>)
Memory status after this epoch: 
Memory allocated:  1.84228515625
Memory cached:  4.0
	 epoch  40 training error:  tensor(0.4121, grad_fn=<ToCopyBackward0>)
Memory status after this epoch: 
Memory allocated:  1.84228515625
Memory cached:  4.0
	 epoch  50 training error:  tensor(0.3700, grad_fn=<ToCopyBackward0>)
Memory status after this epoch: 
Memory allocated:  1.84228515625
Memory cached:  4.0
	 epoch  60 training error:  tensor(0.3347, grad_fn=<ToCopyBackward0>)
Memory status after this epoch: 
Memory allocated:  1.84228515625
Memory cached:  4.0
	 epoch  70 training error:  tensor(0.3118, grad_fn=<ToCopyBackward0>)
Memory status after this epoch: 
Memory allocated:  1.84228515625
Memory cached:  4.0
	 epoch  80 training error:  tensor(0.2998, grad_fn=<ToCopyBackward0>)
Memory status after this epoch: 
Memory allocated:  1.84228515625
Memory cached:  4.0
	 epoch  90 training error:  tensor(0.2944, grad_fn=<ToCopyBackward0>)
Memory status after this epoch: 
Memory allocated:  1.84228515625
Memory cached:  4.0
[I 2024-03-11 21:40:24,570] Trial 79 finished with value: 0.3131522238254547 and parameters: {'log_learning_rate': -1.3334959171697984, 'log_learning_rate_D': -3.5337958213241163, 'log_learning_rate_D_dagger': -1.2520784258227937, 'training_batch_size': 8, 'training_p': 2}. Best is trial 69 with value: 0.31162887811660767.
Time for this trial:  192.33791851997375
Memory status after this trial: 
Memory allocated:  3.3525390625
Memory cached:  4.0
--------------------  Trial  80   --------------------
Start timing: 
Parameters: 
{'log_learning_rate': -1.0110744787022052, 'log_learning_rate_D': -3.510586460983025, 'log_learning_rate_D_dagger': -1.250118336020054, 'training_batch_size': 8, 'training_p': 2}
	 epoch  0 training error:  tensor(83.7811, grad_fn=<ToCopyBackward0>)
Memory status after this epoch: 
Memory allocated:  1.84228515625
Memory cached:  4.0
	 epoch  10 training error:  tensor(3.3267, grad_fn=<ToCopyBackward0>)
Memory status after this epoch: 
Memory allocated:  1.84228515625
Memory cached:  4.0
	 epoch  20 training error:  tensor(0.5825, grad_fn=<ToCopyBackward0>)
Memory status after this epoch: 
Memory allocated:  1.84228515625
Memory cached:  4.0
	 epoch  30 training error:  tensor(0.4217, grad_fn=<ToCopyBackward0>)
Memory status after this epoch: 
Memory allocated:  1.84228515625
Memory cached:  4.0
	 epoch  40 training error:  tensor(0.3631, grad_fn=<ToCopyBackward0>)
Memory status after this epoch: 
Memory allocated:  1.84228515625
Memory cached:  4.0
	 epoch  50 training error:  tensor(0.3358, grad_fn=<ToCopyBackward0>)
Memory status after this epoch: 
Memory allocated:  1.84228515625
Memory cached:  4.0
	 epoch  60 training error:  tensor(0.3087, grad_fn=<ToCopyBackward0>)
Memory status after this epoch: 
Memory allocated:  1.84228515625
Memory cached:  4.0
	 epoch  70 training error:  tensor(0.2974, grad_fn=<ToCopyBackward0>)
Memory status after this epoch: 
Memory allocated:  1.84228515625
Memory cached:  4.0
	 epoch  80 training error:  tensor(0.2939, grad_fn=<ToCopyBackward0>)
Memory status after this epoch: 
Memory allocated:  1.84228515625
Memory cached:  4.0
	 epoch  90 training error:  tensor(0.2931, grad_fn=<ToCopyBackward0>)
Memory status after this epoch: 
Memory allocated:  1.84228515625
Memory cached:  4.0
[I 2024-03-11 21:43:36,607] Trial 80 finished with value: 0.3148610293865204 and parameters: {'log_learning_rate': -1.0110744787022052, 'log_learning_rate_D': -3.510586460983025, 'log_learning_rate_D_dagger': -1.250118336020054, 'training_batch_size': 8, 'training_p': 2}. Best is trial 69 with value: 0.31162887811660767.
Time for this trial:  191.81200313568115
Memory status after this trial: 
Memory allocated:  3.3525390625
Memory cached:  4.0
--------------------  Trial  81   --------------------
Start timing: 
Parameters: 
{'log_learning_rate': -1.147953037245149, 'log_learning_rate_D': -3.545138873427924, 'log_learning_rate_D_dagger': -1.0019521065168515, 'training_batch_size': 8, 'training_p': 2}
	 epoch  0 training error:  tensor(31.9319, grad_fn=<ToCopyBackward0>)
Memory status after this epoch: 
Memory allocated:  1.84228515625
Memory cached:  4.0
	 epoch  10 training error:  tensor(1.5265, grad_fn=<ToCopyBackward0>)
Memory status after this epoch: 
Memory allocated:  1.84228515625
Memory cached:  4.0
	 epoch  20 training error:  tensor(0.4689, grad_fn=<ToCopyBackward0>)
Memory status after this epoch: 
Memory allocated:  1.84228515625
Memory cached:  4.0
	 epoch  30 training error:  tensor(0.4394, grad_fn=<ToCopyBackward0>)
Memory status after this epoch: 
Memory allocated:  1.84228515625
Memory cached:  4.0
	 epoch  40 training error:  tensor(0.3799, grad_fn=<ToCopyBackward0>)
Memory status after this epoch: 
Memory allocated:  1.84228515625
Memory cached:  4.0
	 epoch  50 training error:  tensor(0.3626, grad_fn=<ToCopyBackward0>)
Memory status after this epoch: 
Memory allocated:  1.84228515625
Memory cached:  4.0
	 epoch  60 training error:  tensor(0.3374, grad_fn=<ToCopyBackward0>)
Memory status after this epoch: 
Memory allocated:  1.84228515625
Memory cached:  4.0
	 epoch  70 training error:  tensor(0.3537, grad_fn=<ToCopyBackward0>)
Memory status after this epoch: 
Memory allocated:  1.84228515625
Memory cached:  4.0
	 epoch  80 training error:  tensor(0.3138, grad_fn=<ToCopyBackward0>)
Memory status after this epoch: 
Memory allocated:  1.84228515625
Memory cached:  4.0
	 epoch  90 training error:  tensor(0.2990, grad_fn=<ToCopyBackward0>)
Memory status after this epoch: 
Memory allocated:  1.84228515625
Memory cached:  4.0
[I 2024-03-11 21:46:48,870] Trial 81 finished with value: 0.31809931993484497 and parameters: {'log_learning_rate': -1.147953037245149, 'log_learning_rate_D': -3.545138873427924, 'log_learning_rate_D_dagger': -1.0019521065168515, 'training_batch_size': 8, 'training_p': 2}. Best is trial 69 with value: 0.31162887811660767.
Time for this trial:  192.01981806755066
Memory status after this trial: 
Memory allocated:  3.3525390625
Memory cached:  4.0
--------------------  Trial  82   --------------------
Start timing: 
Parameters: 
{'log_learning_rate': -1.1374371543060178, 'log_learning_rate_D': -3.5040108259576725, 'log_learning_rate_D_dagger': -1.4760828639321584, 'training_batch_size': 8, 'training_p': 2}
	 epoch  0 training error:  tensor(23.3839, grad_fn=<ToCopyBackward0>)
Memory status after this epoch: 
Memory allocated:  1.84228515625
Memory cached:  4.0
	 epoch  10 training error:  tensor(1.5335, grad_fn=<ToCopyBackward0>)
Memory status after this epoch: 
Memory allocated:  1.84228515625
Memory cached:  4.0
	 epoch  20 training error:  tensor(0.5264, grad_fn=<ToCopyBackward0>)
Memory status after this epoch: 
Memory allocated:  1.84228515625
Memory cached:  4.0
	 epoch  30 training error:  tensor(0.3276, grad_fn=<ToCopyBackward0>)
Memory status after this epoch: 
Memory allocated:  1.84228515625
Memory cached:  4.0
	 epoch  40 training error:  tensor(0.3252, grad_fn=<ToCopyBackward0>)
Memory status after this epoch: 
Memory allocated:  1.84228515625
Memory cached:  4.0
	 epoch  50 training error:  tensor(0.3151, grad_fn=<ToCopyBackward0>)
Memory status after this epoch: 
Memory allocated:  1.84228515625
Memory cached:  4.0
	 epoch  60 training error:  tensor(0.3181, grad_fn=<ToCopyBackward0>)
Memory status after this epoch: 
Memory allocated:  1.84228515625
Memory cached:  4.0
	 epoch  70 training error:  tensor(0.3137, grad_fn=<ToCopyBackward0>)
Memory status after this epoch: 
Memory allocated:  1.84228515625
Memory cached:  4.0
	 epoch  80 training error:  tensor(0.3132, grad_fn=<ToCopyBackward0>)
Memory status after this epoch: 
Memory allocated:  1.84228515625
Memory cached:  4.0
	 epoch  90 training error:  tensor(0.3167, grad_fn=<ToCopyBackward0>)
Memory status after this epoch: 
Memory allocated:  1.84228515625
Memory cached:  4.0
[I 2024-03-11 21:50:01,418] Trial 82 finished with value: 0.3300793766975403 and parameters: {'log_learning_rate': -1.1374371543060178, 'log_learning_rate_D': -3.5040108259576725, 'log_learning_rate_D_dagger': -1.4760828639321584, 'training_batch_size': 8, 'training_p': 2}. Best is trial 69 with value: 0.31162887811660767.
Time for this trial:  192.32953882217407
Memory status after this trial: 
Memory allocated:  3.3525390625
Memory cached:  4.0
--------------------  Trial  83   --------------------
Start timing: 
Parameters: 
{'log_learning_rate': -1.0180859984790134, 'log_learning_rate_D': -3.5578901616183956, 'log_learning_rate_D_dagger': -1.2536458510944413, 'training_batch_size': 9, 'training_p': 2}
	 epoch  0 training error:  tensor(23.0230, grad_fn=<ToCopyBackward0>)
Memory status after this epoch: 
Memory allocated:  1.93994140625
Memory cached:  8.0
	 epoch  10 training error:  tensor(3.8838, grad_fn=<ToCopyBackward0>)
Memory status after this epoch: 
Memory allocated:  1.93994140625
Memory cached:  8.0
	 epoch  20 training error:  tensor(0.8465, grad_fn=<ToCopyBackward0>)
Memory status after this epoch: 
Memory allocated:  1.93994140625
Memory cached:  8.0
	 epoch  30 training error:  tensor(0.7364, grad_fn=<ToCopyBackward0>)
Memory status after this epoch: 
Memory allocated:  1.93994140625
Memory cached:  6.0
	 epoch  40 training error:  tensor(0.4337, grad_fn=<ToCopyBackward0>)
Memory status after this epoch: 
Memory allocated:  1.93994140625
Memory cached:  8.0
	 epoch  50 training error:  tensor(0.4028, grad_fn=<ToCopyBackward0>)
Memory status after this epoch: 
Memory allocated:  1.93994140625
Memory cached:  8.0
	 epoch  60 training error:  tensor(0.3763, grad_fn=<ToCopyBackward0>)
Memory status after this epoch: 
Memory allocated:  1.93994140625
Memory cached:  8.0
	 epoch  70 training error:  tensor(0.3583, grad_fn=<ToCopyBackward0>)
Memory status after this epoch: 
Memory allocated:  1.93994140625
Memory cached:  8.0
	 epoch  80 training error:  tensor(0.3385, grad_fn=<ToCopyBackward0>)
Memory status after this epoch: 
Memory allocated:  1.93994140625
Memory cached:  8.0
	 epoch  90 training error:  tensor(0.3235, grad_fn=<ToCopyBackward0>)
Memory status after this epoch: 
Memory allocated:  1.93994140625
Memory cached:  8.0
[I 2024-03-11 21:51:46,920] Trial 83 finished with value: 0.3349458873271942 and parameters: {'log_learning_rate': -1.0180859984790134, 'log_learning_rate_D': -3.5578901616183956, 'log_learning_rate_D_dagger': -1.2536458510944413, 'training_batch_size': 9, 'training_p': 2}. Best is trial 69 with value: 0.31162887811660767.
Time for this trial:  105.29773187637329
Memory status after this trial: 
Memory allocated:  3.3525390625
Memory cached:  6.0
--------------------  Trial  84   --------------------
Start timing: 
Parameters: 
{'log_learning_rate': -1.1437831550426827, 'log_learning_rate_D': -3.67181716469894, 'log_learning_rate_D_dagger': -1.0085593534095392, 'training_batch_size': 8, 'training_p': 2}
	 epoch  0 training error:  tensor(68.8012, grad_fn=<ToCopyBackward0>)
Memory status after this epoch: 
Memory allocated:  1.84228515625
Memory cached:  4.0
[W 2024-03-11 21:51:53,612] Trial 84 failed with parameters: {'log_learning_rate': -1.1437831550426827, 'log_learning_rate_D': -3.67181716469894, 'log_learning_rate_D_dagger': -1.0085593534095392, 'training_batch_size': 8, 'training_p': 2} because of the following error: The value nan is not acceptable.
[W 2024-03-11 21:51:53,613] Trial 84 failed with value tensor(nan, grad_fn=<ToCopyBackward0>).
Time for this trial:  6.46256685256958
Memory status after this trial: 
Memory allocated:  3.3525390625
Memory cached:  4.0
--------------------  Trial  85   --------------------
Start timing: 
Parameters: 
{'log_learning_rate': -1.134086105954415, 'log_learning_rate_D': -3.660928256380414, 'log_learning_rate_D_dagger': -1.021175532010007, 'training_batch_size': 8, 'training_p': 2}
	 epoch  0 training error:  tensor(121.9474, grad_fn=<ToCopyBackward0>)
Memory status after this epoch: 
Memory allocated:  1.84228515625
Memory cached:  4.0
	 epoch  10 training error:  tensor(1.7719, grad_fn=<ToCopyBackward0>)
Memory status after this epoch: 
Memory allocated:  1.84228515625
Memory cached:  4.0
	 epoch  20 training error:  tensor(0.6999, grad_fn=<ToCopyBackward0>)
Memory status after this epoch: 
Memory allocated:  1.84228515625
Memory cached:  4.0
	 epoch  30 training error:  tensor(0.4607, grad_fn=<ToCopyBackward0>)
Memory status after this epoch: 
Memory allocated:  1.84228515625
Memory cached:  4.0
	 epoch  40 training error:  tensor(0.4183, grad_fn=<ToCopyBackward0>)
Memory status after this epoch: 
Memory allocated:  1.84228515625
Memory cached:  4.0
	 epoch  50 training error:  tensor(0.3884, grad_fn=<ToCopyBackward0>)
Memory status after this epoch: 
Memory allocated:  1.84228515625
Memory cached:  4.0
	 epoch  60 training error:  tensor(0.3766, grad_fn=<ToCopyBackward0>)
Memory status after this epoch: 
Memory allocated:  1.84228515625
Memory cached:  4.0
	 epoch  70 training error:  tensor(0.3719, grad_fn=<ToCopyBackward0>)
Memory status after this epoch: 
Memory allocated:  1.84228515625
Memory cached:  4.0
	 epoch  80 training error:  tensor(0.3796, grad_fn=<ToCopyBackward0>)
Memory status after this epoch: 
Memory allocated:  1.84228515625
Memory cached:  4.0
	 epoch  90 training error:  tensor(0.3774, grad_fn=<ToCopyBackward0>)
Memory status after this epoch: 
Memory allocated:  1.84228515625
Memory cached:  4.0
[I 2024-03-11 21:55:05,503] Trial 85 finished with value: 0.3976915776729584 and parameters: {'log_learning_rate': -1.134086105954415, 'log_learning_rate_D': -3.660928256380414, 'log_learning_rate_D_dagger': -1.021175532010007, 'training_batch_size': 8, 'training_p': 2}. Best is trial 69 with value: 0.31162887811660767.
Time for this trial:  191.64624547958374
Memory status after this trial: 
Memory allocated:  3.3525390625
Memory cached:  4.0
--------------------  Trial  86   --------------------
Start timing: 
Parameters: 
{'log_learning_rate': -1.3108868315281312, 'log_learning_rate_D': -3.3076513079336816, 'log_learning_rate_D_dagger': -1.3885829243197219, 'training_batch_size': 9, 'training_p': 2}
	 epoch  0 training error:  tensor(60.9018, grad_fn=<ToCopyBackward0>)
Memory status after this epoch: 
Memory allocated:  1.93994140625
Memory cached:  8.0
	 epoch  10 training error:  tensor(11.5645, grad_fn=<ToCopyBackward0>)
Memory status after this epoch: 
Memory allocated:  1.93994140625
Memory cached:  8.0
	 epoch  20 training error:  tensor(2.0949, grad_fn=<ToCopyBackward0>)
Memory status after this epoch: 
Memory allocated:  1.93994140625
Memory cached:  8.0
	 epoch  30 training error:  tensor(1.3498, grad_fn=<ToCopyBackward0>)
Memory status after this epoch: 
Memory allocated:  1.93994140625
Memory cached:  6.0
	 epoch  40 training error:  tensor(0.6843, grad_fn=<ToCopyBackward0>)
Memory status after this epoch: 
Memory allocated:  1.93994140625
Memory cached:  8.0
	 epoch  50 training error:  tensor(0.5121, grad_fn=<ToCopyBackward0>)
Memory status after this epoch: 
Memory allocated:  1.93994140625
Memory cached:  8.0
	 epoch  60 training error:  tensor(0.4983, grad_fn=<ToCopyBackward0>)
Memory status after this epoch: 
Memory allocated:  1.93994140625
Memory cached:  8.0
	 epoch  70 training error:  tensor(0.4713, grad_fn=<ToCopyBackward0>)
Memory status after this epoch: 
Memory allocated:  1.93994140625
Memory cached:  8.0
	 epoch  80 training error:  tensor(0.4639, grad_fn=<ToCopyBackward0>)
Memory status after this epoch: 
Memory allocated:  1.93994140625
Memory cached:  8.0
	 epoch  90 training error:  tensor(0.4544, grad_fn=<ToCopyBackward0>)
Memory status after this epoch: 
Memory allocated:  1.93994140625
Memory cached:  8.0
[I 2024-03-11 21:56:50,596] Trial 86 finished with value: 0.4799099862575531 and parameters: {'log_learning_rate': -1.3108868315281312, 'log_learning_rate_D': -3.3076513079336816, 'log_learning_rate_D_dagger': -1.3885829243197219, 'training_batch_size': 9, 'training_p': 2}. Best is trial 69 with value: 0.31162887811660767.
Time for this trial:  104.88605046272278
Memory status after this trial: 
Memory allocated:  3.3525390625
Memory cached:  6.0
--------------------  Trial  87   --------------------
Start timing: 
Parameters: 
{'log_learning_rate': -1.001686561667444, 'log_learning_rate_D': -3.529741337649431, 'log_learning_rate_D_dagger': -1.2596952620505684, 'training_batch_size': 8, 'training_p': 2}
	 epoch  0 training error:  tensor(132.2779, grad_fn=<ToCopyBackward0>)
Memory status after this epoch: 
Memory allocated:  1.84228515625
Memory cached:  4.0
	 epoch  10 training error:  tensor(6.6861, grad_fn=<ToCopyBackward0>)
Memory status after this epoch: 
Memory allocated:  1.84228515625
Memory cached:  4.0
	 epoch  20 training error:  tensor(1.6162, grad_fn=<ToCopyBackward0>)
Memory status after this epoch: 
Memory allocated:  1.84228515625
Memory cached:  4.0
	 epoch  30 training error:  tensor(0.8243, grad_fn=<ToCopyBackward0>)
Memory status after this epoch: 
Memory allocated:  1.84228515625
Memory cached:  4.0
	 epoch  40 training error:  tensor(0.4124, grad_fn=<ToCopyBackward0>)
Memory status after this epoch: 
Memory allocated:  1.84228515625
Memory cached:  4.0
	 epoch  50 training error:  tensor(0.4049, grad_fn=<ToCopyBackward0>)
Memory status after this epoch: 
Memory allocated:  1.84228515625
Memory cached:  4.0
	 epoch  60 training error:  tensor(0.3949, grad_fn=<ToCopyBackward0>)
Memory status after this epoch: 
Memory allocated:  1.84228515625
Memory cached:  4.0
	 epoch  70 training error:  tensor(0.3924, grad_fn=<ToCopyBackward0>)
Memory status after this epoch: 
Memory allocated:  1.84228515625
Memory cached:  4.0
	 epoch  80 training error:  tensor(0.3834, grad_fn=<ToCopyBackward0>)
Memory status after this epoch: 
Memory allocated:  1.84228515625
Memory cached:  4.0
	 epoch  90 training error:  tensor(0.3688, grad_fn=<ToCopyBackward0>)
Memory status after this epoch: 
Memory allocated:  1.84228515625
Memory cached:  4.0
