[I 2024-01-12 22:35:01,349] Trial 65 finished with value: 0.298806756734848 and parameters: {'W_layers': 3, 'W_layer_units_exponent_0': 7, 'W_layer_units_exponent_1': 7, 'W_layer_units_exponent_2': 6, 'D_layers': 4, 'D_layer_units_exponent_0': 7, 'D_layer_units_exponent_1': 4, 'D_layer_units_exponent_2': 5, 'D_layer_units_exponent_3': 6, 'D_dagger_layers': 2, 'D_dagger_layer_units_exponent_0': 10, 'D_dagger_layer_units_exponent_1': 10, 'log_learning_rate': -4.517547884704037, 'log_learning_rate_D': -3.3861035021610912, 'log_learning_rate_D_dagger': -2.946533958961158, 'training_batch_size': 7, 'training_p': 7}. Best is trial 52 with value: 0.08323463052511215.
Time for this trial:  266.49334931373596
Memory status after this trial: 
Memory allocated:  587.28271484375
Memory cached:  612.0
--------------------  Trial  66   --------------------
Start timing: 
Parameters: 
{'W_layers': 2, 'W_layer_units_exponent_0': 6, 'W_layer_units_exponent_1': 5, 'D_layers': 5, 'D_layer_units_exponent_0': 10, 'D_layer_units_exponent_1': 6, 'D_layer_units_exponent_2': 6, 'D_layer_units_exponent_3': 8, 'D_layer_units_exponent_4': 10, 'D_dagger_layers': 3, 'D_dagger_layer_units_exponent_0': 9, 'D_dagger_layer_units_exponent_1': 10, 'D_dagger_layer_units_exponent_2': 7, 'log_learning_rate': -4.3900631883887575, 'log_learning_rate_D': -3.229155745940214, 'log_learning_rate_D_dagger': -2.5453546977174604, 'training_batch_size': 6, 'training_p': 6}
	 epoch  0 training error:  tensor(2.6524, device='cuda:0', grad_fn=<DivBackward0>)
Memory status after this epoch: 
Memory allocated:  333.443359375
Memory cached:  618.0
	 epoch  10 training error:  tensor(0.5333, device='cuda:0', grad_fn=<DivBackward0>)
Memory status after this epoch: 
Memory allocated:  333.443359375
Memory cached:  640.0
	 epoch  20 training error:  tensor(0.5080, device='cuda:0', grad_fn=<DivBackward0>)
Memory status after this epoch: 
Memory allocated:  333.443359375
Memory cached:  646.0
	 epoch  30 training error:  tensor(0.4897, device='cuda:0', grad_fn=<DivBackward0>)
Memory status after this epoch: 
Memory allocated:  333.443359375
Memory cached:  640.0
	 epoch  40 training error:  tensor(0.5219, device='cuda:0', grad_fn=<DivBackward0>)
Memory status after this epoch: 
Memory allocated:  333.443359375
Memory cached:  644.0
	 epoch  50 training error:  tensor(0.4834, device='cuda:0', grad_fn=<DivBackward0>)
Memory status after this epoch: 
Memory allocated:  333.443359375
Memory cached:  652.0
	 epoch  60 training error:  tensor(0.4420, device='cuda:0', grad_fn=<DivBackward0>)
Memory status after this epoch: 
Memory allocated:  333.443359375
Memory cached:  634.0
	 epoch  70 training error:  tensor(0.2725, device='cuda:0', grad_fn=<DivBackward0>)
Memory status after this epoch: 
Memory allocated:  333.443359375
Memory cached:  642.0
	 epoch  80 training error:  tensor(0.1781, device='cuda:0', grad_fn=<DivBackward0>)
Memory status after this epoch: 
Memory allocated:  333.443359375
Memory cached:  636.0
	 epoch  90 training error:  tensor(0.2094, device='cuda:0', grad_fn=<DivBackward0>)
Memory status after this epoch: 
Memory allocated:  333.443359375
Memory cached:  644.0
[I 2024-01-12 22:41:41,664] Trial 66 finished with value: 0.14537343382835388 and parameters: {'W_layers': 2, 'W_layer_units_exponent_0': 6, 'W_layer_units_exponent_1': 5, 'D_layers': 5, 'D_layer_units_exponent_0': 10, 'D_layer_units_exponent_1': 6, 'D_layer_units_exponent_2': 6, 'D_layer_units_exponent_3': 8, 'D_layer_units_exponent_4': 10, 'D_dagger_layers': 3, 'D_dagger_layer_units_exponent_0': 9, 'D_dagger_layer_units_exponent_1': 10, 'D_dagger_layer_units_exponent_2': 7, 'log_learning_rate': -4.3900631883887575, 'log_learning_rate_D': -3.229155745940214, 'log_learning_rate_D_dagger': -2.5453546977174604, 'training_batch_size': 6, 'training_p': 6}. Best is trial 52 with value: 0.08323463052511215.
Time for this trial:  399.91481471061707
Memory status after this trial: 
Memory allocated:  753.298828125
Memory cached:  772.0
--------------------  Trial  67   --------------------
Start timing: 
Parameters: 
{'W_layers': 2, 'W_layer_units_exponent_0': 5, 'W_layer_units_exponent_1': 5, 'D_layers': 4, 'D_layer_units_exponent_0': 6, 'D_layer_units_exponent_1': 6, 'D_layer_units_exponent_2': 6, 'D_layer_units_exponent_3': 9, 'D_dagger_layers': 3, 'D_dagger_layer_units_exponent_0': 9, 'D_dagger_layer_units_exponent_1': 9, 'D_dagger_layer_units_exponent_2': 8, 'log_learning_rate': -4.677021963285975, 'log_learning_rate_D': -3.218982866157251, 'log_learning_rate_D_dagger': -2.577343630632364, 'training_batch_size': 6, 'training_p': 6}
	 epoch  0 training error:  tensor(2.1389, device='cuda:0', grad_fn=<DivBackward0>)
Memory status after this epoch: 
Memory allocated:  324.689453125
Memory cached:  614.0
	 epoch  10 training error:  tensor(0.5117, device='cuda:0', grad_fn=<DivBackward0>)
Memory status after this epoch: 
Memory allocated:  324.689453125
Memory cached:  614.0
	 epoch  20 training error:  tensor(0.4954, device='cuda:0', grad_fn=<DivBackward0>)
Memory status after this epoch: 
Memory allocated:  324.689453125
Memory cached:  616.0
	 epoch  30 training error:  tensor(0.4870, device='cuda:0', grad_fn=<DivBackward0>)
Memory status after this epoch: 
Memory allocated:  324.689453125
Memory cached:  614.0
	 epoch  40 training error:  tensor(0.4762, device='cuda:0', grad_fn=<DivBackward0>)
Memory status after this epoch: 
Memory allocated:  324.689453125
Memory cached:  616.0
	 epoch  50 training error:  tensor(0.4961, device='cuda:0', grad_fn=<DivBackward0>)
Memory status after this epoch: 
Memory allocated:  324.689453125
Memory cached:  612.0
	 epoch  60 training error:  tensor(0.3252, device='cuda:0', grad_fn=<DivBackward0>)
Memory status after this epoch: 
Memory allocated:  324.689453125
Memory cached:  614.0
	 epoch  70 training error:  tensor(0.2123, device='cuda:0', grad_fn=<DivBackward0>)
Memory status after this epoch: 
Memory allocated:  324.689453125
Memory cached:  616.0
	 epoch  80 training error:  tensor(0.1992, device='cuda:0', grad_fn=<DivBackward0>)
Memory status after this epoch: 
Memory allocated:  324.689453125
Memory cached:  612.0
	 epoch  90 training error:  tensor(0.1734, device='cuda:0', grad_fn=<DivBackward0>)
Memory status after this epoch: 
Memory allocated:  324.689453125
Memory cached:  616.0
[I 2024-01-12 22:47:43,604] Trial 67 finished with value: 0.18448445200920105 and parameters: {'W_layers': 2, 'W_layer_units_exponent_0': 5, 'W_layer_units_exponent_1': 5, 'D_layers': 4, 'D_layer_units_exponent_0': 6, 'D_layer_units_exponent_1': 6, 'D_layer_units_exponent_2': 6, 'D_layer_units_exponent_3': 9, 'D_dagger_layers': 3, 'D_dagger_layer_units_exponent_0': 9, 'D_dagger_layer_units_exponent_1': 9, 'D_dagger_layer_units_exponent_2': 8, 'log_learning_rate': -4.677021963285975, 'log_learning_rate_D': -3.218982866157251, 'log_learning_rate_D_dagger': -2.577343630632364, 'training_batch_size': 6, 'training_p': 6}. Best is trial 52 with value: 0.08323463052511215.
Time for this trial:  361.52942061424255
Memory status after this trial: 
Memory allocated:  527.544921875
Memory cached:  616.0
--------------------  Trial  68   --------------------
Start timing: 
Parameters: 
{'W_layers': 2, 'W_layer_units_exponent_0': 6, 'W_layer_units_exponent_1': 6, 'D_layers': 5, 'D_layer_units_exponent_0': 10, 'D_layer_units_exponent_1': 6, 'D_layer_units_exponent_2': 7, 'D_layer_units_exponent_3': 8, 'D_layer_units_exponent_4': 10, 'D_dagger_layers': 2, 'D_dagger_layer_units_exponent_0': 9, 'D_dagger_layer_units_exponent_1': 10, 'log_learning_rate': -4.19335883740509, 'log_learning_rate_D': -2.9850743086217175, 'log_learning_rate_D_dagger': -2.4910079983622913, 'training_batch_size': 6, 'training_p': 5}
	 epoch  0 training error:  tensor(4.3492, device='cuda:0', grad_fn=<DivBackward0>)
Memory status after this epoch: 
Memory allocated:  331.798828125
Memory cached:  616.0
	 epoch  10 training error:  tensor(0.5306, device='cuda:0', grad_fn=<DivBackward0>)
Memory status after this epoch: 
Memory allocated:  331.798828125
Memory cached:  624.0
	 epoch  20 training error:  tensor(0.4998, device='cuda:0', grad_fn=<DivBackward0>)
Memory status after this epoch: 
Memory allocated:  331.798828125
Memory cached:  626.0
	 epoch  30 training error:  tensor(0.4736, device='cuda:0', grad_fn=<DivBackward0>)
Memory status after this epoch: 
Memory allocated:  331.798828125
Memory cached:  628.0
	 epoch  40 training error:  tensor(0.4705, device='cuda:0', grad_fn=<DivBackward0>)
Memory status after this epoch: 
Memory allocated:  331.798828125
Memory cached:  620.0
	 epoch  50 training error:  tensor(0.4819, device='cuda:0', grad_fn=<DivBackward0>)
Memory status after this epoch: 
Memory allocated:  331.798828125
Memory cached:  624.0
	 epoch  60 training error:  tensor(0.4612, device='cuda:0', grad_fn=<DivBackward0>)
Memory status after this epoch: 
Memory allocated:  331.798828125
Memory cached:  626.0
	 epoch  70 training error:  tensor(0.4523, device='cuda:0', grad_fn=<DivBackward0>)
Memory status after this epoch: 
Memory allocated:  331.798828125
Memory cached:  622.0
	 epoch  80 training error:  tensor(0.4592, device='cuda:0', grad_fn=<DivBackward0>)
Memory status after this epoch: 
Memory allocated:  331.798828125
Memory cached:  624.0
	 epoch  90 training error:  tensor(0.4608, device='cuda:0', grad_fn=<DivBackward0>)
Memory status after this epoch: 
Memory allocated:  331.798828125
Memory cached:  624.0
[I 2024-01-12 22:54:02,640] Trial 68 finished with value: 0.34028252959251404 and parameters: {'W_layers': 2, 'W_layer_units_exponent_0': 6, 'W_layer_units_exponent_1': 6, 'D_layers': 5, 'D_layer_units_exponent_0': 10, 'D_layer_units_exponent_1': 6, 'D_layer_units_exponent_2': 7, 'D_layer_units_exponent_3': 8, 'D_layer_units_exponent_4': 10, 'D_dagger_layers': 2, 'D_dagger_layer_units_exponent_0': 9, 'D_dagger_layer_units_exponent_1': 10, 'log_learning_rate': -4.19335883740509, 'log_learning_rate_D': -2.9850743086217175, 'log_learning_rate_D_dagger': -2.4910079983622913, 'training_batch_size': 6, 'training_p': 5}. Best is trial 52 with value: 0.08323463052511215.
Time for this trial:  378.69873785972595
Memory status after this trial: 
Memory allocated:  734.830078125
Memory cached:  754.0
--------------------  Trial  69   --------------------
Start timing: 
Parameters: 
{'W_layers': 2, 'W_layer_units_exponent_0': 7, 'W_layer_units_exponent_1': 4, 'D_layers': 5, 'D_layer_units_exponent_0': 6, 'D_layer_units_exponent_1': 5, 'D_layer_units_exponent_2': 6, 'D_layer_units_exponent_3': 7, 'D_layer_units_exponent_4': 10, 'D_dagger_layers': 3, 'D_dagger_layer_units_exponent_0': 10, 'D_dagger_layer_units_exponent_1': 10, 'D_dagger_layer_units_exponent_2': 7, 'log_learning_rate': -4.370584945154104, 'log_learning_rate_D': -3.271251751746799, 'log_learning_rate_D_dagger': -3.0657093759875953, 'training_batch_size': 6, 'training_p': 5}
	 epoch  0 training error:  tensor(1.4408, device='cuda:0', grad_fn=<DivBackward0>)
Memory status after this epoch: 
Memory allocated:  338.3125
Memory cached:  618.0
	 epoch  10 training error:  tensor(0.4712, device='cuda:0', grad_fn=<DivBackward0>)
Memory status after this epoch: 
Memory allocated:  338.3125
Memory cached:  624.0
	 epoch  20 training error:  tensor(0.4645, device='cuda:0', grad_fn=<DivBackward0>)
Memory status after this epoch: 
Memory allocated:  338.3125
Memory cached:  626.0
	 epoch  30 training error:  tensor(0.4575, device='cuda:0', grad_fn=<DivBackward0>)
Memory status after this epoch: 
Memory allocated:  338.3125
Memory cached:  626.0
	 epoch  40 training error:  tensor(0.4050, device='cuda:0', grad_fn=<DivBackward0>)
Memory status after this epoch: 
Memory allocated:  338.3125
Memory cached:  628.0
	 epoch  50 training error:  tensor(0.2715, device='cuda:0', grad_fn=<DivBackward0>)
Memory status after this epoch: 
Memory allocated:  338.3125
Memory cached:  636.0
	 epoch  60 training error:  tensor(0.2316, device='cuda:0', grad_fn=<DivBackward0>)
Memory status after this epoch: 
Memory allocated:  338.3125
Memory cached:  630.0
	 epoch  70 training error:  tensor(0.2162, device='cuda:0', grad_fn=<DivBackward0>)
Memory status after this epoch: 
Memory allocated:  338.3125
Memory cached:  632.0
	 epoch  80 training error:  tensor(0.1502, device='cuda:0', grad_fn=<DivBackward0>)
Memory status after this epoch: 
Memory allocated:  338.3125
Memory cached:  632.0
	 epoch  90 training error:  tensor(0.1955, device='cuda:0', grad_fn=<DivBackward0>)
Memory status after this epoch: 
Memory allocated:  338.3125
Memory cached:  634.0
[I 2024-01-12 23:00:36,387] Trial 69 finished with value: 0.1388099044561386 and parameters: {'W_layers': 2, 'W_layer_units_exponent_0': 7, 'W_layer_units_exponent_1': 4, 'D_layers': 5, 'D_layer_units_exponent_0': 6, 'D_layer_units_exponent_1': 5, 'D_layer_units_exponent_2': 6, 'D_layer_units_exponent_3': 7, 'D_layer_units_exponent_4': 10, 'D_dagger_layers': 3, 'D_dagger_layer_units_exponent_0': 10, 'D_dagger_layer_units_exponent_1': 10, 'D_dagger_layer_units_exponent_2': 7, 'log_learning_rate': -4.370584945154104, 'log_learning_rate_D': -3.271251751746799, 'log_learning_rate_D_dagger': -3.0657093759875953, 'training_batch_size': 6, 'training_p': 5}. Best is trial 52 with value: 0.08323463052511215.
Time for this trial:  393.3373408317566
Memory status after this trial: 
Memory allocated:  697.359375
Memory cached:  710.0
--------------------  Trial  70   --------------------
Start timing: 
Parameters: 
{'W_layers': 8, 'W_layer_units_exponent_0': 7, 'W_layer_units_exponent_1': 4, 'W_layer_units_exponent_2': 6, 'W_layer_units_exponent_3': 9, 'W_layer_units_exponent_4': 7, 'W_layer_units_exponent_5': 4, 'W_layer_units_exponent_6': 8, 'W_layer_units_exponent_7': 4, 'D_layers': 6, 'D_layer_units_exponent_0': 7, 'D_layer_units_exponent_1': 6, 'D_layer_units_exponent_2': 6, 'D_layer_units_exponent_3': 7, 'D_layer_units_exponent_4': 4, 'D_layer_units_exponent_5': 8, 'D_dagger_layers': 2, 'D_dagger_layer_units_exponent_0': 10, 'D_dagger_layer_units_exponent_1': 9, 'log_learning_rate': -3.4528482514520027, 'log_learning_rate_D': -3.6356120696535457, 'log_learning_rate_D_dagger': -3.4536596386780922, 'training_batch_size': 7, 'training_p': 5}
	 epoch  0 training error:  tensor(0.9218, device='cuda:0', grad_fn=<DivBackward0>)
Memory status after this epoch: 
Memory allocated:  328.1474609375
Memory cached:  616.0
	 epoch  10 training error:  tensor(0.6266, device='cuda:0', grad_fn=<DivBackward0>)
Memory status after this epoch: 
Memory allocated:  328.1474609375
Memory cached:  620.0
	 epoch  20 training error:  tensor(0.4966, device='cuda:0', grad_fn=<DivBackward0>)
Memory status after this epoch: 
Memory allocated:  328.1474609375
Memory cached:  622.0
	 epoch  30 training error:  tensor(0.4861, device='cuda:0', grad_fn=<DivBackward0>)
Memory status after this epoch: 
Memory allocated:  328.1474609375
Memory cached:  622.0
	 epoch  40 training error:  tensor(0.4928, device='cuda:0', grad_fn=<DivBackward0>)
Memory status after this epoch: 
Memory allocated:  328.1474609375
Memory cached:  630.0
	 epoch  50 training error:  tensor(0.4986, device='cuda:0', grad_fn=<DivBackward0>)
Memory status after this epoch: 
Memory allocated:  328.1474609375
Memory cached:  624.0
	 epoch  60 training error:  tensor(0.4664, device='cuda:0', grad_fn=<DivBackward0>)
Memory status after this epoch: 
Memory allocated:  328.1474609375
Memory cached:  628.0
	 epoch  70 training error:  tensor(0.4696, device='cuda:0', grad_fn=<DivBackward0>)
Memory status after this epoch: 
Memory allocated:  328.1474609375
Memory cached:  632.0
	 epoch  80 training error:  tensor(0.4687, device='cuda:0', grad_fn=<DivBackward0>)
Memory status after this epoch: 
Memory allocated:  328.1474609375
Memory cached:  626.0
	 epoch  90 training error:  tensor(0.4661, device='cuda:0', grad_fn=<DivBackward0>)
Memory status after this epoch: 
Memory allocated:  328.1474609375
Memory cached:  626.0
[I 2024-01-12 23:06:56,907] Trial 70 finished with value: 0.3680981397628784 and parameters: {'W_layers': 8, 'W_layer_units_exponent_0': 7, 'W_layer_units_exponent_1': 4, 'W_layer_units_exponent_2': 6, 'W_layer_units_exponent_3': 9, 'W_layer_units_exponent_4': 7, 'W_layer_units_exponent_5': 4, 'W_layer_units_exponent_6': 8, 'W_layer_units_exponent_7': 4, 'D_layers': 6, 'D_layer_units_exponent_0': 7, 'D_layer_units_exponent_1': 6, 'D_layer_units_exponent_2': 6, 'D_layer_units_exponent_3': 7, 'D_layer_units_exponent_4': 4, 'D_layer_units_exponent_5': 8, 'D_dagger_layers': 2, 'D_dagger_layer_units_exponent_0': 10, 'D_dagger_layer_units_exponent_1': 9, 'log_learning_rate': -3.4528482514520027, 'log_learning_rate_D': -3.6356120696535457, 'log_learning_rate_D_dagger': -3.4536596386780922, 'training_batch_size': 7, 'training_p': 5}. Best is trial 52 with value: 0.08323463052511215.
Time for this trial:  380.07843041419983
Memory status after this trial: 
Memory allocated:  666.22412109375
Memory cached:  680.0
--------------------  Trial  71   --------------------
Start timing: 
Parameters: 
{'W_layers': 2, 'W_layer_units_exponent_0': 6, 'W_layer_units_exponent_1': 4, 'D_layers': 5, 'D_layer_units_exponent_0': 6, 'D_layer_units_exponent_1': 5, 'D_layer_units_exponent_2': 7, 'D_layer_units_exponent_3': 7, 'D_layer_units_exponent_4': 10, 'D_dagger_layers': 3, 'D_dagger_layer_units_exponent_0': 10, 'D_dagger_layer_units_exponent_1': 10, 'D_dagger_layer_units_exponent_2': 7, 'log_learning_rate': -4.371246269216634, 'log_learning_rate_D': -3.3932275648277925, 'log_learning_rate_D_dagger': -3.0261669043119164, 'training_batch_size': 6, 'training_p': 6}
	 epoch  0 training error:  tensor(1.5690, device='cuda:0', grad_fn=<DivBackward0>)
Memory status after this epoch: 
Memory allocated:  338.453125
Memory cached:  626.0
	 epoch  10 training error:  tensor(0.5243, device='cuda:0', grad_fn=<DivBackward0>)
Memory status after this epoch: 
Memory allocated:  338.453125
Memory cached:  634.0
	 epoch  20 training error:  tensor(0.5118, device='cuda:0', grad_fn=<DivBackward0>)
Memory status after this epoch: 
Memory allocated:  338.453125
Memory cached:  632.0
	 epoch  30 training error:  tensor(0.4956, device='cuda:0', grad_fn=<DivBackward0>)
Memory status after this epoch: 
Memory allocated:  338.453125
Memory cached:  628.0
	 epoch  40 training error:  tensor(0.4416, device='cuda:0', grad_fn=<DivBackward0>)
Memory status after this epoch: 
Memory allocated:  338.453125
Memory cached:  630.0
	 epoch  50 training error:  tensor(0.3358, device='cuda:0', grad_fn=<DivBackward0>)
Memory status after this epoch: 
Memory allocated:  338.453125
Memory cached:  626.0
	 epoch  60 training error:  tensor(0.3046, device='cuda:0', grad_fn=<DivBackward0>)
Memory status after this epoch: 
Memory allocated:  338.453125
Memory cached:  640.0
	 epoch  70 training error:  tensor(0.1884, device='cuda:0', grad_fn=<DivBackward0>)
Memory status after this epoch: 
Memory allocated:  338.453125
Memory cached:  626.0
	 epoch  80 training error:  tensor(0.1712, device='cuda:0', grad_fn=<DivBackward0>)
Memory status after this epoch: 
Memory allocated:  338.453125
Memory cached:  628.0
	 epoch  90 training error:  tensor(0.1824, device='cuda:0', grad_fn=<DivBackward0>)
Memory status after this epoch: 
Memory allocated:  338.453125
Memory cached:  634.0
