[I 2023-12-03 00:48:32,155] Trial 25 finished with value: 0.08914072811603546 and parameters: {'W_layers': 5, 'W_layer_units_exponent_0': 8, 'W_layer_units_exponent_1': 6, 'W_layer_units_exponent_2': 5, 'W_layer_units_exponent_3': 8, 'W_layer_units_exponent_4': 10, 'D_layers': 2, 'D_layer_units_exponent_0': 6, 'D_layer_units_exponent_1': 8, 'log_learning_rate': -3.0205736755569395, 'log_learning_rate_D': -2.5106450635332553, 'training_batch_size': 10, 'training_p': 8}. Best is trial 15 with value: 0.03145942836999893.
Time for this trial:  39.88453531265259
Memory status after this trial: 
Memory allocated:  71.62109375
Memory cached:  92.0
--------------------  Trial  26   --------------------
Start timing: 
Parameters: 
{'W_layers': 3, 'W_layer_units_exponent_0': 7, 'W_layer_units_exponent_1': 7, 'W_layer_units_exponent_2': 5, 'D_layers': 4, 'D_layer_units_exponent_0': 4, 'D_layer_units_exponent_1': 7, 'D_layer_units_exponent_2': 9, 'D_layer_units_exponent_3': 4, 'log_learning_rate': -2.335958962275494, 'log_learning_rate_D': -3.5414653014359905, 'training_batch_size': 12, 'training_p': 7}
	 epoch  0 training error:  tensor(0.8618, device='cuda:0', grad_fn=<DivBackward0>)
Memory status after this epoch: 
Memory allocated:  26.00146484375
Memory cached:  92.0
	 epoch  10 training error:  tensor(0.5996, device='cuda:0', grad_fn=<DivBackward0>)
Memory status after this epoch: 
Memory allocated:  26.00146484375
Memory cached:  92.0
	 epoch  20 training error:  tensor(0.2857, device='cuda:0', grad_fn=<DivBackward0>)
Memory status after this epoch: 
Memory allocated:  26.00146484375
Memory cached:  92.0
	 epoch  30 training error:  tensor(0.1536, device='cuda:0', grad_fn=<DivBackward0>)
Memory status after this epoch: 
Memory allocated:  26.00146484375
Memory cached:  92.0
	 epoch  40 training error:  tensor(0.1030, device='cuda:0', grad_fn=<DivBackward0>)
Memory status after this epoch: 
Memory allocated:  26.00146484375
Memory cached:  92.0
	 epoch  50 training error:  tensor(0.1033, device='cuda:0', grad_fn=<DivBackward0>)
Memory status after this epoch: 
Memory allocated:  26.00146484375
Memory cached:  92.0
	 epoch  60 training error:  tensor(0.0708, device='cuda:0', grad_fn=<DivBackward0>)
Memory status after this epoch: 
Memory allocated:  26.00146484375
Memory cached:  92.0
	 epoch  70 training error:  tensor(0.0705, device='cuda:0', grad_fn=<DivBackward0>)
Memory status after this epoch: 
Memory allocated:  26.00146484375
Memory cached:  92.0
	 epoch  80 training error:  tensor(0.0626, device='cuda:0', grad_fn=<DivBackward0>)
Memory status after this epoch: 
Memory allocated:  26.00146484375
Memory cached:  92.0
	 epoch  90 training error:  tensor(0.0944, device='cuda:0', grad_fn=<DivBackward0>)
Memory status after this epoch: 
Memory allocated:  26.00146484375
Memory cached:  92.0
[I 2023-12-03 00:49:09,359] Trial 26 finished with value: 0.0510687418282032 and parameters: {'W_layers': 3, 'W_layer_units_exponent_0': 7, 'W_layer_units_exponent_1': 7, 'W_layer_units_exponent_2': 5, 'D_layers': 4, 'D_layer_units_exponent_0': 4, 'D_layer_units_exponent_1': 7, 'D_layer_units_exponent_2': 9, 'D_layer_units_exponent_3': 4, 'log_learning_rate': -2.335958962275494, 'log_learning_rate_D': -3.5414653014359905, 'training_batch_size': 12, 'training_p': 7}. Best is trial 15 with value: 0.03145942836999893.
Time for this trial:  37.023401975631714
Memory status after this trial: 
Memory allocated:  47.345703125
Memory cached:  92.0
--------------------  Trial  27   --------------------
Start timing: 
Parameters: 
{'W_layers': 7, 'W_layer_units_exponent_0': 6, 'W_layer_units_exponent_1': 9, 'W_layer_units_exponent_2': 8, 'W_layer_units_exponent_3': 5, 'W_layer_units_exponent_4': 8, 'W_layer_units_exponent_5': 8, 'W_layer_units_exponent_6': 8, 'D_layers': 3, 'D_layer_units_exponent_0': 6, 'D_layer_units_exponent_1': 7, 'D_layer_units_exponent_2': 9, 'log_learning_rate': -3.526287727560182, 'log_learning_rate_D': -2.9705838123920003, 'training_batch_size': 11, 'training_p': 5}
	 epoch  0 training error:  tensor(1.2231, device='cuda:0', grad_fn=<DivBackward0>)
Memory status after this epoch: 
Memory allocated:  30.48583984375
Memory cached:  94.0
	 epoch  10 training error:  tensor(0.2519, device='cuda:0', grad_fn=<DivBackward0>)
Memory status after this epoch: 
Memory allocated:  30.48583984375
Memory cached:  96.0
	 epoch  20 training error:  tensor(0.0728, device='cuda:0', grad_fn=<DivBackward0>)
Memory status after this epoch: 
Memory allocated:  30.48583984375
Memory cached:  96.0
	 epoch  30 training error:  tensor(0.0688, device='cuda:0', grad_fn=<DivBackward0>)
Memory status after this epoch: 
Memory allocated:  30.48583984375
Memory cached:  96.0
	 epoch  40 training error:  tensor(0.0661, device='cuda:0', grad_fn=<DivBackward0>)
Memory status after this epoch: 
Memory allocated:  30.48583984375
Memory cached:  96.0
	 epoch  50 training error:  tensor(0.0640, device='cuda:0', grad_fn=<DivBackward0>)
Memory status after this epoch: 
Memory allocated:  30.48583984375
Memory cached:  96.0
	 epoch  60 training error:  tensor(0.0537, device='cuda:0', grad_fn=<DivBackward0>)
Memory status after this epoch: 
Memory allocated:  30.48583984375
Memory cached:  96.0
	 epoch  70 training error:  tensor(0.0516, device='cuda:0', grad_fn=<DivBackward0>)
Memory status after this epoch: 
Memory allocated:  30.48583984375
Memory cached:  96.0
	 epoch  80 training error:  tensor(0.0484, device='cuda:0', grad_fn=<DivBackward0>)
Memory status after this epoch: 
Memory allocated:  30.48583984375
Memory cached:  96.0
	 epoch  90 training error:  tensor(0.0526, device='cuda:0', grad_fn=<DivBackward0>)
Memory status after this epoch: 
Memory allocated:  30.48583984375
Memory cached:  96.0
[I 2023-12-03 00:49:56,432] Trial 27 finished with value: 0.05092230439186096 and parameters: {'W_layers': 7, 'W_layer_units_exponent_0': 6, 'W_layer_units_exponent_1': 9, 'W_layer_units_exponent_2': 8, 'W_layer_units_exponent_3': 5, 'W_layer_units_exponent_4': 8, 'W_layer_units_exponent_5': 8, 'W_layer_units_exponent_6': 8, 'D_layers': 3, 'D_layer_units_exponent_0': 6, 'D_layer_units_exponent_1': 7, 'D_layer_units_exponent_2': 9, 'log_learning_rate': -3.526287727560182, 'log_learning_rate_D': -2.9705838123920003, 'training_batch_size': 11, 'training_p': 5}. Best is trial 15 with value: 0.03145942836999893.
Time for this trial:  46.86554479598999
Memory status after this trial: 
Memory allocated:  80.9296875
Memory cached:  96.0
--------------------  Trial  28   --------------------
Start timing: 
Parameters: 
{'W_layers': 5, 'W_layer_units_exponent_0': 6, 'W_layer_units_exponent_1': 9, 'W_layer_units_exponent_2': 10, 'W_layer_units_exponent_3': 6, 'W_layer_units_exponent_4': 5, 'D_layers': 2, 'D_layer_units_exponent_0': 7, 'D_layer_units_exponent_1': 5, 'log_learning_rate': -3.0680286977730957, 'log_learning_rate_D': -2.2784378855239016, 'training_batch_size': 9, 'training_p': 8}
	 epoch  0 training error:  tensor(1.2613, device='cuda:0', grad_fn=<DivBackward0>)
Memory status after this epoch: 
Memory allocated:  34.14794921875
Memory cached:  112.0
	 epoch  10 training error:  tensor(0.2334, device='cuda:0', grad_fn=<DivBackward0>)
Memory status after this epoch: 
Memory allocated:  34.14794921875
Memory cached:  112.0
	 epoch  20 training error:  tensor(0.1094, device='cuda:0', grad_fn=<DivBackward0>)
Memory status after this epoch: 
Memory allocated:  34.14794921875
Memory cached:  112.0
	 epoch  30 training error:  tensor(0.0868, device='cuda:0', grad_fn=<DivBackward0>)
Memory status after this epoch: 
Memory allocated:  34.14794921875
Memory cached:  112.0
	 epoch  40 training error:  tensor(0.1184, device='cuda:0', grad_fn=<DivBackward0>)
Memory status after this epoch: 
Memory allocated:  34.14794921875
Memory cached:  112.0
	 epoch  50 training error:  tensor(0.0737, device='cuda:0', grad_fn=<DivBackward0>)
Memory status after this epoch: 
Memory allocated:  34.14794921875
Memory cached:  112.0
	 epoch  60 training error:  tensor(0.0575, device='cuda:0', grad_fn=<DivBackward0>)
Memory status after this epoch: 
Memory allocated:  34.14794921875
Memory cached:  112.0
	 epoch  70 training error:  tensor(0.0490, device='cuda:0', grad_fn=<DivBackward0>)
Memory status after this epoch: 
Memory allocated:  34.14794921875
Memory cached:  112.0
	 epoch  80 training error:  tensor(0.0494, device='cuda:0', grad_fn=<DivBackward0>)
Memory status after this epoch: 
Memory allocated:  34.14794921875
Memory cached:  112.0
	 epoch  90 training error:  tensor(0.0458, device='cuda:0', grad_fn=<DivBackward0>)
Memory status after this epoch: 
Memory allocated:  34.14794921875
Memory cached:  112.0
[I 2023-12-03 00:50:36,399] Trial 28 finished with value: 0.03596935793757439 and parameters: {'W_layers': 5, 'W_layer_units_exponent_0': 6, 'W_layer_units_exponent_1': 9, 'W_layer_units_exponent_2': 10, 'W_layer_units_exponent_3': 6, 'W_layer_units_exponent_4': 5, 'D_layers': 2, 'D_layer_units_exponent_0': 7, 'D_layer_units_exponent_1': 5, 'log_learning_rate': -3.0680286977730957, 'log_learning_rate_D': -2.2784378855239016, 'training_batch_size': 9, 'training_p': 8}. Best is trial 15 with value: 0.03145942836999893.
Time for this trial:  39.77420473098755
Memory status after this trial: 
Memory allocated:  71.89892578125
Memory cached:  112.0
--------------------  Trial  29   --------------------
Start timing: 
Parameters: 
{'W_layers': 5, 'W_layer_units_exponent_0': 6, 'W_layer_units_exponent_1': 9, 'W_layer_units_exponent_2': 10, 'W_layer_units_exponent_3': 6, 'W_layer_units_exponent_4': 5, 'D_layers': 2, 'D_layer_units_exponent_0': 7, 'D_layer_units_exponent_1': 5, 'log_learning_rate': -3.0894283057648044, 'log_learning_rate_D': -2.3106169755816737, 'training_batch_size': 9, 'training_p': 8}
	 epoch  0 training error:  tensor(1.4734, device='cuda:0', grad_fn=<DivBackward0>)
Memory status after this epoch: 
Memory allocated:  34.14794921875
Memory cached:  112.0
	 epoch  10 training error:  tensor(0.1076, device='cuda:0', grad_fn=<DivBackward0>)
Memory status after this epoch: 
Memory allocated:  34.14794921875
Memory cached:  112.0
	 epoch  20 training error:  tensor(0.0772, device='cuda:0', grad_fn=<DivBackward0>)
Memory status after this epoch: 
Memory allocated:  34.14794921875
Memory cached:  112.0
	 epoch  30 training error:  tensor(0.1132, device='cuda:0', grad_fn=<DivBackward0>)
Memory status after this epoch: 
Memory allocated:  34.14794921875
Memory cached:  112.0
	 epoch  40 training error:  tensor(0.0750, device='cuda:0', grad_fn=<DivBackward0>)
Memory status after this epoch: 
Memory allocated:  34.14794921875
Memory cached:  112.0
	 epoch  50 training error:  tensor(0.0659, device='cuda:0', grad_fn=<DivBackward0>)
Memory status after this epoch: 
Memory allocated:  34.14794921875
Memory cached:  112.0
	 epoch  60 training error:  tensor(0.0676, device='cuda:0', grad_fn=<DivBackward0>)
Memory status after this epoch: 
Memory allocated:  34.14794921875
Memory cached:  112.0
	 epoch  70 training error:  tensor(0.1047, device='cuda:0', grad_fn=<DivBackward0>)
Memory status after this epoch: 
Memory allocated:  34.14794921875
Memory cached:  112.0
	 epoch  80 training error:  tensor(0.0617, device='cuda:0', grad_fn=<DivBackward0>)
Memory status after this epoch: 
Memory allocated:  34.14794921875
Memory cached:  112.0
	 epoch  90 training error:  tensor(0.0542, device='cuda:0', grad_fn=<DivBackward0>)
Memory status after this epoch: 
Memory allocated:  34.14794921875
Memory cached:  112.0
[I 2023-12-03 00:51:15,761] Trial 29 finished with value: 0.03879556804895401 and parameters: {'W_layers': 5, 'W_layer_units_exponent_0': 6, 'W_layer_units_exponent_1': 9, 'W_layer_units_exponent_2': 10, 'W_layer_units_exponent_3': 6, 'W_layer_units_exponent_4': 5, 'D_layers': 2, 'D_layer_units_exponent_0': 7, 'D_layer_units_exponent_1': 5, 'log_learning_rate': -3.0894283057648044, 'log_learning_rate_D': -2.3106169755816737, 'training_batch_size': 9, 'training_p': 8}. Best is trial 15 with value: 0.03145942836999893.
Time for this trial:  39.17373561859131
Memory status after this trial: 
Memory allocated:  71.89892578125
Memory cached:  112.0
--------------------  Trial  30   --------------------
Start timing: 
Parameters: 
{'W_layers': 5, 'W_layer_units_exponent_0': 6, 'W_layer_units_exponent_1': 10, 'W_layer_units_exponent_2': 10, 'W_layer_units_exponent_3': 6, 'W_layer_units_exponent_4': 5, 'D_layers': 2, 'D_layer_units_exponent_0': 7, 'D_layer_units_exponent_1': 5, 'log_learning_rate': -3.065604123043001, 'log_learning_rate_D': -2.156751701218187, 'training_batch_size': 9, 'training_p': 8}
	 epoch  0 training error:  tensor(0.4063, device='cuda:0', grad_fn=<DivBackward0>)
Memory status after this epoch: 
Memory allocated:  42.65576171875
Memory cached:  112.0
	 epoch  10 training error:  tensor(0.1436, device='cuda:0', grad_fn=<DivBackward0>)
Memory status after this epoch: 
Memory allocated:  42.65576171875
Memory cached:  112.0
	 epoch  20 training error:  tensor(0.1646, device='cuda:0', grad_fn=<DivBackward0>)
Memory status after this epoch: 
Memory allocated:  42.65576171875
Memory cached:  112.0
	 epoch  30 training error:  tensor(0.0618, device='cuda:0', grad_fn=<DivBackward0>)
Memory status after this epoch: 
Memory allocated:  42.65576171875
Memory cached:  112.0
	 epoch  40 training error:  tensor(0.0549, device='cuda:0', grad_fn=<DivBackward0>)
Memory status after this epoch: 
Memory allocated:  42.65576171875
Memory cached:  112.0
	 epoch  50 training error:  tensor(0.0492, device='cuda:0', grad_fn=<DivBackward0>)
Memory status after this epoch: 
Memory allocated:  42.65576171875
Memory cached:  112.0
	 epoch  60 training error:  tensor(0.0522, device='cuda:0', grad_fn=<DivBackward0>)
Memory status after this epoch: 
Memory allocated:  42.65576171875
Memory cached:  112.0
	 epoch  70 training error:  tensor(0.0456, device='cuda:0', grad_fn=<DivBackward0>)
Memory status after this epoch: 
Memory allocated:  42.65576171875
Memory cached:  112.0
	 epoch  80 training error:  tensor(0.0489, device='cuda:0', grad_fn=<DivBackward0>)
Memory status after this epoch: 
Memory allocated:  42.65576171875
Memory cached:  112.0
	 epoch  90 training error:  tensor(0.0749, device='cuda:0', grad_fn=<DivBackward0>)
Memory status after this epoch: 
Memory allocated:  42.65576171875
Memory cached:  112.0
[I 2023-12-03 00:51:56,958] Trial 30 finished with value: 0.06749925762414932 and parameters: {'W_layers': 5, 'W_layer_units_exponent_0': 6, 'W_layer_units_exponent_1': 10, 'W_layer_units_exponent_2': 10, 'W_layer_units_exponent_3': 6, 'W_layer_units_exponent_4': 5, 'D_layers': 2, 'D_layer_units_exponent_0': 7, 'D_layer_units_exponent_1': 5, 'log_learning_rate': -3.065604123043001, 'log_learning_rate_D': -2.156751701218187, 'training_batch_size': 9, 'training_p': 8}. Best is trial 15 with value: 0.03145942836999893.
Time for this trial:  41.01574921607971
Memory status after this trial: 
Memory allocated:  87.87158203125
Memory cached:  112.0
--------------------  Trial  31   --------------------
Start timing: 
Parameters: 
{'W_layers': 5, 'W_layer_units_exponent_0': 5, 'W_layer_units_exponent_1': 9, 'W_layer_units_exponent_2': 9, 'W_layer_units_exponent_3': 6, 'W_layer_units_exponent_4': 5, 'D_layers': 2, 'D_layer_units_exponent_0': 7, 'D_layer_units_exponent_1': 5, 'log_learning_rate': -3.756542978439718, 'log_learning_rate_D': -1.6345154877368513, 'training_batch_size': 9, 'training_p': 8}
	 epoch  0 training error:  tensor(1.6452, device='cuda:0', grad_fn=<DivBackward0>)
Memory status after this epoch: 
Memory allocated:  29.38623046875
Memory cached:  92.0
	 epoch  10 training error:  tensor(0.1325, device='cuda:0', grad_fn=<DivBackward0>)
Memory status after this epoch: 
Memory allocated:  29.38623046875
Memory cached:  92.0
	 epoch  20 training error:  tensor(0.0890, device='cuda:0', grad_fn=<DivBackward0>)
Memory status after this epoch: 
Memory allocated:  29.38623046875
Memory cached:  92.0
	 epoch  30 training error:  tensor(0.0658, device='cuda:0', grad_fn=<DivBackward0>)
Memory status after this epoch: 
Memory allocated:  29.38623046875
Memory cached:  92.0
	 epoch  40 training error:  tensor(0.0535, device='cuda:0', grad_fn=<DivBackward0>)
Memory status after this epoch: 
Memory allocated:  29.38623046875
Memory cached:  92.0
	 epoch  50 training error:  tensor(0.0494, device='cuda:0', grad_fn=<DivBackward0>)
Memory status after this epoch: 
Memory allocated:  29.38623046875
Memory cached:  92.0
	 epoch  60 training error:  tensor(0.0457, device='cuda:0', grad_fn=<DivBackward0>)
Memory status after this epoch: 
Memory allocated:  29.38623046875
Memory cached:  92.0
	 epoch  70 training error:  tensor(0.0455, device='cuda:0', grad_fn=<DivBackward0>)
Memory status after this epoch: 
Memory allocated:  29.38623046875
Memory cached:  92.0
	 epoch  80 training error:  tensor(0.0475, device='cuda:0', grad_fn=<DivBackward0>)
Memory status after this epoch: 
Memory allocated:  29.38623046875
Memory cached:  92.0
	 epoch  90 training error:  tensor(0.0387, device='cuda:0', grad_fn=<DivBackward0>)
Memory status after this epoch: 
Memory allocated:  29.38623046875
Memory cached:  92.0
[I 2023-12-03 00:52:35,106] Trial 31 finished with value: 0.03821899741888046 and parameters: {'W_layers': 5, 'W_layer_units_exponent_0': 5, 'W_layer_units_exponent_1': 9, 'W_layer_units_exponent_2': 9, 'W_layer_units_exponent_3': 6, 'W_layer_units_exponent_4': 5, 'D_layers': 2, 'D_layer_units_exponent_0': 7, 'D_layer_units_exponent_1': 5, 'log_learning_rate': -3.756542978439718, 'log_learning_rate_D': -1.6345154877368513, 'training_batch_size': 9, 'training_p': 8}. Best is trial 15 with value: 0.03145942836999893.
Time for this trial:  37.96538782119751
Memory status after this trial: 
Memory allocated:  57.06689453125
Memory cached:  92.0
--------------------  Trial  32   --------------------
Start timing: 
Parameters: 
{'W_layers': 6, 'W_layer_units_exponent_0': 5, 'W_layer_units_exponent_1': 5, 'W_layer_units_exponent_2': 9, 'W_layer_units_exponent_3': 4, 'W_layer_units_exponent_4': 5, 'W_layer_units_exponent_5': 6, 'D_layers': 2, 'D_layer_units_exponent_0': 8, 'D_layer_units_exponent_1': 6, 'log_learning_rate': -3.7940994178654845, 'log_learning_rate_D': -1.6087356881220913, 'training_batch_size': 7, 'training_p': 8}
	 epoch  0 training error:  tensor(1.5452, device='cuda:0', grad_fn=<DivBackward0>)
Memory status after this epoch: 
Memory allocated:  25.24365234375
Memory cached:  92.0
	 epoch  10 training error:  tensor(0.6129, device='cuda:0', grad_fn=<DivBackward0>)
Memory status after this epoch: 
Memory allocated:  25.24365234375
Memory cached:  92.0
	 epoch  20 training error:  tensor(0.2006, device='cuda:0', grad_fn=<DivBackward0>)
Memory status after this epoch: 
Memory allocated:  25.24365234375
Memory cached:  92.0
	 epoch  30 training error:  tensor(0.1121, device='cuda:0', grad_fn=<DivBackward0>)
Memory status after this epoch: 
Memory allocated:  25.24365234375
Memory cached:  92.0
	 epoch  40 training error:  tensor(0.0780, device='cuda:0', grad_fn=<DivBackward0>)
Memory status after this epoch: 
Memory allocated:  25.24365234375
Memory cached:  92.0
	 epoch  50 training error:  tensor(0.0682, device='cuda:0', grad_fn=<DivBackward0>)
Memory status after this epoch: 
Memory allocated:  25.24365234375
Memory cached:  92.0
	 epoch  60 training error:  tensor(0.0619, device='cuda:0', grad_fn=<DivBackward0>)
Memory status after this epoch: 
Memory allocated:  25.24365234375
Memory cached:  92.0
	 epoch  70 training error:  tensor(0.0529, device='cuda:0', grad_fn=<DivBackward0>)
Memory status after this epoch: 
Memory allocated:  25.24365234375
Memory cached:  92.0
	 epoch  80 training error:  tensor(0.0471, device='cuda:0', grad_fn=<DivBackward0>)
Memory status after this epoch: 
Memory allocated:  25.24365234375
Memory cached:  92.0
	 epoch  90 training error:  tensor(0.0475, device='cuda:0', grad_fn=<DivBackward0>)
Memory status after this epoch: 
Memory allocated:  25.24365234375
Memory cached:  92.0
