[I 2023-12-07 04:58:19,836] Trial 50 finished with value: 0.34229540824890137 and parameters: {'W_layers': 3, 'W_layer_units_exponent_0': 6, 'W_layer_units_exponent_1': 9, 'W_layer_units_exponent_2': 5, 'D_layers': 5, 'D_layer_units_exponent_0': 6, 'D_layer_units_exponent_1': 9, 'D_layer_units_exponent_2': 4, 'D_layer_units_exponent_3': 7, 'D_layer_units_exponent_4': 10, 'D_dagger_layers': 4, 'D_dagger_layer_units_exponent_0': 7, 'D_dagger_layer_units_exponent_1': 6, 'D_dagger_layer_units_exponent_2': 7, 'D_dagger_layer_units_exponent_3': 8, 'log_learning_rate': -4.433828918057711, 'log_learning_rate_D': -3.7054260973579, 'log_learning_rate_D_dagger': -2.030031967392487, 'training_batch_size': 6, 'training_p': 3}. Best is trial 25 with value: 0.33126506209373474.
Time for this trial:  18.337934255599976
Memory status after this trial: 
Memory allocated:  225.12451171875
Memory cached:  298.0
--------------------  Trial  51   --------------------
Start timing: 
Parameters: 
{'W_layers': 4, 'W_layer_units_exponent_0': 8, 'W_layer_units_exponent_1': 8, 'W_layer_units_exponent_2': 5, 'W_layer_units_exponent_3': 7, 'D_layers': 4, 'D_layer_units_exponent_0': 7, 'D_layer_units_exponent_1': 8, 'D_layer_units_exponent_2': 5, 'D_layer_units_exponent_3': 7, 'D_dagger_layers': 7, 'D_dagger_layer_units_exponent_0': 9, 'D_dagger_layer_units_exponent_1': 7, 'D_dagger_layer_units_exponent_2': 5, 'D_dagger_layer_units_exponent_3': 5, 'D_dagger_layer_units_exponent_4': 5, 'D_dagger_layer_units_exponent_5': 6, 'D_dagger_layer_units_exponent_6': 9, 'log_learning_rate': -4.729735934956808, 'log_learning_rate_D': -3.510389019355746, 'log_learning_rate_D_dagger': -1.905826917380059, 'training_batch_size': 7, 'training_p': 2}
	 epoch  0 training error:  tensor(0.9258, device='cuda:0', grad_fn=<DivBackward0>)
Memory status after this epoch: 
Memory allocated:  163.8291015625
Memory cached:  298.0
	 epoch  10 training error:  tensor(0.6091, device='cuda:0', grad_fn=<DivBackward0>)
Memory status after this epoch: 
Memory allocated:  163.8291015625
Memory cached:  300.0
	 epoch  20 training error:  tensor(0.4087, device='cuda:0', grad_fn=<DivBackward0>)
Memory status after this epoch: 
Memory allocated:  163.8291015625
Memory cached:  300.0
	 epoch  30 training error:  tensor(0.3536, device='cuda:0', grad_fn=<DivBackward0>)
Memory status after this epoch: 
Memory allocated:  163.8291015625
Memory cached:  300.0
	 epoch  40 training error:  tensor(0.3495, device='cuda:0', grad_fn=<DivBackward0>)
Memory status after this epoch: 
Memory allocated:  163.8291015625
Memory cached:  300.0
	 epoch  50 training error:  tensor(0.3480, device='cuda:0', grad_fn=<DivBackward0>)
Memory status after this epoch: 
Memory allocated:  163.8291015625
Memory cached:  300.0
	 epoch  60 training error:  tensor(0.3534, device='cuda:0', grad_fn=<DivBackward0>)
Memory status after this epoch: 
Memory allocated:  163.8291015625
Memory cached:  300.0
	 epoch  70 training error:  tensor(0.3606, device='cuda:0', grad_fn=<DivBackward0>)
Memory status after this epoch: 
Memory allocated:  163.8291015625
Memory cached:  300.0
	 epoch  80 training error:  tensor(0.3475, device='cuda:0', grad_fn=<DivBackward0>)
Memory status after this epoch: 
Memory allocated:  163.8291015625
Memory cached:  300.0
	 epoch  90 training error:  tensor(0.3412, device='cuda:0', grad_fn=<DivBackward0>)
Memory status after this epoch: 
Memory allocated:  163.8291015625
Memory cached:  300.0
[I 2023-12-07 04:58:38,052] Trial 51 finished with value: 0.3371877670288086 and parameters: {'W_layers': 4, 'W_layer_units_exponent_0': 8, 'W_layer_units_exponent_1': 8, 'W_layer_units_exponent_2': 5, 'W_layer_units_exponent_3': 7, 'D_layers': 4, 'D_layer_units_exponent_0': 7, 'D_layer_units_exponent_1': 8, 'D_layer_units_exponent_2': 5, 'D_layer_units_exponent_3': 7, 'D_dagger_layers': 7, 'D_dagger_layer_units_exponent_0': 9, 'D_dagger_layer_units_exponent_1': 7, 'D_dagger_layer_units_exponent_2': 5, 'D_dagger_layer_units_exponent_3': 5, 'D_dagger_layer_units_exponent_4': 5, 'D_dagger_layer_units_exponent_5': 6, 'D_dagger_layer_units_exponent_6': 9, 'log_learning_rate': -4.729735934956808, 'log_learning_rate_D': -3.510389019355746, 'log_learning_rate_D_dagger': -1.905826917380059, 'training_batch_size': 7, 'training_p': 2}. Best is trial 25 with value: 0.33126506209373474.
Time for this trial:  18.003500938415527
Memory status after this trial: 
Memory allocated:  265.83349609375
Memory cached:  300.0
--------------------  Trial  52   --------------------
Start timing: 
Parameters: 
{'W_layers': 5, 'W_layer_units_exponent_0': 8, 'W_layer_units_exponent_1': 7, 'W_layer_units_exponent_2': 7, 'W_layer_units_exponent_3': 6, 'W_layer_units_exponent_4': 8, 'D_layers': 5, 'D_layer_units_exponent_0': 4, 'D_layer_units_exponent_1': 9, 'D_layer_units_exponent_2': 5, 'D_layer_units_exponent_3': 7, 'D_layer_units_exponent_4': 7, 'D_dagger_layers': 6, 'D_dagger_layer_units_exponent_0': 10, 'D_dagger_layer_units_exponent_1': 6, 'D_dagger_layer_units_exponent_2': 7, 'D_dagger_layer_units_exponent_3': 6, 'D_dagger_layer_units_exponent_4': 4, 'D_dagger_layer_units_exponent_5': 7, 'log_learning_rate': -4.393932165634732, 'log_learning_rate_D': -3.339987963201233, 'log_learning_rate_D_dagger': -2.322272861300109, 'training_batch_size': 8, 'training_p': 2}
	 epoch  0 training error:  tensor(1.0061, device='cuda:0', grad_fn=<DivBackward0>)
Memory status after this epoch: 
Memory allocated:  163.44580078125
Memory cached:  294.0
	 epoch  10 training error:  tensor(0.4320, device='cuda:0', grad_fn=<DivBackward0>)
Memory status after this epoch: 
Memory allocated:  163.44580078125
Memory cached:  294.0
	 epoch  20 training error:  tensor(0.3471, device='cuda:0', grad_fn=<DivBackward0>)
Memory status after this epoch: 
Memory allocated:  163.44580078125
Memory cached:  294.0
	 epoch  30 training error:  tensor(0.3619, device='cuda:0', grad_fn=<DivBackward0>)
Memory status after this epoch: 
Memory allocated:  163.44580078125
Memory cached:  294.0
	 epoch  40 training error:  tensor(0.3563, device='cuda:0', grad_fn=<DivBackward0>)
Memory status after this epoch: 
Memory allocated:  163.44580078125
Memory cached:  294.0
	 epoch  50 training error:  tensor(0.3462, device='cuda:0', grad_fn=<DivBackward0>)
Memory status after this epoch: 
Memory allocated:  163.44580078125
Memory cached:  294.0
	 epoch  60 training error:  tensor(0.3423, device='cuda:0', grad_fn=<DivBackward0>)
Memory status after this epoch: 
Memory allocated:  163.44580078125
Memory cached:  294.0
	 epoch  70 training error:  tensor(0.3416, device='cuda:0', grad_fn=<DivBackward0>)
Memory status after this epoch: 
Memory allocated:  163.44580078125
Memory cached:  294.0
	 epoch  80 training error:  tensor(0.3407, device='cuda:0', grad_fn=<DivBackward0>)
Memory status after this epoch: 
Memory allocated:  163.44580078125
Memory cached:  294.0
	 epoch  90 training error:  tensor(0.3425, device='cuda:0', grad_fn=<DivBackward0>)
Memory status after this epoch: 
Memory allocated:  163.44580078125
Memory cached:  294.0
[I 2023-12-07 04:58:56,677] Trial 52 finished with value: 0.3322722017765045 and parameters: {'W_layers': 5, 'W_layer_units_exponent_0': 8, 'W_layer_units_exponent_1': 7, 'W_layer_units_exponent_2': 7, 'W_layer_units_exponent_3': 6, 'W_layer_units_exponent_4': 8, 'D_layers': 5, 'D_layer_units_exponent_0': 4, 'D_layer_units_exponent_1': 9, 'D_layer_units_exponent_2': 5, 'D_layer_units_exponent_3': 7, 'D_layer_units_exponent_4': 7, 'D_dagger_layers': 6, 'D_dagger_layer_units_exponent_0': 10, 'D_dagger_layer_units_exponent_1': 6, 'D_dagger_layer_units_exponent_2': 7, 'D_dagger_layer_units_exponent_3': 6, 'D_dagger_layer_units_exponent_4': 4, 'D_dagger_layer_units_exponent_5': 7, 'log_learning_rate': -4.393932165634732, 'log_learning_rate_D': -3.339987963201233, 'log_learning_rate_D_dagger': -2.322272861300109, 'training_batch_size': 8, 'training_p': 2}. Best is trial 25 with value: 0.33126506209373474.
Time for this trial:  18.423146724700928
Memory status after this trial: 
Memory allocated:  281.51123046875
Memory cached:  316.0
--------------------  Trial  53   --------------------
Start timing: 
Parameters: 
{'W_layers': 3, 'W_layer_units_exponent_0': 7, 'W_layer_units_exponent_1': 7, 'W_layer_units_exponent_2': 7, 'D_layers': 6, 'D_layer_units_exponent_0': 4, 'D_layer_units_exponent_1': 9, 'D_layer_units_exponent_2': 5, 'D_layer_units_exponent_3': 6, 'D_layer_units_exponent_4': 7, 'D_layer_units_exponent_5': 5, 'D_dagger_layers': 6, 'D_dagger_layer_units_exponent_0': 9, 'D_dagger_layer_units_exponent_1': 5, 'D_dagger_layer_units_exponent_2': 7, 'D_dagger_layer_units_exponent_3': 6, 'D_dagger_layer_units_exponent_4': 8, 'D_dagger_layer_units_exponent_5': 8, 'log_learning_rate': -4.759753870744226, 'log_learning_rate_D': -3.4818943459457268, 'log_learning_rate_D_dagger': -1.3771150037917843, 'training_batch_size': 7, 'training_p': 2}
	 epoch  0 training error:  tensor(1.3028, device='cuda:0', grad_fn=<DivBackward0>)
Memory status after this epoch: 
Memory allocated:  163.1669921875
Memory cached:  294.0
	 epoch  10 training error:  tensor(8.7392, device='cuda:0', grad_fn=<DivBackward0>)
Memory status after this epoch: 
Memory allocated:  163.1669921875
Memory cached:  294.0
	 epoch  20 training error:  tensor(1.2945, device='cuda:0', grad_fn=<DivBackward0>)
Memory status after this epoch: 
Memory allocated:  163.1669921875
Memory cached:  294.0
	 epoch  30 training error:  tensor(0.6102, device='cuda:0', grad_fn=<DivBackward0>)
Memory status after this epoch: 
Memory allocated:  163.1669921875
Memory cached:  294.0
	 epoch  40 training error:  tensor(0.4461, device='cuda:0', grad_fn=<DivBackward0>)
Memory status after this epoch: 
Memory allocated:  163.1669921875
Memory cached:  294.0
	 epoch  50 training error:  tensor(0.5087, device='cuda:0', grad_fn=<DivBackward0>)
Memory status after this epoch: 
Memory allocated:  163.1669921875
Memory cached:  294.0
	 epoch  60 training error:  tensor(0.4056, device='cuda:0', grad_fn=<DivBackward0>)
Memory status after this epoch: 
Memory allocated:  163.1669921875
Memory cached:  294.0
	 epoch  70 training error:  tensor(0.3991, device='cuda:0', grad_fn=<DivBackward0>)
Memory status after this epoch: 
Memory allocated:  163.1669921875
Memory cached:  294.0
	 epoch  80 training error:  tensor(0.3925, device='cuda:0', grad_fn=<DivBackward0>)
Memory status after this epoch: 
Memory allocated:  163.1669921875
Memory cached:  294.0
	 epoch  90 training error:  tensor(0.3892, device='cuda:0', grad_fn=<DivBackward0>)
Memory status after this epoch: 
Memory allocated:  163.1669921875
Memory cached:  294.0
[I 2023-12-07 04:59:13,816] Trial 53 finished with value: 0.36518868803977966 and parameters: {'W_layers': 3, 'W_layer_units_exponent_0': 7, 'W_layer_units_exponent_1': 7, 'W_layer_units_exponent_2': 7, 'D_layers': 6, 'D_layer_units_exponent_0': 4, 'D_layer_units_exponent_1': 9, 'D_layer_units_exponent_2': 5, 'D_layer_units_exponent_3': 6, 'D_layer_units_exponent_4': 7, 'D_layer_units_exponent_5': 5, 'D_dagger_layers': 6, 'D_dagger_layer_units_exponent_0': 9, 'D_dagger_layer_units_exponent_1': 5, 'D_dagger_layer_units_exponent_2': 7, 'D_dagger_layer_units_exponent_3': 6, 'D_dagger_layer_units_exponent_4': 8, 'D_dagger_layer_units_exponent_5': 8, 'log_learning_rate': -4.759753870744226, 'log_learning_rate_D': -3.4818943459457268, 'log_learning_rate_D_dagger': -1.3771150037917843, 'training_batch_size': 7, 'training_p': 2}. Best is trial 25 with value: 0.33126506209373474.
Time for this trial:  16.943588733673096
Memory status after this trial: 
Memory allocated:  248.19873046875
Memory cached:  310.0
--------------------  Trial  54   --------------------
Start timing: 
Parameters: 
{'W_layers': 5, 'W_layer_units_exponent_0': 8, 'W_layer_units_exponent_1': 7, 'W_layer_units_exponent_2': 7, 'W_layer_units_exponent_3': 6, 'W_layer_units_exponent_4': 10, 'D_layers': 5, 'D_layer_units_exponent_0': 4, 'D_layer_units_exponent_1': 8, 'D_layer_units_exponent_2': 6, 'D_layer_units_exponent_3': 8, 'D_layer_units_exponent_4': 7, 'D_dagger_layers': 5, 'D_dagger_layer_units_exponent_0': 6, 'D_dagger_layer_units_exponent_1': 6, 'D_dagger_layer_units_exponent_2': 8, 'D_dagger_layer_units_exponent_3': 7, 'D_dagger_layer_units_exponent_4': 5, 'log_learning_rate': -4.39611077186644, 'log_learning_rate_D': -3.6565799139948783, 'log_learning_rate_D_dagger': -2.6870589389500528, 'training_batch_size': 9, 'training_p': 2}
	 epoch  0 training error:  tensor(1.0591, device='cuda:0', grad_fn=<DivBackward0>)
Memory status after this epoch: 
Memory allocated:  163.86328125
Memory cached:  294.0
	 epoch  10 training error:  tensor(0.4469, device='cuda:0', grad_fn=<DivBackward0>)
Memory status after this epoch: 
Memory allocated:  163.86328125
Memory cached:  294.0
	 epoch  20 training error:  tensor(0.3926, device='cuda:0', grad_fn=<DivBackward0>)
Memory status after this epoch: 
Memory allocated:  163.86328125
Memory cached:  294.0
	 epoch  30 training error:  tensor(0.3796, device='cuda:0', grad_fn=<DivBackward0>)
Memory status after this epoch: 
Memory allocated:  163.86328125
Memory cached:  294.0
	 epoch  40 training error:  tensor(0.3718, device='cuda:0', grad_fn=<DivBackward0>)
Memory status after this epoch: 
Memory allocated:  163.86328125
Memory cached:  294.0
	 epoch  50 training error:  tensor(0.3663, device='cuda:0', grad_fn=<DivBackward0>)
Memory status after this epoch: 
Memory allocated:  163.86328125
Memory cached:  294.0
	 epoch  60 training error:  tensor(0.3612, device='cuda:0', grad_fn=<DivBackward0>)
Memory status after this epoch: 
Memory allocated:  163.86328125
Memory cached:  294.0
	 epoch  70 training error:  tensor(0.3556, device='cuda:0', grad_fn=<DivBackward0>)
Memory status after this epoch: 
Memory allocated:  163.86328125
Memory cached:  294.0
	 epoch  80 training error:  tensor(0.3582, device='cuda:0', grad_fn=<DivBackward0>)
Memory status after this epoch: 
Memory allocated:  163.86328125
Memory cached:  294.0
	 epoch  90 training error:  tensor(0.3495, device='cuda:0', grad_fn=<DivBackward0>)
Memory status after this epoch: 
Memory allocated:  163.86328125
Memory cached:  294.0
[I 2023-12-07 04:59:31,827] Trial 54 finished with value: 0.33809447288513184 and parameters: {'W_layers': 5, 'W_layer_units_exponent_0': 8, 'W_layer_units_exponent_1': 7, 'W_layer_units_exponent_2': 7, 'W_layer_units_exponent_3': 6, 'W_layer_units_exponent_4': 10, 'D_layers': 5, 'D_layer_units_exponent_0': 4, 'D_layer_units_exponent_1': 8, 'D_layer_units_exponent_2': 6, 'D_layer_units_exponent_3': 8, 'D_layer_units_exponent_4': 7, 'D_dagger_layers': 5, 'D_dagger_layer_units_exponent_0': 6, 'D_dagger_layer_units_exponent_1': 6, 'D_dagger_layer_units_exponent_2': 8, 'D_dagger_layer_units_exponent_3': 7, 'D_dagger_layer_units_exponent_4': 5, 'log_learning_rate': -4.39611077186644, 'log_learning_rate_D': -3.6565799139948783, 'log_learning_rate_D_dagger': -2.6870589389500528, 'training_batch_size': 9, 'training_p': 2}. Best is trial 25 with value: 0.33126506209373474.
Time for this trial:  17.79899263381958
Memory status after this trial: 
Memory allocated:  270.65869140625
Memory cached:  310.0
--------------------  Trial  55   --------------------
Start timing: 
Parameters: 
{'W_layers': 4, 'W_layer_units_exponent_0': 9, 'W_layer_units_exponent_1': 8, 'W_layer_units_exponent_2': 9, 'W_layer_units_exponent_3': 6, 'D_layers': 5, 'D_layer_units_exponent_0': 5, 'D_layer_units_exponent_1': 10, 'D_layer_units_exponent_2': 4, 'D_layer_units_exponent_3': 7, 'D_layer_units_exponent_4': 9, 'D_dagger_layers': 6, 'D_dagger_layer_units_exponent_0': 8, 'D_dagger_layer_units_exponent_1': 6, 'D_dagger_layer_units_exponent_2': 9, 'D_dagger_layer_units_exponent_3': 6, 'D_dagger_layer_units_exponent_4': 4, 'D_dagger_layer_units_exponent_5': 7, 'log_learning_rate': -4.134934125853706, 'log_learning_rate_D': -3.112384960659915, 'log_learning_rate_D_dagger': -2.002227649124918, 'training_batch_size': 11, 'training_p': 8}
	 epoch  0 training error:  tensor(1.1041, device='cuda:0', grad_fn=<DivBackward0>)
Memory status after this epoch: 
Memory allocated:  167.09130859375
Memory cached:  294.0
	 epoch  10 training error:  tensor(0.6272, device='cuda:0', grad_fn=<DivBackward0>)
Memory status after this epoch: 
Memory allocated:  167.09130859375
Memory cached:  294.0
	 epoch  20 training error:  tensor(0.6091, device='cuda:0', grad_fn=<DivBackward0>)
Memory status after this epoch: 
Memory allocated:  167.09130859375
Memory cached:  294.0
	 epoch  30 training error:  tensor(0.6927, device='cuda:0', grad_fn=<DivBackward0>)
Memory status after this epoch: 
Memory allocated:  167.09130859375
Memory cached:  294.0
	 epoch  40 training error:  tensor(0.6774, device='cuda:0', grad_fn=<DivBackward0>)
Memory status after this epoch: 
Memory allocated:  167.09130859375
Memory cached:  294.0
	 epoch  50 training error:  tensor(0.6548, device='cuda:0', grad_fn=<DivBackward0>)
Memory status after this epoch: 
Memory allocated:  167.09130859375
Memory cached:  294.0
	 epoch  60 training error:  tensor(0.6472, device='cuda:0', grad_fn=<DivBackward0>)
Memory status after this epoch: 
Memory allocated:  167.09130859375
Memory cached:  294.0
	 epoch  70 training error:  tensor(0.6440, device='cuda:0', grad_fn=<DivBackward0>)
Memory status after this epoch: 
Memory allocated:  167.09130859375
Memory cached:  294.0
	 epoch  80 training error:  tensor(0.6430, device='cuda:0', grad_fn=<DivBackward0>)
Memory status after this epoch: 
Memory allocated:  167.09130859375
Memory cached:  294.0
	 epoch  90 training error:  tensor(0.6427, device='cuda:0', grad_fn=<DivBackward0>)
Memory status after this epoch: 
Memory allocated:  167.09130859375
Memory cached:  294.0
[I 2023-12-07 04:59:50,067] Trial 55 finished with value: 0.6107296943664551 and parameters: {'W_layers': 4, 'W_layer_units_exponent_0': 9, 'W_layer_units_exponent_1': 8, 'W_layer_units_exponent_2': 9, 'W_layer_units_exponent_3': 6, 'D_layers': 5, 'D_layer_units_exponent_0': 5, 'D_layer_units_exponent_1': 10, 'D_layer_units_exponent_2': 4, 'D_layer_units_exponent_3': 7, 'D_layer_units_exponent_4': 9, 'D_dagger_layers': 6, 'D_dagger_layer_units_exponent_0': 8, 'D_dagger_layer_units_exponent_1': 6, 'D_dagger_layer_units_exponent_2': 9, 'D_dagger_layer_units_exponent_3': 6, 'D_dagger_layer_units_exponent_4': 4, 'D_dagger_layer_units_exponent_5': 7, 'log_learning_rate': -4.134934125853706, 'log_learning_rate_D': -3.112384960659915, 'log_learning_rate_D_dagger': -2.002227649124918, 'training_batch_size': 11, 'training_p': 8}. Best is trial 25 with value: 0.33126506209373474.
Time for this trial:  18.037891387939453
Memory status after this trial: 
Memory allocated:  292.47998046875
Memory cached:  318.0
--------------------  Trial  56   --------------------
Start timing: 
Parameters: 
{'W_layers': 5, 'W_layer_units_exponent_0': 8, 'W_layer_units_exponent_1': 6, 'W_layer_units_exponent_2': 7, 'W_layer_units_exponent_3': 7, 'W_layer_units_exponent_4': 8, 'D_layers': 6, 'D_layer_units_exponent_0': 4, 'D_layer_units_exponent_1': 9, 'D_layer_units_exponent_2': 5, 'D_layer_units_exponent_3': 8, 'D_layer_units_exponent_4': 8, 'D_layer_units_exponent_5': 10, 'D_dagger_layers': 5, 'D_dagger_layer_units_exponent_0': 10, 'D_dagger_layer_units_exponent_1': 6, 'D_dagger_layer_units_exponent_2': 7, 'D_dagger_layer_units_exponent_3': 7, 'D_dagger_layer_units_exponent_4': 6, 'log_learning_rate': -4.518281641502643, 'log_learning_rate_D': -4.027202547272979, 'log_learning_rate_D_dagger': -2.140594507416117, 'training_batch_size': 10, 'training_p': 3}
	 epoch  0 training error:  tensor(1.0665, device='cuda:0', grad_fn=<DivBackward0>)
Memory status after this epoch: 
Memory allocated:  164.8583984375
Memory cached:  294.0
	 epoch  10 training error:  tensor(0.5531, device='cuda:0', grad_fn=<DivBackward0>)
Memory status after this epoch: 
Memory allocated:  164.8583984375
Memory cached:  294.0
	 epoch  20 training error:  tensor(0.4567, device='cuda:0', grad_fn=<DivBackward0>)
Memory status after this epoch: 
Memory allocated:  164.8583984375
Memory cached:  294.0
	 epoch  30 training error:  tensor(0.3916, device='cuda:0', grad_fn=<DivBackward0>)
Memory status after this epoch: 
Memory allocated:  164.8583984375
Memory cached:  294.0
	 epoch  40 training error:  tensor(0.3837, device='cuda:0', grad_fn=<DivBackward0>)
Memory status after this epoch: 
Memory allocated:  164.8583984375
Memory cached:  294.0
	 epoch  50 training error:  tensor(0.3740, device='cuda:0', grad_fn=<DivBackward0>)
Memory status after this epoch: 
Memory allocated:  164.8583984375
Memory cached:  294.0
	 epoch  60 training error:  tensor(0.3831, device='cuda:0', grad_fn=<DivBackward0>)
Memory status after this epoch: 
Memory allocated:  164.8583984375
Memory cached:  294.0
	 epoch  70 training error:  tensor(0.3796, device='cuda:0', grad_fn=<DivBackward0>)
Memory status after this epoch: 
Memory allocated:  164.8583984375
Memory cached:  294.0
	 epoch  80 training error:  tensor(0.3667, device='cuda:0', grad_fn=<DivBackward0>)
Memory status after this epoch: 
Memory allocated:  164.8583984375
Memory cached:  294.0
	 epoch  90 training error:  tensor(0.3707, device='cuda:0', grad_fn=<DivBackward0>)
Memory status after this epoch: 
Memory allocated:  164.8583984375
Memory cached:  294.0
