[I 2023-12-20 07:00:13,735] Trial 74 finished with value: 0.1485820859670639 and parameters: {'W_layers': 4, 'W_layer_units_exponent_0': 7, 'W_layer_units_exponent_1': 9, 'W_layer_units_exponent_2': 6, 'W_layer_units_exponent_3': 6, 'D_layers': 6, 'D_layer_units_exponent_0': 8, 'D_layer_units_exponent_1': 9, 'D_layer_units_exponent_2': 5, 'D_layer_units_exponent_3': 4, 'D_layer_units_exponent_4': 5, 'D_layer_units_exponent_5': 10, 'D_dagger_layers': 5, 'D_dagger_layer_units_exponent_0': 10, 'D_dagger_layer_units_exponent_1': 6, 'D_dagger_layer_units_exponent_2': 4, 'D_dagger_layer_units_exponent_3': 5, 'D_dagger_layer_units_exponent_4': 7, 'log_learning_rate': -2.784760965105321, 'log_learning_rate_D': -4.40699687984164, 'log_learning_rate_D_dagger': -3.1930658849290725, 'training_batch_size': 6, 'training_p': 4}. Best is trial 11 with value: 0.14480963349342346.
Time for this trial:  349.8610363006592
Memory status after this trial: 
Memory allocated:  384.06298828125
Memory cached:  430.0
--------------------  Trial  75   --------------------
Start timing: 
Parameters: 
{'W_layers': 4, 'W_layer_units_exponent_0': 7, 'W_layer_units_exponent_1': 9, 'W_layer_units_exponent_2': 6, 'W_layer_units_exponent_3': 6, 'D_layers': 6, 'D_layer_units_exponent_0': 8, 'D_layer_units_exponent_1': 9, 'D_layer_units_exponent_2': 8, 'D_layer_units_exponent_3': 5, 'D_layer_units_exponent_4': 5, 'D_layer_units_exponent_5': 10, 'D_dagger_layers': 5, 'D_dagger_layer_units_exponent_0': 10, 'D_dagger_layer_units_exponent_1': 5, 'D_dagger_layer_units_exponent_2': 4, 'D_dagger_layer_units_exponent_3': 4, 'D_dagger_layer_units_exponent_4': 9, 'log_learning_rate': -2.809557665970835, 'log_learning_rate_D': -4.339710984313292, 'log_learning_rate_D_dagger': -3.414769441002636, 'training_batch_size': 6, 'training_p': 4}
	 epoch  0 training error:  tensor(0.9175, device='cuda:0', grad_fn=<DivBackward0>)
Memory status after this epoch: 
Memory allocated:  189.31884765625
Memory cached:  388.0
	 epoch  10 training error:  tensor(0.4686, device='cuda:0', grad_fn=<DivBackward0>)
Memory status after this epoch: 
Memory allocated:  189.31884765625
Memory cached:  416.0
	 epoch  20 training error:  tensor(0.4567, device='cuda:0', grad_fn=<DivBackward0>)
Memory status after this epoch: 
Memory allocated:  189.31884765625
Memory cached:  426.0
	 epoch  30 training error:  tensor(0.4532, device='cuda:0', grad_fn=<DivBackward0>)
Memory status after this epoch: 
Memory allocated:  189.31884765625
Memory cached:  420.0
	 epoch  40 training error:  tensor(0.4472, device='cuda:0', grad_fn=<DivBackward0>)
Memory status after this epoch: 
Memory allocated:  189.31884765625
Memory cached:  414.0
	 epoch  50 training error:  tensor(0.4420, device='cuda:0', grad_fn=<DivBackward0>)
Memory status after this epoch: 
Memory allocated:  189.31884765625
Memory cached:  422.0
	 epoch  60 training error:  tensor(0.4326, device='cuda:0', grad_fn=<DivBackward0>)
Memory status after this epoch: 
Memory allocated:  189.31884765625
Memory cached:  412.0
	 epoch  70 training error:  tensor(0.4252, device='cuda:0', grad_fn=<DivBackward0>)
Memory status after this epoch: 
Memory allocated:  189.31884765625
Memory cached:  422.0
	 epoch  80 training error:  tensor(0.3924, device='cuda:0', grad_fn=<DivBackward0>)
Memory status after this epoch: 
Memory allocated:  189.31884765625
Memory cached:  424.0
	 epoch  90 training error:  tensor(0.3666, device='cuda:0', grad_fn=<DivBackward0>)
Memory status after this epoch: 
Memory allocated:  189.31884765625
Memory cached:  414.0
[I 2023-12-20 07:06:08,954] Trial 75 finished with value: 0.2439873069524765 and parameters: {'W_layers': 4, 'W_layer_units_exponent_0': 7, 'W_layer_units_exponent_1': 9, 'W_layer_units_exponent_2': 6, 'W_layer_units_exponent_3': 6, 'D_layers': 6, 'D_layer_units_exponent_0': 8, 'D_layer_units_exponent_1': 9, 'D_layer_units_exponent_2': 8, 'D_layer_units_exponent_3': 5, 'D_layer_units_exponent_4': 5, 'D_layer_units_exponent_5': 10, 'D_dagger_layers': 5, 'D_dagger_layer_units_exponent_0': 10, 'D_dagger_layer_units_exponent_1': 5, 'D_dagger_layer_units_exponent_2': 4, 'D_dagger_layer_units_exponent_3': 4, 'D_dagger_layer_units_exponent_4': 9, 'log_learning_rate': -2.809557665970835, 'log_learning_rate_D': -4.339710984313292, 'log_learning_rate_D_dagger': -3.414769441002636, 'training_batch_size': 6, 'training_p': 4}. Best is trial 11 with value: 0.14480963349342346.
Time for this trial:  354.8089072704315
Memory status after this trial: 
Memory allocated:  412.48828125
Memory cached:  418.0
--------------------  Trial  76   --------------------
Start timing: 
Parameters: 
{'W_layers': 3, 'W_layer_units_exponent_0': 8, 'W_layer_units_exponent_1': 8, 'W_layer_units_exponent_2': 7, 'D_layers': 6, 'D_layer_units_exponent_0': 8, 'D_layer_units_exponent_1': 8, 'D_layer_units_exponent_2': 6, 'D_layer_units_exponent_3': 4, 'D_layer_units_exponent_4': 6, 'D_layer_units_exponent_5': 10, 'D_dagger_layers': 6, 'D_dagger_layer_units_exponent_0': 10, 'D_dagger_layer_units_exponent_1': 5, 'D_dagger_layer_units_exponent_2': 4, 'D_dagger_layer_units_exponent_3': 5, 'D_dagger_layer_units_exponent_4': 10, 'D_dagger_layer_units_exponent_5': 9, 'log_learning_rate': -3.1434553971570147, 'log_learning_rate_D': -4.460853189174425, 'log_learning_rate_D_dagger': -3.2055251039487986, 'training_batch_size': 7, 'training_p': 5}
	 epoch  0 training error:  tensor(0.9710, device='cuda:0', grad_fn=<DivBackward0>)
Memory status after this epoch: 
Memory allocated:  195.25830078125
Memory cached:  410.0
	 epoch  10 training error:  tensor(0.5487, device='cuda:0', grad_fn=<DivBackward0>)
Memory status after this epoch: 
Memory allocated:  195.25830078125
Memory cached:  428.0
	 epoch  20 training error:  tensor(0.5013, device='cuda:0', grad_fn=<DivBackward0>)
Memory status after this epoch: 
Memory allocated:  195.25830078125
Memory cached:  424.0
	 epoch  30 training error:  tensor(0.4825, device='cuda:0', grad_fn=<DivBackward0>)
Memory status after this epoch: 
Memory allocated:  195.25830078125
Memory cached:  426.0
	 epoch  40 training error:  tensor(0.4793, device='cuda:0', grad_fn=<DivBackward0>)
Memory status after this epoch: 
Memory allocated:  195.25830078125
Memory cached:  426.0
	 epoch  50 training error:  tensor(0.4792, device='cuda:0', grad_fn=<DivBackward0>)
Memory status after this epoch: 
Memory allocated:  195.25830078125
Memory cached:  428.0
	 epoch  60 training error:  tensor(0.4835, device='cuda:0', grad_fn=<DivBackward0>)
Memory status after this epoch: 
Memory allocated:  195.25830078125
Memory cached:  426.0
	 epoch  70 training error:  tensor(0.4829, device='cuda:0', grad_fn=<DivBackward0>)
Memory status after this epoch: 
Memory allocated:  195.25830078125
Memory cached:  424.0
	 epoch  80 training error:  tensor(0.4833, device='cuda:0', grad_fn=<DivBackward0>)
Memory status after this epoch: 
Memory allocated:  195.25830078125
Memory cached:  424.0
	 epoch  90 training error:  tensor(0.4821, device='cuda:0', grad_fn=<DivBackward0>)
Memory status after this epoch: 
Memory allocated:  195.25830078125
Memory cached:  420.0
[I 2023-12-20 07:09:42,337] Trial 76 finished with value: 0.40638455748558044 and parameters: {'W_layers': 3, 'W_layer_units_exponent_0': 8, 'W_layer_units_exponent_1': 8, 'W_layer_units_exponent_2': 7, 'D_layers': 6, 'D_layer_units_exponent_0': 8, 'D_layer_units_exponent_1': 8, 'D_layer_units_exponent_2': 6, 'D_layer_units_exponent_3': 4, 'D_layer_units_exponent_4': 6, 'D_layer_units_exponent_5': 10, 'D_dagger_layers': 6, 'D_dagger_layer_units_exponent_0': 10, 'D_dagger_layer_units_exponent_1': 5, 'D_dagger_layer_units_exponent_2': 4, 'D_dagger_layer_units_exponent_3': 5, 'D_dagger_layer_units_exponent_4': 10, 'D_dagger_layer_units_exponent_5': 9, 'log_learning_rate': -3.1434553971570147, 'log_learning_rate_D': -4.460853189174425, 'log_learning_rate_D_dagger': -3.2055251039487986, 'training_batch_size': 7, 'training_p': 5}. Best is trial 11 with value: 0.14480963349342346.
Time for this trial:  212.98046565055847
Memory status after this trial: 
Memory allocated:  440.79638671875
Memory cached:  460.0
--------------------  Trial  77   --------------------
Start timing: 
Parameters: 
{'W_layers': 4, 'W_layer_units_exponent_0': 7, 'W_layer_units_exponent_1': 9, 'W_layer_units_exponent_2': 6, 'W_layer_units_exponent_3': 4, 'D_layers': 5, 'D_layer_units_exponent_0': 10, 'D_layer_units_exponent_1': 9, 'D_layer_units_exponent_2': 5, 'D_layer_units_exponent_3': 4, 'D_layer_units_exponent_4': 4, 'D_dagger_layers': 5, 'D_dagger_layer_units_exponent_0': 10, 'D_dagger_layer_units_exponent_1': 6, 'D_dagger_layer_units_exponent_2': 4, 'D_dagger_layer_units_exponent_3': 4, 'D_dagger_layer_units_exponent_4': 6, 'log_learning_rate': -2.9951736028157896, 'log_learning_rate_D': -4.066022654764486, 'log_learning_rate_D_dagger': -3.096103546805683, 'training_batch_size': 6, 'training_p': 4}
	 epoch  0 training error:  tensor(0.9993, device='cuda:0', grad_fn=<DivBackward0>)
Memory status after this epoch: 
Memory allocated:  193.27197265625
Memory cached:  410.0
	 epoch  10 training error:  tensor(0.4721, device='cuda:0', grad_fn=<DivBackward0>)
Memory status after this epoch: 
Memory allocated:  193.27197265625
Memory cached:  440.0
	 epoch  20 training error:  tensor(0.4591, device='cuda:0', grad_fn=<DivBackward0>)
Memory status after this epoch: 
Memory allocated:  193.27197265625
Memory cached:  440.0
	 epoch  30 training error:  tensor(0.4259, device='cuda:0', grad_fn=<DivBackward0>)
Memory status after this epoch: 
Memory allocated:  193.27197265625
Memory cached:  436.0
	 epoch  40 training error:  tensor(0.3885, device='cuda:0', grad_fn=<DivBackward0>)
Memory status after this epoch: 
Memory allocated:  193.27197265625
Memory cached:  436.0
	 epoch  50 training error:  tensor(0.3420, device='cuda:0', grad_fn=<DivBackward0>)
Memory status after this epoch: 
Memory allocated:  193.27197265625
Memory cached:  442.0
	 epoch  60 training error:  tensor(0.2704, device='cuda:0', grad_fn=<DivBackward0>)
Memory status after this epoch: 
Memory allocated:  193.27197265625
Memory cached:  430.0
	 epoch  70 training error:  tensor(0.2468, device='cuda:0', grad_fn=<DivBackward0>)
Memory status after this epoch: 
Memory allocated:  193.27197265625
Memory cached:  442.0
	 epoch  80 training error:  tensor(0.2157, device='cuda:0', grad_fn=<DivBackward0>)
Memory status after this epoch: 
Memory allocated:  193.27197265625
Memory cached:  450.0
	 epoch  90 training error:  tensor(0.2075, device='cuda:0', grad_fn=<DivBackward0>)
Memory status after this epoch: 
Memory allocated:  193.27197265625
Memory cached:  440.0
[I 2023-12-20 07:15:14,722] Trial 77 finished with value: 0.13922981917858124 and parameters: {'W_layers': 4, 'W_layer_units_exponent_0': 7, 'W_layer_units_exponent_1': 9, 'W_layer_units_exponent_2': 6, 'W_layer_units_exponent_3': 4, 'D_layers': 5, 'D_layer_units_exponent_0': 10, 'D_layer_units_exponent_1': 9, 'D_layer_units_exponent_2': 5, 'D_layer_units_exponent_3': 4, 'D_layer_units_exponent_4': 4, 'D_dagger_layers': 5, 'D_dagger_layer_units_exponent_0': 10, 'D_dagger_layer_units_exponent_1': 6, 'D_dagger_layer_units_exponent_2': 4, 'D_dagger_layer_units_exponent_3': 4, 'D_dagger_layer_units_exponent_4': 6, 'log_learning_rate': -2.9951736028157896, 'log_learning_rate_D': -4.066022654764486, 'log_learning_rate_D_dagger': -3.096103546805683, 'training_batch_size': 6, 'training_p': 4}. Best is trial 77 with value: 0.13922981917858124.
res:  tensor(0.1392, device='cuda:0', grad_fn=<DivBackward0>)
self.bestValue:  tensor(0.1448, device='cuda:0', grad_fn=<DivBackward0>)
Save this model!
Time for this trial:  331.92737102508545
Memory status after this trial: 
Memory allocated:  192.27294921875
Memory cached:  404.0
--------------------  Trial  78   --------------------
Start timing: 
Parameters: 
{'W_layers': 3, 'W_layer_units_exponent_0': 8, 'W_layer_units_exponent_1': 9, 'W_layer_units_exponent_2': 5, 'D_layers': 5, 'D_layer_units_exponent_0': 10, 'D_layer_units_exponent_1': 9, 'D_layer_units_exponent_2': 5, 'D_layer_units_exponent_3': 4, 'D_layer_units_exponent_4': 4, 'D_dagger_layers': 5, 'D_dagger_layer_units_exponent_0': 9, 'D_dagger_layer_units_exponent_1': 6, 'D_dagger_layer_units_exponent_2': 4, 'D_dagger_layer_units_exponent_3': 4, 'D_dagger_layer_units_exponent_4': 6, 'log_learning_rate': -3.2945264230047924, 'log_learning_rate_D': -4.232116097356792, 'log_learning_rate_D_dagger': -3.062643994527775, 'training_batch_size': 7, 'training_p': 4}
	 epoch  0 training error:  tensor(0.9943, device='cuda:0', grad_fn=<DivBackward0>)
Memory status after this epoch: 
Memory allocated:  203.40185546875
Memory cached:  400.0
	 epoch  10 training error:  tensor(0.5147, device='cuda:0', grad_fn=<DivBackward0>)
Memory status after this epoch: 
Memory allocated:  203.40185546875
Memory cached:  408.0
	 epoch  20 training error:  tensor(0.4661, device='cuda:0', grad_fn=<DivBackward0>)
Memory status after this epoch: 
Memory allocated:  203.40185546875
Memory cached:  416.0
	 epoch  30 training error:  tensor(0.4481, device='cuda:0', grad_fn=<DivBackward0>)
Memory status after this epoch: 
Memory allocated:  203.40185546875
Memory cached:  406.0
	 epoch  40 training error:  tensor(0.4477, device='cuda:0', grad_fn=<DivBackward0>)
Memory status after this epoch: 
Memory allocated:  203.40185546875
Memory cached:  408.0
	 epoch  50 training error:  tensor(0.4383, device='cuda:0', grad_fn=<DivBackward0>)
Memory status after this epoch: 
Memory allocated:  203.40185546875
Memory cached:  412.0
	 epoch  60 training error:  tensor(0.4305, device='cuda:0', grad_fn=<DivBackward0>)
Memory status after this epoch: 
Memory allocated:  203.40185546875
Memory cached:  402.0
	 epoch  70 training error:  tensor(0.4184, device='cuda:0', grad_fn=<DivBackward0>)
Memory status after this epoch: 
Memory allocated:  203.40185546875
Memory cached:  404.0
	 epoch  80 training error:  tensor(0.3955, device='cuda:0', grad_fn=<DivBackward0>)
Memory status after this epoch: 
Memory allocated:  203.40185546875
Memory cached:  408.0
	 epoch  90 training error:  tensor(0.3909, device='cuda:0', grad_fn=<DivBackward0>)
Memory status after this epoch: 
Memory allocated:  203.40185546875
Memory cached:  410.0
[I 2023-12-20 07:18:20,837] Trial 78 finished with value: 0.2834790349006653 and parameters: {'W_layers': 3, 'W_layer_units_exponent_0': 8, 'W_layer_units_exponent_1': 9, 'W_layer_units_exponent_2': 5, 'D_layers': 5, 'D_layer_units_exponent_0': 10, 'D_layer_units_exponent_1': 9, 'D_layer_units_exponent_2': 5, 'D_layer_units_exponent_3': 4, 'D_layer_units_exponent_4': 4, 'D_dagger_layers': 5, 'D_dagger_layer_units_exponent_0': 9, 'D_dagger_layer_units_exponent_1': 6, 'D_dagger_layer_units_exponent_2': 4, 'D_dagger_layer_units_exponent_3': 4, 'D_dagger_layer_units_exponent_4': 6, 'log_learning_rate': -3.2945264230047924, 'log_learning_rate_D': -4.232116097356792, 'log_learning_rate_D_dagger': -3.062643994527775, 'training_batch_size': 7, 'training_p': 4}. Best is trial 77 with value: 0.13922981917858124.
Time for this trial:  185.78684210777283
Memory status after this trial: 
Memory allocated:  361.1318359375
Memory cached:  404.0
--------------------  Trial  79   --------------------
Start timing: 
Parameters: 
{'W_layers': 4, 'W_layer_units_exponent_0': 7, 'W_layer_units_exponent_1': 8, 'W_layer_units_exponent_2': 7, 'W_layer_units_exponent_3': 5, 'D_layers': 4, 'D_layer_units_exponent_0': 10, 'D_layer_units_exponent_1': 9, 'D_layer_units_exponent_2': 6, 'D_layer_units_exponent_3': 5, 'D_dagger_layers': 6, 'D_dagger_layer_units_exponent_0': 10, 'D_dagger_layer_units_exponent_1': 5, 'D_dagger_layer_units_exponent_2': 9, 'D_dagger_layer_units_exponent_3': 4, 'D_dagger_layer_units_exponent_4': 6, 'D_dagger_layer_units_exponent_5': 8, 'log_learning_rate': -2.877575879304866, 'log_learning_rate_D': -4.086072388634735, 'log_learning_rate_D_dagger': -3.1484679667378526, 'training_batch_size': 7, 'training_p': 3}
	 epoch  0 training error:  tensor(0.9542, device='cuda:0', grad_fn=<DivBackward0>)
Memory status after this epoch: 
Memory allocated:  203.11669921875
Memory cached:  402.0
	 epoch  10 training error:  tensor(0.4260, device='cuda:0', grad_fn=<DivBackward0>)
Memory status after this epoch: 
Memory allocated:  203.11669921875
Memory cached:  412.0
	 epoch  20 training error:  tensor(0.4382, device='cuda:0', grad_fn=<DivBackward0>)
Memory status after this epoch: 
Memory allocated:  203.11669921875
Memory cached:  412.0
	 epoch  30 training error:  tensor(0.4214, device='cuda:0', grad_fn=<DivBackward0>)
Memory status after this epoch: 
Memory allocated:  203.11669921875
Memory cached:  408.0
	 epoch  40 training error:  tensor(0.4192, device='cuda:0', grad_fn=<DivBackward0>)
Memory status after this epoch: 
Memory allocated:  203.11669921875
Memory cached:  412.0
	 epoch  50 training error:  tensor(0.3858, device='cuda:0', grad_fn=<DivBackward0>)
Memory status after this epoch: 
Memory allocated:  203.11669921875
Memory cached:  418.0
	 epoch  60 training error:  tensor(0.3801, device='cuda:0', grad_fn=<DivBackward0>)
Memory status after this epoch: 
Memory allocated:  203.11669921875
Memory cached:  420.0
	 epoch  70 training error:  tensor(0.3728, device='cuda:0', grad_fn=<DivBackward0>)
Memory status after this epoch: 
Memory allocated:  203.11669921875
Memory cached:  408.0
	 epoch  80 training error:  tensor(0.3759, device='cuda:0', grad_fn=<DivBackward0>)
Memory status after this epoch: 
Memory allocated:  203.11669921875
Memory cached:  416.0
	 epoch  90 training error:  tensor(0.3682, device='cuda:0', grad_fn=<DivBackward0>)
Memory status after this epoch: 
Memory allocated:  203.11669921875
Memory cached:  414.0
[I 2023-12-20 07:21:42,566] Trial 79 finished with value: 0.32675597071647644 and parameters: {'W_layers': 4, 'W_layer_units_exponent_0': 7, 'W_layer_units_exponent_1': 8, 'W_layer_units_exponent_2': 7, 'W_layer_units_exponent_3': 5, 'D_layers': 4, 'D_layer_units_exponent_0': 10, 'D_layer_units_exponent_1': 9, 'D_layer_units_exponent_2': 6, 'D_layer_units_exponent_3': 5, 'D_dagger_layers': 6, 'D_dagger_layer_units_exponent_0': 10, 'D_dagger_layer_units_exponent_1': 5, 'D_dagger_layer_units_exponent_2': 9, 'D_dagger_layer_units_exponent_3': 4, 'D_dagger_layer_units_exponent_4': 6, 'D_dagger_layer_units_exponent_5': 8, 'log_learning_rate': -2.877575879304866, 'log_learning_rate_D': -4.086072388634735, 'log_learning_rate_D_dagger': -3.1484679667378526, 'training_batch_size': 7, 'training_p': 3}. Best is trial 77 with value: 0.13922981917858124.
Time for this trial:  201.32542872428894
Memory status after this trial: 
Memory allocated:  412.734375
Memory cached:  428.0
--------------------  Trial  80   --------------------
Start timing: 
Parameters: 
{'W_layers': 5, 'W_layer_units_exponent_0': 8, 'W_layer_units_exponent_1': 9, 'W_layer_units_exponent_2': 6, 'W_layer_units_exponent_3': 6, 'W_layer_units_exponent_4': 8, 'D_layers': 5, 'D_layer_units_exponent_0': 9, 'D_layer_units_exponent_1': 10, 'D_layer_units_exponent_2': 5, 'D_layer_units_exponent_3': 4, 'D_layer_units_exponent_4': 4, 'D_dagger_layers': 5, 'D_dagger_layer_units_exponent_0': 9, 'D_dagger_layer_units_exponent_1': 4, 'D_dagger_layer_units_exponent_2': 4, 'D_dagger_layer_units_exponent_3': 4, 'D_dagger_layer_units_exponent_4': 7, 'log_learning_rate': -1.9201442163617106, 'log_learning_rate_D': -4.51252080700713, 'log_learning_rate_D_dagger': -2.9137762911194196, 'training_batch_size': 6, 'training_p': 5}
	 epoch  0 training error:  tensor(2.0207, device='cuda:0', grad_fn=<DivBackward0>)
Memory status after this epoch: 
Memory allocated:  203.86865234375
Memory cached:  412.0
	 epoch  10 training error:  tensor(0.5983, device='cuda:0', grad_fn=<DivBackward0>)
Memory status after this epoch: 
Memory allocated:  203.86865234375
Memory cached:  418.0
	 epoch  20 training error:  tensor(0.4911, device='cuda:0', grad_fn=<DivBackward0>)
Memory status after this epoch: 
Memory allocated:  203.86865234375
Memory cached:  420.0
	 epoch  30 training error:  tensor(0.4863, device='cuda:0', grad_fn=<DivBackward0>)
Memory status after this epoch: 
Memory allocated:  203.86865234375
Memory cached:  422.0
	 epoch  40 training error:  tensor(0.4765, device='cuda:0', grad_fn=<DivBackward0>)
Memory status after this epoch: 
Memory allocated:  203.86865234375
Memory cached:  418.0
	 epoch  50 training error:  tensor(0.4726, device='cuda:0', grad_fn=<DivBackward0>)
Memory status after this epoch: 
Memory allocated:  203.86865234375
Memory cached:  414.0
	 epoch  60 training error:  tensor(0.4705, device='cuda:0', grad_fn=<DivBackward0>)
Memory status after this epoch: 
Memory allocated:  203.86865234375
Memory cached:  418.0
	 epoch  70 training error:  tensor(0.4671, device='cuda:0', grad_fn=<DivBackward0>)
Memory status after this epoch: 
Memory allocated:  203.86865234375
Memory cached:  420.0
	 epoch  80 training error:  tensor(0.3784, device='cuda:0', grad_fn=<DivBackward0>)
Memory status after this epoch: 
Memory allocated:  203.86865234375
Memory cached:  416.0
	 epoch  90 training error:  tensor(0.2626, device='cuda:0', grad_fn=<DivBackward0>)
Memory status after this epoch: 
Memory allocated:  203.86865234375
Memory cached:  416.0
