[I 2024-05-17 17:51:14,039] Trial 11 finished with value: 0.11609702557325363 and parameters: {'W_layers': 6, 'W_layer_units_exponent_0': 6, 'W_layer_units_exponent_1': 5, 'W_layer_units_exponent_2': 7, 'W_layer_units_exponent_3': 5, 'W_layer_units_exponent_4': 4, 'W_layer_units_exponent_5': 6, 'D_layers': 2, 'D_layer_units_exponent_0': 8, 'D_layer_units_exponent_1': 6, 'D_dagger_layers': 8, 'D_dagger_layer_units_exponent_0': 6, 'D_dagger_layer_units_exponent_1': 4, 'D_dagger_layer_units_exponent_2': 7, 'D_dagger_layer_units_exponent_3': 7, 'D_dagger_layer_units_exponent_4': 10, 'D_dagger_layer_units_exponent_5': 7, 'D_dagger_layer_units_exponent_6': 4, 'D_dagger_layer_units_exponent_7': 10, 'log_learning_rate': -3.419084330763525, 'log_learning_rate_D': -2.755957226010458, 'log_learning_rate_D_dagger': -3.2307375357810133, 'training_batch_size': 6, 'training_p': 3}. Best is trial 11 with value: 0.11609702557325363.
res:  tensor(0.1161, grad_fn=<ToCopyBackward0>)
self.bestValue:  tensor(0.2309, grad_fn=<ToCopyBackward0>)
Save this model!
Time for this trial:  1971.4592809677124
Memory status after this trial: 
Memory allocated:  1292.7333984375
Memory cached:  1334.0
--------------------  Trial  12   --------------------
Start timing: 
Parameters: 
{'W_layers': 5, 'W_layer_units_exponent_0': 6, 'W_layer_units_exponent_1': 6, 'W_layer_units_exponent_2': 9, 'W_layer_units_exponent_3': 5, 'W_layer_units_exponent_4': 4, 'D_layers': 2, 'D_layer_units_exponent_0': 9, 'D_layer_units_exponent_1': 6, 'D_dagger_layers': 8, 'D_dagger_layer_units_exponent_0': 6, 'D_dagger_layer_units_exponent_1': 4, 'D_dagger_layer_units_exponent_2': 7, 'D_dagger_layer_units_exponent_3': 7, 'D_dagger_layer_units_exponent_4': 10, 'D_dagger_layer_units_exponent_5': 7, 'D_dagger_layer_units_exponent_6': 4, 'D_dagger_layer_units_exponent_7': 10, 'log_learning_rate': -3.0597628458541304, 'log_learning_rate_D': -2.820998886529228, 'log_learning_rate_D_dagger': -1.0482952145782494, 'training_batch_size': 6, 'training_p': 3}
	 epoch  0 training error:  tensor(124750.2031, grad_fn=<ToCopyBackward0>)
Memory status after this epoch: 
Memory allocated:  1298.75732421875
Memory cached:  1338.0
	 epoch  10 training error:  tensor(0.3719, grad_fn=<ToCopyBackward0>)
Memory status after this epoch: 
Memory allocated:  1298.75732421875
Memory cached:  1518.0
	 epoch  20 training error:  tensor(0.3725, grad_fn=<ToCopyBackward0>)
Memory status after this epoch: 
Memory allocated:  1298.75732421875
Memory cached:  1520.0
	 epoch  30 training error:  tensor(0.3732, grad_fn=<ToCopyBackward0>)
Memory status after this epoch: 
Memory allocated:  1298.75732421875
Memory cached:  1520.0
	 epoch  40 training error:  tensor(0.3727, grad_fn=<ToCopyBackward0>)
Memory status after this epoch: 
Memory allocated:  1298.75732421875
Memory cached:  1520.0
	 epoch  50 training error:  tensor(0.3736, grad_fn=<ToCopyBackward0>)
Memory status after this epoch: 
Memory allocated:  1298.75732421875
Memory cached:  1526.0
	 epoch  60 training error:  tensor(0.3723, grad_fn=<ToCopyBackward0>)
Memory status after this epoch: 
Memory allocated:  1298.75732421875
Memory cached:  1522.0
	 epoch  70 training error:  tensor(0.3738, grad_fn=<ToCopyBackward0>)
Memory status after this epoch: 
Memory allocated:  1298.75732421875
Memory cached:  1520.0
	 epoch  80 training error:  tensor(0.3730, grad_fn=<ToCopyBackward0>)
Memory status after this epoch: 
Memory allocated:  1298.75732421875
Memory cached:  1522.0
	 epoch  90 training error:  tensor(0.3724, grad_fn=<ToCopyBackward0>)
Memory status after this epoch: 
Memory allocated:  1298.75732421875
Memory cached:  1518.0
[I 2024-05-17 18:23:19,331] Trial 12 finished with value: 0.3519849479198456 and parameters: {'W_layers': 5, 'W_layer_units_exponent_0': 6, 'W_layer_units_exponent_1': 6, 'W_layer_units_exponent_2': 9, 'W_layer_units_exponent_3': 5, 'W_layer_units_exponent_4': 4, 'D_layers': 2, 'D_layer_units_exponent_0': 9, 'D_layer_units_exponent_1': 6, 'D_dagger_layers': 8, 'D_dagger_layer_units_exponent_0': 6, 'D_dagger_layer_units_exponent_1': 4, 'D_dagger_layer_units_exponent_2': 7, 'D_dagger_layer_units_exponent_3': 7, 'D_dagger_layer_units_exponent_4': 10, 'D_dagger_layer_units_exponent_5': 7, 'D_dagger_layer_units_exponent_6': 4, 'D_dagger_layer_units_exponent_7': 10, 'log_learning_rate': -3.0597628458541304, 'log_learning_rate_D': -2.820998886529228, 'log_learning_rate_D_dagger': -1.0482952145782494, 'training_batch_size': 6, 'training_p': 3}. Best is trial 11 with value: 0.11609702557325363.
Time for this trial:  1924.7133252620697
Memory status after this trial: 
Memory allocated:  2846.77734375
Memory cached:  2862.0
--------------------  Trial  13   --------------------
Start timing: 
Parameters: 
{'W_layers': 3, 'W_layer_units_exponent_0': 6, 'W_layer_units_exponent_1': 5, 'W_layer_units_exponent_2': 6, 'D_layers': 3, 'D_layer_units_exponent_0': 8, 'D_layer_units_exponent_1': 10, 'D_layer_units_exponent_2': 10, 'D_dagger_layers': 8, 'D_dagger_layer_units_exponent_0': 8, 'D_dagger_layer_units_exponent_1': 5, 'D_dagger_layer_units_exponent_2': 8, 'D_dagger_layer_units_exponent_3': 8, 'D_dagger_layer_units_exponent_4': 8, 'D_dagger_layer_units_exponent_5': 8, 'D_dagger_layer_units_exponent_6': 9, 'D_dagger_layer_units_exponent_7': 9, 'log_learning_rate': -2.1723954768597697, 'log_learning_rate_D': -3.5264625127882403, 'log_learning_rate_D_dagger': -3.4961846466873445, 'training_batch_size': 8, 'training_p': 4}
	 epoch  0 training error:  tensor(0.7657, grad_fn=<ToCopyBackward0>)
Memory status after this epoch: 
Memory allocated:  1321.96435546875
Memory cached:  1364.0
	 epoch  10 training error:  tensor(0.3726, grad_fn=<ToCopyBackward0>)
Memory status after this epoch: 
Memory allocated:  1321.96435546875
Memory cached:  1364.0
	 epoch  20 training error:  tensor(0.3364, grad_fn=<ToCopyBackward0>)
Memory status after this epoch: 
Memory allocated:  1321.96435546875
Memory cached:  1364.0
	 epoch  30 training error:  tensor(0.3351, grad_fn=<ToCopyBackward0>)
Memory status after this epoch: 
Memory allocated:  1321.96435546875
Memory cached:  1364.0
	 epoch  40 training error:  tensor(0.3392, grad_fn=<ToCopyBackward0>)
Memory status after this epoch: 
Memory allocated:  1321.96435546875
Memory cached:  1364.0
	 epoch  50 training error:  tensor(0.3393, grad_fn=<ToCopyBackward0>)
Memory status after this epoch: 
Memory allocated:  1321.96435546875
Memory cached:  1364.0
	 epoch  60 training error:  tensor(0.3331, grad_fn=<ToCopyBackward0>)
Memory status after this epoch: 
Memory allocated:  1321.96435546875
Memory cached:  1364.0
	 epoch  70 training error:  tensor(0.3306, grad_fn=<ToCopyBackward0>)
Memory status after this epoch: 
Memory allocated:  1321.96435546875
Memory cached:  1364.0
	 epoch  80 training error:  tensor(0.3586, grad_fn=<ToCopyBackward0>)
Memory status after this epoch: 
Memory allocated:  1321.96435546875
Memory cached:  1364.0
	 epoch  90 training error:  tensor(0.3517, grad_fn=<ToCopyBackward0>)
Memory status after this epoch: 
Memory allocated:  1321.96435546875
Memory cached:  1364.0
[I 2024-05-17 18:34:46,655] Trial 13 finished with value: 0.28752031922340393 and parameters: {'W_layers': 3, 'W_layer_units_exponent_0': 6, 'W_layer_units_exponent_1': 5, 'W_layer_units_exponent_2': 6, 'D_layers': 3, 'D_layer_units_exponent_0': 8, 'D_layer_units_exponent_1': 10, 'D_layer_units_exponent_2': 10, 'D_dagger_layers': 8, 'D_dagger_layer_units_exponent_0': 8, 'D_dagger_layer_units_exponent_1': 5, 'D_dagger_layer_units_exponent_2': 8, 'D_dagger_layer_units_exponent_3': 8, 'D_dagger_layer_units_exponent_4': 8, 'D_dagger_layer_units_exponent_5': 8, 'D_dagger_layer_units_exponent_6': 9, 'D_dagger_layer_units_exponent_7': 9, 'log_learning_rate': -2.1723954768597697, 'log_learning_rate_D': -3.5264625127882403, 'log_learning_rate_D_dagger': -3.4961846466873445, 'training_batch_size': 8, 'training_p': 4}. Best is trial 11 with value: 0.11609702557325363.
Time for this trial:  686.8917183876038
Memory status after this trial: 
Memory allocated:  3251.837890625
Memory cached:  3324.0
--------------------  Trial  14   --------------------
Start timing: 
Parameters: 
{'W_layers': 6, 'W_layer_units_exponent_0': 5, 'W_layer_units_exponent_1': 7, 'W_layer_units_exponent_2': 8, 'W_layer_units_exponent_3': 6, 'W_layer_units_exponent_4': 10, 'W_layer_units_exponent_5': 5, 'D_layers': 3, 'D_layer_units_exponent_0': 8, 'D_layer_units_exponent_1': 6, 'D_layer_units_exponent_2': 4, 'D_dagger_layers': 5, 'D_dagger_layer_units_exponent_0': 6, 'D_dagger_layer_units_exponent_1': 5, 'D_dagger_layer_units_exponent_2': 6, 'D_dagger_layer_units_exponent_3': 6, 'D_dagger_layer_units_exponent_4': 10, 'log_learning_rate': -3.0079261708932634, 'log_learning_rate_D': -1.5415008011989846, 'log_learning_rate_D_dagger': -4.332379617025024, 'training_batch_size': 6, 'training_p': 2}
	 epoch  0 training error:  tensor(0.4720, grad_fn=<ToCopyBackward0>)
Memory status after this epoch: 
Memory allocated:  1296.54833984375
Memory cached:  1336.0
	 epoch  10 training error:  tensor(0.3328, grad_fn=<ToCopyBackward0>)
Memory status after this epoch: 
Memory allocated:  1296.54833984375
Memory cached:  1506.0
	 epoch  20 training error:  tensor(0.3335, grad_fn=<ToCopyBackward0>)
Memory status after this epoch: 
Memory allocated:  1296.54833984375
Memory cached:  1506.0
	 epoch  30 training error:  tensor(0.3246, grad_fn=<ToCopyBackward0>)
Memory status after this epoch: 
Memory allocated:  1296.54833984375
Memory cached:  1502.0
	 epoch  40 training error:  tensor(0.2961, grad_fn=<ToCopyBackward0>)
Memory status after this epoch: 
Memory allocated:  1296.54833984375
Memory cached:  1506.0
	 epoch  50 training error:  tensor(0.2360, grad_fn=<ToCopyBackward0>)
Memory status after this epoch: 
Memory allocated:  1296.54833984375
Memory cached:  1506.0
	 epoch  60 training error:  tensor(0.2287, grad_fn=<ToCopyBackward0>)
Memory status after this epoch: 
Memory allocated:  1296.54833984375
Memory cached:  1506.0
	 epoch  70 training error:  tensor(0.2264, grad_fn=<ToCopyBackward0>)
Memory status after this epoch: 
Memory allocated:  1296.54833984375
Memory cached:  1504.0
	 epoch  80 training error:  tensor(0.2277, grad_fn=<ToCopyBackward0>)
Memory status after this epoch: 
Memory allocated:  1296.54833984375
Memory cached:  1508.0
	 epoch  90 training error:  tensor(0.2244, grad_fn=<ToCopyBackward0>)
Memory status after this epoch: 
Memory allocated:  1296.54833984375
Memory cached:  1508.0
[I 2024-05-17 19:05:28,391] Trial 14 finished with value: 0.22518610954284668 and parameters: {'W_layers': 6, 'W_layer_units_exponent_0': 5, 'W_layer_units_exponent_1': 7, 'W_layer_units_exponent_2': 8, 'W_layer_units_exponent_3': 6, 'W_layer_units_exponent_4': 10, 'W_layer_units_exponent_5': 5, 'D_layers': 3, 'D_layer_units_exponent_0': 8, 'D_layer_units_exponent_1': 6, 'D_layer_units_exponent_2': 4, 'D_dagger_layers': 5, 'D_dagger_layer_units_exponent_0': 6, 'D_dagger_layer_units_exponent_1': 5, 'D_dagger_layer_units_exponent_2': 6, 'D_dagger_layer_units_exponent_3': 6, 'D_dagger_layer_units_exponent_4': 10, 'log_learning_rate': -3.0079261708932634, 'log_learning_rate_D': -1.5415008011989846, 'log_learning_rate_D_dagger': -4.332379617025024, 'training_batch_size': 6, 'training_p': 2}. Best is trial 11 with value: 0.11609702557325363.
Time for this trial:  1841.1516454219818
Memory status after this trial: 
Memory allocated:  2561.5126953125
Memory cached:  2574.0
--------------------  Trial  15   --------------------
Start timing: 
Parameters: 
{'W_layers': 6, 'W_layer_units_exponent_0': 5, 'W_layer_units_exponent_1': 8, 'W_layer_units_exponent_2': 7, 'W_layer_units_exponent_3': 6, 'W_layer_units_exponent_4': 10, 'W_layer_units_exponent_5': 5, 'D_layers': 3, 'D_layer_units_exponent_0': 8, 'D_layer_units_exponent_1': 6, 'D_layer_units_exponent_2': 4, 'D_dagger_layers': 5, 'D_dagger_layer_units_exponent_0': 6, 'D_dagger_layer_units_exponent_1': 5, 'D_dagger_layer_units_exponent_2': 5, 'D_dagger_layer_units_exponent_3': 6, 'D_dagger_layer_units_exponent_4': 8, 'log_learning_rate': -3.21423789764411, 'log_learning_rate_D': -1.4248756056578467, 'log_learning_rate_D_dagger': -4.608370092772963, 'training_batch_size': 6, 'training_p': 4}
	 epoch  0 training error:  tensor(0.5501, grad_fn=<ToCopyBackward0>)
Memory status after this epoch: 
Memory allocated:  1295.66552734375
Memory cached:  1336.0
	 epoch  10 training error:  tensor(0.4005, grad_fn=<ToCopyBackward0>)
Memory status after this epoch: 
Memory allocated:  1295.66552734375
Memory cached:  1514.0
	 epoch  20 training error:  tensor(0.4010, grad_fn=<ToCopyBackward0>)
Memory status after this epoch: 
Memory allocated:  1295.66552734375
Memory cached:  1514.0
	 epoch  30 training error:  tensor(0.3991, grad_fn=<ToCopyBackward0>)
Memory status after this epoch: 
Memory allocated:  1295.66552734375
Memory cached:  1506.0
	 epoch  40 training error:  tensor(0.3990, grad_fn=<ToCopyBackward0>)
Memory status after this epoch: 
Memory allocated:  1295.66552734375
Memory cached:  1506.0
	 epoch  50 training error:  tensor(0.3990, grad_fn=<ToCopyBackward0>)
Memory status after this epoch: 
Memory allocated:  1295.66552734375
Memory cached:  1510.0
	 epoch  60 training error:  tensor(0.3970, grad_fn=<ToCopyBackward0>)
Memory status after this epoch: 
Memory allocated:  1295.66552734375
Memory cached:  1514.0
	 epoch  70 training error:  tensor(0.3988, grad_fn=<ToCopyBackward0>)
Memory status after this epoch: 
Memory allocated:  1295.66552734375
Memory cached:  1514.0
	 epoch  80 training error:  tensor(0.3994, grad_fn=<ToCopyBackward0>)
Memory status after this epoch: 
Memory allocated:  1295.66552734375
Memory cached:  1512.0
	 epoch  90 training error:  tensor(0.3951, grad_fn=<ToCopyBackward0>)
Memory status after this epoch: 
Memory allocated:  1295.66552734375
Memory cached:  1514.0
[I 2024-05-17 19:35:53,162] Trial 15 finished with value: 0.3436567783355713 and parameters: {'W_layers': 6, 'W_layer_units_exponent_0': 5, 'W_layer_units_exponent_1': 8, 'W_layer_units_exponent_2': 7, 'W_layer_units_exponent_3': 6, 'W_layer_units_exponent_4': 10, 'W_layer_units_exponent_5': 5, 'D_layers': 3, 'D_layer_units_exponent_0': 8, 'D_layer_units_exponent_1': 6, 'D_layer_units_exponent_2': 4, 'D_dagger_layers': 5, 'D_dagger_layer_units_exponent_0': 6, 'D_dagger_layer_units_exponent_1': 5, 'D_dagger_layer_units_exponent_2': 5, 'D_dagger_layer_units_exponent_3': 6, 'D_dagger_layer_units_exponent_4': 8, 'log_learning_rate': -3.21423789764411, 'log_learning_rate_D': -1.4248756056578467, 'log_learning_rate_D_dagger': -4.608370092772963, 'training_batch_size': 6, 'training_p': 4}. Best is trial 11 with value: 0.11609702557325363.
Time for this trial:  1824.1610989570618
Memory status after this trial: 
Memory allocated:  2266.1494140625
Memory cached:  2278.0
--------------------  Trial  16   --------------------
Start timing: 
Parameters: 
{'W_layers': 6, 'W_layer_units_exponent_0': 5, 'W_layer_units_exponent_1': 7, 'W_layer_units_exponent_2': 8, 'W_layer_units_exponent_3': 6, 'W_layer_units_exponent_4': 8, 'W_layer_units_exponent_5': 6, 'D_layers': 4, 'D_layer_units_exponent_0': 10, 'D_layer_units_exponent_1': 5, 'D_layer_units_exponent_2': 4, 'D_layer_units_exponent_3': 8, 'D_dagger_layers': 4, 'D_dagger_layer_units_exponent_0': 6, 'D_dagger_layer_units_exponent_1': 5, 'D_dagger_layer_units_exponent_2': 6, 'D_dagger_layer_units_exponent_3': 9, 'log_learning_rate': -3.870009227142142, 'log_learning_rate_D': -1.5863974221465424, 'log_learning_rate_D_dagger': -4.41461041281746, 'training_batch_size': 7, 'training_p': 3}
	 epoch  0 training error:  tensor(0.8951, grad_fn=<ToCopyBackward0>)
Memory status after this epoch: 
Memory allocated:  1295.06591796875
Memory cached:  1338.0
	 epoch  10 training error:  tensor(0.3614, grad_fn=<ToCopyBackward0>)
Memory status after this epoch: 
Memory allocated:  1295.06591796875
Memory cached:  1338.0
	 epoch  20 training error:  tensor(0.3439, grad_fn=<ToCopyBackward0>)
Memory status after this epoch: 
Memory allocated:  1295.06591796875
Memory cached:  1338.0
	 epoch  30 training error:  tensor(0.3228, grad_fn=<ToCopyBackward0>)
Memory status after this epoch: 
Memory allocated:  1295.06591796875
Memory cached:  1338.0
	 epoch  40 training error:  tensor(0.3024, grad_fn=<ToCopyBackward0>)
Memory status after this epoch: 
Memory allocated:  1295.06591796875
Memory cached:  1338.0
	 epoch  50 training error:  tensor(0.2923, grad_fn=<ToCopyBackward0>)
Memory status after this epoch: 
Memory allocated:  1295.06591796875
Memory cached:  1338.0
	 epoch  60 training error:  tensor(0.2906, grad_fn=<ToCopyBackward0>)
Memory status after this epoch: 
Memory allocated:  1295.06591796875
Memory cached:  1338.0
	 epoch  70 training error:  tensor(0.2904, grad_fn=<ToCopyBackward0>)
Memory status after this epoch: 
Memory allocated:  1295.06591796875
Memory cached:  1338.0
	 epoch  80 training error:  tensor(0.2900, grad_fn=<ToCopyBackward0>)
Memory status after this epoch: 
Memory allocated:  1295.06591796875
Memory cached:  1338.0
	 epoch  90 training error:  tensor(0.2898, grad_fn=<ToCopyBackward0>)
Memory status after this epoch: 
Memory allocated:  1295.06591796875
Memory cached:  1338.0
[I 2024-05-17 19:52:10,445] Trial 16 finished with value: 0.23569929599761963 and parameters: {'W_layers': 6, 'W_layer_units_exponent_0': 5, 'W_layer_units_exponent_1': 7, 'W_layer_units_exponent_2': 8, 'W_layer_units_exponent_3': 6, 'W_layer_units_exponent_4': 8, 'W_layer_units_exponent_5': 6, 'D_layers': 4, 'D_layer_units_exponent_0': 10, 'D_layer_units_exponent_1': 5, 'D_layer_units_exponent_2': 4, 'D_layer_units_exponent_3': 8, 'D_dagger_layers': 4, 'D_dagger_layer_units_exponent_0': 6, 'D_dagger_layer_units_exponent_1': 5, 'D_dagger_layer_units_exponent_2': 6, 'D_dagger_layer_units_exponent_3': 9, 'log_learning_rate': -3.870009227142142, 'log_learning_rate_D': -1.5863974221465424, 'log_learning_rate_D_dagger': -4.41461041281746, 'training_batch_size': 7, 'training_p': 3}. Best is trial 11 with value: 0.11609702557325363.
Time for this trial:  976.8090305328369
Memory status after this trial: 
Memory allocated:  2434.47265625
Memory cached:  2446.0
--------------------  Trial  17   --------------------
Start timing: 
Parameters: 
{'W_layers': 5, 'W_layer_units_exponent_0': 5, 'W_layer_units_exponent_1': 8, 'W_layer_units_exponent_2': 6, 'W_layer_units_exponent_3': 4, 'W_layer_units_exponent_4': 8, 'D_layers': 3, 'D_layer_units_exponent_0': 9, 'D_layer_units_exponent_1': 8, 'D_layer_units_exponent_2': 6, 'D_dagger_layers': 4, 'D_dagger_layer_units_exponent_0': 5, 'D_dagger_layer_units_exponent_1': 6, 'D_dagger_layer_units_exponent_2': 8, 'D_dagger_layer_units_exponent_3': 6, 'log_learning_rate': -2.7841442421947167, 'log_learning_rate_D': -2.6878502541033136, 'log_learning_rate_D_dagger': -4.312840644480329, 'training_batch_size': 7, 'training_p': 2}
	 epoch  0 training error:  tensor(0.6120, grad_fn=<ToCopyBackward0>)
Memory status after this epoch: 
Memory allocated:  1295.82568359375
Memory cached:  1338.0
	 epoch  10 training error:  tensor(0.3107, grad_fn=<ToCopyBackward0>)
Memory status after this epoch: 
Memory allocated:  1295.82568359375
Memory cached:  1338.0
	 epoch  20 training error:  tensor(0.2834, grad_fn=<ToCopyBackward0>)
Memory status after this epoch: 
Memory allocated:  1295.82568359375
Memory cached:  1338.0
	 epoch  30 training error:  tensor(0.2493, grad_fn=<ToCopyBackward0>)
Memory status after this epoch: 
Memory allocated:  1295.82568359375
Memory cached:  1338.0
	 epoch  40 training error:  tensor(0.2309, grad_fn=<ToCopyBackward0>)
Memory status after this epoch: 
Memory allocated:  1295.82568359375
Memory cached:  1338.0
	 epoch  50 training error:  tensor(0.2287, grad_fn=<ToCopyBackward0>)
Memory status after this epoch: 
Memory allocated:  1295.82568359375
Memory cached:  1338.0
	 epoch  60 training error:  tensor(0.2283, grad_fn=<ToCopyBackward0>)
Memory status after this epoch: 
Memory allocated:  1295.82568359375
Memory cached:  1338.0
	 epoch  70 training error:  tensor(0.2278, grad_fn=<ToCopyBackward0>)
Memory status after this epoch: 
Memory allocated:  1295.82568359375
Memory cached:  1338.0
	 epoch  80 training error:  tensor(0.2268, grad_fn=<ToCopyBackward0>)
Memory status after this epoch: 
Memory allocated:  1295.82568359375
Memory cached:  1338.0
	 epoch  90 training error:  tensor(0.2154, grad_fn=<ToCopyBackward0>)
Memory status after this epoch: 
Memory allocated:  1295.82568359375
Memory cached:  1338.0
