[I 2024-02-16 19:54:44,572] Trial 35 finished with value: 0.16424615681171417 and parameters: {'W_layers': 2, 'W_layer_units_exponent_0': 9, 'W_layer_units_exponent_1': 10, 'D_layers': 3, 'D_layer_units_exponent_0': 7, 'D_layer_units_exponent_1': 5, 'D_layer_units_exponent_2': 9, 'D_dagger_layers': 2, 'D_dagger_layer_units_exponent_0': 9, 'D_dagger_layer_units_exponent_1': 4, 'log_learning_rate': -4.889043942554582, 'log_learning_rate_D': -2.4102372427685026, 'log_learning_rate_D_dagger': -2.849784844247276, 'training_batch_size': 8, 'training_p': 6}. Best is trial 32 with value: 0.06443101167678833.
Time for this trial:  271.46934628486633
Memory status after this trial: 
Memory allocated:  1148.26904296875
Memory cached:  1190.0
--------------------  Trial  36   --------------------
Start timing: 
Parameters: 
{'W_layers': 3, 'W_layer_units_exponent_0': 7, 'W_layer_units_exponent_1': 10, 'W_layer_units_exponent_2': 4, 'D_layers': 8, 'D_layer_units_exponent_0': 6, 'D_layer_units_exponent_1': 4, 'D_layer_units_exponent_2': 10, 'D_layer_units_exponent_3': 9, 'D_layer_units_exponent_4': 4, 'D_layer_units_exponent_5': 8, 'D_layer_units_exponent_6': 10, 'D_layer_units_exponent_7': 10, 'D_dagger_layers': 3, 'D_dagger_layer_units_exponent_0': 8, 'D_dagger_layer_units_exponent_1': 4, 'D_dagger_layer_units_exponent_2': 9, 'log_learning_rate': -4.632753027073574, 'log_learning_rate_D': -2.6093570823027368, 'log_learning_rate_D_dagger': -2.9709338254154063, 'training_batch_size': 10, 'training_p': 5}
	 epoch  0 training error:  tensor(1.0230, device='cuda:0', grad_fn=<DivBackward0>)
Memory status after this epoch: 
Memory allocated:  639.8564453125
Memory cached:  1066.0
	 epoch  10 training error:  tensor(0.4883, device='cuda:0', grad_fn=<DivBackward0>)
Memory status after this epoch: 
Memory allocated:  639.8564453125
Memory cached:  1058.0
	 epoch  20 training error:  tensor(0.4768, device='cuda:0', grad_fn=<DivBackward0>)
Memory status after this epoch: 
Memory allocated:  639.8564453125
Memory cached:  1058.0
	 epoch  30 training error:  tensor(0.4735, device='cuda:0', grad_fn=<DivBackward0>)
Memory status after this epoch: 
Memory allocated:  639.8564453125
Memory cached:  1060.0
	 epoch  40 training error:  tensor(0.4739, device='cuda:0', grad_fn=<DivBackward0>)
Memory status after this epoch: 
Memory allocated:  639.8564453125
Memory cached:  1058.0
	 epoch  50 training error:  tensor(0.4752, device='cuda:0', grad_fn=<DivBackward0>)
Memory status after this epoch: 
Memory allocated:  639.8564453125
Memory cached:  1058.0
	 epoch  60 training error:  tensor(0.4708, device='cuda:0', grad_fn=<DivBackward0>)
Memory status after this epoch: 
Memory allocated:  639.8564453125
Memory cached:  1058.0
	 epoch  70 training error:  tensor(0.4729, device='cuda:0', grad_fn=<DivBackward0>)
Memory status after this epoch: 
Memory allocated:  639.8564453125
Memory cached:  1058.0
	 epoch  80 training error:  tensor(0.4721, device='cuda:0', grad_fn=<DivBackward0>)
Memory status after this epoch: 
Memory allocated:  639.8564453125
Memory cached:  1058.0
	 epoch  90 training error:  tensor(0.4718, device='cuda:0', grad_fn=<DivBackward0>)
Memory status after this epoch: 
Memory allocated:  639.8564453125
Memory cached:  1058.0
[I 2024-02-16 19:58:42,761] Trial 36 finished with value: 0.36733636260032654 and parameters: {'W_layers': 3, 'W_layer_units_exponent_0': 7, 'W_layer_units_exponent_1': 10, 'W_layer_units_exponent_2': 4, 'D_layers': 8, 'D_layer_units_exponent_0': 6, 'D_layer_units_exponent_1': 4, 'D_layer_units_exponent_2': 10, 'D_layer_units_exponent_3': 9, 'D_layer_units_exponent_4': 4, 'D_layer_units_exponent_5': 8, 'D_layer_units_exponent_6': 10, 'D_layer_units_exponent_7': 10, 'D_dagger_layers': 3, 'D_dagger_layer_units_exponent_0': 8, 'D_dagger_layer_units_exponent_1': 4, 'D_dagger_layer_units_exponent_2': 9, 'log_learning_rate': -4.632753027073574, 'log_learning_rate_D': -2.6093570823027368, 'log_learning_rate_D_dagger': -2.9709338254154063, 'training_batch_size': 10, 'training_p': 5}. Best is trial 32 with value: 0.06443101167678833.
Time for this trial:  237.776216506958
Memory status after this trial: 
Memory allocated:  1827.03857421875
Memory cached:  1862.0
--------------------  Trial  37   --------------------
Start timing: 
Parameters: 
{'W_layers': 2, 'W_layer_units_exponent_0': 7, 'W_layer_units_exponent_1': 6, 'D_layers': 4, 'D_layer_units_exponent_0': 7, 'D_layer_units_exponent_1': 6, 'D_layer_units_exponent_2': 9, 'D_layer_units_exponent_3': 7, 'D_dagger_layers': 2, 'D_dagger_layer_units_exponent_0': 7, 'D_dagger_layer_units_exponent_1': 4, 'log_learning_rate': -4.214176927521076, 'log_learning_rate_D': -2.1192065549505, 'log_learning_rate_D_dagger': -2.545078904749988, 'training_batch_size': 6, 'training_p': 6}
	 epoch  0 training error:  tensor(0.7088, device='cuda:0', grad_fn=<DivBackward0>)
Memory status after this epoch: 
Memory allocated:  609.6494140625
Memory cached:  1014.0
	 epoch  10 training error:  tensor(0.5043, device='cuda:0', grad_fn=<DivBackward0>)
Memory status after this epoch: 
Memory allocated:  609.6494140625
Memory cached:  1014.0
	 epoch  20 training error:  tensor(0.5062, device='cuda:0', grad_fn=<DivBackward0>)
Memory status after this epoch: 
Memory allocated:  609.6494140625
Memory cached:  1014.0
	 epoch  30 training error:  tensor(0.5049, device='cuda:0', grad_fn=<DivBackward0>)
Memory status after this epoch: 
Memory allocated:  609.6494140625
Memory cached:  1014.0
	 epoch  40 training error:  tensor(0.5011, device='cuda:0', grad_fn=<DivBackward0>)
Memory status after this epoch: 
Memory allocated:  609.6494140625
Memory cached:  1014.0
	 epoch  50 training error:  tensor(0.4942, device='cuda:0', grad_fn=<DivBackward0>)
Memory status after this epoch: 
Memory allocated:  609.6494140625
Memory cached:  1014.0
	 epoch  60 training error:  tensor(0.4742, device='cuda:0', grad_fn=<DivBackward0>)
Memory status after this epoch: 
Memory allocated:  609.6494140625
Memory cached:  1014.0
	 epoch  70 training error:  tensor(0.3494, device='cuda:0', grad_fn=<DivBackward0>)
Memory status after this epoch: 
Memory allocated:  609.6494140625
Memory cached:  1014.0
	 epoch  80 training error:  tensor(0.2639, device='cuda:0', grad_fn=<DivBackward0>)
Memory status after this epoch: 
Memory allocated:  609.6494140625
Memory cached:  1014.0
	 epoch  90 training error:  tensor(0.1756, device='cuda:0', grad_fn=<DivBackward0>)
Memory status after this epoch: 
Memory allocated:  609.6494140625
Memory cached:  1014.0
[I 2024-02-16 20:08:00,015] Trial 37 finished with value: 0.10646501928567886 and parameters: {'W_layers': 2, 'W_layer_units_exponent_0': 7, 'W_layer_units_exponent_1': 6, 'D_layers': 4, 'D_layer_units_exponent_0': 7, 'D_layer_units_exponent_1': 6, 'D_layer_units_exponent_2': 9, 'D_layer_units_exponent_3': 7, 'D_dagger_layers': 2, 'D_dagger_layer_units_exponent_0': 7, 'D_dagger_layer_units_exponent_1': 4, 'log_learning_rate': -4.214176927521076, 'log_learning_rate_D': -2.1192065549505, 'log_learning_rate_D_dagger': -2.545078904749988, 'training_batch_size': 6, 'training_p': 6}. Best is trial 32 with value: 0.06443101167678833.
Time for this trial:  556.8784022331238
Memory status after this trial: 
Memory allocated:  850.60595703125
Memory cached:  1014.0
--------------------  Trial  38   --------------------
Start timing: 
Parameters: 
{'W_layers': 4, 'W_layer_units_exponent_0': 8, 'W_layer_units_exponent_1': 9, 'W_layer_units_exponent_2': 4, 'W_layer_units_exponent_3': 10, 'D_layers': 3, 'D_layer_units_exponent_0': 8, 'D_layer_units_exponent_1': 5, 'D_layer_units_exponent_2': 8, 'D_dagger_layers': 3, 'D_dagger_layer_units_exponent_0': 9, 'D_dagger_layer_units_exponent_1': 6, 'D_dagger_layer_units_exponent_2': 8, 'log_learning_rate': -4.940771040566481, 'log_learning_rate_D': -3.0884190516261865, 'log_learning_rate_D_dagger': -3.4051640018380507, 'training_batch_size': 6, 'training_p': 7}
	 epoch  0 training error:  tensor(0.7402, device='cuda:0', grad_fn=<DivBackward0>)
Memory status after this epoch: 
Memory allocated:  611.3076171875
Memory cached:  1016.0
	 epoch  10 training error:  tensor(0.5230, device='cuda:0', grad_fn=<DivBackward0>)
Memory status after this epoch: 
Memory allocated:  611.3076171875
Memory cached:  1032.0
	 epoch  20 training error:  tensor(0.5108, device='cuda:0', grad_fn=<DivBackward0>)
Memory status after this epoch: 
Memory allocated:  611.3076171875
Memory cached:  1036.0
	 epoch  30 training error:  tensor(0.4900, device='cuda:0', grad_fn=<DivBackward0>)
Memory status after this epoch: 
Memory allocated:  611.3076171875
Memory cached:  1040.0
	 epoch  40 training error:  tensor(0.3109, device='cuda:0', grad_fn=<DivBackward0>)
Memory status after this epoch: 
Memory allocated:  611.3076171875
Memory cached:  1038.0
	 epoch  50 training error:  tensor(0.2725, device='cuda:0', grad_fn=<DivBackward0>)
Memory status after this epoch: 
Memory allocated:  611.3076171875
Memory cached:  1044.0
	 epoch  60 training error:  tensor(0.2746, device='cuda:0', grad_fn=<DivBackward0>)
Memory status after this epoch: 
Memory allocated:  611.3076171875
Memory cached:  1044.0
	 epoch  70 training error:  tensor(0.2467, device='cuda:0', grad_fn=<DivBackward0>)
Memory status after this epoch: 
Memory allocated:  611.3076171875
Memory cached:  1040.0
	 epoch  80 training error:  tensor(0.1732, device='cuda:0', grad_fn=<DivBackward0>)
Memory status after this epoch: 
Memory allocated:  611.3076171875
Memory cached:  1044.0
	 epoch  90 training error:  tensor(0.1242, device='cuda:0', grad_fn=<DivBackward0>)
Memory status after this epoch: 
Memory allocated:  611.3076171875
Memory cached:  1044.0
[I 2024-02-16 20:18:54,906] Trial 38 finished with value: 0.09032474458217621 and parameters: {'W_layers': 4, 'W_layer_units_exponent_0': 8, 'W_layer_units_exponent_1': 9, 'W_layer_units_exponent_2': 4, 'W_layer_units_exponent_3': 10, 'D_layers': 3, 'D_layer_units_exponent_0': 8, 'D_layer_units_exponent_1': 5, 'D_layer_units_exponent_2': 8, 'D_dagger_layers': 3, 'D_dagger_layer_units_exponent_0': 9, 'D_dagger_layer_units_exponent_1': 6, 'D_dagger_layer_units_exponent_2': 8, 'log_learning_rate': -4.940771040566481, 'log_learning_rate_D': -3.0884190516261865, 'log_learning_rate_D_dagger': -3.4051640018380507, 'training_batch_size': 6, 'training_p': 7}. Best is trial 32 with value: 0.06443101167678833.
Time for this trial:  654.4973936080933
Memory status after this trial: 
Memory allocated:  1242.22607421875
Memory cached:  1248.0
--------------------  Trial  39   --------------------
Start timing: 
Parameters: 
{'W_layers': 2, 'W_layer_units_exponent_0': 9, 'W_layer_units_exponent_1': 10, 'D_layers': 2, 'D_layer_units_exponent_0': 5, 'D_layer_units_exponent_1': 6, 'D_dagger_layers': 4, 'D_dagger_layer_units_exponent_0': 10, 'D_dagger_layer_units_exponent_1': 5, 'D_dagger_layer_units_exponent_2': 10, 'D_dagger_layer_units_exponent_3': 10, 'log_learning_rate': -4.650904109197004, 'log_learning_rate_D': -3.389962054200458, 'log_learning_rate_D_dagger': -3.002200526748041, 'training_batch_size': 9, 'training_p': 5}
	 epoch  0 training error:  tensor(0.8268, device='cuda:0', grad_fn=<DivBackward0>)
Memory status after this epoch: 
Memory allocated:  633.0126953125
Memory cached:  1056.0
	 epoch  10 training error:  tensor(0.4899, device='cuda:0', grad_fn=<DivBackward0>)
Memory status after this epoch: 
Memory allocated:  633.0126953125
Memory cached:  1062.0
	 epoch  20 training error:  tensor(0.5472, device='cuda:0', grad_fn=<DivBackward0>)
Memory status after this epoch: 
Memory allocated:  633.0126953125
Memory cached:  1060.0
	 epoch  30 training error:  tensor(0.4904, device='cuda:0', grad_fn=<DivBackward0>)
Memory status after this epoch: 
Memory allocated:  633.0126953125
Memory cached:  1060.0
	 epoch  40 training error:  tensor(0.4823, device='cuda:0', grad_fn=<DivBackward0>)
Memory status after this epoch: 
Memory allocated:  633.0126953125
Memory cached:  1060.0
	 epoch  50 training error:  tensor(0.4707, device='cuda:0', grad_fn=<DivBackward0>)
Memory status after this epoch: 
Memory allocated:  633.0126953125
Memory cached:  1060.0
	 epoch  60 training error:  tensor(0.4659, device='cuda:0', grad_fn=<DivBackward0>)
Memory status after this epoch: 
Memory allocated:  633.0126953125
Memory cached:  1060.0
	 epoch  70 training error:  tensor(0.4615, device='cuda:0', grad_fn=<DivBackward0>)
Memory status after this epoch: 
Memory allocated:  633.0126953125
Memory cached:  1060.0
	 epoch  80 training error:  tensor(0.4596, device='cuda:0', grad_fn=<DivBackward0>)
Memory status after this epoch: 
Memory allocated:  633.0126953125
Memory cached:  1060.0
	 epoch  90 training error:  tensor(0.4586, device='cuda:0', grad_fn=<DivBackward0>)
Memory status after this epoch: 
Memory allocated:  633.0126953125
Memory cached:  1060.0
[I 2024-02-16 20:21:36,702] Trial 39 finished with value: 0.3476850688457489 and parameters: {'W_layers': 2, 'W_layer_units_exponent_0': 9, 'W_layer_units_exponent_1': 10, 'D_layers': 2, 'D_layer_units_exponent_0': 5, 'D_layer_units_exponent_1': 6, 'D_dagger_layers': 4, 'D_dagger_layer_units_exponent_0': 10, 'D_dagger_layer_units_exponent_1': 5, 'D_dagger_layer_units_exponent_2': 10, 'D_dagger_layer_units_exponent_3': 10, 'log_learning_rate': -4.650904109197004, 'log_learning_rate_D': -3.389962054200458, 'log_learning_rate_D_dagger': -3.002200526748041, 'training_batch_size': 9, 'training_p': 5}. Best is trial 32 with value: 0.06443101167678833.
Time for this trial:  161.44427824020386
Memory status after this trial: 
Memory allocated:  1567.84326171875
Memory cached:  1662.0
--------------------  Trial  40   --------------------
Start timing: 
Parameters: 
{'W_layers': 3, 'W_layer_units_exponent_0': 7, 'W_layer_units_exponent_1': 10, 'W_layer_units_exponent_2': 10, 'D_layers': 3, 'D_layer_units_exponent_0': 7, 'D_layer_units_exponent_1': 4, 'D_layer_units_exponent_2': 10, 'D_dagger_layers': 2, 'D_dagger_layer_units_exponent_0': 7, 'D_dagger_layer_units_exponent_1': 6, 'log_learning_rate': -4.440109864627686, 'log_learning_rate_D': -2.6660403668851047, 'log_learning_rate_D_dagger': -2.477554766335741, 'training_batch_size': 8, 'training_p': 7}
	 epoch  0 training error:  tensor(0.9980, device='cuda:0', grad_fn=<DivBackward0>)
Memory status after this epoch: 
Memory allocated:  626.2373046875
Memory cached:  1036.0
	 epoch  10 training error:  tensor(0.5403, device='cuda:0', grad_fn=<DivBackward0>)
Memory status after this epoch: 
Memory allocated:  626.2373046875
Memory cached:  1036.0
	 epoch  20 training error:  tensor(0.5234, device='cuda:0', grad_fn=<DivBackward0>)
Memory status after this epoch: 
Memory allocated:  626.2373046875
Memory cached:  1036.0
	 epoch  30 training error:  tensor(0.5208, device='cuda:0', grad_fn=<DivBackward0>)
Memory status after this epoch: 
Memory allocated:  626.2373046875
Memory cached:  1036.0
	 epoch  40 training error:  tensor(0.5160, device='cuda:0', grad_fn=<DivBackward0>)
Memory status after this epoch: 
Memory allocated:  626.2373046875
Memory cached:  1036.0
	 epoch  50 training error:  tensor(0.5165, device='cuda:0', grad_fn=<DivBackward0>)
Memory status after this epoch: 
Memory allocated:  626.2373046875
Memory cached:  1036.0
	 epoch  60 training error:  tensor(0.5114, device='cuda:0', grad_fn=<DivBackward0>)
Memory status after this epoch: 
Memory allocated:  626.2373046875
Memory cached:  1036.0
	 epoch  70 training error:  tensor(0.5218, device='cuda:0', grad_fn=<DivBackward0>)
Memory status after this epoch: 
Memory allocated:  626.2373046875
Memory cached:  1036.0
	 epoch  80 training error:  tensor(0.4883, device='cuda:0', grad_fn=<DivBackward0>)
Memory status after this epoch: 
Memory allocated:  626.2373046875
Memory cached:  1036.0
	 epoch  90 training error:  tensor(0.3868, device='cuda:0', grad_fn=<DivBackward0>)
Memory status after this epoch: 
Memory allocated:  626.2373046875
Memory cached:  1036.0
[I 2024-02-16 20:26:36,034] Trial 40 finished with value: 0.32245656847953796 and parameters: {'W_layers': 3, 'W_layer_units_exponent_0': 7, 'W_layer_units_exponent_1': 10, 'W_layer_units_exponent_2': 10, 'D_layers': 3, 'D_layer_units_exponent_0': 7, 'D_layer_units_exponent_1': 4, 'D_layer_units_exponent_2': 10, 'D_dagger_layers': 2, 'D_dagger_layer_units_exponent_0': 7, 'D_dagger_layer_units_exponent_1': 6, 'log_learning_rate': -4.440109864627686, 'log_learning_rate_D': -2.6660403668851047, 'log_learning_rate_D_dagger': -2.477554766335741, 'training_batch_size': 8, 'training_p': 7}. Best is trial 32 with value: 0.06443101167678833.
Time for this trial:  299.01812052726746
Memory status after this trial: 
Memory allocated:  1306.15966796875
Memory cached:  1324.0
--------------------  Trial  41   --------------------
Start timing: 
Parameters: 
{'W_layers': 4, 'W_layer_units_exponent_0': 8, 'W_layer_units_exponent_1': 9, 'W_layer_units_exponent_2': 4, 'W_layer_units_exponent_3': 10, 'D_layers': 3, 'D_layer_units_exponent_0': 8, 'D_layer_units_exponent_1': 5, 'D_layer_units_exponent_2': 8, 'D_dagger_layers': 3, 'D_dagger_layer_units_exponent_0': 9, 'D_dagger_layer_units_exponent_1': 6, 'D_dagger_layer_units_exponent_2': 8, 'log_learning_rate': -4.956366243630904, 'log_learning_rate_D': -3.1140713656356978, 'log_learning_rate_D_dagger': -3.438617081842484, 'training_batch_size': 6, 'training_p': 8}
	 epoch  0 training error:  tensor(0.7191, device='cuda:0', grad_fn=<DivBackward0>)
Memory status after this epoch: 
Memory allocated:  611.3076171875
Memory cached:  1044.0
	 epoch  10 training error:  tensor(0.5405, device='cuda:0', grad_fn=<DivBackward0>)
Memory status after this epoch: 
Memory allocated:  611.3076171875
Memory cached:  1042.0
	 epoch  20 training error:  tensor(0.5314, device='cuda:0', grad_fn=<DivBackward0>)
Memory status after this epoch: 
Memory allocated:  611.3076171875
Memory cached:  1030.0
	 epoch  30 training error:  tensor(0.4967, device='cuda:0', grad_fn=<DivBackward0>)
Memory status after this epoch: 
Memory allocated:  611.3076171875
Memory cached:  1042.0
	 epoch  40 training error:  tensor(0.3097, device='cuda:0', grad_fn=<DivBackward0>)
Memory status after this epoch: 
Memory allocated:  611.3076171875
Memory cached:  1042.0
	 epoch  50 training error:  tensor(0.2489, device='cuda:0', grad_fn=<DivBackward0>)
Memory status after this epoch: 
Memory allocated:  611.3076171875
Memory cached:  1040.0
	 epoch  60 training error:  tensor(0.1468, device='cuda:0', grad_fn=<DivBackward0>)
Memory status after this epoch: 
Memory allocated:  611.3076171875
Memory cached:  1040.0
	 epoch  70 training error:  tensor(0.1111, device='cuda:0', grad_fn=<DivBackward0>)
Memory status after this epoch: 
Memory allocated:  611.3076171875
Memory cached:  1036.0
	 epoch  80 training error:  tensor(0.1093, device='cuda:0', grad_fn=<DivBackward0>)
Memory status after this epoch: 
Memory allocated:  611.3076171875
Memory cached:  1032.0
	 epoch  90 training error:  tensor(0.0930, device='cuda:0', grad_fn=<DivBackward0>)
Memory status after this epoch: 
Memory allocated:  611.3076171875
Memory cached:  1036.0
