[I 2023-12-03 03:04:54,346] Trial 22 finished with value: 0.054773177951574326 and parameters: {'W_layers': 6, 'W_layer_units_exponent_0': 7, 'W_layer_units_exponent_1': 6, 'W_layer_units_exponent_2': 6, 'W_layer_units_exponent_3': 6, 'W_layer_units_exponent_4': 9, 'W_layer_units_exponent_5': 7, 'D_layers': 5, 'D_layer_units_exponent_0': 10, 'D_layer_units_exponent_1': 5, 'D_layer_units_exponent_2': 6, 'D_layer_units_exponent_3': 5, 'D_layer_units_exponent_4': 9, 'D_dagger_layers': 5, 'D_dagger_layer_units_exponent_0': 9, 'D_dagger_layer_units_exponent_1': 10, 'D_dagger_layer_units_exponent_2': 9, 'D_dagger_layer_units_exponent_3': 5, 'D_dagger_layer_units_exponent_4': 4, 'log_learning_rate': -2.9843802227264553, 'log_learning_rate_D': -2.3337067751459357, 'log_learning_rate_D_dagger': -3.789032185315974, 'training_batch_size': 7, 'training_p': 2}. Best is trial 21 with value: 0.043347932398319244.
Time for this trial:  216.059237241745
Memory status after this trial: 
Memory allocated:  443.04638671875
Memory cached:  458.0
--------------------  Trial  23   --------------------
Start timing: 
Parameters: 
{'W_layers': 4, 'W_layer_units_exponent_0': 8, 'W_layer_units_exponent_1': 5, 'W_layer_units_exponent_2': 5, 'W_layer_units_exponent_3': 5, 'D_layers': 4, 'D_layer_units_exponent_0': 9, 'D_layer_units_exponent_1': 6, 'D_layer_units_exponent_2': 4, 'D_layer_units_exponent_3': 8, 'D_dagger_layers': 3, 'D_dagger_layer_units_exponent_0': 8, 'D_dagger_layer_units_exponent_1': 9, 'D_dagger_layer_units_exponent_2': 10, 'log_learning_rate': -2.0703639375058973, 'log_learning_rate_D': -2.648500434399614, 'log_learning_rate_D_dagger': -3.419162416546099, 'training_batch_size': 6, 'training_p': 4}
	 epoch  0 training error:  tensor(2.3464, device='cuda:0', grad_fn=<DivBackward0>)
Memory status after this epoch: 
Memory allocated:  197.765625
Memory cached:  386.0
	 epoch  10 training error:  tensor(0.1725, device='cuda:0', grad_fn=<DivBackward0>)
Memory status after this epoch: 
Memory allocated:  197.765625
Memory cached:  390.0
	 epoch  20 training error:  tensor(0.0688, device='cuda:0', grad_fn=<DivBackward0>)
Memory status after this epoch: 
Memory allocated:  197.765625
Memory cached:  388.0
	 epoch  30 training error:  tensor(0.0962, device='cuda:0', grad_fn=<DivBackward0>)
Memory status after this epoch: 
Memory allocated:  197.765625
Memory cached:  390.0
	 epoch  40 training error:  tensor(0.0905, device='cuda:0', grad_fn=<DivBackward0>)
Memory status after this epoch: 
Memory allocated:  197.765625
Memory cached:  388.0
	 epoch  50 training error:  tensor(0.0861, device='cuda:0', grad_fn=<DivBackward0>)
Memory status after this epoch: 
Memory allocated:  197.765625
Memory cached:  390.0
	 epoch  60 training error:  tensor(0.0750, device='cuda:0', grad_fn=<DivBackward0>)
Memory status after this epoch: 
Memory allocated:  197.765625
Memory cached:  388.0
	 epoch  70 training error:  tensor(0.0813, device='cuda:0', grad_fn=<DivBackward0>)
Memory status after this epoch: 
Memory allocated:  197.765625
Memory cached:  390.0
	 epoch  80 training error:  tensor(0.0707, device='cuda:0', grad_fn=<DivBackward0>)
Memory status after this epoch: 
Memory allocated:  197.765625
Memory cached:  388.0
	 epoch  90 training error:  tensor(0.0553, device='cuda:0', grad_fn=<DivBackward0>)
Memory status after this epoch: 
Memory allocated:  197.765625
Memory cached:  392.0
[I 2023-12-03 03:09:41,725] Trial 23 finished with value: 0.04280778393149376 and parameters: {'W_layers': 4, 'W_layer_units_exponent_0': 8, 'W_layer_units_exponent_1': 5, 'W_layer_units_exponent_2': 5, 'W_layer_units_exponent_3': 5, 'D_layers': 4, 'D_layer_units_exponent_0': 9, 'D_layer_units_exponent_1': 6, 'D_layer_units_exponent_2': 4, 'D_layer_units_exponent_3': 8, 'D_dagger_layers': 3, 'D_dagger_layer_units_exponent_0': 8, 'D_dagger_layer_units_exponent_1': 9, 'D_dagger_layer_units_exponent_2': 10, 'log_learning_rate': -2.0703639375058973, 'log_learning_rate_D': -2.648500434399614, 'log_learning_rate_D_dagger': -3.419162416546099, 'training_batch_size': 6, 'training_p': 4}. Best is trial 23 with value: 0.04280778393149376.
res:  tensor(0.0428, device='cuda:0', grad_fn=<DivBackward0>)
self.bestValue:  tensor(0.0433, device='cuda:0', grad_fn=<DivBackward0>)
Save this model!
Time for this trial:  287.12332224845886
Memory status after this trial: 
Memory allocated:  155.3916015625
Memory cached:  368.0
--------------------  Trial  24   --------------------
Start timing: 
Parameters: 
{'W_layers': 4, 'W_layer_units_exponent_0': 7, 'W_layer_units_exponent_1': 5, 'W_layer_units_exponent_2': 4, 'W_layer_units_exponent_3': 5, 'D_layers': 3, 'D_layer_units_exponent_0': 9, 'D_layer_units_exponent_1': 6, 'D_layer_units_exponent_2': 4, 'D_dagger_layers': 3, 'D_dagger_layer_units_exponent_0': 8, 'D_dagger_layer_units_exponent_1': 10, 'D_dagger_layer_units_exponent_2': 8, 'log_learning_rate': -2.1412870058077518, 'log_learning_rate_D': -1.658844960127006, 'log_learning_rate_D_dagger': -3.4412199970822415, 'training_batch_size': 7, 'training_p': 2}
	 epoch  0 training error:  tensor(1.7000, device='cuda:0', grad_fn=<DivBackward0>)
Memory status after this epoch: 
Memory allocated:  164.048828125
Memory cached:  372.0
	 epoch  10 training error:  tensor(0.3327, device='cuda:0', grad_fn=<DivBackward0>)
Memory status after this epoch: 
Memory allocated:  164.048828125
Memory cached:  392.0
	 epoch  20 training error:  tensor(0.1367, device='cuda:0', grad_fn=<DivBackward0>)
Memory status after this epoch: 
Memory allocated:  164.048828125
Memory cached:  400.0
	 epoch  30 training error:  tensor(0.1275, device='cuda:0', grad_fn=<DivBackward0>)
Memory status after this epoch: 
Memory allocated:  164.048828125
Memory cached:  396.0
	 epoch  40 training error:  tensor(0.1129, device='cuda:0', grad_fn=<DivBackward0>)
Memory status after this epoch: 
Memory allocated:  164.048828125
Memory cached:  402.0
	 epoch  50 training error:  tensor(0.1106, device='cuda:0', grad_fn=<DivBackward0>)
Memory status after this epoch: 
Memory allocated:  164.048828125
Memory cached:  404.0
	 epoch  60 training error:  tensor(0.1085, device='cuda:0', grad_fn=<DivBackward0>)
Memory status after this epoch: 
Memory allocated:  164.048828125
Memory cached:  400.0
	 epoch  70 training error:  tensor(0.1013, device='cuda:0', grad_fn=<DivBackward0>)
Memory status after this epoch: 
Memory allocated:  164.048828125
Memory cached:  400.0
	 epoch  80 training error:  tensor(0.1086, device='cuda:0', grad_fn=<DivBackward0>)
Memory status after this epoch: 
Memory allocated:  164.048828125
Memory cached:  400.0
	 epoch  90 training error:  tensor(0.1002, device='cuda:0', grad_fn=<DivBackward0>)
Memory status after this epoch: 
Memory allocated:  164.048828125
Memory cached:  394.0
[I 2023-12-03 03:12:15,691] Trial 24 finished with value: 0.12151365727186203 and parameters: {'W_layers': 4, 'W_layer_units_exponent_0': 7, 'W_layer_units_exponent_1': 5, 'W_layer_units_exponent_2': 4, 'W_layer_units_exponent_3': 5, 'D_layers': 3, 'D_layer_units_exponent_0': 9, 'D_layer_units_exponent_1': 6, 'D_layer_units_exponent_2': 4, 'D_dagger_layers': 3, 'D_dagger_layer_units_exponent_0': 8, 'D_dagger_layer_units_exponent_1': 10, 'D_dagger_layer_units_exponent_2': 8, 'log_learning_rate': -2.1412870058077518, 'log_learning_rate_D': -1.658844960127006, 'log_learning_rate_D_dagger': -3.4412199970822415, 'training_batch_size': 7, 'training_p': 2}. Best is trial 23 with value: 0.04280778393149376.
Time for this trial:  153.7755811214447
Memory status after this trial: 
Memory allocated:  282.44189453125
Memory cached:  382.0
--------------------  Trial  25   --------------------
Start timing: 
Parameters: 
{'W_layers': 4, 'W_layer_units_exponent_0': 9, 'W_layer_units_exponent_1': 5, 'W_layer_units_exponent_2': 9, 'W_layer_units_exponent_3': 5, 'D_layers': 5, 'D_layer_units_exponent_0': 9, 'D_layer_units_exponent_1': 5, 'D_layer_units_exponent_2': 4, 'D_layer_units_exponent_3': 8, 'D_layer_units_exponent_4': 8, 'D_dagger_layers': 2, 'D_dagger_layer_units_exponent_0': 7, 'D_dagger_layer_units_exponent_1': 9, 'log_learning_rate': -2.181095205387606, 'log_learning_rate_D': -2.1649548872101594, 'log_learning_rate_D_dagger': -3.5404809082417175, 'training_batch_size': 10, 'training_p': 5}
	 epoch  0 training error:  tensor(2.9609, device='cuda:0', grad_fn=<DivBackward0>)
Memory status after this epoch: 
Memory allocated:  158.537109375
Memory cached:  366.0
	 epoch  10 training error:  tensor(4.2564, device='cuda:0', grad_fn=<DivBackward0>)
Memory status after this epoch: 
Memory allocated:  158.537109375
Memory cached:  380.0
	 epoch  20 training error:  tensor(0.2233, device='cuda:0', grad_fn=<DivBackward0>)
Memory status after this epoch: 
Memory allocated:  158.537109375
Memory cached:  380.0
	 epoch  30 training error:  tensor(0.1323, device='cuda:0', grad_fn=<DivBackward0>)
Memory status after this epoch: 
Memory allocated:  158.537109375
Memory cached:  380.0
	 epoch  40 training error:  tensor(0.1298, device='cuda:0', grad_fn=<DivBackward0>)
Memory status after this epoch: 
Memory allocated:  158.537109375
Memory cached:  380.0
	 epoch  50 training error:  tensor(0.1231, device='cuda:0', grad_fn=<DivBackward0>)
Memory status after this epoch: 
Memory allocated:  158.537109375
Memory cached:  378.0
	 epoch  60 training error:  tensor(0.1136, device='cuda:0', grad_fn=<DivBackward0>)
Memory status after this epoch: 
Memory allocated:  158.537109375
Memory cached:  380.0
	 epoch  70 training error:  tensor(0.1073, device='cuda:0', grad_fn=<DivBackward0>)
Memory status after this epoch: 
Memory allocated:  158.537109375
Memory cached:  378.0
	 epoch  80 training error:  tensor(0.0922, device='cuda:0', grad_fn=<DivBackward0>)
Memory status after this epoch: 
Memory allocated:  158.537109375
Memory cached:  380.0
	 epoch  90 training error:  tensor(0.1034, device='cuda:0', grad_fn=<DivBackward0>)
Memory status after this epoch: 
Memory allocated:  158.537109375
Memory cached:  380.0
[I 2023-12-03 03:15:00,930] Trial 25 finished with value: 0.08026125282049179 and parameters: {'W_layers': 4, 'W_layer_units_exponent_0': 9, 'W_layer_units_exponent_1': 5, 'W_layer_units_exponent_2': 9, 'W_layer_units_exponent_3': 5, 'D_layers': 5, 'D_layer_units_exponent_0': 9, 'D_layer_units_exponent_1': 5, 'D_layer_units_exponent_2': 4, 'D_layer_units_exponent_3': 8, 'D_layer_units_exponent_4': 8, 'D_dagger_layers': 2, 'D_dagger_layer_units_exponent_0': 7, 'D_dagger_layer_units_exponent_1': 9, 'log_learning_rate': -2.181095205387606, 'log_learning_rate_D': -2.1649548872101594, 'log_learning_rate_D_dagger': -3.5404809082417175, 'training_batch_size': 10, 'training_p': 5}. Best is trial 23 with value: 0.04280778393149376.
Time for this trial:  165.01830196380615
Memory status after this trial: 
Memory allocated:  300.29736328125
Memory cached:  374.0
--------------------  Trial  26   --------------------
Start timing: 
Parameters: 
{'W_layers': 3, 'W_layer_units_exponent_0': 6, 'W_layer_units_exponent_1': 6, 'W_layer_units_exponent_2': 6, 'D_layers': 4, 'D_layer_units_exponent_0': 8, 'D_layer_units_exponent_1': 6, 'D_layer_units_exponent_2': 5, 'D_layer_units_exponent_3': 8, 'D_dagger_layers': 3, 'D_dagger_layer_units_exponent_0': 8, 'D_dagger_layer_units_exponent_1': 10, 'D_dagger_layer_units_exponent_2': 5, 'log_learning_rate': -1.656085423930746, 'log_learning_rate_D': -3.065400800538446, 'log_learning_rate_D_dagger': -4.209942723179097, 'training_batch_size': 6, 'training_p': 4}
	 epoch  0 training error:  tensor(4.1368, device='cuda:0', grad_fn=<DivBackward0>)
Memory status after this epoch: 
Memory allocated:  160.4990234375
Memory cached:  366.0
	 epoch  10 training error:  tensor(0.6870, device='cuda:0', grad_fn=<DivBackward0>)
Memory status after this epoch: 
Memory allocated:  160.4990234375
Memory cached:  366.0
	 epoch  20 training error:  tensor(0.1478, device='cuda:0', grad_fn=<DivBackward0>)
Memory status after this epoch: 
Memory allocated:  160.4990234375
Memory cached:  366.0
	 epoch  30 training error:  tensor(0.0656, device='cuda:0', grad_fn=<DivBackward0>)
Memory status after this epoch: 
Memory allocated:  160.4990234375
Memory cached:  366.0
	 epoch  40 training error:  tensor(0.0631, device='cuda:0', grad_fn=<DivBackward0>)
Memory status after this epoch: 
Memory allocated:  160.4990234375
Memory cached:  366.0
	 epoch  50 training error:  tensor(0.0699, device='cuda:0', grad_fn=<DivBackward0>)
Memory status after this epoch: 
Memory allocated:  160.4990234375
Memory cached:  366.0
	 epoch  60 training error:  tensor(0.0530, device='cuda:0', grad_fn=<DivBackward0>)
Memory status after this epoch: 
Memory allocated:  160.4990234375
Memory cached:  366.0
	 epoch  70 training error:  tensor(0.0638, device='cuda:0', grad_fn=<DivBackward0>)
Memory status after this epoch: 
Memory allocated:  160.4990234375
Memory cached:  366.0
	 epoch  80 training error:  tensor(0.0566, device='cuda:0', grad_fn=<DivBackward0>)
Memory status after this epoch: 
Memory allocated:  160.4990234375
Memory cached:  366.0
	 epoch  90 training error:  tensor(0.0416, device='cuda:0', grad_fn=<DivBackward0>)
Memory status after this epoch: 
Memory allocated:  160.4990234375
Memory cached:  366.0
[I 2023-12-03 03:19:29,338] Trial 26 finished with value: 0.0559159517288208 and parameters: {'W_layers': 3, 'W_layer_units_exponent_0': 6, 'W_layer_units_exponent_1': 6, 'W_layer_units_exponent_2': 6, 'D_layers': 4, 'D_layer_units_exponent_0': 8, 'D_layer_units_exponent_1': 6, 'D_layer_units_exponent_2': 5, 'D_layer_units_exponent_3': 8, 'D_dagger_layers': 3, 'D_dagger_layer_units_exponent_0': 8, 'D_dagger_layer_units_exponent_1': 10, 'D_dagger_layer_units_exponent_2': 5, 'log_learning_rate': -1.656085423930746, 'log_learning_rate_D': -3.065400800538446, 'log_learning_rate_D_dagger': -4.209942723179097, 'training_batch_size': 6, 'training_p': 4}. Best is trial 23 with value: 0.04280778393149376.
Time for this trial:  268.1488206386566
Memory status after this trial: 
Memory allocated:  268.068359375
Memory cached:  366.0
--------------------  Trial  27   --------------------
Start timing: 
Parameters: 
{'W_layers': 4, 'W_layer_units_exponent_0': 8, 'W_layer_units_exponent_1': 4, 'W_layer_units_exponent_2': 7, 'W_layer_units_exponent_3': 4, 'D_layers': 2, 'D_layer_units_exponent_0': 6, 'D_layer_units_exponent_1': 5, 'D_dagger_layers': 4, 'D_dagger_layer_units_exponent_0': 6, 'D_dagger_layer_units_exponent_1': 9, 'D_dagger_layer_units_exponent_2': 7, 'D_dagger_layer_units_exponent_3': 5, 'log_learning_rate': -1.5757539047858458, 'log_learning_rate_D': -2.5723837584962044, 'log_learning_rate_D_dagger': -3.36971733890093, 'training_batch_size': 8, 'training_p': 7}
	 epoch  0 training error:  tensor(0.7737, device='cuda:0', grad_fn=<DivBackward0>)
Memory status after this epoch: 
Memory allocated:  157.13671875
Memory cached:  366.0
	 epoch  10 training error:  tensor(0.3093, device='cuda:0', grad_fn=<DivBackward0>)
Memory status after this epoch: 
Memory allocated:  157.13671875
Memory cached:  366.0
	 epoch  20 training error:  tensor(0.2514, device='cuda:0', grad_fn=<DivBackward0>)
Memory status after this epoch: 
Memory allocated:  157.13671875
Memory cached:  372.0
	 epoch  30 training error:  tensor(0.1307, device='cuda:0', grad_fn=<DivBackward0>)
Memory status after this epoch: 
Memory allocated:  157.13671875
Memory cached:  366.0
	 epoch  40 training error:  tensor(0.1626, device='cuda:0', grad_fn=<DivBackward0>)
Memory status after this epoch: 
Memory allocated:  157.13671875
Memory cached:  366.0
	 epoch  50 training error:  tensor(0.0764, device='cuda:0', grad_fn=<DivBackward0>)
Memory status after this epoch: 
Memory allocated:  157.13671875
Memory cached:  368.0
	 epoch  60 training error:  tensor(0.0662, device='cuda:0', grad_fn=<DivBackward0>)
Memory status after this epoch: 
Memory allocated:  157.13671875
Memory cached:  366.0
	 epoch  70 training error:  tensor(0.0569, device='cuda:0', grad_fn=<DivBackward0>)
Memory status after this epoch: 
Memory allocated:  157.13671875
Memory cached:  366.0
	 epoch  80 training error:  tensor(0.0543, device='cuda:0', grad_fn=<DivBackward0>)
Memory status after this epoch: 
Memory allocated:  157.13671875
Memory cached:  366.0
	 epoch  90 training error:  tensor(0.0534, device='cuda:0', grad_fn=<DivBackward0>)
Memory status after this epoch: 
Memory allocated:  157.13671875
Memory cached:  366.0
[I 2023-12-03 03:21:55,913] Trial 27 finished with value: 0.04545953497290611 and parameters: {'W_layers': 4, 'W_layer_units_exponent_0': 8, 'W_layer_units_exponent_1': 4, 'W_layer_units_exponent_2': 7, 'W_layer_units_exponent_3': 4, 'D_layers': 2, 'D_layer_units_exponent_0': 6, 'D_layer_units_exponent_1': 5, 'D_dagger_layers': 4, 'D_dagger_layer_units_exponent_0': 6, 'D_dagger_layer_units_exponent_1': 9, 'D_dagger_layer_units_exponent_2': 7, 'D_dagger_layer_units_exponent_3': 5, 'log_learning_rate': -1.5757539047858458, 'log_learning_rate_D': -2.5723837584962044, 'log_learning_rate_D_dagger': -3.36971733890093, 'training_batch_size': 8, 'training_p': 7}. Best is trial 23 with value: 0.04280778393149376.
Time for this trial:  146.33623814582825
Memory status after this trial: 
Memory allocated:  222.85693359375
Memory cached:  366.0
--------------------  Trial  28   --------------------
Start timing: 
Parameters: 
{'W_layers': 6, 'W_layer_units_exponent_0': 5, 'W_layer_units_exponent_1': 5, 'W_layer_units_exponent_2': 8, 'W_layer_units_exponent_3': 6, 'W_layer_units_exponent_4': 6, 'W_layer_units_exponent_5': 4, 'D_layers': 3, 'D_layer_units_exponent_0': 9, 'D_layer_units_exponent_1': 7, 'D_layer_units_exponent_2': 4, 'D_dagger_layers': 2, 'D_dagger_layer_units_exponent_0': 7, 'D_dagger_layer_units_exponent_1': 10, 'log_learning_rate': -3.146614349460827, 'log_learning_rate_D': -1.9817456897917742, 'log_learning_rate_D_dagger': -3.7334819733074203, 'training_batch_size': 7, 'training_p': 3}
	 epoch  0 training error:  tensor(0.8408, device='cuda:0', grad_fn=<DivBackward0>)
Memory status after this epoch: 
Memory allocated:  158.9609375
Memory cached:  366.0
	 epoch  10 training error:  tensor(0.1032, device='cuda:0', grad_fn=<DivBackward0>)
Memory status after this epoch: 
Memory allocated:  158.9609375
Memory cached:  388.0
	 epoch  20 training error:  tensor(0.0734, device='cuda:0', grad_fn=<DivBackward0>)
Memory status after this epoch: 
Memory allocated:  158.9609375
Memory cached:  380.0
	 epoch  30 training error:  tensor(0.0639, device='cuda:0', grad_fn=<DivBackward0>)
Memory status after this epoch: 
Memory allocated:  158.9609375
Memory cached:  386.0
	 epoch  40 training error:  tensor(0.0810, device='cuda:0', grad_fn=<DivBackward0>)
Memory status after this epoch: 
Memory allocated:  158.9609375
Memory cached:  396.0
	 epoch  50 training error:  tensor(0.0593, device='cuda:0', grad_fn=<DivBackward0>)
Memory status after this epoch: 
Memory allocated:  158.9609375
Memory cached:  382.0
	 epoch  60 training error:  tensor(0.0528, device='cuda:0', grad_fn=<DivBackward0>)
Memory status after this epoch: 
Memory allocated:  158.9609375
Memory cached:  384.0
	 epoch  70 training error:  tensor(0.0639, device='cuda:0', grad_fn=<DivBackward0>)
Memory status after this epoch: 
Memory allocated:  158.9609375
Memory cached:  386.0
	 epoch  80 training error:  tensor(0.0476, device='cuda:0', grad_fn=<DivBackward0>)
Memory status after this epoch: 
Memory allocated:  158.9609375
Memory cached:  392.0
	 epoch  90 training error:  tensor(0.0521, device='cuda:0', grad_fn=<DivBackward0>)
Memory status after this epoch: 
Memory allocated:  158.9609375
Memory cached:  386.0
