[I 2024-02-17 01:40:19,923] Trial 65 finished with value: 0.08293058723211288 and parameters: {'W_layers': 2, 'W_layer_units_exponent_0': 4, 'W_layer_units_exponent_1': 7, 'D_layers': 2, 'D_layer_units_exponent_0': 9, 'D_layer_units_exponent_1': 9, 'D_dagger_layers': 2, 'D_dagger_layer_units_exponent_0': 4, 'D_dagger_layer_units_exponent_1': 5, 'log_learning_rate': -4.057731245545343, 'log_learning_rate_D': -4.082714431748148, 'log_learning_rate_D_dagger': -2.7045725102419986, 'training_batch_size': 11, 'training_p': 2}. Best is trial 10 with value: 0.07346499711275101.
Time for this trial:  132.8540632724762
Memory status after this trial: 
Memory allocated:  622.59814453125
Memory cached:  1026.0
--------------------  Trial  66   --------------------
Start timing: 
Parameters: 
{'W_layers': 6, 'W_layer_units_exponent_0': 5, 'W_layer_units_exponent_1': 6, 'W_layer_units_exponent_2': 8, 'W_layer_units_exponent_3': 4, 'W_layer_units_exponent_4': 7, 'W_layer_units_exponent_5': 7, 'D_layers': 3, 'D_layer_units_exponent_0': 8, 'D_layer_units_exponent_1': 10, 'D_layer_units_exponent_2': 10, 'D_dagger_layers': 2, 'D_dagger_layer_units_exponent_0': 5, 'D_dagger_layer_units_exponent_1': 10, 'log_learning_rate': -4.627435010286432, 'log_learning_rate_D': -4.590857835803996, 'log_learning_rate_D_dagger': -3.1434009558467464, 'training_batch_size': 6, 'training_p': 3}
	 epoch  0 training error:  tensor(0.6406, device='cuda:0', grad_fn=<DivBackward0>)
Memory status after this epoch: 
Memory allocated:  404.2216796875
Memory cached:  1046.0
	 epoch  10 training error:  tensor(0.1284, device='cuda:0', grad_fn=<DivBackward0>)
Memory status after this epoch: 
Memory allocated:  404.2216796875
Memory cached:  1046.0
	 epoch  20 training error:  tensor(0.1032, device='cuda:0', grad_fn=<DivBackward0>)
Memory status after this epoch: 
Memory allocated:  404.2216796875
Memory cached:  1046.0
	 epoch  30 training error:  tensor(0.1066, device='cuda:0', grad_fn=<DivBackward0>)
Memory status after this epoch: 
Memory allocated:  404.2216796875
Memory cached:  1046.0
	 epoch  40 training error:  tensor(0.1038, device='cuda:0', grad_fn=<DivBackward0>)
Memory status after this epoch: 
Memory allocated:  404.2216796875
Memory cached:  1046.0
	 epoch  50 training error:  tensor(0.1012, device='cuda:0', grad_fn=<DivBackward0>)
Memory status after this epoch: 
Memory allocated:  404.2216796875
Memory cached:  1046.0
	 epoch  60 training error:  tensor(0.0983, device='cuda:0', grad_fn=<DivBackward0>)
Memory status after this epoch: 
Memory allocated:  404.2216796875
Memory cached:  1046.0
	 epoch  70 training error:  tensor(0.0904, device='cuda:0', grad_fn=<DivBackward0>)
Memory status after this epoch: 
Memory allocated:  404.2216796875
Memory cached:  1046.0
	 epoch  80 training error:  tensor(0.0853, device='cuda:0', grad_fn=<DivBackward0>)
Memory status after this epoch: 
Memory allocated:  404.2216796875
Memory cached:  1046.0
	 epoch  90 training error:  tensor(0.0879, device='cuda:0', grad_fn=<DivBackward0>)
Memory status after this epoch: 
Memory allocated:  404.2216796875
Memory cached:  1046.0
[I 2024-02-17 01:51:43,556] Trial 66 finished with value: 0.07416483014822006 and parameters: {'W_layers': 6, 'W_layer_units_exponent_0': 5, 'W_layer_units_exponent_1': 6, 'W_layer_units_exponent_2': 8, 'W_layer_units_exponent_3': 4, 'W_layer_units_exponent_4': 7, 'W_layer_units_exponent_5': 7, 'D_layers': 3, 'D_layer_units_exponent_0': 8, 'D_layer_units_exponent_1': 10, 'D_layer_units_exponent_2': 10, 'D_dagger_layers': 2, 'D_dagger_layer_units_exponent_0': 5, 'D_dagger_layer_units_exponent_1': 10, 'log_learning_rate': -4.627435010286432, 'log_learning_rate_D': -4.590857835803996, 'log_learning_rate_D_dagger': -3.1434009558467464, 'training_batch_size': 6, 'training_p': 3}. Best is trial 10 with value: 0.07346499711275101.
Time for this trial:  683.2431194782257
Memory status after this trial: 
Memory allocated:  1174.10302734375
Memory cached:  1192.0
--------------------  Trial  67   --------------------
Start timing: 
Parameters: 
{'W_layers': 4, 'W_layer_units_exponent_0': 5, 'W_layer_units_exponent_1': 6, 'W_layer_units_exponent_2': 9, 'W_layer_units_exponent_3': 4, 'D_layers': 3, 'D_layer_units_exponent_0': 7, 'D_layer_units_exponent_1': 10, 'D_layer_units_exponent_2': 10, 'D_dagger_layers': 2, 'D_dagger_layer_units_exponent_0': 5, 'D_dagger_layer_units_exponent_1': 10, 'log_learning_rate': -4.208238891753436, 'log_learning_rate_D': -4.53919869634293, 'log_learning_rate_D_dagger': -3.127700536353344, 'training_batch_size': 6, 'training_p': 3}
	 epoch  0 training error:  tensor(0.6215, device='cuda:0', grad_fn=<DivBackward0>)
Memory status after this epoch: 
Memory allocated:  402.2490234375
Memory cached:  1046.0
	 epoch  10 training error:  tensor(0.1270, device='cuda:0', grad_fn=<DivBackward0>)
Memory status after this epoch: 
Memory allocated:  402.2490234375
Memory cached:  1046.0
	 epoch  20 training error:  tensor(0.1007, device='cuda:0', grad_fn=<DivBackward0>)
Memory status after this epoch: 
Memory allocated:  402.2490234375
Memory cached:  1046.0
	 epoch  30 training error:  tensor(0.1022, device='cuda:0', grad_fn=<DivBackward0>)
Memory status after this epoch: 
Memory allocated:  402.2490234375
Memory cached:  1046.0
	 epoch  40 training error:  tensor(0.1015, device='cuda:0', grad_fn=<DivBackward0>)
Memory status after this epoch: 
Memory allocated:  402.2490234375
Memory cached:  1046.0
	 epoch  50 training error:  tensor(0.0945, device='cuda:0', grad_fn=<DivBackward0>)
Memory status after this epoch: 
Memory allocated:  402.2490234375
Memory cached:  1046.0
	 epoch  60 training error:  tensor(0.0857, device='cuda:0', grad_fn=<DivBackward0>)
Memory status after this epoch: 
Memory allocated:  402.2490234375
Memory cached:  1046.0
	 epoch  70 training error:  tensor(0.0917, device='cuda:0', grad_fn=<DivBackward0>)
Memory status after this epoch: 
Memory allocated:  402.2490234375
Memory cached:  1046.0
	 epoch  80 training error:  tensor(0.1013, device='cuda:0', grad_fn=<DivBackward0>)
Memory status after this epoch: 
Memory allocated:  402.2490234375
Memory cached:  1046.0
	 epoch  90 training error:  tensor(0.0831, device='cuda:0', grad_fn=<DivBackward0>)
Memory status after this epoch: 
Memory allocated:  402.2490234375
Memory cached:  1046.0
[I 2024-02-17 02:01:56,893] Trial 67 finished with value: 0.07194268703460693 and parameters: {'W_layers': 4, 'W_layer_units_exponent_0': 5, 'W_layer_units_exponent_1': 6, 'W_layer_units_exponent_2': 9, 'W_layer_units_exponent_3': 4, 'D_layers': 3, 'D_layer_units_exponent_0': 7, 'D_layer_units_exponent_1': 10, 'D_layer_units_exponent_2': 10, 'D_dagger_layers': 2, 'D_dagger_layer_units_exponent_0': 5, 'D_dagger_layer_units_exponent_1': 10, 'log_learning_rate': -4.208238891753436, 'log_learning_rate_D': -4.53919869634293, 'log_learning_rate_D_dagger': -3.127700536353344, 'training_batch_size': 6, 'training_p': 3}. Best is trial 67 with value: 0.07194268703460693.
res:  tensor(0.0719, device='cuda:0', grad_fn=<DivBackward0>)
self.bestValue:  tensor(0.0735, device='cuda:0', grad_fn=<DivBackward0>)
Save this model!
Time for this trial:  612.9172143936157
Memory status after this trial: 
Memory allocated:  766.87255859375
Memory cached:  1164.0
--------------------  Trial  68   --------------------
Start timing: 
Parameters: 
{'W_layers': 4, 'W_layer_units_exponent_0': 5, 'W_layer_units_exponent_1': 6, 'W_layer_units_exponent_2': 9, 'W_layer_units_exponent_3': 4, 'D_layers': 3, 'D_layer_units_exponent_0': 7, 'D_layer_units_exponent_1': 10, 'D_layer_units_exponent_2': 10, 'D_dagger_layers': 3, 'D_dagger_layer_units_exponent_0': 6, 'D_dagger_layer_units_exponent_1': 10, 'D_dagger_layer_units_exponent_2': 10, 'log_learning_rate': -4.1499128466032, 'log_learning_rate_D': -4.571527816049949, 'log_learning_rate_D_dagger': -3.094721092719584, 'training_batch_size': 7, 'training_p': 4}
	 epoch  0 training error:  tensor(1.7019, device='cuda:0', grad_fn=<DivBackward0>)
Memory status after this epoch: 
Memory allocated:  802.57421875
Memory cached:  1182.0
	 epoch  10 training error:  tensor(0.1342, device='cuda:0', grad_fn=<DivBackward0>)
Memory status after this epoch: 
Memory allocated:  802.57421875
Memory cached:  1188.0
	 epoch  20 training error:  tensor(0.1324, device='cuda:0', grad_fn=<DivBackward0>)
Memory status after this epoch: 
Memory allocated:  802.57421875
Memory cached:  1186.0
	 epoch  30 training error:  tensor(0.1247, device='cuda:0', grad_fn=<DivBackward0>)
Memory status after this epoch: 
Memory allocated:  802.57421875
Memory cached:  1190.0
	 epoch  40 training error:  tensor(0.1240, device='cuda:0', grad_fn=<DivBackward0>)
Memory status after this epoch: 
Memory allocated:  802.57421875
Memory cached:  1188.0
	 epoch  50 training error:  tensor(0.1248, device='cuda:0', grad_fn=<DivBackward0>)
Memory status after this epoch: 
Memory allocated:  802.57421875
Memory cached:  1190.0
	 epoch  60 training error:  tensor(0.1175, device='cuda:0', grad_fn=<DivBackward0>)
Memory status after this epoch: 
Memory allocated:  802.57421875
Memory cached:  1186.0
	 epoch  70 training error:  tensor(0.1165, device='cuda:0', grad_fn=<DivBackward0>)
Memory status after this epoch: 
Memory allocated:  802.57421875
Memory cached:  1188.0
	 epoch  80 training error:  tensor(0.1143, device='cuda:0', grad_fn=<DivBackward0>)
Memory status after this epoch: 
Memory allocated:  802.57421875
Memory cached:  1190.0
	 epoch  90 training error:  tensor(0.1133, device='cuda:0', grad_fn=<DivBackward0>)
Memory status after this epoch: 
Memory allocated:  802.57421875
Memory cached:  1188.0
[I 2024-02-17 02:09:19,831] Trial 68 finished with value: 0.11161123961210251 and parameters: {'W_layers': 4, 'W_layer_units_exponent_0': 5, 'W_layer_units_exponent_1': 6, 'W_layer_units_exponent_2': 9, 'W_layer_units_exponent_3': 4, 'D_layers': 3, 'D_layer_units_exponent_0': 7, 'D_layer_units_exponent_1': 10, 'D_layer_units_exponent_2': 10, 'D_dagger_layers': 3, 'D_dagger_layer_units_exponent_0': 6, 'D_dagger_layer_units_exponent_1': 10, 'D_dagger_layer_units_exponent_2': 10, 'log_learning_rate': -4.1499128466032, 'log_learning_rate_D': -4.571527816049949, 'log_learning_rate_D_dagger': -3.094721092719584, 'training_batch_size': 7, 'training_p': 4}. Best is trial 67 with value: 0.07194268703460693.
Time for this trial:  442.5842287540436
Memory status after this trial: 
Memory allocated:  1767.11767578125
Memory cached:  1790.0
--------------------  Trial  69   --------------------
Start timing: 
Parameters: 
{'W_layers': 5, 'W_layer_units_exponent_0': 5, 'W_layer_units_exponent_1': 6, 'W_layer_units_exponent_2': 9, 'W_layer_units_exponent_3': 4, 'W_layer_units_exponent_4': 8, 'D_layers': 3, 'D_layer_units_exponent_0': 6, 'D_layer_units_exponent_1': 10, 'D_layer_units_exponent_2': 10, 'D_dagger_layers': 2, 'D_dagger_layer_units_exponent_0': 6, 'D_dagger_layer_units_exponent_1': 10, 'log_learning_rate': -3.706074280420341, 'log_learning_rate_D': -4.641849204500569, 'log_learning_rate_D_dagger': -3.3633870299585733, 'training_batch_size': 6, 'training_p': 3}
	 epoch  0 training error:  tensor(0.6319, device='cuda:0', grad_fn=<DivBackward0>)
Memory status after this epoch: 
Memory allocated:  785.7265625
Memory cached:  1220.0
	 epoch  10 training error:  tensor(0.1329, device='cuda:0', grad_fn=<DivBackward0>)
Memory status after this epoch: 
Memory allocated:  785.7265625
Memory cached:  1274.0
	 epoch  20 training error:  tensor(0.1024, device='cuda:0', grad_fn=<DivBackward0>)
Memory status after this epoch: 
Memory allocated:  785.7265625
Memory cached:  1276.0
	 epoch  30 training error:  tensor(0.0979, device='cuda:0', grad_fn=<DivBackward0>)
Memory status after this epoch: 
Memory allocated:  785.7265625
Memory cached:  1270.0
	 epoch  40 training error:  tensor(0.0945, device='cuda:0', grad_fn=<DivBackward0>)
Memory status after this epoch: 
Memory allocated:  785.7265625
Memory cached:  1270.0
	 epoch  50 training error:  tensor(0.0951, device='cuda:0', grad_fn=<DivBackward0>)
Memory status after this epoch: 
Memory allocated:  785.7265625
Memory cached:  1268.0
	 epoch  60 training error:  tensor(0.0942, device='cuda:0', grad_fn=<DivBackward0>)
Memory status after this epoch: 
Memory allocated:  785.7265625
Memory cached:  1268.0
	 epoch  70 training error:  tensor(0.0981, device='cuda:0', grad_fn=<DivBackward0>)
Memory status after this epoch: 
Memory allocated:  785.7265625
Memory cached:  1266.0
	 epoch  80 training error:  tensor(0.1004, device='cuda:0', grad_fn=<DivBackward0>)
Memory status after this epoch: 
Memory allocated:  785.7265625
Memory cached:  1268.0
	 epoch  90 training error:  tensor(0.0963, device='cuda:0', grad_fn=<DivBackward0>)
Memory status after this epoch: 
Memory allocated:  785.7265625
Memory cached:  1266.0
[I 2024-02-17 02:20:16,541] Trial 69 finished with value: 0.08354490995407104 and parameters: {'W_layers': 5, 'W_layer_units_exponent_0': 5, 'W_layer_units_exponent_1': 6, 'W_layer_units_exponent_2': 9, 'W_layer_units_exponent_3': 4, 'W_layer_units_exponent_4': 8, 'D_layers': 3, 'D_layer_units_exponent_0': 6, 'D_layer_units_exponent_1': 10, 'D_layer_units_exponent_2': 10, 'D_dagger_layers': 2, 'D_dagger_layer_units_exponent_0': 6, 'D_dagger_layer_units_exponent_1': 10, 'log_learning_rate': -3.706074280420341, 'log_learning_rate_D': -4.641849204500569, 'log_learning_rate_D_dagger': -3.3633870299585733, 'training_batch_size': 6, 'training_p': 3}. Best is trial 67 with value: 0.07194268703460693.
Time for this trial:  656.2871634960175
Memory status after this trial: 
Memory allocated:  1573.82177734375
Memory cached:  1604.0
--------------------  Trial  70   --------------------
Start timing: 
Parameters: 
{'W_layers': 4, 'W_layer_units_exponent_0': 4, 'W_layer_units_exponent_1': 5, 'W_layer_units_exponent_2': 10, 'W_layer_units_exponent_3': 4, 'D_layers': 3, 'D_layer_units_exponent_0': 8, 'D_layer_units_exponent_1': 10, 'D_layer_units_exponent_2': 10, 'D_dagger_layers': 2, 'D_dagger_layer_units_exponent_0': 5, 'D_dagger_layer_units_exponent_1': 10, 'log_learning_rate': -4.62388866054586, 'log_learning_rate_D': -4.433524493491098, 'log_learning_rate_D_dagger': -3.587036280923786, 'training_batch_size': 6, 'training_p': 3}
	 epoch  0 training error:  tensor(0.9674, device='cuda:0', grad_fn=<DivBackward0>)
Memory status after this epoch: 
Memory allocated:  788.271484375
Memory cached:  1182.0
	 epoch  10 training error:  tensor(0.1757, device='cuda:0', grad_fn=<DivBackward0>)
Memory status after this epoch: 
Memory allocated:  788.271484375
Memory cached:  1182.0
	 epoch  20 training error:  tensor(0.1207, device='cuda:0', grad_fn=<DivBackward0>)
Memory status after this epoch: 
Memory allocated:  788.271484375
Memory cached:  1182.0
	 epoch  30 training error:  tensor(0.1076, device='cuda:0', grad_fn=<DivBackward0>)
Memory status after this epoch: 
Memory allocated:  788.271484375
Memory cached:  1182.0
	 epoch  40 training error:  tensor(0.1009, device='cuda:0', grad_fn=<DivBackward0>)
Memory status after this epoch: 
Memory allocated:  788.271484375
Memory cached:  1182.0
	 epoch  50 training error:  tensor(0.0963, device='cuda:0', grad_fn=<DivBackward0>)
Memory status after this epoch: 
Memory allocated:  788.271484375
Memory cached:  1182.0
	 epoch  60 training error:  tensor(0.0962, device='cuda:0', grad_fn=<DivBackward0>)
Memory status after this epoch: 
Memory allocated:  788.271484375
Memory cached:  1182.0
	 epoch  70 training error:  tensor(0.0921, device='cuda:0', grad_fn=<DivBackward0>)
Memory status after this epoch: 
Memory allocated:  788.271484375
Memory cached:  1182.0
	 epoch  80 training error:  tensor(0.0888, device='cuda:0', grad_fn=<DivBackward0>)
Memory status after this epoch: 
Memory allocated:  788.271484375
Memory cached:  1182.0
	 epoch  90 training error:  tensor(0.0879, device='cuda:0', grad_fn=<DivBackward0>)
Memory status after this epoch: 
Memory allocated:  788.271484375
Memory cached:  1182.0
[I 2024-02-17 02:30:39,259] Trial 70 finished with value: 0.07684962451457977 and parameters: {'W_layers': 4, 'W_layer_units_exponent_0': 4, 'W_layer_units_exponent_1': 5, 'W_layer_units_exponent_2': 10, 'W_layer_units_exponent_3': 4, 'D_layers': 3, 'D_layer_units_exponent_0': 8, 'D_layer_units_exponent_1': 10, 'D_layer_units_exponent_2': 10, 'D_dagger_layers': 2, 'D_dagger_layer_units_exponent_0': 5, 'D_dagger_layer_units_exponent_1': 10, 'log_learning_rate': -4.62388866054586, 'log_learning_rate_D': -4.433524493491098, 'log_learning_rate_D_dagger': -3.587036280923786, 'training_batch_size': 6, 'training_p': 3}. Best is trial 67 with value: 0.07194268703460693.
Time for this trial:  622.270984172821
Memory status after this trial: 
Memory allocated:  1660.62158203125
Memory cached:  1696.0
--------------------  Trial  71   --------------------
Start timing: 
Parameters: 
{'W_layers': 4, 'W_layer_units_exponent_0': 4, 'W_layer_units_exponent_1': 5, 'W_layer_units_exponent_2': 10, 'W_layer_units_exponent_3': 4, 'D_layers': 3, 'D_layer_units_exponent_0': 8, 'D_layer_units_exponent_1': 10, 'D_layer_units_exponent_2': 10, 'D_dagger_layers': 2, 'D_dagger_layer_units_exponent_0': 5, 'D_dagger_layer_units_exponent_1': 10, 'log_learning_rate': -4.619533344363588, 'log_learning_rate_D': -4.445724650935041, 'log_learning_rate_D_dagger': -3.5857731950263227, 'training_batch_size': 7, 'training_p': 4}
	 epoch  0 training error:  tensor(0.8308, device='cuda:0', grad_fn=<DivBackward0>)
Memory status after this epoch: 
Memory allocated:  788.171875
Memory cached:  1184.0
	 epoch  10 training error:  tensor(0.2155, device='cuda:0', grad_fn=<DivBackward0>)
Memory status after this epoch: 
Memory allocated:  788.171875
Memory cached:  1184.0
	 epoch  20 training error:  tensor(0.1524, device='cuda:0', grad_fn=<DivBackward0>)
Memory status after this epoch: 
Memory allocated:  788.171875
Memory cached:  1184.0
	 epoch  30 training error:  tensor(0.1259, device='cuda:0', grad_fn=<DivBackward0>)
Memory status after this epoch: 
Memory allocated:  788.171875
Memory cached:  1184.0
	 epoch  40 training error:  tensor(0.1190, device='cuda:0', grad_fn=<DivBackward0>)
Memory status after this epoch: 
Memory allocated:  788.171875
Memory cached:  1184.0
	 epoch  50 training error:  tensor(0.1093, device='cuda:0', grad_fn=<DivBackward0>)
Memory status after this epoch: 
Memory allocated:  788.171875
Memory cached:  1184.0
	 epoch  60 training error:  tensor(0.1015, device='cuda:0', grad_fn=<DivBackward0>)
Memory status after this epoch: 
Memory allocated:  788.171875
Memory cached:  1184.0
	 epoch  70 training error:  tensor(0.0997, device='cuda:0', grad_fn=<DivBackward0>)
Memory status after this epoch: 
Memory allocated:  788.171875
Memory cached:  1184.0
	 epoch  80 training error:  tensor(0.0973, device='cuda:0', grad_fn=<DivBackward0>)
Memory status after this epoch: 
Memory allocated:  788.171875
Memory cached:  1184.0
	 epoch  90 training error:  tensor(0.0984, device='cuda:0', grad_fn=<DivBackward0>)
Memory status after this epoch: 
Memory allocated:  788.171875
Memory cached:  1184.0
