[I 2024-01-14 00:46:11,004] Trial 168 finished with value: 0.08872222155332565 and parameters: {'W_layers': 2, 'W_layer_units_exponent_0': 6, 'W_layer_units_exponent_1': 4, 'D_layers': 2, 'D_layer_units_exponent_0': 9, 'D_layer_units_exponent_1': 10, 'D_dagger_layers': 4, 'D_dagger_layer_units_exponent_0': 10, 'D_dagger_layer_units_exponent_1': 4, 'D_dagger_layer_units_exponent_2': 6, 'D_dagger_layer_units_exponent_3': 4, 'log_learning_rate': -2.3649439469011484, 'log_learning_rate_D': -3.6829264033020523, 'log_learning_rate_D_dagger': -3.1496464800840904, 'training_batch_size': 12, 'training_p': 2}. Best is trial 33 with value: 0.08818560093641281.
Time for this trial:  19.26013422012329
Memory status after this trial: 
Memory allocated:  388.49462890625
Memory cached:  478.0
--------------------  Trial  169   --------------------
Start timing: 
Parameters: 
{'W_layers': 2, 'W_layer_units_exponent_0': 6, 'W_layer_units_exponent_1': 4, 'D_layers': 2, 'D_layer_units_exponent_0': 9, 'D_layer_units_exponent_1': 10, 'D_dagger_layers': 4, 'D_dagger_layer_units_exponent_0': 10, 'D_dagger_layer_units_exponent_1': 6, 'D_dagger_layer_units_exponent_2': 6, 'D_dagger_layer_units_exponent_3': 4, 'log_learning_rate': -1.5549224551339766, 'log_learning_rate_D': -4.234647690371382, 'log_learning_rate_D_dagger': -3.342217497374966, 'training_batch_size': 12, 'training_p': 2}
	 epoch  0 training error:  tensor(0.7269, device='cuda:0', grad_fn=<DivBackward0>)
Memory status after this epoch: 
Memory allocated:  261.14501953125
Memory cached:  382.0
	 epoch  10 training error:  tensor(0.3071, device='cuda:0', grad_fn=<DivBackward0>)
Memory status after this epoch: 
Memory allocated:  261.14501953125
Memory cached:  382.0
	 epoch  20 training error:  tensor(0.1955, device='cuda:0', grad_fn=<DivBackward0>)
Memory status after this epoch: 
Memory allocated:  261.14501953125
Memory cached:  382.0
	 epoch  30 training error:  tensor(0.1491, device='cuda:0', grad_fn=<DivBackward0>)
Memory status after this epoch: 
Memory allocated:  261.14501953125
Memory cached:  382.0
	 epoch  40 training error:  tensor(0.1080, device='cuda:0', grad_fn=<DivBackward0>)
Memory status after this epoch: 
Memory allocated:  261.14501953125
Memory cached:  382.0
	 epoch  50 training error:  tensor(0.0895, device='cuda:0', grad_fn=<DivBackward0>)
Memory status after this epoch: 
Memory allocated:  261.14501953125
Memory cached:  382.0
	 epoch  60 training error:  tensor(0.0861, device='cuda:0', grad_fn=<DivBackward0>)
Memory status after this epoch: 
Memory allocated:  261.14501953125
Memory cached:  382.0
	 epoch  70 training error:  tensor(0.0836, device='cuda:0', grad_fn=<DivBackward0>)
Memory status after this epoch: 
Memory allocated:  261.14501953125
Memory cached:  382.0
	 epoch  80 training error:  tensor(0.0832, device='cuda:0', grad_fn=<DivBackward0>)
Memory status after this epoch: 
Memory allocated:  261.14501953125
Memory cached:  382.0
	 epoch  90 training error:  tensor(0.0831, device='cuda:0', grad_fn=<DivBackward0>)
Memory status after this epoch: 
Memory allocated:  261.14501953125
Memory cached:  382.0
[I 2024-01-14 00:46:30,525] Trial 169 finished with value: 0.08849205821752548 and parameters: {'W_layers': 2, 'W_layer_units_exponent_0': 6, 'W_layer_units_exponent_1': 4, 'D_layers': 2, 'D_layer_units_exponent_0': 9, 'D_layer_units_exponent_1': 10, 'D_dagger_layers': 4, 'D_dagger_layer_units_exponent_0': 10, 'D_dagger_layer_units_exponent_1': 6, 'D_dagger_layer_units_exponent_2': 6, 'D_dagger_layer_units_exponent_3': 4, 'log_learning_rate': -1.5549224551339766, 'log_learning_rate_D': -4.234647690371382, 'log_learning_rate_D_dagger': -3.342217497374966, 'training_batch_size': 12, 'training_p': 2}. Best is trial 33 with value: 0.08818560093641281.
Time for this trial:  19.11461091041565
Memory status after this trial: 
Memory allocated:  394.02001953125
Memory cached:  484.0
--------------------  Trial  170   --------------------
Start timing: 
Parameters: 
{'W_layers': 4, 'W_layer_units_exponent_0': 7, 'W_layer_units_exponent_1': 4, 'W_layer_units_exponent_2': 8, 'W_layer_units_exponent_3': 9, 'D_layers': 2, 'D_layer_units_exponent_0': 9, 'D_layer_units_exponent_1': 10, 'D_dagger_layers': 4, 'D_dagger_layer_units_exponent_0': 10, 'D_dagger_layer_units_exponent_1': 7, 'D_dagger_layer_units_exponent_2': 6, 'D_dagger_layer_units_exponent_3': 4, 'log_learning_rate': -1.624014993950314, 'log_learning_rate_D': -4.018050740668853, 'log_learning_rate_D_dagger': -3.495469325373713, 'training_batch_size': 12, 'training_p': 2}
	 epoch  0 training error:  tensor(1.1210, device='cuda:0', grad_fn=<DivBackward0>)
Memory status after this epoch: 
Memory allocated:  264.30322265625
Memory cached:  382.0
	 epoch  10 training error:  tensor(1.0474, device='cuda:0', grad_fn=<DivBackward0>)
Memory status after this epoch: 
Memory allocated:  264.30322265625
Memory cached:  382.0
	 epoch  20 training error:  tensor(0.2357, device='cuda:0', grad_fn=<DivBackward0>)
Memory status after this epoch: 
Memory allocated:  264.30322265625
Memory cached:  382.0
	 epoch  30 training error:  tensor(0.1675, device='cuda:0', grad_fn=<DivBackward0>)
Memory status after this epoch: 
Memory allocated:  264.30322265625
Memory cached:  382.0
	 epoch  40 training error:  tensor(0.1946, device='cuda:0', grad_fn=<DivBackward0>)
Memory status after this epoch: 
Memory allocated:  264.30322265625
Memory cached:  382.0
	 epoch  50 training error:  tensor(0.0969, device='cuda:0', grad_fn=<DivBackward0>)
Memory status after this epoch: 
Memory allocated:  264.30322265625
Memory cached:  382.0
	 epoch  60 training error:  tensor(0.1054, device='cuda:0', grad_fn=<DivBackward0>)
Memory status after this epoch: 
Memory allocated:  264.30322265625
Memory cached:  382.0
	 epoch  70 training error:  tensor(0.0898, device='cuda:0', grad_fn=<DivBackward0>)
Memory status after this epoch: 
Memory allocated:  264.30322265625
Memory cached:  382.0
	 epoch  80 training error:  tensor(0.0856, device='cuda:0', grad_fn=<DivBackward0>)
Memory status after this epoch: 
Memory allocated:  264.30322265625
Memory cached:  382.0
	 epoch  90 training error:  tensor(0.0840, device='cuda:0', grad_fn=<DivBackward0>)
Memory status after this epoch: 
Memory allocated:  264.30322265625
Memory cached:  382.0
[I 2024-01-14 00:46:52,311] Trial 170 finished with value: 0.08861672878265381 and parameters: {'W_layers': 4, 'W_layer_units_exponent_0': 7, 'W_layer_units_exponent_1': 4, 'W_layer_units_exponent_2': 8, 'W_layer_units_exponent_3': 9, 'D_layers': 2, 'D_layer_units_exponent_0': 9, 'D_layer_units_exponent_1': 10, 'D_dagger_layers': 4, 'D_dagger_layer_units_exponent_0': 10, 'D_dagger_layer_units_exponent_1': 7, 'D_dagger_layer_units_exponent_2': 6, 'D_dagger_layer_units_exponent_3': 4, 'log_learning_rate': -1.624014993950314, 'log_learning_rate_D': -4.018050740668853, 'log_learning_rate_D_dagger': -3.495469325373713, 'training_batch_size': 12, 'training_p': 2}. Best is trial 33 with value: 0.08818560093641281.
Time for this trial:  21.436127424240112
Memory status after this trial: 
Memory allocated:  488.04638671875
Memory cached:  514.0
--------------------  Trial  171   --------------------
Start timing: 
Parameters: 
{'W_layers': 5, 'W_layer_units_exponent_0': 6, 'W_layer_units_exponent_1': 4, 'W_layer_units_exponent_2': 8, 'W_layer_units_exponent_3': 4, 'W_layer_units_exponent_4': 4, 'D_layers': 2, 'D_layer_units_exponent_0': 9, 'D_layer_units_exponent_1': 10, 'D_dagger_layers': 4, 'D_dagger_layer_units_exponent_0': 10, 'D_dagger_layer_units_exponent_1': 7, 'D_dagger_layer_units_exponent_2': 6, 'D_dagger_layer_units_exponent_3': 4, 'log_learning_rate': -1.7417756391715076, 'log_learning_rate_D': -3.757774072316214, 'log_learning_rate_D_dagger': -3.0603471068286257, 'training_batch_size': 11, 'training_p': 2}
	 epoch  0 training error:  tensor(1.0737, device='cuda:0', grad_fn=<DivBackward0>)
Memory status after this epoch: 
Memory allocated:  262.34423828125
Memory cached:  382.0
	 epoch  10 training error:  tensor(0.2154, device='cuda:0', grad_fn=<DivBackward0>)
Memory status after this epoch: 
Memory allocated:  262.34423828125
Memory cached:  382.0
	 epoch  20 training error:  tensor(0.1176, device='cuda:0', grad_fn=<DivBackward0>)
Memory status after this epoch: 
Memory allocated:  262.34423828125
Memory cached:  382.0
	 epoch  30 training error:  tensor(0.1268, device='cuda:0', grad_fn=<DivBackward0>)
Memory status after this epoch: 
Memory allocated:  262.34423828125
Memory cached:  382.0
	 epoch  40 training error:  tensor(0.0983, device='cuda:0', grad_fn=<DivBackward0>)
Memory status after this epoch: 
Memory allocated:  262.34423828125
Memory cached:  382.0
	 epoch  50 training error:  tensor(0.0839, device='cuda:0', grad_fn=<DivBackward0>)
Memory status after this epoch: 
Memory allocated:  262.34423828125
Memory cached:  382.0
	 epoch  60 training error:  tensor(0.0855, device='cuda:0', grad_fn=<DivBackward0>)
Memory status after this epoch: 
Memory allocated:  262.34423828125
Memory cached:  382.0
	 epoch  70 training error:  tensor(0.0842, device='cuda:0', grad_fn=<DivBackward0>)
Memory status after this epoch: 
Memory allocated:  262.34423828125
Memory cached:  382.0
	 epoch  80 training error:  tensor(0.0833, device='cuda:0', grad_fn=<DivBackward0>)
Memory status after this epoch: 
Memory allocated:  262.34423828125
Memory cached:  382.0
	 epoch  90 training error:  tensor(0.0831, device='cuda:0', grad_fn=<DivBackward0>)
Memory status after this epoch: 
Memory allocated:  262.34423828125
Memory cached:  382.0
[I 2024-01-14 00:47:13,584] Trial 171 finished with value: 0.08852046728134155 and parameters: {'W_layers': 5, 'W_layer_units_exponent_0': 6, 'W_layer_units_exponent_1': 4, 'W_layer_units_exponent_2': 8, 'W_layer_units_exponent_3': 4, 'W_layer_units_exponent_4': 4, 'D_layers': 2, 'D_layer_units_exponent_0': 9, 'D_layer_units_exponent_1': 10, 'D_dagger_layers': 4, 'D_dagger_layer_units_exponent_0': 10, 'D_dagger_layer_units_exponent_1': 7, 'D_dagger_layer_units_exponent_2': 6, 'D_dagger_layer_units_exponent_3': 4, 'log_learning_rate': -1.7417756391715076, 'log_learning_rate_D': -3.757774072316214, 'log_learning_rate_D_dagger': -3.0603471068286257, 'training_batch_size': 11, 'training_p': 2}. Best is trial 33 with value: 0.08818560093641281.
Time for this trial:  20.94001865386963
Memory status after this trial: 
Memory allocated:  434.56103515625
Memory cached:  482.0
--------------------  Trial  172   --------------------
Start timing: 
Parameters: 
{'W_layers': 3, 'W_layer_units_exponent_0': 6, 'W_layer_units_exponent_1': 4, 'W_layer_units_exponent_2': 8, 'D_layers': 2, 'D_layer_units_exponent_0': 9, 'D_layer_units_exponent_1': 10, 'D_dagger_layers': 4, 'D_dagger_layer_units_exponent_0': 10, 'D_dagger_layer_units_exponent_1': 5, 'D_dagger_layer_units_exponent_2': 6, 'D_dagger_layer_units_exponent_3': 4, 'log_learning_rate': -1.8596239479011367, 'log_learning_rate_D': -3.5825232439066514, 'log_learning_rate_D_dagger': -2.9093597478814597, 'training_batch_size': 11, 'training_p': 2}
	 epoch  0 training error:  tensor(0.9019, device='cuda:0', grad_fn=<DivBackward0>)
Memory status after this epoch: 
Memory allocated:  260.68212890625
Memory cached:  382.0
	 epoch  10 training error:  tensor(0.3284, device='cuda:0', grad_fn=<DivBackward0>)
Memory status after this epoch: 
Memory allocated:  260.68212890625
Memory cached:  382.0
	 epoch  20 training error:  tensor(0.1667, device='cuda:0', grad_fn=<DivBackward0>)
Memory status after this epoch: 
Memory allocated:  260.68212890625
Memory cached:  382.0
	 epoch  30 training error:  tensor(0.1088, device='cuda:0', grad_fn=<DivBackward0>)
Memory status after this epoch: 
Memory allocated:  260.68212890625
Memory cached:  382.0
	 epoch  40 training error:  tensor(0.0941, device='cuda:0', grad_fn=<DivBackward0>)
Memory status after this epoch: 
Memory allocated:  260.68212890625
Memory cached:  382.0
	 epoch  50 training error:  tensor(0.0940, device='cuda:0', grad_fn=<DivBackward0>)
Memory status after this epoch: 
Memory allocated:  260.68212890625
Memory cached:  382.0
	 epoch  60 training error:  tensor(0.0937, device='cuda:0', grad_fn=<DivBackward0>)
Memory status after this epoch: 
Memory allocated:  260.68212890625
Memory cached:  382.0
	 epoch  70 training error:  tensor(0.0873, device='cuda:0', grad_fn=<DivBackward0>)
Memory status after this epoch: 
Memory allocated:  260.68212890625
Memory cached:  382.0
	 epoch  80 training error:  tensor(0.0932, device='cuda:0', grad_fn=<DivBackward0>)
Memory status after this epoch: 
Memory allocated:  260.68212890625
Memory cached:  382.0
	 epoch  90 training error:  tensor(0.0905, device='cuda:0', grad_fn=<DivBackward0>)
Memory status after this epoch: 
Memory allocated:  260.68212890625
Memory cached:  382.0
[I 2024-01-14 00:47:33,637] Trial 172 finished with value: 0.09111518412828445 and parameters: {'W_layers': 3, 'W_layer_units_exponent_0': 6, 'W_layer_units_exponent_1': 4, 'W_layer_units_exponent_2': 8, 'D_layers': 2, 'D_layer_units_exponent_0': 9, 'D_layer_units_exponent_1': 10, 'D_dagger_layers': 4, 'D_dagger_layer_units_exponent_0': 10, 'D_dagger_layer_units_exponent_1': 5, 'D_dagger_layer_units_exponent_2': 6, 'D_dagger_layer_units_exponent_3': 4, 'log_learning_rate': -1.8596239479011367, 'log_learning_rate_D': -3.5825232439066514, 'log_learning_rate_D_dagger': -2.9093597478814597, 'training_batch_size': 11, 'training_p': 2}. Best is trial 33 with value: 0.08818560093641281.
Time for this trial:  19.7366783618927
Memory status after this trial: 
Memory allocated:  415.92724609375
Memory cached:  480.0
--------------------  Trial  173   --------------------
Start timing: 
Parameters: 
{'W_layers': 3, 'W_layer_units_exponent_0': 6, 'W_layer_units_exponent_1': 4, 'W_layer_units_exponent_2': 8, 'D_layers': 2, 'D_layer_units_exponent_0': 9, 'D_layer_units_exponent_1': 10, 'D_dagger_layers': 4, 'D_dagger_layer_units_exponent_0': 10, 'D_dagger_layer_units_exponent_1': 5, 'D_dagger_layer_units_exponent_2': 6, 'D_dagger_layer_units_exponent_3': 4, 'log_learning_rate': -2.0380621009007194, 'log_learning_rate_D': -3.8782606117857243, 'log_learning_rate_D_dagger': -3.1096129987869827, 'training_batch_size': 11, 'training_p': 7}
	 epoch  0 training error:  tensor(1.1845, device='cuda:0', grad_fn=<DivBackward0>)
Memory status after this epoch: 
Memory allocated:  260.68212890625
Memory cached:  382.0
	 epoch  10 training error:  tensor(0.2915, device='cuda:0', grad_fn=<DivBackward0>)
Memory status after this epoch: 
Memory allocated:  260.68212890625
Memory cached:  382.0
	 epoch  20 training error:  tensor(0.1949, device='cuda:0', grad_fn=<DivBackward0>)
Memory status after this epoch: 
Memory allocated:  260.68212890625
Memory cached:  382.0
	 epoch  30 training error:  tensor(0.1331, device='cuda:0', grad_fn=<DivBackward0>)
Memory status after this epoch: 
Memory allocated:  260.68212890625
Memory cached:  382.0
	 epoch  40 training error:  tensor(0.1376, device='cuda:0', grad_fn=<DivBackward0>)
Memory status after this epoch: 
Memory allocated:  260.68212890625
Memory cached:  382.0
	 epoch  50 training error:  tensor(0.1187, device='cuda:0', grad_fn=<DivBackward0>)
Memory status after this epoch: 
Memory allocated:  260.68212890625
Memory cached:  382.0
	 epoch  60 training error:  tensor(0.1170, device='cuda:0', grad_fn=<DivBackward0>)
Memory status after this epoch: 
Memory allocated:  260.68212890625
Memory cached:  382.0
	 epoch  70 training error:  tensor(0.1161, device='cuda:0', grad_fn=<DivBackward0>)
Memory status after this epoch: 
Memory allocated:  260.68212890625
Memory cached:  382.0
	 epoch  80 training error:  tensor(0.1160, device='cuda:0', grad_fn=<DivBackward0>)
Memory status after this epoch: 
Memory allocated:  260.68212890625
Memory cached:  382.0
	 epoch  90 training error:  tensor(0.1158, device='cuda:0', grad_fn=<DivBackward0>)
Memory status after this epoch: 
Memory allocated:  260.68212890625
Memory cached:  382.0
[I 2024-01-14 00:47:53,545] Trial 173 finished with value: 0.09182175248861313 and parameters: {'W_layers': 3, 'W_layer_units_exponent_0': 6, 'W_layer_units_exponent_1': 4, 'W_layer_units_exponent_2': 8, 'D_layers': 2, 'D_layer_units_exponent_0': 9, 'D_layer_units_exponent_1': 10, 'D_dagger_layers': 4, 'D_dagger_layer_units_exponent_0': 10, 'D_dagger_layer_units_exponent_1': 5, 'D_dagger_layer_units_exponent_2': 6, 'D_dagger_layer_units_exponent_3': 4, 'log_learning_rate': -2.0380621009007194, 'log_learning_rate_D': -3.8782606117857243, 'log_learning_rate_D_dagger': -3.1096129987869827, 'training_batch_size': 11, 'training_p': 7}. Best is trial 33 with value: 0.08818560093641281.
Time for this trial:  19.593764543533325
Memory status after this trial: 
Memory allocated:  415.92724609375
Memory cached:  480.0
--------------------  Trial  174   --------------------
Start timing: 
Parameters: 
{'W_layers': 3, 'W_layer_units_exponent_0': 5, 'W_layer_units_exponent_1': 4, 'W_layer_units_exponent_2': 8, 'D_layers': 2, 'D_layer_units_exponent_0': 9, 'D_layer_units_exponent_1': 10, 'D_dagger_layers': 4, 'D_dagger_layer_units_exponent_0': 10, 'D_dagger_layer_units_exponent_1': 7, 'D_dagger_layer_units_exponent_2': 6, 'D_dagger_layer_units_exponent_3': 4, 'log_learning_rate': -1.5015310907378225, 'log_learning_rate_D': -3.5307646575303973, 'log_learning_rate_D_dagger': -2.998973669603068, 'training_batch_size': 11, 'training_p': 2}
	 epoch  0 training error:  tensor(1.0418, device='cuda:0', grad_fn=<DivBackward0>)
Memory status after this epoch: 
Memory allocated:  262.26806640625
Memory cached:  382.0
	 epoch  10 training error:  tensor(0.6888, device='cuda:0', grad_fn=<DivBackward0>)
Memory status after this epoch: 
Memory allocated:  262.26806640625
Memory cached:  382.0
	 epoch  20 training error:  tensor(0.2989, device='cuda:0', grad_fn=<DivBackward0>)
Memory status after this epoch: 
Memory allocated:  262.26806640625
Memory cached:  382.0
	 epoch  30 training error:  tensor(0.1066, device='cuda:0', grad_fn=<DivBackward0>)
Memory status after this epoch: 
Memory allocated:  262.26806640625
Memory cached:  382.0
	 epoch  40 training error:  tensor(0.1032, device='cuda:0', grad_fn=<DivBackward0>)
Memory status after this epoch: 
Memory allocated:  262.26806640625
Memory cached:  382.0
	 epoch  50 training error:  tensor(0.0931, device='cuda:0', grad_fn=<DivBackward0>)
Memory status after this epoch: 
Memory allocated:  262.26806640625
Memory cached:  382.0
	 epoch  60 training error:  tensor(0.0844, device='cuda:0', grad_fn=<DivBackward0>)
Memory status after this epoch: 
Memory allocated:  262.26806640625
Memory cached:  382.0
	 epoch  70 training error:  tensor(0.0837, device='cuda:0', grad_fn=<DivBackward0>)
Memory status after this epoch: 
Memory allocated:  262.26806640625
Memory cached:  382.0
	 epoch  80 training error:  tensor(0.0836, device='cuda:0', grad_fn=<DivBackward0>)
Memory status after this epoch: 
Memory allocated:  262.26806640625
Memory cached:  382.0
	 epoch  90 training error:  tensor(0.0832, device='cuda:0', grad_fn=<DivBackward0>)
Memory status after this epoch: 
Memory allocated:  262.26806640625
Memory cached:  382.0
