[I 2023-12-05 01:06:49,432] Trial 14 finished with value: 0.8137838244438171 and parameters: {'W_layers': 2, 'W_layer_units_exponent_0': 6, 'W_layer_units_exponent_1': 4, 'D_layers': 7, 'D_layer_units_exponent_0': 8, 'D_layer_units_exponent_1': 6, 'D_layer_units_exponent_2': 5, 'D_layer_units_exponent_3': 5, 'D_layer_units_exponent_4': 8, 'D_layer_units_exponent_5': 8, 'D_layer_units_exponent_6': 6, 'log_learning_rate': -3.866852451147003, 'log_learning_rate_D': -2.759951625065102, 'training_batch_size': 7, 'training_p': 3}. Best is trial 12 with value: 0.3634127378463745.
Time for this trial:  14.30461573600769
Memory status after this trial: 
Memory allocated:  6.38720703125
Memory cached:  16.0
--------------------  Trial  15   --------------------
Start timing: 
Parameters: 
{'W_layers': 3, 'W_layer_units_exponent_0': 7, 'W_layer_units_exponent_1': 7, 'W_layer_units_exponent_2': 6, 'D_layers': 7, 'D_layer_units_exponent_0': 10, 'D_layer_units_exponent_1': 4, 'D_layer_units_exponent_2': 4, 'D_layer_units_exponent_3': 5, 'D_layer_units_exponent_4': 10, 'D_layer_units_exponent_5': 4, 'D_layer_units_exponent_6': 8, 'log_learning_rate': -2.686863684937523, 'log_learning_rate_D': -3.7541150371795116, 'training_batch_size': 7, 'training_p': 3}
	 epoch  0 training error:  tensor(0.8112, device='cuda:0', grad_fn=<DivBackward0>)
Memory status after this epoch: 
Memory allocated:  5.20947265625
Memory cached:  16.0
	 epoch  10 training error:  tensor(0.5752, device='cuda:0', grad_fn=<DivBackward0>)
Memory status after this epoch: 
Memory allocated:  5.20947265625
Memory cached:  16.0
	 epoch  20 training error:  tensor(0.5667, device='cuda:0', grad_fn=<DivBackward0>)
Memory status after this epoch: 
Memory allocated:  5.20947265625
Memory cached:  16.0
	 epoch  30 training error:  tensor(0.5612, device='cuda:0', grad_fn=<DivBackward0>)
Memory status after this epoch: 
Memory allocated:  5.20947265625
Memory cached:  16.0
	 epoch  40 training error:  tensor(0.5599, device='cuda:0', grad_fn=<DivBackward0>)
Memory status after this epoch: 
Memory allocated:  5.20947265625
Memory cached:  16.0
	 epoch  50 training error:  tensor(0.5599, device='cuda:0', grad_fn=<DivBackward0>)
Memory status after this epoch: 
Memory allocated:  5.20947265625
Memory cached:  16.0
	 epoch  60 training error:  tensor(0.5599, device='cuda:0', grad_fn=<DivBackward0>)
Memory status after this epoch: 
Memory allocated:  5.20947265625
Memory cached:  16.0
	 epoch  70 training error:  tensor(0.5599, device='cuda:0', grad_fn=<DivBackward0>)
Memory status after this epoch: 
Memory allocated:  5.20947265625
Memory cached:  16.0
	 epoch  80 training error:  tensor(0.5599, device='cuda:0', grad_fn=<DivBackward0>)
Memory status after this epoch: 
Memory allocated:  5.20947265625
Memory cached:  16.0
	 epoch  90 training error:  tensor(0.5599, device='cuda:0', grad_fn=<DivBackward0>)
Memory status after this epoch: 
Memory allocated:  5.20947265625
Memory cached:  16.0
[I 2023-12-05 01:07:04,200] Trial 15 finished with value: 0.42991748452186584 and parameters: {'W_layers': 3, 'W_layer_units_exponent_0': 7, 'W_layer_units_exponent_1': 7, 'W_layer_units_exponent_2': 6, 'D_layers': 7, 'D_layer_units_exponent_0': 10, 'D_layer_units_exponent_1': 4, 'D_layer_units_exponent_2': 4, 'D_layer_units_exponent_3': 5, 'D_layer_units_exponent_4': 10, 'D_layer_units_exponent_5': 4, 'D_layer_units_exponent_6': 8, 'log_learning_rate': -2.686863684937523, 'log_learning_rate_D': -3.7541150371795116, 'training_batch_size': 7, 'training_p': 3}. Best is trial 12 with value: 0.3634127378463745.
Time for this trial:  14.617122650146484
Memory status after this trial: 
Memory allocated:  12.06201171875
Memory cached:  16.0
--------------------  Trial  16   --------------------
Start timing: 
Parameters: 
{'W_layers': 3, 'W_layer_units_exponent_0': 5, 'W_layer_units_exponent_1': 6, 'W_layer_units_exponent_2': 10, 'D_layers': 8, 'D_layer_units_exponent_0': 9, 'D_layer_units_exponent_1': 9, 'D_layer_units_exponent_2': 6, 'D_layer_units_exponent_3': 9, 'D_layer_units_exponent_4': 8, 'D_layer_units_exponent_5': 7, 'D_layer_units_exponent_6': 4, 'D_layer_units_exponent_7': 4, 'log_learning_rate': -3.4961256443721727, 'log_learning_rate_D': -3.115650206676963, 'training_batch_size': 6, 'training_p': 3}
	 epoch  0 training error:  tensor(0.9264, device='cuda:0', grad_fn=<DivBackward0>)
Memory status after this epoch: 
Memory allocated:  7.47607421875
Memory cached:  16.0
	 epoch  10 training error:  tensor(0.5787, device='cuda:0', grad_fn=<DivBackward0>)
Memory status after this epoch: 
Memory allocated:  7.47607421875
Memory cached:  16.0
	 epoch  20 training error:  tensor(0.5623, device='cuda:0', grad_fn=<DivBackward0>)
Memory status after this epoch: 
Memory allocated:  7.47607421875
Memory cached:  16.0
	 epoch  30 training error:  tensor(0.5601, device='cuda:0', grad_fn=<DivBackward0>)
Memory status after this epoch: 
Memory allocated:  7.47607421875
Memory cached:  16.0
	 epoch  40 training error:  tensor(0.5599, device='cuda:0', grad_fn=<DivBackward0>)
Memory status after this epoch: 
Memory allocated:  7.47607421875
Memory cached:  16.0
	 epoch  50 training error:  tensor(0.5600, device='cuda:0', grad_fn=<DivBackward0>)
Memory status after this epoch: 
Memory allocated:  7.47607421875
Memory cached:  16.0
	 epoch  60 training error:  tensor(0.5600, device='cuda:0', grad_fn=<DivBackward0>)
Memory status after this epoch: 
Memory allocated:  7.47607421875
Memory cached:  16.0
	 epoch  70 training error:  tensor(0.5599, device='cuda:0', grad_fn=<DivBackward0>)
Memory status after this epoch: 
Memory allocated:  7.47607421875
Memory cached:  16.0
	 epoch  80 training error:  tensor(0.5600, device='cuda:0', grad_fn=<DivBackward0>)
Memory status after this epoch: 
Memory allocated:  7.47607421875
Memory cached:  16.0
	 epoch  90 training error:  tensor(0.5601, device='cuda:0', grad_fn=<DivBackward0>)
Memory status after this epoch: 
Memory allocated:  7.47607421875
Memory cached:  16.0
[I 2023-12-05 01:07:20,114] Trial 16 finished with value: 0.4257941246032715 and parameters: {'W_layers': 3, 'W_layer_units_exponent_0': 5, 'W_layer_units_exponent_1': 6, 'W_layer_units_exponent_2': 10, 'D_layers': 8, 'D_layer_units_exponent_0': 9, 'D_layer_units_exponent_1': 9, 'D_layer_units_exponent_2': 6, 'D_layer_units_exponent_3': 9, 'D_layer_units_exponent_4': 8, 'D_layer_units_exponent_5': 7, 'D_layer_units_exponent_6': 4, 'D_layer_units_exponent_7': 4, 'log_learning_rate': -3.4961256443721727, 'log_learning_rate_D': -3.115650206676963, 'training_batch_size': 6, 'training_p': 3}. Best is trial 12 with value: 0.3634127378463745.
Time for this trial:  15.724593877792358
Memory status after this trial: 
Memory allocated:  30.71337890625
Memory cached:  56.0
--------------------  Trial  17   --------------------
Start timing: 
Parameters: 
{'W_layers': 8, 'W_layer_units_exponent_0': 8, 'W_layer_units_exponent_1': 7, 'W_layer_units_exponent_2': 4, 'W_layer_units_exponent_3': 4, 'W_layer_units_exponent_4': 4, 'W_layer_units_exponent_5': 9, 'W_layer_units_exponent_6': 10, 'W_layer_units_exponent_7': 4, 'D_layers': 6, 'D_layer_units_exponent_0': 9, 'D_layer_units_exponent_1': 6, 'D_layer_units_exponent_2': 8, 'D_layer_units_exponent_3': 6, 'D_layer_units_exponent_4': 9, 'D_layer_units_exponent_5': 10, 'log_learning_rate': -4.886137570925304, 'log_learning_rate_D': -4.08457449807137, 'training_batch_size': 8, 'training_p': 2}
	 epoch  0 training error:  tensor(0.8990, device='cuda:0', grad_fn=<DivBackward0>)
Memory status after this epoch: 
Memory allocated:  15.88525390625
Memory cached:  68.0
	 epoch  10 training error:  tensor(0.7780, device='cuda:0', grad_fn=<DivBackward0>)
Memory status after this epoch: 
Memory allocated:  15.88525390625
Memory cached:  68.0
	 epoch  20 training error:  tensor(0.6808, device='cuda:0', grad_fn=<DivBackward0>)
Memory status after this epoch: 
Memory allocated:  15.88525390625
Memory cached:  68.0
	 epoch  30 training error:  tensor(0.6180, device='cuda:0', grad_fn=<DivBackward0>)
Memory status after this epoch: 
Memory allocated:  15.88525390625
Memory cached:  68.0
	 epoch  40 training error:  tensor(0.5903, device='cuda:0', grad_fn=<DivBackward0>)
Memory status after this epoch: 
Memory allocated:  15.88525390625
Memory cached:  68.0
	 epoch  50 training error:  tensor(0.5837, device='cuda:0', grad_fn=<DivBackward0>)
Memory status after this epoch: 
Memory allocated:  15.88525390625
Memory cached:  68.0
	 epoch  60 training error:  tensor(0.5816, device='cuda:0', grad_fn=<DivBackward0>)
Memory status after this epoch: 
Memory allocated:  15.88525390625
Memory cached:  68.0
	 epoch  70 training error:  tensor(0.5782, device='cuda:0', grad_fn=<DivBackward0>)
Memory status after this epoch: 
Memory allocated:  15.88525390625
Memory cached:  68.0
	 epoch  80 training error:  tensor(0.5741, device='cuda:0', grad_fn=<DivBackward0>)
Memory status after this epoch: 
Memory allocated:  15.88525390625
Memory cached:  68.0
	 epoch  90 training error:  tensor(0.5694, device='cuda:0', grad_fn=<DivBackward0>)
Memory status after this epoch: 
Memory allocated:  15.88525390625
Memory cached:  68.0
[I 2023-12-05 01:07:35,866] Trial 17 finished with value: 0.38699766993522644 and parameters: {'W_layers': 8, 'W_layer_units_exponent_0': 8, 'W_layer_units_exponent_1': 7, 'W_layer_units_exponent_2': 4, 'W_layer_units_exponent_3': 4, 'W_layer_units_exponent_4': 4, 'W_layer_units_exponent_5': 9, 'W_layer_units_exponent_6': 10, 'W_layer_units_exponent_7': 4, 'D_layers': 6, 'D_layer_units_exponent_0': 9, 'D_layer_units_exponent_1': 6, 'D_layer_units_exponent_2': 8, 'D_layer_units_exponent_3': 6, 'D_layer_units_exponent_4': 9, 'D_layer_units_exponent_5': 10, 'log_learning_rate': -4.886137570925304, 'log_learning_rate_D': -4.08457449807137, 'training_batch_size': 8, 'training_p': 2}. Best is trial 12 with value: 0.3634127378463745.
Time for this trial:  15.587123394012451
Memory status after this trial: 
Memory allocated:  55.41943359375
Memory cached:  68.0
--------------------  Trial  18   --------------------
Start timing: 
Parameters: 
{'W_layers': 2, 'W_layer_units_exponent_0': 8, 'W_layer_units_exponent_1': 9, 'D_layers': 2, 'D_layer_units_exponent_0': 7, 'D_layer_units_exponent_1': 7, 'log_learning_rate': -2.461977290292297, 'log_learning_rate_D': -3.4811788950307676, 'training_batch_size': 8, 'training_p': 4}
	 epoch  0 training error:  tensor(0.8088, device='cuda:0', grad_fn=<DivBackward0>)
Memory status after this epoch: 
Memory allocated:  6.62744140625
Memory cached:  16.0
	 epoch  10 training error:  tensor(1.3736, device='cuda:0', grad_fn=<DivBackward0>)
Memory status after this epoch: 
Memory allocated:  6.62744140625
Memory cached:  16.0
	 epoch  20 training error:  tensor(0.8161, device='cuda:0', grad_fn=<DivBackward0>)
Memory status after this epoch: 
Memory allocated:  6.62744140625
Memory cached:  16.0
	 epoch  30 training error:  tensor(0.5844, device='cuda:0', grad_fn=<DivBackward0>)
Memory status after this epoch: 
Memory allocated:  6.62744140625
Memory cached:  16.0
	 epoch  40 training error:  tensor(0.6132, device='cuda:0', grad_fn=<DivBackward0>)
Memory status after this epoch: 
Memory allocated:  6.62744140625
Memory cached:  16.0
	 epoch  50 training error:  tensor(0.5870, device='cuda:0', grad_fn=<DivBackward0>)
Memory status after this epoch: 
Memory allocated:  6.62744140625
Memory cached:  16.0
	 epoch  60 training error:  tensor(0.5840, device='cuda:0', grad_fn=<DivBackward0>)
Memory status after this epoch: 
Memory allocated:  6.62744140625
Memory cached:  16.0
	 epoch  70 training error:  tensor(0.5838, device='cuda:0', grad_fn=<DivBackward0>)
Memory status after this epoch: 
Memory allocated:  6.62744140625
Memory cached:  16.0
	 epoch  80 training error:  tensor(0.5825, device='cuda:0', grad_fn=<DivBackward0>)
Memory status after this epoch: 
Memory allocated:  6.62744140625
Memory cached:  16.0
	 epoch  90 training error:  tensor(0.5825, device='cuda:0', grad_fn=<DivBackward0>)
Memory status after this epoch: 
Memory allocated:  6.62744140625
Memory cached:  16.0
[I 2023-12-05 01:07:50,844] Trial 18 finished with value: 0.4883718490600586 and parameters: {'W_layers': 2, 'W_layer_units_exponent_0': 8, 'W_layer_units_exponent_1': 9, 'D_layers': 2, 'D_layer_units_exponent_0': 7, 'D_layer_units_exponent_1': 7, 'log_learning_rate': -2.461977290292297, 'log_learning_rate_D': -3.4811788950307676, 'training_batch_size': 8, 'training_p': 4}. Best is trial 12 with value: 0.3634127378463745.
Time for this trial:  14.840344190597534
Memory status after this trial: 
Memory allocated:  23.13623046875
Memory cached:  36.0
--------------------  Trial  19   --------------------
Start timing: 
Parameters: 
{'W_layers': 3, 'W_layer_units_exponent_0': 5, 'W_layer_units_exponent_1': 5, 'W_layer_units_exponent_2': 6, 'D_layers': 8, 'D_layer_units_exponent_0': 8, 'D_layer_units_exponent_1': 7, 'D_layer_units_exponent_2': 6, 'D_layer_units_exponent_3': 4, 'D_layer_units_exponent_4': 9, 'D_layer_units_exponent_5': 8, 'D_layer_units_exponent_6': 8, 'D_layer_units_exponent_7': 10, 'log_learning_rate': -2.8527639350132663, 'log_learning_rate_D': -4.8528230689960665, 'training_batch_size': 6, 'training_p': 3}
	 epoch  0 training error:  tensor(1.1613, device='cuda:0', grad_fn=<DivBackward0>)
Memory status after this epoch: 
Memory allocated:  6.521484375
Memory cached:  16.0
	 epoch  10 training error:  tensor(0.6030, device='cuda:0', grad_fn=<DivBackward0>)
Memory status after this epoch: 
Memory allocated:  6.521484375
Memory cached:  16.0
	 epoch  20 training error:  tensor(0.5630, device='cuda:0', grad_fn=<DivBackward0>)
Memory status after this epoch: 
Memory allocated:  6.521484375
Memory cached:  16.0
	 epoch  30 training error:  tensor(0.5606, device='cuda:0', grad_fn=<DivBackward0>)
Memory status after this epoch: 
Memory allocated:  6.521484375
Memory cached:  16.0
	 epoch  40 training error:  tensor(0.5601, device='cuda:0', grad_fn=<DivBackward0>)
Memory status after this epoch: 
Memory allocated:  6.521484375
Memory cached:  16.0
	 epoch  50 training error:  tensor(0.5598, device='cuda:0', grad_fn=<DivBackward0>)
Memory status after this epoch: 
Memory allocated:  6.521484375
Memory cached:  16.0
	 epoch  60 training error:  tensor(0.5599, device='cuda:0', grad_fn=<DivBackward0>)
Memory status after this epoch: 
Memory allocated:  6.521484375
Memory cached:  16.0
	 epoch  70 training error:  tensor(0.5599, device='cuda:0', grad_fn=<DivBackward0>)
Memory status after this epoch: 
Memory allocated:  6.521484375
Memory cached:  16.0
	 epoch  80 training error:  tensor(0.5599, device='cuda:0', grad_fn=<DivBackward0>)
Memory status after this epoch: 
Memory allocated:  6.521484375
Memory cached:  16.0
	 epoch  90 training error:  tensor(0.5599, device='cuda:0', grad_fn=<DivBackward0>)
Memory status after this epoch: 
Memory allocated:  6.521484375
Memory cached:  16.0
[I 2023-12-05 01:08:06,165] Trial 19 finished with value: 0.4323215186595917 and parameters: {'W_layers': 3, 'W_layer_units_exponent_0': 5, 'W_layer_units_exponent_1': 5, 'W_layer_units_exponent_2': 6, 'D_layers': 8, 'D_layer_units_exponent_0': 8, 'D_layer_units_exponent_1': 7, 'D_layer_units_exponent_2': 6, 'D_layer_units_exponent_3': 4, 'D_layer_units_exponent_4': 9, 'D_layer_units_exponent_5': 8, 'D_layer_units_exponent_6': 8, 'D_layer_units_exponent_7': 10, 'log_learning_rate': -2.8527639350132663, 'log_learning_rate_D': -4.8528230689960665, 'training_batch_size': 6, 'training_p': 3}. Best is trial 12 with value: 0.3634127378463745.
Time for this trial:  15.12805461883545
Memory status after this trial: 
Memory allocated:  7.50244140625
Memory cached:  16.0
--------------------  Trial  20   --------------------
Start timing: 
Parameters: 
{'W_layers': 7, 'W_layer_units_exponent_0': 5, 'W_layer_units_exponent_1': 8, 'W_layer_units_exponent_2': 9, 'W_layer_units_exponent_3': 6, 'W_layer_units_exponent_4': 10, 'W_layer_units_exponent_5': 7, 'W_layer_units_exponent_6': 9, 'D_layers': 6, 'D_layer_units_exponent_0': 5, 'D_layer_units_exponent_1': 10, 'D_layer_units_exponent_2': 4, 'D_layer_units_exponent_3': 8, 'D_layer_units_exponent_4': 10, 'D_layer_units_exponent_5': 9, 'log_learning_rate': -3.3275360010340562, 'log_learning_rate_D': -2.8033051521574, 'training_batch_size': 7, 'training_p': 2}
	 epoch  0 training error:  tensor(0.9111, device='cuda:0', grad_fn=<DivBackward0>)
Memory status after this epoch: 
Memory allocated:  14.4267578125
Memory cached:  36.0
	 epoch  10 training error:  tensor(0.5078, device='cuda:0', grad_fn=<DivBackward0>)
Memory status after this epoch: 
Memory allocated:  14.4267578125
Memory cached:  36.0
	 epoch  20 training error:  tensor(0.5000, device='cuda:0', grad_fn=<DivBackward0>)
Memory status after this epoch: 
Memory allocated:  14.4267578125
Memory cached:  36.0
	 epoch  30 training error:  tensor(0.5005, device='cuda:0', grad_fn=<DivBackward0>)
Memory status after this epoch: 
Memory allocated:  14.4267578125
Memory cached:  36.0
	 epoch  40 training error:  tensor(0.5011, device='cuda:0', grad_fn=<DivBackward0>)
Memory status after this epoch: 
Memory allocated:  14.4267578125
Memory cached:  36.0
	 epoch  50 training error:  tensor(0.4995, device='cuda:0', grad_fn=<DivBackward0>)
Memory status after this epoch: 
Memory allocated:  14.4267578125
Memory cached:  36.0
	 epoch  60 training error:  tensor(0.4996, device='cuda:0', grad_fn=<DivBackward0>)
Memory status after this epoch: 
Memory allocated:  14.4267578125
Memory cached:  36.0
	 epoch  70 training error:  tensor(0.4994, device='cuda:0', grad_fn=<DivBackward0>)
Memory status after this epoch: 
Memory allocated:  14.4267578125
Memory cached:  36.0
	 epoch  80 training error:  tensor(0.4993, device='cuda:0', grad_fn=<DivBackward0>)
Memory status after this epoch: 
Memory allocated:  14.4267578125
Memory cached:  36.0
	 epoch  90 training error:  tensor(0.4993, device='cuda:0', grad_fn=<DivBackward0>)
Memory status after this epoch: 
Memory allocated:  14.4267578125
Memory cached:  36.0
[I 2023-12-05 01:08:22,747] Trial 20 finished with value: 0.3645361065864563 and parameters: {'W_layers': 7, 'W_layer_units_exponent_0': 5, 'W_layer_units_exponent_1': 8, 'W_layer_units_exponent_2': 9, 'W_layer_units_exponent_3': 6, 'W_layer_units_exponent_4': 10, 'W_layer_units_exponent_5': 7, 'W_layer_units_exponent_6': 9, 'D_layers': 6, 'D_layer_units_exponent_0': 5, 'D_layer_units_exponent_1': 10, 'D_layer_units_exponent_2': 4, 'D_layer_units_exponent_3': 8, 'D_layer_units_exponent_4': 10, 'D_layer_units_exponent_5': 9, 'log_learning_rate': -3.3275360010340562, 'log_learning_rate_D': -2.8033051521574, 'training_batch_size': 7, 'training_p': 2}. Best is trial 12 with value: 0.3634127378463745.
Time for this trial:  16.408656120300293
Memory status after this trial: 
Memory allocated:  66.63427734375
Memory cached:  80.0
--------------------  Trial  21   --------------------
Start timing: 
Parameters: 
{'W_layers': 7, 'W_layer_units_exponent_0': 5, 'W_layer_units_exponent_1': 8, 'W_layer_units_exponent_2': 9, 'W_layer_units_exponent_3': 6, 'W_layer_units_exponent_4': 10, 'W_layer_units_exponent_5': 8, 'W_layer_units_exponent_6': 9, 'D_layers': 7, 'D_layer_units_exponent_0': 5, 'D_layer_units_exponent_1': 10, 'D_layer_units_exponent_2': 4, 'D_layer_units_exponent_3': 8, 'D_layer_units_exponent_4': 10, 'D_layer_units_exponent_5': 9, 'D_layer_units_exponent_6': 8, 'log_learning_rate': -3.2743909825177795, 'log_learning_rate_D': -2.9026832791174035, 'training_batch_size': 7, 'training_p': 2}
	 epoch  0 training error:  tensor(0.9767, device='cuda:0', grad_fn=<DivBackward0>)
Memory status after this epoch: 
Memory allocated:  17.9296875
Memory cached:  38.0
	 epoch  10 training error:  tensor(0.5051, device='cuda:0', grad_fn=<DivBackward0>)
Memory status after this epoch: 
Memory allocated:  17.9296875
Memory cached:  38.0
	 epoch  20 training error:  tensor(0.5013, device='cuda:0', grad_fn=<DivBackward0>)
Memory status after this epoch: 
Memory allocated:  17.9296875
Memory cached:  38.0
	 epoch  30 training error:  tensor(0.5013, device='cuda:0', grad_fn=<DivBackward0>)
Memory status after this epoch: 
Memory allocated:  17.9296875
Memory cached:  38.0
	 epoch  40 training error:  tensor(0.5000, device='cuda:0', grad_fn=<DivBackward0>)
Memory status after this epoch: 
Memory allocated:  17.9296875
Memory cached:  38.0
	 epoch  50 training error:  tensor(0.4993, device='cuda:0', grad_fn=<DivBackward0>)
Memory status after this epoch: 
Memory allocated:  17.9296875
Memory cached:  38.0
	 epoch  60 training error:  tensor(0.4994, device='cuda:0', grad_fn=<DivBackward0>)
Memory status after this epoch: 
Memory allocated:  17.9296875
Memory cached:  38.0
	 epoch  70 training error:  tensor(0.4993, device='cuda:0', grad_fn=<DivBackward0>)
Memory status after this epoch: 
Memory allocated:  17.9296875
Memory cached:  38.0
	 epoch  80 training error:  tensor(0.4993, device='cuda:0', grad_fn=<DivBackward0>)
Memory status after this epoch: 
Memory allocated:  17.9296875
Memory cached:  38.0
	 epoch  90 training error:  tensor(0.4993, device='cuda:0', grad_fn=<DivBackward0>)
Memory status after this epoch: 
Memory allocated:  17.9296875
Memory cached:  38.0
