[I 2023-12-03 10:10:41,134] Trial 40 finished with value: 0.08674868941307068 and parameters: {'W_layers': 4, 'W_layer_units_exponent_0': 4, 'W_layer_units_exponent_1': 8, 'W_layer_units_exponent_2': 6, 'W_layer_units_exponent_3': 9, 'D_layers': 3, 'D_layer_units_exponent_0': 7, 'D_layer_units_exponent_1': 7, 'D_layer_units_exponent_2': 6, 'D_dagger_layers': 3, 'D_dagger_layer_units_exponent_0': 5, 'D_dagger_layer_units_exponent_1': 6, 'D_dagger_layer_units_exponent_2': 5, 'log_learning_rate': -2.97203117025562, 'log_learning_rate_D': -4.4268686729415325, 'log_learning_rate_D_dagger': -1.684838977237459, 'training_batch_size': 8, 'training_p': 2}. Best is trial 27 with value: 0.01944413036108017.
Time for this trial:  146.2901668548584
Memory status after this trial: 
Memory allocated:  154.693359375
Memory cached:  240.0
--------------------  Trial  41   --------------------
Start timing: 
Parameters: 
{'W_layers': 3, 'W_layer_units_exponent_0': 6, 'W_layer_units_exponent_1': 7, 'W_layer_units_exponent_2': 7, 'D_layers': 5, 'D_layer_units_exponent_0': 7, 'D_layer_units_exponent_1': 9, 'D_layer_units_exponent_2': 7, 'D_layer_units_exponent_3': 6, 'D_layer_units_exponent_4': 4, 'D_dagger_layers': 5, 'D_dagger_layer_units_exponent_0': 9, 'D_dagger_layer_units_exponent_1': 5, 'D_dagger_layer_units_exponent_2': 8, 'D_dagger_layer_units_exponent_3': 10, 'D_dagger_layer_units_exponent_4': 4, 'log_learning_rate': -3.3264772387276524, 'log_learning_rate_D': -3.2836916938253826, 'log_learning_rate_D_dagger': -2.8046953788385625, 'training_batch_size': 11, 'training_p': 6}
	 epoch  0 training error:  tensor(1.0396, device='cuda:0', grad_fn=<DivBackward0>)
Memory status after this epoch: 
Memory allocated:  96.35400390625
Memory cached:  254.0
	 epoch  10 training error:  tensor(0.2207, device='cuda:0', grad_fn=<DivBackward0>)
Memory status after this epoch: 
Memory allocated:  96.35400390625
Memory cached:  272.0
	 epoch  20 training error:  tensor(0.1656, device='cuda:0', grad_fn=<DivBackward0>)
Memory status after this epoch: 
Memory allocated:  96.35400390625
Memory cached:  282.0
	 epoch  30 training error:  tensor(0.1552, device='cuda:0', grad_fn=<DivBackward0>)
Memory status after this epoch: 
Memory allocated:  96.35400390625
Memory cached:  274.0
	 epoch  40 training error:  tensor(0.1463, device='cuda:0', grad_fn=<DivBackward0>)
Memory status after this epoch: 
Memory allocated:  96.35400390625
Memory cached:  276.0
	 epoch  50 training error:  tensor(0.1449, device='cuda:0', grad_fn=<DivBackward0>)
Memory status after this epoch: 
Memory allocated:  96.35400390625
Memory cached:  284.0
	 epoch  60 training error:  tensor(0.1421, device='cuda:0', grad_fn=<DivBackward0>)
Memory status after this epoch: 
Memory allocated:  96.35400390625
Memory cached:  270.0
	 epoch  70 training error:  tensor(0.1381, device='cuda:0', grad_fn=<DivBackward0>)
Memory status after this epoch: 
Memory allocated:  96.35400390625
Memory cached:  278.0
	 epoch  80 training error:  tensor(0.1161, device='cuda:0', grad_fn=<DivBackward0>)
Memory status after this epoch: 
Memory allocated:  96.35400390625
Memory cached:  284.0
	 epoch  90 training error:  tensor(0.1583, device='cuda:0', grad_fn=<DivBackward0>)
Memory status after this epoch: 
Memory allocated:  96.35400390625
Memory cached:  282.0
[I 2023-12-03 10:13:42,218] Trial 41 finished with value: 0.10049320757389069 and parameters: {'W_layers': 3, 'W_layer_units_exponent_0': 6, 'W_layer_units_exponent_1': 7, 'W_layer_units_exponent_2': 7, 'D_layers': 5, 'D_layer_units_exponent_0': 7, 'D_layer_units_exponent_1': 9, 'D_layer_units_exponent_2': 7, 'D_layer_units_exponent_3': 6, 'D_layer_units_exponent_4': 4, 'D_dagger_layers': 5, 'D_dagger_layer_units_exponent_0': 9, 'D_dagger_layer_units_exponent_1': 5, 'D_dagger_layer_units_exponent_2': 8, 'D_dagger_layer_units_exponent_3': 10, 'D_dagger_layer_units_exponent_4': 4, 'log_learning_rate': -3.3264772387276524, 'log_learning_rate_D': -3.2836916938253826, 'log_learning_rate_D_dagger': -2.8046953788385625, 'training_batch_size': 11, 'training_p': 6}. Best is trial 27 with value: 0.01944413036108017.
Time for this trial:  180.8236014842987
Memory status after this trial: 
Memory allocated:  252.3642578125
Memory cached:  258.0
--------------------  Trial  42   --------------------
Start timing: 
Parameters: 
{'W_layers': 3, 'W_layer_units_exponent_0': 7, 'W_layer_units_exponent_1': 7, 'W_layer_units_exponent_2': 7, 'D_layers': 5, 'D_layer_units_exponent_0': 7, 'D_layer_units_exponent_1': 10, 'D_layer_units_exponent_2': 7, 'D_layer_units_exponent_3': 7, 'D_layer_units_exponent_4': 4, 'D_dagger_layers': 7, 'D_dagger_layer_units_exponent_0': 10, 'D_dagger_layer_units_exponent_1': 5, 'D_dagger_layer_units_exponent_2': 10, 'D_dagger_layer_units_exponent_3': 8, 'D_dagger_layer_units_exponent_4': 4, 'D_dagger_layer_units_exponent_5': 6, 'D_dagger_layer_units_exponent_6': 10, 'log_learning_rate': -3.5253137927984652, 'log_learning_rate_D': -3.429462539065192, 'log_learning_rate_D_dagger': -2.46161652861211, 'training_batch_size': 11, 'training_p': 6}
	 epoch  0 training error:  tensor(1.0545, device='cuda:0', grad_fn=<DivBackward0>)
Memory status after this epoch: 
Memory allocated:  100.18994140625
Memory cached:  244.0
	 epoch  10 training error:  tensor(0.3799, device='cuda:0', grad_fn=<DivBackward0>)
Memory status after this epoch: 
Memory allocated:  100.18994140625
Memory cached:  276.0
	 epoch  20 training error:  tensor(0.1825, device='cuda:0', grad_fn=<DivBackward0>)
Memory status after this epoch: 
Memory allocated:  100.18994140625
Memory cached:  268.0
	 epoch  30 training error:  tensor(0.1651, device='cuda:0', grad_fn=<DivBackward0>)
Memory status after this epoch: 
Memory allocated:  100.18994140625
Memory cached:  278.0
	 epoch  40 training error:  tensor(0.1508, device='cuda:0', grad_fn=<DivBackward0>)
Memory status after this epoch: 
Memory allocated:  100.18994140625
Memory cached:  288.0
	 epoch  50 training error:  tensor(0.1428, device='cuda:0', grad_fn=<DivBackward0>)
Memory status after this epoch: 
Memory allocated:  100.18994140625
Memory cached:  288.0
	 epoch  60 training error:  tensor(0.1437, device='cuda:0', grad_fn=<DivBackward0>)
Memory status after this epoch: 
Memory allocated:  100.18994140625
Memory cached:  280.0
	 epoch  70 training error:  tensor(0.1436, device='cuda:0', grad_fn=<DivBackward0>)
Memory status after this epoch: 
Memory allocated:  100.18994140625
Memory cached:  280.0
	 epoch  80 training error:  tensor(0.1405, device='cuda:0', grad_fn=<DivBackward0>)
Memory status after this epoch: 
Memory allocated:  100.18994140625
Memory cached:  276.0
	 epoch  90 training error:  tensor(0.1398, device='cuda:0', grad_fn=<DivBackward0>)
Memory status after this epoch: 
Memory allocated:  100.18994140625
Memory cached:  286.0
[I 2023-12-03 10:17:11,576] Trial 42 finished with value: 0.11479109525680542 and parameters: {'W_layers': 3, 'W_layer_units_exponent_0': 7, 'W_layer_units_exponent_1': 7, 'W_layer_units_exponent_2': 7, 'D_layers': 5, 'D_layer_units_exponent_0': 7, 'D_layer_units_exponent_1': 10, 'D_layer_units_exponent_2': 7, 'D_layer_units_exponent_3': 7, 'D_layer_units_exponent_4': 4, 'D_dagger_layers': 7, 'D_dagger_layer_units_exponent_0': 10, 'D_dagger_layer_units_exponent_1': 5, 'D_dagger_layer_units_exponent_2': 10, 'D_dagger_layer_units_exponent_3': 8, 'D_dagger_layer_units_exponent_4': 4, 'D_dagger_layer_units_exponent_5': 6, 'D_dagger_layer_units_exponent_6': 10, 'log_learning_rate': -3.5253137927984652, 'log_learning_rate_D': -3.429462539065192, 'log_learning_rate_D_dagger': -2.46161652861211, 'training_batch_size': 11, 'training_p': 6}. Best is trial 27 with value: 0.01944413036108017.
Time for this trial:  209.0830957889557
Memory status after this trial: 
Memory allocated:  365.9375
Memory cached:  372.0
--------------------  Trial  43   --------------------
Start timing: 
Parameters: 
{'W_layers': 4, 'W_layer_units_exponent_0': 6, 'W_layer_units_exponent_1': 8, 'W_layer_units_exponent_2': 8, 'W_layer_units_exponent_3': 5, 'D_layers': 5, 'D_layer_units_exponent_0': 6, 'D_layer_units_exponent_1': 9, 'D_layer_units_exponent_2': 8, 'D_layer_units_exponent_3': 5, 'D_layer_units_exponent_4': 4, 'D_dagger_layers': 6, 'D_dagger_layer_units_exponent_0': 9, 'D_dagger_layer_units_exponent_1': 6, 'D_dagger_layer_units_exponent_2': 8, 'D_dagger_layer_units_exponent_3': 8, 'D_dagger_layer_units_exponent_4': 8, 'D_dagger_layer_units_exponent_5': 6, 'log_learning_rate': -2.880008299599983, 'log_learning_rate_D': -2.886912417573559, 'log_learning_rate_D_dagger': -2.6433154525321068, 'training_batch_size': 11, 'training_p': 7}
	 epoch  0 training error:  tensor(1.0125, device='cuda:0', grad_fn=<DivBackward0>)
Memory status after this epoch: 
Memory allocated:  96.21337890625
Memory cached:  244.0
	 epoch  10 training error:  tensor(0.2268, device='cuda:0', grad_fn=<DivBackward0>)
Memory status after this epoch: 
Memory allocated:  96.21337890625
Memory cached:  270.0
	 epoch  20 training error:  tensor(0.2255, device='cuda:0', grad_fn=<DivBackward0>)
Memory status after this epoch: 
Memory allocated:  96.21337890625
Memory cached:  266.0
	 epoch  30 training error:  tensor(0.1919, device='cuda:0', grad_fn=<DivBackward0>)
Memory status after this epoch: 
Memory allocated:  96.21337890625
Memory cached:  266.0
	 epoch  40 training error:  tensor(0.1514, device='cuda:0', grad_fn=<DivBackward0>)
Memory status after this epoch: 
Memory allocated:  96.21337890625
Memory cached:  260.0
	 epoch  50 training error:  tensor(0.1486, device='cuda:0', grad_fn=<DivBackward0>)
Memory status after this epoch: 
Memory allocated:  96.21337890625
Memory cached:  254.0
	 epoch  60 training error:  tensor(0.1476, device='cuda:0', grad_fn=<DivBackward0>)
Memory status after this epoch: 
Memory allocated:  96.21337890625
Memory cached:  276.0
	 epoch  70 training error:  tensor(0.1459, device='cuda:0', grad_fn=<DivBackward0>)
Memory status after this epoch: 
Memory allocated:  96.21337890625
Memory cached:  272.0
	 epoch  80 training error:  tensor(0.1433, device='cuda:0', grad_fn=<DivBackward0>)
Memory status after this epoch: 
Memory allocated:  96.21337890625
Memory cached:  266.0
	 epoch  90 training error:  tensor(0.1329, device='cuda:0', grad_fn=<DivBackward0>)
Memory status after this epoch: 
Memory allocated:  96.21337890625
Memory cached:  258.0
[I 2023-12-03 10:20:28,963] Trial 43 finished with value: 0.07950061559677124 and parameters: {'W_layers': 4, 'W_layer_units_exponent_0': 6, 'W_layer_units_exponent_1': 8, 'W_layer_units_exponent_2': 8, 'W_layer_units_exponent_3': 5, 'D_layers': 5, 'D_layer_units_exponent_0': 6, 'D_layer_units_exponent_1': 9, 'D_layer_units_exponent_2': 8, 'D_layer_units_exponent_3': 5, 'D_layer_units_exponent_4': 4, 'D_dagger_layers': 6, 'D_dagger_layer_units_exponent_0': 9, 'D_dagger_layer_units_exponent_1': 6, 'D_dagger_layer_units_exponent_2': 8, 'D_dagger_layer_units_exponent_3': 8, 'D_dagger_layer_units_exponent_4': 8, 'D_dagger_layer_units_exponent_5': 6, 'log_learning_rate': -2.880008299599983, 'log_learning_rate_D': -2.886912417573559, 'log_learning_rate_D_dagger': -2.6433154525321068, 'training_batch_size': 11, 'training_p': 7}. Best is trial 27 with value: 0.01944413036108017.
Time for this trial:  197.10364484786987
Memory status after this trial: 
Memory allocated:  246.51513671875
Memory cached:  252.0
--------------------  Trial  44   --------------------
Start timing: 
Parameters: 
{'W_layers': 3, 'W_layer_units_exponent_0': 7, 'W_layer_units_exponent_1': 7, 'W_layer_units_exponent_2': 9, 'D_layers': 6, 'D_layer_units_exponent_0': 6, 'D_layer_units_exponent_1': 8, 'D_layer_units_exponent_2': 8, 'D_layer_units_exponent_3': 6, 'D_layer_units_exponent_4': 4, 'D_layer_units_exponent_5': 6, 'D_dagger_layers': 5, 'D_dagger_layer_units_exponent_0': 9, 'D_dagger_layer_units_exponent_1': 5, 'D_dagger_layer_units_exponent_2': 7, 'D_dagger_layer_units_exponent_3': 10, 'D_dagger_layer_units_exponent_4': 4, 'log_learning_rate': -2.638903008427603, 'log_learning_rate_D': -3.1528236158403495, 'log_learning_rate_D_dagger': -2.9800484679181736, 'training_batch_size': 10, 'training_p': 6}
	 epoch  0 training error:  tensor(0.9915, device='cuda:0', grad_fn=<DivBackward0>)
Memory status after this epoch: 
Memory allocated:  94.55908203125
Memory cached:  260.0
	 epoch  10 training error:  tensor(0.2059, device='cuda:0', grad_fn=<DivBackward0>)
Memory status after this epoch: 
Memory allocated:  94.55908203125
Memory cached:  300.0
	 epoch  20 training error:  tensor(0.1465, device='cuda:0', grad_fn=<DivBackward0>)
Memory status after this epoch: 
Memory allocated:  94.55908203125
Memory cached:  294.0
	 epoch  30 training error:  tensor(0.1466, device='cuda:0', grad_fn=<DivBackward0>)
Memory status after this epoch: 
Memory allocated:  94.55908203125
Memory cached:  306.0
	 epoch  40 training error:  tensor(0.1460, device='cuda:0', grad_fn=<DivBackward0>)
Memory status after this epoch: 
Memory allocated:  94.55908203125
Memory cached:  288.0
	 epoch  50 training error:  tensor(0.1396, device='cuda:0', grad_fn=<DivBackward0>)
Memory status after this epoch: 
Memory allocated:  94.55908203125
Memory cached:  300.0
	 epoch  60 training error:  tensor(0.1347, device='cuda:0', grad_fn=<DivBackward0>)
Memory status after this epoch: 
Memory allocated:  94.55908203125
Memory cached:  300.0
	 epoch  70 training error:  tensor(0.1209, device='cuda:0', grad_fn=<DivBackward0>)
Memory status after this epoch: 
Memory allocated:  94.55908203125
Memory cached:  296.0
	 epoch  80 training error:  tensor(0.1057, device='cuda:0', grad_fn=<DivBackward0>)
Memory status after this epoch: 
Memory allocated:  94.55908203125
Memory cached:  294.0
	 epoch  90 training error:  tensor(0.0786, device='cuda:0', grad_fn=<DivBackward0>)
Memory status after this epoch: 
Memory allocated:  94.55908203125
Memory cached:  292.0
[I 2023-12-03 10:23:37,450] Trial 44 finished with value: 0.04228599742054939 and parameters: {'W_layers': 3, 'W_layer_units_exponent_0': 7, 'W_layer_units_exponent_1': 7, 'W_layer_units_exponent_2': 9, 'D_layers': 6, 'D_layer_units_exponent_0': 6, 'D_layer_units_exponent_1': 8, 'D_layer_units_exponent_2': 8, 'D_layer_units_exponent_3': 6, 'D_layer_units_exponent_4': 4, 'D_layer_units_exponent_5': 6, 'D_dagger_layers': 5, 'D_dagger_layer_units_exponent_0': 9, 'D_dagger_layer_units_exponent_1': 5, 'D_dagger_layer_units_exponent_2': 7, 'D_dagger_layer_units_exponent_3': 10, 'D_dagger_layer_units_exponent_4': 4, 'log_learning_rate': -2.638903008427603, 'log_learning_rate_D': -3.1528236158403495, 'log_learning_rate_D_dagger': -2.9800484679181736, 'training_batch_size': 10, 'training_p': 6}. Best is trial 27 with value: 0.01944413036108017.
Time for this trial:  188.208509683609
Memory status after this trial: 
Memory allocated:  258.52099609375
Memory cached:  274.0
--------------------  Trial  45   --------------------
Start timing: 
Parameters: 
{'W_layers': 5, 'W_layer_units_exponent_0': 6, 'W_layer_units_exponent_1': 6, 'W_layer_units_exponent_2': 7, 'W_layer_units_exponent_3': 8, 'W_layer_units_exponent_4': 6, 'D_layers': 4, 'D_layer_units_exponent_0': 4, 'D_layer_units_exponent_1': 9, 'D_layer_units_exponent_2': 6, 'D_layer_units_exponent_3': 5, 'D_dagger_layers': 7, 'D_dagger_layer_units_exponent_0': 7, 'D_dagger_layer_units_exponent_1': 7, 'D_dagger_layer_units_exponent_2': 9, 'D_dagger_layer_units_exponent_3': 9, 'D_dagger_layer_units_exponent_4': 8, 'D_dagger_layer_units_exponent_5': 8, 'D_dagger_layer_units_exponent_6': 4, 'log_learning_rate': -3.878257105925867, 'log_learning_rate_D': -3.5739787904163123, 'log_learning_rate_D_dagger': -2.1390434364227815, 'training_batch_size': 12, 'training_p': 7}
	 epoch  0 training error:  tensor(1.0148, device='cuda:0', grad_fn=<DivBackward0>)
Memory status after this epoch: 
Memory allocated:  99.05517578125
Memory cached:  244.0
	 epoch  10 training error:  tensor(0.2459, device='cuda:0', grad_fn=<DivBackward0>)
Memory status after this epoch: 
Memory allocated:  99.05517578125
Memory cached:  274.0
	 epoch  20 training error:  tensor(0.2806, device='cuda:0', grad_fn=<DivBackward0>)
Memory status after this epoch: 
Memory allocated:  99.05517578125
Memory cached:  268.0
	 epoch  30 training error:  tensor(0.2401, device='cuda:0', grad_fn=<DivBackward0>)
Memory status after this epoch: 
Memory allocated:  99.05517578125
Memory cached:  266.0
	 epoch  40 training error:  tensor(0.1981, device='cuda:0', grad_fn=<DivBackward0>)
Memory status after this epoch: 
Memory allocated:  99.05517578125
Memory cached:  272.0
	 epoch  50 training error:  tensor(0.1468, device='cuda:0', grad_fn=<DivBackward0>)
Memory status after this epoch: 
Memory allocated:  99.05517578125
Memory cached:  260.0
	 epoch  60 training error:  tensor(0.1556, device='cuda:0', grad_fn=<DivBackward0>)
Memory status after this epoch: 
Memory allocated:  99.05517578125
Memory cached:  264.0
	 epoch  70 training error:  tensor(0.1534, device='cuda:0', grad_fn=<DivBackward0>)
Memory status after this epoch: 
Memory allocated:  99.05517578125
Memory cached:  274.0
	 epoch  80 training error:  tensor(0.1523, device='cuda:0', grad_fn=<DivBackward0>)
Memory status after this epoch: 
Memory allocated:  99.05517578125
Memory cached:  264.0
	 epoch  90 training error:  tensor(0.1511, device='cuda:0', grad_fn=<DivBackward0>)
Memory status after this epoch: 
Memory allocated:  99.05517578125
Memory cached:  272.0
[I 2023-12-03 10:27:00,501] Trial 45 finished with value: 0.11711430549621582 and parameters: {'W_layers': 5, 'W_layer_units_exponent_0': 6, 'W_layer_units_exponent_1': 6, 'W_layer_units_exponent_2': 7, 'W_layer_units_exponent_3': 8, 'W_layer_units_exponent_4': 6, 'D_layers': 4, 'D_layer_units_exponent_0': 4, 'D_layer_units_exponent_1': 9, 'D_layer_units_exponent_2': 6, 'D_layer_units_exponent_3': 5, 'D_dagger_layers': 7, 'D_dagger_layer_units_exponent_0': 7, 'D_dagger_layer_units_exponent_1': 7, 'D_dagger_layer_units_exponent_2': 9, 'D_dagger_layer_units_exponent_3': 9, 'D_dagger_layer_units_exponent_4': 8, 'D_dagger_layer_units_exponent_5': 8, 'D_dagger_layer_units_exponent_6': 4, 'log_learning_rate': -3.878257105925867, 'log_learning_rate_D': -3.5739787904163123, 'log_learning_rate_D_dagger': -2.1390434364227815, 'training_batch_size': 12, 'training_p': 7}. Best is trial 27 with value: 0.01944413036108017.
Time for this trial:  202.767737865448
Memory status after this trial: 
Memory allocated:  254.22607421875
Memory cached:  260.0
--------------------  Trial  46   --------------------
Start timing: 
Parameters: 
{'W_layers': 2, 'W_layer_units_exponent_0': 5, 'W_layer_units_exponent_1': 9, 'D_layers': 6, 'D_layer_units_exponent_0': 5, 'D_layer_units_exponent_1': 10, 'D_layer_units_exponent_2': 10, 'D_layer_units_exponent_3': 7, 'D_layer_units_exponent_4': 5, 'D_layer_units_exponent_5': 4, 'D_dagger_layers': 2, 'D_dagger_layer_units_exponent_0': 8, 'D_dagger_layer_units_exponent_1': 6, 'log_learning_rate': -3.4753680182844433, 'log_learning_rate_D': -2.3629888862694166, 'log_learning_rate_D_dagger': -3.2245416284956914, 'training_batch_size': 10, 'training_p': 6}
	 epoch  0 training error:  tensor(0.9999, device='cuda:0', grad_fn=<DivBackward0>)
Memory status after this epoch: 
Memory allocated:  108.24462890625
Memory cached:  270.0
	 epoch  10 training error:  tensor(0.2968, device='cuda:0', grad_fn=<DivBackward0>)
Memory status after this epoch: 
Memory allocated:  108.24462890625
Memory cached:  302.0
	 epoch  20 training error:  tensor(0.1906, device='cuda:0', grad_fn=<DivBackward0>)
Memory status after this epoch: 
Memory allocated:  108.24462890625
Memory cached:  306.0
	 epoch  30 training error:  tensor(0.1837, device='cuda:0', grad_fn=<DivBackward0>)
Memory status after this epoch: 
Memory allocated:  108.24462890625
Memory cached:  308.0
	 epoch  40 training error:  tensor(0.1563, device='cuda:0', grad_fn=<DivBackward0>)
Memory status after this epoch: 
Memory allocated:  108.24462890625
Memory cached:  300.0
	 epoch  50 training error:  tensor(0.1334, device='cuda:0', grad_fn=<DivBackward0>)
Memory status after this epoch: 
Memory allocated:  108.24462890625
Memory cached:  302.0
	 epoch  60 training error:  tensor(0.0880, device='cuda:0', grad_fn=<DivBackward0>)
Memory status after this epoch: 
Memory allocated:  108.24462890625
Memory cached:  308.0
	 epoch  70 training error:  tensor(0.1484, device='cuda:0', grad_fn=<DivBackward0>)
Memory status after this epoch: 
Memory allocated:  108.24462890625
Memory cached:  312.0
	 epoch  80 training error:  tensor(0.1442, device='cuda:0', grad_fn=<DivBackward0>)
Memory status after this epoch: 
Memory allocated:  108.24462890625
Memory cached:  304.0
	 epoch  90 training error:  tensor(0.1453, device='cuda:0', grad_fn=<DivBackward0>)
Memory status after this epoch: 
Memory allocated:  108.24462890625
Memory cached:  290.0
