[I 2023-12-03 09:10:11,206] Trial 36 finished with value: 0.046372897922992706 and parameters: {'W_layers': 6, 'W_layer_units_exponent_0': 5, 'W_layer_units_exponent_1': 10, 'W_layer_units_exponent_2': 9, 'W_layer_units_exponent_3': 5, 'W_layer_units_exponent_4': 7, 'W_layer_units_exponent_5': 10, 'D_layers': 5, 'D_layer_units_exponent_0': 5, 'D_layer_units_exponent_1': 7, 'D_layer_units_exponent_2': 4, 'D_layer_units_exponent_3': 7, 'D_layer_units_exponent_4': 8, 'D_dagger_layers': 4, 'D_dagger_layer_units_exponent_0': 5, 'D_dagger_layer_units_exponent_1': 4, 'D_dagger_layer_units_exponent_2': 8, 'D_dagger_layer_units_exponent_3': 7, 'log_learning_rate': -2.2871529886108624, 'log_learning_rate_D': -3.549859055164967, 'log_learning_rate_D_dagger': -2.28134992444762, 'training_batch_size': 10, 'training_p': 5}. Best is trial 12 with value: 0.04295838996767998.
Time for this trial:  196.10224103927612
Memory status after this trial: 
Memory allocated:  341.35888671875
Memory cached:  360.0
--------------------  Trial  37   --------------------
Start timing: 
Parameters: 
{'W_layers': 2, 'W_layer_units_exponent_0': 6, 'W_layer_units_exponent_1': 9, 'D_layers': 6, 'D_layer_units_exponent_0': 7, 'D_layer_units_exponent_1': 8, 'D_layer_units_exponent_2': 8, 'D_layer_units_exponent_3': 8, 'D_layer_units_exponent_4': 9, 'D_layer_units_exponent_5': 9, 'D_dagger_layers': 3, 'D_dagger_layer_units_exponent_0': 5, 'D_dagger_layer_units_exponent_1': 5, 'D_dagger_layer_units_exponent_2': 5, 'log_learning_rate': -1.820670361612183, 'log_learning_rate_D': -3.1819502611438564, 'log_learning_rate_D_dagger': -1.0884953879040586, 'training_batch_size': 11, 'training_p': 3}
	 epoch  0 training error:  tensor(1.7314, device='cuda:0', grad_fn=<DivBackward0>)
Memory status after this epoch: 
Memory allocated:  154.7626953125
Memory cached:  304.0
	 epoch  10 training error:  tensor(1.3926, device='cuda:0', grad_fn=<DivBackward0>)
Memory status after this epoch: 
Memory allocated:  154.7626953125
Memory cached:  334.0
	 epoch  20 training error:  tensor(2.3341, device='cuda:0', grad_fn=<DivBackward0>)
Memory status after this epoch: 
Memory allocated:  154.7626953125
Memory cached:  342.0
	 epoch  30 training error:  tensor(0.5205, device='cuda:0', grad_fn=<DivBackward0>)
Memory status after this epoch: 
Memory allocated:  154.7626953125
Memory cached:  336.0
	 epoch  40 training error:  tensor(0.3134, device='cuda:0', grad_fn=<DivBackward0>)
Memory status after this epoch: 
Memory allocated:  154.7626953125
Memory cached:  336.0
	 epoch  50 training error:  tensor(0.1949, device='cuda:0', grad_fn=<DivBackward0>)
Memory status after this epoch: 
Memory allocated:  154.7626953125
Memory cached:  334.0
	 epoch  60 training error:  tensor(0.1539, device='cuda:0', grad_fn=<DivBackward0>)
Memory status after this epoch: 
Memory allocated:  154.7626953125
Memory cached:  346.0
	 epoch  70 training error:  tensor(0.1314, device='cuda:0', grad_fn=<DivBackward0>)
Memory status after this epoch: 
Memory allocated:  154.7626953125
Memory cached:  338.0
	 epoch  80 training error:  tensor(0.1249, device='cuda:0', grad_fn=<DivBackward0>)
Memory status after this epoch: 
Memory allocated:  154.7626953125
Memory cached:  356.0
	 epoch  90 training error:  tensor(0.1230, device='cuda:0', grad_fn=<DivBackward0>)
Memory status after this epoch: 
Memory allocated:  154.7626953125
Memory cached:  346.0
[I 2023-12-03 09:12:50,897] Trial 37 finished with value: 0.12964704632759094 and parameters: {'W_layers': 2, 'W_layer_units_exponent_0': 6, 'W_layer_units_exponent_1': 9, 'D_layers': 6, 'D_layer_units_exponent_0': 7, 'D_layer_units_exponent_1': 8, 'D_layer_units_exponent_2': 8, 'D_layer_units_exponent_3': 8, 'D_layer_units_exponent_4': 9, 'D_layer_units_exponent_5': 9, 'D_dagger_layers': 3, 'D_dagger_layer_units_exponent_0': 5, 'D_dagger_layer_units_exponent_1': 5, 'D_dagger_layer_units_exponent_2': 5, 'log_learning_rate': -1.820670361612183, 'log_learning_rate_D': -3.1819502611438564, 'log_learning_rate_D_dagger': -1.0884953879040586, 'training_batch_size': 11, 'training_p': 3}. Best is trial 12 with value: 0.04295838996767998.
Time for this trial:  159.4193036556244
Memory status after this trial: 
Memory allocated:  279.97900390625
Memory cached:  324.0
--------------------  Trial  38   --------------------
Start timing: 
Parameters: 
{'W_layers': 4, 'W_layer_units_exponent_0': 5, 'W_layer_units_exponent_1': 10, 'W_layer_units_exponent_2': 8, 'W_layer_units_exponent_3': 4, 'D_layers': 6, 'D_layer_units_exponent_0': 4, 'D_layer_units_exponent_1': 7, 'D_layer_units_exponent_2': 4, 'D_layer_units_exponent_3': 6, 'D_layer_units_exponent_4': 9, 'D_layer_units_exponent_5': 6, 'D_dagger_layers': 7, 'D_dagger_layer_units_exponent_0': 4, 'D_dagger_layer_units_exponent_1': 4, 'D_dagger_layer_units_exponent_2': 7, 'D_dagger_layer_units_exponent_3': 10, 'D_dagger_layer_units_exponent_4': 6, 'D_dagger_layer_units_exponent_5': 10, 'D_dagger_layer_units_exponent_6': 10, 'log_learning_rate': -1.5274686672667241, 'log_learning_rate_D': -3.372824375591712, 'log_learning_rate_D_dagger': -2.3509696030683362, 'training_batch_size': 12, 'training_p': 4}
	 epoch  0 training error:  tensor(1.2888, device='cuda:0', grad_fn=<DivBackward0>)
Memory status after this epoch: 
Memory allocated:  171.4443359375
Memory cached:  318.0
	 epoch  10 training error:  tensor(2.1983, device='cuda:0', grad_fn=<DivBackward0>)
Memory status after this epoch: 
Memory allocated:  171.4443359375
Memory cached:  352.0
	 epoch  20 training error:  tensor(1.7207, device='cuda:0', grad_fn=<DivBackward0>)
Memory status after this epoch: 
Memory allocated:  171.4443359375
Memory cached:  348.0
	 epoch  30 training error:  tensor(0.8261, device='cuda:0', grad_fn=<DivBackward0>)
Memory status after this epoch: 
Memory allocated:  171.4443359375
Memory cached:  348.0
	 epoch  40 training error:  tensor(0.2788, device='cuda:0', grad_fn=<DivBackward0>)
Memory status after this epoch: 
Memory allocated:  171.4443359375
Memory cached:  344.0
	 epoch  50 training error:  tensor(0.3559, device='cuda:0', grad_fn=<DivBackward0>)
Memory status after this epoch: 
Memory allocated:  171.4443359375
Memory cached:  344.0
	 epoch  60 training error:  tensor(0.1001, device='cuda:0', grad_fn=<DivBackward0>)
Memory status after this epoch: 
Memory allocated:  171.4443359375
Memory cached:  352.0
	 epoch  70 training error:  tensor(0.1446, device='cuda:0', grad_fn=<DivBackward0>)
Memory status after this epoch: 
Memory allocated:  171.4443359375
Memory cached:  340.0
	 epoch  80 training error:  tensor(0.1631, device='cuda:0', grad_fn=<DivBackward0>)
Memory status after this epoch: 
Memory allocated:  171.4443359375
Memory cached:  346.0
	 epoch  90 training error:  tensor(0.1969, device='cuda:0', grad_fn=<DivBackward0>)
Memory status after this epoch: 
Memory allocated:  171.4443359375
Memory cached:  346.0
[I 2023-12-03 09:16:34,955] Trial 38 finished with value: 0.21651826798915863 and parameters: {'W_layers': 4, 'W_layer_units_exponent_0': 5, 'W_layer_units_exponent_1': 10, 'W_layer_units_exponent_2': 8, 'W_layer_units_exponent_3': 4, 'D_layers': 6, 'D_layer_units_exponent_0': 4, 'D_layer_units_exponent_1': 7, 'D_layer_units_exponent_2': 4, 'D_layer_units_exponent_3': 6, 'D_layer_units_exponent_4': 9, 'D_layer_units_exponent_5': 6, 'D_dagger_layers': 7, 'D_dagger_layer_units_exponent_0': 4, 'D_dagger_layer_units_exponent_1': 4, 'D_dagger_layer_units_exponent_2': 7, 'D_dagger_layer_units_exponent_3': 10, 'D_dagger_layer_units_exponent_4': 6, 'D_dagger_layer_units_exponent_5': 10, 'D_dagger_layer_units_exponent_6': 10, 'log_learning_rate': -1.5274686672667241, 'log_learning_rate_D': -3.372824375591712, 'log_learning_rate_D_dagger': -2.3509696030683362, 'training_batch_size': 12, 'training_p': 4}. Best is trial 12 with value: 0.04295838996767998.
Time for this trial:  223.7493736743927
Memory status after this trial: 
Memory allocated:  440.58935546875
Memory cached:  458.0
--------------------  Trial  39   --------------------
Start timing: 
Parameters: 
{'W_layers': 7, 'W_layer_units_exponent_0': 6, 'W_layer_units_exponent_1': 4, 'W_layer_units_exponent_2': 10, 'W_layer_units_exponent_3': 5, 'W_layer_units_exponent_4': 7, 'W_layer_units_exponent_5': 9, 'W_layer_units_exponent_6': 7, 'D_layers': 3, 'D_layer_units_exponent_0': 7, 'D_layer_units_exponent_1': 9, 'D_layer_units_exponent_2': 9, 'D_dagger_layers': 4, 'D_dagger_layer_units_exponent_0': 5, 'D_dagger_layer_units_exponent_1': 8, 'D_dagger_layer_units_exponent_2': 8, 'D_dagger_layer_units_exponent_3': 6, 'log_learning_rate': -2.1142475797592652, 'log_learning_rate_D': -3.847179713758794, 'log_learning_rate_D_dagger': -2.8549498344301742, 'training_batch_size': 10, 'training_p': 5}
	 epoch  0 training error:  tensor(0.9633, device='cuda:0', grad_fn=<DivBackward0>)
Memory status after this epoch: 
Memory allocated:  154.9462890625
Memory cached:  300.0
	 epoch  10 training error:  tensor(0.2015, device='cuda:0', grad_fn=<DivBackward0>)
Memory status after this epoch: 
Memory allocated:  154.9462890625
Memory cached:  328.0
	 epoch  20 training error:  tensor(0.0920, device='cuda:0', grad_fn=<DivBackward0>)
Memory status after this epoch: 
Memory allocated:  154.9462890625
Memory cached:  318.0
	 epoch  30 training error:  tensor(0.0781, device='cuda:0', grad_fn=<DivBackward0>)
Memory status after this epoch: 
Memory allocated:  154.9462890625
Memory cached:  326.0
	 epoch  40 training error:  tensor(0.0601, device='cuda:0', grad_fn=<DivBackward0>)
Memory status after this epoch: 
Memory allocated:  154.9462890625
Memory cached:  320.0
	 epoch  50 training error:  tensor(0.0587, device='cuda:0', grad_fn=<DivBackward0>)
Memory status after this epoch: 
Memory allocated:  154.9462890625
Memory cached:  326.0
	 epoch  60 training error:  tensor(0.0517, device='cuda:0', grad_fn=<DivBackward0>)
Memory status after this epoch: 
Memory allocated:  154.9462890625
Memory cached:  322.0
	 epoch  70 training error:  tensor(0.0480, device='cuda:0', grad_fn=<DivBackward0>)
Memory status after this epoch: 
Memory allocated:  154.9462890625
Memory cached:  324.0
	 epoch  80 training error:  tensor(0.0461, device='cuda:0', grad_fn=<DivBackward0>)
Memory status after this epoch: 
Memory allocated:  154.9462890625
Memory cached:  322.0
	 epoch  90 training error:  tensor(0.0468, device='cuda:0', grad_fn=<DivBackward0>)
Memory status after this epoch: 
Memory allocated:  154.9462890625
Memory cached:  320.0
[I 2023-12-03 09:19:46,229] Trial 39 finished with value: 0.0839630588889122 and parameters: {'W_layers': 7, 'W_layer_units_exponent_0': 6, 'W_layer_units_exponent_1': 4, 'W_layer_units_exponent_2': 10, 'W_layer_units_exponent_3': 5, 'W_layer_units_exponent_4': 7, 'W_layer_units_exponent_5': 9, 'W_layer_units_exponent_6': 7, 'D_layers': 3, 'D_layer_units_exponent_0': 7, 'D_layer_units_exponent_1': 9, 'D_layer_units_exponent_2': 9, 'D_dagger_layers': 4, 'D_dagger_layer_units_exponent_0': 5, 'D_dagger_layer_units_exponent_1': 8, 'D_dagger_layer_units_exponent_2': 8, 'D_dagger_layer_units_exponent_3': 6, 'log_learning_rate': -2.1142475797592652, 'log_learning_rate_D': -3.847179713758794, 'log_learning_rate_D_dagger': -2.8549498344301742, 'training_batch_size': 10, 'training_p': 5}. Best is trial 12 with value: 0.04295838996767998.
Time for this trial:  190.98384404182434
Memory status after this trial: 
Memory allocated:  340.58837890625
Memory cached:  346.0
--------------------  Trial  40   --------------------
Start timing: 
Parameters: 
{'W_layers': 8, 'W_layer_units_exponent_0': 6, 'W_layer_units_exponent_1': 9, 'W_layer_units_exponent_2': 9, 'W_layer_units_exponent_3': 6, 'W_layer_units_exponent_4': 8, 'W_layer_units_exponent_5': 8, 'W_layer_units_exponent_6': 6, 'W_layer_units_exponent_7': 5, 'D_layers': 7, 'D_layer_units_exponent_0': 6, 'D_layer_units_exponent_1': 8, 'D_layer_units_exponent_2': 7, 'D_layer_units_exponent_3': 5, 'D_layer_units_exponent_4': 7, 'D_layer_units_exponent_5': 8, 'D_layer_units_exponent_6': 7, 'D_dagger_layers': 5, 'D_dagger_layer_units_exponent_0': 6, 'D_dagger_layer_units_exponent_1': 5, 'D_dagger_layer_units_exponent_2': 4, 'D_dagger_layer_units_exponent_3': 8, 'D_dagger_layer_units_exponent_4': 9, 'log_learning_rate': -1.2187564664959054, 'log_learning_rate_D': -4.55320702647679, 'log_learning_rate_D_dagger': -3.561445533911951, 'training_batch_size': 11, 'training_p': 2}
	 epoch  0 training error:  tensor(1.0581, device='cuda:0', grad_fn=<DivBackward0>)
Memory status after this epoch: 
Memory allocated:  156.2509765625
Memory cached:  304.0
	 epoch  10 training error:  tensor(256.6616, device='cuda:0', grad_fn=<DivBackward0>)
Memory status after this epoch: 
Memory allocated:  156.2509765625
Memory cached:  326.0
	 epoch  20 training error:  tensor(95.8932, device='cuda:0', grad_fn=<DivBackward0>)
Memory status after this epoch: 
Memory allocated:  156.2509765625
Memory cached:  326.0
	 epoch  30 training error:  tensor(154.1892, device='cuda:0', grad_fn=<DivBackward0>)
Memory status after this epoch: 
Memory allocated:  156.2509765625
Memory cached:  334.0
	 epoch  40 training error:  tensor(0.2061, device='cuda:0', grad_fn=<DivBackward0>)
Memory status after this epoch: 
Memory allocated:  156.2509765625
Memory cached:  330.0
	 epoch  50 training error:  tensor(0.1395, device='cuda:0', grad_fn=<DivBackward0>)
Memory status after this epoch: 
Memory allocated:  156.2509765625
Memory cached:  328.0
	 epoch  60 training error:  tensor(0.0904, device='cuda:0', grad_fn=<DivBackward0>)
Memory status after this epoch: 
Memory allocated:  156.2509765625
Memory cached:  336.0
	 epoch  70 training error:  tensor(0.0885, device='cuda:0', grad_fn=<DivBackward0>)
Memory status after this epoch: 
Memory allocated:  156.2509765625
Memory cached:  330.0
	 epoch  80 training error:  tensor(0.0777, device='cuda:0', grad_fn=<DivBackward0>)
Memory status after this epoch: 
Memory allocated:  156.2509765625
Memory cached:  334.0
	 epoch  90 training error:  tensor(0.0732, device='cuda:0', grad_fn=<DivBackward0>)
Memory status after this epoch: 
Memory allocated:  156.2509765625
Memory cached:  326.0
[I 2023-12-03 09:23:41,620] Trial 40 finished with value: 0.07507314532995224 and parameters: {'W_layers': 8, 'W_layer_units_exponent_0': 6, 'W_layer_units_exponent_1': 9, 'W_layer_units_exponent_2': 9, 'W_layer_units_exponent_3': 6, 'W_layer_units_exponent_4': 8, 'W_layer_units_exponent_5': 8, 'W_layer_units_exponent_6': 6, 'W_layer_units_exponent_7': 5, 'D_layers': 7, 'D_layer_units_exponent_0': 6, 'D_layer_units_exponent_1': 8, 'D_layer_units_exponent_2': 7, 'D_layer_units_exponent_3': 5, 'D_layer_units_exponent_4': 7, 'D_layer_units_exponent_5': 8, 'D_layer_units_exponent_6': 7, 'D_dagger_layers': 5, 'D_dagger_layer_units_exponent_0': 6, 'D_dagger_layer_units_exponent_1': 5, 'D_dagger_layer_units_exponent_2': 4, 'D_dagger_layer_units_exponent_3': 8, 'D_dagger_layer_units_exponent_4': 9, 'log_learning_rate': -1.2187564664959054, 'log_learning_rate_D': -4.55320702647679, 'log_learning_rate_D_dagger': -3.561445533911951, 'training_batch_size': 11, 'training_p': 2}. Best is trial 12 with value: 0.04295838996767998.
Time for this trial:  235.0764126777649
Memory status after this trial: 
Memory allocated:  339.83203125
Memory cached:  346.0
--------------------  Trial  41   --------------------
Start timing: 
Parameters: 
{'W_layers': 8, 'W_layer_units_exponent_0': 8, 'W_layer_units_exponent_1': 7, 'W_layer_units_exponent_2': 7, 'W_layer_units_exponent_3': 8, 'W_layer_units_exponent_4': 6, 'W_layer_units_exponent_5': 8, 'W_layer_units_exponent_6': 5, 'W_layer_units_exponent_7': 6, 'D_layers': 4, 'D_layer_units_exponent_0': 8, 'D_layer_units_exponent_1': 5, 'D_layer_units_exponent_2': 4, 'D_layer_units_exponent_3': 9, 'D_dagger_layers': 2, 'D_dagger_layer_units_exponent_0': 6, 'D_dagger_layer_units_exponent_1': 4, 'log_learning_rate': -2.687593881686846, 'log_learning_rate_D': -4.024442669428689, 'log_learning_rate_D_dagger': -2.057067333652862, 'training_batch_size': 9, 'training_p': 7}
	 epoch  0 training error:  tensor(0.8384, device='cuda:0', grad_fn=<DivBackward0>)
Memory status after this epoch: 
Memory allocated:  147.9228515625
Memory cached:  300.0
	 epoch  10 training error:  tensor(0.2061, device='cuda:0', grad_fn=<DivBackward0>)
Memory status after this epoch: 
Memory allocated:  147.9228515625
Memory cached:  334.0
	 epoch  20 training error:  tensor(0.1614, device='cuda:0', grad_fn=<DivBackward0>)
Memory status after this epoch: 
Memory allocated:  147.9228515625
Memory cached:  326.0
	 epoch  30 training error:  tensor(0.1222, device='cuda:0', grad_fn=<DivBackward0>)
Memory status after this epoch: 
Memory allocated:  147.9228515625
Memory cached:  334.0
	 epoch  40 training error:  tensor(0.0724, device='cuda:0', grad_fn=<DivBackward0>)
Memory status after this epoch: 
Memory allocated:  147.9228515625
Memory cached:  332.0
	 epoch  50 training error:  tensor(0.0701, device='cuda:0', grad_fn=<DivBackward0>)
Memory status after this epoch: 
Memory allocated:  147.9228515625
Memory cached:  326.0
	 epoch  60 training error:  tensor(0.0697, device='cuda:0', grad_fn=<DivBackward0>)
Memory status after this epoch: 
Memory allocated:  147.9228515625
Memory cached:  334.0
	 epoch  70 training error:  tensor(0.0643, device='cuda:0', grad_fn=<DivBackward0>)
Memory status after this epoch: 
Memory allocated:  147.9228515625
Memory cached:  328.0
	 epoch  80 training error:  tensor(0.0607, device='cuda:0', grad_fn=<DivBackward0>)
Memory status after this epoch: 
Memory allocated:  147.9228515625
Memory cached:  330.0
	 epoch  90 training error:  tensor(0.0582, device='cuda:0', grad_fn=<DivBackward0>)
Memory status after this epoch: 
Memory allocated:  147.9228515625
Memory cached:  328.0
[I 2023-12-03 09:26:40,438] Trial 41 finished with value: 0.04462409019470215 and parameters: {'W_layers': 8, 'W_layer_units_exponent_0': 8, 'W_layer_units_exponent_1': 7, 'W_layer_units_exponent_2': 7, 'W_layer_units_exponent_3': 8, 'W_layer_units_exponent_4': 6, 'W_layer_units_exponent_5': 8, 'W_layer_units_exponent_6': 5, 'W_layer_units_exponent_7': 6, 'D_layers': 4, 'D_layer_units_exponent_0': 8, 'D_layer_units_exponent_1': 5, 'D_layer_units_exponent_2': 4, 'D_layer_units_exponent_3': 9, 'D_dagger_layers': 2, 'D_dagger_layer_units_exponent_0': 6, 'D_dagger_layer_units_exponent_1': 4, 'log_learning_rate': -2.687593881686846, 'log_learning_rate_D': -4.024442669428689, 'log_learning_rate_D_dagger': -2.057067333652862, 'training_batch_size': 9, 'training_p': 7}. Best is trial 12 with value: 0.04295838996767998.
Time for this trial:  178.52006840705872
Memory status after this trial: 
Memory allocated:  253.66064453125
Memory cached:  320.0
--------------------  Trial  42   --------------------
Start timing: 
Parameters: 
{'W_layers': 8, 'W_layer_units_exponent_0': 9, 'W_layer_units_exponent_1': 7, 'W_layer_units_exponent_2': 8, 'W_layer_units_exponent_3': 8, 'W_layer_units_exponent_4': 6, 'W_layer_units_exponent_5': 8, 'W_layer_units_exponent_6': 6, 'W_layer_units_exponent_7': 8, 'D_layers': 5, 'D_layer_units_exponent_0': 7, 'D_layer_units_exponent_1': 6, 'D_layer_units_exponent_2': 4, 'D_layer_units_exponent_3': 8, 'D_layer_units_exponent_4': 6, 'D_dagger_layers': 2, 'D_dagger_layer_units_exponent_0': 6, 'D_dagger_layer_units_exponent_1': 4, 'log_learning_rate': -2.6512534289353775, 'log_learning_rate_D': -3.609440817959601, 'log_learning_rate_D_dagger': -2.1684319496650577, 'training_batch_size': 10, 'training_p': 7}
	 epoch  0 training error:  tensor(1.2810, device='cuda:0', grad_fn=<DivBackward0>)
Memory status after this epoch: 
Memory allocated:  149.7001953125
Memory cached:  298.0
	 epoch  10 training error:  tensor(0.2643, device='cuda:0', grad_fn=<DivBackward0>)
Memory status after this epoch: 
Memory allocated:  149.7001953125
Memory cached:  348.0
	 epoch  20 training error:  tensor(0.1191, device='cuda:0', grad_fn=<DivBackward0>)
Memory status after this epoch: 
Memory allocated:  149.7001953125
Memory cached:  338.0
	 epoch  30 training error:  tensor(0.0810, device='cuda:0', grad_fn=<DivBackward0>)
Memory status after this epoch: 
Memory allocated:  149.7001953125
Memory cached:  358.0
	 epoch  40 training error:  tensor(0.0654, device='cuda:0', grad_fn=<DivBackward0>)
Memory status after this epoch: 
Memory allocated:  149.7001953125
Memory cached:  356.0
	 epoch  50 training error:  tensor(0.0658, device='cuda:0', grad_fn=<DivBackward0>)
Memory status after this epoch: 
Memory allocated:  149.7001953125
Memory cached:  348.0
	 epoch  60 training error:  tensor(0.0574, device='cuda:0', grad_fn=<DivBackward0>)
Memory status after this epoch: 
Memory allocated:  149.7001953125
Memory cached:  342.0
	 epoch  70 training error:  tensor(0.0540, device='cuda:0', grad_fn=<DivBackward0>)
Memory status after this epoch: 
Memory allocated:  149.7001953125
Memory cached:  342.0
	 epoch  80 training error:  tensor(0.0515, device='cuda:0', grad_fn=<DivBackward0>)
Memory status after this epoch: 
Memory allocated:  149.7001953125
Memory cached:  344.0
	 epoch  90 training error:  tensor(0.0505, device='cuda:0', grad_fn=<DivBackward0>)
Memory status after this epoch: 
Memory allocated:  149.7001953125
Memory cached:  340.0
