[I 2024-01-11 11:56:02,819] Trial 55 finished with value: 0.2907926142215729 and parameters: {'W_layers': 4, 'W_layer_units_exponent_0': 10, 'W_layer_units_exponent_1': 8, 'W_layer_units_exponent_2': 7, 'W_layer_units_exponent_3': 5, 'D_layers': 4, 'D_layer_units_exponent_0': 9, 'D_layer_units_exponent_1': 8, 'D_layer_units_exponent_2': 6, 'D_layer_units_exponent_3': 5, 'D_dagger_layers': 6, 'D_dagger_layer_units_exponent_0': 6, 'D_dagger_layer_units_exponent_1': 5, 'D_dagger_layer_units_exponent_2': 9, 'D_dagger_layer_units_exponent_3': 5, 'D_dagger_layer_units_exponent_4': 9, 'D_dagger_layer_units_exponent_5': 6, 'log_learning_rate': -1.863910958033686, 'log_learning_rate_D': -2.14352318731706, 'log_learning_rate_D_dagger': -2.416134882425455, 'training_batch_size': 6, 'training_p': 4}. Best is trial 5 with value: 0.20849008858203888.
Time for this trial:  26.454617500305176
Memory status after this trial: 
Memory allocated:  561.81787109375
Memory cached:  598.0
--------------------  Trial  56   --------------------
Start timing: 
Parameters: 
{'W_layers': 6, 'W_layer_units_exponent_0': 8, 'W_layer_units_exponent_1': 9, 'W_layer_units_exponent_2': 8, 'W_layer_units_exponent_3': 6, 'W_layer_units_exponent_4': 9, 'W_layer_units_exponent_5': 6, 'D_layers': 6, 'D_layer_units_exponent_0': 8, 'D_layer_units_exponent_1': 9, 'D_layer_units_exponent_2': 5, 'D_layer_units_exponent_3': 4, 'D_layer_units_exponent_4': 7, 'D_layer_units_exponent_5': 6, 'D_dagger_layers': 5, 'D_dagger_layer_units_exponent_0': 7, 'D_dagger_layer_units_exponent_1': 6, 'D_dagger_layer_units_exponent_2': 8, 'D_dagger_layer_units_exponent_3': 6, 'D_dagger_layer_units_exponent_4': 5, 'log_learning_rate': -2.0979281799537755, 'log_learning_rate_D': -1.7206635340628216, 'log_learning_rate_D_dagger': -2.773639959683983, 'training_batch_size': 7, 'training_p': 6}
	 epoch  0 training error:  tensor(0.8837, device='cuda:0', grad_fn=<DivBackward0>)
Memory status after this epoch: 
Memory allocated:  276.5703125
Memory cached:  330.0
	 epoch  10 training error:  tensor(0.6824, device='cuda:0', grad_fn=<DivBackward0>)
Memory status after this epoch: 
Memory allocated:  276.5703125
Memory cached:  330.0
	 epoch  20 training error:  tensor(0.3721, device='cuda:0', grad_fn=<DivBackward0>)
Memory status after this epoch: 
Memory allocated:  276.5703125
Memory cached:  330.0
	 epoch  30 training error:  tensor(0.3887, device='cuda:0', grad_fn=<DivBackward0>)
Memory status after this epoch: 
Memory allocated:  276.5703125
Memory cached:  330.0
	 epoch  40 training error:  tensor(0.3604, device='cuda:0', grad_fn=<DivBackward0>)
Memory status after this epoch: 
Memory allocated:  276.5703125
Memory cached:  330.0
	 epoch  50 training error:  tensor(0.3559, device='cuda:0', grad_fn=<DivBackward0>)
Memory status after this epoch: 
Memory allocated:  276.5703125
Memory cached:  330.0
	 epoch  60 training error:  tensor(0.3549, device='cuda:0', grad_fn=<DivBackward0>)
Memory status after this epoch: 
Memory allocated:  276.5703125
Memory cached:  330.0
	 epoch  70 training error:  tensor(0.3545, device='cuda:0', grad_fn=<DivBackward0>)
Memory status after this epoch: 
Memory allocated:  276.5703125
Memory cached:  330.0
	 epoch  80 training error:  tensor(0.3477, device='cuda:0', grad_fn=<DivBackward0>)
Memory status after this epoch: 
Memory allocated:  276.5703125
Memory cached:  330.0
	 epoch  90 training error:  tensor(0.3456, device='cuda:0', grad_fn=<DivBackward0>)
Memory status after this epoch: 
Memory allocated:  276.5703125
Memory cached:  330.0
[I 2024-01-11 11:56:29,286] Trial 56 finished with value: 0.22700290381908417 and parameters: {'W_layers': 6, 'W_layer_units_exponent_0': 8, 'W_layer_units_exponent_1': 9, 'W_layer_units_exponent_2': 8, 'W_layer_units_exponent_3': 6, 'W_layer_units_exponent_4': 9, 'W_layer_units_exponent_5': 6, 'D_layers': 6, 'D_layer_units_exponent_0': 8, 'D_layer_units_exponent_1': 9, 'D_layer_units_exponent_2': 5, 'D_layer_units_exponent_3': 4, 'D_layer_units_exponent_4': 7, 'D_layer_units_exponent_5': 6, 'D_dagger_layers': 5, 'D_dagger_layer_units_exponent_0': 7, 'D_dagger_layer_units_exponent_1': 6, 'D_dagger_layer_units_exponent_2': 8, 'D_dagger_layer_units_exponent_3': 6, 'D_dagger_layer_units_exponent_4': 5, 'log_learning_rate': -2.0979281799537755, 'log_learning_rate_D': -1.7206635340628216, 'log_learning_rate_D_dagger': -2.773639959683983, 'training_batch_size': 7, 'training_p': 6}. Best is trial 5 with value: 0.20849008858203888.
Time for this trial:  26.039122104644775
Memory status after this trial: 
Memory allocated:  513.42529296875
Memory cached:  540.0
--------------------  Trial  57   --------------------
Start timing: 
Parameters: 
{'W_layers': 5, 'W_layer_units_exponent_0': 9, 'W_layer_units_exponent_1': 10, 'W_layer_units_exponent_2': 6, 'W_layer_units_exponent_3': 7, 'W_layer_units_exponent_4': 7, 'D_layers': 2, 'D_layer_units_exponent_0': 10, 'D_layer_units_exponent_1': 4, 'D_dagger_layers': 4, 'D_dagger_layer_units_exponent_0': 5, 'D_dagger_layer_units_exponent_1': 5, 'D_dagger_layer_units_exponent_2': 6, 'D_dagger_layer_units_exponent_3': 4, 'log_learning_rate': -1.43872075888151, 'log_learning_rate_D': -2.2863317057298733, 'log_learning_rate_D_dagger': -2.192912698667848, 'training_batch_size': 6, 'training_p': 3}
	 epoch  0 training error:  tensor(106.7663, device='cuda:0', grad_fn=<DivBackward0>)
Memory status after this epoch: 
Memory allocated:  279.98388671875
Memory cached:  348.0
	 epoch  10 training error:  tensor(26.2934, device='cuda:0', grad_fn=<DivBackward0>)
Memory status after this epoch: 
Memory allocated:  279.98388671875
Memory cached:  348.0
	 epoch  20 training error:  tensor(2.4839, device='cuda:0', grad_fn=<DivBackward0>)
Memory status after this epoch: 
Memory allocated:  279.98388671875
Memory cached:  348.0
	 epoch  30 training error:  tensor(0.2875, device='cuda:0', grad_fn=<DivBackward0>)
Memory status after this epoch: 
Memory allocated:  279.98388671875
Memory cached:  348.0
	 epoch  40 training error:  tensor(0.2620, device='cuda:0', grad_fn=<DivBackward0>)
Memory status after this epoch: 
Memory allocated:  279.98388671875
Memory cached:  348.0
	 epoch  50 training error:  tensor(0.2445, device='cuda:0', grad_fn=<DivBackward0>)
Memory status after this epoch: 
Memory allocated:  279.98388671875
Memory cached:  348.0
	 epoch  60 training error:  tensor(0.2425, device='cuda:0', grad_fn=<DivBackward0>)
Memory status after this epoch: 
Memory allocated:  279.98388671875
Memory cached:  348.0
	 epoch  70 training error:  tensor(0.2443, device='cuda:0', grad_fn=<DivBackward0>)
Memory status after this epoch: 
Memory allocated:  279.98388671875
Memory cached:  348.0
	 epoch  80 training error:  tensor(0.2402, device='cuda:0', grad_fn=<DivBackward0>)
Memory status after this epoch: 
Memory allocated:  279.98388671875
Memory cached:  348.0
	 epoch  90 training error:  tensor(0.2590, device='cuda:0', grad_fn=<DivBackward0>)
Memory status after this epoch: 
Memory allocated:  279.98388671875
Memory cached:  348.0
[I 2024-01-11 11:56:54,514] Trial 57 finished with value: 0.22877982258796692 and parameters: {'W_layers': 5, 'W_layer_units_exponent_0': 9, 'W_layer_units_exponent_1': 10, 'W_layer_units_exponent_2': 6, 'W_layer_units_exponent_3': 7, 'W_layer_units_exponent_4': 7, 'D_layers': 2, 'D_layer_units_exponent_0': 10, 'D_layer_units_exponent_1': 4, 'D_dagger_layers': 4, 'D_dagger_layer_units_exponent_0': 5, 'D_dagger_layer_units_exponent_1': 5, 'D_dagger_layer_units_exponent_2': 6, 'D_dagger_layer_units_exponent_3': 4, 'log_learning_rate': -1.43872075888151, 'log_learning_rate_D': -2.2863317057298733, 'log_learning_rate_D_dagger': -2.192912698667848, 'training_batch_size': 6, 'training_p': 3}. Best is trial 5 with value: 0.20849008858203888.
Time for this trial:  24.937695503234863
Memory status after this trial: 
Memory allocated:  491.43017578125
Memory cached:  526.0
--------------------  Trial  58   --------------------
Start timing: 
Parameters: 
{'W_layers': 7, 'W_layer_units_exponent_0': 8, 'W_layer_units_exponent_1': 8, 'W_layer_units_exponent_2': 9, 'W_layer_units_exponent_3': 5, 'W_layer_units_exponent_4': 8, 'W_layer_units_exponent_5': 5, 'W_layer_units_exponent_6': 8, 'D_layers': 5, 'D_layer_units_exponent_0': 8, 'D_layer_units_exponent_1': 10, 'D_layer_units_exponent_2': 8, 'D_layer_units_exponent_3': 5, 'D_layer_units_exponent_4': 8, 'D_dagger_layers': 3, 'D_dagger_layer_units_exponent_0': 6, 'D_dagger_layer_units_exponent_1': 8, 'D_dagger_layer_units_exponent_2': 7, 'log_learning_rate': -2.3671352191066592, 'log_learning_rate_D': -2.588124722953453, 'log_learning_rate_D_dagger': -3.48749730085177, 'training_batch_size': 8, 'training_p': 2}
	 epoch  0 training error:  tensor(1.0184, device='cuda:0', grad_fn=<DivBackward0>)
Memory status after this epoch: 
Memory allocated:  276.5478515625
Memory cached:  330.0
	 epoch  10 training error:  tensor(0.3745, device='cuda:0', grad_fn=<DivBackward0>)
Memory status after this epoch: 
Memory allocated:  276.5478515625
Memory cached:  330.0
	 epoch  20 training error:  tensor(0.2865, device='cuda:0', grad_fn=<DivBackward0>)
Memory status after this epoch: 
Memory allocated:  276.5478515625
Memory cached:  330.0
	 epoch  30 training error:  tensor(0.2327, device='cuda:0', grad_fn=<DivBackward0>)
Memory status after this epoch: 
Memory allocated:  276.5478515625
Memory cached:  330.0
	 epoch  40 training error:  tensor(0.2137, device='cuda:0', grad_fn=<DivBackward0>)
Memory status after this epoch: 
Memory allocated:  276.5478515625
Memory cached:  330.0
	 epoch  50 training error:  tensor(0.2021, device='cuda:0', grad_fn=<DivBackward0>)
Memory status after this epoch: 
Memory allocated:  276.5478515625
Memory cached:  330.0
	 epoch  60 training error:  tensor(0.1888, device='cuda:0', grad_fn=<DivBackward0>)
Memory status after this epoch: 
Memory allocated:  276.5478515625
Memory cached:  330.0
	 epoch  70 training error:  tensor(0.1983, device='cuda:0', grad_fn=<DivBackward0>)
Memory status after this epoch: 
Memory allocated:  276.5478515625
Memory cached:  330.0
	 epoch  80 training error:  tensor(0.1878, device='cuda:0', grad_fn=<DivBackward0>)
Memory status after this epoch: 
Memory allocated:  276.5478515625
Memory cached:  330.0
	 epoch  90 training error:  tensor(0.1854, device='cuda:0', grad_fn=<DivBackward0>)
Memory status after this epoch: 
Memory allocated:  276.5478515625
Memory cached:  330.0
[I 2024-01-11 11:57:18,515] Trial 58 finished with value: 0.2080806940793991 and parameters: {'W_layers': 7, 'W_layer_units_exponent_0': 8, 'W_layer_units_exponent_1': 8, 'W_layer_units_exponent_2': 9, 'W_layer_units_exponent_3': 5, 'W_layer_units_exponent_4': 8, 'W_layer_units_exponent_5': 5, 'W_layer_units_exponent_6': 8, 'D_layers': 5, 'D_layer_units_exponent_0': 8, 'D_layer_units_exponent_1': 10, 'D_layer_units_exponent_2': 8, 'D_layer_units_exponent_3': 5, 'D_layer_units_exponent_4': 8, 'D_dagger_layers': 3, 'D_dagger_layer_units_exponent_0': 6, 'D_dagger_layer_units_exponent_1': 8, 'D_dagger_layer_units_exponent_2': 7, 'log_learning_rate': -2.3671352191066592, 'log_learning_rate_D': -2.588124722953453, 'log_learning_rate_D_dagger': -3.48749730085177, 'training_batch_size': 8, 'training_p': 2}. Best is trial 58 with value: 0.2080806940793991.
res:  tensor(0.2081, device='cuda:0', grad_fn=<DivBackward0>)
self.bestValue:  tensor(0.2085, device='cuda:0', grad_fn=<DivBackward0>)
Save this model!
Time for this trial:  23.630783081054688
Memory status after this trial: 
Memory allocated:  220.58251953125
Memory cached:  300.0
--------------------  Trial  59   --------------------
Start timing: 
Parameters: 
{'W_layers': 7, 'W_layer_units_exponent_0': 7, 'W_layer_units_exponent_1': 8, 'W_layer_units_exponent_2': 10, 'W_layer_units_exponent_3': 5, 'W_layer_units_exponent_4': 8, 'W_layer_units_exponent_5': 5, 'W_layer_units_exponent_6': 8, 'D_layers': 3, 'D_layer_units_exponent_0': 6, 'D_layer_units_exponent_1': 10, 'D_layer_units_exponent_2': 9, 'D_dagger_layers': 3, 'D_dagger_layer_units_exponent_0': 5, 'D_dagger_layer_units_exponent_1': 8, 'D_dagger_layer_units_exponent_2': 4, 'log_learning_rate': -2.475822974014518, 'log_learning_rate_D': -2.5883256248580206, 'log_learning_rate_D_dagger': -3.2271808919088563, 'training_batch_size': 8, 'training_p': 2}
	 epoch  0 training error:  tensor(0.8852, device='cuda:0', grad_fn=<DivBackward0>)
Memory status after this epoch: 
Memory allocated:  228.9384765625
Memory cached:  300.0
	 epoch  10 training error:  tensor(0.2824, device='cuda:0', grad_fn=<DivBackward0>)
Memory status after this epoch: 
Memory allocated:  228.9384765625
Memory cached:  300.0
	 epoch  20 training error:  tensor(0.2677, device='cuda:0', grad_fn=<DivBackward0>)
Memory status after this epoch: 
Memory allocated:  228.9384765625
Memory cached:  300.0
	 epoch  30 training error:  tensor(0.2230, device='cuda:0', grad_fn=<DivBackward0>)
Memory status after this epoch: 
Memory allocated:  228.9384765625
Memory cached:  300.0
	 epoch  40 training error:  tensor(0.2140, device='cuda:0', grad_fn=<DivBackward0>)
Memory status after this epoch: 
Memory allocated:  228.9384765625
Memory cached:  300.0
	 epoch  50 training error:  tensor(0.2061, device='cuda:0', grad_fn=<DivBackward0>)
Memory status after this epoch: 
Memory allocated:  228.9384765625
Memory cached:  300.0
	 epoch  60 training error:  tensor(0.1983, device='cuda:0', grad_fn=<DivBackward0>)
Memory status after this epoch: 
Memory allocated:  228.9384765625
Memory cached:  300.0
	 epoch  70 training error:  tensor(0.1912, device='cuda:0', grad_fn=<DivBackward0>)
Memory status after this epoch: 
Memory allocated:  228.9384765625
Memory cached:  300.0
	 epoch  80 training error:  tensor(0.1860, device='cuda:0', grad_fn=<DivBackward0>)
Memory status after this epoch: 
Memory allocated:  228.9384765625
Memory cached:  300.0
	 epoch  90 training error:  tensor(0.1842, device='cuda:0', grad_fn=<DivBackward0>)
Memory status after this epoch: 
Memory allocated:  228.9384765625
Memory cached:  300.0
[I 2024-01-11 11:57:40,772] Trial 59 finished with value: 0.208232119679451 and parameters: {'W_layers': 7, 'W_layer_units_exponent_0': 7, 'W_layer_units_exponent_1': 8, 'W_layer_units_exponent_2': 10, 'W_layer_units_exponent_3': 5, 'W_layer_units_exponent_4': 8, 'W_layer_units_exponent_5': 5, 'W_layer_units_exponent_6': 8, 'D_layers': 3, 'D_layer_units_exponent_0': 6, 'D_layer_units_exponent_1': 10, 'D_layer_units_exponent_2': 9, 'D_dagger_layers': 3, 'D_dagger_layer_units_exponent_0': 5, 'D_dagger_layer_units_exponent_1': 8, 'D_dagger_layer_units_exponent_2': 4, 'log_learning_rate': -2.475822974014518, 'log_learning_rate_D': -2.5883256248580206, 'log_learning_rate_D_dagger': -3.2271808919088563, 'training_batch_size': 8, 'training_p': 2}. Best is trial 58 with value: 0.2080806940793991.
Time for this trial:  21.915483236312866
Memory status after this trial: 
Memory allocated:  468.39111328125
Memory cached:  500.0
--------------------  Trial  60   --------------------
Start timing: 
Parameters: 
{'W_layers': 7, 'W_layer_units_exponent_0': 7, 'W_layer_units_exponent_1': 8, 'W_layer_units_exponent_2': 10, 'W_layer_units_exponent_3': 4, 'W_layer_units_exponent_4': 8, 'W_layer_units_exponent_5': 5, 'W_layer_units_exponent_6': 8, 'D_layers': 4, 'D_layer_units_exponent_0': 6, 'D_layer_units_exponent_1': 10, 'D_layer_units_exponent_2': 9, 'D_layer_units_exponent_3': 6, 'D_dagger_layers': 2, 'D_dagger_layer_units_exponent_0': 4, 'D_dagger_layer_units_exponent_1': 8, 'log_learning_rate': -2.3618515343460924, 'log_learning_rate_D': -2.8547572304884183, 'log_learning_rate_D_dagger': -3.749270472399349, 'training_batch_size': 8, 'training_p': 2}
	 epoch  0 training error:  tensor(1.0552, device='cuda:0', grad_fn=<DivBackward0>)
Memory status after this epoch: 
Memory allocated:  228.625
Memory cached:  302.0
	 epoch  10 training error:  tensor(0.7042, device='cuda:0', grad_fn=<DivBackward0>)
Memory status after this epoch: 
Memory allocated:  228.625
Memory cached:  302.0
	 epoch  20 training error:  tensor(0.6406, device='cuda:0', grad_fn=<DivBackward0>)
Memory status after this epoch: 
Memory allocated:  228.625
Memory cached:  302.0
	 epoch  30 training error:  tensor(0.5432, device='cuda:0', grad_fn=<DivBackward0>)
Memory status after this epoch: 
Memory allocated:  228.625
Memory cached:  302.0
	 epoch  40 training error:  tensor(0.4633, device='cuda:0', grad_fn=<DivBackward0>)
Memory status after this epoch: 
Memory allocated:  228.625
Memory cached:  302.0
	 epoch  50 training error:  tensor(0.3927, device='cuda:0', grad_fn=<DivBackward0>)
Memory status after this epoch: 
Memory allocated:  228.625
Memory cached:  302.0
	 epoch  60 training error:  tensor(0.3204, device='cuda:0', grad_fn=<DivBackward0>)
Memory status after this epoch: 
Memory allocated:  228.625
Memory cached:  302.0
	 epoch  70 training error:  tensor(0.2844, device='cuda:0', grad_fn=<DivBackward0>)
Memory status after this epoch: 
Memory allocated:  228.625
Memory cached:  302.0
	 epoch  80 training error:  tensor(0.2721, device='cuda:0', grad_fn=<DivBackward0>)
Memory status after this epoch: 
Memory allocated:  228.625
Memory cached:  302.0
	 epoch  90 training error:  tensor(0.2668, device='cuda:0', grad_fn=<DivBackward0>)
Memory status after this epoch: 
Memory allocated:  228.625
Memory cached:  302.0
[I 2024-01-11 11:58:02,899] Trial 60 finished with value: 0.2737203538417816 and parameters: {'W_layers': 7, 'W_layer_units_exponent_0': 7, 'W_layer_units_exponent_1': 8, 'W_layer_units_exponent_2': 10, 'W_layer_units_exponent_3': 4, 'W_layer_units_exponent_4': 8, 'W_layer_units_exponent_5': 5, 'W_layer_units_exponent_6': 8, 'D_layers': 4, 'D_layer_units_exponent_0': 6, 'D_layer_units_exponent_1': 10, 'D_layer_units_exponent_2': 9, 'D_layer_units_exponent_3': 6, 'D_dagger_layers': 2, 'D_dagger_layer_units_exponent_0': 4, 'D_dagger_layer_units_exponent_1': 8, 'log_learning_rate': -2.3618515343460924, 'log_learning_rate_D': -2.8547572304884183, 'log_learning_rate_D_dagger': -3.749270472399349, 'training_batch_size': 8, 'training_p': 2}. Best is trial 58 with value: 0.2080806940793991.
Time for this trial:  21.793846130371094
Memory status after this trial: 
Memory allocated:  459.38330078125
Memory cached:  502.0
--------------------  Trial  61   --------------------
Start timing: 
Parameters: 
{'W_layers': 8, 'W_layer_units_exponent_0': 6, 'W_layer_units_exponent_1': 7, 'W_layer_units_exponent_2': 10, 'W_layer_units_exponent_3': 5, 'W_layer_units_exponent_4': 8, 'W_layer_units_exponent_5': 4, 'W_layer_units_exponent_6': 9, 'W_layer_units_exponent_7': 10, 'D_layers': 3, 'D_layer_units_exponent_0': 6, 'D_layer_units_exponent_1': 10, 'D_layer_units_exponent_2': 8, 'D_dagger_layers': 3, 'D_dagger_layer_units_exponent_0': 5, 'D_dagger_layer_units_exponent_1': 9, 'D_dagger_layer_units_exponent_2': 4, 'log_learning_rate': -2.448243096935975, 'log_learning_rate_D': -2.5129612157747485, 'log_learning_rate_D_dagger': -3.480661843311063, 'training_batch_size': 8, 'training_p': 2}
	 epoch  0 training error:  tensor(1.0689, device='cuda:0', grad_fn=<DivBackward0>)
Memory status after this epoch: 
Memory allocated:  233.7197265625
Memory cached:  300.0
	 epoch  10 training error:  tensor(0.4029, device='cuda:0', grad_fn=<DivBackward0>)
Memory status after this epoch: 
Memory allocated:  233.7197265625
Memory cached:  300.0
	 epoch  20 training error:  tensor(0.2793, device='cuda:0', grad_fn=<DivBackward0>)
Memory status after this epoch: 
Memory allocated:  233.7197265625
Memory cached:  300.0
	 epoch  30 training error:  tensor(0.2299, device='cuda:0', grad_fn=<DivBackward0>)
Memory status after this epoch: 
Memory allocated:  233.7197265625
Memory cached:  300.0
	 epoch  40 training error:  tensor(0.2263, device='cuda:0', grad_fn=<DivBackward0>)
Memory status after this epoch: 
Memory allocated:  233.7197265625
Memory cached:  300.0
	 epoch  50 training error:  tensor(0.2169, device='cuda:0', grad_fn=<DivBackward0>)
Memory status after this epoch: 
Memory allocated:  233.7197265625
Memory cached:  300.0
	 epoch  60 training error:  tensor(0.2075, device='cuda:0', grad_fn=<DivBackward0>)
Memory status after this epoch: 
Memory allocated:  233.7197265625
Memory cached:  300.0
	 epoch  70 training error:  tensor(0.2010, device='cuda:0', grad_fn=<DivBackward0>)
Memory status after this epoch: 
Memory allocated:  233.7197265625
Memory cached:  300.0
	 epoch  80 training error:  tensor(0.1944, device='cuda:0', grad_fn=<DivBackward0>)
Memory status after this epoch: 
Memory allocated:  233.7197265625
Memory cached:  300.0
	 epoch  90 training error:  tensor(0.1904, device='cuda:0', grad_fn=<DivBackward0>)
Memory status after this epoch: 
Memory allocated:  233.7197265625
Memory cached:  300.0
