[I 2024-01-03 22:55:26,401] Trial 144 finished with value: 0.38561853766441345 and parameters: {'W_layers': 6, 'W_layer_units_exponent_0': 6, 'W_layer_units_exponent_1': 4, 'W_layer_units_exponent_2': 7, 'W_layer_units_exponent_3': 5, 'W_layer_units_exponent_4': 7, 'W_layer_units_exponent_5': 7, 'D_layers': 3, 'D_layer_units_exponent_0': 10, 'D_layer_units_exponent_1': 6, 'D_layer_units_exponent_2': 9, 'D_dagger_layers': 4, 'D_dagger_layer_units_exponent_0': 10, 'D_dagger_layer_units_exponent_1': 7, 'D_dagger_layer_units_exponent_2': 4, 'D_dagger_layer_units_exponent_3': 6, 'log_learning_rate': -4.735925674641704, 'log_learning_rate_D': -2.7426642084087907, 'log_learning_rate_D_dagger': -3.3122450978406555, 'training_batch_size': 9, 'training_p': 8}. Best is trial 87 with value: 0.11369848251342773.
Time for this trial:  181.62842226028442
Memory status after this trial: 
Memory allocated:  443.4833984375
Memory cached:  604.0
--------------------  Trial  145   --------------------
Start timing: 
Parameters: 
{'W_layers': 6, 'W_layer_units_exponent_0': 7, 'W_layer_units_exponent_1': 5, 'W_layer_units_exponent_2': 8, 'W_layer_units_exponent_3': 5, 'W_layer_units_exponent_4': 10, 'W_layer_units_exponent_5': 10, 'D_layers': 3, 'D_layer_units_exponent_0': 10, 'D_layer_units_exponent_1': 7, 'D_layer_units_exponent_2': 9, 'D_dagger_layers': 5, 'D_dagger_layer_units_exponent_0': 10, 'D_dagger_layer_units_exponent_1': 10, 'D_dagger_layer_units_exponent_2': 4, 'D_dagger_layer_units_exponent_3': 6, 'D_dagger_layer_units_exponent_4': 5, 'log_learning_rate': -4.16239950966607, 'log_learning_rate_D': -3.4297646166908695, 'log_learning_rate_D_dagger': -3.020750116345416, 'training_batch_size': 9, 'training_p': 7}
	 epoch  0 training error:  tensor(0.9835, device='cuda:0', grad_fn=<DivBackward0>)
Memory status after this epoch: 
Memory allocated:  305.59130859375
Memory cached:  632.0
	 epoch  10 training error:  tensor(0.5901, device='cuda:0', grad_fn=<DivBackward0>)
Memory status after this epoch: 
Memory allocated:  305.59130859375
Memory cached:  666.0
	 epoch  20 training error:  tensor(0.5478, device='cuda:0', grad_fn=<DivBackward0>)
Memory status after this epoch: 
Memory allocated:  305.59130859375
Memory cached:  664.0
	 epoch  30 training error:  tensor(0.5347, device='cuda:0', grad_fn=<DivBackward0>)
Memory status after this epoch: 
Memory allocated:  305.59130859375
Memory cached:  660.0
	 epoch  40 training error:  tensor(0.5299, device='cuda:0', grad_fn=<DivBackward0>)
Memory status after this epoch: 
Memory allocated:  305.59130859375
Memory cached:  666.0
	 epoch  50 training error:  tensor(0.5285, device='cuda:0', grad_fn=<DivBackward0>)
Memory status after this epoch: 
Memory allocated:  305.59130859375
Memory cached:  662.0
	 epoch  60 training error:  tensor(0.5168, device='cuda:0', grad_fn=<DivBackward0>)
Memory status after this epoch: 
Memory allocated:  305.59130859375
Memory cached:  668.0
	 epoch  70 training error:  tensor(0.5157, device='cuda:0', grad_fn=<DivBackward0>)
Memory status after this epoch: 
Memory allocated:  305.59130859375
Memory cached:  672.0
	 epoch  80 training error:  tensor(0.5059, device='cuda:0', grad_fn=<DivBackward0>)
Memory status after this epoch: 
Memory allocated:  305.59130859375
Memory cached:  670.0
	 epoch  90 training error:  tensor(0.6050, device='cuda:0', grad_fn=<DivBackward0>)
Memory status after this epoch: 
Memory allocated:  305.59130859375
Memory cached:  656.0
[I 2024-01-03 22:58:59,968] Trial 145 finished with value: 0.4007008969783783 and parameters: {'W_layers': 6, 'W_layer_units_exponent_0': 7, 'W_layer_units_exponent_1': 5, 'W_layer_units_exponent_2': 8, 'W_layer_units_exponent_3': 5, 'W_layer_units_exponent_4': 10, 'W_layer_units_exponent_5': 10, 'D_layers': 3, 'D_layer_units_exponent_0': 10, 'D_layer_units_exponent_1': 7, 'D_layer_units_exponent_2': 9, 'D_dagger_layers': 5, 'D_dagger_layer_units_exponent_0': 10, 'D_dagger_layer_units_exponent_1': 10, 'D_dagger_layer_units_exponent_2': 4, 'D_dagger_layer_units_exponent_3': 6, 'D_dagger_layer_units_exponent_4': 5, 'log_learning_rate': -4.16239950966607, 'log_learning_rate_D': -3.4297646166908695, 'log_learning_rate_D_dagger': -3.020750116345416, 'training_batch_size': 9, 'training_p': 7}. Best is trial 87 with value: 0.11369848251342773.
Time for this trial:  213.0541443824768
Memory status after this trial: 
Memory allocated:  612.576171875
Memory cached:  638.0
--------------------  Trial  146   --------------------
Start timing: 
Parameters: 
{'W_layers': 6, 'W_layer_units_exponent_0': 5, 'W_layer_units_exponent_1': 4, 'W_layer_units_exponent_2': 7, 'W_layer_units_exponent_3': 5, 'W_layer_units_exponent_4': 7, 'W_layer_units_exponent_5': 9, 'D_layers': 3, 'D_layer_units_exponent_0': 10, 'D_layer_units_exponent_1': 7, 'D_layer_units_exponent_2': 9, 'D_dagger_layers': 4, 'D_dagger_layer_units_exponent_0': 10, 'D_dagger_layer_units_exponent_1': 4, 'D_dagger_layer_units_exponent_2': 4, 'D_dagger_layer_units_exponent_3': 6, 'log_learning_rate': -3.8435364788282262, 'log_learning_rate_D': -3.113037414053114, 'log_learning_rate_D_dagger': -2.823664625110598, 'training_batch_size': 10, 'training_p': 8}
	 epoch  0 training error:  tensor(0.9960, device='cuda:0', grad_fn=<DivBackward0>)
Memory status after this epoch: 
Memory allocated:  273.86865234375
Memory cached:  606.0
	 epoch  10 training error:  tensor(0.5816, device='cuda:0', grad_fn=<DivBackward0>)
Memory status after this epoch: 
Memory allocated:  273.86865234375
Memory cached:  636.0
	 epoch  20 training error:  tensor(0.5622, device='cuda:0', grad_fn=<DivBackward0>)
Memory status after this epoch: 
Memory allocated:  273.86865234375
Memory cached:  646.0
	 epoch  30 training error:  tensor(0.5559, device='cuda:0', grad_fn=<DivBackward0>)
Memory status after this epoch: 
Memory allocated:  273.86865234375
Memory cached:  634.0
	 epoch  40 training error:  tensor(0.5519, device='cuda:0', grad_fn=<DivBackward0>)
Memory status after this epoch: 
Memory allocated:  273.86865234375
Memory cached:  640.0
	 epoch  50 training error:  tensor(0.5434, device='cuda:0', grad_fn=<DivBackward0>)
Memory status after this epoch: 
Memory allocated:  273.86865234375
Memory cached:  642.0
	 epoch  60 training error:  tensor(0.5385, device='cuda:0', grad_fn=<DivBackward0>)
Memory status after this epoch: 
Memory allocated:  273.86865234375
Memory cached:  640.0
	 epoch  70 training error:  tensor(0.5416, device='cuda:0', grad_fn=<DivBackward0>)
Memory status after this epoch: 
Memory allocated:  273.86865234375
Memory cached:  640.0
	 epoch  80 training error:  tensor(0.5316, device='cuda:0', grad_fn=<DivBackward0>)
Memory status after this epoch: 
Memory allocated:  273.86865234375
Memory cached:  640.0
	 epoch  90 training error:  tensor(0.5292, device='cuda:0', grad_fn=<DivBackward0>)
Memory status after this epoch: 
Memory allocated:  273.86865234375
Memory cached:  634.0
[I 2024-01-03 23:02:03,894] Trial 146 finished with value: 0.40755167603492737 and parameters: {'W_layers': 6, 'W_layer_units_exponent_0': 5, 'W_layer_units_exponent_1': 4, 'W_layer_units_exponent_2': 7, 'W_layer_units_exponent_3': 5, 'W_layer_units_exponent_4': 7, 'W_layer_units_exponent_5': 9, 'D_layers': 3, 'D_layer_units_exponent_0': 10, 'D_layer_units_exponent_1': 7, 'D_layer_units_exponent_2': 9, 'D_dagger_layers': 4, 'D_dagger_layer_units_exponent_0': 10, 'D_dagger_layer_units_exponent_1': 4, 'D_dagger_layer_units_exponent_2': 4, 'D_dagger_layer_units_exponent_3': 6, 'log_learning_rate': -3.8435364788282262, 'log_learning_rate_D': -3.113037414053114, 'log_learning_rate_D_dagger': -2.823664625110598, 'training_batch_size': 10, 'training_p': 8}. Best is trial 87 with value: 0.11369848251342773.
Time for this trial:  183.35009741783142
Memory status after this trial: 
Memory allocated:  457.1640625
Memory cached:  612.0
--------------------  Trial  147   --------------------
Start timing: 
Parameters: 
{'W_layers': 6, 'W_layer_units_exponent_0': 10, 'W_layer_units_exponent_1': 4, 'W_layer_units_exponent_2': 7, 'W_layer_units_exponent_3': 5, 'W_layer_units_exponent_4': 7, 'W_layer_units_exponent_5': 8, 'D_layers': 3, 'D_layer_units_exponent_0': 10, 'D_layer_units_exponent_1': 6, 'D_layer_units_exponent_2': 9, 'D_dagger_layers': 4, 'D_dagger_layer_units_exponent_0': 10, 'D_dagger_layer_units_exponent_1': 10, 'D_dagger_layer_units_exponent_2': 4, 'D_dagger_layer_units_exponent_3': 7, 'log_learning_rate': -4.36174192278932, 'log_learning_rate_D': -2.961686539532142, 'log_learning_rate_D_dagger': -3.15942854877857, 'training_batch_size': 9, 'training_p': 7}
	 epoch  0 training error:  tensor(0.9880, device='cuda:0', grad_fn=<DivBackward0>)
Memory status after this epoch: 
Memory allocated:  288.15576171875
Memory cached:  622.0
	 epoch  10 training error:  tensor(0.5548, device='cuda:0', grad_fn=<DivBackward0>)
Memory status after this epoch: 
Memory allocated:  288.15576171875
Memory cached:  668.0
	 epoch  20 training error:  tensor(0.5281, device='cuda:0', grad_fn=<DivBackward0>)
Memory status after this epoch: 
Memory allocated:  288.15576171875
Memory cached:  672.0
	 epoch  30 training error:  tensor(0.5307, device='cuda:0', grad_fn=<DivBackward0>)
Memory status after this epoch: 
Memory allocated:  288.15576171875
Memory cached:  666.0
	 epoch  40 training error:  tensor(0.4692, device='cuda:0', grad_fn=<DivBackward0>)
Memory status after this epoch: 
Memory allocated:  288.15576171875
Memory cached:  672.0
	 epoch  50 training error:  tensor(0.3403, device='cuda:0', grad_fn=<DivBackward0>)
Memory status after this epoch: 
Memory allocated:  288.15576171875
Memory cached:  662.0
	 epoch  60 training error:  tensor(0.3034, device='cuda:0', grad_fn=<DivBackward0>)
Memory status after this epoch: 
Memory allocated:  288.15576171875
Memory cached:  666.0
	 epoch  70 training error:  tensor(0.2999, device='cuda:0', grad_fn=<DivBackward0>)
Memory status after this epoch: 
Memory allocated:  288.15576171875
Memory cached:  668.0
	 epoch  80 training error:  tensor(0.2226, device='cuda:0', grad_fn=<DivBackward0>)
Memory status after this epoch: 
Memory allocated:  288.15576171875
Memory cached:  672.0
	 epoch  90 training error:  tensor(0.1699, device='cuda:0', grad_fn=<DivBackward0>)
Memory status after this epoch: 
Memory allocated:  288.15576171875
Memory cached:  662.0
[I 2024-01-03 23:05:23,277] Trial 147 finished with value: 0.11490952968597412 and parameters: {'W_layers': 6, 'W_layer_units_exponent_0': 10, 'W_layer_units_exponent_1': 4, 'W_layer_units_exponent_2': 7, 'W_layer_units_exponent_3': 5, 'W_layer_units_exponent_4': 7, 'W_layer_units_exponent_5': 8, 'D_layers': 3, 'D_layer_units_exponent_0': 10, 'D_layer_units_exponent_1': 6, 'D_layer_units_exponent_2': 9, 'D_dagger_layers': 4, 'D_dagger_layer_units_exponent_0': 10, 'D_dagger_layer_units_exponent_1': 10, 'D_dagger_layer_units_exponent_2': 4, 'D_dagger_layer_units_exponent_3': 7, 'log_learning_rate': -4.36174192278932, 'log_learning_rate_D': -2.961686539532142, 'log_learning_rate_D_dagger': -3.15942854877857, 'training_batch_size': 9, 'training_p': 7}. Best is trial 87 with value: 0.11369848251342773.
Time for this trial:  198.9293258190155
Memory status after this trial: 
Memory allocated:  558.775390625
Memory cached:  616.0
--------------------  Trial  148   --------------------
Start timing: 
Parameters: 
{'W_layers': 7, 'W_layer_units_exponent_0': 10, 'W_layer_units_exponent_1': 4, 'W_layer_units_exponent_2': 7, 'W_layer_units_exponent_3': 5, 'W_layer_units_exponent_4': 7, 'W_layer_units_exponent_5': 8, 'W_layer_units_exponent_6': 7, 'D_layers': 3, 'D_layer_units_exponent_0': 10, 'D_layer_units_exponent_1': 6, 'D_layer_units_exponent_2': 9, 'D_dagger_layers': 4, 'D_dagger_layer_units_exponent_0': 10, 'D_dagger_layer_units_exponent_1': 10, 'D_dagger_layer_units_exponent_2': 5, 'D_dagger_layer_units_exponent_3': 7, 'log_learning_rate': -4.540524642054214, 'log_learning_rate_D': -2.9822603688334146, 'log_learning_rate_D_dagger': -2.552788064487561, 'training_batch_size': 9, 'training_p': 7}
	 epoch  0 training error:  tensor(0.9928, device='cuda:0', grad_fn=<DivBackward0>)
Memory status after this epoch: 
Memory allocated:  288.93701171875
Memory cached:  622.0
	 epoch  10 training error:  tensor(0.5540, device='cuda:0', grad_fn=<DivBackward0>)
Memory status after this epoch: 
Memory allocated:  288.93701171875
Memory cached:  668.0
	 epoch  20 training error:  tensor(0.5477, device='cuda:0', grad_fn=<DivBackward0>)
Memory status after this epoch: 
Memory allocated:  288.93701171875
Memory cached:  670.0
	 epoch  30 training error:  tensor(0.5506, device='cuda:0', grad_fn=<DivBackward0>)
Memory status after this epoch: 
Memory allocated:  288.93701171875
Memory cached:  668.0
	 epoch  40 training error:  tensor(0.5351, device='cuda:0', grad_fn=<DivBackward0>)
Memory status after this epoch: 
Memory allocated:  288.93701171875
Memory cached:  662.0
	 epoch  50 training error:  tensor(0.5254, device='cuda:0', grad_fn=<DivBackward0>)
Memory status after this epoch: 
Memory allocated:  288.93701171875
Memory cached:  668.0
	 epoch  60 training error:  tensor(0.7377, device='cuda:0', grad_fn=<DivBackward0>)
Memory status after this epoch: 
Memory allocated:  288.93701171875
Memory cached:  664.0
	 epoch  70 training error:  tensor(0.4088, device='cuda:0', grad_fn=<DivBackward0>)
Memory status after this epoch: 
Memory allocated:  288.93701171875
Memory cached:  668.0
	 epoch  80 training error:  tensor(0.3291, device='cuda:0', grad_fn=<DivBackward0>)
Memory status after this epoch: 
Memory allocated:  288.93701171875
Memory cached:  672.0
	 epoch  90 training error:  tensor(0.2657, device='cuda:0', grad_fn=<DivBackward0>)
Memory status after this epoch: 
Memory allocated:  288.93701171875
Memory cached:  668.0
[I 2024-01-03 23:08:52,363] Trial 148 finished with value: 0.2408677637577057 and parameters: {'W_layers': 7, 'W_layer_units_exponent_0': 10, 'W_layer_units_exponent_1': 4, 'W_layer_units_exponent_2': 7, 'W_layer_units_exponent_3': 5, 'W_layer_units_exponent_4': 7, 'W_layer_units_exponent_5': 8, 'W_layer_units_exponent_6': 7, 'D_layers': 3, 'D_layer_units_exponent_0': 10, 'D_layer_units_exponent_1': 6, 'D_layer_units_exponent_2': 9, 'D_dagger_layers': 4, 'D_dagger_layer_units_exponent_0': 10, 'D_dagger_layer_units_exponent_1': 10, 'D_dagger_layer_units_exponent_2': 5, 'D_dagger_layer_units_exponent_3': 7, 'log_learning_rate': -4.540524642054214, 'log_learning_rate_D': -2.9822603688334146, 'log_learning_rate_D_dagger': -2.552788064487561, 'training_batch_size': 9, 'training_p': 7}. Best is trial 87 with value: 0.11369848251342773.
Time for this trial:  208.5237913131714
Memory status after this trial: 
Memory allocated:  567.662109375
Memory cached:  618.0
--------------------  Trial  149   --------------------
Start timing: 
Parameters: 
{'W_layers': 6, 'W_layer_units_exponent_0': 10, 'W_layer_units_exponent_1': 4, 'W_layer_units_exponent_2': 7, 'W_layer_units_exponent_3': 6, 'W_layer_units_exponent_4': 7, 'W_layer_units_exponent_5': 8, 'D_layers': 2, 'D_layer_units_exponent_0': 10, 'D_layer_units_exponent_1': 7, 'D_dagger_layers': 4, 'D_dagger_layer_units_exponent_0': 7, 'D_dagger_layer_units_exponent_1': 10, 'D_dagger_layer_units_exponent_2': 4, 'D_dagger_layer_units_exponent_3': 7, 'log_learning_rate': -4.380634567236623, 'log_learning_rate_D': -3.305273674235056, 'log_learning_rate_D_dagger': -3.365543935047933, 'training_batch_size': 9, 'training_p': 7}
	 epoch  0 training error:  tensor(1.0488, device='cuda:0', grad_fn=<DivBackward0>)
Memory status after this epoch: 
Memory allocated:  274.68505859375
Memory cached:  596.0
	 epoch  10 training error:  tensor(0.5973, device='cuda:0', grad_fn=<DivBackward0>)
Memory status after this epoch: 
Memory allocated:  274.68505859375
Memory cached:  648.0
	 epoch  20 training error:  tensor(0.5488, device='cuda:0', grad_fn=<DivBackward0>)
Memory status after this epoch: 
Memory allocated:  274.68505859375
Memory cached:  646.0
	 epoch  30 training error:  tensor(0.5348, device='cuda:0', grad_fn=<DivBackward0>)
Memory status after this epoch: 
Memory allocated:  274.68505859375
Memory cached:  644.0
	 epoch  40 training error:  tensor(0.5322, device='cuda:0', grad_fn=<DivBackward0>)
Memory status after this epoch: 
Memory allocated:  274.68505859375
Memory cached:  648.0
	 epoch  50 training error:  tensor(0.5308, device='cuda:0', grad_fn=<DivBackward0>)
Memory status after this epoch: 
Memory allocated:  274.68505859375
Memory cached:  650.0
	 epoch  60 training error:  tensor(0.5296, device='cuda:0', grad_fn=<DivBackward0>)
Memory status after this epoch: 
Memory allocated:  274.68505859375
Memory cached:  654.0
	 epoch  70 training error:  tensor(0.5276, device='cuda:0', grad_fn=<DivBackward0>)
Memory status after this epoch: 
Memory allocated:  274.68505859375
Memory cached:  648.0
	 epoch  80 training error:  tensor(0.5267, device='cuda:0', grad_fn=<DivBackward0>)
Memory status after this epoch: 
Memory allocated:  274.68505859375
Memory cached:  646.0
	 epoch  90 training error:  tensor(0.5256, device='cuda:0', grad_fn=<DivBackward0>)
Memory status after this epoch: 
Memory allocated:  274.68505859375
Memory cached:  646.0
[I 2024-01-03 23:11:54,795] Trial 149 finished with value: 0.41855260729789734 and parameters: {'W_layers': 6, 'W_layer_units_exponent_0': 10, 'W_layer_units_exponent_1': 4, 'W_layer_units_exponent_2': 7, 'W_layer_units_exponent_3': 6, 'W_layer_units_exponent_4': 7, 'W_layer_units_exponent_5': 8, 'D_layers': 2, 'D_layer_units_exponent_0': 10, 'D_layer_units_exponent_1': 7, 'D_dagger_layers': 4, 'D_dagger_layer_units_exponent_0': 7, 'D_dagger_layer_units_exponent_1': 10, 'D_dagger_layer_units_exponent_2': 4, 'D_dagger_layer_units_exponent_3': 7, 'log_learning_rate': -4.380634567236623, 'log_learning_rate_D': -3.305273674235056, 'log_learning_rate_D_dagger': -3.365543935047933, 'training_batch_size': 9, 'training_p': 7}. Best is trial 87 with value: 0.11369848251342773.
Time for this trial:  181.8201243877411
Memory status after this trial: 
Memory allocated:  485.111328125
Memory cached:  632.0
--------------------  Trial  150   --------------------
Start timing: 
Parameters: 
{'W_layers': 6, 'W_layer_units_exponent_0': 10, 'W_layer_units_exponent_1': 4, 'W_layer_units_exponent_2': 6, 'W_layer_units_exponent_3': 7, 'W_layer_units_exponent_4': 6, 'W_layer_units_exponent_5': 7, 'D_layers': 3, 'D_layer_units_exponent_0': 10, 'D_layer_units_exponent_1': 6, 'D_layer_units_exponent_2': 9, 'D_dagger_layers': 4, 'D_dagger_layer_units_exponent_0': 10, 'D_dagger_layer_units_exponent_1': 10, 'D_dagger_layer_units_exponent_2': 4, 'D_dagger_layer_units_exponent_3': 5, 'log_learning_rate': -4.257206203354622, 'log_learning_rate_D': -2.62352861199111, 'log_learning_rate_D_dagger': -3.246740721698188, 'training_batch_size': 10, 'training_p': 7}
	 epoch  0 training error:  tensor(1.0029, device='cuda:0', grad_fn=<DivBackward0>)
Memory status after this epoch: 
Memory allocated:  287.86279296875
Memory cached:  626.0
	 epoch  10 training error:  tensor(0.5398, device='cuda:0', grad_fn=<DivBackward0>)
Memory status after this epoch: 
Memory allocated:  287.86279296875
Memory cached:  660.0
	 epoch  20 training error:  tensor(0.5312, device='cuda:0', grad_fn=<DivBackward0>)
Memory status after this epoch: 
Memory allocated:  287.86279296875
Memory cached:  664.0
	 epoch  30 training error:  tensor(0.5280, device='cuda:0', grad_fn=<DivBackward0>)
Memory status after this epoch: 
Memory allocated:  287.86279296875
Memory cached:  666.0
	 epoch  40 training error:  tensor(0.5242, device='cuda:0', grad_fn=<DivBackward0>)
Memory status after this epoch: 
Memory allocated:  287.86279296875
Memory cached:  656.0
	 epoch  50 training error:  tensor(0.5238, device='cuda:0', grad_fn=<DivBackward0>)
Memory status after this epoch: 
Memory allocated:  287.86279296875
Memory cached:  660.0
	 epoch  60 training error:  tensor(0.4664, device='cuda:0', grad_fn=<DivBackward0>)
Memory status after this epoch: 
Memory allocated:  287.86279296875
Memory cached:  666.0
	 epoch  70 training error:  tensor(0.3658, device='cuda:0', grad_fn=<DivBackward0>)
Memory status after this epoch: 
Memory allocated:  287.86279296875
Memory cached:  666.0
	 epoch  80 training error:  tensor(0.3188, device='cuda:0', grad_fn=<DivBackward0>)
Memory status after this epoch: 
Memory allocated:  287.86279296875
Memory cached:  662.0
	 epoch  90 training error:  tensor(0.2715, device='cuda:0', grad_fn=<DivBackward0>)
Memory status after this epoch: 
Memory allocated:  287.86279296875
Memory cached:  660.0
