[I 2024-01-13 11:07:00,588] Trial 173 finished with value: 0.10573909431695938 and parameters: {'W_layers': 2, 'W_layer_units_exponent_0': 7, 'W_layer_units_exponent_1': 4, 'D_layers': 5, 'D_layer_units_exponent_0': 5, 'D_layer_units_exponent_1': 5, 'D_layer_units_exponent_2': 8, 'D_layer_units_exponent_3': 10, 'D_layer_units_exponent_4': 6, 'D_dagger_layers': 5, 'D_dagger_layer_units_exponent_0': 9, 'D_dagger_layer_units_exponent_1': 9, 'D_dagger_layer_units_exponent_2': 7, 'D_dagger_layer_units_exponent_3': 4, 'D_dagger_layer_units_exponent_4': 6, 'log_learning_rate': -4.671023685674842, 'log_learning_rate_D': -3.0999502576882274, 'log_learning_rate_D_dagger': -2.9248047779614086, 'training_batch_size': 6, 'training_p': 8}. Best is trial 166 with value: 0.057614028453826904.
Time for this trial:  434.7260580062866
Memory status after this trial: 
Memory allocated:  561.6552734375
Memory cached:  568.0
--------------------  Trial  174   --------------------
Start timing: 
Parameters: 
{'W_layers': 2, 'W_layer_units_exponent_0': 7, 'W_layer_units_exponent_1': 4, 'D_layers': 5, 'D_layer_units_exponent_0': 5, 'D_layer_units_exponent_1': 6, 'D_layer_units_exponent_2': 8, 'D_layer_units_exponent_3': 10, 'D_layer_units_exponent_4': 8, 'D_dagger_layers': 5, 'D_dagger_layer_units_exponent_0': 9, 'D_dagger_layer_units_exponent_1': 9, 'D_dagger_layer_units_exponent_2': 7, 'D_dagger_layer_units_exponent_3': 6, 'D_dagger_layer_units_exponent_4': 5, 'log_learning_rate': -4.865918789323246, 'log_learning_rate_D': -3.304425917893992, 'log_learning_rate_D_dagger': -2.8297611150381208, 'training_batch_size': 6, 'training_p': 8}
	 epoch  0 training error:  tensor(0.8046, device='cuda:0', grad_fn=<DivBackward0>)
Memory status after this epoch: 
Memory allocated:  276.04296875
Memory cached:  510.0
	 epoch  10 training error:  tensor(0.5624, device='cuda:0', grad_fn=<DivBackward0>)
Memory status after this epoch: 
Memory allocated:  276.04296875
Memory cached:  514.0
	 epoch  20 training error:  tensor(0.5301, device='cuda:0', grad_fn=<DivBackward0>)
Memory status after this epoch: 
Memory allocated:  276.04296875
Memory cached:  520.0
	 epoch  30 training error:  tensor(0.5099, device='cuda:0', grad_fn=<DivBackward0>)
Memory status after this epoch: 
Memory allocated:  276.04296875
Memory cached:  522.0
	 epoch  40 training error:  tensor(0.3764, device='cuda:0', grad_fn=<DivBackward0>)
Memory status after this epoch: 
Memory allocated:  276.04296875
Memory cached:  522.0
	 epoch  50 training error:  tensor(0.3066, device='cuda:0', grad_fn=<DivBackward0>)
Memory status after this epoch: 
Memory allocated:  276.04296875
Memory cached:  516.0
	 epoch  60 training error:  tensor(0.1438, device='cuda:0', grad_fn=<DivBackward0>)
Memory status after this epoch: 
Memory allocated:  276.04296875
Memory cached:  522.0
	 epoch  70 training error:  tensor(0.1587, device='cuda:0', grad_fn=<DivBackward0>)
Memory status after this epoch: 
Memory allocated:  276.04296875
Memory cached:  526.0
	 epoch  80 training error:  tensor(0.1430, device='cuda:0', grad_fn=<DivBackward0>)
Memory status after this epoch: 
Memory allocated:  276.04296875
Memory cached:  516.0
	 epoch  90 training error:  tensor(0.0934, device='cuda:0', grad_fn=<DivBackward0>)
Memory status after this epoch: 
Memory allocated:  276.04296875
Memory cached:  518.0
[I 2024-01-13 11:14:18,175] Trial 174 finished with value: 0.07648777216672897 and parameters: {'W_layers': 2, 'W_layer_units_exponent_0': 7, 'W_layer_units_exponent_1': 4, 'D_layers': 5, 'D_layer_units_exponent_0': 5, 'D_layer_units_exponent_1': 6, 'D_layer_units_exponent_2': 8, 'D_layer_units_exponent_3': 10, 'D_layer_units_exponent_4': 8, 'D_dagger_layers': 5, 'D_dagger_layer_units_exponent_0': 9, 'D_dagger_layer_units_exponent_1': 9, 'D_dagger_layer_units_exponent_2': 7, 'D_dagger_layer_units_exponent_3': 6, 'D_dagger_layer_units_exponent_4': 5, 'log_learning_rate': -4.865918789323246, 'log_learning_rate_D': -3.304425917893992, 'log_learning_rate_D_dagger': -2.8297611150381208, 'training_batch_size': 6, 'training_p': 8}. Best is trial 166 with value: 0.057614028453826904.
Time for this trial:  437.1577455997467
Memory status after this trial: 
Memory allocated:  586.265625
Memory cached:  594.0
--------------------  Trial  175   --------------------
Start timing: 
Parameters: 
{'W_layers': 2, 'W_layer_units_exponent_0': 6, 'W_layer_units_exponent_1': 4, 'D_layers': 5, 'D_layer_units_exponent_0': 5, 'D_layer_units_exponent_1': 6, 'D_layer_units_exponent_2': 8, 'D_layer_units_exponent_3': 10, 'D_layer_units_exponent_4': 8, 'D_dagger_layers': 5, 'D_dagger_layer_units_exponent_0': 9, 'D_dagger_layer_units_exponent_1': 9, 'D_dagger_layer_units_exponent_2': 7, 'D_dagger_layer_units_exponent_3': 6, 'D_dagger_layer_units_exponent_4': 6, 'log_learning_rate': -4.840280639745445, 'log_learning_rate_D': -3.3506677308882375, 'log_learning_rate_D_dagger': -2.6954794006388454, 'training_batch_size': 9, 'training_p': 6}
	 epoch  0 training error:  tensor(0.9430, device='cuda:0', grad_fn=<DivBackward0>)
Memory status after this epoch: 
Memory allocated:  276.0576171875
Memory cached:  514.0
	 epoch  10 training error:  tensor(0.5796, device='cuda:0', grad_fn=<DivBackward0>)
Memory status after this epoch: 
Memory allocated:  276.0576171875
Memory cached:  532.0
	 epoch  20 training error:  tensor(0.5223, device='cuda:0', grad_fn=<DivBackward0>)
Memory status after this epoch: 
Memory allocated:  276.0576171875
Memory cached:  532.0
	 epoch  30 training error:  tensor(0.4960, device='cuda:0', grad_fn=<DivBackward0>)
Memory status after this epoch: 
Memory allocated:  276.0576171875
Memory cached:  526.0
	 epoch  40 training error:  tensor(0.4991, device='cuda:0', grad_fn=<DivBackward0>)
Memory status after this epoch: 
Memory allocated:  276.0576171875
Memory cached:  534.0
	 epoch  50 training error:  tensor(0.4926, device='cuda:0', grad_fn=<DivBackward0>)
Memory status after this epoch: 
Memory allocated:  276.0576171875
Memory cached:  532.0
	 epoch  60 training error:  tensor(0.4725, device='cuda:0', grad_fn=<DivBackward0>)
Memory status after this epoch: 
Memory allocated:  276.0576171875
Memory cached:  536.0
	 epoch  70 training error:  tensor(0.4009, device='cuda:0', grad_fn=<DivBackward0>)
Memory status after this epoch: 
Memory allocated:  276.0576171875
Memory cached:  534.0
	 epoch  80 training error:  tensor(0.3643, device='cuda:0', grad_fn=<DivBackward0>)
Memory status after this epoch: 
Memory allocated:  276.0576171875
Memory cached:  532.0
	 epoch  90 training error:  tensor(0.2423, device='cuda:0', grad_fn=<DivBackward0>)
Memory status after this epoch: 
Memory allocated:  276.0576171875
Memory cached:  530.0
[I 2024-01-13 11:17:35,130] Trial 175 finished with value: 0.13461504876613617 and parameters: {'W_layers': 2, 'W_layer_units_exponent_0': 6, 'W_layer_units_exponent_1': 4, 'D_layers': 5, 'D_layer_units_exponent_0': 5, 'D_layer_units_exponent_1': 6, 'D_layer_units_exponent_2': 8, 'D_layer_units_exponent_3': 10, 'D_layer_units_exponent_4': 8, 'D_dagger_layers': 5, 'D_dagger_layer_units_exponent_0': 9, 'D_dagger_layer_units_exponent_1': 9, 'D_dagger_layer_units_exponent_2': 7, 'D_dagger_layer_units_exponent_3': 6, 'D_dagger_layer_units_exponent_4': 6, 'log_learning_rate': -4.840280639745445, 'log_learning_rate_D': -3.3506677308882375, 'log_learning_rate_D_dagger': -2.6954794006388454, 'training_batch_size': 9, 'training_p': 6}. Best is trial 166 with value: 0.057614028453826904.
Time for this trial:  196.5336833000183
Memory status after this trial: 
Memory allocated:  582.3173828125
Memory cached:  590.0
--------------------  Trial  176   --------------------
Start timing: 
Parameters: 
{'W_layers': 2, 'W_layer_units_exponent_0': 6, 'W_layer_units_exponent_1': 4, 'D_layers': 5, 'D_layer_units_exponent_0': 5, 'D_layer_units_exponent_1': 6, 'D_layer_units_exponent_2': 9, 'D_layer_units_exponent_3': 8, 'D_layer_units_exponent_4': 7, 'D_dagger_layers': 5, 'D_dagger_layer_units_exponent_0': 9, 'D_dagger_layer_units_exponent_1': 9, 'D_dagger_layer_units_exponent_2': 7, 'D_dagger_layer_units_exponent_3': 6, 'D_dagger_layer_units_exponent_4': 6, 'log_learning_rate': -4.773975921694374, 'log_learning_rate_D': -3.476086805080979, 'log_learning_rate_D_dagger': -2.803960516076966, 'training_batch_size': 6, 'training_p': 8}
	 epoch  0 training error:  tensor(0.7007, device='cuda:0', grad_fn=<DivBackward0>)
Memory status after this epoch: 
Memory allocated:  270.796875
Memory cached:  508.0
	 epoch  10 training error:  tensor(0.5575, device='cuda:0', grad_fn=<DivBackward0>)
Memory status after this epoch: 
Memory allocated:  270.796875
Memory cached:  508.0
	 epoch  20 training error:  tensor(0.5466, device='cuda:0', grad_fn=<DivBackward0>)
Memory status after this epoch: 
Memory allocated:  270.796875
Memory cached:  508.0
	 epoch  30 training error:  tensor(0.5376, device='cuda:0', grad_fn=<DivBackward0>)
Memory status after this epoch: 
Memory allocated:  270.796875
Memory cached:  508.0
	 epoch  40 training error:  tensor(0.5385, device='cuda:0', grad_fn=<DivBackward0>)
Memory status after this epoch: 
Memory allocated:  270.796875
Memory cached:  508.0
	 epoch  50 training error:  tensor(0.5249, device='cuda:0', grad_fn=<DivBackward0>)
Memory status after this epoch: 
Memory allocated:  270.796875
Memory cached:  508.0
	 epoch  60 training error:  tensor(0.3303, device='cuda:0', grad_fn=<DivBackward0>)
Memory status after this epoch: 
Memory allocated:  270.796875
Memory cached:  508.0
	 epoch  70 training error:  tensor(0.2770, device='cuda:0', grad_fn=<DivBackward0>)
Memory status after this epoch: 
Memory allocated:  270.796875
Memory cached:  508.0
	 epoch  80 training error:  tensor(0.2576, device='cuda:0', grad_fn=<DivBackward0>)
Memory status after this epoch: 
Memory allocated:  270.796875
Memory cached:  508.0
	 epoch  90 training error:  tensor(0.1890, device='cuda:0', grad_fn=<DivBackward0>)
Memory status after this epoch: 
Memory allocated:  270.796875
Memory cached:  508.0
[I 2024-01-13 11:24:47,189] Trial 176 finished with value: 0.09328030794858932 and parameters: {'W_layers': 2, 'W_layer_units_exponent_0': 6, 'W_layer_units_exponent_1': 4, 'D_layers': 5, 'D_layer_units_exponent_0': 5, 'D_layer_units_exponent_1': 6, 'D_layer_units_exponent_2': 9, 'D_layer_units_exponent_3': 8, 'D_layer_units_exponent_4': 7, 'D_dagger_layers': 5, 'D_dagger_layer_units_exponent_0': 9, 'D_dagger_layer_units_exponent_1': 9, 'D_dagger_layer_units_exponent_2': 7, 'D_dagger_layer_units_exponent_3': 6, 'D_dagger_layer_units_exponent_4': 6, 'log_learning_rate': -4.773975921694374, 'log_learning_rate_D': -3.476086805080979, 'log_learning_rate_D_dagger': -2.803960516076966, 'training_batch_size': 6, 'training_p': 8}. Best is trial 166 with value: 0.057614028453826904.
Time for this trial:  431.53429985046387
Memory status after this trial: 
Memory allocated:  513.994140625
Memory cached:  520.0
--------------------  Trial  177   --------------------
Start timing: 
Parameters: 
{'W_layers': 2, 'W_layer_units_exponent_0': 6, 'W_layer_units_exponent_1': 4, 'D_layers': 5, 'D_layer_units_exponent_0': 5, 'D_layer_units_exponent_1': 6, 'D_layer_units_exponent_2': 8, 'D_layer_units_exponent_3': 8, 'D_layer_units_exponent_4': 7, 'D_dagger_layers': 5, 'D_dagger_layer_units_exponent_0': 9, 'D_dagger_layer_units_exponent_1': 9, 'D_dagger_layer_units_exponent_2': 7, 'D_dagger_layer_units_exponent_3': 6, 'D_dagger_layer_units_exponent_4': 5, 'log_learning_rate': -4.946975676742203, 'log_learning_rate_D': -3.56906575371552, 'log_learning_rate_D_dagger': -2.8102776139960084, 'training_batch_size': 6, 'training_p': 8}
	 epoch  0 training error:  tensor(0.6892, device='cuda:0', grad_fn=<DivBackward0>)
Memory status after this epoch: 
Memory allocated:  269.51171875
Memory cached:  508.0
	 epoch  10 training error:  tensor(0.5433, device='cuda:0', grad_fn=<DivBackward0>)
Memory status after this epoch: 
Memory allocated:  269.51171875
Memory cached:  510.0
	 epoch  20 training error:  tensor(0.5241, device='cuda:0', grad_fn=<DivBackward0>)
Memory status after this epoch: 
Memory allocated:  269.51171875
Memory cached:  510.0
	 epoch  30 training error:  tensor(0.5132, device='cuda:0', grad_fn=<DivBackward0>)
Memory status after this epoch: 
Memory allocated:  269.51171875
Memory cached:  510.0
	 epoch  40 training error:  tensor(0.4156, device='cuda:0', grad_fn=<DivBackward0>)
Memory status after this epoch: 
Memory allocated:  269.51171875
Memory cached:  510.0
	 epoch  50 training error:  tensor(0.4086, device='cuda:0', grad_fn=<DivBackward0>)
Memory status after this epoch: 
Memory allocated:  269.51171875
Memory cached:  510.0
	 epoch  60 training error:  tensor(0.2943, device='cuda:0', grad_fn=<DivBackward0>)
Memory status after this epoch: 
Memory allocated:  269.51171875
Memory cached:  510.0
	 epoch  70 training error:  tensor(0.2606, device='cuda:0', grad_fn=<DivBackward0>)
Memory status after this epoch: 
Memory allocated:  269.51171875
Memory cached:  510.0
	 epoch  80 training error:  tensor(0.2371, device='cuda:0', grad_fn=<DivBackward0>)
Memory status after this epoch: 
Memory allocated:  269.51171875
Memory cached:  510.0
	 epoch  90 training error:  tensor(0.2470, device='cuda:0', grad_fn=<DivBackward0>)
Memory status after this epoch: 
Memory allocated:  269.51171875
Memory cached:  510.0
[I 2024-01-13 11:31:58,378] Trial 177 finished with value: 0.07975926250219345 and parameters: {'W_layers': 2, 'W_layer_units_exponent_0': 6, 'W_layer_units_exponent_1': 4, 'D_layers': 5, 'D_layer_units_exponent_0': 5, 'D_layer_units_exponent_1': 6, 'D_layer_units_exponent_2': 8, 'D_layer_units_exponent_3': 8, 'D_layer_units_exponent_4': 7, 'D_dagger_layers': 5, 'D_dagger_layer_units_exponent_0': 9, 'D_dagger_layer_units_exponent_1': 9, 'D_dagger_layer_units_exponent_2': 7, 'D_dagger_layer_units_exponent_3': 6, 'D_dagger_layer_units_exponent_4': 5, 'log_learning_rate': -4.946975676742203, 'log_learning_rate_D': -3.56906575371552, 'log_learning_rate_D_dagger': -2.8102776139960084, 'training_batch_size': 6, 'training_p': 8}. Best is trial 166 with value: 0.057614028453826904.
Time for this trial:  430.7621648311615
Memory status after this trial: 
Memory allocated:  483.3515625
Memory cached:  510.0
--------------------  Trial  178   --------------------
Start timing: 
Parameters: 
{'W_layers': 2, 'W_layer_units_exponent_0': 7, 'W_layer_units_exponent_1': 4, 'D_layers': 5, 'D_layer_units_exponent_0': 5, 'D_layer_units_exponent_1': 6, 'D_layer_units_exponent_2': 8, 'D_layer_units_exponent_3': 8, 'D_layer_units_exponent_4': 7, 'D_dagger_layers': 5, 'D_dagger_layer_units_exponent_0': 9, 'D_dagger_layer_units_exponent_1': 9, 'D_dagger_layer_units_exponent_2': 7, 'D_dagger_layer_units_exponent_3': 6, 'D_dagger_layer_units_exponent_4': 5, 'log_learning_rate': -4.875659409267837, 'log_learning_rate_D': -3.536731377797211, 'log_learning_rate_D_dagger': -2.798666735351918, 'training_batch_size': 6, 'training_p': 8}
	 epoch  0 training error:  tensor(0.7582, device='cuda:0', grad_fn=<DivBackward0>)
Memory status after this epoch: 
Memory allocated:  269.52734375
Memory cached:  510.0
	 epoch  10 training error:  tensor(0.5686, device='cuda:0', grad_fn=<DivBackward0>)
Memory status after this epoch: 
Memory allocated:  269.52734375
Memory cached:  514.0
	 epoch  20 training error:  tensor(0.5458, device='cuda:0', grad_fn=<DivBackward0>)
Memory status after this epoch: 
Memory allocated:  269.52734375
Memory cached:  516.0
	 epoch  30 training error:  tensor(0.5286, device='cuda:0', grad_fn=<DivBackward0>)
Memory status after this epoch: 
Memory allocated:  269.52734375
Memory cached:  510.0
	 epoch  40 training error:  tensor(0.4618, device='cuda:0', grad_fn=<DivBackward0>)
Memory status after this epoch: 
Memory allocated:  269.52734375
Memory cached:  512.0
	 epoch  50 training error:  tensor(0.2972, device='cuda:0', grad_fn=<DivBackward0>)
Memory status after this epoch: 
Memory allocated:  269.52734375
Memory cached:  514.0
	 epoch  60 training error:  tensor(0.2546, device='cuda:0', grad_fn=<DivBackward0>)
Memory status after this epoch: 
Memory allocated:  269.52734375
Memory cached:  512.0
	 epoch  70 training error:  tensor(0.1907, device='cuda:0', grad_fn=<DivBackward0>)
Memory status after this epoch: 
Memory allocated:  269.52734375
Memory cached:  512.0
	 epoch  80 training error:  tensor(0.1370, device='cuda:0', grad_fn=<DivBackward0>)
Memory status after this epoch: 
Memory allocated:  269.52734375
Memory cached:  512.0
	 epoch  90 training error:  tensor(0.1383, device='cuda:0', grad_fn=<DivBackward0>)
Memory status after this epoch: 
Memory allocated:  269.52734375
Memory cached:  510.0
[I 2024-01-13 11:39:10,212] Trial 178 finished with value: 0.1518850177526474 and parameters: {'W_layers': 2, 'W_layer_units_exponent_0': 7, 'W_layer_units_exponent_1': 4, 'D_layers': 5, 'D_layer_units_exponent_0': 5, 'D_layer_units_exponent_1': 6, 'D_layer_units_exponent_2': 8, 'D_layer_units_exponent_3': 8, 'D_layer_units_exponent_4': 7, 'D_dagger_layers': 5, 'D_dagger_layer_units_exponent_0': 9, 'D_dagger_layer_units_exponent_1': 9, 'D_dagger_layer_units_exponent_2': 7, 'D_dagger_layer_units_exponent_3': 6, 'D_dagger_layer_units_exponent_4': 5, 'log_learning_rate': -4.875659409267837, 'log_learning_rate_D': -3.536731377797211, 'log_learning_rate_D_dagger': -2.798666735351918, 'training_batch_size': 6, 'training_p': 8}. Best is trial 166 with value: 0.057614028453826904.
Time for this trial:  431.3849296569824
Memory status after this trial: 
Memory allocated:  490.1953125
Memory cached:  510.0
--------------------  Trial  179   --------------------
Start timing: 
Parameters: 
{'W_layers': 2, 'W_layer_units_exponent_0': 6, 'W_layer_units_exponent_1': 5, 'D_layers': 5, 'D_layer_units_exponent_0': 5, 'D_layer_units_exponent_1': 6, 'D_layer_units_exponent_2': 8, 'D_layer_units_exponent_3': 8, 'D_layer_units_exponent_4': 7, 'D_dagger_layers': 5, 'D_dagger_layer_units_exponent_0': 9, 'D_dagger_layer_units_exponent_1': 9, 'D_dagger_layer_units_exponent_2': 7, 'D_dagger_layer_units_exponent_3': 6, 'D_dagger_layer_units_exponent_4': 5, 'log_learning_rate': -4.9271517714928015, 'log_learning_rate_D': -3.6646115430182697, 'log_learning_rate_D_dagger': -2.5712784472292802, 'training_batch_size': 6, 'training_p': 8}
	 epoch  0 training error:  tensor(0.9119, device='cuda:0', grad_fn=<DivBackward0>)
Memory status after this epoch: 
Memory allocated:  269.52734375
Memory cached:  510.0
	 epoch  10 training error:  tensor(0.5483, device='cuda:0', grad_fn=<DivBackward0>)
Memory status after this epoch: 
Memory allocated:  269.52734375
Memory cached:  514.0
	 epoch  20 training error:  tensor(0.5319, device='cuda:0', grad_fn=<DivBackward0>)
Memory status after this epoch: 
Memory allocated:  269.52734375
Memory cached:  512.0
	 epoch  30 training error:  tensor(0.5283, device='cuda:0', grad_fn=<DivBackward0>)
Memory status after this epoch: 
Memory allocated:  269.52734375
Memory cached:  514.0
	 epoch  40 training error:  tensor(0.3732, device='cuda:0', grad_fn=<DivBackward0>)
Memory status after this epoch: 
Memory allocated:  269.52734375
Memory cached:  512.0
	 epoch  50 training error:  tensor(0.3537, device='cuda:0', grad_fn=<DivBackward0>)
Memory status after this epoch: 
Memory allocated:  269.52734375
Memory cached:  512.0
	 epoch  60 training error:  tensor(0.2037, device='cuda:0', grad_fn=<DivBackward0>)
Memory status after this epoch: 
Memory allocated:  269.52734375
Memory cached:  512.0
	 epoch  70 training error:  tensor(0.1934, device='cuda:0', grad_fn=<DivBackward0>)
Memory status after this epoch: 
Memory allocated:  269.52734375
Memory cached:  512.0
	 epoch  80 training error:  tensor(0.1334, device='cuda:0', grad_fn=<DivBackward0>)
Memory status after this epoch: 
Memory allocated:  269.52734375
Memory cached:  512.0
	 epoch  90 training error:  tensor(0.1786, device='cuda:0', grad_fn=<DivBackward0>)
Memory status after this epoch: 
Memory allocated:  269.52734375
Memory cached:  512.0
