[I 2024-03-12 19:38:42,307] Trial 161 finished with value: 0.331807941198349 and parameters: {'log_learning_rate': -1.6092645269254358, 'log_learning_rate_D': -3.1947301677584927, 'log_learning_rate_D_dagger': -1.4403680418060374, 'training_batch_size': 8, 'training_p': 2, 'p_order_W': 5, 'p_order_D': 4, 'p_order_D_dagger': 3}. Best is trial 147 with value: 0.31300362944602966.
Time for this trial:  217.65319633483887
Memory status after this trial: 
Memory allocated:  4.1298828125
Memory cached:  6.0
--------------------  Trial  162   --------------------
Start timing: 
Parameters: 
{'log_learning_rate': -1.4626461382767368, 'log_learning_rate_D': -3.1154566006872417, 'log_learning_rate_D_dagger': -1.290489707334034, 'training_batch_size': 8, 'training_p': 2, 'p_order_W': 5, 'p_order_D': 4, 'p_order_D_dagger': 3}

	 epoch  0 training error:  tensor(216.4305, grad_fn=<ToCopyBackward0>)
Memory status after this epoch: 
Memory allocated:  2.23095703125
Memory cached:  6.0
	 epoch  10 training error:  tensor(9.4765, grad_fn=<ToCopyBackward0>)
Memory status after this epoch: 
Memory allocated:  2.23095703125
Memory cached:  8.0
	 epoch  20 training error:  tensor(1.7908, grad_fn=<ToCopyBackward0>)
Memory status after this epoch: 
Memory allocated:  2.23095703125
Memory cached:  6.0
	 epoch  30 training error:  tensor(0.4421, grad_fn=<ToCopyBackward0>)
Memory status after this epoch: 
Memory allocated:  2.23095703125
Memory cached:  8.0
	 epoch  40 training error:  tensor(0.4208, grad_fn=<ToCopyBackward0>)
Memory status after this epoch: 
Memory allocated:  2.23095703125
Memory cached:  6.0
	 epoch  50 training error:  tensor(0.4063, grad_fn=<ToCopyBackward0>)
Memory status after this epoch: 
Memory allocated:  2.23095703125
Memory cached:  8.0
	 epoch  60 training error:  tensor(0.3940, grad_fn=<ToCopyBackward0>)
Memory status after this epoch: 
Memory allocated:  2.23095703125
Memory cached:  8.0
	 epoch  70 training error:  tensor(0.3804, grad_fn=<ToCopyBackward0>)
Memory status after this epoch: 
Memory allocated:  2.23095703125
Memory cached:  6.0
	 epoch  80 training error:  tensor(0.3648, grad_fn=<ToCopyBackward0>)
Memory status after this epoch: 
Memory allocated:  2.23095703125
Memory cached:  8.0
	 epoch  90 training error:  tensor(0.3476, grad_fn=<ToCopyBackward0>)
Memory status after this epoch: 
Memory allocated:  2.23095703125
Memory cached:  8.0
[W 2024-03-12 19:42:16,497] Trial 162 failed with parameters: {'log_learning_rate': -1.4626461382767368, 'log_learning_rate_D': -3.1154566006872417, 'log_learning_rate_D_dagger': -1.290489707334034, 'training_batch_size': 8, 'training_p': 2, 'p_order_W': 5, 'p_order_D': 4, 'p_order_D_dagger': 3} because of the following error: The value nan is not acceptable.
[W 2024-03-12 19:42:16,497] Trial 162 failed with value tensor(nan, grad_fn=<ToCopyBackward0>).
Time for this trial:  213.90232348442078
Memory status after this trial: 
Memory allocated:  4.1298828125
Memory cached:  6.0
--------------------  Trial  163   --------------------
Start timing: 
Parameters: 
{'log_learning_rate': -1.4296714482812578, 'log_learning_rate_D': -3.270871212969435, 'log_learning_rate_D_dagger': -1.3007474457757482, 'training_batch_size': 8, 'training_p': 2, 'p_order_W': 5, 'p_order_D': 4, 'p_order_D_dagger': 3}

	 epoch  0 training error:  tensor(248.6213, grad_fn=<ToCopyBackward0>)
Memory status after this epoch: 
Memory allocated:  2.23095703125
Memory cached:  6.0
	 epoch  10 training error:  tensor(1.5295, grad_fn=<ToCopyBackward0>)
Memory status after this epoch: 
Memory allocated:  2.23095703125
Memory cached:  8.0
	 epoch  20 training error:  tensor(2.3870, grad_fn=<ToCopyBackward0>)
Memory status after this epoch: 
Memory allocated:  2.23095703125
Memory cached:  6.0
	 epoch  30 training error:  tensor(1.4500, grad_fn=<ToCopyBackward0>)
Memory status after this epoch: 
Memory allocated:  2.23095703125
Memory cached:  8.0
	 epoch  40 training error:  tensor(0.5966, grad_fn=<ToCopyBackward0>)
Memory status after this epoch: 
Memory allocated:  2.23095703125
Memory cached:  6.0
	 epoch  50 training error:  tensor(0.4785, grad_fn=<ToCopyBackward0>)
Memory status after this epoch: 
Memory allocated:  2.23095703125
Memory cached:  8.0
	 epoch  60 training error:  tensor(0.4619, grad_fn=<ToCopyBackward0>)
Memory status after this epoch: 
Memory allocated:  2.23095703125
Memory cached:  8.0
	 epoch  70 training error:  tensor(0.4007, grad_fn=<ToCopyBackward0>)
Memory status after this epoch: 
Memory allocated:  2.23095703125
Memory cached:  6.0
	 epoch  80 training error:  tensor(0.3913, grad_fn=<ToCopyBackward0>)
Memory status after this epoch: 
Memory allocated:  2.23095703125
Memory cached:  8.0
	 epoch  90 training error:  tensor(0.3863, grad_fn=<ToCopyBackward0>)
Memory status after this epoch: 
Memory allocated:  2.23095703125
Memory cached:  8.0
[I 2024-03-12 19:45:54,845] Trial 163 finished with value: 0.4045356810092926 and parameters: {'log_learning_rate': -1.4296714482812578, 'log_learning_rate_D': -3.270871212969435, 'log_learning_rate_D_dagger': -1.3007474457757482, 'training_batch_size': 8, 'training_p': 2, 'p_order_W': 5, 'p_order_D': 4, 'p_order_D_dagger': 3}. Best is trial 147 with value: 0.31300362944602966.
Time for this trial:  218.0672950744629
Memory status after this trial: 
Memory allocated:  4.1298828125
Memory cached:  6.0
--------------------  Trial  164   --------------------
Start timing: 
Parameters: 
{'log_learning_rate': -1.5597658938872063, 'log_learning_rate_D': -3.2188513080880936, 'log_learning_rate_D_dagger': -1.4390290222149564, 'training_batch_size': 8, 'training_p': 2, 'p_order_W': 5, 'p_order_D': 4, 'p_order_D_dagger': 3}

	 epoch  0 training error:  tensor(67.7066, grad_fn=<ToCopyBackward0>)
Memory status after this epoch: 
Memory allocated:  2.23095703125
Memory cached:  6.0
	 epoch  10 training error:  tensor(6.0657, grad_fn=<ToCopyBackward0>)
Memory status after this epoch: 
Memory allocated:  2.23095703125
Memory cached:  8.0
	 epoch  20 training error:  tensor(1.2356, grad_fn=<ToCopyBackward0>)
Memory status after this epoch: 
Memory allocated:  2.23095703125
Memory cached:  6.0
	 epoch  30 training error:  tensor(0.4429, grad_fn=<ToCopyBackward0>)
Memory status after this epoch: 
Memory allocated:  2.23095703125
Memory cached:  8.0
	 epoch  40 training error:  tensor(0.4284, grad_fn=<ToCopyBackward0>)
Memory status after this epoch: 
Memory allocated:  2.23095703125
Memory cached:  6.0
	 epoch  50 training error:  tensor(0.3733, grad_fn=<ToCopyBackward0>)
Memory status after this epoch: 
Memory allocated:  2.23095703125
Memory cached:  8.0
	 epoch  60 training error:  tensor(0.3419, grad_fn=<ToCopyBackward0>)
Memory status after this epoch: 
Memory allocated:  2.23095703125
Memory cached:  8.0
	 epoch  70 training error:  tensor(0.3217, grad_fn=<ToCopyBackward0>)
Memory status after this epoch: 
Memory allocated:  2.23095703125
Memory cached:  6.0
	 epoch  80 training error:  tensor(0.3120, grad_fn=<ToCopyBackward0>)
Memory status after this epoch: 
Memory allocated:  2.23095703125
Memory cached:  8.0
	 epoch  90 training error:  tensor(0.3022, grad_fn=<ToCopyBackward0>)
Memory status after this epoch: 
Memory allocated:  2.23095703125
Memory cached:  8.0
[I 2024-03-12 19:49:33,410] Trial 164 finished with value: 0.31252455711364746 and parameters: {'log_learning_rate': -1.5597658938872063, 'log_learning_rate_D': -3.2188513080880936, 'log_learning_rate_D_dagger': -1.4390290222149564, 'training_batch_size': 8, 'training_p': 2, 'p_order_W': 5, 'p_order_D': 4, 'p_order_D_dagger': 3}. Best is trial 164 with value: 0.31252455711364746.
res:  tensor(0.3125, grad_fn=<ToCopyBackward0>)
self.bestValue:  tensor(0.3130, grad_fn=<ToCopyBackward0>)
Save this model!
Time for this trial:  218.3098373413086
Memory status after this trial: 
Memory allocated:  2.20068359375
Memory cached:  6.0
--------------------  Trial  165   --------------------
Start timing: 
Parameters: 
{'log_learning_rate': -1.568870971702689, 'log_learning_rate_D': -3.230673398729352, 'log_learning_rate_D_dagger': -1.4650612222322634, 'training_batch_size': 8, 'training_p': 2, 'p_order_W': 5, 'p_order_D': 4, 'p_order_D_dagger': 3}

	 epoch  0 training error:  tensor(85.6886, grad_fn=<ToCopyBackward0>)
Memory status after this epoch: 
Memory allocated:  2.23095703125
Memory cached:  6.0
[W 2024-03-12 19:49:47,590] Trial 165 failed with parameters: {'log_learning_rate': -1.568870971702689, 'log_learning_rate_D': -3.230673398729352, 'log_learning_rate_D_dagger': -1.4650612222322634, 'training_batch_size': 8, 'training_p': 2, 'p_order_W': 5, 'p_order_D': 4, 'p_order_D_dagger': 3} because of the following error: The value nan is not acceptable.
[W 2024-03-12 19:49:47,590] Trial 165 failed with value tensor(nan, grad_fn=<ToCopyBackward0>).
Time for this trial:  13.9500093460083
Memory status after this trial: 
Memory allocated:  4.1298828125
Memory cached:  6.0
--------------------  Trial  166   --------------------
Start timing: 
Parameters: 
{'log_learning_rate': -1.5784978658783082, 'log_learning_rate_D': -3.1033728334392965, 'log_learning_rate_D_dagger': -1.4477699325036488, 'training_batch_size': 8, 'training_p': 2, 'p_order_W': 5, 'p_order_D': 4, 'p_order_D_dagger': 3}

[W 2024-03-12 19:49:50,973] Trial 166 failed with parameters: {'log_learning_rate': -1.5784978658783082, 'log_learning_rate_D': -3.1033728334392965, 'log_learning_rate_D_dagger': -1.4477699325036488, 'training_batch_size': 8, 'training_p': 2, 'p_order_W': 5, 'p_order_D': 4, 'p_order_D_dagger': 3} because of the following error: The value nan is not acceptable.
[W 2024-03-12 19:49:50,974] Trial 166 failed with value tensor(nan, grad_fn=<ToCopyBackward0>).
Time for this trial:  3.107524871826172
Memory status after this trial: 
Memory allocated:  4.1298828125
Memory cached:  6.0
--------------------  Trial  167   --------------------
Start timing: 
Parameters: 
{'log_learning_rate': -1.5348084852631934, 'log_learning_rate_D': -3.222616345076259, 'log_learning_rate_D_dagger': -1.0909069001041376, 'training_batch_size': 8, 'training_p': 2, 'p_order_W': 5, 'p_order_D': 4, 'p_order_D_dagger': 3}

	 epoch  0 training error:  tensor(24.7799, grad_fn=<ToCopyBackward0>)
Memory status after this epoch: 
Memory allocated:  2.23095703125
Memory cached:  6.0
	 epoch  10 training error:  tensor(1.3027, grad_fn=<ToCopyBackward0>)
Memory status after this epoch: 
Memory allocated:  2.23095703125
Memory cached:  6.0
	 epoch  20 training error:  tensor(0.4791, grad_fn=<ToCopyBackward0>)
Memory status after this epoch: 
Memory allocated:  2.23095703125
Memory cached:  6.0
	 epoch  30 training error:  tensor(0.4301, grad_fn=<ToCopyBackward0>)
Memory status after this epoch: 
Memory allocated:  2.23095703125
Memory cached:  6.0
	 epoch  40 training error:  tensor(0.3922, grad_fn=<ToCopyBackward0>)
Memory status after this epoch: 
Memory allocated:  2.23095703125
Memory cached:  6.0
	 epoch  50 training error:  tensor(0.3510, grad_fn=<ToCopyBackward0>)
Memory status after this epoch: 
Memory allocated:  2.23095703125
Memory cached:  6.0
	 epoch  60 training error:  tensor(0.3082, grad_fn=<ToCopyBackward0>)
Memory status after this epoch: 
Memory allocated:  2.23095703125
Memory cached:  6.0
[W 2024-03-12 19:52:11,241] Trial 167 failed with parameters: {'log_learning_rate': -1.5348084852631934, 'log_learning_rate_D': -3.222616345076259, 'log_learning_rate_D_dagger': -1.0909069001041376, 'training_batch_size': 8, 'training_p': 2, 'p_order_W': 5, 'p_order_D': 4, 'p_order_D_dagger': 3} because of the following error: The value nan is not acceptable.
[W 2024-03-12 19:52:11,241] Trial 167 failed with value tensor(nan, grad_fn=<ToCopyBackward0>).
Time for this trial:  140.00911164283752
Memory status after this trial: 
Memory allocated:  4.1298828125
Memory cached:  6.0
--------------------  Trial  168   --------------------
Start timing: 
Parameters: 
{'log_learning_rate': -1.5898102996430887, 'log_learning_rate_D': -3.2243363070145175, 'log_learning_rate_D_dagger': -1.42271194014613, 'training_batch_size': 8, 'training_p': 2, 'p_order_W': 5, 'p_order_D': 4, 'p_order_D_dagger': 3}

	 epoch  0 training error:  tensor(258.9325, grad_fn=<ToCopyBackward0>)
Memory status after this epoch: 
Memory allocated:  2.23095703125
Memory cached:  6.0
	 epoch  10 training error:  tensor(10.3185, grad_fn=<ToCopyBackward0>)
Memory status after this epoch: 
Memory allocated:  2.23095703125
Memory cached:  6.0
	 epoch  20 training error:  tensor(2.0740, grad_fn=<ToCopyBackward0>)
Memory status after this epoch: 
Memory allocated:  2.23095703125
Memory cached:  6.0
	 epoch  30 training error:  tensor(0.8762, grad_fn=<ToCopyBackward0>)
Memory status after this epoch: 
Memory allocated:  2.23095703125
Memory cached:  6.0
	 epoch  40 training error:  tensor(0.5120, grad_fn=<ToCopyBackward0>)
Memory status after this epoch: 
Memory allocated:  2.23095703125
Memory cached:  6.0
	 epoch  50 training error:  tensor(0.4637, grad_fn=<ToCopyBackward0>)
Memory status after this epoch: 
Memory allocated:  2.23095703125
Memory cached:  6.0
	 epoch  60 training error:  tensor(0.4290, grad_fn=<ToCopyBackward0>)
Memory status after this epoch: 
Memory allocated:  2.23095703125
Memory cached:  6.0
	 epoch  70 training error:  tensor(0.4140, grad_fn=<ToCopyBackward0>)
Memory status after this epoch: 
Memory allocated:  2.23095703125
Memory cached:  6.0
	 epoch  80 training error:  tensor(0.3955, grad_fn=<ToCopyBackward0>)
Memory status after this epoch: 
Memory allocated:  2.23095703125
Memory cached:  6.0
	 epoch  90 training error:  tensor(0.4004, grad_fn=<ToCopyBackward0>)
Memory status after this epoch: 
Memory allocated:  2.23095703125
Memory cached:  6.0
