[I 2024-01-12 19:23:09,798] Trial 25 finished with value: 0.1124669685959816 and parameters: {'W_layers': 6, 'W_layer_units_exponent_0': 4, 'W_layer_units_exponent_1': 9, 'W_layer_units_exponent_2': 6, 'W_layer_units_exponent_3': 6, 'W_layer_units_exponent_4': 5, 'W_layer_units_exponent_5': 9, 'D_layers': 2, 'D_layer_units_exponent_0': 8, 'D_layer_units_exponent_1': 7, 'D_dagger_layers': 7, 'D_dagger_layer_units_exponent_0': 5, 'D_dagger_layer_units_exponent_1': 7, 'D_dagger_layer_units_exponent_2': 8, 'D_dagger_layer_units_exponent_3': 9, 'D_dagger_layer_units_exponent_4': 9, 'D_dagger_layer_units_exponent_5': 9, 'D_dagger_layer_units_exponent_6': 8, 'log_learning_rate': -3.9778736425364194, 'log_learning_rate_D': -3.5291433497086855, 'log_learning_rate_D_dagger': -4.052802366709514, 'training_batch_size': 6, 'training_p': 5}. Best is trial 23 with value: 0.07801170647144318.
Time for this trial:  510.4188435077667
Memory status after this trial: 
Memory allocated:  835.953125
Memory cached:  860.0
--------------------  Trial  26   --------------------
Start timing: 
Parameters: 
{'W_layers': 8, 'W_layer_units_exponent_0': 5, 'W_layer_units_exponent_1': 8, 'W_layer_units_exponent_2': 7, 'W_layer_units_exponent_3': 8, 'W_layer_units_exponent_4': 4, 'W_layer_units_exponent_5': 9, 'W_layer_units_exponent_6': 5, 'W_layer_units_exponent_7': 7, 'D_layers': 2, 'D_layer_units_exponent_0': 10, 'D_layer_units_exponent_1': 5, 'D_dagger_layers': 6, 'D_dagger_layer_units_exponent_0': 6, 'D_dagger_layer_units_exponent_1': 8, 'D_dagger_layer_units_exponent_2': 9, 'D_dagger_layer_units_exponent_3': 6, 'D_dagger_layer_units_exponent_4': 8, 'D_dagger_layer_units_exponent_5': 9, 'log_learning_rate': -3.3022218687496236, 'log_learning_rate_D': -2.786054719615126, 'log_learning_rate_D_dagger': -4.960192620624634, 'training_batch_size': 6, 'training_p': 5}
	 epoch  0 training error:  tensor(1.0015, device='cuda:0', grad_fn=<DivBackward0>)
Memory status after this epoch: 
Memory allocated:  444.8125
Memory cached:  850.0
	 epoch  10 training error:  tensor(0.6853, device='cuda:0', grad_fn=<DivBackward0>)
Memory status after this epoch: 
Memory allocated:  444.8125
Memory cached:  848.0
	 epoch  20 training error:  tensor(0.6449, device='cuda:0', grad_fn=<DivBackward0>)
Memory status after this epoch: 
Memory allocated:  444.8125
Memory cached:  848.0
	 epoch  30 training error:  tensor(0.5454, device='cuda:0', grad_fn=<DivBackward0>)
Memory status after this epoch: 
Memory allocated:  444.8125
Memory cached:  850.0
	 epoch  40 training error:  tensor(0.3713, device='cuda:0', grad_fn=<DivBackward0>)
Memory status after this epoch: 
Memory allocated:  444.8125
Memory cached:  850.0
	 epoch  50 training error:  tensor(0.1851, device='cuda:0', grad_fn=<DivBackward0>)
Memory status after this epoch: 
Memory allocated:  444.8125
Memory cached:  850.0
	 epoch  60 training error:  tensor(0.1722, device='cuda:0', grad_fn=<DivBackward0>)
Memory status after this epoch: 
Memory allocated:  444.8125
Memory cached:  846.0
	 epoch  70 training error:  tensor(0.1655, device='cuda:0', grad_fn=<DivBackward0>)
Memory status after this epoch: 
Memory allocated:  444.8125
Memory cached:  848.0
	 epoch  80 training error:  tensor(0.1605, device='cuda:0', grad_fn=<DivBackward0>)
Memory status after this epoch: 
Memory allocated:  444.8125
Memory cached:  848.0
	 epoch  90 training error:  tensor(0.1561, device='cuda:0', grad_fn=<DivBackward0>)
Memory status after this epoch: 
Memory allocated:  444.8125
Memory cached:  846.0
[I 2024-01-12 19:32:09,094] Trial 26 finished with value: 0.12411787360906601 and parameters: {'W_layers': 8, 'W_layer_units_exponent_0': 5, 'W_layer_units_exponent_1': 8, 'W_layer_units_exponent_2': 7, 'W_layer_units_exponent_3': 8, 'W_layer_units_exponent_4': 4, 'W_layer_units_exponent_5': 9, 'W_layer_units_exponent_6': 5, 'W_layer_units_exponent_7': 7, 'D_layers': 2, 'D_layer_units_exponent_0': 10, 'D_layer_units_exponent_1': 5, 'D_dagger_layers': 6, 'D_dagger_layer_units_exponent_0': 6, 'D_dagger_layer_units_exponent_1': 8, 'D_dagger_layer_units_exponent_2': 9, 'D_dagger_layer_units_exponent_3': 6, 'D_dagger_layer_units_exponent_4': 8, 'D_dagger_layer_units_exponent_5': 9, 'log_learning_rate': -3.3022218687496236, 'log_learning_rate_D': -2.786054719615126, 'log_learning_rate_D_dagger': -4.960192620624634, 'training_batch_size': 6, 'training_p': 5}. Best is trial 23 with value: 0.07801170647144318.
Time for this trial:  538.8169457912445
Memory status after this trial: 
Memory allocated:  865.955078125
Memory cached:  872.0
--------------------  Trial  27   --------------------
Start timing: 
Parameters: 
{'W_layers': 7, 'W_layer_units_exponent_0': 4, 'W_layer_units_exponent_1': 9, 'W_layer_units_exponent_2': 6, 'W_layer_units_exponent_3': 5, 'W_layer_units_exponent_4': 5, 'W_layer_units_exponent_5': 10, 'W_layer_units_exponent_6': 5, 'D_layers': 3, 'D_layer_units_exponent_0': 9, 'D_layer_units_exponent_1': 7, 'D_layer_units_exponent_2': 9, 'D_dagger_layers': 5, 'D_dagger_layer_units_exponent_0': 9, 'D_dagger_layer_units_exponent_1': 6, 'D_dagger_layer_units_exponent_2': 7, 'D_dagger_layer_units_exponent_3': 8, 'D_dagger_layer_units_exponent_4': 10, 'log_learning_rate': -3.764933998012286, 'log_learning_rate_D': -3.9275311112597455, 'log_learning_rate_D_dagger': -4.025009002936692, 'training_batch_size': 8, 'training_p': 4}
	 epoch  0 training error:  tensor(0.9592, device='cuda:0', grad_fn=<DivBackward0>)
Memory status after this epoch: 
Memory allocated:  446.5146484375
Memory cached:  848.0
	 epoch  10 training error:  tensor(0.4270, device='cuda:0', grad_fn=<DivBackward0>)
Memory status after this epoch: 
Memory allocated:  446.5146484375
Memory cached:  854.0
	 epoch  20 training error:  tensor(0.2004, device='cuda:0', grad_fn=<DivBackward0>)
Memory status after this epoch: 
Memory allocated:  446.5146484375
Memory cached:  860.0
	 epoch  30 training error:  tensor(0.1733, device='cuda:0', grad_fn=<DivBackward0>)
Memory status after this epoch: 
Memory allocated:  446.5146484375
Memory cached:  850.0
	 epoch  40 training error:  tensor(0.1626, device='cuda:0', grad_fn=<DivBackward0>)
Memory status after this epoch: 
Memory allocated:  446.5146484375
Memory cached:  848.0
	 epoch  50 training error:  tensor(0.1533, device='cuda:0', grad_fn=<DivBackward0>)
Memory status after this epoch: 
Memory allocated:  446.5146484375
Memory cached:  852.0
	 epoch  60 training error:  tensor(0.1447, device='cuda:0', grad_fn=<DivBackward0>)
Memory status after this epoch: 
Memory allocated:  446.5146484375
Memory cached:  856.0
	 epoch  70 training error:  tensor(0.1361, device='cuda:0', grad_fn=<DivBackward0>)
Memory status after this epoch: 
Memory allocated:  446.5146484375
Memory cached:  860.0
	 epoch  80 training error:  tensor(0.1260, device='cuda:0', grad_fn=<DivBackward0>)
Memory status after this epoch: 
Memory allocated:  446.5146484375
Memory cached:  858.0
	 epoch  90 training error:  tensor(0.1153, device='cuda:0', grad_fn=<DivBackward0>)
Memory status after this epoch: 
Memory allocated:  446.5146484375
Memory cached:  858.0
[I 2024-01-12 19:36:14,836] Trial 27 finished with value: 0.0931352749466896 and parameters: {'W_layers': 7, 'W_layer_units_exponent_0': 4, 'W_layer_units_exponent_1': 9, 'W_layer_units_exponent_2': 6, 'W_layer_units_exponent_3': 5, 'W_layer_units_exponent_4': 5, 'W_layer_units_exponent_5': 10, 'W_layer_units_exponent_6': 5, 'D_layers': 3, 'D_layer_units_exponent_0': 9, 'D_layer_units_exponent_1': 7, 'D_layer_units_exponent_2': 9, 'D_dagger_layers': 5, 'D_dagger_layer_units_exponent_0': 9, 'D_dagger_layer_units_exponent_1': 6, 'D_dagger_layer_units_exponent_2': 7, 'D_dagger_layer_units_exponent_3': 8, 'D_dagger_layer_units_exponent_4': 10, 'log_learning_rate': -3.764933998012286, 'log_learning_rate_D': -3.9275311112597455, 'log_learning_rate_D_dagger': -4.025009002936692, 'training_batch_size': 8, 'training_p': 4}. Best is trial 23 with value: 0.07801170647144318.
Time for this trial:  245.22137451171875
Memory status after this trial: 
Memory allocated:  935.0869140625
Memory cached:  942.0
--------------------  Trial  28   --------------------
Start timing: 
Parameters: 
{'W_layers': 5, 'W_layer_units_exponent_0': 5, 'W_layer_units_exponent_1': 10, 'W_layer_units_exponent_2': 5, 'W_layer_units_exponent_3': 7, 'W_layer_units_exponent_4': 4, 'D_layers': 4, 'D_layer_units_exponent_0': 8, 'D_layer_units_exponent_1': 6, 'D_layer_units_exponent_2': 5, 'D_layer_units_exponent_3': 10, 'D_dagger_layers': 8, 'D_dagger_layer_units_exponent_0': 5, 'D_dagger_layer_units_exponent_1': 7, 'D_dagger_layer_units_exponent_2': 8, 'D_dagger_layer_units_exponent_3': 9, 'D_dagger_layer_units_exponent_4': 9, 'D_dagger_layer_units_exponent_5': 8, 'D_dagger_layer_units_exponent_6': 7, 'D_dagger_layer_units_exponent_7': 10, 'log_learning_rate': -4.27239643331511, 'log_learning_rate_D': -3.298133353371984, 'log_learning_rate_D_dagger': -4.58128478669086, 'training_batch_size': 7, 'training_p': 5}
	 epoch  0 training error:  tensor(0.9896, device='cuda:0', grad_fn=<DivBackward0>)
Memory status after this epoch: 
Memory allocated:  450.6064453125
Memory cached:  846.0
	 epoch  10 training error:  tensor(0.6376, device='cuda:0', grad_fn=<DivBackward0>)
Memory status after this epoch: 
Memory allocated:  450.6064453125
Memory cached:  850.0
	 epoch  20 training error:  tensor(0.5285, device='cuda:0', grad_fn=<DivBackward0>)
Memory status after this epoch: 
Memory allocated:  450.6064453125
Memory cached:  848.0
	 epoch  30 training error:  tensor(0.2934, device='cuda:0', grad_fn=<DivBackward0>)
Memory status after this epoch: 
Memory allocated:  450.6064453125
Memory cached:  852.0
	 epoch  40 training error:  tensor(0.1779, device='cuda:0', grad_fn=<DivBackward0>)
Memory status after this epoch: 
Memory allocated:  450.6064453125
Memory cached:  850.0
	 epoch  50 training error:  tensor(0.1630, device='cuda:0', grad_fn=<DivBackward0>)
Memory status after this epoch: 
Memory allocated:  450.6064453125
Memory cached:  848.0
	 epoch  60 training error:  tensor(0.1535, device='cuda:0', grad_fn=<DivBackward0>)
Memory status after this epoch: 
Memory allocated:  450.6064453125
Memory cached:  848.0
	 epoch  70 training error:  tensor(0.1472, device='cuda:0', grad_fn=<DivBackward0>)
Memory status after this epoch: 
Memory allocated:  450.6064453125
Memory cached:  848.0
	 epoch  80 training error:  tensor(0.1395, device='cuda:0', grad_fn=<DivBackward0>)
Memory status after this epoch: 
Memory allocated:  450.6064453125
Memory cached:  846.0
	 epoch  90 training error:  tensor(0.1324, device='cuda:0', grad_fn=<DivBackward0>)
Memory status after this epoch: 
Memory allocated:  450.6064453125
Memory cached:  848.0
[I 2024-01-12 19:43:18,219] Trial 28 finished with value: 0.10235922783613205 and parameters: {'W_layers': 5, 'W_layer_units_exponent_0': 5, 'W_layer_units_exponent_1': 10, 'W_layer_units_exponent_2': 5, 'W_layer_units_exponent_3': 7, 'W_layer_units_exponent_4': 4, 'D_layers': 4, 'D_layer_units_exponent_0': 8, 'D_layer_units_exponent_1': 6, 'D_layer_units_exponent_2': 5, 'D_layer_units_exponent_3': 10, 'D_dagger_layers': 8, 'D_dagger_layer_units_exponent_0': 5, 'D_dagger_layer_units_exponent_1': 7, 'D_dagger_layer_units_exponent_2': 8, 'D_dagger_layer_units_exponent_3': 9, 'D_dagger_layer_units_exponent_4': 9, 'D_dagger_layer_units_exponent_5': 8, 'D_dagger_layer_units_exponent_6': 7, 'D_dagger_layer_units_exponent_7': 10, 'log_learning_rate': -4.27239643331511, 'log_learning_rate_D': -3.298133353371984, 'log_learning_rate_D_dagger': -4.58128478669086, 'training_batch_size': 7, 'training_p': 5}. Best is trial 23 with value: 0.07801170647144318.
Time for this trial:  422.9309296607971
Memory status after this trial: 
Memory allocated:  994.369140625
Memory cached:  1002.0
--------------------  Trial  29   --------------------
Start timing: 
Parameters: 
{'W_layers': 8, 'W_layer_units_exponent_0': 4, 'W_layer_units_exponent_1': 10, 'W_layer_units_exponent_2': 8, 'W_layer_units_exponent_3': 8, 'W_layer_units_exponent_4': 5, 'W_layer_units_exponent_5': 9, 'W_layer_units_exponent_6': 7, 'W_layer_units_exponent_7': 8, 'D_layers': 2, 'D_layer_units_exponent_0': 10, 'D_layer_units_exponent_1': 4, 'D_dagger_layers': 7, 'D_dagger_layer_units_exponent_0': 6, 'D_dagger_layer_units_exponent_1': 8, 'D_dagger_layer_units_exponent_2': 10, 'D_dagger_layer_units_exponent_3': 7, 'D_dagger_layer_units_exponent_4': 8, 'D_dagger_layer_units_exponent_5': 9, 'D_dagger_layer_units_exponent_6': 10, 'log_learning_rate': -2.2593865046344117, 'log_learning_rate_D': -3.842561728782413, 'log_learning_rate_D_dagger': -4.659183417958811, 'training_batch_size': 6, 'training_p': 3}
	 epoch  0 training error:  tensor(3.7018, device='cuda:0', grad_fn=<DivBackward0>)
Memory status after this epoch: 
Memory allocated:  461.861328125
Memory cached:  878.0
	 epoch  10 training error:  tensor(0.5422, device='cuda:0', grad_fn=<DivBackward0>)
Memory status after this epoch: 
Memory allocated:  461.861328125
Memory cached:  892.0
	 epoch  20 training error:  tensor(0.1826, device='cuda:0', grad_fn=<DivBackward0>)
Memory status after this epoch: 
Memory allocated:  461.861328125
Memory cached:  908.0
	 epoch  30 training error:  tensor(0.1544, device='cuda:0', grad_fn=<DivBackward0>)
Memory status after this epoch: 
Memory allocated:  461.861328125
Memory cached:  900.0
	 epoch  40 training error:  tensor(0.1420, device='cuda:0', grad_fn=<DivBackward0>)
Memory status after this epoch: 
Memory allocated:  461.861328125
Memory cached:  898.0
	 epoch  50 training error:  tensor(0.1293, device='cuda:0', grad_fn=<DivBackward0>)
Memory status after this epoch: 
Memory allocated:  461.861328125
Memory cached:  898.0
	 epoch  60 training error:  tensor(0.1225, device='cuda:0', grad_fn=<DivBackward0>)
Memory status after this epoch: 
Memory allocated:  461.861328125
Memory cached:  910.0
	 epoch  70 training error:  tensor(0.1295, device='cuda:0', grad_fn=<DivBackward0>)
Memory status after this epoch: 
Memory allocated:  461.861328125
Memory cached:  904.0
	 epoch  80 training error:  tensor(0.1048, device='cuda:0', grad_fn=<DivBackward0>)
Memory status after this epoch: 
Memory allocated:  461.861328125
Memory cached:  894.0
	 epoch  90 training error:  tensor(0.0953, device='cuda:0', grad_fn=<DivBackward0>)
Memory status after this epoch: 
Memory allocated:  461.861328125
Memory cached:  894.0
[I 2024-01-12 19:52:51,625] Trial 29 finished with value: 0.08018259704113007 and parameters: {'W_layers': 8, 'W_layer_units_exponent_0': 4, 'W_layer_units_exponent_1': 10, 'W_layer_units_exponent_2': 8, 'W_layer_units_exponent_3': 8, 'W_layer_units_exponent_4': 5, 'W_layer_units_exponent_5': 9, 'W_layer_units_exponent_6': 7, 'W_layer_units_exponent_7': 8, 'D_layers': 2, 'D_layer_units_exponent_0': 10, 'D_layer_units_exponent_1': 4, 'D_dagger_layers': 7, 'D_dagger_layer_units_exponent_0': 6, 'D_dagger_layer_units_exponent_1': 8, 'D_dagger_layer_units_exponent_2': 10, 'D_dagger_layer_units_exponent_3': 7, 'D_dagger_layer_units_exponent_4': 8, 'D_dagger_layer_units_exponent_5': 9, 'D_dagger_layer_units_exponent_6': 10, 'log_learning_rate': -2.2593865046344117, 'log_learning_rate_D': -3.842561728782413, 'log_learning_rate_D_dagger': -4.659183417958811, 'training_batch_size': 6, 'training_p': 3}. Best is trial 23 with value: 0.07801170647144318.
Time for this trial:  572.9370124340057
Memory status after this trial: 
Memory allocated:  1153.791015625
Memory cached:  1180.0
--------------------  Trial  30   --------------------
Start timing: 
Parameters: 
{'W_layers': 6, 'W_layer_units_exponent_0': 4, 'W_layer_units_exponent_1': 10, 'W_layer_units_exponent_2': 8, 'W_layer_units_exponent_3': 8, 'W_layer_units_exponent_4': 6, 'W_layer_units_exponent_5': 9, 'D_layers': 3, 'D_layer_units_exponent_0': 10, 'D_layer_units_exponent_1': 4, 'D_layer_units_exponent_2': 10, 'D_dagger_layers': 8, 'D_dagger_layer_units_exponent_0': 6, 'D_dagger_layer_units_exponent_1': 8, 'D_dagger_layer_units_exponent_2': 10, 'D_dagger_layer_units_exponent_3': 6, 'D_dagger_layer_units_exponent_4': 5, 'D_dagger_layer_units_exponent_5': 9, 'D_dagger_layer_units_exponent_6': 10, 'D_dagger_layer_units_exponent_7': 4, 'log_learning_rate': -2.132438783731211, 'log_learning_rate_D': -3.902242246116774, 'log_learning_rate_D_dagger': -4.730291990255918, 'training_batch_size': 6, 'training_p': 3}
	 epoch  0 training error:  tensor(3.8176, device='cuda:0', grad_fn=<DivBackward0>)
Memory status after this epoch: 
Memory allocated:  458.03125
Memory cached:  884.0
	 epoch  10 training error:  tensor(0.7023, device='cuda:0', grad_fn=<DivBackward0>)
Memory status after this epoch: 
Memory allocated:  458.03125
Memory cached:  906.0
	 epoch  20 training error:  tensor(0.5451, device='cuda:0', grad_fn=<DivBackward0>)
Memory status after this epoch: 
Memory allocated:  458.03125
Memory cached:  906.0
	 epoch  30 training error:  tensor(0.2001, device='cuda:0', grad_fn=<DivBackward0>)
Memory status after this epoch: 
Memory allocated:  458.03125
Memory cached:  898.0
	 epoch  40 training error:  tensor(0.1683, device='cuda:0', grad_fn=<DivBackward0>)
Memory status after this epoch: 
Memory allocated:  458.03125
Memory cached:  900.0
	 epoch  50 training error:  tensor(0.1503, device='cuda:0', grad_fn=<DivBackward0>)
Memory status after this epoch: 
Memory allocated:  458.03125
Memory cached:  908.0
	 epoch  60 training error:  tensor(0.1376, device='cuda:0', grad_fn=<DivBackward0>)
Memory status after this epoch: 
Memory allocated:  458.03125
Memory cached:  900.0
	 epoch  70 training error:  tensor(0.1242, device='cuda:0', grad_fn=<DivBackward0>)
Memory status after this epoch: 
Memory allocated:  458.03125
Memory cached:  906.0
	 epoch  80 training error:  tensor(0.1162, device='cuda:0', grad_fn=<DivBackward0>)
Memory status after this epoch: 
Memory allocated:  458.03125
Memory cached:  904.0
	 epoch  90 training error:  tensor(0.1145, device='cuda:0', grad_fn=<DivBackward0>)
Memory status after this epoch: 
Memory allocated:  458.03125
Memory cached:  894.0
[I 2024-01-12 20:02:25,297] Trial 30 finished with value: 0.1096688061952591 and parameters: {'W_layers': 6, 'W_layer_units_exponent_0': 4, 'W_layer_units_exponent_1': 10, 'W_layer_units_exponent_2': 8, 'W_layer_units_exponent_3': 8, 'W_layer_units_exponent_4': 6, 'W_layer_units_exponent_5': 9, 'D_layers': 3, 'D_layer_units_exponent_0': 10, 'D_layer_units_exponent_1': 4, 'D_layer_units_exponent_2': 10, 'D_dagger_layers': 8, 'D_dagger_layer_units_exponent_0': 6, 'D_dagger_layer_units_exponent_1': 8, 'D_dagger_layer_units_exponent_2': 10, 'D_dagger_layer_units_exponent_3': 6, 'D_dagger_layer_units_exponent_4': 5, 'D_dagger_layer_units_exponent_5': 9, 'D_dagger_layer_units_exponent_6': 10, 'D_dagger_layer_units_exponent_7': 4, 'log_learning_rate': -2.132438783731211, 'log_learning_rate_D': -3.902242246116774, 'log_learning_rate_D_dagger': -4.730291990255918, 'training_batch_size': 6, 'training_p': 3}. Best is trial 23 with value: 0.07801170647144318.
Time for this trial:  573.1660206317902
Memory status after this trial: 
Memory allocated:  1189.75439453125
Memory cached:  1214.0
--------------------  Trial  31   --------------------
Start timing: 
Parameters: 
{'W_layers': 8, 'W_layer_units_exponent_0': 4, 'W_layer_units_exponent_1': 10, 'W_layer_units_exponent_2': 7, 'W_layer_units_exponent_3': 6, 'W_layer_units_exponent_4': 5, 'W_layer_units_exponent_5': 10, 'W_layer_units_exponent_6': 8, 'W_layer_units_exponent_7': 8, 'D_layers': 2, 'D_layer_units_exponent_0': 10, 'D_layer_units_exponent_1': 5, 'D_dagger_layers': 7, 'D_dagger_layer_units_exponent_0': 6, 'D_dagger_layer_units_exponent_1': 8, 'D_dagger_layer_units_exponent_2': 9, 'D_dagger_layer_units_exponent_3': 7, 'D_dagger_layer_units_exponent_4': 8, 'D_dagger_layer_units_exponent_5': 9, 'D_dagger_layer_units_exponent_6': 9, 'log_learning_rate': -2.629104430831418, 'log_learning_rate_D': -3.7754822346408496, 'log_learning_rate_D_dagger': -4.287965156410338, 'training_batch_size': 6, 'training_p': 2}
	 epoch  0 training error:  tensor(2.3738, device='cuda:0', grad_fn=<DivBackward0>)
Memory status after this epoch: 
Memory allocated:  455.875
Memory cached:  854.0
	 epoch  10 training error:  tensor(0.1755, device='cuda:0', grad_fn=<DivBackward0>)
Memory status after this epoch: 
Memory allocated:  455.875
Memory cached:  874.0
	 epoch  20 training error:  tensor(0.1448, device='cuda:0', grad_fn=<DivBackward0>)
Memory status after this epoch: 
Memory allocated:  455.875
Memory cached:  878.0
	 epoch  30 training error:  tensor(0.1209, device='cuda:0', grad_fn=<DivBackward0>)
Memory status after this epoch: 
Memory allocated:  455.875
Memory cached:  888.0
	 epoch  40 training error:  tensor(0.0916, device='cuda:0', grad_fn=<DivBackward0>)
Memory status after this epoch: 
Memory allocated:  455.875
Memory cached:  878.0
	 epoch  50 training error:  tensor(0.0854, device='cuda:0', grad_fn=<DivBackward0>)
Memory status after this epoch: 
Memory allocated:  455.875
Memory cached:  884.0
	 epoch  60 training error:  tensor(0.0850, device='cuda:0', grad_fn=<DivBackward0>)
Memory status after this epoch: 
Memory allocated:  455.875
Memory cached:  884.0
	 epoch  70 training error:  tensor(0.0834, device='cuda:0', grad_fn=<DivBackward0>)
Memory status after this epoch: 
Memory allocated:  455.875
Memory cached:  878.0
	 epoch  80 training error:  tensor(0.0834, device='cuda:0', grad_fn=<DivBackward0>)
Memory status after this epoch: 
Memory allocated:  455.875
Memory cached:  878.0
	 epoch  90 training error:  tensor(0.0840, device='cuda:0', grad_fn=<DivBackward0>)
Memory status after this epoch: 
Memory allocated:  455.875
Memory cached:  878.0
