[I 2023-12-20 10:42:22,309] Trial 116 finished with value: 0.12582257390022278 and parameters: {'W_layers': 5, 'W_layer_units_exponent_0': 8, 'W_layer_units_exponent_1': 9, 'W_layer_units_exponent_2': 5, 'W_layer_units_exponent_3': 7, 'W_layer_units_exponent_4': 5, 'D_layers': 4, 'D_layer_units_exponent_0': 7, 'D_layer_units_exponent_1': 10, 'D_layer_units_exponent_2': 10, 'D_layer_units_exponent_3': 8, 'D_dagger_layers': 4, 'D_dagger_layer_units_exponent_0': 8, 'D_dagger_layer_units_exponent_1': 8, 'D_dagger_layer_units_exponent_2': 4, 'D_dagger_layer_units_exponent_3': 5, 'log_learning_rate': -2.606385600258726, 'log_learning_rate_D': -4.1706692301801604, 'log_learning_rate_D_dagger': -2.3763929503918044, 'training_batch_size': 6, 'training_p': 6}. Best is trial 116 with value: 0.12582257390022278.
res:  tensor(0.1258, device='cuda:0', grad_fn=<DivBackward0>)
self.bestValue:  tensor(0.1316, device='cuda:0', grad_fn=<DivBackward0>)
Save this model!
Time for this trial:  327.13936281204224
Memory status after this trial: 
Memory allocated:  220.73193359375
Memory cached:  412.0
--------------------  Trial  117   --------------------
Start timing: 
Parameters: 
{'W_layers': 5, 'W_layer_units_exponent_0': 8, 'W_layer_units_exponent_1': 7, 'W_layer_units_exponent_2': 5, 'W_layer_units_exponent_3': 7, 'W_layer_units_exponent_4': 5, 'D_layers': 4, 'D_layer_units_exponent_0': 7, 'D_layer_units_exponent_1': 10, 'D_layer_units_exponent_2': 10, 'D_layer_units_exponent_3': 8, 'D_dagger_layers': 3, 'D_dagger_layer_units_exponent_0': 8, 'D_dagger_layer_units_exponent_1': 8, 'D_dagger_layer_units_exponent_2': 4, 'log_learning_rate': -2.5407127028487215, 'log_learning_rate_D': -4.359834087709446, 'log_learning_rate_D_dagger': -2.243596568668304, 'training_batch_size': 7, 'training_p': 5}
	 epoch  0 training error:  tensor(1.0460, device='cuda:0', grad_fn=<DivBackward0>)
Memory status after this epoch: 
Memory allocated:  244.54443359375
Memory cached:  430.0
	 epoch  10 training error:  tensor(0.5065, device='cuda:0', grad_fn=<DivBackward0>)
Memory status after this epoch: 
Memory allocated:  244.54443359375
Memory cached:  438.0
	 epoch  20 training error:  tensor(0.5158, device='cuda:0', grad_fn=<DivBackward0>)
Memory status after this epoch: 
Memory allocated:  244.54443359375
Memory cached:  436.0
	 epoch  30 training error:  tensor(0.5038, device='cuda:0', grad_fn=<DivBackward0>)
Memory status after this epoch: 
Memory allocated:  244.54443359375
Memory cached:  438.0
	 epoch  40 training error:  tensor(0.4778, device='cuda:0', grad_fn=<DivBackward0>)
Memory status after this epoch: 
Memory allocated:  244.54443359375
Memory cached:  434.0
	 epoch  50 training error:  tensor(0.4750, device='cuda:0', grad_fn=<DivBackward0>)
Memory status after this epoch: 
Memory allocated:  244.54443359375
Memory cached:  440.0
	 epoch  60 training error:  tensor(0.4764, device='cuda:0', grad_fn=<DivBackward0>)
Memory status after this epoch: 
Memory allocated:  244.54443359375
Memory cached:  436.0
	 epoch  70 training error:  tensor(0.4676, device='cuda:0', grad_fn=<DivBackward0>)
Memory status after this epoch: 
Memory allocated:  244.54443359375
Memory cached:  440.0
	 epoch  80 training error:  tensor(0.4624, device='cuda:0', grad_fn=<DivBackward0>)
Memory status after this epoch: 
Memory allocated:  244.54443359375
Memory cached:  434.0
	 epoch  90 training error:  tensor(0.4474, device='cuda:0', grad_fn=<DivBackward0>)
Memory status after this epoch: 
Memory allocated:  244.54443359375
Memory cached:  436.0
[I 2023-12-20 10:45:25,194] Trial 117 finished with value: 0.26133233308792114 and parameters: {'W_layers': 5, 'W_layer_units_exponent_0': 8, 'W_layer_units_exponent_1': 7, 'W_layer_units_exponent_2': 5, 'W_layer_units_exponent_3': 7, 'W_layer_units_exponent_4': 5, 'D_layers': 4, 'D_layer_units_exponent_0': 7, 'D_layer_units_exponent_1': 10, 'D_layer_units_exponent_2': 10, 'D_layer_units_exponent_3': 8, 'D_dagger_layers': 3, 'D_dagger_layer_units_exponent_0': 8, 'D_dagger_layer_units_exponent_1': 8, 'D_dagger_layer_units_exponent_2': 4, 'log_learning_rate': -2.5407127028487215, 'log_learning_rate_D': -4.359834087709446, 'log_learning_rate_D_dagger': -2.243596568668304, 'training_batch_size': 7, 'training_p': 5}. Best is trial 116 with value: 0.12582257390022278.
Time for this trial:  182.52564907073975
Memory status after this trial: 
Memory allocated:  418.3125
Memory cached:  428.0
--------------------  Trial  118   --------------------
Start timing: 
Parameters: 
{'W_layers': 5, 'W_layer_units_exponent_0': 8, 'W_layer_units_exponent_1': 10, 'W_layer_units_exponent_2': 5, 'W_layer_units_exponent_3': 7, 'W_layer_units_exponent_4': 5, 'D_layers': 3, 'D_layer_units_exponent_0': 7, 'D_layer_units_exponent_1': 10, 'D_layer_units_exponent_2': 10, 'D_dagger_layers': 2, 'D_dagger_layer_units_exponent_0': 8, 'D_dagger_layer_units_exponent_1': 8, 'log_learning_rate': -2.2757399307322705, 'log_learning_rate_D': -4.218216139367993, 'log_learning_rate_D_dagger': -2.333564139286735, 'training_batch_size': 6, 'training_p': 6}
	 epoch  0 training error:  tensor(1.7703, device='cuda:0', grad_fn=<DivBackward0>)
Memory status after this epoch: 
Memory allocated:  244.46630859375
Memory cached:  430.0
	 epoch  10 training error:  tensor(0.5743, device='cuda:0', grad_fn=<DivBackward0>)
Memory status after this epoch: 
Memory allocated:  244.46630859375
Memory cached:  428.0
	 epoch  20 training error:  tensor(0.5224, device='cuda:0', grad_fn=<DivBackward0>)
Memory status after this epoch: 
Memory allocated:  244.46630859375
Memory cached:  430.0
	 epoch  30 training error:  tensor(0.5211, device='cuda:0', grad_fn=<DivBackward0>)
Memory status after this epoch: 
Memory allocated:  244.46630859375
Memory cached:  430.0
	 epoch  40 training error:  tensor(0.5074, device='cuda:0', grad_fn=<DivBackward0>)
Memory status after this epoch: 
Memory allocated:  244.46630859375
Memory cached:  430.0
	 epoch  50 training error:  tensor(0.5095, device='cuda:0', grad_fn=<DivBackward0>)
Memory status after this epoch: 
Memory allocated:  244.46630859375
Memory cached:  430.0
	 epoch  60 training error:  tensor(0.4902, device='cuda:0', grad_fn=<DivBackward0>)
Memory status after this epoch: 
Memory allocated:  244.46630859375
Memory cached:  430.0
	 epoch  70 training error:  tensor(0.4851, device='cuda:0', grad_fn=<DivBackward0>)
Memory status after this epoch: 
Memory allocated:  244.46630859375
Memory cached:  430.0
	 epoch  80 training error:  tensor(0.5031, device='cuda:0', grad_fn=<DivBackward0>)
Memory status after this epoch: 
Memory allocated:  244.46630859375
Memory cached:  430.0
	 epoch  90 training error:  tensor(0.5606, device='cuda:0', grad_fn=<DivBackward0>)
Memory status after this epoch: 
Memory allocated:  244.46630859375
Memory cached:  430.0
[I 2023-12-20 10:50:10,100] Trial 118 finished with value: 0.2663155496120453 and parameters: {'W_layers': 5, 'W_layer_units_exponent_0': 8, 'W_layer_units_exponent_1': 10, 'W_layer_units_exponent_2': 5, 'W_layer_units_exponent_3': 7, 'W_layer_units_exponent_4': 5, 'D_layers': 3, 'D_layer_units_exponent_0': 7, 'D_layer_units_exponent_1': 10, 'D_layer_units_exponent_2': 10, 'D_dagger_layers': 2, 'D_dagger_layer_units_exponent_0': 8, 'D_dagger_layer_units_exponent_1': 8, 'log_learning_rate': -2.2757399307322705, 'log_learning_rate_D': -4.218216139367993, 'log_learning_rate_D_dagger': -2.333564139286735, 'training_batch_size': 6, 'training_p': 6}. Best is trial 116 with value: 0.12582257390022278.
Time for this trial:  284.428213596344
Memory status after this trial: 
Memory allocated:  443.994140625
Memory cached:  454.0
--------------------  Trial  119   --------------------
Start timing: 
Parameters: 
{'W_layers': 5, 'W_layer_units_exponent_0': 7, 'W_layer_units_exponent_1': 9, 'W_layer_units_exponent_2': 5, 'W_layer_units_exponent_3': 7, 'W_layer_units_exponent_4': 5, 'D_layers': 4, 'D_layer_units_exponent_0': 7, 'D_layer_units_exponent_1': 10, 'D_layer_units_exponent_2': 10, 'D_layer_units_exponent_3': 8, 'D_dagger_layers': 4, 'D_dagger_layer_units_exponent_0': 8, 'D_dagger_layer_units_exponent_1': 8, 'D_dagger_layer_units_exponent_2': 4, 'D_dagger_layer_units_exponent_3': 4, 'log_learning_rate': -2.4160382835635277, 'log_learning_rate_D': -4.092410155675971, 'log_learning_rate_D_dagger': -2.379365566212237, 'training_batch_size': 6, 'training_p': 7}
	 epoch  0 training error:  tensor(1.0529, device='cuda:0', grad_fn=<DivBackward0>)
Memory status after this epoch: 
Memory allocated:  245.26513671875
Memory cached:  428.0
	 epoch  10 training error:  tensor(0.5484, device='cuda:0', grad_fn=<DivBackward0>)
Memory status after this epoch: 
Memory allocated:  245.26513671875
Memory cached:  428.0
	 epoch  20 training error:  tensor(0.5396, device='cuda:0', grad_fn=<DivBackward0>)
Memory status after this epoch: 
Memory allocated:  245.26513671875
Memory cached:  428.0
	 epoch  30 training error:  tensor(0.5744, device='cuda:0', grad_fn=<DivBackward0>)
Memory status after this epoch: 
Memory allocated:  245.26513671875
Memory cached:  428.0
	 epoch  40 training error:  tensor(0.4630, device='cuda:0', grad_fn=<DivBackward0>)
Memory status after this epoch: 
Memory allocated:  245.26513671875
Memory cached:  430.0
	 epoch  50 training error:  tensor(0.4380, device='cuda:0', grad_fn=<DivBackward0>)
Memory status after this epoch: 
Memory allocated:  245.26513671875
Memory cached:  428.0
	 epoch  60 training error:  tensor(0.4574, device='cuda:0', grad_fn=<DivBackward0>)
Memory status after this epoch: 
Memory allocated:  245.26513671875
Memory cached:  428.0
	 epoch  70 training error:  tensor(0.3175, device='cuda:0', grad_fn=<DivBackward0>)
Memory status after this epoch: 
Memory allocated:  245.26513671875
Memory cached:  432.0
	 epoch  80 training error:  tensor(0.2665, device='cuda:0', grad_fn=<DivBackward0>)
Memory status after this epoch: 
Memory allocated:  245.26513671875
Memory cached:  428.0
	 epoch  90 training error:  tensor(0.2010, device='cuda:0', grad_fn=<DivBackward0>)
Memory status after this epoch: 
Memory allocated:  245.26513671875
Memory cached:  428.0
[I 2023-12-20 10:55:35,822] Trial 119 finished with value: 0.16724085807800293 and parameters: {'W_layers': 5, 'W_layer_units_exponent_0': 7, 'W_layer_units_exponent_1': 9, 'W_layer_units_exponent_2': 5, 'W_layer_units_exponent_3': 7, 'W_layer_units_exponent_4': 5, 'D_layers': 4, 'D_layer_units_exponent_0': 7, 'D_layer_units_exponent_1': 10, 'D_layer_units_exponent_2': 10, 'D_layer_units_exponent_3': 8, 'D_dagger_layers': 4, 'D_dagger_layer_units_exponent_0': 8, 'D_dagger_layer_units_exponent_1': 8, 'D_dagger_layer_units_exponent_2': 4, 'D_dagger_layer_units_exponent_3': 4, 'log_learning_rate': -2.4160382835635277, 'log_learning_rate_D': -4.092410155675971, 'log_learning_rate_D_dagger': -2.379365566212237, 'training_batch_size': 6, 'training_p': 7}. Best is trial 116 with value: 0.12582257390022278.
Time for this trial:  325.3206045627594
Memory status after this trial: 
Memory allocated:  433.4072265625
Memory cached:  442.0
--------------------  Trial  120   --------------------
Start timing: 
Parameters: 
{'W_layers': 5, 'W_layer_units_exponent_0': 7, 'W_layer_units_exponent_1': 9, 'W_layer_units_exponent_2': 5, 'W_layer_units_exponent_3': 7, 'W_layer_units_exponent_4': 5, 'D_layers': 4, 'D_layer_units_exponent_0': 7, 'D_layer_units_exponent_1': 10, 'D_layer_units_exponent_2': 10, 'D_layer_units_exponent_3': 8, 'D_dagger_layers': 4, 'D_dagger_layer_units_exponent_0': 8, 'D_dagger_layer_units_exponent_1': 8, 'D_dagger_layer_units_exponent_2': 4, 'D_dagger_layer_units_exponent_3': 6, 'log_learning_rate': -2.4427792883116664, 'log_learning_rate_D': -3.8662597531635603, 'log_learning_rate_D_dagger': -2.3522092699333967, 'training_batch_size': 6, 'training_p': 7}
	 epoch  0 training error:  tensor(1.0984, device='cuda:0', grad_fn=<DivBackward0>)
Memory status after this epoch: 
Memory allocated:  245.27685546875
Memory cached:  430.0
	 epoch  10 training error:  tensor(0.5474, device='cuda:0', grad_fn=<DivBackward0>)
Memory status after this epoch: 
Memory allocated:  245.27685546875
Memory cached:  430.0
	 epoch  20 training error:  tensor(0.5332, device='cuda:0', grad_fn=<DivBackward0>)
Memory status after this epoch: 
Memory allocated:  245.27685546875
Memory cached:  430.0
	 epoch  30 training error:  tensor(0.5283, device='cuda:0', grad_fn=<DivBackward0>)
Memory status after this epoch: 
Memory allocated:  245.27685546875
Memory cached:  430.0
	 epoch  40 training error:  tensor(0.5191, device='cuda:0', grad_fn=<DivBackward0>)
Memory status after this epoch: 
Memory allocated:  245.27685546875
Memory cached:  430.0
	 epoch  50 training error:  tensor(0.5396, device='cuda:0', grad_fn=<DivBackward0>)
Memory status after this epoch: 
Memory allocated:  245.27685546875
Memory cached:  430.0
	 epoch  60 training error:  tensor(0.3413, device='cuda:0', grad_fn=<DivBackward0>)
Memory status after this epoch: 
Memory allocated:  245.27685546875
Memory cached:  430.0
	 epoch  70 training error:  tensor(0.3068, device='cuda:0', grad_fn=<DivBackward0>)
Memory status after this epoch: 
Memory allocated:  245.27685546875
Memory cached:  432.0
	 epoch  80 training error:  tensor(0.3484, device='cuda:0', grad_fn=<DivBackward0>)
Memory status after this epoch: 
Memory allocated:  245.27685546875
Memory cached:  432.0
	 epoch  90 training error:  tensor(0.2688, device='cuda:0', grad_fn=<DivBackward0>)
Memory status after this epoch: 
Memory allocated:  245.27685546875
Memory cached:  432.0
[I 2023-12-20 11:01:02,357] Trial 120 finished with value: 0.1879664957523346 and parameters: {'W_layers': 5, 'W_layer_units_exponent_0': 7, 'W_layer_units_exponent_1': 9, 'W_layer_units_exponent_2': 5, 'W_layer_units_exponent_3': 7, 'W_layer_units_exponent_4': 5, 'D_layers': 4, 'D_layer_units_exponent_0': 7, 'D_layer_units_exponent_1': 10, 'D_layer_units_exponent_2': 10, 'D_layer_units_exponent_3': 8, 'D_dagger_layers': 4, 'D_dagger_layer_units_exponent_0': 8, 'D_dagger_layer_units_exponent_1': 8, 'D_dagger_layer_units_exponent_2': 4, 'D_dagger_layer_units_exponent_3': 6, 'log_learning_rate': -2.4427792883116664, 'log_learning_rate_D': -3.8662597531635603, 'log_learning_rate_D_dagger': -2.3522092699333967, 'training_batch_size': 6, 'training_p': 7}. Best is trial 116 with value: 0.12582257390022278.
Time for this trial:  326.14324426651
Memory status after this trial: 
Memory allocated:  435.4638671875
Memory cached:  444.0
--------------------  Trial  121   --------------------
Start timing: 
Parameters: 
{'W_layers': 5, 'W_layer_units_exponent_0': 7, 'W_layer_units_exponent_1': 9, 'W_layer_units_exponent_2': 5, 'W_layer_units_exponent_3': 7, 'W_layer_units_exponent_4': 5, 'D_layers': 3, 'D_layer_units_exponent_0': 7, 'D_layer_units_exponent_1': 10, 'D_layer_units_exponent_2': 10, 'D_dagger_layers': 4, 'D_dagger_layer_units_exponent_0': 8, 'D_dagger_layer_units_exponent_1': 8, 'D_dagger_layer_units_exponent_2': 4, 'D_dagger_layer_units_exponent_3': 4, 'log_learning_rate': -2.620982503919934, 'log_learning_rate_D': -4.085113726803937, 'log_learning_rate_D_dagger': -2.4670722229341084, 'training_batch_size': 6, 'training_p': 7}
	 epoch  0 training error:  tensor(0.9683, device='cuda:0', grad_fn=<DivBackward0>)
Memory status after this epoch: 
Memory allocated:  241.27294921875
Memory cached:  428.0
	 epoch  10 training error:  tensor(0.5476, device='cuda:0', grad_fn=<DivBackward0>)
Memory status after this epoch: 
Memory allocated:  241.27294921875
Memory cached:  434.0
	 epoch  20 training error:  tensor(0.5486, device='cuda:0', grad_fn=<DivBackward0>)
Memory status after this epoch: 
Memory allocated:  241.27294921875
Memory cached:  432.0
	 epoch  30 training error:  tensor(0.5366, device='cuda:0', grad_fn=<DivBackward0>)
Memory status after this epoch: 
Memory allocated:  241.27294921875
Memory cached:  432.0
	 epoch  40 training error:  tensor(0.4978, device='cuda:0', grad_fn=<DivBackward0>)
Memory status after this epoch: 
Memory allocated:  241.27294921875
Memory cached:  430.0
	 epoch  50 training error:  tensor(0.4695, device='cuda:0', grad_fn=<DivBackward0>)
Memory status after this epoch: 
Memory allocated:  241.27294921875
Memory cached:  432.0
	 epoch  60 training error:  tensor(0.3318, device='cuda:0', grad_fn=<DivBackward0>)
Memory status after this epoch: 
Memory allocated:  241.27294921875
Memory cached:  428.0
	 epoch  70 training error:  tensor(0.3148, device='cuda:0', grad_fn=<DivBackward0>)
Memory status after this epoch: 
Memory allocated:  241.27294921875
Memory cached:  432.0
	 epoch  80 training error:  tensor(0.2631, device='cuda:0', grad_fn=<DivBackward0>)
Memory status after this epoch: 
Memory allocated:  241.27294921875
Memory cached:  432.0
	 epoch  90 training error:  tensor(0.3132, device='cuda:0', grad_fn=<DivBackward0>)
Memory status after this epoch: 
Memory allocated:  241.27294921875
Memory cached:  430.0
[I 2023-12-20 11:06:12,386] Trial 121 finished with value: 0.19661007821559906 and parameters: {'W_layers': 5, 'W_layer_units_exponent_0': 7, 'W_layer_units_exponent_1': 9, 'W_layer_units_exponent_2': 5, 'W_layer_units_exponent_3': 7, 'W_layer_units_exponent_4': 5, 'D_layers': 3, 'D_layer_units_exponent_0': 7, 'D_layer_units_exponent_1': 10, 'D_layer_units_exponent_2': 10, 'D_dagger_layers': 4, 'D_dagger_layer_units_exponent_0': 8, 'D_dagger_layer_units_exponent_1': 8, 'D_dagger_layer_units_exponent_2': 4, 'D_dagger_layer_units_exponent_3': 4, 'log_learning_rate': -2.620982503919934, 'log_learning_rate_D': -4.085113726803937, 'log_learning_rate_D_dagger': -2.4670722229341084, 'training_batch_size': 6, 'training_p': 7}. Best is trial 116 with value: 0.12582257390022278.
Time for this trial:  309.6311457157135
Memory status after this trial: 
Memory allocated:  412.0751953125
Memory cached:  420.0
--------------------  Trial  122   --------------------
Start timing: 
Parameters: 
{'W_layers': 5, 'W_layer_units_exponent_0': 7, 'W_layer_units_exponent_1': 9, 'W_layer_units_exponent_2': 5, 'W_layer_units_exponent_3': 6, 'W_layer_units_exponent_4': 5, 'D_layers': 4, 'D_layer_units_exponent_0': 7, 'D_layer_units_exponent_1': 10, 'D_layer_units_exponent_2': 10, 'D_layer_units_exponent_3': 8, 'D_dagger_layers': 3, 'D_dagger_layer_units_exponent_0': 8, 'D_dagger_layer_units_exponent_1': 9, 'D_dagger_layer_units_exponent_2': 4, 'log_learning_rate': -2.6002304781785477, 'log_learning_rate_D': -4.187869189378, 'log_learning_rate_D_dagger': -2.4044626615911096, 'training_batch_size': 6, 'training_p': 7}
	 epoch  0 training error:  tensor(1.1850, device='cuda:0', grad_fn=<DivBackward0>)
Memory status after this epoch: 
Memory allocated:  246.26318359375
Memory cached:  430.0
	 epoch  10 training error:  tensor(0.5887, device='cuda:0', grad_fn=<DivBackward0>)
Memory status after this epoch: 
Memory allocated:  246.26318359375
Memory cached:  432.0
	 epoch  20 training error:  tensor(0.5806, device='cuda:0', grad_fn=<DivBackward0>)
Memory status after this epoch: 
Memory allocated:  246.26318359375
Memory cached:  432.0
	 epoch  30 training error:  tensor(0.5510, device='cuda:0', grad_fn=<DivBackward0>)
Memory status after this epoch: 
Memory allocated:  246.26318359375
Memory cached:  432.0
	 epoch  40 training error:  tensor(0.5487, device='cuda:0', grad_fn=<DivBackward0>)
Memory status after this epoch: 
Memory allocated:  246.26318359375
Memory cached:  432.0
	 epoch  50 training error:  tensor(0.5384, device='cuda:0', grad_fn=<DivBackward0>)
Memory status after this epoch: 
Memory allocated:  246.26318359375
Memory cached:  432.0
	 epoch  60 training error:  tensor(0.5472, device='cuda:0', grad_fn=<DivBackward0>)
Memory status after this epoch: 
Memory allocated:  246.26318359375
Memory cached:  432.0
	 epoch  70 training error:  tensor(0.5191, device='cuda:0', grad_fn=<DivBackward0>)
Memory status after this epoch: 
Memory allocated:  246.26318359375
Memory cached:  432.0
	 epoch  80 training error:  tensor(0.5347, device='cuda:0', grad_fn=<DivBackward0>)
Memory status after this epoch: 
Memory allocated:  246.26318359375
Memory cached:  432.0
	 epoch  90 training error:  tensor(0.4625, device='cuda:0', grad_fn=<DivBackward0>)
Memory status after this epoch: 
Memory allocated:  246.26318359375
Memory cached:  432.0
