[I 2024-01-14 00:52:11,917] Trial 186 finished with value: 0.09130500257015228 and parameters: {'W_layers': 2, 'W_layer_units_exponent_0': 6, 'W_layer_units_exponent_1': 7, 'D_layers': 2, 'D_layer_units_exponent_0': 8, 'D_layer_units_exponent_1': 10, 'D_dagger_layers': 4, 'D_dagger_layer_units_exponent_0': 10, 'D_dagger_layer_units_exponent_1': 7, 'D_dagger_layer_units_exponent_2': 6, 'D_dagger_layer_units_exponent_3': 4, 'log_learning_rate': -1.687466240221851, 'log_learning_rate_D': -4.0126229115367495, 'log_learning_rate_D_dagger': -3.162882928424455, 'training_batch_size': 10, 'training_p': 5}. Best is trial 33 with value: 0.08818560093641281.
Time for this trial:  19.105931043624878
Memory status after this trial: 
Memory allocated:  414.03955078125
Memory cached:  478.0
--------------------  Trial  187   --------------------
Start timing: 
Parameters: 
{'W_layers': 2, 'W_layer_units_exponent_0': 7, 'W_layer_units_exponent_1': 4, 'D_layers': 2, 'D_layer_units_exponent_0': 4, 'D_layer_units_exponent_1': 9, 'D_dagger_layers': 4, 'D_dagger_layer_units_exponent_0': 10, 'D_dagger_layer_units_exponent_1': 6, 'D_dagger_layer_units_exponent_2': 6, 'D_dagger_layer_units_exponent_3': 4, 'log_learning_rate': -2.5937449742223713, 'log_learning_rate_D': -4.077181993780465, 'log_learning_rate_D_dagger': -3.346594447563207, 'training_batch_size': 11, 'training_p': 2}
	 epoch  0 training error:  tensor(1.1405, device='cuda:0', grad_fn=<DivBackward0>)
Memory status after this epoch: 
Memory allocated:  259.1865234375
Memory cached:  382.0
	 epoch  10 training error:  tensor(0.3301, device='cuda:0', grad_fn=<DivBackward0>)
Memory status after this epoch: 
Memory allocated:  259.1865234375
Memory cached:  382.0
	 epoch  20 training error:  tensor(0.1871, device='cuda:0', grad_fn=<DivBackward0>)
Memory status after this epoch: 
Memory allocated:  259.1865234375
Memory cached:  382.0
	 epoch  30 training error:  tensor(0.1187, device='cuda:0', grad_fn=<DivBackward0>)
Memory status after this epoch: 
Memory allocated:  259.1865234375
Memory cached:  382.0
	 epoch  40 training error:  tensor(0.1092, device='cuda:0', grad_fn=<DivBackward0>)
Memory status after this epoch: 
Memory allocated:  259.1865234375
Memory cached:  382.0
	 epoch  50 training error:  tensor(0.0929, device='cuda:0', grad_fn=<DivBackward0>)
Memory status after this epoch: 
Memory allocated:  259.1865234375
Memory cached:  382.0
	 epoch  60 training error:  tensor(0.0885, device='cuda:0', grad_fn=<DivBackward0>)
Memory status after this epoch: 
Memory allocated:  259.1865234375
Memory cached:  382.0
	 epoch  70 training error:  tensor(0.0906, device='cuda:0', grad_fn=<DivBackward0>)
Memory status after this epoch: 
Memory allocated:  259.1865234375
Memory cached:  382.0
	 epoch  80 training error:  tensor(0.0944, device='cuda:0', grad_fn=<DivBackward0>)
Memory status after this epoch: 
Memory allocated:  259.1865234375
Memory cached:  382.0
	 epoch  90 training error:  tensor(0.0935, device='cuda:0', grad_fn=<DivBackward0>)
Memory status after this epoch: 
Memory allocated:  259.1865234375
Memory cached:  382.0
[I 2024-01-14 00:52:31,229] Trial 187 finished with value: 0.09376078099012375 and parameters: {'W_layers': 2, 'W_layer_units_exponent_0': 7, 'W_layer_units_exponent_1': 4, 'D_layers': 2, 'D_layer_units_exponent_0': 4, 'D_layer_units_exponent_1': 9, 'D_dagger_layers': 4, 'D_dagger_layer_units_exponent_0': 10, 'D_dagger_layer_units_exponent_1': 6, 'D_dagger_layer_units_exponent_2': 6, 'D_dagger_layer_units_exponent_3': 4, 'log_learning_rate': -2.5937449742223713, 'log_learning_rate_D': -4.077181993780465, 'log_learning_rate_D_dagger': -3.346594447563207, 'training_batch_size': 11, 'training_p': 2}. Best is trial 33 with value: 0.08818560093641281.
Time for this trial:  19.00781512260437
Memory status after this trial: 
Memory allocated:  401.80126953125
Memory cached:  478.0
--------------------  Trial  188   --------------------
Start timing: 
Parameters: 
{'W_layers': 2, 'W_layer_units_exponent_0': 6, 'W_layer_units_exponent_1': 10, 'D_layers': 2, 'D_layer_units_exponent_0': 9, 'D_layer_units_exponent_1': 10, 'D_dagger_layers': 4, 'D_dagger_layer_units_exponent_0': 10, 'D_dagger_layer_units_exponent_1': 7, 'D_dagger_layer_units_exponent_2': 6, 'D_dagger_layer_units_exponent_3': 4, 'log_learning_rate': -1.7917047421139631, 'log_learning_rate_D': -3.859973706992063, 'log_learning_rate_D_dagger': -3.2429838534535937, 'training_batch_size': 12, 'training_p': 2}
	 epoch  0 training error:  tensor(0.9183, device='cuda:0', grad_fn=<DivBackward0>)
Memory status after this epoch: 
Memory allocated:  263.21923828125
Memory cached:  382.0
	 epoch  10 training error:  tensor(0.7051, device='cuda:0', grad_fn=<DivBackward0>)
Memory status after this epoch: 
Memory allocated:  263.21923828125
Memory cached:  382.0
	 epoch  20 training error:  tensor(0.6374, device='cuda:0', grad_fn=<DivBackward0>)
Memory status after this epoch: 
Memory allocated:  263.21923828125
Memory cached:  382.0
	 epoch  30 training error:  tensor(0.4055, device='cuda:0', grad_fn=<DivBackward0>)
Memory status after this epoch: 
Memory allocated:  263.21923828125
Memory cached:  382.0
	 epoch  40 training error:  tensor(0.1634, device='cuda:0', grad_fn=<DivBackward0>)
Memory status after this epoch: 
Memory allocated:  263.21923828125
Memory cached:  382.0
	 epoch  50 training error:  tensor(0.1202, device='cuda:0', grad_fn=<DivBackward0>)
Memory status after this epoch: 
Memory allocated:  263.21923828125
Memory cached:  382.0
	 epoch  60 training error:  tensor(0.0975, device='cuda:0', grad_fn=<DivBackward0>)
Memory status after this epoch: 
Memory allocated:  263.21923828125
Memory cached:  382.0
	 epoch  70 training error:  tensor(0.0876, device='cuda:0', grad_fn=<DivBackward0>)
Memory status after this epoch: 
Memory allocated:  263.21923828125
Memory cached:  382.0
	 epoch  80 training error:  tensor(0.0853, device='cuda:0', grad_fn=<DivBackward0>)
Memory status after this epoch: 
Memory allocated:  263.21923828125
Memory cached:  382.0
	 epoch  90 training error:  tensor(0.0831, device='cuda:0', grad_fn=<DivBackward0>)
Memory status after this epoch: 
Memory allocated:  263.21923828125
Memory cached:  382.0
[I 2024-01-14 00:52:51,631] Trial 188 finished with value: 0.08840056508779526 and parameters: {'W_layers': 2, 'W_layer_units_exponent_0': 6, 'W_layer_units_exponent_1': 10, 'D_layers': 2, 'D_layer_units_exponent_0': 9, 'D_layer_units_exponent_1': 10, 'D_dagger_layers': 4, 'D_dagger_layer_units_exponent_0': 10, 'D_dagger_layer_units_exponent_1': 7, 'D_dagger_layer_units_exponent_2': 6, 'D_dagger_layer_units_exponent_3': 4, 'log_learning_rate': -1.7917047421139631, 'log_learning_rate_D': -3.859973706992063, 'log_learning_rate_D_dagger': -3.2429838534535937, 'training_batch_size': 12, 'training_p': 2}. Best is trial 33 with value: 0.08818560093641281.
Time for this trial:  19.98531675338745
Memory status after this trial: 
Memory allocated:  497.45947265625
Memory cached:  582.0
--------------------  Trial  189   --------------------
Start timing: 
Parameters: 
{'W_layers': 2, 'W_layer_units_exponent_0': 6, 'W_layer_units_exponent_1': 4, 'D_layers': 2, 'D_layer_units_exponent_0': 5, 'D_layer_units_exponent_1': 10, 'D_dagger_layers': 4, 'D_dagger_layer_units_exponent_0': 10, 'D_dagger_layer_units_exponent_1': 10, 'D_dagger_layer_units_exponent_2': 6, 'D_dagger_layer_units_exponent_3': 4, 'log_learning_rate': -1.5368580309358821, 'log_learning_rate_D': -3.932368536419379, 'log_learning_rate_D_dagger': -3.158202619279303, 'training_batch_size': 11, 'training_p': 2}
	 epoch  0 training error:  tensor(1.0540, device='cuda:0', grad_fn=<DivBackward0>)
Memory status after this epoch: 
Memory allocated:  276.7197265625
Memory cached:  382.0
	 epoch  10 training error:  tensor(0.4233, device='cuda:0', grad_fn=<DivBackward0>)
Memory status after this epoch: 
Memory allocated:  276.7197265625
Memory cached:  382.0
	 epoch  20 training error:  tensor(0.1949, device='cuda:0', grad_fn=<DivBackward0>)
Memory status after this epoch: 
Memory allocated:  276.7197265625
Memory cached:  382.0
	 epoch  30 training error:  tensor(0.1111, device='cuda:0', grad_fn=<DivBackward0>)
Memory status after this epoch: 
Memory allocated:  276.7197265625
Memory cached:  382.0
	 epoch  40 training error:  tensor(0.0931, device='cuda:0', grad_fn=<DivBackward0>)
Memory status after this epoch: 
Memory allocated:  276.7197265625
Memory cached:  382.0
	 epoch  50 training error:  tensor(0.0869, device='cuda:0', grad_fn=<DivBackward0>)
Memory status after this epoch: 
Memory allocated:  276.7197265625
Memory cached:  382.0
	 epoch  60 training error:  tensor(0.0855, device='cuda:0', grad_fn=<DivBackward0>)
Memory status after this epoch: 
Memory allocated:  276.7197265625
Memory cached:  382.0
	 epoch  70 training error:  tensor(0.0848, device='cuda:0', grad_fn=<DivBackward0>)
Memory status after this epoch: 
Memory allocated:  276.7197265625
Memory cached:  382.0
	 epoch  80 training error:  tensor(0.0842, device='cuda:0', grad_fn=<DivBackward0>)
Memory status after this epoch: 
Memory allocated:  276.7197265625
Memory cached:  382.0
	 epoch  90 training error:  tensor(0.0833, device='cuda:0', grad_fn=<DivBackward0>)
Memory status after this epoch: 
Memory allocated:  276.7197265625
Memory cached:  382.0
[I 2024-01-14 00:53:11,946] Trial 189 finished with value: 0.08860877901315689 and parameters: {'W_layers': 2, 'W_layer_units_exponent_0': 6, 'W_layer_units_exponent_1': 4, 'D_layers': 2, 'D_layer_units_exponent_0': 5, 'D_layer_units_exponent_1': 10, 'D_dagger_layers': 4, 'D_dagger_layer_units_exponent_0': 10, 'D_dagger_layer_units_exponent_1': 10, 'D_dagger_layer_units_exponent_2': 6, 'D_dagger_layer_units_exponent_3': 4, 'log_learning_rate': -1.5368580309358821, 'log_learning_rate_D': -3.932368536419379, 'log_learning_rate_D_dagger': -3.158202619279303, 'training_batch_size': 11, 'training_p': 2}. Best is trial 33 with value: 0.08818560093641281.
Time for this trial:  20.011024236679077
Memory status after this trial: 
Memory allocated:  507.53466796875
Memory cached:  598.0
--------------------  Trial  190   --------------------
Start timing: 
Parameters: 
{'W_layers': 5, 'W_layer_units_exponent_0': 9, 'W_layer_units_exponent_1': 4, 'W_layer_units_exponent_2': 7, 'W_layer_units_exponent_3': 10, 'W_layer_units_exponent_4': 5, 'D_layers': 2, 'D_layer_units_exponent_0': 9, 'D_layer_units_exponent_1': 10, 'D_dagger_layers': 4, 'D_dagger_layer_units_exponent_0': 10, 'D_dagger_layer_units_exponent_1': 5, 'D_dagger_layer_units_exponent_2': 8, 'D_dagger_layer_units_exponent_3': 4, 'log_learning_rate': -1.6256244689948485, 'log_learning_rate_D': -3.7860237089827598, 'log_learning_rate_D_dagger': -1.1789751119453724, 'training_batch_size': 10, 'training_p': 2}
	 epoch  0 training error:  tensor(1.0000, device='cuda:0', grad_fn=<DivBackward0>)
Memory status after this epoch: 
Memory allocated:  263.42822265625
Memory cached:  382.0
	 epoch  10 training error:  tensor(7.8418, device='cuda:0', grad_fn=<DivBackward0>)
Memory status after this epoch: 
Memory allocated:  263.42822265625
Memory cached:  382.0
	 epoch  20 training error:  tensor(4.2631, device='cuda:0', grad_fn=<DivBackward0>)
Memory status after this epoch: 
Memory allocated:  263.42822265625
Memory cached:  382.0
	 epoch  30 training error:  tensor(1.4653, device='cuda:0', grad_fn=<DivBackward0>)
Memory status after this epoch: 
Memory allocated:  263.42822265625
Memory cached:  382.0
	 epoch  40 training error:  tensor(0.7714, device='cuda:0', grad_fn=<DivBackward0>)
Memory status after this epoch: 
Memory allocated:  263.42822265625
Memory cached:  382.0
	 epoch  50 training error:  tensor(2.1111, device='cuda:0', grad_fn=<DivBackward0>)
Memory status after this epoch: 
Memory allocated:  263.42822265625
Memory cached:  382.0
	 epoch  60 training error:  tensor(0.9976, device='cuda:0', grad_fn=<DivBackward0>)
Memory status after this epoch: 
Memory allocated:  263.42822265625
Memory cached:  382.0
	 epoch  70 training error:  tensor(0.7191, device='cuda:0', grad_fn=<DivBackward0>)
Memory status after this epoch: 
Memory allocated:  263.42822265625
Memory cached:  382.0
	 epoch  80 training error:  tensor(0.6813, device='cuda:0', grad_fn=<DivBackward0>)
Memory status after this epoch: 
Memory allocated:  263.42822265625
Memory cached:  382.0
	 epoch  90 training error:  tensor(0.6818, device='cuda:0', grad_fn=<DivBackward0>)
Memory status after this epoch: 
Memory allocated:  263.42822265625
Memory cached:  382.0
[I 2024-01-14 00:53:34,293] Trial 190 finished with value: 0.6516343951225281 and parameters: {'W_layers': 5, 'W_layer_units_exponent_0': 9, 'W_layer_units_exponent_1': 4, 'W_layer_units_exponent_2': 7, 'W_layer_units_exponent_3': 10, 'W_layer_units_exponent_4': 5, 'D_layers': 2, 'D_layer_units_exponent_0': 9, 'D_layer_units_exponent_1': 10, 'D_dagger_layers': 4, 'D_dagger_layer_units_exponent_0': 10, 'D_dagger_layer_units_exponent_1': 5, 'D_dagger_layer_units_exponent_2': 8, 'D_dagger_layer_units_exponent_3': 4, 'log_learning_rate': -1.6256244689948485, 'log_learning_rate_D': -3.7860237089827598, 'log_learning_rate_D_dagger': -1.1789751119453724, 'training_batch_size': 10, 'training_p': 2}. Best is trial 33 with value: 0.08818560093641281.
Time for this trial:  21.99398446083069
Memory status after this trial: 
Memory allocated:  593.35498046875
Memory cached:  614.0
--------------------  Trial  191   --------------------
Start timing: 
Parameters: 
{'W_layers': 3, 'W_layer_units_exponent_0': 6, 'W_layer_units_exponent_1': 4, 'W_layer_units_exponent_2': 8, 'D_layers': 2, 'D_layer_units_exponent_0': 9, 'D_layer_units_exponent_1': 10, 'D_dagger_layers': 4, 'D_dagger_layer_units_exponent_0': 10, 'D_dagger_layer_units_exponent_1': 7, 'D_dagger_layer_units_exponent_2': 6, 'D_dagger_layer_units_exponent_3': 4, 'log_learning_rate': -1.8894063443968676, 'log_learning_rate_D': -3.650265730673548, 'log_learning_rate_D_dagger': -3.089846172494012, 'training_batch_size': 11, 'training_p': 2}
	 epoch  0 training error:  tensor(1.2123, device='cuda:0', grad_fn=<DivBackward0>)
Memory status after this epoch: 
Memory allocated:  262.27587890625
Memory cached:  382.0
	 epoch  10 training error:  tensor(0.2355, device='cuda:0', grad_fn=<DivBackward0>)
Memory status after this epoch: 
Memory allocated:  262.27587890625
Memory cached:  382.0
	 epoch  20 training error:  tensor(0.2006, device='cuda:0', grad_fn=<DivBackward0>)
Memory status after this epoch: 
Memory allocated:  262.27587890625
Memory cached:  382.0
	 epoch  30 training error:  tensor(0.0948, device='cuda:0', grad_fn=<DivBackward0>)
Memory status after this epoch: 
Memory allocated:  262.27587890625
Memory cached:  382.0
	 epoch  40 training error:  tensor(0.0886, device='cuda:0', grad_fn=<DivBackward0>)
Memory status after this epoch: 
Memory allocated:  262.27587890625
Memory cached:  382.0
	 epoch  50 training error:  tensor(0.0908, device='cuda:0', grad_fn=<DivBackward0>)
Memory status after this epoch: 
Memory allocated:  262.27587890625
Memory cached:  382.0
	 epoch  60 training error:  tensor(0.0854, device='cuda:0', grad_fn=<DivBackward0>)
Memory status after this epoch: 
Memory allocated:  262.27587890625
Memory cached:  382.0
	 epoch  70 training error:  tensor(0.0844, device='cuda:0', grad_fn=<DivBackward0>)
Memory status after this epoch: 
Memory allocated:  262.27587890625
Memory cached:  382.0
	 epoch  80 training error:  tensor(0.0831, device='cuda:0', grad_fn=<DivBackward0>)
Memory status after this epoch: 
Memory allocated:  262.27587890625
Memory cached:  382.0
	 epoch  90 training error:  tensor(0.0831, device='cuda:0', grad_fn=<DivBackward0>)
Memory status after this epoch: 
Memory allocated:  262.27587890625
Memory cached:  382.0
[I 2024-01-14 00:53:54,597] Trial 191 finished with value: 0.08821564167737961 and parameters: {'W_layers': 3, 'W_layer_units_exponent_0': 6, 'W_layer_units_exponent_1': 4, 'W_layer_units_exponent_2': 8, 'D_layers': 2, 'D_layer_units_exponent_0': 9, 'D_layer_units_exponent_1': 10, 'D_dagger_layers': 4, 'D_dagger_layer_units_exponent_0': 10, 'D_dagger_layer_units_exponent_1': 7, 'D_dagger_layer_units_exponent_2': 6, 'D_dagger_layer_units_exponent_3': 4, 'log_learning_rate': -1.8894063443968676, 'log_learning_rate_D': -3.650265730673548, 'log_learning_rate_D_dagger': -3.089846172494012, 'training_batch_size': 11, 'training_p': 2}. Best is trial 33 with value: 0.08818560093641281.
Time for this trial:  19.97305941581726
Memory status after this trial: 
Memory allocated:  426.97802734375
Memory cached:  478.0
--------------------  Trial  192   --------------------
Start timing: 
Parameters: 
{'W_layers': 3, 'W_layer_units_exponent_0': 6, 'W_layer_units_exponent_1': 4, 'W_layer_units_exponent_2': 8, 'D_layers': 2, 'D_layer_units_exponent_0': 6, 'D_layer_units_exponent_1': 10, 'D_dagger_layers': 4, 'D_dagger_layer_units_exponent_0': 10, 'D_dagger_layer_units_exponent_1': 7, 'D_dagger_layer_units_exponent_2': 6, 'D_dagger_layer_units_exponent_3': 4, 'log_learning_rate': -1.8978907163323007, 'log_learning_rate_D': -3.7342169518206574, 'log_learning_rate_D_dagger': -3.0614077894420846, 'training_batch_size': 11, 'training_p': 2}
	 epoch  0 training error:  tensor(1.0677, device='cuda:0', grad_fn=<DivBackward0>)
Memory status after this epoch: 
Memory allocated:  260.5244140625
Memory cached:  382.0
	 epoch  10 training error:  tensor(0.3006, device='cuda:0', grad_fn=<DivBackward0>)
Memory status after this epoch: 
Memory allocated:  260.5244140625
Memory cached:  382.0
	 epoch  20 training error:  tensor(0.1913, device='cuda:0', grad_fn=<DivBackward0>)
Memory status after this epoch: 
Memory allocated:  260.5244140625
Memory cached:  382.0
	 epoch  30 training error:  tensor(0.1272, device='cuda:0', grad_fn=<DivBackward0>)
Memory status after this epoch: 
Memory allocated:  260.5244140625
Memory cached:  382.0
	 epoch  40 training error:  tensor(0.0978, device='cuda:0', grad_fn=<DivBackward0>)
Memory status after this epoch: 
Memory allocated:  260.5244140625
Memory cached:  382.0
	 epoch  50 training error:  tensor(0.0907, device='cuda:0', grad_fn=<DivBackward0>)
Memory status after this epoch: 
Memory allocated:  260.5244140625
Memory cached:  382.0
	 epoch  60 training error:  tensor(0.0871, device='cuda:0', grad_fn=<DivBackward0>)
Memory status after this epoch: 
Memory allocated:  260.5244140625
Memory cached:  382.0
	 epoch  70 training error:  tensor(0.0849, device='cuda:0', grad_fn=<DivBackward0>)
Memory status after this epoch: 
Memory allocated:  260.5244140625
Memory cached:  382.0
	 epoch  80 training error:  tensor(0.0837, device='cuda:0', grad_fn=<DivBackward0>)
Memory status after this epoch: 
Memory allocated:  260.5244140625
Memory cached:  382.0
	 epoch  90 training error:  tensor(0.0831, device='cuda:0', grad_fn=<DivBackward0>)
Memory status after this epoch: 
Memory allocated:  260.5244140625
Memory cached:  382.0
