[I 2023-12-03 09:29:47,484] Trial 42 finished with value: 0.060096800327301025 and parameters: {'W_layers': 8, 'W_layer_units_exponent_0': 9, 'W_layer_units_exponent_1': 7, 'W_layer_units_exponent_2': 8, 'W_layer_units_exponent_3': 8, 'W_layer_units_exponent_4': 6, 'W_layer_units_exponent_5': 8, 'W_layer_units_exponent_6': 6, 'W_layer_units_exponent_7': 8, 'D_layers': 5, 'D_layer_units_exponent_0': 7, 'D_layer_units_exponent_1': 6, 'D_layer_units_exponent_2': 4, 'D_layer_units_exponent_3': 8, 'D_layer_units_exponent_4': 6, 'D_dagger_layers': 2, 'D_dagger_layer_units_exponent_0': 6, 'D_dagger_layer_units_exponent_1': 4, 'log_learning_rate': -2.6512534289353775, 'log_learning_rate_D': -3.609440817959601, 'log_learning_rate_D_dagger': -2.1684319496650577, 'training_batch_size': 10, 'training_p': 7}. Best is trial 12 with value: 0.04295838996767998.
Time for this trial:  186.72533583641052
Memory status after this trial: 
Memory allocated:  273.7119140625
Memory cached:  320.0
--------------------  Trial  43   --------------------
Start timing: 
Parameters: 
{'W_layers': 7, 'W_layer_units_exponent_0': 7, 'W_layer_units_exponent_1': 5, 'W_layer_units_exponent_2': 7, 'W_layer_units_exponent_3': 9, 'W_layer_units_exponent_4': 7, 'W_layer_units_exponent_5': 7, 'W_layer_units_exponent_6': 7, 'D_layers': 4, 'D_layer_units_exponent_0': 8, 'D_layer_units_exponent_1': 7, 'D_layer_units_exponent_2': 4, 'D_layer_units_exponent_3': 10, 'D_dagger_layers': 2, 'D_dagger_layer_units_exponent_0': 5, 'D_dagger_layer_units_exponent_1': 4, 'log_learning_rate': -1.6154359061923198, 'log_learning_rate_D': -4.135909668318784, 'log_learning_rate_D_dagger': -2.058159230306997, 'training_batch_size': 8, 'training_p': 8}
	 epoch  0 training error:  tensor(0.4801, device='cuda:0', grad_fn=<DivBackward0>)
Memory status after this epoch: 
Memory allocated:  149.1650390625
Memory cached:  300.0
	 epoch  10 training error:  tensor(28.8338, device='cuda:0', grad_fn=<DivBackward0>)
Memory status after this epoch: 
Memory allocated:  149.1650390625
Memory cached:  338.0
	 epoch  20 training error:  tensor(0.4998, device='cuda:0', grad_fn=<DivBackward0>)
Memory status after this epoch: 
Memory allocated:  149.1650390625
Memory cached:  350.0
	 epoch  30 training error:  tensor(2.1776, device='cuda:0', grad_fn=<DivBackward0>)
Memory status after this epoch: 
Memory allocated:  149.1650390625
Memory cached:  344.0
	 epoch  40 training error:  tensor(0.2730, device='cuda:0', grad_fn=<DivBackward0>)
Memory status after this epoch: 
Memory allocated:  149.1650390625
Memory cached:  338.0
	 epoch  50 training error:  tensor(0.2196, device='cuda:0', grad_fn=<DivBackward0>)
Memory status after this epoch: 
Memory allocated:  149.1650390625
Memory cached:  334.0
	 epoch  60 training error:  tensor(0.1479, device='cuda:0', grad_fn=<DivBackward0>)
Memory status after this epoch: 
Memory allocated:  149.1650390625
Memory cached:  336.0
	 epoch  70 training error:  tensor(0.0761, device='cuda:0', grad_fn=<DivBackward0>)
Memory status after this epoch: 
Memory allocated:  149.1650390625
Memory cached:  332.0
	 epoch  80 training error:  tensor(0.0717, device='cuda:0', grad_fn=<DivBackward0>)
Memory status after this epoch: 
Memory allocated:  149.1650390625
Memory cached:  340.0
	 epoch  90 training error:  tensor(0.0705, device='cuda:0', grad_fn=<DivBackward0>)
Memory status after this epoch: 
Memory allocated:  149.1650390625
Memory cached:  338.0
[I 2023-12-03 09:32:41,688] Trial 43 finished with value: 0.050977081060409546 and parameters: {'W_layers': 7, 'W_layer_units_exponent_0': 7, 'W_layer_units_exponent_1': 5, 'W_layer_units_exponent_2': 7, 'W_layer_units_exponent_3': 9, 'W_layer_units_exponent_4': 7, 'W_layer_units_exponent_5': 7, 'W_layer_units_exponent_6': 7, 'D_layers': 4, 'D_layer_units_exponent_0': 8, 'D_layer_units_exponent_1': 7, 'D_layer_units_exponent_2': 4, 'D_layer_units_exponent_3': 10, 'D_dagger_layers': 2, 'D_dagger_layer_units_exponent_0': 5, 'D_dagger_layer_units_exponent_1': 4, 'log_learning_rate': -1.6154359061923198, 'log_learning_rate_D': -4.135909668318784, 'log_learning_rate_D_dagger': -2.058159230306997, 'training_batch_size': 8, 'training_p': 8}. Best is trial 12 with value: 0.04295838996767998.
Time for this trial:  173.87006306648254
Memory status after this trial: 
Memory allocated:  280.36328125
Memory cached:  310.0
--------------------  Trial  44   --------------------
Start timing: 
Parameters: 
{'W_layers': 8, 'W_layer_units_exponent_0': 9, 'W_layer_units_exponent_1': 6, 'W_layer_units_exponent_2': 8, 'W_layer_units_exponent_3': 9, 'W_layer_units_exponent_4': 6, 'W_layer_units_exponent_5': 9, 'W_layer_units_exponent_6': 5, 'W_layer_units_exponent_7': 5, 'D_layers': 3, 'D_layer_units_exponent_0': 10, 'D_layer_units_exponent_1': 5, 'D_layer_units_exponent_2': 4, 'D_dagger_layers': 3, 'D_dagger_layer_units_exponent_0': 6, 'D_dagger_layer_units_exponent_1': 5, 'D_dagger_layer_units_exponent_2': 6, 'log_learning_rate': -2.351899862739367, 'log_learning_rate_D': -3.8737214240859332, 'log_learning_rate_D_dagger': -1.6274221517545615, 'training_batch_size': 9, 'training_p': 7}
	 epoch  0 training error:  tensor(0.7964, device='cuda:0', grad_fn=<DivBackward0>)
Memory status after this epoch: 
Memory allocated:  150.4404296875
Memory cached:  298.0
	 epoch  10 training error:  tensor(0.3636, device='cuda:0', grad_fn=<DivBackward0>)
Memory status after this epoch: 
Memory allocated:  150.4404296875
Memory cached:  320.0
	 epoch  20 training error:  tensor(0.1847, device='cuda:0', grad_fn=<DivBackward0>)
Memory status after this epoch: 
Memory allocated:  150.4404296875
Memory cached:  318.0
	 epoch  30 training error:  tensor(0.1652, device='cuda:0', grad_fn=<DivBackward0>)
Memory status after this epoch: 
Memory allocated:  150.4404296875
Memory cached:  322.0
	 epoch  40 training error:  tensor(0.0988, device='cuda:0', grad_fn=<DivBackward0>)
Memory status after this epoch: 
Memory allocated:  150.4404296875
Memory cached:  328.0
	 epoch  50 training error:  tensor(0.0933, device='cuda:0', grad_fn=<DivBackward0>)
Memory status after this epoch: 
Memory allocated:  150.4404296875
Memory cached:  320.0
	 epoch  60 training error:  tensor(0.1257, device='cuda:0', grad_fn=<DivBackward0>)
Memory status after this epoch: 
Memory allocated:  150.4404296875
Memory cached:  318.0
	 epoch  70 training error:  tensor(0.0763, device='cuda:0', grad_fn=<DivBackward0>)
Memory status after this epoch: 
Memory allocated:  150.4404296875
Memory cached:  320.0
	 epoch  80 training error:  tensor(0.0715, device='cuda:0', grad_fn=<DivBackward0>)
Memory status after this epoch: 
Memory allocated:  150.4404296875
Memory cached:  318.0
	 epoch  90 training error:  tensor(0.1135, device='cuda:0', grad_fn=<DivBackward0>)
Memory status after this epoch: 
Memory allocated:  150.4404296875
Memory cached:  324.0
[I 2023-12-03 09:35:49,726] Trial 44 finished with value: 0.05965934321284294 and parameters: {'W_layers': 8, 'W_layer_units_exponent_0': 9, 'W_layer_units_exponent_1': 6, 'W_layer_units_exponent_2': 8, 'W_layer_units_exponent_3': 9, 'W_layer_units_exponent_4': 6, 'W_layer_units_exponent_5': 9, 'W_layer_units_exponent_6': 5, 'W_layer_units_exponent_7': 5, 'D_layers': 3, 'D_layer_units_exponent_0': 10, 'D_layer_units_exponent_1': 5, 'D_layer_units_exponent_2': 4, 'D_dagger_layers': 3, 'D_dagger_layer_units_exponent_0': 6, 'D_dagger_layer_units_exponent_1': 5, 'D_dagger_layer_units_exponent_2': 6, 'log_learning_rate': -2.351899862739367, 'log_learning_rate_D': -3.8737214240859332, 'log_learning_rate_D_dagger': -1.6274221517545615, 'training_batch_size': 9, 'training_p': 7}. Best is trial 12 with value: 0.04295838996767998.
Time for this trial:  187.7667043209076
Memory status after this trial: 
Memory allocated:  318.9052734375
Memory cached:  322.0
--------------------  Trial  45   --------------------
Start timing: 
Parameters: 
{'W_layers': 8, 'W_layer_units_exponent_0': 6, 'W_layer_units_exponent_1': 7, 'W_layer_units_exponent_2': 7, 'W_layer_units_exponent_3': 8, 'W_layer_units_exponent_4': 10, 'W_layer_units_exponent_5': 6, 'W_layer_units_exponent_6': 6, 'W_layer_units_exponent_7': 8, 'D_layers': 5, 'D_layer_units_exponent_0': 6, 'D_layer_units_exponent_1': 5, 'D_layer_units_exponent_2': 5, 'D_layer_units_exponent_3': 9, 'D_layer_units_exponent_4': 9, 'D_dagger_layers': 2, 'D_dagger_layer_units_exponent_0': 7, 'D_dagger_layer_units_exponent_1': 6, 'log_learning_rate': -2.7067307882457547, 'log_learning_rate_D': -4.015577261197279, 'log_learning_rate_D_dagger': -2.4047976286758033, 'training_batch_size': 10, 'training_p': 6}
	 epoch  0 training error:  tensor(0.7911, device='cuda:0', grad_fn=<DivBackward0>)
Memory status after this epoch: 
Memory allocated:  156.3544921875
Memory cached:  306.0
	 epoch  10 training error:  tensor(0.1249, device='cuda:0', grad_fn=<DivBackward0>)
Memory status after this epoch: 
Memory allocated:  156.3544921875
Memory cached:  338.0
	 epoch  20 training error:  tensor(0.2662, device='cuda:0', grad_fn=<DivBackward0>)
Memory status after this epoch: 
Memory allocated:  156.3544921875
Memory cached:  338.0
	 epoch  30 training error:  tensor(0.0873, device='cuda:0', grad_fn=<DivBackward0>)
Memory status after this epoch: 
Memory allocated:  156.3544921875
Memory cached:  336.0
	 epoch  40 training error:  tensor(0.0684, device='cuda:0', grad_fn=<DivBackward0>)
Memory status after this epoch: 
Memory allocated:  156.3544921875
Memory cached:  332.0
	 epoch  50 training error:  tensor(0.0626, device='cuda:0', grad_fn=<DivBackward0>)
Memory status after this epoch: 
Memory allocated:  156.3544921875
Memory cached:  342.0
	 epoch  60 training error:  tensor(0.0632, device='cuda:0', grad_fn=<DivBackward0>)
Memory status after this epoch: 
Memory allocated:  156.3544921875
Memory cached:  330.0
	 epoch  70 training error:  tensor(0.0592, device='cuda:0', grad_fn=<DivBackward0>)
Memory status after this epoch: 
Memory allocated:  156.3544921875
Memory cached:  328.0
	 epoch  80 training error:  tensor(0.0566, device='cuda:0', grad_fn=<DivBackward0>)
Memory status after this epoch: 
Memory allocated:  156.3544921875
Memory cached:  334.0
	 epoch  90 training error:  tensor(0.0594, device='cuda:0', grad_fn=<DivBackward0>)
Memory status after this epoch: 
Memory allocated:  156.3544921875
Memory cached:  336.0
[I 2023-12-03 09:39:05,167] Trial 45 finished with value: 0.04309803247451782 and parameters: {'W_layers': 8, 'W_layer_units_exponent_0': 6, 'W_layer_units_exponent_1': 7, 'W_layer_units_exponent_2': 7, 'W_layer_units_exponent_3': 8, 'W_layer_units_exponent_4': 10, 'W_layer_units_exponent_5': 6, 'W_layer_units_exponent_6': 6, 'W_layer_units_exponent_7': 8, 'D_layers': 5, 'D_layer_units_exponent_0': 6, 'D_layer_units_exponent_1': 5, 'D_layer_units_exponent_2': 5, 'D_layer_units_exponent_3': 9, 'D_layer_units_exponent_4': 9, 'D_dagger_layers': 2, 'D_dagger_layer_units_exponent_0': 7, 'D_dagger_layer_units_exponent_1': 6, 'log_learning_rate': -2.7067307882457547, 'log_learning_rate_D': -4.015577261197279, 'log_learning_rate_D_dagger': -2.4047976286758033, 'training_batch_size': 10, 'training_p': 6}. Best is trial 12 with value: 0.04295838996767998.
Time for this trial:  195.1431748867035
Memory status after this trial: 
Memory allocated:  322.20068359375
Memory cached:  328.0
--------------------  Trial  46   --------------------
Start timing: 
Parameters: 
{'W_layers': 8, 'W_layer_units_exponent_0': 7, 'W_layer_units_exponent_1': 7, 'W_layer_units_exponent_2': 6, 'W_layer_units_exponent_3': 8, 'W_layer_units_exponent_4': 10, 'W_layer_units_exponent_5': 6, 'W_layer_units_exponent_6': 10, 'W_layer_units_exponent_7': 8, 'D_layers': 5, 'D_layer_units_exponent_0': 5, 'D_layer_units_exponent_1': 5, 'D_layer_units_exponent_2': 4, 'D_layer_units_exponent_3': 9, 'D_layer_units_exponent_4': 9, 'D_dagger_layers': 2, 'D_dagger_layer_units_exponent_0': 7, 'D_dagger_layer_units_exponent_1': 6, 'log_learning_rate': -2.604706195740313, 'log_learning_rate_D': -4.335642903858137, 'log_learning_rate_D_dagger': -2.408303295775533, 'training_batch_size': 10, 'training_p': 6}
	 epoch  0 training error:  tensor(0.4189, device='cuda:0', grad_fn=<DivBackward0>)
Memory status after this epoch: 
Memory allocated:  160.6533203125
Memory cached:  298.0
	 epoch  10 training error:  tensor(0.8191, device='cuda:0', grad_fn=<DivBackward0>)
Memory status after this epoch: 
Memory allocated:  160.6533203125
Memory cached:  316.0
	 epoch  20 training error:  tensor(0.4822, device='cuda:0', grad_fn=<DivBackward0>)
Memory status after this epoch: 
Memory allocated:  160.6533203125
Memory cached:  318.0
	 epoch  30 training error:  tensor(0.3374, device='cuda:0', grad_fn=<DivBackward0>)
Memory status after this epoch: 
Memory allocated:  160.6533203125
Memory cached:  320.0
	 epoch  40 training error:  tensor(0.1919, device='cuda:0', grad_fn=<DivBackward0>)
Memory status after this epoch: 
Memory allocated:  160.6533203125
Memory cached:  320.0
	 epoch  50 training error:  tensor(0.1192, device='cuda:0', grad_fn=<DivBackward0>)
Memory status after this epoch: 
Memory allocated:  160.6533203125
Memory cached:  318.0
	 epoch  60 training error:  tensor(0.0688, device='cuda:0', grad_fn=<DivBackward0>)
Memory status after this epoch: 
Memory allocated:  160.6533203125
Memory cached:  324.0
	 epoch  70 training error:  tensor(0.0656, device='cuda:0', grad_fn=<DivBackward0>)
Memory status after this epoch: 
Memory allocated:  160.6533203125
Memory cached:  320.0
	 epoch  80 training error:  tensor(0.0636, device='cuda:0', grad_fn=<DivBackward0>)
Memory status after this epoch: 
Memory allocated:  160.6533203125
Memory cached:  322.0
	 epoch  90 training error:  tensor(0.0585, device='cuda:0', grad_fn=<DivBackward0>)
Memory status after this epoch: 
Memory allocated:  160.6533203125
Memory cached:  318.0
[I 2023-12-03 09:42:25,466] Trial 46 finished with value: 0.04680801182985306 and parameters: {'W_layers': 8, 'W_layer_units_exponent_0': 7, 'W_layer_units_exponent_1': 7, 'W_layer_units_exponent_2': 6, 'W_layer_units_exponent_3': 8, 'W_layer_units_exponent_4': 10, 'W_layer_units_exponent_5': 6, 'W_layer_units_exponent_6': 10, 'W_layer_units_exponent_7': 8, 'D_layers': 5, 'D_layer_units_exponent_0': 5, 'D_layer_units_exponent_1': 5, 'D_layer_units_exponent_2': 4, 'D_layer_units_exponent_3': 9, 'D_layer_units_exponent_4': 9, 'D_dagger_layers': 2, 'D_dagger_layer_units_exponent_0': 7, 'D_dagger_layer_units_exponent_1': 6, 'log_learning_rate': -2.604706195740313, 'log_learning_rate_D': -4.335642903858137, 'log_learning_rate_D_dagger': -2.408303295775533, 'training_batch_size': 10, 'training_p': 6}. Best is trial 12 with value: 0.04295838996767998.
Time for this trial:  199.92089414596558
Memory status after this trial: 
Memory allocated:  373.2509765625
Memory cached:  382.0
--------------------  Trial  47   --------------------
Start timing: 
Parameters: 
{'W_layers': 8, 'W_layer_units_exponent_0': 8, 'W_layer_units_exponent_1': 8, 'W_layer_units_exponent_2': 7, 'W_layer_units_exponent_3': 8, 'W_layer_units_exponent_4': 9, 'W_layer_units_exponent_5': 4, 'W_layer_units_exponent_6': 5, 'W_layer_units_exponent_7': 8, 'D_layers': 4, 'D_layer_units_exponent_0': 6, 'D_layer_units_exponent_1': 5, 'D_layer_units_exponent_2': 5, 'D_layer_units_exponent_3': 8, 'D_dagger_layers': 2, 'D_dagger_layer_units_exponent_0': 6, 'D_dagger_layer_units_exponent_1': 4, 'log_learning_rate': -2.7420774971640722, 'log_learning_rate_D': -3.965125491394833, 'log_learning_rate_D_dagger': -2.7362452856307073, 'training_batch_size': 9, 'training_p': 7}
	 epoch  0 training error:  tensor(0.5775, device='cuda:0', grad_fn=<DivBackward0>)
Memory status after this epoch: 
Memory allocated:  150.1650390625
Memory cached:  298.0
	 epoch  10 training error:  tensor(0.2209, device='cuda:0', grad_fn=<DivBackward0>)
Memory status after this epoch: 
Memory allocated:  150.1650390625
Memory cached:  348.0
	 epoch  20 training error:  tensor(0.1149, device='cuda:0', grad_fn=<DivBackward0>)
Memory status after this epoch: 
Memory allocated:  150.1650390625
Memory cached:  362.0
	 epoch  30 training error:  tensor(0.1022, device='cuda:0', grad_fn=<DivBackward0>)
Memory status after this epoch: 
Memory allocated:  150.1650390625
Memory cached:  356.0
	 epoch  40 training error:  tensor(0.0825, device='cuda:0', grad_fn=<DivBackward0>)
Memory status after this epoch: 
Memory allocated:  150.1650390625
Memory cached:  354.0
	 epoch  50 training error:  tensor(0.0722, device='cuda:0', grad_fn=<DivBackward0>)
Memory status after this epoch: 
Memory allocated:  150.1650390625
Memory cached:  364.0
	 epoch  60 training error:  tensor(0.0652, device='cuda:0', grad_fn=<DivBackward0>)
Memory status after this epoch: 
Memory allocated:  150.1650390625
Memory cached:  356.0
	 epoch  70 training error:  tensor(0.0625, device='cuda:0', grad_fn=<DivBackward0>)
Memory status after this epoch: 
Memory allocated:  150.1650390625
Memory cached:  346.0
	 epoch  80 training error:  tensor(0.0598, device='cuda:0', grad_fn=<DivBackward0>)
Memory status after this epoch: 
Memory allocated:  150.1650390625
Memory cached:  366.0
	 epoch  90 training error:  tensor(0.0567, device='cuda:0', grad_fn=<DivBackward0>)
Memory status after this epoch: 
Memory allocated:  150.1650390625
Memory cached:  366.0
[I 2023-12-03 09:45:24,301] Trial 47 finished with value: 0.043197404593229294 and parameters: {'W_layers': 8, 'W_layer_units_exponent_0': 8, 'W_layer_units_exponent_1': 8, 'W_layer_units_exponent_2': 7, 'W_layer_units_exponent_3': 8, 'W_layer_units_exponent_4': 9, 'W_layer_units_exponent_5': 4, 'W_layer_units_exponent_6': 5, 'W_layer_units_exponent_7': 8, 'D_layers': 4, 'D_layer_units_exponent_0': 6, 'D_layer_units_exponent_1': 5, 'D_layer_units_exponent_2': 5, 'D_layer_units_exponent_3': 8, 'D_dagger_layers': 2, 'D_dagger_layer_units_exponent_0': 6, 'D_dagger_layer_units_exponent_1': 4, 'log_learning_rate': -2.7420774971640722, 'log_learning_rate_D': -3.965125491394833, 'log_learning_rate_D_dagger': -2.7362452856307073, 'training_batch_size': 9, 'training_p': 7}. Best is trial 12 with value: 0.04295838996767998.
Time for this trial:  178.48730516433716
Memory status after this trial: 
Memory allocated:  260.60986328125
Memory cached:  346.0
--------------------  Trial  48   --------------------
Start timing: 
Parameters: 
{'W_layers': 8, 'W_layer_units_exponent_0': 9, 'W_layer_units_exponent_1': 8, 'W_layer_units_exponent_2': 7, 'W_layer_units_exponent_3': 8, 'W_layer_units_exponent_4': 9, 'W_layer_units_exponent_5': 5, 'W_layer_units_exponent_6': 6, 'W_layer_units_exponent_7': 8, 'D_layers': 4, 'D_layer_units_exponent_0': 6, 'D_layer_units_exponent_1': 4, 'D_layer_units_exponent_2': 5, 'D_layer_units_exponent_3': 8, 'D_dagger_layers': 2, 'D_dagger_layer_units_exponent_0': 5, 'D_dagger_layer_units_exponent_1': 6, 'log_learning_rate': -3.2367972420729547, 'log_learning_rate_D': -4.674811641673367, 'log_learning_rate_D_dagger': -2.6952901884186247, 'training_batch_size': 9, 'training_p': 7}
	 epoch  0 training error:  tensor(0.7972, device='cuda:0', grad_fn=<DivBackward0>)
Memory status after this epoch: 
Memory allocated:  151.4345703125
Memory cached:  298.0
	 epoch  10 training error:  tensor(0.1329, device='cuda:0', grad_fn=<DivBackward0>)
Memory status after this epoch: 
Memory allocated:  151.4345703125
Memory cached:  338.0
	 epoch  20 training error:  tensor(0.1205, device='cuda:0', grad_fn=<DivBackward0>)
Memory status after this epoch: 
Memory allocated:  151.4345703125
Memory cached:  344.0
	 epoch  30 training error:  tensor(0.1031, device='cuda:0', grad_fn=<DivBackward0>)
Memory status after this epoch: 
Memory allocated:  151.4345703125
Memory cached:  352.0
	 epoch  40 training error:  tensor(0.0931, device='cuda:0', grad_fn=<DivBackward0>)
Memory status after this epoch: 
Memory allocated:  151.4345703125
Memory cached:  354.0
	 epoch  50 training error:  tensor(0.0870, device='cuda:0', grad_fn=<DivBackward0>)
Memory status after this epoch: 
Memory allocated:  151.4345703125
Memory cached:  344.0
	 epoch  60 training error:  tensor(0.0832, device='cuda:0', grad_fn=<DivBackward0>)
Memory status after this epoch: 
Memory allocated:  151.4345703125
Memory cached:  354.0
	 epoch  70 training error:  tensor(0.0770, device='cuda:0', grad_fn=<DivBackward0>)
Memory status after this epoch: 
Memory allocated:  151.4345703125
Memory cached:  354.0
	 epoch  80 training error:  tensor(0.0708, device='cuda:0', grad_fn=<DivBackward0>)
Memory status after this epoch: 
Memory allocated:  151.4345703125
Memory cached:  342.0
	 epoch  90 training error:  tensor(0.0655, device='cuda:0', grad_fn=<DivBackward0>)
Memory status after this epoch: 
Memory allocated:  151.4345703125
Memory cached:  348.0
