[I 2023-12-06 11:31:02,038] Trial 6 finished with value: 0.3406122028827667 and parameters: {'W_layers': 4, 'W_layer_units_exponent_0': 6, 'W_layer_units_exponent_1': 6, 'W_layer_units_exponent_2': 6, 'W_layer_units_exponent_3': 8, 'D_layers': 2, 'D_layer_units_exponent_0': 8, 'D_layer_units_exponent_1': 4, 'log_learning_rate': -3.3644577991379077, 'log_learning_rate_D': -4.1234308598135705, 'training_batch_size': 10, 'training_p': 7}. Best is trial 5 with value: 0.1626095026731491.
Time for this trial:  37.020803689956665
Memory status after this trial: 
Memory allocated:  122.79443359375
Memory cached:  156.0
--------------------  Trial  7   --------------------
Start timing: 
Parameters: 
{'W_layers': 4, 'W_layer_units_exponent_0': 8, 'W_layer_units_exponent_1': 5, 'W_layer_units_exponent_2': 5, 'W_layer_units_exponent_3': 8, 'D_layers': 7, 'D_layer_units_exponent_0': 5, 'D_layer_units_exponent_1': 6, 'D_layer_units_exponent_2': 5, 'D_layer_units_exponent_3': 6, 'D_layer_units_exponent_4': 10, 'D_layer_units_exponent_5': 9, 'D_layer_units_exponent_6': 7, 'log_learning_rate': -1.0571831818844282, 'log_learning_rate_D': -1.0111273979242066, 'training_batch_size': 6, 'training_p': 2}
	 epoch  0 training error:  tensor(17.8840, device='cuda:0', grad_fn=<DivBackward0>)
Memory status after this epoch: 
Memory allocated:  116.37744140625
Memory cached:  176.0
[W 2023-12-06 11:31:03,940] Trial 7 failed with parameters: {'W_layers': 4, 'W_layer_units_exponent_0': 8, 'W_layer_units_exponent_1': 5, 'W_layer_units_exponent_2': 5, 'W_layer_units_exponent_3': 8, 'D_layers': 7, 'D_layer_units_exponent_0': 5, 'D_layer_units_exponent_1': 6, 'D_layer_units_exponent_2': 5, 'D_layer_units_exponent_3': 6, 'D_layer_units_exponent_4': 10, 'D_layer_units_exponent_5': 9, 'D_layer_units_exponent_6': 7, 'log_learning_rate': -1.0571831818844282, 'log_learning_rate_D': -1.0111273979242066, 'training_batch_size': 6, 'training_p': 2} because of the following error: The value nan is not acceptable.
[W 2023-12-06 11:31:03,942] Trial 7 failed with value tensor(nan, device='cuda:0', grad_fn=<DivBackward0>).
Time for this trial:  1.7827811241149902
Memory status after this trial: 
Memory allocated:  166.5185546875
Memory cached:  184.0
--------------------  Trial  8   --------------------
Start timing: 
Parameters: 
{'W_layers': 8, 'W_layer_units_exponent_0': 9, 'W_layer_units_exponent_1': 9, 'W_layer_units_exponent_2': 7, 'W_layer_units_exponent_3': 4, 'W_layer_units_exponent_4': 7, 'W_layer_units_exponent_5': 6, 'W_layer_units_exponent_6': 8, 'W_layer_units_exponent_7': 5, 'D_layers': 5, 'D_layer_units_exponent_0': 8, 'D_layer_units_exponent_1': 6, 'D_layer_units_exponent_2': 6, 'D_layer_units_exponent_3': 8, 'D_layer_units_exponent_4': 10, 'log_learning_rate': -4.674415041915376, 'log_learning_rate_D': -2.1482662674580117, 'training_batch_size': 11, 'training_p': 5}
	 epoch  0 training error:  tensor(1.0213, device='cuda:0', grad_fn=<DivBackward0>)
Memory status after this epoch: 
Memory allocated:  116.21240234375
Memory cached:  158.0
	 epoch  10 training error:  tensor(0.9615, device='cuda:0', grad_fn=<DivBackward0>)
Memory status after this epoch: 
Memory allocated:  116.21240234375
Memory cached:  160.0
	 epoch  20 training error:  tensor(0.8801, device='cuda:0', grad_fn=<DivBackward0>)
Memory status after this epoch: 
Memory allocated:  116.21240234375
Memory cached:  160.0
	 epoch  30 training error:  tensor(0.7729, device='cuda:0', grad_fn=<DivBackward0>)
Memory status after this epoch: 
Memory allocated:  116.21240234375
Memory cached:  160.0
	 epoch  40 training error:  tensor(0.7037, device='cuda:0', grad_fn=<DivBackward0>)
Memory status after this epoch: 
Memory allocated:  116.21240234375
Memory cached:  160.0
	 epoch  50 training error:  tensor(0.6768, device='cuda:0', grad_fn=<DivBackward0>)
Memory status after this epoch: 
Memory allocated:  116.21240234375
Memory cached:  160.0
	 epoch  60 training error:  tensor(0.6501, device='cuda:0', grad_fn=<DivBackward0>)
Memory status after this epoch: 
Memory allocated:  116.21240234375
Memory cached:  160.0
[W 2023-12-06 11:31:42,242] Trial 8 failed with parameters: {'W_layers': 8, 'W_layer_units_exponent_0': 9, 'W_layer_units_exponent_1': 9, 'W_layer_units_exponent_2': 7, 'W_layer_units_exponent_3': 4, 'W_layer_units_exponent_4': 7, 'W_layer_units_exponent_5': 6, 'W_layer_units_exponent_6': 8, 'W_layer_units_exponent_7': 5, 'D_layers': 5, 'D_layer_units_exponent_0': 8, 'D_layer_units_exponent_1': 6, 'D_layer_units_exponent_2': 6, 'D_layer_units_exponent_3': 8, 'D_layer_units_exponent_4': 10, 'log_learning_rate': -4.674415041915376, 'log_learning_rate_D': -2.1482662674580117, 'training_batch_size': 11, 'training_p': 5} because of the following error: The value nan is not acceptable.
[W 2023-12-06 11:31:42,243] Trial 8 failed with value tensor(nan, device='cuda:0', grad_fn=<DivBackward0>).
Time for this trial:  38.20166778564453
Memory status after this trial: 
Memory allocated:  186.6826171875
Memory cached:  192.0
--------------------  Trial  9   --------------------
Start timing: 
Parameters: 
{'W_layers': 8, 'W_layer_units_exponent_0': 4, 'W_layer_units_exponent_1': 6, 'W_layer_units_exponent_2': 8, 'W_layer_units_exponent_3': 10, 'W_layer_units_exponent_4': 8, 'W_layer_units_exponent_5': 7, 'W_layer_units_exponent_6': 8, 'W_layer_units_exponent_7': 9, 'D_layers': 7, 'D_layer_units_exponent_0': 7, 'D_layer_units_exponent_1': 6, 'D_layer_units_exponent_2': 6, 'D_layer_units_exponent_3': 9, 'D_layer_units_exponent_4': 7, 'D_layer_units_exponent_5': 8, 'D_layer_units_exponent_6': 7, 'log_learning_rate': -3.8972480612532747, 'log_learning_rate_D': -4.465808698881273, 'training_batch_size': 10, 'training_p': 2}
	 epoch  0 training error:  tensor(1.0164, device='cuda:0', grad_fn=<DivBackward0>)
Memory status after this epoch: 
Memory allocated:  120.01123046875
Memory cached:  158.0
	 epoch  10 training error:  tensor(0.5318, device='cuda:0', grad_fn=<DivBackward0>)
Memory status after this epoch: 
Memory allocated:  120.01123046875
Memory cached:  162.0
	 epoch  20 training error:  tensor(0.4422, device='cuda:0', grad_fn=<DivBackward0>)
Memory status after this epoch: 
Memory allocated:  120.01123046875
Memory cached:  162.0
	 epoch  30 training error:  tensor(0.4192, device='cuda:0', grad_fn=<DivBackward0>)
Memory status after this epoch: 
Memory allocated:  120.01123046875
Memory cached:  162.0
	 epoch  40 training error:  tensor(0.3996, device='cuda:0', grad_fn=<DivBackward0>)
Memory status after this epoch: 
Memory allocated:  120.01123046875
Memory cached:  162.0
	 epoch  50 training error:  tensor(0.3835, device='cuda:0', grad_fn=<DivBackward0>)
Memory status after this epoch: 
Memory allocated:  120.01123046875
Memory cached:  162.0
	 epoch  60 training error:  tensor(0.3816, device='cuda:0', grad_fn=<DivBackward0>)
Memory status after this epoch: 
Memory allocated:  120.01123046875
Memory cached:  162.0
	 epoch  70 training error:  tensor(0.3767, device='cuda:0', grad_fn=<DivBackward0>)
Memory status after this epoch: 
Memory allocated:  120.01123046875
Memory cached:  162.0
	 epoch  80 training error:  tensor(0.3737, device='cuda:0', grad_fn=<DivBackward0>)
Memory status after this epoch: 
Memory allocated:  120.01123046875
Memory cached:  162.0
	 epoch  90 training error:  tensor(0.3700, device='cuda:0', grad_fn=<DivBackward0>)
Memory status after this epoch: 
Memory allocated:  120.01123046875
Memory cached:  162.0
[I 2023-12-06 11:32:42,671] Trial 9 finished with value: 0.3381420075893402 and parameters: {'W_layers': 8, 'W_layer_units_exponent_0': 4, 'W_layer_units_exponent_1': 6, 'W_layer_units_exponent_2': 8, 'W_layer_units_exponent_3': 10, 'W_layer_units_exponent_4': 8, 'W_layer_units_exponent_5': 7, 'W_layer_units_exponent_6': 8, 'W_layer_units_exponent_7': 9, 'D_layers': 7, 'D_layer_units_exponent_0': 7, 'D_layer_units_exponent_1': 6, 'D_layer_units_exponent_2': 6, 'D_layer_units_exponent_3': 9, 'D_layer_units_exponent_4': 7, 'D_layer_units_exponent_5': 8, 'D_layer_units_exponent_6': 7, 'log_learning_rate': -3.8972480612532747, 'log_learning_rate_D': -4.465808698881273, 'training_batch_size': 10, 'training_p': 2}. Best is trial 5 with value: 0.1626095026731491.
Time for this trial:  60.3047137260437
Memory status after this trial: 
Memory allocated:  199.65625
Memory cached:  208.0
--------------------  Trial  10   --------------------
Start timing: 
Parameters: 
{'W_layers': 4, 'W_layer_units_exponent_0': 8, 'W_layer_units_exponent_1': 6, 'W_layer_units_exponent_2': 6, 'W_layer_units_exponent_3': 10, 'D_layers': 3, 'D_layer_units_exponent_0': 6, 'D_layer_units_exponent_1': 4, 'D_layer_units_exponent_2': 4, 'log_learning_rate': -4.450082375995593, 'log_learning_rate_D': -2.158063237211555, 'training_batch_size': 10, 'training_p': 7}
	 epoch  0 training error:  tensor(1.0437, device='cuda:0', grad_fn=<DivBackward0>)
Memory status after this epoch: 
Memory allocated:  107.37255859375
Memory cached:  160.0
	 epoch  10 training error:  tensor(0.8515, device='cuda:0', grad_fn=<DivBackward0>)
Memory status after this epoch: 
Memory allocated:  107.37255859375
Memory cached:  162.0
	 epoch  20 training error:  tensor(0.7507, device='cuda:0', grad_fn=<DivBackward0>)
Memory status after this epoch: 
Memory allocated:  107.37255859375
Memory cached:  162.0
	 epoch  30 training error:  tensor(0.6617, device='cuda:0', grad_fn=<DivBackward0>)
Memory status after this epoch: 
Memory allocated:  107.37255859375
Memory cached:  162.0
	 epoch  40 training error:  tensor(0.5801, device='cuda:0', grad_fn=<DivBackward0>)
Memory status after this epoch: 
Memory allocated:  107.37255859375
Memory cached:  162.0
	 epoch  50 training error:  tensor(0.5125, device='cuda:0', grad_fn=<DivBackward0>)
Memory status after this epoch: 
Memory allocated:  107.37255859375
Memory cached:  162.0
	 epoch  60 training error:  tensor(0.4746, device='cuda:0', grad_fn=<DivBackward0>)
Memory status after this epoch: 
Memory allocated:  107.37255859375
Memory cached:  162.0
	 epoch  70 training error:  tensor(0.4579, device='cuda:0', grad_fn=<DivBackward0>)
Memory status after this epoch: 
Memory allocated:  107.37255859375
Memory cached:  162.0
	 epoch  80 training error:  tensor(0.4490, device='cuda:0', grad_fn=<DivBackward0>)
Memory status after this epoch: 
Memory allocated:  107.37255859375
Memory cached:  162.0
	 epoch  90 training error:  tensor(0.4457, device='cuda:0', grad_fn=<DivBackward0>)
Memory status after this epoch: 
Memory allocated:  107.37255859375
Memory cached:  162.0
[I 2023-12-06 11:33:22,753] Trial 10 finished with value: 0.3367895483970642 and parameters: {'W_layers': 4, 'W_layer_units_exponent_0': 8, 'W_layer_units_exponent_1': 6, 'W_layer_units_exponent_2': 6, 'W_layer_units_exponent_3': 10, 'D_layers': 3, 'D_layer_units_exponent_0': 6, 'D_layer_units_exponent_1': 4, 'D_layer_units_exponent_2': 4, 'log_learning_rate': -4.450082375995593, 'log_learning_rate_D': -2.158063237211555, 'training_batch_size': 10, 'training_p': 7}. Best is trial 5 with value: 0.1626095026731491.
Time for this trial:  39.98499941825867
Memory status after this trial: 
Memory allocated:  141.3115234375
Memory cached:  160.0
--------------------  Trial  11   --------------------
Start timing: 
Parameters: 
{'W_layers': 3, 'W_layer_units_exponent_0': 7, 'W_layer_units_exponent_1': 10, 'W_layer_units_exponent_2': 9, 'D_layers': 2, 'D_layer_units_exponent_0': 8, 'D_layer_units_exponent_1': 9, 'log_learning_rate': -3.614430837728721, 'log_learning_rate_D': -4.878686194116721, 'training_batch_size': 7, 'training_p': 2}
	 epoch  0 training error:  tensor(1.0691, device='cuda:0', grad_fn=<DivBackward0>)
Memory status after this epoch: 
Memory allocated:  118.04833984375
Memory cached:  176.0
	 epoch  10 training error:  tensor(0.6081, device='cuda:0', grad_fn=<DivBackward0>)
Memory status after this epoch: 
Memory allocated:  118.04833984375
Memory cached:  176.0
	 epoch  20 training error:  tensor(0.4411, device='cuda:0', grad_fn=<DivBackward0>)
Memory status after this epoch: 
Memory allocated:  118.04833984375
Memory cached:  176.0
	 epoch  30 training error:  tensor(0.4037, device='cuda:0', grad_fn=<DivBackward0>)
Memory status after this epoch: 
Memory allocated:  118.04833984375
Memory cached:  176.0
	 epoch  40 training error:  tensor(0.3761, device='cuda:0', grad_fn=<DivBackward0>)
Memory status after this epoch: 
Memory allocated:  118.04833984375
Memory cached:  176.0
	 epoch  50 training error:  tensor(0.3702, device='cuda:0', grad_fn=<DivBackward0>)
Memory status after this epoch: 
Memory allocated:  118.04833984375
Memory cached:  176.0
	 epoch  60 training error:  tensor(0.3551, device='cuda:0', grad_fn=<DivBackward0>)
Memory status after this epoch: 
Memory allocated:  118.04833984375
Memory cached:  176.0
	 epoch  70 training error:  tensor(0.3520, device='cuda:0', grad_fn=<DivBackward0>)
Memory status after this epoch: 
Memory allocated:  118.04833984375
Memory cached:  176.0
	 epoch  80 training error:  tensor(0.3466, device='cuda:0', grad_fn=<DivBackward0>)
Memory status after this epoch: 
Memory allocated:  118.04833984375
Memory cached:  176.0
	 epoch  90 training error:  tensor(0.3472, device='cuda:0', grad_fn=<DivBackward0>)
Memory status after this epoch: 
Memory allocated:  118.04833984375
Memory cached:  176.0
