[I 2024-01-13 15:07:30,826] Trial 134 finished with value: 0.2908865809440613 and parameters: {'W_layers': 8, 'W_layer_units_exponent_0': 9, 'W_layer_units_exponent_1': 10, 'W_layer_units_exponent_2': 7, 'W_layer_units_exponent_3': 6, 'W_layer_units_exponent_4': 4, 'W_layer_units_exponent_5': 6, 'W_layer_units_exponent_6': 6, 'W_layer_units_exponent_7': 7, 'D_layers': 3, 'D_layer_units_exponent_0': 7, 'D_layer_units_exponent_1': 6, 'D_layer_units_exponent_2': 8, 'D_dagger_layers': 8, 'D_dagger_layer_units_exponent_0': 10, 'D_dagger_layer_units_exponent_1': 7, 'D_dagger_layer_units_exponent_2': 4, 'D_dagger_layer_units_exponent_3': 6, 'D_dagger_layer_units_exponent_4': 4, 'D_dagger_layer_units_exponent_5': 9, 'D_dagger_layer_units_exponent_6': 10, 'D_dagger_layer_units_exponent_7': 5, 'log_learning_rate': -4.807942918640159, 'log_learning_rate_D': -3.741814646239278, 'log_learning_rate_D_dagger': -3.2875392181336838, 'training_batch_size': 11, 'training_p': 2}. Best is trial 127 with value: 0.28608080744743347.
Time for this trial:  23.36267328262329
Memory status after this trial: 
Memory allocated:  1176.69091796875
Memory cached:  1216.0
--------------------  Trial  135   --------------------
Start timing: 
Parameters: 
{'W_layers': 8, 'W_layer_units_exponent_0': 10, 'W_layer_units_exponent_1': 10, 'W_layer_units_exponent_2': 7, 'W_layer_units_exponent_3': 7, 'W_layer_units_exponent_4': 6, 'W_layer_units_exponent_5': 10, 'W_layer_units_exponent_6': 5, 'W_layer_units_exponent_7': 8, 'D_layers': 4, 'D_layer_units_exponent_0': 8, 'D_layer_units_exponent_1': 8, 'D_layer_units_exponent_2': 8, 'D_layer_units_exponent_3': 4, 'D_dagger_layers': 7, 'D_dagger_layer_units_exponent_0': 10, 'D_dagger_layer_units_exponent_1': 10, 'D_dagger_layer_units_exponent_2': 5, 'D_dagger_layer_units_exponent_3': 5, 'D_dagger_layer_units_exponent_4': 4, 'D_dagger_layer_units_exponent_5': 4, 'D_dagger_layer_units_exponent_6': 6, 'log_learning_rate': -4.603515108872381, 'log_learning_rate_D': -3.413854624552117, 'log_learning_rate_D_dagger': -2.896405764786968, 'training_batch_size': 11, 'training_p': 2}
	 epoch  0 training error:  tensor(1.0108, device='cuda:0', grad_fn=<DivBackward0>)
Memory status after this epoch: 
Memory allocated:  681.40087890625
Memory cached:  890.0
	 epoch  10 training error:  tensor(0.3688, device='cuda:0', grad_fn=<DivBackward0>)
Memory status after this epoch: 
Memory allocated:  681.40087890625
Memory cached:  890.0
	 epoch  20 training error:  tensor(0.3205, device='cuda:0', grad_fn=<DivBackward0>)
Memory status after this epoch: 
Memory allocated:  681.40087890625
Memory cached:  890.0
	 epoch  30 training error:  tensor(0.3095, device='cuda:0', grad_fn=<DivBackward0>)
Memory status after this epoch: 
Memory allocated:  681.40087890625
Memory cached:  890.0
	 epoch  40 training error:  tensor(0.3022, device='cuda:0', grad_fn=<DivBackward0>)
Memory status after this epoch: 
Memory allocated:  681.40087890625
Memory cached:  890.0
	 epoch  50 training error:  tensor(0.2915, device='cuda:0', grad_fn=<DivBackward0>)
Memory status after this epoch: 
Memory allocated:  681.40087890625
Memory cached:  890.0
	 epoch  60 training error:  tensor(0.2916, device='cuda:0', grad_fn=<DivBackward0>)
Memory status after this epoch: 
Memory allocated:  681.40087890625
Memory cached:  890.0
	 epoch  70 training error:  tensor(0.2881, device='cuda:0', grad_fn=<DivBackward0>)
Memory status after this epoch: 
Memory allocated:  681.40087890625
Memory cached:  890.0
	 epoch  80 training error:  tensor(0.2860, device='cuda:0', grad_fn=<DivBackward0>)
Memory status after this epoch: 
Memory allocated:  681.40087890625
Memory cached:  890.0
	 epoch  90 training error:  tensor(0.2853, device='cuda:0', grad_fn=<DivBackward0>)
Memory status after this epoch: 
Memory allocated:  681.40087890625
Memory cached:  890.0
[I 2024-01-13 15:07:56,357] Trial 135 finished with value: 0.2907331883907318 and parameters: {'W_layers': 8, 'W_layer_units_exponent_0': 10, 'W_layer_units_exponent_1': 10, 'W_layer_units_exponent_2': 7, 'W_layer_units_exponent_3': 7, 'W_layer_units_exponent_4': 6, 'W_layer_units_exponent_5': 10, 'W_layer_units_exponent_6': 5, 'W_layer_units_exponent_7': 8, 'D_layers': 4, 'D_layer_units_exponent_0': 8, 'D_layer_units_exponent_1': 8, 'D_layer_units_exponent_2': 8, 'D_layer_units_exponent_3': 4, 'D_dagger_layers': 7, 'D_dagger_layer_units_exponent_0': 10, 'D_dagger_layer_units_exponent_1': 10, 'D_dagger_layer_units_exponent_2': 5, 'D_dagger_layer_units_exponent_3': 5, 'D_dagger_layer_units_exponent_4': 4, 'D_dagger_layer_units_exponent_5': 4, 'D_dagger_layer_units_exponent_6': 6, 'log_learning_rate': -4.603515108872381, 'log_learning_rate_D': -3.413854624552117, 'log_learning_rate_D_dagger': -2.896405764786968, 'training_batch_size': 11, 'training_p': 2}. Best is trial 127 with value: 0.28608080744743347.
Time for this trial:  25.109883308410645
Memory status after this trial: 
Memory allocated:  1298.95751953125
Memory cached:  1412.0
--------------------  Trial  136   --------------------
Start timing: 
Parameters: 
{'W_layers': 8, 'W_layer_units_exponent_0': 10, 'W_layer_units_exponent_1': 10, 'W_layer_units_exponent_2': 7, 'W_layer_units_exponent_3': 6, 'W_layer_units_exponent_4': 4, 'W_layer_units_exponent_5': 5, 'W_layer_units_exponent_6': 5, 'W_layer_units_exponent_7': 8, 'D_layers': 3, 'D_layer_units_exponent_0': 8, 'D_layer_units_exponent_1': 4, 'D_layer_units_exponent_2': 8, 'D_dagger_layers': 8, 'D_dagger_layer_units_exponent_0': 10, 'D_dagger_layer_units_exponent_1': 8, 'D_dagger_layer_units_exponent_2': 5, 'D_dagger_layer_units_exponent_3': 6, 'D_dagger_layer_units_exponent_4': 4, 'D_dagger_layer_units_exponent_5': 6, 'D_dagger_layer_units_exponent_6': 10, 'D_dagger_layer_units_exponent_7': 7, 'log_learning_rate': -4.421871046373333, 'log_learning_rate_D': -3.54436340267583, 'log_learning_rate_D_dagger': -2.809087167445349, 'training_batch_size': 11, 'training_p': 2}
	 epoch  0 training error:  tensor(0.9927, device='cuda:0', grad_fn=<DivBackward0>)
Memory status after this epoch: 
Memory allocated:  669.46484375
Memory cached:  874.0
	 epoch  10 training error:  tensor(0.4058, device='cuda:0', grad_fn=<DivBackward0>)
Memory status after this epoch: 
Memory allocated:  669.46484375
Memory cached:  874.0
	 epoch  20 training error:  tensor(0.3511, device='cuda:0', grad_fn=<DivBackward0>)
Memory status after this epoch: 
Memory allocated:  669.46484375
Memory cached:  874.0
	 epoch  30 training error:  tensor(0.2932, device='cuda:0', grad_fn=<DivBackward0>)
Memory status after this epoch: 
Memory allocated:  669.46484375
Memory cached:  874.0
	 epoch  40 training error:  tensor(0.2853, device='cuda:0', grad_fn=<DivBackward0>)
Memory status after this epoch: 
Memory allocated:  669.46484375
Memory cached:  874.0
	 epoch  50 training error:  tensor(0.2851, device='cuda:0', grad_fn=<DivBackward0>)
Memory status after this epoch: 
Memory allocated:  669.46484375
Memory cached:  874.0
	 epoch  60 training error:  tensor(0.2819, device='cuda:0', grad_fn=<DivBackward0>)
Memory status after this epoch: 
Memory allocated:  669.46484375
Memory cached:  874.0
	 epoch  70 training error:  tensor(0.2834, device='cuda:0', grad_fn=<DivBackward0>)
Memory status after this epoch: 
Memory allocated:  669.46484375
Memory cached:  874.0
	 epoch  80 training error:  tensor(0.2849, device='cuda:0', grad_fn=<DivBackward0>)
Memory status after this epoch: 
Memory allocated:  669.46484375
Memory cached:  874.0
	 epoch  90 training error:  tensor(0.2841, device='cuda:0', grad_fn=<DivBackward0>)
Memory status after this epoch: 
Memory allocated:  669.46484375
Memory cached:  874.0
[I 2024-01-13 15:08:20,786] Trial 136 finished with value: 0.2939782738685608 and parameters: {'W_layers': 8, 'W_layer_units_exponent_0': 10, 'W_layer_units_exponent_1': 10, 'W_layer_units_exponent_2': 7, 'W_layer_units_exponent_3': 6, 'W_layer_units_exponent_4': 4, 'W_layer_units_exponent_5': 5, 'W_layer_units_exponent_6': 5, 'W_layer_units_exponent_7': 8, 'D_layers': 3, 'D_layer_units_exponent_0': 8, 'D_layer_units_exponent_1': 4, 'D_layer_units_exponent_2': 8, 'D_dagger_layers': 8, 'D_dagger_layer_units_exponent_0': 10, 'D_dagger_layer_units_exponent_1': 8, 'D_dagger_layer_units_exponent_2': 5, 'D_dagger_layer_units_exponent_3': 6, 'D_dagger_layer_units_exponent_4': 4, 'D_dagger_layer_units_exponent_5': 6, 'D_dagger_layer_units_exponent_6': 10, 'D_dagger_layer_units_exponent_7': 7, 'log_learning_rate': -4.421871046373333, 'log_learning_rate_D': -3.54436340267583, 'log_learning_rate_D_dagger': -2.809087167445349, 'training_batch_size': 11, 'training_p': 2}. Best is trial 127 with value: 0.28608080744743347.
Time for this trial:  23.89471960067749
Memory status after this trial: 
Memory allocated:  1215.74755859375
Memory cached:  1288.0
--------------------  Trial  137   --------------------
Start timing: 
Parameters: 
{'W_layers': 3, 'W_layer_units_exponent_0': 9, 'W_layer_units_exponent_1': 10, 'W_layer_units_exponent_2': 7, 'D_layers': 3, 'D_layer_units_exponent_0': 7, 'D_layer_units_exponent_1': 7, 'D_layer_units_exponent_2': 8, 'D_dagger_layers': 8, 'D_dagger_layer_units_exponent_0': 5, 'D_dagger_layer_units_exponent_1': 7, 'D_dagger_layer_units_exponent_2': 4, 'D_dagger_layer_units_exponent_3': 6, 'D_dagger_layer_units_exponent_4': 4, 'D_dagger_layer_units_exponent_5': 4, 'D_dagger_layer_units_exponent_6': 10, 'D_dagger_layer_units_exponent_7': 6, 'log_learning_rate': -4.706066749117243, 'log_learning_rate_D': -3.350819283167011, 'log_learning_rate_D_dagger': -3.094067451828645, 'training_batch_size': 11, 'training_p': 2}
	 epoch  0 training error:  tensor(1.0511, device='cuda:0', grad_fn=<DivBackward0>)
Memory status after this epoch: 
Memory allocated:  655.41748046875
Memory cached:  874.0
	 epoch  10 training error:  tensor(0.3514, device='cuda:0', grad_fn=<DivBackward0>)
Memory status after this epoch: 
Memory allocated:  655.41748046875
Memory cached:  874.0
	 epoch  20 training error:  tensor(0.3306, device='cuda:0', grad_fn=<DivBackward0>)
Memory status after this epoch: 
Memory allocated:  655.41748046875
Memory cached:  874.0
	 epoch  30 training error:  tensor(0.3120, device='cuda:0', grad_fn=<DivBackward0>)
Memory status after this epoch: 
Memory allocated:  655.41748046875
Memory cached:  874.0
	 epoch  40 training error:  tensor(0.2976, device='cuda:0', grad_fn=<DivBackward0>)
Memory status after this epoch: 
Memory allocated:  655.41748046875
Memory cached:  874.0
	 epoch  50 training error:  tensor(0.2890, device='cuda:0', grad_fn=<DivBackward0>)
Memory status after this epoch: 
Memory allocated:  655.41748046875
Memory cached:  874.0
	 epoch  60 training error:  tensor(0.2867, device='cuda:0', grad_fn=<DivBackward0>)
Memory status after this epoch: 
Memory allocated:  655.41748046875
Memory cached:  874.0
	 epoch  70 training error:  tensor(0.2876, device='cuda:0', grad_fn=<DivBackward0>)
Memory status after this epoch: 
Memory allocated:  655.41748046875
Memory cached:  874.0
	 epoch  80 training error:  tensor(0.2851, device='cuda:0', grad_fn=<DivBackward0>)
Memory status after this epoch: 
Memory allocated:  655.41748046875
Memory cached:  874.0
	 epoch  90 training error:  tensor(0.2792, device='cuda:0', grad_fn=<DivBackward0>)
Memory status after this epoch: 
Memory allocated:  655.41748046875
Memory cached:  874.0
[I 2024-01-13 15:08:42,032] Trial 137 finished with value: 0.2863782048225403 and parameters: {'W_layers': 3, 'W_layer_units_exponent_0': 9, 'W_layer_units_exponent_1': 10, 'W_layer_units_exponent_2': 7, 'D_layers': 3, 'D_layer_units_exponent_0': 7, 'D_layer_units_exponent_1': 7, 'D_layer_units_exponent_2': 8, 'D_dagger_layers': 8, 'D_dagger_layer_units_exponent_0': 5, 'D_dagger_layer_units_exponent_1': 7, 'D_dagger_layer_units_exponent_2': 4, 'D_dagger_layer_units_exponent_3': 6, 'D_dagger_layer_units_exponent_4': 4, 'D_dagger_layer_units_exponent_5': 4, 'D_dagger_layer_units_exponent_6': 10, 'D_dagger_layer_units_exponent_7': 6, 'log_learning_rate': -4.706066749117243, 'log_learning_rate_D': -3.350819283167011, 'log_learning_rate_D_dagger': -3.094067451828645, 'training_batch_size': 11, 'training_p': 2}. Best is trial 127 with value: 0.28608080744743347.
Time for this trial:  20.847944021224976
Memory status after this trial: 
Memory allocated:  975.87060546875
Memory cached:  1028.0
--------------------  Trial  138   --------------------
Start timing: 
Parameters: 
{'W_layers': 3, 'W_layer_units_exponent_0': 9, 'W_layer_units_exponent_1': 9, 'W_layer_units_exponent_2': 7, 'D_layers': 3, 'D_layer_units_exponent_0': 9, 'D_layer_units_exponent_1': 7, 'D_layer_units_exponent_2': 8, 'D_dagger_layers': 7, 'D_dagger_layer_units_exponent_0': 4, 'D_dagger_layer_units_exponent_1': 7, 'D_dagger_layer_units_exponent_2': 4, 'D_dagger_layer_units_exponent_3': 6, 'D_dagger_layer_units_exponent_4': 4, 'D_dagger_layer_units_exponent_5': 4, 'D_dagger_layer_units_exponent_6': 10, 'log_learning_rate': -4.4918942564400695, 'log_learning_rate_D': -3.892643321956853, 'log_learning_rate_D_dagger': -3.0949231007835225, 'training_batch_size': 11, 'training_p': 2}
	 epoch  0 training error:  tensor(0.9192, device='cuda:0', grad_fn=<DivBackward0>)
Memory status after this epoch: 
Memory allocated:  649.1572265625
Memory cached:  874.0
	 epoch  10 training error:  tensor(0.4920, device='cuda:0', grad_fn=<DivBackward0>)
Memory status after this epoch: 
Memory allocated:  649.1572265625
Memory cached:  874.0
	 epoch  20 training error:  tensor(0.4136, device='cuda:0', grad_fn=<DivBackward0>)
Memory status after this epoch: 
Memory allocated:  649.1572265625
Memory cached:  874.0
	 epoch  30 training error:  tensor(0.3121, device='cuda:0', grad_fn=<DivBackward0>)
Memory status after this epoch: 
Memory allocated:  649.1572265625
Memory cached:  874.0
	 epoch  40 training error:  tensor(0.2992, device='cuda:0', grad_fn=<DivBackward0>)
Memory status after this epoch: 
Memory allocated:  649.1572265625
Memory cached:  874.0
	 epoch  50 training error:  tensor(0.2934, device='cuda:0', grad_fn=<DivBackward0>)
Memory status after this epoch: 
Memory allocated:  649.1572265625
Memory cached:  874.0
	 epoch  60 training error:  tensor(0.2906, device='cuda:0', grad_fn=<DivBackward0>)
Memory status after this epoch: 
Memory allocated:  649.1572265625
Memory cached:  874.0
	 epoch  70 training error:  tensor(0.2876, device='cuda:0', grad_fn=<DivBackward0>)
Memory status after this epoch: 
Memory allocated:  649.1572265625
Memory cached:  874.0
	 epoch  80 training error:  tensor(0.2890, device='cuda:0', grad_fn=<DivBackward0>)
Memory status after this epoch: 
Memory allocated:  649.1572265625
Memory cached:  874.0
	 epoch  90 training error:  tensor(0.2827, device='cuda:0', grad_fn=<DivBackward0>)
Memory status after this epoch: 
Memory allocated:  649.1572265625
Memory cached:  874.0
[I 2024-01-13 15:09:02,180] Trial 138 finished with value: 0.2905915081501007 and parameters: {'W_layers': 3, 'W_layer_units_exponent_0': 9, 'W_layer_units_exponent_1': 9, 'W_layer_units_exponent_2': 7, 'D_layers': 3, 'D_layer_units_exponent_0': 9, 'D_layer_units_exponent_1': 7, 'D_layer_units_exponent_2': 8, 'D_dagger_layers': 7, 'D_dagger_layer_units_exponent_0': 4, 'D_dagger_layer_units_exponent_1': 7, 'D_dagger_layer_units_exponent_2': 4, 'D_dagger_layer_units_exponent_3': 6, 'D_dagger_layer_units_exponent_4': 4, 'D_dagger_layer_units_exponent_5': 4, 'D_dagger_layer_units_exponent_6': 10, 'log_learning_rate': -4.4918942564400695, 'log_learning_rate_D': -3.892643321956853, 'log_learning_rate_D_dagger': -3.0949231007835225, 'training_batch_size': 11, 'training_p': 2}. Best is trial 127 with value: 0.28608080744743347.
Time for this trial:  19.763365507125854
Memory status after this trial: 
Memory allocated:  892.81982421875
Memory cached:  938.0
--------------------  Trial  139   --------------------
Start timing: 
Parameters: 
{'W_layers': 3, 'W_layer_units_exponent_0': 9, 'W_layer_units_exponent_1': 10, 'W_layer_units_exponent_2': 7, 'D_layers': 3, 'D_layer_units_exponent_0': 8, 'D_layer_units_exponent_1': 7, 'D_layer_units_exponent_2': 8, 'D_dagger_layers': 5, 'D_dagger_layer_units_exponent_0': 5, 'D_dagger_layer_units_exponent_1': 7, 'D_dagger_layer_units_exponent_2': 4, 'D_dagger_layer_units_exponent_3': 6, 'D_dagger_layer_units_exponent_4': 9, 'log_learning_rate': -4.676688755467357, 'log_learning_rate_D': -2.9352837923505657, 'log_learning_rate_D_dagger': -3.2489806809297836, 'training_batch_size': 10, 'training_p': 2}
	 epoch  0 training error:  tensor(0.8493, device='cuda:0', grad_fn=<DivBackward0>)
Memory status after this epoch: 
Memory allocated:  654.703125
Memory cached:  874.0
	 epoch  10 training error:  tensor(0.4517, device='cuda:0', grad_fn=<DivBackward0>)
Memory status after this epoch: 
Memory allocated:  654.703125
Memory cached:  874.0
	 epoch  20 training error:  tensor(0.3362, device='cuda:0', grad_fn=<DivBackward0>)
Memory status after this epoch: 
Memory allocated:  654.703125
Memory cached:  874.0
	 epoch  30 training error:  tensor(0.2970, device='cuda:0', grad_fn=<DivBackward0>)
Memory status after this epoch: 
Memory allocated:  654.703125
Memory cached:  874.0
	 epoch  40 training error:  tensor(0.2906, device='cuda:0', grad_fn=<DivBackward0>)
Memory status after this epoch: 
Memory allocated:  654.703125
Memory cached:  874.0
	 epoch  50 training error:  tensor(0.2890, device='cuda:0', grad_fn=<DivBackward0>)
Memory status after this epoch: 
Memory allocated:  654.703125
Memory cached:  874.0
	 epoch  60 training error:  tensor(0.2847, device='cuda:0', grad_fn=<DivBackward0>)
Memory status after this epoch: 
Memory allocated:  654.703125
Memory cached:  874.0
	 epoch  70 training error:  tensor(0.2849, device='cuda:0', grad_fn=<DivBackward0>)
Memory status after this epoch: 
Memory allocated:  654.703125
Memory cached:  874.0
	 epoch  80 training error:  tensor(0.2832, device='cuda:0', grad_fn=<DivBackward0>)
Memory status after this epoch: 
Memory allocated:  654.703125
Memory cached:  874.0
	 epoch  90 training error:  tensor(0.2881, device='cuda:0', grad_fn=<DivBackward0>)
Memory status after this epoch: 
Memory allocated:  654.703125
Memory cached:  874.0
[I 2024-01-13 15:09:22,035] Trial 139 finished with value: 0.28990912437438965 and parameters: {'W_layers': 3, 'W_layer_units_exponent_0': 9, 'W_layer_units_exponent_1': 10, 'W_layer_units_exponent_2': 7, 'D_layers': 3, 'D_layer_units_exponent_0': 8, 'D_layer_units_exponent_1': 7, 'D_layer_units_exponent_2': 8, 'D_dagger_layers': 5, 'D_dagger_layer_units_exponent_0': 5, 'D_dagger_layer_units_exponent_1': 7, 'D_dagger_layer_units_exponent_2': 4, 'D_dagger_layer_units_exponent_3': 6, 'D_dagger_layer_units_exponent_4': 9, 'log_learning_rate': -4.676688755467357, 'log_learning_rate_D': -2.9352837923505657, 'log_learning_rate_D_dagger': -3.2489806809297836, 'training_batch_size': 10, 'training_p': 2}. Best is trial 127 with value: 0.28608080744743347.
Time for this trial:  19.466320514678955
Memory status after this trial: 
Memory allocated:  901.50146484375
Memory cached:  950.0
--------------------  Trial  140   --------------------
Start timing: 
Parameters: 
{'W_layers': 4, 'W_layer_units_exponent_0': 9, 'W_layer_units_exponent_1': 10, 'W_layer_units_exponent_2': 7, 'W_layer_units_exponent_3': 7, 'D_layers': 3, 'D_layer_units_exponent_0': 7, 'D_layer_units_exponent_1': 7, 'D_layer_units_exponent_2': 7, 'D_dagger_layers': 7, 'D_dagger_layer_units_exponent_0': 10, 'D_dagger_layer_units_exponent_1': 7, 'D_dagger_layer_units_exponent_2': 5, 'D_dagger_layer_units_exponent_3': 5, 'D_dagger_layer_units_exponent_4': 4, 'D_dagger_layer_units_exponent_5': 4, 'D_dagger_layer_units_exponent_6': 10, 'log_learning_rate': -4.831495749081239, 'log_learning_rate_D': -3.69982801615288, 'log_learning_rate_D_dagger': -3.413703620227866, 'training_batch_size': 11, 'training_p': 3}
	 epoch  0 training error:  tensor(1.0411, device='cuda:0', grad_fn=<DivBackward0>)
Memory status after this epoch: 
Memory allocated:  656.60595703125
Memory cached:  874.0
	 epoch  10 training error:  tensor(0.4632, device='cuda:0', grad_fn=<DivBackward0>)
Memory status after this epoch: 
Memory allocated:  656.60595703125
Memory cached:  874.0
	 epoch  20 training error:  tensor(0.4121, device='cuda:0', grad_fn=<DivBackward0>)
Memory status after this epoch: 
Memory allocated:  656.60595703125
Memory cached:  874.0
	 epoch  30 training error:  tensor(0.3884, device='cuda:0', grad_fn=<DivBackward0>)
Memory status after this epoch: 
Memory allocated:  656.60595703125
Memory cached:  874.0
	 epoch  40 training error:  tensor(0.3794, device='cuda:0', grad_fn=<DivBackward0>)
Memory status after this epoch: 
Memory allocated:  656.60595703125
Memory cached:  874.0
	 epoch  50 training error:  tensor(0.3749, device='cuda:0', grad_fn=<DivBackward0>)
Memory status after this epoch: 
Memory allocated:  656.60595703125
Memory cached:  874.0
	 epoch  60 training error:  tensor(0.3720, device='cuda:0', grad_fn=<DivBackward0>)
Memory status after this epoch: 
Memory allocated:  656.60595703125
Memory cached:  874.0
	 epoch  70 training error:  tensor(0.3757, device='cuda:0', grad_fn=<DivBackward0>)
Memory status after this epoch: 
Memory allocated:  656.60595703125
Memory cached:  874.0
	 epoch  80 training error:  tensor(0.3708, device='cuda:0', grad_fn=<DivBackward0>)
Memory status after this epoch: 
Memory allocated:  656.60595703125
Memory cached:  874.0
	 epoch  90 training error:  tensor(0.3710, device='cuda:0', grad_fn=<DivBackward0>)
Memory status after this epoch: 
Memory allocated:  656.60595703125
Memory cached:  874.0
