[I 2023-12-03 00:44:34,926] Trial 29 finished with value: 0.053107596933841705 and parameters: {'W_layers': 6, 'W_layer_units_exponent_0': 8, 'W_layer_units_exponent_1': 7, 'W_layer_units_exponent_2': 9, 'W_layer_units_exponent_3': 4, 'W_layer_units_exponent_4': 8, 'W_layer_units_exponent_5': 8, 'D_layers': 4, 'D_layer_units_exponent_0': 6, 'D_layer_units_exponent_1': 6, 'D_layer_units_exponent_2': 7, 'D_layer_units_exponent_3': 4, 'D_dagger_layers': 5, 'D_dagger_layer_units_exponent_0': 8, 'D_dagger_layer_units_exponent_1': 6, 'D_dagger_layer_units_exponent_2': 9, 'D_dagger_layer_units_exponent_3': 5, 'D_dagger_layer_units_exponent_4': 9, 'log_learning_rate': -3.513514907277164, 'log_learning_rate_D': -3.273244931869779, 'log_learning_rate_D_dagger': -3.6603510048580623, 'training_batch_size': 10, 'training_p': 5}. Best is trial 13 with value: 0.042232122272253036.
Time for this trial:  188.61583042144775
Memory status after this trial: 
Memory allocated:  582.5654296875
Memory cached:  728.0
--------------------  Trial  30   --------------------
Start timing: 
Parameters: 
{'W_layers': 5, 'W_layer_units_exponent_0': 10, 'W_layer_units_exponent_1': 8, 'W_layer_units_exponent_2': 9, 'W_layer_units_exponent_3': 9, 'W_layer_units_exponent_4': 6, 'D_layers': 4, 'D_layer_units_exponent_0': 7, 'D_layer_units_exponent_1': 5, 'D_layer_units_exponent_2': 6, 'D_layer_units_exponent_3': 4, 'D_dagger_layers': 5, 'D_dagger_layer_units_exponent_0': 9, 'D_dagger_layer_units_exponent_1': 8, 'D_dagger_layer_units_exponent_2': 8, 'D_dagger_layer_units_exponent_3': 9, 'D_dagger_layer_units_exponent_4': 9, 'log_learning_rate': -3.012487231126204, 'log_learning_rate_D': -3.4980288229004515, 'log_learning_rate_D_dagger': -3.1122139697060196, 'training_batch_size': 11, 'training_p': 4}
	 epoch  0 training error:  tensor(0.8982, device='cuda:0', grad_fn=<DivBackward0>)
Memory status after this epoch: 
Memory allocated:  441.63134765625
Memory cached:  708.0
	 epoch  10 training error:  tensor(0.3255, device='cuda:0', grad_fn=<DivBackward0>)
Memory status after this epoch: 
Memory allocated:  441.63134765625
Memory cached:  738.0
	 epoch  20 training error:  tensor(0.3733, device='cuda:0', grad_fn=<DivBackward0>)
Memory status after this epoch: 
Memory allocated:  441.63134765625
Memory cached:  742.0
	 epoch  30 training error:  tensor(0.1197, device='cuda:0', grad_fn=<DivBackward0>)
Memory status after this epoch: 
Memory allocated:  441.63134765625
Memory cached:  742.0
	 epoch  40 training error:  tensor(0.1410, device='cuda:0', grad_fn=<DivBackward0>)
Memory status after this epoch: 
Memory allocated:  441.63134765625
Memory cached:  736.0
	 epoch  50 training error:  tensor(0.0970, device='cuda:0', grad_fn=<DivBackward0>)
Memory status after this epoch: 
Memory allocated:  441.63134765625
Memory cached:  730.0
	 epoch  60 training error:  tensor(0.0734, device='cuda:0', grad_fn=<DivBackward0>)
Memory status after this epoch: 
Memory allocated:  441.63134765625
Memory cached:  738.0
	 epoch  70 training error:  tensor(0.0921, device='cuda:0', grad_fn=<DivBackward0>)
Memory status after this epoch: 
Memory allocated:  441.63134765625
Memory cached:  738.0
	 epoch  80 training error:  tensor(0.0774, device='cuda:0', grad_fn=<DivBackward0>)
Memory status after this epoch: 
Memory allocated:  441.63134765625
Memory cached:  734.0
	 epoch  90 training error:  tensor(0.0719, device='cuda:0', grad_fn=<DivBackward0>)
Memory status after this epoch: 
Memory allocated:  441.63134765625
Memory cached:  734.0
[I 2023-12-03 00:47:50,878] Trial 30 finished with value: 0.07229708880186081 and parameters: {'W_layers': 5, 'W_layer_units_exponent_0': 10, 'W_layer_units_exponent_1': 8, 'W_layer_units_exponent_2': 9, 'W_layer_units_exponent_3': 9, 'W_layer_units_exponent_4': 6, 'D_layers': 4, 'D_layer_units_exponent_0': 7, 'D_layer_units_exponent_1': 5, 'D_layer_units_exponent_2': 6, 'D_layer_units_exponent_3': 4, 'D_dagger_layers': 5, 'D_dagger_layer_units_exponent_0': 9, 'D_dagger_layer_units_exponent_1': 8, 'D_dagger_layer_units_exponent_2': 8, 'D_dagger_layer_units_exponent_3': 9, 'D_dagger_layer_units_exponent_4': 9, 'log_learning_rate': -3.012487231126204, 'log_learning_rate_D': -3.4980288229004515, 'log_learning_rate_D_dagger': -3.1122139697060196, 'training_batch_size': 11, 'training_p': 4}. Best is trial 13 with value: 0.042232122272253036.
Time for this trial:  195.67746806144714
Memory status after this trial: 
Memory allocated:  676.21728515625
Memory cached:  720.0
--------------------  Trial  31   --------------------
Start timing: 
Parameters: 
{'W_layers': 4, 'W_layer_units_exponent_0': 9, 'W_layer_units_exponent_1': 9, 'W_layer_units_exponent_2': 6, 'W_layer_units_exponent_3': 5, 'D_layers': 5, 'D_layer_units_exponent_0': 5, 'D_layer_units_exponent_1': 5, 'D_layer_units_exponent_2': 6, 'D_layer_units_exponent_3': 5, 'D_layer_units_exponent_4': 10, 'D_dagger_layers': 6, 'D_dagger_layer_units_exponent_0': 9, 'D_dagger_layer_units_exponent_1': 8, 'D_dagger_layer_units_exponent_2': 7, 'D_dagger_layer_units_exponent_3': 4, 'D_dagger_layer_units_exponent_4': 8, 'D_dagger_layer_units_exponent_5': 8, 'log_learning_rate': -3.8423580006826907, 'log_learning_rate_D': -4.049456221589548, 'log_learning_rate_D_dagger': -4.132002585749594, 'training_batch_size': 11, 'training_p': 3}
	 epoch  0 training error:  tensor(0.4743, device='cuda:0', grad_fn=<DivBackward0>)
Memory status after this epoch: 
Memory allocated:  430.71728515625
Memory cached:  720.0
	 epoch  10 training error:  tensor(0.1249, device='cuda:0', grad_fn=<DivBackward0>)
Memory status after this epoch: 
Memory allocated:  430.71728515625
Memory cached:  754.0
	 epoch  20 training error:  tensor(0.1279, device='cuda:0', grad_fn=<DivBackward0>)
Memory status after this epoch: 
Memory allocated:  430.71728515625
Memory cached:  742.0
	 epoch  30 training error:  tensor(0.0830, device='cuda:0', grad_fn=<DivBackward0>)
Memory status after this epoch: 
Memory allocated:  430.71728515625
Memory cached:  752.0
	 epoch  40 training error:  tensor(0.0816, device='cuda:0', grad_fn=<DivBackward0>)
Memory status after this epoch: 
Memory allocated:  430.71728515625
Memory cached:  748.0
	 epoch  50 training error:  tensor(0.0805, device='cuda:0', grad_fn=<DivBackward0>)
Memory status after this epoch: 
Memory allocated:  430.71728515625
Memory cached:  748.0
	 epoch  60 training error:  tensor(0.0734, device='cuda:0', grad_fn=<DivBackward0>)
Memory status after this epoch: 
Memory allocated:  430.71728515625
Memory cached:  748.0
	 epoch  70 training error:  tensor(0.0623, device='cuda:0', grad_fn=<DivBackward0>)
Memory status after this epoch: 
Memory allocated:  430.71728515625
Memory cached:  748.0
	 epoch  80 training error:  tensor(0.0545, device='cuda:0', grad_fn=<DivBackward0>)
Memory status after this epoch: 
Memory allocated:  430.71728515625
Memory cached:  750.0
	 epoch  90 training error:  tensor(0.0515, device='cuda:0', grad_fn=<DivBackward0>)
Memory status after this epoch: 
Memory allocated:  430.71728515625
Memory cached:  752.0
[I 2023-12-03 00:51:03,843] Trial 31 finished with value: 0.04901713505387306 and parameters: {'W_layers': 4, 'W_layer_units_exponent_0': 9, 'W_layer_units_exponent_1': 9, 'W_layer_units_exponent_2': 6, 'W_layer_units_exponent_3': 5, 'D_layers': 5, 'D_layer_units_exponent_0': 5, 'D_layer_units_exponent_1': 5, 'D_layer_units_exponent_2': 6, 'D_layer_units_exponent_3': 5, 'D_layer_units_exponent_4': 10, 'D_dagger_layers': 6, 'D_dagger_layer_units_exponent_0': 9, 'D_dagger_layer_units_exponent_1': 8, 'D_dagger_layer_units_exponent_2': 7, 'D_dagger_layer_units_exponent_3': 4, 'D_dagger_layer_units_exponent_4': 8, 'D_dagger_layer_units_exponent_5': 8, 'log_learning_rate': -3.8423580006826907, 'log_learning_rate_D': -4.049456221589548, 'log_learning_rate_D_dagger': -4.132002585749594, 'training_batch_size': 11, 'training_p': 3}. Best is trial 13 with value: 0.042232122272253036.
Time for this trial:  192.68733644485474
Memory status after this trial: 
Memory allocated:  615.30517578125
Memory cached:  724.0
--------------------  Trial  32   --------------------
Start timing: 
Parameters: 
{'W_layers': 3, 'W_layer_units_exponent_0': 10, 'W_layer_units_exponent_1': 8, 'W_layer_units_exponent_2': 7, 'D_layers': 4, 'D_layer_units_exponent_0': 6, 'D_layer_units_exponent_1': 5, 'D_layer_units_exponent_2': 5, 'D_layer_units_exponent_3': 6, 'D_dagger_layers': 6, 'D_dagger_layer_units_exponent_0': 10, 'D_dagger_layer_units_exponent_1': 7, 'D_dagger_layer_units_exponent_2': 7, 'D_dagger_layer_units_exponent_3': 5, 'D_dagger_layer_units_exponent_4': 9, 'D_dagger_layer_units_exponent_5': 7, 'log_learning_rate': -4.341621306521076, 'log_learning_rate_D': -3.726549173798156, 'log_learning_rate_D_dagger': -3.7681883946177104, 'training_batch_size': 11, 'training_p': 3}
	 epoch  0 training error:  tensor(0.9306, device='cuda:0', grad_fn=<DivBackward0>)
Memory status after this epoch: 
Memory allocated:  430.15673828125
Memory cached:  698.0
	 epoch  10 training error:  tensor(0.1082, device='cuda:0', grad_fn=<DivBackward0>)
Memory status after this epoch: 
Memory allocated:  430.15673828125
Memory cached:  712.0
	 epoch  20 training error:  tensor(0.1415, device='cuda:0', grad_fn=<DivBackward0>)
Memory status after this epoch: 
Memory allocated:  430.15673828125
Memory cached:  716.0
	 epoch  30 training error:  tensor(0.1114, device='cuda:0', grad_fn=<DivBackward0>)
Memory status after this epoch: 
Memory allocated:  430.15673828125
Memory cached:  718.0
	 epoch  40 training error:  tensor(0.0849, device='cuda:0', grad_fn=<DivBackward0>)
Memory status after this epoch: 
Memory allocated:  430.15673828125
Memory cached:  708.0
	 epoch  50 training error:  tensor(0.0836, device='cuda:0', grad_fn=<DivBackward0>)
Memory status after this epoch: 
Memory allocated:  430.15673828125
Memory cached:  720.0
	 epoch  60 training error:  tensor(0.0734, device='cuda:0', grad_fn=<DivBackward0>)
Memory status after this epoch: 
Memory allocated:  430.15673828125
Memory cached:  718.0
	 epoch  70 training error:  tensor(0.0590, device='cuda:0', grad_fn=<DivBackward0>)
Memory status after this epoch: 
Memory allocated:  430.15673828125
Memory cached:  720.0
	 epoch  80 training error:  tensor(0.0536, device='cuda:0', grad_fn=<DivBackward0>)
Memory status after this epoch: 
Memory allocated:  430.15673828125
Memory cached:  712.0
	 epoch  90 training error:  tensor(0.0484, device='cuda:0', grad_fn=<DivBackward0>)
Memory status after this epoch: 
Memory allocated:  430.15673828125
Memory cached:  712.0
[I 2023-12-03 00:54:03,206] Trial 32 finished with value: 0.043496113270521164 and parameters: {'W_layers': 3, 'W_layer_units_exponent_0': 10, 'W_layer_units_exponent_1': 8, 'W_layer_units_exponent_2': 7, 'D_layers': 4, 'D_layer_units_exponent_0': 6, 'D_layer_units_exponent_1': 5, 'D_layer_units_exponent_2': 5, 'D_layer_units_exponent_3': 6, 'D_dagger_layers': 6, 'D_dagger_layer_units_exponent_0': 10, 'D_dagger_layer_units_exponent_1': 7, 'D_dagger_layer_units_exponent_2': 7, 'D_dagger_layer_units_exponent_3': 5, 'D_dagger_layer_units_exponent_4': 9, 'D_dagger_layer_units_exponent_5': 7, 'log_learning_rate': -4.341621306521076, 'log_learning_rate_D': -3.726549173798156, 'log_learning_rate_D_dagger': -3.7681883946177104, 'training_batch_size': 11, 'training_p': 3}. Best is trial 13 with value: 0.042232122272253036.
Time for this trial:  179.09553050994873
Memory status after this trial: 
Memory allocated:  613.4794921875
Memory cached:  706.0
--------------------  Trial  33   --------------------
Start timing: 
Parameters: 
{'W_layers': 3, 'W_layer_units_exponent_0': 10, 'W_layer_units_exponent_1': 8, 'W_layer_units_exponent_2': 8, 'D_layers': 3, 'D_layer_units_exponent_0': 6, 'D_layer_units_exponent_1': 6, 'D_layer_units_exponent_2': 4, 'D_dagger_layers': 4, 'D_dagger_layer_units_exponent_0': 10, 'D_dagger_layer_units_exponent_1': 6, 'D_dagger_layer_units_exponent_2': 8, 'D_dagger_layer_units_exponent_3': 5, 'log_learning_rate': -4.3915953155053895, 'log_learning_rate_D': -3.6651803263379747, 'log_learning_rate_D_dagger': -3.262642097908282, 'training_batch_size': 12, 'training_p': 2}
	 epoch  0 training error:  tensor(0.5541, device='cuda:0', grad_fn=<DivBackward0>)
Memory status after this epoch: 
Memory allocated:  428.46337890625
Memory cached:  708.0
	 epoch  10 training error:  tensor(0.4205, device='cuda:0', grad_fn=<DivBackward0>)
Memory status after this epoch: 
Memory allocated:  428.46337890625
Memory cached:  748.0
	 epoch  20 training error:  tensor(0.1367, device='cuda:0', grad_fn=<DivBackward0>)
Memory status after this epoch: 
Memory allocated:  428.46337890625
Memory cached:  744.0
	 epoch  30 training error:  tensor(0.1065, device='cuda:0', grad_fn=<DivBackward0>)
Memory status after this epoch: 
Memory allocated:  428.46337890625
Memory cached:  746.0
	 epoch  40 training error:  tensor(0.0799, device='cuda:0', grad_fn=<DivBackward0>)
Memory status after this epoch: 
Memory allocated:  428.46337890625
Memory cached:  750.0
	 epoch  50 training error:  tensor(0.0738, device='cuda:0', grad_fn=<DivBackward0>)
Memory status after this epoch: 
Memory allocated:  428.46337890625
Memory cached:  742.0
	 epoch  60 training error:  tensor(0.0651, device='cuda:0', grad_fn=<DivBackward0>)
Memory status after this epoch: 
Memory allocated:  428.46337890625
Memory cached:  750.0
	 epoch  70 training error:  tensor(0.0531, device='cuda:0', grad_fn=<DivBackward0>)
Memory status after this epoch: 
Memory allocated:  428.46337890625
Memory cached:  746.0
	 epoch  80 training error:  tensor(0.0487, device='cuda:0', grad_fn=<DivBackward0>)
Memory status after this epoch: 
Memory allocated:  428.46337890625
Memory cached:  736.0
	 epoch  90 training error:  tensor(0.0457, device='cuda:0', grad_fn=<DivBackward0>)
Memory status after this epoch: 
Memory allocated:  428.46337890625
Memory cached:  740.0
[I 2023-12-03 00:56:36,096] Trial 33 finished with value: 0.05628710985183716 and parameters: {'W_layers': 3, 'W_layer_units_exponent_0': 10, 'W_layer_units_exponent_1': 8, 'W_layer_units_exponent_2': 8, 'D_layers': 3, 'D_layer_units_exponent_0': 6, 'D_layer_units_exponent_1': 6, 'D_layer_units_exponent_2': 4, 'D_dagger_layers': 4, 'D_dagger_layer_units_exponent_0': 10, 'D_dagger_layer_units_exponent_1': 6, 'D_dagger_layer_units_exponent_2': 8, 'D_dagger_layer_units_exponent_3': 5, 'log_learning_rate': -4.3915953155053895, 'log_learning_rate_D': -3.6651803263379747, 'log_learning_rate_D_dagger': -3.262642097908282, 'training_batch_size': 12, 'training_p': 2}. Best is trial 13 with value: 0.042232122272253036.
Time for this trial:  152.6307303905487
Memory status after this trial: 
Memory allocated:  586.4326171875
Memory cached:  734.0
--------------------  Trial  34   --------------------
Start timing: 
Parameters: 
{'W_layers': 2, 'W_layer_units_exponent_0': 10, 'W_layer_units_exponent_1': 7, 'D_layers': 4, 'D_layer_units_exponent_0': 7, 'D_layer_units_exponent_1': 5, 'D_layer_units_exponent_2': 5, 'D_layer_units_exponent_3': 6, 'D_dagger_layers': 5, 'D_dagger_layer_units_exponent_0': 10, 'D_dagger_layer_units_exponent_1': 5, 'D_dagger_layer_units_exponent_2': 7, 'D_dagger_layer_units_exponent_3': 6, 'D_dagger_layer_units_exponent_4': 9, 'log_learning_rate': -4.543947388491094, 'log_learning_rate_D': -3.274608095540596, 'log_learning_rate_D_dagger': -3.6898059040044884, 'training_batch_size': 10, 'training_p': 3}
	 epoch  0 training error:  tensor(0.1837, device='cuda:0', grad_fn=<DivBackward0>)
Memory status after this epoch: 
Memory allocated:  425.31298828125
Memory cached:  708.0
	 epoch  10 training error:  tensor(0.1027, device='cuda:0', grad_fn=<DivBackward0>)
Memory status after this epoch: 
Memory allocated:  425.31298828125
Memory cached:  726.0
	 epoch  20 training error:  tensor(0.0756, device='cuda:0', grad_fn=<DivBackward0>)
Memory status after this epoch: 
Memory allocated:  425.31298828125
Memory cached:  730.0
	 epoch  30 training error:  tensor(0.0606, device='cuda:0', grad_fn=<DivBackward0>)
Memory status after this epoch: 
Memory allocated:  425.31298828125
Memory cached:  734.0
	 epoch  40 training error:  tensor(0.0561, device='cuda:0', grad_fn=<DivBackward0>)
Memory status after this epoch: 
Memory allocated:  425.31298828125
Memory cached:  728.0
	 epoch  50 training error:  tensor(0.0516, device='cuda:0', grad_fn=<DivBackward0>)
Memory status after this epoch: 
Memory allocated:  425.31298828125
Memory cached:  728.0
	 epoch  60 training error:  tensor(0.0454, device='cuda:0', grad_fn=<DivBackward0>)
Memory status after this epoch: 
Memory allocated:  425.31298828125
Memory cached:  728.0
	 epoch  70 training error:  tensor(0.0446, device='cuda:0', grad_fn=<DivBackward0>)
Memory status after this epoch: 
Memory allocated:  425.31298828125
Memory cached:  732.0
	 epoch  80 training error:  tensor(0.0504, device='cuda:0', grad_fn=<DivBackward0>)
Memory status after this epoch: 
Memory allocated:  425.31298828125
Memory cached:  730.0
	 epoch  90 training error:  tensor(0.0387, device='cuda:0', grad_fn=<DivBackward0>)
Memory status after this epoch: 
Memory allocated:  425.31298828125
Memory cached:  730.0
[I 2023-12-03 00:59:15,003] Trial 34 finished with value: 0.04209517315030098 and parameters: {'W_layers': 2, 'W_layer_units_exponent_0': 10, 'W_layer_units_exponent_1': 7, 'D_layers': 4, 'D_layer_units_exponent_0': 7, 'D_layer_units_exponent_1': 5, 'D_layer_units_exponent_2': 5, 'D_layer_units_exponent_3': 6, 'D_dagger_layers': 5, 'D_dagger_layer_units_exponent_0': 10, 'D_dagger_layer_units_exponent_1': 5, 'D_dagger_layer_units_exponent_2': 7, 'D_dagger_layer_units_exponent_3': 6, 'D_dagger_layer_units_exponent_4': 9, 'log_learning_rate': -4.543947388491094, 'log_learning_rate_D': -3.274608095540596, 'log_learning_rate_D_dagger': -3.6898059040044884, 'training_batch_size': 10, 'training_p': 3}. Best is trial 34 with value: 0.04209517315030098.
res:  tensor(0.0421, device='cuda:0', grad_fn=<DivBackward0>)
self.bestValue:  tensor(0.0422, device='cuda:0', grad_fn=<DivBackward0>)
Save this model!
Time for this trial:  158.65140914916992
Memory status after this trial: 
Memory allocated:  165.79833984375
Memory cached:  558.0
--------------------  Trial  35   --------------------
Start timing: 
Parameters: 
{'W_layers': 2, 'W_layer_units_exponent_0': 8, 'W_layer_units_exponent_1': 6, 'D_layers': 3, 'D_layer_units_exponent_0': 7, 'D_layer_units_exponent_1': 4, 'D_layer_units_exponent_2': 5, 'D_dagger_layers': 5, 'D_dagger_layer_units_exponent_0': 10, 'D_dagger_layer_units_exponent_1': 5, 'D_dagger_layer_units_exponent_2': 8, 'D_dagger_layer_units_exponent_3': 6, 'D_dagger_layer_units_exponent_4': 9, 'log_learning_rate': -4.527379146876994, 'log_learning_rate_D': -3.2009899250655036, 'log_learning_rate_D_dagger': -3.7059807470688537, 'training_batch_size': 10, 'training_p': 3}
	 epoch  0 training error:  tensor(3.2349, device='cuda:0', grad_fn=<DivBackward0>)
Memory status after this epoch: 
Memory allocated:  167.58642578125
Memory cached:  532.0
	 epoch  10 training error:  tensor(1.1928, device='cuda:0', grad_fn=<DivBackward0>)
Memory status after this epoch: 
Memory allocated:  167.58642578125
Memory cached:  530.0
	 epoch  20 training error:  tensor(0.4867, device='cuda:0', grad_fn=<DivBackward0>)
Memory status after this epoch: 
Memory allocated:  167.58642578125
Memory cached:  532.0
	 epoch  30 training error:  tensor(0.3696, device='cuda:0', grad_fn=<DivBackward0>)
Memory status after this epoch: 
Memory allocated:  167.58642578125
Memory cached:  530.0
	 epoch  40 training error:  tensor(0.1933, device='cuda:0', grad_fn=<DivBackward0>)
Memory status after this epoch: 
Memory allocated:  167.58642578125
Memory cached:  530.0
	 epoch  50 training error:  tensor(0.0940, device='cuda:0', grad_fn=<DivBackward0>)
Memory status after this epoch: 
Memory allocated:  167.58642578125
Memory cached:  530.0
	 epoch  60 training error:  tensor(0.0678, device='cuda:0', grad_fn=<DivBackward0>)
Memory status after this epoch: 
Memory allocated:  167.58642578125
Memory cached:  530.0
	 epoch  70 training error:  tensor(0.0533, device='cuda:0', grad_fn=<DivBackward0>)
Memory status after this epoch: 
Memory allocated:  167.58642578125
Memory cached:  532.0
	 epoch  80 training error:  tensor(0.0475, device='cuda:0', grad_fn=<DivBackward0>)
Memory status after this epoch: 
Memory allocated:  167.58642578125
Memory cached:  530.0
	 epoch  90 training error:  tensor(0.0423, device='cuda:0', grad_fn=<DivBackward0>)
Memory status after this epoch: 
Memory allocated:  167.58642578125
Memory cached:  530.0
