[I 2024-01-13 18:07:05,861] Trial 170 finished with value: 0.09019552916288376 and parameters: {'W_layers': 8, 'W_layer_units_exponent_0': 4, 'W_layer_units_exponent_1': 10, 'W_layer_units_exponent_2': 9, 'W_layer_units_exponent_3': 6, 'W_layer_units_exponent_4': 10, 'W_layer_units_exponent_5': 5, 'W_layer_units_exponent_6': 5, 'W_layer_units_exponent_7': 10, 'D_layers': 7, 'D_layer_units_exponent_0': 10, 'D_layer_units_exponent_1': 6, 'D_layer_units_exponent_2': 8, 'D_layer_units_exponent_3': 6, 'D_layer_units_exponent_4': 10, 'D_layer_units_exponent_5': 8, 'D_layer_units_exponent_6': 5, 'D_dagger_layers': 8, 'D_dagger_layer_units_exponent_0': 6, 'D_dagger_layer_units_exponent_1': 9, 'D_dagger_layer_units_exponent_2': 9, 'D_dagger_layer_units_exponent_3': 5, 'D_dagger_layer_units_exponent_4': 5, 'D_dagger_layer_units_exponent_5': 8, 'D_dagger_layer_units_exponent_6': 8, 'D_dagger_layer_units_exponent_7': 4, 'log_learning_rate': -2.632100637778678, 'log_learning_rate_D': -3.3588032568520836, 'log_learning_rate_D_dagger': -4.069321346661658, 'training_batch_size': 6, 'training_p': 4}. Best is trial 49 with value: 0.07665807753801346.
Time for this trial:  718.1340374946594
Memory status after this trial: 
Memory allocated:  1634.77734375
Memory cached:  1672.0
--------------------  Trial  171   --------------------
Start timing: 
Parameters: 
{'W_layers': 8, 'W_layer_units_exponent_0': 4, 'W_layer_units_exponent_1': 10, 'W_layer_units_exponent_2': 7, 'W_layer_units_exponent_3': 6, 'W_layer_units_exponent_4': 9, 'W_layer_units_exponent_5': 5, 'W_layer_units_exponent_6': 5, 'W_layer_units_exponent_7': 9, 'D_layers': 7, 'D_layer_units_exponent_0': 10, 'D_layer_units_exponent_1': 6, 'D_layer_units_exponent_2': 9, 'D_layer_units_exponent_3': 6, 'D_layer_units_exponent_4': 7, 'D_layer_units_exponent_5': 10, 'D_layer_units_exponent_6': 4, 'D_dagger_layers': 7, 'D_dagger_layer_units_exponent_0': 6, 'D_dagger_layer_units_exponent_1': 9, 'D_dagger_layer_units_exponent_2': 9, 'D_dagger_layer_units_exponent_3': 9, 'D_dagger_layer_units_exponent_4': 10, 'D_dagger_layer_units_exponent_5': 9, 'D_dagger_layer_units_exponent_6': 8, 'log_learning_rate': -2.420246039334009, 'log_learning_rate_D': -3.779430010686956, 'log_learning_rate_D_dagger': -4.506081142625857, 'training_batch_size': 6, 'training_p': 6}
	 epoch  0 training error:  tensor(1.0345, device='cuda:0', grad_fn=<DivBackward0>)
Memory status after this epoch: 
Memory allocated:  808.2080078125
Memory cached:  1306.0
	 epoch  10 training error:  tensor(0.2235, device='cuda:0', grad_fn=<DivBackward0>)
Memory status after this epoch: 
Memory allocated:  808.2080078125
Memory cached:  1332.0
	 epoch  20 training error:  tensor(0.1716, device='cuda:0', grad_fn=<DivBackward0>)
Memory status after this epoch: 
Memory allocated:  808.2080078125
Memory cached:  1344.0
	 epoch  30 training error:  tensor(0.1578, device='cuda:0', grad_fn=<DivBackward0>)
Memory status after this epoch: 
Memory allocated:  808.2080078125
Memory cached:  1334.0
	 epoch  40 training error:  tensor(0.1407, device='cuda:0', grad_fn=<DivBackward0>)
Memory status after this epoch: 
Memory allocated:  808.2080078125
Memory cached:  1338.0
	 epoch  50 training error:  tensor(0.1285, device='cuda:0', grad_fn=<DivBackward0>)
Memory status after this epoch: 
Memory allocated:  808.2080078125
Memory cached:  1338.0
	 epoch  60 training error:  tensor(0.1195, device='cuda:0', grad_fn=<DivBackward0>)
Memory status after this epoch: 
Memory allocated:  808.2080078125
Memory cached:  1330.0
	 epoch  70 training error:  tensor(0.1181, device='cuda:0', grad_fn=<DivBackward0>)
Memory status after this epoch: 
Memory allocated:  808.2080078125
Memory cached:  1342.0
	 epoch  80 training error:  tensor(0.1171, device='cuda:0', grad_fn=<DivBackward0>)
Memory status after this epoch: 
Memory allocated:  808.2080078125
Memory cached:  1332.0
	 epoch  90 training error:  tensor(0.1176, device='cuda:0', grad_fn=<DivBackward0>)
Memory status after this epoch: 
Memory allocated:  808.2080078125
Memory cached:  1344.0
[I 2024-01-13 18:18:44,735] Trial 171 finished with value: 0.08992773294448853 and parameters: {'W_layers': 8, 'W_layer_units_exponent_0': 4, 'W_layer_units_exponent_1': 10, 'W_layer_units_exponent_2': 7, 'W_layer_units_exponent_3': 6, 'W_layer_units_exponent_4': 9, 'W_layer_units_exponent_5': 5, 'W_layer_units_exponent_6': 5, 'W_layer_units_exponent_7': 9, 'D_layers': 7, 'D_layer_units_exponent_0': 10, 'D_layer_units_exponent_1': 6, 'D_layer_units_exponent_2': 9, 'D_layer_units_exponent_3': 6, 'D_layer_units_exponent_4': 7, 'D_layer_units_exponent_5': 10, 'D_layer_units_exponent_6': 4, 'D_dagger_layers': 7, 'D_dagger_layer_units_exponent_0': 6, 'D_dagger_layer_units_exponent_1': 9, 'D_dagger_layer_units_exponent_2': 9, 'D_dagger_layer_units_exponent_3': 9, 'D_dagger_layer_units_exponent_4': 10, 'D_dagger_layer_units_exponent_5': 9, 'D_dagger_layer_units_exponent_6': 8, 'log_learning_rate': -2.420246039334009, 'log_learning_rate_D': -3.779430010686956, 'log_learning_rate_D_dagger': -4.506081142625857, 'training_batch_size': 6, 'training_p': 6}. Best is trial 49 with value: 0.07665807753801346.
Time for this trial:  698.2720284461975
Memory status after this trial: 
Memory allocated:  1688.9423828125
Memory cached:  1724.0
--------------------  Trial  172   --------------------
Start timing: 
Parameters: 
{'W_layers': 8, 'W_layer_units_exponent_0': 4, 'W_layer_units_exponent_1': 10, 'W_layer_units_exponent_2': 7, 'W_layer_units_exponent_3': 6, 'W_layer_units_exponent_4': 9, 'W_layer_units_exponent_5': 6, 'W_layer_units_exponent_6': 5, 'W_layer_units_exponent_7': 8, 'D_layers': 6, 'D_layer_units_exponent_0': 10, 'D_layer_units_exponent_1': 6, 'D_layer_units_exponent_2': 9, 'D_layer_units_exponent_3': 7, 'D_layer_units_exponent_4': 8, 'D_layer_units_exponent_5': 10, 'D_dagger_layers': 6, 'D_dagger_layer_units_exponent_0': 6, 'D_dagger_layer_units_exponent_1': 9, 'D_dagger_layer_units_exponent_2': 9, 'D_dagger_layer_units_exponent_3': 7, 'D_dagger_layer_units_exponent_4': 7, 'D_dagger_layer_units_exponent_5': 9, 'log_learning_rate': -2.361921710964203, 'log_learning_rate_D': -4.035120779325467, 'log_learning_rate_D_dagger': -4.366513088195166, 'training_batch_size': 6, 'training_p': 5}
	 epoch  0 training error:  tensor(2.7734, device='cuda:0', grad_fn=<DivBackward0>)
Memory status after this epoch: 
Memory allocated:  791.2099609375
Memory cached:  1300.0
	 epoch  10 training error:  tensor(0.3342, device='cuda:0', grad_fn=<DivBackward0>)
Memory status after this epoch: 
Memory allocated:  791.2099609375
Memory cached:  1314.0
	 epoch  20 training error:  tensor(0.1704, device='cuda:0', grad_fn=<DivBackward0>)
Memory status after this epoch: 
Memory allocated:  791.2099609375
Memory cached:  1306.0
	 epoch  30 training error:  tensor(0.1561, device='cuda:0', grad_fn=<DivBackward0>)
Memory status after this epoch: 
Memory allocated:  791.2099609375
Memory cached:  1308.0
	 epoch  40 training error:  tensor(0.1428, device='cuda:0', grad_fn=<DivBackward0>)
Memory status after this epoch: 
Memory allocated:  791.2099609375
Memory cached:  1300.0
	 epoch  50 training error:  tensor(0.1282, device='cuda:0', grad_fn=<DivBackward0>)
Memory status after this epoch: 
Memory allocated:  791.2099609375
Memory cached:  1308.0
	 epoch  60 training error:  tensor(0.1177, device='cuda:0', grad_fn=<DivBackward0>)
Memory status after this epoch: 
Memory allocated:  791.2099609375
Memory cached:  1316.0
	 epoch  70 training error:  tensor(0.1151, device='cuda:0', grad_fn=<DivBackward0>)
Memory status after this epoch: 
Memory allocated:  791.2099609375
Memory cached:  1314.0
	 epoch  80 training error:  tensor(0.1143, device='cuda:0', grad_fn=<DivBackward0>)
Memory status after this epoch: 
Memory allocated:  791.2099609375
Memory cached:  1316.0
	 epoch  90 training error:  tensor(0.1109, device='cuda:0', grad_fn=<DivBackward0>)
Memory status after this epoch: 
Memory allocated:  791.2099609375
Memory cached:  1314.0
[I 2024-01-13 18:29:29,602] Trial 172 finished with value: 0.08889847993850708 and parameters: {'W_layers': 8, 'W_layer_units_exponent_0': 4, 'W_layer_units_exponent_1': 10, 'W_layer_units_exponent_2': 7, 'W_layer_units_exponent_3': 6, 'W_layer_units_exponent_4': 9, 'W_layer_units_exponent_5': 6, 'W_layer_units_exponent_6': 5, 'W_layer_units_exponent_7': 8, 'D_layers': 6, 'D_layer_units_exponent_0': 10, 'D_layer_units_exponent_1': 6, 'D_layer_units_exponent_2': 9, 'D_layer_units_exponent_3': 7, 'D_layer_units_exponent_4': 8, 'D_layer_units_exponent_5': 10, 'D_dagger_layers': 6, 'D_dagger_layer_units_exponent_0': 6, 'D_dagger_layer_units_exponent_1': 9, 'D_dagger_layer_units_exponent_2': 9, 'D_dagger_layer_units_exponent_3': 7, 'D_dagger_layer_units_exponent_4': 7, 'D_dagger_layer_units_exponent_5': 9, 'log_learning_rate': -2.361921710964203, 'log_learning_rate_D': -4.035120779325467, 'log_learning_rate_D_dagger': -4.366513088195166, 'training_batch_size': 6, 'training_p': 5}. Best is trial 49 with value: 0.07665807753801346.
Time for this trial:  644.2041840553284
Memory status after this trial: 
Memory allocated:  1495.8388671875
Memory cached:  1538.0
--------------------  Trial  173   --------------------
Start timing: 
Parameters: 
{'W_layers': 8, 'W_layer_units_exponent_0': 4, 'W_layer_units_exponent_1': 10, 'W_layer_units_exponent_2': 7, 'W_layer_units_exponent_3': 6, 'W_layer_units_exponent_4': 9, 'W_layer_units_exponent_5': 5, 'W_layer_units_exponent_6': 5, 'W_layer_units_exponent_7': 7, 'D_layers': 5, 'D_layer_units_exponent_0': 10, 'D_layer_units_exponent_1': 6, 'D_layer_units_exponent_2': 8, 'D_layer_units_exponent_3': 8, 'D_layer_units_exponent_4': 7, 'D_dagger_layers': 7, 'D_dagger_layer_units_exponent_0': 6, 'D_dagger_layer_units_exponent_1': 9, 'D_dagger_layer_units_exponent_2': 9, 'D_dagger_layer_units_exponent_3': 9, 'D_dagger_layer_units_exponent_4': 10, 'D_dagger_layer_units_exponent_5': 9, 'D_dagger_layer_units_exponent_6': 7, 'log_learning_rate': -2.60290849465899, 'log_learning_rate_D': -4.892019369102868, 'log_learning_rate_D_dagger': -4.662921934763053, 'training_batch_size': 6, 'training_p': 5}
	 epoch  0 training error:  tensor(1.2614, device='cuda:0', grad_fn=<DivBackward0>)
Memory status after this epoch: 
Memory allocated:  805.3603515625
Memory cached:  1296.0
	 epoch  10 training error:  tensor(0.3173, device='cuda:0', grad_fn=<DivBackward0>)
Memory status after this epoch: 
Memory allocated:  805.3603515625
Memory cached:  1314.0
	 epoch  20 training error:  tensor(0.1822, device='cuda:0', grad_fn=<DivBackward0>)
Memory status after this epoch: 
Memory allocated:  805.3603515625
Memory cached:  1306.0
	 epoch  30 training error:  tensor(0.1647, device='cuda:0', grad_fn=<DivBackward0>)
Memory status after this epoch: 
Memory allocated:  805.3603515625
Memory cached:  1316.0
	 epoch  40 training error:  tensor(0.1524, device='cuda:0', grad_fn=<DivBackward0>)
Memory status after this epoch: 
Memory allocated:  805.3603515625
Memory cached:  1318.0
	 epoch  50 training error:  tensor(0.1378, device='cuda:0', grad_fn=<DivBackward0>)
Memory status after this epoch: 
Memory allocated:  805.3603515625
Memory cached:  1316.0
	 epoch  60 training error:  tensor(0.1220, device='cuda:0', grad_fn=<DivBackward0>)
Memory status after this epoch: 
Memory allocated:  805.3603515625
Memory cached:  1320.0
	 epoch  70 training error:  tensor(0.1151, device='cuda:0', grad_fn=<DivBackward0>)
Memory status after this epoch: 
Memory allocated:  805.3603515625
Memory cached:  1318.0
	 epoch  80 training error:  tensor(0.1142, device='cuda:0', grad_fn=<DivBackward0>)
Memory status after this epoch: 
Memory allocated:  805.3603515625
Memory cached:  1306.0
	 epoch  90 training error:  tensor(0.1118, device='cuda:0', grad_fn=<DivBackward0>)
Memory status after this epoch: 
Memory allocated:  805.3603515625
Memory cached:  1306.0
[I 2024-01-13 18:40:17,180] Trial 173 finished with value: 0.08985301107168198 and parameters: {'W_layers': 8, 'W_layer_units_exponent_0': 4, 'W_layer_units_exponent_1': 10, 'W_layer_units_exponent_2': 7, 'W_layer_units_exponent_3': 6, 'W_layer_units_exponent_4': 9, 'W_layer_units_exponent_5': 5, 'W_layer_units_exponent_6': 5, 'W_layer_units_exponent_7': 7, 'D_layers': 5, 'D_layer_units_exponent_0': 10, 'D_layer_units_exponent_1': 6, 'D_layer_units_exponent_2': 8, 'D_layer_units_exponent_3': 8, 'D_layer_units_exponent_4': 7, 'D_dagger_layers': 7, 'D_dagger_layer_units_exponent_0': 6, 'D_dagger_layer_units_exponent_1': 9, 'D_dagger_layer_units_exponent_2': 9, 'D_dagger_layer_units_exponent_3': 9, 'D_dagger_layer_units_exponent_4': 10, 'D_dagger_layer_units_exponent_5': 9, 'D_dagger_layer_units_exponent_6': 7, 'log_learning_rate': -2.60290849465899, 'log_learning_rate_D': -4.892019369102868, 'log_learning_rate_D_dagger': -4.662921934763053, 'training_batch_size': 6, 'training_p': 5}. Best is trial 49 with value: 0.07665807753801346.
Time for this trial:  646.9277377128601
Memory status after this trial: 
Memory allocated:  1522.2109375
Memory cached:  1556.0
--------------------  Trial  174   --------------------
Start timing: 
Parameters: 
{'W_layers': 8, 'W_layer_units_exponent_0': 4, 'W_layer_units_exponent_1': 4, 'W_layer_units_exponent_2': 7, 'W_layer_units_exponent_3': 5, 'W_layer_units_exponent_4': 9, 'W_layer_units_exponent_5': 5, 'W_layer_units_exponent_6': 6, 'W_layer_units_exponent_7': 10, 'D_layers': 7, 'D_layer_units_exponent_0': 10, 'D_layer_units_exponent_1': 6, 'D_layer_units_exponent_2': 9, 'D_layer_units_exponent_3': 6, 'D_layer_units_exponent_4': 10, 'D_layer_units_exponent_5': 9, 'D_layer_units_exponent_6': 5, 'D_dagger_layers': 5, 'D_dagger_layer_units_exponent_0': 6, 'D_dagger_layer_units_exponent_1': 9, 'D_dagger_layer_units_exponent_2': 9, 'D_dagger_layer_units_exponent_3': 9, 'D_dagger_layer_units_exponent_4': 8, 'log_learning_rate': -2.525986434541609, 'log_learning_rate_D': -3.4578403825271167, 'log_learning_rate_D_dagger': -4.216801450988366, 'training_batch_size': 6, 'training_p': 2}
	 epoch  0 training error:  tensor(0.8785, device='cuda:0', grad_fn=<DivBackward0>)
Memory status after this epoch: 
Memory allocated:  797.3056640625
Memory cached:  1300.0
	 epoch  10 training error:  tensor(0.1543, device='cuda:0', grad_fn=<DivBackward0>)
Memory status after this epoch: 
Memory allocated:  797.3056640625
Memory cached:  1314.0
	 epoch  20 training error:  tensor(0.1233, device='cuda:0', grad_fn=<DivBackward0>)
Memory status after this epoch: 
Memory allocated:  797.3056640625
Memory cached:  1308.0
	 epoch  30 training error:  tensor(0.0977, device='cuda:0', grad_fn=<DivBackward0>)
Memory status after this epoch: 
Memory allocated:  797.3056640625
Memory cached:  1316.0
	 epoch  40 training error:  tensor(0.0891, device='cuda:0', grad_fn=<DivBackward0>)
Memory status after this epoch: 
Memory allocated:  797.3056640625
Memory cached:  1308.0
	 epoch  50 training error:  tensor(0.0874, device='cuda:0', grad_fn=<DivBackward0>)
Memory status after this epoch: 
Memory allocated:  797.3056640625
Memory cached:  1322.0
	 epoch  60 training error:  tensor(0.0871, device='cuda:0', grad_fn=<DivBackward0>)
Memory status after this epoch: 
Memory allocated:  797.3056640625
Memory cached:  1314.0
	 epoch  70 training error:  tensor(0.0939, device='cuda:0', grad_fn=<DivBackward0>)
Memory status after this epoch: 
Memory allocated:  797.3056640625
Memory cached:  1314.0
	 epoch  80 training error:  tensor(0.0850, device='cuda:0', grad_fn=<DivBackward0>)
Memory status after this epoch: 
Memory allocated:  797.3056640625
Memory cached:  1314.0
	 epoch  90 training error:  tensor(0.0855, device='cuda:0', grad_fn=<DivBackward0>)
Memory status after this epoch: 
Memory allocated:  797.3056640625
Memory cached:  1320.0
[I 2024-01-13 18:51:00,294] Trial 174 finished with value: 0.08887969702482224 and parameters: {'W_layers': 8, 'W_layer_units_exponent_0': 4, 'W_layer_units_exponent_1': 4, 'W_layer_units_exponent_2': 7, 'W_layer_units_exponent_3': 5, 'W_layer_units_exponent_4': 9, 'W_layer_units_exponent_5': 5, 'W_layer_units_exponent_6': 6, 'W_layer_units_exponent_7': 10, 'D_layers': 7, 'D_layer_units_exponent_0': 10, 'D_layer_units_exponent_1': 6, 'D_layer_units_exponent_2': 9, 'D_layer_units_exponent_3': 6, 'D_layer_units_exponent_4': 10, 'D_layer_units_exponent_5': 9, 'D_layer_units_exponent_6': 5, 'D_dagger_layers': 5, 'D_dagger_layer_units_exponent_0': 6, 'D_dagger_layer_units_exponent_1': 9, 'D_dagger_layer_units_exponent_2': 9, 'D_dagger_layer_units_exponent_3': 9, 'D_dagger_layer_units_exponent_4': 8, 'log_learning_rate': -2.525986434541609, 'log_learning_rate_D': -3.4578403825271167, 'log_learning_rate_D_dagger': -4.216801450988366, 'training_batch_size': 6, 'training_p': 2}. Best is trial 49 with value: 0.07665807753801346.
Time for this trial:  642.4907596111298
Memory status after this trial: 
Memory allocated:  1500.693359375
Memory cached:  1538.0
--------------------  Trial  175   --------------------
Start timing: 
Parameters: 
{'W_layers': 7, 'W_layer_units_exponent_0': 4, 'W_layer_units_exponent_1': 9, 'W_layer_units_exponent_2': 7, 'W_layer_units_exponent_3': 5, 'W_layer_units_exponent_4': 8, 'W_layer_units_exponent_5': 8, 'W_layer_units_exponent_6': 5, 'D_layers': 5, 'D_layer_units_exponent_0': 10, 'D_layer_units_exponent_1': 6, 'D_layer_units_exponent_2': 9, 'D_layer_units_exponent_3': 5, 'D_layer_units_exponent_4': 10, 'D_dagger_layers': 7, 'D_dagger_layer_units_exponent_0': 5, 'D_dagger_layer_units_exponent_1': 9, 'D_dagger_layer_units_exponent_2': 9, 'D_dagger_layer_units_exponent_3': 4, 'D_dagger_layer_units_exponent_4': 10, 'D_dagger_layer_units_exponent_5': 9, 'D_dagger_layer_units_exponent_6': 8, 'log_learning_rate': -2.938054387849624, 'log_learning_rate_D': -3.651340668894372, 'log_learning_rate_D_dagger': -4.557322090863417, 'training_batch_size': 6, 'training_p': 5}
	 epoch  0 training error:  tensor(0.8720, device='cuda:0', grad_fn=<DivBackward0>)
Memory status after this epoch: 
Memory allocated:  793.2353515625
Memory cached:  1292.0
	 epoch  10 training error:  tensor(0.2115, device='cuda:0', grad_fn=<DivBackward0>)
Memory status after this epoch: 
Memory allocated:  793.2353515625
Memory cached:  1306.0
	 epoch  20 training error:  tensor(0.1641, device='cuda:0', grad_fn=<DivBackward0>)
Memory status after this epoch: 
Memory allocated:  793.2353515625
Memory cached:  1298.0
	 epoch  30 training error:  tensor(0.1422, device='cuda:0', grad_fn=<DivBackward0>)
Memory status after this epoch: 
Memory allocated:  793.2353515625
Memory cached:  1310.0
	 epoch  40 training error:  tensor(0.1149, device='cuda:0', grad_fn=<DivBackward0>)
Memory status after this epoch: 
Memory allocated:  793.2353515625
Memory cached:  1300.0
	 epoch  50 training error:  tensor(0.1109, device='cuda:0', grad_fn=<DivBackward0>)
Memory status after this epoch: 
Memory allocated:  793.2353515625
Memory cached:  1304.0
	 epoch  60 training error:  tensor(0.1021, device='cuda:0', grad_fn=<DivBackward0>)
Memory status after this epoch: 
Memory allocated:  793.2353515625
Memory cached:  1304.0
	 epoch  70 training error:  tensor(0.0993, device='cuda:0', grad_fn=<DivBackward0>)
Memory status after this epoch: 
Memory allocated:  793.2353515625
Memory cached:  1300.0
	 epoch  80 training error:  tensor(0.0988, device='cuda:0', grad_fn=<DivBackward0>)
Memory status after this epoch: 
Memory allocated:  793.2353515625
Memory cached:  1298.0
	 epoch  90 training error:  tensor(0.0986, device='cuda:0', grad_fn=<DivBackward0>)
Memory status after this epoch: 
Memory allocated:  793.2353515625
Memory cached:  1304.0
