[I 2023-12-01 11:45:10,284] Trial 39 finished with value: 0.08830384910106659 and parameters: {'W_layers': 8, 'W_layer_units_exponent_0': 9, 'W_layer_units_exponent_1': 4, 'W_layer_units_exponent_2': 5, 'W_layer_units_exponent_3': 5, 'W_layer_units_exponent_4': 4, 'W_layer_units_exponent_5': 7, 'W_layer_units_exponent_6': 4, 'W_layer_units_exponent_7': 8, 'D_layers': 8, 'D_layer_units_exponent_0': 9, 'D_layer_units_exponent_1': 8, 'D_layer_units_exponent_2': 7, 'D_layer_units_exponent_3': 10, 'D_layer_units_exponent_4': 4, 'D_layer_units_exponent_5': 7, 'D_layer_units_exponent_6': 7, 'D_layer_units_exponent_7': 9, 'log_learning_rate': -2.0673423639897934, 'log_learning_rate_D': -4.118778229912931, 'training_batch_size': 9, 'training_p': 7}. Best is trial 34 with value: 0.061442144215106964.
Time for this trial:  14.244861364364624
Memory status after this trial: 
Memory allocated:  15.5849609375
Memory cached:  28.0
--------------------  Trial  40   --------------------
Start timing: 
Parameters: 
{'W_layers': 7, 'W_layer_units_exponent_0': 10, 'W_layer_units_exponent_1': 7, 'W_layer_units_exponent_2': 6, 'W_layer_units_exponent_3': 7, 'W_layer_units_exponent_4': 5, 'W_layer_units_exponent_5': 5, 'W_layer_units_exponent_6': 8, 'D_layers': 7, 'D_layer_units_exponent_0': 5, 'D_layer_units_exponent_1': 5, 'D_layer_units_exponent_2': 4, 'D_layer_units_exponent_3': 6, 'D_layer_units_exponent_4': 5, 'D_layer_units_exponent_5': 10, 'D_layer_units_exponent_6': 5, 'log_learning_rate': -2.2758488250904585, 'log_learning_rate_D': -4.7885690314550535, 'training_batch_size': 8, 'training_p': 2}
	 epoch  0 training error:  tensor(1.1098, device='cuda:0', grad_fn=<DivBackward0>)
Memory status after this epoch: 
Memory allocated:  2.82568359375
Memory cached:  6.0
	 epoch  10 training error:  tensor(0.1018, device='cuda:0', grad_fn=<DivBackward0>)
Memory status after this epoch: 
Memory allocated:  2.82568359375
Memory cached:  8.0
	 epoch  20 training error:  tensor(0.0659, device='cuda:0', grad_fn=<DivBackward0>)
Memory status after this epoch: 
Memory allocated:  2.82568359375
Memory cached:  8.0
	 epoch  30 training error:  tensor(0.0604, device='cuda:0', grad_fn=<DivBackward0>)
Memory status after this epoch: 
Memory allocated:  2.82568359375
Memory cached:  8.0
	 epoch  40 training error:  tensor(0.0637, device='cuda:0', grad_fn=<DivBackward0>)
Memory status after this epoch: 
Memory allocated:  2.82568359375
Memory cached:  8.0
	 epoch  50 training error:  tensor(0.0618, device='cuda:0', grad_fn=<DivBackward0>)
Memory status after this epoch: 
Memory allocated:  2.82568359375
Memory cached:  8.0
	 epoch  60 training error:  tensor(0.0581, device='cuda:0', grad_fn=<DivBackward0>)
Memory status after this epoch: 
Memory allocated:  2.82568359375
Memory cached:  8.0
	 epoch  70 training error:  tensor(0.0597, device='cuda:0', grad_fn=<DivBackward0>)
Memory status after this epoch: 
Memory allocated:  2.82568359375
Memory cached:  8.0
	 epoch  80 training error:  tensor(0.0582, device='cuda:0', grad_fn=<DivBackward0>)
Memory status after this epoch: 
Memory allocated:  2.82568359375
Memory cached:  8.0
	 epoch  90 training error:  tensor(0.0626, device='cuda:0', grad_fn=<DivBackward0>)
Memory status after this epoch: 
Memory allocated:  2.82568359375
Memory cached:  8.0
[I 2023-12-01 11:45:24,524] Trial 40 finished with value: 0.06119978427886963 and parameters: {'W_layers': 7, 'W_layer_units_exponent_0': 10, 'W_layer_units_exponent_1': 7, 'W_layer_units_exponent_2': 6, 'W_layer_units_exponent_3': 7, 'W_layer_units_exponent_4': 5, 'W_layer_units_exponent_5': 5, 'W_layer_units_exponent_6': 8, 'D_layers': 7, 'D_layer_units_exponent_0': 5, 'D_layer_units_exponent_1': 5, 'D_layer_units_exponent_2': 4, 'D_layer_units_exponent_3': 6, 'D_layer_units_exponent_4': 5, 'D_layer_units_exponent_5': 10, 'D_layer_units_exponent_6': 5, 'log_learning_rate': -2.2758488250904585, 'log_learning_rate_D': -4.7885690314550535, 'training_batch_size': 8, 'training_p': 2}. Best is trial 40 with value: 0.06119978427886963.
Time for this trial:  14.04669713973999
Memory status after this trial: 
Memory allocated:  27.16015625
Memory cached:  50.0
--------------------  Trial  41   --------------------
Start timing: 
Parameters: 
{'W_layers': 7, 'W_layer_units_exponent_0': 10, 'W_layer_units_exponent_1': 7, 'W_layer_units_exponent_2': 6, 'W_layer_units_exponent_3': 7, 'W_layer_units_exponent_4': 5, 'W_layer_units_exponent_5': 5, 'W_layer_units_exponent_6': 8, 'D_layers': 7, 'D_layer_units_exponent_0': 5, 'D_layer_units_exponent_1': 5, 'D_layer_units_exponent_2': 4, 'D_layer_units_exponent_3': 6, 'D_layer_units_exponent_4': 5, 'D_layer_units_exponent_5': 10, 'D_layer_units_exponent_6': 5, 'log_learning_rate': -2.2239129345654507, 'log_learning_rate_D': -4.8221642081564005, 'training_batch_size': 8, 'training_p': 2}
	 epoch  0 training error:  tensor(1.7733, device='cuda:0', grad_fn=<DivBackward0>)
Memory status after this epoch: 
Memory allocated:  2.82568359375
Memory cached:  6.0
	 epoch  10 training error:  tensor(0.0924, device='cuda:0', grad_fn=<DivBackward0>)
Memory status after this epoch: 
Memory allocated:  2.82568359375
Memory cached:  8.0
	 epoch  20 training error:  tensor(0.0745, device='cuda:0', grad_fn=<DivBackward0>)
Memory status after this epoch: 
Memory allocated:  2.82568359375
Memory cached:  8.0
	 epoch  30 training error:  tensor(0.0595, device='cuda:0', grad_fn=<DivBackward0>)
Memory status after this epoch: 
Memory allocated:  2.82568359375
Memory cached:  8.0
	 epoch  40 training error:  tensor(0.0678, device='cuda:0', grad_fn=<DivBackward0>)
Memory status after this epoch: 
Memory allocated:  2.82568359375
Memory cached:  8.0
	 epoch  50 training error:  tensor(0.0589, device='cuda:0', grad_fn=<DivBackward0>)
Memory status after this epoch: 
Memory allocated:  2.82568359375
Memory cached:  8.0
	 epoch  60 training error:  tensor(0.0594, device='cuda:0', grad_fn=<DivBackward0>)
Memory status after this epoch: 
Memory allocated:  2.82568359375
Memory cached:  8.0
	 epoch  70 training error:  tensor(0.0708, device='cuda:0', grad_fn=<DivBackward0>)
Memory status after this epoch: 
Memory allocated:  2.82568359375
Memory cached:  8.0
	 epoch  80 training error:  tensor(0.0656, device='cuda:0', grad_fn=<DivBackward0>)
Memory status after this epoch: 
Memory allocated:  2.82568359375
Memory cached:  8.0
	 epoch  90 training error:  tensor(0.0601, device='cuda:0', grad_fn=<DivBackward0>)
Memory status after this epoch: 
Memory allocated:  2.82568359375
Memory cached:  8.0
[I 2023-12-01 11:45:38,641] Trial 41 finished with value: 0.062178708612918854 and parameters: {'W_layers': 7, 'W_layer_units_exponent_0': 10, 'W_layer_units_exponent_1': 7, 'W_layer_units_exponent_2': 6, 'W_layer_units_exponent_3': 7, 'W_layer_units_exponent_4': 5, 'W_layer_units_exponent_5': 5, 'W_layer_units_exponent_6': 8, 'D_layers': 7, 'D_layer_units_exponent_0': 5, 'D_layer_units_exponent_1': 5, 'D_layer_units_exponent_2': 4, 'D_layer_units_exponent_3': 6, 'D_layer_units_exponent_4': 5, 'D_layer_units_exponent_5': 10, 'D_layer_units_exponent_6': 5, 'log_learning_rate': -2.2239129345654507, 'log_learning_rate_D': -4.8221642081564005, 'training_batch_size': 8, 'training_p': 2}. Best is trial 40 with value: 0.06119978427886963.
Time for this trial:  13.882750034332275
Memory status after this trial: 
Memory allocated:  27.16015625
Memory cached:  50.0
--------------------  Trial  42   --------------------
Start timing: 
Parameters: 
{'W_layers': 6, 'W_layer_units_exponent_0': 10, 'W_layer_units_exponent_1': 8, 'W_layer_units_exponent_2': 6, 'W_layer_units_exponent_3': 7, 'W_layer_units_exponent_4': 7, 'W_layer_units_exponent_5': 6, 'D_layers': 7, 'D_layer_units_exponent_0': 5, 'D_layer_units_exponent_1': 5, 'D_layer_units_exponent_2': 4, 'D_layer_units_exponent_3': 6, 'D_layer_units_exponent_4': 5, 'D_layer_units_exponent_5': 10, 'D_layer_units_exponent_6': 6, 'log_learning_rate': -2.293344661846506, 'log_learning_rate_D': -4.997986296535474, 'training_batch_size': 8, 'training_p': 2}
	 epoch  0 training error:  tensor(1.1630, device='cuda:0', grad_fn=<DivBackward0>)
Memory status after this epoch: 
Memory allocated:  5.24365234375
Memory cached:  6.0
	 epoch  10 training error:  tensor(0.1371, device='cuda:0', grad_fn=<DivBackward0>)
Memory status after this epoch: 
Memory allocated:  5.24365234375
Memory cached:  6.0
	 epoch  20 training error:  tensor(0.0666, device='cuda:0', grad_fn=<DivBackward0>)
Memory status after this epoch: 
Memory allocated:  5.24365234375
Memory cached:  6.0
	 epoch  30 training error:  tensor(0.0640, device='cuda:0', grad_fn=<DivBackward0>)
Memory status after this epoch: 
Memory allocated:  5.24365234375
Memory cached:  6.0
	 epoch  40 training error:  tensor(0.0623, device='cuda:0', grad_fn=<DivBackward0>)
Memory status after this epoch: 
Memory allocated:  5.24365234375
Memory cached:  6.0
	 epoch  50 training error:  tensor(0.0582, device='cuda:0', grad_fn=<DivBackward0>)
Memory status after this epoch: 
Memory allocated:  5.24365234375
Memory cached:  6.0
	 epoch  60 training error:  tensor(0.0578, device='cuda:0', grad_fn=<DivBackward0>)
Memory status after this epoch: 
Memory allocated:  5.24365234375
Memory cached:  6.0
	 epoch  70 training error:  tensor(0.0587, device='cuda:0', grad_fn=<DivBackward0>)
Memory status after this epoch: 
Memory allocated:  5.24365234375
Memory cached:  6.0
	 epoch  80 training error:  tensor(0.0579, device='cuda:0', grad_fn=<DivBackward0>)
Memory status after this epoch: 
Memory allocated:  5.24365234375
Memory cached:  6.0
	 epoch  90 training error:  tensor(0.0576, device='cuda:0', grad_fn=<DivBackward0>)
Memory status after this epoch: 
Memory allocated:  5.24365234375
Memory cached:  6.0
[I 2023-12-01 11:45:52,488] Trial 42 finished with value: 0.0616002157330513 and parameters: {'W_layers': 6, 'W_layer_units_exponent_0': 10, 'W_layer_units_exponent_1': 8, 'W_layer_units_exponent_2': 6, 'W_layer_units_exponent_3': 7, 'W_layer_units_exponent_4': 7, 'W_layer_units_exponent_5': 6, 'D_layers': 7, 'D_layer_units_exponent_0': 5, 'D_layer_units_exponent_1': 5, 'D_layer_units_exponent_2': 4, 'D_layer_units_exponent_3': 6, 'D_layer_units_exponent_4': 5, 'D_layer_units_exponent_5': 10, 'D_layer_units_exponent_6': 6, 'log_learning_rate': -2.293344661846506, 'log_learning_rate_D': -4.997986296535474, 'training_batch_size': 8, 'training_p': 2}. Best is trial 40 with value: 0.06119978427886963.
Time for this trial:  13.651376008987427
Memory status after this trial: 
Memory allocated:  28.306640625
Memory cached:  50.0
--------------------  Trial  43   --------------------
Start timing: 
Parameters: 
{'W_layers': 7, 'W_layer_units_exponent_0': 10, 'W_layer_units_exponent_1': 8, 'W_layer_units_exponent_2': 6, 'W_layer_units_exponent_3': 8, 'W_layer_units_exponent_4': 7, 'W_layer_units_exponent_5': 6, 'W_layer_units_exponent_6': 8, 'D_layers': 6, 'D_layer_units_exponent_0': 5, 'D_layer_units_exponent_1': 5, 'D_layer_units_exponent_2': 4, 'D_layer_units_exponent_3': 6, 'D_layer_units_exponent_4': 6, 'D_layer_units_exponent_5': 10, 'log_learning_rate': -2.2314639363568136, 'log_learning_rate_D': -4.979688118663953, 'training_batch_size': 9, 'training_p': 2}
	 epoch  0 training error:  tensor(1.1697, device='cuda:0', grad_fn=<DivBackward0>)
Memory status after this epoch: 
Memory allocated:  5.7587890625
Memory cached:  6.0
	 epoch  10 training error:  tensor(0.1739, device='cuda:0', grad_fn=<DivBackward0>)
Memory status after this epoch: 
Memory allocated:  5.7587890625
Memory cached:  8.0
	 epoch  20 training error:  tensor(0.0846, device='cuda:0', grad_fn=<DivBackward0>)
Memory status after this epoch: 
Memory allocated:  5.7587890625
Memory cached:  8.0
	 epoch  30 training error:  tensor(0.0620, device='cuda:0', grad_fn=<DivBackward0>)
Memory status after this epoch: 
Memory allocated:  5.7587890625
Memory cached:  8.0
	 epoch  40 training error:  tensor(0.0612, device='cuda:0', grad_fn=<DivBackward0>)
Memory status after this epoch: 
Memory allocated:  5.7587890625
Memory cached:  8.0
	 epoch  50 training error:  tensor(0.0626, device='cuda:0', grad_fn=<DivBackward0>)
Memory status after this epoch: 
Memory allocated:  5.7587890625
Memory cached:  8.0
	 epoch  60 training error:  tensor(0.0591, device='cuda:0', grad_fn=<DivBackward0>)
Memory status after this epoch: 
Memory allocated:  5.7587890625
Memory cached:  8.0
	 epoch  70 training error:  tensor(0.0619, device='cuda:0', grad_fn=<DivBackward0>)
Memory status after this epoch: 
Memory allocated:  5.7587890625
Memory cached:  8.0
	 epoch  80 training error:  tensor(0.0613, device='cuda:0', grad_fn=<DivBackward0>)
Memory status after this epoch: 
Memory allocated:  5.7587890625
Memory cached:  8.0
	 epoch  90 training error:  tensor(0.0600, device='cuda:0', grad_fn=<DivBackward0>)
Memory status after this epoch: 
Memory allocated:  5.7587890625
Memory cached:  8.0
[I 2023-12-01 11:46:06,679] Trial 43 finished with value: 0.06090131029486656 and parameters: {'W_layers': 7, 'W_layer_units_exponent_0': 10, 'W_layer_units_exponent_1': 8, 'W_layer_units_exponent_2': 6, 'W_layer_units_exponent_3': 8, 'W_layer_units_exponent_4': 7, 'W_layer_units_exponent_5': 6, 'W_layer_units_exponent_6': 8, 'D_layers': 6, 'D_layer_units_exponent_0': 5, 'D_layer_units_exponent_1': 5, 'D_layer_units_exponent_2': 4, 'D_layer_units_exponent_3': 6, 'D_layer_units_exponent_4': 6, 'D_layer_units_exponent_5': 10, 'log_learning_rate': -2.2314639363568136, 'log_learning_rate_D': -4.979688118663953, 'training_batch_size': 9, 'training_p': 2}. Best is trial 43 with value: 0.06090131029486656.
Time for this trial:  14.007317781448364
Memory status after this trial: 
Memory allocated:  34.482421875
Memory cached:  50.0
--------------------  Trial  44   --------------------
Start timing: 
Parameters: 
{'W_layers': 6, 'W_layer_units_exponent_0': 10, 'W_layer_units_exponent_1': 9, 'W_layer_units_exponent_2': 6, 'W_layer_units_exponent_3': 9, 'W_layer_units_exponent_4': 7, 'W_layer_units_exponent_5': 6, 'D_layers': 6, 'D_layer_units_exponent_0': 5, 'D_layer_units_exponent_1': 5, 'D_layer_units_exponent_2': 4, 'D_layer_units_exponent_3': 6, 'D_layer_units_exponent_4': 6, 'D_layer_units_exponent_5': 10, 'log_learning_rate': -1.691309591973841, 'log_learning_rate_D': -4.970303225524574, 'training_batch_size': 9, 'training_p': 3}
	 epoch  0 training error:  tensor(1.0838, device='cuda:0', grad_fn=<DivBackward0>)
Memory status after this epoch: 
Memory allocated:  10.5107421875
Memory cached:  40.0
	 epoch  10 training error:  tensor(0.3910, device='cuda:0', grad_fn=<DivBackward0>)
Memory status after this epoch: 
Memory allocated:  10.5107421875
Memory cached:  40.0
	 epoch  20 training error:  tensor(0.0881, device='cuda:0', grad_fn=<DivBackward0>)
Memory status after this epoch: 
Memory allocated:  10.5107421875
Memory cached:  40.0
	 epoch  30 training error:  tensor(0.1066, device='cuda:0', grad_fn=<DivBackward0>)
Memory status after this epoch: 
Memory allocated:  10.5107421875
Memory cached:  40.0
	 epoch  40 training error:  tensor(0.0807, device='cuda:0', grad_fn=<DivBackward0>)
Memory status after this epoch: 
Memory allocated:  10.5107421875
Memory cached:  40.0
	 epoch  50 training error:  tensor(0.0702, device='cuda:0', grad_fn=<DivBackward0>)
Memory status after this epoch: 
Memory allocated:  10.5107421875
Memory cached:  40.0
	 epoch  60 training error:  tensor(0.0721, device='cuda:0', grad_fn=<DivBackward0>)
Memory status after this epoch: 
Memory allocated:  10.5107421875
Memory cached:  40.0
	 epoch  70 training error:  tensor(0.0680, device='cuda:0', grad_fn=<DivBackward0>)
Memory status after this epoch: 
Memory allocated:  10.5107421875
Memory cached:  40.0
	 epoch  80 training error:  tensor(0.0677, device='cuda:0', grad_fn=<DivBackward0>)
Memory status after this epoch: 
Memory allocated:  10.5107421875
Memory cached:  40.0
	 epoch  90 training error:  tensor(0.0700, device='cuda:0', grad_fn=<DivBackward0>)
Memory status after this epoch: 
Memory allocated:  10.5107421875
Memory cached:  40.0
[I 2023-12-01 11:46:21,012] Trial 44 finished with value: 0.06768748164176941 and parameters: {'W_layers': 6, 'W_layer_units_exponent_0': 10, 'W_layer_units_exponent_1': 9, 'W_layer_units_exponent_2': 6, 'W_layer_units_exponent_3': 9, 'W_layer_units_exponent_4': 7, 'W_layer_units_exponent_5': 6, 'D_layers': 6, 'D_layer_units_exponent_0': 5, 'D_layer_units_exponent_1': 5, 'D_layer_units_exponent_2': 4, 'D_layer_units_exponent_3': 6, 'D_layer_units_exponent_4': 6, 'D_layer_units_exponent_5': 10, 'log_learning_rate': -1.691309591973841, 'log_learning_rate_D': -4.970303225524574, 'training_batch_size': 9, 'training_p': 3}. Best is trial 43 with value: 0.06090131029486656.
Time for this trial:  14.149938583374023
Memory status after this trial: 
Memory allocated:  40.2958984375
Memory cached:  64.0
--------------------  Trial  45   --------------------
Start timing: 
Parameters: 
{'W_layers': 7, 'W_layer_units_exponent_0': 10, 'W_layer_units_exponent_1': 8, 'W_layer_units_exponent_2': 7, 'W_layer_units_exponent_3': 8, 'W_layer_units_exponent_4': 7, 'W_layer_units_exponent_5': 7, 'W_layer_units_exponent_6': 9, 'D_layers': 6, 'D_layer_units_exponent_0': 4, 'D_layer_units_exponent_1': 4, 'D_layer_units_exponent_2': 4, 'D_layer_units_exponent_3': 6, 'D_layer_units_exponent_4': 6, 'D_layer_units_exponent_5': 10, 'log_learning_rate': -2.343640932601552, 'log_learning_rate_D': -4.696771225069362, 'training_batch_size': 9, 'training_p': 2}
	 epoch  0 training error:  tensor(1.3398, device='cuda:0', grad_fn=<DivBackward0>)
Memory status after this epoch: 
Memory allocated:  7.1376953125
Memory cached:  8.0
	 epoch  10 training error:  tensor(0.0911, device='cuda:0', grad_fn=<DivBackward0>)
Memory status after this epoch: 
Memory allocated:  7.1376953125
Memory cached:  8.0
	 epoch  20 training error:  tensor(0.0682, device='cuda:0', grad_fn=<DivBackward0>)
Memory status after this epoch: 
Memory allocated:  7.1376953125
Memory cached:  8.0
	 epoch  30 training error:  tensor(0.0618, device='cuda:0', grad_fn=<DivBackward0>)
Memory status after this epoch: 
Memory allocated:  7.1376953125
Memory cached:  8.0
	 epoch  40 training error:  tensor(0.0632, device='cuda:0', grad_fn=<DivBackward0>)
Memory status after this epoch: 
Memory allocated:  7.1376953125
Memory cached:  8.0
	 epoch  50 training error:  tensor(0.0610, device='cuda:0', grad_fn=<DivBackward0>)
Memory status after this epoch: 
Memory allocated:  7.1376953125
Memory cached:  8.0
	 epoch  60 training error:  tensor(0.0619, device='cuda:0', grad_fn=<DivBackward0>)
Memory status after this epoch: 
Memory allocated:  7.1376953125
Memory cached:  8.0
	 epoch  70 training error:  tensor(0.0629, device='cuda:0', grad_fn=<DivBackward0>)
Memory status after this epoch: 
Memory allocated:  7.1376953125
Memory cached:  8.0
	 epoch  80 training error:  tensor(0.0668, device='cuda:0', grad_fn=<DivBackward0>)
Memory status after this epoch: 
Memory allocated:  7.1376953125
Memory cached:  8.0
	 epoch  90 training error:  tensor(0.0587, device='cuda:0', grad_fn=<DivBackward0>)
Memory status after this epoch: 
Memory allocated:  7.1376953125
Memory cached:  8.0
