[I 2024-01-03 14:23:21,237] Trial 5 finished with value: 0.32889804244041443 and parameters: {'W_layers': 8, 'W_layer_units_exponent_0': 5, 'W_layer_units_exponent_1': 4, 'W_layer_units_exponent_2': 5, 'W_layer_units_exponent_3': 10, 'W_layer_units_exponent_4': 6, 'W_layer_units_exponent_5': 7, 'W_layer_units_exponent_6': 4, 'W_layer_units_exponent_7': 5, 'D_layers': 4, 'D_layer_units_exponent_0': 6, 'D_layer_units_exponent_1': 7, 'D_layer_units_exponent_2': 9, 'D_layer_units_exponent_3': 10, 'D_dagger_layers': 7, 'D_dagger_layer_units_exponent_0': 10, 'D_dagger_layer_units_exponent_1': 7, 'D_dagger_layer_units_exponent_2': 10, 'D_dagger_layer_units_exponent_3': 7, 'D_dagger_layer_units_exponent_4': 10, 'D_dagger_layer_units_exponent_5': 9, 'D_dagger_layer_units_exponent_6': 7, 'log_learning_rate': -4.292025142781511, 'log_learning_rate_D': -4.650015520043776, 'log_learning_rate_D_dagger': -4.859768385156954, 'training_batch_size': 10, 'training_p': 2}. Best is trial 5 with value: 0.32889804244041443.
res:  tensor(0.3289, device='cuda:0', grad_fn=<DivBackward0>)
self.bestValue:  tensor(0.3657, device='cuda:0', grad_fn=<DivBackward0>)
Save this model!
Time for this trial:  249.56329584121704
Memory status after this trial: 
Memory allocated:  380.86083984375
Memory cached:  502.0
--------------------  Trial  6   --------------------
Start timing: 
Parameters: 
{'W_layers': 4, 'W_layer_units_exponent_0': 4, 'W_layer_units_exponent_1': 9, 'W_layer_units_exponent_2': 9, 'W_layer_units_exponent_3': 8, 'D_layers': 7, 'D_layer_units_exponent_0': 7, 'D_layer_units_exponent_1': 8, 'D_layer_units_exponent_2': 5, 'D_layer_units_exponent_3': 8, 'D_layer_units_exponent_4': 4, 'D_layer_units_exponent_5': 4, 'D_layer_units_exponent_6': 9, 'D_dagger_layers': 4, 'D_dagger_layer_units_exponent_0': 7, 'D_dagger_layer_units_exponent_1': 9, 'D_dagger_layer_units_exponent_2': 10, 'D_dagger_layer_units_exponent_3': 9, 'log_learning_rate': -1.5339417866793847, 'log_learning_rate_D': -1.4234715221137346, 'log_learning_rate_D_dagger': -2.553159101899611, 'training_batch_size': 10, 'training_p': 4}
	 epoch  0 training error:  tensor(1.0174, device='cuda:0', grad_fn=<DivBackward0>)
Memory status after this epoch: 
Memory allocated:  405.07666015625
Memory cached:  568.0
	 epoch  10 training error:  tensor(4.5775, device='cuda:0', grad_fn=<DivBackward0>)
Memory status after this epoch: 
Memory allocated:  405.07666015625
Memory cached:  622.0
	 epoch  20 training error:  tensor(3.1859, device='cuda:0', grad_fn=<DivBackward0>)
Memory status after this epoch: 
Memory allocated:  405.07666015625
Memory cached:  618.0
	 epoch  30 training error:  tensor(6.7412, device='cuda:0', grad_fn=<DivBackward0>)
Memory status after this epoch: 
Memory allocated:  405.07666015625
Memory cached:  620.0
	 epoch  40 training error:  tensor(7.8234, device='cuda:0', grad_fn=<DivBackward0>)
Memory status after this epoch: 
Memory allocated:  405.07666015625
Memory cached:  626.0
	 epoch  50 training error:  tensor(6.3629, device='cuda:0', grad_fn=<DivBackward0>)
Memory status after this epoch: 
Memory allocated:  405.07666015625
Memory cached:  618.0
	 epoch  60 training error:  tensor(5.9809, device='cuda:0', grad_fn=<DivBackward0>)
Memory status after this epoch: 
Memory allocated:  405.07666015625
Memory cached:  626.0
	 epoch  70 training error:  tensor(5.7192, device='cuda:0', grad_fn=<DivBackward0>)
Memory status after this epoch: 
Memory allocated:  405.07666015625
Memory cached:  628.0
	 epoch  80 training error:  tensor(7.6760, device='cuda:0', grad_fn=<DivBackward0>)
Memory status after this epoch: 
Memory allocated:  405.07666015625
Memory cached:  622.0
	 epoch  90 training error:  tensor(6.9719, device='cuda:0', grad_fn=<DivBackward0>)
Memory status after this epoch: 
Memory allocated:  405.07666015625
Memory cached:  620.0
[I 2024-01-03 14:26:53,037] Trial 6 finished with value: 3.698063611984253 and parameters: {'W_layers': 4, 'W_layer_units_exponent_0': 4, 'W_layer_units_exponent_1': 9, 'W_layer_units_exponent_2': 9, 'W_layer_units_exponent_3': 8, 'D_layers': 7, 'D_layer_units_exponent_0': 7, 'D_layer_units_exponent_1': 8, 'D_layer_units_exponent_2': 5, 'D_layer_units_exponent_3': 8, 'D_layer_units_exponent_4': 4, 'D_layer_units_exponent_5': 4, 'D_layer_units_exponent_6': 9, 'D_dagger_layers': 4, 'D_dagger_layer_units_exponent_0': 7, 'D_dagger_layer_units_exponent_1': 9, 'D_dagger_layer_units_exponent_2': 10, 'D_dagger_layer_units_exponent_3': 9, 'log_learning_rate': -1.5339417866793847, 'log_learning_rate_D': -1.4234715221137346, 'log_learning_rate_D_dagger': -2.553159101899611, 'training_batch_size': 10, 'training_p': 4}. Best is trial 5 with value: 0.32889804244041443.
Time for this trial:  211.5499153137207
Memory status after this trial: 
Memory allocated:  633.77685546875
Memory cached:  644.0
--------------------  Trial  7   --------------------
Start timing: 
Parameters: 
{'W_layers': 8, 'W_layer_units_exponent_0': 7, 'W_layer_units_exponent_1': 5, 'W_layer_units_exponent_2': 8, 'W_layer_units_exponent_3': 10, 'W_layer_units_exponent_4': 10, 'W_layer_units_exponent_5': 4, 'W_layer_units_exponent_6': 4, 'W_layer_units_exponent_7': 6, 'D_layers': 3, 'D_layer_units_exponent_0': 9, 'D_layer_units_exponent_1': 5, 'D_layer_units_exponent_2': 6, 'D_dagger_layers': 3, 'D_dagger_layer_units_exponent_0': 6, 'D_dagger_layer_units_exponent_1': 7, 'D_dagger_layer_units_exponent_2': 8, 'log_learning_rate': -3.460479196656924, 'log_learning_rate_D': -4.867295629438786, 'log_learning_rate_D_dagger': -3.1766873110904035, 'training_batch_size': 12, 'training_p': 6}
	 epoch  0 training error:  tensor(0.9982, device='cuda:0', grad_fn=<DivBackward0>)
Memory status after this epoch: 
Memory allocated:  402.36767578125
Memory cached:  566.0
	 epoch  10 training error:  tensor(0.5381, device='cuda:0', grad_fn=<DivBackward0>)
Memory status after this epoch: 
Memory allocated:  402.36767578125
Memory cached:  616.0
	 epoch  20 training error:  tensor(0.5464, device='cuda:0', grad_fn=<DivBackward0>)
Memory status after this epoch: 
Memory allocated:  402.36767578125
Memory cached:  624.0
	 epoch  30 training error:  tensor(0.5211, device='cuda:0', grad_fn=<DivBackward0>)
Memory status after this epoch: 
Memory allocated:  402.36767578125
Memory cached:  622.0
	 epoch  40 training error:  tensor(0.5149, device='cuda:0', grad_fn=<DivBackward0>)
Memory status after this epoch: 
Memory allocated:  402.36767578125
Memory cached:  622.0
	 epoch  50 training error:  tensor(0.5110, device='cuda:0', grad_fn=<DivBackward0>)
Memory status after this epoch: 
Memory allocated:  402.36767578125
Memory cached:  624.0
	 epoch  60 training error:  tensor(0.5130, device='cuda:0', grad_fn=<DivBackward0>)
Memory status after this epoch: 
Memory allocated:  402.36767578125
Memory cached:  620.0
	 epoch  70 training error:  tensor(0.5187, device='cuda:0', grad_fn=<DivBackward0>)
Memory status after this epoch: 
Memory allocated:  402.36767578125
Memory cached:  626.0
	 epoch  80 training error:  tensor(0.5170, device='cuda:0', grad_fn=<DivBackward0>)
Memory status after this epoch: 
Memory allocated:  402.36767578125
Memory cached:  616.0
	 epoch  90 training error:  tensor(0.5092, device='cuda:0', grad_fn=<DivBackward0>)
Memory status after this epoch: 
Memory allocated:  402.36767578125
Memory cached:  622.0
[I 2024-01-03 14:30:07,158] Trial 7 finished with value: 0.4057930111885071 and parameters: {'W_layers': 8, 'W_layer_units_exponent_0': 7, 'W_layer_units_exponent_1': 5, 'W_layer_units_exponent_2': 8, 'W_layer_units_exponent_3': 10, 'W_layer_units_exponent_4': 10, 'W_layer_units_exponent_5': 4, 'W_layer_units_exponent_6': 4, 'W_layer_units_exponent_7': 6, 'D_layers': 3, 'D_layer_units_exponent_0': 9, 'D_layer_units_exponent_1': 5, 'D_layer_units_exponent_2': 6, 'D_dagger_layers': 3, 'D_dagger_layer_units_exponent_0': 6, 'D_dagger_layer_units_exponent_1': 7, 'D_dagger_layer_units_exponent_2': 8, 'log_learning_rate': -3.460479196656924, 'log_learning_rate_D': -4.867295629438786, 'log_learning_rate_D_dagger': -3.1766873110904035, 'training_batch_size': 12, 'training_p': 6}. Best is trial 5 with value: 0.32889804244041443.
Time for this trial:  193.8294460773468
Memory status after this trial: 
Memory allocated:  582.13037109375
Memory cached:  590.0
--------------------  Trial  8   --------------------
Start timing: 
Parameters: 
{'W_layers': 8, 'W_layer_units_exponent_0': 6, 'W_layer_units_exponent_1': 7, 'W_layer_units_exponent_2': 10, 'W_layer_units_exponent_3': 4, 'W_layer_units_exponent_4': 5, 'W_layer_units_exponent_5': 7, 'W_layer_units_exponent_6': 7, 'W_layer_units_exponent_7': 8, 'D_layers': 5, 'D_layer_units_exponent_0': 9, 'D_layer_units_exponent_1': 10, 'D_layer_units_exponent_2': 6, 'D_layer_units_exponent_3': 10, 'D_layer_units_exponent_4': 8, 'D_dagger_layers': 6, 'D_dagger_layer_units_exponent_0': 4, 'D_dagger_layer_units_exponent_1': 6, 'D_dagger_layer_units_exponent_2': 9, 'D_dagger_layer_units_exponent_3': 8, 'D_dagger_layer_units_exponent_4': 6, 'D_dagger_layer_units_exponent_5': 5, 'log_learning_rate': -3.6244939262057843, 'log_learning_rate_D': -2.2313901737183643, 'log_learning_rate_D_dagger': -4.0257376124500155, 'training_batch_size': 6, 'training_p': 6}
	 epoch  0 training error:  tensor(0.9846, device='cuda:0', grad_fn=<DivBackward0>)
Memory status after this epoch: 
Memory allocated:  401.05029296875
Memory cached:  554.0
	 epoch  10 training error:  tensor(0.5764, device='cuda:0', grad_fn=<DivBackward0>)
Memory status after this epoch: 
Memory allocated:  401.05029296875
Memory cached:  596.0
	 epoch  20 training error:  tensor(0.5570, device='cuda:0', grad_fn=<DivBackward0>)
Memory status after this epoch: 
Memory allocated:  401.05029296875
Memory cached:  588.0
	 epoch  30 training error:  tensor(0.5507, device='cuda:0', grad_fn=<DivBackward0>)
Memory status after this epoch: 
Memory allocated:  401.05029296875
Memory cached:  580.0
	 epoch  40 training error:  tensor(0.5518, device='cuda:0', grad_fn=<DivBackward0>)
Memory status after this epoch: 
Memory allocated:  401.05029296875
Memory cached:  590.0
	 epoch  50 training error:  tensor(0.5523, device='cuda:0', grad_fn=<DivBackward0>)
Memory status after this epoch: 
Memory allocated:  401.05029296875
Memory cached:  584.0
	 epoch  60 training error:  tensor(0.5540, device='cuda:0', grad_fn=<DivBackward0>)
Memory status after this epoch: 
Memory allocated:  401.05029296875
Memory cached:  586.0
	 epoch  70 training error:  tensor(0.5504, device='cuda:0', grad_fn=<DivBackward0>)
Memory status after this epoch: 
Memory allocated:  401.05029296875
Memory cached:  592.0
	 epoch  80 training error:  tensor(0.5519, device='cuda:0', grad_fn=<DivBackward0>)
Memory status after this epoch: 
Memory allocated:  401.05029296875
Memory cached:  584.0
	 epoch  90 training error:  tensor(0.5625, device='cuda:0', grad_fn=<DivBackward0>)
Memory status after this epoch: 
Memory allocated:  401.05029296875
Memory cached:  588.0
[I 2024-01-03 14:37:13,718] Trial 8 finished with value: 0.5157011151313782 and parameters: {'W_layers': 8, 'W_layer_units_exponent_0': 6, 'W_layer_units_exponent_1': 7, 'W_layer_units_exponent_2': 10, 'W_layer_units_exponent_3': 4, 'W_layer_units_exponent_4': 5, 'W_layer_units_exponent_5': 7, 'W_layer_units_exponent_6': 7, 'W_layer_units_exponent_7': 8, 'D_layers': 5, 'D_layer_units_exponent_0': 9, 'D_layer_units_exponent_1': 10, 'D_layer_units_exponent_2': 6, 'D_layer_units_exponent_3': 10, 'D_layer_units_exponent_4': 8, 'D_dagger_layers': 6, 'D_dagger_layer_units_exponent_0': 4, 'D_dagger_layer_units_exponent_1': 6, 'D_dagger_layer_units_exponent_2': 9, 'D_dagger_layer_units_exponent_3': 8, 'D_dagger_layer_units_exponent_4': 6, 'D_dagger_layer_units_exponent_5': 5, 'log_learning_rate': -3.6244939262057843, 'log_learning_rate_D': -2.2313901737183643, 'log_learning_rate_D_dagger': -4.0257376124500155, 'training_batch_size': 6, 'training_p': 6}. Best is trial 5 with value: 0.32889804244041443.
Time for this trial:  426.2181055545807
Memory status after this trial: 
Memory allocated:  685.0458984375
Memory cached:  700.0
--------------------  Trial  9   --------------------
Start timing: 
Parameters: 
{'W_layers': 3, 'W_layer_units_exponent_0': 6, 'W_layer_units_exponent_1': 5, 'W_layer_units_exponent_2': 4, 'D_layers': 2, 'D_layer_units_exponent_0': 9, 'D_layer_units_exponent_1': 8, 'D_dagger_layers': 2, 'D_dagger_layer_units_exponent_0': 8, 'D_dagger_layer_units_exponent_1': 6, 'log_learning_rate': -4.417554674369935, 'log_learning_rate_D': -2.4848208371713607, 'log_learning_rate_D_dagger': -1.2856849372739494, 'training_batch_size': 8, 'training_p': 2}
	 epoch  0 training error:  tensor(1.0571, device='cuda:0', grad_fn=<DivBackward0>)
Memory status after this epoch: 
Memory allocated:  383.26611328125
Memory cached:  530.0
	 epoch  10 training error:  tensor(0.4559, device='cuda:0', grad_fn=<DivBackward0>)
Memory status after this epoch: 
Memory allocated:  383.26611328125
Memory cached:  564.0
	 epoch  20 training error:  tensor(0.4907, device='cuda:0', grad_fn=<DivBackward0>)
Memory status after this epoch: 
Memory allocated:  383.26611328125
Memory cached:  562.0
	 epoch  30 training error:  tensor(0.4278, device='cuda:0', grad_fn=<DivBackward0>)
Memory status after this epoch: 
Memory allocated:  383.26611328125
Memory cached:  570.0
	 epoch  40 training error:  tensor(0.3295, device='cuda:0', grad_fn=<DivBackward0>)
Memory status after this epoch: 
Memory allocated:  383.26611328125
Memory cached:  564.0
	 epoch  50 training error:  tensor(0.3008, device='cuda:0', grad_fn=<DivBackward0>)
Memory status after this epoch: 
Memory allocated:  383.26611328125
Memory cached:  560.0
	 epoch  60 training error:  tensor(0.2983, device='cuda:0', grad_fn=<DivBackward0>)
Memory status after this epoch: 
Memory allocated:  383.26611328125
Memory cached:  570.0
	 epoch  70 training error:  tensor(0.2962, device='cuda:0', grad_fn=<DivBackward0>)
Memory status after this epoch: 
Memory allocated:  383.26611328125
Memory cached:  570.0
	 epoch  80 training error:  tensor(0.2845, device='cuda:0', grad_fn=<DivBackward0>)
Memory status after this epoch: 
Memory allocated:  383.26611328125
Memory cached:  568.0
	 epoch  90 training error:  tensor(0.2862, device='cuda:0', grad_fn=<DivBackward0>)
Memory status after this epoch: 
Memory allocated:  383.26611328125
Memory cached:  562.0
[I 2024-01-03 14:39:19,390] Trial 9 finished with value: 0.31661567091941833 and parameters: {'W_layers': 3, 'W_layer_units_exponent_0': 6, 'W_layer_units_exponent_1': 5, 'W_layer_units_exponent_2': 4, 'D_layers': 2, 'D_layer_units_exponent_0': 9, 'D_layer_units_exponent_1': 8, 'D_dagger_layers': 2, 'D_dagger_layer_units_exponent_0': 8, 'D_dagger_layer_units_exponent_1': 6, 'log_learning_rate': -4.417554674369935, 'log_learning_rate_D': -2.4848208371713607, 'log_learning_rate_D_dagger': -1.2856849372739494, 'training_batch_size': 8, 'training_p': 2}. Best is trial 9 with value: 0.31661567091941833.
res:  tensor(0.3166, device='cuda:0', grad_fn=<DivBackward0>)
self.bestValue:  tensor(0.3289, device='cuda:0', grad_fn=<DivBackward0>)
Save this model!
Time for this trial:  125.37586283683777
Memory status after this trial: 
Memory allocated:  62.87353515625
Memory cached:  484.0
--------------------  Trial  10   --------------------
Start timing: 
Parameters: 
{'W_layers': 3, 'W_layer_units_exponent_0': 10, 'W_layer_units_exponent_1': 4, 'W_layer_units_exponent_2': 7, 'D_layers': 2, 'D_layer_units_exponent_0': 4, 'D_layer_units_exponent_1': 10, 'D_dagger_layers': 4, 'D_dagger_layer_units_exponent_0': 4, 'D_dagger_layer_units_exponent_1': 4, 'D_dagger_layer_units_exponent_2': 4, 'D_dagger_layer_units_exponent_3': 10, 'log_learning_rate': -4.792525772399292, 'log_learning_rate_D': -1.102633200219219, 'log_learning_rate_D_dagger': -1.0029058988755584, 'training_batch_size': 8, 'training_p': 8}
	 epoch  0 training error:  tensor(1.0459, device='cuda:0', grad_fn=<DivBackward0>)
Memory status after this epoch: 
Memory allocated:  63.80615234375
Memory cached:  470.0
	 epoch  10 training error:  tensor(1.0160, device='cuda:0', grad_fn=<DivBackward0>)
Memory status after this epoch: 
Memory allocated:  63.80615234375
Memory cached:  502.0
	 epoch  20 training error:  tensor(0.8800, device='cuda:0', grad_fn=<DivBackward0>)
Memory status after this epoch: 
Memory allocated:  63.80615234375
Memory cached:  504.0
	 epoch  30 training error:  tensor(0.6709, device='cuda:0', grad_fn=<DivBackward0>)
Memory status after this epoch: 
Memory allocated:  63.80615234375
Memory cached:  498.0
	 epoch  40 training error:  tensor(0.6093, device='cuda:0', grad_fn=<DivBackward0>)
Memory status after this epoch: 
Memory allocated:  63.80615234375
Memory cached:  498.0
	 epoch  50 training error:  tensor(0.6100, device='cuda:0', grad_fn=<DivBackward0>)
Memory status after this epoch: 
Memory allocated:  63.80615234375
Memory cached:  504.0
	 epoch  60 training error:  tensor(0.6150, device='cuda:0', grad_fn=<DivBackward0>)
Memory status after this epoch: 
Memory allocated:  63.80615234375
Memory cached:  500.0
	 epoch  70 training error:  tensor(0.5913, device='cuda:0', grad_fn=<DivBackward0>)
Memory status after this epoch: 
Memory allocated:  63.80615234375
Memory cached:  496.0
	 epoch  80 training error:  tensor(0.5810, device='cuda:0', grad_fn=<DivBackward0>)
Memory status after this epoch: 
Memory allocated:  63.80615234375
Memory cached:  498.0
	 epoch  90 training error:  tensor(0.5904, device='cuda:0', grad_fn=<DivBackward0>)
Memory status after this epoch: 
Memory allocated:  63.80615234375
Memory cached:  500.0
[I 2024-01-03 14:41:43,473] Trial 10 finished with value: 0.5166897177696228 and parameters: {'W_layers': 3, 'W_layer_units_exponent_0': 10, 'W_layer_units_exponent_1': 4, 'W_layer_units_exponent_2': 7, 'D_layers': 2, 'D_layer_units_exponent_0': 4, 'D_layer_units_exponent_1': 10, 'D_dagger_layers': 4, 'D_dagger_layer_units_exponent_0': 4, 'D_dagger_layer_units_exponent_1': 4, 'D_dagger_layer_units_exponent_2': 4, 'D_dagger_layer_units_exponent_3': 10, 'log_learning_rate': -4.792525772399292, 'log_learning_rate_D': -1.102633200219219, 'log_learning_rate_D_dagger': -1.0029058988755584, 'training_batch_size': 8, 'training_p': 8}. Best is trial 9 with value: 0.31661567091941833.
Time for this trial:  143.81297254562378
Memory status after this trial: 
Memory allocated:  222.59326171875
Memory cached:  474.0
--------------------  Trial  11   --------------------
Start timing: 
Parameters: 
{'W_layers': 5, 'W_layer_units_exponent_0': 8, 'W_layer_units_exponent_1': 4, 'W_layer_units_exponent_2': 4, 'W_layer_units_exponent_3': 6, 'W_layer_units_exponent_4': 6, 'D_layers': 2, 'D_layer_units_exponent_0': 7, 'D_layer_units_exponent_1': 7, 'D_dagger_layers': 8, 'D_dagger_layer_units_exponent_0': 10, 'D_dagger_layer_units_exponent_1': 7, 'D_dagger_layer_units_exponent_2': 6, 'D_dagger_layer_units_exponent_3': 6, 'D_dagger_layer_units_exponent_4': 10, 'D_dagger_layer_units_exponent_5': 10, 'D_dagger_layer_units_exponent_6': 5, 'D_dagger_layer_units_exponent_7': 8, 'log_learning_rate': -4.336990940174451, 'log_learning_rate_D': -3.5802892232558134, 'log_learning_rate_D_dagger': -1.9253806652969283, 'training_batch_size': 9, 'training_p': 2}
	 epoch  0 training error:  tensor(1.0324, device='cuda:0', grad_fn=<DivBackward0>)
Memory status after this epoch: 
Memory allocated:  83.28466796875
Memory cached:  498.0
	 epoch  10 training error:  tensor(1.1262, device='cuda:0', grad_fn=<DivBackward0>)
Memory status after this epoch: 
Memory allocated:  83.28466796875
Memory cached:  548.0
	 epoch  20 training error:  tensor(0.6089, device='cuda:0', grad_fn=<DivBackward0>)
Memory status after this epoch: 
Memory allocated:  83.28466796875
Memory cached:  546.0
	 epoch  30 training error:  tensor(4.2335, device='cuda:0', grad_fn=<DivBackward0>)
Memory status after this epoch: 
Memory allocated:  83.28466796875
Memory cached:  550.0
	 epoch  40 training error:  tensor(0.4440, device='cuda:0', grad_fn=<DivBackward0>)
Memory status after this epoch: 
Memory allocated:  83.28466796875
Memory cached:  548.0
	 epoch  50 training error:  tensor(0.8326, device='cuda:0', grad_fn=<DivBackward0>)
Memory status after this epoch: 
Memory allocated:  83.28466796875
Memory cached:  548.0
	 epoch  60 training error:  tensor(0.3198, device='cuda:0', grad_fn=<DivBackward0>)
Memory status after this epoch: 
Memory allocated:  83.28466796875
Memory cached:  538.0
	 epoch  70 training error:  tensor(0.3233, device='cuda:0', grad_fn=<DivBackward0>)
Memory status after this epoch: 
Memory allocated:  83.28466796875
Memory cached:  542.0
	 epoch  80 training error:  tensor(0.3027, device='cuda:0', grad_fn=<DivBackward0>)
Memory status after this epoch: 
Memory allocated:  83.28466796875
Memory cached:  534.0
	 epoch  90 training error:  tensor(0.3384, device='cuda:0', grad_fn=<DivBackward0>)
Memory status after this epoch: 
Memory allocated:  83.28466796875
Memory cached:  544.0
