[I 2023-12-20 18:27:06,090] Trial 44 finished with value: 0.34219232201576233 and parameters: {'W_layers': 6, 'W_layer_units_exponent_0': 9, 'W_layer_units_exponent_1': 6, 'W_layer_units_exponent_2': 9, 'W_layer_units_exponent_3': 6, 'W_layer_units_exponent_4': 4, 'W_layer_units_exponent_5': 5, 'D_layers': 6, 'D_layer_units_exponent_0': 7, 'D_layer_units_exponent_1': 6, 'D_layer_units_exponent_2': 7, 'D_layer_units_exponent_3': 6, 'D_layer_units_exponent_4': 5, 'D_layer_units_exponent_5': 5, 'D_dagger_layers': 6, 'D_dagger_layer_units_exponent_0': 5, 'D_dagger_layer_units_exponent_1': 9, 'D_dagger_layer_units_exponent_2': 7, 'D_dagger_layer_units_exponent_3': 9, 'D_dagger_layer_units_exponent_4': 8, 'D_dagger_layer_units_exponent_5': 7, 'log_learning_rate': -3.715749990996737, 'log_learning_rate_D': -4.387767105490402, 'log_learning_rate_D_dagger': -3.8044237904984115, 'training_batch_size': 9, 'training_p': 3}. Best is trial 6 with value: 0.3267160654067993.
Time for this trial:  21.137150764465332
Memory status after this trial: 
Memory allocated:  282.59130859375
Memory cached:  294.0
--------------------  Trial  45   --------------------
Start timing: 
Parameters: 
{'W_layers': 6, 'W_layer_units_exponent_0': 10, 'W_layer_units_exponent_1': 5, 'W_layer_units_exponent_2': 10, 'W_layer_units_exponent_3': 6, 'W_layer_units_exponent_4': 5, 'W_layer_units_exponent_5': 7, 'D_layers': 5, 'D_layer_units_exponent_0': 8, 'D_layer_units_exponent_1': 8, 'D_layer_units_exponent_2': 5, 'D_layer_units_exponent_3': 7, 'D_layer_units_exponent_4': 4, 'D_dagger_layers': 7, 'D_dagger_layer_units_exponent_0': 4, 'D_dagger_layer_units_exponent_1': 10, 'D_dagger_layer_units_exponent_2': 5, 'D_dagger_layer_units_exponent_3': 8, 'D_dagger_layer_units_exponent_4': 9, 'D_dagger_layer_units_exponent_5': 5, 'D_dagger_layer_units_exponent_6': 5, 'log_learning_rate': -3.4289780540406736, 'log_learning_rate_D': -3.886952150354285, 'log_learning_rate_D_dagger': -3.569633457039045, 'training_batch_size': 8, 'training_p': 2}
	 epoch  0 training error:  tensor(1.0005, device='cuda:0', grad_fn=<DivBackward0>)
Memory status after this epoch: 
Memory allocated:  135.6337890625
Memory cached:  184.0
	 epoch  10 training error:  tensor(0.3704, device='cuda:0', grad_fn=<DivBackward0>)
Memory status after this epoch: 
Memory allocated:  135.6337890625
Memory cached:  188.0
	 epoch  20 training error:  tensor(0.3268, device='cuda:0', grad_fn=<DivBackward0>)
Memory status after this epoch: 
Memory allocated:  135.6337890625
Memory cached:  188.0
	 epoch  30 training error:  tensor(0.3096, device='cuda:0', grad_fn=<DivBackward0>)
Memory status after this epoch: 
Memory allocated:  135.6337890625
Memory cached:  188.0
	 epoch  40 training error:  tensor(0.3005, device='cuda:0', grad_fn=<DivBackward0>)
Memory status after this epoch: 
Memory allocated:  135.6337890625
Memory cached:  188.0
	 epoch  50 training error:  tensor(0.2918, device='cuda:0', grad_fn=<DivBackward0>)
Memory status after this epoch: 
Memory allocated:  135.6337890625
Memory cached:  188.0
	 epoch  60 training error:  tensor(0.2987, device='cuda:0', grad_fn=<DivBackward0>)
Memory status after this epoch: 
Memory allocated:  135.6337890625
Memory cached:  188.0
	 epoch  70 training error:  tensor(0.2927, device='cuda:0', grad_fn=<DivBackward0>)
Memory status after this epoch: 
Memory allocated:  135.6337890625
Memory cached:  188.0
	 epoch  80 training error:  tensor(0.2955, device='cuda:0', grad_fn=<DivBackward0>)
Memory status after this epoch: 
Memory allocated:  135.6337890625
Memory cached:  188.0
	 epoch  90 training error:  tensor(0.2937, device='cuda:0', grad_fn=<DivBackward0>)
Memory status after this epoch: 
Memory allocated:  135.6337890625
Memory cached:  188.0
[I 2023-12-20 18:27:29,749] Trial 45 finished with value: 0.33303508162498474 and parameters: {'W_layers': 6, 'W_layer_units_exponent_0': 10, 'W_layer_units_exponent_1': 5, 'W_layer_units_exponent_2': 10, 'W_layer_units_exponent_3': 6, 'W_layer_units_exponent_4': 5, 'W_layer_units_exponent_5': 7, 'D_layers': 5, 'D_layer_units_exponent_0': 8, 'D_layer_units_exponent_1': 8, 'D_layer_units_exponent_2': 5, 'D_layer_units_exponent_3': 7, 'D_layer_units_exponent_4': 4, 'D_dagger_layers': 7, 'D_dagger_layer_units_exponent_0': 4, 'D_dagger_layer_units_exponent_1': 10, 'D_dagger_layer_units_exponent_2': 5, 'D_dagger_layer_units_exponent_3': 8, 'D_dagger_layer_units_exponent_4': 9, 'D_dagger_layer_units_exponent_5': 5, 'D_dagger_layer_units_exponent_6': 5, 'log_learning_rate': -3.4289780540406736, 'log_learning_rate_D': -3.886952150354285, 'log_learning_rate_D_dagger': -3.569633457039045, 'training_batch_size': 8, 'training_p': 2}. Best is trial 6 with value: 0.3267160654067993.
Time for this trial:  23.14938187599182
Memory status after this trial: 
Memory allocated:  361.14892578125
Memory cached:  380.0
--------------------  Trial  46   --------------------
Start timing: 
Parameters: 
{'W_layers': 7, 'W_layer_units_exponent_0': 9, 'W_layer_units_exponent_1': 6, 'W_layer_units_exponent_2': 9, 'W_layer_units_exponent_3': 7, 'W_layer_units_exponent_4': 4, 'W_layer_units_exponent_5': 4, 'W_layer_units_exponent_6': 4, 'D_layers': 6, 'D_layer_units_exponent_0': 7, 'D_layer_units_exponent_1': 7, 'D_layer_units_exponent_2': 4, 'D_layer_units_exponent_3': 6, 'D_layer_units_exponent_4': 5, 'D_layer_units_exponent_5': 8, 'D_dagger_layers': 6, 'D_dagger_layer_units_exponent_0': 4, 'D_dagger_layer_units_exponent_1': 8, 'D_dagger_layer_units_exponent_2': 8, 'D_dagger_layer_units_exponent_3': 9, 'D_dagger_layer_units_exponent_4': 10, 'D_dagger_layer_units_exponent_5': 6, 'log_learning_rate': -3.1716374649963965, 'log_learning_rate_D': -3.705757431888485, 'log_learning_rate_D_dagger': -3.2635946522385906, 'training_batch_size': 10, 'training_p': 2}
	 epoch  0 training error:  tensor(0.9689, device='cuda:0', grad_fn=<DivBackward0>)
Memory status after this epoch: 
Memory allocated:  145.08544921875
Memory cached:  200.0
	 epoch  10 training error:  tensor(0.3014, device='cuda:0', grad_fn=<DivBackward0>)
Memory status after this epoch: 
Memory allocated:  145.08544921875
Memory cached:  200.0
	 epoch  20 training error:  tensor(0.3208, device='cuda:0', grad_fn=<DivBackward0>)
Memory status after this epoch: 
Memory allocated:  145.08544921875
Memory cached:  200.0
	 epoch  30 training error:  tensor(0.2869, device='cuda:0', grad_fn=<DivBackward0>)
Memory status after this epoch: 
Memory allocated:  145.08544921875
Memory cached:  202.0
	 epoch  40 training error:  tensor(0.2855, device='cuda:0', grad_fn=<DivBackward0>)
Memory status after this epoch: 
Memory allocated:  145.08544921875
Memory cached:  200.0
	 epoch  50 training error:  tensor(0.2880, device='cuda:0', grad_fn=<DivBackward0>)
Memory status after this epoch: 
Memory allocated:  145.08544921875
Memory cached:  200.0
	 epoch  60 training error:  tensor(0.2906, device='cuda:0', grad_fn=<DivBackward0>)
Memory status after this epoch: 
Memory allocated:  145.08544921875
Memory cached:  202.0
	 epoch  70 training error:  tensor(0.2894, device='cuda:0', grad_fn=<DivBackward0>)
Memory status after this epoch: 
Memory allocated:  145.08544921875
Memory cached:  200.0
	 epoch  80 training error:  tensor(0.2867, device='cuda:0', grad_fn=<DivBackward0>)
Memory status after this epoch: 
Memory allocated:  145.08544921875
Memory cached:  200.0
	 epoch  90 training error:  tensor(0.2889, device='cuda:0', grad_fn=<DivBackward0>)
Memory status after this epoch: 
Memory allocated:  145.08544921875
Memory cached:  202.0
[I 2023-12-20 18:27:52,718] Trial 46 finished with value: 0.3284003436565399 and parameters: {'W_layers': 7, 'W_layer_units_exponent_0': 9, 'W_layer_units_exponent_1': 6, 'W_layer_units_exponent_2': 9, 'W_layer_units_exponent_3': 7, 'W_layer_units_exponent_4': 4, 'W_layer_units_exponent_5': 4, 'W_layer_units_exponent_6': 4, 'D_layers': 6, 'D_layer_units_exponent_0': 7, 'D_layer_units_exponent_1': 7, 'D_layer_units_exponent_2': 4, 'D_layer_units_exponent_3': 6, 'D_layer_units_exponent_4': 5, 'D_layer_units_exponent_5': 8, 'D_dagger_layers': 6, 'D_dagger_layer_units_exponent_0': 4, 'D_dagger_layer_units_exponent_1': 8, 'D_dagger_layer_units_exponent_2': 8, 'D_dagger_layer_units_exponent_3': 9, 'D_dagger_layer_units_exponent_4': 10, 'D_dagger_layer_units_exponent_5': 6, 'log_learning_rate': -3.1716374649963965, 'log_learning_rate_D': -3.705757431888485, 'log_learning_rate_D_dagger': -3.2635946522385906, 'training_batch_size': 10, 'training_p': 2}. Best is trial 6 with value: 0.3267160654067993.
Time for this trial:  22.596591472625732
Memory status after this trial: 
Memory allocated:  321.33740234375
Memory cached:  346.0
--------------------  Trial  47   --------------------
Start timing: 
Parameters: 
{'W_layers': 8, 'W_layer_units_exponent_0': 8, 'W_layer_units_exponent_1': 5, 'W_layer_units_exponent_2': 10, 'W_layer_units_exponent_3': 7, 'W_layer_units_exponent_4': 5, 'W_layer_units_exponent_5': 5, 'W_layer_units_exponent_6': 6, 'W_layer_units_exponent_7': 4, 'D_layers': 7, 'D_layer_units_exponent_0': 10, 'D_layer_units_exponent_1': 8, 'D_layer_units_exponent_2': 6, 'D_layer_units_exponent_3': 7, 'D_layer_units_exponent_4': 4, 'D_layer_units_exponent_5': 6, 'D_layer_units_exponent_6': 4, 'D_dagger_layers': 4, 'D_dagger_layer_units_exponent_0': 5, 'D_dagger_layer_units_exponent_1': 9, 'D_dagger_layer_units_exponent_2': 6, 'D_dagger_layer_units_exponent_3': 10, 'log_learning_rate': -3.6854924409707084, 'log_learning_rate_D': -4.558190537085148, 'log_learning_rate_D_dagger': -3.057933419865546, 'training_batch_size': 8, 'training_p': 2}
	 epoch  0 training error:  tensor(1.0495, device='cuda:0', grad_fn=<DivBackward0>)
Memory status after this epoch: 
Memory allocated:  135.6943359375
Memory cached:  182.0
	 epoch  10 training error:  tensor(0.2942, device='cuda:0', grad_fn=<DivBackward0>)
Memory status after this epoch: 
Memory allocated:  135.6943359375
Memory cached:  182.0
	 epoch  20 training error:  tensor(0.2898, device='cuda:0', grad_fn=<DivBackward0>)
Memory status after this epoch: 
Memory allocated:  135.6943359375
Memory cached:  184.0
	 epoch  30 training error:  tensor(0.2897, device='cuda:0', grad_fn=<DivBackward0>)
Memory status after this epoch: 
Memory allocated:  135.6943359375
Memory cached:  184.0
	 epoch  40 training error:  tensor(0.2924, device='cuda:0', grad_fn=<DivBackward0>)
Memory status after this epoch: 
Memory allocated:  135.6943359375
Memory cached:  182.0
	 epoch  50 training error:  tensor(0.2860, device='cuda:0', grad_fn=<DivBackward0>)
Memory status after this epoch: 
Memory allocated:  135.6943359375
Memory cached:  184.0
	 epoch  60 training error:  tensor(0.2878, device='cuda:0', grad_fn=<DivBackward0>)
Memory status after this epoch: 
Memory allocated:  135.6943359375
Memory cached:  182.0
	 epoch  70 training error:  tensor(0.2835, device='cuda:0', grad_fn=<DivBackward0>)
Memory status after this epoch: 
Memory allocated:  135.6943359375
Memory cached:  182.0
	 epoch  80 training error:  tensor(0.2890, device='cuda:0', grad_fn=<DivBackward0>)
Memory status after this epoch: 
Memory allocated:  135.6943359375
Memory cached:  184.0
	 epoch  90 training error:  tensor(0.2895, device='cuda:0', grad_fn=<DivBackward0>)
Memory status after this epoch: 
Memory allocated:  135.6943359375
Memory cached:  182.0
[I 2023-12-20 18:28:15,200] Trial 47 finished with value: 0.3291268050670624 and parameters: {'W_layers': 8, 'W_layer_units_exponent_0': 8, 'W_layer_units_exponent_1': 5, 'W_layer_units_exponent_2': 10, 'W_layer_units_exponent_3': 7, 'W_layer_units_exponent_4': 5, 'W_layer_units_exponent_5': 5, 'W_layer_units_exponent_6': 6, 'W_layer_units_exponent_7': 4, 'D_layers': 7, 'D_layer_units_exponent_0': 10, 'D_layer_units_exponent_1': 8, 'D_layer_units_exponent_2': 6, 'D_layer_units_exponent_3': 7, 'D_layer_units_exponent_4': 4, 'D_layer_units_exponent_5': 6, 'D_layer_units_exponent_6': 4, 'D_dagger_layers': 4, 'D_dagger_layer_units_exponent_0': 5, 'D_dagger_layer_units_exponent_1': 9, 'D_dagger_layer_units_exponent_2': 6, 'D_dagger_layer_units_exponent_3': 10, 'log_learning_rate': -3.6854924409707084, 'log_learning_rate_D': -4.558190537085148, 'log_learning_rate_D_dagger': -3.057933419865546, 'training_batch_size': 8, 'training_p': 2}. Best is trial 6 with value: 0.3267160654067993.
Time for this trial:  22.09966230392456
Memory status after this trial: 
Memory allocated:  299.77001953125
Memory cached:  322.0
--------------------  Trial  48   --------------------
Start timing: 
Parameters: 
{'W_layers': 5, 'W_layer_units_exponent_0': 10, 'W_layer_units_exponent_1': 4, 'W_layer_units_exponent_2': 9, 'W_layer_units_exponent_3': 8, 'W_layer_units_exponent_4': 5, 'D_layers': 6, 'D_layer_units_exponent_0': 6, 'D_layer_units_exponent_1': 8, 'D_layer_units_exponent_2': 7, 'D_layer_units_exponent_3': 7, 'D_layer_units_exponent_4': 8, 'D_layer_units_exponent_5': 7, 'D_dagger_layers': 7, 'D_dagger_layer_units_exponent_0': 8, 'D_dagger_layer_units_exponent_1': 8, 'D_dagger_layer_units_exponent_2': 5, 'D_dagger_layer_units_exponent_3': 7, 'D_dagger_layer_units_exponent_4': 9, 'D_dagger_layer_units_exponent_5': 7, 'D_dagger_layer_units_exponent_6': 8, 'log_learning_rate': -3.843528940326673, 'log_learning_rate_D': -3.313438827751478, 'log_learning_rate_D_dagger': -4.290122637221178, 'training_batch_size': 9, 'training_p': 3}
	 epoch  0 training error:  tensor(1.0059, device='cuda:0', grad_fn=<DivBackward0>)
Memory status after this epoch: 
Memory allocated:  136.76904296875
Memory cached:  182.0
	 epoch  10 training error:  tensor(0.5878, device='cuda:0', grad_fn=<DivBackward0>)
Memory status after this epoch: 
Memory allocated:  136.76904296875
Memory cached:  184.0
	 epoch  20 training error:  tensor(0.4895, device='cuda:0', grad_fn=<DivBackward0>)
Memory status after this epoch: 
Memory allocated:  136.76904296875
Memory cached:  184.0
	 epoch  30 training error:  tensor(0.4363, device='cuda:0', grad_fn=<DivBackward0>)
Memory status after this epoch: 
Memory allocated:  136.76904296875
Memory cached:  184.0
	 epoch  40 training error:  tensor(0.3931, device='cuda:0', grad_fn=<DivBackward0>)
Memory status after this epoch: 
Memory allocated:  136.76904296875
Memory cached:  184.0
	 epoch  50 training error:  tensor(0.3901, device='cuda:0', grad_fn=<DivBackward0>)
Memory status after this epoch: 
Memory allocated:  136.76904296875
Memory cached:  184.0
	 epoch  60 training error:  tensor(0.3829, device='cuda:0', grad_fn=<DivBackward0>)
Memory status after this epoch: 
Memory allocated:  136.76904296875
Memory cached:  184.0
	 epoch  70 training error:  tensor(0.3872, device='cuda:0', grad_fn=<DivBackward0>)
Memory status after this epoch: 
Memory allocated:  136.76904296875
Memory cached:  184.0
	 epoch  80 training error:  tensor(0.3858, device='cuda:0', grad_fn=<DivBackward0>)
Memory status after this epoch: 
Memory allocated:  136.76904296875
Memory cached:  184.0
	 epoch  90 training error:  tensor(0.3810, device='cuda:0', grad_fn=<DivBackward0>)
Memory status after this epoch: 
Memory allocated:  136.76904296875
Memory cached:  184.0
[I 2023-12-20 18:28:38,277] Trial 48 finished with value: 0.35230475664138794 and parameters: {'W_layers': 5, 'W_layer_units_exponent_0': 10, 'W_layer_units_exponent_1': 4, 'W_layer_units_exponent_2': 9, 'W_layer_units_exponent_3': 8, 'W_layer_units_exponent_4': 5, 'D_layers': 6, 'D_layer_units_exponent_0': 6, 'D_layer_units_exponent_1': 8, 'D_layer_units_exponent_2': 7, 'D_layer_units_exponent_3': 7, 'D_layer_units_exponent_4': 8, 'D_layer_units_exponent_5': 7, 'D_dagger_layers': 7, 'D_dagger_layer_units_exponent_0': 8, 'D_dagger_layer_units_exponent_1': 8, 'D_dagger_layer_units_exponent_2': 5, 'D_dagger_layer_units_exponent_3': 7, 'D_dagger_layer_units_exponent_4': 9, 'D_dagger_layer_units_exponent_5': 7, 'D_dagger_layer_units_exponent_6': 8, 'log_learning_rate': -3.843528940326673, 'log_learning_rate_D': -3.313438827751478, 'log_learning_rate_D_dagger': -4.290122637221178, 'training_batch_size': 9, 'training_p': 3}. Best is trial 6 with value: 0.3267160654067993.
Time for this trial:  22.626441478729248
Memory status after this trial: 
Memory allocated:  317.07373046875
Memory cached:  342.0
--------------------  Trial  49   --------------------
Start timing: 
Parameters: 
{'W_layers': 6, 'W_layer_units_exponent_0': 8, 'W_layer_units_exponent_1': 6, 'W_layer_units_exponent_2': 10, 'W_layer_units_exponent_3': 4, 'W_layer_units_exponent_4': 6, 'W_layer_units_exponent_5': 4, 'D_layers': 5, 'D_layer_units_exponent_0': 9, 'D_layer_units_exponent_1': 7, 'D_layer_units_exponent_2': 5, 'D_layer_units_exponent_3': 4, 'D_layer_units_exponent_4': 4, 'D_dagger_layers': 5, 'D_dagger_layer_units_exponent_0': 4, 'D_dagger_layer_units_exponent_1': 10, 'D_dagger_layer_units_exponent_2': 10, 'D_dagger_layer_units_exponent_3': 5, 'D_dagger_layer_units_exponent_4': 10, 'log_learning_rate': -4.027806510922876, 'log_learning_rate_D': -2.3743067298770435, 'log_learning_rate_D_dagger': -3.8767322853100814, 'training_batch_size': 7, 'training_p': 7}
	 epoch  0 training error:  tensor(0.9885, device='cuda:0', grad_fn=<DivBackward0>)
Memory status after this epoch: 
Memory allocated:  149.52587890625
Memory cached:  196.0
	 epoch  10 training error:  tensor(0.5430, device='cuda:0', grad_fn=<DivBackward0>)
Memory status after this epoch: 
Memory allocated:  149.52587890625
Memory cached:  200.0
	 epoch  20 training error:  tensor(0.5640, device='cuda:0', grad_fn=<DivBackward0>)
Memory status after this epoch: 
Memory allocated:  149.52587890625
Memory cached:  200.0
	 epoch  30 training error:  tensor(0.5406, device='cuda:0', grad_fn=<DivBackward0>)
Memory status after this epoch: 
Memory allocated:  149.52587890625
Memory cached:  200.0
	 epoch  40 training error:  tensor(0.5417, device='cuda:0', grad_fn=<DivBackward0>)
Memory status after this epoch: 
Memory allocated:  149.52587890625
Memory cached:  200.0
	 epoch  50 training error:  tensor(0.5308, device='cuda:0', grad_fn=<DivBackward0>)
Memory status after this epoch: 
Memory allocated:  149.52587890625
Memory cached:  200.0
	 epoch  60 training error:  tensor(0.5333, device='cuda:0', grad_fn=<DivBackward0>)
Memory status after this epoch: 
Memory allocated:  149.52587890625
Memory cached:  200.0
	 epoch  70 training error:  tensor(0.5337, device='cuda:0', grad_fn=<DivBackward0>)
Memory status after this epoch: 
Memory allocated:  149.52587890625
Memory cached:  200.0
	 epoch  80 training error:  tensor(0.5303, device='cuda:0', grad_fn=<DivBackward0>)
Memory status after this epoch: 
Memory allocated:  149.52587890625
Memory cached:  200.0
	 epoch  90 training error:  tensor(0.5325, device='cuda:0', grad_fn=<DivBackward0>)
Memory status after this epoch: 
Memory allocated:  149.52587890625
Memory cached:  200.0
