[I 2024-01-13 12:25:39,431] Trial 185 finished with value: 0.14405761659145355 and parameters: {'W_layers': 2, 'W_layer_units_exponent_0': 6, 'W_layer_units_exponent_1': 4, 'D_layers': 6, 'D_layer_units_exponent_0': 5, 'D_layer_units_exponent_1': 6, 'D_layer_units_exponent_2': 8, 'D_layer_units_exponent_3': 8, 'D_layer_units_exponent_4': 7, 'D_layer_units_exponent_5': 4, 'D_dagger_layers': 5, 'D_dagger_layer_units_exponent_0': 9, 'D_dagger_layer_units_exponent_1': 9, 'D_dagger_layer_units_exponent_2': 7, 'D_dagger_layer_units_exponent_3': 6, 'D_dagger_layer_units_exponent_4': 6, 'log_learning_rate': -4.739012121867844, 'log_learning_rate_D': -3.5411356300046473, 'log_learning_rate_D_dagger': -2.694829749033639, 'training_batch_size': 6, 'training_p': 8}. Best is trial 166 with value: 0.057614028453826904.
Time for this trial:  452.34455013275146
Memory status after this trial: 
Memory allocated:  489.697265625
Memory cached:  512.0
--------------------  Trial  186   --------------------
Start timing: 
Parameters: 
{'W_layers': 2, 'W_layer_units_exponent_0': 7, 'W_layer_units_exponent_1': 4, 'D_layers': 5, 'D_layer_units_exponent_0': 5, 'D_layer_units_exponent_1': 6, 'D_layer_units_exponent_2': 8, 'D_layer_units_exponent_3': 8, 'D_layer_units_exponent_4': 7, 'D_dagger_layers': 5, 'D_dagger_layer_units_exponent_0': 9, 'D_dagger_layer_units_exponent_1': 9, 'D_dagger_layer_units_exponent_2': 7, 'D_dagger_layer_units_exponent_3': 6, 'D_dagger_layer_units_exponent_4': 5, 'log_learning_rate': -4.820738490442118, 'log_learning_rate_D': -3.4958705329187243, 'log_learning_rate_D_dagger': -2.4879833944073524, 'training_batch_size': 6, 'training_p': 8}
	 epoch  0 training error:  tensor(0.9081, device='cuda:0', grad_fn=<DivBackward0>)
Memory status after this epoch: 
Memory allocated:  269.52734375
Memory cached:  510.0
	 epoch  10 training error:  tensor(0.6565, device='cuda:0', grad_fn=<DivBackward0>)
Memory status after this epoch: 
Memory allocated:  269.52734375
Memory cached:  512.0
	 epoch  20 training error:  tensor(0.5607, device='cuda:0', grad_fn=<DivBackward0>)
Memory status after this epoch: 
Memory allocated:  269.52734375
Memory cached:  512.0
	 epoch  30 training error:  tensor(0.5517, device='cuda:0', grad_fn=<DivBackward0>)
Memory status after this epoch: 
Memory allocated:  269.52734375
Memory cached:  516.0
	 epoch  40 training error:  tensor(0.5185, device='cuda:0', grad_fn=<DivBackward0>)
Memory status after this epoch: 
Memory allocated:  269.52734375
Memory cached:  512.0
	 epoch  50 training error:  tensor(0.4881, device='cuda:0', grad_fn=<DivBackward0>)
Memory status after this epoch: 
Memory allocated:  269.52734375
Memory cached:  512.0
	 epoch  60 training error:  tensor(0.4185, device='cuda:0', grad_fn=<DivBackward0>)
Memory status after this epoch: 
Memory allocated:  269.52734375
Memory cached:  512.0
	 epoch  70 training error:  tensor(0.2752, device='cuda:0', grad_fn=<DivBackward0>)
Memory status after this epoch: 
Memory allocated:  269.52734375
Memory cached:  514.0
	 epoch  80 training error:  tensor(0.2594, device='cuda:0', grad_fn=<DivBackward0>)
Memory status after this epoch: 
Memory allocated:  269.52734375
Memory cached:  512.0
	 epoch  90 training error:  tensor(0.2081, device='cuda:0', grad_fn=<DivBackward0>)
Memory status after this epoch: 
Memory allocated:  269.52734375
Memory cached:  512.0
[I 2024-01-13 12:32:52,308] Trial 186 finished with value: 0.14603643119335175 and parameters: {'W_layers': 2, 'W_layer_units_exponent_0': 7, 'W_layer_units_exponent_1': 4, 'D_layers': 5, 'D_layer_units_exponent_0': 5, 'D_layer_units_exponent_1': 6, 'D_layer_units_exponent_2': 8, 'D_layer_units_exponent_3': 8, 'D_layer_units_exponent_4': 7, 'D_dagger_layers': 5, 'D_dagger_layer_units_exponent_0': 9, 'D_dagger_layer_units_exponent_1': 9, 'D_dagger_layer_units_exponent_2': 7, 'D_dagger_layer_units_exponent_3': 6, 'D_dagger_layer_units_exponent_4': 5, 'log_learning_rate': -4.820738490442118, 'log_learning_rate_D': -3.4958705329187243, 'log_learning_rate_D_dagger': -2.4879833944073524, 'training_batch_size': 6, 'training_p': 8}. Best is trial 166 with value: 0.057614028453826904.
Time for this trial:  432.44943594932556
Memory status after this trial: 
Memory allocated:  490.1953125
Memory cached:  510.0
--------------------  Trial  187   --------------------
Start timing: 
Parameters: 
{'W_layers': 2, 'W_layer_units_exponent_0': 6, 'W_layer_units_exponent_1': 6, 'D_layers': 5, 'D_layer_units_exponent_0': 5, 'D_layer_units_exponent_1': 6, 'D_layer_units_exponent_2': 8, 'D_layer_units_exponent_3': 10, 'D_layer_units_exponent_4': 8, 'D_dagger_layers': 5, 'D_dagger_layer_units_exponent_0': 9, 'D_dagger_layer_units_exponent_1': 9, 'D_dagger_layer_units_exponent_2': 7, 'D_dagger_layer_units_exponent_3': 6, 'D_dagger_layer_units_exponent_4': 6, 'log_learning_rate': -4.902311349336033, 'log_learning_rate_D': -3.6067704531279663, 'log_learning_rate_D_dagger': -2.7549680494618096, 'training_batch_size': 6, 'training_p': 8}
	 epoch  0 training error:  tensor(0.8607, device='cuda:0', grad_fn=<DivBackward0>)
Memory status after this epoch: 
Memory allocated:  276.10546875
Memory cached:  514.0
	 epoch  10 training error:  tensor(0.5614, device='cuda:0', grad_fn=<DivBackward0>)
Memory status after this epoch: 
Memory allocated:  276.10546875
Memory cached:  524.0
	 epoch  20 training error:  tensor(0.5270, device='cuda:0', grad_fn=<DivBackward0>)
Memory status after this epoch: 
Memory allocated:  276.10546875
Memory cached:  518.0
	 epoch  30 training error:  tensor(0.4267, device='cuda:0', grad_fn=<DivBackward0>)
Memory status after this epoch: 
Memory allocated:  276.10546875
Memory cached:  518.0
	 epoch  40 training error:  tensor(0.2923, device='cuda:0', grad_fn=<DivBackward0>)
Memory status after this epoch: 
Memory allocated:  276.10546875
Memory cached:  520.0
	 epoch  50 training error:  tensor(0.2265, device='cuda:0', grad_fn=<DivBackward0>)
Memory status after this epoch: 
Memory allocated:  276.10546875
Memory cached:  516.0
	 epoch  60 training error:  tensor(0.2222, device='cuda:0', grad_fn=<DivBackward0>)
Memory status after this epoch: 
Memory allocated:  276.10546875
Memory cached:  520.0
	 epoch  70 training error:  tensor(0.1453, device='cuda:0', grad_fn=<DivBackward0>)
Memory status after this epoch: 
Memory allocated:  276.10546875
Memory cached:  516.0
	 epoch  80 training error:  tensor(0.1400, device='cuda:0', grad_fn=<DivBackward0>)
Memory status after this epoch: 
Memory allocated:  276.10546875
Memory cached:  516.0
	 epoch  90 training error:  tensor(0.1208, device='cuda:0', grad_fn=<DivBackward0>)
Memory status after this epoch: 
Memory allocated:  276.10546875
Memory cached:  520.0
[I 2024-01-13 12:40:10,008] Trial 187 finished with value: 0.12091852724552155 and parameters: {'W_layers': 2, 'W_layer_units_exponent_0': 6, 'W_layer_units_exponent_1': 6, 'D_layers': 5, 'D_layer_units_exponent_0': 5, 'D_layer_units_exponent_1': 6, 'D_layer_units_exponent_2': 8, 'D_layer_units_exponent_3': 10, 'D_layer_units_exponent_4': 8, 'D_dagger_layers': 5, 'D_dagger_layer_units_exponent_0': 9, 'D_dagger_layer_units_exponent_1': 9, 'D_dagger_layer_units_exponent_2': 7, 'D_dagger_layer_units_exponent_3': 6, 'D_dagger_layer_units_exponent_4': 6, 'log_learning_rate': -4.902311349336033, 'log_learning_rate_D': -3.6067704531279663, 'log_learning_rate_D_dagger': -2.7549680494618096, 'training_batch_size': 6, 'training_p': 8}. Best is trial 166 with value: 0.057614028453826904.
Time for this trial:  437.2326259613037
Memory status after this trial: 
Memory allocated:  586.78515625
Memory cached:  596.0
--------------------  Trial  188   --------------------
Start timing: 
Parameters: 
{'W_layers': 2, 'W_layer_units_exponent_0': 6, 'W_layer_units_exponent_1': 4, 'D_layers': 5, 'D_layer_units_exponent_0': 5, 'D_layer_units_exponent_1': 6, 'D_layer_units_exponent_2': 8, 'D_layer_units_exponent_3': 10, 'D_layer_units_exponent_4': 7, 'D_dagger_layers': 5, 'D_dagger_layer_units_exponent_0': 9, 'D_dagger_layer_units_exponent_1': 9, 'D_dagger_layer_units_exponent_2': 7, 'D_dagger_layer_units_exponent_3': 6, 'D_dagger_layer_units_exponent_4': 5, 'log_learning_rate': -4.787016530089662, 'log_learning_rate_D': -3.361321814897349, 'log_learning_rate_D_dagger': -2.9106777762416067, 'training_batch_size': 6, 'training_p': 8}
	 epoch  0 training error:  tensor(0.6881, device='cuda:0', grad_fn=<DivBackward0>)
Memory status after this epoch: 
Memory allocated:  274.0234375
Memory cached:  518.0
	 epoch  10 training error:  tensor(0.5387, device='cuda:0', grad_fn=<DivBackward0>)
Memory status after this epoch: 
Memory allocated:  274.0234375
Memory cached:  524.0
	 epoch  20 training error:  tensor(0.5243, device='cuda:0', grad_fn=<DivBackward0>)
Memory status after this epoch: 
Memory allocated:  274.0234375
Memory cached:  522.0
	 epoch  30 training error:  tensor(0.5162, device='cuda:0', grad_fn=<DivBackward0>)
Memory status after this epoch: 
Memory allocated:  274.0234375
Memory cached:  518.0
	 epoch  40 training error:  tensor(0.2112, device='cuda:0', grad_fn=<DivBackward0>)
Memory status after this epoch: 
Memory allocated:  274.0234375
Memory cached:  522.0
	 epoch  50 training error:  tensor(0.1923, device='cuda:0', grad_fn=<DivBackward0>)
Memory status after this epoch: 
Memory allocated:  274.0234375
Memory cached:  520.0
	 epoch  60 training error:  tensor(0.1410, device='cuda:0', grad_fn=<DivBackward0>)
Memory status after this epoch: 
Memory allocated:  274.0234375
Memory cached:  522.0
	 epoch  70 training error:  tensor(0.1895, device='cuda:0', grad_fn=<DivBackward0>)
Memory status after this epoch: 
Memory allocated:  274.0234375
Memory cached:  526.0
	 epoch  80 training error:  tensor(0.0947, device='cuda:0', grad_fn=<DivBackward0>)
Memory status after this epoch: 
Memory allocated:  274.0234375
Memory cached:  526.0
	 epoch  90 training error:  tensor(0.1074, device='cuda:0', grad_fn=<DivBackward0>)
Memory status after this epoch: 
Memory allocated:  274.0234375
Memory cached:  524.0
[I 2024-01-13 12:47:27,046] Trial 188 finished with value: 0.05394549295306206 and parameters: {'W_layers': 2, 'W_layer_units_exponent_0': 6, 'W_layer_units_exponent_1': 4, 'D_layers': 5, 'D_layer_units_exponent_0': 5, 'D_layer_units_exponent_1': 6, 'D_layer_units_exponent_2': 8, 'D_layer_units_exponent_3': 10, 'D_layer_units_exponent_4': 7, 'D_dagger_layers': 5, 'D_dagger_layer_units_exponent_0': 9, 'D_dagger_layer_units_exponent_1': 9, 'D_dagger_layer_units_exponent_2': 7, 'D_dagger_layer_units_exponent_3': 6, 'D_dagger_layer_units_exponent_4': 5, 'log_learning_rate': -4.787016530089662, 'log_learning_rate_D': -3.361321814897349, 'log_learning_rate_D_dagger': -2.9106777762416067, 'training_batch_size': 6, 'training_p': 8}. Best is trial 188 with value: 0.05394549295306206.
res:  tensor(0.0539, device='cuda:0', grad_fn=<DivBackward0>)
self.bestValue:  tensor(0.0576, device='cuda:0', grad_fn=<DivBackward0>)
Save this model!
Time for this trial:  436.5934419631958
Memory status after this trial: 
Memory allocated:  304.548828125
Memory cached:  574.0
--------------------  Trial  189   --------------------
Start timing: 
Parameters: 
{'W_layers': 2, 'W_layer_units_exponent_0': 6, 'W_layer_units_exponent_1': 4, 'D_layers': 5, 'D_layer_units_exponent_0': 5, 'D_layer_units_exponent_1': 6, 'D_layer_units_exponent_2': 7, 'D_layer_units_exponent_3': 8, 'D_layer_units_exponent_4': 7, 'D_dagger_layers': 5, 'D_dagger_layer_units_exponent_0': 9, 'D_dagger_layer_units_exponent_1': 9, 'D_dagger_layer_units_exponent_2': 7, 'D_dagger_layer_units_exponent_3': 6, 'D_dagger_layer_units_exponent_4': 5, 'log_learning_rate': -4.769888715636627, 'log_learning_rate_D': -3.3854726562980937, 'log_learning_rate_D_dagger': -2.9139584863611767, 'training_batch_size': 6, 'training_p': 8}
	 epoch  0 training error:  tensor(0.8004, device='cuda:0', grad_fn=<DivBackward0>)
Memory status after this epoch: 
Memory allocated:  310.953125
Memory cached:  574.0
	 epoch  10 training error:  tensor(0.5415, device='cuda:0', grad_fn=<DivBackward0>)
Memory status after this epoch: 
Memory allocated:  310.953125
Memory cached:  578.0
	 epoch  20 training error:  tensor(0.5350, device='cuda:0', grad_fn=<DivBackward0>)
Memory status after this epoch: 
Memory allocated:  310.953125
Memory cached:  574.0
	 epoch  30 training error:  tensor(0.5289, device='cuda:0', grad_fn=<DivBackward0>)
Memory status after this epoch: 
Memory allocated:  310.953125
Memory cached:  578.0
	 epoch  40 training error:  tensor(0.5282, device='cuda:0', grad_fn=<DivBackward0>)
Memory status after this epoch: 
Memory allocated:  310.953125
Memory cached:  576.0
	 epoch  50 training error:  tensor(0.3636, device='cuda:0', grad_fn=<DivBackward0>)
Memory status after this epoch: 
Memory allocated:  310.953125
Memory cached:  576.0
	 epoch  60 training error:  tensor(0.2104, device='cuda:0', grad_fn=<DivBackward0>)
Memory status after this epoch: 
Memory allocated:  310.953125
Memory cached:  576.0
	 epoch  70 training error:  tensor(0.1463, device='cuda:0', grad_fn=<DivBackward0>)
Memory status after this epoch: 
Memory allocated:  310.953125
Memory cached:  576.0
	 epoch  80 training error:  tensor(0.1344, device='cuda:0', grad_fn=<DivBackward0>)
Memory status after this epoch: 
Memory allocated:  310.953125
Memory cached:  576.0
	 epoch  90 training error:  tensor(0.1443, device='cuda:0', grad_fn=<DivBackward0>)
Memory status after this epoch: 
Memory allocated:  310.953125
Memory cached:  576.0
[I 2024-01-13 12:54:36,215] Trial 189 finished with value: 0.1370481699705124 and parameters: {'W_layers': 2, 'W_layer_units_exponent_0': 6, 'W_layer_units_exponent_1': 4, 'D_layers': 5, 'D_layer_units_exponent_0': 5, 'D_layer_units_exponent_1': 6, 'D_layer_units_exponent_2': 7, 'D_layer_units_exponent_3': 8, 'D_layer_units_exponent_4': 7, 'D_dagger_layers': 5, 'D_dagger_layer_units_exponent_0': 9, 'D_dagger_layer_units_exponent_1': 9, 'D_dagger_layer_units_exponent_2': 7, 'D_dagger_layer_units_exponent_3': 6, 'D_dagger_layer_units_exponent_4': 5, 'log_learning_rate': -4.769888715636627, 'log_learning_rate_D': -3.3854726562980937, 'log_learning_rate_D_dagger': -2.9139584863611767, 'training_batch_size': 6, 'training_p': 8}. Best is trial 188 with value: 0.05394549295306206.
Time for this trial:  428.6740584373474
Memory status after this trial: 
Memory allocated:  511.5712890625
Memory cached:  574.0
--------------------  Trial  190   --------------------
Start timing: 
Parameters: 
{'W_layers': 7, 'W_layer_units_exponent_0': 6, 'W_layer_units_exponent_1': 4, 'W_layer_units_exponent_2': 8, 'W_layer_units_exponent_3': 10, 'W_layer_units_exponent_4': 8, 'W_layer_units_exponent_5': 6, 'W_layer_units_exponent_6': 10, 'D_layers': 5, 'D_layer_units_exponent_0': 5, 'D_layer_units_exponent_1': 6, 'D_layer_units_exponent_2': 8, 'D_layer_units_exponent_3': 9, 'D_layer_units_exponent_4': 7, 'D_dagger_layers': 5, 'D_dagger_layer_units_exponent_0': 9, 'D_dagger_layer_units_exponent_1': 9, 'D_dagger_layer_units_exponent_2': 7, 'D_dagger_layer_units_exponent_3': 6, 'D_dagger_layer_units_exponent_4': 5, 'log_learning_rate': -4.709945245841342, 'log_learning_rate_D': -3.3071513819115603, 'log_learning_rate_D_dagger': -2.604742369000318, 'training_batch_size': 6, 'training_p': 7}
	 epoch  0 training error:  tensor(0.8753, device='cuda:0', grad_fn=<DivBackward0>)
Memory status after this epoch: 
Memory allocated:  322.451171875
Memory cached:  588.0
	 epoch  10 training error:  tensor(0.5195, device='cuda:0', grad_fn=<DivBackward0>)
Memory status after this epoch: 
Memory allocated:  322.451171875
Memory cached:  626.0
	 epoch  20 training error:  tensor(0.5095, device='cuda:0', grad_fn=<DivBackward0>)
Memory status after this epoch: 
Memory allocated:  322.451171875
Memory cached:  620.0
	 epoch  30 training error:  tensor(0.5156, device='cuda:0', grad_fn=<DivBackward0>)
Memory status after this epoch: 
Memory allocated:  322.451171875
Memory cached:  624.0
	 epoch  40 training error:  tensor(0.4851, device='cuda:0', grad_fn=<DivBackward0>)
Memory status after this epoch: 
Memory allocated:  322.451171875
Memory cached:  626.0
	 epoch  50 training error:  tensor(0.2574, device='cuda:0', grad_fn=<DivBackward0>)
Memory status after this epoch: 
Memory allocated:  322.451171875
Memory cached:  622.0
	 epoch  60 training error:  tensor(0.2554, device='cuda:0', grad_fn=<DivBackward0>)
Memory status after this epoch: 
Memory allocated:  322.451171875
Memory cached:  630.0
	 epoch  70 training error:  tensor(0.1662, device='cuda:0', grad_fn=<DivBackward0>)
Memory status after this epoch: 
Memory allocated:  322.451171875
Memory cached:  624.0
	 epoch  80 training error:  tensor(0.1493, device='cuda:0', grad_fn=<DivBackward0>)
Memory status after this epoch: 
Memory allocated:  322.451171875
Memory cached:  620.0
	 epoch  90 training error:  tensor(0.1585, device='cuda:0', grad_fn=<DivBackward0>)
Memory status after this epoch: 
Memory allocated:  322.451171875
Memory cached:  624.0
[I 2024-01-13 13:04:00,404] Trial 190 finished with value: 0.09667181223630905 and parameters: {'W_layers': 7, 'W_layer_units_exponent_0': 6, 'W_layer_units_exponent_1': 4, 'W_layer_units_exponent_2': 8, 'W_layer_units_exponent_3': 10, 'W_layer_units_exponent_4': 8, 'W_layer_units_exponent_5': 6, 'W_layer_units_exponent_6': 10, 'D_layers': 5, 'D_layer_units_exponent_0': 5, 'D_layer_units_exponent_1': 6, 'D_layer_units_exponent_2': 8, 'D_layer_units_exponent_3': 9, 'D_layer_units_exponent_4': 7, 'D_dagger_layers': 5, 'D_dagger_layer_units_exponent_0': 9, 'D_dagger_layer_units_exponent_1': 9, 'D_dagger_layer_units_exponent_2': 7, 'D_dagger_layer_units_exponent_3': 6, 'D_dagger_layer_units_exponent_4': 5, 'log_learning_rate': -4.709945245841342, 'log_learning_rate_D': -3.3071513819115603, 'log_learning_rate_D_dagger': -2.604742369000318, 'training_batch_size': 6, 'training_p': 7}. Best is trial 188 with value: 0.05394549295306206.
Time for this trial:  563.6662294864655
Memory status after this trial: 
Memory allocated:  822.818359375
Memory cached:  834.0
--------------------  Trial  191   --------------------
Start timing: 
Parameters: 
{'W_layers': 2, 'W_layer_units_exponent_0': 6, 'W_layer_units_exponent_1': 4, 'D_layers': 5, 'D_layer_units_exponent_0': 5, 'D_layer_units_exponent_1': 6, 'D_layer_units_exponent_2': 8, 'D_layer_units_exponent_3': 10, 'D_layer_units_exponent_4': 8, 'D_dagger_layers': 5, 'D_dagger_layer_units_exponent_0': 9, 'D_dagger_layer_units_exponent_1': 9, 'D_dagger_layer_units_exponent_2': 7, 'D_dagger_layer_units_exponent_3': 6, 'D_dagger_layer_units_exponent_4': 5, 'log_learning_rate': -3.2776762198004628, 'log_learning_rate_D': -3.848498544811233, 'log_learning_rate_D_dagger': -2.83253551900237, 'training_batch_size': 6, 'training_p': 8}
	 epoch  0 training error:  tensor(0.7614, device='cuda:0', grad_fn=<DivBackward0>)
Memory status after this epoch: 
Memory allocated:  318.095703125
Memory cached:  578.0
	 epoch  10 training error:  tensor(0.5496, device='cuda:0', grad_fn=<DivBackward0>)
Memory status after this epoch: 
Memory allocated:  318.095703125
Memory cached:  596.0
	 epoch  20 training error:  tensor(0.5326, device='cuda:0', grad_fn=<DivBackward0>)
Memory status after this epoch: 
Memory allocated:  318.095703125
Memory cached:  594.0
	 epoch  30 training error:  tensor(0.5255, device='cuda:0', grad_fn=<DivBackward0>)
Memory status after this epoch: 
Memory allocated:  318.095703125
Memory cached:  594.0
	 epoch  40 training error:  tensor(0.4255, device='cuda:0', grad_fn=<DivBackward0>)
Memory status after this epoch: 
Memory allocated:  318.095703125
Memory cached:  594.0
	 epoch  50 training error:  tensor(0.2744, device='cuda:0', grad_fn=<DivBackward0>)
Memory status after this epoch: 
Memory allocated:  318.095703125
Memory cached:  592.0
	 epoch  60 training error:  tensor(0.2288, device='cuda:0', grad_fn=<DivBackward0>)
Memory status after this epoch: 
Memory allocated:  318.095703125
Memory cached:  588.0
	 epoch  70 training error:  tensor(0.3146, device='cuda:0', grad_fn=<DivBackward0>)
Memory status after this epoch: 
Memory allocated:  318.095703125
Memory cached:  592.0
	 epoch  80 training error:  tensor(0.1336, device='cuda:0', grad_fn=<DivBackward0>)
Memory status after this epoch: 
Memory allocated:  318.095703125
Memory cached:  594.0
	 epoch  90 training error:  tensor(0.1237, device='cuda:0', grad_fn=<DivBackward0>)
Memory status after this epoch: 
Memory allocated:  318.095703125
Memory cached:  592.0
