[I 2024-02-18 10:40:45,634] Trial 140 finished with value: 0.0847138911485672 and parameters: {'W_layers': 3, 'W_layer_units_exponent_0': 4, 'W_layer_units_exponent_1': 9, 'W_layer_units_exponent_2': 6, 'D_layers': 8, 'D_layer_units_exponent_0': 7, 'D_layer_units_exponent_1': 10, 'D_layer_units_exponent_2': 9, 'D_layer_units_exponent_3': 8, 'D_layer_units_exponent_4': 4, 'D_layer_units_exponent_5': 6, 'D_layer_units_exponent_6': 9, 'D_layer_units_exponent_7': 7, 'D_dagger_layers': 5, 'D_dagger_layer_units_exponent_0': 7, 'D_dagger_layer_units_exponent_1': 5, 'D_dagger_layer_units_exponent_2': 7, 'D_dagger_layer_units_exponent_3': 7, 'D_dagger_layer_units_exponent_4': 4, 'log_learning_rate': -2.0522175884656733, 'log_learning_rate_D': -2.8660465419381262, 'log_learning_rate_D_dagger': -2.7304495187999582, 'training_batch_size': 9, 'training_p': 3}. Best is trial 123 with value: 0.08297749608755112.
Time for this trial:  19.36266803741455
Memory status after this trial: 
Memory allocated:  624.31591796875
Memory cached:  634.0
--------------------  Trial  141   --------------------
Start timing: 
Parameters: 
{'W_layers': 3, 'W_layer_units_exponent_0': 4, 'W_layer_units_exponent_1': 9, 'W_layer_units_exponent_2': 8, 'D_layers': 8, 'D_layer_units_exponent_0': 6, 'D_layer_units_exponent_1': 10, 'D_layer_units_exponent_2': 9, 'D_layer_units_exponent_3': 8, 'D_layer_units_exponent_4': 6, 'D_layer_units_exponent_5': 5, 'D_layer_units_exponent_6': 8, 'D_layer_units_exponent_7': 7, 'D_dagger_layers': 5, 'D_dagger_layer_units_exponent_0': 7, 'D_dagger_layer_units_exponent_1': 5, 'D_dagger_layer_units_exponent_2': 7, 'D_dagger_layer_units_exponent_3': 7, 'D_dagger_layer_units_exponent_4': 4, 'log_learning_rate': -1.9446762216528732, 'log_learning_rate_D': -2.6944258418343088, 'log_learning_rate_D_dagger': -2.647681031817525, 'training_batch_size': 9, 'training_p': 2}
	 epoch  0 training error:  tensor(1.0134, device='cuda:0', grad_fn=<DivBackward0>)
Memory status after this epoch: 
Memory allocated:  406.66796875
Memory cached:  512.0
	 epoch  10 training error:  tensor(1.4280, device='cuda:0', grad_fn=<DivBackward0>)
Memory status after this epoch: 
Memory allocated:  406.66796875
Memory cached:  512.0
	 epoch  20 training error:  tensor(0.3442, device='cuda:0', grad_fn=<DivBackward0>)
Memory status after this epoch: 
Memory allocated:  406.66796875
Memory cached:  512.0
	 epoch  30 training error:  tensor(0.1787, device='cuda:0', grad_fn=<DivBackward0>)
Memory status after this epoch: 
Memory allocated:  406.66796875
Memory cached:  512.0
	 epoch  40 training error:  tensor(0.1316, device='cuda:0', grad_fn=<DivBackward0>)
Memory status after this epoch: 
Memory allocated:  406.66796875
Memory cached:  512.0
	 epoch  50 training error:  tensor(0.0962, device='cuda:0', grad_fn=<DivBackward0>)
Memory status after this epoch: 
Memory allocated:  406.66796875
Memory cached:  512.0
	 epoch  60 training error:  tensor(0.0922, device='cuda:0', grad_fn=<DivBackward0>)
Memory status after this epoch: 
Memory allocated:  406.66796875
Memory cached:  512.0
	 epoch  70 training error:  tensor(0.0844, device='cuda:0', grad_fn=<DivBackward0>)
Memory status after this epoch: 
Memory allocated:  406.66796875
Memory cached:  512.0
	 epoch  80 training error:  tensor(0.0858, device='cuda:0', grad_fn=<DivBackward0>)
Memory status after this epoch: 
Memory allocated:  406.66796875
Memory cached:  512.0
	 epoch  90 training error:  tensor(0.0830, device='cuda:0', grad_fn=<DivBackward0>)
Memory status after this epoch: 
Memory allocated:  406.66796875
Memory cached:  512.0
[I 2024-02-18 10:41:06,237] Trial 141 finished with value: 0.0833912268280983 and parameters: {'W_layers': 3, 'W_layer_units_exponent_0': 4, 'W_layer_units_exponent_1': 9, 'W_layer_units_exponent_2': 8, 'D_layers': 8, 'D_layer_units_exponent_0': 6, 'D_layer_units_exponent_1': 10, 'D_layer_units_exponent_2': 9, 'D_layer_units_exponent_3': 8, 'D_layer_units_exponent_4': 6, 'D_layer_units_exponent_5': 5, 'D_layer_units_exponent_6': 8, 'D_layer_units_exponent_7': 7, 'D_dagger_layers': 5, 'D_dagger_layer_units_exponent_0': 7, 'D_dagger_layer_units_exponent_1': 5, 'D_dagger_layer_units_exponent_2': 7, 'D_dagger_layer_units_exponent_3': 7, 'D_dagger_layer_units_exponent_4': 4, 'log_learning_rate': -1.9446762216528732, 'log_learning_rate_D': -2.6944258418343088, 'log_learning_rate_D_dagger': -2.647681031817525, 'training_batch_size': 9, 'training_p': 2}. Best is trial 123 with value: 0.08297749608755112.
Time for this trial:  20.213483333587646
Memory status after this trial: 
Memory allocated:  661.63037109375
Memory cached:  696.0
--------------------  Trial  142   --------------------
Start timing: 
Parameters: 
{'W_layers': 3, 'W_layer_units_exponent_0': 4, 'W_layer_units_exponent_1': 9, 'W_layer_units_exponent_2': 8, 'D_layers': 8, 'D_layer_units_exponent_0': 5, 'D_layer_units_exponent_1': 10, 'D_layer_units_exponent_2': 9, 'D_layer_units_exponent_3': 8, 'D_layer_units_exponent_4': 6, 'D_layer_units_exponent_5': 5, 'D_layer_units_exponent_6': 7, 'D_layer_units_exponent_7': 8, 'D_dagger_layers': 5, 'D_dagger_layer_units_exponent_0': 7, 'D_dagger_layer_units_exponent_1': 5, 'D_dagger_layer_units_exponent_2': 7, 'D_dagger_layer_units_exponent_3': 7, 'D_dagger_layer_units_exponent_4': 4, 'log_learning_rate': -1.889650550861904, 'log_learning_rate_D': -2.6453136208598194, 'log_learning_rate_D_dagger': -2.5585758600562998, 'training_batch_size': 9, 'training_p': 2}
	 epoch  0 training error:  tensor(0.9567, device='cuda:0', grad_fn=<DivBackward0>)
Memory status after this epoch: 
Memory allocated:  406.52783203125
Memory cached:  512.0
	 epoch  10 training error:  tensor(1.4721, device='cuda:0', grad_fn=<DivBackward0>)
Memory status after this epoch: 
Memory allocated:  406.52783203125
Memory cached:  512.0
	 epoch  20 training error:  tensor(0.4591, device='cuda:0', grad_fn=<DivBackward0>)
Memory status after this epoch: 
Memory allocated:  406.52783203125
Memory cached:  512.0
	 epoch  30 training error:  tensor(0.1969, device='cuda:0', grad_fn=<DivBackward0>)
Memory status after this epoch: 
Memory allocated:  406.52783203125
Memory cached:  512.0
	 epoch  40 training error:  tensor(0.1497, device='cuda:0', grad_fn=<DivBackward0>)
Memory status after this epoch: 
Memory allocated:  406.52783203125
Memory cached:  512.0
	 epoch  50 training error:  tensor(0.1094, device='cuda:0', grad_fn=<DivBackward0>)
Memory status after this epoch: 
Memory allocated:  406.52783203125
Memory cached:  512.0
	 epoch  60 training error:  tensor(0.1191, device='cuda:0', grad_fn=<DivBackward0>)
Memory status after this epoch: 
Memory allocated:  406.52783203125
Memory cached:  512.0
	 epoch  70 training error:  tensor(0.0870, device='cuda:0', grad_fn=<DivBackward0>)
Memory status after this epoch: 
Memory allocated:  406.52783203125
Memory cached:  512.0
	 epoch  80 training error:  tensor(0.0970, device='cuda:0', grad_fn=<DivBackward0>)
Memory status after this epoch: 
Memory allocated:  406.52783203125
Memory cached:  512.0
	 epoch  90 training error:  tensor(0.0861, device='cuda:0', grad_fn=<DivBackward0>)
Memory status after this epoch: 
Memory allocated:  406.52783203125
Memory cached:  512.0
[I 2024-02-18 10:41:26,826] Trial 142 finished with value: 0.0870233103632927 and parameters: {'W_layers': 3, 'W_layer_units_exponent_0': 4, 'W_layer_units_exponent_1': 9, 'W_layer_units_exponent_2': 8, 'D_layers': 8, 'D_layer_units_exponent_0': 5, 'D_layer_units_exponent_1': 10, 'D_layer_units_exponent_2': 9, 'D_layer_units_exponent_3': 8, 'D_layer_units_exponent_4': 6, 'D_layer_units_exponent_5': 5, 'D_layer_units_exponent_6': 7, 'D_layer_units_exponent_7': 8, 'D_dagger_layers': 5, 'D_dagger_layer_units_exponent_0': 7, 'D_dagger_layer_units_exponent_1': 5, 'D_dagger_layer_units_exponent_2': 7, 'D_dagger_layer_units_exponent_3': 7, 'D_dagger_layer_units_exponent_4': 4, 'log_learning_rate': -1.889650550861904, 'log_learning_rate_D': -2.6453136208598194, 'log_learning_rate_D_dagger': -2.5585758600562998, 'training_batch_size': 9, 'training_p': 2}. Best is trial 123 with value: 0.08297749608755112.
Time for this trial:  20.174988269805908
Memory status after this trial: 
Memory allocated:  661.63037109375
Memory cached:  696.0
--------------------  Trial  143   --------------------
Start timing: 
Parameters: 
{'W_layers': 3, 'W_layer_units_exponent_0': 4, 'W_layer_units_exponent_1': 9, 'W_layer_units_exponent_2': 8, 'D_layers': 8, 'D_layer_units_exponent_0': 6, 'D_layer_units_exponent_1': 10, 'D_layer_units_exponent_2': 9, 'D_layer_units_exponent_3': 8, 'D_layer_units_exponent_4': 5, 'D_layer_units_exponent_5': 5, 'D_layer_units_exponent_6': 8, 'D_layer_units_exponent_7': 6, 'D_dagger_layers': 5, 'D_dagger_layer_units_exponent_0': 7, 'D_dagger_layer_units_exponent_1': 5, 'D_dagger_layer_units_exponent_2': 7, 'D_dagger_layer_units_exponent_3': 7, 'D_dagger_layer_units_exponent_4': 4, 'log_learning_rate': -1.9683744556994056, 'log_learning_rate_D': -2.798118791060327, 'log_learning_rate_D_dagger': -2.4520871309066803, 'training_batch_size': 8, 'training_p': 2}
	 epoch  0 training error:  tensor(4.7975, device='cuda:0', grad_fn=<DivBackward0>)
Memory status after this epoch: 
Memory allocated:  406.47265625
Memory cached:  512.0
	 epoch  10 training error:  tensor(0.6542, device='cuda:0', grad_fn=<DivBackward0>)
Memory status after this epoch: 
Memory allocated:  406.47265625
Memory cached:  512.0
	 epoch  20 training error:  tensor(0.1764, device='cuda:0', grad_fn=<DivBackward0>)
Memory status after this epoch: 
Memory allocated:  406.47265625
Memory cached:  512.0
	 epoch  30 training error:  tensor(0.1234, device='cuda:0', grad_fn=<DivBackward0>)
Memory status after this epoch: 
Memory allocated:  406.47265625
Memory cached:  512.0
	 epoch  40 training error:  tensor(0.1152, device='cuda:0', grad_fn=<DivBackward0>)
Memory status after this epoch: 
Memory allocated:  406.47265625
Memory cached:  512.0
	 epoch  50 training error:  tensor(0.1062, device='cuda:0', grad_fn=<DivBackward0>)
Memory status after this epoch: 
Memory allocated:  406.47265625
Memory cached:  512.0
	 epoch  60 training error:  tensor(0.1021, device='cuda:0', grad_fn=<DivBackward0>)
Memory status after this epoch: 
Memory allocated:  406.47265625
Memory cached:  512.0
	 epoch  70 training error:  tensor(0.0955, device='cuda:0', grad_fn=<DivBackward0>)
Memory status after this epoch: 
Memory allocated:  406.47265625
Memory cached:  512.0
	 epoch  80 training error:  tensor(0.0980, device='cuda:0', grad_fn=<DivBackward0>)
Memory status after this epoch: 
Memory allocated:  406.47265625
Memory cached:  512.0
	 epoch  90 training error:  tensor(0.0948, device='cuda:0', grad_fn=<DivBackward0>)
Memory status after this epoch: 
Memory allocated:  406.47265625
Memory cached:  512.0
[I 2024-02-18 10:41:50,332] Trial 143 finished with value: 0.09889034926891327 and parameters: {'W_layers': 3, 'W_layer_units_exponent_0': 4, 'W_layer_units_exponent_1': 9, 'W_layer_units_exponent_2': 8, 'D_layers': 8, 'D_layer_units_exponent_0': 6, 'D_layer_units_exponent_1': 10, 'D_layer_units_exponent_2': 9, 'D_layer_units_exponent_3': 8, 'D_layer_units_exponent_4': 5, 'D_layer_units_exponent_5': 5, 'D_layer_units_exponent_6': 8, 'D_layer_units_exponent_7': 6, 'D_dagger_layers': 5, 'D_dagger_layer_units_exponent_0': 7, 'D_dagger_layer_units_exponent_1': 5, 'D_dagger_layer_units_exponent_2': 7, 'D_dagger_layer_units_exponent_3': 7, 'D_dagger_layer_units_exponent_4': 4, 'log_learning_rate': -1.9683744556994056, 'log_learning_rate_D': -2.798118791060327, 'log_learning_rate_D_dagger': -2.4520871309066803, 'training_batch_size': 8, 'training_p': 2}. Best is trial 123 with value: 0.08297749608755112.
Time for this trial:  23.107450485229492
Memory status after this trial: 
Memory allocated:  661.63037109375
Memory cached:  696.0
--------------------  Trial  144   --------------------
Start timing: 
Parameters: 
{'W_layers': 3, 'W_layer_units_exponent_0': 9, 'W_layer_units_exponent_1': 9, 'W_layer_units_exponent_2': 8, 'D_layers': 7, 'D_layer_units_exponent_0': 6, 'D_layer_units_exponent_1': 10, 'D_layer_units_exponent_2': 10, 'D_layer_units_exponent_3': 8, 'D_layer_units_exponent_4': 5, 'D_layer_units_exponent_5': 5, 'D_layer_units_exponent_6': 9, 'D_dagger_layers': 5, 'D_dagger_layer_units_exponent_0': 7, 'D_dagger_layer_units_exponent_1': 5, 'D_dagger_layer_units_exponent_2': 8, 'D_dagger_layer_units_exponent_3': 7, 'D_dagger_layer_units_exponent_4': 4, 'log_learning_rate': -2.0561944917473536, 'log_learning_rate_D': -2.7383984060682303, 'log_learning_rate_D_dagger': -2.663437057113183, 'training_batch_size': 9, 'training_p': 2}
	 epoch  0 training error:  tensor(1.1547, device='cuda:0', grad_fn=<DivBackward0>)
Memory status after this epoch: 
Memory allocated:  413.197265625
Memory cached:  512.0
	 epoch  10 training error:  tensor(0.4536, device='cuda:0', grad_fn=<DivBackward0>)
Memory status after this epoch: 
Memory allocated:  413.197265625
Memory cached:  512.0
	 epoch  20 training error:  tensor(0.3580, device='cuda:0', grad_fn=<DivBackward0>)
Memory status after this epoch: 
Memory allocated:  413.197265625
Memory cached:  512.0
	 epoch  30 training error:  tensor(0.2440, device='cuda:0', grad_fn=<DivBackward0>)
Memory status after this epoch: 
Memory allocated:  413.197265625
Memory cached:  512.0
	 epoch  40 training error:  tensor(0.1448, device='cuda:0', grad_fn=<DivBackward0>)
Memory status after this epoch: 
Memory allocated:  413.197265625
Memory cached:  512.0
	 epoch  50 training error:  tensor(0.1171, device='cuda:0', grad_fn=<DivBackward0>)
Memory status after this epoch: 
Memory allocated:  413.197265625
Memory cached:  512.0
	 epoch  60 training error:  tensor(0.1015, device='cuda:0', grad_fn=<DivBackward0>)
Memory status after this epoch: 
Memory allocated:  413.197265625
Memory cached:  512.0
	 epoch  70 training error:  tensor(0.0914, device='cuda:0', grad_fn=<DivBackward0>)
Memory status after this epoch: 
Memory allocated:  413.197265625
Memory cached:  512.0
	 epoch  80 training error:  tensor(0.0878, device='cuda:0', grad_fn=<DivBackward0>)
Memory status after this epoch: 
Memory allocated:  413.197265625
Memory cached:  512.0
	 epoch  90 training error:  tensor(0.0836, device='cuda:0', grad_fn=<DivBackward0>)
Memory status after this epoch: 
Memory allocated:  413.197265625
Memory cached:  512.0
[I 2024-02-18 10:42:12,699] Trial 144 finished with value: 0.08429833501577377 and parameters: {'W_layers': 3, 'W_layer_units_exponent_0': 9, 'W_layer_units_exponent_1': 9, 'W_layer_units_exponent_2': 8, 'D_layers': 7, 'D_layer_units_exponent_0': 6, 'D_layer_units_exponent_1': 10, 'D_layer_units_exponent_2': 10, 'D_layer_units_exponent_3': 8, 'D_layer_units_exponent_4': 5, 'D_layer_units_exponent_5': 5, 'D_layer_units_exponent_6': 9, 'D_dagger_layers': 5, 'D_dagger_layer_units_exponent_0': 7, 'D_dagger_layer_units_exponent_1': 5, 'D_dagger_layer_units_exponent_2': 8, 'D_dagger_layer_units_exponent_3': 7, 'D_dagger_layer_units_exponent_4': 4, 'log_learning_rate': -2.0561944917473536, 'log_learning_rate_D': -2.7383984060682303, 'log_learning_rate_D_dagger': -2.663437057113183, 'training_batch_size': 9, 'training_p': 2}. Best is trial 123 with value: 0.08297749608755112.
Time for this trial:  21.97310447692871
Memory status after this trial: 
Memory allocated:  799.84423828125
Memory cached:  834.0
--------------------  Trial  145   --------------------
Start timing: 
Parameters: 
{'W_layers': 2, 'W_layer_units_exponent_0': 4, 'W_layer_units_exponent_1': 9, 'D_layers': 8, 'D_layer_units_exponent_0': 8, 'D_layer_units_exponent_1': 10, 'D_layer_units_exponent_2': 8, 'D_layer_units_exponent_3': 8, 'D_layer_units_exponent_4': 6, 'D_layer_units_exponent_5': 5, 'D_layer_units_exponent_6': 8, 'D_layer_units_exponent_7': 8, 'D_dagger_layers': 5, 'D_dagger_layer_units_exponent_0': 7, 'D_dagger_layer_units_exponent_1': 5, 'D_dagger_layer_units_exponent_2': 7, 'D_dagger_layer_units_exponent_3': 7, 'D_dagger_layer_units_exponent_4': 5, 'log_learning_rate': -1.7877506456484968, 'log_learning_rate_D': -2.5809336449585802, 'log_learning_rate_D_dagger': -2.924214276488527, 'training_batch_size': 9, 'training_p': 2}
	 epoch  0 training error:  tensor(1.2891, device='cuda:0', grad_fn=<DivBackward0>)
Memory status after this epoch: 
Memory allocated:  403.90283203125
Memory cached:  512.0
	 epoch  10 training error:  tensor(1.1827, device='cuda:0', grad_fn=<DivBackward0>)
Memory status after this epoch: 
Memory allocated:  403.90283203125
Memory cached:  512.0
	 epoch  20 training error:  tensor(0.5022, device='cuda:0', grad_fn=<DivBackward0>)
Memory status after this epoch: 
Memory allocated:  403.90283203125
Memory cached:  512.0
	 epoch  30 training error:  tensor(0.2781, device='cuda:0', grad_fn=<DivBackward0>)
Memory status after this epoch: 
Memory allocated:  403.90283203125
Memory cached:  512.0
	 epoch  40 training error:  tensor(0.1685, device='cuda:0', grad_fn=<DivBackward0>)
Memory status after this epoch: 
Memory allocated:  403.90283203125
Memory cached:  512.0
	 epoch  50 training error:  tensor(0.1028, device='cuda:0', grad_fn=<DivBackward0>)
Memory status after this epoch: 
Memory allocated:  403.90283203125
Memory cached:  512.0
	 epoch  60 training error:  tensor(0.0939, device='cuda:0', grad_fn=<DivBackward0>)
Memory status after this epoch: 
Memory allocated:  403.90283203125
Memory cached:  512.0
	 epoch  70 training error:  tensor(0.0855, device='cuda:0', grad_fn=<DivBackward0>)
Memory status after this epoch: 
Memory allocated:  403.90283203125
Memory cached:  512.0
	 epoch  80 training error:  tensor(0.0834, device='cuda:0', grad_fn=<DivBackward0>)
Memory status after this epoch: 
Memory allocated:  403.90283203125
Memory cached:  512.0
	 epoch  90 training error:  tensor(0.0823, device='cuda:0', grad_fn=<DivBackward0>)
Memory status after this epoch: 
Memory allocated:  403.90283203125
Memory cached:  512.0
[I 2024-02-18 10:42:32,048] Trial 145 finished with value: 0.08313467353582382 and parameters: {'W_layers': 2, 'W_layer_units_exponent_0': 4, 'W_layer_units_exponent_1': 9, 'D_layers': 8, 'D_layer_units_exponent_0': 8, 'D_layer_units_exponent_1': 10, 'D_layer_units_exponent_2': 8, 'D_layer_units_exponent_3': 8, 'D_layer_units_exponent_4': 6, 'D_layer_units_exponent_5': 5, 'D_layer_units_exponent_6': 8, 'D_layer_units_exponent_7': 8, 'D_dagger_layers': 5, 'D_dagger_layer_units_exponent_0': 7, 'D_dagger_layer_units_exponent_1': 5, 'D_dagger_layer_units_exponent_2': 7, 'D_dagger_layer_units_exponent_3': 7, 'D_dagger_layer_units_exponent_4': 5, 'log_learning_rate': -1.7877506456484968, 'log_learning_rate_D': -2.5809336449585802, 'log_learning_rate_D_dagger': -2.924214276488527, 'training_batch_size': 9, 'training_p': 2}. Best is trial 123 with value: 0.08297749608755112.
Time for this trial:  18.953980207443237
Memory status after this trial: 
Memory allocated:  599.20068359375
Memory cached:  624.0
--------------------  Trial  146   --------------------
Start timing: 
Parameters: 
{'W_layers': 2, 'W_layer_units_exponent_0': 8, 'W_layer_units_exponent_1': 9, 'D_layers': 8, 'D_layer_units_exponent_0': 8, 'D_layer_units_exponent_1': 10, 'D_layer_units_exponent_2': 8, 'D_layer_units_exponent_3': 9, 'D_layer_units_exponent_4': 5, 'D_layer_units_exponent_5': 4, 'D_layer_units_exponent_6': 7, 'D_layer_units_exponent_7': 9, 'D_dagger_layers': 5, 'D_dagger_layer_units_exponent_0': 7, 'D_dagger_layer_units_exponent_1': 5, 'D_dagger_layer_units_exponent_2': 7, 'D_dagger_layer_units_exponent_3': 7, 'D_dagger_layer_units_exponent_4': 5, 'log_learning_rate': -1.8334048462869785, 'log_learning_rate_D': -2.561729713854098, 'log_learning_rate_D_dagger': -2.9274705542734276, 'training_batch_size': 9, 'training_p': 2}
	 epoch  0 training error:  tensor(1.0702, device='cuda:0', grad_fn=<DivBackward0>)
Memory status after this epoch: 
Memory allocated:  406.0048828125
Memory cached:  512.0
	 epoch  10 training error:  tensor(1.2563, device='cuda:0', grad_fn=<DivBackward0>)
Memory status after this epoch: 
Memory allocated:  406.0048828125
Memory cached:  512.0
	 epoch  20 training error:  tensor(1.1174, device='cuda:0', grad_fn=<DivBackward0>)
Memory status after this epoch: 
Memory allocated:  406.0048828125
Memory cached:  512.0
	 epoch  30 training error:  tensor(0.2834, device='cuda:0', grad_fn=<DivBackward0>)
Memory status after this epoch: 
Memory allocated:  406.0048828125
Memory cached:  512.0
	 epoch  40 training error:  tensor(0.2395, device='cuda:0', grad_fn=<DivBackward0>)
Memory status after this epoch: 
Memory allocated:  406.0048828125
Memory cached:  512.0
	 epoch  50 training error:  tensor(0.1891, device='cuda:0', grad_fn=<DivBackward0>)
Memory status after this epoch: 
Memory allocated:  406.0048828125
Memory cached:  512.0
	 epoch  60 training error:  tensor(0.1338, device='cuda:0', grad_fn=<DivBackward0>)
Memory status after this epoch: 
Memory allocated:  406.0048828125
Memory cached:  512.0
	 epoch  70 training error:  tensor(0.1052, device='cuda:0', grad_fn=<DivBackward0>)
Memory status after this epoch: 
Memory allocated:  406.0048828125
Memory cached:  512.0
	 epoch  80 training error:  tensor(0.0891, device='cuda:0', grad_fn=<DivBackward0>)
Memory status after this epoch: 
Memory allocated:  406.0048828125
Memory cached:  512.0
	 epoch  90 training error:  tensor(0.0861, device='cuda:0', grad_fn=<DivBackward0>)
Memory status after this epoch: 
Memory allocated:  406.0048828125
Memory cached:  512.0
