[I 2024-01-11 12:18:31,688] Trial 115 finished with value: 0.20741219818592072 and parameters: {'W_layers': 7, 'W_layer_units_exponent_0': 9, 'W_layer_units_exponent_1': 6, 'W_layer_units_exponent_2': 10, 'W_layer_units_exponent_3': 4, 'W_layer_units_exponent_4': 6, 'W_layer_units_exponent_5': 4, 'W_layer_units_exponent_6': 4, 'D_layers': 4, 'D_layer_units_exponent_0': 7, 'D_layer_units_exponent_1': 10, 'D_layer_units_exponent_2': 8, 'D_layer_units_exponent_3': 8, 'D_dagger_layers': 3, 'D_dagger_layer_units_exponent_0': 5, 'D_dagger_layer_units_exponent_1': 10, 'D_dagger_layer_units_exponent_2': 4, 'log_learning_rate': -1.7495737557076207, 'log_learning_rate_D': -2.633733442781785, 'log_learning_rate_D_dagger': -3.413720258029269, 'training_batch_size': 8, 'training_p': 2}. Best is trial 113 with value: 0.20728087425231934.
Time for this trial:  22.202449321746826
Memory status after this trial: 
Memory allocated:  577.04345703125
Memory cached:  606.0
--------------------  Trial  116   --------------------
Start timing: 
Parameters: 
{'W_layers': 7, 'W_layer_units_exponent_0': 9, 'W_layer_units_exponent_1': 6, 'W_layer_units_exponent_2': 9, 'W_layer_units_exponent_3': 4, 'W_layer_units_exponent_4': 6, 'W_layer_units_exponent_5': 4, 'W_layer_units_exponent_6': 4, 'D_layers': 4, 'D_layer_units_exponent_0': 7, 'D_layer_units_exponent_1': 10, 'D_layer_units_exponent_2': 7, 'D_layer_units_exponent_3': 8, 'D_dagger_layers': 2, 'D_dagger_layer_units_exponent_0': 5, 'D_dagger_layer_units_exponent_1': 9, 'log_learning_rate': -1.7905759962160508, 'log_learning_rate_D': -2.6328318707737024, 'log_learning_rate_D_dagger': -2.9763946077971957, 'training_batch_size': 9, 'training_p': 3}
	 epoch  0 training error:  tensor(0.8079, device='cuda:0', grad_fn=<DivBackward0>)
Memory status after this epoch: 
Memory allocated:  275.44677734375
Memory cached:  358.0
	 epoch  10 training error:  tensor(0.3862, device='cuda:0', grad_fn=<DivBackward0>)
Memory status after this epoch: 
Memory allocated:  275.44677734375
Memory cached:  358.0
	 epoch  20 training error:  tensor(0.3246, device='cuda:0', grad_fn=<DivBackward0>)
Memory status after this epoch: 
Memory allocated:  275.44677734375
Memory cached:  358.0
	 epoch  30 training error:  tensor(0.3157, device='cuda:0', grad_fn=<DivBackward0>)
Memory status after this epoch: 
Memory allocated:  275.44677734375
Memory cached:  358.0
	 epoch  40 training error:  tensor(0.2718, device='cuda:0', grad_fn=<DivBackward0>)
Memory status after this epoch: 
Memory allocated:  275.44677734375
Memory cached:  358.0
	 epoch  50 training error:  tensor(0.2580, device='cuda:0', grad_fn=<DivBackward0>)
Memory status after this epoch: 
Memory allocated:  275.44677734375
Memory cached:  358.0
	 epoch  60 training error:  tensor(0.2492, device='cuda:0', grad_fn=<DivBackward0>)
Memory status after this epoch: 
Memory allocated:  275.44677734375
Memory cached:  358.0
	 epoch  70 training error:  tensor(0.2428, device='cuda:0', grad_fn=<DivBackward0>)
Memory status after this epoch: 
Memory allocated:  275.44677734375
Memory cached:  358.0
	 epoch  80 training error:  tensor(0.2432, device='cuda:0', grad_fn=<DivBackward0>)
Memory status after this epoch: 
Memory allocated:  275.44677734375
Memory cached:  358.0
	 epoch  90 training error:  tensor(0.2421, device='cuda:0', grad_fn=<DivBackward0>)
Memory status after this epoch: 
Memory allocated:  275.44677734375
Memory cached:  358.0
[I 2024-01-11 12:18:52,533] Trial 116 finished with value: 0.21134185791015625 and parameters: {'W_layers': 7, 'W_layer_units_exponent_0': 9, 'W_layer_units_exponent_1': 6, 'W_layer_units_exponent_2': 9, 'W_layer_units_exponent_3': 4, 'W_layer_units_exponent_4': 6, 'W_layer_units_exponent_5': 4, 'W_layer_units_exponent_6': 4, 'D_layers': 4, 'D_layer_units_exponent_0': 7, 'D_layer_units_exponent_1': 10, 'D_layer_units_exponent_2': 7, 'D_layer_units_exponent_3': 8, 'D_dagger_layers': 2, 'D_dagger_layer_units_exponent_0': 5, 'D_dagger_layer_units_exponent_1': 9, 'log_learning_rate': -1.7905759962160508, 'log_learning_rate_D': -2.6328318707737024, 'log_learning_rate_D_dagger': -2.9763946077971957, 'training_batch_size': 9, 'training_p': 3}. Best is trial 113 with value: 0.20728087425231934.
Time for this trial:  20.50035572052002
Memory status after this trial: 
Memory allocated:  453.13525390625
Memory cached:  522.0
--------------------  Trial  117   --------------------
Start timing: 
Parameters: 
{'W_layers': 8, 'W_layer_units_exponent_0': 9, 'W_layer_units_exponent_1': 6, 'W_layer_units_exponent_2': 8, 'W_layer_units_exponent_3': 4, 'W_layer_units_exponent_4': 6, 'W_layer_units_exponent_5': 4, 'W_layer_units_exponent_6': 4, 'W_layer_units_exponent_7': 7, 'D_layers': 4, 'D_layer_units_exponent_0': 7, 'D_layer_units_exponent_1': 10, 'D_layer_units_exponent_2': 9, 'D_layer_units_exponent_3': 9, 'D_dagger_layers': 4, 'D_dagger_layer_units_exponent_0': 5, 'D_dagger_layer_units_exponent_1': 10, 'D_dagger_layer_units_exponent_2': 4, 'D_dagger_layer_units_exponent_3': 10, 'log_learning_rate': -1.712794659634958, 'log_learning_rate_D': -2.772068346574692, 'log_learning_rate_D_dagger': -3.1339730560885, 'training_batch_size': 8, 'training_p': 2}
	 epoch  0 training error:  tensor(0.9453, device='cuda:0', grad_fn=<DivBackward0>)
Memory status after this epoch: 
Memory allocated:  278.7470703125
Memory cached:  358.0
	 epoch  10 training error:  tensor(0.2786, device='cuda:0', grad_fn=<DivBackward0>)
Memory status after this epoch: 
Memory allocated:  278.7470703125
Memory cached:  358.0
	 epoch  20 training error:  tensor(0.5096, device='cuda:0', grad_fn=<DivBackward0>)
Memory status after this epoch: 
Memory allocated:  278.7470703125
Memory cached:  358.0
	 epoch  30 training error:  tensor(0.3049, device='cuda:0', grad_fn=<DivBackward0>)
Memory status after this epoch: 
Memory allocated:  278.7470703125
Memory cached:  358.0
	 epoch  40 training error:  tensor(0.2336, device='cuda:0', grad_fn=<DivBackward0>)
Memory status after this epoch: 
Memory allocated:  278.7470703125
Memory cached:  358.0
	 epoch  50 training error:  tensor(0.2001, device='cuda:0', grad_fn=<DivBackward0>)
Memory status after this epoch: 
Memory allocated:  278.7470703125
Memory cached:  358.0
	 epoch  60 training error:  tensor(0.1936, device='cuda:0', grad_fn=<DivBackward0>)
Memory status after this epoch: 
Memory allocated:  278.7470703125
Memory cached:  358.0
	 epoch  70 training error:  tensor(0.1858, device='cuda:0', grad_fn=<DivBackward0>)
Memory status after this epoch: 
Memory allocated:  278.7470703125
Memory cached:  358.0
	 epoch  80 training error:  tensor(0.1829, device='cuda:0', grad_fn=<DivBackward0>)
Memory status after this epoch: 
Memory allocated:  278.7470703125
Memory cached:  358.0
	 epoch  90 training error:  tensor(0.1863, device='cuda:0', grad_fn=<DivBackward0>)
Memory status after this epoch: 
Memory allocated:  278.7470703125
Memory cached:  358.0
[I 2024-01-11 12:19:16,277] Trial 117 finished with value: 0.20989064872264862 and parameters: {'W_layers': 8, 'W_layer_units_exponent_0': 9, 'W_layer_units_exponent_1': 6, 'W_layer_units_exponent_2': 8, 'W_layer_units_exponent_3': 4, 'W_layer_units_exponent_4': 6, 'W_layer_units_exponent_5': 4, 'W_layer_units_exponent_6': 4, 'W_layer_units_exponent_7': 7, 'D_layers': 4, 'D_layer_units_exponent_0': 7, 'D_layer_units_exponent_1': 10, 'D_layer_units_exponent_2': 9, 'D_layer_units_exponent_3': 9, 'D_dagger_layers': 4, 'D_dagger_layer_units_exponent_0': 5, 'D_dagger_layer_units_exponent_1': 10, 'D_dagger_layer_units_exponent_2': 4, 'D_dagger_layer_units_exponent_3': 10, 'log_learning_rate': -1.712794659634958, 'log_learning_rate_D': -2.772068346574692, 'log_learning_rate_D_dagger': -3.1339730560885, 'training_batch_size': 8, 'training_p': 2}. Best is trial 113 with value: 0.20728087425231934.
Time for this trial:  23.346887826919556
Memory status after this trial: 
Memory allocated:  600.74462890625
Memory cached:  632.0
--------------------  Trial  118   --------------------
Start timing: 
Parameters: 
{'W_layers': 6, 'W_layer_units_exponent_0': 9, 'W_layer_units_exponent_1': 7, 'W_layer_units_exponent_2': 10, 'W_layer_units_exponent_3': 4, 'W_layer_units_exponent_4': 5, 'W_layer_units_exponent_5': 4, 'D_layers': 5, 'D_layer_units_exponent_0': 7, 'D_layer_units_exponent_1': 10, 'D_layer_units_exponent_2': 8, 'D_layer_units_exponent_3': 8, 'D_layer_units_exponent_4': 4, 'D_dagger_layers': 3, 'D_dagger_layer_units_exponent_0': 5, 'D_dagger_layer_units_exponent_1': 7, 'D_dagger_layer_units_exponent_2': 4, 'log_learning_rate': -2.0001540332827887, 'log_learning_rate_D': -1.856967188603463, 'log_learning_rate_D_dagger': -3.4276016576800816, 'training_batch_size': 9, 'training_p': 2}
	 epoch  0 training error:  tensor(0.9833, device='cuda:0', grad_fn=<DivBackward0>)
Memory status after this epoch: 
Memory allocated:  278.033203125
Memory cached:  358.0
	 epoch  10 training error:  tensor(0.5853, device='cuda:0', grad_fn=<DivBackward0>)
Memory status after this epoch: 
Memory allocated:  278.033203125
Memory cached:  358.0
	 epoch  20 training error:  tensor(0.4600, device='cuda:0', grad_fn=<DivBackward0>)
Memory status after this epoch: 
Memory allocated:  278.033203125
Memory cached:  358.0
	 epoch  30 training error:  tensor(0.3167, device='cuda:0', grad_fn=<DivBackward0>)
Memory status after this epoch: 
Memory allocated:  278.033203125
Memory cached:  358.0
	 epoch  40 training error:  tensor(0.2606, device='cuda:0', grad_fn=<DivBackward0>)
Memory status after this epoch: 
Memory allocated:  278.033203125
Memory cached:  358.0
	 epoch  50 training error:  tensor(0.2708, device='cuda:0', grad_fn=<DivBackward0>)
Memory status after this epoch: 
Memory allocated:  278.033203125
Memory cached:  358.0
	 epoch  60 training error:  tensor(0.3482, device='cuda:0', grad_fn=<DivBackward0>)
Memory status after this epoch: 
Memory allocated:  278.033203125
Memory cached:  358.0
	 epoch  70 training error:  tensor(0.4688, device='cuda:0', grad_fn=<DivBackward0>)
Memory status after this epoch: 
Memory allocated:  278.033203125
Memory cached:  358.0
	 epoch  80 training error:  tensor(0.2358, device='cuda:0', grad_fn=<DivBackward0>)
Memory status after this epoch: 
Memory allocated:  278.033203125
Memory cached:  358.0
	 epoch  90 training error:  tensor(0.2079, device='cuda:0', grad_fn=<DivBackward0>)
Memory status after this epoch: 
Memory allocated:  278.033203125
Memory cached:  358.0
[I 2024-01-11 12:19:38,423] Trial 118 finished with value: 0.2211712896823883 and parameters: {'W_layers': 6, 'W_layer_units_exponent_0': 9, 'W_layer_units_exponent_1': 7, 'W_layer_units_exponent_2': 10, 'W_layer_units_exponent_3': 4, 'W_layer_units_exponent_4': 5, 'W_layer_units_exponent_5': 4, 'D_layers': 5, 'D_layer_units_exponent_0': 7, 'D_layer_units_exponent_1': 10, 'D_layer_units_exponent_2': 8, 'D_layer_units_exponent_3': 8, 'D_layer_units_exponent_4': 4, 'D_dagger_layers': 3, 'D_dagger_layer_units_exponent_0': 5, 'D_dagger_layer_units_exponent_1': 7, 'D_dagger_layer_units_exponent_2': 4, 'log_learning_rate': -2.0001540332827887, 'log_learning_rate_D': -1.856967188603463, 'log_learning_rate_D_dagger': -3.4276016576800816, 'training_batch_size': 9, 'training_p': 2}. Best is trial 113 with value: 0.20728087425231934.
Time for this trial:  21.78279685974121
Memory status after this trial: 
Memory allocated:  482.70361328125
Memory cached:  498.0
--------------------  Trial  119   --------------------
Start timing: 
Parameters: 
{'W_layers': 7, 'W_layer_units_exponent_0': 7, 'W_layer_units_exponent_1': 5, 'W_layer_units_exponent_2': 9, 'W_layer_units_exponent_3': 4, 'W_layer_units_exponent_4': 5, 'W_layer_units_exponent_5': 7, 'W_layer_units_exponent_6': 4, 'D_layers': 4, 'D_layer_units_exponent_0': 7, 'D_layer_units_exponent_1': 10, 'D_layer_units_exponent_2': 8, 'D_layer_units_exponent_3': 7, 'D_dagger_layers': 7, 'D_dagger_layer_units_exponent_0': 5, 'D_dagger_layer_units_exponent_1': 9, 'D_dagger_layer_units_exponent_2': 4, 'D_dagger_layer_units_exponent_3': 9, 'D_dagger_layer_units_exponent_4': 7, 'D_dagger_layer_units_exponent_5': 5, 'D_dagger_layer_units_exponent_6': 6, 'log_learning_rate': -1.896955914439705, 'log_learning_rate_D': -2.0040759314348318, 'log_learning_rate_D_dagger': -3.349831636665069, 'training_batch_size': 8, 'training_p': 2}
	 epoch  0 training error:  tensor(0.9854, device='cuda:0', grad_fn=<DivBackward0>)
Memory status after this epoch: 
Memory allocated:  276.6669921875
Memory cached:  360.0
	 epoch  10 training error:  tensor(0.3133, device='cuda:0', grad_fn=<DivBackward0>)
Memory status after this epoch: 
Memory allocated:  276.6669921875
Memory cached:  360.0
	 epoch  20 training error:  tensor(0.2714, device='cuda:0', grad_fn=<DivBackward0>)
Memory status after this epoch: 
Memory allocated:  276.6669921875
Memory cached:  360.0
	 epoch  30 training error:  tensor(0.2395, device='cuda:0', grad_fn=<DivBackward0>)
Memory status after this epoch: 
Memory allocated:  276.6669921875
Memory cached:  360.0
	 epoch  40 training error:  tensor(0.2272, device='cuda:0', grad_fn=<DivBackward0>)
Memory status after this epoch: 
Memory allocated:  276.6669921875
Memory cached:  360.0
	 epoch  50 training error:  tensor(0.2173, device='cuda:0', grad_fn=<DivBackward0>)
Memory status after this epoch: 
Memory allocated:  276.6669921875
Memory cached:  360.0
	 epoch  60 training error:  tensor(0.2038, device='cuda:0', grad_fn=<DivBackward0>)
Memory status after this epoch: 
Memory allocated:  276.6669921875
Memory cached:  360.0
	 epoch  70 training error:  tensor(0.1915, device='cuda:0', grad_fn=<DivBackward0>)
Memory status after this epoch: 
Memory allocated:  276.6669921875
Memory cached:  360.0
	 epoch  80 training error:  tensor(0.1893, device='cuda:0', grad_fn=<DivBackward0>)
Memory status after this epoch: 
Memory allocated:  276.6669921875
Memory cached:  360.0
	 epoch  90 training error:  tensor(0.1840, device='cuda:0', grad_fn=<DivBackward0>)
Memory status after this epoch: 
Memory allocated:  276.6669921875
Memory cached:  360.0
[I 2024-01-11 12:20:01,359] Trial 119 finished with value: 0.2104419320821762 and parameters: {'W_layers': 7, 'W_layer_units_exponent_0': 7, 'W_layer_units_exponent_1': 5, 'W_layer_units_exponent_2': 9, 'W_layer_units_exponent_3': 4, 'W_layer_units_exponent_4': 5, 'W_layer_units_exponent_5': 7, 'W_layer_units_exponent_6': 4, 'D_layers': 4, 'D_layer_units_exponent_0': 7, 'D_layer_units_exponent_1': 10, 'D_layer_units_exponent_2': 8, 'D_layer_units_exponent_3': 7, 'D_dagger_layers': 7, 'D_dagger_layer_units_exponent_0': 5, 'D_dagger_layer_units_exponent_1': 9, 'D_dagger_layer_units_exponent_2': 4, 'D_dagger_layer_units_exponent_3': 9, 'D_dagger_layer_units_exponent_4': 7, 'D_dagger_layer_units_exponent_5': 5, 'D_dagger_layer_units_exponent_6': 6, 'log_learning_rate': -1.896955914439705, 'log_learning_rate_D': -2.0040759314348318, 'log_learning_rate_D_dagger': -3.349831636665069, 'training_batch_size': 8, 'training_p': 2}. Best is trial 113 with value: 0.20728087425231934.
Time for this trial:  22.53706407546997
Memory status after this trial: 
Memory allocated:  508.04638671875
Memory cached:  526.0
--------------------  Trial  120   --------------------
Start timing: 
Parameters: 
{'W_layers': 7, 'W_layer_units_exponent_0': 7, 'W_layer_units_exponent_1': 6, 'W_layer_units_exponent_2': 10, 'W_layer_units_exponent_3': 4, 'W_layer_units_exponent_4': 6, 'W_layer_units_exponent_5': 4, 'W_layer_units_exponent_6': 4, 'D_layers': 4, 'D_layer_units_exponent_0': 7, 'D_layer_units_exponent_1': 9, 'D_layer_units_exponent_2': 9, 'D_layer_units_exponent_3': 8, 'D_dagger_layers': 2, 'D_dagger_layer_units_exponent_0': 5, 'D_dagger_layer_units_exponent_1': 10, 'log_learning_rate': -2.1090524033884934, 'log_learning_rate_D': -2.1548852316505944, 'log_learning_rate_D_dagger': -3.2676276813410827, 'training_batch_size': 7, 'training_p': 2}
	 epoch  0 training error:  tensor(1.1299, device='cuda:0', grad_fn=<DivBackward0>)
Memory status after this epoch: 
Memory allocated:  276.5341796875
Memory cached:  358.0
	 epoch  10 training error:  tensor(0.2378, device='cuda:0', grad_fn=<DivBackward0>)
Memory status after this epoch: 
Memory allocated:  276.5341796875
Memory cached:  358.0
	 epoch  20 training error:  tensor(0.2141, device='cuda:0', grad_fn=<DivBackward0>)
Memory status after this epoch: 
Memory allocated:  276.5341796875
Memory cached:  358.0
	 epoch  30 training error:  tensor(0.1984, device='cuda:0', grad_fn=<DivBackward0>)
Memory status after this epoch: 
Memory allocated:  276.5341796875
Memory cached:  358.0
	 epoch  40 training error:  tensor(0.1878, device='cuda:0', grad_fn=<DivBackward0>)
Memory status after this epoch: 
Memory allocated:  276.5341796875
Memory cached:  358.0
	 epoch  50 training error:  tensor(0.1895, device='cuda:0', grad_fn=<DivBackward0>)
Memory status after this epoch: 
Memory allocated:  276.5341796875
Memory cached:  358.0
	 epoch  60 training error:  tensor(0.1855, device='cuda:0', grad_fn=<DivBackward0>)
Memory status after this epoch: 
Memory allocated:  276.5341796875
Memory cached:  358.0
	 epoch  70 training error:  tensor(0.1861, device='cuda:0', grad_fn=<DivBackward0>)
Memory status after this epoch: 
Memory allocated:  276.5341796875
Memory cached:  358.0
	 epoch  80 training error:  tensor(0.1856, device='cuda:0', grad_fn=<DivBackward0>)
Memory status after this epoch: 
Memory allocated:  276.5341796875
Memory cached:  358.0
	 epoch  90 training error:  tensor(0.1871, device='cuda:0', grad_fn=<DivBackward0>)
Memory status after this epoch: 
Memory allocated:  276.5341796875
Memory cached:  358.0
[I 2024-01-11 12:20:25,081] Trial 120 finished with value: 0.21477948129177094 and parameters: {'W_layers': 7, 'W_layer_units_exponent_0': 7, 'W_layer_units_exponent_1': 6, 'W_layer_units_exponent_2': 10, 'W_layer_units_exponent_3': 4, 'W_layer_units_exponent_4': 6, 'W_layer_units_exponent_5': 4, 'W_layer_units_exponent_6': 4, 'D_layers': 4, 'D_layer_units_exponent_0': 7, 'D_layer_units_exponent_1': 9, 'D_layer_units_exponent_2': 9, 'D_layer_units_exponent_3': 8, 'D_dagger_layers': 2, 'D_dagger_layer_units_exponent_0': 5, 'D_dagger_layer_units_exponent_1': 10, 'log_learning_rate': -2.1090524033884934, 'log_learning_rate_D': -2.1548852316505944, 'log_learning_rate_D_dagger': -3.2676276813410827, 'training_batch_size': 7, 'training_p': 2}. Best is trial 113 with value: 0.20728087425231934.
Time for this trial:  23.374415159225464
Memory status after this trial: 
Memory allocated:  518.15673828125
Memory cached:  570.0
--------------------  Trial  121   --------------------
Start timing: 
Parameters: 
{'W_layers': 7, 'W_layer_units_exponent_0': 8, 'W_layer_units_exponent_1': 6, 'W_layer_units_exponent_2': 10, 'W_layer_units_exponent_3': 5, 'W_layer_units_exponent_4': 4, 'W_layer_units_exponent_5': 4, 'W_layer_units_exponent_6': 8, 'D_layers': 4, 'D_layer_units_exponent_0': 7, 'D_layer_units_exponent_1': 10, 'D_layer_units_exponent_2': 8, 'D_layer_units_exponent_3': 9, 'D_dagger_layers': 3, 'D_dagger_layer_units_exponent_0': 5, 'D_dagger_layer_units_exponent_1': 10, 'D_dagger_layer_units_exponent_2': 4, 'log_learning_rate': -2.1405531086834686, 'log_learning_rate_D': -2.5747068199908316, 'log_learning_rate_D_dagger': -3.5649915499770186, 'training_batch_size': 8, 'training_p': 2}
	 epoch  0 training error:  tensor(0.9283, device='cuda:0', grad_fn=<DivBackward0>)
Memory status after this epoch: 
Memory allocated:  277.49609375
Memory cached:  358.0
	 epoch  10 training error:  tensor(0.2401, device='cuda:0', grad_fn=<DivBackward0>)
Memory status after this epoch: 
Memory allocated:  277.49609375
Memory cached:  358.0
	 epoch  20 training error:  tensor(0.2624, device='cuda:0', grad_fn=<DivBackward0>)
Memory status after this epoch: 
Memory allocated:  277.49609375
Memory cached:  358.0
	 epoch  30 training error:  tensor(0.2343, device='cuda:0', grad_fn=<DivBackward0>)
Memory status after this epoch: 
Memory allocated:  277.49609375
Memory cached:  358.0
	 epoch  40 training error:  tensor(0.2154, device='cuda:0', grad_fn=<DivBackward0>)
Memory status after this epoch: 
Memory allocated:  277.49609375
Memory cached:  358.0
	 epoch  50 training error:  tensor(0.2050, device='cuda:0', grad_fn=<DivBackward0>)
Memory status after this epoch: 
Memory allocated:  277.49609375
Memory cached:  358.0
	 epoch  60 training error:  tensor(0.1932, device='cuda:0', grad_fn=<DivBackward0>)
Memory status after this epoch: 
Memory allocated:  277.49609375
Memory cached:  358.0
	 epoch  70 training error:  tensor(0.1886, device='cuda:0', grad_fn=<DivBackward0>)
Memory status after this epoch: 
Memory allocated:  277.49609375
Memory cached:  358.0
	 epoch  80 training error:  tensor(0.1900, device='cuda:0', grad_fn=<DivBackward0>)
Memory status after this epoch: 
Memory allocated:  277.49609375
Memory cached:  358.0
	 epoch  90 training error:  tensor(0.1855, device='cuda:0', grad_fn=<DivBackward0>)
Memory status after this epoch: 
Memory allocated:  277.49609375
Memory cached:  358.0
