[I 2024-01-12 18:43:00,063] Trial 20 finished with value: 0.08499385416507721 and parameters: {'W_layers': 8, 'W_layer_units_exponent_0': 5, 'W_layer_units_exponent_1': 9, 'W_layer_units_exponent_2': 7, 'W_layer_units_exponent_3': 6, 'W_layer_units_exponent_4': 5, 'W_layer_units_exponent_5': 10, 'W_layer_units_exponent_6': 5, 'W_layer_units_exponent_7': 7, 'D_layers': 2, 'D_layer_units_exponent_0': 9, 'D_layer_units_exponent_1': 5, 'D_dagger_layers': 6, 'D_dagger_layer_units_exponent_0': 7, 'D_dagger_layer_units_exponent_1': 8, 'D_dagger_layer_units_exponent_2': 7, 'D_dagger_layer_units_exponent_3': 9, 'D_dagger_layer_units_exponent_4': 8, 'D_dagger_layer_units_exponent_5': 8, 'log_learning_rate': -3.383428328005073, 'log_learning_rate_D': -3.4377659352271617, 'log_learning_rate_D_dagger': -4.317870949390513, 'training_batch_size': 7, 'training_p': 5}. Best is trial 20 with value: 0.08499385416507721.
res:  tensor(0.0850, device='cuda:0', grad_fn=<DivBackward0>)
self.bestValue:  tensor(0.0895, device='cuda:0', grad_fn=<DivBackward0>)
Save this model!
Time for this trial:  396.44103169441223
Memory status after this trial: 
Memory allocated:  428.1611328125
Memory cached:  784.0
--------------------  Trial  21   --------------------
Start timing: 
Parameters: 
{'W_layers': 8, 'W_layer_units_exponent_0': 5, 'W_layer_units_exponent_1': 9, 'W_layer_units_exponent_2': 7, 'W_layer_units_exponent_3': 6, 'W_layer_units_exponent_4': 4, 'W_layer_units_exponent_5': 10, 'W_layer_units_exponent_6': 5, 'W_layer_units_exponent_7': 7, 'D_layers': 2, 'D_layer_units_exponent_0': 9, 'D_layer_units_exponent_1': 5, 'D_dagger_layers': 6, 'D_dagger_layer_units_exponent_0': 7, 'D_dagger_layer_units_exponent_1': 8, 'D_dagger_layer_units_exponent_2': 7, 'D_dagger_layer_units_exponent_3': 9, 'D_dagger_layer_units_exponent_4': 8, 'D_dagger_layer_units_exponent_5': 8, 'log_learning_rate': -3.459956246039148, 'log_learning_rate_D': -3.4091895954043543, 'log_learning_rate_D_dagger': -4.283393332131888, 'training_batch_size': 7, 'training_p': 5}
	 epoch  0 training error:  tensor(0.9923, device='cuda:0', grad_fn=<DivBackward0>)
Memory status after this epoch: 
Memory allocated:  435.7177734375
Memory cached:  774.0
	 epoch  10 training error:  tensor(0.5478, device='cuda:0', grad_fn=<DivBackward0>)
Memory status after this epoch: 
Memory allocated:  435.7177734375
Memory cached:  780.0
	 epoch  20 training error:  tensor(0.2102, device='cuda:0', grad_fn=<DivBackward0>)
Memory status after this epoch: 
Memory allocated:  435.7177734375
Memory cached:  776.0
	 epoch  30 training error:  tensor(0.1703, device='cuda:0', grad_fn=<DivBackward0>)
Memory status after this epoch: 
Memory allocated:  435.7177734375
Memory cached:  790.0
	 epoch  40 training error:  tensor(0.1606, device='cuda:0', grad_fn=<DivBackward0>)
Memory status after this epoch: 
Memory allocated:  435.7177734375
Memory cached:  786.0
	 epoch  50 training error:  tensor(0.1523, device='cuda:0', grad_fn=<DivBackward0>)
Memory status after this epoch: 
Memory allocated:  435.7177734375
Memory cached:  784.0
	 epoch  60 training error:  tensor(0.1433, device='cuda:0', grad_fn=<DivBackward0>)
Memory status after this epoch: 
Memory allocated:  435.7177734375
Memory cached:  792.0
	 epoch  70 training error:  tensor(0.1328, device='cuda:0', grad_fn=<DivBackward0>)
Memory status after this epoch: 
Memory allocated:  435.7177734375
Memory cached:  794.0
	 epoch  80 training error:  tensor(0.1231, device='cuda:0', grad_fn=<DivBackward0>)
Memory status after this epoch: 
Memory allocated:  435.7177734375
Memory cached:  784.0
	 epoch  90 training error:  tensor(0.1208, device='cuda:0', grad_fn=<DivBackward0>)
Memory status after this epoch: 
Memory allocated:  435.7177734375
Memory cached:  784.0
[I 2024-01-12 18:49:38,411] Trial 21 finished with value: 0.08738022297620773 and parameters: {'W_layers': 8, 'W_layer_units_exponent_0': 5, 'W_layer_units_exponent_1': 9, 'W_layer_units_exponent_2': 7, 'W_layer_units_exponent_3': 6, 'W_layer_units_exponent_4': 4, 'W_layer_units_exponent_5': 10, 'W_layer_units_exponent_6': 5, 'W_layer_units_exponent_7': 7, 'D_layers': 2, 'D_layer_units_exponent_0': 9, 'D_layer_units_exponent_1': 5, 'D_dagger_layers': 6, 'D_dagger_layer_units_exponent_0': 7, 'D_dagger_layer_units_exponent_1': 8, 'D_dagger_layer_units_exponent_2': 7, 'D_dagger_layer_units_exponent_3': 9, 'D_dagger_layer_units_exponent_4': 8, 'D_dagger_layer_units_exponent_5': 8, 'log_learning_rate': -3.459956246039148, 'log_learning_rate_D': -3.4091895954043543, 'log_learning_rate_D_dagger': -4.283393332131888, 'training_batch_size': 7, 'training_p': 5}. Best is trial 20 with value: 0.08499385416507721.
Time for this trial:  397.97330832481384
Memory status after this trial: 
Memory allocated:  854.3193359375
Memory cached:  860.0
--------------------  Trial  22   --------------------
Start timing: 
Parameters: 
{'W_layers': 8, 'W_layer_units_exponent_0': 5, 'W_layer_units_exponent_1': 9, 'W_layer_units_exponent_2': 7, 'W_layer_units_exponent_3': 7, 'W_layer_units_exponent_4': 4, 'W_layer_units_exponent_5': 10, 'W_layer_units_exponent_6': 5, 'W_layer_units_exponent_7': 7, 'D_layers': 2, 'D_layer_units_exponent_0': 10, 'D_layer_units_exponent_1': 5, 'D_dagger_layers': 5, 'D_dagger_layer_units_exponent_0': 8, 'D_dagger_layer_units_exponent_1': 7, 'D_dagger_layer_units_exponent_2': 7, 'D_dagger_layer_units_exponent_3': 9, 'D_dagger_layer_units_exponent_4': 8, 'log_learning_rate': -3.047416548293718, 'log_learning_rate_D': -3.241718464115905, 'log_learning_rate_D_dagger': -4.4069968017005925, 'training_batch_size': 7, 'training_p': 6}
	 epoch  0 training error:  tensor(0.9719, device='cuda:0', grad_fn=<DivBackward0>)
Memory status after this epoch: 
Memory allocated:  434.8740234375
Memory cached:  770.0
	 epoch  10 training error:  tensor(0.5393, device='cuda:0', grad_fn=<DivBackward0>)
Memory status after this epoch: 
Memory allocated:  434.8740234375
Memory cached:  766.0
	 epoch  20 training error:  tensor(0.2983, device='cuda:0', grad_fn=<DivBackward0>)
Memory status after this epoch: 
Memory allocated:  434.8740234375
Memory cached:  770.0
	 epoch  30 training error:  tensor(0.2085, device='cuda:0', grad_fn=<DivBackward0>)
Memory status after this epoch: 
Memory allocated:  434.8740234375
Memory cached:  770.0
	 epoch  40 training error:  tensor(0.1799, device='cuda:0', grad_fn=<DivBackward0>)
Memory status after this epoch: 
Memory allocated:  434.8740234375
Memory cached:  768.0
	 epoch  50 training error:  tensor(0.1681, device='cuda:0', grad_fn=<DivBackward0>)
Memory status after this epoch: 
Memory allocated:  434.8740234375
Memory cached:  770.0
	 epoch  60 training error:  tensor(0.1601, device='cuda:0', grad_fn=<DivBackward0>)
Memory status after this epoch: 
Memory allocated:  434.8740234375
Memory cached:  772.0
	 epoch  70 training error:  tensor(0.1523, device='cuda:0', grad_fn=<DivBackward0>)
Memory status after this epoch: 
Memory allocated:  434.8740234375
Memory cached:  768.0
	 epoch  80 training error:  tensor(0.1446, device='cuda:0', grad_fn=<DivBackward0>)
Memory status after this epoch: 
Memory allocated:  434.8740234375
Memory cached:  766.0
	 epoch  90 training error:  tensor(0.1357, device='cuda:0', grad_fn=<DivBackward0>)
Memory status after this epoch: 
Memory allocated:  434.8740234375
Memory cached:  764.0
[I 2024-01-12 18:56:01,396] Trial 22 finished with value: 0.09781353920698166 and parameters: {'W_layers': 8, 'W_layer_units_exponent_0': 5, 'W_layer_units_exponent_1': 9, 'W_layer_units_exponent_2': 7, 'W_layer_units_exponent_3': 7, 'W_layer_units_exponent_4': 4, 'W_layer_units_exponent_5': 10, 'W_layer_units_exponent_6': 5, 'W_layer_units_exponent_7': 7, 'D_layers': 2, 'D_layer_units_exponent_0': 10, 'D_layer_units_exponent_1': 5, 'D_dagger_layers': 5, 'D_dagger_layer_units_exponent_0': 8, 'D_dagger_layer_units_exponent_1': 7, 'D_dagger_layer_units_exponent_2': 7, 'D_dagger_layer_units_exponent_3': 9, 'D_dagger_layer_units_exponent_4': 8, 'log_learning_rate': -3.047416548293718, 'log_learning_rate_D': -3.241718464115905, 'log_learning_rate_D_dagger': -4.4069968017005925, 'training_batch_size': 7, 'training_p': 6}. Best is trial 20 with value: 0.08499385416507721.
Time for this trial:  382.5273287296295
Memory status after this trial: 
Memory allocated:  887.5302734375
Memory cached:  892.0
--------------------  Trial  23   --------------------
Start timing: 
Parameters: 
{'W_layers': 8, 'W_layer_units_exponent_0': 4, 'W_layer_units_exponent_1': 9, 'W_layer_units_exponent_2': 7, 'W_layer_units_exponent_3': 6, 'W_layer_units_exponent_4': 5, 'W_layer_units_exponent_5': 10, 'W_layer_units_exponent_6': 5, 'W_layer_units_exponent_7': 7, 'D_layers': 2, 'D_layer_units_exponent_0': 8, 'D_layer_units_exponent_1': 6, 'D_dagger_layers': 7, 'D_dagger_layer_units_exponent_0': 6, 'D_dagger_layer_units_exponent_1': 8, 'D_dagger_layer_units_exponent_2': 8, 'D_dagger_layer_units_exponent_3': 9, 'D_dagger_layer_units_exponent_4': 8, 'D_dagger_layer_units_exponent_5': 8, 'D_dagger_layer_units_exponent_6': 8, 'log_learning_rate': -3.380786578229755, 'log_learning_rate_D': -3.891743357854484, 'log_learning_rate_D_dagger': -4.0062165830342735, 'training_batch_size': 6, 'training_p': 5}
	 epoch  0 training error:  tensor(0.9230, device='cuda:0', grad_fn=<DivBackward0>)
Memory status after this epoch: 
Memory allocated:  438.154296875
Memory cached:  766.0
	 epoch  10 training error:  tensor(0.1875, device='cuda:0', grad_fn=<DivBackward0>)
Memory status after this epoch: 
Memory allocated:  438.154296875
Memory cached:  764.0
	 epoch  20 training error:  tensor(0.1517, device='cuda:0', grad_fn=<DivBackward0>)
Memory status after this epoch: 
Memory allocated:  438.154296875
Memory cached:  766.0
	 epoch  30 training error:  tensor(0.1281, device='cuda:0', grad_fn=<DivBackward0>)
Memory status after this epoch: 
Memory allocated:  438.154296875
Memory cached:  764.0
	 epoch  40 training error:  tensor(0.1245, device='cuda:0', grad_fn=<DivBackward0>)
Memory status after this epoch: 
Memory allocated:  438.154296875
Memory cached:  766.0
	 epoch  50 training error:  tensor(0.1126, device='cuda:0', grad_fn=<DivBackward0>)
Memory status after this epoch: 
Memory allocated:  438.154296875
Memory cached:  766.0
	 epoch  60 training error:  tensor(0.1061, device='cuda:0', grad_fn=<DivBackward0>)
Memory status after this epoch: 
Memory allocated:  438.154296875
Memory cached:  766.0
	 epoch  70 training error:  tensor(0.1171, device='cuda:0', grad_fn=<DivBackward0>)
Memory status after this epoch: 
Memory allocated:  438.154296875
Memory cached:  764.0
	 epoch  80 training error:  tensor(0.1051, device='cuda:0', grad_fn=<DivBackward0>)
Memory status after this epoch: 
Memory allocated:  438.154296875
Memory cached:  766.0
	 epoch  90 training error:  tensor(0.1054, device='cuda:0', grad_fn=<DivBackward0>)
Memory status after this epoch: 
Memory allocated:  438.154296875
Memory cached:  768.0
[I 2024-01-12 19:05:19,697] Trial 23 finished with value: 0.07801170647144318 and parameters: {'W_layers': 8, 'W_layer_units_exponent_0': 4, 'W_layer_units_exponent_1': 9, 'W_layer_units_exponent_2': 7, 'W_layer_units_exponent_3': 6, 'W_layer_units_exponent_4': 5, 'W_layer_units_exponent_5': 10, 'W_layer_units_exponent_6': 5, 'W_layer_units_exponent_7': 7, 'D_layers': 2, 'D_layer_units_exponent_0': 8, 'D_layer_units_exponent_1': 6, 'D_dagger_layers': 7, 'D_dagger_layer_units_exponent_0': 6, 'D_dagger_layer_units_exponent_1': 8, 'D_dagger_layer_units_exponent_2': 8, 'D_dagger_layer_units_exponent_3': 9, 'D_dagger_layer_units_exponent_4': 8, 'D_dagger_layer_units_exponent_5': 8, 'D_dagger_layer_units_exponent_6': 8, 'log_learning_rate': -3.380786578229755, 'log_learning_rate_D': -3.891743357854484, 'log_learning_rate_D_dagger': -4.0062165830342735, 'training_batch_size': 6, 'training_p': 5}. Best is trial 23 with value: 0.07801170647144318.
res:  tensor(0.0780, device='cuda:0', grad_fn=<DivBackward0>)
self.bestValue:  tensor(0.0850, device='cuda:0', grad_fn=<DivBackward0>)
Save this model!
Time for this trial:  557.825647354126
Memory status after this trial: 
Memory allocated:  437.572265625
Memory cached:  868.0
--------------------  Trial  24   --------------------
Start timing: 
Parameters: 
{'W_layers': 8, 'W_layer_units_exponent_0': 4, 'W_layer_units_exponent_1': 9, 'W_layer_units_exponent_2': 7, 'W_layer_units_exponent_3': 7, 'W_layer_units_exponent_4': 5, 'W_layer_units_exponent_5': 10, 'W_layer_units_exponent_6': 7, 'W_layer_units_exponent_7': 7, 'D_layers': 2, 'D_layer_units_exponent_0': 9, 'D_layer_units_exponent_1': 4, 'D_dagger_layers': 7, 'D_dagger_layer_units_exponent_0': 6, 'D_dagger_layer_units_exponent_1': 8, 'D_dagger_layer_units_exponent_2': 9, 'D_dagger_layer_units_exponent_3': 8, 'D_dagger_layer_units_exponent_4': 8, 'D_dagger_layer_units_exponent_5': 8, 'D_dagger_layer_units_exponent_6': 8, 'log_learning_rate': -3.494183911206116, 'log_learning_rate_D': -4.297255911574901, 'log_learning_rate_D_dagger': -4.517082052627163, 'training_batch_size': 6, 'training_p': 4}
	 epoch  0 training error:  tensor(0.9561, device='cuda:0', grad_fn=<DivBackward0>)
Memory status after this epoch: 
Memory allocated:  449.2421875
Memory cached:  850.0
	 epoch  10 training error:  tensor(0.5033, device='cuda:0', grad_fn=<DivBackward0>)
Memory status after this epoch: 
Memory allocated:  449.2421875
Memory cached:  872.0
	 epoch  20 training error:  tensor(0.2000, device='cuda:0', grad_fn=<DivBackward0>)
Memory status after this epoch: 
Memory allocated:  449.2421875
Memory cached:  872.0
	 epoch  30 training error:  tensor(0.1677, device='cuda:0', grad_fn=<DivBackward0>)
Memory status after this epoch: 
Memory allocated:  449.2421875
Memory cached:  868.0
	 epoch  40 training error:  tensor(0.1554, device='cuda:0', grad_fn=<DivBackward0>)
Memory status after this epoch: 
Memory allocated:  449.2421875
Memory cached:  862.0
	 epoch  50 training error:  tensor(0.1423, device='cuda:0', grad_fn=<DivBackward0>)
Memory status after this epoch: 
Memory allocated:  449.2421875
Memory cached:  862.0
	 epoch  60 training error:  tensor(0.1257, device='cuda:0', grad_fn=<DivBackward0>)
Memory status after this epoch: 
Memory allocated:  449.2421875
Memory cached:  870.0
	 epoch  70 training error:  tensor(0.1125, device='cuda:0', grad_fn=<DivBackward0>)
Memory status after this epoch: 
Memory allocated:  449.2421875
Memory cached:  870.0
	 epoch  80 training error:  tensor(0.1081, device='cuda:0', grad_fn=<DivBackward0>)
Memory status after this epoch: 
Memory allocated:  449.2421875
Memory cached:  874.0
	 epoch  90 training error:  tensor(0.1103, device='cuda:0', grad_fn=<DivBackward0>)
Memory status after this epoch: 
Memory allocated:  449.2421875
Memory cached:  866.0
[I 2024-01-12 19:14:38,875] Trial 24 finished with value: 0.09387676417827606 and parameters: {'W_layers': 8, 'W_layer_units_exponent_0': 4, 'W_layer_units_exponent_1': 9, 'W_layer_units_exponent_2': 7, 'W_layer_units_exponent_3': 7, 'W_layer_units_exponent_4': 5, 'W_layer_units_exponent_5': 10, 'W_layer_units_exponent_6': 7, 'W_layer_units_exponent_7': 7, 'D_layers': 2, 'D_layer_units_exponent_0': 9, 'D_layer_units_exponent_1': 4, 'D_dagger_layers': 7, 'D_dagger_layer_units_exponent_0': 6, 'D_dagger_layer_units_exponent_1': 8, 'D_dagger_layer_units_exponent_2': 9, 'D_dagger_layer_units_exponent_3': 8, 'D_dagger_layer_units_exponent_4': 8, 'D_dagger_layer_units_exponent_5': 8, 'D_dagger_layer_units_exponent_6': 8, 'log_learning_rate': -3.494183911206116, 'log_learning_rate_D': -4.297255911574901, 'log_learning_rate_D_dagger': -4.517082052627163, 'training_batch_size': 6, 'training_p': 4}. Best is trial 23 with value: 0.07801170647144318.
Time for this trial:  558.7296719551086
Memory status after this trial: 
Memory allocated:  915.6064453125
Memory cached:  924.0
--------------------  Trial  25   --------------------
Start timing: 
Parameters: 
{'W_layers': 6, 'W_layer_units_exponent_0': 4, 'W_layer_units_exponent_1': 9, 'W_layer_units_exponent_2': 6, 'W_layer_units_exponent_3': 6, 'W_layer_units_exponent_4': 5, 'W_layer_units_exponent_5': 9, 'D_layers': 2, 'D_layer_units_exponent_0': 8, 'D_layer_units_exponent_1': 7, 'D_dagger_layers': 7, 'D_dagger_layer_units_exponent_0': 5, 'D_dagger_layer_units_exponent_1': 7, 'D_dagger_layer_units_exponent_2': 8, 'D_dagger_layer_units_exponent_3': 9, 'D_dagger_layer_units_exponent_4': 9, 'D_dagger_layer_units_exponent_5': 9, 'D_dagger_layer_units_exponent_6': 8, 'log_learning_rate': -3.9778736425364194, 'log_learning_rate_D': -3.5291433497086855, 'log_learning_rate_D_dagger': -4.052802366709514, 'training_batch_size': 6, 'training_p': 5}
	 epoch  0 training error:  tensor(0.9549, device='cuda:0', grad_fn=<DivBackward0>)
Memory status after this epoch: 
Memory allocated:  451.703125
Memory cached:  856.0
	 epoch  10 training error:  tensor(0.2082, device='cuda:0', grad_fn=<DivBackward0>)
Memory status after this epoch: 
Memory allocated:  451.703125
Memory cached:  868.0
	 epoch  20 training error:  tensor(0.1684, device='cuda:0', grad_fn=<DivBackward0>)
Memory status after this epoch: 
Memory allocated:  451.703125
Memory cached:  862.0
	 epoch  30 training error:  tensor(0.1469, device='cuda:0', grad_fn=<DivBackward0>)
Memory status after this epoch: 
Memory allocated:  451.703125
Memory cached:  868.0
	 epoch  40 training error:  tensor(0.1183, device='cuda:0', grad_fn=<DivBackward0>)
Memory status after this epoch: 
Memory allocated:  451.703125
Memory cached:  860.0
	 epoch  50 training error:  tensor(0.1129, device='cuda:0', grad_fn=<DivBackward0>)
Memory status after this epoch: 
Memory allocated:  451.703125
Memory cached:  864.0
	 epoch  60 training error:  tensor(0.1084, device='cuda:0', grad_fn=<DivBackward0>)
Memory status after this epoch: 
Memory allocated:  451.703125
Memory cached:  860.0
	 epoch  70 training error:  tensor(0.1003, device='cuda:0', grad_fn=<DivBackward0>)
Memory status after this epoch: 
Memory allocated:  451.703125
Memory cached:  862.0
	 epoch  80 training error:  tensor(0.1016, device='cuda:0', grad_fn=<DivBackward0>)
Memory status after this epoch: 
Memory allocated:  451.703125
Memory cached:  860.0
	 epoch  90 training error:  tensor(0.1091, device='cuda:0', grad_fn=<DivBackward0>)
Memory status after this epoch: 
Memory allocated:  451.703125
Memory cached:  868.0
