[I 2024-01-01 21:42:41,402] Trial 339 finished with value: 0.16015055775642395 and parameters: {'W_layers': 5, 'W_layer_units_exponent_0': 7, 'W_layer_units_exponent_1': 8, 'W_layer_units_exponent_2': 6, 'W_layer_units_exponent_3': 4, 'W_layer_units_exponent_4': 5, 'D_layers': 5, 'D_layer_units_exponent_0': 10, 'D_layer_units_exponent_1': 9, 'D_layer_units_exponent_2': 10, 'D_layer_units_exponent_3': 4, 'D_layer_units_exponent_4': 6, 'D_dagger_layers': 4, 'D_dagger_layer_units_exponent_0': 10, 'D_dagger_layer_units_exponent_1': 5, 'D_dagger_layer_units_exponent_2': 5, 'D_dagger_layer_units_exponent_3': 7, 'log_learning_rate': -1.6587422855803475, 'log_learning_rate_D': -3.8649316777412848, 'log_learning_rate_D_dagger': -2.7779600433849896, 'training_batch_size': 6, 'training_p': 5}. Best is trial 220 with value: 0.11745021492242813.
Time for this trial:  342.8782584667206
Memory status after this trial: 
Memory allocated:  441.10302734375
Memory cached:  456.0
--------------------  Trial  340   --------------------
Start timing: 
Parameters: 
{'W_layers': 5, 'W_layer_units_exponent_0': 7, 'W_layer_units_exponent_1': 9, 'W_layer_units_exponent_2': 6, 'W_layer_units_exponent_3': 4, 'W_layer_units_exponent_4': 5, 'D_layers': 5, 'D_layer_units_exponent_0': 10, 'D_layer_units_exponent_1': 9, 'D_layer_units_exponent_2': 10, 'D_layer_units_exponent_3': 8, 'D_layer_units_exponent_4': 5, 'D_dagger_layers': 4, 'D_dagger_layer_units_exponent_0': 4, 'D_dagger_layer_units_exponent_1': 5, 'D_dagger_layer_units_exponent_2': 5, 'D_dagger_layer_units_exponent_3': 6, 'log_learning_rate': -2.204675888491087, 'log_learning_rate_D': -4.01197012211697, 'log_learning_rate_D_dagger': -2.17047905357658, 'training_batch_size': 6, 'training_p': 5}
	 epoch  0 training error:  tensor(0.9921, device='cuda:0', grad_fn=<DivBackward0>)
Memory status after this epoch: 
Memory allocated:  224.06103515625
Memory cached:  400.0
	 epoch  10 training error:  tensor(0.5643, device='cuda:0', grad_fn=<DivBackward0>)
Memory status after this epoch: 
Memory allocated:  224.06103515625
Memory cached:  394.0
	 epoch  20 training error:  tensor(0.4760, device='cuda:0', grad_fn=<DivBackward0>)
Memory status after this epoch: 
Memory allocated:  224.06103515625
Memory cached:  394.0
	 epoch  30 training error:  tensor(0.4737, device='cuda:0', grad_fn=<DivBackward0>)
Memory status after this epoch: 
Memory allocated:  224.06103515625
Memory cached:  394.0
	 epoch  40 training error:  tensor(0.4785, device='cuda:0', grad_fn=<DivBackward0>)
Memory status after this epoch: 
Memory allocated:  224.06103515625
Memory cached:  394.0
	 epoch  50 training error:  tensor(0.4706, device='cuda:0', grad_fn=<DivBackward0>)
Memory status after this epoch: 
Memory allocated:  224.06103515625
Memory cached:  394.0
	 epoch  60 training error:  tensor(0.4638, device='cuda:0', grad_fn=<DivBackward0>)
Memory status after this epoch: 
Memory allocated:  224.06103515625
Memory cached:  394.0
	 epoch  70 training error:  tensor(0.4761, device='cuda:0', grad_fn=<DivBackward0>)
Memory status after this epoch: 
Memory allocated:  224.06103515625
Memory cached:  394.0
	 epoch  80 training error:  tensor(0.4552, device='cuda:0', grad_fn=<DivBackward0>)
Memory status after this epoch: 
Memory allocated:  224.06103515625
Memory cached:  394.0
	 epoch  90 training error:  tensor(0.4275, device='cuda:0', grad_fn=<DivBackward0>)
Memory status after this epoch: 
Memory allocated:  224.06103515625
Memory cached:  394.0
[I 2024-01-01 21:48:20,360] Trial 340 finished with value: 0.2595091462135315 and parameters: {'W_layers': 5, 'W_layer_units_exponent_0': 7, 'W_layer_units_exponent_1': 9, 'W_layer_units_exponent_2': 6, 'W_layer_units_exponent_3': 4, 'W_layer_units_exponent_4': 5, 'D_layers': 5, 'D_layer_units_exponent_0': 10, 'D_layer_units_exponent_1': 9, 'D_layer_units_exponent_2': 10, 'D_layer_units_exponent_3': 8, 'D_layer_units_exponent_4': 5, 'D_dagger_layers': 4, 'D_dagger_layer_units_exponent_0': 4, 'D_dagger_layer_units_exponent_1': 5, 'D_dagger_layer_units_exponent_2': 5, 'D_dagger_layer_units_exponent_3': 6, 'log_learning_rate': -2.204675888491087, 'log_learning_rate_D': -4.01197012211697, 'log_learning_rate_D_dagger': -2.17047905357658, 'training_batch_size': 6, 'training_p': 5}. Best is trial 220 with value: 0.11745021492242813.
Time for this trial:  338.4481427669525
Memory status after this trial: 
Memory allocated:  411.27734375
Memory cached:  428.0
--------------------  Trial  341   --------------------
Start timing: 
Parameters: 
{'W_layers': 5, 'W_layer_units_exponent_0': 7, 'W_layer_units_exponent_1': 5, 'W_layer_units_exponent_2': 6, 'W_layer_units_exponent_3': 4, 'W_layer_units_exponent_4': 5, 'D_layers': 5, 'D_layer_units_exponent_0': 10, 'D_layer_units_exponent_1': 9, 'D_layer_units_exponent_2': 10, 'D_layer_units_exponent_3': 6, 'D_layer_units_exponent_4': 5, 'D_dagger_layers': 4, 'D_dagger_layer_units_exponent_0': 10, 'D_dagger_layer_units_exponent_1': 6, 'D_dagger_layer_units_exponent_2': 5, 'D_dagger_layer_units_exponent_3': 6, 'log_learning_rate': -2.147219327721156, 'log_learning_rate_D': -4.7025609269370285, 'log_learning_rate_D_dagger': -2.8632664685190354, 'training_batch_size': 6, 'training_p': 5}
	 epoch  0 training error:  tensor(0.8706, device='cuda:0', grad_fn=<DivBackward0>)
Memory status after this epoch: 
Memory allocated:  220.60400390625
Memory cached:  400.0
	 epoch  10 training error:  tensor(0.5079, device='cuda:0', grad_fn=<DivBackward0>)
Memory status after this epoch: 
Memory allocated:  220.60400390625
Memory cached:  400.0
	 epoch  20 training error:  tensor(0.4900, device='cuda:0', grad_fn=<DivBackward0>)
Memory status after this epoch: 
Memory allocated:  220.60400390625
Memory cached:  400.0
	 epoch  30 training error:  tensor(0.4763, device='cuda:0', grad_fn=<DivBackward0>)
Memory status after this epoch: 
Memory allocated:  220.60400390625
Memory cached:  400.0
	 epoch  40 training error:  tensor(0.4713, device='cuda:0', grad_fn=<DivBackward0>)
Memory status after this epoch: 
Memory allocated:  220.60400390625
Memory cached:  400.0
	 epoch  50 training error:  tensor(0.4368, device='cuda:0', grad_fn=<DivBackward0>)
Memory status after this epoch: 
Memory allocated:  220.60400390625
Memory cached:  400.0
	 epoch  60 training error:  tensor(0.3358, device='cuda:0', grad_fn=<DivBackward0>)
Memory status after this epoch: 
Memory allocated:  220.60400390625
Memory cached:  400.0
	 epoch  70 training error:  tensor(0.2608, device='cuda:0', grad_fn=<DivBackward0>)
Memory status after this epoch: 
Memory allocated:  220.60400390625
Memory cached:  400.0
	 epoch  80 training error:  tensor(0.2595, device='cuda:0', grad_fn=<DivBackward0>)
Memory status after this epoch: 
Memory allocated:  220.60400390625
Memory cached:  400.0
	 epoch  90 training error:  tensor(0.2574, device='cuda:0', grad_fn=<DivBackward0>)
Memory status after this epoch: 
Memory allocated:  220.60400390625
Memory cached:  400.0
[I 2024-01-01 21:54:00,833] Trial 341 finished with value: 0.15813930332660675 and parameters: {'W_layers': 5, 'W_layer_units_exponent_0': 7, 'W_layer_units_exponent_1': 5, 'W_layer_units_exponent_2': 6, 'W_layer_units_exponent_3': 4, 'W_layer_units_exponent_4': 5, 'D_layers': 5, 'D_layer_units_exponent_0': 10, 'D_layer_units_exponent_1': 9, 'D_layer_units_exponent_2': 10, 'D_layer_units_exponent_3': 6, 'D_layer_units_exponent_4': 5, 'D_dagger_layers': 4, 'D_dagger_layer_units_exponent_0': 10, 'D_dagger_layer_units_exponent_1': 6, 'D_dagger_layer_units_exponent_2': 5, 'D_dagger_layer_units_exponent_3': 6, 'log_learning_rate': -2.147219327721156, 'log_learning_rate_D': -4.7025609269370285, 'log_learning_rate_D_dagger': -2.8632664685190354, 'training_batch_size': 6, 'training_p': 5}. Best is trial 220 with value: 0.11745021492242813.
Time for this trial:  339.97300934791565
Memory status after this trial: 
Memory allocated:  429.1337890625
Memory cached:  444.0
--------------------  Trial  342   --------------------
Start timing: 
Parameters: 
{'W_layers': 5, 'W_layer_units_exponent_0': 7, 'W_layer_units_exponent_1': 9, 'W_layer_units_exponent_2': 6, 'W_layer_units_exponent_3': 5, 'W_layer_units_exponent_4': 5, 'D_layers': 5, 'D_layer_units_exponent_0': 10, 'D_layer_units_exponent_1': 9, 'D_layer_units_exponent_2': 10, 'D_layer_units_exponent_3': 8, 'D_layer_units_exponent_4': 5, 'D_dagger_layers': 4, 'D_dagger_layer_units_exponent_0': 10, 'D_dagger_layer_units_exponent_1': 5, 'D_dagger_layer_units_exponent_2': 4, 'D_dagger_layer_units_exponent_3': 7, 'log_learning_rate': -2.9552398013254106, 'log_learning_rate_D': -2.7579063780794577, 'log_learning_rate_D_dagger': -2.677745234516991, 'training_batch_size': 6, 'training_p': 4}
	 epoch  0 training error:  tensor(0.8728, device='cuda:0', grad_fn=<DivBackward0>)
Memory status after this epoch: 
Memory allocated:  224.61181640625
Memory cached:  422.0
	 epoch  10 training error:  tensor(0.5187, device='cuda:0', grad_fn=<DivBackward0>)
Memory status after this epoch: 
Memory allocated:  224.61181640625
Memory cached:  430.0
	 epoch  20 training error:  tensor(0.5154, device='cuda:0', grad_fn=<DivBackward0>)
Memory status after this epoch: 
Memory allocated:  224.61181640625
Memory cached:  442.0
	 epoch  30 training error:  tensor(0.5228, device='cuda:0', grad_fn=<DivBackward0>)
Memory status after this epoch: 
Memory allocated:  224.61181640625
Memory cached:  432.0
	 epoch  40 training error:  tensor(0.5217, device='cuda:0', grad_fn=<DivBackward0>)
Memory status after this epoch: 
Memory allocated:  224.61181640625
Memory cached:  446.0
	 epoch  50 training error:  tensor(0.5159, device='cuda:0', grad_fn=<DivBackward0>)
Memory status after this epoch: 
Memory allocated:  224.61181640625
Memory cached:  440.0
	 epoch  60 training error:  tensor(0.5060, device='cuda:0', grad_fn=<DivBackward0>)
Memory status after this epoch: 
Memory allocated:  224.61181640625
Memory cached:  442.0
	 epoch  70 training error:  tensor(0.4624, device='cuda:0', grad_fn=<DivBackward0>)
Memory status after this epoch: 
Memory allocated:  224.61181640625
Memory cached:  438.0
	 epoch  80 training error:  tensor(0.4644, device='cuda:0', grad_fn=<DivBackward0>)
Memory status after this epoch: 
Memory allocated:  224.61181640625
Memory cached:  450.0
	 epoch  90 training error:  tensor(0.4489, device='cuda:0', grad_fn=<DivBackward0>)
Memory status after this epoch: 
Memory allocated:  224.61181640625
Memory cached:  442.0
[I 2024-01-01 21:59:44,342] Trial 342 finished with value: 0.3523646295070648 and parameters: {'W_layers': 5, 'W_layer_units_exponent_0': 7, 'W_layer_units_exponent_1': 9, 'W_layer_units_exponent_2': 6, 'W_layer_units_exponent_3': 5, 'W_layer_units_exponent_4': 5, 'D_layers': 5, 'D_layer_units_exponent_0': 10, 'D_layer_units_exponent_1': 9, 'D_layer_units_exponent_2': 10, 'D_layer_units_exponent_3': 8, 'D_layer_units_exponent_4': 5, 'D_dagger_layers': 4, 'D_dagger_layer_units_exponent_0': 10, 'D_dagger_layer_units_exponent_1': 5, 'D_dagger_layer_units_exponent_2': 4, 'D_dagger_layer_units_exponent_3': 7, 'log_learning_rate': -2.9552398013254106, 'log_learning_rate_D': -2.7579063780794577, 'log_learning_rate_D_dagger': -2.677745234516991, 'training_batch_size': 6, 'training_p': 4}. Best is trial 220 with value: 0.11745021492242813.
Time for this trial:  343.01185297966003
Memory status after this trial: 
Memory allocated:  468.14453125
Memory cached:  484.0
--------------------  Trial  343   --------------------
Start timing: 
Parameters: 
{'W_layers': 5, 'W_layer_units_exponent_0': 7, 'W_layer_units_exponent_1': 7, 'W_layer_units_exponent_2': 6, 'W_layer_units_exponent_3': 8, 'W_layer_units_exponent_4': 5, 'D_layers': 6, 'D_layer_units_exponent_0': 10, 'D_layer_units_exponent_1': 9, 'D_layer_units_exponent_2': 8, 'D_layer_units_exponent_3': 8, 'D_layer_units_exponent_4': 5, 'D_layer_units_exponent_5': 5, 'D_dagger_layers': 4, 'D_dagger_layer_units_exponent_0': 9, 'D_dagger_layer_units_exponent_1': 5, 'D_dagger_layer_units_exponent_2': 5, 'D_dagger_layer_units_exponent_3': 6, 'log_learning_rate': -3.913071791192325, 'log_learning_rate_D': -3.0081970289571816, 'log_learning_rate_D_dagger': -2.020468276392852, 'training_batch_size': 6, 'training_p': 4}
	 epoch  0 training error:  tensor(0.9353, device='cuda:0', grad_fn=<DivBackward0>)
Memory status after this epoch: 
Memory allocated:  214.55126953125
Memory cached:  398.0
	 epoch  10 training error:  tensor(0.4571, device='cuda:0', grad_fn=<DivBackward0>)
Memory status after this epoch: 
Memory allocated:  214.55126953125
Memory cached:  396.0
	 epoch  20 training error:  tensor(0.4646, device='cuda:0', grad_fn=<DivBackward0>)
Memory status after this epoch: 
Memory allocated:  214.55126953125
Memory cached:  396.0
	 epoch  30 training error:  tensor(0.3622, device='cuda:0', grad_fn=<DivBackward0>)
Memory status after this epoch: 
Memory allocated:  214.55126953125
Memory cached:  396.0
	 epoch  40 training error:  tensor(0.5727, device='cuda:0', grad_fn=<DivBackward0>)
Memory status after this epoch: 
Memory allocated:  214.55126953125
Memory cached:  396.0
	 epoch  50 training error:  tensor(2.3707, device='cuda:0', grad_fn=<DivBackward0>)
Memory status after this epoch: 
Memory allocated:  214.55126953125
Memory cached:  396.0
	 epoch  60 training error:  tensor(2.3477, device='cuda:0', grad_fn=<DivBackward0>)
Memory status after this epoch: 
Memory allocated:  214.55126953125
Memory cached:  396.0
	 epoch  70 training error:  tensor(0.8323, device='cuda:0', grad_fn=<DivBackward0>)
Memory status after this epoch: 
Memory allocated:  214.55126953125
Memory cached:  396.0
	 epoch  80 training error:  tensor(0.5979, device='cuda:0', grad_fn=<DivBackward0>)
Memory status after this epoch: 
Memory allocated:  214.55126953125
Memory cached:  396.0
	 epoch  90 training error:  tensor(0.6056, device='cuda:0', grad_fn=<DivBackward0>)
Memory status after this epoch: 
Memory allocated:  214.55126953125
Memory cached:  396.0
[I 2024-01-01 22:05:34,853] Trial 343 finished with value: 0.48249897360801697 and parameters: {'W_layers': 5, 'W_layer_units_exponent_0': 7, 'W_layer_units_exponent_1': 7, 'W_layer_units_exponent_2': 6, 'W_layer_units_exponent_3': 8, 'W_layer_units_exponent_4': 5, 'D_layers': 6, 'D_layer_units_exponent_0': 10, 'D_layer_units_exponent_1': 9, 'D_layer_units_exponent_2': 8, 'D_layer_units_exponent_3': 8, 'D_layer_units_exponent_4': 5, 'D_layer_units_exponent_5': 5, 'D_dagger_layers': 4, 'D_dagger_layer_units_exponent_0': 9, 'D_dagger_layer_units_exponent_1': 5, 'D_dagger_layer_units_exponent_2': 5, 'D_dagger_layer_units_exponent_3': 6, 'log_learning_rate': -3.913071791192325, 'log_learning_rate_D': -3.0081970289571816, 'log_learning_rate_D_dagger': -2.020468276392852, 'training_batch_size': 6, 'training_p': 4}. Best is trial 220 with value: 0.11745021492242813.
Time for this trial:  350.0349702835083
Memory status after this trial: 
Memory allocated:  386.06591796875
Memory cached:  406.0
--------------------  Trial  344   --------------------
Start timing: 
Parameters: 
{'W_layers': 5, 'W_layer_units_exponent_0': 7, 'W_layer_units_exponent_1': 8, 'W_layer_units_exponent_2': 4, 'W_layer_units_exponent_3': 5, 'W_layer_units_exponent_4': 5, 'D_layers': 5, 'D_layer_units_exponent_0': 10, 'D_layer_units_exponent_1': 9, 'D_layer_units_exponent_2': 10, 'D_layer_units_exponent_3': 8, 'D_layer_units_exponent_4': 5, 'D_dagger_layers': 4, 'D_dagger_layer_units_exponent_0': 10, 'D_dagger_layer_units_exponent_1': 5, 'D_dagger_layer_units_exponent_2': 5, 'D_dagger_layer_units_exponent_3': 6, 'log_learning_rate': -2.073637435627539, 'log_learning_rate_D': -4.228757435233103, 'log_learning_rate_D_dagger': -2.2519766419391707, 'training_batch_size': 6, 'training_p': 5}
	 epoch  0 training error:  tensor(1.0958, device='cuda:0', grad_fn=<DivBackward0>)
Memory status after this epoch: 
Memory allocated:  223.65478515625
Memory cached:  410.0
	 epoch  10 training error:  tensor(0.5227, device='cuda:0', grad_fn=<DivBackward0>)
Memory status after this epoch: 
Memory allocated:  223.65478515625
Memory cached:  430.0
	 epoch  20 training error:  tensor(0.4875, device='cuda:0', grad_fn=<DivBackward0>)
Memory status after this epoch: 
Memory allocated:  223.65478515625
Memory cached:  448.0
	 epoch  30 training error:  tensor(0.4831, device='cuda:0', grad_fn=<DivBackward0>)
Memory status after this epoch: 
Memory allocated:  223.65478515625
Memory cached:  426.0
	 epoch  40 training error:  tensor(0.4687, device='cuda:0', grad_fn=<DivBackward0>)
Memory status after this epoch: 
Memory allocated:  223.65478515625
Memory cached:  420.0
	 epoch  50 training error:  tensor(0.4610, device='cuda:0', grad_fn=<DivBackward0>)
Memory status after this epoch: 
Memory allocated:  223.65478515625
Memory cached:  444.0
	 epoch  60 training error:  tensor(0.4555, device='cuda:0', grad_fn=<DivBackward0>)
Memory status after this epoch: 
Memory allocated:  223.65478515625
Memory cached:  432.0
	 epoch  70 training error:  tensor(0.3908, device='cuda:0', grad_fn=<DivBackward0>)
Memory status after this epoch: 
Memory allocated:  223.65478515625
Memory cached:  446.0
	 epoch  80 training error:  tensor(0.3602, device='cuda:0', grad_fn=<DivBackward0>)
Memory status after this epoch: 
Memory allocated:  223.65478515625
Memory cached:  430.0
	 epoch  90 training error:  tensor(0.3250, device='cuda:0', grad_fn=<DivBackward0>)
Memory status after this epoch: 
Memory allocated:  223.65478515625
Memory cached:  448.0
[I 2024-01-01 22:11:17,787] Trial 344 finished with value: 0.19739621877670288 and parameters: {'W_layers': 5, 'W_layer_units_exponent_0': 7, 'W_layer_units_exponent_1': 8, 'W_layer_units_exponent_2': 4, 'W_layer_units_exponent_3': 5, 'W_layer_units_exponent_4': 5, 'D_layers': 5, 'D_layer_units_exponent_0': 10, 'D_layer_units_exponent_1': 9, 'D_layer_units_exponent_2': 10, 'D_layer_units_exponent_3': 8, 'D_layer_units_exponent_4': 5, 'D_dagger_layers': 4, 'D_dagger_layer_units_exponent_0': 10, 'D_dagger_layer_units_exponent_1': 5, 'D_dagger_layer_units_exponent_2': 5, 'D_dagger_layer_units_exponent_3': 6, 'log_learning_rate': -2.073637435627539, 'log_learning_rate_D': -4.228757435233103, 'log_learning_rate_D_dagger': -2.2519766419391707, 'training_batch_size': 6, 'training_p': 5}. Best is trial 220 with value: 0.11745021492242813.
Time for this trial:  342.37785267829895
Memory status after this trial: 
Memory allocated:  449.35546875
Memory cached:  466.0
--------------------  Trial  345   --------------------
Start timing: 
Parameters: 
{'W_layers': 5, 'W_layer_units_exponent_0': 7, 'W_layer_units_exponent_1': 9, 'W_layer_units_exponent_2': 6, 'W_layer_units_exponent_3': 5, 'W_layer_units_exponent_4': 5, 'D_layers': 3, 'D_layer_units_exponent_0': 10, 'D_layer_units_exponent_1': 9, 'D_layer_units_exponent_2': 8, 'D_dagger_layers': 4, 'D_dagger_layer_units_exponent_0': 6, 'D_dagger_layer_units_exponent_1': 6, 'D_dagger_layer_units_exponent_2': 5, 'D_dagger_layer_units_exponent_3': 7, 'log_learning_rate': -1.9254998998785084, 'log_learning_rate_D': -3.6550896933596575, 'log_learning_rate_D_dagger': -3.2138590337927706, 'training_batch_size': 6, 'training_p': 5}
	 epoch  0 training error:  tensor(1.5766, device='cuda:0', grad_fn=<DivBackward0>)
Memory status after this epoch: 
Memory allocated:  214.04541015625
Memory cached:  408.0
	 epoch  10 training error:  tensor(0.5984, device='cuda:0', grad_fn=<DivBackward0>)
Memory status after this epoch: 
Memory allocated:  214.04541015625
Memory cached:  428.0
	 epoch  20 training error:  tensor(0.5132, device='cuda:0', grad_fn=<DivBackward0>)
Memory status after this epoch: 
Memory allocated:  214.04541015625
Memory cached:  428.0
	 epoch  30 training error:  tensor(0.4825, device='cuda:0', grad_fn=<DivBackward0>)
Memory status after this epoch: 
Memory allocated:  214.04541015625
Memory cached:  422.0
	 epoch  40 training error:  tensor(0.4776, device='cuda:0', grad_fn=<DivBackward0>)
Memory status after this epoch: 
Memory allocated:  214.04541015625
Memory cached:  432.0
	 epoch  50 training error:  tensor(0.4768, device='cuda:0', grad_fn=<DivBackward0>)
Memory status after this epoch: 
Memory allocated:  214.04541015625
Memory cached:  426.0
	 epoch  60 training error:  tensor(0.4725, device='cuda:0', grad_fn=<DivBackward0>)
Memory status after this epoch: 
Memory allocated:  214.04541015625
Memory cached:  432.0
	 epoch  70 training error:  tensor(0.4717, device='cuda:0', grad_fn=<DivBackward0>)
Memory status after this epoch: 
Memory allocated:  214.04541015625
Memory cached:  428.0
	 epoch  80 training error:  tensor(0.4730, device='cuda:0', grad_fn=<DivBackward0>)
Memory status after this epoch: 
Memory allocated:  214.04541015625
Memory cached:  426.0
	 epoch  90 training error:  tensor(0.4644, device='cuda:0', grad_fn=<DivBackward0>)
Memory status after this epoch: 
Memory allocated:  214.04541015625
Memory cached:  434.0
