[I 2024-01-11 12:32:13,807] Trial 151 finished with value: 0.2076888084411621 and parameters: {'W_layers': 8, 'W_layer_units_exponent_0': 6, 'W_layer_units_exponent_1': 5, 'W_layer_units_exponent_2': 10, 'W_layer_units_exponent_3': 6, 'W_layer_units_exponent_4': 5, 'W_layer_units_exponent_5': 4, 'W_layer_units_exponent_6': 5, 'W_layer_units_exponent_7': 5, 'D_layers': 4, 'D_layer_units_exponent_0': 7, 'D_layer_units_exponent_1': 10, 'D_layer_units_exponent_2': 5, 'D_layer_units_exponent_3': 7, 'D_dagger_layers': 4, 'D_dagger_layer_units_exponent_0': 7, 'D_dagger_layer_units_exponent_1': 10, 'D_dagger_layer_units_exponent_2': 4, 'D_dagger_layer_units_exponent_3': 9, 'log_learning_rate': -2.8448860720285807, 'log_learning_rate_D': -2.4242711655030016, 'log_learning_rate_D_dagger': -3.989442432750818, 'training_batch_size': 7, 'training_p': 2}. Best is trial 147 with value: 0.20693741738796234.
Time for this trial:  26.012228965759277
Memory status after this trial: 
Memory allocated:  638.25537109375
Memory cached:  672.0
--------------------  Trial  152   --------------------
Start timing: 
Parameters: 
{'W_layers': 8, 'W_layer_units_exponent_0': 6, 'W_layer_units_exponent_1': 5, 'W_layer_units_exponent_2': 10, 'W_layer_units_exponent_3': 6, 'W_layer_units_exponent_4': 5, 'W_layer_units_exponent_5': 4, 'W_layer_units_exponent_6': 5, 'W_layer_units_exponent_7': 5, 'D_layers': 4, 'D_layer_units_exponent_0': 7, 'D_layer_units_exponent_1': 10, 'D_layer_units_exponent_2': 4, 'D_layer_units_exponent_3': 7, 'D_dagger_layers': 4, 'D_dagger_layer_units_exponent_0': 7, 'D_dagger_layer_units_exponent_1': 10, 'D_dagger_layer_units_exponent_2': 4, 'D_dagger_layer_units_exponent_3': 9, 'log_learning_rate': -2.9650214921530047, 'log_learning_rate_D': -2.4164196892708594, 'log_learning_rate_D_dagger': -3.9300518287954365, 'training_batch_size': 7, 'training_p': 2}
	 epoch  0 training error:  tensor(1.0063, device='cuda:0', grad_fn=<DivBackward0>)
Memory status after this epoch: 
Memory allocated:  325.02685546875
Memory cached:  412.0
	 epoch  10 training error:  tensor(0.2723, device='cuda:0', grad_fn=<DivBackward0>)
Memory status after this epoch: 
Memory allocated:  325.02685546875
Memory cached:  412.0
	 epoch  20 training error:  tensor(0.2263, device='cuda:0', grad_fn=<DivBackward0>)
Memory status after this epoch: 
Memory allocated:  325.02685546875
Memory cached:  412.0
	 epoch  30 training error:  tensor(0.2115, device='cuda:0', grad_fn=<DivBackward0>)
Memory status after this epoch: 
Memory allocated:  325.02685546875
Memory cached:  412.0
	 epoch  40 training error:  tensor(0.1973, device='cuda:0', grad_fn=<DivBackward0>)
Memory status after this epoch: 
Memory allocated:  325.02685546875
Memory cached:  412.0
	 epoch  50 training error:  tensor(0.1867, device='cuda:0', grad_fn=<DivBackward0>)
Memory status after this epoch: 
Memory allocated:  325.02685546875
Memory cached:  412.0
	 epoch  60 training error:  tensor(0.1838, device='cuda:0', grad_fn=<DivBackward0>)
Memory status after this epoch: 
Memory allocated:  325.02685546875
Memory cached:  412.0
	 epoch  70 training error:  tensor(0.1846, device='cuda:0', grad_fn=<DivBackward0>)
Memory status after this epoch: 
Memory allocated:  325.02685546875
Memory cached:  412.0
	 epoch  80 training error:  tensor(0.1832, device='cuda:0', grad_fn=<DivBackward0>)
Memory status after this epoch: 
Memory allocated:  325.02685546875
Memory cached:  412.0
	 epoch  90 training error:  tensor(0.1829, device='cuda:0', grad_fn=<DivBackward0>)
Memory status after this epoch: 
Memory allocated:  325.02685546875
Memory cached:  412.0
[I 2024-01-11 12:32:40,310] Trial 152 finished with value: 0.20747771859169006 and parameters: {'W_layers': 8, 'W_layer_units_exponent_0': 6, 'W_layer_units_exponent_1': 5, 'W_layer_units_exponent_2': 10, 'W_layer_units_exponent_3': 6, 'W_layer_units_exponent_4': 5, 'W_layer_units_exponent_5': 4, 'W_layer_units_exponent_6': 5, 'W_layer_units_exponent_7': 5, 'D_layers': 4, 'D_layer_units_exponent_0': 7, 'D_layer_units_exponent_1': 10, 'D_layer_units_exponent_2': 4, 'D_layer_units_exponent_3': 7, 'D_dagger_layers': 4, 'D_dagger_layer_units_exponent_0': 7, 'D_dagger_layer_units_exponent_1': 10, 'D_dagger_layer_units_exponent_2': 4, 'D_dagger_layer_units_exponent_3': 9, 'log_learning_rate': -2.9650214921530047, 'log_learning_rate_D': -2.4164196892708594, 'log_learning_rate_D_dagger': -3.9300518287954365, 'training_batch_size': 7, 'training_p': 2}. Best is trial 147 with value: 0.20693741738796234.
Time for this trial:  26.089383602142334
Memory status after this trial: 
Memory allocated:  638.25537109375
Memory cached:  670.0
--------------------  Trial  153   --------------------
Start timing: 
Parameters: 
{'W_layers': 8, 'W_layer_units_exponent_0': 6, 'W_layer_units_exponent_1': 4, 'W_layer_units_exponent_2': 10, 'W_layer_units_exponent_3': 6, 'W_layer_units_exponent_4': 5, 'W_layer_units_exponent_5': 4, 'W_layer_units_exponent_6': 5, 'W_layer_units_exponent_7': 5, 'D_layers': 4, 'D_layer_units_exponent_0': 7, 'D_layer_units_exponent_1': 10, 'D_layer_units_exponent_2': 4, 'D_layer_units_exponent_3': 7, 'D_dagger_layers': 4, 'D_dagger_layer_units_exponent_0': 7, 'D_dagger_layer_units_exponent_1': 10, 'D_dagger_layer_units_exponent_2': 4, 'D_dagger_layer_units_exponent_3': 9, 'log_learning_rate': -2.947664439562185, 'log_learning_rate_D': -2.3036851943741987, 'log_learning_rate_D_dagger': -4.133596805825083, 'training_batch_size': 7, 'training_p': 2}
	 epoch  0 training error:  tensor(0.9597, device='cuda:0', grad_fn=<DivBackward0>)
Memory status after this epoch: 
Memory allocated:  324.76123046875
Memory cached:  414.0
	 epoch  10 training error:  tensor(0.3190, device='cuda:0', grad_fn=<DivBackward0>)
Memory status after this epoch: 
Memory allocated:  324.76123046875
Memory cached:  414.0
	 epoch  20 training error:  tensor(0.2511, device='cuda:0', grad_fn=<DivBackward0>)
Memory status after this epoch: 
Memory allocated:  324.76123046875
Memory cached:  414.0
	 epoch  30 training error:  tensor(0.2216, device='cuda:0', grad_fn=<DivBackward0>)
Memory status after this epoch: 
Memory allocated:  324.76123046875
Memory cached:  414.0
	 epoch  40 training error:  tensor(0.1999, device='cuda:0', grad_fn=<DivBackward0>)
Memory status after this epoch: 
Memory allocated:  324.76123046875
Memory cached:  414.0
	 epoch  50 training error:  tensor(0.1875, device='cuda:0', grad_fn=<DivBackward0>)
Memory status after this epoch: 
Memory allocated:  324.76123046875
Memory cached:  414.0
	 epoch  60 training error:  tensor(0.1860, device='cuda:0', grad_fn=<DivBackward0>)
Memory status after this epoch: 
Memory allocated:  324.76123046875
Memory cached:  414.0
	 epoch  70 training error:  tensor(0.1847, device='cuda:0', grad_fn=<DivBackward0>)
Memory status after this epoch: 
Memory allocated:  324.76123046875
Memory cached:  414.0
	 epoch  80 training error:  tensor(0.1844, device='cuda:0', grad_fn=<DivBackward0>)
Memory status after this epoch: 
Memory allocated:  324.76123046875
Memory cached:  414.0
	 epoch  90 training error:  tensor(0.1832, device='cuda:0', grad_fn=<DivBackward0>)
Memory status after this epoch: 
Memory allocated:  324.76123046875
Memory cached:  414.0
[I 2024-01-11 12:33:06,633] Trial 153 finished with value: 0.20810618996620178 and parameters: {'W_layers': 8, 'W_layer_units_exponent_0': 6, 'W_layer_units_exponent_1': 4, 'W_layer_units_exponent_2': 10, 'W_layer_units_exponent_3': 6, 'W_layer_units_exponent_4': 5, 'W_layer_units_exponent_5': 4, 'W_layer_units_exponent_6': 5, 'W_layer_units_exponent_7': 5, 'D_layers': 4, 'D_layer_units_exponent_0': 7, 'D_layer_units_exponent_1': 10, 'D_layer_units_exponent_2': 4, 'D_layer_units_exponent_3': 7, 'D_dagger_layers': 4, 'D_dagger_layer_units_exponent_0': 7, 'D_dagger_layer_units_exponent_1': 10, 'D_dagger_layer_units_exponent_2': 4, 'D_dagger_layer_units_exponent_3': 9, 'log_learning_rate': -2.947664439562185, 'log_learning_rate_D': -2.3036851943741987, 'log_learning_rate_D_dagger': -4.133596805825083, 'training_batch_size': 7, 'training_p': 2}. Best is trial 147 with value: 0.20693741738796234.
Time for this trial:  25.922840356826782
Memory status after this trial: 
Memory allocated:  636.41357421875
Memory cached:  668.0
--------------------  Trial  154   --------------------
Start timing: 
Parameters: 
{'W_layers': 8, 'W_layer_units_exponent_0': 6, 'W_layer_units_exponent_1': 4, 'W_layer_units_exponent_2': 10, 'W_layer_units_exponent_3': 6, 'W_layer_units_exponent_4': 5, 'W_layer_units_exponent_5': 4, 'W_layer_units_exponent_6': 5, 'W_layer_units_exponent_7': 6, 'D_layers': 4, 'D_layer_units_exponent_0': 7, 'D_layer_units_exponent_1': 10, 'D_layer_units_exponent_2': 4, 'D_layer_units_exponent_3': 7, 'D_dagger_layers': 4, 'D_dagger_layer_units_exponent_0': 7, 'D_dagger_layer_units_exponent_1': 10, 'D_dagger_layer_units_exponent_2': 4, 'D_dagger_layer_units_exponent_3': 9, 'log_learning_rate': -2.7699415961254865, 'log_learning_rate_D': -2.4453782192984748, 'log_learning_rate_D_dagger': -3.7307177153105906, 'training_batch_size': 7, 'training_p': 2}
	 epoch  0 training error:  tensor(0.9907, device='cuda:0', grad_fn=<DivBackward0>)
Memory status after this epoch: 
Memory allocated:  324.77685546875
Memory cached:  414.0
	 epoch  10 training error:  tensor(0.2789, device='cuda:0', grad_fn=<DivBackward0>)
Memory status after this epoch: 
Memory allocated:  324.77685546875
Memory cached:  414.0
	 epoch  20 training error:  tensor(0.2175, device='cuda:0', grad_fn=<DivBackward0>)
Memory status after this epoch: 
Memory allocated:  324.77685546875
Memory cached:  414.0
	 epoch  30 training error:  tensor(0.1912, device='cuda:0', grad_fn=<DivBackward0>)
Memory status after this epoch: 
Memory allocated:  324.77685546875
Memory cached:  414.0
	 epoch  40 training error:  tensor(0.1850, device='cuda:0', grad_fn=<DivBackward0>)
Memory status after this epoch: 
Memory allocated:  324.77685546875
Memory cached:  414.0
	 epoch  50 training error:  tensor(0.1845, device='cuda:0', grad_fn=<DivBackward0>)
Memory status after this epoch: 
Memory allocated:  324.77685546875
Memory cached:  414.0
	 epoch  60 training error:  tensor(0.1838, device='cuda:0', grad_fn=<DivBackward0>)
Memory status after this epoch: 
Memory allocated:  324.77685546875
Memory cached:  414.0
	 epoch  70 training error:  tensor(0.1841, device='cuda:0', grad_fn=<DivBackward0>)
Memory status after this epoch: 
Memory allocated:  324.77685546875
Memory cached:  414.0
	 epoch  80 training error:  tensor(0.1830, device='cuda:0', grad_fn=<DivBackward0>)
Memory status after this epoch: 
Memory allocated:  324.77685546875
Memory cached:  414.0
	 epoch  90 training error:  tensor(0.1823, device='cuda:0', grad_fn=<DivBackward0>)
Memory status after this epoch: 
Memory allocated:  324.77685546875
Memory cached:  414.0
[I 2024-01-11 12:33:33,003] Trial 154 finished with value: 0.20995433628559113 and parameters: {'W_layers': 8, 'W_layer_units_exponent_0': 6, 'W_layer_units_exponent_1': 4, 'W_layer_units_exponent_2': 10, 'W_layer_units_exponent_3': 6, 'W_layer_units_exponent_4': 5, 'W_layer_units_exponent_5': 4, 'W_layer_units_exponent_6': 5, 'W_layer_units_exponent_7': 6, 'D_layers': 4, 'D_layer_units_exponent_0': 7, 'D_layer_units_exponent_1': 10, 'D_layer_units_exponent_2': 4, 'D_layer_units_exponent_3': 7, 'D_dagger_layers': 4, 'D_dagger_layer_units_exponent_0': 7, 'D_dagger_layer_units_exponent_1': 10, 'D_dagger_layer_units_exponent_2': 4, 'D_dagger_layer_units_exponent_3': 9, 'log_learning_rate': -2.7699415961254865, 'log_learning_rate_D': -2.4453782192984748, 'log_learning_rate_D_dagger': -3.7307177153105906, 'training_batch_size': 7, 'training_p': 2}. Best is trial 147 with value: 0.20693741738796234.
Time for this trial:  25.96595573425293
Memory status after this trial: 
Memory allocated:  639.35107421875
Memory cached:  672.0
--------------------  Trial  155   --------------------
Start timing: 
Parameters: 
{'W_layers': 8, 'W_layer_units_exponent_0': 6, 'W_layer_units_exponent_1': 4, 'W_layer_units_exponent_2': 10, 'W_layer_units_exponent_3': 6, 'W_layer_units_exponent_4': 5, 'W_layer_units_exponent_5': 4, 'W_layer_units_exponent_6': 5, 'W_layer_units_exponent_7': 4, 'D_layers': 4, 'D_layer_units_exponent_0': 7, 'D_layer_units_exponent_1': 10, 'D_layer_units_exponent_2': 4, 'D_layer_units_exponent_3': 7, 'D_dagger_layers': 4, 'D_dagger_layer_units_exponent_0': 7, 'D_dagger_layer_units_exponent_1': 10, 'D_dagger_layer_units_exponent_2': 4, 'D_dagger_layer_units_exponent_3': 10, 'log_learning_rate': -3.1010496426542535, 'log_learning_rate_D': -2.3875756520347147, 'log_learning_rate_D_dagger': -3.930411719210605, 'training_batch_size': 7, 'training_p': 2}
	 epoch  0 training error:  tensor(1.0139, device='cuda:0', grad_fn=<DivBackward0>)
Memory status after this epoch: 
Memory allocated:  324.89404296875
Memory cached:  414.0
	 epoch  10 training error:  tensor(0.2617, device='cuda:0', grad_fn=<DivBackward0>)
Memory status after this epoch: 
Memory allocated:  324.89404296875
Memory cached:  414.0
	 epoch  20 training error:  tensor(0.2319, device='cuda:0', grad_fn=<DivBackward0>)
Memory status after this epoch: 
Memory allocated:  324.89404296875
Memory cached:  414.0
	 epoch  30 training error:  tensor(0.2108, device='cuda:0', grad_fn=<DivBackward0>)
Memory status after this epoch: 
Memory allocated:  324.89404296875
Memory cached:  414.0
	 epoch  40 training error:  tensor(0.1945, device='cuda:0', grad_fn=<DivBackward0>)
Memory status after this epoch: 
Memory allocated:  324.89404296875
Memory cached:  414.0
	 epoch  50 training error:  tensor(0.1864, device='cuda:0', grad_fn=<DivBackward0>)
Memory status after this epoch: 
Memory allocated:  324.89404296875
Memory cached:  414.0
	 epoch  60 training error:  tensor(0.1852, device='cuda:0', grad_fn=<DivBackward0>)
Memory status after this epoch: 
Memory allocated:  324.89404296875
Memory cached:  414.0
	 epoch  70 training error:  tensor(0.1833, device='cuda:0', grad_fn=<DivBackward0>)
Memory status after this epoch: 
Memory allocated:  324.89404296875
Memory cached:  414.0
	 epoch  80 training error:  tensor(0.1826, device='cuda:0', grad_fn=<DivBackward0>)
Memory status after this epoch: 
Memory allocated:  324.89404296875
Memory cached:  414.0
	 epoch  90 training error:  tensor(0.1827, device='cuda:0', grad_fn=<DivBackward0>)
Memory status after this epoch: 
Memory allocated:  324.89404296875
Memory cached:  414.0
[I 2024-01-11 12:34:00,464] Trial 155 finished with value: 0.20830142498016357 and parameters: {'W_layers': 8, 'W_layer_units_exponent_0': 6, 'W_layer_units_exponent_1': 4, 'W_layer_units_exponent_2': 10, 'W_layer_units_exponent_3': 6, 'W_layer_units_exponent_4': 5, 'W_layer_units_exponent_5': 4, 'W_layer_units_exponent_6': 5, 'W_layer_units_exponent_7': 4, 'D_layers': 4, 'D_layer_units_exponent_0': 7, 'D_layer_units_exponent_1': 10, 'D_layer_units_exponent_2': 4, 'D_layer_units_exponent_3': 7, 'D_dagger_layers': 4, 'D_dagger_layer_units_exponent_0': 7, 'D_dagger_layer_units_exponent_1': 10, 'D_dagger_layer_units_exponent_2': 4, 'D_dagger_layer_units_exponent_3': 10, 'log_learning_rate': -3.1010496426542535, 'log_learning_rate_D': -2.3875756520347147, 'log_learning_rate_D_dagger': -3.930411719210605, 'training_batch_size': 7, 'training_p': 2}. Best is trial 147 with value: 0.20693741738796234.
Time for this trial:  26.989821434020996
Memory status after this trial: 
Memory allocated:  682.82763671875
Memory cached:  716.0
--------------------  Trial  156   --------------------
Start timing: 
Parameters: 
{'W_layers': 8, 'W_layer_units_exponent_0': 6, 'W_layer_units_exponent_1': 5, 'W_layer_units_exponent_2': 10, 'W_layer_units_exponent_3': 6, 'W_layer_units_exponent_4': 5, 'W_layer_units_exponent_5': 4, 'W_layer_units_exponent_6': 5, 'W_layer_units_exponent_7': 5, 'D_layers': 4, 'D_layer_units_exponent_0': 7, 'D_layer_units_exponent_1': 10, 'D_layer_units_exponent_2': 4, 'D_layer_units_exponent_3': 7, 'D_dagger_layers': 4, 'D_dagger_layer_units_exponent_0': 8, 'D_dagger_layer_units_exponent_1': 10, 'D_dagger_layer_units_exponent_2': 4, 'D_dagger_layer_units_exponent_3': 9, 'log_learning_rate': -2.7436109610960564, 'log_learning_rate_D': -2.170743827973619, 'log_learning_rate_D_dagger': -3.8211120856172416, 'training_batch_size': 7, 'training_p': 2}
	 epoch  0 training error:  tensor(0.9124, device='cuda:0', grad_fn=<DivBackward0>)
Memory status after this epoch: 
Memory allocated:  327.03076171875
Memory cached:  412.0
	 epoch  10 training error:  tensor(0.2619, device='cuda:0', grad_fn=<DivBackward0>)
Memory status after this epoch: 
Memory allocated:  327.03076171875
Memory cached:  416.0
	 epoch  20 training error:  tensor(0.2047, device='cuda:0', grad_fn=<DivBackward0>)
Memory status after this epoch: 
Memory allocated:  327.03076171875
Memory cached:  416.0
	 epoch  30 training error:  tensor(0.1836, device='cuda:0', grad_fn=<DivBackward0>)
Memory status after this epoch: 
Memory allocated:  327.03076171875
Memory cached:  416.0
	 epoch  40 training error:  tensor(0.1841, device='cuda:0', grad_fn=<DivBackward0>)
Memory status after this epoch: 
Memory allocated:  327.03076171875
Memory cached:  416.0
	 epoch  50 training error:  tensor(0.1824, device='cuda:0', grad_fn=<DivBackward0>)
Memory status after this epoch: 
Memory allocated:  327.03076171875
Memory cached:  416.0
	 epoch  60 training error:  tensor(0.1827, device='cuda:0', grad_fn=<DivBackward0>)
Memory status after this epoch: 
Memory allocated:  327.03076171875
Memory cached:  416.0
	 epoch  70 training error:  tensor(0.1836, device='cuda:0', grad_fn=<DivBackward0>)
Memory status after this epoch: 
Memory allocated:  327.03076171875
Memory cached:  416.0
	 epoch  80 training error:  tensor(0.1829, device='cuda:0', grad_fn=<DivBackward0>)
Memory status after this epoch: 
Memory allocated:  327.03076171875
Memory cached:  416.0
	 epoch  90 training error:  tensor(0.1836, device='cuda:0', grad_fn=<DivBackward0>)
Memory status after this epoch: 
Memory allocated:  327.03076171875
Memory cached:  416.0
[I 2024-01-11 12:34:27,778] Trial 156 finished with value: 0.20785298943519592 and parameters: {'W_layers': 8, 'W_layer_units_exponent_0': 6, 'W_layer_units_exponent_1': 5, 'W_layer_units_exponent_2': 10, 'W_layer_units_exponent_3': 6, 'W_layer_units_exponent_4': 5, 'W_layer_units_exponent_5': 4, 'W_layer_units_exponent_6': 5, 'W_layer_units_exponent_7': 5, 'D_layers': 4, 'D_layer_units_exponent_0': 7, 'D_layer_units_exponent_1': 10, 'D_layer_units_exponent_2': 4, 'D_layer_units_exponent_3': 7, 'D_dagger_layers': 4, 'D_dagger_layer_units_exponent_0': 8, 'D_dagger_layer_units_exponent_1': 10, 'D_dagger_layer_units_exponent_2': 4, 'D_dagger_layer_units_exponent_3': 9, 'log_learning_rate': -2.7436109610960564, 'log_learning_rate_D': -2.170743827973619, 'log_learning_rate_D_dagger': -3.8211120856172416, 'training_batch_size': 7, 'training_p': 2}. Best is trial 147 with value: 0.20693741738796234.
Time for this trial:  26.91097402572632
Memory status after this trial: 
Memory allocated:  653.30419921875
Memory cached:  674.0
--------------------  Trial  157   --------------------
Start timing: 
Parameters: 
{'W_layers': 8, 'W_layer_units_exponent_0': 6, 'W_layer_units_exponent_1': 4, 'W_layer_units_exponent_2': 10, 'W_layer_units_exponent_3': 7, 'W_layer_units_exponent_4': 5, 'W_layer_units_exponent_5': 10, 'W_layer_units_exponent_6': 5, 'W_layer_units_exponent_7': 6, 'D_layers': 4, 'D_layer_units_exponent_0': 7, 'D_layer_units_exponent_1': 10, 'D_layer_units_exponent_2': 4, 'D_layer_units_exponent_3': 7, 'D_dagger_layers': 4, 'D_dagger_layer_units_exponent_0': 7, 'D_dagger_layer_units_exponent_1': 10, 'D_dagger_layer_units_exponent_2': 4, 'D_dagger_layer_units_exponent_3': 8, 'log_learning_rate': -2.8875397985471776, 'log_learning_rate_D': -2.314983733359267, 'log_learning_rate_D_dagger': -4.023893774174655, 'training_batch_size': 7, 'training_p': 2}
	 epoch  0 training error:  tensor(0.9922, device='cuda:0', grad_fn=<DivBackward0>)
Memory status after this epoch: 
Memory allocated:  326.73583984375
Memory cached:  412.0
	 epoch  10 training error:  tensor(0.2750, device='cuda:0', grad_fn=<DivBackward0>)
Memory status after this epoch: 
Memory allocated:  326.73583984375
Memory cached:  412.0
	 epoch  20 training error:  tensor(0.2268, device='cuda:0', grad_fn=<DivBackward0>)
Memory status after this epoch: 
Memory allocated:  326.73583984375
Memory cached:  412.0
	 epoch  30 training error:  tensor(0.2126, device='cuda:0', grad_fn=<DivBackward0>)
Memory status after this epoch: 
Memory allocated:  326.73583984375
Memory cached:  412.0
	 epoch  40 training error:  tensor(0.1991, device='cuda:0', grad_fn=<DivBackward0>)
Memory status after this epoch: 
Memory allocated:  326.73583984375
Memory cached:  412.0
	 epoch  50 training error:  tensor(0.1872, device='cuda:0', grad_fn=<DivBackward0>)
Memory status after this epoch: 
Memory allocated:  326.73583984375
Memory cached:  412.0
	 epoch  60 training error:  tensor(0.1835, device='cuda:0', grad_fn=<DivBackward0>)
Memory status after this epoch: 
Memory allocated:  326.73583984375
Memory cached:  412.0
	 epoch  70 training error:  tensor(0.1847, device='cuda:0', grad_fn=<DivBackward0>)
Memory status after this epoch: 
Memory allocated:  326.73583984375
Memory cached:  412.0
	 epoch  80 training error:  tensor(0.1825, device='cuda:0', grad_fn=<DivBackward0>)
Memory status after this epoch: 
Memory allocated:  326.73583984375
Memory cached:  412.0
	 epoch  90 training error:  tensor(0.1827, device='cuda:0', grad_fn=<DivBackward0>)
Memory status after this epoch: 
Memory allocated:  326.73583984375
Memory cached:  412.0
