[I 2024-02-16 17:28:24,548] Trial 17 finished with value: 0.17436657845973969 and parameters: {'W_layers': 6, 'W_layer_units_exponent_0': 10, 'W_layer_units_exponent_1': 8, 'W_layer_units_exponent_2': 5, 'W_layer_units_exponent_3': 6, 'W_layer_units_exponent_4': 6, 'W_layer_units_exponent_5': 8, 'D_layers': 3, 'D_layer_units_exponent_0': 9, 'D_layer_units_exponent_1': 9, 'D_layer_units_exponent_2': 6, 'D_dagger_layers': 4, 'D_dagger_layer_units_exponent_0': 6, 'D_dagger_layer_units_exponent_1': 7, 'D_dagger_layer_units_exponent_2': 5, 'D_dagger_layer_units_exponent_3': 7, 'log_learning_rate': -3.1843542986272926, 'log_learning_rate_D': -3.9126943703132415, 'log_learning_rate_D_dagger': -2.1062371788778256, 'training_batch_size': 7, 'training_p': 2}. Best is trial 17 with value: 0.17436657845973969.
res:  tensor(0.1744, device='cuda:0', grad_fn=<DivBackward0>)
self.bestValue:  tensor(0.1813, device='cuda:0', grad_fn=<DivBackward0>)
Save this model!
Time for this trial:  488.1429224014282
Memory status after this trial: 
Memory allocated:  659.33544921875
Memory cached:  1322.0
--------------------  Trial  18   --------------------
Start timing: 
Parameters: 
{'W_layers': 4, 'W_layer_units_exponent_0': 10, 'W_layer_units_exponent_1': 8, 'W_layer_units_exponent_2': 5, 'W_layer_units_exponent_3': 6, 'D_layers': 2, 'D_layer_units_exponent_0': 9, 'D_layer_units_exponent_1': 9, 'D_dagger_layers': 4, 'D_dagger_layer_units_exponent_0': 6, 'D_dagger_layer_units_exponent_1': 7, 'D_dagger_layer_units_exponent_2': 5, 'D_dagger_layer_units_exponent_3': 7, 'log_learning_rate': -3.601951299042805, 'log_learning_rate_D': -3.821103480981211, 'log_learning_rate_D_dagger': -2.1781709864063266, 'training_batch_size': 7, 'training_p': 3}
	 epoch  0 training error:  tensor(0.6518, device='cuda:0', grad_fn=<DivBackward0>)
Memory status after this epoch: 
Memory allocated:  667.8515625
Memory cached:  1312.0
	 epoch  10 training error:  tensor(0.3818, device='cuda:0', grad_fn=<DivBackward0>)
Memory status after this epoch: 
Memory allocated:  667.8515625
Memory cached:  1318.0
	 epoch  20 training error:  tensor(0.4002, device='cuda:0', grad_fn=<DivBackward0>)
Memory status after this epoch: 
Memory allocated:  667.8515625
Memory cached:  1318.0
	 epoch  30 training error:  tensor(0.3554, device='cuda:0', grad_fn=<DivBackward0>)
Memory status after this epoch: 
Memory allocated:  667.8515625
Memory cached:  1322.0
	 epoch  40 training error:  tensor(0.3628, device='cuda:0', grad_fn=<DivBackward0>)
Memory status after this epoch: 
Memory allocated:  667.8515625
Memory cached:  1322.0
	 epoch  50 training error:  tensor(0.3244, device='cuda:0', grad_fn=<DivBackward0>)
Memory status after this epoch: 
Memory allocated:  667.8515625
Memory cached:  1322.0
	 epoch  60 training error:  tensor(0.2828, device='cuda:0', grad_fn=<DivBackward0>)
Memory status after this epoch: 
Memory allocated:  667.8515625
Memory cached:  1322.0
	 epoch  70 training error:  tensor(0.2559, device='cuda:0', grad_fn=<DivBackward0>)
Memory status after this epoch: 
Memory allocated:  667.8515625
Memory cached:  1322.0
	 epoch  80 training error:  tensor(0.1890, device='cuda:0', grad_fn=<DivBackward0>)
Memory status after this epoch: 
Memory allocated:  667.8515625
Memory cached:  1320.0
	 epoch  90 training error:  tensor(0.1887, device='cuda:0', grad_fn=<DivBackward0>)
Memory status after this epoch: 
Memory allocated:  667.8515625
Memory cached:  1318.0
[I 2024-02-16 17:35:13,619] Trial 18 finished with value: 0.13164778053760529 and parameters: {'W_layers': 4, 'W_layer_units_exponent_0': 10, 'W_layer_units_exponent_1': 8, 'W_layer_units_exponent_2': 5, 'W_layer_units_exponent_3': 6, 'D_layers': 2, 'D_layer_units_exponent_0': 9, 'D_layer_units_exponent_1': 9, 'D_dagger_layers': 4, 'D_dagger_layer_units_exponent_0': 6, 'D_dagger_layer_units_exponent_1': 7, 'D_dagger_layer_units_exponent_2': 5, 'D_dagger_layer_units_exponent_3': 7, 'log_learning_rate': -3.601951299042805, 'log_learning_rate_D': -3.821103480981211, 'log_learning_rate_D_dagger': -2.1781709864063266, 'training_batch_size': 7, 'training_p': 3}. Best is trial 18 with value: 0.13164778053760529.
res:  tensor(0.1316, device='cuda:0', grad_fn=<DivBackward0>)
self.bestValue:  tensor(0.1744, device='cuda:0', grad_fn=<DivBackward0>)
Save this model!
Time for this trial:  408.720867395401
Memory status after this trial: 
Memory allocated:  569.35693359375
Memory cached:  966.0
--------------------  Trial  19   --------------------
Start timing: 
Parameters: 
{'W_layers': 4, 'W_layer_units_exponent_0': 10, 'W_layer_units_exponent_1': 8, 'W_layer_units_exponent_2': 5, 'W_layer_units_exponent_3': 6, 'D_layers': 2, 'D_layer_units_exponent_0': 9, 'D_layer_units_exponent_1': 9, 'D_dagger_layers': 5, 'D_dagger_layer_units_exponent_0': 6, 'D_dagger_layer_units_exponent_1': 7, 'D_dagger_layer_units_exponent_2': 5, 'D_dagger_layer_units_exponent_3': 7, 'D_dagger_layer_units_exponent_4': 10, 'log_learning_rate': -3.91654765016862, 'log_learning_rate_D': -3.6811800055072434, 'log_learning_rate_D_dagger': -2.3664085785549216, 'training_batch_size': 12, 'training_p': 3}
	 epoch  0 training error:  tensor(1.0296, device='cuda:0', grad_fn=<DivBackward0>)
Memory status after this epoch: 
Memory allocated:  580.0
Memory cached:  936.0
	 epoch  10 training error:  tensor(0.4496, device='cuda:0', grad_fn=<DivBackward0>)
Memory status after this epoch: 
Memory allocated:  580.0
Memory cached:  952.0
	 epoch  20 training error:  tensor(0.3889, device='cuda:0', grad_fn=<DivBackward0>)
Memory status after this epoch: 
Memory allocated:  580.0
Memory cached:  952.0
	 epoch  30 training error:  tensor(0.3705, device='cuda:0', grad_fn=<DivBackward0>)
Memory status after this epoch: 
Memory allocated:  580.0
Memory cached:  960.0
	 epoch  40 training error:  tensor(0.3647, device='cuda:0', grad_fn=<DivBackward0>)
Memory status after this epoch: 
Memory allocated:  580.0
Memory cached:  962.0
	 epoch  50 training error:  tensor(0.3578, device='cuda:0', grad_fn=<DivBackward0>)
Memory status after this epoch: 
Memory allocated:  580.0
Memory cached:  962.0
	 epoch  60 training error:  tensor(0.4143, device='cuda:0', grad_fn=<DivBackward0>)
Memory status after this epoch: 
Memory allocated:  580.0
Memory cached:  952.0
	 epoch  70 training error:  tensor(0.3954, device='cuda:0', grad_fn=<DivBackward0>)
Memory status after this epoch: 
Memory allocated:  580.0
Memory cached:  954.0
	 epoch  80 training error:  tensor(0.3573, device='cuda:0', grad_fn=<DivBackward0>)
Memory status after this epoch: 
Memory allocated:  580.0
Memory cached:  956.0
	 epoch  90 training error:  tensor(0.3399, device='cuda:0', grad_fn=<DivBackward0>)
Memory status after this epoch: 
Memory allocated:  580.0
Memory cached:  960.0
[I 2024-02-16 17:38:38,638] Trial 19 finished with value: 0.32131195068359375 and parameters: {'W_layers': 4, 'W_layer_units_exponent_0': 10, 'W_layer_units_exponent_1': 8, 'W_layer_units_exponent_2': 5, 'W_layer_units_exponent_3': 6, 'D_layers': 2, 'D_layer_units_exponent_0': 9, 'D_layer_units_exponent_1': 9, 'D_dagger_layers': 5, 'D_dagger_layer_units_exponent_0': 6, 'D_dagger_layer_units_exponent_1': 7, 'D_dagger_layer_units_exponent_2': 5, 'D_dagger_layer_units_exponent_3': 7, 'D_dagger_layer_units_exponent_4': 10, 'log_learning_rate': -3.91654765016862, 'log_learning_rate_D': -3.6811800055072434, 'log_learning_rate_D_dagger': -2.3664085785549216, 'training_batch_size': 12, 'training_p': 3}. Best is trial 18 with value: 0.13164778053760529.
Time for this trial:  204.70029950141907
Memory status after this trial: 
Memory allocated:  1330.86279296875
Memory cached:  1342.0
--------------------  Trial  20   --------------------
Start timing: 
Parameters: 
{'W_layers': 3, 'W_layer_units_exponent_0': 10, 'W_layer_units_exponent_1': 8, 'W_layer_units_exponent_2': 6, 'D_layers': 3, 'D_layer_units_exponent_0': 9, 'D_layer_units_exponent_1': 8, 'D_layer_units_exponent_2': 8, 'D_dagger_layers': 4, 'D_dagger_layer_units_exponent_0': 6, 'D_dagger_layer_units_exponent_1': 7, 'D_dagger_layer_units_exponent_2': 5, 'D_dagger_layer_units_exponent_3': 7, 'log_learning_rate': -3.9249571038787003, 'log_learning_rate_D': -1.142579957195207, 'log_learning_rate_D_dagger': -3.1361549266019195, 'training_batch_size': 8, 'training_p': 5}
	 epoch  0 training error:  tensor(0.8985, device='cuda:0', grad_fn=<DivBackward0>)
Memory status after this epoch: 
Memory allocated:  576.9609375
Memory cached:  938.0
	 epoch  10 training error:  tensor(0.5530, device='cuda:0', grad_fn=<DivBackward0>)
Memory status after this epoch: 
Memory allocated:  576.9609375
Memory cached:  962.0
	 epoch  20 training error:  tensor(0.5373, device='cuda:0', grad_fn=<DivBackward0>)
Memory status after this epoch: 
Memory allocated:  576.9609375
Memory cached:  962.0
	 epoch  30 training error:  tensor(0.5374, device='cuda:0', grad_fn=<DivBackward0>)
Memory status after this epoch: 
Memory allocated:  576.9609375
Memory cached:  964.0
	 epoch  40 training error:  tensor(0.5389, device='cuda:0', grad_fn=<DivBackward0>)
Memory status after this epoch: 
Memory allocated:  576.9609375
Memory cached:  962.0
	 epoch  50 training error:  tensor(0.5421, device='cuda:0', grad_fn=<DivBackward0>)
Memory status after this epoch: 
Memory allocated:  576.9609375
Memory cached:  954.0
	 epoch  60 training error:  tensor(0.5366, device='cuda:0', grad_fn=<DivBackward0>)
Memory status after this epoch: 
Memory allocated:  576.9609375
Memory cached:  964.0
	 epoch  70 training error:  tensor(0.5372, device='cuda:0', grad_fn=<DivBackward0>)
Memory status after this epoch: 
Memory allocated:  576.9609375
Memory cached:  962.0
	 epoch  80 training error:  tensor(0.5426, device='cuda:0', grad_fn=<DivBackward0>)
Memory status after this epoch: 
Memory allocated:  576.9609375
Memory cached:  956.0
	 epoch  90 training error:  tensor(0.5372, device='cuda:0', grad_fn=<DivBackward0>)
Memory status after this epoch: 
Memory allocated:  576.9609375
Memory cached:  960.0
[I 2024-02-16 17:44:08,593] Trial 20 finished with value: 0.4989587962627411 and parameters: {'W_layers': 3, 'W_layer_units_exponent_0': 10, 'W_layer_units_exponent_1': 8, 'W_layer_units_exponent_2': 6, 'D_layers': 3, 'D_layer_units_exponent_0': 9, 'D_layer_units_exponent_1': 8, 'D_layer_units_exponent_2': 8, 'D_dagger_layers': 4, 'D_dagger_layer_units_exponent_0': 6, 'D_dagger_layer_units_exponent_1': 7, 'D_dagger_layer_units_exponent_2': 5, 'D_dagger_layer_units_exponent_3': 7, 'log_learning_rate': -3.9249571038787003, 'log_learning_rate_D': -1.142579957195207, 'log_learning_rate_D_dagger': -3.1361549266019195, 'training_batch_size': 8, 'training_p': 5}. Best is trial 18 with value: 0.13164778053760529.
Time for this trial:  329.5732514858246
Memory status after this trial: 
Memory allocated:  1138.88427734375
Memory cached:  1148.0
--------------------  Trial  21   --------------------
Start timing: 
Parameters: 
{'W_layers': 5, 'W_layer_units_exponent_0': 9, 'W_layer_units_exponent_1': 8, 'W_layer_units_exponent_2': 5, 'W_layer_units_exponent_3': 4, 'W_layer_units_exponent_4': 7, 'D_layers': 3, 'D_layer_units_exponent_0': 9, 'D_layer_units_exponent_1': 9, 'D_layer_units_exponent_2': 6, 'D_dagger_layers': 4, 'D_dagger_layer_units_exponent_0': 6, 'D_dagger_layer_units_exponent_1': 7, 'D_dagger_layer_units_exponent_2': 4, 'D_dagger_layer_units_exponent_3': 6, 'log_learning_rate': -3.2125339083948012, 'log_learning_rate_D': -4.195696448918584, 'log_learning_rate_D_dagger': -1.965750470364108, 'training_batch_size': 7, 'training_p': 3}
	 epoch  0 training error:  tensor(0.7027, device='cuda:0', grad_fn=<DivBackward0>)
Memory status after this epoch: 
Memory allocated:  576.28515625
Memory cached:  940.0
	 epoch  10 training error:  tensor(0.3934, device='cuda:0', grad_fn=<DivBackward0>)
Memory status after this epoch: 
Memory allocated:  576.28515625
Memory cached:  954.0
	 epoch  20 training error:  tensor(0.3722, device='cuda:0', grad_fn=<DivBackward0>)
Memory status after this epoch: 
Memory allocated:  576.28515625
Memory cached:  944.0
	 epoch  30 training error:  tensor(0.3702, device='cuda:0', grad_fn=<DivBackward0>)
Memory status after this epoch: 
Memory allocated:  576.28515625
Memory cached:  948.0
	 epoch  40 training error:  tensor(0.3444, device='cuda:0', grad_fn=<DivBackward0>)
Memory status after this epoch: 
Memory allocated:  576.28515625
Memory cached:  948.0
	 epoch  50 training error:  tensor(0.2820, device='cuda:0', grad_fn=<DivBackward0>)
Memory status after this epoch: 
Memory allocated:  576.28515625
Memory cached:  948.0
	 epoch  60 training error:  tensor(0.2186, device='cuda:0', grad_fn=<DivBackward0>)
Memory status after this epoch: 
Memory allocated:  576.28515625
Memory cached:  950.0
	 epoch  70 training error:  tensor(0.2057, device='cuda:0', grad_fn=<DivBackward0>)
Memory status after this epoch: 
Memory allocated:  576.28515625
Memory cached:  944.0
	 epoch  80 training error:  tensor(0.2123, device='cuda:0', grad_fn=<DivBackward0>)
Memory status after this epoch: 
Memory allocated:  576.28515625
Memory cached:  940.0
	 epoch  90 training error:  tensor(0.1889, device='cuda:0', grad_fn=<DivBackward0>)
Memory status after this epoch: 
Memory allocated:  576.28515625
Memory cached:  946.0
[I 2024-02-16 17:51:45,548] Trial 21 finished with value: 0.24776752293109894 and parameters: {'W_layers': 5, 'W_layer_units_exponent_0': 9, 'W_layer_units_exponent_1': 8, 'W_layer_units_exponent_2': 5, 'W_layer_units_exponent_3': 4, 'W_layer_units_exponent_4': 7, 'D_layers': 3, 'D_layer_units_exponent_0': 9, 'D_layer_units_exponent_1': 9, 'D_layer_units_exponent_2': 6, 'D_dagger_layers': 4, 'D_dagger_layer_units_exponent_0': 6, 'D_dagger_layer_units_exponent_1': 7, 'D_dagger_layer_units_exponent_2': 4, 'D_dagger_layer_units_exponent_3': 6, 'log_learning_rate': -3.2125339083948012, 'log_learning_rate_D': -4.195696448918584, 'log_learning_rate_D_dagger': -1.965750470364108, 'training_batch_size': 7, 'training_p': 3}. Best is trial 18 with value: 0.13164778053760529.
Time for this trial:  456.54133200645447
Memory status after this trial: 
Memory allocated:  1055.34326171875
Memory cached:  1062.0
--------------------  Trial  22   --------------------
Start timing: 
Parameters: 
{'W_layers': 6, 'W_layer_units_exponent_0': 10, 'W_layer_units_exponent_1': 9, 'W_layer_units_exponent_2': 5, 'W_layer_units_exponent_3': 6, 'W_layer_units_exponent_4': 5, 'W_layer_units_exponent_5': 8, 'D_layers': 2, 'D_layer_units_exponent_0': 8, 'D_layer_units_exponent_1': 9, 'D_dagger_layers': 3, 'D_dagger_layer_units_exponent_0': 6, 'D_dagger_layer_units_exponent_1': 7, 'D_dagger_layer_units_exponent_2': 5, 'log_learning_rate': -3.4029312921542134, 'log_learning_rate_D': -3.6643800146388377, 'log_learning_rate_D_dagger': -2.263703829193596, 'training_batch_size': 7, 'training_p': 2}
	 epoch  0 training error:  tensor(0.6453, device='cuda:0', grad_fn=<DivBackward0>)
Memory status after this epoch: 
Memory allocated:  580.09375
Memory cached:  984.0
	 epoch  10 training error:  tensor(0.2952, device='cuda:0', grad_fn=<DivBackward0>)
Memory status after this epoch: 
Memory allocated:  580.09375
Memory cached:  1036.0
	 epoch  20 training error:  tensor(0.2892, device='cuda:0', grad_fn=<DivBackward0>)
Memory status after this epoch: 
Memory allocated:  580.09375
Memory cached:  1040.0
	 epoch  30 training error:  tensor(0.2837, device='cuda:0', grad_fn=<DivBackward0>)
Memory status after this epoch: 
Memory allocated:  580.09375
Memory cached:  1044.0
	 epoch  40 training error:  tensor(0.2757, device='cuda:0', grad_fn=<DivBackward0>)
Memory status after this epoch: 
Memory allocated:  580.09375
Memory cached:  1036.0
	 epoch  50 training error:  tensor(0.2410, device='cuda:0', grad_fn=<DivBackward0>)
Memory status after this epoch: 
Memory allocated:  580.09375
Memory cached:  1026.0
	 epoch  60 training error:  tensor(0.2105, device='cuda:0', grad_fn=<DivBackward0>)
Memory status after this epoch: 
Memory allocated:  580.09375
Memory cached:  1032.0
	 epoch  70 training error:  tensor(0.1813, device='cuda:0', grad_fn=<DivBackward0>)
Memory status after this epoch: 
Memory allocated:  580.09375
Memory cached:  1030.0
	 epoch  80 training error:  tensor(0.1860, device='cuda:0', grad_fn=<DivBackward0>)
Memory status after this epoch: 
Memory allocated:  580.09375
Memory cached:  1034.0
	 epoch  90 training error:  tensor(0.1527, device='cuda:0', grad_fn=<DivBackward0>)
Memory status after this epoch: 
Memory allocated:  580.09375
Memory cached:  1038.0
[I 2024-02-16 17:59:04,346] Trial 22 finished with value: 0.16449196636676788 and parameters: {'W_layers': 6, 'W_layer_units_exponent_0': 10, 'W_layer_units_exponent_1': 9, 'W_layer_units_exponent_2': 5, 'W_layer_units_exponent_3': 6, 'W_layer_units_exponent_4': 5, 'W_layer_units_exponent_5': 8, 'D_layers': 2, 'D_layer_units_exponent_0': 8, 'D_layer_units_exponent_1': 9, 'D_dagger_layers': 3, 'D_dagger_layer_units_exponent_0': 6, 'D_dagger_layer_units_exponent_1': 7, 'D_dagger_layer_units_exponent_2': 5, 'log_learning_rate': -3.4029312921542134, 'log_learning_rate_D': -3.6643800146388377, 'log_learning_rate_D_dagger': -2.263703829193596, 'training_batch_size': 7, 'training_p': 2}. Best is trial 18 with value: 0.13164778053760529.
Time for this trial:  438.4193935394287
Memory status after this trial: 
Memory allocated:  1171.34912109375
Memory cached:  1194.0
--------------------  Trial  23   --------------------
Start timing: 
Parameters: 
{'W_layers': 4, 'W_layer_units_exponent_0': 10, 'W_layer_units_exponent_1': 7, 'W_layer_units_exponent_2': 6, 'W_layer_units_exponent_3': 6, 'D_layers': 2, 'D_layer_units_exponent_0': 7, 'D_layer_units_exponent_1': 7, 'D_dagger_layers': 5, 'D_dagger_layer_units_exponent_0': 6, 'D_dagger_layer_units_exponent_1': 7, 'D_dagger_layer_units_exponent_2': 6, 'D_dagger_layer_units_exponent_3': 8, 'D_dagger_layer_units_exponent_4': 4, 'log_learning_rate': -3.675463080384178, 'log_learning_rate_D': -3.62757845355409, 'log_learning_rate_D_dagger': -2.3811521879691666, 'training_batch_size': 8, 'training_p': 2}
	 epoch  0 training error:  tensor(0.9146, device='cuda:0', grad_fn=<DivBackward0>)
Memory status after this epoch: 
Memory allocated:  572.4453125
Memory cached:  932.0
	 epoch  10 training error:  tensor(0.3143, device='cuda:0', grad_fn=<DivBackward0>)
Memory status after this epoch: 
Memory allocated:  572.4453125
Memory cached:  932.0
	 epoch  20 training error:  tensor(0.2833, device='cuda:0', grad_fn=<DivBackward0>)
Memory status after this epoch: 
Memory allocated:  572.4453125
Memory cached:  932.0
	 epoch  30 training error:  tensor(0.2755, device='cuda:0', grad_fn=<DivBackward0>)
Memory status after this epoch: 
Memory allocated:  572.4453125
Memory cached:  932.0
	 epoch  40 training error:  tensor(0.2803, device='cuda:0', grad_fn=<DivBackward0>)
Memory status after this epoch: 
Memory allocated:  572.4453125
Memory cached:  932.0
	 epoch  50 training error:  tensor(0.2886, device='cuda:0', grad_fn=<DivBackward0>)
Memory status after this epoch: 
Memory allocated:  572.4453125
Memory cached:  932.0
	 epoch  60 training error:  tensor(0.2762, device='cuda:0', grad_fn=<DivBackward0>)
Memory status after this epoch: 
Memory allocated:  572.4453125
Memory cached:  932.0
	 epoch  70 training error:  tensor(0.2752, device='cuda:0', grad_fn=<DivBackward0>)
Memory status after this epoch: 
Memory allocated:  572.4453125
Memory cached:  932.0
	 epoch  80 training error:  tensor(0.2773, device='cuda:0', grad_fn=<DivBackward0>)
Memory status after this epoch: 
Memory allocated:  572.4453125
Memory cached:  932.0
	 epoch  90 training error:  tensor(0.2767, device='cuda:0', grad_fn=<DivBackward0>)
Memory status after this epoch: 
Memory allocated:  572.4453125
Memory cached:  932.0
