[I 2023-12-06 23:37:24,111] Trial 15 finished with value: 0.23577527701854706 and parameters: {'W_layers': 7, 'W_layer_units_exponent_0': 7, 'W_layer_units_exponent_1': 9, 'W_layer_units_exponent_2': 7, 'W_layer_units_exponent_3': 8, 'W_layer_units_exponent_4': 7, 'W_layer_units_exponent_5': 4, 'W_layer_units_exponent_6': 10, 'D_layers': 4, 'D_layer_units_exponent_0': 9, 'D_layer_units_exponent_1': 9, 'D_layer_units_exponent_2': 6, 'D_layer_units_exponent_3': 10, 'D_dagger_layers': 4, 'D_dagger_layer_units_exponent_0': 9, 'D_dagger_layer_units_exponent_1': 9, 'D_dagger_layer_units_exponent_2': 4, 'D_dagger_layer_units_exponent_3': 4, 'log_learning_rate': -4.3185820250729146, 'log_learning_rate_D': -4.360893073104667, 'log_learning_rate_D_dagger': -3.7527000830359905, 'training_batch_size': 6, 'training_p': 6}. Best is trial 10 with value: 0.2010466605424881.
Time for this trial:  360.9744350910187
Memory status after this trial: 
Memory allocated:  786.3671875
Memory cached:  826.0
--------------------  Trial  16   --------------------
Start timing: 
Parameters: 
{'W_layers': 7, 'W_layer_units_exponent_0': 7, 'W_layer_units_exponent_1': 9, 'W_layer_units_exponent_2': 7, 'W_layer_units_exponent_3': 8, 'W_layer_units_exponent_4': 7, 'W_layer_units_exponent_5': 6, 'W_layer_units_exponent_6': 10, 'D_layers': 4, 'D_layer_units_exponent_0': 8, 'D_layer_units_exponent_1': 9, 'D_layer_units_exponent_2': 6, 'D_layer_units_exponent_3': 10, 'D_dagger_layers': 4, 'D_dagger_layer_units_exponent_0': 9, 'D_dagger_layer_units_exponent_1': 9, 'D_dagger_layer_units_exponent_2': 4, 'D_dagger_layer_units_exponent_3': 4, 'log_learning_rate': -4.277746044272654, 'log_learning_rate_D': -3.65128693241518, 'log_learning_rate_D_dagger': -3.6626090951582677, 'training_batch_size': 7, 'training_p': 6}
	 epoch  0 training error:  tensor(1.0057, device='cuda:0', grad_fn=<DivBackward0>)
Memory status after this epoch: 
Memory allocated:  521.44287109375
Memory cached:  782.0
	 epoch  10 training error:  tensor(0.9113, device='cuda:0', grad_fn=<DivBackward0>)
Memory status after this epoch: 
Memory allocated:  521.44287109375
Memory cached:  798.0
	 epoch  20 training error:  tensor(0.8143, device='cuda:0', grad_fn=<DivBackward0>)
Memory status after this epoch: 
Memory allocated:  521.44287109375
Memory cached:  804.0
	 epoch  30 training error:  tensor(0.6734, device='cuda:0', grad_fn=<DivBackward0>)
Memory status after this epoch: 
Memory allocated:  521.44287109375
Memory cached:  800.0
	 epoch  40 training error:  tensor(0.6050, device='cuda:0', grad_fn=<DivBackward0>)
Memory status after this epoch: 
Memory allocated:  521.44287109375
Memory cached:  802.0
	 epoch  50 training error:  tensor(0.5503, device='cuda:0', grad_fn=<DivBackward0>)
Memory status after this epoch: 
Memory allocated:  521.44287109375
Memory cached:  804.0
	 epoch  60 training error:  tensor(0.4585, device='cuda:0', grad_fn=<DivBackward0>)
Memory status after this epoch: 
Memory allocated:  521.44287109375
Memory cached:  802.0
	 epoch  70 training error:  tensor(0.4293, device='cuda:0', grad_fn=<DivBackward0>)
Memory status after this epoch: 
Memory allocated:  521.44287109375
Memory cached:  800.0
	 epoch  80 training error:  tensor(0.3916, device='cuda:0', grad_fn=<DivBackward0>)
Memory status after this epoch: 
Memory allocated:  521.44287109375
Memory cached:  800.0
	 epoch  90 training error:  tensor(0.4005, device='cuda:0', grad_fn=<DivBackward0>)
Memory status after this epoch: 
Memory allocated:  521.44287109375
Memory cached:  802.0
[I 2023-12-06 23:40:56,892] Trial 16 finished with value: 0.2113274782896042 and parameters: {'W_layers': 7, 'W_layer_units_exponent_0': 7, 'W_layer_units_exponent_1': 9, 'W_layer_units_exponent_2': 7, 'W_layer_units_exponent_3': 8, 'W_layer_units_exponent_4': 7, 'W_layer_units_exponent_5': 6, 'W_layer_units_exponent_6': 10, 'D_layers': 4, 'D_layer_units_exponent_0': 8, 'D_layer_units_exponent_1': 9, 'D_layer_units_exponent_2': 6, 'D_layer_units_exponent_3': 10, 'D_dagger_layers': 4, 'D_dagger_layer_units_exponent_0': 9, 'D_dagger_layer_units_exponent_1': 9, 'D_dagger_layer_units_exponent_2': 4, 'D_dagger_layer_units_exponent_3': 4, 'log_learning_rate': -4.277746044272654, 'log_learning_rate_D': -3.65128693241518, 'log_learning_rate_D_dagger': -3.6626090951582677, 'training_batch_size': 7, 'training_p': 6}. Best is trial 10 with value: 0.2010466605424881.
Time for this trial:  212.517963886261
Memory status after this trial: 
Memory allocated:  774.5927734375
Memory cached:  814.0
--------------------  Trial  17   --------------------
Start timing: 
Parameters: 
{'W_layers': 7, 'W_layer_units_exponent_0': 6, 'W_layer_units_exponent_1': 8, 'W_layer_units_exponent_2': 10, 'W_layer_units_exponent_3': 8, 'W_layer_units_exponent_4': 7, 'W_layer_units_exponent_5': 8, 'W_layer_units_exponent_6': 8, 'D_layers': 4, 'D_layer_units_exponent_0': 8, 'D_layer_units_exponent_1': 9, 'D_layer_units_exponent_2': 4, 'D_layer_units_exponent_3': 9, 'D_dagger_layers': 4, 'D_dagger_layer_units_exponent_0': 9, 'D_dagger_layer_units_exponent_1': 9, 'D_dagger_layer_units_exponent_2': 5, 'D_dagger_layer_units_exponent_3': 4, 'log_learning_rate': -4.238918631016615, 'log_learning_rate_D': -3.6413019047287, 'log_learning_rate_D_dagger': -4.771035178433382, 'training_batch_size': 7, 'training_p': 6}
	 epoch  0 training error:  tensor(1.0014, device='cuda:0', grad_fn=<DivBackward0>)
Memory status after this epoch: 
Memory allocated:  526.41943359375
Memory cached:  780.0
	 epoch  10 training error:  tensor(0.9863, device='cuda:0', grad_fn=<DivBackward0>)
Memory status after this epoch: 
Memory allocated:  526.41943359375
Memory cached:  800.0
	 epoch  20 training error:  tensor(0.9761, device='cuda:0', grad_fn=<DivBackward0>)
Memory status after this epoch: 
Memory allocated:  526.41943359375
Memory cached:  800.0
	 epoch  30 training error:  tensor(0.9647, device='cuda:0', grad_fn=<DivBackward0>)
Memory status after this epoch: 
Memory allocated:  526.41943359375
Memory cached:  794.0
	 epoch  40 training error:  tensor(0.9508, device='cuda:0', grad_fn=<DivBackward0>)
Memory status after this epoch: 
Memory allocated:  526.41943359375
Memory cached:  798.0
	 epoch  50 training error:  tensor(0.9350, device='cuda:0', grad_fn=<DivBackward0>)
Memory status after this epoch: 
Memory allocated:  526.41943359375
Memory cached:  806.0
	 epoch  60 training error:  tensor(0.9172, device='cuda:0', grad_fn=<DivBackward0>)
Memory status after this epoch: 
Memory allocated:  526.41943359375
Memory cached:  796.0
	 epoch  70 training error:  tensor(0.8976, device='cuda:0', grad_fn=<DivBackward0>)
Memory status after this epoch: 
Memory allocated:  526.41943359375
Memory cached:  800.0
	 epoch  80 training error:  tensor(0.8765, device='cuda:0', grad_fn=<DivBackward0>)
Memory status after this epoch: 
Memory allocated:  526.41943359375
Memory cached:  796.0
	 epoch  90 training error:  tensor(0.8531, device='cuda:0', grad_fn=<DivBackward0>)
Memory status after this epoch: 
Memory allocated:  526.41943359375
Memory cached:  800.0
[I 2023-12-06 23:44:27,460] Trial 17 finished with value: 0.6670693755149841 and parameters: {'W_layers': 7, 'W_layer_units_exponent_0': 6, 'W_layer_units_exponent_1': 8, 'W_layer_units_exponent_2': 10, 'W_layer_units_exponent_3': 8, 'W_layer_units_exponent_4': 7, 'W_layer_units_exponent_5': 8, 'W_layer_units_exponent_6': 8, 'D_layers': 4, 'D_layer_units_exponent_0': 8, 'D_layer_units_exponent_1': 9, 'D_layer_units_exponent_2': 4, 'D_layer_units_exponent_3': 9, 'D_dagger_layers': 4, 'D_dagger_layer_units_exponent_0': 9, 'D_dagger_layer_units_exponent_1': 9, 'D_dagger_layer_units_exponent_2': 5, 'D_dagger_layer_units_exponent_3': 4, 'log_learning_rate': -4.238918631016615, 'log_learning_rate_D': -3.6413019047287, 'log_learning_rate_D_dagger': -4.771035178433382, 'training_batch_size': 7, 'training_p': 6}. Best is trial 10 with value: 0.2010466605424881.
Time for this trial:  210.3126449584961
Memory status after this trial: 
Memory allocated:  758.05224609375
Memory cached:  800.0
--------------------  Trial  18   --------------------
Start timing: 
Parameters: 
{'W_layers': 5, 'W_layer_units_exponent_0': 8, 'W_layer_units_exponent_1': 8, 'W_layer_units_exponent_2': 7, 'W_layer_units_exponent_3': 8, 'W_layer_units_exponent_4': 4, 'D_layers': 3, 'D_layer_units_exponent_0': 8, 'D_layer_units_exponent_1': 9, 'D_layer_units_exponent_2': 5, 'D_dagger_layers': 4, 'D_dagger_layer_units_exponent_0': 9, 'D_dagger_layer_units_exponent_1': 9, 'D_dagger_layer_units_exponent_2': 8, 'D_dagger_layer_units_exponent_3': 6, 'log_learning_rate': -2.9645036939107783, 'log_learning_rate_D': -3.515668512087907, 'log_learning_rate_D_dagger': -3.885361830508634, 'training_batch_size': 8, 'training_p': 6}
	 epoch  0 training error:  tensor(1.0046, device='cuda:0', grad_fn=<DivBackward0>)
Memory status after this epoch: 
Memory allocated:  520.19287109375
Memory cached:  782.0
	 epoch  10 training error:  tensor(0.9509, device='cuda:0', grad_fn=<DivBackward0>)
Memory status after this epoch: 
Memory allocated:  520.19287109375
Memory cached:  794.0
	 epoch  20 training error:  tensor(0.8837, device='cuda:0', grad_fn=<DivBackward0>)
Memory status after this epoch: 
Memory allocated:  520.19287109375
Memory cached:  796.0
	 epoch  30 training error:  tensor(0.7876, device='cuda:0', grad_fn=<DivBackward0>)
Memory status after this epoch: 
Memory allocated:  520.19287109375
Memory cached:  800.0
	 epoch  40 training error:  tensor(0.6850, device='cuda:0', grad_fn=<DivBackward0>)
Memory status after this epoch: 
Memory allocated:  520.19287109375
Memory cached:  800.0
	 epoch  50 training error:  tensor(0.5845, device='cuda:0', grad_fn=<DivBackward0>)
Memory status after this epoch: 
Memory allocated:  520.19287109375
Memory cached:  802.0
	 epoch  60 training error:  tensor(0.5573, device='cuda:0', grad_fn=<DivBackward0>)
Memory status after this epoch: 
Memory allocated:  520.19287109375
Memory cached:  804.0
	 epoch  70 training error:  tensor(0.5343, device='cuda:0', grad_fn=<DivBackward0>)
Memory status after this epoch: 
Memory allocated:  520.19287109375
Memory cached:  802.0
	 epoch  80 training error:  tensor(0.4823, device='cuda:0', grad_fn=<DivBackward0>)
Memory status after this epoch: 
Memory allocated:  520.19287109375
Memory cached:  800.0
	 epoch  90 training error:  tensor(0.3893, device='cuda:0', grad_fn=<DivBackward0>)
Memory status after this epoch: 
Memory allocated:  520.19287109375
Memory cached:  794.0
[I 2023-12-06 23:47:22,822] Trial 18 finished with value: 0.242574080824852 and parameters: {'W_layers': 5, 'W_layer_units_exponent_0': 8, 'W_layer_units_exponent_1': 8, 'W_layer_units_exponent_2': 7, 'W_layer_units_exponent_3': 8, 'W_layer_units_exponent_4': 4, 'D_layers': 3, 'D_layer_units_exponent_0': 8, 'D_layer_units_exponent_1': 9, 'D_layer_units_exponent_2': 5, 'D_dagger_layers': 4, 'D_dagger_layer_units_exponent_0': 9, 'D_dagger_layer_units_exponent_1': 9, 'D_dagger_layer_units_exponent_2': 8, 'D_dagger_layer_units_exponent_3': 6, 'log_learning_rate': -2.9645036939107783, 'log_learning_rate_D': -3.515668512087907, 'log_learning_rate_D_dagger': -3.885361830508634, 'training_batch_size': 8, 'training_p': 6}. Best is trial 10 with value: 0.2010466605424881.
Time for this trial:  175.11761808395386
Memory status after this trial: 
Memory allocated:  677.2392578125
Memory cached:  794.0
--------------------  Trial  19   --------------------
Start timing: 
Parameters: 
{'W_layers': 6, 'W_layer_units_exponent_0': 6, 'W_layer_units_exponent_1': 9, 'W_layer_units_exponent_2': 8, 'W_layer_units_exponent_3': 9, 'W_layer_units_exponent_4': 5, 'W_layer_units_exponent_5': 6, 'D_layers': 5, 'D_layer_units_exponent_0': 8, 'D_layer_units_exponent_1': 9, 'D_layer_units_exponent_2': 8, 'D_layer_units_exponent_3': 10, 'D_layer_units_exponent_4': 7, 'D_dagger_layers': 6, 'D_dagger_layer_units_exponent_0': 8, 'D_dagger_layer_units_exponent_1': 8, 'D_dagger_layer_units_exponent_2': 5, 'D_dagger_layer_units_exponent_3': 7, 'D_dagger_layer_units_exponent_4': 4, 'D_dagger_layer_units_exponent_5': 4, 'log_learning_rate': -4.100710277319358, 'log_learning_rate_D': -4.582407878950928, 'log_learning_rate_D_dagger': -3.3178715810228234, 'training_batch_size': 12, 'training_p': 8}
	 epoch  0 training error:  tensor(0.9986, device='cuda:0', grad_fn=<DivBackward0>)
Memory status after this epoch: 
Memory allocated:  525.64794921875
Memory cached:  786.0
	 epoch  10 training error:  tensor(0.9469, device='cuda:0', grad_fn=<DivBackward0>)
Memory status after this epoch: 
Memory allocated:  525.64794921875
Memory cached:  806.0
	 epoch  20 training error:  tensor(0.8512, device='cuda:0', grad_fn=<DivBackward0>)
Memory status after this epoch: 
Memory allocated:  525.64794921875
Memory cached:  804.0
	 epoch  30 training error:  tensor(0.6901, device='cuda:0', grad_fn=<DivBackward0>)
Memory status after this epoch: 
Memory allocated:  525.64794921875
Memory cached:  804.0
	 epoch  40 training error:  tensor(0.5801, device='cuda:0', grad_fn=<DivBackward0>)
Memory status after this epoch: 
Memory allocated:  525.64794921875
Memory cached:  810.0
	 epoch  50 training error:  tensor(0.5451, device='cuda:0', grad_fn=<DivBackward0>)
Memory status after this epoch: 
Memory allocated:  525.64794921875
Memory cached:  800.0
	 epoch  60 training error:  tensor(0.4713, device='cuda:0', grad_fn=<DivBackward0>)
Memory status after this epoch: 
Memory allocated:  525.64794921875
Memory cached:  802.0
	 epoch  70 training error:  tensor(0.4098, device='cuda:0', grad_fn=<DivBackward0>)
Memory status after this epoch: 
Memory allocated:  525.64794921875
Memory cached:  802.0
	 epoch  80 training error:  tensor(0.4035, device='cuda:0', grad_fn=<DivBackward0>)
Memory status after this epoch: 
Memory allocated:  525.64794921875
Memory cached:  804.0
	 epoch  90 training error:  tensor(0.4312, device='cuda:0', grad_fn=<DivBackward0>)
Memory status after this epoch: 
Memory allocated:  525.64794921875
Memory cached:  804.0
[I 2023-12-06 23:51:04,172] Trial 19 finished with value: 0.2879650592803955 and parameters: {'W_layers': 6, 'W_layer_units_exponent_0': 6, 'W_layer_units_exponent_1': 9, 'W_layer_units_exponent_2': 8, 'W_layer_units_exponent_3': 9, 'W_layer_units_exponent_4': 5, 'W_layer_units_exponent_5': 6, 'D_layers': 5, 'D_layer_units_exponent_0': 8, 'D_layer_units_exponent_1': 9, 'D_layer_units_exponent_2': 8, 'D_layer_units_exponent_3': 10, 'D_layer_units_exponent_4': 7, 'D_dagger_layers': 6, 'D_dagger_layer_units_exponent_0': 8, 'D_dagger_layer_units_exponent_1': 8, 'D_dagger_layer_units_exponent_2': 5, 'D_dagger_layer_units_exponent_3': 7, 'D_dagger_layer_units_exponent_4': 4, 'D_dagger_layer_units_exponent_5': 4, 'log_learning_rate': -4.100710277319358, 'log_learning_rate_D': -4.582407878950928, 'log_learning_rate_D_dagger': -3.3178715810228234, 'training_batch_size': 12, 'training_p': 8}. Best is trial 10 with value: 0.2010466605424881.
Time for this trial:  221.0739495754242
Memory status after this trial: 
Memory allocated:  746.1826171875
Memory cached:  790.0
--------------------  Trial  20   --------------------
Start timing: 
Parameters: 
{'W_layers': 7, 'W_layer_units_exponent_0': 9, 'W_layer_units_exponent_1': 10, 'W_layer_units_exponent_2': 5, 'W_layer_units_exponent_3': 8, 'W_layer_units_exponent_4': 8, 'W_layer_units_exponent_5': 6, 'W_layer_units_exponent_6': 9, 'D_layers': 3, 'D_layer_units_exponent_0': 9, 'D_layer_units_exponent_1': 9, 'D_layer_units_exponent_2': 6, 'D_dagger_layers': 3, 'D_dagger_layer_units_exponent_0': 9, 'D_dagger_layer_units_exponent_1': 9, 'D_dagger_layer_units_exponent_2': 4, 'log_learning_rate': -4.511139323672335, 'log_learning_rate_D': -3.850980807365484, 'log_learning_rate_D_dagger': -4.093395335360489, 'training_batch_size': 7, 'training_p': 6}
	 epoch  0 training error:  tensor(1.0023, device='cuda:0', grad_fn=<DivBackward0>)
Memory status after this epoch: 
Memory allocated:  528.67138671875
Memory cached:  786.0
	 epoch  10 training error:  tensor(0.9352, device='cuda:0', grad_fn=<DivBackward0>)
Memory status after this epoch: 
Memory allocated:  528.67138671875
Memory cached:  796.0
	 epoch  20 training error:  tensor(0.8723, device='cuda:0', grad_fn=<DivBackward0>)
Memory status after this epoch: 
Memory allocated:  528.67138671875
Memory cached:  790.0
	 epoch  30 training error:  tensor(0.8168, device='cuda:0', grad_fn=<DivBackward0>)
Memory status after this epoch: 
Memory allocated:  528.67138671875
Memory cached:  788.0
	 epoch  40 training error:  tensor(0.7621, device='cuda:0', grad_fn=<DivBackward0>)
Memory status after this epoch: 
Memory allocated:  528.67138671875
Memory cached:  792.0
	 epoch  50 training error:  tensor(0.7049, device='cuda:0', grad_fn=<DivBackward0>)
Memory status after this epoch: 
Memory allocated:  528.67138671875
Memory cached:  792.0
	 epoch  60 training error:  tensor(0.5963, device='cuda:0', grad_fn=<DivBackward0>)
Memory status after this epoch: 
Memory allocated:  528.67138671875
Memory cached:  790.0
	 epoch  70 training error:  tensor(0.5534, device='cuda:0', grad_fn=<DivBackward0>)
Memory status after this epoch: 
Memory allocated:  528.67138671875
Memory cached:  788.0
	 epoch  80 training error:  tensor(0.5152, device='cuda:0', grad_fn=<DivBackward0>)
Memory status after this epoch: 
Memory allocated:  528.67138671875
Memory cached:  792.0
	 epoch  90 training error:  tensor(0.4685, device='cuda:0', grad_fn=<DivBackward0>)
Memory status after this epoch: 
Memory allocated:  528.67138671875
Memory cached:  786.0
[I 2023-12-06 23:54:20,735] Trial 20 finished with value: 0.4690423011779785 and parameters: {'W_layers': 7, 'W_layer_units_exponent_0': 9, 'W_layer_units_exponent_1': 10, 'W_layer_units_exponent_2': 5, 'W_layer_units_exponent_3': 8, 'W_layer_units_exponent_4': 8, 'W_layer_units_exponent_5': 6, 'W_layer_units_exponent_6': 9, 'D_layers': 3, 'D_layer_units_exponent_0': 9, 'D_layer_units_exponent_1': 9, 'D_layer_units_exponent_2': 6, 'D_dagger_layers': 3, 'D_dagger_layer_units_exponent_0': 9, 'D_dagger_layer_units_exponent_1': 9, 'D_dagger_layer_units_exponent_2': 4, 'log_learning_rate': -4.511139323672335, 'log_learning_rate_D': -3.850980807365484, 'log_learning_rate_D_dagger': -4.093395335360489, 'training_batch_size': 7, 'training_p': 6}. Best is trial 10 with value: 0.2010466605424881.
Time for this trial:  196.3047513961792
Memory status after this trial: 
Memory allocated:  769.9501953125
Memory cached:  804.0
--------------------  Trial  21   --------------------
Start timing: 
Parameters: 
{'W_layers': 7, 'W_layer_units_exponent_0': 7, 'W_layer_units_exponent_1': 9, 'W_layer_units_exponent_2': 7, 'W_layer_units_exponent_3': 8, 'W_layer_units_exponent_4': 7, 'W_layer_units_exponent_5': 5, 'W_layer_units_exponent_6': 10, 'D_layers': 4, 'D_layer_units_exponent_0': 9, 'D_layer_units_exponent_1': 9, 'D_layer_units_exponent_2': 6, 'D_layer_units_exponent_3': 10, 'D_dagger_layers': 4, 'D_dagger_layer_units_exponent_0': 9, 'D_dagger_layer_units_exponent_1': 9, 'D_dagger_layer_units_exponent_2': 4, 'D_dagger_layer_units_exponent_3': 4, 'log_learning_rate': -3.9129535616495534, 'log_learning_rate_D': -4.394491835304943, 'log_learning_rate_D_dagger': -3.632238742632015, 'training_batch_size': 6, 'training_p': 6}
	 epoch  0 training error:  tensor(0.9982, device='cuda:0', grad_fn=<DivBackward0>)
Memory status after this epoch: 
Memory allocated:  522.91357421875
Memory cached:  784.0
	 epoch  10 training error:  tensor(0.8303, device='cuda:0', grad_fn=<DivBackward0>)
Memory status after this epoch: 
Memory allocated:  522.91357421875
Memory cached:  804.0
	 epoch  20 training error:  tensor(0.6935, device='cuda:0', grad_fn=<DivBackward0>)
Memory status after this epoch: 
Memory allocated:  522.91357421875
Memory cached:  806.0
	 epoch  30 training error:  tensor(0.5691, device='cuda:0', grad_fn=<DivBackward0>)
Memory status after this epoch: 
Memory allocated:  522.91357421875
Memory cached:  800.0
	 epoch  40 training error:  tensor(0.5215, device='cuda:0', grad_fn=<DivBackward0>)
Memory status after this epoch: 
Memory allocated:  522.91357421875
Memory cached:  804.0
	 epoch  50 training error:  tensor(0.4542, device='cuda:0', grad_fn=<DivBackward0>)
Memory status after this epoch: 
Memory allocated:  522.91357421875
Memory cached:  808.0
	 epoch  60 training error:  tensor(0.3808, device='cuda:0', grad_fn=<DivBackward0>)
Memory status after this epoch: 
Memory allocated:  522.91357421875
Memory cached:  794.0
	 epoch  70 training error:  tensor(0.3918, device='cuda:0', grad_fn=<DivBackward0>)
Memory status after this epoch: 
Memory allocated:  522.91357421875
Memory cached:  800.0
	 epoch  80 training error:  tensor(0.3865, device='cuda:0', grad_fn=<DivBackward0>)
Memory status after this epoch: 
Memory allocated:  522.91357421875
Memory cached:  794.0
	 epoch  90 training error:  tensor(0.3459, device='cuda:0', grad_fn=<DivBackward0>)
Memory status after this epoch: 
Memory allocated:  522.91357421875
Memory cached:  796.0
