[I 2023-12-06 23:08:57,384] Trial 10 finished with value: 0.2010466605424881 and parameters: {'W_layers': 8, 'W_layer_units_exponent_0': 10, 'W_layer_units_exponent_1': 10, 'W_layer_units_exponent_2': 4, 'W_layer_units_exponent_3': 10, 'W_layer_units_exponent_4': 6, 'W_layer_units_exponent_5': 4, 'W_layer_units_exponent_6': 4, 'W_layer_units_exponent_7': 4, 'D_layers': 8, 'D_layer_units_exponent_0': 10, 'D_layer_units_exponent_1': 10, 'D_layer_units_exponent_2': 6, 'D_layer_units_exponent_3': 4, 'D_layer_units_exponent_4': 10, 'D_layer_units_exponent_5': 9, 'D_layer_units_exponent_6': 4, 'D_layer_units_exponent_7': 8, 'D_dagger_layers': 2, 'D_dagger_layer_units_exponent_0': 10, 'D_dagger_layer_units_exponent_1': 10, 'log_learning_rate': -3.392959893654087, 'log_learning_rate_D': -4.995218305049251, 'log_learning_rate_D_dagger': -2.665400929570597, 'training_batch_size': 6, 'training_p': 7}. Best is trial 10 with value: 0.2010466605424881.
res:  tensor(0.2010, device='cuda:0', grad_fn=<DivBackward0>)
self.bestValue:  tensor(0.4873, device='cuda:0', grad_fn=<DivBackward0>)
Save this model!
Time for this trial:  433.74967646598816
Memory status after this trial: 
Memory allocated:  509.56787109375
Memory cached:  804.0
--------------------  Trial  11   --------------------
Start timing: 
Parameters: 
{'W_layers': 8, 'W_layer_units_exponent_0': 10, 'W_layer_units_exponent_1': 10, 'W_layer_units_exponent_2': 4, 'W_layer_units_exponent_3': 10, 'W_layer_units_exponent_4': 6, 'W_layer_units_exponent_5': 4, 'W_layer_units_exponent_6': 4, 'W_layer_units_exponent_7': 4, 'D_layers': 8, 'D_layer_units_exponent_0': 10, 'D_layer_units_exponent_1': 10, 'D_layer_units_exponent_2': 6, 'D_layer_units_exponent_3': 4, 'D_layer_units_exponent_4': 10, 'D_layer_units_exponent_5': 9, 'D_layer_units_exponent_6': 4, 'D_layer_units_exponent_7': 8, 'D_dagger_layers': 2, 'D_dagger_layer_units_exponent_0': 10, 'D_dagger_layer_units_exponent_1': 10, 'log_learning_rate': -3.418892716527269, 'log_learning_rate_D': -4.981826209838249, 'log_learning_rate_D_dagger': -2.731780235993856, 'training_batch_size': 6, 'training_p': 7}
	 epoch  0 training error:  tensor(2.0982, device='cuda:0', grad_fn=<DivBackward0>)
Memory status after this epoch: 
Memory allocated:  568.78857421875
Memory cached:  862.0
	 epoch  10 training error:  tensor(0.8774, device='cuda:0', grad_fn=<DivBackward0>)
Memory status after this epoch: 
Memory allocated:  568.78857421875
Memory cached:  894.0
	 epoch  20 training error:  tensor(0.8498, device='cuda:0', grad_fn=<DivBackward0>)
Memory status after this epoch: 
Memory allocated:  568.78857421875
Memory cached:  888.0
	 epoch  30 training error:  tensor(0.7678, device='cuda:0', grad_fn=<DivBackward0>)
Memory status after this epoch: 
Memory allocated:  568.78857421875
Memory cached:  900.0
	 epoch  40 training error:  tensor(0.6372, device='cuda:0', grad_fn=<DivBackward0>)
Memory status after this epoch: 
Memory allocated:  568.78857421875
Memory cached:  896.0
	 epoch  50 training error:  tensor(0.5029, device='cuda:0', grad_fn=<DivBackward0>)
Memory status after this epoch: 
Memory allocated:  568.78857421875
Memory cached:  896.0
	 epoch  60 training error:  tensor(0.4585, device='cuda:0', grad_fn=<DivBackward0>)
Memory status after this epoch: 
Memory allocated:  568.78857421875
Memory cached:  892.0
	 epoch  70 training error:  tensor(0.4421, device='cuda:0', grad_fn=<DivBackward0>)
Memory status after this epoch: 
Memory allocated:  568.78857421875
Memory cached:  894.0
	 epoch  80 training error:  tensor(0.4257, device='cuda:0', grad_fn=<DivBackward0>)
Memory status after this epoch: 
Memory allocated:  568.78857421875
Memory cached:  892.0
	 epoch  90 training error:  tensor(0.6016, device='cuda:0', grad_fn=<DivBackward0>)
Memory status after this epoch: 
Memory allocated:  568.78857421875
Memory cached:  884.0
[I 2023-12-06 23:16:08,005] Trial 11 finished with value: 0.29562613368034363 and parameters: {'W_layers': 8, 'W_layer_units_exponent_0': 10, 'W_layer_units_exponent_1': 10, 'W_layer_units_exponent_2': 4, 'W_layer_units_exponent_3': 10, 'W_layer_units_exponent_4': 6, 'W_layer_units_exponent_5': 4, 'W_layer_units_exponent_6': 4, 'W_layer_units_exponent_7': 4, 'D_layers': 8, 'D_layer_units_exponent_0': 10, 'D_layer_units_exponent_1': 10, 'D_layer_units_exponent_2': 6, 'D_layer_units_exponent_3': 4, 'D_layer_units_exponent_4': 10, 'D_layer_units_exponent_5': 9, 'D_layer_units_exponent_6': 4, 'D_layer_units_exponent_7': 8, 'D_dagger_layers': 2, 'D_dagger_layer_units_exponent_0': 10, 'D_dagger_layer_units_exponent_1': 10, 'log_learning_rate': -3.418892716527269, 'log_learning_rate_D': -4.981826209838249, 'log_learning_rate_D_dagger': -2.731780235993856, 'training_batch_size': 6, 'training_p': 7}. Best is trial 10 with value: 0.2010466605424881.
Time for this trial:  430.37431478500366
Memory status after this trial: 
Memory allocated:  1019.0048828125
Memory cached:  1046.0
--------------------  Trial  12   --------------------
Start timing: 
Parameters: 
{'W_layers': 8, 'W_layer_units_exponent_0': 9, 'W_layer_units_exponent_1': 10, 'W_layer_units_exponent_2': 4, 'W_layer_units_exponent_3': 9, 'W_layer_units_exponent_4': 6, 'W_layer_units_exponent_5': 5, 'W_layer_units_exponent_6': 4, 'W_layer_units_exponent_7': 4, 'D_layers': 8, 'D_layer_units_exponent_0': 10, 'D_layer_units_exponent_1': 10, 'D_layer_units_exponent_2': 5, 'D_layer_units_exponent_3': 4, 'D_layer_units_exponent_4': 9, 'D_layer_units_exponent_5': 10, 'D_layer_units_exponent_6': 4, 'D_layer_units_exponent_7': 8, 'D_dagger_layers': 2, 'D_dagger_layer_units_exponent_0': 10, 'D_dagger_layer_units_exponent_1': 10, 'log_learning_rate': -3.531928927274458, 'log_learning_rate_D': -4.9970582968302155, 'log_learning_rate_D_dagger': -2.458848850507958, 'training_batch_size': 6, 'training_p': 7}
	 epoch  0 training error:  tensor(4.4891, device='cuda:0', grad_fn=<DivBackward0>)
Memory status after this epoch: 
Memory allocated:  559.65185546875
Memory cached:  834.0
	 epoch  10 training error:  tensor(0.9223, device='cuda:0', grad_fn=<DivBackward0>)
Memory status after this epoch: 
Memory allocated:  559.65185546875
Memory cached:  862.0
	 epoch  20 training error:  tensor(0.8405, device='cuda:0', grad_fn=<DivBackward0>)
Memory status after this epoch: 
Memory allocated:  559.65185546875
Memory cached:  862.0
	 epoch  30 training error:  tensor(0.7914, device='cuda:0', grad_fn=<DivBackward0>)
Memory status after this epoch: 
Memory allocated:  559.65185546875
Memory cached:  862.0
	 epoch  40 training error:  tensor(0.6835, device='cuda:0', grad_fn=<DivBackward0>)
Memory status after this epoch: 
Memory allocated:  559.65185546875
Memory cached:  862.0
	 epoch  50 training error:  tensor(0.5909, device='cuda:0', grad_fn=<DivBackward0>)
Memory status after this epoch: 
Memory allocated:  559.65185546875
Memory cached:  866.0
	 epoch  60 training error:  tensor(0.5922, device='cuda:0', grad_fn=<DivBackward0>)
Memory status after this epoch: 
Memory allocated:  559.65185546875
Memory cached:  862.0
	 epoch  70 training error:  tensor(0.5579, device='cuda:0', grad_fn=<DivBackward0>)
Memory status after this epoch: 
Memory allocated:  559.65185546875
Memory cached:  868.0
	 epoch  80 training error:  tensor(0.5442, device='cuda:0', grad_fn=<DivBackward0>)
Memory status after this epoch: 
Memory allocated:  559.65185546875
Memory cached:  856.0
	 epoch  90 training error:  tensor(0.4467, device='cuda:0', grad_fn=<DivBackward0>)
Memory status after this epoch: 
Memory allocated:  559.65185546875
Memory cached:  866.0
[I 2023-12-06 23:23:10,813] Trial 12 finished with value: 0.3935811519622803 and parameters: {'W_layers': 8, 'W_layer_units_exponent_0': 9, 'W_layer_units_exponent_1': 10, 'W_layer_units_exponent_2': 4, 'W_layer_units_exponent_3': 9, 'W_layer_units_exponent_4': 6, 'W_layer_units_exponent_5': 5, 'W_layer_units_exponent_6': 4, 'W_layer_units_exponent_7': 4, 'D_layers': 8, 'D_layer_units_exponent_0': 10, 'D_layer_units_exponent_1': 10, 'D_layer_units_exponent_2': 5, 'D_layer_units_exponent_3': 4, 'D_layer_units_exponent_4': 9, 'D_layer_units_exponent_5': 10, 'D_layer_units_exponent_6': 4, 'D_layer_units_exponent_7': 8, 'D_dagger_layers': 2, 'D_dagger_layer_units_exponent_0': 10, 'D_dagger_layer_units_exponent_1': 10, 'log_learning_rate': -3.531928927274458, 'log_learning_rate_D': -4.9970582968302155, 'log_learning_rate_D_dagger': -2.458848850507958, 'training_batch_size': 6, 'training_p': 7}. Best is trial 10 with value: 0.2010466605424881.
Time for this trial:  422.4935927391052
Memory status after this trial: 
Memory allocated:  958.74072265625
Memory cached:  988.0
--------------------  Trial  13   --------------------
Start timing: 
Parameters: 
{'W_layers': 8, 'W_layer_units_exponent_0': 7, 'W_layer_units_exponent_1': 10, 'W_layer_units_exponent_2': 4, 'W_layer_units_exponent_3': 9, 'W_layer_units_exponent_4': 4, 'W_layer_units_exponent_5': 4, 'W_layer_units_exponent_6': 5, 'W_layer_units_exponent_7': 4, 'D_layers': 8, 'D_layer_units_exponent_0': 9, 'D_layer_units_exponent_1': 10, 'D_layer_units_exponent_2': 6, 'D_layer_units_exponent_3': 4, 'D_layer_units_exponent_4': 8, 'D_layer_units_exponent_5': 9, 'D_layer_units_exponent_6': 4, 'D_layer_units_exponent_7': 8, 'D_dagger_layers': 2, 'D_dagger_layer_units_exponent_0': 10, 'D_dagger_layer_units_exponent_1': 10, 'log_learning_rate': -3.6666535974927528, 'log_learning_rate_D': -3.970112930244455, 'log_learning_rate_D_dagger': -1.0065746362572905, 'training_batch_size': 7, 'training_p': 7}
	 epoch  0 training error:  tensor(1.0252, device='cuda:0', grad_fn=<DivBackward0>)
Memory status after this epoch: 
Memory allocated:  539.50927734375
Memory cached:  788.0
	 epoch  10 training error:  tensor(190.3297, device='cuda:0', grad_fn=<DivBackward0>)
Memory status after this epoch: 
Memory allocated:  539.50927734375
Memory cached:  802.0
	 epoch  20 training error:  tensor(143.0154, device='cuda:0', grad_fn=<DivBackward0>)
Memory status after this epoch: 
Memory allocated:  539.50927734375
Memory cached:  808.0
	 epoch  30 training error:  tensor(78.6374, device='cuda:0', grad_fn=<DivBackward0>)
Memory status after this epoch: 
Memory allocated:  539.50927734375
Memory cached:  812.0
	 epoch  40 training error:  tensor(164.6591, device='cuda:0', grad_fn=<DivBackward0>)
Memory status after this epoch: 
Memory allocated:  539.50927734375
Memory cached:  808.0
	 epoch  50 training error:  tensor(47.0709, device='cuda:0', grad_fn=<DivBackward0>)
Memory status after this epoch: 
Memory allocated:  539.50927734375
Memory cached:  808.0
	 epoch  60 training error:  tensor(3.4233, device='cuda:0', grad_fn=<DivBackward0>)
Memory status after this epoch: 
Memory allocated:  539.50927734375
Memory cached:  802.0
	 epoch  70 training error:  tensor(4.7367, device='cuda:0', grad_fn=<DivBackward0>)
Memory status after this epoch: 
Memory allocated:  539.50927734375
Memory cached:  806.0
	 epoch  80 training error:  tensor(1.5298, device='cuda:0', grad_fn=<DivBackward0>)
Memory status after this epoch: 
Memory allocated:  539.50927734375
Memory cached:  808.0
	 epoch  90 training error:  tensor(2.2871, device='cuda:0', grad_fn=<DivBackward0>)
Memory status after this epoch: 
Memory allocated:  539.50927734375
Memory cached:  818.0
[I 2023-12-06 23:27:11,563] Trial 13 finished with value: 1.099739909172058 and parameters: {'W_layers': 8, 'W_layer_units_exponent_0': 7, 'W_layer_units_exponent_1': 10, 'W_layer_units_exponent_2': 4, 'W_layer_units_exponent_3': 9, 'W_layer_units_exponent_4': 4, 'W_layer_units_exponent_5': 4, 'W_layer_units_exponent_6': 5, 'W_layer_units_exponent_7': 4, 'D_layers': 8, 'D_layer_units_exponent_0': 9, 'D_layer_units_exponent_1': 10, 'D_layer_units_exponent_2': 6, 'D_layer_units_exponent_3': 4, 'D_layer_units_exponent_4': 8, 'D_layer_units_exponent_5': 9, 'D_layer_units_exponent_6': 4, 'D_layer_units_exponent_7': 8, 'D_dagger_layers': 2, 'D_dagger_layer_units_exponent_0': 10, 'D_dagger_layer_units_exponent_1': 10, 'log_learning_rate': -3.6666535974927528, 'log_learning_rate_D': -3.970112930244455, 'log_learning_rate_D_dagger': -1.0065746362572905, 'training_batch_size': 7, 'training_p': 7}. Best is trial 10 with value: 0.2010466605424881.
Time for this trial:  240.45189833641052
Memory status after this trial: 
Memory allocated:  859.748046875
Memory cached:  884.0
--------------------  Trial  14   --------------------
Start timing: 
Parameters: 
{'W_layers': 7, 'W_layer_units_exponent_0': 10, 'W_layer_units_exponent_1': 9, 'W_layer_units_exponent_2': 5, 'W_layer_units_exponent_3': 9, 'W_layer_units_exponent_4': 6, 'W_layer_units_exponent_5': 6, 'W_layer_units_exponent_6': 6, 'D_layers': 8, 'D_layer_units_exponent_0': 10, 'D_layer_units_exponent_1': 10, 'D_layer_units_exponent_2': 5, 'D_layer_units_exponent_3': 4, 'D_layer_units_exponent_4': 9, 'D_layer_units_exponent_5': 8, 'D_layer_units_exponent_6': 5, 'D_layer_units_exponent_7': 9, 'D_dagger_layers': 3, 'D_dagger_layer_units_exponent_0': 10, 'D_dagger_layer_units_exponent_1': 10, 'D_dagger_layer_units_exponent_2': 4, 'log_learning_rate': -3.559745326934523, 'log_learning_rate_D': -4.924999788418227, 'log_learning_rate_D_dagger': -3.10682641011255, 'training_batch_size': 7, 'training_p': 8}
	 epoch  0 training error:  tensor(1.0040, device='cuda:0', grad_fn=<DivBackward0>)
Memory status after this epoch: 
Memory allocated:  554.13623046875
Memory cached:  810.0
	 epoch  10 training error:  tensor(0.9151, device='cuda:0', grad_fn=<DivBackward0>)
Memory status after this epoch: 
Memory allocated:  554.13623046875
Memory cached:  846.0
	 epoch  20 training error:  tensor(0.8616, device='cuda:0', grad_fn=<DivBackward0>)
Memory status after this epoch: 
Memory allocated:  554.13623046875
Memory cached:  848.0
	 epoch  30 training error:  tensor(0.8345, device='cuda:0', grad_fn=<DivBackward0>)
Memory status after this epoch: 
Memory allocated:  554.13623046875
Memory cached:  844.0
	 epoch  40 training error:  tensor(0.8079, device='cuda:0', grad_fn=<DivBackward0>)
Memory status after this epoch: 
Memory allocated:  554.13623046875
Memory cached:  850.0
	 epoch  50 training error:  tensor(0.7577, device='cuda:0', grad_fn=<DivBackward0>)
Memory status after this epoch: 
Memory allocated:  554.13623046875
Memory cached:  850.0
	 epoch  60 training error:  tensor(0.6502, device='cuda:0', grad_fn=<DivBackward0>)
Memory status after this epoch: 
Memory allocated:  554.13623046875
Memory cached:  848.0
	 epoch  70 training error:  tensor(0.5943, device='cuda:0', grad_fn=<DivBackward0>)
Memory status after this epoch: 
Memory allocated:  554.13623046875
Memory cached:  846.0
	 epoch  80 training error:  tensor(0.4818, device='cuda:0', grad_fn=<DivBackward0>)
Memory status after this epoch: 
Memory allocated:  554.13623046875
Memory cached:  846.0
	 epoch  90 training error:  tensor(0.4813, device='cuda:0', grad_fn=<DivBackward0>)
Memory status after this epoch: 
Memory allocated:  554.13623046875
Memory cached:  850.0
[I 2023-12-06 23:31:22,856] Trial 14 finished with value: 0.46637162566185 and parameters: {'W_layers': 7, 'W_layer_units_exponent_0': 10, 'W_layer_units_exponent_1': 9, 'W_layer_units_exponent_2': 5, 'W_layer_units_exponent_3': 9, 'W_layer_units_exponent_4': 6, 'W_layer_units_exponent_5': 6, 'W_layer_units_exponent_6': 6, 'D_layers': 8, 'D_layer_units_exponent_0': 10, 'D_layer_units_exponent_1': 10, 'D_layer_units_exponent_2': 5, 'D_layer_units_exponent_3': 4, 'D_layer_units_exponent_4': 9, 'D_layer_units_exponent_5': 8, 'D_layer_units_exponent_6': 5, 'D_layer_units_exponent_7': 9, 'D_dagger_layers': 3, 'D_dagger_layer_units_exponent_0': 10, 'D_dagger_layer_units_exponent_1': 10, 'D_dagger_layer_units_exponent_2': 4, 'log_learning_rate': -3.559745326934523, 'log_learning_rate_D': -4.924999788418227, 'log_learning_rate_D_dagger': -3.10682641011255, 'training_batch_size': 7, 'training_p': 8}. Best is trial 10 with value: 0.2010466605424881.
Time for this trial:  251.00164604187012
Memory status after this trial: 
Memory allocated:  939.72802734375
Memory cached:  956.0
--------------------  Trial  15   --------------------
Start timing: 
Parameters: 
{'W_layers': 7, 'W_layer_units_exponent_0': 7, 'W_layer_units_exponent_1': 9, 'W_layer_units_exponent_2': 7, 'W_layer_units_exponent_3': 8, 'W_layer_units_exponent_4': 7, 'W_layer_units_exponent_5': 4, 'W_layer_units_exponent_6': 10, 'D_layers': 4, 'D_layer_units_exponent_0': 9, 'D_layer_units_exponent_1': 9, 'D_layer_units_exponent_2': 6, 'D_layer_units_exponent_3': 10, 'D_dagger_layers': 4, 'D_dagger_layer_units_exponent_0': 9, 'D_dagger_layer_units_exponent_1': 9, 'D_dagger_layer_units_exponent_2': 4, 'D_dagger_layer_units_exponent_3': 4, 'log_learning_rate': -4.3185820250729146, 'log_learning_rate_D': -4.360893073104667, 'log_learning_rate_D_dagger': -3.7527000830359905, 'training_batch_size': 6, 'training_p': 6}
	 epoch  0 training error:  tensor(0.9973, device='cuda:0', grad_fn=<DivBackward0>)
Memory status after this epoch: 
Memory allocated:  522.63232421875
Memory cached:  794.0
	 epoch  10 training error:  tensor(0.8253, device='cuda:0', grad_fn=<DivBackward0>)
Memory status after this epoch: 
Memory allocated:  522.63232421875
Memory cached:  826.0
	 epoch  20 training error:  tensor(0.6135, device='cuda:0', grad_fn=<DivBackward0>)
Memory status after this epoch: 
Memory allocated:  522.63232421875
Memory cached:  824.0
	 epoch  30 training error:  tensor(0.5190, device='cuda:0', grad_fn=<DivBackward0>)
Memory status after this epoch: 
Memory allocated:  522.63232421875
Memory cached:  826.0
	 epoch  40 training error:  tensor(0.4058, device='cuda:0', grad_fn=<DivBackward0>)
Memory status after this epoch: 
Memory allocated:  522.63232421875
Memory cached:  828.0
	 epoch  50 training error:  tensor(0.3516, device='cuda:0', grad_fn=<DivBackward0>)
Memory status after this epoch: 
Memory allocated:  522.63232421875
Memory cached:  832.0
	 epoch  60 training error:  tensor(0.4251, device='cuda:0', grad_fn=<DivBackward0>)
Memory status after this epoch: 
Memory allocated:  522.63232421875
Memory cached:  844.0
	 epoch  70 training error:  tensor(0.3483, device='cuda:0', grad_fn=<DivBackward0>)
Memory status after this epoch: 
Memory allocated:  522.63232421875
Memory cached:  830.0
	 epoch  80 training error:  tensor(0.3127, device='cuda:0', grad_fn=<DivBackward0>)
Memory status after this epoch: 
Memory allocated:  522.63232421875
Memory cached:  818.0
	 epoch  90 training error:  tensor(0.4327, device='cuda:0', grad_fn=<DivBackward0>)
Memory status after this epoch: 
Memory allocated:  522.63232421875
Memory cached:  824.0
