[I 2023-12-05 02:21:19,357] Trial 53 finished with value: 0.5128384828567505 and parameters: {'W_layers': 6, 'W_layer_units_exponent_0': 7, 'W_layer_units_exponent_1': 6, 'W_layer_units_exponent_2': 6, 'W_layer_units_exponent_3': 10, 'W_layer_units_exponent_4': 4, 'W_layer_units_exponent_5': 7, 'D_layers': 8, 'D_layer_units_exponent_0': 10, 'D_layer_units_exponent_1': 9, 'D_layer_units_exponent_2': 5, 'D_layer_units_exponent_3': 6, 'D_layer_units_exponent_4': 5, 'D_layer_units_exponent_5': 6, 'D_layer_units_exponent_6': 6, 'D_layer_units_exponent_7': 10, 'log_learning_rate': -3.270911049432611, 'log_learning_rate_D': -1.1591816941771849, 'training_batch_size': 7, 'training_p': 2}. Best is trial 36 with value: 0.5074478983879089.
Time for this trial:  14.63289499282837
Memory status after this trial: 
Memory allocated:  72.00732421875
Memory cached:  104.0
--------------------  Trial  54   --------------------
Start timing: 
Parameters: 
{'W_layers': 5, 'W_layer_units_exponent_0': 10, 'W_layer_units_exponent_1': 5, 'W_layer_units_exponent_2': 6, 'W_layer_units_exponent_3': 9, 'W_layer_units_exponent_4': 4, 'D_layers': 6, 'D_layer_units_exponent_0': 9, 'D_layer_units_exponent_1': 10, 'D_layer_units_exponent_2': 4, 'D_layer_units_exponent_3': 7, 'D_layer_units_exponent_4': 4, 'D_layer_units_exponent_5': 5, 'log_learning_rate': -3.5242655366047746, 'log_learning_rate_D': -1.3629285925375134, 'training_batch_size': 6, 'training_p': 3}
	 epoch  0 training error:  tensor(0.9903, device='cuda:0', grad_fn=<DivBackward0>)
Memory status after this epoch: 
Memory allocated:  41.94189453125
Memory cached:  84.0
	 epoch  10 training error:  tensor(0.8088, device='cuda:0', grad_fn=<DivBackward0>)
Memory status after this epoch: 
Memory allocated:  41.94189453125
Memory cached:  84.0
	 epoch  20 training error:  tensor(0.7848, device='cuda:0', grad_fn=<DivBackward0>)
Memory status after this epoch: 
Memory allocated:  41.94189453125
Memory cached:  84.0
	 epoch  30 training error:  tensor(0.7633, device='cuda:0', grad_fn=<DivBackward0>)
Memory status after this epoch: 
Memory allocated:  41.94189453125
Memory cached:  84.0
	 epoch  40 training error:  tensor(0.7044, device='cuda:0', grad_fn=<DivBackward0>)
Memory status after this epoch: 
Memory allocated:  41.94189453125
Memory cached:  84.0
	 epoch  50 training error:  tensor(0.6343, device='cuda:0', grad_fn=<DivBackward0>)
Memory status after this epoch: 
Memory allocated:  41.94189453125
Memory cached:  84.0
	 epoch  60 training error:  tensor(0.6295, device='cuda:0', grad_fn=<DivBackward0>)
Memory status after this epoch: 
Memory allocated:  41.94189453125
Memory cached:  84.0
	 epoch  70 training error:  tensor(0.6248, device='cuda:0', grad_fn=<DivBackward0>)
Memory status after this epoch: 
Memory allocated:  41.94189453125
Memory cached:  84.0
	 epoch  80 training error:  tensor(0.6257, device='cuda:0', grad_fn=<DivBackward0>)
Memory status after this epoch: 
Memory allocated:  41.94189453125
Memory cached:  84.0
	 epoch  90 training error:  tensor(0.6270, device='cuda:0', grad_fn=<DivBackward0>)
Memory status after this epoch: 
Memory allocated:  41.94189453125
Memory cached:  84.0
[I 2023-12-05 02:21:35,681] Trial 54 finished with value: 0.532230794429779 and parameters: {'W_layers': 5, 'W_layer_units_exponent_0': 10, 'W_layer_units_exponent_1': 5, 'W_layer_units_exponent_2': 6, 'W_layer_units_exponent_3': 9, 'W_layer_units_exponent_4': 4, 'D_layers': 6, 'D_layer_units_exponent_0': 9, 'D_layer_units_exponent_1': 10, 'D_layer_units_exponent_2': 4, 'D_layer_units_exponent_3': 7, 'D_layer_units_exponent_4': 4, 'D_layer_units_exponent_5': 5, 'log_learning_rate': -3.5242655366047746, 'log_learning_rate_D': -1.3629285925375134, 'training_batch_size': 6, 'training_p': 3}. Best is trial 36 with value: 0.5074478983879089.
Time for this trial:  16.139561891555786
Memory status after this trial: 
Memory allocated:  77.08740234375
Memory cached:  104.0
--------------------  Trial  55   --------------------
Start timing: 
Parameters: 
{'W_layers': 7, 'W_layer_units_exponent_0': 8, 'W_layer_units_exponent_1': 8, 'W_layer_units_exponent_2': 9, 'W_layer_units_exponent_3': 8, 'W_layer_units_exponent_4': 5, 'W_layer_units_exponent_5': 10, 'W_layer_units_exponent_6': 8, 'D_layers': 6, 'D_layer_units_exponent_0': 6, 'D_layer_units_exponent_1': 9, 'D_layer_units_exponent_2': 7, 'D_layer_units_exponent_3': 7, 'D_layer_units_exponent_4': 5, 'D_layer_units_exponent_5': 8, 'log_learning_rate': -3.7228281163341017, 'log_learning_rate_D': -1.018908332589081, 'training_batch_size': 8, 'training_p': 2}
	 epoch  0 training error:  tensor(0.9870, device='cuda:0', grad_fn=<DivBackward0>)
Memory status after this epoch: 
Memory allocated:  48.8232421875
Memory cached:  84.0
	 epoch  10 training error:  tensor(0.7417, device='cuda:0', grad_fn=<DivBackward0>)
Memory status after this epoch: 
Memory allocated:  48.8232421875
Memory cached:  84.0
	 epoch  20 training error:  tensor(0.7465, device='cuda:0', grad_fn=<DivBackward0>)
Memory status after this epoch: 
Memory allocated:  48.8232421875
Memory cached:  84.0
	 epoch  30 training error:  tensor(0.7319, device='cuda:0', grad_fn=<DivBackward0>)
Memory status after this epoch: 
Memory allocated:  48.8232421875
Memory cached:  84.0
	 epoch  40 training error:  tensor(0.7241, device='cuda:0', grad_fn=<DivBackward0>)
Memory status after this epoch: 
Memory allocated:  48.8232421875
Memory cached:  84.0
	 epoch  50 training error:  tensor(0.7176, device='cuda:0', grad_fn=<DivBackward0>)
Memory status after this epoch: 
Memory allocated:  48.8232421875
Memory cached:  84.0
	 epoch  60 training error:  tensor(0.7116, device='cuda:0', grad_fn=<DivBackward0>)
Memory status after this epoch: 
Memory allocated:  48.8232421875
Memory cached:  84.0
	 epoch  70 training error:  tensor(0.6979, device='cuda:0', grad_fn=<DivBackward0>)
Memory status after this epoch: 
Memory allocated:  48.8232421875
Memory cached:  84.0
	 epoch  80 training error:  tensor(0.6475, device='cuda:0', grad_fn=<DivBackward0>)
Memory status after this epoch: 
Memory allocated:  48.8232421875
Memory cached:  84.0
	 epoch  90 training error:  tensor(0.5868, device='cuda:0', grad_fn=<DivBackward0>)
Memory status after this epoch: 
Memory allocated:  48.8232421875
Memory cached:  84.0
[I 2023-12-05 02:21:51,422] Trial 55 finished with value: 0.5229849815368652 and parameters: {'W_layers': 7, 'W_layer_units_exponent_0': 8, 'W_layer_units_exponent_1': 8, 'W_layer_units_exponent_2': 9, 'W_layer_units_exponent_3': 8, 'W_layer_units_exponent_4': 5, 'W_layer_units_exponent_5': 10, 'W_layer_units_exponent_6': 8, 'D_layers': 6, 'D_layer_units_exponent_0': 6, 'D_layer_units_exponent_1': 9, 'D_layer_units_exponent_2': 7, 'D_layer_units_exponent_3': 7, 'D_layer_units_exponent_4': 5, 'D_layer_units_exponent_5': 8, 'log_learning_rate': -3.7228281163341017, 'log_learning_rate_D': -1.018908332589081, 'training_batch_size': 8, 'training_p': 2}. Best is trial 36 with value: 0.5074478983879089.
Time for this trial:  15.542503356933594
Memory status after this trial: 
Memory allocated:  103.86083984375
Memory cached:  124.0
--------------------  Trial  56   --------------------
Start timing: 
Parameters: 
{'W_layers': 6, 'W_layer_units_exponent_0': 9, 'W_layer_units_exponent_1': 6, 'W_layer_units_exponent_2': 8, 'W_layer_units_exponent_3': 10, 'W_layer_units_exponent_4': 4, 'W_layer_units_exponent_5': 8, 'D_layers': 7, 'D_layer_units_exponent_0': 8, 'D_layer_units_exponent_1': 5, 'D_layer_units_exponent_2': 6, 'D_layer_units_exponent_3': 6, 'D_layer_units_exponent_4': 6, 'D_layer_units_exponent_5': 4, 'D_layer_units_exponent_6': 5, 'log_learning_rate': -2.9895572596932127, 'log_learning_rate_D': -1.2147658436255822, 'training_batch_size': 7, 'training_p': 2}
	 epoch  0 training error:  tensor(0.9335, device='cuda:0', grad_fn=<DivBackward0>)
Memory status after this epoch: 
Memory allocated:  43.85498046875
Memory cached:  84.0
	 epoch  10 training error:  tensor(0.7342, device='cuda:0', grad_fn=<DivBackward0>)
Memory status after this epoch: 
Memory allocated:  43.85498046875
Memory cached:  84.0
	 epoch  20 training error:  tensor(0.6861, device='cuda:0', grad_fn=<DivBackward0>)
Memory status after this epoch: 
Memory allocated:  43.85498046875
Memory cached:  84.0
	 epoch  30 training error:  tensor(0.6146, device='cuda:0', grad_fn=<DivBackward0>)
Memory status after this epoch: 
Memory allocated:  43.85498046875
Memory cached:  84.0
	 epoch  40 training error:  tensor(0.5734, device='cuda:0', grad_fn=<DivBackward0>)
Memory status after this epoch: 
Memory allocated:  43.85498046875
Memory cached:  84.0
	 epoch  50 training error:  tensor(0.5725, device='cuda:0', grad_fn=<DivBackward0>)
Memory status after this epoch: 
Memory allocated:  43.85498046875
Memory cached:  84.0
	 epoch  60 training error:  tensor(0.5693, device='cuda:0', grad_fn=<DivBackward0>)
Memory status after this epoch: 
Memory allocated:  43.85498046875
Memory cached:  84.0
	 epoch  70 training error:  tensor(0.5684, device='cuda:0', grad_fn=<DivBackward0>)
Memory status after this epoch: 
Memory allocated:  43.85498046875
Memory cached:  84.0
	 epoch  80 training error:  tensor(0.5683, device='cuda:0', grad_fn=<DivBackward0>)
Memory status after this epoch: 
Memory allocated:  43.85498046875
Memory cached:  84.0
	 epoch  90 training error:  tensor(0.5682, device='cuda:0', grad_fn=<DivBackward0>)
Memory status after this epoch: 
Memory allocated:  43.85498046875
Memory cached:  84.0
[I 2023-12-05 02:22:06,617] Trial 56 finished with value: 0.5100704431533813 and parameters: {'W_layers': 6, 'W_layer_units_exponent_0': 9, 'W_layer_units_exponent_1': 6, 'W_layer_units_exponent_2': 8, 'W_layer_units_exponent_3': 10, 'W_layer_units_exponent_4': 4, 'W_layer_units_exponent_5': 8, 'D_layers': 7, 'D_layer_units_exponent_0': 8, 'D_layer_units_exponent_1': 5, 'D_layer_units_exponent_2': 6, 'D_layer_units_exponent_3': 6, 'D_layer_units_exponent_4': 6, 'D_layer_units_exponent_5': 4, 'D_layer_units_exponent_6': 5, 'log_learning_rate': -2.9895572596932127, 'log_learning_rate_D': -1.2147658436255822, 'training_batch_size': 7, 'training_p': 2}. Best is trial 36 with value: 0.5074478983879089.
Time for this trial:  14.985441207885742
Memory status after this trial: 
Memory allocated:  90.49169921875
Memory cached:  104.0
--------------------  Trial  57   --------------------
Start timing: 
Parameters: 
{'W_layers': 5, 'W_layer_units_exponent_0': 7, 'W_layer_units_exponent_1': 9, 'W_layer_units_exponent_2': 7, 'W_layer_units_exponent_3': 9, 'W_layer_units_exponent_4': 4, 'D_layers': 6, 'D_layer_units_exponent_0': 10, 'D_layer_units_exponent_1': 8, 'D_layer_units_exponent_2': 8, 'D_layer_units_exponent_3': 10, 'D_layer_units_exponent_4': 4, 'D_layer_units_exponent_5': 6, 'log_learning_rate': -3.8748361772035413, 'log_learning_rate_D': -1.4506105490929375, 'training_batch_size': 6, 'training_p': 3}
	 epoch  0 training error:  tensor(1.1006, device='cuda:0', grad_fn=<DivBackward0>)
Memory status after this epoch: 
Memory allocated:  44.11865234375
Memory cached:  84.0
	 epoch  10 training error:  tensor(0.8161, device='cuda:0', grad_fn=<DivBackward0>)
Memory status after this epoch: 
Memory allocated:  44.11865234375
Memory cached:  84.0
	 epoch  20 training error:  tensor(0.7883, device='cuda:0', grad_fn=<DivBackward0>)
Memory status after this epoch: 
Memory allocated:  44.11865234375
Memory cached:  84.0
	 epoch  30 training error:  tensor(0.7839, device='cuda:0', grad_fn=<DivBackward0>)
Memory status after this epoch: 
Memory allocated:  44.11865234375
Memory cached:  84.0
	 epoch  40 training error:  tensor(0.7810, device='cuda:0', grad_fn=<DivBackward0>)
Memory status after this epoch: 
Memory allocated:  44.11865234375
Memory cached:  84.0
	 epoch  50 training error:  tensor(0.7772, device='cuda:0', grad_fn=<DivBackward0>)
Memory status after this epoch: 
Memory allocated:  44.11865234375
Memory cached:  84.0
	 epoch  60 training error:  tensor(0.7699, device='cuda:0', grad_fn=<DivBackward0>)
Memory status after this epoch: 
Memory allocated:  44.11865234375
Memory cached:  84.0
	 epoch  70 training error:  tensor(0.7535, device='cuda:0', grad_fn=<DivBackward0>)
Memory status after this epoch: 
Memory allocated:  44.11865234375
Memory cached:  84.0
	 epoch  80 training error:  tensor(0.7132, device='cuda:0', grad_fn=<DivBackward0>)
Memory status after this epoch: 
Memory allocated:  44.11865234375
Memory cached:  84.0
	 epoch  90 training error:  tensor(0.6466, device='cuda:0', grad_fn=<DivBackward0>)
Memory status after this epoch: 
Memory allocated:  44.11865234375
Memory cached:  84.0
[I 2023-12-05 02:22:22,466] Trial 57 finished with value: 0.5663167834281921 and parameters: {'W_layers': 5, 'W_layer_units_exponent_0': 7, 'W_layer_units_exponent_1': 9, 'W_layer_units_exponent_2': 7, 'W_layer_units_exponent_3': 9, 'W_layer_units_exponent_4': 4, 'D_layers': 6, 'D_layer_units_exponent_0': 10, 'D_layer_units_exponent_1': 8, 'D_layer_units_exponent_2': 8, 'D_layer_units_exponent_3': 10, 'D_layer_units_exponent_4': 4, 'D_layer_units_exponent_5': 6, 'log_learning_rate': -3.8748361772035413, 'log_learning_rate_D': -1.4506105490929375, 'training_batch_size': 6, 'training_p': 3}. Best is trial 36 with value: 0.5074478983879089.
Time for this trial:  15.668540954589844
Memory status after this trial: 
Memory allocated:  69.99755859375
Memory cached:  84.0
--------------------  Trial  58   --------------------
Start timing: 
Parameters: 
{'W_layers': 7, 'W_layer_units_exponent_0': 10, 'W_layer_units_exponent_1': 5, 'W_layer_units_exponent_2': 5, 'W_layer_units_exponent_3': 10, 'W_layer_units_exponent_4': 5, 'W_layer_units_exponent_5': 7, 'W_layer_units_exponent_6': 7, 'D_layers': 5, 'D_layer_units_exponent_0': 9, 'D_layer_units_exponent_1': 7, 'D_layer_units_exponent_2': 5, 'D_layer_units_exponent_3': 6, 'D_layer_units_exponent_4': 6, 'log_learning_rate': -3.374962223000744, 'log_learning_rate_D': -1.617532236699776, 'training_batch_size': 8, 'training_p': 4}
	 epoch  0 training error:  tensor(1.0206, device='cuda:0', grad_fn=<DivBackward0>)
Memory status after this epoch: 
Memory allocated:  40.85498046875
Memory cached:  84.0
	 epoch  10 training error:  tensor(0.8295, device='cuda:0', grad_fn=<DivBackward0>)
Memory status after this epoch: 
Memory allocated:  40.85498046875
Memory cached:  84.0
	 epoch  20 training error:  tensor(0.8052, device='cuda:0', grad_fn=<DivBackward0>)
Memory status after this epoch: 
Memory allocated:  40.85498046875
Memory cached:  84.0
	 epoch  30 training error:  tensor(0.7450, device='cuda:0', grad_fn=<DivBackward0>)
Memory status after this epoch: 
Memory allocated:  40.85498046875
Memory cached:  84.0
	 epoch  40 training error:  tensor(0.6528, device='cuda:0', grad_fn=<DivBackward0>)
Memory status after this epoch: 
Memory allocated:  40.85498046875
Memory cached:  84.0
	 epoch  50 training error:  tensor(0.6564, device='cuda:0', grad_fn=<DivBackward0>)
Memory status after this epoch: 
Memory allocated:  40.85498046875
Memory cached:  84.0
	 epoch  60 training error:  tensor(0.6512, device='cuda:0', grad_fn=<DivBackward0>)
Memory status after this epoch: 
Memory allocated:  40.85498046875
Memory cached:  84.0
	 epoch  70 training error:  tensor(0.6489, device='cuda:0', grad_fn=<DivBackward0>)
Memory status after this epoch: 
Memory allocated:  40.85498046875
Memory cached:  84.0
	 epoch  80 training error:  tensor(0.6491, device='cuda:0', grad_fn=<DivBackward0>)
Memory status after this epoch: 
Memory allocated:  40.85498046875
Memory cached:  84.0
	 epoch  90 training error:  tensor(0.6488, device='cuda:0', grad_fn=<DivBackward0>)
Memory status after this epoch: 
Memory allocated:  40.85498046875
Memory cached:  84.0
[I 2023-12-05 02:22:37,820] Trial 58 finished with value: 0.5955677032470703 and parameters: {'W_layers': 7, 'W_layer_units_exponent_0': 10, 'W_layer_units_exponent_1': 5, 'W_layer_units_exponent_2': 5, 'W_layer_units_exponent_3': 10, 'W_layer_units_exponent_4': 5, 'W_layer_units_exponent_5': 7, 'W_layer_units_exponent_6': 7, 'D_layers': 5, 'D_layer_units_exponent_0': 9, 'D_layer_units_exponent_1': 7, 'D_layer_units_exponent_2': 5, 'D_layer_units_exponent_3': 6, 'D_layer_units_exponent_4': 6, 'log_learning_rate': -3.374962223000744, 'log_learning_rate_D': -1.617532236699776, 'training_batch_size': 8, 'training_p': 4}. Best is trial 36 with value: 0.5074478983879089.
Time for this trial:  15.144007682800293
Memory status after this trial: 
Memory allocated:  94.54736328125
Memory cached:  124.0
--------------------  Trial  59   --------------------
Start timing: 
Parameters: 
{'W_layers': 8, 'W_layer_units_exponent_0': 8, 'W_layer_units_exponent_1': 7, 'W_layer_units_exponent_2': 4, 'W_layer_units_exponent_3': 9, 'W_layer_units_exponent_4': 5, 'W_layer_units_exponent_5': 8, 'W_layer_units_exponent_6': 4, 'W_layer_units_exponent_7': 8, 'D_layers': 4, 'D_layer_units_exponent_0': 9, 'D_layer_units_exponent_1': 6, 'D_layer_units_exponent_2': 7, 'D_layer_units_exponent_3': 4, 'log_learning_rate': -2.8685344207912813, 'log_learning_rate_D': -1.0126219170271644, 'training_batch_size': 11, 'training_p': 2}
	 epoch  0 training error:  tensor(0.9414, device='cuda:0', grad_fn=<DivBackward0>)
Memory status after this epoch: 
Memory allocated:  40.0224609375
Memory cached:  84.0
	 epoch  10 training error:  tensor(0.7215, device='cuda:0', grad_fn=<DivBackward0>)
Memory status after this epoch: 
Memory allocated:  40.0224609375
Memory cached:  84.0
	 epoch  20 training error:  tensor(0.5914, device='cuda:0', grad_fn=<DivBackward0>)
Memory status after this epoch: 
Memory allocated:  40.0224609375
Memory cached:  84.0
	 epoch  30 training error:  tensor(0.6035, device='cuda:0', grad_fn=<DivBackward0>)
Memory status after this epoch: 
Memory allocated:  40.0224609375
Memory cached:  84.0
	 epoch  40 training error:  tensor(0.5726, device='cuda:0', grad_fn=<DivBackward0>)
Memory status after this epoch: 
Memory allocated:  40.0224609375
Memory cached:  84.0
	 epoch  50 training error:  tensor(0.5715, device='cuda:0', grad_fn=<DivBackward0>)
Memory status after this epoch: 
Memory allocated:  40.0224609375
Memory cached:  84.0
	 epoch  60 training error:  tensor(0.5684, device='cuda:0', grad_fn=<DivBackward0>)
Memory status after this epoch: 
Memory allocated:  40.0224609375
Memory cached:  84.0
	 epoch  70 training error:  tensor(0.5685, device='cuda:0', grad_fn=<DivBackward0>)
Memory status after this epoch: 
Memory allocated:  40.0224609375
Memory cached:  84.0
	 epoch  80 training error:  tensor(0.5683, device='cuda:0', grad_fn=<DivBackward0>)
Memory status after this epoch: 
Memory allocated:  40.0224609375
Memory cached:  84.0
	 epoch  90 training error:  tensor(0.5682, device='cuda:0', grad_fn=<DivBackward0>)
Memory status after this epoch: 
Memory allocated:  40.0224609375
Memory cached:  84.0
