[I 2024-01-03 21:37:47,060] Trial 120 finished with value: 0.44520798325538635 and parameters: {'W_layers': 6, 'W_layer_units_exponent_0': 10, 'W_layer_units_exponent_1': 4, 'W_layer_units_exponent_2': 6, 'W_layer_units_exponent_3': 5, 'W_layer_units_exponent_4': 8, 'W_layer_units_exponent_5': 10, 'D_layers': 2, 'D_layer_units_exponent_0': 10, 'D_layer_units_exponent_1': 8, 'D_dagger_layers': 4, 'D_dagger_layer_units_exponent_0': 10, 'D_dagger_layer_units_exponent_1': 9, 'D_dagger_layer_units_exponent_2': 4, 'D_dagger_layer_units_exponent_3': 5, 'log_learning_rate': -4.287631034829543, 'log_learning_rate_D': -3.1359907030761383, 'log_learning_rate_D_dagger': -3.0917474855280314, 'training_batch_size': 8, 'training_p': 7}. Best is trial 87 with value: 0.11369848251342773.
Time for this trial:  189.43649244308472
Memory status after this trial: 
Memory allocated:  549.5634765625
Memory cached:  620.0
--------------------  Trial  121   --------------------
Start timing: 
Parameters: 
{'W_layers': 6, 'W_layer_units_exponent_0': 10, 'W_layer_units_exponent_1': 4, 'W_layer_units_exponent_2': 7, 'W_layer_units_exponent_3': 5, 'W_layer_units_exponent_4': 8, 'W_layer_units_exponent_5': 9, 'D_layers': 3, 'D_layer_units_exponent_0': 10, 'D_layer_units_exponent_1': 7, 'D_layer_units_exponent_2': 9, 'D_dagger_layers': 4, 'D_dagger_layer_units_exponent_0': 10, 'D_dagger_layer_units_exponent_1': 10, 'D_dagger_layer_units_exponent_2': 4, 'D_dagger_layer_units_exponent_3': 5, 'log_learning_rate': -4.171396417519373, 'log_learning_rate_D': -2.978021893877872, 'log_learning_rate_D_dagger': -2.792890849697046, 'training_batch_size': 9, 'training_p': 7}
	 epoch  0 training error:  tensor(1.0197, device='cuda:0', grad_fn=<DivBackward0>)
Memory status after this epoch: 
Memory allocated:  291.20458984375
Memory cached:  628.0
	 epoch  10 training error:  tensor(0.5599, device='cuda:0', grad_fn=<DivBackward0>)
Memory status after this epoch: 
Memory allocated:  291.20458984375
Memory cached:  664.0
	 epoch  20 training error:  tensor(0.5624, device='cuda:0', grad_fn=<DivBackward0>)
Memory status after this epoch: 
Memory allocated:  291.20458984375
Memory cached:  660.0
	 epoch  30 training error:  tensor(0.5305, device='cuda:0', grad_fn=<DivBackward0>)
Memory status after this epoch: 
Memory allocated:  291.20458984375
Memory cached:  658.0
	 epoch  40 training error:  tensor(0.5119, device='cuda:0', grad_fn=<DivBackward0>)
Memory status after this epoch: 
Memory allocated:  291.20458984375
Memory cached:  662.0
	 epoch  50 training error:  tensor(0.5255, device='cuda:0', grad_fn=<DivBackward0>)
Memory status after this epoch: 
Memory allocated:  291.20458984375
Memory cached:  664.0
	 epoch  60 training error:  tensor(0.4848, device='cuda:0', grad_fn=<DivBackward0>)
Memory status after this epoch: 
Memory allocated:  291.20458984375
Memory cached:  668.0
	 epoch  70 training error:  tensor(0.3564, device='cuda:0', grad_fn=<DivBackward0>)
Memory status after this epoch: 
Memory allocated:  291.20458984375
Memory cached:  656.0
	 epoch  80 training error:  tensor(0.2476, device='cuda:0', grad_fn=<DivBackward0>)
Memory status after this epoch: 
Memory allocated:  291.20458984375
Memory cached:  666.0
	 epoch  90 training error:  tensor(0.2844, device='cuda:0', grad_fn=<DivBackward0>)
Memory status after this epoch: 
Memory allocated:  291.20458984375
Memory cached:  650.0
[I 2024-01-03 21:41:08,952] Trial 121 finished with value: 0.1398513913154602 and parameters: {'W_layers': 6, 'W_layer_units_exponent_0': 10, 'W_layer_units_exponent_1': 4, 'W_layer_units_exponent_2': 7, 'W_layer_units_exponent_3': 5, 'W_layer_units_exponent_4': 8, 'W_layer_units_exponent_5': 9, 'D_layers': 3, 'D_layer_units_exponent_0': 10, 'D_layer_units_exponent_1': 7, 'D_layer_units_exponent_2': 9, 'D_dagger_layers': 4, 'D_dagger_layer_units_exponent_0': 10, 'D_dagger_layer_units_exponent_1': 10, 'D_dagger_layer_units_exponent_2': 4, 'D_dagger_layer_units_exponent_3': 5, 'log_learning_rate': -4.171396417519373, 'log_learning_rate_D': -2.978021893877872, 'log_learning_rate_D_dagger': -2.792890849697046, 'training_batch_size': 9, 'training_p': 7}. Best is trial 87 with value: 0.11369848251342773.
Time for this trial:  201.39022397994995
Memory status after this trial: 
Memory allocated:  577.84375
Memory cached:  602.0
--------------------  Trial  122   --------------------
Start timing: 
Parameters: 
{'W_layers': 6, 'W_layer_units_exponent_0': 10, 'W_layer_units_exponent_1': 4, 'W_layer_units_exponent_2': 7, 'W_layer_units_exponent_3': 5, 'W_layer_units_exponent_4': 8, 'W_layer_units_exponent_5': 9, 'D_layers': 3, 'D_layer_units_exponent_0': 10, 'D_layer_units_exponent_1': 7, 'D_layer_units_exponent_2': 9, 'D_dagger_layers': 3, 'D_dagger_layer_units_exponent_0': 10, 'D_dagger_layer_units_exponent_1': 10, 'D_dagger_layer_units_exponent_2': 4, 'log_learning_rate': -4.088099808177153, 'log_learning_rate_D': -2.9817062262452803, 'log_learning_rate_D_dagger': -2.7761856536107103, 'training_batch_size': 9, 'training_p': 7}
	 epoch  0 training error:  tensor(1.0318, device='cuda:0', grad_fn=<DivBackward0>)
Memory status after this epoch: 
Memory allocated:  291.19482421875
Memory cached:  620.0
	 epoch  10 training error:  tensor(0.5836, device='cuda:0', grad_fn=<DivBackward0>)
Memory status after this epoch: 
Memory allocated:  291.19482421875
Memory cached:  658.0
	 epoch  20 training error:  tensor(0.5616, device='cuda:0', grad_fn=<DivBackward0>)
Memory status after this epoch: 
Memory allocated:  291.19482421875
Memory cached:  652.0
	 epoch  30 training error:  tensor(0.5668, device='cuda:0', grad_fn=<DivBackward0>)
Memory status after this epoch: 
Memory allocated:  291.19482421875
Memory cached:  656.0
	 epoch  40 training error:  tensor(0.5533, device='cuda:0', grad_fn=<DivBackward0>)
Memory status after this epoch: 
Memory allocated:  291.19482421875
Memory cached:  662.0
	 epoch  50 training error:  tensor(0.5501, device='cuda:0', grad_fn=<DivBackward0>)
Memory status after this epoch: 
Memory allocated:  291.19482421875
Memory cached:  654.0
	 epoch  60 training error:  tensor(0.5498, device='cuda:0', grad_fn=<DivBackward0>)
Memory status after this epoch: 
Memory allocated:  291.19482421875
Memory cached:  660.0
	 epoch  70 training error:  tensor(0.5459, device='cuda:0', grad_fn=<DivBackward0>)
Memory status after this epoch: 
Memory allocated:  291.19482421875
Memory cached:  650.0
	 epoch  80 training error:  tensor(0.5324, device='cuda:0', grad_fn=<DivBackward0>)
Memory status after this epoch: 
Memory allocated:  291.19482421875
Memory cached:  660.0
	 epoch  90 training error:  tensor(0.5315, device='cuda:0', grad_fn=<DivBackward0>)
Memory status after this epoch: 
Memory allocated:  291.19482421875
Memory cached:  654.0
[I 2024-01-03 21:44:23,749] Trial 122 finished with value: 0.46790218353271484 and parameters: {'W_layers': 6, 'W_layer_units_exponent_0': 10, 'W_layer_units_exponent_1': 4, 'W_layer_units_exponent_2': 7, 'W_layer_units_exponent_3': 5, 'W_layer_units_exponent_4': 8, 'W_layer_units_exponent_5': 9, 'D_layers': 3, 'D_layer_units_exponent_0': 10, 'D_layer_units_exponent_1': 7, 'D_layer_units_exponent_2': 9, 'D_dagger_layers': 3, 'D_dagger_layer_units_exponent_0': 10, 'D_dagger_layer_units_exponent_1': 10, 'D_dagger_layer_units_exponent_2': 4, 'log_learning_rate': -4.088099808177153, 'log_learning_rate_D': -2.9817062262452803, 'log_learning_rate_D_dagger': -2.7761856536107103, 'training_batch_size': 9, 'training_p': 7}. Best is trial 87 with value: 0.11369848251342773.
Time for this trial:  194.30203366279602
Memory status after this trial: 
Memory allocated:  576.2275390625
Memory cached:  608.0
--------------------  Trial  123   --------------------
Start timing: 
Parameters: 
{'W_layers': 6, 'W_layer_units_exponent_0': 10, 'W_layer_units_exponent_1': 4, 'W_layer_units_exponent_2': 7, 'W_layer_units_exponent_3': 5, 'W_layer_units_exponent_4': 8, 'W_layer_units_exponent_5': 10, 'D_layers': 4, 'D_layer_units_exponent_0': 10, 'D_layer_units_exponent_1': 7, 'D_layer_units_exponent_2': 9, 'D_layer_units_exponent_3': 9, 'D_dagger_layers': 4, 'D_dagger_layer_units_exponent_0': 10, 'D_dagger_layer_units_exponent_1': 10, 'D_dagger_layer_units_exponent_2': 4, 'D_dagger_layer_units_exponent_3': 5, 'log_learning_rate': -4.194944760475791, 'log_learning_rate_D': -2.8818707761828777, 'log_learning_rate_D_dagger': -2.6638530452263645, 'training_batch_size': 9, 'training_p': 7}
	 epoch  0 training error:  tensor(0.9957, device='cuda:0', grad_fn=<DivBackward0>)
Memory status after this epoch: 
Memory allocated:  297.22802734375
Memory cached:  624.0
	 epoch  10 training error:  tensor(0.5710, device='cuda:0', grad_fn=<DivBackward0>)
Memory status after this epoch: 
Memory allocated:  297.22802734375
Memory cached:  668.0
	 epoch  20 training error:  tensor(0.5509, device='cuda:0', grad_fn=<DivBackward0>)
Memory status after this epoch: 
Memory allocated:  297.22802734375
Memory cached:  664.0
	 epoch  30 training error:  tensor(0.5386, device='cuda:0', grad_fn=<DivBackward0>)
Memory status after this epoch: 
Memory allocated:  297.22802734375
Memory cached:  662.0
	 epoch  40 training error:  tensor(0.5191, device='cuda:0', grad_fn=<DivBackward0>)
Memory status after this epoch: 
Memory allocated:  297.22802734375
Memory cached:  660.0
	 epoch  50 training error:  tensor(0.4564, device='cuda:0', grad_fn=<DivBackward0>)
Memory status after this epoch: 
Memory allocated:  297.22802734375
Memory cached:  656.0
	 epoch  60 training error:  tensor(0.4403, device='cuda:0', grad_fn=<DivBackward0>)
Memory status after this epoch: 
Memory allocated:  297.22802734375
Memory cached:  664.0
	 epoch  70 training error:  tensor(0.3268, device='cuda:0', grad_fn=<DivBackward0>)
Memory status after this epoch: 
Memory allocated:  297.22802734375
Memory cached:  668.0
	 epoch  80 training error:  tensor(0.2736, device='cuda:0', grad_fn=<DivBackward0>)
Memory status after this epoch: 
Memory allocated:  297.22802734375
Memory cached:  670.0
	 epoch  90 training error:  tensor(0.3360, device='cuda:0', grad_fn=<DivBackward0>)
Memory status after this epoch: 
Memory allocated:  297.22802734375
Memory cached:  658.0
[I 2024-01-03 21:48:01,337] Trial 123 finished with value: 0.17379465699195862 and parameters: {'W_layers': 6, 'W_layer_units_exponent_0': 10, 'W_layer_units_exponent_1': 4, 'W_layer_units_exponent_2': 7, 'W_layer_units_exponent_3': 5, 'W_layer_units_exponent_4': 8, 'W_layer_units_exponent_5': 10, 'D_layers': 4, 'D_layer_units_exponent_0': 10, 'D_layer_units_exponent_1': 7, 'D_layer_units_exponent_2': 9, 'D_layer_units_exponent_3': 9, 'D_dagger_layers': 4, 'D_dagger_layer_units_exponent_0': 10, 'D_dagger_layer_units_exponent_1': 10, 'D_dagger_layer_units_exponent_2': 4, 'D_dagger_layer_units_exponent_3': 5, 'log_learning_rate': -4.194944760475791, 'log_learning_rate_D': -2.8818707761828777, 'log_learning_rate_D_dagger': -2.6638530452263645, 'training_batch_size': 9, 'training_p': 7}. Best is trial 87 with value: 0.11369848251342773.
Time for this trial:  217.07633304595947
Memory status after this trial: 
Memory allocated:  631.36328125
Memory cached:  642.0
--------------------  Trial  124   --------------------
Start timing: 
Parameters: 
{'W_layers': 6, 'W_layer_units_exponent_0': 10, 'W_layer_units_exponent_1': 4, 'W_layer_units_exponent_2': 7, 'W_layer_units_exponent_3': 6, 'W_layer_units_exponent_4': 8, 'W_layer_units_exponent_5': 9, 'D_layers': 3, 'D_layer_units_exponent_0': 10, 'D_layer_units_exponent_1': 7, 'D_layer_units_exponent_2': 9, 'D_dagger_layers': 4, 'D_dagger_layer_units_exponent_0': 10, 'D_dagger_layer_units_exponent_1': 10, 'D_dagger_layer_units_exponent_2': 4, 'D_dagger_layer_units_exponent_3': 5, 'log_learning_rate': -4.447137963764467, 'log_learning_rate_D': -3.050021592696316, 'log_learning_rate_D_dagger': -2.737502909110107, 'training_batch_size': 9, 'training_p': 7}
	 epoch  0 training error:  tensor(1.0035, device='cuda:0', grad_fn=<DivBackward0>)
Memory status after this epoch: 
Memory allocated:  291.39208984375
Memory cached:  624.0
	 epoch  10 training error:  tensor(0.5920, device='cuda:0', grad_fn=<DivBackward0>)
Memory status after this epoch: 
Memory allocated:  291.39208984375
Memory cached:  678.0
	 epoch  20 training error:  tensor(0.5402, device='cuda:0', grad_fn=<DivBackward0>)
Memory status after this epoch: 
Memory allocated:  291.39208984375
Memory cached:  668.0
	 epoch  30 training error:  tensor(0.5298, device='cuda:0', grad_fn=<DivBackward0>)
Memory status after this epoch: 
Memory allocated:  291.39208984375
Memory cached:  664.0
	 epoch  40 training error:  tensor(0.5230, device='cuda:0', grad_fn=<DivBackward0>)
Memory status after this epoch: 
Memory allocated:  291.39208984375
Memory cached:  676.0
	 epoch  50 training error:  tensor(0.5069, device='cuda:0', grad_fn=<DivBackward0>)
Memory status after this epoch: 
Memory allocated:  291.39208984375
Memory cached:  672.0
	 epoch  60 training error:  tensor(0.5773, device='cuda:0', grad_fn=<DivBackward0>)
Memory status after this epoch: 
Memory allocated:  291.39208984375
Memory cached:  672.0
	 epoch  70 training error:  tensor(0.5306, device='cuda:0', grad_fn=<DivBackward0>)
Memory status after this epoch: 
Memory allocated:  291.39208984375
Memory cached:  670.0
	 epoch  80 training error:  tensor(0.5641, device='cuda:0', grad_fn=<DivBackward0>)
Memory status after this epoch: 
Memory allocated:  291.39208984375
Memory cached:  676.0
	 epoch  90 training error:  tensor(0.5225, device='cuda:0', grad_fn=<DivBackward0>)
Memory status after this epoch: 
Memory allocated:  291.39208984375
Memory cached:  668.0
[I 2024-01-03 21:51:23,682] Trial 124 finished with value: 0.24292686581611633 and parameters: {'W_layers': 6, 'W_layer_units_exponent_0': 10, 'W_layer_units_exponent_1': 4, 'W_layer_units_exponent_2': 7, 'W_layer_units_exponent_3': 6, 'W_layer_units_exponent_4': 8, 'W_layer_units_exponent_5': 9, 'D_layers': 3, 'D_layer_units_exponent_0': 10, 'D_layer_units_exponent_1': 7, 'D_layer_units_exponent_2': 9, 'D_dagger_layers': 4, 'D_dagger_layer_units_exponent_0': 10, 'D_dagger_layer_units_exponent_1': 10, 'D_dagger_layer_units_exponent_2': 4, 'D_dagger_layer_units_exponent_3': 5, 'log_learning_rate': -4.447137963764467, 'log_learning_rate_D': -3.050021592696316, 'log_learning_rate_D_dagger': -2.737502909110107, 'training_batch_size': 9, 'training_p': 7}. Best is trial 87 with value: 0.11369848251342773.
Time for this trial:  201.8362476825714
Memory status after this trial: 
Memory allocated:  579.646484375
Memory cached:  612.0
--------------------  Trial  125   --------------------
Start timing: 
Parameters: 
{'W_layers': 6, 'W_layer_units_exponent_0': 10, 'W_layer_units_exponent_1': 4, 'W_layer_units_exponent_2': 7, 'W_layer_units_exponent_3': 5, 'W_layer_units_exponent_4': 7, 'W_layer_units_exponent_5': 8, 'D_layers': 3, 'D_layer_units_exponent_0': 10, 'D_layer_units_exponent_1': 7, 'D_layer_units_exponent_2': 9, 'D_dagger_layers': 4, 'D_dagger_layer_units_exponent_0': 10, 'D_dagger_layer_units_exponent_1': 10, 'D_dagger_layer_units_exponent_2': 4, 'D_dagger_layer_units_exponent_3': 5, 'log_learning_rate': -4.326131012919966, 'log_learning_rate_D': -2.9527613953087952, 'log_learning_rate_D_dagger': -3.2390909054578207, 'training_batch_size': 9, 'training_p': 7}
	 epoch  0 training error:  tensor(0.9224, device='cuda:0', grad_fn=<DivBackward0>)
Memory status after this epoch: 
Memory allocated:  289.63232421875
Memory cached:  626.0
	 epoch  10 training error:  tensor(0.5564, device='cuda:0', grad_fn=<DivBackward0>)
Memory status after this epoch: 
Memory allocated:  289.63232421875
Memory cached:  678.0
	 epoch  20 training error:  tensor(0.5451, device='cuda:0', grad_fn=<DivBackward0>)
Memory status after this epoch: 
Memory allocated:  289.63232421875
Memory cached:  674.0
	 epoch  30 training error:  tensor(0.5329, device='cuda:0', grad_fn=<DivBackward0>)
Memory status after this epoch: 
Memory allocated:  289.63232421875
Memory cached:  678.0
	 epoch  40 training error:  tensor(0.5254, device='cuda:0', grad_fn=<DivBackward0>)
Memory status after this epoch: 
Memory allocated:  289.63232421875
Memory cached:  680.0
	 epoch  50 training error:  tensor(0.5206, device='cuda:0', grad_fn=<DivBackward0>)
Memory status after this epoch: 
Memory allocated:  289.63232421875
Memory cached:  676.0
	 epoch  60 training error:  tensor(0.4599, device='cuda:0', grad_fn=<DivBackward0>)
Memory status after this epoch: 
Memory allocated:  289.63232421875
Memory cached:  670.0
	 epoch  70 training error:  tensor(0.4075, device='cuda:0', grad_fn=<DivBackward0>)
Memory status after this epoch: 
Memory allocated:  289.63232421875
Memory cached:  680.0
	 epoch  80 training error:  tensor(0.3408, device='cuda:0', grad_fn=<DivBackward0>)
Memory status after this epoch: 
Memory allocated:  289.63232421875
Memory cached:  676.0
	 epoch  90 training error:  tensor(0.2787, device='cuda:0', grad_fn=<DivBackward0>)
Memory status after this epoch: 
Memory allocated:  289.63232421875
Memory cached:  684.0
[I 2024-01-03 21:54:41,437] Trial 125 finished with value: 0.14482299983501434 and parameters: {'W_layers': 6, 'W_layer_units_exponent_0': 10, 'W_layer_units_exponent_1': 4, 'W_layer_units_exponent_2': 7, 'W_layer_units_exponent_3': 5, 'W_layer_units_exponent_4': 7, 'W_layer_units_exponent_5': 8, 'D_layers': 3, 'D_layer_units_exponent_0': 10, 'D_layer_units_exponent_1': 7, 'D_layer_units_exponent_2': 9, 'D_dagger_layers': 4, 'D_dagger_layer_units_exponent_0': 10, 'D_dagger_layer_units_exponent_1': 10, 'D_dagger_layer_units_exponent_2': 4, 'D_dagger_layer_units_exponent_3': 5, 'log_learning_rate': -4.326131012919966, 'log_learning_rate_D': -2.9527613953087952, 'log_learning_rate_D_dagger': -3.2390909054578207, 'training_batch_size': 9, 'training_p': 7}. Best is trial 87 with value: 0.11369848251342773.
Time for this trial:  197.27397966384888
Memory status after this trial: 
Memory allocated:  558.5029296875
Memory cached:  628.0
--------------------  Trial  126   --------------------
Start timing: 
Parameters: 
{'W_layers': 6, 'W_layer_units_exponent_0': 7, 'W_layer_units_exponent_1': 5, 'W_layer_units_exponent_2': 7, 'W_layer_units_exponent_3': 5, 'W_layer_units_exponent_4': 7, 'W_layer_units_exponent_5': 8, 'D_layers': 3, 'D_layer_units_exponent_0': 10, 'D_layer_units_exponent_1': 7, 'D_layer_units_exponent_2': 9, 'D_dagger_layers': 4, 'D_dagger_layer_units_exponent_0': 10, 'D_dagger_layer_units_exponent_1': 10, 'D_dagger_layer_units_exponent_2': 4, 'D_dagger_layer_units_exponent_3': 5, 'log_learning_rate': -4.0032387849393025, 'log_learning_rate_D': -3.271903885901703, 'log_learning_rate_D_dagger': -3.2148251428544796, 'training_batch_size': 8, 'training_p': 8}
	 epoch  0 training error:  tensor(0.9949, device='cuda:0', grad_fn=<DivBackward0>)
Memory status after this epoch: 
Memory allocated:  289.44873046875
Memory cached:  624.0
	 epoch  10 training error:  tensor(0.5777, device='cuda:0', grad_fn=<DivBackward0>)
Memory status after this epoch: 
Memory allocated:  289.44873046875
Memory cached:  674.0
	 epoch  20 training error:  tensor(0.5476, device='cuda:0', grad_fn=<DivBackward0>)
Memory status after this epoch: 
Memory allocated:  289.44873046875
Memory cached:  668.0
	 epoch  30 training error:  tensor(0.5535, device='cuda:0', grad_fn=<DivBackward0>)
Memory status after this epoch: 
Memory allocated:  289.44873046875
Memory cached:  678.0
	 epoch  40 training error:  tensor(0.5407, device='cuda:0', grad_fn=<DivBackward0>)
Memory status after this epoch: 
Memory allocated:  289.44873046875
Memory cached:  668.0
	 epoch  50 training error:  tensor(0.4641, device='cuda:0', grad_fn=<DivBackward0>)
Memory status after this epoch: 
Memory allocated:  289.44873046875
Memory cached:  684.0
	 epoch  60 training error:  tensor(0.3430, device='cuda:0', grad_fn=<DivBackward0>)
Memory status after this epoch: 
Memory allocated:  289.44873046875
Memory cached:  676.0
	 epoch  70 training error:  tensor(0.2637, device='cuda:0', grad_fn=<DivBackward0>)
Memory status after this epoch: 
Memory allocated:  289.44873046875
Memory cached:  686.0
	 epoch  80 training error:  tensor(0.2056, device='cuda:0', grad_fn=<DivBackward0>)
Memory status after this epoch: 
Memory allocated:  289.44873046875
Memory cached:  678.0
	 epoch  90 training error:  tensor(0.1898, device='cuda:0', grad_fn=<DivBackward0>)
Memory status after this epoch: 
Memory allocated:  289.44873046875
Memory cached:  676.0
