[I 2023-12-04 01:15:00,740] Trial 31 finished with value: 0.09078036993741989 and parameters: {'W_layers': 2, 'W_layer_units_exponent_0': 6, 'W_layer_units_exponent_1': 8, 'D_layers': 6, 'D_layer_units_exponent_0': 8, 'D_layer_units_exponent_1': 8, 'D_layer_units_exponent_2': 6, 'D_layer_units_exponent_3': 8, 'D_layer_units_exponent_4': 6, 'D_layer_units_exponent_5': 6, 'log_learning_rate': -2.2776329812924216, 'log_learning_rate_D': -4.894832092760268, 'training_batch_size': 6, 'training_p': 4}. Best is trial 21 with value: 0.010489757172763348.
Time for this trial:  63.34241008758545
Memory status after this trial: 
Memory allocated:  147.07373046875
Memory cached:  186.0
--------------------  Trial  32   --------------------
Start timing: 
Parameters: 
{'W_layers': 4, 'W_layer_units_exponent_0': 5, 'W_layer_units_exponent_1': 4, 'W_layer_units_exponent_2': 6, 'W_layer_units_exponent_3': 6, 'D_layers': 3, 'D_layer_units_exponent_0': 10, 'D_layer_units_exponent_1': 6, 'D_layer_units_exponent_2': 7, 'log_learning_rate': -3.0154033537918883, 'log_learning_rate_D': -1.156766175330033, 'training_batch_size': 8, 'training_p': 4}
	 epoch  0 training error:  tensor(1.0210, device='cuda:0', grad_fn=<DivBackward0>)
Memory status after this epoch: 
Memory allocated:  118.19140625
Memory cached:  186.0
[W 2023-12-04 01:15:02,219] Trial 32 failed with parameters: {'W_layers': 4, 'W_layer_units_exponent_0': 5, 'W_layer_units_exponent_1': 4, 'W_layer_units_exponent_2': 6, 'W_layer_units_exponent_3': 6, 'D_layers': 3, 'D_layer_units_exponent_0': 10, 'D_layer_units_exponent_1': 6, 'D_layer_units_exponent_2': 7, 'log_learning_rate': -3.0154033537918883, 'log_learning_rate_D': -1.156766175330033, 'training_batch_size': 8, 'training_p': 4} because of the following error: The value nan is not acceptable.
[W 2023-12-04 01:15:02,220] Trial 32 failed with value tensor(nan, device='cuda:0', grad_fn=<DivBackward0>).
Time for this trial:  1.3256065845489502
Memory status after this trial: 
Memory allocated:  149.26318359375
Memory cached:  186.0
--------------------  Trial  33   --------------------
Start timing: 
Parameters: 
{'W_layers': 4, 'W_layer_units_exponent_0': 8, 'W_layer_units_exponent_1': 4, 'W_layer_units_exponent_2': 6, 'W_layer_units_exponent_3': 6, 'D_layers': 3, 'D_layer_units_exponent_0': 10, 'D_layer_units_exponent_1': 6, 'D_layer_units_exponent_2': 7, 'log_learning_rate': -1.1690084826328677, 'log_learning_rate_D': -1.023330646042885, 'training_batch_size': 8, 'training_p': 4}
	 epoch  0 training error:  tensor(1.0045, device='cuda:0', grad_fn=<DivBackward0>)
Memory status after this epoch: 
Memory allocated:  118.267578125
Memory cached:  186.0
[W 2023-12-04 01:15:03,774] Trial 33 failed with parameters: {'W_layers': 4, 'W_layer_units_exponent_0': 8, 'W_layer_units_exponent_1': 4, 'W_layer_units_exponent_2': 6, 'W_layer_units_exponent_3': 6, 'D_layers': 3, 'D_layer_units_exponent_0': 10, 'D_layer_units_exponent_1': 6, 'D_layer_units_exponent_2': 7, 'log_learning_rate': -1.1690084826328677, 'log_learning_rate_D': -1.023330646042885, 'training_batch_size': 8, 'training_p': 4} because of the following error: The value nan is not acceptable.
[W 2023-12-04 01:15:03,775] Trial 33 failed with value tensor(nan, device='cuda:0', grad_fn=<DivBackward0>).
Time for this trial:  1.4005262851715088
Memory status after this trial: 
Memory allocated:  154.42822265625
Memory cached:  186.0
--------------------  Trial  34   --------------------
Start timing: 
Parameters: 
{'W_layers': 4, 'W_layer_units_exponent_0': 8, 'W_layer_units_exponent_1': 4, 'W_layer_units_exponent_2': 6, 'W_layer_units_exponent_3': 8, 'D_layers': 3, 'D_layer_units_exponent_0': 10, 'D_layer_units_exponent_1': 6, 'D_layer_units_exponent_2': 7, 'log_learning_rate': -3.1167367898586136, 'log_learning_rate_D': -3.6835179203721973, 'training_batch_size': 8, 'training_p': 4}
	 epoch  0 training error:  tensor(0.9835, device='cuda:0', grad_fn=<DivBackward0>)
Memory status after this epoch: 
Memory allocated:  118.458984375
Memory cached:  186.0
	 epoch  10 training error:  tensor(0.4446, device='cuda:0', grad_fn=<DivBackward0>)
Memory status after this epoch: 
Memory allocated:  118.458984375
Memory cached:  188.0
	 epoch  20 training error:  tensor(0.1909, device='cuda:0', grad_fn=<DivBackward0>)
Memory status after this epoch: 
Memory allocated:  118.458984375
Memory cached:  188.0
	 epoch  30 training error:  tensor(0.1585, device='cuda:0', grad_fn=<DivBackward0>)
Memory status after this epoch: 
Memory allocated:  118.458984375
Memory cached:  188.0
	 epoch  40 training error:  tensor(0.1450, device='cuda:0', grad_fn=<DivBackward0>)
Memory status after this epoch: 
Memory allocated:  118.458984375
Memory cached:  188.0
	 epoch  50 training error:  tensor(0.1273, device='cuda:0', grad_fn=<DivBackward0>)
Memory status after this epoch: 
Memory allocated:  118.458984375
Memory cached:  188.0
	 epoch  60 training error:  tensor(0.1137, device='cuda:0', grad_fn=<DivBackward0>)
Memory status after this epoch: 
Memory allocated:  118.458984375
Memory cached:  188.0
	 epoch  70 training error:  tensor(0.0941, device='cuda:0', grad_fn=<DivBackward0>)
Memory status after this epoch: 
Memory allocated:  118.458984375
Memory cached:  188.0
	 epoch  80 training error:  tensor(0.0719, device='cuda:0', grad_fn=<DivBackward0>)
Memory status after this epoch: 
Memory allocated:  118.458984375
Memory cached:  188.0
	 epoch  90 training error:  tensor(0.0411, device='cuda:0', grad_fn=<DivBackward0>)
Memory status after this epoch: 
Memory allocated:  118.458984375
Memory cached:  188.0
[I 2023-12-04 01:15:43,309] Trial 34 finished with value: 0.022052593529224396 and parameters: {'W_layers': 4, 'W_layer_units_exponent_0': 8, 'W_layer_units_exponent_1': 4, 'W_layer_units_exponent_2': 6, 'W_layer_units_exponent_3': 8, 'D_layers': 3, 'D_layer_units_exponent_0': 10, 'D_layer_units_exponent_1': 6, 'D_layer_units_exponent_2': 7, 'log_learning_rate': -3.1167367898586136, 'log_learning_rate_D': -3.6835179203721973, 'training_batch_size': 8, 'training_p': 4}. Best is trial 21 with value: 0.010489757172763348.
Time for this trial:  39.376545429229736
Memory status after this trial: 
Memory allocated:  158.91845703125
Memory cached:  188.0
--------------------  Trial  35   --------------------
Start timing: 
Parameters: 
{'W_layers': 7, 'W_layer_units_exponent_0': 5, 'W_layer_units_exponent_1': 8, 'W_layer_units_exponent_2': 10, 'W_layer_units_exponent_3': 5, 'W_layer_units_exponent_4': 4, 'W_layer_units_exponent_5': 10, 'W_layer_units_exponent_6': 6, 'D_layers': 6, 'D_layer_units_exponent_0': 6, 'D_layer_units_exponent_1': 9, 'D_layer_units_exponent_2': 9, 'D_layer_units_exponent_3': 4, 'D_layer_units_exponent_4': 6, 'D_layer_units_exponent_5': 7, 'log_learning_rate': -1.1383904504141378, 'log_learning_rate_D': -1.4330470684057897, 'training_batch_size': 8, 'training_p': 6}
	 epoch  0 training error:  tensor(1.0476, device='cuda:0', grad_fn=<DivBackward0>)
Memory status after this epoch: 
Memory allocated:  127.580078125
Memory cached:  188.0
[W 2023-12-04 01:15:45,887] Trial 35 failed with parameters: {'W_layers': 7, 'W_layer_units_exponent_0': 5, 'W_layer_units_exponent_1': 8, 'W_layer_units_exponent_2': 10, 'W_layer_units_exponent_3': 5, 'W_layer_units_exponent_4': 4, 'W_layer_units_exponent_5': 10, 'W_layer_units_exponent_6': 6, 'D_layers': 6, 'D_layer_units_exponent_0': 6, 'D_layer_units_exponent_1': 9, 'D_layer_units_exponent_2': 9, 'D_layer_units_exponent_3': 4, 'D_layer_units_exponent_4': 6, 'D_layer_units_exponent_5': 7, 'log_learning_rate': -1.1383904504141378, 'log_learning_rate_D': -1.4330470684057897, 'training_batch_size': 8, 'training_p': 6} because of the following error: The value nan is not acceptable.
[W 2023-12-04 01:15:45,887] Trial 35 failed with value tensor(nan, device='cuda:0', grad_fn=<DivBackward0>).
Time for this trial:  2.3825950622558594
Memory status after this trial: 
Memory allocated:  207.8447265625
Memory cached:  240.0
--------------------  Trial  36   --------------------
Start timing: 
Parameters: 
{'W_layers': 7, 'W_layer_units_exponent_0': 5, 'W_layer_units_exponent_1': 8, 'W_layer_units_exponent_2': 10, 'W_layer_units_exponent_3': 5, 'W_layer_units_exponent_4': 4, 'W_layer_units_exponent_5': 10, 'W_layer_units_exponent_6': 6, 'D_layers': 6, 'D_layer_units_exponent_0': 6, 'D_layer_units_exponent_1': 9, 'D_layer_units_exponent_2': 9, 'D_layer_units_exponent_3': 4, 'D_layer_units_exponent_4': 6, 'D_layer_units_exponent_5': 7, 'log_learning_rate': -1.0354647093624987, 'log_learning_rate_D': -1.013934224688522, 'training_batch_size': 8, 'training_p': 6}
	 epoch  0 training error:  tensor(1.0409, device='cuda:0', grad_fn=<DivBackward0>)
Memory status after this epoch: 
Memory allocated:  127.580078125
Memory cached:  188.0
[W 2023-12-04 01:15:47,990] Trial 36 failed with parameters: {'W_layers': 7, 'W_layer_units_exponent_0': 5, 'W_layer_units_exponent_1': 8, 'W_layer_units_exponent_2': 10, 'W_layer_units_exponent_3': 5, 'W_layer_units_exponent_4': 4, 'W_layer_units_exponent_5': 10, 'W_layer_units_exponent_6': 6, 'D_layers': 6, 'D_layer_units_exponent_0': 6, 'D_layer_units_exponent_1': 9, 'D_layer_units_exponent_2': 9, 'D_layer_units_exponent_3': 4, 'D_layer_units_exponent_4': 6, 'D_layer_units_exponent_5': 7, 'log_learning_rate': -1.0354647093624987, 'log_learning_rate_D': -1.013934224688522, 'training_batch_size': 8, 'training_p': 6} because of the following error: The value nan is not acceptable.
[W 2023-12-04 01:15:47,991] Trial 36 failed with value tensor(nan, device='cuda:0', grad_fn=<DivBackward0>).
Time for this trial:  1.9081218242645264
Memory status after this trial: 
Memory allocated:  207.8447265625
Memory cached:  240.0
--------------------  Trial  37   --------------------
Start timing: 
Parameters: 
{'W_layers': 7, 'W_layer_units_exponent_0': 4, 'W_layer_units_exponent_1': 8, 'W_layer_units_exponent_2': 10, 'W_layer_units_exponent_3': 5, 'W_layer_units_exponent_4': 4, 'W_layer_units_exponent_5': 10, 'W_layer_units_exponent_6': 6, 'D_layers': 6, 'D_layer_units_exponent_0': 6, 'D_layer_units_exponent_1': 9, 'D_layer_units_exponent_2': 9, 'D_layer_units_exponent_3': 4, 'D_layer_units_exponent_4': 6, 'D_layer_units_exponent_5': 7, 'log_learning_rate': -2.247675891138526, 'log_learning_rate_D': -2.9916029629150733, 'training_batch_size': 8, 'training_p': 6}
	 epoch  0 training error:  tensor(1.0718, device='cuda:0', grad_fn=<DivBackward0>)
Memory status after this epoch: 
Memory allocated:  127.515625
Memory cached:  188.0
	 epoch  10 training error:  tensor(0.1946, device='cuda:0', grad_fn=<DivBackward0>)
Memory status after this epoch: 
Memory allocated:  127.515625
Memory cached:  190.0
	 epoch  20 training error:  tensor(0.1528, device='cuda:0', grad_fn=<DivBackward0>)
Memory status after this epoch: 
Memory allocated:  127.515625
Memory cached:  190.0
	 epoch  30 training error:  tensor(0.1470, device='cuda:0', grad_fn=<DivBackward0>)
Memory status after this epoch: 
Memory allocated:  127.515625
Memory cached:  190.0
	 epoch  40 training error:  tensor(0.1242, device='cuda:0', grad_fn=<DivBackward0>)
Memory status after this epoch: 
Memory allocated:  127.515625
Memory cached:  190.0
	 epoch  50 training error:  tensor(0.0931, device='cuda:0', grad_fn=<DivBackward0>)
Memory status after this epoch: 
Memory allocated:  127.515625
Memory cached:  190.0
	 epoch  60 training error:  tensor(0.0676, device='cuda:0', grad_fn=<DivBackward0>)
Memory status after this epoch: 
Memory allocated:  127.515625
Memory cached:  190.0
	 epoch  70 training error:  tensor(0.0730, device='cuda:0', grad_fn=<DivBackward0>)
Memory status after this epoch: 
Memory allocated:  127.515625
Memory cached:  190.0
	 epoch  80 training error:  tensor(0.0922, device='cuda:0', grad_fn=<DivBackward0>)
Memory status after this epoch: 
Memory allocated:  127.515625
Memory cached:  190.0
	 epoch  90 training error:  tensor(0.0834, device='cuda:0', grad_fn=<DivBackward0>)
Memory status after this epoch: 
Memory allocated:  127.515625
Memory cached:  190.0
