[I 2024-01-02 02:56:26,248] Trial 399 finished with value: 0.2853504419326782 and parameters: {'W_layers': 5, 'W_layer_units_exponent_0': 7, 'W_layer_units_exponent_1': 10, 'W_layer_units_exponent_2': 6, 'W_layer_units_exponent_3': 6, 'W_layer_units_exponent_4': 5, 'D_layers': 5, 'D_layer_units_exponent_0': 6, 'D_layer_units_exponent_1': 9, 'D_layer_units_exponent_2': 10, 'D_layer_units_exponent_3': 9, 'D_layer_units_exponent_4': 5, 'D_dagger_layers': 3, 'D_dagger_layer_units_exponent_0': 10, 'D_dagger_layer_units_exponent_1': 4, 'D_dagger_layer_units_exponent_2': 5, 'log_learning_rate': -2.54845665017438, 'log_learning_rate_D': -3.9886634848013056, 'log_learning_rate_D_dagger': -2.2592555547299873, 'training_batch_size': 6, 'training_p': 8}. Best is trial 220 with value: 0.11745021492242813.
Time for this trial:  328.5809442996979
Memory status after this trial: 
Memory allocated:  452.80859375
Memory cached:  468.0
--------------------  Trial  400   --------------------
Start timing: 
Parameters: 
{'W_layers': 5, 'W_layer_units_exponent_0': 8, 'W_layer_units_exponent_1': 10, 'W_layer_units_exponent_2': 6, 'W_layer_units_exponent_3': 7, 'W_layer_units_exponent_4': 5, 'D_layers': 5, 'D_layer_units_exponent_0': 10, 'D_layer_units_exponent_1': 9, 'D_layer_units_exponent_2': 8, 'D_layer_units_exponent_3': 8, 'D_layer_units_exponent_4': 4, 'D_dagger_layers': 4, 'D_dagger_layer_units_exponent_0': 9, 'D_dagger_layer_units_exponent_1': 4, 'D_dagger_layer_units_exponent_2': 5, 'D_dagger_layer_units_exponent_3': 8, 'log_learning_rate': -1.5447011891990123, 'log_learning_rate_D': -3.9124021125305144, 'log_learning_rate_D_dagger': -2.685150686298073, 'training_batch_size': 7, 'training_p': 5}
	 epoch  0 training error:  tensor(1.0251, device='cuda:0', grad_fn=<DivBackward0>)
Memory status after this epoch: 
Memory allocated:  218.86376953125
Memory cached:  416.0
	 epoch  10 training error:  tensor(2.0093, device='cuda:0', grad_fn=<DivBackward0>)
Memory status after this epoch: 
Memory allocated:  218.86376953125
Memory cached:  472.0
	 epoch  20 training error:  tensor(1.0533, device='cuda:0', grad_fn=<DivBackward0>)
Memory status after this epoch: 
Memory allocated:  218.86376953125
Memory cached:  476.0
	 epoch  30 training error:  tensor(0.6631, device='cuda:0', grad_fn=<DivBackward0>)
Memory status after this epoch: 
Memory allocated:  218.86376953125
Memory cached:  474.0
	 epoch  40 training error:  tensor(0.5911, device='cuda:0', grad_fn=<DivBackward0>)
Memory status after this epoch: 
Memory allocated:  218.86376953125
Memory cached:  470.0
	 epoch  50 training error:  tensor(0.4887, device='cuda:0', grad_fn=<DivBackward0>)
Memory status after this epoch: 
Memory allocated:  218.86376953125
Memory cached:  472.0
	 epoch  60 training error:  tensor(0.4798, device='cuda:0', grad_fn=<DivBackward0>)
Memory status after this epoch: 
Memory allocated:  218.86376953125
Memory cached:  478.0
	 epoch  70 training error:  tensor(0.4787, device='cuda:0', grad_fn=<DivBackward0>)
Memory status after this epoch: 
Memory allocated:  218.86376953125
Memory cached:  470.0
	 epoch  80 training error:  tensor(0.4714, device='cuda:0', grad_fn=<DivBackward0>)
Memory status after this epoch: 
Memory allocated:  218.86376953125
Memory cached:  474.0
	 epoch  90 training error:  tensor(0.4686, device='cuda:0', grad_fn=<DivBackward0>)
Memory status after this epoch: 
Memory allocated:  218.86376953125
Memory cached:  476.0
[I 2024-01-02 02:59:47,621] Trial 400 finished with value: 0.37304791808128357 and parameters: {'W_layers': 5, 'W_layer_units_exponent_0': 8, 'W_layer_units_exponent_1': 10, 'W_layer_units_exponent_2': 6, 'W_layer_units_exponent_3': 7, 'W_layer_units_exponent_4': 5, 'D_layers': 5, 'D_layer_units_exponent_0': 10, 'D_layer_units_exponent_1': 9, 'D_layer_units_exponent_2': 8, 'D_layer_units_exponent_3': 8, 'D_layer_units_exponent_4': 4, 'D_dagger_layers': 4, 'D_dagger_layer_units_exponent_0': 9, 'D_dagger_layer_units_exponent_1': 4, 'D_dagger_layer_units_exponent_2': 5, 'D_dagger_layer_units_exponent_3': 8, 'log_learning_rate': -1.5447011891990123, 'log_learning_rate_D': -3.9124021125305144, 'log_learning_rate_D_dagger': -2.685150686298073, 'training_batch_size': 7, 'training_p': 5}. Best is trial 220 with value: 0.11745021492242813.
Time for this trial:  200.86049938201904
Memory status after this trial: 
Memory allocated:  441.8701171875
Memory cached:  464.0
--------------------  Trial  401   --------------------
Start timing: 
Parameters: 
{'W_layers': 4, 'W_layer_units_exponent_0': 7, 'W_layer_units_exponent_1': 6, 'W_layer_units_exponent_2': 6, 'W_layer_units_exponent_3': 6, 'D_layers': 5, 'D_layer_units_exponent_0': 7, 'D_layer_units_exponent_1': 9, 'D_layer_units_exponent_2': 10, 'D_layer_units_exponent_3': 8, 'D_layer_units_exponent_4': 5, 'D_dagger_layers': 3, 'D_dagger_layer_units_exponent_0': 10, 'D_dagger_layer_units_exponent_1': 7, 'D_dagger_layer_units_exponent_2': 5, 'log_learning_rate': -3.140021189584125, 'log_learning_rate_D': -4.272664981272325, 'log_learning_rate_D_dagger': -2.8262334555787394, 'training_batch_size': 9, 'training_p': 7}
	 epoch  0 training error:  tensor(0.9573, device='cuda:0', grad_fn=<DivBackward0>)
Memory status after this epoch: 
Memory allocated:  217.77587890625
Memory cached:  396.0
	 epoch  10 training error:  tensor(0.5604, device='cuda:0', grad_fn=<DivBackward0>)
Memory status after this epoch: 
Memory allocated:  217.77587890625
Memory cached:  396.0
	 epoch  20 training error:  tensor(0.5422, device='cuda:0', grad_fn=<DivBackward0>)
Memory status after this epoch: 
Memory allocated:  217.77587890625
Memory cached:  396.0
	 epoch  30 training error:  tensor(0.5424, device='cuda:0', grad_fn=<DivBackward0>)
Memory status after this epoch: 
Memory allocated:  217.77587890625
Memory cached:  396.0
	 epoch  40 training error:  tensor(0.5494, device='cuda:0', grad_fn=<DivBackward0>)
Memory status after this epoch: 
Memory allocated:  217.77587890625
Memory cached:  396.0
	 epoch  50 training error:  tensor(0.5359, device='cuda:0', grad_fn=<DivBackward0>)
Memory status after this epoch: 
Memory allocated:  217.77587890625
Memory cached:  396.0
	 epoch  60 training error:  tensor(0.5306, device='cuda:0', grad_fn=<DivBackward0>)
Memory status after this epoch: 
Memory allocated:  217.77587890625
Memory cached:  396.0
	 epoch  70 training error:  tensor(0.5354, device='cuda:0', grad_fn=<DivBackward0>)
Memory status after this epoch: 
Memory allocated:  217.77587890625
Memory cached:  396.0
	 epoch  80 training error:  tensor(0.5361, device='cuda:0', grad_fn=<DivBackward0>)
Memory status after this epoch: 
Memory allocated:  217.77587890625
Memory cached:  396.0
	 epoch  90 training error:  tensor(0.5347, device='cuda:0', grad_fn=<DivBackward0>)
Memory status after this epoch: 
Memory allocated:  217.77587890625
Memory cached:  396.0
[I 2024-01-02 03:02:46,188] Trial 401 finished with value: 0.4122285842895508 and parameters: {'W_layers': 4, 'W_layer_units_exponent_0': 7, 'W_layer_units_exponent_1': 6, 'W_layer_units_exponent_2': 6, 'W_layer_units_exponent_3': 6, 'D_layers': 5, 'D_layer_units_exponent_0': 7, 'D_layer_units_exponent_1': 9, 'D_layer_units_exponent_2': 10, 'D_layer_units_exponent_3': 8, 'D_layer_units_exponent_4': 5, 'D_dagger_layers': 3, 'D_dagger_layer_units_exponent_0': 10, 'D_dagger_layer_units_exponent_1': 7, 'D_dagger_layer_units_exponent_2': 5, 'log_learning_rate': -3.140021189584125, 'log_learning_rate_D': -4.272664981272325, 'log_learning_rate_D_dagger': -2.8262334555787394, 'training_batch_size': 9, 'training_p': 7}. Best is trial 220 with value: 0.11745021492242813.
[I 2024-01-02 03:02:46,315] Using an existing study with name 'my_study' instead of creating a new one.
Time for this trial:  178.0447325706482
Memory status after this trial: 
Memory allocated:  392.853515625
Memory cached:  414.0
--------------------  Trial  202   --------------------
Start timing: 
Parameters: 
{'W_layers': 7, 'W_layer_units_exponent_0': 6, 'W_layer_units_exponent_1': 9, 'W_layer_units_exponent_2': 4, 'W_layer_units_exponent_3': 9, 'W_layer_units_exponent_4': 7, 'W_layer_units_exponent_5': 5, 'W_layer_units_exponent_6': 10, 'D_layers': 7, 'D_layer_units_exponent_0': 9, 'D_layer_units_exponent_1': 9, 'D_layer_units_exponent_2': 7, 'D_layer_units_exponent_3': 8, 'D_layer_units_exponent_4': 5, 'D_layer_units_exponent_5': 5, 'D_layer_units_exponent_6': 7, 'D_dagger_layers': 4, 'D_dagger_layer_units_exponent_0': 8, 'D_dagger_layer_units_exponent_1': 10, 'D_dagger_layer_units_exponent_2': 8, 'D_dagger_layer_units_exponent_3': 4, 'log_learning_rate': -3.380401891988103, 'log_learning_rate_D': -1.4835345451304198, 'log_learning_rate_D_dagger': -3.9617097911494663, 'training_batch_size': 10, 'training_p': 2}
/home/shengduo/anaconda3/lib/python3.9/site-packages/torch/nn/init.py:405: UserWarning: Initializing zero-element tensors is a no-op
  warnings.warn("Initializing zero-element tensors is a no-op")
	 epoch  0 training error:  tensor(1.0732, device='cuda:0', grad_fn=<DivBackward0>)
Memory status after this epoch: 
Memory allocated:  12.0517578125
Memory cached:  18.0
	 epoch  10 training error:  tensor(0.3523, device='cuda:0', grad_fn=<DivBackward0>)
Memory status after this epoch: 
Memory allocated:  12.0517578125
Memory cached:  20.0
	 epoch  20 training error:  tensor(0.3074, device='cuda:0', grad_fn=<DivBackward0>)
Memory status after this epoch: 
Memory allocated:  12.0517578125
Memory cached:  20.0
	 epoch  30 training error:  tensor(0.2924, device='cuda:0', grad_fn=<DivBackward0>)
Memory status after this epoch: 
Memory allocated:  12.0517578125
Memory cached:  20.0
	 epoch  40 training error:  tensor(0.2870, device='cuda:0', grad_fn=<DivBackward0>)
Memory status after this epoch: 
Memory allocated:  12.0517578125
Memory cached:  20.0
	 epoch  50 training error:  tensor(0.2886, device='cuda:0', grad_fn=<DivBackward0>)
Memory status after this epoch: 
Memory allocated:  12.0517578125
Memory cached:  20.0
	 epoch  60 training error:  tensor(0.2856, device='cuda:0', grad_fn=<DivBackward0>)
Memory status after this epoch: 
Memory allocated:  12.0517578125
Memory cached:  20.0
	 epoch  70 training error:  tensor(0.2848, device='cuda:0', grad_fn=<DivBackward0>)
Memory status after this epoch: 
Memory allocated:  12.0517578125
Memory cached:  20.0
	 epoch  80 training error:  tensor(0.2899, device='cuda:0', grad_fn=<DivBackward0>)
Memory status after this epoch: 
Memory allocated:  12.0517578125
Memory cached:  20.0
	 epoch  90 training error:  tensor(0.2849, device='cuda:0', grad_fn=<DivBackward0>)
Memory status after this epoch: 
Memory allocated:  12.0517578125
Memory cached:  20.0
[I 2024-01-02 03:03:09,860] Trial 202 finished with value: 0.32636910676956177 and parameters: {'W_layers': 7, 'W_layer_units_exponent_0': 6, 'W_layer_units_exponent_1': 9, 'W_layer_units_exponent_2': 4, 'W_layer_units_exponent_3': 9, 'W_layer_units_exponent_4': 7, 'W_layer_units_exponent_5': 5, 'W_layer_units_exponent_6': 10, 'D_layers': 7, 'D_layer_units_exponent_0': 9, 'D_layer_units_exponent_1': 9, 'D_layer_units_exponent_2': 7, 'D_layer_units_exponent_3': 8, 'D_layer_units_exponent_4': 5, 'D_layer_units_exponent_5': 5, 'D_layer_units_exponent_6': 7, 'D_dagger_layers': 4, 'D_dagger_layer_units_exponent_0': 8, 'D_dagger_layer_units_exponent_1': 10, 'D_dagger_layer_units_exponent_2': 8, 'D_dagger_layer_units_exponent_3': 4, 'log_learning_rate': -3.380401891988103, 'log_learning_rate_D': -1.4835345451304198, 'log_learning_rate_D_dagger': -3.9617097911494663, 'training_batch_size': 10, 'training_p': 2}. Best is trial 143 with value: 0.325590580701828.
res:  tensor(0.3264, device='cuda:0', grad_fn=<DivBackward0>)
self.bestValue:  10000000.0
Save this model!
Time for this trial:  22.750825881958008
Memory status after this trial: 
Memory allocated:  207.1337890625
Memory cached:  224.0
--------------------  Trial  203   --------------------
Start timing: 
Parameters: 
{'W_layers': 7, 'W_layer_units_exponent_0': 6, 'W_layer_units_exponent_1': 9, 'W_layer_units_exponent_2': 4, 'W_layer_units_exponent_3': 9, 'W_layer_units_exponent_4': 7, 'W_layer_units_exponent_5': 5, 'W_layer_units_exponent_6': 10, 'D_layers': 7, 'D_layer_units_exponent_0': 9, 'D_layer_units_exponent_1': 9, 'D_layer_units_exponent_2': 7, 'D_layer_units_exponent_3': 8, 'D_layer_units_exponent_4': 5, 'D_layer_units_exponent_5': 5, 'D_layer_units_exponent_6': 7, 'D_dagger_layers': 4, 'D_dagger_layer_units_exponent_0': 8, 'D_dagger_layer_units_exponent_1': 10, 'D_dagger_layer_units_exponent_2': 8, 'D_dagger_layer_units_exponent_3': 4, 'log_learning_rate': -3.3865508578936687, 'log_learning_rate_D': -1.5325288579742093, 'log_learning_rate_D_dagger': -3.98787315019511, 'training_batch_size': 10, 'training_p': 2}
	 epoch  0 training error:  tensor(1.0362, device='cuda:0', grad_fn=<DivBackward0>)
Memory status after this epoch: 
Memory allocated:  219.06201171875
Memory cached:  234.0
	 epoch  10 training error:  tensor(0.3334, device='cuda:0', grad_fn=<DivBackward0>)
Memory status after this epoch: 
Memory allocated:  219.06201171875
Memory cached:  240.0
	 epoch  20 training error:  tensor(0.3123, device='cuda:0', grad_fn=<DivBackward0>)
Memory status after this epoch: 
Memory allocated:  219.06201171875
Memory cached:  240.0
	 epoch  30 training error:  tensor(0.2939, device='cuda:0', grad_fn=<DivBackward0>)
Memory status after this epoch: 
Memory allocated:  219.06201171875
Memory cached:  240.0
	 epoch  40 training error:  tensor(0.2948, device='cuda:0', grad_fn=<DivBackward0>)
Memory status after this epoch: 
Memory allocated:  219.06201171875
Memory cached:  240.0
	 epoch  50 training error:  tensor(0.2912, device='cuda:0', grad_fn=<DivBackward0>)
Memory status after this epoch: 
Memory allocated:  219.06201171875
Memory cached:  240.0
	 epoch  60 training error:  tensor(0.2889, device='cuda:0', grad_fn=<DivBackward0>)
Memory status after this epoch: 
Memory allocated:  219.06201171875
Memory cached:  240.0
	 epoch  70 training error:  tensor(0.2894, device='cuda:0', grad_fn=<DivBackward0>)
Memory status after this epoch: 
Memory allocated:  219.06201171875
Memory cached:  240.0
	 epoch  80 training error:  tensor(0.2848, device='cuda:0', grad_fn=<DivBackward0>)
Memory status after this epoch: 
Memory allocated:  219.06201171875
Memory cached:  240.0
	 epoch  90 training error:  tensor(0.2852, device='cuda:0', grad_fn=<DivBackward0>)
Memory status after this epoch: 
Memory allocated:  219.06201171875
Memory cached:  240.0
[I 2024-01-02 03:03:32,975] Trial 203 finished with value: 0.326975017786026 and parameters: {'W_layers': 7, 'W_layer_units_exponent_0': 6, 'W_layer_units_exponent_1': 9, 'W_layer_units_exponent_2': 4, 'W_layer_units_exponent_3': 9, 'W_layer_units_exponent_4': 7, 'W_layer_units_exponent_5': 5, 'W_layer_units_exponent_6': 10, 'D_layers': 7, 'D_layer_units_exponent_0': 9, 'D_layer_units_exponent_1': 9, 'D_layer_units_exponent_2': 7, 'D_layer_units_exponent_3': 8, 'D_layer_units_exponent_4': 5, 'D_layer_units_exponent_5': 5, 'D_layer_units_exponent_6': 7, 'D_dagger_layers': 4, 'D_dagger_layer_units_exponent_0': 8, 'D_dagger_layer_units_exponent_1': 10, 'D_dagger_layer_units_exponent_2': 8, 'D_dagger_layer_units_exponent_3': 4, 'log_learning_rate': -3.3865508578936687, 'log_learning_rate_D': -1.5325288579742093, 'log_learning_rate_D_dagger': -3.98787315019511, 'training_batch_size': 10, 'training_p': 2}. Best is trial 143 with value: 0.325590580701828.
Time for this trial:  22.693934202194214
Memory status after this trial: 
Memory allocated:  413.67529296875
Memory cached:  438.0
--------------------  Trial  204   --------------------
Start timing: 
Parameters: 
{'W_layers': 7, 'W_layer_units_exponent_0': 6, 'W_layer_units_exponent_1': 9, 'W_layer_units_exponent_2': 4, 'W_layer_units_exponent_3': 9, 'W_layer_units_exponent_4': 7, 'W_layer_units_exponent_5': 5, 'W_layer_units_exponent_6': 9, 'D_layers': 7, 'D_layer_units_exponent_0': 9, 'D_layer_units_exponent_1': 8, 'D_layer_units_exponent_2': 7, 'D_layer_units_exponent_3': 8, 'D_layer_units_exponent_4': 5, 'D_layer_units_exponent_5': 5, 'D_layer_units_exponent_6': 7, 'D_dagger_layers': 4, 'D_dagger_layer_units_exponent_0': 8, 'D_dagger_layer_units_exponent_1': 10, 'D_dagger_layer_units_exponent_2': 8, 'D_dagger_layer_units_exponent_3': 4, 'log_learning_rate': -3.331708456563683, 'log_learning_rate_D': -1.2297476860773653, 'log_learning_rate_D_dagger': -3.8749101932247743, 'training_batch_size': 10, 'training_p': 2}
	 epoch  0 training error:  tensor(1.1088, device='cuda:0', grad_fn=<DivBackward0>)
Memory status after this epoch: 
Memory allocated:  218.17041015625
Memory cached:  232.0
	 epoch  10 training error:  tensor(0.3541, device='cuda:0', grad_fn=<DivBackward0>)
Memory status after this epoch: 
Memory allocated:  218.17041015625
Memory cached:  234.0
	 epoch  20 training error:  tensor(0.3021, device='cuda:0', grad_fn=<DivBackward0>)
Memory status after this epoch: 
Memory allocated:  218.17041015625
Memory cached:  234.0
	 epoch  30 training error:  tensor(0.2984, device='cuda:0', grad_fn=<DivBackward0>)
Memory status after this epoch: 
Memory allocated:  218.17041015625
Memory cached:  234.0
	 epoch  40 training error:  tensor(0.2868, device='cuda:0', grad_fn=<DivBackward0>)
Memory status after this epoch: 
Memory allocated:  218.17041015625
Memory cached:  234.0
	 epoch  50 training error:  tensor(0.2884, device='cuda:0', grad_fn=<DivBackward0>)
Memory status after this epoch: 
Memory allocated:  218.17041015625
Memory cached:  234.0
	 epoch  60 training error:  tensor(0.2848, device='cuda:0', grad_fn=<DivBackward0>)
Memory status after this epoch: 
Memory allocated:  218.17041015625
Memory cached:  234.0
	 epoch  70 training error:  tensor(0.2851, device='cuda:0', grad_fn=<DivBackward0>)
Memory status after this epoch: 
Memory allocated:  218.17041015625
Memory cached:  234.0
	 epoch  80 training error:  tensor(0.2902, device='cuda:0', grad_fn=<DivBackward0>)
Memory status after this epoch: 
Memory allocated:  218.17041015625
Memory cached:  234.0
	 epoch  90 training error:  tensor(0.2856, device='cuda:0', grad_fn=<DivBackward0>)
Memory status after this epoch: 
Memory allocated:  218.17041015625
Memory cached:  234.0
