[I 2024-01-03 18:40:09,499] Trial 79 finished with value: 0.08162214607000351 and parameters: {'W_layers': 4, 'W_layer_units_exponent_0': 8, 'W_layer_units_exponent_1': 7, 'W_layer_units_exponent_2': 4, 'W_layer_units_exponent_3': 7, 'D_layers': 2, 'D_layer_units_exponent_0': 9, 'D_layer_units_exponent_1': 5, 'D_dagger_layers': 7, 'D_dagger_layer_units_exponent_0': 4, 'D_dagger_layer_units_exponent_1': 10, 'D_dagger_layer_units_exponent_2': 7, 'D_dagger_layer_units_exponent_3': 8, 'D_dagger_layer_units_exponent_4': 9, 'D_dagger_layer_units_exponent_5': 6, 'D_dagger_layer_units_exponent_6': 10, 'log_learning_rate': -4.182741647039111, 'log_learning_rate_D': -3.071352797475915, 'log_learning_rate_D_dagger': -3.103578844568556, 'training_batch_size': 11, 'training_p': 5}. Best is trial 79 with value: 0.08162214607000351.
res:  tensor(0.0816, device='cuda:0', grad_fn=<DivBackward0>)
self.bestValue:  tensor(0.0821, device='cuda:0', grad_fn=<DivBackward0>)
Save this model!
Time for this trial:  186.15442848205566
Memory status after this trial: 
Memory allocated:  213.77197265625
Memory cached:  490.0
--------------------  Trial  80   --------------------
Start timing: 
Parameters: 
{'W_layers': 4, 'W_layer_units_exponent_0': 7, 'W_layer_units_exponent_1': 7, 'W_layer_units_exponent_2': 4, 'W_layer_units_exponent_3': 7, 'D_layers': 2, 'D_layer_units_exponent_0': 9, 'D_layer_units_exponent_1': 5, 'D_dagger_layers': 7, 'D_dagger_layer_units_exponent_0': 4, 'D_dagger_layer_units_exponent_1': 10, 'D_dagger_layer_units_exponent_2': 7, 'D_dagger_layer_units_exponent_3': 9, 'D_dagger_layer_units_exponent_4': 9, 'D_dagger_layer_units_exponent_5': 6, 'D_dagger_layer_units_exponent_6': 10, 'log_learning_rate': -4.215773739304094, 'log_learning_rate_D': -3.086332376518274, 'log_learning_rate_D_dagger': -2.7365454335638764, 'training_batch_size': 12, 'training_p': 5}
	 epoch  0 training error:  tensor(0.9610, device='cuda:0', grad_fn=<DivBackward0>)
Memory status after this epoch: 
Memory allocated:  223.24169921875
Memory cached:  496.0
	 epoch  10 training error:  tensor(0.3541, device='cuda:0', grad_fn=<DivBackward0>)
Memory status after this epoch: 
Memory allocated:  223.24169921875
Memory cached:  544.0
	 epoch  20 training error:  tensor(0.3226, device='cuda:0', grad_fn=<DivBackward0>)
Memory status after this epoch: 
Memory allocated:  223.24169921875
Memory cached:  536.0
	 epoch  30 training error:  tensor(0.1762, device='cuda:0', grad_fn=<DivBackward0>)
Memory status after this epoch: 
Memory allocated:  223.24169921875
Memory cached:  534.0
	 epoch  40 training error:  tensor(0.1767, device='cuda:0', grad_fn=<DivBackward0>)
Memory status after this epoch: 
Memory allocated:  223.24169921875
Memory cached:  544.0
	 epoch  50 training error:  tensor(0.1461, device='cuda:0', grad_fn=<DivBackward0>)
Memory status after this epoch: 
Memory allocated:  223.24169921875
Memory cached:  548.0
	 epoch  60 training error:  tensor(0.1285, device='cuda:0', grad_fn=<DivBackward0>)
Memory status after this epoch: 
Memory allocated:  223.24169921875
Memory cached:  534.0
	 epoch  70 training error:  tensor(0.1181, device='cuda:0', grad_fn=<DivBackward0>)
Memory status after this epoch: 
Memory allocated:  223.24169921875
Memory cached:  534.0
	 epoch  80 training error:  tensor(0.1078, device='cuda:0', grad_fn=<DivBackward0>)
Memory status after this epoch: 
Memory allocated:  223.24169921875
Memory cached:  536.0
	 epoch  90 training error:  tensor(0.1096, device='cuda:0', grad_fn=<DivBackward0>)
Memory status after this epoch: 
Memory allocated:  223.24169921875
Memory cached:  538.0
[I 2024-01-03 18:43:14,319] Trial 80 finished with value: 0.08682961761951447 and parameters: {'W_layers': 4, 'W_layer_units_exponent_0': 7, 'W_layer_units_exponent_1': 7, 'W_layer_units_exponent_2': 4, 'W_layer_units_exponent_3': 7, 'D_layers': 2, 'D_layer_units_exponent_0': 9, 'D_layer_units_exponent_1': 5, 'D_dagger_layers': 7, 'D_dagger_layer_units_exponent_0': 4, 'D_dagger_layer_units_exponent_1': 10, 'D_dagger_layer_units_exponent_2': 7, 'D_dagger_layer_units_exponent_3': 9, 'D_dagger_layer_units_exponent_4': 9, 'D_dagger_layer_units_exponent_5': 6, 'D_dagger_layer_units_exponent_6': 10, 'log_learning_rate': -4.215773739304094, 'log_learning_rate_D': -3.086332376518274, 'log_learning_rate_D_dagger': -2.7365454335638764, 'training_batch_size': 12, 'training_p': 5}. Best is trial 79 with value: 0.08162214607000351.
Time for this trial:  184.48200249671936
Memory status after this trial: 
Memory allocated:  435.421875
Memory cached:  510.0
--------------------  Trial  81   --------------------
Start timing: 
Parameters: 
{'W_layers': 4, 'W_layer_units_exponent_0': 9, 'W_layer_units_exponent_1': 7, 'W_layer_units_exponent_2': 4, 'W_layer_units_exponent_3': 8, 'D_layers': 2, 'D_layer_units_exponent_0': 10, 'D_layer_units_exponent_1': 5, 'D_dagger_layers': 7, 'D_dagger_layer_units_exponent_0': 4, 'D_dagger_layer_units_exponent_1': 9, 'D_dagger_layer_units_exponent_2': 6, 'D_dagger_layer_units_exponent_3': 7, 'D_dagger_layer_units_exponent_4': 8, 'D_dagger_layer_units_exponent_5': 6, 'D_dagger_layer_units_exponent_6': 10, 'log_learning_rate': -3.51134926760727, 'log_learning_rate_D': -3.5333411562035106, 'log_learning_rate_D_dagger': -3.11918405166243, 'training_batch_size': 11, 'training_p': 4}
	 epoch  0 training error:  tensor(0.9893, device='cuda:0', grad_fn=<DivBackward0>)
Memory status after this epoch: 
Memory allocated:  218.06005859375
Memory cached:  502.0
	 epoch  10 training error:  tensor(0.2823, device='cuda:0', grad_fn=<DivBackward0>)
Memory status after this epoch: 
Memory allocated:  218.06005859375
Memory cached:  550.0
	 epoch  20 training error:  tensor(0.1794, device='cuda:0', grad_fn=<DivBackward0>)
Memory status after this epoch: 
Memory allocated:  218.06005859375
Memory cached:  540.0
	 epoch  30 training error:  tensor(0.1523, device='cuda:0', grad_fn=<DivBackward0>)
Memory status after this epoch: 
Memory allocated:  218.06005859375
Memory cached:  546.0
	 epoch  40 training error:  tensor(0.1351, device='cuda:0', grad_fn=<DivBackward0>)
Memory status after this epoch: 
Memory allocated:  218.06005859375
Memory cached:  546.0
	 epoch  50 training error:  tensor(0.1184, device='cuda:0', grad_fn=<DivBackward0>)
Memory status after this epoch: 
Memory allocated:  218.06005859375
Memory cached:  544.0
	 epoch  60 training error:  tensor(0.1144, device='cuda:0', grad_fn=<DivBackward0>)
Memory status after this epoch: 
Memory allocated:  218.06005859375
Memory cached:  550.0
	 epoch  70 training error:  tensor(0.1109, device='cuda:0', grad_fn=<DivBackward0>)
Memory status after this epoch: 
Memory allocated:  218.06005859375
Memory cached:  558.0
	 epoch  80 training error:  tensor(0.1122, device='cuda:0', grad_fn=<DivBackward0>)
Memory status after this epoch: 
Memory allocated:  218.06005859375
Memory cached:  558.0
	 epoch  90 training error:  tensor(0.1019, device='cuda:0', grad_fn=<DivBackward0>)
Memory status after this epoch: 
Memory allocated:  218.06005859375
Memory cached:  552.0
[I 2024-01-03 18:46:19,406] Trial 81 finished with value: 0.09355371445417404 and parameters: {'W_layers': 4, 'W_layer_units_exponent_0': 9, 'W_layer_units_exponent_1': 7, 'W_layer_units_exponent_2': 4, 'W_layer_units_exponent_3': 8, 'D_layers': 2, 'D_layer_units_exponent_0': 10, 'D_layer_units_exponent_1': 5, 'D_dagger_layers': 7, 'D_dagger_layer_units_exponent_0': 4, 'D_dagger_layer_units_exponent_1': 9, 'D_dagger_layer_units_exponent_2': 6, 'D_dagger_layer_units_exponent_3': 7, 'D_dagger_layer_units_exponent_4': 8, 'D_dagger_layer_units_exponent_5': 6, 'D_dagger_layer_units_exponent_6': 10, 'log_learning_rate': -3.51134926760727, 'log_learning_rate_D': -3.5333411562035106, 'log_learning_rate_D_dagger': -3.11918405166243, 'training_batch_size': 11, 'training_p': 4}. Best is trial 79 with value: 0.08162214607000351.
Time for this trial:  184.6860430240631
Memory status after this trial: 
Memory allocated:  421.3271484375
Memory cached:  512.0
--------------------  Trial  82   --------------------
Start timing: 
Parameters: 
{'W_layers': 5, 'W_layer_units_exponent_0': 8, 'W_layer_units_exponent_1': 6, 'W_layer_units_exponent_2': 5, 'W_layer_units_exponent_3': 7, 'W_layer_units_exponent_4': 5, 'D_layers': 2, 'D_layer_units_exponent_0': 10, 'D_layer_units_exponent_1': 5, 'D_dagger_layers': 7, 'D_dagger_layer_units_exponent_0': 4, 'D_dagger_layer_units_exponent_1': 10, 'D_dagger_layer_units_exponent_2': 8, 'D_dagger_layer_units_exponent_3': 8, 'D_dagger_layer_units_exponent_4': 9, 'D_dagger_layer_units_exponent_5': 7, 'D_dagger_layer_units_exponent_6': 9, 'log_learning_rate': -4.0173025513595775, 'log_learning_rate_D': -3.634834323792635, 'log_learning_rate_D_dagger': -3.3590256897225665, 'training_batch_size': 11, 'training_p': 5}
	 epoch  0 training error:  tensor(0.9990, device='cuda:0', grad_fn=<DivBackward0>)
Memory status after this epoch: 
Memory allocated:  224.11279296875
Memory cached:  492.0
	 epoch  10 training error:  tensor(0.2670, device='cuda:0', grad_fn=<DivBackward0>)
Memory status after this epoch: 
Memory allocated:  224.11279296875
Memory cached:  554.0
	 epoch  20 training error:  tensor(0.2105, device='cuda:0', grad_fn=<DivBackward0>)
Memory status after this epoch: 
Memory allocated:  224.11279296875
Memory cached:  554.0
	 epoch  30 training error:  tensor(0.1731, device='cuda:0', grad_fn=<DivBackward0>)
Memory status after this epoch: 
Memory allocated:  224.11279296875
Memory cached:  554.0
	 epoch  40 training error:  tensor(0.1602, device='cuda:0', grad_fn=<DivBackward0>)
Memory status after this epoch: 
Memory allocated:  224.11279296875
Memory cached:  554.0
	 epoch  50 training error:  tensor(0.1481, device='cuda:0', grad_fn=<DivBackward0>)
Memory status after this epoch: 
Memory allocated:  224.11279296875
Memory cached:  548.0
	 epoch  60 training error:  tensor(0.1397, device='cuda:0', grad_fn=<DivBackward0>)
Memory status after this epoch: 
Memory allocated:  224.11279296875
Memory cached:  548.0
	 epoch  70 training error:  tensor(0.1262, device='cuda:0', grad_fn=<DivBackward0>)
Memory status after this epoch: 
Memory allocated:  224.11279296875
Memory cached:  550.0
	 epoch  80 training error:  tensor(0.1129, device='cuda:0', grad_fn=<DivBackward0>)
Memory status after this epoch: 
Memory allocated:  224.11279296875
Memory cached:  546.0
	 epoch  90 training error:  tensor(0.1041, device='cuda:0', grad_fn=<DivBackward0>)
Memory status after this epoch: 
Memory allocated:  224.11279296875
Memory cached:  552.0
[I 2024-01-03 18:49:32,901] Trial 82 finished with value: 0.09357943385839462 and parameters: {'W_layers': 5, 'W_layer_units_exponent_0': 8, 'W_layer_units_exponent_1': 6, 'W_layer_units_exponent_2': 5, 'W_layer_units_exponent_3': 7, 'W_layer_units_exponent_4': 5, 'D_layers': 2, 'D_layer_units_exponent_0': 10, 'D_layer_units_exponent_1': 5, 'D_dagger_layers': 7, 'D_dagger_layer_units_exponent_0': 4, 'D_dagger_layer_units_exponent_1': 10, 'D_dagger_layer_units_exponent_2': 8, 'D_dagger_layer_units_exponent_3': 8, 'D_dagger_layer_units_exponent_4': 9, 'D_dagger_layer_units_exponent_5': 7, 'D_dagger_layer_units_exponent_6': 9, 'log_learning_rate': -4.0173025513595775, 'log_learning_rate_D': -3.634834323792635, 'log_learning_rate_D_dagger': -3.3590256897225665, 'training_batch_size': 11, 'training_p': 5}. Best is trial 79 with value: 0.08162214607000351.
Time for this trial:  193.0407555103302
Memory status after this trial: 
Memory allocated:  442.615234375
Memory cached:  518.0
--------------------  Trial  83   --------------------
Start timing: 
Parameters: 
{'W_layers': 6, 'W_layer_units_exponent_0': 8, 'W_layer_units_exponent_1': 6, 'W_layer_units_exponent_2': 4, 'W_layer_units_exponent_3': 7, 'W_layer_units_exponent_4': 6, 'W_layer_units_exponent_5': 7, 'D_layers': 3, 'D_layer_units_exponent_0': 10, 'D_layer_units_exponent_1': 6, 'D_layer_units_exponent_2': 9, 'D_dagger_layers': 6, 'D_dagger_layer_units_exponent_0': 6, 'D_dagger_layer_units_exponent_1': 10, 'D_dagger_layer_units_exponent_2': 7, 'D_dagger_layer_units_exponent_3': 8, 'D_dagger_layer_units_exponent_4': 9, 'D_dagger_layer_units_exponent_5': 8, 'log_learning_rate': -4.400805940817966, 'log_learning_rate_D': -3.382633240370406, 'log_learning_rate_D_dagger': -3.231741216895362, 'training_batch_size': 11, 'training_p': 5}
	 epoch  0 training error:  tensor(1.0201, device='cuda:0', grad_fn=<DivBackward0>)
Memory status after this epoch: 
Memory allocated:  223.51123046875
Memory cached:  494.0
	 epoch  10 training error:  tensor(0.2640, device='cuda:0', grad_fn=<DivBackward0>)
Memory status after this epoch: 
Memory allocated:  223.51123046875
Memory cached:  552.0
	 epoch  20 training error:  tensor(0.1837, device='cuda:0', grad_fn=<DivBackward0>)
Memory status after this epoch: 
Memory allocated:  223.51123046875
Memory cached:  554.0
	 epoch  30 training error:  tensor(0.1539, device='cuda:0', grad_fn=<DivBackward0>)
Memory status after this epoch: 
Memory allocated:  223.51123046875
Memory cached:  554.0
	 epoch  40 training error:  tensor(0.1322, device='cuda:0', grad_fn=<DivBackward0>)
Memory status after this epoch: 
Memory allocated:  223.51123046875
Memory cached:  548.0
	 epoch  50 training error:  tensor(0.1221, device='cuda:0', grad_fn=<DivBackward0>)
Memory status after this epoch: 
Memory allocated:  223.51123046875
Memory cached:  552.0
	 epoch  60 training error:  tensor(0.1152, device='cuda:0', grad_fn=<DivBackward0>)
Memory status after this epoch: 
Memory allocated:  223.51123046875
Memory cached:  558.0
	 epoch  70 training error:  tensor(0.1115, device='cuda:0', grad_fn=<DivBackward0>)
Memory status after this epoch: 
Memory allocated:  223.51123046875
Memory cached:  560.0
	 epoch  80 training error:  tensor(0.1138, device='cuda:0', grad_fn=<DivBackward0>)
Memory status after this epoch: 
Memory allocated:  223.51123046875
Memory cached:  560.0
	 epoch  90 training error:  tensor(0.1098, device='cuda:0', grad_fn=<DivBackward0>)
Memory status after this epoch: 
Memory allocated:  223.51123046875
Memory cached:  552.0
[I 2024-01-03 18:52:54,475] Trial 83 finished with value: 0.09141363203525543 and parameters: {'W_layers': 6, 'W_layer_units_exponent_0': 8, 'W_layer_units_exponent_1': 6, 'W_layer_units_exponent_2': 4, 'W_layer_units_exponent_3': 7, 'W_layer_units_exponent_4': 6, 'W_layer_units_exponent_5': 7, 'D_layers': 3, 'D_layer_units_exponent_0': 10, 'D_layer_units_exponent_1': 6, 'D_layer_units_exponent_2': 9, 'D_dagger_layers': 6, 'D_dagger_layer_units_exponent_0': 6, 'D_dagger_layer_units_exponent_1': 10, 'D_dagger_layer_units_exponent_2': 7, 'D_dagger_layer_units_exponent_3': 8, 'D_dagger_layer_units_exponent_4': 9, 'D_dagger_layer_units_exponent_5': 8, 'log_learning_rate': -4.400805940817966, 'log_learning_rate_D': -3.382633240370406, 'log_learning_rate_D_dagger': -3.231741216895362, 'training_batch_size': 11, 'training_p': 5}. Best is trial 79 with value: 0.08162214607000351.
Time for this trial:  201.13780522346497
Memory status after this trial: 
Memory allocated:  451.58203125
Memory cached:  512.0
--------------------  Trial  84   --------------------
Start timing: 
Parameters: 
{'W_layers': 6, 'W_layer_units_exponent_0': 7, 'W_layer_units_exponent_1': 9, 'W_layer_units_exponent_2': 5, 'W_layer_units_exponent_3': 7, 'W_layer_units_exponent_4': 4, 'W_layer_units_exponent_5': 7, 'D_layers': 2, 'D_layer_units_exponent_0': 10, 'D_layer_units_exponent_1': 5, 'D_dagger_layers': 7, 'D_dagger_layer_units_exponent_0': 5, 'D_dagger_layer_units_exponent_1': 10, 'D_dagger_layer_units_exponent_2': 7, 'D_dagger_layer_units_exponent_3': 8, 'D_dagger_layer_units_exponent_4': 8, 'D_dagger_layer_units_exponent_5': 7, 'D_dagger_layer_units_exponent_6': 10, 'log_learning_rate': -4.158300882396963, 'log_learning_rate_D': -3.6875250876845964, 'log_learning_rate_D_dagger': -3.4209783000751153, 'training_batch_size': 10, 'training_p': 5}
	 epoch  0 training error:  tensor(0.9861, device='cuda:0', grad_fn=<DivBackward0>)
Memory status after this epoch: 
Memory allocated:  222.34716796875
Memory cached:  494.0
	 epoch  10 training error:  tensor(0.2978, device='cuda:0', grad_fn=<DivBackward0>)
Memory status after this epoch: 
Memory allocated:  222.34716796875
Memory cached:  536.0
	 epoch  20 training error:  tensor(0.2049, device='cuda:0', grad_fn=<DivBackward0>)
Memory status after this epoch: 
Memory allocated:  222.34716796875
Memory cached:  542.0
	 epoch  30 training error:  tensor(0.1580, device='cuda:0', grad_fn=<DivBackward0>)
Memory status after this epoch: 
Memory allocated:  222.34716796875
Memory cached:  538.0
	 epoch  40 training error:  tensor(0.1388, device='cuda:0', grad_fn=<DivBackward0>)
Memory status after this epoch: 
Memory allocated:  222.34716796875
Memory cached:  546.0
	 epoch  50 training error:  tensor(0.1320, device='cuda:0', grad_fn=<DivBackward0>)
Memory status after this epoch: 
Memory allocated:  222.34716796875
Memory cached:  540.0
	 epoch  60 training error:  tensor(0.1231, device='cuda:0', grad_fn=<DivBackward0>)
Memory status after this epoch: 
Memory allocated:  222.34716796875
Memory cached:  538.0
	 epoch  70 training error:  tensor(0.1177, device='cuda:0', grad_fn=<DivBackward0>)
Memory status after this epoch: 
Memory allocated:  222.34716796875
Memory cached:  532.0
	 epoch  80 training error:  tensor(0.1137, device='cuda:0', grad_fn=<DivBackward0>)
Memory status after this epoch: 
Memory allocated:  222.34716796875
Memory cached:  542.0
	 epoch  90 training error:  tensor(0.1103, device='cuda:0', grad_fn=<DivBackward0>)
Memory status after this epoch: 
Memory allocated:  222.34716796875
Memory cached:  546.0
[I 2024-01-03 18:56:19,381] Trial 84 finished with value: 0.08499493449926376 and parameters: {'W_layers': 6, 'W_layer_units_exponent_0': 7, 'W_layer_units_exponent_1': 9, 'W_layer_units_exponent_2': 5, 'W_layer_units_exponent_3': 7, 'W_layer_units_exponent_4': 4, 'W_layer_units_exponent_5': 7, 'D_layers': 2, 'D_layer_units_exponent_0': 10, 'D_layer_units_exponent_1': 5, 'D_dagger_layers': 7, 'D_dagger_layer_units_exponent_0': 5, 'D_dagger_layer_units_exponent_1': 10, 'D_dagger_layer_units_exponent_2': 7, 'D_dagger_layer_units_exponent_3': 8, 'D_dagger_layer_units_exponent_4': 8, 'D_dagger_layer_units_exponent_5': 7, 'D_dagger_layer_units_exponent_6': 10, 'log_learning_rate': -4.158300882396963, 'log_learning_rate_D': -3.6875250876845964, 'log_learning_rate_D_dagger': -3.4209783000751153, 'training_batch_size': 10, 'training_p': 5}. Best is trial 79 with value: 0.08162214607000351.
Time for this trial:  204.50313997268677
Memory status after this trial: 
Memory allocated:  467.85546875
Memory cached:  514.0
--------------------  Trial  85   --------------------
Start timing: 
Parameters: 
{'W_layers': 6, 'W_layer_units_exponent_0': 7, 'W_layer_units_exponent_1': 9, 'W_layer_units_exponent_2': 5, 'W_layer_units_exponent_3': 6, 'W_layer_units_exponent_4': 4, 'W_layer_units_exponent_5': 7, 'D_layers': 2, 'D_layer_units_exponent_0': 10, 'D_layer_units_exponent_1': 5, 'D_dagger_layers': 7, 'D_dagger_layer_units_exponent_0': 5, 'D_dagger_layer_units_exponent_1': 10, 'D_dagger_layer_units_exponent_2': 7, 'D_dagger_layer_units_exponent_3': 9, 'D_dagger_layer_units_exponent_4': 8, 'D_dagger_layer_units_exponent_5': 6, 'D_dagger_layer_units_exponent_6': 10, 'log_learning_rate': -4.158277060131952, 'log_learning_rate_D': -3.2130860188136956, 'log_learning_rate_D_dagger': -3.408976839989523, 'training_batch_size': 10, 'training_p': 5}
	 epoch  0 training error:  tensor(1.0164, device='cuda:0', grad_fn=<DivBackward0>)
Memory status after this epoch: 
Memory allocated:  222.55419921875
Memory cached:  498.0
	 epoch  10 training error:  tensor(0.2449, device='cuda:0', grad_fn=<DivBackward0>)
Memory status after this epoch: 
Memory allocated:  222.55419921875
Memory cached:  532.0
	 epoch  20 training error:  tensor(0.1752, device='cuda:0', grad_fn=<DivBackward0>)
Memory status after this epoch: 
Memory allocated:  222.55419921875
Memory cached:  532.0
	 epoch  30 training error:  tensor(0.1662, device='cuda:0', grad_fn=<DivBackward0>)
Memory status after this epoch: 
Memory allocated:  222.55419921875
Memory cached:  536.0
	 epoch  40 training error:  tensor(0.1483, device='cuda:0', grad_fn=<DivBackward0>)
Memory status after this epoch: 
Memory allocated:  222.55419921875
Memory cached:  538.0
	 epoch  50 training error:  tensor(0.1360, device='cuda:0', grad_fn=<DivBackward0>)
Memory status after this epoch: 
Memory allocated:  222.55419921875
Memory cached:  542.0
	 epoch  60 training error:  tensor(0.1195, device='cuda:0', grad_fn=<DivBackward0>)
Memory status after this epoch: 
Memory allocated:  222.55419921875
Memory cached:  538.0
	 epoch  70 training error:  tensor(0.1262, device='cuda:0', grad_fn=<DivBackward0>)
Memory status after this epoch: 
Memory allocated:  222.55419921875
Memory cached:  530.0
	 epoch  80 training error:  tensor(0.1098, device='cuda:0', grad_fn=<DivBackward0>)
Memory status after this epoch: 
Memory allocated:  222.55419921875
Memory cached:  542.0
	 epoch  90 training error:  tensor(0.1110, device='cuda:0', grad_fn=<DivBackward0>)
Memory status after this epoch: 
Memory allocated:  222.55419921875
Memory cached:  532.0
