[I 2024-01-11 11:53:23,955] Trial 49 finished with value: 0.25828787684440613 and parameters: {'W_layers': 4, 'W_layer_units_exponent_0': 7, 'W_layer_units_exponent_1': 7, 'W_layer_units_exponent_2': 6, 'W_layer_units_exponent_3': 8, 'D_layers': 2, 'D_layer_units_exponent_0': 7, 'D_layer_units_exponent_1': 6, 'D_dagger_layers': 2, 'D_dagger_layer_units_exponent_0': 7, 'D_dagger_layer_units_exponent_1': 6, 'log_learning_rate': -1.1830249175669585, 'log_learning_rate_D': -1.4565045354752435, 'log_learning_rate_D_dagger': -3.2512327802158936, 'training_batch_size': 10, 'training_p': 7}. Best is trial 5 with value: 0.20849008858203888.
Time for this trial:  18.265416622161865
Memory status after this trial: 
Memory allocated:  350.04541015625
Memory cached:  370.0
--------------------  Trial  50   --------------------
Start timing: 
Parameters: 
{'W_layers': 5, 'W_layer_units_exponent_0': 9, 'W_layer_units_exponent_1': 6, 'W_layer_units_exponent_2': 9, 'W_layer_units_exponent_3': 4, 'W_layer_units_exponent_4': 9, 'D_layers': 3, 'D_layer_units_exponent_0': 8, 'D_layer_units_exponent_1': 8, 'D_layer_units_exponent_2': 10, 'D_dagger_layers': 4, 'D_dagger_layer_units_exponent_0': 6, 'D_dagger_layer_units_exponent_1': 5, 'D_dagger_layer_units_exponent_2': 8, 'D_dagger_layer_units_exponent_3': 4, 'log_learning_rate': -1.6530867480970433, 'log_learning_rate_D': -1.0112994040735463, 'log_learning_rate_D_dagger': -2.9507745218092696, 'training_batch_size': 8, 'training_p': 2}
	 epoch  0 training error:  tensor(0.8228, device='cuda:0', grad_fn=<DivBackward0>)
Memory status after this epoch: 
Memory allocated:  272.84033203125
Memory cached:  330.0
	 epoch  10 training error:  tensor(5.1444, device='cuda:0', grad_fn=<DivBackward0>)
Memory status after this epoch: 
Memory allocated:  272.84033203125
Memory cached:  330.0
	 epoch  20 training error:  tensor(4.3982, device='cuda:0', grad_fn=<DivBackward0>)
Memory status after this epoch: 
Memory allocated:  272.84033203125
Memory cached:  330.0
	 epoch  30 training error:  tensor(5.5287, device='cuda:0', grad_fn=<DivBackward0>)
Memory status after this epoch: 
Memory allocated:  272.84033203125
Memory cached:  330.0
	 epoch  40 training error:  tensor(2.7455, device='cuda:0', grad_fn=<DivBackward0>)
Memory status after this epoch: 
Memory allocated:  272.84033203125
Memory cached:  330.0
	 epoch  50 training error:  tensor(0.8648, device='cuda:0', grad_fn=<DivBackward0>)
Memory status after this epoch: 
Memory allocated:  272.84033203125
Memory cached:  330.0
	 epoch  60 training error:  tensor(24.5245, device='cuda:0', grad_fn=<DivBackward0>)
Memory status after this epoch: 
Memory allocated:  272.84033203125
Memory cached:  330.0
	 epoch  70 training error:  tensor(15.0793, device='cuda:0', grad_fn=<DivBackward0>)
Memory status after this epoch: 
Memory allocated:  272.84033203125
Memory cached:  330.0
	 epoch  80 training error:  tensor(6.0779, device='cuda:0', grad_fn=<DivBackward0>)
Memory status after this epoch: 
Memory allocated:  272.84033203125
Memory cached:  330.0
	 epoch  90 training error:  tensor(9.1125, device='cuda:0', grad_fn=<DivBackward0>)
Memory status after this epoch: 
Memory allocated:  272.84033203125
Memory cached:  330.0
[I 2024-01-11 11:53:45,718] Trial 50 finished with value: 1.146236777305603 and parameters: {'W_layers': 5, 'W_layer_units_exponent_0': 9, 'W_layer_units_exponent_1': 6, 'W_layer_units_exponent_2': 9, 'W_layer_units_exponent_3': 4, 'W_layer_units_exponent_4': 9, 'D_layers': 3, 'D_layer_units_exponent_0': 8, 'D_layer_units_exponent_1': 8, 'D_layer_units_exponent_2': 10, 'D_dagger_layers': 4, 'D_dagger_layer_units_exponent_0': 6, 'D_dagger_layer_units_exponent_1': 5, 'D_dagger_layer_units_exponent_2': 8, 'D_dagger_layer_units_exponent_3': 4, 'log_learning_rate': -1.6530867480970433, 'log_learning_rate_D': -1.0112994040735463, 'log_learning_rate_D_dagger': -2.9507745218092696, 'training_batch_size': 8, 'training_p': 2}. Best is trial 5 with value: 0.20849008858203888.
Time for this trial:  21.42255473136902
Memory status after this trial: 
Memory allocated:  478.25537109375
Memory cached:  526.0
--------------------  Trial  51   --------------------
Start timing: 
Parameters: 
{'W_layers': 5, 'W_layer_units_exponent_0': 9, 'W_layer_units_exponent_1': 10, 'W_layer_units_exponent_2': 8, 'W_layer_units_exponent_3': 6, 'W_layer_units_exponent_4': 10, 'D_layers': 6, 'D_layer_units_exponent_0': 9, 'D_layer_units_exponent_1': 9, 'D_layer_units_exponent_2': 7, 'D_layer_units_exponent_3': 4, 'D_layer_units_exponent_4': 7, 'D_layer_units_exponent_5': 6, 'D_dagger_layers': 4, 'D_dagger_layer_units_exponent_0': 6, 'D_dagger_layer_units_exponent_1': 5, 'D_dagger_layer_units_exponent_2': 7, 'D_dagger_layer_units_exponent_3': 5, 'log_learning_rate': -1.998788057252737, 'log_learning_rate_D': -1.960031684999775, 'log_learning_rate_D_dagger': -2.658355252012932, 'training_batch_size': 6, 'training_p': 3}
	 epoch  0 training error:  tensor(24.2475, device='cuda:0', grad_fn=<DivBackward0>)
Memory status after this epoch: 
Memory allocated:  285.2177734375
Memory cached:  346.0
	 epoch  10 training error:  tensor(0.8848, device='cuda:0', grad_fn=<DivBackward0>)
Memory status after this epoch: 
Memory allocated:  285.2177734375
Memory cached:  346.0
	 epoch  20 training error:  tensor(0.2784, device='cuda:0', grad_fn=<DivBackward0>)
Memory status after this epoch: 
Memory allocated:  285.2177734375
Memory cached:  346.0
	 epoch  30 training error:  tensor(0.2895, device='cuda:0', grad_fn=<DivBackward0>)
Memory status after this epoch: 
Memory allocated:  285.2177734375
Memory cached:  346.0
	 epoch  40 training error:  tensor(0.2732, device='cuda:0', grad_fn=<DivBackward0>)
Memory status after this epoch: 
Memory allocated:  285.2177734375
Memory cached:  346.0
	 epoch  50 training error:  tensor(0.2787, device='cuda:0', grad_fn=<DivBackward0>)
Memory status after this epoch: 
Memory allocated:  285.2177734375
Memory cached:  346.0
	 epoch  60 training error:  tensor(0.2964, device='cuda:0', grad_fn=<DivBackward0>)
Memory status after this epoch: 
Memory allocated:  285.2177734375
Memory cached:  346.0
	 epoch  70 training error:  tensor(0.2527, device='cuda:0', grad_fn=<DivBackward0>)
Memory status after this epoch: 
Memory allocated:  285.2177734375
Memory cached:  346.0
	 epoch  80 training error:  tensor(0.2413, device='cuda:0', grad_fn=<DivBackward0>)
Memory status after this epoch: 
Memory allocated:  285.2177734375
Memory cached:  346.0
	 epoch  90 training error:  tensor(0.2498, device='cuda:0', grad_fn=<DivBackward0>)
Memory status after this epoch: 
Memory allocated:  285.2177734375
Memory cached:  346.0
[I 2024-01-11 11:54:12,229] Trial 51 finished with value: 0.22539758682250977 and parameters: {'W_layers': 5, 'W_layer_units_exponent_0': 9, 'W_layer_units_exponent_1': 10, 'W_layer_units_exponent_2': 8, 'W_layer_units_exponent_3': 6, 'W_layer_units_exponent_4': 10, 'D_layers': 6, 'D_layer_units_exponent_0': 9, 'D_layer_units_exponent_1': 9, 'D_layer_units_exponent_2': 7, 'D_layer_units_exponent_3': 4, 'D_layer_units_exponent_4': 7, 'D_layer_units_exponent_5': 6, 'D_dagger_layers': 4, 'D_dagger_layer_units_exponent_0': 6, 'D_dagger_layer_units_exponent_1': 5, 'D_dagger_layer_units_exponent_2': 7, 'D_dagger_layer_units_exponent_3': 5, 'log_learning_rate': -1.998788057252737, 'log_learning_rate_D': -1.960031684999775, 'log_learning_rate_D_dagger': -2.658355252012932, 'training_batch_size': 6, 'training_p': 3}. Best is trial 5 with value: 0.20849008858203888.
Time for this trial:  26.117562770843506
Memory status after this trial: 
Memory allocated:  604.41357421875
Memory cached:  630.0
--------------------  Trial  52   --------------------
Start timing: 
Parameters: 
{'W_layers': 6, 'W_layer_units_exponent_0': 9, 'W_layer_units_exponent_1': 9, 'W_layer_units_exponent_2': 8, 'W_layer_units_exponent_3': 6, 'W_layer_units_exponent_4': 10, 'W_layer_units_exponent_5': 7, 'D_layers': 6, 'D_layer_units_exponent_0': 9, 'D_layer_units_exponent_1': 9, 'D_layer_units_exponent_2': 7, 'D_layer_units_exponent_3': 4, 'D_layer_units_exponent_4': 7, 'D_layer_units_exponent_5': 6, 'D_dagger_layers': 4, 'D_dagger_layer_units_exponent_0': 9, 'D_dagger_layer_units_exponent_1': 5, 'D_dagger_layer_units_exponent_2': 6, 'D_dagger_layer_units_exponent_3': 5, 'log_learning_rate': -2.433566478074947, 'log_learning_rate_D': -1.9152744165851945, 'log_learning_rate_D_dagger': -2.7608963066974117, 'training_batch_size': 6, 'training_p': 3}
	 epoch  0 training error:  tensor(8.0451, device='cuda:0', grad_fn=<DivBackward0>)
Memory status after this epoch: 
Memory allocated:  280.9443359375
Memory cached:  330.0
	 epoch  10 training error:  tensor(0.2730, device='cuda:0', grad_fn=<DivBackward0>)
Memory status after this epoch: 
Memory allocated:  280.9443359375
Memory cached:  330.0
	 epoch  20 training error:  tensor(0.2581, device='cuda:0', grad_fn=<DivBackward0>)
Memory status after this epoch: 
Memory allocated:  280.9443359375
Memory cached:  330.0
	 epoch  30 training error:  tensor(0.2436, device='cuda:0', grad_fn=<DivBackward0>)
Memory status after this epoch: 
Memory allocated:  280.9443359375
Memory cached:  330.0
	 epoch  40 training error:  tensor(0.2544, device='cuda:0', grad_fn=<DivBackward0>)
Memory status after this epoch: 
Memory allocated:  280.9443359375
Memory cached:  330.0
	 epoch  50 training error:  tensor(0.2465, device='cuda:0', grad_fn=<DivBackward0>)
Memory status after this epoch: 
Memory allocated:  280.9443359375
Memory cached:  330.0
	 epoch  60 training error:  tensor(0.2481, device='cuda:0', grad_fn=<DivBackward0>)
Memory status after this epoch: 
Memory allocated:  280.9443359375
Memory cached:  330.0
	 epoch  70 training error:  tensor(0.2478, device='cuda:0', grad_fn=<DivBackward0>)
Memory status after this epoch: 
Memory allocated:  280.9443359375
Memory cached:  330.0
	 epoch  80 training error:  tensor(0.2510, device='cuda:0', grad_fn=<DivBackward0>)
Memory status after this epoch: 
Memory allocated:  280.9443359375
Memory cached:  330.0
	 epoch  90 training error:  tensor(0.2443, device='cuda:0', grad_fn=<DivBackward0>)
Memory status after this epoch: 
Memory allocated:  280.9443359375
Memory cached:  330.0
[I 2024-01-11 11:54:39,643] Trial 52 finished with value: 0.21292948722839355 and parameters: {'W_layers': 6, 'W_layer_units_exponent_0': 9, 'W_layer_units_exponent_1': 9, 'W_layer_units_exponent_2': 8, 'W_layer_units_exponent_3': 6, 'W_layer_units_exponent_4': 10, 'W_layer_units_exponent_5': 7, 'D_layers': 6, 'D_layer_units_exponent_0': 9, 'D_layer_units_exponent_1': 9, 'D_layer_units_exponent_2': 7, 'D_layer_units_exponent_3': 4, 'D_layer_units_exponent_4': 7, 'D_layer_units_exponent_5': 6, 'D_dagger_layers': 4, 'D_dagger_layer_units_exponent_0': 9, 'D_dagger_layer_units_exponent_1': 5, 'D_dagger_layer_units_exponent_2': 6, 'D_dagger_layer_units_exponent_3': 5, 'log_learning_rate': -2.433566478074947, 'log_learning_rate_D': -1.9152744165851945, 'log_learning_rate_D_dagger': -2.7608963066974117, 'training_batch_size': 6, 'training_p': 3}. Best is trial 5 with value: 0.20849008858203888.
Time for this trial:  27.036900520324707
Memory status after this trial: 
Memory allocated:  614.72216796875
Memory cached:  652.0
--------------------  Trial  53   --------------------
Start timing: 
Parameters: 
{'W_layers': 5, 'W_layer_units_exponent_0': 10, 'W_layer_units_exponent_1': 10, 'W_layer_units_exponent_2': 10, 'W_layer_units_exponent_3': 7, 'W_layer_units_exponent_4': 10, 'D_layers': 5, 'D_layer_units_exponent_0': 10, 'D_layer_units_exponent_1': 10, 'D_layer_units_exponent_2': 8, 'D_layer_units_exponent_3': 5, 'D_layer_units_exponent_4': 5, 'D_dagger_layers': 3, 'D_dagger_layer_units_exponent_0': 5, 'D_dagger_layer_units_exponent_1': 6, 'D_dagger_layer_units_exponent_2': 7, 'log_learning_rate': -2.651230348664077, 'log_learning_rate_D': -2.465371968091944, 'log_learning_rate_D_dagger': -2.5208277508347012, 'training_batch_size': 7, 'training_p': 4}
	 epoch  0 training error:  tensor(3.3490, device='cuda:0', grad_fn=<DivBackward0>)
Memory status after this epoch: 
Memory allocated:  312.0634765625
Memory cached:  346.0
	 epoch  10 training error:  tensor(1.2940, device='cuda:0', grad_fn=<DivBackward0>)
Memory status after this epoch: 
Memory allocated:  312.0634765625
Memory cached:  346.0
	 epoch  20 training error:  tensor(0.5509, device='cuda:0', grad_fn=<DivBackward0>)
Memory status after this epoch: 
Memory allocated:  312.0634765625
Memory cached:  346.0
	 epoch  30 training error:  tensor(0.3284, device='cuda:0', grad_fn=<DivBackward0>)
Memory status after this epoch: 
Memory allocated:  312.0634765625
Memory cached:  346.0
	 epoch  40 training error:  tensor(0.3051, device='cuda:0', grad_fn=<DivBackward0>)
Memory status after this epoch: 
Memory allocated:  312.0634765625
Memory cached:  346.0
	 epoch  50 training error:  tensor(0.2943, device='cuda:0', grad_fn=<DivBackward0>)
Memory status after this epoch: 
Memory allocated:  312.0634765625
Memory cached:  346.0
	 epoch  60 training error:  tensor(0.2889, device='cuda:0', grad_fn=<DivBackward0>)
Memory status after this epoch: 
Memory allocated:  312.0634765625
Memory cached:  346.0
	 epoch  70 training error:  tensor(0.2863, device='cuda:0', grad_fn=<DivBackward0>)
Memory status after this epoch: 
Memory allocated:  312.0634765625
Memory cached:  346.0
	 epoch  80 training error:  tensor(0.3119, device='cuda:0', grad_fn=<DivBackward0>)
Memory status after this epoch: 
Memory allocated:  312.0634765625
Memory cached:  346.0
	 epoch  90 training error:  tensor(0.2965, device='cuda:0', grad_fn=<DivBackward0>)
Memory status after this epoch: 
Memory allocated:  312.0634765625
Memory cached:  346.0
[I 2024-01-11 11:55:09,670] Trial 53 finished with value: 0.22140996158123016 and parameters: {'W_layers': 5, 'W_layer_units_exponent_0': 10, 'W_layer_units_exponent_1': 10, 'W_layer_units_exponent_2': 10, 'W_layer_units_exponent_3': 7, 'W_layer_units_exponent_4': 10, 'D_layers': 5, 'D_layer_units_exponent_0': 10, 'D_layer_units_exponent_1': 10, 'D_layer_units_exponent_2': 8, 'D_layer_units_exponent_3': 5, 'D_layer_units_exponent_4': 5, 'D_dagger_layers': 3, 'D_dagger_layer_units_exponent_0': 5, 'D_dagger_layer_units_exponent_1': 6, 'D_dagger_layer_units_exponent_2': 7, 'log_learning_rate': -2.651230348664077, 'log_learning_rate_D': -2.465371968091944, 'log_learning_rate_D_dagger': -2.5208277508347012, 'training_batch_size': 7, 'training_p': 4}. Best is trial 5 with value: 0.20849008858203888.
Time for this trial:  29.63920783996582
Memory status after this trial: 
Memory allocated:  757.06689453125
Memory cached:  806.0
--------------------  Trial  54   --------------------
Start timing: 
Parameters: 
{'W_layers': 5, 'W_layer_units_exponent_0': 9, 'W_layer_units_exponent_1': 9, 'W_layer_units_exponent_2': 9, 'W_layer_units_exponent_3': 6, 'W_layer_units_exponent_4': 10, 'D_layers': 7, 'D_layer_units_exponent_0': 9, 'D_layer_units_exponent_1': 9, 'D_layer_units_exponent_2': 7, 'D_layer_units_exponent_3': 4, 'D_layer_units_exponent_4': 9, 'D_layer_units_exponent_5': 5, 'D_layer_units_exponent_6': 6, 'D_dagger_layers': 4, 'D_dagger_layer_units_exponent_0': 6, 'D_dagger_layer_units_exponent_1': 4, 'D_dagger_layer_units_exponent_2': 7, 'D_dagger_layer_units_exponent_3': 4, 'log_learning_rate': -2.2442508498056317, 'log_learning_rate_D': -2.7106691621747494, 'log_learning_rate_D_dagger': -2.968721754369119, 'training_batch_size': 6, 'training_p': 3}
	 epoch  0 training error:  tensor(6.5158, device='cuda:0', grad_fn=<DivBackward0>)
Memory status after this epoch: 
Memory allocated:  281.0283203125
Memory cached:  330.0
	 epoch  10 training error:  tensor(0.8796, device='cuda:0', grad_fn=<DivBackward0>)
Memory status after this epoch: 
Memory allocated:  281.0283203125
Memory cached:  330.0
	 epoch  20 training error:  tensor(0.3053, device='cuda:0', grad_fn=<DivBackward0>)
Memory status after this epoch: 
Memory allocated:  281.0283203125
Memory cached:  330.0
	 epoch  30 training error:  tensor(0.2619, device='cuda:0', grad_fn=<DivBackward0>)
Memory status after this epoch: 
Memory allocated:  281.0283203125
Memory cached:  330.0
	 epoch  40 training error:  tensor(0.2524, device='cuda:0', grad_fn=<DivBackward0>)
Memory status after this epoch: 
Memory allocated:  281.0283203125
Memory cached:  330.0
	 epoch  50 training error:  tensor(0.2477, device='cuda:0', grad_fn=<DivBackward0>)
Memory status after this epoch: 
Memory allocated:  281.0283203125
Memory cached:  330.0
	 epoch  60 training error:  tensor(0.2428, device='cuda:0', grad_fn=<DivBackward0>)
Memory status after this epoch: 
Memory allocated:  281.0283203125
Memory cached:  330.0
	 epoch  70 training error:  tensor(0.2436, device='cuda:0', grad_fn=<DivBackward0>)
Memory status after this epoch: 
Memory allocated:  281.0283203125
Memory cached:  330.0
	 epoch  80 training error:  tensor(0.2442, device='cuda:0', grad_fn=<DivBackward0>)
Memory status after this epoch: 
Memory allocated:  281.0283203125
Memory cached:  330.0
	 epoch  90 training error:  tensor(0.2454, device='cuda:0', grad_fn=<DivBackward0>)
Memory status after this epoch: 
Memory allocated:  281.0283203125
Memory cached:  330.0
[I 2024-01-11 11:55:36,042] Trial 54 finished with value: 0.2126699984073639 and parameters: {'W_layers': 5, 'W_layer_units_exponent_0': 9, 'W_layer_units_exponent_1': 9, 'W_layer_units_exponent_2': 9, 'W_layer_units_exponent_3': 6, 'W_layer_units_exponent_4': 10, 'D_layers': 7, 'D_layer_units_exponent_0': 9, 'D_layer_units_exponent_1': 9, 'D_layer_units_exponent_2': 7, 'D_layer_units_exponent_3': 4, 'D_layer_units_exponent_4': 9, 'D_layer_units_exponent_5': 5, 'D_layer_units_exponent_6': 6, 'D_dagger_layers': 4, 'D_dagger_layer_units_exponent_0': 6, 'D_dagger_layer_units_exponent_1': 4, 'D_dagger_layer_units_exponent_2': 7, 'D_dagger_layer_units_exponent_3': 4, 'log_learning_rate': -2.2442508498056317, 'log_learning_rate_D': -2.7106691621747494, 'log_learning_rate_D_dagger': -2.968721754369119, 'training_batch_size': 6, 'training_p': 3}. Best is trial 5 with value: 0.20849008858203888.
Time for this trial:  26.040382146835327
Memory status after this trial: 
Memory allocated:  567.72998046875
Memory cached:  612.0
--------------------  Trial  55   --------------------
Start timing: 
Parameters: 
{'W_layers': 4, 'W_layer_units_exponent_0': 10, 'W_layer_units_exponent_1': 8, 'W_layer_units_exponent_2': 7, 'W_layer_units_exponent_3': 5, 'D_layers': 4, 'D_layer_units_exponent_0': 9, 'D_layer_units_exponent_1': 8, 'D_layer_units_exponent_2': 6, 'D_layer_units_exponent_3': 5, 'D_dagger_layers': 6, 'D_dagger_layer_units_exponent_0': 6, 'D_dagger_layer_units_exponent_1': 5, 'D_dagger_layer_units_exponent_2': 9, 'D_dagger_layer_units_exponent_3': 5, 'D_dagger_layer_units_exponent_4': 9, 'D_dagger_layer_units_exponent_5': 6, 'log_learning_rate': -1.863910958033686, 'log_learning_rate_D': -2.14352318731706, 'log_learning_rate_D_dagger': -2.416134882425455, 'training_batch_size': 6, 'training_p': 4}
	 epoch  0 training error:  tensor(13.6982, device='cuda:0', grad_fn=<DivBackward0>)
Memory status after this epoch: 
Memory allocated:  276.4931640625
Memory cached:  330.0
	 epoch  10 training error:  tensor(0.4646, device='cuda:0', grad_fn=<DivBackward0>)
Memory status after this epoch: 
Memory allocated:  276.4931640625
Memory cached:  330.0
	 epoch  20 training error:  tensor(0.3227, device='cuda:0', grad_fn=<DivBackward0>)
Memory status after this epoch: 
Memory allocated:  276.4931640625
Memory cached:  330.0
	 epoch  30 training error:  tensor(0.3994, device='cuda:0', grad_fn=<DivBackward0>)
Memory status after this epoch: 
Memory allocated:  276.4931640625
Memory cached:  330.0
	 epoch  40 training error:  tensor(0.3259, device='cuda:0', grad_fn=<DivBackward0>)
Memory status after this epoch: 
Memory allocated:  276.4931640625
Memory cached:  330.0
	 epoch  50 training error:  tensor(0.3218, device='cuda:0', grad_fn=<DivBackward0>)
Memory status after this epoch: 
Memory allocated:  276.4931640625
Memory cached:  330.0
	 epoch  60 training error:  tensor(0.3025, device='cuda:0', grad_fn=<DivBackward0>)
Memory status after this epoch: 
Memory allocated:  276.4931640625
Memory cached:  330.0
	 epoch  70 training error:  tensor(0.3127, device='cuda:0', grad_fn=<DivBackward0>)
Memory status after this epoch: 
Memory allocated:  276.4931640625
Memory cached:  330.0
	 epoch  80 training error:  tensor(0.3456, device='cuda:0', grad_fn=<DivBackward0>)
Memory status after this epoch: 
Memory allocated:  276.4931640625
Memory cached:  330.0
	 epoch  90 training error:  tensor(0.3241, device='cuda:0', grad_fn=<DivBackward0>)
Memory status after this epoch: 
Memory allocated:  276.4931640625
Memory cached:  330.0
