[I 2023-12-04 00:10:18,784] Trial 27 finished with value: 0.09681019932031631 and parameters: {'W_layers': 3, 'W_layer_units_exponent_0': 7, 'W_layer_units_exponent_1': 9, 'W_layer_units_exponent_2': 7, 'D_layers': 8, 'D_layer_units_exponent_0': 8, 'D_layer_units_exponent_1': 8, 'D_layer_units_exponent_2': 8, 'D_layer_units_exponent_3': 4, 'D_layer_units_exponent_4': 5, 'D_layer_units_exponent_5': 8, 'D_layer_units_exponent_6': 8, 'D_layer_units_exponent_7': 10, 'log_learning_rate': -3.4840374068769697, 'log_learning_rate_D': -2.8613174015319243, 'training_batch_size': 8, 'training_p': 2}. Best is trial 20 with value: 0.09674614667892456.
Time for this trial:  13.361933469772339
Memory status after this trial: 
Memory allocated:  55.36572265625
Memory cached:  98.0
--------------------  Trial  28   --------------------
Start timing: 
Parameters: 
{'W_layers': 4, 'W_layer_units_exponent_0': 9, 'W_layer_units_exponent_1': 7, 'W_layer_units_exponent_2': 5, 'W_layer_units_exponent_3': 4, 'D_layers': 6, 'D_layer_units_exponent_0': 6, 'D_layer_units_exponent_1': 10, 'D_layer_units_exponent_2': 7, 'D_layer_units_exponent_3': 6, 'D_layer_units_exponent_4': 5, 'D_layer_units_exponent_5': 10, 'log_learning_rate': -3.6719775715864604, 'log_learning_rate_D': -1.9256872248348045, 'training_batch_size': 9, 'training_p': 4}
	 epoch  0 training error:  tensor(0.9107, device='cuda:0', grad_fn=<DivBackward0>)
Memory status after this epoch: 
Memory allocated:  38.7958984375
Memory cached:  92.0
	 epoch  10 training error:  tensor(0.6714, device='cuda:0', grad_fn=<DivBackward0>)
Memory status after this epoch: 
Memory allocated:  38.7958984375
Memory cached:  92.0
	 epoch  20 training error:  tensor(0.4259, device='cuda:0', grad_fn=<DivBackward0>)
Memory status after this epoch: 
Memory allocated:  38.7958984375
Memory cached:  92.0
	 epoch  30 training error:  tensor(0.2059, device='cuda:0', grad_fn=<DivBackward0>)
Memory status after this epoch: 
Memory allocated:  38.7958984375
Memory cached:  92.0
	 epoch  40 training error:  tensor(0.1953, device='cuda:0', grad_fn=<DivBackward0>)
Memory status after this epoch: 
Memory allocated:  38.7958984375
Memory cached:  92.0
	 epoch  50 training error:  tensor(0.1646, device='cuda:0', grad_fn=<DivBackward0>)
Memory status after this epoch: 
Memory allocated:  38.7958984375
Memory cached:  92.0
	 epoch  60 training error:  tensor(0.1395, device='cuda:0', grad_fn=<DivBackward0>)
Memory status after this epoch: 
Memory allocated:  38.7958984375
Memory cached:  92.0
	 epoch  70 training error:  tensor(0.1306, device='cuda:0', grad_fn=<DivBackward0>)
Memory status after this epoch: 
Memory allocated:  38.7958984375
Memory cached:  92.0
	 epoch  80 training error:  tensor(0.1293, device='cuda:0', grad_fn=<DivBackward0>)
Memory status after this epoch: 
Memory allocated:  38.7958984375
Memory cached:  92.0
	 epoch  90 training error:  tensor(0.1295, device='cuda:0', grad_fn=<DivBackward0>)
Memory status after this epoch: 
Memory allocated:  38.7958984375
Memory cached:  92.0
[I 2023-12-04 00:10:32,040] Trial 28 finished with value: 0.10585957020521164 and parameters: {'W_layers': 4, 'W_layer_units_exponent_0': 9, 'W_layer_units_exponent_1': 7, 'W_layer_units_exponent_2': 5, 'W_layer_units_exponent_3': 4, 'D_layers': 6, 'D_layer_units_exponent_0': 6, 'D_layer_units_exponent_1': 10, 'D_layer_units_exponent_2': 7, 'D_layer_units_exponent_3': 6, 'D_layer_units_exponent_4': 5, 'D_layer_units_exponent_5': 10, 'log_learning_rate': -3.6719775715864604, 'log_learning_rate_D': -1.9256872248348045, 'training_batch_size': 9, 'training_p': 4}. Best is trial 20 with value: 0.09674614667892456.
Time for this trial:  13.089624643325806
Memory status after this trial: 
Memory allocated:  53.07666015625
Memory cached:  94.0
--------------------  Trial  29   --------------------
Start timing: 
Parameters: 
{'W_layers': 2, 'W_layer_units_exponent_0': 8, 'W_layer_units_exponent_1': 6, 'D_layers': 7, 'D_layer_units_exponent_0': 7, 'D_layer_units_exponent_1': 7, 'D_layer_units_exponent_2': 9, 'D_layer_units_exponent_3': 5, 'D_layer_units_exponent_4': 8, 'D_layer_units_exponent_5': 8, 'D_layer_units_exponent_6': 8, 'log_learning_rate': -3.9037435497056308, 'log_learning_rate_D': -2.362618365600373, 'training_batch_size': 12, 'training_p': 4}
	 epoch  0 training error:  tensor(1.0315, device='cuda:0', grad_fn=<DivBackward0>)
Memory status after this epoch: 
Memory allocated:  37.94921875
Memory cached:  92.0
	 epoch  10 training error:  tensor(0.8465, device='cuda:0', grad_fn=<DivBackward0>)
Memory status after this epoch: 
Memory allocated:  37.94921875
Memory cached:  92.0
	 epoch  20 training error:  tensor(0.6708, device='cuda:0', grad_fn=<DivBackward0>)
Memory status after this epoch: 
Memory allocated:  37.94921875
Memory cached:  92.0
	 epoch  30 training error:  tensor(0.5100, device='cuda:0', grad_fn=<DivBackward0>)
Memory status after this epoch: 
Memory allocated:  37.94921875
Memory cached:  92.0
	 epoch  40 training error:  tensor(0.3704, device='cuda:0', grad_fn=<DivBackward0>)
Memory status after this epoch: 
Memory allocated:  37.94921875
Memory cached:  92.0
	 epoch  50 training error:  tensor(0.2586, device='cuda:0', grad_fn=<DivBackward0>)
Memory status after this epoch: 
Memory allocated:  37.94921875
Memory cached:  92.0
	 epoch  60 training error:  tensor(0.1984, device='cuda:0', grad_fn=<DivBackward0>)
Memory status after this epoch: 
Memory allocated:  37.94921875
Memory cached:  92.0
	 epoch  70 training error:  tensor(0.1808, device='cuda:0', grad_fn=<DivBackward0>)
Memory status after this epoch: 
Memory allocated:  37.94921875
Memory cached:  92.0
	 epoch  80 training error:  tensor(0.1550, device='cuda:0', grad_fn=<DivBackward0>)
Memory status after this epoch: 
Memory allocated:  37.94921875
Memory cached:  92.0
	 epoch  90 training error:  tensor(0.1412, device='cuda:0', grad_fn=<DivBackward0>)
Memory status after this epoch: 
Memory allocated:  37.94921875
Memory cached:  92.0
[I 2023-12-04 00:10:45,021] Trial 29 finished with value: 0.10061142593622208 and parameters: {'W_layers': 2, 'W_layer_units_exponent_0': 8, 'W_layer_units_exponent_1': 6, 'D_layers': 7, 'D_layer_units_exponent_0': 7, 'D_layer_units_exponent_1': 7, 'D_layer_units_exponent_2': 9, 'D_layer_units_exponent_3': 5, 'D_layer_units_exponent_4': 8, 'D_layer_units_exponent_5': 8, 'D_layer_units_exponent_6': 8, 'log_learning_rate': -3.9037435497056308, 'log_learning_rate_D': -2.362618365600373, 'training_batch_size': 12, 'training_p': 4}. Best is trial 20 with value: 0.09674614667892456.
Time for this trial:  12.816593885421753
Memory status after this trial: 
Memory allocated:  44.23583984375
Memory cached:  92.0
--------------------  Trial  30   --------------------
Start timing: 
Parameters: 
{'W_layers': 6, 'W_layer_units_exponent_0': 8, 'W_layer_units_exponent_1': 7, 'W_layer_units_exponent_2': 8, 'W_layer_units_exponent_3': 5, 'W_layer_units_exponent_4': 5, 'W_layer_units_exponent_5': 8, 'D_layers': 8, 'D_layer_units_exponent_0': 10, 'D_layer_units_exponent_1': 6, 'D_layer_units_exponent_2': 8, 'D_layer_units_exponent_3': 4, 'D_layer_units_exponent_4': 5, 'D_layer_units_exponent_5': 9, 'D_layer_units_exponent_6': 4, 'D_layer_units_exponent_7': 9, 'log_learning_rate': -3.1005123540295934, 'log_learning_rate_D': -3.1297025328455357, 'training_batch_size': 10, 'training_p': 6}
	 epoch  0 training error:  tensor(1.0065, device='cuda:0', grad_fn=<DivBackward0>)
Memory status after this epoch: 
Memory allocated:  38.53857421875
Memory cached:  94.0
	 epoch  10 training error:  tensor(0.2318, device='cuda:0', grad_fn=<DivBackward0>)
Memory status after this epoch: 
Memory allocated:  38.53857421875
Memory cached:  96.0
	 epoch  20 training error:  tensor(0.2526, device='cuda:0', grad_fn=<DivBackward0>)
Memory status after this epoch: 
Memory allocated:  38.53857421875
Memory cached:  96.0
	 epoch  30 training error:  tensor(0.1749, device='cuda:0', grad_fn=<DivBackward0>)
Memory status after this epoch: 
Memory allocated:  38.53857421875
Memory cached:  96.0
	 epoch  40 training error:  tensor(0.1538, device='cuda:0', grad_fn=<DivBackward0>)
Memory status after this epoch: 
Memory allocated:  38.53857421875
Memory cached:  96.0
	 epoch  50 training error:  tensor(0.1474, device='cuda:0', grad_fn=<DivBackward0>)
Memory status after this epoch: 
Memory allocated:  38.53857421875
Memory cached:  96.0
	 epoch  60 training error:  tensor(0.1475, device='cuda:0', grad_fn=<DivBackward0>)
Memory status after this epoch: 
Memory allocated:  38.53857421875
Memory cached:  96.0
	 epoch  70 training error:  tensor(0.1453, device='cuda:0', grad_fn=<DivBackward0>)
Memory status after this epoch: 
Memory allocated:  38.53857421875
Memory cached:  96.0
	 epoch  80 training error:  tensor(0.1456, device='cuda:0', grad_fn=<DivBackward0>)
Memory status after this epoch: 
Memory allocated:  38.53857421875
Memory cached:  96.0
	 epoch  90 training error:  tensor(0.1454, device='cuda:0', grad_fn=<DivBackward0>)
Memory status after this epoch: 
Memory allocated:  38.53857421875
Memory cached:  96.0
[I 2023-12-04 00:10:58,498] Trial 30 finished with value: 0.11776405572891235 and parameters: {'W_layers': 6, 'W_layer_units_exponent_0': 8, 'W_layer_units_exponent_1': 7, 'W_layer_units_exponent_2': 8, 'W_layer_units_exponent_3': 5, 'W_layer_units_exponent_4': 5, 'W_layer_units_exponent_5': 8, 'D_layers': 8, 'D_layer_units_exponent_0': 10, 'D_layer_units_exponent_1': 6, 'D_layer_units_exponent_2': 8, 'D_layer_units_exponent_3': 4, 'D_layer_units_exponent_4': 5, 'D_layer_units_exponent_5': 9, 'D_layer_units_exponent_6': 4, 'D_layer_units_exponent_7': 9, 'log_learning_rate': -3.1005123540295934, 'log_learning_rate_D': -3.1297025328455357, 'training_batch_size': 10, 'training_p': 6}. Best is trial 20 with value: 0.09674614667892456.
Time for this trial:  13.293153285980225
Memory status after this trial: 
Memory allocated:  59.86767578125
Memory cached:  94.0
--------------------  Trial  31   --------------------
Start timing: 
Parameters: 
{'W_layers': 5, 'W_layer_units_exponent_0': 6, 'W_layer_units_exponent_1': 5, 'W_layer_units_exponent_2': 9, 'W_layer_units_exponent_3': 5, 'W_layer_units_exponent_4': 7, 'D_layers': 6, 'D_layer_units_exponent_0': 7, 'D_layer_units_exponent_1': 4, 'D_layer_units_exponent_2': 10, 'D_layer_units_exponent_3': 7, 'D_layer_units_exponent_4': 4, 'D_layer_units_exponent_5': 9, 'log_learning_rate': -2.8381911456466877, 'log_learning_rate_D': -2.212725966111222, 'training_batch_size': 10, 'training_p': 2}
	 epoch  0 training error:  tensor(1.0280, device='cuda:0', grad_fn=<DivBackward0>)
Memory status after this epoch: 
Memory allocated:  38.00146484375
Memory cached:  94.0
	 epoch  10 training error:  tensor(0.3286, device='cuda:0', grad_fn=<DivBackward0>)
Memory status after this epoch: 
Memory allocated:  38.00146484375
Memory cached:  94.0
	 epoch  20 training error:  tensor(0.1006, device='cuda:0', grad_fn=<DivBackward0>)
Memory status after this epoch: 
Memory allocated:  38.00146484375
Memory cached:  94.0
	 epoch  30 training error:  tensor(0.1111, device='cuda:0', grad_fn=<DivBackward0>)
Memory status after this epoch: 
Memory allocated:  38.00146484375
Memory cached:  94.0
	 epoch  40 training error:  tensor(0.1039, device='cuda:0', grad_fn=<DivBackward0>)
Memory status after this epoch: 
Memory allocated:  38.00146484375
Memory cached:  94.0
	 epoch  50 training error:  tensor(0.0974, device='cuda:0', grad_fn=<DivBackward0>)
Memory status after this epoch: 
Memory allocated:  38.00146484375
Memory cached:  94.0
	 epoch  60 training error:  tensor(0.0950, device='cuda:0', grad_fn=<DivBackward0>)
Memory status after this epoch: 
Memory allocated:  38.00146484375
Memory cached:  94.0
	 epoch  70 training error:  tensor(0.0944, device='cuda:0', grad_fn=<DivBackward0>)
Memory status after this epoch: 
Memory allocated:  38.00146484375
Memory cached:  94.0
	 epoch  80 training error:  tensor(0.0941, device='cuda:0', grad_fn=<DivBackward0>)
Memory status after this epoch: 
Memory allocated:  38.00146484375
Memory cached:  94.0
	 epoch  90 training error:  tensor(0.0940, device='cuda:0', grad_fn=<DivBackward0>)
Memory status after this epoch: 
Memory allocated:  38.00146484375
Memory cached:  94.0
[I 2023-12-04 00:11:12,280] Trial 31 finished with value: 0.09674765169620514 and parameters: {'W_layers': 5, 'W_layer_units_exponent_0': 6, 'W_layer_units_exponent_1': 5, 'W_layer_units_exponent_2': 9, 'W_layer_units_exponent_3': 5, 'W_layer_units_exponent_4': 7, 'D_layers': 6, 'D_layer_units_exponent_0': 7, 'D_layer_units_exponent_1': 4, 'D_layer_units_exponent_2': 10, 'D_layer_units_exponent_3': 7, 'D_layer_units_exponent_4': 4, 'D_layer_units_exponent_5': 9, 'log_learning_rate': -2.8381911456466877, 'log_learning_rate_D': -2.212725966111222, 'training_batch_size': 10, 'training_p': 2}. Best is trial 20 with value: 0.09674614667892456.
Time for this trial:  13.608403205871582
Memory status after this trial: 
Memory allocated:  54.66357421875
Memory cached:  96.0
--------------------  Trial  32   --------------------
Start timing: 
Parameters: 
{'W_layers': 4, 'W_layer_units_exponent_0': 7, 'W_layer_units_exponent_1': 4, 'W_layer_units_exponent_2': 8, 'W_layer_units_exponent_3': 5, 'D_layers': 6, 'D_layer_units_exponent_0': 7, 'D_layer_units_exponent_1': 5, 'D_layer_units_exponent_2': 9, 'D_layer_units_exponent_3': 7, 'D_layer_units_exponent_4': 4, 'D_layer_units_exponent_5': 9, 'log_learning_rate': -2.804001249659133, 'log_learning_rate_D': -2.642331803839706, 'training_batch_size': 9, 'training_p': 3}
	 epoch  0 training error:  tensor(1.0794, device='cuda:0', grad_fn=<DivBackward0>)
Memory status after this epoch: 
Memory allocated:  37.37841796875
Memory cached:  94.0
	 epoch  10 training error:  tensor(0.3172, device='cuda:0', grad_fn=<DivBackward0>)
Memory status after this epoch: 
Memory allocated:  37.37841796875
Memory cached:  94.0
	 epoch  20 training error:  tensor(0.1198, device='cuda:0', grad_fn=<DivBackward0>)
Memory status after this epoch: 
Memory allocated:  37.37841796875
Memory cached:  94.0
	 epoch  30 training error:  tensor(0.1364, device='cuda:0', grad_fn=<DivBackward0>)
Memory status after this epoch: 
Memory allocated:  37.37841796875
Memory cached:  94.0
	 epoch  40 training error:  tensor(0.1198, device='cuda:0', grad_fn=<DivBackward0>)
Memory status after this epoch: 
Memory allocated:  37.37841796875
Memory cached:  94.0
	 epoch  50 training error:  tensor(0.1166, device='cuda:0', grad_fn=<DivBackward0>)
Memory status after this epoch: 
Memory allocated:  37.37841796875
Memory cached:  94.0
	 epoch  60 training error:  tensor(0.1166, device='cuda:0', grad_fn=<DivBackward0>)
Memory status after this epoch: 
Memory allocated:  37.37841796875
Memory cached:  94.0
	 epoch  70 training error:  tensor(0.1157, device='cuda:0', grad_fn=<DivBackward0>)
Memory status after this epoch: 
Memory allocated:  37.37841796875
Memory cached:  94.0
	 epoch  80 training error:  tensor(0.1154, device='cuda:0', grad_fn=<DivBackward0>)
Memory status after this epoch: 
Memory allocated:  37.37841796875
Memory cached:  94.0
	 epoch  90 training error:  tensor(0.1154, device='cuda:0', grad_fn=<DivBackward0>)
Memory status after this epoch: 
Memory allocated:  37.37841796875
Memory cached:  94.0
[I 2023-12-04 00:11:25,523] Trial 32 finished with value: 0.099685899913311 and parameters: {'W_layers': 4, 'W_layer_units_exponent_0': 7, 'W_layer_units_exponent_1': 4, 'W_layer_units_exponent_2': 8, 'W_layer_units_exponent_3': 5, 'D_layers': 6, 'D_layer_units_exponent_0': 7, 'D_layer_units_exponent_1': 5, 'D_layer_units_exponent_2': 9, 'D_layer_units_exponent_3': 7, 'D_layer_units_exponent_4': 4, 'D_layer_units_exponent_5': 9, 'log_learning_rate': -2.804001249659133, 'log_learning_rate_D': -2.642331803839706, 'training_batch_size': 9, 'training_p': 3}. Best is trial 20 with value: 0.09674614667892456.
Time for this trial:  13.080358743667603
Memory status after this trial: 
Memory allocated:  46.78369140625
Memory cached:  94.0
--------------------  Trial  33   --------------------
Start timing: 
Parameters: 
{'W_layers': 6, 'W_layer_units_exponent_0': 5, 'W_layer_units_exponent_1': 5, 'W_layer_units_exponent_2': 9, 'W_layer_units_exponent_3': 4, 'W_layer_units_exponent_4': 5, 'W_layer_units_exponent_5': 6, 'D_layers': 7, 'D_layer_units_exponent_0': 6, 'D_layer_units_exponent_1': 4, 'D_layer_units_exponent_2': 10, 'D_layer_units_exponent_3': 6, 'D_layer_units_exponent_4': 4, 'D_layer_units_exponent_5': 10, 'D_layer_units_exponent_6': 8, 'log_learning_rate': -3.2342433555999874, 'log_learning_rate_D': -2.0302898851597564, 'training_batch_size': 11, 'training_p': 2}
	 epoch  0 training error:  tensor(1.1049, device='cuda:0', grad_fn=<DivBackward0>)
Memory status after this epoch: 
Memory allocated:  38.615234375
Memory cached:  94.0
	 epoch  10 training error:  tensor(0.8491, device='cuda:0', grad_fn=<DivBackward0>)
Memory status after this epoch: 
Memory allocated:  38.615234375
Memory cached:  94.0
	 epoch  20 training error:  tensor(0.3890, device='cuda:0', grad_fn=<DivBackward0>)
Memory status after this epoch: 
Memory allocated:  38.615234375
Memory cached:  94.0
	 epoch  30 training error:  tensor(0.2478, device='cuda:0', grad_fn=<DivBackward0>)
Memory status after this epoch: 
Memory allocated:  38.615234375
Memory cached:  94.0
	 epoch  40 training error:  tensor(0.1634, device='cuda:0', grad_fn=<DivBackward0>)
Memory status after this epoch: 
Memory allocated:  38.615234375
Memory cached:  94.0
	 epoch  50 training error:  tensor(0.1316, device='cuda:0', grad_fn=<DivBackward0>)
Memory status after this epoch: 
Memory allocated:  38.615234375
Memory cached:  94.0
	 epoch  60 training error:  tensor(0.1165, device='cuda:0', grad_fn=<DivBackward0>)
Memory status after this epoch: 
Memory allocated:  38.615234375
Memory cached:  94.0
	 epoch  70 training error:  tensor(0.1023, device='cuda:0', grad_fn=<DivBackward0>)
Memory status after this epoch: 
Memory allocated:  38.615234375
Memory cached:  94.0
	 epoch  80 training error:  tensor(0.0959, device='cuda:0', grad_fn=<DivBackward0>)
Memory status after this epoch: 
Memory allocated:  38.615234375
Memory cached:  94.0
	 epoch  90 training error:  tensor(0.0940, device='cuda:0', grad_fn=<DivBackward0>)
Memory status after this epoch: 
Memory allocated:  38.615234375
Memory cached:  94.0
[I 2023-12-04 00:11:39,281] Trial 33 finished with value: 0.09692611545324326 and parameters: {'W_layers': 6, 'W_layer_units_exponent_0': 5, 'W_layer_units_exponent_1': 5, 'W_layer_units_exponent_2': 9, 'W_layer_units_exponent_3': 4, 'W_layer_units_exponent_4': 5, 'W_layer_units_exponent_5': 6, 'D_layers': 7, 'D_layer_units_exponent_0': 6, 'D_layer_units_exponent_1': 4, 'D_layer_units_exponent_2': 10, 'D_layer_units_exponent_3': 6, 'D_layer_units_exponent_4': 4, 'D_layer_units_exponent_5': 10, 'D_layer_units_exponent_6': 8, 'log_learning_rate': -3.2342433555999874, 'log_learning_rate_D': -2.0302898851597564, 'training_batch_size': 11, 'training_p': 2}. Best is trial 20 with value: 0.09674614667892456.
Time for this trial:  13.570276021957397
Memory status after this trial: 
Memory allocated:  52.75146484375
Memory cached:  94.0
--------------------  Trial  34   --------------------
Start timing: 
Parameters: 
{'W_layers': 7, 'W_layer_units_exponent_0': 7, 'W_layer_units_exponent_1': 6, 'W_layer_units_exponent_2': 7, 'W_layer_units_exponent_3': 5, 'W_layer_units_exponent_4': 7, 'W_layer_units_exponent_5': 9, 'W_layer_units_exponent_6': 7, 'D_layers': 6, 'D_layer_units_exponent_0': 8, 'D_layer_units_exponent_1': 5, 'D_layer_units_exponent_2': 9, 'D_layer_units_exponent_3': 8, 'D_layer_units_exponent_4': 5, 'D_layer_units_exponent_5': 9, 'log_learning_rate': -2.931451821647639, 'log_learning_rate_D': -2.357304247808223, 'training_batch_size': 10, 'training_p': 2}
	 epoch  0 training error:  tensor(1.0135, device='cuda:0', grad_fn=<DivBackward0>)
Memory status after this epoch: 
Memory allocated:  39.86669921875
Memory cached:  92.0
	 epoch  10 training error:  tensor(0.2336, device='cuda:0', grad_fn=<DivBackward0>)
Memory status after this epoch: 
Memory allocated:  39.86669921875
Memory cached:  92.0
	 epoch  20 training error:  tensor(0.1210, device='cuda:0', grad_fn=<DivBackward0>)
Memory status after this epoch: 
Memory allocated:  39.86669921875
Memory cached:  92.0
	 epoch  30 training error:  tensor(0.1082, device='cuda:0', grad_fn=<DivBackward0>)
Memory status after this epoch: 
Memory allocated:  39.86669921875
Memory cached:  92.0
	 epoch  40 training error:  tensor(0.0987, device='cuda:0', grad_fn=<DivBackward0>)
Memory status after this epoch: 
Memory allocated:  39.86669921875
Memory cached:  92.0
	 epoch  50 training error:  tensor(0.0940, device='cuda:0', grad_fn=<DivBackward0>)
Memory status after this epoch: 
Memory allocated:  39.86669921875
Memory cached:  92.0
	 epoch  60 training error:  tensor(0.0942, device='cuda:0', grad_fn=<DivBackward0>)
Memory status after this epoch: 
Memory allocated:  39.86669921875
Memory cached:  92.0
	 epoch  70 training error:  tensor(0.0942, device='cuda:0', grad_fn=<DivBackward0>)
Memory status after this epoch: 
Memory allocated:  39.86669921875
Memory cached:  92.0
	 epoch  80 training error:  tensor(0.0940, device='cuda:0', grad_fn=<DivBackward0>)
Memory status after this epoch: 
Memory allocated:  39.86669921875
Memory cached:  92.0
	 epoch  90 training error:  tensor(0.0940, device='cuda:0', grad_fn=<DivBackward0>)
Memory status after this epoch: 
Memory allocated:  39.86669921875
Memory cached:  92.0
