[I 2024-01-11 10:30:49,124] Trial 191 finished with value: 0.15982447564601898 and parameters: {'W_layers': 2, 'W_layer_units_exponent_0': 8, 'W_layer_units_exponent_1': 9, 'D_layers': 4, 'D_layer_units_exponent_0': 6, 'D_layer_units_exponent_1': 6, 'D_layer_units_exponent_2': 8, 'D_layer_units_exponent_3': 4, 'D_dagger_layers': 4, 'D_dagger_layer_units_exponent_0': 10, 'D_dagger_layer_units_exponent_1': 6, 'D_dagger_layer_units_exponent_2': 5, 'D_dagger_layer_units_exponent_3': 7, 'log_learning_rate': -3.710968719327485, 'log_learning_rate_D': -2.276197872043679, 'log_learning_rate_D_dagger': -3.1359887158948365, 'training_batch_size': 6, 'training_p': 8}. Best is trial 145 with value: 0.0653865784406662.
Time for this trial:  387.8021399974823
Memory status after this trial: 
Memory allocated:  476.7177734375
Memory cached:  480.0
--------------------  Trial  192   --------------------
Start timing: 
Parameters: 
{'W_layers': 2, 'W_layer_units_exponent_0': 8, 'W_layer_units_exponent_1': 5, 'D_layers': 4, 'D_layer_units_exponent_0': 6, 'D_layer_units_exponent_1': 6, 'D_layer_units_exponent_2': 8, 'D_layer_units_exponent_3': 4, 'D_dagger_layers': 4, 'D_dagger_layer_units_exponent_0': 10, 'D_dagger_layer_units_exponent_1': 6, 'D_dagger_layer_units_exponent_2': 5, 'D_dagger_layer_units_exponent_3': 7, 'log_learning_rate': -3.594480786228886, 'log_learning_rate_D': -2.389377954778849, 'log_learning_rate_D_dagger': -3.0280280039454297, 'training_batch_size': 6, 'training_p': 8}
	 epoch  0 training error:  tensor(0.8035, device='cuda:0', grad_fn=<DivBackward0>)
Memory status after this epoch: 
Memory allocated:  228.6474609375
Memory cached:  428.0
	 epoch  10 training error:  tensor(0.3782, device='cuda:0', grad_fn=<DivBackward0>)
Memory status after this epoch: 
Memory allocated:  228.6474609375
Memory cached:  428.0
	 epoch  20 training error:  tensor(0.3576, device='cuda:0', grad_fn=<DivBackward0>)
Memory status after this epoch: 
Memory allocated:  228.6474609375
Memory cached:  428.0
	 epoch  30 training error:  tensor(0.3586, device='cuda:0', grad_fn=<DivBackward0>)
Memory status after this epoch: 
Memory allocated:  228.6474609375
Memory cached:  428.0
	 epoch  40 training error:  tensor(0.3099, device='cuda:0', grad_fn=<DivBackward0>)
Memory status after this epoch: 
Memory allocated:  228.6474609375
Memory cached:  428.0
	 epoch  50 training error:  tensor(0.2307, device='cuda:0', grad_fn=<DivBackward0>)
Memory status after this epoch: 
Memory allocated:  228.6474609375
Memory cached:  428.0
	 epoch  60 training error:  tensor(0.2136, device='cuda:0', grad_fn=<DivBackward0>)
Memory status after this epoch: 
Memory allocated:  228.6474609375
Memory cached:  428.0
	 epoch  70 training error:  tensor(0.1633, device='cuda:0', grad_fn=<DivBackward0>)
Memory status after this epoch: 
Memory allocated:  228.6474609375
Memory cached:  428.0
	 epoch  80 training error:  tensor(0.1326, device='cuda:0', grad_fn=<DivBackward0>)
Memory status after this epoch: 
Memory allocated:  228.6474609375
Memory cached:  428.0
	 epoch  90 training error:  tensor(0.1323, device='cuda:0', grad_fn=<DivBackward0>)
Memory status after this epoch: 
Memory allocated:  228.6474609375
Memory cached:  428.0
[I 2024-01-11 10:37:20,501] Trial 192 finished with value: 0.0881868302822113 and parameters: {'W_layers': 2, 'W_layer_units_exponent_0': 8, 'W_layer_units_exponent_1': 5, 'D_layers': 4, 'D_layer_units_exponent_0': 6, 'D_layer_units_exponent_1': 6, 'D_layer_units_exponent_2': 8, 'D_layer_units_exponent_3': 4, 'D_dagger_layers': 4, 'D_dagger_layer_units_exponent_0': 10, 'D_dagger_layer_units_exponent_1': 6, 'D_dagger_layer_units_exponent_2': 5, 'D_dagger_layer_units_exponent_3': 7, 'log_learning_rate': -3.594480786228886, 'log_learning_rate_D': -2.389377954778849, 'log_learning_rate_D_dagger': -3.0280280039454297, 'training_batch_size': 6, 'training_p': 8}. Best is trial 145 with value: 0.0653865784406662.
Time for this trial:  390.98695182800293
Memory status after this trial: 
Memory allocated:  431.8291015625
Memory cached:  434.0
--------------------  Trial  193   --------------------
Start timing: 
Parameters: 
{'W_layers': 2, 'W_layer_units_exponent_0': 8, 'W_layer_units_exponent_1': 5, 'D_layers': 4, 'D_layer_units_exponent_0': 6, 'D_layer_units_exponent_1': 6, 'D_layer_units_exponent_2': 8, 'D_layer_units_exponent_3': 4, 'D_dagger_layers': 4, 'D_dagger_layer_units_exponent_0': 10, 'D_dagger_layer_units_exponent_1': 6, 'D_dagger_layer_units_exponent_2': 5, 'D_dagger_layer_units_exponent_3': 7, 'log_learning_rate': -3.582270580684111, 'log_learning_rate_D': -2.536606436678931, 'log_learning_rate_D_dagger': -2.913320720805041, 'training_batch_size': 6, 'training_p': 8}
	 epoch  0 training error:  tensor(0.9553, device='cuda:0', grad_fn=<DivBackward0>)
Memory status after this epoch: 
Memory allocated:  228.6474609375
Memory cached:  428.0
	 epoch  10 training error:  tensor(0.4020, device='cuda:0', grad_fn=<DivBackward0>)
Memory status after this epoch: 
Memory allocated:  228.6474609375
Memory cached:  428.0
	 epoch  20 training error:  tensor(0.3736, device='cuda:0', grad_fn=<DivBackward0>)
Memory status after this epoch: 
Memory allocated:  228.6474609375
Memory cached:  428.0
	 epoch  30 training error:  tensor(0.3475, device='cuda:0', grad_fn=<DivBackward0>)
Memory status after this epoch: 
Memory allocated:  228.6474609375
Memory cached:  428.0
	 epoch  40 training error:  tensor(0.2687, device='cuda:0', grad_fn=<DivBackward0>)
Memory status after this epoch: 
Memory allocated:  228.6474609375
Memory cached:  428.0
	 epoch  50 training error:  tensor(0.2488, device='cuda:0', grad_fn=<DivBackward0>)
Memory status after this epoch: 
Memory allocated:  228.6474609375
Memory cached:  428.0
	 epoch  60 training error:  tensor(0.1936, device='cuda:0', grad_fn=<DivBackward0>)
Memory status after this epoch: 
Memory allocated:  228.6474609375
Memory cached:  428.0
	 epoch  70 training error:  tensor(0.1863, device='cuda:0', grad_fn=<DivBackward0>)
Memory status after this epoch: 
Memory allocated:  228.6474609375
Memory cached:  428.0
	 epoch  80 training error:  tensor(0.2091, device='cuda:0', grad_fn=<DivBackward0>)
Memory status after this epoch: 
Memory allocated:  228.6474609375
Memory cached:  428.0
	 epoch  90 training error:  tensor(0.1834, device='cuda:0', grad_fn=<DivBackward0>)
Memory status after this epoch: 
Memory allocated:  228.6474609375
Memory cached:  428.0
[I 2024-01-11 10:43:51,989] Trial 193 finished with value: 0.15738733112812042 and parameters: {'W_layers': 2, 'W_layer_units_exponent_0': 8, 'W_layer_units_exponent_1': 5, 'D_layers': 4, 'D_layer_units_exponent_0': 6, 'D_layer_units_exponent_1': 6, 'D_layer_units_exponent_2': 8, 'D_layer_units_exponent_3': 4, 'D_dagger_layers': 4, 'D_dagger_layer_units_exponent_0': 10, 'D_dagger_layer_units_exponent_1': 6, 'D_dagger_layer_units_exponent_2': 5, 'D_dagger_layer_units_exponent_3': 7, 'log_learning_rate': -3.582270580684111, 'log_learning_rate_D': -2.536606436678931, 'log_learning_rate_D_dagger': -2.913320720805041, 'training_batch_size': 6, 'training_p': 8}. Best is trial 145 with value: 0.0653865784406662.
Time for this trial:  391.0939509868622
Memory status after this trial: 
Memory allocated:  431.8291015625
Memory cached:  434.0
--------------------  Trial  194   --------------------
Start timing: 
Parameters: 
{'W_layers': 2, 'W_layer_units_exponent_0': 8, 'W_layer_units_exponent_1': 5, 'D_layers': 4, 'D_layer_units_exponent_0': 6, 'D_layer_units_exponent_1': 6, 'D_layer_units_exponent_2': 8, 'D_layer_units_exponent_3': 4, 'D_dagger_layers': 4, 'D_dagger_layer_units_exponent_0': 10, 'D_dagger_layer_units_exponent_1': 6, 'D_dagger_layer_units_exponent_2': 5, 'D_dagger_layer_units_exponent_3': 7, 'log_learning_rate': -3.4711559223683195, 'log_learning_rate_D': -2.4086703694478704, 'log_learning_rate_D_dagger': -2.6991358942775046, 'training_batch_size': 6, 'training_p': 8}
	 epoch  0 training error:  tensor(0.7013, device='cuda:0', grad_fn=<DivBackward0>)
Memory status after this epoch: 
Memory allocated:  228.6474609375
Memory cached:  428.0
	 epoch  10 training error:  tensor(0.4040, device='cuda:0', grad_fn=<DivBackward0>)
Memory status after this epoch: 
Memory allocated:  228.6474609375
Memory cached:  428.0
	 epoch  20 training error:  tensor(0.3690, device='cuda:0', grad_fn=<DivBackward0>)
Memory status after this epoch: 
Memory allocated:  228.6474609375
Memory cached:  428.0
	 epoch  30 training error:  tensor(0.3190, device='cuda:0', grad_fn=<DivBackward0>)
Memory status after this epoch: 
Memory allocated:  228.6474609375
Memory cached:  428.0
	 epoch  40 training error:  tensor(0.2523, device='cuda:0', grad_fn=<DivBackward0>)
Memory status after this epoch: 
Memory allocated:  228.6474609375
Memory cached:  428.0
	 epoch  50 training error:  tensor(0.2067, device='cuda:0', grad_fn=<DivBackward0>)
Memory status after this epoch: 
Memory allocated:  228.6474609375
Memory cached:  428.0
	 epoch  60 training error:  tensor(0.1854, device='cuda:0', grad_fn=<DivBackward0>)
Memory status after this epoch: 
Memory allocated:  228.6474609375
Memory cached:  428.0
	 epoch  70 training error:  tensor(0.1709, device='cuda:0', grad_fn=<DivBackward0>)
Memory status after this epoch: 
Memory allocated:  228.6474609375
Memory cached:  428.0
	 epoch  80 training error:  tensor(0.1694, device='cuda:0', grad_fn=<DivBackward0>)
Memory status after this epoch: 
Memory allocated:  228.6474609375
Memory cached:  428.0
	 epoch  90 training error:  tensor(0.1359, device='cuda:0', grad_fn=<DivBackward0>)
Memory status after this epoch: 
Memory allocated:  228.6474609375
Memory cached:  428.0
[I 2024-01-11 10:50:23,148] Trial 194 finished with value: 0.09483020007610321 and parameters: {'W_layers': 2, 'W_layer_units_exponent_0': 8, 'W_layer_units_exponent_1': 5, 'D_layers': 4, 'D_layer_units_exponent_0': 6, 'D_layer_units_exponent_1': 6, 'D_layer_units_exponent_2': 8, 'D_layer_units_exponent_3': 4, 'D_dagger_layers': 4, 'D_dagger_layer_units_exponent_0': 10, 'D_dagger_layer_units_exponent_1': 6, 'D_dagger_layer_units_exponent_2': 5, 'D_dagger_layer_units_exponent_3': 7, 'log_learning_rate': -3.4711559223683195, 'log_learning_rate_D': -2.4086703694478704, 'log_learning_rate_D_dagger': -2.6991358942775046, 'training_batch_size': 6, 'training_p': 8}. Best is trial 145 with value: 0.0653865784406662.
Time for this trial:  390.72470474243164
Memory status after this trial: 
Memory allocated:  431.8291015625
Memory cached:  434.0
--------------------  Trial  195   --------------------
Start timing: 
Parameters: 
{'W_layers': 2, 'W_layer_units_exponent_0': 8, 'W_layer_units_exponent_1': 5, 'D_layers': 4, 'D_layer_units_exponent_0': 7, 'D_layer_units_exponent_1': 6, 'D_layer_units_exponent_2': 8, 'D_layer_units_exponent_3': 4, 'D_dagger_layers': 4, 'D_dagger_layer_units_exponent_0': 10, 'D_dagger_layer_units_exponent_1': 6, 'D_dagger_layer_units_exponent_2': 5, 'D_dagger_layer_units_exponent_3': 6, 'log_learning_rate': -3.6572964169891082, 'log_learning_rate_D': -2.3412755389087896, 'log_learning_rate_D_dagger': -2.797200849349961, 'training_batch_size': 6, 'training_p': 8}
	 epoch  0 training error:  tensor(0.7360, device='cuda:0', grad_fn=<DivBackward0>)
Memory status after this epoch: 
Memory allocated:  228.6787109375
Memory cached:  428.0
	 epoch  10 training error:  tensor(0.3819, device='cuda:0', grad_fn=<DivBackward0>)
Memory status after this epoch: 
Memory allocated:  228.6787109375
Memory cached:  428.0
	 epoch  20 training error:  tensor(0.3940, device='cuda:0', grad_fn=<DivBackward0>)
Memory status after this epoch: 
Memory allocated:  228.6787109375
Memory cached:  428.0
	 epoch  30 training error:  tensor(0.3759, device='cuda:0', grad_fn=<DivBackward0>)
Memory status after this epoch: 
Memory allocated:  228.6787109375
Memory cached:  428.0
	 epoch  40 training error:  tensor(0.3118, device='cuda:0', grad_fn=<DivBackward0>)
Memory status after this epoch: 
Memory allocated:  228.6787109375
Memory cached:  428.0
	 epoch  50 training error:  tensor(0.2569, device='cuda:0', grad_fn=<DivBackward0>)
Memory status after this epoch: 
Memory allocated:  228.6787109375
Memory cached:  428.0
	 epoch  60 training error:  tensor(0.2051, device='cuda:0', grad_fn=<DivBackward0>)
Memory status after this epoch: 
Memory allocated:  228.6787109375
Memory cached:  428.0
	 epoch  70 training error:  tensor(0.1836, device='cuda:0', grad_fn=<DivBackward0>)
Memory status after this epoch: 
Memory allocated:  228.6787109375
Memory cached:  428.0
	 epoch  80 training error:  tensor(0.1720, device='cuda:0', grad_fn=<DivBackward0>)
Memory status after this epoch: 
Memory allocated:  228.6787109375
Memory cached:  428.0
	 epoch  90 training error:  tensor(0.1361, device='cuda:0', grad_fn=<DivBackward0>)
Memory status after this epoch: 
Memory allocated:  228.6787109375
Memory cached:  428.0
[I 2024-01-11 10:56:54,096] Trial 195 finished with value: 0.10582419484853745 and parameters: {'W_layers': 2, 'W_layer_units_exponent_0': 8, 'W_layer_units_exponent_1': 5, 'D_layers': 4, 'D_layer_units_exponent_0': 7, 'D_layer_units_exponent_1': 6, 'D_layer_units_exponent_2': 8, 'D_layer_units_exponent_3': 4, 'D_dagger_layers': 4, 'D_dagger_layer_units_exponent_0': 10, 'D_dagger_layer_units_exponent_1': 6, 'D_dagger_layer_units_exponent_2': 5, 'D_dagger_layer_units_exponent_3': 6, 'log_learning_rate': -3.6572964169891082, 'log_learning_rate_D': -2.3412755389087896, 'log_learning_rate_D_dagger': -2.797200849349961, 'training_batch_size': 6, 'training_p': 8}. Best is trial 145 with value: 0.0653865784406662.
Time for this trial:  390.4812059402466
Memory status after this trial: 
Memory allocated:  432.7529296875
Memory cached:  436.0
--------------------  Trial  196   --------------------
Start timing: 
Parameters: 
{'W_layers': 2, 'W_layer_units_exponent_0': 8, 'W_layer_units_exponent_1': 5, 'D_layers': 4, 'D_layer_units_exponent_0': 6, 'D_layer_units_exponent_1': 6, 'D_layer_units_exponent_2': 8, 'D_layer_units_exponent_3': 4, 'D_dagger_layers': 4, 'D_dagger_layer_units_exponent_0': 10, 'D_dagger_layer_units_exponent_1': 6, 'D_dagger_layer_units_exponent_2': 5, 'D_dagger_layer_units_exponent_3': 7, 'log_learning_rate': -3.3968691719063924, 'log_learning_rate_D': -2.4626391650382846, 'log_learning_rate_D_dagger': -3.3732995677767756, 'training_batch_size': 6, 'training_p': 8}
	 epoch  0 training error:  tensor(0.6747, device='cuda:0', grad_fn=<DivBackward0>)
Memory status after this epoch: 
Memory allocated:  228.6474609375
Memory cached:  428.0
	 epoch  10 training error:  tensor(0.4125, device='cuda:0', grad_fn=<DivBackward0>)
Memory status after this epoch: 
Memory allocated:  228.6474609375
Memory cached:  428.0
	 epoch  20 training error:  tensor(0.3820, device='cuda:0', grad_fn=<DivBackward0>)
Memory status after this epoch: 
Memory allocated:  228.6474609375
Memory cached:  428.0
	 epoch  30 training error:  tensor(0.3794, device='cuda:0', grad_fn=<DivBackward0>)
Memory status after this epoch: 
Memory allocated:  228.6474609375
Memory cached:  432.0
	 epoch  40 training error:  tensor(0.3828, device='cuda:0', grad_fn=<DivBackward0>)
Memory status after this epoch: 
Memory allocated:  228.6474609375
Memory cached:  430.0
	 epoch  50 training error:  tensor(0.3572, device='cuda:0', grad_fn=<DivBackward0>)
Memory status after this epoch: 
Memory allocated:  228.6474609375
Memory cached:  428.0
	 epoch  60 training error:  tensor(0.3563, device='cuda:0', grad_fn=<DivBackward0>)
Memory status after this epoch: 
Memory allocated:  228.6474609375
Memory cached:  428.0
	 epoch  70 training error:  tensor(0.3775, device='cuda:0', grad_fn=<DivBackward0>)
Memory status after this epoch: 
Memory allocated:  228.6474609375
Memory cached:  430.0
	 epoch  80 training error:  tensor(0.3497, device='cuda:0', grad_fn=<DivBackward0>)
Memory status after this epoch: 
Memory allocated:  228.6474609375
Memory cached:  430.0
	 epoch  90 training error:  tensor(0.3287, device='cuda:0', grad_fn=<DivBackward0>)
Memory status after this epoch: 
Memory allocated:  228.6474609375
Memory cached:  430.0
[I 2024-01-11 11:03:22,569] Trial 196 finished with value: 0.15218500792980194 and parameters: {'W_layers': 2, 'W_layer_units_exponent_0': 8, 'W_layer_units_exponent_1': 5, 'D_layers': 4, 'D_layer_units_exponent_0': 6, 'D_layer_units_exponent_1': 6, 'D_layer_units_exponent_2': 8, 'D_layer_units_exponent_3': 4, 'D_dagger_layers': 4, 'D_dagger_layer_units_exponent_0': 10, 'D_dagger_layer_units_exponent_1': 6, 'D_dagger_layer_units_exponent_2': 5, 'D_dagger_layer_units_exponent_3': 7, 'log_learning_rate': -3.3968691719063924, 'log_learning_rate_D': -2.4626391650382846, 'log_learning_rate_D_dagger': -3.3732995677767756, 'training_batch_size': 6, 'training_p': 8}. Best is trial 145 with value: 0.0653865784406662.
Time for this trial:  388.07425832748413
Memory status after this trial: 
Memory allocated:  431.8291015625
Memory cached:  434.0
--------------------  Trial  197   --------------------
Start timing: 
Parameters: 
{'W_layers': 2, 'W_layer_units_exponent_0': 8, 'W_layer_units_exponent_1': 5, 'D_layers': 4, 'D_layer_units_exponent_0': 6, 'D_layer_units_exponent_1': 6, 'D_layer_units_exponent_2': 8, 'D_layer_units_exponent_3': 4, 'D_dagger_layers': 4, 'D_dagger_layer_units_exponent_0': 10, 'D_dagger_layer_units_exponent_1': 6, 'D_dagger_layer_units_exponent_2': 5, 'D_dagger_layer_units_exponent_3': 7, 'log_learning_rate': -3.587680721836254, 'log_learning_rate_D': -2.142654473938362, 'log_learning_rate_D_dagger': -3.0057066994025083, 'training_batch_size': 6, 'training_p': 8}
	 epoch  0 training error:  tensor(0.7861, device='cuda:0', grad_fn=<DivBackward0>)
Memory status after this epoch: 
Memory allocated:  228.6474609375
Memory cached:  428.0
	 epoch  10 training error:  tensor(0.3902, device='cuda:0', grad_fn=<DivBackward0>)
Memory status after this epoch: 
Memory allocated:  228.6474609375
Memory cached:  428.0
	 epoch  20 training error:  tensor(0.3793, device='cuda:0', grad_fn=<DivBackward0>)
Memory status after this epoch: 
Memory allocated:  228.6474609375
Memory cached:  428.0
	 epoch  30 training error:  tensor(0.3535, device='cuda:0', grad_fn=<DivBackward0>)
Memory status after this epoch: 
Memory allocated:  228.6474609375
Memory cached:  428.0
	 epoch  40 training error:  tensor(0.3518, device='cuda:0', grad_fn=<DivBackward0>)
Memory status after this epoch: 
Memory allocated:  228.6474609375
Memory cached:  428.0
	 epoch  50 training error:  tensor(0.2331, device='cuda:0', grad_fn=<DivBackward0>)
Memory status after this epoch: 
Memory allocated:  228.6474609375
Memory cached:  428.0
	 epoch  60 training error:  tensor(0.2834, device='cuda:0', grad_fn=<DivBackward0>)
Memory status after this epoch: 
Memory allocated:  228.6474609375
Memory cached:  428.0
	 epoch  70 training error:  tensor(0.2101, device='cuda:0', grad_fn=<DivBackward0>)
Memory status after this epoch: 
Memory allocated:  228.6474609375
Memory cached:  428.0
	 epoch  80 training error:  tensor(0.1661, device='cuda:0', grad_fn=<DivBackward0>)
Memory status after this epoch: 
Memory allocated:  228.6474609375
Memory cached:  428.0
	 epoch  90 training error:  tensor(0.1706, device='cuda:0', grad_fn=<DivBackward0>)
Memory status after this epoch: 
Memory allocated:  228.6474609375
Memory cached:  428.0
