[I 2024-03-12 04:06:11,118] Trial 160 finished with value: 0.8717981576919556 and parameters: {'log_learning_rate': -1.3866780394763134, 'log_learning_rate_D': -3.4172165124717075, 'log_learning_rate_D_dagger': -1.9536583346640708, 'training_batch_size': 8, 'training_p': 2}. Best is trial 143 with value: 0.3113675117492676.
Time for this trial:  192.09345197677612
Memory status after this trial: 
Memory allocated:  3.3525390625
Memory cached:  6.0
--------------------  Trial  161   --------------------
Start timing: 
Parameters: 
{'log_learning_rate': -1.518146834807434, 'log_learning_rate_D': -3.472076505285268, 'log_learning_rate_D_dagger': -1.2046671565796123, 'training_batch_size': 6, 'training_p': 2}
	 epoch  0 training error:  tensor(32.9383, grad_fn=<ToCopyBackward0>)
Memory status after this epoch: 
Memory allocated:  1.94189453125
Memory cached:  4.0
[W 2024-03-12 04:06:21,018] Trial 161 failed with parameters: {'log_learning_rate': -1.518146834807434, 'log_learning_rate_D': -3.472076505285268, 'log_learning_rate_D_dagger': -1.2046671565796123, 'training_batch_size': 6, 'training_p': 2} because of the following error: The value nan is not acceptable.
[W 2024-03-12 04:06:21,018] Trial 161 failed with value tensor(nan, grad_fn=<ToCopyBackward0>).
Time for this trial:  9.661046743392944
Memory status after this trial: 
Memory allocated:  3.4521484375
Memory cached:  4.0
--------------------  Trial  162   --------------------
Start timing: 
Parameters: 
{'log_learning_rate': -1.7592535183421418, 'log_learning_rate_D': -3.4719385954115434, 'log_learning_rate_D_dagger': -1.234168823043215, 'training_batch_size': 6, 'training_p': 2}
	 epoch  0 training error:  tensor(69.8299, grad_fn=<ToCopyBackward0>)
Memory status after this epoch: 
Memory allocated:  1.94189453125
Memory cached:  4.0
	 epoch  10 training error:  tensor(0.6404, grad_fn=<ToCopyBackward0>)
Memory status after this epoch: 
Memory allocated:  1.94189453125
Memory cached:  4.0
	 epoch  20 training error:  tensor(0.3887, grad_fn=<ToCopyBackward0>)
Memory status after this epoch: 
Memory allocated:  1.94189453125
Memory cached:  4.0
	 epoch  30 training error:  tensor(0.3359, grad_fn=<ToCopyBackward0>)
Memory status after this epoch: 
Memory allocated:  1.94189453125
Memory cached:  4.0
	 epoch  40 training error:  tensor(0.3117, grad_fn=<ToCopyBackward0>)
Memory status after this epoch: 
Memory allocated:  1.94189453125
Memory cached:  4.0
	 epoch  50 training error:  tensor(0.3108, grad_fn=<ToCopyBackward0>)
Memory status after this epoch: 
Memory allocated:  1.94189453125
Memory cached:  4.0
	 epoch  60 training error:  tensor(0.3110, grad_fn=<ToCopyBackward0>)
Memory status after this epoch: 
Memory allocated:  1.94189453125
Memory cached:  4.0
	 epoch  70 training error:  tensor(0.3121, grad_fn=<ToCopyBackward0>)
Memory status after this epoch: 
Memory allocated:  1.94189453125
Memory cached:  4.0
	 epoch  80 training error:  tensor(0.3113, grad_fn=<ToCopyBackward0>)
Memory status after this epoch: 
Memory allocated:  1.94189453125
Memory cached:  4.0
	 epoch  90 training error:  tensor(0.3123, grad_fn=<ToCopyBackward0>)
Memory status after this epoch: 
Memory allocated:  1.94189453125
Memory cached:  4.0
[I 2024-03-12 04:13:53,177] Trial 162 finished with value: 0.33383145928382874 and parameters: {'log_learning_rate': -1.7592535183421418, 'log_learning_rate_D': -3.4719385954115434, 'log_learning_rate_D_dagger': -1.234168823043215, 'training_batch_size': 6, 'training_p': 2}. Best is trial 143 with value: 0.3113675117492676.
Time for this trial:  451.9023587703705
Memory status after this trial: 
Memory allocated:  3.4521484375
Memory cached:  4.0
--------------------  Trial  163   --------------------
Start timing: 
Parameters: 
{'log_learning_rate': -1.4990814022290966, 'log_learning_rate_D': -3.209763861072696, 'log_learning_rate_D_dagger': -1.1093421707190712, 'training_batch_size': 7, 'training_p': 2}
	 epoch  0 training error:  tensor(30.6550, grad_fn=<ToCopyBackward0>)
Memory status after this epoch: 
Memory allocated:  1.84228515625
Memory cached:  4.0
	 epoch  10 training error:  tensor(1.1440, grad_fn=<ToCopyBackward0>)
Memory status after this epoch: 
Memory allocated:  1.84228515625
Memory cached:  4.0
	 epoch  20 training error:  tensor(0.4276, grad_fn=<ToCopyBackward0>)
Memory status after this epoch: 
Memory allocated:  1.84228515625
Memory cached:  4.0
	 epoch  30 training error:  tensor(0.3295, grad_fn=<ToCopyBackward0>)
Memory status after this epoch: 
Memory allocated:  1.84228515625
Memory cached:  4.0
	 epoch  40 training error:  tensor(0.3106, grad_fn=<ToCopyBackward0>)
Memory status after this epoch: 
Memory allocated:  1.84228515625
Memory cached:  4.0
	 epoch  50 training error:  tensor(0.3107, grad_fn=<ToCopyBackward0>)
Memory status after this epoch: 
Memory allocated:  1.84228515625
Memory cached:  4.0
	 epoch  60 training error:  tensor(0.3123, grad_fn=<ToCopyBackward0>)
Memory status after this epoch: 
Memory allocated:  1.84228515625
Memory cached:  4.0
	 epoch  70 training error:  tensor(0.3135, grad_fn=<ToCopyBackward0>)
Memory status after this epoch: 
Memory allocated:  1.84228515625
Memory cached:  4.0
	 epoch  80 training error:  tensor(0.3143, grad_fn=<ToCopyBackward0>)
Memory status after this epoch: 
Memory allocated:  1.84228515625
Memory cached:  4.0
	 epoch  90 training error:  tensor(0.3105, grad_fn=<ToCopyBackward0>)
Memory status after this epoch: 
Memory allocated:  1.84228515625
Memory cached:  4.0
[I 2024-03-12 04:18:29,820] Trial 163 finished with value: 0.33160200715065 and parameters: {'log_learning_rate': -1.4990814022290966, 'log_learning_rate_D': -3.209763861072696, 'log_learning_rate_D_dagger': -1.1093421707190712, 'training_batch_size': 7, 'training_p': 2}. Best is trial 143 with value: 0.3113675117492676.
Time for this trial:  276.38467240333557
Memory status after this trial: 
Memory allocated:  3.3525390625
Memory cached:  4.0
--------------------  Trial  164   --------------------
Start timing: 
Parameters: 
{'log_learning_rate': -1.280473966279468, 'log_learning_rate_D': -3.555565789395832, 'log_learning_rate_D_dagger': -1.0085160877263588, 'training_batch_size': 7, 'training_p': 2}
	 epoch  0 training error:  tensor(200.3495, grad_fn=<ToCopyBackward0>)
Memory status after this epoch: 
Memory allocated:  1.84228515625
Memory cached:  4.0
	 epoch  10 training error:  tensor(2.7731, grad_fn=<ToCopyBackward0>)
Memory status after this epoch: 
Memory allocated:  1.84228515625
Memory cached:  4.0
	 epoch  20 training error:  tensor(0.5038, grad_fn=<ToCopyBackward0>)
Memory status after this epoch: 
Memory allocated:  1.84228515625
Memory cached:  4.0
	 epoch  30 training error:  tensor(0.4341, grad_fn=<ToCopyBackward0>)
Memory status after this epoch: 
Memory allocated:  1.84228515625
Memory cached:  4.0
	 epoch  40 training error:  tensor(0.3785, grad_fn=<ToCopyBackward0>)
Memory status after this epoch: 
Memory allocated:  1.84228515625
Memory cached:  4.0
	 epoch  50 training error:  tensor(0.3544, grad_fn=<ToCopyBackward0>)
Memory status after this epoch: 
Memory allocated:  1.84228515625
Memory cached:  4.0
	 epoch  60 training error:  tensor(0.3570, grad_fn=<ToCopyBackward0>)
Memory status after this epoch: 
Memory allocated:  1.84228515625
Memory cached:  4.0
	 epoch  70 training error:  tensor(0.3331, grad_fn=<ToCopyBackward0>)
Memory status after this epoch: 
Memory allocated:  1.84228515625
Memory cached:  4.0
	 epoch  80 training error:  tensor(0.3035, grad_fn=<ToCopyBackward0>)
Memory status after this epoch: 
Memory allocated:  1.84228515625
Memory cached:  4.0
	 epoch  90 training error:  tensor(0.3646, grad_fn=<ToCopyBackward0>)
Memory status after this epoch: 
Memory allocated:  1.84228515625
Memory cached:  4.0
[I 2024-03-12 04:23:08,391] Trial 164 finished with value: 0.34741729497909546 and parameters: {'log_learning_rate': -1.280473966279468, 'log_learning_rate_D': -3.555565789395832, 'log_learning_rate_D_dagger': -1.0085160877263588, 'training_batch_size': 7, 'training_p': 2}. Best is trial 143 with value: 0.3113675117492676.
Time for this trial:  278.316437959671
Memory status after this trial: 
Memory allocated:  3.3525390625
Memory cached:  4.0
--------------------  Trial  165   --------------------
Start timing: 
Parameters: 
{'log_learning_rate': -1.1010362901101232, 'log_learning_rate_D': -3.289659844005058, 'log_learning_rate_D_dagger': -1.1907849612845178, 'training_batch_size': 7, 'training_p': 2}
	 epoch  0 training error:  tensor(15.2051, grad_fn=<ToCopyBackward0>)
Memory status after this epoch: 
Memory allocated:  1.84228515625
Memory cached:  4.0
	 epoch  10 training error:  tensor(0.5677, grad_fn=<ToCopyBackward0>)
Memory status after this epoch: 
Memory allocated:  1.84228515625
Memory cached:  4.0
	 epoch  20 training error:  tensor(0.4459, grad_fn=<ToCopyBackward0>)
Memory status after this epoch: 
Memory allocated:  1.84228515625
Memory cached:  4.0
	 epoch  30 training error:  tensor(0.3326, grad_fn=<ToCopyBackward0>)
Memory status after this epoch: 
Memory allocated:  1.84228515625
Memory cached:  4.0
	 epoch  40 training error:  tensor(0.3137, grad_fn=<ToCopyBackward0>)
Memory status after this epoch: 
Memory allocated:  1.84228515625
Memory cached:  4.0
	 epoch  50 training error:  tensor(0.3136, grad_fn=<ToCopyBackward0>)
Memory status after this epoch: 
Memory allocated:  1.84228515625
Memory cached:  4.0
	 epoch  60 training error:  tensor(0.3138, grad_fn=<ToCopyBackward0>)
Memory status after this epoch: 
Memory allocated:  1.84228515625
Memory cached:  4.0
	 epoch  70 training error:  tensor(0.3142, grad_fn=<ToCopyBackward0>)
Memory status after this epoch: 
Memory allocated:  1.84228515625
Memory cached:  4.0
	 epoch  80 training error:  tensor(0.3136, grad_fn=<ToCopyBackward0>)
Memory status after this epoch: 
Memory allocated:  1.84228515625
Memory cached:  4.0
	 epoch  90 training error:  tensor(0.3191, grad_fn=<ToCopyBackward0>)
Memory status after this epoch: 
Memory allocated:  1.84228515625
Memory cached:  4.0
[I 2024-03-12 04:27:46,778] Trial 165 finished with value: 0.34147384762763977 and parameters: {'log_learning_rate': -1.1010362901101232, 'log_learning_rate_D': -3.289659844005058, 'log_learning_rate_D_dagger': -1.1907849612845178, 'training_batch_size': 7, 'training_p': 2}. Best is trial 143 with value: 0.3113675117492676.
Time for this trial:  278.1498146057129
Memory status after this trial: 
Memory allocated:  3.3525390625
Memory cached:  4.0
--------------------  Trial  166   --------------------
Start timing: 
Parameters: 
{'log_learning_rate': -1.1929920937550151, 'log_learning_rate_D': -3.635521821256546, 'log_learning_rate_D_dagger': -1.3685775923852748, 'training_batch_size': 6, 'training_p': 3}
	 epoch  0 training error:  tensor(31.9654, grad_fn=<ToCopyBackward0>)
Memory status after this epoch: 
Memory allocated:  1.94189453125
Memory cached:  4.0
	 epoch  10 training error:  tensor(0.5578, grad_fn=<ToCopyBackward0>)
Memory status after this epoch: 
Memory allocated:  1.94189453125
Memory cached:  4.0
	 epoch  20 training error:  tensor(0.4367, grad_fn=<ToCopyBackward0>)
Memory status after this epoch: 
Memory allocated:  1.94189453125
Memory cached:  4.0
	 epoch  30 training error:  tensor(0.4197, grad_fn=<ToCopyBackward0>)
Memory status after this epoch: 
Memory allocated:  1.94189453125
Memory cached:  4.0
	 epoch  40 training error:  tensor(0.4174, grad_fn=<ToCopyBackward0>)
Memory status after this epoch: 
Memory allocated:  1.94189453125
Memory cached:  4.0
	 epoch  50 training error:  tensor(0.4134, grad_fn=<ToCopyBackward0>)
Memory status after this epoch: 
Memory allocated:  1.94189453125
Memory cached:  4.0
	 epoch  60 training error:  tensor(0.3886, grad_fn=<ToCopyBackward0>)
Memory status after this epoch: 
Memory allocated:  1.94189453125
Memory cached:  4.0
	 epoch  70 training error:  tensor(0.3913, grad_fn=<ToCopyBackward0>)
Memory status after this epoch: 
Memory allocated:  1.94189453125
Memory cached:  4.0
	 epoch  80 training error:  tensor(0.3845, grad_fn=<ToCopyBackward0>)
Memory status after this epoch: 
Memory allocated:  1.94189453125
Memory cached:  4.0
	 epoch  90 training error:  tensor(0.3717, grad_fn=<ToCopyBackward0>)
Memory status after this epoch: 
Memory allocated:  1.94189453125
Memory cached:  4.0
[I 2024-03-12 04:35:18,485] Trial 166 finished with value: 0.3207894265651703 and parameters: {'log_learning_rate': -1.1929920937550151, 'log_learning_rate_D': -3.635521821256546, 'log_learning_rate_D_dagger': -1.3685775923852748, 'training_batch_size': 6, 'training_p': 3}. Best is trial 143 with value: 0.3113675117492676.
Time for this trial:  451.4301595687866
Memory status after this trial: 
Memory allocated:  3.4521484375
Memory cached:  4.0
--------------------  Trial  167   --------------------
Start timing: 
Parameters: 
{'log_learning_rate': -2.0660072328429697, 'log_learning_rate_D': -3.3974154301529076, 'log_learning_rate_D_dagger': -1.2705485021407734, 'training_batch_size': 7, 'training_p': 2}
	 epoch  0 training error:  tensor(149.7281, grad_fn=<ToCopyBackward0>)
Memory status after this epoch: 
Memory allocated:  1.84228515625
Memory cached:  4.0
	 epoch  10 training error:  tensor(4.2831, grad_fn=<ToCopyBackward0>)
Memory status after this epoch: 
Memory allocated:  1.84228515625
Memory cached:  4.0
	 epoch  20 training error:  tensor(0.5681, grad_fn=<ToCopyBackward0>)
Memory status after this epoch: 
Memory allocated:  1.84228515625
Memory cached:  4.0
	 epoch  30 training error:  tensor(0.4807, grad_fn=<ToCopyBackward0>)
Memory status after this epoch: 
Memory allocated:  1.84228515625
Memory cached:  4.0
	 epoch  40 training error:  tensor(0.4446, grad_fn=<ToCopyBackward0>)
Memory status after this epoch: 
Memory allocated:  1.84228515625
Memory cached:  4.0
	 epoch  50 training error:  tensor(0.4132, grad_fn=<ToCopyBackward0>)
Memory status after this epoch: 
Memory allocated:  1.84228515625
Memory cached:  4.0
	 epoch  60 training error:  tensor(0.3945, grad_fn=<ToCopyBackward0>)
Memory status after this epoch: 
Memory allocated:  1.84228515625
Memory cached:  4.0
	 epoch  70 training error:  tensor(0.3931, grad_fn=<ToCopyBackward0>)
Memory status after this epoch: 
Memory allocated:  1.84228515625
Memory cached:  4.0
	 epoch  80 training error:  tensor(0.3830, grad_fn=<ToCopyBackward0>)
Memory status after this epoch: 
Memory allocated:  1.84228515625
Memory cached:  4.0
	 epoch  90 training error:  tensor(0.3750, grad_fn=<ToCopyBackward0>)
Memory status after this epoch: 
Memory allocated:  1.84228515625
Memory cached:  4.0
[I 2024-03-12 04:39:56,378] Trial 167 finished with value: 0.37596550583839417 and parameters: {'log_learning_rate': -2.0660072328429697, 'log_learning_rate_D': -3.3974154301529076, 'log_learning_rate_D_dagger': -1.2705485021407734, 'training_batch_size': 7, 'training_p': 2}. Best is trial 143 with value: 0.3113675117492676.
Time for this trial:  277.6312599182129
Memory status after this trial: 
Memory allocated:  3.3525390625
Memory cached:  4.0
--------------------  Trial  168   --------------------
Start timing: 
Parameters: 
{'log_learning_rate': -1.5415914071920354, 'log_learning_rate_D': -3.7833125290330107, 'log_learning_rate_D_dagger': -1.0794453108700854, 'training_batch_size': 6, 'training_p': 2}
	 epoch  0 training error:  tensor(25.9423, grad_fn=<ToCopyBackward0>)
Memory status after this epoch: 
Memory allocated:  1.94189453125
Memory cached:  4.0
	 epoch  10 training error:  tensor(0.6169, grad_fn=<ToCopyBackward0>)
Memory status after this epoch: 
Memory allocated:  1.94189453125
Memory cached:  4.0
	 epoch  20 training error:  tensor(0.4087, grad_fn=<ToCopyBackward0>)
Memory status after this epoch: 
Memory allocated:  1.94189453125
Memory cached:  4.0
	 epoch  30 training error:  tensor(0.3784, grad_fn=<ToCopyBackward0>)
Memory status after this epoch: 
Memory allocated:  1.94189453125
Memory cached:  4.0
	 epoch  40 training error:  tensor(0.3734, grad_fn=<ToCopyBackward0>)
Memory status after this epoch: 
Memory allocated:  1.94189453125
Memory cached:  4.0
	 epoch  50 training error:  tensor(0.3548, grad_fn=<ToCopyBackward0>)
Memory status after this epoch: 
Memory allocated:  1.94189453125
Memory cached:  4.0
	 epoch  60 training error:  tensor(0.3335, grad_fn=<ToCopyBackward0>)
Memory status after this epoch: 
Memory allocated:  1.94189453125
Memory cached:  4.0
	 epoch  70 training error:  tensor(0.3113, grad_fn=<ToCopyBackward0>)
Memory status after this epoch: 
Memory allocated:  1.94189453125
Memory cached:  4.0
	 epoch  80 training error:  tensor(0.2961, grad_fn=<ToCopyBackward0>)
Memory status after this epoch: 
Memory allocated:  1.94189453125
Memory cached:  4.0
	 epoch  90 training error:  tensor(0.3033, grad_fn=<ToCopyBackward0>)
Memory status after this epoch: 
Memory allocated:  1.94189453125
Memory cached:  4.0
[I 2024-03-12 04:47:27,194] Trial 168 finished with value: 0.31312987208366394 and parameters: {'log_learning_rate': -1.5415914071920354, 'log_learning_rate_D': -3.7833125290330107, 'log_learning_rate_D_dagger': -1.0794453108700854, 'training_batch_size': 6, 'training_p': 2}. Best is trial 143 with value: 0.3113675117492676.
Time for this trial:  450.5310769081116
Memory status after this trial: 
Memory allocated:  3.4521484375
Memory cached:  4.0
--------------------  Trial  169   --------------------
Start timing: 
Parameters: 
{'log_learning_rate': -1.410127163658937, 'log_learning_rate_D': -3.776537834475881, 'log_learning_rate_D_dagger': -1.08050827037518, 'training_batch_size': 7, 'training_p': 2}
	 epoch  0 training error:  tensor(35.2615, grad_fn=<ToCopyBackward0>)
Memory status after this epoch: 
Memory allocated:  1.84228515625
Memory cached:  4.0
	 epoch  10 training error:  tensor(1.5071, grad_fn=<ToCopyBackward0>)
Memory status after this epoch: 
Memory allocated:  1.84228515625
Memory cached:  4.0
	 epoch  20 training error:  tensor(0.4688, grad_fn=<ToCopyBackward0>)
Memory status after this epoch: 
Memory allocated:  1.84228515625
Memory cached:  4.0
	 epoch  30 training error:  tensor(0.4010, grad_fn=<ToCopyBackward0>)
Memory status after this epoch: 
Memory allocated:  1.84228515625
Memory cached:  4.0
	 epoch  40 training error:  tensor(0.3757, grad_fn=<ToCopyBackward0>)
Memory status after this epoch: 
Memory allocated:  1.84228515625
Memory cached:  4.0
	 epoch  50 training error:  tensor(0.3599, grad_fn=<ToCopyBackward0>)
Memory status after this epoch: 
Memory allocated:  1.84228515625
Memory cached:  4.0
	 epoch  60 training error:  tensor(0.4037, grad_fn=<ToCopyBackward0>)
Memory status after this epoch: 
Memory allocated:  1.84228515625
Memory cached:  4.0
	 epoch  70 training error:  tensor(0.3337, grad_fn=<ToCopyBackward0>)
Memory status after this epoch: 
Memory allocated:  1.84228515625
Memory cached:  4.0
	 epoch  80 training error:  tensor(0.3005, grad_fn=<ToCopyBackward0>)
Memory status after this epoch: 
Memory allocated:  1.84228515625
Memory cached:  4.0
	 epoch  90 training error:  tensor(0.3200, grad_fn=<ToCopyBackward0>)
Memory status after this epoch: 
Memory allocated:  1.84228515625
Memory cached:  4.0
[I 2024-03-12 04:52:06,132] Trial 169 finished with value: 0.31353759765625 and parameters: {'log_learning_rate': -1.410127163658937, 'log_learning_rate_D': -3.776537834475881, 'log_learning_rate_D_dagger': -1.08050827037518, 'training_batch_size': 7, 'training_p': 2}. Best is trial 143 with value: 0.3113675117492676.
Time for this trial:  278.702517747879
Memory status after this trial: 
Memory allocated:  3.3525390625
Memory cached:  4.0
--------------------  Trial  170   --------------------
Start timing: 
Parameters: 
{'log_learning_rate': -1.5251543777037826, 'log_learning_rate_D': -3.798756139563972, 'log_learning_rate_D_dagger': -1.0513079404426415, 'training_batch_size': 9, 'training_p': 2}
	 epoch  0 training error:  tensor(71.4132, grad_fn=<ToCopyBackward0>)
Memory status after this epoch: 
Memory allocated:  1.93994140625
Memory cached:  8.0
	 epoch  10 training error:  tensor(12.5554, grad_fn=<ToCopyBackward0>)
Memory status after this epoch: 
Memory allocated:  1.93994140625
Memory cached:  8.0
	 epoch  20 training error:  tensor(5.4499, grad_fn=<ToCopyBackward0>)
Memory status after this epoch: 
Memory allocated:  1.93994140625
Memory cached:  8.0
	 epoch  30 training error:  tensor(0.5905, grad_fn=<ToCopyBackward0>)
Memory status after this epoch: 
Memory allocated:  1.93994140625
Memory cached:  6.0
	 epoch  40 training error:  tensor(0.6766, grad_fn=<ToCopyBackward0>)
Memory status after this epoch: 
Memory allocated:  1.93994140625
Memory cached:  8.0
	 epoch  50 training error:  tensor(0.7389, grad_fn=<ToCopyBackward0>)
Memory status after this epoch: 
Memory allocated:  1.93994140625
Memory cached:  8.0
	 epoch  60 training error:  tensor(0.4007, grad_fn=<ToCopyBackward0>)
Memory status after this epoch: 
Memory allocated:  1.93994140625
Memory cached:  8.0
	 epoch  70 training error:  tensor(0.4170, grad_fn=<ToCopyBackward0>)
Memory status after this epoch: 
Memory allocated:  1.93994140625
Memory cached:  8.0
	 epoch  80 training error:  tensor(0.4393, grad_fn=<ToCopyBackward0>)
Memory status after this epoch: 
Memory allocated:  1.93994140625
Memory cached:  8.0
	 epoch  90 training error:  tensor(0.5517, grad_fn=<ToCopyBackward0>)
Memory status after this epoch: 
Memory allocated:  1.93994140625
Memory cached:  8.0
