/home/shengduo/anaconda3/lib/python3.9/site-packages/scipy/__init__.py:146: UserWarning: A NumPy version >=1.16.5 and <1.23.0 is required for this version of SciPy (detected version 1.24.1
  warnings.warn(f"A NumPy version >={np_minversion} and <{np_maxversion}"
[I 2023-12-04 00:03:39,586] A new study created in memory with name: no-name-f547b0ad-d621-4459-b3c6-51c2fcb1cb02
Cuda is available:  True
Device is:  cuda:0
Memory allocated:  0.0
Memory cached:  0.0
Data file:  ./data/Trial1116_smallDRS_largeA.pt
Vs.shape:  torch.Size([100, 100])
thetas.shape:  torch.Size([100, 100])
fs.shape:  torch.Size([100, 100])
ts.shape:  torch.Size([100, 100])
Xs.shape:  torch.Size([100, 100])
--------------------  Trial  0   --------------------
Start timing: 
Parameters: 
{'W_layers': 2, 'W_layer_units_exponent_0': 8, 'W_layer_units_exponent_1': 6, 'D_layers': 5, 'D_layer_units_exponent_0': 4, 'D_layer_units_exponent_1': 7, 'D_layer_units_exponent_2': 7, 'D_layer_units_exponent_3': 10, 'D_layer_units_exponent_4': 6, 'log_learning_rate': -3.9075044490778423, 'log_learning_rate_D': -3.6064624982737064, 'training_batch_size': 12, 'training_p': 4}
/home/shengduo/anaconda3/lib/python3.9/site-packages/torch/nn/init.py:405: UserWarning: Initializing zero-element tensors is a no-op
  warnings.warn("Initializing zero-element tensors is a no-op")
	 epoch  0 training error:  tensor(0.9446, device='cuda:0', grad_fn=<DivBackward0>)
Memory status after this epoch: 
Memory allocated:  1.12548828125
Memory cached:  2.0
	 epoch  10 training error:  tensor(0.7761, device='cuda:0', grad_fn=<DivBackward0>)
Memory status after this epoch: 
Memory allocated:  1.12548828125
Memory cached:  2.0
	 epoch  20 training error:  tensor(0.6158, device='cuda:0', grad_fn=<DivBackward0>)
Memory status after this epoch: 
Memory allocated:  1.12548828125
Memory cached:  2.0
	 epoch  30 training error:  tensor(0.4675, device='cuda:0', grad_fn=<DivBackward0>)
Memory status after this epoch: 
Memory allocated:  1.12548828125
Memory cached:  2.0
	 epoch  40 training error:  tensor(0.3362, device='cuda:0', grad_fn=<DivBackward0>)
Memory status after this epoch: 
Memory allocated:  1.12548828125
Memory cached:  2.0
	 epoch  50 training error:  tensor(0.2306, device='cuda:0', grad_fn=<DivBackward0>)
Memory status after this epoch: 
Memory allocated:  1.12548828125
Memory cached:  2.0
	 epoch  60 training error:  tensor(0.1914, device='cuda:0', grad_fn=<DivBackward0>)
Memory status after this epoch: 
Memory allocated:  1.12548828125
Memory cached:  2.0
	 epoch  70 training error:  tensor(0.1701, device='cuda:0', grad_fn=<DivBackward0>)
Memory status after this epoch: 
Memory allocated:  1.12548828125
Memory cached:  2.0
	 epoch  80 training error:  tensor(0.1461, device='cuda:0', grad_fn=<DivBackward0>)
Memory status after this epoch: 
Memory allocated:  1.12548828125
Memory cached:  2.0
	 epoch  90 training error:  tensor(0.1357, device='cuda:0', grad_fn=<DivBackward0>)
Memory status after this epoch: 
Memory allocated:  1.12548828125
Memory cached:  2.0
[I 2023-12-04 00:03:54,910] Trial 0 finished with value: 0.10206685215234756 and parameters: {'W_layers': 2, 'W_layer_units_exponent_0': 8, 'W_layer_units_exponent_1': 6, 'D_layers': 5, 'D_layer_units_exponent_0': 4, 'D_layer_units_exponent_1': 7, 'D_layer_units_exponent_2': 7, 'D_layer_units_exponent_3': 10, 'D_layer_units_exponent_4': 6, 'log_learning_rate': -3.9075044490778423, 'log_learning_rate_D': -3.6064624982737064, 'training_batch_size': 12, 'training_p': 4}. Best is trial 0 with value: 0.10206685215234756.
res:  tensor(0.1021, device='cuda:0', grad_fn=<DivBackward0>)
self.bestValue:  10000000.0
Save this model!
Time for this trial:  15.219303369522095
Memory status after this trial: 
Memory allocated:  7.4990234375
Memory cached:  24.0
--------------------  Trial  1   --------------------
Start timing: 
Parameters: 
{'W_layers': 6, 'W_layer_units_exponent_0': 4, 'W_layer_units_exponent_1': 4, 'W_layer_units_exponent_2': 6, 'W_layer_units_exponent_3': 4, 'W_layer_units_exponent_4': 10, 'W_layer_units_exponent_5': 9, 'D_layers': 3, 'D_layer_units_exponent_0': 5, 'D_layer_units_exponent_1': 5, 'D_layer_units_exponent_2': 5, 'log_learning_rate': -1.3098125020147648, 'log_learning_rate_D': -3.4240763647345385, 'training_batch_size': 8, 'training_p': 3}
	 epoch  0 training error:  tensor(1.0034, device='cuda:0', grad_fn=<DivBackward0>)
Memory status after this epoch: 
Memory allocated:  16.14892578125
Memory cached:  24.0
	 epoch  10 training error:  tensor(1.0424, device='cuda:0', grad_fn=<DivBackward0>)
Memory status after this epoch: 
Memory allocated:  16.14892578125
Memory cached:  24.0
	 epoch  20 training error:  tensor(1.5923, device='cuda:0', grad_fn=<DivBackward0>)
Memory status after this epoch: 
Memory allocated:  16.14892578125
Memory cached:  24.0
	 epoch  30 training error:  tensor(0.7427, device='cuda:0', grad_fn=<DivBackward0>)
Memory status after this epoch: 
Memory allocated:  16.14892578125
Memory cached:  24.0
	 epoch  40 training error:  tensor(2.1448, device='cuda:0', grad_fn=<DivBackward0>)
Memory status after this epoch: 
Memory allocated:  16.14892578125
Memory cached:  24.0
	 epoch  50 training error:  tensor(4.0035, device='cuda:0', grad_fn=<DivBackward0>)
Memory status after this epoch: 
Memory allocated:  16.14892578125
Memory cached:  24.0
	 epoch  60 training error:  tensor(4.4030, device='cuda:0', grad_fn=<DivBackward0>)
Memory status after this epoch: 
Memory allocated:  16.14892578125
Memory cached:  24.0
	 epoch  70 training error:  tensor(6.1315, device='cuda:0', grad_fn=<DivBackward0>)
Memory status after this epoch: 
Memory allocated:  16.14892578125
Memory cached:  24.0
	 epoch  80 training error:  tensor(0.3393, device='cuda:0', grad_fn=<DivBackward0>)
Memory status after this epoch: 
Memory allocated:  16.14892578125
Memory cached:  24.0
	 epoch  90 training error:  tensor(1.2841, device='cuda:0', grad_fn=<DivBackward0>)
Memory status after this epoch: 
Memory allocated:  16.14892578125
Memory cached:  24.0
[I 2023-12-04 00:04:09,522] Trial 1 finished with value: 0.4413776099681854 and parameters: {'W_layers': 6, 'W_layer_units_exponent_0': 4, 'W_layer_units_exponent_1': 4, 'W_layer_units_exponent_2': 6, 'W_layer_units_exponent_3': 4, 'W_layer_units_exponent_4': 10, 'W_layer_units_exponent_5': 9, 'D_layers': 3, 'D_layer_units_exponent_0': 5, 'D_layer_units_exponent_1': 5, 'D_layer_units_exponent_2': 5, 'log_learning_rate': -1.3098125020147648, 'log_learning_rate_D': -3.4240763647345385, 'training_batch_size': 8, 'training_p': 3}. Best is trial 0 with value: 0.10206685215234756.
Time for this trial:  14.51552152633667
Memory status after this trial: 
Memory allocated:  49.89208984375
Memory cached:  66.0
--------------------  Trial  2   --------------------
Start timing: 
Parameters: 
{'W_layers': 7, 'W_layer_units_exponent_0': 6, 'W_layer_units_exponent_1': 4, 'W_layer_units_exponent_2': 6, 'W_layer_units_exponent_3': 8, 'W_layer_units_exponent_4': 6, 'W_layer_units_exponent_5': 10, 'W_layer_units_exponent_6': 6, 'D_layers': 7, 'D_layer_units_exponent_0': 9, 'D_layer_units_exponent_1': 5, 'D_layer_units_exponent_2': 5, 'D_layer_units_exponent_3': 5, 'D_layer_units_exponent_4': 6, 'D_layer_units_exponent_5': 6, 'D_layer_units_exponent_6': 5, 'log_learning_rate': -4.7327639669858055, 'log_learning_rate_D': -4.850453126155918, 'training_batch_size': 8, 'training_p': 3}
	 epoch  0 training error:  tensor(1.0280, device='cuda:0', grad_fn=<DivBackward0>)
Memory status after this epoch: 
Memory allocated:  10.20654296875
Memory cached:  26.0
	 epoch  10 training error:  tensor(1.0017, device='cuda:0', grad_fn=<DivBackward0>)
Memory status after this epoch: 
Memory allocated:  10.20654296875
Memory cached:  26.0
	 epoch  20 training error:  tensor(0.9751, device='cuda:0', grad_fn=<DivBackward0>)
Memory status after this epoch: 
Memory allocated:  10.20654296875
Memory cached:  26.0
	 epoch  30 training error:  tensor(0.9478, device='cuda:0', grad_fn=<DivBackward0>)
Memory status after this epoch: 
Memory allocated:  10.20654296875
Memory cached:  26.0
	 epoch  40 training error:  tensor(0.9190, device='cuda:0', grad_fn=<DivBackward0>)
Memory status after this epoch: 
Memory allocated:  10.20654296875
Memory cached:  26.0
	 epoch  50 training error:  tensor(0.8883, device='cuda:0', grad_fn=<DivBackward0>)
Memory status after this epoch: 
Memory allocated:  10.20654296875
Memory cached:  26.0
	 epoch  60 training error:  tensor(0.8548, device='cuda:0', grad_fn=<DivBackward0>)
Memory status after this epoch: 
Memory allocated:  10.20654296875
Memory cached:  26.0
	 epoch  70 training error:  tensor(0.8179, device='cuda:0', grad_fn=<DivBackward0>)
Memory status after this epoch: 
Memory allocated:  10.20654296875
Memory cached:  26.0
	 epoch  80 training error:  tensor(0.7768, device='cuda:0', grad_fn=<DivBackward0>)
Memory status after this epoch: 
Memory allocated:  10.20654296875
Memory cached:  26.0
	 epoch  90 training error:  tensor(0.7307, device='cuda:0', grad_fn=<DivBackward0>)
Memory status after this epoch: 
Memory allocated:  10.20654296875
Memory cached:  26.0
[I 2023-12-04 00:04:23,744] Trial 2 finished with value: 0.6738959550857544 and parameters: {'W_layers': 7, 'W_layer_units_exponent_0': 6, 'W_layer_units_exponent_1': 4, 'W_layer_units_exponent_2': 6, 'W_layer_units_exponent_3': 8, 'W_layer_units_exponent_4': 6, 'W_layer_units_exponent_5': 10, 'W_layer_units_exponent_6': 6, 'D_layers': 7, 'D_layer_units_exponent_0': 9, 'D_layer_units_exponent_1': 5, 'D_layer_units_exponent_2': 5, 'D_layer_units_exponent_3': 5, 'D_layer_units_exponent_4': 6, 'D_layer_units_exponent_5': 6, 'D_layer_units_exponent_6': 5, 'log_learning_rate': -4.7327639669858055, 'log_learning_rate_D': -4.850453126155918, 'training_batch_size': 8, 'training_p': 3}. Best is trial 0 with value: 0.10206685215234756.
Time for this trial:  14.119624376296997
Memory status after this trial: 
Memory allocated:  44.81396484375
Memory cached:  52.0
--------------------  Trial  3   --------------------
Start timing: 
Parameters: 
{'W_layers': 6, 'W_layer_units_exponent_0': 8, 'W_layer_units_exponent_1': 10, 'W_layer_units_exponent_2': 8, 'W_layer_units_exponent_3': 10, 'W_layer_units_exponent_4': 5, 'W_layer_units_exponent_5': 9, 'D_layers': 3, 'D_layer_units_exponent_0': 7, 'D_layer_units_exponent_1': 5, 'D_layer_units_exponent_2': 8, 'log_learning_rate': -2.7953943729425137, 'log_learning_rate_D': -2.555174313432639, 'training_batch_size': 7, 'training_p': 2}
	 epoch  0 training error:  tensor(1.0060, device='cuda:0', grad_fn=<DivBackward0>)
Memory status after this epoch: 
Memory allocated:  20.39599609375
Memory cached:  36.0
	 epoch  10 training error:  tensor(0.1347, device='cuda:0', grad_fn=<DivBackward0>)
Memory status after this epoch: 
Memory allocated:  20.39599609375
Memory cached:  36.0
	 epoch  20 training error:  tensor(0.1186, device='cuda:0', grad_fn=<DivBackward0>)
Memory status after this epoch: 
Memory allocated:  20.39599609375
Memory cached:  36.0
	 epoch  30 training error:  tensor(0.1070, device='cuda:0', grad_fn=<DivBackward0>)
Memory status after this epoch: 
Memory allocated:  20.39599609375
Memory cached:  36.0
	 epoch  40 training error:  tensor(0.0941, device='cuda:0', grad_fn=<DivBackward0>)
Memory status after this epoch: 
Memory allocated:  20.39599609375
Memory cached:  36.0
	 epoch  50 training error:  tensor(0.0947, device='cuda:0', grad_fn=<DivBackward0>)
Memory status after this epoch: 
Memory allocated:  20.39599609375
Memory cached:  36.0
	 epoch  60 training error:  tensor(0.0940, device='cuda:0', grad_fn=<DivBackward0>)
Memory status after this epoch: 
Memory allocated:  20.39599609375
Memory cached:  36.0
	 epoch  70 training error:  tensor(0.0940, device='cuda:0', grad_fn=<DivBackward0>)
Memory status after this epoch: 
Memory allocated:  20.39599609375
Memory cached:  36.0
	 epoch  80 training error:  tensor(0.0940, device='cuda:0', grad_fn=<DivBackward0>)
Memory status after this epoch: 
Memory allocated:  20.39599609375
Memory cached:  36.0
	 epoch  90 training error:  tensor(0.0940, device='cuda:0', grad_fn=<DivBackward0>)
Memory status after this epoch: 
Memory allocated:  20.39599609375
Memory cached:  36.0
[I 2023-12-04 00:04:38,728] Trial 3 finished with value: 0.09675099700689316 and parameters: {'W_layers': 6, 'W_layer_units_exponent_0': 8, 'W_layer_units_exponent_1': 10, 'W_layer_units_exponent_2': 8, 'W_layer_units_exponent_3': 10, 'W_layer_units_exponent_4': 5, 'W_layer_units_exponent_5': 9, 'D_layers': 3, 'D_layer_units_exponent_0': 7, 'D_layer_units_exponent_1': 5, 'D_layer_units_exponent_2': 8, 'log_learning_rate': -2.7953943729425137, 'log_learning_rate_D': -2.555174313432639, 'training_batch_size': 7, 'training_p': 2}. Best is trial 3 with value: 0.09675099700689316.
res:  tensor(0.0968, device='cuda:0', grad_fn=<DivBackward0>)
self.bestValue:  tensor(0.1021, device='cuda:0', grad_fn=<DivBackward0>)
Save this model!
Time for this trial:  14.88166856765747
Memory status after this trial: 
Memory allocated:  78.900390625
Memory cached:  92.0
--------------------  Trial  4   --------------------
Start timing: 
Parameters: 
{'W_layers': 2, 'W_layer_units_exponent_0': 8, 'W_layer_units_exponent_1': 7, 'D_layers': 5, 'D_layer_units_exponent_0': 4, 'D_layer_units_exponent_1': 9, 'D_layer_units_exponent_2': 8, 'D_layer_units_exponent_3': 9, 'D_layer_units_exponent_4': 6, 'log_learning_rate': -3.2066115512635034, 'log_learning_rate_D': -3.4208677557693545, 'training_batch_size': 8, 'training_p': 6}
	 epoch  0 training error:  tensor(1.0282, device='cuda:0', grad_fn=<DivBackward0>)
Memory status after this epoch: 
Memory allocated:  80.611328125
Memory cached:  92.0
	 epoch  10 training error:  tensor(0.3692, device='cuda:0', grad_fn=<DivBackward0>)
Memory status after this epoch: 
Memory allocated:  80.611328125
Memory cached:  92.0
	 epoch  20 training error:  tensor(0.2089, device='cuda:0', grad_fn=<DivBackward0>)
Memory status after this epoch: 
Memory allocated:  80.611328125
Memory cached:  92.0
	 epoch  30 training error:  tensor(0.1743, device='cuda:0', grad_fn=<DivBackward0>)
Memory status after this epoch: 
Memory allocated:  80.611328125
Memory cached:  92.0
	 epoch  40 training error:  tensor(0.1495, device='cuda:0', grad_fn=<DivBackward0>)
Memory status after this epoch: 
Memory allocated:  80.611328125
Memory cached:  92.0
	 epoch  50 training error:  tensor(0.1485, device='cuda:0', grad_fn=<DivBackward0>)
Memory status after this epoch: 
Memory allocated:  80.611328125
Memory cached:  92.0
	 epoch  60 training error:  tensor(0.1466, device='cuda:0', grad_fn=<DivBackward0>)
Memory status after this epoch: 
Memory allocated:  80.611328125
Memory cached:  92.0
	 epoch  70 training error:  tensor(0.1456, device='cuda:0', grad_fn=<DivBackward0>)
Memory status after this epoch: 
Memory allocated:  80.611328125
Memory cached:  92.0
	 epoch  80 training error:  tensor(0.1455, device='cuda:0', grad_fn=<DivBackward0>)
Memory status after this epoch: 
Memory allocated:  80.611328125
Memory cached:  92.0
	 epoch  90 training error:  tensor(0.1454, device='cuda:0', grad_fn=<DivBackward0>)
Memory status after this epoch: 
Memory allocated:  80.611328125
Memory cached:  92.0
[I 2023-12-04 00:04:51,716] Trial 4 finished with value: 0.1172911673784256 and parameters: {'W_layers': 2, 'W_layer_units_exponent_0': 8, 'W_layer_units_exponent_1': 7, 'D_layers': 5, 'D_layer_units_exponent_0': 4, 'D_layer_units_exponent_1': 9, 'D_layer_units_exponent_2': 8, 'D_layer_units_exponent_3': 9, 'D_layer_units_exponent_4': 6, 'log_learning_rate': -3.2066115512635034, 'log_learning_rate_D': -3.4208677557693545, 'training_batch_size': 8, 'training_p': 6}. Best is trial 3 with value: 0.09675099700689316.
Time for this trial:  12.900392293930054
Memory status after this trial: 
Memory allocated:  88.45751953125
Memory cached:  94.0
--------------------  Trial  5   --------------------
Start timing: 
Parameters: 
{'W_layers': 7, 'W_layer_units_exponent_0': 4, 'W_layer_units_exponent_1': 9, 'W_layer_units_exponent_2': 4, 'W_layer_units_exponent_3': 8, 'W_layer_units_exponent_4': 6, 'W_layer_units_exponent_5': 10, 'W_layer_units_exponent_6': 4, 'D_layers': 5, 'D_layer_units_exponent_0': 9, 'D_layer_units_exponent_1': 4, 'D_layer_units_exponent_2': 7, 'D_layer_units_exponent_3': 10, 'D_layer_units_exponent_4': 7, 'log_learning_rate': -2.0591434822125425, 'log_learning_rate_D': -3.216357749049215, 'training_batch_size': 6, 'training_p': 2}
	 epoch  0 training error:  tensor(0.9310, device='cuda:0', grad_fn=<DivBackward0>)
Memory status after this epoch: 
Memory allocated:  81.810546875
Memory cached:  92.0
	 epoch  10 training error:  tensor(1.0387, device='cuda:0', grad_fn=<DivBackward0>)
Memory status after this epoch: 
Memory allocated:  81.810546875
Memory cached:  92.0
	 epoch  20 training error:  tensor(0.3253, device='cuda:0', grad_fn=<DivBackward0>)
Memory status after this epoch: 
Memory allocated:  81.810546875
Memory cached:  92.0
	 epoch  30 training error:  tensor(0.1486, device='cuda:0', grad_fn=<DivBackward0>)
Memory status after this epoch: 
Memory allocated:  81.810546875
Memory cached:  92.0
	 epoch  40 training error:  tensor(0.1103, device='cuda:0', grad_fn=<DivBackward0>)
Memory status after this epoch: 
Memory allocated:  81.810546875
Memory cached:  92.0
	 epoch  50 training error:  tensor(0.1107, device='cuda:0', grad_fn=<DivBackward0>)
Memory status after this epoch: 
Memory allocated:  81.810546875
Memory cached:  92.0
	 epoch  60 training error:  tensor(0.1102, device='cuda:0', grad_fn=<DivBackward0>)
Memory status after this epoch: 
Memory allocated:  81.810546875
Memory cached:  92.0
	 epoch  70 training error:  tensor(0.1102, device='cuda:0', grad_fn=<DivBackward0>)
Memory status after this epoch: 
Memory allocated:  81.810546875
Memory cached:  92.0
	 epoch  80 training error:  tensor(0.1102, device='cuda:0', grad_fn=<DivBackward0>)
Memory status after this epoch: 
Memory allocated:  81.810546875
Memory cached:  92.0
	 epoch  90 training error:  tensor(0.1102, device='cuda:0', grad_fn=<DivBackward0>)
Memory status after this epoch: 
Memory allocated:  81.810546875
Memory cached:  92.0
[I 2023-12-04 00:05:07,455] Trial 5 finished with value: 0.11408243328332901 and parameters: {'W_layers': 7, 'W_layer_units_exponent_0': 4, 'W_layer_units_exponent_1': 9, 'W_layer_units_exponent_2': 4, 'W_layer_units_exponent_3': 8, 'W_layer_units_exponent_4': 6, 'W_layer_units_exponent_5': 10, 'W_layer_units_exponent_6': 4, 'D_layers': 5, 'D_layer_units_exponent_0': 9, 'D_layer_units_exponent_1': 4, 'D_layer_units_exponent_2': 7, 'D_layer_units_exponent_3': 10, 'D_layer_units_exponent_4': 7, 'log_learning_rate': -2.0591434822125425, 'log_learning_rate_D': -3.216357749049215, 'training_batch_size': 6, 'training_p': 2}. Best is trial 3 with value: 0.09675099700689316.
Time for this trial:  15.652467489242554
Memory status after this trial: 
Memory allocated:  123.91552734375
Memory cached:  134.0
--------------------  Trial  6   --------------------
Start timing: 
Parameters: 
{'W_layers': 3, 'W_layer_units_exponent_0': 10, 'W_layer_units_exponent_1': 9, 'W_layer_units_exponent_2': 8, 'D_layers': 7, 'D_layer_units_exponent_0': 4, 'D_layer_units_exponent_1': 5, 'D_layer_units_exponent_2': 8, 'D_layer_units_exponent_3': 10, 'D_layer_units_exponent_4': 4, 'D_layer_units_exponent_5': 9, 'D_layer_units_exponent_6': 6, 'log_learning_rate': -4.314115277831933, 'log_learning_rate_D': -4.080865798444872, 'training_batch_size': 9, 'training_p': 4}
	 epoch  0 training error:  tensor(0.9694, device='cuda:0', grad_fn=<DivBackward0>)
Memory status after this epoch: 
Memory allocated:  90.6787109375
Memory cached:  110.0
	 epoch  10 training error:  tensor(0.4812, device='cuda:0', grad_fn=<DivBackward0>)
Memory status after this epoch: 
Memory allocated:  90.6787109375
Memory cached:  110.0
	 epoch  20 training error:  tensor(0.2327, device='cuda:0', grad_fn=<DivBackward0>)
Memory status after this epoch: 
Memory allocated:  90.6787109375
Memory cached:  110.0
	 epoch  30 training error:  tensor(0.1506, device='cuda:0', grad_fn=<DivBackward0>)
Memory status after this epoch: 
Memory allocated:  90.6787109375
Memory cached:  110.0
	 epoch  40 training error:  tensor(0.1307, device='cuda:0', grad_fn=<DivBackward0>)
Memory status after this epoch: 
Memory allocated:  90.6787109375
Memory cached:  110.0
	 epoch  50 training error:  tensor(0.1319, device='cuda:0', grad_fn=<DivBackward0>)
Memory status after this epoch: 
Memory allocated:  90.6787109375
Memory cached:  110.0
	 epoch  60 training error:  tensor(0.1298, device='cuda:0', grad_fn=<DivBackward0>)
Memory status after this epoch: 
Memory allocated:  90.6787109375
Memory cached:  110.0
	 epoch  70 training error:  tensor(0.1301, device='cuda:0', grad_fn=<DivBackward0>)
Memory status after this epoch: 
Memory allocated:  90.6787109375
Memory cached:  110.0
	 epoch  80 training error:  tensor(0.1293, device='cuda:0', grad_fn=<DivBackward0>)
Memory status after this epoch: 
Memory allocated:  90.6787109375
Memory cached:  110.0
	 epoch  90 training error:  tensor(0.1292, device='cuda:0', grad_fn=<DivBackward0>)
Memory status after this epoch: 
Memory allocated:  90.6787109375
Memory cached:  110.0
