[I 2024-03-01 11:05:07,380] Trial 11 finished with value: 0.1404559463262558 and parameters: {'W_layers': 6, 'W_layer_units_exponent_0': 10, 'W_layer_units_exponent_1': 4, 'W_layer_units_exponent_2': 8, 'W_layer_units_exponent_3': 4, 'W_layer_units_exponent_4': 10, 'W_layer_units_exponent_5': 10, 'D_layers': 8, 'D_layer_units_exponent_0': 4, 'D_layer_units_exponent_1': 8, 'D_layer_units_exponent_2': 9, 'D_layer_units_exponent_3': 7, 'D_layer_units_exponent_4': 4, 'D_layer_units_exponent_5': 4, 'D_layer_units_exponent_6': 6, 'D_layer_units_exponent_7': 4, 'D_dagger_layers': 2, 'D_dagger_layer_units_exponent_0': 4, 'D_dagger_layer_units_exponent_1': 8, 'log_learning_rate': -4.975219313014927, 'log_learning_rate_D': -2.7897243212031446, 'log_learning_rate_D_dagger': -2.8617234705627963, 'training_batch_size': 6, 'training_p': 6}. Best is trial 11 with value: 0.1404559463262558.
res:  tensor(0.1405, grad_fn=<ToCopyBackward0>)
self.bestValue:  tensor(0.1544, grad_fn=<ToCopyBackward0>)
Save this model!
Time for this trial:  3480.8031237125397
Memory status after this trial: 
Memory allocated:  975.60693359375
Memory cached:  1462.0
--------------------  Trial  12   --------------------
Start timing: 
Parameters: 
{'W_layers': 6, 'W_layer_units_exponent_0': 10, 'W_layer_units_exponent_1': 4, 'W_layer_units_exponent_2': 8, 'W_layer_units_exponent_3': 4, 'W_layer_units_exponent_4': 10, 'W_layer_units_exponent_5': 10, 'D_layers': 7, 'D_layer_units_exponent_0': 4, 'D_layer_units_exponent_1': 9, 'D_layer_units_exponent_2': 10, 'D_layer_units_exponent_3': 7, 'D_layer_units_exponent_4': 4, 'D_layer_units_exponent_5': 4, 'D_layer_units_exponent_6': 6, 'D_dagger_layers': 2, 'D_dagger_layer_units_exponent_0': 4, 'D_dagger_layer_units_exponent_1': 8, 'log_learning_rate': -4.9534710094007375, 'log_learning_rate_D': -3.105366065311643, 'log_learning_rate_D_dagger': -2.865895373659833, 'training_batch_size': 6, 'training_p': 7}
	 epoch  0 training error:  tensor(0.6356, grad_fn=<ToCopyBackward0>)
Memory status after this epoch: 
Memory allocated:  1010.455078125
Memory cached:  1572.0
	 epoch  10 training error:  tensor(0.3686, grad_fn=<ToCopyBackward0>)
Memory status after this epoch: 
Memory allocated:  1010.455078125
Memory cached:  1584.0
	 epoch  20 training error:  tensor(0.3640, grad_fn=<ToCopyBackward0>)
Memory status after this epoch: 
Memory allocated:  1010.455078125
Memory cached:  1584.0
	 epoch  30 training error:  tensor(0.3611, grad_fn=<ToCopyBackward0>)
Memory status after this epoch: 
Memory allocated:  1010.455078125
Memory cached:  1584.0
	 epoch  40 training error:  tensor(0.3592, grad_fn=<ToCopyBackward0>)
Memory status after this epoch: 
Memory allocated:  1010.455078125
Memory cached:  1584.0
	 epoch  50 training error:  tensor(0.3574, grad_fn=<ToCopyBackward0>)
Memory status after this epoch: 
Memory allocated:  1010.455078125
Memory cached:  1584.0
	 epoch  60 training error:  tensor(0.3559, grad_fn=<ToCopyBackward0>)
Memory status after this epoch: 
Memory allocated:  1010.455078125
Memory cached:  1584.0
	 epoch  70 training error:  tensor(0.3251, grad_fn=<ToCopyBackward0>)
Memory status after this epoch: 
Memory allocated:  1010.455078125
Memory cached:  1584.0
	 epoch  80 training error:  tensor(0.3082, grad_fn=<ToCopyBackward0>)
Memory status after this epoch: 
Memory allocated:  1010.455078125
Memory cached:  1584.0
	 epoch  90 training error:  tensor(0.4545, grad_fn=<ToCopyBackward0>)
Memory status after this epoch: 
Memory allocated:  1010.455078125
Memory cached:  1584.0
[I 2024-03-01 12:00:15,080] Trial 12 finished with value: 0.12159967422485352 and parameters: {'W_layers': 6, 'W_layer_units_exponent_0': 10, 'W_layer_units_exponent_1': 4, 'W_layer_units_exponent_2': 8, 'W_layer_units_exponent_3': 4, 'W_layer_units_exponent_4': 10, 'W_layer_units_exponent_5': 10, 'D_layers': 7, 'D_layer_units_exponent_0': 4, 'D_layer_units_exponent_1': 9, 'D_layer_units_exponent_2': 10, 'D_layer_units_exponent_3': 7, 'D_layer_units_exponent_4': 4, 'D_layer_units_exponent_5': 4, 'D_layer_units_exponent_6': 6, 'D_dagger_layers': 2, 'D_dagger_layer_units_exponent_0': 4, 'D_dagger_layer_units_exponent_1': 8, 'log_learning_rate': -4.9534710094007375, 'log_learning_rate_D': -3.105366065311643, 'log_learning_rate_D_dagger': -2.865895373659833, 'training_batch_size': 6, 'training_p': 7}. Best is trial 12 with value: 0.12159967422485352.
res:  tensor(0.1216, grad_fn=<ToCopyBackward0>)
self.bestValue:  tensor(0.1405, grad_fn=<ToCopyBackward0>)
Save this model!
Time for this trial:  3306.7995312213898
Memory status after this trial: 
Memory allocated:  1134.958984375
Memory cached:  1636.0
--------------------  Trial  13   --------------------
Start timing: 
Parameters: 
{'W_layers': 6, 'W_layer_units_exponent_0': 10, 'W_layer_units_exponent_1': 4, 'W_layer_units_exponent_2': 8, 'W_layer_units_exponent_3': 4, 'W_layer_units_exponent_4': 10, 'W_layer_units_exponent_5': 10, 'D_layers': 7, 'D_layer_units_exponent_0': 4, 'D_layer_units_exponent_1': 10, 'D_layer_units_exponent_2': 9, 'D_layer_units_exponent_3': 10, 'D_layer_units_exponent_4': 4, 'D_layer_units_exponent_5': 4, 'D_layer_units_exponent_6': 10, 'D_dagger_layers': 2, 'D_dagger_layer_units_exponent_0': 10, 'D_dagger_layer_units_exponent_1': 8, 'log_learning_rate': -4.932021446227949, 'log_learning_rate_D': -3.3257535755644216, 'log_learning_rate_D_dagger': -3.2758434304116637, 'training_batch_size': 6, 'training_p': 7}
	 epoch  0 training error:  tensor(0.6063, grad_fn=<ToCopyBackward0>)
Memory status after this epoch: 
Memory allocated:  1182.84423828125
Memory cached:  1702.0
	 epoch  10 training error:  tensor(0.3651, grad_fn=<ToCopyBackward0>)
Memory status after this epoch: 
Memory allocated:  1182.84423828125
Memory cached:  1702.0
	 epoch  20 training error:  tensor(0.2575, grad_fn=<ToCopyBackward0>)
Memory status after this epoch: 
Memory allocated:  1182.84423828125
Memory cached:  1698.0
	 epoch  30 training error:  tensor(0.2762, grad_fn=<ToCopyBackward0>)
Memory status after this epoch: 
Memory allocated:  1182.84423828125
Memory cached:  1698.0
	 epoch  40 training error:  tensor(0.2760, grad_fn=<ToCopyBackward0>)
Memory status after this epoch: 
Memory allocated:  1182.84423828125
Memory cached:  1700.0
	 epoch  50 training error:  tensor(0.2468, grad_fn=<ToCopyBackward0>)
Memory status after this epoch: 
Memory allocated:  1182.84423828125
Memory cached:  1696.0
	 epoch  60 training error:  tensor(0.2466, grad_fn=<ToCopyBackward0>)
Memory status after this epoch: 
Memory allocated:  1182.84423828125
Memory cached:  1696.0
	 epoch  70 training error:  tensor(0.2467, grad_fn=<ToCopyBackward0>)
Memory status after this epoch: 
Memory allocated:  1182.84423828125
Memory cached:  1698.0
	 epoch  80 training error:  tensor(0.2469, grad_fn=<ToCopyBackward0>)
Memory status after this epoch: 
Memory allocated:  1182.84423828125
Memory cached:  1696.0
	 epoch  90 training error:  tensor(0.2466, grad_fn=<ToCopyBackward0>)
Memory status after this epoch: 
Memory allocated:  1182.84423828125
Memory cached:  1698.0
[I 2024-03-01 12:56:52,377] Trial 13 finished with value: 0.15494583547115326 and parameters: {'W_layers': 6, 'W_layer_units_exponent_0': 10, 'W_layer_units_exponent_1': 4, 'W_layer_units_exponent_2': 8, 'W_layer_units_exponent_3': 4, 'W_layer_units_exponent_4': 10, 'W_layer_units_exponent_5': 10, 'D_layers': 7, 'D_layer_units_exponent_0': 4, 'D_layer_units_exponent_1': 10, 'D_layer_units_exponent_2': 9, 'D_layer_units_exponent_3': 10, 'D_layer_units_exponent_4': 4, 'D_layer_units_exponent_5': 4, 'D_layer_units_exponent_6': 10, 'D_dagger_layers': 2, 'D_dagger_layer_units_exponent_0': 10, 'D_dagger_layer_units_exponent_1': 8, 'log_learning_rate': -4.932021446227949, 'log_learning_rate_D': -3.3257535755644216, 'log_learning_rate_D_dagger': -3.2758434304116637, 'training_batch_size': 6, 'training_p': 7}. Best is trial 12 with value: 0.12159967422485352.
Time for this trial:  3396.3926515579224
Memory status after this trial: 
Memory allocated:  2834.42333984375
Memory cached:  2876.0
--------------------  Trial  14   --------------------
Start timing: 
Parameters: 
{'W_layers': 7, 'W_layer_units_exponent_0': 9, 'W_layer_units_exponent_1': 5, 'W_layer_units_exponent_2': 9, 'W_layer_units_exponent_3': 4, 'W_layer_units_exponent_4': 8, 'W_layer_units_exponent_5': 9, 'W_layer_units_exponent_6': 4, 'D_layers': 7, 'D_layer_units_exponent_0': 5, 'D_layer_units_exponent_1': 9, 'D_layer_units_exponent_2': 10, 'D_layer_units_exponent_3': 7, 'D_layer_units_exponent_4': 4, 'D_layer_units_exponent_5': 6, 'D_layer_units_exponent_6': 4, 'D_dagger_layers': 3, 'D_dagger_layer_units_exponent_0': 4, 'D_dagger_layer_units_exponent_1': 8, 'D_dagger_layer_units_exponent_2': 4, 'log_learning_rate': -4.129857282987435, 'log_learning_rate_D': -3.008578502323868, 'log_learning_rate_D_dagger': -2.3844750960053074, 'training_batch_size': 7, 'training_p': 7}
	 epoch  0 training error:  tensor(0.6657, grad_fn=<ToCopyBackward0>)
Memory status after this epoch: 
Memory allocated:  1151.435546875
Memory cached:  1638.0
	 epoch  10 training error:  tensor(0.3719, grad_fn=<ToCopyBackward0>)
Memory status after this epoch: 
Memory allocated:  1151.435546875
Memory cached:  1638.0
	 epoch  20 training error:  tensor(0.3757, grad_fn=<ToCopyBackward0>)
Memory status after this epoch: 
Memory allocated:  1151.435546875
Memory cached:  1638.0
	 epoch  30 training error:  tensor(0.3621, grad_fn=<ToCopyBackward0>)
Memory status after this epoch: 
Memory allocated:  1151.435546875
Memory cached:  1636.0
	 epoch  40 training error:  tensor(0.3540, grad_fn=<ToCopyBackward0>)
Memory status after this epoch: 
Memory allocated:  1151.435546875
Memory cached:  1642.0
	 epoch  50 training error:  tensor(0.3556, grad_fn=<ToCopyBackward0>)
Memory status after this epoch: 
Memory allocated:  1151.435546875
Memory cached:  1640.0
	 epoch  60 training error:  tensor(0.3257, grad_fn=<ToCopyBackward0>)
Memory status after this epoch: 
Memory allocated:  1151.435546875
Memory cached:  1636.0
	 epoch  70 training error:  tensor(0.2146, grad_fn=<ToCopyBackward0>)
Memory status after this epoch: 
Memory allocated:  1151.435546875
Memory cached:  1638.0
	 epoch  80 training error:  tensor(0.1692, grad_fn=<ToCopyBackward0>)
Memory status after this epoch: 
Memory allocated:  1151.435546875
Memory cached:  1638.0
	 epoch  90 training error:  tensor(0.1497, grad_fn=<ToCopyBackward0>)
Memory status after this epoch: 
Memory allocated:  1151.435546875
Memory cached:  1638.0
[I 2024-03-01 13:27:36,887] Trial 14 finished with value: 0.12752662599086761 and parameters: {'W_layers': 7, 'W_layer_units_exponent_0': 9, 'W_layer_units_exponent_1': 5, 'W_layer_units_exponent_2': 9, 'W_layer_units_exponent_3': 4, 'W_layer_units_exponent_4': 8, 'W_layer_units_exponent_5': 9, 'W_layer_units_exponent_6': 4, 'D_layers': 7, 'D_layer_units_exponent_0': 5, 'D_layer_units_exponent_1': 9, 'D_layer_units_exponent_2': 10, 'D_layer_units_exponent_3': 7, 'D_layer_units_exponent_4': 4, 'D_layer_units_exponent_5': 6, 'D_layer_units_exponent_6': 4, 'D_dagger_layers': 3, 'D_dagger_layer_units_exponent_0': 4, 'D_dagger_layer_units_exponent_1': 8, 'D_dagger_layer_units_exponent_2': 4, 'log_learning_rate': -4.129857282987435, 'log_learning_rate_D': -3.008578502323868, 'log_learning_rate_D_dagger': -2.3844750960053074, 'training_batch_size': 7, 'training_p': 7}. Best is trial 12 with value: 0.12159967422485352.
Time for this trial:  1843.675437450409
Memory status after this trial: 
Memory allocated:  1974.3115234375
Memory cached:  1996.0
--------------------  Trial  15   --------------------
Start timing: 
Parameters: 
{'W_layers': 7, 'W_layer_units_exponent_0': 8, 'W_layer_units_exponent_1': 5, 'W_layer_units_exponent_2': 9, 'W_layer_units_exponent_3': 5, 'W_layer_units_exponent_4': 8, 'W_layer_units_exponent_5': 8, 'W_layer_units_exponent_6': 4, 'D_layers': 6, 'D_layer_units_exponent_0': 5, 'D_layer_units_exponent_1': 9, 'D_layer_units_exponent_2': 10, 'D_layer_units_exponent_3': 8, 'D_layer_units_exponent_4': 6, 'D_layer_units_exponent_5': 6, 'D_dagger_layers': 3, 'D_dagger_layer_units_exponent_0': 5, 'D_dagger_layer_units_exponent_1': 10, 'D_dagger_layer_units_exponent_2': 4, 'log_learning_rate': -3.7912767737190762, 'log_learning_rate_D': -3.450572753138181, 'log_learning_rate_D_dagger': -2.2772223218250205, 'training_batch_size': 7, 'training_p': 7}
	 epoch  0 training error:  tensor(1.0231, grad_fn=<ToCopyBackward0>)
Memory status after this epoch: 
Memory allocated:  1153.78076171875
Memory cached:  1642.0
	 epoch  10 training error:  tensor(0.3760, grad_fn=<ToCopyBackward0>)
Memory status after this epoch: 
Memory allocated:  1153.78076171875
Memory cached:  1650.0
	 epoch  20 training error:  tensor(0.3678, grad_fn=<ToCopyBackward0>)
Memory status after this epoch: 
Memory allocated:  1153.78076171875
Memory cached:  1646.0
	 epoch  30 training error:  tensor(0.3607, grad_fn=<ToCopyBackward0>)
Memory status after this epoch: 
Memory allocated:  1153.78076171875
Memory cached:  1644.0
	 epoch  40 training error:  tensor(0.3565, grad_fn=<ToCopyBackward0>)
Memory status after this epoch: 
Memory allocated:  1153.78076171875
Memory cached:  1646.0
	 epoch  50 training error:  tensor(0.3175, grad_fn=<ToCopyBackward0>)
Memory status after this epoch: 
Memory allocated:  1153.78076171875
Memory cached:  1644.0
	 epoch  60 training error:  tensor(0.2031, grad_fn=<ToCopyBackward0>)
Memory status after this epoch: 
Memory allocated:  1153.78076171875
Memory cached:  1650.0
	 epoch  70 training error:  tensor(0.1964, grad_fn=<ToCopyBackward0>)
Memory status after this epoch: 
Memory allocated:  1153.78076171875
Memory cached:  1644.0
	 epoch  80 training error:  tensor(0.1552, grad_fn=<ToCopyBackward0>)
Memory status after this epoch: 
Memory allocated:  1153.78076171875
Memory cached:  1648.0
	 epoch  90 training error:  tensor(0.1490, grad_fn=<ToCopyBackward0>)
Memory status after this epoch: 
Memory allocated:  1153.78076171875
Memory cached:  1650.0
[I 2024-03-01 13:57:26,002] Trial 15 finished with value: 0.07262938469648361 and parameters: {'W_layers': 7, 'W_layer_units_exponent_0': 8, 'W_layer_units_exponent_1': 5, 'W_layer_units_exponent_2': 9, 'W_layer_units_exponent_3': 5, 'W_layer_units_exponent_4': 8, 'W_layer_units_exponent_5': 8, 'W_layer_units_exponent_6': 4, 'D_layers': 6, 'D_layer_units_exponent_0': 5, 'D_layer_units_exponent_1': 9, 'D_layer_units_exponent_2': 10, 'D_layer_units_exponent_3': 8, 'D_layer_units_exponent_4': 6, 'D_layer_units_exponent_5': 6, 'D_dagger_layers': 3, 'D_dagger_layer_units_exponent_0': 5, 'D_dagger_layer_units_exponent_1': 10, 'D_dagger_layer_units_exponent_2': 4, 'log_learning_rate': -3.7912767737190762, 'log_learning_rate_D': -3.450572753138181, 'log_learning_rate_D_dagger': -2.2772223218250205, 'training_batch_size': 7, 'training_p': 7}. Best is trial 15 with value: 0.07262938469648361.
res:  tensor(0.0726, grad_fn=<ToCopyBackward0>)
self.bestValue:  tensor(0.1216, grad_fn=<ToCopyBackward0>)
Save this model!
Time for this trial:  1785.489902496338
Memory status after this trial: 
Memory allocated:  950.724609375
Memory cached:  1608.0
--------------------  Trial  16   --------------------
Start timing: 
Parameters: 
{'W_layers': 7, 'W_layer_units_exponent_0': 6, 'W_layer_units_exponent_1': 5, 'W_layer_units_exponent_2': 9, 'W_layer_units_exponent_3': 6, 'W_layer_units_exponent_4': 8, 'W_layer_units_exponent_5': 8, 'W_layer_units_exponent_6': 4, 'D_layers': 6, 'D_layer_units_exponent_0': 5, 'D_layer_units_exponent_1': 9, 'D_layer_units_exponent_2': 8, 'D_layer_units_exponent_3': 9, 'D_layer_units_exponent_4': 6, 'D_layer_units_exponent_5': 7, 'D_dagger_layers': 3, 'D_dagger_layer_units_exponent_0': 5, 'D_dagger_layer_units_exponent_1': 10, 'D_dagger_layer_units_exponent_2': 5, 'log_learning_rate': -3.7857733571316494, 'log_learning_rate_D': -3.625923163117787, 'log_learning_rate_D_dagger': -2.1080463066915183, 'training_batch_size': 7, 'training_p': 7}
	 epoch  0 training error:  tensor(1.2034, grad_fn=<ToCopyBackward0>)
Memory status after this epoch: 
Memory allocated:  960.8359375
Memory cached:  1528.0
	 epoch  10 training error:  tensor(0.3741, grad_fn=<ToCopyBackward0>)
Memory status after this epoch: 
Memory allocated:  960.8359375
Memory cached:  1526.0
	 epoch  20 training error:  tensor(0.3675, grad_fn=<ToCopyBackward0>)
Memory status after this epoch: 
Memory allocated:  960.8359375
Memory cached:  1524.0
	 epoch  30 training error:  tensor(0.3596, grad_fn=<ToCopyBackward0>)
Memory status after this epoch: 
Memory allocated:  960.8359375
Memory cached:  1526.0
	 epoch  40 training error:  tensor(0.3433, grad_fn=<ToCopyBackward0>)
Memory status after this epoch: 
Memory allocated:  960.8359375
Memory cached:  1524.0
	 epoch  50 training error:  tensor(0.3445, grad_fn=<ToCopyBackward0>)
Memory status after this epoch: 
Memory allocated:  960.8359375
Memory cached:  1524.0
	 epoch  60 training error:  tensor(0.3453, grad_fn=<ToCopyBackward0>)
Memory status after this epoch: 
Memory allocated:  960.8359375
Memory cached:  1524.0
	 epoch  70 training error:  tensor(0.3308, grad_fn=<ToCopyBackward0>)
Memory status after this epoch: 
Memory allocated:  960.8359375
Memory cached:  1524.0
	 epoch  80 training error:  tensor(0.3163, grad_fn=<ToCopyBackward0>)
Memory status after this epoch: 
Memory allocated:  960.8359375
Memory cached:  1526.0
	 epoch  90 training error:  tensor(0.2712, grad_fn=<ToCopyBackward0>)
Memory status after this epoch: 
Memory allocated:  960.8359375
Memory cached:  1524.0
[I 2024-03-01 14:27:22,458] Trial 16 finished with value: 0.11692693084478378 and parameters: {'W_layers': 7, 'W_layer_units_exponent_0': 6, 'W_layer_units_exponent_1': 5, 'W_layer_units_exponent_2': 9, 'W_layer_units_exponent_3': 6, 'W_layer_units_exponent_4': 8, 'W_layer_units_exponent_5': 8, 'W_layer_units_exponent_6': 4, 'D_layers': 6, 'D_layer_units_exponent_0': 5, 'D_layer_units_exponent_1': 9, 'D_layer_units_exponent_2': 8, 'D_layer_units_exponent_3': 9, 'D_layer_units_exponent_4': 6, 'D_layer_units_exponent_5': 7, 'D_dagger_layers': 3, 'D_dagger_layer_units_exponent_0': 5, 'D_dagger_layer_units_exponent_1': 10, 'D_dagger_layer_units_exponent_2': 5, 'log_learning_rate': -3.7857733571316494, 'log_learning_rate_D': -3.625923163117787, 'log_learning_rate_D_dagger': -2.1080463066915183, 'training_batch_size': 7, 'training_p': 7}. Best is trial 15 with value: 0.07262938469648361.
Time for this trial:  1795.6399774551392
Memory status after this trial: 
Memory allocated:  1754.984375
Memory cached:  1784.0
--------------------  Trial  17   --------------------
Start timing: 
Parameters: 
{'W_layers': 7, 'W_layer_units_exponent_0': 6, 'W_layer_units_exponent_1': 6, 'W_layer_units_exponent_2': 9, 'W_layer_units_exponent_3': 6, 'W_layer_units_exponent_4': 8, 'W_layer_units_exponent_5': 8, 'W_layer_units_exponent_6': 4, 'D_layers': 6, 'D_layer_units_exponent_0': 5, 'D_layer_units_exponent_1': 10, 'D_layer_units_exponent_2': 8, 'D_layer_units_exponent_3': 9, 'D_layer_units_exponent_4': 6, 'D_layer_units_exponent_5': 7, 'D_dagger_layers': 4, 'D_dagger_layer_units_exponent_0': 5, 'D_dagger_layer_units_exponent_1': 10, 'D_dagger_layer_units_exponent_2': 5, 'D_dagger_layer_units_exponent_3': 4, 'log_learning_rate': -3.7117061351477894, 'log_learning_rate_D': -3.812663079946188, 'log_learning_rate_D_dagger': -2.0626238288164003, 'training_batch_size': 7, 'training_p': 8}
	 epoch  0 training error:  tensor(0.7479, grad_fn=<ToCopyBackward0>)
Memory status after this epoch: 
Memory allocated:  964.021484375
Memory cached:  1524.0
	 epoch  10 training error:  tensor(0.3653, grad_fn=<ToCopyBackward0>)
Memory status after this epoch: 
Memory allocated:  964.021484375
Memory cached:  1526.0
	 epoch  20 training error:  tensor(0.3094, grad_fn=<ToCopyBackward0>)
Memory status after this epoch: 
Memory allocated:  964.021484375
Memory cached:  1524.0
	 epoch  30 training error:  tensor(0.1994, grad_fn=<ToCopyBackward0>)
Memory status after this epoch: 
Memory allocated:  964.021484375
Memory cached:  1528.0
	 epoch  40 training error:  tensor(0.1696, grad_fn=<ToCopyBackward0>)
Memory status after this epoch: 
Memory allocated:  964.021484375
Memory cached:  1526.0
	 epoch  50 training error:  tensor(0.1181, grad_fn=<ToCopyBackward0>)
Memory status after this epoch: 
Memory allocated:  964.021484375
Memory cached:  1524.0
	 epoch  60 training error:  tensor(0.1106, grad_fn=<ToCopyBackward0>)
Memory status after this epoch: 
Memory allocated:  964.021484375
Memory cached:  1528.0
	 epoch  70 training error:  tensor(0.0986, grad_fn=<ToCopyBackward0>)
Memory status after this epoch: 
Memory allocated:  964.021484375
Memory cached:  1526.0
	 epoch  80 training error:  tensor(0.0945, grad_fn=<ToCopyBackward0>)
Memory status after this epoch: 
Memory allocated:  964.021484375
Memory cached:  1524.0
	 epoch  90 training error:  tensor(0.1194, grad_fn=<ToCopyBackward0>)
Memory status after this epoch: 
Memory allocated:  964.021484375
Memory cached:  1528.0
