[I 2024-01-03 20:37:14,296] Trial 115 finished with value: 0.08573590964078903 and parameters: {'W_layers': 3, 'W_layer_units_exponent_0': 7, 'W_layer_units_exponent_1': 9, 'W_layer_units_exponent_2': 5, 'D_layers': 3, 'D_layer_units_exponent_0': 8, 'D_layer_units_exponent_1': 4, 'D_layer_units_exponent_2': 10, 'D_dagger_layers': 8, 'D_dagger_layer_units_exponent_0': 4, 'D_dagger_layer_units_exponent_1': 10, 'D_dagger_layer_units_exponent_2': 7, 'D_dagger_layer_units_exponent_3': 10, 'D_dagger_layer_units_exponent_4': 9, 'D_dagger_layer_units_exponent_5': 6, 'D_dagger_layer_units_exponent_6': 10, 'D_dagger_layer_units_exponent_7': 5, 'log_learning_rate': -3.6019523137200555, 'log_learning_rate_D': -2.8808703428158724, 'log_learning_rate_D_dagger': -3.401263268083595, 'training_batch_size': 10, 'training_p': 2}. Best is trial 90 with value: 0.07920932024717331.
Time for this trial:  203.46477389335632
Memory status after this trial: 
Memory allocated:  535.43408203125
Memory cached:  556.0
--------------------  Trial  116   --------------------
Start timing: 
Parameters: 
{'W_layers': 5, 'W_layer_units_exponent_0': 6, 'W_layer_units_exponent_1': 10, 'W_layer_units_exponent_2': 6, 'W_layer_units_exponent_3': 5, 'W_layer_units_exponent_4': 7, 'D_layers': 3, 'D_layer_units_exponent_0': 9, 'D_layer_units_exponent_1': 5, 'D_layer_units_exponent_2': 10, 'D_dagger_layers': 8, 'D_dagger_layer_units_exponent_0': 5, 'D_dagger_layer_units_exponent_1': 10, 'D_dagger_layer_units_exponent_2': 7, 'D_dagger_layer_units_exponent_3': 9, 'D_dagger_layer_units_exponent_4': 8, 'D_dagger_layer_units_exponent_5': 7, 'D_dagger_layer_units_exponent_6': 9, 'D_dagger_layer_units_exponent_7': 4, 'log_learning_rate': -3.903494078698232, 'log_learning_rate_D': -2.5002164197986043, 'log_learning_rate_D_dagger': -3.5399025435981235, 'training_batch_size': 9, 'training_p': 2}
	 epoch  0 training error:  tensor(1.0133, device='cuda:0', grad_fn=<DivBackward0>)
Memory status after this epoch: 
Memory allocated:  236.53369140625
Memory cached:  486.0
	 epoch  10 training error:  tensor(0.3957, device='cuda:0', grad_fn=<DivBackward0>)
Memory status after this epoch: 
Memory allocated:  236.53369140625
Memory cached:  522.0
	 epoch  20 training error:  tensor(0.2397, device='cuda:0', grad_fn=<DivBackward0>)
Memory status after this epoch: 
Memory allocated:  236.53369140625
Memory cached:  538.0
	 epoch  30 training error:  tensor(0.1740, device='cuda:0', grad_fn=<DivBackward0>)
Memory status after this epoch: 
Memory allocated:  236.53369140625
Memory cached:  544.0
	 epoch  40 training error:  tensor(0.1451, device='cuda:0', grad_fn=<DivBackward0>)
Memory status after this epoch: 
Memory allocated:  236.53369140625
Memory cached:  530.0
	 epoch  50 training error:  tensor(0.1258, device='cuda:0', grad_fn=<DivBackward0>)
Memory status after this epoch: 
Memory allocated:  236.53369140625
Memory cached:  540.0
	 epoch  60 training error:  tensor(0.1145, device='cuda:0', grad_fn=<DivBackward0>)
Memory status after this epoch: 
Memory allocated:  236.53369140625
Memory cached:  534.0
	 epoch  70 training error:  tensor(0.1010, device='cuda:0', grad_fn=<DivBackward0>)
Memory status after this epoch: 
Memory allocated:  236.53369140625
Memory cached:  536.0
	 epoch  80 training error:  tensor(0.0944, device='cuda:0', grad_fn=<DivBackward0>)
Memory status after this epoch: 
Memory allocated:  236.53369140625
Memory cached:  530.0
	 epoch  90 training error:  tensor(0.0880, device='cuda:0', grad_fn=<DivBackward0>)
Memory status after this epoch: 
Memory allocated:  236.53369140625
Memory cached:  528.0
[I 2024-01-03 20:40:53,249] Trial 116 finished with value: 0.08979590982198715 and parameters: {'W_layers': 5, 'W_layer_units_exponent_0': 6, 'W_layer_units_exponent_1': 10, 'W_layer_units_exponent_2': 6, 'W_layer_units_exponent_3': 5, 'W_layer_units_exponent_4': 7, 'D_layers': 3, 'D_layer_units_exponent_0': 9, 'D_layer_units_exponent_1': 5, 'D_layer_units_exponent_2': 10, 'D_dagger_layers': 8, 'D_dagger_layer_units_exponent_0': 5, 'D_dagger_layer_units_exponent_1': 10, 'D_dagger_layer_units_exponent_2': 7, 'D_dagger_layer_units_exponent_3': 9, 'D_dagger_layer_units_exponent_4': 8, 'D_dagger_layer_units_exponent_5': 7, 'D_dagger_layer_units_exponent_6': 9, 'D_dagger_layer_units_exponent_7': 4, 'log_learning_rate': -3.903494078698232, 'log_learning_rate_D': -2.5002164197986043, 'log_learning_rate_D_dagger': -3.5399025435981235, 'training_batch_size': 9, 'training_p': 2}. Best is trial 90 with value: 0.07920932024717331.
Time for this trial:  218.44174122810364
Memory status after this trial: 
Memory allocated:  515.33447265625
Memory cached:  522.0
--------------------  Trial  117   --------------------
Start timing: 
Parameters: 
{'W_layers': 5, 'W_layer_units_exponent_0': 9, 'W_layer_units_exponent_1': 9, 'W_layer_units_exponent_2': 5, 'W_layer_units_exponent_3': 6, 'W_layer_units_exponent_4': 6, 'D_layers': 3, 'D_layer_units_exponent_0': 10, 'D_layer_units_exponent_1': 4, 'D_layer_units_exponent_2': 9, 'D_dagger_layers': 7, 'D_dagger_layer_units_exponent_0': 4, 'D_dagger_layer_units_exponent_1': 10, 'D_dagger_layer_units_exponent_2': 8, 'D_dagger_layer_units_exponent_3': 9, 'D_dagger_layer_units_exponent_4': 9, 'D_dagger_layer_units_exponent_5': 6, 'D_dagger_layer_units_exponent_6': 6, 'log_learning_rate': -4.3107377403568705, 'log_learning_rate_D': -3.064127204526348, 'log_learning_rate_D_dagger': -3.1695751998732735, 'training_batch_size': 10, 'training_p': 2}
	 epoch  0 training error:  tensor(0.9633, device='cuda:0', grad_fn=<DivBackward0>)
Memory status after this epoch: 
Memory allocated:  242.11962890625
Memory cached:  492.0
	 epoch  10 training error:  tensor(0.2393, device='cuda:0', grad_fn=<DivBackward0>)
Memory status after this epoch: 
Memory allocated:  242.11962890625
Memory cached:  528.0
	 epoch  20 training error:  tensor(0.1618, device='cuda:0', grad_fn=<DivBackward0>)
Memory status after this epoch: 
Memory allocated:  242.11962890625
Memory cached:  536.0
	 epoch  30 training error:  tensor(0.1041, device='cuda:0', grad_fn=<DivBackward0>)
Memory status after this epoch: 
Memory allocated:  242.11962890625
Memory cached:  522.0
	 epoch  40 training error:  tensor(0.0994, device='cuda:0', grad_fn=<DivBackward0>)
Memory status after this epoch: 
Memory allocated:  242.11962890625
Memory cached:  530.0
	 epoch  50 training error:  tensor(0.0920, device='cuda:0', grad_fn=<DivBackward0>)
Memory status after this epoch: 
Memory allocated:  242.11962890625
Memory cached:  528.0
	 epoch  60 training error:  tensor(0.0866, device='cuda:0', grad_fn=<DivBackward0>)
Memory status after this epoch: 
Memory allocated:  242.11962890625
Memory cached:  524.0
	 epoch  70 training error:  tensor(0.0800, device='cuda:0', grad_fn=<DivBackward0>)
Memory status after this epoch: 
Memory allocated:  242.11962890625
Memory cached:  534.0
	 epoch  80 training error:  tensor(0.0791, device='cuda:0', grad_fn=<DivBackward0>)
Memory status after this epoch: 
Memory allocated:  242.11962890625
Memory cached:  530.0
	 epoch  90 training error:  tensor(0.0791, device='cuda:0', grad_fn=<DivBackward0>)
Memory status after this epoch: 
Memory allocated:  242.11962890625
Memory cached:  534.0
[I 2024-01-03 20:44:23,275] Trial 117 finished with value: 0.08377382159233093 and parameters: {'W_layers': 5, 'W_layer_units_exponent_0': 9, 'W_layer_units_exponent_1': 9, 'W_layer_units_exponent_2': 5, 'W_layer_units_exponent_3': 6, 'W_layer_units_exponent_4': 6, 'D_layers': 3, 'D_layer_units_exponent_0': 10, 'D_layer_units_exponent_1': 4, 'D_layer_units_exponent_2': 9, 'D_dagger_layers': 7, 'D_dagger_layer_units_exponent_0': 4, 'D_dagger_layer_units_exponent_1': 10, 'D_dagger_layer_units_exponent_2': 8, 'D_dagger_layer_units_exponent_3': 9, 'D_dagger_layer_units_exponent_4': 9, 'D_dagger_layer_units_exponent_5': 6, 'D_dagger_layer_units_exponent_6': 6, 'log_learning_rate': -4.3107377403568705, 'log_learning_rate_D': -3.064127204526348, 'log_learning_rate_D_dagger': -3.1695751998732735, 'training_batch_size': 10, 'training_p': 2}. Best is trial 90 with value: 0.07920932024717331.
Time for this trial:  209.5643174648285
Memory status after this trial: 
Memory allocated:  506.08349609375
Memory cached:  516.0
--------------------  Trial  118   --------------------
Start timing: 
Parameters: 
{'W_layers': 5, 'W_layer_units_exponent_0': 9, 'W_layer_units_exponent_1': 8, 'W_layer_units_exponent_2': 5, 'W_layer_units_exponent_3': 6, 'W_layer_units_exponent_4': 6, 'D_layers': 3, 'D_layer_units_exponent_0': 10, 'D_layer_units_exponent_1': 7, 'D_layer_units_exponent_2': 9, 'D_dagger_layers': 7, 'D_dagger_layer_units_exponent_0': 4, 'D_dagger_layer_units_exponent_1': 10, 'D_dagger_layer_units_exponent_2': 8, 'D_dagger_layer_units_exponent_3': 8, 'D_dagger_layer_units_exponent_4': 9, 'D_dagger_layer_units_exponent_5': 6, 'D_dagger_layer_units_exponent_6': 6, 'log_learning_rate': -4.459251940638093, 'log_learning_rate_D': -3.429285210361954, 'log_learning_rate_D_dagger': -2.938000602244304, 'training_batch_size': 10, 'training_p': 2}
	 epoch  0 training error:  tensor(1.0191, device='cuda:0', grad_fn=<DivBackward0>)
Memory status after this epoch: 
Memory allocated:  239.61181640625
Memory cached:  484.0
	 epoch  10 training error:  tensor(0.2419, device='cuda:0', grad_fn=<DivBackward0>)
Memory status after this epoch: 
Memory allocated:  239.61181640625
Memory cached:  522.0
	 epoch  20 training error:  tensor(0.1331, device='cuda:0', grad_fn=<DivBackward0>)
Memory status after this epoch: 
Memory allocated:  239.61181640625
Memory cached:  526.0
	 epoch  30 training error:  tensor(0.1175, device='cuda:0', grad_fn=<DivBackward0>)
Memory status after this epoch: 
Memory allocated:  239.61181640625
Memory cached:  544.0
	 epoch  40 training error:  tensor(0.0971, device='cuda:0', grad_fn=<DivBackward0>)
Memory status after this epoch: 
Memory allocated:  239.61181640625
Memory cached:  528.0
	 epoch  50 training error:  tensor(0.0823, device='cuda:0', grad_fn=<DivBackward0>)
Memory status after this epoch: 
Memory allocated:  239.61181640625
Memory cached:  526.0
	 epoch  60 training error:  tensor(0.0794, device='cuda:0', grad_fn=<DivBackward0>)
Memory status after this epoch: 
Memory allocated:  239.61181640625
Memory cached:  536.0
	 epoch  70 training error:  tensor(0.0802, device='cuda:0', grad_fn=<DivBackward0>)
Memory status after this epoch: 
Memory allocated:  239.61181640625
Memory cached:  516.0
	 epoch  80 training error:  tensor(0.0789, device='cuda:0', grad_fn=<DivBackward0>)
Memory status after this epoch: 
Memory allocated:  239.61181640625
Memory cached:  534.0
	 epoch  90 training error:  tensor(0.0787, device='cuda:0', grad_fn=<DivBackward0>)
Memory status after this epoch: 
Memory allocated:  239.61181640625
Memory cached:  528.0
[I 2024-01-03 20:47:49,618] Trial 118 finished with value: 0.08568807691335678 and parameters: {'W_layers': 5, 'W_layer_units_exponent_0': 9, 'W_layer_units_exponent_1': 8, 'W_layer_units_exponent_2': 5, 'W_layer_units_exponent_3': 6, 'W_layer_units_exponent_4': 6, 'D_layers': 3, 'D_layer_units_exponent_0': 10, 'D_layer_units_exponent_1': 7, 'D_layer_units_exponent_2': 9, 'D_dagger_layers': 7, 'D_dagger_layer_units_exponent_0': 4, 'D_dagger_layer_units_exponent_1': 10, 'D_dagger_layer_units_exponent_2': 8, 'D_dagger_layer_units_exponent_3': 8, 'D_dagger_layer_units_exponent_4': 9, 'D_dagger_layer_units_exponent_5': 6, 'D_dagger_layer_units_exponent_6': 6, 'log_learning_rate': -4.459251940638093, 'log_learning_rate_D': -3.429285210361954, 'log_learning_rate_D_dagger': -2.938000602244304, 'training_batch_size': 10, 'training_p': 2}. Best is trial 90 with value: 0.07920932024717331.
Time for this trial:  205.84460949897766
Memory status after this trial: 
Memory allocated:  483.23828125
Memory cached:  502.0
--------------------  Trial  119   --------------------
Start timing: 
Parameters: 
{'W_layers': 5, 'W_layer_units_exponent_0': 9, 'W_layer_units_exponent_1': 9, 'W_layer_units_exponent_2': 5, 'W_layer_units_exponent_3': 6, 'W_layer_units_exponent_4': 6, 'D_layers': 3, 'D_layer_units_exponent_0': 10, 'D_layer_units_exponent_1': 5, 'D_layer_units_exponent_2': 9, 'D_dagger_layers': 7, 'D_dagger_layer_units_exponent_0': 6, 'D_dagger_layer_units_exponent_1': 10, 'D_dagger_layer_units_exponent_2': 8, 'D_dagger_layer_units_exponent_3': 7, 'D_dagger_layer_units_exponent_4': 9, 'D_dagger_layer_units_exponent_5': 10, 'D_dagger_layer_units_exponent_6': 7, 'log_learning_rate': -4.1718408606162, 'log_learning_rate_D': -3.2413549680340883, 'log_learning_rate_D_dagger': -3.051544403225883, 'training_batch_size': 11, 'training_p': 5}
	 epoch  0 training error:  tensor(0.9427, device='cuda:0', grad_fn=<DivBackward0>)
Memory status after this epoch: 
Memory allocated:  248.19384765625
Memory cached:  492.0
	 epoch  10 training error:  tensor(0.3627, device='cuda:0', grad_fn=<DivBackward0>)
Memory status after this epoch: 
Memory allocated:  248.19384765625
Memory cached:  500.0
	 epoch  20 training error:  tensor(0.1668, device='cuda:0', grad_fn=<DivBackward0>)
Memory status after this epoch: 
Memory allocated:  248.19384765625
Memory cached:  500.0
	 epoch  30 training error:  tensor(0.1420, device='cuda:0', grad_fn=<DivBackward0>)
Memory status after this epoch: 
Memory allocated:  248.19384765625
Memory cached:  496.0
	 epoch  40 training error:  tensor(0.1215, device='cuda:0', grad_fn=<DivBackward0>)
Memory status after this epoch: 
Memory allocated:  248.19384765625
Memory cached:  498.0
	 epoch  50 training error:  tensor(0.1194, device='cuda:0', grad_fn=<DivBackward0>)
Memory status after this epoch: 
Memory allocated:  248.19384765625
Memory cached:  498.0
	 epoch  60 training error:  tensor(0.1123, device='cuda:0', grad_fn=<DivBackward0>)
Memory status after this epoch: 
Memory allocated:  248.19384765625
Memory cached:  502.0
	 epoch  70 training error:  tensor(0.1147, device='cuda:0', grad_fn=<DivBackward0>)
Memory status after this epoch: 
Memory allocated:  248.19384765625
Memory cached:  498.0
	 epoch  80 training error:  tensor(0.1138, device='cuda:0', grad_fn=<DivBackward0>)
Memory status after this epoch: 
Memory allocated:  248.19384765625
Memory cached:  498.0
	 epoch  90 training error:  tensor(0.1253, device='cuda:0', grad_fn=<DivBackward0>)
Memory status after this epoch: 
Memory allocated:  248.19384765625
Memory cached:  498.0
[I 2024-01-03 20:51:25,740] Trial 119 finished with value: 0.09369398653507233 and parameters: {'W_layers': 5, 'W_layer_units_exponent_0': 9, 'W_layer_units_exponent_1': 9, 'W_layer_units_exponent_2': 5, 'W_layer_units_exponent_3': 6, 'W_layer_units_exponent_4': 6, 'D_layers': 3, 'D_layer_units_exponent_0': 10, 'D_layer_units_exponent_1': 5, 'D_layer_units_exponent_2': 9, 'D_dagger_layers': 7, 'D_dagger_layer_units_exponent_0': 6, 'D_dagger_layer_units_exponent_1': 10, 'D_dagger_layer_units_exponent_2': 8, 'D_dagger_layer_units_exponent_3': 7, 'D_dagger_layer_units_exponent_4': 9, 'D_dagger_layer_units_exponent_5': 10, 'D_dagger_layer_units_exponent_6': 7, 'log_learning_rate': -4.1718408606162, 'log_learning_rate_D': -3.2413549680340883, 'log_learning_rate_D_dagger': -3.051544403225883, 'training_batch_size': 11, 'training_p': 5}. Best is trial 90 with value: 0.07920932024717331.
Time for this trial:  215.6844310760498
Memory status after this trial: 
Memory allocated:  545.88134765625
Memory cached:  570.0
--------------------  Trial  120   --------------------
Start timing: 
Parameters: 
{'W_layers': 5, 'W_layer_units_exponent_0': 9, 'W_layer_units_exponent_1': 7, 'W_layer_units_exponent_2': 5, 'W_layer_units_exponent_3': 6, 'W_layer_units_exponent_4': 7, 'D_layers': 3, 'D_layer_units_exponent_0': 10, 'D_layer_units_exponent_1': 6, 'D_layer_units_exponent_2': 9, 'D_dagger_layers': 7, 'D_dagger_layer_units_exponent_0': 5, 'D_dagger_layer_units_exponent_1': 4, 'D_dagger_layer_units_exponent_2': 8, 'D_dagger_layer_units_exponent_3': 9, 'D_dagger_layer_units_exponent_4': 9, 'D_dagger_layer_units_exponent_5': 7, 'D_dagger_layer_units_exponent_6': 10, 'log_learning_rate': -4.319563919032413, 'log_learning_rate_D': -3.480210562679503, 'log_learning_rate_D_dagger': -3.4353387423135304, 'training_batch_size': 11, 'training_p': 2}
	 epoch  0 training error:  tensor(0.9568, device='cuda:0', grad_fn=<DivBackward0>)
Memory status after this epoch: 
Memory allocated:  238.38720703125
Memory cached:  490.0
	 epoch  10 training error:  tensor(0.2311, device='cuda:0', grad_fn=<DivBackward0>)
Memory status after this epoch: 
Memory allocated:  238.38720703125
Memory cached:  526.0
	 epoch  20 training error:  tensor(0.1466, device='cuda:0', grad_fn=<DivBackward0>)
Memory status after this epoch: 
Memory allocated:  238.38720703125
Memory cached:  528.0
	 epoch  30 training error:  tensor(0.1210, device='cuda:0', grad_fn=<DivBackward0>)
Memory status after this epoch: 
Memory allocated:  238.38720703125
Memory cached:  528.0
	 epoch  40 training error:  tensor(0.1196, device='cuda:0', grad_fn=<DivBackward0>)
Memory status after this epoch: 
Memory allocated:  238.38720703125
Memory cached:  518.0
	 epoch  50 training error:  tensor(0.1055, device='cuda:0', grad_fn=<DivBackward0>)
Memory status after this epoch: 
Memory allocated:  238.38720703125
Memory cached:  526.0
	 epoch  60 training error:  tensor(0.0975, device='cuda:0', grad_fn=<DivBackward0>)
Memory status after this epoch: 
Memory allocated:  238.38720703125
Memory cached:  520.0
	 epoch  70 training error:  tensor(0.0916, device='cuda:0', grad_fn=<DivBackward0>)
Memory status after this epoch: 
Memory allocated:  238.38720703125
Memory cached:  530.0
	 epoch  80 training error:  tensor(0.0883, device='cuda:0', grad_fn=<DivBackward0>)
Memory status after this epoch: 
Memory allocated:  238.38720703125
Memory cached:  522.0
	 epoch  90 training error:  tensor(0.0869, device='cuda:0', grad_fn=<DivBackward0>)
Memory status after this epoch: 
Memory allocated:  238.38720703125
Memory cached:  530.0
[I 2024-01-03 20:54:51,268] Trial 120 finished with value: 0.08999308198690414 and parameters: {'W_layers': 5, 'W_layer_units_exponent_0': 9, 'W_layer_units_exponent_1': 7, 'W_layer_units_exponent_2': 5, 'W_layer_units_exponent_3': 6, 'W_layer_units_exponent_4': 7, 'D_layers': 3, 'D_layer_units_exponent_0': 10, 'D_layer_units_exponent_1': 6, 'D_layer_units_exponent_2': 9, 'D_dagger_layers': 7, 'D_dagger_layer_units_exponent_0': 5, 'D_dagger_layer_units_exponent_1': 4, 'D_dagger_layer_units_exponent_2': 8, 'D_dagger_layer_units_exponent_3': 9, 'D_dagger_layer_units_exponent_4': 9, 'D_dagger_layer_units_exponent_5': 7, 'D_dagger_layer_units_exponent_6': 10, 'log_learning_rate': -4.319563919032413, 'log_learning_rate_D': -3.480210562679503, 'log_learning_rate_D_dagger': -3.4353387423135304, 'training_batch_size': 11, 'training_p': 2}. Best is trial 90 with value: 0.07920932024717331.
Time for this trial:  205.02893471717834
Memory status after this trial: 
Memory allocated:  483.392578125
Memory cached:  500.0
--------------------  Trial  121   --------------------
Start timing: 
Parameters: 
{'W_layers': 5, 'W_layer_units_exponent_0': 9, 'W_layer_units_exponent_1': 8, 'W_layer_units_exponent_2': 4, 'W_layer_units_exponent_3': 6, 'W_layer_units_exponent_4': 6, 'D_layers': 2, 'D_layer_units_exponent_0': 10, 'D_layer_units_exponent_1': 4, 'D_dagger_layers': 7, 'D_dagger_layer_units_exponent_0': 4, 'D_dagger_layer_units_exponent_1': 10, 'D_dagger_layer_units_exponent_2': 8, 'D_dagger_layer_units_exponent_3': 10, 'D_dagger_layer_units_exponent_4': 9, 'D_dagger_layer_units_exponent_5': 5, 'D_dagger_layer_units_exponent_6': 6, 'log_learning_rate': -4.062685373869907, 'log_learning_rate_D': -2.750702425259511, 'log_learning_rate_D_dagger': -3.1683473547171, 'training_batch_size': 9, 'training_p': 3}
	 epoch  0 training error:  tensor(1.0973, device='cuda:0', grad_fn=<DivBackward0>)
Memory status after this epoch: 
Memory allocated:  245.50048828125
Memory cached:  506.0
	 epoch  10 training error:  tensor(0.2962, device='cuda:0', grad_fn=<DivBackward0>)
Memory status after this epoch: 
Memory allocated:  245.50048828125
Memory cached:  540.0
	 epoch  20 training error:  tensor(0.1902, device='cuda:0', grad_fn=<DivBackward0>)
Memory status after this epoch: 
Memory allocated:  245.50048828125
Memory cached:  540.0
	 epoch  30 training error:  tensor(0.1434, device='cuda:0', grad_fn=<DivBackward0>)
Memory status after this epoch: 
Memory allocated:  245.50048828125
Memory cached:  554.0
	 epoch  40 training error:  tensor(0.1141, device='cuda:0', grad_fn=<DivBackward0>)
Memory status after this epoch: 
Memory allocated:  245.50048828125
Memory cached:  548.0
	 epoch  50 training error:  tensor(0.1016, device='cuda:0', grad_fn=<DivBackward0>)
Memory status after this epoch: 
Memory allocated:  245.50048828125
Memory cached:  544.0
	 epoch  60 training error:  tensor(0.0981, device='cuda:0', grad_fn=<DivBackward0>)
Memory status after this epoch: 
Memory allocated:  245.50048828125
Memory cached:  550.0
	 epoch  70 training error:  tensor(0.0983, device='cuda:0', grad_fn=<DivBackward0>)
Memory status after this epoch: 
Memory allocated:  245.50048828125
Memory cached:  552.0
	 epoch  80 training error:  tensor(0.0930, device='cuda:0', grad_fn=<DivBackward0>)
Memory status after this epoch: 
Memory allocated:  245.50048828125
Memory cached:  540.0
	 epoch  90 training error:  tensor(0.0995, device='cuda:0', grad_fn=<DivBackward0>)
Memory status after this epoch: 
Memory allocated:  245.50048828125
Memory cached:  548.0
