[I 2024-01-13 03:59:54,726] Trial 84 finished with value: 0.09031029790639877 and parameters: {'W_layers': 8, 'W_layer_units_exponent_0': 6, 'W_layer_units_exponent_1': 9, 'W_layer_units_exponent_2': 7, 'W_layer_units_exponent_3': 5, 'W_layer_units_exponent_4': 8, 'W_layer_units_exponent_5': 10, 'W_layer_units_exponent_6': 4, 'W_layer_units_exponent_7': 5, 'D_layers': 8, 'D_layer_units_exponent_0': 9, 'D_layer_units_exponent_1': 4, 'D_layer_units_exponent_2': 8, 'D_layer_units_exponent_3': 10, 'D_layer_units_exponent_4': 6, 'D_layer_units_exponent_5': 9, 'D_layer_units_exponent_6': 9, 'D_layer_units_exponent_7': 6, 'D_dagger_layers': 6, 'D_dagger_layer_units_exponent_0': 5, 'D_dagger_layer_units_exponent_1': 7, 'D_dagger_layer_units_exponent_2': 9, 'D_dagger_layer_units_exponent_3': 10, 'D_dagger_layer_units_exponent_4': 8, 'D_dagger_layer_units_exponent_5': 8, 'log_learning_rate': -1.9980359902540124, 'log_learning_rate_D': -4.070538930086303, 'log_learning_rate_D_dagger': -4.205164961540151, 'training_batch_size': 6, 'training_p': 6}. Best is trial 49 with value: 0.07665807753801346.
Time for this trial:  684.674706697464
Memory status after this trial: 
Memory allocated:  1553.21630859375
Memory cached:  1594.0
--------------------  Trial  85   --------------------
Start timing: 
Parameters: 
{'W_layers': 8, 'W_layer_units_exponent_0': 7, 'W_layer_units_exponent_1': 9, 'W_layer_units_exponent_2': 6, 'W_layer_units_exponent_3': 7, 'W_layer_units_exponent_4': 8, 'W_layer_units_exponent_5': 10, 'W_layer_units_exponent_6': 4, 'W_layer_units_exponent_7': 5, 'D_layers': 7, 'D_layer_units_exponent_0': 10, 'D_layer_units_exponent_1': 4, 'D_layer_units_exponent_2': 7, 'D_layer_units_exponent_3': 10, 'D_layer_units_exponent_4': 7, 'D_layer_units_exponent_5': 10, 'D_layer_units_exponent_6': 8, 'D_dagger_layers': 6, 'D_dagger_layer_units_exponent_0': 4, 'D_dagger_layer_units_exponent_1': 6, 'D_dagger_layer_units_exponent_2': 8, 'D_dagger_layer_units_exponent_3': 10, 'D_dagger_layer_units_exponent_4': 8, 'D_dagger_layer_units_exponent_5': 9, 'log_learning_rate': -2.3690368883041053, 'log_learning_rate_D': -3.8750209650979395, 'log_learning_rate_D_dagger': -4.878126677922417, 'training_batch_size': 6, 'training_p': 5}
	 epoch  0 training error:  tensor(1.2911, device='cuda:0', grad_fn=<DivBackward0>)
Memory status after this epoch: 
Memory allocated:  800.8603515625
Memory cached:  1316.0
	 epoch  10 training error:  tensor(0.6270, device='cuda:0', grad_fn=<DivBackward0>)
Memory status after this epoch: 
Memory allocated:  800.8603515625
Memory cached:  1368.0
	 epoch  20 training error:  tensor(0.5460, device='cuda:0', grad_fn=<DivBackward0>)
Memory status after this epoch: 
Memory allocated:  800.8603515625
Memory cached:  1362.0
	 epoch  30 training error:  tensor(0.3839, device='cuda:0', grad_fn=<DivBackward0>)
Memory status after this epoch: 
Memory allocated:  800.8603515625
Memory cached:  1364.0
	 epoch  40 training error:  tensor(0.2789, device='cuda:0', grad_fn=<DivBackward0>)
Memory status after this epoch: 
Memory allocated:  800.8603515625
Memory cached:  1364.0
	 epoch  50 training error:  tensor(0.1938, device='cuda:0', grad_fn=<DivBackward0>)
Memory status after this epoch: 
Memory allocated:  800.8603515625
Memory cached:  1366.0
	 epoch  60 training error:  tensor(0.1726, device='cuda:0', grad_fn=<DivBackward0>)
Memory status after this epoch: 
Memory allocated:  800.8603515625
Memory cached:  1368.0
	 epoch  70 training error:  tensor(0.1641, device='cuda:0', grad_fn=<DivBackward0>)
Memory status after this epoch: 
Memory allocated:  800.8603515625
Memory cached:  1362.0
	 epoch  80 training error:  tensor(0.1427, device='cuda:0', grad_fn=<DivBackward0>)
Memory status after this epoch: 
Memory allocated:  800.8603515625
Memory cached:  1372.0
	 epoch  90 training error:  tensor(0.1372, device='cuda:0', grad_fn=<DivBackward0>)
Memory status after this epoch: 
Memory allocated:  800.8603515625
Memory cached:  1356.0
[I 2024-01-13 04:10:58,339] Trial 85 finished with value: 0.10479246824979782 and parameters: {'W_layers': 8, 'W_layer_units_exponent_0': 7, 'W_layer_units_exponent_1': 9, 'W_layer_units_exponent_2': 6, 'W_layer_units_exponent_3': 7, 'W_layer_units_exponent_4': 8, 'W_layer_units_exponent_5': 10, 'W_layer_units_exponent_6': 4, 'W_layer_units_exponent_7': 5, 'D_layers': 7, 'D_layer_units_exponent_0': 10, 'D_layer_units_exponent_1': 4, 'D_layer_units_exponent_2': 7, 'D_layer_units_exponent_3': 10, 'D_layer_units_exponent_4': 7, 'D_layer_units_exponent_5': 10, 'D_layer_units_exponent_6': 8, 'D_dagger_layers': 6, 'D_dagger_layer_units_exponent_0': 4, 'D_dagger_layer_units_exponent_1': 6, 'D_dagger_layer_units_exponent_2': 8, 'D_dagger_layer_units_exponent_3': 10, 'D_dagger_layer_units_exponent_4': 8, 'D_dagger_layer_units_exponent_5': 9, 'log_learning_rate': -2.3690368883041053, 'log_learning_rate_D': -3.8750209650979395, 'log_learning_rate_D_dagger': -4.878126677922417, 'training_batch_size': 6, 'training_p': 5}. Best is trial 49 with value: 0.07665807753801346.
Time for this trial:  662.9838092327118
Memory status after this trial: 
Memory allocated:  1614.17236328125
Memory cached:  1662.0
--------------------  Trial  86   --------------------
Start timing: 
Parameters: 
{'W_layers': 8, 'W_layer_units_exponent_0': 4, 'W_layer_units_exponent_1': 8, 'W_layer_units_exponent_2': 7, 'W_layer_units_exponent_3': 6, 'W_layer_units_exponent_4': 5, 'W_layer_units_exponent_5': 10, 'W_layer_units_exponent_6': 4, 'W_layer_units_exponent_7': 6, 'D_layers': 5, 'D_layer_units_exponent_0': 10, 'D_layer_units_exponent_1': 4, 'D_layer_units_exponent_2': 7, 'D_layer_units_exponent_3': 10, 'D_layer_units_exponent_4': 9, 'D_dagger_layers': 6, 'D_dagger_layer_units_exponent_0': 4, 'D_dagger_layer_units_exponent_1': 7, 'D_dagger_layer_units_exponent_2': 9, 'D_dagger_layer_units_exponent_3': 9, 'D_dagger_layer_units_exponent_4': 8, 'D_dagger_layer_units_exponent_5': 9, 'log_learning_rate': -2.0889343116513572, 'log_learning_rate_D': -4.234804941135625, 'log_learning_rate_D_dagger': -4.330477860641601, 'training_batch_size': 7, 'training_p': 5}
	 epoch  0 training error:  tensor(0.9652, device='cuda:0', grad_fn=<DivBackward0>)
Memory status after this epoch: 
Memory allocated:  794.658203125
Memory cached:  1296.0
	 epoch  10 training error:  tensor(0.5940, device='cuda:0', grad_fn=<DivBackward0>)
Memory status after this epoch: 
Memory allocated:  794.658203125
Memory cached:  1306.0
	 epoch  20 training error:  tensor(0.2774, device='cuda:0', grad_fn=<DivBackward0>)
Memory status after this epoch: 
Memory allocated:  794.658203125
Memory cached:  1306.0
	 epoch  30 training error:  tensor(0.1783, device='cuda:0', grad_fn=<DivBackward0>)
Memory status after this epoch: 
Memory allocated:  794.658203125
Memory cached:  1302.0
	 epoch  40 training error:  tensor(0.1602, device='cuda:0', grad_fn=<DivBackward0>)
Memory status after this epoch: 
Memory allocated:  794.658203125
Memory cached:  1306.0
	 epoch  50 training error:  tensor(0.1505, device='cuda:0', grad_fn=<DivBackward0>)
Memory status after this epoch: 
Memory allocated:  794.658203125
Memory cached:  1304.0
	 epoch  60 training error:  tensor(0.1419, device='cuda:0', grad_fn=<DivBackward0>)
Memory status after this epoch: 
Memory allocated:  794.658203125
Memory cached:  1300.0
	 epoch  70 training error:  tensor(0.1341, device='cuda:0', grad_fn=<DivBackward0>)
Memory status after this epoch: 
Memory allocated:  794.658203125
Memory cached:  1304.0
	 epoch  80 training error:  tensor(0.1266, device='cuda:0', grad_fn=<DivBackward0>)
Memory status after this epoch: 
Memory allocated:  794.658203125
Memory cached:  1302.0
	 epoch  90 training error:  tensor(0.1211, device='cuda:0', grad_fn=<DivBackward0>)
Memory status after this epoch: 
Memory allocated:  794.658203125
Memory cached:  1302.0
[I 2024-01-13 04:18:37,635] Trial 86 finished with value: 0.09309224784374237 and parameters: {'W_layers': 8, 'W_layer_units_exponent_0': 4, 'W_layer_units_exponent_1': 8, 'W_layer_units_exponent_2': 7, 'W_layer_units_exponent_3': 6, 'W_layer_units_exponent_4': 5, 'W_layer_units_exponent_5': 10, 'W_layer_units_exponent_6': 4, 'W_layer_units_exponent_7': 6, 'D_layers': 5, 'D_layer_units_exponent_0': 10, 'D_layer_units_exponent_1': 4, 'D_layer_units_exponent_2': 7, 'D_layer_units_exponent_3': 10, 'D_layer_units_exponent_4': 9, 'D_dagger_layers': 6, 'D_dagger_layer_units_exponent_0': 4, 'D_dagger_layer_units_exponent_1': 7, 'D_dagger_layer_units_exponent_2': 9, 'D_dagger_layer_units_exponent_3': 9, 'D_dagger_layer_units_exponent_4': 8, 'D_dagger_layer_units_exponent_5': 9, 'log_learning_rate': -2.0889343116513572, 'log_learning_rate_D': -4.234804941135625, 'log_learning_rate_D_dagger': -4.330477860641601, 'training_batch_size': 7, 'training_p': 5}. Best is trial 49 with value: 0.07665807753801346.
Time for this trial:  458.79487776756287
Memory status after this trial: 
Memory allocated:  1431.62255859375
Memory cached:  1468.0
--------------------  Trial  87   --------------------
Start timing: 
Parameters: 
{'W_layers': 8, 'W_layer_units_exponent_0': 4, 'W_layer_units_exponent_1': 9, 'W_layer_units_exponent_2': 7, 'W_layer_units_exponent_3': 5, 'W_layer_units_exponent_4': 7, 'W_layer_units_exponent_5': 10, 'W_layer_units_exponent_6': 6, 'W_layer_units_exponent_7': 8, 'D_layers': 4, 'D_layer_units_exponent_0': 10, 'D_layer_units_exponent_1': 5, 'D_layer_units_exponent_2': 8, 'D_layer_units_exponent_3': 8, 'D_dagger_layers': 6, 'D_dagger_layer_units_exponent_0': 9, 'D_dagger_layer_units_exponent_1': 7, 'D_dagger_layer_units_exponent_2': 8, 'D_dagger_layer_units_exponent_3': 10, 'D_dagger_layer_units_exponent_4': 8, 'D_dagger_layer_units_exponent_5': 9, 'log_learning_rate': -2.2578927419424644, 'log_learning_rate_D': -4.3602829816357485, 'log_learning_rate_D_dagger': -4.543036680902078, 'training_batch_size': 11, 'training_p': 5}
	 epoch  0 training error:  tensor(1.0022, device='cuda:0', grad_fn=<DivBackward0>)
Memory status after this epoch: 
Memory allocated:  791.544921875
Memory cached:  1304.0
	 epoch  10 training error:  tensor(0.6310, device='cuda:0', grad_fn=<DivBackward0>)
Memory status after this epoch: 
Memory allocated:  791.544921875
Memory cached:  1314.0
	 epoch  20 training error:  tensor(0.5577, device='cuda:0', grad_fn=<DivBackward0>)
Memory status after this epoch: 
Memory allocated:  791.544921875
Memory cached:  1314.0
	 epoch  30 training error:  tensor(0.3990, device='cuda:0', grad_fn=<DivBackward0>)
Memory status after this epoch: 
Memory allocated:  791.544921875
Memory cached:  1316.0
	 epoch  40 training error:  tensor(0.1924, device='cuda:0', grad_fn=<DivBackward0>)
Memory status after this epoch: 
Memory allocated:  791.544921875
Memory cached:  1314.0
	 epoch  50 training error:  tensor(0.1884, device='cuda:0', grad_fn=<DivBackward0>)
Memory status after this epoch: 
Memory allocated:  791.544921875
Memory cached:  1312.0
	 epoch  60 training error:  tensor(0.1748, device='cuda:0', grad_fn=<DivBackward0>)
Memory status after this epoch: 
Memory allocated:  791.544921875
Memory cached:  1324.0
	 epoch  70 training error:  tensor(0.1642, device='cuda:0', grad_fn=<DivBackward0>)
Memory status after this epoch: 
Memory allocated:  791.544921875
Memory cached:  1320.0
	 epoch  80 training error:  tensor(0.1576, device='cuda:0', grad_fn=<DivBackward0>)
Memory status after this epoch: 
Memory allocated:  791.544921875
Memory cached:  1312.0
	 epoch  90 training error:  tensor(0.1524, device='cuda:0', grad_fn=<DivBackward0>)
Memory status after this epoch: 
Memory allocated:  791.544921875
Memory cached:  1316.0
[I 2024-01-13 04:23:29,055] Trial 87 finished with value: 0.11967486143112183 and parameters: {'W_layers': 8, 'W_layer_units_exponent_0': 4, 'W_layer_units_exponent_1': 9, 'W_layer_units_exponent_2': 7, 'W_layer_units_exponent_3': 5, 'W_layer_units_exponent_4': 7, 'W_layer_units_exponent_5': 10, 'W_layer_units_exponent_6': 6, 'W_layer_units_exponent_7': 8, 'D_layers': 4, 'D_layer_units_exponent_0': 10, 'D_layer_units_exponent_1': 5, 'D_layer_units_exponent_2': 8, 'D_layer_units_exponent_3': 8, 'D_dagger_layers': 6, 'D_dagger_layer_units_exponent_0': 9, 'D_dagger_layer_units_exponent_1': 7, 'D_dagger_layer_units_exponent_2': 8, 'D_dagger_layer_units_exponent_3': 10, 'D_dagger_layer_units_exponent_4': 8, 'D_dagger_layer_units_exponent_5': 9, 'log_learning_rate': -2.2578927419424644, 'log_learning_rate_D': -4.3602829816357485, 'log_learning_rate_D_dagger': -4.543036680902078, 'training_batch_size': 11, 'training_p': 5}. Best is trial 49 with value: 0.07665807753801346.
Time for this trial:  290.863644361496
Memory status after this trial: 
Memory allocated:  1450.9912109375
Memory cached:  1494.0
--------------------  Trial  88   --------------------
Start timing: 
Parameters: 
{'W_layers': 7, 'W_layer_units_exponent_0': 5, 'W_layer_units_exponent_1': 10, 'W_layer_units_exponent_2': 8, 'W_layer_units_exponent_3': 5, 'W_layer_units_exponent_4': 10, 'W_layer_units_exponent_5': 9, 'W_layer_units_exponent_6': 5, 'D_layers': 7, 'D_layer_units_exponent_0': 9, 'D_layer_units_exponent_1': 5, 'D_layer_units_exponent_2': 9, 'D_layer_units_exponent_3': 9, 'D_layer_units_exponent_4': 8, 'D_layer_units_exponent_5': 9, 'D_layer_units_exponent_6': 6, 'D_dagger_layers': 5, 'D_dagger_layer_units_exponent_0': 4, 'D_dagger_layer_units_exponent_1': 6, 'D_dagger_layer_units_exponent_2': 9, 'D_dagger_layer_units_exponent_3': 10, 'D_dagger_layer_units_exponent_4': 7, 'log_learning_rate': -1.948340314591274, 'log_learning_rate_D': -4.111697424117515, 'log_learning_rate_D_dagger': -4.732443318787743, 'training_batch_size': 6, 'training_p': 6}
	 epoch  0 training error:  tensor(33.2615, device='cuda:0', grad_fn=<DivBackward0>)
Memory status after this epoch: 
Memory allocated:  806.7939453125
Memory cached:  1322.0
	 epoch  10 training error:  tensor(0.7100, device='cuda:0', grad_fn=<DivBackward0>)
Memory status after this epoch: 
Memory allocated:  806.7939453125
Memory cached:  1346.0
	 epoch  20 training error:  tensor(0.8864, device='cuda:0', grad_fn=<DivBackward0>)
Memory status after this epoch: 
Memory allocated:  806.7939453125
Memory cached:  1350.0
	 epoch  30 training error:  tensor(0.2559, device='cuda:0', grad_fn=<DivBackward0>)
Memory status after this epoch: 
Memory allocated:  806.7939453125
Memory cached:  1350.0
	 epoch  40 training error:  tensor(0.2175, device='cuda:0', grad_fn=<DivBackward0>)
Memory status after this epoch: 
Memory allocated:  806.7939453125
Memory cached:  1342.0
	 epoch  50 training error:  tensor(0.1917, device='cuda:0', grad_fn=<DivBackward0>)
Memory status after this epoch: 
Memory allocated:  806.7939453125
Memory cached:  1342.0
	 epoch  60 training error:  tensor(0.1813, device='cuda:0', grad_fn=<DivBackward0>)
Memory status after this epoch: 
Memory allocated:  806.7939453125
Memory cached:  1340.0
	 epoch  70 training error:  tensor(0.1722, device='cuda:0', grad_fn=<DivBackward0>)
Memory status after this epoch: 
Memory allocated:  806.7939453125
Memory cached:  1338.0
	 epoch  80 training error:  tensor(0.1633, device='cuda:0', grad_fn=<DivBackward0>)
Memory status after this epoch: 
Memory allocated:  806.7939453125
Memory cached:  1338.0
	 epoch  90 training error:  tensor(0.1546, device='cuda:0', grad_fn=<DivBackward0>)
Memory status after this epoch: 
Memory allocated:  806.7939453125
Memory cached:  1338.0
[I 2024-01-13 04:33:49,668] Trial 88 finished with value: 0.1104363426566124 and parameters: {'W_layers': 7, 'W_layer_units_exponent_0': 5, 'W_layer_units_exponent_1': 10, 'W_layer_units_exponent_2': 8, 'W_layer_units_exponent_3': 5, 'W_layer_units_exponent_4': 10, 'W_layer_units_exponent_5': 9, 'W_layer_units_exponent_6': 5, 'D_layers': 7, 'D_layer_units_exponent_0': 9, 'D_layer_units_exponent_1': 5, 'D_layer_units_exponent_2': 9, 'D_layer_units_exponent_3': 9, 'D_layer_units_exponent_4': 8, 'D_layer_units_exponent_5': 9, 'D_layer_units_exponent_6': 6, 'D_dagger_layers': 5, 'D_dagger_layer_units_exponent_0': 4, 'D_dagger_layer_units_exponent_1': 6, 'D_dagger_layer_units_exponent_2': 9, 'D_dagger_layer_units_exponent_3': 10, 'D_dagger_layer_units_exponent_4': 7, 'log_learning_rate': -1.948340314591274, 'log_learning_rate_D': -4.111697424117515, 'log_learning_rate_D_dagger': -4.732443318787743, 'training_batch_size': 6, 'training_p': 6}. Best is trial 49 with value: 0.07665807753801346.
Time for this trial:  620.0847599506378
Memory status after this trial: 
Memory allocated:  1538.3134765625
Memory cached:  1572.0
--------------------  Trial  89   --------------------
Start timing: 
Parameters: 
{'W_layers': 8, 'W_layer_units_exponent_0': 4, 'W_layer_units_exponent_1': 10, 'W_layer_units_exponent_2': 7, 'W_layer_units_exponent_3': 6, 'W_layer_units_exponent_4': 8, 'W_layer_units_exponent_5': 10, 'W_layer_units_exponent_6': 4, 'W_layer_units_exponent_7': 9, 'D_layers': 8, 'D_layer_units_exponent_0': 4, 'D_layer_units_exponent_1': 4, 'D_layer_units_exponent_2': 8, 'D_layer_units_exponent_3': 9, 'D_layer_units_exponent_4': 6, 'D_layer_units_exponent_5': 8, 'D_layer_units_exponent_6': 9, 'D_layer_units_exponent_7': 8, 'D_dagger_layers': 4, 'D_dagger_layer_units_exponent_0': 4, 'D_dagger_layer_units_exponent_1': 7, 'D_dagger_layer_units_exponent_2': 9, 'D_dagger_layer_units_exponent_3': 9, 'log_learning_rate': -2.5612188765280326, 'log_learning_rate_D': -3.9994797074428576, 'log_learning_rate_D_dagger': -4.018967820178063, 'training_batch_size': 6, 'training_p': 4}
	 epoch  0 training error:  tensor(1.1410, device='cuda:0', grad_fn=<DivBackward0>)
Memory status after this epoch: 
Memory allocated:  792.7451171875
Memory cached:  1306.0
	 epoch  10 training error:  tensor(0.2216, device='cuda:0', grad_fn=<DivBackward0>)
Memory status after this epoch: 
Memory allocated:  792.7451171875
Memory cached:  1348.0
	 epoch  20 training error:  tensor(0.1518, device='cuda:0', grad_fn=<DivBackward0>)
Memory status after this epoch: 
Memory allocated:  792.7451171875
Memory cached:  1364.0
	 epoch  30 training error:  tensor(0.1388, device='cuda:0', grad_fn=<DivBackward0>)
Memory status after this epoch: 
Memory allocated:  792.7451171875
Memory cached:  1366.0
	 epoch  40 training error:  tensor(0.1260, device='cuda:0', grad_fn=<DivBackward0>)
Memory status after this epoch: 
Memory allocated:  792.7451171875
Memory cached:  1354.0
	 epoch  50 training error:  tensor(0.1147, device='cuda:0', grad_fn=<DivBackward0>)
Memory status after this epoch: 
Memory allocated:  792.7451171875
Memory cached:  1358.0
	 epoch  60 training error:  tensor(0.1110, device='cuda:0', grad_fn=<DivBackward0>)
Memory status after this epoch: 
Memory allocated:  792.7451171875
Memory cached:  1362.0
	 epoch  70 training error:  tensor(0.1104, device='cuda:0', grad_fn=<DivBackward0>)
Memory status after this epoch: 
Memory allocated:  792.7451171875
Memory cached:  1350.0
	 epoch  80 training error:  tensor(0.1079, device='cuda:0', grad_fn=<DivBackward0>)
Memory status after this epoch: 
Memory allocated:  792.7451171875
Memory cached:  1356.0
	 epoch  90 training error:  tensor(0.1100, device='cuda:0', grad_fn=<DivBackward0>)
Memory status after this epoch: 
Memory allocated:  792.7451171875
Memory cached:  1360.0
