[I 2024-01-26 07:22:23,843] Trial 224 finished with value: 0.1688181608915329 and parameters: {'W_layers': 7, 'W_layer_units_exponent_0': 7, 'W_layer_units_exponent_1': 7, 'W_layer_units_exponent_2': 5, 'W_layer_units_exponent_3': 4, 'W_layer_units_exponent_4': 10, 'W_layer_units_exponent_5': 10, 'W_layer_units_exponent_6': 10, 'D_layers': 5, 'D_layer_units_exponent_0': 4, 'D_layer_units_exponent_1': 6, 'D_layer_units_exponent_2': 5, 'D_layer_units_exponent_3': 4, 'D_layer_units_exponent_4': 7, 'D_dagger_layers': 5, 'D_dagger_layer_units_exponent_0': 9, 'D_dagger_layer_units_exponent_1': 10, 'D_dagger_layer_units_exponent_2': 9, 'D_dagger_layer_units_exponent_3': 6, 'D_dagger_layer_units_exponent_4': 5, 'log_learning_rate': -3.3613486100911545, 'log_learning_rate_D': -2.541474965232359, 'log_learning_rate_D_dagger': -2.9984354104464415, 'training_batch_size': 9, 'training_p': 2}. Best is trial 209 with value: 0.16586799919605255.
Time for this trial:  25.240960597991943
Memory status after this trial: 
Memory allocated:  1222.84619140625
Memory cached:  1274.0
--------------------  Trial  225   --------------------
Start timing: 
Parameters: 
{'W_layers': 7, 'W_layer_units_exponent_0': 7, 'W_layer_units_exponent_1': 7, 'W_layer_units_exponent_2': 5, 'W_layer_units_exponent_3': 4, 'W_layer_units_exponent_4': 10, 'W_layer_units_exponent_5': 10, 'W_layer_units_exponent_6': 10, 'D_layers': 5, 'D_layer_units_exponent_0': 4, 'D_layer_units_exponent_1': 6, 'D_layer_units_exponent_2': 5, 'D_layer_units_exponent_3': 4, 'D_layer_units_exponent_4': 7, 'D_dagger_layers': 5, 'D_dagger_layer_units_exponent_0': 9, 'D_dagger_layer_units_exponent_1': 10, 'D_dagger_layer_units_exponent_2': 9, 'D_dagger_layer_units_exponent_3': 6, 'D_dagger_layer_units_exponent_4': 5, 'log_learning_rate': -3.354108955812109, 'log_learning_rate_D': -2.5332917645777364, 'log_learning_rate_D_dagger': -2.980611652011322, 'training_batch_size': 9, 'training_p': 2}
	 epoch  0 training error:  tensor(0.9930, device='cuda:0', grad_fn=<DivBackward0>)
Memory status after this epoch: 
Memory allocated:  663.19482421875
Memory cached:  778.0
	 epoch  10 training error:  tensor(0.2688, device='cuda:0', grad_fn=<DivBackward0>)
Memory status after this epoch: 
Memory allocated:  663.19482421875
Memory cached:  778.0
	 epoch  20 training error:  tensor(0.2081, device='cuda:0', grad_fn=<DivBackward0>)
Memory status after this epoch: 
Memory allocated:  663.19482421875
Memory cached:  778.0
	 epoch  30 training error:  tensor(0.1918, device='cuda:0', grad_fn=<DivBackward0>)
Memory status after this epoch: 
Memory allocated:  663.19482421875
Memory cached:  778.0
	 epoch  40 training error:  tensor(0.1930, device='cuda:0', grad_fn=<DivBackward0>)
Memory status after this epoch: 
Memory allocated:  663.19482421875
Memory cached:  778.0
	 epoch  50 training error:  tensor(0.1885, device='cuda:0', grad_fn=<DivBackward0>)
Memory status after this epoch: 
Memory allocated:  663.19482421875
Memory cached:  778.0
	 epoch  60 training error:  tensor(0.1922, device='cuda:0', grad_fn=<DivBackward0>)
Memory status after this epoch: 
Memory allocated:  663.19482421875
Memory cached:  778.0
	 epoch  70 training error:  tensor(0.1882, device='cuda:0', grad_fn=<DivBackward0>)
Memory status after this epoch: 
Memory allocated:  663.19482421875
Memory cached:  778.0
	 epoch  80 training error:  tensor(0.1903, device='cuda:0', grad_fn=<DivBackward0>)
Memory status after this epoch: 
Memory allocated:  663.19482421875
Memory cached:  778.0
	 epoch  90 training error:  tensor(0.1891, device='cuda:0', grad_fn=<DivBackward0>)
Memory status after this epoch: 
Memory allocated:  663.19482421875
Memory cached:  778.0
[I 2024-01-26 07:22:49,588] Trial 225 finished with value: 0.17141865193843842 and parameters: {'W_layers': 7, 'W_layer_units_exponent_0': 7, 'W_layer_units_exponent_1': 7, 'W_layer_units_exponent_2': 5, 'W_layer_units_exponent_3': 4, 'W_layer_units_exponent_4': 10, 'W_layer_units_exponent_5': 10, 'W_layer_units_exponent_6': 10, 'D_layers': 5, 'D_layer_units_exponent_0': 4, 'D_layer_units_exponent_1': 6, 'D_layer_units_exponent_2': 5, 'D_layer_units_exponent_3': 4, 'D_layer_units_exponent_4': 7, 'D_dagger_layers': 5, 'D_dagger_layer_units_exponent_0': 9, 'D_dagger_layer_units_exponent_1': 10, 'D_dagger_layer_units_exponent_2': 9, 'D_dagger_layer_units_exponent_3': 6, 'D_dagger_layer_units_exponent_4': 5, 'log_learning_rate': -3.354108955812109, 'log_learning_rate_D': -2.5332917645777364, 'log_learning_rate_D_dagger': -2.980611652011322, 'training_batch_size': 9, 'training_p': 2}. Best is trial 209 with value: 0.16586799919605255.
Time for this trial:  25.302729606628418
Memory status after this trial: 
Memory allocated:  1222.84619140625
Memory cached:  1274.0
--------------------  Trial  226   --------------------
Start timing: 
Parameters: 
{'W_layers': 7, 'W_layer_units_exponent_0': 7, 'W_layer_units_exponent_1': 7, 'W_layer_units_exponent_2': 5, 'W_layer_units_exponent_3': 4, 'W_layer_units_exponent_4': 10, 'W_layer_units_exponent_5': 10, 'W_layer_units_exponent_6': 10, 'D_layers': 5, 'D_layer_units_exponent_0': 4, 'D_layer_units_exponent_1': 6, 'D_layer_units_exponent_2': 5, 'D_layer_units_exponent_3': 4, 'D_layer_units_exponent_4': 7, 'D_dagger_layers': 5, 'D_dagger_layer_units_exponent_0': 9, 'D_dagger_layer_units_exponent_1': 10, 'D_dagger_layer_units_exponent_2': 9, 'D_dagger_layer_units_exponent_3': 6, 'D_dagger_layer_units_exponent_4': 5, 'log_learning_rate': -3.3377776131127948, 'log_learning_rate_D': -2.5286741604911915, 'log_learning_rate_D_dagger': -2.9818359170397493, 'training_batch_size': 9, 'training_p': 2}
	 epoch  0 training error:  tensor(1.0177, device='cuda:0', grad_fn=<DivBackward0>)
Memory status after this epoch: 
Memory allocated:  663.19482421875
Memory cached:  778.0
	 epoch  10 training error:  tensor(0.2938, device='cuda:0', grad_fn=<DivBackward0>)
Memory status after this epoch: 
Memory allocated:  663.19482421875
Memory cached:  778.0
	 epoch  20 training error:  tensor(0.2348, device='cuda:0', grad_fn=<DivBackward0>)
Memory status after this epoch: 
Memory allocated:  663.19482421875
Memory cached:  778.0
	 epoch  30 training error:  tensor(0.1932, device='cuda:0', grad_fn=<DivBackward0>)
Memory status after this epoch: 
Memory allocated:  663.19482421875
Memory cached:  778.0
	 epoch  40 training error:  tensor(0.1899, device='cuda:0', grad_fn=<DivBackward0>)
Memory status after this epoch: 
Memory allocated:  663.19482421875
Memory cached:  778.0
	 epoch  50 training error:  tensor(0.1880, device='cuda:0', grad_fn=<DivBackward0>)
Memory status after this epoch: 
Memory allocated:  663.19482421875
Memory cached:  778.0
	 epoch  60 training error:  tensor(0.1923, device='cuda:0', grad_fn=<DivBackward0>)
Memory status after this epoch: 
Memory allocated:  663.19482421875
Memory cached:  778.0
	 epoch  70 training error:  tensor(0.1857, device='cuda:0', grad_fn=<DivBackward0>)
Memory status after this epoch: 
Memory allocated:  663.19482421875
Memory cached:  778.0
	 epoch  80 training error:  tensor(0.1921, device='cuda:0', grad_fn=<DivBackward0>)
Memory status after this epoch: 
Memory allocated:  663.19482421875
Memory cached:  778.0
	 epoch  90 training error:  tensor(0.1871, device='cuda:0', grad_fn=<DivBackward0>)
Memory status after this epoch: 
Memory allocated:  663.19482421875
Memory cached:  778.0
[I 2024-01-26 07:23:15,122] Trial 226 finished with value: 0.16900835931301117 and parameters: {'W_layers': 7, 'W_layer_units_exponent_0': 7, 'W_layer_units_exponent_1': 7, 'W_layer_units_exponent_2': 5, 'W_layer_units_exponent_3': 4, 'W_layer_units_exponent_4': 10, 'W_layer_units_exponent_5': 10, 'W_layer_units_exponent_6': 10, 'D_layers': 5, 'D_layer_units_exponent_0': 4, 'D_layer_units_exponent_1': 6, 'D_layer_units_exponent_2': 5, 'D_layer_units_exponent_3': 4, 'D_layer_units_exponent_4': 7, 'D_dagger_layers': 5, 'D_dagger_layer_units_exponent_0': 9, 'D_dagger_layer_units_exponent_1': 10, 'D_dagger_layer_units_exponent_2': 9, 'D_dagger_layer_units_exponent_3': 6, 'D_dagger_layer_units_exponent_4': 5, 'log_learning_rate': -3.3377776131127948, 'log_learning_rate_D': -2.5286741604911915, 'log_learning_rate_D_dagger': -2.9818359170397493, 'training_batch_size': 9, 'training_p': 2}. Best is trial 209 with value: 0.16586799919605255.
Time for this trial:  25.096317768096924
Memory status after this trial: 
Memory allocated:  1222.84619140625
Memory cached:  1274.0
--------------------  Trial  227   --------------------
Start timing: 
Parameters: 
{'W_layers': 7, 'W_layer_units_exponent_0': 7, 'W_layer_units_exponent_1': 7, 'W_layer_units_exponent_2': 5, 'W_layer_units_exponent_3': 4, 'W_layer_units_exponent_4': 10, 'W_layer_units_exponent_5': 10, 'W_layer_units_exponent_6': 10, 'D_layers': 5, 'D_layer_units_exponent_0': 4, 'D_layer_units_exponent_1': 6, 'D_layer_units_exponent_2': 5, 'D_layer_units_exponent_3': 4, 'D_layer_units_exponent_4': 7, 'D_dagger_layers': 5, 'D_dagger_layer_units_exponent_0': 9, 'D_dagger_layer_units_exponent_1': 10, 'D_dagger_layer_units_exponent_2': 9, 'D_dagger_layer_units_exponent_3': 6, 'D_dagger_layer_units_exponent_4': 5, 'log_learning_rate': -3.3600285735056024, 'log_learning_rate_D': -2.511992257396522, 'log_learning_rate_D_dagger': -2.9587705853438253, 'training_batch_size': 9, 'training_p': 2}
	 epoch  0 training error:  tensor(1.0442, device='cuda:0', grad_fn=<DivBackward0>)
Memory status after this epoch: 
Memory allocated:  663.19482421875
Memory cached:  778.0
	 epoch  10 training error:  tensor(0.2290, device='cuda:0', grad_fn=<DivBackward0>)
Memory status after this epoch: 
Memory allocated:  663.19482421875
Memory cached:  778.0
	 epoch  20 training error:  tensor(0.2098, device='cuda:0', grad_fn=<DivBackward0>)
Memory status after this epoch: 
Memory allocated:  663.19482421875
Memory cached:  778.0
	 epoch  30 training error:  tensor(0.1897, device='cuda:0', grad_fn=<DivBackward0>)
Memory status after this epoch: 
Memory allocated:  663.19482421875
Memory cached:  778.0
	 epoch  40 training error:  tensor(0.1897, device='cuda:0', grad_fn=<DivBackward0>)
Memory status after this epoch: 
Memory allocated:  663.19482421875
Memory cached:  778.0
	 epoch  50 training error:  tensor(0.1921, device='cuda:0', grad_fn=<DivBackward0>)
Memory status after this epoch: 
Memory allocated:  663.19482421875
Memory cached:  778.0
	 epoch  60 training error:  tensor(0.1875, device='cuda:0', grad_fn=<DivBackward0>)
Memory status after this epoch: 
Memory allocated:  663.19482421875
Memory cached:  778.0
	 epoch  70 training error:  tensor(0.1915, device='cuda:0', grad_fn=<DivBackward0>)
Memory status after this epoch: 
Memory allocated:  663.19482421875
Memory cached:  778.0
	 epoch  80 training error:  tensor(0.1919, device='cuda:0', grad_fn=<DivBackward0>)
Memory status after this epoch: 
Memory allocated:  663.19482421875
Memory cached:  778.0
	 epoch  90 training error:  tensor(0.1890, device='cuda:0', grad_fn=<DivBackward0>)
Memory status after this epoch: 
Memory allocated:  663.19482421875
Memory cached:  778.0
[I 2024-01-26 07:23:40,826] Trial 227 finished with value: 0.16889621317386627 and parameters: {'W_layers': 7, 'W_layer_units_exponent_0': 7, 'W_layer_units_exponent_1': 7, 'W_layer_units_exponent_2': 5, 'W_layer_units_exponent_3': 4, 'W_layer_units_exponent_4': 10, 'W_layer_units_exponent_5': 10, 'W_layer_units_exponent_6': 10, 'D_layers': 5, 'D_layer_units_exponent_0': 4, 'D_layer_units_exponent_1': 6, 'D_layer_units_exponent_2': 5, 'D_layer_units_exponent_3': 4, 'D_layer_units_exponent_4': 7, 'D_dagger_layers': 5, 'D_dagger_layer_units_exponent_0': 9, 'D_dagger_layer_units_exponent_1': 10, 'D_dagger_layer_units_exponent_2': 9, 'D_dagger_layer_units_exponent_3': 6, 'D_dagger_layer_units_exponent_4': 5, 'log_learning_rate': -3.3600285735056024, 'log_learning_rate_D': -2.511992257396522, 'log_learning_rate_D_dagger': -2.9587705853438253, 'training_batch_size': 9, 'training_p': 2}. Best is trial 209 with value: 0.16586799919605255.
Time for this trial:  25.268759727478027
Memory status after this trial: 
Memory allocated:  1222.84619140625
Memory cached:  1274.0
--------------------  Trial  228   --------------------
Start timing: 
Parameters: 
{'W_layers': 7, 'W_layer_units_exponent_0': 7, 'W_layer_units_exponent_1': 7, 'W_layer_units_exponent_2': 5, 'W_layer_units_exponent_3': 4, 'W_layer_units_exponent_4': 10, 'W_layer_units_exponent_5': 10, 'W_layer_units_exponent_6': 10, 'D_layers': 5, 'D_layer_units_exponent_0': 4, 'D_layer_units_exponent_1': 6, 'D_layer_units_exponent_2': 5, 'D_layer_units_exponent_3': 4, 'D_layer_units_exponent_4': 7, 'D_dagger_layers': 5, 'D_dagger_layer_units_exponent_0': 9, 'D_dagger_layer_units_exponent_1': 10, 'D_dagger_layer_units_exponent_2': 9, 'D_dagger_layer_units_exponent_3': 6, 'D_dagger_layer_units_exponent_4': 5, 'log_learning_rate': -3.340840483108119, 'log_learning_rate_D': -2.5176822542277435, 'log_learning_rate_D_dagger': -2.966686145544509, 'training_batch_size': 9, 'training_p': 2}
	 epoch  0 training error:  tensor(0.9990, device='cuda:0', grad_fn=<DivBackward0>)
Memory status after this epoch: 
Memory allocated:  663.19482421875
Memory cached:  778.0
	 epoch  10 training error:  tensor(0.2711, device='cuda:0', grad_fn=<DivBackward0>)
Memory status after this epoch: 
Memory allocated:  663.19482421875
Memory cached:  778.0
	 epoch  20 training error:  tensor(0.1988, device='cuda:0', grad_fn=<DivBackward0>)
Memory status after this epoch: 
Memory allocated:  663.19482421875
Memory cached:  778.0
	 epoch  30 training error:  tensor(0.1898, device='cuda:0', grad_fn=<DivBackward0>)
Memory status after this epoch: 
Memory allocated:  663.19482421875
Memory cached:  778.0
	 epoch  40 training error:  tensor(0.1892, device='cuda:0', grad_fn=<DivBackward0>)
Memory status after this epoch: 
Memory allocated:  663.19482421875
Memory cached:  778.0
	 epoch  50 training error:  tensor(0.1875, device='cuda:0', grad_fn=<DivBackward0>)
Memory status after this epoch: 
Memory allocated:  663.19482421875
Memory cached:  778.0
	 epoch  60 training error:  tensor(0.1886, device='cuda:0', grad_fn=<DivBackward0>)
Memory status after this epoch: 
Memory allocated:  663.19482421875
Memory cached:  778.0
	 epoch  70 training error:  tensor(0.1897, device='cuda:0', grad_fn=<DivBackward0>)
Memory status after this epoch: 
Memory allocated:  663.19482421875
Memory cached:  778.0
	 epoch  80 training error:  tensor(0.1887, device='cuda:0', grad_fn=<DivBackward0>)
Memory status after this epoch: 
Memory allocated:  663.19482421875
Memory cached:  778.0
	 epoch  90 training error:  tensor(0.1883, device='cuda:0', grad_fn=<DivBackward0>)
Memory status after this epoch: 
Memory allocated:  663.19482421875
Memory cached:  778.0
[I 2024-01-26 07:24:06,362] Trial 228 finished with value: 0.16978049278259277 and parameters: {'W_layers': 7, 'W_layer_units_exponent_0': 7, 'W_layer_units_exponent_1': 7, 'W_layer_units_exponent_2': 5, 'W_layer_units_exponent_3': 4, 'W_layer_units_exponent_4': 10, 'W_layer_units_exponent_5': 10, 'W_layer_units_exponent_6': 10, 'D_layers': 5, 'D_layer_units_exponent_0': 4, 'D_layer_units_exponent_1': 6, 'D_layer_units_exponent_2': 5, 'D_layer_units_exponent_3': 4, 'D_layer_units_exponent_4': 7, 'D_dagger_layers': 5, 'D_dagger_layer_units_exponent_0': 9, 'D_dagger_layer_units_exponent_1': 10, 'D_dagger_layer_units_exponent_2': 9, 'D_dagger_layer_units_exponent_3': 6, 'D_dagger_layer_units_exponent_4': 5, 'log_learning_rate': -3.340840483108119, 'log_learning_rate_D': -2.5176822542277435, 'log_learning_rate_D_dagger': -2.966686145544509, 'training_batch_size': 9, 'training_p': 2}. Best is trial 209 with value: 0.16586799919605255.
Time for this trial:  25.12709069252014
Memory status after this trial: 
Memory allocated:  1222.84619140625
Memory cached:  1274.0
--------------------  Trial  229   --------------------
Start timing: 
Parameters: 
{'W_layers': 7, 'W_layer_units_exponent_0': 7, 'W_layer_units_exponent_1': 7, 'W_layer_units_exponent_2': 5, 'W_layer_units_exponent_3': 4, 'W_layer_units_exponent_4': 10, 'W_layer_units_exponent_5': 10, 'W_layer_units_exponent_6': 10, 'D_layers': 5, 'D_layer_units_exponent_0': 4, 'D_layer_units_exponent_1': 6, 'D_layer_units_exponent_2': 5, 'D_layer_units_exponent_3': 4, 'D_layer_units_exponent_4': 7, 'D_dagger_layers': 5, 'D_dagger_layer_units_exponent_0': 9, 'D_dagger_layer_units_exponent_1': 10, 'D_dagger_layer_units_exponent_2': 9, 'D_dagger_layer_units_exponent_3': 6, 'D_dagger_layer_units_exponent_4': 5, 'log_learning_rate': -3.2951097800520754, 'log_learning_rate_D': -2.3886797418480863, 'log_learning_rate_D_dagger': -2.9898422145149977, 'training_batch_size': 9, 'training_p': 2}
	 epoch  0 training error:  tensor(0.9974, device='cuda:0', grad_fn=<DivBackward0>)
Memory status after this epoch: 
Memory allocated:  663.19482421875
Memory cached:  778.0
	 epoch  10 training error:  tensor(0.3063, device='cuda:0', grad_fn=<DivBackward0>)
Memory status after this epoch: 
Memory allocated:  663.19482421875
Memory cached:  778.0
	 epoch  20 training error:  tensor(0.2081, device='cuda:0', grad_fn=<DivBackward0>)
Memory status after this epoch: 
Memory allocated:  663.19482421875
Memory cached:  778.0
	 epoch  30 training error:  tensor(0.1984, device='cuda:0', grad_fn=<DivBackward0>)
Memory status after this epoch: 
Memory allocated:  663.19482421875
Memory cached:  778.0
	 epoch  40 training error:  tensor(0.1911, device='cuda:0', grad_fn=<DivBackward0>)
Memory status after this epoch: 
Memory allocated:  663.19482421875
Memory cached:  778.0
	 epoch  50 training error:  tensor(0.1960, device='cuda:0', grad_fn=<DivBackward0>)
Memory status after this epoch: 
Memory allocated:  663.19482421875
Memory cached:  778.0
	 epoch  60 training error:  tensor(0.2068, device='cuda:0', grad_fn=<DivBackward0>)
Memory status after this epoch: 
Memory allocated:  663.19482421875
Memory cached:  778.0
	 epoch  70 training error:  tensor(0.1930, device='cuda:0', grad_fn=<DivBackward0>)
Memory status after this epoch: 
Memory allocated:  663.19482421875
Memory cached:  778.0
	 epoch  80 training error:  tensor(0.1957, device='cuda:0', grad_fn=<DivBackward0>)
Memory status after this epoch: 
Memory allocated:  663.19482421875
Memory cached:  778.0
	 epoch  90 training error:  tensor(0.1963, device='cuda:0', grad_fn=<DivBackward0>)
Memory status after this epoch: 
Memory allocated:  663.19482421875
Memory cached:  778.0
