[I 2024-03-01 07:32:12,440] A new study created in RDB with name: my_study1
Cuda is available:  True
Device is:  cuda
Memory allocated:  0.0
Memory cached:  0.0
Data file:  ./data/Trial0216_combined_800.pt
Vs.shape:  torch.Size([800, 100])
thetas.shape:  torch.Size([800, 100])
fs.shape:  torch.Size([800, 100])
ts.shape:  torch.Size([800, 100])
Xs.shape:  torch.Size([800, 100])
--------------------  Trial  0   --------------------
Start timing: 
Parameters: 
{'W_layers': 4, 'W_layer_units_exponent_0': 8, 'W_layer_units_exponent_1': 5, 'W_layer_units_exponent_2': 10, 'W_layer_units_exponent_3': 10, 'D_layers': 4, 'D_layer_units_exponent_0': 5, 'D_layer_units_exponent_1': 8, 'D_layer_units_exponent_2': 6, 'D_layer_units_exponent_3': 4, 'D_dagger_layers': 7, 'D_dagger_layer_units_exponent_0': 9, 'D_dagger_layer_units_exponent_1': 6, 'D_dagger_layer_units_exponent_2': 9, 'D_dagger_layer_units_exponent_3': 6, 'D_dagger_layer_units_exponent_4': 5, 'D_dagger_layer_units_exponent_5': 4, 'D_dagger_layer_units_exponent_6': 6, 'log_learning_rate': -2.876329842673198, 'log_learning_rate_D': -1.7263905183340387, 'log_learning_rate_D_dagger': -1.7751587305724579, 'training_batch_size': 10, 'training_p': 5}
	 epoch  0 training error:  tensor(1.0025, grad_fn=<ToCopyBackward0>)
Memory status after this epoch: 
Memory allocated:  42.1728515625
Memory cached:  280.0
	 epoch  10 training error:  tensor(0.6478, grad_fn=<ToCopyBackward0>)
Memory status after this epoch: 
Memory allocated:  41.9228515625
Memory cached:  572.0
	 epoch  20 training error:  tensor(0.6616, grad_fn=<ToCopyBackward0>)
Memory status after this epoch: 
Memory allocated:  42.1728515625
Memory cached:  580.0
	 epoch  30 training error:  tensor(0.6623, grad_fn=<ToCopyBackward0>)
Memory status after this epoch: 
Memory allocated:  41.9228515625
Memory cached:  558.0
	 epoch  40 training error:  tensor(0.5714, grad_fn=<ToCopyBackward0>)
Memory status after this epoch: 
Memory allocated:  42.1728515625
Memory cached:  552.0
	 epoch  50 training error:  tensor(0.3941, grad_fn=<ToCopyBackward0>)
Memory status after this epoch: 
Memory allocated:  41.9228515625
Memory cached:  582.0
	 epoch  60 training error:  tensor(0.3528, grad_fn=<ToCopyBackward0>)
Memory status after this epoch: 
Memory allocated:  41.9228515625
Memory cached:  560.0
	 epoch  70 training error:  tensor(0.3801, grad_fn=<ToCopyBackward0>)
Memory status after this epoch: 
Memory allocated:  41.9228515625
Memory cached:  562.0
	 epoch  80 training error:  tensor(0.3817, grad_fn=<ToCopyBackward0>)
Memory status after this epoch: 
Memory allocated:  42.1728515625
Memory cached:  566.0
	 epoch  90 training error:  tensor(0.3554, grad_fn=<ToCopyBackward0>)
Memory status after this epoch: 
Memory allocated:  42.1728515625
Memory cached:  548.0
[I 2024-03-01 07:38:56,283] Trial 0 finished with value: 0.23779690265655518 and parameters: {'W_layers': 4, 'W_layer_units_exponent_0': 8, 'W_layer_units_exponent_1': 5, 'W_layer_units_exponent_2': 10, 'W_layer_units_exponent_3': 10, 'D_layers': 4, 'D_layer_units_exponent_0': 5, 'D_layer_units_exponent_1': 8, 'D_layer_units_exponent_2': 6, 'D_layer_units_exponent_3': 4, 'D_dagger_layers': 7, 'D_dagger_layer_units_exponent_0': 9, 'D_dagger_layer_units_exponent_1': 6, 'D_dagger_layer_units_exponent_2': 9, 'D_dagger_layer_units_exponent_3': 6, 'D_dagger_layer_units_exponent_4': 5, 'D_dagger_layer_units_exponent_5': 4, 'D_dagger_layer_units_exponent_6': 6, 'log_learning_rate': -2.876329842673198, 'log_learning_rate_D': -1.7263905183340387, 'log_learning_rate_D_dagger': -1.7751587305724579, 'training_batch_size': 10, 'training_p': 5}. Best is trial 0 with value: 0.23779690265655518.
res:  tensor(0.2378, grad_fn=<ToCopyBackward0>)
self.bestValue:  10000000.0
Save this model!
Time for this trial:  403.42404341697693
Memory status after this trial: 
Memory allocated:  835.33154296875
Memory cached:  858.0
--------------------  Trial  1   --------------------
Start timing: 
Parameters: 
{'W_layers': 6, 'W_layer_units_exponent_0': 7, 'W_layer_units_exponent_1': 6, 'W_layer_units_exponent_2': 10, 'W_layer_units_exponent_3': 5, 'W_layer_units_exponent_4': 6, 'W_layer_units_exponent_5': 4, 'D_layers': 2, 'D_layer_units_exponent_0': 7, 'D_layer_units_exponent_1': 7, 'D_dagger_layers': 4, 'D_dagger_layer_units_exponent_0': 6, 'D_dagger_layer_units_exponent_1': 4, 'D_dagger_layer_units_exponent_2': 8, 'D_dagger_layer_units_exponent_3': 9, 'log_learning_rate': -3.4039862550030606, 'log_learning_rate_D': -4.766836598218072, 'log_learning_rate_D_dagger': -1.132941513228249, 'training_batch_size': 12, 'training_p': 6}
	 epoch  0 training error:  tensor(0.9840, grad_fn=<ToCopyBackward0>)
Memory status after this epoch: 
Memory allocated:  840.65673828125
Memory cached:  1036.0
	 epoch  10 training error:  tensor(2.1214, grad_fn=<ToCopyBackward0>)
Memory status after this epoch: 
Memory allocated:  840.65673828125
Memory cached:  1198.0
	 epoch  20 training error:  tensor(0.6922, grad_fn=<ToCopyBackward0>)
Memory status after this epoch: 
Memory allocated:  840.65673828125
Memory cached:  1206.0
	 epoch  30 training error:  tensor(0.6095, grad_fn=<ToCopyBackward0>)
Memory status after this epoch: 
Memory allocated:  840.65673828125
Memory cached:  1204.0
	 epoch  40 training error:  tensor(0.5600, grad_fn=<ToCopyBackward0>)
Memory status after this epoch: 
Memory allocated:  840.65673828125
Memory cached:  1200.0
	 epoch  50 training error:  tensor(0.3909, grad_fn=<ToCopyBackward0>)
Memory status after this epoch: 
Memory allocated:  840.65673828125
Memory cached:  1202.0
	 epoch  60 training error:  tensor(0.4477, grad_fn=<ToCopyBackward0>)
Memory status after this epoch: 
Memory allocated:  840.65673828125
Memory cached:  1208.0
	 epoch  70 training error:  tensor(0.3830, grad_fn=<ToCopyBackward0>)
Memory status after this epoch: 
Memory allocated:  840.65673828125
Memory cached:  1210.0
	 epoch  80 training error:  tensor(0.3577, grad_fn=<ToCopyBackward0>)
Memory status after this epoch: 
Memory allocated:  840.65673828125
Memory cached:  1212.0
	 epoch  90 training error:  tensor(0.3606, grad_fn=<ToCopyBackward0>)
Memory status after this epoch: 
Memory allocated:  840.65673828125
Memory cached:  1200.0
[I 2024-03-01 07:44:26,312] Trial 1 finished with value: 0.21908441185951233 and parameters: {'W_layers': 6, 'W_layer_units_exponent_0': 7, 'W_layer_units_exponent_1': 6, 'W_layer_units_exponent_2': 10, 'W_layer_units_exponent_3': 5, 'W_layer_units_exponent_4': 6, 'W_layer_units_exponent_5': 4, 'D_layers': 2, 'D_layer_units_exponent_0': 7, 'D_layer_units_exponent_1': 7, 'D_dagger_layers': 4, 'D_dagger_layer_units_exponent_0': 6, 'D_dagger_layer_units_exponent_1': 4, 'D_dagger_layer_units_exponent_2': 8, 'D_dagger_layer_units_exponent_3': 9, 'log_learning_rate': -3.4039862550030606, 'log_learning_rate_D': -4.766836598218072, 'log_learning_rate_D_dagger': -1.132941513228249, 'training_batch_size': 12, 'training_p': 6}. Best is trial 1 with value: 0.21908441185951233.
res:  tensor(0.2191, grad_fn=<ToCopyBackward0>)
self.bestValue:  tensor(0.2378, grad_fn=<ToCopyBackward0>)
Save this model!
Time for this trial:  329.63944149017334
Memory status after this trial: 
Memory allocated:  517.49658203125
Memory cached:  1062.0
--------------------  Trial  2   --------------------
Start timing: 
Parameters: 
{'W_layers': 8, 'W_layer_units_exponent_0': 7, 'W_layer_units_exponent_1': 7, 'W_layer_units_exponent_2': 5, 'W_layer_units_exponent_3': 7, 'W_layer_units_exponent_4': 5, 'W_layer_units_exponent_5': 6, 'W_layer_units_exponent_6': 6, 'W_layer_units_exponent_7': 6, 'D_layers': 3, 'D_layer_units_exponent_0': 6, 'D_layer_units_exponent_1': 5, 'D_layer_units_exponent_2': 5, 'D_dagger_layers': 3, 'D_dagger_layer_units_exponent_0': 7, 'D_dagger_layer_units_exponent_1': 9, 'D_dagger_layer_units_exponent_2': 8, 'log_learning_rate': -1.5610831554111426, 'log_learning_rate_D': -4.3931210401030665, 'log_learning_rate_D_dagger': -4.135949106781026, 'training_batch_size': 10, 'training_p': 5}
	 epoch  0 training error:  tensor(1.0467, grad_fn=<ToCopyBackward0>)
Memory status after this epoch: 
Memory allocated:  522.35693359375
Memory cached:  1104.0
	 epoch  10 training error:  tensor(0.5426, grad_fn=<ToCopyBackward0>)
Memory status after this epoch: 
Memory allocated:  522.35693359375
Memory cached:  1178.0
	 epoch  20 training error:  tensor(0.7130, grad_fn=<ToCopyBackward0>)
Memory status after this epoch: 
Memory allocated:  522.35693359375
Memory cached:  1176.0
	 epoch  30 training error:  tensor(0.3650, grad_fn=<ToCopyBackward0>)
Memory status after this epoch: 
Memory allocated:  522.35693359375
Memory cached:  1166.0
	 epoch  40 training error:  tensor(0.3520, grad_fn=<ToCopyBackward0>)
Memory status after this epoch: 
Memory allocated:  522.35693359375
Memory cached:  1176.0
	 epoch  50 training error:  tensor(0.3383, grad_fn=<ToCopyBackward0>)
Memory status after this epoch: 
Memory allocated:  522.35693359375
Memory cached:  1164.0
	 epoch  60 training error:  tensor(0.3454, grad_fn=<ToCopyBackward0>)
Memory status after this epoch: 
Memory allocated:  522.35693359375
Memory cached:  1178.0
	 epoch  70 training error:  tensor(0.3321, grad_fn=<ToCopyBackward0>)
Memory status after this epoch: 
Memory allocated:  522.35693359375
Memory cached:  1154.0
	 epoch  80 training error:  tensor(0.3308, grad_fn=<ToCopyBackward0>)
Memory status after this epoch: 
Memory allocated:  522.35693359375
Memory cached:  1176.0
	 epoch  90 training error:  tensor(0.3288, grad_fn=<ToCopyBackward0>)
Memory status after this epoch: 
Memory allocated:  522.35693359375
Memory cached:  1180.0
[I 2024-03-01 07:50:16,646] Trial 2 finished with value: 0.218912273645401 and parameters: {'W_layers': 8, 'W_layer_units_exponent_0': 7, 'W_layer_units_exponent_1': 7, 'W_layer_units_exponent_2': 5, 'W_layer_units_exponent_3': 7, 'W_layer_units_exponent_4': 5, 'W_layer_units_exponent_5': 6, 'W_layer_units_exponent_6': 6, 'W_layer_units_exponent_7': 6, 'D_layers': 3, 'D_layer_units_exponent_0': 6, 'D_layer_units_exponent_1': 5, 'D_layer_units_exponent_2': 5, 'D_dagger_layers': 3, 'D_dagger_layer_units_exponent_0': 7, 'D_dagger_layer_units_exponent_1': 9, 'D_dagger_layer_units_exponent_2': 8, 'log_learning_rate': -1.5610831554111426, 'log_learning_rate_D': -4.3931210401030665, 'log_learning_rate_D_dagger': -4.135949106781026, 'training_batch_size': 10, 'training_p': 5}. Best is trial 2 with value: 0.218912273645401.
res:  tensor(0.2189, grad_fn=<ToCopyBackward0>)
self.bestValue:  tensor(0.2191, grad_fn=<ToCopyBackward0>)
Save this model!
Time for this trial:  349.9416825771332
Memory status after this trial: 
Memory allocated:  362.86279296875
Memory cached:  768.0
--------------------  Trial  3   --------------------
Start timing: 
Parameters: 
{'W_layers': 4, 'W_layer_units_exponent_0': 4, 'W_layer_units_exponent_1': 7, 'W_layer_units_exponent_2': 4, 'W_layer_units_exponent_3': 8, 'D_layers': 5, 'D_layer_units_exponent_0': 6, 'D_layer_units_exponent_1': 4, 'D_layer_units_exponent_2': 7, 'D_layer_units_exponent_3': 5, 'D_layer_units_exponent_4': 8, 'D_dagger_layers': 7, 'D_dagger_layer_units_exponent_0': 7, 'D_dagger_layer_units_exponent_1': 5, 'D_dagger_layer_units_exponent_2': 10, 'D_dagger_layer_units_exponent_3': 9, 'D_dagger_layer_units_exponent_4': 9, 'D_dagger_layer_units_exponent_5': 6, 'D_dagger_layer_units_exponent_6': 8, 'log_learning_rate': -3.207727754327934, 'log_learning_rate_D': -4.987567753692063, 'log_learning_rate_D_dagger': -4.493450086782318, 'training_batch_size': 11, 'training_p': 2}
	 epoch  0 training error:  tensor(1.0644, grad_fn=<ToCopyBackward0>)
Memory status after this epoch: 
Memory allocated:  380.30126953125
Memory cached:  864.0
	 epoch  10 training error:  tensor(0.5833, grad_fn=<ToCopyBackward0>)
Memory status after this epoch: 
Memory allocated:  380.30126953125
Memory cached:  948.0
	 epoch  20 training error:  tensor(0.5118, grad_fn=<ToCopyBackward0>)
Memory status after this epoch: 
Memory allocated:  380.30126953125
Memory cached:  956.0
	 epoch  30 training error:  tensor(0.3989, grad_fn=<ToCopyBackward0>)
Memory status after this epoch: 
Memory allocated:  380.30126953125
Memory cached:  956.0
	 epoch  40 training error:  tensor(0.2670, grad_fn=<ToCopyBackward0>)
Memory status after this epoch: 
Memory allocated:  380.30126953125
Memory cached:  952.0
	 epoch  50 training error:  tensor(0.2417, grad_fn=<ToCopyBackward0>)
Memory status after this epoch: 
Memory allocated:  380.30126953125
Memory cached:  952.0
	 epoch  60 training error:  tensor(0.2268, grad_fn=<ToCopyBackward0>)
Memory status after this epoch: 
Memory allocated:  380.30126953125
Memory cached:  950.0
	 epoch  70 training error:  tensor(0.2254, grad_fn=<ToCopyBackward0>)
Memory status after this epoch: 
Memory allocated:  380.30126953125
Memory cached:  970.0
	 epoch  80 training error:  tensor(0.2212, grad_fn=<ToCopyBackward0>)
Memory status after this epoch: 
Memory allocated:  380.30126953125
Memory cached:  938.0
	 epoch  90 training error:  tensor(0.2196, grad_fn=<ToCopyBackward0>)
Memory status after this epoch: 
Memory allocated:  380.30126953125
Memory cached:  960.0
[I 2024-03-01 07:57:11,975] Trial 3 finished with value: 0.22159424424171448 and parameters: {'W_layers': 4, 'W_layer_units_exponent_0': 4, 'W_layer_units_exponent_1': 7, 'W_layer_units_exponent_2': 4, 'W_layer_units_exponent_3': 8, 'D_layers': 5, 'D_layer_units_exponent_0': 6, 'D_layer_units_exponent_1': 4, 'D_layer_units_exponent_2': 7, 'D_layer_units_exponent_3': 5, 'D_layer_units_exponent_4': 8, 'D_dagger_layers': 7, 'D_dagger_layer_units_exponent_0': 7, 'D_dagger_layer_units_exponent_1': 5, 'D_dagger_layer_units_exponent_2': 10, 'D_dagger_layer_units_exponent_3': 9, 'D_dagger_layer_units_exponent_4': 9, 'D_dagger_layer_units_exponent_5': 6, 'D_dagger_layer_units_exponent_6': 8, 'log_learning_rate': -3.207727754327934, 'log_learning_rate_D': -4.987567753692063, 'log_learning_rate_D_dagger': -4.493450086782318, 'training_batch_size': 11, 'training_p': 2}. Best is trial 2 with value: 0.218912273645401.
Time for this trial:  414.9662911891937
Memory status after this trial: 
Memory allocated:  1077.4794921875
Memory cached:  1104.0
--------------------  Trial  4   --------------------
Start timing: 
Parameters: 
{'W_layers': 4, 'W_layer_units_exponent_0': 5, 'W_layer_units_exponent_1': 8, 'W_layer_units_exponent_2': 10, 'W_layer_units_exponent_3': 5, 'D_layers': 5, 'D_layer_units_exponent_0': 8, 'D_layer_units_exponent_1': 6, 'D_layer_units_exponent_2': 10, 'D_layer_units_exponent_3': 8, 'D_layer_units_exponent_4': 6, 'D_dagger_layers': 4, 'D_dagger_layer_units_exponent_0': 4, 'D_dagger_layer_units_exponent_1': 6, 'D_dagger_layer_units_exponent_2': 6, 'D_dagger_layer_units_exponent_3': 5, 'log_learning_rate': -1.1051842323742243, 'log_learning_rate_D': -4.219172398728812, 'log_learning_rate_D_dagger': -4.427868230452528, 'training_batch_size': 8, 'training_p': 3}
	 epoch  0 training error:  tensor(162.2878, grad_fn=<ToCopyBackward0>)
Memory status after this epoch: 
Memory allocated:  376.0166015625
Memory cached:  808.0
	 epoch  10 training error:  tensor(1168.1742, grad_fn=<ToCopyBackward0>)
Memory status after this epoch: 
Memory allocated:  376.0166015625
Memory cached:  802.0
	 epoch  20 training error:  tensor(24.5884, grad_fn=<ToCopyBackward0>)
Memory status after this epoch: 
Memory allocated:  376.0166015625
Memory cached:  814.0
	 epoch  30 training error:  tensor(18.1059, grad_fn=<ToCopyBackward0>)
Memory status after this epoch: 
Memory allocated:  376.0166015625
Memory cached:  814.0
	 epoch  40 training error:  tensor(1.2451, grad_fn=<ToCopyBackward0>)
Memory status after this epoch: 
Memory allocated:  376.0166015625
Memory cached:  806.0
	 epoch  50 training error:  tensor(0.6059, grad_fn=<ToCopyBackward0>)
Memory status after this epoch: 
Memory allocated:  376.0166015625
Memory cached:  820.0
	 epoch  60 training error:  tensor(0.6335, grad_fn=<ToCopyBackward0>)
Memory status after this epoch: 
Memory allocated:  376.0166015625
Memory cached:  808.0
	 epoch  70 training error:  tensor(0.5858, grad_fn=<ToCopyBackward0>)
Memory status after this epoch: 
Memory allocated:  376.0166015625
Memory cached:  806.0
	 epoch  80 training error:  tensor(0.5438, grad_fn=<ToCopyBackward0>)
Memory status after this epoch: 
Memory allocated:  376.0166015625
Memory cached:  812.0
	 epoch  90 training error:  tensor(0.5221, grad_fn=<ToCopyBackward0>)
Memory status after this epoch: 
Memory allocated:  376.0166015625
Memory cached:  816.0
[I 2024-03-01 08:12:35,357] Trial 4 finished with value: 0.4579746425151825 and parameters: {'W_layers': 4, 'W_layer_units_exponent_0': 5, 'W_layer_units_exponent_1': 8, 'W_layer_units_exponent_2': 10, 'W_layer_units_exponent_3': 5, 'D_layers': 5, 'D_layer_units_exponent_0': 8, 'D_layer_units_exponent_1': 6, 'D_layer_units_exponent_2': 10, 'D_layer_units_exponent_3': 8, 'D_layer_units_exponent_4': 6, 'D_dagger_layers': 4, 'D_dagger_layer_units_exponent_0': 4, 'D_dagger_layer_units_exponent_1': 6, 'D_dagger_layer_units_exponent_2': 6, 'D_dagger_layer_units_exponent_3': 5, 'log_learning_rate': -1.1051842323742243, 'log_learning_rate_D': -4.219172398728812, 'log_learning_rate_D_dagger': -4.427868230452528, 'training_batch_size': 8, 'training_p': 3}. Best is trial 2 with value: 0.218912273645401.
Time for this trial:  922.740453004837
Memory status after this trial: 
Memory allocated:  1038.90771484375
Memory cached:  1070.0
--------------------  Trial  5   --------------------
Start timing: 
Parameters: 
{'W_layers': 4, 'W_layer_units_exponent_0': 9, 'W_layer_units_exponent_1': 8, 'W_layer_units_exponent_2': 6, 'W_layer_units_exponent_3': 6, 'D_layers': 8, 'D_layer_units_exponent_0': 7, 'D_layer_units_exponent_1': 7, 'D_layer_units_exponent_2': 4, 'D_layer_units_exponent_3': 6, 'D_layer_units_exponent_4': 5, 'D_layer_units_exponent_5': 5, 'D_layer_units_exponent_6': 6, 'D_layer_units_exponent_7': 6, 'D_dagger_layers': 5, 'D_dagger_layer_units_exponent_0': 5, 'D_dagger_layer_units_exponent_1': 6, 'D_dagger_layer_units_exponent_2': 7, 'D_dagger_layer_units_exponent_3': 10, 'D_dagger_layer_units_exponent_4': 10, 'log_learning_rate': -4.310388938897606, 'log_learning_rate_D': -2.4029480824326277, 'log_learning_rate_D_dagger': -2.829419028299656, 'training_batch_size': 12, 'training_p': 4}
	 epoch  0 training error:  tensor(0.9908, grad_fn=<ToCopyBackward0>)
Memory status after this epoch: 
Memory allocated:  389.36572265625
Memory cached:  954.0
	 epoch  10 training error:  tensor(0.3514, grad_fn=<ToCopyBackward0>)
Memory status after this epoch: 
Memory allocated:  389.36572265625
Memory cached:  1020.0
	 epoch  20 training error:  tensor(0.3075, grad_fn=<ToCopyBackward0>)
Memory status after this epoch: 
Memory allocated:  389.36572265625
Memory cached:  1040.0
	 epoch  30 training error:  tensor(0.3019, grad_fn=<ToCopyBackward0>)
Memory status after this epoch: 
Memory allocated:  389.36572265625
Memory cached:  1044.0
	 epoch  40 training error:  tensor(0.2976, grad_fn=<ToCopyBackward0>)
Memory status after this epoch: 
Memory allocated:  389.36572265625
Memory cached:  1050.0
	 epoch  50 training error:  tensor(0.2934, grad_fn=<ToCopyBackward0>)
Memory status after this epoch: 
Memory allocated:  389.36572265625
Memory cached:  1034.0
	 epoch  60 training error:  tensor(0.2870, grad_fn=<ToCopyBackward0>)
Memory status after this epoch: 
Memory allocated:  389.36572265625
Memory cached:  1036.0
	 epoch  70 training error:  tensor(0.2876, grad_fn=<ToCopyBackward0>)
Memory status after this epoch: 
Memory allocated:  389.36572265625
Memory cached:  1032.0
	 epoch  80 training error:  tensor(0.2888, grad_fn=<ToCopyBackward0>)
Memory status after this epoch: 
Memory allocated:  389.36572265625
Memory cached:  1062.0
	 epoch  90 training error:  tensor(0.2886, grad_fn=<ToCopyBackward0>)
Memory status after this epoch: 
Memory allocated:  389.36572265625
Memory cached:  1040.0
