[I 2024-01-13 11:46:22,987] Trial 179 finished with value: 0.1280822455883026 and parameters: {'W_layers': 2, 'W_layer_units_exponent_0': 6, 'W_layer_units_exponent_1': 5, 'D_layers': 5, 'D_layer_units_exponent_0': 5, 'D_layer_units_exponent_1': 6, 'D_layer_units_exponent_2': 8, 'D_layer_units_exponent_3': 8, 'D_layer_units_exponent_4': 7, 'D_dagger_layers': 5, 'D_dagger_layer_units_exponent_0': 9, 'D_dagger_layer_units_exponent_1': 9, 'D_dagger_layer_units_exponent_2': 7, 'D_dagger_layer_units_exponent_3': 6, 'D_dagger_layer_units_exponent_4': 5, 'log_learning_rate': -4.9271517714928015, 'log_learning_rate_D': -3.6646115430182697, 'log_learning_rate_D_dagger': -2.5712784472292802, 'training_batch_size': 6, 'training_p': 8}. Best is trial 166 with value: 0.057614028453826904.
Time for this trial:  432.3692617416382
Memory status after this trial: 
Memory allocated:  484.82421875
Memory cached:  514.0
--------------------  Trial  180   --------------------
Start timing: 
Parameters: 
{'W_layers': 2, 'W_layer_units_exponent_0': 6, 'W_layer_units_exponent_1': 4, 'D_layers': 5, 'D_layer_units_exponent_0': 5, 'D_layer_units_exponent_1': 6, 'D_layer_units_exponent_2': 8, 'D_layer_units_exponent_3': 8, 'D_layer_units_exponent_4': 8, 'D_dagger_layers': 5, 'D_dagger_layer_units_exponent_0': 4, 'D_dagger_layer_units_exponent_1': 9, 'D_dagger_layer_units_exponent_2': 7, 'D_dagger_layer_units_exponent_3': 6, 'D_dagger_layer_units_exponent_4': 5, 'log_learning_rate': -4.946713199884296, 'log_learning_rate_D': -3.756529736468187, 'log_learning_rate_D_dagger': -2.6629196360641796, 'training_batch_size': 6, 'training_p': 8}
	 epoch  0 training error:  tensor(0.8102, device='cuda:0', grad_fn=<DivBackward0>)
Memory status after this epoch: 
Memory allocated:  266.12109375
Memory cached:  512.0
	 epoch  10 training error:  tensor(0.5630, device='cuda:0', grad_fn=<DivBackward0>)
Memory status after this epoch: 
Memory allocated:  266.12109375
Memory cached:  510.0
	 epoch  20 training error:  tensor(0.5460, device='cuda:0', grad_fn=<DivBackward0>)
Memory status after this epoch: 
Memory allocated:  266.12109375
Memory cached:  510.0
	 epoch  30 training error:  tensor(0.5421, device='cuda:0', grad_fn=<DivBackward0>)
Memory status after this epoch: 
Memory allocated:  266.12109375
Memory cached:  510.0
	 epoch  40 training error:  tensor(0.5407, device='cuda:0', grad_fn=<DivBackward0>)
Memory status after this epoch: 
Memory allocated:  266.12109375
Memory cached:  510.0
	 epoch  50 training error:  tensor(0.5278, device='cuda:0', grad_fn=<DivBackward0>)
Memory status after this epoch: 
Memory allocated:  266.12109375
Memory cached:  510.0
	 epoch  60 training error:  tensor(0.5283, device='cuda:0', grad_fn=<DivBackward0>)
Memory status after this epoch: 
Memory allocated:  266.12109375
Memory cached:  510.0
	 epoch  70 training error:  tensor(0.5135, device='cuda:0', grad_fn=<DivBackward0>)
Memory status after this epoch: 
Memory allocated:  266.12109375
Memory cached:  510.0
	 epoch  80 training error:  tensor(0.5014, device='cuda:0', grad_fn=<DivBackward0>)
Memory status after this epoch: 
Memory allocated:  266.12109375
Memory cached:  510.0
	 epoch  90 training error:  tensor(0.3605, device='cuda:0', grad_fn=<DivBackward0>)
Memory status after this epoch: 
Memory allocated:  266.12109375
Memory cached:  510.0
[I 2024-01-13 11:53:29,349] Trial 180 finished with value: 0.17680194973945618 and parameters: {'W_layers': 2, 'W_layer_units_exponent_0': 6, 'W_layer_units_exponent_1': 4, 'D_layers': 5, 'D_layer_units_exponent_0': 5, 'D_layer_units_exponent_1': 6, 'D_layer_units_exponent_2': 8, 'D_layer_units_exponent_3': 8, 'D_layer_units_exponent_4': 8, 'D_dagger_layers': 5, 'D_dagger_layer_units_exponent_0': 4, 'D_dagger_layer_units_exponent_1': 9, 'D_dagger_layer_units_exponent_2': 7, 'D_dagger_layer_units_exponent_3': 6, 'D_dagger_layer_units_exponent_4': 5, 'log_learning_rate': -4.946713199884296, 'log_learning_rate_D': -3.756529736468187, 'log_learning_rate_D_dagger': -2.6629196360641796, 'training_batch_size': 6, 'training_p': 8}. Best is trial 166 with value: 0.057614028453826904.
Time for this trial:  425.88396763801575
Memory status after this trial: 
Memory allocated:  440.279296875
Memory cached:  510.0
--------------------  Trial  181   --------------------
Start timing: 
Parameters: 
{'W_layers': 2, 'W_layer_units_exponent_0': 6, 'W_layer_units_exponent_1': 4, 'D_layers': 5, 'D_layer_units_exponent_0': 5, 'D_layer_units_exponent_1': 6, 'D_layer_units_exponent_2': 8, 'D_layer_units_exponent_3': 8, 'D_layer_units_exponent_4': 7, 'D_dagger_layers': 5, 'D_dagger_layer_units_exponent_0': 9, 'D_dagger_layer_units_exponent_1': 9, 'D_dagger_layer_units_exponent_2': 7, 'D_dagger_layer_units_exponent_3': 6, 'D_dagger_layer_units_exponent_4': 6, 'log_learning_rate': -4.7699627750076345, 'log_learning_rate_D': -3.5760213100435894, 'log_learning_rate_D_dagger': -2.8457014748859515, 'training_batch_size': 6, 'training_p': 8}
	 epoch  0 training error:  tensor(0.8412, device='cuda:0', grad_fn=<DivBackward0>)
Memory status after this epoch: 
Memory allocated:  269.54296875
Memory cached:  508.0
	 epoch  10 training error:  tensor(0.5504, device='cuda:0', grad_fn=<DivBackward0>)
Memory status after this epoch: 
Memory allocated:  269.54296875
Memory cached:  514.0
	 epoch  20 training error:  tensor(0.5345, device='cuda:0', grad_fn=<DivBackward0>)
Memory status after this epoch: 
Memory allocated:  269.54296875
Memory cached:  514.0
	 epoch  30 training error:  tensor(0.5262, device='cuda:0', grad_fn=<DivBackward0>)
Memory status after this epoch: 
Memory allocated:  269.54296875
Memory cached:  514.0
	 epoch  40 training error:  tensor(0.4896, device='cuda:0', grad_fn=<DivBackward0>)
Memory status after this epoch: 
Memory allocated:  269.54296875
Memory cached:  512.0
	 epoch  50 training error:  tensor(0.3125, device='cuda:0', grad_fn=<DivBackward0>)
Memory status after this epoch: 
Memory allocated:  269.54296875
Memory cached:  514.0
	 epoch  60 training error:  tensor(0.2935, device='cuda:0', grad_fn=<DivBackward0>)
Memory status after this epoch: 
Memory allocated:  269.54296875
Memory cached:  514.0
	 epoch  70 training error:  tensor(0.3212, device='cuda:0', grad_fn=<DivBackward0>)
Memory status after this epoch: 
Memory allocated:  269.54296875
Memory cached:  512.0
	 epoch  80 training error:  tensor(0.1371, device='cuda:0', grad_fn=<DivBackward0>)
Memory status after this epoch: 
Memory allocated:  269.54296875
Memory cached:  512.0
	 epoch  90 training error:  tensor(0.2275, device='cuda:0', grad_fn=<DivBackward0>)
Memory status after this epoch: 
Memory allocated:  269.54296875
Memory cached:  512.0
[I 2024-01-13 12:00:38,607] Trial 181 finished with value: 0.09026442468166351 and parameters: {'W_layers': 2, 'W_layer_units_exponent_0': 6, 'W_layer_units_exponent_1': 4, 'D_layers': 5, 'D_layer_units_exponent_0': 5, 'D_layer_units_exponent_1': 6, 'D_layer_units_exponent_2': 8, 'D_layer_units_exponent_3': 8, 'D_layer_units_exponent_4': 7, 'D_dagger_layers': 5, 'D_dagger_layer_units_exponent_0': 9, 'D_dagger_layer_units_exponent_1': 9, 'D_dagger_layer_units_exponent_2': 7, 'D_dagger_layer_units_exponent_3': 6, 'D_dagger_layer_units_exponent_4': 6, 'log_learning_rate': -4.7699627750076345, 'log_learning_rate_D': -3.5760213100435894, 'log_learning_rate_D_dagger': -2.8457014748859515, 'training_batch_size': 6, 'training_p': 8}. Best is trial 166 with value: 0.057614028453826904.
Time for this trial:  428.7502477169037
Memory status after this trial: 
Memory allocated:  486.296875
Memory cached:  512.0
--------------------  Trial  182   --------------------
Start timing: 
Parameters: 
{'W_layers': 2, 'W_layer_units_exponent_0': 6, 'W_layer_units_exponent_1': 4, 'D_layers': 5, 'D_layer_units_exponent_0': 5, 'D_layer_units_exponent_1': 6, 'D_layer_units_exponent_2': 8, 'D_layer_units_exponent_3': 8, 'D_layer_units_exponent_4': 7, 'D_dagger_layers': 5, 'D_dagger_layer_units_exponent_0': 9, 'D_dagger_layer_units_exponent_1': 9, 'D_dagger_layer_units_exponent_2': 7, 'D_dagger_layer_units_exponent_3': 6, 'D_dagger_layer_units_exponent_4': 6, 'log_learning_rate': -4.770521707452033, 'log_learning_rate_D': -3.4750681263354246, 'log_learning_rate_D_dagger': -2.841760345669066, 'training_batch_size': 6, 'training_p': 8}
	 epoch  0 training error:  tensor(1.0533, device='cuda:0', grad_fn=<DivBackward0>)
Memory status after this epoch: 
Memory allocated:  269.54296875
Memory cached:  510.0
	 epoch  10 training error:  tensor(0.5496, device='cuda:0', grad_fn=<DivBackward0>)
Memory status after this epoch: 
Memory allocated:  269.54296875
Memory cached:  514.0
	 epoch  20 training error:  tensor(0.5589, device='cuda:0', grad_fn=<DivBackward0>)
Memory status after this epoch: 
Memory allocated:  269.54296875
Memory cached:  514.0
	 epoch  30 training error:  tensor(0.5515, device='cuda:0', grad_fn=<DivBackward0>)
Memory status after this epoch: 
Memory allocated:  269.54296875
Memory cached:  514.0
	 epoch  40 training error:  tensor(0.5369, device='cuda:0', grad_fn=<DivBackward0>)
Memory status after this epoch: 
Memory allocated:  269.54296875
Memory cached:  512.0
	 epoch  50 training error:  tensor(0.4239, device='cuda:0', grad_fn=<DivBackward0>)
Memory status after this epoch: 
Memory allocated:  269.54296875
Memory cached:  514.0
	 epoch  60 training error:  tensor(0.3047, device='cuda:0', grad_fn=<DivBackward0>)
Memory status after this epoch: 
Memory allocated:  269.54296875
Memory cached:  512.0
	 epoch  70 training error:  tensor(0.2724, device='cuda:0', grad_fn=<DivBackward0>)
Memory status after this epoch: 
Memory allocated:  269.54296875
Memory cached:  514.0
	 epoch  80 training error:  tensor(0.1553, device='cuda:0', grad_fn=<DivBackward0>)
Memory status after this epoch: 
Memory allocated:  269.54296875
Memory cached:  512.0
	 epoch  90 training error:  tensor(0.2395, device='cuda:0', grad_fn=<DivBackward0>)
Memory status after this epoch: 
Memory allocated:  269.54296875
Memory cached:  514.0
[I 2024-01-13 12:07:51,548] Trial 182 finished with value: 0.14562276005744934 and parameters: {'W_layers': 2, 'W_layer_units_exponent_0': 6, 'W_layer_units_exponent_1': 4, 'D_layers': 5, 'D_layer_units_exponent_0': 5, 'D_layer_units_exponent_1': 6, 'D_layer_units_exponent_2': 8, 'D_layer_units_exponent_3': 8, 'D_layer_units_exponent_4': 7, 'D_dagger_layers': 5, 'D_dagger_layer_units_exponent_0': 9, 'D_dagger_layer_units_exponent_1': 9, 'D_dagger_layer_units_exponent_2': 7, 'D_dagger_layer_units_exponent_3': 6, 'D_dagger_layer_units_exponent_4': 6, 'log_learning_rate': -4.770521707452033, 'log_learning_rate_D': -3.4750681263354246, 'log_learning_rate_D_dagger': -2.841760345669066, 'training_batch_size': 6, 'training_p': 8}. Best is trial 166 with value: 0.057614028453826904.
Time for this trial:  432.489618062973
Memory status after this trial: 
Memory allocated:  486.296875
Memory cached:  512.0
--------------------  Trial  183   --------------------
Start timing: 
Parameters: 
{'W_layers': 2, 'W_layer_units_exponent_0': 6, 'W_layer_units_exponent_1': 4, 'D_layers': 5, 'D_layer_units_exponent_0': 5, 'D_layer_units_exponent_1': 6, 'D_layer_units_exponent_2': 8, 'D_layer_units_exponent_3': 8, 'D_layer_units_exponent_4': 7, 'D_dagger_layers': 5, 'D_dagger_layer_units_exponent_0': 9, 'D_dagger_layer_units_exponent_1': 9, 'D_dagger_layer_units_exponent_2': 7, 'D_dagger_layer_units_exponent_3': 6, 'D_dagger_layer_units_exponent_4': 6, 'log_learning_rate': -4.861801085704884, 'log_learning_rate_D': -3.6636955279438306, 'log_learning_rate_D_dagger': -2.7774648456788165, 'training_batch_size': 12, 'training_p': 8}
	 epoch  0 training error:  tensor(1.2308, device='cuda:0', grad_fn=<DivBackward0>)
Memory status after this epoch: 
Memory allocated:  269.5419921875
Memory cached:  514.0
	 epoch  10 training error:  tensor(0.5884, device='cuda:0', grad_fn=<DivBackward0>)
Memory status after this epoch: 
Memory allocated:  269.5419921875
Memory cached:  532.0
	 epoch  20 training error:  tensor(0.5690, device='cuda:0', grad_fn=<DivBackward0>)
Memory status after this epoch: 
Memory allocated:  269.5419921875
Memory cached:  532.0
	 epoch  30 training error:  tensor(0.5392, device='cuda:0', grad_fn=<DivBackward0>)
Memory status after this epoch: 
Memory allocated:  269.5419921875
Memory cached:  536.0
	 epoch  40 training error:  tensor(0.5702, device='cuda:0', grad_fn=<DivBackward0>)
Memory status after this epoch: 
Memory allocated:  269.5419921875
Memory cached:  530.0
	 epoch  50 training error:  tensor(0.5425, device='cuda:0', grad_fn=<DivBackward0>)
Memory status after this epoch: 
Memory allocated:  269.5419921875
Memory cached:  532.0
	 epoch  60 training error:  tensor(0.5354, device='cuda:0', grad_fn=<DivBackward0>)
Memory status after this epoch: 
Memory allocated:  269.5419921875
Memory cached:  532.0
	 epoch  70 training error:  tensor(0.5368, device='cuda:0', grad_fn=<DivBackward0>)
Memory status after this epoch: 
Memory allocated:  269.5419921875
Memory cached:  530.0
	 epoch  80 training error:  tensor(0.5338, device='cuda:0', grad_fn=<DivBackward0>)
Memory status after this epoch: 
Memory allocated:  269.5419921875
Memory cached:  534.0
	 epoch  90 training error:  tensor(0.5174, device='cuda:0', grad_fn=<DivBackward0>)
Memory status after this epoch: 
Memory allocated:  269.5419921875
Memory cached:  528.0
[I 2024-01-13 12:10:54,309] Trial 183 finished with value: 0.3032594323158264 and parameters: {'W_layers': 2, 'W_layer_units_exponent_0': 6, 'W_layer_units_exponent_1': 4, 'D_layers': 5, 'D_layer_units_exponent_0': 5, 'D_layer_units_exponent_1': 6, 'D_layer_units_exponent_2': 8, 'D_layer_units_exponent_3': 8, 'D_layer_units_exponent_4': 7, 'D_dagger_layers': 5, 'D_dagger_layer_units_exponent_0': 9, 'D_dagger_layer_units_exponent_1': 9, 'D_dagger_layer_units_exponent_2': 7, 'D_dagger_layer_units_exponent_3': 6, 'D_dagger_layer_units_exponent_4': 6, 'log_learning_rate': -4.861801085704884, 'log_learning_rate_D': -3.6636955279438306, 'log_learning_rate_D_dagger': -2.7774648456788165, 'training_batch_size': 12, 'training_p': 8}. Best is trial 166 with value: 0.057614028453826904.
Time for this trial:  182.2047381401062
Memory status after this trial: 
Memory allocated:  486.2470703125
Memory cached:  518.0
--------------------  Trial  184   --------------------
Start timing: 
Parameters: 
{'W_layers': 2, 'W_layer_units_exponent_0': 6, 'W_layer_units_exponent_1': 4, 'D_layers': 5, 'D_layer_units_exponent_0': 5, 'D_layer_units_exponent_1': 6, 'D_layer_units_exponent_2': 8, 'D_layer_units_exponent_3': 8, 'D_layer_units_exponent_4': 7, 'D_dagger_layers': 5, 'D_dagger_layer_units_exponent_0': 9, 'D_dagger_layer_units_exponent_1': 9, 'D_dagger_layer_units_exponent_2': 7, 'D_dagger_layer_units_exponent_3': 6, 'D_dagger_layer_units_exponent_4': 6, 'log_learning_rate': -4.99894101833217, 'log_learning_rate_D': -3.4292901250110552, 'log_learning_rate_D_dagger': -2.849089342307322, 'training_batch_size': 6, 'training_p': 8}
	 epoch  0 training error:  tensor(0.9667, device='cuda:0', grad_fn=<DivBackward0>)
Memory status after this epoch: 
Memory allocated:  269.54296875
Memory cached:  510.0
	 epoch  10 training error:  tensor(0.5776, device='cuda:0', grad_fn=<DivBackward0>)
Memory status after this epoch: 
Memory allocated:  269.54296875
Memory cached:  514.0
	 epoch  20 training error:  tensor(0.5537, device='cuda:0', grad_fn=<DivBackward0>)
Memory status after this epoch: 
Memory allocated:  269.54296875
Memory cached:  514.0
	 epoch  30 training error:  tensor(0.5459, device='cuda:0', grad_fn=<DivBackward0>)
Memory status after this epoch: 
Memory allocated:  269.54296875
Memory cached:  514.0
	 epoch  40 training error:  tensor(0.5171, device='cuda:0', grad_fn=<DivBackward0>)
Memory status after this epoch: 
Memory allocated:  269.54296875
Memory cached:  514.0
	 epoch  50 training error:  tensor(0.3934, device='cuda:0', grad_fn=<DivBackward0>)
Memory status after this epoch: 
Memory allocated:  269.54296875
Memory cached:  514.0
	 epoch  60 training error:  tensor(0.3434, device='cuda:0', grad_fn=<DivBackward0>)
Memory status after this epoch: 
Memory allocated:  269.54296875
Memory cached:  514.0
	 epoch  70 training error:  tensor(0.2346, device='cuda:0', grad_fn=<DivBackward0>)
Memory status after this epoch: 
Memory allocated:  269.54296875
Memory cached:  514.0
	 epoch  80 training error:  tensor(0.1567, device='cuda:0', grad_fn=<DivBackward0>)
Memory status after this epoch: 
Memory allocated:  269.54296875
Memory cached:  510.0
	 epoch  90 training error:  tensor(0.1758, device='cuda:0', grad_fn=<DivBackward0>)
Memory status after this epoch: 
Memory allocated:  269.54296875
Memory cached:  514.0
[I 2024-01-13 12:18:06,667] Trial 184 finished with value: 0.09583303332328796 and parameters: {'W_layers': 2, 'W_layer_units_exponent_0': 6, 'W_layer_units_exponent_1': 4, 'D_layers': 5, 'D_layer_units_exponent_0': 5, 'D_layer_units_exponent_1': 6, 'D_layer_units_exponent_2': 8, 'D_layer_units_exponent_3': 8, 'D_layer_units_exponent_4': 7, 'D_dagger_layers': 5, 'D_dagger_layer_units_exponent_0': 9, 'D_dagger_layer_units_exponent_1': 9, 'D_dagger_layer_units_exponent_2': 7, 'D_dagger_layer_units_exponent_3': 6, 'D_dagger_layer_units_exponent_4': 6, 'log_learning_rate': -4.99894101833217, 'log_learning_rate_D': -3.4292901250110552, 'log_learning_rate_D_dagger': -2.849089342307322, 'training_batch_size': 6, 'training_p': 8}. Best is trial 166 with value: 0.057614028453826904.
Time for this trial:  431.7620666027069
Memory status after this trial: 
Memory allocated:  486.296875
Memory cached:  512.0
--------------------  Trial  185   --------------------
Start timing: 
Parameters: 
{'W_layers': 2, 'W_layer_units_exponent_0': 6, 'W_layer_units_exponent_1': 4, 'D_layers': 6, 'D_layer_units_exponent_0': 5, 'D_layer_units_exponent_1': 6, 'D_layer_units_exponent_2': 8, 'D_layer_units_exponent_3': 8, 'D_layer_units_exponent_4': 7, 'D_layer_units_exponent_5': 4, 'D_dagger_layers': 5, 'D_dagger_layer_units_exponent_0': 9, 'D_dagger_layer_units_exponent_1': 9, 'D_dagger_layer_units_exponent_2': 7, 'D_dagger_layer_units_exponent_3': 6, 'D_dagger_layer_units_exponent_4': 6, 'log_learning_rate': -4.739012121867844, 'log_learning_rate_D': -3.5411356300046473, 'log_learning_rate_D_dagger': -2.694829749033639, 'training_batch_size': 6, 'training_p': 8}
	 epoch  0 training error:  tensor(0.8531, device='cuda:0', grad_fn=<DivBackward0>)
Memory status after this epoch: 
Memory allocated:  269.576171875
Memory cached:  508.0
	 epoch  10 training error:  tensor(0.5877, device='cuda:0', grad_fn=<DivBackward0>)
Memory status after this epoch: 
Memory allocated:  269.576171875
Memory cached:  512.0
	 epoch  20 training error:  tensor(0.5640, device='cuda:0', grad_fn=<DivBackward0>)
Memory status after this epoch: 
Memory allocated:  269.576171875
Memory cached:  512.0
	 epoch  30 training error:  tensor(0.5201, device='cuda:0', grad_fn=<DivBackward0>)
Memory status after this epoch: 
Memory allocated:  269.576171875
Memory cached:  512.0
	 epoch  40 training error:  tensor(0.5412, device='cuda:0', grad_fn=<DivBackward0>)
Memory status after this epoch: 
Memory allocated:  269.576171875
Memory cached:  512.0
	 epoch  50 training error:  tensor(0.5085, device='cuda:0', grad_fn=<DivBackward0>)
Memory status after this epoch: 
Memory allocated:  269.576171875
Memory cached:  512.0
	 epoch  60 training error:  tensor(0.3707, device='cuda:0', grad_fn=<DivBackward0>)
Memory status after this epoch: 
Memory allocated:  269.576171875
Memory cached:  512.0
	 epoch  70 training error:  tensor(0.2782, device='cuda:0', grad_fn=<DivBackward0>)
Memory status after this epoch: 
Memory allocated:  269.576171875
Memory cached:  512.0
	 epoch  80 training error:  tensor(0.3330, device='cuda:0', grad_fn=<DivBackward0>)
Memory status after this epoch: 
Memory allocated:  269.576171875
Memory cached:  512.0
	 epoch  90 training error:  tensor(0.2449, device='cuda:0', grad_fn=<DivBackward0>)
Memory status after this epoch: 
Memory allocated:  269.576171875
Memory cached:  514.0
