[I 2024-01-12 17:05:44,766] Trial 5 finished with value: 0.3988935053348541 and parameters: {'W_layers': 7, 'W_layer_units_exponent_0': 5, 'W_layer_units_exponent_1': 9, 'W_layer_units_exponent_2': 4, 'W_layer_units_exponent_3': 9, 'W_layer_units_exponent_4': 4, 'W_layer_units_exponent_5': 5, 'W_layer_units_exponent_6': 9, 'D_layers': 7, 'D_layer_units_exponent_0': 8, 'D_layer_units_exponent_1': 9, 'D_layer_units_exponent_2': 8, 'D_layer_units_exponent_3': 5, 'D_layer_units_exponent_4': 7, 'D_layer_units_exponent_5': 5, 'D_layer_units_exponent_6': 10, 'D_dagger_layers': 7, 'D_dagger_layer_units_exponent_0': 10, 'D_dagger_layer_units_exponent_1': 9, 'D_dagger_layer_units_exponent_2': 7, 'D_dagger_layer_units_exponent_3': 7, 'D_dagger_layer_units_exponent_4': 8, 'D_dagger_layer_units_exponent_5': 10, 'D_dagger_layer_units_exponent_6': 5, 'log_learning_rate': -3.2713945533349054, 'log_learning_rate_D': -2.478780598745517, 'log_learning_rate_D_dagger': -4.731867567585093, 'training_batch_size': 11, 'training_p': 7}. Best is trial 4 with value: 0.2973838448524475.
Time for this trial:  333.2147858142853
Memory status after this trial: 
Memory allocated:  968.18359375
Memory cached:  992.0
--------------------  Trial  6   --------------------
Start timing: 
Parameters: 
{'W_layers': 5, 'W_layer_units_exponent_0': 7, 'W_layer_units_exponent_1': 6, 'W_layer_units_exponent_2': 6, 'W_layer_units_exponent_3': 9, 'W_layer_units_exponent_4': 8, 'D_layers': 6, 'D_layer_units_exponent_0': 6, 'D_layer_units_exponent_1': 5, 'D_layer_units_exponent_2': 4, 'D_layer_units_exponent_3': 6, 'D_layer_units_exponent_4': 8, 'D_layer_units_exponent_5': 9, 'D_dagger_layers': 6, 'D_dagger_layer_units_exponent_0': 4, 'D_dagger_layer_units_exponent_1': 4, 'D_dagger_layer_units_exponent_2': 10, 'D_dagger_layer_units_exponent_3': 9, 'D_dagger_layer_units_exponent_4': 8, 'D_dagger_layer_units_exponent_5': 8, 'log_learning_rate': -4.443098090877536, 'log_learning_rate_D': -1.7627877201665592, 'log_learning_rate_D_dagger': -3.946781121694348, 'training_batch_size': 8, 'training_p': 5}
	 epoch  0 training error:  tensor(0.9720, device='cuda:0', grad_fn=<DivBackward0>)
Memory status after this epoch: 
Memory allocated:  255.244140625
Memory cached:  486.0
	 epoch  10 training error:  tensor(0.5669, device='cuda:0', grad_fn=<DivBackward0>)
Memory status after this epoch: 
Memory allocated:  255.244140625
Memory cached:  516.0
	 epoch  20 training error:  tensor(0.5033, device='cuda:0', grad_fn=<DivBackward0>)
Memory status after this epoch: 
Memory allocated:  255.244140625
Memory cached:  530.0
	 epoch  30 training error:  tensor(0.4867, device='cuda:0', grad_fn=<DivBackward0>)
Memory status after this epoch: 
Memory allocated:  255.244140625
Memory cached:  522.0
	 epoch  40 training error:  tensor(0.4696, device='cuda:0', grad_fn=<DivBackward0>)
Memory status after this epoch: 
Memory allocated:  255.244140625
Memory cached:  518.0
	 epoch  50 training error:  tensor(0.4665, device='cuda:0', grad_fn=<DivBackward0>)
Memory status after this epoch: 
Memory allocated:  255.244140625
Memory cached:  516.0
	 epoch  60 training error:  tensor(0.4653, device='cuda:0', grad_fn=<DivBackward0>)
Memory status after this epoch: 
Memory allocated:  255.244140625
Memory cached:  522.0
	 epoch  70 training error:  tensor(0.4631, device='cuda:0', grad_fn=<DivBackward0>)
Memory status after this epoch: 
Memory allocated:  255.244140625
Memory cached:  514.0
	 epoch  80 training error:  tensor(0.4635, device='cuda:0', grad_fn=<DivBackward0>)
Memory status after this epoch: 
Memory allocated:  255.244140625
Memory cached:  510.0
	 epoch  90 training error:  tensor(0.4635, device='cuda:0', grad_fn=<DivBackward0>)
Memory status after this epoch: 
Memory allocated:  255.244140625
Memory cached:  514.0
[I 2024-01-12 17:09:56,194] Trial 6 finished with value: 0.3540472686290741 and parameters: {'W_layers': 5, 'W_layer_units_exponent_0': 7, 'W_layer_units_exponent_1': 6, 'W_layer_units_exponent_2': 6, 'W_layer_units_exponent_3': 9, 'W_layer_units_exponent_4': 8, 'D_layers': 6, 'D_layer_units_exponent_0': 6, 'D_layer_units_exponent_1': 5, 'D_layer_units_exponent_2': 4, 'D_layer_units_exponent_3': 6, 'D_layer_units_exponent_4': 8, 'D_layer_units_exponent_5': 9, 'D_dagger_layers': 6, 'D_dagger_layer_units_exponent_0': 4, 'D_dagger_layer_units_exponent_1': 4, 'D_dagger_layer_units_exponent_2': 10, 'D_dagger_layer_units_exponent_3': 9, 'D_dagger_layer_units_exponent_4': 8, 'D_dagger_layer_units_exponent_5': 8, 'log_learning_rate': -4.443098090877536, 'log_learning_rate_D': -1.7627877201665592, 'log_learning_rate_D_dagger': -3.946781121694348, 'training_batch_size': 8, 'training_p': 5}. Best is trial 4 with value: 0.2973838448524475.
Time for this trial:  251.11364936828613
Memory status after this trial: 
Memory allocated:  663.18505859375
Memory cached:  684.0
--------------------  Trial  7   --------------------
Start timing: 
Parameters: 
{'W_layers': 3, 'W_layer_units_exponent_0': 5, 'W_layer_units_exponent_1': 8, 'W_layer_units_exponent_2': 5, 'D_layers': 8, 'D_layer_units_exponent_0': 5, 'D_layer_units_exponent_1': 7, 'D_layer_units_exponent_2': 4, 'D_layer_units_exponent_3': 4, 'D_layer_units_exponent_4': 9, 'D_layer_units_exponent_5': 9, 'D_layer_units_exponent_6': 9, 'D_layer_units_exponent_7': 9, 'D_dagger_layers': 5, 'D_dagger_layer_units_exponent_0': 9, 'D_dagger_layer_units_exponent_1': 5, 'D_dagger_layer_units_exponent_2': 6, 'D_dagger_layer_units_exponent_3': 7, 'D_dagger_layer_units_exponent_4': 4, 'log_learning_rate': -4.650268433795436, 'log_learning_rate_D': -2.4819800815078494, 'log_learning_rate_D_dagger': -3.1484654525402984, 'training_batch_size': 10, 'training_p': 2}
	 epoch  0 training error:  tensor(0.9501, device='cuda:0', grad_fn=<DivBackward0>)
Memory status after this epoch: 
Memory allocated:  251.908203125
Memory cached:  434.0
	 epoch  10 training error:  tensor(0.4113, device='cuda:0', grad_fn=<DivBackward0>)
Memory status after this epoch: 
Memory allocated:  251.908203125
Memory cached:  452.0
	 epoch  20 training error:  tensor(0.3437, device='cuda:0', grad_fn=<DivBackward0>)
Memory status after this epoch: 
Memory allocated:  251.908203125
Memory cached:  454.0
	 epoch  30 training error:  tensor(0.3099, device='cuda:0', grad_fn=<DivBackward0>)
Memory status after this epoch: 
Memory allocated:  251.908203125
Memory cached:  456.0
	 epoch  40 training error:  tensor(0.2935, device='cuda:0', grad_fn=<DivBackward0>)
Memory status after this epoch: 
Memory allocated:  251.908203125
Memory cached:  448.0
	 epoch  50 training error:  tensor(0.2890, device='cuda:0', grad_fn=<DivBackward0>)
Memory status after this epoch: 
Memory allocated:  251.908203125
Memory cached:  450.0
	 epoch  60 training error:  tensor(0.2892, device='cuda:0', grad_fn=<DivBackward0>)
Memory status after this epoch: 
Memory allocated:  251.908203125
Memory cached:  444.0
	 epoch  70 training error:  tensor(0.2863, device='cuda:0', grad_fn=<DivBackward0>)
Memory status after this epoch: 
Memory allocated:  251.908203125
Memory cached:  462.0
	 epoch  80 training error:  tensor(0.2872, device='cuda:0', grad_fn=<DivBackward0>)
Memory status after this epoch: 
Memory allocated:  251.908203125
Memory cached:  458.0
	 epoch  90 training error:  tensor(0.2846, device='cuda:0', grad_fn=<DivBackward0>)
Memory status after this epoch: 
Memory allocated:  251.908203125
Memory cached:  456.0
[I 2024-01-12 17:13:50,813] Trial 7 finished with value: 0.2952713668346405 and parameters: {'W_layers': 3, 'W_layer_units_exponent_0': 5, 'W_layer_units_exponent_1': 8, 'W_layer_units_exponent_2': 5, 'D_layers': 8, 'D_layer_units_exponent_0': 5, 'D_layer_units_exponent_1': 7, 'D_layer_units_exponent_2': 4, 'D_layer_units_exponent_3': 4, 'D_layer_units_exponent_4': 9, 'D_layer_units_exponent_5': 9, 'D_layer_units_exponent_6': 9, 'D_layer_units_exponent_7': 9, 'D_dagger_layers': 5, 'D_dagger_layer_units_exponent_0': 9, 'D_dagger_layer_units_exponent_1': 5, 'D_dagger_layer_units_exponent_2': 6, 'D_dagger_layer_units_exponent_3': 7, 'D_dagger_layer_units_exponent_4': 4, 'log_learning_rate': -4.650268433795436, 'log_learning_rate_D': -2.4819800815078494, 'log_learning_rate_D_dagger': -3.1484654525402984, 'training_batch_size': 10, 'training_p': 2}. Best is trial 7 with value: 0.2952713668346405.
res:  tensor(0.2953, device='cuda:0', grad_fn=<DivBackward0>)
self.bestValue:  tensor(0.2974, device='cuda:0', grad_fn=<DivBackward0>)
Save this model!
Time for this trial:  234.3260350227356
Memory status after this trial: 
Memory allocated:  349.9189453125
Memory cached:  592.0
--------------------  Trial  8   --------------------
Start timing: 
Parameters: 
{'W_layers': 7, 'W_layer_units_exponent_0': 5, 'W_layer_units_exponent_1': 5, 'W_layer_units_exponent_2': 9, 'W_layer_units_exponent_3': 10, 'W_layer_units_exponent_4': 4, 'W_layer_units_exponent_5': 7, 'W_layer_units_exponent_6': 6, 'D_layers': 8, 'D_layer_units_exponent_0': 7, 'D_layer_units_exponent_1': 10, 'D_layer_units_exponent_2': 6, 'D_layer_units_exponent_3': 8, 'D_layer_units_exponent_4': 5, 'D_layer_units_exponent_5': 10, 'D_layer_units_exponent_6': 10, 'D_layer_units_exponent_7': 10, 'D_dagger_layers': 2, 'D_dagger_layer_units_exponent_0': 10, 'D_dagger_layer_units_exponent_1': 8, 'log_learning_rate': -3.4280700858052895, 'log_learning_rate_D': -2.4532549307648925, 'log_learning_rate_D_dagger': -3.577940066058102, 'training_batch_size': 11, 'training_p': 7}
	 epoch  0 training error:  tensor(1.1517, device='cuda:0', grad_fn=<DivBackward0>)
Memory status after this epoch: 
Memory allocated:  398.7099609375
Memory cached:  668.0
	 epoch  10 training error:  tensor(0.6809, device='cuda:0', grad_fn=<DivBackward0>)
Memory status after this epoch: 
Memory allocated:  398.7099609375
Memory cached:  692.0
	 epoch  20 training error:  tensor(0.5878, device='cuda:0', grad_fn=<DivBackward0>)
Memory status after this epoch: 
Memory allocated:  398.7099609375
Memory cached:  700.0
	 epoch  30 training error:  tensor(0.5767, device='cuda:0', grad_fn=<DivBackward0>)
Memory status after this epoch: 
Memory allocated:  398.7099609375
Memory cached:  704.0
	 epoch  40 training error:  tensor(0.5643, device='cuda:0', grad_fn=<DivBackward0>)
Memory status after this epoch: 
Memory allocated:  398.7099609375
Memory cached:  696.0
	 epoch  50 training error:  tensor(0.5644, device='cuda:0', grad_fn=<DivBackward0>)
Memory status after this epoch: 
Memory allocated:  398.7099609375
Memory cached:  700.0
	 epoch  60 training error:  tensor(0.5629, device='cuda:0', grad_fn=<DivBackward0>)
Memory status after this epoch: 
Memory allocated:  398.7099609375
Memory cached:  706.0
	 epoch  70 training error:  tensor(0.5631, device='cuda:0', grad_fn=<DivBackward0>)
Memory status after this epoch: 
Memory allocated:  398.7099609375
Memory cached:  698.0
	 epoch  80 training error:  tensor(0.5588, device='cuda:0', grad_fn=<DivBackward0>)
Memory status after this epoch: 
Memory allocated:  398.7099609375
Memory cached:  698.0
	 epoch  90 training error:  tensor(0.5586, device='cuda:0', grad_fn=<DivBackward0>)
Memory status after this epoch: 
Memory allocated:  398.7099609375
Memory cached:  704.0
[I 2024-01-12 17:18:46,135] Trial 8 finished with value: 0.48055705428123474 and parameters: {'W_layers': 7, 'W_layer_units_exponent_0': 5, 'W_layer_units_exponent_1': 5, 'W_layer_units_exponent_2': 9, 'W_layer_units_exponent_3': 10, 'W_layer_units_exponent_4': 4, 'W_layer_units_exponent_5': 7, 'W_layer_units_exponent_6': 6, 'D_layers': 8, 'D_layer_units_exponent_0': 7, 'D_layer_units_exponent_1': 10, 'D_layer_units_exponent_2': 6, 'D_layer_units_exponent_3': 8, 'D_layer_units_exponent_4': 5, 'D_layer_units_exponent_5': 10, 'D_layer_units_exponent_6': 10, 'D_layer_units_exponent_7': 10, 'D_dagger_layers': 2, 'D_dagger_layer_units_exponent_0': 10, 'D_dagger_layer_units_exponent_1': 8, 'log_learning_rate': -3.4280700858052895, 'log_learning_rate_D': -2.4532549307648925, 'log_learning_rate_D_dagger': -3.577940066058102, 'training_batch_size': 11, 'training_p': 7}. Best is trial 7 with value: 0.2952713668346405.
Time for this trial:  295.0060396194458
Memory status after this trial: 
Memory allocated:  1168.0029296875
Memory cached:  1194.0
--------------------  Trial  9   --------------------
Start timing: 
Parameters: 
{'W_layers': 2, 'W_layer_units_exponent_0': 4, 'W_layer_units_exponent_1': 9, 'D_layers': 8, 'D_layer_units_exponent_0': 8, 'D_layer_units_exponent_1': 6, 'D_layer_units_exponent_2': 4, 'D_layer_units_exponent_3': 6, 'D_layer_units_exponent_4': 4, 'D_layer_units_exponent_5': 5, 'D_layer_units_exponent_6': 5, 'D_layer_units_exponent_7': 4, 'D_dagger_layers': 3, 'D_dagger_layer_units_exponent_0': 4, 'D_dagger_layer_units_exponent_1': 8, 'D_dagger_layer_units_exponent_2': 10, 'log_learning_rate': -2.681322916717424, 'log_learning_rate_D': -4.414415859487358, 'log_learning_rate_D_dagger': -1.2760227916107767, 'training_batch_size': 10, 'training_p': 2}
	 epoch  0 training error:  tensor(1.0300, device='cuda:0', grad_fn=<DivBackward0>)
Memory status after this epoch: 
Memory allocated:  354.5791015625
Memory cached:  616.0
	 epoch  10 training error:  tensor(2.5757, device='cuda:0', grad_fn=<DivBackward0>)
Memory status after this epoch: 
Memory allocated:  354.5791015625
Memory cached:  632.0
	 epoch  20 training error:  tensor(0.7014, device='cuda:0', grad_fn=<DivBackward0>)
Memory status after this epoch: 
Memory allocated:  354.5791015625
Memory cached:  636.0
	 epoch  30 training error:  tensor(0.4699, device='cuda:0', grad_fn=<DivBackward0>)
Memory status after this epoch: 
Memory allocated:  354.5791015625
Memory cached:  632.0
	 epoch  40 training error:  tensor(0.4663, device='cuda:0', grad_fn=<DivBackward0>)
Memory status after this epoch: 
Memory allocated:  354.5791015625
Memory cached:  632.0
	 epoch  50 training error:  tensor(0.4450, device='cuda:0', grad_fn=<DivBackward0>)
Memory status after this epoch: 
Memory allocated:  354.5791015625
Memory cached:  640.0
	 epoch  60 training error:  tensor(0.4140, device='cuda:0', grad_fn=<DivBackward0>)
Memory status after this epoch: 
Memory allocated:  354.5791015625
Memory cached:  642.0
	 epoch  70 training error:  tensor(0.3591, device='cuda:0', grad_fn=<DivBackward0>)
Memory status after this epoch: 
Memory allocated:  354.5791015625
Memory cached:  636.0
	 epoch  80 training error:  tensor(0.3753, device='cuda:0', grad_fn=<DivBackward0>)
Memory status after this epoch: 
Memory allocated:  354.5791015625
Memory cached:  642.0
	 epoch  90 training error:  tensor(0.3696, device='cuda:0', grad_fn=<DivBackward0>)
Memory status after this epoch: 
Memory allocated:  354.5791015625
Memory cached:  634.0
[I 2024-01-12 17:21:47,904] Trial 9 finished with value: 0.33956265449523926 and parameters: {'W_layers': 2, 'W_layer_units_exponent_0': 4, 'W_layer_units_exponent_1': 9, 'D_layers': 8, 'D_layer_units_exponent_0': 8, 'D_layer_units_exponent_1': 6, 'D_layer_units_exponent_2': 4, 'D_layer_units_exponent_3': 6, 'D_layer_units_exponent_4': 4, 'D_layer_units_exponent_5': 5, 'D_layer_units_exponent_6': 5, 'D_layer_units_exponent_7': 4, 'D_dagger_layers': 3, 'D_dagger_layer_units_exponent_0': 4, 'D_dagger_layer_units_exponent_1': 8, 'D_dagger_layer_units_exponent_2': 10, 'log_learning_rate': -2.681322916717424, 'log_learning_rate_D': -4.414415859487358, 'log_learning_rate_D_dagger': -1.2760227916107767, 'training_batch_size': 10, 'training_p': 2}. Best is trial 7 with value: 0.2952713668346405.
Time for this trial:  181.46126866340637
Memory status after this trial: 
Memory allocated:  576.1669921875
Memory cached:  614.0
--------------------  Trial  10   --------------------
Start timing: 
Parameters: 
{'W_layers': 5, 'W_layer_units_exponent_0': 7, 'W_layer_units_exponent_1': 4, 'W_layer_units_exponent_2': 6, 'W_layer_units_exponent_3': 4, 'W_layer_units_exponent_4': 10, 'D_layers': 5, 'D_layer_units_exponent_0': 4, 'D_layer_units_exponent_1': 8, 'D_layer_units_exponent_2': 7, 'D_layer_units_exponent_3': 9, 'D_layer_units_exponent_4': 10, 'D_dagger_layers': 5, 'D_dagger_layer_units_exponent_0': 8, 'D_dagger_layer_units_exponent_1': 6, 'D_dagger_layer_units_exponent_2': 4, 'D_dagger_layer_units_exponent_3': 5, 'D_dagger_layer_units_exponent_4': 4, 'log_learning_rate': -4.974712636414589, 'log_learning_rate_D': -1.069591427914477, 'log_learning_rate_D_dagger': -2.639187917707611, 'training_batch_size': 6, 'training_p': 4}
	 epoch  0 training error:  tensor(1.0145, device='cuda:0', grad_fn=<DivBackward0>)
Memory status after this epoch: 
Memory allocated:  360.25
Memory cached:  656.0
	 epoch  10 training error:  tensor(0.6847, device='cuda:0', grad_fn=<DivBackward0>)
Memory status after this epoch: 
Memory allocated:  360.25
Memory cached:  690.0
	 epoch  20 training error:  tensor(0.7045, device='cuda:0', grad_fn=<DivBackward0>)
Memory status after this epoch: 
Memory allocated:  360.25
Memory cached:  688.0
	 epoch  30 training error:  tensor(0.5667, device='cuda:0', grad_fn=<DivBackward0>)
Memory status after this epoch: 
Memory allocated:  360.25
Memory cached:  684.0
	 epoch  40 training error:  tensor(0.5191, device='cuda:0', grad_fn=<DivBackward0>)
Memory status after this epoch: 
Memory allocated:  360.25
Memory cached:  680.0
	 epoch  50 training error:  tensor(0.5185, device='cuda:0', grad_fn=<DivBackward0>)
Memory status after this epoch: 
Memory allocated:  360.25
Memory cached:  672.0
	 epoch  60 training error:  tensor(0.5185, device='cuda:0', grad_fn=<DivBackward0>)
Memory status after this epoch: 
Memory allocated:  360.25
Memory cached:  674.0
	 epoch  70 training error:  tensor(0.5187, device='cuda:0', grad_fn=<DivBackward0>)
Memory status after this epoch: 
Memory allocated:  360.25
Memory cached:  680.0
	 epoch  80 training error:  tensor(0.5184, device='cuda:0', grad_fn=<DivBackward0>)
Memory status after this epoch: 
Memory allocated:  360.25
Memory cached:  676.0
	 epoch  90 training error:  tensor(0.5191, device='cuda:0', grad_fn=<DivBackward0>)
Memory status after this epoch: 
Memory allocated:  360.25
Memory cached:  674.0
[I 2024-01-12 17:30:09,357] Trial 10 finished with value: 0.4900515079498291 and parameters: {'W_layers': 5, 'W_layer_units_exponent_0': 7, 'W_layer_units_exponent_1': 4, 'W_layer_units_exponent_2': 6, 'W_layer_units_exponent_3': 4, 'W_layer_units_exponent_4': 10, 'D_layers': 5, 'D_layer_units_exponent_0': 4, 'D_layer_units_exponent_1': 8, 'D_layer_units_exponent_2': 7, 'D_layer_units_exponent_3': 9, 'D_layer_units_exponent_4': 10, 'D_dagger_layers': 5, 'D_dagger_layer_units_exponent_0': 8, 'D_dagger_layer_units_exponent_1': 6, 'D_dagger_layer_units_exponent_2': 4, 'D_dagger_layer_units_exponent_3': 5, 'D_dagger_layer_units_exponent_4': 4, 'log_learning_rate': -4.974712636414589, 'log_learning_rate_D': -1.069591427914477, 'log_learning_rate_D_dagger': -2.639187917707611, 'training_batch_size': 6, 'training_p': 4}. Best is trial 7 with value: 0.2952713668346405.
Time for this trial:  501.0108046531677
Memory status after this trial: 
Memory allocated:  703.15576171875
Memory cached:  722.0
--------------------  Trial  11   --------------------
Start timing: 
Parameters: 
{'W_layers': 2, 'W_layer_units_exponent_0': 6, 'W_layer_units_exponent_1': 10, 'D_layers': 7, 'D_layer_units_exponent_0': 10, 'D_layer_units_exponent_1': 8, 'D_layer_units_exponent_2': 4, 'D_layer_units_exponent_3': 4, 'D_layer_units_exponent_4': 7, 'D_layer_units_exponent_5': 7, 'D_layer_units_exponent_6': 6, 'D_dagger_layers': 4, 'D_dagger_layer_units_exponent_0': 7, 'D_dagger_layer_units_exponent_1': 10, 'D_dagger_layer_units_exponent_2': 8, 'D_dagger_layer_units_exponent_3': 7, 'log_learning_rate': -4.157856666558137, 'log_learning_rate_D': -3.2669964362778066, 'log_learning_rate_D_dagger': -2.562182669134571, 'training_batch_size': 9, 'training_p': 3}
	 epoch  0 training error:  tensor(0.8902, device='cuda:0', grad_fn=<DivBackward0>)
Memory status after this epoch: 
Memory allocated:  362.0654296875
Memory cached:  588.0
	 epoch  10 training error:  tensor(0.4431, device='cuda:0', grad_fn=<DivBackward0>)
Memory status after this epoch: 
Memory allocated:  362.0654296875
Memory cached:  622.0
	 epoch  20 training error:  tensor(0.3960, device='cuda:0', grad_fn=<DivBackward0>)
Memory status after this epoch: 
Memory allocated:  362.0654296875
Memory cached:  620.0
	 epoch  30 training error:  tensor(0.3834, device='cuda:0', grad_fn=<DivBackward0>)
Memory status after this epoch: 
Memory allocated:  362.0654296875
Memory cached:  622.0
	 epoch  40 training error:  tensor(0.3719, device='cuda:0', grad_fn=<DivBackward0>)
Memory status after this epoch: 
Memory allocated:  362.0654296875
Memory cached:  618.0
	 epoch  50 training error:  tensor(0.3656, device='cuda:0', grad_fn=<DivBackward0>)
Memory status after this epoch: 
Memory allocated:  362.0654296875
Memory cached:  612.0
	 epoch  60 training error:  tensor(0.3640, device='cuda:0', grad_fn=<DivBackward0>)
Memory status after this epoch: 
Memory allocated:  362.0654296875
Memory cached:  614.0
	 epoch  70 training error:  tensor(0.3603, device='cuda:0', grad_fn=<DivBackward0>)
Memory status after this epoch: 
Memory allocated:  362.0654296875
Memory cached:  616.0
	 epoch  80 training error:  tensor(0.3782, device='cuda:0', grad_fn=<DivBackward0>)
Memory status after this epoch: 
Memory allocated:  362.0654296875
Memory cached:  612.0
	 epoch  90 training error:  tensor(0.3633, device='cuda:0', grad_fn=<DivBackward0>)
Memory status after this epoch: 
Memory allocated:  362.0654296875
Memory cached:  618.0
