[I 2023-12-02 22:52:07,032] Trial 40 finished with value: 0.07253506034612656 and parameters: {'W_layers': 3, 'W_layer_units_exponent_0': 6, 'W_layer_units_exponent_1': 8, 'W_layer_units_exponent_2': 8, 'D_layers': 4, 'D_layer_units_exponent_0': 6, 'D_layer_units_exponent_1': 5, 'D_layer_units_exponent_2': 6, 'D_layer_units_exponent_3': 6, 'log_learning_rate': -3.6755587687534024, 'log_learning_rate_D': -4.416594713462804, 'training_batch_size': 10, 'training_p': 2}. Best is trial 33 with value: 0.06666743755340576.
Time for this trial:  12.121907472610474
Memory status after this trial: 
Memory allocated:  39.03564453125
Memory cached:  56.0
--------------------  Trial  41   --------------------
Start timing: 
Parameters: 
{'W_layers': 7, 'W_layer_units_exponent_0': 7, 'W_layer_units_exponent_1': 7, 'W_layer_units_exponent_2': 7, 'W_layer_units_exponent_3': 9, 'W_layer_units_exponent_4': 4, 'W_layer_units_exponent_5': 6, 'W_layer_units_exponent_6': 6, 'D_layers': 3, 'D_layer_units_exponent_0': 10, 'D_layer_units_exponent_1': 10, 'D_layer_units_exponent_2': 8, 'log_learning_rate': -2.9836992742335773, 'log_learning_rate_D': -4.589986577930136, 'training_batch_size': 7, 'training_p': 3}
	 epoch  0 training error:  tensor(1.5541, device='cuda:0', grad_fn=<DivBackward0>)
Memory status after this epoch: 
Memory allocated:  31.95556640625
Memory cached:  56.0
	 epoch  10 training error:  tensor(0.1058, device='cuda:0', grad_fn=<DivBackward0>)
Memory status after this epoch: 
Memory allocated:  31.95556640625
Memory cached:  56.0
	 epoch  20 training error:  tensor(0.1247, device='cuda:0', grad_fn=<DivBackward0>)
Memory status after this epoch: 
Memory allocated:  31.95556640625
Memory cached:  56.0
	 epoch  30 training error:  tensor(0.0817, device='cuda:0', grad_fn=<DivBackward0>)
Memory status after this epoch: 
Memory allocated:  31.95556640625
Memory cached:  56.0
	 epoch  40 training error:  tensor(0.0786, device='cuda:0', grad_fn=<DivBackward0>)
Memory status after this epoch: 
Memory allocated:  31.95556640625
Memory cached:  56.0
	 epoch  50 training error:  tensor(0.0748, device='cuda:0', grad_fn=<DivBackward0>)
Memory status after this epoch: 
Memory allocated:  31.95556640625
Memory cached:  56.0
	 epoch  60 training error:  tensor(0.0733, device='cuda:0', grad_fn=<DivBackward0>)
Memory status after this epoch: 
Memory allocated:  31.95556640625
Memory cached:  56.0
	 epoch  70 training error:  tensor(0.0715, device='cuda:0', grad_fn=<DivBackward0>)
Memory status after this epoch: 
Memory allocated:  31.95556640625
Memory cached:  56.0
	 epoch  80 training error:  tensor(0.0706, device='cuda:0', grad_fn=<DivBackward0>)
Memory status after this epoch: 
Memory allocated:  31.95556640625
Memory cached:  56.0
	 epoch  90 training error:  tensor(0.0699, device='cuda:0', grad_fn=<DivBackward0>)
Memory status after this epoch: 
Memory allocated:  31.95556640625
Memory cached:  56.0
[I 2023-12-02 22:52:20,136] Trial 41 finished with value: 0.06728212535381317 and parameters: {'W_layers': 7, 'W_layer_units_exponent_0': 7, 'W_layer_units_exponent_1': 7, 'W_layer_units_exponent_2': 7, 'W_layer_units_exponent_3': 9, 'W_layer_units_exponent_4': 4, 'W_layer_units_exponent_5': 6, 'W_layer_units_exponent_6': 6, 'D_layers': 3, 'D_layer_units_exponent_0': 10, 'D_layer_units_exponent_1': 10, 'D_layer_units_exponent_2': 8, 'log_learning_rate': -2.9836992742335773, 'log_learning_rate_D': -4.589986577930136, 'training_batch_size': 7, 'training_p': 3}. Best is trial 33 with value: 0.06666743755340576.
Time for this trial:  12.900536298751831
Memory status after this trial: 
Memory allocated:  49.88720703125
Memory cached:  60.0
--------------------  Trial  42   --------------------
Start timing: 
Parameters: 
{'W_layers': 7, 'W_layer_units_exponent_0': 8, 'W_layer_units_exponent_1': 7, 'W_layer_units_exponent_2': 7, 'W_layer_units_exponent_3': 9, 'W_layer_units_exponent_4': 4, 'W_layer_units_exponent_5': 6, 'W_layer_units_exponent_6': 6, 'D_layers': 4, 'D_layer_units_exponent_0': 10, 'D_layer_units_exponent_1': 10, 'D_layer_units_exponent_2': 8, 'D_layer_units_exponent_3': 5, 'log_learning_rate': -3.0583981113518597, 'log_learning_rate_D': -4.600608753324331, 'training_batch_size': 7, 'training_p': 3}
	 epoch  0 training error:  tensor(1.1905, device='cuda:0', grad_fn=<DivBackward0>)
Memory status after this epoch: 
Memory allocated:  32.2431640625
Memory cached:  56.0
	 epoch  10 training error:  tensor(0.0886, device='cuda:0', grad_fn=<DivBackward0>)
Memory status after this epoch: 
Memory allocated:  32.2431640625
Memory cached:  56.0
	 epoch  20 training error:  tensor(0.0792, device='cuda:0', grad_fn=<DivBackward0>)
Memory status after this epoch: 
Memory allocated:  32.2431640625
Memory cached:  56.0
	 epoch  30 training error:  tensor(0.0813, device='cuda:0', grad_fn=<DivBackward0>)
Memory status after this epoch: 
Memory allocated:  32.2431640625
Memory cached:  56.0
	 epoch  40 training error:  tensor(0.0760, device='cuda:0', grad_fn=<DivBackward0>)
Memory status after this epoch: 
Memory allocated:  32.2431640625
Memory cached:  56.0
	 epoch  50 training error:  tensor(0.0728, device='cuda:0', grad_fn=<DivBackward0>)
Memory status after this epoch: 
Memory allocated:  32.2431640625
Memory cached:  56.0
	 epoch  60 training error:  tensor(0.0710, device='cuda:0', grad_fn=<DivBackward0>)
Memory status after this epoch: 
Memory allocated:  32.2431640625
Memory cached:  56.0
	 epoch  70 training error:  tensor(0.0700, device='cuda:0', grad_fn=<DivBackward0>)
Memory status after this epoch: 
Memory allocated:  32.2431640625
Memory cached:  56.0
	 epoch  80 training error:  tensor(0.0691, device='cuda:0', grad_fn=<DivBackward0>)
Memory status after this epoch: 
Memory allocated:  32.2431640625
Memory cached:  56.0
	 epoch  90 training error:  tensor(0.0684, device='cuda:0', grad_fn=<DivBackward0>)
Memory status after this epoch: 
Memory allocated:  32.2431640625
Memory cached:  56.0
[I 2023-12-02 22:52:33,325] Trial 42 finished with value: 0.06510788202285767 and parameters: {'W_layers': 7, 'W_layer_units_exponent_0': 8, 'W_layer_units_exponent_1': 7, 'W_layer_units_exponent_2': 7, 'W_layer_units_exponent_3': 9, 'W_layer_units_exponent_4': 4, 'W_layer_units_exponent_5': 6, 'W_layer_units_exponent_6': 6, 'D_layers': 4, 'D_layer_units_exponent_0': 10, 'D_layer_units_exponent_1': 10, 'D_layer_units_exponent_2': 8, 'D_layer_units_exponent_3': 5, 'log_learning_rate': -3.0583981113518597, 'log_learning_rate_D': -4.600608753324331, 'training_batch_size': 7, 'training_p': 3}. Best is trial 42 with value: 0.06510788202285767.
res:  tensor(0.0651, device='cuda:0', grad_fn=<DivBackward0>)
self.bestValue:  tensor(0.0667, device='cuda:0', grad_fn=<DivBackward0>)
Save this model!
Time for this trial:  13.011418581008911
Memory status after this trial: 
Memory allocated:  28.142578125
Memory cached:  76.0
--------------------  Trial  43   --------------------
Start timing: 
Parameters: 
{'W_layers': 7, 'W_layer_units_exponent_0': 9, 'W_layer_units_exponent_1': 7, 'W_layer_units_exponent_2': 7, 'W_layer_units_exponent_3': 10, 'W_layer_units_exponent_4': 4, 'W_layer_units_exponent_5': 4, 'W_layer_units_exponent_6': 6, 'D_layers': 5, 'D_layer_units_exponent_0': 10, 'D_layer_units_exponent_1': 10, 'D_layer_units_exponent_2': 7, 'D_layer_units_exponent_3': 5, 'D_layer_units_exponent_4': 4, 'log_learning_rate': -3.2497461958892293, 'log_learning_rate_D': -4.606214503766109, 'training_batch_size': 8, 'training_p': 3}
	 epoch  0 training error:  tensor(1.7436, device='cuda:0', grad_fn=<DivBackward0>)
Memory status after this epoch: 
Memory allocated:  36.2802734375
Memory cached:  76.0
	 epoch  10 training error:  tensor(0.2289, device='cuda:0', grad_fn=<DivBackward0>)
Memory status after this epoch: 
Memory allocated:  36.2802734375
Memory cached:  76.0
	 epoch  20 training error:  tensor(0.1046, device='cuda:0', grad_fn=<DivBackward0>)
Memory status after this epoch: 
Memory allocated:  36.2802734375
Memory cached:  76.0
	 epoch  30 training error:  tensor(0.0858, device='cuda:0', grad_fn=<DivBackward0>)
Memory status after this epoch: 
Memory allocated:  36.2802734375
Memory cached:  76.0
	 epoch  40 training error:  tensor(0.0767, device='cuda:0', grad_fn=<DivBackward0>)
Memory status after this epoch: 
Memory allocated:  36.2802734375
Memory cached:  76.0
	 epoch  50 training error:  tensor(0.0766, device='cuda:0', grad_fn=<DivBackward0>)
Memory status after this epoch: 
Memory allocated:  36.2802734375
Memory cached:  76.0
	 epoch  60 training error:  tensor(0.0743, device='cuda:0', grad_fn=<DivBackward0>)
Memory status after this epoch: 
Memory allocated:  36.2802734375
Memory cached:  76.0
	 epoch  70 training error:  tensor(0.0732, device='cuda:0', grad_fn=<DivBackward0>)
Memory status after this epoch: 
Memory allocated:  36.2802734375
Memory cached:  76.0
	 epoch  80 training error:  tensor(0.0725, device='cuda:0', grad_fn=<DivBackward0>)
Memory status after this epoch: 
Memory allocated:  36.2802734375
Memory cached:  76.0
	 epoch  90 training error:  tensor(0.0719, device='cuda:0', grad_fn=<DivBackward0>)
Memory status after this epoch: 
Memory allocated:  36.2802734375
Memory cached:  76.0
[I 2023-12-02 22:52:46,579] Trial 43 finished with value: 0.07147899270057678 and parameters: {'W_layers': 7, 'W_layer_units_exponent_0': 9, 'W_layer_units_exponent_1': 7, 'W_layer_units_exponent_2': 7, 'W_layer_units_exponent_3': 10, 'W_layer_units_exponent_4': 4, 'W_layer_units_exponent_5': 4, 'W_layer_units_exponent_6': 6, 'D_layers': 5, 'D_layer_units_exponent_0': 10, 'D_layer_units_exponent_1': 10, 'D_layer_units_exponent_2': 7, 'D_layer_units_exponent_3': 5, 'D_layer_units_exponent_4': 4, 'log_learning_rate': -3.2497461958892293, 'log_learning_rate_D': -4.606214503766109, 'training_batch_size': 8, 'training_p': 3}. Best is trial 42 with value: 0.06510788202285767.
Time for this trial:  13.047853946685791
Memory status after this trial: 
Memory allocated:  73.93212890625
Memory cached:  100.0
--------------------  Trial  44   --------------------
Start timing: 
Parameters: 
{'W_layers': 6, 'W_layer_units_exponent_0': 8, 'W_layer_units_exponent_1': 6, 'W_layer_units_exponent_2': 7, 'W_layer_units_exponent_3': 8, 'W_layer_units_exponent_4': 4, 'W_layer_units_exponent_5': 6, 'D_layers': 4, 'D_layer_units_exponent_0': 10, 'D_layer_units_exponent_1': 9, 'D_layer_units_exponent_2': 8, 'D_layer_units_exponent_3': 5, 'log_learning_rate': -2.509286272578551, 'log_learning_rate_D': -4.802828011729035, 'training_batch_size': 7, 'training_p': 4}
	 epoch  0 training error:  tensor(0.1921, device='cuda:0', grad_fn=<DivBackward0>)
Memory status after this epoch: 
Memory allocated:  31.7001953125
Memory cached:  76.0
	 epoch  10 training error:  tensor(0.1055, device='cuda:0', grad_fn=<DivBackward0>)
Memory status after this epoch: 
Memory allocated:  31.7001953125
Memory cached:  76.0
	 epoch  20 training error:  tensor(0.0879, device='cuda:0', grad_fn=<DivBackward0>)
Memory status after this epoch: 
Memory allocated:  31.7001953125
Memory cached:  76.0
	 epoch  30 training error:  tensor(0.0853, device='cuda:0', grad_fn=<DivBackward0>)
Memory status after this epoch: 
Memory allocated:  31.7001953125
Memory cached:  76.0
	 epoch  40 training error:  tensor(0.0798, device='cuda:0', grad_fn=<DivBackward0>)
Memory status after this epoch: 
Memory allocated:  31.7001953125
Memory cached:  76.0
	 epoch  50 training error:  tensor(0.0752, device='cuda:0', grad_fn=<DivBackward0>)
Memory status after this epoch: 
Memory allocated:  31.7001953125
Memory cached:  76.0
	 epoch  60 training error:  tensor(0.0747, device='cuda:0', grad_fn=<DivBackward0>)
Memory status after this epoch: 
Memory allocated:  31.7001953125
Memory cached:  76.0
	 epoch  70 training error:  tensor(0.0769, device='cuda:0', grad_fn=<DivBackward0>)
Memory status after this epoch: 
Memory allocated:  31.7001953125
Memory cached:  76.0
	 epoch  80 training error:  tensor(0.0758, device='cuda:0', grad_fn=<DivBackward0>)
Memory status after this epoch: 
Memory allocated:  31.7001953125
Memory cached:  76.0
	 epoch  90 training error:  tensor(0.0760, device='cuda:0', grad_fn=<DivBackward0>)
Memory status after this epoch: 
Memory allocated:  31.7001953125
Memory cached:  76.0
[I 2023-12-02 22:52:59,028] Trial 44 finished with value: 0.06547071784734726 and parameters: {'W_layers': 6, 'W_layer_units_exponent_0': 8, 'W_layer_units_exponent_1': 6, 'W_layer_units_exponent_2': 7, 'W_layer_units_exponent_3': 8, 'W_layer_units_exponent_4': 4, 'W_layer_units_exponent_5': 6, 'D_layers': 4, 'D_layer_units_exponent_0': 10, 'D_layer_units_exponent_1': 9, 'D_layer_units_exponent_2': 8, 'D_layer_units_exponent_3': 5, 'log_learning_rate': -2.509286272578551, 'log_learning_rate_D': -4.802828011729035, 'training_batch_size': 7, 'training_p': 4}. Best is trial 42 with value: 0.06510788202285767.
Time for this trial:  12.25052285194397
Memory status after this trial: 
Memory allocated:  46.99267578125
Memory cached:  76.0
--------------------  Trial  45   --------------------
Start timing: 
Parameters: 
{'W_layers': 6, 'W_layer_units_exponent_0': 8, 'W_layer_units_exponent_1': 6, 'W_layer_units_exponent_2': 7, 'W_layer_units_exponent_3': 8, 'W_layer_units_exponent_4': 4, 'W_layer_units_exponent_5': 7, 'D_layers': 3, 'D_layer_units_exponent_0': 10, 'D_layer_units_exponent_1': 9, 'D_layer_units_exponent_2': 6, 'log_learning_rate': -2.3276171257618143, 'log_learning_rate_D': -4.859032890103584, 'training_batch_size': 6, 'training_p': 5}
	 epoch  0 training error:  tensor(1.1932, device='cuda:0', grad_fn=<DivBackward0>)
Memory status after this epoch: 
Memory allocated:  31.2841796875
Memory cached:  76.0
	 epoch  10 training error:  tensor(0.7206, device='cuda:0', grad_fn=<DivBackward0>)
Memory status after this epoch: 
Memory allocated:  31.2841796875
Memory cached:  76.0
	 epoch  20 training error:  tensor(0.2986, device='cuda:0', grad_fn=<DivBackward0>)
Memory status after this epoch: 
Memory allocated:  31.2841796875
Memory cached:  76.0
	 epoch  30 training error:  tensor(0.2135, device='cuda:0', grad_fn=<DivBackward0>)
Memory status after this epoch: 
Memory allocated:  31.2841796875
Memory cached:  76.0
	 epoch  40 training error:  tensor(0.1209, device='cuda:0', grad_fn=<DivBackward0>)
Memory status after this epoch: 
Memory allocated:  31.2841796875
Memory cached:  76.0
	 epoch  50 training error:  tensor(0.0980, device='cuda:0', grad_fn=<DivBackward0>)
Memory status after this epoch: 
Memory allocated:  31.2841796875
Memory cached:  76.0
	 epoch  60 training error:  tensor(0.0900, device='cuda:0', grad_fn=<DivBackward0>)
Memory status after this epoch: 
Memory allocated:  31.2841796875
Memory cached:  76.0
	 epoch  70 training error:  tensor(0.1102, device='cuda:0', grad_fn=<DivBackward0>)
Memory status after this epoch: 
Memory allocated:  31.2841796875
Memory cached:  76.0
	 epoch  80 training error:  tensor(0.0875, device='cuda:0', grad_fn=<DivBackward0>)
Memory status after this epoch: 
Memory allocated:  31.2841796875
Memory cached:  76.0
	 epoch  90 training error:  tensor(0.1187, device='cuda:0', grad_fn=<DivBackward0>)
Memory status after this epoch: 
Memory allocated:  31.2841796875
Memory cached:  76.0
[I 2023-12-02 22:53:12,596] Trial 45 finished with value: 0.09512565284967422 and parameters: {'W_layers': 6, 'W_layer_units_exponent_0': 8, 'W_layer_units_exponent_1': 6, 'W_layer_units_exponent_2': 7, 'W_layer_units_exponent_3': 8, 'W_layer_units_exponent_4': 4, 'W_layer_units_exponent_5': 7, 'D_layers': 3, 'D_layer_units_exponent_0': 10, 'D_layer_units_exponent_1': 9, 'D_layer_units_exponent_2': 6, 'log_learning_rate': -2.3276171257618143, 'log_learning_rate_D': -4.859032890103584, 'training_batch_size': 6, 'training_p': 5}. Best is trial 42 with value: 0.06510788202285767.
Time for this trial:  13.400393009185791
Memory status after this trial: 
Memory allocated:  48.46533203125
Memory cached:  78.0
--------------------  Trial  46   --------------------
Start timing: 
Parameters: 
{'W_layers': 6, 'W_layer_units_exponent_0': 8, 'W_layer_units_exponent_1': 5, 'W_layer_units_exponent_2': 5, 'W_layer_units_exponent_3': 8, 'W_layer_units_exponent_4': 4, 'W_layer_units_exponent_5': 5, 'D_layers': 5, 'D_layer_units_exponent_0': 10, 'D_layer_units_exponent_1': 7, 'D_layer_units_exponent_2': 9, 'D_layer_units_exponent_3': 4, 'D_layer_units_exponent_4': 6, 'log_learning_rate': -2.5423360646962756, 'log_learning_rate_D': -4.747923363180044, 'training_batch_size': 7, 'training_p': 4}
	 epoch  0 training error:  tensor(2.2064, device='cuda:0', grad_fn=<DivBackward0>)
Memory status after this epoch: 
Memory allocated:  29.3369140625
Memory cached:  76.0
	 epoch  10 training error:  tensor(0.1659, device='cuda:0', grad_fn=<DivBackward0>)
Memory status after this epoch: 
Memory allocated:  29.3369140625
Memory cached:  76.0
	 epoch  20 training error:  tensor(0.1318, device='cuda:0', grad_fn=<DivBackward0>)
Memory status after this epoch: 
Memory allocated:  29.3369140625
Memory cached:  76.0
	 epoch  30 training error:  tensor(0.0857, device='cuda:0', grad_fn=<DivBackward0>)
Memory status after this epoch: 
Memory allocated:  29.3369140625
Memory cached:  76.0
	 epoch  40 training error:  tensor(0.0831, device='cuda:0', grad_fn=<DivBackward0>)
Memory status after this epoch: 
Memory allocated:  29.3369140625
Memory cached:  76.0
	 epoch  50 training error:  tensor(0.0804, device='cuda:0', grad_fn=<DivBackward0>)
Memory status after this epoch: 
Memory allocated:  29.3369140625
Memory cached:  76.0
	 epoch  60 training error:  tensor(0.0799, device='cuda:0', grad_fn=<DivBackward0>)
Memory status after this epoch: 
Memory allocated:  29.3369140625
Memory cached:  76.0
	 epoch  70 training error:  tensor(0.0781, device='cuda:0', grad_fn=<DivBackward0>)
Memory status after this epoch: 
Memory allocated:  29.3369140625
Memory cached:  76.0
	 epoch  80 training error:  tensor(0.0780, device='cuda:0', grad_fn=<DivBackward0>)
Memory status after this epoch: 
Memory allocated:  29.3369140625
Memory cached:  76.0
	 epoch  90 training error:  tensor(0.0795, device='cuda:0', grad_fn=<DivBackward0>)
Memory status after this epoch: 
Memory allocated:  29.3369140625
Memory cached:  76.0
[I 2023-12-02 22:53:25,214] Trial 46 finished with value: 0.07405410706996918 and parameters: {'W_layers': 6, 'W_layer_units_exponent_0': 8, 'W_layer_units_exponent_1': 5, 'W_layer_units_exponent_2': 5, 'W_layer_units_exponent_3': 8, 'W_layer_units_exponent_4': 4, 'W_layer_units_exponent_5': 5, 'D_layers': 5, 'D_layer_units_exponent_0': 10, 'D_layer_units_exponent_1': 7, 'D_layer_units_exponent_2': 9, 'D_layer_units_exponent_3': 4, 'D_layer_units_exponent_4': 6, 'log_learning_rate': -2.5423360646962756, 'log_learning_rate_D': -4.747923363180044, 'training_batch_size': 7, 'training_p': 4}. Best is trial 42 with value: 0.06510788202285767.
Time for this trial:  12.40852427482605
Memory status after this trial: 
Memory allocated:  43.02197265625
Memory cached:  78.0
--------------------  Trial  47   --------------------
Start timing: 
Parameters: 
{'W_layers': 5, 'W_layer_units_exponent_0': 9, 'W_layer_units_exponent_1': 6, 'W_layer_units_exponent_2': 6, 'W_layer_units_exponent_3': 10, 'W_layer_units_exponent_4': 5, 'D_layers': 3, 'D_layer_units_exponent_0': 10, 'D_layer_units_exponent_1': 10, 'D_layer_units_exponent_2': 8, 'log_learning_rate': -2.4889756441235367, 'log_learning_rate_D': -4.571121908231817, 'training_batch_size': 6, 'training_p': 4}
	 epoch  0 training error:  tensor(1.9179, device='cuda:0', grad_fn=<DivBackward0>)
Memory status after this epoch: 
Memory allocated:  35.27685546875
Memory cached:  76.0
	 epoch  10 training error:  tensor(0.6721, device='cuda:0', grad_fn=<DivBackward0>)
Memory status after this epoch: 
Memory allocated:  35.27685546875
Memory cached:  76.0
	 epoch  20 training error:  tensor(0.1733, device='cuda:0', grad_fn=<DivBackward0>)
Memory status after this epoch: 
Memory allocated:  35.27685546875
Memory cached:  76.0
	 epoch  30 training error:  tensor(0.1165, device='cuda:0', grad_fn=<DivBackward0>)
Memory status after this epoch: 
Memory allocated:  35.27685546875
Memory cached:  76.0
	 epoch  40 training error:  tensor(0.1075, device='cuda:0', grad_fn=<DivBackward0>)
Memory status after this epoch: 
Memory allocated:  35.27685546875
Memory cached:  76.0
	 epoch  50 training error:  tensor(0.1098, device='cuda:0', grad_fn=<DivBackward0>)
Memory status after this epoch: 
Memory allocated:  35.27685546875
Memory cached:  76.0
	 epoch  60 training error:  tensor(0.0969, device='cuda:0', grad_fn=<DivBackward0>)
Memory status after this epoch: 
Memory allocated:  35.27685546875
Memory cached:  76.0
	 epoch  70 training error:  tensor(0.1030, device='cuda:0', grad_fn=<DivBackward0>)
Memory status after this epoch: 
Memory allocated:  35.27685546875
Memory cached:  76.0
	 epoch  80 training error:  tensor(0.1005, device='cuda:0', grad_fn=<DivBackward0>)
Memory status after this epoch: 
Memory allocated:  35.27685546875
Memory cached:  76.0
	 epoch  90 training error:  tensor(0.1055, device='cuda:0', grad_fn=<DivBackward0>)
Memory status after this epoch: 
Memory allocated:  35.27685546875
Memory cached:  76.0
