[I 2024-01-11 11:58:26,959] Trial 61 finished with value: 0.21017399430274963 and parameters: {'W_layers': 8, 'W_layer_units_exponent_0': 6, 'W_layer_units_exponent_1': 7, 'W_layer_units_exponent_2': 10, 'W_layer_units_exponent_3': 5, 'W_layer_units_exponent_4': 8, 'W_layer_units_exponent_5': 4, 'W_layer_units_exponent_6': 9, 'W_layer_units_exponent_7': 10, 'D_layers': 3, 'D_layer_units_exponent_0': 6, 'D_layer_units_exponent_1': 10, 'D_layer_units_exponent_2': 8, 'D_dagger_layers': 3, 'D_dagger_layer_units_exponent_0': 5, 'D_dagger_layer_units_exponent_1': 9, 'D_dagger_layer_units_exponent_2': 4, 'log_learning_rate': -2.448243096935975, 'log_learning_rate_D': -2.5129612157747485, 'log_learning_rate_D_dagger': -3.480661843311063, 'training_batch_size': 8, 'training_p': 2}. Best is trial 58 with value: 0.2080806940793991.
Time for this trial:  23.722851037979126
Memory status after this trial: 
Memory allocated:  604.50341796875
Memory cached:  636.0
--------------------  Trial  62   --------------------
Start timing: 
Parameters: 
{'W_layers': 8, 'W_layer_units_exponent_0': 6, 'W_layer_units_exponent_1': 7, 'W_layer_units_exponent_2': 10, 'W_layer_units_exponent_3': 5, 'W_layer_units_exponent_4': 8, 'W_layer_units_exponent_5': 4, 'W_layer_units_exponent_6': 9, 'W_layer_units_exponent_7': 9, 'D_layers': 3, 'D_layer_units_exponent_0': 6, 'D_layer_units_exponent_1': 10, 'D_layer_units_exponent_2': 8, 'D_dagger_layers': 3, 'D_dagger_layer_units_exponent_0': 5, 'D_dagger_layer_units_exponent_1': 9, 'D_dagger_layer_units_exponent_2': 4, 'log_learning_rate': -2.6152310588744774, 'log_learning_rate_D': -2.5883502429907392, 'log_learning_rate_D_dagger': -3.5583412318383676, 'training_batch_size': 8, 'training_p': 2}
	 epoch  0 training error:  tensor(0.9492, device='cuda:0', grad_fn=<DivBackward0>)
Memory status after this epoch: 
Memory allocated:  229.2822265625
Memory cached:  300.0
	 epoch  10 training error:  tensor(0.3919, device='cuda:0', grad_fn=<DivBackward0>)
Memory status after this epoch: 
Memory allocated:  229.2822265625
Memory cached:  300.0
	 epoch  20 training error:  tensor(0.2694, device='cuda:0', grad_fn=<DivBackward0>)
Memory status after this epoch: 
Memory allocated:  229.2822265625
Memory cached:  300.0
	 epoch  30 training error:  tensor(0.2388, device='cuda:0', grad_fn=<DivBackward0>)
Memory status after this epoch: 
Memory allocated:  229.2822265625
Memory cached:  300.0
	 epoch  40 training error:  tensor(0.2292, device='cuda:0', grad_fn=<DivBackward0>)
Memory status after this epoch: 
Memory allocated:  229.2822265625
Memory cached:  300.0
	 epoch  50 training error:  tensor(0.2182, device='cuda:0', grad_fn=<DivBackward0>)
Memory status after this epoch: 
Memory allocated:  229.2822265625
Memory cached:  300.0
	 epoch  60 training error:  tensor(0.2078, device='cuda:0', grad_fn=<DivBackward0>)
Memory status after this epoch: 
Memory allocated:  229.2822265625
Memory cached:  300.0
	 epoch  70 training error:  tensor(0.1990, device='cuda:0', grad_fn=<DivBackward0>)
Memory status after this epoch: 
Memory allocated:  229.2822265625
Memory cached:  300.0
	 epoch  80 training error:  tensor(0.1905, device='cuda:0', grad_fn=<DivBackward0>)
Memory status after this epoch: 
Memory allocated:  229.2822265625
Memory cached:  300.0
	 epoch  90 training error:  tensor(0.1866, device='cuda:0', grad_fn=<DivBackward0>)
Memory status after this epoch: 
Memory allocated:  229.2822265625
Memory cached:  300.0
[I 2024-01-11 11:58:51,235] Trial 62 finished with value: 0.2085919827222824 and parameters: {'W_layers': 8, 'W_layer_units_exponent_0': 6, 'W_layer_units_exponent_1': 7, 'W_layer_units_exponent_2': 10, 'W_layer_units_exponent_3': 5, 'W_layer_units_exponent_4': 8, 'W_layer_units_exponent_5': 4, 'W_layer_units_exponent_6': 9, 'W_layer_units_exponent_7': 9, 'D_layers': 3, 'D_layer_units_exponent_0': 6, 'D_layer_units_exponent_1': 10, 'D_layer_units_exponent_2': 8, 'D_dagger_layers': 3, 'D_dagger_layer_units_exponent_0': 5, 'D_dagger_layer_units_exponent_1': 9, 'D_dagger_layer_units_exponent_2': 4, 'log_learning_rate': -2.6152310588744774, 'log_learning_rate_D': -2.5883502429907392, 'log_learning_rate_D_dagger': -3.5583412318383676, 'training_batch_size': 8, 'training_p': 2}. Best is trial 58 with value: 0.2080806940793991.
Time for this trial:  23.922415733337402
Memory status after this trial: 
Memory allocated:  553.83935546875
Memory cached:  580.0
--------------------  Trial  63   --------------------
Start timing: 
Parameters: 
{'W_layers': 8, 'W_layer_units_exponent_0': 6, 'W_layer_units_exponent_1': 7, 'W_layer_units_exponent_2': 10, 'W_layer_units_exponent_3': 5, 'W_layer_units_exponent_4': 8, 'W_layer_units_exponent_5': 4, 'W_layer_units_exponent_6': 9, 'W_layer_units_exponent_7': 10, 'D_layers': 3, 'D_layer_units_exponent_0': 6, 'D_layer_units_exponent_1': 10, 'D_layer_units_exponent_2': 8, 'D_dagger_layers': 3, 'D_dagger_layer_units_exponent_0': 5, 'D_dagger_layer_units_exponent_1': 9, 'D_dagger_layer_units_exponent_2': 4, 'log_learning_rate': -2.5761179511004855, 'log_learning_rate_D': -2.8912307064274763, 'log_learning_rate_D_dagger': -3.546586503774782, 'training_batch_size': 8, 'training_p': 2}
	 epoch  0 training error:  tensor(1.1104, device='cuda:0', grad_fn=<DivBackward0>)
Memory status after this epoch: 
Memory allocated:  234.0947265625
Memory cached:  320.0
	 epoch  10 training error:  tensor(0.5835, device='cuda:0', grad_fn=<DivBackward0>)
Memory status after this epoch: 
Memory allocated:  234.0947265625
Memory cached:  320.0
	 epoch  20 training error:  tensor(0.3274, device='cuda:0', grad_fn=<DivBackward0>)
Memory status after this epoch: 
Memory allocated:  234.0947265625
Memory cached:  320.0
	 epoch  30 training error:  tensor(0.2532, device='cuda:0', grad_fn=<DivBackward0>)
Memory status after this epoch: 
Memory allocated:  234.0947265625
Memory cached:  320.0
	 epoch  40 training error:  tensor(0.2293, device='cuda:0', grad_fn=<DivBackward0>)
Memory status after this epoch: 
Memory allocated:  234.0947265625
Memory cached:  320.0
	 epoch  50 training error:  tensor(0.2186, device='cuda:0', grad_fn=<DivBackward0>)
Memory status after this epoch: 
Memory allocated:  234.0947265625
Memory cached:  320.0
	 epoch  60 training error:  tensor(0.2112, device='cuda:0', grad_fn=<DivBackward0>)
Memory status after this epoch: 
Memory allocated:  234.0947265625
Memory cached:  320.0
	 epoch  70 training error:  tensor(0.2047, device='cuda:0', grad_fn=<DivBackward0>)
Memory status after this epoch: 
Memory allocated:  234.0947265625
Memory cached:  320.0
	 epoch  80 training error:  tensor(0.1993, device='cuda:0', grad_fn=<DivBackward0>)
Memory status after this epoch: 
Memory allocated:  234.0947265625
Memory cached:  320.0
	 epoch  90 training error:  tensor(0.1936, device='cuda:0', grad_fn=<DivBackward0>)
Memory status after this epoch: 
Memory allocated:  234.0947265625
Memory cached:  320.0
[I 2024-01-11 11:59:16,032] Trial 63 finished with value: 0.21056509017944336 and parameters: {'W_layers': 8, 'W_layer_units_exponent_0': 6, 'W_layer_units_exponent_1': 7, 'W_layer_units_exponent_2': 10, 'W_layer_units_exponent_3': 5, 'W_layer_units_exponent_4': 8, 'W_layer_units_exponent_5': 4, 'W_layer_units_exponent_6': 9, 'W_layer_units_exponent_7': 10, 'D_layers': 3, 'D_layer_units_exponent_0': 6, 'D_layer_units_exponent_1': 10, 'D_layer_units_exponent_2': 8, 'D_dagger_layers': 3, 'D_dagger_layer_units_exponent_0': 5, 'D_dagger_layer_units_exponent_1': 9, 'D_dagger_layer_units_exponent_2': 4, 'log_learning_rate': -2.5761179511004855, 'log_learning_rate_D': -2.8912307064274763, 'log_learning_rate_D_dagger': -3.546586503774782, 'training_batch_size': 8, 'training_p': 2}. Best is trial 58 with value: 0.2080806940793991.
Time for this trial:  24.22756338119507
Memory status after this trial: 
Memory allocated:  603.70654296875
Memory cached:  624.0
--------------------  Trial  64   --------------------
Start timing: 
Parameters: 
{'W_layers': 8, 'W_layer_units_exponent_0': 6, 'W_layer_units_exponent_1': 7, 'W_layer_units_exponent_2': 10, 'W_layer_units_exponent_3': 4, 'W_layer_units_exponent_4': 8, 'W_layer_units_exponent_5': 4, 'W_layer_units_exponent_6': 8, 'W_layer_units_exponent_7': 9, 'D_layers': 3, 'D_layer_units_exponent_0': 5, 'D_layer_units_exponent_1': 10, 'D_layer_units_exponent_2': 8, 'D_dagger_layers': 3, 'D_dagger_layer_units_exponent_0': 4, 'D_dagger_layer_units_exponent_1': 9, 'D_dagger_layer_units_exponent_2': 4, 'log_learning_rate': -2.8218131729420404, 'log_learning_rate_D': -2.577854322347784, 'log_learning_rate_D_dagger': -3.7766832269884985, 'training_batch_size': 8, 'training_p': 2}
	 epoch  0 training error:  tensor(0.9096, device='cuda:0', grad_fn=<DivBackward0>)
Memory status after this epoch: 
Memory allocated:  226.6533203125
Memory cached:  300.0
	 epoch  10 training error:  tensor(0.4451, device='cuda:0', grad_fn=<DivBackward0>)
Memory status after this epoch: 
Memory allocated:  226.6533203125
Memory cached:  300.0
	 epoch  20 training error:  tensor(0.2978, device='cuda:0', grad_fn=<DivBackward0>)
Memory status after this epoch: 
Memory allocated:  226.6533203125
Memory cached:  300.0
	 epoch  30 training error:  tensor(0.2698, device='cuda:0', grad_fn=<DivBackward0>)
Memory status after this epoch: 
Memory allocated:  226.6533203125
Memory cached:  300.0
	 epoch  40 training error:  tensor(0.2483, device='cuda:0', grad_fn=<DivBackward0>)
Memory status after this epoch: 
Memory allocated:  226.6533203125
Memory cached:  300.0
	 epoch  50 training error:  tensor(0.2371, device='cuda:0', grad_fn=<DivBackward0>)
Memory status after this epoch: 
Memory allocated:  226.6533203125
Memory cached:  300.0
	 epoch  60 training error:  tensor(0.2296, device='cuda:0', grad_fn=<DivBackward0>)
Memory status after this epoch: 
Memory allocated:  226.6533203125
Memory cached:  300.0
	 epoch  70 training error:  tensor(0.2241, device='cuda:0', grad_fn=<DivBackward0>)
Memory status after this epoch: 
Memory allocated:  226.6533203125
Memory cached:  300.0
	 epoch  80 training error:  tensor(0.2179, device='cuda:0', grad_fn=<DivBackward0>)
Memory status after this epoch: 
Memory allocated:  226.6533203125
Memory cached:  300.0
	 epoch  90 training error:  tensor(0.2120, device='cuda:0', grad_fn=<DivBackward0>)
Memory status after this epoch: 
Memory allocated:  226.6533203125
Memory cached:  300.0
[I 2024-01-11 11:59:41,308] Trial 64 finished with value: 0.22172608971595764 and parameters: {'W_layers': 8, 'W_layer_units_exponent_0': 6, 'W_layer_units_exponent_1': 7, 'W_layer_units_exponent_2': 10, 'W_layer_units_exponent_3': 4, 'W_layer_units_exponent_4': 8, 'W_layer_units_exponent_5': 4, 'W_layer_units_exponent_6': 8, 'W_layer_units_exponent_7': 9, 'D_layers': 3, 'D_layer_units_exponent_0': 5, 'D_layer_units_exponent_1': 10, 'D_layer_units_exponent_2': 8, 'D_dagger_layers': 3, 'D_dagger_layer_units_exponent_0': 4, 'D_dagger_layer_units_exponent_1': 9, 'D_dagger_layer_units_exponent_2': 4, 'log_learning_rate': -2.8218131729420404, 'log_learning_rate_D': -2.577854322347784, 'log_learning_rate_D_dagger': -3.7766832269884985, 'training_batch_size': 8, 'training_p': 2}. Best is trial 58 with value: 0.2080806940793991.
Time for this trial:  24.81509757041931
Memory status after this trial: 
Memory allocated:  521.91943359375
Memory cached:  556.0
--------------------  Trial  65   --------------------
Start timing: 
Parameters: 
{'W_layers': 8, 'W_layer_units_exponent_0': 6, 'W_layer_units_exponent_1': 7, 'W_layer_units_exponent_2': 10, 'W_layer_units_exponent_3': 5, 'W_layer_units_exponent_4': 8, 'W_layer_units_exponent_5': 4, 'W_layer_units_exponent_6': 9, 'W_layer_units_exponent_7': 8, 'D_layers': 3, 'D_layer_units_exponent_0': 6, 'D_layer_units_exponent_1': 10, 'D_layer_units_exponent_2': 8, 'D_dagger_layers': 2, 'D_dagger_layer_units_exponent_0': 5, 'D_dagger_layer_units_exponent_1': 10, 'log_learning_rate': -2.3682512113600733, 'log_learning_rate_D': -2.60739861971637, 'log_learning_rate_D_dagger': -3.128042276522762, 'training_batch_size': 8, 'training_p': 2}
	 epoch  0 training error:  tensor(1.1110, device='cuda:0', grad_fn=<DivBackward0>)
Memory status after this epoch: 
Memory allocated:  227.4189453125
Memory cached:  300.0
	 epoch  10 training error:  tensor(0.3764, device='cuda:0', grad_fn=<DivBackward0>)
Memory status after this epoch: 
Memory allocated:  227.4189453125
Memory cached:  300.0
	 epoch  20 training error:  tensor(0.2648, device='cuda:0', grad_fn=<DivBackward0>)
Memory status after this epoch: 
Memory allocated:  227.4189453125
Memory cached:  300.0
	 epoch  30 training error:  tensor(0.2249, device='cuda:0', grad_fn=<DivBackward0>)
Memory status after this epoch: 
Memory allocated:  227.4189453125
Memory cached:  300.0
	 epoch  40 training error:  tensor(0.2142, device='cuda:0', grad_fn=<DivBackward0>)
Memory status after this epoch: 
Memory allocated:  227.4189453125
Memory cached:  300.0
	 epoch  50 training error:  tensor(0.2119, device='cuda:0', grad_fn=<DivBackward0>)
Memory status after this epoch: 
Memory allocated:  227.4189453125
Memory cached:  300.0
	 epoch  60 training error:  tensor(0.1928, device='cuda:0', grad_fn=<DivBackward0>)
Memory status after this epoch: 
Memory allocated:  227.4189453125
Memory cached:  300.0
	 epoch  70 training error:  tensor(0.1958, device='cuda:0', grad_fn=<DivBackward0>)
Memory status after this epoch: 
Memory allocated:  227.4189453125
Memory cached:  300.0
	 epoch  80 training error:  tensor(0.1924, device='cuda:0', grad_fn=<DivBackward0>)
Memory status after this epoch: 
Memory allocated:  227.4189453125
Memory cached:  300.0
	 epoch  90 training error:  tensor(0.1947, device='cuda:0', grad_fn=<DivBackward0>)
Memory status after this epoch: 
Memory allocated:  227.4189453125
Memory cached:  300.0
[I 2024-01-11 12:00:05,626] Trial 65 finished with value: 0.21256279945373535 and parameters: {'W_layers': 8, 'W_layer_units_exponent_0': 6, 'W_layer_units_exponent_1': 7, 'W_layer_units_exponent_2': 10, 'W_layer_units_exponent_3': 5, 'W_layer_units_exponent_4': 8, 'W_layer_units_exponent_5': 4, 'W_layer_units_exponent_6': 9, 'W_layer_units_exponent_7': 8, 'D_layers': 3, 'D_layer_units_exponent_0': 6, 'D_layer_units_exponent_1': 10, 'D_layer_units_exponent_2': 8, 'D_dagger_layers': 2, 'D_dagger_layer_units_exponent_0': 5, 'D_dagger_layer_units_exponent_1': 10, 'log_learning_rate': -2.3682512113600733, 'log_learning_rate_D': -2.60739861971637, 'log_learning_rate_D_dagger': -3.128042276522762, 'training_batch_size': 8, 'training_p': 2}. Best is trial 58 with value: 0.2080806940793991.
Time for this trial:  23.954838037490845
Memory status after this trial: 
Memory allocated:  568.00537109375
Memory cached:  582.0
--------------------  Trial  66   --------------------
Start timing: 
Parameters: 
{'W_layers': 7, 'W_layer_units_exponent_0': 7, 'W_layer_units_exponent_1': 7, 'W_layer_units_exponent_2': 10, 'W_layer_units_exponent_3': 5, 'W_layer_units_exponent_4': 8, 'W_layer_units_exponent_5': 5, 'W_layer_units_exponent_6': 8, 'D_layers': 4, 'D_layer_units_exponent_0': 6, 'D_layer_units_exponent_1': 10, 'D_layer_units_exponent_2': 8, 'D_layer_units_exponent_3': 5, 'D_dagger_layers': 3, 'D_dagger_layer_units_exponent_0': 5, 'D_dagger_layer_units_exponent_1': 8, 'D_dagger_layer_units_exponent_2': 4, 'log_learning_rate': -2.6311776766659314, 'log_learning_rate_D': -2.6806368266858565, 'log_learning_rate_D_dagger': -3.2287491985759247, 'training_batch_size': 9, 'training_p': 2}
	 epoch  0 training error:  tensor(0.8997, device='cuda:0', grad_fn=<DivBackward0>)
Memory status after this epoch: 
Memory allocated:  225.2939453125
Memory cached:  300.0
	 epoch  10 training error:  tensor(0.2825, device='cuda:0', grad_fn=<DivBackward0>)
Memory status after this epoch: 
Memory allocated:  225.2939453125
Memory cached:  300.0
	 epoch  20 training error:  tensor(0.2705, device='cuda:0', grad_fn=<DivBackward0>)
Memory status after this epoch: 
Memory allocated:  225.2939453125
Memory cached:  300.0
	 epoch  30 training error:  tensor(0.2317, device='cuda:0', grad_fn=<DivBackward0>)
Memory status after this epoch: 
Memory allocated:  225.2939453125
Memory cached:  300.0
	 epoch  40 training error:  tensor(0.2189, device='cuda:0', grad_fn=<DivBackward0>)
Memory status after this epoch: 
Memory allocated:  225.2939453125
Memory cached:  300.0
	 epoch  50 training error:  tensor(0.2119, device='cuda:0', grad_fn=<DivBackward0>)
Memory status after this epoch: 
Memory allocated:  225.2939453125
Memory cached:  300.0
	 epoch  60 training error:  tensor(0.2035, device='cuda:0', grad_fn=<DivBackward0>)
Memory status after this epoch: 
Memory allocated:  225.2939453125
Memory cached:  300.0
	 epoch  70 training error:  tensor(0.1954, device='cuda:0', grad_fn=<DivBackward0>)
Memory status after this epoch: 
Memory allocated:  225.2939453125
Memory cached:  300.0
	 epoch  80 training error:  tensor(0.1923, device='cuda:0', grad_fn=<DivBackward0>)
Memory status after this epoch: 
Memory allocated:  225.2939453125
Memory cached:  300.0
	 epoch  90 training error:  tensor(0.1860, device='cuda:0', grad_fn=<DivBackward0>)
Memory status after this epoch: 
Memory allocated:  225.2939453125
Memory cached:  300.0
[I 2024-01-11 12:00:29,134] Trial 66 finished with value: 0.21081343293190002 and parameters: {'W_layers': 7, 'W_layer_units_exponent_0': 7, 'W_layer_units_exponent_1': 7, 'W_layer_units_exponent_2': 10, 'W_layer_units_exponent_3': 5, 'W_layer_units_exponent_4': 8, 'W_layer_units_exponent_5': 5, 'W_layer_units_exponent_6': 8, 'D_layers': 4, 'D_layer_units_exponent_0': 6, 'D_layer_units_exponent_1': 10, 'D_layer_units_exponent_2': 8, 'D_layer_units_exponent_3': 5, 'D_dagger_layers': 3, 'D_dagger_layer_units_exponent_0': 5, 'D_dagger_layer_units_exponent_1': 8, 'D_dagger_layer_units_exponent_2': 4, 'log_learning_rate': -2.6311776766659314, 'log_learning_rate_D': -2.6806368266858565, 'log_learning_rate_D_dagger': -3.2287491985759247, 'training_batch_size': 9, 'training_p': 2}. Best is trial 58 with value: 0.2080806940793991.
Time for this trial:  23.08831214904785
Memory status after this trial: 
Memory allocated:  453.68701171875
Memory cached:  484.0
--------------------  Trial  67   --------------------
Start timing: 
Parameters: 
{'W_layers': 8, 'W_layer_units_exponent_0': 7, 'W_layer_units_exponent_1': 6, 'W_layer_units_exponent_2': 10, 'W_layer_units_exponent_3': 5, 'W_layer_units_exponent_4': 9, 'W_layer_units_exponent_5': 4, 'W_layer_units_exponent_6': 9, 'W_layer_units_exponent_7': 9, 'D_layers': 3, 'D_layer_units_exponent_0': 5, 'D_layer_units_exponent_1': 10, 'D_layer_units_exponent_2': 9, 'D_dagger_layers': 3, 'D_dagger_layer_units_exponent_0': 4, 'D_dagger_layer_units_exponent_1': 8, 'D_dagger_layer_units_exponent_2': 4, 'log_learning_rate': -2.9389977727268515, 'log_learning_rate_D': -2.420023231183298, 'log_learning_rate_D_dagger': -3.4290468030825503, 'training_batch_size': 8, 'training_p': 2}
	 epoch  0 training error:  tensor(0.9694, device='cuda:0', grad_fn=<DivBackward0>)
Memory status after this epoch: 
Memory allocated:  229.5185546875
Memory cached:  302.0
	 epoch  10 training error:  tensor(0.4871, device='cuda:0', grad_fn=<DivBackward0>)
Memory status after this epoch: 
Memory allocated:  229.5185546875
Memory cached:  302.0
	 epoch  20 training error:  tensor(0.3247, device='cuda:0', grad_fn=<DivBackward0>)
Memory status after this epoch: 
Memory allocated:  229.5185546875
Memory cached:  302.0
	 epoch  30 training error:  tensor(0.2412, device='cuda:0', grad_fn=<DivBackward0>)
Memory status after this epoch: 
Memory allocated:  229.5185546875
Memory cached:  302.0
	 epoch  40 training error:  tensor(0.2406, device='cuda:0', grad_fn=<DivBackward0>)
Memory status after this epoch: 
Memory allocated:  229.5185546875
Memory cached:  302.0
	 epoch  50 training error:  tensor(0.2234, device='cuda:0', grad_fn=<DivBackward0>)
Memory status after this epoch: 
Memory allocated:  229.5185546875
Memory cached:  302.0
	 epoch  60 training error:  tensor(0.2171, device='cuda:0', grad_fn=<DivBackward0>)
Memory status after this epoch: 
Memory allocated:  229.5185546875
Memory cached:  302.0
	 epoch  70 training error:  tensor(0.2123, device='cuda:0', grad_fn=<DivBackward0>)
Memory status after this epoch: 
Memory allocated:  229.5185546875
Memory cached:  302.0
	 epoch  80 training error:  tensor(0.2077, device='cuda:0', grad_fn=<DivBackward0>)
Memory status after this epoch: 
Memory allocated:  229.5185546875
Memory cached:  302.0
	 epoch  90 training error:  tensor(0.2035, device='cuda:0', grad_fn=<DivBackward0>)
Memory status after this epoch: 
Memory allocated:  229.5185546875
Memory cached:  302.0
