[I 2024-01-03 15:58:13,268] Trial 32 finished with value: 0.09931329637765884 and parameters: {'W_layers': 2, 'W_layer_units_exponent_0': 7, 'W_layer_units_exponent_1': 5, 'D_layers': 5, 'D_layer_units_exponent_0': 8, 'D_layer_units_exponent_1': 10, 'D_layer_units_exponent_2': 7, 'D_layer_units_exponent_3': 7, 'D_layer_units_exponent_4': 9, 'D_dagger_layers': 8, 'D_dagger_layer_units_exponent_0': 10, 'D_dagger_layer_units_exponent_1': 7, 'D_dagger_layer_units_exponent_2': 10, 'D_dagger_layer_units_exponent_3': 5, 'D_dagger_layer_units_exponent_4': 8, 'D_dagger_layer_units_exponent_5': 6, 'D_dagger_layer_units_exponent_6': 4, 'D_dagger_layer_units_exponent_7': 9, 'log_learning_rate': -3.9876310294758834, 'log_learning_rate_D': -3.407760625330593, 'log_learning_rate_D_dagger': -2.819493606169168, 'training_batch_size': 11, 'training_p': 4}. Best is trial 17 with value: 0.08524450659751892.
Time for this trial:  209.26714634895325
Memory status after this trial: 
Memory allocated:  513.8818359375
Memory cached:  538.0
--------------------  Trial  33   --------------------
Start timing: 
Parameters: 
{'W_layers': 3, 'W_layer_units_exponent_0': 9, 'W_layer_units_exponent_1': 6, 'W_layer_units_exponent_2': 6, 'D_layers': 6, 'D_layer_units_exponent_0': 7, 'D_layer_units_exponent_1': 10, 'D_layer_units_exponent_2': 8, 'D_layer_units_exponent_3': 6, 'D_layer_units_exponent_4': 10, 'D_layer_units_exponent_5': 9, 'D_dagger_layers': 8, 'D_dagger_layer_units_exponent_0': 9, 'D_dagger_layer_units_exponent_1': 8, 'D_dagger_layer_units_exponent_2': 9, 'D_dagger_layer_units_exponent_3': 6, 'D_dagger_layer_units_exponent_4': 8, 'D_dagger_layer_units_exponent_5': 5, 'D_dagger_layer_units_exponent_6': 6, 'D_dagger_layer_units_exponent_7': 7, 'log_learning_rate': -3.7255788163162853, 'log_learning_rate_D': -3.7209975677721734, 'log_learning_rate_D_dagger': -3.1209110770218826, 'training_batch_size': 11, 'training_p': 4}
	 epoch  0 training error:  tensor(1.1928, device='cuda:0', grad_fn=<DivBackward0>)
Memory status after this epoch: 
Memory allocated:  256.13818359375
Memory cached:  434.0
	 epoch  10 training error:  tensor(0.4594, device='cuda:0', grad_fn=<DivBackward0>)
Memory status after this epoch: 
Memory allocated:  256.13818359375
Memory cached:  442.0
	 epoch  20 training error:  tensor(0.2816, device='cuda:0', grad_fn=<DivBackward0>)
Memory status after this epoch: 
Memory allocated:  256.13818359375
Memory cached:  434.0
	 epoch  30 training error:  tensor(0.1723, device='cuda:0', grad_fn=<DivBackward0>)
Memory status after this epoch: 
Memory allocated:  256.13818359375
Memory cached:  436.0
	 epoch  40 training error:  tensor(0.1282, device='cuda:0', grad_fn=<DivBackward0>)
Memory status after this epoch: 
Memory allocated:  256.13818359375
Memory cached:  440.0
	 epoch  50 training error:  tensor(0.1103, device='cuda:0', grad_fn=<DivBackward0>)
Memory status after this epoch: 
Memory allocated:  256.13818359375
Memory cached:  434.0
	 epoch  60 training error:  tensor(0.1116, device='cuda:0', grad_fn=<DivBackward0>)
Memory status after this epoch: 
Memory allocated:  256.13818359375
Memory cached:  440.0
	 epoch  70 training error:  tensor(0.1163, device='cuda:0', grad_fn=<DivBackward0>)
Memory status after this epoch: 
Memory allocated:  256.13818359375
Memory cached:  438.0
	 epoch  80 training error:  tensor(0.1073, device='cuda:0', grad_fn=<DivBackward0>)
Memory status after this epoch: 
Memory allocated:  256.13818359375
Memory cached:  436.0
	 epoch  90 training error:  tensor(0.1051, device='cuda:0', grad_fn=<DivBackward0>)
Memory status after this epoch: 
Memory allocated:  256.13818359375
Memory cached:  436.0
[I 2024-01-03 16:02:00,555] Trial 33 finished with value: 0.08831498771905899 and parameters: {'W_layers': 3, 'W_layer_units_exponent_0': 9, 'W_layer_units_exponent_1': 6, 'W_layer_units_exponent_2': 6, 'D_layers': 6, 'D_layer_units_exponent_0': 7, 'D_layer_units_exponent_1': 10, 'D_layer_units_exponent_2': 8, 'D_layer_units_exponent_3': 6, 'D_layer_units_exponent_4': 10, 'D_layer_units_exponent_5': 9, 'D_dagger_layers': 8, 'D_dagger_layer_units_exponent_0': 9, 'D_dagger_layer_units_exponent_1': 8, 'D_dagger_layer_units_exponent_2': 9, 'D_dagger_layer_units_exponent_3': 6, 'D_dagger_layer_units_exponent_4': 8, 'D_dagger_layer_units_exponent_5': 5, 'D_dagger_layer_units_exponent_6': 6, 'D_dagger_layer_units_exponent_7': 7, 'log_learning_rate': -3.7255788163162853, 'log_learning_rate_D': -3.7209975677721734, 'log_learning_rate_D_dagger': -3.1209110770218826, 'training_batch_size': 11, 'training_p': 4}. Best is trial 17 with value: 0.08524450659751892.
Time for this trial:  226.86252117156982
Memory status after this trial: 
Memory allocated:  531.228515625
Memory cached:  550.0
--------------------  Trial  34   --------------------
Start timing: 
Parameters: 
{'W_layers': 2, 'W_layer_units_exponent_0': 9, 'W_layer_units_exponent_1': 4, 'D_layers': 4, 'D_layer_units_exponent_0': 9, 'D_layer_units_exponent_1': 9, 'D_layer_units_exponent_2': 6, 'D_layer_units_exponent_3': 8, 'D_dagger_layers': 7, 'D_dagger_layer_units_exponent_0': 10, 'D_dagger_layer_units_exponent_1': 7, 'D_dagger_layer_units_exponent_2': 10, 'D_dagger_layer_units_exponent_3': 5, 'D_dagger_layer_units_exponent_4': 7, 'D_dagger_layer_units_exponent_5': 5, 'D_dagger_layer_units_exponent_6': 4, 'log_learning_rate': -4.292005091159439, 'log_learning_rate_D': -3.1902530283580157, 'log_learning_rate_D_dagger': -3.6146153174153426, 'training_batch_size': 12, 'training_p': 6}
	 epoch  0 training error:  tensor(0.7551, device='cuda:0', grad_fn=<DivBackward0>)
Memory status after this epoch: 
Memory allocated:  244.84326171875
Memory cached:  452.0
	 epoch  10 training error:  tensor(0.3762, device='cuda:0', grad_fn=<DivBackward0>)
Memory status after this epoch: 
Memory allocated:  244.84326171875
Memory cached:  504.0
	 epoch  20 training error:  tensor(0.2567, device='cuda:0', grad_fn=<DivBackward0>)
Memory status after this epoch: 
Memory allocated:  244.84326171875
Memory cached:  514.0
	 epoch  30 training error:  tensor(0.1735, device='cuda:0', grad_fn=<DivBackward0>)
Memory status after this epoch: 
Memory allocated:  244.84326171875
Memory cached:  510.0
	 epoch  40 training error:  tensor(0.1284, device='cuda:0', grad_fn=<DivBackward0>)
Memory status after this epoch: 
Memory allocated:  244.84326171875
Memory cached:  510.0
	 epoch  50 training error:  tensor(0.1160, device='cuda:0', grad_fn=<DivBackward0>)
Memory status after this epoch: 
Memory allocated:  244.84326171875
Memory cached:  504.0
	 epoch  60 training error:  tensor(0.1126, device='cuda:0', grad_fn=<DivBackward0>)
Memory status after this epoch: 
Memory allocated:  244.84326171875
Memory cached:  512.0
	 epoch  70 training error:  tensor(0.1106, device='cuda:0', grad_fn=<DivBackward0>)
Memory status after this epoch: 
Memory allocated:  244.84326171875
Memory cached:  514.0
	 epoch  80 training error:  tensor(0.1091, device='cuda:0', grad_fn=<DivBackward0>)
Memory status after this epoch: 
Memory allocated:  244.84326171875
Memory cached:  514.0
	 epoch  90 training error:  tensor(0.1105, device='cuda:0', grad_fn=<DivBackward0>)
Memory status after this epoch: 
Memory allocated:  244.84326171875
Memory cached:  504.0
[I 2024-01-03 16:05:08,046] Trial 34 finished with value: 0.08870624750852585 and parameters: {'W_layers': 2, 'W_layer_units_exponent_0': 9, 'W_layer_units_exponent_1': 4, 'D_layers': 4, 'D_layer_units_exponent_0': 9, 'D_layer_units_exponent_1': 9, 'D_layer_units_exponent_2': 6, 'D_layer_units_exponent_3': 8, 'D_dagger_layers': 7, 'D_dagger_layer_units_exponent_0': 10, 'D_dagger_layer_units_exponent_1': 7, 'D_dagger_layer_units_exponent_2': 10, 'D_dagger_layer_units_exponent_3': 5, 'D_dagger_layer_units_exponent_4': 7, 'D_dagger_layer_units_exponent_5': 5, 'D_dagger_layer_units_exponent_6': 4, 'log_learning_rate': -4.292005091159439, 'log_learning_rate_D': -3.1902530283580157, 'log_learning_rate_D_dagger': -3.6146153174153426, 'training_batch_size': 12, 'training_p': 6}. Best is trial 17 with value: 0.08524450659751892.
Time for this trial:  187.07680797576904
Memory status after this trial: 
Memory allocated:  464.9755859375
Memory cached:  486.0
--------------------  Trial  35   --------------------
Start timing: 
Parameters: 
{'W_layers': 4, 'W_layer_units_exponent_0': 7, 'W_layer_units_exponent_1': 5, 'W_layer_units_exponent_2': 4, 'W_layer_units_exponent_3': 9, 'D_layers': 5, 'D_layer_units_exponent_0': 8, 'D_layer_units_exponent_1': 8, 'D_layer_units_exponent_2': 7, 'D_layer_units_exponent_3': 8, 'D_layer_units_exponent_4': 7, 'D_dagger_layers': 3, 'D_dagger_layer_units_exponent_0': 10, 'D_dagger_layer_units_exponent_1': 6, 'D_dagger_layer_units_exponent_2': 9, 'log_learning_rate': -4.105322672527286, 'log_learning_rate_D': -4.11341464189601, 'log_learning_rate_D_dagger': -3.9065700148120337, 'training_batch_size': 10, 'training_p': 5}
	 epoch  0 training error:  tensor(1.0902, device='cuda:0', grad_fn=<DivBackward0>)
Memory status after this epoch: 
Memory allocated:  239.50146484375
Memory cached:  460.0
	 epoch  10 training error:  tensor(0.4582, device='cuda:0', grad_fn=<DivBackward0>)
Memory status after this epoch: 
Memory allocated:  239.50146484375
Memory cached:  504.0
	 epoch  20 training error:  tensor(0.2634, device='cuda:0', grad_fn=<DivBackward0>)
Memory status after this epoch: 
Memory allocated:  239.50146484375
Memory cached:  500.0
	 epoch  30 training error:  tensor(0.1846, device='cuda:0', grad_fn=<DivBackward0>)
Memory status after this epoch: 
Memory allocated:  239.50146484375
Memory cached:  492.0
	 epoch  40 training error:  tensor(0.1620, device='cuda:0', grad_fn=<DivBackward0>)
Memory status after this epoch: 
Memory allocated:  239.50146484375
Memory cached:  500.0
	 epoch  50 training error:  tensor(0.1528, device='cuda:0', grad_fn=<DivBackward0>)
Memory status after this epoch: 
Memory allocated:  239.50146484375
Memory cached:  502.0
	 epoch  60 training error:  tensor(0.1475, device='cuda:0', grad_fn=<DivBackward0>)
Memory status after this epoch: 
Memory allocated:  239.50146484375
Memory cached:  508.0
	 epoch  70 training error:  tensor(0.1425, device='cuda:0', grad_fn=<DivBackward0>)
Memory status after this epoch: 
Memory allocated:  239.50146484375
Memory cached:  504.0
	 epoch  80 training error:  tensor(0.1377, device='cuda:0', grad_fn=<DivBackward0>)
Memory status after this epoch: 
Memory allocated:  239.50146484375
Memory cached:  500.0
	 epoch  90 training error:  tensor(0.1321, device='cuda:0', grad_fn=<DivBackward0>)
Memory status after this epoch: 
Memory allocated:  239.50146484375
Memory cached:  500.0
[I 2024-01-03 16:08:01,263] Trial 35 finished with value: 0.09851930290460587 and parameters: {'W_layers': 4, 'W_layer_units_exponent_0': 7, 'W_layer_units_exponent_1': 5, 'W_layer_units_exponent_2': 4, 'W_layer_units_exponent_3': 9, 'D_layers': 5, 'D_layer_units_exponent_0': 8, 'D_layer_units_exponent_1': 8, 'D_layer_units_exponent_2': 7, 'D_layer_units_exponent_3': 8, 'D_layer_units_exponent_4': 7, 'D_dagger_layers': 3, 'D_dagger_layer_units_exponent_0': 10, 'D_dagger_layer_units_exponent_1': 6, 'D_dagger_layer_units_exponent_2': 9, 'log_learning_rate': -4.105322672527286, 'log_learning_rate_D': -4.11341464189601, 'log_learning_rate_D_dagger': -3.9065700148120337, 'training_batch_size': 10, 'training_p': 5}. Best is trial 17 with value: 0.08524450659751892.
Time for this trial:  172.7898941040039
Memory status after this trial: 
Memory allocated:  405.3369140625
Memory cached:  472.0
--------------------  Trial  36   --------------------
Start timing: 
Parameters: 
{'W_layers': 8, 'W_layer_units_exponent_0': 5, 'W_layer_units_exponent_1': 5, 'W_layer_units_exponent_2': 8, 'W_layer_units_exponent_3': 5, 'W_layer_units_exponent_4': 4, 'W_layer_units_exponent_5': 6, 'W_layer_units_exponent_6': 10, 'W_layer_units_exponent_7': 4, 'D_layers': 6, 'D_layer_units_exponent_0': 6, 'D_layer_units_exponent_1': 9, 'D_layer_units_exponent_2': 8, 'D_layer_units_exponent_3': 7, 'D_layer_units_exponent_4': 9, 'D_layer_units_exponent_5': 7, 'D_dagger_layers': 4, 'D_dagger_layer_units_exponent_0': 4, 'D_dagger_layer_units_exponent_1': 7, 'D_dagger_layer_units_exponent_2': 10, 'D_dagger_layer_units_exponent_3': 6, 'log_learning_rate': -3.7538353808404668, 'log_learning_rate_D': -4.993893678613345, 'log_learning_rate_D_dagger': -3.3129960099611173, 'training_batch_size': 9, 'training_p': 7}
	 epoch  0 training error:  tensor(0.9676, device='cuda:0', grad_fn=<DivBackward0>)
Memory status after this epoch: 
Memory allocated:  244.80029296875
Memory cached:  466.0
	 epoch  10 training error:  tensor(0.2213, device='cuda:0', grad_fn=<DivBackward0>)
Memory status after this epoch: 
Memory allocated:  244.80029296875
Memory cached:  514.0
	 epoch  20 training error:  tensor(0.1943, device='cuda:0', grad_fn=<DivBackward0>)
Memory status after this epoch: 
Memory allocated:  244.80029296875
Memory cached:  526.0
	 epoch  30 training error:  tensor(0.1819, device='cuda:0', grad_fn=<DivBackward0>)
Memory status after this epoch: 
Memory allocated:  244.80029296875
Memory cached:  508.0
	 epoch  40 training error:  tensor(0.1624, device='cuda:0', grad_fn=<DivBackward0>)
Memory status after this epoch: 
Memory allocated:  244.80029296875
Memory cached:  516.0
	 epoch  50 training error:  tensor(0.1510, device='cuda:0', grad_fn=<DivBackward0>)
Memory status after this epoch: 
Memory allocated:  244.80029296875
Memory cached:  518.0
	 epoch  60 training error:  tensor(0.1443, device='cuda:0', grad_fn=<DivBackward0>)
Memory status after this epoch: 
Memory allocated:  244.80029296875
Memory cached:  514.0
	 epoch  70 training error:  tensor(0.1365, device='cuda:0', grad_fn=<DivBackward0>)
Memory status after this epoch: 
Memory allocated:  244.80029296875
Memory cached:  504.0
	 epoch  80 training error:  tensor(0.1293, device='cuda:0', grad_fn=<DivBackward0>)
Memory status after this epoch: 
Memory allocated:  244.80029296875
Memory cached:  508.0
	 epoch  90 training error:  tensor(0.1259, device='cuda:0', grad_fn=<DivBackward0>)
Memory status after this epoch: 
Memory allocated:  244.80029296875
Memory cached:  506.0
[I 2024-01-03 16:11:47,091] Trial 36 finished with value: 0.09354887902736664 and parameters: {'W_layers': 8, 'W_layer_units_exponent_0': 5, 'W_layer_units_exponent_1': 5, 'W_layer_units_exponent_2': 8, 'W_layer_units_exponent_3': 5, 'W_layer_units_exponent_4': 4, 'W_layer_units_exponent_5': 6, 'W_layer_units_exponent_6': 10, 'W_layer_units_exponent_7': 4, 'D_layers': 6, 'D_layer_units_exponent_0': 6, 'D_layer_units_exponent_1': 9, 'D_layer_units_exponent_2': 8, 'D_layer_units_exponent_3': 7, 'D_layer_units_exponent_4': 9, 'D_layer_units_exponent_5': 7, 'D_dagger_layers': 4, 'D_dagger_layer_units_exponent_0': 4, 'D_dagger_layer_units_exponent_1': 7, 'D_dagger_layer_units_exponent_2': 10, 'D_dagger_layer_units_exponent_3': 6, 'log_learning_rate': -3.7538353808404668, 'log_learning_rate_D': -4.993893678613345, 'log_learning_rate_D_dagger': -3.3129960099611173, 'training_batch_size': 9, 'training_p': 7}. Best is trial 17 with value: 0.08524450659751892.
Time for this trial:  225.44089007377625
Memory status after this trial: 
Memory allocated:  468.1767578125
Memory cached:  490.0
--------------------  Trial  37   --------------------
Start timing: 
Parameters: 
{'W_layers': 7, 'W_layer_units_exponent_0': 8, 'W_layer_units_exponent_1': 7, 'W_layer_units_exponent_2': 7, 'W_layer_units_exponent_3': 10, 'W_layer_units_exponent_4': 9, 'W_layer_units_exponent_5': 4, 'W_layer_units_exponent_6': 5, 'D_layers': 5, 'D_layer_units_exponent_0': 5, 'D_layer_units_exponent_1': 5, 'D_layer_units_exponent_2': 8, 'D_layer_units_exponent_3': 9, 'D_layer_units_exponent_4': 8, 'D_dagger_layers': 7, 'D_dagger_layer_units_exponent_0': 9, 'D_dagger_layer_units_exponent_1': 5, 'D_dagger_layer_units_exponent_2': 9, 'D_dagger_layer_units_exponent_3': 4, 'D_dagger_layer_units_exponent_4': 9, 'D_dagger_layer_units_exponent_5': 7, 'D_dagger_layer_units_exponent_6': 6, 'log_learning_rate': -3.388040601619167, 'log_learning_rate_D': -4.352252363835617, 'log_learning_rate_D_dagger': -4.0296274431008765, 'training_batch_size': 9, 'training_p': 5}
	 epoch  0 training error:  tensor(0.9996, device='cuda:0', grad_fn=<DivBackward0>)
Memory status after this epoch: 
Memory allocated:  252.17529296875
Memory cached:  466.0
	 epoch  10 training error:  tensor(0.6278, device='cuda:0', grad_fn=<DivBackward0>)
Memory status after this epoch: 
Memory allocated:  252.17529296875
Memory cached:  516.0
	 epoch  20 training error:  tensor(0.4424, device='cuda:0', grad_fn=<DivBackward0>)
Memory status after this epoch: 
Memory allocated:  252.17529296875
Memory cached:  522.0
	 epoch  30 training error:  tensor(0.2570, device='cuda:0', grad_fn=<DivBackward0>)
Memory status after this epoch: 
Memory allocated:  252.17529296875
Memory cached:  526.0
	 epoch  40 training error:  tensor(0.2028, device='cuda:0', grad_fn=<DivBackward0>)
Memory status after this epoch: 
Memory allocated:  252.17529296875
Memory cached:  528.0
	 epoch  50 training error:  tensor(0.1881, device='cuda:0', grad_fn=<DivBackward0>)
Memory status after this epoch: 
Memory allocated:  252.17529296875
Memory cached:  522.0
	 epoch  60 training error:  tensor(0.1728, device='cuda:0', grad_fn=<DivBackward0>)
Memory status after this epoch: 
Memory allocated:  252.17529296875
Memory cached:  528.0
	 epoch  70 training error:  tensor(0.1634, device='cuda:0', grad_fn=<DivBackward0>)
Memory status after this epoch: 
Memory allocated:  252.17529296875
Memory cached:  526.0
	 epoch  80 training error:  tensor(0.1554, device='cuda:0', grad_fn=<DivBackward0>)
Memory status after this epoch: 
Memory allocated:  252.17529296875
Memory cached:  528.0
	 epoch  90 training error:  tensor(0.1482, device='cuda:0', grad_fn=<DivBackward0>)
Memory status after this epoch: 
Memory allocated:  252.17529296875
Memory cached:  520.0
[I 2024-01-03 16:15:42,960] Trial 37 finished with value: 0.11173752695322037 and parameters: {'W_layers': 7, 'W_layer_units_exponent_0': 8, 'W_layer_units_exponent_1': 7, 'W_layer_units_exponent_2': 7, 'W_layer_units_exponent_3': 10, 'W_layer_units_exponent_4': 9, 'W_layer_units_exponent_5': 4, 'W_layer_units_exponent_6': 5, 'D_layers': 5, 'D_layer_units_exponent_0': 5, 'D_layer_units_exponent_1': 5, 'D_layer_units_exponent_2': 8, 'D_layer_units_exponent_3': 9, 'D_layer_units_exponent_4': 8, 'D_dagger_layers': 7, 'D_dagger_layer_units_exponent_0': 9, 'D_dagger_layer_units_exponent_1': 5, 'D_dagger_layer_units_exponent_2': 9, 'D_dagger_layer_units_exponent_3': 4, 'D_dagger_layer_units_exponent_4': 9, 'D_dagger_layer_units_exponent_5': 7, 'D_dagger_layer_units_exponent_6': 6, 'log_learning_rate': -3.388040601619167, 'log_learning_rate_D': -4.352252363835617, 'log_learning_rate_D_dagger': -4.0296274431008765, 'training_batch_size': 9, 'training_p': 5}. Best is trial 17 with value: 0.08524450659751892.
Time for this trial:  235.36451697349548
Memory status after this trial: 
Memory allocated:  505.9365234375
Memory cached:  524.0
--------------------  Trial  38   --------------------
Start timing: 
Parameters: 
{'W_layers': 3, 'W_layer_units_exponent_0': 10, 'W_layer_units_exponent_1': 4, 'W_layer_units_exponent_2': 10, 'D_layers': 7, 'D_layer_units_exponent_0': 7, 'D_layer_units_exponent_1': 10, 'D_layer_units_exponent_2': 5, 'D_layer_units_exponent_3': 9, 'D_layer_units_exponent_4': 7, 'D_layer_units_exponent_5': 9, 'D_layer_units_exponent_6': 6, 'D_dagger_layers': 8, 'D_dagger_layer_units_exponent_0': 9, 'D_dagger_layer_units_exponent_1': 8, 'D_dagger_layer_units_exponent_2': 8, 'D_dagger_layer_units_exponent_3': 5, 'D_dagger_layer_units_exponent_4': 6, 'D_dagger_layer_units_exponent_5': 4, 'D_dagger_layer_units_exponent_6': 5, 'D_dagger_layer_units_exponent_7': 8, 'log_learning_rate': -4.657541610571324, 'log_learning_rate_D': -4.689488248028217, 'log_learning_rate_D_dagger': -2.8508906323870002, 'training_batch_size': 11, 'training_p': 3}
	 epoch  0 training error:  tensor(1.1113, device='cuda:0', grad_fn=<DivBackward0>)
Memory status after this epoch: 
Memory allocated:  244.37646484375
Memory cached:  458.0
	 epoch  10 training error:  tensor(0.2521, device='cuda:0', grad_fn=<DivBackward0>)
Memory status after this epoch: 
Memory allocated:  244.37646484375
Memory cached:  516.0
	 epoch  20 training error:  tensor(0.2159, device='cuda:0', grad_fn=<DivBackward0>)
Memory status after this epoch: 
Memory allocated:  244.37646484375
Memory cached:  520.0
	 epoch  30 training error:  tensor(0.1459, device='cuda:0', grad_fn=<DivBackward0>)
Memory status after this epoch: 
Memory allocated:  244.37646484375
Memory cached:  522.0
	 epoch  40 training error:  tensor(0.1150, device='cuda:0', grad_fn=<DivBackward0>)
Memory status after this epoch: 
Memory allocated:  244.37646484375
Memory cached:  520.0
	 epoch  50 training error:  tensor(0.1013, device='cuda:0', grad_fn=<DivBackward0>)
Memory status after this epoch: 
Memory allocated:  244.37646484375
Memory cached:  522.0
	 epoch  60 training error:  tensor(0.1008, device='cuda:0', grad_fn=<DivBackward0>)
Memory status after this epoch: 
Memory allocated:  244.37646484375
Memory cached:  526.0
	 epoch  70 training error:  tensor(0.0984, device='cuda:0', grad_fn=<DivBackward0>)
Memory status after this epoch: 
Memory allocated:  244.37646484375
Memory cached:  522.0
	 epoch  80 training error:  tensor(0.0957, device='cuda:0', grad_fn=<DivBackward0>)
Memory status after this epoch: 
Memory allocated:  244.37646484375
Memory cached:  524.0
	 epoch  90 training error:  tensor(0.0940, device='cuda:0', grad_fn=<DivBackward0>)
Memory status after this epoch: 
Memory allocated:  244.37646484375
Memory cached:  522.0
