[I 2023-12-04 01:11:29,889] Trial 21 finished with value: 0.010489757172763348 and parameters: {'W_layers': 2, 'W_layer_units_exponent_0': 7, 'W_layer_units_exponent_1': 8, 'D_layers': 7, 'D_layer_units_exponent_0': 8, 'D_layer_units_exponent_1': 7, 'D_layer_units_exponent_2': 10, 'D_layer_units_exponent_3': 9, 'D_layer_units_exponent_4': 7, 'D_layer_units_exponent_5': 10, 'D_layer_units_exponent_6': 10, 'log_learning_rate': -2.7910143554576035, 'log_learning_rate_D': -3.5833872642619635, 'training_batch_size': 6, 'training_p': 6}. Best is trial 21 with value: 0.010489757172763348.
res:  tensor(0.0105, device='cuda:0', grad_fn=<DivBackward0>)
self.bestValue:  tensor(0.0115, device='cuda:0', grad_fn=<DivBackward0>)
Save this model!
Time for this trial:  71.08236002922058
Memory status after this trial: 
Memory allocated:  116.81103515625
Memory cached:  184.0
--------------------  Trial  22   --------------------
Start timing: 
Parameters: 
{'W_layers': 8, 'W_layer_units_exponent_0': 7, 'W_layer_units_exponent_1': 8, 'W_layer_units_exponent_2': 7, 'W_layer_units_exponent_3': 7, 'W_layer_units_exponent_4': 9, 'W_layer_units_exponent_5': 6, 'W_layer_units_exponent_6': 8, 'W_layer_units_exponent_7': 6, 'D_layers': 6, 'D_layer_units_exponent_0': 4, 'D_layer_units_exponent_1': 7, 'D_layer_units_exponent_2': 10, 'D_layer_units_exponent_3': 9, 'D_layer_units_exponent_4': 7, 'D_layer_units_exponent_5': 10, 'log_learning_rate': -2.6666833266859626, 'log_learning_rate_D': -1.0010641866232626, 'training_batch_size': 6, 'training_p': 5}
	 epoch  0 training error:  tensor(0.9538, device='cuda:0', grad_fn=<DivBackward0>)
Memory status after this epoch: 
Memory allocated:  133.2509765625
Memory cached:  186.0
[W 2023-12-04 01:11:32,233] Trial 22 failed with parameters: {'W_layers': 8, 'W_layer_units_exponent_0': 7, 'W_layer_units_exponent_1': 8, 'W_layer_units_exponent_2': 7, 'W_layer_units_exponent_3': 7, 'W_layer_units_exponent_4': 9, 'W_layer_units_exponent_5': 6, 'W_layer_units_exponent_6': 8, 'W_layer_units_exponent_7': 6, 'D_layers': 6, 'D_layer_units_exponent_0': 4, 'D_layer_units_exponent_1': 7, 'D_layer_units_exponent_2': 10, 'D_layer_units_exponent_3': 9, 'D_layer_units_exponent_4': 7, 'D_layer_units_exponent_5': 10, 'log_learning_rate': -2.6666833266859626, 'log_learning_rate_D': -1.0010641866232626, 'training_batch_size': 6, 'training_p': 5} because of the following error: The value nan is not acceptable.
[W 2023-12-04 01:11:32,234] Trial 22 failed with value tensor(nan, device='cuda:0', grad_fn=<DivBackward0>).
Time for this trial:  2.1499273777008057
Memory status after this trial: 
Memory allocated:  224.5498046875
Memory cached:  254.0
--------------------  Trial  23   --------------------
Start timing: 
Parameters: 
{'W_layers': 8, 'W_layer_units_exponent_0': 7, 'W_layer_units_exponent_1': 10, 'W_layer_units_exponent_2': 7, 'W_layer_units_exponent_3': 7, 'W_layer_units_exponent_4': 9, 'W_layer_units_exponent_5': 6, 'W_layer_units_exponent_6': 8, 'W_layer_units_exponent_7': 9, 'D_layers': 6, 'D_layer_units_exponent_0': 4, 'D_layer_units_exponent_1': 7, 'D_layer_units_exponent_2': 10, 'D_layer_units_exponent_3': 9, 'D_layer_units_exponent_4': 7, 'D_layer_units_exponent_5': 10, 'log_learning_rate': -2.506857138102358, 'log_learning_rate_D': -1.193447963181613, 'training_batch_size': 6, 'training_p': 5}
	 epoch  0 training error:  tensor(0.9166, device='cuda:0', grad_fn=<DivBackward0>)
Memory status after this epoch: 
Memory allocated:  138.0244140625
Memory cached:  186.0
[W 2023-12-04 01:11:34,574] Trial 23 failed with parameters: {'W_layers': 8, 'W_layer_units_exponent_0': 7, 'W_layer_units_exponent_1': 10, 'W_layer_units_exponent_2': 7, 'W_layer_units_exponent_3': 7, 'W_layer_units_exponent_4': 9, 'W_layer_units_exponent_5': 6, 'W_layer_units_exponent_6': 8, 'W_layer_units_exponent_7': 9, 'D_layers': 6, 'D_layer_units_exponent_0': 4, 'D_layer_units_exponent_1': 7, 'D_layer_units_exponent_2': 10, 'D_layer_units_exponent_3': 9, 'D_layer_units_exponent_4': 7, 'D_layer_units_exponent_5': 10, 'log_learning_rate': -2.506857138102358, 'log_learning_rate_D': -1.193447963181613, 'training_batch_size': 6, 'training_p': 5} because of the following error: The value nan is not acceptable.
[W 2023-12-04 01:11:34,575] Trial 23 failed with value tensor(nan, device='cuda:0', grad_fn=<DivBackward0>).
Time for this trial:  2.1212410926818848
Memory status after this trial: 
Memory allocated:  254.7685546875
Memory cached:  286.0
--------------------  Trial  24   --------------------
Start timing: 
Parameters: 
{'W_layers': 8, 'W_layer_units_exponent_0': 7, 'W_layer_units_exponent_1': 10, 'W_layer_units_exponent_2': 7, 'W_layer_units_exponent_3': 7, 'W_layer_units_exponent_4': 9, 'W_layer_units_exponent_5': 6, 'W_layer_units_exponent_6': 8, 'W_layer_units_exponent_7': 9, 'D_layers': 6, 'D_layer_units_exponent_0': 4, 'D_layer_units_exponent_1': 7, 'D_layer_units_exponent_2': 10, 'D_layer_units_exponent_3': 9, 'D_layer_units_exponent_4': 7, 'D_layer_units_exponent_5': 10, 'log_learning_rate': -2.6650730822145032, 'log_learning_rate_D': -1.107136531468658, 'training_batch_size': 6, 'training_p': 5}
	 epoch  0 training error:  tensor(0.9245, device='cuda:0', grad_fn=<DivBackward0>)
Memory status after this epoch: 
Memory allocated:  138.0244140625
Memory cached:  186.0
[W 2023-12-04 01:11:36,870] Trial 24 failed with parameters: {'W_layers': 8, 'W_layer_units_exponent_0': 7, 'W_layer_units_exponent_1': 10, 'W_layer_units_exponent_2': 7, 'W_layer_units_exponent_3': 7, 'W_layer_units_exponent_4': 9, 'W_layer_units_exponent_5': 6, 'W_layer_units_exponent_6': 8, 'W_layer_units_exponent_7': 9, 'D_layers': 6, 'D_layer_units_exponent_0': 4, 'D_layer_units_exponent_1': 7, 'D_layer_units_exponent_2': 10, 'D_layer_units_exponent_3': 9, 'D_layer_units_exponent_4': 7, 'D_layer_units_exponent_5': 10, 'log_learning_rate': -2.6650730822145032, 'log_learning_rate_D': -1.107136531468658, 'training_batch_size': 6, 'training_p': 5} because of the following error: The value nan is not acceptable.
[W 2023-12-04 01:11:36,872] Trial 24 failed with value tensor(nan, device='cuda:0', grad_fn=<DivBackward0>).
Time for this trial:  2.0645885467529297
Memory status after this trial: 
Memory allocated:  254.7685546875
Memory cached:  286.0
--------------------  Trial  25   --------------------
Start timing: 
Parameters: 
{'W_layers': 8, 'W_layer_units_exponent_0': 7, 'W_layer_units_exponent_1': 10, 'W_layer_units_exponent_2': 7, 'W_layer_units_exponent_3': 7, 'W_layer_units_exponent_4': 9, 'W_layer_units_exponent_5': 6, 'W_layer_units_exponent_6': 8, 'W_layer_units_exponent_7': 5, 'D_layers': 6, 'D_layer_units_exponent_0': 4, 'D_layer_units_exponent_1': 7, 'D_layer_units_exponent_2': 10, 'D_layer_units_exponent_3': 9, 'D_layer_units_exponent_4': 7, 'D_layer_units_exponent_5': 10, 'log_learning_rate': -2.729931904300838, 'log_learning_rate_D': -3.7838328382894963, 'training_batch_size': 6, 'training_p': 5}
	 epoch  0 training error:  tensor(0.9442, device='cuda:0', grad_fn=<DivBackward0>)
Memory status after this epoch: 
Memory allocated:  136.1376953125
Memory cached:  188.0
	 epoch  10 training error:  tensor(0.1514, device='cuda:0', grad_fn=<DivBackward0>)
Memory status after this epoch: 
Memory allocated:  136.1376953125
Memory cached:  188.0
	 epoch  20 training error:  tensor(0.1460, device='cuda:0', grad_fn=<DivBackward0>)
Memory status after this epoch: 
Memory allocated:  136.1376953125
Memory cached:  188.0
	 epoch  30 training error:  tensor(0.1615, device='cuda:0', grad_fn=<DivBackward0>)
Memory status after this epoch: 
Memory allocated:  136.1376953125
Memory cached:  188.0
	 epoch  40 training error:  tensor(0.1604, device='cuda:0', grad_fn=<DivBackward0>)
Memory status after this epoch: 
Memory allocated:  136.1376953125
Memory cached:  188.0
	 epoch  50 training error:  tensor(0.1080, device='cuda:0', grad_fn=<DivBackward0>)
Memory status after this epoch: 
Memory allocated:  136.1376953125
Memory cached:  188.0
	 epoch  60 training error:  tensor(0.0562, device='cuda:0', grad_fn=<DivBackward0>)
Memory status after this epoch: 
Memory allocated:  136.1376953125
Memory cached:  188.0
	 epoch  70 training error:  tensor(0.0493, device='cuda:0', grad_fn=<DivBackward0>)
Memory status after this epoch: 
Memory allocated:  136.1376953125
Memory cached:  188.0
	 epoch  80 training error:  tensor(0.0347, device='cuda:0', grad_fn=<DivBackward0>)
Memory status after this epoch: 
Memory allocated:  136.1376953125
Memory cached:  188.0
	 epoch  90 training error:  tensor(0.0408, device='cuda:0', grad_fn=<DivBackward0>)
Memory status after this epoch: 
Memory allocated:  136.1376953125
Memory cached:  188.0
[I 2023-12-04 01:13:09,214] Trial 25 finished with value: 0.017070060595870018 and parameters: {'W_layers': 8, 'W_layer_units_exponent_0': 7, 'W_layer_units_exponent_1': 10, 'W_layer_units_exponent_2': 7, 'W_layer_units_exponent_3': 7, 'W_layer_units_exponent_4': 9, 'W_layer_units_exponent_5': 6, 'W_layer_units_exponent_6': 8, 'W_layer_units_exponent_7': 5, 'D_layers': 6, 'D_layer_units_exponent_0': 4, 'D_layer_units_exponent_1': 7, 'D_layer_units_exponent_2': 10, 'D_layer_units_exponent_3': 9, 'D_layer_units_exponent_4': 7, 'D_layer_units_exponent_5': 10, 'log_learning_rate': -2.729931904300838, 'log_learning_rate_D': -3.7838328382894963, 'training_batch_size': 6, 'training_p': 5}. Best is trial 21 with value: 0.010489757172763348.
Time for this trial:  92.12333822250366
Memory status after this trial: 
Memory allocated:  242.8388671875
Memory cached:  274.0
--------------------  Trial  26   --------------------
Start timing: 
Parameters: 
{'W_layers': 3, 'W_layer_units_exponent_0': 7, 'W_layer_units_exponent_1': 8, 'W_layer_units_exponent_2': 6, 'D_layers': 4, 'D_layer_units_exponent_0': 6, 'D_layer_units_exponent_1': 8, 'D_layer_units_exponent_2': 10, 'D_layer_units_exponent_3': 10, 'log_learning_rate': -2.9421540155540358, 'log_learning_rate_D': -1.2370772837879591, 'training_batch_size': 8, 'training_p': 6}
	 epoch  0 training error:  tensor(1.0360, device='cuda:0', grad_fn=<DivBackward0>)
Memory status after this epoch: 
Memory allocated:  137.97265625
Memory cached:  186.0
[W 2023-12-04 01:13:10,798] Trial 26 failed with parameters: {'W_layers': 3, 'W_layer_units_exponent_0': 7, 'W_layer_units_exponent_1': 8, 'W_layer_units_exponent_2': 6, 'D_layers': 4, 'D_layer_units_exponent_0': 6, 'D_layer_units_exponent_1': 8, 'D_layer_units_exponent_2': 10, 'D_layer_units_exponent_3': 10, 'log_learning_rate': -2.9421540155540358, 'log_learning_rate_D': -1.2370772837879591, 'training_batch_size': 8, 'training_p': 6} because of the following error: The value nan is not acceptable.
[W 2023-12-04 01:13:10,799] Trial 26 failed with value tensor(nan, device='cuda:0', grad_fn=<DivBackward0>).
Time for this trial:  1.4251914024353027
Memory status after this trial: 
Memory allocated:  191.40966796875
Memory cached:  216.0
--------------------  Trial  27   --------------------
Start timing: 
Parameters: 
{'W_layers': 3, 'W_layer_units_exponent_0': 7, 'W_layer_units_exponent_1': 8, 'W_layer_units_exponent_2': 8, 'D_layers': 4, 'D_layer_units_exponent_0': 6, 'D_layer_units_exponent_1': 8, 'D_layer_units_exponent_2': 10, 'D_layer_units_exponent_3': 10, 'log_learning_rate': -2.750526792571157, 'log_learning_rate_D': -1.0900770472044599, 'training_batch_size': 8, 'training_p': 6}
	 epoch  0 training error:  tensor(1.0095, device='cuda:0', grad_fn=<DivBackward0>)
Memory status after this epoch: 
Memory allocated:  138.7265625
Memory cached:  186.0
[W 2023-12-04 01:13:12,402] Trial 27 failed with parameters: {'W_layers': 3, 'W_layer_units_exponent_0': 7, 'W_layer_units_exponent_1': 8, 'W_layer_units_exponent_2': 8, 'D_layers': 4, 'D_layer_units_exponent_0': 6, 'D_layer_units_exponent_1': 8, 'D_layer_units_exponent_2': 10, 'D_layer_units_exponent_3': 10, 'log_learning_rate': -2.750526792571157, 'log_learning_rate_D': -1.0900770472044599, 'training_batch_size': 8, 'training_p': 6} because of the following error: The value nan is not acceptable.
[W 2023-12-04 01:13:12,403] Trial 27 failed with value tensor(nan, device='cuda:0', grad_fn=<DivBackward0>).
Time for this trial:  1.434528112411499
Memory status after this trial: 
Memory allocated:  196.18115234375
Memory cached:  220.0
--------------------  Trial  28   --------------------
Start timing: 
Parameters: 
{'W_layers': 3, 'W_layer_units_exponent_0': 7, 'W_layer_units_exponent_1': 8, 'W_layer_units_exponent_2': 8, 'D_layers': 4, 'D_layer_units_exponent_0': 6, 'D_layer_units_exponent_1': 9, 'D_layer_units_exponent_2': 10, 'D_layer_units_exponent_3': 10, 'log_learning_rate': -2.803972289226032, 'log_learning_rate_D': -1.018074507130816, 'training_batch_size': 8, 'training_p': 6}
	 epoch  0 training error:  tensor(1.0461, device='cuda:0', grad_fn=<DivBackward0>)
Memory status after this epoch: 
Memory allocated:  142.98046875
Memory cached:  186.0
[W 2023-12-04 01:13:14,042] Trial 28 failed with parameters: {'W_layers': 3, 'W_layer_units_exponent_0': 7, 'W_layer_units_exponent_1': 8, 'W_layer_units_exponent_2': 8, 'D_layers': 4, 'D_layer_units_exponent_0': 6, 'D_layer_units_exponent_1': 9, 'D_layer_units_exponent_2': 10, 'D_layer_units_exponent_3': 10, 'log_learning_rate': -2.803972289226032, 'log_learning_rate_D': -1.018074507130816, 'training_batch_size': 8, 'training_p': 6} because of the following error: The value nan is not acceptable.
[W 2023-12-04 01:13:14,043] Trial 28 failed with value tensor(nan, device='cuda:0', grad_fn=<DivBackward0>).
Time for this trial:  1.4885334968566895
Memory status after this trial: 
Memory allocated:  204.10888671875
Memory cached:  222.0
--------------------  Trial  29   --------------------
Start timing: 
Parameters: 
{'W_layers': 3, 'W_layer_units_exponent_0': 7, 'W_layer_units_exponent_1': 8, 'W_layer_units_exponent_2': 8, 'D_layers': 4, 'D_layer_units_exponent_0': 6, 'D_layer_units_exponent_1': 8, 'D_layer_units_exponent_2': 10, 'D_layer_units_exponent_3': 10, 'log_learning_rate': -2.7587884820170974, 'log_learning_rate_D': -2.7742129541530547, 'training_batch_size': 8, 'training_p': 6}
	 epoch  0 training error:  tensor(1.0138, device='cuda:0', grad_fn=<DivBackward0>)
Memory status after this epoch: 
Memory allocated:  138.7265625
Memory cached:  186.0
	 epoch  10 training error:  tensor(0.1773, device='cuda:0', grad_fn=<DivBackward0>)
Memory status after this epoch: 
Memory allocated:  138.7265625
Memory cached:  188.0
	 epoch  20 training error:  tensor(0.1056, device='cuda:0', grad_fn=<DivBackward0>)
Memory status after this epoch: 
Memory allocated:  138.7265625
Memory cached:  188.0
	 epoch  30 training error:  tensor(0.0669, device='cuda:0', grad_fn=<DivBackward0>)
Memory status after this epoch: 
Memory allocated:  138.7265625
Memory cached:  188.0
	 epoch  40 training error:  tensor(0.0233, device='cuda:0', grad_fn=<DivBackward0>)
Memory status after this epoch: 
Memory allocated:  138.7265625
Memory cached:  188.0
	 epoch  50 training error:  tensor(0.0258, device='cuda:0', grad_fn=<DivBackward0>)
Memory status after this epoch: 
Memory allocated:  138.7265625
Memory cached:  188.0
	 epoch  60 training error:  tensor(0.0641, device='cuda:0', grad_fn=<DivBackward0>)
Memory status after this epoch: 
Memory allocated:  138.7265625
Memory cached:  188.0
	 epoch  70 training error:  tensor(0.0245, device='cuda:0', grad_fn=<DivBackward0>)
Memory status after this epoch: 
Memory allocated:  138.7265625
Memory cached:  188.0
	 epoch  80 training error:  tensor(0.0364, device='cuda:0', grad_fn=<DivBackward0>)
Memory status after this epoch: 
Memory allocated:  138.7265625
Memory cached:  188.0
	 epoch  90 training error:  tensor(0.0284, device='cuda:0', grad_fn=<DivBackward0>)
Memory status after this epoch: 
Memory allocated:  138.7265625
Memory cached:  188.0
[I 2023-12-04 01:13:55,618] Trial 29 finished with value: 0.02702660672366619 and parameters: {'W_layers': 3, 'W_layer_units_exponent_0': 7, 'W_layer_units_exponent_1': 8, 'W_layer_units_exponent_2': 8, 'D_layers': 4, 'D_layer_units_exponent_0': 6, 'D_layer_units_exponent_1': 8, 'D_layer_units_exponent_2': 10, 'D_layer_units_exponent_3': 10, 'log_learning_rate': -2.7587884820170974, 'log_learning_rate_D': -2.7742129541530547, 'training_batch_size': 8, 'training_p': 6}. Best is trial 21 with value: 0.010489757172763348.
Time for this trial:  41.40900683403015
Memory status after this trial: 
Memory allocated:  196.18115234375
Memory cached:  220.0
--------------------  Trial  30   --------------------
Start timing: 
Parameters: 
{'W_layers': 2, 'W_layer_units_exponent_0': 6, 'W_layer_units_exponent_1': 8, 'D_layers': 6, 'D_layer_units_exponent_0': 8, 'D_layer_units_exponent_1': 8, 'D_layer_units_exponent_2': 6, 'D_layer_units_exponent_3': 8, 'D_layer_units_exponent_4': 7, 'D_layer_units_exponent_5': 5, 'log_learning_rate': -2.375491087077653, 'log_learning_rate_D': -1.0724852308773132, 'training_batch_size': 6, 'training_p': 4}
	 epoch  0 training error:  tensor(0.8901, device='cuda:0', grad_fn=<DivBackward0>)
Memory status after this epoch: 
Memory allocated:  119.1923828125
Memory cached:  184.0
[W 2023-12-04 01:13:57,225] Trial 30 failed with parameters: {'W_layers': 2, 'W_layer_units_exponent_0': 6, 'W_layer_units_exponent_1': 8, 'D_layers': 6, 'D_layer_units_exponent_0': 8, 'D_layer_units_exponent_1': 8, 'D_layer_units_exponent_2': 6, 'D_layer_units_exponent_3': 8, 'D_layer_units_exponent_4': 7, 'D_layer_units_exponent_5': 5, 'log_learning_rate': -2.375491087077653, 'log_learning_rate_D': -1.0724852308773132, 'training_batch_size': 6, 'training_p': 4} because of the following error: The value nan is not acceptable.
[W 2023-12-04 01:13:57,226] Trial 30 failed with value tensor(nan, device='cuda:0', grad_fn=<DivBackward0>).
Time for this trial:  1.4463729858398438
Memory status after this trial: 
Memory allocated:  147.9228515625
Memory cached:  184.0
--------------------  Trial  31   --------------------
Start timing: 
Parameters: 
{'W_layers': 2, 'W_layer_units_exponent_0': 6, 'W_layer_units_exponent_1': 8, 'D_layers': 6, 'D_layer_units_exponent_0': 8, 'D_layer_units_exponent_1': 8, 'D_layer_units_exponent_2': 6, 'D_layer_units_exponent_3': 8, 'D_layer_units_exponent_4': 6, 'D_layer_units_exponent_5': 6, 'log_learning_rate': -2.2776329812924216, 'log_learning_rate_D': -4.894832092760268, 'training_batch_size': 6, 'training_p': 4}
	 epoch  0 training error:  tensor(0.9570, device='cuda:0', grad_fn=<DivBackward0>)
Memory status after this epoch: 
Memory allocated:  118.9443359375
Memory cached:  186.0
	 epoch  10 training error:  tensor(0.1328, device='cuda:0', grad_fn=<DivBackward0>)
Memory status after this epoch: 
Memory allocated:  118.9443359375
Memory cached:  186.0
	 epoch  20 training error:  tensor(0.1254, device='cuda:0', grad_fn=<DivBackward0>)
Memory status after this epoch: 
Memory allocated:  118.9443359375
Memory cached:  186.0
	 epoch  30 training error:  tensor(0.1245, device='cuda:0', grad_fn=<DivBackward0>)
Memory status after this epoch: 
Memory allocated:  118.9443359375
Memory cached:  186.0
	 epoch  40 training error:  tensor(0.1237, device='cuda:0', grad_fn=<DivBackward0>)
Memory status after this epoch: 
Memory allocated:  118.9443359375
Memory cached:  186.0
	 epoch  50 training error:  tensor(0.1219, device='cuda:0', grad_fn=<DivBackward0>)
Memory status after this epoch: 
Memory allocated:  118.9443359375
Memory cached:  186.0
	 epoch  60 training error:  tensor(0.1197, device='cuda:0', grad_fn=<DivBackward0>)
Memory status after this epoch: 
Memory allocated:  118.9443359375
Memory cached:  186.0
	 epoch  70 training error:  tensor(0.1171, device='cuda:0', grad_fn=<DivBackward0>)
Memory status after this epoch: 
Memory allocated:  118.9443359375
Memory cached:  186.0
	 epoch  80 training error:  tensor(0.0976, device='cuda:0', grad_fn=<DivBackward0>)
Memory status after this epoch: 
Memory allocated:  118.9443359375
Memory cached:  186.0
	 epoch  90 training error:  tensor(0.1056, device='cuda:0', grad_fn=<DivBackward0>)
Memory status after this epoch: 
Memory allocated:  118.9443359375
Memory cached:  186.0
