[I 2023-12-03 04:40:18,298] Trial 2 finished with value: 0.13115237653255463 and parameters: {'W_layers': 5, 'W_layer_units_exponent_0': 8, 'W_layer_units_exponent_1': 10, 'W_layer_units_exponent_2': 5, 'W_layer_units_exponent_3': 9, 'W_layer_units_exponent_4': 9, 'D_layers': 7, 'D_layer_units_exponent_0': 4, 'D_layer_units_exponent_1': 4, 'D_layer_units_exponent_2': 4, 'D_layer_units_exponent_3': 8, 'D_layer_units_exponent_4': 10, 'D_layer_units_exponent_5': 5, 'D_layer_units_exponent_6': 10, 'D_dagger_layers': 6, 'D_dagger_layer_units_exponent_0': 7, 'D_dagger_layer_units_exponent_1': 7, 'D_dagger_layer_units_exponent_2': 6, 'D_dagger_layer_units_exponent_3': 5, 'D_dagger_layer_units_exponent_4': 10, 'D_dagger_layer_units_exponent_5': 6, 'log_learning_rate': -4.512466716428412, 'log_learning_rate_D': -3.134907759002372, 'log_learning_rate_D_dagger': -1.0539723359319404, 'training_batch_size': 9, 'training_p': 4}. Best is trial 0 with value: 0.048587024211883545.
Time for this trial:  237.8960063457489
Memory status after this trial: 
Memory allocated:  474.59619140625
Memory cached:  484.0
--------------------  Trial  3   --------------------
Start timing: 
Parameters: 
{'W_layers': 7, 'W_layer_units_exponent_0': 8, 'W_layer_units_exponent_1': 7, 'W_layer_units_exponent_2': 10, 'W_layer_units_exponent_3': 6, 'W_layer_units_exponent_4': 4, 'W_layer_units_exponent_5': 8, 'W_layer_units_exponent_6': 10, 'D_layers': 8, 'D_layer_units_exponent_0': 6, 'D_layer_units_exponent_1': 9, 'D_layer_units_exponent_2': 8, 'D_layer_units_exponent_3': 10, 'D_layer_units_exponent_4': 4, 'D_layer_units_exponent_5': 5, 'D_layer_units_exponent_6': 9, 'D_layer_units_exponent_7': 7, 'D_dagger_layers': 3, 'D_dagger_layer_units_exponent_0': 8, 'D_dagger_layer_units_exponent_1': 4, 'D_dagger_layer_units_exponent_2': 5, 'log_learning_rate': -1.02298630181491, 'log_learning_rate_D': -2.836147315049726, 'log_learning_rate_D_dagger': -4.307786690180125, 'training_batch_size': 10, 'training_p': 8}
	 epoch  0 training error:  tensor(1.0818, device='cuda:0', grad_fn=<DivBackward0>)
Memory status after this epoch: 
Memory allocated:  166.0810546875
Memory cached:  216.0
[W 2023-12-03 04:40:36,205] Trial 3 failed with parameters: {'W_layers': 7, 'W_layer_units_exponent_0': 8, 'W_layer_units_exponent_1': 7, 'W_layer_units_exponent_2': 10, 'W_layer_units_exponent_3': 6, 'W_layer_units_exponent_4': 4, 'W_layer_units_exponent_5': 8, 'W_layer_units_exponent_6': 10, 'D_layers': 8, 'D_layer_units_exponent_0': 6, 'D_layer_units_exponent_1': 9, 'D_layer_units_exponent_2': 8, 'D_layer_units_exponent_3': 10, 'D_layer_units_exponent_4': 4, 'D_layer_units_exponent_5': 5, 'D_layer_units_exponent_6': 9, 'D_layer_units_exponent_7': 7, 'D_dagger_layers': 3, 'D_dagger_layer_units_exponent_0': 8, 'D_dagger_layer_units_exponent_1': 4, 'D_dagger_layer_units_exponent_2': 5, 'log_learning_rate': -1.02298630181491, 'log_learning_rate_D': -2.836147315049726, 'log_learning_rate_D_dagger': -4.307786690180125, 'training_batch_size': 10, 'training_p': 8} because of the following error: The value nan is not acceptable.
[W 2023-12-03 04:40:36,205] Trial 3 failed with value tensor(nan, device='cuda:0', grad_fn=<DivBackward0>).
Time for this trial:  17.716305255889893
Memory status after this trial: 
Memory allocated:  448.52978515625
Memory cached:  458.0
--------------------  Trial  4   --------------------
Start timing: 
Parameters: 
{'W_layers': 2, 'W_layer_units_exponent_0': 4, 'W_layer_units_exponent_1': 7, 'D_layers': 4, 'D_layer_units_exponent_0': 9, 'D_layer_units_exponent_1': 6, 'D_layer_units_exponent_2': 7, 'D_layer_units_exponent_3': 4, 'D_dagger_layers': 7, 'D_dagger_layer_units_exponent_0': 9, 'D_dagger_layer_units_exponent_1': 9, 'D_dagger_layer_units_exponent_2': 9, 'D_dagger_layer_units_exponent_3': 9, 'D_dagger_layer_units_exponent_4': 4, 'D_dagger_layer_units_exponent_5': 9, 'D_dagger_layer_units_exponent_6': 5, 'log_learning_rate': -3.2645248431743137, 'log_learning_rate_D': -3.718877259089141, 'log_learning_rate_D_dagger': -4.8609242408554145, 'training_batch_size': 8, 'training_p': 2}
	 epoch  0 training error:  tensor(0.9592, device='cuda:0', grad_fn=<DivBackward0>)
Memory status after this epoch: 
Memory allocated:  163.6083984375
Memory cached:  194.0
	 epoch  10 training error:  tensor(0.1942, device='cuda:0', grad_fn=<DivBackward0>)
Memory status after this epoch: 
Memory allocated:  163.6083984375
Memory cached:  284.0
	 epoch  20 training error:  tensor(0.1230, device='cuda:0', grad_fn=<DivBackward0>)
Memory status after this epoch: 
Memory allocated:  163.6083984375
Memory cached:  282.0
	 epoch  30 training error:  tensor(0.1264, device='cuda:0', grad_fn=<DivBackward0>)
Memory status after this epoch: 
Memory allocated:  163.6083984375
Memory cached:  276.0
	 epoch  40 training error:  tensor(0.1014, device='cuda:0', grad_fn=<DivBackward0>)
Memory status after this epoch: 
Memory allocated:  163.6083984375
Memory cached:  284.0
	 epoch  50 training error:  tensor(0.0908, device='cuda:0', grad_fn=<DivBackward0>)
Memory status after this epoch: 
Memory allocated:  163.6083984375
Memory cached:  284.0
	 epoch  60 training error:  tensor(0.0802, device='cuda:0', grad_fn=<DivBackward0>)
Memory status after this epoch: 
Memory allocated:  163.6083984375
Memory cached:  282.0
	 epoch  70 training error:  tensor(0.0712, device='cuda:0', grad_fn=<DivBackward0>)
Memory status after this epoch: 
Memory allocated:  163.6083984375
Memory cached:  284.0
	 epoch  80 training error:  tensor(0.0651, device='cuda:0', grad_fn=<DivBackward0>)
Memory status after this epoch: 
Memory allocated:  163.6083984375
Memory cached:  286.0
	 epoch  90 training error:  tensor(0.0606, device='cuda:0', grad_fn=<DivBackward0>)
Memory status after this epoch: 
Memory allocated:  163.6083984375
Memory cached:  276.0
[I 2023-12-03 04:43:38,961] Trial 4 finished with value: 0.06719201058149338 and parameters: {'W_layers': 2, 'W_layer_units_exponent_0': 4, 'W_layer_units_exponent_1': 7, 'D_layers': 4, 'D_layer_units_exponent_0': 9, 'D_layer_units_exponent_1': 6, 'D_layer_units_exponent_2': 7, 'D_layer_units_exponent_3': 4, 'D_dagger_layers': 7, 'D_dagger_layer_units_exponent_0': 9, 'D_dagger_layer_units_exponent_1': 9, 'D_dagger_layer_units_exponent_2': 9, 'D_dagger_layer_units_exponent_3': 9, 'D_dagger_layer_units_exponent_4': 4, 'D_dagger_layer_units_exponent_5': 9, 'D_dagger_layer_units_exponent_6': 5, 'log_learning_rate': -3.2645248431743137, 'log_learning_rate_D': -3.718877259089141, 'log_learning_rate_D_dagger': -4.8609242408554145, 'training_batch_size': 8, 'training_p': 2}. Best is trial 0 with value: 0.048587024211883545.
Time for this trial:  182.60106205940247
Memory status after this trial: 
Memory allocated:  341.42333984375
Memory cached:  350.0
--------------------  Trial  5   --------------------
Start timing: 
Parameters: 
{'W_layers': 7, 'W_layer_units_exponent_0': 4, 'W_layer_units_exponent_1': 10, 'W_layer_units_exponent_2': 7, 'W_layer_units_exponent_3': 6, 'W_layer_units_exponent_4': 10, 'W_layer_units_exponent_5': 8, 'W_layer_units_exponent_6': 4, 'D_layers': 4, 'D_layer_units_exponent_0': 6, 'D_layer_units_exponent_1': 6, 'D_layer_units_exponent_2': 5, 'D_layer_units_exponent_3': 10, 'D_dagger_layers': 6, 'D_dagger_layer_units_exponent_0': 7, 'D_dagger_layer_units_exponent_1': 10, 'D_dagger_layer_units_exponent_2': 5, 'D_dagger_layer_units_exponent_3': 8, 'D_dagger_layer_units_exponent_4': 10, 'D_dagger_layer_units_exponent_5': 6, 'log_learning_rate': -2.2194223814189393, 'log_learning_rate_D': -1.6035205638613692, 'log_learning_rate_D_dagger': -4.036645507855462, 'training_batch_size': 8, 'training_p': 5}
	 epoch  0 training error:  tensor(0.9055, device='cuda:0', grad_fn=<DivBackward0>)
Memory status after this epoch: 
Memory allocated:  166.0791015625
Memory cached:  214.0
	 epoch  10 training error:  tensor(0.4041, device='cuda:0', grad_fn=<DivBackward0>)
Memory status after this epoch: 
Memory allocated:  166.0791015625
Memory cached:  300.0
	 epoch  20 training error:  tensor(0.1285, device='cuda:0', grad_fn=<DivBackward0>)
Memory status after this epoch: 
Memory allocated:  166.0791015625
Memory cached:  306.0
	 epoch  30 training error:  tensor(0.1479, device='cuda:0', grad_fn=<DivBackward0>)
Memory status after this epoch: 
Memory allocated:  166.0791015625
Memory cached:  300.0
	 epoch  40 training error:  tensor(0.1181, device='cuda:0', grad_fn=<DivBackward0>)
Memory status after this epoch: 
Memory allocated:  166.0791015625
Memory cached:  290.0
	 epoch  50 training error:  tensor(0.1109, device='cuda:0', grad_fn=<DivBackward0>)
Memory status after this epoch: 
Memory allocated:  166.0791015625
Memory cached:  296.0
	 epoch  60 training error:  tensor(0.2370, device='cuda:0', grad_fn=<DivBackward0>)
Memory status after this epoch: 
Memory allocated:  166.0791015625
Memory cached:  288.0
	 epoch  70 training error:  tensor(0.1157, device='cuda:0', grad_fn=<DivBackward0>)
Memory status after this epoch: 
Memory allocated:  166.0791015625
Memory cached:  294.0
	 epoch  80 training error:  tensor(0.1041, device='cuda:0', grad_fn=<DivBackward0>)
Memory status after this epoch: 
Memory allocated:  166.0791015625
Memory cached:  292.0
	 epoch  90 training error:  tensor(0.1070, device='cuda:0', grad_fn=<DivBackward0>)
Memory status after this epoch: 
Memory allocated:  166.0791015625
Memory cached:  302.0
[I 2023-12-03 04:47:34,207] Trial 5 finished with value: 0.15464970469474792 and parameters: {'W_layers': 7, 'W_layer_units_exponent_0': 4, 'W_layer_units_exponent_1': 10, 'W_layer_units_exponent_2': 7, 'W_layer_units_exponent_3': 6, 'W_layer_units_exponent_4': 10, 'W_layer_units_exponent_5': 8, 'W_layer_units_exponent_6': 4, 'D_layers': 4, 'D_layer_units_exponent_0': 6, 'D_layer_units_exponent_1': 6, 'D_layer_units_exponent_2': 5, 'D_layer_units_exponent_3': 10, 'D_dagger_layers': 6, 'D_dagger_layer_units_exponent_0': 7, 'D_dagger_layer_units_exponent_1': 10, 'D_dagger_layer_units_exponent_2': 5, 'D_dagger_layer_units_exponent_3': 8, 'D_dagger_layer_units_exponent_4': 10, 'D_dagger_layer_units_exponent_5': 6, 'log_learning_rate': -2.2194223814189393, 'log_learning_rate_D': -1.6035205638613692, 'log_learning_rate_D_dagger': -4.036645507855462, 'training_batch_size': 8, 'training_p': 5}. Best is trial 0 with value: 0.048587024211883545.
Time for this trial:  235.06754398345947
Memory status after this trial: 
Memory allocated:  483.0654296875
Memory cached:  492.0
--------------------  Trial  6   --------------------
Start timing: 
Parameters: 
{'W_layers': 2, 'W_layer_units_exponent_0': 7, 'W_layer_units_exponent_1': 8, 'D_layers': 8, 'D_layer_units_exponent_0': 8, 'D_layer_units_exponent_1': 6, 'D_layer_units_exponent_2': 10, 'D_layer_units_exponent_3': 6, 'D_layer_units_exponent_4': 7, 'D_layer_units_exponent_5': 10, 'D_layer_units_exponent_6': 6, 'D_layer_units_exponent_7': 10, 'D_dagger_layers': 3, 'D_dagger_layer_units_exponent_0': 10, 'D_dagger_layer_units_exponent_1': 6, 'D_dagger_layer_units_exponent_2': 10, 'log_learning_rate': -4.266491713581546, 'log_learning_rate_D': -2.2476945151743326, 'log_learning_rate_D_dagger': -1.3820784878656682, 'training_batch_size': 11, 'training_p': 3}
	 epoch  0 training error:  tensor(2.1414, device='cuda:0', grad_fn=<DivBackward0>)
Memory status after this epoch: 
Memory allocated:  159.3857421875
Memory cached:  190.0
	 epoch  10 training error:  tensor(165.5620, device='cuda:0', grad_fn=<DivBackward0>)
Memory status after this epoch: 
Memory allocated:  159.3857421875
Memory cached:  236.0
	 epoch  20 training error:  tensor(4782.0986, device='cuda:0', grad_fn=<DivBackward0>)
Memory status after this epoch: 
Memory allocated:  159.3857421875
Memory cached:  236.0
	 epoch  30 training error:  tensor(5647.7271, device='cuda:0', grad_fn=<DivBackward0>)
Memory status after this epoch: 
Memory allocated:  159.3857421875
Memory cached:  238.0
	 epoch  40 training error:  tensor(6380.5327, device='cuda:0', grad_fn=<DivBackward0>)
Memory status after this epoch: 
Memory allocated:  159.3857421875
Memory cached:  242.0
	 epoch  50 training error:  tensor(5920.6890, device='cuda:0', grad_fn=<DivBackward0>)
Memory status after this epoch: 
Memory allocated:  159.3857421875
Memory cached:  232.0
	 epoch  60 training error:  tensor(6369.7222, device='cuda:0', grad_fn=<DivBackward0>)
Memory status after this epoch: 
Memory allocated:  159.3857421875
Memory cached:  236.0
	 epoch  70 training error:  tensor(7447.6572, device='cuda:0', grad_fn=<DivBackward0>)
Memory status after this epoch: 
Memory allocated:  159.3857421875
Memory cached:  240.0
	 epoch  80 training error:  tensor(7790.9644, device='cuda:0', grad_fn=<DivBackward0>)
Memory status after this epoch: 
Memory allocated:  159.3857421875
Memory cached:  234.0
	 epoch  90 training error:  tensor(7843.8306, device='cuda:0', grad_fn=<DivBackward0>)
Memory status after this epoch: 
Memory allocated:  159.3857421875
Memory cached:  234.0
[I 2023-12-03 04:51:00,067] Trial 6 finished with value: 7386.8447265625 and parameters: {'W_layers': 2, 'W_layer_units_exponent_0': 7, 'W_layer_units_exponent_1': 8, 'D_layers': 8, 'D_layer_units_exponent_0': 8, 'D_layer_units_exponent_1': 6, 'D_layer_units_exponent_2': 10, 'D_layer_units_exponent_3': 6, 'D_layer_units_exponent_4': 7, 'D_layer_units_exponent_5': 10, 'D_layer_units_exponent_6': 6, 'D_layer_units_exponent_7': 10, 'D_dagger_layers': 3, 'D_dagger_layer_units_exponent_0': 10, 'D_dagger_layer_units_exponent_1': 6, 'D_dagger_layer_units_exponent_2': 10, 'log_learning_rate': -4.266491713581546, 'log_learning_rate_D': -2.2476945151743326, 'log_learning_rate_D_dagger': -1.3820784878656682, 'training_batch_size': 11, 'training_p': 3}. Best is trial 0 with value: 0.048587024211883545.
Time for this trial:  205.6768298149109
Memory status after this trial: 
Memory allocated:  463.80322265625
Memory cached:  470.0
--------------------  Trial  7   --------------------
Start timing: 
Parameters: 
{'W_layers': 4, 'W_layer_units_exponent_0': 9, 'W_layer_units_exponent_1': 8, 'W_layer_units_exponent_2': 10, 'W_layer_units_exponent_3': 9, 'D_layers': 4, 'D_layer_units_exponent_0': 4, 'D_layer_units_exponent_1': 10, 'D_layer_units_exponent_2': 8, 'D_layer_units_exponent_3': 7, 'D_dagger_layers': 3, 'D_dagger_layer_units_exponent_0': 7, 'D_dagger_layer_units_exponent_1': 4, 'D_dagger_layer_units_exponent_2': 9, 'log_learning_rate': -1.3551464513997944, 'log_learning_rate_D': -3.5777939061404203, 'log_learning_rate_D_dagger': -4.299193567139626, 'training_batch_size': 7, 'training_p': 5}
	 epoch  0 training error:  tensor(1.7219, device='cuda:0', grad_fn=<DivBackward0>)
Memory status after this epoch: 
Memory allocated:  169.2958984375
Memory cached:  222.0
	 epoch  10 training error:  tensor(39255.1367, device='cuda:0', grad_fn=<DivBackward0>)
Memory status after this epoch: 
Memory allocated:  169.2958984375
Memory cached:  296.0
	 epoch  20 training error:  tensor(6807.2080, device='cuda:0', grad_fn=<DivBackward0>)
Memory status after this epoch: 
Memory allocated:  169.2958984375
Memory cached:  290.0
	 epoch  30 training error:  tensor(312.5908, device='cuda:0', grad_fn=<DivBackward0>)
Memory status after this epoch: 
Memory allocated:  169.2958984375
Memory cached:  296.0
	 epoch  40 training error:  tensor(22.3821, device='cuda:0', grad_fn=<DivBackward0>)
Memory status after this epoch: 
Memory allocated:  169.2958984375
Memory cached:  304.0
	 epoch  50 training error:  tensor(203.6651, device='cuda:0', grad_fn=<DivBackward0>)
Memory status after this epoch: 
Memory allocated:  169.2958984375
Memory cached:  294.0
	 epoch  60 training error:  tensor(16.9258, device='cuda:0', grad_fn=<DivBackward0>)
Memory status after this epoch: 
Memory allocated:  169.2958984375
Memory cached:  298.0
	 epoch  70 training error:  tensor(155.9308, device='cuda:0', grad_fn=<DivBackward0>)
Memory status after this epoch: 
Memory allocated:  169.2958984375
Memory cached:  300.0
	 epoch  80 training error:  tensor(96.2330, device='cuda:0', grad_fn=<DivBackward0>)
Memory status after this epoch: 
Memory allocated:  169.2958984375
Memory cached:  284.0
	 epoch  90 training error:  tensor(48.8162, device='cuda:0', grad_fn=<DivBackward0>)
Memory status after this epoch: 
Memory allocated:  169.2958984375
Memory cached:  290.0
[I 2023-12-03 04:53:55,972] Trial 7 finished with value: 17.908430099487305 and parameters: {'W_layers': 4, 'W_layer_units_exponent_0': 9, 'W_layer_units_exponent_1': 8, 'W_layer_units_exponent_2': 10, 'W_layer_units_exponent_3': 9, 'D_layers': 4, 'D_layer_units_exponent_0': 4, 'D_layer_units_exponent_1': 10, 'D_layer_units_exponent_2': 8, 'D_layer_units_exponent_3': 7, 'D_dagger_layers': 3, 'D_dagger_layer_units_exponent_0': 7, 'D_dagger_layer_units_exponent_1': 4, 'D_dagger_layer_units_exponent_2': 9, 'log_learning_rate': -1.3551464513997944, 'log_learning_rate_D': -3.5777939061404203, 'log_learning_rate_D_dagger': -4.299193567139626, 'training_batch_size': 7, 'training_p': 5}. Best is trial 0 with value: 0.048587024211883545.
Time for this trial:  175.74389672279358
Memory status after this trial: 
Memory allocated:  385.0126953125
Memory cached:  408.0
--------------------  Trial  8   --------------------
Start timing: 
Parameters: 
{'W_layers': 6, 'W_layer_units_exponent_0': 4, 'W_layer_units_exponent_1': 7, 'W_layer_units_exponent_2': 7, 'W_layer_units_exponent_3': 5, 'W_layer_units_exponent_4': 5, 'W_layer_units_exponent_5': 4, 'D_layers': 7, 'D_layer_units_exponent_0': 6, 'D_layer_units_exponent_1': 6, 'D_layer_units_exponent_2': 6, 'D_layer_units_exponent_3': 5, 'D_layer_units_exponent_4': 8, 'D_layer_units_exponent_5': 10, 'D_layer_units_exponent_6': 6, 'D_dagger_layers': 7, 'D_dagger_layer_units_exponent_0': 7, 'D_dagger_layer_units_exponent_1': 8, 'D_dagger_layer_units_exponent_2': 6, 'D_dagger_layer_units_exponent_3': 6, 'D_dagger_layer_units_exponent_4': 10, 'D_dagger_layer_units_exponent_5': 8, 'D_dagger_layer_units_exponent_6': 6, 'log_learning_rate': -1.2744198886615021, 'log_learning_rate_D': -1.0313247532101943, 'log_learning_rate_D_dagger': -1.9340084896271912, 'training_batch_size': 6, 'training_p': 8}
	 epoch  0 training error:  tensor(1.3440, device='cuda:0', grad_fn=<DivBackward0>)
Memory status after this epoch: 
Memory allocated:  162.111328125
Memory cached:  230.0
	 epoch  10 training error:  tensor(50.4100, device='cuda:0', grad_fn=<DivBackward0>)
Memory status after this epoch: 
Memory allocated:  162.111328125
Memory cached:  296.0
	 epoch  20 training error:  tensor(27.3537, device='cuda:0', grad_fn=<DivBackward0>)
Memory status after this epoch: 
Memory allocated:  162.111328125
Memory cached:  300.0
	 epoch  30 training error:  tensor(15.6815, device='cuda:0', grad_fn=<DivBackward0>)
Memory status after this epoch: 
Memory allocated:  162.111328125
Memory cached:  290.0
	 epoch  40 training error:  tensor(7.4177, device='cuda:0', grad_fn=<DivBackward0>)
Memory status after this epoch: 
Memory allocated:  162.111328125
Memory cached:  278.0
	 epoch  50 training error:  tensor(5.0169, device='cuda:0', grad_fn=<DivBackward0>)
Memory status after this epoch: 
Memory allocated:  162.111328125
Memory cached:  282.0
	 epoch  60 training error:  tensor(18.5827, device='cuda:0', grad_fn=<DivBackward0>)
Memory status after this epoch: 
Memory allocated:  162.111328125
Memory cached:  280.0
	 epoch  70 training error:  tensor(32.0443, device='cuda:0', grad_fn=<DivBackward0>)
Memory status after this epoch: 
Memory allocated:  162.111328125
Memory cached:  288.0
	 epoch  80 training error:  tensor(14.0641, device='cuda:0', grad_fn=<DivBackward0>)
Memory status after this epoch: 
Memory allocated:  162.111328125
Memory cached:  272.0
	 epoch  90 training error:  tensor(106.7914, device='cuda:0', grad_fn=<DivBackward0>)
Memory status after this epoch: 
Memory allocated:  162.111328125
Memory cached:  294.0
