[I 2023-12-05 00:38:53,228] Trial 7 finished with value: 0.6015510559082031 and parameters: {'W_layers': 4, 'W_layer_units_exponent_0': 4, 'W_layer_units_exponent_1': 10, 'W_layer_units_exponent_2': 7, 'W_layer_units_exponent_3': 6, 'D_layers': 6, 'D_layer_units_exponent_0': 4, 'D_layer_units_exponent_1': 8, 'D_layer_units_exponent_2': 8, 'D_layer_units_exponent_3': 5, 'D_layer_units_exponent_4': 7, 'D_layer_units_exponent_5': 5, 'log_learning_rate': -4.942078773094149, 'log_learning_rate_D': -2.1880068267268746, 'training_batch_size': 7, 'training_p': 5}. Best is trial 4 with value: 0.37891268730163574.
Time for this trial:  48.4369752407074
Memory status after this trial: 
Memory allocated:  176.580078125
Memory cached:  196.0
--------------------  Trial  8   --------------------
Start timing: 
Parameters: 
{'W_layers': 6, 'W_layer_units_exponent_0': 8, 'W_layer_units_exponent_1': 6, 'W_layer_units_exponent_2': 10, 'W_layer_units_exponent_3': 6, 'W_layer_units_exponent_4': 6, 'W_layer_units_exponent_5': 9, 'D_layers': 2, 'D_layer_units_exponent_0': 8, 'D_layer_units_exponent_1': 10, 'log_learning_rate': -4.603183115350285, 'log_learning_rate_D': -4.241591077573021, 'training_batch_size': 8, 'training_p': 8}
	 epoch  0 training error:  tensor(1.0277, device='cuda:0', grad_fn=<DivBackward0>)
Memory status after this epoch: 
Memory allocated:  136.8779296875
Memory cached:  180.0
	 epoch  10 training error:  tensor(0.9568, device='cuda:0', grad_fn=<DivBackward0>)
Memory status after this epoch: 
Memory allocated:  136.8779296875
Memory cached:  180.0
	 epoch  20 training error:  tensor(0.8846, device='cuda:0', grad_fn=<DivBackward0>)
Memory status after this epoch: 
Memory allocated:  136.8779296875
Memory cached:  180.0
	 epoch  30 training error:  tensor(0.8189, device='cuda:0', grad_fn=<DivBackward0>)
Memory status after this epoch: 
Memory allocated:  136.8779296875
Memory cached:  180.0
	 epoch  40 training error:  tensor(0.7961, device='cuda:0', grad_fn=<DivBackward0>)
Memory status after this epoch: 
Memory allocated:  136.8779296875
Memory cached:  180.0
	 epoch  50 training error:  tensor(0.7848, device='cuda:0', grad_fn=<DivBackward0>)
Memory status after this epoch: 
Memory allocated:  136.8779296875
Memory cached:  180.0
	 epoch  60 training error:  tensor(0.7729, device='cuda:0', grad_fn=<DivBackward0>)
Memory status after this epoch: 
Memory allocated:  136.8779296875
Memory cached:  180.0
	 epoch  70 training error:  tensor(0.7566, device='cuda:0', grad_fn=<DivBackward0>)
Memory status after this epoch: 
Memory allocated:  136.8779296875
Memory cached:  180.0
	 epoch  80 training error:  tensor(0.7258, device='cuda:0', grad_fn=<DivBackward0>)
Memory status after this epoch: 
Memory allocated:  136.8779296875
Memory cached:  180.0
	 epoch  90 training error:  tensor(0.6871, device='cuda:0', grad_fn=<DivBackward0>)
Memory status after this epoch: 
Memory allocated:  136.8779296875
Memory cached:  180.0
[I 2023-12-05 00:39:40,052] Trial 8 finished with value: 0.3599863350391388 and parameters: {'W_layers': 6, 'W_layer_units_exponent_0': 8, 'W_layer_units_exponent_1': 6, 'W_layer_units_exponent_2': 10, 'W_layer_units_exponent_3': 6, 'W_layer_units_exponent_4': 6, 'W_layer_units_exponent_5': 9, 'D_layers': 2, 'D_layer_units_exponent_0': 8, 'D_layer_units_exponent_1': 10, 'log_learning_rate': -4.603183115350285, 'log_learning_rate_D': -4.241591077573021, 'training_batch_size': 8, 'training_p': 8}. Best is trial 8 with value: 0.3599863350391388.
res:  tensor(0.3600, device='cuda:0', grad_fn=<DivBackward0>)
self.bestValue:  tensor(0.3789, device='cuda:0', grad_fn=<DivBackward0>)
Save this model!
Time for this trial:  46.71007323265076
Memory status after this trial: 
Memory allocated:  77.99462890625
Memory cached:  164.0
--------------------  Trial  9   --------------------
Start timing: 
Parameters: 
{'W_layers': 4, 'W_layer_units_exponent_0': 6, 'W_layer_units_exponent_1': 10, 'W_layer_units_exponent_2': 5, 'W_layer_units_exponent_3': 4, 'D_layers': 8, 'D_layer_units_exponent_0': 9, 'D_layer_units_exponent_1': 6, 'D_layer_units_exponent_2': 6, 'D_layer_units_exponent_3': 4, 'D_layer_units_exponent_4': 8, 'D_layer_units_exponent_5': 6, 'D_layer_units_exponent_6': 4, 'D_layer_units_exponent_7': 10, 'log_learning_rate': -2.6555626273731248, 'log_learning_rate_D': -3.7531018632327333, 'training_batch_size': 8, 'training_p': 8}
	 epoch  0 training error:  tensor(0.8847, device='cuda:0', grad_fn=<DivBackward0>)
Memory status after this epoch: 
Memory allocated:  80.796875
Memory cached:  166.0
	 epoch  10 training error:  tensor(0.6015, device='cuda:0', grad_fn=<DivBackward0>)
Memory status after this epoch: 
Memory allocated:  80.796875
Memory cached:  164.0
	 epoch  20 training error:  tensor(0.5858, device='cuda:0', grad_fn=<DivBackward0>)
Memory status after this epoch: 
Memory allocated:  80.796875
Memory cached:  164.0
	 epoch  30 training error:  tensor(0.5553, device='cuda:0', grad_fn=<DivBackward0>)
Memory status after this epoch: 
Memory allocated:  80.796875
Memory cached:  164.0
	 epoch  40 training error:  tensor(0.4179, device='cuda:0', grad_fn=<DivBackward0>)
Memory status after this epoch: 
Memory allocated:  80.796875
Memory cached:  164.0
	 epoch  50 training error:  tensor(0.4017, device='cuda:0', grad_fn=<DivBackward0>)
Memory status after this epoch: 
Memory allocated:  80.796875
Memory cached:  164.0
	 epoch  60 training error:  tensor(0.3969, device='cuda:0', grad_fn=<DivBackward0>)
Memory status after this epoch: 
Memory allocated:  80.796875
Memory cached:  164.0
	 epoch  70 training error:  tensor(0.3558, device='cuda:0', grad_fn=<DivBackward0>)
Memory status after this epoch: 
Memory allocated:  80.796875
Memory cached:  164.0
	 epoch  80 training error:  tensor(0.3223, device='cuda:0', grad_fn=<DivBackward0>)
Memory status after this epoch: 
Memory allocated:  80.796875
Memory cached:  164.0
	 epoch  90 training error:  tensor(0.2644, device='cuda:0', grad_fn=<DivBackward0>)
Memory status after this epoch: 
Memory allocated:  80.796875
Memory cached:  164.0
[I 2023-12-05 00:40:34,253] Trial 9 finished with value: 0.18149307370185852 and parameters: {'W_layers': 4, 'W_layer_units_exponent_0': 6, 'W_layer_units_exponent_1': 10, 'W_layer_units_exponent_2': 5, 'W_layer_units_exponent_3': 4, 'D_layers': 8, 'D_layer_units_exponent_0': 9, 'D_layer_units_exponent_1': 6, 'D_layer_units_exponent_2': 6, 'D_layer_units_exponent_3': 4, 'D_layer_units_exponent_4': 8, 'D_layer_units_exponent_5': 6, 'D_layer_units_exponent_6': 4, 'D_layer_units_exponent_7': 10, 'log_learning_rate': -2.6555626273731248, 'log_learning_rate_D': -3.7531018632327333, 'training_batch_size': 8, 'training_p': 8}. Best is trial 9 with value: 0.18149307370185852.
res:  tensor(0.1815, device='cuda:0', grad_fn=<DivBackward0>)
self.bestValue:  tensor(0.3600, device='cuda:0', grad_fn=<DivBackward0>)
Save this model!
Time for this trial:  54.10319256782532
Memory status after this trial: 
Memory allocated:  73.40869140625
Memory cached:  154.0
--------------------  Trial  10   --------------------
Start timing: 
Parameters: 
{'W_layers': 7, 'W_layer_units_exponent_0': 8, 'W_layer_units_exponent_1': 8, 'W_layer_units_exponent_2': 7, 'W_layer_units_exponent_3': 7, 'W_layer_units_exponent_4': 7, 'W_layer_units_exponent_5': 6, 'W_layer_units_exponent_6': 6, 'D_layers': 2, 'D_layer_units_exponent_0': 9, 'D_layer_units_exponent_1': 10, 'log_learning_rate': -3.4645673077033226, 'log_learning_rate_D': -3.668436156353543, 'training_batch_size': 7, 'training_p': 3}
	 epoch  0 training error:  tensor(1.1835, device='cuda:0', grad_fn=<DivBackward0>)
Memory status after this epoch: 
Memory allocated:  83.724609375
Memory cached:  176.0
	 epoch  10 training error:  tensor(0.7084, device='cuda:0', grad_fn=<DivBackward0>)
Memory status after this epoch: 
Memory allocated:  83.724609375
Memory cached:  176.0
	 epoch  20 training error:  tensor(0.6121, device='cuda:0', grad_fn=<DivBackward0>)
Memory status after this epoch: 
Memory allocated:  83.724609375
Memory cached:  176.0
	 epoch  30 training error:  tensor(0.5542, device='cuda:0', grad_fn=<DivBackward0>)
Memory status after this epoch: 
Memory allocated:  83.724609375
Memory cached:  176.0
	 epoch  40 training error:  tensor(0.4588, device='cuda:0', grad_fn=<DivBackward0>)
Memory status after this epoch: 
Memory allocated:  83.724609375
Memory cached:  176.0
	 epoch  50 training error:  tensor(0.3553, device='cuda:0', grad_fn=<DivBackward0>)
Memory status after this epoch: 
Memory allocated:  83.724609375
Memory cached:  176.0
	 epoch  60 training error:  tensor(0.3088, device='cuda:0', grad_fn=<DivBackward0>)
Memory status after this epoch: 
Memory allocated:  83.724609375
Memory cached:  176.0
	 epoch  70 training error:  tensor(0.2497, device='cuda:0', grad_fn=<DivBackward0>)
Memory status after this epoch: 
Memory allocated:  83.724609375
Memory cached:  176.0
	 epoch  80 training error:  tensor(0.1942, device='cuda:0', grad_fn=<DivBackward0>)
Memory status after this epoch: 
Memory allocated:  83.724609375
Memory cached:  176.0
	 epoch  90 training error:  tensor(0.1290, device='cuda:0', grad_fn=<DivBackward0>)
Memory status after this epoch: 
Memory allocated:  83.724609375
Memory cached:  176.0
[I 2023-12-05 00:41:20,988] Trial 10 finished with value: 0.1119605302810669 and parameters: {'W_layers': 7, 'W_layer_units_exponent_0': 8, 'W_layer_units_exponent_1': 8, 'W_layer_units_exponent_2': 7, 'W_layer_units_exponent_3': 7, 'W_layer_units_exponent_4': 7, 'W_layer_units_exponent_5': 6, 'W_layer_units_exponent_6': 6, 'D_layers': 2, 'D_layer_units_exponent_0': 9, 'D_layer_units_exponent_1': 10, 'log_learning_rate': -3.4645673077033226, 'log_learning_rate_D': -3.668436156353543, 'training_batch_size': 7, 'training_p': 3}. Best is trial 10 with value: 0.1119605302810669.
res:  tensor(0.1120, device='cuda:0', grad_fn=<DivBackward0>)
self.bestValue:  tensor(0.1815, device='cuda:0', grad_fn=<DivBackward0>)
Save this model!
Time for this trial:  46.63738465309143
Memory status after this trial: 
Memory allocated:  63.50732421875
Memory cached:  154.0
--------------------  Trial  11   --------------------
Start timing: 
Parameters: 
{'W_layers': 6, 'W_layer_units_exponent_0': 5, 'W_layer_units_exponent_1': 7, 'W_layer_units_exponent_2': 7, 'W_layer_units_exponent_3': 9, 'W_layer_units_exponent_4': 9, 'W_layer_units_exponent_5': 9, 'D_layers': 5, 'D_layer_units_exponent_0': 10, 'D_layer_units_exponent_1': 6, 'D_layer_units_exponent_2': 9, 'D_layer_units_exponent_3': 10, 'D_layer_units_exponent_4': 8, 'log_learning_rate': -3.1521931102015146, 'log_learning_rate_D': -1.849136870553517, 'training_batch_size': 6, 'training_p': 5}
	 epoch  0 training error:  tensor(0.9606, device='cuda:0', grad_fn=<DivBackward0>)
Memory status after this epoch: 
Memory allocated:  86.46484375
Memory cached:  156.0
[W 2023-12-05 00:41:23,118] Trial 11 failed with parameters: {'W_layers': 6, 'W_layer_units_exponent_0': 5, 'W_layer_units_exponent_1': 7, 'W_layer_units_exponent_2': 7, 'W_layer_units_exponent_3': 9, 'W_layer_units_exponent_4': 9, 'W_layer_units_exponent_5': 9, 'D_layers': 5, 'D_layer_units_exponent_0': 10, 'D_layer_units_exponent_1': 6, 'D_layer_units_exponent_2': 9, 'D_layer_units_exponent_3': 10, 'D_layer_units_exponent_4': 8, 'log_learning_rate': -3.1521931102015146, 'log_learning_rate_D': -1.849136870553517, 'training_batch_size': 6, 'training_p': 5} because of the following error: The value nan is not acceptable.
[W 2023-12-05 00:41:23,119] Trial 11 failed with value tensor(nan, device='cuda:0', grad_fn=<DivBackward0>).
Time for this trial:  2.0277159214019775
Memory status after this trial: 
Memory allocated:  182.11181640625
Memory cached:  202.0
--------------------  Trial  12   --------------------
Start timing: 
Parameters: 
{'W_layers': 6, 'W_layer_units_exponent_0': 8, 'W_layer_units_exponent_1': 6, 'W_layer_units_exponent_2': 5, 'W_layer_units_exponent_3': 6, 'W_layer_units_exponent_4': 9, 'W_layer_units_exponent_5': 9, 'D_layers': 4, 'D_layer_units_exponent_0': 5, 'D_layer_units_exponent_1': 6, 'D_layer_units_exponent_2': 4, 'D_layer_units_exponent_3': 5, 'log_learning_rate': -2.8168738701849447, 'log_learning_rate_D': -4.170639835884952, 'training_batch_size': 9, 'training_p': 6}
	 epoch  0 training error:  tensor(1.0727, device='cuda:0', grad_fn=<DivBackward0>)
Memory status after this epoch: 
Memory allocated:  68.4658203125
Memory cached:  156.0
	 epoch  10 training error:  tensor(0.6398, device='cuda:0', grad_fn=<DivBackward0>)
Memory status after this epoch: 
Memory allocated:  68.4658203125
Memory cached:  156.0
	 epoch  20 training error:  tensor(0.6089, device='cuda:0', grad_fn=<DivBackward0>)
Memory status after this epoch: 
Memory allocated:  68.4658203125
Memory cached:  156.0
	 epoch  30 training error:  tensor(0.5917, device='cuda:0', grad_fn=<DivBackward0>)
Memory status after this epoch: 
Memory allocated:  68.4658203125
Memory cached:  156.0
	 epoch  40 training error:  tensor(0.5902, device='cuda:0', grad_fn=<DivBackward0>)
Memory status after this epoch: 
Memory allocated:  68.4658203125
Memory cached:  156.0
	 epoch  50 training error:  tensor(0.5846, device='cuda:0', grad_fn=<DivBackward0>)
Memory status after this epoch: 
Memory allocated:  68.4658203125
Memory cached:  156.0
	 epoch  60 training error:  tensor(0.5771, device='cuda:0', grad_fn=<DivBackward0>)
Memory status after this epoch: 
Memory allocated:  68.4658203125
Memory cached:  156.0
	 epoch  70 training error:  tensor(0.5707, device='cuda:0', grad_fn=<DivBackward0>)
Memory status after this epoch: 
Memory allocated:  68.4658203125
Memory cached:  156.0
	 epoch  80 training error:  tensor(0.5632, device='cuda:0', grad_fn=<DivBackward0>)
Memory status after this epoch: 
Memory allocated:  68.4658203125
Memory cached:  156.0
	 epoch  90 training error:  tensor(0.5529, device='cuda:0', grad_fn=<DivBackward0>)
Memory status after this epoch: 
Memory allocated:  68.4658203125
Memory cached:  156.0
[I 2023-12-05 00:42:10,407] Trial 12 finished with value: 0.535443127155304 and parameters: {'W_layers': 6, 'W_layer_units_exponent_0': 8, 'W_layer_units_exponent_1': 6, 'W_layer_units_exponent_2': 5, 'W_layer_units_exponent_3': 6, 'W_layer_units_exponent_4': 9, 'W_layer_units_exponent_5': 9, 'D_layers': 4, 'D_layer_units_exponent_0': 5, 'D_layer_units_exponent_1': 6, 'D_layer_units_exponent_2': 4, 'D_layer_units_exponent_3': 5, 'log_learning_rate': -2.8168738701849447, 'log_learning_rate_D': -4.170639835884952, 'training_batch_size': 9, 'training_p': 6}. Best is trial 10 with value: 0.1119605302810669.
Time for this trial:  47.16751670837402
Memory status after this trial: 
Memory allocated:  102.3876953125
Memory cached:  156.0
--------------------  Trial  13   --------------------
Start timing: 
Parameters: 
{'W_layers': 2, 'W_layer_units_exponent_0': 9, 'W_layer_units_exponent_1': 8, 'D_layers': 4, 'D_layer_units_exponent_0': 7, 'D_layer_units_exponent_1': 7, 'D_layer_units_exponent_2': 9, 'D_layer_units_exponent_3': 10, 'log_learning_rate': -4.242376217014291, 'log_learning_rate_D': -4.870917276816844, 'training_batch_size': 12, 'training_p': 8}
	 epoch  0 training error:  tensor(1.0308, device='cuda:0', grad_fn=<DivBackward0>)
Memory status after this epoch: 
Memory allocated:  74.8798828125
Memory cached:  154.0
	 epoch  10 training error:  tensor(0.7235, device='cuda:0', grad_fn=<DivBackward0>)
Memory status after this epoch: 
Memory allocated:  74.8798828125
Memory cached:  154.0
	 epoch  20 training error:  tensor(0.6332, device='cuda:0', grad_fn=<DivBackward0>)
Memory status after this epoch: 
Memory allocated:  74.8798828125
Memory cached:  154.0
	 epoch  30 training error:  tensor(0.6014, device='cuda:0', grad_fn=<DivBackward0>)
Memory status after this epoch: 
Memory allocated:  74.8798828125
Memory cached:  154.0
	 epoch  40 training error:  tensor(0.5891, device='cuda:0', grad_fn=<DivBackward0>)
Memory status after this epoch: 
Memory allocated:  74.8798828125
Memory cached:  154.0
	 epoch  50 training error:  tensor(0.5761, device='cuda:0', grad_fn=<DivBackward0>)
Memory status after this epoch: 
Memory allocated:  74.8798828125
Memory cached:  154.0
	 epoch  60 training error:  tensor(0.5577, device='cuda:0', grad_fn=<DivBackward0>)
Memory status after this epoch: 
Memory allocated:  74.8798828125
Memory cached:  154.0
	 epoch  70 training error:  tensor(0.5288, device='cuda:0', grad_fn=<DivBackward0>)
Memory status after this epoch: 
Memory allocated:  74.8798828125
Memory cached:  154.0
	 epoch  80 training error:  tensor(0.4863, device='cuda:0', grad_fn=<DivBackward0>)
Memory status after this epoch: 
Memory allocated:  74.8798828125
Memory cached:  154.0
	 epoch  90 training error:  tensor(0.4478, device='cuda:0', grad_fn=<DivBackward0>)
Memory status after this epoch: 
Memory allocated:  74.8798828125
Memory cached:  154.0
