[I 2024-02-17 09:45:14,465] Trial 113 finished with value: 0.07856471836566925 and parameters: {'W_layers': 4, 'W_layer_units_exponent_0': 8, 'W_layer_units_exponent_1': 10, 'W_layer_units_exponent_2': 4, 'W_layer_units_exponent_3': 10, 'D_layers': 7, 'D_layer_units_exponent_0': 8, 'D_layer_units_exponent_1': 5, 'D_layer_units_exponent_2': 10, 'D_layer_units_exponent_3': 5, 'D_layer_units_exponent_4': 10, 'D_layer_units_exponent_5': 9, 'D_layer_units_exponent_6': 8, 'D_dagger_layers': 3, 'D_dagger_layer_units_exponent_0': 9, 'D_dagger_layer_units_exponent_1': 5, 'D_dagger_layer_units_exponent_2': 8, 'log_learning_rate': -4.10321823189199, 'log_learning_rate_D': -2.8500597377542025, 'log_learning_rate_D_dagger': -2.8506502298483385, 'training_batch_size': 6, 'training_p': 6}. Best is trial 45 with value: 0.03961218520998955.
Time for this trial:  825.072555065155
Memory status after this trial: 
Memory allocated:  2045.67822265625
Memory cached:  2078.0
--------------------  Trial  114   --------------------
Start timing: 
Parameters: 
{'W_layers': 5, 'W_layer_units_exponent_0': 7, 'W_layer_units_exponent_1': 9, 'W_layer_units_exponent_2': 4, 'W_layer_units_exponent_3': 10, 'W_layer_units_exponent_4': 7, 'D_layers': 3, 'D_layer_units_exponent_0': 8, 'D_layer_units_exponent_1': 5, 'D_layer_units_exponent_2': 9, 'D_dagger_layers': 3, 'D_dagger_layer_units_exponent_0': 8, 'D_dagger_layer_units_exponent_1': 8, 'D_dagger_layer_units_exponent_2': 9, 'log_learning_rate': -4.241200143585554, 'log_learning_rate_D': -2.9832954034661463, 'log_learning_rate_D_dagger': -3.1644003769116242, 'training_batch_size': 6, 'training_p': 7}
	 epoch  0 training error:  tensor(0.7561, device='cuda:0', grad_fn=<DivBackward0>)
Memory status after this epoch: 
Memory allocated:  760.8251953125
Memory cached:  1334.0
	 epoch  10 training error:  tensor(0.5353, device='cuda:0', grad_fn=<DivBackward0>)
Memory status after this epoch: 
Memory allocated:  760.8251953125
Memory cached:  1334.0
	 epoch  20 training error:  tensor(0.5107, device='cuda:0', grad_fn=<DivBackward0>)
Memory status after this epoch: 
Memory allocated:  760.8251953125
Memory cached:  1336.0
	 epoch  30 training error:  tensor(0.4191, device='cuda:0', grad_fn=<DivBackward0>)
Memory status after this epoch: 
Memory allocated:  760.8251953125
Memory cached:  1334.0
	 epoch  40 training error:  tensor(0.2734, device='cuda:0', grad_fn=<DivBackward0>)
Memory status after this epoch: 
Memory allocated:  760.8251953125
Memory cached:  1334.0
	 epoch  50 training error:  tensor(0.2093, device='cuda:0', grad_fn=<DivBackward0>)
Memory status after this epoch: 
Memory allocated:  760.8251953125
Memory cached:  1334.0
	 epoch  60 training error:  tensor(0.1874, device='cuda:0', grad_fn=<DivBackward0>)
Memory status after this epoch: 
Memory allocated:  760.8251953125
Memory cached:  1334.0
	 epoch  70 training error:  tensor(0.1628, device='cuda:0', grad_fn=<DivBackward0>)
Memory status after this epoch: 
Memory allocated:  760.8251953125
Memory cached:  1334.0
	 epoch  80 training error:  tensor(0.1334, device='cuda:0', grad_fn=<DivBackward0>)
Memory status after this epoch: 
Memory allocated:  760.8251953125
Memory cached:  1336.0
	 epoch  90 training error:  tensor(0.1428, device='cuda:0', grad_fn=<DivBackward0>)
Memory status after this epoch: 
Memory allocated:  760.8251953125
Memory cached:  1334.0
[I 2024-02-17 09:56:45,730] Trial 114 finished with value: 0.0767732560634613 and parameters: {'W_layers': 5, 'W_layer_units_exponent_0': 7, 'W_layer_units_exponent_1': 9, 'W_layer_units_exponent_2': 4, 'W_layer_units_exponent_3': 10, 'W_layer_units_exponent_4': 7, 'D_layers': 3, 'D_layer_units_exponent_0': 8, 'D_layer_units_exponent_1': 5, 'D_layer_units_exponent_2': 9, 'D_dagger_layers': 3, 'D_dagger_layer_units_exponent_0': 8, 'D_dagger_layer_units_exponent_1': 8, 'D_dagger_layer_units_exponent_2': 9, 'log_learning_rate': -4.241200143585554, 'log_learning_rate_D': -2.9832954034661463, 'log_learning_rate_D_dagger': -3.1644003769116242, 'training_batch_size': 6, 'training_p': 7}. Best is trial 45 with value: 0.03961218520998955.
Time for this trial:  690.7640175819397
Memory status after this trial: 
Memory allocated:  1497.01416015625
Memory cached:  1504.0
--------------------  Trial  115   --------------------
Start timing: 
Parameters: 
{'W_layers': 4, 'W_layer_units_exponent_0': 8, 'W_layer_units_exponent_1': 10, 'W_layer_units_exponent_2': 4, 'W_layer_units_exponent_3': 9, 'D_layers': 3, 'D_layer_units_exponent_0': 8, 'D_layer_units_exponent_1': 4, 'D_layer_units_exponent_2': 7, 'D_dagger_layers': 4, 'D_dagger_layer_units_exponent_0': 9, 'D_dagger_layer_units_exponent_1': 4, 'D_dagger_layer_units_exponent_2': 7, 'D_dagger_layer_units_exponent_3': 8, 'log_learning_rate': -4.640935947638605, 'log_learning_rate_D': -2.7391375957020974, 'log_learning_rate_D_dagger': -3.0331740443036113, 'training_batch_size': 6, 'training_p': 5}
	 epoch  0 training error:  tensor(0.7274, device='cuda:0', grad_fn=<DivBackward0>)
Memory status after this epoch: 
Memory allocated:  759.2001953125
Memory cached:  1330.0
	 epoch  10 training error:  tensor(0.4728, device='cuda:0', grad_fn=<DivBackward0>)
Memory status after this epoch: 
Memory allocated:  759.2001953125
Memory cached:  1330.0
	 epoch  20 training error:  tensor(0.4623, device='cuda:0', grad_fn=<DivBackward0>)
Memory status after this epoch: 
Memory allocated:  759.2001953125
Memory cached:  1330.0
	 epoch  30 training error:  tensor(0.4413, device='cuda:0', grad_fn=<DivBackward0>)
Memory status after this epoch: 
Memory allocated:  759.2001953125
Memory cached:  1330.0
	 epoch  40 training error:  tensor(0.3366, device='cuda:0', grad_fn=<DivBackward0>)
Memory status after this epoch: 
Memory allocated:  759.2001953125
Memory cached:  1330.0
	 epoch  50 training error:  tensor(0.2627, device='cuda:0', grad_fn=<DivBackward0>)
Memory status after this epoch: 
Memory allocated:  759.2001953125
Memory cached:  1330.0
	 epoch  60 training error:  tensor(0.2482, device='cuda:0', grad_fn=<DivBackward0>)
Memory status after this epoch: 
Memory allocated:  759.2001953125
Memory cached:  1330.0
	 epoch  70 training error:  tensor(0.2393, device='cuda:0', grad_fn=<DivBackward0>)
Memory status after this epoch: 
Memory allocated:  759.2001953125
Memory cached:  1330.0
	 epoch  80 training error:  tensor(0.2370, device='cuda:0', grad_fn=<DivBackward0>)
Memory status after this epoch: 
Memory allocated:  759.2001953125
Memory cached:  1330.0
	 epoch  90 training error:  tensor(0.2351, device='cuda:0', grad_fn=<DivBackward0>)
Memory status after this epoch: 
Memory allocated:  759.2001953125
Memory cached:  1330.0
[I 2024-02-17 10:08:11,721] Trial 115 finished with value: 0.1976560354232788 and parameters: {'W_layers': 4, 'W_layer_units_exponent_0': 8, 'W_layer_units_exponent_1': 10, 'W_layer_units_exponent_2': 4, 'W_layer_units_exponent_3': 9, 'D_layers': 3, 'D_layer_units_exponent_0': 8, 'D_layer_units_exponent_1': 4, 'D_layer_units_exponent_2': 7, 'D_dagger_layers': 4, 'D_dagger_layer_units_exponent_0': 9, 'D_dagger_layer_units_exponent_1': 4, 'D_dagger_layer_units_exponent_2': 7, 'D_dagger_layer_units_exponent_3': 8, 'log_learning_rate': -4.640935947638605, 'log_learning_rate_D': -2.7391375957020974, 'log_learning_rate_D_dagger': -3.0331740443036113, 'training_batch_size': 6, 'training_p': 5}. Best is trial 45 with value: 0.03961218520998955.
Time for this trial:  685.443559885025
Memory status after this trial: 
Memory allocated:  1395.37646484375
Memory cached:  1402.0
--------------------  Trial  116   --------------------
Start timing: 
Parameters: 
{'W_layers': 3, 'W_layer_units_exponent_0': 8, 'W_layer_units_exponent_1': 6, 'W_layer_units_exponent_2': 4, 'D_layers': 3, 'D_layer_units_exponent_0': 7, 'D_layer_units_exponent_1': 6, 'D_layer_units_exponent_2': 8, 'D_dagger_layers': 3, 'D_dagger_layer_units_exponent_0': 10, 'D_dagger_layer_units_exponent_1': 8, 'D_dagger_layer_units_exponent_2': 8, 'log_learning_rate': -4.3828977309346016, 'log_learning_rate_D': -3.237899471202137, 'log_learning_rate_D_dagger': -2.543692749524391, 'training_batch_size': 6, 'training_p': 6}
	 epoch  0 training error:  tensor(1.8929, device='cuda:0', grad_fn=<DivBackward0>)
Memory status after this epoch: 
Memory allocated:  759.7119140625
Memory cached:  1330.0
	 epoch  10 training error:  tensor(0.4980, device='cuda:0', grad_fn=<DivBackward0>)
Memory status after this epoch: 
Memory allocated:  759.7119140625
Memory cached:  1330.0
	 epoch  20 training error:  tensor(0.4886, device='cuda:0', grad_fn=<DivBackward0>)
Memory status after this epoch: 
Memory allocated:  759.7119140625
Memory cached:  1330.0
	 epoch  30 training error:  tensor(0.3133, device='cuda:0', grad_fn=<DivBackward0>)
Memory status after this epoch: 
Memory allocated:  759.7119140625
Memory cached:  1330.0
	 epoch  40 training error:  tensor(0.2223, device='cuda:0', grad_fn=<DivBackward0>)
Memory status after this epoch: 
Memory allocated:  759.7119140625
Memory cached:  1330.0
	 epoch  50 training error:  tensor(0.2481, device='cuda:0', grad_fn=<DivBackward0>)
Memory status after this epoch: 
Memory allocated:  759.7119140625
Memory cached:  1330.0
	 epoch  60 training error:  tensor(0.1666, device='cuda:0', grad_fn=<DivBackward0>)
Memory status after this epoch: 
Memory allocated:  759.7119140625
Memory cached:  1330.0
	 epoch  70 training error:  tensor(0.1141, device='cuda:0', grad_fn=<DivBackward0>)
Memory status after this epoch: 
Memory allocated:  759.7119140625
Memory cached:  1330.0
	 epoch  80 training error:  tensor(0.1081, device='cuda:0', grad_fn=<DivBackward0>)
Memory status after this epoch: 
Memory allocated:  759.7119140625
Memory cached:  1330.0
	 epoch  90 training error:  tensor(0.1284, device='cuda:0', grad_fn=<DivBackward0>)
Memory status after this epoch: 
Memory allocated:  759.7119140625
Memory cached:  1330.0
[I 2024-02-17 10:18:19,503] Trial 116 finished with value: 0.0647277906537056 and parameters: {'W_layers': 3, 'W_layer_units_exponent_0': 8, 'W_layer_units_exponent_1': 6, 'W_layer_units_exponent_2': 4, 'D_layers': 3, 'D_layer_units_exponent_0': 7, 'D_layer_units_exponent_1': 6, 'D_layer_units_exponent_2': 8, 'D_dagger_layers': 3, 'D_dagger_layer_units_exponent_0': 10, 'D_dagger_layer_units_exponent_1': 8, 'D_dagger_layer_units_exponent_2': 8, 'log_learning_rate': -4.3828977309346016, 'log_learning_rate_D': -3.237899471202137, 'log_learning_rate_D_dagger': -2.543692749524391, 'training_batch_size': 6, 'training_p': 6}. Best is trial 45 with value: 0.03961218520998955.
Time for this trial:  607.3906803131104
Memory status after this trial: 
Memory allocated:  1235.90087890625
Memory cached:  1330.0
--------------------  Trial  117   --------------------
Start timing: 
Parameters: 
{'W_layers': 3, 'W_layer_units_exponent_0': 7, 'W_layer_units_exponent_1': 6, 'W_layer_units_exponent_2': 4, 'D_layers': 3, 'D_layer_units_exponent_0': 7, 'D_layer_units_exponent_1': 6, 'D_layer_units_exponent_2': 8, 'D_dagger_layers': 3, 'D_dagger_layer_units_exponent_0': 10, 'D_dagger_layer_units_exponent_1': 9, 'D_dagger_layer_units_exponent_2': 8, 'log_learning_rate': -4.4315024782181816, 'log_learning_rate_D': -3.104312324389021, 'log_learning_rate_D_dagger': -2.4710593158388994, 'training_batch_size': 7, 'training_p': 6}
	 epoch  0 training error:  tensor(4.9659, device='cuda:0', grad_fn=<DivBackward0>)
Memory status after this epoch: 
Memory allocated:  764.4873046875
Memory cached:  1350.0
	 epoch  10 training error:  tensor(0.5024, device='cuda:0', grad_fn=<DivBackward0>)
Memory status after this epoch: 
Memory allocated:  764.4873046875
Memory cached:  1350.0
	 epoch  20 training error:  tensor(0.4948, device='cuda:0', grad_fn=<DivBackward0>)
Memory status after this epoch: 
Memory allocated:  764.4873046875
Memory cached:  1352.0
	 epoch  30 training error:  tensor(0.4889, device='cuda:0', grad_fn=<DivBackward0>)
Memory status after this epoch: 
Memory allocated:  764.4873046875
Memory cached:  1350.0
	 epoch  40 training error:  tensor(0.4826, device='cuda:0', grad_fn=<DivBackward0>)
Memory status after this epoch: 
Memory allocated:  764.4873046875
Memory cached:  1352.0
	 epoch  50 training error:  tensor(0.4587, device='cuda:0', grad_fn=<DivBackward0>)
Memory status after this epoch: 
Memory allocated:  764.4873046875
Memory cached:  1350.0
	 epoch  60 training error:  tensor(0.4576, device='cuda:0', grad_fn=<DivBackward0>)
Memory status after this epoch: 
Memory allocated:  764.4873046875
Memory cached:  1350.0
	 epoch  70 training error:  tensor(0.3093, device='cuda:0', grad_fn=<DivBackward0>)
Memory status after this epoch: 
Memory allocated:  764.4873046875
Memory cached:  1350.0
	 epoch  80 training error:  tensor(0.2650, device='cuda:0', grad_fn=<DivBackward0>)
Memory status after this epoch: 
Memory allocated:  764.4873046875
Memory cached:  1350.0
	 epoch  90 training error:  tensor(0.2376, device='cuda:0', grad_fn=<DivBackward0>)
Memory status after this epoch: 
Memory allocated:  764.4873046875
Memory cached:  1350.0
[I 2024-02-17 10:24:45,970] Trial 117 finished with value: 0.15781664848327637 and parameters: {'W_layers': 3, 'W_layer_units_exponent_0': 7, 'W_layer_units_exponent_1': 6, 'W_layer_units_exponent_2': 4, 'D_layers': 3, 'D_layer_units_exponent_0': 7, 'D_layer_units_exponent_1': 6, 'D_layer_units_exponent_2': 8, 'D_dagger_layers': 3, 'D_dagger_layer_units_exponent_0': 10, 'D_dagger_layer_units_exponent_1': 9, 'D_dagger_layer_units_exponent_2': 8, 'log_learning_rate': -4.4315024782181816, 'log_learning_rate_D': -3.104312324389021, 'log_learning_rate_D_dagger': -2.4710593158388994, 'training_batch_size': 7, 'training_p': 6}. Best is trial 45 with value: 0.03961218520998955.
Time for this trial:  386.0901708602905
Memory status after this trial: 
Memory allocated:  1265.58251953125
Memory cached:  1350.0
--------------------  Trial  118   --------------------
Start timing: 
Parameters: 
{'W_layers': 3, 'W_layer_units_exponent_0': 8, 'W_layer_units_exponent_1': 4, 'W_layer_units_exponent_2': 8, 'D_layers': 3, 'D_layer_units_exponent_0': 7, 'D_layer_units_exponent_1': 6, 'D_layer_units_exponent_2': 7, 'D_dagger_layers': 4, 'D_dagger_layer_units_exponent_0': 10, 'D_dagger_layer_units_exponent_1': 8, 'D_dagger_layer_units_exponent_2': 7, 'D_dagger_layer_units_exponent_3': 5, 'log_learning_rate': -3.93010558257944, 'log_learning_rate_D': -3.3763774030133265, 'log_learning_rate_D_dagger': -2.5685324809262196, 'training_batch_size': 6, 'training_p': 6}
	 epoch  0 training error:  tensor(0.9074, device='cuda:0', grad_fn=<DivBackward0>)
Memory status after this epoch: 
Memory allocated:  759.0068359375
Memory cached:  1330.0
	 epoch  10 training error:  tensor(0.4901, device='cuda:0', grad_fn=<DivBackward0>)
Memory status after this epoch: 
Memory allocated:  759.0068359375
Memory cached:  1330.0
	 epoch  20 training error:  tensor(0.3975, device='cuda:0', grad_fn=<DivBackward0>)
Memory status after this epoch: 
Memory allocated:  759.0068359375
Memory cached:  1330.0
	 epoch  30 training error:  tensor(0.2642, device='cuda:0', grad_fn=<DivBackward0>)
Memory status after this epoch: 
Memory allocated:  759.0068359375
Memory cached:  1330.0
	 epoch  40 training error:  tensor(0.2037, device='cuda:0', grad_fn=<DivBackward0>)
Memory status after this epoch: 
Memory allocated:  759.0068359375
Memory cached:  1330.0
	 epoch  50 training error:  tensor(0.1913, device='cuda:0', grad_fn=<DivBackward0>)
Memory status after this epoch: 
Memory allocated:  759.0068359375
Memory cached:  1330.0
	 epoch  60 training error:  tensor(0.1373, device='cuda:0', grad_fn=<DivBackward0>)
Memory status after this epoch: 
Memory allocated:  759.0068359375
Memory cached:  1330.0
	 epoch  70 training error:  tensor(0.1036, device='cuda:0', grad_fn=<DivBackward0>)
Memory status after this epoch: 
Memory allocated:  759.0068359375
Memory cached:  1330.0
	 epoch  80 training error:  tensor(0.1640, device='cuda:0', grad_fn=<DivBackward0>)
Memory status after this epoch: 
Memory allocated:  759.0068359375
Memory cached:  1330.0
	 epoch  90 training error:  tensor(0.0899, device='cuda:0', grad_fn=<DivBackward0>)
Memory status after this epoch: 
Memory allocated:  759.0068359375
Memory cached:  1330.0
[I 2024-02-17 10:35:29,561] Trial 118 finished with value: 0.08841180056333542 and parameters: {'W_layers': 3, 'W_layer_units_exponent_0': 8, 'W_layer_units_exponent_1': 4, 'W_layer_units_exponent_2': 8, 'D_layers': 3, 'D_layer_units_exponent_0': 7, 'D_layer_units_exponent_1': 6, 'D_layer_units_exponent_2': 7, 'D_dagger_layers': 4, 'D_dagger_layer_units_exponent_0': 10, 'D_dagger_layer_units_exponent_1': 8, 'D_dagger_layer_units_exponent_2': 7, 'D_dagger_layer_units_exponent_3': 5, 'log_learning_rate': -3.93010558257944, 'log_learning_rate_D': -3.3763774030133265, 'log_learning_rate_D_dagger': -2.5685324809262196, 'training_batch_size': 6, 'training_p': 6}. Best is trial 45 with value: 0.03961218520998955.
Time for this trial:  643.1461863517761
Memory status after this trial: 
Memory allocated:  1232.36474609375
Memory cached:  1330.0
--------------------  Trial  119   --------------------
Start timing: 
Parameters: 
{'W_layers': 2, 'W_layer_units_exponent_0': 8, 'W_layer_units_exponent_1': 6, 'D_layers': 3, 'D_layer_units_exponent_0': 6, 'D_layer_units_exponent_1': 8, 'D_layer_units_exponent_2': 10, 'D_dagger_layers': 7, 'D_dagger_layer_units_exponent_0': 10, 'D_dagger_layer_units_exponent_1': 8, 'D_dagger_layer_units_exponent_2': 6, 'D_dagger_layer_units_exponent_3': 6, 'D_dagger_layer_units_exponent_4': 5, 'D_dagger_layer_units_exponent_5': 8, 'D_dagger_layer_units_exponent_6': 10, 'log_learning_rate': -4.189614361506266, 'log_learning_rate_D': -3.253273472965306, 'log_learning_rate_D_dagger': -2.4072808179482323, 'training_batch_size': 6, 'training_p': 6}
	 epoch  0 training error:  tensor(2.2521, device='cuda:0', grad_fn=<DivBackward0>)
Memory status after this epoch: 
Memory allocated:  767.0966796875
Memory cached:  1332.0
	 epoch  10 training error:  tensor(0.4931, device='cuda:0', grad_fn=<DivBackward0>)
Memory status after this epoch: 
Memory allocated:  767.0966796875
Memory cached:  1348.0
	 epoch  20 training error:  tensor(0.4719, device='cuda:0', grad_fn=<DivBackward0>)
Memory status after this epoch: 
Memory allocated:  767.0966796875
Memory cached:  1346.0
	 epoch  30 training error:  tensor(0.3075, device='cuda:0', grad_fn=<DivBackward0>)
Memory status after this epoch: 
Memory allocated:  767.0966796875
Memory cached:  1346.0
	 epoch  40 training error:  tensor(0.1851, device='cuda:0', grad_fn=<DivBackward0>)
Memory status after this epoch: 
Memory allocated:  767.0966796875
Memory cached:  1346.0
	 epoch  50 training error:  tensor(0.2064, device='cuda:0', grad_fn=<DivBackward0>)
Memory status after this epoch: 
Memory allocated:  767.0966796875
Memory cached:  1344.0
	 epoch  60 training error:  tensor(0.1623, device='cuda:0', grad_fn=<DivBackward0>)
Memory status after this epoch: 
Memory allocated:  767.0966796875
Memory cached:  1344.0
	 epoch  70 training error:  tensor(0.1387, device='cuda:0', grad_fn=<DivBackward0>)
Memory status after this epoch: 
Memory allocated:  767.0966796875
Memory cached:  1352.0
	 epoch  80 training error:  tensor(0.1144, device='cuda:0', grad_fn=<DivBackward0>)
Memory status after this epoch: 
Memory allocated:  767.0966796875
Memory cached:  1342.0
	 epoch  90 training error:  tensor(0.1340, device='cuda:0', grad_fn=<DivBackward0>)
Memory status after this epoch: 
Memory allocated:  767.0966796875
Memory cached:  1346.0
