[I 2023-12-20 18:06:04,152] Trial 200 finished with value: 0.14505170285701752 and parameters: {'W_layers': 5, 'W_layer_units_exponent_0': 8, 'W_layer_units_exponent_1': 10, 'W_layer_units_exponent_2': 7, 'W_layer_units_exponent_3': 6, 'W_layer_units_exponent_4': 5, 'D_layers': 5, 'D_layer_units_exponent_0': 7, 'D_layer_units_exponent_1': 9, 'D_layer_units_exponent_2': 8, 'D_layer_units_exponent_3': 8, 'D_layer_units_exponent_4': 5, 'D_dagger_layers': 3, 'D_dagger_layer_units_exponent_0': 9, 'D_dagger_layer_units_exponent_1': 4, 'D_dagger_layer_units_exponent_2': 5, 'log_learning_rate': -2.3447133057916703, 'log_learning_rate_D': -3.25950990900025, 'log_learning_rate_D_dagger': -2.3739032633180286, 'training_batch_size': 6, 'training_p': 7}. Best is trial 171 with value: 0.11988115310668945.
Time for this trial:  321.22471952438354
Memory status after this trial: 
Memory allocated:  351.8701171875
Memory cached:  370.0
--------------------  Trial  201   --------------------
Start timing: 
Parameters: 
{'W_layers': 5, 'W_layer_units_exponent_0': 8, 'W_layer_units_exponent_1': 10, 'W_layer_units_exponent_2': 7, 'W_layer_units_exponent_3': 6, 'W_layer_units_exponent_4': 5, 'D_layers': 5, 'D_layer_units_exponent_0': 7, 'D_layer_units_exponent_1': 9, 'D_layer_units_exponent_2': 8, 'D_layer_units_exponent_3': 8, 'D_layer_units_exponent_4': 5, 'D_dagger_layers': 3, 'D_dagger_layer_units_exponent_0': 9, 'D_dagger_layer_units_exponent_1': 4, 'D_dagger_layer_units_exponent_2': 5, 'log_learning_rate': -2.3208261631924936, 'log_learning_rate_D': -3.834024138603242, 'log_learning_rate_D_dagger': -2.384519015444978, 'training_batch_size': 6, 'training_p': 7}
	 epoch  0 training error:  tensor(1.4455, device='cuda:0', grad_fn=<DivBackward0>)
Memory status after this epoch: 
Memory allocated:  184.53173828125
Memory cached:  370.0
	 epoch  10 training error:  tensor(0.5529, device='cuda:0', grad_fn=<DivBackward0>)
Memory status after this epoch: 
Memory allocated:  184.53173828125
Memory cached:  372.0
	 epoch  20 training error:  tensor(0.5317, device='cuda:0', grad_fn=<DivBackward0>)
Memory status after this epoch: 
Memory allocated:  184.53173828125
Memory cached:  382.0
	 epoch  30 training error:  tensor(0.5291, device='cuda:0', grad_fn=<DivBackward0>)
Memory status after this epoch: 
Memory allocated:  184.53173828125
Memory cached:  384.0
	 epoch  40 training error:  tensor(0.4978, device='cuda:0', grad_fn=<DivBackward0>)
Memory status after this epoch: 
Memory allocated:  184.53173828125
Memory cached:  380.0
	 epoch  50 training error:  tensor(0.3536, device='cuda:0', grad_fn=<DivBackward0>)
Memory status after this epoch: 
Memory allocated:  184.53173828125
Memory cached:  382.0
	 epoch  60 training error:  tensor(0.3677, device='cuda:0', grad_fn=<DivBackward0>)
Memory status after this epoch: 
Memory allocated:  184.53173828125
Memory cached:  382.0
	 epoch  70 training error:  tensor(0.2781, device='cuda:0', grad_fn=<DivBackward0>)
Memory status after this epoch: 
Memory allocated:  184.53173828125
Memory cached:  378.0
	 epoch  80 training error:  tensor(0.2915, device='cuda:0', grad_fn=<DivBackward0>)
Memory status after this epoch: 
Memory allocated:  184.53173828125
Memory cached:  380.0
	 epoch  90 training error:  tensor(0.2644, device='cuda:0', grad_fn=<DivBackward0>)
Memory status after this epoch: 
Memory allocated:  184.53173828125
Memory cached:  382.0
[I 2023-12-20 18:11:25,793] Trial 201 finished with value: 0.14566999673843384 and parameters: {'W_layers': 5, 'W_layer_units_exponent_0': 8, 'W_layer_units_exponent_1': 10, 'W_layer_units_exponent_2': 7, 'W_layer_units_exponent_3': 6, 'W_layer_units_exponent_4': 5, 'D_layers': 5, 'D_layer_units_exponent_0': 7, 'D_layer_units_exponent_1': 9, 'D_layer_units_exponent_2': 8, 'D_layer_units_exponent_3': 8, 'D_layer_units_exponent_4': 5, 'D_dagger_layers': 3, 'D_dagger_layer_units_exponent_0': 9, 'D_dagger_layer_units_exponent_1': 4, 'D_dagger_layer_units_exponent_2': 5, 'log_learning_rate': -2.3208261631924936, 'log_learning_rate_D': -3.834024138603242, 'log_learning_rate_D_dagger': -2.384519015444978, 'training_batch_size': 6, 'training_p': 7}. Best is trial 171 with value: 0.11988115310668945.
[I 2023-12-20 18:11:25,893] Using an existing study with name 'my_study' instead of creating a new one.
Time for this trial:  321.2048213481903
Memory status after this trial: 
Memory allocated:  351.8701171875
Memory cached:  374.0
--------------------  Trial  2   --------------------
Start timing: 
Parameters: 
{'W_layers': 4, 'W_layer_units_exponent_0': 7, 'W_layer_units_exponent_1': 4, 'W_layer_units_exponent_2': 7, 'W_layer_units_exponent_3': 4, 'D_layers': 2, 'D_layer_units_exponent_0': 7, 'D_layer_units_exponent_1': 8, 'D_dagger_layers': 2, 'D_dagger_layer_units_exponent_0': 4, 'D_dagger_layer_units_exponent_1': 8, 'log_learning_rate': -3.7767888587943435, 'log_learning_rate_D': -4.706967677681669, 'log_learning_rate_D_dagger': -2.590127222842482, 'training_batch_size': 9, 'training_p': 2}
/home/shengduo/anaconda3/lib/python3.9/site-packages/torch/nn/init.py:405: UserWarning: Initializing zero-element tensors is a no-op
  warnings.warn("Initializing zero-element tensors is a no-op")
	 epoch  0 training error:  tensor(0.8884, device='cuda:0', grad_fn=<DivBackward0>)
Memory status after this epoch: 
Memory allocated:  0.462890625
Memory cached:  8.0
	 epoch  10 training error:  tensor(0.4571, device='cuda:0', grad_fn=<DivBackward0>)
Memory status after this epoch: 
Memory allocated:  0.462890625
Memory cached:  8.0
	 epoch  20 training error:  tensor(0.2940, device='cuda:0', grad_fn=<DivBackward0>)
Memory status after this epoch: 
Memory allocated:  0.462890625
Memory cached:  8.0
	 epoch  30 training error:  tensor(0.3005, device='cuda:0', grad_fn=<DivBackward0>)
Memory status after this epoch: 
Memory allocated:  0.462890625
Memory cached:  10.0
	 epoch  40 training error:  tensor(0.2958, device='cuda:0', grad_fn=<DivBackward0>)
Memory status after this epoch: 
Memory allocated:  0.462890625
Memory cached:  8.0
	 epoch  50 training error:  tensor(0.2974, device='cuda:0', grad_fn=<DivBackward0>)
Memory status after this epoch: 
Memory allocated:  0.462890625
Memory cached:  10.0
	 epoch  60 training error:  tensor(0.2880, device='cuda:0', grad_fn=<DivBackward0>)
Memory status after this epoch: 
Memory allocated:  0.462890625
Memory cached:  8.0
	 epoch  70 training error:  tensor(0.2856, device='cuda:0', grad_fn=<DivBackward0>)
Memory status after this epoch: 
Memory allocated:  0.462890625
Memory cached:  10.0
	 epoch  80 training error:  tensor(0.2865, device='cuda:0', grad_fn=<DivBackward0>)
Memory status after this epoch: 
Memory allocated:  0.462890625
Memory cached:  8.0
	 epoch  90 training error:  tensor(0.2927, device='cuda:0', grad_fn=<DivBackward0>)
Memory status after this epoch: 
Memory allocated:  0.462890625
Memory cached:  10.0
[I 2023-12-20 18:11:44,547] Trial 2 finished with value: 0.3305492103099823 and parameters: {'W_layers': 4, 'W_layer_units_exponent_0': 7, 'W_layer_units_exponent_1': 4, 'W_layer_units_exponent_2': 7, 'W_layer_units_exponent_3': 4, 'D_layers': 2, 'D_layer_units_exponent_0': 7, 'D_layer_units_exponent_1': 8, 'D_dagger_layers': 2, 'D_dagger_layer_units_exponent_0': 4, 'D_dagger_layer_units_exponent_1': 8, 'log_learning_rate': -3.7767888587943435, 'log_learning_rate_D': -4.706967677681669, 'log_learning_rate_D_dagger': -2.590127222842482, 'training_batch_size': 9, 'training_p': 2}. Best is trial 2 with value: 0.3305492103099823.
res:  tensor(0.3305, device='cuda:0', grad_fn=<DivBackward0>)
self.bestValue:  10000000.0
Save this model!
Time for this trial:  18.451504945755005
Memory status after this trial: 
Memory allocated:  28.0869140625
Memory cached:  38.0
--------------------  Trial  3   --------------------
Start timing: 
Parameters: 
{'W_layers': 2, 'W_layer_units_exponent_0': 7, 'W_layer_units_exponent_1': 5, 'D_layers': 2, 'D_layer_units_exponent_0': 5, 'D_layer_units_exponent_1': 9, 'D_dagger_layers': 5, 'D_dagger_layer_units_exponent_0': 6, 'D_dagger_layer_units_exponent_1': 6, 'D_dagger_layer_units_exponent_2': 8, 'D_dagger_layer_units_exponent_3': 8, 'D_dagger_layer_units_exponent_4': 10, 'log_learning_rate': -1.8453539328269462, 'log_learning_rate_D': -2.1121805476634723, 'log_learning_rate_D_dagger': -2.203685955241016, 'training_batch_size': 12, 'training_p': 6}
	 epoch  0 training error:  tensor(1.1429, device='cuda:0', grad_fn=<DivBackward0>)
Memory status after this epoch: 
Memory allocated:  33.61376953125
Memory cached:  44.0
	 epoch  10 training error:  tensor(1.9676, device='cuda:0', grad_fn=<DivBackward0>)
Memory status after this epoch: 
Memory allocated:  33.61376953125
Memory cached:  48.0
	 epoch  20 training error:  tensor(0.7171, device='cuda:0', grad_fn=<DivBackward0>)
Memory status after this epoch: 
Memory allocated:  33.61376953125
Memory cached:  48.0
	 epoch  30 training error:  tensor(0.5495, device='cuda:0', grad_fn=<DivBackward0>)
Memory status after this epoch: 
Memory allocated:  33.61376953125
Memory cached:  48.0
	 epoch  40 training error:  tensor(0.5514, device='cuda:0', grad_fn=<DivBackward0>)
Memory status after this epoch: 
Memory allocated:  33.61376953125
Memory cached:  48.0
	 epoch  50 training error:  tensor(0.5510, device='cuda:0', grad_fn=<DivBackward0>)
Memory status after this epoch: 
Memory allocated:  33.61376953125
Memory cached:  48.0
	 epoch  60 training error:  tensor(0.5354, device='cuda:0', grad_fn=<DivBackward0>)
Memory status after this epoch: 
Memory allocated:  33.61376953125
Memory cached:  48.0
	 epoch  70 training error:  tensor(0.5181, device='cuda:0', grad_fn=<DivBackward0>)
Memory status after this epoch: 
Memory allocated:  33.61376953125
Memory cached:  48.0
	 epoch  80 training error:  tensor(0.5128, device='cuda:0', grad_fn=<DivBackward0>)
Memory status after this epoch: 
Memory allocated:  33.61376953125
Memory cached:  48.0
	 epoch  90 training error:  tensor(0.5205, device='cuda:0', grad_fn=<DivBackward0>)
Memory status after this epoch: 
Memory allocated:  33.61376953125
Memory cached:  48.0
[I 2023-12-20 18:12:04,905] Trial 3 finished with value: 0.4250698983669281 and parameters: {'W_layers': 2, 'W_layer_units_exponent_0': 7, 'W_layer_units_exponent_1': 5, 'D_layers': 2, 'D_layer_units_exponent_0': 5, 'D_layer_units_exponent_1': 9, 'D_dagger_layers': 5, 'D_dagger_layer_units_exponent_0': 6, 'D_dagger_layer_units_exponent_1': 6, 'D_dagger_layer_units_exponent_2': 8, 'D_dagger_layer_units_exponent_3': 8, 'D_dagger_layer_units_exponent_4': 10, 'log_learning_rate': -1.8453539328269462, 'log_learning_rate_D': -2.1121805476634723, 'log_learning_rate_D_dagger': -2.203685955241016, 'training_batch_size': 12, 'training_p': 6}. Best is trial 2 with value: 0.3305492103099823.
Time for this trial:  20.131284713745117
Memory status after this trial: 
Memory allocated:  122.07275390625
Memory cached:  138.0
--------------------  Trial  4   --------------------
Start timing: 
Parameters: 
{'W_layers': 4, 'W_layer_units_exponent_0': 8, 'W_layer_units_exponent_1': 7, 'W_layer_units_exponent_2': 9, 'W_layer_units_exponent_3': 9, 'D_layers': 8, 'D_layer_units_exponent_0': 8, 'D_layer_units_exponent_1': 5, 'D_layer_units_exponent_2': 8, 'D_layer_units_exponent_3': 4, 'D_layer_units_exponent_4': 9, 'D_layer_units_exponent_5': 8, 'D_layer_units_exponent_6': 9, 'D_layer_units_exponent_7': 4, 'D_dagger_layers': 3, 'D_dagger_layer_units_exponent_0': 7, 'D_dagger_layer_units_exponent_1': 8, 'D_dagger_layer_units_exponent_2': 9, 'log_learning_rate': -4.698999290270907, 'log_learning_rate_D': -2.461577828799913, 'log_learning_rate_D_dagger': -2.47227900411595, 'training_batch_size': 12, 'training_p': 3}
	 epoch  0 training error:  tensor(1.0750, device='cuda:0', grad_fn=<DivBackward0>)
Memory status after this epoch: 
Memory allocated:  37.3251953125
Memory cached:  48.0
	 epoch  10 training error:  tensor(0.5810, device='cuda:0', grad_fn=<DivBackward0>)
Memory status after this epoch: 
Memory allocated:  37.3251953125
Memory cached:  48.0
	 epoch  20 training error:  tensor(0.4219, device='cuda:0', grad_fn=<DivBackward0>)
Memory status after this epoch: 
Memory allocated:  37.3251953125
Memory cached:  48.0
	 epoch  30 training error:  tensor(0.4072, device='cuda:0', grad_fn=<DivBackward0>)
Memory status after this epoch: 
Memory allocated:  37.3251953125
Memory cached:  48.0
	 epoch  40 training error:  tensor(0.3861, device='cuda:0', grad_fn=<DivBackward0>)
Memory status after this epoch: 
Memory allocated:  37.3251953125
Memory cached:  48.0
	 epoch  50 training error:  tensor(0.3887, device='cuda:0', grad_fn=<DivBackward0>)
Memory status after this epoch: 
Memory allocated:  37.3251953125
Memory cached:  48.0
	 epoch  60 training error:  tensor(0.3731, device='cuda:0', grad_fn=<DivBackward0>)
Memory status after this epoch: 
Memory allocated:  37.3251953125
Memory cached:  48.0
	 epoch  70 training error:  tensor(0.3787, device='cuda:0', grad_fn=<DivBackward0>)
Memory status after this epoch: 
Memory allocated:  37.3251953125
Memory cached:  48.0
	 epoch  80 training error:  tensor(0.3818, device='cuda:0', grad_fn=<DivBackward0>)
Memory status after this epoch: 
Memory allocated:  37.3251953125
Memory cached:  48.0
	 epoch  90 training error:  tensor(0.3776, device='cuda:0', grad_fn=<DivBackward0>)
Memory status after this epoch: 
Memory allocated:  37.3251953125
Memory cached:  48.0
[I 2023-12-20 18:12:25,298] Trial 4 finished with value: 0.354588121175766 and parameters: {'W_layers': 4, 'W_layer_units_exponent_0': 8, 'W_layer_units_exponent_1': 7, 'W_layer_units_exponent_2': 9, 'W_layer_units_exponent_3': 9, 'D_layers': 8, 'D_layer_units_exponent_0': 8, 'D_layer_units_exponent_1': 5, 'D_layer_units_exponent_2': 8, 'D_layer_units_exponent_3': 4, 'D_layer_units_exponent_4': 9, 'D_layer_units_exponent_5': 8, 'D_layer_units_exponent_6': 9, 'D_layer_units_exponent_7': 4, 'D_dagger_layers': 3, 'D_dagger_layer_units_exponent_0': 7, 'D_dagger_layer_units_exponent_1': 8, 'D_dagger_layer_units_exponent_2': 9, 'log_learning_rate': -4.698999290270907, 'log_learning_rate_D': -2.461577828799913, 'log_learning_rate_D_dagger': -2.47227900411595, 'training_batch_size': 12, 'training_p': 3}. Best is trial 2 with value: 0.3305492103099823.
Time for this trial:  20.152143955230713
Memory status after this trial: 
Memory allocated:  149.73486328125
Memory cached:  182.0
--------------------  Trial  5   --------------------
Start timing: 
Parameters: 
{'W_layers': 5, 'W_layer_units_exponent_0': 8, 'W_layer_units_exponent_1': 4, 'W_layer_units_exponent_2': 4, 'W_layer_units_exponent_3': 6, 'W_layer_units_exponent_4': 8, 'D_layers': 2, 'D_layer_units_exponent_0': 4, 'D_layer_units_exponent_1': 10, 'D_dagger_layers': 2, 'D_dagger_layer_units_exponent_0': 9, 'D_dagger_layer_units_exponent_1': 6, 'log_learning_rate': -1.9360012865667682, 'log_learning_rate_D': -4.9346347055951085, 'log_learning_rate_D_dagger': -4.441544000613323, 'training_batch_size': 10, 'training_p': 6}
	 epoch  0 training error:  tensor(0.9953, device='cuda:0', grad_fn=<DivBackward0>)
Memory status after this epoch: 
Memory allocated:  29.06298828125
Memory cached:  42.0
	 epoch  10 training error:  tensor(0.6702, device='cuda:0', grad_fn=<DivBackward0>)
Memory status after this epoch: 
Memory allocated:  29.06298828125
Memory cached:  42.0
	 epoch  20 training error:  tensor(0.5763, device='cuda:0', grad_fn=<DivBackward0>)
Memory status after this epoch: 
Memory allocated:  29.06298828125
Memory cached:  42.0
	 epoch  30 training error:  tensor(0.5579, device='cuda:0', grad_fn=<DivBackward0>)
Memory status after this epoch: 
Memory allocated:  29.06298828125
Memory cached:  42.0
	 epoch  40 training error:  tensor(0.5326, device='cuda:0', grad_fn=<DivBackward0>)
Memory status after this epoch: 
Memory allocated:  29.06298828125
Memory cached:  42.0
	 epoch  50 training error:  tensor(0.5299, device='cuda:0', grad_fn=<DivBackward0>)
Memory status after this epoch: 
Memory allocated:  29.06298828125
Memory cached:  42.0
	 epoch  60 training error:  tensor(0.5233, device='cuda:0', grad_fn=<DivBackward0>)
Memory status after this epoch: 
Memory allocated:  29.06298828125
Memory cached:  42.0
	 epoch  70 training error:  tensor(0.5275, device='cuda:0', grad_fn=<DivBackward0>)
Memory status after this epoch: 
Memory allocated:  29.06298828125
Memory cached:  42.0
	 epoch  80 training error:  tensor(0.5258, device='cuda:0', grad_fn=<DivBackward0>)
Memory status after this epoch: 
Memory allocated:  29.06298828125
Memory cached:  42.0
	 epoch  90 training error:  tensor(0.5225, device='cuda:0', grad_fn=<DivBackward0>)
Memory status after this epoch: 
Memory allocated:  29.06298828125
Memory cached:  42.0
[I 2023-12-20 18:12:45,047] Trial 5 finished with value: 0.42038479447364807 and parameters: {'W_layers': 5, 'W_layer_units_exponent_0': 8, 'W_layer_units_exponent_1': 4, 'W_layer_units_exponent_2': 4, 'W_layer_units_exponent_3': 6, 'W_layer_units_exponent_4': 8, 'D_layers': 2, 'D_layer_units_exponent_0': 4, 'D_layer_units_exponent_1': 10, 'D_dagger_layers': 2, 'D_dagger_layer_units_exponent_0': 9, 'D_dagger_layer_units_exponent_1': 6, 'log_learning_rate': -1.9360012865667682, 'log_learning_rate_D': -4.9346347055951085, 'log_learning_rate_D_dagger': -4.441544000613323, 'training_batch_size': 10, 'training_p': 6}. Best is trial 2 with value: 0.3305492103099823.
Time for this trial:  19.537843227386475
Memory status after this trial: 
Memory allocated:  90.76220703125
Memory cached:  108.0
--------------------  Trial  6   --------------------
Start timing: 
Parameters: 
{'W_layers': 6, 'W_layer_units_exponent_0': 8, 'W_layer_units_exponent_1': 4, 'W_layer_units_exponent_2': 9, 'W_layer_units_exponent_3': 7, 'W_layer_units_exponent_4': 4, 'W_layer_units_exponent_5': 8, 'D_layers': 6, 'D_layer_units_exponent_0': 7, 'D_layer_units_exponent_1': 9, 'D_layer_units_exponent_2': 7, 'D_layer_units_exponent_3': 4, 'D_layer_units_exponent_4': 5, 'D_layer_units_exponent_5': 6, 'D_dagger_layers': 4, 'D_dagger_layer_units_exponent_0': 4, 'D_dagger_layer_units_exponent_1': 10, 'D_dagger_layer_units_exponent_2': 6, 'D_dagger_layer_units_exponent_3': 7, 'log_learning_rate': -3.4585451368865696, 'log_learning_rate_D': -1.0109918662323434, 'log_learning_rate_D_dagger': -3.5769402983410865, 'training_batch_size': 10, 'training_p': 2}
	 epoch  0 training error:  tensor(0.8930, device='cuda:0', grad_fn=<DivBackward0>)
Memory status after this epoch: 
Memory allocated:  31.3525390625
Memory cached:  46.0
	 epoch  10 training error:  tensor(0.3298, device='cuda:0', grad_fn=<DivBackward0>)
Memory status after this epoch: 
Memory allocated:  31.3525390625
Memory cached:  48.0
	 epoch  20 training error:  tensor(0.3160, device='cuda:0', grad_fn=<DivBackward0>)
Memory status after this epoch: 
Memory allocated:  31.3525390625
Memory cached:  48.0
	 epoch  30 training error:  tensor(0.2916, device='cuda:0', grad_fn=<DivBackward0>)
Memory status after this epoch: 
Memory allocated:  31.3525390625
Memory cached:  48.0
	 epoch  40 training error:  tensor(0.2910, device='cuda:0', grad_fn=<DivBackward0>)
Memory status after this epoch: 
Memory allocated:  31.3525390625
Memory cached:  48.0
	 epoch  50 training error:  tensor(0.2881, device='cuda:0', grad_fn=<DivBackward0>)
Memory status after this epoch: 
Memory allocated:  31.3525390625
Memory cached:  48.0
	 epoch  60 training error:  tensor(0.2844, device='cuda:0', grad_fn=<DivBackward0>)
Memory status after this epoch: 
Memory allocated:  31.3525390625
Memory cached:  48.0
	 epoch  70 training error:  tensor(0.2850, device='cuda:0', grad_fn=<DivBackward0>)
Memory status after this epoch: 
Memory allocated:  31.3525390625
Memory cached:  50.0
	 epoch  80 training error:  tensor(0.2857, device='cuda:0', grad_fn=<DivBackward0>)
Memory status after this epoch: 
Memory allocated:  31.3525390625
Memory cached:  48.0
	 epoch  90 training error:  tensor(0.2886, device='cuda:0', grad_fn=<DivBackward0>)
Memory status after this epoch: 
Memory allocated:  31.3525390625
Memory cached:  48.0
