[I 2023-12-07 03:58:00,427] Trial 41 finished with value: 0.7136365175247192 and parameters: {'W_layers': 3, 'W_layer_units_exponent_0': 10, 'W_layer_units_exponent_1': 4, 'W_layer_units_exponent_2': 9, 'D_layers': 3, 'D_layer_units_exponent_0': 9, 'D_layer_units_exponent_1': 5, 'D_layer_units_exponent_2': 7, 'D_dagger_layers': 2, 'D_dagger_layer_units_exponent_0': 8, 'D_dagger_layer_units_exponent_1': 10, 'log_learning_rate': -1.9744124814081823, 'log_learning_rate_D': -4.582269814015536, 'log_learning_rate_D_dagger': -3.866760861777486, 'training_batch_size': 11, 'training_p': 3}. Best is trial 16 with value: 0.533810019493103.
Time for this trial:  17.864588499069214
Memory status after this trial: 
Memory allocated:  450.15478515625
Memory cached:  492.0
--------------------  Trial  42   --------------------
Start timing: 
Parameters: 
{'W_layers': 4, 'W_layer_units_exponent_0': 10, 'W_layer_units_exponent_1': 5, 'W_layer_units_exponent_2': 10, 'W_layer_units_exponent_3': 9, 'D_layers': 2, 'D_layer_units_exponent_0': 7, 'D_layer_units_exponent_1': 5, 'D_dagger_layers': 5, 'D_dagger_layer_units_exponent_0': 9, 'D_dagger_layer_units_exponent_1': 10, 'D_dagger_layer_units_exponent_2': 7, 'D_dagger_layer_units_exponent_3': 7, 'D_dagger_layer_units_exponent_4': 7, 'log_learning_rate': -1.6786180900770045, 'log_learning_rate_D': -4.828890497019465, 'log_learning_rate_D_dagger': -4.070542265622945, 'training_batch_size': 12, 'training_p': 3}
	 epoch  0 training error:  tensor(0.9806, device='cuda:0', grad_fn=<DivBackward0>)
Memory status after this epoch: 
Memory allocated:  326.78955078125
Memory cached:  456.0
	 epoch  10 training error:  tensor(1.8125, device='cuda:0', grad_fn=<DivBackward0>)
Memory status after this epoch: 
Memory allocated:  326.78955078125
Memory cached:  456.0
	 epoch  20 training error:  tensor(3.7876, device='cuda:0', grad_fn=<DivBackward0>)
Memory status after this epoch: 
Memory allocated:  326.78955078125
Memory cached:  456.0
	 epoch  30 training error:  tensor(2.8898, device='cuda:0', grad_fn=<DivBackward0>)
Memory status after this epoch: 
Memory allocated:  326.78955078125
Memory cached:  456.0
	 epoch  40 training error:  tensor(11.3872, device='cuda:0', grad_fn=<DivBackward0>)
Memory status after this epoch: 
Memory allocated:  326.78955078125
Memory cached:  456.0
	 epoch  50 training error:  tensor(0.7897, device='cuda:0', grad_fn=<DivBackward0>)
Memory status after this epoch: 
Memory allocated:  326.78955078125
Memory cached:  456.0
	 epoch  60 training error:  tensor(0.7821, device='cuda:0', grad_fn=<DivBackward0>)
Memory status after this epoch: 
Memory allocated:  326.78955078125
Memory cached:  456.0
	 epoch  70 training error:  tensor(0.7631, device='cuda:0', grad_fn=<DivBackward0>)
Memory status after this epoch: 
Memory allocated:  326.78955078125
Memory cached:  456.0
	 epoch  80 training error:  tensor(0.7522, device='cuda:0', grad_fn=<DivBackward0>)
Memory status after this epoch: 
Memory allocated:  326.78955078125
Memory cached:  456.0
	 epoch  90 training error:  tensor(0.7480, device='cuda:0', grad_fn=<DivBackward0>)
Memory status after this epoch: 
Memory allocated:  326.78955078125
Memory cached:  456.0
[I 2023-12-07 03:58:20,700] Trial 42 finished with value: 0.7008847594261169 and parameters: {'W_layers': 4, 'W_layer_units_exponent_0': 10, 'W_layer_units_exponent_1': 5, 'W_layer_units_exponent_2': 10, 'W_layer_units_exponent_3': 9, 'D_layers': 2, 'D_layer_units_exponent_0': 7, 'D_layer_units_exponent_1': 5, 'D_dagger_layers': 5, 'D_dagger_layer_units_exponent_0': 9, 'D_dagger_layer_units_exponent_1': 10, 'D_dagger_layer_units_exponent_2': 7, 'D_dagger_layer_units_exponent_3': 7, 'D_dagger_layer_units_exponent_4': 7, 'log_learning_rate': -1.6786180900770045, 'log_learning_rate_D': -4.828890497019465, 'log_learning_rate_D_dagger': -4.070542265622945, 'training_batch_size': 12, 'training_p': 3}. Best is trial 16 with value: 0.533810019493103.
Time for this trial:  20.0224666595459
Memory status after this trial: 
Memory allocated:  555.87646484375
Memory cached:  590.0
--------------------  Trial  43   --------------------
Start timing: 
Parameters: 
{'W_layers': 5, 'W_layer_units_exponent_0': 10, 'W_layer_units_exponent_1': 4, 'W_layer_units_exponent_2': 9, 'W_layer_units_exponent_3': 8, 'W_layer_units_exponent_4': 8, 'D_layers': 4, 'D_layer_units_exponent_0': 6, 'D_layer_units_exponent_1': 6, 'D_layer_units_exponent_2': 8, 'D_layer_units_exponent_3': 9, 'D_dagger_layers': 4, 'D_dagger_layer_units_exponent_0': 8, 'D_dagger_layer_units_exponent_1': 9, 'D_dagger_layer_units_exponent_2': 8, 'D_dagger_layer_units_exponent_3': 7, 'log_learning_rate': -2.4142071918872405, 'log_learning_rate_D': -4.987520856204881, 'log_learning_rate_D_dagger': -3.771404109474679, 'training_batch_size': 11, 'training_p': 3}
	 epoch  0 training error:  tensor(1.0159, device='cuda:0', grad_fn=<DivBackward0>)
Memory status after this epoch: 
Memory allocated:  314.2041015625
Memory cached:  456.0
	 epoch  10 training error:  tensor(0.9204, device='cuda:0', grad_fn=<DivBackward0>)
Memory status after this epoch: 
Memory allocated:  314.2041015625
Memory cached:  456.0
	 epoch  20 training error:  tensor(0.8299, device='cuda:0', grad_fn=<DivBackward0>)
Memory status after this epoch: 
Memory allocated:  314.2041015625
Memory cached:  456.0
	 epoch  30 training error:  tensor(0.7920, device='cuda:0', grad_fn=<DivBackward0>)
Memory status after this epoch: 
Memory allocated:  314.2041015625
Memory cached:  456.0
	 epoch  40 training error:  tensor(0.7857, device='cuda:0', grad_fn=<DivBackward0>)
Memory status after this epoch: 
Memory allocated:  314.2041015625
Memory cached:  456.0
	 epoch  50 training error:  tensor(0.7774, device='cuda:0', grad_fn=<DivBackward0>)
Memory status after this epoch: 
Memory allocated:  314.2041015625
Memory cached:  456.0
	 epoch  60 training error:  tensor(0.7671, device='cuda:0', grad_fn=<DivBackward0>)
Memory status after this epoch: 
Memory allocated:  314.2041015625
Memory cached:  456.0
	 epoch  70 training error:  tensor(0.7521, device='cuda:0', grad_fn=<DivBackward0>)
Memory status after this epoch: 
Memory allocated:  314.2041015625
Memory cached:  456.0
	 epoch  80 training error:  tensor(0.7261, device='cuda:0', grad_fn=<DivBackward0>)
Memory status after this epoch: 
Memory allocated:  314.2041015625
Memory cached:  456.0
	 epoch  90 training error:  tensor(0.6766, device='cuda:0', grad_fn=<DivBackward0>)
Memory status after this epoch: 
Memory allocated:  314.2041015625
Memory cached:  456.0
[I 2023-12-07 03:58:40,250] Trial 43 finished with value: 0.5688320994377136 and parameters: {'W_layers': 5, 'W_layer_units_exponent_0': 10, 'W_layer_units_exponent_1': 4, 'W_layer_units_exponent_2': 9, 'W_layer_units_exponent_3': 8, 'W_layer_units_exponent_4': 8, 'D_layers': 4, 'D_layer_units_exponent_0': 6, 'D_layer_units_exponent_1': 6, 'D_layer_units_exponent_2': 8, 'D_layer_units_exponent_3': 9, 'D_dagger_layers': 4, 'D_dagger_layer_units_exponent_0': 8, 'D_dagger_layer_units_exponent_1': 9, 'D_dagger_layer_units_exponent_2': 8, 'D_dagger_layer_units_exponent_3': 7, 'log_learning_rate': -2.4142071918872405, 'log_learning_rate_D': -4.987520856204881, 'log_learning_rate_D_dagger': -3.771404109474679, 'training_batch_size': 11, 'training_p': 3}. Best is trial 16 with value: 0.533810019493103.
Time for this trial:  19.331108331680298
Memory status after this trial: 
Memory allocated:  482.13330078125
Memory cached:  512.0
--------------------  Trial  44   --------------------
Start timing: 
Parameters: 
{'W_layers': 4, 'W_layer_units_exponent_0': 9, 'W_layer_units_exponent_1': 5, 'W_layer_units_exponent_2': 8, 'W_layer_units_exponent_3': 9, 'D_layers': 3, 'D_layer_units_exponent_0': 7, 'D_layer_units_exponent_1': 5, 'D_layer_units_exponent_2': 10, 'D_dagger_layers': 8, 'D_dagger_layer_units_exponent_0': 6, 'D_dagger_layer_units_exponent_1': 10, 'D_dagger_layer_units_exponent_2': 7, 'D_dagger_layer_units_exponent_3': 4, 'D_dagger_layer_units_exponent_4': 5, 'D_dagger_layer_units_exponent_5': 5, 'D_dagger_layer_units_exponent_6': 10, 'D_dagger_layer_units_exponent_7': 6, 'log_learning_rate': -2.11521053282376, 'log_learning_rate_D': -4.437853874679499, 'log_learning_rate_D_dagger': -3.5833810265896453, 'training_batch_size': 10, 'training_p': 2}
	 epoch  0 training error:  tensor(1.0248, device='cuda:0', grad_fn=<DivBackward0>)
Memory status after this epoch: 
Memory allocated:  312.83203125
Memory cached:  456.0
	 epoch  10 training error:  tensor(1.2179, device='cuda:0', grad_fn=<DivBackward0>)
Memory status after this epoch: 
Memory allocated:  312.83203125
Memory cached:  460.0
	 epoch  20 training error:  tensor(0.9185, device='cuda:0', grad_fn=<DivBackward0>)
Memory status after this epoch: 
Memory allocated:  312.83203125
Memory cached:  460.0
	 epoch  30 training error:  tensor(0.7438, device='cuda:0', grad_fn=<DivBackward0>)
Memory status after this epoch: 
Memory allocated:  312.83203125
Memory cached:  460.0
	 epoch  40 training error:  tensor(0.7211, device='cuda:0', grad_fn=<DivBackward0>)
Memory status after this epoch: 
Memory allocated:  312.83203125
Memory cached:  460.0
	 epoch  50 training error:  tensor(0.7080, device='cuda:0', grad_fn=<DivBackward0>)
Memory status after this epoch: 
Memory allocated:  312.83203125
Memory cached:  460.0
	 epoch  60 training error:  tensor(0.6995, device='cuda:0', grad_fn=<DivBackward0>)
Memory status after this epoch: 
Memory allocated:  312.83203125
Memory cached:  460.0
	 epoch  70 training error:  tensor(0.6855, device='cuda:0', grad_fn=<DivBackward0>)
Memory status after this epoch: 
Memory allocated:  312.83203125
Memory cached:  460.0
	 epoch  80 training error:  tensor(0.6620, device='cuda:0', grad_fn=<DivBackward0>)
Memory status after this epoch: 
Memory allocated:  312.83203125
Memory cached:  460.0
	 epoch  90 training error:  tensor(0.6019, device='cuda:0', grad_fn=<DivBackward0>)
Memory status after this epoch: 
Memory allocated:  312.83203125
Memory cached:  460.0
[I 2023-12-07 03:59:00,866] Trial 44 finished with value: 0.5180924534797668 and parameters: {'W_layers': 4, 'W_layer_units_exponent_0': 9, 'W_layer_units_exponent_1': 5, 'W_layer_units_exponent_2': 8, 'W_layer_units_exponent_3': 9, 'D_layers': 3, 'D_layer_units_exponent_0': 7, 'D_layer_units_exponent_1': 5, 'D_layer_units_exponent_2': 10, 'D_dagger_layers': 8, 'D_dagger_layer_units_exponent_0': 6, 'D_dagger_layer_units_exponent_1': 10, 'D_dagger_layer_units_exponent_2': 7, 'D_dagger_layer_units_exponent_3': 4, 'D_dagger_layer_units_exponent_4': 5, 'D_dagger_layer_units_exponent_5': 5, 'D_dagger_layer_units_exponent_6': 10, 'D_dagger_layer_units_exponent_7': 6, 'log_learning_rate': -2.11521053282376, 'log_learning_rate_D': -4.437853874679499, 'log_learning_rate_D_dagger': -3.5833810265896453, 'training_batch_size': 10, 'training_p': 2}. Best is trial 44 with value: 0.5180924534797668.
res:  tensor(0.5181, device='cuda:0', grad_fn=<DivBackward0>)
self.bestValue:  tensor(0.5338, device='cuda:0', grad_fn=<DivBackward0>)
Save this model!
Time for this trial:  20.388131380081177
Memory status after this trial: 
Memory allocated:  199.8525390625
Memory cached:  370.0
--------------------  Trial  45   --------------------
Start timing: 
Parameters: 
{'W_layers': 4, 'W_layer_units_exponent_0': 8, 'W_layer_units_exponent_1': 7, 'W_layer_units_exponent_2': 10, 'W_layer_units_exponent_3': 9, 'D_layers': 3, 'D_layer_units_exponent_0': 7, 'D_layer_units_exponent_1': 6, 'D_layer_units_exponent_2': 10, 'D_dagger_layers': 8, 'D_dagger_layer_units_exponent_0': 7, 'D_dagger_layer_units_exponent_1': 7, 'D_dagger_layer_units_exponent_2': 6, 'D_dagger_layer_units_exponent_3': 5, 'D_dagger_layer_units_exponent_4': 7, 'D_dagger_layer_units_exponent_5': 5, 'D_dagger_layer_units_exponent_6': 6, 'D_dagger_layer_units_exponent_7': 6, 'log_learning_rate': -2.145387808065423, 'log_learning_rate_D': -4.68359850919912, 'log_learning_rate_D_dagger': -3.5700517473336997, 'training_batch_size': 10, 'training_p': 2}
	 epoch  0 training error:  tensor(1.0288, device='cuda:0', grad_fn=<DivBackward0>)
Memory status after this epoch: 
Memory allocated:  212.0166015625
Memory cached:  370.0
	 epoch  10 training error:  tensor(1.1002, device='cuda:0', grad_fn=<DivBackward0>)
Memory status after this epoch: 
Memory allocated:  212.0166015625
Memory cached:  372.0
	 epoch  20 training error:  tensor(1.0766, device='cuda:0', grad_fn=<DivBackward0>)
Memory status after this epoch: 
Memory allocated:  212.0166015625
Memory cached:  372.0
	 epoch  30 training error:  tensor(0.9619, device='cuda:0', grad_fn=<DivBackward0>)
Memory status after this epoch: 
Memory allocated:  212.0166015625
Memory cached:  372.0
	 epoch  40 training error:  tensor(0.9383, device='cuda:0', grad_fn=<DivBackward0>)
Memory status after this epoch: 
Memory allocated:  212.0166015625
Memory cached:  372.0
	 epoch  50 training error:  tensor(0.8715, device='cuda:0', grad_fn=<DivBackward0>)
Memory status after this epoch: 
Memory allocated:  212.0166015625
Memory cached:  372.0
	 epoch  60 training error:  tensor(0.7338, device='cuda:0', grad_fn=<DivBackward0>)
Memory status after this epoch: 
Memory allocated:  212.0166015625
Memory cached:  372.0
	 epoch  70 training error:  tensor(0.7280, device='cuda:0', grad_fn=<DivBackward0>)
Memory status after this epoch: 
Memory allocated:  212.0166015625
Memory cached:  372.0
	 epoch  80 training error:  tensor(0.7213, device='cuda:0', grad_fn=<DivBackward0>)
Memory status after this epoch: 
Memory allocated:  212.0166015625
Memory cached:  372.0
	 epoch  90 training error:  tensor(0.7099, device='cuda:0', grad_fn=<DivBackward0>)
Memory status after this epoch: 
Memory allocated:  212.0166015625
Memory cached:  372.0
[I 2023-12-07 03:59:20,107] Trial 45 finished with value: 0.6779173612594604 and parameters: {'W_layers': 4, 'W_layer_units_exponent_0': 8, 'W_layer_units_exponent_1': 7, 'W_layer_units_exponent_2': 10, 'W_layer_units_exponent_3': 9, 'D_layers': 3, 'D_layer_units_exponent_0': 7, 'D_layer_units_exponent_1': 6, 'D_layer_units_exponent_2': 10, 'D_dagger_layers': 8, 'D_dagger_layer_units_exponent_0': 7, 'D_dagger_layer_units_exponent_1': 7, 'D_dagger_layer_units_exponent_2': 6, 'D_dagger_layer_units_exponent_3': 5, 'D_dagger_layer_units_exponent_4': 7, 'D_dagger_layer_units_exponent_5': 5, 'D_dagger_layer_units_exponent_6': 6, 'D_dagger_layer_units_exponent_7': 6, 'log_learning_rate': -2.145387808065423, 'log_learning_rate_D': -4.68359850919912, 'log_learning_rate_D_dagger': -3.5700517473336997, 'training_batch_size': 10, 'training_p': 2}. Best is trial 44 with value: 0.5180924534797668.
Time for this trial:  19.02200675010681
Memory status after this trial: 
Memory allocated:  340.06103515625
Memory cached:  398.0
--------------------  Trial  46   --------------------
Start timing: 
Parameters: 
{'W_layers': 5, 'W_layer_units_exponent_0': 9, 'W_layer_units_exponent_1': 5, 'W_layer_units_exponent_2': 9, 'W_layer_units_exponent_3': 8, 'W_layer_units_exponent_4': 10, 'D_layers': 2, 'D_layer_units_exponent_0': 8, 'D_layer_units_exponent_1': 4, 'D_dagger_layers': 8, 'D_dagger_layer_units_exponent_0': 6, 'D_dagger_layer_units_exponent_1': 10, 'D_dagger_layer_units_exponent_2': 7, 'D_dagger_layer_units_exponent_3': 4, 'D_dagger_layer_units_exponent_4': 6, 'D_dagger_layer_units_exponent_5': 4, 'D_dagger_layer_units_exponent_6': 9, 'D_dagger_layer_units_exponent_7': 8, 'log_learning_rate': -2.030144865223674, 'log_learning_rate_D': -3.8341048742456385, 'log_learning_rate_D_dagger': -3.274906764434961, 'training_batch_size': 9, 'training_p': 2}
	 epoch  0 training error:  tensor(0.9774, device='cuda:0', grad_fn=<DivBackward0>)
Memory status after this epoch: 
Memory allocated:  211.693359375
Memory cached:  372.0
	 epoch  10 training error:  tensor(0.9613, device='cuda:0', grad_fn=<DivBackward0>)
Memory status after this epoch: 
Memory allocated:  211.693359375
Memory cached:  376.0
	 epoch  20 training error:  tensor(0.8369, device='cuda:0', grad_fn=<DivBackward0>)
Memory status after this epoch: 
Memory allocated:  211.693359375
Memory cached:  376.0
	 epoch  30 training error:  tensor(0.7545, device='cuda:0', grad_fn=<DivBackward0>)
Memory status after this epoch: 
Memory allocated:  211.693359375
Memory cached:  376.0
	 epoch  40 training error:  tensor(0.7185, device='cuda:0', grad_fn=<DivBackward0>)
Memory status after this epoch: 
Memory allocated:  211.693359375
Memory cached:  376.0
	 epoch  50 training error:  tensor(0.6994, device='cuda:0', grad_fn=<DivBackward0>)
Memory status after this epoch: 
Memory allocated:  211.693359375
Memory cached:  376.0
	 epoch  60 training error:  tensor(0.6367, device='cuda:0', grad_fn=<DivBackward0>)
Memory status after this epoch: 
Memory allocated:  211.693359375
Memory cached:  376.0
	 epoch  70 training error:  tensor(0.5692, device='cuda:0', grad_fn=<DivBackward0>)
Memory status after this epoch: 
Memory allocated:  211.693359375
Memory cached:  376.0
	 epoch  80 training error:  tensor(0.6164, device='cuda:0', grad_fn=<DivBackward0>)
Memory status after this epoch: 
Memory allocated:  211.693359375
Memory cached:  376.0
	 epoch  90 training error:  tensor(0.5766, device='cuda:0', grad_fn=<DivBackward0>)
Memory status after this epoch: 
Memory allocated:  211.693359375
Memory cached:  376.0
[I 2023-12-07 03:59:41,174] Trial 46 finished with value: 0.5139344334602356 and parameters: {'W_layers': 5, 'W_layer_units_exponent_0': 9, 'W_layer_units_exponent_1': 5, 'W_layer_units_exponent_2': 9, 'W_layer_units_exponent_3': 8, 'W_layer_units_exponent_4': 10, 'D_layers': 2, 'D_layer_units_exponent_0': 8, 'D_layer_units_exponent_1': 4, 'D_dagger_layers': 8, 'D_dagger_layer_units_exponent_0': 6, 'D_dagger_layer_units_exponent_1': 10, 'D_dagger_layer_units_exponent_2': 7, 'D_dagger_layer_units_exponent_3': 4, 'D_dagger_layer_units_exponent_4': 6, 'D_dagger_layer_units_exponent_5': 4, 'D_dagger_layer_units_exponent_6': 9, 'D_dagger_layer_units_exponent_7': 8, 'log_learning_rate': -2.030144865223674, 'log_learning_rate_D': -3.8341048742456385, 'log_learning_rate_D_dagger': -3.274906764434961, 'training_batch_size': 9, 'training_p': 2}. Best is trial 46 with value: 0.5139344334602356.
res:  tensor(0.5139, device='cuda:0', grad_fn=<DivBackward0>)
self.bestValue:  tensor(0.5181, device='cuda:0', grad_fn=<DivBackward0>)
Save this model!
Time for this trial:  20.87390685081482
Memory status after this trial: 
Memory allocated:  237.572265625
Memory cached:  440.0
--------------------  Trial  47   --------------------
Start timing: 
Parameters: 
{'W_layers': 4, 'W_layer_units_exponent_0': 9, 'W_layer_units_exponent_1': 5, 'W_layer_units_exponent_2': 8, 'W_layer_units_exponent_3': 9, 'D_layers': 2, 'D_layer_units_exponent_0': 8, 'D_layer_units_exponent_1': 4, 'D_dagger_layers': 8, 'D_dagger_layer_units_exponent_0': 6, 'D_dagger_layer_units_exponent_1': 10, 'D_dagger_layer_units_exponent_2': 6, 'D_dagger_layer_units_exponent_3': 5, 'D_dagger_layer_units_exponent_4': 5, 'D_dagger_layer_units_exponent_5': 4, 'D_dagger_layer_units_exponent_6': 9, 'D_dagger_layer_units_exponent_7': 8, 'log_learning_rate': -2.3450796310535393, 'log_learning_rate_D': -3.7906645045260436, 'log_learning_rate_D_dagger': -3.091385533122903, 'training_batch_size': 8, 'training_p': 2}
	 epoch  0 training error:  tensor(1.0325, device='cuda:0', grad_fn=<DivBackward0>)
Memory status after this epoch: 
Memory allocated:  244.2568359375
Memory cached:  440.0
	 epoch  10 training error:  tensor(1.1779, device='cuda:0', grad_fn=<DivBackward0>)
Memory status after this epoch: 
Memory allocated:  244.2568359375
Memory cached:  440.0
	 epoch  20 training error:  tensor(0.8131, device='cuda:0', grad_fn=<DivBackward0>)
Memory status after this epoch: 
Memory allocated:  244.2568359375
Memory cached:  440.0
	 epoch  30 training error:  tensor(0.7265, device='cuda:0', grad_fn=<DivBackward0>)
Memory status after this epoch: 
Memory allocated:  244.2568359375
Memory cached:  440.0
	 epoch  40 training error:  tensor(0.6522, device='cuda:0', grad_fn=<DivBackward0>)
Memory status after this epoch: 
Memory allocated:  244.2568359375
Memory cached:  440.0
	 epoch  50 training error:  tensor(0.5686, device='cuda:0', grad_fn=<DivBackward0>)
Memory status after this epoch: 
Memory allocated:  244.2568359375
Memory cached:  440.0
	 epoch  60 training error:  tensor(0.5774, device='cuda:0', grad_fn=<DivBackward0>)
Memory status after this epoch: 
Memory allocated:  244.2568359375
Memory cached:  440.0
	 epoch  70 training error:  tensor(0.5713, device='cuda:0', grad_fn=<DivBackward0>)
Memory status after this epoch: 
Memory allocated:  244.2568359375
Memory cached:  440.0
	 epoch  80 training error:  tensor(0.5687, device='cuda:0', grad_fn=<DivBackward0>)
Memory status after this epoch: 
Memory allocated:  244.2568359375
Memory cached:  440.0
	 epoch  90 training error:  tensor(0.5682, device='cuda:0', grad_fn=<DivBackward0>)
Memory status after this epoch: 
Memory allocated:  244.2568359375
Memory cached:  440.0
