[I 2024-02-17 21:42:00,332] Trial 170 finished with value: 0.04384120926260948 and parameters: {'W_layers': 8, 'W_layer_units_exponent_0': 10, 'W_layer_units_exponent_1': 8, 'W_layer_units_exponent_2': 7, 'W_layer_units_exponent_3': 5, 'W_layer_units_exponent_4': 9, 'W_layer_units_exponent_5': 4, 'W_layer_units_exponent_6': 10, 'W_layer_units_exponent_7': 5, 'D_layers': 7, 'D_layer_units_exponent_0': 9, 'D_layer_units_exponent_1': 7, 'D_layer_units_exponent_2': 5, 'D_layer_units_exponent_3': 9, 'D_layer_units_exponent_4': 7, 'D_layer_units_exponent_5': 6, 'D_layer_units_exponent_6': 9, 'D_dagger_layers': 4, 'D_dagger_layer_units_exponent_0': 8, 'D_dagger_layer_units_exponent_1': 9, 'D_dagger_layer_units_exponent_2': 4, 'D_dagger_layer_units_exponent_3': 6, 'log_learning_rate': -4.614597286220775, 'log_learning_rate_D': -3.233183311748906, 'log_learning_rate_D_dagger': -2.8790387724331725, 'training_batch_size': 6, 'training_p': 5}. Best is trial 45 with value: 0.03961218520998955.
Time for this trial:  1010.0520207881927
Memory status after this trial: 
Memory allocated:  1967.91455078125
Memory cached:  1978.0
--------------------  Trial  171   --------------------
Start timing: 
Parameters: 
{'W_layers': 8, 'W_layer_units_exponent_0': 10, 'W_layer_units_exponent_1': 8, 'W_layer_units_exponent_2': 7, 'W_layer_units_exponent_3': 5, 'W_layer_units_exponent_4': 9, 'W_layer_units_exponent_5': 4, 'W_layer_units_exponent_6': 10, 'W_layer_units_exponent_7': 5, 'D_layers': 7, 'D_layer_units_exponent_0': 9, 'D_layer_units_exponent_1': 7, 'D_layer_units_exponent_2': 5, 'D_layer_units_exponent_3': 9, 'D_layer_units_exponent_4': 7, 'D_layer_units_exponent_5': 6, 'D_layer_units_exponent_6': 9, 'D_dagger_layers': 4, 'D_dagger_layer_units_exponent_0': 8, 'D_dagger_layer_units_exponent_1': 9, 'D_dagger_layer_units_exponent_2': 4, 'D_dagger_layer_units_exponent_3': 6, 'log_learning_rate': -4.509271823511595, 'log_learning_rate_D': -3.2462117510339223, 'log_learning_rate_D_dagger': -2.968999528524466, 'training_batch_size': 6, 'training_p': 5}
	 epoch  0 training error:  tensor(0.6912, device='cuda:0', grad_fn=<DivBackward0>)
Memory status after this epoch: 
Memory allocated:  764.8916015625
Memory cached:  1332.0
	 epoch  10 training error:  tensor(0.4761, device='cuda:0', grad_fn=<DivBackward0>)
Memory status after this epoch: 
Memory allocated:  764.8916015625
Memory cached:  1332.0
	 epoch  20 training error:  tensor(0.4244, device='cuda:0', grad_fn=<DivBackward0>)
Memory status after this epoch: 
Memory allocated:  764.8916015625
Memory cached:  1332.0
	 epoch  30 training error:  tensor(0.2989, device='cuda:0', grad_fn=<DivBackward0>)
Memory status after this epoch: 
Memory allocated:  764.8916015625
Memory cached:  1332.0
	 epoch  40 training error:  tensor(0.2189, device='cuda:0', grad_fn=<DivBackward0>)
Memory status after this epoch: 
Memory allocated:  764.8916015625
Memory cached:  1332.0
	 epoch  50 training error:  tensor(0.2408, device='cuda:0', grad_fn=<DivBackward0>)
Memory status after this epoch: 
Memory allocated:  764.8916015625
Memory cached:  1332.0
	 epoch  60 training error:  tensor(0.1201, device='cuda:0', grad_fn=<DivBackward0>)
Memory status after this epoch: 
Memory allocated:  764.8916015625
Memory cached:  1332.0
	 epoch  70 training error:  tensor(0.1037, device='cuda:0', grad_fn=<DivBackward0>)
Memory status after this epoch: 
Memory allocated:  764.8916015625
Memory cached:  1332.0
	 epoch  80 training error:  tensor(0.0855, device='cuda:0', grad_fn=<DivBackward0>)
Memory status after this epoch: 
Memory allocated:  764.8916015625
Memory cached:  1332.0
	 epoch  90 training error:  tensor(0.1211, device='cuda:0', grad_fn=<DivBackward0>)
Memory status after this epoch: 
Memory allocated:  764.8916015625
Memory cached:  1332.0
[I 2024-02-17 21:58:56,046] Trial 171 finished with value: 0.05713200196623802 and parameters: {'W_layers': 8, 'W_layer_units_exponent_0': 10, 'W_layer_units_exponent_1': 8, 'W_layer_units_exponent_2': 7, 'W_layer_units_exponent_3': 5, 'W_layer_units_exponent_4': 9, 'W_layer_units_exponent_5': 4, 'W_layer_units_exponent_6': 10, 'W_layer_units_exponent_7': 5, 'D_layers': 7, 'D_layer_units_exponent_0': 9, 'D_layer_units_exponent_1': 7, 'D_layer_units_exponent_2': 5, 'D_layer_units_exponent_3': 9, 'D_layer_units_exponent_4': 7, 'D_layer_units_exponent_5': 6, 'D_layer_units_exponent_6': 9, 'D_dagger_layers': 4, 'D_dagger_layer_units_exponent_0': 8, 'D_dagger_layer_units_exponent_1': 9, 'D_dagger_layer_units_exponent_2': 4, 'D_dagger_layer_units_exponent_3': 6, 'log_learning_rate': -4.509271823511595, 'log_learning_rate_D': -3.2462117510339223, 'log_learning_rate_D_dagger': -2.968999528524466, 'training_batch_size': 6, 'training_p': 5}. Best is trial 45 with value: 0.03961218520998955.
Time for this trial:  1015.0479953289032
Memory status after this trial: 
Memory allocated:  1967.91455078125
Memory cached:  1978.0
--------------------  Trial  172   --------------------
Start timing: 
Parameters: 
{'W_layers': 8, 'W_layer_units_exponent_0': 10, 'W_layer_units_exponent_1': 8, 'W_layer_units_exponent_2': 7, 'W_layer_units_exponent_3': 5, 'W_layer_units_exponent_4': 9, 'W_layer_units_exponent_5': 4, 'W_layer_units_exponent_6': 10, 'W_layer_units_exponent_7': 5, 'D_layers': 7, 'D_layer_units_exponent_0': 9, 'D_layer_units_exponent_1': 7, 'D_layer_units_exponent_2': 5, 'D_layer_units_exponent_3': 9, 'D_layer_units_exponent_4': 7, 'D_layer_units_exponent_5': 6, 'D_layer_units_exponent_6': 9, 'D_dagger_layers': 4, 'D_dagger_layer_units_exponent_0': 8, 'D_dagger_layer_units_exponent_1': 9, 'D_dagger_layer_units_exponent_2': 4, 'D_dagger_layer_units_exponent_3': 6, 'log_learning_rate': -4.696942349729766, 'log_learning_rate_D': -3.245731999135397, 'log_learning_rate_D_dagger': -2.9868956343571678, 'training_batch_size': 6, 'training_p': 5}
	 epoch  0 training error:  tensor(0.6536, device='cuda:0', grad_fn=<DivBackward0>)
Memory status after this epoch: 
Memory allocated:  764.8916015625
Memory cached:  1332.0
	 epoch  10 training error:  tensor(0.4650, device='cuda:0', grad_fn=<DivBackward0>)
Memory status after this epoch: 
Memory allocated:  764.8916015625
Memory cached:  1332.0
	 epoch  20 training error:  tensor(0.3054, device='cuda:0', grad_fn=<DivBackward0>)
Memory status after this epoch: 
Memory allocated:  764.8916015625
Memory cached:  1332.0
	 epoch  30 training error:  tensor(0.1973, device='cuda:0', grad_fn=<DivBackward0>)
Memory status after this epoch: 
Memory allocated:  764.8916015625
Memory cached:  1332.0
	 epoch  40 training error:  tensor(0.1275, device='cuda:0', grad_fn=<DivBackward0>)
Memory status after this epoch: 
Memory allocated:  764.8916015625
Memory cached:  1332.0
	 epoch  50 training error:  tensor(0.0963, device='cuda:0', grad_fn=<DivBackward0>)
Memory status after this epoch: 
Memory allocated:  764.8916015625
Memory cached:  1332.0
	 epoch  60 training error:  tensor(0.1013, device='cuda:0', grad_fn=<DivBackward0>)
Memory status after this epoch: 
Memory allocated:  764.8916015625
Memory cached:  1332.0
	 epoch  70 training error:  tensor(0.0852, device='cuda:0', grad_fn=<DivBackward0>)
Memory status after this epoch: 
Memory allocated:  764.8916015625
Memory cached:  1332.0
	 epoch  80 training error:  tensor(0.1014, device='cuda:0', grad_fn=<DivBackward0>)
Memory status after this epoch: 
Memory allocated:  764.8916015625
Memory cached:  1332.0
	 epoch  90 training error:  tensor(0.0770, device='cuda:0', grad_fn=<DivBackward0>)
Memory status after this epoch: 
Memory allocated:  764.8916015625
Memory cached:  1332.0
[I 2024-02-17 22:15:51,015] Trial 172 finished with value: 0.05346670374274254 and parameters: {'W_layers': 8, 'W_layer_units_exponent_0': 10, 'W_layer_units_exponent_1': 8, 'W_layer_units_exponent_2': 7, 'W_layer_units_exponent_3': 5, 'W_layer_units_exponent_4': 9, 'W_layer_units_exponent_5': 4, 'W_layer_units_exponent_6': 10, 'W_layer_units_exponent_7': 5, 'D_layers': 7, 'D_layer_units_exponent_0': 9, 'D_layer_units_exponent_1': 7, 'D_layer_units_exponent_2': 5, 'D_layer_units_exponent_3': 9, 'D_layer_units_exponent_4': 7, 'D_layer_units_exponent_5': 6, 'D_layer_units_exponent_6': 9, 'D_dagger_layers': 4, 'D_dagger_layer_units_exponent_0': 8, 'D_dagger_layer_units_exponent_1': 9, 'D_dagger_layer_units_exponent_2': 4, 'D_dagger_layer_units_exponent_3': 6, 'log_learning_rate': -4.696942349729766, 'log_learning_rate_D': -3.245731999135397, 'log_learning_rate_D_dagger': -2.9868956343571678, 'training_batch_size': 6, 'training_p': 5}. Best is trial 45 with value: 0.03961218520998955.
Time for this trial:  1014.2885994911194
Memory status after this trial: 
Memory allocated:  1967.91455078125
Memory cached:  1978.0
--------------------  Trial  173   --------------------
Start timing: 
Parameters: 
{'W_layers': 8, 'W_layer_units_exponent_0': 10, 'W_layer_units_exponent_1': 8, 'W_layer_units_exponent_2': 7, 'W_layer_units_exponent_3': 5, 'W_layer_units_exponent_4': 10, 'W_layer_units_exponent_5': 4, 'W_layer_units_exponent_6': 10, 'W_layer_units_exponent_7': 5, 'D_layers': 7, 'D_layer_units_exponent_0': 9, 'D_layer_units_exponent_1': 7, 'D_layer_units_exponent_2': 5, 'D_layer_units_exponent_3': 9, 'D_layer_units_exponent_4': 7, 'D_layer_units_exponent_5': 7, 'D_layer_units_exponent_6': 9, 'D_dagger_layers': 4, 'D_dagger_layer_units_exponent_0': 8, 'D_dagger_layer_units_exponent_1': 9, 'D_dagger_layer_units_exponent_2': 4, 'D_dagger_layer_units_exponent_3': 6, 'log_learning_rate': -4.715969494995169, 'log_learning_rate_D': -3.2208270105489913, 'log_learning_rate_D_dagger': -3.00587259706604, 'training_batch_size': 6, 'training_p': 5}
	 epoch  0 training error:  tensor(0.7171, device='cuda:0', grad_fn=<DivBackward0>)
Memory status after this epoch: 
Memory allocated:  765.8994140625
Memory cached:  1334.0
	 epoch  10 training error:  tensor(0.4750, device='cuda:0', grad_fn=<DivBackward0>)
Memory status after this epoch: 
Memory allocated:  765.8994140625
Memory cached:  1358.0
	 epoch  20 training error:  tensor(0.4576, device='cuda:0', grad_fn=<DivBackward0>)
Memory status after this epoch: 
Memory allocated:  765.8994140625
Memory cached:  1358.0
	 epoch  30 training error:  tensor(0.3501, device='cuda:0', grad_fn=<DivBackward0>)
Memory status after this epoch: 
Memory allocated:  765.8994140625
Memory cached:  1358.0
	 epoch  40 training error:  tensor(0.2167, device='cuda:0', grad_fn=<DivBackward0>)
Memory status after this epoch: 
Memory allocated:  765.8994140625
Memory cached:  1358.0
	 epoch  50 training error:  tensor(0.1232, device='cuda:0', grad_fn=<DivBackward0>)
Memory status after this epoch: 
Memory allocated:  765.8994140625
Memory cached:  1358.0
	 epoch  60 training error:  tensor(0.1156, device='cuda:0', grad_fn=<DivBackward0>)
Memory status after this epoch: 
Memory allocated:  765.8994140625
Memory cached:  1358.0
	 epoch  70 training error:  tensor(0.0933, device='cuda:0', grad_fn=<DivBackward0>)
Memory status after this epoch: 
Memory allocated:  765.8994140625
Memory cached:  1358.0
	 epoch  80 training error:  tensor(0.0757, device='cuda:0', grad_fn=<DivBackward0>)
Memory status after this epoch: 
Memory allocated:  765.8994140625
Memory cached:  1360.0
	 epoch  90 training error:  tensor(0.0660, device='cuda:0', grad_fn=<DivBackward0>)
Memory status after this epoch: 
Memory allocated:  765.8994140625
Memory cached:  1358.0
[I 2024-02-17 22:32:46,093] Trial 173 finished with value: 0.08350227028131485 and parameters: {'W_layers': 8, 'W_layer_units_exponent_0': 10, 'W_layer_units_exponent_1': 8, 'W_layer_units_exponent_2': 7, 'W_layer_units_exponent_3': 5, 'W_layer_units_exponent_4': 10, 'W_layer_units_exponent_5': 4, 'W_layer_units_exponent_6': 10, 'W_layer_units_exponent_7': 5, 'D_layers': 7, 'D_layer_units_exponent_0': 9, 'D_layer_units_exponent_1': 7, 'D_layer_units_exponent_2': 5, 'D_layer_units_exponent_3': 9, 'D_layer_units_exponent_4': 7, 'D_layer_units_exponent_5': 7, 'D_layer_units_exponent_6': 9, 'D_dagger_layers': 4, 'D_dagger_layer_units_exponent_0': 8, 'D_dagger_layer_units_exponent_1': 9, 'D_dagger_layer_units_exponent_2': 4, 'D_dagger_layer_units_exponent_3': 6, 'log_learning_rate': -4.715969494995169, 'log_learning_rate_D': -3.2208270105489913, 'log_learning_rate_D_dagger': -3.00587259706604, 'training_batch_size': 6, 'training_p': 5}. Best is trial 45 with value: 0.03961218520998955.
Time for this trial:  1014.4272131919861
Memory status after this trial: 
Memory allocated:  2091.32861328125
Memory cached:  2102.0
--------------------  Trial  174   --------------------
Start timing: 
Parameters: 
{'W_layers': 8, 'W_layer_units_exponent_0': 10, 'W_layer_units_exponent_1': 8, 'W_layer_units_exponent_2': 7, 'W_layer_units_exponent_3': 5, 'W_layer_units_exponent_4': 9, 'W_layer_units_exponent_5': 4, 'W_layer_units_exponent_6': 10, 'W_layer_units_exponent_7': 5, 'D_layers': 7, 'D_layer_units_exponent_0': 9, 'D_layer_units_exponent_1': 7, 'D_layer_units_exponent_2': 5, 'D_layer_units_exponent_3': 9, 'D_layer_units_exponent_4': 7, 'D_layer_units_exponent_5': 6, 'D_layer_units_exponent_6': 10, 'D_dagger_layers': 4, 'D_dagger_layer_units_exponent_0': 8, 'D_dagger_layer_units_exponent_1': 9, 'D_dagger_layer_units_exponent_2': 4, 'D_dagger_layer_units_exponent_3': 6, 'log_learning_rate': -4.644185839185583, 'log_learning_rate_D': -3.059707263858062, 'log_learning_rate_D_dagger': -3.0037245230556424, 'training_batch_size': 6, 'training_p': 5}
	 epoch  0 training error:  tensor(0.6623, device='cuda:0', grad_fn=<DivBackward0>)
Memory status after this epoch: 
Memory allocated:  765.4072265625
Memory cached:  1336.0
	 epoch  10 training error:  tensor(0.4739, device='cuda:0', grad_fn=<DivBackward0>)
Memory status after this epoch: 
Memory allocated:  765.4072265625
Memory cached:  1344.0
	 epoch  20 training error:  tensor(0.4629, device='cuda:0', grad_fn=<DivBackward0>)
Memory status after this epoch: 
Memory allocated:  765.4072265625
Memory cached:  1354.0
	 epoch  30 training error:  tensor(0.2406, device='cuda:0', grad_fn=<DivBackward0>)
Memory status after this epoch: 
Memory allocated:  765.4072265625
Memory cached:  1354.0
	 epoch  40 training error:  tensor(0.1297, device='cuda:0', grad_fn=<DivBackward0>)
Memory status after this epoch: 
Memory allocated:  765.4072265625
Memory cached:  1354.0
	 epoch  50 training error:  tensor(0.0936, device='cuda:0', grad_fn=<DivBackward0>)
Memory status after this epoch: 
Memory allocated:  765.4072265625
Memory cached:  1350.0
	 epoch  60 training error:  tensor(0.1108, device='cuda:0', grad_fn=<DivBackward0>)
Memory status after this epoch: 
Memory allocated:  765.4072265625
Memory cached:  1354.0
	 epoch  70 training error:  tensor(0.0864, device='cuda:0', grad_fn=<DivBackward0>)
Memory status after this epoch: 
Memory allocated:  765.4072265625
Memory cached:  1354.0
	 epoch  80 training error:  tensor(0.0623, device='cuda:0', grad_fn=<DivBackward0>)
Memory status after this epoch: 
Memory allocated:  765.4072265625
Memory cached:  1356.0
	 epoch  90 training error:  tensor(0.0630, device='cuda:0', grad_fn=<DivBackward0>)
Memory status after this epoch: 
Memory allocated:  765.4072265625
Memory cached:  1348.0
[I 2024-02-17 22:49:45,544] Trial 174 finished with value: 0.03166704997420311 and parameters: {'W_layers': 8, 'W_layer_units_exponent_0': 10, 'W_layer_units_exponent_1': 8, 'W_layer_units_exponent_2': 7, 'W_layer_units_exponent_3': 5, 'W_layer_units_exponent_4': 9, 'W_layer_units_exponent_5': 4, 'W_layer_units_exponent_6': 10, 'W_layer_units_exponent_7': 5, 'D_layers': 7, 'D_layer_units_exponent_0': 9, 'D_layer_units_exponent_1': 7, 'D_layer_units_exponent_2': 5, 'D_layer_units_exponent_3': 9, 'D_layer_units_exponent_4': 7, 'D_layer_units_exponent_5': 6, 'D_layer_units_exponent_6': 10, 'D_dagger_layers': 4, 'D_dagger_layer_units_exponent_0': 8, 'D_dagger_layer_units_exponent_1': 9, 'D_dagger_layer_units_exponent_2': 4, 'D_dagger_layer_units_exponent_3': 6, 'log_learning_rate': -4.644185839185583, 'log_learning_rate_D': -3.059707263858062, 'log_learning_rate_D_dagger': -3.0037245230556424, 'training_batch_size': 6, 'training_p': 5}. Best is trial 174 with value: 0.03166704997420311.
res:  tensor(0.0317, device='cuda:0', grad_fn=<DivBackward0>)
self.bestValue:  tensor(0.0396, device='cuda:0', grad_fn=<DivBackward0>)
Save this model!
Time for this trial:  1018.6180295944214
Memory status after this trial: 
Memory allocated:  1307.39697265625
Memory cached:  1792.0
--------------------  Trial  175   --------------------
Start timing: 
Parameters: 
{'W_layers': 8, 'W_layer_units_exponent_0': 10, 'W_layer_units_exponent_1': 8, 'W_layer_units_exponent_2': 7, 'W_layer_units_exponent_3': 5, 'W_layer_units_exponent_4': 9, 'W_layer_units_exponent_5': 4, 'W_layer_units_exponent_6': 10, 'W_layer_units_exponent_7': 5, 'D_layers': 7, 'D_layer_units_exponent_0': 9, 'D_layer_units_exponent_1': 7, 'D_layer_units_exponent_2': 5, 'D_layer_units_exponent_3': 9, 'D_layer_units_exponent_4': 7, 'D_layer_units_exponent_5': 6, 'D_layer_units_exponent_6': 10, 'D_dagger_layers': 4, 'D_dagger_layer_units_exponent_0': 8, 'D_dagger_layer_units_exponent_1': 9, 'D_dagger_layer_units_exponent_2': 4, 'D_dagger_layer_units_exponent_3': 6, 'log_learning_rate': -4.630899563145622, 'log_learning_rate_D': -3.0471363005911543, 'log_learning_rate_D_dagger': -3.239839553601624, 'training_batch_size': 6, 'training_p': 5}
	 epoch  0 training error:  tensor(0.7242, device='cuda:0', grad_fn=<DivBackward0>)
Memory status after this epoch: 
Memory allocated:  1318.8447265625
Memory cached:  1768.0
	 epoch  10 training error:  tensor(0.4686, device='cuda:0', grad_fn=<DivBackward0>)
Memory status after this epoch: 
Memory allocated:  1318.8447265625
Memory cached:  1772.0
	 epoch  20 training error:  tensor(0.4607, device='cuda:0', grad_fn=<DivBackward0>)
Memory status after this epoch: 
Memory allocated:  1318.8447265625
Memory cached:  1774.0
	 epoch  30 training error:  tensor(0.4086, device='cuda:0', grad_fn=<DivBackward0>)
Memory status after this epoch: 
Memory allocated:  1318.8447265625
Memory cached:  1770.0
	 epoch  40 training error:  tensor(0.2542, device='cuda:0', grad_fn=<DivBackward0>)
Memory status after this epoch: 
Memory allocated:  1318.8447265625
Memory cached:  1770.0
	 epoch  50 training error:  tensor(0.1677, device='cuda:0', grad_fn=<DivBackward0>)
Memory status after this epoch: 
Memory allocated:  1318.8447265625
Memory cached:  1774.0
	 epoch  60 training error:  tensor(0.1292, device='cuda:0', grad_fn=<DivBackward0>)
Memory status after this epoch: 
Memory allocated:  1318.8447265625
Memory cached:  1772.0
	 epoch  70 training error:  tensor(0.0898, device='cuda:0', grad_fn=<DivBackward0>)
Memory status after this epoch: 
Memory allocated:  1318.8447265625
Memory cached:  1768.0
	 epoch  80 training error:  tensor(0.1320, device='cuda:0', grad_fn=<DivBackward0>)
Memory status after this epoch: 
Memory allocated:  1318.8447265625
Memory cached:  1770.0
	 epoch  90 training error:  tensor(0.0885, device='cuda:0', grad_fn=<DivBackward0>)
Memory status after this epoch: 
Memory allocated:  1318.8447265625
Memory cached:  1772.0
