[I 2024-02-17 03:40:49,911] Trial 83 finished with value: 0.07928501814603806 and parameters: {'W_layers': 8, 'W_layer_units_exponent_0': 8, 'W_layer_units_exponent_1': 8, 'W_layer_units_exponent_2': 8, 'W_layer_units_exponent_3': 7, 'W_layer_units_exponent_4': 7, 'W_layer_units_exponent_5': 6, 'W_layer_units_exponent_6': 6, 'W_layer_units_exponent_7': 4, 'D_layers': 3, 'D_layer_units_exponent_0': 8, 'D_layer_units_exponent_1': 8, 'D_layer_units_exponent_2': 8, 'D_dagger_layers': 4, 'D_dagger_layer_units_exponent_0': 10, 'D_dagger_layer_units_exponent_1': 7, 'D_dagger_layer_units_exponent_2': 5, 'D_dagger_layer_units_exponent_3': 6, 'log_learning_rate': -3.7887460587662773, 'log_learning_rate_D': -4.020243843713926, 'log_learning_rate_D_dagger': -2.854737367425396, 'training_batch_size': 6, 'training_p': 6}. Best is trial 45 with value: 0.03961218520998955.
Time for this trial:  836.6811165809631
Memory status after this trial: 
Memory allocated:  1426.35791015625
Memory cached:  1434.0
--------------------  Trial  84   --------------------
Start timing: 
Parameters: 
{'W_layers': 8, 'W_layer_units_exponent_0': 8, 'W_layer_units_exponent_1': 8, 'W_layer_units_exponent_2': 8, 'W_layer_units_exponent_3': 7, 'W_layer_units_exponent_4': 8, 'W_layer_units_exponent_5': 4, 'W_layer_units_exponent_6': 6, 'W_layer_units_exponent_7': 5, 'D_layers': 3, 'D_layer_units_exponent_0': 10, 'D_layer_units_exponent_1': 9, 'D_layer_units_exponent_2': 8, 'D_dagger_layers': 5, 'D_dagger_layer_units_exponent_0': 10, 'D_dagger_layer_units_exponent_1': 8, 'D_dagger_layer_units_exponent_2': 5, 'D_dagger_layer_units_exponent_3': 5, 'D_dagger_layer_units_exponent_4': 8, 'log_learning_rate': -3.3376553866210963, 'log_learning_rate_D': -3.740726438401218, 'log_learning_rate_D_dagger': -2.4146879401819223, 'training_batch_size': 6, 'training_p': 7}
	 epoch  0 training error:  tensor(1.0327, device='cuda:0', grad_fn=<DivBackward0>)
Memory status after this epoch: 
Memory allocated:  771.4990234375
Memory cached:  1362.0
	 epoch  10 training error:  tensor(0.5224, device='cuda:0', grad_fn=<DivBackward0>)
Memory status after this epoch: 
Memory allocated:  771.4990234375
Memory cached:  1370.0
	 epoch  20 training error:  tensor(0.3153, device='cuda:0', grad_fn=<DivBackward0>)
Memory status after this epoch: 
Memory allocated:  771.4990234375
Memory cached:  1366.0
	 epoch  30 training error:  tensor(0.2373, device='cuda:0', grad_fn=<DivBackward0>)
Memory status after this epoch: 
Memory allocated:  771.4990234375
Memory cached:  1370.0
	 epoch  40 training error:  tensor(0.1721, device='cuda:0', grad_fn=<DivBackward0>)
Memory status after this epoch: 
Memory allocated:  771.4990234375
Memory cached:  1368.0
	 epoch  50 training error:  tensor(0.1708, device='cuda:0', grad_fn=<DivBackward0>)
Memory status after this epoch: 
Memory allocated:  771.4990234375
Memory cached:  1370.0
	 epoch  60 training error:  tensor(0.1528, device='cuda:0', grad_fn=<DivBackward0>)
Memory status after this epoch: 
Memory allocated:  771.4990234375
Memory cached:  1370.0
	 epoch  70 training error:  tensor(0.1587, device='cuda:0', grad_fn=<DivBackward0>)
Memory status after this epoch: 
Memory allocated:  771.4990234375
Memory cached:  1366.0
	 epoch  80 training error:  tensor(0.0923, device='cuda:0', grad_fn=<DivBackward0>)
Memory status after this epoch: 
Memory allocated:  771.4990234375
Memory cached:  1366.0
	 epoch  90 training error:  tensor(0.1119, device='cuda:0', grad_fn=<DivBackward0>)
Memory status after this epoch: 
Memory allocated:  771.4990234375
Memory cached:  1368.0
[I 2024-02-17 03:55:44,739] Trial 84 finished with value: 0.07519864290952682 and parameters: {'W_layers': 8, 'W_layer_units_exponent_0': 8, 'W_layer_units_exponent_1': 8, 'W_layer_units_exponent_2': 8, 'W_layer_units_exponent_3': 7, 'W_layer_units_exponent_4': 8, 'W_layer_units_exponent_5': 4, 'W_layer_units_exponent_6': 6, 'W_layer_units_exponent_7': 5, 'D_layers': 3, 'D_layer_units_exponent_0': 10, 'D_layer_units_exponent_1': 9, 'D_layer_units_exponent_2': 8, 'D_dagger_layers': 5, 'D_dagger_layer_units_exponent_0': 10, 'D_dagger_layer_units_exponent_1': 8, 'D_dagger_layer_units_exponent_2': 5, 'D_dagger_layer_units_exponent_3': 5, 'D_dagger_layer_units_exponent_4': 8, 'log_learning_rate': -3.3376553866210963, 'log_learning_rate_D': -3.740726438401218, 'log_learning_rate_D_dagger': -2.4146879401819223, 'training_batch_size': 6, 'training_p': 7}. Best is trial 45 with value: 0.03961218520998955.
Time for this trial:  894.2073090076447
Memory status after this trial: 
Memory allocated:  1737.45849609375
Memory cached:  1762.0
--------------------  Trial  85   --------------------
Start timing: 
Parameters: 
{'W_layers': 7, 'W_layer_units_exponent_0': 8, 'W_layer_units_exponent_1': 7, 'W_layer_units_exponent_2': 9, 'W_layer_units_exponent_3': 7, 'W_layer_units_exponent_4': 5, 'W_layer_units_exponent_5': 7, 'W_layer_units_exponent_6': 8, 'D_layers': 3, 'D_layer_units_exponent_0': 10, 'D_layer_units_exponent_1': 8, 'D_layer_units_exponent_2': 8, 'D_dagger_layers': 4, 'D_dagger_layer_units_exponent_0': 10, 'D_dagger_layer_units_exponent_1': 7, 'D_dagger_layer_units_exponent_2': 4, 'D_dagger_layer_units_exponent_3': 6, 'log_learning_rate': -3.567198943269284, 'log_learning_rate_D': -3.5936189088150696, 'log_learning_rate_D_dagger': -2.131260445582998, 'training_batch_size': 6, 'training_p': 6}
	 epoch  0 training error:  tensor(1.3391, device='cuda:0', grad_fn=<DivBackward0>)
Memory status after this epoch: 
Memory allocated:  764.2861328125
Memory cached:  1334.0
	 epoch  10 training error:  tensor(0.5072, device='cuda:0', grad_fn=<DivBackward0>)
Memory status after this epoch: 
Memory allocated:  764.2861328125
Memory cached:  1356.0
	 epoch  20 training error:  tensor(0.5094, device='cuda:0', grad_fn=<DivBackward0>)
Memory status after this epoch: 
Memory allocated:  764.2861328125
Memory cached:  1362.0
	 epoch  30 training error:  tensor(0.4878, device='cuda:0', grad_fn=<DivBackward0>)
Memory status after this epoch: 
Memory allocated:  764.2861328125
Memory cached:  1360.0
	 epoch  40 training error:  tensor(0.4885, device='cuda:0', grad_fn=<DivBackward0>)
Memory status after this epoch: 
Memory allocated:  764.2861328125
Memory cached:  1352.0
	 epoch  50 training error:  tensor(0.5063, device='cuda:0', grad_fn=<DivBackward0>)
Memory status after this epoch: 
Memory allocated:  764.2861328125
Memory cached:  1356.0
	 epoch  60 training error:  tensor(0.4980, device='cuda:0', grad_fn=<DivBackward0>)
Memory status after this epoch: 
Memory allocated:  764.2861328125
Memory cached:  1356.0
	 epoch  70 training error:  tensor(0.4894, device='cuda:0', grad_fn=<DivBackward0>)
Memory status after this epoch: 
Memory allocated:  764.2861328125
Memory cached:  1358.0
	 epoch  80 training error:  tensor(0.5023, device='cuda:0', grad_fn=<DivBackward0>)
Memory status after this epoch: 
Memory allocated:  764.2861328125
Memory cached:  1360.0
	 epoch  90 training error:  tensor(0.4171, device='cuda:0', grad_fn=<DivBackward0>)
Memory status after this epoch: 
Memory allocated:  764.2861328125
Memory cached:  1358.0
[I 2024-02-17 04:09:14,509] Trial 85 finished with value: 0.1610749214887619 and parameters: {'W_layers': 7, 'W_layer_units_exponent_0': 8, 'W_layer_units_exponent_1': 7, 'W_layer_units_exponent_2': 9, 'W_layer_units_exponent_3': 7, 'W_layer_units_exponent_4': 5, 'W_layer_units_exponent_5': 7, 'W_layer_units_exponent_6': 8, 'D_layers': 3, 'D_layer_units_exponent_0': 10, 'D_layer_units_exponent_1': 8, 'D_layer_units_exponent_2': 8, 'D_dagger_layers': 4, 'D_dagger_layer_units_exponent_0': 10, 'D_dagger_layer_units_exponent_1': 7, 'D_dagger_layer_units_exponent_2': 4, 'D_dagger_layer_units_exponent_3': 6, 'log_learning_rate': -3.567198943269284, 'log_learning_rate_D': -3.5936189088150696, 'log_learning_rate_D_dagger': -2.131260445582998, 'training_batch_size': 6, 'training_p': 6}. Best is trial 45 with value: 0.03961218520998955.
Time for this trial:  809.2539865970612
Memory status after this trial: 
Memory allocated:  1637.71923828125
Memory cached:  1646.0
--------------------  Trial  86   --------------------
Start timing: 
Parameters: 
{'W_layers': 8, 'W_layer_units_exponent_0': 9, 'W_layer_units_exponent_1': 8, 'W_layer_units_exponent_2': 7, 'W_layer_units_exponent_3': 10, 'W_layer_units_exponent_4': 7, 'W_layer_units_exponent_5': 5, 'W_layer_units_exponent_6': 5, 'W_layer_units_exponent_7': 6, 'D_layers': 2, 'D_layer_units_exponent_0': 10, 'D_layer_units_exponent_1': 9, 'D_dagger_layers': 4, 'D_dagger_layer_units_exponent_0': 10, 'D_dagger_layer_units_exponent_1': 7, 'D_dagger_layer_units_exponent_2': 5, 'D_dagger_layer_units_exponent_3': 4, 'log_learning_rate': -3.7733959770140837, 'log_learning_rate_D': -3.9780414185215127, 'log_learning_rate_D_dagger': -2.9990441672357204, 'training_batch_size': 8, 'training_p': 7}
	 epoch  0 training error:  tensor(0.8939, device='cuda:0', grad_fn=<DivBackward0>)
Memory status after this epoch: 
Memory allocated:  770.7138671875
Memory cached:  1352.0
	 epoch  10 training error:  tensor(0.5156, device='cuda:0', grad_fn=<DivBackward0>)
Memory status after this epoch: 
Memory allocated:  770.7138671875
Memory cached:  1358.0
	 epoch  20 training error:  tensor(0.5071, device='cuda:0', grad_fn=<DivBackward0>)
Memory status after this epoch: 
Memory allocated:  770.7138671875
Memory cached:  1356.0
	 epoch  30 training error:  tensor(0.4973, device='cuda:0', grad_fn=<DivBackward0>)
Memory status after this epoch: 
Memory allocated:  770.7138671875
Memory cached:  1358.0
	 epoch  40 training error:  tensor(0.5061, device='cuda:0', grad_fn=<DivBackward0>)
Memory status after this epoch: 
Memory allocated:  770.7138671875
Memory cached:  1356.0
	 epoch  50 training error:  tensor(0.5154, device='cuda:0', grad_fn=<DivBackward0>)
Memory status after this epoch: 
Memory allocated:  770.7138671875
Memory cached:  1358.0
	 epoch  60 training error:  tensor(0.3429, device='cuda:0', grad_fn=<DivBackward0>)
Memory status after this epoch: 
Memory allocated:  770.7138671875
Memory cached:  1360.0
	 epoch  70 training error:  tensor(0.3227, device='cuda:0', grad_fn=<DivBackward0>)
Memory status after this epoch: 
Memory allocated:  770.7138671875
Memory cached:  1356.0
	 epoch  80 training error:  tensor(0.2335, device='cuda:0', grad_fn=<DivBackward0>)
Memory status after this epoch: 
Memory allocated:  770.7138671875
Memory cached:  1356.0
	 epoch  90 training error:  tensor(0.2291, device='cuda:0', grad_fn=<DivBackward0>)
Memory status after this epoch: 
Memory allocated:  770.7138671875
Memory cached:  1356.0
[I 2024-02-17 04:16:26,338] Trial 86 finished with value: 0.19163952767848969 and parameters: {'W_layers': 8, 'W_layer_units_exponent_0': 9, 'W_layer_units_exponent_1': 8, 'W_layer_units_exponent_2': 7, 'W_layer_units_exponent_3': 10, 'W_layer_units_exponent_4': 7, 'W_layer_units_exponent_5': 5, 'W_layer_units_exponent_6': 5, 'W_layer_units_exponent_7': 6, 'D_layers': 2, 'D_layer_units_exponent_0': 10, 'D_layer_units_exponent_1': 9, 'D_dagger_layers': 4, 'D_dagger_layer_units_exponent_0': 10, 'D_dagger_layer_units_exponent_1': 7, 'D_dagger_layer_units_exponent_2': 5, 'D_dagger_layer_units_exponent_3': 4, 'log_learning_rate': -3.7733959770140837, 'log_learning_rate_D': -3.9780414185215127, 'log_learning_rate_D_dagger': -2.9990441672357204, 'training_batch_size': 8, 'training_p': 7}. Best is trial 45 with value: 0.03961218520998955.
Time for this trial:  431.29852509498596
Memory status after this trial: 
Memory allocated:  1790.86376953125
Memory cached:  1816.0
--------------------  Trial  87   --------------------
Start timing: 
Parameters: 
{'W_layers': 7, 'W_layer_units_exponent_0': 8, 'W_layer_units_exponent_1': 8, 'W_layer_units_exponent_2': 9, 'W_layer_units_exponent_3': 7, 'W_layer_units_exponent_4': 6, 'W_layer_units_exponent_5': 7, 'W_layer_units_exponent_6': 7, 'D_layers': 4, 'D_layer_units_exponent_0': 8, 'D_layer_units_exponent_1': 7, 'D_layer_units_exponent_2': 8, 'D_layer_units_exponent_3': 5, 'D_dagger_layers': 4, 'D_dagger_layer_units_exponent_0': 10, 'D_dagger_layer_units_exponent_1': 6, 'D_dagger_layer_units_exponent_2': 6, 'D_dagger_layer_units_exponent_3': 5, 'log_learning_rate': -3.6889558118032744, 'log_learning_rate_D': -3.39457680670126, 'log_learning_rate_D_dagger': -2.706297727417108, 'training_batch_size': 10, 'training_p': 6}
	 epoch  0 training error:  tensor(1.0060, device='cuda:0', grad_fn=<DivBackward0>)
Memory status after this epoch: 
Memory allocated:  760.8037109375
Memory cached:  1332.0
	 epoch  10 training error:  tensor(0.5426, device='cuda:0', grad_fn=<DivBackward0>)
Memory status after this epoch: 
Memory allocated:  760.8037109375
Memory cached:  1332.0
	 epoch  20 training error:  tensor(0.5252, device='cuda:0', grad_fn=<DivBackward0>)
Memory status after this epoch: 
Memory allocated:  760.8037109375
Memory cached:  1332.0
	 epoch  30 training error:  tensor(0.5139, device='cuda:0', grad_fn=<DivBackward0>)
Memory status after this epoch: 
Memory allocated:  760.8037109375
Memory cached:  1332.0
	 epoch  40 training error:  tensor(0.5060, device='cuda:0', grad_fn=<DivBackward0>)
Memory status after this epoch: 
Memory allocated:  760.8037109375
Memory cached:  1332.0
	 epoch  50 training error:  tensor(0.4985, device='cuda:0', grad_fn=<DivBackward0>)
Memory status after this epoch: 
Memory allocated:  760.8037109375
Memory cached:  1332.0
	 epoch  60 training error:  tensor(0.4876, device='cuda:0', grad_fn=<DivBackward0>)
Memory status after this epoch: 
Memory allocated:  760.8037109375
Memory cached:  1332.0
	 epoch  70 training error:  tensor(0.4811, device='cuda:0', grad_fn=<DivBackward0>)
Memory status after this epoch: 
Memory allocated:  760.8037109375
Memory cached:  1332.0
	 epoch  80 training error:  tensor(0.4472, device='cuda:0', grad_fn=<DivBackward0>)
Memory status after this epoch: 
Memory allocated:  760.8037109375
Memory cached:  1332.0
	 epoch  90 training error:  tensor(0.4190, device='cuda:0', grad_fn=<DivBackward0>)
Memory status after this epoch: 
Memory allocated:  760.8037109375
Memory cached:  1332.0
[I 2024-02-17 04:20:33,537] Trial 87 finished with value: 0.21681742370128632 and parameters: {'W_layers': 7, 'W_layer_units_exponent_0': 8, 'W_layer_units_exponent_1': 8, 'W_layer_units_exponent_2': 9, 'W_layer_units_exponent_3': 7, 'W_layer_units_exponent_4': 6, 'W_layer_units_exponent_5': 7, 'W_layer_units_exponent_6': 7, 'D_layers': 4, 'D_layer_units_exponent_0': 8, 'D_layer_units_exponent_1': 7, 'D_layer_units_exponent_2': 8, 'D_layer_units_exponent_3': 5, 'D_dagger_layers': 4, 'D_dagger_layer_units_exponent_0': 10, 'D_dagger_layer_units_exponent_1': 6, 'D_dagger_layer_units_exponent_2': 6, 'D_dagger_layer_units_exponent_3': 5, 'log_learning_rate': -3.6889558118032744, 'log_learning_rate_D': -3.39457680670126, 'log_learning_rate_D_dagger': -2.706297727417108, 'training_batch_size': 10, 'training_p': 6}. Best is trial 45 with value: 0.03961218520998955.
Time for this trial:  246.71788620948792
Memory status after this trial: 
Memory allocated:  1461.38720703125
Memory cached:  1470.0
--------------------  Trial  88   --------------------
Start timing: 
Parameters: 
{'W_layers': 8, 'W_layer_units_exponent_0': 8, 'W_layer_units_exponent_1': 7, 'W_layer_units_exponent_2': 7, 'W_layer_units_exponent_3': 8, 'W_layer_units_exponent_4': 4, 'W_layer_units_exponent_5': 6, 'W_layer_units_exponent_6': 9, 'W_layer_units_exponent_7': 4, 'D_layers': 3, 'D_layer_units_exponent_0': 7, 'D_layer_units_exponent_1': 7, 'D_layer_units_exponent_2': 9, 'D_dagger_layers': 5, 'D_dagger_layer_units_exponent_0': 10, 'D_dagger_layer_units_exponent_1': 8, 'D_dagger_layer_units_exponent_2': 9, 'D_dagger_layer_units_exponent_3': 5, 'D_dagger_layer_units_exponent_4': 5, 'log_learning_rate': -4.020839284537202, 'log_learning_rate_D': -3.7394280165883216, 'log_learning_rate_D_dagger': -2.602792585337877, 'training_batch_size': 6, 'training_p': 8}
	 epoch  0 training error:  tensor(0.8850, device='cuda:0', grad_fn=<DivBackward0>)
Memory status after this epoch: 
Memory allocated:  763.5712890625
Memory cached:  1344.0
	 epoch  10 training error:  tensor(0.5358, device='cuda:0', grad_fn=<DivBackward0>)
Memory status after this epoch: 
Memory allocated:  763.5712890625
Memory cached:  1356.0
	 epoch  20 training error:  tensor(0.4406, device='cuda:0', grad_fn=<DivBackward0>)
Memory status after this epoch: 
Memory allocated:  763.5712890625
Memory cached:  1358.0
	 epoch  30 training error:  tensor(0.3230, device='cuda:0', grad_fn=<DivBackward0>)
Memory status after this epoch: 
Memory allocated:  763.5712890625
Memory cached:  1352.0
	 epoch  40 training error:  tensor(0.2412, device='cuda:0', grad_fn=<DivBackward0>)
Memory status after this epoch: 
Memory allocated:  763.5712890625
Memory cached:  1358.0
	 epoch  50 training error:  tensor(0.1920, device='cuda:0', grad_fn=<DivBackward0>)
Memory status after this epoch: 
Memory allocated:  763.5712890625
Memory cached:  1358.0
	 epoch  60 training error:  tensor(0.1808, device='cuda:0', grad_fn=<DivBackward0>)
Memory status after this epoch: 
Memory allocated:  763.5712890625
Memory cached:  1358.0
	 epoch  70 training error:  tensor(0.1646, device='cuda:0', grad_fn=<DivBackward0>)
Memory status after this epoch: 
Memory allocated:  763.5712890625
Memory cached:  1358.0
	 epoch  80 training error:  tensor(0.1159, device='cuda:0', grad_fn=<DivBackward0>)
Memory status after this epoch: 
Memory allocated:  763.5712890625
Memory cached:  1358.0
	 epoch  90 training error:  tensor(0.1097, device='cuda:0', grad_fn=<DivBackward0>)
Memory status after this epoch: 
Memory allocated:  763.5712890625
Memory cached:  1358.0
[I 2024-02-17 04:35:13,024] Trial 88 finished with value: 0.06127052381634712 and parameters: {'W_layers': 8, 'W_layer_units_exponent_0': 8, 'W_layer_units_exponent_1': 7, 'W_layer_units_exponent_2': 7, 'W_layer_units_exponent_3': 8, 'W_layer_units_exponent_4': 4, 'W_layer_units_exponent_5': 6, 'W_layer_units_exponent_6': 9, 'W_layer_units_exponent_7': 4, 'D_layers': 3, 'D_layer_units_exponent_0': 7, 'D_layer_units_exponent_1': 7, 'D_layer_units_exponent_2': 9, 'D_dagger_layers': 5, 'D_dagger_layer_units_exponent_0': 10, 'D_dagger_layer_units_exponent_1': 8, 'D_dagger_layer_units_exponent_2': 9, 'D_dagger_layer_units_exponent_3': 5, 'D_dagger_layer_units_exponent_4': 5, 'log_learning_rate': -4.020839284537202, 'log_learning_rate_D': -3.7394280165883216, 'log_learning_rate_D_dagger': -2.602792585337877, 'training_batch_size': 6, 'training_p': 8}. Best is trial 45 with value: 0.03961218520998955.
Time for this trial:  878.8649704456329
Memory status after this trial: 
Memory allocated:  1595.13525390625
Memory cached:  1604.0
--------------------  Trial  89   --------------------
Start timing: 
Parameters: 
{'W_layers': 5, 'W_layer_units_exponent_0': 7, 'W_layer_units_exponent_1': 7, 'W_layer_units_exponent_2': 10, 'W_layer_units_exponent_3': 8, 'W_layer_units_exponent_4': 4, 'D_layers': 3, 'D_layer_units_exponent_0': 6, 'D_layer_units_exponent_1': 7, 'D_layer_units_exponent_2': 9, 'D_dagger_layers': 6, 'D_dagger_layer_units_exponent_0': 10, 'D_dagger_layer_units_exponent_1': 9, 'D_dagger_layer_units_exponent_2': 9, 'D_dagger_layer_units_exponent_3': 5, 'D_dagger_layer_units_exponent_4': 5, 'D_dagger_layer_units_exponent_5': 4, 'log_learning_rate': -3.956801778218862, 'log_learning_rate_D': -3.584111907935306, 'log_learning_rate_D_dagger': -2.558707940645308, 'training_batch_size': 6, 'training_p': 8}
	 epoch  0 training error:  tensor(1.0158, device='cuda:0', grad_fn=<DivBackward0>)
Memory status after this epoch: 
Memory allocated:  773.8173828125
Memory cached:  1352.0
	 epoch  10 training error:  tensor(0.5330, device='cuda:0', grad_fn=<DivBackward0>)
Memory status after this epoch: 
Memory allocated:  773.8173828125
Memory cached:  1352.0
	 epoch  20 training error:  tensor(0.5298, device='cuda:0', grad_fn=<DivBackward0>)
Memory status after this epoch: 
Memory allocated:  773.8173828125
Memory cached:  1352.0
	 epoch  30 training error:  tensor(0.3798, device='cuda:0', grad_fn=<DivBackward0>)
Memory status after this epoch: 
Memory allocated:  773.8173828125
Memory cached:  1354.0
	 epoch  40 training error:  tensor(0.2947, device='cuda:0', grad_fn=<DivBackward0>)
Memory status after this epoch: 
Memory allocated:  773.8173828125
Memory cached:  1352.0
	 epoch  50 training error:  tensor(0.2242, device='cuda:0', grad_fn=<DivBackward0>)
Memory status after this epoch: 
Memory allocated:  773.8173828125
Memory cached:  1352.0
	 epoch  60 training error:  tensor(0.1753, device='cuda:0', grad_fn=<DivBackward0>)
Memory status after this epoch: 
Memory allocated:  773.8173828125
Memory cached:  1354.0
	 epoch  70 training error:  tensor(0.1468, device='cuda:0', grad_fn=<DivBackward0>)
Memory status after this epoch: 
Memory allocated:  773.8173828125
Memory cached:  1352.0
	 epoch  80 training error:  tensor(0.1260, device='cuda:0', grad_fn=<DivBackward0>)
Memory status after this epoch: 
Memory allocated:  773.8173828125
Memory cached:  1354.0
	 epoch  90 training error:  tensor(0.1171, device='cuda:0', grad_fn=<DivBackward0>)
Memory status after this epoch: 
Memory allocated:  773.8173828125
Memory cached:  1352.0
