[I 2024-02-16 16:31:09,920] Trial 12 finished with value: 0.0811304971575737 and parameters: {'W_layers': 5, 'W_layer_units_exponent_0': 8, 'W_layer_units_exponent_1': 10, 'W_layer_units_exponent_2': 6, 'W_layer_units_exponent_3': 6, 'W_layer_units_exponent_4': 10, 'D_layers': 4, 'D_layer_units_exponent_0': 9, 'D_layer_units_exponent_1': 9, 'D_layer_units_exponent_2': 4, 'D_layer_units_exponent_3': 4, 'D_dagger_layers': 6, 'D_dagger_layer_units_exponent_0': 6, 'D_dagger_layer_units_exponent_1': 10, 'D_dagger_layer_units_exponent_2': 8, 'D_dagger_layer_units_exponent_3': 7, 'D_dagger_layer_units_exponent_4': 4, 'D_dagger_layer_units_exponent_5': 10, 'log_learning_rate': -3.825462693413053, 'log_learning_rate_D': -4.72216594282809, 'log_learning_rate_D_dagger': -3.2568993652286444, 'training_batch_size': 6, 'training_p': 2}. Best is trial 10 with value: 0.07346499711275101.
Time for this trial:  847.262677192688
Memory status after this trial: 
Memory allocated:  1607.98681640625
Memory cached:  1620.0
--------------------  Trial  13   --------------------
Start timing: 
Parameters: 
{'W_layers': 5, 'W_layer_units_exponent_0': 8, 'W_layer_units_exponent_1': 10, 'W_layer_units_exponent_2': 6, 'W_layer_units_exponent_3': 5, 'W_layer_units_exponent_4': 10, 'D_layers': 4, 'D_layer_units_exponent_0': 8, 'D_layer_units_exponent_1': 10, 'D_layer_units_exponent_2': 8, 'D_layer_units_exponent_3': 4, 'D_dagger_layers': 5, 'D_dagger_layer_units_exponent_0': 6, 'D_dagger_layer_units_exponent_1': 9, 'D_dagger_layer_units_exponent_2': 8, 'D_dagger_layer_units_exponent_3': 7, 'D_dagger_layer_units_exponent_4': 4, 'log_learning_rate': -3.6866863040271336, 'log_learning_rate_D': -4.889148177707231, 'log_learning_rate_D_dagger': -3.1542129791508318, 'training_batch_size': 6, 'training_p': 3}
	 epoch  0 training error:  tensor(0.5515, device='cuda:0', grad_fn=<DivBackward0>)
Memory status after this epoch: 
Memory allocated:  399.7255859375
Memory cached:  1030.0
	 epoch  10 training error:  tensor(0.1020, device='cuda:0', grad_fn=<DivBackward0>)
Memory status after this epoch: 
Memory allocated:  399.7255859375
Memory cached:  1032.0
	 epoch  20 training error:  tensor(0.0955, device='cuda:0', grad_fn=<DivBackward0>)
Memory status after this epoch: 
Memory allocated:  399.7255859375
Memory cached:  1030.0
	 epoch  30 training error:  tensor(0.0938, device='cuda:0', grad_fn=<DivBackward0>)
Memory status after this epoch: 
Memory allocated:  399.7255859375
Memory cached:  1030.0
	 epoch  40 training error:  tensor(0.0960, device='cuda:0', grad_fn=<DivBackward0>)
Memory status after this epoch: 
Memory allocated:  399.7255859375
Memory cached:  1030.0
	 epoch  50 training error:  tensor(0.0947, device='cuda:0', grad_fn=<DivBackward0>)
Memory status after this epoch: 
Memory allocated:  399.7255859375
Memory cached:  1028.0
	 epoch  60 training error:  tensor(0.0917, device='cuda:0', grad_fn=<DivBackward0>)
Memory status after this epoch: 
Memory allocated:  399.7255859375
Memory cached:  1028.0
	 epoch  70 training error:  tensor(0.0918, device='cuda:0', grad_fn=<DivBackward0>)
Memory status after this epoch: 
Memory allocated:  399.7255859375
Memory cached:  1028.0
	 epoch  80 training error:  tensor(0.0871, device='cuda:0', grad_fn=<DivBackward0>)
Memory status after this epoch: 
Memory allocated:  399.7255859375
Memory cached:  1030.0
	 epoch  90 training error:  tensor(0.0858, device='cuda:0', grad_fn=<DivBackward0>)
Memory status after this epoch: 
Memory allocated:  399.7255859375
Memory cached:  1030.0
[I 2024-02-16 16:44:31,069] Trial 13 finished with value: 0.07396306097507477 and parameters: {'W_layers': 5, 'W_layer_units_exponent_0': 8, 'W_layer_units_exponent_1': 10, 'W_layer_units_exponent_2': 6, 'W_layer_units_exponent_3': 5, 'W_layer_units_exponent_4': 10, 'D_layers': 4, 'D_layer_units_exponent_0': 8, 'D_layer_units_exponent_1': 10, 'D_layer_units_exponent_2': 8, 'D_layer_units_exponent_3': 4, 'D_dagger_layers': 5, 'D_dagger_layer_units_exponent_0': 6, 'D_dagger_layer_units_exponent_1': 9, 'D_dagger_layer_units_exponent_2': 8, 'D_dagger_layer_units_exponent_3': 7, 'D_dagger_layer_units_exponent_4': 4, 'log_learning_rate': -3.6866863040271336, 'log_learning_rate_D': -4.889148177707231, 'log_learning_rate_D_dagger': -3.1542129791508318, 'training_batch_size': 6, 'training_p': 3}. Best is trial 10 with value: 0.07346499711275101.
Time for this trial:  800.6239321231842
Memory status after this trial: 
Memory allocated:  1408.99365234375
Memory cached:  1422.0
--------------------  Trial  14   --------------------
Start timing: 
Parameters: 
{'W_layers': 4, 'W_layer_units_exponent_0': 9, 'W_layer_units_exponent_1': 4, 'W_layer_units_exponent_2': 4, 'W_layer_units_exponent_3': 5, 'D_layers': 4, 'D_layer_units_exponent_0': 8, 'D_layer_units_exponent_1': 10, 'D_layer_units_exponent_2': 8, 'D_layer_units_exponent_3': 6, 'D_dagger_layers': 5, 'D_dagger_layer_units_exponent_0': 5, 'D_dagger_layer_units_exponent_1': 9, 'D_dagger_layer_units_exponent_2': 8, 'D_dagger_layer_units_exponent_3': 6, 'D_dagger_layer_units_exponent_4': 5, 'log_learning_rate': -2.545594002809551, 'log_learning_rate_D': -3.7662017609145306, 'log_learning_rate_D_dagger': -2.7753096071398193, 'training_batch_size': 8, 'training_p': 3}
	 epoch  0 training error:  tensor(0.8970, device='cuda:0', grad_fn=<DivBackward0>)
Memory status after this epoch: 
Memory allocated:  393.8837890625
Memory cached:  1026.0
	 epoch  10 training error:  tensor(0.2380, device='cuda:0', grad_fn=<DivBackward0>)
Memory status after this epoch: 
Memory allocated:  393.8837890625
Memory cached:  1028.0
	 epoch  20 training error:  tensor(0.1716, device='cuda:0', grad_fn=<DivBackward0>)
Memory status after this epoch: 
Memory allocated:  393.8837890625
Memory cached:  1030.0
	 epoch  30 training error:  tensor(0.1800, device='cuda:0', grad_fn=<DivBackward0>)
Memory status after this epoch: 
Memory allocated:  393.8837890625
Memory cached:  1028.0
	 epoch  40 training error:  tensor(0.1488, device='cuda:0', grad_fn=<DivBackward0>)
Memory status after this epoch: 
Memory allocated:  393.8837890625
Memory cached:  1032.0
	 epoch  50 training error:  tensor(0.0982, device='cuda:0', grad_fn=<DivBackward0>)
Memory status after this epoch: 
Memory allocated:  393.8837890625
Memory cached:  1028.0
	 epoch  60 training error:  tensor(0.0964, device='cuda:0', grad_fn=<DivBackward0>)
Memory status after this epoch: 
Memory allocated:  393.8837890625
Memory cached:  1030.0
	 epoch  70 training error:  tensor(0.0970, device='cuda:0', grad_fn=<DivBackward0>)
Memory status after this epoch: 
Memory allocated:  393.8837890625
Memory cached:  1032.0
	 epoch  80 training error:  tensor(0.1012, device='cuda:0', grad_fn=<DivBackward0>)
Memory status after this epoch: 
Memory allocated:  393.8837890625
Memory cached:  1030.0
	 epoch  90 training error:  tensor(0.0998, device='cuda:0', grad_fn=<DivBackward0>)
Memory status after this epoch: 
Memory allocated:  393.8837890625
Memory cached:  1028.0
[I 2024-02-16 16:50:34,844] Trial 14 finished with value: 0.08897292613983154 and parameters: {'W_layers': 4, 'W_layer_units_exponent_0': 9, 'W_layer_units_exponent_1': 4, 'W_layer_units_exponent_2': 4, 'W_layer_units_exponent_3': 5, 'D_layers': 4, 'D_layer_units_exponent_0': 8, 'D_layer_units_exponent_1': 10, 'D_layer_units_exponent_2': 8, 'D_layer_units_exponent_3': 6, 'D_dagger_layers': 5, 'D_dagger_layer_units_exponent_0': 5, 'D_dagger_layer_units_exponent_1': 9, 'D_dagger_layer_units_exponent_2': 8, 'D_dagger_layer_units_exponent_3': 6, 'D_dagger_layer_units_exponent_4': 5, 'log_learning_rate': -2.545594002809551, 'log_learning_rate_D': -3.7662017609145306, 'log_learning_rate_D_dagger': -2.7753096071398193, 'training_batch_size': 8, 'training_p': 3}. Best is trial 10 with value: 0.07346499711275101.
Time for this trial:  363.33749866485596
Memory status after this trial: 
Memory allocated:  1037.77099609375
Memory cached:  1046.0
--------------------  Trial  15   --------------------
Start timing: 
Parameters: 
{'W_layers': 6, 'W_layer_units_exponent_0': 5, 'W_layer_units_exponent_1': 10, 'W_layer_units_exponent_2': 6, 'W_layer_units_exponent_3': 9, 'W_layer_units_exponent_4': 10, 'W_layer_units_exponent_5': 10, 'D_layers': 7, 'D_layer_units_exponent_0': 4, 'D_layer_units_exponent_1': 9, 'D_layer_units_exponent_2': 10, 'D_layer_units_exponent_3': 6, 'D_layer_units_exponent_4': 4, 'D_layer_units_exponent_5': 10, 'D_layer_units_exponent_6': 10, 'D_dagger_layers': 5, 'D_dagger_layer_units_exponent_0': 9, 'D_dagger_layer_units_exponent_1': 8, 'D_dagger_layer_units_exponent_2': 9, 'D_dagger_layer_units_exponent_3': 8, 'D_dagger_layer_units_exponent_4': 4, 'log_learning_rate': -3.6973947104774596, 'log_learning_rate_D': -4.069249004188848, 'log_learning_rate_D_dagger': -3.5654850387743267, 'training_batch_size': 6, 'training_p': 4}
	 epoch  0 training error:  tensor(0.5953, device='cuda:0', grad_fn=<DivBackward0>)
Memory status after this epoch: 
Memory allocated:  440.6396484375
Memory cached:  1090.0
	 epoch  10 training error:  tensor(0.1103, device='cuda:0', grad_fn=<DivBackward0>)
Memory status after this epoch: 
Memory allocated:  440.6396484375
Memory cached:  1128.0
	 epoch  20 training error:  tensor(0.1024, device='cuda:0', grad_fn=<DivBackward0>)
Memory status after this epoch: 
Memory allocated:  440.6396484375
Memory cached:  1134.0
	 epoch  30 training error:  tensor(0.1017, device='cuda:0', grad_fn=<DivBackward0>)
Memory status after this epoch: 
Memory allocated:  440.6396484375
Memory cached:  1126.0
	 epoch  40 training error:  tensor(0.1063, device='cuda:0', grad_fn=<DivBackward0>)
Memory status after this epoch: 
Memory allocated:  440.6396484375
Memory cached:  1122.0
	 epoch  50 training error:  tensor(0.1092, device='cuda:0', grad_fn=<DivBackward0>)
Memory status after this epoch: 
Memory allocated:  440.6396484375
Memory cached:  1126.0
	 epoch  60 training error:  tensor(0.1031, device='cuda:0', grad_fn=<DivBackward0>)
Memory status after this epoch: 
Memory allocated:  440.6396484375
Memory cached:  1122.0
	 epoch  70 training error:  tensor(0.0975, device='cuda:0', grad_fn=<DivBackward0>)
Memory status after this epoch: 
Memory allocated:  440.6396484375
Memory cached:  1132.0
	 epoch  80 training error:  tensor(0.0943, device='cuda:0', grad_fn=<DivBackward0>)
Memory status after this epoch: 
Memory allocated:  440.6396484375
Memory cached:  1126.0
	 epoch  90 training error:  tensor(0.0962, device='cuda:0', grad_fn=<DivBackward0>)
Memory status after this epoch: 
Memory allocated:  440.6396484375
Memory cached:  1128.0
[I 2024-02-16 17:07:05,518] Trial 15 finished with value: 0.08121569454669952 and parameters: {'W_layers': 6, 'W_layer_units_exponent_0': 5, 'W_layer_units_exponent_1': 10, 'W_layer_units_exponent_2': 6, 'W_layer_units_exponent_3': 9, 'W_layer_units_exponent_4': 10, 'W_layer_units_exponent_5': 10, 'D_layers': 7, 'D_layer_units_exponent_0': 4, 'D_layer_units_exponent_1': 9, 'D_layer_units_exponent_2': 10, 'D_layer_units_exponent_3': 6, 'D_layer_units_exponent_4': 4, 'D_layer_units_exponent_5': 10, 'D_layer_units_exponent_6': 10, 'D_dagger_layers': 5, 'D_dagger_layer_units_exponent_0': 9, 'D_dagger_layer_units_exponent_1': 8, 'D_dagger_layer_units_exponent_2': 9, 'D_dagger_layer_units_exponent_3': 8, 'D_dagger_layer_units_exponent_4': 4, 'log_learning_rate': -3.6973947104774596, 'log_learning_rate_D': -4.069249004188848, 'log_learning_rate_D_dagger': -3.5654850387743267, 'training_batch_size': 6, 'training_p': 4}. Best is trial 10 with value: 0.07346499711275101.
Time for this trial:  990.1044921875
Memory status after this trial: 
Memory allocated:  2245.52490234375
Memory cached:  2272.0
--------------------  Trial  16   --------------------
Start timing: 
Parameters: 
{'W_layers': 6, 'W_layer_units_exponent_0': 9, 'W_layer_units_exponent_1': 5, 'W_layer_units_exponent_2': 5, 'W_layer_units_exponent_3': 5, 'W_layer_units_exponent_4': 7, 'W_layer_units_exponent_5': 9, 'D_layers': 4, 'D_layer_units_exponent_0': 7, 'D_layer_units_exponent_1': 6, 'D_layer_units_exponent_2': 7, 'D_layer_units_exponent_3': 5, 'D_dagger_layers': 6, 'D_dagger_layer_units_exponent_0': 5, 'D_dagger_layer_units_exponent_1': 9, 'D_dagger_layer_units_exponent_2': 7, 'D_dagger_layer_units_exponent_3': 6, 'D_dagger_layer_units_exponent_4': 6, 'D_dagger_layer_units_exponent_5': 7, 'log_learning_rate': -2.5441704644630447, 'log_learning_rate_D': -1.7479893545683434, 'log_learning_rate_D_dagger': -2.7125534285730515, 'training_batch_size': 8, 'training_p': 3}
	 epoch  0 training error:  tensor(0.9297, device='cuda:0', grad_fn=<DivBackward0>)
Memory status after this epoch: 
Memory allocated:  386.1806640625
Memory cached:  1026.0
	 epoch  10 training error:  tensor(0.1811, device='cuda:0', grad_fn=<DivBackward0>)
Memory status after this epoch: 
Memory allocated:  386.1806640625
Memory cached:  1030.0
	 epoch  20 training error:  tensor(0.1227, device='cuda:0', grad_fn=<DivBackward0>)
Memory status after this epoch: 
Memory allocated:  386.1806640625
Memory cached:  1030.0
	 epoch  30 training error:  tensor(0.1207, device='cuda:0', grad_fn=<DivBackward0>)
Memory status after this epoch: 
Memory allocated:  386.1806640625
Memory cached:  1032.0
	 epoch  40 training error:  tensor(0.1102, device='cuda:0', grad_fn=<DivBackward0>)
Memory status after this epoch: 
Memory allocated:  386.1806640625
Memory cached:  1032.0
	 epoch  50 training error:  tensor(0.1067, device='cuda:0', grad_fn=<DivBackward0>)
Memory status after this epoch: 
Memory allocated:  386.1806640625
Memory cached:  1032.0
	 epoch  60 training error:  tensor(0.1039, device='cuda:0', grad_fn=<DivBackward0>)
Memory status after this epoch: 
Memory allocated:  386.1806640625
Memory cached:  1032.0
	 epoch  70 training error:  tensor(0.1012, device='cuda:0', grad_fn=<DivBackward0>)
Memory status after this epoch: 
Memory allocated:  386.1806640625
Memory cached:  1030.0
	 epoch  80 training error:  tensor(0.1064, device='cuda:0', grad_fn=<DivBackward0>)
Memory status after this epoch: 
Memory allocated:  386.1806640625
Memory cached:  1034.0
	 epoch  90 training error:  tensor(0.0986, device='cuda:0', grad_fn=<DivBackward0>)
Memory status after this epoch: 
Memory allocated:  386.1806640625
Memory cached:  1034.0
[I 2024-02-16 17:13:43,382] Trial 16 finished with value: 0.09904178231954575 and parameters: {'W_layers': 6, 'W_layer_units_exponent_0': 9, 'W_layer_units_exponent_1': 5, 'W_layer_units_exponent_2': 5, 'W_layer_units_exponent_3': 5, 'W_layer_units_exponent_4': 7, 'W_layer_units_exponent_5': 9, 'D_layers': 4, 'D_layer_units_exponent_0': 7, 'D_layer_units_exponent_1': 6, 'D_layer_units_exponent_2': 7, 'D_layer_units_exponent_3': 5, 'D_dagger_layers': 6, 'D_dagger_layer_units_exponent_0': 5, 'D_dagger_layer_units_exponent_1': 9, 'D_dagger_layer_units_exponent_2': 7, 'D_dagger_layer_units_exponent_3': 6, 'D_dagger_layer_units_exponent_4': 6, 'D_dagger_layer_units_exponent_5': 7, 'log_learning_rate': -2.5441704644630447, 'log_learning_rate_D': -1.7479893545683434, 'log_learning_rate_D_dagger': -2.7125534285730515, 'training_batch_size': 8, 'training_p': 3}. Best is trial 10 with value: 0.07346499711275101.
Time for this trial:  397.441269159317
Memory status after this trial: 
Memory allocated:  903.76318359375
Memory cached:  1026.0
--------------------  Trial  17   --------------------
Start timing: 
Parameters: 
{'W_layers': 4, 'W_layer_units_exponent_0': 9, 'W_layer_units_exponent_1': 9, 'W_layer_units_exponent_2': 5, 'W_layer_units_exponent_3': 5, 'D_layers': 3, 'D_layer_units_exponent_0': 8, 'D_layer_units_exponent_1': 9, 'D_layer_units_exponent_2': 8, 'D_dagger_layers': 4, 'D_dagger_layer_units_exponent_0': 5, 'D_dagger_layer_units_exponent_1': 9, 'D_dagger_layer_units_exponent_2': 7, 'D_dagger_layer_units_exponent_3': 8, 'log_learning_rate': -3.9509464213944496, 'log_learning_rate_D': -3.1829535390628383, 'log_learning_rate_D_dagger': -3.1298995809006773, 'training_batch_size': 9, 'training_p': 4}
	 epoch  0 training error:  tensor(1.1448, device='cuda:0', grad_fn=<DivBackward0>)
Memory status after this epoch: 
Memory allocated:  393.0771484375
Memory cached:  1028.0
	 epoch  10 training error:  tensor(0.2086, device='cuda:0', grad_fn=<DivBackward0>)
Memory status after this epoch: 
Memory allocated:  393.0771484375
Memory cached:  1034.0
	 epoch  20 training error:  tensor(0.1888, device='cuda:0', grad_fn=<DivBackward0>)
Memory status after this epoch: 
Memory allocated:  393.0771484375
Memory cached:  1032.0
	 epoch  30 training error:  tensor(0.1502, device='cuda:0', grad_fn=<DivBackward0>)
Memory status after this epoch: 
Memory allocated:  393.0771484375
Memory cached:  1034.0
	 epoch  40 training error:  tensor(0.1250, device='cuda:0', grad_fn=<DivBackward0>)
Memory status after this epoch: 
Memory allocated:  393.0771484375
Memory cached:  1032.0
	 epoch  50 training error:  tensor(0.1171, device='cuda:0', grad_fn=<DivBackward0>)
Memory status after this epoch: 
Memory allocated:  393.0771484375
Memory cached:  1032.0
	 epoch  60 training error:  tensor(0.1090, device='cuda:0', grad_fn=<DivBackward0>)
Memory status after this epoch: 
Memory allocated:  393.0771484375
Memory cached:  1032.0
	 epoch  70 training error:  tensor(0.1047, device='cuda:0', grad_fn=<DivBackward0>)
Memory status after this epoch: 
Memory allocated:  393.0771484375
Memory cached:  1032.0
	 epoch  80 training error:  tensor(0.0957, device='cuda:0', grad_fn=<DivBackward0>)
Memory status after this epoch: 
Memory allocated:  393.0771484375
Memory cached:  1036.0
	 epoch  90 training error:  tensor(0.0972, device='cuda:0', grad_fn=<DivBackward0>)
Memory status after this epoch: 
Memory allocated:  393.0771484375
Memory cached:  1032.0
[I 2024-02-16 17:17:39,162] Trial 17 finished with value: 0.09432303160429001 and parameters: {'W_layers': 4, 'W_layer_units_exponent_0': 9, 'W_layer_units_exponent_1': 9, 'W_layer_units_exponent_2': 5, 'W_layer_units_exponent_3': 5, 'D_layers': 3, 'D_layer_units_exponent_0': 8, 'D_layer_units_exponent_1': 9, 'D_layer_units_exponent_2': 8, 'D_dagger_layers': 4, 'D_dagger_layer_units_exponent_0': 5, 'D_dagger_layer_units_exponent_1': 9, 'D_dagger_layer_units_exponent_2': 7, 'D_dagger_layer_units_exponent_3': 8, 'log_learning_rate': -3.9509464213944496, 'log_learning_rate_D': -3.1829535390628383, 'log_learning_rate_D_dagger': -3.1298995809006773, 'training_batch_size': 9, 'training_p': 4}. Best is trial 10 with value: 0.07346499711275101.
Time for this trial:  235.40534114837646
Memory status after this trial: 
Memory allocated:  1019.07666015625
Memory cached:  1028.0
--------------------  Trial  18   --------------------
Start timing: 
Parameters: 
{'W_layers': 4, 'W_layer_units_exponent_0': 6, 'W_layer_units_exponent_1': 8, 'W_layer_units_exponent_2': 7, 'W_layer_units_exponent_3': 6, 'D_layers': 6, 'D_layer_units_exponent_0': 5, 'D_layer_units_exponent_1': 6, 'D_layer_units_exponent_2': 7, 'D_layer_units_exponent_3': 8, 'D_layer_units_exponent_4': 8, 'D_layer_units_exponent_5': 4, 'D_dagger_layers': 7, 'D_dagger_layer_units_exponent_0': 8, 'D_dagger_layer_units_exponent_1': 8, 'D_dagger_layer_units_exponent_2': 5, 'D_dagger_layer_units_exponent_3': 6, 'D_dagger_layer_units_exponent_4': 5, 'D_dagger_layer_units_exponent_5': 6, 'D_dagger_layer_units_exponent_6': 4, 'log_learning_rate': -3.5187908854689525, 'log_learning_rate_D': -4.962205514118569, 'log_learning_rate_D_dagger': -3.7202712590945404, 'training_batch_size': 6, 'training_p': 8}
	 epoch  0 training error:  tensor(0.8733, device='cuda:0', grad_fn=<DivBackward0>)
Memory status after this epoch: 
Memory allocated:  386.8779296875
Memory cached:  1026.0
	 epoch  10 training error:  tensor(0.2221, device='cuda:0', grad_fn=<DivBackward0>)
Memory status after this epoch: 
Memory allocated:  386.8779296875
Memory cached:  1026.0
	 epoch  20 training error:  tensor(0.1521, device='cuda:0', grad_fn=<DivBackward0>)
Memory status after this epoch: 
Memory allocated:  386.8779296875
Memory cached:  1026.0
	 epoch  30 training error:  tensor(0.1219, device='cuda:0', grad_fn=<DivBackward0>)
Memory status after this epoch: 
Memory allocated:  386.8779296875
Memory cached:  1026.0
	 epoch  40 training error:  tensor(0.1193, device='cuda:0', grad_fn=<DivBackward0>)
Memory status after this epoch: 
Memory allocated:  386.8779296875
Memory cached:  1026.0
	 epoch  50 training error:  tensor(0.1172, device='cuda:0', grad_fn=<DivBackward0>)
Memory status after this epoch: 
Memory allocated:  386.8779296875
Memory cached:  1026.0
	 epoch  60 training error:  tensor(0.1151, device='cuda:0', grad_fn=<DivBackward0>)
Memory status after this epoch: 
Memory allocated:  386.8779296875
Memory cached:  1026.0
	 epoch  70 training error:  tensor(0.1153, device='cuda:0', grad_fn=<DivBackward0>)
Memory status after this epoch: 
Memory allocated:  386.8779296875
Memory cached:  1026.0
	 epoch  80 training error:  tensor(0.1158, device='cuda:0', grad_fn=<DivBackward0>)
Memory status after this epoch: 
Memory allocated:  386.8779296875
Memory cached:  1026.0
	 epoch  90 training error:  tensor(0.1149, device='cuda:0', grad_fn=<DivBackward0>)
Memory status after this epoch: 
Memory allocated:  386.8779296875
Memory cached:  1026.0
