[I 2023-12-07 04:09:31,573] Trial 75 finished with value: 0.7043623328208923 and parameters: {'W_layers': 2, 'W_layer_units_exponent_0': 8, 'W_layer_units_exponent_1': 5, 'D_layers': 8, 'D_layer_units_exponent_0': 8, 'D_layer_units_exponent_1': 9, 'D_layer_units_exponent_2': 5, 'D_layer_units_exponent_3': 4, 'D_layer_units_exponent_4': 7, 'D_layer_units_exponent_5': 6, 'D_layer_units_exponent_6': 6, 'D_layer_units_exponent_7': 8, 'D_dagger_layers': 6, 'D_dagger_layer_units_exponent_0': 5, 'D_dagger_layer_units_exponent_1': 6, 'D_dagger_layer_units_exponent_2': 5, 'D_dagger_layer_units_exponent_3': 5, 'D_dagger_layer_units_exponent_4': 4, 'D_dagger_layer_units_exponent_5': 6, 'log_learning_rate': -2.279974128144297, 'log_learning_rate_D': -3.8102923737433745, 'log_learning_rate_D_dagger': -2.5174045783123074, 'training_batch_size': 6, 'training_p': 6}. Best is trial 66 with value: 0.5094535946846008.
Time for this trial:  18.656379222869873
Memory status after this trial: 
Memory allocated:  105.32958984375
Memory cached:  218.0
--------------------  Trial  76   --------------------
Start timing: 
Parameters: 
{'W_layers': 3, 'W_layer_units_exponent_0': 9, 'W_layer_units_exponent_1': 6, 'W_layer_units_exponent_2': 6, 'D_layers': 7, 'D_layer_units_exponent_0': 8, 'D_layer_units_exponent_1': 10, 'D_layer_units_exponent_2': 5, 'D_layer_units_exponent_3': 5, 'D_layer_units_exponent_4': 10, 'D_layer_units_exponent_5': 9, 'D_layer_units_exponent_6': 8, 'D_dagger_layers': 7, 'D_dagger_layer_units_exponent_0': 6, 'D_dagger_layer_units_exponent_1': 4, 'D_dagger_layer_units_exponent_2': 4, 'D_dagger_layer_units_exponent_3': 5, 'D_dagger_layer_units_exponent_4': 4, 'D_dagger_layer_units_exponent_5': 4, 'D_dagger_layer_units_exponent_6': 6, 'log_learning_rate': -2.4992358631731397, 'log_learning_rate_D': -4.100008283698073, 'log_learning_rate_D_dagger': -2.1601855224686197, 'training_batch_size': 7, 'training_p': 2}
	 epoch  0 training error:  tensor(0.9843, device='cuda:0', grad_fn=<DivBackward0>)
Memory status after this epoch: 
Memory allocated:  81.6357421875
Memory cached:  218.0
	 epoch  10 training error:  tensor(0.9151, device='cuda:0', grad_fn=<DivBackward0>)
Memory status after this epoch: 
Memory allocated:  81.6357421875
Memory cached:  218.0
	 epoch  20 training error:  tensor(0.7215, device='cuda:0', grad_fn=<DivBackward0>)
Memory status after this epoch: 
Memory allocated:  81.6357421875
Memory cached:  218.0
	 epoch  30 training error:  tensor(0.6325, device='cuda:0', grad_fn=<DivBackward0>)
Memory status after this epoch: 
Memory allocated:  81.6357421875
Memory cached:  218.0
	 epoch  40 training error:  tensor(0.6080, device='cuda:0', grad_fn=<DivBackward0>)
Memory status after this epoch: 
Memory allocated:  81.6357421875
Memory cached:  218.0
	 epoch  50 training error:  tensor(0.5798, device='cuda:0', grad_fn=<DivBackward0>)
Memory status after this epoch: 
Memory allocated:  81.6357421875
Memory cached:  218.0
	 epoch  60 training error:  tensor(0.5693, device='cuda:0', grad_fn=<DivBackward0>)
Memory status after this epoch: 
Memory allocated:  81.6357421875
Memory cached:  218.0
	 epoch  70 training error:  tensor(0.5687, device='cuda:0', grad_fn=<DivBackward0>)
Memory status after this epoch: 
Memory allocated:  81.6357421875
Memory cached:  218.0
	 epoch  80 training error:  tensor(0.5682, device='cuda:0', grad_fn=<DivBackward0>)
Memory status after this epoch: 
Memory allocated:  81.6357421875
Memory cached:  218.0
	 epoch  90 training error:  tensor(0.5682, device='cuda:0', grad_fn=<DivBackward0>)
Memory status after this epoch: 
Memory allocated:  81.6357421875
Memory cached:  218.0
[I 2023-12-07 04:09:48,968] Trial 76 finished with value: 0.5102266669273376 and parameters: {'W_layers': 3, 'W_layer_units_exponent_0': 9, 'W_layer_units_exponent_1': 6, 'W_layer_units_exponent_2': 6, 'D_layers': 7, 'D_layer_units_exponent_0': 8, 'D_layer_units_exponent_1': 10, 'D_layer_units_exponent_2': 5, 'D_layer_units_exponent_3': 5, 'D_layer_units_exponent_4': 10, 'D_layer_units_exponent_5': 9, 'D_layer_units_exponent_6': 8, 'D_dagger_layers': 7, 'D_dagger_layer_units_exponent_0': 6, 'D_dagger_layer_units_exponent_1': 4, 'D_dagger_layer_units_exponent_2': 4, 'D_dagger_layer_units_exponent_3': 5, 'D_dagger_layer_units_exponent_4': 4, 'D_dagger_layer_units_exponent_5': 4, 'D_dagger_layer_units_exponent_6': 6, 'log_learning_rate': -2.4992358631731397, 'log_learning_rate_D': -4.100008283698073, 'log_learning_rate_D_dagger': -2.1601855224686197, 'training_batch_size': 7, 'training_p': 2}. Best is trial 66 with value: 0.5094535946846008.
Time for this trial:  17.166606426239014
Memory status after this trial: 
Memory allocated:  123.18408203125
Memory cached:  218.0
--------------------  Trial  77   --------------------
Start timing: 
Parameters: 
{'W_layers': 3, 'W_layer_units_exponent_0': 8, 'W_layer_units_exponent_1': 6, 'W_layer_units_exponent_2': 6, 'D_layers': 7, 'D_layer_units_exponent_0': 8, 'D_layer_units_exponent_1': 10, 'D_layer_units_exponent_2': 5, 'D_layer_units_exponent_3': 5, 'D_layer_units_exponent_4': 10, 'D_layer_units_exponent_5': 9, 'D_layer_units_exponent_6': 8, 'D_dagger_layers': 7, 'D_dagger_layer_units_exponent_0': 5, 'D_dagger_layer_units_exponent_1': 4, 'D_dagger_layer_units_exponent_2': 4, 'D_dagger_layer_units_exponent_3': 5, 'D_dagger_layer_units_exponent_4': 4, 'D_dagger_layer_units_exponent_5': 5, 'D_dagger_layer_units_exponent_6': 6, 'log_learning_rate': -2.542105091573082, 'log_learning_rate_D': -4.532230630376765, 'log_learning_rate_D_dagger': -2.178800836471634, 'training_batch_size': 7, 'training_p': 3}
	 epoch  0 training error:  tensor(1.0714, device='cuda:0', grad_fn=<DivBackward0>)
Memory status after this epoch: 
Memory allocated:  81.3896484375
Memory cached:  218.0
	 epoch  10 training error:  tensor(0.9724, device='cuda:0', grad_fn=<DivBackward0>)
Memory status after this epoch: 
Memory allocated:  81.3896484375
Memory cached:  218.0
	 epoch  20 training error:  tensor(0.8014, device='cuda:0', grad_fn=<DivBackward0>)
Memory status after this epoch: 
Memory allocated:  81.3896484375
Memory cached:  218.0
	 epoch  30 training error:  tensor(0.8023, device='cuda:0', grad_fn=<DivBackward0>)
Memory status after this epoch: 
Memory allocated:  81.3896484375
Memory cached:  218.0
	 epoch  40 training error:  tensor(0.7500, device='cuda:0', grad_fn=<DivBackward0>)
Memory status after this epoch: 
Memory allocated:  81.3896484375
Memory cached:  218.0
	 epoch  50 training error:  tensor(0.7285, device='cuda:0', grad_fn=<DivBackward0>)
Memory status after this epoch: 
Memory allocated:  81.3896484375
Memory cached:  218.0
	 epoch  60 training error:  tensor(0.6974, device='cuda:0', grad_fn=<DivBackward0>)
Memory status after this epoch: 
Memory allocated:  81.3896484375
Memory cached:  218.0
	 epoch  70 training error:  tensor(0.7400, device='cuda:0', grad_fn=<DivBackward0>)
Memory status after this epoch: 
Memory allocated:  81.3896484375
Memory cached:  218.0
	 epoch  80 training error:  tensor(0.7098, device='cuda:0', grad_fn=<DivBackward0>)
Memory status after this epoch: 
Memory allocated:  81.3896484375
Memory cached:  218.0
	 epoch  90 training error:  tensor(0.6567, device='cuda:0', grad_fn=<DivBackward0>)
Memory status after this epoch: 
Memory allocated:  81.3896484375
Memory cached:  218.0
[I 2023-12-07 04:10:06,006] Trial 77 finished with value: 0.6022914052009583 and parameters: {'W_layers': 3, 'W_layer_units_exponent_0': 8, 'W_layer_units_exponent_1': 6, 'W_layer_units_exponent_2': 6, 'D_layers': 7, 'D_layer_units_exponent_0': 8, 'D_layer_units_exponent_1': 10, 'D_layer_units_exponent_2': 5, 'D_layer_units_exponent_3': 5, 'D_layer_units_exponent_4': 10, 'D_layer_units_exponent_5': 9, 'D_layer_units_exponent_6': 8, 'D_dagger_layers': 7, 'D_dagger_layer_units_exponent_0': 5, 'D_dagger_layer_units_exponent_1': 4, 'D_dagger_layer_units_exponent_2': 4, 'D_dagger_layer_units_exponent_3': 5, 'D_dagger_layer_units_exponent_4': 4, 'D_dagger_layer_units_exponent_5': 5, 'D_dagger_layer_units_exponent_6': 6, 'log_learning_rate': -2.542105091573082, 'log_learning_rate_D': -4.532230630376765, 'log_learning_rate_D_dagger': -2.178800836471634, 'training_batch_size': 7, 'training_p': 3}. Best is trial 66 with value: 0.5094535946846008.
Time for this trial:  16.803264379501343
Memory status after this trial: 
Memory allocated:  108.53466796875
Memory cached:  218.0
--------------------  Trial  78   --------------------
Start timing: 
Parameters: 
{'W_layers': 3, 'W_layer_units_exponent_0': 7, 'W_layer_units_exponent_1': 6, 'W_layer_units_exponent_2': 7, 'D_layers': 7, 'D_layer_units_exponent_0': 6, 'D_layer_units_exponent_1': 10, 'D_layer_units_exponent_2': 6, 'D_layer_units_exponent_3': 6, 'D_layer_units_exponent_4': 9, 'D_layer_units_exponent_5': 7, 'D_layer_units_exponent_6': 6, 'D_dagger_layers': 6, 'D_dagger_layer_units_exponent_0': 6, 'D_dagger_layer_units_exponent_1': 5, 'D_dagger_layer_units_exponent_2': 4, 'D_dagger_layer_units_exponent_3': 5, 'D_dagger_layer_units_exponent_4': 4, 'D_dagger_layer_units_exponent_5': 6, 'log_learning_rate': -2.4586609077874773, 'log_learning_rate_D': -4.103021394092729, 'log_learning_rate_D_dagger': -2.0893509116370783, 'training_batch_size': 6, 'training_p': 2}
	 epoch  0 training error:  tensor(1.0496, device='cuda:0', grad_fn=<DivBackward0>)
Memory status after this epoch: 
Memory allocated:  78.4638671875
Memory cached:  218.0
	 epoch  10 training error:  tensor(0.7945, device='cuda:0', grad_fn=<DivBackward0>)
Memory status after this epoch: 
Memory allocated:  78.4638671875
Memory cached:  218.0
	 epoch  20 training error:  tensor(0.8508, device='cuda:0', grad_fn=<DivBackward0>)
Memory status after this epoch: 
Memory allocated:  78.4638671875
Memory cached:  218.0
	 epoch  30 training error:  tensor(0.6760, device='cuda:0', grad_fn=<DivBackward0>)
Memory status after this epoch: 
Memory allocated:  78.4638671875
Memory cached:  218.0
	 epoch  40 training error:  tensor(0.6266, device='cuda:0', grad_fn=<DivBackward0>)
Memory status after this epoch: 
Memory allocated:  78.4638671875
Memory cached:  218.0
	 epoch  50 training error:  tensor(0.8687, device='cuda:0', grad_fn=<DivBackward0>)
Memory status after this epoch: 
Memory allocated:  78.4638671875
Memory cached:  218.0
	 epoch  60 training error:  tensor(0.6556, device='cuda:0', grad_fn=<DivBackward0>)
Memory status after this epoch: 
Memory allocated:  78.4638671875
Memory cached:  218.0
	 epoch  70 training error:  tensor(0.5733, device='cuda:0', grad_fn=<DivBackward0>)
Memory status after this epoch: 
Memory allocated:  78.4638671875
Memory cached:  218.0
	 epoch  80 training error:  tensor(0.6430, device='cuda:0', grad_fn=<DivBackward0>)
Memory status after this epoch: 
Memory allocated:  78.4638671875
Memory cached:  218.0
	 epoch  90 training error:  tensor(0.5853, device='cuda:0', grad_fn=<DivBackward0>)
Memory status after this epoch: 
Memory allocated:  78.4638671875
Memory cached:  218.0
[I 2023-12-07 04:10:24,776] Trial 78 finished with value: 0.5054259300231934 and parameters: {'W_layers': 3, 'W_layer_units_exponent_0': 7, 'W_layer_units_exponent_1': 6, 'W_layer_units_exponent_2': 7, 'D_layers': 7, 'D_layer_units_exponent_0': 6, 'D_layer_units_exponent_1': 10, 'D_layer_units_exponent_2': 6, 'D_layer_units_exponent_3': 6, 'D_layer_units_exponent_4': 9, 'D_layer_units_exponent_5': 7, 'D_layer_units_exponent_6': 6, 'D_dagger_layers': 6, 'D_dagger_layer_units_exponent_0': 6, 'D_dagger_layer_units_exponent_1': 5, 'D_dagger_layer_units_exponent_2': 4, 'D_dagger_layer_units_exponent_3': 5, 'D_dagger_layer_units_exponent_4': 4, 'D_dagger_layer_units_exponent_5': 6, 'log_learning_rate': -2.4586609077874773, 'log_learning_rate_D': -4.103021394092729, 'log_learning_rate_D_dagger': -2.0893509116370783, 'training_batch_size': 6, 'training_p': 2}. Best is trial 78 with value: 0.5054259300231934.
res:  tensor(0.5054, device='cuda:0', grad_fn=<DivBackward0>)
self.bestValue:  tensor(0.5095, device='cuda:0', grad_fn=<DivBackward0>)
Save this model!
Time for this trial:  18.5277578830719
Memory status after this trial: 
Memory allocated:  27.92578125
Memory cached:  48.0
--------------------  Trial  79   --------------------
Start timing: 
Parameters: 
{'W_layers': 3, 'W_layer_units_exponent_0': 7, 'W_layer_units_exponent_1': 6, 'W_layer_units_exponent_2': 7, 'D_layers': 7, 'D_layer_units_exponent_0': 7, 'D_layer_units_exponent_1': 10, 'D_layer_units_exponent_2': 6, 'D_layer_units_exponent_3': 6, 'D_layer_units_exponent_4': 9, 'D_layer_units_exponent_5': 7, 'D_layer_units_exponent_6': 6, 'D_dagger_layers': 6, 'D_dagger_layer_units_exponent_0': 5, 'D_dagger_layer_units_exponent_1': 6, 'D_dagger_layer_units_exponent_2': 4, 'D_dagger_layer_units_exponent_3': 5, 'D_dagger_layer_units_exponent_4': 4, 'D_dagger_layer_units_exponent_5': 6, 'log_learning_rate': -2.397276678495536, 'log_learning_rate_D': -4.063231774595952, 'log_learning_rate_D_dagger': -2.0865510751558536, 'training_batch_size': 6, 'training_p': 3}
	 epoch  0 training error:  tensor(1.0825, device='cuda:0', grad_fn=<DivBackward0>)
Memory status after this epoch: 
Memory allocated:  29.4677734375
Memory cached:  50.0
	 epoch  10 training error:  tensor(0.9847, device='cuda:0', grad_fn=<DivBackward0>)
Memory status after this epoch: 
Memory allocated:  29.4677734375
Memory cached:  50.0
	 epoch  20 training error:  tensor(0.7810, device='cuda:0', grad_fn=<DivBackward0>)
Memory status after this epoch: 
Memory allocated:  29.4677734375
Memory cached:  50.0
	 epoch  30 training error:  tensor(0.7294, device='cuda:0', grad_fn=<DivBackward0>)
Memory status after this epoch: 
Memory allocated:  29.4677734375
Memory cached:  50.0
	 epoch  40 training error:  tensor(0.8192, device='cuda:0', grad_fn=<DivBackward0>)
Memory status after this epoch: 
Memory allocated:  29.4677734375
Memory cached:  50.0
	 epoch  50 training error:  tensor(0.6940, device='cuda:0', grad_fn=<DivBackward0>)
Memory status after this epoch: 
Memory allocated:  29.4677734375
Memory cached:  50.0
	 epoch  60 training error:  tensor(0.6430, device='cuda:0', grad_fn=<DivBackward0>)
Memory status after this epoch: 
Memory allocated:  29.4677734375
Memory cached:  50.0
	 epoch  70 training error:  tensor(0.6329, device='cuda:0', grad_fn=<DivBackward0>)
Memory status after this epoch: 
Memory allocated:  29.4677734375
Memory cached:  50.0
	 epoch  80 training error:  tensor(0.6306, device='cuda:0', grad_fn=<DivBackward0>)
Memory status after this epoch: 
Memory allocated:  29.4677734375
Memory cached:  50.0
	 epoch  90 training error:  tensor(0.6267, device='cuda:0', grad_fn=<DivBackward0>)
Memory status after this epoch: 
Memory allocated:  29.4677734375
Memory cached:  50.0
[I 2023-12-07 04:10:44,189] Trial 79 finished with value: 0.5514843463897705 and parameters: {'W_layers': 3, 'W_layer_units_exponent_0': 7, 'W_layer_units_exponent_1': 6, 'W_layer_units_exponent_2': 7, 'D_layers': 7, 'D_layer_units_exponent_0': 7, 'D_layer_units_exponent_1': 10, 'D_layer_units_exponent_2': 6, 'D_layer_units_exponent_3': 6, 'D_layer_units_exponent_4': 9, 'D_layer_units_exponent_5': 7, 'D_layer_units_exponent_6': 6, 'D_dagger_layers': 6, 'D_dagger_layer_units_exponent_0': 5, 'D_dagger_layer_units_exponent_1': 6, 'D_dagger_layer_units_exponent_2': 4, 'D_dagger_layer_units_exponent_3': 5, 'D_dagger_layer_units_exponent_4': 4, 'D_dagger_layer_units_exponent_5': 6, 'log_learning_rate': -2.397276678495536, 'log_learning_rate_D': -4.063231774595952, 'log_learning_rate_D_dagger': -2.0865510751558536, 'training_batch_size': 6, 'training_p': 3}. Best is trial 78 with value: 0.5054259300231934.
Time for this trial:  19.184531688690186
Memory status after this trial: 
Memory allocated:  55.73193359375
Memory cached:  62.0
--------------------  Trial  80   --------------------
Start timing: 
Parameters: 
{'W_layers': 2, 'W_layer_units_exponent_0': 7, 'W_layer_units_exponent_1': 6, 'D_layers': 6, 'D_layer_units_exponent_0': 6, 'D_layer_units_exponent_1': 10, 'D_layer_units_exponent_2': 6, 'D_layer_units_exponent_3': 5, 'D_layer_units_exponent_4': 10, 'D_layer_units_exponent_5': 7, 'D_dagger_layers': 6, 'D_dagger_layer_units_exponent_0': 6, 'D_dagger_layer_units_exponent_1': 5, 'D_dagger_layer_units_exponent_2': 4, 'D_dagger_layer_units_exponent_3': 5, 'D_dagger_layer_units_exponent_4': 4, 'D_dagger_layer_units_exponent_5': 6, 'log_learning_rate': -2.560814444496179, 'log_learning_rate_D': -4.316437767821999, 'log_learning_rate_D_dagger': -1.9140842426035811, 'training_batch_size': 6, 'training_p': 2}
	 epoch  0 training error:  tensor(1.0334, device='cuda:0', grad_fn=<DivBackward0>)
Memory status after this epoch: 
Memory allocated:  29.29541015625
Memory cached:  48.0
	 epoch  10 training error:  tensor(0.7219, device='cuda:0', grad_fn=<DivBackward0>)
Memory status after this epoch: 
Memory allocated:  29.29541015625
Memory cached:  48.0
	 epoch  20 training error:  tensor(0.9626, device='cuda:0', grad_fn=<DivBackward0>)
Memory status after this epoch: 
Memory allocated:  29.29541015625
Memory cached:  48.0
	 epoch  30 training error:  tensor(0.6597, device='cuda:0', grad_fn=<DivBackward0>)
Memory status after this epoch: 
Memory allocated:  29.29541015625
Memory cached:  48.0
	 epoch  40 training error:  tensor(0.5745, device='cuda:0', grad_fn=<DivBackward0>)
Memory status after this epoch: 
Memory allocated:  29.29541015625
Memory cached:  48.0
	 epoch  50 training error:  tensor(0.5723, device='cuda:0', grad_fn=<DivBackward0>)
Memory status after this epoch: 
Memory allocated:  29.29541015625
Memory cached:  48.0
	 epoch  60 training error:  tensor(0.5732, device='cuda:0', grad_fn=<DivBackward0>)
Memory status after this epoch: 
Memory allocated:  29.29541015625
Memory cached:  48.0
	 epoch  70 training error:  tensor(0.6391, device='cuda:0', grad_fn=<DivBackward0>)
Memory status after this epoch: 
Memory allocated:  29.29541015625
Memory cached:  48.0
	 epoch  80 training error:  tensor(0.5950, device='cuda:0', grad_fn=<DivBackward0>)
Memory status after this epoch: 
Memory allocated:  29.29541015625
Memory cached:  48.0
	 epoch  90 training error:  tensor(0.5689, device='cuda:0', grad_fn=<DivBackward0>)
Memory status after this epoch: 
Memory allocated:  29.29541015625
Memory cached:  48.0
[I 2023-12-07 04:11:03,216] Trial 80 finished with value: 0.5143545269966125 and parameters: {'W_layers': 2, 'W_layer_units_exponent_0': 7, 'W_layer_units_exponent_1': 6, 'D_layers': 6, 'D_layer_units_exponent_0': 6, 'D_layer_units_exponent_1': 10, 'D_layer_units_exponent_2': 6, 'D_layer_units_exponent_3': 5, 'D_layer_units_exponent_4': 10, 'D_layer_units_exponent_5': 7, 'D_dagger_layers': 6, 'D_dagger_layer_units_exponent_0': 6, 'D_dagger_layer_units_exponent_1': 5, 'D_dagger_layer_units_exponent_2': 4, 'D_dagger_layer_units_exponent_3': 5, 'D_dagger_layer_units_exponent_4': 4, 'D_dagger_layer_units_exponent_5': 6, 'log_learning_rate': -2.560814444496179, 'log_learning_rate_D': -4.316437767821999, 'log_learning_rate_D_dagger': -1.9140842426035811, 'training_batch_size': 6, 'training_p': 2}. Best is trial 78 with value: 0.5054259300231934.
Time for this trial:  18.811800718307495
Memory status after this trial: 
Memory allocated:  49.31689453125
Memory cached:  54.0
--------------------  Trial  81   --------------------
Start timing: 
Parameters: 
{'W_layers': 3, 'W_layer_units_exponent_0': 8, 'W_layer_units_exponent_1': 6, 'W_layer_units_exponent_2': 4, 'D_layers': 7, 'D_layer_units_exponent_0': 6, 'D_layer_units_exponent_1': 9, 'D_layer_units_exponent_2': 5, 'D_layer_units_exponent_3': 6, 'D_layer_units_exponent_4': 9, 'D_layer_units_exponent_5': 9, 'D_layer_units_exponent_6': 7, 'D_dagger_layers': 7, 'D_dagger_layer_units_exponent_0': 6, 'D_dagger_layer_units_exponent_1': 4, 'D_dagger_layer_units_exponent_2': 4, 'D_dagger_layer_units_exponent_3': 6, 'D_dagger_layer_units_exponent_4': 4, 'D_dagger_layer_units_exponent_5': 5, 'D_dagger_layer_units_exponent_6': 4, 'log_learning_rate': -2.4596394442421863, 'log_learning_rate_D': -3.913862365021112, 'log_learning_rate_D_dagger': -2.2862042826048588, 'training_batch_size': 6, 'training_p': 2}
	 epoch  0 training error:  tensor(1.0867, device='cuda:0', grad_fn=<DivBackward0>)
Memory status after this epoch: 
Memory allocated:  29.87548828125
Memory cached:  48.0
	 epoch  10 training error:  tensor(0.7508, device='cuda:0', grad_fn=<DivBackward0>)
Memory status after this epoch: 
Memory allocated:  29.87548828125
Memory cached:  48.0
	 epoch  20 training error:  tensor(0.6889, device='cuda:0', grad_fn=<DivBackward0>)
Memory status after this epoch: 
Memory allocated:  29.87548828125
Memory cached:  48.0
	 epoch  30 training error:  tensor(0.6073, device='cuda:0', grad_fn=<DivBackward0>)
Memory status after this epoch: 
Memory allocated:  29.87548828125
Memory cached:  48.0
	 epoch  40 training error:  tensor(0.5706, device='cuda:0', grad_fn=<DivBackward0>)
Memory status after this epoch: 
Memory allocated:  29.87548828125
Memory cached:  48.0
	 epoch  50 training error:  tensor(0.5692, device='cuda:0', grad_fn=<DivBackward0>)
Memory status after this epoch: 
Memory allocated:  29.87548828125
Memory cached:  48.0
	 epoch  60 training error:  tensor(0.5727, device='cuda:0', grad_fn=<DivBackward0>)
Memory status after this epoch: 
Memory allocated:  29.87548828125
Memory cached:  48.0
	 epoch  70 training error:  tensor(0.5705, device='cuda:0', grad_fn=<DivBackward0>)
Memory status after this epoch: 
Memory allocated:  29.87548828125
Memory cached:  48.0
	 epoch  80 training error:  tensor(0.5726, device='cuda:0', grad_fn=<DivBackward0>)
Memory status after this epoch: 
Memory allocated:  29.87548828125
Memory cached:  48.0
	 epoch  90 training error:  tensor(0.5750, device='cuda:0', grad_fn=<DivBackward0>)
Memory status after this epoch: 
Memory allocated:  29.87548828125
Memory cached:  48.0
