[I 2024-01-13 13:11:15,963] Trial 191 finished with value: 0.10248015075922012 and parameters: {'W_layers': 2, 'W_layer_units_exponent_0': 6, 'W_layer_units_exponent_1': 4, 'D_layers': 5, 'D_layer_units_exponent_0': 5, 'D_layer_units_exponent_1': 6, 'D_layer_units_exponent_2': 8, 'D_layer_units_exponent_3': 10, 'D_layer_units_exponent_4': 8, 'D_dagger_layers': 5, 'D_dagger_layer_units_exponent_0': 9, 'D_dagger_layer_units_exponent_1': 9, 'D_dagger_layer_units_exponent_2': 7, 'D_dagger_layer_units_exponent_3': 6, 'D_dagger_layer_units_exponent_4': 5, 'log_learning_rate': -3.2776762198004628, 'log_learning_rate_D': -3.848498544811233, 'log_learning_rate_D_dagger': -2.83253551900237, 'training_batch_size': 6, 'training_p': 8}. Best is trial 188 with value: 0.05394549295306206.
Time for this trial:  435.07817220687866
Memory status after this trial: 
Memory allocated:  621.490234375
Memory cached:  630.0
--------------------  Trial  192   --------------------
Start timing: 
Parameters: 
{'W_layers': 2, 'W_layer_units_exponent_0': 6, 'W_layer_units_exponent_1': 4, 'D_layers': 5, 'D_layer_units_exponent_0': 5, 'D_layer_units_exponent_1': 6, 'D_layer_units_exponent_2': 8, 'D_layer_units_exponent_3': 10, 'D_layer_units_exponent_4': 7, 'D_dagger_layers': 5, 'D_dagger_layer_units_exponent_0': 9, 'D_dagger_layer_units_exponent_1': 9, 'D_dagger_layer_units_exponent_2': 7, 'D_dagger_layer_units_exponent_3': 6, 'D_dagger_layer_units_exponent_4': 5, 'log_learning_rate': -4.895146204744691, 'log_learning_rate_D': -3.4150330701492235, 'log_learning_rate_D_dagger': -2.9505806235895333, 'training_batch_size': 6, 'training_p': 8}
	 epoch  0 training error:  tensor(0.6537, device='cuda:0', grad_fn=<DivBackward0>)
Memory status after this epoch: 
Memory allocated:  316.091796875
Memory cached:  574.0
	 epoch  10 training error:  tensor(0.5416, device='cuda:0', grad_fn=<DivBackward0>)
Memory status after this epoch: 
Memory allocated:  316.091796875
Memory cached:  588.0
	 epoch  20 training error:  tensor(0.5341, device='cuda:0', grad_fn=<DivBackward0>)
Memory status after this epoch: 
Memory allocated:  316.091796875
Memory cached:  592.0
	 epoch  30 training error:  tensor(0.5013, device='cuda:0', grad_fn=<DivBackward0>)
Memory status after this epoch: 
Memory allocated:  316.091796875
Memory cached:  594.0
	 epoch  40 training error:  tensor(0.2912, device='cuda:0', grad_fn=<DivBackward0>)
Memory status after this epoch: 
Memory allocated:  316.091796875
Memory cached:  586.0
	 epoch  50 training error:  tensor(0.1946, device='cuda:0', grad_fn=<DivBackward0>)
Memory status after this epoch: 
Memory allocated:  316.091796875
Memory cached:  584.0
	 epoch  60 training error:  tensor(0.1963, device='cuda:0', grad_fn=<DivBackward0>)
Memory status after this epoch: 
Memory allocated:  316.091796875
Memory cached:  596.0
	 epoch  70 training error:  tensor(0.1685, device='cuda:0', grad_fn=<DivBackward0>)
Memory status after this epoch: 
Memory allocated:  316.091796875
Memory cached:  584.0
	 epoch  80 training error:  tensor(0.0923, device='cuda:0', grad_fn=<DivBackward0>)
Memory status after this epoch: 
Memory allocated:  316.091796875
Memory cached:  596.0
	 epoch  90 training error:  tensor(0.1448, device='cuda:0', grad_fn=<DivBackward0>)
Memory status after this epoch: 
Memory allocated:  316.091796875
Memory cached:  586.0
[I 2024-01-13 13:18:31,820] Trial 192 finished with value: 0.10357508808374405 and parameters: {'W_layers': 2, 'W_layer_units_exponent_0': 6, 'W_layer_units_exponent_1': 4, 'D_layers': 5, 'D_layer_units_exponent_0': 5, 'D_layer_units_exponent_1': 6, 'D_layer_units_exponent_2': 8, 'D_layer_units_exponent_3': 10, 'D_layer_units_exponent_4': 7, 'D_dagger_layers': 5, 'D_dagger_layer_units_exponent_0': 9, 'D_dagger_layer_units_exponent_1': 9, 'D_dagger_layer_units_exponent_2': 7, 'D_dagger_layer_units_exponent_3': 6, 'D_dagger_layer_units_exponent_4': 5, 'log_learning_rate': -4.895146204744691, 'log_learning_rate_D': -3.4150330701492235, 'log_learning_rate_D_dagger': -2.9505806235895333, 'training_batch_size': 6, 'training_p': 8}. Best is trial 188 with value: 0.05394549295306206.
Time for this trial:  435.4009232521057
Memory status after this trial: 
Memory allocated:  608.88671875
Memory cached:  616.0
--------------------  Trial  193   --------------------
Start timing: 
Parameters: 
{'W_layers': 2, 'W_layer_units_exponent_0': 6, 'W_layer_units_exponent_1': 4, 'D_layers': 5, 'D_layer_units_exponent_0': 5, 'D_layer_units_exponent_1': 6, 'D_layer_units_exponent_2': 8, 'D_layer_units_exponent_3': 10, 'D_layer_units_exponent_4': 7, 'D_dagger_layers': 5, 'D_dagger_layer_units_exponent_0': 9, 'D_dagger_layer_units_exponent_1': 9, 'D_dagger_layer_units_exponent_2': 7, 'D_dagger_layer_units_exponent_3': 6, 'D_dagger_layer_units_exponent_4': 6, 'log_learning_rate': -2.751820708211728, 'log_learning_rate_D': -3.27255595663096, 'log_learning_rate_D_dagger': -2.74690602387999, 'training_batch_size': 6, 'training_p': 8}
	 epoch  0 training error:  tensor(0.9478, device='cuda:0', grad_fn=<DivBackward0>)
Memory status after this epoch: 
Memory allocated:  316.123046875
Memory cached:  576.0
	 epoch  10 training error:  tensor(0.5489, device='cuda:0', grad_fn=<DivBackward0>)
Memory status after this epoch: 
Memory allocated:  316.123046875
Memory cached:  578.0
	 epoch  20 training error:  tensor(0.5343, device='cuda:0', grad_fn=<DivBackward0>)
Memory status after this epoch: 
Memory allocated:  316.123046875
Memory cached:  576.0
	 epoch  30 training error:  tensor(0.5149, device='cuda:0', grad_fn=<DivBackward0>)
Memory status after this epoch: 
Memory allocated:  316.123046875
Memory cached:  576.0
	 epoch  40 training error:  tensor(0.3551, device='cuda:0', grad_fn=<DivBackward0>)
Memory status after this epoch: 
Memory allocated:  316.123046875
Memory cached:  578.0
	 epoch  50 training error:  tensor(0.2951, device='cuda:0', grad_fn=<DivBackward0>)
Memory status after this epoch: 
Memory allocated:  316.123046875
Memory cached:  576.0
	 epoch  60 training error:  tensor(0.1784, device='cuda:0', grad_fn=<DivBackward0>)
Memory status after this epoch: 
Memory allocated:  316.123046875
Memory cached:  580.0
	 epoch  70 training error:  tensor(0.1417, device='cuda:0', grad_fn=<DivBackward0>)
Memory status after this epoch: 
Memory allocated:  316.123046875
Memory cached:  576.0
	 epoch  80 training error:  tensor(0.1598, device='cuda:0', grad_fn=<DivBackward0>)
Memory status after this epoch: 
Memory allocated:  316.123046875
Memory cached:  578.0
	 epoch  90 training error:  tensor(0.1504, device='cuda:0', grad_fn=<DivBackward0>)
Memory status after this epoch: 
Memory allocated:  316.123046875
Memory cached:  576.0
[I 2024-01-13 13:25:47,057] Trial 193 finished with value: 0.08772111684083939 and parameters: {'W_layers': 2, 'W_layer_units_exponent_0': 6, 'W_layer_units_exponent_1': 4, 'D_layers': 5, 'D_layer_units_exponent_0': 5, 'D_layer_units_exponent_1': 6, 'D_layer_units_exponent_2': 8, 'D_layer_units_exponent_3': 10, 'D_layer_units_exponent_4': 7, 'D_dagger_layers': 5, 'D_dagger_layer_units_exponent_0': 9, 'D_dagger_layer_units_exponent_1': 9, 'D_dagger_layer_units_exponent_2': 7, 'D_dagger_layer_units_exponent_3': 6, 'D_dagger_layer_units_exponent_4': 6, 'log_learning_rate': -2.751820708211728, 'log_learning_rate_D': -3.27255595663096, 'log_learning_rate_D_dagger': -2.74690602387999, 'training_batch_size': 6, 'training_p': 8}. Best is trial 188 with value: 0.05394549295306206.
Time for this trial:  434.7482042312622
Memory status after this trial: 
Memory allocated:  611.83203125
Memory cached:  620.0
--------------------  Trial  194   --------------------
Start timing: 
Parameters: 
{'W_layers': 2, 'W_layer_units_exponent_0': 6, 'W_layer_units_exponent_1': 4, 'D_layers': 5, 'D_layer_units_exponent_0': 5, 'D_layer_units_exponent_1': 6, 'D_layer_units_exponent_2': 8, 'D_layer_units_exponent_3': 10, 'D_layer_units_exponent_4': 7, 'D_dagger_layers': 5, 'D_dagger_layer_units_exponent_0': 9, 'D_dagger_layer_units_exponent_1': 9, 'D_dagger_layer_units_exponent_2': 7, 'D_dagger_layer_units_exponent_3': 6, 'D_dagger_layer_units_exponent_4': 6, 'log_learning_rate': -2.6054927620270973, 'log_learning_rate_D': -3.2647313086131744, 'log_learning_rate_D_dagger': -2.681939123015585, 'training_batch_size': 6, 'training_p': 8}
	 epoch  0 training error:  tensor(0.9413, device='cuda:0', grad_fn=<DivBackward0>)
Memory status after this epoch: 
Memory allocated:  316.123046875
Memory cached:  574.0
	 epoch  10 training error:  tensor(0.5605, device='cuda:0', grad_fn=<DivBackward0>)
Memory status after this epoch: 
Memory allocated:  316.123046875
Memory cached:  576.0
	 epoch  20 training error:  tensor(0.5370, device='cuda:0', grad_fn=<DivBackward0>)
Memory status after this epoch: 
Memory allocated:  316.123046875
Memory cached:  578.0
	 epoch  30 training error:  tensor(0.4186, device='cuda:0', grad_fn=<DivBackward0>)
Memory status after this epoch: 
Memory allocated:  316.123046875
Memory cached:  574.0
	 epoch  40 training error:  tensor(0.3280, device='cuda:0', grad_fn=<DivBackward0>)
Memory status after this epoch: 
Memory allocated:  316.123046875
Memory cached:  574.0
	 epoch  50 training error:  tensor(0.2544, device='cuda:0', grad_fn=<DivBackward0>)
Memory status after this epoch: 
Memory allocated:  316.123046875
Memory cached:  576.0
	 epoch  60 training error:  tensor(0.2284, device='cuda:0', grad_fn=<DivBackward0>)
Memory status after this epoch: 
Memory allocated:  316.123046875
Memory cached:  574.0
	 epoch  70 training error:  tensor(0.1665, device='cuda:0', grad_fn=<DivBackward0>)
Memory status after this epoch: 
Memory allocated:  316.123046875
Memory cached:  574.0
	 epoch  80 training error:  tensor(0.1737, device='cuda:0', grad_fn=<DivBackward0>)
Memory status after this epoch: 
Memory allocated:  316.123046875
Memory cached:  576.0
	 epoch  90 training error:  tensor(0.1621, device='cuda:0', grad_fn=<DivBackward0>)
Memory status after this epoch: 
Memory allocated:  316.123046875
Memory cached:  578.0
[I 2024-01-13 13:33:03,076] Trial 194 finished with value: 0.09322822839021683 and parameters: {'W_layers': 2, 'W_layer_units_exponent_0': 6, 'W_layer_units_exponent_1': 4, 'D_layers': 5, 'D_layer_units_exponent_0': 5, 'D_layer_units_exponent_1': 6, 'D_layer_units_exponent_2': 8, 'D_layer_units_exponent_3': 10, 'D_layer_units_exponent_4': 7, 'D_dagger_layers': 5, 'D_dagger_layer_units_exponent_0': 9, 'D_dagger_layer_units_exponent_1': 9, 'D_dagger_layer_units_exponent_2': 7, 'D_dagger_layer_units_exponent_3': 6, 'D_dagger_layer_units_exponent_4': 6, 'log_learning_rate': -2.6054927620270973, 'log_learning_rate_D': -3.2647313086131744, 'log_learning_rate_D_dagger': -2.681939123015585, 'training_batch_size': 6, 'training_p': 8}. Best is trial 188 with value: 0.05394549295306206.
Time for this trial:  435.5329079627991
Memory status after this trial: 
Memory allocated:  611.83203125
Memory cached:  620.0
--------------------  Trial  195   --------------------
Start timing: 
Parameters: 
{'W_layers': 2, 'W_layer_units_exponent_0': 6, 'W_layer_units_exponent_1': 4, 'D_layers': 5, 'D_layer_units_exponent_0': 5, 'D_layer_units_exponent_1': 6, 'D_layer_units_exponent_2': 8, 'D_layer_units_exponent_3': 10, 'D_layer_units_exponent_4': 7, 'D_dagger_layers': 5, 'D_dagger_layer_units_exponent_0': 9, 'D_dagger_layer_units_exponent_1': 9, 'D_dagger_layer_units_exponent_2': 7, 'D_dagger_layer_units_exponent_3': 6, 'D_dagger_layer_units_exponent_4': 4, 'log_learning_rate': -2.4595490407417184, 'log_learning_rate_D': -3.217992168624471, 'log_learning_rate_D_dagger': -2.5521235271594422, 'training_batch_size': 6, 'training_p': 8}
	 epoch  0 training error:  tensor(0.8090, device='cuda:0', grad_fn=<DivBackward0>)
Memory status after this epoch: 
Memory allocated:  316.076171875
Memory cached:  576.0
	 epoch  10 training error:  tensor(0.5387, device='cuda:0', grad_fn=<DivBackward0>)
Memory status after this epoch: 
Memory allocated:  316.076171875
Memory cached:  594.0
	 epoch  20 training error:  tensor(0.5397, device='cuda:0', grad_fn=<DivBackward0>)
Memory status after this epoch: 
Memory allocated:  316.076171875
Memory cached:  594.0
	 epoch  30 training error:  tensor(0.4325, device='cuda:0', grad_fn=<DivBackward0>)
Memory status after this epoch: 
Memory allocated:  316.076171875
Memory cached:  594.0
	 epoch  40 training error:  tensor(0.2814, device='cuda:0', grad_fn=<DivBackward0>)
Memory status after this epoch: 
Memory allocated:  316.076171875
Memory cached:  590.0
	 epoch  50 training error:  tensor(0.2210, device='cuda:0', grad_fn=<DivBackward0>)
Memory status after this epoch: 
Memory allocated:  316.076171875
Memory cached:  594.0
	 epoch  60 training error:  tensor(0.1550, device='cuda:0', grad_fn=<DivBackward0>)
Memory status after this epoch: 
Memory allocated:  316.076171875
Memory cached:  594.0
	 epoch  70 training error:  tensor(0.1684, device='cuda:0', grad_fn=<DivBackward0>)
Memory status after this epoch: 
Memory allocated:  316.076171875
Memory cached:  598.0
	 epoch  80 training error:  tensor(0.1427, device='cuda:0', grad_fn=<DivBackward0>)
Memory status after this epoch: 
Memory allocated:  316.076171875
Memory cached:  592.0
	 epoch  90 training error:  tensor(0.1271, device='cuda:0', grad_fn=<DivBackward0>)
Memory status after this epoch: 
Memory allocated:  316.076171875
Memory cached:  594.0
[I 2024-01-13 13:40:19,462] Trial 195 finished with value: 0.08396951109170914 and parameters: {'W_layers': 2, 'W_layer_units_exponent_0': 6, 'W_layer_units_exponent_1': 4, 'D_layers': 5, 'D_layer_units_exponent_0': 5, 'D_layer_units_exponent_1': 6, 'D_layer_units_exponent_2': 8, 'D_layer_units_exponent_3': 10, 'D_layer_units_exponent_4': 7, 'D_dagger_layers': 5, 'D_dagger_layer_units_exponent_0': 9, 'D_dagger_layer_units_exponent_1': 9, 'D_dagger_layer_units_exponent_2': 7, 'D_dagger_layer_units_exponent_3': 6, 'D_dagger_layer_units_exponent_4': 4, 'log_learning_rate': -2.4595490407417184, 'log_learning_rate_D': -3.217992168624471, 'log_learning_rate_D_dagger': -2.5521235271594422, 'training_batch_size': 6, 'training_p': 8}. Best is trial 188 with value: 0.05394549295306206.
Time for this trial:  435.9744429588318
Memory status after this trial: 
Memory allocated:  607.4140625
Memory cached:  614.0
--------------------  Trial  196   --------------------
Start timing: 
Parameters: 
{'W_layers': 2, 'W_layer_units_exponent_0': 6, 'W_layer_units_exponent_1': 4, 'D_layers': 5, 'D_layer_units_exponent_0': 5, 'D_layer_units_exponent_1': 6, 'D_layer_units_exponent_2': 8, 'D_layer_units_exponent_3': 10, 'D_layer_units_exponent_4': 7, 'D_dagger_layers': 5, 'D_dagger_layer_units_exponent_0': 9, 'D_dagger_layer_units_exponent_1': 9, 'D_dagger_layer_units_exponent_2': 7, 'D_dagger_layer_units_exponent_3': 6, 'D_dagger_layer_units_exponent_4': 4, 'log_learning_rate': -2.773744292129544, 'log_learning_rate_D': -3.338715481282745, 'log_learning_rate_D_dagger': -2.407888064482622, 'training_batch_size': 6, 'training_p': 8}
	 epoch  0 training error:  tensor(1.2493, device='cuda:0', grad_fn=<DivBackward0>)
Memory status after this epoch: 
Memory allocated:  316.076171875
Memory cached:  574.0
	 epoch  10 training error:  tensor(0.5300, device='cuda:0', grad_fn=<DivBackward0>)
Memory status after this epoch: 
Memory allocated:  316.076171875
Memory cached:  590.0
	 epoch  20 training error:  tensor(0.5303, device='cuda:0', grad_fn=<DivBackward0>)
Memory status after this epoch: 
Memory allocated:  316.076171875
Memory cached:  588.0
	 epoch  30 training error:  tensor(0.4599, device='cuda:0', grad_fn=<DivBackward0>)
Memory status after this epoch: 
Memory allocated:  316.076171875
Memory cached:  590.0
	 epoch  40 training error:  tensor(0.3358, device='cuda:0', grad_fn=<DivBackward0>)
Memory status after this epoch: 
Memory allocated:  316.076171875
Memory cached:  596.0
	 epoch  50 training error:  tensor(0.2363, device='cuda:0', grad_fn=<DivBackward0>)
Memory status after this epoch: 
Memory allocated:  316.076171875
Memory cached:  590.0
	 epoch  60 training error:  tensor(0.1999, device='cuda:0', grad_fn=<DivBackward0>)
Memory status after this epoch: 
Memory allocated:  316.076171875
Memory cached:  594.0
	 epoch  70 training error:  tensor(0.2079, device='cuda:0', grad_fn=<DivBackward0>)
Memory status after this epoch: 
Memory allocated:  316.076171875
Memory cached:  588.0
	 epoch  80 training error:  tensor(0.2389, device='cuda:0', grad_fn=<DivBackward0>)
Memory status after this epoch: 
Memory allocated:  316.076171875
Memory cached:  594.0
	 epoch  90 training error:  tensor(0.1940, device='cuda:0', grad_fn=<DivBackward0>)
Memory status after this epoch: 
Memory allocated:  316.076171875
Memory cached:  590.0
[I 2024-01-13 13:47:33,973] Trial 196 finished with value: 0.097918801009655 and parameters: {'W_layers': 2, 'W_layer_units_exponent_0': 6, 'W_layer_units_exponent_1': 4, 'D_layers': 5, 'D_layer_units_exponent_0': 5, 'D_layer_units_exponent_1': 6, 'D_layer_units_exponent_2': 8, 'D_layer_units_exponent_3': 10, 'D_layer_units_exponent_4': 7, 'D_dagger_layers': 5, 'D_dagger_layer_units_exponent_0': 9, 'D_dagger_layer_units_exponent_1': 9, 'D_dagger_layer_units_exponent_2': 7, 'D_dagger_layer_units_exponent_3': 6, 'D_dagger_layer_units_exponent_4': 4, 'log_learning_rate': -2.773744292129544, 'log_learning_rate_D': -3.338715481282745, 'log_learning_rate_D_dagger': -2.407888064482622, 'training_batch_size': 6, 'training_p': 8}. Best is trial 188 with value: 0.05394549295306206.
Time for this trial:  434.0718717575073
Memory status after this trial: 
Memory allocated:  607.4140625
Memory cached:  614.0
--------------------  Trial  197   --------------------
Start timing: 
Parameters: 
{'W_layers': 2, 'W_layer_units_exponent_0': 6, 'W_layer_units_exponent_1': 5, 'D_layers': 5, 'D_layer_units_exponent_0': 5, 'D_layer_units_exponent_1': 6, 'D_layer_units_exponent_2': 8, 'D_layer_units_exponent_3': 10, 'D_layer_units_exponent_4': 7, 'D_dagger_layers': 5, 'D_dagger_layer_units_exponent_0': 9, 'D_dagger_layer_units_exponent_1': 9, 'D_dagger_layer_units_exponent_2': 7, 'D_dagger_layer_units_exponent_3': 6, 'D_dagger_layer_units_exponent_4': 4, 'log_learning_rate': -2.486276935669752, 'log_learning_rate_D': -3.2312841493497224, 'log_learning_rate_D_dagger': -2.6082965685930244, 'training_batch_size': 6, 'training_p': 8}
	 epoch  0 training error:  tensor(0.8646, device='cuda:0', grad_fn=<DivBackward0>)
Memory status after this epoch: 
Memory allocated:  316.091796875
Memory cached:  574.0
	 epoch  10 training error:  tensor(0.5592, device='cuda:0', grad_fn=<DivBackward0>)
Memory status after this epoch: 
Memory allocated:  316.091796875
Memory cached:  590.0
	 epoch  20 training error:  tensor(0.5451, device='cuda:0', grad_fn=<DivBackward0>)
Memory status after this epoch: 
Memory allocated:  316.091796875
Memory cached:  592.0
	 epoch  30 training error:  tensor(0.5681, device='cuda:0', grad_fn=<DivBackward0>)
Memory status after this epoch: 
Memory allocated:  316.091796875
Memory cached:  596.0
	 epoch  40 training error:  tensor(0.5369, device='cuda:0', grad_fn=<DivBackward0>)
Memory status after this epoch: 
Memory allocated:  316.091796875
Memory cached:  592.0
	 epoch  50 training error:  tensor(0.5417, device='cuda:0', grad_fn=<DivBackward0>)
Memory status after this epoch: 
Memory allocated:  316.091796875
Memory cached:  594.0
	 epoch  60 training error:  tensor(0.5280, device='cuda:0', grad_fn=<DivBackward0>)
Memory status after this epoch: 
Memory allocated:  316.091796875
Memory cached:  586.0
	 epoch  70 training error:  tensor(0.5097, device='cuda:0', grad_fn=<DivBackward0>)
Memory status after this epoch: 
Memory allocated:  316.091796875
Memory cached:  596.0
	 epoch  80 training error:  tensor(0.4723, device='cuda:0', grad_fn=<DivBackward0>)
Memory status after this epoch: 
Memory allocated:  316.091796875
Memory cached:  586.0
	 epoch  90 training error:  tensor(0.3534, device='cuda:0', grad_fn=<DivBackward0>)
Memory status after this epoch: 
Memory allocated:  316.091796875
Memory cached:  588.0
