[I 2024-02-18 10:01:22,906] Trial 48 finished with value: 0.09206977486610413 and parameters: {'W_layers': 4, 'W_layer_units_exponent_0': 4, 'W_layer_units_exponent_1': 10, 'W_layer_units_exponent_2': 7, 'W_layer_units_exponent_3': 8, 'D_layers': 3, 'D_layer_units_exponent_0': 10, 'D_layer_units_exponent_1': 5, 'D_layer_units_exponent_2': 9, 'D_dagger_layers': 5, 'D_dagger_layer_units_exponent_0': 8, 'D_dagger_layer_units_exponent_1': 4, 'D_dagger_layer_units_exponent_2': 6, 'D_dagger_layer_units_exponent_3': 10, 'D_dagger_layer_units_exponent_4': 4, 'log_learning_rate': -1.239211877439604, 'log_learning_rate_D': -1.186611363403677, 'log_learning_rate_D_dagger': -3.222858750041698, 'training_batch_size': 7, 'training_p': 2}. Best is trial 26 with value: 0.0832114964723587.
Time for this trial:  26.872483491897583
Memory status after this trial: 
Memory allocated:  1082.95166015625
Memory cached:  1098.0
--------------------  Trial  49   --------------------
Start timing: 
Parameters: 
{'W_layers': 5, 'W_layer_units_exponent_0': 7, 'W_layer_units_exponent_1': 9, 'W_layer_units_exponent_2': 9, 'W_layer_units_exponent_3': 7, 'W_layer_units_exponent_4': 4, 'D_layers': 4, 'D_layer_units_exponent_0': 9, 'D_layer_units_exponent_1': 9, 'D_layer_units_exponent_2': 4, 'D_layer_units_exponent_3': 7, 'D_dagger_layers': 3, 'D_dagger_layer_units_exponent_0': 9, 'D_dagger_layer_units_exponent_1': 8, 'D_dagger_layer_units_exponent_2': 7, 'log_learning_rate': -1.5934583613339772, 'log_learning_rate_D': -2.2147445047905636, 'log_learning_rate_D_dagger': -2.9333639769108286, 'training_batch_size': 8, 'training_p': 3}
	 epoch  0 training error:  tensor(3.8052, device='cuda:0', grad_fn=<DivBackward0>)
Memory status after this epoch: 
Memory allocated:  486.095703125
Memory cached:  588.0
	 epoch  10 training error:  tensor(12.1511, device='cuda:0', grad_fn=<DivBackward0>)
Memory status after this epoch: 
Memory allocated:  486.095703125
Memory cached:  588.0
	 epoch  20 training error:  tensor(0.2127, device='cuda:0', grad_fn=<DivBackward0>)
Memory status after this epoch: 
Memory allocated:  486.095703125
Memory cached:  588.0
	 epoch  30 training error:  tensor(0.1407, device='cuda:0', grad_fn=<DivBackward0>)
Memory status after this epoch: 
Memory allocated:  486.095703125
Memory cached:  588.0
	 epoch  40 training error:  tensor(0.1099, device='cuda:0', grad_fn=<DivBackward0>)
Memory status after this epoch: 
Memory allocated:  486.095703125
Memory cached:  588.0
	 epoch  50 training error:  tensor(0.0999, device='cuda:0', grad_fn=<DivBackward0>)
Memory status after this epoch: 
Memory allocated:  486.095703125
Memory cached:  588.0
	 epoch  60 training error:  tensor(0.0979, device='cuda:0', grad_fn=<DivBackward0>)
Memory status after this epoch: 
Memory allocated:  486.095703125
Memory cached:  588.0
	 epoch  70 training error:  tensor(0.1007, device='cuda:0', grad_fn=<DivBackward0>)
Memory status after this epoch: 
Memory allocated:  486.095703125
Memory cached:  588.0
	 epoch  80 training error:  tensor(0.0975, device='cuda:0', grad_fn=<DivBackward0>)
Memory status after this epoch: 
Memory allocated:  486.095703125
Memory cached:  588.0
	 epoch  90 training error:  tensor(0.0995, device='cuda:0', grad_fn=<DivBackward0>)
Memory status after this epoch: 
Memory allocated:  486.095703125
Memory cached:  588.0
[I 2024-02-18 10:01:49,753] Trial 49 finished with value: 0.08778029680252075 and parameters: {'W_layers': 5, 'W_layer_units_exponent_0': 7, 'W_layer_units_exponent_1': 9, 'W_layer_units_exponent_2': 9, 'W_layer_units_exponent_3': 7, 'W_layer_units_exponent_4': 4, 'D_layers': 4, 'D_layer_units_exponent_0': 9, 'D_layer_units_exponent_1': 9, 'D_layer_units_exponent_2': 4, 'D_layer_units_exponent_3': 7, 'D_dagger_layers': 3, 'D_dagger_layer_units_exponent_0': 9, 'D_dagger_layer_units_exponent_1': 8, 'D_dagger_layer_units_exponent_2': 7, 'log_learning_rate': -1.5934583613339772, 'log_learning_rate_D': -2.2147445047905636, 'log_learning_rate_D_dagger': -2.9333639769108286, 'training_batch_size': 8, 'training_p': 3}. Best is trial 26 with value: 0.0832114964723587.
Time for this trial:  26.504907846450806
Memory status after this trial: 
Memory allocated:  954.41455078125
Memory cached:  996.0
--------------------  Trial  50   --------------------
Start timing: 
Parameters: 
{'W_layers': 7, 'W_layer_units_exponent_0': 5, 'W_layer_units_exponent_1': 10, 'W_layer_units_exponent_2': 8, 'W_layer_units_exponent_3': 9, 'W_layer_units_exponent_4': 8, 'W_layer_units_exponent_5': 10, 'W_layer_units_exponent_6': 6, 'D_layers': 4, 'D_layer_units_exponent_0': 8, 'D_layer_units_exponent_1': 10, 'D_layer_units_exponent_2': 10, 'D_layer_units_exponent_3': 4, 'D_dagger_layers': 4, 'D_dagger_layer_units_exponent_0': 5, 'D_dagger_layer_units_exponent_1': 5, 'D_dagger_layer_units_exponent_2': 4, 'D_dagger_layer_units_exponent_3': 7, 'log_learning_rate': -2.384912349815836, 'log_learning_rate_D': -1.5133411745882568, 'log_learning_rate_D_dagger': -2.6481355007704432, 'training_batch_size': 9, 'training_p': 2}
	 epoch  0 training error:  tensor(0.9984, device='cuda:0', grad_fn=<DivBackward0>)
Memory status after this epoch: 
Memory allocated:  495.63720703125
Memory cached:  590.0
	 epoch  10 training error:  tensor(0.3245, device='cuda:0', grad_fn=<DivBackward0>)
Memory status after this epoch: 
Memory allocated:  495.63720703125
Memory cached:  590.0
	 epoch  20 training error:  tensor(0.1584, device='cuda:0', grad_fn=<DivBackward0>)
Memory status after this epoch: 
Memory allocated:  495.63720703125
Memory cached:  590.0
	 epoch  30 training error:  tensor(0.1569, device='cuda:0', grad_fn=<DivBackward0>)
Memory status after this epoch: 
Memory allocated:  495.63720703125
Memory cached:  590.0
	 epoch  40 training error:  tensor(0.1282, device='cuda:0', grad_fn=<DivBackward0>)
Memory status after this epoch: 
Memory allocated:  495.63720703125
Memory cached:  590.0
	 epoch  50 training error:  tensor(0.0939, device='cuda:0', grad_fn=<DivBackward0>)
Memory status after this epoch: 
Memory allocated:  495.63720703125
Memory cached:  590.0
	 epoch  60 training error:  tensor(0.0845, device='cuda:0', grad_fn=<DivBackward0>)
Memory status after this epoch: 
Memory allocated:  495.63720703125
Memory cached:  590.0
	 epoch  70 training error:  tensor(0.0966, device='cuda:0', grad_fn=<DivBackward0>)
Memory status after this epoch: 
Memory allocated:  495.63720703125
Memory cached:  590.0
	 epoch  80 training error:  tensor(0.0844, device='cuda:0', grad_fn=<DivBackward0>)
Memory status after this epoch: 
Memory allocated:  495.63720703125
Memory cached:  590.0
	 epoch  90 training error:  tensor(0.0856, device='cuda:0', grad_fn=<DivBackward0>)
Memory status after this epoch: 
Memory allocated:  495.63720703125
Memory cached:  590.0
[I 2024-02-18 10:02:13,648] Trial 50 finished with value: 0.08561056107282639 and parameters: {'W_layers': 7, 'W_layer_units_exponent_0': 5, 'W_layer_units_exponent_1': 10, 'W_layer_units_exponent_2': 8, 'W_layer_units_exponent_3': 9, 'W_layer_units_exponent_4': 8, 'W_layer_units_exponent_5': 10, 'W_layer_units_exponent_6': 6, 'D_layers': 4, 'D_layer_units_exponent_0': 8, 'D_layer_units_exponent_1': 10, 'D_layer_units_exponent_2': 10, 'D_layer_units_exponent_3': 4, 'D_dagger_layers': 4, 'D_dagger_layer_units_exponent_0': 5, 'D_dagger_layer_units_exponent_1': 5, 'D_dagger_layer_units_exponent_2': 4, 'D_dagger_layer_units_exponent_3': 7, 'log_learning_rate': -2.384912349815836, 'log_learning_rate_D': -1.5133411745882568, 'log_learning_rate_D_dagger': -2.6481355007704432, 'training_batch_size': 9, 'training_p': 2}. Best is trial 26 with value: 0.0832114964723587.
Time for this trial:  23.547635316848755
Memory status after this trial: 
Memory allocated:  1215.52490234375
Memory cached:  1242.0
--------------------  Trial  51   --------------------
Start timing: 
Parameters: 
{'W_layers': 6, 'W_layer_units_exponent_0': 8, 'W_layer_units_exponent_1': 9, 'W_layer_units_exponent_2': 7, 'W_layer_units_exponent_3': 6, 'W_layer_units_exponent_4': 5, 'W_layer_units_exponent_5': 8, 'D_layers': 5, 'D_layer_units_exponent_0': 8, 'D_layer_units_exponent_1': 10, 'D_layer_units_exponent_2': 9, 'D_layer_units_exponent_3': 8, 'D_layer_units_exponent_4': 4, 'D_dagger_layers': 5, 'D_dagger_layer_units_exponent_0': 5, 'D_dagger_layer_units_exponent_1': 4, 'D_dagger_layer_units_exponent_2': 5, 'D_dagger_layer_units_exponent_3': 9, 'D_dagger_layer_units_exponent_4': 5, 'log_learning_rate': -2.517539843392701, 'log_learning_rate_D': -2.064938615721046, 'log_learning_rate_D_dagger': -2.8707665449358744, 'training_batch_size': 7, 'training_p': 2}
	 epoch  0 training error:  tensor(0.9249, device='cuda:0', grad_fn=<DivBackward0>)
Memory status after this epoch: 
Memory allocated:  484.26318359375
Memory cached:  590.0
	 epoch  10 training error:  tensor(0.1219, device='cuda:0', grad_fn=<DivBackward0>)
Memory status after this epoch: 
Memory allocated:  484.26318359375
Memory cached:  594.0
	 epoch  20 training error:  tensor(0.0915, device='cuda:0', grad_fn=<DivBackward0>)
Memory status after this epoch: 
Memory allocated:  484.26318359375
Memory cached:  592.0
	 epoch  30 training error:  tensor(0.0862, device='cuda:0', grad_fn=<DivBackward0>)
Memory status after this epoch: 
Memory allocated:  484.26318359375
Memory cached:  590.0
	 epoch  40 training error:  tensor(0.0898, device='cuda:0', grad_fn=<DivBackward0>)
Memory status after this epoch: 
Memory allocated:  484.26318359375
Memory cached:  590.0
	 epoch  50 training error:  tensor(0.0865, device='cuda:0', grad_fn=<DivBackward0>)
Memory status after this epoch: 
Memory allocated:  484.26318359375
Memory cached:  592.0
	 epoch  60 training error:  tensor(0.0867, device='cuda:0', grad_fn=<DivBackward0>)
Memory status after this epoch: 
Memory allocated:  484.26318359375
Memory cached:  590.0
	 epoch  70 training error:  tensor(0.0856, device='cuda:0', grad_fn=<DivBackward0>)
Memory status after this epoch: 
Memory allocated:  484.26318359375
Memory cached:  590.0
	 epoch  80 training error:  tensor(0.0864, device='cuda:0', grad_fn=<DivBackward0>)
Memory status after this epoch: 
Memory allocated:  484.26318359375
Memory cached:  590.0
	 epoch  90 training error:  tensor(0.0874, device='cuda:0', grad_fn=<DivBackward0>)
Memory status after this epoch: 
Memory allocated:  484.26318359375
Memory cached:  590.0
[I 2024-02-18 10:02:40,072] Trial 51 finished with value: 0.08849442005157471 and parameters: {'W_layers': 6, 'W_layer_units_exponent_0': 8, 'W_layer_units_exponent_1': 9, 'W_layer_units_exponent_2': 7, 'W_layer_units_exponent_3': 6, 'W_layer_units_exponent_4': 5, 'W_layer_units_exponent_5': 8, 'D_layers': 5, 'D_layer_units_exponent_0': 8, 'D_layer_units_exponent_1': 10, 'D_layer_units_exponent_2': 9, 'D_layer_units_exponent_3': 8, 'D_layer_units_exponent_4': 4, 'D_dagger_layers': 5, 'D_dagger_layer_units_exponent_0': 5, 'D_dagger_layer_units_exponent_1': 4, 'D_dagger_layer_units_exponent_2': 5, 'D_dagger_layer_units_exponent_3': 9, 'D_dagger_layer_units_exponent_4': 5, 'log_learning_rate': -2.517539843392701, 'log_learning_rate_D': -2.064938615721046, 'log_learning_rate_D_dagger': -2.8707665449358744, 'training_batch_size': 7, 'training_p': 2}. Best is trial 26 with value: 0.0832114964723587.
Time for this trial:  26.076881885528564
Memory status after this trial: 
Memory allocated:  877.04345703125
Memory cached:  918.0
--------------------  Trial  52   --------------------
Start timing: 
Parameters: 
{'W_layers': 6, 'W_layer_units_exponent_0': 8, 'W_layer_units_exponent_1': 10, 'W_layer_units_exponent_2': 7, 'W_layer_units_exponent_3': 8, 'W_layer_units_exponent_4': 5, 'W_layer_units_exponent_5': 8, 'D_layers': 6, 'D_layer_units_exponent_0': 7, 'D_layer_units_exponent_1': 10, 'D_layer_units_exponent_2': 9, 'D_layer_units_exponent_3': 8, 'D_layer_units_exponent_4': 5, 'D_layer_units_exponent_5': 4, 'D_dagger_layers': 5, 'D_dagger_layer_units_exponent_0': 5, 'D_dagger_layer_units_exponent_1': 4, 'D_dagger_layer_units_exponent_2': 5, 'D_dagger_layer_units_exponent_3': 9, 'D_dagger_layer_units_exponent_4': 5, 'log_learning_rate': -2.0970447930831546, 'log_learning_rate_D': -1.9730098344263176, 'log_learning_rate_D_dagger': -2.515382429138828, 'training_batch_size': 10, 'training_p': 2}
	 epoch  0 training error:  tensor(1.0407, device='cuda:0', grad_fn=<DivBackward0>)
Memory status after this epoch: 
Memory allocated:  487.35693359375
Memory cached:  588.0
	 epoch  10 training error:  tensor(0.3250, device='cuda:0', grad_fn=<DivBackward0>)
Memory status after this epoch: 
Memory allocated:  487.35693359375
Memory cached:  588.0
	 epoch  20 training error:  tensor(0.7664, device='cuda:0', grad_fn=<DivBackward0>)
Memory status after this epoch: 
Memory allocated:  487.35693359375
Memory cached:  588.0
	 epoch  30 training error:  tensor(0.1689, device='cuda:0', grad_fn=<DivBackward0>)
Memory status after this epoch: 
Memory allocated:  487.35693359375
Memory cached:  588.0
	 epoch  40 training error:  tensor(0.3945, device='cuda:0', grad_fn=<DivBackward0>)
Memory status after this epoch: 
Memory allocated:  487.35693359375
Memory cached:  588.0
	 epoch  50 training error:  tensor(0.1366, device='cuda:0', grad_fn=<DivBackward0>)
Memory status after this epoch: 
Memory allocated:  487.35693359375
Memory cached:  588.0
	 epoch  60 training error:  tensor(0.1392, device='cuda:0', grad_fn=<DivBackward0>)
Memory status after this epoch: 
Memory allocated:  487.35693359375
Memory cached:  588.0
	 epoch  70 training error:  tensor(0.1094, device='cuda:0', grad_fn=<DivBackward0>)
Memory status after this epoch: 
Memory allocated:  487.35693359375
Memory cached:  588.0
	 epoch  80 training error:  tensor(0.0957, device='cuda:0', grad_fn=<DivBackward0>)
Memory status after this epoch: 
Memory allocated:  487.35693359375
Memory cached:  588.0
	 epoch  90 training error:  tensor(0.1054, device='cuda:0', grad_fn=<DivBackward0>)
Memory status after this epoch: 
Memory allocated:  487.35693359375
Memory cached:  588.0
[I 2024-02-18 10:03:03,624] Trial 52 finished with value: 0.08703678846359253 and parameters: {'W_layers': 6, 'W_layer_units_exponent_0': 8, 'W_layer_units_exponent_1': 10, 'W_layer_units_exponent_2': 7, 'W_layer_units_exponent_3': 8, 'W_layer_units_exponent_4': 5, 'W_layer_units_exponent_5': 8, 'D_layers': 6, 'D_layer_units_exponent_0': 7, 'D_layer_units_exponent_1': 10, 'D_layer_units_exponent_2': 9, 'D_layer_units_exponent_3': 8, 'D_layer_units_exponent_4': 5, 'D_layer_units_exponent_5': 4, 'D_dagger_layers': 5, 'D_dagger_layer_units_exponent_0': 5, 'D_dagger_layer_units_exponent_1': 4, 'D_dagger_layer_units_exponent_2': 5, 'D_dagger_layer_units_exponent_3': 9, 'D_dagger_layer_units_exponent_4': 5, 'log_learning_rate': -2.0970447930831546, 'log_learning_rate_D': -1.9730098344263176, 'log_learning_rate_D_dagger': -2.515382429138828, 'training_batch_size': 10, 'training_p': 2}. Best is trial 26 with value: 0.0832114964723587.
Time for this trial:  23.187745809555054
Memory status after this trial: 
Memory allocated:  1033.11083984375
Memory cached:  1070.0
--------------------  Trial  53   --------------------
Start timing: 
Parameters: 
{'W_layers': 6, 'W_layer_units_exponent_0': 6, 'W_layer_units_exponent_1': 9, 'W_layer_units_exponent_2': 6, 'W_layer_units_exponent_3': 9, 'W_layer_units_exponent_4': 6, 'W_layer_units_exponent_5': 7, 'D_layers': 5, 'D_layer_units_exponent_0': 9, 'D_layer_units_exponent_1': 10, 'D_layer_units_exponent_2': 10, 'D_layer_units_exponent_3': 7, 'D_layer_units_exponent_4': 6, 'D_dagger_layers': 5, 'D_dagger_layer_units_exponent_0': 4, 'D_dagger_layer_units_exponent_1': 4, 'D_dagger_layer_units_exponent_2': 5, 'D_dagger_layer_units_exponent_3': 8, 'D_dagger_layer_units_exponent_4': 4, 'log_learning_rate': -1.9087262360543198, 'log_learning_rate_D': -2.1295102692427212, 'log_learning_rate_D_dagger': -2.8579962218585786, 'training_batch_size': 6, 'training_p': 2}
	 epoch  0 training error:  tensor(5.1162, device='cuda:0', grad_fn=<DivBackward0>)
Memory status after this epoch: 
Memory allocated:  486.177734375
Memory cached:  588.0
	 epoch  10 training error:  tensor(0.1105, device='cuda:0', grad_fn=<DivBackward0>)
Memory status after this epoch: 
Memory allocated:  486.177734375
Memory cached:  588.0
	 epoch  20 training error:  tensor(0.0919, device='cuda:0', grad_fn=<DivBackward0>)
Memory status after this epoch: 
Memory allocated:  486.177734375
Memory cached:  588.0
	 epoch  30 training error:  tensor(0.0841, device='cuda:0', grad_fn=<DivBackward0>)
Memory status after this epoch: 
Memory allocated:  486.177734375
Memory cached:  588.0
	 epoch  40 training error:  tensor(0.0823, device='cuda:0', grad_fn=<DivBackward0>)
Memory status after this epoch: 
Memory allocated:  486.177734375
Memory cached:  588.0
	 epoch  50 training error:  tensor(0.0828, device='cuda:0', grad_fn=<DivBackward0>)
Memory status after this epoch: 
Memory allocated:  486.177734375
Memory cached:  588.0
	 epoch  60 training error:  tensor(0.0818, device='cuda:0', grad_fn=<DivBackward0>)
Memory status after this epoch: 
Memory allocated:  486.177734375
Memory cached:  588.0
	 epoch  70 training error:  tensor(0.0822, device='cuda:0', grad_fn=<DivBackward0>)
Memory status after this epoch: 
Memory allocated:  486.177734375
Memory cached:  588.0
	 epoch  80 training error:  tensor(0.0821, device='cuda:0', grad_fn=<DivBackward0>)
Memory status after this epoch: 
Memory allocated:  486.177734375
Memory cached:  588.0
	 epoch  90 training error:  tensor(0.0828, device='cuda:0', grad_fn=<DivBackward0>)
Memory status after this epoch: 
Memory allocated:  486.177734375
Memory cached:  588.0
[I 2024-02-18 10:03:32,375] Trial 53 finished with value: 0.08303368091583252 and parameters: {'W_layers': 6, 'W_layer_units_exponent_0': 6, 'W_layer_units_exponent_1': 9, 'W_layer_units_exponent_2': 6, 'W_layer_units_exponent_3': 9, 'W_layer_units_exponent_4': 6, 'W_layer_units_exponent_5': 7, 'D_layers': 5, 'D_layer_units_exponent_0': 9, 'D_layer_units_exponent_1': 10, 'D_layer_units_exponent_2': 10, 'D_layer_units_exponent_3': 7, 'D_layer_units_exponent_4': 6, 'D_dagger_layers': 5, 'D_dagger_layer_units_exponent_0': 4, 'D_dagger_layer_units_exponent_1': 4, 'D_dagger_layer_units_exponent_2': 5, 'D_dagger_layer_units_exponent_3': 8, 'D_dagger_layer_units_exponent_4': 4, 'log_learning_rate': -1.9087262360543198, 'log_learning_rate_D': -2.1295102692427212, 'log_learning_rate_D_dagger': -2.8579962218585786, 'training_batch_size': 6, 'training_p': 2}. Best is trial 53 with value: 0.08303368091583252.
res:  tensor(0.0830, device='cuda:0', grad_fn=<DivBackward0>)
self.bestValue:  tensor(0.0832, device='cuda:0', grad_fn=<DivBackward0>)
Save this model!
Time for this trial:  28.344185829162598
Memory status after this trial: 
Memory allocated:  363.3515625
Memory cached:  506.0
--------------------  Trial  54   --------------------
Start timing: 
Parameters: 
{'W_layers': 5, 'W_layer_units_exponent_0': 6, 'W_layer_units_exponent_1': 10, 'W_layer_units_exponent_2': 6, 'W_layer_units_exponent_3': 9, 'W_layer_units_exponent_4': 6, 'D_layers': 3, 'D_layer_units_exponent_0': 9, 'D_layer_units_exponent_1': 9, 'D_layer_units_exponent_2': 10, 'D_dagger_layers': 5, 'D_dagger_layer_units_exponent_0': 4, 'D_dagger_layer_units_exponent_1': 5, 'D_dagger_layer_units_exponent_2': 6, 'D_dagger_layer_units_exponent_3': 8, 'D_dagger_layer_units_exponent_4': 4, 'log_learning_rate': -1.9882789054689944, 'log_learning_rate_D': -1.7299152433081908, 'log_learning_rate_D_dagger': -3.0671664809751618, 'training_batch_size': 6, 'training_p': 3}
	 epoch  0 training error:  tensor(6.1909, device='cuda:0', grad_fn=<DivBackward0>)
Memory status after this epoch: 
Memory allocated:  370.30517578125
Memory cached:  504.0
	 epoch  10 training error:  tensor(0.1511, device='cuda:0', grad_fn=<DivBackward0>)
Memory status after this epoch: 
Memory allocated:  370.30517578125
Memory cached:  504.0
	 epoch  20 training error:  tensor(0.0999, device='cuda:0', grad_fn=<DivBackward0>)
Memory status after this epoch: 
Memory allocated:  370.30517578125
Memory cached:  504.0
	 epoch  30 training error:  tensor(0.0967, device='cuda:0', grad_fn=<DivBackward0>)
Memory status after this epoch: 
Memory allocated:  370.30517578125
Memory cached:  504.0
	 epoch  40 training error:  tensor(0.0950, device='cuda:0', grad_fn=<DivBackward0>)
Memory status after this epoch: 
Memory allocated:  370.30517578125
Memory cached:  504.0
	 epoch  50 training error:  tensor(0.0951, device='cuda:0', grad_fn=<DivBackward0>)
Memory status after this epoch: 
Memory allocated:  370.30517578125
Memory cached:  504.0
	 epoch  60 training error:  tensor(0.0948, device='cuda:0', grad_fn=<DivBackward0>)
Memory status after this epoch: 
Memory allocated:  370.30517578125
Memory cached:  504.0
	 epoch  70 training error:  tensor(0.0998, device='cuda:0', grad_fn=<DivBackward0>)
Memory status after this epoch: 
Memory allocated:  370.30517578125
Memory cached:  504.0
	 epoch  80 training error:  tensor(0.0959, device='cuda:0', grad_fn=<DivBackward0>)
Memory status after this epoch: 
Memory allocated:  370.30517578125
Memory cached:  504.0
	 epoch  90 training error:  tensor(0.0954, device='cuda:0', grad_fn=<DivBackward0>)
Memory status after this epoch: 
Memory allocated:  370.30517578125
Memory cached:  504.0
