[I 2023-12-03 00:11:27,391] Trial 24 finished with value: 0.037968121469020844 and parameters: {'W_layers': 6, 'W_layer_units_exponent_0': 9, 'W_layer_units_exponent_1': 8, 'W_layer_units_exponent_2': 7, 'W_layer_units_exponent_3': 7, 'W_layer_units_exponent_4': 5, 'W_layer_units_exponent_5': 9, 'D_layers': 5, 'D_layer_units_exponent_0': 5, 'D_layer_units_exponent_1': 9, 'D_layer_units_exponent_2': 6, 'D_layer_units_exponent_3': 8, 'D_layer_units_exponent_4': 5, 'log_learning_rate': -2.851710142033431, 'log_learning_rate_D': -3.5137049649932712, 'training_batch_size': 7, 'training_p': 5}. Best is trial 20 with value: 0.029596377164125443.
Time for this trial:  49.10905694961548
Memory status after this trial: 
Memory allocated:  110.8037109375
Memory cached:  130.0
--------------------  Trial  25   --------------------
Start timing: 
Parameters: 
{'W_layers': 6, 'W_layer_units_exponent_0': 9, 'W_layer_units_exponent_1': 8, 'W_layer_units_exponent_2': 6, 'W_layer_units_exponent_3': 7, 'W_layer_units_exponent_4': 5, 'W_layer_units_exponent_5': 10, 'D_layers': 6, 'D_layer_units_exponent_0': 5, 'D_layer_units_exponent_1': 9, 'D_layer_units_exponent_2': 6, 'D_layer_units_exponent_3': 8, 'D_layer_units_exponent_4': 5, 'D_layer_units_exponent_5': 7, 'log_learning_rate': -3.0563186809676983, 'log_learning_rate_D': -3.470380653618946, 'training_batch_size': 7, 'training_p': 5}
	 epoch  0 training error:  tensor(0.7870, device='cuda:0', grad_fn=<DivBackward0>)
Memory status after this epoch: 
Memory allocated:  56.62939453125
Memory cached:  130.0
	 epoch  10 training error:  tensor(0.1502, device='cuda:0', grad_fn=<DivBackward0>)
Memory status after this epoch: 
Memory allocated:  56.62939453125
Memory cached:  130.0
	 epoch  20 training error:  tensor(0.0851, device='cuda:0', grad_fn=<DivBackward0>)
Memory status after this epoch: 
Memory allocated:  56.62939453125
Memory cached:  130.0
	 epoch  30 training error:  tensor(0.0770, device='cuda:0', grad_fn=<DivBackward0>)
Memory status after this epoch: 
Memory allocated:  56.62939453125
Memory cached:  130.0
	 epoch  40 training error:  tensor(0.0612, device='cuda:0', grad_fn=<DivBackward0>)
Memory status after this epoch: 
Memory allocated:  56.62939453125
Memory cached:  130.0
	 epoch  50 training error:  tensor(0.0565, device='cuda:0', grad_fn=<DivBackward0>)
Memory status after this epoch: 
Memory allocated:  56.62939453125
Memory cached:  130.0
	 epoch  60 training error:  tensor(0.0548, device='cuda:0', grad_fn=<DivBackward0>)
Memory status after this epoch: 
Memory allocated:  56.62939453125
Memory cached:  130.0
	 epoch  70 training error:  tensor(0.0508, device='cuda:0', grad_fn=<DivBackward0>)
Memory status after this epoch: 
Memory allocated:  56.62939453125
Memory cached:  130.0
	 epoch  80 training error:  tensor(0.0593, device='cuda:0', grad_fn=<DivBackward0>)
Memory status after this epoch: 
Memory allocated:  56.62939453125
Memory cached:  130.0
	 epoch  90 training error:  tensor(0.0448, device='cuda:0', grad_fn=<DivBackward0>)
Memory status after this epoch: 
Memory allocated:  56.62939453125
Memory cached:  130.0
[I 2023-12-03 00:12:19,414] Trial 25 finished with value: 0.03777272626757622 and parameters: {'W_layers': 6, 'W_layer_units_exponent_0': 9, 'W_layer_units_exponent_1': 8, 'W_layer_units_exponent_2': 6, 'W_layer_units_exponent_3': 7, 'W_layer_units_exponent_4': 5, 'W_layer_units_exponent_5': 10, 'D_layers': 6, 'D_layer_units_exponent_0': 5, 'D_layer_units_exponent_1': 9, 'D_layer_units_exponent_2': 6, 'D_layer_units_exponent_3': 8, 'D_layer_units_exponent_4': 5, 'D_layer_units_exponent_5': 7, 'log_learning_rate': -3.0563186809676983, 'log_learning_rate_D': -3.470380653618946, 'training_batch_size': 7, 'training_p': 5}. Best is trial 20 with value: 0.029596377164125443.
Time for this trial:  51.83070945739746
Memory status after this trial: 
Memory allocated:  123.9384765625
Memory cached:  130.0
--------------------  Trial  26   --------------------
Start timing: 
Parameters: 
{'W_layers': 6, 'W_layer_units_exponent_0': 10, 'W_layer_units_exponent_1': 8, 'W_layer_units_exponent_2': 5, 'W_layer_units_exponent_3': 7, 'W_layer_units_exponent_4': 5, 'W_layer_units_exponent_5': 9, 'D_layers': 6, 'D_layer_units_exponent_0': 5, 'D_layer_units_exponent_1': 9, 'D_layer_units_exponent_2': 6, 'D_layer_units_exponent_3': 8, 'D_layer_units_exponent_4': 5, 'D_layer_units_exponent_5': 8, 'log_learning_rate': -2.985237169990959, 'log_learning_rate_D': -3.5664737168989196, 'training_batch_size': 8, 'training_p': 5}
	 epoch  0 training error:  tensor(1.2981, device='cuda:0', grad_fn=<DivBackward0>)
Memory status after this epoch: 
Memory allocated:  58.30322265625
Memory cached:  130.0
	 epoch  10 training error:  tensor(0.0820, device='cuda:0', grad_fn=<DivBackward0>)
Memory status after this epoch: 
Memory allocated:  58.30322265625
Memory cached:  130.0
	 epoch  20 training error:  tensor(0.0906, device='cuda:0', grad_fn=<DivBackward0>)
Memory status after this epoch: 
Memory allocated:  58.30322265625
Memory cached:  130.0
	 epoch  30 training error:  tensor(0.0590, device='cuda:0', grad_fn=<DivBackward0>)
Memory status after this epoch: 
Memory allocated:  58.30322265625
Memory cached:  130.0
	 epoch  40 training error:  tensor(0.0611, device='cuda:0', grad_fn=<DivBackward0>)
Memory status after this epoch: 
Memory allocated:  58.30322265625
Memory cached:  130.0
	 epoch  50 training error:  tensor(0.0458, device='cuda:0', grad_fn=<DivBackward0>)
Memory status after this epoch: 
Memory allocated:  58.30322265625
Memory cached:  130.0
	 epoch  60 training error:  tensor(0.0744, device='cuda:0', grad_fn=<DivBackward0>)
Memory status after this epoch: 
Memory allocated:  58.30322265625
Memory cached:  130.0
	 epoch  70 training error:  tensor(0.0468, device='cuda:0', grad_fn=<DivBackward0>)
Memory status after this epoch: 
Memory allocated:  58.30322265625
Memory cached:  130.0
	 epoch  80 training error:  tensor(0.0446, device='cuda:0', grad_fn=<DivBackward0>)
Memory status after this epoch: 
Memory allocated:  58.30322265625
Memory cached:  130.0
	 epoch  90 training error:  tensor(0.0363, device='cuda:0', grad_fn=<DivBackward0>)
Memory status after this epoch: 
Memory allocated:  58.30322265625
Memory cached:  130.0
[I 2023-12-03 00:13:12,056] Trial 26 finished with value: 0.03664206340909004 and parameters: {'W_layers': 6, 'W_layer_units_exponent_0': 10, 'W_layer_units_exponent_1': 8, 'W_layer_units_exponent_2': 5, 'W_layer_units_exponent_3': 7, 'W_layer_units_exponent_4': 5, 'W_layer_units_exponent_5': 9, 'D_layers': 6, 'D_layer_units_exponent_0': 5, 'D_layer_units_exponent_1': 9, 'D_layer_units_exponent_2': 6, 'D_layer_units_exponent_3': 8, 'D_layer_units_exponent_4': 5, 'D_layer_units_exponent_5': 8, 'log_learning_rate': -2.985237169990959, 'log_learning_rate_D': -3.5664737168989196, 'training_batch_size': 8, 'training_p': 5}. Best is trial 20 with value: 0.029596377164125443.
Time for this trial:  52.450371503829956
Memory status after this trial: 
Memory allocated:  126.943359375
Memory cached:  132.0
--------------------  Trial  27   --------------------
Start timing: 
Parameters: 
{'W_layers': 5, 'W_layer_units_exponent_0': 10, 'W_layer_units_exponent_1': 8, 'W_layer_units_exponent_2': 5, 'W_layer_units_exponent_3': 5, 'W_layer_units_exponent_4': 5, 'D_layers': 6, 'D_layer_units_exponent_0': 5, 'D_layer_units_exponent_1': 9, 'D_layer_units_exponent_2': 6, 'D_layer_units_exponent_3': 7, 'D_layer_units_exponent_4': 4, 'D_layer_units_exponent_5': 8, 'log_learning_rate': -3.106447539529075, 'log_learning_rate_D': -3.7439022747423087, 'training_batch_size': 8, 'training_p': 6}
	 epoch  0 training error:  tensor(0.2990, device='cuda:0', grad_fn=<DivBackward0>)
Memory status after this epoch: 
Memory allocated:  57.66259765625
Memory cached:  130.0
	 epoch  10 training error:  tensor(0.1179, device='cuda:0', grad_fn=<DivBackward0>)
Memory status after this epoch: 
Memory allocated:  57.66259765625
Memory cached:  130.0
	 epoch  20 training error:  tensor(0.0824, device='cuda:0', grad_fn=<DivBackward0>)
Memory status after this epoch: 
Memory allocated:  57.66259765625
Memory cached:  130.0
	 epoch  30 training error:  tensor(0.0711, device='cuda:0', grad_fn=<DivBackward0>)
Memory status after this epoch: 
Memory allocated:  57.66259765625
Memory cached:  130.0
	 epoch  40 training error:  tensor(0.0562, device='cuda:0', grad_fn=<DivBackward0>)
Memory status after this epoch: 
Memory allocated:  57.66259765625
Memory cached:  130.0
	 epoch  50 training error:  tensor(0.0499, device='cuda:0', grad_fn=<DivBackward0>)
Memory status after this epoch: 
Memory allocated:  57.66259765625
Memory cached:  130.0
	 epoch  60 training error:  tensor(0.0483, device='cuda:0', grad_fn=<DivBackward0>)
Memory status after this epoch: 
Memory allocated:  57.66259765625
Memory cached:  130.0
	 epoch  70 training error:  tensor(0.0441, device='cuda:0', grad_fn=<DivBackward0>)
Memory status after this epoch: 
Memory allocated:  57.66259765625
Memory cached:  130.0
	 epoch  80 training error:  tensor(0.0429, device='cuda:0', grad_fn=<DivBackward0>)
Memory status after this epoch: 
Memory allocated:  57.66259765625
Memory cached:  130.0
	 epoch  90 training error:  tensor(0.0405, device='cuda:0', grad_fn=<DivBackward0>)
Memory status after this epoch: 
Memory allocated:  57.66259765625
Memory cached:  130.0
[I 2023-12-03 00:14:00,976] Trial 27 finished with value: 0.03104335628449917 and parameters: {'W_layers': 5, 'W_layer_units_exponent_0': 10, 'W_layer_units_exponent_1': 8, 'W_layer_units_exponent_2': 5, 'W_layer_units_exponent_3': 5, 'W_layer_units_exponent_4': 5, 'D_layers': 6, 'D_layer_units_exponent_0': 5, 'D_layer_units_exponent_1': 9, 'D_layer_units_exponent_2': 6, 'D_layer_units_exponent_3': 7, 'D_layer_units_exponent_4': 4, 'D_layer_units_exponent_5': 8, 'log_learning_rate': -3.106447539529075, 'log_learning_rate_D': -3.7439022747423087, 'training_batch_size': 8, 'training_p': 6}. Best is trial 20 with value: 0.029596377164125443.
Time for this trial:  48.71277642250061
Memory status after this trial: 
Memory allocated:  109.5166015625
Memory cached:  130.0
--------------------  Trial  28   --------------------
Start timing: 
Parameters: 
{'W_layers': 4, 'W_layer_units_exponent_0': 10, 'W_layer_units_exponent_1': 9, 'W_layer_units_exponent_2': 5, 'W_layer_units_exponent_3': 5, 'D_layers': 6, 'D_layer_units_exponent_0': 5, 'D_layer_units_exponent_1': 9, 'D_layer_units_exponent_2': 5, 'D_layer_units_exponent_3': 6, 'D_layer_units_exponent_4': 4, 'D_layer_units_exponent_5': 8, 'log_learning_rate': -3.623927015655182, 'log_learning_rate_D': -3.7471405875805006, 'training_batch_size': 8, 'training_p': 8}
	 epoch  0 training error:  tensor(1.6917, device='cuda:0', grad_fn=<DivBackward0>)
Memory status after this epoch: 
Memory allocated:  61.41455078125
Memory cached:  150.0
	 epoch  10 training error:  tensor(0.3759, device='cuda:0', grad_fn=<DivBackward0>)
Memory status after this epoch: 
Memory allocated:  61.41455078125
Memory cached:  150.0
	 epoch  20 training error:  tensor(0.1372, device='cuda:0', grad_fn=<DivBackward0>)
Memory status after this epoch: 
Memory allocated:  61.41455078125
Memory cached:  150.0
	 epoch  30 training error:  tensor(0.1286, device='cuda:0', grad_fn=<DivBackward0>)
Memory status after this epoch: 
Memory allocated:  61.41455078125
Memory cached:  150.0
	 epoch  40 training error:  tensor(0.0651, device='cuda:0', grad_fn=<DivBackward0>)
Memory status after this epoch: 
Memory allocated:  61.41455078125
Memory cached:  150.0
	 epoch  50 training error:  tensor(0.0608, device='cuda:0', grad_fn=<DivBackward0>)
Memory status after this epoch: 
Memory allocated:  61.41455078125
Memory cached:  150.0
	 epoch  60 training error:  tensor(0.0575, device='cuda:0', grad_fn=<DivBackward0>)
Memory status after this epoch: 
Memory allocated:  61.41455078125
Memory cached:  150.0
	 epoch  70 training error:  tensor(0.0577, device='cuda:0', grad_fn=<DivBackward0>)
Memory status after this epoch: 
Memory allocated:  61.41455078125
Memory cached:  150.0
	 epoch  80 training error:  tensor(0.0534, device='cuda:0', grad_fn=<DivBackward0>)
Memory status after this epoch: 
Memory allocated:  61.41455078125
Memory cached:  150.0
	 epoch  90 training error:  tensor(0.0510, device='cuda:0', grad_fn=<DivBackward0>)
Memory status after this epoch: 
Memory allocated:  61.41455078125
Memory cached:  150.0
[I 2023-12-03 00:14:48,321] Trial 28 finished with value: 0.03712383657693863 and parameters: {'W_layers': 4, 'W_layer_units_exponent_0': 10, 'W_layer_units_exponent_1': 9, 'W_layer_units_exponent_2': 5, 'W_layer_units_exponent_3': 5, 'D_layers': 6, 'D_layer_units_exponent_0': 5, 'D_layer_units_exponent_1': 9, 'D_layer_units_exponent_2': 5, 'D_layer_units_exponent_3': 6, 'D_layer_units_exponent_4': 4, 'D_layer_units_exponent_5': 8, 'log_learning_rate': -3.623927015655182, 'log_learning_rate_D': -3.7471405875805006, 'training_batch_size': 8, 'training_p': 8}. Best is trial 20 with value: 0.029596377164125443.
Time for this trial:  47.14197850227356
Memory status after this trial: 
Memory allocated:  114.34423828125
Memory cached:  150.0
--------------------  Trial  29   --------------------
Start timing: 
Parameters: 
{'W_layers': 5, 'W_layer_units_exponent_0': 10, 'W_layer_units_exponent_1': 7, 'W_layer_units_exponent_2': 5, 'W_layer_units_exponent_3': 5, 'W_layer_units_exponent_4': 5, 'D_layers': 7, 'D_layer_units_exponent_0': 4, 'D_layer_units_exponent_1': 8, 'D_layer_units_exponent_2': 7, 'D_layer_units_exponent_3': 7, 'D_layer_units_exponent_4': 4, 'D_layer_units_exponent_5': 8, 'D_layer_units_exponent_6': 10, 'log_learning_rate': -3.13130021942832, 'log_learning_rate_D': -3.1134663774980478, 'training_batch_size': 8, 'training_p': 7}
	 epoch  0 training error:  tensor(1.7853, device='cuda:0', grad_fn=<DivBackward0>)
Memory status after this epoch: 
Memory allocated:  59.59228515625
Memory cached:  130.0
	 epoch  10 training error:  tensor(0.2085, device='cuda:0', grad_fn=<DivBackward0>)
Memory status after this epoch: 
Memory allocated:  59.59228515625
Memory cached:  132.0
	 epoch  20 training error:  tensor(0.0792, device='cuda:0', grad_fn=<DivBackward0>)
Memory status after this epoch: 
Memory allocated:  59.59228515625
Memory cached:  132.0
	 epoch  30 training error:  tensor(0.0575, device='cuda:0', grad_fn=<DivBackward0>)
Memory status after this epoch: 
Memory allocated:  59.59228515625
Memory cached:  132.0
	 epoch  40 training error:  tensor(0.0573, device='cuda:0', grad_fn=<DivBackward0>)
Memory status after this epoch: 
Memory allocated:  59.59228515625
Memory cached:  132.0
	 epoch  50 training error:  tensor(0.0473, device='cuda:0', grad_fn=<DivBackward0>)
Memory status after this epoch: 
Memory allocated:  59.59228515625
Memory cached:  132.0
	 epoch  60 training error:  tensor(0.0522, device='cuda:0', grad_fn=<DivBackward0>)
Memory status after this epoch: 
Memory allocated:  59.59228515625
Memory cached:  132.0
	 epoch  70 training error:  tensor(0.0436, device='cuda:0', grad_fn=<DivBackward0>)
Memory status after this epoch: 
Memory allocated:  59.59228515625
Memory cached:  132.0
	 epoch  80 training error:  tensor(0.0460, device='cuda:0', grad_fn=<DivBackward0>)
Memory status after this epoch: 
Memory allocated:  59.59228515625
Memory cached:  132.0
	 epoch  90 training error:  tensor(0.0340, device='cuda:0', grad_fn=<DivBackward0>)
Memory status after this epoch: 
Memory allocated:  59.59228515625
Memory cached:  132.0
[I 2023-12-03 00:15:41,688] Trial 29 finished with value: 0.03353384882211685 and parameters: {'W_layers': 5, 'W_layer_units_exponent_0': 10, 'W_layer_units_exponent_1': 7, 'W_layer_units_exponent_2': 5, 'W_layer_units_exponent_3': 5, 'W_layer_units_exponent_4': 5, 'D_layers': 7, 'D_layer_units_exponent_0': 4, 'D_layer_units_exponent_1': 8, 'D_layer_units_exponent_2': 7, 'D_layer_units_exponent_3': 7, 'D_layer_units_exponent_4': 4, 'D_layer_units_exponent_5': 8, 'D_layer_units_exponent_6': 10, 'log_learning_rate': -3.13130021942832, 'log_learning_rate_D': -3.1134663774980478, 'training_batch_size': 8, 'training_p': 7}. Best is trial 20 with value: 0.029596377164125443.
Time for this trial:  53.15362787246704
Memory status after this trial: 
Memory allocated:  126.1142578125
Memory cached:  130.0
--------------------  Trial  30   --------------------
Start timing: 
Parameters: 
{'W_layers': 3, 'W_layer_units_exponent_0': 10, 'W_layer_units_exponent_1': 7, 'W_layer_units_exponent_2': 4, 'D_layers': 7, 'D_layer_units_exponent_0': 4, 'D_layer_units_exponent_1': 8, 'D_layer_units_exponent_2': 7, 'D_layer_units_exponent_3': 7, 'D_layer_units_exponent_4': 4, 'D_layer_units_exponent_5': 9, 'D_layer_units_exponent_6': 10, 'log_learning_rate': -2.619762394392157, 'log_learning_rate_D': -3.207317414112555, 'training_batch_size': 10, 'training_p': 7}
	 epoch  0 training error:  tensor(2.1359, device='cuda:0', grad_fn=<DivBackward0>)
Memory status after this epoch: 
Memory allocated:  63.59228515625
Memory cached:  150.0
	 epoch  10 training error:  tensor(0.3548, device='cuda:0', grad_fn=<DivBackward0>)
Memory status after this epoch: 
Memory allocated:  63.59228515625
Memory cached:  152.0
	 epoch  20 training error:  tensor(0.3360, device='cuda:0', grad_fn=<DivBackward0>)
Memory status after this epoch: 
Memory allocated:  63.59228515625
Memory cached:  152.0
	 epoch  30 training error:  tensor(0.1271, device='cuda:0', grad_fn=<DivBackward0>)
Memory status after this epoch: 
Memory allocated:  63.59228515625
Memory cached:  152.0
	 epoch  40 training error:  tensor(0.2281, device='cuda:0', grad_fn=<DivBackward0>)
Memory status after this epoch: 
Memory allocated:  63.59228515625
Memory cached:  152.0
	 epoch  50 training error:  tensor(0.0849, device='cuda:0', grad_fn=<DivBackward0>)
Memory status after this epoch: 
Memory allocated:  63.59228515625
Memory cached:  152.0
	 epoch  60 training error:  tensor(0.2728, device='cuda:0', grad_fn=<DivBackward0>)
Memory status after this epoch: 
Memory allocated:  63.59228515625
Memory cached:  152.0
	 epoch  70 training error:  tensor(0.1565, device='cuda:0', grad_fn=<DivBackward0>)
Memory status after this epoch: 
Memory allocated:  63.59228515625
Memory cached:  152.0
	 epoch  80 training error:  tensor(0.0985, device='cuda:0', grad_fn=<DivBackward0>)
Memory status after this epoch: 
Memory allocated:  63.59228515625
Memory cached:  152.0
	 epoch  90 training error:  tensor(0.1771, device='cuda:0', grad_fn=<DivBackward0>)
Memory status after this epoch: 
Memory allocated:  63.59228515625
Memory cached:  152.0
[I 2023-12-03 00:16:31,929] Trial 30 finished with value: 0.05115324258804321 and parameters: {'W_layers': 3, 'W_layer_units_exponent_0': 10, 'W_layer_units_exponent_1': 7, 'W_layer_units_exponent_2': 4, 'D_layers': 7, 'D_layer_units_exponent_0': 4, 'D_layer_units_exponent_1': 8, 'D_layer_units_exponent_2': 7, 'D_layer_units_exponent_3': 7, 'D_layer_units_exponent_4': 4, 'D_layer_units_exponent_5': 9, 'D_layer_units_exponent_6': 10, 'log_learning_rate': -2.619762394392157, 'log_learning_rate_D': -3.207317414112555, 'training_batch_size': 10, 'training_p': 7}. Best is trial 20 with value: 0.029596377164125443.
Time for this trial:  50.03186869621277
Memory status after this trial: 
Memory allocated:  132.1572265625
Memory cached:  152.0
--------------------  Trial  31   --------------------
Start timing: 
Parameters: 
{'W_layers': 5, 'W_layer_units_exponent_0': 9, 'W_layer_units_exponent_1': 5, 'W_layer_units_exponent_2': 5, 'W_layer_units_exponent_3': 5, 'W_layer_units_exponent_4': 6, 'D_layers': 7, 'D_layer_units_exponent_0': 4, 'D_layer_units_exponent_1': 7, 'D_layer_units_exponent_2': 7, 'D_layer_units_exponent_3': 6, 'D_layer_units_exponent_4': 6, 'D_layer_units_exponent_5': 9, 'D_layer_units_exponent_6': 8, 'log_learning_rate': -3.29636666810024, 'log_learning_rate_D': -3.2352509458858627, 'training_batch_size': 10, 'training_p': 8}
	 epoch  0 training error:  tensor(1.3684, device='cuda:0', grad_fn=<DivBackward0>)
Memory status after this epoch: 
Memory allocated:  55.76220703125
Memory cached:  130.0
	 epoch  10 training error:  tensor(0.1919, device='cuda:0', grad_fn=<DivBackward0>)
Memory status after this epoch: 
Memory allocated:  55.76220703125
Memory cached:  134.0
	 epoch  20 training error:  tensor(0.1080, device='cuda:0', grad_fn=<DivBackward0>)
Memory status after this epoch: 
Memory allocated:  55.76220703125
Memory cached:  134.0
	 epoch  30 training error:  tensor(0.0885, device='cuda:0', grad_fn=<DivBackward0>)
Memory status after this epoch: 
Memory allocated:  55.76220703125
Memory cached:  134.0
	 epoch  40 training error:  tensor(0.0727, device='cuda:0', grad_fn=<DivBackward0>)
Memory status after this epoch: 
Memory allocated:  55.76220703125
Memory cached:  134.0
	 epoch  50 training error:  tensor(0.0691, device='cuda:0', grad_fn=<DivBackward0>)
Memory status after this epoch: 
Memory allocated:  55.76220703125
Memory cached:  134.0
	 epoch  60 training error:  tensor(0.0637, device='cuda:0', grad_fn=<DivBackward0>)
Memory status after this epoch: 
Memory allocated:  55.76220703125
Memory cached:  134.0
	 epoch  70 training error:  tensor(0.0593, device='cuda:0', grad_fn=<DivBackward0>)
Memory status after this epoch: 
Memory allocated:  55.76220703125
Memory cached:  134.0
	 epoch  80 training error:  tensor(0.0542, device='cuda:0', grad_fn=<DivBackward0>)
Memory status after this epoch: 
Memory allocated:  55.76220703125
Memory cached:  134.0
	 epoch  90 training error:  tensor(0.0463, device='cuda:0', grad_fn=<DivBackward0>)
Memory status after this epoch: 
Memory allocated:  55.76220703125
Memory cached:  134.0
