[I 2024-02-18 10:26:27,362] Trial 105 finished with value: 0.08800488710403442 and parameters: {'W_layers': 7, 'W_layer_units_exponent_0': 5, 'W_layer_units_exponent_1': 7, 'W_layer_units_exponent_2': 6, 'W_layer_units_exponent_3': 9, 'W_layer_units_exponent_4': 6, 'W_layer_units_exponent_5': 8, 'W_layer_units_exponent_6': 4, 'D_layers': 6, 'D_layer_units_exponent_0': 8, 'D_layer_units_exponent_1': 10, 'D_layer_units_exponent_2': 9, 'D_layer_units_exponent_3': 7, 'D_layer_units_exponent_4': 10, 'D_layer_units_exponent_5': 5, 'D_dagger_layers': 6, 'D_dagger_layer_units_exponent_0': 4, 'D_dagger_layer_units_exponent_1': 4, 'D_dagger_layer_units_exponent_2': 4, 'D_dagger_layer_units_exponent_3': 6, 'D_dagger_layer_units_exponent_4': 4, 'D_dagger_layer_units_exponent_5': 5, 'log_learning_rate': -3.1471574714487547, 'log_learning_rate_D': -1.9514331739619453, 'log_learning_rate_D_dagger': -2.620594511284486, 'training_batch_size': 8, 'training_p': 2}. Best is trial 53 with value: 0.08303368091583252.
Time for this trial:  24.722733974456787
Memory status after this trial: 
Memory allocated:  631.64501953125
Memory cached:  644.0
--------------------  Trial  106   --------------------
Start timing: 
Parameters: 
{'W_layers': 8, 'W_layer_units_exponent_0': 4, 'W_layer_units_exponent_1': 9, 'W_layer_units_exponent_2': 5, 'W_layer_units_exponent_3': 10, 'W_layer_units_exponent_4': 7, 'W_layer_units_exponent_5': 7, 'W_layer_units_exponent_6': 5, 'W_layer_units_exponent_7': 8, 'D_layers': 4, 'D_layer_units_exponent_0': 10, 'D_layer_units_exponent_1': 9, 'D_layer_units_exponent_2': 7, 'D_layer_units_exponent_3': 5, 'D_dagger_layers': 8, 'D_dagger_layer_units_exponent_0': 4, 'D_dagger_layer_units_exponent_1': 7, 'D_dagger_layer_units_exponent_2': 7, 'D_dagger_layer_units_exponent_3': 7, 'D_dagger_layer_units_exponent_4': 10, 'D_dagger_layer_units_exponent_5': 10, 'D_dagger_layer_units_exponent_6': 10, 'D_dagger_layer_units_exponent_7': 10, 'log_learning_rate': -2.0172893155216323, 'log_learning_rate_D': -2.577562821291432, 'log_learning_rate_D_dagger': -2.216555875227398, 'training_batch_size': 6, 'training_p': 2}
	 epoch  0 training error:  tensor(23.5583, device='cuda:0', grad_fn=<DivBackward0>)
Memory status after this epoch: 
Memory allocated:  420.609375
Memory cached:  520.0
	 epoch  10 training error:  tensor(0.2671, device='cuda:0', grad_fn=<DivBackward0>)
Memory status after this epoch: 
Memory allocated:  420.609375
Memory cached:  520.0
	 epoch  20 training error:  tensor(0.1087, device='cuda:0', grad_fn=<DivBackward0>)
Memory status after this epoch: 
Memory allocated:  420.609375
Memory cached:  520.0
	 epoch  30 training error:  tensor(0.0957, device='cuda:0', grad_fn=<DivBackward0>)
Memory status after this epoch: 
Memory allocated:  420.609375
Memory cached:  522.0
	 epoch  40 training error:  tensor(0.1561, device='cuda:0', grad_fn=<DivBackward0>)
Memory status after this epoch: 
Memory allocated:  420.609375
Memory cached:  520.0
	 epoch  50 training error:  tensor(0.1801, device='cuda:0', grad_fn=<DivBackward0>)
Memory status after this epoch: 
Memory allocated:  420.609375
Memory cached:  520.0
	 epoch  60 training error:  tensor(0.1036, device='cuda:0', grad_fn=<DivBackward0>)
Memory status after this epoch: 
Memory allocated:  420.609375
Memory cached:  520.0
	 epoch  70 training error:  tensor(0.0859, device='cuda:0', grad_fn=<DivBackward0>)
Memory status after this epoch: 
Memory allocated:  420.609375
Memory cached:  520.0
	 epoch  80 training error:  tensor(0.0902, device='cuda:0', grad_fn=<DivBackward0>)
Memory status after this epoch: 
Memory allocated:  420.609375
Memory cached:  520.0
	 epoch  90 training error:  tensor(0.0875, device='cuda:0', grad_fn=<DivBackward0>)
Memory status after this epoch: 
Memory allocated:  420.609375
Memory cached:  520.0
[I 2024-02-18 10:27:13,615] Trial 106 finished with value: 0.08788921684026718 and parameters: {'W_layers': 8, 'W_layer_units_exponent_0': 4, 'W_layer_units_exponent_1': 9, 'W_layer_units_exponent_2': 5, 'W_layer_units_exponent_3': 10, 'W_layer_units_exponent_4': 7, 'W_layer_units_exponent_5': 7, 'W_layer_units_exponent_6': 5, 'W_layer_units_exponent_7': 8, 'D_layers': 4, 'D_layer_units_exponent_0': 10, 'D_layer_units_exponent_1': 9, 'D_layer_units_exponent_2': 7, 'D_layer_units_exponent_3': 5, 'D_dagger_layers': 8, 'D_dagger_layer_units_exponent_0': 4, 'D_dagger_layer_units_exponent_1': 7, 'D_dagger_layer_units_exponent_2': 7, 'D_dagger_layer_units_exponent_3': 7, 'D_dagger_layer_units_exponent_4': 10, 'D_dagger_layer_units_exponent_5': 10, 'D_dagger_layer_units_exponent_6': 10, 'D_dagger_layer_units_exponent_7': 10, 'log_learning_rate': -2.0172893155216323, 'log_learning_rate_D': -2.577562821291432, 'log_learning_rate_D_dagger': -2.216555875227398, 'training_batch_size': 6, 'training_p': 2}. Best is trial 53 with value: 0.08303368091583252.
Time for this trial:  45.773430824279785
Memory status after this trial: 
Memory allocated:  1799.00244140625
Memory cached:  1864.0
--------------------  Trial  107   --------------------
Start timing: 
Parameters: 
{'W_layers': 6, 'W_layer_units_exponent_0': 8, 'W_layer_units_exponent_1': 10, 'W_layer_units_exponent_2': 7, 'W_layer_units_exponent_3': 9, 'W_layer_units_exponent_4': 8, 'W_layer_units_exponent_5': 8, 'D_layers': 5, 'D_layer_units_exponent_0': 9, 'D_layer_units_exponent_1': 10, 'D_layer_units_exponent_2': 10, 'D_layer_units_exponent_3': 7, 'D_layer_units_exponent_4': 9, 'D_dagger_layers': 5, 'D_dagger_layer_units_exponent_0': 4, 'D_dagger_layer_units_exponent_1': 4, 'D_dagger_layer_units_exponent_2': 9, 'D_dagger_layer_units_exponent_3': 10, 'D_dagger_layer_units_exponent_4': 6, 'log_learning_rate': -2.449924339364375, 'log_learning_rate_D': -2.1443818309287503, 'log_learning_rate_D_dagger': -2.3663241595299067, 'training_batch_size': 9, 'training_p': 2}
	 epoch  0 training error:  tensor(0.9816, device='cuda:0', grad_fn=<DivBackward0>)
Memory status after this epoch: 
Memory allocated:  390.6650390625
Memory cached:  528.0
	 epoch  10 training error:  tensor(0.7853, device='cuda:0', grad_fn=<DivBackward0>)
Memory status after this epoch: 
Memory allocated:  390.6650390625
Memory cached:  528.0
	 epoch  20 training error:  tensor(0.1756, device='cuda:0', grad_fn=<DivBackward0>)
Memory status after this epoch: 
Memory allocated:  390.6650390625
Memory cached:  528.0
	 epoch  30 training error:  tensor(0.1676, device='cuda:0', grad_fn=<DivBackward0>)
Memory status after this epoch: 
Memory allocated:  390.6650390625
Memory cached:  528.0
	 epoch  40 training error:  tensor(0.1108, device='cuda:0', grad_fn=<DivBackward0>)
Memory status after this epoch: 
Memory allocated:  390.6650390625
Memory cached:  528.0
	 epoch  50 training error:  tensor(0.0999, device='cuda:0', grad_fn=<DivBackward0>)
Memory status after this epoch: 
Memory allocated:  390.6650390625
Memory cached:  528.0
	 epoch  60 training error:  tensor(0.0923, device='cuda:0', grad_fn=<DivBackward0>)
Memory status after this epoch: 
Memory allocated:  390.6650390625
Memory cached:  528.0
	 epoch  70 training error:  tensor(0.0899, device='cuda:0', grad_fn=<DivBackward0>)
Memory status after this epoch: 
Memory allocated:  390.6650390625
Memory cached:  528.0
	 epoch  80 training error:  tensor(0.0887, device='cuda:0', grad_fn=<DivBackward0>)
Memory status after this epoch: 
Memory allocated:  390.6650390625
Memory cached:  528.0
	 epoch  90 training error:  tensor(0.0823, device='cuda:0', grad_fn=<DivBackward0>)
Memory status after this epoch: 
Memory allocated:  390.6650390625
Memory cached:  528.0
[I 2024-02-18 10:27:41,615] Trial 107 finished with value: 0.08547967672348022 and parameters: {'W_layers': 6, 'W_layer_units_exponent_0': 8, 'W_layer_units_exponent_1': 10, 'W_layer_units_exponent_2': 7, 'W_layer_units_exponent_3': 9, 'W_layer_units_exponent_4': 8, 'W_layer_units_exponent_5': 8, 'D_layers': 5, 'D_layer_units_exponent_0': 9, 'D_layer_units_exponent_1': 10, 'D_layer_units_exponent_2': 10, 'D_layer_units_exponent_3': 7, 'D_layer_units_exponent_4': 9, 'D_dagger_layers': 5, 'D_dagger_layer_units_exponent_0': 4, 'D_dagger_layer_units_exponent_1': 4, 'D_dagger_layer_units_exponent_2': 9, 'D_dagger_layer_units_exponent_3': 10, 'D_dagger_layer_units_exponent_4': 6, 'log_learning_rate': -2.449924339364375, 'log_learning_rate_D': -2.1443818309287503, 'log_learning_rate_D_dagger': -2.3663241595299067, 'training_batch_size': 9, 'training_p': 2}. Best is trial 53 with value: 0.08303368091583252.
Time for this trial:  27.593916416168213
Memory status after this trial: 
Memory allocated:  1251.29052734375
Memory cached:  1300.0
--------------------  Trial  108   --------------------
Start timing: 
Parameters: 
{'W_layers': 7, 'W_layer_units_exponent_0': 4, 'W_layer_units_exponent_1': 7, 'W_layer_units_exponent_2': 6, 'W_layer_units_exponent_3': 8, 'W_layer_units_exponent_4': 5, 'W_layer_units_exponent_5': 6, 'W_layer_units_exponent_6': 6, 'D_layers': 6, 'D_layer_units_exponent_0': 10, 'D_layer_units_exponent_1': 10, 'D_layer_units_exponent_2': 8, 'D_layer_units_exponent_3': 6, 'D_layer_units_exponent_4': 10, 'D_layer_units_exponent_5': 9, 'D_dagger_layers': 4, 'D_dagger_layer_units_exponent_0': 4, 'D_dagger_layer_units_exponent_1': 4, 'D_dagger_layer_units_exponent_2': 6, 'D_dagger_layer_units_exponent_3': 8, 'log_learning_rate': -2.54800233373844, 'log_learning_rate_D': -2.4226328726073474, 'log_learning_rate_D_dagger': -2.9201901489630133, 'training_batch_size': 10, 'training_p': 3}
	 epoch  0 training error:  tensor(0.9962, device='cuda:0', grad_fn=<DivBackward0>)
Memory status after this epoch: 
Memory allocated:  372.0625
Memory cached:  504.0
	 epoch  10 training error:  tensor(0.2767, device='cuda:0', grad_fn=<DivBackward0>)
Memory status after this epoch: 
Memory allocated:  372.0625
Memory cached:  504.0
	 epoch  20 training error:  tensor(0.1932, device='cuda:0', grad_fn=<DivBackward0>)
Memory status after this epoch: 
Memory allocated:  372.0625
Memory cached:  504.0
	 epoch  30 training error:  tensor(0.1668, device='cuda:0', grad_fn=<DivBackward0>)
Memory status after this epoch: 
Memory allocated:  372.0625
Memory cached:  504.0
	 epoch  40 training error:  tensor(0.1485, device='cuda:0', grad_fn=<DivBackward0>)
Memory status after this epoch: 
Memory allocated:  372.0625
Memory cached:  504.0
	 epoch  50 training error:  tensor(0.1296, device='cuda:0', grad_fn=<DivBackward0>)
Memory status after this epoch: 
Memory allocated:  372.0625
Memory cached:  504.0
	 epoch  60 training error:  tensor(0.1096, device='cuda:0', grad_fn=<DivBackward0>)
Memory status after this epoch: 
Memory allocated:  372.0625
Memory cached:  504.0
	 epoch  70 training error:  tensor(0.0987, device='cuda:0', grad_fn=<DivBackward0>)
Memory status after this epoch: 
Memory allocated:  372.0625
Memory cached:  504.0
	 epoch  80 training error:  tensor(0.0985, device='cuda:0', grad_fn=<DivBackward0>)
Memory status after this epoch: 
Memory allocated:  372.0625
Memory cached:  504.0
	 epoch  90 training error:  tensor(0.0969, device='cuda:0', grad_fn=<DivBackward0>)
Memory status after this epoch: 
Memory allocated:  372.0625
Memory cached:  504.0
[I 2024-02-18 10:28:01,949] Trial 108 finished with value: 0.08539613336324692 and parameters: {'W_layers': 7, 'W_layer_units_exponent_0': 4, 'W_layer_units_exponent_1': 7, 'W_layer_units_exponent_2': 6, 'W_layer_units_exponent_3': 8, 'W_layer_units_exponent_4': 5, 'W_layer_units_exponent_5': 6, 'W_layer_units_exponent_6': 6, 'D_layers': 6, 'D_layer_units_exponent_0': 10, 'D_layer_units_exponent_1': 10, 'D_layer_units_exponent_2': 8, 'D_layer_units_exponent_3': 6, 'D_layer_units_exponent_4': 10, 'D_layer_units_exponent_5': 9, 'D_dagger_layers': 4, 'D_dagger_layer_units_exponent_0': 4, 'D_dagger_layer_units_exponent_1': 4, 'D_dagger_layer_units_exponent_2': 6, 'D_dagger_layer_units_exponent_3': 8, 'log_learning_rate': -2.54800233373844, 'log_learning_rate_D': -2.4226328726073474, 'log_learning_rate_D_dagger': -2.9201901489630133, 'training_batch_size': 10, 'training_p': 3}. Best is trial 53 with value: 0.08303368091583252.
Time for this trial:  19.924776792526245
Memory status after this trial: 
Memory allocated:  567.39013671875
Memory cached:  600.0
--------------------  Trial  109   --------------------
Start timing: 
Parameters: 
{'W_layers': 3, 'W_layer_units_exponent_0': 6, 'W_layer_units_exponent_1': 4, 'W_layer_units_exponent_2': 6, 'D_layers': 4, 'D_layer_units_exponent_0': 9, 'D_layer_units_exponent_1': 10, 'D_layer_units_exponent_2': 7, 'D_layer_units_exponent_3': 8, 'D_dagger_layers': 4, 'D_dagger_layer_units_exponent_0': 5, 'D_dagger_layer_units_exponent_1': 5, 'D_dagger_layer_units_exponent_2': 4, 'D_dagger_layer_units_exponent_3': 9, 'log_learning_rate': -2.2418744261594408, 'log_learning_rate_D': -2.8089879707877414, 'log_learning_rate_D_dagger': -2.072244859663286, 'training_batch_size': 6, 'training_p': 2}
	 epoch  0 training error:  tensor(0.6388, device='cuda:0', grad_fn=<DivBackward0>)
Memory status after this epoch: 
Memory allocated:  366.7392578125
Memory cached:  504.0
	 epoch  10 training error:  tensor(0.1020, device='cuda:0', grad_fn=<DivBackward0>)
Memory status after this epoch: 
Memory allocated:  366.7392578125
Memory cached:  504.0
	 epoch  20 training error:  tensor(0.0876, device='cuda:0', grad_fn=<DivBackward0>)
Memory status after this epoch: 
Memory allocated:  366.7392578125
Memory cached:  504.0
	 epoch  30 training error:  tensor(0.0834, device='cuda:0', grad_fn=<DivBackward0>)
Memory status after this epoch: 
Memory allocated:  366.7392578125
Memory cached:  504.0
	 epoch  40 training error:  tensor(0.1019, device='cuda:0', grad_fn=<DivBackward0>)
Memory status after this epoch: 
Memory allocated:  366.7392578125
Memory cached:  504.0
	 epoch  50 training error:  tensor(0.0845, device='cuda:0', grad_fn=<DivBackward0>)
Memory status after this epoch: 
Memory allocated:  366.7392578125
Memory cached:  504.0
	 epoch  60 training error:  tensor(0.0831, device='cuda:0', grad_fn=<DivBackward0>)
Memory status after this epoch: 
Memory allocated:  366.7392578125
Memory cached:  504.0
	 epoch  70 training error:  tensor(0.0839, device='cuda:0', grad_fn=<DivBackward0>)
Memory status after this epoch: 
Memory allocated:  366.7392578125
Memory cached:  504.0
	 epoch  80 training error:  tensor(0.0850, device='cuda:0', grad_fn=<DivBackward0>)
Memory status after this epoch: 
Memory allocated:  366.7392578125
Memory cached:  504.0
	 epoch  90 training error:  tensor(0.0903, device='cuda:0', grad_fn=<DivBackward0>)
Memory status after this epoch: 
Memory allocated:  366.7392578125
Memory cached:  504.0
[I 2024-02-18 10:28:26,406] Trial 109 finished with value: 0.09695692360401154 and parameters: {'W_layers': 3, 'W_layer_units_exponent_0': 6, 'W_layer_units_exponent_1': 4, 'W_layer_units_exponent_2': 6, 'D_layers': 4, 'D_layer_units_exponent_0': 9, 'D_layer_units_exponent_1': 10, 'D_layer_units_exponent_2': 7, 'D_layer_units_exponent_3': 8, 'D_dagger_layers': 4, 'D_dagger_layer_units_exponent_0': 5, 'D_dagger_layer_units_exponent_1': 5, 'D_dagger_layer_units_exponent_2': 4, 'D_dagger_layer_units_exponent_3': 9, 'log_learning_rate': -2.2418744261594408, 'log_learning_rate_D': -2.8089879707877414, 'log_learning_rate_D_dagger': -2.072244859663286, 'training_batch_size': 6, 'training_p': 2}. Best is trial 53 with value: 0.08303368091583252.
Time for this trial:  24.098167419433594
Memory status after this trial: 
Memory allocated:  506.16845703125
Memory cached:  572.0
--------------------  Trial  110   --------------------
Start timing: 
Parameters: 
{'W_layers': 8, 'W_layer_units_exponent_0': 4, 'W_layer_units_exponent_1': 6, 'W_layer_units_exponent_2': 7, 'W_layer_units_exponent_3': 10, 'W_layer_units_exponent_4': 6, 'W_layer_units_exponent_5': 7, 'W_layer_units_exponent_6': 4, 'W_layer_units_exponent_7': 8, 'D_layers': 7, 'D_layer_units_exponent_0': 10, 'D_layer_units_exponent_1': 10, 'D_layer_units_exponent_2': 9, 'D_layer_units_exponent_3': 6, 'D_layer_units_exponent_4': 7, 'D_layer_units_exponent_5': 7, 'D_layer_units_exponent_6': 6, 'D_dagger_layers': 6, 'D_dagger_layer_units_exponent_0': 6, 'D_dagger_layer_units_exponent_1': 4, 'D_dagger_layer_units_exponent_2': 8, 'D_dagger_layer_units_exponent_3': 8, 'D_dagger_layer_units_exponent_4': 5, 'D_dagger_layer_units_exponent_5': 4, 'log_learning_rate': -2.1035826306618755, 'log_learning_rate_D': -2.5678986989305153, 'log_learning_rate_D_dagger': -2.548631252426307, 'training_batch_size': 6, 'training_p': 2}
	 epoch  0 training error:  tensor(1.0815, device='cuda:0', grad_fn=<DivBackward0>)
Memory status after this epoch: 
Memory allocated:  374.5947265625
Memory cached:  508.0
	 epoch  10 training error:  tensor(0.0977, device='cuda:0', grad_fn=<DivBackward0>)
Memory status after this epoch: 
Memory allocated:  374.5947265625
Memory cached:  506.0
	 epoch  20 training error:  tensor(0.0876, device='cuda:0', grad_fn=<DivBackward0>)
Memory status after this epoch: 
Memory allocated:  374.5947265625
Memory cached:  506.0
	 epoch  30 training error:  tensor(0.0833, device='cuda:0', grad_fn=<DivBackward0>)
Memory status after this epoch: 
Memory allocated:  374.5947265625
Memory cached:  506.0
	 epoch  40 training error:  tensor(0.0840, device='cuda:0', grad_fn=<DivBackward0>)
Memory status after this epoch: 
Memory allocated:  374.5947265625
Memory cached:  506.0
	 epoch  50 training error:  tensor(0.0906, device='cuda:0', grad_fn=<DivBackward0>)
Memory status after this epoch: 
Memory allocated:  374.5947265625
Memory cached:  506.0
	 epoch  60 training error:  tensor(0.0858, device='cuda:0', grad_fn=<DivBackward0>)
Memory status after this epoch: 
Memory allocated:  374.5947265625
Memory cached:  506.0
	 epoch  70 training error:  tensor(0.0836, device='cuda:0', grad_fn=<DivBackward0>)
Memory status after this epoch: 
Memory allocated:  374.5947265625
Memory cached:  508.0
	 epoch  80 training error:  tensor(0.0849, device='cuda:0', grad_fn=<DivBackward0>)
Memory status after this epoch: 
Memory allocated:  374.5947265625
Memory cached:  506.0
	 epoch  90 training error:  tensor(0.0880, device='cuda:0', grad_fn=<DivBackward0>)
Memory status after this epoch: 
Memory allocated:  374.5947265625
Memory cached:  508.0
