[I 2024-03-02 03:12:22,367] Trial 35 finished with value: 0.10161173343658447 and parameters: {'W_layers': 4, 'W_layer_units_exponent_0': 7, 'W_layer_units_exponent_1': 10, 'W_layer_units_exponent_2': 5, 'W_layer_units_exponent_3': 7, 'D_layers': 5, 'D_layer_units_exponent_0': 10, 'D_layer_units_exponent_1': 9, 'D_layer_units_exponent_2': 7, 'D_layer_units_exponent_3': 10, 'D_layer_units_exponent_4': 9, 'D_dagger_layers': 5, 'D_dagger_layer_units_exponent_0': 8, 'D_dagger_layer_units_exponent_1': 8, 'D_dagger_layer_units_exponent_2': 9, 'D_dagger_layer_units_exponent_3': 6, 'D_dagger_layer_units_exponent_4': 6, 'log_learning_rate': -1.2829090606710667, 'log_learning_rate_D': -4.958377486210074, 'log_learning_rate_D_dagger': -3.4873233922113145, 'training_batch_size': 6, 'training_p': 6}. Best is trial 27 with value: 0.019390789791941643.
Time for this trial:  3156.4874591827393
Memory status after this trial: 
Memory allocated:  2908.30419921875
Memory cached:  2950.0
--------------------  Trial  36   --------------------
Start timing: 
Parameters: 
{'W_layers': 4, 'W_layer_units_exponent_0': 5, 'W_layer_units_exponent_1': 8, 'W_layer_units_exponent_2': 7, 'W_layer_units_exponent_3': 8, 'D_layers': 5, 'D_layer_units_exponent_0': 8, 'D_layer_units_exponent_1': 7, 'D_layer_units_exponent_2': 10, 'D_layer_units_exponent_3': 9, 'D_layer_units_exponent_4': 10, 'D_dagger_layers': 6, 'D_dagger_layer_units_exponent_0': 9, 'D_dagger_layer_units_exponent_1': 9, 'D_dagger_layer_units_exponent_2': 7, 'D_dagger_layer_units_exponent_3': 8, 'D_dagger_layer_units_exponent_4': 5, 'D_dagger_layer_units_exponent_5': 8, 'log_learning_rate': -1.9314142700996642, 'log_learning_rate_D': -3.406839738866288, 'log_learning_rate_D_dagger': -4.3151033378487345, 'training_batch_size': 8, 'training_p': 5}
	 epoch  0 training error:  tensor(3.5236, grad_fn=<ToCopyBackward0>)
Memory status after this epoch: 
Memory allocated:  1752.2119140625
Memory cached:  2700.0
	 epoch  10 training error:  tensor(0.5028, grad_fn=<ToCopyBackward0>)
Memory status after this epoch: 
Memory allocated:  1752.2119140625
Memory cached:  2700.0
	 epoch  20 training error:  tensor(0.3531, grad_fn=<ToCopyBackward0>)
Memory status after this epoch: 
Memory allocated:  1752.2119140625
Memory cached:  2700.0
	 epoch  30 training error:  tensor(0.3401, grad_fn=<ToCopyBackward0>)
Memory status after this epoch: 
Memory allocated:  1752.2119140625
Memory cached:  2700.0
	 epoch  40 training error:  tensor(0.3303, grad_fn=<ToCopyBackward0>)
Memory status after this epoch: 
Memory allocated:  1752.2119140625
Memory cached:  2700.0
	 epoch  50 training error:  tensor(0.3208, grad_fn=<ToCopyBackward0>)
Memory status after this epoch: 
Memory allocated:  1752.2119140625
Memory cached:  2700.0
	 epoch  60 training error:  tensor(0.3140, grad_fn=<ToCopyBackward0>)
Memory status after this epoch: 
Memory allocated:  1752.2119140625
Memory cached:  2700.0
	 epoch  70 training error:  tensor(0.3094, grad_fn=<ToCopyBackward0>)
Memory status after this epoch: 
Memory allocated:  1752.2119140625
Memory cached:  2700.0
	 epoch  80 training error:  tensor(0.3038, grad_fn=<ToCopyBackward0>)
Memory status after this epoch: 
Memory allocated:  1752.2119140625
Memory cached:  2700.0
	 epoch  90 training error:  tensor(0.2994, grad_fn=<ToCopyBackward0>)
Memory status after this epoch: 
Memory allocated:  1752.2119140625
Memory cached:  2700.0
[I 2024-03-02 03:29:37,682] Trial 36 finished with value: 0.18340565264225006 and parameters: {'W_layers': 4, 'W_layer_units_exponent_0': 5, 'W_layer_units_exponent_1': 8, 'W_layer_units_exponent_2': 7, 'W_layer_units_exponent_3': 8, 'D_layers': 5, 'D_layer_units_exponent_0': 8, 'D_layer_units_exponent_1': 7, 'D_layer_units_exponent_2': 10, 'D_layer_units_exponent_3': 9, 'D_layer_units_exponent_4': 10, 'D_dagger_layers': 6, 'D_dagger_layer_units_exponent_0': 9, 'D_dagger_layer_units_exponent_1': 9, 'D_dagger_layer_units_exponent_2': 7, 'D_dagger_layer_units_exponent_3': 8, 'D_dagger_layer_units_exponent_4': 5, 'D_dagger_layer_units_exponent_5': 8, 'log_learning_rate': -1.9314142700996642, 'log_learning_rate_D': -3.406839738866288, 'log_learning_rate_D_dagger': -4.3151033378487345, 'training_batch_size': 8, 'training_p': 5}. Best is trial 27 with value: 0.019390789791941643.
Time for this trial:  1034.6793801784515
Memory status after this trial: 
Memory allocated:  2808.2353515625
Memory cached:  2850.0
--------------------  Trial  37   --------------------
Start timing: 
Parameters: 
{'W_layers': 6, 'W_layer_units_exponent_0': 4, 'W_layer_units_exponent_1': 9, 'W_layer_units_exponent_2': 6, 'W_layer_units_exponent_3': 10, 'W_layer_units_exponent_4': 8, 'W_layer_units_exponent_5': 4, 'D_layers': 3, 'D_layer_units_exponent_0': 9, 'D_layer_units_exponent_1': 10, 'D_layer_units_exponent_2': 10, 'D_dagger_layers': 7, 'D_dagger_layer_units_exponent_0': 10, 'D_dagger_layer_units_exponent_1': 7, 'D_dagger_layer_units_exponent_2': 9, 'D_dagger_layer_units_exponent_3': 6, 'D_dagger_layer_units_exponent_4': 7, 'D_dagger_layer_units_exponent_5': 9, 'D_dagger_layer_units_exponent_6': 10, 'log_learning_rate': -2.4025920208709417, 'log_learning_rate_D': -4.6476120216803185, 'log_learning_rate_D_dagger': -3.064857072262238, 'training_batch_size': 6, 'training_p': 6}
	 epoch  0 training error:  tensor(0.9997, grad_fn=<ToCopyBackward0>)
Memory status after this epoch: 
Memory allocated:  1773.0732421875
Memory cached:  2756.0
	 epoch  10 training error:  tensor(0.3111, grad_fn=<ToCopyBackward0>)
Memory status after this epoch: 
Memory allocated:  1773.0732421875
Memory cached:  2756.0
	 epoch  20 training error:  tensor(0.2419, grad_fn=<ToCopyBackward0>)
Memory status after this epoch: 
Memory allocated:  1773.0732421875
Memory cached:  2756.0
	 epoch  30 training error:  tensor(0.1738, grad_fn=<ToCopyBackward0>)
Memory status after this epoch: 
Memory allocated:  1773.0732421875
Memory cached:  2756.0
	 epoch  40 training error:  tensor(0.1483, grad_fn=<ToCopyBackward0>)
Memory status after this epoch: 
Memory allocated:  1773.0732421875
Memory cached:  2756.0
	 epoch  50 training error:  tensor(0.1379, grad_fn=<ToCopyBackward0>)
Memory status after this epoch: 
Memory allocated:  1773.0732421875
Memory cached:  2756.0
	 epoch  60 training error:  tensor(0.0996, grad_fn=<ToCopyBackward0>)
Memory status after this epoch: 
Memory allocated:  1773.0732421875
Memory cached:  2756.0
	 epoch  70 training error:  tensor(0.1212, grad_fn=<ToCopyBackward0>)
Memory status after this epoch: 
Memory allocated:  1773.0732421875
Memory cached:  2756.0
	 epoch  80 training error:  tensor(0.1083, grad_fn=<ToCopyBackward0>)
Memory status after this epoch: 
Memory allocated:  1773.0732421875
Memory cached:  2756.0
	 epoch  90 training error:  tensor(0.0798, grad_fn=<ToCopyBackward0>)
Memory status after this epoch: 
Memory allocated:  1773.0732421875
Memory cached:  2756.0
[I 2024-03-02 04:26:25,788] Trial 37 finished with value: 0.04492693766951561 and parameters: {'W_layers': 6, 'W_layer_units_exponent_0': 4, 'W_layer_units_exponent_1': 9, 'W_layer_units_exponent_2': 6, 'W_layer_units_exponent_3': 10, 'W_layer_units_exponent_4': 8, 'W_layer_units_exponent_5': 4, 'D_layers': 3, 'D_layer_units_exponent_0': 9, 'D_layer_units_exponent_1': 10, 'D_layer_units_exponent_2': 10, 'D_dagger_layers': 7, 'D_dagger_layer_units_exponent_0': 10, 'D_dagger_layer_units_exponent_1': 7, 'D_dagger_layer_units_exponent_2': 9, 'D_dagger_layer_units_exponent_3': 6, 'D_dagger_layer_units_exponent_4': 7, 'D_dagger_layer_units_exponent_5': 9, 'D_dagger_layer_units_exponent_6': 10, 'log_learning_rate': -2.4025920208709417, 'log_learning_rate_D': -4.6476120216803185, 'log_learning_rate_D_dagger': -3.064857072262238, 'training_batch_size': 6, 'training_p': 6}. Best is trial 27 with value: 0.019390789791941643.
Time for this trial:  3406.9412384033203
Memory status after this trial: 
Memory allocated:  3337.482421875
Memory cached:  3372.0
--------------------  Trial  38   --------------------
Start timing: 
Parameters: 
{'W_layers': 5, 'W_layer_units_exponent_0': 5, 'W_layer_units_exponent_1': 7, 'W_layer_units_exponent_2': 7, 'W_layer_units_exponent_3': 7, 'W_layer_units_exponent_4': 9, 'D_layers': 4, 'D_layer_units_exponent_0': 10, 'D_layer_units_exponent_1': 6, 'D_layer_units_exponent_2': 4, 'D_layer_units_exponent_3': 10, 'D_dagger_layers': 5, 'D_dagger_layer_units_exponent_0': 8, 'D_dagger_layer_units_exponent_1': 8, 'D_dagger_layer_units_exponent_2': 8, 'D_dagger_layer_units_exponent_3': 4, 'D_dagger_layer_units_exponent_4': 4, 'log_learning_rate': -1.3722565210741338, 'log_learning_rate_D': -4.18978220901657, 'log_learning_rate_D_dagger': -3.263203862126002, 'training_batch_size': 7, 'training_p': 4}
	 epoch  0 training error:  tensor(69.5767, grad_fn=<ToCopyBackward0>)
Memory status after this epoch: 
Memory allocated:  1725.52734375
Memory cached:  2636.0
	 epoch  10 training error:  tensor(0.3934, grad_fn=<ToCopyBackward0>)
Memory status after this epoch: 
Memory allocated:  1725.52734375
Memory cached:  2636.0
	 epoch  20 training error:  tensor(0.2856, grad_fn=<ToCopyBackward0>)
Memory status after this epoch: 
Memory allocated:  1725.52734375
Memory cached:  2636.0
	 epoch  30 training error:  tensor(37.9756, grad_fn=<ToCopyBackward0>)
Memory status after this epoch: 
Memory allocated:  1725.52734375
Memory cached:  2636.0
	 epoch  40 training error:  tensor(3.2087, grad_fn=<ToCopyBackward0>)
Memory status after this epoch: 
Memory allocated:  1725.52734375
Memory cached:  2636.0
	 epoch  50 training error:  tensor(0.3370, grad_fn=<ToCopyBackward0>)
Memory status after this epoch: 
Memory allocated:  1725.52734375
Memory cached:  2636.0
	 epoch  60 training error:  tensor(0.2805, grad_fn=<ToCopyBackward0>)
Memory status after this epoch: 
Memory allocated:  1725.52734375
Memory cached:  2636.0
	 epoch  70 training error:  tensor(0.2770, grad_fn=<ToCopyBackward0>)
Memory status after this epoch: 
Memory allocated:  1725.52734375
Memory cached:  2636.0
	 epoch  80 training error:  tensor(0.2748, grad_fn=<ToCopyBackward0>)
Memory status after this epoch: 
Memory allocated:  1725.52734375
Memory cached:  2636.0
	 epoch  90 training error:  tensor(0.2709, grad_fn=<ToCopyBackward0>)
Memory status after this epoch: 
Memory allocated:  1725.52734375
Memory cached:  2636.0
[I 2024-03-02 04:53:22,417] Trial 38 finished with value: 0.18489369750022888 and parameters: {'W_layers': 5, 'W_layer_units_exponent_0': 5, 'W_layer_units_exponent_1': 7, 'W_layer_units_exponent_2': 7, 'W_layer_units_exponent_3': 7, 'W_layer_units_exponent_4': 9, 'D_layers': 4, 'D_layer_units_exponent_0': 10, 'D_layer_units_exponent_1': 6, 'D_layer_units_exponent_2': 4, 'D_layer_units_exponent_3': 10, 'D_dagger_layers': 5, 'D_dagger_layer_units_exponent_0': 8, 'D_dagger_layer_units_exponent_1': 8, 'D_dagger_layer_units_exponent_2': 8, 'D_dagger_layer_units_exponent_3': 4, 'D_dagger_layer_units_exponent_4': 4, 'log_learning_rate': -1.3722565210741338, 'log_learning_rate_D': -4.18978220901657, 'log_learning_rate_D_dagger': -3.263203862126002, 'training_batch_size': 7, 'training_p': 4}. Best is trial 27 with value: 0.019390789791941643.
Time for this trial:  1615.8780007362366
Memory status after this trial: 
Memory allocated:  2493.33203125
Memory cached:  2636.0
--------------------  Trial  39   --------------------
Start timing: 
Parameters: 
{'W_layers': 5, 'W_layer_units_exponent_0': 7, 'W_layer_units_exponent_1': 8, 'W_layer_units_exponent_2': 4, 'W_layer_units_exponent_3': 8, 'W_layer_units_exponent_4': 7, 'D_layers': 5, 'D_layer_units_exponent_0': 9, 'D_layer_units_exponent_1': 8, 'D_layer_units_exponent_2': 6, 'D_layer_units_exponent_3': 9, 'D_layer_units_exponent_4': 9, 'D_dagger_layers': 6, 'D_dagger_layer_units_exponent_0': 9, 'D_dagger_layer_units_exponent_1': 5, 'D_dagger_layer_units_exponent_2': 8, 'D_dagger_layer_units_exponent_3': 7, 'D_dagger_layer_units_exponent_4': 5, 'D_dagger_layer_units_exponent_5': 7, 'log_learning_rate': -1.9248511168167117, 'log_learning_rate_D': -3.893644983166852, 'log_learning_rate_D_dagger': -2.6415453106488433, 'training_batch_size': 12, 'training_p': 5}
	 epoch  0 training error:  tensor(1.0117, grad_fn=<ToCopyBackward0>)
Memory status after this epoch: 
Memory allocated:  1731.1552734375
Memory cached:  2656.0
	 epoch  10 training error:  tensor(0.4967, grad_fn=<ToCopyBackward0>)
Memory status after this epoch: 
Memory allocated:  1731.1552734375
Memory cached:  2660.0
	 epoch  20 training error:  tensor(0.3751, grad_fn=<ToCopyBackward0>)
Memory status after this epoch: 
Memory allocated:  1731.1552734375
Memory cached:  2658.0
	 epoch  30 training error:  tensor(0.3656, grad_fn=<ToCopyBackward0>)
Memory status after this epoch: 
Memory allocated:  1731.1552734375
Memory cached:  2662.0
	 epoch  40 training error:  tensor(0.3438, grad_fn=<ToCopyBackward0>)
Memory status after this epoch: 
Memory allocated:  1731.1552734375
Memory cached:  2664.0
	 epoch  50 training error:  tensor(0.3355, grad_fn=<ToCopyBackward0>)
Memory status after this epoch: 
Memory allocated:  1731.1552734375
Memory cached:  2666.0
	 epoch  60 training error:  tensor(0.3267, grad_fn=<ToCopyBackward0>)
Memory status after this epoch: 
Memory allocated:  1731.1552734375
Memory cached:  2662.0
	 epoch  70 training error:  tensor(0.3193, grad_fn=<ToCopyBackward0>)
Memory status after this epoch: 
Memory allocated:  1731.1552734375
Memory cached:  2660.0
	 epoch  80 training error:  tensor(0.3171, grad_fn=<ToCopyBackward0>)
Memory status after this epoch: 
Memory allocated:  1731.1552734375
Memory cached:  2662.0
	 epoch  90 training error:  tensor(0.3055, grad_fn=<ToCopyBackward0>)
Memory status after this epoch: 
Memory allocated:  1731.1552734375
Memory cached:  2660.0
[I 2024-03-02 05:01:18,305] Trial 39 finished with value: 0.1925772726535797 and parameters: {'W_layers': 5, 'W_layer_units_exponent_0': 7, 'W_layer_units_exponent_1': 8, 'W_layer_units_exponent_2': 4, 'W_layer_units_exponent_3': 8, 'W_layer_units_exponent_4': 7, 'D_layers': 5, 'D_layer_units_exponent_0': 9, 'D_layer_units_exponent_1': 8, 'D_layer_units_exponent_2': 6, 'D_layer_units_exponent_3': 9, 'D_layer_units_exponent_4': 9, 'D_dagger_layers': 6, 'D_dagger_layer_units_exponent_0': 9, 'D_dagger_layer_units_exponent_1': 5, 'D_dagger_layer_units_exponent_2': 8, 'D_dagger_layer_units_exponent_3': 7, 'D_dagger_layer_units_exponent_4': 5, 'D_dagger_layer_units_exponent_5': 7, 'log_learning_rate': -1.9248511168167117, 'log_learning_rate_D': -3.893644983166852, 'log_learning_rate_D_dagger': -2.6415453106488433, 'training_batch_size': 12, 'training_p': 5}. Best is trial 27 with value: 0.019390789791941643.
Time for this trial:  475.2915668487549
Memory status after this trial: 
Memory allocated:  2491.32958984375
Memory cached:  2646.0
--------------------  Trial  40   --------------------
Start timing: 
Parameters: 
{'W_layers': 3, 'W_layer_units_exponent_0': 6, 'W_layer_units_exponent_1': 9, 'W_layer_units_exponent_2': 6, 'D_layers': 2, 'D_layer_units_exponent_0': 10, 'D_layer_units_exponent_1': 7, 'D_dagger_layers': 7, 'D_dagger_layer_units_exponent_0': 8, 'D_dagger_layer_units_exponent_1': 9, 'D_dagger_layer_units_exponent_2': 6, 'D_dagger_layer_units_exponent_3': 5, 'D_dagger_layer_units_exponent_4': 7, 'D_dagger_layer_units_exponent_5': 10, 'D_dagger_layer_units_exponent_6': 7, 'log_learning_rate': -2.9372780232838087, 'log_learning_rate_D': -4.391617598704332, 'log_learning_rate_D_dagger': -3.9773548421370997, 'training_batch_size': 11, 'training_p': 6}
	 epoch  0 training error:  tensor(0.9341, grad_fn=<ToCopyBackward0>)
Memory status after this epoch: 
Memory allocated:  1732.1279296875
Memory cached:  2646.0
	 epoch  10 training error:  tensor(0.6127, grad_fn=<ToCopyBackward0>)
Memory status after this epoch: 
Memory allocated:  1732.1279296875
Memory cached:  2652.0
	 epoch  20 training error:  tensor(0.4040, grad_fn=<ToCopyBackward0>)
Memory status after this epoch: 
Memory allocated:  1732.1279296875
Memory cached:  2656.0
	 epoch  30 training error:  tensor(0.3689, grad_fn=<ToCopyBackward0>)
Memory status after this epoch: 
Memory allocated:  1732.1279296875
Memory cached:  2658.0
	 epoch  40 training error:  tensor(0.3607, grad_fn=<ToCopyBackward0>)
Memory status after this epoch: 
Memory allocated:  1732.1279296875
Memory cached:  2654.0
	 epoch  50 training error:  tensor(0.3561, grad_fn=<ToCopyBackward0>)
Memory status after this epoch: 
Memory allocated:  1732.1279296875
Memory cached:  2650.0
	 epoch  60 training error:  tensor(0.3490, grad_fn=<ToCopyBackward0>)
Memory status after this epoch: 
Memory allocated:  1732.1279296875
Memory cached:  2654.0
	 epoch  70 training error:  tensor(0.3451, grad_fn=<ToCopyBackward0>)
Memory status after this epoch: 
Memory allocated:  1732.1279296875
Memory cached:  2652.0
	 epoch  80 training error:  tensor(0.3418, grad_fn=<ToCopyBackward0>)
Memory status after this epoch: 
Memory allocated:  1732.1279296875
Memory cached:  2656.0
	 epoch  90 training error:  tensor(0.3462, grad_fn=<ToCopyBackward0>)
Memory status after this epoch: 
Memory allocated:  1732.1279296875
Memory cached:  2650.0
[I 2024-03-02 05:07:32,144] Trial 40 finished with value: 0.20215237140655518 and parameters: {'W_layers': 3, 'W_layer_units_exponent_0': 6, 'W_layer_units_exponent_1': 9, 'W_layer_units_exponent_2': 6, 'D_layers': 2, 'D_layer_units_exponent_0': 10, 'D_layer_units_exponent_1': 7, 'D_dagger_layers': 7, 'D_dagger_layer_units_exponent_0': 8, 'D_dagger_layer_units_exponent_1': 9, 'D_dagger_layer_units_exponent_2': 6, 'D_dagger_layer_units_exponent_3': 5, 'D_dagger_layer_units_exponent_4': 7, 'D_dagger_layer_units_exponent_5': 10, 'D_dagger_layer_units_exponent_6': 7, 'log_learning_rate': -2.9372780232838087, 'log_learning_rate_D': -4.391617598704332, 'log_learning_rate_D_dagger': -3.9773548421370997, 'training_batch_size': 11, 'training_p': 6}. Best is trial 27 with value: 0.019390789791941643.
Time for this trial:  373.3282742500305
Memory status after this trial: 
Memory allocated:  2551.00048828125
Memory cached:  2644.0
--------------------  Trial  41   --------------------
Start timing: 
Parameters: 
{'W_layers': 4, 'W_layer_units_exponent_0': 5, 'W_layer_units_exponent_1': 10, 'W_layer_units_exponent_2': 6, 'W_layer_units_exponent_3': 7, 'D_layers': 5, 'D_layer_units_exponent_0': 10, 'D_layer_units_exponent_1': 8, 'D_layer_units_exponent_2': 10, 'D_layer_units_exponent_3': 10, 'D_layer_units_exponent_4': 10, 'D_dagger_layers': 6, 'D_dagger_layer_units_exponent_0': 8, 'D_dagger_layer_units_exponent_1': 9, 'D_dagger_layer_units_exponent_2': 7, 'D_dagger_layer_units_exponent_3': 6, 'D_dagger_layer_units_exponent_4': 4, 'D_dagger_layer_units_exponent_5': 8, 'log_learning_rate': -1.7151267860337793, 'log_learning_rate_D': -3.943899556759779, 'log_learning_rate_D_dagger': -3.3814667248943606, 'training_batch_size': 6, 'training_p': 6}
	 epoch  0 training error:  tensor(3.6423, grad_fn=<ToCopyBackward0>)
Memory status after this epoch: 
Memory allocated:  1775.71533203125
Memory cached:  2716.0
	 epoch  10 training error:  tensor(0.3244, grad_fn=<ToCopyBackward0>)
Memory status after this epoch: 
Memory allocated:  1775.71533203125
Memory cached:  2716.0
	 epoch  20 training error:  tensor(0.1773, grad_fn=<ToCopyBackward0>)
Memory status after this epoch: 
Memory allocated:  1775.71533203125
Memory cached:  2716.0
	 epoch  30 training error:  tensor(0.1152, grad_fn=<ToCopyBackward0>)
Memory status after this epoch: 
Memory allocated:  1775.71533203125
Memory cached:  2716.0
	 epoch  40 training error:  tensor(0.0964, grad_fn=<ToCopyBackward0>)
Memory status after this epoch: 
Memory allocated:  1775.71533203125
Memory cached:  2716.0
	 epoch  50 training error:  tensor(0.0641, grad_fn=<ToCopyBackward0>)
Memory status after this epoch: 
Memory allocated:  1775.71533203125
Memory cached:  2716.0
	 epoch  60 training error:  tensor(0.0689, grad_fn=<ToCopyBackward0>)
Memory status after this epoch: 
Memory allocated:  1775.71533203125
Memory cached:  2716.0
	 epoch  70 training error:  tensor(0.0481, grad_fn=<ToCopyBackward0>)
Memory status after this epoch: 
Memory allocated:  1775.71533203125
Memory cached:  2716.0
	 epoch  80 training error:  tensor(0.0409, grad_fn=<ToCopyBackward0>)
Memory status after this epoch: 
Memory allocated:  1775.71533203125
Memory cached:  2716.0
	 epoch  90 training error:  tensor(0.0566, grad_fn=<ToCopyBackward0>)
Memory status after this epoch: 
Memory allocated:  1775.71533203125
Memory cached:  2716.0
