[I 2023-12-07 02:06:14,560] Trial 63 finished with value: 0.2108839601278305 and parameters: {'W_layers': 5, 'W_layer_units_exponent_0': 9, 'W_layer_units_exponent_1': 6, 'W_layer_units_exponent_2': 6, 'W_layer_units_exponent_3': 7, 'W_layer_units_exponent_4': 5, 'D_layers': 2, 'D_layer_units_exponent_0': 7, 'D_layer_units_exponent_1': 10, 'D_dagger_layers': 3, 'D_dagger_layer_units_exponent_0': 10, 'D_dagger_layer_units_exponent_1': 7, 'D_dagger_layer_units_exponent_2': 5, 'log_learning_rate': -4.746504949070461, 'log_learning_rate_D': -3.514785014101087, 'log_learning_rate_D_dagger': -2.806678590795238, 'training_batch_size': 11, 'training_p': 3}. Best is trial 57 with value: 0.056275874376297.
Time for this trial:  158.5181748867035
Memory status after this trial: 
Memory allocated:  284.71435546875
Memory cached:  318.0
--------------------  Trial  64   --------------------
Start timing: 
Parameters: 
{'W_layers': 4, 'W_layer_units_exponent_0': 10, 'W_layer_units_exponent_1': 8, 'W_layer_units_exponent_2': 5, 'W_layer_units_exponent_3': 6, 'D_layers': 3, 'D_layer_units_exponent_0': 7, 'D_layer_units_exponent_1': 10, 'D_layer_units_exponent_2': 7, 'D_dagger_layers': 3, 'D_dagger_layer_units_exponent_0': 9, 'D_dagger_layer_units_exponent_1': 6, 'D_dagger_layer_units_exponent_2': 5, 'log_learning_rate': -4.550994975660913, 'log_learning_rate_D': -2.8683960789082272, 'log_learning_rate_D_dagger': -2.447205759482918, 'training_batch_size': 12, 'training_p': 4}
	 epoch  0 training error:  tensor(0.9869, device='cuda:0', grad_fn=<DivBackward0>)
Memory status after this epoch: 
Memory allocated:  132.09765625
Memory cached:  288.0
	 epoch  10 training error:  tensor(0.9480, device='cuda:0', grad_fn=<DivBackward0>)
Memory status after this epoch: 
Memory allocated:  132.09765625
Memory cached:  298.0
	 epoch  20 training error:  tensor(0.7199, device='cuda:0', grad_fn=<DivBackward0>)
Memory status after this epoch: 
Memory allocated:  132.09765625
Memory cached:  300.0
	 epoch  30 training error:  tensor(0.6599, device='cuda:0', grad_fn=<DivBackward0>)
Memory status after this epoch: 
Memory allocated:  132.09765625
Memory cached:  304.0
	 epoch  40 training error:  tensor(0.5359, device='cuda:0', grad_fn=<DivBackward0>)
Memory status after this epoch: 
Memory allocated:  132.09765625
Memory cached:  306.0
	 epoch  50 training error:  tensor(0.3550, device='cuda:0', grad_fn=<DivBackward0>)
Memory status after this epoch: 
Memory allocated:  132.09765625
Memory cached:  306.0
	 epoch  60 training error:  tensor(0.2987, device='cuda:0', grad_fn=<DivBackward0>)
Memory status after this epoch: 
Memory allocated:  132.09765625
Memory cached:  296.0
	 epoch  70 training error:  tensor(0.2988, device='cuda:0', grad_fn=<DivBackward0>)
Memory status after this epoch: 
Memory allocated:  132.09765625
Memory cached:  296.0
	 epoch  80 training error:  tensor(0.1868, device='cuda:0', grad_fn=<DivBackward0>)
Memory status after this epoch: 
Memory allocated:  132.09765625
Memory cached:  304.0
	 epoch  90 training error:  tensor(0.1164, device='cuda:0', grad_fn=<DivBackward0>)
Memory status after this epoch: 
Memory allocated:  132.09765625
Memory cached:  302.0
[I 2023-12-07 02:08:57,138] Trial 64 finished with value: 0.16632162034511566 and parameters: {'W_layers': 4, 'W_layer_units_exponent_0': 10, 'W_layer_units_exponent_1': 8, 'W_layer_units_exponent_2': 5, 'W_layer_units_exponent_3': 6, 'D_layers': 3, 'D_layer_units_exponent_0': 7, 'D_layer_units_exponent_1': 10, 'D_layer_units_exponent_2': 7, 'D_dagger_layers': 3, 'D_dagger_layer_units_exponent_0': 9, 'D_dagger_layer_units_exponent_1': 6, 'D_dagger_layer_units_exponent_2': 5, 'log_learning_rate': -4.550994975660913, 'log_learning_rate_D': -2.8683960789082272, 'log_learning_rate_D_dagger': -2.447205759482918, 'training_batch_size': 12, 'training_p': 4}. Best is trial 57 with value: 0.056275874376297.
Time for this trial:  162.3521044254303
Memory status after this trial: 
Memory allocated:  299.93310546875
Memory cached:  306.0
--------------------  Trial  65   --------------------
Start timing: 
Parameters: 
{'W_layers': 4, 'W_layer_units_exponent_0': 10, 'W_layer_units_exponent_1': 8, 'W_layer_units_exponent_2': 5, 'W_layer_units_exponent_3': 7, 'D_layers': 3, 'D_layer_units_exponent_0': 7, 'D_layer_units_exponent_1': 10, 'D_layer_units_exponent_2': 10, 'D_dagger_layers': 3, 'D_dagger_layer_units_exponent_0': 9, 'D_dagger_layer_units_exponent_1': 7, 'D_dagger_layer_units_exponent_2': 6, 'log_learning_rate': -4.559811387551943, 'log_learning_rate_D': -2.8646391489006837, 'log_learning_rate_D_dagger': -2.737671681360809, 'training_batch_size': 12, 'training_p': 4}
	 epoch  0 training error:  tensor(0.9826, device='cuda:0', grad_fn=<DivBackward0>)
Memory status after this epoch: 
Memory allocated:  146.75
Memory cached:  308.0
	 epoch  10 training error:  tensor(0.9761, device='cuda:0', grad_fn=<DivBackward0>)
Memory status after this epoch: 
Memory allocated:  146.75
Memory cached:  314.0
	 epoch  20 training error:  tensor(0.9591, device='cuda:0', grad_fn=<DivBackward0>)
Memory status after this epoch: 
Memory allocated:  146.75
Memory cached:  314.0
	 epoch  30 training error:  tensor(0.8527, device='cuda:0', grad_fn=<DivBackward0>)
Memory status after this epoch: 
Memory allocated:  146.75
Memory cached:  318.0
	 epoch  40 training error:  tensor(0.7624, device='cuda:0', grad_fn=<DivBackward0>)
Memory status after this epoch: 
Memory allocated:  146.75
Memory cached:  316.0
	 epoch  50 training error:  tensor(0.7649, device='cuda:0', grad_fn=<DivBackward0>)
Memory status after this epoch: 
Memory allocated:  146.75
Memory cached:  314.0
	 epoch  60 training error:  tensor(0.6405, device='cuda:0', grad_fn=<DivBackward0>)
Memory status after this epoch: 
Memory allocated:  146.75
Memory cached:  318.0
	 epoch  70 training error:  tensor(0.6431, device='cuda:0', grad_fn=<DivBackward0>)
Memory status after this epoch: 
Memory allocated:  146.75
Memory cached:  316.0
	 epoch  80 training error:  tensor(0.4415, device='cuda:0', grad_fn=<DivBackward0>)
Memory status after this epoch: 
Memory allocated:  146.75
Memory cached:  314.0
	 epoch  90 training error:  tensor(0.5669, device='cuda:0', grad_fn=<DivBackward0>)
Memory status after this epoch: 
Memory allocated:  146.75
Memory cached:  314.0
[I 2023-12-07 02:11:46,568] Trial 65 finished with value: 0.1489538997411728 and parameters: {'W_layers': 4, 'W_layer_units_exponent_0': 10, 'W_layer_units_exponent_1': 8, 'W_layer_units_exponent_2': 5, 'W_layer_units_exponent_3': 7, 'D_layers': 3, 'D_layer_units_exponent_0': 7, 'D_layer_units_exponent_1': 10, 'D_layer_units_exponent_2': 10, 'D_dagger_layers': 3, 'D_dagger_layer_units_exponent_0': 9, 'D_dagger_layer_units_exponent_1': 7, 'D_dagger_layer_units_exponent_2': 6, 'log_learning_rate': -4.559811387551943, 'log_learning_rate_D': -2.8646391489006837, 'log_learning_rate_D_dagger': -2.737671681360809, 'training_batch_size': 12, 'training_p': 4}. Best is trial 57 with value: 0.056275874376297.
Time for this trial:  169.20412611961365
Memory status after this trial: 
Memory allocated:  355.67724609375
Memory cached:  372.0
--------------------  Trial  66   --------------------
Start timing: 
Parameters: 
{'W_layers': 4, 'W_layer_units_exponent_0': 10, 'W_layer_units_exponent_1': 8, 'W_layer_units_exponent_2': 5, 'W_layer_units_exponent_3': 8, 'D_layers': 3, 'D_layer_units_exponent_0': 6, 'D_layer_units_exponent_1': 9, 'D_layer_units_exponent_2': 10, 'D_dagger_layers': 2, 'D_dagger_layer_units_exponent_0': 9, 'D_dagger_layer_units_exponent_1': 7, 'log_learning_rate': -4.334856770549965, 'log_learning_rate_D': -3.2270197071147253, 'log_learning_rate_D_dagger': -2.752308847111067, 'training_batch_size': 12, 'training_p': 4}
	 epoch  0 training error:  tensor(0.9929, device='cuda:0', grad_fn=<DivBackward0>)
Memory status after this epoch: 
Memory allocated:  137.181640625
Memory cached:  322.0
	 epoch  10 training error:  tensor(0.9122, device='cuda:0', grad_fn=<DivBackward0>)
Memory status after this epoch: 
Memory allocated:  137.181640625
Memory cached:  340.0
	 epoch  20 training error:  tensor(0.7630, device='cuda:0', grad_fn=<DivBackward0>)
Memory status after this epoch: 
Memory allocated:  137.181640625
Memory cached:  340.0
	 epoch  30 training error:  tensor(0.6821, device='cuda:0', grad_fn=<DivBackward0>)
Memory status after this epoch: 
Memory allocated:  137.181640625
Memory cached:  340.0
	 epoch  40 training error:  tensor(0.6028, device='cuda:0', grad_fn=<DivBackward0>)
Memory status after this epoch: 
Memory allocated:  137.181640625
Memory cached:  338.0
	 epoch  50 training error:  tensor(0.4908, device='cuda:0', grad_fn=<DivBackward0>)
Memory status after this epoch: 
Memory allocated:  137.181640625
Memory cached:  334.0
	 epoch  60 training error:  tensor(0.3902, device='cuda:0', grad_fn=<DivBackward0>)
Memory status after this epoch: 
Memory allocated:  137.181640625
Memory cached:  344.0
	 epoch  70 training error:  tensor(0.2091, device='cuda:0', grad_fn=<DivBackward0>)
Memory status after this epoch: 
Memory allocated:  137.181640625
Memory cached:  344.0
	 epoch  80 training error:  tensor(0.2843, device='cuda:0', grad_fn=<DivBackward0>)
Memory status after this epoch: 
Memory allocated:  137.181640625
Memory cached:  338.0
	 epoch  90 training error:  tensor(0.3097, device='cuda:0', grad_fn=<DivBackward0>)
Memory status after this epoch: 
Memory allocated:  137.181640625
Memory cached:  340.0
[I 2023-12-07 02:14:24,952] Trial 66 finished with value: 0.18695609271526337 and parameters: {'W_layers': 4, 'W_layer_units_exponent_0': 10, 'W_layer_units_exponent_1': 8, 'W_layer_units_exponent_2': 5, 'W_layer_units_exponent_3': 8, 'D_layers': 3, 'D_layer_units_exponent_0': 6, 'D_layer_units_exponent_1': 9, 'D_layer_units_exponent_2': 10, 'D_dagger_layers': 2, 'D_dagger_layer_units_exponent_0': 9, 'D_dagger_layer_units_exponent_1': 7, 'log_learning_rate': -4.334856770549965, 'log_learning_rate_D': -3.2270197071147253, 'log_learning_rate_D_dagger': -2.752308847111067, 'training_batch_size': 12, 'training_p': 4}. Best is trial 57 with value: 0.056275874376297.
Time for this trial:  158.14582228660583
Memory status after this trial: 
Memory allocated:  322.39208984375
Memory cached:  342.0
--------------------  Trial  67   --------------------
Start timing: 
Parameters: 
{'W_layers': 5, 'W_layer_units_exponent_0': 9, 'W_layer_units_exponent_1': 6, 'W_layer_units_exponent_2': 5, 'W_layer_units_exponent_3': 7, 'W_layer_units_exponent_4': 4, 'D_layers': 2, 'D_layer_units_exponent_0': 7, 'D_layer_units_exponent_1': 9, 'D_dagger_layers': 3, 'D_dagger_layer_units_exponent_0': 9, 'D_dagger_layer_units_exponent_1': 8, 'D_dagger_layer_units_exponent_2': 7, 'log_learning_rate': -4.647425310921794, 'log_learning_rate_D': -2.757503364515161, 'log_learning_rate_D_dagger': -2.6848917890310653, 'training_batch_size': 12, 'training_p': 3}
	 epoch  0 training error:  tensor(1.0267, device='cuda:0', grad_fn=<DivBackward0>)
Memory status after this epoch: 
Memory allocated:  127.517578125
Memory cached:  306.0
	 epoch  10 training error:  tensor(0.9607, device='cuda:0', grad_fn=<DivBackward0>)
Memory status after this epoch: 
Memory allocated:  127.517578125
Memory cached:  344.0
	 epoch  20 training error:  tensor(0.9353, device='cuda:0', grad_fn=<DivBackward0>)
Memory status after this epoch: 
Memory allocated:  127.517578125
Memory cached:  334.0
	 epoch  30 training error:  tensor(0.7906, device='cuda:0', grad_fn=<DivBackward0>)
Memory status after this epoch: 
Memory allocated:  127.517578125
Memory cached:  332.0
	 epoch  40 training error:  tensor(0.7087, device='cuda:0', grad_fn=<DivBackward0>)
Memory status after this epoch: 
Memory allocated:  127.517578125
Memory cached:  338.0
	 epoch  50 training error:  tensor(0.7554, device='cuda:0', grad_fn=<DivBackward0>)
Memory status after this epoch: 
Memory allocated:  127.517578125
Memory cached:  332.0
	 epoch  60 training error:  tensor(0.6528, device='cuda:0', grad_fn=<DivBackward0>)
Memory status after this epoch: 
Memory allocated:  127.517578125
Memory cached:  328.0
	 epoch  70 training error:  tensor(0.5578, device='cuda:0', grad_fn=<DivBackward0>)
Memory status after this epoch: 
Memory allocated:  127.517578125
Memory cached:  332.0
	 epoch  80 training error:  tensor(0.5240, device='cuda:0', grad_fn=<DivBackward0>)
Memory status after this epoch: 
Memory allocated:  127.517578125
Memory cached:  350.0
	 epoch  90 training error:  tensor(0.2413, device='cuda:0', grad_fn=<DivBackward0>)
Memory status after this epoch: 
Memory allocated:  127.517578125
Memory cached:  326.0
[I 2023-12-07 02:16:57,688] Trial 67 finished with value: 0.33511391282081604 and parameters: {'W_layers': 5, 'W_layer_units_exponent_0': 9, 'W_layer_units_exponent_1': 6, 'W_layer_units_exponent_2': 5, 'W_layer_units_exponent_3': 7, 'W_layer_units_exponent_4': 4, 'D_layers': 2, 'D_layer_units_exponent_0': 7, 'D_layer_units_exponent_1': 9, 'D_dagger_layers': 3, 'D_dagger_layer_units_exponent_0': 9, 'D_dagger_layer_units_exponent_1': 8, 'D_dagger_layer_units_exponent_2': 7, 'log_learning_rate': -4.647425310921794, 'log_learning_rate_D': -2.757503364515161, 'log_learning_rate_D_dagger': -2.6848917890310653, 'training_batch_size': 12, 'training_p': 3}. Best is trial 57 with value: 0.056275874376297.
Time for this trial:  152.5081696510315
Memory status after this trial: 
Memory allocated:  242.74072265625
Memory cached:  320.0
--------------------  Trial  68   --------------------
Start timing: 
Parameters: 
{'W_layers': 4, 'W_layer_units_exponent_0': 10, 'W_layer_units_exponent_1': 7, 'W_layer_units_exponent_2': 6, 'W_layer_units_exponent_3': 8, 'D_layers': 4, 'D_layer_units_exponent_0': 6, 'D_layer_units_exponent_1': 10, 'D_layer_units_exponent_2': 10, 'D_layer_units_exponent_3': 6, 'D_dagger_layers': 3, 'D_dagger_layer_units_exponent_0': 8, 'D_dagger_layer_units_exponent_1': 7, 'D_dagger_layer_units_exponent_2': 7, 'log_learning_rate': -4.818613143019396, 'log_learning_rate_D': -3.124652589060378, 'log_learning_rate_D_dagger': -2.4026282869063134, 'training_batch_size': 11, 'training_p': 4}
	 epoch  0 training error:  tensor(1.0123, device='cuda:0', grad_fn=<DivBackward0>)
Memory status after this epoch: 
Memory allocated:  144.541015625
Memory cached:  308.0
	 epoch  10 training error:  tensor(0.9740, device='cuda:0', grad_fn=<DivBackward0>)
Memory status after this epoch: 
Memory allocated:  144.541015625
Memory cached:  308.0
	 epoch  20 training error:  tensor(0.8999, device='cuda:0', grad_fn=<DivBackward0>)
Memory status after this epoch: 
Memory allocated:  144.541015625
Memory cached:  308.0
	 epoch  30 training error:  tensor(0.7533, device='cuda:0', grad_fn=<DivBackward0>)
Memory status after this epoch: 
Memory allocated:  144.541015625
Memory cached:  308.0
	 epoch  40 training error:  tensor(0.7094, device='cuda:0', grad_fn=<DivBackward0>)
Memory status after this epoch: 
Memory allocated:  144.541015625
Memory cached:  308.0
	 epoch  50 training error:  tensor(0.6807, device='cuda:0', grad_fn=<DivBackward0>)
Memory status after this epoch: 
Memory allocated:  144.541015625
Memory cached:  308.0
	 epoch  60 training error:  tensor(0.6345, device='cuda:0', grad_fn=<DivBackward0>)
Memory status after this epoch: 
Memory allocated:  144.541015625
Memory cached:  308.0
	 epoch  70 training error:  tensor(1.1959, device='cuda:0', grad_fn=<DivBackward0>)
Memory status after this epoch: 
Memory allocated:  144.541015625
Memory cached:  308.0
	 epoch  80 training error:  tensor(0.8476, device='cuda:0', grad_fn=<DivBackward0>)
Memory status after this epoch: 
Memory allocated:  144.541015625
Memory cached:  308.0
	 epoch  90 training error:  tensor(0.7357, device='cuda:0', grad_fn=<DivBackward0>)
Memory status after this epoch: 
Memory allocated:  144.541015625
Memory cached:  308.0
[I 2023-12-07 02:19:53,005] Trial 68 finished with value: 0.6487565040588379 and parameters: {'W_layers': 4, 'W_layer_units_exponent_0': 10, 'W_layer_units_exponent_1': 7, 'W_layer_units_exponent_2': 6, 'W_layer_units_exponent_3': 8, 'D_layers': 4, 'D_layer_units_exponent_0': 6, 'D_layer_units_exponent_1': 10, 'D_layer_units_exponent_2': 10, 'D_layer_units_exponent_3': 6, 'D_dagger_layers': 3, 'D_dagger_layer_units_exponent_0': 8, 'D_dagger_layer_units_exponent_1': 7, 'D_dagger_layer_units_exponent_2': 7, 'log_learning_rate': -4.818613143019396, 'log_learning_rate_D': -3.124652589060378, 'log_learning_rate_D_dagger': -2.4026282869063134, 'training_batch_size': 11, 'training_p': 4}. Best is trial 57 with value: 0.056275874376297.
Time for this trial:  175.04709887504578
Memory status after this trial: 
Memory allocated:  351.81396484375
Memory cached:  368.0
--------------------  Trial  69   --------------------
Start timing: 
Parameters: 
{'W_layers': 5, 'W_layer_units_exponent_0': 9, 'W_layer_units_exponent_1': 7, 'W_layer_units_exponent_2': 4, 'W_layer_units_exponent_3': 7, 'W_layer_units_exponent_4': 6, 'D_layers': 3, 'D_layer_units_exponent_0': 6, 'D_layer_units_exponent_1': 9, 'D_layer_units_exponent_2': 9, 'D_dagger_layers': 2, 'D_dagger_layer_units_exponent_0': 7, 'D_dagger_layer_units_exponent_1': 8, 'log_learning_rate': -4.421422821749362, 'log_learning_rate_D': -3.3675255444736303, 'log_learning_rate_D_dagger': -2.5944162921280025, 'training_batch_size': 12, 'training_p': 3}
	 epoch  0 training error:  tensor(1.0364, device='cuda:0', grad_fn=<DivBackward0>)
Memory status after this epoch: 
Memory allocated:  129.5703125
Memory cached:  290.0
	 epoch  10 training error:  tensor(0.9443, device='cuda:0', grad_fn=<DivBackward0>)
Memory status after this epoch: 
Memory allocated:  129.5703125
Memory cached:  322.0
	 epoch  20 training error:  tensor(0.8066, device='cuda:0', grad_fn=<DivBackward0>)
Memory status after this epoch: 
Memory allocated:  129.5703125
Memory cached:  322.0
	 epoch  30 training error:  tensor(0.7599, device='cuda:0', grad_fn=<DivBackward0>)
Memory status after this epoch: 
Memory allocated:  129.5703125
Memory cached:  322.0
	 epoch  40 training error:  tensor(0.7115, device='cuda:0', grad_fn=<DivBackward0>)
Memory status after this epoch: 
Memory allocated:  129.5703125
Memory cached:  324.0
	 epoch  50 training error:  tensor(0.6686, device='cuda:0', grad_fn=<DivBackward0>)
Memory status after this epoch: 
Memory allocated:  129.5703125
Memory cached:  318.0
	 epoch  60 training error:  tensor(0.5540, device='cuda:0', grad_fn=<DivBackward0>)
Memory status after this epoch: 
Memory allocated:  129.5703125
Memory cached:  330.0
	 epoch  70 training error:  tensor(0.5109, device='cuda:0', grad_fn=<DivBackward0>)
Memory status after this epoch: 
Memory allocated:  129.5703125
Memory cached:  316.0
	 epoch  80 training error:  tensor(0.4302, device='cuda:0', grad_fn=<DivBackward0>)
Memory status after this epoch: 
Memory allocated:  129.5703125
Memory cached:  316.0
	 epoch  90 training error:  tensor(0.3548, device='cuda:0', grad_fn=<DivBackward0>)
Memory status after this epoch: 
Memory allocated:  129.5703125
Memory cached:  312.0
