[I 2024-01-12 17:33:51,594] Trial 11 finished with value: 0.25699901580810547 and parameters: {'W_layers': 2, 'W_layer_units_exponent_0': 6, 'W_layer_units_exponent_1': 10, 'D_layers': 7, 'D_layer_units_exponent_0': 10, 'D_layer_units_exponent_1': 8, 'D_layer_units_exponent_2': 4, 'D_layer_units_exponent_3': 4, 'D_layer_units_exponent_4': 7, 'D_layer_units_exponent_5': 7, 'D_layer_units_exponent_6': 6, 'D_dagger_layers': 4, 'D_dagger_layer_units_exponent_0': 7, 'D_dagger_layer_units_exponent_1': 10, 'D_dagger_layer_units_exponent_2': 8, 'D_dagger_layer_units_exponent_3': 7, 'log_learning_rate': -4.157856666558137, 'log_learning_rate_D': -3.2669964362778066, 'log_learning_rate_D_dagger': -2.562182669134571, 'training_batch_size': 9, 'training_p': 3}. Best is trial 11 with value: 0.25699901580810547.
res:  tensor(0.2570, device='cuda:0', grad_fn=<DivBackward0>)
self.bestValue:  tensor(0.2953, device='cuda:0', grad_fn=<DivBackward0>)
Save this model!
Time for this trial:  221.85144662857056
Memory status after this trial: 
Memory allocated:  440.8603515625
Memory cached:  670.0
--------------------  Trial  12   --------------------
Start timing: 
Parameters: 
{'W_layers': 3, 'W_layer_units_exponent_0': 6, 'W_layer_units_exponent_1': 10, 'W_layer_units_exponent_2': 5, 'D_layers': 5, 'D_layer_units_exponent_0': 10, 'D_layer_units_exponent_1': 8, 'D_layer_units_exponent_2': 5, 'D_layer_units_exponent_3': 4, 'D_layer_units_exponent_4': 8, 'D_dagger_layers': 4, 'D_dagger_layer_units_exponent_0': 7, 'D_dagger_layer_units_exponent_1': 10, 'D_dagger_layer_units_exponent_2': 6, 'D_dagger_layer_units_exponent_3': 8, 'log_learning_rate': -4.385774166305156, 'log_learning_rate_D': -3.293736778510825, 'log_learning_rate_D_dagger': -2.727766330142899, 'training_batch_size': 9, 'training_p': 3}
	 epoch  0 training error:  tensor(0.9907, device='cuda:0', grad_fn=<DivBackward0>)
Memory status after this epoch: 
Memory allocated:  449.9697265625
Memory cached:  666.0
	 epoch  10 training error:  tensor(0.3810, device='cuda:0', grad_fn=<DivBackward0>)
Memory status after this epoch: 
Memory allocated:  449.9697265625
Memory cached:  686.0
	 epoch  20 training error:  tensor(0.3587, device='cuda:0', grad_fn=<DivBackward0>)
Memory status after this epoch: 
Memory allocated:  449.9697265625
Memory cached:  676.0
	 epoch  30 training error:  tensor(0.3557, device='cuda:0', grad_fn=<DivBackward0>)
Memory status after this epoch: 
Memory allocated:  449.9697265625
Memory cached:  680.0
	 epoch  40 training error:  tensor(0.3020, device='cuda:0', grad_fn=<DivBackward0>)
Memory status after this epoch: 
Memory allocated:  449.9697265625
Memory cached:  684.0
	 epoch  50 training error:  tensor(0.2632, device='cuda:0', grad_fn=<DivBackward0>)
Memory status after this epoch: 
Memory allocated:  449.9697265625
Memory cached:  678.0
	 epoch  60 training error:  tensor(0.2272, device='cuda:0', grad_fn=<DivBackward0>)
Memory status after this epoch: 
Memory allocated:  449.9697265625
Memory cached:  682.0
	 epoch  70 training error:  tensor(0.2377, device='cuda:0', grad_fn=<DivBackward0>)
Memory status after this epoch: 
Memory allocated:  449.9697265625
Memory cached:  674.0
	 epoch  80 training error:  tensor(0.1901, device='cuda:0', grad_fn=<DivBackward0>)
Memory status after this epoch: 
Memory allocated:  449.9697265625
Memory cached:  682.0
	 epoch  90 training error:  tensor(0.1888, device='cuda:0', grad_fn=<DivBackward0>)
Memory status after this epoch: 
Memory allocated:  449.9697265625
Memory cached:  680.0
[I 2024-01-12 17:37:32,635] Trial 12 finished with value: 0.16188763082027435 and parameters: {'W_layers': 3, 'W_layer_units_exponent_0': 6, 'W_layer_units_exponent_1': 10, 'W_layer_units_exponent_2': 5, 'D_layers': 5, 'D_layer_units_exponent_0': 10, 'D_layer_units_exponent_1': 8, 'D_layer_units_exponent_2': 5, 'D_layer_units_exponent_3': 4, 'D_layer_units_exponent_4': 8, 'D_dagger_layers': 4, 'D_dagger_layer_units_exponent_0': 7, 'D_dagger_layer_units_exponent_1': 10, 'D_dagger_layer_units_exponent_2': 6, 'D_dagger_layer_units_exponent_3': 8, 'log_learning_rate': -4.385774166305156, 'log_learning_rate_D': -3.293736778510825, 'log_learning_rate_D_dagger': -2.727766330142899, 'training_batch_size': 9, 'training_p': 3}. Best is trial 12 with value: 0.16188763082027435.
res:  tensor(0.1619, device='cuda:0', grad_fn=<DivBackward0>)
self.bestValue:  tensor(0.2570, device='cuda:0', grad_fn=<DivBackward0>)
Save this model!
Time for this trial:  220.72093534469604
Memory status after this trial: 
Memory allocated:  441.13134765625
Memory cached:  766.0
--------------------  Trial  13   --------------------
Start timing: 
Parameters: 
{'W_layers': 3, 'W_layer_units_exponent_0': 7, 'W_layer_units_exponent_1': 10, 'W_layer_units_exponent_2': 7, 'D_layers': 5, 'D_layer_units_exponent_0': 10, 'D_layer_units_exponent_1': 9, 'D_layer_units_exponent_2': 5, 'D_layer_units_exponent_3': 4, 'D_layer_units_exponent_4': 7, 'D_dagger_layers': 4, 'D_dagger_layer_units_exponent_0': 7, 'D_dagger_layer_units_exponent_1': 10, 'D_dagger_layer_units_exponent_2': 6, 'D_dagger_layer_units_exponent_3': 8, 'log_learning_rate': -4.152281555085476, 'log_learning_rate_D': -3.4459824447150162, 'log_learning_rate_D_dagger': -2.476761558813028, 'training_batch_size': 9, 'training_p': 4}
	 epoch  0 training error:  tensor(0.9873, device='cuda:0', grad_fn=<DivBackward0>)
Memory status after this epoch: 
Memory allocated:  456.83447265625
Memory cached:  778.0
	 epoch  10 training error:  tensor(0.5065, device='cuda:0', grad_fn=<DivBackward0>)
Memory status after this epoch: 
Memory allocated:  456.83447265625
Memory cached:  790.0
	 epoch  20 training error:  tensor(0.4657, device='cuda:0', grad_fn=<DivBackward0>)
Memory status after this epoch: 
Memory allocated:  456.83447265625
Memory cached:  794.0
	 epoch  30 training error:  tensor(0.4386, device='cuda:0', grad_fn=<DivBackward0>)
Memory status after this epoch: 
Memory allocated:  456.83447265625
Memory cached:  792.0
	 epoch  40 training error:  tensor(0.4177, device='cuda:0', grad_fn=<DivBackward0>)
Memory status after this epoch: 
Memory allocated:  456.83447265625
Memory cached:  794.0
	 epoch  50 training error:  tensor(0.4077, device='cuda:0', grad_fn=<DivBackward0>)
Memory status after this epoch: 
Memory allocated:  456.83447265625
Memory cached:  796.0
	 epoch  60 training error:  tensor(0.3364, device='cuda:0', grad_fn=<DivBackward0>)
Memory status after this epoch: 
Memory allocated:  456.83447265625
Memory cached:  790.0
	 epoch  70 training error:  tensor(0.3913, device='cuda:0', grad_fn=<DivBackward0>)
Memory status after this epoch: 
Memory allocated:  456.83447265625
Memory cached:  790.0
	 epoch  80 training error:  tensor(0.4674, device='cuda:0', grad_fn=<DivBackward0>)
Memory status after this epoch: 
Memory allocated:  456.83447265625
Memory cached:  796.0
	 epoch  90 training error:  tensor(0.4414, device='cuda:0', grad_fn=<DivBackward0>)
Memory status after this epoch: 
Memory allocated:  456.83447265625
Memory cached:  784.0
[I 2024-01-12 17:41:06,489] Trial 13 finished with value: 0.4200442433357239 and parameters: {'W_layers': 3, 'W_layer_units_exponent_0': 7, 'W_layer_units_exponent_1': 10, 'W_layer_units_exponent_2': 7, 'D_layers': 5, 'D_layer_units_exponent_0': 10, 'D_layer_units_exponent_1': 9, 'D_layer_units_exponent_2': 5, 'D_layer_units_exponent_3': 4, 'D_layer_units_exponent_4': 7, 'D_dagger_layers': 4, 'D_dagger_layer_units_exponent_0': 7, 'D_dagger_layer_units_exponent_1': 10, 'D_dagger_layer_units_exponent_2': 6, 'D_dagger_layer_units_exponent_3': 8, 'log_learning_rate': -4.152281555085476, 'log_learning_rate_D': -3.4459824447150162, 'log_learning_rate_D_dagger': -2.476761558813028, 'training_batch_size': 9, 'training_p': 4}. Best is trial 12 with value: 0.16188763082027435.
Time for this trial:  213.5422966480255
Memory status after this trial: 
Memory allocated:  916.4921875
Memory cached:  938.0
--------------------  Trial  14   --------------------
Start timing: 
Parameters: 
{'W_layers': 2, 'W_layer_units_exponent_0': 6, 'W_layer_units_exponent_1': 10, 'D_layers': 4, 'D_layer_units_exponent_0': 10, 'D_layer_units_exponent_1': 8, 'D_layer_units_exponent_2': 5, 'D_layer_units_exponent_3': 10, 'D_dagger_layers': 3, 'D_dagger_layer_units_exponent_0': 7, 'D_dagger_layer_units_exponent_1': 10, 'D_dagger_layer_units_exponent_2': 8, 'log_learning_rate': -4.020689504812319, 'log_learning_rate_D': -3.3660844388165874, 'log_learning_rate_D_dagger': -2.22144068800047, 'training_batch_size': 9, 'training_p': 3}
	 epoch  0 training error:  tensor(1.0389, device='cuda:0', grad_fn=<DivBackward0>)
Memory status after this epoch: 
Memory allocated:  452.95166015625
Memory cached:  752.0
	 epoch  10 training error:  tensor(0.7634, device='cuda:0', grad_fn=<DivBackward0>)
Memory status after this epoch: 
Memory allocated:  452.95166015625
Memory cached:  770.0
	 epoch  20 training error:  tensor(0.4680, device='cuda:0', grad_fn=<DivBackward0>)
Memory status after this epoch: 
Memory allocated:  452.95166015625
Memory cached:  770.0
	 epoch  30 training error:  tensor(0.4165, device='cuda:0', grad_fn=<DivBackward0>)
Memory status after this epoch: 
Memory allocated:  452.95166015625
Memory cached:  766.0
	 epoch  40 training error:  tensor(0.3874, device='cuda:0', grad_fn=<DivBackward0>)
Memory status after this epoch: 
Memory allocated:  452.95166015625
Memory cached:  774.0
	 epoch  50 training error:  tensor(0.3824, device='cuda:0', grad_fn=<DivBackward0>)
Memory status after this epoch: 
Memory allocated:  452.95166015625
Memory cached:  766.0
	 epoch  60 training error:  tensor(0.3689, device='cuda:0', grad_fn=<DivBackward0>)
Memory status after this epoch: 
Memory allocated:  452.95166015625
Memory cached:  768.0
	 epoch  70 training error:  tensor(0.3834, device='cuda:0', grad_fn=<DivBackward0>)
Memory status after this epoch: 
Memory allocated:  452.95166015625
Memory cached:  772.0
	 epoch  80 training error:  tensor(0.3706, device='cuda:0', grad_fn=<DivBackward0>)
Memory status after this epoch: 
Memory allocated:  452.95166015625
Memory cached:  776.0
	 epoch  90 training error:  tensor(0.3731, device='cuda:0', grad_fn=<DivBackward0>)
Memory status after this epoch: 
Memory allocated:  452.95166015625
Memory cached:  762.0
[I 2024-01-12 17:44:18,706] Trial 14 finished with value: 0.30510756373405457 and parameters: {'W_layers': 2, 'W_layer_units_exponent_0': 6, 'W_layer_units_exponent_1': 10, 'D_layers': 4, 'D_layer_units_exponent_0': 10, 'D_layer_units_exponent_1': 8, 'D_layer_units_exponent_2': 5, 'D_layer_units_exponent_3': 10, 'D_dagger_layers': 3, 'D_dagger_layer_units_exponent_0': 7, 'D_dagger_layer_units_exponent_1': 10, 'D_dagger_layer_units_exponent_2': 8, 'log_learning_rate': -4.020689504812319, 'log_learning_rate_D': -3.3660844388165874, 'log_learning_rate_D_dagger': -2.22144068800047, 'training_batch_size': 9, 'training_p': 3}. Best is trial 12 with value: 0.16188763082027435.
Time for this trial:  191.85719275474548
Memory status after this trial: 
Memory allocated:  925.98388671875
Memory cached:  934.0
--------------------  Trial  15   --------------------
Start timing: 
Parameters: 
{'W_layers': 4, 'W_layer_units_exponent_0': 8, 'W_layer_units_exponent_1': 10, 'W_layer_units_exponent_2': 8, 'W_layer_units_exponent_3': 6, 'D_layers': 6, 'D_layer_units_exponent_0': 9, 'D_layer_units_exponent_1': 10, 'D_layer_units_exponent_2': 5, 'D_layer_units_exponent_3': 4, 'D_layer_units_exponent_4': 8, 'D_layer_units_exponent_5': 7, 'D_dagger_layers': 4, 'D_dagger_layer_units_exponent_0': 8, 'D_dagger_layer_units_exponent_1': 10, 'D_dagger_layer_units_exponent_2': 6, 'D_dagger_layer_units_exponent_3': 8, 'log_learning_rate': -3.945876452155509, 'log_learning_rate_D': -3.164936996807573, 'log_learning_rate_D_dagger': -2.923652273507796, 'training_batch_size': 8, 'training_p': 4}
	 epoch  0 training error:  tensor(0.9505, device='cuda:0', grad_fn=<DivBackward0>)
Memory status after this epoch: 
Memory allocated:  463.87548828125
Memory cached:  788.0
	 epoch  10 training error:  tensor(0.4488, device='cuda:0', grad_fn=<DivBackward0>)
Memory status after this epoch: 
Memory allocated:  463.87548828125
Memory cached:  800.0
	 epoch  20 training error:  tensor(0.4356, device='cuda:0', grad_fn=<DivBackward0>)
Memory status after this epoch: 
Memory allocated:  463.87548828125
Memory cached:  802.0
	 epoch  30 training error:  tensor(0.4194, device='cuda:0', grad_fn=<DivBackward0>)
Memory status after this epoch: 
Memory allocated:  463.87548828125
Memory cached:  806.0
	 epoch  40 training error:  tensor(0.4153, device='cuda:0', grad_fn=<DivBackward0>)
Memory status after this epoch: 
Memory allocated:  463.87548828125
Memory cached:  804.0
	 epoch  50 training error:  tensor(0.3800, device='cuda:0', grad_fn=<DivBackward0>)
Memory status after this epoch: 
Memory allocated:  463.87548828125
Memory cached:  794.0
	 epoch  60 training error:  tensor(0.3669, device='cuda:0', grad_fn=<DivBackward0>)
Memory status after this epoch: 
Memory allocated:  463.87548828125
Memory cached:  788.0
	 epoch  70 training error:  tensor(0.2870, device='cuda:0', grad_fn=<DivBackward0>)
Memory status after this epoch: 
Memory allocated:  463.87548828125
Memory cached:  800.0
	 epoch  80 training error:  tensor(0.3524, device='cuda:0', grad_fn=<DivBackward0>)
Memory status after this epoch: 
Memory allocated:  463.87548828125
Memory cached:  794.0
	 epoch  90 training error:  tensor(0.2373, device='cuda:0', grad_fn=<DivBackward0>)
Memory status after this epoch: 
Memory allocated:  463.87548828125
Memory cached:  800.0
[I 2024-01-12 17:48:15,157] Trial 15 finished with value: 0.17217709124088287 and parameters: {'W_layers': 4, 'W_layer_units_exponent_0': 8, 'W_layer_units_exponent_1': 10, 'W_layer_units_exponent_2': 8, 'W_layer_units_exponent_3': 6, 'D_layers': 6, 'D_layer_units_exponent_0': 9, 'D_layer_units_exponent_1': 10, 'D_layer_units_exponent_2': 5, 'D_layer_units_exponent_3': 4, 'D_layer_units_exponent_4': 8, 'D_layer_units_exponent_5': 7, 'D_dagger_layers': 4, 'D_dagger_layer_units_exponent_0': 8, 'D_dagger_layer_units_exponent_1': 10, 'D_dagger_layer_units_exponent_2': 6, 'D_dagger_layer_units_exponent_3': 8, 'log_learning_rate': -3.945876452155509, 'log_learning_rate_D': -3.164936996807573, 'log_learning_rate_D_dagger': -2.923652273507796, 'training_batch_size': 8, 'training_p': 4}. Best is trial 12 with value: 0.16188763082027435.
Time for this trial:  236.1055715084076
Memory status after this trial: 
Memory allocated:  995.9111328125
Memory cached:  1020.0
--------------------  Trial  16   --------------------
Start timing: 
Parameters: 
{'W_layers': 4, 'W_layer_units_exponent_0': 8, 'W_layer_units_exponent_1': 8, 'W_layer_units_exponent_2': 8, 'W_layer_units_exponent_3': 6, 'D_layers': 4, 'D_layer_units_exponent_0': 9, 'D_layer_units_exponent_1': 10, 'D_layer_units_exponent_2': 7, 'D_layer_units_exponent_3': 7, 'D_dagger_layers': 2, 'D_dagger_layer_units_exponent_0': 8, 'D_dagger_layer_units_exponent_1': 8, 'log_learning_rate': -3.907812375612143, 'log_learning_rate_D': -3.7797087869772112, 'log_learning_rate_D_dagger': -3.110590158699147, 'training_batch_size': 7, 'training_p': 4}
	 epoch  0 training error:  tensor(0.9049, device='cuda:0', grad_fn=<DivBackward0>)
Memory status after this epoch: 
Memory allocated:  454.72119140625
Memory cached:  770.0
	 epoch  10 training error:  tensor(0.4535, device='cuda:0', grad_fn=<DivBackward0>)
Memory status after this epoch: 
Memory allocated:  454.72119140625
Memory cached:  770.0
	 epoch  20 training error:  tensor(0.4283, device='cuda:0', grad_fn=<DivBackward0>)
Memory status after this epoch: 
Memory allocated:  454.72119140625
Memory cached:  770.0
	 epoch  30 training error:  tensor(0.4294, device='cuda:0', grad_fn=<DivBackward0>)
Memory status after this epoch: 
Memory allocated:  454.72119140625
Memory cached:  770.0
	 epoch  40 training error:  tensor(0.4292, device='cuda:0', grad_fn=<DivBackward0>)
Memory status after this epoch: 
Memory allocated:  454.72119140625
Memory cached:  770.0
	 epoch  50 training error:  tensor(0.4283, device='cuda:0', grad_fn=<DivBackward0>)
Memory status after this epoch: 
Memory allocated:  454.72119140625
Memory cached:  770.0
	 epoch  60 training error:  tensor(0.4240, device='cuda:0', grad_fn=<DivBackward0>)
Memory status after this epoch: 
Memory allocated:  454.72119140625
Memory cached:  770.0
	 epoch  70 training error:  tensor(0.4256, device='cuda:0', grad_fn=<DivBackward0>)
Memory status after this epoch: 
Memory allocated:  454.72119140625
Memory cached:  770.0
	 epoch  80 training error:  tensor(0.4245, device='cuda:0', grad_fn=<DivBackward0>)
Memory status after this epoch: 
Memory allocated:  454.72119140625
Memory cached:  770.0
	 epoch  90 training error:  tensor(0.4145, device='cuda:0', grad_fn=<DivBackward0>)
Memory status after this epoch: 
Memory allocated:  454.72119140625
Memory cached:  770.0
[I 2024-01-12 17:53:01,964] Trial 16 finished with value: 0.3413488566875458 and parameters: {'W_layers': 4, 'W_layer_units_exponent_0': 8, 'W_layer_units_exponent_1': 8, 'W_layer_units_exponent_2': 8, 'W_layer_units_exponent_3': 6, 'D_layers': 4, 'D_layer_units_exponent_0': 9, 'D_layer_units_exponent_1': 10, 'D_layer_units_exponent_2': 7, 'D_layer_units_exponent_3': 7, 'D_dagger_layers': 2, 'D_dagger_layer_units_exponent_0': 8, 'D_dagger_layer_units_exponent_1': 8, 'log_learning_rate': -3.907812375612143, 'log_learning_rate_D': -3.7797087869772112, 'log_learning_rate_D_dagger': -3.110590158699147, 'training_batch_size': 7, 'training_p': 4}. Best is trial 12 with value: 0.16188763082027435.
Time for this trial:  286.4667925834656
Memory status after this trial: 
Memory allocated:  774.50537109375
Memory cached:  796.0
--------------------  Trial  17   --------------------
Start timing: 
Parameters: 
{'W_layers': 4, 'W_layer_units_exponent_0': 8, 'W_layer_units_exponent_1': 7, 'W_layer_units_exponent_2': 8, 'W_layer_units_exponent_3': 4, 'D_layers': 2, 'D_layer_units_exponent_0': 9, 'D_layer_units_exponent_1': 9, 'D_dagger_layers': 8, 'D_dagger_layer_units_exponent_0': 8, 'D_dagger_layer_units_exponent_1': 7, 'D_dagger_layer_units_exponent_2': 5, 'D_dagger_layer_units_exponent_3': 8, 'D_dagger_layer_units_exponent_4': 10, 'D_dagger_layer_units_exponent_5': 4, 'D_dagger_layer_units_exponent_6': 10, 'D_dagger_layer_units_exponent_7': 5, 'log_learning_rate': -4.9365616295629895, 'log_learning_rate_D': -2.9996167787625456, 'log_learning_rate_D_dagger': -2.025454209524894, 'training_batch_size': 8, 'training_p': 4}
	 epoch  0 training error:  tensor(0.9882, device='cuda:0', grad_fn=<DivBackward0>)
Memory status after this epoch: 
Memory allocated:  452.04931640625
Memory cached:  756.0
	 epoch  10 training error:  tensor(0.5725, device='cuda:0', grad_fn=<DivBackward0>)
Memory status after this epoch: 
Memory allocated:  452.04931640625
Memory cached:  758.0
	 epoch  20 training error:  tensor(0.4775, device='cuda:0', grad_fn=<DivBackward0>)
Memory status after this epoch: 
Memory allocated:  452.04931640625
Memory cached:  766.0
	 epoch  30 training error:  tensor(0.4879, device='cuda:0', grad_fn=<DivBackward0>)
Memory status after this epoch: 
Memory allocated:  452.04931640625
Memory cached:  766.0
	 epoch  40 training error:  tensor(0.4346, device='cuda:0', grad_fn=<DivBackward0>)
Memory status after this epoch: 
Memory allocated:  452.04931640625
Memory cached:  772.0
	 epoch  50 training error:  tensor(0.4336, device='cuda:0', grad_fn=<DivBackward0>)
Memory status after this epoch: 
Memory allocated:  452.04931640625
Memory cached:  764.0
	 epoch  60 training error:  tensor(0.4657, device='cuda:0', grad_fn=<DivBackward0>)
Memory status after this epoch: 
Memory allocated:  452.04931640625
Memory cached:  768.0
	 epoch  70 training error:  tensor(0.4583, device='cuda:0', grad_fn=<DivBackward0>)
Memory status after this epoch: 
Memory allocated:  452.04931640625
Memory cached:  766.0
	 epoch  80 training error:  tensor(0.4493, device='cuda:0', grad_fn=<DivBackward0>)
Memory status after this epoch: 
Memory allocated:  452.04931640625
Memory cached:  762.0
	 epoch  90 training error:  tensor(0.4219, device='cuda:0', grad_fn=<DivBackward0>)
Memory status after this epoch: 
Memory allocated:  452.04931640625
Memory cached:  760.0
