[I 2024-01-12 17:56:45,251] Trial 17 finished with value: 0.3027317225933075 and parameters: {'W_layers': 4, 'W_layer_units_exponent_0': 8, 'W_layer_units_exponent_1': 7, 'W_layer_units_exponent_2': 8, 'W_layer_units_exponent_3': 4, 'D_layers': 2, 'D_layer_units_exponent_0': 9, 'D_layer_units_exponent_1': 9, 'D_dagger_layers': 8, 'D_dagger_layer_units_exponent_0': 8, 'D_dagger_layer_units_exponent_1': 7, 'D_dagger_layer_units_exponent_2': 5, 'D_dagger_layer_units_exponent_3': 8, 'D_dagger_layer_units_exponent_4': 10, 'D_dagger_layer_units_exponent_5': 4, 'D_dagger_layer_units_exponent_6': 10, 'D_dagger_layer_units_exponent_7': 5, 'log_learning_rate': -4.9365616295629895, 'log_learning_rate_D': -2.9996167787625456, 'log_learning_rate_D_dagger': -2.025454209524894, 'training_batch_size': 8, 'training_p': 4}. Best is trial 12 with value: 0.16188763082027435.
Time for this trial:  222.95840644836426
Memory status after this trial: 
Memory allocated:  912.45166015625
Memory cached:  920.0
--------------------  Trial  18   --------------------
Start timing: 
Parameters: 
{'W_layers': 6, 'W_layer_units_exponent_0': 8, 'W_layer_units_exponent_1': 10, 'W_layer_units_exponent_2': 7, 'W_layer_units_exponent_3': 7, 'W_layer_units_exponent_4': 10, 'W_layer_units_exponent_5': 9, 'D_layers': 6, 'D_layer_units_exponent_0': 8, 'D_layer_units_exponent_1': 10, 'D_layer_units_exponent_2': 5, 'D_layer_units_exponent_3': 5, 'D_layer_units_exponent_4': 8, 'D_layer_units_exponent_5': 7, 'D_dagger_layers': 4, 'D_dagger_layer_units_exponent_0': 6, 'D_dagger_layer_units_exponent_1': 10, 'D_dagger_layer_units_exponent_2': 6, 'D_dagger_layer_units_exponent_3': 9, 'log_learning_rate': -4.563071493918343, 'log_learning_rate_D': -2.9196827137385397, 'log_learning_rate_D_dagger': -2.910371096582881, 'training_batch_size': 12, 'training_p': 6}
	 epoch  0 training error:  tensor(1.0004, device='cuda:0', grad_fn=<DivBackward0>)
Memory status after this epoch: 
Memory allocated:  465.21533203125
Memory cached:  780.0
	 epoch  10 training error:  tensor(0.5250, device='cuda:0', grad_fn=<DivBackward0>)
Memory status after this epoch: 
Memory allocated:  465.21533203125
Memory cached:  786.0
	 epoch  20 training error:  tensor(0.5133, device='cuda:0', grad_fn=<DivBackward0>)
Memory status after this epoch: 
Memory allocated:  465.21533203125
Memory cached:  790.0
	 epoch  30 training error:  tensor(0.5037, device='cuda:0', grad_fn=<DivBackward0>)
Memory status after this epoch: 
Memory allocated:  465.21533203125
Memory cached:  784.0
	 epoch  40 training error:  tensor(0.5119, device='cuda:0', grad_fn=<DivBackward0>)
Memory status after this epoch: 
Memory allocated:  465.21533203125
Memory cached:  788.0
	 epoch  50 training error:  tensor(0.5007, device='cuda:0', grad_fn=<DivBackward0>)
Memory status after this epoch: 
Memory allocated:  465.21533203125
Memory cached:  788.0
	 epoch  60 training error:  tensor(0.4971, device='cuda:0', grad_fn=<DivBackward0>)
Memory status after this epoch: 
Memory allocated:  465.21533203125
Memory cached:  782.0
	 epoch  70 training error:  tensor(0.5001, device='cuda:0', grad_fn=<DivBackward0>)
Memory status after this epoch: 
Memory allocated:  465.21533203125
Memory cached:  786.0
	 epoch  80 training error:  tensor(0.4952, device='cuda:0', grad_fn=<DivBackward0>)
Memory status after this epoch: 
Memory allocated:  465.21533203125
Memory cached:  784.0
	 epoch  90 training error:  tensor(0.5007, device='cuda:0', grad_fn=<DivBackward0>)
Memory status after this epoch: 
Memory allocated:  465.21533203125
Memory cached:  788.0
[I 2024-01-12 18:01:15,448] Trial 18 finished with value: 0.4173854887485504 and parameters: {'W_layers': 6, 'W_layer_units_exponent_0': 8, 'W_layer_units_exponent_1': 10, 'W_layer_units_exponent_2': 7, 'W_layer_units_exponent_3': 7, 'W_layer_units_exponent_4': 10, 'W_layer_units_exponent_5': 9, 'D_layers': 6, 'D_layer_units_exponent_0': 8, 'D_layer_units_exponent_1': 10, 'D_layer_units_exponent_2': 5, 'D_layer_units_exponent_3': 5, 'D_layer_units_exponent_4': 8, 'D_layer_units_exponent_5': 7, 'D_dagger_layers': 4, 'D_dagger_layer_units_exponent_0': 6, 'D_dagger_layer_units_exponent_1': 10, 'D_dagger_layer_units_exponent_2': 6, 'D_dagger_layer_units_exponent_3': 9, 'log_learning_rate': -4.563071493918343, 'log_learning_rate_D': -2.9196827137385397, 'log_learning_rate_D_dagger': -2.910371096582881, 'training_batch_size': 12, 'training_p': 6}. Best is trial 12 with value: 0.16188763082027435.
Time for this trial:  269.8222990036011
Memory status after this trial: 
Memory allocated:  1124.52294921875
Memory cached:  1152.0
--------------------  Trial  19   --------------------
Start timing: 
Parameters: 
{'W_layers': 6, 'W_layer_units_exponent_0': 6, 'W_layer_units_exponent_1': 7, 'W_layer_units_exponent_2': 5, 'W_layer_units_exponent_3': 5, 'W_layer_units_exponent_4': 7, 'W_layer_units_exponent_5': 10, 'D_layers': 4, 'D_layer_units_exponent_0': 9, 'D_layer_units_exponent_1': 4, 'D_layer_units_exponent_2': 7, 'D_layer_units_exponent_3': 7, 'D_dagger_layers': 6, 'D_dagger_layer_units_exponent_0': 9, 'D_dagger_layer_units_exponent_1': 9, 'D_dagger_layer_units_exponent_2': 4, 'D_dagger_layer_units_exponent_3': 8, 'D_dagger_layer_units_exponent_4': 6, 'D_dagger_layer_units_exponent_5': 6, 'log_learning_rate': -3.6289712783895656, 'log_learning_rate_D': -3.8281065850064375, 'log_learning_rate_D_dagger': -2.1302245283995482, 'training_batch_size': 7, 'training_p': 3}
	 epoch  0 training error:  tensor(0.9464, device='cuda:0', grad_fn=<DivBackward0>)
Memory status after this epoch: 
Memory allocated:  448.42626953125
Memory cached:  752.0
	 epoch  10 training error:  tensor(0.4010, device='cuda:0', grad_fn=<DivBackward0>)
Memory status after this epoch: 
Memory allocated:  448.42626953125
Memory cached:  768.0
	 epoch  20 training error:  tensor(0.4079, device='cuda:0', grad_fn=<DivBackward0>)
Memory status after this epoch: 
Memory allocated:  448.42626953125
Memory cached:  772.0
	 epoch  30 training error:  tensor(0.4085, device='cuda:0', grad_fn=<DivBackward0>)
Memory status after this epoch: 
Memory allocated:  448.42626953125
Memory cached:  774.0
	 epoch  40 training error:  tensor(0.3929, device='cuda:0', grad_fn=<DivBackward0>)
Memory status after this epoch: 
Memory allocated:  448.42626953125
Memory cached:  766.0
	 epoch  50 training error:  tensor(0.3709, device='cuda:0', grad_fn=<DivBackward0>)
Memory status after this epoch: 
Memory allocated:  448.42626953125
Memory cached:  774.0
	 epoch  60 training error:  tensor(0.3672, device='cuda:0', grad_fn=<DivBackward0>)
Memory status after this epoch: 
Memory allocated:  448.42626953125
Memory cached:  774.0
	 epoch  70 training error:  tensor(0.3654, device='cuda:0', grad_fn=<DivBackward0>)
Memory status after this epoch: 
Memory allocated:  448.42626953125
Memory cached:  766.0
	 epoch  80 training error:  tensor(0.3598, device='cuda:0', grad_fn=<DivBackward0>)
Memory status after this epoch: 
Memory allocated:  448.42626953125
Memory cached:  766.0
	 epoch  90 training error:  tensor(0.3550, device='cuda:0', grad_fn=<DivBackward0>)
Memory status after this epoch: 
Memory allocated:  448.42626953125
Memory cached:  772.0
[I 2024-01-12 18:07:31,385] Trial 19 finished with value: 0.25920096039772034 and parameters: {'W_layers': 6, 'W_layer_units_exponent_0': 6, 'W_layer_units_exponent_1': 7, 'W_layer_units_exponent_2': 5, 'W_layer_units_exponent_3': 5, 'W_layer_units_exponent_4': 7, 'W_layer_units_exponent_5': 10, 'D_layers': 4, 'D_layer_units_exponent_0': 9, 'D_layer_units_exponent_1': 4, 'D_layer_units_exponent_2': 7, 'D_layer_units_exponent_3': 7, 'D_dagger_layers': 6, 'D_dagger_layer_units_exponent_0': 9, 'D_dagger_layer_units_exponent_1': 9, 'D_dagger_layer_units_exponent_2': 4, 'D_dagger_layer_units_exponent_3': 8, 'D_dagger_layer_units_exponent_4': 6, 'D_dagger_layer_units_exponent_5': 6, 'log_learning_rate': -3.6289712783895656, 'log_learning_rate_D': -3.8281065850064375, 'log_learning_rate_D_dagger': -2.1302245283995482, 'training_batch_size': 7, 'training_p': 3}. Best is trial 12 with value: 0.16188763082027435.
Time for this trial:  375.52803802490234
Memory status after this trial: 
Memory allocated:  811.9853515625
Memory cached:  818.0
--------------------  Trial  20   --------------------
Start timing: 
Parameters: 
{'W_layers': 4, 'W_layer_units_exponent_0': 10, 'W_layer_units_exponent_1': 8, 'W_layer_units_exponent_2': 10, 'W_layer_units_exponent_3': 7, 'D_layers': 5, 'D_layer_units_exponent_0': 10, 'D_layer_units_exponent_1': 9, 'D_layer_units_exponent_2': 5, 'D_layer_units_exponent_3': 4, 'D_layer_units_exponent_4': 8, 'D_dagger_layers': 3, 'D_dagger_layer_units_exponent_0': 6, 'D_dagger_layer_units_exponent_1': 7, 'D_dagger_layer_units_exponent_2': 5, 'log_learning_rate': -3.676158627428217, 'log_learning_rate_D': -4.255969291718973, 'log_learning_rate_D_dagger': -3.3111389091771954, 'training_batch_size': 6, 'training_p': 5}
	 epoch  0 training error:  tensor(0.7909, device='cuda:0', grad_fn=<DivBackward0>)
Memory status after this epoch: 
Memory allocated:  459.81787109375
Memory cached:  798.0
	 epoch  10 training error:  tensor(0.4848, device='cuda:0', grad_fn=<DivBackward0>)
Memory status after this epoch: 
Memory allocated:  459.81787109375
Memory cached:  808.0
	 epoch  20 training error:  tensor(0.4651, device='cuda:0', grad_fn=<DivBackward0>)
Memory status after this epoch: 
Memory allocated:  459.81787109375
Memory cached:  806.0
	 epoch  30 training error:  tensor(0.4645, device='cuda:0', grad_fn=<DivBackward0>)
Memory status after this epoch: 
Memory allocated:  459.81787109375
Memory cached:  810.0
	 epoch  40 training error:  tensor(0.4593, device='cuda:0', grad_fn=<DivBackward0>)
Memory status after this epoch: 
Memory allocated:  459.81787109375
Memory cached:  806.0
	 epoch  50 training error:  tensor(0.4497, device='cuda:0', grad_fn=<DivBackward0>)
Memory status after this epoch: 
Memory allocated:  459.81787109375
Memory cached:  808.0
	 epoch  60 training error:  tensor(0.4133, device='cuda:0', grad_fn=<DivBackward0>)
Memory status after this epoch: 
Memory allocated:  459.81787109375
Memory cached:  804.0
	 epoch  70 training error:  tensor(0.3944, device='cuda:0', grad_fn=<DivBackward0>)
Memory status after this epoch: 
Memory allocated:  459.81787109375
Memory cached:  808.0
	 epoch  80 training error:  tensor(0.3784, device='cuda:0', grad_fn=<DivBackward0>)
Memory status after this epoch: 
Memory allocated:  459.81787109375
Memory cached:  808.0
	 epoch  90 training error:  tensor(0.3526, device='cuda:0', grad_fn=<DivBackward0>)
Memory status after this epoch: 
Memory allocated:  459.81787109375
Memory cached:  804.0
[I 2024-01-12 18:14:54,473] Trial 20 finished with value: 0.23003064095973969 and parameters: {'W_layers': 4, 'W_layer_units_exponent_0': 10, 'W_layer_units_exponent_1': 8, 'W_layer_units_exponent_2': 10, 'W_layer_units_exponent_3': 7, 'D_layers': 5, 'D_layer_units_exponent_0': 10, 'D_layer_units_exponent_1': 9, 'D_layer_units_exponent_2': 5, 'D_layer_units_exponent_3': 4, 'D_layer_units_exponent_4': 8, 'D_dagger_layers': 3, 'D_dagger_layer_units_exponent_0': 6, 'D_dagger_layer_units_exponent_1': 7, 'D_dagger_layer_units_exponent_2': 5, 'log_learning_rate': -3.676158627428217, 'log_learning_rate_D': -4.255969291718973, 'log_learning_rate_D_dagger': -3.3111389091771954, 'training_batch_size': 6, 'training_p': 5}. Best is trial 12 with value: 0.16188763082027435.
Time for this trial:  442.7040956020355
Memory status after this trial: 
Memory allocated:  922.798828125
Memory cached:  946.0
--------------------  Trial  21   --------------------
Start timing: 
Parameters: 
{'W_layers': 4, 'W_layer_units_exponent_0': 10, 'W_layer_units_exponent_1': 9, 'W_layer_units_exponent_2': 10, 'W_layer_units_exponent_3': 7, 'D_layers': 5, 'D_layer_units_exponent_0': 10, 'D_layer_units_exponent_1': 9, 'D_layer_units_exponent_2': 5, 'D_layer_units_exponent_3': 4, 'D_layer_units_exponent_4': 8, 'D_dagger_layers': 3, 'D_dagger_layer_units_exponent_0': 6, 'D_dagger_layer_units_exponent_1': 7, 'D_dagger_layer_units_exponent_2': 5, 'log_learning_rate': -3.8459901318177825, 'log_learning_rate_D': -4.950080584347662, 'log_learning_rate_D_dagger': -3.4172029374813926, 'training_batch_size': 6, 'training_p': 5}
	 epoch  0 training error:  tensor(0.8175, device='cuda:0', grad_fn=<DivBackward0>)
Memory status after this epoch: 
Memory allocated:  467.82177734375
Memory cached:  816.0
	 epoch  10 training error:  tensor(0.5084, device='cuda:0', grad_fn=<DivBackward0>)
Memory status after this epoch: 
Memory allocated:  467.82177734375
Memory cached:  828.0
	 epoch  20 training error:  tensor(0.4785, device='cuda:0', grad_fn=<DivBackward0>)
Memory status after this epoch: 
Memory allocated:  467.82177734375
Memory cached:  828.0
	 epoch  30 training error:  tensor(0.4739, device='cuda:0', grad_fn=<DivBackward0>)
Memory status after this epoch: 
Memory allocated:  467.82177734375
Memory cached:  830.0
	 epoch  40 training error:  tensor(0.4700, device='cuda:0', grad_fn=<DivBackward0>)
Memory status after this epoch: 
Memory allocated:  467.82177734375
Memory cached:  826.0
	 epoch  50 training error:  tensor(0.4698, device='cuda:0', grad_fn=<DivBackward0>)
Memory status after this epoch: 
Memory allocated:  467.82177734375
Memory cached:  828.0
	 epoch  60 training error:  tensor(0.4672, device='cuda:0', grad_fn=<DivBackward0>)
Memory status after this epoch: 
Memory allocated:  467.82177734375
Memory cached:  824.0
	 epoch  70 training error:  tensor(0.4672, device='cuda:0', grad_fn=<DivBackward0>)
Memory status after this epoch: 
Memory allocated:  467.82177734375
Memory cached:  830.0
	 epoch  80 training error:  tensor(0.4678, device='cuda:0', grad_fn=<DivBackward0>)
Memory status after this epoch: 
Memory allocated:  467.82177734375
Memory cached:  830.0
	 epoch  90 training error:  tensor(0.4669, device='cuda:0', grad_fn=<DivBackward0>)
Memory status after this epoch: 
Memory allocated:  467.82177734375
Memory cached:  830.0
[I 2024-01-12 18:22:23,742] Trial 21 finished with value: 0.352336585521698 and parameters: {'W_layers': 4, 'W_layer_units_exponent_0': 10, 'W_layer_units_exponent_1': 9, 'W_layer_units_exponent_2': 10, 'W_layer_units_exponent_3': 7, 'D_layers': 5, 'D_layer_units_exponent_0': 10, 'D_layer_units_exponent_1': 9, 'D_layer_units_exponent_2': 5, 'D_layer_units_exponent_3': 4, 'D_layer_units_exponent_4': 8, 'D_dagger_layers': 3, 'D_dagger_layer_units_exponent_0': 6, 'D_dagger_layer_units_exponent_1': 7, 'D_dagger_layer_units_exponent_2': 5, 'log_learning_rate': -3.8459901318177825, 'log_learning_rate_D': -4.950080584347662, 'log_learning_rate_D_dagger': -3.4172029374813926, 'training_batch_size': 6, 'training_p': 5}. Best is trial 12 with value: 0.16188763082027435.
Time for this trial:  448.87738609313965
Memory status after this trial: 
Memory allocated:  954.14453125
Memory cached:  964.0
--------------------  Trial  22   --------------------
Start timing: 
Parameters: 
{'W_layers': 3, 'W_layer_units_exponent_0': 9, 'W_layer_units_exponent_1': 8, 'W_layer_units_exponent_2': 9, 'D_layers': 5, 'D_layer_units_exponent_0': 10, 'D_layer_units_exponent_1': 10, 'D_layer_units_exponent_2': 6, 'D_layer_units_exponent_3': 5, 'D_layer_units_exponent_4': 9, 'D_dagger_layers': 2, 'D_dagger_layer_units_exponent_0': 6, 'D_dagger_layer_units_exponent_1': 8, 'log_learning_rate': -3.687742843037236, 'log_learning_rate_D': -4.266077709851486, 'log_learning_rate_D_dagger': -2.8103933503924567, 'training_batch_size': 6, 'training_p': 6}
	 epoch  0 training error:  tensor(0.7312, device='cuda:0', grad_fn=<DivBackward0>)
Memory status after this epoch: 
Memory allocated:  462.83935546875
Memory cached:  780.0
	 epoch  10 training error:  tensor(0.5142, device='cuda:0', grad_fn=<DivBackward0>)
Memory status after this epoch: 
Memory allocated:  462.83935546875
Memory cached:  822.0
	 epoch  20 training error:  tensor(0.5235, device='cuda:0', grad_fn=<DivBackward0>)
Memory status after this epoch: 
Memory allocated:  462.83935546875
Memory cached:  814.0
	 epoch  30 training error:  tensor(0.4968, device='cuda:0', grad_fn=<DivBackward0>)
Memory status after this epoch: 
Memory allocated:  462.83935546875
Memory cached:  834.0
	 epoch  40 training error:  tensor(0.5021, device='cuda:0', grad_fn=<DivBackward0>)
Memory status after this epoch: 
Memory allocated:  462.83935546875
Memory cached:  826.0
	 epoch  50 training error:  tensor(0.4964, device='cuda:0', grad_fn=<DivBackward0>)
Memory status after this epoch: 
Memory allocated:  462.83935546875
Memory cached:  814.0
	 epoch  60 training error:  tensor(0.4900, device='cuda:0', grad_fn=<DivBackward0>)
Memory status after this epoch: 
Memory allocated:  462.83935546875
Memory cached:  820.0
	 epoch  70 training error:  tensor(0.4664, device='cuda:0', grad_fn=<DivBackward0>)
Memory status after this epoch: 
Memory allocated:  462.83935546875
Memory cached:  820.0
	 epoch  80 training error:  tensor(0.4322, device='cuda:0', grad_fn=<DivBackward0>)
Memory status after this epoch: 
Memory allocated:  462.83935546875
Memory cached:  820.0
	 epoch  90 training error:  tensor(0.3989, device='cuda:0', grad_fn=<DivBackward0>)
Memory status after this epoch: 
Memory allocated:  462.83935546875
Memory cached:  820.0
[I 2024-01-12 18:28:59,002] Trial 22 finished with value: 0.2873069941997528 and parameters: {'W_layers': 3, 'W_layer_units_exponent_0': 9, 'W_layer_units_exponent_1': 8, 'W_layer_units_exponent_2': 9, 'D_layers': 5, 'D_layer_units_exponent_0': 10, 'D_layer_units_exponent_1': 10, 'D_layer_units_exponent_2': 6, 'D_layer_units_exponent_3': 5, 'D_layer_units_exponent_4': 9, 'D_dagger_layers': 2, 'D_dagger_layer_units_exponent_0': 6, 'D_dagger_layer_units_exponent_1': 8, 'log_learning_rate': -3.687742843037236, 'log_learning_rate_D': -4.266077709851486, 'log_learning_rate_D_dagger': -2.8103933503924567, 'training_batch_size': 6, 'training_p': 6}. Best is trial 12 with value: 0.16188763082027435.
Time for this trial:  394.89488530158997
Memory status after this trial: 
Memory allocated:  884.65869140625
Memory cached:  902.0
--------------------  Trial  23   --------------------
Start timing: 
Parameters: 
{'W_layers': 5, 'W_layer_units_exponent_0': 10, 'W_layer_units_exponent_1': 10, 'W_layer_units_exponent_2': 9, 'W_layer_units_exponent_3': 6, 'W_layer_units_exponent_4': 6, 'D_layers': 6, 'D_layer_units_exponent_0': 9, 'D_layer_units_exponent_1': 9, 'D_layer_units_exponent_2': 5, 'D_layer_units_exponent_3': 4, 'D_layer_units_exponent_4': 8, 'D_layer_units_exponent_5': 6, 'D_dagger_layers': 4, 'D_dagger_layer_units_exponent_0': 7, 'D_dagger_layer_units_exponent_1': 7, 'D_dagger_layer_units_exponent_2': 6, 'D_dagger_layer_units_exponent_3': 9, 'log_learning_rate': -4.271972503863489, 'log_learning_rate_D': -3.7975151716547715, 'log_learning_rate_D_dagger': -3.2715792826359813, 'training_batch_size': 8, 'training_p': 4}
	 epoch  0 training error:  tensor(0.9366, device='cuda:0', grad_fn=<DivBackward0>)
Memory status after this epoch: 
Memory allocated:  471.32275390625
Memory cached:  806.0
	 epoch  10 training error:  tensor(0.4683, device='cuda:0', grad_fn=<DivBackward0>)
Memory status after this epoch: 
Memory allocated:  471.32275390625
Memory cached:  838.0
	 epoch  20 training error:  tensor(0.4510, device='cuda:0', grad_fn=<DivBackward0>)
Memory status after this epoch: 
Memory allocated:  471.32275390625
Memory cached:  846.0
	 epoch  30 training error:  tensor(0.4330, device='cuda:0', grad_fn=<DivBackward0>)
Memory status after this epoch: 
Memory allocated:  471.32275390625
Memory cached:  846.0
	 epoch  40 training error:  tensor(0.4306, device='cuda:0', grad_fn=<DivBackward0>)
Memory status after this epoch: 
Memory allocated:  471.32275390625
Memory cached:  846.0
	 epoch  50 training error:  tensor(0.4286, device='cuda:0', grad_fn=<DivBackward0>)
Memory status after this epoch: 
Memory allocated:  471.32275390625
Memory cached:  848.0
	 epoch  60 training error:  tensor(0.4274, device='cuda:0', grad_fn=<DivBackward0>)
Memory status after this epoch: 
Memory allocated:  471.32275390625
Memory cached:  850.0
	 epoch  70 training error:  tensor(0.4297, device='cuda:0', grad_fn=<DivBackward0>)
Memory status after this epoch: 
Memory allocated:  471.32275390625
Memory cached:  842.0
	 epoch  80 training error:  tensor(0.4266, device='cuda:0', grad_fn=<DivBackward0>)
Memory status after this epoch: 
Memory allocated:  471.32275390625
Memory cached:  848.0
	 epoch  90 training error:  tensor(0.4262, device='cuda:0', grad_fn=<DivBackward0>)
Memory status after this epoch: 
Memory allocated:  471.32275390625
Memory cached:  850.0
