[I 2023-12-02 23:47:10,003] Trial 46 finished with value: 0.03887622430920601 and parameters: {'W_layers': 6, 'W_layer_units_exponent_0': 5, 'W_layer_units_exponent_1': 10, 'W_layer_units_exponent_2': 6, 'W_layer_units_exponent_3': 9, 'W_layer_units_exponent_4': 7, 'W_layer_units_exponent_5': 5, 'D_layers': 6, 'D_layer_units_exponent_0': 10, 'D_layer_units_exponent_1': 5, 'D_layer_units_exponent_2': 10, 'D_layer_units_exponent_3': 9, 'D_layer_units_exponent_4': 7, 'D_layer_units_exponent_5': 10, 'log_learning_rate': -2.805105036031069, 'log_learning_rate_D': -3.2218768701407092, 'training_batch_size': 10, 'training_p': 5}. Best is trial 35 with value: 0.03246564790606499.
Time for this trial:  63.45071005821228
Memory status after this trial: 
Memory allocated:  220.3837890625
Memory cached:  242.0
--------------------  Trial  47   --------------------
Start timing: 
Parameters: 
{'W_layers': 8, 'W_layer_units_exponent_0': 6, 'W_layer_units_exponent_1': 9, 'W_layer_units_exponent_2': 7, 'W_layer_units_exponent_3': 8, 'W_layer_units_exponent_4': 6, 'W_layer_units_exponent_5': 7, 'W_layer_units_exponent_6': 8, 'W_layer_units_exponent_7': 9, 'D_layers': 5, 'D_layer_units_exponent_0': 9, 'D_layer_units_exponent_1': 6, 'D_layer_units_exponent_2': 9, 'D_layer_units_exponent_3': 10, 'D_layer_units_exponent_4': 6, 'log_learning_rate': -3.1046450566006074, 'log_learning_rate_D': -3.5322901799654387, 'training_batch_size': 9, 'training_p': 6}
	 epoch  0 training error:  tensor(0.7277, device='cuda:0', grad_fn=<DivBackward0>)
Memory status after this epoch: 
Memory allocated:  101.8037109375
Memory cached:  172.0
	 epoch  10 training error:  tensor(0.1917, device='cuda:0', grad_fn=<DivBackward0>)
Memory status after this epoch: 
Memory allocated:  101.8037109375
Memory cached:  174.0
	 epoch  20 training error:  tensor(0.1036, device='cuda:0', grad_fn=<DivBackward0>)
Memory status after this epoch: 
Memory allocated:  101.8037109375
Memory cached:  174.0
	 epoch  30 training error:  tensor(0.0711, device='cuda:0', grad_fn=<DivBackward0>)
Memory status after this epoch: 
Memory allocated:  101.8037109375
Memory cached:  174.0
	 epoch  40 training error:  tensor(0.0723, device='cuda:0', grad_fn=<DivBackward0>)
Memory status after this epoch: 
Memory allocated:  101.8037109375
Memory cached:  174.0
	 epoch  50 training error:  tensor(0.0517, device='cuda:0', grad_fn=<DivBackward0>)
Memory status after this epoch: 
Memory allocated:  101.8037109375
Memory cached:  174.0
	 epoch  60 training error:  tensor(0.0480, device='cuda:0', grad_fn=<DivBackward0>)
Memory status after this epoch: 
Memory allocated:  101.8037109375
Memory cached:  174.0
	 epoch  70 training error:  tensor(0.0495, device='cuda:0', grad_fn=<DivBackward0>)
Memory status after this epoch: 
Memory allocated:  101.8037109375
Memory cached:  174.0
	 epoch  80 training error:  tensor(0.0486, device='cuda:0', grad_fn=<DivBackward0>)
Memory status after this epoch: 
Memory allocated:  101.8037109375
Memory cached:  174.0
	 epoch  90 training error:  tensor(0.0417, device='cuda:0', grad_fn=<DivBackward0>)
Memory status after this epoch: 
Memory allocated:  101.8037109375
Memory cached:  174.0
[I 2023-12-02 23:48:11,999] Trial 47 finished with value: 0.03822269290685654 and parameters: {'W_layers': 8, 'W_layer_units_exponent_0': 6, 'W_layer_units_exponent_1': 9, 'W_layer_units_exponent_2': 7, 'W_layer_units_exponent_3': 8, 'W_layer_units_exponent_4': 6, 'W_layer_units_exponent_5': 7, 'W_layer_units_exponent_6': 8, 'W_layer_units_exponent_7': 9, 'D_layers': 5, 'D_layer_units_exponent_0': 9, 'D_layer_units_exponent_1': 6, 'D_layer_units_exponent_2': 9, 'D_layer_units_exponent_3': 10, 'D_layer_units_exponent_4': 6, 'log_learning_rate': -3.1046450566006074, 'log_learning_rate_D': -3.5322901799654387, 'training_batch_size': 9, 'training_p': 6}. Best is trial 35 with value: 0.03246564790606499.
Time for this trial:  61.77099132537842
Memory status after this trial: 
Memory allocated:  187.65185546875
Memory cached:  208.0
--------------------  Trial  48   --------------------
Start timing: 
Parameters: 
{'W_layers': 7, 'W_layer_units_exponent_0': 7, 'W_layer_units_exponent_1': 10, 'W_layer_units_exponent_2': 4, 'W_layer_units_exponent_3': 9, 'W_layer_units_exponent_4': 7, 'W_layer_units_exponent_5': 4, 'W_layer_units_exponent_6': 6, 'D_layers': 5, 'D_layer_units_exponent_0': 8, 'D_layer_units_exponent_1': 4, 'D_layer_units_exponent_2': 10, 'D_layer_units_exponent_3': 9, 'D_layer_units_exponent_4': 8, 'log_learning_rate': -2.7136138428647434, 'log_learning_rate_D': -4.044419180904578, 'training_batch_size': 9, 'training_p': 4}
	 epoch  0 training error:  tensor(1.2564, device='cuda:0', grad_fn=<DivBackward0>)
Memory status after this epoch: 
Memory allocated:  100.6513671875
Memory cached:  172.0
	 epoch  10 training error:  tensor(0.2004, device='cuda:0', grad_fn=<DivBackward0>)
Memory status after this epoch: 
Memory allocated:  100.6513671875
Memory cached:  172.0
	 epoch  20 training error:  tensor(0.1458, device='cuda:0', grad_fn=<DivBackward0>)
Memory status after this epoch: 
Memory allocated:  100.6513671875
Memory cached:  172.0
	 epoch  30 training error:  tensor(0.0830, device='cuda:0', grad_fn=<DivBackward0>)
Memory status after this epoch: 
Memory allocated:  100.6513671875
Memory cached:  172.0
	 epoch  40 training error:  tensor(0.0657, device='cuda:0', grad_fn=<DivBackward0>)
Memory status after this epoch: 
Memory allocated:  100.6513671875
Memory cached:  172.0
	 epoch  50 training error:  tensor(0.0449, device='cuda:0', grad_fn=<DivBackward0>)
Memory status after this epoch: 
Memory allocated:  100.6513671875
Memory cached:  172.0
	 epoch  60 training error:  tensor(0.0393, device='cuda:0', grad_fn=<DivBackward0>)
Memory status after this epoch: 
Memory allocated:  100.6513671875
Memory cached:  172.0
	 epoch  70 training error:  tensor(0.0315, device='cuda:0', grad_fn=<DivBackward0>)
Memory status after this epoch: 
Memory allocated:  100.6513671875
Memory cached:  172.0
	 epoch  80 training error:  tensor(0.0403, device='cuda:0', grad_fn=<DivBackward0>)
Memory status after this epoch: 
Memory allocated:  100.6513671875
Memory cached:  172.0
	 epoch  90 training error:  tensor(0.0366, device='cuda:0', grad_fn=<DivBackward0>)
Memory status after this epoch: 
Memory allocated:  100.6513671875
Memory cached:  172.0
[I 2023-12-02 23:49:11,187] Trial 48 finished with value: 0.054655373096466064 and parameters: {'W_layers': 7, 'W_layer_units_exponent_0': 7, 'W_layer_units_exponent_1': 10, 'W_layer_units_exponent_2': 4, 'W_layer_units_exponent_3': 9, 'W_layer_units_exponent_4': 7, 'W_layer_units_exponent_5': 4, 'W_layer_units_exponent_6': 6, 'D_layers': 5, 'D_layer_units_exponent_0': 8, 'D_layer_units_exponent_1': 4, 'D_layer_units_exponent_2': 10, 'D_layer_units_exponent_3': 9, 'D_layer_units_exponent_4': 8, 'log_learning_rate': -2.7136138428647434, 'log_learning_rate_D': -4.044419180904578, 'training_batch_size': 9, 'training_p': 4}. Best is trial 35 with value: 0.03246564790606499.
Time for this trial:  58.976924896240234
Memory status after this trial: 
Memory allocated:  184.0244140625
Memory cached:  204.0
--------------------  Trial  49   --------------------
Start timing: 
Parameters: 
{'W_layers': 8, 'W_layer_units_exponent_0': 7, 'W_layer_units_exponent_1': 9, 'W_layer_units_exponent_2': 6, 'W_layer_units_exponent_3': 6, 'W_layer_units_exponent_4': 5, 'W_layer_units_exponent_5': 6, 'W_layer_units_exponent_6': 7, 'W_layer_units_exponent_7': 6, 'D_layers': 7, 'D_layer_units_exponent_0': 9, 'D_layer_units_exponent_1': 7, 'D_layer_units_exponent_2': 6, 'D_layer_units_exponent_3': 10, 'D_layer_units_exponent_4': 6, 'D_layer_units_exponent_5': 9, 'D_layer_units_exponent_6': 6, 'log_learning_rate': -3.2112858250279355, 'log_learning_rate_D': -3.8208561625802098, 'training_batch_size': 8, 'training_p': 5}
	 epoch  0 training error:  tensor(0.3098, device='cuda:0', grad_fn=<DivBackward0>)
Memory status after this epoch: 
Memory allocated:  92.9208984375
Memory cached:  152.0
	 epoch  10 training error:  tensor(0.1058, device='cuda:0', grad_fn=<DivBackward0>)
Memory status after this epoch: 
Memory allocated:  92.9208984375
Memory cached:  152.0
	 epoch  20 training error:  tensor(0.0670, device='cuda:0', grad_fn=<DivBackward0>)
Memory status after this epoch: 
Memory allocated:  92.9208984375
Memory cached:  152.0
	 epoch  30 training error:  tensor(0.0604, device='cuda:0', grad_fn=<DivBackward0>)
Memory status after this epoch: 
Memory allocated:  92.9208984375
Memory cached:  152.0
	 epoch  40 training error:  tensor(0.0526, device='cuda:0', grad_fn=<DivBackward0>)
Memory status after this epoch: 
Memory allocated:  92.9208984375
Memory cached:  152.0
	 epoch  50 training error:  tensor(0.0465, device='cuda:0', grad_fn=<DivBackward0>)
Memory status after this epoch: 
Memory allocated:  92.9208984375
Memory cached:  152.0
	 epoch  60 training error:  tensor(0.0376, device='cuda:0', grad_fn=<DivBackward0>)
Memory status after this epoch: 
Memory allocated:  92.9208984375
Memory cached:  152.0
	 epoch  70 training error:  tensor(0.0440, device='cuda:0', grad_fn=<DivBackward0>)
Memory status after this epoch: 
Memory allocated:  92.9208984375
Memory cached:  152.0
	 epoch  80 training error:  tensor(0.0351, device='cuda:0', grad_fn=<DivBackward0>)
Memory status after this epoch: 
Memory allocated:  92.9208984375
Memory cached:  152.0
	 epoch  90 training error:  tensor(0.0336, device='cuda:0', grad_fn=<DivBackward0>)
Memory status after this epoch: 
Memory allocated:  92.9208984375
Memory cached:  152.0
[I 2023-12-02 23:50:13,906] Trial 49 finished with value: 0.029590148478746414 and parameters: {'W_layers': 8, 'W_layer_units_exponent_0': 7, 'W_layer_units_exponent_1': 9, 'W_layer_units_exponent_2': 6, 'W_layer_units_exponent_3': 6, 'W_layer_units_exponent_4': 5, 'W_layer_units_exponent_5': 6, 'W_layer_units_exponent_6': 7, 'W_layer_units_exponent_7': 6, 'D_layers': 7, 'D_layer_units_exponent_0': 9, 'D_layer_units_exponent_1': 7, 'D_layer_units_exponent_2': 6, 'D_layer_units_exponent_3': 10, 'D_layer_units_exponent_4': 6, 'D_layer_units_exponent_5': 9, 'D_layer_units_exponent_6': 6, 'log_learning_rate': -3.2112858250279355, 'log_learning_rate_D': -3.8208561625802098, 'training_batch_size': 8, 'training_p': 5}. Best is trial 49 with value: 0.029590148478746414.
[I 2023-12-02 23:50:13,920] A new study created in memory with name: no-name-14e89a5a-025e-4d88-90a8-a7bdc8d52c2a
res:  tensor(0.0296, device='cuda:0', grad_fn=<DivBackward0>)
self.bestValue:  tensor(0.0325, device='cuda:0', grad_fn=<DivBackward0>)
Save this model!
Time for this trial:  62.49329471588135
Memory status after this trial: 
Memory allocated:  81.00341796875
Memory cached:  170.0
--------------------  Trial  0   --------------------
Start timing: 
Parameters: 
{'W_layers': 2, 'W_layer_units_exponent_0': 5, 'W_layer_units_exponent_1': 9, 'D_layers': 6, 'D_layer_units_exponent_0': 6, 'D_layer_units_exponent_1': 6, 'D_layer_units_exponent_2': 10, 'D_layer_units_exponent_3': 6, 'D_layer_units_exponent_4': 9, 'D_layer_units_exponent_5': 7, 'log_learning_rate': -4.120597194648198, 'log_learning_rate_D': -4.991800019348508, 'training_batch_size': 6, 'training_p': 6}
	 epoch  0 training error:  tensor(0.5398, device='cuda:0', grad_fn=<DivBackward0>)
Memory status after this epoch: 
Memory allocated:  3.8896484375
Memory cached:  10.0
	 epoch  10 training error:  tensor(0.1964, device='cuda:0', grad_fn=<DivBackward0>)
Memory status after this epoch: 
Memory allocated:  3.8896484375
Memory cached:  10.0
	 epoch  20 training error:  tensor(0.1302, device='cuda:0', grad_fn=<DivBackward0>)
Memory status after this epoch: 
Memory allocated:  3.8896484375
Memory cached:  10.0
	 epoch  30 training error:  tensor(0.0777, device='cuda:0', grad_fn=<DivBackward0>)
Memory status after this epoch: 
Memory allocated:  3.8896484375
Memory cached:  10.0
	 epoch  40 training error:  tensor(0.0660, device='cuda:0', grad_fn=<DivBackward0>)
Memory status after this epoch: 
Memory allocated:  3.8896484375
Memory cached:  10.0
	 epoch  50 training error:  tensor(0.0647, device='cuda:0', grad_fn=<DivBackward0>)
Memory status after this epoch: 
Memory allocated:  3.8896484375
Memory cached:  10.0
	 epoch  60 training error:  tensor(0.0637, device='cuda:0', grad_fn=<DivBackward0>)
Memory status after this epoch: 
Memory allocated:  3.8896484375
Memory cached:  10.0
	 epoch  70 training error:  tensor(0.0627, device='cuda:0', grad_fn=<DivBackward0>)
Memory status after this epoch: 
Memory allocated:  3.8896484375
Memory cached:  10.0
	 epoch  80 training error:  tensor(0.0619, device='cuda:0', grad_fn=<DivBackward0>)
Memory status after this epoch: 
Memory allocated:  3.8896484375
Memory cached:  10.0
	 epoch  90 training error:  tensor(0.0610, device='cuda:0', grad_fn=<DivBackward0>)
Memory status after this epoch: 
Memory allocated:  3.8896484375
Memory cached:  10.0
[I 2023-12-02 23:51:23,437] Trial 0 finished with value: 0.05080590397119522 and parameters: {'W_layers': 2, 'W_layer_units_exponent_0': 5, 'W_layer_units_exponent_1': 9, 'D_layers': 6, 'D_layer_units_exponent_0': 6, 'D_layer_units_exponent_1': 6, 'D_layer_units_exponent_2': 10, 'D_layer_units_exponent_3': 6, 'D_layer_units_exponent_4': 9, 'D_layer_units_exponent_5': 7, 'log_learning_rate': -4.120597194648198, 'log_learning_rate_D': -4.991800019348508, 'training_batch_size': 6, 'training_p': 6}. Best is trial 0 with value: 0.05080590397119522.
res:  tensor(0.0508, device='cuda:0', grad_fn=<DivBackward0>)
self.bestValue:  10000000.0
Save this model!
Time for this trial:  69.40504455566406
Memory status after this trial: 
Memory allocated:  56.57080078125
Memory cached:  60.0
--------------------  Trial  1   --------------------
Start timing: 
Parameters: 
{'W_layers': 5, 'W_layer_units_exponent_0': 9, 'W_layer_units_exponent_1': 5, 'W_layer_units_exponent_2': 5, 'W_layer_units_exponent_3': 6, 'W_layer_units_exponent_4': 8, 'D_layers': 5, 'D_layer_units_exponent_0': 4, 'D_layer_units_exponent_1': 5, 'D_layer_units_exponent_2': 5, 'D_layer_units_exponent_3': 9, 'D_layer_units_exponent_4': 10, 'log_learning_rate': -1.8469754854622344, 'log_learning_rate_D': -1.4758532858754827, 'training_batch_size': 9, 'training_p': 5}
	 epoch  0 training error:  tensor(0.3489, device='cuda:0', grad_fn=<DivBackward0>)
Memory status after this epoch: 
Memory allocated:  65.587890625
Memory cached:  86.0
[W 2023-12-02 23:51:26,435] Trial 1 failed with parameters: {'W_layers': 5, 'W_layer_units_exponent_0': 9, 'W_layer_units_exponent_1': 5, 'W_layer_units_exponent_2': 5, 'W_layer_units_exponent_3': 6, 'W_layer_units_exponent_4': 8, 'D_layers': 5, 'D_layer_units_exponent_0': 4, 'D_layer_units_exponent_1': 5, 'D_layer_units_exponent_2': 5, 'D_layer_units_exponent_3': 9, 'D_layer_units_exponent_4': 10, 'log_learning_rate': -1.8469754854622344, 'log_learning_rate_D': -1.4758532858754827, 'training_batch_size': 9, 'training_p': 5} because of the following error: The value nan is not acceptable.
[W 2023-12-02 23:51:26,436] Trial 1 failed with value tensor(nan, device='cuda:0', grad_fn=<DivBackward0>).
Time for this trial:  2.8847482204437256
Memory status after this trial: 
Memory allocated:  118.3837890625
Memory cached:  136.0
--------------------  Trial  2   --------------------
Start timing: 
Parameters: 
{'W_layers': 8, 'W_layer_units_exponent_0': 5, 'W_layer_units_exponent_1': 4, 'W_layer_units_exponent_2': 7, 'W_layer_units_exponent_3': 10, 'W_layer_units_exponent_4': 10, 'W_layer_units_exponent_5': 7, 'W_layer_units_exponent_6': 6, 'W_layer_units_exponent_7': 5, 'D_layers': 7, 'D_layer_units_exponent_0': 6, 'D_layer_units_exponent_1': 4, 'D_layer_units_exponent_2': 9, 'D_layer_units_exponent_3': 4, 'D_layer_units_exponent_4': 4, 'D_layer_units_exponent_5': 6, 'D_layer_units_exponent_6': 8, 'log_learning_rate': -1.0976184932280408, 'log_learning_rate_D': -3.313099838726016, 'training_batch_size': 9, 'training_p': 7}
	 epoch  0 training error:  tensor(0.1731, device='cuda:0', grad_fn=<DivBackward0>)
Memory status after this epoch: 
Memory allocated:  77.427734375
Memory cached:  84.0
	 epoch  10 training error:  tensor(84721.8047, device='cuda:0', grad_fn=<DivBackward0>)
Memory status after this epoch: 
Memory allocated:  77.427734375
Memory cached:  86.0
	 epoch  20 training error:  tensor(2.0869, device='cuda:0', grad_fn=<DivBackward0>)
Memory status after this epoch: 
Memory allocated:  77.427734375
Memory cached:  86.0
	 epoch  30 training error:  tensor(1.0903, device='cuda:0', grad_fn=<DivBackward0>)
Memory status after this epoch: 
Memory allocated:  77.427734375
Memory cached:  86.0
	 epoch  40 training error:  tensor(0.5486, device='cuda:0', grad_fn=<DivBackward0>)
Memory status after this epoch: 
Memory allocated:  77.427734375
Memory cached:  86.0
	 epoch  50 training error:  tensor(0.2929, device='cuda:0', grad_fn=<DivBackward0>)
Memory status after this epoch: 
Memory allocated:  77.427734375
Memory cached:  86.0
	 epoch  60 training error:  tensor(0.2193, device='cuda:0', grad_fn=<DivBackward0>)
Memory status after this epoch: 
Memory allocated:  77.427734375
Memory cached:  86.0
	 epoch  70 training error:  tensor(0.1731, device='cuda:0', grad_fn=<DivBackward0>)
Memory status after this epoch: 
Memory allocated:  77.427734375
Memory cached:  86.0
	 epoch  80 training error:  tensor(0.1557, device='cuda:0', grad_fn=<DivBackward0>)
Memory status after this epoch: 
Memory allocated:  77.427734375
Memory cached:  86.0
	 epoch  90 training error:  tensor(0.1496, device='cuda:0', grad_fn=<DivBackward0>)
Memory status after this epoch: 
Memory allocated:  77.427734375
Memory cached:  86.0
[I 2023-12-02 23:52:30,681] Trial 2 finished with value: 0.13276587426662445 and parameters: {'W_layers': 8, 'W_layer_units_exponent_0': 5, 'W_layer_units_exponent_1': 4, 'W_layer_units_exponent_2': 7, 'W_layer_units_exponent_3': 10, 'W_layer_units_exponent_4': 10, 'W_layer_units_exponent_5': 7, 'W_layer_units_exponent_6': 6, 'W_layer_units_exponent_7': 5, 'D_layers': 7, 'D_layer_units_exponent_0': 6, 'D_layer_units_exponent_1': 4, 'D_layer_units_exponent_2': 9, 'D_layer_units_exponent_3': 4, 'D_layer_units_exponent_4': 4, 'D_layer_units_exponent_5': 6, 'D_layer_units_exponent_6': 8, 'log_learning_rate': -1.0976184932280408, 'log_learning_rate_D': -3.313099838726016, 'training_batch_size': 9, 'training_p': 7}. Best is trial 0 with value: 0.05080590397119522.
Time for this trial:  64.12389707565308
Memory status after this trial: 
Memory allocated:  144.8173828125
Memory cached:  160.0
--------------------  Trial  3   --------------------
Start timing: 
Parameters: 
{'W_layers': 7, 'W_layer_units_exponent_0': 4, 'W_layer_units_exponent_1': 9, 'W_layer_units_exponent_2': 6, 'W_layer_units_exponent_3': 6, 'W_layer_units_exponent_4': 9, 'W_layer_units_exponent_5': 8, 'W_layer_units_exponent_6': 6, 'D_layers': 5, 'D_layer_units_exponent_0': 9, 'D_layer_units_exponent_1': 5, 'D_layer_units_exponent_2': 10, 'D_layer_units_exponent_3': 7, 'D_layer_units_exponent_4': 9, 'log_learning_rate': -4.982574324184075, 'log_learning_rate_D': -4.670966448811283, 'training_batch_size': 9, 'training_p': 3}
	 epoch  0 training error:  tensor(0.5378, device='cuda:0', grad_fn=<DivBackward0>)
Memory status after this epoch: 
Memory allocated:  63.9375
Memory cached:  68.0
	 epoch  10 training error:  tensor(0.3531, device='cuda:0', grad_fn=<DivBackward0>)
Memory status after this epoch: 
Memory allocated:  63.9375
Memory cached:  72.0
	 epoch  20 training error:  tensor(0.1739, device='cuda:0', grad_fn=<DivBackward0>)
Memory status after this epoch: 
Memory allocated:  63.9375
Memory cached:  72.0
	 epoch  30 training error:  tensor(0.0920, device='cuda:0', grad_fn=<DivBackward0>)
Memory status after this epoch: 
Memory allocated:  63.9375
Memory cached:  72.0
	 epoch  40 training error:  tensor(0.0995, device='cuda:0', grad_fn=<DivBackward0>)
Memory status after this epoch: 
Memory allocated:  63.9375
Memory cached:  72.0
	 epoch  50 training error:  tensor(0.0864, device='cuda:0', grad_fn=<DivBackward0>)
Memory status after this epoch: 
Memory allocated:  63.9375
Memory cached:  72.0
	 epoch  60 training error:  tensor(0.0784, device='cuda:0', grad_fn=<DivBackward0>)
Memory status after this epoch: 
Memory allocated:  63.9375
Memory cached:  72.0
	 epoch  70 training error:  tensor(0.0711, device='cuda:0', grad_fn=<DivBackward0>)
Memory status after this epoch: 
Memory allocated:  63.9375
Memory cached:  72.0
	 epoch  80 training error:  tensor(0.0634, device='cuda:0', grad_fn=<DivBackward0>)
Memory status after this epoch: 
Memory allocated:  63.9375
Memory cached:  72.0
	 epoch  90 training error:  tensor(0.0610, device='cuda:0', grad_fn=<DivBackward0>)
Memory status after this epoch: 
Memory allocated:  63.9375
Memory cached:  72.0
