[I 2023-12-03 02:42:44,732] Trial 12 finished with value: 0.052350711077451706 and parameters: {'W_layers': 5, 'W_layer_units_exponent_0': 8, 'W_layer_units_exponent_1': 8, 'W_layer_units_exponent_2': 4, 'W_layer_units_exponent_3': 4, 'W_layer_units_exponent_4': 10, 'D_layers': 4, 'D_layer_units_exponent_0': 8, 'D_layer_units_exponent_1': 7, 'D_layer_units_exponent_2': 8, 'D_layer_units_exponent_3': 6, 'D_dagger_layers': 2, 'D_dagger_layer_units_exponent_0': 9, 'D_dagger_layer_units_exponent_1': 5, 'log_learning_rate': -3.6675365065140793, 'log_learning_rate_D': -2.362169603678716, 'log_learning_rate_D_dagger': -2.4821604433479387, 'training_batch_size': 9, 'training_p': 5}. Best is trial 11 with value: 0.05034034326672554.
Time for this trial:  160.23239183425903
Memory status after this trial: 
Memory allocated:  252.0439453125
Memory cached:  440.0
--------------------  Trial  13   --------------------
Start timing: 
Parameters: 
{'W_layers': 2, 'W_layer_units_exponent_0': 8, 'W_layer_units_exponent_1': 8, 'D_layers': 4, 'D_layer_units_exponent_0': 8, 'D_layer_units_exponent_1': 7, 'D_layer_units_exponent_2': 8, 'D_layer_units_exponent_3': 5, 'D_dagger_layers': 2, 'D_dagger_layer_units_exponent_0': 8, 'D_dagger_layer_units_exponent_1': 4, 'log_learning_rate': -3.3531340580808275, 'log_learning_rate_D': -2.353925931701979, 'log_learning_rate_D_dagger': -2.9999069863335883, 'training_batch_size': 9, 'training_p': 6}
	 epoch  0 training error:  tensor(1.0241, device='cuda:0', grad_fn=<DivBackward0>)
Memory status after this epoch: 
Memory allocated:  110.71923828125
Memory cached:  412.0
	 epoch  10 training error:  tensor(0.2659, device='cuda:0', grad_fn=<DivBackward0>)
Memory status after this epoch: 
Memory allocated:  110.71923828125
Memory cached:  412.0
	 epoch  20 training error:  tensor(0.1623, device='cuda:0', grad_fn=<DivBackward0>)
Memory status after this epoch: 
Memory allocated:  110.71923828125
Memory cached:  412.0
	 epoch  30 training error:  tensor(0.1543, device='cuda:0', grad_fn=<DivBackward0>)
Memory status after this epoch: 
Memory allocated:  110.71923828125
Memory cached:  412.0
	 epoch  40 training error:  tensor(0.1460, device='cuda:0', grad_fn=<DivBackward0>)
Memory status after this epoch: 
Memory allocated:  110.71923828125
Memory cached:  412.0
	 epoch  50 training error:  tensor(0.1436, device='cuda:0', grad_fn=<DivBackward0>)
Memory status after this epoch: 
Memory allocated:  110.71923828125
Memory cached:  414.0
	 epoch  60 training error:  tensor(0.1404, device='cuda:0', grad_fn=<DivBackward0>)
Memory status after this epoch: 
Memory allocated:  110.71923828125
Memory cached:  412.0
	 epoch  70 training error:  tensor(0.1400, device='cuda:0', grad_fn=<DivBackward0>)
Memory status after this epoch: 
Memory allocated:  110.71923828125
Memory cached:  412.0
	 epoch  80 training error:  tensor(0.1398, device='cuda:0', grad_fn=<DivBackward0>)
Memory status after this epoch: 
Memory allocated:  110.71923828125
Memory cached:  414.0
	 epoch  90 training error:  tensor(0.1394, device='cuda:0', grad_fn=<DivBackward0>)
Memory status after this epoch: 
Memory allocated:  110.71923828125
Memory cached:  412.0
[I 2023-12-03 02:44:54,241] Trial 13 finished with value: 0.11316142231225967 and parameters: {'W_layers': 2, 'W_layer_units_exponent_0': 8, 'W_layer_units_exponent_1': 8, 'D_layers': 4, 'D_layer_units_exponent_0': 8, 'D_layer_units_exponent_1': 7, 'D_layer_units_exponent_2': 8, 'D_layer_units_exponent_3': 5, 'D_dagger_layers': 2, 'D_dagger_layer_units_exponent_0': 8, 'D_dagger_layer_units_exponent_1': 4, 'log_learning_rate': -3.3531340580808275, 'log_learning_rate_D': -2.353925931701979, 'log_learning_rate_D_dagger': -2.9999069863335883, 'training_batch_size': 9, 'training_p': 6}. Best is trial 11 with value: 0.05034034326672554.
Time for this trial:  129.28103399276733
Memory status after this trial: 
Memory allocated:  185.119140625
Memory cached:  412.0
--------------------  Trial  14   --------------------
Start timing: 
Parameters: 
{'W_layers': 6, 'W_layer_units_exponent_0': 8, 'W_layer_units_exponent_1': 6, 'W_layer_units_exponent_2': 5, 'W_layer_units_exponent_3': 4, 'W_layer_units_exponent_4': 10, 'W_layer_units_exponent_5': 7, 'D_layers': 4, 'D_layer_units_exponent_0': 8, 'D_layer_units_exponent_1': 6, 'D_layer_units_exponent_2': 8, 'D_layer_units_exponent_3': 6, 'D_dagger_layers': 2, 'D_dagger_layer_units_exponent_0': 9, 'D_dagger_layer_units_exponent_1': 5, 'log_learning_rate': -1.0997596556084557, 'log_learning_rate_D': -2.3576295117383816, 'log_learning_rate_D_dagger': -2.0688007369162627, 'training_batch_size': 8, 'training_p': 5}
	 epoch  0 training error:  tensor(1.0232, device='cuda:0', grad_fn=<DivBackward0>)
Memory status after this epoch: 
Memory allocated:  112.10400390625
Memory cached:  424.0
	 epoch  10 training error:  tensor(3.0632, device='cuda:0', grad_fn=<DivBackward0>)
Memory status after this epoch: 
Memory allocated:  112.10400390625
Memory cached:  450.0
	 epoch  20 training error:  tensor(25.6819, device='cuda:0', grad_fn=<DivBackward0>)
Memory status after this epoch: 
Memory allocated:  112.10400390625
Memory cached:  452.0
	 epoch  30 training error:  tensor(0.4750, device='cuda:0', grad_fn=<DivBackward0>)
Memory status after this epoch: 
Memory allocated:  112.10400390625
Memory cached:  456.0
	 epoch  40 training error:  tensor(0.1946, device='cuda:0', grad_fn=<DivBackward0>)
Memory status after this epoch: 
Memory allocated:  112.10400390625
Memory cached:  448.0
	 epoch  50 training error:  tensor(0.2510, device='cuda:0', grad_fn=<DivBackward0>)
Memory status after this epoch: 
Memory allocated:  112.10400390625
Memory cached:  454.0
	 epoch  60 training error:  tensor(0.1900, device='cuda:0', grad_fn=<DivBackward0>)
Memory status after this epoch: 
Memory allocated:  112.10400390625
Memory cached:  448.0
	 epoch  70 training error:  tensor(0.1918, device='cuda:0', grad_fn=<DivBackward0>)
Memory status after this epoch: 
Memory allocated:  112.10400390625
Memory cached:  448.0
	 epoch  80 training error:  tensor(0.1831, device='cuda:0', grad_fn=<DivBackward0>)
Memory status after this epoch: 
Memory allocated:  112.10400390625
Memory cached:  460.0
	 epoch  90 training error:  tensor(0.1805, device='cuda:0', grad_fn=<DivBackward0>)
Memory status after this epoch: 
Memory allocated:  112.10400390625
Memory cached:  450.0
[I 2023-12-03 02:47:41,283] Trial 14 finished with value: 0.1122024804353714 and parameters: {'W_layers': 6, 'W_layer_units_exponent_0': 8, 'W_layer_units_exponent_1': 6, 'W_layer_units_exponent_2': 5, 'W_layer_units_exponent_3': 4, 'W_layer_units_exponent_4': 10, 'W_layer_units_exponent_5': 7, 'D_layers': 4, 'D_layer_units_exponent_0': 8, 'D_layer_units_exponent_1': 6, 'D_layer_units_exponent_2': 8, 'D_layer_units_exponent_3': 6, 'D_dagger_layers': 2, 'D_dagger_layer_units_exponent_0': 9, 'D_dagger_layer_units_exponent_1': 5, 'log_learning_rate': -1.0997596556084557, 'log_learning_rate_D': -2.3576295117383816, 'log_learning_rate_D_dagger': -2.0688007369162627, 'training_batch_size': 8, 'training_p': 5}. Best is trial 11 with value: 0.05034034326672554.
Time for this trial:  166.80654215812683
Memory status after this trial: 
Memory allocated:  253.1162109375
Memory cached:  438.0
--------------------  Trial  15   --------------------
Start timing: 
Parameters: 
{'W_layers': 6, 'W_layer_units_exponent_0': 8, 'W_layer_units_exponent_1': 8, 'W_layer_units_exponent_2': 6, 'W_layer_units_exponent_3': 4, 'W_layer_units_exponent_4': 8, 'W_layer_units_exponent_5': 5, 'D_layers': 4, 'D_layer_units_exponent_0': 8, 'D_layer_units_exponent_1': 8, 'D_layer_units_exponent_2': 9, 'D_layer_units_exponent_3': 6, 'D_dagger_layers': 3, 'D_dagger_layer_units_exponent_0': 7, 'D_dagger_layer_units_exponent_1': 8, 'D_dagger_layer_units_exponent_2': 6, 'log_learning_rate': -3.6871533974194133, 'log_learning_rate_D': -1.1157753390978078, 'log_learning_rate_D_dagger': -2.978865286208979, 'training_batch_size': 10, 'training_p': 6}
	 epoch  0 training error:  tensor(1.0136, device='cuda:0', grad_fn=<DivBackward0>)
Memory status after this epoch: 
Memory allocated:  114.24462890625
Memory cached:  424.0
	 epoch  10 training error:  tensor(0.6778, device='cuda:0', grad_fn=<DivBackward0>)
Memory status after this epoch: 
Memory allocated:  114.24462890625
Memory cached:  446.0
	 epoch  20 training error:  tensor(0.3398, device='cuda:0', grad_fn=<DivBackward0>)
Memory status after this epoch: 
Memory allocated:  114.24462890625
Memory cached:  444.0
	 epoch  30 training error:  tensor(0.2200, device='cuda:0', grad_fn=<DivBackward0>)
Memory status after this epoch: 
Memory allocated:  114.24462890625
Memory cached:  440.0
	 epoch  40 training error:  tensor(0.2188, device='cuda:0', grad_fn=<DivBackward0>)
Memory status after this epoch: 
Memory allocated:  114.24462890625
Memory cached:  442.0
	 epoch  50 training error:  tensor(0.2026, device='cuda:0', grad_fn=<DivBackward0>)
Memory status after this epoch: 
Memory allocated:  114.24462890625
Memory cached:  446.0
	 epoch  60 training error:  tensor(0.1951, device='cuda:0', grad_fn=<DivBackward0>)
Memory status after this epoch: 
Memory allocated:  114.24462890625
Memory cached:  446.0
	 epoch  70 training error:  tensor(0.1961, device='cuda:0', grad_fn=<DivBackward0>)
Memory status after this epoch: 
Memory allocated:  114.24462890625
Memory cached:  440.0
	 epoch  80 training error:  tensor(0.1950, device='cuda:0', grad_fn=<DivBackward0>)
Memory status after this epoch: 
Memory allocated:  114.24462890625
Memory cached:  450.0
	 epoch  90 training error:  tensor(0.1952, device='cuda:0', grad_fn=<DivBackward0>)
Memory status after this epoch: 
Memory allocated:  114.24462890625
Memory cached:  442.0
[I 2023-12-03 02:50:35,181] Trial 15 finished with value: 0.115188829600811 and parameters: {'W_layers': 6, 'W_layer_units_exponent_0': 8, 'W_layer_units_exponent_1': 8, 'W_layer_units_exponent_2': 6, 'W_layer_units_exponent_3': 4, 'W_layer_units_exponent_4': 8, 'W_layer_units_exponent_5': 5, 'D_layers': 4, 'D_layer_units_exponent_0': 8, 'D_layer_units_exponent_1': 8, 'D_layer_units_exponent_2': 9, 'D_layer_units_exponent_3': 6, 'D_dagger_layers': 3, 'D_dagger_layer_units_exponent_0': 7, 'D_dagger_layer_units_exponent_1': 8, 'D_dagger_layer_units_exponent_2': 6, 'log_learning_rate': -3.6871533974194133, 'log_learning_rate_D': -1.1157753390978078, 'log_learning_rate_D_dagger': -2.978865286208979, 'training_batch_size': 10, 'training_p': 6}. Best is trial 11 with value: 0.05034034326672554.
Time for this trial:  173.66076278686523
Memory status after this trial: 
Memory allocated:  239.0546875
Memory cached:  428.0
--------------------  Trial  16   --------------------
Start timing: 
Parameters: 
{'W_layers': 3, 'W_layer_units_exponent_0': 6, 'W_layer_units_exponent_1': 9, 'W_layer_units_exponent_2': 5, 'D_layers': 5, 'D_layer_units_exponent_0': 7, 'D_layer_units_exponent_1': 4, 'D_layer_units_exponent_2': 7, 'D_layer_units_exponent_3': 7, 'D_layer_units_exponent_4': 4, 'D_dagger_layers': 4, 'D_dagger_layer_units_exponent_0': 10, 'D_dagger_layer_units_exponent_1': 6, 'D_dagger_layer_units_exponent_2': 5, 'D_dagger_layer_units_exponent_3': 9, 'log_learning_rate': -3.910585118784722, 'log_learning_rate_D': -3.80035141463194, 'log_learning_rate_D_dagger': -2.0378921235397955, 'training_batch_size': 10, 'training_p': 6}
	 epoch  0 training error:  tensor(1.0318, device='cuda:0', grad_fn=<DivBackward0>)
Memory status after this epoch: 
Memory allocated:  110.96337890625
Memory cached:  422.0
	 epoch  10 training error:  tensor(0.4632, device='cuda:0', grad_fn=<DivBackward0>)
Memory status after this epoch: 
Memory allocated:  110.96337890625
Memory cached:  440.0
	 epoch  20 training error:  tensor(0.2117, device='cuda:0', grad_fn=<DivBackward0>)
Memory status after this epoch: 
Memory allocated:  110.96337890625
Memory cached:  442.0
	 epoch  30 training error:  tensor(0.1475, device='cuda:0', grad_fn=<DivBackward0>)
Memory status after this epoch: 
Memory allocated:  110.96337890625
Memory cached:  440.0
	 epoch  40 training error:  tensor(0.1519, device='cuda:0', grad_fn=<DivBackward0>)
Memory status after this epoch: 
Memory allocated:  110.96337890625
Memory cached:  440.0
	 epoch  50 training error:  tensor(0.1439, device='cuda:0', grad_fn=<DivBackward0>)
Memory status after this epoch: 
Memory allocated:  110.96337890625
Memory cached:  446.0
	 epoch  60 training error:  tensor(0.1433, device='cuda:0', grad_fn=<DivBackward0>)
Memory status after this epoch: 
Memory allocated:  110.96337890625
Memory cached:  440.0
	 epoch  70 training error:  tensor(0.1404, device='cuda:0', grad_fn=<DivBackward0>)
Memory status after this epoch: 
Memory allocated:  110.96337890625
Memory cached:  442.0
	 epoch  80 training error:  tensor(0.1382, device='cuda:0', grad_fn=<DivBackward0>)
Memory status after this epoch: 
Memory allocated:  110.96337890625
Memory cached:  444.0
	 epoch  90 training error:  tensor(0.1377, device='cuda:0', grad_fn=<DivBackward0>)
Memory status after this epoch: 
Memory allocated:  110.96337890625
Memory cached:  442.0
[I 2023-12-03 02:53:20,292] Trial 16 finished with value: 0.09709392488002777 and parameters: {'W_layers': 3, 'W_layer_units_exponent_0': 6, 'W_layer_units_exponent_1': 9, 'W_layer_units_exponent_2': 5, 'D_layers': 5, 'D_layer_units_exponent_0': 7, 'D_layer_units_exponent_1': 4, 'D_layer_units_exponent_2': 7, 'D_layer_units_exponent_3': 7, 'D_layer_units_exponent_4': 4, 'D_dagger_layers': 4, 'D_dagger_layer_units_exponent_0': 10, 'D_dagger_layer_units_exponent_1': 6, 'D_dagger_layer_units_exponent_2': 5, 'D_dagger_layer_units_exponent_3': 9, 'log_learning_rate': -3.910585118784722, 'log_learning_rate_D': -3.80035141463194, 'log_learning_rate_D_dagger': -2.0378921235397955, 'training_batch_size': 10, 'training_p': 6}. Best is trial 11 with value: 0.05034034326672554.
Time for this trial:  164.85732412338257
Memory status after this trial: 
Memory allocated:  247.67822265625
Memory cached:  432.0
--------------------  Trial  17   --------------------
Start timing: 
Parameters: 
{'W_layers': 8, 'W_layer_units_exponent_0': 9, 'W_layer_units_exponent_1': 6, 'W_layer_units_exponent_2': 5, 'W_layer_units_exponent_3': 5, 'W_layer_units_exponent_4': 8, 'W_layer_units_exponent_5': 6, 'W_layer_units_exponent_6': 4, 'W_layer_units_exponent_7': 10, 'D_layers': 3, 'D_layer_units_exponent_0': 9, 'D_layer_units_exponent_1': 6, 'D_layer_units_exponent_2': 4, 'D_dagger_layers': 8, 'D_dagger_layer_units_exponent_0': 9, 'D_dagger_layer_units_exponent_1': 5, 'D_dagger_layer_units_exponent_2': 7, 'D_dagger_layer_units_exponent_3': 4, 'D_dagger_layer_units_exponent_4': 6, 'D_dagger_layer_units_exponent_5': 10, 'D_dagger_layer_units_exponent_6': 4, 'D_dagger_layer_units_exponent_7': 6, 'log_learning_rate': -3.0468518342371396, 'log_learning_rate_D': -2.2977520958829123, 'log_learning_rate_D_dagger': -3.7164156799920245, 'training_batch_size': 6, 'training_p': 3}
	 epoch  0 training error:  tensor(0.9978, device='cuda:0', grad_fn=<DivBackward0>)
Memory status after this epoch: 
Memory allocated:  111.97802734375
Memory cached:  414.0
	 epoch  10 training error:  tensor(0.1442, device='cuda:0', grad_fn=<DivBackward0>)
Memory status after this epoch: 
Memory allocated:  111.97802734375
Memory cached:  416.0
	 epoch  20 training error:  tensor(0.1182, device='cuda:0', grad_fn=<DivBackward0>)
Memory status after this epoch: 
Memory allocated:  111.97802734375
Memory cached:  416.0
	 epoch  30 training error:  tensor(0.1097, device='cuda:0', grad_fn=<DivBackward0>)
Memory status after this epoch: 
Memory allocated:  111.97802734375
Memory cached:  416.0
	 epoch  40 training error:  tensor(0.1097, device='cuda:0', grad_fn=<DivBackward0>)
Memory status after this epoch: 
Memory allocated:  111.97802734375
Memory cached:  416.0
	 epoch  50 training error:  tensor(0.1134, device='cuda:0', grad_fn=<DivBackward0>)
Memory status after this epoch: 
Memory allocated:  111.97802734375
Memory cached:  416.0
	 epoch  60 training error:  tensor(0.1071, device='cuda:0', grad_fn=<DivBackward0>)
Memory status after this epoch: 
Memory allocated:  111.97802734375
Memory cached:  416.0
	 epoch  70 training error:  tensor(0.1191, device='cuda:0', grad_fn=<DivBackward0>)
Memory status after this epoch: 
Memory allocated:  111.97802734375
Memory cached:  416.0
	 epoch  80 training error:  tensor(0.1023, device='cuda:0', grad_fn=<DivBackward0>)
Memory status after this epoch: 
Memory allocated:  111.97802734375
Memory cached:  416.0
	 epoch  90 training error:  tensor(0.1001, device='cuda:0', grad_fn=<DivBackward0>)
Memory status after this epoch: 
Memory allocated:  111.97802734375
Memory cached:  416.0
[I 2023-12-03 03:00:09,996] Trial 17 finished with value: 0.052435096353292465 and parameters: {'W_layers': 8, 'W_layer_units_exponent_0': 9, 'W_layer_units_exponent_1': 6, 'W_layer_units_exponent_2': 5, 'W_layer_units_exponent_3': 5, 'W_layer_units_exponent_4': 8, 'W_layer_units_exponent_5': 6, 'W_layer_units_exponent_6': 4, 'W_layer_units_exponent_7': 10, 'D_layers': 3, 'D_layer_units_exponent_0': 9, 'D_layer_units_exponent_1': 6, 'D_layer_units_exponent_2': 4, 'D_dagger_layers': 8, 'D_dagger_layer_units_exponent_0': 9, 'D_dagger_layer_units_exponent_1': 5, 'D_dagger_layer_units_exponent_2': 7, 'D_dagger_layer_units_exponent_3': 4, 'D_dagger_layer_units_exponent_4': 6, 'D_dagger_layer_units_exponent_5': 10, 'D_dagger_layer_units_exponent_6': 4, 'D_dagger_layer_units_exponent_7': 6, 'log_learning_rate': -3.0468518342371396, 'log_learning_rate_D': -2.2977520958829123, 'log_learning_rate_D_dagger': -3.7164156799920245, 'training_batch_size': 6, 'training_p': 3}. Best is trial 11 with value: 0.05034034326672554.
Time for this trial:  409.3705756664276
Memory status after this trial: 
Memory allocated:  340.0244140625
Memory cached:  416.0
--------------------  Trial  18   --------------------
Start timing: 
Parameters: 
{'W_layers': 5, 'W_layer_units_exponent_0': 7, 'W_layer_units_exponent_1': 9, 'W_layer_units_exponent_2': 6, 'W_layer_units_exponent_3': 4, 'W_layer_units_exponent_4': 9, 'D_layers': 5, 'D_layer_units_exponent_0': 8, 'D_layer_units_exponent_1': 7, 'D_layer_units_exponent_2': 9, 'D_layer_units_exponent_3': 6, 'D_layer_units_exponent_4': 7, 'D_dagger_layers': 2, 'D_dagger_layer_units_exponent_0': 6, 'D_dagger_layer_units_exponent_1': 4, 'log_learning_rate': -4.1722144372526895, 'log_learning_rate_D': -1.7431045694122926, 'log_learning_rate_D_dagger': -2.74367788276627, 'training_batch_size': 8, 'training_p': 5}
	 epoch  0 training error:  tensor(1.0084, device='cuda:0', grad_fn=<DivBackward0>)
Memory status after this epoch: 
Memory allocated:  112.32470703125
Memory cached:  422.0
	 epoch  10 training error:  tensor(0.7835, device='cuda:0', grad_fn=<DivBackward0>)
Memory status after this epoch: 
Memory allocated:  112.32470703125
Memory cached:  448.0
	 epoch  20 training error:  tensor(0.4604, device='cuda:0', grad_fn=<DivBackward0>)
Memory status after this epoch: 
Memory allocated:  112.32470703125
Memory cached:  438.0
	 epoch  30 training error:  tensor(0.1682, device='cuda:0', grad_fn=<DivBackward0>)
Memory status after this epoch: 
Memory allocated:  112.32470703125
Memory cached:  446.0
	 epoch  40 training error:  tensor(0.1686, device='cuda:0', grad_fn=<DivBackward0>)
Memory status after this epoch: 
Memory allocated:  112.32470703125
Memory cached:  450.0
	 epoch  50 training error:  tensor(0.1522, device='cuda:0', grad_fn=<DivBackward0>)
Memory status after this epoch: 
Memory allocated:  112.32470703125
Memory cached:  438.0
	 epoch  60 training error:  tensor(0.1391, device='cuda:0', grad_fn=<DivBackward0>)
Memory status after this epoch: 
Memory allocated:  112.32470703125
Memory cached:  448.0
	 epoch  70 training error:  tensor(0.1337, device='cuda:0', grad_fn=<DivBackward0>)
Memory status after this epoch: 
Memory allocated:  112.32470703125
Memory cached:  446.0
	 epoch  80 training error:  tensor(0.1337, device='cuda:0', grad_fn=<DivBackward0>)
Memory status after this epoch: 
Memory allocated:  112.32470703125
Memory cached:  444.0
	 epoch  90 training error:  tensor(0.1331, device='cuda:0', grad_fn=<DivBackward0>)
Memory status after this epoch: 
Memory allocated:  112.32470703125
Memory cached:  444.0
