[I 2023-12-03 00:23:11,604] Trial 38 finished with value: 0.052483201026916504 and parameters: {'W_layers': 5, 'W_layer_units_exponent_0': 7, 'W_layer_units_exponent_1': 10, 'W_layer_units_exponent_2': 5, 'W_layer_units_exponent_3': 4, 'W_layer_units_exponent_4': 4, 'D_layers': 6, 'D_layer_units_exponent_0': 6, 'D_layer_units_exponent_1': 7, 'D_layer_units_exponent_2': 6, 'D_layer_units_exponent_3': 5, 'D_layer_units_exponent_4': 6, 'D_layer_units_exponent_5': 5, 'log_learning_rate': -2.3354321791077837, 'log_learning_rate_D': -2.5907150585032497, 'training_batch_size': 8, 'training_p': 6}. Best is trial 36 with value: 0.02776537649333477.
Time for this trial:  46.750041484832764
Memory status after this trial: 
Memory allocated:  82.95556640625
Memory cached:  118.0
--------------------  Trial  39   --------------------
Start timing: 
Parameters: 
{'W_layers': 5, 'W_layer_units_exponent_0': 9, 'W_layer_units_exponent_1': 9, 'W_layer_units_exponent_2': 6, 'W_layer_units_exponent_3': 6, 'W_layer_units_exponent_4': 4, 'D_layers': 5, 'D_layer_units_exponent_0': 6, 'D_layer_units_exponent_1': 7, 'D_layer_units_exponent_2': 4, 'D_layer_units_exponent_3': 7, 'D_layer_units_exponent_4': 5, 'log_learning_rate': -2.7232344856287334, 'log_learning_rate_D': -2.6301188616515536, 'training_batch_size': 9, 'training_p': 8}
	 epoch  0 training error:  tensor(1.4946, device='cuda:0', grad_fn=<DivBackward0>)
Memory status after this epoch: 
Memory allocated:  49.646484375
Memory cached:  118.0
	 epoch  10 training error:  tensor(0.1314, device='cuda:0', grad_fn=<DivBackward0>)
Memory status after this epoch: 
Memory allocated:  49.646484375
Memory cached:  118.0
	 epoch  20 training error:  tensor(0.2908, device='cuda:0', grad_fn=<DivBackward0>)
Memory status after this epoch: 
Memory allocated:  49.646484375
Memory cached:  118.0
	 epoch  30 training error:  tensor(0.1325, device='cuda:0', grad_fn=<DivBackward0>)
Memory status after this epoch: 
Memory allocated:  49.646484375
Memory cached:  118.0
	 epoch  40 training error:  tensor(0.0999, device='cuda:0', grad_fn=<DivBackward0>)
Memory status after this epoch: 
Memory allocated:  49.646484375
Memory cached:  118.0
	 epoch  50 training error:  tensor(0.0717, device='cuda:0', grad_fn=<DivBackward0>)
Memory status after this epoch: 
Memory allocated:  49.646484375
Memory cached:  118.0
	 epoch  60 training error:  tensor(0.0582, device='cuda:0', grad_fn=<DivBackward0>)
Memory status after this epoch: 
Memory allocated:  49.646484375
Memory cached:  118.0
	 epoch  70 training error:  tensor(0.0580, device='cuda:0', grad_fn=<DivBackward0>)
Memory status after this epoch: 
Memory allocated:  49.646484375
Memory cached:  118.0
	 epoch  80 training error:  tensor(0.0607, device='cuda:0', grad_fn=<DivBackward0>)
Memory status after this epoch: 
Memory allocated:  49.646484375
Memory cached:  118.0
	 epoch  90 training error:  tensor(0.0450, device='cuda:0', grad_fn=<DivBackward0>)
Memory status after this epoch: 
Memory allocated:  49.646484375
Memory cached:  118.0
[I 2023-12-03 00:23:57,061] Trial 39 finished with value: 0.11556795984506607 and parameters: {'W_layers': 5, 'W_layer_units_exponent_0': 9, 'W_layer_units_exponent_1': 9, 'W_layer_units_exponent_2': 6, 'W_layer_units_exponent_3': 6, 'W_layer_units_exponent_4': 4, 'D_layers': 5, 'D_layer_units_exponent_0': 6, 'D_layer_units_exponent_1': 7, 'D_layer_units_exponent_2': 4, 'D_layer_units_exponent_3': 7, 'D_layer_units_exponent_4': 5, 'log_learning_rate': -2.7232344856287334, 'log_learning_rate_D': -2.6301188616515536, 'training_batch_size': 9, 'training_p': 8}. Best is trial 36 with value: 0.02776537649333477.
Time for this trial:  45.243850231170654
Memory status after this trial: 
Memory allocated:  82.49560546875
Memory cached:  118.0
--------------------  Trial  40   --------------------
Start timing: 
Parameters: 
{'W_layers': 4, 'W_layer_units_exponent_0': 8, 'W_layer_units_exponent_1': 10, 'W_layer_units_exponent_2': 4, 'W_layer_units_exponent_3': 4, 'D_layers': 7, 'D_layer_units_exponent_0': 8, 'D_layer_units_exponent_1': 9, 'D_layer_units_exponent_2': 5, 'D_layer_units_exponent_3': 6, 'D_layer_units_exponent_4': 4, 'D_layer_units_exponent_5': 7, 'D_layer_units_exponent_6': 4, 'log_learning_rate': -2.109994715067954, 'log_learning_rate_D': -2.988942488298278, 'training_batch_size': 10, 'training_p': 7}
	 epoch  0 training error:  tensor(1.8248, device='cuda:0', grad_fn=<DivBackward0>)
Memory status after this epoch: 
Memory allocated:  51.439453125
Memory cached:  120.0
	 epoch  10 training error:  tensor(0.6173, device='cuda:0', grad_fn=<DivBackward0>)
Memory status after this epoch: 
Memory allocated:  51.439453125
Memory cached:  120.0
	 epoch  20 training error:  tensor(0.9024, device='cuda:0', grad_fn=<DivBackward0>)
Memory status after this epoch: 
Memory allocated:  51.439453125
Memory cached:  120.0
	 epoch  30 training error:  tensor(0.6045, device='cuda:0', grad_fn=<DivBackward0>)
Memory status after this epoch: 
Memory allocated:  51.439453125
Memory cached:  120.0
	 epoch  40 training error:  tensor(0.2635, device='cuda:0', grad_fn=<DivBackward0>)
Memory status after this epoch: 
Memory allocated:  51.439453125
Memory cached:  120.0
	 epoch  50 training error:  tensor(0.1161, device='cuda:0', grad_fn=<DivBackward0>)
Memory status after this epoch: 
Memory allocated:  51.439453125
Memory cached:  120.0
	 epoch  60 training error:  tensor(0.0902, device='cuda:0', grad_fn=<DivBackward0>)
Memory status after this epoch: 
Memory allocated:  51.439453125
Memory cached:  120.0
	 epoch  70 training error:  tensor(0.0660, device='cuda:0', grad_fn=<DivBackward0>)
Memory status after this epoch: 
Memory allocated:  51.439453125
Memory cached:  120.0
	 epoch  80 training error:  tensor(0.1061, device='cuda:0', grad_fn=<DivBackward0>)
Memory status after this epoch: 
Memory allocated:  51.439453125
Memory cached:  120.0
	 epoch  90 training error:  tensor(0.1044, device='cuda:0', grad_fn=<DivBackward0>)
Memory status after this epoch: 
Memory allocated:  51.439453125
Memory cached:  120.0
[I 2023-12-03 00:24:45,874] Trial 40 finished with value: 0.05151417478919029 and parameters: {'W_layers': 4, 'W_layer_units_exponent_0': 8, 'W_layer_units_exponent_1': 10, 'W_layer_units_exponent_2': 4, 'W_layer_units_exponent_3': 4, 'D_layers': 7, 'D_layer_units_exponent_0': 8, 'D_layer_units_exponent_1': 9, 'D_layer_units_exponent_2': 5, 'D_layer_units_exponent_3': 6, 'D_layer_units_exponent_4': 4, 'D_layer_units_exponent_5': 7, 'D_layer_units_exponent_6': 4, 'log_learning_rate': -2.109994715067954, 'log_learning_rate_D': -2.988942488298278, 'training_batch_size': 10, 'training_p': 7}. Best is trial 36 with value: 0.02776537649333477.
Time for this trial:  48.60375642776489
Memory status after this trial: 
Memory allocated:  101.6982421875
Memory cached:  118.0
--------------------  Trial  41   --------------------
Start timing: 
Parameters: 
{'W_layers': 6, 'W_layer_units_exponent_0': 7, 'W_layer_units_exponent_1': 9, 'W_layer_units_exponent_2': 5, 'W_layer_units_exponent_3': 5, 'W_layer_units_exponent_4': 4, 'W_layer_units_exponent_5': 6, 'D_layers': 4, 'D_layer_units_exponent_0': 5, 'D_layer_units_exponent_1': 7, 'D_layer_units_exponent_2': 6, 'D_layer_units_exponent_3': 4, 'log_learning_rate': -2.591134333708369, 'log_learning_rate_D': -3.341248666649768, 'training_batch_size': 8, 'training_p': 6}
	 epoch  0 training error:  tensor(1.9074, device='cuda:0', grad_fn=<DivBackward0>)
Memory status after this epoch: 
Memory allocated:  46.267578125
Memory cached:  118.0
	 epoch  10 training error:  tensor(0.1862, device='cuda:0', grad_fn=<DivBackward0>)
Memory status after this epoch: 
Memory allocated:  46.267578125
Memory cached:  118.0
	 epoch  20 training error:  tensor(0.1003, device='cuda:0', grad_fn=<DivBackward0>)
Memory status after this epoch: 
Memory allocated:  46.267578125
Memory cached:  118.0
	 epoch  30 training error:  tensor(0.0697, device='cuda:0', grad_fn=<DivBackward0>)
Memory status after this epoch: 
Memory allocated:  46.267578125
Memory cached:  118.0
	 epoch  40 training error:  tensor(0.0602, device='cuda:0', grad_fn=<DivBackward0>)
Memory status after this epoch: 
Memory allocated:  46.267578125
Memory cached:  118.0
	 epoch  50 training error:  tensor(0.0545, device='cuda:0', grad_fn=<DivBackward0>)
Memory status after this epoch: 
Memory allocated:  46.267578125
Memory cached:  118.0
	 epoch  60 training error:  tensor(0.0461, device='cuda:0', grad_fn=<DivBackward0>)
Memory status after this epoch: 
Memory allocated:  46.267578125
Memory cached:  118.0
	 epoch  70 training error:  tensor(0.0394, device='cuda:0', grad_fn=<DivBackward0>)
Memory status after this epoch: 
Memory allocated:  46.267578125
Memory cached:  118.0
	 epoch  80 training error:  tensor(0.0648, device='cuda:0', grad_fn=<DivBackward0>)
Memory status after this epoch: 
Memory allocated:  46.267578125
Memory cached:  118.0
	 epoch  90 training error:  tensor(0.0490, device='cuda:0', grad_fn=<DivBackward0>)
Memory status after this epoch: 
Memory allocated:  46.267578125
Memory cached:  118.0
[I 2023-12-03 00:25:29,667] Trial 41 finished with value: 0.03983655199408531 and parameters: {'W_layers': 6, 'W_layer_units_exponent_0': 7, 'W_layer_units_exponent_1': 9, 'W_layer_units_exponent_2': 5, 'W_layer_units_exponent_3': 5, 'W_layer_units_exponent_4': 4, 'W_layer_units_exponent_5': 6, 'D_layers': 4, 'D_layer_units_exponent_0': 5, 'D_layer_units_exponent_1': 7, 'D_layer_units_exponent_2': 6, 'D_layer_units_exponent_3': 4, 'log_learning_rate': -2.591134333708369, 'log_learning_rate_D': -3.341248666649768, 'training_batch_size': 8, 'training_p': 6}. Best is trial 36 with value: 0.02776537649333477.
Time for this trial:  43.59602165222168
Memory status after this trial: 
Memory allocated:  69.11669921875
Memory cached:  118.0
--------------------  Trial  42   --------------------
Start timing: 
Parameters: 
{'W_layers': 5, 'W_layer_units_exponent_0': 8, 'W_layer_units_exponent_1': 9, 'W_layer_units_exponent_2': 6, 'W_layer_units_exponent_3': 6, 'W_layer_units_exponent_4': 5, 'D_layers': 6, 'D_layer_units_exponent_0': 7, 'D_layer_units_exponent_1': 10, 'D_layer_units_exponent_2': 4, 'D_layer_units_exponent_3': 7, 'D_layer_units_exponent_4': 5, 'D_layer_units_exponent_5': 5, 'log_learning_rate': -3.144943176021187, 'log_learning_rate_D': -3.7184800911311457, 'training_batch_size': 9, 'training_p': 6}
	 epoch  0 training error:  tensor(0.1280, device='cuda:0', grad_fn=<DivBackward0>)
Memory status after this epoch: 
Memory allocated:  49.765625
Memory cached:  120.0
	 epoch  10 training error:  tensor(0.0825, device='cuda:0', grad_fn=<DivBackward0>)
Memory status after this epoch: 
Memory allocated:  49.765625
Memory cached:  122.0
	 epoch  20 training error:  tensor(0.0991, device='cuda:0', grad_fn=<DivBackward0>)
Memory status after this epoch: 
Memory allocated:  49.765625
Memory cached:  122.0
	 epoch  30 training error:  tensor(0.0739, device='cuda:0', grad_fn=<DivBackward0>)
Memory status after this epoch: 
Memory allocated:  49.765625
Memory cached:  122.0
	 epoch  40 training error:  tensor(0.0666, device='cuda:0', grad_fn=<DivBackward0>)
Memory status after this epoch: 
Memory allocated:  49.765625
Memory cached:  122.0
	 epoch  50 training error:  tensor(0.0618, device='cuda:0', grad_fn=<DivBackward0>)
Memory status after this epoch: 
Memory allocated:  49.765625
Memory cached:  122.0
	 epoch  60 training error:  tensor(0.0586, device='cuda:0', grad_fn=<DivBackward0>)
Memory status after this epoch: 
Memory allocated:  49.765625
Memory cached:  122.0
	 epoch  70 training error:  tensor(0.0557, device='cuda:0', grad_fn=<DivBackward0>)
Memory status after this epoch: 
Memory allocated:  49.765625
Memory cached:  122.0
	 epoch  80 training error:  tensor(0.0529, device='cuda:0', grad_fn=<DivBackward0>)
Memory status after this epoch: 
Memory allocated:  49.765625
Memory cached:  122.0
	 epoch  90 training error:  tensor(0.0497, device='cuda:0', grad_fn=<DivBackward0>)
Memory status after this epoch: 
Memory allocated:  49.765625
Memory cached:  122.0
[I 2023-12-03 00:26:19,182] Trial 42 finished with value: 0.06374909728765488 and parameters: {'W_layers': 5, 'W_layer_units_exponent_0': 8, 'W_layer_units_exponent_1': 9, 'W_layer_units_exponent_2': 6, 'W_layer_units_exponent_3': 6, 'W_layer_units_exponent_4': 5, 'D_layers': 6, 'D_layer_units_exponent_0': 7, 'D_layer_units_exponent_1': 10, 'D_layer_units_exponent_2': 4, 'D_layer_units_exponent_3': 7, 'D_layer_units_exponent_4': 5, 'D_layer_units_exponent_5': 5, 'log_learning_rate': -3.144943176021187, 'log_learning_rate_D': -3.7184800911311457, 'training_batch_size': 9, 'training_p': 6}. Best is trial 36 with value: 0.02776537649333477.
Time for this trial:  49.303112268447876
Memory status after this trial: 
Memory allocated:  99.466796875
Memory cached:  120.0
--------------------  Trial  43   --------------------
Start timing: 
Parameters: 
{'W_layers': 3, 'W_layer_units_exponent_0': 6, 'W_layer_units_exponent_1': 10, 'W_layer_units_exponent_2': 4, 'D_layers': 7, 'D_layer_units_exponent_0': 7, 'D_layer_units_exponent_1': 8, 'D_layer_units_exponent_2': 5, 'D_layer_units_exponent_3': 7, 'D_layer_units_exponent_4': 4, 'D_layer_units_exponent_5': 8, 'D_layer_units_exponent_6': 7, 'log_learning_rate': -2.0119272907702377, 'log_learning_rate_D': -2.899094852658404, 'training_batch_size': 7, 'training_p': 8}
	 epoch  0 training error:  tensor(1.1070, device='cuda:0', grad_fn=<DivBackward0>)
Memory status after this epoch: 
Memory allocated:  47.326171875
Memory cached:  120.0
	 epoch  10 training error:  tensor(1.9449, device='cuda:0', grad_fn=<DivBackward0>)
Memory status after this epoch: 
Memory allocated:  47.326171875
Memory cached:  122.0
	 epoch  20 training error:  tensor(0.2090, device='cuda:0', grad_fn=<DivBackward0>)
Memory status after this epoch: 
Memory allocated:  47.326171875
Memory cached:  122.0
	 epoch  30 training error:  tensor(0.1706, device='cuda:0', grad_fn=<DivBackward0>)
Memory status after this epoch: 
Memory allocated:  47.326171875
Memory cached:  122.0
	 epoch  40 training error:  tensor(0.1176, device='cuda:0', grad_fn=<DivBackward0>)
Memory status after this epoch: 
Memory allocated:  47.326171875
Memory cached:  122.0
	 epoch  50 training error:  tensor(0.0734, device='cuda:0', grad_fn=<DivBackward0>)
Memory status after this epoch: 
Memory allocated:  47.326171875
Memory cached:  122.0
	 epoch  60 training error:  tensor(0.0911, device='cuda:0', grad_fn=<DivBackward0>)
Memory status after this epoch: 
Memory allocated:  47.326171875
Memory cached:  122.0
	 epoch  70 training error:  tensor(0.0672, device='cuda:0', grad_fn=<DivBackward0>)
Memory status after this epoch: 
Memory allocated:  47.326171875
Memory cached:  122.0
	 epoch  80 training error:  tensor(0.0657, device='cuda:0', grad_fn=<DivBackward0>)
Memory status after this epoch: 
Memory allocated:  47.326171875
Memory cached:  122.0
	 epoch  90 training error:  tensor(0.1430, device='cuda:0', grad_fn=<DivBackward0>)
Memory status after this epoch: 
Memory allocated:  47.326171875
Memory cached:  122.0
[I 2023-12-03 00:27:06,204] Trial 43 finished with value: 0.04669831320643425 and parameters: {'W_layers': 3, 'W_layer_units_exponent_0': 6, 'W_layer_units_exponent_1': 10, 'W_layer_units_exponent_2': 4, 'D_layers': 7, 'D_layer_units_exponent_0': 7, 'D_layer_units_exponent_1': 8, 'D_layer_units_exponent_2': 5, 'D_layer_units_exponent_3': 7, 'D_layer_units_exponent_4': 4, 'D_layer_units_exponent_5': 8, 'D_layer_units_exponent_6': 7, 'log_learning_rate': -2.0119272907702377, 'log_learning_rate_D': -2.899094852658404, 'training_batch_size': 7, 'training_p': 8}. Best is trial 36 with value: 0.02776537649333477.
Time for this trial:  46.81819486618042
Memory status after this trial: 
Memory allocated:  92.92236328125
Memory cached:  118.0
--------------------  Trial  44   --------------------
Start timing: 
Parameters: 
{'W_layers': 5, 'W_layer_units_exponent_0': 8, 'W_layer_units_exponent_1': 9, 'W_layer_units_exponent_2': 4, 'W_layer_units_exponent_3': 5, 'W_layer_units_exponent_4': 5, 'D_layers': 6, 'D_layer_units_exponent_0': 6, 'D_layer_units_exponent_1': 8, 'D_layer_units_exponent_2': 5, 'D_layer_units_exponent_3': 7, 'D_layer_units_exponent_4': 4, 'D_layer_units_exponent_5': 7, 'log_learning_rate': -3.016534412854886, 'log_learning_rate_D': -2.8311277804299344, 'training_batch_size': 9, 'training_p': 7}
	 epoch  0 training error:  tensor(2.5421, device='cuda:0', grad_fn=<DivBackward0>)
Memory status after this epoch: 
Memory allocated:  47.44921875
Memory cached:  118.0
	 epoch  10 training error:  tensor(0.1349, device='cuda:0', grad_fn=<DivBackward0>)
Memory status after this epoch: 
Memory allocated:  47.44921875
Memory cached:  118.0
	 epoch  20 training error:  tensor(0.1527, device='cuda:0', grad_fn=<DivBackward0>)
Memory status after this epoch: 
Memory allocated:  47.44921875
Memory cached:  118.0
	 epoch  30 training error:  tensor(0.0853, device='cuda:0', grad_fn=<DivBackward0>)
Memory status after this epoch: 
Memory allocated:  47.44921875
Memory cached:  118.0
	 epoch  40 training error:  tensor(0.0812, device='cuda:0', grad_fn=<DivBackward0>)
Memory status after this epoch: 
Memory allocated:  47.44921875
Memory cached:  118.0
	 epoch  50 training error:  tensor(0.0631, device='cuda:0', grad_fn=<DivBackward0>)
Memory status after this epoch: 
Memory allocated:  47.44921875
Memory cached:  118.0
	 epoch  60 training error:  tensor(0.0588, device='cuda:0', grad_fn=<DivBackward0>)
Memory status after this epoch: 
Memory allocated:  47.44921875
Memory cached:  118.0
	 epoch  70 training error:  tensor(0.0520, device='cuda:0', grad_fn=<DivBackward0>)
Memory status after this epoch: 
Memory allocated:  47.44921875
Memory cached:  118.0
	 epoch  80 training error:  tensor(0.0468, device='cuda:0', grad_fn=<DivBackward0>)
Memory status after this epoch: 
Memory allocated:  47.44921875
Memory cached:  118.0
	 epoch  90 training error:  tensor(0.0570, device='cuda:0', grad_fn=<DivBackward0>)
Memory status after this epoch: 
Memory allocated:  47.44921875
Memory cached:  118.0
[I 2023-12-03 00:27:52,911] Trial 44 finished with value: 0.036468494683504105 and parameters: {'W_layers': 5, 'W_layer_units_exponent_0': 8, 'W_layer_units_exponent_1': 9, 'W_layer_units_exponent_2': 4, 'W_layer_units_exponent_3': 5, 'W_layer_units_exponent_4': 5, 'D_layers': 6, 'D_layer_units_exponent_0': 6, 'D_layer_units_exponent_1': 8, 'D_layer_units_exponent_2': 5, 'D_layer_units_exponent_3': 7, 'D_layer_units_exponent_4': 4, 'D_layer_units_exponent_5': 7, 'log_learning_rate': -3.016534412854886, 'log_learning_rate_D': -2.8311277804299344, 'training_batch_size': 9, 'training_p': 7}. Best is trial 36 with value: 0.02776537649333477.
Time for this trial:  46.48885488510132
Memory status after this trial: 
Memory allocated:  79.87353515625
Memory cached:  118.0
--------------------  Trial  45   --------------------
Start timing: 
Parameters: 
{'W_layers': 5, 'W_layer_units_exponent_0': 8, 'W_layer_units_exponent_1': 9, 'W_layer_units_exponent_2': 4, 'W_layer_units_exponent_3': 5, 'W_layer_units_exponent_4': 6, 'D_layers': 6, 'D_layer_units_exponent_0': 6, 'D_layer_units_exponent_1': 7, 'D_layer_units_exponent_2': 6, 'D_layer_units_exponent_3': 8, 'D_layer_units_exponent_4': 4, 'D_layer_units_exponent_5': 6, 'log_learning_rate': -2.737325851001305, 'log_learning_rate_D': -3.013042641863022, 'training_batch_size': 8, 'training_p': 7}
	 epoch  0 training error:  tensor(2.2879, device='cuda:0', grad_fn=<DivBackward0>)
Memory status after this epoch: 
Memory allocated:  47.5390625
Memory cached:  118.0
	 epoch  10 training error:  tensor(0.1348, device='cuda:0', grad_fn=<DivBackward0>)
Memory status after this epoch: 
Memory allocated:  47.5390625
Memory cached:  118.0
	 epoch  20 training error:  tensor(0.0883, device='cuda:0', grad_fn=<DivBackward0>)
Memory status after this epoch: 
Memory allocated:  47.5390625
Memory cached:  118.0
	 epoch  30 training error:  tensor(0.0674, device='cuda:0', grad_fn=<DivBackward0>)
Memory status after this epoch: 
Memory allocated:  47.5390625
Memory cached:  118.0
	 epoch  40 training error:  tensor(0.0533, device='cuda:0', grad_fn=<DivBackward0>)
Memory status after this epoch: 
Memory allocated:  47.5390625
Memory cached:  118.0
	 epoch  50 training error:  tensor(0.0485, device='cuda:0', grad_fn=<DivBackward0>)
Memory status after this epoch: 
Memory allocated:  47.5390625
Memory cached:  118.0
	 epoch  60 training error:  tensor(0.0485, device='cuda:0', grad_fn=<DivBackward0>)
Memory status after this epoch: 
Memory allocated:  47.5390625
Memory cached:  118.0
	 epoch  70 training error:  tensor(0.0450, device='cuda:0', grad_fn=<DivBackward0>)
Memory status after this epoch: 
Memory allocated:  47.5390625
Memory cached:  118.0
	 epoch  80 training error:  tensor(0.0408, device='cuda:0', grad_fn=<DivBackward0>)
Memory status after this epoch: 
Memory allocated:  47.5390625
Memory cached:  118.0
	 epoch  90 training error:  tensor(0.0413, device='cuda:0', grad_fn=<DivBackward0>)
Memory status after this epoch: 
Memory allocated:  47.5390625
Memory cached:  118.0
