/home/shengduo/anaconda3/lib/python3.9/site-packages/scipy/__init__.py:146: UserWarning: A NumPy version >=1.16.5 and <1.23.0 is required for this version of SciPy (detected version 1.24.1
  warnings.warn(f"A NumPy version >={np_minversion} and <{np_maxversion}"
[I 2024-01-03 14:00:34,262] A new study created in RDB with name: my_study
Cuda is available:  True
Device is:  cuda:0
Memory allocated:  0.0
Memory cached:  0.0
Data file:  ./data/Trial1215_smallDRS_smallA.pt
Vs.shape:  torch.Size([100, 100])
thetas.shape:  torch.Size([100, 100])
fs.shape:  torch.Size([100, 100])
ts.shape:  torch.Size([100, 100])
Xs.shape:  torch.Size([100, 100])
--------------------  Trial  0   --------------------
Start timing: 
Parameters: 
{'W_layers': 7, 'W_layer_units_exponent_0': 4, 'W_layer_units_exponent_1': 7, 'W_layer_units_exponent_2': 5, 'W_layer_units_exponent_3': 8, 'W_layer_units_exponent_4': 9, 'W_layer_units_exponent_5': 9, 'W_layer_units_exponent_6': 9, 'D_layers': 5, 'D_layer_units_exponent_0': 10, 'D_layer_units_exponent_1': 6, 'D_layer_units_exponent_2': 10, 'D_layer_units_exponent_3': 7, 'D_layer_units_exponent_4': 7, 'D_dagger_layers': 2, 'D_dagger_layer_units_exponent_0': 9, 'D_dagger_layer_units_exponent_1': 6, 'log_learning_rate': -3.50484719419934, 'log_learning_rate_D': -3.1591428850921455, 'log_learning_rate_D_dagger': -4.924330894865621, 'training_batch_size': 11, 'training_p': 2}
	 epoch  0 training error:  tensor(1.0447, device='cuda:0', grad_fn=<DivBackward0>)
Memory status after this epoch: 
Memory allocated:  15.279296875
Memory cached:  144.0
	 epoch  10 training error:  tensor(0.4913, device='cuda:0', grad_fn=<DivBackward0>)
Memory status after this epoch: 
Memory allocated:  15.279296875
Memory cached:  290.0
	 epoch  20 training error:  tensor(0.4431, device='cuda:0', grad_fn=<DivBackward0>)
Memory status after this epoch: 
Memory allocated:  15.279296875
Memory cached:  282.0
	 epoch  30 training error:  tensor(0.4417, device='cuda:0', grad_fn=<DivBackward0>)
Memory status after this epoch: 
Memory allocated:  15.279296875
Memory cached:  270.0
	 epoch  40 training error:  tensor(0.4404, device='cuda:0', grad_fn=<DivBackward0>)
Memory status after this epoch: 
Memory allocated:  15.279296875
Memory cached:  274.0
	 epoch  50 training error:  tensor(0.4378, device='cuda:0', grad_fn=<DivBackward0>)
Memory status after this epoch: 
Memory allocated:  15.279296875
Memory cached:  294.0
	 epoch  60 training error:  tensor(0.4366, device='cuda:0', grad_fn=<DivBackward0>)
Memory status after this epoch: 
Memory allocated:  15.279296875
Memory cached:  288.0
	 epoch  70 training error:  tensor(0.4343, device='cuda:0', grad_fn=<DivBackward0>)
Memory status after this epoch: 
Memory allocated:  15.279296875
Memory cached:  270.0
	 epoch  80 training error:  tensor(0.4328, device='cuda:0', grad_fn=<DivBackward0>)
Memory status after this epoch: 
Memory allocated:  15.279296875
Memory cached:  276.0
	 epoch  90 training error:  tensor(0.4317, device='cuda:0', grad_fn=<DivBackward0>)
Memory status after this epoch: 
Memory allocated:  15.279296875
Memory cached:  278.0
[I 2024-01-03 14:03:48,229] Trial 0 finished with value: 0.49452438950538635 and parameters: {'W_layers': 7, 'W_layer_units_exponent_0': 4, 'W_layer_units_exponent_1': 7, 'W_layer_units_exponent_2': 5, 'W_layer_units_exponent_3': 8, 'W_layer_units_exponent_4': 9, 'W_layer_units_exponent_5': 9, 'W_layer_units_exponent_6': 9, 'D_layers': 5, 'D_layer_units_exponent_0': 10, 'D_layer_units_exponent_1': 6, 'D_layer_units_exponent_2': 10, 'D_layer_units_exponent_3': 7, 'D_layer_units_exponent_4': 7, 'D_dagger_layers': 2, 'D_dagger_layer_units_exponent_0': 9, 'D_dagger_layer_units_exponent_1': 6, 'log_learning_rate': -3.50484719419934, 'log_learning_rate_D': -3.1591428850921455, 'log_learning_rate_D_dagger': -4.924330894865621, 'training_batch_size': 11, 'training_p': 2}. Best is trial 0 with value: 0.49452438950538635.
res:  tensor(0.4945, device='cuda:0', grad_fn=<DivBackward0>)
self.bestValue:  10000000.0
Save this model!
Time for this trial:  193.6854739189148
Memory status after this trial: 
Memory allocated:  263.86376953125
Memory cached:  272.0
--------------------  Trial  1   --------------------
Start timing: 
Parameters: 
{'W_layers': 6, 'W_layer_units_exponent_0': 5, 'W_layer_units_exponent_1': 9, 'W_layer_units_exponent_2': 10, 'W_layer_units_exponent_3': 9, 'W_layer_units_exponent_4': 9, 'W_layer_units_exponent_5': 5, 'D_layers': 3, 'D_layer_units_exponent_0': 6, 'D_layer_units_exponent_1': 4, 'D_layer_units_exponent_2': 6, 'D_dagger_layers': 5, 'D_dagger_layer_units_exponent_0': 9, 'D_dagger_layer_units_exponent_1': 9, 'D_dagger_layer_units_exponent_2': 7, 'D_dagger_layer_units_exponent_3': 5, 'D_dagger_layer_units_exponent_4': 9, 'log_learning_rate': -2.877413857036499, 'log_learning_rate_D': -2.2376420578558633, 'log_learning_rate_D_dagger': -3.392929937433781, 'training_batch_size': 7, 'training_p': 7}
	 epoch  0 training error:  tensor(1.0175, device='cuda:0', grad_fn=<DivBackward0>)
Memory status after this epoch: 
Memory allocated:  289.87255859375
Memory cached:  340.0
	 epoch  10 training error:  tensor(0.5526, device='cuda:0', grad_fn=<DivBackward0>)
Memory status after this epoch: 
Memory allocated:  289.87255859375
Memory cached:  440.0
	 epoch  20 training error:  tensor(0.5336, device='cuda:0', grad_fn=<DivBackward0>)
Memory status after this epoch: 
Memory allocated:  289.87255859375
Memory cached:  446.0
	 epoch  30 training error:  tensor(0.5507, device='cuda:0', grad_fn=<DivBackward0>)
Memory status after this epoch: 
Memory allocated:  289.87255859375
Memory cached:  438.0
	 epoch  40 training error:  tensor(0.5375, device='cuda:0', grad_fn=<DivBackward0>)
Memory status after this epoch: 
Memory allocated:  289.87255859375
Memory cached:  436.0
	 epoch  50 training error:  tensor(0.5357, device='cuda:0', grad_fn=<DivBackward0>)
Memory status after this epoch: 
Memory allocated:  289.87255859375
Memory cached:  436.0
	 epoch  60 training error:  tensor(0.5312, device='cuda:0', grad_fn=<DivBackward0>)
Memory status after this epoch: 
Memory allocated:  289.87255859375
Memory cached:  440.0
	 epoch  70 training error:  tensor(0.5349, device='cuda:0', grad_fn=<DivBackward0>)
Memory status after this epoch: 
Memory allocated:  289.87255859375
Memory cached:  440.0
	 epoch  80 training error:  tensor(0.5257, device='cuda:0', grad_fn=<DivBackward0>)
Memory status after this epoch: 
Memory allocated:  289.87255859375
Memory cached:  438.0
	 epoch  90 training error:  tensor(0.5260, device='cuda:0', grad_fn=<DivBackward0>)
Memory status after this epoch: 
Memory allocated:  289.87255859375
Memory cached:  442.0
[I 2024-01-03 14:07:08,008] Trial 1 finished with value: 0.4048807621002197 and parameters: {'W_layers': 6, 'W_layer_units_exponent_0': 5, 'W_layer_units_exponent_1': 9, 'W_layer_units_exponent_2': 10, 'W_layer_units_exponent_3': 9, 'W_layer_units_exponent_4': 9, 'W_layer_units_exponent_5': 5, 'D_layers': 3, 'D_layer_units_exponent_0': 6, 'D_layer_units_exponent_1': 4, 'D_layer_units_exponent_2': 6, 'D_dagger_layers': 5, 'D_dagger_layer_units_exponent_0': 9, 'D_dagger_layer_units_exponent_1': 9, 'D_dagger_layer_units_exponent_2': 7, 'D_dagger_layer_units_exponent_3': 5, 'D_dagger_layer_units_exponent_4': 9, 'log_learning_rate': -2.877413857036499, 'log_learning_rate_D': -2.2376420578558633, 'log_learning_rate_D_dagger': -3.392929937433781, 'training_batch_size': 7, 'training_p': 7}. Best is trial 1 with value: 0.4048807621002197.
res:  tensor(0.4049, device='cuda:0', grad_fn=<DivBackward0>)
self.bestValue:  tensor(0.4945, device='cuda:0', grad_fn=<DivBackward0>)
Save this model!
Time for this trial:  199.49554133415222
Memory status after this trial: 
Memory allocated:  247.2578125
Memory cached:  504.0
--------------------  Trial  2   --------------------
Start timing: 
Parameters: 
{'W_layers': 8, 'W_layer_units_exponent_0': 6, 'W_layer_units_exponent_1': 6, 'W_layer_units_exponent_2': 5, 'W_layer_units_exponent_3': 6, 'W_layer_units_exponent_4': 4, 'W_layer_units_exponent_5': 7, 'W_layer_units_exponent_6': 4, 'W_layer_units_exponent_7': 8, 'D_layers': 5, 'D_layer_units_exponent_0': 5, 'D_layer_units_exponent_1': 8, 'D_layer_units_exponent_2': 8, 'D_layer_units_exponent_3': 9, 'D_layer_units_exponent_4': 7, 'D_dagger_layers': 2, 'D_dagger_layer_units_exponent_0': 6, 'D_dagger_layer_units_exponent_1': 5, 'log_learning_rate': -4.9545378192178795, 'log_learning_rate_D': -2.103840020243273, 'log_learning_rate_D_dagger': -3.2422058006054466, 'training_batch_size': 6, 'training_p': 4}
	 epoch  0 training error:  tensor(0.8504, device='cuda:0', grad_fn=<DivBackward0>)
Memory status after this epoch: 
Memory allocated:  251.794921875
Memory cached:  484.0
	 epoch  10 training error:  tensor(0.5157, device='cuda:0', grad_fn=<DivBackward0>)
Memory status after this epoch: 
Memory allocated:  251.794921875
Memory cached:  504.0
	 epoch  20 training error:  tensor(0.4709, device='cuda:0', grad_fn=<DivBackward0>)
Memory status after this epoch: 
Memory allocated:  251.794921875
Memory cached:  498.0
	 epoch  30 training error:  tensor(0.4492, device='cuda:0', grad_fn=<DivBackward0>)
Memory status after this epoch: 
Memory allocated:  251.794921875
Memory cached:  504.0
	 epoch  40 training error:  tensor(0.4417, device='cuda:0', grad_fn=<DivBackward0>)
Memory status after this epoch: 
Memory allocated:  251.794921875
Memory cached:  508.0
	 epoch  50 training error:  tensor(0.4355, device='cuda:0', grad_fn=<DivBackward0>)
Memory status after this epoch: 
Memory allocated:  251.794921875
Memory cached:  504.0
	 epoch  60 training error:  tensor(0.4327, device='cuda:0', grad_fn=<DivBackward0>)
Memory status after this epoch: 
Memory allocated:  251.794921875
Memory cached:  504.0
	 epoch  70 training error:  tensor(0.4332, device='cuda:0', grad_fn=<DivBackward0>)
Memory status after this epoch: 
Memory allocated:  251.794921875
Memory cached:  508.0
	 epoch  80 training error:  tensor(0.4315, device='cuda:0', grad_fn=<DivBackward0>)
Memory status after this epoch: 
Memory allocated:  251.794921875
Memory cached:  504.0
	 epoch  90 training error:  tensor(0.4308, device='cuda:0', grad_fn=<DivBackward0>)
Memory status after this epoch: 
Memory allocated:  251.794921875
Memory cached:  508.0
[I 2024-01-03 14:12:43,741] Trial 2 finished with value: 0.3656879961490631 and parameters: {'W_layers': 8, 'W_layer_units_exponent_0': 6, 'W_layer_units_exponent_1': 6, 'W_layer_units_exponent_2': 5, 'W_layer_units_exponent_3': 6, 'W_layer_units_exponent_4': 4, 'W_layer_units_exponent_5': 7, 'W_layer_units_exponent_6': 4, 'W_layer_units_exponent_7': 8, 'D_layers': 5, 'D_layer_units_exponent_0': 5, 'D_layer_units_exponent_1': 8, 'D_layer_units_exponent_2': 8, 'D_layer_units_exponent_3': 9, 'D_layer_units_exponent_4': 7, 'D_dagger_layers': 2, 'D_dagger_layer_units_exponent_0': 6, 'D_dagger_layer_units_exponent_1': 5, 'log_learning_rate': -4.9545378192178795, 'log_learning_rate_D': -2.103840020243273, 'log_learning_rate_D_dagger': -3.2422058006054466, 'training_batch_size': 6, 'training_p': 4}. Best is trial 2 with value: 0.3656879961490631.
res:  tensor(0.3657, device='cuda:0', grad_fn=<DivBackward0>)
self.bestValue:  tensor(0.4049, device='cuda:0', grad_fn=<DivBackward0>)
Save this model!
Time for this trial:  335.42510628700256
Memory status after this trial: 
Memory allocated:  101.78125
Memory cached:  410.0
--------------------  Trial  3   --------------------
Start timing: 
Parameters: 
{'W_layers': 8, 'W_layer_units_exponent_0': 5, 'W_layer_units_exponent_1': 9, 'W_layer_units_exponent_2': 4, 'W_layer_units_exponent_3': 9, 'W_layer_units_exponent_4': 10, 'W_layer_units_exponent_5': 8, 'W_layer_units_exponent_6': 5, 'W_layer_units_exponent_7': 6, 'D_layers': 6, 'D_layer_units_exponent_0': 9, 'D_layer_units_exponent_1': 8, 'D_layer_units_exponent_2': 5, 'D_layer_units_exponent_3': 8, 'D_layer_units_exponent_4': 9, 'D_layer_units_exponent_5': 8, 'D_dagger_layers': 2, 'D_dagger_layer_units_exponent_0': 8, 'D_dagger_layer_units_exponent_1': 9, 'log_learning_rate': -2.237042035184073, 'log_learning_rate_D': -2.632305266075493, 'log_learning_rate_D_dagger': -4.419842900582639, 'training_batch_size': 10, 'training_p': 3}
	 epoch  0 training error:  tensor(0.9369, device='cuda:0', grad_fn=<DivBackward0>)
Memory status after this epoch: 
Memory allocated:  122.8212890625
Memory cached:  428.0
	 epoch  10 training error:  tensor(0.5067, device='cuda:0', grad_fn=<DivBackward0>)
Memory status after this epoch: 
Memory allocated:  122.8212890625
Memory cached:  466.0
	 epoch  20 training error:  tensor(0.5896, device='cuda:0', grad_fn=<DivBackward0>)
Memory status after this epoch: 
Memory allocated:  122.8212890625
Memory cached:  466.0
	 epoch  30 training error:  tensor(0.4755, device='cuda:0', grad_fn=<DivBackward0>)
Memory status after this epoch: 
Memory allocated:  122.8212890625
Memory cached:  464.0
	 epoch  40 training error:  tensor(0.4715, device='cuda:0', grad_fn=<DivBackward0>)
Memory status after this epoch: 
Memory allocated:  122.8212890625
Memory cached:  466.0
	 epoch  50 training error:  tensor(0.4671, device='cuda:0', grad_fn=<DivBackward0>)
Memory status after this epoch: 
Memory allocated:  122.8212890625
Memory cached:  466.0
	 epoch  60 training error:  tensor(0.4779, device='cuda:0', grad_fn=<DivBackward0>)
Memory status after this epoch: 
Memory allocated:  122.8212890625
Memory cached:  472.0
	 epoch  70 training error:  tensor(0.5742, device='cuda:0', grad_fn=<DivBackward0>)
Memory status after this epoch: 
Memory allocated:  122.8212890625
Memory cached:  466.0
	 epoch  80 training error:  tensor(0.4543, device='cuda:0', grad_fn=<DivBackward0>)
Memory status after this epoch: 
Memory allocated:  122.8212890625
Memory cached:  472.0
	 epoch  90 training error:  tensor(0.4559, device='cuda:0', grad_fn=<DivBackward0>)
Memory status after this epoch: 
Memory allocated:  122.8212890625
Memory cached:  458.0
[I 2024-01-03 14:16:21,783] Trial 3 finished with value: 0.45050618052482605 and parameters: {'W_layers': 8, 'W_layer_units_exponent_0': 5, 'W_layer_units_exponent_1': 9, 'W_layer_units_exponent_2': 4, 'W_layer_units_exponent_3': 9, 'W_layer_units_exponent_4': 10, 'W_layer_units_exponent_5': 8, 'W_layer_units_exponent_6': 5, 'W_layer_units_exponent_7': 6, 'D_layers': 6, 'D_layer_units_exponent_0': 9, 'D_layer_units_exponent_1': 8, 'D_layer_units_exponent_2': 5, 'D_layer_units_exponent_3': 8, 'D_layer_units_exponent_4': 9, 'D_layer_units_exponent_5': 8, 'D_dagger_layers': 2, 'D_dagger_layer_units_exponent_0': 8, 'D_dagger_layer_units_exponent_1': 9, 'log_learning_rate': -2.237042035184073, 'log_learning_rate_D': -2.632305266075493, 'log_learning_rate_D_dagger': -4.419842900582639, 'training_batch_size': 10, 'training_p': 3}. Best is trial 2 with value: 0.3656879961490631.
Time for this trial:  217.7795729637146
Memory status after this trial: 
Memory allocated:  374.619140625
Memory cached:  448.0
--------------------  Trial  4   --------------------
Start timing: 
Parameters: 
{'W_layers': 2, 'W_layer_units_exponent_0': 8, 'W_layer_units_exponent_1': 6, 'D_layers': 3, 'D_layer_units_exponent_0': 9, 'D_layer_units_exponent_1': 6, 'D_layer_units_exponent_2': 5, 'D_dagger_layers': 7, 'D_dagger_layer_units_exponent_0': 9, 'D_dagger_layer_units_exponent_1': 9, 'D_dagger_layer_units_exponent_2': 4, 'D_dagger_layer_units_exponent_3': 4, 'D_dagger_layer_units_exponent_4': 8, 'D_dagger_layer_units_exponent_5': 4, 'D_dagger_layer_units_exponent_6': 9, 'log_learning_rate': -2.0847476459033927, 'log_learning_rate_D': -2.624837358824088, 'log_learning_rate_D_dagger': -1.1968229537449635, 'training_batch_size': 7, 'training_p': 2}
	 epoch  0 training error:  tensor(1.0882, device='cuda:0', grad_fn=<DivBackward0>)
Memory status after this epoch: 
Memory allocated:  107.0615234375
Memory cached:  410.0
	 epoch  10 training error:  tensor(24.5669, device='cuda:0', grad_fn=<DivBackward0>)
Memory status after this epoch: 
Memory allocated:  107.0615234375
Memory cached:  436.0
	 epoch  20 training error:  tensor(1.4187, device='cuda:0', grad_fn=<DivBackward0>)
Memory status after this epoch: 
Memory allocated:  107.0615234375
Memory cached:  438.0
	 epoch  30 training error:  tensor(0.5967, device='cuda:0', grad_fn=<DivBackward0>)
Memory status after this epoch: 
Memory allocated:  107.0615234375
Memory cached:  434.0
	 epoch  40 training error:  tensor(0.4964, device='cuda:0', grad_fn=<DivBackward0>)
Memory status after this epoch: 
Memory allocated:  107.0615234375
Memory cached:  438.0
	 epoch  50 training error:  tensor(0.4754, device='cuda:0', grad_fn=<DivBackward0>)
Memory status after this epoch: 
Memory allocated:  107.0615234375
Memory cached:  438.0
	 epoch  60 training error:  tensor(0.4545, device='cuda:0', grad_fn=<DivBackward0>)
Memory status after this epoch: 
Memory allocated:  107.0615234375
Memory cached:  440.0
	 epoch  70 training error:  tensor(0.4551, device='cuda:0', grad_fn=<DivBackward0>)
Memory status after this epoch: 
Memory allocated:  107.0615234375
Memory cached:  430.0
	 epoch  80 training error:  tensor(0.4504, device='cuda:0', grad_fn=<DivBackward0>)
Memory status after this epoch: 
Memory allocated:  107.0615234375
Memory cached:  432.0
	 epoch  90 training error:  tensor(0.4491, device='cuda:0', grad_fn=<DivBackward0>)
Memory status after this epoch: 
Memory allocated:  107.0615234375
Memory cached:  436.0
[I 2024-01-03 14:19:11,330] Trial 4 finished with value: 0.512708306312561 and parameters: {'W_layers': 2, 'W_layer_units_exponent_0': 8, 'W_layer_units_exponent_1': 6, 'D_layers': 3, 'D_layer_units_exponent_0': 9, 'D_layer_units_exponent_1': 6, 'D_layer_units_exponent_2': 5, 'D_dagger_layers': 7, 'D_dagger_layer_units_exponent_0': 9, 'D_dagger_layer_units_exponent_1': 9, 'D_dagger_layer_units_exponent_2': 4, 'D_dagger_layer_units_exponent_3': 4, 'D_dagger_layer_units_exponent_4': 8, 'D_dagger_layer_units_exponent_5': 4, 'D_dagger_layer_units_exponent_6': 9, 'log_learning_rate': -2.0847476459033927, 'log_learning_rate_D': -2.624837358824088, 'log_learning_rate_D_dagger': -1.1968229537449635, 'training_batch_size': 7, 'training_p': 2}. Best is trial 2 with value: 0.3656879961490631.
Time for this trial:  169.24720764160156
Memory status after this trial: 
Memory allocated:  248.08447265625
Memory cached:  420.0
--------------------  Trial  5   --------------------
Start timing: 
Parameters: 
{'W_layers': 8, 'W_layer_units_exponent_0': 5, 'W_layer_units_exponent_1': 4, 'W_layer_units_exponent_2': 5, 'W_layer_units_exponent_3': 10, 'W_layer_units_exponent_4': 6, 'W_layer_units_exponent_5': 7, 'W_layer_units_exponent_6': 4, 'W_layer_units_exponent_7': 5, 'D_layers': 4, 'D_layer_units_exponent_0': 6, 'D_layer_units_exponent_1': 7, 'D_layer_units_exponent_2': 9, 'D_layer_units_exponent_3': 10, 'D_dagger_layers': 7, 'D_dagger_layer_units_exponent_0': 10, 'D_dagger_layer_units_exponent_1': 7, 'D_dagger_layer_units_exponent_2': 10, 'D_dagger_layer_units_exponent_3': 7, 'D_dagger_layer_units_exponent_4': 10, 'D_dagger_layer_units_exponent_5': 9, 'D_dagger_layer_units_exponent_6': 7, 'log_learning_rate': -4.292025142781511, 'log_learning_rate_D': -4.650015520043776, 'log_learning_rate_D_dagger': -4.859768385156954, 'training_batch_size': 10, 'training_p': 2}
	 epoch  0 training error:  tensor(0.9885, device='cuda:0', grad_fn=<DivBackward0>)
Memory status after this epoch: 
Memory allocated:  129.7900390625
Memory cached:  456.0
	 epoch  10 training error:  tensor(0.8932, device='cuda:0', grad_fn=<DivBackward0>)
Memory status after this epoch: 
Memory allocated:  129.7900390625
Memory cached:  516.0
	 epoch  20 training error:  tensor(0.7601, device='cuda:0', grad_fn=<DivBackward0>)
Memory status after this epoch: 
Memory allocated:  129.7900390625
Memory cached:  520.0
	 epoch  30 training error:  tensor(0.5600, device='cuda:0', grad_fn=<DivBackward0>)
Memory status after this epoch: 
Memory allocated:  129.7900390625
Memory cached:  520.0
	 epoch  40 training error:  tensor(0.3668, device='cuda:0', grad_fn=<DivBackward0>)
Memory status after this epoch: 
Memory allocated:  129.7900390625
Memory cached:  524.0
	 epoch  50 training error:  tensor(0.3721, device='cuda:0', grad_fn=<DivBackward0>)
Memory status after this epoch: 
Memory allocated:  129.7900390625
Memory cached:  520.0
	 epoch  60 training error:  tensor(0.3345, device='cuda:0', grad_fn=<DivBackward0>)
Memory status after this epoch: 
Memory allocated:  129.7900390625
Memory cached:  528.0
	 epoch  70 training error:  tensor(0.3166, device='cuda:0', grad_fn=<DivBackward0>)
Memory status after this epoch: 
Memory allocated:  129.7900390625
Memory cached:  524.0
	 epoch  80 training error:  tensor(0.3044, device='cuda:0', grad_fn=<DivBackward0>)
Memory status after this epoch: 
Memory allocated:  129.7900390625
Memory cached:  522.0
	 epoch  90 training error:  tensor(0.2928, device='cuda:0', grad_fn=<DivBackward0>)
Memory status after this epoch: 
Memory allocated:  129.7900390625
Memory cached:  526.0
