[I 2024-01-13 23:26:50,377] Trial 6 finished with value: 0.10773061960935593 and parameters: {'W_layers': 7, 'W_layer_units_exponent_0': 5, 'W_layer_units_exponent_1': 9, 'W_layer_units_exponent_2': 4, 'W_layer_units_exponent_3': 4, 'W_layer_units_exponent_4': 7, 'W_layer_units_exponent_5': 8, 'W_layer_units_exponent_6': 10, 'D_layers': 8, 'D_layer_units_exponent_0': 4, 'D_layer_units_exponent_1': 6, 'D_layer_units_exponent_2': 8, 'D_layer_units_exponent_3': 7, 'D_layer_units_exponent_4': 8, 'D_layer_units_exponent_5': 10, 'D_layer_units_exponent_6': 10, 'D_layer_units_exponent_7': 10, 'D_dagger_layers': 2, 'D_dagger_layer_units_exponent_0': 9, 'D_dagger_layer_units_exponent_1': 6, 'log_learning_rate': -3.057094268896931, 'log_learning_rate_D': -2.8167998281757836, 'log_learning_rate_D_dagger': -4.086127682382566, 'training_batch_size': 9, 'training_p': 8}. Best is trial 0 with value: 0.0953373834490776.
Time for this trial:  33.0844202041626
Memory status after this trial: 
Memory allocated:  569.18603515625
Memory cached:  602.0
--------------------  Trial  7   --------------------
Start timing: 
Parameters: 
{'W_layers': 4, 'W_layer_units_exponent_0': 7, 'W_layer_units_exponent_1': 5, 'W_layer_units_exponent_2': 5, 'W_layer_units_exponent_3': 10, 'D_layers': 5, 'D_layer_units_exponent_0': 8, 'D_layer_units_exponent_1': 9, 'D_layer_units_exponent_2': 7, 'D_layer_units_exponent_3': 6, 'D_layer_units_exponent_4': 8, 'D_dagger_layers': 5, 'D_dagger_layer_units_exponent_0': 10, 'D_dagger_layer_units_exponent_1': 6, 'D_dagger_layer_units_exponent_2': 4, 'D_dagger_layer_units_exponent_3': 8, 'D_dagger_layer_units_exponent_4': 10, 'log_learning_rate': -3.1227132407161142, 'log_learning_rate_D': -4.194754643391854, 'log_learning_rate_D_dagger': -3.6060241014785452, 'training_batch_size': 7, 'training_p': 2}
	 epoch  0 training error:  tensor(0.9085, device='cuda:0', grad_fn=<DivBackward0>)
Memory status after this epoch: 
Memory allocated:  310.81396484375
Memory cached:  338.0
	 epoch  10 training error:  tensor(0.1912, device='cuda:0', grad_fn=<DivBackward0>)
Memory status after this epoch: 
Memory allocated:  310.81396484375
Memory cached:  340.0
	 epoch  20 training error:  tensor(0.1053, device='cuda:0', grad_fn=<DivBackward0>)
Memory status after this epoch: 
Memory allocated:  310.81396484375
Memory cached:  338.0
	 epoch  30 training error:  tensor(0.1065, device='cuda:0', grad_fn=<DivBackward0>)
Memory status after this epoch: 
Memory allocated:  310.81396484375
Memory cached:  338.0
	 epoch  40 training error:  tensor(0.0854, device='cuda:0', grad_fn=<DivBackward0>)
Memory status after this epoch: 
Memory allocated:  310.81396484375
Memory cached:  342.0
	 epoch  50 training error:  tensor(0.0882, device='cuda:0', grad_fn=<DivBackward0>)
Memory status after this epoch: 
Memory allocated:  310.81396484375
Memory cached:  340.0
	 epoch  60 training error:  tensor(0.0902, device='cuda:0', grad_fn=<DivBackward0>)
Memory status after this epoch: 
Memory allocated:  310.81396484375
Memory cached:  338.0
	 epoch  70 training error:  tensor(0.0861, device='cuda:0', grad_fn=<DivBackward0>)
Memory status after this epoch: 
Memory allocated:  310.81396484375
Memory cached:  340.0
	 epoch  80 training error:  tensor(0.0859, device='cuda:0', grad_fn=<DivBackward0>)
Memory status after this epoch: 
Memory allocated:  310.81396484375
Memory cached:  340.0
	 epoch  90 training error:  tensor(0.0919, device='cuda:0', grad_fn=<DivBackward0>)
Memory status after this epoch: 
Memory allocated:  310.81396484375
Memory cached:  338.0
[I 2024-01-13 23:27:37,614] Trial 7 finished with value: 0.08976651728153229 and parameters: {'W_layers': 4, 'W_layer_units_exponent_0': 7, 'W_layer_units_exponent_1': 5, 'W_layer_units_exponent_2': 5, 'W_layer_units_exponent_3': 10, 'D_layers': 5, 'D_layer_units_exponent_0': 8, 'D_layer_units_exponent_1': 9, 'D_layer_units_exponent_2': 7, 'D_layer_units_exponent_3': 6, 'D_layer_units_exponent_4': 8, 'D_dagger_layers': 5, 'D_dagger_layer_units_exponent_0': 10, 'D_dagger_layer_units_exponent_1': 6, 'D_dagger_layer_units_exponent_2': 4, 'D_dagger_layer_units_exponent_3': 8, 'D_dagger_layer_units_exponent_4': 10, 'log_learning_rate': -3.1227132407161142, 'log_learning_rate_D': -4.194754643391854, 'log_learning_rate_D_dagger': -3.6060241014785452, 'training_batch_size': 7, 'training_p': 2}. Best is trial 7 with value: 0.08976651728153229.
res:  tensor(0.0898, device='cuda:0', grad_fn=<DivBackward0>)
self.bestValue:  tensor(0.0953, device='cuda:0', grad_fn=<DivBackward0>)
Save this model!
Time for this trial:  47.021867513656616
Memory status after this trial: 
Memory allocated:  364.72900390625
Memory cached:  450.0
--------------------  Trial  8   --------------------
Start timing: 
Parameters: 
{'W_layers': 4, 'W_layer_units_exponent_0': 10, 'W_layer_units_exponent_1': 10, 'W_layer_units_exponent_2': 5, 'W_layer_units_exponent_3': 6, 'D_layers': 3, 'D_layer_units_exponent_0': 5, 'D_layer_units_exponent_1': 10, 'D_layer_units_exponent_2': 7, 'D_dagger_layers': 6, 'D_dagger_layer_units_exponent_0': 4, 'D_dagger_layer_units_exponent_1': 5, 'D_dagger_layer_units_exponent_2': 6, 'D_dagger_layer_units_exponent_3': 6, 'D_dagger_layer_units_exponent_4': 9, 'D_dagger_layer_units_exponent_5': 8, 'log_learning_rate': -1.000346211456618, 'log_learning_rate_D': -2.64024382431181, 'log_learning_rate_D_dagger': -1.9776582515709804, 'training_batch_size': 12, 'training_p': 3}
	 epoch  0 training error:  tensor(1.1353, device='cuda:0', grad_fn=<DivBackward0>)
Memory status after this epoch: 
Memory allocated:  384.9140625
Memory cached:  450.0
	 epoch  10 training error:  tensor(289.9622, device='cuda:0', grad_fn=<DivBackward0>)
Memory status after this epoch: 
Memory allocated:  384.9140625
Memory cached:  450.0
	 epoch  20 training error:  tensor(1353.7760, device='cuda:0', grad_fn=<DivBackward0>)
Memory status after this epoch: 
Memory allocated:  384.9140625
Memory cached:  450.0
	 epoch  30 training error:  tensor(1927.9098, device='cuda:0', grad_fn=<DivBackward0>)
Memory status after this epoch: 
Memory allocated:  384.9140625
Memory cached:  450.0
	 epoch  40 training error:  tensor(559.0323, device='cuda:0', grad_fn=<DivBackward0>)
Memory status after this epoch: 
Memory allocated:  384.9140625
Memory cached:  450.0
	 epoch  50 training error:  tensor(112.5106, device='cuda:0', grad_fn=<DivBackward0>)
Memory status after this epoch: 
Memory allocated:  384.9140625
Memory cached:  450.0
	 epoch  60 training error:  tensor(0.9984, device='cuda:0', grad_fn=<DivBackward0>)
Memory status after this epoch: 
Memory allocated:  384.9140625
Memory cached:  450.0
	 epoch  70 training error:  tensor(0.9639, device='cuda:0', grad_fn=<DivBackward0>)
Memory status after this epoch: 
Memory allocated:  384.9140625
Memory cached:  450.0
	 epoch  80 training error:  tensor(0.1898, device='cuda:0', grad_fn=<DivBackward0>)
Memory status after this epoch: 
Memory allocated:  384.9140625
Memory cached:  450.0
	 epoch  90 training error:  tensor(0.1485, device='cuda:0', grad_fn=<DivBackward0>)
Memory status after this epoch: 
Memory allocated:  384.9140625
Memory cached:  450.0
[I 2024-01-13 23:28:12,329] Trial 8 finished with value: 0.10877261310815811 and parameters: {'W_layers': 4, 'W_layer_units_exponent_0': 10, 'W_layer_units_exponent_1': 10, 'W_layer_units_exponent_2': 5, 'W_layer_units_exponent_3': 6, 'D_layers': 3, 'D_layer_units_exponent_0': 5, 'D_layer_units_exponent_1': 10, 'D_layer_units_exponent_2': 7, 'D_dagger_layers': 6, 'D_dagger_layer_units_exponent_0': 4, 'D_dagger_layer_units_exponent_1': 5, 'D_dagger_layer_units_exponent_2': 6, 'D_dagger_layer_units_exponent_3': 6, 'D_dagger_layer_units_exponent_4': 9, 'D_dagger_layer_units_exponent_5': 8, 'log_learning_rate': -1.000346211456618, 'log_learning_rate_D': -2.64024382431181, 'log_learning_rate_D_dagger': -1.9776582515709804, 'training_batch_size': 12, 'training_p': 3}. Best is trial 7 with value: 0.08976651728153229.
Time for this trial:  34.48107862472534
Memory status after this trial: 
Memory allocated:  706.39697265625
Memory cached:  746.0
--------------------  Trial  9   --------------------
Start timing: 
Parameters: 
{'W_layers': 4, 'W_layer_units_exponent_0': 8, 'W_layer_units_exponent_1': 8, 'W_layer_units_exponent_2': 9, 'W_layer_units_exponent_3': 6, 'D_layers': 3, 'D_layer_units_exponent_0': 7, 'D_layer_units_exponent_1': 6, 'D_layer_units_exponent_2': 7, 'D_dagger_layers': 6, 'D_dagger_layer_units_exponent_0': 7, 'D_dagger_layer_units_exponent_1': 8, 'D_dagger_layer_units_exponent_2': 4, 'D_dagger_layer_units_exponent_3': 10, 'D_dagger_layer_units_exponent_4': 9, 'D_dagger_layer_units_exponent_5': 10, 'log_learning_rate': -1.655952891431106, 'log_learning_rate_D': -4.767409793311901, 'log_learning_rate_D_dagger': -3.7218761273117495, 'training_batch_size': 12, 'training_p': 3}
	 epoch  0 training error:  tensor(0.8852, device='cuda:0', grad_fn=<DivBackward0>)
Memory status after this epoch: 
Memory allocated:  385.53759765625
Memory cached:  466.0
	 epoch  10 training error:  tensor(1.1270, device='cuda:0', grad_fn=<DivBackward0>)
Memory status after this epoch: 
Memory allocated:  385.53759765625
Memory cached:  466.0
	 epoch  20 training error:  tensor(0.6085, device='cuda:0', grad_fn=<DivBackward0>)
Memory status after this epoch: 
Memory allocated:  385.53759765625
Memory cached:  466.0
	 epoch  30 training error:  tensor(0.4820, device='cuda:0', grad_fn=<DivBackward0>)
Memory status after this epoch: 
Memory allocated:  385.53759765625
Memory cached:  466.0
	 epoch  40 training error:  tensor(0.2537, device='cuda:0', grad_fn=<DivBackward0>)
Memory status after this epoch: 
Memory allocated:  385.53759765625
Memory cached:  466.0
	 epoch  50 training error:  tensor(0.1879, device='cuda:0', grad_fn=<DivBackward0>)
Memory status after this epoch: 
Memory allocated:  385.53759765625
Memory cached:  466.0
	 epoch  60 training error:  tensor(0.1178, device='cuda:0', grad_fn=<DivBackward0>)
Memory status after this epoch: 
Memory allocated:  385.53759765625
Memory cached:  466.0
	 epoch  70 training error:  tensor(0.1151, device='cuda:0', grad_fn=<DivBackward0>)
Memory status after this epoch: 
Memory allocated:  385.53759765625
Memory cached:  466.0
	 epoch  80 training error:  tensor(0.1099, device='cuda:0', grad_fn=<DivBackward0>)
Memory status after this epoch: 
Memory allocated:  385.53759765625
Memory cached:  466.0
	 epoch  90 training error:  tensor(0.1008, device='cuda:0', grad_fn=<DivBackward0>)
Memory status after this epoch: 
Memory allocated:  385.53759765625
Memory cached:  466.0
[I 2024-01-13 23:28:59,154] Trial 9 finished with value: 0.09103768318891525 and parameters: {'W_layers': 4, 'W_layer_units_exponent_0': 8, 'W_layer_units_exponent_1': 8, 'W_layer_units_exponent_2': 9, 'W_layer_units_exponent_3': 6, 'D_layers': 3, 'D_layer_units_exponent_0': 7, 'D_layer_units_exponent_1': 6, 'D_layer_units_exponent_2': 7, 'D_dagger_layers': 6, 'D_dagger_layer_units_exponent_0': 7, 'D_dagger_layer_units_exponent_1': 8, 'D_dagger_layer_units_exponent_2': 4, 'D_dagger_layer_units_exponent_3': 10, 'D_dagger_layer_units_exponent_4': 9, 'D_dagger_layer_units_exponent_5': 10, 'log_learning_rate': -1.655952891431106, 'log_learning_rate_D': -4.767409793311901, 'log_learning_rate_D_dagger': -3.7218761273117495, 'training_batch_size': 12, 'training_p': 3}. Best is trial 7 with value: 0.08976651728153229.
Time for this trial:  46.59418487548828
Memory status after this trial: 
Memory allocated:  800.39013671875
Memory cached:  842.0
--------------------  Trial  10   --------------------
Start timing: 
Parameters: 
{'W_layers': 2, 'W_layer_units_exponent_0': 7, 'W_layer_units_exponent_1': 4, 'D_layers': 5, 'D_layer_units_exponent_0': 8, 'D_layer_units_exponent_1': 4, 'D_layer_units_exponent_2': 4, 'D_layer_units_exponent_3': 4, 'D_layer_units_exponent_4': 9, 'D_dagger_layers': 8, 'D_dagger_layer_units_exponent_0': 10, 'D_dagger_layer_units_exponent_1': 10, 'D_dagger_layer_units_exponent_2': 6, 'D_dagger_layer_units_exponent_3': 4, 'D_dagger_layer_units_exponent_4': 6, 'D_dagger_layer_units_exponent_5': 7, 'D_dagger_layer_units_exponent_6': 4, 'D_dagger_layer_units_exponent_7': 4, 'log_learning_rate': -4.947873227148424, 'log_learning_rate_D': -4.8605324525662885, 'log_learning_rate_D_dagger': -3.5183959158740086, 'training_batch_size': 6, 'training_p': 2}
	 epoch  0 training error:  tensor(1.3261, device='cuda:0', grad_fn=<DivBackward0>)
Memory status after this epoch: 
Memory allocated:  382.0888671875
Memory cached:  466.0
	 epoch  10 training error:  tensor(0.1512, device='cuda:0', grad_fn=<DivBackward0>)
Memory status after this epoch: 
Memory allocated:  382.0888671875
Memory cached:  466.0
	 epoch  20 training error:  tensor(0.1083, device='cuda:0', grad_fn=<DivBackward0>)
Memory status after this epoch: 
Memory allocated:  382.0888671875
Memory cached:  466.0
	 epoch  30 training error:  tensor(0.1041, device='cuda:0', grad_fn=<DivBackward0>)
Memory status after this epoch: 
Memory allocated:  382.0888671875
Memory cached:  466.0
	 epoch  40 training error:  tensor(0.0961, device='cuda:0', grad_fn=<DivBackward0>)
Memory status after this epoch: 
Memory allocated:  382.0888671875
Memory cached:  466.0
	 epoch  50 training error:  tensor(0.0938, device='cuda:0', grad_fn=<DivBackward0>)
Memory status after this epoch: 
Memory allocated:  382.0888671875
Memory cached:  466.0
	 epoch  60 training error:  tensor(0.0914, device='cuda:0', grad_fn=<DivBackward0>)
Memory status after this epoch: 
Memory allocated:  382.0888671875
Memory cached:  466.0
	 epoch  70 training error:  tensor(0.0905, device='cuda:0', grad_fn=<DivBackward0>)
Memory status after this epoch: 
Memory allocated:  382.0888671875
Memory cached:  466.0
	 epoch  80 training error:  tensor(0.0911, device='cuda:0', grad_fn=<DivBackward0>)
Memory status after this epoch: 
Memory allocated:  382.0888671875
Memory cached:  466.0
	 epoch  90 training error:  tensor(0.0881, device='cuda:0', grad_fn=<DivBackward0>)
Memory status after this epoch: 
Memory allocated:  382.0888671875
Memory cached:  466.0
[I 2024-01-13 23:29:25,423] Trial 10 finished with value: 0.09780292958021164 and parameters: {'W_layers': 2, 'W_layer_units_exponent_0': 7, 'W_layer_units_exponent_1': 4, 'D_layers': 5, 'D_layer_units_exponent_0': 8, 'D_layer_units_exponent_1': 4, 'D_layer_units_exponent_2': 4, 'D_layer_units_exponent_3': 4, 'D_layer_units_exponent_4': 9, 'D_dagger_layers': 8, 'D_dagger_layer_units_exponent_0': 10, 'D_dagger_layer_units_exponent_1': 10, 'D_dagger_layer_units_exponent_2': 6, 'D_dagger_layer_units_exponent_3': 4, 'D_dagger_layer_units_exponent_4': 6, 'D_dagger_layer_units_exponent_5': 7, 'D_dagger_layer_units_exponent_6': 4, 'D_dagger_layer_units_exponent_7': 4, 'log_learning_rate': -4.947873227148424, 'log_learning_rate_D': -4.8605324525662885, 'log_learning_rate_D_dagger': -3.5183959158740086, 'training_batch_size': 6, 'training_p': 2}. Best is trial 7 with value: 0.08976651728153229.
Time for this trial:  25.955554485321045
Memory status after this trial: 
Memory allocated:  645.09912109375
Memory cached:  686.0
--------------------  Trial  11   --------------------
Start timing: 
Parameters: 
{'W_layers': 3, 'W_layer_units_exponent_0': 8, 'W_layer_units_exponent_1': 5, 'W_layer_units_exponent_2': 8, 'D_layers': 4, 'D_layer_units_exponent_0': 7, 'D_layer_units_exponent_1': 6, 'D_layer_units_exponent_2': 5, 'D_layer_units_exponent_3': 5, 'D_dagger_layers': 4, 'D_dagger_layer_units_exponent_0': 8, 'D_dagger_layer_units_exponent_1': 7, 'D_dagger_layer_units_exponent_2': 4, 'D_dagger_layer_units_exponent_3': 10, 'log_learning_rate': -2.247747771898636, 'log_learning_rate_D': -4.988033167330671, 'log_learning_rate_D_dagger': -3.631618325707626, 'training_batch_size': 10, 'training_p': 3}
	 epoch  0 training error:  tensor(0.9660, device='cuda:0', grad_fn=<DivBackward0>)
Memory status after this epoch: 
Memory allocated:  365.9287109375
Memory cached:  450.0
	 epoch  10 training error:  tensor(0.4903, device='cuda:0', grad_fn=<DivBackward0>)
Memory status after this epoch: 
Memory allocated:  365.9287109375
Memory cached:  450.0
	 epoch  20 training error:  tensor(0.2550, device='cuda:0', grad_fn=<DivBackward0>)
Memory status after this epoch: 
Memory allocated:  365.9287109375
Memory cached:  450.0
	 epoch  30 training error:  tensor(0.1850, device='cuda:0', grad_fn=<DivBackward0>)
Memory status after this epoch: 
Memory allocated:  365.9287109375
Memory cached:  450.0
	 epoch  40 training error:  tensor(0.1494, device='cuda:0', grad_fn=<DivBackward0>)
Memory status after this epoch: 
Memory allocated:  365.9287109375
Memory cached:  450.0
	 epoch  50 training error:  tensor(0.1303, device='cuda:0', grad_fn=<DivBackward0>)
Memory status after this epoch: 
Memory allocated:  365.9287109375
Memory cached:  450.0
	 epoch  60 training error:  tensor(0.1132, device='cuda:0', grad_fn=<DivBackward0>)
Memory status after this epoch: 
Memory allocated:  365.9287109375
Memory cached:  450.0
	 epoch  70 training error:  tensor(0.1020, device='cuda:0', grad_fn=<DivBackward0>)
Memory status after this epoch: 
Memory allocated:  365.9287109375
Memory cached:  450.0
	 epoch  80 training error:  tensor(0.1005, device='cuda:0', grad_fn=<DivBackward0>)
Memory status after this epoch: 
Memory allocated:  365.9287109375
Memory cached:  450.0
	 epoch  90 training error:  tensor(0.0982, device='cuda:0', grad_fn=<DivBackward0>)
Memory status after this epoch: 
Memory allocated:  365.9287109375
Memory cached:  450.0
[I 2024-01-13 23:29:57,834] Trial 11 finished with value: 0.08996407687664032 and parameters: {'W_layers': 3, 'W_layer_units_exponent_0': 8, 'W_layer_units_exponent_1': 5, 'W_layer_units_exponent_2': 8, 'D_layers': 4, 'D_layer_units_exponent_0': 7, 'D_layer_units_exponent_1': 6, 'D_layer_units_exponent_2': 5, 'D_layer_units_exponent_3': 5, 'D_dagger_layers': 4, 'D_dagger_layer_units_exponent_0': 8, 'D_dagger_layer_units_exponent_1': 7, 'D_dagger_layer_units_exponent_2': 4, 'D_dagger_layer_units_exponent_3': 10, 'log_learning_rate': -2.247747771898636, 'log_learning_rate_D': -4.988033167330671, 'log_learning_rate_D_dagger': -3.631618325707626, 'training_batch_size': 10, 'training_p': 3}. Best is trial 7 with value: 0.08976651728153229.
Time for this trial:  32.121821641922
Memory status after this trial: 
Memory allocated:  559.96630859375
Memory cached:  578.0
--------------------  Trial  12   --------------------
Start timing: 
Parameters: 
{'W_layers': 3, 'W_layer_units_exponent_0': 7, 'W_layer_units_exponent_1': 5, 'W_layer_units_exponent_2': 7, 'D_layers': 4, 'D_layer_units_exponent_0': 8, 'D_layer_units_exponent_1': 5, 'D_layer_units_exponent_2': 4, 'D_layer_units_exponent_3': 5, 'D_dagger_layers': 3, 'D_dagger_layer_units_exponent_0': 10, 'D_dagger_layer_units_exponent_1': 6, 'D_dagger_layer_units_exponent_2': 6, 'log_learning_rate': -2.3913484979509545, 'log_learning_rate_D': -4.218842858760578, 'log_learning_rate_D_dagger': -4.135478303793944, 'training_batch_size': 10, 'training_p': 2}
	 epoch  0 training error:  tensor(0.8625, device='cuda:0', grad_fn=<DivBackward0>)
Memory status after this epoch: 
Memory allocated:  366.06396484375
Memory cached:  450.0
	 epoch  10 training error:  tensor(0.4463, device='cuda:0', grad_fn=<DivBackward0>)
Memory status after this epoch: 
Memory allocated:  366.06396484375
Memory cached:  450.0
	 epoch  20 training error:  tensor(0.1635, device='cuda:0', grad_fn=<DivBackward0>)
Memory status after this epoch: 
Memory allocated:  366.06396484375
Memory cached:  450.0
	 epoch  30 training error:  tensor(0.1712, device='cuda:0', grad_fn=<DivBackward0>)
Memory status after this epoch: 
Memory allocated:  366.06396484375
Memory cached:  450.0
	 epoch  40 training error:  tensor(0.1394, device='cuda:0', grad_fn=<DivBackward0>)
Memory status after this epoch: 
Memory allocated:  366.06396484375
Memory cached:  450.0
	 epoch  50 training error:  tensor(0.1280, device='cuda:0', grad_fn=<DivBackward0>)
Memory status after this epoch: 
Memory allocated:  366.06396484375
Memory cached:  450.0
	 epoch  60 training error:  tensor(0.1183, device='cuda:0', grad_fn=<DivBackward0>)
Memory status after this epoch: 
Memory allocated:  366.06396484375
Memory cached:  450.0
	 epoch  70 training error:  tensor(0.1086, device='cuda:0', grad_fn=<DivBackward0>)
Memory status after this epoch: 
Memory allocated:  366.06396484375
Memory cached:  450.0
	 epoch  80 training error:  tensor(0.0992, device='cuda:0', grad_fn=<DivBackward0>)
Memory status after this epoch: 
Memory allocated:  366.06396484375
Memory cached:  450.0
	 epoch  90 training error:  tensor(0.0922, device='cuda:0', grad_fn=<DivBackward0>)
Memory status after this epoch: 
Memory allocated:  366.06396484375
Memory cached:  450.0
