[I 2024-01-11 02:09:49,372] Trial 113 finished with value: 0.07463232427835464 and parameters: {'W_layers': 3, 'W_layer_units_exponent_0': 7, 'W_layer_units_exponent_1': 4, 'W_layer_units_exponent_2': 5, 'D_layers': 4, 'D_layer_units_exponent_0': 10, 'D_layer_units_exponent_1': 7, 'D_layer_units_exponent_2': 7, 'D_layer_units_exponent_3': 4, 'D_dagger_layers': 4, 'D_dagger_layer_units_exponent_0': 10, 'D_dagger_layer_units_exponent_1': 6, 'D_dagger_layer_units_exponent_2': 5, 'D_dagger_layer_units_exponent_3': 7, 'log_learning_rate': -3.2779488346000716, 'log_learning_rate_D': -2.5222191572194994, 'log_learning_rate_D_dagger': -2.775751542705112, 'training_batch_size': 6, 'training_p': 6}. Best is trial 113 with value: 0.07463232427835464.
res:  tensor(0.0746, device='cuda:0', grad_fn=<DivBackward0>)
self.bestValue:  tensor(0.0848, device='cuda:0', grad_fn=<DivBackward0>)
Save this model!
Time for this trial:  414.5449421405792
Memory status after this trial: 
Memory allocated:  288.78515625
Memory cached:  556.0
--------------------  Trial  114   --------------------
Start timing: 
Parameters: 
{'W_layers': 3, 'W_layer_units_exponent_0': 7, 'W_layer_units_exponent_1': 4, 'W_layer_units_exponent_2': 5, 'D_layers': 4, 'D_layer_units_exponent_0': 10, 'D_layer_units_exponent_1': 8, 'D_layer_units_exponent_2': 7, 'D_layer_units_exponent_3': 4, 'D_dagger_layers': 5, 'D_dagger_layer_units_exponent_0': 10, 'D_dagger_layer_units_exponent_1': 6, 'D_dagger_layer_units_exponent_2': 7, 'D_dagger_layer_units_exponent_3': 7, 'D_dagger_layer_units_exponent_4': 6, 'log_learning_rate': -3.2792386053092333, 'log_learning_rate_D': -2.62309911747443, 'log_learning_rate_D_dagger': -2.7558149128596003, 'training_batch_size': 6, 'training_p': 7}
	 epoch  0 training error:  tensor(0.7487, device='cuda:0', grad_fn=<DivBackward0>)
Memory status after this epoch: 
Memory allocated:  294.9765625
Memory cached:  550.0
	 epoch  10 training error:  tensor(0.3726, device='cuda:0', grad_fn=<DivBackward0>)
Memory status after this epoch: 
Memory allocated:  294.9765625
Memory cached:  552.0
	 epoch  20 training error:  tensor(0.3502, device='cuda:0', grad_fn=<DivBackward0>)
Memory status after this epoch: 
Memory allocated:  294.9765625
Memory cached:  552.0
	 epoch  30 training error:  tensor(0.3495, device='cuda:0', grad_fn=<DivBackward0>)
Memory status after this epoch: 
Memory allocated:  294.9765625
Memory cached:  552.0
	 epoch  40 training error:  tensor(0.3500, device='cuda:0', grad_fn=<DivBackward0>)
Memory status after this epoch: 
Memory allocated:  294.9765625
Memory cached:  552.0
	 epoch  50 training error:  tensor(0.3256, device='cuda:0', grad_fn=<DivBackward0>)
Memory status after this epoch: 
Memory allocated:  294.9765625
Memory cached:  550.0
	 epoch  60 training error:  tensor(0.3762, device='cuda:0', grad_fn=<DivBackward0>)
Memory status after this epoch: 
Memory allocated:  294.9765625
Memory cached:  550.0
	 epoch  70 training error:  tensor(0.3704, device='cuda:0', grad_fn=<DivBackward0>)
Memory status after this epoch: 
Memory allocated:  294.9765625
Memory cached:  552.0
	 epoch  80 training error:  tensor(0.3705, device='cuda:0', grad_fn=<DivBackward0>)
Memory status after this epoch: 
Memory allocated:  294.9765625
Memory cached:  552.0
	 epoch  90 training error:  tensor(0.3594, device='cuda:0', grad_fn=<DivBackward0>)
Memory status after this epoch: 
Memory allocated:  294.9765625
Memory cached:  552.0
[I 2024-01-11 02:17:09,130] Trial 114 finished with value: 0.19948747754096985 and parameters: {'W_layers': 3, 'W_layer_units_exponent_0': 7, 'W_layer_units_exponent_1': 4, 'W_layer_units_exponent_2': 5, 'D_layers': 4, 'D_layer_units_exponent_0': 10, 'D_layer_units_exponent_1': 8, 'D_layer_units_exponent_2': 7, 'D_layer_units_exponent_3': 4, 'D_dagger_layers': 5, 'D_dagger_layer_units_exponent_0': 10, 'D_dagger_layer_units_exponent_1': 6, 'D_dagger_layer_units_exponent_2': 7, 'D_dagger_layer_units_exponent_3': 7, 'D_dagger_layer_units_exponent_4': 6, 'log_learning_rate': -3.2792386053092333, 'log_learning_rate_D': -2.62309911747443, 'log_learning_rate_D_dagger': -2.7558149128596003, 'training_batch_size': 6, 'training_p': 7}. Best is trial 113 with value: 0.07463232427835464.
Time for this trial:  439.40500354766846
Memory status after this trial: 
Memory allocated:  610.291015625
Memory cached:  614.0
--------------------  Trial  115   --------------------
Start timing: 
Parameters: 
{'W_layers': 2, 'W_layer_units_exponent_0': 7, 'W_layer_units_exponent_1': 4, 'D_layers': 4, 'D_layer_units_exponent_0': 10, 'D_layer_units_exponent_1': 7, 'D_layer_units_exponent_2': 6, 'D_layer_units_exponent_3': 4, 'D_dagger_layers': 4, 'D_dagger_layer_units_exponent_0': 10, 'D_dagger_layer_units_exponent_1': 6, 'D_dagger_layer_units_exponent_2': 5, 'D_dagger_layer_units_exponent_3': 7, 'log_learning_rate': -3.362321353683887, 'log_learning_rate_D': -2.4745251869647102, 'log_learning_rate_D_dagger': -2.41017474424621, 'training_batch_size': 7, 'training_p': 6}
	 epoch  0 training error:  tensor(1.0300, device='cuda:0', grad_fn=<DivBackward0>)
Memory status after this epoch: 
Memory allocated:  292.1162109375
Memory cached:  550.0
	 epoch  10 training error:  tensor(0.4409, device='cuda:0', grad_fn=<DivBackward0>)
Memory status after this epoch: 
Memory allocated:  292.1162109375
Memory cached:  552.0
	 epoch  20 training error:  tensor(0.3889, device='cuda:0', grad_fn=<DivBackward0>)
Memory status after this epoch: 
Memory allocated:  292.1162109375
Memory cached:  554.0
	 epoch  30 training error:  tensor(0.3785, device='cuda:0', grad_fn=<DivBackward0>)
Memory status after this epoch: 
Memory allocated:  292.1162109375
Memory cached:  558.0
	 epoch  40 training error:  tensor(0.3506, device='cuda:0', grad_fn=<DivBackward0>)
Memory status after this epoch: 
Memory allocated:  292.1162109375
Memory cached:  558.0
	 epoch  50 training error:  tensor(0.3347, device='cuda:0', grad_fn=<DivBackward0>)
Memory status after this epoch: 
Memory allocated:  292.1162109375
Memory cached:  550.0
	 epoch  60 training error:  tensor(0.3246, device='cuda:0', grad_fn=<DivBackward0>)
Memory status after this epoch: 
Memory allocated:  292.1162109375
Memory cached:  554.0
	 epoch  70 training error:  tensor(0.4648, device='cuda:0', grad_fn=<DivBackward0>)
Memory status after this epoch: 
Memory allocated:  292.1162109375
Memory cached:  556.0
	 epoch  80 training error:  tensor(0.3853, device='cuda:0', grad_fn=<DivBackward0>)
Memory status after this epoch: 
Memory allocated:  292.1162109375
Memory cached:  554.0
	 epoch  90 training error:  tensor(0.3505, device='cuda:0', grad_fn=<DivBackward0>)
Memory status after this epoch: 
Memory allocated:  292.1162109375
Memory cached:  556.0
[I 2024-01-11 02:21:57,133] Trial 115 finished with value: 0.21547618508338928 and parameters: {'W_layers': 2, 'W_layer_units_exponent_0': 7, 'W_layer_units_exponent_1': 4, 'D_layers': 4, 'D_layer_units_exponent_0': 10, 'D_layer_units_exponent_1': 7, 'D_layer_units_exponent_2': 6, 'D_layer_units_exponent_3': 4, 'D_dagger_layers': 4, 'D_dagger_layer_units_exponent_0': 10, 'D_dagger_layer_units_exponent_1': 6, 'D_dagger_layer_units_exponent_2': 5, 'D_dagger_layer_units_exponent_3': 7, 'log_learning_rate': -3.362321353683887, 'log_learning_rate_D': -2.4745251869647102, 'log_learning_rate_D_dagger': -2.41017474424621, 'training_batch_size': 7, 'training_p': 6}. Best is trial 113 with value: 0.07463232427835464.
Time for this trial:  287.64559745788574
Memory status after this trial: 
Memory allocated:  567.29296875
Memory cached:  570.0
--------------------  Trial  116   --------------------
Start timing: 
Parameters: 
{'W_layers': 3, 'W_layer_units_exponent_0': 6, 'W_layer_units_exponent_1': 4, 'W_layer_units_exponent_2': 7, 'D_layers': 4, 'D_layer_units_exponent_0': 10, 'D_layer_units_exponent_1': 7, 'D_layer_units_exponent_2': 8, 'D_layer_units_exponent_3': 4, 'D_dagger_layers': 4, 'D_dagger_layer_units_exponent_0': 10, 'D_dagger_layer_units_exponent_1': 6, 'D_dagger_layer_units_exponent_2': 6, 'D_dagger_layer_units_exponent_3': 8, 'log_learning_rate': -3.1119006235258184, 'log_learning_rate_D': -2.9555115320641154, 'log_learning_rate_D_dagger': -2.531869822390061, 'training_batch_size': 6, 'training_p': 5}
	 epoch  0 training error:  tensor(1.0035, device='cuda:0', grad_fn=<DivBackward0>)
Memory status after this epoch: 
Memory allocated:  292.830078125
Memory cached:  550.0
	 epoch  10 training error:  tensor(0.3763, device='cuda:0', grad_fn=<DivBackward0>)
Memory status after this epoch: 
Memory allocated:  292.830078125
Memory cached:  558.0
	 epoch  20 training error:  tensor(0.3292, device='cuda:0', grad_fn=<DivBackward0>)
Memory status after this epoch: 
Memory allocated:  292.830078125
Memory cached:  558.0
	 epoch  30 training error:  tensor(0.3227, device='cuda:0', grad_fn=<DivBackward0>)
Memory status after this epoch: 
Memory allocated:  292.830078125
Memory cached:  560.0
	 epoch  40 training error:  tensor(0.3374, device='cuda:0', grad_fn=<DivBackward0>)
Memory status after this epoch: 
Memory allocated:  292.830078125
Memory cached:  556.0
	 epoch  50 training error:  tensor(0.2448, device='cuda:0', grad_fn=<DivBackward0>)
Memory status after this epoch: 
Memory allocated:  292.830078125
Memory cached:  558.0
	 epoch  60 training error:  tensor(0.1897, device='cuda:0', grad_fn=<DivBackward0>)
Memory status after this epoch: 
Memory allocated:  292.830078125
Memory cached:  560.0
	 epoch  70 training error:  tensor(0.1720, device='cuda:0', grad_fn=<DivBackward0>)
Memory status after this epoch: 
Memory allocated:  292.830078125
Memory cached:  558.0
	 epoch  80 training error:  tensor(0.1844, device='cuda:0', grad_fn=<DivBackward0>)
Memory status after this epoch: 
Memory allocated:  292.830078125
Memory cached:  556.0
	 epoch  90 training error:  tensor(0.1643, device='cuda:0', grad_fn=<DivBackward0>)
Memory status after this epoch: 
Memory allocated:  292.830078125
Memory cached:  560.0
[I 2024-01-11 02:28:58,448] Trial 116 finished with value: 0.11430420726537704 and parameters: {'W_layers': 3, 'W_layer_units_exponent_0': 6, 'W_layer_units_exponent_1': 4, 'W_layer_units_exponent_2': 7, 'D_layers': 4, 'D_layer_units_exponent_0': 10, 'D_layer_units_exponent_1': 7, 'D_layer_units_exponent_2': 8, 'D_layer_units_exponent_3': 4, 'D_dagger_layers': 4, 'D_dagger_layer_units_exponent_0': 10, 'D_dagger_layer_units_exponent_1': 6, 'D_dagger_layer_units_exponent_2': 6, 'D_dagger_layer_units_exponent_3': 8, 'log_learning_rate': -3.1119006235258184, 'log_learning_rate_D': -2.9555115320641154, 'log_learning_rate_D_dagger': -2.531869822390061, 'training_batch_size': 6, 'training_p': 5}. Best is trial 113 with value: 0.07463232427835464.
Time for this trial:  420.91210675239563
Memory status after this trial: 
Memory allocated:  608.2412109375
Memory cached:  612.0
--------------------  Trial  117   --------------------
Start timing: 
Parameters: 
{'W_layers': 3, 'W_layer_units_exponent_0': 6, 'W_layer_units_exponent_1': 4, 'W_layer_units_exponent_2': 7, 'D_layers': 4, 'D_layer_units_exponent_0': 10, 'D_layer_units_exponent_1': 7, 'D_layer_units_exponent_2': 7, 'D_layer_units_exponent_3': 4, 'D_dagger_layers': 4, 'D_dagger_layer_units_exponent_0': 10, 'D_dagger_layer_units_exponent_1': 6, 'D_dagger_layer_units_exponent_2': 5, 'D_dagger_layer_units_exponent_3': 8, 'log_learning_rate': -3.043365554325488, 'log_learning_rate_D': -2.562705454472848, 'log_learning_rate_D_dagger': -2.6752539959016217, 'training_batch_size': 6, 'training_p': 6}
	 epoch  0 training error:  tensor(0.7107, device='cuda:0', grad_fn=<DivBackward0>)
Memory status after this epoch: 
Memory allocated:  292.390625
Memory cached:  552.0
	 epoch  10 training error:  tensor(0.3646, device='cuda:0', grad_fn=<DivBackward0>)
Memory status after this epoch: 
Memory allocated:  292.390625
Memory cached:  556.0
	 epoch  20 training error:  tensor(0.3765, device='cuda:0', grad_fn=<DivBackward0>)
Memory status after this epoch: 
Memory allocated:  292.390625
Memory cached:  554.0
	 epoch  30 training error:  tensor(0.3452, device='cuda:0', grad_fn=<DivBackward0>)
Memory status after this epoch: 
Memory allocated:  292.390625
Memory cached:  554.0
	 epoch  40 training error:  tensor(0.3310, device='cuda:0', grad_fn=<DivBackward0>)
Memory status after this epoch: 
Memory allocated:  292.390625
Memory cached:  552.0
	 epoch  50 training error:  tensor(0.3963, device='cuda:0', grad_fn=<DivBackward0>)
Memory status after this epoch: 
Memory allocated:  292.390625
Memory cached:  558.0
	 epoch  60 training error:  tensor(0.3719, device='cuda:0', grad_fn=<DivBackward0>)
Memory status after this epoch: 
Memory allocated:  292.390625
Memory cached:  556.0
	 epoch  70 training error:  tensor(0.3178, device='cuda:0', grad_fn=<DivBackward0>)
Memory status after this epoch: 
Memory allocated:  292.390625
Memory cached:  552.0
	 epoch  80 training error:  tensor(0.3344, device='cuda:0', grad_fn=<DivBackward0>)
Memory status after this epoch: 
Memory allocated:  292.390625
Memory cached:  552.0
	 epoch  90 training error:  tensor(0.2928, device='cuda:0', grad_fn=<DivBackward0>)
Memory status after this epoch: 
Memory allocated:  292.390625
Memory cached:  556.0
[I 2024-01-11 02:35:55,464] Trial 117 finished with value: 0.3929343521595001 and parameters: {'W_layers': 3, 'W_layer_units_exponent_0': 6, 'W_layer_units_exponent_1': 4, 'W_layer_units_exponent_2': 7, 'D_layers': 4, 'D_layer_units_exponent_0': 10, 'D_layer_units_exponent_1': 7, 'D_layer_units_exponent_2': 7, 'D_layer_units_exponent_3': 4, 'D_dagger_layers': 4, 'D_dagger_layer_units_exponent_0': 10, 'D_dagger_layer_units_exponent_1': 6, 'D_dagger_layer_units_exponent_2': 5, 'D_dagger_layer_units_exponent_3': 8, 'log_learning_rate': -3.043365554325488, 'log_learning_rate_D': -2.562705454472848, 'log_learning_rate_D_dagger': -2.6752539959016217, 'training_batch_size': 6, 'training_p': 6}. Best is trial 113 with value: 0.07463232427835464.
Time for this trial:  416.6115012168884
Memory status after this trial: 
Memory allocated:  591.068359375
Memory cached:  594.0
--------------------  Trial  118   --------------------
Start timing: 
Parameters: 
{'W_layers': 3, 'W_layer_units_exponent_0': 6, 'W_layer_units_exponent_1': 4, 'W_layer_units_exponent_2': 7, 'D_layers': 4, 'D_layer_units_exponent_0': 9, 'D_layer_units_exponent_1': 7, 'D_layer_units_exponent_2': 7, 'D_layer_units_exponent_3': 4, 'D_dagger_layers': 5, 'D_dagger_layer_units_exponent_0': 10, 'D_dagger_layer_units_exponent_1': 6, 'D_dagger_layer_units_exponent_2': 6, 'D_dagger_layer_units_exponent_3': 8, 'D_dagger_layer_units_exponent_4': 5, 'log_learning_rate': -3.314077231492514, 'log_learning_rate_D': -2.938800633053564, 'log_learning_rate_D_dagger': -3.066440404184946, 'training_batch_size': 8, 'training_p': 5}
	 epoch  0 training error:  tensor(1.1319, device='cuda:0', grad_fn=<DivBackward0>)
Memory status after this epoch: 
Memory allocated:  291.6552734375
Memory cached:  552.0
	 epoch  10 training error:  tensor(0.4820, device='cuda:0', grad_fn=<DivBackward0>)
Memory status after this epoch: 
Memory allocated:  291.6552734375
Memory cached:  560.0
	 epoch  20 training error:  tensor(0.3808, device='cuda:0', grad_fn=<DivBackward0>)
Memory status after this epoch: 
Memory allocated:  291.6552734375
Memory cached:  564.0
	 epoch  30 training error:  tensor(0.3382, device='cuda:0', grad_fn=<DivBackward0>)
Memory status after this epoch: 
Memory allocated:  291.6552734375
Memory cached:  560.0
	 epoch  40 training error:  tensor(0.3320, device='cuda:0', grad_fn=<DivBackward0>)
Memory status after this epoch: 
Memory allocated:  291.6552734375
Memory cached:  568.0
	 epoch  50 training error:  tensor(0.3242, device='cuda:0', grad_fn=<DivBackward0>)
Memory status after this epoch: 
Memory allocated:  291.6552734375
Memory cached:  564.0
	 epoch  60 training error:  tensor(0.3228, device='cuda:0', grad_fn=<DivBackward0>)
Memory status after this epoch: 
Memory allocated:  291.6552734375
Memory cached:  564.0
	 epoch  70 training error:  tensor(0.3145, device='cuda:0', grad_fn=<DivBackward0>)
Memory status after this epoch: 
Memory allocated:  291.6552734375
Memory cached:  562.0
	 epoch  80 training error:  tensor(0.3096, device='cuda:0', grad_fn=<DivBackward0>)
Memory status after this epoch: 
Memory allocated:  291.6552734375
Memory cached:  562.0
	 epoch  90 training error:  tensor(0.3051, device='cuda:0', grad_fn=<DivBackward0>)
Memory status after this epoch: 
Memory allocated:  291.6552734375
Memory cached:  560.0
[I 2024-01-11 02:38:48,333] Trial 118 finished with value: 0.19985602796077728 and parameters: {'W_layers': 3, 'W_layer_units_exponent_0': 6, 'W_layer_units_exponent_1': 4, 'W_layer_units_exponent_2': 7, 'D_layers': 4, 'D_layer_units_exponent_0': 9, 'D_layer_units_exponent_1': 7, 'D_layer_units_exponent_2': 7, 'D_layer_units_exponent_3': 4, 'D_dagger_layers': 5, 'D_dagger_layer_units_exponent_0': 10, 'D_dagger_layer_units_exponent_1': 6, 'D_dagger_layer_units_exponent_2': 6, 'D_dagger_layer_units_exponent_3': 8, 'D_dagger_layer_units_exponent_4': 5, 'log_learning_rate': -3.314077231492514, 'log_learning_rate_D': -2.938800633053564, 'log_learning_rate_D_dagger': -3.066440404184946, 'training_batch_size': 8, 'training_p': 5}. Best is trial 113 with value: 0.07463232427835464.
Time for this trial:  172.49694895744324
Memory status after this trial: 
Memory allocated:  546.7646484375
Memory cached:  556.0
--------------------  Trial  119   --------------------
Start timing: 
Parameters: 
{'W_layers': 3, 'W_layer_units_exponent_0': 8, 'W_layer_units_exponent_1': 4, 'W_layer_units_exponent_2': 8, 'D_layers': 4, 'D_layer_units_exponent_0': 10, 'D_layer_units_exponent_1': 8, 'D_layer_units_exponent_2': 7, 'D_layer_units_exponent_3': 4, 'D_dagger_layers': 4, 'D_dagger_layer_units_exponent_0': 10, 'D_dagger_layer_units_exponent_1': 7, 'D_dagger_layer_units_exponent_2': 5, 'D_dagger_layer_units_exponent_3': 9, 'log_learning_rate': -3.4208321156442256, 'log_learning_rate_D': -2.6668255577955886, 'log_learning_rate_D_dagger': -2.5153060005347245, 'training_batch_size': 6, 'training_p': 5}
	 epoch  0 training error:  tensor(0.8936, device='cuda:0', grad_fn=<DivBackward0>)
Memory status after this epoch: 
Memory allocated:  295.892578125
Memory cached:  554.0
	 epoch  10 training error:  tensor(0.3678, device='cuda:0', grad_fn=<DivBackward0>)
Memory status after this epoch: 
Memory allocated:  295.892578125
Memory cached:  564.0
	 epoch  20 training error:  tensor(0.3360, device='cuda:0', grad_fn=<DivBackward0>)
Memory status after this epoch: 
Memory allocated:  295.892578125
Memory cached:  556.0
	 epoch  30 training error:  tensor(0.2985, device='cuda:0', grad_fn=<DivBackward0>)
Memory status after this epoch: 
Memory allocated:  295.892578125
Memory cached:  564.0
	 epoch  40 training error:  tensor(0.3511, device='cuda:0', grad_fn=<DivBackward0>)
Memory status after this epoch: 
Memory allocated:  295.892578125
Memory cached:  564.0
	 epoch  50 training error:  tensor(0.2442, device='cuda:0', grad_fn=<DivBackward0>)
Memory status after this epoch: 
Memory allocated:  295.892578125
Memory cached:  562.0
	 epoch  60 training error:  tensor(0.2040, device='cuda:0', grad_fn=<DivBackward0>)
Memory status after this epoch: 
Memory allocated:  295.892578125
Memory cached:  560.0
	 epoch  70 training error:  tensor(0.2467, device='cuda:0', grad_fn=<DivBackward0>)
Memory status after this epoch: 
Memory allocated:  295.892578125
Memory cached:  564.0
	 epoch  80 training error:  tensor(0.1933, device='cuda:0', grad_fn=<DivBackward0>)
Memory status after this epoch: 
Memory allocated:  295.892578125
Memory cached:  562.0
	 epoch  90 training error:  tensor(0.2384, device='cuda:0', grad_fn=<DivBackward0>)
Memory status after this epoch: 
Memory allocated:  295.892578125
Memory cached:  562.0
