[I 2023-12-06 11:35:57,448] Trial 37 finished with value: 0.47321873903274536 and parameters: {'W_layers': 8, 'W_layer_units_exponent_0': 9, 'W_layer_units_exponent_1': 4, 'W_layer_units_exponent_2': 9, 'W_layer_units_exponent_3': 6, 'W_layer_units_exponent_4': 10, 'W_layer_units_exponent_5': 4, 'W_layer_units_exponent_6': 10, 'W_layer_units_exponent_7': 5, 'D_layers': 5, 'D_layer_units_exponent_0': 4, 'D_layer_units_exponent_1': 8, 'D_layer_units_exponent_2': 4, 'D_layer_units_exponent_3': 10, 'D_layer_units_exponent_4': 4, 'log_learning_rate': -2.8190180556379008, 'log_learning_rate_D': -1.4022955046687713, 'training_batch_size': 12, 'training_p': 4}. Best is trial 5 with value: 0.1626095026731491.
Time for this trial:  57.158522605895996
Memory status after this trial: 
Memory allocated:  211.50732421875
Memory cached:  214.0
--------------------  Trial  38   --------------------
Start timing: 
Parameters: 
{'W_layers': 6, 'W_layer_units_exponent_0': 10, 'W_layer_units_exponent_1': 8, 'W_layer_units_exponent_2': 10, 'W_layer_units_exponent_3': 4, 'W_layer_units_exponent_4': 10, 'W_layer_units_exponent_5': 4, 'D_layers': 4, 'D_layer_units_exponent_0': 10, 'D_layer_units_exponent_1': 7, 'D_layer_units_exponent_2': 10, 'D_layer_units_exponent_3': 6, 'log_learning_rate': -2.1330533090896657, 'log_learning_rate_D': -2.8485525187092744, 'training_batch_size': 6, 'training_p': 5}
	 epoch  0 training error:  tensor(0.8608, device='cuda:0', grad_fn=<DivBackward0>)
Memory status after this epoch: 
Memory allocated:  119.89111328125
Memory cached:  162.0
	 epoch  10 training error:  tensor(0.6158, device='cuda:0', grad_fn=<DivBackward0>)
Memory status after this epoch: 
Memory allocated:  119.89111328125
Memory cached:  162.0
	 epoch  20 training error:  tensor(0.7282, device='cuda:0', grad_fn=<DivBackward0>)
Memory status after this epoch: 
Memory allocated:  119.89111328125
Memory cached:  162.0
	 epoch  30 training error:  tensor(0.4298, device='cuda:0', grad_fn=<DivBackward0>)
Memory status after this epoch: 
Memory allocated:  119.89111328125
Memory cached:  162.0
	 epoch  40 training error:  tensor(0.3846, device='cuda:0', grad_fn=<DivBackward0>)
Memory status after this epoch: 
Memory allocated:  119.89111328125
Memory cached:  162.0
	 epoch  50 training error:  tensor(0.4918, device='cuda:0', grad_fn=<DivBackward0>)
Memory status after this epoch: 
Memory allocated:  119.89111328125
Memory cached:  162.0
	 epoch  60 training error:  tensor(0.3964, device='cuda:0', grad_fn=<DivBackward0>)
Memory status after this epoch: 
Memory allocated:  119.89111328125
Memory cached:  162.0
	 epoch  70 training error:  tensor(0.3745, device='cuda:0', grad_fn=<DivBackward0>)
Memory status after this epoch: 
Memory allocated:  119.89111328125
Memory cached:  162.0
	 epoch  80 training error:  tensor(0.3902, device='cuda:0', grad_fn=<DivBackward0>)
Memory status after this epoch: 
Memory allocated:  119.89111328125
Memory cached:  162.0
	 epoch  90 training error:  tensor(0.3729, device='cuda:0', grad_fn=<DivBackward0>)
Memory status after this epoch: 
Memory allocated:  119.89111328125
Memory cached:  162.0
[I 2023-12-06 11:37:20,083] Trial 38 finished with value: 0.4600546956062317 and parameters: {'W_layers': 6, 'W_layer_units_exponent_0': 10, 'W_layer_units_exponent_1': 8, 'W_layer_units_exponent_2': 10, 'W_layer_units_exponent_3': 4, 'W_layer_units_exponent_4': 10, 'W_layer_units_exponent_5': 4, 'D_layers': 4, 'D_layer_units_exponent_0': 10, 'D_layer_units_exponent_1': 7, 'D_layer_units_exponent_2': 10, 'D_layer_units_exponent_3': 6, 'log_learning_rate': -2.1330533090896657, 'log_learning_rate_D': -2.8485525187092744, 'training_batch_size': 6, 'training_p': 5}. Best is trial 5 with value: 0.1626095026731491.
Time for this trial:  82.4621889591217
Memory status after this trial: 
Memory allocated:  240.84375
Memory cached:  248.0
--------------------  Trial  39   --------------------
Start timing: 
Parameters: 
{'W_layers': 5, 'W_layer_units_exponent_0': 9, 'W_layer_units_exponent_1': 8, 'W_layer_units_exponent_2': 7, 'W_layer_units_exponent_3': 6, 'W_layer_units_exponent_4': 8, 'D_layers': 2, 'D_layer_units_exponent_0': 10, 'D_layer_units_exponent_1': 7, 'log_learning_rate': -1.0787168416044728, 'log_learning_rate_D': -2.7794660202237615, 'training_batch_size': 8, 'training_p': 4}
	 epoch  0 training error:  tensor(0.9764, device='cuda:0', grad_fn=<DivBackward0>)
Memory status after this epoch: 
Memory allocated:  110.96630859375
Memory cached:  158.0
	 epoch  10 training error:  tensor(1592.8303, device='cuda:0', grad_fn=<DivBackward0>)
Memory status after this epoch: 
Memory allocated:  110.96630859375
Memory cached:  158.0
	 epoch  20 training error:  tensor(87.0939, device='cuda:0', grad_fn=<DivBackward0>)
Memory status after this epoch: 
Memory allocated:  110.96630859375
Memory cached:  158.0
	 epoch  30 training error:  tensor(34.0240, device='cuda:0', grad_fn=<DivBackward0>)
Memory status after this epoch: 
Memory allocated:  110.96630859375
Memory cached:  158.0
	 epoch  40 training error:  tensor(25.1272, device='cuda:0', grad_fn=<DivBackward0>)
Memory status after this epoch: 
Memory allocated:  110.96630859375
Memory cached:  158.0
	 epoch  50 training error:  tensor(32.1071, device='cuda:0', grad_fn=<DivBackward0>)
Memory status after this epoch: 
Memory allocated:  110.96630859375
Memory cached:  158.0
	 epoch  60 training error:  tensor(39.6099, device='cuda:0', grad_fn=<DivBackward0>)
Memory status after this epoch: 
Memory allocated:  110.96630859375
Memory cached:  158.0
	 epoch  70 training error:  tensor(46.5168, device='cuda:0', grad_fn=<DivBackward0>)
Memory status after this epoch: 
Memory allocated:  110.96630859375
Memory cached:  158.0
	 epoch  80 training error:  tensor(51.5943, device='cuda:0', grad_fn=<DivBackward0>)
Memory status after this epoch: 
Memory allocated:  110.96630859375
Memory cached:  158.0
	 epoch  90 training error:  tensor(50.3489, device='cuda:0', grad_fn=<DivBackward0>)
Memory status after this epoch: 
Memory allocated:  110.96630859375
Memory cached:  158.0
[I 2023-12-06 11:38:01,670] Trial 39 finished with value: 60.33402633666992 and parameters: {'W_layers': 5, 'W_layer_units_exponent_0': 9, 'W_layer_units_exponent_1': 8, 'W_layer_units_exponent_2': 7, 'W_layer_units_exponent_3': 6, 'W_layer_units_exponent_4': 8, 'D_layers': 2, 'D_layer_units_exponent_0': 10, 'D_layer_units_exponent_1': 7, 'log_learning_rate': -1.0787168416044728, 'log_learning_rate_D': -2.7794660202237615, 'training_batch_size': 8, 'training_p': 4}. Best is trial 5 with value: 0.1626095026731491.
Time for this trial:  41.44206237792969
Memory status after this trial: 
Memory allocated:  162.4970703125
Memory cached:  166.0
--------------------  Trial  40   --------------------
Start timing: 
Parameters: 
{'W_layers': 6, 'W_layer_units_exponent_0': 10, 'W_layer_units_exponent_1': 4, 'W_layer_units_exponent_2': 6, 'W_layer_units_exponent_3': 5, 'W_layer_units_exponent_4': 4, 'W_layer_units_exponent_5': 5, 'D_layers': 3, 'D_layer_units_exponent_0': 9, 'D_layer_units_exponent_1': 10, 'D_layer_units_exponent_2': 5, 'log_learning_rate': -2.972964641393599, 'log_learning_rate_D': -1.0871392549580725, 'training_batch_size': 6, 'training_p': 3}
	 epoch  0 training error:  tensor(1.1890, device='cuda:0', grad_fn=<DivBackward0>)
Memory status after this epoch: 
Memory allocated:  114.89111328125
Memory cached:  176.0
[W 2023-12-06 11:38:04,347] Trial 40 failed with parameters: {'W_layers': 6, 'W_layer_units_exponent_0': 10, 'W_layer_units_exponent_1': 4, 'W_layer_units_exponent_2': 6, 'W_layer_units_exponent_3': 5, 'W_layer_units_exponent_4': 4, 'W_layer_units_exponent_5': 5, 'D_layers': 3, 'D_layer_units_exponent_0': 9, 'D_layer_units_exponent_1': 10, 'D_layer_units_exponent_2': 5, 'log_learning_rate': -2.972964641393599, 'log_learning_rate_D': -1.0871392549580725, 'training_batch_size': 6, 'training_p': 3} because of the following error: The value nan is not acceptable.
[W 2023-12-06 11:38:04,348] Trial 40 failed with value tensor(nan, device='cuda:0', grad_fn=<DivBackward0>).
Time for this trial:  2.4928178787231445
Memory status after this trial: 
Memory allocated:  173.31201171875
Memory cached:  190.0
--------------------  Trial  41   --------------------
Start timing: 
Parameters: 
{'W_layers': 6, 'W_layer_units_exponent_0': 10, 'W_layer_units_exponent_1': 4, 'W_layer_units_exponent_2': 6, 'W_layer_units_exponent_3': 5, 'W_layer_units_exponent_4': 4, 'W_layer_units_exponent_5': 10, 'D_layers': 3, 'D_layer_units_exponent_0': 9, 'D_layer_units_exponent_1': 10, 'D_layer_units_exponent_2': 5, 'log_learning_rate': -2.9899973543749603, 'log_learning_rate_D': -2.1850312150511435, 'training_batch_size': 6, 'training_p': 3}
	 epoch  0 training error:  tensor(0.8109, device='cuda:0', grad_fn=<DivBackward0>)
Memory status after this epoch: 
Memory allocated:  115.16064453125
Memory cached:  178.0
	 epoch  10 training error:  tensor(0.4545, device='cuda:0', grad_fn=<DivBackward0>)
Memory status after this epoch: 
Memory allocated:  115.16064453125
Memory cached:  178.0
	 epoch  20 training error:  tensor(0.3861, device='cuda:0', grad_fn=<DivBackward0>)
Memory status after this epoch: 
Memory allocated:  115.16064453125
Memory cached:  178.0
	 epoch  30 training error:  tensor(0.3467, device='cuda:0', grad_fn=<DivBackward0>)
Memory status after this epoch: 
Memory allocated:  115.16064453125
Memory cached:  178.0
	 epoch  40 training error:  tensor(0.3278, device='cuda:0', grad_fn=<DivBackward0>)
Memory status after this epoch: 
Memory allocated:  115.16064453125
Memory cached:  178.0
	 epoch  50 training error:  tensor(0.2590, device='cuda:0', grad_fn=<DivBackward0>)
Memory status after this epoch: 
Memory allocated:  115.16064453125
Memory cached:  178.0
	 epoch  60 training error:  tensor(0.2445, device='cuda:0', grad_fn=<DivBackward0>)
Memory status after this epoch: 
Memory allocated:  115.16064453125
Memory cached:  178.0
	 epoch  70 training error:  tensor(0.2558, device='cuda:0', grad_fn=<DivBackward0>)
Memory status after this epoch: 
Memory allocated:  115.16064453125
Memory cached:  178.0
	 epoch  80 training error:  tensor(0.2210, device='cuda:0', grad_fn=<DivBackward0>)
Memory status after this epoch: 
Memory allocated:  115.16064453125
Memory cached:  178.0
	 epoch  90 training error:  tensor(0.1905, device='cuda:0', grad_fn=<DivBackward0>)
Memory status after this epoch: 
Memory allocated:  115.16064453125
Memory cached:  178.0
[I 2023-12-06 11:39:19,173] Trial 41 finished with value: 0.17116914689540863 and parameters: {'W_layers': 6, 'W_layer_units_exponent_0': 10, 'W_layer_units_exponent_1': 4, 'W_layer_units_exponent_2': 6, 'W_layer_units_exponent_3': 5, 'W_layer_units_exponent_4': 4, 'W_layer_units_exponent_5': 10, 'D_layers': 3, 'D_layer_units_exponent_0': 9, 'D_layer_units_exponent_1': 10, 'D_layer_units_exponent_2': 5, 'log_learning_rate': -2.9899973543749603, 'log_learning_rate_D': -2.1850312150511435, 'training_batch_size': 6, 'training_p': 3}. Best is trial 5 with value: 0.1626095026731491.
Time for this trial:  74.63891530036926
Memory status after this trial: 
Memory allocated:  196.15185546875
Memory cached:  214.0
--------------------  Trial  42   --------------------
Start timing: 
Parameters: 
{'W_layers': 7, 'W_layer_units_exponent_0': 9, 'W_layer_units_exponent_1': 4, 'W_layer_units_exponent_2': 10, 'W_layer_units_exponent_3': 6, 'W_layer_units_exponent_4': 4, 'W_layer_units_exponent_5': 10, 'W_layer_units_exponent_6': 4, 'D_layers': 4, 'D_layer_units_exponent_0': 9, 'D_layer_units_exponent_1': 10, 'D_layer_units_exponent_2': 5, 'D_layer_units_exponent_3': 7, 'log_learning_rate': -3.050117061412371, 'log_learning_rate_D': -1.8620275246171458, 'training_batch_size': 9, 'training_p': 4}
	 epoch  0 training error:  tensor(0.8158, device='cuda:0', grad_fn=<DivBackward0>)
Memory status after this epoch: 
Memory allocated:  116.55615234375
Memory cached:  178.0
	 epoch  10 training error:  tensor(0.5506, device='cuda:0', grad_fn=<DivBackward0>)
Memory status after this epoch: 
Memory allocated:  116.55615234375
Memory cached:  180.0
	 epoch  20 training error:  tensor(0.5001, device='cuda:0', grad_fn=<DivBackward0>)
Memory status after this epoch: 
Memory allocated:  116.55615234375
Memory cached:  180.0
	 epoch  30 training error:  tensor(0.4602, device='cuda:0', grad_fn=<DivBackward0>)
Memory status after this epoch: 
Memory allocated:  116.55615234375
Memory cached:  180.0
	 epoch  40 training error:  tensor(0.4324, device='cuda:0', grad_fn=<DivBackward0>)
Memory status after this epoch: 
Memory allocated:  116.55615234375
Memory cached:  180.0
	 epoch  50 training error:  tensor(0.4864, device='cuda:0', grad_fn=<DivBackward0>)
Memory status after this epoch: 
Memory allocated:  116.55615234375
Memory cached:  180.0
[W 2023-12-06 11:39:50,030] Trial 42 failed with parameters: {'W_layers': 7, 'W_layer_units_exponent_0': 9, 'W_layer_units_exponent_1': 4, 'W_layer_units_exponent_2': 10, 'W_layer_units_exponent_3': 6, 'W_layer_units_exponent_4': 4, 'W_layer_units_exponent_5': 10, 'W_layer_units_exponent_6': 4, 'D_layers': 4, 'D_layer_units_exponent_0': 9, 'D_layer_units_exponent_1': 10, 'D_layer_units_exponent_2': 5, 'D_layer_units_exponent_3': 7, 'log_learning_rate': -3.050117061412371, 'log_learning_rate_D': -1.8620275246171458, 'training_batch_size': 9, 'training_p': 4} because of the following error: The value nan is not acceptable.
[W 2023-12-06 11:39:50,031] Trial 42 failed with value tensor(nan, device='cuda:0', grad_fn=<DivBackward0>).
Time for this trial:  30.675300359725952
Memory status after this trial: 
Memory allocated:  211.16357421875
Memory cached:  230.0
--------------------  Trial  43   --------------------
Start timing: 
Parameters: 
{'W_layers': 7, 'W_layer_units_exponent_0': 9, 'W_layer_units_exponent_1': 4, 'W_layer_units_exponent_2': 10, 'W_layer_units_exponent_3': 6, 'W_layer_units_exponent_4': 4, 'W_layer_units_exponent_5': 10, 'W_layer_units_exponent_6': 4, 'D_layers': 4, 'D_layer_units_exponent_0': 9, 'D_layer_units_exponent_1': 10, 'D_layer_units_exponent_2': 5, 'D_layer_units_exponent_3': 6, 'log_learning_rate': -3.0008394173710835, 'log_learning_rate_D': -1.881067737710546, 'training_batch_size': 9, 'training_p': 4}
	 epoch  0 training error:  tensor(0.7793, device='cuda:0', grad_fn=<DivBackward0>)
Memory status after this epoch: 
Memory allocated:  116.52490234375
Memory cached:  180.0
	 epoch  10 training error:  tensor(0.5057, device='cuda:0', grad_fn=<DivBackward0>)
Memory status after this epoch: 
Memory allocated:  116.52490234375
Memory cached:  180.0
	 epoch  20 training error:  tensor(0.5603, device='cuda:0', grad_fn=<DivBackward0>)
Memory status after this epoch: 
Memory allocated:  116.52490234375
Memory cached:  180.0
	 epoch  30 training error:  tensor(0.4754, device='cuda:0', grad_fn=<DivBackward0>)
Memory status after this epoch: 
Memory allocated:  116.52490234375
Memory cached:  180.0
	 epoch  40 training error:  tensor(0.4257, device='cuda:0', grad_fn=<DivBackward0>)
Memory status after this epoch: 
Memory allocated:  116.52490234375
Memory cached:  180.0
	 epoch  50 training error:  tensor(0.3993, device='cuda:0', grad_fn=<DivBackward0>)
Memory status after this epoch: 
Memory allocated:  116.52490234375
Memory cached:  180.0
	 epoch  60 training error:  tensor(0.3749, device='cuda:0', grad_fn=<DivBackward0>)
Memory status after this epoch: 
Memory allocated:  116.52490234375
Memory cached:  180.0
	 epoch  70 training error:  tensor(0.3621, device='cuda:0', grad_fn=<DivBackward0>)
Memory status after this epoch: 
Memory allocated:  116.52490234375
Memory cached:  180.0
	 epoch  80 training error:  tensor(0.3509, device='cuda:0', grad_fn=<DivBackward0>)
Memory status after this epoch: 
Memory allocated:  116.52490234375
Memory cached:  180.0
	 epoch  90 training error:  tensor(0.3594, device='cuda:0', grad_fn=<DivBackward0>)
Memory status after this epoch: 
Memory allocated:  116.52490234375
Memory cached:  180.0
