[I 2024-01-11 00:48:45,170] Trial 101 finished with value: 0.1837935447692871 and parameters: {'W_layers': 3, 'W_layer_units_exponent_0': 7, 'W_layer_units_exponent_1': 4, 'W_layer_units_exponent_2': 6, 'D_layers': 5, 'D_layer_units_exponent_0': 10, 'D_layer_units_exponent_1': 7, 'D_layer_units_exponent_2': 7, 'D_layer_units_exponent_3': 4, 'D_layer_units_exponent_4': 4, 'D_dagger_layers': 4, 'D_dagger_layer_units_exponent_0': 9, 'D_dagger_layer_units_exponent_1': 5, 'D_dagger_layer_units_exponent_2': 6, 'D_dagger_layer_units_exponent_3': 7, 'log_learning_rate': -3.1930765285129064, 'log_learning_rate_D': -2.7914865110341376, 'log_learning_rate_D_dagger': -2.4640199360838304, 'training_batch_size': 6, 'training_p': 4}. Best is trial 52 with value: 0.08483626693487167.
Time for this trial:  433.10402941703796
Memory status after this trial: 
Memory allocated:  588.30712890625
Memory cached:  636.0
--------------------  Trial  102   --------------------
Start timing: 
Parameters: 
{'W_layers': 3, 'W_layer_units_exponent_0': 7, 'W_layer_units_exponent_1': 4, 'W_layer_units_exponent_2': 6, 'D_layers': 4, 'D_layer_units_exponent_0': 10, 'D_layer_units_exponent_1': 7, 'D_layer_units_exponent_2': 7, 'D_layer_units_exponent_3': 4, 'D_dagger_layers': 3, 'D_dagger_layer_units_exponent_0': 10, 'D_dagger_layer_units_exponent_1': 5, 'D_dagger_layer_units_exponent_2': 6, 'log_learning_rate': -3.5048784018171193, 'log_learning_rate_D': -2.902633891027453, 'log_learning_rate_D_dagger': -2.6529514558857765, 'training_batch_size': 6, 'training_p': 5}
	 epoch  0 training error:  tensor(0.7498, device='cuda:0', grad_fn=<DivBackward0>)
Memory status after this epoch: 
Memory allocated:  353.1220703125
Memory cached:  636.0
	 epoch  10 training error:  tensor(0.3413, device='cuda:0', grad_fn=<DivBackward0>)
Memory status after this epoch: 
Memory allocated:  353.1220703125
Memory cached:  636.0
	 epoch  20 training error:  tensor(0.3244, device='cuda:0', grad_fn=<DivBackward0>)
Memory status after this epoch: 
Memory allocated:  353.1220703125
Memory cached:  636.0
	 epoch  30 training error:  tensor(0.3145, device='cuda:0', grad_fn=<DivBackward0>)
Memory status after this epoch: 
Memory allocated:  353.1220703125
Memory cached:  636.0
	 epoch  40 training error:  tensor(0.3053, device='cuda:0', grad_fn=<DivBackward0>)
Memory status after this epoch: 
Memory allocated:  353.1220703125
Memory cached:  636.0
	 epoch  50 training error:  tensor(0.3169, device='cuda:0', grad_fn=<DivBackward0>)
Memory status after this epoch: 
Memory allocated:  353.1220703125
Memory cached:  636.0
	 epoch  60 training error:  tensor(0.2495, device='cuda:0', grad_fn=<DivBackward0>)
Memory status after this epoch: 
Memory allocated:  353.1220703125
Memory cached:  636.0
	 epoch  70 training error:  tensor(0.2174, device='cuda:0', grad_fn=<DivBackward0>)
Memory status after this epoch: 
Memory allocated:  353.1220703125
Memory cached:  636.0
	 epoch  80 training error:  tensor(0.1534, device='cuda:0', grad_fn=<DivBackward0>)
Memory status after this epoch: 
Memory allocated:  353.1220703125
Memory cached:  636.0
	 epoch  90 training error:  tensor(0.1406, device='cuda:0', grad_fn=<DivBackward0>)
Memory status after this epoch: 
Memory allocated:  353.1220703125
Memory cached:  636.0
[I 2024-01-11 00:55:18,074] Trial 102 finished with value: 0.11604776233434677 and parameters: {'W_layers': 3, 'W_layer_units_exponent_0': 7, 'W_layer_units_exponent_1': 4, 'W_layer_units_exponent_2': 6, 'D_layers': 4, 'D_layer_units_exponent_0': 10, 'D_layer_units_exponent_1': 7, 'D_layer_units_exponent_2': 7, 'D_layer_units_exponent_3': 4, 'D_dagger_layers': 3, 'D_dagger_layer_units_exponent_0': 10, 'D_dagger_layer_units_exponent_1': 5, 'D_dagger_layer_units_exponent_2': 6, 'log_learning_rate': -3.5048784018171193, 'log_learning_rate_D': -2.902633891027453, 'log_learning_rate_D_dagger': -2.6529514558857765, 'training_batch_size': 6, 'training_p': 5}. Best is trial 52 with value: 0.08483626693487167.
Time for this trial:  392.421635389328
Memory status after this trial: 
Memory allocated:  628.677734375
Memory cached:  636.0
--------------------  Trial  103   --------------------
Start timing: 
Parameters: 
{'W_layers': 3, 'W_layer_units_exponent_0': 7, 'W_layer_units_exponent_1': 4, 'W_layer_units_exponent_2': 5, 'D_layers': 5, 'D_layer_units_exponent_0': 10, 'D_layer_units_exponent_1': 7, 'D_layer_units_exponent_2': 8, 'D_layer_units_exponent_3': 4, 'D_layer_units_exponent_4': 4, 'D_dagger_layers': 3, 'D_dagger_layer_units_exponent_0': 8, 'D_dagger_layer_units_exponent_1': 5, 'D_dagger_layer_units_exponent_2': 6, 'log_learning_rate': -3.115071469062317, 'log_learning_rate_D': -3.04337756527108, 'log_learning_rate_D_dagger': -2.396360518370992, 'training_batch_size': 6, 'training_p': 5}
	 epoch  0 training error:  tensor(0.7469, device='cuda:0', grad_fn=<DivBackward0>)
Memory status after this epoch: 
Memory allocated:  352.9931640625
Memory cached:  636.0
	 epoch  10 training error:  tensor(0.3568, device='cuda:0', grad_fn=<DivBackward0>)
Memory status after this epoch: 
Memory allocated:  352.9931640625
Memory cached:  638.0
	 epoch  20 training error:  tensor(0.3390, device='cuda:0', grad_fn=<DivBackward0>)
Memory status after this epoch: 
Memory allocated:  352.9931640625
Memory cached:  636.0
	 epoch  30 training error:  tensor(0.3364, device='cuda:0', grad_fn=<DivBackward0>)
Memory status after this epoch: 
Memory allocated:  352.9931640625
Memory cached:  636.0
	 epoch  40 training error:  tensor(0.3277, device='cuda:0', grad_fn=<DivBackward0>)
Memory status after this epoch: 
Memory allocated:  352.9931640625
Memory cached:  636.0
	 epoch  50 training error:  tensor(0.3199, device='cuda:0', grad_fn=<DivBackward0>)
Memory status after this epoch: 
Memory allocated:  352.9931640625
Memory cached:  636.0
	 epoch  60 training error:  tensor(0.3073, device='cuda:0', grad_fn=<DivBackward0>)
Memory status after this epoch: 
Memory allocated:  352.9931640625
Memory cached:  636.0
	 epoch  70 training error:  tensor(0.3208, device='cuda:0', grad_fn=<DivBackward0>)
Memory status after this epoch: 
Memory allocated:  352.9931640625
Memory cached:  636.0
	 epoch  80 training error:  tensor(0.2150, device='cuda:0', grad_fn=<DivBackward0>)
Memory status after this epoch: 
Memory allocated:  352.9931640625
Memory cached:  636.0
	 epoch  90 training error:  tensor(0.2148, device='cuda:0', grad_fn=<DivBackward0>)
Memory status after this epoch: 
Memory allocated:  352.9931640625
Memory cached:  636.0
[I 2024-01-11 01:02:10,722] Trial 103 finished with value: 0.1221897155046463 and parameters: {'W_layers': 3, 'W_layer_units_exponent_0': 7, 'W_layer_units_exponent_1': 4, 'W_layer_units_exponent_2': 5, 'D_layers': 5, 'D_layer_units_exponent_0': 10, 'D_layer_units_exponent_1': 7, 'D_layer_units_exponent_2': 8, 'D_layer_units_exponent_3': 4, 'D_layer_units_exponent_4': 4, 'D_dagger_layers': 3, 'D_dagger_layer_units_exponent_0': 8, 'D_dagger_layer_units_exponent_1': 5, 'D_dagger_layer_units_exponent_2': 6, 'log_learning_rate': -3.115071469062317, 'log_learning_rate_D': -3.04337756527108, 'log_learning_rate_D_dagger': -2.396360518370992, 'training_batch_size': 6, 'training_p': 5}. Best is trial 52 with value: 0.08483626693487167.
Time for this trial:  412.22706747055054
Memory status after this trial: 
Memory allocated:  558.87939453125
Memory cached:  636.0
--------------------  Trial  104   --------------------
Start timing: 
Parameters: 
{'W_layers': 3, 'W_layer_units_exponent_0': 7, 'W_layer_units_exponent_1': 4, 'W_layer_units_exponent_2': 5, 'D_layers': 5, 'D_layer_units_exponent_0': 10, 'D_layer_units_exponent_1': 7, 'D_layer_units_exponent_2': 8, 'D_layer_units_exponent_3': 4, 'D_layer_units_exponent_4': 4, 'D_dagger_layers': 4, 'D_dagger_layer_units_exponent_0': 8, 'D_dagger_layer_units_exponent_1': 6, 'D_dagger_layer_units_exponent_2': 6, 'D_dagger_layer_units_exponent_3': 8, 'log_learning_rate': -3.1128247073082456, 'log_learning_rate_D': -2.922203299148879, 'log_learning_rate_D_dagger': -2.650953412709093, 'training_batch_size': 6, 'training_p': 5}
	 epoch  0 training error:  tensor(0.7418, device='cuda:0', grad_fn=<DivBackward0>)
Memory status after this epoch: 
Memory allocated:  353.4052734375
Memory cached:  638.0
	 epoch  10 training error:  tensor(0.3263, device='cuda:0', grad_fn=<DivBackward0>)
Memory status after this epoch: 
Memory allocated:  353.4052734375
Memory cached:  636.0
	 epoch  20 training error:  tensor(0.3541, device='cuda:0', grad_fn=<DivBackward0>)
Memory status after this epoch: 
Memory allocated:  353.4052734375
Memory cached:  636.0
	 epoch  30 training error:  tensor(0.3346, device='cuda:0', grad_fn=<DivBackward0>)
Memory status after this epoch: 
Memory allocated:  353.4052734375
Memory cached:  638.0
	 epoch  40 training error:  tensor(0.3260, device='cuda:0', grad_fn=<DivBackward0>)
Memory status after this epoch: 
Memory allocated:  353.4052734375
Memory cached:  636.0
	 epoch  50 training error:  tensor(0.3178, device='cuda:0', grad_fn=<DivBackward0>)
Memory status after this epoch: 
Memory allocated:  353.4052734375
Memory cached:  636.0
	 epoch  60 training error:  tensor(0.3101, device='cuda:0', grad_fn=<DivBackward0>)
Memory status after this epoch: 
Memory allocated:  353.4052734375
Memory cached:  638.0
	 epoch  70 training error:  tensor(0.3199, device='cuda:0', grad_fn=<DivBackward0>)
Memory status after this epoch: 
Memory allocated:  353.4052734375
Memory cached:  638.0
	 epoch  80 training error:  tensor(0.3227, device='cuda:0', grad_fn=<DivBackward0>)
Memory status after this epoch: 
Memory allocated:  353.4052734375
Memory cached:  636.0
	 epoch  90 training error:  tensor(0.2942, device='cuda:0', grad_fn=<DivBackward0>)
Memory status after this epoch: 
Memory allocated:  353.4052734375
Memory cached:  636.0
[I 2024-01-11 01:09:27,053] Trial 104 finished with value: 0.15108178555965424 and parameters: {'W_layers': 3, 'W_layer_units_exponent_0': 7, 'W_layer_units_exponent_1': 4, 'W_layer_units_exponent_2': 5, 'D_layers': 5, 'D_layer_units_exponent_0': 10, 'D_layer_units_exponent_1': 7, 'D_layer_units_exponent_2': 8, 'D_layer_units_exponent_3': 4, 'D_layer_units_exponent_4': 4, 'D_dagger_layers': 4, 'D_dagger_layer_units_exponent_0': 8, 'D_dagger_layer_units_exponent_1': 6, 'D_dagger_layer_units_exponent_2': 6, 'D_dagger_layer_units_exponent_3': 8, 'log_learning_rate': -3.1128247073082456, 'log_learning_rate_D': -2.922203299148879, 'log_learning_rate_D_dagger': -2.650953412709093, 'training_batch_size': 6, 'training_p': 5}. Best is trial 52 with value: 0.08483626693487167.
Time for this trial:  435.9316818714142
Memory status after this trial: 
Memory allocated:  586.91748046875
Memory cached:  636.0
--------------------  Trial  105   --------------------
Start timing: 
Parameters: 
{'W_layers': 3, 'W_layer_units_exponent_0': 7, 'W_layer_units_exponent_1': 4, 'W_layer_units_exponent_2': 5, 'D_layers': 5, 'D_layer_units_exponent_0': 10, 'D_layer_units_exponent_1': 7, 'D_layer_units_exponent_2': 9, 'D_layer_units_exponent_3': 4, 'D_layer_units_exponent_4': 4, 'D_dagger_layers': 3, 'D_dagger_layer_units_exponent_0': 10, 'D_dagger_layer_units_exponent_1': 4, 'D_dagger_layer_units_exponent_2': 6, 'log_learning_rate': -3.319619376987272, 'log_learning_rate_D': -3.0637841832605637, 'log_learning_rate_D_dagger': -2.4331332728586657, 'training_batch_size': 6, 'training_p': 5}
	 epoch  0 training error:  tensor(0.7615, device='cuda:0', grad_fn=<DivBackward0>)
Memory status after this epoch: 
Memory allocated:  353.7041015625
Memory cached:  636.0
	 epoch  10 training error:  tensor(0.3545, device='cuda:0', grad_fn=<DivBackward0>)
Memory status after this epoch: 
Memory allocated:  353.7041015625
Memory cached:  638.0
	 epoch  20 training error:  tensor(0.3387, device='cuda:0', grad_fn=<DivBackward0>)
Memory status after this epoch: 
Memory allocated:  353.7041015625
Memory cached:  636.0
	 epoch  30 training error:  tensor(0.3071, device='cuda:0', grad_fn=<DivBackward0>)
Memory status after this epoch: 
Memory allocated:  353.7041015625
Memory cached:  636.0
	 epoch  40 training error:  tensor(0.3162, device='cuda:0', grad_fn=<DivBackward0>)
Memory status after this epoch: 
Memory allocated:  353.7041015625
Memory cached:  636.0
	 epoch  50 training error:  tensor(0.2859, device='cuda:0', grad_fn=<DivBackward0>)
Memory status after this epoch: 
Memory allocated:  353.7041015625
Memory cached:  638.0
	 epoch  60 training error:  tensor(0.3727, device='cuda:0', grad_fn=<DivBackward0>)
Memory status after this epoch: 
Memory allocated:  353.7041015625
Memory cached:  638.0
	 epoch  70 training error:  tensor(0.3263, device='cuda:0', grad_fn=<DivBackward0>)
Memory status after this epoch: 
Memory allocated:  353.7041015625
Memory cached:  636.0
	 epoch  80 training error:  tensor(0.2520, device='cuda:0', grad_fn=<DivBackward0>)
Memory status after this epoch: 
Memory allocated:  353.7041015625
Memory cached:  636.0
	 epoch  90 training error:  tensor(0.1948, device='cuda:0', grad_fn=<DivBackward0>)
Memory status after this epoch: 
Memory allocated:  353.7041015625
Memory cached:  636.0
[I 2024-01-11 01:16:24,532] Trial 105 finished with value: 0.13130919635295868 and parameters: {'W_layers': 3, 'W_layer_units_exponent_0': 7, 'W_layer_units_exponent_1': 4, 'W_layer_units_exponent_2': 5, 'D_layers': 5, 'D_layer_units_exponent_0': 10, 'D_layer_units_exponent_1': 7, 'D_layer_units_exponent_2': 9, 'D_layer_units_exponent_3': 4, 'D_layer_units_exponent_4': 4, 'D_dagger_layers': 3, 'D_dagger_layer_units_exponent_0': 10, 'D_dagger_layer_units_exponent_1': 4, 'D_dagger_layer_units_exponent_2': 6, 'log_learning_rate': -3.319619376987272, 'log_learning_rate_D': -3.0637841832605637, 'log_learning_rate_D_dagger': -2.4331332728586657, 'training_batch_size': 6, 'training_p': 5}. Best is trial 52 with value: 0.08483626693487167.
Time for this trial:  417.0464286804199
Memory status after this trial: 
Memory allocated:  666.62744140625
Memory cached:  670.0
--------------------  Trial  106   --------------------
Start timing: 
Parameters: 
{'W_layers': 3, 'W_layer_units_exponent_0': 7, 'W_layer_units_exponent_1': 4, 'W_layer_units_exponent_2': 5, 'D_layers': 4, 'D_layer_units_exponent_0': 10, 'D_layer_units_exponent_1': 8, 'D_layer_units_exponent_2': 8, 'D_layer_units_exponent_3': 4, 'D_dagger_layers': 3, 'D_dagger_layer_units_exponent_0': 8, 'D_dagger_layer_units_exponent_1': 5, 'D_dagger_layer_units_exponent_2': 6, 'log_learning_rate': -2.9497143605206677, 'log_learning_rate_D': -2.87206721962042, 'log_learning_rate_D_dagger': -2.7879593052800633, 'training_batch_size': 6, 'training_p': 6}
	 epoch  0 training error:  tensor(0.7450, device='cuda:0', grad_fn=<DivBackward0>)
Memory status after this epoch: 
Memory allocated:  355.4892578125
Memory cached:  636.0
	 epoch  10 training error:  tensor(0.3744, device='cuda:0', grad_fn=<DivBackward0>)
Memory status after this epoch: 
Memory allocated:  355.4892578125
Memory cached:  636.0
	 epoch  20 training error:  tensor(0.3528, device='cuda:0', grad_fn=<DivBackward0>)
Memory status after this epoch: 
Memory allocated:  355.4892578125
Memory cached:  636.0
	 epoch  30 training error:  tensor(0.3443, device='cuda:0', grad_fn=<DivBackward0>)
Memory status after this epoch: 
Memory allocated:  355.4892578125
Memory cached:  636.0
	 epoch  40 training error:  tensor(0.3429, device='cuda:0', grad_fn=<DivBackward0>)
Memory status after this epoch: 
Memory allocated:  355.4892578125
Memory cached:  636.0
	 epoch  50 training error:  tensor(0.3360, device='cuda:0', grad_fn=<DivBackward0>)
Memory status after this epoch: 
Memory allocated:  355.4892578125
Memory cached:  636.0
	 epoch  60 training error:  tensor(0.3398, device='cuda:0', grad_fn=<DivBackward0>)
Memory status after this epoch: 
Memory allocated:  355.4892578125
Memory cached:  636.0
	 epoch  70 training error:  tensor(0.3188, device='cuda:0', grad_fn=<DivBackward0>)
Memory status after this epoch: 
Memory allocated:  355.4892578125
Memory cached:  636.0
	 epoch  80 training error:  tensor(0.2551, device='cuda:0', grad_fn=<DivBackward0>)
Memory status after this epoch: 
Memory allocated:  355.4892578125
Memory cached:  636.0
	 epoch  90 training error:  tensor(0.2091, device='cuda:0', grad_fn=<DivBackward0>)
Memory status after this epoch: 
Memory allocated:  355.4892578125
Memory cached:  636.0
[I 2024-01-11 01:22:57,369] Trial 106 finished with value: 0.1693749874830246 and parameters: {'W_layers': 3, 'W_layer_units_exponent_0': 7, 'W_layer_units_exponent_1': 4, 'W_layer_units_exponent_2': 5, 'D_layers': 4, 'D_layer_units_exponent_0': 10, 'D_layer_units_exponent_1': 8, 'D_layer_units_exponent_2': 8, 'D_layer_units_exponent_3': 4, 'D_dagger_layers': 3, 'D_dagger_layer_units_exponent_0': 8, 'D_dagger_layer_units_exponent_1': 5, 'D_dagger_layer_units_exponent_2': 6, 'log_learning_rate': -2.9497143605206677, 'log_learning_rate_D': -2.87206721962042, 'log_learning_rate_D_dagger': -2.7879593052800633, 'training_batch_size': 6, 'training_p': 6}. Best is trial 52 with value: 0.08483626693487167.
Time for this trial:  392.46376752853394
Memory status after this trial: 
Memory allocated:  571.970703125
Memory cached:  636.0
--------------------  Trial  107   --------------------
Start timing: 
Parameters: 
{'W_layers': 3, 'W_layer_units_exponent_0': 7, 'W_layer_units_exponent_1': 4, 'W_layer_units_exponent_2': 7, 'D_layers': 5, 'D_layer_units_exponent_0': 10, 'D_layer_units_exponent_1': 7, 'D_layer_units_exponent_2': 8, 'D_layer_units_exponent_3': 4, 'D_layer_units_exponent_4': 4, 'D_dagger_layers': 4, 'D_dagger_layer_units_exponent_0': 10, 'D_dagger_layer_units_exponent_1': 6, 'D_dagger_layer_units_exponent_2': 7, 'D_dagger_layer_units_exponent_3': 9, 'log_learning_rate': -3.4835647382261166, 'log_learning_rate_D': -3.0603634411187555, 'log_learning_rate_D_dagger': -2.9822166688707, 'training_batch_size': 6, 'training_p': 5}
	 epoch  0 training error:  tensor(0.6877, device='cuda:0', grad_fn=<DivBackward0>)
Memory status after this epoch: 
Memory allocated:  355.0341796875
Memory cached:  646.0
	 epoch  10 training error:  tensor(0.3551, device='cuda:0', grad_fn=<DivBackward0>)
Memory status after this epoch: 
Memory allocated:  355.0341796875
Memory cached:  648.0
	 epoch  20 training error:  tensor(0.3393, device='cuda:0', grad_fn=<DivBackward0>)
Memory status after this epoch: 
Memory allocated:  355.0341796875
Memory cached:  640.0
	 epoch  30 training error:  tensor(0.3293, device='cuda:0', grad_fn=<DivBackward0>)
Memory status after this epoch: 
Memory allocated:  355.0341796875
Memory cached:  654.0
	 epoch  40 training error:  tensor(0.3097, device='cuda:0', grad_fn=<DivBackward0>)
Memory status after this epoch: 
Memory allocated:  355.0341796875
Memory cached:  644.0
	 epoch  50 training error:  tensor(0.2931, device='cuda:0', grad_fn=<DivBackward0>)
Memory status after this epoch: 
Memory allocated:  355.0341796875
Memory cached:  650.0
	 epoch  60 training error:  tensor(0.2203, device='cuda:0', grad_fn=<DivBackward0>)
Memory status after this epoch: 
Memory allocated:  355.0341796875
Memory cached:  646.0
	 epoch  70 training error:  tensor(0.1725, device='cuda:0', grad_fn=<DivBackward0>)
Memory status after this epoch: 
Memory allocated:  355.0341796875
Memory cached:  646.0
	 epoch  80 training error:  tensor(0.1774, device='cuda:0', grad_fn=<DivBackward0>)
Memory status after this epoch: 
Memory allocated:  355.0341796875
Memory cached:  644.0
	 epoch  90 training error:  tensor(0.1521, device='cuda:0', grad_fn=<DivBackward0>)
Memory status after this epoch: 
Memory allocated:  355.0341796875
Memory cached:  642.0
