[I 2024-01-13 09:41:21,086] Trial 161 finished with value: 0.25975269079208374 and parameters: {'W_layers': 2, 'W_layer_units_exponent_0': 6, 'W_layer_units_exponent_1': 5, 'D_layers': 5, 'D_layer_units_exponent_0': 5, 'D_layer_units_exponent_1': 6, 'D_layer_units_exponent_2': 8, 'D_layer_units_exponent_3': 9, 'D_layer_units_exponent_4': 7, 'D_dagger_layers': 6, 'D_dagger_layer_units_exponent_0': 9, 'D_dagger_layer_units_exponent_1': 9, 'D_dagger_layer_units_exponent_2': 7, 'D_dagger_layer_units_exponent_3': 6, 'D_dagger_layer_units_exponent_4': 4, 'D_dagger_layer_units_exponent_5': 10, 'log_learning_rate': -4.850894339276026, 'log_learning_rate_D': -3.3630914336045374, 'log_learning_rate_D_dagger': -2.5240532956021347, 'training_batch_size': 6, 'training_p': 6}. Best is trial 151 with value: 0.061272718012332916.
Time for this trial:  463.98541808128357
Memory status after this trial: 
Memory allocated:  631.509765625
Memory cached:  638.0
--------------------  Trial  162   --------------------
Start timing: 
Parameters: 
{'W_layers': 2, 'W_layer_units_exponent_0': 6, 'W_layer_units_exponent_1': 5, 'D_layers': 5, 'D_layer_units_exponent_0': 5, 'D_layer_units_exponent_1': 6, 'D_layer_units_exponent_2': 8, 'D_layer_units_exponent_3': 9, 'D_layer_units_exponent_4': 7, 'D_dagger_layers': 6, 'D_dagger_layer_units_exponent_0': 9, 'D_dagger_layer_units_exponent_1': 9, 'D_dagger_layer_units_exponent_2': 7, 'D_dagger_layer_units_exponent_3': 6, 'D_dagger_layer_units_exponent_4': 4, 'D_dagger_layer_units_exponent_5': 8, 'log_learning_rate': -4.997359370526982, 'log_learning_rate_D': -3.219642526339939, 'log_learning_rate_D_dagger': -2.33897105188352, 'training_batch_size': 6, 'training_p': 6}
	 epoch  0 training error:  tensor(0.9297, device='cuda:0', grad_fn=<DivBackward0>)
Memory status after this epoch: 
Memory allocated:  297.2861328125
Memory cached:  534.0
	 epoch  10 training error:  tensor(0.5432, device='cuda:0', grad_fn=<DivBackward0>)
Memory status after this epoch: 
Memory allocated:  297.2861328125
Memory cached:  536.0
	 epoch  20 training error:  tensor(0.4926, device='cuda:0', grad_fn=<DivBackward0>)
Memory status after this epoch: 
Memory allocated:  297.2861328125
Memory cached:  534.0
	 epoch  30 training error:  tensor(0.4571, device='cuda:0', grad_fn=<DivBackward0>)
Memory status after this epoch: 
Memory allocated:  297.2861328125
Memory cached:  532.0
	 epoch  40 training error:  tensor(0.4270, device='cuda:0', grad_fn=<DivBackward0>)
Memory status after this epoch: 
Memory allocated:  297.2861328125
Memory cached:  536.0
	 epoch  50 training error:  tensor(0.2934, device='cuda:0', grad_fn=<DivBackward0>)
Memory status after this epoch: 
Memory allocated:  297.2861328125
Memory cached:  534.0
	 epoch  60 training error:  tensor(0.2719, device='cuda:0', grad_fn=<DivBackward0>)
Memory status after this epoch: 
Memory allocated:  297.2861328125
Memory cached:  536.0
	 epoch  70 training error:  tensor(0.2398, device='cuda:0', grad_fn=<DivBackward0>)
Memory status after this epoch: 
Memory allocated:  297.2861328125
Memory cached:  534.0
	 epoch  80 training error:  tensor(0.2103, device='cuda:0', grad_fn=<DivBackward0>)
Memory status after this epoch: 
Memory allocated:  297.2861328125
Memory cached:  536.0
	 epoch  90 training error:  tensor(0.2176, device='cuda:0', grad_fn=<DivBackward0>)
Memory status after this epoch: 
Memory allocated:  297.2861328125
Memory cached:  532.0
[I 2024-01-13 09:48:59,598] Trial 162 finished with value: 0.14027506113052368 and parameters: {'W_layers': 2, 'W_layer_units_exponent_0': 6, 'W_layer_units_exponent_1': 5, 'D_layers': 5, 'D_layer_units_exponent_0': 5, 'D_layer_units_exponent_1': 6, 'D_layer_units_exponent_2': 8, 'D_layer_units_exponent_3': 9, 'D_layer_units_exponent_4': 7, 'D_dagger_layers': 6, 'D_dagger_layer_units_exponent_0': 9, 'D_dagger_layer_units_exponent_1': 9, 'D_dagger_layer_units_exponent_2': 7, 'D_dagger_layer_units_exponent_3': 6, 'D_dagger_layer_units_exponent_4': 4, 'D_dagger_layer_units_exponent_5': 8, 'log_learning_rate': -4.997359370526982, 'log_learning_rate_D': -3.219642526339939, 'log_learning_rate_D_dagger': -2.33897105188352, 'training_batch_size': 6, 'training_p': 6}. Best is trial 151 with value: 0.061272718012332916.
Time for this trial:  457.92548060417175
Memory status after this trial: 
Memory allocated:  561.091796875
Memory cached:  566.0
--------------------  Trial  163   --------------------
Start timing: 
Parameters: 
{'W_layers': 2, 'W_layer_units_exponent_0': 6, 'W_layer_units_exponent_1': 5, 'D_layers': 5, 'D_layer_units_exponent_0': 5, 'D_layer_units_exponent_1': 6, 'D_layer_units_exponent_2': 8, 'D_layer_units_exponent_3': 8, 'D_layer_units_exponent_4': 7, 'D_dagger_layers': 6, 'D_dagger_layer_units_exponent_0': 9, 'D_dagger_layer_units_exponent_1': 9, 'D_dagger_layer_units_exponent_2': 7, 'D_dagger_layer_units_exponent_3': 6, 'D_dagger_layer_units_exponent_4': 4, 'D_dagger_layer_units_exponent_5': 8, 'log_learning_rate': -4.876346429050983, 'log_learning_rate_D': -3.49556890437572, 'log_learning_rate_D_dagger': -2.886874577950354, 'training_batch_size': 10, 'training_p': 6}
	 epoch  0 training error:  tensor(1.0695, device='cuda:0', grad_fn=<DivBackward0>)
Memory status after this epoch: 
Memory allocated:  295.78125
Memory cached:  540.0
	 epoch  10 training error:  tensor(0.5655, device='cuda:0', grad_fn=<DivBackward0>)
Memory status after this epoch: 
Memory allocated:  295.78125
Memory cached:  550.0
	 epoch  20 training error:  tensor(0.5067, device='cuda:0', grad_fn=<DivBackward0>)
Memory status after this epoch: 
Memory allocated:  295.78125
Memory cached:  550.0
	 epoch  30 training error:  tensor(0.5078, device='cuda:0', grad_fn=<DivBackward0>)
Memory status after this epoch: 
Memory allocated:  295.78125
Memory cached:  550.0
	 epoch  40 training error:  tensor(0.4945, device='cuda:0', grad_fn=<DivBackward0>)
Memory status after this epoch: 
Memory allocated:  295.78125
Memory cached:  548.0
	 epoch  50 training error:  tensor(0.4953, device='cuda:0', grad_fn=<DivBackward0>)
Memory status after this epoch: 
Memory allocated:  295.78125
Memory cached:  550.0
	 epoch  60 training error:  tensor(0.4756, device='cuda:0', grad_fn=<DivBackward0>)
Memory status after this epoch: 
Memory allocated:  295.78125
Memory cached:  552.0
	 epoch  70 training error:  tensor(0.4766, device='cuda:0', grad_fn=<DivBackward0>)
Memory status after this epoch: 
Memory allocated:  295.78125
Memory cached:  554.0
	 epoch  80 training error:  tensor(0.3624, device='cuda:0', grad_fn=<DivBackward0>)
Memory status after this epoch: 
Memory allocated:  295.78125
Memory cached:  550.0
	 epoch  90 training error:  tensor(0.3760, device='cuda:0', grad_fn=<DivBackward0>)
Memory status after this epoch: 
Memory allocated:  295.78125
Memory cached:  544.0
[I 2024-01-13 09:52:15,359] Trial 163 finished with value: 0.18856114149093628 and parameters: {'W_layers': 2, 'W_layer_units_exponent_0': 6, 'W_layer_units_exponent_1': 5, 'D_layers': 5, 'D_layer_units_exponent_0': 5, 'D_layer_units_exponent_1': 6, 'D_layer_units_exponent_2': 8, 'D_layer_units_exponent_3': 8, 'D_layer_units_exponent_4': 7, 'D_dagger_layers': 6, 'D_dagger_layer_units_exponent_0': 9, 'D_dagger_layer_units_exponent_1': 9, 'D_dagger_layer_units_exponent_2': 7, 'D_dagger_layer_units_exponent_3': 6, 'D_dagger_layer_units_exponent_4': 4, 'D_dagger_layer_units_exponent_5': 8, 'log_learning_rate': -4.876346429050983, 'log_learning_rate_D': -3.49556890437572, 'log_learning_rate_D_dagger': -2.886874577950354, 'training_batch_size': 10, 'training_p': 6}. Best is trial 151 with value: 0.061272718012332916.
Time for this trial:  195.30919289588928
Memory status after this trial: 
Memory allocated:  533.2197265625
Memory cached:  546.0
--------------------  Trial  164   --------------------
Start timing: 
Parameters: 
{'W_layers': 2, 'W_layer_units_exponent_0': 6, 'W_layer_units_exponent_1': 5, 'D_layers': 5, 'D_layer_units_exponent_0': 5, 'D_layer_units_exponent_1': 6, 'D_layer_units_exponent_2': 8, 'D_layer_units_exponent_3': 10, 'D_layer_units_exponent_4': 7, 'D_dagger_layers': 6, 'D_dagger_layer_units_exponent_0': 9, 'D_dagger_layer_units_exponent_1': 9, 'D_dagger_layer_units_exponent_2': 7, 'D_dagger_layer_units_exponent_3': 6, 'D_dagger_layer_units_exponent_4': 4, 'D_dagger_layer_units_exponent_5': 8, 'log_learning_rate': -4.82090887689325, 'log_learning_rate_D': -3.292542244644361, 'log_learning_rate_D_dagger': -2.6165852048851175, 'training_batch_size': 6, 'training_p': 6}
	 epoch  0 training error:  tensor(0.8445, device='cuda:0', grad_fn=<DivBackward0>)
Memory status after this epoch: 
Memory allocated:  300.2939453125
Memory cached:  536.0
	 epoch  10 training error:  tensor(0.5352, device='cuda:0', grad_fn=<DivBackward0>)
Memory status after this epoch: 
Memory allocated:  300.2939453125
Memory cached:  542.0
	 epoch  20 training error:  tensor(0.4956, device='cuda:0', grad_fn=<DivBackward0>)
Memory status after this epoch: 
Memory allocated:  300.2939453125
Memory cached:  536.0
	 epoch  30 training error:  tensor(0.4356, device='cuda:0', grad_fn=<DivBackward0>)
Memory status after this epoch: 
Memory allocated:  300.2939453125
Memory cached:  540.0
	 epoch  40 training error:  tensor(0.2530, device='cuda:0', grad_fn=<DivBackward0>)
Memory status after this epoch: 
Memory allocated:  300.2939453125
Memory cached:  540.0
	 epoch  50 training error:  tensor(0.2340, device='cuda:0', grad_fn=<DivBackward0>)
Memory status after this epoch: 
Memory allocated:  300.2939453125
Memory cached:  536.0
	 epoch  60 training error:  tensor(0.1810, device='cuda:0', grad_fn=<DivBackward0>)
Memory status after this epoch: 
Memory allocated:  300.2939453125
Memory cached:  538.0
	 epoch  70 training error:  tensor(0.2295, device='cuda:0', grad_fn=<DivBackward0>)
Memory status after this epoch: 
Memory allocated:  300.2939453125
Memory cached:  540.0
	 epoch  80 training error:  tensor(0.1597, device='cuda:0', grad_fn=<DivBackward0>)
Memory status after this epoch: 
Memory allocated:  300.2939453125
Memory cached:  536.0
	 epoch  90 training error:  tensor(0.2158, device='cuda:0', grad_fn=<DivBackward0>)
Memory status after this epoch: 
Memory allocated:  300.2939453125
Memory cached:  538.0
[I 2024-01-13 09:59:55,745] Trial 164 finished with value: 0.1360544115304947 and parameters: {'W_layers': 2, 'W_layer_units_exponent_0': 6, 'W_layer_units_exponent_1': 5, 'D_layers': 5, 'D_layer_units_exponent_0': 5, 'D_layer_units_exponent_1': 6, 'D_layer_units_exponent_2': 8, 'D_layer_units_exponent_3': 10, 'D_layer_units_exponent_4': 7, 'D_dagger_layers': 6, 'D_dagger_layer_units_exponent_0': 9, 'D_dagger_layer_units_exponent_1': 9, 'D_dagger_layer_units_exponent_2': 7, 'D_dagger_layer_units_exponent_3': 6, 'D_dagger_layer_units_exponent_4': 4, 'D_dagger_layer_units_exponent_5': 8, 'log_learning_rate': -4.82090887689325, 'log_learning_rate_D': -3.292542244644361, 'log_learning_rate_D_dagger': -2.6165852048851175, 'training_batch_size': 6, 'training_p': 6}. Best is trial 151 with value: 0.061272718012332916.
Time for this trial:  459.8081920146942
Memory status after this trial: 
Memory allocated:  616.736328125
Memory cached:  624.0
--------------------  Trial  165   --------------------
Start timing: 
Parameters: 
{'W_layers': 2, 'W_layer_units_exponent_0': 6, 'W_layer_units_exponent_1': 5, 'D_layers': 6, 'D_layer_units_exponent_0': 5, 'D_layer_units_exponent_1': 7, 'D_layer_units_exponent_2': 8, 'D_layer_units_exponent_3': 10, 'D_layer_units_exponent_4': 7, 'D_layer_units_exponent_5': 8, 'D_dagger_layers': 6, 'D_dagger_layer_units_exponent_0': 9, 'D_dagger_layer_units_exponent_1': 9, 'D_dagger_layer_units_exponent_2': 7, 'D_dagger_layer_units_exponent_3': 6, 'D_dagger_layer_units_exponent_4': 4, 'D_dagger_layer_units_exponent_5': 9, 'log_learning_rate': -4.9411902563890715, 'log_learning_rate_D': -3.1416116289827998, 'log_learning_rate_D_dagger': -2.811533905557478, 'training_batch_size': 6, 'training_p': 6}
	 epoch  0 training error:  tensor(0.7128, device='cuda:0', grad_fn=<DivBackward0>)
Memory status after this epoch: 
Memory allocated:  301.1513671875
Memory cached:  538.0
	 epoch  10 training error:  tensor(0.5064, device='cuda:0', grad_fn=<DivBackward0>)
Memory status after this epoch: 
Memory allocated:  301.1513671875
Memory cached:  540.0
	 epoch  20 training error:  tensor(0.5129, device='cuda:0', grad_fn=<DivBackward0>)
Memory status after this epoch: 
Memory allocated:  301.1513671875
Memory cached:  546.0
	 epoch  30 training error:  tensor(0.5056, device='cuda:0', grad_fn=<DivBackward0>)
Memory status after this epoch: 
Memory allocated:  301.1513671875
Memory cached:  542.0
	 epoch  40 training error:  tensor(0.4990, device='cuda:0', grad_fn=<DivBackward0>)
Memory status after this epoch: 
Memory allocated:  301.1513671875
Memory cached:  546.0
	 epoch  50 training error:  tensor(0.6645, device='cuda:0', grad_fn=<DivBackward0>)
Memory status after this epoch: 
Memory allocated:  301.1513671875
Memory cached:  544.0
	 epoch  60 training error:  tensor(0.5081, device='cuda:0', grad_fn=<DivBackward0>)
Memory status after this epoch: 
Memory allocated:  301.1513671875
Memory cached:  546.0
	 epoch  70 training error:  tensor(0.3746, device='cuda:0', grad_fn=<DivBackward0>)
Memory status after this epoch: 
Memory allocated:  301.1513671875
Memory cached:  540.0
	 epoch  80 training error:  tensor(0.3520, device='cuda:0', grad_fn=<DivBackward0>)
Memory status after this epoch: 
Memory allocated:  301.1513671875
Memory cached:  538.0
	 epoch  90 training error:  tensor(0.2942, device='cuda:0', grad_fn=<DivBackward0>)
Memory status after this epoch: 
Memory allocated:  301.1513671875
Memory cached:  546.0
[I 2024-01-13 10:08:02,011] Trial 165 finished with value: 0.23068390786647797 and parameters: {'W_layers': 2, 'W_layer_units_exponent_0': 6, 'W_layer_units_exponent_1': 5, 'D_layers': 6, 'D_layer_units_exponent_0': 5, 'D_layer_units_exponent_1': 7, 'D_layer_units_exponent_2': 8, 'D_layer_units_exponent_3': 10, 'D_layer_units_exponent_4': 7, 'D_layer_units_exponent_5': 8, 'D_dagger_layers': 6, 'D_dagger_layer_units_exponent_0': 9, 'D_dagger_layer_units_exponent_1': 9, 'D_dagger_layer_units_exponent_2': 7, 'D_dagger_layer_units_exponent_3': 6, 'D_dagger_layer_units_exponent_4': 4, 'D_dagger_layer_units_exponent_5': 9, 'log_learning_rate': -4.9411902563890715, 'log_learning_rate_D': -3.1416116289827998, 'log_learning_rate_D_dagger': -2.811533905557478, 'training_batch_size': 6, 'training_p': 6}. Best is trial 151 with value: 0.061272718012332916.
Time for this trial:  485.69585132598877
Memory status after this trial: 
Memory allocated:  672.5068359375
Memory cached:  680.0
--------------------  Trial  166   --------------------
Start timing: 
Parameters: 
{'W_layers': 2, 'W_layer_units_exponent_0': 6, 'W_layer_units_exponent_1': 5, 'D_layers': 5, 'D_layer_units_exponent_0': 5, 'D_layer_units_exponent_1': 6, 'D_layer_units_exponent_2': 8, 'D_layer_units_exponent_3': 9, 'D_layer_units_exponent_4': 8, 'D_dagger_layers': 5, 'D_dagger_layer_units_exponent_0': 9, 'D_dagger_layer_units_exponent_1': 9, 'D_dagger_layer_units_exponent_2': 7, 'D_dagger_layer_units_exponent_3': 6, 'D_dagger_layer_units_exponent_4': 5, 'log_learning_rate': -4.79082239581084, 'log_learning_rate_D': -3.400289413717126, 'log_learning_rate_D_dagger': -2.8713364597345326, 'training_batch_size': 6, 'training_p': 6}
	 epoch  0 training error:  tensor(0.6115, device='cuda:0', grad_fn=<DivBackward0>)
Memory status after this epoch: 
Memory allocated:  298.2373046875
Memory cached:  536.0
	 epoch  10 training error:  tensor(0.5130, device='cuda:0', grad_fn=<DivBackward0>)
Memory status after this epoch: 
Memory allocated:  298.2373046875
Memory cached:  538.0
	 epoch  20 training error:  tensor(0.4981, device='cuda:0', grad_fn=<DivBackward0>)
Memory status after this epoch: 
Memory allocated:  298.2373046875
Memory cached:  538.0
	 epoch  30 training error:  tensor(0.4891, device='cuda:0', grad_fn=<DivBackward0>)
Memory status after this epoch: 
Memory allocated:  298.2373046875
Memory cached:  540.0
	 epoch  40 training error:  tensor(0.3366, device='cuda:0', grad_fn=<DivBackward0>)
Memory status after this epoch: 
Memory allocated:  298.2373046875
Memory cached:  538.0
	 epoch  50 training error:  tensor(0.2884, device='cuda:0', grad_fn=<DivBackward0>)
Memory status after this epoch: 
Memory allocated:  298.2373046875
Memory cached:  538.0
	 epoch  60 training error:  tensor(0.2092, device='cuda:0', grad_fn=<DivBackward0>)
Memory status after this epoch: 
Memory allocated:  298.2373046875
Memory cached:  542.0
	 epoch  70 training error:  tensor(0.1261, device='cuda:0', grad_fn=<DivBackward0>)
Memory status after this epoch: 
Memory allocated:  298.2373046875
Memory cached:  538.0
	 epoch  80 training error:  tensor(0.1704, device='cuda:0', grad_fn=<DivBackward0>)
Memory status after this epoch: 
Memory allocated:  298.2373046875
Memory cached:  542.0
	 epoch  90 training error:  tensor(0.1236, device='cuda:0', grad_fn=<DivBackward0>)
Memory status after this epoch: 
Memory allocated:  298.2373046875
Memory cached:  540.0
[I 2024-01-13 10:15:18,396] Trial 166 finished with value: 0.057614028453826904 and parameters: {'W_layers': 2, 'W_layer_units_exponent_0': 6, 'W_layer_units_exponent_1': 5, 'D_layers': 5, 'D_layer_units_exponent_0': 5, 'D_layer_units_exponent_1': 6, 'D_layer_units_exponent_2': 8, 'D_layer_units_exponent_3': 9, 'D_layer_units_exponent_4': 8, 'D_dagger_layers': 5, 'D_dagger_layer_units_exponent_0': 9, 'D_dagger_layer_units_exponent_1': 9, 'D_dagger_layer_units_exponent_2': 7, 'D_dagger_layer_units_exponent_3': 6, 'D_dagger_layer_units_exponent_4': 5, 'log_learning_rate': -4.79082239581084, 'log_learning_rate_D': -3.400289413717126, 'log_learning_rate_D_dagger': -2.8713364597345326, 'training_batch_size': 6, 'training_p': 6}. Best is trial 166 with value: 0.057614028453826904.
res:  tensor(0.0576, device='cuda:0', grad_fn=<DivBackward0>)
self.bestValue:  tensor(0.0613, device='cuda:0', grad_fn=<DivBackward0>)
Save this model!
Time for this trial:  435.8609404563904
Memory status after this trial: 
Memory allocated:  262.48046875
Memory cached:  518.0
--------------------  Trial  167   --------------------
Start timing: 
Parameters: 
{'W_layers': 2, 'W_layer_units_exponent_0': 7, 'W_layer_units_exponent_1': 4, 'D_layers': 5, 'D_layer_units_exponent_0': 5, 'D_layer_units_exponent_1': 6, 'D_layer_units_exponent_2': 8, 'D_layer_units_exponent_3': 10, 'D_layer_units_exponent_4': 8, 'D_dagger_layers': 5, 'D_dagger_layer_units_exponent_0': 9, 'D_dagger_layer_units_exponent_1': 9, 'D_dagger_layer_units_exponent_2': 7, 'D_dagger_layer_units_exponent_3': 5, 'D_dagger_layer_units_exponent_4': 5, 'log_learning_rate': -4.7486194529258805, 'log_learning_rate_D': -3.4459706766860396, 'log_learning_rate_D_dagger': -2.6529627717196047, 'training_batch_size': 6, 'training_p': 8}
	 epoch  0 training error:  tensor(0.7741, device='cuda:0', grad_fn=<DivBackward0>)
Memory status after this epoch: 
Memory allocated:  275.96484375
Memory cached:  516.0
	 epoch  10 training error:  tensor(0.5419, device='cuda:0', grad_fn=<DivBackward0>)
Memory status after this epoch: 
Memory allocated:  275.96484375
Memory cached:  518.0
	 epoch  20 training error:  tensor(0.5362, device='cuda:0', grad_fn=<DivBackward0>)
Memory status after this epoch: 
Memory allocated:  275.96484375
Memory cached:  512.0
	 epoch  30 training error:  tensor(0.5104, device='cuda:0', grad_fn=<DivBackward0>)
Memory status after this epoch: 
Memory allocated:  275.96484375
Memory cached:  520.0
	 epoch  40 training error:  tensor(0.3797, device='cuda:0', grad_fn=<DivBackward0>)
Memory status after this epoch: 
Memory allocated:  275.96484375
Memory cached:  518.0
	 epoch  50 training error:  tensor(0.2524, device='cuda:0', grad_fn=<DivBackward0>)
Memory status after this epoch: 
Memory allocated:  275.96484375
Memory cached:  516.0
	 epoch  60 training error:  tensor(0.2152, device='cuda:0', grad_fn=<DivBackward0>)
Memory status after this epoch: 
Memory allocated:  275.96484375
Memory cached:  514.0
	 epoch  70 training error:  tensor(0.1847, device='cuda:0', grad_fn=<DivBackward0>)
Memory status after this epoch: 
Memory allocated:  275.96484375
Memory cached:  516.0
	 epoch  80 training error:  tensor(0.1167, device='cuda:0', grad_fn=<DivBackward0>)
Memory status after this epoch: 
Memory allocated:  275.96484375
Memory cached:  518.0
	 epoch  90 training error:  tensor(0.1557, device='cuda:0', grad_fn=<DivBackward0>)
Memory status after this epoch: 
Memory allocated:  275.96484375
Memory cached:  512.0
