[I 2023-12-03 00:04:58,152] Trial 17 finished with value: 0.05021272227168083 and parameters: {'W_layers': 7, 'W_layer_units_exponent_0': 6, 'W_layer_units_exponent_1': 8, 'W_layer_units_exponent_2': 8, 'W_layer_units_exponent_3': 9, 'W_layer_units_exponent_4': 8, 'W_layer_units_exponent_5': 5, 'W_layer_units_exponent_6': 4, 'D_layers': 8, 'D_layer_units_exponent_0': 5, 'D_layer_units_exponent_1': 7, 'D_layer_units_exponent_2': 6, 'D_layer_units_exponent_3': 8, 'D_layer_units_exponent_4': 7, 'D_layer_units_exponent_5': 5, 'D_layer_units_exponent_6': 9, 'D_layer_units_exponent_7': 5, 'log_learning_rate': -2.268695536588991, 'log_learning_rate_D': -3.919355182836887, 'training_batch_size': 12, 'training_p': 3}. Best is trial 5 with value: 0.039839114993810654.
Time for this trial:  60.06633543968201
Memory status after this trial: 
Memory allocated:  224.89453125
Memory cached:  250.0
--------------------  Trial  18   --------------------
Start timing: 
Parameters: 
{'W_layers': 5, 'W_layer_units_exponent_0': 4, 'W_layer_units_exponent_1': 6, 'W_layer_units_exponent_2': 6, 'W_layer_units_exponent_3': 8, 'W_layer_units_exponent_4': 5, 'D_layers': 6, 'D_layer_units_exponent_0': 7, 'D_layer_units_exponent_1': 4, 'D_layer_units_exponent_2': 9, 'D_layer_units_exponent_3': 9, 'D_layer_units_exponent_4': 6, 'D_layer_units_exponent_5': 8, 'log_learning_rate': -3.5549809054776436, 'log_learning_rate_D': -3.5316680692276456, 'training_batch_size': 10, 'training_p': 5}
	 epoch  0 training error:  tensor(0.2654, device='cuda:0', grad_fn=<DivBackward0>)
Memory status after this epoch: 
Memory allocated:  167.998046875
Memory cached:  242.0
	 epoch  10 training error:  tensor(0.0773, device='cuda:0', grad_fn=<DivBackward0>)
Memory status after this epoch: 
Memory allocated:  167.998046875
Memory cached:  244.0
	 epoch  20 training error:  tensor(0.0717, device='cuda:0', grad_fn=<DivBackward0>)
Memory status after this epoch: 
Memory allocated:  167.998046875
Memory cached:  244.0
	 epoch  30 training error:  tensor(0.0624, device='cuda:0', grad_fn=<DivBackward0>)
Memory status after this epoch: 
Memory allocated:  167.998046875
Memory cached:  244.0
	 epoch  40 training error:  tensor(0.0560, device='cuda:0', grad_fn=<DivBackward0>)
Memory status after this epoch: 
Memory allocated:  167.998046875
Memory cached:  244.0
	 epoch  50 training error:  tensor(0.0528, device='cuda:0', grad_fn=<DivBackward0>)
Memory status after this epoch: 
Memory allocated:  167.998046875
Memory cached:  244.0
	 epoch  60 training error:  tensor(0.0496, device='cuda:0', grad_fn=<DivBackward0>)
Memory status after this epoch: 
Memory allocated:  167.998046875
Memory cached:  244.0
	 epoch  70 training error:  tensor(0.0472, device='cuda:0', grad_fn=<DivBackward0>)
Memory status after this epoch: 
Memory allocated:  167.998046875
Memory cached:  244.0
	 epoch  80 training error:  tensor(0.0463, device='cuda:0', grad_fn=<DivBackward0>)
Memory status after this epoch: 
Memory allocated:  167.998046875
Memory cached:  244.0
	 epoch  90 training error:  tensor(0.0433, device='cuda:0', grad_fn=<DivBackward0>)
Memory status after this epoch: 
Memory allocated:  167.998046875
Memory cached:  244.0
[I 2023-12-03 00:05:47,213] Trial 18 finished with value: 0.0454082153737545 and parameters: {'W_layers': 5, 'W_layer_units_exponent_0': 4, 'W_layer_units_exponent_1': 6, 'W_layer_units_exponent_2': 6, 'W_layer_units_exponent_3': 8, 'W_layer_units_exponent_4': 5, 'D_layers': 6, 'D_layer_units_exponent_0': 7, 'D_layer_units_exponent_1': 4, 'D_layer_units_exponent_2': 9, 'D_layer_units_exponent_3': 9, 'D_layer_units_exponent_4': 6, 'D_layer_units_exponent_5': 8, 'log_learning_rate': -3.5549809054776436, 'log_learning_rate_D': -3.5316680692276456, 'training_batch_size': 10, 'training_p': 5}. Best is trial 5 with value: 0.039839114993810654.
Time for this trial:  48.8504900932312
Memory status after this trial: 
Memory allocated:  209.1240234375
Memory cached:  242.0
--------------------  Trial  19   --------------------
Start timing: 
Parameters: 
{'W_layers': 8, 'W_layer_units_exponent_0': 6, 'W_layer_units_exponent_1': 5, 'W_layer_units_exponent_2': 8, 'W_layer_units_exponent_3': 10, 'W_layer_units_exponent_4': 7, 'W_layer_units_exponent_5': 8, 'W_layer_units_exponent_6': 10, 'W_layer_units_exponent_7': 4, 'D_layers': 3, 'D_layer_units_exponent_0': 4, 'D_layer_units_exponent_1': 5, 'D_layer_units_exponent_2': 7, 'log_learning_rate': -4.856665621303292, 'log_learning_rate_D': -4.456639251841991, 'training_batch_size': 8, 'training_p': 3}
	 epoch  0 training error:  tensor(0.6296, device='cuda:0', grad_fn=<DivBackward0>)
Memory status after this epoch: 
Memory allocated:  173.6171875
Memory cached:  240.0
	 epoch  10 training error:  tensor(0.3323, device='cuda:0', grad_fn=<DivBackward0>)
Memory status after this epoch: 
Memory allocated:  173.6171875
Memory cached:  242.0
	 epoch  20 training error:  tensor(0.1086, device='cuda:0', grad_fn=<DivBackward0>)
Memory status after this epoch: 
Memory allocated:  173.6171875
Memory cached:  242.0
	 epoch  30 training error:  tensor(0.1261, device='cuda:0', grad_fn=<DivBackward0>)
Memory status after this epoch: 
Memory allocated:  173.6171875
Memory cached:  242.0
	 epoch  40 training error:  tensor(0.0979, device='cuda:0', grad_fn=<DivBackward0>)
Memory status after this epoch: 
Memory allocated:  173.6171875
Memory cached:  242.0
	 epoch  50 training error:  tensor(0.0910, device='cuda:0', grad_fn=<DivBackward0>)
Memory status after this epoch: 
Memory allocated:  173.6171875
Memory cached:  242.0
	 epoch  60 training error:  tensor(0.0898, device='cuda:0', grad_fn=<DivBackward0>)
Memory status after this epoch: 
Memory allocated:  173.6171875
Memory cached:  242.0
	 epoch  70 training error:  tensor(0.0869, device='cuda:0', grad_fn=<DivBackward0>)
Memory status after this epoch: 
Memory allocated:  173.6171875
Memory cached:  242.0
	 epoch  80 training error:  tensor(0.0836, device='cuda:0', grad_fn=<DivBackward0>)
Memory status after this epoch: 
Memory allocated:  173.6171875
Memory cached:  242.0
	 epoch  90 training error:  tensor(0.0800, device='cuda:0', grad_fn=<DivBackward0>)
Memory status after this epoch: 
Memory allocated:  173.6171875
Memory cached:  242.0
[I 2023-12-03 00:06:38,201] Trial 19 finished with value: 0.08209925144910812 and parameters: {'W_layers': 8, 'W_layer_units_exponent_0': 6, 'W_layer_units_exponent_1': 5, 'W_layer_units_exponent_2': 8, 'W_layer_units_exponent_3': 10, 'W_layer_units_exponent_4': 7, 'W_layer_units_exponent_5': 8, 'W_layer_units_exponent_6': 10, 'W_layer_units_exponent_7': 4, 'D_layers': 3, 'D_layer_units_exponent_0': 4, 'D_layer_units_exponent_1': 5, 'D_layer_units_exponent_2': 7, 'log_learning_rate': -4.856665621303292, 'log_learning_rate_D': -4.456639251841991, 'training_batch_size': 8, 'training_p': 3}. Best is trial 5 with value: 0.039839114993810654.
Time for this trial:  50.80420994758606
Memory status after this trial: 
Memory allocated:  236.40380859375
Memory cached:  264.0
--------------------  Trial  20   --------------------
Start timing: 
Parameters: 
{'W_layers': 5, 'W_layer_units_exponent_0': 8, 'W_layer_units_exponent_1': 10, 'W_layer_units_exponent_2': 6, 'W_layer_units_exponent_3': 7, 'W_layer_units_exponent_4': 5, 'D_layers': 6, 'D_layer_units_exponent_0': 5, 'D_layer_units_exponent_1': 8, 'D_layer_units_exponent_2': 5, 'D_layer_units_exponent_3': 8, 'D_layer_units_exponent_4': 4, 'D_layer_units_exponent_5': 6, 'log_learning_rate': -2.7971893811402415, 'log_learning_rate_D': -3.1703245862430753, 'training_batch_size': 7, 'training_p': 8}
	 epoch  0 training error:  tensor(0.1869, device='cuda:0', grad_fn=<DivBackward0>)
Memory status after this epoch: 
Memory allocated:  168.28515625
Memory cached:  240.0
	 epoch  10 training error:  tensor(0.1552, device='cuda:0', grad_fn=<DivBackward0>)
Memory status after this epoch: 
Memory allocated:  168.28515625
Memory cached:  242.0
	 epoch  20 training error:  tensor(0.2515, device='cuda:0', grad_fn=<DivBackward0>)
Memory status after this epoch: 
Memory allocated:  168.28515625
Memory cached:  242.0
	 epoch  30 training error:  tensor(0.1414, device='cuda:0', grad_fn=<DivBackward0>)
Memory status after this epoch: 
Memory allocated:  168.28515625
Memory cached:  242.0
	 epoch  40 training error:  tensor(0.1126, device='cuda:0', grad_fn=<DivBackward0>)
Memory status after this epoch: 
Memory allocated:  168.28515625
Memory cached:  242.0
	 epoch  50 training error:  tensor(0.0711, device='cuda:0', grad_fn=<DivBackward0>)
Memory status after this epoch: 
Memory allocated:  168.28515625
Memory cached:  242.0
	 epoch  60 training error:  tensor(0.0547, device='cuda:0', grad_fn=<DivBackward0>)
Memory status after this epoch: 
Memory allocated:  168.28515625
Memory cached:  242.0
	 epoch  70 training error:  tensor(0.0552, device='cuda:0', grad_fn=<DivBackward0>)
Memory status after this epoch: 
Memory allocated:  168.28515625
Memory cached:  242.0
	 epoch  80 training error:  tensor(0.0675, device='cuda:0', grad_fn=<DivBackward0>)
Memory status after this epoch: 
Memory allocated:  168.28515625
Memory cached:  242.0
	 epoch  90 training error:  tensor(0.0396, device='cuda:0', grad_fn=<DivBackward0>)
Memory status after this epoch: 
Memory allocated:  168.28515625
Memory cached:  242.0
[I 2023-12-03 00:07:27,792] Trial 20 finished with value: 0.029596377164125443 and parameters: {'W_layers': 5, 'W_layer_units_exponent_0': 8, 'W_layer_units_exponent_1': 10, 'W_layer_units_exponent_2': 6, 'W_layer_units_exponent_3': 7, 'W_layer_units_exponent_4': 5, 'D_layers': 6, 'D_layer_units_exponent_0': 5, 'D_layer_units_exponent_1': 8, 'D_layer_units_exponent_2': 5, 'D_layer_units_exponent_3': 8, 'D_layer_units_exponent_4': 4, 'D_layer_units_exponent_5': 6, 'log_learning_rate': -2.7971893811402415, 'log_learning_rate_D': -3.1703245862430753, 'training_batch_size': 7, 'training_p': 8}. Best is trial 20 with value: 0.029596377164125443.
res:  tensor(0.0296, device='cuda:0', grad_fn=<DivBackward0>)
self.bestValue:  tensor(0.0398, device='cuda:0', grad_fn=<DivBackward0>)
Save this model!
Time for this trial:  49.3981773853302
Memory status after this trial: 
Memory allocated:  52.3427734375
Memory cached:  128.0
--------------------  Trial  21   --------------------
Start timing: 
Parameters: 
{'W_layers': 5, 'W_layer_units_exponent_0': 8, 'W_layer_units_exponent_1': 10, 'W_layer_units_exponent_2': 5, 'W_layer_units_exponent_3': 6, 'W_layer_units_exponent_4': 6, 'D_layers': 8, 'D_layer_units_exponent_0': 6, 'D_layer_units_exponent_1': 8, 'D_layer_units_exponent_2': 5, 'D_layer_units_exponent_3': 10, 'D_layer_units_exponent_4': 8, 'D_layer_units_exponent_5': 6, 'D_layer_units_exponent_6': 7, 'D_layer_units_exponent_7': 10, 'log_learning_rate': -2.854777491788966, 'log_learning_rate_D': -3.0853662398049875, 'training_batch_size': 7, 'training_p': 8}
	 epoch  0 training error:  tensor(2.1639, device='cuda:0', grad_fn=<DivBackward0>)
Memory status after this epoch: 
Memory allocated:  64.38720703125
Memory cached:  130.0
	 epoch  10 training error:  tensor(0.1839, device='cuda:0', grad_fn=<DivBackward0>)
Memory status after this epoch: 
Memory allocated:  64.38720703125
Memory cached:  134.0
	 epoch  20 training error:  tensor(0.1268, device='cuda:0', grad_fn=<DivBackward0>)
Memory status after this epoch: 
Memory allocated:  64.38720703125
Memory cached:  134.0
	 epoch  30 training error:  tensor(0.2504, device='cuda:0', grad_fn=<DivBackward0>)
Memory status after this epoch: 
Memory allocated:  64.38720703125
Memory cached:  134.0
	 epoch  40 training error:  tensor(0.0838, device='cuda:0', grad_fn=<DivBackward0>)
Memory status after this epoch: 
Memory allocated:  64.38720703125
Memory cached:  134.0
	 epoch  50 training error:  tensor(0.1027, device='cuda:0', grad_fn=<DivBackward0>)
Memory status after this epoch: 
Memory allocated:  64.38720703125
Memory cached:  134.0
	 epoch  60 training error:  tensor(0.0871, device='cuda:0', grad_fn=<DivBackward0>)
Memory status after this epoch: 
Memory allocated:  64.38720703125
Memory cached:  134.0
	 epoch  70 training error:  tensor(0.0884, device='cuda:0', grad_fn=<DivBackward0>)
Memory status after this epoch: 
Memory allocated:  64.38720703125
Memory cached:  134.0
	 epoch  80 training error:  tensor(0.0732, device='cuda:0', grad_fn=<DivBackward0>)
Memory status after this epoch: 
Memory allocated:  64.38720703125
Memory cached:  134.0
	 epoch  90 training error:  tensor(0.0721, device='cuda:0', grad_fn=<DivBackward0>)
Memory status after this epoch: 
Memory allocated:  64.38720703125
Memory cached:  134.0
[I 2023-12-03 00:08:25,132] Trial 21 finished with value: 0.08001995086669922 and parameters: {'W_layers': 5, 'W_layer_units_exponent_0': 8, 'W_layer_units_exponent_1': 10, 'W_layer_units_exponent_2': 5, 'W_layer_units_exponent_3': 6, 'W_layer_units_exponent_4': 6, 'D_layers': 8, 'D_layer_units_exponent_0': 6, 'D_layer_units_exponent_1': 8, 'D_layer_units_exponent_2': 5, 'D_layer_units_exponent_3': 10, 'D_layer_units_exponent_4': 8, 'D_layer_units_exponent_5': 6, 'D_layer_units_exponent_6': 7, 'D_layer_units_exponent_7': 10, 'log_learning_rate': -2.854777491788966, 'log_learning_rate_D': -3.0853662398049875, 'training_batch_size': 7, 'training_p': 8}. Best is trial 20 with value: 0.029596377164125443.
Time for this trial:  57.14672136306763
Memory status after this trial: 
Memory allocated:  155.96435546875
Memory cached:  164.0
--------------------  Trial  22   --------------------
Start timing: 
Parameters: 
{'W_layers': 3, 'W_layer_units_exponent_0': 9, 'W_layer_units_exponent_1': 10, 'W_layer_units_exponent_2': 6, 'D_layers': 6, 'D_layer_units_exponent_0': 8, 'D_layer_units_exponent_1': 10, 'D_layer_units_exponent_2': 5, 'D_layer_units_exponent_3': 6, 'D_layer_units_exponent_4': 10, 'D_layer_units_exponent_5': 6, 'log_learning_rate': -3.819699839021925, 'log_learning_rate_D': -2.4444484611740314, 'training_batch_size': 8, 'training_p': 7}
	 epoch  0 training error:  tensor(0.6298, device='cuda:0', grad_fn=<DivBackward0>)
Memory status after this epoch: 
Memory allocated:  68.05126953125
Memory cached:  150.0
	 epoch  10 training error:  tensor(0.3442, device='cuda:0', grad_fn=<DivBackward0>)
Memory status after this epoch: 
Memory allocated:  68.05126953125
Memory cached:  150.0
	 epoch  20 training error:  tensor(0.1351, device='cuda:0', grad_fn=<DivBackward0>)
Memory status after this epoch: 
Memory allocated:  68.05126953125
Memory cached:  150.0
	 epoch  30 training error:  tensor(0.0600, device='cuda:0', grad_fn=<DivBackward0>)
Memory status after this epoch: 
Memory allocated:  68.05126953125
Memory cached:  150.0
	 epoch  40 training error:  tensor(0.1375, device='cuda:0', grad_fn=<DivBackward0>)
Memory status after this epoch: 
Memory allocated:  68.05126953125
Memory cached:  150.0
	 epoch  50 training error:  tensor(0.1392, device='cuda:0', grad_fn=<DivBackward0>)
Memory status after this epoch: 
Memory allocated:  68.05126953125
Memory cached:  150.0
	 epoch  60 training error:  tensor(0.0973, device='cuda:0', grad_fn=<DivBackward0>)
Memory status after this epoch: 
Memory allocated:  68.05126953125
Memory cached:  150.0
	 epoch  70 training error:  tensor(0.0954, device='cuda:0', grad_fn=<DivBackward0>)
Memory status after this epoch: 
Memory allocated:  68.05126953125
Memory cached:  150.0
	 epoch  80 training error:  tensor(0.0899, device='cuda:0', grad_fn=<DivBackward0>)
Memory status after this epoch: 
Memory allocated:  68.05126953125
Memory cached:  150.0
	 epoch  90 training error:  tensor(0.0907, device='cuda:0', grad_fn=<DivBackward0>)
Memory status after this epoch: 
Memory allocated:  68.05126953125
Memory cached:  150.0
[I 2023-12-03 00:09:13,891] Trial 22 finished with value: 0.07232480496168137 and parameters: {'W_layers': 3, 'W_layer_units_exponent_0': 9, 'W_layer_units_exponent_1': 10, 'W_layer_units_exponent_2': 6, 'D_layers': 6, 'D_layer_units_exponent_0': 8, 'D_layer_units_exponent_1': 10, 'D_layer_units_exponent_2': 5, 'D_layer_units_exponent_3': 6, 'D_layer_units_exponent_4': 10, 'D_layer_units_exponent_5': 6, 'log_learning_rate': -3.819699839021925, 'log_learning_rate_D': -2.4444484611740314, 'training_batch_size': 8, 'training_p': 7}. Best is trial 20 with value: 0.029596377164125443.
Time for this trial:  48.55531430244446
Memory status after this trial: 
Memory allocated:  152.75732421875
Memory cached:  174.0
--------------------  Trial  23   --------------------
Start timing: 
Parameters: 
{'W_layers': 5, 'W_layer_units_exponent_0': 7, 'W_layer_units_exponent_1': 8, 'W_layer_units_exponent_2': 4, 'W_layer_units_exponent_3': 4, 'W_layer_units_exponent_4': 8, 'D_layers': 7, 'D_layer_units_exponent_0': 7, 'D_layer_units_exponent_1': 8, 'D_layer_units_exponent_2': 4, 'D_layer_units_exponent_3': 9, 'D_layer_units_exponent_4': 4, 'D_layer_units_exponent_5': 4, 'D_layer_units_exponent_6': 10, 'log_learning_rate': -3.2627976665549174, 'log_learning_rate_D': -1.841024706636611, 'training_batch_size': 6, 'training_p': 7}
	 epoch  0 training error:  tensor(1.1189, device='cuda:0', grad_fn=<DivBackward0>)
Memory status after this epoch: 
Memory allocated:  54.18701171875
Memory cached:  128.0
	 epoch  10 training error:  tensor(0.1571, device='cuda:0', grad_fn=<DivBackward0>)
Memory status after this epoch: 
Memory allocated:  54.18701171875
Memory cached:  128.0
	 epoch  20 training error:  tensor(205.6853, device='cuda:0', grad_fn=<DivBackward0>)
Memory status after this epoch: 
Memory allocated:  54.18701171875
Memory cached:  128.0
	 epoch  30 training error:  tensor(1.5046, device='cuda:0', grad_fn=<DivBackward0>)
Memory status after this epoch: 
Memory allocated:  54.18701171875
Memory cached:  128.0
	 epoch  40 training error:  tensor(1.5499, device='cuda:0', grad_fn=<DivBackward0>)
Memory status after this epoch: 
Memory allocated:  54.18701171875
Memory cached:  128.0
	 epoch  50 training error:  tensor(0.9494, device='cuda:0', grad_fn=<DivBackward0>)
Memory status after this epoch: 
Memory allocated:  54.18701171875
Memory cached:  128.0
	 epoch  60 training error:  tensor(0.6519, device='cuda:0', grad_fn=<DivBackward0>)
Memory status after this epoch: 
Memory allocated:  54.18701171875
Memory cached:  128.0
	 epoch  70 training error:  tensor(0.3572, device='cuda:0', grad_fn=<DivBackward0>)
Memory status after this epoch: 
Memory allocated:  54.18701171875
Memory cached:  128.0
	 epoch  80 training error:  tensor(0.1363, device='cuda:0', grad_fn=<DivBackward0>)
Memory status after this epoch: 
Memory allocated:  54.18701171875
Memory cached:  128.0
	 epoch  90 training error:  tensor(0.1293, device='cuda:0', grad_fn=<DivBackward0>)
Memory status after this epoch: 
Memory allocated:  54.18701171875
Memory cached:  128.0
[I 2023-12-03 00:10:38,078] Trial 23 finished with value: 0.12320280075073242 and parameters: {'W_layers': 5, 'W_layer_units_exponent_0': 7, 'W_layer_units_exponent_1': 8, 'W_layer_units_exponent_2': 4, 'W_layer_units_exponent_3': 4, 'W_layer_units_exponent_4': 8, 'D_layers': 7, 'D_layer_units_exponent_0': 7, 'D_layer_units_exponent_1': 8, 'D_layer_units_exponent_2': 4, 'D_layer_units_exponent_3': 9, 'D_layer_units_exponent_4': 4, 'D_layer_units_exponent_5': 4, 'D_layer_units_exponent_6': 10, 'log_learning_rate': -3.2627976665549174, 'log_learning_rate_D': -1.841024706636611, 'training_batch_size': 6, 'training_p': 7}. Best is trial 20 with value: 0.029596377164125443.
Time for this trial:  83.9692542552948
Memory status after this trial: 
Memory allocated:  113.72216796875
Memory cached:  128.0
--------------------  Trial  24   --------------------
Start timing: 
Parameters: 
{'W_layers': 6, 'W_layer_units_exponent_0': 9, 'W_layer_units_exponent_1': 8, 'W_layer_units_exponent_2': 7, 'W_layer_units_exponent_3': 7, 'W_layer_units_exponent_4': 5, 'W_layer_units_exponent_5': 9, 'D_layers': 5, 'D_layer_units_exponent_0': 5, 'D_layer_units_exponent_1': 9, 'D_layer_units_exponent_2': 6, 'D_layer_units_exponent_3': 8, 'D_layer_units_exponent_4': 5, 'log_learning_rate': -2.851710142033431, 'log_learning_rate_D': -3.5137049649932712, 'training_batch_size': 7, 'training_p': 5}
	 epoch  0 training error:  tensor(1.0882, device='cuda:0', grad_fn=<DivBackward0>)
Memory status after this epoch: 
Memory allocated:  56.66845703125
Memory cached:  130.0
	 epoch  10 training error:  tensor(0.1234, device='cuda:0', grad_fn=<DivBackward0>)
Memory status after this epoch: 
Memory allocated:  56.66845703125
Memory cached:  130.0
	 epoch  20 training error:  tensor(0.0949, device='cuda:0', grad_fn=<DivBackward0>)
Memory status after this epoch: 
Memory allocated:  56.66845703125
Memory cached:  130.0
	 epoch  30 training error:  tensor(0.0682, device='cuda:0', grad_fn=<DivBackward0>)
Memory status after this epoch: 
Memory allocated:  56.66845703125
Memory cached:  130.0
	 epoch  40 training error:  tensor(0.0646, device='cuda:0', grad_fn=<DivBackward0>)
Memory status after this epoch: 
Memory allocated:  56.66845703125
Memory cached:  130.0
	 epoch  50 training error:  tensor(0.0555, device='cuda:0', grad_fn=<DivBackward0>)
Memory status after this epoch: 
Memory allocated:  56.66845703125
Memory cached:  130.0
	 epoch  60 training error:  tensor(0.0507, device='cuda:0', grad_fn=<DivBackward0>)
Memory status after this epoch: 
Memory allocated:  56.66845703125
Memory cached:  130.0
	 epoch  70 training error:  tensor(0.0455, device='cuda:0', grad_fn=<DivBackward0>)
Memory status after this epoch: 
Memory allocated:  56.66845703125
Memory cached:  130.0
	 epoch  80 training error:  tensor(0.0407, device='cuda:0', grad_fn=<DivBackward0>)
Memory status after this epoch: 
Memory allocated:  56.66845703125
Memory cached:  130.0
	 epoch  90 training error:  tensor(0.0472, device='cuda:0', grad_fn=<DivBackward0>)
Memory status after this epoch: 
Memory allocated:  56.66845703125
Memory cached:  130.0
