[I 2024-01-03 18:48:12,147] Trial 72 finished with value: 0.2825939357280731 and parameters: {'W_layers': 6, 'W_layer_units_exponent_0': 10, 'W_layer_units_exponent_1': 6, 'W_layer_units_exponent_2': 8, 'W_layer_units_exponent_3': 4, 'W_layer_units_exponent_4': 9, 'W_layer_units_exponent_5': 7, 'D_layers': 4, 'D_layer_units_exponent_0': 10, 'D_layer_units_exponent_1': 7, 'D_layer_units_exponent_2': 4, 'D_layer_units_exponent_3': 8, 'D_dagger_layers': 5, 'D_dagger_layer_units_exponent_0': 10, 'D_dagger_layer_units_exponent_1': 10, 'D_dagger_layer_units_exponent_2': 10, 'D_dagger_layer_units_exponent_3': 6, 'D_dagger_layer_units_exponent_4': 7, 'log_learning_rate': -4.361959702411834, 'log_learning_rate_D': -2.9071066522597713, 'log_learning_rate_D_dagger': -3.359643790387993, 'training_batch_size': 6, 'training_p': 4}. Best is trial 71 with value: 0.1314663589000702.
Time for this trial:  373.3688175678253
Memory status after this trial: 
Memory allocated:  724.8330078125
Memory cached:  756.0
--------------------  Trial  73   --------------------
Start timing: 
Parameters: 
{'W_layers': 6, 'W_layer_units_exponent_0': 9, 'W_layer_units_exponent_1': 6, 'W_layer_units_exponent_2': 7, 'W_layer_units_exponent_3': 4, 'W_layer_units_exponent_4': 9, 'W_layer_units_exponent_5': 6, 'D_layers': 5, 'D_layer_units_exponent_0': 10, 'D_layer_units_exponent_1': 6, 'D_layer_units_exponent_2': 4, 'D_layer_units_exponent_3': 7, 'D_layer_units_exponent_4': 6, 'D_dagger_layers': 4, 'D_dagger_layer_units_exponent_0': 10, 'D_dagger_layer_units_exponent_1': 10, 'D_dagger_layer_units_exponent_2': 10, 'D_dagger_layer_units_exponent_3': 7, 'log_learning_rate': -4.036986678166124, 'log_learning_rate_D': -2.719089420759565, 'log_learning_rate_D_dagger': -3.222259652550789, 'training_batch_size': 7, 'training_p': 4}
	 epoch  0 training error:  tensor(0.9686, device='cuda:0', grad_fn=<DivBackward0>)
Memory status after this epoch: 
Memory allocated:  389.3603515625
Memory cached:  706.0
	 epoch  10 training error:  tensor(0.5006, device='cuda:0', grad_fn=<DivBackward0>)
Memory status after this epoch: 
Memory allocated:  389.3603515625
Memory cached:  726.0
	 epoch  20 training error:  tensor(0.4715, device='cuda:0', grad_fn=<DivBackward0>)
Memory status after this epoch: 
Memory allocated:  389.3603515625
Memory cached:  728.0
	 epoch  30 training error:  tensor(0.4387, device='cuda:0', grad_fn=<DivBackward0>)
Memory status after this epoch: 
Memory allocated:  389.3603515625
Memory cached:  732.0
	 epoch  40 training error:  tensor(0.4323, device='cuda:0', grad_fn=<DivBackward0>)
Memory status after this epoch: 
Memory allocated:  389.3603515625
Memory cached:  732.0
	 epoch  50 training error:  tensor(0.4407, device='cuda:0', grad_fn=<DivBackward0>)
Memory status after this epoch: 
Memory allocated:  389.3603515625
Memory cached:  726.0
	 epoch  60 training error:  tensor(0.4376, device='cuda:0', grad_fn=<DivBackward0>)
Memory status after this epoch: 
Memory allocated:  389.3603515625
Memory cached:  728.0
	 epoch  70 training error:  tensor(0.4454, device='cuda:0', grad_fn=<DivBackward0>)
Memory status after this epoch: 
Memory allocated:  389.3603515625
Memory cached:  726.0
	 epoch  80 training error:  tensor(0.4409, device='cuda:0', grad_fn=<DivBackward0>)
Memory status after this epoch: 
Memory allocated:  389.3603515625
Memory cached:  732.0
	 epoch  90 training error:  tensor(0.4296, device='cuda:0', grad_fn=<DivBackward0>)
Memory status after this epoch: 
Memory allocated:  389.3603515625
Memory cached:  732.0
[I 2024-01-03 18:51:50,315] Trial 73 finished with value: 0.31517693400382996 and parameters: {'W_layers': 6, 'W_layer_units_exponent_0': 9, 'W_layer_units_exponent_1': 6, 'W_layer_units_exponent_2': 7, 'W_layer_units_exponent_3': 4, 'W_layer_units_exponent_4': 9, 'W_layer_units_exponent_5': 6, 'D_layers': 5, 'D_layer_units_exponent_0': 10, 'D_layer_units_exponent_1': 6, 'D_layer_units_exponent_2': 4, 'D_layer_units_exponent_3': 7, 'D_layer_units_exponent_4': 6, 'D_dagger_layers': 4, 'D_dagger_layer_units_exponent_0': 10, 'D_dagger_layer_units_exponent_1': 10, 'D_dagger_layer_units_exponent_2': 10, 'D_dagger_layer_units_exponent_3': 7, 'log_learning_rate': -4.036986678166124, 'log_learning_rate_D': -2.719089420759565, 'log_learning_rate_D_dagger': -3.222259652550789, 'training_batch_size': 7, 'training_p': 4}. Best is trial 71 with value: 0.1314663589000702.
Time for this trial:  217.73497319221497
Memory status after this trial: 
Memory allocated:  678.3271484375
Memory cached:  710.0
--------------------  Trial  74   --------------------
Start timing: 
Parameters: 
{'W_layers': 6, 'W_layer_units_exponent_0': 8, 'W_layer_units_exponent_1': 5, 'W_layer_units_exponent_2': 8, 'W_layer_units_exponent_3': 4, 'W_layer_units_exponent_4': 10, 'W_layer_units_exponent_5': 7, 'D_layers': 5, 'D_layer_units_exponent_0': 10, 'D_layer_units_exponent_1': 7, 'D_layer_units_exponent_2': 5, 'D_layer_units_exponent_3': 8, 'D_layer_units_exponent_4': 7, 'D_dagger_layers': 5, 'D_dagger_layer_units_exponent_0': 10, 'D_dagger_layer_units_exponent_1': 10, 'D_dagger_layer_units_exponent_2': 10, 'D_dagger_layer_units_exponent_3': 6, 'D_dagger_layer_units_exponent_4': 7, 'log_learning_rate': -4.11728080841703, 'log_learning_rate_D': -3.0760344173000385, 'log_learning_rate_D_dagger': -2.7434183663494993, 'training_batch_size': 6, 'training_p': 3}
	 epoch  0 training error:  tensor(0.9814, device='cuda:0', grad_fn=<DivBackward0>)
Memory status after this epoch: 
Memory allocated:  391.3125
Memory cached:  694.0
	 epoch  10 training error:  tensor(0.4565, device='cuda:0', grad_fn=<DivBackward0>)
Memory status after this epoch: 
Memory allocated:  391.3125
Memory cached:  724.0
	 epoch  20 training error:  tensor(0.3822, device='cuda:0', grad_fn=<DivBackward0>)
Memory status after this epoch: 
Memory allocated:  391.3125
Memory cached:  742.0
	 epoch  30 training error:  tensor(0.3780, device='cuda:0', grad_fn=<DivBackward0>)
Memory status after this epoch: 
Memory allocated:  391.3125
Memory cached:  738.0
	 epoch  40 training error:  tensor(0.3679, device='cuda:0', grad_fn=<DivBackward0>)
Memory status after this epoch: 
Memory allocated:  391.3125
Memory cached:  744.0
	 epoch  50 training error:  tensor(0.3689, device='cuda:0', grad_fn=<DivBackward0>)
Memory status after this epoch: 
Memory allocated:  391.3125
Memory cached:  738.0
	 epoch  60 training error:  tensor(0.3801, device='cuda:0', grad_fn=<DivBackward0>)
Memory status after this epoch: 
Memory allocated:  391.3125
Memory cached:  744.0
	 epoch  70 training error:  tensor(0.3652, device='cuda:0', grad_fn=<DivBackward0>)
Memory status after this epoch: 
Memory allocated:  391.3125
Memory cached:  744.0
	 epoch  80 training error:  tensor(0.3731, device='cuda:0', grad_fn=<DivBackward0>)
Memory status after this epoch: 
Memory allocated:  391.3125
Memory cached:  746.0
	 epoch  90 training error:  tensor(0.3728, device='cuda:0', grad_fn=<DivBackward0>)
Memory status after this epoch: 
Memory allocated:  391.3125
Memory cached:  738.0
[I 2024-01-03 18:58:16,366] Trial 74 finished with value: 0.3095724880695343 and parameters: {'W_layers': 6, 'W_layer_units_exponent_0': 8, 'W_layer_units_exponent_1': 5, 'W_layer_units_exponent_2': 8, 'W_layer_units_exponent_3': 4, 'W_layer_units_exponent_4': 10, 'W_layer_units_exponent_5': 7, 'D_layers': 5, 'D_layer_units_exponent_0': 10, 'D_layer_units_exponent_1': 7, 'D_layer_units_exponent_2': 5, 'D_layer_units_exponent_3': 8, 'D_layer_units_exponent_4': 7, 'D_dagger_layers': 5, 'D_dagger_layer_units_exponent_0': 10, 'D_dagger_layer_units_exponent_1': 10, 'D_dagger_layer_units_exponent_2': 10, 'D_dagger_layer_units_exponent_3': 6, 'D_dagger_layer_units_exponent_4': 7, 'log_learning_rate': -4.11728080841703, 'log_learning_rate_D': -3.0760344173000385, 'log_learning_rate_D_dagger': -2.7434183663494993, 'training_batch_size': 6, 'training_p': 3}. Best is trial 71 with value: 0.1314663589000702.
Time for this trial:  385.59819173812866
Memory status after this trial: 
Memory allocated:  718.21484375
Memory cached:  750.0
--------------------  Trial  75   --------------------
Start timing: 
Parameters: 
{'W_layers': 7, 'W_layer_units_exponent_0': 9, 'W_layer_units_exponent_1': 6, 'W_layer_units_exponent_2': 8, 'W_layer_units_exponent_3': 4, 'W_layer_units_exponent_4': 9, 'W_layer_units_exponent_5': 5, 'W_layer_units_exponent_6': 8, 'D_layers': 6, 'D_layer_units_exponent_0': 9, 'D_layer_units_exponent_1': 7, 'D_layer_units_exponent_2': 4, 'D_layer_units_exponent_3': 7, 'D_layer_units_exponent_4': 6, 'D_layer_units_exponent_5': 9, 'D_dagger_layers': 6, 'D_dagger_layer_units_exponent_0': 9, 'D_dagger_layer_units_exponent_1': 10, 'D_dagger_layer_units_exponent_2': 9, 'D_dagger_layer_units_exponent_3': 8, 'D_dagger_layer_units_exponent_4': 6, 'D_dagger_layer_units_exponent_5': 8, 'log_learning_rate': -4.512454738442005, 'log_learning_rate_D': -2.8765626071701877, 'log_learning_rate_D_dagger': -2.956238239639201, 'training_batch_size': 7, 'training_p': 5}
	 epoch  0 training error:  tensor(0.9915, device='cuda:0', grad_fn=<DivBackward0>)
Memory status after this epoch: 
Memory allocated:  374.3447265625
Memory cached:  690.0
	 epoch  10 training error:  tensor(0.5326, device='cuda:0', grad_fn=<DivBackward0>)
Memory status after this epoch: 
Memory allocated:  374.3447265625
Memory cached:  716.0
	 epoch  20 training error:  tensor(0.5094, device='cuda:0', grad_fn=<DivBackward0>)
Memory status after this epoch: 
Memory allocated:  374.3447265625
Memory cached:  724.0
	 epoch  30 training error:  tensor(0.5032, device='cuda:0', grad_fn=<DivBackward0>)
Memory status after this epoch: 
Memory allocated:  374.3447265625
Memory cached:  718.0
	 epoch  40 training error:  tensor(0.4856, device='cuda:0', grad_fn=<DivBackward0>)
Memory status after this epoch: 
Memory allocated:  374.3447265625
Memory cached:  726.0
	 epoch  50 training error:  tensor(0.5115, device='cuda:0', grad_fn=<DivBackward0>)
Memory status after this epoch: 
Memory allocated:  374.3447265625
Memory cached:  724.0
	 epoch  60 training error:  tensor(0.4839, device='cuda:0', grad_fn=<DivBackward0>)
Memory status after this epoch: 
Memory allocated:  374.3447265625
Memory cached:  710.0
	 epoch  70 training error:  tensor(0.4889, device='cuda:0', grad_fn=<DivBackward0>)
Memory status after this epoch: 
Memory allocated:  374.3447265625
Memory cached:  724.0
	 epoch  80 training error:  tensor(0.4891, device='cuda:0', grad_fn=<DivBackward0>)
Memory status after this epoch: 
Memory allocated:  374.3447265625
Memory cached:  714.0
	 epoch  90 training error:  tensor(0.4781, device='cuda:0', grad_fn=<DivBackward0>)
Memory status after this epoch: 
Memory allocated:  374.3447265625
Memory cached:  724.0
[I 2024-01-03 19:02:23,987] Trial 75 finished with value: 0.36475417017936707 and parameters: {'W_layers': 7, 'W_layer_units_exponent_0': 9, 'W_layer_units_exponent_1': 6, 'W_layer_units_exponent_2': 8, 'W_layer_units_exponent_3': 4, 'W_layer_units_exponent_4': 9, 'W_layer_units_exponent_5': 5, 'W_layer_units_exponent_6': 8, 'D_layers': 6, 'D_layer_units_exponent_0': 9, 'D_layer_units_exponent_1': 7, 'D_layer_units_exponent_2': 4, 'D_layer_units_exponent_3': 7, 'D_layer_units_exponent_4': 6, 'D_layer_units_exponent_5': 9, 'D_dagger_layers': 6, 'D_dagger_layer_units_exponent_0': 9, 'D_dagger_layer_units_exponent_1': 10, 'D_dagger_layer_units_exponent_2': 9, 'D_dagger_layer_units_exponent_3': 8, 'D_dagger_layer_units_exponent_4': 6, 'D_dagger_layer_units_exponent_5': 8, 'log_learning_rate': -4.512454738442005, 'log_learning_rate_D': -2.8765626071701877, 'log_learning_rate_D_dagger': -2.956238239639201, 'training_batch_size': 7, 'training_p': 5}. Best is trial 71 with value: 0.1314663589000702.
Time for this trial:  247.08196210861206
Memory status after this trial: 
Memory allocated:  656.4150390625
Memory cached:  702.0
--------------------  Trial  76   --------------------
Start timing: 
Parameters: 
{'W_layers': 6, 'W_layer_units_exponent_0': 10, 'W_layer_units_exponent_1': 6, 'W_layer_units_exponent_2': 7, 'W_layer_units_exponent_3': 5, 'W_layer_units_exponent_4': 8, 'W_layer_units_exponent_5': 7, 'D_layers': 5, 'D_layer_units_exponent_0': 10, 'D_layer_units_exponent_1': 6, 'D_layer_units_exponent_2': 4, 'D_layer_units_exponent_3': 8, 'D_layer_units_exponent_4': 8, 'D_dagger_layers': 5, 'D_dagger_layer_units_exponent_0': 10, 'D_dagger_layer_units_exponent_1': 10, 'D_dagger_layer_units_exponent_2': 9, 'D_dagger_layer_units_exponent_3': 4, 'D_dagger_layer_units_exponent_4': 8, 'log_learning_rate': -3.9080706067164313, 'log_learning_rate_D': -2.373024248825496, 'log_learning_rate_D_dagger': -3.2890767942966157, 'training_batch_size': 6, 'training_p': 4}
	 epoch  0 training error:  tensor(0.9647, device='cuda:0', grad_fn=<DivBackward0>)
Memory status after this epoch: 
Memory allocated:  381.025390625
Memory cached:  670.0
	 epoch  10 training error:  tensor(0.4740, device='cuda:0', grad_fn=<DivBackward0>)
Memory status after this epoch: 
Memory allocated:  381.025390625
Memory cached:  698.0
	 epoch  20 training error:  tensor(0.4485, device='cuda:0', grad_fn=<DivBackward0>)
Memory status after this epoch: 
Memory allocated:  381.025390625
Memory cached:  706.0
	 epoch  30 training error:  tensor(0.4370, device='cuda:0', grad_fn=<DivBackward0>)
Memory status after this epoch: 
Memory allocated:  381.025390625
Memory cached:  704.0
	 epoch  40 training error:  tensor(0.4451, device='cuda:0', grad_fn=<DivBackward0>)
Memory status after this epoch: 
Memory allocated:  381.025390625
Memory cached:  706.0
	 epoch  50 training error:  tensor(0.4383, device='cuda:0', grad_fn=<DivBackward0>)
Memory status after this epoch: 
Memory allocated:  381.025390625
Memory cached:  728.0
	 epoch  60 training error:  tensor(0.4467, device='cuda:0', grad_fn=<DivBackward0>)
Memory status after this epoch: 
Memory allocated:  381.025390625
Memory cached:  706.0
	 epoch  70 training error:  tensor(0.4312, device='cuda:0', grad_fn=<DivBackward0>)
Memory status after this epoch: 
Memory allocated:  381.025390625
Memory cached:  708.0
	 epoch  80 training error:  tensor(0.4539, device='cuda:0', grad_fn=<DivBackward0>)
Memory status after this epoch: 
Memory allocated:  381.025390625
Memory cached:  710.0
	 epoch  90 training error:  tensor(0.4237, device='cuda:0', grad_fn=<DivBackward0>)
Memory status after this epoch: 
Memory allocated:  381.025390625
Memory cached:  712.0
[I 2024-01-03 19:08:47,052] Trial 76 finished with value: 0.31879723072052 and parameters: {'W_layers': 6, 'W_layer_units_exponent_0': 10, 'W_layer_units_exponent_1': 6, 'W_layer_units_exponent_2': 7, 'W_layer_units_exponent_3': 5, 'W_layer_units_exponent_4': 8, 'W_layer_units_exponent_5': 7, 'D_layers': 5, 'D_layer_units_exponent_0': 10, 'D_layer_units_exponent_1': 6, 'D_layer_units_exponent_2': 4, 'D_layer_units_exponent_3': 8, 'D_layer_units_exponent_4': 8, 'D_dagger_layers': 5, 'D_dagger_layer_units_exponent_0': 10, 'D_dagger_layer_units_exponent_1': 10, 'D_dagger_layer_units_exponent_2': 9, 'D_dagger_layer_units_exponent_3': 4, 'D_dagger_layer_units_exponent_4': 8, 'log_learning_rate': -3.9080706067164313, 'log_learning_rate_D': -2.373024248825496, 'log_learning_rate_D_dagger': -3.2890767942966157, 'training_batch_size': 6, 'training_p': 4}. Best is trial 71 with value: 0.1314663589000702.
Time for this trial:  382.6028823852539
Memory status after this trial: 
Memory allocated:  686.4912109375
Memory cached:  702.0
--------------------  Trial  77   --------------------
Start timing: 
Parameters: 
{'W_layers': 6, 'W_layer_units_exponent_0': 8, 'W_layer_units_exponent_1': 5, 'W_layer_units_exponent_2': 8, 'W_layer_units_exponent_3': 4, 'W_layer_units_exponent_4': 7, 'W_layer_units_exponent_5': 6, 'D_layers': 4, 'D_layer_units_exponent_0': 8, 'D_layer_units_exponent_1': 5, 'D_layer_units_exponent_2': 5, 'D_layer_units_exponent_3': 6, 'D_dagger_layers': 4, 'D_dagger_layer_units_exponent_0': 9, 'D_dagger_layer_units_exponent_1': 10, 'D_dagger_layer_units_exponent_2': 10, 'D_dagger_layer_units_exponent_3': 6, 'log_learning_rate': -4.280337199299195, 'log_learning_rate_D': -2.506187123966897, 'log_learning_rate_D_dagger': -3.121754585692673, 'training_batch_size': 7, 'training_p': 4}
	 epoch  0 training error:  tensor(1.0006, device='cuda:0', grad_fn=<DivBackward0>)
Memory status after this epoch: 
Memory allocated:  378.4287109375
Memory cached:  682.0
	 epoch  10 training error:  tensor(0.4430, device='cuda:0', grad_fn=<DivBackward0>)
Memory status after this epoch: 
Memory allocated:  378.4287109375
Memory cached:  700.0
	 epoch  20 training error:  tensor(0.4380, device='cuda:0', grad_fn=<DivBackward0>)
Memory status after this epoch: 
Memory allocated:  378.4287109375
Memory cached:  706.0
	 epoch  30 training error:  tensor(0.4417, device='cuda:0', grad_fn=<DivBackward0>)
Memory status after this epoch: 
Memory allocated:  378.4287109375
Memory cached:  694.0
	 epoch  40 training error:  tensor(0.4396, device='cuda:0', grad_fn=<DivBackward0>)
Memory status after this epoch: 
Memory allocated:  378.4287109375
Memory cached:  704.0
	 epoch  50 training error:  tensor(0.4391, device='cuda:0', grad_fn=<DivBackward0>)
Memory status after this epoch: 
Memory allocated:  378.4287109375
Memory cached:  706.0
	 epoch  60 training error:  tensor(0.4320, device='cuda:0', grad_fn=<DivBackward0>)
Memory status after this epoch: 
Memory allocated:  378.4287109375
Memory cached:  702.0
	 epoch  70 training error:  tensor(0.4359, device='cuda:0', grad_fn=<DivBackward0>)
Memory status after this epoch: 
Memory allocated:  378.4287109375
Memory cached:  706.0
	 epoch  80 training error:  tensor(0.3815, device='cuda:0', grad_fn=<DivBackward0>)
Memory status after this epoch: 
Memory allocated:  378.4287109375
Memory cached:  698.0
	 epoch  90 training error:  tensor(0.3402, device='cuda:0', grad_fn=<DivBackward0>)
Memory status after this epoch: 
Memory allocated:  378.4287109375
Memory cached:  704.0
[I 2024-01-03 19:12:03,847] Trial 77 finished with value: 0.25122418999671936 and parameters: {'W_layers': 6, 'W_layer_units_exponent_0': 8, 'W_layer_units_exponent_1': 5, 'W_layer_units_exponent_2': 8, 'W_layer_units_exponent_3': 4, 'W_layer_units_exponent_4': 7, 'W_layer_units_exponent_5': 6, 'D_layers': 4, 'D_layer_units_exponent_0': 8, 'D_layer_units_exponent_1': 5, 'D_layer_units_exponent_2': 5, 'D_layer_units_exponent_3': 6, 'D_dagger_layers': 4, 'D_dagger_layer_units_exponent_0': 9, 'D_dagger_layer_units_exponent_1': 10, 'D_dagger_layer_units_exponent_2': 10, 'D_dagger_layer_units_exponent_3': 6, 'log_learning_rate': -4.280337199299195, 'log_learning_rate_D': -2.506187123966897, 'log_learning_rate_D_dagger': -3.121754585692673, 'training_batch_size': 7, 'training_p': 4}. Best is trial 71 with value: 0.1314663589000702.
Time for this trial:  196.3493206501007
Memory status after this trial: 
Memory allocated:  565.14697265625
Memory cached:  688.0
--------------------  Trial  78   --------------------
Start timing: 
Parameters: 
{'W_layers': 7, 'W_layer_units_exponent_0': 10, 'W_layer_units_exponent_1': 6, 'W_layer_units_exponent_2': 7, 'W_layer_units_exponent_3': 5, 'W_layer_units_exponent_4': 9, 'W_layer_units_exponent_5': 8, 'W_layer_units_exponent_6': 6, 'D_layers': 6, 'D_layer_units_exponent_0': 10, 'D_layer_units_exponent_1': 6, 'D_layer_units_exponent_2': 4, 'D_layer_units_exponent_3': 8, 'D_layer_units_exponent_4': 7, 'D_layer_units_exponent_5': 10, 'D_dagger_layers': 6, 'D_dagger_layer_units_exponent_0': 10, 'D_dagger_layer_units_exponent_1': 9, 'D_dagger_layer_units_exponent_2': 8, 'D_dagger_layer_units_exponent_3': 7, 'D_dagger_layer_units_exponent_4': 7, 'D_dagger_layer_units_exponent_5': 9, 'log_learning_rate': -3.6661997382810503, 'log_learning_rate_D': -3.1620015282503933, 'log_learning_rate_D_dagger': -3.3953765557434723, 'training_batch_size': 6, 'training_p': 3}
	 epoch  0 training error:  tensor(0.9371, device='cuda:0', grad_fn=<DivBackward0>)
Memory status after this epoch: 
Memory allocated:  371.994140625
Memory cached:  672.0
	 epoch  10 training error:  tensor(0.4252, device='cuda:0', grad_fn=<DivBackward0>)
Memory status after this epoch: 
Memory allocated:  371.994140625
Memory cached:  686.0
	 epoch  20 training error:  tensor(0.3905, device='cuda:0', grad_fn=<DivBackward0>)
Memory status after this epoch: 
Memory allocated:  371.994140625
Memory cached:  684.0
	 epoch  30 training error:  tensor(0.3770, device='cuda:0', grad_fn=<DivBackward0>)
Memory status after this epoch: 
Memory allocated:  371.994140625
Memory cached:  694.0
	 epoch  40 training error:  tensor(0.3765, device='cuda:0', grad_fn=<DivBackward0>)
Memory status after this epoch: 
Memory allocated:  371.994140625
Memory cached:  686.0
	 epoch  50 training error:  tensor(0.3835, device='cuda:0', grad_fn=<DivBackward0>)
Memory status after this epoch: 
Memory allocated:  371.994140625
Memory cached:  684.0
	 epoch  60 training error:  tensor(0.3689, device='cuda:0', grad_fn=<DivBackward0>)
Memory status after this epoch: 
Memory allocated:  371.994140625
Memory cached:  686.0
	 epoch  70 training error:  tensor(0.3634, device='cuda:0', grad_fn=<DivBackward0>)
Memory status after this epoch: 
Memory allocated:  371.994140625
Memory cached:  688.0
	 epoch  80 training error:  tensor(0.3756, device='cuda:0', grad_fn=<DivBackward0>)
Memory status after this epoch: 
Memory allocated:  371.994140625
Memory cached:  690.0
	 epoch  90 training error:  tensor(0.3485, device='cuda:0', grad_fn=<DivBackward0>)
Memory status after this epoch: 
Memory allocated:  371.994140625
Memory cached:  692.0
