[I 2024-01-11 12:03:11,760] Trial 73 finished with value: 0.20819702744483948 and parameters: {'W_layers': 7, 'W_layer_units_exponent_0': 8, 'W_layer_units_exponent_1': 7, 'W_layer_units_exponent_2': 9, 'W_layer_units_exponent_3': 4, 'W_layer_units_exponent_4': 6, 'W_layer_units_exponent_5': 5, 'W_layer_units_exponent_6': 7, 'D_layers': 4, 'D_layer_units_exponent_0': 7, 'D_layer_units_exponent_1': 10, 'D_layer_units_exponent_2': 8, 'D_layer_units_exponent_3': 6, 'D_dagger_layers': 2, 'D_dagger_layer_units_exponent_0': 5, 'D_dagger_layer_units_exponent_1': 10, 'log_learning_rate': -2.243583473104812, 'log_learning_rate_D': -2.4112064980032684, 'log_learning_rate_D_dagger': -3.1850691145346612, 'training_batch_size': 9, 'training_p': 2}. Best is trial 58 with value: 0.2080806940793991.
Time for this trial:  22.23613691329956
Memory status after this trial: 
Memory allocated:  442.48876953125
Memory cached:  456.0
--------------------  Trial  74   --------------------
Start timing: 
Parameters: 
{'W_layers': 8, 'W_layer_units_exponent_0': 7, 'W_layer_units_exponent_1': 7, 'W_layer_units_exponent_2': 9, 'W_layer_units_exponent_3': 5, 'W_layer_units_exponent_4': 5, 'W_layer_units_exponent_5': 5, 'W_layer_units_exponent_6': 8, 'W_layer_units_exponent_7': 5, 'D_layers': 3, 'D_layer_units_exponent_0': 6, 'D_layer_units_exponent_1': 10, 'D_layer_units_exponent_2': 8, 'D_dagger_layers': 2, 'D_dagger_layer_units_exponent_0': 5, 'D_dagger_layer_units_exponent_1': 10, 'log_learning_rate': -2.253407854828562, 'log_learning_rate_D': -2.3822550214044074, 'log_learning_rate_D_dagger': -2.8920097046145576, 'training_batch_size': 9, 'training_p': 2}
	 epoch  0 training error:  tensor(0.7366, device='cuda:0', grad_fn=<DivBackward0>)
Memory status after this epoch: 
Memory allocated:  224.2451171875
Memory cached:  300.0
	 epoch  10 training error:  tensor(0.3390, device='cuda:0', grad_fn=<DivBackward0>)
Memory status after this epoch: 
Memory allocated:  224.2451171875
Memory cached:  300.0
	 epoch  20 training error:  tensor(0.2467, device='cuda:0', grad_fn=<DivBackward0>)
Memory status after this epoch: 
Memory allocated:  224.2451171875
Memory cached:  300.0
	 epoch  30 training error:  tensor(0.2206, device='cuda:0', grad_fn=<DivBackward0>)
Memory status after this epoch: 
Memory allocated:  224.2451171875
Memory cached:  300.0
	 epoch  40 training error:  tensor(0.2109, device='cuda:0', grad_fn=<DivBackward0>)
Memory status after this epoch: 
Memory allocated:  224.2451171875
Memory cached:  300.0
	 epoch  50 training error:  tensor(0.1887, device='cuda:0', grad_fn=<DivBackward0>)
Memory status after this epoch: 
Memory allocated:  224.2451171875
Memory cached:  300.0
	 epoch  60 training error:  tensor(0.1974, device='cuda:0', grad_fn=<DivBackward0>)
Memory status after this epoch: 
Memory allocated:  224.2451171875
Memory cached:  300.0
	 epoch  70 training error:  tensor(0.1861, device='cuda:0', grad_fn=<DivBackward0>)
Memory status after this epoch: 
Memory allocated:  224.2451171875
Memory cached:  300.0
	 epoch  80 training error:  tensor(0.1989, device='cuda:0', grad_fn=<DivBackward0>)
Memory status after this epoch: 
Memory allocated:  224.2451171875
Memory cached:  300.0
	 epoch  90 training error:  tensor(0.1894, device='cuda:0', grad_fn=<DivBackward0>)
Memory status after this epoch: 
Memory allocated:  224.2451171875
Memory cached:  300.0
[I 2024-01-11 12:03:34,618] Trial 74 finished with value: 0.20869910717010498 and parameters: {'W_layers': 8, 'W_layer_units_exponent_0': 7, 'W_layer_units_exponent_1': 7, 'W_layer_units_exponent_2': 9, 'W_layer_units_exponent_3': 5, 'W_layer_units_exponent_4': 5, 'W_layer_units_exponent_5': 5, 'W_layer_units_exponent_6': 8, 'W_layer_units_exponent_7': 5, 'D_layers': 3, 'D_layer_units_exponent_0': 6, 'D_layer_units_exponent_1': 10, 'D_layer_units_exponent_2': 8, 'D_dagger_layers': 2, 'D_dagger_layer_units_exponent_0': 5, 'D_dagger_layer_units_exponent_1': 10, 'log_learning_rate': -2.253407854828562, 'log_learning_rate_D': -2.3822550214044074, 'log_learning_rate_D_dagger': -2.8920097046145576, 'training_batch_size': 9, 'training_p': 2}. Best is trial 58 with value: 0.2080806940793991.
Time for this trial:  22.429524421691895
Memory status after this trial: 
Memory allocated:  445.68603515625
Memory cached:  456.0
--------------------  Trial  75   --------------------
Start timing: 
Parameters: 
{'W_layers': 8, 'W_layer_units_exponent_0': 8, 'W_layer_units_exponent_1': 7, 'W_layer_units_exponent_2': 9, 'W_layer_units_exponent_3': 4, 'W_layer_units_exponent_4': 5, 'W_layer_units_exponent_5': 5, 'W_layer_units_exponent_6': 8, 'W_layer_units_exponent_7': 5, 'D_layers': 3, 'D_layer_units_exponent_0': 6, 'D_layer_units_exponent_1': 10, 'D_layer_units_exponent_2': 8, 'D_dagger_layers': 2, 'D_dagger_layer_units_exponent_0': 4, 'D_dagger_layer_units_exponent_1': 10, 'log_learning_rate': -2.3103336161071484, 'log_learning_rate_D': -2.39203660871834, 'log_learning_rate_D_dagger': -2.878200920867421, 'training_batch_size': 9, 'training_p': 2}
	 epoch  0 training error:  tensor(0.9205, device='cuda:0', grad_fn=<DivBackward0>)
Memory status after this epoch: 
Memory allocated:  224.1162109375
Memory cached:  300.0
	 epoch  10 training error:  tensor(0.3043, device='cuda:0', grad_fn=<DivBackward0>)
Memory status after this epoch: 
Memory allocated:  224.1162109375
Memory cached:  300.0
	 epoch  20 training error:  tensor(0.2428, device='cuda:0', grad_fn=<DivBackward0>)
Memory status after this epoch: 
Memory allocated:  224.1162109375
Memory cached:  300.0
	 epoch  30 training error:  tensor(0.2175, device='cuda:0', grad_fn=<DivBackward0>)
Memory status after this epoch: 
Memory allocated:  224.1162109375
Memory cached:  300.0
	 epoch  40 training error:  tensor(0.1950, device='cuda:0', grad_fn=<DivBackward0>)
Memory status after this epoch: 
Memory allocated:  224.1162109375
Memory cached:  300.0
	 epoch  50 training error:  tensor(0.1935, device='cuda:0', grad_fn=<DivBackward0>)
Memory status after this epoch: 
Memory allocated:  224.1162109375
Memory cached:  300.0
	 epoch  60 training error:  tensor(0.1939, device='cuda:0', grad_fn=<DivBackward0>)
Memory status after this epoch: 
Memory allocated:  224.1162109375
Memory cached:  300.0
	 epoch  70 training error:  tensor(0.1880, device='cuda:0', grad_fn=<DivBackward0>)
Memory status after this epoch: 
Memory allocated:  224.1162109375
Memory cached:  300.0
	 epoch  80 training error:  tensor(0.1979, device='cuda:0', grad_fn=<DivBackward0>)
Memory status after this epoch: 
Memory allocated:  224.1162109375
Memory cached:  300.0
	 epoch  90 training error:  tensor(0.2045, device='cuda:0', grad_fn=<DivBackward0>)
Memory status after this epoch: 
Memory allocated:  224.1162109375
Memory cached:  300.0
[I 2024-01-11 12:03:57,759] Trial 75 finished with value: 0.21905408799648285 and parameters: {'W_layers': 8, 'W_layer_units_exponent_0': 8, 'W_layer_units_exponent_1': 7, 'W_layer_units_exponent_2': 9, 'W_layer_units_exponent_3': 4, 'W_layer_units_exponent_4': 5, 'W_layer_units_exponent_5': 5, 'W_layer_units_exponent_6': 8, 'W_layer_units_exponent_7': 5, 'D_layers': 3, 'D_layer_units_exponent_0': 6, 'D_layer_units_exponent_1': 10, 'D_layer_units_exponent_2': 8, 'D_dagger_layers': 2, 'D_dagger_layer_units_exponent_0': 4, 'D_dagger_layer_units_exponent_1': 10, 'log_learning_rate': -2.3103336161071484, 'log_learning_rate_D': -2.39203660871834, 'log_learning_rate_D_dagger': -2.878200920867421, 'training_batch_size': 9, 'training_p': 2}. Best is trial 58 with value: 0.2080806940793991.
Time for this trial:  22.742111921310425
Memory status after this trial: 
Memory allocated:  455.50048828125
Memory cached:  476.0
--------------------  Trial  76   --------------------
Start timing: 
Parameters: 
{'W_layers': 8, 'W_layer_units_exponent_0': 7, 'W_layer_units_exponent_1': 6, 'W_layer_units_exponent_2': 9, 'W_layer_units_exponent_3': 5, 'W_layer_units_exponent_4': 5, 'W_layer_units_exponent_5': 5, 'W_layer_units_exponent_6': 8, 'W_layer_units_exponent_7': 5, 'D_layers': 3, 'D_layer_units_exponent_0': 6, 'D_layer_units_exponent_1': 10, 'D_layer_units_exponent_2': 8, 'D_dagger_layers': 2, 'D_dagger_layer_units_exponent_0': 5, 'D_dagger_layer_units_exponent_1': 10, 'log_learning_rate': -2.1975861589058274, 'log_learning_rate_D': -2.5276645266175892, 'log_learning_rate_D_dagger': -3.2015808412976274, 'training_batch_size': 9, 'training_p': 2}
	 epoch  0 training error:  tensor(1.2068, device='cuda:0', grad_fn=<DivBackward0>)
Memory status after this epoch: 
Memory allocated:  223.6201171875
Memory cached:  300.0
	 epoch  10 training error:  tensor(0.2508, device='cuda:0', grad_fn=<DivBackward0>)
Memory status after this epoch: 
Memory allocated:  223.6201171875
Memory cached:  300.0
	 epoch  20 training error:  tensor(0.2287, device='cuda:0', grad_fn=<DivBackward0>)
Memory status after this epoch: 
Memory allocated:  223.6201171875
Memory cached:  300.0
	 epoch  30 training error:  tensor(0.2109, device='cuda:0', grad_fn=<DivBackward0>)
Memory status after this epoch: 
Memory allocated:  223.6201171875
Memory cached:  300.0
	 epoch  40 training error:  tensor(0.1933, device='cuda:0', grad_fn=<DivBackward0>)
Memory status after this epoch: 
Memory allocated:  223.6201171875
Memory cached:  300.0
	 epoch  50 training error:  tensor(0.1913, device='cuda:0', grad_fn=<DivBackward0>)
Memory status after this epoch: 
Memory allocated:  223.6201171875
Memory cached:  300.0
	 epoch  60 training error:  tensor(0.1880, device='cuda:0', grad_fn=<DivBackward0>)
Memory status after this epoch: 
Memory allocated:  223.6201171875
Memory cached:  300.0
	 epoch  70 training error:  tensor(0.1854, device='cuda:0', grad_fn=<DivBackward0>)
Memory status after this epoch: 
Memory allocated:  223.6201171875
Memory cached:  300.0
	 epoch  80 training error:  tensor(0.1842, device='cuda:0', grad_fn=<DivBackward0>)
Memory status after this epoch: 
Memory allocated:  223.6201171875
Memory cached:  300.0
	 epoch  90 training error:  tensor(0.1842, device='cuda:0', grad_fn=<DivBackward0>)
Memory status after this epoch: 
Memory allocated:  223.6201171875
Memory cached:  300.0
[I 2024-01-11 12:04:20,717] Trial 76 finished with value: 0.2073042392730713 and parameters: {'W_layers': 8, 'W_layer_units_exponent_0': 7, 'W_layer_units_exponent_1': 6, 'W_layer_units_exponent_2': 9, 'W_layer_units_exponent_3': 5, 'W_layer_units_exponent_4': 5, 'W_layer_units_exponent_5': 5, 'W_layer_units_exponent_6': 8, 'W_layer_units_exponent_7': 5, 'D_layers': 3, 'D_layer_units_exponent_0': 6, 'D_layer_units_exponent_1': 10, 'D_layer_units_exponent_2': 8, 'D_dagger_layers': 2, 'D_dagger_layer_units_exponent_0': 5, 'D_dagger_layer_units_exponent_1': 10, 'log_learning_rate': -2.1975861589058274, 'log_learning_rate_D': -2.5276645266175892, 'log_learning_rate_D_dagger': -3.2015808412976274, 'training_batch_size': 9, 'training_p': 2}. Best is trial 76 with value: 0.2073042392730713.
res:  tensor(0.2073, device='cuda:0', grad_fn=<DivBackward0>)
self.bestValue:  tensor(0.2081, device='cuda:0', grad_fn=<DivBackward0>)
Save this model!
Time for this trial:  22.578290224075317
Memory status after this trial: 
Memory allocated:  218.19970703125
Memory cached:  340.0
--------------------  Trial  77   --------------------
Start timing: 
Parameters: 
{'W_layers': 8, 'W_layer_units_exponent_0': 7, 'W_layer_units_exponent_1': 6, 'W_layer_units_exponent_2': 10, 'W_layer_units_exponent_3': 5, 'W_layer_units_exponent_4': 6, 'W_layer_units_exponent_5': 5, 'W_layer_units_exponent_6': 7, 'W_layer_units_exponent_7': 5, 'D_layers': 4, 'D_layer_units_exponent_0': 5, 'D_layer_units_exponent_1': 10, 'D_layer_units_exponent_2': 8, 'D_layer_units_exponent_3': 7, 'D_dagger_layers': 2, 'D_dagger_layer_units_exponent_0': 5, 'D_dagger_layer_units_exponent_1': 10, 'log_learning_rate': -2.1104948145013496, 'log_learning_rate_D': -2.60076884689862, 'log_learning_rate_D_dagger': -3.1919525167254155, 'training_batch_size': 8, 'training_p': 2}
	 epoch  0 training error:  tensor(1.0413, device='cuda:0', grad_fn=<DivBackward0>)
Memory status after this epoch: 
Memory allocated:  221.8994140625
Memory cached:  340.0
	 epoch  10 training error:  tensor(0.2710, device='cuda:0', grad_fn=<DivBackward0>)
Memory status after this epoch: 
Memory allocated:  221.8994140625
Memory cached:  340.0
	 epoch  20 training error:  tensor(0.2259, device='cuda:0', grad_fn=<DivBackward0>)
Memory status after this epoch: 
Memory allocated:  221.8994140625
Memory cached:  340.0
	 epoch  30 training error:  tensor(0.2138, device='cuda:0', grad_fn=<DivBackward0>)
Memory status after this epoch: 
Memory allocated:  221.8994140625
Memory cached:  340.0
	 epoch  40 training error:  tensor(0.1993, device='cuda:0', grad_fn=<DivBackward0>)
Memory status after this epoch: 
Memory allocated:  221.8994140625
Memory cached:  340.0
	 epoch  50 training error:  tensor(0.1947, device='cuda:0', grad_fn=<DivBackward0>)
Memory status after this epoch: 
Memory allocated:  221.8994140625
Memory cached:  340.0
	 epoch  60 training error:  tensor(0.1950, device='cuda:0', grad_fn=<DivBackward0>)
Memory status after this epoch: 
Memory allocated:  221.8994140625
Memory cached:  340.0
	 epoch  70 training error:  tensor(0.1883, device='cuda:0', grad_fn=<DivBackward0>)
Memory status after this epoch: 
Memory allocated:  221.8994140625
Memory cached:  340.0
	 epoch  80 training error:  tensor(0.1866, device='cuda:0', grad_fn=<DivBackward0>)
Memory status after this epoch: 
Memory allocated:  221.8994140625
Memory cached:  340.0
	 epoch  90 training error:  tensor(0.1889, device='cuda:0', grad_fn=<DivBackward0>)
Memory status after this epoch: 
Memory allocated:  221.8994140625
Memory cached:  340.0
[I 2024-01-11 12:04:43,465] Trial 77 finished with value: 0.20985256135463715 and parameters: {'W_layers': 8, 'W_layer_units_exponent_0': 7, 'W_layer_units_exponent_1': 6, 'W_layer_units_exponent_2': 10, 'W_layer_units_exponent_3': 5, 'W_layer_units_exponent_4': 6, 'W_layer_units_exponent_5': 5, 'W_layer_units_exponent_6': 7, 'W_layer_units_exponent_7': 5, 'D_layers': 4, 'D_layer_units_exponent_0': 5, 'D_layer_units_exponent_1': 10, 'D_layer_units_exponent_2': 8, 'D_layer_units_exponent_3': 7, 'D_dagger_layers': 2, 'D_dagger_layer_units_exponent_0': 5, 'D_dagger_layer_units_exponent_1': 10, 'log_learning_rate': -2.1104948145013496, 'log_learning_rate_D': -2.60076884689862, 'log_learning_rate_D_dagger': -3.1919525167254155, 'training_batch_size': 8, 'training_p': 2}. Best is trial 76 with value: 0.2073042392730713.
Time for this trial:  22.387670516967773
Memory status after this trial: 
Memory allocated:  482.41943359375
Memory cached:  538.0
--------------------  Trial  78   --------------------
Start timing: 
Parameters: 
{'W_layers': 7, 'W_layer_units_exponent_0': 8, 'W_layer_units_exponent_1': 6, 'W_layer_units_exponent_2': 9, 'W_layer_units_exponent_3': 5, 'W_layer_units_exponent_4': 4, 'W_layer_units_exponent_5': 5, 'W_layer_units_exponent_6': 6, 'D_layers': 3, 'D_layer_units_exponent_0': 6, 'D_layer_units_exponent_1': 10, 'D_layer_units_exponent_2': 8, 'D_dagger_layers': 3, 'D_dagger_layer_units_exponent_0': 4, 'D_dagger_layer_units_exponent_1': 10, 'D_dagger_layer_units_exponent_2': 5, 'log_learning_rate': -2.4204310856303923, 'log_learning_rate_D': -2.2489529743317256, 'log_learning_rate_D_dagger': -3.4219863121109153, 'training_batch_size': 9, 'training_p': 2}
	 epoch  0 training error:  tensor(0.8512, device='cuda:0', grad_fn=<DivBackward0>)
Memory status after this epoch: 
Memory allocated:  221.3662109375
Memory cached:  340.0
	 epoch  10 training error:  tensor(0.2843, device='cuda:0', grad_fn=<DivBackward0>)
Memory status after this epoch: 
Memory allocated:  221.3662109375
Memory cached:  340.0
	 epoch  20 training error:  tensor(0.2356, device='cuda:0', grad_fn=<DivBackward0>)
Memory status after this epoch: 
Memory allocated:  221.3662109375
Memory cached:  340.0
	 epoch  30 training error:  tensor(0.2138, device='cuda:0', grad_fn=<DivBackward0>)
Memory status after this epoch: 
Memory allocated:  221.3662109375
Memory cached:  340.0
	 epoch  40 training error:  tensor(0.1960, device='cuda:0', grad_fn=<DivBackward0>)
Memory status after this epoch: 
Memory allocated:  221.3662109375
Memory cached:  340.0
	 epoch  50 training error:  tensor(0.1883, device='cuda:0', grad_fn=<DivBackward0>)
Memory status after this epoch: 
Memory allocated:  221.3662109375
Memory cached:  340.0
	 epoch  60 training error:  tensor(0.1891, device='cuda:0', grad_fn=<DivBackward0>)
Memory status after this epoch: 
Memory allocated:  221.3662109375
Memory cached:  340.0
	 epoch  70 training error:  tensor(0.1852, device='cuda:0', grad_fn=<DivBackward0>)
Memory status after this epoch: 
Memory allocated:  221.3662109375
Memory cached:  340.0
	 epoch  80 training error:  tensor(0.1902, device='cuda:0', grad_fn=<DivBackward0>)
Memory status after this epoch: 
Memory allocated:  221.3662109375
Memory cached:  340.0
	 epoch  90 training error:  tensor(0.1883, device='cuda:0', grad_fn=<DivBackward0>)
Memory status after this epoch: 
Memory allocated:  221.3662109375
Memory cached:  340.0
[I 2024-01-11 12:05:04,933] Trial 78 finished with value: 0.2081233114004135 and parameters: {'W_layers': 7, 'W_layer_units_exponent_0': 8, 'W_layer_units_exponent_1': 6, 'W_layer_units_exponent_2': 9, 'W_layer_units_exponent_3': 5, 'W_layer_units_exponent_4': 4, 'W_layer_units_exponent_5': 5, 'W_layer_units_exponent_6': 6, 'D_layers': 3, 'D_layer_units_exponent_0': 6, 'D_layer_units_exponent_1': 10, 'D_layer_units_exponent_2': 8, 'D_dagger_layers': 3, 'D_dagger_layer_units_exponent_0': 4, 'D_dagger_layer_units_exponent_1': 10, 'D_dagger_layer_units_exponent_2': 5, 'log_learning_rate': -2.4204310856303923, 'log_learning_rate_D': -2.2489529743317256, 'log_learning_rate_D_dagger': -3.4219863121109153, 'training_batch_size': 9, 'training_p': 2}. Best is trial 76 with value: 0.2073042392730713.
Time for this trial:  21.124103307724
Memory status after this trial: 
Memory allocated:  440.33251953125
Memory cached:  474.0
--------------------  Trial  79   --------------------
Start timing: 
Parameters: 
{'W_layers': 7, 'W_layer_units_exponent_0': 8, 'W_layer_units_exponent_1': 6, 'W_layer_units_exponent_2': 10, 'W_layer_units_exponent_3': 5, 'W_layer_units_exponent_4': 4, 'W_layer_units_exponent_5': 5, 'W_layer_units_exponent_6': 6, 'D_layers': 3, 'D_layer_units_exponent_0': 6, 'D_layer_units_exponent_1': 10, 'D_layer_units_exponent_2': 8, 'D_dagger_layers': 3, 'D_dagger_layer_units_exponent_0': 4, 'D_dagger_layer_units_exponent_1': 10, 'D_dagger_layer_units_exponent_2': 5, 'log_learning_rate': -2.419083129538203, 'log_learning_rate_D': -2.5265887236023272, 'log_learning_rate_D_dagger': -3.3273743744299056, 'training_batch_size': 8, 'training_p': 2}
	 epoch  0 training error:  tensor(1.1120, device='cuda:0', grad_fn=<DivBackward0>)
Memory status after this epoch: 
Memory allocated:  222.1240234375
Memory cached:  340.0
	 epoch  10 training error:  tensor(0.2470, device='cuda:0', grad_fn=<DivBackward0>)
Memory status after this epoch: 
Memory allocated:  222.1240234375
Memory cached:  340.0
	 epoch  20 training error:  tensor(0.2121, device='cuda:0', grad_fn=<DivBackward0>)
Memory status after this epoch: 
Memory allocated:  222.1240234375
Memory cached:  340.0
	 epoch  30 training error:  tensor(0.2027, device='cuda:0', grad_fn=<DivBackward0>)
Memory status after this epoch: 
Memory allocated:  222.1240234375
Memory cached:  340.0
	 epoch  40 training error:  tensor(0.1928, device='cuda:0', grad_fn=<DivBackward0>)
Memory status after this epoch: 
Memory allocated:  222.1240234375
Memory cached:  340.0
	 epoch  50 training error:  tensor(0.1883, device='cuda:0', grad_fn=<DivBackward0>)
Memory status after this epoch: 
Memory allocated:  222.1240234375
Memory cached:  340.0
	 epoch  60 training error:  tensor(0.1854, device='cuda:0', grad_fn=<DivBackward0>)
Memory status after this epoch: 
Memory allocated:  222.1240234375
Memory cached:  340.0
	 epoch  70 training error:  tensor(0.1875, device='cuda:0', grad_fn=<DivBackward0>)
Memory status after this epoch: 
Memory allocated:  222.1240234375
Memory cached:  340.0
	 epoch  80 training error:  tensor(0.1851, device='cuda:0', grad_fn=<DivBackward0>)
Memory status after this epoch: 
Memory allocated:  222.1240234375
Memory cached:  340.0
	 epoch  90 training error:  tensor(0.1855, device='cuda:0', grad_fn=<DivBackward0>)
Memory status after this epoch: 
Memory allocated:  222.1240234375
Memory cached:  340.0
