[I 2023-12-02 22:49:15,532] Trial 27 finished with value: 0.06754851341247559 and parameters: {'W_layers': 7, 'W_layer_units_exponent_0': 6, 'W_layer_units_exponent_1': 7, 'W_layer_units_exponent_2': 8, 'W_layer_units_exponent_3': 10, 'W_layer_units_exponent_4': 5, 'W_layer_units_exponent_5': 5, 'W_layer_units_exponent_6': 5, 'D_layers': 6, 'D_layer_units_exponent_0': 9, 'D_layer_units_exponent_1': 10, 'D_layer_units_exponent_2': 7, 'D_layer_units_exponent_3': 7, 'D_layer_units_exponent_4': 4, 'D_layer_units_exponent_5': 8, 'log_learning_rate': -3.320241204478245, 'log_learning_rate_D': -4.636495451533904, 'training_batch_size': 7, 'training_p': 3}. Best is trial 27 with value: 0.06754851341247559.
res:  tensor(0.0675, device='cuda:0', grad_fn=<DivBackward0>)
self.bestValue:  tensor(0.0681, device='cuda:0', grad_fn=<DivBackward0>)
Save this model!
Time for this trial:  13.322712182998657
Memory status after this trial: 
Memory allocated:  38.994140625
Memory cached:  98.0
--------------------  Trial  28   --------------------
Start timing: 
Parameters: 
{'W_layers': 4, 'W_layer_units_exponent_0': 5, 'W_layer_units_exponent_1': 8, 'W_layer_units_exponent_2': 8, 'W_layer_units_exponent_3': 10, 'D_layers': 6, 'D_layer_units_exponent_0': 6, 'D_layer_units_exponent_1': 10, 'D_layer_units_exponent_2': 7, 'D_layer_units_exponent_3': 7, 'D_layer_units_exponent_4': 4, 'D_layer_units_exponent_5': 8, 'log_learning_rate': -3.4239161359212646, 'log_learning_rate_D': -4.715553419239762, 'training_batch_size': 6, 'training_p': 2}
	 epoch  0 training error:  tensor(0.7581, device='cuda:0', grad_fn=<DivBackward0>)
Memory status after this epoch: 
Memory allocated:  45.013671875
Memory cached:  98.0
	 epoch  10 training error:  tensor(0.2541, device='cuda:0', grad_fn=<DivBackward0>)
Memory status after this epoch: 
Memory allocated:  45.013671875
Memory cached:  98.0
	 epoch  20 training error:  tensor(0.1097, device='cuda:0', grad_fn=<DivBackward0>)
Memory status after this epoch: 
Memory allocated:  45.013671875
Memory cached:  98.0
	 epoch  30 training error:  tensor(0.0778, device='cuda:0', grad_fn=<DivBackward0>)
Memory status after this epoch: 
Memory allocated:  45.013671875
Memory cached:  98.0
	 epoch  40 training error:  tensor(0.1082, device='cuda:0', grad_fn=<DivBackward0>)
Memory status after this epoch: 
Memory allocated:  45.013671875
Memory cached:  98.0
	 epoch  50 training error:  tensor(0.0664, device='cuda:0', grad_fn=<DivBackward0>)
Memory status after this epoch: 
Memory allocated:  45.013671875
Memory cached:  98.0
	 epoch  60 training error:  tensor(0.0697, device='cuda:0', grad_fn=<DivBackward0>)
Memory status after this epoch: 
Memory allocated:  45.013671875
Memory cached:  98.0
	 epoch  70 training error:  tensor(0.0708, device='cuda:0', grad_fn=<DivBackward0>)
Memory status after this epoch: 
Memory allocated:  45.013671875
Memory cached:  98.0
	 epoch  80 training error:  tensor(0.0679, device='cuda:0', grad_fn=<DivBackward0>)
Memory status after this epoch: 
Memory allocated:  45.013671875
Memory cached:  98.0
	 epoch  90 training error:  tensor(0.0673, device='cuda:0', grad_fn=<DivBackward0>)
Memory status after this epoch: 
Memory allocated:  45.013671875
Memory cached:  98.0
[I 2023-12-02 22:49:29,449] Trial 28 finished with value: 0.07923900336027145 and parameters: {'W_layers': 4, 'W_layer_units_exponent_0': 5, 'W_layer_units_exponent_1': 8, 'W_layer_units_exponent_2': 8, 'W_layer_units_exponent_3': 10, 'D_layers': 6, 'D_layer_units_exponent_0': 6, 'D_layer_units_exponent_1': 10, 'D_layer_units_exponent_2': 7, 'D_layer_units_exponent_3': 7, 'D_layer_units_exponent_4': 4, 'D_layer_units_exponent_5': 8, 'log_learning_rate': -3.4239161359212646, 'log_learning_rate_D': -4.715553419239762, 'training_batch_size': 6, 'training_p': 2}. Best is trial 27 with value: 0.06754851341247559.
Time for this trial:  13.730806350708008
Memory status after this trial: 
Memory allocated:  78.35205078125
Memory cached:  98.0
--------------------  Trial  29   --------------------
Start timing: 
Parameters: 
{'W_layers': 6, 'W_layer_units_exponent_0': 6, 'W_layer_units_exponent_1': 6, 'W_layer_units_exponent_2': 9, 'W_layer_units_exponent_3': 10, 'W_layer_units_exponent_4': 6, 'W_layer_units_exponent_5': 5, 'D_layers': 7, 'D_layer_units_exponent_0': 8, 'D_layer_units_exponent_1': 6, 'D_layer_units_exponent_2': 8, 'D_layer_units_exponent_3': 6, 'D_layer_units_exponent_4': 6, 'D_layer_units_exponent_5': 8, 'D_layer_units_exponent_6': 4, 'log_learning_rate': -3.114053576179075, 'log_learning_rate_D': -3.0222247525254353, 'training_batch_size': 9, 'training_p': 4}
	 epoch  0 training error:  tensor(0.8302, device='cuda:0', grad_fn=<DivBackward0>)
Memory status after this epoch: 
Memory allocated:  49.31884765625
Memory cached:  98.0
	 epoch  10 training error:  tensor(0.2983, device='cuda:0', grad_fn=<DivBackward0>)
Memory status after this epoch: 
Memory allocated:  49.31884765625
Memory cached:  98.0
	 epoch  20 training error:  tensor(0.0877, device='cuda:0', grad_fn=<DivBackward0>)
Memory status after this epoch: 
Memory allocated:  49.31884765625
Memory cached:  98.0
	 epoch  30 training error:  tensor(0.1100, device='cuda:0', grad_fn=<DivBackward0>)
Memory status after this epoch: 
Memory allocated:  49.31884765625
Memory cached:  98.0
	 epoch  40 training error:  tensor(0.0911, device='cuda:0', grad_fn=<DivBackward0>)
Memory status after this epoch: 
Memory allocated:  49.31884765625
Memory cached:  98.0
	 epoch  50 training error:  tensor(0.0820, device='cuda:0', grad_fn=<DivBackward0>)
Memory status after this epoch: 
Memory allocated:  49.31884765625
Memory cached:  98.0
	 epoch  60 training error:  tensor(0.0817, device='cuda:0', grad_fn=<DivBackward0>)
Memory status after this epoch: 
Memory allocated:  49.31884765625
Memory cached:  98.0
	 epoch  70 training error:  tensor(0.0810, device='cuda:0', grad_fn=<DivBackward0>)
Memory status after this epoch: 
Memory allocated:  49.31884765625
Memory cached:  98.0
	 epoch  80 training error:  tensor(0.0802, device='cuda:0', grad_fn=<DivBackward0>)
Memory status after this epoch: 
Memory allocated:  49.31884765625
Memory cached:  98.0
	 epoch  90 training error:  tensor(0.0796, device='cuda:0', grad_fn=<DivBackward0>)
Memory status after this epoch: 
Memory allocated:  49.31884765625
Memory cached:  98.0
[I 2023-12-02 22:49:42,707] Trial 29 finished with value: 0.07413670420646667 and parameters: {'W_layers': 6, 'W_layer_units_exponent_0': 6, 'W_layer_units_exponent_1': 6, 'W_layer_units_exponent_2': 9, 'W_layer_units_exponent_3': 10, 'W_layer_units_exponent_4': 6, 'W_layer_units_exponent_5': 5, 'D_layers': 7, 'D_layer_units_exponent_0': 8, 'D_layer_units_exponent_1': 6, 'D_layer_units_exponent_2': 8, 'D_layer_units_exponent_3': 6, 'D_layer_units_exponent_4': 6, 'D_layer_units_exponent_5': 8, 'D_layer_units_exponent_6': 4, 'log_learning_rate': -3.114053576179075, 'log_learning_rate_D': -3.0222247525254353, 'training_batch_size': 9, 'training_p': 4}. Best is trial 27 with value: 0.06754851341247559.
Time for this trial:  12.999754428863525
Memory status after this trial: 
Memory allocated:  84.13330078125
Memory cached:  118.0
--------------------  Trial  30   --------------------
Start timing: 
Parameters: 
{'W_layers': 8, 'W_layer_units_exponent_0': 5, 'W_layer_units_exponent_1': 7, 'W_layer_units_exponent_2': 10, 'W_layer_units_exponent_3': 6, 'W_layer_units_exponent_4': 5, 'W_layer_units_exponent_5': 4, 'W_layer_units_exponent_6': 5, 'W_layer_units_exponent_7': 10, 'D_layers': 6, 'D_layer_units_exponent_0': 9, 'D_layer_units_exponent_1': 5, 'D_layer_units_exponent_2': 7, 'D_layer_units_exponent_3': 5, 'D_layer_units_exponent_4': 5, 'D_layer_units_exponent_5': 7, 'log_learning_rate': -3.810538226041093, 'log_learning_rate_D': -3.9034983979123017, 'training_batch_size': 7, 'training_p': 3}
	 epoch  0 training error:  tensor(0.9668, device='cuda:0', grad_fn=<DivBackward0>)
Memory status after this epoch: 
Memory allocated:  42.818359375
Memory cached:  98.0
	 epoch  10 training error:  tensor(0.1227, device='cuda:0', grad_fn=<DivBackward0>)
Memory status after this epoch: 
Memory allocated:  42.818359375
Memory cached:  98.0
	 epoch  20 training error:  tensor(0.1351, device='cuda:0', grad_fn=<DivBackward0>)
Memory status after this epoch: 
Memory allocated:  42.818359375
Memory cached:  98.0
	 epoch  30 training error:  tensor(0.0832, device='cuda:0', grad_fn=<DivBackward0>)
Memory status after this epoch: 
Memory allocated:  42.818359375
Memory cached:  98.0
	 epoch  40 training error:  tensor(0.0827, device='cuda:0', grad_fn=<DivBackward0>)
Memory status after this epoch: 
Memory allocated:  42.818359375
Memory cached:  98.0
	 epoch  50 training error:  tensor(0.0780, device='cuda:0', grad_fn=<DivBackward0>)
Memory status after this epoch: 
Memory allocated:  42.818359375
Memory cached:  98.0
	 epoch  60 training error:  tensor(0.0779, device='cuda:0', grad_fn=<DivBackward0>)
Memory status after this epoch: 
Memory allocated:  42.818359375
Memory cached:  98.0
	 epoch  70 training error:  tensor(0.0759, device='cuda:0', grad_fn=<DivBackward0>)
Memory status after this epoch: 
Memory allocated:  42.818359375
Memory cached:  98.0
	 epoch  80 training error:  tensor(0.0757, device='cuda:0', grad_fn=<DivBackward0>)
Memory status after this epoch: 
Memory allocated:  42.818359375
Memory cached:  98.0
	 epoch  90 training error:  tensor(0.0751, device='cuda:0', grad_fn=<DivBackward0>)
Memory status after this epoch: 
Memory allocated:  42.818359375
Memory cached:  98.0
[I 2023-12-02 22:49:56,291] Trial 30 finished with value: 0.07793604582548141 and parameters: {'W_layers': 8, 'W_layer_units_exponent_0': 5, 'W_layer_units_exponent_1': 7, 'W_layer_units_exponent_2': 10, 'W_layer_units_exponent_3': 6, 'W_layer_units_exponent_4': 5, 'W_layer_units_exponent_5': 4, 'W_layer_units_exponent_6': 5, 'W_layer_units_exponent_7': 10, 'D_layers': 6, 'D_layer_units_exponent_0': 9, 'D_layer_units_exponent_1': 5, 'D_layer_units_exponent_2': 7, 'D_layer_units_exponent_3': 5, 'D_layer_units_exponent_4': 5, 'D_layer_units_exponent_5': 7, 'log_learning_rate': -3.810538226041093, 'log_learning_rate_D': -3.9034983979123017, 'training_batch_size': 7, 'training_p': 3}. Best is trial 27 with value: 0.06754851341247559.
Time for this trial:  13.345258951187134
Memory status after this trial: 
Memory allocated:  95.07861328125
Memory cached:  120.0
--------------------  Trial  31   --------------------
Start timing: 
Parameters: 
{'W_layers': 7, 'W_layer_units_exponent_0': 7, 'W_layer_units_exponent_1': 7, 'W_layer_units_exponent_2': 7, 'W_layer_units_exponent_3': 9, 'W_layer_units_exponent_4': 4, 'W_layer_units_exponent_5': 6, 'W_layer_units_exponent_6': 5, 'D_layers': 5, 'D_layer_units_exponent_0': 10, 'D_layer_units_exponent_1': 10, 'D_layer_units_exponent_2': 7, 'D_layer_units_exponent_3': 7, 'D_layer_units_exponent_4': 5, 'log_learning_rate': -3.2154123959154033, 'log_learning_rate_D': -4.465558375790163, 'training_batch_size': 7, 'training_p': 3}
	 epoch  0 training error:  tensor(1.0151, device='cuda:0', grad_fn=<DivBackward0>)
Memory status after this epoch: 
Memory allocated:  45.6943359375
Memory cached:  98.0
	 epoch  10 training error:  tensor(0.1927, device='cuda:0', grad_fn=<DivBackward0>)
Memory status after this epoch: 
Memory allocated:  45.6943359375
Memory cached:  98.0
	 epoch  20 training error:  tensor(0.1209, device='cuda:0', grad_fn=<DivBackward0>)
Memory status after this epoch: 
Memory allocated:  45.6943359375
Memory cached:  98.0
	 epoch  30 training error:  tensor(0.0938, device='cuda:0', grad_fn=<DivBackward0>)
Memory status after this epoch: 
Memory allocated:  45.6943359375
Memory cached:  98.0
	 epoch  40 training error:  tensor(0.0825, device='cuda:0', grad_fn=<DivBackward0>)
Memory status after this epoch: 
Memory allocated:  45.6943359375
Memory cached:  98.0
	 epoch  50 training error:  tensor(0.0763, device='cuda:0', grad_fn=<DivBackward0>)
Memory status after this epoch: 
Memory allocated:  45.6943359375
Memory cached:  98.0
	 epoch  60 training error:  tensor(0.0760, device='cuda:0', grad_fn=<DivBackward0>)
Memory status after this epoch: 
Memory allocated:  45.6943359375
Memory cached:  98.0
	 epoch  70 training error:  tensor(0.0748, device='cuda:0', grad_fn=<DivBackward0>)
Memory status after this epoch: 
Memory allocated:  45.6943359375
Memory cached:  98.0
	 epoch  80 training error:  tensor(0.0737, device='cuda:0', grad_fn=<DivBackward0>)
Memory status after this epoch: 
Memory allocated:  45.6943359375
Memory cached:  98.0
	 epoch  90 training error:  tensor(0.0727, device='cuda:0', grad_fn=<DivBackward0>)
Memory status after this epoch: 
Memory allocated:  45.6943359375
Memory cached:  98.0
[I 2023-12-02 22:50:09,120] Trial 31 finished with value: 0.07242856174707413 and parameters: {'W_layers': 7, 'W_layer_units_exponent_0': 7, 'W_layer_units_exponent_1': 7, 'W_layer_units_exponent_2': 7, 'W_layer_units_exponent_3': 9, 'W_layer_units_exponent_4': 4, 'W_layer_units_exponent_5': 6, 'W_layer_units_exponent_6': 5, 'D_layers': 5, 'D_layer_units_exponent_0': 10, 'D_layer_units_exponent_1': 10, 'D_layer_units_exponent_2': 7, 'D_layer_units_exponent_3': 7, 'D_layer_units_exponent_4': 5, 'log_learning_rate': -3.2154123959154033, 'log_learning_rate_D': -4.465558375790163, 'training_batch_size': 7, 'training_p': 3}. Best is trial 27 with value: 0.06754851341247559.
Time for this trial:  12.609931230545044
Memory status after this trial: 
Memory allocated:  62.95556640625
Memory cached:  100.0
--------------------  Trial  32   --------------------
Start timing: 
Parameters: 
{'W_layers': 7, 'W_layer_units_exponent_0': 6, 'W_layer_units_exponent_1': 7, 'W_layer_units_exponent_2': 8, 'W_layer_units_exponent_3': 10, 'W_layer_units_exponent_4': 5, 'W_layer_units_exponent_5': 5, 'W_layer_units_exponent_6': 7, 'D_layers': 4, 'D_layer_units_exponent_0': 9, 'D_layer_units_exponent_1': 9, 'D_layer_units_exponent_2': 9, 'D_layer_units_exponent_3': 6, 'log_learning_rate': -3.0082390239340446, 'log_learning_rate_D': -4.234028095866634, 'training_batch_size': 8, 'training_p': 3}
	 epoch  0 training error:  tensor(1.1429, device='cuda:0', grad_fn=<DivBackward0>)
Memory status after this epoch: 
Memory allocated:  46.3984375
Memory cached:  100.0
	 epoch  10 training error:  tensor(0.0992, device='cuda:0', grad_fn=<DivBackward0>)
Memory status after this epoch: 
Memory allocated:  46.3984375
Memory cached:  100.0
	 epoch  20 training error:  tensor(0.0948, device='cuda:0', grad_fn=<DivBackward0>)
Memory status after this epoch: 
Memory allocated:  46.3984375
Memory cached:  100.0
	 epoch  30 training error:  tensor(0.0813, device='cuda:0', grad_fn=<DivBackward0>)
Memory status after this epoch: 
Memory allocated:  46.3984375
Memory cached:  100.0
	 epoch  40 training error:  tensor(0.0786, device='cuda:0', grad_fn=<DivBackward0>)
Memory status after this epoch: 
Memory allocated:  46.3984375
Memory cached:  100.0
	 epoch  50 training error:  tensor(0.0770, device='cuda:0', grad_fn=<DivBackward0>)
Memory status after this epoch: 
Memory allocated:  46.3984375
Memory cached:  100.0
	 epoch  60 training error:  tensor(0.0751, device='cuda:0', grad_fn=<DivBackward0>)
Memory status after this epoch: 
Memory allocated:  46.3984375
Memory cached:  100.0
	 epoch  70 training error:  tensor(0.0731, device='cuda:0', grad_fn=<DivBackward0>)
Memory status after this epoch: 
Memory allocated:  46.3984375
Memory cached:  100.0
	 epoch  80 training error:  tensor(0.0719, device='cuda:0', grad_fn=<DivBackward0>)
Memory status after this epoch: 
Memory allocated:  46.3984375
Memory cached:  100.0
	 epoch  90 training error:  tensor(0.0714, device='cuda:0', grad_fn=<DivBackward0>)
Memory status after this epoch: 
Memory allocated:  46.3984375
Memory cached:  100.0
[I 2023-12-02 22:50:22,388] Trial 32 finished with value: 0.07057445496320724 and parameters: {'W_layers': 7, 'W_layer_units_exponent_0': 6, 'W_layer_units_exponent_1': 7, 'W_layer_units_exponent_2': 8, 'W_layer_units_exponent_3': 10, 'W_layer_units_exponent_4': 5, 'W_layer_units_exponent_5': 5, 'W_layer_units_exponent_6': 7, 'D_layers': 4, 'D_layer_units_exponent_0': 9, 'D_layer_units_exponent_1': 9, 'D_layer_units_exponent_2': 9, 'D_layer_units_exponent_3': 6, 'log_learning_rate': -3.0082390239340446, 'log_learning_rate_D': -4.234028095866634, 'training_batch_size': 8, 'training_p': 3}. Best is trial 27 with value: 0.06754851341247559.
Time for this trial:  13.077889442443848
Memory status after this trial: 
Memory allocated:  80.11474609375
Memory cached:  104.0
--------------------  Trial  33   --------------------
Start timing: 
Parameters: 
{'W_layers': 6, 'W_layer_units_exponent_0': 6, 'W_layer_units_exponent_1': 8, 'W_layer_units_exponent_2': 7, 'W_layer_units_exponent_3': 9, 'W_layer_units_exponent_4': 4, 'W_layer_units_exponent_5': 6, 'D_layers': 5, 'D_layer_units_exponent_0': 10, 'D_layer_units_exponent_1': 10, 'D_layer_units_exponent_2': 6, 'D_layer_units_exponent_3': 7, 'D_layer_units_exponent_4': 6, 'log_learning_rate': -2.76611676699241, 'log_learning_rate_D': -4.755240801459667, 'training_batch_size': 7, 'training_p': 2}
	 epoch  0 training error:  tensor(0.6404, device='cuda:0', grad_fn=<DivBackward0>)
Memory status after this epoch: 
Memory allocated:  45.6455078125
Memory cached:  98.0
	 epoch  10 training error:  tensor(0.1652, device='cuda:0', grad_fn=<DivBackward0>)
Memory status after this epoch: 
Memory allocated:  45.6455078125
Memory cached:  98.0
	 epoch  20 training error:  tensor(0.0819, device='cuda:0', grad_fn=<DivBackward0>)
Memory status after this epoch: 
Memory allocated:  45.6455078125
Memory cached:  98.0
	 epoch  30 training error:  tensor(0.0757, device='cuda:0', grad_fn=<DivBackward0>)
Memory status after this epoch: 
Memory allocated:  45.6455078125
Memory cached:  98.0
	 epoch  40 training error:  tensor(0.0713, device='cuda:0', grad_fn=<DivBackward0>)
Memory status after this epoch: 
Memory allocated:  45.6455078125
Memory cached:  98.0
	 epoch  50 training error:  tensor(0.0675, device='cuda:0', grad_fn=<DivBackward0>)
Memory status after this epoch: 
Memory allocated:  45.6455078125
Memory cached:  98.0
	 epoch  60 training error:  tensor(0.0652, device='cuda:0', grad_fn=<DivBackward0>)
Memory status after this epoch: 
Memory allocated:  45.6455078125
Memory cached:  98.0
	 epoch  70 training error:  tensor(0.0632, device='cuda:0', grad_fn=<DivBackward0>)
Memory status after this epoch: 
Memory allocated:  45.6455078125
Memory cached:  98.0
	 epoch  80 training error:  tensor(0.0620, device='cuda:0', grad_fn=<DivBackward0>)
Memory status after this epoch: 
Memory allocated:  45.6455078125
Memory cached:  98.0
	 epoch  90 training error:  tensor(0.0614, device='cuda:0', grad_fn=<DivBackward0>)
Memory status after this epoch: 
Memory allocated:  45.6455078125
Memory cached:  98.0
