[I 2024-01-01 10:39:54,304] Trial 207 finished with value: 0.21407917141914368 and parameters: {'W_layers': 5, 'W_layer_units_exponent_0': 8, 'W_layer_units_exponent_1': 10, 'W_layer_units_exponent_2': 7, 'W_layer_units_exponent_3': 6, 'W_layer_units_exponent_4': 5, 'D_layers': 5, 'D_layer_units_exponent_0': 7, 'D_layer_units_exponent_1': 9, 'D_layer_units_exponent_2': 8, 'D_layer_units_exponent_3': 8, 'D_layer_units_exponent_4': 5, 'D_dagger_layers': 3, 'D_dagger_layer_units_exponent_0': 10, 'D_dagger_layer_units_exponent_1': 4, 'D_dagger_layer_units_exponent_2': 5, 'log_learning_rate': -2.3177878495812605, 'log_learning_rate_D': -3.1113512085237622, 'log_learning_rate_D_dagger': -2.231117285992533, 'training_batch_size': 6, 'training_p': 7}. Best is trial 171 with value: 0.11988115310668945.
Time for this trial:  320.12971091270447
Memory status after this trial: 
Memory allocated:  383.2373046875
Memory cached:  390.0
--------------------  Trial  208   --------------------
Start timing: 
Parameters: 
{'W_layers': 5, 'W_layer_units_exponent_0': 8, 'W_layer_units_exponent_1': 10, 'W_layer_units_exponent_2': 6, 'W_layer_units_exponent_3': 6, 'W_layer_units_exponent_4': 5, 'D_layers': 5, 'D_layer_units_exponent_0': 7, 'D_layer_units_exponent_1': 9, 'D_layer_units_exponent_2': 8, 'D_layer_units_exponent_3': 8, 'D_layer_units_exponent_4': 5, 'D_dagger_layers': 3, 'D_dagger_layer_units_exponent_0': 9, 'D_dagger_layer_units_exponent_1': 4, 'D_dagger_layer_units_exponent_2': 5, 'log_learning_rate': -2.401868855946635, 'log_learning_rate_D': -3.7246952996704765, 'log_learning_rate_D_dagger': -2.397146948563619, 'training_batch_size': 6, 'training_p': 7}
	 epoch  0 training error:  tensor(1.1595, device='cuda:0', grad_fn=<DivBackward0>)
Memory status after this epoch: 
Memory allocated:  187.41845703125
Memory cached:  342.0
	 epoch  10 training error:  tensor(0.6122, device='cuda:0', grad_fn=<DivBackward0>)
Memory status after this epoch: 
Memory allocated:  187.41845703125
Memory cached:  344.0
	 epoch  20 training error:  tensor(0.5333, device='cuda:0', grad_fn=<DivBackward0>)
Memory status after this epoch: 
Memory allocated:  187.41845703125
Memory cached:  352.0
	 epoch  30 training error:  tensor(0.5399, device='cuda:0', grad_fn=<DivBackward0>)
Memory status after this epoch: 
Memory allocated:  187.41845703125
Memory cached:  348.0
	 epoch  40 training error:  tensor(0.5179, device='cuda:0', grad_fn=<DivBackward0>)
Memory status after this epoch: 
Memory allocated:  187.41845703125
Memory cached:  346.0
	 epoch  50 training error:  tensor(0.4278, device='cuda:0', grad_fn=<DivBackward0>)
Memory status after this epoch: 
Memory allocated:  187.41845703125
Memory cached:  346.0
	 epoch  60 training error:  tensor(0.3333, device='cuda:0', grad_fn=<DivBackward0>)
Memory status after this epoch: 
Memory allocated:  187.41845703125
Memory cached:  346.0
	 epoch  70 training error:  tensor(0.2780, device='cuda:0', grad_fn=<DivBackward0>)
Memory status after this epoch: 
Memory allocated:  187.41845703125
Memory cached:  350.0
	 epoch  80 training error:  tensor(0.2295, device='cuda:0', grad_fn=<DivBackward0>)
Memory status after this epoch: 
Memory allocated:  187.41845703125
Memory cached:  348.0
	 epoch  90 training error:  tensor(0.2637, device='cuda:0', grad_fn=<DivBackward0>)
Memory status after this epoch: 
Memory allocated:  187.41845703125
Memory cached:  344.0
[I 2024-01-01 10:44:58,671] Trial 208 finished with value: 0.13047467172145844 and parameters: {'W_layers': 5, 'W_layer_units_exponent_0': 8, 'W_layer_units_exponent_1': 10, 'W_layer_units_exponent_2': 6, 'W_layer_units_exponent_3': 6, 'W_layer_units_exponent_4': 5, 'D_layers': 5, 'D_layer_units_exponent_0': 7, 'D_layer_units_exponent_1': 9, 'D_layer_units_exponent_2': 8, 'D_layer_units_exponent_3': 8, 'D_layer_units_exponent_4': 5, 'D_dagger_layers': 3, 'D_dagger_layer_units_exponent_0': 9, 'D_dagger_layer_units_exponent_1': 4, 'D_dagger_layer_units_exponent_2': 5, 'log_learning_rate': -2.401868855946635, 'log_learning_rate_D': -3.7246952996704765, 'log_learning_rate_D_dagger': -2.397146948563619, 'training_batch_size': 6, 'training_p': 7}. Best is trial 171 with value: 0.11988115310668945.
res:  tensor(0.1305, device='cuda:0', grad_fn=<DivBackward0>)
self.bestValue:  tensor(0.1529, device='cuda:0', grad_fn=<DivBackward0>)
Save this model!
Time for this trial:  303.93938159942627
Memory status after this trial: 
Memory allocated:  174.02587890625
Memory cached:  350.0
--------------------  Trial  209   --------------------
Start timing: 
Parameters: 
{'W_layers': 5, 'W_layer_units_exponent_0': 8, 'W_layer_units_exponent_1': 10, 'W_layer_units_exponent_2': 7, 'W_layer_units_exponent_3': 6, 'W_layer_units_exponent_4': 6, 'D_layers': 5, 'D_layer_units_exponent_0': 7, 'D_layer_units_exponent_1': 9, 'D_layer_units_exponent_2': 8, 'D_layer_units_exponent_3': 8, 'D_layer_units_exponent_4': 5, 'D_dagger_layers': 3, 'D_dagger_layer_units_exponent_0': 6, 'D_dagger_layer_units_exponent_1': 4, 'D_dagger_layer_units_exponent_2': 5, 'log_learning_rate': -2.42976902803424, 'log_learning_rate_D': -3.63189320918259, 'log_learning_rate_D_dagger': -2.4228528844963364, 'training_batch_size': 6, 'training_p': 7}
	 epoch  0 training error:  tensor(1.3308, device='cuda:0', grad_fn=<DivBackward0>)
Memory status after this epoch: 
Memory allocated:  184.43408203125
Memory cached:  354.0
	 epoch  10 training error:  tensor(0.6104, device='cuda:0', grad_fn=<DivBackward0>)
Memory status after this epoch: 
Memory allocated:  184.43408203125
Memory cached:  358.0
	 epoch  20 training error:  tensor(0.5498, device='cuda:0', grad_fn=<DivBackward0>)
Memory status after this epoch: 
Memory allocated:  184.43408203125
Memory cached:  358.0
	 epoch  30 training error:  tensor(0.5372, device='cuda:0', grad_fn=<DivBackward0>)
Memory status after this epoch: 
Memory allocated:  184.43408203125
Memory cached:  356.0
	 epoch  40 training error:  tensor(0.5387, device='cuda:0', grad_fn=<DivBackward0>)
Memory status after this epoch: 
Memory allocated:  184.43408203125
Memory cached:  358.0
	 epoch  50 training error:  tensor(0.5352, device='cuda:0', grad_fn=<DivBackward0>)
Memory status after this epoch: 
Memory allocated:  184.43408203125
Memory cached:  358.0
	 epoch  60 training error:  tensor(0.5332, device='cuda:0', grad_fn=<DivBackward0>)
Memory status after this epoch: 
Memory allocated:  184.43408203125
Memory cached:  360.0
	 epoch  70 training error:  tensor(0.5355, device='cuda:0', grad_fn=<DivBackward0>)
Memory status after this epoch: 
Memory allocated:  184.43408203125
Memory cached:  358.0
	 epoch  80 training error:  tensor(0.5344, device='cuda:0', grad_fn=<DivBackward0>)
Memory status after this epoch: 
Memory allocated:  184.43408203125
Memory cached:  360.0
	 epoch  90 training error:  tensor(0.5323, device='cuda:0', grad_fn=<DivBackward0>)
Memory status after this epoch: 
Memory allocated:  184.43408203125
Memory cached:  358.0
[I 2024-01-01 10:50:13,943] Trial 209 finished with value: 0.40791988372802734 and parameters: {'W_layers': 5, 'W_layer_units_exponent_0': 8, 'W_layer_units_exponent_1': 10, 'W_layer_units_exponent_2': 7, 'W_layer_units_exponent_3': 6, 'W_layer_units_exponent_4': 6, 'D_layers': 5, 'D_layer_units_exponent_0': 7, 'D_layer_units_exponent_1': 9, 'D_layer_units_exponent_2': 8, 'D_layer_units_exponent_3': 8, 'D_layer_units_exponent_4': 5, 'D_dagger_layers': 3, 'D_dagger_layer_units_exponent_0': 6, 'D_dagger_layer_units_exponent_1': 4, 'D_dagger_layer_units_exponent_2': 5, 'log_learning_rate': -2.42976902803424, 'log_learning_rate_D': -3.63189320918259, 'log_learning_rate_D_dagger': -2.4228528844963364, 'training_batch_size': 6, 'training_p': 7}. Best is trial 171 with value: 0.11988115310668945.
Time for this trial:  314.74926686286926
Memory status after this trial: 
Memory allocated:  329.3603515625
Memory cached:  360.0
--------------------  Trial  210   --------------------
Start timing: 
Parameters: 
{'W_layers': 3, 'W_layer_units_exponent_0': 8, 'W_layer_units_exponent_1': 10, 'W_layer_units_exponent_2': 6, 'D_layers': 5, 'D_layer_units_exponent_0': 7, 'D_layer_units_exponent_1': 9, 'D_layer_units_exponent_2': 8, 'D_layer_units_exponent_3': 8, 'D_layer_units_exponent_4': 5, 'D_dagger_layers': 3, 'D_dagger_layer_units_exponent_0': 9, 'D_dagger_layer_units_exponent_1': 4, 'D_dagger_layer_units_exponent_2': 6, 'log_learning_rate': -2.5683600948823195, 'log_learning_rate_D': -3.7086102051567917, 'log_learning_rate_D_dagger': -2.52874248337728, 'training_batch_size': 6, 'training_p': 7}
	 epoch  0 training error:  tensor(1.7633, device='cuda:0', grad_fn=<DivBackward0>)
Memory status after this epoch: 
Memory allocated:  183.37939453125
Memory cached:  350.0
	 epoch  10 training error:  tensor(0.5562, device='cuda:0', grad_fn=<DivBackward0>)
Memory status after this epoch: 
Memory allocated:  183.37939453125
Memory cached:  362.0
	 epoch  20 training error:  tensor(0.5507, device='cuda:0', grad_fn=<DivBackward0>)
Memory status after this epoch: 
Memory allocated:  183.37939453125
Memory cached:  362.0
	 epoch  30 training error:  tensor(0.5438, device='cuda:0', grad_fn=<DivBackward0>)
Memory status after this epoch: 
Memory allocated:  183.37939453125
Memory cached:  362.0
	 epoch  40 training error:  tensor(0.5545, device='cuda:0', grad_fn=<DivBackward0>)
Memory status after this epoch: 
Memory allocated:  183.37939453125
Memory cached:  362.0
	 epoch  50 training error:  tensor(0.5429, device='cuda:0', grad_fn=<DivBackward0>)
Memory status after this epoch: 
Memory allocated:  183.37939453125
Memory cached:  360.0
	 epoch  60 training error:  tensor(0.5269, device='cuda:0', grad_fn=<DivBackward0>)
Memory status after this epoch: 
Memory allocated:  183.37939453125
Memory cached:  358.0
	 epoch  70 training error:  tensor(0.5243, device='cuda:0', grad_fn=<DivBackward0>)
Memory status after this epoch: 
Memory allocated:  183.37939453125
Memory cached:  362.0
	 epoch  80 training error:  tensor(0.5030, device='cuda:0', grad_fn=<DivBackward0>)
Memory status after this epoch: 
Memory allocated:  183.37939453125
Memory cached:  360.0
	 epoch  90 training error:  tensor(0.3713, device='cuda:0', grad_fn=<DivBackward0>)
Memory status after this epoch: 
Memory allocated:  183.37939453125
Memory cached:  362.0
[I 2024-01-01 10:55:03,842] Trial 210 finished with value: 0.15739396214485168 and parameters: {'W_layers': 3, 'W_layer_units_exponent_0': 8, 'W_layer_units_exponent_1': 10, 'W_layer_units_exponent_2': 6, 'D_layers': 5, 'D_layer_units_exponent_0': 7, 'D_layer_units_exponent_1': 9, 'D_layer_units_exponent_2': 8, 'D_layer_units_exponent_3': 8, 'D_layer_units_exponent_4': 5, 'D_dagger_layers': 3, 'D_dagger_layer_units_exponent_0': 9, 'D_dagger_layer_units_exponent_1': 4, 'D_dagger_layer_units_exponent_2': 6, 'log_learning_rate': -2.5683600948823195, 'log_learning_rate_D': -3.7086102051567917, 'log_learning_rate_D_dagger': -2.52874248337728, 'training_batch_size': 6, 'training_p': 7}. Best is trial 171 with value: 0.11988115310668945.
Time for this trial:  289.4398708343506
Memory status after this trial: 
Memory allocated:  343.9697265625
Memory cached:  362.0
--------------------  Trial  211   --------------------
Start timing: 
Parameters: 
{'W_layers': 5, 'W_layer_units_exponent_0': 8, 'W_layer_units_exponent_1': 10, 'W_layer_units_exponent_2': 6, 'W_layer_units_exponent_3': 6, 'W_layer_units_exponent_4': 5, 'D_layers': 5, 'D_layer_units_exponent_0': 7, 'D_layer_units_exponent_1': 9, 'D_layer_units_exponent_2': 8, 'D_layer_units_exponent_3': 8, 'D_layer_units_exponent_4': 5, 'D_dagger_layers': 3, 'D_dagger_layer_units_exponent_0': 9, 'D_dagger_layer_units_exponent_1': 4, 'D_dagger_layer_units_exponent_2': 5, 'log_learning_rate': -2.22407582223235, 'log_learning_rate_D': -3.304591388401006, 'log_learning_rate_D_dagger': -2.3520081123392074, 'training_batch_size': 6, 'training_p': 7}
	 epoch  0 training error:  tensor(1.3287, device='cuda:0', grad_fn=<DivBackward0>)
Memory status after this epoch: 
Memory allocated:  183.46923828125
Memory cached:  346.0
	 epoch  10 training error:  tensor(0.5672, device='cuda:0', grad_fn=<DivBackward0>)
Memory status after this epoch: 
Memory allocated:  183.46923828125
Memory cached:  354.0
	 epoch  20 training error:  tensor(0.5544, device='cuda:0', grad_fn=<DivBackward0>)
Memory status after this epoch: 
Memory allocated:  183.46923828125
Memory cached:  350.0
	 epoch  30 training error:  tensor(0.5263, device='cuda:0', grad_fn=<DivBackward0>)
Memory status after this epoch: 
Memory allocated:  183.46923828125
Memory cached:  350.0
	 epoch  40 training error:  tensor(0.5314, device='cuda:0', grad_fn=<DivBackward0>)
Memory status after this epoch: 
Memory allocated:  183.46923828125
Memory cached:  350.0
	 epoch  50 training error:  tensor(0.5211, device='cuda:0', grad_fn=<DivBackward0>)
Memory status after this epoch: 
Memory allocated:  183.46923828125
Memory cached:  352.0
	 epoch  60 training error:  tensor(0.4274, device='cuda:0', grad_fn=<DivBackward0>)
Memory status after this epoch: 
Memory allocated:  183.46923828125
Memory cached:  354.0
	 epoch  70 training error:  tensor(0.3710, device='cuda:0', grad_fn=<DivBackward0>)
Memory status after this epoch: 
Memory allocated:  183.46923828125
Memory cached:  350.0
	 epoch  80 training error:  tensor(0.3265, device='cuda:0', grad_fn=<DivBackward0>)
Memory status after this epoch: 
Memory allocated:  183.46923828125
Memory cached:  358.0
	 epoch  90 training error:  tensor(0.2711, device='cuda:0', grad_fn=<DivBackward0>)
Memory status after this epoch: 
Memory allocated:  183.46923828125
Memory cached:  354.0
[I 2024-01-01 11:00:22,496] Trial 211 finished with value: 0.16863380372524261 and parameters: {'W_layers': 5, 'W_layer_units_exponent_0': 8, 'W_layer_units_exponent_1': 10, 'W_layer_units_exponent_2': 6, 'W_layer_units_exponent_3': 6, 'W_layer_units_exponent_4': 5, 'D_layers': 5, 'D_layer_units_exponent_0': 7, 'D_layer_units_exponent_1': 9, 'D_layer_units_exponent_2': 8, 'D_layer_units_exponent_3': 8, 'D_layer_units_exponent_4': 5, 'D_dagger_layers': 3, 'D_dagger_layer_units_exponent_0': 9, 'D_dagger_layer_units_exponent_1': 4, 'D_dagger_layer_units_exponent_2': 5, 'log_learning_rate': -2.22407582223235, 'log_learning_rate_D': -3.304591388401006, 'log_learning_rate_D_dagger': -2.3520081123392074, 'training_batch_size': 6, 'training_p': 7}. Best is trial 171 with value: 0.11988115310668945.
Time for this trial:  318.2455749511719
Memory status after this trial: 
Memory allocated:  347.9208984375
Memory cached:  354.0
--------------------  Trial  212   --------------------
Start timing: 
Parameters: 
{'W_layers': 5, 'W_layer_units_exponent_0': 8, 'W_layer_units_exponent_1': 10, 'W_layer_units_exponent_2': 6, 'W_layer_units_exponent_3': 6, 'W_layer_units_exponent_4': 5, 'D_layers': 5, 'D_layer_units_exponent_0': 7, 'D_layer_units_exponent_1': 9, 'D_layer_units_exponent_2': 8, 'D_layer_units_exponent_3': 8, 'D_layer_units_exponent_4': 5, 'D_dagger_layers': 3, 'D_dagger_layer_units_exponent_0': 9, 'D_dagger_layer_units_exponent_1': 4, 'D_dagger_layer_units_exponent_2': 5, 'log_learning_rate': -2.468279586266932, 'log_learning_rate_D': -3.9061092748885384, 'log_learning_rate_D_dagger': -2.256138502029662, 'training_batch_size': 6, 'training_p': 7}
	 epoch  0 training error:  tensor(1.3379, device='cuda:0', grad_fn=<DivBackward0>)
Memory status after this epoch: 
Memory allocated:  183.46923828125
Memory cached:  350.0
	 epoch  10 training error:  tensor(0.5339, device='cuda:0', grad_fn=<DivBackward0>)
Memory status after this epoch: 
Memory allocated:  183.46923828125
Memory cached:  348.0
	 epoch  20 training error:  tensor(0.5348, device='cuda:0', grad_fn=<DivBackward0>)
Memory status after this epoch: 
Memory allocated:  183.46923828125
Memory cached:  352.0
	 epoch  30 training error:  tensor(0.5149, device='cuda:0', grad_fn=<DivBackward0>)
Memory status after this epoch: 
Memory allocated:  183.46923828125
Memory cached:  352.0
	 epoch  40 training error:  tensor(0.4239, device='cuda:0', grad_fn=<DivBackward0>)
Memory status after this epoch: 
Memory allocated:  183.46923828125
Memory cached:  356.0
	 epoch  50 training error:  tensor(0.3117, device='cuda:0', grad_fn=<DivBackward0>)
Memory status after this epoch: 
Memory allocated:  183.46923828125
Memory cached:  352.0
	 epoch  60 training error:  tensor(0.3040, device='cuda:0', grad_fn=<DivBackward0>)
Memory status after this epoch: 
Memory allocated:  183.46923828125
Memory cached:  352.0
	 epoch  70 training error:  tensor(0.3254, device='cuda:0', grad_fn=<DivBackward0>)
Memory status after this epoch: 
Memory allocated:  183.46923828125
Memory cached:  354.0
	 epoch  80 training error:  tensor(0.2363, device='cuda:0', grad_fn=<DivBackward0>)
Memory status after this epoch: 
Memory allocated:  183.46923828125
Memory cached:  354.0
	 epoch  90 training error:  tensor(0.2809, device='cuda:0', grad_fn=<DivBackward0>)
Memory status after this epoch: 
Memory allocated:  183.46923828125
Memory cached:  354.0
[I 2024-01-01 11:05:42,093] Trial 212 finished with value: 0.1423918455839157 and parameters: {'W_layers': 5, 'W_layer_units_exponent_0': 8, 'W_layer_units_exponent_1': 10, 'W_layer_units_exponent_2': 6, 'W_layer_units_exponent_3': 6, 'W_layer_units_exponent_4': 5, 'D_layers': 5, 'D_layer_units_exponent_0': 7, 'D_layer_units_exponent_1': 9, 'D_layer_units_exponent_2': 8, 'D_layer_units_exponent_3': 8, 'D_layer_units_exponent_4': 5, 'D_dagger_layers': 3, 'D_dagger_layer_units_exponent_0': 9, 'D_dagger_layer_units_exponent_1': 4, 'D_dagger_layer_units_exponent_2': 5, 'log_learning_rate': -2.468279586266932, 'log_learning_rate_D': -3.9061092748885384, 'log_learning_rate_D_dagger': -2.256138502029662, 'training_batch_size': 6, 'training_p': 7}. Best is trial 171 with value: 0.11988115310668945.
Time for this trial:  319.16164898872375
Memory status after this trial: 
Memory allocated:  347.9208984375
Memory cached:  354.0
--------------------  Trial  213   --------------------
Start timing: 
Parameters: 
{'W_layers': 5, 'W_layer_units_exponent_0': 8, 'W_layer_units_exponent_1': 10, 'W_layer_units_exponent_2': 6, 'W_layer_units_exponent_3': 6, 'W_layer_units_exponent_4': 5, 'D_layers': 5, 'D_layer_units_exponent_0': 7, 'D_layer_units_exponent_1': 9, 'D_layer_units_exponent_2': 8, 'D_layer_units_exponent_3': 8, 'D_layer_units_exponent_4': 5, 'D_dagger_layers': 3, 'D_dagger_layer_units_exponent_0': 9, 'D_dagger_layer_units_exponent_1': 4, 'D_dagger_layer_units_exponent_2': 5, 'log_learning_rate': -2.4598598666774096, 'log_learning_rate_D': -3.8967630827604207, 'log_learning_rate_D_dagger': -2.460104845942158, 'training_batch_size': 6, 'training_p': 7}
	 epoch  0 training error:  tensor(1.1629, device='cuda:0', grad_fn=<DivBackward0>)
Memory status after this epoch: 
Memory allocated:  183.46923828125
Memory cached:  350.0
	 epoch  10 training error:  tensor(0.5562, device='cuda:0', grad_fn=<DivBackward0>)
Memory status after this epoch: 
Memory allocated:  183.46923828125
Memory cached:  356.0
	 epoch  20 training error:  tensor(0.5548, device='cuda:0', grad_fn=<DivBackward0>)
Memory status after this epoch: 
Memory allocated:  183.46923828125
Memory cached:  348.0
	 epoch  30 training error:  tensor(0.5314, device='cuda:0', grad_fn=<DivBackward0>)
Memory status after this epoch: 
Memory allocated:  183.46923828125
Memory cached:  350.0
	 epoch  40 training error:  tensor(0.5476, device='cuda:0', grad_fn=<DivBackward0>)
Memory status after this epoch: 
Memory allocated:  183.46923828125
Memory cached:  348.0
	 epoch  50 training error:  tensor(0.5184, device='cuda:0', grad_fn=<DivBackward0>)
Memory status after this epoch: 
Memory allocated:  183.46923828125
Memory cached:  348.0
	 epoch  60 training error:  tensor(0.5173, device='cuda:0', grad_fn=<DivBackward0>)
Memory status after this epoch: 
Memory allocated:  183.46923828125
Memory cached:  350.0
	 epoch  70 training error:  tensor(0.4527, device='cuda:0', grad_fn=<DivBackward0>)
Memory status after this epoch: 
Memory allocated:  183.46923828125
Memory cached:  352.0
	 epoch  80 training error:  tensor(0.4502, device='cuda:0', grad_fn=<DivBackward0>)
Memory status after this epoch: 
Memory allocated:  183.46923828125
Memory cached:  348.0
	 epoch  90 training error:  tensor(0.2916, device='cuda:0', grad_fn=<DivBackward0>)
Memory status after this epoch: 
Memory allocated:  183.46923828125
Memory cached:  352.0
