[I 2024-03-01 08:19:50,135] Trial 5 finished with value: 0.19881682097911835 and parameters: {'W_layers': 4, 'W_layer_units_exponent_0': 9, 'W_layer_units_exponent_1': 8, 'W_layer_units_exponent_2': 6, 'W_layer_units_exponent_3': 6, 'D_layers': 8, 'D_layer_units_exponent_0': 7, 'D_layer_units_exponent_1': 7, 'D_layer_units_exponent_2': 4, 'D_layer_units_exponent_3': 6, 'D_layer_units_exponent_4': 5, 'D_layer_units_exponent_5': 5, 'D_layer_units_exponent_6': 6, 'D_layer_units_exponent_7': 6, 'D_dagger_layers': 5, 'D_dagger_layer_units_exponent_0': 5, 'D_dagger_layer_units_exponent_1': 6, 'D_dagger_layer_units_exponent_2': 7, 'D_dagger_layer_units_exponent_3': 10, 'D_dagger_layer_units_exponent_4': 10, 'log_learning_rate': -4.310388938897606, 'log_learning_rate_D': -2.4029480824326277, 'log_learning_rate_D_dagger': -2.829419028299656, 'training_batch_size': 12, 'training_p': 4}. Best is trial 5 with value: 0.19881682097911835.
res:  tensor(0.1988, grad_fn=<ToCopyBackward0>)
self.bestValue:  tensor(0.2189, grad_fn=<ToCopyBackward0>)
Save this model!
Time for this trial:  434.29022336006165
Memory status after this trial: 
Memory allocated:  776.0146484375
Memory cached:  1132.0
--------------------  Trial  6   --------------------
Start timing: 
Parameters: 
{'W_layers': 8, 'W_layer_units_exponent_0': 10, 'W_layer_units_exponent_1': 9, 'W_layer_units_exponent_2': 6, 'W_layer_units_exponent_3': 10, 'W_layer_units_exponent_4': 4, 'W_layer_units_exponent_5': 7, 'W_layer_units_exponent_6': 10, 'W_layer_units_exponent_7': 5, 'D_layers': 5, 'D_layer_units_exponent_0': 7, 'D_layer_units_exponent_1': 10, 'D_layer_units_exponent_2': 6, 'D_layer_units_exponent_3': 4, 'D_layer_units_exponent_4': 6, 'D_dagger_layers': 5, 'D_dagger_layer_units_exponent_0': 7, 'D_dagger_layer_units_exponent_1': 6, 'D_dagger_layer_units_exponent_2': 4, 'D_dagger_layer_units_exponent_3': 8, 'D_dagger_layer_units_exponent_4': 5, 'log_learning_rate': -4.473830775374605, 'log_learning_rate_D': -3.594800608798616, 'log_learning_rate_D_dagger': -3.8556130775781727, 'training_batch_size': 11, 'training_p': 4}
	 epoch  0 training error:  tensor(0.9846, grad_fn=<ToCopyBackward0>)
Memory status after this epoch: 
Memory allocated:  796.7529296875
Memory cached:  1324.0
	 epoch  10 training error:  tensor(0.7295, grad_fn=<ToCopyBackward0>)
Memory status after this epoch: 
Memory allocated:  797.2529296875
Memory cached:  1564.0
	 epoch  20 training error:  tensor(0.5476, grad_fn=<ToCopyBackward0>)
Memory status after this epoch: 
Memory allocated:  797.2529296875
Memory cached:  1568.0
	 epoch  30 training error:  tensor(0.4320, grad_fn=<ToCopyBackward0>)
Memory status after this epoch: 
Memory allocated:  796.59228515625
Memory cached:  1570.0
	 epoch  40 training error:  tensor(0.3468, grad_fn=<ToCopyBackward0>)
Memory status after this epoch: 
Memory allocated:  796.7529296875
Memory cached:  1576.0
	 epoch  50 training error:  tensor(0.3256, grad_fn=<ToCopyBackward0>)
Memory status after this epoch: 
Memory allocated:  796.7529296875
Memory cached:  1566.0
	 epoch  60 training error:  tensor(0.3180, grad_fn=<ToCopyBackward0>)
Memory status after this epoch: 
Memory allocated:  796.7529296875
Memory cached:  1568.0
	 epoch  70 training error:  tensor(0.3124, grad_fn=<ToCopyBackward0>)
Memory status after this epoch: 
Memory allocated:  797.2529296875
Memory cached:  1570.0
	 epoch  80 training error:  tensor(0.3091, grad_fn=<ToCopyBackward0>)
Memory status after this epoch: 
Memory allocated:  797.2529296875
Memory cached:  1562.0
	 epoch  90 training error:  tensor(0.3059, grad_fn=<ToCopyBackward0>)
Memory status after this epoch: 
Memory allocated:  796.7529296875
Memory cached:  1558.0
[I 2024-03-01 08:27:34,262] Trial 6 finished with value: 0.2205505669116974 and parameters: {'W_layers': 8, 'W_layer_units_exponent_0': 10, 'W_layer_units_exponent_1': 9, 'W_layer_units_exponent_2': 6, 'W_layer_units_exponent_3': 10, 'W_layer_units_exponent_4': 4, 'W_layer_units_exponent_5': 7, 'W_layer_units_exponent_6': 10, 'W_layer_units_exponent_7': 5, 'D_layers': 5, 'D_layer_units_exponent_0': 7, 'D_layer_units_exponent_1': 10, 'D_layer_units_exponent_2': 6, 'D_layer_units_exponent_3': 4, 'D_layer_units_exponent_4': 6, 'D_dagger_layers': 5, 'D_dagger_layer_units_exponent_0': 7, 'D_dagger_layer_units_exponent_1': 6, 'D_dagger_layer_units_exponent_2': 4, 'D_dagger_layer_units_exponent_3': 8, 'D_dagger_layer_units_exponent_4': 5, 'log_learning_rate': -4.473830775374605, 'log_learning_rate_D': -3.594800608798616, 'log_learning_rate_D_dagger': -3.8556130775781727, 'training_batch_size': 11, 'training_p': 4}. Best is trial 5 with value: 0.19881682097911835.
Time for this trial:  463.73887753486633
Memory status after this trial: 
Memory allocated:  1973.74169921875
Memory cached:  1998.0
--------------------  Trial  7   --------------------
Start timing: 
Parameters: 
{'W_layers': 3, 'W_layer_units_exponent_0': 8, 'W_layer_units_exponent_1': 9, 'W_layer_units_exponent_2': 4, 'D_layers': 8, 'D_layer_units_exponent_0': 9, 'D_layer_units_exponent_1': 7, 'D_layer_units_exponent_2': 5, 'D_layer_units_exponent_3': 5, 'D_layer_units_exponent_4': 8, 'D_layer_units_exponent_5': 10, 'D_layer_units_exponent_6': 6, 'D_layer_units_exponent_7': 9, 'D_dagger_layers': 6, 'D_dagger_layer_units_exponent_0': 7, 'D_dagger_layer_units_exponent_1': 7, 'D_dagger_layer_units_exponent_2': 5, 'D_dagger_layer_units_exponent_3': 5, 'D_dagger_layer_units_exponent_4': 9, 'D_dagger_layer_units_exponent_5': 6, 'log_learning_rate': -2.7158302410125437, 'log_learning_rate_D': -4.0715690982473935, 'log_learning_rate_D_dagger': -1.9165455707029593, 'training_batch_size': 10, 'training_p': 8}
	 epoch  0 training error:  tensor(0.9963, grad_fn=<ToCopyBackward0>)
Memory status after this epoch: 
Memory allocated:  788.77099609375
Memory cached:  1272.0
	 epoch  10 training error:  tensor(0.5090, grad_fn=<ToCopyBackward0>)
Memory status after this epoch: 
Memory allocated:  788.77099609375
Memory cached:  1432.0
	 epoch  20 training error:  tensor(0.5239, grad_fn=<ToCopyBackward0>)
Memory status after this epoch: 
Memory allocated:  788.77099609375
Memory cached:  1434.0
	 epoch  30 training error:  tensor(0.4029, grad_fn=<ToCopyBackward0>)
Memory status after this epoch: 
Memory allocated:  788.77099609375
Memory cached:  1432.0
	 epoch  40 training error:  tensor(0.4134, grad_fn=<ToCopyBackward0>)
Memory status after this epoch: 
Memory allocated:  788.77099609375
Memory cached:  1438.0
	 epoch  50 training error:  tensor(0.3891, grad_fn=<ToCopyBackward0>)
Memory status after this epoch: 
Memory allocated:  788.77099609375
Memory cached:  1438.0
	 epoch  60 training error:  tensor(0.4020, grad_fn=<ToCopyBackward0>)
Memory status after this epoch: 
Memory allocated:  788.77099609375
Memory cached:  1424.0
	 epoch  70 training error:  tensor(0.4016, grad_fn=<ToCopyBackward0>)
Memory status after this epoch: 
Memory allocated:  788.77099609375
Memory cached:  1440.0
	 epoch  80 training error:  tensor(0.3898, grad_fn=<ToCopyBackward0>)
Memory status after this epoch: 
Memory allocated:  788.77099609375
Memory cached:  1440.0
	 epoch  90 training error:  tensor(0.3958, grad_fn=<ToCopyBackward0>)
Memory status after this epoch: 
Memory allocated:  788.77099609375
Memory cached:  1434.0
[I 2024-03-01 08:35:28,239] Trial 7 finished with value: 0.22201107442378998 and parameters: {'W_layers': 3, 'W_layer_units_exponent_0': 8, 'W_layer_units_exponent_1': 9, 'W_layer_units_exponent_2': 4, 'D_layers': 8, 'D_layer_units_exponent_0': 9, 'D_layer_units_exponent_1': 7, 'D_layer_units_exponent_2': 5, 'D_layer_units_exponent_3': 5, 'D_layer_units_exponent_4': 8, 'D_layer_units_exponent_5': 10, 'D_layer_units_exponent_6': 6, 'D_layer_units_exponent_7': 9, 'D_dagger_layers': 6, 'D_dagger_layer_units_exponent_0': 7, 'D_dagger_layer_units_exponent_1': 7, 'D_dagger_layer_units_exponent_2': 5, 'D_dagger_layer_units_exponent_3': 5, 'D_dagger_layer_units_exponent_4': 9, 'D_dagger_layer_units_exponent_5': 6, 'log_learning_rate': -2.7158302410125437, 'log_learning_rate_D': -4.0715690982473935, 'log_learning_rate_D_dagger': -1.9165455707029593, 'training_batch_size': 10, 'training_p': 8}. Best is trial 5 with value: 0.19881682097911835.
Time for this trial:  473.483341217041
Memory status after this trial: 
Memory allocated:  1661.63330078125
Memory cached:  1690.0
--------------------  Trial  8   --------------------
Start timing: 
Parameters: 
{'W_layers': 3, 'W_layer_units_exponent_0': 5, 'W_layer_units_exponent_1': 8, 'W_layer_units_exponent_2': 8, 'D_layers': 6, 'D_layer_units_exponent_0': 9, 'D_layer_units_exponent_1': 9, 'D_layer_units_exponent_2': 5, 'D_layer_units_exponent_3': 9, 'D_layer_units_exponent_4': 9, 'D_layer_units_exponent_5': 8, 'D_dagger_layers': 7, 'D_dagger_layer_units_exponent_0': 6, 'D_dagger_layer_units_exponent_1': 10, 'D_dagger_layer_units_exponent_2': 10, 'D_dagger_layer_units_exponent_3': 5, 'D_dagger_layer_units_exponent_4': 6, 'D_dagger_layer_units_exponent_5': 9, 'D_dagger_layer_units_exponent_6': 4, 'log_learning_rate': -4.287580002656933, 'log_learning_rate_D': -1.2496795935609448, 'log_learning_rate_D_dagger': -4.0711929150854935, 'training_batch_size': 8, 'training_p': 3}
	 epoch  0 training error:  tensor(1.1943, grad_fn=<ToCopyBackward0>)
Memory status after this epoch: 
Memory allocated:  813.98681640625
Memory cached:  1224.0
	 epoch  10 training error:  tensor(0.6307, grad_fn=<ToCopyBackward0>)
Memory status after this epoch: 
Memory allocated:  813.98681640625
Memory cached:  1222.0
	 epoch  20 training error:  tensor(0.6307, grad_fn=<ToCopyBackward0>)
Memory status after this epoch: 
Memory allocated:  813.98681640625
Memory cached:  1222.0
	 epoch  30 training error:  tensor(0.6306, grad_fn=<ToCopyBackward0>)
Memory status after this epoch: 
Memory allocated:  813.98681640625
Memory cached:  1222.0
	 epoch  40 training error:  tensor(0.6305, grad_fn=<ToCopyBackward0>)
Memory status after this epoch: 
Memory allocated:  813.98681640625
Memory cached:  1216.0
	 epoch  50 training error:  tensor(0.6305, grad_fn=<ToCopyBackward0>)
Memory status after this epoch: 
Memory allocated:  813.98681640625
Memory cached:  1232.0
	 epoch  60 training error:  tensor(0.6305, grad_fn=<ToCopyBackward0>)
Memory status after this epoch: 
Memory allocated:  813.98681640625
Memory cached:  1228.0
	 epoch  70 training error:  tensor(0.6305, grad_fn=<ToCopyBackward0>)
Memory status after this epoch: 
Memory allocated:  813.98681640625
Memory cached:  1228.0
	 epoch  80 training error:  tensor(0.6305, grad_fn=<ToCopyBackward0>)
Memory status after this epoch: 
Memory allocated:  813.98681640625
Memory cached:  1228.0
	 epoch  90 training error:  tensor(0.6305, grad_fn=<ToCopyBackward0>)
Memory status after this epoch: 
Memory allocated:  813.98681640625
Memory cached:  1226.0
[I 2024-03-01 08:53:54,738] Trial 8 finished with value: 0.6089797019958496 and parameters: {'W_layers': 3, 'W_layer_units_exponent_0': 5, 'W_layer_units_exponent_1': 8, 'W_layer_units_exponent_2': 8, 'D_layers': 6, 'D_layer_units_exponent_0': 9, 'D_layer_units_exponent_1': 9, 'D_layer_units_exponent_2': 5, 'D_layer_units_exponent_3': 9, 'D_layer_units_exponent_4': 9, 'D_layer_units_exponent_5': 8, 'D_dagger_layers': 7, 'D_dagger_layer_units_exponent_0': 6, 'D_dagger_layer_units_exponent_1': 10, 'D_dagger_layer_units_exponent_2': 10, 'D_dagger_layer_units_exponent_3': 5, 'D_dagger_layer_units_exponent_4': 6, 'D_dagger_layer_units_exponent_5': 9, 'D_dagger_layer_units_exponent_6': 4, 'log_learning_rate': -4.287580002656933, 'log_learning_rate_D': -1.2496795935609448, 'log_learning_rate_D_dagger': -4.0711929150854935, 'training_batch_size': 8, 'training_p': 3}. Best is trial 5 with value: 0.19881682097911835.
Time for this trial:  1106.0067496299744
Memory status after this trial: 
Memory allocated:  1962.904296875
Memory cached:  1990.0
--------------------  Trial  9   --------------------
Start timing: 
Parameters: 
{'W_layers': 4, 'W_layer_units_exponent_0': 9, 'W_layer_units_exponent_1': 9, 'W_layer_units_exponent_2': 7, 'W_layer_units_exponent_3': 7, 'D_layers': 2, 'D_layer_units_exponent_0': 7, 'D_layer_units_exponent_1': 4, 'D_dagger_layers': 8, 'D_dagger_layer_units_exponent_0': 6, 'D_dagger_layer_units_exponent_1': 4, 'D_dagger_layer_units_exponent_2': 7, 'D_dagger_layer_units_exponent_3': 8, 'D_dagger_layer_units_exponent_4': 8, 'D_dagger_layer_units_exponent_5': 9, 'D_dagger_layer_units_exponent_6': 5, 'D_dagger_layer_units_exponent_7': 4, 'log_learning_rate': -2.872943474903245, 'log_learning_rate_D': -2.3958967990803157, 'log_learning_rate_D_dagger': -3.621852005690122, 'training_batch_size': 8, 'training_p': 8}
	 epoch  0 training error:  tensor(1.0635, grad_fn=<ToCopyBackward0>)
Memory status after this epoch: 
Memory allocated:  787.5068359375
Memory cached:  1152.0
	 epoch  10 training error:  tensor(0.4465, grad_fn=<ToCopyBackward0>)
Memory status after this epoch: 
Memory allocated:  787.5068359375
Memory cached:  1178.0
	 epoch  20 training error:  tensor(0.4041, grad_fn=<ToCopyBackward0>)
Memory status after this epoch: 
Memory allocated:  787.5068359375
Memory cached:  1180.0
	 epoch  30 training error:  tensor(0.3914, grad_fn=<ToCopyBackward0>)
Memory status after this epoch: 
Memory allocated:  787.5068359375
Memory cached:  1184.0
	 epoch  40 training error:  tensor(0.3863, grad_fn=<ToCopyBackward0>)
Memory status after this epoch: 
Memory allocated:  787.5068359375
Memory cached:  1190.0
	 epoch  50 training error:  tensor(0.3776, grad_fn=<ToCopyBackward0>)
Memory status after this epoch: 
Memory allocated:  787.5068359375
Memory cached:  1184.0
	 epoch  60 training error:  tensor(0.3716, grad_fn=<ToCopyBackward0>)
Memory status after this epoch: 
Memory allocated:  787.5068359375
Memory cached:  1178.0
	 epoch  70 training error:  tensor(0.3555, grad_fn=<ToCopyBackward0>)
Memory status after this epoch: 
Memory allocated:  787.5068359375
Memory cached:  1182.0
	 epoch  80 training error:  tensor(0.3492, grad_fn=<ToCopyBackward0>)
Memory status after this epoch: 
Memory allocated:  787.5068359375
Memory cached:  1190.0
	 epoch  90 training error:  tensor(0.3467, grad_fn=<ToCopyBackward0>)
Memory status after this epoch: 
Memory allocated:  787.5068359375
Memory cached:  1176.0
[I 2024-03-01 09:09:56,813] Trial 9 finished with value: 0.20622122287750244 and parameters: {'W_layers': 4, 'W_layer_units_exponent_0': 9, 'W_layer_units_exponent_1': 9, 'W_layer_units_exponent_2': 7, 'W_layer_units_exponent_3': 7, 'D_layers': 2, 'D_layer_units_exponent_0': 7, 'D_layer_units_exponent_1': 4, 'D_dagger_layers': 8, 'D_dagger_layer_units_exponent_0': 6, 'D_dagger_layer_units_exponent_1': 4, 'D_dagger_layer_units_exponent_2': 7, 'D_dagger_layer_units_exponent_3': 8, 'D_dagger_layer_units_exponent_4': 8, 'D_dagger_layer_units_exponent_5': 9, 'D_dagger_layer_units_exponent_6': 5, 'D_dagger_layer_units_exponent_7': 4, 'log_learning_rate': -2.872943474903245, 'log_learning_rate_D': -2.3958967990803157, 'log_learning_rate_D_dagger': -3.621852005690122, 'training_batch_size': 8, 'training_p': 8}. Best is trial 5 with value: 0.19881682097911835.
Time for this trial:  961.5814335346222
Memory status after this trial: 
Memory allocated:  1351.48779296875
Memory cached:  1378.0
--------------------  Trial  10   --------------------
Start timing: 
Parameters: 
{'W_layers': 6, 'W_layer_units_exponent_0': 10, 'W_layer_units_exponent_1': 4, 'W_layer_units_exponent_2': 8, 'W_layer_units_exponent_3': 4, 'W_layer_units_exponent_4': 10, 'W_layer_units_exponent_5': 10, 'D_layers': 8, 'D_layer_units_exponent_0': 4, 'D_layer_units_exponent_1': 8, 'D_layer_units_exponent_2': 9, 'D_layer_units_exponent_3': 7, 'D_layer_units_exponent_4': 4, 'D_layer_units_exponent_5': 4, 'D_layer_units_exponent_6': 6, 'D_layer_units_exponent_7': 4, 'D_dagger_layers': 2, 'D_dagger_layer_units_exponent_0': 4, 'D_dagger_layer_units_exponent_1': 8, 'log_learning_rate': -4.787981079750564, 'log_learning_rate_D': -2.7490072012995754, 'log_learning_rate_D_dagger': -2.6262685479195746, 'training_batch_size': 6, 'training_p': 6}
	 epoch  0 training error:  tensor(0.6804, grad_fn=<ToCopyBackward0>)
Memory status after this epoch: 
Memory allocated:  801.39306640625
Memory cached:  1242.0
	 epoch  10 training error:  tensor(0.3495, grad_fn=<ToCopyBackward0>)
Memory status after this epoch: 
Memory allocated:  801.39306640625
Memory cached:  1242.0
	 epoch  20 training error:  tensor(0.3269, grad_fn=<ToCopyBackward0>)
Memory status after this epoch: 
Memory allocated:  801.39306640625
Memory cached:  1240.0
	 epoch  30 training error:  tensor(0.3258, grad_fn=<ToCopyBackward0>)
Memory status after this epoch: 
Memory allocated:  801.39306640625
Memory cached:  1240.0
	 epoch  40 training error:  tensor(0.3098, grad_fn=<ToCopyBackward0>)
Memory status after this epoch: 
Memory allocated:  801.39306640625
Memory cached:  1240.0
	 epoch  50 training error:  tensor(0.3026, grad_fn=<ToCopyBackward0>)
Memory status after this epoch: 
Memory allocated:  801.39306640625
Memory cached:  1240.0
	 epoch  60 training error:  tensor(0.2804, grad_fn=<ToCopyBackward0>)
Memory status after this epoch: 
Memory allocated:  801.39306640625
Memory cached:  1240.0
	 epoch  70 training error:  tensor(0.2524, grad_fn=<ToCopyBackward0>)
Memory status after this epoch: 
Memory allocated:  801.39306640625
Memory cached:  1240.0
	 epoch  80 training error:  tensor(0.2424, grad_fn=<ToCopyBackward0>)
Memory status after this epoch: 
Memory allocated:  801.39306640625
Memory cached:  1240.0
	 epoch  90 training error:  tensor(0.2308, grad_fn=<ToCopyBackward0>)
Memory status after this epoch: 
Memory allocated:  801.39306640625
Memory cached:  1240.0
[I 2024-03-01 10:07:05,573] Trial 10 finished with value: 0.15435023605823517 and parameters: {'W_layers': 6, 'W_layer_units_exponent_0': 10, 'W_layer_units_exponent_1': 4, 'W_layer_units_exponent_2': 8, 'W_layer_units_exponent_3': 4, 'W_layer_units_exponent_4': 10, 'W_layer_units_exponent_5': 10, 'D_layers': 8, 'D_layer_units_exponent_0': 4, 'D_layer_units_exponent_1': 8, 'D_layer_units_exponent_2': 9, 'D_layer_units_exponent_3': 7, 'D_layer_units_exponent_4': 4, 'D_layer_units_exponent_5': 4, 'D_layer_units_exponent_6': 6, 'D_layer_units_exponent_7': 4, 'D_dagger_layers': 2, 'D_dagger_layer_units_exponent_0': 4, 'D_dagger_layer_units_exponent_1': 8, 'log_learning_rate': -4.787981079750564, 'log_learning_rate_D': -2.7490072012995754, 'log_learning_rate_D_dagger': -2.6262685479195746, 'training_batch_size': 6, 'training_p': 6}. Best is trial 10 with value: 0.15435023605823517.
res:  tensor(0.1544, grad_fn=<ToCopyBackward0>)
self.bestValue:  tensor(0.1988, grad_fn=<ToCopyBackward0>)
Save this model!
Time for this trial:  3427.7361567020416
Memory status after this trial: 
Memory allocated:  975.60693359375
Memory cached:  1478.0
--------------------  Trial  11   --------------------
Start timing: 
Parameters: 
{'W_layers': 6, 'W_layer_units_exponent_0': 10, 'W_layer_units_exponent_1': 4, 'W_layer_units_exponent_2': 8, 'W_layer_units_exponent_3': 4, 'W_layer_units_exponent_4': 10, 'W_layer_units_exponent_5': 10, 'D_layers': 8, 'D_layer_units_exponent_0': 4, 'D_layer_units_exponent_1': 8, 'D_layer_units_exponent_2': 9, 'D_layer_units_exponent_3': 7, 'D_layer_units_exponent_4': 4, 'D_layer_units_exponent_5': 4, 'D_layer_units_exponent_6': 6, 'D_layer_units_exponent_7': 4, 'D_dagger_layers': 2, 'D_dagger_layer_units_exponent_0': 4, 'D_dagger_layer_units_exponent_1': 8, 'log_learning_rate': -4.975219313014927, 'log_learning_rate_D': -2.7897243212031446, 'log_learning_rate_D_dagger': -2.8617234705627963, 'training_batch_size': 6, 'training_p': 6}
	 epoch  0 training error:  tensor(0.8156, grad_fn=<ToCopyBackward0>)
Memory status after this epoch: 
Memory allocated:  1000.736328125
Memory cached:  1482.0
	 epoch  10 training error:  tensor(0.3252, grad_fn=<ToCopyBackward0>)
Memory status after this epoch: 
Memory allocated:  1000.736328125
Memory cached:  1482.0
	 epoch  20 training error:  tensor(0.3157, grad_fn=<ToCopyBackward0>)
Memory status after this epoch: 
Memory allocated:  1000.736328125
Memory cached:  1482.0
	 epoch  30 training error:  tensor(0.3139, grad_fn=<ToCopyBackward0>)
Memory status after this epoch: 
Memory allocated:  1000.736328125
Memory cached:  1482.0
	 epoch  40 training error:  tensor(0.3014, grad_fn=<ToCopyBackward0>)
Memory status after this epoch: 
Memory allocated:  1000.736328125
Memory cached:  1482.0
	 epoch  50 training error:  tensor(0.2489, grad_fn=<ToCopyBackward0>)
Memory status after this epoch: 
Memory allocated:  1000.736328125
Memory cached:  1482.0
	 epoch  60 training error:  tensor(0.2208, grad_fn=<ToCopyBackward0>)
Memory status after this epoch: 
Memory allocated:  1000.736328125
Memory cached:  1482.0
	 epoch  70 training error:  tensor(0.1927, grad_fn=<ToCopyBackward0>)
Memory status after this epoch: 
Memory allocated:  1000.736328125
Memory cached:  1482.0
	 epoch  80 training error:  tensor(0.1879, grad_fn=<ToCopyBackward0>)
Memory status after this epoch: 
Memory allocated:  1000.736328125
Memory cached:  1482.0
	 epoch  90 training error:  tensor(0.1756, grad_fn=<ToCopyBackward0>)
Memory status after this epoch: 
Memory allocated:  1000.736328125
Memory cached:  1482.0
