[I 2023-12-03 08:51:53,256] Trial 30 finished with value: 0.24506211280822754 and parameters: {'W_layers': 4, 'W_layer_units_exponent_0': 7, 'W_layer_units_exponent_1': 9, 'W_layer_units_exponent_2': 7, 'W_layer_units_exponent_3': 6, 'D_layers': 4, 'D_layer_units_exponent_0': 7, 'D_layer_units_exponent_1': 7, 'D_layer_units_exponent_2': 7, 'D_layer_units_exponent_3': 5, 'D_dagger_layers': 4, 'D_dagger_layer_units_exponent_0': 9, 'D_dagger_layer_units_exponent_1': 6, 'D_dagger_layer_units_exponent_2': 7, 'D_dagger_layer_units_exponent_3': 9, 'log_learning_rate': -1.3532681451510993, 'log_learning_rate_D': -4.07280632222515, 'log_learning_rate_D_dagger': -4.772131768672933, 'training_batch_size': 11, 'training_p': 8}. Best is trial 12 with value: 0.04295838996767998.
Time for this trial:  166.41150903701782
Memory status after this trial: 
Memory allocated:  274.99560546875
Memory cached:  312.0
--------------------  Trial  31   --------------------
Start timing: 
Parameters: 
{'W_layers': 8, 'W_layer_units_exponent_0': 8, 'W_layer_units_exponent_1': 8, 'W_layer_units_exponent_2': 8, 'W_layer_units_exponent_3': 7, 'W_layer_units_exponent_4': 5, 'W_layer_units_exponent_5': 8, 'W_layer_units_exponent_6': 4, 'W_layer_units_exponent_7': 7, 'D_layers': 4, 'D_layer_units_exponent_0': 8, 'D_layer_units_exponent_1': 4, 'D_layer_units_exponent_2': 5, 'D_layer_units_exponent_3': 9, 'D_dagger_layers': 2, 'D_dagger_layer_units_exponent_0': 7, 'D_dagger_layer_units_exponent_1': 4, 'log_learning_rate': -2.9078068979347917, 'log_learning_rate_D': -3.6766087663723646, 'log_learning_rate_D_dagger': -1.840684947403698, 'training_batch_size': 9, 'training_p': 6}
	 epoch  0 training error:  tensor(0.9941, device='cuda:0', grad_fn=<DivBackward0>)
Memory status after this epoch: 
Memory allocated:  148.8857421875
Memory cached:  304.0
	 epoch  10 training error:  tensor(0.5012, device='cuda:0', grad_fn=<DivBackward0>)
Memory status after this epoch: 
Memory allocated:  148.8857421875
Memory cached:  354.0
	 epoch  20 training error:  tensor(0.2028, device='cuda:0', grad_fn=<DivBackward0>)
Memory status after this epoch: 
Memory allocated:  148.8857421875
Memory cached:  354.0
	 epoch  30 training error:  tensor(0.1228, device='cuda:0', grad_fn=<DivBackward0>)
Memory status after this epoch: 
Memory allocated:  148.8857421875
Memory cached:  350.0
	 epoch  40 training error:  tensor(0.0771, device='cuda:0', grad_fn=<DivBackward0>)
Memory status after this epoch: 
Memory allocated:  148.8857421875
Memory cached:  340.0
	 epoch  50 training error:  tensor(0.0697, device='cuda:0', grad_fn=<DivBackward0>)
Memory status after this epoch: 
Memory allocated:  148.8857421875
Memory cached:  356.0
	 epoch  60 training error:  tensor(0.0669, device='cuda:0', grad_fn=<DivBackward0>)
Memory status after this epoch: 
Memory allocated:  148.8857421875
Memory cached:  348.0
	 epoch  70 training error:  tensor(0.0651, device='cuda:0', grad_fn=<DivBackward0>)
Memory status after this epoch: 
Memory allocated:  148.8857421875
Memory cached:  352.0
	 epoch  80 training error:  tensor(0.0628, device='cuda:0', grad_fn=<DivBackward0>)
Memory status after this epoch: 
Memory allocated:  148.8857421875
Memory cached:  340.0
	 epoch  90 training error:  tensor(0.0604, device='cuda:0', grad_fn=<DivBackward0>)
Memory status after this epoch: 
Memory allocated:  148.8857421875
Memory cached:  342.0
[I 2023-12-03 08:54:53,662] Trial 31 finished with value: 0.049539610743522644 and parameters: {'W_layers': 8, 'W_layer_units_exponent_0': 8, 'W_layer_units_exponent_1': 8, 'W_layer_units_exponent_2': 8, 'W_layer_units_exponent_3': 7, 'W_layer_units_exponent_4': 5, 'W_layer_units_exponent_5': 8, 'W_layer_units_exponent_6': 4, 'W_layer_units_exponent_7': 7, 'D_layers': 4, 'D_layer_units_exponent_0': 8, 'D_layer_units_exponent_1': 4, 'D_layer_units_exponent_2': 5, 'D_layer_units_exponent_3': 9, 'D_dagger_layers': 2, 'D_dagger_layer_units_exponent_0': 7, 'D_dagger_layer_units_exponent_1': 4, 'log_learning_rate': -2.9078068979347917, 'log_learning_rate_D': -3.6766087663723646, 'log_learning_rate_D_dagger': -1.840684947403698, 'training_batch_size': 9, 'training_p': 6}. Best is trial 12 with value: 0.04295838996767998.
Time for this trial:  180.12873220443726
Memory status after this trial: 
Memory allocated:  264.93310546875
Memory cached:  322.0
--------------------  Trial  32   --------------------
Start timing: 
Parameters: 
{'W_layers': 8, 'W_layer_units_exponent_0': 8, 'W_layer_units_exponent_1': 8, 'W_layer_units_exponent_2': 8, 'W_layer_units_exponent_3': 9, 'W_layer_units_exponent_4': 5, 'W_layer_units_exponent_5': 8, 'W_layer_units_exponent_6': 4, 'W_layer_units_exponent_7': 6, 'D_layers': 4, 'D_layer_units_exponent_0': 8, 'D_layer_units_exponent_1': 5, 'D_layer_units_exponent_2': 5, 'D_layer_units_exponent_3': 9, 'D_dagger_layers': 2, 'D_dagger_layer_units_exponent_0': 6, 'D_dagger_layer_units_exponent_1': 4, 'log_learning_rate': -2.8227857689990543, 'log_learning_rate_D': -4.417249300270488, 'log_learning_rate_D_dagger': -2.9461646519098754, 'training_batch_size': 8, 'training_p': 6}
	 epoch  0 training error:  tensor(1.5063, device='cuda:0', grad_fn=<DivBackward0>)
Memory status after this epoch: 
Memory allocated:  150.6103515625
Memory cached:  302.0
	 epoch  10 training error:  tensor(0.5964, device='cuda:0', grad_fn=<DivBackward0>)
Memory status after this epoch: 
Memory allocated:  150.6103515625
Memory cached:  344.0
	 epoch  20 training error:  tensor(0.2489, device='cuda:0', grad_fn=<DivBackward0>)
Memory status after this epoch: 
Memory allocated:  150.6103515625
Memory cached:  338.0
	 epoch  30 training error:  tensor(0.2565, device='cuda:0', grad_fn=<DivBackward0>)
Memory status after this epoch: 
Memory allocated:  150.6103515625
Memory cached:  352.0
	 epoch  40 training error:  tensor(0.1870, device='cuda:0', grad_fn=<DivBackward0>)
Memory status after this epoch: 
Memory allocated:  150.6103515625
Memory cached:  336.0
	 epoch  50 training error:  tensor(0.1334, device='cuda:0', grad_fn=<DivBackward0>)
Memory status after this epoch: 
Memory allocated:  150.6103515625
Memory cached:  344.0
	 epoch  60 training error:  tensor(0.1046, device='cuda:0', grad_fn=<DivBackward0>)
Memory status after this epoch: 
Memory allocated:  150.6103515625
Memory cached:  338.0
	 epoch  70 training error:  tensor(0.0929, device='cuda:0', grad_fn=<DivBackward0>)
Memory status after this epoch: 
Memory allocated:  150.6103515625
Memory cached:  340.0
	 epoch  80 training error:  tensor(0.0822, device='cuda:0', grad_fn=<DivBackward0>)
Memory status after this epoch: 
Memory allocated:  150.6103515625
Memory cached:  342.0
	 epoch  90 training error:  tensor(0.0706, device='cuda:0', grad_fn=<DivBackward0>)
Memory status after this epoch: 
Memory allocated:  150.6103515625
Memory cached:  342.0
[I 2023-12-03 08:57:58,119] Trial 32 finished with value: 0.0551527738571167 and parameters: {'W_layers': 8, 'W_layer_units_exponent_0': 8, 'W_layer_units_exponent_1': 8, 'W_layer_units_exponent_2': 8, 'W_layer_units_exponent_3': 9, 'W_layer_units_exponent_4': 5, 'W_layer_units_exponent_5': 8, 'W_layer_units_exponent_6': 4, 'W_layer_units_exponent_7': 6, 'D_layers': 4, 'D_layer_units_exponent_0': 8, 'D_layer_units_exponent_1': 5, 'D_layer_units_exponent_2': 5, 'D_layer_units_exponent_3': 9, 'D_dagger_layers': 2, 'D_dagger_layer_units_exponent_0': 6, 'D_dagger_layer_units_exponent_1': 4, 'log_learning_rate': -2.8227857689990543, 'log_learning_rate_D': -4.417249300270488, 'log_learning_rate_D_dagger': -2.9461646519098754, 'training_batch_size': 8, 'training_p': 6}. Best is trial 12 with value: 0.04295838996767998.
Time for this trial:  184.18546271324158
Memory status after this trial: 
Memory allocated:  280.63232421875
Memory cached:  314.0
--------------------  Trial  33   --------------------
Start timing: 
Parameters: 
{'W_layers': 7, 'W_layer_units_exponent_0': 7, 'W_layer_units_exponent_1': 8, 'W_layer_units_exponent_2': 7, 'W_layer_units_exponent_3': 7, 'W_layer_units_exponent_4': 5, 'W_layer_units_exponent_5': 9, 'W_layer_units_exponent_6': 5, 'D_layers': 3, 'D_layer_units_exponent_0': 9, 'D_layer_units_exponent_1': 4, 'D_layer_units_exponent_2': 4, 'D_dagger_layers': 2, 'D_dagger_layer_units_exponent_0': 7, 'D_dagger_layer_units_exponent_1': 4, 'log_learning_rate': -3.061732992037204, 'log_learning_rate_D': -3.9227271641897277, 'log_learning_rate_D_dagger': -2.5697009496515197, 'training_batch_size': 9, 'training_p': 7}
	 epoch  0 training error:  tensor(0.5014, device='cuda:0', grad_fn=<DivBackward0>)
Memory status after this epoch: 
Memory allocated:  147.7431640625
Memory cached:  300.0
	 epoch  10 training error:  tensor(0.2601, device='cuda:0', grad_fn=<DivBackward0>)
Memory status after this epoch: 
Memory allocated:  147.7431640625
Memory cached:  322.0
	 epoch  20 training error:  tensor(0.1470, device='cuda:0', grad_fn=<DivBackward0>)
Memory status after this epoch: 
Memory allocated:  147.7431640625
Memory cached:  326.0
	 epoch  30 training error:  tensor(0.0851, device='cuda:0', grad_fn=<DivBackward0>)
Memory status after this epoch: 
Memory allocated:  147.7431640625
Memory cached:  314.0
	 epoch  40 training error:  tensor(0.1055, device='cuda:0', grad_fn=<DivBackward0>)
Memory status after this epoch: 
Memory allocated:  147.7431640625
Memory cached:  330.0
	 epoch  50 training error:  tensor(0.0959, device='cuda:0', grad_fn=<DivBackward0>)
Memory status after this epoch: 
Memory allocated:  147.7431640625
Memory cached:  324.0
	 epoch  60 training error:  tensor(0.0802, device='cuda:0', grad_fn=<DivBackward0>)
Memory status after this epoch: 
Memory allocated:  147.7431640625
Memory cached:  316.0
	 epoch  70 training error:  tensor(0.0684, device='cuda:0', grad_fn=<DivBackward0>)
Memory status after this epoch: 
Memory allocated:  147.7431640625
Memory cached:  322.0
	 epoch  80 training error:  tensor(0.0611, device='cuda:0', grad_fn=<DivBackward0>)
Memory status after this epoch: 
Memory allocated:  147.7431640625
Memory cached:  332.0
	 epoch  90 training error:  tensor(0.0581, device='cuda:0', grad_fn=<DivBackward0>)
Memory status after this epoch: 
Memory allocated:  147.7431640625
Memory cached:  324.0
[I 2023-12-03 09:00:41,737] Trial 33 finished with value: 0.0466877706348896 and parameters: {'W_layers': 7, 'W_layer_units_exponent_0': 7, 'W_layer_units_exponent_1': 8, 'W_layer_units_exponent_2': 7, 'W_layer_units_exponent_3': 7, 'W_layer_units_exponent_4': 5, 'W_layer_units_exponent_5': 9, 'W_layer_units_exponent_6': 5, 'D_layers': 3, 'D_layer_units_exponent_0': 9, 'D_layer_units_exponent_1': 4, 'D_layer_units_exponent_2': 4, 'D_dagger_layers': 2, 'D_dagger_layer_units_exponent_0': 7, 'D_dagger_layer_units_exponent_1': 4, 'log_learning_rate': -3.061732992037204, 'log_learning_rate_D': -3.9227271641897277, 'log_learning_rate_D_dagger': -2.5697009496515197, 'training_batch_size': 9, 'training_p': 7}. Best is trial 12 with value: 0.04295838996767998.
Time for this trial:  163.3603630065918
Memory status after this trial: 
Memory allocated:  248.4521484375
Memory cached:  306.0
--------------------  Trial  34   --------------------
Start timing: 
Parameters: 
{'W_layers': 7, 'W_layer_units_exponent_0': 9, 'W_layer_units_exponent_1': 7, 'W_layer_units_exponent_2': 6, 'W_layer_units_exponent_3': 6, 'W_layer_units_exponent_4': 4, 'W_layer_units_exponent_5': 7, 'W_layer_units_exponent_6': 5, 'D_layers': 5, 'D_layer_units_exponent_0': 6, 'D_layer_units_exponent_1': 6, 'D_layer_units_exponent_2': 5, 'D_layer_units_exponent_3': 10, 'D_layer_units_exponent_4': 6, 'D_dagger_layers': 3, 'D_dagger_layer_units_exponent_0': 7, 'D_dagger_layer_units_exponent_1': 5, 'D_dagger_layer_units_exponent_2': 6, 'log_learning_rate': -1.969264599176964, 'log_learning_rate_D': -4.22422352874196, 'log_learning_rate_D_dagger': -1.7045511516117064, 'training_batch_size': 7, 'training_p': 6}
	 epoch  0 training error:  tensor(0.9573, device='cuda:0', grad_fn=<DivBackward0>)
Memory status after this epoch: 
Memory allocated:  148.7177734375
Memory cached:  298.0
	 epoch  10 training error:  tensor(0.5919, device='cuda:0', grad_fn=<DivBackward0>)
Memory status after this epoch: 
Memory allocated:  148.7177734375
Memory cached:  346.0
	 epoch  20 training error:  tensor(0.2255, device='cuda:0', grad_fn=<DivBackward0>)
Memory status after this epoch: 
Memory allocated:  148.7177734375
Memory cached:  344.0
	 epoch  30 training error:  tensor(0.1072, device='cuda:0', grad_fn=<DivBackward0>)
Memory status after this epoch: 
Memory allocated:  148.7177734375
Memory cached:  342.0
	 epoch  40 training error:  tensor(0.1746, device='cuda:0', grad_fn=<DivBackward0>)
Memory status after this epoch: 
Memory allocated:  148.7177734375
Memory cached:  344.0
	 epoch  50 training error:  tensor(0.1200, device='cuda:0', grad_fn=<DivBackward0>)
Memory status after this epoch: 
Memory allocated:  148.7177734375
Memory cached:  350.0
	 epoch  60 training error:  tensor(0.0865, device='cuda:0', grad_fn=<DivBackward0>)
Memory status after this epoch: 
Memory allocated:  148.7177734375
Memory cached:  344.0
	 epoch  70 training error:  tensor(0.0815, device='cuda:0', grad_fn=<DivBackward0>)
Memory status after this epoch: 
Memory allocated:  148.7177734375
Memory cached:  344.0
	 epoch  80 training error:  tensor(0.0733, device='cuda:0', grad_fn=<DivBackward0>)
Memory status after this epoch: 
Memory allocated:  148.7177734375
Memory cached:  348.0
	 epoch  90 training error:  tensor(0.0720, device='cuda:0', grad_fn=<DivBackward0>)
Memory status after this epoch: 
Memory allocated:  148.7177734375
Memory cached:  350.0
[I 2023-12-03 09:03:48,089] Trial 34 finished with value: 0.056968897581100464 and parameters: {'W_layers': 7, 'W_layer_units_exponent_0': 9, 'W_layer_units_exponent_1': 7, 'W_layer_units_exponent_2': 6, 'W_layer_units_exponent_3': 6, 'W_layer_units_exponent_4': 4, 'W_layer_units_exponent_5': 7, 'W_layer_units_exponent_6': 5, 'D_layers': 5, 'D_layer_units_exponent_0': 6, 'D_layer_units_exponent_1': 6, 'D_layer_units_exponent_2': 5, 'D_layer_units_exponent_3': 10, 'D_layer_units_exponent_4': 6, 'D_dagger_layers': 3, 'D_dagger_layer_units_exponent_0': 7, 'D_dagger_layer_units_exponent_1': 5, 'D_dagger_layer_units_exponent_2': 6, 'log_learning_rate': -1.969264599176964, 'log_learning_rate_D': -4.22422352874196, 'log_learning_rate_D_dagger': -1.7045511516117064, 'training_batch_size': 7, 'training_p': 6}. Best is trial 12 with value: 0.04295838996767998.
Time for this trial:  186.0071074962616
Memory status after this trial: 
Memory allocated:  274.888671875
Memory cached:  324.0
--------------------  Trial  35   --------------------
Start timing: 
Parameters: 
{'W_layers': 8, 'W_layer_units_exponent_0': 6, 'W_layer_units_exponent_1': 9, 'W_layer_units_exponent_2': 8, 'W_layer_units_exponent_3': 5, 'W_layer_units_exponent_4': 7, 'W_layer_units_exponent_5': 8, 'W_layer_units_exponent_6': 6, 'W_layer_units_exponent_7': 5, 'D_layers': 5, 'D_layer_units_exponent_0': 7, 'D_layer_units_exponent_1': 7, 'D_layer_units_exponent_2': 4, 'D_layer_units_exponent_3': 8, 'D_layer_units_exponent_4': 8, 'D_dagger_layers': 2, 'D_dagger_layer_units_exponent_0': 5, 'D_dagger_layer_units_exponent_1': 4, 'log_learning_rate': -2.298008868270943, 'log_learning_rate_D': -3.6200693482835864, 'log_learning_rate_D_dagger': -2.29155991822547, 'training_batch_size': 10, 'training_p': 5}
	 epoch  0 training error:  tensor(0.7679, device='cuda:0', grad_fn=<DivBackward0>)
Memory status after this epoch: 
Memory allocated:  150.5400390625
Memory cached:  298.0
	 epoch  10 training error:  tensor(0.2776, device='cuda:0', grad_fn=<DivBackward0>)
Memory status after this epoch: 
Memory allocated:  150.5400390625
Memory cached:  344.0
	 epoch  20 training error:  tensor(0.2032, device='cuda:0', grad_fn=<DivBackward0>)
Memory status after this epoch: 
Memory allocated:  150.5400390625
Memory cached:  348.0
	 epoch  30 training error:  tensor(0.0689, device='cuda:0', grad_fn=<DivBackward0>)
Memory status after this epoch: 
Memory allocated:  150.5400390625
Memory cached:  352.0
	 epoch  40 training error:  tensor(0.0804, device='cuda:0', grad_fn=<DivBackward0>)
Memory status after this epoch: 
Memory allocated:  150.5400390625
Memory cached:  338.0
	 epoch  50 training error:  tensor(0.0653, device='cuda:0', grad_fn=<DivBackward0>)
Memory status after this epoch: 
Memory allocated:  150.5400390625
Memory cached:  338.0
	 epoch  60 training error:  tensor(0.0570, device='cuda:0', grad_fn=<DivBackward0>)
Memory status after this epoch: 
Memory allocated:  150.5400390625
Memory cached:  340.0
	 epoch  70 training error:  tensor(0.0513, device='cuda:0', grad_fn=<DivBackward0>)
Memory status after this epoch: 
Memory allocated:  150.5400390625
Memory cached:  340.0
	 epoch  80 training error:  tensor(0.0498, device='cuda:0', grad_fn=<DivBackward0>)
Memory status after this epoch: 
Memory allocated:  150.5400390625
Memory cached:  344.0
	 epoch  90 training error:  tensor(0.0479, device='cuda:0', grad_fn=<DivBackward0>)
Memory status after this epoch: 
Memory allocated:  150.5400390625
Memory cached:  346.0
[I 2023-12-03 09:06:54,807] Trial 35 finished with value: 0.043904487043619156 and parameters: {'W_layers': 8, 'W_layer_units_exponent_0': 6, 'W_layer_units_exponent_1': 9, 'W_layer_units_exponent_2': 8, 'W_layer_units_exponent_3': 5, 'W_layer_units_exponent_4': 7, 'W_layer_units_exponent_5': 8, 'W_layer_units_exponent_6': 6, 'W_layer_units_exponent_7': 5, 'D_layers': 5, 'D_layer_units_exponent_0': 7, 'D_layer_units_exponent_1': 7, 'D_layer_units_exponent_2': 4, 'D_layer_units_exponent_3': 8, 'D_layer_units_exponent_4': 8, 'D_dagger_layers': 2, 'D_dagger_layer_units_exponent_0': 5, 'D_dagger_layer_units_exponent_1': 4, 'log_learning_rate': -2.298008868270943, 'log_learning_rate_D': -3.6200693482835864, 'log_learning_rate_D_dagger': -2.29155991822547, 'training_batch_size': 10, 'training_p': 5}. Best is trial 12 with value: 0.04295838996767998.
Time for this trial:  186.4302728176117
Memory status after this trial: 
Memory allocated:  262.291015625
Memory cached:  318.0
--------------------  Trial  36   --------------------
Start timing: 
Parameters: 
{'W_layers': 6, 'W_layer_units_exponent_0': 5, 'W_layer_units_exponent_1': 10, 'W_layer_units_exponent_2': 9, 'W_layer_units_exponent_3': 5, 'W_layer_units_exponent_4': 7, 'W_layer_units_exponent_5': 10, 'D_layers': 5, 'D_layer_units_exponent_0': 5, 'D_layer_units_exponent_1': 7, 'D_layer_units_exponent_2': 4, 'D_layer_units_exponent_3': 7, 'D_layer_units_exponent_4': 8, 'D_dagger_layers': 4, 'D_dagger_layer_units_exponent_0': 5, 'D_dagger_layer_units_exponent_1': 4, 'D_dagger_layer_units_exponent_2': 8, 'D_dagger_layer_units_exponent_3': 7, 'log_learning_rate': -2.2871529886108624, 'log_learning_rate_D': -3.549859055164967, 'log_learning_rate_D_dagger': -2.28134992444762, 'training_batch_size': 10, 'training_p': 5}
	 epoch  0 training error:  tensor(0.8984, device='cuda:0', grad_fn=<DivBackward0>)
Memory status after this epoch: 
Memory allocated:  157.7529296875
Memory cached:  320.0
	 epoch  10 training error:  tensor(0.3346, device='cuda:0', grad_fn=<DivBackward0>)
Memory status after this epoch: 
Memory allocated:  157.7529296875
Memory cached:  358.0
	 epoch  20 training error:  tensor(0.3066, device='cuda:0', grad_fn=<DivBackward0>)
Memory status after this epoch: 
Memory allocated:  157.7529296875
Memory cached:  350.0
	 epoch  30 training error:  tensor(0.2960, device='cuda:0', grad_fn=<DivBackward0>)
Memory status after this epoch: 
Memory allocated:  157.7529296875
Memory cached:  352.0
	 epoch  40 training error:  tensor(0.1000, device='cuda:0', grad_fn=<DivBackward0>)
Memory status after this epoch: 
Memory allocated:  157.7529296875
Memory cached:  350.0
	 epoch  50 training error:  tensor(0.0889, device='cuda:0', grad_fn=<DivBackward0>)
Memory status after this epoch: 
Memory allocated:  157.7529296875
Memory cached:  364.0
	 epoch  60 training error:  tensor(0.0898, device='cuda:0', grad_fn=<DivBackward0>)
Memory status after this epoch: 
Memory allocated:  157.7529296875
Memory cached:  360.0
	 epoch  70 training error:  tensor(0.0586, device='cuda:0', grad_fn=<DivBackward0>)
Memory status after this epoch: 
Memory allocated:  157.7529296875
Memory cached:  362.0
	 epoch  80 training error:  tensor(0.0585, device='cuda:0', grad_fn=<DivBackward0>)
Memory status after this epoch: 
Memory allocated:  157.7529296875
Memory cached:  356.0
	 epoch  90 training error:  tensor(0.0725, device='cuda:0', grad_fn=<DivBackward0>)
Memory status after this epoch: 
Memory allocated:  157.7529296875
Memory cached:  360.0
