[I 2023-12-05 02:06:58,419] Trial 98 finished with value: 0.12472527474164963 and parameters: {'W_layers': 4, 'W_layer_units_exponent_0': 10, 'W_layer_units_exponent_1': 5, 'W_layer_units_exponent_2': 4, 'W_layer_units_exponent_3': 7, 'D_layers': 4, 'D_layer_units_exponent_0': 7, 'D_layer_units_exponent_1': 8, 'D_layer_units_exponent_2': 9, 'D_layer_units_exponent_3': 8, 'log_learning_rate': -2.6435007392076666, 'log_learning_rate_D': -2.653050833706388, 'training_batch_size': 10, 'training_p': 2}. Best is trial 33 with value: 0.05789090320467949.
Time for this trial:  42.51263070106506
Memory status after this trial: 
Memory allocated:  114.6943359375
Memory cached:  118.0
--------------------  Trial  99   --------------------
Start timing: 
Parameters: 
{'W_layers': 4, 'W_layer_units_exponent_0': 9, 'W_layer_units_exponent_1': 5, 'W_layer_units_exponent_2': 6, 'W_layer_units_exponent_3': 6, 'D_layers': 3, 'D_layer_units_exponent_0': 8, 'D_layer_units_exponent_1': 8, 'D_layer_units_exponent_2': 10, 'log_learning_rate': -2.735108999941804, 'log_learning_rate_D': -2.811119084998996, 'training_batch_size': 11, 'training_p': 2}
	 epoch  0 training error:  tensor(0.9551, device='cuda:0', grad_fn=<DivBackward0>)
Memory status after this epoch: 
Memory allocated:  63.82763671875
Memory cached:  88.0
	 epoch  10 training error:  tensor(0.6080, device='cuda:0', grad_fn=<DivBackward0>)
Memory status after this epoch: 
Memory allocated:  63.82763671875
Memory cached:  90.0
	 epoch  20 training error:  tensor(0.5765, device='cuda:0', grad_fn=<DivBackward0>)
Memory status after this epoch: 
Memory allocated:  63.82763671875
Memory cached:  90.0
	 epoch  30 training error:  tensor(0.5607, device='cuda:0', grad_fn=<DivBackward0>)
Memory status after this epoch: 
Memory allocated:  63.82763671875
Memory cached:  90.0
	 epoch  40 training error:  tensor(0.5140, device='cuda:0', grad_fn=<DivBackward0>)
Memory status after this epoch: 
Memory allocated:  63.82763671875
Memory cached:  90.0
	 epoch  50 training error:  tensor(0.4427, device='cuda:0', grad_fn=<DivBackward0>)
Memory status after this epoch: 
Memory allocated:  63.82763671875
Memory cached:  90.0
	 epoch  60 training error:  tensor(0.2759, device='cuda:0', grad_fn=<DivBackward0>)
Memory status after this epoch: 
Memory allocated:  63.82763671875
Memory cached:  90.0
	 epoch  70 training error:  tensor(0.2624, device='cuda:0', grad_fn=<DivBackward0>)
Memory status after this epoch: 
Memory allocated:  63.82763671875
Memory cached:  90.0
	 epoch  80 training error:  tensor(0.2187, device='cuda:0', grad_fn=<DivBackward0>)
Memory status after this epoch: 
Memory allocated:  63.82763671875
Memory cached:  90.0
	 epoch  90 training error:  tensor(0.1642, device='cuda:0', grad_fn=<DivBackward0>)
Memory status after this epoch: 
Memory allocated:  63.82763671875
Memory cached:  90.0
[I 2023-12-05 02:07:39,018] Trial 99 finished with value: 0.14734075963497162 and parameters: {'W_layers': 4, 'W_layer_units_exponent_0': 9, 'W_layer_units_exponent_1': 5, 'W_layer_units_exponent_2': 6, 'W_layer_units_exponent_3': 6, 'D_layers': 3, 'D_layer_units_exponent_0': 8, 'D_layer_units_exponent_1': 8, 'D_layer_units_exponent_2': 10, 'log_learning_rate': -2.735108999941804, 'log_learning_rate_D': -2.811119084998996, 'training_batch_size': 11, 'training_p': 2}. Best is trial 33 with value: 0.05789090320467949.
[I 2023-12-05 02:07:39,036] A new study created in memory with name: no-name-dc812179-1733-4959-925b-1342df4a6832
Time for this trial:  40.41157841682434
Memory status after this trial: 
Memory allocated:  111.3857421875
Memory cached:  116.0
--------------------  Trial  0   --------------------
Start timing: 
Parameters: 
{'W_layers': 4, 'W_layer_units_exponent_0': 10, 'W_layer_units_exponent_1': 10, 'W_layer_units_exponent_2': 6, 'W_layer_units_exponent_3': 5, 'D_layers': 7, 'D_layer_units_exponent_0': 7, 'D_layer_units_exponent_1': 5, 'D_layer_units_exponent_2': 8, 'D_layer_units_exponent_3': 6, 'D_layer_units_exponent_4': 9, 'D_layer_units_exponent_5': 7, 'D_layer_units_exponent_6': 7, 'log_learning_rate': -1.3532559900239143, 'log_learning_rate_D': -4.675224216356992, 'training_batch_size': 9, 'training_p': 2}
/home/shengduo/anaconda3/lib/python3.9/site-packages/torch/nn/init.py:405: UserWarning: Initializing zero-element tensors is a no-op
  warnings.warn("Initializing zero-element tensors is a no-op")
	 epoch  0 training error:  tensor(1.0321, device='cuda:0', grad_fn=<DivBackward0>)
Memory status after this epoch: 
Memory allocated:  17.68603515625
Memory cached:  24.0
	 epoch  10 training error:  tensor(3.1899, device='cuda:0', grad_fn=<DivBackward0>)
Memory status after this epoch: 
Memory allocated:  17.68603515625
Memory cached:  24.0
	 epoch  20 training error:  tensor(1.2217, device='cuda:0', grad_fn=<DivBackward0>)
Memory status after this epoch: 
Memory allocated:  17.68603515625
Memory cached:  24.0
	 epoch  30 training error:  tensor(5.9747, device='cuda:0', grad_fn=<DivBackward0>)
Memory status after this epoch: 
Memory allocated:  17.68603515625
Memory cached:  24.0
	 epoch  40 training error:  tensor(1.5714, device='cuda:0', grad_fn=<DivBackward0>)
Memory status after this epoch: 
Memory allocated:  17.68603515625
Memory cached:  24.0
	 epoch  50 training error:  tensor(3.7201, device='cuda:0', grad_fn=<DivBackward0>)
Memory status after this epoch: 
Memory allocated:  17.68603515625
Memory cached:  24.0
	 epoch  60 training error:  tensor(0.9973, device='cuda:0', grad_fn=<DivBackward0>)
Memory status after this epoch: 
Memory allocated:  17.68603515625
Memory cached:  24.0
	 epoch  70 training error:  tensor(1.9531, device='cuda:0', grad_fn=<DivBackward0>)
Memory status after this epoch: 
Memory allocated:  17.68603515625
Memory cached:  24.0
	 epoch  80 training error:  tensor(0.9371, device='cuda:0', grad_fn=<DivBackward0>)
Memory status after this epoch: 
Memory allocated:  17.68603515625
Memory cached:  24.0
	 epoch  90 training error:  tensor(1.0429, device='cuda:0', grad_fn=<DivBackward0>)
Memory status after this epoch: 
Memory allocated:  17.68603515625
Memory cached:  24.0
[I 2023-12-05 02:07:54,192] Trial 0 finished with value: 0.7984246015548706 and parameters: {'W_layers': 4, 'W_layer_units_exponent_0': 10, 'W_layer_units_exponent_1': 10, 'W_layer_units_exponent_2': 6, 'W_layer_units_exponent_3': 5, 'D_layers': 7, 'D_layer_units_exponent_0': 7, 'D_layer_units_exponent_1': 5, 'D_layer_units_exponent_2': 8, 'D_layer_units_exponent_3': 6, 'D_layer_units_exponent_4': 9, 'D_layer_units_exponent_5': 7, 'D_layer_units_exponent_6': 7, 'log_learning_rate': -1.3532559900239143, 'log_learning_rate_D': -4.675224216356992, 'training_batch_size': 9, 'training_p': 2}. Best is trial 0 with value: 0.7984246015548706.
res:  tensor(0.7984, device='cuda:0', grad_fn=<DivBackward0>)
self.bestValue:  10000000.0
Save this model!
Time for this trial:  15.051594495773315
Memory status after this trial: 
Memory allocated:  57.6640625
Memory cached:  86.0
--------------------  Trial  1   --------------------
Start timing: 
Parameters: 
{'W_layers': 6, 'W_layer_units_exponent_0': 8, 'W_layer_units_exponent_1': 10, 'W_layer_units_exponent_2': 4, 'W_layer_units_exponent_3': 5, 'W_layer_units_exponent_4': 8, 'W_layer_units_exponent_5': 9, 'D_layers': 2, 'D_layer_units_exponent_0': 4, 'D_layer_units_exponent_1': 5, 'log_learning_rate': -1.0659772193922912, 'log_learning_rate_D': -2.453002508663587, 'training_batch_size': 11, 'training_p': 7}
	 epoch  0 training error:  tensor(0.9952, device='cuda:0', grad_fn=<DivBackward0>)
Memory status after this epoch: 
Memory allocated:  64.1337890625
Memory cached:  92.0
	 epoch  10 training error:  tensor(29325.3223, device='cuda:0', grad_fn=<DivBackward0>)
Memory status after this epoch: 
Memory allocated:  64.1337890625
Memory cached:  94.0
	 epoch  20 training error:  tensor(711.3599, device='cuda:0', grad_fn=<DivBackward0>)
Memory status after this epoch: 
Memory allocated:  64.1337890625
Memory cached:  92.0
	 epoch  30 training error:  tensor(34.5594, device='cuda:0', grad_fn=<DivBackward0>)
Memory status after this epoch: 
Memory allocated:  64.1337890625
Memory cached:  92.0
	 epoch  40 training error:  tensor(33.0998, device='cuda:0', grad_fn=<DivBackward0>)
Memory status after this epoch: 
Memory allocated:  64.1337890625
Memory cached:  94.0
	 epoch  50 training error:  tensor(30.1596, device='cuda:0', grad_fn=<DivBackward0>)
Memory status after this epoch: 
Memory allocated:  64.1337890625
Memory cached:  92.0
	 epoch  60 training error:  tensor(26.5056, device='cuda:0', grad_fn=<DivBackward0>)
Memory status after this epoch: 
Memory allocated:  64.1337890625
Memory cached:  92.0
	 epoch  70 training error:  tensor(22.4372, device='cuda:0', grad_fn=<DivBackward0>)
Memory status after this epoch: 
Memory allocated:  64.1337890625
Memory cached:  94.0
	 epoch  80 training error:  tensor(18.0778, device='cuda:0', grad_fn=<DivBackward0>)
Memory status after this epoch: 
Memory allocated:  64.1337890625
Memory cached:  92.0
	 epoch  90 training error:  tensor(13.4864, device='cuda:0', grad_fn=<DivBackward0>)
Memory status after this epoch: 
Memory allocated:  64.1337890625
Memory cached:  92.0
[I 2023-12-05 02:08:09,755] Trial 1 finished with value: 12.750250816345215 and parameters: {'W_layers': 6, 'W_layer_units_exponent_0': 8, 'W_layer_units_exponent_1': 10, 'W_layer_units_exponent_2': 4, 'W_layer_units_exponent_3': 5, 'W_layer_units_exponent_4': 8, 'W_layer_units_exponent_5': 9, 'D_layers': 2, 'D_layer_units_exponent_0': 4, 'D_layer_units_exponent_1': 5, 'log_learning_rate': -1.0659772193922912, 'log_learning_rate_D': -2.453002508663587, 'training_batch_size': 11, 'training_p': 7}. Best is trial 0 with value: 0.7984246015548706.
Time for this trial:  15.472344398498535
Memory status after this trial: 
Memory allocated:  111.05224609375
Memory cached:  130.0
--------------------  Trial  2   --------------------
Start timing: 
Parameters: 
{'W_layers': 5, 'W_layer_units_exponent_0': 5, 'W_layer_units_exponent_1': 6, 'W_layer_units_exponent_2': 10, 'W_layer_units_exponent_3': 8, 'W_layer_units_exponent_4': 4, 'D_layers': 2, 'D_layer_units_exponent_0': 10, 'D_layer_units_exponent_1': 4, 'log_learning_rate': -2.2790207779234066, 'log_learning_rate_D': -2.778418215081456, 'training_batch_size': 10, 'training_p': 5}
	 epoch  0 training error:  tensor(1.1022, device='cuda:0', grad_fn=<DivBackward0>)
Memory status after this epoch: 
Memory allocated:  62.89453125
Memory cached:  92.0
	 epoch  10 training error:  tensor(0.7516, device='cuda:0', grad_fn=<DivBackward0>)
Memory status after this epoch: 
Memory allocated:  62.89453125
Memory cached:  92.0
	 epoch  20 training error:  tensor(0.6770, device='cuda:0', grad_fn=<DivBackward0>)
Memory status after this epoch: 
Memory allocated:  62.89453125
Memory cached:  92.0
	 epoch  30 training error:  tensor(0.6691, device='cuda:0', grad_fn=<DivBackward0>)
Memory status after this epoch: 
Memory allocated:  62.89453125
Memory cached:  92.0
	 epoch  40 training error:  tensor(0.6630, device='cuda:0', grad_fn=<DivBackward0>)
Memory status after this epoch: 
Memory allocated:  62.89453125
Memory cached:  92.0
	 epoch  50 training error:  tensor(0.6621, device='cuda:0', grad_fn=<DivBackward0>)
Memory status after this epoch: 
Memory allocated:  62.89453125
Memory cached:  92.0
	 epoch  60 training error:  tensor(0.6612, device='cuda:0', grad_fn=<DivBackward0>)
Memory status after this epoch: 
Memory allocated:  62.89453125
Memory cached:  92.0
	 epoch  70 training error:  tensor(0.6606, device='cuda:0', grad_fn=<DivBackward0>)
Memory status after this epoch: 
Memory allocated:  62.89453125
Memory cached:  92.0
	 epoch  80 training error:  tensor(0.6606, device='cuda:0', grad_fn=<DivBackward0>)
Memory status after this epoch: 
Memory allocated:  62.89453125
Memory cached:  92.0
	 epoch  90 training error:  tensor(0.6605, device='cuda:0', grad_fn=<DivBackward0>)
Memory status after this epoch: 
Memory allocated:  62.89453125
Memory cached:  92.0
[I 2023-12-05 02:08:24,451] Trial 2 finished with value: 0.6373639702796936 and parameters: {'W_layers': 5, 'W_layer_units_exponent_0': 5, 'W_layer_units_exponent_1': 6, 'W_layer_units_exponent_2': 10, 'W_layer_units_exponent_3': 8, 'W_layer_units_exponent_4': 4, 'D_layers': 2, 'D_layer_units_exponent_0': 10, 'D_layer_units_exponent_1': 4, 'log_learning_rate': -2.2790207779234066, 'log_learning_rate_D': -2.778418215081456, 'training_batch_size': 10, 'training_p': 5}. Best is trial 2 with value: 0.6373639702796936.
res:  tensor(0.6374, device='cuda:0', grad_fn=<DivBackward0>)
self.bestValue:  tensor(0.7984, device='cuda:0', grad_fn=<DivBackward0>)
Save this model!
Time for this trial:  14.593152523040771
Memory status after this trial: 
Memory allocated:  34.7451171875
Memory cached:  50.0
--------------------  Trial  3   --------------------
Start timing: 
Parameters: 
{'W_layers': 4, 'W_layer_units_exponent_0': 10, 'W_layer_units_exponent_1': 9, 'W_layer_units_exponent_2': 6, 'W_layer_units_exponent_3': 7, 'D_layers': 5, 'D_layer_units_exponent_0': 8, 'D_layer_units_exponent_1': 7, 'D_layer_units_exponent_2': 8, 'D_layer_units_exponent_3': 4, 'D_layer_units_exponent_4': 5, 'log_learning_rate': -4.0430580301445165, 'log_learning_rate_D': -1.5307319746287336, 'training_batch_size': 10, 'training_p': 3}
	 epoch  0 training error:  tensor(1.0156, device='cuda:0', grad_fn=<DivBackward0>)
Memory status after this epoch: 
Memory allocated:  44.158203125
Memory cached:  50.0
	 epoch  10 training error:  tensor(0.8077, device='cuda:0', grad_fn=<DivBackward0>)
Memory status after this epoch: 
Memory allocated:  44.158203125
Memory cached:  50.0
	 epoch  20 training error:  tensor(0.7979, device='cuda:0', grad_fn=<DivBackward0>)
Memory status after this epoch: 
Memory allocated:  44.158203125
Memory cached:  50.0
	 epoch  30 training error:  tensor(0.7878, device='cuda:0', grad_fn=<DivBackward0>)
Memory status after this epoch: 
Memory allocated:  44.158203125
Memory cached:  50.0
	 epoch  40 training error:  tensor(0.7868, device='cuda:0', grad_fn=<DivBackward0>)
Memory status after this epoch: 
Memory allocated:  44.158203125
Memory cached:  50.0
	 epoch  50 training error:  tensor(0.7825, device='cuda:0', grad_fn=<DivBackward0>)
Memory status after this epoch: 
Memory allocated:  44.158203125
Memory cached:  50.0
	 epoch  60 training error:  tensor(0.7780, device='cuda:0', grad_fn=<DivBackward0>)
Memory status after this epoch: 
Memory allocated:  44.158203125
Memory cached:  50.0
	 epoch  70 training error:  tensor(0.7724, device='cuda:0', grad_fn=<DivBackward0>)
Memory status after this epoch: 
Memory allocated:  44.158203125
Memory cached:  50.0
	 epoch  80 training error:  tensor(0.7648, device='cuda:0', grad_fn=<DivBackward0>)
Memory status after this epoch: 
Memory allocated:  44.158203125
Memory cached:  50.0
	 epoch  90 training error:  tensor(0.7537, device='cuda:0', grad_fn=<DivBackward0>)
Memory status after this epoch: 
Memory allocated:  44.158203125
Memory cached:  50.0
[I 2023-12-05 02:08:39,430] Trial 3 finished with value: 0.6808099150657654 and parameters: {'W_layers': 4, 'W_layer_units_exponent_0': 10, 'W_layer_units_exponent_1': 9, 'W_layer_units_exponent_2': 6, 'W_layer_units_exponent_3': 7, 'D_layers': 5, 'D_layer_units_exponent_0': 8, 'D_layer_units_exponent_1': 7, 'D_layer_units_exponent_2': 8, 'D_layer_units_exponent_3': 4, 'D_layer_units_exponent_4': 5, 'log_learning_rate': -4.0430580301445165, 'log_learning_rate_D': -1.5307319746287336, 'training_batch_size': 10, 'training_p': 3}. Best is trial 2 with value: 0.6373639702796936.
Time for this trial:  14.878024101257324
Memory status after this trial: 
Memory allocated:  79.57080078125
Memory cached:  92.0
--------------------  Trial  4   --------------------
Start timing: 
Parameters: 
{'W_layers': 6, 'W_layer_units_exponent_0': 10, 'W_layer_units_exponent_1': 9, 'W_layer_units_exponent_2': 5, 'W_layer_units_exponent_3': 8, 'W_layer_units_exponent_4': 9, 'W_layer_units_exponent_5': 10, 'D_layers': 3, 'D_layer_units_exponent_0': 6, 'D_layer_units_exponent_1': 9, 'D_layer_units_exponent_2': 8, 'log_learning_rate': -4.041967567943699, 'log_learning_rate_D': -1.7266101262638198, 'training_batch_size': 11, 'training_p': 2}
	 epoch  0 training error:  tensor(0.9958, device='cuda:0', grad_fn=<DivBackward0>)
Memory status after this epoch: 
Memory allocated:  54.67822265625
Memory cached:  72.0
	 epoch  10 training error:  tensor(0.7407, device='cuda:0', grad_fn=<DivBackward0>)
Memory status after this epoch: 
Memory allocated:  54.67822265625
Memory cached:  72.0
	 epoch  20 training error:  tensor(0.7326, device='cuda:0', grad_fn=<DivBackward0>)
Memory status after this epoch: 
Memory allocated:  54.67822265625
Memory cached:  72.0
	 epoch  30 training error:  tensor(0.7287, device='cuda:0', grad_fn=<DivBackward0>)
Memory status after this epoch: 
Memory allocated:  54.67822265625
Memory cached:  72.0
	 epoch  40 training error:  tensor(0.7247, device='cuda:0', grad_fn=<DivBackward0>)
Memory status after this epoch: 
Memory allocated:  54.67822265625
Memory cached:  72.0
	 epoch  50 training error:  tensor(0.7200, device='cuda:0', grad_fn=<DivBackward0>)
Memory status after this epoch: 
Memory allocated:  54.67822265625
Memory cached:  72.0
	 epoch  60 training error:  tensor(0.7121, device='cuda:0', grad_fn=<DivBackward0>)
Memory status after this epoch: 
Memory allocated:  54.67822265625
Memory cached:  72.0
	 epoch  70 training error:  tensor(0.6964, device='cuda:0', grad_fn=<DivBackward0>)
Memory status after this epoch: 
Memory allocated:  54.67822265625
Memory cached:  72.0
	 epoch  80 training error:  tensor(0.6615, device='cuda:0', grad_fn=<DivBackward0>)
Memory status after this epoch: 
Memory allocated:  54.67822265625
Memory cached:  72.0
	 epoch  90 training error:  tensor(0.5912, device='cuda:0', grad_fn=<DivBackward0>)
Memory status after this epoch: 
Memory allocated:  54.67822265625
Memory cached:  72.0
[I 2023-12-05 02:08:55,237] Trial 4 finished with value: 0.5578408241271973 and parameters: {'W_layers': 6, 'W_layer_units_exponent_0': 10, 'W_layer_units_exponent_1': 9, 'W_layer_units_exponent_2': 5, 'W_layer_units_exponent_3': 8, 'W_layer_units_exponent_4': 9, 'W_layer_units_exponent_5': 10, 'D_layers': 3, 'D_layer_units_exponent_0': 6, 'D_layer_units_exponent_1': 9, 'D_layer_units_exponent_2': 8, 'log_learning_rate': -4.041967567943699, 'log_learning_rate_D': -1.7266101262638198, 'training_batch_size': 11, 'training_p': 2}. Best is trial 4 with value: 0.5578408241271973.
res:  tensor(0.5578, device='cuda:0', grad_fn=<DivBackward0>)
self.bestValue:  tensor(0.6374, device='cuda:0', grad_fn=<DivBackward0>)
Save this model!
Time for this trial:  15.715960025787354
Memory status after this trial: 
Memory allocated:  87.91796875
Memory cached:  150.0
--------------------  Trial  5   --------------------
Start timing: 
Parameters: 
{'W_layers': 6, 'W_layer_units_exponent_0': 9, 'W_layer_units_exponent_1': 7, 'W_layer_units_exponent_2': 9, 'W_layer_units_exponent_3': 10, 'W_layer_units_exponent_4': 6, 'W_layer_units_exponent_5': 7, 'D_layers': 8, 'D_layer_units_exponent_0': 7, 'D_layer_units_exponent_1': 6, 'D_layer_units_exponent_2': 6, 'D_layer_units_exponent_3': 6, 'D_layer_units_exponent_4': 6, 'D_layer_units_exponent_5': 10, 'D_layer_units_exponent_6': 4, 'D_layer_units_exponent_7': 4, 'log_learning_rate': -3.1639692830202377, 'log_learning_rate_D': -1.258324249971713, 'training_batch_size': 9, 'training_p': 3}
	 epoch  0 training error:  tensor(0.9672, device='cuda:0', grad_fn=<DivBackward0>)
Memory status after this epoch: 
Memory allocated:  100.3271484375
Memory cached:  150.0
	 epoch  10 training error:  tensor(0.7892, device='cuda:0', grad_fn=<DivBackward0>)
Memory status after this epoch: 
Memory allocated:  100.3271484375
Memory cached:  150.0
	 epoch  20 training error:  tensor(0.7543, device='cuda:0', grad_fn=<DivBackward0>)
Memory status after this epoch: 
Memory allocated:  100.3271484375
Memory cached:  150.0
	 epoch  30 training error:  tensor(0.6591, device='cuda:0', grad_fn=<DivBackward0>)
Memory status after this epoch: 
Memory allocated:  100.3271484375
Memory cached:  150.0
	 epoch  40 training error:  tensor(0.6481, device='cuda:0', grad_fn=<DivBackward0>)
Memory status after this epoch: 
Memory allocated:  100.3271484375
Memory cached:  150.0
	 epoch  50 training error:  tensor(0.6344, device='cuda:0', grad_fn=<DivBackward0>)
Memory status after this epoch: 
Memory allocated:  100.3271484375
Memory cached:  150.0
	 epoch  60 training error:  tensor(0.6277, device='cuda:0', grad_fn=<DivBackward0>)
Memory status after this epoch: 
Memory allocated:  100.3271484375
Memory cached:  150.0
	 epoch  70 training error:  tensor(0.6259, device='cuda:0', grad_fn=<DivBackward0>)
Memory status after this epoch: 
Memory allocated:  100.3271484375
Memory cached:  150.0
	 epoch  80 training error:  tensor(0.6249, device='cuda:0', grad_fn=<DivBackward0>)
Memory status after this epoch: 
Memory allocated:  100.3271484375
Memory cached:  150.0
	 epoch  90 training error:  tensor(0.6245, device='cuda:0', grad_fn=<DivBackward0>)
Memory status after this epoch: 
Memory allocated:  100.3271484375
Memory cached:  150.0
