/home/shengduo/anaconda3/lib/python3.9/site-packages/scipy/__init__.py:146: UserWarning: A NumPy version >=1.16.5 and <1.23.0 is required for this version of SciPy (detected version 1.24.1
  warnings.warn(f"A NumPy version >={np_minversion} and <{np_maxversion}"
[I 2024-01-24 16:48:38,367] Using an existing study with name 'my_study' instead of creating a new one.
Cuda is available:  True
Device is:  cuda:0
Memory allocated:  0.0
Memory cached:  0.0
Data file:  ./data/Trial0112_combined_resampled.pt
Vs.shape:  torch.Size([200, 100])
thetas.shape:  torch.Size([200, 100])
fs.shape:  torch.Size([200, 100])
ts.shape:  torch.Size([200, 100])
Xs.shape:  torch.Size([200, 100])
--------------------  Trial  259   --------------------
Start timing: 
Parameters: 
{'W_layers': 7, 'W_layer_units_exponent_0': 5, 'W_layer_units_exponent_1': 5, 'W_layer_units_exponent_2': 7, 'W_layer_units_exponent_3': 10, 'W_layer_units_exponent_4': 7, 'W_layer_units_exponent_5': 4, 'W_layer_units_exponent_6': 10, 'D_layers': 8, 'D_layer_units_exponent_0': 7, 'D_layer_units_exponent_1': 9, 'D_layer_units_exponent_2': 4, 'D_layer_units_exponent_3': 10, 'D_layer_units_exponent_4': 5, 'D_layer_units_exponent_5': 5, 'D_layer_units_exponent_6': 10, 'D_layer_units_exponent_7': 8, 'D_dagger_layers': 4, 'D_dagger_layer_units_exponent_0': 9, 'D_dagger_layer_units_exponent_1': 10, 'D_dagger_layer_units_exponent_2': 5, 'D_dagger_layer_units_exponent_3': 9, 'log_learning_rate': -4.984062062634206, 'log_learning_rate_D': -4.285334551911331, 'log_learning_rate_D_dagger': -3.4089721603874086, 'training_batch_size': 6, 'training_p': 5}
	 epoch  0 training error:  tensor(0.7692, device='cuda:0', grad_fn=<DivBackward0>)
Memory status after this epoch: 
Memory allocated:  19.896484375
Memory cached:  242.0
	 epoch  10 training error:  tensor(0.3309, device='cuda:0', grad_fn=<DivBackward0>)
Memory status after this epoch: 
Memory allocated:  19.896484375
Memory cached:  286.0
	 epoch  20 training error:  tensor(0.3034, device='cuda:0', grad_fn=<DivBackward0>)
Memory status after this epoch: 
Memory allocated:  19.896484375
Memory cached:  258.0
	 epoch  30 training error:  tensor(0.3076, device='cuda:0', grad_fn=<DivBackward0>)
Memory status after this epoch: 
Memory allocated:  19.896484375
Memory cached:  268.0
	 epoch  40 training error:  tensor(0.2974, device='cuda:0', grad_fn=<DivBackward0>)
Memory status after this epoch: 
Memory allocated:  19.896484375
Memory cached:  260.0
	 epoch  50 training error:  tensor(0.2896, device='cuda:0', grad_fn=<DivBackward0>)
Memory status after this epoch: 
Memory allocated:  19.896484375
Memory cached:  256.0
	 epoch  60 training error:  tensor(0.2218, device='cuda:0', grad_fn=<DivBackward0>)
Memory status after this epoch: 
Memory allocated:  19.896484375
Memory cached:  258.0
	 epoch  70 training error:  tensor(0.2048, device='cuda:0', grad_fn=<DivBackward0>)
Memory status after this epoch: 
Memory allocated:  19.896484375
Memory cached:  256.0
	 epoch  80 training error:  tensor(0.1936, device='cuda:0', grad_fn=<DivBackward0>)
Memory status after this epoch: 
Memory allocated:  19.896484375
Memory cached:  260.0
	 epoch  90 training error:  tensor(0.1625, device='cuda:0', grad_fn=<DivBackward0>)
Memory status after this epoch: 
Memory allocated:  19.896484375
Memory cached:  254.0
[I 2024-01-24 16:59:22,777] Trial 259 finished with value: 0.09538071602582932 and parameters: {'W_layers': 7, 'W_layer_units_exponent_0': 5, 'W_layer_units_exponent_1': 5, 'W_layer_units_exponent_2': 7, 'W_layer_units_exponent_3': 10, 'W_layer_units_exponent_4': 7, 'W_layer_units_exponent_5': 4, 'W_layer_units_exponent_6': 10, 'D_layers': 8, 'D_layer_units_exponent_0': 7, 'D_layer_units_exponent_1': 9, 'D_layer_units_exponent_2': 4, 'D_layer_units_exponent_3': 10, 'D_layer_units_exponent_4': 5, 'D_layer_units_exponent_5': 5, 'D_layer_units_exponent_6': 10, 'D_layer_units_exponent_7': 8, 'D_dagger_layers': 4, 'D_dagger_layer_units_exponent_0': 9, 'D_dagger_layer_units_exponent_1': 10, 'D_dagger_layer_units_exponent_2': 5, 'D_dagger_layer_units_exponent_3': 9, 'log_learning_rate': -4.984062062634206, 'log_learning_rate_D': -4.285334551911331, 'log_learning_rate_D_dagger': -3.4089721603874086, 'training_batch_size': 6, 'training_p': 5}. Best is trial 254 with value: 0.09481852501630783.
res:  tensor(0.0954, device='cuda:0', grad_fn=<DivBackward0>)
self.bestValue:  10000000.0
Save this model!
Time for this trial:  643.4101977348328
Memory status after this trial: 
Memory allocated:  779.67236328125
Memory cached:  802.0
--------------------  Trial  260   --------------------
Start timing: 
Parameters: 
{'W_layers': 7, 'W_layer_units_exponent_0': 5, 'W_layer_units_exponent_1': 5, 'W_layer_units_exponent_2': 7, 'W_layer_units_exponent_3': 10, 'W_layer_units_exponent_4': 7, 'W_layer_units_exponent_5': 4, 'W_layer_units_exponent_6': 10, 'D_layers': 8, 'D_layer_units_exponent_0': 7, 'D_layer_units_exponent_1': 9, 'D_layer_units_exponent_2': 4, 'D_layer_units_exponent_3': 10, 'D_layer_units_exponent_4': 5, 'D_layer_units_exponent_5': 5, 'D_layer_units_exponent_6': 10, 'D_layer_units_exponent_7': 8, 'D_dagger_layers': 4, 'D_dagger_layer_units_exponent_0': 9, 'D_dagger_layer_units_exponent_1': 10, 'D_dagger_layer_units_exponent_2': 5, 'D_dagger_layer_units_exponent_3': 9, 'log_learning_rate': -3.50730639270603, 'log_learning_rate_D': -4.302616212595348, 'log_learning_rate_D_dagger': -3.4231951428172533, 'training_batch_size': 6, 'training_p': 5}
	 epoch  0 training error:  tensor(0.6929, device='cuda:0', grad_fn=<DivBackward0>)
Memory status after this epoch: 
Memory allocated:  799.35791015625
Memory cached:  968.0
	 epoch  10 training error:  tensor(0.3393, device='cuda:0', grad_fn=<DivBackward0>)
Memory status after this epoch: 
Memory allocated:  799.35791015625
Memory cached:  1072.0
	 epoch  20 training error:  tensor(0.3229, device='cuda:0', grad_fn=<DivBackward0>)
Memory status after this epoch: 
Memory allocated:  799.35791015625
Memory cached:  1042.0
	 epoch  30 training error:  tensor(0.3131, device='cuda:0', grad_fn=<DivBackward0>)
Memory status after this epoch: 
Memory allocated:  799.35791015625
Memory cached:  1038.0
	 epoch  40 training error:  tensor(0.3005, device='cuda:0', grad_fn=<DivBackward0>)
Memory status after this epoch: 
Memory allocated:  799.35791015625
Memory cached:  1028.0
	 epoch  50 training error:  tensor(0.2884, device='cuda:0', grad_fn=<DivBackward0>)
Memory status after this epoch: 
Memory allocated:  799.35791015625
Memory cached:  1036.0
	 epoch  60 training error:  tensor(0.2516, device='cuda:0', grad_fn=<DivBackward0>)
Memory status after this epoch: 
Memory allocated:  799.35791015625
Memory cached:  1046.0
	 epoch  70 training error:  tensor(0.1756, device='cuda:0', grad_fn=<DivBackward0>)
Memory status after this epoch: 
Memory allocated:  799.35791015625
Memory cached:  1030.0
	 epoch  80 training error:  tensor(0.1674, device='cuda:0', grad_fn=<DivBackward0>)
Memory status after this epoch: 
Memory allocated:  799.35791015625
Memory cached:  1026.0
	 epoch  90 training error:  tensor(0.1645, device='cuda:0', grad_fn=<DivBackward0>)
Memory status after this epoch: 
Memory allocated:  799.35791015625
Memory cached:  1042.0
[I 2024-01-24 17:10:14,786] Trial 260 finished with value: 0.11202286928892136 and parameters: {'W_layers': 7, 'W_layer_units_exponent_0': 5, 'W_layer_units_exponent_1': 5, 'W_layer_units_exponent_2': 7, 'W_layer_units_exponent_3': 10, 'W_layer_units_exponent_4': 7, 'W_layer_units_exponent_5': 4, 'W_layer_units_exponent_6': 10, 'D_layers': 8, 'D_layer_units_exponent_0': 7, 'D_layer_units_exponent_1': 9, 'D_layer_units_exponent_2': 4, 'D_layer_units_exponent_3': 10, 'D_layer_units_exponent_4': 5, 'D_layer_units_exponent_5': 5, 'D_layer_units_exponent_6': 10, 'D_layer_units_exponent_7': 8, 'D_dagger_layers': 4, 'D_dagger_layer_units_exponent_0': 9, 'D_dagger_layer_units_exponent_1': 10, 'D_dagger_layer_units_exponent_2': 5, 'D_dagger_layer_units_exponent_3': 9, 'log_learning_rate': -3.50730639270603, 'log_learning_rate_D': -4.302616212595348, 'log_learning_rate_D_dagger': -3.4231951428172533, 'training_batch_size': 6, 'training_p': 5}. Best is trial 254 with value: 0.09481852501630783.
Time for this trial:  651.3739566802979
Memory status after this trial: 
Memory allocated:  1559.1337890625
Memory cached:  1578.0
--------------------  Trial  261   --------------------
Start timing: 
Parameters: 
{'W_layers': 7, 'W_layer_units_exponent_0': 5, 'W_layer_units_exponent_1': 5, 'W_layer_units_exponent_2': 7, 'W_layer_units_exponent_3': 10, 'W_layer_units_exponent_4': 7, 'W_layer_units_exponent_5': 4, 'W_layer_units_exponent_6': 10, 'D_layers': 8, 'D_layer_units_exponent_0': 7, 'D_layer_units_exponent_1': 9, 'D_layer_units_exponent_2': 4, 'D_layer_units_exponent_3': 10, 'D_layer_units_exponent_4': 5, 'D_layer_units_exponent_5': 5, 'D_layer_units_exponent_6': 10, 'D_layer_units_exponent_7': 8, 'D_dagger_layers': 4, 'D_dagger_layer_units_exponent_0': 9, 'D_dagger_layer_units_exponent_1': 10, 'D_dagger_layer_units_exponent_2': 5, 'D_dagger_layer_units_exponent_3': 9, 'log_learning_rate': -4.991661685317645, 'log_learning_rate_D': -4.277288509688958, 'log_learning_rate_D_dagger': -3.439298031190057, 'training_batch_size': 6, 'training_p': 5}
	 epoch  0 training error:  tensor(0.7445, device='cuda:0', grad_fn=<DivBackward0>)
Memory status after this epoch: 
Memory allocated:  799.35791015625
Memory cached:  950.0
	 epoch  10 training error:  tensor(0.3386, device='cuda:0', grad_fn=<DivBackward0>)
Memory status after this epoch: 
Memory allocated:  799.35791015625
Memory cached:  1048.0
	 epoch  20 training error:  tensor(0.3082, device='cuda:0', grad_fn=<DivBackward0>)
Memory status after this epoch: 
Memory allocated:  799.35791015625
Memory cached:  1026.0
	 epoch  30 training error:  tensor(0.3136, device='cuda:0', grad_fn=<DivBackward0>)
Memory status after this epoch: 
Memory allocated:  799.35791015625
Memory cached:  1010.0
	 epoch  40 training error:  tensor(0.3019, device='cuda:0', grad_fn=<DivBackward0>)
Memory status after this epoch: 
Memory allocated:  799.35791015625
Memory cached:  1026.0
	 epoch  50 training error:  tensor(0.2838, device='cuda:0', grad_fn=<DivBackward0>)
Memory status after this epoch: 
Memory allocated:  799.35791015625
Memory cached:  1012.0
	 epoch  60 training error:  tensor(0.1974, device='cuda:0', grad_fn=<DivBackward0>)
Memory status after this epoch: 
Memory allocated:  799.35791015625
Memory cached:  1028.0
	 epoch  70 training error:  tensor(0.2265, device='cuda:0', grad_fn=<DivBackward0>)
Memory status after this epoch: 
Memory allocated:  799.35791015625
Memory cached:  1022.0
	 epoch  80 training error:  tensor(0.1814, device='cuda:0', grad_fn=<DivBackward0>)
Memory status after this epoch: 
Memory allocated:  799.35791015625
Memory cached:  1006.0
	 epoch  90 training error:  tensor(0.1587, device='cuda:0', grad_fn=<DivBackward0>)
Memory status after this epoch: 
Memory allocated:  799.35791015625
Memory cached:  1038.0
[I 2024-01-24 17:20:40,045] Trial 261 finished with value: 0.09934499114751816 and parameters: {'W_layers': 7, 'W_layer_units_exponent_0': 5, 'W_layer_units_exponent_1': 5, 'W_layer_units_exponent_2': 7, 'W_layer_units_exponent_3': 10, 'W_layer_units_exponent_4': 7, 'W_layer_units_exponent_5': 4, 'W_layer_units_exponent_6': 10, 'D_layers': 8, 'D_layer_units_exponent_0': 7, 'D_layer_units_exponent_1': 9, 'D_layer_units_exponent_2': 4, 'D_layer_units_exponent_3': 10, 'D_layer_units_exponent_4': 5, 'D_layer_units_exponent_5': 5, 'D_layer_units_exponent_6': 10, 'D_layer_units_exponent_7': 8, 'D_dagger_layers': 4, 'D_dagger_layer_units_exponent_0': 9, 'D_dagger_layer_units_exponent_1': 10, 'D_dagger_layer_units_exponent_2': 5, 'D_dagger_layer_units_exponent_3': 9, 'log_learning_rate': -4.991661685317645, 'log_learning_rate_D': -4.277288509688958, 'log_learning_rate_D_dagger': -3.439298031190057, 'training_batch_size': 6, 'training_p': 5}. Best is trial 254 with value: 0.09481852501630783.
Time for this trial:  624.6746053695679
Memory status after this trial: 
Memory allocated:  1559.1337890625
Memory cached:  1578.0
--------------------  Trial  262   --------------------
Start timing: 
Parameters: 
{'W_layers': 7, 'W_layer_units_exponent_0': 5, 'W_layer_units_exponent_1': 5, 'W_layer_units_exponent_2': 7, 'W_layer_units_exponent_3': 10, 'W_layer_units_exponent_4': 7, 'W_layer_units_exponent_5': 4, 'W_layer_units_exponent_6': 10, 'D_layers': 8, 'D_layer_units_exponent_0': 7, 'D_layer_units_exponent_1': 9, 'D_layer_units_exponent_2': 4, 'D_layer_units_exponent_3': 10, 'D_layer_units_exponent_4': 5, 'D_layer_units_exponent_5': 5, 'D_layer_units_exponent_6': 10, 'D_layer_units_exponent_7': 8, 'D_dagger_layers': 4, 'D_dagger_layer_units_exponent_0': 9, 'D_dagger_layer_units_exponent_1': 10, 'D_dagger_layer_units_exponent_2': 5, 'D_dagger_layer_units_exponent_3': 9, 'log_learning_rate': -3.024720606531823, 'log_learning_rate_D': -4.26796541056654, 'log_learning_rate_D_dagger': -3.553057870254232, 'training_batch_size': 6, 'training_p': 5}
	 epoch  0 training error:  tensor(0.7794, device='cuda:0', grad_fn=<DivBackward0>)
Memory status after this epoch: 
Memory allocated:  799.35791015625
Memory cached:  940.0
	 epoch  10 training error:  tensor(0.3507, device='cuda:0', grad_fn=<DivBackward0>)
Memory status after this epoch: 
Memory allocated:  799.35791015625
Memory cached:  1036.0
	 epoch  20 training error:  tensor(0.3189, device='cuda:0', grad_fn=<DivBackward0>)
Memory status after this epoch: 
Memory allocated:  799.35791015625
Memory cached:  1014.0
	 epoch  30 training error:  tensor(0.3220, device='cuda:0', grad_fn=<DivBackward0>)
Memory status after this epoch: 
Memory allocated:  799.35791015625
Memory cached:  1012.0
	 epoch  40 training error:  tensor(0.3102, device='cuda:0', grad_fn=<DivBackward0>)
Memory status after this epoch: 
Memory allocated:  799.35791015625
Memory cached:  1008.0
	 epoch  50 training error:  tensor(0.2970, device='cuda:0', grad_fn=<DivBackward0>)
Memory status after this epoch: 
Memory allocated:  799.35791015625
Memory cached:  1008.0
	 epoch  60 training error:  tensor(0.3013, device='cuda:0', grad_fn=<DivBackward0>)
Memory status after this epoch: 
Memory allocated:  799.35791015625
Memory cached:  1012.0
	 epoch  70 training error:  tensor(0.2748, device='cuda:0', grad_fn=<DivBackward0>)
Memory status after this epoch: 
Memory allocated:  799.35791015625
Memory cached:  1026.0
	 epoch  80 training error:  tensor(0.2185, device='cuda:0', grad_fn=<DivBackward0>)
Memory status after this epoch: 
Memory allocated:  799.35791015625
Memory cached:  1028.0
	 epoch  90 training error:  tensor(0.1811, device='cuda:0', grad_fn=<DivBackward0>)
Memory status after this epoch: 
Memory allocated:  799.35791015625
Memory cached:  1022.0
[I 2024-01-24 17:31:03,869] Trial 262 finished with value: 0.10790333896875381 and parameters: {'W_layers': 7, 'W_layer_units_exponent_0': 5, 'W_layer_units_exponent_1': 5, 'W_layer_units_exponent_2': 7, 'W_layer_units_exponent_3': 10, 'W_layer_units_exponent_4': 7, 'W_layer_units_exponent_5': 4, 'W_layer_units_exponent_6': 10, 'D_layers': 8, 'D_layer_units_exponent_0': 7, 'D_layer_units_exponent_1': 9, 'D_layer_units_exponent_2': 4, 'D_layer_units_exponent_3': 10, 'D_layer_units_exponent_4': 5, 'D_layer_units_exponent_5': 5, 'D_layer_units_exponent_6': 10, 'D_layer_units_exponent_7': 8, 'D_dagger_layers': 4, 'D_dagger_layer_units_exponent_0': 9, 'D_dagger_layer_units_exponent_1': 10, 'D_dagger_layer_units_exponent_2': 5, 'D_dagger_layer_units_exponent_3': 9, 'log_learning_rate': -3.024720606531823, 'log_learning_rate_D': -4.26796541056654, 'log_learning_rate_D_dagger': -3.553057870254232, 'training_batch_size': 6, 'training_p': 5}. Best is trial 254 with value: 0.09481852501630783.
Time for this trial:  623.2509846687317
Memory status after this trial: 
Memory allocated:  1559.1337890625
Memory cached:  1578.0
--------------------  Trial  263   --------------------
Start timing: 
Parameters: 
{'W_layers': 7, 'W_layer_units_exponent_0': 5, 'W_layer_units_exponent_1': 5, 'W_layer_units_exponent_2': 7, 'W_layer_units_exponent_3': 10, 'W_layer_units_exponent_4': 7, 'W_layer_units_exponent_5': 4, 'W_layer_units_exponent_6': 10, 'D_layers': 8, 'D_layer_units_exponent_0': 7, 'D_layer_units_exponent_1': 9, 'D_layer_units_exponent_2': 4, 'D_layer_units_exponent_3': 10, 'D_layer_units_exponent_4': 5, 'D_layer_units_exponent_5': 5, 'D_layer_units_exponent_6': 10, 'D_layer_units_exponent_7': 8, 'D_dagger_layers': 4, 'D_dagger_layer_units_exponent_0': 9, 'D_dagger_layer_units_exponent_1': 10, 'D_dagger_layer_units_exponent_2': 5, 'D_dagger_layer_units_exponent_3': 9, 'log_learning_rate': -3.0961299115400807, 'log_learning_rate_D': -4.2502099312125905, 'log_learning_rate_D_dagger': -3.5460890794830155, 'training_batch_size': 6, 'training_p': 5}
	 epoch  0 training error:  tensor(0.7862, device='cuda:0', grad_fn=<DivBackward0>)
Memory status after this epoch: 
Memory allocated:  799.35791015625
Memory cached:  942.0
	 epoch  10 training error:  tensor(0.3334, device='cuda:0', grad_fn=<DivBackward0>)
Memory status after this epoch: 
Memory allocated:  799.35791015625
Memory cached:  1022.0
	 epoch  20 training error:  tensor(0.3129, device='cuda:0', grad_fn=<DivBackward0>)
Memory status after this epoch: 
Memory allocated:  799.35791015625
Memory cached:  996.0
	 epoch  30 training error:  tensor(0.3135, device='cuda:0', grad_fn=<DivBackward0>)
Memory status after this epoch: 
Memory allocated:  799.35791015625
Memory cached:  998.0
	 epoch  40 training error:  tensor(0.2920, device='cuda:0', grad_fn=<DivBackward0>)
Memory status after this epoch: 
Memory allocated:  799.35791015625
Memory cached:  1008.0
	 epoch  50 training error:  tensor(0.2776, device='cuda:0', grad_fn=<DivBackward0>)
Memory status after this epoch: 
Memory allocated:  799.35791015625
Memory cached:  1026.0
	 epoch  60 training error:  tensor(0.2206, device='cuda:0', grad_fn=<DivBackward0>)
Memory status after this epoch: 
Memory allocated:  799.35791015625
Memory cached:  1030.0
	 epoch  70 training error:  tensor(0.2123, device='cuda:0', grad_fn=<DivBackward0>)
Memory status after this epoch: 
Memory allocated:  799.35791015625
Memory cached:  1030.0
	 epoch  80 training error:  tensor(0.1832, device='cuda:0', grad_fn=<DivBackward0>)
Memory status after this epoch: 
Memory allocated:  799.35791015625
Memory cached:  1022.0
	 epoch  90 training error:  tensor(0.1817, device='cuda:0', grad_fn=<DivBackward0>)
Memory status after this epoch: 
Memory allocated:  799.35791015625
Memory cached:  1020.0
