[I 2024-01-13 08:11:08,881] Trial 149 finished with value: 0.16224202513694763 and parameters: {'W_layers': 2, 'W_layer_units_exponent_0': 10, 'W_layer_units_exponent_1': 4, 'D_layers': 5, 'D_layer_units_exponent_0': 4, 'D_layer_units_exponent_1': 4, 'D_layer_units_exponent_2': 9, 'D_layer_units_exponent_3': 10, 'D_layer_units_exponent_4': 4, 'D_dagger_layers': 7, 'D_dagger_layer_units_exponent_0': 9, 'D_dagger_layer_units_exponent_1': 7, 'D_dagger_layer_units_exponent_2': 7, 'D_dagger_layer_units_exponent_3': 5, 'D_dagger_layer_units_exponent_4': 6, 'D_dagger_layer_units_exponent_5': 7, 'D_dagger_layer_units_exponent_6': 7, 'log_learning_rate': -2.999679182818838, 'log_learning_rate_D': -3.173914080583939, 'log_learning_rate_D_dagger': -2.7265628993302777, 'training_batch_size': 6, 'training_p': 8}. Best is trial 113 with value: 0.08055218309164047.
Time for this trial:  485.6052551269531
Memory status after this trial: 
Memory allocated:  652.06201171875
Memory cached:  670.0
--------------------  Trial  150   --------------------
Start timing: 
Parameters: 
{'W_layers': 2, 'W_layer_units_exponent_0': 7, 'W_layer_units_exponent_1': 4, 'D_layers': 4, 'D_layer_units_exponent_0': 6, 'D_layer_units_exponent_1': 4, 'D_layer_units_exponent_2': 8, 'D_layer_units_exponent_3': 10, 'D_dagger_layers': 6, 'D_dagger_layer_units_exponent_0': 9, 'D_dagger_layer_units_exponent_1': 8, 'D_dagger_layer_units_exponent_2': 5, 'D_dagger_layer_units_exponent_3': 6, 'D_dagger_layer_units_exponent_4': 7, 'D_dagger_layer_units_exponent_5': 6, 'log_learning_rate': -4.120998419201494, 'log_learning_rate_D': -3.3417167455724783, 'log_learning_rate_D_dagger': -2.97238298198758, 'training_batch_size': 6, 'training_p': 6}
	 epoch  0 training error:  tensor(1.0150, device='cuda:0', grad_fn=<DivBackward0>)
Memory status after this epoch: 
Memory allocated:  257.32373046875
Memory cached:  456.0
	 epoch  10 training error:  tensor(0.5140, device='cuda:0', grad_fn=<DivBackward0>)
Memory status after this epoch: 
Memory allocated:  257.32373046875
Memory cached:  460.0
	 epoch  20 training error:  tensor(0.5011, device='cuda:0', grad_fn=<DivBackward0>)
Memory status after this epoch: 
Memory allocated:  257.32373046875
Memory cached:  460.0
	 epoch  30 training error:  tensor(0.4795, device='cuda:0', grad_fn=<DivBackward0>)
Memory status after this epoch: 
Memory allocated:  257.32373046875
Memory cached:  460.0
	 epoch  40 training error:  tensor(0.5086, device='cuda:0', grad_fn=<DivBackward0>)
Memory status after this epoch: 
Memory allocated:  257.32373046875
Memory cached:  462.0
	 epoch  50 training error:  tensor(0.3346, device='cuda:0', grad_fn=<DivBackward0>)
Memory status after this epoch: 
Memory allocated:  257.32373046875
Memory cached:  460.0
	 epoch  60 training error:  tensor(0.3083, device='cuda:0', grad_fn=<DivBackward0>)
Memory status after this epoch: 
Memory allocated:  257.32373046875
Memory cached:  462.0
	 epoch  70 training error:  tensor(0.2166, device='cuda:0', grad_fn=<DivBackward0>)
Memory status after this epoch: 
Memory allocated:  257.32373046875
Memory cached:  460.0
	 epoch  80 training error:  tensor(0.1522, device='cuda:0', grad_fn=<DivBackward0>)
Memory status after this epoch: 
Memory allocated:  257.32373046875
Memory cached:  460.0
	 epoch  90 training error:  tensor(0.1673, device='cuda:0', grad_fn=<DivBackward0>)
Memory status after this epoch: 
Memory allocated:  257.32373046875
Memory cached:  464.0
[I 2024-01-13 08:18:21,215] Trial 150 finished with value: 0.12101975828409195 and parameters: {'W_layers': 2, 'W_layer_units_exponent_0': 7, 'W_layer_units_exponent_1': 4, 'D_layers': 4, 'D_layer_units_exponent_0': 6, 'D_layer_units_exponent_1': 4, 'D_layer_units_exponent_2': 8, 'D_layer_units_exponent_3': 10, 'D_dagger_layers': 6, 'D_dagger_layer_units_exponent_0': 9, 'D_dagger_layer_units_exponent_1': 8, 'D_dagger_layer_units_exponent_2': 5, 'D_dagger_layer_units_exponent_3': 6, 'D_dagger_layer_units_exponent_4': 7, 'D_dagger_layer_units_exponent_5': 6, 'log_learning_rate': -4.120998419201494, 'log_learning_rate_D': -3.3417167455724783, 'log_learning_rate_D_dagger': -2.97238298198758, 'training_batch_size': 6, 'training_p': 6}. Best is trial 113 with value: 0.08055218309164047.
Time for this trial:  431.85903906822205
Memory status after this trial: 
Memory allocated:  509.66015625
Memory cached:  514.0
--------------------  Trial  151   --------------------
Start timing: 
Parameters: 
{'W_layers': 2, 'W_layer_units_exponent_0': 6, 'W_layer_units_exponent_1': 4, 'D_layers': 5, 'D_layer_units_exponent_0': 6, 'D_layer_units_exponent_1': 5, 'D_layer_units_exponent_2': 8, 'D_layer_units_exponent_3': 10, 'D_layer_units_exponent_4': 5, 'D_dagger_layers': 6, 'D_dagger_layer_units_exponent_0': 9, 'D_dagger_layer_units_exponent_1': 8, 'D_dagger_layer_units_exponent_2': 7, 'D_dagger_layer_units_exponent_3': 6, 'D_dagger_layer_units_exponent_4': 4, 'D_dagger_layer_units_exponent_5': 8, 'log_learning_rate': -4.738190859978759, 'log_learning_rate_D': -3.2154434345747465, 'log_learning_rate_D_dagger': -2.6405895110147153, 'training_batch_size': 6, 'training_p': 7}
	 epoch  0 training error:  tensor(0.8913, device='cuda:0', grad_fn=<DivBackward0>)
Memory status after this epoch: 
Memory allocated:  258.17529296875
Memory cached:  468.0
	 epoch  10 training error:  tensor(0.5465, device='cuda:0', grad_fn=<DivBackward0>)
Memory status after this epoch: 
Memory allocated:  258.17529296875
Memory cached:  486.0
	 epoch  20 training error:  tensor(0.5473, device='cuda:0', grad_fn=<DivBackward0>)
Memory status after this epoch: 
Memory allocated:  258.17529296875
Memory cached:  488.0
	 epoch  30 training error:  tensor(0.4841, device='cuda:0', grad_fn=<DivBackward0>)
Memory status after this epoch: 
Memory allocated:  258.17529296875
Memory cached:  486.0
	 epoch  40 training error:  tensor(0.4140, device='cuda:0', grad_fn=<DivBackward0>)
Memory status after this epoch: 
Memory allocated:  258.17529296875
Memory cached:  482.0
	 epoch  50 training error:  tensor(0.2297, device='cuda:0', grad_fn=<DivBackward0>)
Memory status after this epoch: 
Memory allocated:  258.17529296875
Memory cached:  488.0
	 epoch  60 training error:  tensor(0.1784, device='cuda:0', grad_fn=<DivBackward0>)
Memory status after this epoch: 
Memory allocated:  258.17529296875
Memory cached:  486.0
	 epoch  70 training error:  tensor(0.1126, device='cuda:0', grad_fn=<DivBackward0>)
Memory status after this epoch: 
Memory allocated:  258.17529296875
Memory cached:  488.0
	 epoch  80 training error:  tensor(0.1193, device='cuda:0', grad_fn=<DivBackward0>)
Memory status after this epoch: 
Memory allocated:  258.17529296875
Memory cached:  486.0
	 epoch  90 training error:  tensor(0.0947, device='cuda:0', grad_fn=<DivBackward0>)
Memory status after this epoch: 
Memory allocated:  258.17529296875
Memory cached:  484.0
[I 2024-01-13 08:25:59,843] Trial 151 finished with value: 0.061272718012332916 and parameters: {'W_layers': 2, 'W_layer_units_exponent_0': 6, 'W_layer_units_exponent_1': 4, 'D_layers': 5, 'D_layer_units_exponent_0': 6, 'D_layer_units_exponent_1': 5, 'D_layer_units_exponent_2': 8, 'D_layer_units_exponent_3': 10, 'D_layer_units_exponent_4': 5, 'D_dagger_layers': 6, 'D_dagger_layer_units_exponent_0': 9, 'D_dagger_layer_units_exponent_1': 8, 'D_dagger_layer_units_exponent_2': 7, 'D_dagger_layer_units_exponent_3': 6, 'D_dagger_layer_units_exponent_4': 4, 'D_dagger_layer_units_exponent_5': 8, 'log_learning_rate': -4.738190859978759, 'log_learning_rate_D': -3.2154434345747465, 'log_learning_rate_D_dagger': -2.6405895110147153, 'training_batch_size': 6, 'training_p': 7}. Best is trial 151 with value: 0.061272718012332916.
res:  tensor(0.0613, device='cuda:0', grad_fn=<DivBackward0>)
self.bestValue:  tensor(0.0806, device='cuda:0', grad_fn=<DivBackward0>)
Save this model!
Time for this trial:  458.1382007598877
Memory status after this trial: 
Memory allocated:  288.6826171875
Memory cached:  540.0
--------------------  Trial  152   --------------------
Start timing: 
Parameters: 
{'W_layers': 2, 'W_layer_units_exponent_0': 6, 'W_layer_units_exponent_1': 4, 'D_layers': 5, 'D_layer_units_exponent_0': 7, 'D_layer_units_exponent_1': 5, 'D_layer_units_exponent_2': 8, 'D_layer_units_exponent_3': 10, 'D_layer_units_exponent_4': 5, 'D_dagger_layers': 6, 'D_dagger_layer_units_exponent_0': 9, 'D_dagger_layer_units_exponent_1': 8, 'D_dagger_layer_units_exponent_2': 7, 'D_dagger_layer_units_exponent_3': 6, 'D_dagger_layer_units_exponent_4': 4, 'D_dagger_layer_units_exponent_5': 8, 'log_learning_rate': -4.720277259229482, 'log_learning_rate_D': -3.0077996176392605, 'log_learning_rate_D_dagger': -2.56339690519144, 'training_batch_size': 6, 'training_p': 7}
	 epoch  0 training error:  tensor(1.0378, device='cuda:0', grad_fn=<DivBackward0>)
Memory status after this epoch: 
Memory allocated:  296.1806640625
Memory cached:  536.0
	 epoch  10 training error:  tensor(0.5338, device='cuda:0', grad_fn=<DivBackward0>)
Memory status after this epoch: 
Memory allocated:  296.1806640625
Memory cached:  542.0
	 epoch  20 training error:  tensor(0.5361, device='cuda:0', grad_fn=<DivBackward0>)
Memory status after this epoch: 
Memory allocated:  296.1806640625
Memory cached:  536.0
	 epoch  30 training error:  tensor(0.5409, device='cuda:0', grad_fn=<DivBackward0>)
Memory status after this epoch: 
Memory allocated:  296.1806640625
Memory cached:  542.0
	 epoch  40 training error:  tensor(0.5111, device='cuda:0', grad_fn=<DivBackward0>)
Memory status after this epoch: 
Memory allocated:  296.1806640625
Memory cached:  538.0
	 epoch  50 training error:  tensor(0.5141, device='cuda:0', grad_fn=<DivBackward0>)
Memory status after this epoch: 
Memory allocated:  296.1806640625
Memory cached:  540.0
	 epoch  60 training error:  tensor(0.3837, device='cuda:0', grad_fn=<DivBackward0>)
Memory status after this epoch: 
Memory allocated:  296.1806640625
Memory cached:  540.0
	 epoch  70 training error:  tensor(0.3871, device='cuda:0', grad_fn=<DivBackward0>)
Memory status after this epoch: 
Memory allocated:  296.1806640625
Memory cached:  538.0
	 epoch  80 training error:  tensor(0.3966, device='cuda:0', grad_fn=<DivBackward0>)
Memory status after this epoch: 
Memory allocated:  296.1806640625
Memory cached:  542.0
	 epoch  90 training error:  tensor(0.3031, device='cuda:0', grad_fn=<DivBackward0>)
Memory status after this epoch: 
Memory allocated:  296.1806640625
Memory cached:  540.0
[I 2024-01-13 08:33:37,451] Trial 152 finished with value: 0.1482434719800949 and parameters: {'W_layers': 2, 'W_layer_units_exponent_0': 6, 'W_layer_units_exponent_1': 4, 'D_layers': 5, 'D_layer_units_exponent_0': 7, 'D_layer_units_exponent_1': 5, 'D_layer_units_exponent_2': 8, 'D_layer_units_exponent_3': 10, 'D_layer_units_exponent_4': 5, 'D_dagger_layers': 6, 'D_dagger_layer_units_exponent_0': 9, 'D_dagger_layer_units_exponent_1': 8, 'D_dagger_layer_units_exponent_2': 7, 'D_dagger_layer_units_exponent_3': 6, 'D_dagger_layer_units_exponent_4': 4, 'D_dagger_layer_units_exponent_5': 8, 'log_learning_rate': -4.720277259229482, 'log_learning_rate_D': -3.0077996176392605, 'log_learning_rate_D_dagger': -2.56339690519144, 'training_batch_size': 6, 'training_p': 7}. Best is trial 151 with value: 0.061272718012332916.
Time for this trial:  457.1692669391632
Memory status after this trial: 
Memory allocated:  583.9375
Memory cached:  590.0
--------------------  Trial  153   --------------------
Start timing: 
Parameters: 
{'W_layers': 2, 'W_layer_units_exponent_0': 6, 'W_layer_units_exponent_1': 4, 'D_layers': 5, 'D_layer_units_exponent_0': 5, 'D_layer_units_exponent_1': 5, 'D_layer_units_exponent_2': 8, 'D_layer_units_exponent_3': 10, 'D_layer_units_exponent_4': 6, 'D_dagger_layers': 5, 'D_dagger_layer_units_exponent_0': 9, 'D_dagger_layer_units_exponent_1': 8, 'D_dagger_layer_units_exponent_2': 7, 'D_dagger_layer_units_exponent_3': 6, 'D_dagger_layer_units_exponent_4': 4, 'log_learning_rate': -4.820728807186424, 'log_learning_rate_D': -3.1476099952834478, 'log_learning_rate_D_dagger': -2.8262222064287403, 'training_batch_size': 6, 'training_p': 6}
	 epoch  0 training error:  tensor(0.7001, device='cuda:0', grad_fn=<DivBackward0>)
Memory status after this epoch: 
Memory allocated:  296.5654296875
Memory cached:  534.0
	 epoch  10 training error:  tensor(0.5231, device='cuda:0', grad_fn=<DivBackward0>)
Memory status after this epoch: 
Memory allocated:  296.5654296875
Memory cached:  534.0
	 epoch  20 training error:  tensor(0.4972, device='cuda:0', grad_fn=<DivBackward0>)
Memory status after this epoch: 
Memory allocated:  296.5654296875
Memory cached:  534.0
	 epoch  30 training error:  tensor(0.4893, device='cuda:0', grad_fn=<DivBackward0>)
Memory status after this epoch: 
Memory allocated:  296.5654296875
Memory cached:  538.0
	 epoch  40 training error:  tensor(0.4263, device='cuda:0', grad_fn=<DivBackward0>)
Memory status after this epoch: 
Memory allocated:  296.5654296875
Memory cached:  534.0
	 epoch  50 training error:  tensor(0.3204, device='cuda:0', grad_fn=<DivBackward0>)
Memory status after this epoch: 
Memory allocated:  296.5654296875
Memory cached:  534.0
	 epoch  60 training error:  tensor(0.2097, device='cuda:0', grad_fn=<DivBackward0>)
Memory status after this epoch: 
Memory allocated:  296.5654296875
Memory cached:  534.0
	 epoch  70 training error:  tensor(0.1838, device='cuda:0', grad_fn=<DivBackward0>)
Memory status after this epoch: 
Memory allocated:  296.5654296875
Memory cached:  534.0
	 epoch  80 training error:  tensor(0.1933, device='cuda:0', grad_fn=<DivBackward0>)
Memory status after this epoch: 
Memory allocated:  296.5654296875
Memory cached:  534.0
	 epoch  90 training error:  tensor(0.1262, device='cuda:0', grad_fn=<DivBackward0>)
Memory status after this epoch: 
Memory allocated:  296.5654296875
Memory cached:  534.0
[I 2024-01-13 08:40:49,898] Trial 153 finished with value: 0.06633874028921127 and parameters: {'W_layers': 2, 'W_layer_units_exponent_0': 6, 'W_layer_units_exponent_1': 4, 'D_layers': 5, 'D_layer_units_exponent_0': 5, 'D_layer_units_exponent_1': 5, 'D_layer_units_exponent_2': 8, 'D_layer_units_exponent_3': 10, 'D_layer_units_exponent_4': 6, 'D_dagger_layers': 5, 'D_dagger_layer_units_exponent_0': 9, 'D_dagger_layer_units_exponent_1': 8, 'D_dagger_layer_units_exponent_2': 7, 'D_dagger_layer_units_exponent_3': 6, 'D_dagger_layer_units_exponent_4': 4, 'log_learning_rate': -4.820728807186424, 'log_learning_rate_D': -3.1476099952834478, 'log_learning_rate_D_dagger': -2.8262222064287403, 'training_batch_size': 6, 'training_p': 6}. Best is trial 151 with value: 0.061272718012332916.
Time for this trial:  432.0081396102905
Memory status after this trial: 
Memory allocated:  553.197265625
Memory cached:  558.0
--------------------  Trial  154   --------------------
Start timing: 
Parameters: 
{'W_layers': 2, 'W_layer_units_exponent_0': 6, 'W_layer_units_exponent_1': 4, 'D_layers': 5, 'D_layer_units_exponent_0': 5, 'D_layer_units_exponent_1': 5, 'D_layer_units_exponent_2': 8, 'D_layer_units_exponent_3': 10, 'D_layer_units_exponent_4': 6, 'D_dagger_layers': 5, 'D_dagger_layer_units_exponent_0': 9, 'D_dagger_layer_units_exponent_1': 8, 'D_dagger_layer_units_exponent_2': 7, 'D_dagger_layer_units_exponent_3': 6, 'D_dagger_layer_units_exponent_4': 4, 'log_learning_rate': -4.8350269598060445, 'log_learning_rate_D': -2.8678177162446348, 'log_learning_rate_D_dagger': -2.6625491949056865, 'training_batch_size': 6, 'training_p': 7}
	 epoch  0 training error:  tensor(0.6984, device='cuda:0', grad_fn=<DivBackward0>)
Memory status after this epoch: 
Memory allocated:  296.5654296875
Memory cached:  534.0
	 epoch  10 training error:  tensor(0.5286, device='cuda:0', grad_fn=<DivBackward0>)
Memory status after this epoch: 
Memory allocated:  296.5654296875
Memory cached:  536.0
	 epoch  20 training error:  tensor(0.5245, device='cuda:0', grad_fn=<DivBackward0>)
Memory status after this epoch: 
Memory allocated:  296.5654296875
Memory cached:  534.0
	 epoch  30 training error:  tensor(0.5106, device='cuda:0', grad_fn=<DivBackward0>)
Memory status after this epoch: 
Memory allocated:  296.5654296875
Memory cached:  534.0
	 epoch  40 training error:  tensor(0.4147, device='cuda:0', grad_fn=<DivBackward0>)
Memory status after this epoch: 
Memory allocated:  296.5654296875
Memory cached:  534.0
	 epoch  50 training error:  tensor(0.3047, device='cuda:0', grad_fn=<DivBackward0>)
Memory status after this epoch: 
Memory allocated:  296.5654296875
Memory cached:  536.0
	 epoch  60 training error:  tensor(0.2115, device='cuda:0', grad_fn=<DivBackward0>)
Memory status after this epoch: 
Memory allocated:  296.5654296875
Memory cached:  534.0
	 epoch  70 training error:  tensor(0.1548, device='cuda:0', grad_fn=<DivBackward0>)
Memory status after this epoch: 
Memory allocated:  296.5654296875
Memory cached:  534.0
	 epoch  80 training error:  tensor(0.2493, device='cuda:0', grad_fn=<DivBackward0>)
Memory status after this epoch: 
Memory allocated:  296.5654296875
Memory cached:  534.0
	 epoch  90 training error:  tensor(0.1575, device='cuda:0', grad_fn=<DivBackward0>)
Memory status after this epoch: 
Memory allocated:  296.5654296875
Memory cached:  538.0
[I 2024-01-13 08:48:01,727] Trial 154 finished with value: 0.10550892353057861 and parameters: {'W_layers': 2, 'W_layer_units_exponent_0': 6, 'W_layer_units_exponent_1': 4, 'D_layers': 5, 'D_layer_units_exponent_0': 5, 'D_layer_units_exponent_1': 5, 'D_layer_units_exponent_2': 8, 'D_layer_units_exponent_3': 10, 'D_layer_units_exponent_4': 6, 'D_dagger_layers': 5, 'D_dagger_layer_units_exponent_0': 9, 'D_dagger_layer_units_exponent_1': 8, 'D_dagger_layer_units_exponent_2': 7, 'D_dagger_layer_units_exponent_3': 6, 'D_dagger_layer_units_exponent_4': 4, 'log_learning_rate': -4.8350269598060445, 'log_learning_rate_D': -2.8678177162446348, 'log_learning_rate_D_dagger': -2.6625491949056865, 'training_batch_size': 6, 'training_p': 7}. Best is trial 151 with value: 0.061272718012332916.
Time for this trial:  431.35074496269226
Memory status after this trial: 
Memory allocated:  553.197265625
Memory cached:  558.0
--------------------  Trial  155   --------------------
Start timing: 
Parameters: 
{'W_layers': 2, 'W_layer_units_exponent_0': 6, 'W_layer_units_exponent_1': 4, 'D_layers': 5, 'D_layer_units_exponent_0': 6, 'D_layer_units_exponent_1': 5, 'D_layer_units_exponent_2': 8, 'D_layer_units_exponent_3': 10, 'D_layer_units_exponent_4': 6, 'D_dagger_layers': 5, 'D_dagger_layer_units_exponent_0': 9, 'D_dagger_layer_units_exponent_1': 8, 'D_dagger_layer_units_exponent_2': 8, 'D_dagger_layer_units_exponent_3': 6, 'D_dagger_layer_units_exponent_4': 4, 'log_learning_rate': -4.660761699361306, 'log_learning_rate_D': -3.057554421342741, 'log_learning_rate_D_dagger': -2.7825845595626144, 'training_batch_size': 6, 'training_p': 8}
	 epoch  0 training error:  tensor(0.9232, device='cuda:0', grad_fn=<DivBackward0>)
Memory status after this epoch: 
Memory allocated:  297.2080078125
Memory cached:  532.0
	 epoch  10 training error:  tensor(0.5758, device='cuda:0', grad_fn=<DivBackward0>)
Memory status after this epoch: 
Memory allocated:  297.2080078125
Memory cached:  532.0
	 epoch  20 training error:  tensor(0.5448, device='cuda:0', grad_fn=<DivBackward0>)
Memory status after this epoch: 
Memory allocated:  297.2080078125
Memory cached:  532.0
	 epoch  30 training error:  tensor(0.5302, device='cuda:0', grad_fn=<DivBackward0>)
Memory status after this epoch: 
Memory allocated:  297.2080078125
Memory cached:  532.0
	 epoch  40 training error:  tensor(0.5407, device='cuda:0', grad_fn=<DivBackward0>)
Memory status after this epoch: 
Memory allocated:  297.2080078125
Memory cached:  532.0
	 epoch  50 training error:  tensor(0.3950, device='cuda:0', grad_fn=<DivBackward0>)
Memory status after this epoch: 
Memory allocated:  297.2080078125
Memory cached:  532.0
	 epoch  60 training error:  tensor(0.3170, device='cuda:0', grad_fn=<DivBackward0>)
Memory status after this epoch: 
Memory allocated:  297.2080078125
Memory cached:  532.0
	 epoch  70 training error:  tensor(0.2736, device='cuda:0', grad_fn=<DivBackward0>)
Memory status after this epoch: 
Memory allocated:  297.2080078125
Memory cached:  532.0
	 epoch  80 training error:  tensor(0.1958, device='cuda:0', grad_fn=<DivBackward0>)
Memory status after this epoch: 
Memory allocated:  297.2080078125
Memory cached:  532.0
	 epoch  90 training error:  tensor(0.1313, device='cuda:0', grad_fn=<DivBackward0>)
Memory status after this epoch: 
Memory allocated:  297.2080078125
Memory cached:  532.0
