[I 2024-02-18 09:40:49,550] Trial 3 finished with value: 0.08840974420309067 and parameters: {'W_layers': 5, 'W_layer_units_exponent_0': 5, 'W_layer_units_exponent_1': 10, 'W_layer_units_exponent_2': 4, 'W_layer_units_exponent_3': 8, 'W_layer_units_exponent_4': 4, 'D_layers': 3, 'D_layer_units_exponent_0': 10, 'D_layer_units_exponent_1': 6, 'D_layer_units_exponent_2': 10, 'D_dagger_layers': 4, 'D_dagger_layer_units_exponent_0': 9, 'D_dagger_layer_units_exponent_1': 7, 'D_dagger_layer_units_exponent_2': 9, 'D_dagger_layer_units_exponent_3': 8, 'log_learning_rate': -4.451092898513317, 'log_learning_rate_D': -2.731298080284372, 'log_learning_rate_D_dagger': -3.0726173168869164, 'training_batch_size': 12, 'training_p': 6}. Best is trial 3 with value: 0.08840974420309067.
res:  tensor(0.0884, device='cuda:0', grad_fn=<DivBackward0>)
self.bestValue:  tensor(0.0918, device='cuda:0', grad_fn=<DivBackward0>)
Save this model!
Time for this trial:  24.113527297973633
Memory status after this trial: 
Memory allocated:  596.296875
Memory cached:  628.0
--------------------  Trial  4   --------------------
Start timing: 
Parameters: 
{'W_layers': 5, 'W_layer_units_exponent_0': 10, 'W_layer_units_exponent_1': 4, 'W_layer_units_exponent_2': 9, 'W_layer_units_exponent_3': 7, 'W_layer_units_exponent_4': 9, 'D_layers': 6, 'D_layer_units_exponent_0': 5, 'D_layer_units_exponent_1': 9, 'D_layer_units_exponent_2': 5, 'D_layer_units_exponent_3': 7, 'D_layer_units_exponent_4': 8, 'D_layer_units_exponent_5': 10, 'D_dagger_layers': 2, 'D_dagger_layer_units_exponent_0': 8, 'D_dagger_layer_units_exponent_1': 4, 'log_learning_rate': -2.4726588510934464, 'log_learning_rate_D': -2.2053346466351536, 'log_learning_rate_D_dagger': -2.718720955525293, 'training_batch_size': 10, 'training_p': 4}
	 epoch  0 training error:  tensor(0.7902, device='cuda:0', grad_fn=<DivBackward0>)
Memory status after this epoch: 
Memory allocated:  600.2060546875
Memory cached:  628.0
	 epoch  10 training error:  tensor(0.3204, device='cuda:0', grad_fn=<DivBackward0>)
Memory status after this epoch: 
Memory allocated:  600.2060546875
Memory cached:  628.0
	 epoch  20 training error:  tensor(0.2263, device='cuda:0', grad_fn=<DivBackward0>)
Memory status after this epoch: 
Memory allocated:  600.2060546875
Memory cached:  628.0
	 epoch  30 training error:  tensor(0.1589, device='cuda:0', grad_fn=<DivBackward0>)
Memory status after this epoch: 
Memory allocated:  600.2060546875
Memory cached:  628.0
	 epoch  40 training error:  tensor(0.1414, device='cuda:0', grad_fn=<DivBackward0>)
Memory status after this epoch: 
Memory allocated:  600.2060546875
Memory cached:  628.0
	 epoch  50 training error:  tensor(0.1257, device='cuda:0', grad_fn=<DivBackward0>)
Memory status after this epoch: 
Memory allocated:  600.2060546875
Memory cached:  628.0
	 epoch  60 training error:  tensor(0.1089, device='cuda:0', grad_fn=<DivBackward0>)
Memory status after this epoch: 
Memory allocated:  600.2060546875
Memory cached:  628.0
	 epoch  70 training error:  tensor(0.1052, device='cuda:0', grad_fn=<DivBackward0>)
Memory status after this epoch: 
Memory allocated:  600.2060546875
Memory cached:  628.0
	 epoch  80 training error:  tensor(0.1038, device='cuda:0', grad_fn=<DivBackward0>)
Memory status after this epoch: 
Memory allocated:  600.2060546875
Memory cached:  628.0
	 epoch  90 training error:  tensor(0.1097, device='cuda:0', grad_fn=<DivBackward0>)
Memory status after this epoch: 
Memory allocated:  600.2060546875
Memory cached:  628.0
[I 2024-02-18 09:41:26,958] Trial 4 finished with value: 0.09150633215904236 and parameters: {'W_layers': 5, 'W_layer_units_exponent_0': 10, 'W_layer_units_exponent_1': 4, 'W_layer_units_exponent_2': 9, 'W_layer_units_exponent_3': 7, 'W_layer_units_exponent_4': 9, 'D_layers': 6, 'D_layer_units_exponent_0': 5, 'D_layer_units_exponent_1': 9, 'D_layer_units_exponent_2': 5, 'D_layer_units_exponent_3': 7, 'D_layer_units_exponent_4': 8, 'D_layer_units_exponent_5': 10, 'D_dagger_layers': 2, 'D_dagger_layer_units_exponent_0': 8, 'D_dagger_layer_units_exponent_1': 4, 'log_learning_rate': -2.4726588510934464, 'log_learning_rate_D': -2.2053346466351536, 'log_learning_rate_D_dagger': -2.718720955525293, 'training_batch_size': 10, 'training_p': 4}. Best is trial 3 with value: 0.08840974420309067.
Time for this trial:  37.17294454574585
Memory status after this trial: 
Memory allocated:  1119.49169921875
Memory cached:  1142.0
--------------------  Trial  5   --------------------
Start timing: 
Parameters: 
{'W_layers': 4, 'W_layer_units_exponent_0': 7, 'W_layer_units_exponent_1': 6, 'W_layer_units_exponent_2': 7, 'W_layer_units_exponent_3': 7, 'D_layers': 8, 'D_layer_units_exponent_0': 7, 'D_layer_units_exponent_1': 7, 'D_layer_units_exponent_2': 6, 'D_layer_units_exponent_3': 7, 'D_layer_units_exponent_4': 5, 'D_layer_units_exponent_5': 5, 'D_layer_units_exponent_6': 9, 'D_layer_units_exponent_7': 9, 'D_dagger_layers': 4, 'D_dagger_layer_units_exponent_0': 10, 'D_dagger_layer_units_exponent_1': 6, 'D_dagger_layer_units_exponent_2': 7, 'D_dagger_layer_units_exponent_3': 6, 'log_learning_rate': -2.2181247478960495, 'log_learning_rate_D': -4.6647918760755545, 'log_learning_rate_D_dagger': -4.191789785095374, 'training_batch_size': 12, 'training_p': 2}
	 epoch  0 training error:  tensor(1.0830, device='cuda:0', grad_fn=<DivBackward0>)
Memory status after this epoch: 
Memory allocated:  599.43701171875
Memory cached:  628.0
	 epoch  10 training error:  tensor(0.5439, device='cuda:0', grad_fn=<DivBackward0>)
Memory status after this epoch: 
Memory allocated:  599.43701171875
Memory cached:  628.0
	 epoch  20 training error:  tensor(0.2994, device='cuda:0', grad_fn=<DivBackward0>)
Memory status after this epoch: 
Memory allocated:  599.43701171875
Memory cached:  628.0
	 epoch  30 training error:  tensor(0.1971, device='cuda:0', grad_fn=<DivBackward0>)
Memory status after this epoch: 
Memory allocated:  599.43701171875
Memory cached:  628.0
	 epoch  40 training error:  tensor(0.1658, device='cuda:0', grad_fn=<DivBackward0>)
Memory status after this epoch: 
Memory allocated:  599.43701171875
Memory cached:  628.0
	 epoch  50 training error:  tensor(0.1506, device='cuda:0', grad_fn=<DivBackward0>)
Memory status after this epoch: 
Memory allocated:  599.43701171875
Memory cached:  628.0
	 epoch  60 training error:  tensor(0.1322, device='cuda:0', grad_fn=<DivBackward0>)
Memory status after this epoch: 
Memory allocated:  599.43701171875
Memory cached:  628.0
	 epoch  70 training error:  tensor(0.1176, device='cuda:0', grad_fn=<DivBackward0>)
Memory status after this epoch: 
Memory allocated:  599.43701171875
Memory cached:  628.0
	 epoch  80 training error:  tensor(0.1046, device='cuda:0', grad_fn=<DivBackward0>)
Memory status after this epoch: 
Memory allocated:  599.43701171875
Memory cached:  628.0
	 epoch  90 training error:  tensor(0.0940, device='cuda:0', grad_fn=<DivBackward0>)
Memory status after this epoch: 
Memory allocated:  599.43701171875
Memory cached:  628.0
[I 2024-02-18 09:42:18,934] Trial 5 finished with value: 0.08753076940774918 and parameters: {'W_layers': 4, 'W_layer_units_exponent_0': 7, 'W_layer_units_exponent_1': 6, 'W_layer_units_exponent_2': 7, 'W_layer_units_exponent_3': 7, 'D_layers': 8, 'D_layer_units_exponent_0': 7, 'D_layer_units_exponent_1': 7, 'D_layer_units_exponent_2': 6, 'D_layer_units_exponent_3': 7, 'D_layer_units_exponent_4': 5, 'D_layer_units_exponent_5': 5, 'D_layer_units_exponent_6': 9, 'D_layer_units_exponent_7': 9, 'D_dagger_layers': 4, 'D_dagger_layer_units_exponent_0': 10, 'D_dagger_layer_units_exponent_1': 6, 'D_dagger_layer_units_exponent_2': 7, 'D_dagger_layer_units_exponent_3': 6, 'log_learning_rate': -2.2181247478960495, 'log_learning_rate_D': -4.6647918760755545, 'log_learning_rate_D_dagger': -4.191789785095374, 'training_batch_size': 12, 'training_p': 2}. Best is trial 5 with value: 0.08753076940774918.
res:  tensor(0.0875, device='cuda:0', grad_fn=<DivBackward0>)
self.bestValue:  tensor(0.0884, device='cuda:0', grad_fn=<DivBackward0>)
Save this model!
Time for this trial:  51.72608733177185
Memory status after this trial: 
Memory allocated:  372.982421875
Memory cached:  444.0
--------------------  Trial  6   --------------------
Start timing: 
Parameters: 
{'W_layers': 2, 'W_layer_units_exponent_0': 8, 'W_layer_units_exponent_1': 5, 'D_layers': 8, 'D_layer_units_exponent_0': 9, 'D_layer_units_exponent_1': 4, 'D_layer_units_exponent_2': 4, 'D_layer_units_exponent_3': 7, 'D_layer_units_exponent_4': 6, 'D_layer_units_exponent_5': 10, 'D_layer_units_exponent_6': 10, 'D_layer_units_exponent_7': 5, 'D_dagger_layers': 5, 'D_dagger_layer_units_exponent_0': 4, 'D_dagger_layer_units_exponent_1': 4, 'D_dagger_layer_units_exponent_2': 6, 'D_dagger_layer_units_exponent_3': 8, 'D_dagger_layer_units_exponent_4': 9, 'log_learning_rate': -4.241255926855397, 'log_learning_rate_D': -4.7371138433985305, 'log_learning_rate_D_dagger': -2.0223225658528152, 'training_batch_size': 6, 'training_p': 5}
	 epoch  0 training error:  tensor(1.4703, device='cuda:0', grad_fn=<DivBackward0>)
Memory status after this epoch: 
Memory allocated:  380.27587890625
Memory cached:  448.0
	 epoch  10 training error:  tensor(0.1474, device='cuda:0', grad_fn=<DivBackward0>)
Memory status after this epoch: 
Memory allocated:  380.27587890625
Memory cached:  446.0
	 epoch  20 training error:  tensor(0.1820, device='cuda:0', grad_fn=<DivBackward0>)
Memory status after this epoch: 
Memory allocated:  380.27587890625
Memory cached:  446.0
	 epoch  30 training error:  tensor(0.1405, device='cuda:0', grad_fn=<DivBackward0>)
Memory status after this epoch: 
Memory allocated:  380.27587890625
Memory cached:  446.0
	 epoch  40 training error:  tensor(0.1138, device='cuda:0', grad_fn=<DivBackward0>)
Memory status after this epoch: 
Memory allocated:  380.27587890625
Memory cached:  446.0
	 epoch  50 training error:  tensor(0.1265, device='cuda:0', grad_fn=<DivBackward0>)
Memory status after this epoch: 
Memory allocated:  380.27587890625
Memory cached:  446.0
	 epoch  60 training error:  tensor(0.1496, device='cuda:0', grad_fn=<DivBackward0>)
Memory status after this epoch: 
Memory allocated:  380.27587890625
Memory cached:  448.0
	 epoch  70 training error:  tensor(0.1088, device='cuda:0', grad_fn=<DivBackward0>)
Memory status after this epoch: 
Memory allocated:  380.27587890625
Memory cached:  446.0
	 epoch  80 training error:  tensor(0.1212, device='cuda:0', grad_fn=<DivBackward0>)
Memory status after this epoch: 
Memory allocated:  380.27587890625
Memory cached:  448.0
	 epoch  90 training error:  tensor(0.1193, device='cuda:0', grad_fn=<DivBackward0>)
Memory status after this epoch: 
Memory allocated:  380.27587890625
Memory cached:  446.0
[I 2024-02-18 09:42:44,691] Trial 6 finished with value: 0.0994790717959404 and parameters: {'W_layers': 2, 'W_layer_units_exponent_0': 8, 'W_layer_units_exponent_1': 5, 'D_layers': 8, 'D_layer_units_exponent_0': 9, 'D_layer_units_exponent_1': 4, 'D_layer_units_exponent_2': 4, 'D_layer_units_exponent_3': 7, 'D_layer_units_exponent_4': 6, 'D_layer_units_exponent_5': 10, 'D_layer_units_exponent_6': 10, 'D_layer_units_exponent_7': 5, 'D_dagger_layers': 5, 'D_dagger_layer_units_exponent_0': 4, 'D_dagger_layer_units_exponent_1': 4, 'D_dagger_layer_units_exponent_2': 6, 'D_dagger_layer_units_exponent_3': 8, 'D_dagger_layer_units_exponent_4': 9, 'log_learning_rate': -4.241255926855397, 'log_learning_rate_D': -4.7371138433985305, 'log_learning_rate_D_dagger': -2.0223225658528152, 'training_batch_size': 6, 'training_p': 5}. Best is trial 5 with value: 0.08753076940774918.
Time for this trial:  25.503992795944214
Memory status after this trial: 
Memory allocated:  608.06591796875
Memory cached:  630.0
--------------------  Trial  7   --------------------
Start timing: 
Parameters: 
{'W_layers': 6, 'W_layer_units_exponent_0': 5, 'W_layer_units_exponent_1': 5, 'W_layer_units_exponent_2': 4, 'W_layer_units_exponent_3': 7, 'W_layer_units_exponent_4': 6, 'W_layer_units_exponent_5': 7, 'D_layers': 3, 'D_layer_units_exponent_0': 5, 'D_layer_units_exponent_1': 10, 'D_layer_units_exponent_2': 7, 'D_dagger_layers': 8, 'D_dagger_layer_units_exponent_0': 5, 'D_dagger_layer_units_exponent_1': 7, 'D_dagger_layer_units_exponent_2': 4, 'D_dagger_layer_units_exponent_3': 5, 'D_dagger_layer_units_exponent_4': 10, 'D_dagger_layer_units_exponent_5': 5, 'D_dagger_layer_units_exponent_6': 6, 'D_dagger_layer_units_exponent_7': 5, 'log_learning_rate': -1.062066924169621, 'log_learning_rate_D': -1.2654728495775518, 'log_learning_rate_D_dagger': -2.5563543150032157, 'training_batch_size': 12, 'training_p': 4}
	 epoch  0 training error:  tensor(1.0073, device='cuda:0', grad_fn=<DivBackward0>)
Memory status after this epoch: 
Memory allocated:  375.25390625
Memory cached:  444.0
	 epoch  10 training error:  tensor(40.3653, device='cuda:0', grad_fn=<DivBackward0>)
Memory status after this epoch: 
Memory allocated:  375.25390625
Memory cached:  444.0
	 epoch  20 training error:  tensor(1.1275, device='cuda:0', grad_fn=<DivBackward0>)
Memory status after this epoch: 
Memory allocated:  375.25390625
Memory cached:  444.0
	 epoch  30 training error:  tensor(0.3237, device='cuda:0', grad_fn=<DivBackward0>)
Memory status after this epoch: 
Memory allocated:  375.25390625
Memory cached:  444.0
	 epoch  40 training error:  tensor(0.2770, device='cuda:0', grad_fn=<DivBackward0>)
Memory status after this epoch: 
Memory allocated:  375.25390625
Memory cached:  444.0
	 epoch  50 training error:  tensor(0.3168, device='cuda:0', grad_fn=<DivBackward0>)
Memory status after this epoch: 
Memory allocated:  375.25390625
Memory cached:  444.0
	 epoch  60 training error:  tensor(0.1929, device='cuda:0', grad_fn=<DivBackward0>)
Memory status after this epoch: 
Memory allocated:  375.25390625
Memory cached:  444.0
	 epoch  70 training error:  tensor(0.1564, device='cuda:0', grad_fn=<DivBackward0>)
Memory status after this epoch: 
Memory allocated:  375.25390625
Memory cached:  444.0
	 epoch  80 training error:  tensor(0.1540, device='cuda:0', grad_fn=<DivBackward0>)
Memory status after this epoch: 
Memory allocated:  375.25390625
Memory cached:  444.0
	 epoch  90 training error:  tensor(0.1171, device='cuda:0', grad_fn=<DivBackward0>)
Memory status after this epoch: 
Memory allocated:  375.25390625
Memory cached:  444.0
[I 2024-02-18 09:43:22,243] Trial 7 finished with value: 0.08715615421533585 and parameters: {'W_layers': 6, 'W_layer_units_exponent_0': 5, 'W_layer_units_exponent_1': 5, 'W_layer_units_exponent_2': 4, 'W_layer_units_exponent_3': 7, 'W_layer_units_exponent_4': 6, 'W_layer_units_exponent_5': 7, 'D_layers': 3, 'D_layer_units_exponent_0': 5, 'D_layer_units_exponent_1': 10, 'D_layer_units_exponent_2': 7, 'D_dagger_layers': 8, 'D_dagger_layer_units_exponent_0': 5, 'D_dagger_layer_units_exponent_1': 7, 'D_dagger_layer_units_exponent_2': 4, 'D_dagger_layer_units_exponent_3': 5, 'D_dagger_layer_units_exponent_4': 10, 'D_dagger_layer_units_exponent_5': 5, 'D_dagger_layer_units_exponent_6': 6, 'D_dagger_layer_units_exponent_7': 5, 'log_learning_rate': -1.062066924169621, 'log_learning_rate_D': -1.2654728495775518, 'log_learning_rate_D_dagger': -2.5563543150032157, 'training_batch_size': 12, 'training_p': 4}. Best is trial 7 with value: 0.08715615421533585.
res:  tensor(0.0872, device='cuda:0', grad_fn=<DivBackward0>)
self.bestValue:  tensor(0.0875, device='cuda:0', grad_fn=<DivBackward0>)
Save this model!
Time for this trial:  37.304038286209106
Memory status after this trial: 
Memory allocated:  380.5595703125
Memory cached:  468.0
--------------------  Trial  8   --------------------
Start timing: 
Parameters: 
{'W_layers': 6, 'W_layer_units_exponent_0': 4, 'W_layer_units_exponent_1': 5, 'W_layer_units_exponent_2': 7, 'W_layer_units_exponent_3': 7, 'W_layer_units_exponent_4': 8, 'W_layer_units_exponent_5': 7, 'D_layers': 4, 'D_layer_units_exponent_0': 5, 'D_layer_units_exponent_1': 6, 'D_layer_units_exponent_2': 9, 'D_layer_units_exponent_3': 6, 'D_dagger_layers': 4, 'D_dagger_layer_units_exponent_0': 7, 'D_dagger_layer_units_exponent_1': 7, 'D_dagger_layer_units_exponent_2': 8, 'D_dagger_layer_units_exponent_3': 7, 'log_learning_rate': -3.0673681622294704, 'log_learning_rate_D': -1.196870855424092, 'log_learning_rate_D_dagger': -1.9821803430764176, 'training_batch_size': 8, 'training_p': 8}
	 epoch  0 training error:  tensor(1.3867, device='cuda:0', grad_fn=<DivBackward0>)
Memory status after this epoch: 
Memory allocated:  383.44873046875
Memory cached:  468.0
	 epoch  10 training error:  tensor(0.2533, device='cuda:0', grad_fn=<DivBackward0>)
Memory status after this epoch: 
Memory allocated:  383.44873046875
Memory cached:  470.0
	 epoch  20 training error:  tensor(0.1582, device='cuda:0', grad_fn=<DivBackward0>)
Memory status after this epoch: 
Memory allocated:  383.44873046875
Memory cached:  470.0
	 epoch  30 training error:  tensor(0.1568, device='cuda:0', grad_fn=<DivBackward0>)
Memory status after this epoch: 
Memory allocated:  383.44873046875
Memory cached:  470.0
	 epoch  40 training error:  tensor(0.1527, device='cuda:0', grad_fn=<DivBackward0>)
Memory status after this epoch: 
Memory allocated:  383.44873046875
Memory cached:  470.0
	 epoch  50 training error:  tensor(0.1517, device='cuda:0', grad_fn=<DivBackward0>)
Memory status after this epoch: 
Memory allocated:  383.44873046875
Memory cached:  470.0
	 epoch  60 training error:  tensor(0.1470, device='cuda:0', grad_fn=<DivBackward0>)
Memory status after this epoch: 
Memory allocated:  383.44873046875
Memory cached:  470.0
	 epoch  70 training error:  tensor(0.1392, device='cuda:0', grad_fn=<DivBackward0>)
Memory status after this epoch: 
Memory allocated:  383.44873046875
Memory cached:  470.0
	 epoch  80 training error:  tensor(0.1398, device='cuda:0', grad_fn=<DivBackward0>)
Memory status after this epoch: 
Memory allocated:  383.44873046875
Memory cached:  470.0
	 epoch  90 training error:  tensor(0.1715, device='cuda:0', grad_fn=<DivBackward0>)
Memory status after this epoch: 
Memory allocated:  383.44873046875
Memory cached:  470.0
[I 2024-02-18 09:43:56,183] Trial 8 finished with value: 0.11485233157873154 and parameters: {'W_layers': 6, 'W_layer_units_exponent_0': 4, 'W_layer_units_exponent_1': 5, 'W_layer_units_exponent_2': 7, 'W_layer_units_exponent_3': 7, 'W_layer_units_exponent_4': 8, 'W_layer_units_exponent_5': 7, 'D_layers': 4, 'D_layer_units_exponent_0': 5, 'D_layer_units_exponent_1': 6, 'D_layer_units_exponent_2': 9, 'D_layer_units_exponent_3': 6, 'D_dagger_layers': 4, 'D_dagger_layer_units_exponent_0': 7, 'D_dagger_layer_units_exponent_1': 7, 'D_dagger_layer_units_exponent_2': 8, 'D_dagger_layer_units_exponent_3': 7, 'log_learning_rate': -3.0673681622294704, 'log_learning_rate_D': -1.196870855424092, 'log_learning_rate_D_dagger': -1.9821803430764176, 'training_batch_size': 8, 'training_p': 8}. Best is trial 7 with value: 0.08715615421533585.
Time for this trial:  33.70600175857544
Memory status after this trial: 
Memory allocated:  663.52001953125
Memory cached:  690.0
--------------------  Trial  9   --------------------
Start timing: 
Parameters: 
{'W_layers': 2, 'W_layer_units_exponent_0': 7, 'W_layer_units_exponent_1': 4, 'D_layers': 3, 'D_layer_units_exponent_0': 9, 'D_layer_units_exponent_1': 5, 'D_layer_units_exponent_2': 5, 'D_dagger_layers': 7, 'D_dagger_layer_units_exponent_0': 8, 'D_dagger_layer_units_exponent_1': 9, 'D_dagger_layer_units_exponent_2': 10, 'D_dagger_layer_units_exponent_3': 6, 'D_dagger_layer_units_exponent_4': 6, 'D_dagger_layer_units_exponent_5': 10, 'D_dagger_layer_units_exponent_6': 4, 'log_learning_rate': -4.331090635175409, 'log_learning_rate_D': -1.4659614233417981, 'log_learning_rate_D_dagger': -3.3363833905280735, 'training_batch_size': 10, 'training_p': 8}
	 epoch  0 training error:  tensor(1.1671, device='cuda:0', grad_fn=<DivBackward0>)
Memory status after this epoch: 
Memory allocated:  393.1591796875
Memory cached:  468.0
	 epoch  10 training error:  tensor(0.2677, device='cuda:0', grad_fn=<DivBackward0>)
Memory status after this epoch: 
Memory allocated:  393.1591796875
Memory cached:  468.0
	 epoch  20 training error:  tensor(0.1827, device='cuda:0', grad_fn=<DivBackward0>)
Memory status after this epoch: 
Memory allocated:  393.1591796875
Memory cached:  468.0
	 epoch  30 training error:  tensor(0.1643, device='cuda:0', grad_fn=<DivBackward0>)
Memory status after this epoch: 
Memory allocated:  393.1591796875
Memory cached:  468.0
	 epoch  40 training error:  tensor(0.1512, device='cuda:0', grad_fn=<DivBackward0>)
Memory status after this epoch: 
Memory allocated:  393.1591796875
Memory cached:  468.0
	 epoch  50 training error:  tensor(0.1349, device='cuda:0', grad_fn=<DivBackward0>)
Memory status after this epoch: 
Memory allocated:  393.1591796875
Memory cached:  468.0
	 epoch  60 training error:  tensor(0.1224, device='cuda:0', grad_fn=<DivBackward0>)
Memory status after this epoch: 
Memory allocated:  393.1591796875
Memory cached:  468.0
	 epoch  70 training error:  tensor(0.1184, device='cuda:0', grad_fn=<DivBackward0>)
Memory status after this epoch: 
Memory allocated:  393.1591796875
Memory cached:  468.0
	 epoch  80 training error:  tensor(0.1284, device='cuda:0', grad_fn=<DivBackward0>)
Memory status after this epoch: 
Memory allocated:  393.1591796875
Memory cached:  468.0
	 epoch  90 training error:  tensor(0.1265, device='cuda:0', grad_fn=<DivBackward0>)
Memory status after this epoch: 
Memory allocated:  393.1591796875
Memory cached:  468.0
