[I 2024-01-01 14:53:45,586] Trial 255 finished with value: 0.4961049258708954 and parameters: {'W_layers': 5, 'W_layer_units_exponent_0': 8, 'W_layer_units_exponent_1': 10, 'W_layer_units_exponent_2': 7, 'W_layer_units_exponent_3': 6, 'W_layer_units_exponent_4': 5, 'D_layers': 5, 'D_layer_units_exponent_0': 5, 'D_layer_units_exponent_1': 10, 'D_layer_units_exponent_2': 10, 'D_layer_units_exponent_3': 8, 'D_layer_units_exponent_4': 4, 'D_dagger_layers': 8, 'D_dagger_layer_units_exponent_0': 9, 'D_dagger_layer_units_exponent_1': 7, 'D_dagger_layer_units_exponent_2': 5, 'D_dagger_layer_units_exponent_3': 7, 'D_dagger_layer_units_exponent_4': 4, 'D_dagger_layer_units_exponent_5': 8, 'D_dagger_layer_units_exponent_6': 5, 'D_dagger_layer_units_exponent_7': 8, 'log_learning_rate': -2.93052865254447, 'log_learning_rate_D': -3.1466164095786935, 'log_learning_rate_D_dagger': -2.5185030090902805, 'training_batch_size': 6, 'training_p': 7}. Best is trial 220 with value: 0.11745021492242813.
Time for this trial:  402.3617813587189
Memory status after this trial: 
Memory allocated:  492.04052734375
Memory cached:  512.0
--------------------  Trial  256   --------------------
Start timing: 
Parameters: 
{'W_layers': 5, 'W_layer_units_exponent_0': 8, 'W_layer_units_exponent_1': 10, 'W_layer_units_exponent_2': 6, 'W_layer_units_exponent_3': 7, 'W_layer_units_exponent_4': 5, 'D_layers': 5, 'D_layer_units_exponent_0': 7, 'D_layer_units_exponent_1': 10, 'D_layer_units_exponent_2': 10, 'D_layer_units_exponent_3': 8, 'D_layer_units_exponent_4': 4, 'D_dagger_layers': 3, 'D_dagger_layer_units_exponent_0': 9, 'D_dagger_layer_units_exponent_1': 7, 'D_dagger_layer_units_exponent_2': 6, 'log_learning_rate': -2.526253813593751, 'log_learning_rate_D': -3.927494365387548, 'log_learning_rate_D_dagger': -2.4259563188047757, 'training_batch_size': 6, 'training_p': 7}
	 epoch  0 training error:  tensor(1.6507, device='cuda:0', grad_fn=<DivBackward0>)
Memory status after this epoch: 
Memory allocated:  230.74267578125
Memory cached:  420.0
	 epoch  10 training error:  tensor(0.6398, device='cuda:0', grad_fn=<DivBackward0>)
Memory status after this epoch: 
Memory allocated:  230.74267578125
Memory cached:  436.0
	 epoch  20 training error:  tensor(0.5539, device='cuda:0', grad_fn=<DivBackward0>)
Memory status after this epoch: 
Memory allocated:  230.74267578125
Memory cached:  434.0
	 epoch  30 training error:  tensor(0.5307, device='cuda:0', grad_fn=<DivBackward0>)
Memory status after this epoch: 
Memory allocated:  230.74267578125
Memory cached:  440.0
	 epoch  40 training error:  tensor(0.5538, device='cuda:0', grad_fn=<DivBackward0>)
Memory status after this epoch: 
Memory allocated:  230.74267578125
Memory cached:  438.0
	 epoch  50 training error:  tensor(0.5193, device='cuda:0', grad_fn=<DivBackward0>)
Memory status after this epoch: 
Memory allocated:  230.74267578125
Memory cached:  432.0
	 epoch  60 training error:  tensor(0.4131, device='cuda:0', grad_fn=<DivBackward0>)
Memory status after this epoch: 
Memory allocated:  230.74267578125
Memory cached:  432.0
	 epoch  70 training error:  tensor(0.3302, device='cuda:0', grad_fn=<DivBackward0>)
Memory status after this epoch: 
Memory allocated:  230.74267578125
Memory cached:  434.0
	 epoch  80 training error:  tensor(0.2960, device='cuda:0', grad_fn=<DivBackward0>)
Memory status after this epoch: 
Memory allocated:  230.74267578125
Memory cached:  434.0
	 epoch  90 training error:  tensor(0.3165, device='cuda:0', grad_fn=<DivBackward0>)
Memory status after this epoch: 
Memory allocated:  230.74267578125
Memory cached:  434.0
[I 2024-01-01 14:59:12,619] Trial 256 finished with value: 0.18083691596984863 and parameters: {'W_layers': 5, 'W_layer_units_exponent_0': 8, 'W_layer_units_exponent_1': 10, 'W_layer_units_exponent_2': 6, 'W_layer_units_exponent_3': 7, 'W_layer_units_exponent_4': 5, 'D_layers': 5, 'D_layer_units_exponent_0': 7, 'D_layer_units_exponent_1': 10, 'D_layer_units_exponent_2': 10, 'D_layer_units_exponent_3': 8, 'D_layer_units_exponent_4': 4, 'D_dagger_layers': 3, 'D_dagger_layer_units_exponent_0': 9, 'D_dagger_layer_units_exponent_1': 7, 'D_dagger_layer_units_exponent_2': 6, 'log_learning_rate': -2.526253813593751, 'log_learning_rate_D': -3.927494365387548, 'log_learning_rate_D_dagger': -2.4259563188047757, 'training_batch_size': 6, 'training_p': 7}. Best is trial 220 with value: 0.11745021492242813.
Time for this trial:  326.47763776779175
Memory status after this trial: 
Memory allocated:  463.4619140625
Memory cached:  482.0
--------------------  Trial  257   --------------------
Start timing: 
Parameters: 
{'W_layers': 5, 'W_layer_units_exponent_0': 8, 'W_layer_units_exponent_1': 10, 'W_layer_units_exponent_2': 6, 'W_layer_units_exponent_3': 6, 'W_layer_units_exponent_4': 5, 'D_layers': 5, 'D_layer_units_exponent_0': 7, 'D_layer_units_exponent_1': 10, 'D_layer_units_exponent_2': 10, 'D_layer_units_exponent_3': 8, 'D_layer_units_exponent_4': 4, 'D_dagger_layers': 3, 'D_dagger_layer_units_exponent_0': 9, 'D_dagger_layer_units_exponent_1': 7, 'D_dagger_layer_units_exponent_2': 5, 'log_learning_rate': -2.765424878164933, 'log_learning_rate_D': -4.146364514564949, 'log_learning_rate_D_dagger': -2.1806499495962854, 'training_batch_size': 6, 'training_p': 7}
	 epoch  0 training error:  tensor(1.4691, device='cuda:0', grad_fn=<DivBackward0>)
Memory status after this epoch: 
Memory allocated:  230.58642578125
Memory cached:  416.0
	 epoch  10 training error:  tensor(0.5538, device='cuda:0', grad_fn=<DivBackward0>)
Memory status after this epoch: 
Memory allocated:  230.58642578125
Memory cached:  434.0
	 epoch  20 training error:  tensor(0.5476, device='cuda:0', grad_fn=<DivBackward0>)
Memory status after this epoch: 
Memory allocated:  230.58642578125
Memory cached:  434.0
	 epoch  30 training error:  tensor(0.5232, device='cuda:0', grad_fn=<DivBackward0>)
Memory status after this epoch: 
Memory allocated:  230.58642578125
Memory cached:  428.0
	 epoch  40 training error:  tensor(0.5408, device='cuda:0', grad_fn=<DivBackward0>)
Memory status after this epoch: 
Memory allocated:  230.58642578125
Memory cached:  430.0
	 epoch  50 training error:  tensor(0.5051, device='cuda:0', grad_fn=<DivBackward0>)
Memory status after this epoch: 
Memory allocated:  230.58642578125
Memory cached:  430.0
	 epoch  60 training error:  tensor(0.3788, device='cuda:0', grad_fn=<DivBackward0>)
Memory status after this epoch: 
Memory allocated:  230.58642578125
Memory cached:  430.0
	 epoch  70 training error:  tensor(0.4630, device='cuda:0', grad_fn=<DivBackward0>)
Memory status after this epoch: 
Memory allocated:  230.58642578125
Memory cached:  422.0
	 epoch  80 training error:  tensor(0.3136, device='cuda:0', grad_fn=<DivBackward0>)
Memory status after this epoch: 
Memory allocated:  230.58642578125
Memory cached:  424.0
	 epoch  90 training error:  tensor(0.2817, device='cuda:0', grad_fn=<DivBackward0>)
Memory status after this epoch: 
Memory allocated:  230.58642578125
Memory cached:  432.0
[I 2024-01-01 15:04:38,060] Trial 257 finished with value: 0.18695825338363647 and parameters: {'W_layers': 5, 'W_layer_units_exponent_0': 8, 'W_layer_units_exponent_1': 10, 'W_layer_units_exponent_2': 6, 'W_layer_units_exponent_3': 6, 'W_layer_units_exponent_4': 5, 'D_layers': 5, 'D_layer_units_exponent_0': 7, 'D_layer_units_exponent_1': 10, 'D_layer_units_exponent_2': 10, 'D_layer_units_exponent_3': 8, 'D_layer_units_exponent_4': 4, 'D_dagger_layers': 3, 'D_dagger_layer_units_exponent_0': 9, 'D_dagger_layer_units_exponent_1': 7, 'D_dagger_layer_units_exponent_2': 5, 'log_learning_rate': -2.765424878164933, 'log_learning_rate_D': -4.146364514564949, 'log_learning_rate_D_dagger': -2.1806499495962854, 'training_batch_size': 6, 'training_p': 7}. Best is trial 220 with value: 0.11745021492242813.
Time for this trial:  324.98941922187805
Memory status after this trial: 
Memory allocated:  458.5009765625
Memory cached:  478.0
--------------------  Trial  258   --------------------
Start timing: 
Parameters: 
{'W_layers': 5, 'W_layer_units_exponent_0': 8, 'W_layer_units_exponent_1': 4, 'W_layer_units_exponent_2': 6, 'W_layer_units_exponent_3': 6, 'W_layer_units_exponent_4': 5, 'D_layers': 5, 'D_layer_units_exponent_0': 7, 'D_layer_units_exponent_1': 9, 'D_layer_units_exponent_2': 10, 'D_layer_units_exponent_3': 8, 'D_layer_units_exponent_4': 4, 'D_dagger_layers': 3, 'D_dagger_layer_units_exponent_0': 5, 'D_dagger_layer_units_exponent_1': 7, 'D_dagger_layer_units_exponent_2': 5, 'log_learning_rate': -2.6081956327461624, 'log_learning_rate_D': -2.864298636125528, 'log_learning_rate_D_dagger': -2.369897515154327, 'training_batch_size': 6, 'training_p': 7}
	 epoch  0 training error:  tensor(0.9341, device='cuda:0', grad_fn=<DivBackward0>)
Memory status after this epoch: 
Memory allocated:  215.68603515625
Memory cached:  412.0
	 epoch  10 training error:  tensor(0.5673, device='cuda:0', grad_fn=<DivBackward0>)
Memory status after this epoch: 
Memory allocated:  215.68603515625
Memory cached:  448.0
	 epoch  20 training error:  tensor(0.5513, device='cuda:0', grad_fn=<DivBackward0>)
Memory status after this epoch: 
Memory allocated:  215.68603515625
Memory cached:  448.0
	 epoch  30 training error:  tensor(0.5531, device='cuda:0', grad_fn=<DivBackward0>)
Memory status after this epoch: 
Memory allocated:  215.68603515625
Memory cached:  434.0
	 epoch  40 training error:  tensor(0.5554, device='cuda:0', grad_fn=<DivBackward0>)
Memory status after this epoch: 
Memory allocated:  215.68603515625
Memory cached:  442.0
	 epoch  50 training error:  tensor(0.5447, device='cuda:0', grad_fn=<DivBackward0>)
Memory status after this epoch: 
Memory allocated:  215.68603515625
Memory cached:  436.0
	 epoch  60 training error:  tensor(0.5447, device='cuda:0', grad_fn=<DivBackward0>)
Memory status after this epoch: 
Memory allocated:  215.68603515625
Memory cached:  444.0
	 epoch  70 training error:  tensor(0.5416, device='cuda:0', grad_fn=<DivBackward0>)
Memory status after this epoch: 
Memory allocated:  215.68603515625
Memory cached:  436.0
	 epoch  80 training error:  tensor(0.5454, device='cuda:0', grad_fn=<DivBackward0>)
Memory status after this epoch: 
Memory allocated:  215.68603515625
Memory cached:  440.0
	 epoch  90 training error:  tensor(0.5421, device='cuda:0', grad_fn=<DivBackward0>)
Memory status after this epoch: 
Memory allocated:  215.68603515625
Memory cached:  446.0
[I 2024-01-01 15:09:50,014] Trial 258 finished with value: 0.4570034146308899 and parameters: {'W_layers': 5, 'W_layer_units_exponent_0': 8, 'W_layer_units_exponent_1': 4, 'W_layer_units_exponent_2': 6, 'W_layer_units_exponent_3': 6, 'W_layer_units_exponent_4': 5, 'D_layers': 5, 'D_layer_units_exponent_0': 7, 'D_layer_units_exponent_1': 9, 'D_layer_units_exponent_2': 10, 'D_layer_units_exponent_3': 8, 'D_layer_units_exponent_4': 4, 'D_dagger_layers': 3, 'D_dagger_layer_units_exponent_0': 5, 'D_dagger_layer_units_exponent_1': 7, 'D_dagger_layer_units_exponent_2': 5, 'log_learning_rate': -2.6081956327461624, 'log_learning_rate_D': -2.864298636125528, 'log_learning_rate_D_dagger': -2.369897515154327, 'training_batch_size': 6, 'training_p': 7}. Best is trial 220 with value: 0.11745021492242813.
Time for this trial:  311.452529668808
Memory status after this trial: 
Memory allocated:  344.68359375
Memory cached:  438.0
--------------------  Trial  259   --------------------
Start timing: 
Parameters: 
{'W_layers': 5, 'W_layer_units_exponent_0': 8, 'W_layer_units_exponent_1': 10, 'W_layer_units_exponent_2': 6, 'W_layer_units_exponent_3': 6, 'W_layer_units_exponent_4': 5, 'D_layers': 5, 'D_layer_units_exponent_0': 7, 'D_layer_units_exponent_1': 9, 'D_layer_units_exponent_2': 10, 'D_layer_units_exponent_3': 8, 'D_layer_units_exponent_4': 4, 'D_dagger_layers': 3, 'D_dagger_layer_units_exponent_0': 9, 'D_dagger_layer_units_exponent_1': 8, 'D_dagger_layer_units_exponent_2': 5, 'log_learning_rate': -2.466132874151523, 'log_learning_rate_D': -4.022623306893713, 'log_learning_rate_D_dagger': -1.935882009315486, 'training_batch_size': 6, 'training_p': 6}
	 epoch  0 training error:  tensor(2.3762, device='cuda:0', grad_fn=<DivBackward0>)
Memory status after this epoch: 
Memory allocated:  222.64306640625
Memory cached:  408.0
	 epoch  10 training error:  tensor(0.5986, device='cuda:0', grad_fn=<DivBackward0>)
Memory status after this epoch: 
Memory allocated:  222.64306640625
Memory cached:  430.0
	 epoch  20 training error:  tensor(0.5302, device='cuda:0', grad_fn=<DivBackward0>)
Memory status after this epoch: 
Memory allocated:  222.64306640625
Memory cached:  426.0
	 epoch  30 training error:  tensor(0.5200, device='cuda:0', grad_fn=<DivBackward0>)
Memory status after this epoch: 
Memory allocated:  222.64306640625
Memory cached:  414.0
	 epoch  40 training error:  tensor(0.5202, device='cuda:0', grad_fn=<DivBackward0>)
Memory status after this epoch: 
Memory allocated:  222.64306640625
Memory cached:  412.0
	 epoch  50 training error:  tensor(0.5269, device='cuda:0', grad_fn=<DivBackward0>)
Memory status after this epoch: 
Memory allocated:  222.64306640625
Memory cached:  422.0
	 epoch  60 training error:  tensor(0.5213, device='cuda:0', grad_fn=<DivBackward0>)
Memory status after this epoch: 
Memory allocated:  222.64306640625
Memory cached:  412.0
	 epoch  70 training error:  tensor(0.4974, device='cuda:0', grad_fn=<DivBackward0>)
Memory status after this epoch: 
Memory allocated:  222.64306640625
Memory cached:  412.0
	 epoch  80 training error:  tensor(0.4064, device='cuda:0', grad_fn=<DivBackward0>)
Memory status after this epoch: 
Memory allocated:  222.64306640625
Memory cached:  410.0
	 epoch  90 training error:  tensor(0.4752, device='cuda:0', grad_fn=<DivBackward0>)
Memory status after this epoch: 
Memory allocated:  222.64306640625
Memory cached:  412.0
[I 2024-01-01 15:15:14,220] Trial 259 finished with value: 0.3340982496738434 and parameters: {'W_layers': 5, 'W_layer_units_exponent_0': 8, 'W_layer_units_exponent_1': 10, 'W_layer_units_exponent_2': 6, 'W_layer_units_exponent_3': 6, 'W_layer_units_exponent_4': 5, 'D_layers': 5, 'D_layer_units_exponent_0': 7, 'D_layer_units_exponent_1': 9, 'D_layer_units_exponent_2': 10, 'D_layer_units_exponent_3': 8, 'D_layer_units_exponent_4': 4, 'D_dagger_layers': 3, 'D_dagger_layer_units_exponent_0': 9, 'D_dagger_layer_units_exponent_1': 8, 'D_dagger_layer_units_exponent_2': 5, 'log_learning_rate': -2.466132874151523, 'log_learning_rate_D': -4.022623306893713, 'log_learning_rate_D_dagger': -1.935882009315486, 'training_batch_size': 6, 'training_p': 6}. Best is trial 220 with value: 0.11745021492242813.
Time for this trial:  323.7387411594391
Memory status after this trial: 
Memory allocated:  434.294921875
Memory cached:  458.0
--------------------  Trial  260   --------------------
Start timing: 
Parameters: 
{'W_layers': 5, 'W_layer_units_exponent_0': 8, 'W_layer_units_exponent_1': 10, 'W_layer_units_exponent_2': 7, 'W_layer_units_exponent_3': 6, 'W_layer_units_exponent_4': 4, 'D_layers': 5, 'D_layer_units_exponent_0': 7, 'D_layer_units_exponent_1': 9, 'D_layer_units_exponent_2': 10, 'D_layer_units_exponent_3': 8, 'D_layer_units_exponent_4': 4, 'D_dagger_layers': 3, 'D_dagger_layer_units_exponent_0': 9, 'D_dagger_layer_units_exponent_1': 7, 'D_dagger_layer_units_exponent_2': 5, 'log_learning_rate': -3.2526777242610425, 'log_learning_rate_D': -3.2598123417654348, 'log_learning_rate_D_dagger': -2.5454203405439797, 'training_batch_size': 6, 'training_p': 7}
	 epoch  0 training error:  tensor(1.0328, device='cuda:0', grad_fn=<DivBackward0>)
Memory status after this epoch: 
Memory allocated:  222.62548828125
Memory cached:  404.0
	 epoch  10 training error:  tensor(0.5479, device='cuda:0', grad_fn=<DivBackward0>)
Memory status after this epoch: 
Memory allocated:  222.62548828125
Memory cached:  408.0
	 epoch  20 training error:  tensor(0.5482, device='cuda:0', grad_fn=<DivBackward0>)
Memory status after this epoch: 
Memory allocated:  222.62548828125
Memory cached:  412.0
	 epoch  30 training error:  tensor(0.5156, device='cuda:0', grad_fn=<DivBackward0>)
Memory status after this epoch: 
Memory allocated:  222.62548828125
Memory cached:  412.0
	 epoch  40 training error:  tensor(0.5031, device='cuda:0', grad_fn=<DivBackward0>)
Memory status after this epoch: 
Memory allocated:  222.62548828125
Memory cached:  410.0
	 epoch  50 training error:  tensor(0.7665, device='cuda:0', grad_fn=<DivBackward0>)
Memory status after this epoch: 
Memory allocated:  222.62548828125
Memory cached:  412.0
	 epoch  60 training error:  tensor(0.4029, device='cuda:0', grad_fn=<DivBackward0>)
Memory status after this epoch: 
Memory allocated:  222.62548828125
Memory cached:  412.0
	 epoch  70 training error:  tensor(0.3073, device='cuda:0', grad_fn=<DivBackward0>)
Memory status after this epoch: 
Memory allocated:  222.62548828125
Memory cached:  410.0
	 epoch  80 training error:  tensor(0.3164, device='cuda:0', grad_fn=<DivBackward0>)
Memory status after this epoch: 
Memory allocated:  222.62548828125
Memory cached:  410.0
	 epoch  90 training error:  tensor(0.2763, device='cuda:0', grad_fn=<DivBackward0>)
Memory status after this epoch: 
Memory allocated:  222.62548828125
Memory cached:  410.0
[I 2024-01-01 15:20:36,512] Trial 260 finished with value: 1.0489256381988525 and parameters: {'W_layers': 5, 'W_layer_units_exponent_0': 8, 'W_layer_units_exponent_1': 10, 'W_layer_units_exponent_2': 7, 'W_layer_units_exponent_3': 6, 'W_layer_units_exponent_4': 4, 'D_layers': 5, 'D_layer_units_exponent_0': 7, 'D_layer_units_exponent_1': 9, 'D_layer_units_exponent_2': 10, 'D_layer_units_exponent_3': 8, 'D_layer_units_exponent_4': 4, 'D_dagger_layers': 3, 'D_dagger_layer_units_exponent_0': 9, 'D_dagger_layer_units_exponent_1': 7, 'D_dagger_layer_units_exponent_2': 5, 'log_learning_rate': -3.2526777242610425, 'log_learning_rate_D': -3.2598123417654348, 'log_learning_rate_D_dagger': -2.5454203405439797, 'training_batch_size': 6, 'training_p': 7}. Best is trial 220 with value: 0.11745021492242813.
Time for this trial:  321.8269670009613
Memory status after this trial: 
Memory allocated:  430.2822265625
Memory cached:  454.0
--------------------  Trial  261   --------------------
Start timing: 
Parameters: 
{'W_layers': 5, 'W_layer_units_exponent_0': 8, 'W_layer_units_exponent_1': 10, 'W_layer_units_exponent_2': 6, 'W_layer_units_exponent_3': 6, 'W_layer_units_exponent_4': 5, 'D_layers': 5, 'D_layer_units_exponent_0': 7, 'D_layer_units_exponent_1': 8, 'D_layer_units_exponent_2': 10, 'D_layer_units_exponent_3': 8, 'D_layer_units_exponent_4': 4, 'D_dagger_layers': 3, 'D_dagger_layer_units_exponent_0': 9, 'D_dagger_layer_units_exponent_1': 8, 'D_dagger_layer_units_exponent_2': 5, 'log_learning_rate': -2.873294937163859, 'log_learning_rate_D': -3.089859917813143, 'log_learning_rate_D_dagger': -2.277741968519585, 'training_batch_size': 6, 'training_p': 7}
	 epoch  0 training error:  tensor(1.4292, device='cuda:0', grad_fn=<DivBackward0>)
Memory status after this epoch: 
Memory allocated:  218.13916015625
Memory cached:  386.0
	 epoch  10 training error:  tensor(0.5770, device='cuda:0', grad_fn=<DivBackward0>)
Memory status after this epoch: 
Memory allocated:  218.13916015625
Memory cached:  386.0
	 epoch  20 training error:  tensor(0.5906, device='cuda:0', grad_fn=<DivBackward0>)
Memory status after this epoch: 
Memory allocated:  218.13916015625
Memory cached:  386.0
	 epoch  30 training error:  tensor(0.5680, device='cuda:0', grad_fn=<DivBackward0>)
Memory status after this epoch: 
Memory allocated:  218.13916015625
Memory cached:  384.0
	 epoch  40 training error:  tensor(0.5755, device='cuda:0', grad_fn=<DivBackward0>)
Memory status after this epoch: 
Memory allocated:  218.13916015625
Memory cached:  386.0
	 epoch  50 training error:  tensor(0.5683, device='cuda:0', grad_fn=<DivBackward0>)
Memory status after this epoch: 
Memory allocated:  218.13916015625
Memory cached:  386.0
	 epoch  60 training error:  tensor(0.5718, device='cuda:0', grad_fn=<DivBackward0>)
Memory status after this epoch: 
Memory allocated:  218.13916015625
Memory cached:  388.0
	 epoch  70 training error:  tensor(0.5773, device='cuda:0', grad_fn=<DivBackward0>)
Memory status after this epoch: 
Memory allocated:  218.13916015625
Memory cached:  388.0
	 epoch  80 training error:  tensor(0.5991, device='cuda:0', grad_fn=<DivBackward0>)
Memory status after this epoch: 
Memory allocated:  218.13916015625
Memory cached:  386.0
	 epoch  90 training error:  tensor(0.5774, device='cuda:0', grad_fn=<DivBackward0>)
Memory status after this epoch: 
Memory allocated:  218.13916015625
Memory cached:  386.0
