[I 2024-01-01 19:02:22,992] Trial 303 finished with value: 0.4062061309814453 and parameters: {'W_layers': 5, 'W_layer_units_exponent_0': 8, 'W_layer_units_exponent_1': 9, 'W_layer_units_exponent_2': 6, 'W_layer_units_exponent_3': 6, 'W_layer_units_exponent_4': 5, 'D_layers': 5, 'D_layer_units_exponent_0': 7, 'D_layer_units_exponent_1': 9, 'D_layer_units_exponent_2': 10, 'D_layer_units_exponent_3': 8, 'D_layer_units_exponent_4': 5, 'D_dagger_layers': 3, 'D_dagger_layer_units_exponent_0': 9, 'D_dagger_layer_units_exponent_1': 8, 'D_dagger_layer_units_exponent_2': 5, 'log_learning_rate': -1.0375372298998635, 'log_learning_rate_D': -4.114800658284661, 'log_learning_rate_D_dagger': -2.707073760041941, 'training_batch_size': 11, 'training_p': 6}. Best is trial 220 with value: 0.11745021492242813.
Time for this trial:  189.59728479385376
Memory status after this trial: 
Memory allocated:  406.2587890625
Memory cached:  428.0
--------------------  Trial  304   --------------------
Start timing: 
Parameters: 
{'W_layers': 2, 'W_layer_units_exponent_0': 8, 'W_layer_units_exponent_1': 10, 'D_layers': 5, 'D_layer_units_exponent_0': 7, 'D_layer_units_exponent_1': 9, 'D_layer_units_exponent_2': 8, 'D_layer_units_exponent_3': 7, 'D_layer_units_exponent_4': 5, 'D_dagger_layers': 3, 'D_dagger_layer_units_exponent_0': 9, 'D_dagger_layer_units_exponent_1': 4, 'D_dagger_layer_units_exponent_2': 5, 'log_learning_rate': -1.8700525031417843, 'log_learning_rate_D': -3.8260138908592007, 'log_learning_rate_D_dagger': -2.3576775663342127, 'training_batch_size': 6, 'training_p': 7}
	 epoch  0 training error:  tensor(6.5985, device='cuda:0', grad_fn=<DivBackward0>)
Memory status after this epoch: 
Memory allocated:  210.04931640625
Memory cached:  388.0
	 epoch  10 training error:  tensor(3.4866, device='cuda:0', grad_fn=<DivBackward0>)
Memory status after this epoch: 
Memory allocated:  210.04931640625
Memory cached:  408.0
	 epoch  20 training error:  tensor(0.9432, device='cuda:0', grad_fn=<DivBackward0>)
Memory status after this epoch: 
Memory allocated:  210.04931640625
Memory cached:  412.0
	 epoch  30 training error:  tensor(0.6008, device='cuda:0', grad_fn=<DivBackward0>)
Memory status after this epoch: 
Memory allocated:  210.04931640625
Memory cached:  404.0
	 epoch  40 training error:  tensor(0.5666, device='cuda:0', grad_fn=<DivBackward0>)
Memory status after this epoch: 
Memory allocated:  210.04931640625
Memory cached:  402.0
	 epoch  50 training error:  tensor(0.5513, device='cuda:0', grad_fn=<DivBackward0>)
Memory status after this epoch: 
Memory allocated:  210.04931640625
Memory cached:  408.0
	 epoch  60 training error:  tensor(0.5542, device='cuda:0', grad_fn=<DivBackward0>)
Memory status after this epoch: 
Memory allocated:  210.04931640625
Memory cached:  410.0
	 epoch  70 training error:  tensor(0.5331, device='cuda:0', grad_fn=<DivBackward0>)
Memory status after this epoch: 
Memory allocated:  210.04931640625
Memory cached:  408.0
	 epoch  80 training error:  tensor(0.5217, device='cuda:0', grad_fn=<DivBackward0>)
Memory status after this epoch: 
Memory allocated:  210.04931640625
Memory cached:  402.0
	 epoch  90 training error:  tensor(0.4844, device='cuda:0', grad_fn=<DivBackward0>)
Memory status after this epoch: 
Memory allocated:  210.04931640625
Memory cached:  402.0
[I 2024-01-01 19:06:55,570] Trial 304 finished with value: 0.22292080521583557 and parameters: {'W_layers': 2, 'W_layer_units_exponent_0': 8, 'W_layer_units_exponent_1': 10, 'D_layers': 5, 'D_layer_units_exponent_0': 7, 'D_layer_units_exponent_1': 9, 'D_layer_units_exponent_2': 8, 'D_layer_units_exponent_3': 7, 'D_layer_units_exponent_4': 5, 'D_dagger_layers': 3, 'D_dagger_layer_units_exponent_0': 9, 'D_dagger_layer_units_exponent_1': 4, 'D_dagger_layer_units_exponent_2': 5, 'log_learning_rate': -1.8700525031417843, 'log_learning_rate_D': -3.8260138908592007, 'log_learning_rate_D_dagger': -2.3576775663342127, 'training_batch_size': 6, 'training_p': 7}. Best is trial 220 with value: 0.11745021492242813.
Time for this trial:  272.1220533847809
Memory status after this trial: 
Memory allocated:  352.4453125
Memory cached:  392.0
--------------------  Trial  305   --------------------
Start timing: 
Parameters: 
{'W_layers': 4, 'W_layer_units_exponent_0': 8, 'W_layer_units_exponent_1': 10, 'W_layer_units_exponent_2': 6, 'W_layer_units_exponent_3': 6, 'D_layers': 5, 'D_layer_units_exponent_0': 7, 'D_layer_units_exponent_1': 10, 'D_layer_units_exponent_2': 10, 'D_layer_units_exponent_3': 8, 'D_layer_units_exponent_4': 4, 'D_dagger_layers': 3, 'D_dagger_layer_units_exponent_0': 10, 'D_dagger_layer_units_exponent_1': 6, 'D_dagger_layer_units_exponent_2': 4, 'log_learning_rate': -2.872187989945832, 'log_learning_rate_D': -2.927952759251012, 'log_learning_rate_D_dagger': -2.5872600373269443, 'training_batch_size': 6, 'training_p': 7}
	 epoch  0 training error:  tensor(1.1433, device='cuda:0', grad_fn=<DivBackward0>)
Memory status after this epoch: 
Memory allocated:  230.52978515625
Memory cached:  428.0
	 epoch  10 training error:  tensor(0.5756, device='cuda:0', grad_fn=<DivBackward0>)
Memory status after this epoch: 
Memory allocated:  230.52978515625
Memory cached:  444.0
	 epoch  20 training error:  tensor(0.5493, device='cuda:0', grad_fn=<DivBackward0>)
Memory status after this epoch: 
Memory allocated:  230.52978515625
Memory cached:  440.0
	 epoch  30 training error:  tensor(0.5489, device='cuda:0', grad_fn=<DivBackward0>)
Memory status after this epoch: 
Memory allocated:  230.52978515625
Memory cached:  436.0
	 epoch  40 training error:  tensor(0.5419, device='cuda:0', grad_fn=<DivBackward0>)
Memory status after this epoch: 
Memory allocated:  230.52978515625
Memory cached:  436.0
	 epoch  50 training error:  tensor(0.5492, device='cuda:0', grad_fn=<DivBackward0>)
Memory status after this epoch: 
Memory allocated:  230.52978515625
Memory cached:  440.0
	 epoch  60 training error:  tensor(0.5332, device='cuda:0', grad_fn=<DivBackward0>)
Memory status after this epoch: 
Memory allocated:  230.52978515625
Memory cached:  436.0
	 epoch  70 training error:  tensor(0.5395, device='cuda:0', grad_fn=<DivBackward0>)
Memory status after this epoch: 
Memory allocated:  230.52978515625
Memory cached:  438.0
	 epoch  80 training error:  tensor(0.5274, device='cuda:0', grad_fn=<DivBackward0>)
Memory status after this epoch: 
Memory allocated:  230.52978515625
Memory cached:  434.0
	 epoch  90 training error:  tensor(0.5611, device='cuda:0', grad_fn=<DivBackward0>)
Memory status after this epoch: 
Memory allocated:  230.52978515625
Memory cached:  434.0
[I 2024-01-01 19:12:08,156] Trial 305 finished with value: 0.3830984830856323 and parameters: {'W_layers': 4, 'W_layer_units_exponent_0': 8, 'W_layer_units_exponent_1': 10, 'W_layer_units_exponent_2': 6, 'W_layer_units_exponent_3': 6, 'D_layers': 5, 'D_layer_units_exponent_0': 7, 'D_layer_units_exponent_1': 10, 'D_layer_units_exponent_2': 10, 'D_layer_units_exponent_3': 8, 'D_layer_units_exponent_4': 4, 'D_dagger_layers': 3, 'D_dagger_layer_units_exponent_0': 10, 'D_dagger_layer_units_exponent_1': 6, 'D_dagger_layer_units_exponent_2': 4, 'log_learning_rate': -2.872187989945832, 'log_learning_rate_D': -2.927952759251012, 'log_learning_rate_D_dagger': -2.5872600373269443, 'training_batch_size': 6, 'training_p': 7}. Best is trial 220 with value: 0.11745021492242813.
Time for this trial:  312.11074018478394
Memory status after this trial: 
Memory allocated:  479.859375
Memory cached:  500.0
--------------------  Trial  306   --------------------
Start timing: 
Parameters: 
{'W_layers': 5, 'W_layer_units_exponent_0': 8, 'W_layer_units_exponent_1': 5, 'W_layer_units_exponent_2': 6, 'W_layer_units_exponent_3': 7, 'W_layer_units_exponent_4': 5, 'D_layers': 5, 'D_layer_units_exponent_0': 7, 'D_layer_units_exponent_1': 9, 'D_layer_units_exponent_2': 9, 'D_layer_units_exponent_3': 8, 'D_layer_units_exponent_4': 4, 'D_dagger_layers': 3, 'D_dagger_layer_units_exponent_0': 9, 'D_dagger_layer_units_exponent_1': 7, 'D_dagger_layer_units_exponent_2': 5, 'log_learning_rate': -2.604780013806556, 'log_learning_rate_D': -3.5706464650049416, 'log_learning_rate_D_dagger': -2.877561501496877, 'training_batch_size': 6, 'training_p': 2}
	 epoch  0 training error:  tensor(0.9006, device='cuda:0', grad_fn=<DivBackward0>)
Memory status after this epoch: 
Memory allocated:  210.80712890625
Memory cached:  398.0
	 epoch  10 training error:  tensor(0.3189, device='cuda:0', grad_fn=<DivBackward0>)
Memory status after this epoch: 
Memory allocated:  210.80712890625
Memory cached:  414.0
	 epoch  20 training error:  tensor(0.2886, device='cuda:0', grad_fn=<DivBackward0>)
Memory status after this epoch: 
Memory allocated:  210.80712890625
Memory cached:  430.0
	 epoch  30 training error:  tensor(0.2931, device='cuda:0', grad_fn=<DivBackward0>)
Memory status after this epoch: 
Memory allocated:  210.80712890625
Memory cached:  426.0
	 epoch  40 training error:  tensor(0.2923, device='cuda:0', grad_fn=<DivBackward0>)
Memory status after this epoch: 
Memory allocated:  210.80712890625
Memory cached:  410.0
	 epoch  50 training error:  tensor(0.2799, device='cuda:0', grad_fn=<DivBackward0>)
Memory status after this epoch: 
Memory allocated:  210.80712890625
Memory cached:  402.0
	 epoch  60 training error:  tensor(0.2757, device='cuda:0', grad_fn=<DivBackward0>)
Memory status after this epoch: 
Memory allocated:  210.80712890625
Memory cached:  398.0
	 epoch  70 training error:  tensor(0.2751, device='cuda:0', grad_fn=<DivBackward0>)
Memory status after this epoch: 
Memory allocated:  210.80712890625
Memory cached:  390.0
	 epoch  80 training error:  tensor(0.2643, device='cuda:0', grad_fn=<DivBackward0>)
Memory status after this epoch: 
Memory allocated:  210.80712890625
Memory cached:  402.0
	 epoch  90 training error:  tensor(0.2469, device='cuda:0', grad_fn=<DivBackward0>)
Memory status after this epoch: 
Memory allocated:  210.80712890625
Memory cached:  402.0
[I 2024-01-01 19:17:22,392] Trial 306 finished with value: 0.2235318422317505 and parameters: {'W_layers': 5, 'W_layer_units_exponent_0': 8, 'W_layer_units_exponent_1': 5, 'W_layer_units_exponent_2': 6, 'W_layer_units_exponent_3': 7, 'W_layer_units_exponent_4': 5, 'D_layers': 5, 'D_layer_units_exponent_0': 7, 'D_layer_units_exponent_1': 9, 'D_layer_units_exponent_2': 9, 'D_layer_units_exponent_3': 8, 'D_layer_units_exponent_4': 4, 'D_dagger_layers': 3, 'D_dagger_layer_units_exponent_0': 9, 'D_dagger_layer_units_exponent_1': 7, 'D_dagger_layer_units_exponent_2': 5, 'log_learning_rate': -2.604780013806556, 'log_learning_rate_D': -3.5706464650049416, 'log_learning_rate_D_dagger': -2.877561501496877, 'training_batch_size': 6, 'training_p': 2}. Best is trial 220 with value: 0.11745021492242813.
Time for this trial:  313.7848629951477
Memory status after this trial: 
Memory allocated:  344.91015625
Memory cached:  396.0
--------------------  Trial  307   --------------------
Start timing: 
Parameters: 
{'W_layers': 6, 'W_layer_units_exponent_0': 7, 'W_layer_units_exponent_1': 8, 'W_layer_units_exponent_2': 6, 'W_layer_units_exponent_3': 4, 'W_layer_units_exponent_4': 8, 'W_layer_units_exponent_5': 4, 'D_layers': 5, 'D_layer_units_exponent_0': 7, 'D_layer_units_exponent_1': 6, 'D_layer_units_exponent_2': 8, 'D_layer_units_exponent_3': 8, 'D_layer_units_exponent_4': 5, 'D_dagger_layers': 8, 'D_dagger_layer_units_exponent_0': 9, 'D_dagger_layer_units_exponent_1': 4, 'D_dagger_layer_units_exponent_2': 5, 'D_dagger_layer_units_exponent_3': 8, 'D_dagger_layer_units_exponent_4': 4, 'D_dagger_layer_units_exponent_5': 9, 'D_dagger_layer_units_exponent_6': 9, 'D_dagger_layer_units_exponent_7': 6, 'log_learning_rate': -2.4831492743220296, 'log_learning_rate_D': -4.220231554024678, 'log_learning_rate_D_dagger': -4.172980274284134, 'training_batch_size': 6, 'training_p': 7}
	 epoch  0 training error:  tensor(0.9977, device='cuda:0', grad_fn=<DivBackward0>)
Memory status after this epoch: 
Memory allocated:  209.68994140625
Memory cached:  388.0
	 epoch  10 training error:  tensor(0.5672, device='cuda:0', grad_fn=<DivBackward0>)
Memory status after this epoch: 
Memory allocated:  209.68994140625
Memory cached:  416.0
	 epoch  20 training error:  tensor(0.5676, device='cuda:0', grad_fn=<DivBackward0>)
Memory status after this epoch: 
Memory allocated:  209.68994140625
Memory cached:  408.0
	 epoch  30 training error:  tensor(0.5573, device='cuda:0', grad_fn=<DivBackward0>)
Memory status after this epoch: 
Memory allocated:  209.68994140625
Memory cached:  414.0
	 epoch  40 training error:  tensor(0.5444, device='cuda:0', grad_fn=<DivBackward0>)
Memory status after this epoch: 
Memory allocated:  209.68994140625
Memory cached:  416.0
	 epoch  50 training error:  tensor(0.5365, device='cuda:0', grad_fn=<DivBackward0>)
Memory status after this epoch: 
Memory allocated:  209.68994140625
Memory cached:  412.0
	 epoch  60 training error:  tensor(0.5312, device='cuda:0', grad_fn=<DivBackward0>)
Memory status after this epoch: 
Memory allocated:  209.68994140625
Memory cached:  414.0
	 epoch  70 training error:  tensor(0.5303, device='cuda:0', grad_fn=<DivBackward0>)
Memory status after this epoch: 
Memory allocated:  209.68994140625
Memory cached:  402.0
	 epoch  80 training error:  tensor(0.5289, device='cuda:0', grad_fn=<DivBackward0>)
Memory status after this epoch: 
Memory allocated:  209.68994140625
Memory cached:  412.0
	 epoch  90 training error:  tensor(0.5309, device='cuda:0', grad_fn=<DivBackward0>)
Memory status after this epoch: 
Memory allocated:  209.68994140625
Memory cached:  410.0
[I 2024-01-01 19:24:09,843] Trial 307 finished with value: 0.41374069452285767 and parameters: {'W_layers': 6, 'W_layer_units_exponent_0': 7, 'W_layer_units_exponent_1': 8, 'W_layer_units_exponent_2': 6, 'W_layer_units_exponent_3': 4, 'W_layer_units_exponent_4': 8, 'W_layer_units_exponent_5': 4, 'D_layers': 5, 'D_layer_units_exponent_0': 7, 'D_layer_units_exponent_1': 6, 'D_layer_units_exponent_2': 8, 'D_layer_units_exponent_3': 8, 'D_layer_units_exponent_4': 5, 'D_dagger_layers': 8, 'D_dagger_layer_units_exponent_0': 9, 'D_dagger_layer_units_exponent_1': 4, 'D_dagger_layer_units_exponent_2': 5, 'D_dagger_layer_units_exponent_3': 8, 'D_dagger_layer_units_exponent_4': 4, 'D_dagger_layer_units_exponent_5': 9, 'D_dagger_layer_units_exponent_6': 9, 'D_dagger_layer_units_exponent_7': 6, 'log_learning_rate': -2.4831492743220296, 'log_learning_rate_D': -4.220231554024678, 'log_learning_rate_D_dagger': -4.172980274284134, 'training_batch_size': 6, 'training_p': 7}. Best is trial 220 with value: 0.11745021492242813.
Time for this trial:  406.8508999347687
Memory status after this trial: 
Memory allocated:  386.8603515625
Memory cached:  396.0
--------------------  Trial  308   --------------------
Start timing: 
Parameters: 
{'W_layers': 5, 'W_layer_units_exponent_0': 8, 'W_layer_units_exponent_1': 10, 'W_layer_units_exponent_2': 6, 'W_layer_units_exponent_3': 6, 'W_layer_units_exponent_4': 5, 'D_layers': 5, 'D_layer_units_exponent_0': 7, 'D_layer_units_exponent_1': 9, 'D_layer_units_exponent_2': 10, 'D_layer_units_exponent_3': 8, 'D_layer_units_exponent_4': 5, 'D_dagger_layers': 4, 'D_dagger_layer_units_exponent_0': 9, 'D_dagger_layer_units_exponent_1': 4, 'D_dagger_layer_units_exponent_2': 5, 'D_dagger_layer_units_exponent_3': 6, 'log_learning_rate': -1.9835683366314758, 'log_learning_rate_D': -3.9864266631149197, 'log_learning_rate_D_dagger': -2.4430272715422734, 'training_batch_size': 6, 'training_p': 5}
	 epoch  0 training error:  tensor(1.5554, device='cuda:0', grad_fn=<DivBackward0>)
Memory status after this epoch: 
Memory allocated:  220.74462890625
Memory cached:  404.0
	 epoch  10 training error:  tensor(0.5674, device='cuda:0', grad_fn=<DivBackward0>)
Memory status after this epoch: 
Memory allocated:  220.74462890625
Memory cached:  426.0
	 epoch  20 training error:  tensor(0.4795, device='cuda:0', grad_fn=<DivBackward0>)
Memory status after this epoch: 
Memory allocated:  220.74462890625
Memory cached:  422.0
	 epoch  30 training error:  tensor(0.4702, device='cuda:0', grad_fn=<DivBackward0>)
Memory status after this epoch: 
Memory allocated:  220.74462890625
Memory cached:  424.0
	 epoch  40 training error:  tensor(0.4787, device='cuda:0', grad_fn=<DivBackward0>)
Memory status after this epoch: 
Memory allocated:  220.74462890625
Memory cached:  432.0
	 epoch  50 training error:  tensor(0.3913, device='cuda:0', grad_fn=<DivBackward0>)
Memory status after this epoch: 
Memory allocated:  220.74462890625
Memory cached:  426.0
	 epoch  60 training error:  tensor(0.4559, device='cuda:0', grad_fn=<DivBackward0>)
Memory status after this epoch: 
Memory allocated:  220.74462890625
Memory cached:  430.0
	 epoch  70 training error:  tensor(0.2277, device='cuda:0', grad_fn=<DivBackward0>)
Memory status after this epoch: 
Memory allocated:  220.74462890625
Memory cached:  426.0
	 epoch  80 training error:  tensor(0.2059, device='cuda:0', grad_fn=<DivBackward0>)
Memory status after this epoch: 
Memory allocated:  220.74462890625
Memory cached:  430.0
	 epoch  90 training error:  tensor(0.2220, device='cuda:0', grad_fn=<DivBackward0>)
Memory status after this epoch: 
Memory allocated:  220.74462890625
Memory cached:  420.0
[I 2024-01-01 19:29:48,075] Trial 308 finished with value: 0.1214507594704628 and parameters: {'W_layers': 5, 'W_layer_units_exponent_0': 8, 'W_layer_units_exponent_1': 10, 'W_layer_units_exponent_2': 6, 'W_layer_units_exponent_3': 6, 'W_layer_units_exponent_4': 5, 'D_layers': 5, 'D_layer_units_exponent_0': 7, 'D_layer_units_exponent_1': 9, 'D_layer_units_exponent_2': 10, 'D_layer_units_exponent_3': 8, 'D_layer_units_exponent_4': 5, 'D_dagger_layers': 4, 'D_dagger_layer_units_exponent_0': 9, 'D_dagger_layer_units_exponent_1': 4, 'D_dagger_layer_units_exponent_2': 5, 'D_dagger_layer_units_exponent_3': 6, 'log_learning_rate': -1.9835683366314758, 'log_learning_rate_D': -3.9864266631149197, 'log_learning_rate_D_dagger': -2.4430272715422734, 'training_batch_size': 6, 'training_p': 5}. Best is trial 220 with value: 0.11745021492242813.
Time for this trial:  337.7277281284332
Memory status after this trial: 
Memory allocated:  424.453125
Memory cached:  446.0
--------------------  Trial  309   --------------------
Start timing: 
Parameters: 
{'W_layers': 5, 'W_layer_units_exponent_0': 8, 'W_layer_units_exponent_1': 10, 'W_layer_units_exponent_2': 6, 'W_layer_units_exponent_3': 6, 'W_layer_units_exponent_4': 5, 'D_layers': 5, 'D_layer_units_exponent_0': 6, 'D_layer_units_exponent_1': 9, 'D_layer_units_exponent_2': 10, 'D_layer_units_exponent_3': 8, 'D_layer_units_exponent_4': 4, 'D_dagger_layers': 4, 'D_dagger_layer_units_exponent_0': 8, 'D_dagger_layer_units_exponent_1': 7, 'D_dagger_layer_units_exponent_2': 5, 'D_dagger_layer_units_exponent_3': 6, 'log_learning_rate': -2.0225772065537746, 'log_learning_rate_D': -3.9957446462707145, 'log_learning_rate_D_dagger': -2.4820625289410825, 'training_batch_size': 6, 'training_p': 5}
	 epoch  0 training error:  tensor(1.9449, device='cuda:0', grad_fn=<DivBackward0>)
Memory status after this epoch: 
Memory allocated:  220.60009765625
Memory cached:  398.0
	 epoch  10 training error:  tensor(0.4972, device='cuda:0', grad_fn=<DivBackward0>)
Memory status after this epoch: 
Memory allocated:  220.60009765625
Memory cached:  400.0
	 epoch  20 training error:  tensor(0.5012, device='cuda:0', grad_fn=<DivBackward0>)
Memory status after this epoch: 
Memory allocated:  220.60009765625
Memory cached:  398.0
	 epoch  30 training error:  tensor(0.4997, device='cuda:0', grad_fn=<DivBackward0>)
Memory status after this epoch: 
Memory allocated:  220.60009765625
Memory cached:  396.0
	 epoch  40 training error:  tensor(0.4986, device='cuda:0', grad_fn=<DivBackward0>)
Memory status after this epoch: 
Memory allocated:  220.60009765625
Memory cached:  396.0
	 epoch  50 training error:  tensor(0.4844, device='cuda:0', grad_fn=<DivBackward0>)
Memory status after this epoch: 
Memory allocated:  220.60009765625
Memory cached:  396.0
	 epoch  60 training error:  tensor(0.4653, device='cuda:0', grad_fn=<DivBackward0>)
Memory status after this epoch: 
Memory allocated:  220.60009765625
Memory cached:  396.0
	 epoch  70 training error:  tensor(0.4503, device='cuda:0', grad_fn=<DivBackward0>)
Memory status after this epoch: 
Memory allocated:  220.60009765625
Memory cached:  396.0
	 epoch  80 training error:  tensor(0.3730, device='cuda:0', grad_fn=<DivBackward0>)
Memory status after this epoch: 
Memory allocated:  220.60009765625
Memory cached:  396.0
	 epoch  90 training error:  tensor(0.3076, device='cuda:0', grad_fn=<DivBackward0>)
Memory status after this epoch: 
Memory allocated:  220.60009765625
Memory cached:  396.0
