[I 2024-01-02 03:09:48,440] Trial 219 finished with value: 0.43364688754081726 and parameters: {'W_layers': 6, 'W_layer_units_exponent_0': 6, 'W_layer_units_exponent_1': 9, 'W_layer_units_exponent_2': 5, 'W_layer_units_exponent_3': 9, 'W_layer_units_exponent_4': 8, 'W_layer_units_exponent_5': 7, 'D_layers': 7, 'D_layer_units_exponent_0': 9, 'D_layer_units_exponent_1': 10, 'D_layer_units_exponent_2': 7, 'D_layer_units_exponent_3': 8, 'D_layer_units_exponent_4': 5, 'D_layer_units_exponent_5': 5, 'D_layer_units_exponent_6': 7, 'D_dagger_layers': 4, 'D_dagger_layer_units_exponent_0': 8, 'D_dagger_layer_units_exponent_1': 10, 'D_dagger_layer_units_exponent_2': 8, 'D_dagger_layer_units_exponent_3': 4, 'log_learning_rate': -3.0667316987504947, 'log_learning_rate_D': -1.8364451426692057, 'log_learning_rate_D_dagger': -3.9631784447607497, 'training_batch_size': 6, 'training_p': 7}. Best is trial 143 with value: 0.325590580701828.
Time for this trial:  24.047855854034424
Memory status after this trial: 
Memory allocated:  378.37744140625
Memory cached:  402.0
--------------------  Trial  220   --------------------
Start timing: 
Parameters: 
{'W_layers': 7, 'W_layer_units_exponent_0': 5, 'W_layer_units_exponent_1': 9, 'W_layer_units_exponent_2': 6, 'W_layer_units_exponent_3': 9, 'W_layer_units_exponent_4': 7, 'W_layer_units_exponent_5': 6, 'W_layer_units_exponent_6': 8, 'D_layers': 7, 'D_layer_units_exponent_0': 9, 'D_layer_units_exponent_1': 4, 'D_layer_units_exponent_2': 8, 'D_layer_units_exponent_3': 8, 'D_layer_units_exponent_4': 5, 'D_layer_units_exponent_5': 5, 'D_layer_units_exponent_6': 7, 'D_dagger_layers': 4, 'D_dagger_layer_units_exponent_0': 8, 'D_dagger_layer_units_exponent_1': 10, 'D_dagger_layer_units_exponent_2': 10, 'D_dagger_layer_units_exponent_3': 4, 'log_learning_rate': -3.353166380450399, 'log_learning_rate_D': -2.805728278695796, 'log_learning_rate_D_dagger': -3.698088066064626, 'training_batch_size': 6, 'training_p': 2}
	 epoch  0 training error:  tensor(0.9573, device='cuda:0', grad_fn=<DivBackward0>)
Memory status after this epoch: 
Memory allocated:  230.88427734375
Memory cached:  242.0
	 epoch  10 training error:  tensor(0.2990, device='cuda:0', grad_fn=<DivBackward0>)
Memory status after this epoch: 
Memory allocated:  230.88427734375
Memory cached:  250.0
	 epoch  20 training error:  tensor(0.2892, device='cuda:0', grad_fn=<DivBackward0>)
Memory status after this epoch: 
Memory allocated:  230.88427734375
Memory cached:  248.0
	 epoch  30 training error:  tensor(0.2861, device='cuda:0', grad_fn=<DivBackward0>)
Memory status after this epoch: 
Memory allocated:  230.88427734375
Memory cached:  248.0
	 epoch  40 training error:  tensor(0.2922, device='cuda:0', grad_fn=<DivBackward0>)
Memory status after this epoch: 
Memory allocated:  230.88427734375
Memory cached:  250.0
	 epoch  50 training error:  tensor(0.2902, device='cuda:0', grad_fn=<DivBackward0>)
Memory status after this epoch: 
Memory allocated:  230.88427734375
Memory cached:  250.0
	 epoch  60 training error:  tensor(0.2996, device='cuda:0', grad_fn=<DivBackward0>)
Memory status after this epoch: 
Memory allocated:  230.88427734375
Memory cached:  248.0
	 epoch  70 training error:  tensor(0.2966, device='cuda:0', grad_fn=<DivBackward0>)
Memory status after this epoch: 
Memory allocated:  230.88427734375
Memory cached:  250.0
	 epoch  80 training error:  tensor(0.2937, device='cuda:0', grad_fn=<DivBackward0>)
Memory status after this epoch: 
Memory allocated:  230.88427734375
Memory cached:  250.0
	 epoch  90 training error:  tensor(0.2909, device='cuda:0', grad_fn=<DivBackward0>)
Memory status after this epoch: 
Memory allocated:  230.88427734375
Memory cached:  250.0
[I 2024-01-02 03:10:14,597] Trial 220 finished with value: 0.3294239640235901 and parameters: {'W_layers': 7, 'W_layer_units_exponent_0': 5, 'W_layer_units_exponent_1': 9, 'W_layer_units_exponent_2': 6, 'W_layer_units_exponent_3': 9, 'W_layer_units_exponent_4': 7, 'W_layer_units_exponent_5': 6, 'W_layer_units_exponent_6': 8, 'D_layers': 7, 'D_layer_units_exponent_0': 9, 'D_layer_units_exponent_1': 4, 'D_layer_units_exponent_2': 8, 'D_layer_units_exponent_3': 8, 'D_layer_units_exponent_4': 5, 'D_layer_units_exponent_5': 5, 'D_layer_units_exponent_6': 7, 'D_dagger_layers': 4, 'D_dagger_layer_units_exponent_0': 8, 'D_dagger_layer_units_exponent_1': 10, 'D_dagger_layer_units_exponent_2': 10, 'D_dagger_layer_units_exponent_3': 4, 'log_learning_rate': -3.353166380450399, 'log_learning_rate_D': -2.805728278695796, 'log_learning_rate_D_dagger': -3.698088066064626, 'training_batch_size': 6, 'training_p': 2}. Best is trial 143 with value: 0.325590580701828.
Time for this trial:  25.670140981674194
Memory status after this trial: 
Memory allocated:  428.34228515625
Memory cached:  450.0
--------------------  Trial  221   --------------------
Start timing: 
Parameters: 
{'W_layers': 6, 'W_layer_units_exponent_0': 5, 'W_layer_units_exponent_1': 9, 'W_layer_units_exponent_2': 4, 'W_layer_units_exponent_3': 9, 'W_layer_units_exponent_4': 7, 'W_layer_units_exponent_5': 5, 'D_layers': 7, 'D_layer_units_exponent_0': 9, 'D_layer_units_exponent_1': 8, 'D_layer_units_exponent_2': 8, 'D_layer_units_exponent_3': 8, 'D_layer_units_exponent_4': 9, 'D_layer_units_exponent_5': 5, 'D_layer_units_exponent_6': 10, 'D_dagger_layers': 4, 'D_dagger_layer_units_exponent_0': 8, 'D_dagger_layer_units_exponent_1': 10, 'D_dagger_layer_units_exponent_2': 7, 'D_dagger_layer_units_exponent_3': 5, 'log_learning_rate': -3.577460401985592, 'log_learning_rate_D': -2.41675864045621, 'log_learning_rate_D_dagger': -3.7765671234861116, 'training_batch_size': 10, 'training_p': 2}
	 epoch  0 training error:  tensor(1.0208, device='cuda:0', grad_fn=<DivBackward0>)
Memory status after this epoch: 
Memory allocated:  216.55029296875
Memory cached:  234.0
	 epoch  10 training error:  tensor(0.3087, device='cuda:0', grad_fn=<DivBackward0>)
Memory status after this epoch: 
Memory allocated:  216.55029296875
Memory cached:  238.0
	 epoch  20 training error:  tensor(0.2968, device='cuda:0', grad_fn=<DivBackward0>)
Memory status after this epoch: 
Memory allocated:  216.55029296875
Memory cached:  238.0
	 epoch  30 training error:  tensor(0.2934, device='cuda:0', grad_fn=<DivBackward0>)
Memory status after this epoch: 
Memory allocated:  216.55029296875
Memory cached:  238.0
	 epoch  40 training error:  tensor(0.2867, device='cuda:0', grad_fn=<DivBackward0>)
Memory status after this epoch: 
Memory allocated:  216.55029296875
Memory cached:  238.0
	 epoch  50 training error:  tensor(0.2870, device='cuda:0', grad_fn=<DivBackward0>)
Memory status after this epoch: 
Memory allocated:  216.55029296875
Memory cached:  238.0
	 epoch  60 training error:  tensor(0.2849, device='cuda:0', grad_fn=<DivBackward0>)
Memory status after this epoch: 
Memory allocated:  216.55029296875
Memory cached:  238.0
	 epoch  70 training error:  tensor(0.2846, device='cuda:0', grad_fn=<DivBackward0>)
Memory status after this epoch: 
Memory allocated:  216.55029296875
Memory cached:  238.0
	 epoch  80 training error:  tensor(0.2895, device='cuda:0', grad_fn=<DivBackward0>)
Memory status after this epoch: 
Memory allocated:  216.55029296875
Memory cached:  238.0
	 epoch  90 training error:  tensor(0.2851, device='cuda:0', grad_fn=<DivBackward0>)
Memory status after this epoch: 
Memory allocated:  216.55029296875
Memory cached:  238.0
[I 2024-01-02 03:10:36,922] Trial 221 finished with value: 0.327871710062027 and parameters: {'W_layers': 6, 'W_layer_units_exponent_0': 5, 'W_layer_units_exponent_1': 9, 'W_layer_units_exponent_2': 4, 'W_layer_units_exponent_3': 9, 'W_layer_units_exponent_4': 7, 'W_layer_units_exponent_5': 5, 'D_layers': 7, 'D_layer_units_exponent_0': 9, 'D_layer_units_exponent_1': 8, 'D_layer_units_exponent_2': 8, 'D_layer_units_exponent_3': 8, 'D_layer_units_exponent_4': 9, 'D_layer_units_exponent_5': 5, 'D_layer_units_exponent_6': 10, 'D_dagger_layers': 4, 'D_dagger_layer_units_exponent_0': 8, 'D_dagger_layer_units_exponent_1': 10, 'D_dagger_layer_units_exponent_2': 7, 'D_dagger_layer_units_exponent_3': 5, 'log_learning_rate': -3.577460401985592, 'log_learning_rate_D': -2.41675864045621, 'log_learning_rate_D_dagger': -3.7765671234861116, 'training_batch_size': 10, 'training_p': 2}. Best is trial 143 with value: 0.325590580701828.
Time for this trial:  21.835455894470215
Memory status after this trial: 
Memory allocated:  355.57177734375
Memory cached:  366.0
--------------------  Trial  222   --------------------
Start timing: 
Parameters: 
{'W_layers': 6, 'W_layer_units_exponent_0': 6, 'W_layer_units_exponent_1': 9, 'W_layer_units_exponent_2': 6, 'W_layer_units_exponent_3': 7, 'W_layer_units_exponent_4': 7, 'W_layer_units_exponent_5': 8, 'D_layers': 6, 'D_layer_units_exponent_0': 8, 'D_layer_units_exponent_1': 9, 'D_layer_units_exponent_2': 7, 'D_layer_units_exponent_3': 8, 'D_layer_units_exponent_4': 5, 'D_layer_units_exponent_5': 5, 'D_dagger_layers': 4, 'D_dagger_layer_units_exponent_0': 8, 'D_dagger_layer_units_exponent_1': 10, 'D_dagger_layer_units_exponent_2': 7, 'D_dagger_layer_units_exponent_3': 7, 'log_learning_rate': -1.1649150137969384, 'log_learning_rate_D': -2.125062935174767, 'log_learning_rate_D_dagger': -3.6234552708991634, 'training_batch_size': 10, 'training_p': 2}
	 epoch  0 training error:  tensor(0.9161, device='cuda:0', grad_fn=<DivBackward0>)
Memory status after this epoch: 
Memory allocated:  216.26171875
Memory cached:  226.0
	 epoch  10 training error:  tensor(1587.3156, device='cuda:0', grad_fn=<DivBackward0>)
Memory status after this epoch: 
Memory allocated:  216.26171875
Memory cached:  226.0
	 epoch  20 training error:  tensor(6.6436, device='cuda:0', grad_fn=<DivBackward0>)
Memory status after this epoch: 
Memory allocated:  216.26171875
Memory cached:  226.0
	 epoch  30 training error:  tensor(3.8153, device='cuda:0', grad_fn=<DivBackward0>)
Memory status after this epoch: 
Memory allocated:  216.26171875
Memory cached:  226.0
	 epoch  40 training error:  tensor(7.1282, device='cuda:0', grad_fn=<DivBackward0>)
Memory status after this epoch: 
Memory allocated:  216.26171875
Memory cached:  226.0
	 epoch  50 training error:  tensor(25.0106, device='cuda:0', grad_fn=<DivBackward0>)
Memory status after this epoch: 
Memory allocated:  216.26171875
Memory cached:  226.0
	 epoch  60 training error:  tensor(6.3374, device='cuda:0', grad_fn=<DivBackward0>)
Memory status after this epoch: 
Memory allocated:  216.26171875
Memory cached:  226.0
	 epoch  70 training error:  tensor(2.9265, device='cuda:0', grad_fn=<DivBackward0>)
Memory status after this epoch: 
Memory allocated:  216.26171875
Memory cached:  226.0
	 epoch  80 training error:  tensor(0.5619, device='cuda:0', grad_fn=<DivBackward0>)
Memory status after this epoch: 
Memory allocated:  216.26171875
Memory cached:  226.0
	 epoch  90 training error:  tensor(0.5417, device='cuda:0', grad_fn=<DivBackward0>)
Memory status after this epoch: 
Memory allocated:  216.26171875
Memory cached:  226.0
[I 2024-01-02 03:10:59,095] Trial 222 finished with value: 0.36002102494239807 and parameters: {'W_layers': 6, 'W_layer_units_exponent_0': 6, 'W_layer_units_exponent_1': 9, 'W_layer_units_exponent_2': 6, 'W_layer_units_exponent_3': 7, 'W_layer_units_exponent_4': 7, 'W_layer_units_exponent_5': 8, 'D_layers': 6, 'D_layer_units_exponent_0': 8, 'D_layer_units_exponent_1': 9, 'D_layer_units_exponent_2': 7, 'D_layer_units_exponent_3': 8, 'D_layer_units_exponent_4': 5, 'D_layer_units_exponent_5': 5, 'D_dagger_layers': 4, 'D_dagger_layer_units_exponent_0': 8, 'D_dagger_layer_units_exponent_1': 10, 'D_dagger_layer_units_exponent_2': 7, 'D_dagger_layer_units_exponent_3': 7, 'log_learning_rate': -1.1649150137969384, 'log_learning_rate_D': -2.125062935174767, 'log_learning_rate_D_dagger': -3.6234552708991634, 'training_batch_size': 10, 'training_p': 2}. Best is trial 143 with value: 0.325590580701828.
Time for this trial:  21.755465984344482
Memory status after this trial: 
Memory allocated:  354.23388671875
Memory cached:  376.0
--------------------  Trial  223   --------------------
Start timing: 
Parameters: 
{'W_layers': 6, 'W_layer_units_exponent_0': 4, 'W_layer_units_exponent_1': 9, 'W_layer_units_exponent_2': 4, 'W_layer_units_exponent_3': 9, 'W_layer_units_exponent_4': 7, 'W_layer_units_exponent_5': 8, 'D_layers': 7, 'D_layer_units_exponent_0': 9, 'D_layer_units_exponent_1': 9, 'D_layer_units_exponent_2': 7, 'D_layer_units_exponent_3': 8, 'D_layer_units_exponent_4': 5, 'D_layer_units_exponent_5': 5, 'D_layer_units_exponent_6': 9, 'D_dagger_layers': 4, 'D_dagger_layer_units_exponent_0': 8, 'D_dagger_layer_units_exponent_1': 10, 'D_dagger_layer_units_exponent_2': 8, 'D_dagger_layer_units_exponent_3': 4, 'log_learning_rate': -3.445166017775357, 'log_learning_rate_D': -1.144092963798558, 'log_learning_rate_D_dagger': -3.8638505277017696, 'training_batch_size': 10, 'training_p': 4}
	 epoch  0 training error:  tensor(0.9582, device='cuda:0', grad_fn=<DivBackward0>)
Memory status after this epoch: 
Memory allocated:  218.64892578125
Memory cached:  232.0
	 epoch  10 training error:  tensor(0.5158, device='cuda:0', grad_fn=<DivBackward0>)
Memory status after this epoch: 
Memory allocated:  218.64892578125
Memory cached:  234.0
	 epoch  20 training error:  tensor(0.4829, device='cuda:0', grad_fn=<DivBackward0>)
Memory status after this epoch: 
Memory allocated:  218.64892578125
Memory cached:  234.0
	 epoch  30 training error:  tensor(0.4516, device='cuda:0', grad_fn=<DivBackward0>)
Memory status after this epoch: 
Memory allocated:  218.64892578125
Memory cached:  234.0
	 epoch  40 training error:  tensor(0.4418, device='cuda:0', grad_fn=<DivBackward0>)
Memory status after this epoch: 
Memory allocated:  218.64892578125
Memory cached:  234.0
	 epoch  50 training error:  tensor(0.4333, device='cuda:0', grad_fn=<DivBackward0>)
Memory status after this epoch: 
Memory allocated:  218.64892578125
Memory cached:  234.0
	 epoch  60 training error:  tensor(0.4368, device='cuda:0', grad_fn=<DivBackward0>)
Memory status after this epoch: 
Memory allocated:  218.64892578125
Memory cached:  234.0
	 epoch  70 training error:  tensor(0.4332, device='cuda:0', grad_fn=<DivBackward0>)
Memory status after this epoch: 
Memory allocated:  218.64892578125
Memory cached:  234.0
	 epoch  80 training error:  tensor(0.4331, device='cuda:0', grad_fn=<DivBackward0>)
Memory status after this epoch: 
Memory allocated:  218.64892578125
Memory cached:  234.0
	 epoch  90 training error:  tensor(0.4386, device='cuda:0', grad_fn=<DivBackward0>)
Memory status after this epoch: 
Memory allocated:  218.64892578125
Memory cached:  234.0
[I 2024-01-02 03:11:21,615] Trial 223 finished with value: 0.3692791163921356 and parameters: {'W_layers': 6, 'W_layer_units_exponent_0': 4, 'W_layer_units_exponent_1': 9, 'W_layer_units_exponent_2': 4, 'W_layer_units_exponent_3': 9, 'W_layer_units_exponent_4': 7, 'W_layer_units_exponent_5': 8, 'D_layers': 7, 'D_layer_units_exponent_0': 9, 'D_layer_units_exponent_1': 9, 'D_layer_units_exponent_2': 7, 'D_layer_units_exponent_3': 8, 'D_layer_units_exponent_4': 5, 'D_layer_units_exponent_5': 5, 'D_layer_units_exponent_6': 9, 'D_dagger_layers': 4, 'D_dagger_layer_units_exponent_0': 8, 'D_dagger_layer_units_exponent_1': 10, 'D_dagger_layer_units_exponent_2': 8, 'D_dagger_layer_units_exponent_3': 4, 'log_learning_rate': -3.445166017775357, 'log_learning_rate_D': -1.144092963798558, 'log_learning_rate_D_dagger': -3.8638505277017696, 'training_batch_size': 10, 'training_p': 4}. Best is trial 143 with value: 0.325590580701828.
Time for this trial:  22.087959051132202
Memory status after this trial: 
Memory allocated:  372.70263671875
Memory cached:  398.0
--------------------  Trial  224   --------------------
Start timing: 
Parameters: 
{'W_layers': 6, 'W_layer_units_exponent_0': 8, 'W_layer_units_exponent_1': 9, 'W_layer_units_exponent_2': 6, 'W_layer_units_exponent_3': 9, 'W_layer_units_exponent_4': 7, 'W_layer_units_exponent_5': 5, 'D_layers': 7, 'D_layer_units_exponent_0': 9, 'D_layer_units_exponent_1': 9, 'D_layer_units_exponent_2': 7, 'D_layer_units_exponent_3': 4, 'D_layer_units_exponent_4': 5, 'D_layer_units_exponent_5': 5, 'D_layer_units_exponent_6': 7, 'D_dagger_layers': 4, 'D_dagger_layer_units_exponent_0': 8, 'D_dagger_layer_units_exponent_1': 10, 'D_dagger_layer_units_exponent_2': 4, 'D_dagger_layer_units_exponent_3': 4, 'log_learning_rate': -3.2049395878512557, 'log_learning_rate_D': -1.1079449573762856, 'log_learning_rate_D_dagger': -3.724972820919845, 'training_batch_size': 10, 'training_p': 2}
	 epoch  0 training error:  tensor(1.0266, device='cuda:0', grad_fn=<DivBackward0>)
Memory status after this epoch: 
Memory allocated:  216.8291015625
Memory cached:  228.0
	 epoch  10 training error:  tensor(0.3055, device='cuda:0', grad_fn=<DivBackward0>)
Memory status after this epoch: 
Memory allocated:  216.8291015625
Memory cached:  234.0
	 epoch  20 training error:  tensor(0.3009, device='cuda:0', grad_fn=<DivBackward0>)
Memory status after this epoch: 
Memory allocated:  216.8291015625
Memory cached:  234.0
	 epoch  30 training error:  tensor(0.2953, device='cuda:0', grad_fn=<DivBackward0>)
Memory status after this epoch: 
Memory allocated:  216.8291015625
Memory cached:  234.0
	 epoch  40 training error:  tensor(0.2938, device='cuda:0', grad_fn=<DivBackward0>)
Memory status after this epoch: 
Memory allocated:  216.8291015625
Memory cached:  234.0
	 epoch  50 training error:  tensor(0.2868, device='cuda:0', grad_fn=<DivBackward0>)
Memory status after this epoch: 
Memory allocated:  216.8291015625
Memory cached:  234.0
	 epoch  60 training error:  tensor(0.2895, device='cuda:0', grad_fn=<DivBackward0>)
Memory status after this epoch: 
Memory allocated:  216.8291015625
Memory cached:  234.0
	 epoch  70 training error:  tensor(0.2909, device='cuda:0', grad_fn=<DivBackward0>)
Memory status after this epoch: 
Memory allocated:  216.8291015625
Memory cached:  234.0
	 epoch  80 training error:  tensor(0.2867, device='cuda:0', grad_fn=<DivBackward0>)
Memory status after this epoch: 
Memory allocated:  216.8291015625
Memory cached:  234.0
	 epoch  90 training error:  tensor(0.2850, device='cuda:0', grad_fn=<DivBackward0>)
Memory status after this epoch: 
Memory allocated:  216.8291015625
Memory cached:  234.0
