[I 2024-05-18 10:02:44,755] Trial 53 finished with value: 0.343304842710495 and parameters: {'W_layers': 5, 'W_layer_units_exponent_0': 6, 'W_layer_units_exponent_1': 10, 'W_layer_units_exponent_2': 10, 'W_layer_units_exponent_3': 4, 'W_layer_units_exponent_4': 9, 'D_layers': 4, 'D_layer_units_exponent_0': 7, 'D_layer_units_exponent_1': 7, 'D_layer_units_exponent_2': 5, 'D_layer_units_exponent_3': 10, 'D_dagger_layers': 5, 'D_dagger_layer_units_exponent_0': 6, 'D_dagger_layer_units_exponent_1': 8, 'D_dagger_layer_units_exponent_2': 8, 'D_dagger_layer_units_exponent_3': 9, 'D_dagger_layer_units_exponent_4': 5, 'log_learning_rate': -1.748357851277937, 'log_learning_rate_D': -2.5202118330856904, 'log_learning_rate_D_dagger': -2.682445945644809, 'training_batch_size': 6, 'training_p': 4}. Best is trial 35 with value: 0.04377790540456772.
Time for this trial:  1877.34521818161
Memory status after this trial: 
Memory allocated:  4308.64453125
Memory cached:  4342.0
--------------------  Trial  54   --------------------
Start timing: 
Parameters: 
{'W_layers': 5, 'W_layer_units_exponent_0': 5, 'W_layer_units_exponent_1': 9, 'W_layer_units_exponent_2': 6, 'W_layer_units_exponent_3': 4, 'W_layer_units_exponent_4': 10, 'D_layers': 5, 'D_layer_units_exponent_0': 7, 'D_layer_units_exponent_1': 10, 'D_layer_units_exponent_2': 5, 'D_layer_units_exponent_3': 9, 'D_layer_units_exponent_4': 7, 'D_dagger_layers': 5, 'D_dagger_layer_units_exponent_0': 4, 'D_dagger_layer_units_exponent_1': 9, 'D_dagger_layer_units_exponent_2': 10, 'D_dagger_layer_units_exponent_3': 8, 'D_dagger_layer_units_exponent_4': 9, 'log_learning_rate': -1.5810727167868883, 'log_learning_rate_D': -2.8543571687791163, 'log_learning_rate_D_dagger': -3.1057558673623475, 'training_batch_size': 7, 'training_p': 5}
	 epoch  0 training error:  tensor(9.6238, grad_fn=<ToCopyBackward0>)
Memory status after this epoch: 
Memory allocated:  2249.52099609375
Memory cached:  2588.0
	 epoch  10 training error:  tensor(0.6689, grad_fn=<ToCopyBackward0>)
Memory status after this epoch: 
Memory allocated:  2249.52099609375
Memory cached:  2588.0
	 epoch  20 training error:  tensor(0.3938, grad_fn=<ToCopyBackward0>)
Memory status after this epoch: 
Memory allocated:  2249.52099609375
Memory cached:  2588.0
	 epoch  30 training error:  tensor(0.3675, grad_fn=<ToCopyBackward0>)
Memory status after this epoch: 
Memory allocated:  2249.52099609375
Memory cached:  2588.0
	 epoch  40 training error:  tensor(0.3647, grad_fn=<ToCopyBackward0>)
Memory status after this epoch: 
Memory allocated:  2249.52099609375
Memory cached:  2588.0
	 epoch  50 training error:  tensor(0.3695, grad_fn=<ToCopyBackward0>)
Memory status after this epoch: 
Memory allocated:  2249.52099609375
Memory cached:  2588.0
	 epoch  60 training error:  tensor(0.3661, grad_fn=<ToCopyBackward0>)
Memory status after this epoch: 
Memory allocated:  2249.52099609375
Memory cached:  2588.0
	 epoch  70 training error:  tensor(0.3175, grad_fn=<ToCopyBackward0>)
Memory status after this epoch: 
Memory allocated:  2249.52099609375
Memory cached:  2588.0
	 epoch  80 training error:  tensor(0.1956, grad_fn=<ToCopyBackward0>)
Memory status after this epoch: 
Memory allocated:  2249.52099609375
Memory cached:  2588.0
	 epoch  90 training error:  tensor(0.1260, grad_fn=<ToCopyBackward0>)
Memory status after this epoch: 
Memory allocated:  2249.52099609375
Memory cached:  2588.0
[I 2024-05-18 10:20:08,446] Trial 54 finished with value: 0.08723701536655426 and parameters: {'W_layers': 5, 'W_layer_units_exponent_0': 5, 'W_layer_units_exponent_1': 9, 'W_layer_units_exponent_2': 6, 'W_layer_units_exponent_3': 4, 'W_layer_units_exponent_4': 10, 'D_layers': 5, 'D_layer_units_exponent_0': 7, 'D_layer_units_exponent_1': 10, 'D_layer_units_exponent_2': 5, 'D_layer_units_exponent_3': 9, 'D_layer_units_exponent_4': 7, 'D_dagger_layers': 5, 'D_dagger_layer_units_exponent_0': 4, 'D_dagger_layer_units_exponent_1': 9, 'D_dagger_layer_units_exponent_2': 10, 'D_dagger_layer_units_exponent_3': 8, 'D_dagger_layer_units_exponent_4': 9, 'log_learning_rate': -1.5810727167868883, 'log_learning_rate_D': -2.8543571687791163, 'log_learning_rate_D_dagger': -3.1057558673623475, 'training_batch_size': 7, 'training_p': 5}. Best is trial 35 with value: 0.04377790540456772.
Time for this trial:  1043.1177306175232
Memory status after this trial: 
Memory allocated:  4606.0263671875
Memory cached:  4648.0
--------------------  Trial  55   --------------------
Start timing: 
Parameters: 
{'W_layers': 4, 'W_layer_units_exponent_0': 4, 'W_layer_units_exponent_1': 6, 'W_layer_units_exponent_2': 5, 'W_layer_units_exponent_3': 9, 'D_layers': 4, 'D_layer_units_exponent_0': 5, 'D_layer_units_exponent_1': 9, 'D_layer_units_exponent_2': 4, 'D_layer_units_exponent_3': 10, 'D_dagger_layers': 4, 'D_dagger_layer_units_exponent_0': 5, 'D_dagger_layer_units_exponent_1': 9, 'D_dagger_layer_units_exponent_2': 9, 'D_dagger_layer_units_exponent_3': 10, 'log_learning_rate': -1.9891015067875908, 'log_learning_rate_D': -2.3313314632562667, 'log_learning_rate_D_dagger': -2.8621878040757847, 'training_batch_size': 6, 'training_p': 4}
	 epoch  0 training error:  tensor(0.8291, grad_fn=<ToCopyBackward0>)
Memory status after this epoch: 
Memory allocated:  2244.01904296875
Memory cached:  2590.0
	 epoch  10 training error:  tensor(0.3398, grad_fn=<ToCopyBackward0>)
Memory status after this epoch: 
Memory allocated:  2244.01904296875
Memory cached:  2590.0
	 epoch  20 training error:  tensor(0.3355, grad_fn=<ToCopyBackward0>)
Memory status after this epoch: 
Memory allocated:  2244.01904296875
Memory cached:  2588.0
	 epoch  30 training error:  tensor(0.3329, grad_fn=<ToCopyBackward0>)
Memory status after this epoch: 
Memory allocated:  2244.01904296875
Memory cached:  2588.0
	 epoch  40 training error:  tensor(0.3335, grad_fn=<ToCopyBackward0>)
Memory status after this epoch: 
Memory allocated:  2244.01904296875
Memory cached:  2590.0
	 epoch  50 training error:  tensor(0.3346, grad_fn=<ToCopyBackward0>)
Memory status after this epoch: 
Memory allocated:  2244.01904296875
Memory cached:  2588.0
	 epoch  60 training error:  tensor(0.3345, grad_fn=<ToCopyBackward0>)
Memory status after this epoch: 
Memory allocated:  2244.01904296875
Memory cached:  2590.0
	 epoch  70 training error:  tensor(0.3312, grad_fn=<ToCopyBackward0>)
Memory status after this epoch: 
Memory allocated:  2244.01904296875
Memory cached:  2588.0
	 epoch  80 training error:  tensor(0.3299, grad_fn=<ToCopyBackward0>)
Memory status after this epoch: 
Memory allocated:  2244.01904296875
Memory cached:  2588.0
	 epoch  90 training error:  tensor(0.3310, grad_fn=<ToCopyBackward0>)
Memory status after this epoch: 
Memory allocated:  2244.01904296875
Memory cached:  2588.0
[I 2024-05-18 10:49:00,257] Trial 55 finished with value: 0.23383818566799164 and parameters: {'W_layers': 4, 'W_layer_units_exponent_0': 4, 'W_layer_units_exponent_1': 6, 'W_layer_units_exponent_2': 5, 'W_layer_units_exponent_3': 9, 'D_layers': 4, 'D_layer_units_exponent_0': 5, 'D_layer_units_exponent_1': 9, 'D_layer_units_exponent_2': 4, 'D_layer_units_exponent_3': 10, 'D_dagger_layers': 4, 'D_dagger_layer_units_exponent_0': 5, 'D_dagger_layer_units_exponent_1': 9, 'D_dagger_layer_units_exponent_2': 9, 'D_dagger_layer_units_exponent_3': 10, 'log_learning_rate': -1.9891015067875908, 'log_learning_rate_D': -2.3313314632562667, 'log_learning_rate_D_dagger': -2.8621878040757847, 'training_batch_size': 6, 'training_p': 4}. Best is trial 35 with value: 0.04377790540456772.
Time for this trial:  1731.2135601043701
Memory status after this trial: 
Memory allocated:  3907.71875
Memory cached:  3964.0
--------------------  Trial  56   --------------------
Start timing: 
Parameters: 
{'W_layers': 6, 'W_layer_units_exponent_0': 6, 'W_layer_units_exponent_1': 8, 'W_layer_units_exponent_2': 4, 'W_layer_units_exponent_3': 5, 'W_layer_units_exponent_4': 9, 'W_layer_units_exponent_5': 5, 'D_layers': 8, 'D_layer_units_exponent_0': 6, 'D_layer_units_exponent_1': 8, 'D_layer_units_exponent_2': 6, 'D_layer_units_exponent_3': 8, 'D_layer_units_exponent_4': 8, 'D_layer_units_exponent_5': 7, 'D_layer_units_exponent_6': 7, 'D_layer_units_exponent_7': 6, 'D_dagger_layers': 5, 'D_dagger_layer_units_exponent_0': 6, 'D_dagger_layer_units_exponent_1': 8, 'D_dagger_layer_units_exponent_2': 8, 'D_dagger_layer_units_exponent_3': 9, 'D_dagger_layer_units_exponent_4': 4, 'log_learning_rate': -2.1204934916907674, 'log_learning_rate_D': -2.638674798627445, 'log_learning_rate_D_dagger': -2.5348312081424043, 'training_batch_size': 6, 'training_p': 3}
	 epoch  0 training error:  tensor(1.0484, grad_fn=<ToCopyBackward0>)
Memory status after this epoch: 
Memory allocated:  2237.62060546875
Memory cached:  2608.0
	 epoch  10 training error:  tensor(0.2946, grad_fn=<ToCopyBackward0>)
Memory status after this epoch: 
Memory allocated:  2237.62060546875
Memory cached:  2670.0
	 epoch  20 training error:  tensor(0.2905, grad_fn=<ToCopyBackward0>)
Memory status after this epoch: 
Memory allocated:  2237.62060546875
Memory cached:  2672.0
	 epoch  30 training error:  tensor(0.2881, grad_fn=<ToCopyBackward0>)
Memory status after this epoch: 
Memory allocated:  2237.62060546875
Memory cached:  2662.0
	 epoch  40 training error:  tensor(0.2932, grad_fn=<ToCopyBackward0>)
Memory status after this epoch: 
Memory allocated:  2237.62060546875
Memory cached:  2664.0
	 epoch  50 training error:  tensor(0.3076, grad_fn=<ToCopyBackward0>)
Memory status after this epoch: 
Memory allocated:  2237.62060546875
Memory cached:  2664.0
	 epoch  60 training error:  tensor(0.2977, grad_fn=<ToCopyBackward0>)
Memory status after this epoch: 
Memory allocated:  2237.62060546875
Memory cached:  2662.0
	 epoch  70 training error:  tensor(0.2918, grad_fn=<ToCopyBackward0>)
Memory status after this epoch: 
Memory allocated:  2237.62060546875
Memory cached:  2664.0
	 epoch  80 training error:  tensor(2.5780, grad_fn=<ToCopyBackward0>)
Memory status after this epoch: 
Memory allocated:  2237.62060546875
Memory cached:  2660.0
	 epoch  90 training error:  tensor(0.2885, grad_fn=<ToCopyBackward0>)
Memory status after this epoch: 
Memory allocated:  2237.62060546875
Memory cached:  2658.0
[I 2024-05-18 11:26:46,754] Trial 56 finished with value: 0.23156443238258362 and parameters: {'W_layers': 6, 'W_layer_units_exponent_0': 6, 'W_layer_units_exponent_1': 8, 'W_layer_units_exponent_2': 4, 'W_layer_units_exponent_3': 5, 'W_layer_units_exponent_4': 9, 'W_layer_units_exponent_5': 5, 'D_layers': 8, 'D_layer_units_exponent_0': 6, 'D_layer_units_exponent_1': 8, 'D_layer_units_exponent_2': 6, 'D_layer_units_exponent_3': 8, 'D_layer_units_exponent_4': 8, 'D_layer_units_exponent_5': 7, 'D_layer_units_exponent_6': 7, 'D_layer_units_exponent_7': 6, 'D_dagger_layers': 5, 'D_dagger_layer_units_exponent_0': 6, 'D_dagger_layer_units_exponent_1': 8, 'D_dagger_layer_units_exponent_2': 8, 'D_dagger_layer_units_exponent_3': 9, 'D_dagger_layer_units_exponent_4': 4, 'log_learning_rate': -2.1204934916907674, 'log_learning_rate_D': -2.638674798627445, 'log_learning_rate_D_dagger': -2.5348312081424043, 'training_batch_size': 6, 'training_p': 3}. Best is trial 35 with value: 0.04377790540456772.
Time for this trial:  2265.659742832184
Memory status after this trial: 
Memory allocated:  3603.748046875
Memory cached:  3622.0
--------------------  Trial  57   --------------------
Start timing: 
Parameters: 
{'W_layers': 5, 'W_layer_units_exponent_0': 8, 'W_layer_units_exponent_1': 7, 'W_layer_units_exponent_2': 7, 'W_layer_units_exponent_3': 4, 'W_layer_units_exponent_4': 10, 'D_layers': 5, 'D_layer_units_exponent_0': 6, 'D_layer_units_exponent_1': 9, 'D_layer_units_exponent_2': 8, 'D_layer_units_exponent_3': 9, 'D_layer_units_exponent_4': 5, 'D_dagger_layers': 3, 'D_dagger_layer_units_exponent_0': 6, 'D_dagger_layer_units_exponent_1': 9, 'D_dagger_layer_units_exponent_2': 7, 'log_learning_rate': -1.2861352629296245, 'log_learning_rate_D': -2.784607240033815, 'log_learning_rate_D_dagger': -2.3229244589651583, 'training_batch_size': 7, 'training_p': 4}
	 epoch  0 training error:  tensor(358.9832, grad_fn=<ToCopyBackward0>)
Memory status after this epoch: 
Memory allocated:  2237.87255859375
Memory cached:  2568.0
	 epoch  10 training error:  tensor(2.2352, grad_fn=<ToCopyBackward0>)
Memory status after this epoch: 
Memory allocated:  2237.87255859375
Memory cached:  2566.0
	 epoch  20 training error:  tensor(0.3539, grad_fn=<ToCopyBackward0>)
Memory status after this epoch: 
Memory allocated:  2237.87255859375
Memory cached:  2566.0
	 epoch  30 training error:  tensor(0.3352, grad_fn=<ToCopyBackward0>)
Memory status after this epoch: 
Memory allocated:  2237.87255859375
Memory cached:  2566.0
	 epoch  40 training error:  tensor(0.3338, grad_fn=<ToCopyBackward0>)
Memory status after this epoch: 
Memory allocated:  2237.87255859375
Memory cached:  2566.0
	 epoch  50 training error:  tensor(0.3339, grad_fn=<ToCopyBackward0>)
Memory status after this epoch: 
Memory allocated:  2237.87255859375
Memory cached:  2566.0
	 epoch  60 training error:  tensor(0.3341, grad_fn=<ToCopyBackward0>)
Memory status after this epoch: 
Memory allocated:  2237.87255859375
Memory cached:  2566.0
	 epoch  70 training error:  tensor(0.3335, grad_fn=<ToCopyBackward0>)
Memory status after this epoch: 
Memory allocated:  2237.87255859375
Memory cached:  2566.0
	 epoch  80 training error:  tensor(0.3347, grad_fn=<ToCopyBackward0>)
Memory status after this epoch: 
Memory allocated:  2237.87255859375
Memory cached:  2566.0
	 epoch  90 training error:  tensor(0.3351, grad_fn=<ToCopyBackward0>)
Memory status after this epoch: 
Memory allocated:  2237.87255859375
Memory cached:  2566.0
[I 2024-05-18 11:42:32,451] Trial 57 finished with value: 0.24737048149108887 and parameters: {'W_layers': 5, 'W_layer_units_exponent_0': 8, 'W_layer_units_exponent_1': 7, 'W_layer_units_exponent_2': 7, 'W_layer_units_exponent_3': 4, 'W_layer_units_exponent_4': 10, 'D_layers': 5, 'D_layer_units_exponent_0': 6, 'D_layer_units_exponent_1': 9, 'D_layer_units_exponent_2': 8, 'D_layer_units_exponent_3': 9, 'D_layer_units_exponent_4': 5, 'D_dagger_layers': 3, 'D_dagger_layer_units_exponent_0': 6, 'D_dagger_layer_units_exponent_1': 9, 'D_dagger_layer_units_exponent_2': 7, 'log_learning_rate': -1.2861352629296245, 'log_learning_rate_D': -2.784607240033815, 'log_learning_rate_D_dagger': -2.3229244589651583, 'training_batch_size': 7, 'training_p': 4}. Best is trial 35 with value: 0.04377790540456772.
Time for this trial:  945.0023577213287
Memory status after this trial: 
Memory allocated:  3708.5029296875
Memory cached:  3728.0
--------------------  Trial  58   --------------------
Start timing: 
Parameters: 
{'W_layers': 3, 'W_layer_units_exponent_0': 5, 'W_layer_units_exponent_1': 9, 'W_layer_units_exponent_2': 5, 'D_layers': 6, 'D_layer_units_exponent_0': 7, 'D_layer_units_exponent_1': 8, 'D_layer_units_exponent_2': 5, 'D_layer_units_exponent_3': 6, 'D_layer_units_exponent_4': 6, 'D_layer_units_exponent_5': 10, 'D_dagger_layers': 4, 'D_dagger_layer_units_exponent_0': 5, 'D_dagger_layer_units_exponent_1': 10, 'D_dagger_layer_units_exponent_2': 9, 'D_dagger_layer_units_exponent_3': 8, 'log_learning_rate': -1.5018999998940044, 'log_learning_rate_D': -3.2396144480701103, 'log_learning_rate_D_dagger': -3.092112618432723, 'training_batch_size': 8, 'training_p': 3}
	 epoch  0 training error:  tensor(7.0476, grad_fn=<ToCopyBackward0>)
Memory status after this epoch: 
Memory allocated:  2243.31787109375
Memory cached:  2586.0
	 epoch  10 training error:  tensor(0.3154, grad_fn=<ToCopyBackward0>)
Memory status after this epoch: 
Memory allocated:  2243.31787109375
Memory cached:  2586.0
	 epoch  20 training error:  tensor(0.2942, grad_fn=<ToCopyBackward0>)
Memory status after this epoch: 
Memory allocated:  2243.31787109375
Memory cached:  2586.0
	 epoch  30 training error:  tensor(0.2976, grad_fn=<ToCopyBackward0>)
Memory status after this epoch: 
Memory allocated:  2243.31787109375
Memory cached:  2586.0
	 epoch  40 training error:  tensor(0.2998, grad_fn=<ToCopyBackward0>)
Memory status after this epoch: 
Memory allocated:  2243.31787109375
Memory cached:  2586.0
	 epoch  50 training error:  tensor(0.2947, grad_fn=<ToCopyBackward0>)
Memory status after this epoch: 
Memory allocated:  2243.31787109375
Memory cached:  2586.0
	 epoch  60 training error:  tensor(0.2982, grad_fn=<ToCopyBackward0>)
Memory status after this epoch: 
Memory allocated:  2243.31787109375
Memory cached:  2586.0
	 epoch  70 training error:  tensor(0.2982, grad_fn=<ToCopyBackward0>)
Memory status after this epoch: 
Memory allocated:  2243.31787109375
Memory cached:  2586.0
	 epoch  80 training error:  tensor(0.2971, grad_fn=<ToCopyBackward0>)
Memory status after this epoch: 
Memory allocated:  2243.31787109375
Memory cached:  2586.0
	 epoch  90 training error:  tensor(0.2932, grad_fn=<ToCopyBackward0>)
Memory status after this epoch: 
Memory allocated:  2243.31787109375
Memory cached:  2586.0
[I 2024-05-18 11:53:15,599] Trial 58 finished with value: 0.25314053893089294 and parameters: {'W_layers': 3, 'W_layer_units_exponent_0': 5, 'W_layer_units_exponent_1': 9, 'W_layer_units_exponent_2': 5, 'D_layers': 6, 'D_layer_units_exponent_0': 7, 'D_layer_units_exponent_1': 8, 'D_layer_units_exponent_2': 5, 'D_layer_units_exponent_3': 6, 'D_layer_units_exponent_4': 6, 'D_layer_units_exponent_5': 10, 'D_dagger_layers': 4, 'D_dagger_layer_units_exponent_0': 5, 'D_dagger_layer_units_exponent_1': 10, 'D_dagger_layer_units_exponent_2': 9, 'D_dagger_layer_units_exponent_3': 8, 'log_learning_rate': -1.5018999998940044, 'log_learning_rate_D': -3.2396144480701103, 'log_learning_rate_D_dagger': -3.092112618432723, 'training_batch_size': 8, 'training_p': 3}. Best is trial 35 with value: 0.04377790540456772.
Time for this trial:  642.6220307350159
Memory status after this trial: 
Memory allocated:  3846.7529296875
Memory cached:  3882.0
--------------------  Trial  59   --------------------
Start timing: 
Parameters: 
{'W_layers': 6, 'W_layer_units_exponent_0': 6, 'W_layer_units_exponent_1': 10, 'W_layer_units_exponent_2': 6, 'W_layer_units_exponent_3': 8, 'W_layer_units_exponent_4': 8, 'W_layer_units_exponent_5': 8, 'D_layers': 4, 'D_layer_units_exponent_0': 8, 'D_layer_units_exponent_1': 4, 'D_layer_units_exponent_2': 4, 'D_layer_units_exponent_3': 9, 'D_dagger_layers': 3, 'D_dagger_layer_units_exponent_0': 8, 'D_dagger_layer_units_exponent_1': 9, 'D_dagger_layer_units_exponent_2': 8, 'log_learning_rate': -1.741698028593389, 'log_learning_rate_D': -2.4928610942965514, 'log_learning_rate_D_dagger': -2.0460813922363146, 'training_batch_size': 11, 'training_p': 3}
	 epoch  0 training error:  tensor(1.1394, grad_fn=<ToCopyBackward0>)
Memory status after this epoch: 
Memory allocated:  2239.23193359375
Memory cached:  2618.0
	 epoch  10 training error:  tensor(6.3337, grad_fn=<ToCopyBackward0>)
Memory status after this epoch: 
Memory allocated:  2239.23193359375
Memory cached:  2672.0
	 epoch  20 training error:  tensor(1.4822, grad_fn=<ToCopyBackward0>)
Memory status after this epoch: 
Memory allocated:  2239.23193359375
Memory cached:  2662.0
	 epoch  30 training error:  tensor(0.6190, grad_fn=<ToCopyBackward0>)
Memory status after this epoch: 
Memory allocated:  2239.23193359375
Memory cached:  2658.0
	 epoch  40 training error:  tensor(0.3802, grad_fn=<ToCopyBackward0>)
Memory status after this epoch: 
Memory allocated:  2239.23193359375
Memory cached:  2664.0
	 epoch  50 training error:  tensor(0.3036, grad_fn=<ToCopyBackward0>)
Memory status after this epoch: 
Memory allocated:  2239.23193359375
Memory cached:  2672.0
	 epoch  60 training error:  tensor(0.2931, grad_fn=<ToCopyBackward0>)
Memory status after this epoch: 
Memory allocated:  2239.23193359375
Memory cached:  2668.0
	 epoch  70 training error:  tensor(0.2917, grad_fn=<ToCopyBackward0>)
Memory status after this epoch: 
Memory allocated:  2239.23193359375
Memory cached:  2666.0
	 epoch  80 training error:  tensor(0.2879, grad_fn=<ToCopyBackward0>)
Memory status after this epoch: 
Memory allocated:  2239.23193359375
Memory cached:  2666.0
	 epoch  90 training error:  tensor(0.2880, grad_fn=<ToCopyBackward0>)
Memory status after this epoch: 
Memory allocated:  2239.23193359375
Memory cached:  2668.0
