[I 2024-01-01 16:57:41,970] Trial 279 finished with value: 0.4535721242427826 and parameters: {'W_layers': 4, 'W_layer_units_exponent_0': 8, 'W_layer_units_exponent_1': 10, 'W_layer_units_exponent_2': 6, 'W_layer_units_exponent_3': 5, 'D_layers': 5, 'D_layer_units_exponent_0': 7, 'D_layer_units_exponent_1': 9, 'D_layer_units_exponent_2': 10, 'D_layer_units_exponent_3': 8, 'D_layer_units_exponent_4': 4, 'D_dagger_layers': 3, 'D_dagger_layer_units_exponent_0': 7, 'D_dagger_layer_units_exponent_1': 6, 'D_dagger_layer_units_exponent_2': 5, 'log_learning_rate': -2.8622410738282498, 'log_learning_rate_D': -4.267223066014667, 'log_learning_rate_D_dagger': -2.1478214167930076, 'training_batch_size': 6, 'training_p': 6}. Best is trial 220 with value: 0.11745021492242813.
Time for this trial:  305.9771058559418
Memory status after this trial: 
Memory allocated:  399.0888671875
Memory cached:  422.0
--------------------  Trial  280   --------------------
Start timing: 
Parameters: 
{'W_layers': 5, 'W_layer_units_exponent_0': 8, 'W_layer_units_exponent_1': 10, 'W_layer_units_exponent_2': 6, 'W_layer_units_exponent_3': 5, 'W_layer_units_exponent_4': 5, 'D_layers': 5, 'D_layer_units_exponent_0': 7, 'D_layer_units_exponent_1': 10, 'D_layer_units_exponent_2': 10, 'D_layer_units_exponent_3': 8, 'D_layer_units_exponent_4': 4, 'D_dagger_layers': 6, 'D_dagger_layer_units_exponent_0': 9, 'D_dagger_layer_units_exponent_1': 8, 'D_dagger_layer_units_exponent_2': 4, 'D_dagger_layer_units_exponent_3': 9, 'D_dagger_layer_units_exponent_4': 4, 'D_dagger_layer_units_exponent_5': 6, 'log_learning_rate': -2.522088833959988, 'log_learning_rate_D': -4.18103429372875, 'log_learning_rate_D_dagger': -2.2422746472546224, 'training_batch_size': 6, 'training_p': 5}
	 epoch  0 training error:  tensor(1.2101, device='cuda:0', grad_fn=<DivBackward0>)
Memory status after this epoch: 
Memory allocated:  231.81884765625
Memory cached:  428.0
	 epoch  10 training error:  tensor(0.6082, device='cuda:0', grad_fn=<DivBackward0>)
Memory status after this epoch: 
Memory allocated:  231.81884765625
Memory cached:  458.0
	 epoch  20 training error:  tensor(0.5130, device='cuda:0', grad_fn=<DivBackward0>)
Memory status after this epoch: 
Memory allocated:  231.81884765625
Memory cached:  474.0
	 epoch  30 training error:  tensor(0.5287, device='cuda:0', grad_fn=<DivBackward0>)
Memory status after this epoch: 
Memory allocated:  231.81884765625
Memory cached:  480.0
	 epoch  40 training error:  tensor(0.4794, device='cuda:0', grad_fn=<DivBackward0>)
Memory status after this epoch: 
Memory allocated:  231.81884765625
Memory cached:  460.0
	 epoch  50 training error:  tensor(0.4874, device='cuda:0', grad_fn=<DivBackward0>)
Memory status after this epoch: 
Memory allocated:  231.81884765625
Memory cached:  466.0
	 epoch  60 training error:  tensor(0.5183, device='cuda:0', grad_fn=<DivBackward0>)
Memory status after this epoch: 
Memory allocated:  231.81884765625
Memory cached:  460.0
	 epoch  70 training error:  tensor(0.5140, device='cuda:0', grad_fn=<DivBackward0>)
Memory status after this epoch: 
Memory allocated:  231.81884765625
Memory cached:  470.0
	 epoch  80 training error:  tensor(0.5105, device='cuda:0', grad_fn=<DivBackward0>)
Memory status after this epoch: 
Memory allocated:  231.81884765625
Memory cached:  468.0
	 epoch  90 training error:  tensor(0.4979, device='cuda:0', grad_fn=<DivBackward0>)
Memory status after this epoch: 
Memory allocated:  231.81884765625
Memory cached:  468.0
[I 2024-01-01 17:03:55,496] Trial 280 finished with value: 0.46286439895629883 and parameters: {'W_layers': 5, 'W_layer_units_exponent_0': 8, 'W_layer_units_exponent_1': 10, 'W_layer_units_exponent_2': 6, 'W_layer_units_exponent_3': 5, 'W_layer_units_exponent_4': 5, 'D_layers': 5, 'D_layer_units_exponent_0': 7, 'D_layer_units_exponent_1': 10, 'D_layer_units_exponent_2': 10, 'D_layer_units_exponent_3': 8, 'D_layer_units_exponent_4': 4, 'D_dagger_layers': 6, 'D_dagger_layer_units_exponent_0': 9, 'D_dagger_layer_units_exponent_1': 8, 'D_dagger_layer_units_exponent_2': 4, 'D_dagger_layer_units_exponent_3': 9, 'D_dagger_layer_units_exponent_4': 4, 'D_dagger_layer_units_exponent_5': 6, 'log_learning_rate': -2.522088833959988, 'log_learning_rate_D': -4.18103429372875, 'log_learning_rate_D_dagger': -2.2422746472546224, 'training_batch_size': 6, 'training_p': 5}. Best is trial 220 with value: 0.11745021492242813.
Time for this trial:  372.9511318206787
Memory status after this trial: 
Memory allocated:  495.103515625
Memory cached:  516.0
--------------------  Trial  281   --------------------
Start timing: 
Parameters: 
{'W_layers': 5, 'W_layer_units_exponent_0': 8, 'W_layer_units_exponent_1': 10, 'W_layer_units_exponent_2': 6, 'W_layer_units_exponent_3': 5, 'W_layer_units_exponent_4': 5, 'D_layers': 5, 'D_layer_units_exponent_0': 7, 'D_layer_units_exponent_1': 9, 'D_layer_units_exponent_2': 10, 'D_layer_units_exponent_3': 8, 'D_layer_units_exponent_4': 4, 'D_dagger_layers': 3, 'D_dagger_layer_units_exponent_0': 9, 'D_dagger_layer_units_exponent_1': 4, 'D_dagger_layer_units_exponent_2': 5, 'log_learning_rate': -3.00594171907732, 'log_learning_rate_D': -4.053960589042465, 'log_learning_rate_D_dagger': -1.9696820748848818, 'training_batch_size': 6, 'training_p': 5}
	 epoch  0 training error:  tensor(1.0073, device='cuda:0', grad_fn=<DivBackward0>)
Memory status after this epoch: 
Memory allocated:  220.60205078125
Memory cached:  434.0
	 epoch  10 training error:  tensor(0.5454, device='cuda:0', grad_fn=<DivBackward0>)
Memory status after this epoch: 
Memory allocated:  220.60205078125
Memory cached:  484.0
	 epoch  20 training error:  tensor(0.4897, device='cuda:0', grad_fn=<DivBackward0>)
Memory status after this epoch: 
Memory allocated:  220.60205078125
Memory cached:  482.0
	 epoch  30 training error:  tensor(0.4874, device='cuda:0', grad_fn=<DivBackward0>)
Memory status after this epoch: 
Memory allocated:  220.60205078125
Memory cached:  480.0
	 epoch  40 training error:  tensor(0.4900, device='cuda:0', grad_fn=<DivBackward0>)
Memory status after this epoch: 
Memory allocated:  220.60205078125
Memory cached:  478.0
	 epoch  50 training error:  tensor(0.4521, device='cuda:0', grad_fn=<DivBackward0>)
Memory status after this epoch: 
Memory allocated:  220.60205078125
Memory cached:  488.0
	 epoch  60 training error:  tensor(0.4178, device='cuda:0', grad_fn=<DivBackward0>)
Memory status after this epoch: 
Memory allocated:  220.60205078125
Memory cached:  480.0
	 epoch  70 training error:  tensor(0.3854, device='cuda:0', grad_fn=<DivBackward0>)
Memory status after this epoch: 
Memory allocated:  220.60205078125
Memory cached:  486.0
	 epoch  80 training error:  tensor(0.2814, device='cuda:0', grad_fn=<DivBackward0>)
Memory status after this epoch: 
Memory allocated:  220.60205078125
Memory cached:  474.0
	 epoch  90 training error:  tensor(0.3378, device='cuda:0', grad_fn=<DivBackward0>)
Memory status after this epoch: 
Memory allocated:  220.60205078125
Memory cached:  478.0
[I 2024-01-01 17:09:17,558] Trial 281 finished with value: 0.2006029188632965 and parameters: {'W_layers': 5, 'W_layer_units_exponent_0': 8, 'W_layer_units_exponent_1': 10, 'W_layer_units_exponent_2': 6, 'W_layer_units_exponent_3': 5, 'W_layer_units_exponent_4': 5, 'D_layers': 5, 'D_layer_units_exponent_0': 7, 'D_layer_units_exponent_1': 9, 'D_layer_units_exponent_2': 10, 'D_layer_units_exponent_3': 8, 'D_layer_units_exponent_4': 4, 'D_dagger_layers': 3, 'D_dagger_layer_units_exponent_0': 9, 'D_dagger_layer_units_exponent_1': 4, 'D_dagger_layer_units_exponent_2': 5, 'log_learning_rate': -3.00594171907732, 'log_learning_rate_D': -4.053960589042465, 'log_learning_rate_D_dagger': -1.9696820748848818, 'training_batch_size': 6, 'training_p': 5}. Best is trial 220 with value: 0.11745021492242813.
Time for this trial:  321.5998809337616
Memory status after this trial: 
Memory allocated:  418.9189453125
Memory cached:  470.0
--------------------  Trial  282   --------------------
Start timing: 
Parameters: 
{'W_layers': 5, 'W_layer_units_exponent_0': 5, 'W_layer_units_exponent_1': 10, 'W_layer_units_exponent_2': 6, 'W_layer_units_exponent_3': 4, 'W_layer_units_exponent_4': 5, 'D_layers': 5, 'D_layer_units_exponent_0': 7, 'D_layer_units_exponent_1': 9, 'D_layer_units_exponent_2': 10, 'D_layer_units_exponent_3': 8, 'D_layer_units_exponent_4': 6, 'D_dagger_layers': 3, 'D_dagger_layer_units_exponent_0': 9, 'D_dagger_layer_units_exponent_1': 7, 'D_dagger_layer_units_exponent_2': 5, 'log_learning_rate': -2.2742109296260042, 'log_learning_rate_D': -4.1376655650793985, 'log_learning_rate_D_dagger': -2.1564414220166492, 'training_batch_size': 6, 'training_p': 5}
	 epoch  0 training error:  tensor(1.5280, device='cuda:0', grad_fn=<DivBackward0>)
Memory status after this epoch: 
Memory allocated:  218.19189453125
Memory cached:  404.0
	 epoch  10 training error:  tensor(0.5690, device='cuda:0', grad_fn=<DivBackward0>)
Memory status after this epoch: 
Memory allocated:  218.19189453125
Memory cached:  406.0
	 epoch  20 training error:  tensor(0.5011, device='cuda:0', grad_fn=<DivBackward0>)
Memory status after this epoch: 
Memory allocated:  218.19189453125
Memory cached:  404.0
	 epoch  30 training error:  tensor(0.5091, device='cuda:0', grad_fn=<DivBackward0>)
Memory status after this epoch: 
Memory allocated:  218.19189453125
Memory cached:  406.0
	 epoch  40 training error:  tensor(0.4775, device='cuda:0', grad_fn=<DivBackward0>)
Memory status after this epoch: 
Memory allocated:  218.19189453125
Memory cached:  402.0
	 epoch  50 training error:  tensor(0.4725, device='cuda:0', grad_fn=<DivBackward0>)
Memory status after this epoch: 
Memory allocated:  218.19189453125
Memory cached:  406.0
	 epoch  60 training error:  tensor(0.4707, device='cuda:0', grad_fn=<DivBackward0>)
Memory status after this epoch: 
Memory allocated:  218.19189453125
Memory cached:  404.0
	 epoch  70 training error:  tensor(0.4713, device='cuda:0', grad_fn=<DivBackward0>)
Memory status after this epoch: 
Memory allocated:  218.19189453125
Memory cached:  406.0
	 epoch  80 training error:  tensor(0.4679, device='cuda:0', grad_fn=<DivBackward0>)
Memory status after this epoch: 
Memory allocated:  218.19189453125
Memory cached:  406.0
	 epoch  90 training error:  tensor(0.4468, device='cuda:0', grad_fn=<DivBackward0>)
Memory status after this epoch: 
Memory allocated:  218.19189453125
Memory cached:  404.0
[I 2024-01-01 17:14:41,015] Trial 282 finished with value: 0.26211223006248474 and parameters: {'W_layers': 5, 'W_layer_units_exponent_0': 5, 'W_layer_units_exponent_1': 10, 'W_layer_units_exponent_2': 6, 'W_layer_units_exponent_3': 4, 'W_layer_units_exponent_4': 5, 'D_layers': 5, 'D_layer_units_exponent_0': 7, 'D_layer_units_exponent_1': 9, 'D_layer_units_exponent_2': 10, 'D_layer_units_exponent_3': 8, 'D_layer_units_exponent_4': 6, 'D_dagger_layers': 3, 'D_dagger_layer_units_exponent_0': 9, 'D_dagger_layer_units_exponent_1': 7, 'D_dagger_layer_units_exponent_2': 5, 'log_learning_rate': -2.2742109296260042, 'log_learning_rate_D': -4.1376655650793985, 'log_learning_rate_D_dagger': -2.1564414220166492, 'training_batch_size': 6, 'training_p': 5}. Best is trial 220 with value: 0.11745021492242813.
Time for this trial:  322.9563055038452
Memory status after this trial: 
Memory allocated:  412.908203125
Memory cached:  434.0
--------------------  Trial  283   --------------------
Start timing: 
Parameters: 
{'W_layers': 5, 'W_layer_units_exponent_0': 8, 'W_layer_units_exponent_1': 5, 'W_layer_units_exponent_2': 6, 'W_layer_units_exponent_3': 6, 'W_layer_units_exponent_4': 5, 'D_layers': 5, 'D_layer_units_exponent_0': 10, 'D_layer_units_exponent_1': 9, 'D_layer_units_exponent_2': 10, 'D_layer_units_exponent_3': 8, 'D_layer_units_exponent_4': 4, 'D_dagger_layers': 4, 'D_dagger_layer_units_exponent_0': 9, 'D_dagger_layer_units_exponent_1': 4, 'D_dagger_layer_units_exponent_2': 5, 'D_dagger_layer_units_exponent_3': 8, 'log_learning_rate': -2.4320104084468985, 'log_learning_rate_D': -3.973728072178531, 'log_learning_rate_D_dagger': -2.2775913696808816, 'training_batch_size': 6, 'training_p': 3}
	 epoch  0 training error:  tensor(0.9089, device='cuda:0', grad_fn=<DivBackward0>)
Memory status after this epoch: 
Memory allocated:  222.94970703125
Memory cached:  400.0
	 epoch  10 training error:  tensor(0.4027, device='cuda:0', grad_fn=<DivBackward0>)
Memory status after this epoch: 
Memory allocated:  222.94970703125
Memory cached:  436.0
	 epoch  20 training error:  tensor(0.3849, device='cuda:0', grad_fn=<DivBackward0>)
Memory status after this epoch: 
Memory allocated:  222.94970703125
Memory cached:  426.0
	 epoch  30 training error:  tensor(0.3582, device='cuda:0', grad_fn=<DivBackward0>)
Memory status after this epoch: 
Memory allocated:  222.94970703125
Memory cached:  438.0
	 epoch  40 training error:  tensor(0.3225, device='cuda:0', grad_fn=<DivBackward0>)
Memory status after this epoch: 
Memory allocated:  222.94970703125
Memory cached:  432.0
	 epoch  50 training error:  tensor(0.2699, device='cuda:0', grad_fn=<DivBackward0>)
Memory status after this epoch: 
Memory allocated:  222.94970703125
Memory cached:  436.0
	 epoch  60 training error:  tensor(0.2462, device='cuda:0', grad_fn=<DivBackward0>)
Memory status after this epoch: 
Memory allocated:  222.94970703125
Memory cached:  442.0
	 epoch  70 training error:  tensor(0.2908, device='cuda:0', grad_fn=<DivBackward0>)
Memory status after this epoch: 
Memory allocated:  222.94970703125
Memory cached:  426.0
	 epoch  80 training error:  tensor(0.2069, device='cuda:0', grad_fn=<DivBackward0>)
Memory status after this epoch: 
Memory allocated:  222.94970703125
Memory cached:  436.0
	 epoch  90 training error:  tensor(0.2284, device='cuda:0', grad_fn=<DivBackward0>)
Memory status after this epoch: 
Memory allocated:  222.94970703125
Memory cached:  440.0
[I 2024-01-01 17:20:20,442] Trial 283 finished with value: 0.16566124558448792 and parameters: {'W_layers': 5, 'W_layer_units_exponent_0': 8, 'W_layer_units_exponent_1': 5, 'W_layer_units_exponent_2': 6, 'W_layer_units_exponent_3': 6, 'W_layer_units_exponent_4': 5, 'D_layers': 5, 'D_layer_units_exponent_0': 10, 'D_layer_units_exponent_1': 9, 'D_layer_units_exponent_2': 10, 'D_layer_units_exponent_3': 8, 'D_layer_units_exponent_4': 4, 'D_dagger_layers': 4, 'D_dagger_layer_units_exponent_0': 9, 'D_dagger_layer_units_exponent_1': 4, 'D_dagger_layer_units_exponent_2': 5, 'D_dagger_layer_units_exponent_3': 8, 'log_learning_rate': -2.4320104084468985, 'log_learning_rate_D': -3.973728072178531, 'log_learning_rate_D_dagger': -2.2775913696808816, 'training_batch_size': 6, 'training_p': 3}. Best is trial 220 with value: 0.11745021492242813.
Time for this trial:  338.96512055397034
Memory status after this trial: 
Memory allocated:  428.1591796875
Memory cached:  444.0
--------------------  Trial  284   --------------------
Start timing: 
Parameters: 
{'W_layers': 5, 'W_layer_units_exponent_0': 9, 'W_layer_units_exponent_1': 4, 'W_layer_units_exponent_2': 6, 'W_layer_units_exponent_3': 6, 'W_layer_units_exponent_4': 5, 'D_layers': 5, 'D_layer_units_exponent_0': 5, 'D_layer_units_exponent_1': 10, 'D_layer_units_exponent_2': 9, 'D_layer_units_exponent_3': 8, 'D_layer_units_exponent_4': 4, 'D_dagger_layers': 3, 'D_dagger_layer_units_exponent_0': 9, 'D_dagger_layer_units_exponent_1': 5, 'D_dagger_layer_units_exponent_2': 4, 'log_learning_rate': -2.753429306305265, 'log_learning_rate_D': -3.911995616857289, 'log_learning_rate_D_dagger': -2.0228389943716722, 'training_batch_size': 10, 'training_p': 7}
	 epoch  0 training error:  tensor(1.0488, device='cuda:0', grad_fn=<DivBackward0>)
Memory status after this epoch: 
Memory allocated:  213.38330078125
Memory cached:  406.0
	 epoch  10 training error:  tensor(0.6334, device='cuda:0', grad_fn=<DivBackward0>)
Memory status after this epoch: 
Memory allocated:  213.38330078125
Memory cached:  452.0
	 epoch  20 training error:  tensor(0.6095, device='cuda:0', grad_fn=<DivBackward0>)
Memory status after this epoch: 
Memory allocated:  213.38330078125
Memory cached:  442.0
	 epoch  30 training error:  tensor(0.5311, device='cuda:0', grad_fn=<DivBackward0>)
Memory status after this epoch: 
Memory allocated:  213.38330078125
Memory cached:  446.0
	 epoch  40 training error:  tensor(0.5262, device='cuda:0', grad_fn=<DivBackward0>)
Memory status after this epoch: 
Memory allocated:  213.38330078125
Memory cached:  450.0
	 epoch  50 training error:  tensor(0.5318, device='cuda:0', grad_fn=<DivBackward0>)
Memory status after this epoch: 
Memory allocated:  213.38330078125
Memory cached:  446.0
	 epoch  60 training error:  tensor(0.5319, device='cuda:0', grad_fn=<DivBackward0>)
Memory status after this epoch: 
Memory allocated:  213.38330078125
Memory cached:  440.0
	 epoch  70 training error:  tensor(0.5133, device='cuda:0', grad_fn=<DivBackward0>)
Memory status after this epoch: 
Memory allocated:  213.38330078125
Memory cached:  444.0
	 epoch  80 training error:  tensor(0.5319, device='cuda:0', grad_fn=<DivBackward0>)
Memory status after this epoch: 
Memory allocated:  213.38330078125
Memory cached:  462.0
	 epoch  90 training error:  tensor(0.5173, device='cuda:0', grad_fn=<DivBackward0>)
Memory status after this epoch: 
Memory allocated:  213.38330078125
Memory cached:  444.0
[I 2024-01-01 17:23:23,890] Trial 284 finished with value: 0.37746885418891907 and parameters: {'W_layers': 5, 'W_layer_units_exponent_0': 9, 'W_layer_units_exponent_1': 4, 'W_layer_units_exponent_2': 6, 'W_layer_units_exponent_3': 6, 'W_layer_units_exponent_4': 5, 'D_layers': 5, 'D_layer_units_exponent_0': 5, 'D_layer_units_exponent_1': 10, 'D_layer_units_exponent_2': 9, 'D_layer_units_exponent_3': 8, 'D_layer_units_exponent_4': 4, 'D_dagger_layers': 3, 'D_dagger_layer_units_exponent_0': 9, 'D_dagger_layer_units_exponent_1': 5, 'D_dagger_layer_units_exponent_2': 4, 'log_learning_rate': -2.753429306305265, 'log_learning_rate_D': -3.911995616857289, 'log_learning_rate_D_dagger': -2.0228389943716722, 'training_batch_size': 10, 'training_p': 7}. Best is trial 220 with value: 0.11745021492242813.
Time for this trial:  183.00950980186462
Memory status after this trial: 
Memory allocated:  372.01318359375
Memory cached:  430.0
--------------------  Trial  285   --------------------
Start timing: 
Parameters: 
{'W_layers': 5, 'W_layer_units_exponent_0': 8, 'W_layer_units_exponent_1': 10, 'W_layer_units_exponent_2': 6, 'W_layer_units_exponent_3': 6, 'W_layer_units_exponent_4': 5, 'D_layers': 5, 'D_layer_units_exponent_0': 7, 'D_layer_units_exponent_1': 9, 'D_layer_units_exponent_2': 10, 'D_layer_units_exponent_3': 9, 'D_layer_units_exponent_4': 4, 'D_dagger_layers': 3, 'D_dagger_layer_units_exponent_0': 9, 'D_dagger_layer_units_exponent_1': 4, 'D_dagger_layer_units_exponent_2': 5, 'log_learning_rate': -1.5211354473472505, 'log_learning_rate_D': -3.0483566387153074, 'log_learning_rate_D_dagger': -2.592526416744764, 'training_batch_size': 6, 'training_p': 7}
	 epoch  0 training error:  tensor(7.5673, device='cuda:0', grad_fn=<DivBackward0>)
Memory status after this epoch: 
Memory allocated:  224.71533203125
Memory cached:  408.0
	 epoch  10 training error:  tensor(0.5876, device='cuda:0', grad_fn=<DivBackward0>)
Memory status after this epoch: 
Memory allocated:  224.71533203125
Memory cached:  430.0
	 epoch  20 training error:  tensor(0.5354, device='cuda:0', grad_fn=<DivBackward0>)
Memory status after this epoch: 
Memory allocated:  224.71533203125
Memory cached:  410.0
	 epoch  30 training error:  tensor(0.5677, device='cuda:0', grad_fn=<DivBackward0>)
Memory status after this epoch: 
Memory allocated:  224.71533203125
Memory cached:  410.0
	 epoch  40 training error:  tensor(0.5404, device='cuda:0', grad_fn=<DivBackward0>)
Memory status after this epoch: 
Memory allocated:  224.71533203125
Memory cached:  424.0
	 epoch  50 training error:  tensor(0.5383, device='cuda:0', grad_fn=<DivBackward0>)
Memory status after this epoch: 
Memory allocated:  224.71533203125
Memory cached:  418.0
	 epoch  60 training error:  tensor(0.5319, device='cuda:0', grad_fn=<DivBackward0>)
Memory status after this epoch: 
Memory allocated:  224.71533203125
Memory cached:  410.0
	 epoch  70 training error:  tensor(0.5281, device='cuda:0', grad_fn=<DivBackward0>)
Memory status after this epoch: 
Memory allocated:  224.71533203125
Memory cached:  410.0
	 epoch  80 training error:  tensor(0.5232, device='cuda:0', grad_fn=<DivBackward0>)
Memory status after this epoch: 
Memory allocated:  224.71533203125
Memory cached:  414.0
	 epoch  90 training error:  tensor(0.5277, device='cuda:0', grad_fn=<DivBackward0>)
Memory status after this epoch: 
Memory allocated:  224.71533203125
Memory cached:  416.0
