[I 2023-12-05 01:24:27,594] Trial 33 finished with value: 0.05789090320467949 and parameters: {'W_layers': 3, 'W_layer_units_exponent_0': 10, 'W_layer_units_exponent_1': 5, 'W_layer_units_exponent_2': 5, 'D_layers': 4, 'D_layer_units_exponent_0': 8, 'D_layer_units_exponent_1': 10, 'D_layer_units_exponent_2': 4, 'D_layer_units_exponent_3': 6, 'log_learning_rate': -2.3439220691248654, 'log_learning_rate_D': -2.7740057030288594, 'training_batch_size': 9, 'training_p': 2}. Best is trial 33 with value: 0.05789090320467949.
res:  tensor(0.0579, device='cuda:0', grad_fn=<DivBackward0>)
self.bestValue:  tensor(0.1113, device='cuda:0', grad_fn=<DivBackward0>)
Save this model!
Time for this trial:  39.21169090270996
Memory status after this trial: 
Memory allocated:  58.359375
Memory cached:  86.0
--------------------  Trial  34   --------------------
Start timing: 
Parameters: 
{'W_layers': 3, 'W_layer_units_exponent_0': 10, 'W_layer_units_exponent_1': 4, 'W_layer_units_exponent_2': 6, 'D_layers': 5, 'D_layer_units_exponent_0': 10, 'D_layer_units_exponent_1': 10, 'D_layer_units_exponent_2': 4, 'D_layer_units_exponent_3': 6, 'D_layer_units_exponent_4': 7, 'log_learning_rate': -2.352735991168939, 'log_learning_rate_D': -3.140233047466134, 'training_batch_size': 9, 'training_p': 2}
	 epoch  0 training error:  tensor(0.9956, device='cuda:0', grad_fn=<DivBackward0>)
Memory status after this epoch: 
Memory allocated:  75.20458984375
Memory cached:  110.0
	 epoch  10 training error:  tensor(0.6322, device='cuda:0', grad_fn=<DivBackward0>)
Memory status after this epoch: 
Memory allocated:  75.20458984375
Memory cached:  112.0
	 epoch  20 training error:  tensor(0.4293, device='cuda:0', grad_fn=<DivBackward0>)
Memory status after this epoch: 
Memory allocated:  75.20458984375
Memory cached:  112.0
	 epoch  30 training error:  tensor(0.2615, device='cuda:0', grad_fn=<DivBackward0>)
Memory status after this epoch: 
Memory allocated:  75.20458984375
Memory cached:  112.0
	 epoch  40 training error:  tensor(0.4087, device='cuda:0', grad_fn=<DivBackward0>)
Memory status after this epoch: 
Memory allocated:  75.20458984375
Memory cached:  112.0
	 epoch  50 training error:  tensor(0.1802, device='cuda:0', grad_fn=<DivBackward0>)
Memory status after this epoch: 
Memory allocated:  75.20458984375
Memory cached:  112.0
	 epoch  60 training error:  tensor(0.0986, device='cuda:0', grad_fn=<DivBackward0>)
Memory status after this epoch: 
Memory allocated:  75.20458984375
Memory cached:  112.0
	 epoch  70 training error:  tensor(0.1506, device='cuda:0', grad_fn=<DivBackward0>)
Memory status after this epoch: 
Memory allocated:  75.20458984375
Memory cached:  112.0
	 epoch  80 training error:  tensor(0.0843, device='cuda:0', grad_fn=<DivBackward0>)
Memory status after this epoch: 
Memory allocated:  75.20458984375
Memory cached:  112.0
	 epoch  90 training error:  tensor(0.2583, device='cuda:0', grad_fn=<DivBackward0>)
Memory status after this epoch: 
Memory allocated:  75.20458984375
Memory cached:  112.0
[I 2023-12-05 01:25:10,870] Trial 34 finished with value: 0.1777474731206894 and parameters: {'W_layers': 3, 'W_layer_units_exponent_0': 10, 'W_layer_units_exponent_1': 4, 'W_layer_units_exponent_2': 6, 'D_layers': 5, 'D_layer_units_exponent_0': 10, 'D_layer_units_exponent_1': 10, 'D_layer_units_exponent_2': 4, 'D_layer_units_exponent_3': 6, 'D_layer_units_exponent_4': 7, 'log_learning_rate': -2.352735991168939, 'log_learning_rate_D': -3.140233047466134, 'training_batch_size': 9, 'training_p': 2}. Best is trial 33 with value: 0.05789090320467949.
Time for this trial:  43.118022203445435
Memory status after this trial: 
Memory allocated:  143.42236328125
Memory cached:  156.0
--------------------  Trial  35   --------------------
Start timing: 
Parameters: 
{'W_layers': 3, 'W_layer_units_exponent_0': 10, 'W_layer_units_exponent_1': 7, 'W_layer_units_exponent_2': 5, 'D_layers': 4, 'D_layer_units_exponent_0': 8, 'D_layer_units_exponent_1': 10, 'D_layer_units_exponent_2': 5, 'D_layer_units_exponent_3': 5, 'log_learning_rate': -2.137856905653151, 'log_learning_rate_D': -2.914289308392366, 'training_batch_size': 9, 'training_p': 2}
	 epoch  0 training error:  tensor(0.9457, device='cuda:0', grad_fn=<DivBackward0>)
Memory status after this epoch: 
Memory allocated:  65.07763671875
Memory cached:  90.0
	 epoch  10 training error:  tensor(0.7768, device='cuda:0', grad_fn=<DivBackward0>)
Memory status after this epoch: 
Memory allocated:  65.07763671875
Memory cached:  92.0
	 epoch  20 training error:  tensor(0.6246, device='cuda:0', grad_fn=<DivBackward0>)
Memory status after this epoch: 
Memory allocated:  65.07763671875
Memory cached:  92.0
	 epoch  30 training error:  tensor(0.4018, device='cuda:0', grad_fn=<DivBackward0>)
Memory status after this epoch: 
Memory allocated:  65.07763671875
Memory cached:  92.0
	 epoch  40 training error:  tensor(0.3792, device='cuda:0', grad_fn=<DivBackward0>)
Memory status after this epoch: 
Memory allocated:  65.07763671875
Memory cached:  92.0
	 epoch  50 training error:  tensor(0.4485, device='cuda:0', grad_fn=<DivBackward0>)
Memory status after this epoch: 
Memory allocated:  65.07763671875
Memory cached:  92.0
	 epoch  60 training error:  tensor(0.3954, device='cuda:0', grad_fn=<DivBackward0>)
Memory status after this epoch: 
Memory allocated:  65.07763671875
Memory cached:  92.0
	 epoch  70 training error:  tensor(0.1924, device='cuda:0', grad_fn=<DivBackward0>)
Memory status after this epoch: 
Memory allocated:  65.07763671875
Memory cached:  92.0
	 epoch  80 training error:  tensor(0.1917, device='cuda:0', grad_fn=<DivBackward0>)
Memory status after this epoch: 
Memory allocated:  65.07763671875
Memory cached:  92.0
	 epoch  90 training error:  tensor(0.1670, device='cuda:0', grad_fn=<DivBackward0>)
Memory status after this epoch: 
Memory allocated:  65.07763671875
Memory cached:  92.0
[I 2023-12-05 01:25:51,460] Trial 35 finished with value: 0.18183739483356476 and parameters: {'W_layers': 3, 'W_layer_units_exponent_0': 10, 'W_layer_units_exponent_1': 7, 'W_layer_units_exponent_2': 5, 'D_layers': 4, 'D_layer_units_exponent_0': 8, 'D_layer_units_exponent_1': 10, 'D_layer_units_exponent_2': 5, 'D_layer_units_exponent_3': 5, 'log_learning_rate': -2.137856905653151, 'log_learning_rate_D': -2.914289308392366, 'training_batch_size': 9, 'training_p': 2}. Best is trial 33 with value: 0.05789090320467949.
Time for this trial:  40.43465065956116
Memory status after this trial: 
Memory allocated:  119.37890625
Memory cached:  124.0
--------------------  Trial  36   --------------------
Start timing: 
Parameters: 
{'W_layers': 2, 'W_layer_units_exponent_0': 10, 'W_layer_units_exponent_1': 5, 'D_layers': 3, 'D_layer_units_exponent_0': 9, 'D_layer_units_exponent_1': 10, 'D_layer_units_exponent_2': 4, 'log_learning_rate': -2.4426460746705363, 'log_learning_rate_D': -2.8176749077030556, 'training_batch_size': 11, 'training_p': 2}
	 epoch  0 training error:  tensor(1.0527, device='cuda:0', grad_fn=<DivBackward0>)
Memory status after this epoch: 
Memory allocated:  67.26123046875
Memory cached:  106.0
	 epoch  10 training error:  tensor(0.7982, device='cuda:0', grad_fn=<DivBackward0>)
Memory status after this epoch: 
Memory allocated:  67.26123046875
Memory cached:  108.0
	 epoch  20 training error:  tensor(0.6392, device='cuda:0', grad_fn=<DivBackward0>)
Memory status after this epoch: 
Memory allocated:  67.26123046875
Memory cached:  108.0
	 epoch  30 training error:  tensor(0.6172, device='cuda:0', grad_fn=<DivBackward0>)
Memory status after this epoch: 
Memory allocated:  67.26123046875
Memory cached:  108.0
	 epoch  40 training error:  tensor(0.5962, device='cuda:0', grad_fn=<DivBackward0>)
Memory status after this epoch: 
Memory allocated:  67.26123046875
Memory cached:  108.0
	 epoch  50 training error:  tensor(0.5731, device='cuda:0', grad_fn=<DivBackward0>)
Memory status after this epoch: 
Memory allocated:  67.26123046875
Memory cached:  108.0
	 epoch  60 training error:  tensor(0.5470, device='cuda:0', grad_fn=<DivBackward0>)
Memory status after this epoch: 
Memory allocated:  67.26123046875
Memory cached:  108.0
	 epoch  70 training error:  tensor(0.5085, device='cuda:0', grad_fn=<DivBackward0>)
Memory status after this epoch: 
Memory allocated:  67.26123046875
Memory cached:  108.0
	 epoch  80 training error:  tensor(0.6206, device='cuda:0', grad_fn=<DivBackward0>)
Memory status after this epoch: 
Memory allocated:  67.26123046875
Memory cached:  108.0
	 epoch  90 training error:  tensor(0.4190, device='cuda:0', grad_fn=<DivBackward0>)
Memory status after this epoch: 
Memory allocated:  67.26123046875
Memory cached:  108.0
[I 2023-12-05 01:26:27,230] Trial 36 finished with value: 0.3510616421699524 and parameters: {'W_layers': 2, 'W_layer_units_exponent_0': 10, 'W_layer_units_exponent_1': 5, 'D_layers': 3, 'D_layer_units_exponent_0': 9, 'D_layer_units_exponent_1': 10, 'D_layer_units_exponent_2': 4, 'log_learning_rate': -2.4426460746705363, 'log_learning_rate_D': -2.8176749077030556, 'training_batch_size': 11, 'training_p': 2}. Best is trial 33 with value: 0.05789090320467949.
Time for this trial:  35.61782193183899
Memory status after this trial: 
Memory allocated:  122.32666015625
Memory cached:  140.0
--------------------  Trial  37   --------------------
Start timing: 
Parameters: 
{'W_layers': 8, 'W_layer_units_exponent_0': 8, 'W_layer_units_exponent_1': 4, 'W_layer_units_exponent_2': 6, 'W_layer_units_exponent_3': 9, 'W_layer_units_exponent_4': 9, 'W_layer_units_exponent_5': 9, 'W_layer_units_exponent_6': 5, 'W_layer_units_exponent_7': 10, 'D_layers': 4, 'D_layer_units_exponent_0': 8, 'D_layer_units_exponent_1': 9, 'D_layer_units_exponent_2': 5, 'D_layer_units_exponent_3': 4, 'log_learning_rate': -2.074235413793475, 'log_learning_rate_D': -2.27406506975006, 'training_batch_size': 10, 'training_p': 3}
	 epoch  0 training error:  tensor(1.0000, device='cuda:0', grad_fn=<DivBackward0>)
Memory status after this epoch: 
Memory allocated:  70.08544921875
Memory cached:  92.0
	 epoch  10 training error:  tensor(2.6021, device='cuda:0', grad_fn=<DivBackward0>)
Memory status after this epoch: 
Memory allocated:  70.08544921875
Memory cached:  96.0
	 epoch  20 training error:  tensor(1.1872, device='cuda:0', grad_fn=<DivBackward0>)
Memory status after this epoch: 
Memory allocated:  70.08544921875
Memory cached:  96.0
	 epoch  30 training error:  tensor(1.0262, device='cuda:0', grad_fn=<DivBackward0>)
Memory status after this epoch: 
Memory allocated:  70.08544921875
Memory cached:  96.0
	 epoch  40 training error:  tensor(0.9974, device='cuda:0', grad_fn=<DivBackward0>)
Memory status after this epoch: 
Memory allocated:  70.08544921875
Memory cached:  96.0
	 epoch  50 training error:  tensor(0.9700, device='cuda:0', grad_fn=<DivBackward0>)
Memory status after this epoch: 
Memory allocated:  70.08544921875
Memory cached:  96.0
	 epoch  60 training error:  tensor(0.9768, device='cuda:0', grad_fn=<DivBackward0>)
Memory status after this epoch: 
Memory allocated:  70.08544921875
Memory cached:  96.0
	 epoch  70 training error:  tensor(0.9710, device='cuda:0', grad_fn=<DivBackward0>)
Memory status after this epoch: 
Memory allocated:  70.08544921875
Memory cached:  96.0
	 epoch  80 training error:  tensor(0.9704, device='cuda:0', grad_fn=<DivBackward0>)
Memory status after this epoch: 
Memory allocated:  70.08544921875
Memory cached:  96.0
	 epoch  90 training error:  tensor(0.9699, device='cuda:0', grad_fn=<DivBackward0>)
Memory status after this epoch: 
Memory allocated:  70.08544921875
Memory cached:  96.0
[I 2023-12-05 01:27:19,669] Trial 37 finished with value: 0.8854325413703918 and parameters: {'W_layers': 8, 'W_layer_units_exponent_0': 8, 'W_layer_units_exponent_1': 4, 'W_layer_units_exponent_2': 6, 'W_layer_units_exponent_3': 9, 'W_layer_units_exponent_4': 9, 'W_layer_units_exponent_5': 9, 'W_layer_units_exponent_6': 5, 'W_layer_units_exponent_7': 10, 'D_layers': 4, 'D_layer_units_exponent_0': 8, 'D_layer_units_exponent_1': 9, 'D_layer_units_exponent_2': 5, 'D_layer_units_exponent_3': 4, 'log_learning_rate': -2.074235413793475, 'log_learning_rate_D': -2.27406506975006, 'training_batch_size': 10, 'training_p': 3}. Best is trial 33 with value: 0.05789090320467949.
Time for this trial:  52.26711583137512
Memory status after this trial: 
Memory allocated:  149.9814453125
Memory cached:  154.0
--------------------  Trial  38   --------------------
Start timing: 
Parameters: 
{'W_layers': 5, 'W_layer_units_exponent_0': 9, 'W_layer_units_exponent_1': 6, 'W_layer_units_exponent_2': 10, 'W_layer_units_exponent_3': 7, 'W_layer_units_exponent_4': 8, 'D_layers': 5, 'D_layer_units_exponent_0': 5, 'D_layer_units_exponent_1': 10, 'D_layer_units_exponent_2': 4, 'D_layer_units_exponent_3': 6, 'D_layer_units_exponent_4': 4, 'log_learning_rate': -1.0449999965810415, 'log_learning_rate_D': -2.782221146075994, 'training_batch_size': 8, 'training_p': 6}
	 epoch  0 training error:  tensor(1.0037, device='cuda:0', grad_fn=<DivBackward0>)
Memory status after this epoch: 
Memory allocated:  63.26123046875
Memory cached:  90.0
	 epoch  10 training error:  tensor(364.7829, device='cuda:0', grad_fn=<DivBackward0>)
Memory status after this epoch: 
Memory allocated:  63.26123046875
Memory cached:  90.0
	 epoch  20 training error:  tensor(1191.3671, device='cuda:0', grad_fn=<DivBackward0>)
Memory status after this epoch: 
Memory allocated:  63.26123046875
Memory cached:  90.0
	 epoch  30 training error:  tensor(407.4264, device='cuda:0', grad_fn=<DivBackward0>)
Memory status after this epoch: 
Memory allocated:  63.26123046875
Memory cached:  90.0
	 epoch  40 training error:  tensor(41.5314, device='cuda:0', grad_fn=<DivBackward0>)
Memory status after this epoch: 
Memory allocated:  63.26123046875
Memory cached:  90.0
	 epoch  50 training error:  tensor(31.9250, device='cuda:0', grad_fn=<DivBackward0>)
Memory status after this epoch: 
Memory allocated:  63.26123046875
Memory cached:  90.0
	 epoch  60 training error:  tensor(23.8765, device='cuda:0', grad_fn=<DivBackward0>)
Memory status after this epoch: 
Memory allocated:  63.26123046875
Memory cached:  90.0
	 epoch  70 training error:  tensor(26.6289, device='cuda:0', grad_fn=<DivBackward0>)
Memory status after this epoch: 
Memory allocated:  63.26123046875
Memory cached:  90.0
	 epoch  80 training error:  tensor(21.1484, device='cuda:0', grad_fn=<DivBackward0>)
Memory status after this epoch: 
Memory allocated:  63.26123046875
Memory cached:  90.0
	 epoch  90 training error:  tensor(14.0756, device='cuda:0', grad_fn=<DivBackward0>)
Memory status after this epoch: 
Memory allocated:  63.26123046875
Memory cached:  90.0
[I 2023-12-05 01:28:06,670] Trial 38 finished with value: 36.14277267456055 and parameters: {'W_layers': 5, 'W_layer_units_exponent_0': 9, 'W_layer_units_exponent_1': 6, 'W_layer_units_exponent_2': 10, 'W_layer_units_exponent_3': 7, 'W_layer_units_exponent_4': 8, 'D_layers': 5, 'D_layer_units_exponent_0': 5, 'D_layer_units_exponent_1': 10, 'D_layer_units_exponent_2': 4, 'D_layer_units_exponent_3': 6, 'D_layer_units_exponent_4': 4, 'log_learning_rate': -1.0449999965810415, 'log_learning_rate_D': -2.782221146075994, 'training_batch_size': 8, 'training_p': 6}. Best is trial 33 with value: 0.05789090320467949.
Time for this trial:  46.809627294540405
Memory status after this trial: 
Memory allocated:  132.57568359375
Memory cached:  136.0
--------------------  Trial  39   --------------------
Start timing: 
Parameters: 
{'W_layers': 3, 'W_layer_units_exponent_0': 10, 'W_layer_units_exponent_1': 5, 'W_layer_units_exponent_2': 4, 'D_layers': 3, 'D_layer_units_exponent_0': 10, 'D_layer_units_exponent_1': 9, 'D_layer_units_exponent_2': 5, 'log_learning_rate': -2.338247166175984, 'log_learning_rate_D': -3.2051729162441647, 'training_batch_size': 9, 'training_p': 4}
	 epoch  0 training error:  tensor(1.1035, device='cuda:0', grad_fn=<DivBackward0>)
Memory status after this epoch: 
Memory allocated:  67.29443359375
Memory cached:  110.0
	 epoch  10 training error:  tensor(0.7317, device='cuda:0', grad_fn=<DivBackward0>)
Memory status after this epoch: 
Memory allocated:  67.29443359375
Memory cached:  112.0
	 epoch  20 training error:  tensor(0.5212, device='cuda:0', grad_fn=<DivBackward0>)
Memory status after this epoch: 
Memory allocated:  67.29443359375
Memory cached:  112.0
	 epoch  30 training error:  tensor(0.3464, device='cuda:0', grad_fn=<DivBackward0>)
Memory status after this epoch: 
Memory allocated:  67.29443359375
Memory cached:  112.0
	 epoch  40 training error:  tensor(0.2781, device='cuda:0', grad_fn=<DivBackward0>)
Memory status after this epoch: 
Memory allocated:  67.29443359375
Memory cached:  112.0
	 epoch  50 training error:  tensor(0.4240, device='cuda:0', grad_fn=<DivBackward0>)
Memory status after this epoch: 
Memory allocated:  67.29443359375
Memory cached:  112.0
	 epoch  60 training error:  tensor(0.3035, device='cuda:0', grad_fn=<DivBackward0>)
Memory status after this epoch: 
Memory allocated:  67.29443359375
Memory cached:  112.0
	 epoch  70 training error:  tensor(0.1942, device='cuda:0', grad_fn=<DivBackward0>)
Memory status after this epoch: 
Memory allocated:  67.29443359375
Memory cached:  112.0
	 epoch  80 training error:  tensor(0.1538, device='cuda:0', grad_fn=<DivBackward0>)
Memory status after this epoch: 
Memory allocated:  67.29443359375
Memory cached:  112.0
	 epoch  90 training error:  tensor(0.1146, device='cuda:0', grad_fn=<DivBackward0>)
Memory status after this epoch: 
Memory allocated:  67.29443359375
Memory cached:  112.0
[I 2023-12-05 01:28:45,698] Trial 39 finished with value: 0.10674532502889633 and parameters: {'W_layers': 3, 'W_layer_units_exponent_0': 10, 'W_layer_units_exponent_1': 5, 'W_layer_units_exponent_2': 4, 'D_layers': 3, 'D_layer_units_exponent_0': 10, 'D_layer_units_exponent_1': 9, 'D_layer_units_exponent_2': 5, 'log_learning_rate': -2.338247166175984, 'log_learning_rate_D': -3.2051729162441647, 'training_batch_size': 9, 'training_p': 4}. Best is trial 33 with value: 0.05789090320467949.
Time for this trial:  38.843161821365356
Memory status after this trial: 
Memory allocated:  123.07275390625
Memory cached:  140.0
--------------------  Trial  40   --------------------
Start timing: 
Parameters: 
{'W_layers': 2, 'W_layer_units_exponent_0': 10, 'W_layer_units_exponent_1': 4, 'D_layers': 2, 'D_layer_units_exponent_0': 10, 'D_layer_units_exponent_1': 7, 'log_learning_rate': -2.4626135015436184, 'log_learning_rate_D': -3.0613073126498533, 'training_batch_size': 11, 'training_p': 4}
	 epoch  0 training error:  tensor(1.0148, device='cuda:0', grad_fn=<DivBackward0>)
Memory status after this epoch: 
Memory allocated:  60.77685546875
Memory cached:  90.0
	 epoch  10 training error:  tensor(0.8931, device='cuda:0', grad_fn=<DivBackward0>)
Memory status after this epoch: 
Memory allocated:  60.77685546875
Memory cached:  90.0
	 epoch  20 training error:  tensor(0.7533, device='cuda:0', grad_fn=<DivBackward0>)
Memory status after this epoch: 
Memory allocated:  60.77685546875
Memory cached:  90.0
	 epoch  30 training error:  tensor(0.6066, device='cuda:0', grad_fn=<DivBackward0>)
Memory status after this epoch: 
Memory allocated:  60.77685546875
Memory cached:  90.0
	 epoch  40 training error:  tensor(0.5514, device='cuda:0', grad_fn=<DivBackward0>)
Memory status after this epoch: 
Memory allocated:  60.77685546875
Memory cached:  90.0
	 epoch  50 training error:  tensor(0.4669, device='cuda:0', grad_fn=<DivBackward0>)
Memory status after this epoch: 
Memory allocated:  60.77685546875
Memory cached:  90.0
	 epoch  60 training error:  tensor(0.3170, device='cuda:0', grad_fn=<DivBackward0>)
Memory status after this epoch: 
Memory allocated:  60.77685546875
Memory cached:  90.0
	 epoch  70 training error:  tensor(0.2303, device='cuda:0', grad_fn=<DivBackward0>)
Memory status after this epoch: 
Memory allocated:  60.77685546875
Memory cached:  90.0
	 epoch  80 training error:  tensor(0.2461, device='cuda:0', grad_fn=<DivBackward0>)
Memory status after this epoch: 
Memory allocated:  60.77685546875
Memory cached:  90.0
	 epoch  90 training error:  tensor(0.1782, device='cuda:0', grad_fn=<DivBackward0>)
Memory status after this epoch: 
Memory allocated:  60.77685546875
Memory cached:  90.0
