[I 2024-05-18 04:49:09,315] Trial 41 finished with value: 0.059767235070466995 and parameters: {'W_layers': 5, 'W_layer_units_exponent_0': 7, 'W_layer_units_exponent_1': 9, 'W_layer_units_exponent_2': 5, 'W_layer_units_exponent_3': 4, 'W_layer_units_exponent_4': 9, 'D_layers': 5, 'D_layer_units_exponent_0': 6, 'D_layer_units_exponent_1': 9, 'D_layer_units_exponent_2': 5, 'D_layer_units_exponent_3': 8, 'D_layer_units_exponent_4': 8, 'D_dagger_layers': 4, 'D_dagger_layer_units_exponent_0': 5, 'D_dagger_layer_units_exponent_1': 9, 'D_dagger_layer_units_exponent_2': 9, 'D_dagger_layer_units_exponent_3': 9, 'log_learning_rate': -1.6246950854201185, 'log_learning_rate_D': -2.5703590748763143, 'log_learning_rate_D_dagger': -2.4367050409673596, 'training_batch_size': 6, 'training_p': 4}. Best is trial 35 with value: 0.04377790540456772.
Time for this trial:  1856.6037497520447
Memory status after this trial: 
Memory allocated:  3815.61328125
Memory cached:  3838.0
--------------------  Trial  42   --------------------
Start timing: 
Parameters: 
{'W_layers': 4, 'W_layer_units_exponent_0': 7, 'W_layer_units_exponent_1': 9, 'W_layer_units_exponent_2': 6, 'W_layer_units_exponent_3': 4, 'D_layers': 5, 'D_layer_units_exponent_0': 6, 'D_layer_units_exponent_1': 10, 'D_layer_units_exponent_2': 6, 'D_layer_units_exponent_3': 8, 'D_layer_units_exponent_4': 8, 'D_dagger_layers': 4, 'D_dagger_layer_units_exponent_0': 7, 'D_dagger_layer_units_exponent_1': 9, 'D_dagger_layer_units_exponent_2': 10, 'D_dagger_layer_units_exponent_3': 10, 'log_learning_rate': -1.6216635276760911, 'log_learning_rate_D': -2.561913899415741, 'log_learning_rate_D_dagger': -2.424568360519707, 'training_batch_size': 6, 'training_p': 4}
	 epoch  0 training error:  tensor(6.3606, grad_fn=<ToCopyBackward0>)
Memory status after this epoch: 
Memory allocated:  2260.60498046875
Memory cached:  2616.0
	 epoch  10 training error:  tensor(0.4031, grad_fn=<ToCopyBackward0>)
Memory status after this epoch: 
Memory allocated:  2260.60498046875
Memory cached:  2612.0
	 epoch  20 training error:  tensor(0.4034, grad_fn=<ToCopyBackward0>)
Memory status after this epoch: 
Memory allocated:  2260.60498046875
Memory cached:  2614.0
	 epoch  30 training error:  tensor(0.4058, grad_fn=<ToCopyBackward0>)
Memory status after this epoch: 
Memory allocated:  2260.60498046875
Memory cached:  2612.0
	 epoch  40 training error:  tensor(0.4044, grad_fn=<ToCopyBackward0>)
Memory status after this epoch: 
Memory allocated:  2260.60498046875
Memory cached:  2616.0
	 epoch  50 training error:  tensor(0.4016, grad_fn=<ToCopyBackward0>)
Memory status after this epoch: 
Memory allocated:  2260.60498046875
Memory cached:  2614.0
	 epoch  60 training error:  tensor(0.4111, grad_fn=<ToCopyBackward0>)
Memory status after this epoch: 
Memory allocated:  2260.60498046875
Memory cached:  2614.0
	 epoch  70 training error:  tensor(0.4034, grad_fn=<ToCopyBackward0>)
Memory status after this epoch: 
Memory allocated:  2260.60498046875
Memory cached:  2612.0
	 epoch  80 training error:  tensor(0.4012, grad_fn=<ToCopyBackward0>)
Memory status after this epoch: 
Memory allocated:  2260.60498046875
Memory cached:  2610.0
	 epoch  90 training error:  tensor(0.3986, grad_fn=<ToCopyBackward0>)
Memory status after this epoch: 
Memory allocated:  2260.60498046875
Memory cached:  2614.0
[I 2024-05-18 05:19:18,436] Trial 42 finished with value: 0.3517707288265228 and parameters: {'W_layers': 4, 'W_layer_units_exponent_0': 7, 'W_layer_units_exponent_1': 9, 'W_layer_units_exponent_2': 6, 'W_layer_units_exponent_3': 4, 'D_layers': 5, 'D_layer_units_exponent_0': 6, 'D_layer_units_exponent_1': 10, 'D_layer_units_exponent_2': 6, 'D_layer_units_exponent_3': 8, 'D_layer_units_exponent_4': 8, 'D_dagger_layers': 4, 'D_dagger_layer_units_exponent_0': 7, 'D_dagger_layer_units_exponent_1': 9, 'D_dagger_layer_units_exponent_2': 10, 'D_dagger_layer_units_exponent_3': 10, 'log_learning_rate': -1.6216635276760911, 'log_learning_rate_D': -2.561913899415741, 'log_learning_rate_D_dagger': -2.424568360519707, 'training_batch_size': 6, 'training_p': 4}. Best is trial 35 with value: 0.04377790540456772.
Time for this trial:  1808.4759545326233
Memory status after this trial: 
Memory allocated:  4327.310546875
Memory cached:  4376.0
--------------------  Trial  43   --------------------
Start timing: 
Parameters: 
{'W_layers': 4, 'W_layer_units_exponent_0': 7, 'W_layer_units_exponent_1': 10, 'W_layer_units_exponent_2': 4, 'W_layer_units_exponent_3': 4, 'D_layers': 6, 'D_layer_units_exponent_0': 5, 'D_layer_units_exponent_1': 9, 'D_layer_units_exponent_2': 5, 'D_layer_units_exponent_3': 7, 'D_layer_units_exponent_4': 9, 'D_layer_units_exponent_5': 7, 'D_dagger_layers': 5, 'D_dagger_layer_units_exponent_0': 10, 'D_dagger_layer_units_exponent_1': 10, 'D_dagger_layer_units_exponent_2': 9, 'D_dagger_layer_units_exponent_3': 9, 'D_dagger_layer_units_exponent_4': 5, 'log_learning_rate': -1.863516393900999, 'log_learning_rate_D': -2.898963225093292, 'log_learning_rate_D_dagger': -1.8889506573716786, 'training_batch_size': 7, 'training_p': 5}
	 epoch  0 training error:  tensor(192.6896, grad_fn=<ToCopyBackward0>)
Memory status after this epoch: 
Memory allocated:  2263.70458984375
Memory cached:  2606.0
	 epoch  10 training error:  tensor(0.7076, grad_fn=<ToCopyBackward0>)
Memory status after this epoch: 
Memory allocated:  2263.70458984375
Memory cached:  2606.0
	 epoch  20 training error:  tensor(0.3697, grad_fn=<ToCopyBackward0>)
Memory status after this epoch: 
Memory allocated:  2263.70458984375
Memory cached:  2606.0
	 epoch  30 training error:  tensor(0.3830, grad_fn=<ToCopyBackward0>)
Memory status after this epoch: 
Memory allocated:  2263.70458984375
Memory cached:  2606.0
	 epoch  40 training error:  tensor(0.3685, grad_fn=<ToCopyBackward0>)
Memory status after this epoch: 
Memory allocated:  2263.70458984375
Memory cached:  2606.0
	 epoch  50 training error:  tensor(0.3748, grad_fn=<ToCopyBackward0>)
Memory status after this epoch: 
Memory allocated:  2263.70458984375
Memory cached:  2606.0
	 epoch  60 training error:  tensor(0.3646, grad_fn=<ToCopyBackward0>)
Memory status after this epoch: 
Memory allocated:  2263.70458984375
Memory cached:  2606.0
	 epoch  70 training error:  tensor(0.3688, grad_fn=<ToCopyBackward0>)
Memory status after this epoch: 
Memory allocated:  2263.70458984375
Memory cached:  2606.0
	 epoch  80 training error:  tensor(0.3704, grad_fn=<ToCopyBackward0>)
Memory status after this epoch: 
Memory allocated:  2263.70458984375
Memory cached:  2606.0
	 epoch  90 training error:  tensor(0.3719, grad_fn=<ToCopyBackward0>)
Memory status after this epoch: 
Memory allocated:  2263.70458984375
Memory cached:  2606.0
[I 2024-05-18 05:36:42,898] Trial 43 finished with value: 0.27895084023475647 and parameters: {'W_layers': 4, 'W_layer_units_exponent_0': 7, 'W_layer_units_exponent_1': 10, 'W_layer_units_exponent_2': 4, 'W_layer_units_exponent_3': 4, 'D_layers': 6, 'D_layer_units_exponent_0': 5, 'D_layer_units_exponent_1': 9, 'D_layer_units_exponent_2': 5, 'D_layer_units_exponent_3': 7, 'D_layer_units_exponent_4': 9, 'D_layer_units_exponent_5': 7, 'D_dagger_layers': 5, 'D_dagger_layer_units_exponent_0': 10, 'D_dagger_layer_units_exponent_1': 10, 'D_dagger_layer_units_exponent_2': 9, 'D_dagger_layer_units_exponent_3': 9, 'D_dagger_layer_units_exponent_4': 5, 'log_learning_rate': -1.863516393900999, 'log_learning_rate_D': -2.898963225093292, 'log_learning_rate_D_dagger': -1.8889506573716786, 'training_batch_size': 7, 'training_p': 5}. Best is trial 35 with value: 0.04377790540456772.
Time for this trial:  1043.8729186058044
Memory status after this trial: 
Memory allocated:  4637.6298828125
Memory cached:  4668.0
--------------------  Trial  44   --------------------
Start timing: 
Parameters: 
{'W_layers': 6, 'W_layer_units_exponent_0': 9, 'W_layer_units_exponent_1': 9, 'W_layer_units_exponent_2': 5, 'W_layer_units_exponent_3': 10, 'W_layer_units_exponent_4': 9, 'W_layer_units_exponent_5': 4, 'D_layers': 5, 'D_layer_units_exponent_0': 7, 'D_layer_units_exponent_1': 9, 'D_layer_units_exponent_2': 5, 'D_layer_units_exponent_3': 6, 'D_layer_units_exponent_4': 7, 'D_dagger_layers': 4, 'D_dagger_layer_units_exponent_0': 6, 'D_dagger_layer_units_exponent_1': 9, 'D_dagger_layer_units_exponent_2': 8, 'D_dagger_layer_units_exponent_3': 10, 'log_learning_rate': -1.2130765449318193, 'log_learning_rate_D': -2.144281561459204, 'log_learning_rate_D_dagger': -2.801281902691779, 'training_batch_size': 6, 'training_p': 3}
	 epoch  0 training error:  tensor(18843.4824, grad_fn=<ToCopyBackward0>)
Memory status after this epoch: 
Memory allocated:  2251.62841796875
Memory cached:  2590.0
	 epoch  10 training error:  tensor(0.3726, grad_fn=<ToCopyBackward0>)
Memory status after this epoch: 
Memory allocated:  2251.62841796875
Memory cached:  2662.0
	 epoch  20 training error:  tensor(0.3733, grad_fn=<ToCopyBackward0>)
Memory status after this epoch: 
Memory allocated:  2251.62841796875
Memory cached:  2654.0
	 epoch  30 training error:  tensor(0.3796, grad_fn=<ToCopyBackward0>)
Memory status after this epoch: 
Memory allocated:  2251.62841796875
Memory cached:  2656.0
	 epoch  40 training error:  tensor(0.3721, grad_fn=<ToCopyBackward0>)
Memory status after this epoch: 
Memory allocated:  2251.62841796875
Memory cached:  2658.0
	 epoch  50 training error:  tensor(0.3719, grad_fn=<ToCopyBackward0>)
Memory status after this epoch: 
Memory allocated:  2251.62841796875
Memory cached:  2660.0
	 epoch  60 training error:  tensor(0.3761, grad_fn=<ToCopyBackward0>)
Memory status after this epoch: 
Memory allocated:  2251.62841796875
Memory cached:  2660.0
	 epoch  70 training error:  tensor(0.3763, grad_fn=<ToCopyBackward0>)
Memory status after this epoch: 
Memory allocated:  2251.62841796875
Memory cached:  2666.0
	 epoch  80 training error:  tensor(0.3719, grad_fn=<ToCopyBackward0>)
Memory status after this epoch: 
Memory allocated:  2251.62841796875
Memory cached:  2662.0
	 epoch  90 training error:  tensor(0.3722, grad_fn=<ToCopyBackward0>)
Memory status after this epoch: 
Memory allocated:  2251.62841796875
Memory cached:  2668.0
[I 2024-05-18 06:09:23,532] Trial 44 finished with value: 0.36128750443458557 and parameters: {'W_layers': 6, 'W_layer_units_exponent_0': 9, 'W_layer_units_exponent_1': 9, 'W_layer_units_exponent_2': 5, 'W_layer_units_exponent_3': 10, 'W_layer_units_exponent_4': 9, 'W_layer_units_exponent_5': 4, 'D_layers': 5, 'D_layer_units_exponent_0': 7, 'D_layer_units_exponent_1': 9, 'D_layer_units_exponent_2': 5, 'D_layer_units_exponent_3': 6, 'D_layer_units_exponent_4': 7, 'D_dagger_layers': 4, 'D_dagger_layer_units_exponent_0': 6, 'D_dagger_layer_units_exponent_1': 9, 'D_dagger_layer_units_exponent_2': 8, 'D_dagger_layer_units_exponent_3': 10, 'log_learning_rate': -1.2130765449318193, 'log_learning_rate_D': -2.144281561459204, 'log_learning_rate_D_dagger': -2.801281902691779, 'training_batch_size': 6, 'training_p': 3}. Best is trial 35 with value: 0.04377790540456772.
Time for this trial:  1959.9039025306702
Memory status after this trial: 
Memory allocated:  4443.349609375
Memory cached:  4484.0
--------------------  Trial  45   --------------------
Start timing: 
Parameters: 
{'W_layers': 5, 'W_layer_units_exponent_0': 8, 'W_layer_units_exponent_1': 10, 'W_layer_units_exponent_2': 6, 'W_layer_units_exponent_3': 4, 'W_layer_units_exponent_4': 10, 'D_layers': 8, 'D_layer_units_exponent_0': 6, 'D_layer_units_exponent_1': 8, 'D_layer_units_exponent_2': 7, 'D_layer_units_exponent_3': 8, 'D_layer_units_exponent_4': 6, 'D_layer_units_exponent_5': 9, 'D_layer_units_exponent_6': 9, 'D_layer_units_exponent_7': 4, 'D_dagger_layers': 6, 'D_dagger_layer_units_exponent_0': 9, 'D_dagger_layer_units_exponent_1': 8, 'D_dagger_layer_units_exponent_2': 9, 'D_dagger_layer_units_exponent_3': 9, 'D_dagger_layer_units_exponent_4': 7, 'D_dagger_layer_units_exponent_5': 6, 'log_learning_rate': -1.47559713697779, 'log_learning_rate_D': -2.6799069219834917, 'log_learning_rate_D_dagger': -2.2461947558652278, 'training_batch_size': 6, 'training_p': 3}
	 epoch  0 training error:  tensor(98.1183, grad_fn=<ToCopyBackward0>)
Memory status after this epoch: 
Memory allocated:  2251.38623046875
Memory cached:  2574.0
	 epoch  10 training error:  tensor(0.5579, grad_fn=<ToCopyBackward0>)
Memory status after this epoch: 
Memory allocated:  2251.38623046875
Memory cached:  2572.0
	 epoch  20 training error:  tensor(0.3763, grad_fn=<ToCopyBackward0>)
Memory status after this epoch: 
Memory allocated:  2251.38623046875
Memory cached:  2570.0
	 epoch  30 training error:  tensor(0.3463, grad_fn=<ToCopyBackward0>)
Memory status after this epoch: 
Memory allocated:  2251.38623046875
Memory cached:  2568.0
	 epoch  40 training error:  tensor(248.8186, grad_fn=<ToCopyBackward0>)
Memory status after this epoch: 
Memory allocated:  2251.38623046875
Memory cached:  2572.0
	 epoch  50 training error:  tensor(24.3800, grad_fn=<ToCopyBackward0>)
Memory status after this epoch: 
Memory allocated:  2251.38623046875
Memory cached:  2574.0
	 epoch  60 training error:  tensor(5.4294, grad_fn=<ToCopyBackward0>)
Memory status after this epoch: 
Memory allocated:  2251.38623046875
Memory cached:  2572.0
	 epoch  70 training error:  tensor(8.8991, grad_fn=<ToCopyBackward0>)
Memory status after this epoch: 
Memory allocated:  2251.38623046875
Memory cached:  2572.0
	 epoch  80 training error:  tensor(23.3626, grad_fn=<ToCopyBackward0>)
Memory status after this epoch: 
Memory allocated:  2251.38623046875
Memory cached:  2576.0
	 epoch  90 training error:  tensor(5.5801, grad_fn=<ToCopyBackward0>)
Memory status after this epoch: 
Memory allocated:  2251.38623046875
Memory cached:  2572.0
[I 2024-05-18 06:47:35,170] Trial 45 finished with value: 7.625760078430176 and parameters: {'W_layers': 5, 'W_layer_units_exponent_0': 8, 'W_layer_units_exponent_1': 10, 'W_layer_units_exponent_2': 6, 'W_layer_units_exponent_3': 4, 'W_layer_units_exponent_4': 10, 'D_layers': 8, 'D_layer_units_exponent_0': 6, 'D_layer_units_exponent_1': 8, 'D_layer_units_exponent_2': 7, 'D_layer_units_exponent_3': 8, 'D_layer_units_exponent_4': 6, 'D_layer_units_exponent_5': 9, 'D_layer_units_exponent_6': 9, 'D_layer_units_exponent_7': 4, 'D_dagger_layers': 6, 'D_dagger_layer_units_exponent_0': 9, 'D_dagger_layer_units_exponent_1': 8, 'D_dagger_layer_units_exponent_2': 9, 'D_dagger_layer_units_exponent_3': 9, 'D_dagger_layer_units_exponent_4': 7, 'D_dagger_layer_units_exponent_5': 6, 'log_learning_rate': -1.47559713697779, 'log_learning_rate_D': -2.6799069219834917, 'log_learning_rate_D_dagger': -2.2461947558652278, 'training_batch_size': 6, 'training_p': 3}. Best is trial 35 with value: 0.04377790540456772.
Time for this trial:  2290.771547794342
Memory status after this trial: 
Memory allocated:  4805.337890625
Memory cached:  4836.0
--------------------  Trial  46   --------------------
Start timing: 
Parameters: 
{'W_layers': 4, 'W_layer_units_exponent_0': 6, 'W_layer_units_exponent_1': 9, 'W_layer_units_exponent_2': 5, 'W_layer_units_exponent_3': 5, 'D_layers': 6, 'D_layer_units_exponent_0': 6, 'D_layer_units_exponent_1': 9, 'D_layer_units_exponent_2': 4, 'D_layer_units_exponent_3': 7, 'D_layer_units_exponent_4': 8, 'D_layer_units_exponent_5': 6, 'D_dagger_layers': 3, 'D_dagger_layer_units_exponent_0': 5, 'D_dagger_layer_units_exponent_1': 10, 'D_dagger_layer_units_exponent_2': 7, 'log_learning_rate': -1.8865447455074236, 'log_learning_rate_D': -2.372493346357726, 'log_learning_rate_D_dagger': -2.5462589862172322, 'training_batch_size': 11, 'training_p': 5}
	 epoch  0 training error:  tensor(0.9816, grad_fn=<ToCopyBackward0>)
Memory status after this epoch: 
Memory allocated:  2235.43505859375
Memory cached:  2618.0
	 epoch  10 training error:  tensor(1.2828, grad_fn=<ToCopyBackward0>)
Memory status after this epoch: 
Memory allocated:  2235.43505859375
Memory cached:  2618.0
	 epoch  20 training error:  tensor(0.4064, grad_fn=<ToCopyBackward0>)
Memory status after this epoch: 
Memory allocated:  2235.43505859375
Memory cached:  2628.0
	 epoch  30 training error:  tensor(0.3766, grad_fn=<ToCopyBackward0>)
Memory status after this epoch: 
Memory allocated:  2235.43505859375
Memory cached:  2614.0
	 epoch  40 training error:  tensor(0.3661, grad_fn=<ToCopyBackward0>)
Memory status after this epoch: 
Memory allocated:  2235.43505859375
Memory cached:  2620.0
	 epoch  50 training error:  tensor(0.3612, grad_fn=<ToCopyBackward0>)
Memory status after this epoch: 
Memory allocated:  2235.43505859375
Memory cached:  2622.0
	 epoch  60 training error:  tensor(0.3553, grad_fn=<ToCopyBackward0>)
Memory status after this epoch: 
Memory allocated:  2235.43505859375
Memory cached:  2614.0
	 epoch  70 training error:  tensor(0.3712, grad_fn=<ToCopyBackward0>)
Memory status after this epoch: 
Memory allocated:  2235.43505859375
Memory cached:  2622.0
	 epoch  80 training error:  tensor(1.0319, grad_fn=<ToCopyBackward0>)
Memory status after this epoch: 
Memory allocated:  2235.43505859375
Memory cached:  2618.0
	 epoch  90 training error:  tensor(0.5173, grad_fn=<ToCopyBackward0>)
Memory status after this epoch: 
Memory allocated:  2235.43505859375
Memory cached:  2618.0
[I 2024-05-18 06:52:02,662] Trial 46 finished with value: 0.4015747010707855 and parameters: {'W_layers': 4, 'W_layer_units_exponent_0': 6, 'W_layer_units_exponent_1': 9, 'W_layer_units_exponent_2': 5, 'W_layer_units_exponent_3': 5, 'D_layers': 6, 'D_layer_units_exponent_0': 6, 'D_layer_units_exponent_1': 9, 'D_layer_units_exponent_2': 4, 'D_layer_units_exponent_3': 7, 'D_layer_units_exponent_4': 8, 'D_layer_units_exponent_5': 6, 'D_dagger_layers': 3, 'D_dagger_layer_units_exponent_0': 5, 'D_dagger_layer_units_exponent_1': 10, 'D_dagger_layer_units_exponent_2': 7, 'log_learning_rate': -1.8865447455074236, 'log_learning_rate_D': -2.372493346357726, 'log_learning_rate_D_dagger': -2.5462589862172322, 'training_batch_size': 11, 'training_p': 5}. Best is trial 35 with value: 0.04377790540456772.
Time for this trial:  267.04669189453125
Memory status after this trial: 
Memory allocated:  3439.1103515625
Memory cached:  3456.0
--------------------  Trial  47   --------------------
Start timing: 
Parameters: 
{'W_layers': 6, 'W_layer_units_exponent_0': 9, 'W_layer_units_exponent_1': 8, 'W_layer_units_exponent_2': 4, 'W_layer_units_exponent_3': 7, 'W_layer_units_exponent_4': 10, 'W_layer_units_exponent_5': 5, 'D_layers': 7, 'D_layer_units_exponent_0': 5, 'D_layer_units_exponent_1': 7, 'D_layer_units_exponent_2': 5, 'D_layer_units_exponent_3': 6, 'D_layer_units_exponent_4': 9, 'D_layer_units_exponent_5': 5, 'D_layer_units_exponent_6': 6, 'D_dagger_layers': 6, 'D_dagger_layer_units_exponent_0': 6, 'D_dagger_layer_units_exponent_1': 8, 'D_dagger_layer_units_exponent_2': 8, 'D_dagger_layer_units_exponent_3': 8, 'D_dagger_layer_units_exponent_4': 9, 'D_dagger_layer_units_exponent_5': 8, 'log_learning_rate': -1.6245215505536412, 'log_learning_rate_D': -2.8247140881374024, 'log_learning_rate_D_dagger': -2.761379411131723, 'training_batch_size': 7, 'training_p': 6}
	 epoch  0 training error:  tensor(57.0543, grad_fn=<ToCopyBackward0>)
Memory status after this epoch: 
Memory allocated:  2242.38232421875
Memory cached:  2566.0
	 epoch  10 training error:  tensor(0.3955, grad_fn=<ToCopyBackward0>)
Memory status after this epoch: 
Memory allocated:  2242.38232421875
Memory cached:  2566.0
	 epoch  20 training error:  tensor(0.3936, grad_fn=<ToCopyBackward0>)
Memory status after this epoch: 
Memory allocated:  2242.38232421875
Memory cached:  2566.0
	 epoch  30 training error:  tensor(0.3948, grad_fn=<ToCopyBackward0>)
Memory status after this epoch: 
Memory allocated:  2242.38232421875
Memory cached:  2566.0
	 epoch  40 training error:  tensor(0.3892, grad_fn=<ToCopyBackward0>)
Memory status after this epoch: 
Memory allocated:  2242.38232421875
Memory cached:  2566.0
	 epoch  50 training error:  tensor(0.3932, grad_fn=<ToCopyBackward0>)
Memory status after this epoch: 
Memory allocated:  2242.38232421875
Memory cached:  2566.0
	 epoch  60 training error:  tensor(0.3855, grad_fn=<ToCopyBackward0>)
Memory status after this epoch: 
Memory allocated:  2242.38232421875
Memory cached:  2566.0
	 epoch  70 training error:  tensor(0.3987, grad_fn=<ToCopyBackward0>)
Memory status after this epoch: 
Memory allocated:  2242.38232421875
Memory cached:  2566.0
	 epoch  80 training error:  tensor(0.3882, grad_fn=<ToCopyBackward0>)
Memory status after this epoch: 
Memory allocated:  2242.38232421875
Memory cached:  2566.0
	 epoch  90 training error:  tensor(0.3045, grad_fn=<ToCopyBackward0>)
Memory status after this epoch: 
Memory allocated:  2242.38232421875
Memory cached:  2566.0
