[I 2024-01-01 17:28:49,133] Trial 285 finished with value: 0.41051989793777466 and parameters: {'W_layers': 5, 'W_layer_units_exponent_0': 8, 'W_layer_units_exponent_1': 10, 'W_layer_units_exponent_2': 6, 'W_layer_units_exponent_3': 6, 'W_layer_units_exponent_4': 5, 'D_layers': 5, 'D_layer_units_exponent_0': 7, 'D_layer_units_exponent_1': 9, 'D_layer_units_exponent_2': 10, 'D_layer_units_exponent_3': 9, 'D_layer_units_exponent_4': 4, 'D_dagger_layers': 3, 'D_dagger_layer_units_exponent_0': 9, 'D_dagger_layer_units_exponent_1': 4, 'D_dagger_layer_units_exponent_2': 5, 'log_learning_rate': -1.5211354473472505, 'log_learning_rate_D': -3.0483566387153074, 'log_learning_rate_D_dagger': -2.592526416744764, 'training_batch_size': 6, 'training_p': 7}. Best is trial 220 with value: 0.11745021492242813.
Time for this trial:  324.696964263916
Memory status after this trial: 
Memory allocated:  436.2197265625
Memory cached:  452.0
--------------------  Trial  286   --------------------
Start timing: 
Parameters: 
{'W_layers': 5, 'W_layer_units_exponent_0': 8, 'W_layer_units_exponent_1': 10, 'W_layer_units_exponent_2': 6, 'W_layer_units_exponent_3': 5, 'W_layer_units_exponent_4': 5, 'D_layers': 5, 'D_layer_units_exponent_0': 6, 'D_layer_units_exponent_1': 8, 'D_layer_units_exponent_2': 10, 'D_layer_units_exponent_3': 7, 'D_layer_units_exponent_4': 4, 'D_dagger_layers': 7, 'D_dagger_layer_units_exponent_0': 9, 'D_dagger_layer_units_exponent_1': 7, 'D_dagger_layer_units_exponent_2': 6, 'D_dagger_layer_units_exponent_3': 6, 'D_dagger_layer_units_exponent_4': 10, 'D_dagger_layer_units_exponent_5': 4, 'D_dagger_layer_units_exponent_6': 8, 'log_learning_rate': -3.192048639735043, 'log_learning_rate_D': -3.1753115879573324, 'log_learning_rate_D_dagger': -3.1526297250038757, 'training_batch_size': 6, 'training_p': 7}
	 epoch  0 training error:  tensor(0.9396, device='cuda:0', grad_fn=<DivBackward0>)
Memory status after this epoch: 
Memory allocated:  216.20751953125
Memory cached:  404.0
	 epoch  10 training error:  tensor(0.5475, device='cuda:0', grad_fn=<DivBackward0>)
Memory status after this epoch: 
Memory allocated:  216.20751953125
Memory cached:  434.0
	 epoch  20 training error:  tensor(0.5723, device='cuda:0', grad_fn=<DivBackward0>)
Memory status after this epoch: 
Memory allocated:  216.20751953125
Memory cached:  450.0
	 epoch  30 training error:  tensor(0.5371, device='cuda:0', grad_fn=<DivBackward0>)
Memory status after this epoch: 
Memory allocated:  216.20751953125
Memory cached:  452.0
	 epoch  40 training error:  tensor(0.5544, device='cuda:0', grad_fn=<DivBackward0>)
Memory status after this epoch: 
Memory allocated:  216.20751953125
Memory cached:  434.0
	 epoch  50 training error:  tensor(0.5364, device='cuda:0', grad_fn=<DivBackward0>)
Memory status after this epoch: 
Memory allocated:  216.20751953125
Memory cached:  444.0
	 epoch  60 training error:  tensor(0.5313, device='cuda:0', grad_fn=<DivBackward0>)
Memory status after this epoch: 
Memory allocated:  216.20751953125
Memory cached:  474.0
	 epoch  70 training error:  tensor(0.5117, device='cuda:0', grad_fn=<DivBackward0>)
Memory status after this epoch: 
Memory allocated:  216.20751953125
Memory cached:  448.0
	 epoch  80 training error:  tensor(0.3572, device='cuda:0', grad_fn=<DivBackward0>)
Memory status after this epoch: 
Memory allocated:  216.20751953125
Memory cached:  452.0
	 epoch  90 training error:  tensor(0.3165, device='cuda:0', grad_fn=<DivBackward0>)
Memory status after this epoch: 
Memory allocated:  216.20751953125
Memory cached:  436.0
[I 2024-01-01 17:35:17,943] Trial 286 finished with value: 0.18914176523685455 and parameters: {'W_layers': 5, 'W_layer_units_exponent_0': 8, 'W_layer_units_exponent_1': 10, 'W_layer_units_exponent_2': 6, 'W_layer_units_exponent_3': 5, 'W_layer_units_exponent_4': 5, 'D_layers': 5, 'D_layer_units_exponent_0': 6, 'D_layer_units_exponent_1': 8, 'D_layer_units_exponent_2': 10, 'D_layer_units_exponent_3': 7, 'D_layer_units_exponent_4': 4, 'D_dagger_layers': 7, 'D_dagger_layer_units_exponent_0': 9, 'D_dagger_layer_units_exponent_1': 7, 'D_dagger_layer_units_exponent_2': 6, 'D_dagger_layer_units_exponent_3': 6, 'D_dagger_layer_units_exponent_4': 10, 'D_dagger_layer_units_exponent_5': 4, 'D_dagger_layer_units_exponent_6': 8, 'log_learning_rate': -3.192048639735043, 'log_learning_rate_D': -3.1753115879573324, 'log_learning_rate_D_dagger': -3.1526297250038757, 'training_batch_size': 6, 'training_p': 7}. Best is trial 220 with value: 0.11745021492242813.
Time for this trial:  388.2449016571045
Memory status after this trial: 
Memory allocated:  471.6484375
Memory cached:  480.0
--------------------  Trial  287   --------------------
Start timing: 
Parameters: 
{'W_layers': 5, 'W_layer_units_exponent_0': 8, 'W_layer_units_exponent_1': 9, 'W_layer_units_exponent_2': 6, 'W_layer_units_exponent_3': 6, 'W_layer_units_exponent_4': 6, 'D_layers': 5, 'D_layer_units_exponent_0': 7, 'D_layer_units_exponent_1': 9, 'D_layer_units_exponent_2': 10, 'D_layer_units_exponent_3': 8, 'D_layer_units_exponent_4': 4, 'D_dagger_layers': 3, 'D_dagger_layer_units_exponent_0': 9, 'D_dagger_layer_units_exponent_1': 4, 'D_dagger_layer_units_exponent_2': 5, 'log_learning_rate': -2.357762189410999, 'log_learning_rate_D': -4.052039035513017, 'log_learning_rate_D_dagger': -2.674452786299355, 'training_batch_size': 6, 'training_p': 7}
	 epoch  0 training error:  tensor(1.1307, device='cuda:0', grad_fn=<DivBackward0>)
Memory status after this epoch: 
Memory allocated:  218.17236328125
Memory cached:  414.0
	 epoch  10 training error:  tensor(0.5992, device='cuda:0', grad_fn=<DivBackward0>)
Memory status after this epoch: 
Memory allocated:  218.17236328125
Memory cached:  450.0
	 epoch  20 training error:  tensor(0.5548, device='cuda:0', grad_fn=<DivBackward0>)
Memory status after this epoch: 
Memory allocated:  218.17236328125
Memory cached:  450.0
	 epoch  30 training error:  tensor(0.5455, device='cuda:0', grad_fn=<DivBackward0>)
Memory status after this epoch: 
Memory allocated:  218.17236328125
Memory cached:  446.0
	 epoch  40 training error:  tensor(0.5373, device='cuda:0', grad_fn=<DivBackward0>)
Memory status after this epoch: 
Memory allocated:  218.17236328125
Memory cached:  446.0
	 epoch  50 training error:  tensor(0.5426, device='cuda:0', grad_fn=<DivBackward0>)
Memory status after this epoch: 
Memory allocated:  218.17236328125
Memory cached:  454.0
	 epoch  60 training error:  tensor(0.5392, device='cuda:0', grad_fn=<DivBackward0>)
Memory status after this epoch: 
Memory allocated:  218.17236328125
Memory cached:  450.0
	 epoch  70 training error:  tensor(0.5163, device='cuda:0', grad_fn=<DivBackward0>)
Memory status after this epoch: 
Memory allocated:  218.17236328125
Memory cached:  446.0
	 epoch  80 training error:  tensor(0.5210, device='cuda:0', grad_fn=<DivBackward0>)
Memory status after this epoch: 
Memory allocated:  218.17236328125
Memory cached:  454.0
	 epoch  90 training error:  tensor(0.3978, device='cuda:0', grad_fn=<DivBackward0>)
Memory status after this epoch: 
Memory allocated:  218.17236328125
Memory cached:  456.0
[I 2024-01-01 17:40:37,416] Trial 287 finished with value: 0.23301711678504944 and parameters: {'W_layers': 5, 'W_layer_units_exponent_0': 8, 'W_layer_units_exponent_1': 9, 'W_layer_units_exponent_2': 6, 'W_layer_units_exponent_3': 6, 'W_layer_units_exponent_4': 6, 'D_layers': 5, 'D_layer_units_exponent_0': 7, 'D_layer_units_exponent_1': 9, 'D_layer_units_exponent_2': 10, 'D_layer_units_exponent_3': 8, 'D_layer_units_exponent_4': 4, 'D_dagger_layers': 3, 'D_dagger_layer_units_exponent_0': 9, 'D_dagger_layer_units_exponent_1': 4, 'D_dagger_layer_units_exponent_2': 5, 'log_learning_rate': -2.357762189410999, 'log_learning_rate_D': -4.052039035513017, 'log_learning_rate_D_dagger': -2.674452786299355, 'training_batch_size': 6, 'training_p': 7}. Best is trial 220 with value: 0.11745021492242813.
Time for this trial:  318.99181842803955
Memory status after this trial: 
Memory allocated:  393.5341796875
Memory cached:  436.0
--------------------  Trial  288   --------------------
Start timing: 
Parameters: 
{'W_layers': 3, 'W_layer_units_exponent_0': 8, 'W_layer_units_exponent_1': 10, 'W_layer_units_exponent_2': 6, 'D_layers': 5, 'D_layer_units_exponent_0': 7, 'D_layer_units_exponent_1': 9, 'D_layer_units_exponent_2': 10, 'D_layer_units_exponent_3': 8, 'D_layer_units_exponent_4': 4, 'D_dagger_layers': 3, 'D_dagger_layer_units_exponent_0': 9, 'D_dagger_layer_units_exponent_1': 7, 'D_dagger_layer_units_exponent_2': 4, 'log_learning_rate': -2.2034960668079675, 'log_learning_rate_D': -4.235711868142114, 'log_learning_rate_D_dagger': -3.0224677623186924, 'training_batch_size': 6, 'training_p': 6}
	 epoch  0 training error:  tensor(3.2012, device='cuda:0', grad_fn=<DivBackward0>)
Memory status after this epoch: 
Memory allocated:  221.44970703125
Memory cached:  402.0
	 epoch  10 training error:  tensor(0.6855, device='cuda:0', grad_fn=<DivBackward0>)
Memory status after this epoch: 
Memory allocated:  221.44970703125
Memory cached:  402.0
	 epoch  20 training error:  tensor(0.5459, device='cuda:0', grad_fn=<DivBackward0>)
Memory status after this epoch: 
Memory allocated:  221.44970703125
Memory cached:  402.0
	 epoch  30 training error:  tensor(0.5145, device='cuda:0', grad_fn=<DivBackward0>)
Memory status after this epoch: 
Memory allocated:  221.44970703125
Memory cached:  402.0
	 epoch  40 training error:  tensor(0.5197, device='cuda:0', grad_fn=<DivBackward0>)
Memory status after this epoch: 
Memory allocated:  221.44970703125
Memory cached:  402.0
	 epoch  50 training error:  tensor(0.5049, device='cuda:0', grad_fn=<DivBackward0>)
Memory status after this epoch: 
Memory allocated:  221.44970703125
Memory cached:  402.0
	 epoch  60 training error:  tensor(0.5044, device='cuda:0', grad_fn=<DivBackward0>)
Memory status after this epoch: 
Memory allocated:  221.44970703125
Memory cached:  402.0
	 epoch  70 training error:  tensor(0.5071, device='cuda:0', grad_fn=<DivBackward0>)
Memory status after this epoch: 
Memory allocated:  221.44970703125
Memory cached:  402.0
	 epoch  80 training error:  tensor(0.4913, device='cuda:0', grad_fn=<DivBackward0>)
Memory status after this epoch: 
Memory allocated:  221.44970703125
Memory cached:  402.0
	 epoch  90 training error:  tensor(0.4326, device='cuda:0', grad_fn=<DivBackward0>)
Memory status after this epoch: 
Memory allocated:  221.44970703125
Memory cached:  402.0
[I 2024-01-01 17:45:34,395] Trial 288 finished with value: 0.18832913041114807 and parameters: {'W_layers': 3, 'W_layer_units_exponent_0': 8, 'W_layer_units_exponent_1': 10, 'W_layer_units_exponent_2': 6, 'D_layers': 5, 'D_layer_units_exponent_0': 7, 'D_layer_units_exponent_1': 9, 'D_layer_units_exponent_2': 10, 'D_layer_units_exponent_3': 8, 'D_layer_units_exponent_4': 4, 'D_dagger_layers': 3, 'D_dagger_layer_units_exponent_0': 9, 'D_dagger_layer_units_exponent_1': 7, 'D_dagger_layer_units_exponent_2': 4, 'log_learning_rate': -2.2034960668079675, 'log_learning_rate_D': -4.235711868142114, 'log_learning_rate_D_dagger': -3.0224677623186924, 'training_batch_size': 6, 'training_p': 6}. Best is trial 220 with value: 0.11745021492242813.
Time for this trial:  296.36413049697876
Memory status after this trial: 
Memory allocated:  420.9052734375
Memory cached:  444.0
--------------------  Trial  289   --------------------
Start timing: 
Parameters: 
{'W_layers': 4, 'W_layer_units_exponent_0': 8, 'W_layer_units_exponent_1': 8, 'W_layer_units_exponent_2': 6, 'W_layer_units_exponent_3': 8, 'D_layers': 5, 'D_layer_units_exponent_0': 7, 'D_layer_units_exponent_1': 9, 'D_layer_units_exponent_2': 10, 'D_layer_units_exponent_3': 8, 'D_layer_units_exponent_4': 5, 'D_dagger_layers': 2, 'D_dagger_layer_units_exponent_0': 9, 'D_dagger_layer_units_exponent_1': 4, 'log_learning_rate': -2.6186888596171967, 'log_learning_rate_D': -3.4980826024777967, 'log_learning_rate_D_dagger': -1.7959239297666643, 'training_batch_size': 6, 'training_p': 7}
	 epoch  0 training error:  tensor(1.9247, device='cuda:0', grad_fn=<DivBackward0>)
Memory status after this epoch: 
Memory allocated:  217.09814453125
Memory cached:  414.0
	 epoch  10 training error:  tensor(0.7979, device='cuda:0', grad_fn=<DivBackward0>)
Memory status after this epoch: 
Memory allocated:  217.09814453125
Memory cached:  450.0
	 epoch  20 training error:  tensor(0.5992, device='cuda:0', grad_fn=<DivBackward0>)
Memory status after this epoch: 
Memory allocated:  217.09814453125
Memory cached:  450.0
	 epoch  30 training error:  tensor(0.5409, device='cuda:0', grad_fn=<DivBackward0>)
Memory status after this epoch: 
Memory allocated:  217.09814453125
Memory cached:  452.0
	 epoch  40 training error:  tensor(0.5410, device='cuda:0', grad_fn=<DivBackward0>)
Memory status after this epoch: 
Memory allocated:  217.09814453125
Memory cached:  452.0
	 epoch  50 training error:  tensor(0.5416, device='cuda:0', grad_fn=<DivBackward0>)
Memory status after this epoch: 
Memory allocated:  217.09814453125
Memory cached:  452.0
	 epoch  60 training error:  tensor(0.5381, device='cuda:0', grad_fn=<DivBackward0>)
Memory status after this epoch: 
Memory allocated:  217.09814453125
Memory cached:  444.0
	 epoch  70 training error:  tensor(0.5337, device='cuda:0', grad_fn=<DivBackward0>)
Memory status after this epoch: 
Memory allocated:  217.09814453125
Memory cached:  452.0
	 epoch  80 training error:  tensor(0.5372, device='cuda:0', grad_fn=<DivBackward0>)
Memory status after this epoch: 
Memory allocated:  217.09814453125
Memory cached:  444.0
	 epoch  90 training error:  tensor(0.5493, device='cuda:0', grad_fn=<DivBackward0>)
Memory status after this epoch: 
Memory allocated:  217.09814453125
Memory cached:  448.0
[I 2024-01-01 17:50:25,906] Trial 289 finished with value: 0.41151824593544006 and parameters: {'W_layers': 4, 'W_layer_units_exponent_0': 8, 'W_layer_units_exponent_1': 8, 'W_layer_units_exponent_2': 6, 'W_layer_units_exponent_3': 8, 'D_layers': 5, 'D_layer_units_exponent_0': 7, 'D_layer_units_exponent_1': 9, 'D_layer_units_exponent_2': 10, 'D_layer_units_exponent_3': 8, 'D_layer_units_exponent_4': 5, 'D_dagger_layers': 2, 'D_dagger_layer_units_exponent_0': 9, 'D_dagger_layer_units_exponent_1': 4, 'log_learning_rate': -2.6186888596171967, 'log_learning_rate_D': -3.4980826024777967, 'log_learning_rate_D_dagger': -1.7959239297666643, 'training_batch_size': 6, 'training_p': 7}. Best is trial 220 with value: 0.11745021492242813.
Time for this trial:  291.04731702804565
Memory status after this trial: 
Memory allocated:  383.6650390625
Memory cached:  436.0
--------------------  Trial  290   --------------------
Start timing: 
Parameters: 
{'W_layers': 5, 'W_layer_units_exponent_0': 7, 'W_layer_units_exponent_1': 10, 'W_layer_units_exponent_2': 6, 'W_layer_units_exponent_3': 6, 'W_layer_units_exponent_4': 5, 'D_layers': 6, 'D_layer_units_exponent_0': 7, 'D_layer_units_exponent_1': 10, 'D_layer_units_exponent_2': 8, 'D_layer_units_exponent_3': 8, 'D_layer_units_exponent_4': 5, 'D_layer_units_exponent_5': 4, 'D_dagger_layers': 3, 'D_dagger_layer_units_exponent_0': 9, 'D_dagger_layer_units_exponent_1': 6, 'D_dagger_layer_units_exponent_2': 5, 'log_learning_rate': -2.4851899224064713, 'log_learning_rate_D': -3.7120821838592173, 'log_learning_rate_D_dagger': -3.2609809886868524, 'training_batch_size': 6, 'training_p': 7}
	 epoch  0 training error:  tensor(1.0037, device='cuda:0', grad_fn=<DivBackward0>)
Memory status after this epoch: 
Memory allocated:  213.11181640625
Memory cached:  378.0
	 epoch  10 training error:  tensor(0.5451, device='cuda:0', grad_fn=<DivBackward0>)
Memory status after this epoch: 
Memory allocated:  213.11181640625
Memory cached:  376.0
	 epoch  20 training error:  tensor(0.5323, device='cuda:0', grad_fn=<DivBackward0>)
Memory status after this epoch: 
Memory allocated:  213.11181640625
Memory cached:  376.0
	 epoch  30 training error:  tensor(0.5369, device='cuda:0', grad_fn=<DivBackward0>)
Memory status after this epoch: 
Memory allocated:  213.11181640625
Memory cached:  376.0
	 epoch  40 training error:  tensor(0.5369, device='cuda:0', grad_fn=<DivBackward0>)
Memory status after this epoch: 
Memory allocated:  213.11181640625
Memory cached:  376.0
	 epoch  50 training error:  tensor(0.5375, device='cuda:0', grad_fn=<DivBackward0>)
Memory status after this epoch: 
Memory allocated:  213.11181640625
Memory cached:  376.0
	 epoch  60 training error:  tensor(0.5320, device='cuda:0', grad_fn=<DivBackward0>)
Memory status after this epoch: 
Memory allocated:  213.11181640625
Memory cached:  376.0
	 epoch  70 training error:  tensor(0.5283, device='cuda:0', grad_fn=<DivBackward0>)
Memory status after this epoch: 
Memory allocated:  213.11181640625
Memory cached:  376.0
	 epoch  80 training error:  tensor(0.5159, device='cuda:0', grad_fn=<DivBackward0>)
Memory status after this epoch: 
Memory allocated:  213.11181640625
Memory cached:  376.0
	 epoch  90 training error:  tensor(0.4499, device='cuda:0', grad_fn=<DivBackward0>)
Memory status after this epoch: 
Memory allocated:  213.11181640625
Memory cached:  376.0
[I 2024-01-01 17:56:04,479] Trial 290 finished with value: 0.22156815230846405 and parameters: {'W_layers': 5, 'W_layer_units_exponent_0': 7, 'W_layer_units_exponent_1': 10, 'W_layer_units_exponent_2': 6, 'W_layer_units_exponent_3': 6, 'W_layer_units_exponent_4': 5, 'D_layers': 6, 'D_layer_units_exponent_0': 7, 'D_layer_units_exponent_1': 10, 'D_layer_units_exponent_2': 8, 'D_layer_units_exponent_3': 8, 'D_layer_units_exponent_4': 5, 'D_layer_units_exponent_5': 4, 'D_dagger_layers': 3, 'D_dagger_layer_units_exponent_0': 9, 'D_dagger_layer_units_exponent_1': 6, 'D_dagger_layer_units_exponent_2': 5, 'log_learning_rate': -2.4851899224064713, 'log_learning_rate_D': -3.7120821838592173, 'log_learning_rate_D_dagger': -3.2609809886868524, 'training_batch_size': 6, 'training_p': 7}. Best is trial 220 with value: 0.11745021492242813.
Time for this trial:  338.06675267219543
Memory status after this trial: 
Memory allocated:  400.59619140625
Memory cached:  408.0
--------------------  Trial  291   --------------------
Start timing: 
Parameters: 
{'W_layers': 5, 'W_layer_units_exponent_0': 8, 'W_layer_units_exponent_1': 10, 'W_layer_units_exponent_2': 6, 'W_layer_units_exponent_3': 7, 'W_layer_units_exponent_4': 5, 'D_layers': 5, 'D_layer_units_exponent_0': 7, 'D_layer_units_exponent_1': 9, 'D_layer_units_exponent_2': 10, 'D_layer_units_exponent_3': 8, 'D_layer_units_exponent_4': 4, 'D_dagger_layers': 3, 'D_dagger_layer_units_exponent_0': 9, 'D_dagger_layer_units_exponent_1': 4, 'D_dagger_layer_units_exponent_2': 5, 'log_learning_rate': -2.08361604430132, 'log_learning_rate_D': -3.9002491486402833, 'log_learning_rate_D_dagger': -2.4732582446445073, 'training_batch_size': 7, 'training_p': 7}
	 epoch  0 training error:  tensor(0.9451, device='cuda:0', grad_fn=<DivBackward0>)
Memory status after this epoch: 
Memory allocated:  220.71728515625
Memory cached:  416.0
	 epoch  10 training error:  tensor(0.7128, device='cuda:0', grad_fn=<DivBackward0>)
Memory status after this epoch: 
Memory allocated:  220.71728515625
Memory cached:  456.0
	 epoch  20 training error:  tensor(0.5666, device='cuda:0', grad_fn=<DivBackward0>)
Memory status after this epoch: 
Memory allocated:  220.71728515625
Memory cached:  452.0
	 epoch  30 training error:  tensor(0.5753, device='cuda:0', grad_fn=<DivBackward0>)
Memory status after this epoch: 
Memory allocated:  220.71728515625
Memory cached:  462.0
	 epoch  40 training error:  tensor(0.5590, device='cuda:0', grad_fn=<DivBackward0>)
Memory status after this epoch: 
Memory allocated:  220.71728515625
Memory cached:  458.0
	 epoch  50 training error:  tensor(0.5322, device='cuda:0', grad_fn=<DivBackward0>)
Memory status after this epoch: 
Memory allocated:  220.71728515625
Memory cached:  454.0
	 epoch  60 training error:  tensor(0.5293, device='cuda:0', grad_fn=<DivBackward0>)
Memory status after this epoch: 
Memory allocated:  220.71728515625
Memory cached:  458.0
	 epoch  70 training error:  tensor(0.5274, device='cuda:0', grad_fn=<DivBackward0>)
Memory status after this epoch: 
Memory allocated:  220.71728515625
Memory cached:  460.0
	 epoch  80 training error:  tensor(0.5231, device='cuda:0', grad_fn=<DivBackward0>)
Memory status after this epoch: 
Memory allocated:  220.71728515625
Memory cached:  454.0
	 epoch  90 training error:  tensor(0.4995, device='cuda:0', grad_fn=<DivBackward0>)
Memory status after this epoch: 
Memory allocated:  220.71728515625
Memory cached:  456.0
