[I 2023-12-02 22:48:57,390] Trial 22 finished with value: 0.1311650574207306 and parameters: {'W_layers': 8, 'W_layer_units_exponent_0': 10, 'W_layer_units_exponent_1': 5, 'W_layer_units_exponent_2': 10, 'W_layer_units_exponent_3': 5, 'W_layer_units_exponent_4': 8, 'W_layer_units_exponent_5': 5, 'W_layer_units_exponent_6': 4, 'W_layer_units_exponent_7': 8, 'D_layers': 4, 'D_layer_units_exponent_0': 8, 'D_layer_units_exponent_1': 8, 'D_layer_units_exponent_2': 5, 'D_layer_units_exponent_3': 9, 'D_dagger_layers': 3, 'D_dagger_layer_units_exponent_0': 10, 'D_dagger_layer_units_exponent_1': 10, 'D_dagger_layer_units_exponent_2': 4, 'log_learning_rate': -4.241610041104024, 'log_learning_rate_D': -4.236617940229778, 'log_learning_rate_D_dagger': -2.4991707177643763, 'training_batch_size': 11, 'training_p': 2}. Best is trial 12 with value: 0.06371106207370758.
Time for this trial:  19.75256323814392
Memory status after this trial: 
Memory allocated:  403.10302734375
Memory cached:  444.0
--------------------  Trial  23   --------------------
Start timing: 
Parameters: 
{'W_layers': 8, 'W_layer_units_exponent_0': 8, 'W_layer_units_exponent_1': 9, 'W_layer_units_exponent_2': 9, 'W_layer_units_exponent_3': 7, 'W_layer_units_exponent_4': 5, 'W_layer_units_exponent_5': 10, 'W_layer_units_exponent_6': 6, 'W_layer_units_exponent_7': 6, 'D_layers': 7, 'D_layer_units_exponent_0': 7, 'D_layer_units_exponent_1': 9, 'D_layer_units_exponent_2': 7, 'D_layer_units_exponent_3': 8, 'D_layer_units_exponent_4': 5, 'D_layer_units_exponent_5': 7, 'D_layer_units_exponent_6': 10, 'D_dagger_layers': 2, 'D_dagger_layer_units_exponent_0': 9, 'D_dagger_layer_units_exponent_1': 9, 'log_learning_rate': -3.4300542660446323, 'log_learning_rate_D': -4.589647899919968, 'log_learning_rate_D_dagger': -1.8874844606747585, 'training_batch_size': 11, 'training_p': 3}
	 epoch  0 training error:  tensor(1.3979, device='cuda:0', grad_fn=<DivBackward0>)
Memory status after this epoch: 
Memory allocated:  152.81640625
Memory cached:  258.0
	 epoch  10 training error:  tensor(3.6274, device='cuda:0', grad_fn=<DivBackward0>)
Memory status after this epoch: 
Memory allocated:  152.81640625
Memory cached:  258.0
	 epoch  20 training error:  tensor(2.1301, device='cuda:0', grad_fn=<DivBackward0>)
Memory status after this epoch: 
Memory allocated:  152.81640625
Memory cached:  258.0
	 epoch  30 training error:  tensor(0.3492, device='cuda:0', grad_fn=<DivBackward0>)
Memory status after this epoch: 
Memory allocated:  152.81640625
Memory cached:  258.0
	 epoch  40 training error:  tensor(0.1994, device='cuda:0', grad_fn=<DivBackward0>)
Memory status after this epoch: 
Memory allocated:  152.81640625
Memory cached:  258.0
	 epoch  50 training error:  tensor(0.3511, device='cuda:0', grad_fn=<DivBackward0>)
Memory status after this epoch: 
Memory allocated:  152.81640625
Memory cached:  258.0
	 epoch  60 training error:  tensor(0.2122, device='cuda:0', grad_fn=<DivBackward0>)
Memory status after this epoch: 
Memory allocated:  152.81640625
Memory cached:  258.0
	 epoch  70 training error:  tensor(0.3607, device='cuda:0', grad_fn=<DivBackward0>)
Memory status after this epoch: 
Memory allocated:  152.81640625
Memory cached:  258.0
	 epoch  80 training error:  tensor(0.1398, device='cuda:0', grad_fn=<DivBackward0>)
Memory status after this epoch: 
Memory allocated:  152.81640625
Memory cached:  258.0
	 epoch  90 training error:  tensor(0.1281, device='cuda:0', grad_fn=<DivBackward0>)
Memory status after this epoch: 
Memory allocated:  152.81640625
Memory cached:  258.0
[I 2023-12-02 22:49:16,908] Trial 23 finished with value: 0.10833144187927246 and parameters: {'W_layers': 8, 'W_layer_units_exponent_0': 8, 'W_layer_units_exponent_1': 9, 'W_layer_units_exponent_2': 9, 'W_layer_units_exponent_3': 7, 'W_layer_units_exponent_4': 5, 'W_layer_units_exponent_5': 10, 'W_layer_units_exponent_6': 6, 'W_layer_units_exponent_7': 6, 'D_layers': 7, 'D_layer_units_exponent_0': 7, 'D_layer_units_exponent_1': 9, 'D_layer_units_exponent_2': 7, 'D_layer_units_exponent_3': 8, 'D_layer_units_exponent_4': 5, 'D_layer_units_exponent_5': 7, 'D_layer_units_exponent_6': 10, 'D_dagger_layers': 2, 'D_dagger_layer_units_exponent_0': 9, 'D_dagger_layer_units_exponent_1': 9, 'log_learning_rate': -3.4300542660446323, 'log_learning_rate_D': -4.589647899919968, 'log_learning_rate_D_dagger': -1.8874844606747585, 'training_batch_size': 11, 'training_p': 3}. Best is trial 12 with value: 0.06371106207370758.
Time for this trial:  19.29875659942627
Memory status after this trial: 
Memory allocated:  338.13427734375
Memory cached:  366.0
--------------------  Trial  24   --------------------
Start timing: 
Parameters: 
{'W_layers': 6, 'W_layer_units_exponent_0': 9, 'W_layer_units_exponent_1': 5, 'W_layer_units_exponent_2': 8, 'W_layer_units_exponent_3': 5, 'W_layer_units_exponent_4': 8, 'W_layer_units_exponent_5': 6, 'D_layers': 3, 'D_layer_units_exponent_0': 4, 'D_layer_units_exponent_1': 7, 'D_layer_units_exponent_2': 4, 'D_dagger_layers': 3, 'D_dagger_layer_units_exponent_0': 10, 'D_dagger_layer_units_exponent_1': 10, 'D_dagger_layer_units_exponent_2': 6, 'log_learning_rate': -3.040830014764229, 'log_learning_rate_D': -4.195563045487704, 'log_learning_rate_D_dagger': -2.462977400490532, 'training_batch_size': 12, 'training_p': 6}
	 epoch  0 training error:  tensor(0.3782, device='cuda:0', grad_fn=<DivBackward0>)
Memory status after this epoch: 
Memory allocated:  158.0263671875
Memory cached:  256.0
	 epoch  10 training error:  tensor(0.5386, device='cuda:0', grad_fn=<DivBackward0>)
Memory status after this epoch: 
Memory allocated:  158.0263671875
Memory cached:  256.0
	 epoch  20 training error:  tensor(0.4536, device='cuda:0', grad_fn=<DivBackward0>)
Memory status after this epoch: 
Memory allocated:  158.0263671875
Memory cached:  254.0
	 epoch  30 training error:  tensor(0.3780, device='cuda:0', grad_fn=<DivBackward0>)
Memory status after this epoch: 
Memory allocated:  158.0263671875
Memory cached:  254.0
	 epoch  40 training error:  tensor(0.2520, device='cuda:0', grad_fn=<DivBackward0>)
Memory status after this epoch: 
Memory allocated:  158.0263671875
Memory cached:  254.0
	 epoch  50 training error:  tensor(0.1061, device='cuda:0', grad_fn=<DivBackward0>)
Memory status after this epoch: 
Memory allocated:  158.0263671875
Memory cached:  254.0
	 epoch  60 training error:  tensor(0.1198, device='cuda:0', grad_fn=<DivBackward0>)
Memory status after this epoch: 
Memory allocated:  158.0263671875
Memory cached:  254.0
	 epoch  70 training error:  tensor(0.1101, device='cuda:0', grad_fn=<DivBackward0>)
Memory status after this epoch: 
Memory allocated:  158.0263671875
Memory cached:  254.0
	 epoch  80 training error:  tensor(0.0918, device='cuda:0', grad_fn=<DivBackward0>)
Memory status after this epoch: 
Memory allocated:  158.0263671875
Memory cached:  254.0
	 epoch  90 training error:  tensor(0.0902, device='cuda:0', grad_fn=<DivBackward0>)
Memory status after this epoch: 
Memory allocated:  158.0263671875
Memory cached:  254.0
[I 2023-12-02 22:49:35,261] Trial 24 finished with value: 0.07703116536140442 and parameters: {'W_layers': 6, 'W_layer_units_exponent_0': 9, 'W_layer_units_exponent_1': 5, 'W_layer_units_exponent_2': 8, 'W_layer_units_exponent_3': 5, 'W_layer_units_exponent_4': 8, 'W_layer_units_exponent_5': 6, 'D_layers': 3, 'D_layer_units_exponent_0': 4, 'D_layer_units_exponent_1': 7, 'D_layer_units_exponent_2': 4, 'D_dagger_layers': 3, 'D_dagger_layer_units_exponent_0': 10, 'D_dagger_layer_units_exponent_1': 10, 'D_dagger_layer_units_exponent_2': 6, 'log_learning_rate': -3.040830014764229, 'log_learning_rate_D': -4.195563045487704, 'log_learning_rate_D_dagger': -2.462977400490532, 'training_batch_size': 12, 'training_p': 6}. Best is trial 12 with value: 0.06371106207370758.
Time for this trial:  18.14307141304016
Memory status after this trial: 
Memory allocated:  324.25439453125
Memory cached:  352.0
--------------------  Trial  25   --------------------
Start timing: 
Parameters: 
{'W_layers': 3, 'W_layer_units_exponent_0': 8, 'W_layer_units_exponent_1': 8, 'W_layer_units_exponent_2': 10, 'D_layers': 2, 'D_layer_units_exponent_0': 9, 'D_layer_units_exponent_1': 6, 'D_dagger_layers': 4, 'D_dagger_layer_units_exponent_0': 8, 'D_dagger_layer_units_exponent_1': 8, 'D_dagger_layer_units_exponent_2': 5, 'D_dagger_layer_units_exponent_3': 7, 'log_learning_rate': -3.8047501634010037, 'log_learning_rate_D': -4.640327801112033, 'log_learning_rate_D_dagger': -1.4907924379657298, 'training_batch_size': 8, 'training_p': 2}
	 epoch  0 training error:  tensor(1.4191, device='cuda:0', grad_fn=<DivBackward0>)
Memory status after this epoch: 
Memory allocated:  145.302734375
Memory cached:  252.0
	 epoch  10 training error:  tensor(4.0265, device='cuda:0', grad_fn=<DivBackward0>)
Memory status after this epoch: 
Memory allocated:  145.302734375
Memory cached:  254.0
	 epoch  20 training error:  tensor(4.5686, device='cuda:0', grad_fn=<DivBackward0>)
Memory status after this epoch: 
Memory allocated:  145.302734375
Memory cached:  254.0
	 epoch  30 training error:  tensor(1.4444, device='cuda:0', grad_fn=<DivBackward0>)
Memory status after this epoch: 
Memory allocated:  145.302734375
Memory cached:  254.0
	 epoch  40 training error:  tensor(0.3842, device='cuda:0', grad_fn=<DivBackward0>)
Memory status after this epoch: 
Memory allocated:  145.302734375
Memory cached:  254.0
	 epoch  50 training error:  tensor(0.1259, device='cuda:0', grad_fn=<DivBackward0>)
Memory status after this epoch: 
Memory allocated:  145.302734375
Memory cached:  254.0
	 epoch  60 training error:  tensor(0.1408, device='cuda:0', grad_fn=<DivBackward0>)
Memory status after this epoch: 
Memory allocated:  145.302734375
Memory cached:  254.0
	 epoch  70 training error:  tensor(0.1104, device='cuda:0', grad_fn=<DivBackward0>)
Memory status after this epoch: 
Memory allocated:  145.302734375
Memory cached:  254.0
	 epoch  80 training error:  tensor(0.0862, device='cuda:0', grad_fn=<DivBackward0>)
Memory status after this epoch: 
Memory allocated:  145.302734375
Memory cached:  254.0
	 epoch  90 training error:  tensor(0.0689, device='cuda:0', grad_fn=<DivBackward0>)
Memory status after this epoch: 
Memory allocated:  145.302734375
Memory cached:  254.0
[I 2023-12-02 22:49:52,229] Trial 25 finished with value: 0.07986129820346832 and parameters: {'W_layers': 3, 'W_layer_units_exponent_0': 8, 'W_layer_units_exponent_1': 8, 'W_layer_units_exponent_2': 10, 'D_layers': 2, 'D_layer_units_exponent_0': 9, 'D_layer_units_exponent_1': 6, 'D_dagger_layers': 4, 'D_dagger_layer_units_exponent_0': 8, 'D_dagger_layer_units_exponent_1': 8, 'D_dagger_layer_units_exponent_2': 5, 'D_dagger_layer_units_exponent_3': 7, 'log_learning_rate': -3.8047501634010037, 'log_learning_rate_D': -4.640327801112033, 'log_learning_rate_D_dagger': -1.4907924379657298, 'training_batch_size': 8, 'training_p': 2}. Best is trial 12 with value: 0.06371106207370758.
Time for this trial:  16.78492522239685
Memory status after this trial: 
Memory allocated:  254.00341796875
Memory cached:  272.0
--------------------  Trial  26   --------------------
Start timing: 
Parameters: 
{'W_layers': 2, 'W_layer_units_exponent_0': 7, 'W_layer_units_exponent_1': 7, 'D_layers': 5, 'D_layer_units_exponent_0': 5, 'D_layer_units_exponent_1': 8, 'D_layer_units_exponent_2': 7, 'D_layer_units_exponent_3': 9, 'D_layer_units_exponent_4': 8, 'D_dagger_layers': 2, 'D_dagger_layer_units_exponent_0': 9, 'D_dagger_layer_units_exponent_1': 5, 'log_learning_rate': -4.9284590567431135, 'log_learning_rate_D': -4.237259124547829, 'log_learning_rate_D_dagger': -1.9413013684002747, 'training_batch_size': 10, 'training_p': 3}
	 epoch  0 training error:  tensor(0.7915, device='cuda:0', grad_fn=<DivBackward0>)
Memory status after this epoch: 
Memory allocated:  140.3662109375
Memory cached:  252.0
	 epoch  10 training error:  tensor(1.0791, device='cuda:0', grad_fn=<DivBackward0>)
Memory status after this epoch: 
Memory allocated:  140.3662109375
Memory cached:  252.0
	 epoch  20 training error:  tensor(0.7743, device='cuda:0', grad_fn=<DivBackward0>)
Memory status after this epoch: 
Memory allocated:  140.3662109375
Memory cached:  252.0
	 epoch  30 training error:  tensor(0.1554, device='cuda:0', grad_fn=<DivBackward0>)
Memory status after this epoch: 
Memory allocated:  140.3662109375
Memory cached:  252.0
	 epoch  40 training error:  tensor(0.1144, device='cuda:0', grad_fn=<DivBackward0>)
Memory status after this epoch: 
Memory allocated:  140.3662109375
Memory cached:  252.0
	 epoch  50 training error:  tensor(0.0802, device='cuda:0', grad_fn=<DivBackward0>)
Memory status after this epoch: 
Memory allocated:  140.3662109375
Memory cached:  252.0
	 epoch  60 training error:  tensor(0.0825, device='cuda:0', grad_fn=<DivBackward0>)
Memory status after this epoch: 
Memory allocated:  140.3662109375
Memory cached:  252.0
	 epoch  70 training error:  tensor(0.0785, device='cuda:0', grad_fn=<DivBackward0>)
Memory status after this epoch: 
Memory allocated:  140.3662109375
Memory cached:  252.0
	 epoch  80 training error:  tensor(0.0777, device='cuda:0', grad_fn=<DivBackward0>)
Memory status after this epoch: 
Memory allocated:  140.3662109375
Memory cached:  252.0
	 epoch  90 training error:  tensor(0.0768, device='cuda:0', grad_fn=<DivBackward0>)
Memory status after this epoch: 
Memory allocated:  140.3662109375
Memory cached:  252.0
[I 2023-12-02 22:50:06,863] Trial 26 finished with value: 0.08080100268125534 and parameters: {'W_layers': 2, 'W_layer_units_exponent_0': 7, 'W_layer_units_exponent_1': 7, 'D_layers': 5, 'D_layer_units_exponent_0': 5, 'D_layer_units_exponent_1': 8, 'D_layer_units_exponent_2': 7, 'D_layer_units_exponent_3': 9, 'D_layer_units_exponent_4': 8, 'D_dagger_layers': 2, 'D_dagger_layer_units_exponent_0': 9, 'D_dagger_layer_units_exponent_1': 5, 'log_learning_rate': -4.9284590567431135, 'log_learning_rate_D': -4.237259124547829, 'log_learning_rate_D_dagger': -1.9413013684002747, 'training_batch_size': 10, 'training_p': 3}. Best is trial 12 with value: 0.06371106207370758.
Time for this trial:  14.44264030456543
Memory status after this trial: 
Memory allocated:  182.10986328125
Memory cached:  258.0
--------------------  Trial  27   --------------------
Start timing: 
Parameters: 
{'W_layers': 4, 'W_layer_units_exponent_0': 9, 'W_layer_units_exponent_1': 8, 'W_layer_units_exponent_2': 9, 'W_layer_units_exponent_3': 7, 'D_layers': 7, 'D_layer_units_exponent_0': 9, 'D_layer_units_exponent_1': 7, 'D_layer_units_exponent_2': 5, 'D_layer_units_exponent_3': 7, 'D_layer_units_exponent_4': 5, 'D_layer_units_exponent_5': 4, 'D_layer_units_exponent_6': 7, 'D_dagger_layers': 3, 'D_dagger_layer_units_exponent_0': 10, 'D_dagger_layer_units_exponent_1': 9, 'D_dagger_layer_units_exponent_2': 8, 'log_learning_rate': -3.5557148535460126, 'log_learning_rate_D': -4.6803073552483765, 'log_learning_rate_D_dagger': -2.4818940516025028, 'training_batch_size': 9, 'training_p': 5}
	 epoch  0 training error:  tensor(1.0475, device='cuda:0', grad_fn=<DivBackward0>)
Memory status after this epoch: 
Memory allocated:  155.53564453125
Memory cached:  252.0
	 epoch  10 training error:  tensor(1.1816, device='cuda:0', grad_fn=<DivBackward0>)
Memory status after this epoch: 
Memory allocated:  155.53564453125
Memory cached:  252.0
	 epoch  20 training error:  tensor(0.4398, device='cuda:0', grad_fn=<DivBackward0>)
Memory status after this epoch: 
Memory allocated:  155.53564453125
Memory cached:  252.0
	 epoch  30 training error:  tensor(0.0971, device='cuda:0', grad_fn=<DivBackward0>)
Memory status after this epoch: 
Memory allocated:  155.53564453125
Memory cached:  252.0
	 epoch  40 training error:  tensor(0.0994, device='cuda:0', grad_fn=<DivBackward0>)
Memory status after this epoch: 
Memory allocated:  155.53564453125
Memory cached:  252.0
	 epoch  50 training error:  tensor(0.1881, device='cuda:0', grad_fn=<DivBackward0>)
Memory status after this epoch: 
Memory allocated:  155.53564453125
Memory cached:  252.0
	 epoch  60 training error:  tensor(0.1908, device='cuda:0', grad_fn=<DivBackward0>)
Memory status after this epoch: 
Memory allocated:  155.53564453125
Memory cached:  252.0
	 epoch  70 training error:  tensor(0.0973, device='cuda:0', grad_fn=<DivBackward0>)
Memory status after this epoch: 
Memory allocated:  155.53564453125
Memory cached:  252.0
	 epoch  80 training error:  tensor(0.1015, device='cuda:0', grad_fn=<DivBackward0>)
Memory status after this epoch: 
Memory allocated:  155.53564453125
Memory cached:  252.0
	 epoch  90 training error:  tensor(0.0914, device='cuda:0', grad_fn=<DivBackward0>)
Memory status after this epoch: 
Memory allocated:  155.53564453125
Memory cached:  252.0
[I 2023-12-02 22:50:24,551] Trial 27 finished with value: 0.07329293340444565 and parameters: {'W_layers': 4, 'W_layer_units_exponent_0': 9, 'W_layer_units_exponent_1': 8, 'W_layer_units_exponent_2': 9, 'W_layer_units_exponent_3': 7, 'D_layers': 7, 'D_layer_units_exponent_0': 9, 'D_layer_units_exponent_1': 7, 'D_layer_units_exponent_2': 5, 'D_layer_units_exponent_3': 7, 'D_layer_units_exponent_4': 5, 'D_layer_units_exponent_5': 4, 'D_layer_units_exponent_6': 7, 'D_dagger_layers': 3, 'D_dagger_layer_units_exponent_0': 10, 'D_dagger_layer_units_exponent_1': 9, 'D_dagger_layer_units_exponent_2': 8, 'log_learning_rate': -3.5557148535460126, 'log_learning_rate_D': -4.6803073552483765, 'log_learning_rate_D_dagger': -2.4818940516025028, 'training_batch_size': 9, 'training_p': 5}. Best is trial 12 with value: 0.06371106207370758.
Time for this trial:  17.479981184005737
Memory status after this trial: 
Memory allocated:  318.05322265625
Memory cached:  336.0
--------------------  Trial  28   --------------------
Start timing: 
Parameters: 
{'W_layers': 8, 'W_layer_units_exponent_0': 10, 'W_layer_units_exponent_1': 9, 'W_layer_units_exponent_2': 4, 'W_layer_units_exponent_3': 4, 'W_layer_units_exponent_4': 6, 'W_layer_units_exponent_5': 8, 'W_layer_units_exponent_6': 7, 'W_layer_units_exponent_7': 10, 'D_layers': 3, 'D_layer_units_exponent_0': 5, 'D_layer_units_exponent_1': 9, 'D_layer_units_exponent_2': 6, 'D_dagger_layers': 5, 'D_dagger_layer_units_exponent_0': 7, 'D_dagger_layer_units_exponent_1': 10, 'D_dagger_layer_units_exponent_2': 4, 'D_dagger_layer_units_exponent_3': 5, 'D_dagger_layer_units_exponent_4': 6, 'log_learning_rate': -4.11349007203757, 'log_learning_rate_D': -4.9828352412983286, 'log_learning_rate_D_dagger': -1.001587738259603, 'training_batch_size': 11, 'training_p': 2}
	 epoch  0 training error:  tensor(0.7450, device='cuda:0', grad_fn=<DivBackward0>)
Memory status after this epoch: 
Memory allocated:  153.62939453125
Memory cached:  256.0
	 epoch  10 training error:  tensor(31.8268, device='cuda:0', grad_fn=<DivBackward0>)
Memory status after this epoch: 
Memory allocated:  153.62939453125
Memory cached:  262.0
	 epoch  20 training error:  tensor(48.5255, device='cuda:0', grad_fn=<DivBackward0>)
Memory status after this epoch: 
Memory allocated:  153.62939453125
Memory cached:  260.0
	 epoch  30 training error:  tensor(304.8020, device='cuda:0', grad_fn=<DivBackward0>)
Memory status after this epoch: 
Memory allocated:  153.62939453125
Memory cached:  260.0
	 epoch  40 training error:  tensor(385.2415, device='cuda:0', grad_fn=<DivBackward0>)
Memory status after this epoch: 
Memory allocated:  153.62939453125
Memory cached:  260.0
	 epoch  50 training error:  tensor(20.1421, device='cuda:0', grad_fn=<DivBackward0>)
Memory status after this epoch: 
Memory allocated:  153.62939453125
Memory cached:  262.0
	 epoch  60 training error:  tensor(53.3251, device='cuda:0', grad_fn=<DivBackward0>)
Memory status after this epoch: 
Memory allocated:  153.62939453125
Memory cached:  260.0
	 epoch  70 training error:  tensor(3.3991, device='cuda:0', grad_fn=<DivBackward0>)
Memory status after this epoch: 
Memory allocated:  153.62939453125
Memory cached:  260.0
	 epoch  80 training error:  tensor(3.1570, device='cuda:0', grad_fn=<DivBackward0>)
Memory status after this epoch: 
Memory allocated:  153.62939453125
Memory cached:  260.0
	 epoch  90 training error:  tensor(1.7612, device='cuda:0', grad_fn=<DivBackward0>)
Memory status after this epoch: 
Memory allocated:  153.62939453125
Memory cached:  262.0
