/home/shengduo/anaconda3/lib/python3.9/site-packages/scipy/__init__.py:146: UserWarning: A NumPy version >=1.16.5 and <1.23.0 is required for this version of SciPy (detected version 1.24.1
  warnings.warn(f"A NumPy version >={np_minversion} and <{np_maxversion}"
[I 2024-01-03 14:02:21,568] A new study created in RDB with name: my_study
Cuda is available:  True
Device is:  cuda:0
Memory allocated:  0.0
Memory cached:  0.0
Data file:  ./data/Trial1215_smallDRS_Burigede.pt
Vs.shape:  torch.Size([100, 100])
thetas.shape:  torch.Size([100, 100])
fs.shape:  torch.Size([100, 100])
ts.shape:  torch.Size([100, 100])
Xs.shape:  torch.Size([100, 100])
--------------------  Trial  0   --------------------
Start timing: 
Parameters: 
{'W_layers': 4, 'W_layer_units_exponent_0': 8, 'W_layer_units_exponent_1': 5, 'W_layer_units_exponent_2': 6, 'W_layer_units_exponent_3': 6, 'D_layers': 8, 'D_layer_units_exponent_0': 6, 'D_layer_units_exponent_1': 4, 'D_layer_units_exponent_2': 8, 'D_layer_units_exponent_3': 9, 'D_layer_units_exponent_4': 4, 'D_layer_units_exponent_5': 5, 'D_layer_units_exponent_6': 10, 'D_layer_units_exponent_7': 4, 'D_dagger_layers': 8, 'D_dagger_layer_units_exponent_0': 4, 'D_dagger_layer_units_exponent_1': 4, 'D_dagger_layer_units_exponent_2': 4, 'D_dagger_layer_units_exponent_3': 5, 'D_dagger_layer_units_exponent_4': 10, 'D_dagger_layer_units_exponent_5': 8, 'D_dagger_layer_units_exponent_6': 7, 'D_dagger_layer_units_exponent_7': 5, 'log_learning_rate': -2.8939071983342166, 'log_learning_rate_D': -2.1838084940945577, 'log_learning_rate_D_dagger': -4.551287701129006, 'training_batch_size': 12, 'training_p': 8}
	 epoch  0 training error:  tensor(1.0383, device='cuda:0', grad_fn=<DivBackward0>)
Memory status after this epoch: 
Memory allocated:  8.466796875
Memory cached:  124.0
	 epoch  10 training error:  tensor(0.6960, device='cuda:0', grad_fn=<DivBackward0>)
Memory status after this epoch: 
Memory allocated:  8.466796875
Memory cached:  228.0
	 epoch  20 training error:  tensor(0.6801, device='cuda:0', grad_fn=<DivBackward0>)
Memory status after this epoch: 
Memory allocated:  8.466796875
Memory cached:  242.0
	 epoch  30 training error:  tensor(0.6670, device='cuda:0', grad_fn=<DivBackward0>)
Memory status after this epoch: 
Memory allocated:  8.466796875
Memory cached:  230.0
	 epoch  40 training error:  tensor(0.6525, device='cuda:0', grad_fn=<DivBackward0>)
Memory status after this epoch: 
Memory allocated:  8.466796875
Memory cached:  234.0
	 epoch  50 training error:  tensor(0.6348, device='cuda:0', grad_fn=<DivBackward0>)
Memory status after this epoch: 
Memory allocated:  8.466796875
Memory cached:  232.0
	 epoch  60 training error:  tensor(0.6108, device='cuda:0', grad_fn=<DivBackward0>)
Memory status after this epoch: 
Memory allocated:  8.466796875
Memory cached:  224.0
	 epoch  70 training error:  tensor(0.5795, device='cuda:0', grad_fn=<DivBackward0>)
Memory status after this epoch: 
Memory allocated:  8.466796875
Memory cached:  234.0
	 epoch  80 training error:  tensor(0.5385, device='cuda:0', grad_fn=<DivBackward0>)
Memory status after this epoch: 
Memory allocated:  8.466796875
Memory cached:  228.0
	 epoch  90 training error:  tensor(0.4863, device='cuda:0', grad_fn=<DivBackward0>)
Memory status after this epoch: 
Memory allocated:  8.466796875
Memory cached:  236.0
[I 2024-01-03 14:06:11,652] Trial 0 finished with value: 0.3561522960662842 and parameters: {'W_layers': 4, 'W_layer_units_exponent_0': 8, 'W_layer_units_exponent_1': 5, 'W_layer_units_exponent_2': 6, 'W_layer_units_exponent_3': 6, 'D_layers': 8, 'D_layer_units_exponent_0': 6, 'D_layer_units_exponent_1': 4, 'D_layer_units_exponent_2': 8, 'D_layer_units_exponent_3': 9, 'D_layer_units_exponent_4': 4, 'D_layer_units_exponent_5': 5, 'D_layer_units_exponent_6': 10, 'D_layer_units_exponent_7': 4, 'D_dagger_layers': 8, 'D_dagger_layer_units_exponent_0': 4, 'D_dagger_layer_units_exponent_1': 4, 'D_dagger_layer_units_exponent_2': 4, 'D_dagger_layer_units_exponent_3': 5, 'D_dagger_layer_units_exponent_4': 10, 'D_dagger_layer_units_exponent_5': 8, 'D_dagger_layer_units_exponent_6': 7, 'D_dagger_layer_units_exponent_7': 5, 'log_learning_rate': -2.8939071983342166, 'log_learning_rate_D': -2.1838084940945577, 'log_learning_rate_D_dagger': -4.551287701129006, 'training_batch_size': 12, 'training_p': 8}. Best is trial 0 with value: 0.3561522960662842.
res:  tensor(0.3562, device='cuda:0', grad_fn=<DivBackward0>)
self.bestValue:  10000000.0
Save this model!
Time for this trial:  229.75762343406677
Memory status after this trial: 
Memory allocated:  210.4794921875
Memory cached:  216.0
--------------------  Trial  1   --------------------
Start timing: 
Parameters: 
{'W_layers': 6, 'W_layer_units_exponent_0': 4, 'W_layer_units_exponent_1': 9, 'W_layer_units_exponent_2': 8, 'W_layer_units_exponent_3': 6, 'W_layer_units_exponent_4': 10, 'W_layer_units_exponent_5': 10, 'D_layers': 7, 'D_layer_units_exponent_0': 5, 'D_layer_units_exponent_1': 9, 'D_layer_units_exponent_2': 8, 'D_layer_units_exponent_3': 6, 'D_layer_units_exponent_4': 8, 'D_layer_units_exponent_5': 10, 'D_layer_units_exponent_6': 9, 'D_dagger_layers': 7, 'D_dagger_layer_units_exponent_0': 4, 'D_dagger_layer_units_exponent_1': 8, 'D_dagger_layer_units_exponent_2': 7, 'D_dagger_layer_units_exponent_3': 7, 'D_dagger_layer_units_exponent_4': 4, 'D_dagger_layer_units_exponent_5': 10, 'D_dagger_layer_units_exponent_6': 9, 'log_learning_rate': -1.4442748251994377, 'log_learning_rate_D': -2.3272063352788153, 'log_learning_rate_D_dagger': -3.9602269321282084, 'training_batch_size': 9, 'training_p': 7}
	 epoch  0 training error:  tensor(0.9951, device='cuda:0', grad_fn=<DivBackward0>)
Memory status after this epoch: 
Memory allocated:  253.892578125
Memory cached:  344.0
	 epoch  10 training error:  tensor(0.9976, device='cuda:0', grad_fn=<DivBackward0>)
Memory status after this epoch: 
Memory allocated:  253.892578125
Memory cached:  476.0
	 epoch  20 training error:  tensor(38.3676, device='cuda:0', grad_fn=<DivBackward0>)
Memory status after this epoch: 
Memory allocated:  253.892578125
Memory cached:  480.0
	 epoch  30 training error:  tensor(15.1791, device='cuda:0', grad_fn=<DivBackward0>)
Memory status after this epoch: 
Memory allocated:  253.892578125
Memory cached:  472.0
	 epoch  40 training error:  tensor(0.9872, device='cuda:0', grad_fn=<DivBackward0>)
Memory status after this epoch: 
Memory allocated:  253.892578125
Memory cached:  468.0
	 epoch  50 training error:  tensor(0.9561, device='cuda:0', grad_fn=<DivBackward0>)
Memory status after this epoch: 
Memory allocated:  253.892578125
Memory cached:  482.0
	 epoch  60 training error:  tensor(0.8299, device='cuda:0', grad_fn=<DivBackward0>)
Memory status after this epoch: 
Memory allocated:  253.892578125
Memory cached:  484.0
	 epoch  70 training error:  tensor(0.8889, device='cuda:0', grad_fn=<DivBackward0>)
Memory status after this epoch: 
Memory allocated:  253.892578125
Memory cached:  484.0
	 epoch  80 training error:  tensor(0.8870, device='cuda:0', grad_fn=<DivBackward0>)
Memory status after this epoch: 
Memory allocated:  253.892578125
Memory cached:  486.0
	 epoch  90 training error:  tensor(0.8809, device='cuda:0', grad_fn=<DivBackward0>)
Memory status after this epoch: 
Memory allocated:  253.892578125
Memory cached:  480.0
[I 2024-01-03 14:10:33,923] Trial 1 finished with value: 0.8875776529312134 and parameters: {'W_layers': 6, 'W_layer_units_exponent_0': 4, 'W_layer_units_exponent_1': 9, 'W_layer_units_exponent_2': 8, 'W_layer_units_exponent_3': 6, 'W_layer_units_exponent_4': 10, 'W_layer_units_exponent_5': 10, 'D_layers': 7, 'D_layer_units_exponent_0': 5, 'D_layer_units_exponent_1': 9, 'D_layer_units_exponent_2': 8, 'D_layer_units_exponent_3': 6, 'D_layer_units_exponent_4': 8, 'D_layer_units_exponent_5': 10, 'D_layer_units_exponent_6': 9, 'D_dagger_layers': 7, 'D_dagger_layer_units_exponent_0': 4, 'D_dagger_layer_units_exponent_1': 8, 'D_dagger_layer_units_exponent_2': 7, 'D_dagger_layer_units_exponent_3': 7, 'D_dagger_layer_units_exponent_4': 4, 'D_dagger_layer_units_exponent_5': 10, 'D_dagger_layer_units_exponent_6': 9, 'log_learning_rate': -1.4442748251994377, 'log_learning_rate_D': -2.3272063352788153, 'log_learning_rate_D_dagger': -3.9602269321282084, 'training_batch_size': 9, 'training_p': 7}. Best is trial 0 with value: 0.3561522960662842.
Time for this trial:  261.94751739501953
Memory status after this trial: 
Memory allocated:  623.595703125
Memory cached:  654.0
--------------------  Trial  2   --------------------
Start timing: 
Parameters: 
{'W_layers': 8, 'W_layer_units_exponent_0': 9, 'W_layer_units_exponent_1': 7, 'W_layer_units_exponent_2': 4, 'W_layer_units_exponent_3': 7, 'W_layer_units_exponent_4': 7, 'W_layer_units_exponent_5': 9, 'W_layer_units_exponent_6': 5, 'W_layer_units_exponent_7': 7, 'D_layers': 4, 'D_layer_units_exponent_0': 5, 'D_layer_units_exponent_1': 6, 'D_layer_units_exponent_2': 8, 'D_layer_units_exponent_3': 5, 'D_dagger_layers': 5, 'D_dagger_layer_units_exponent_0': 5, 'D_dagger_layer_units_exponent_1': 7, 'D_dagger_layer_units_exponent_2': 4, 'D_dagger_layer_units_exponent_3': 10, 'D_dagger_layer_units_exponent_4': 5, 'log_learning_rate': -2.180439423360903, 'log_learning_rate_D': -3.1240265588794487, 'log_learning_rate_D_dagger': -4.008568872733645, 'training_batch_size': 10, 'training_p': 3}
	 epoch  0 training error:  tensor(1.0496, device='cuda:0', grad_fn=<DivBackward0>)
Memory status after this epoch: 
Memory allocated:  214.466796875
Memory cached:  304.0
	 epoch  10 training error:  tensor(0.6878, device='cuda:0', grad_fn=<DivBackward0>)
Memory status after this epoch: 
Memory allocated:  214.466796875
Memory cached:  410.0
	 epoch  20 training error:  tensor(0.6357, device='cuda:0', grad_fn=<DivBackward0>)
Memory status after this epoch: 
Memory allocated:  214.466796875
Memory cached:  398.0
	 epoch  30 training error:  tensor(0.5597, device='cuda:0', grad_fn=<DivBackward0>)
Memory status after this epoch: 
Memory allocated:  214.466796875
Memory cached:  412.0
	 epoch  40 training error:  tensor(0.4247, device='cuda:0', grad_fn=<DivBackward0>)
Memory status after this epoch: 
Memory allocated:  214.466796875
Memory cached:  400.0
	 epoch  50 training error:  tensor(0.2396, device='cuda:0', grad_fn=<DivBackward0>)
Memory status after this epoch: 
Memory allocated:  214.466796875
Memory cached:  392.0
	 epoch  60 training error:  tensor(0.1606, device='cuda:0', grad_fn=<DivBackward0>)
Memory status after this epoch: 
Memory allocated:  214.466796875
Memory cached:  402.0
	 epoch  70 training error:  tensor(0.1463, device='cuda:0', grad_fn=<DivBackward0>)
Memory status after this epoch: 
Memory allocated:  214.466796875
Memory cached:  402.0
	 epoch  80 training error:  tensor(0.1309, device='cuda:0', grad_fn=<DivBackward0>)
Memory status after this epoch: 
Memory allocated:  214.466796875
Memory cached:  410.0
	 epoch  90 training error:  tensor(0.1215, device='cuda:0', grad_fn=<DivBackward0>)
Memory status after this epoch: 
Memory allocated:  214.466796875
Memory cached:  404.0
[I 2024-01-03 14:14:02,307] Trial 2 finished with value: 0.11386456340551376 and parameters: {'W_layers': 8, 'W_layer_units_exponent_0': 9, 'W_layer_units_exponent_1': 7, 'W_layer_units_exponent_2': 4, 'W_layer_units_exponent_3': 7, 'W_layer_units_exponent_4': 7, 'W_layer_units_exponent_5': 9, 'W_layer_units_exponent_6': 5, 'W_layer_units_exponent_7': 7, 'D_layers': 4, 'D_layer_units_exponent_0': 5, 'D_layer_units_exponent_1': 6, 'D_layer_units_exponent_2': 8, 'D_layer_units_exponent_3': 5, 'D_dagger_layers': 5, 'D_dagger_layer_units_exponent_0': 5, 'D_dagger_layer_units_exponent_1': 7, 'D_dagger_layer_units_exponent_2': 4, 'D_dagger_layer_units_exponent_3': 10, 'D_dagger_layer_units_exponent_4': 5, 'log_learning_rate': -2.180439423360903, 'log_learning_rate_D': -3.1240265588794487, 'log_learning_rate_D_dagger': -4.008568872733645, 'training_batch_size': 10, 'training_p': 3}. Best is trial 2 with value: 0.11386456340551376.
res:  tensor(0.1139, device='cuda:0', grad_fn=<DivBackward0>)
self.bestValue:  tensor(0.3562, device='cuda:0', grad_fn=<DivBackward0>)
Save this model!
Time for this trial:  208.06182718276978
Memory status after this trial: 
Memory allocated:  171.9580078125
Memory cached:  366.0
--------------------  Trial  3   --------------------
Start timing: 
Parameters: 
{'W_layers': 4, 'W_layer_units_exponent_0': 8, 'W_layer_units_exponent_1': 8, 'W_layer_units_exponent_2': 6, 'W_layer_units_exponent_3': 8, 'D_layers': 6, 'D_layer_units_exponent_0': 10, 'D_layer_units_exponent_1': 10, 'D_layer_units_exponent_2': 4, 'D_layer_units_exponent_3': 7, 'D_layer_units_exponent_4': 9, 'D_layer_units_exponent_5': 4, 'D_dagger_layers': 4, 'D_dagger_layer_units_exponent_0': 4, 'D_dagger_layer_units_exponent_1': 10, 'D_dagger_layer_units_exponent_2': 6, 'D_dagger_layer_units_exponent_3': 8, 'log_learning_rate': -1.6567923482576772, 'log_learning_rate_D': -3.5758250227973867, 'log_learning_rate_D_dagger': -1.211922062452003, 'training_batch_size': 8, 'training_p': 4}
	 epoch  0 training error:  tensor(0.8971, device='cuda:0', grad_fn=<DivBackward0>)
Memory status after this epoch: 
Memory allocated:  192.556640625
Memory cached:  408.0
	 epoch  10 training error:  tensor(7.0254, device='cuda:0', grad_fn=<DivBackward0>)
Memory status after this epoch: 
Memory allocated:  192.556640625
Memory cached:  460.0
	 epoch  20 training error:  tensor(4.1805, device='cuda:0', grad_fn=<DivBackward0>)
Memory status after this epoch: 
Memory allocated:  192.556640625
Memory cached:  468.0
	 epoch  30 training error:  tensor(31.0449, device='cuda:0', grad_fn=<DivBackward0>)
Memory status after this epoch: 
Memory allocated:  192.556640625
Memory cached:  476.0
	 epoch  40 training error:  tensor(38.4800, device='cuda:0', grad_fn=<DivBackward0>)
Memory status after this epoch: 
Memory allocated:  192.556640625
Memory cached:  480.0
	 epoch  50 training error:  tensor(11.7109, device='cuda:0', grad_fn=<DivBackward0>)
Memory status after this epoch: 
Memory allocated:  192.556640625
Memory cached:  468.0
	 epoch  60 training error:  tensor(6.8678, device='cuda:0', grad_fn=<DivBackward0>)
Memory status after this epoch: 
Memory allocated:  192.556640625
Memory cached:  476.0
	 epoch  70 training error:  tensor(2.3392, device='cuda:0', grad_fn=<DivBackward0>)
Memory status after this epoch: 
Memory allocated:  192.556640625
Memory cached:  474.0
	 epoch  80 training error:  tensor(0.4884, device='cuda:0', grad_fn=<DivBackward0>)
Memory status after this epoch: 
Memory allocated:  192.556640625
Memory cached:  476.0
	 epoch  90 training error:  tensor(0.4542, device='cuda:0', grad_fn=<DivBackward0>)
Memory status after this epoch: 
Memory allocated:  192.556640625
Memory cached:  472.0
[I 2024-01-03 14:17:22,480] Trial 3 finished with value: 0.2700217664241791 and parameters: {'W_layers': 4, 'W_layer_units_exponent_0': 8, 'W_layer_units_exponent_1': 8, 'W_layer_units_exponent_2': 6, 'W_layer_units_exponent_3': 8, 'D_layers': 6, 'D_layer_units_exponent_0': 10, 'D_layer_units_exponent_1': 10, 'D_layer_units_exponent_2': 4, 'D_layer_units_exponent_3': 7, 'D_layer_units_exponent_4': 9, 'D_layer_units_exponent_5': 4, 'D_dagger_layers': 4, 'D_dagger_layer_units_exponent_0': 4, 'D_dagger_layer_units_exponent_1': 10, 'D_dagger_layer_units_exponent_2': 6, 'D_dagger_layer_units_exponent_3': 8, 'log_learning_rate': -1.6567923482576772, 'log_learning_rate_D': -3.5758250227973867, 'log_learning_rate_D_dagger': -1.211922062452003, 'training_batch_size': 8, 'training_p': 4}. Best is trial 2 with value: 0.11386456340551376.
Time for this trial:  199.93991351127625
Memory status after this trial: 
Memory allocated:  439.900390625
Memory cached:  456.0
--------------------  Trial  4   --------------------
Start timing: 
Parameters: 
{'W_layers': 6, 'W_layer_units_exponent_0': 7, 'W_layer_units_exponent_1': 8, 'W_layer_units_exponent_2': 4, 'W_layer_units_exponent_3': 4, 'W_layer_units_exponent_4': 5, 'W_layer_units_exponent_5': 8, 'D_layers': 6, 'D_layer_units_exponent_0': 5, 'D_layer_units_exponent_1': 7, 'D_layer_units_exponent_2': 7, 'D_layer_units_exponent_3': 5, 'D_layer_units_exponent_4': 9, 'D_layer_units_exponent_5': 6, 'D_dagger_layers': 4, 'D_dagger_layer_units_exponent_0': 9, 'D_dagger_layer_units_exponent_1': 6, 'D_dagger_layer_units_exponent_2': 10, 'D_dagger_layer_units_exponent_3': 4, 'log_learning_rate': -4.6629558200317405, 'log_learning_rate_D': -4.638447099740402, 'log_learning_rate_D_dagger': -1.279163564869183, 'training_batch_size': 8, 'training_p': 3}
	 epoch  0 training error:  tensor(1.0496, device='cuda:0', grad_fn=<DivBackward0>)
Memory status after this epoch: 
Memory allocated:  175.67578125
Memory cached:  390.0
	 epoch  10 training error:  tensor(1.7820, device='cuda:0', grad_fn=<DivBackward0>)
Memory status after this epoch: 
Memory allocated:  175.67578125
Memory cached:  464.0
	 epoch  20 training error:  tensor(5.7174, device='cuda:0', grad_fn=<DivBackward0>)
Memory status after this epoch: 
Memory allocated:  175.67578125
Memory cached:  456.0
	 epoch  30 training error:  tensor(0.9737, device='cuda:0', grad_fn=<DivBackward0>)
Memory status after this epoch: 
Memory allocated:  175.67578125
Memory cached:  462.0
	 epoch  40 training error:  tensor(0.9537, device='cuda:0', grad_fn=<DivBackward0>)
Memory status after this epoch: 
Memory allocated:  175.67578125
Memory cached:  454.0
	 epoch  50 training error:  tensor(0.9287, device='cuda:0', grad_fn=<DivBackward0>)
Memory status after this epoch: 
Memory allocated:  175.67578125
Memory cached:  462.0
	 epoch  60 training error:  tensor(0.8971, device='cuda:0', grad_fn=<DivBackward0>)
Memory status after this epoch: 
Memory allocated:  175.67578125
Memory cached:  460.0
	 epoch  70 training error:  tensor(0.8583, device='cuda:0', grad_fn=<DivBackward0>)
Memory status after this epoch: 
Memory allocated:  175.67578125
Memory cached:  462.0
	 epoch  80 training error:  tensor(0.8135, device='cuda:0', grad_fn=<DivBackward0>)
Memory status after this epoch: 
Memory allocated:  175.67578125
Memory cached:  462.0
	 epoch  90 training error:  tensor(0.7664, device='cuda:0', grad_fn=<DivBackward0>)
Memory status after this epoch: 
Memory allocated:  175.67578125
Memory cached:  460.0
