[I 2024-02-18 06:08:30,172] Trial 64 finished with value: 0.302850604057312 and parameters: {'W_layers': 7, 'W_layer_units_exponent_0': 6, 'W_layer_units_exponent_1': 8, 'W_layer_units_exponent_2': 8, 'W_layer_units_exponent_3': 7, 'W_layer_units_exponent_4': 7, 'W_layer_units_exponent_5': 5, 'W_layer_units_exponent_6': 9, 'D_layers': 4, 'D_layer_units_exponent_0': 10, 'D_layer_units_exponent_1': 7, 'D_layer_units_exponent_2': 9, 'D_layer_units_exponent_3': 7, 'D_dagger_layers': 2, 'D_dagger_layer_units_exponent_0': 10, 'D_dagger_layer_units_exponent_1': 5, 'log_learning_rate': -4.095898156195958, 'log_learning_rate_D': -4.0781205102234095, 'log_learning_rate_D_dagger': -4.066354991521543, 'training_batch_size': 6, 'training_p': 2}. Best is trial 62 with value: 0.30008068680763245.
Time for this trial:  27.34117031097412
Memory status after this trial: 
Memory allocated:  1014.75927734375
Memory cached:  1036.0
--------------------  Trial  65   --------------------
Start timing: 
Parameters: 
{'W_layers': 7, 'W_layer_units_exponent_0': 6, 'W_layer_units_exponent_1': 8, 'W_layer_units_exponent_2': 8, 'W_layer_units_exponent_3': 8, 'W_layer_units_exponent_4': 7, 'W_layer_units_exponent_5': 6, 'W_layer_units_exponent_6': 9, 'D_layers': 4, 'D_layer_units_exponent_0': 10, 'D_layer_units_exponent_1': 7, 'D_layer_units_exponent_2': 9, 'D_layer_units_exponent_3': 4, 'D_dagger_layers': 2, 'D_dagger_layer_units_exponent_0': 10, 'D_dagger_layer_units_exponent_1': 4, 'log_learning_rate': -4.1095923452602925, 'log_learning_rate_D': -4.247405070544157, 'log_learning_rate_D_dagger': -4.1532131268681685, 'training_batch_size': 6, 'training_p': 3}
	 epoch  0 training error:  tensor(1.0844, device='cuda:0', grad_fn=<DivBackward0>)
Memory status after this epoch: 
Memory allocated:  502.9306640625
Memory cached:  678.0
	 epoch  10 training error:  tensor(0.3772, device='cuda:0', grad_fn=<DivBackward0>)
Memory status after this epoch: 
Memory allocated:  502.9306640625
Memory cached:  678.0
	 epoch  20 training error:  tensor(0.3703, device='cuda:0', grad_fn=<DivBackward0>)
Memory status after this epoch: 
Memory allocated:  502.9306640625
Memory cached:  678.0
	 epoch  30 training error:  tensor(0.3700, device='cuda:0', grad_fn=<DivBackward0>)
Memory status after this epoch: 
Memory allocated:  502.9306640625
Memory cached:  678.0
	 epoch  40 training error:  tensor(0.3698, device='cuda:0', grad_fn=<DivBackward0>)
Memory status after this epoch: 
Memory allocated:  502.9306640625
Memory cached:  678.0
	 epoch  50 training error:  tensor(0.3694, device='cuda:0', grad_fn=<DivBackward0>)
Memory status after this epoch: 
Memory allocated:  502.9306640625
Memory cached:  678.0
	 epoch  60 training error:  tensor(0.3705, device='cuda:0', grad_fn=<DivBackward0>)
Memory status after this epoch: 
Memory allocated:  502.9306640625
Memory cached:  678.0
	 epoch  70 training error:  tensor(0.3710, device='cuda:0', grad_fn=<DivBackward0>)
Memory status after this epoch: 
Memory allocated:  502.9306640625
Memory cached:  678.0
	 epoch  80 training error:  tensor(0.3706, device='cuda:0', grad_fn=<DivBackward0>)
Memory status after this epoch: 
Memory allocated:  502.9306640625
Memory cached:  678.0
	 epoch  90 training error:  tensor(0.3694, device='cuda:0', grad_fn=<DivBackward0>)
Memory status after this epoch: 
Memory allocated:  502.9306640625
Memory cached:  678.0
[I 2024-02-18 06:08:57,722] Trial 65 finished with value: 0.3138155937194824 and parameters: {'W_layers': 7, 'W_layer_units_exponent_0': 6, 'W_layer_units_exponent_1': 8, 'W_layer_units_exponent_2': 8, 'W_layer_units_exponent_3': 8, 'W_layer_units_exponent_4': 7, 'W_layer_units_exponent_5': 6, 'W_layer_units_exponent_6': 9, 'D_layers': 4, 'D_layer_units_exponent_0': 10, 'D_layer_units_exponent_1': 7, 'D_layer_units_exponent_2': 9, 'D_layer_units_exponent_3': 4, 'D_dagger_layers': 2, 'D_dagger_layer_units_exponent_0': 10, 'D_dagger_layer_units_exponent_1': 4, 'log_learning_rate': -4.1095923452602925, 'log_learning_rate_D': -4.247405070544157, 'log_learning_rate_D_dagger': -4.1532131268681685, 'training_batch_size': 6, 'training_p': 3}. Best is trial 62 with value: 0.30008068680763245.
Time for this trial:  27.19447636604309
Memory status after this trial: 
Memory allocated:  1048.19775390625
Memory cached:  1062.0
--------------------  Trial  66   --------------------
Start timing: 
Parameters: 
{'W_layers': 6, 'W_layer_units_exponent_0': 5, 'W_layer_units_exponent_1': 7, 'W_layer_units_exponent_2': 9, 'W_layer_units_exponent_3': 8, 'W_layer_units_exponent_4': 7, 'W_layer_units_exponent_5': 9, 'D_layers': 3, 'D_layer_units_exponent_0': 9, 'D_layer_units_exponent_1': 6, 'D_layer_units_exponent_2': 10, 'D_dagger_layers': 3, 'D_dagger_layer_units_exponent_0': 10, 'D_dagger_layer_units_exponent_1': 6, 'D_dagger_layer_units_exponent_2': 4, 'log_learning_rate': -3.9118942311089318, 'log_learning_rate_D': -3.97514249993219, 'log_learning_rate_D_dagger': -4.028418779744974, 'training_batch_size': 6, 'training_p': 2}
	 epoch  0 training error:  tensor(0.7239, device='cuda:0', grad_fn=<DivBackward0>)
Memory status after this epoch: 
Memory allocated:  504.482421875
Memory cached:  680.0
	 epoch  10 training error:  tensor(0.2907, device='cuda:0', grad_fn=<DivBackward0>)
Memory status after this epoch: 
Memory allocated:  504.482421875
Memory cached:  680.0
	 epoch  20 training error:  tensor(0.2883, device='cuda:0', grad_fn=<DivBackward0>)
Memory status after this epoch: 
Memory allocated:  504.482421875
Memory cached:  680.0
	 epoch  30 training error:  tensor(0.2874, device='cuda:0', grad_fn=<DivBackward0>)
Memory status after this epoch: 
Memory allocated:  504.482421875
Memory cached:  680.0
	 epoch  40 training error:  tensor(0.2865, device='cuda:0', grad_fn=<DivBackward0>)
Memory status after this epoch: 
Memory allocated:  504.482421875
Memory cached:  680.0
	 epoch  50 training error:  tensor(0.2846, device='cuda:0', grad_fn=<DivBackward0>)
Memory status after this epoch: 
Memory allocated:  504.482421875
Memory cached:  680.0
	 epoch  60 training error:  tensor(0.2876, device='cuda:0', grad_fn=<DivBackward0>)
Memory status after this epoch: 
Memory allocated:  504.482421875
Memory cached:  680.0
	 epoch  70 training error:  tensor(0.2860, device='cuda:0', grad_fn=<DivBackward0>)
Memory status after this epoch: 
Memory allocated:  504.482421875
Memory cached:  680.0
	 epoch  80 training error:  tensor(0.2839, device='cuda:0', grad_fn=<DivBackward0>)
Memory status after this epoch: 
Memory allocated:  504.482421875
Memory cached:  680.0
	 epoch  90 training error:  tensor(0.2846, device='cuda:0', grad_fn=<DivBackward0>)
Memory status after this epoch: 
Memory allocated:  504.482421875
Memory cached:  680.0
[I 2024-02-18 06:09:25,981] Trial 66 finished with value: 0.3007020652294159 and parameters: {'W_layers': 6, 'W_layer_units_exponent_0': 5, 'W_layer_units_exponent_1': 7, 'W_layer_units_exponent_2': 9, 'W_layer_units_exponent_3': 8, 'W_layer_units_exponent_4': 7, 'W_layer_units_exponent_5': 9, 'D_layers': 3, 'D_layer_units_exponent_0': 9, 'D_layer_units_exponent_1': 6, 'D_layer_units_exponent_2': 10, 'D_dagger_layers': 3, 'D_dagger_layer_units_exponent_0': 10, 'D_dagger_layer_units_exponent_1': 6, 'D_dagger_layer_units_exponent_2': 4, 'log_learning_rate': -3.9118942311089318, 'log_learning_rate_D': -3.97514249993219, 'log_learning_rate_D_dagger': -4.028418779744974, 'training_batch_size': 6, 'training_p': 2}. Best is trial 62 with value: 0.30008068680763245.
Time for this trial:  27.84702444076538
Memory status after this trial: 
Memory allocated:  1069.68310546875
Memory cached:  1090.0
--------------------  Trial  67   --------------------
Start timing: 
Parameters: 
{'W_layers': 6, 'W_layer_units_exponent_0': 5, 'W_layer_units_exponent_1': 7, 'W_layer_units_exponent_2': 9, 'W_layer_units_exponent_3': 7, 'W_layer_units_exponent_4': 7, 'W_layer_units_exponent_5': 9, 'D_layers': 2, 'D_layer_units_exponent_0': 9, 'D_layer_units_exponent_1': 6, 'D_dagger_layers': 3, 'D_dagger_layer_units_exponent_0': 10, 'D_dagger_layer_units_exponent_1': 7, 'D_dagger_layer_units_exponent_2': 4, 'log_learning_rate': -3.912890325542893, 'log_learning_rate_D': -4.005328360076285, 'log_learning_rate_D_dagger': -4.384491372795423, 'training_batch_size': 6, 'training_p': 3}
	 epoch  0 training error:  tensor(0.9042, device='cuda:0', grad_fn=<DivBackward0>)
Memory status after this epoch: 
Memory allocated:  503.98876953125
Memory cached:  680.0
	 epoch  10 training error:  tensor(0.3761, device='cuda:0', grad_fn=<DivBackward0>)
Memory status after this epoch: 
Memory allocated:  503.98876953125
Memory cached:  680.0
	 epoch  20 training error:  tensor(0.3730, device='cuda:0', grad_fn=<DivBackward0>)
Memory status after this epoch: 
Memory allocated:  503.98876953125
Memory cached:  678.0
	 epoch  30 training error:  tensor(0.3698, device='cuda:0', grad_fn=<DivBackward0>)
Memory status after this epoch: 
Memory allocated:  503.98876953125
Memory cached:  678.0
	 epoch  40 training error:  tensor(0.3699, device='cuda:0', grad_fn=<DivBackward0>)
Memory status after this epoch: 
Memory allocated:  503.98876953125
Memory cached:  678.0
	 epoch  50 training error:  tensor(0.3692, device='cuda:0', grad_fn=<DivBackward0>)
Memory status after this epoch: 
Memory allocated:  503.98876953125
Memory cached:  678.0
	 epoch  60 training error:  tensor(0.3693, device='cuda:0', grad_fn=<DivBackward0>)
Memory status after this epoch: 
Memory allocated:  503.98876953125
Memory cached:  678.0
	 epoch  70 training error:  tensor(0.3706, device='cuda:0', grad_fn=<DivBackward0>)
Memory status after this epoch: 
Memory allocated:  503.98876953125
Memory cached:  678.0
	 epoch  80 training error:  tensor(0.3700, device='cuda:0', grad_fn=<DivBackward0>)
Memory status after this epoch: 
Memory allocated:  503.98876953125
Memory cached:  678.0
	 epoch  90 training error:  tensor(0.3691, device='cuda:0', grad_fn=<DivBackward0>)
Memory status after this epoch: 
Memory allocated:  503.98876953125
Memory cached:  678.0
[I 2024-02-18 06:09:53,970] Trial 67 finished with value: 0.3117009401321411 and parameters: {'W_layers': 6, 'W_layer_units_exponent_0': 5, 'W_layer_units_exponent_1': 7, 'W_layer_units_exponent_2': 9, 'W_layer_units_exponent_3': 7, 'W_layer_units_exponent_4': 7, 'W_layer_units_exponent_5': 9, 'D_layers': 2, 'D_layer_units_exponent_0': 9, 'D_layer_units_exponent_1': 6, 'D_dagger_layers': 3, 'D_dagger_layer_units_exponent_0': 10, 'D_dagger_layer_units_exponent_1': 7, 'D_dagger_layer_units_exponent_2': 4, 'log_learning_rate': -3.912890325542893, 'log_learning_rate_D': -4.005328360076285, 'log_learning_rate_D_dagger': -4.384491372795423, 'training_batch_size': 6, 'training_p': 3}. Best is trial 62 with value: 0.30008068680763245.
Time for this trial:  27.586352825164795
Memory status after this trial: 
Memory allocated:  1055.61181640625
Memory cached:  1090.0
--------------------  Trial  68   --------------------
Start timing: 
Parameters: 
{'W_layers': 6, 'W_layer_units_exponent_0': 5, 'W_layer_units_exponent_1': 7, 'W_layer_units_exponent_2': 9, 'W_layer_units_exponent_3': 7, 'W_layer_units_exponent_4': 8, 'W_layer_units_exponent_5': 10, 'D_layers': 3, 'D_layer_units_exponent_0': 9, 'D_layer_units_exponent_1': 5, 'D_layer_units_exponent_2': 10, 'D_dagger_layers': 3, 'D_dagger_layer_units_exponent_0': 9, 'D_dagger_layer_units_exponent_1': 6, 'D_dagger_layer_units_exponent_2': 4, 'log_learning_rate': -3.676827511243636, 'log_learning_rate_D': -4.440413655033312, 'log_learning_rate_D_dagger': -3.7412472763505655, 'training_batch_size': 6, 'training_p': 2}
	 epoch  0 training error:  tensor(0.6559, device='cuda:0', grad_fn=<DivBackward0>)
Memory status after this epoch: 
Memory allocated:  505.794921875
Memory cached:  682.0
	 epoch  10 training error:  tensor(0.2903, device='cuda:0', grad_fn=<DivBackward0>)
Memory status after this epoch: 
Memory allocated:  505.794921875
Memory cached:  680.0
	 epoch  20 training error:  tensor(0.2866, device='cuda:0', grad_fn=<DivBackward0>)
Memory status after this epoch: 
Memory allocated:  505.794921875
Memory cached:  680.0
	 epoch  30 training error:  tensor(0.2865, device='cuda:0', grad_fn=<DivBackward0>)
Memory status after this epoch: 
Memory allocated:  505.794921875
Memory cached:  680.0
	 epoch  40 training error:  tensor(0.2897, device='cuda:0', grad_fn=<DivBackward0>)
Memory status after this epoch: 
Memory allocated:  505.794921875
Memory cached:  680.0
	 epoch  50 training error:  tensor(0.2888, device='cuda:0', grad_fn=<DivBackward0>)
Memory status after this epoch: 
Memory allocated:  505.794921875
Memory cached:  680.0
	 epoch  60 training error:  tensor(0.2875, device='cuda:0', grad_fn=<DivBackward0>)
Memory status after this epoch: 
Memory allocated:  505.794921875
Memory cached:  680.0
	 epoch  70 training error:  tensor(0.2848, device='cuda:0', grad_fn=<DivBackward0>)
Memory status after this epoch: 
Memory allocated:  505.794921875
Memory cached:  680.0
	 epoch  80 training error:  tensor(0.2845, device='cuda:0', grad_fn=<DivBackward0>)
Memory status after this epoch: 
Memory allocated:  505.794921875
Memory cached:  680.0
	 epoch  90 training error:  tensor(0.2837, device='cuda:0', grad_fn=<DivBackward0>)
Memory status after this epoch: 
Memory allocated:  505.794921875
Memory cached:  680.0
[I 2024-02-18 06:10:22,299] Trial 68 finished with value: 0.3021993339061737 and parameters: {'W_layers': 6, 'W_layer_units_exponent_0': 5, 'W_layer_units_exponent_1': 7, 'W_layer_units_exponent_2': 9, 'W_layer_units_exponent_3': 7, 'W_layer_units_exponent_4': 8, 'W_layer_units_exponent_5': 10, 'D_layers': 3, 'D_layer_units_exponent_0': 9, 'D_layer_units_exponent_1': 5, 'D_layer_units_exponent_2': 10, 'D_dagger_layers': 3, 'D_dagger_layer_units_exponent_0': 9, 'D_dagger_layer_units_exponent_1': 6, 'D_dagger_layer_units_exponent_2': 4, 'log_learning_rate': -3.676827511243636, 'log_learning_rate_D': -4.440413655033312, 'log_learning_rate_D_dagger': -3.7412472763505655, 'training_batch_size': 6, 'training_p': 2}. Best is trial 62 with value: 0.30008068680763245.
Time for this trial:  27.990209341049194
Memory status after this trial: 
Memory allocated:  1054.05810546875
Memory cached:  1084.0
--------------------  Trial  69   --------------------
Start timing: 
Parameters: 
{'W_layers': 7, 'W_layer_units_exponent_0': 5, 'W_layer_units_exponent_1': 7, 'W_layer_units_exponent_2': 8, 'W_layer_units_exponent_3': 6, 'W_layer_units_exponent_4': 8, 'W_layer_units_exponent_5': 7, 'W_layer_units_exponent_6': 10, 'D_layers': 4, 'D_layer_units_exponent_0': 9, 'D_layer_units_exponent_1': 6, 'D_layer_units_exponent_2': 10, 'D_layer_units_exponent_3': 6, 'D_dagger_layers': 3, 'D_dagger_layer_units_exponent_0': 10, 'D_dagger_layer_units_exponent_1': 7, 'D_dagger_layer_units_exponent_2': 4, 'log_learning_rate': -3.868754712569294, 'log_learning_rate_D': -4.2618156193065575, 'log_learning_rate_D_dagger': -4.059657083577432, 'training_batch_size': 6, 'training_p': 7}
	 epoch  0 training error:  tensor(0.7122, device='cuda:0', grad_fn=<DivBackward0>)
Memory status after this epoch: 
Memory allocated:  504.7587890625
Memory cached:  678.0
	 epoch  10 training error:  tensor(0.5259, device='cuda:0', grad_fn=<DivBackward0>)
Memory status after this epoch: 
Memory allocated:  504.7587890625
Memory cached:  678.0
	 epoch  20 training error:  tensor(0.5245, device='cuda:0', grad_fn=<DivBackward0>)
Memory status after this epoch: 
Memory allocated:  504.7587890625
Memory cached:  678.0
	 epoch  30 training error:  tensor(0.5265, device='cuda:0', grad_fn=<DivBackward0>)
Memory status after this epoch: 
Memory allocated:  504.7587890625
Memory cached:  678.0
	 epoch  40 training error:  tensor(0.5227, device='cuda:0', grad_fn=<DivBackward0>)
Memory status after this epoch: 
Memory allocated:  504.7587890625
Memory cached:  678.0
	 epoch  50 training error:  tensor(0.5210, device='cuda:0', grad_fn=<DivBackward0>)
Memory status after this epoch: 
Memory allocated:  504.7587890625
Memory cached:  678.0
	 epoch  60 training error:  tensor(0.5245, device='cuda:0', grad_fn=<DivBackward0>)
Memory status after this epoch: 
Memory allocated:  504.7587890625
Memory cached:  678.0
	 epoch  70 training error:  tensor(0.5209, device='cuda:0', grad_fn=<DivBackward0>)
Memory status after this epoch: 
Memory allocated:  504.7587890625
Memory cached:  678.0
	 epoch  80 training error:  tensor(0.5227, device='cuda:0', grad_fn=<DivBackward0>)
Memory status after this epoch: 
Memory allocated:  504.7587890625
Memory cached:  678.0
	 epoch  90 training error:  tensor(0.5224, device='cuda:0', grad_fn=<DivBackward0>)
Memory status after this epoch: 
Memory allocated:  504.7587890625
Memory cached:  678.0
[I 2024-02-18 06:10:51,289] Trial 69 finished with value: 0.40142178535461426 and parameters: {'W_layers': 7, 'W_layer_units_exponent_0': 5, 'W_layer_units_exponent_1': 7, 'W_layer_units_exponent_2': 8, 'W_layer_units_exponent_3': 6, 'W_layer_units_exponent_4': 8, 'W_layer_units_exponent_5': 7, 'W_layer_units_exponent_6': 10, 'D_layers': 4, 'D_layer_units_exponent_0': 9, 'D_layer_units_exponent_1': 6, 'D_layer_units_exponent_2': 10, 'D_layer_units_exponent_3': 6, 'D_dagger_layers': 3, 'D_dagger_layer_units_exponent_0': 10, 'D_dagger_layer_units_exponent_1': 7, 'D_dagger_layer_units_exponent_2': 4, 'log_learning_rate': -3.868754712569294, 'log_learning_rate_D': -4.2618156193065575, 'log_learning_rate_D_dagger': -4.059657083577432, 'training_batch_size': 6, 'training_p': 7}. Best is trial 62 with value: 0.30008068680763245.
Time for this trial:  28.62551760673523
Memory status after this trial: 
Memory allocated:  1137.79150390625
Memory cached:  1160.0
--------------------  Trial  70   --------------------
Start timing: 
Parameters: 
{'W_layers': 6, 'W_layer_units_exponent_0': 6, 'W_layer_units_exponent_1': 8, 'W_layer_units_exponent_2': 9, 'W_layer_units_exponent_3': 9, 'W_layer_units_exponent_4': 7, 'W_layer_units_exponent_5': 8, 'D_layers': 3, 'D_layer_units_exponent_0': 10, 'D_layer_units_exponent_1': 7, 'D_layer_units_exponent_2': 9, 'D_dagger_layers': 2, 'D_dagger_layer_units_exponent_0': 9, 'D_dagger_layer_units_exponent_1': 6, 'log_learning_rate': -3.458878428475599, 'log_learning_rate_D': -4.55863993303936, 'log_learning_rate_D_dagger': -4.264640830536008, 'training_batch_size': 9, 'training_p': 2}
	 epoch  0 training error:  tensor(0.5043, device='cuda:0', grad_fn=<DivBackward0>)
Memory status after this epoch: 
Memory allocated:  507.60546875
Memory cached:  678.0
	 epoch  10 training error:  tensor(0.3620, device='cuda:0', grad_fn=<DivBackward0>)
Memory status after this epoch: 
Memory allocated:  507.60546875
Memory cached:  678.0
	 epoch  20 training error:  tensor(0.3209, device='cuda:0', grad_fn=<DivBackward0>)
Memory status after this epoch: 
Memory allocated:  507.60546875
Memory cached:  678.0
	 epoch  30 training error:  tensor(0.3010, device='cuda:0', grad_fn=<DivBackward0>)
Memory status after this epoch: 
Memory allocated:  507.60546875
Memory cached:  678.0
	 epoch  40 training error:  tensor(0.2946, device='cuda:0', grad_fn=<DivBackward0>)
Memory status after this epoch: 
Memory allocated:  507.60546875
Memory cached:  678.0
	 epoch  50 training error:  tensor(0.2940, device='cuda:0', grad_fn=<DivBackward0>)
Memory status after this epoch: 
Memory allocated:  507.60546875
Memory cached:  678.0
	 epoch  60 training error:  tensor(0.2927, device='cuda:0', grad_fn=<DivBackward0>)
Memory status after this epoch: 
Memory allocated:  507.60546875
Memory cached:  678.0
	 epoch  70 training error:  tensor(0.2891, device='cuda:0', grad_fn=<DivBackward0>)
Memory status after this epoch: 
Memory allocated:  507.60546875
Memory cached:  678.0
	 epoch  80 training error:  tensor(0.2903, device='cuda:0', grad_fn=<DivBackward0>)
Memory status after this epoch: 
Memory allocated:  507.60546875
Memory cached:  678.0
	 epoch  90 training error:  tensor(0.2904, device='cuda:0', grad_fn=<DivBackward0>)
Memory status after this epoch: 
Memory allocated:  507.60546875
Memory cached:  678.0
