[I 2023-12-03 07:33:35,772] Trial 42 finished with value: 0.10525782406330109 and parameters: {'W_layers': 5, 'W_layer_units_exponent_0': 9, 'W_layer_units_exponent_1': 4, 'W_layer_units_exponent_2': 7, 'W_layer_units_exponent_3': 7, 'W_layer_units_exponent_4': 6, 'D_layers': 5, 'D_layer_units_exponent_0': 7, 'D_layer_units_exponent_1': 10, 'D_layer_units_exponent_2': 4, 'D_layer_units_exponent_3': 7, 'D_layer_units_exponent_4': 8, 'D_dagger_layers': 5, 'D_dagger_layer_units_exponent_0': 5, 'D_dagger_layer_units_exponent_1': 5, 'D_dagger_layer_units_exponent_2': 6, 'D_dagger_layer_units_exponent_3': 4, 'D_dagger_layer_units_exponent_4': 8, 'log_learning_rate': -4.253851061348339, 'log_learning_rate_D': -2.3752035987384987, 'log_learning_rate_D_dagger': -2.652819712444283, 'training_batch_size': 6, 'training_p': 7}. Best is trial 16 with value: 0.016163093969225883.
Time for this trial:  343.12618255615234
Memory status after this trial: 
Memory allocated:  408.72607421875
Memory cached:  514.0
--------------------  Trial  43   --------------------
Start timing: 
Parameters: 
{'W_layers': 4, 'W_layer_units_exponent_0': 10, 'W_layer_units_exponent_1': 7, 'W_layer_units_exponent_2': 6, 'W_layer_units_exponent_3': 6, 'D_layers': 4, 'D_layer_units_exponent_0': 6, 'D_layer_units_exponent_1': 7, 'D_layer_units_exponent_2': 5, 'D_layer_units_exponent_3': 6, 'D_dagger_layers': 4, 'D_dagger_layer_units_exponent_0': 4, 'D_dagger_layer_units_exponent_1': 4, 'D_dagger_layer_units_exponent_2': 5, 'D_dagger_layer_units_exponent_3': 4, 'log_learning_rate': -4.70999972924286, 'log_learning_rate_D': -2.6213834082781395, 'log_learning_rate_D_dagger': -3.1354213836270795, 'training_batch_size': 7, 'training_p': 5}
	 epoch  0 training error:  tensor(1.0101, device='cuda:0', grad_fn=<DivBackward0>)
Memory status after this epoch: 
Memory allocated:  264.27197265625
Memory cached:  504.0
	 epoch  10 training error:  tensor(0.9305, device='cuda:0', grad_fn=<DivBackward0>)
Memory status after this epoch: 
Memory allocated:  264.27197265625
Memory cached:  520.0
	 epoch  20 training error:  tensor(0.8385, device='cuda:0', grad_fn=<DivBackward0>)
Memory status after this epoch: 
Memory allocated:  264.27197265625
Memory cached:  528.0
	 epoch  30 training error:  tensor(0.7220, device='cuda:0', grad_fn=<DivBackward0>)
Memory status after this epoch: 
Memory allocated:  264.27197265625
Memory cached:  524.0
	 epoch  40 training error:  tensor(0.5622, device='cuda:0', grad_fn=<DivBackward0>)
Memory status after this epoch: 
Memory allocated:  264.27197265625
Memory cached:  526.0
	 epoch  50 training error:  tensor(0.3398, device='cuda:0', grad_fn=<DivBackward0>)
Memory status after this epoch: 
Memory allocated:  264.27197265625
Memory cached:  526.0
	 epoch  60 training error:  tensor(0.1485, device='cuda:0', grad_fn=<DivBackward0>)
Memory status after this epoch: 
Memory allocated:  264.27197265625
Memory cached:  520.0
	 epoch  70 training error:  tensor(0.1451, device='cuda:0', grad_fn=<DivBackward0>)
Memory status after this epoch: 
Memory allocated:  264.27197265625
Memory cached:  530.0
	 epoch  80 training error:  tensor(0.1312, device='cuda:0', grad_fn=<DivBackward0>)
Memory status after this epoch: 
Memory allocated:  264.27197265625
Memory cached:  518.0
	 epoch  90 training error:  tensor(0.0943, device='cuda:0', grad_fn=<DivBackward0>)
Memory status after this epoch: 
Memory allocated:  264.27197265625
Memory cached:  528.0
[I 2023-12-03 07:36:17,982] Trial 43 finished with value: 0.05756378173828125 and parameters: {'W_layers': 4, 'W_layer_units_exponent_0': 10, 'W_layer_units_exponent_1': 7, 'W_layer_units_exponent_2': 6, 'W_layer_units_exponent_3': 6, 'D_layers': 4, 'D_layer_units_exponent_0': 6, 'D_layer_units_exponent_1': 7, 'D_layer_units_exponent_2': 5, 'D_layer_units_exponent_3': 6, 'D_dagger_layers': 4, 'D_dagger_layer_units_exponent_0': 4, 'D_dagger_layer_units_exponent_1': 4, 'D_dagger_layer_units_exponent_2': 5, 'D_dagger_layer_units_exponent_3': 4, 'log_learning_rate': -4.70999972924286, 'log_learning_rate_D': -2.6213834082781395, 'log_learning_rate_D_dagger': -3.1354213836270795, 'training_batch_size': 7, 'training_p': 5}. Best is trial 16 with value: 0.016163093969225883.
Time for this trial:  161.93702793121338
Memory status after this trial: 
Memory allocated:  350.57275390625
Memory cached:  518.0
--------------------  Trial  44   --------------------
Start timing: 
Parameters: 
{'W_layers': 6, 'W_layer_units_exponent_0': 9, 'W_layer_units_exponent_1': 8, 'W_layer_units_exponent_2': 7, 'W_layer_units_exponent_3': 8, 'W_layer_units_exponent_4': 8, 'W_layer_units_exponent_5': 5, 'D_layers': 6, 'D_layer_units_exponent_0': 8, 'D_layer_units_exponent_1': 9, 'D_layer_units_exponent_2': 6, 'D_layer_units_exponent_3': 4, 'D_layer_units_exponent_4': 5, 'D_layer_units_exponent_5': 8, 'D_dagger_layers': 5, 'D_dagger_layer_units_exponent_0': 4, 'D_dagger_layer_units_exponent_1': 5, 'D_dagger_layer_units_exponent_2': 7, 'D_dagger_layer_units_exponent_3': 5, 'D_dagger_layer_units_exponent_4': 7, 'log_learning_rate': -4.282304176590533, 'log_learning_rate_D': -3.0449037291724994, 'log_learning_rate_D_dagger': -2.3666900678897305, 'training_batch_size': 6, 'training_p': 7}
	 epoch  0 training error:  tensor(0.9928, device='cuda:0', grad_fn=<DivBackward0>)
Memory status after this epoch: 
Memory allocated:  268.86279296875
Memory cached:  516.0
	 epoch  10 training error:  tensor(0.2104, device='cuda:0', grad_fn=<DivBackward0>)
Memory status after this epoch: 
Memory allocated:  268.86279296875
Memory cached:  536.0
	 epoch  20 training error:  tensor(0.1533, device='cuda:0', grad_fn=<DivBackward0>)
Memory status after this epoch: 
Memory allocated:  268.86279296875
Memory cached:  536.0
	 epoch  30 training error:  tensor(0.1607, device='cuda:0', grad_fn=<DivBackward0>)
Memory status after this epoch: 
Memory allocated:  268.86279296875
Memory cached:  538.0
	 epoch  40 training error:  tensor(0.1558, device='cuda:0', grad_fn=<DivBackward0>)
Memory status after this epoch: 
Memory allocated:  268.86279296875
Memory cached:  536.0
	 epoch  50 training error:  tensor(0.1483, device='cuda:0', grad_fn=<DivBackward0>)
Memory status after this epoch: 
Memory allocated:  268.86279296875
Memory cached:  538.0
	 epoch  60 training error:  tensor(0.1392, device='cuda:0', grad_fn=<DivBackward0>)
Memory status after this epoch: 
Memory allocated:  268.86279296875
Memory cached:  538.0
	 epoch  70 training error:  tensor(0.0870, device='cuda:0', grad_fn=<DivBackward0>)
Memory status after this epoch: 
Memory allocated:  268.86279296875
Memory cached:  534.0
	 epoch  80 training error:  tensor(0.0512, device='cuda:0', grad_fn=<DivBackward0>)
Memory status after this epoch: 
Memory allocated:  268.86279296875
Memory cached:  534.0
	 epoch  90 training error:  tensor(0.0690, device='cuda:0', grad_fn=<DivBackward0>)
Memory status after this epoch: 
Memory allocated:  268.86279296875
Memory cached:  536.0
[I 2023-12-03 07:42:32,793] Trial 44 finished with value: 0.04464642331004143 and parameters: {'W_layers': 6, 'W_layer_units_exponent_0': 9, 'W_layer_units_exponent_1': 8, 'W_layer_units_exponent_2': 7, 'W_layer_units_exponent_3': 8, 'W_layer_units_exponent_4': 8, 'W_layer_units_exponent_5': 5, 'D_layers': 6, 'D_layer_units_exponent_0': 8, 'D_layer_units_exponent_1': 9, 'D_layer_units_exponent_2': 6, 'D_layer_units_exponent_3': 4, 'D_layer_units_exponent_4': 5, 'D_layer_units_exponent_5': 8, 'D_dagger_layers': 5, 'D_dagger_layer_units_exponent_0': 4, 'D_dagger_layer_units_exponent_1': 5, 'D_dagger_layer_units_exponent_2': 7, 'D_dagger_layer_units_exponent_3': 5, 'D_dagger_layer_units_exponent_4': 7, 'log_learning_rate': -4.282304176590533, 'log_learning_rate_D': -3.0449037291724994, 'log_learning_rate_D_dagger': -2.3666900678897305, 'training_batch_size': 6, 'training_p': 7}. Best is trial 16 with value: 0.016163093969225883.
Time for this trial:  374.4975380897522
Memory status after this trial: 
Memory allocated:  417.748046875
Memory cached:  528.0
--------------------  Trial  45   --------------------
Start timing: 
Parameters: 
{'W_layers': 5, 'W_layer_units_exponent_0': 10, 'W_layer_units_exponent_1': 6, 'W_layer_units_exponent_2': 4, 'W_layer_units_exponent_3': 9, 'W_layer_units_exponent_4': 10, 'D_layers': 5, 'D_layer_units_exponent_0': 5, 'D_layer_units_exponent_1': 8, 'D_layer_units_exponent_2': 5, 'D_layer_units_exponent_3': 6, 'D_layer_units_exponent_4': 7, 'D_dagger_layers': 5, 'D_dagger_layer_units_exponent_0': 5, 'D_dagger_layer_units_exponent_1': 6, 'D_dagger_layer_units_exponent_2': 4, 'D_dagger_layer_units_exponent_3': 4, 'D_dagger_layer_units_exponent_4': 6, 'log_learning_rate': -4.8257626180656565, 'log_learning_rate_D': -2.1968617648487703, 'log_learning_rate_D_dagger': -3.8047290619849945, 'training_batch_size': 9, 'training_p': 6}
	 epoch  0 training error:  tensor(1.0030, device='cuda:0', grad_fn=<DivBackward0>)
Memory status after this epoch: 
Memory allocated:  271.50048828125
Memory cached:  508.0
	 epoch  10 training error:  tensor(0.9454, device='cuda:0', grad_fn=<DivBackward0>)
Memory status after this epoch: 
Memory allocated:  271.50048828125
Memory cached:  518.0
	 epoch  20 training error:  tensor(0.8653, device='cuda:0', grad_fn=<DivBackward0>)
Memory status after this epoch: 
Memory allocated:  271.50048828125
Memory cached:  530.0
	 epoch  30 training error:  tensor(0.7440, device='cuda:0', grad_fn=<DivBackward0>)
Memory status after this epoch: 
Memory allocated:  271.50048828125
Memory cached:  522.0
	 epoch  40 training error:  tensor(0.5674, device='cuda:0', grad_fn=<DivBackward0>)
Memory status after this epoch: 
Memory allocated:  271.50048828125
Memory cached:  518.0
	 epoch  50 training error:  tensor(0.3418, device='cuda:0', grad_fn=<DivBackward0>)
Memory status after this epoch: 
Memory allocated:  271.50048828125
Memory cached:  516.0
	 epoch  60 training error:  tensor(0.1970, device='cuda:0', grad_fn=<DivBackward0>)
Memory status after this epoch: 
Memory allocated:  271.50048828125
Memory cached:  520.0
	 epoch  70 training error:  tensor(0.2019, device='cuda:0', grad_fn=<DivBackward0>)
Memory status after this epoch: 
Memory allocated:  271.50048828125
Memory cached:  520.0
	 epoch  80 training error:  tensor(0.1994, device='cuda:0', grad_fn=<DivBackward0>)
Memory status after this epoch: 
Memory allocated:  271.50048828125
Memory cached:  520.0
	 epoch  90 training error:  tensor(0.1971, device='cuda:0', grad_fn=<DivBackward0>)
Memory status after this epoch: 
Memory allocated:  271.50048828125
Memory cached:  524.0
[I 2023-12-03 07:45:51,319] Trial 45 finished with value: 0.11650592088699341 and parameters: {'W_layers': 5, 'W_layer_units_exponent_0': 10, 'W_layer_units_exponent_1': 6, 'W_layer_units_exponent_2': 4, 'W_layer_units_exponent_3': 9, 'W_layer_units_exponent_4': 10, 'D_layers': 5, 'D_layer_units_exponent_0': 5, 'D_layer_units_exponent_1': 8, 'D_layer_units_exponent_2': 5, 'D_layer_units_exponent_3': 6, 'D_layer_units_exponent_4': 7, 'D_dagger_layers': 5, 'D_dagger_layer_units_exponent_0': 5, 'D_dagger_layer_units_exponent_1': 6, 'D_dagger_layer_units_exponent_2': 4, 'D_dagger_layer_units_exponent_3': 4, 'D_dagger_layer_units_exponent_4': 6, 'log_learning_rate': -4.8257626180656565, 'log_learning_rate_D': -2.1968617648487703, 'log_learning_rate_D_dagger': -3.8047290619849945, 'training_batch_size': 9, 'training_p': 6}. Best is trial 16 with value: 0.016163093969225883.
Time for this trial:  198.219242811203
Memory status after this trial: 
Memory allocated:  436.494140625
Memory cached:  514.0
--------------------  Trial  46   --------------------
Start timing: 
Parameters: 
{'W_layers': 6, 'W_layer_units_exponent_0': 5, 'W_layer_units_exponent_1': 5, 'W_layer_units_exponent_2': 8, 'W_layer_units_exponent_3': 7, 'W_layer_units_exponent_4': 9, 'W_layer_units_exponent_5': 9, 'D_layers': 4, 'D_layer_units_exponent_0': 8, 'D_layer_units_exponent_1': 6, 'D_layer_units_exponent_2': 7, 'D_layer_units_exponent_3': 5, 'D_dagger_layers': 3, 'D_dagger_layer_units_exponent_0': 4, 'D_dagger_layer_units_exponent_1': 8, 'D_dagger_layer_units_exponent_2': 6, 'log_learning_rate': -4.538736880309291, 'log_learning_rate_D': -3.4827049641634655, 'log_learning_rate_D_dagger': -3.0025676585304892, 'training_batch_size': 7, 'training_p': 6}
	 epoch  0 training error:  tensor(0.9897, device='cuda:0', grad_fn=<DivBackward0>)
Memory status after this epoch: 
Memory allocated:  268.24658203125
Memory cached:  506.0
	 epoch  10 training error:  tensor(0.4194, device='cuda:0', grad_fn=<DivBackward0>)
Memory status after this epoch: 
Memory allocated:  268.24658203125
Memory cached:  526.0
	 epoch  20 training error:  tensor(0.2499, device='cuda:0', grad_fn=<DivBackward0>)
Memory status after this epoch: 
Memory allocated:  268.24658203125
Memory cached:  524.0
	 epoch  30 training error:  tensor(0.1670, device='cuda:0', grad_fn=<DivBackward0>)
Memory status after this epoch: 
Memory allocated:  268.24658203125
Memory cached:  524.0
	 epoch  40 training error:  tensor(0.1497, device='cuda:0', grad_fn=<DivBackward0>)
Memory status after this epoch: 
Memory allocated:  268.24658203125
Memory cached:  522.0
	 epoch  50 training error:  tensor(0.1410, device='cuda:0', grad_fn=<DivBackward0>)
Memory status after this epoch: 
Memory allocated:  268.24658203125
Memory cached:  522.0
	 epoch  60 training error:  tensor(0.1415, device='cuda:0', grad_fn=<DivBackward0>)
Memory status after this epoch: 
Memory allocated:  268.24658203125
Memory cached:  532.0
	 epoch  70 training error:  tensor(0.1404, device='cuda:0', grad_fn=<DivBackward0>)
Memory status after this epoch: 
Memory allocated:  268.24658203125
Memory cached:  522.0
	 epoch  80 training error:  tensor(0.1398, device='cuda:0', grad_fn=<DivBackward0>)
Memory status after this epoch: 
Memory allocated:  268.24658203125
Memory cached:  526.0
	 epoch  90 training error:  tensor(0.1395, device='cuda:0', grad_fn=<DivBackward0>)
Memory status after this epoch: 
Memory allocated:  268.24658203125
Memory cached:  524.0
[I 2023-12-03 07:48:47,792] Trial 46 finished with value: 0.1138482466340065 and parameters: {'W_layers': 6, 'W_layer_units_exponent_0': 5, 'W_layer_units_exponent_1': 5, 'W_layer_units_exponent_2': 8, 'W_layer_units_exponent_3': 7, 'W_layer_units_exponent_4': 9, 'W_layer_units_exponent_5': 9, 'D_layers': 4, 'D_layer_units_exponent_0': 8, 'D_layer_units_exponent_1': 6, 'D_layer_units_exponent_2': 7, 'D_layer_units_exponent_3': 5, 'D_dagger_layers': 3, 'D_dagger_layer_units_exponent_0': 4, 'D_dagger_layer_units_exponent_1': 8, 'D_dagger_layer_units_exponent_2': 6, 'log_learning_rate': -4.538736880309291, 'log_learning_rate_D': -3.4827049641634655, 'log_learning_rate_D_dagger': -3.0025676585304892, 'training_batch_size': 7, 'training_p': 6}. Best is trial 16 with value: 0.016163093969225883.
Time for this trial:  176.20995831489563
Memory status after this trial: 
Memory allocated:  382.77734375
Memory cached:  520.0
--------------------  Trial  47   --------------------
Start timing: 
Parameters: 
{'W_layers': 4, 'W_layer_units_exponent_0': 9, 'W_layer_units_exponent_1': 9, 'W_layer_units_exponent_2': 8, 'W_layer_units_exponent_3': 6, 'D_layers': 3, 'D_layer_units_exponent_0': 6, 'D_layer_units_exponent_1': 4, 'D_layer_units_exponent_2': 4, 'D_dagger_layers': 7, 'D_dagger_layer_units_exponent_0': 6, 'D_dagger_layer_units_exponent_1': 6, 'D_dagger_layer_units_exponent_2': 10, 'D_dagger_layer_units_exponent_3': 5, 'D_dagger_layer_units_exponent_4': 9, 'D_dagger_layer_units_exponent_5': 10, 'D_dagger_layer_units_exponent_6': 8, 'log_learning_rate': -3.9720141033960212, 'log_learning_rate_D': -2.8627586090168613, 'log_learning_rate_D_dagger': -3.677855896939933, 'training_batch_size': 8, 'training_p': 7}
	 epoch  0 training error:  tensor(0.9850, device='cuda:0', grad_fn=<DivBackward0>)
Memory status after this epoch: 
Memory allocated:  281.96533203125
Memory cached:  508.0
	 epoch  10 training error:  tensor(0.3541, device='cuda:0', grad_fn=<DivBackward0>)
Memory status after this epoch: 
Memory allocated:  281.96533203125
Memory cached:  554.0
	 epoch  20 training error:  tensor(0.2201, device='cuda:0', grad_fn=<DivBackward0>)
Memory status after this epoch: 
Memory allocated:  281.96533203125
Memory cached:  548.0
	 epoch  30 training error:  tensor(0.1756, device='cuda:0', grad_fn=<DivBackward0>)
Memory status after this epoch: 
Memory allocated:  281.96533203125
Memory cached:  552.0
	 epoch  40 training error:  tensor(0.1515, device='cuda:0', grad_fn=<DivBackward0>)
Memory status after this epoch: 
Memory allocated:  281.96533203125
Memory cached:  538.0
	 epoch  50 training error:  tensor(0.1449, device='cuda:0', grad_fn=<DivBackward0>)
Memory status after this epoch: 
Memory allocated:  281.96533203125
Memory cached:  546.0
	 epoch  60 training error:  tensor(0.1463, device='cuda:0', grad_fn=<DivBackward0>)
Memory status after this epoch: 
Memory allocated:  281.96533203125
Memory cached:  554.0
	 epoch  70 training error:  tensor(0.1444, device='cuda:0', grad_fn=<DivBackward0>)
Memory status after this epoch: 
Memory allocated:  281.96533203125
Memory cached:  540.0
	 epoch  80 training error:  tensor(0.1440, device='cuda:0', grad_fn=<DivBackward0>)
Memory status after this epoch: 
Memory allocated:  281.96533203125
Memory cached:  552.0
	 epoch  90 training error:  tensor(0.1438, device='cuda:0', grad_fn=<DivBackward0>)
Memory status after this epoch: 
Memory allocated:  281.96533203125
Memory cached:  558.0
[I 2023-12-03 07:52:05,182] Trial 47 finished with value: 0.11580213159322739 and parameters: {'W_layers': 4, 'W_layer_units_exponent_0': 9, 'W_layer_units_exponent_1': 9, 'W_layer_units_exponent_2': 8, 'W_layer_units_exponent_3': 6, 'D_layers': 3, 'D_layer_units_exponent_0': 6, 'D_layer_units_exponent_1': 4, 'D_layer_units_exponent_2': 4, 'D_dagger_layers': 7, 'D_dagger_layer_units_exponent_0': 6, 'D_dagger_layer_units_exponent_1': 6, 'D_dagger_layer_units_exponent_2': 10, 'D_dagger_layer_units_exponent_3': 5, 'D_dagger_layer_units_exponent_4': 9, 'D_dagger_layer_units_exponent_5': 10, 'D_dagger_layer_units_exponent_6': 8, 'log_learning_rate': -3.9720141033960212, 'log_learning_rate_D': -2.8627586090168613, 'log_learning_rate_D_dagger': -3.677855896939933, 'training_batch_size': 8, 'training_p': 7}. Best is trial 16 with value: 0.016163093969225883.
Time for this trial:  197.11145424842834
Memory status after this trial: 
Memory allocated:  505.70654296875
Memory cached:  530.0
--------------------  Trial  48   --------------------
Start timing: 
Parameters: 
{'W_layers': 5, 'W_layer_units_exponent_0': 10, 'W_layer_units_exponent_1': 8, 'W_layer_units_exponent_2': 6, 'W_layer_units_exponent_3': 4, 'W_layer_units_exponent_4': 8, 'D_layers': 5, 'D_layer_units_exponent_0': 4, 'D_layer_units_exponent_1': 10, 'D_layer_units_exponent_2': 6, 'D_layer_units_exponent_3': 7, 'D_layer_units_exponent_4': 8, 'D_dagger_layers': 7, 'D_dagger_layer_units_exponent_0': 5, 'D_dagger_layer_units_exponent_1': 7, 'D_dagger_layer_units_exponent_2': 7, 'D_dagger_layer_units_exponent_3': 4, 'D_dagger_layer_units_exponent_4': 5, 'D_dagger_layer_units_exponent_5': 8, 'D_dagger_layer_units_exponent_6': 10, 'log_learning_rate': -4.356083777548173, 'log_learning_rate_D': -3.321989440757865, 'log_learning_rate_D_dagger': -3.3336121812012327, 'training_batch_size': 6, 'training_p': 5}
	 epoch  0 training error:  tensor(1.0031, device='cuda:0', grad_fn=<DivBackward0>)
Memory status after this epoch: 
Memory allocated:  272.61279296875
Memory cached:  514.0
	 epoch  10 training error:  tensor(0.2151, device='cuda:0', grad_fn=<DivBackward0>)
Memory status after this epoch: 
Memory allocated:  272.61279296875
Memory cached:  544.0
	 epoch  20 training error:  tensor(0.1373, device='cuda:0', grad_fn=<DivBackward0>)
Memory status after this epoch: 
Memory allocated:  272.61279296875
Memory cached:  546.0
	 epoch  30 training error:  tensor(0.1358, device='cuda:0', grad_fn=<DivBackward0>)
Memory status after this epoch: 
Memory allocated:  272.61279296875
Memory cached:  544.0
	 epoch  40 training error:  tensor(0.1336, device='cuda:0', grad_fn=<DivBackward0>)
Memory status after this epoch: 
Memory allocated:  272.61279296875
Memory cached:  548.0
	 epoch  50 training error:  tensor(0.1331, device='cuda:0', grad_fn=<DivBackward0>)
Memory status after this epoch: 
Memory allocated:  272.61279296875
Memory cached:  540.0
	 epoch  60 training error:  tensor(0.1320, device='cuda:0', grad_fn=<DivBackward0>)
Memory status after this epoch: 
Memory allocated:  272.61279296875
Memory cached:  546.0
	 epoch  70 training error:  tensor(0.1277, device='cuda:0', grad_fn=<DivBackward0>)
Memory status after this epoch: 
Memory allocated:  272.61279296875
Memory cached:  534.0
	 epoch  80 training error:  tensor(0.1001, device='cuda:0', grad_fn=<DivBackward0>)
Memory status after this epoch: 
Memory allocated:  272.61279296875
Memory cached:  552.0
	 epoch  90 training error:  tensor(0.0559, device='cuda:0', grad_fn=<DivBackward0>)
Memory status after this epoch: 
Memory allocated:  272.61279296875
Memory cached:  548.0
