[I 2023-12-02 22:54:50,750] Trial 5 finished with value: 0.10005249828100204 and parameters: {'W_layers': 3, 'W_layer_units_exponent_0': 7, 'W_layer_units_exponent_1': 8, 'W_layer_units_exponent_2': 7, 'D_layers': 6, 'D_layer_units_exponent_0': 5, 'D_layer_units_exponent_1': 9, 'D_layer_units_exponent_2': 7, 'D_layer_units_exponent_3': 5, 'D_layer_units_exponent_4': 9, 'D_layer_units_exponent_5': 9, 'D_dagger_layers': 5, 'D_dagger_layer_units_exponent_0': 4, 'D_dagger_layer_units_exponent_1': 9, 'D_dagger_layer_units_exponent_2': 4, 'D_dagger_layer_units_exponent_3': 10, 'D_dagger_layer_units_exponent_4': 6, 'log_learning_rate': -4.548104315401961, 'log_learning_rate_D': -4.558174847047082, 'log_learning_rate_D_dagger': -1.7865923068204892, 'training_batch_size': 12, 'training_p': 3}. Best is trial 2 with value: 0.09976031631231308.
Time for this trial:  16.11271619796753
Memory status after this trial: 
Memory allocated:  362.18994140625
Memory cached:  368.0
--------------------  Trial  6   --------------------
Start timing: 
Parameters: 
{'W_layers': 6, 'W_layer_units_exponent_0': 5, 'W_layer_units_exponent_1': 9, 'W_layer_units_exponent_2': 4, 'W_layer_units_exponent_3': 5, 'W_layer_units_exponent_4': 6, 'W_layer_units_exponent_5': 10, 'D_layers': 2, 'D_layer_units_exponent_0': 8, 'D_layer_units_exponent_1': 7, 'D_dagger_layers': 3, 'D_dagger_layer_units_exponent_0': 4, 'D_dagger_layer_units_exponent_1': 4, 'D_dagger_layer_units_exponent_2': 9, 'log_learning_rate': -2.128048984217111, 'log_learning_rate_D': -1.2062339911931153, 'log_learning_rate_D_dagger': -2.3838144620601276, 'training_batch_size': 12, 'training_p': 4}
	 epoch  0 training error:  tensor(1.0465, device='cuda:0', grad_fn=<DivBackward0>)
Memory status after this epoch: 
Memory allocated:  246.705078125
Memory cached:  308.0
	 epoch  10 training error:  tensor(0.1643, device='cuda:0', grad_fn=<DivBackward0>)
Memory status after this epoch: 
Memory allocated:  246.705078125
Memory cached:  308.0
	 epoch  20 training error:  tensor(0.1673, device='cuda:0', grad_fn=<DivBackward0>)
Memory status after this epoch: 
Memory allocated:  246.705078125
Memory cached:  308.0
	 epoch  30 training error:  tensor(0.1441, device='cuda:0', grad_fn=<DivBackward0>)
Memory status after this epoch: 
Memory allocated:  246.705078125
Memory cached:  308.0
	 epoch  40 training error:  tensor(0.1297, device='cuda:0', grad_fn=<DivBackward0>)
Memory status after this epoch: 
Memory allocated:  246.705078125
Memory cached:  308.0
	 epoch  50 training error:  tensor(0.1314, device='cuda:0', grad_fn=<DivBackward0>)
Memory status after this epoch: 
Memory allocated:  246.705078125
Memory cached:  308.0
	 epoch  60 training error:  tensor(0.1296, device='cuda:0', grad_fn=<DivBackward0>)
Memory status after this epoch: 
Memory allocated:  246.705078125
Memory cached:  308.0
	 epoch  70 training error:  tensor(0.1292, device='cuda:0', grad_fn=<DivBackward0>)
Memory status after this epoch: 
Memory allocated:  246.705078125
Memory cached:  308.0
	 epoch  80 training error:  tensor(0.1292, device='cuda:0', grad_fn=<DivBackward0>)
Memory status after this epoch: 
Memory allocated:  246.705078125
Memory cached:  308.0
	 epoch  90 training error:  tensor(0.1292, device='cuda:0', grad_fn=<DivBackward0>)
Memory status after this epoch: 
Memory allocated:  246.705078125
Memory cached:  308.0
[I 2023-12-02 22:55:07,149] Trial 6 finished with value: 0.10620236396789551 and parameters: {'W_layers': 6, 'W_layer_units_exponent_0': 5, 'W_layer_units_exponent_1': 9, 'W_layer_units_exponent_2': 4, 'W_layer_units_exponent_3': 5, 'W_layer_units_exponent_4': 6, 'W_layer_units_exponent_5': 10, 'D_layers': 2, 'D_layer_units_exponent_0': 8, 'D_layer_units_exponent_1': 7, 'D_dagger_layers': 3, 'D_dagger_layer_units_exponent_0': 4, 'D_dagger_layer_units_exponent_1': 4, 'D_dagger_layer_units_exponent_2': 9, 'log_learning_rate': -2.128048984217111, 'log_learning_rate_D': -1.2062339911931153, 'log_learning_rate_D_dagger': -2.3838144620601276, 'training_batch_size': 12, 'training_p': 4}. Best is trial 2 with value: 0.09976031631231308.
Time for this trial:  16.287281274795532
Memory status after this trial: 
Memory allocated:  355.46142578125
Memory cached:  406.0
--------------------  Trial  7   --------------------
Start timing: 
Parameters: 
{'W_layers': 7, 'W_layer_units_exponent_0': 7, 'W_layer_units_exponent_1': 6, 'W_layer_units_exponent_2': 5, 'W_layer_units_exponent_3': 6, 'W_layer_units_exponent_4': 9, 'W_layer_units_exponent_5': 10, 'W_layer_units_exponent_6': 4, 'D_layers': 6, 'D_layer_units_exponent_0': 8, 'D_layer_units_exponent_1': 8, 'D_layer_units_exponent_2': 8, 'D_layer_units_exponent_3': 8, 'D_layer_units_exponent_4': 5, 'D_layer_units_exponent_5': 10, 'D_dagger_layers': 7, 'D_dagger_layer_units_exponent_0': 4, 'D_dagger_layer_units_exponent_1': 9, 'D_dagger_layer_units_exponent_2': 7, 'D_dagger_layer_units_exponent_3': 4, 'D_dagger_layer_units_exponent_4': 6, 'D_dagger_layer_units_exponent_5': 4, 'D_dagger_layer_units_exponent_6': 5, 'log_learning_rate': -2.6409524314583175, 'log_learning_rate_D': -1.254642474367135, 'log_learning_rate_D_dagger': -2.3342382498056713, 'training_batch_size': 7, 'training_p': 5}
	 epoch  0 training error:  tensor(0.9952, device='cuda:0', grad_fn=<DivBackward0>)
Memory status after this epoch: 
Memory allocated:  256.49853515625
Memory cached:  326.0
	 epoch  10 training error:  tensor(0.1527, device='cuda:0', grad_fn=<DivBackward0>)
Memory status after this epoch: 
Memory allocated:  256.49853515625
Memory cached:  326.0
	 epoch  20 training error:  tensor(0.1843, device='cuda:0', grad_fn=<DivBackward0>)
Memory status after this epoch: 
Memory allocated:  256.49853515625
Memory cached:  326.0
	 epoch  30 training error:  tensor(0.1502, device='cuda:0', grad_fn=<DivBackward0>)
Memory status after this epoch: 
Memory allocated:  256.49853515625
Memory cached:  326.0
	 epoch  40 training error:  tensor(0.1419, device='cuda:0', grad_fn=<DivBackward0>)
Memory status after this epoch: 
Memory allocated:  256.49853515625
Memory cached:  326.0
	 epoch  50 training error:  tensor(0.1572, device='cuda:0', grad_fn=<DivBackward0>)
Memory status after this epoch: 
Memory allocated:  256.49853515625
Memory cached:  326.0
	 epoch  60 training error:  tensor(0.1523, device='cuda:0', grad_fn=<DivBackward0>)
Memory status after this epoch: 
Memory allocated:  256.49853515625
Memory cached:  326.0
	 epoch  70 training error:  tensor(0.1507, device='cuda:0', grad_fn=<DivBackward0>)
Memory status after this epoch: 
Memory allocated:  256.49853515625
Memory cached:  326.0
	 epoch  80 training error:  tensor(0.1506, device='cuda:0', grad_fn=<DivBackward0>)
Memory status after this epoch: 
Memory allocated:  256.49853515625
Memory cached:  326.0
	 epoch  90 training error:  tensor(0.1547, device='cuda:0', grad_fn=<DivBackward0>)
Memory status after this epoch: 
Memory allocated:  256.49853515625
Memory cached:  326.0
[I 2023-12-02 22:55:24,791] Trial 7 finished with value: 0.1212189719080925 and parameters: {'W_layers': 7, 'W_layer_units_exponent_0': 7, 'W_layer_units_exponent_1': 6, 'W_layer_units_exponent_2': 5, 'W_layer_units_exponent_3': 6, 'W_layer_units_exponent_4': 9, 'W_layer_units_exponent_5': 10, 'W_layer_units_exponent_6': 4, 'D_layers': 6, 'D_layer_units_exponent_0': 8, 'D_layer_units_exponent_1': 8, 'D_layer_units_exponent_2': 8, 'D_layer_units_exponent_3': 8, 'D_layer_units_exponent_4': 5, 'D_layer_units_exponent_5': 10, 'D_dagger_layers': 7, 'D_dagger_layer_units_exponent_0': 4, 'D_dagger_layer_units_exponent_1': 9, 'D_dagger_layer_units_exponent_2': 7, 'D_dagger_layer_units_exponent_3': 4, 'D_dagger_layer_units_exponent_4': 6, 'D_dagger_layer_units_exponent_5': 4, 'D_dagger_layer_units_exponent_6': 5, 'log_learning_rate': -2.6409524314583175, 'log_learning_rate_D': -1.254642474367135, 'log_learning_rate_D_dagger': -2.3342382498056713, 'training_batch_size': 7, 'training_p': 5}. Best is trial 2 with value: 0.09976031631231308.
Time for this trial:  17.536259412765503
Memory status after this trial: 
Memory allocated:  392.51318359375
Memory cached:  412.0
--------------------  Trial  8   --------------------
Start timing: 
Parameters: 
{'W_layers': 7, 'W_layer_units_exponent_0': 9, 'W_layer_units_exponent_1': 5, 'W_layer_units_exponent_2': 4, 'W_layer_units_exponent_3': 6, 'W_layer_units_exponent_4': 5, 'W_layer_units_exponent_5': 10, 'W_layer_units_exponent_6': 9, 'D_layers': 4, 'D_layer_units_exponent_0': 5, 'D_layer_units_exponent_1': 5, 'D_layer_units_exponent_2': 8, 'D_layer_units_exponent_3': 4, 'D_dagger_layers': 2, 'D_dagger_layer_units_exponent_0': 4, 'D_dagger_layer_units_exponent_1': 5, 'log_learning_rate': -2.7168326811695174, 'log_learning_rate_D': -1.2623537198850596, 'log_learning_rate_D_dagger': -4.977055903080005, 'training_batch_size': 7, 'training_p': 8}
	 epoch  0 training error:  tensor(1.0214, device='cuda:0', grad_fn=<DivBackward0>)
Memory status after this epoch: 
Memory allocated:  254.3154296875
Memory cached:  306.0
	 epoch  10 training error:  tensor(0.3540, device='cuda:0', grad_fn=<DivBackward0>)
Memory status after this epoch: 
Memory allocated:  254.3154296875
Memory cached:  308.0
	 epoch  20 training error:  tensor(0.4166, device='cuda:0', grad_fn=<DivBackward0>)
Memory status after this epoch: 
Memory allocated:  254.3154296875
Memory cached:  308.0
	 epoch  30 training error:  tensor(0.2466, device='cuda:0', grad_fn=<DivBackward0>)
Memory status after this epoch: 
Memory allocated:  254.3154296875
Memory cached:  308.0
	 epoch  40 training error:  tensor(0.2122, device='cuda:0', grad_fn=<DivBackward0>)
Memory status after this epoch: 
Memory allocated:  254.3154296875
Memory cached:  308.0
	 epoch  50 training error:  tensor(0.2137, device='cuda:0', grad_fn=<DivBackward0>)
Memory status after this epoch: 
Memory allocated:  254.3154296875
Memory cached:  308.0
	 epoch  60 training error:  tensor(0.2126, device='cuda:0', grad_fn=<DivBackward0>)
Memory status after this epoch: 
Memory allocated:  254.3154296875
Memory cached:  308.0
	 epoch  70 training error:  tensor(0.2151, device='cuda:0', grad_fn=<DivBackward0>)
Memory status after this epoch: 
Memory allocated:  254.3154296875
Memory cached:  308.0
	 epoch  80 training error:  tensor(0.2148, device='cuda:0', grad_fn=<DivBackward0>)
Memory status after this epoch: 
Memory allocated:  254.3154296875
Memory cached:  308.0
	 epoch  90 training error:  tensor(0.2172, device='cuda:0', grad_fn=<DivBackward0>)
Memory status after this epoch: 
Memory allocated:  254.3154296875
Memory cached:  308.0
[I 2023-12-02 22:55:41,175] Trial 8 finished with value: 0.11141067743301392 and parameters: {'W_layers': 7, 'W_layer_units_exponent_0': 9, 'W_layer_units_exponent_1': 5, 'W_layer_units_exponent_2': 4, 'W_layer_units_exponent_3': 6, 'W_layer_units_exponent_4': 5, 'W_layer_units_exponent_5': 10, 'W_layer_units_exponent_6': 9, 'D_layers': 4, 'D_layer_units_exponent_0': 5, 'D_layer_units_exponent_1': 5, 'D_layer_units_exponent_2': 8, 'D_layer_units_exponent_3': 4, 'D_dagger_layers': 2, 'D_dagger_layer_units_exponent_0': 4, 'D_dagger_layer_units_exponent_1': 5, 'log_learning_rate': -2.7168326811695174, 'log_learning_rate_D': -1.2623537198850596, 'log_learning_rate_D_dagger': -4.977055903080005, 'training_batch_size': 7, 'training_p': 8}. Best is trial 2 with value: 0.09976031631231308.
Time for this trial:  16.280827045440674
Memory status after this trial: 
Memory allocated:  368.03076171875
Memory cached:  404.0
--------------------  Trial  9   --------------------
Start timing: 
Parameters: 
{'W_layers': 3, 'W_layer_units_exponent_0': 6, 'W_layer_units_exponent_1': 5, 'W_layer_units_exponent_2': 9, 'D_layers': 5, 'D_layer_units_exponent_0': 6, 'D_layer_units_exponent_1': 6, 'D_layer_units_exponent_2': 9, 'D_layer_units_exponent_3': 5, 'D_layer_units_exponent_4': 6, 'D_dagger_layers': 4, 'D_dagger_layer_units_exponent_0': 8, 'D_dagger_layer_units_exponent_1': 8, 'D_dagger_layer_units_exponent_2': 4, 'D_dagger_layer_units_exponent_3': 9, 'log_learning_rate': -1.7950126988639044, 'log_learning_rate_D': -2.2361189761392453, 'log_learning_rate_D_dagger': -1.7111167263250615, 'training_batch_size': 12, 'training_p': 2}
	 epoch  0 training error:  tensor(0.9916, device='cuda:0', grad_fn=<DivBackward0>)
Memory status after this epoch: 
Memory allocated:  246.69970703125
Memory cached:  304.0
	 epoch  10 training error:  tensor(1.2744, device='cuda:0', grad_fn=<DivBackward0>)
Memory status after this epoch: 
Memory allocated:  246.69970703125
Memory cached:  304.0
	 epoch  20 training error:  tensor(0.1603, device='cuda:0', grad_fn=<DivBackward0>)
Memory status after this epoch: 
Memory allocated:  246.69970703125
Memory cached:  304.0
	 epoch  30 training error:  tensor(0.3412, device='cuda:0', grad_fn=<DivBackward0>)
Memory status after this epoch: 
Memory allocated:  246.69970703125
Memory cached:  304.0
	 epoch  40 training error:  tensor(0.2327, device='cuda:0', grad_fn=<DivBackward0>)
Memory status after this epoch: 
Memory allocated:  246.69970703125
Memory cached:  304.0
	 epoch  50 training error:  tensor(0.1151, device='cuda:0', grad_fn=<DivBackward0>)
Memory status after this epoch: 
Memory allocated:  246.69970703125
Memory cached:  304.0
	 epoch  60 training error:  tensor(0.1169, device='cuda:0', grad_fn=<DivBackward0>)
Memory status after this epoch: 
Memory allocated:  246.69970703125
Memory cached:  304.0
	 epoch  70 training error:  tensor(0.1073, device='cuda:0', grad_fn=<DivBackward0>)
Memory status after this epoch: 
Memory allocated:  246.69970703125
Memory cached:  304.0
	 epoch  80 training error:  tensor(0.0987, device='cuda:0', grad_fn=<DivBackward0>)
Memory status after this epoch: 
Memory allocated:  246.69970703125
Memory cached:  304.0
	 epoch  90 training error:  tensor(0.0942, device='cuda:0', grad_fn=<DivBackward0>)
Memory status after this epoch: 
Memory allocated:  246.69970703125
Memory cached:  304.0
[I 2023-12-02 22:55:55,856] Trial 9 finished with value: 0.09886696189641953 and parameters: {'W_layers': 3, 'W_layer_units_exponent_0': 6, 'W_layer_units_exponent_1': 5, 'W_layer_units_exponent_2': 9, 'D_layers': 5, 'D_layer_units_exponent_0': 6, 'D_layer_units_exponent_1': 6, 'D_layer_units_exponent_2': 9, 'D_layer_units_exponent_3': 5, 'D_layer_units_exponent_4': 6, 'D_dagger_layers': 4, 'D_dagger_layer_units_exponent_0': 8, 'D_dagger_layer_units_exponent_1': 8, 'D_dagger_layer_units_exponent_2': 4, 'D_dagger_layer_units_exponent_3': 9, 'log_learning_rate': -1.7950126988639044, 'log_learning_rate_D': -2.2361189761392453, 'log_learning_rate_D_dagger': -1.7111167263250615, 'training_batch_size': 12, 'training_p': 2}. Best is trial 9 with value: 0.09886696189641953.
res:  tensor(0.0989, device='cuda:0', grad_fn=<DivBackward0>)
self.bestValue:  tensor(0.0998, device='cuda:0', grad_fn=<DivBackward0>)
Save this model!
Time for this trial:  14.575759172439575
Memory status after this trial: 
Memory allocated:  83.5625
Memory cached:  166.0
--------------------  Trial  10   --------------------
Start timing: 
Parameters: 
{'W_layers': 4, 'W_layer_units_exponent_0': 5, 'W_layer_units_exponent_1': 4, 'W_layer_units_exponent_2': 10, 'W_layer_units_exponent_3': 10, 'D_layers': 4, 'D_layer_units_exponent_0': 4, 'D_layer_units_exponent_1': 7, 'D_layer_units_exponent_2': 10, 'D_layer_units_exponent_3': 6, 'D_dagger_layers': 4, 'D_dagger_layer_units_exponent_0': 6, 'D_dagger_layer_units_exponent_1': 10, 'D_dagger_layer_units_exponent_2': 8, 'D_dagger_layer_units_exponent_3': 8, 'log_learning_rate': -1.0580804039822533, 'log_learning_rate_D': -2.820918466438357, 'log_learning_rate_D_dagger': -1.0602985111076915, 'training_batch_size': 10, 'training_p': 2}
	 epoch  0 training error:  tensor(1.0383, device='cuda:0', grad_fn=<DivBackward0>)
Memory status after this epoch: 
Memory allocated:  106.7939453125
Memory cached:  164.0
	 epoch  10 training error:  tensor(39.9206, device='cuda:0', grad_fn=<DivBackward0>)
Memory status after this epoch: 
Memory allocated:  106.7939453125
Memory cached:  164.0
	 epoch  20 training error:  tensor(4888.1758, device='cuda:0', grad_fn=<DivBackward0>)
Memory status after this epoch: 
Memory allocated:  106.7939453125
Memory cached:  164.0
	 epoch  30 training error:  tensor(571.3305, device='cuda:0', grad_fn=<DivBackward0>)
Memory status after this epoch: 
Memory allocated:  106.7939453125
Memory cached:  164.0
	 epoch  40 training error:  tensor(202.9811, device='cuda:0', grad_fn=<DivBackward0>)
Memory status after this epoch: 
Memory allocated:  106.7939453125
Memory cached:  164.0
	 epoch  50 training error:  tensor(20.3488, device='cuda:0', grad_fn=<DivBackward0>)
Memory status after this epoch: 
Memory allocated:  106.7939453125
Memory cached:  164.0
	 epoch  60 training error:  tensor(20.7160, device='cuda:0', grad_fn=<DivBackward0>)
Memory status after this epoch: 
Memory allocated:  106.7939453125
Memory cached:  164.0
	 epoch  70 training error:  tensor(48.3123, device='cuda:0', grad_fn=<DivBackward0>)
Memory status after this epoch: 
Memory allocated:  106.7939453125
Memory cached:  164.0
	 epoch  80 training error:  tensor(9.8913, device='cuda:0', grad_fn=<DivBackward0>)
Memory status after this epoch: 
Memory allocated:  106.7939453125
Memory cached:  164.0
	 epoch  90 training error:  tensor(3.6967, device='cuda:0', grad_fn=<DivBackward0>)
Memory status after this epoch: 
Memory allocated:  106.7939453125
Memory cached:  164.0
[I 2023-12-02 22:56:12,599] Trial 10 finished with value: 1.7528454065322876 and parameters: {'W_layers': 4, 'W_layer_units_exponent_0': 5, 'W_layer_units_exponent_1': 4, 'W_layer_units_exponent_2': 10, 'W_layer_units_exponent_3': 10, 'D_layers': 4, 'D_layer_units_exponent_0': 4, 'D_layer_units_exponent_1': 7, 'D_layer_units_exponent_2': 10, 'D_layer_units_exponent_3': 6, 'D_dagger_layers': 4, 'D_dagger_layer_units_exponent_0': 6, 'D_dagger_layer_units_exponent_1': 10, 'D_dagger_layer_units_exponent_2': 8, 'D_dagger_layer_units_exponent_3': 8, 'log_learning_rate': -1.0580804039822533, 'log_learning_rate_D': -2.820918466438357, 'log_learning_rate_D_dagger': -1.0602985111076915, 'training_batch_size': 10, 'training_p': 2}. Best is trial 9 with value: 0.09886696189641953.
Time for this trial:  16.560325860977173
Memory status after this trial: 
Memory allocated:  285.02197265625
Memory cached:  336.0
--------------------  Trial  11   --------------------
Start timing: 
Parameters: 
{'W_layers': 2, 'W_layer_units_exponent_0': 10, 'W_layer_units_exponent_1': 7, 'D_layers': 8, 'D_layer_units_exponent_0': 6, 'D_layer_units_exponent_1': 6, 'D_layer_units_exponent_2': 4, 'D_layer_units_exponent_3': 8, 'D_layer_units_exponent_4': 6, 'D_layer_units_exponent_5': 4, 'D_layer_units_exponent_6': 8, 'D_layer_units_exponent_7': 10, 'D_dagger_layers': 8, 'D_dagger_layer_units_exponent_0': 10, 'D_dagger_layer_units_exponent_1': 7, 'D_dagger_layer_units_exponent_2': 10, 'D_dagger_layer_units_exponent_3': 9, 'D_dagger_layer_units_exponent_4': 10, 'D_dagger_layer_units_exponent_5': 5, 'D_dagger_layer_units_exponent_6': 9, 'D_dagger_layer_units_exponent_7': 4, 'log_learning_rate': -3.4844737793593104, 'log_learning_rate_D': -4.852030513620993, 'log_learning_rate_D_dagger': -3.271194347723008, 'training_batch_size': 10, 'training_p': 2}
	 epoch  0 training error:  tensor(0.9003, device='cuda:0', grad_fn=<DivBackward0>)
Memory status after this epoch: 
Memory allocated:  107.81396484375
Memory cached:  164.0
	 epoch  10 training error:  tensor(0.1281, device='cuda:0', grad_fn=<DivBackward0>)
Memory status after this epoch: 
Memory allocated:  107.81396484375
Memory cached:  164.0
	 epoch  20 training error:  tensor(0.1147, device='cuda:0', grad_fn=<DivBackward0>)
Memory status after this epoch: 
Memory allocated:  107.81396484375
Memory cached:  164.0
	 epoch  30 training error:  tensor(0.0996, device='cuda:0', grad_fn=<DivBackward0>)
Memory status after this epoch: 
Memory allocated:  107.81396484375
Memory cached:  164.0
	 epoch  40 training error:  tensor(0.0949, device='cuda:0', grad_fn=<DivBackward0>)
Memory status after this epoch: 
Memory allocated:  107.81396484375
Memory cached:  164.0
	 epoch  50 training error:  tensor(0.0949, device='cuda:0', grad_fn=<DivBackward0>)
Memory status after this epoch: 
Memory allocated:  107.81396484375
Memory cached:  164.0
	 epoch  60 training error:  tensor(0.0942, device='cuda:0', grad_fn=<DivBackward0>)
Memory status after this epoch: 
Memory allocated:  107.81396484375
Memory cached:  164.0
	 epoch  70 training error:  tensor(0.0940, device='cuda:0', grad_fn=<DivBackward0>)
Memory status after this epoch: 
Memory allocated:  107.81396484375
Memory cached:  164.0
	 epoch  80 training error:  tensor(0.0940, device='cuda:0', grad_fn=<DivBackward0>)
Memory status after this epoch: 
Memory allocated:  107.81396484375
Memory cached:  164.0
	 epoch  90 training error:  tensor(0.0940, device='cuda:0', grad_fn=<DivBackward0>)
Memory status after this epoch: 
Memory allocated:  107.81396484375
Memory cached:  164.0
