[I 2024-02-17 03:41:13,622] Trial 77 finished with value: 0.0751526951789856 and parameters: {'W_layers': 4, 'W_layer_units_exponent_0': 4, 'W_layer_units_exponent_1': 5, 'W_layer_units_exponent_2': 9, 'W_layer_units_exponent_3': 4, 'D_layers': 4, 'D_layer_units_exponent_0': 7, 'D_layer_units_exponent_1': 10, 'D_layer_units_exponent_2': 10, 'D_layer_units_exponent_3': 5, 'D_dagger_layers': 2, 'D_dagger_layer_units_exponent_0': 5, 'D_dagger_layer_units_exponent_1': 10, 'log_learning_rate': -4.9352998545310065, 'log_learning_rate_D': -4.263210388669079, 'log_learning_rate_D_dagger': -3.8643064634181896, 'training_batch_size': 6, 'training_p': 3}. Best is trial 67 with value: 0.07194268703460693.
Time for this trial:  649.348806142807
Memory status after this trial: 
Memory allocated:  1559.96533203125
Memory cached:  1590.0
--------------------  Trial  78   --------------------
Start timing: 
Parameters: 
{'W_layers': 5, 'W_layer_units_exponent_0': 5, 'W_layer_units_exponent_1': 5, 'W_layer_units_exponent_2': 9, 'W_layer_units_exponent_3': 4, 'W_layer_units_exponent_4': 10, 'D_layers': 4, 'D_layer_units_exponent_0': 7, 'D_layer_units_exponent_1': 10, 'D_layer_units_exponent_2': 9, 'D_layer_units_exponent_3': 5, 'D_dagger_layers': 2, 'D_dagger_layer_units_exponent_0': 6, 'D_dagger_layer_units_exponent_1': 10, 'log_learning_rate': -4.883115048550646, 'log_learning_rate_D': -4.2930015135781705, 'log_learning_rate_D_dagger': -3.1311858387788765, 'training_batch_size': 6, 'training_p': 4}
	 epoch  0 training error:  tensor(0.5177, device='cuda:0', grad_fn=<DivBackward0>)
Memory status after this epoch: 
Memory allocated:  778.90234375
Memory cached:  1192.0
	 epoch  10 training error:  tensor(0.1239, device='cuda:0', grad_fn=<DivBackward0>)
Memory status after this epoch: 
Memory allocated:  778.90234375
Memory cached:  1248.0
	 epoch  20 training error:  tensor(0.1030, device='cuda:0', grad_fn=<DivBackward0>)
Memory status after this epoch: 
Memory allocated:  778.90234375
Memory cached:  1254.0
	 epoch  30 training error:  tensor(0.0947, device='cuda:0', grad_fn=<DivBackward0>)
Memory status after this epoch: 
Memory allocated:  778.90234375
Memory cached:  1258.0
	 epoch  40 training error:  tensor(0.1064, device='cuda:0', grad_fn=<DivBackward0>)
Memory status after this epoch: 
Memory allocated:  778.90234375
Memory cached:  1270.0
	 epoch  50 training error:  tensor(0.0936, device='cuda:0', grad_fn=<DivBackward0>)
Memory status after this epoch: 
Memory allocated:  778.90234375
Memory cached:  1266.0
	 epoch  60 training error:  tensor(0.1003, device='cuda:0', grad_fn=<DivBackward0>)
Memory status after this epoch: 
Memory allocated:  778.90234375
Memory cached:  1276.0
	 epoch  70 training error:  tensor(0.0940, device='cuda:0', grad_fn=<DivBackward0>)
Memory status after this epoch: 
Memory allocated:  778.90234375
Memory cached:  1272.0
	 epoch  80 training error:  tensor(0.0968, device='cuda:0', grad_fn=<DivBackward0>)
Memory status after this epoch: 
Memory allocated:  778.90234375
Memory cached:  1276.0
	 epoch  90 training error:  tensor(0.0948, device='cuda:0', grad_fn=<DivBackward0>)
Memory status after this epoch: 
Memory allocated:  778.90234375
Memory cached:  1262.0
[I 2024-02-17 03:52:48,276] Trial 78 finished with value: 0.0789746567606926 and parameters: {'W_layers': 5, 'W_layer_units_exponent_0': 5, 'W_layer_units_exponent_1': 5, 'W_layer_units_exponent_2': 9, 'W_layer_units_exponent_3': 4, 'W_layer_units_exponent_4': 10, 'D_layers': 4, 'D_layer_units_exponent_0': 7, 'D_layer_units_exponent_1': 10, 'D_layer_units_exponent_2': 9, 'D_layer_units_exponent_3': 5, 'D_dagger_layers': 2, 'D_dagger_layer_units_exponent_0': 6, 'D_dagger_layer_units_exponent_1': 10, 'log_learning_rate': -4.883115048550646, 'log_learning_rate_D': -4.2930015135781705, 'log_learning_rate_D_dagger': -3.1311858387788765, 'training_batch_size': 6, 'training_p': 4}. Best is trial 67 with value: 0.07194268703460693.
Time for this trial:  694.1611404418945
Memory status after this trial: 
Memory allocated:  1646.19091796875
Memory cached:  1660.0
--------------------  Trial  79   --------------------
Start timing: 
Parameters: 
{'W_layers': 4, 'W_layer_units_exponent_0': 4, 'W_layer_units_exponent_1': 4, 'W_layer_units_exponent_2': 8, 'W_layer_units_exponent_3': 4, 'D_layers': 4, 'D_layer_units_exponent_0': 5, 'D_layer_units_exponent_1': 10, 'D_layer_units_exponent_2': 10, 'D_layer_units_exponent_3': 6, 'D_dagger_layers': 3, 'D_dagger_layer_units_exponent_0': 8, 'D_dagger_layer_units_exponent_1': 9, 'D_dagger_layer_units_exponent_2': 4, 'log_learning_rate': -4.968975037913827, 'log_learning_rate_D': -4.710708743279536, 'log_learning_rate_D_dagger': -3.9281515599935792, 'training_batch_size': 10, 'training_p': 3}
	 epoch  0 training error:  tensor(0.7755, device='cuda:0', grad_fn=<DivBackward0>)
Memory status after this epoch: 
Memory allocated:  787.7265625
Memory cached:  1184.0
	 epoch  10 training error:  tensor(0.3336, device='cuda:0', grad_fn=<DivBackward0>)
Memory status after this epoch: 
Memory allocated:  787.7265625
Memory cached:  1184.0
	 epoch  20 training error:  tensor(0.1980, device='cuda:0', grad_fn=<DivBackward0>)
Memory status after this epoch: 
Memory allocated:  787.7265625
Memory cached:  1184.0
	 epoch  30 training error:  tensor(0.1894, device='cuda:0', grad_fn=<DivBackward0>)
Memory status after this epoch: 
Memory allocated:  787.7265625
Memory cached:  1188.0
	 epoch  40 training error:  tensor(0.1635, device='cuda:0', grad_fn=<DivBackward0>)
Memory status after this epoch: 
Memory allocated:  787.7265625
Memory cached:  1184.0
	 epoch  50 training error:  tensor(0.1473, device='cuda:0', grad_fn=<DivBackward0>)
Memory status after this epoch: 
Memory allocated:  787.7265625
Memory cached:  1196.0
	 epoch  60 training error:  tensor(0.1377, device='cuda:0', grad_fn=<DivBackward0>)
Memory status after this epoch: 
Memory allocated:  787.7265625
Memory cached:  1186.0
	 epoch  70 training error:  tensor(0.1232, device='cuda:0', grad_fn=<DivBackward0>)
Memory status after this epoch: 
Memory allocated:  787.7265625
Memory cached:  1192.0
	 epoch  80 training error:  tensor(0.1107, device='cuda:0', grad_fn=<DivBackward0>)
Memory status after this epoch: 
Memory allocated:  787.7265625
Memory cached:  1184.0
	 epoch  90 training error:  tensor(0.1030, device='cuda:0', grad_fn=<DivBackward0>)
Memory status after this epoch: 
Memory allocated:  787.7265625
Memory cached:  1184.0
[I 2024-02-17 03:56:00,999] Trial 79 finished with value: 0.08916878700256348 and parameters: {'W_layers': 4, 'W_layer_units_exponent_0': 4, 'W_layer_units_exponent_1': 4, 'W_layer_units_exponent_2': 8, 'W_layer_units_exponent_3': 4, 'D_layers': 4, 'D_layer_units_exponent_0': 5, 'D_layer_units_exponent_1': 10, 'D_layer_units_exponent_2': 10, 'D_layer_units_exponent_3': 6, 'D_dagger_layers': 3, 'D_dagger_layer_units_exponent_0': 8, 'D_dagger_layer_units_exponent_1': 9, 'D_dagger_layer_units_exponent_2': 4, 'log_learning_rate': -4.968975037913827, 'log_learning_rate_D': -4.710708743279536, 'log_learning_rate_D_dagger': -3.9281515599935792, 'training_batch_size': 10, 'training_p': 3}. Best is trial 67 with value: 0.07194268703460693.
Time for this trial:  192.30732917785645
Memory status after this trial: 
Memory allocated:  1461.09228515625
Memory cached:  1490.0
--------------------  Trial  80   --------------------
Start timing: 
Parameters: 
{'W_layers': 6, 'W_layer_units_exponent_0': 5, 'W_layer_units_exponent_1': 5, 'W_layer_units_exponent_2': 9, 'W_layer_units_exponent_3': 4, 'W_layer_units_exponent_4': 9, 'W_layer_units_exponent_5': 4, 'D_layers': 4, 'D_layer_units_exponent_0': 7, 'D_layer_units_exponent_1': 10, 'D_layer_units_exponent_2': 9, 'D_layer_units_exponent_3': 4, 'D_dagger_layers': 2, 'D_dagger_layer_units_exponent_0': 5, 'D_dagger_layer_units_exponent_1': 10, 'log_learning_rate': -4.785379658831164, 'log_learning_rate_D': -4.9171930935431085, 'log_learning_rate_D_dagger': -3.80408637205763, 'training_batch_size': 6, 'training_p': 3}
	 epoch  0 training error:  tensor(0.6311, device='cuda:0', grad_fn=<DivBackward0>)
Memory status after this epoch: 
Memory allocated:  778.2578125
Memory cached:  1192.0
	 epoch  10 training error:  tensor(0.1633, device='cuda:0', grad_fn=<DivBackward0>)
Memory status after this epoch: 
Memory allocated:  778.2578125
Memory cached:  1234.0
	 epoch  20 training error:  tensor(0.1376, device='cuda:0', grad_fn=<DivBackward0>)
Memory status after this epoch: 
Memory allocated:  778.2578125
Memory cached:  1244.0
	 epoch  30 training error:  tensor(0.1181, device='cuda:0', grad_fn=<DivBackward0>)
Memory status after this epoch: 
Memory allocated:  778.2578125
Memory cached:  1244.0
	 epoch  40 training error:  tensor(0.0976, device='cuda:0', grad_fn=<DivBackward0>)
Memory status after this epoch: 
Memory allocated:  778.2578125
Memory cached:  1242.0
	 epoch  50 training error:  tensor(0.0926, device='cuda:0', grad_fn=<DivBackward0>)
Memory status after this epoch: 
Memory allocated:  778.2578125
Memory cached:  1236.0
	 epoch  60 training error:  tensor(0.0873, device='cuda:0', grad_fn=<DivBackward0>)
Memory status after this epoch: 
Memory allocated:  778.2578125
Memory cached:  1236.0
	 epoch  70 training error:  tensor(0.0853, device='cuda:0', grad_fn=<DivBackward0>)
Memory status after this epoch: 
Memory allocated:  778.2578125
Memory cached:  1244.0
	 epoch  80 training error:  tensor(0.0846, device='cuda:0', grad_fn=<DivBackward0>)
Memory status after this epoch: 
Memory allocated:  778.2578125
Memory cached:  1240.0
	 epoch  90 training error:  tensor(0.0843, device='cuda:0', grad_fn=<DivBackward0>)
Memory status after this epoch: 
Memory allocated:  778.2578125
Memory cached:  1244.0
[I 2024-02-17 04:08:08,964] Trial 80 finished with value: 0.07307235151529312 and parameters: {'W_layers': 6, 'W_layer_units_exponent_0': 5, 'W_layer_units_exponent_1': 5, 'W_layer_units_exponent_2': 9, 'W_layer_units_exponent_3': 4, 'W_layer_units_exponent_4': 9, 'W_layer_units_exponent_5': 4, 'D_layers': 4, 'D_layer_units_exponent_0': 7, 'D_layer_units_exponent_1': 10, 'D_layer_units_exponent_2': 9, 'D_layer_units_exponent_3': 4, 'D_dagger_layers': 2, 'D_dagger_layer_units_exponent_0': 5, 'D_dagger_layer_units_exponent_1': 10, 'log_learning_rate': -4.785379658831164, 'log_learning_rate_D': -4.9171930935431085, 'log_learning_rate_D_dagger': -3.80408637205763, 'training_batch_size': 6, 'training_p': 3}. Best is trial 67 with value: 0.07194268703460693.
Time for this trial:  727.4831268787384
Memory status after this trial: 
Memory allocated:  1560.93701171875
Memory cached:  1574.0
--------------------  Trial  81   --------------------
Start timing: 
Parameters: 
{'W_layers': 6, 'W_layer_units_exponent_0': 5, 'W_layer_units_exponent_1': 6, 'W_layer_units_exponent_2': 8, 'W_layer_units_exponent_3': 4, 'W_layer_units_exponent_4': 9, 'W_layer_units_exponent_5': 4, 'D_layers': 5, 'D_layer_units_exponent_0': 7, 'D_layer_units_exponent_1': 10, 'D_layer_units_exponent_2': 9, 'D_layer_units_exponent_3': 4, 'D_layer_units_exponent_4': 5, 'D_dagger_layers': 2, 'D_dagger_layer_units_exponent_0': 7, 'D_dagger_layer_units_exponent_1': 10, 'log_learning_rate': -4.782352540968619, 'log_learning_rate_D': -4.899610967954551, 'log_learning_rate_D_dagger': -3.7547505389257463, 'training_batch_size': 6, 'training_p': 4}
	 epoch  0 training error:  tensor(0.5587, device='cuda:0', grad_fn=<DivBackward0>)
Memory status after this epoch: 
Memory allocated:  779.71875
Memory cached:  1196.0
	 epoch  10 training error:  tensor(0.1535, device='cuda:0', grad_fn=<DivBackward0>)
Memory status after this epoch: 
Memory allocated:  779.71875
Memory cached:  1236.0
	 epoch  20 training error:  tensor(0.1156, device='cuda:0', grad_fn=<DivBackward0>)
Memory status after this epoch: 
Memory allocated:  779.71875
Memory cached:  1236.0
	 epoch  30 training error:  tensor(0.1087, device='cuda:0', grad_fn=<DivBackward0>)
Memory status after this epoch: 
Memory allocated:  779.71875
Memory cached:  1236.0
	 epoch  40 training error:  tensor(0.1033, device='cuda:0', grad_fn=<DivBackward0>)
Memory status after this epoch: 
Memory allocated:  779.71875
Memory cached:  1234.0
	 epoch  50 training error:  tensor(0.1003, device='cuda:0', grad_fn=<DivBackward0>)
Memory status after this epoch: 
Memory allocated:  779.71875
Memory cached:  1238.0
	 epoch  60 training error:  tensor(0.0975, device='cuda:0', grad_fn=<DivBackward0>)
Memory status after this epoch: 
Memory allocated:  779.71875
Memory cached:  1232.0
	 epoch  70 training error:  tensor(0.0998, device='cuda:0', grad_fn=<DivBackward0>)
Memory status after this epoch: 
Memory allocated:  779.71875
Memory cached:  1238.0
	 epoch  80 training error:  tensor(0.0922, device='cuda:0', grad_fn=<DivBackward0>)
Memory status after this epoch: 
Memory allocated:  779.71875
Memory cached:  1242.0
	 epoch  90 training error:  tensor(0.0933, device='cuda:0', grad_fn=<DivBackward0>)
Memory status after this epoch: 
Memory allocated:  779.71875
Memory cached:  1240.0
[I 2024-02-17 04:20:55,793] Trial 81 finished with value: 0.07451072335243225 and parameters: {'W_layers': 6, 'W_layer_units_exponent_0': 5, 'W_layer_units_exponent_1': 6, 'W_layer_units_exponent_2': 8, 'W_layer_units_exponent_3': 4, 'W_layer_units_exponent_4': 9, 'W_layer_units_exponent_5': 4, 'D_layers': 5, 'D_layer_units_exponent_0': 7, 'D_layer_units_exponent_1': 10, 'D_layer_units_exponent_2': 9, 'D_layer_units_exponent_3': 4, 'D_layer_units_exponent_4': 5, 'D_dagger_layers': 2, 'D_dagger_layer_units_exponent_0': 7, 'D_dagger_layer_units_exponent_1': 10, 'log_learning_rate': -4.782352540968619, 'log_learning_rate_D': -4.899610967954551, 'log_learning_rate_D_dagger': -3.7547505389257463, 'training_batch_size': 6, 'training_p': 4}. Best is trial 67 with value: 0.07194268703460693.
Time for this trial:  766.33345079422
Memory status after this trial: 
Memory allocated:  1540.60791015625
Memory cached:  1554.0
--------------------  Trial  82   --------------------
Start timing: 
Parameters: 
{'W_layers': 6, 'W_layer_units_exponent_0': 5, 'W_layer_units_exponent_1': 6, 'W_layer_units_exponent_2': 8, 'W_layer_units_exponent_3': 4, 'W_layer_units_exponent_4': 9, 'W_layer_units_exponent_5': 4, 'D_layers': 5, 'D_layer_units_exponent_0': 7, 'D_layer_units_exponent_1': 10, 'D_layer_units_exponent_2': 9, 'D_layer_units_exponent_3': 4, 'D_layer_units_exponent_4': 5, 'D_dagger_layers': 2, 'D_dagger_layer_units_exponent_0': 8, 'D_dagger_layer_units_exponent_1': 10, 'log_learning_rate': -4.7946805369393655, 'log_learning_rate_D': -4.9134095544271865, 'log_learning_rate_D_dagger': -3.812840039204228, 'training_batch_size': 6, 'training_p': 5}
	 epoch  0 training error:  tensor(0.5245, device='cuda:0', grad_fn=<DivBackward0>)
Memory status after this epoch: 
Memory allocated:  781.724609375
Memory cached:  1198.0
	 epoch  10 training error:  tensor(0.1408, device='cuda:0', grad_fn=<DivBackward0>)
Memory status after this epoch: 
Memory allocated:  781.724609375
Memory cached:  1248.0
	 epoch  20 training error:  tensor(0.1163, device='cuda:0', grad_fn=<DivBackward0>)
Memory status after this epoch: 
Memory allocated:  781.724609375
Memory cached:  1246.0
	 epoch  30 training error:  tensor(0.1126, device='cuda:0', grad_fn=<DivBackward0>)
Memory status after this epoch: 
Memory allocated:  781.724609375
Memory cached:  1244.0
	 epoch  40 training error:  tensor(0.1135, device='cuda:0', grad_fn=<DivBackward0>)
Memory status after this epoch: 
Memory allocated:  781.724609375
Memory cached:  1244.0
	 epoch  50 training error:  tensor(0.1082, device='cuda:0', grad_fn=<DivBackward0>)
Memory status after this epoch: 
Memory allocated:  781.724609375
Memory cached:  1254.0
	 epoch  60 training error:  tensor(0.1099, device='cuda:0', grad_fn=<DivBackward0>)
Memory status after this epoch: 
Memory allocated:  781.724609375
Memory cached:  1248.0
	 epoch  70 training error:  tensor(0.1114, device='cuda:0', grad_fn=<DivBackward0>)
Memory status after this epoch: 
Memory allocated:  781.724609375
Memory cached:  1248.0
	 epoch  80 training error:  tensor(0.1148, device='cuda:0', grad_fn=<DivBackward0>)
Memory status after this epoch: 
Memory allocated:  781.724609375
Memory cached:  1250.0
	 epoch  90 training error:  tensor(0.1062, device='cuda:0', grad_fn=<DivBackward0>)
Memory status after this epoch: 
Memory allocated:  781.724609375
Memory cached:  1248.0
[I 2024-02-17 04:33:40,331] Trial 82 finished with value: 0.09295888245105743 and parameters: {'W_layers': 6, 'W_layer_units_exponent_0': 5, 'W_layer_units_exponent_1': 6, 'W_layer_units_exponent_2': 8, 'W_layer_units_exponent_3': 4, 'W_layer_units_exponent_4': 9, 'W_layer_units_exponent_5': 4, 'D_layers': 5, 'D_layer_units_exponent_0': 7, 'D_layer_units_exponent_1': 10, 'D_layer_units_exponent_2': 9, 'D_layer_units_exponent_3': 4, 'D_layer_units_exponent_4': 5, 'D_dagger_layers': 2, 'D_dagger_layer_units_exponent_0': 8, 'D_dagger_layer_units_exponent_1': 10, 'log_learning_rate': -4.7946805369393655, 'log_learning_rate_D': -4.9134095544271865, 'log_learning_rate_D_dagger': -3.812840039204228, 'training_batch_size': 6, 'training_p': 5}. Best is trial 67 with value: 0.07194268703460693.
Time for this trial:  764.0130381584167
Memory status after this trial: 
Memory allocated:  1568.95458984375
Memory cached:  1584.0
--------------------  Trial  83   --------------------
Start timing: 
Parameters: 
{'W_layers': 6, 'W_layer_units_exponent_0': 5, 'W_layer_units_exponent_1': 6, 'W_layer_units_exponent_2': 9, 'W_layer_units_exponent_3': 4, 'W_layer_units_exponent_4': 9, 'W_layer_units_exponent_5': 4, 'D_layers': 6, 'D_layer_units_exponent_0': 6, 'D_layer_units_exponent_1': 10, 'D_layer_units_exponent_2': 9, 'D_layer_units_exponent_3': 4, 'D_layer_units_exponent_4': 6, 'D_layer_units_exponent_5': 8, 'D_dagger_layers': 2, 'D_dagger_layer_units_exponent_0': 7, 'D_dagger_layer_units_exponent_1': 10, 'log_learning_rate': -4.484393449962558, 'log_learning_rate_D': -4.806245085614968, 'log_learning_rate_D_dagger': -3.8012046396489563, 'training_batch_size': 6, 'training_p': 4}
	 epoch  0 training error:  tensor(0.7507, device='cuda:0', grad_fn=<DivBackward0>)
Memory status after this epoch: 
Memory allocated:  779.298828125
Memory cached:  1198.0
	 epoch  10 training error:  tensor(0.1525, device='cuda:0', grad_fn=<DivBackward0>)
Memory status after this epoch: 
Memory allocated:  779.298828125
Memory cached:  1264.0
	 epoch  20 training error:  tensor(0.1187, device='cuda:0', grad_fn=<DivBackward0>)
Memory status after this epoch: 
Memory allocated:  779.298828125
Memory cached:  1270.0
	 epoch  30 training error:  tensor(0.1105, device='cuda:0', grad_fn=<DivBackward0>)
Memory status after this epoch: 
Memory allocated:  779.298828125
Memory cached:  1268.0
	 epoch  40 training error:  tensor(0.1087, device='cuda:0', grad_fn=<DivBackward0>)
Memory status after this epoch: 
Memory allocated:  779.298828125
Memory cached:  1264.0
	 epoch  50 training error:  tensor(0.0969, device='cuda:0', grad_fn=<DivBackward0>)
Memory status after this epoch: 
Memory allocated:  779.298828125
Memory cached:  1256.0
	 epoch  60 training error:  tensor(0.0927, device='cuda:0', grad_fn=<DivBackward0>)
Memory status after this epoch: 
Memory allocated:  779.298828125
Memory cached:  1260.0
	 epoch  70 training error:  tensor(0.0940, device='cuda:0', grad_fn=<DivBackward0>)
Memory status after this epoch: 
Memory allocated:  779.298828125
Memory cached:  1264.0
	 epoch  80 training error:  tensor(0.0928, device='cuda:0', grad_fn=<DivBackward0>)
Memory status after this epoch: 
Memory allocated:  779.298828125
Memory cached:  1272.0
	 epoch  90 training error:  tensor(0.0933, device='cuda:0', grad_fn=<DivBackward0>)
Memory status after this epoch: 
Memory allocated:  779.298828125
Memory cached:  1278.0
