[I 2023-12-02 22:43:40,678] Trial 4 finished with value: 0.07500194013118744 and parameters: {'W_layers': 7, 'W_layer_units_exponent_0': 7, 'W_layer_units_exponent_1': 10, 'W_layer_units_exponent_2': 6, 'W_layer_units_exponent_3': 6, 'W_layer_units_exponent_4': 8, 'W_layer_units_exponent_5': 7, 'W_layer_units_exponent_6': 8, 'D_layers': 6, 'D_layer_units_exponent_0': 8, 'D_layer_units_exponent_1': 9, 'D_layer_units_exponent_2': 4, 'D_layer_units_exponent_3': 4, 'D_layer_units_exponent_4': 4, 'D_layer_units_exponent_5': 10, 'D_dagger_layers': 6, 'D_dagger_layer_units_exponent_0': 8, 'D_dagger_layer_units_exponent_1': 4, 'D_dagger_layer_units_exponent_2': 7, 'D_dagger_layer_units_exponent_3': 5, 'D_dagger_layer_units_exponent_4': 4, 'D_dagger_layer_units_exponent_5': 8, 'log_learning_rate': -3.561436153529872, 'log_learning_rate_D': -4.538826698396575, 'log_learning_rate_D_dagger': -2.990540279075866, 'training_batch_size': 10, 'training_p': 4}. Best is trial 2 with value: 0.07184018194675446.
Time for this trial:  18.331856727600098
Memory status after this trial: 
Memory allocated:  248.85107421875
Memory cached:  264.0
--------------------  Trial  5   --------------------
Start timing: 
Parameters: 
{'W_layers': 4, 'W_layer_units_exponent_0': 5, 'W_layer_units_exponent_1': 6, 'W_layer_units_exponent_2': 6, 'W_layer_units_exponent_3': 10, 'D_layers': 6, 'D_layer_units_exponent_0': 8, 'D_layer_units_exponent_1': 10, 'D_layer_units_exponent_2': 8, 'D_layer_units_exponent_3': 10, 'D_layer_units_exponent_4': 7, 'D_layer_units_exponent_5': 9, 'D_dagger_layers': 6, 'D_dagger_layer_units_exponent_0': 7, 'D_dagger_layer_units_exponent_1': 9, 'D_dagger_layer_units_exponent_2': 4, 'D_dagger_layer_units_exponent_3': 8, 'D_dagger_layer_units_exponent_4': 10, 'D_dagger_layer_units_exponent_5': 9, 'log_learning_rate': -3.9488031760095392, 'log_learning_rate_D': -3.3545874609023536, 'log_learning_rate_D_dagger': -1.609643135488684, 'training_batch_size': 6, 'training_p': 6}
	 epoch  0 training error:  tensor(48.3656, device='cuda:0', grad_fn=<DivBackward0>)
Memory status after this epoch: 
Memory allocated:  127.81103515625
Memory cached:  212.0
	 epoch  10 training error:  tensor(92.0834, device='cuda:0', grad_fn=<DivBackward0>)
Memory status after this epoch: 
Memory allocated:  127.81103515625
Memory cached:  214.0
	 epoch  20 training error:  tensor(2.6944, device='cuda:0', grad_fn=<DivBackward0>)
Memory status after this epoch: 
Memory allocated:  127.81103515625
Memory cached:  214.0
	 epoch  30 training error:  tensor(3.9822, device='cuda:0', grad_fn=<DivBackward0>)
Memory status after this epoch: 
Memory allocated:  127.81103515625
Memory cached:  214.0
	 epoch  40 training error:  tensor(10.7548, device='cuda:0', grad_fn=<DivBackward0>)
Memory status after this epoch: 
Memory allocated:  127.81103515625
Memory cached:  214.0
	 epoch  50 training error:  tensor(0.7419, device='cuda:0', grad_fn=<DivBackward0>)
Memory status after this epoch: 
Memory allocated:  127.81103515625
Memory cached:  214.0
	 epoch  60 training error:  tensor(0.6764, device='cuda:0', grad_fn=<DivBackward0>)
Memory status after this epoch: 
Memory allocated:  127.81103515625
Memory cached:  214.0
	 epoch  70 training error:  tensor(0.3381, device='cuda:0', grad_fn=<DivBackward0>)
Memory status after this epoch: 
Memory allocated:  127.81103515625
Memory cached:  214.0
	 epoch  80 training error:  tensor(0.1236, device='cuda:0', grad_fn=<DivBackward0>)
Memory status after this epoch: 
Memory allocated:  127.81103515625
Memory cached:  214.0
	 epoch  90 training error:  tensor(0.1211, device='cuda:0', grad_fn=<DivBackward0>)
Memory status after this epoch: 
Memory allocated:  127.81103515625
Memory cached:  214.0
[I 2023-12-02 22:44:01,657] Trial 5 finished with value: 0.08051398396492004 and parameters: {'W_layers': 4, 'W_layer_units_exponent_0': 5, 'W_layer_units_exponent_1': 6, 'W_layer_units_exponent_2': 6, 'W_layer_units_exponent_3': 10, 'D_layers': 6, 'D_layer_units_exponent_0': 8, 'D_layer_units_exponent_1': 10, 'D_layer_units_exponent_2': 8, 'D_layer_units_exponent_3': 10, 'D_layer_units_exponent_4': 7, 'D_layer_units_exponent_5': 9, 'D_dagger_layers': 6, 'D_dagger_layer_units_exponent_0': 7, 'D_dagger_layer_units_exponent_1': 9, 'D_dagger_layer_units_exponent_2': 4, 'D_dagger_layer_units_exponent_3': 8, 'D_dagger_layer_units_exponent_4': 10, 'D_dagger_layer_units_exponent_5': 9, 'log_learning_rate': -3.9488031760095392, 'log_learning_rate_D': -3.3545874609023536, 'log_learning_rate_D_dagger': -1.609643135488684, 'training_batch_size': 6, 'training_p': 6}. Best is trial 2 with value: 0.07184018194675446.
Time for this trial:  20.864891052246094
Memory status after this trial: 
Memory allocated:  301.78759765625
Memory cached:  332.0
--------------------  Trial  6   --------------------
Start timing: 
Parameters: 
{'W_layers': 4, 'W_layer_units_exponent_0': 7, 'W_layer_units_exponent_1': 4, 'W_layer_units_exponent_2': 6, 'W_layer_units_exponent_3': 8, 'D_layers': 6, 'D_layer_units_exponent_0': 7, 'D_layer_units_exponent_1': 10, 'D_layer_units_exponent_2': 5, 'D_layer_units_exponent_3': 5, 'D_layer_units_exponent_4': 7, 'D_layer_units_exponent_5': 8, 'D_dagger_layers': 6, 'D_dagger_layer_units_exponent_0': 5, 'D_dagger_layer_units_exponent_1': 7, 'D_dagger_layer_units_exponent_2': 10, 'D_dagger_layer_units_exponent_3': 9, 'D_dagger_layer_units_exponent_4': 8, 'D_dagger_layer_units_exponent_5': 10, 'log_learning_rate': -1.873142474546556, 'log_learning_rate_D': -2.7975145756341933, 'log_learning_rate_D_dagger': -2.833943567175908, 'training_batch_size': 11, 'training_p': 5}
	 epoch  0 training error:  tensor(1.2955, device='cuda:0', grad_fn=<DivBackward0>)
Memory status after this epoch: 
Memory allocated:  126.9189453125
Memory cached:  234.0
	 epoch  10 training error:  tensor(2.1605, device='cuda:0', grad_fn=<DivBackward0>)
Memory status after this epoch: 
Memory allocated:  126.9189453125
Memory cached:  234.0
	 epoch  20 training error:  tensor(0.1797, device='cuda:0', grad_fn=<DivBackward0>)
Memory status after this epoch: 
Memory allocated:  126.9189453125
Memory cached:  234.0
	 epoch  30 training error:  tensor(0.1679, device='cuda:0', grad_fn=<DivBackward0>)
Memory status after this epoch: 
Memory allocated:  126.9189453125
Memory cached:  234.0
	 epoch  40 training error:  tensor(0.2757, device='cuda:0', grad_fn=<DivBackward0>)
Memory status after this epoch: 
Memory allocated:  126.9189453125
Memory cached:  234.0
	 epoch  50 training error:  tensor(0.1578, device='cuda:0', grad_fn=<DivBackward0>)
Memory status after this epoch: 
Memory allocated:  126.9189453125
Memory cached:  234.0
	 epoch  60 training error:  tensor(0.1560, device='cuda:0', grad_fn=<DivBackward0>)
Memory status after this epoch: 
Memory allocated:  126.9189453125
Memory cached:  234.0
	 epoch  70 training error:  tensor(0.1270, device='cuda:0', grad_fn=<DivBackward0>)
Memory status after this epoch: 
Memory allocated:  126.9189453125
Memory cached:  234.0
	 epoch  80 training error:  tensor(0.1056, device='cuda:0', grad_fn=<DivBackward0>)
Memory status after this epoch: 
Memory allocated:  126.9189453125
Memory cached:  234.0
	 epoch  90 training error:  tensor(0.0962, device='cuda:0', grad_fn=<DivBackward0>)
Memory status after this epoch: 
Memory allocated:  126.9189453125
Memory cached:  234.0
[I 2023-12-02 22:44:19,880] Trial 6 finished with value: 0.09592606872320175 and parameters: {'W_layers': 4, 'W_layer_units_exponent_0': 7, 'W_layer_units_exponent_1': 4, 'W_layer_units_exponent_2': 6, 'W_layer_units_exponent_3': 8, 'D_layers': 6, 'D_layer_units_exponent_0': 7, 'D_layer_units_exponent_1': 10, 'D_layer_units_exponent_2': 5, 'D_layer_units_exponent_3': 5, 'D_layer_units_exponent_4': 7, 'D_layer_units_exponent_5': 8, 'D_dagger_layers': 6, 'D_dagger_layer_units_exponent_0': 5, 'D_dagger_layer_units_exponent_1': 7, 'D_dagger_layer_units_exponent_2': 10, 'D_dagger_layer_units_exponent_3': 9, 'D_dagger_layer_units_exponent_4': 8, 'D_dagger_layer_units_exponent_5': 10, 'log_learning_rate': -1.873142474546556, 'log_learning_rate_D': -2.7975145756341933, 'log_learning_rate_D_dagger': -2.833943567175908, 'training_batch_size': 11, 'training_p': 5}. Best is trial 2 with value: 0.07184018194675446.
Time for this trial:  18.09874200820923
Memory status after this trial: 
Memory allocated:  293.33447265625
Memory cached:  322.0
--------------------  Trial  7   --------------------
Start timing: 
Parameters: 
{'W_layers': 2, 'W_layer_units_exponent_0': 6, 'W_layer_units_exponent_1': 7, 'D_layers': 2, 'D_layer_units_exponent_0': 9, 'D_layer_units_exponent_1': 8, 'D_dagger_layers': 8, 'D_dagger_layer_units_exponent_0': 4, 'D_dagger_layer_units_exponent_1': 4, 'D_dagger_layer_units_exponent_2': 7, 'D_dagger_layer_units_exponent_3': 9, 'D_dagger_layer_units_exponent_4': 9, 'D_dagger_layer_units_exponent_5': 4, 'D_dagger_layer_units_exponent_6': 5, 'D_dagger_layer_units_exponent_7': 4, 'log_learning_rate': -4.772548858566626, 'log_learning_rate_D': -2.995831191830544, 'log_learning_rate_D_dagger': -1.6704234936888138, 'training_batch_size': 10, 'training_p': 2}
	 epoch  0 training error:  tensor(0.1170, device='cuda:0', grad_fn=<DivBackward0>)
Memory status after this epoch: 
Memory allocated:  114.4208984375
Memory cached:  212.0
	 epoch  10 training error:  tensor(0.2958, device='cuda:0', grad_fn=<DivBackward0>)
Memory status after this epoch: 
Memory allocated:  114.4208984375
Memory cached:  212.0
	 epoch  20 training error:  tensor(0.2083, device='cuda:0', grad_fn=<DivBackward0>)
Memory status after this epoch: 
Memory allocated:  114.4208984375
Memory cached:  212.0
	 epoch  30 training error:  tensor(0.1449, device='cuda:0', grad_fn=<DivBackward0>)
Memory status after this epoch: 
Memory allocated:  114.4208984375
Memory cached:  212.0
	 epoch  40 training error:  tensor(0.1128, device='cuda:0', grad_fn=<DivBackward0>)
Memory status after this epoch: 
Memory allocated:  114.4208984375
Memory cached:  212.0
	 epoch  50 training error:  tensor(0.1175, device='cuda:0', grad_fn=<DivBackward0>)
Memory status after this epoch: 
Memory allocated:  114.4208984375
Memory cached:  212.0
	 epoch  60 training error:  tensor(0.1138, device='cuda:0', grad_fn=<DivBackward0>)
Memory status after this epoch: 
Memory allocated:  114.4208984375
Memory cached:  212.0
	 epoch  70 training error:  tensor(0.1136, device='cuda:0', grad_fn=<DivBackward0>)
Memory status after this epoch: 
Memory allocated:  114.4208984375
Memory cached:  212.0
	 epoch  80 training error:  tensor(0.1135, device='cuda:0', grad_fn=<DivBackward0>)
Memory status after this epoch: 
Memory allocated:  114.4208984375
Memory cached:  212.0
	 epoch  90 training error:  tensor(0.1134, device='cuda:0', grad_fn=<DivBackward0>)
Memory status after this epoch: 
Memory allocated:  114.4208984375
Memory cached:  212.0
[I 2023-12-02 22:44:36,577] Trial 7 finished with value: 0.13083067536354065 and parameters: {'W_layers': 2, 'W_layer_units_exponent_0': 6, 'W_layer_units_exponent_1': 7, 'D_layers': 2, 'D_layer_units_exponent_0': 9, 'D_layer_units_exponent_1': 8, 'D_dagger_layers': 8, 'D_dagger_layer_units_exponent_0': 4, 'D_dagger_layer_units_exponent_1': 4, 'D_dagger_layer_units_exponent_2': 7, 'D_dagger_layer_units_exponent_3': 9, 'D_dagger_layer_units_exponent_4': 9, 'D_dagger_layer_units_exponent_5': 4, 'D_dagger_layer_units_exponent_6': 5, 'D_dagger_layer_units_exponent_7': 4, 'log_learning_rate': -4.772548858566626, 'log_learning_rate_D': -2.995831191830544, 'log_learning_rate_D_dagger': -1.6704234936888138, 'training_batch_size': 10, 'training_p': 2}. Best is trial 2 with value: 0.07184018194675446.
Time for this trial:  16.57146406173706
Memory status after this trial: 
Memory allocated:  187.99951171875
Memory cached:  220.0
--------------------  Trial  8   --------------------
Start timing: 
Parameters: 
{'W_layers': 7, 'W_layer_units_exponent_0': 5, 'W_layer_units_exponent_1': 4, 'W_layer_units_exponent_2': 7, 'W_layer_units_exponent_3': 6, 'W_layer_units_exponent_4': 6, 'W_layer_units_exponent_5': 7, 'W_layer_units_exponent_6': 9, 'D_layers': 3, 'D_layer_units_exponent_0': 5, 'D_layer_units_exponent_1': 4, 'D_layer_units_exponent_2': 8, 'D_dagger_layers': 7, 'D_dagger_layer_units_exponent_0': 8, 'D_dagger_layer_units_exponent_1': 4, 'D_dagger_layer_units_exponent_2': 9, 'D_dagger_layer_units_exponent_3': 6, 'D_dagger_layer_units_exponent_4': 6, 'D_dagger_layer_units_exponent_5': 4, 'D_dagger_layer_units_exponent_6': 7, 'log_learning_rate': -2.7472273694003233, 'log_learning_rate_D': -1.2021954840271656, 'log_learning_rate_D_dagger': -3.6023312343360945, 'training_batch_size': 8, 'training_p': 4}
	 epoch  0 training error:  tensor(1.0598, device='cuda:0', grad_fn=<DivBackward0>)
Memory status after this epoch: 
Memory allocated:  110.802734375
Memory cached:  210.0
	 epoch  10 training error:  tensor(0.2446, device='cuda:0', grad_fn=<DivBackward0>)
Memory status after this epoch: 
Memory allocated:  110.802734375
Memory cached:  210.0
	 epoch  20 training error:  tensor(0.1864, device='cuda:0', grad_fn=<DivBackward0>)
Memory status after this epoch: 
Memory allocated:  110.802734375
Memory cached:  210.0
	 epoch  30 training error:  tensor(0.1345, device='cuda:0', grad_fn=<DivBackward0>)
Memory status after this epoch: 
Memory allocated:  110.802734375
Memory cached:  210.0
	 epoch  40 training error:  tensor(0.0940, device='cuda:0', grad_fn=<DivBackward0>)
Memory status after this epoch: 
Memory allocated:  110.802734375
Memory cached:  210.0
	 epoch  50 training error:  tensor(0.1097, device='cuda:0', grad_fn=<DivBackward0>)
Memory status after this epoch: 
Memory allocated:  110.802734375
Memory cached:  210.0
	 epoch  60 training error:  tensor(0.0943, device='cuda:0', grad_fn=<DivBackward0>)
Memory status after this epoch: 
Memory allocated:  110.802734375
Memory cached:  210.0
	 epoch  70 training error:  tensor(0.0866, device='cuda:0', grad_fn=<DivBackward0>)
Memory status after this epoch: 
Memory allocated:  110.802734375
Memory cached:  210.0
	 epoch  80 training error:  tensor(0.0869, device='cuda:0', grad_fn=<DivBackward0>)
Memory status after this epoch: 
Memory allocated:  110.802734375
Memory cached:  210.0
	 epoch  90 training error:  tensor(0.0841, device='cuda:0', grad_fn=<DivBackward0>)
Memory status after this epoch: 
Memory allocated:  110.802734375
Memory cached:  210.0
[I 2023-12-02 22:44:54,118] Trial 8 finished with value: 0.07963192462921143 and parameters: {'W_layers': 7, 'W_layer_units_exponent_0': 5, 'W_layer_units_exponent_1': 4, 'W_layer_units_exponent_2': 7, 'W_layer_units_exponent_3': 6, 'W_layer_units_exponent_4': 6, 'W_layer_units_exponent_5': 7, 'W_layer_units_exponent_6': 9, 'D_layers': 3, 'D_layer_units_exponent_0': 5, 'D_layer_units_exponent_1': 4, 'D_layer_units_exponent_2': 8, 'D_dagger_layers': 7, 'D_dagger_layer_units_exponent_0': 8, 'D_dagger_layer_units_exponent_1': 4, 'D_dagger_layer_units_exponent_2': 9, 'D_dagger_layer_units_exponent_3': 6, 'D_dagger_layer_units_exponent_4': 6, 'D_dagger_layer_units_exponent_5': 4, 'D_dagger_layer_units_exponent_6': 7, 'log_learning_rate': -2.7472273694003233, 'log_learning_rate_D': -1.2021954840271656, 'log_learning_rate_D_dagger': -3.6023312343360945, 'training_batch_size': 8, 'training_p': 4}. Best is trial 2 with value: 0.07184018194675446.
Time for this trial:  17.418233156204224
Memory status after this trial: 
Memory allocated:  213.82080078125
Memory cached:  234.0
--------------------  Trial  9   --------------------
Start timing: 
Parameters: 
{'W_layers': 3, 'W_layer_units_exponent_0': 8, 'W_layer_units_exponent_1': 6, 'W_layer_units_exponent_2': 7, 'D_layers': 2, 'D_layer_units_exponent_0': 6, 'D_layer_units_exponent_1': 7, 'D_dagger_layers': 4, 'D_dagger_layer_units_exponent_0': 9, 'D_dagger_layer_units_exponent_1': 10, 'D_dagger_layer_units_exponent_2': 6, 'D_dagger_layer_units_exponent_3': 9, 'log_learning_rate': -4.526228982361069, 'log_learning_rate_D': -2.055370590723397, 'log_learning_rate_D_dagger': -2.72517760944957, 'training_batch_size': 12, 'training_p': 4}
	 epoch  0 training error:  tensor(0.2272, device='cuda:0', grad_fn=<DivBackward0>)
Memory status after this epoch: 
Memory allocated:  119.67236328125
Memory cached:  210.0
	 epoch  10 training error:  tensor(0.3223, device='cuda:0', grad_fn=<DivBackward0>)
Memory status after this epoch: 
Memory allocated:  119.67236328125
Memory cached:  210.0
	 epoch  20 training error:  tensor(0.1278, device='cuda:0', grad_fn=<DivBackward0>)
Memory status after this epoch: 
Memory allocated:  119.67236328125
Memory cached:  210.0
	 epoch  30 training error:  tensor(0.0928, device='cuda:0', grad_fn=<DivBackward0>)
Memory status after this epoch: 
Memory allocated:  119.67236328125
Memory cached:  210.0
	 epoch  40 training error:  tensor(0.0849, device='cuda:0', grad_fn=<DivBackward0>)
Memory status after this epoch: 
Memory allocated:  119.67236328125
Memory cached:  210.0
	 epoch  50 training error:  tensor(0.0797, device='cuda:0', grad_fn=<DivBackward0>)
Memory status after this epoch: 
Memory allocated:  119.67236328125
Memory cached:  210.0
	 epoch  60 training error:  tensor(0.0784, device='cuda:0', grad_fn=<DivBackward0>)
Memory status after this epoch: 
Memory allocated:  119.67236328125
Memory cached:  210.0
	 epoch  70 training error:  tensor(0.0774, device='cuda:0', grad_fn=<DivBackward0>)
Memory status after this epoch: 
Memory allocated:  119.67236328125
Memory cached:  210.0
	 epoch  80 training error:  tensor(0.0775, device='cuda:0', grad_fn=<DivBackward0>)
Memory status after this epoch: 
Memory allocated:  119.67236328125
Memory cached:  210.0
	 epoch  90 training error:  tensor(0.0788, device='cuda:0', grad_fn=<DivBackward0>)
Memory status after this epoch: 
Memory allocated:  119.67236328125
Memory cached:  210.0
[I 2023-12-02 22:45:11,524] Trial 9 finished with value: 0.072943314909935 and parameters: {'W_layers': 3, 'W_layer_units_exponent_0': 8, 'W_layer_units_exponent_1': 6, 'W_layer_units_exponent_2': 7, 'D_layers': 2, 'D_layer_units_exponent_0': 6, 'D_layer_units_exponent_1': 7, 'D_dagger_layers': 4, 'D_dagger_layer_units_exponent_0': 9, 'D_dagger_layer_units_exponent_1': 10, 'D_dagger_layer_units_exponent_2': 6, 'D_dagger_layer_units_exponent_3': 9, 'log_learning_rate': -4.526228982361069, 'log_learning_rate_D': -2.055370590723397, 'log_learning_rate_D_dagger': -2.72517760944957, 'training_batch_size': 12, 'training_p': 4}. Best is trial 2 with value: 0.07184018194675446.
Time for this trial:  17.27930784225464
Memory status after this trial: 
Memory allocated:  247.50048828125
Memory cached:  270.0
--------------------  Trial  10   --------------------
Start timing: 
Parameters: 
{'W_layers': 2, 'W_layer_units_exponent_0': 9, 'W_layer_units_exponent_1': 9, 'D_layers': 4, 'D_layer_units_exponent_0': 10, 'D_layer_units_exponent_1': 5, 'D_layer_units_exponent_2': 10, 'D_layer_units_exponent_3': 6, 'D_dagger_layers': 2, 'D_dagger_layer_units_exponent_0': 10, 'D_dagger_layer_units_exponent_1': 6, 'log_learning_rate': -1.1859097422776568, 'log_learning_rate_D': -4.456117627335117, 'log_learning_rate_D_dagger': -2.191594004788967, 'training_batch_size': 12, 'training_p': 2}
	 epoch  0 training error:  tensor(0.4347, device='cuda:0', grad_fn=<DivBackward0>)
Memory status after this epoch: 
Memory allocated:  114.15283203125
Memory cached:  210.0
	 epoch  10 training error:  tensor(154.7032, device='cuda:0', grad_fn=<DivBackward0>)
Memory status after this epoch: 
Memory allocated:  114.15283203125
Memory cached:  210.0
	 epoch  20 training error:  tensor(142.1500, device='cuda:0', grad_fn=<DivBackward0>)
Memory status after this epoch: 
Memory allocated:  114.15283203125
Memory cached:  210.0
	 epoch  30 training error:  tensor(11.1142, device='cuda:0', grad_fn=<DivBackward0>)
Memory status after this epoch: 
Memory allocated:  114.15283203125
Memory cached:  210.0
	 epoch  40 training error:  tensor(10.4691, device='cuda:0', grad_fn=<DivBackward0>)
Memory status after this epoch: 
Memory allocated:  114.15283203125
Memory cached:  210.0
	 epoch  50 training error:  tensor(11.2905, device='cuda:0', grad_fn=<DivBackward0>)
Memory status after this epoch: 
Memory allocated:  114.15283203125
Memory cached:  210.0
	 epoch  60 training error:  tensor(3.5555, device='cuda:0', grad_fn=<DivBackward0>)
Memory status after this epoch: 
Memory allocated:  114.15283203125
Memory cached:  210.0
	 epoch  70 training error:  tensor(2.7405, device='cuda:0', grad_fn=<DivBackward0>)
Memory status after this epoch: 
Memory allocated:  114.15283203125
Memory cached:  210.0
	 epoch  80 training error:  tensor(1.4669, device='cuda:0', grad_fn=<DivBackward0>)
Memory status after this epoch: 
Memory allocated:  114.15283203125
Memory cached:  210.0
	 epoch  90 training error:  tensor(0.4537, device='cuda:0', grad_fn=<DivBackward0>)
Memory status after this epoch: 
Memory allocated:  114.15283203125
Memory cached:  210.0
