[I 2023-12-03 01:04:55,857] Trial 46 finished with value: 0.04227359965443611 and parameters: {'W_layers': 7, 'W_layer_units_exponent_0': 8, 'W_layer_units_exponent_1': 8, 'W_layer_units_exponent_2': 8, 'W_layer_units_exponent_3': 4, 'W_layer_units_exponent_4': 6, 'W_layer_units_exponent_5': 4, 'W_layer_units_exponent_6': 8, 'D_layers': 5, 'D_layer_units_exponent_0': 10, 'D_layer_units_exponent_1': 4, 'D_layer_units_exponent_2': 7, 'D_layer_units_exponent_3': 9, 'D_layer_units_exponent_4': 6, 'log_learning_rate': -4.0542694883217, 'log_learning_rate_D': -3.1042997239418737, 'training_batch_size': 8, 'training_p': 2}. Best is trial 41 with value: 0.025145739316940308.
Time for this trial:  52.92598557472229
Memory status after this trial: 
Memory allocated:  130.22509765625
Memory cached:  134.0
--------------------  Trial  47   --------------------
Start timing: 
Parameters: 
{'W_layers': 8, 'W_layer_units_exponent_0': 7, 'W_layer_units_exponent_1': 8, 'W_layer_units_exponent_2': 7, 'W_layer_units_exponent_3': 4, 'W_layer_units_exponent_4': 6, 'W_layer_units_exponent_5': 5, 'W_layer_units_exponent_6': 9, 'W_layer_units_exponent_7': 7, 'D_layers': 7, 'D_layer_units_exponent_0': 9, 'D_layer_units_exponent_1': 4, 'D_layer_units_exponent_2': 9, 'D_layer_units_exponent_3': 9, 'D_layer_units_exponent_4': 5, 'D_layer_units_exponent_5': 6, 'D_layer_units_exponent_6': 10, 'log_learning_rate': -3.6033138129583397, 'log_learning_rate_D': -2.7752163531039273, 'training_batch_size': 7, 'training_p': 2}
	 epoch  0 training error:  tensor(0.9204, device='cuda:0', grad_fn=<DivBackward0>)
Memory status after this epoch: 
Memory allocated:  70.77001953125
Memory cached:  96.0
	 epoch  10 training error:  tensor(0.1376, device='cuda:0', grad_fn=<DivBackward0>)
Memory status after this epoch: 
Memory allocated:  70.77001953125
Memory cached:  98.0
	 epoch  20 training error:  tensor(0.0822, device='cuda:0', grad_fn=<DivBackward0>)
Memory status after this epoch: 
Memory allocated:  70.77001953125
Memory cached:  98.0
	 epoch  30 training error:  tensor(0.0605, device='cuda:0', grad_fn=<DivBackward0>)
Memory status after this epoch: 
Memory allocated:  70.77001953125
Memory cached:  98.0
	 epoch  40 training error:  tensor(0.0484, device='cuda:0', grad_fn=<DivBackward0>)
Memory status after this epoch: 
Memory allocated:  70.77001953125
Memory cached:  98.0
	 epoch  50 training error:  tensor(0.0349, device='cuda:0', grad_fn=<DivBackward0>)
Memory status after this epoch: 
Memory allocated:  70.77001953125
Memory cached:  98.0
	 epoch  60 training error:  tensor(0.0357, device='cuda:0', grad_fn=<DivBackward0>)
Memory status after this epoch: 
Memory allocated:  70.77001953125
Memory cached:  98.0
	 epoch  70 training error:  tensor(0.0492, device='cuda:0', grad_fn=<DivBackward0>)
Memory status after this epoch: 
Memory allocated:  70.77001953125
Memory cached:  98.0
	 epoch  80 training error:  tensor(0.0296, device='cuda:0', grad_fn=<DivBackward0>)
Memory status after this epoch: 
Memory allocated:  70.77001953125
Memory cached:  98.0
	 epoch  90 training error:  tensor(0.0406, device='cuda:0', grad_fn=<DivBackward0>)
Memory status after this epoch: 
Memory allocated:  70.77001953125
Memory cached:  98.0
[I 2023-12-03 01:05:57,109] Trial 47 finished with value: 0.0229322649538517 and parameters: {'W_layers': 8, 'W_layer_units_exponent_0': 7, 'W_layer_units_exponent_1': 8, 'W_layer_units_exponent_2': 7, 'W_layer_units_exponent_3': 4, 'W_layer_units_exponent_4': 6, 'W_layer_units_exponent_5': 5, 'W_layer_units_exponent_6': 9, 'W_layer_units_exponent_7': 7, 'D_layers': 7, 'D_layer_units_exponent_0': 9, 'D_layer_units_exponent_1': 4, 'D_layer_units_exponent_2': 9, 'D_layer_units_exponent_3': 9, 'D_layer_units_exponent_4': 5, 'D_layer_units_exponent_5': 6, 'D_layer_units_exponent_6': 10, 'log_learning_rate': -3.6033138129583397, 'log_learning_rate_D': -2.7752163531039273, 'training_batch_size': 7, 'training_p': 2}. Best is trial 47 with value: 0.0229322649538517.
res:  tensor(0.0229, device='cuda:0', grad_fn=<DivBackward0>)
self.bestValue:  tensor(0.0251, device='cuda:0', grad_fn=<DivBackward0>)
Save this model!
Time for this trial:  61.03394269943237
Memory status after this trial: 
Memory allocated:  93.87158203125
Memory cached:  160.0
--------------------  Trial  48   --------------------
Start timing: 
Parameters: 
{'W_layers': 8, 'W_layer_units_exponent_0': 7, 'W_layer_units_exponent_1': 8, 'W_layer_units_exponent_2': 7, 'W_layer_units_exponent_3': 4, 'W_layer_units_exponent_4': 6, 'W_layer_units_exponent_5': 6, 'W_layer_units_exponent_6': 9, 'W_layer_units_exponent_7': 7, 'D_layers': 7, 'D_layer_units_exponent_0': 9, 'D_layer_units_exponent_1': 4, 'D_layer_units_exponent_2': 9, 'D_layer_units_exponent_3': 9, 'D_layer_units_exponent_4': 5, 'D_layer_units_exponent_5': 6, 'D_layer_units_exponent_6': 10, 'log_learning_rate': -3.5966742132257243, 'log_learning_rate_D': -2.675661148376724, 'training_batch_size': 10, 'training_p': 2}
	 epoch  0 training error:  tensor(1.4851, device='cuda:0', grad_fn=<DivBackward0>)
Memory status after this epoch: 
Memory allocated:  102.33984375
Memory cached:  162.0
	 epoch  10 training error:  tensor(0.2305, device='cuda:0', grad_fn=<DivBackward0>)
Memory status after this epoch: 
Memory allocated:  102.33984375
Memory cached:  166.0
	 epoch  20 training error:  tensor(0.0890, device='cuda:0', grad_fn=<DivBackward0>)
Memory status after this epoch: 
Memory allocated:  102.33984375
Memory cached:  166.0
	 epoch  30 training error:  tensor(0.0750, device='cuda:0', grad_fn=<DivBackward0>)
Memory status after this epoch: 
Memory allocated:  102.33984375
Memory cached:  166.0
	 epoch  40 training error:  tensor(0.0590, device='cuda:0', grad_fn=<DivBackward0>)
Memory status after this epoch: 
Memory allocated:  102.33984375
Memory cached:  166.0
	 epoch  50 training error:  tensor(0.0607, device='cuda:0', grad_fn=<DivBackward0>)
Memory status after this epoch: 
Memory allocated:  102.33984375
Memory cached:  166.0
	 epoch  60 training error:  tensor(0.0442, device='cuda:0', grad_fn=<DivBackward0>)
Memory status after this epoch: 
Memory allocated:  102.33984375
Memory cached:  166.0
	 epoch  70 training error:  tensor(0.0340, device='cuda:0', grad_fn=<DivBackward0>)
Memory status after this epoch: 
Memory allocated:  102.33984375
Memory cached:  166.0
	 epoch  80 training error:  tensor(0.0380, device='cuda:0', grad_fn=<DivBackward0>)
Memory status after this epoch: 
Memory allocated:  102.33984375
Memory cached:  166.0
	 epoch  90 training error:  tensor(0.0336, device='cuda:0', grad_fn=<DivBackward0>)
Memory status after this epoch: 
Memory allocated:  102.33984375
Memory cached:  166.0
[I 2023-12-03 01:06:56,580] Trial 48 finished with value: 0.037789590656757355 and parameters: {'W_layers': 8, 'W_layer_units_exponent_0': 7, 'W_layer_units_exponent_1': 8, 'W_layer_units_exponent_2': 7, 'W_layer_units_exponent_3': 4, 'W_layer_units_exponent_4': 6, 'W_layer_units_exponent_5': 6, 'W_layer_units_exponent_6': 9, 'W_layer_units_exponent_7': 7, 'D_layers': 7, 'D_layer_units_exponent_0': 9, 'D_layer_units_exponent_1': 4, 'D_layer_units_exponent_2': 9, 'D_layer_units_exponent_3': 9, 'D_layer_units_exponent_4': 5, 'D_layer_units_exponent_5': 6, 'D_layer_units_exponent_6': 10, 'log_learning_rate': -3.5966742132257243, 'log_learning_rate_D': -2.675661148376724, 'training_batch_size': 10, 'training_p': 2}. Best is trial 47 with value: 0.0229322649538517.
Time for this trial:  59.24839639663696
Memory status after this trial: 
Memory allocated:  188.61572265625
Memory cached:  194.0
--------------------  Trial  49   --------------------
Start timing: 
Parameters: 
{'W_layers': 8, 'W_layer_units_exponent_0': 7, 'W_layer_units_exponent_1': 8, 'W_layer_units_exponent_2': 7, 'W_layer_units_exponent_3': 5, 'W_layer_units_exponent_4': 8, 'W_layer_units_exponent_5': 4, 'W_layer_units_exponent_6': 9, 'W_layer_units_exponent_7': 6, 'D_layers': 7, 'D_layer_units_exponent_0': 10, 'D_layer_units_exponent_1': 4, 'D_layer_units_exponent_2': 8, 'D_layer_units_exponent_3': 9, 'D_layer_units_exponent_4': 7, 'D_layer_units_exponent_5': 8, 'D_layer_units_exponent_6': 8, 'log_learning_rate': -4.355511122958321, 'log_learning_rate_D': -2.7475280753041584, 'training_batch_size': 8, 'training_p': 3}
	 epoch  0 training error:  tensor(1.3433, device='cuda:0', grad_fn=<DivBackward0>)
Memory status after this epoch: 
Memory allocated:  100.8671875
Memory cached:  162.0
	 epoch  10 training error:  tensor(0.2962, device='cuda:0', grad_fn=<DivBackward0>)
Memory status after this epoch: 
Memory allocated:  100.8671875
Memory cached:  162.0
	 epoch  20 training error:  tensor(0.1591, device='cuda:0', grad_fn=<DivBackward0>)
Memory status after this epoch: 
Memory allocated:  100.8671875
Memory cached:  162.0
	 epoch  30 training error:  tensor(0.0848, device='cuda:0', grad_fn=<DivBackward0>)
Memory status after this epoch: 
Memory allocated:  100.8671875
Memory cached:  162.0
	 epoch  40 training error:  tensor(0.0650, device='cuda:0', grad_fn=<DivBackward0>)
Memory status after this epoch: 
Memory allocated:  100.8671875
Memory cached:  162.0
	 epoch  50 training error:  tensor(0.0657, device='cuda:0', grad_fn=<DivBackward0>)
Memory status after this epoch: 
Memory allocated:  100.8671875
Memory cached:  162.0
	 epoch  60 training error:  tensor(0.0625, device='cuda:0', grad_fn=<DivBackward0>)
Memory status after this epoch: 
Memory allocated:  100.8671875
Memory cached:  162.0
	 epoch  70 training error:  tensor(0.0565, device='cuda:0', grad_fn=<DivBackward0>)
Memory status after this epoch: 
Memory allocated:  100.8671875
Memory cached:  162.0
	 epoch  80 training error:  tensor(0.0487, device='cuda:0', grad_fn=<DivBackward0>)
Memory status after this epoch: 
Memory allocated:  100.8671875
Memory cached:  162.0
	 epoch  90 training error:  tensor(0.0407, device='cuda:0', grad_fn=<DivBackward0>)
Memory status after this epoch: 
Memory allocated:  100.8671875
Memory cached:  162.0
[I 2023-12-03 01:07:57,707] Trial 49 finished with value: 0.04172637686133385 and parameters: {'W_layers': 8, 'W_layer_units_exponent_0': 7, 'W_layer_units_exponent_1': 8, 'W_layer_units_exponent_2': 7, 'W_layer_units_exponent_3': 5, 'W_layer_units_exponent_4': 8, 'W_layer_units_exponent_5': 4, 'W_layer_units_exponent_6': 9, 'W_layer_units_exponent_7': 6, 'D_layers': 7, 'D_layer_units_exponent_0': 10, 'D_layer_units_exponent_1': 4, 'D_layer_units_exponent_2': 8, 'D_layer_units_exponent_3': 9, 'D_layer_units_exponent_4': 7, 'D_layer_units_exponent_5': 8, 'D_layer_units_exponent_6': 8, 'log_learning_rate': -4.355511122958321, 'log_learning_rate_D': -2.7475280753041584, 'training_batch_size': 8, 'training_p': 3}. Best is trial 47 with value: 0.0229322649538517.
Time for this trial:  60.88793158531189
Memory status after this trial: 
Memory allocated:  185.0009765625
Memory cached:  190.0
