[I 2023-12-02 22:57:45,229] Trial 4 finished with value: 0.04705343395471573 and parameters: {'W_layers': 2, 'W_layer_units_exponent_0': 10, 'W_layer_units_exponent_1': 4, 'D_layers': 7, 'D_layer_units_exponent_0': 8, 'D_layer_units_exponent_1': 4, 'D_layer_units_exponent_2': 5, 'D_layer_units_exponent_3': 4, 'D_layer_units_exponent_4': 6, 'D_layer_units_exponent_5': 6, 'D_layer_units_exponent_6': 8, 'log_learning_rate': -2.249261910241137, 'log_learning_rate_D': -3.0805825864975533, 'training_batch_size': 11, 'training_p': 2}. Best is trial 1 with value: 0.039891041815280914.
Time for this trial:  43.22230005264282
Memory status after this trial: 
Memory allocated:  93.50146484375
Memory cached:  132.0
--------------------  Trial  5   --------------------
Start timing: 
Parameters: 
{'W_layers': 6, 'W_layer_units_exponent_0': 6, 'W_layer_units_exponent_1': 10, 'W_layer_units_exponent_2': 5, 'W_layer_units_exponent_3': 10, 'W_layer_units_exponent_4': 6, 'W_layer_units_exponent_5': 4, 'D_layers': 2, 'D_layer_units_exponent_0': 7, 'D_layer_units_exponent_1': 9, 'log_learning_rate': -2.106983310269947, 'log_learning_rate_D': -2.9308780905957947, 'training_batch_size': 11, 'training_p': 7}
	 epoch  0 training error:  tensor(1.7103, device='cuda:0', grad_fn=<DivBackward0>)
Memory status after this epoch: 
Memory allocated:  57.14404296875
Memory cached:  132.0
	 epoch  10 training error:  tensor(0.5052, device='cuda:0', grad_fn=<DivBackward0>)
Memory status after this epoch: 
Memory allocated:  57.14404296875
Memory cached:  132.0
	 epoch  20 training error:  tensor(0.5644, device='cuda:0', grad_fn=<DivBackward0>)
Memory status after this epoch: 
Memory allocated:  57.14404296875
Memory cached:  132.0
	 epoch  30 training error:  tensor(0.1478, device='cuda:0', grad_fn=<DivBackward0>)
Memory status after this epoch: 
Memory allocated:  57.14404296875
Memory cached:  132.0
	 epoch  40 training error:  tensor(0.1494, device='cuda:0', grad_fn=<DivBackward0>)
Memory status after this epoch: 
Memory allocated:  57.14404296875
Memory cached:  132.0
	 epoch  50 training error:  tensor(0.1467, device='cuda:0', grad_fn=<DivBackward0>)
Memory status after this epoch: 
Memory allocated:  57.14404296875
Memory cached:  132.0
	 epoch  60 training error:  tensor(0.1464, device='cuda:0', grad_fn=<DivBackward0>)
Memory status after this epoch: 
Memory allocated:  57.14404296875
Memory cached:  132.0
	 epoch  70 training error:  tensor(0.1464, device='cuda:0', grad_fn=<DivBackward0>)
Memory status after this epoch: 
Memory allocated:  57.14404296875
Memory cached:  132.0
	 epoch  80 training error:  tensor(0.1464, device='cuda:0', grad_fn=<DivBackward0>)
Memory status after this epoch: 
Memory allocated:  57.14404296875
Memory cached:  132.0
	 epoch  90 training error:  tensor(0.1463, device='cuda:0', grad_fn=<DivBackward0>)
Memory status after this epoch: 
Memory allocated:  57.14404296875
Memory cached:  132.0
[I 2023-12-02 22:58:30,403] Trial 5 finished with value: 0.1296425461769104 and parameters: {'W_layers': 6, 'W_layer_units_exponent_0': 6, 'W_layer_units_exponent_1': 10, 'W_layer_units_exponent_2': 5, 'W_layer_units_exponent_3': 10, 'W_layer_units_exponent_4': 6, 'W_layer_units_exponent_5': 4, 'D_layers': 2, 'D_layer_units_exponent_0': 7, 'D_layer_units_exponent_1': 9, 'log_learning_rate': -2.106983310269947, 'log_learning_rate_D': -2.9308780905957947, 'training_batch_size': 11, 'training_p': 7}. Best is trial 1 with value: 0.039891041815280914.
Time for this trial:  45.04028940200806
Memory status after this trial: 
Memory allocated:  120.669921875
Memory cached:  132.0
--------------------  Trial  6   --------------------
Start timing: 
Parameters: 
{'W_layers': 4, 'W_layer_units_exponent_0': 10, 'W_layer_units_exponent_1': 7, 'W_layer_units_exponent_2': 9, 'W_layer_units_exponent_3': 9, 'D_layers': 6, 'D_layer_units_exponent_0': 7, 'D_layer_units_exponent_1': 9, 'D_layer_units_exponent_2': 6, 'D_layer_units_exponent_3': 4, 'D_layer_units_exponent_4': 6, 'D_layer_units_exponent_5': 4, 'log_learning_rate': -3.219440227237649, 'log_learning_rate_D': -3.012538522079453, 'training_batch_size': 10, 'training_p': 8}
	 epoch  0 training error:  tensor(1.3634, device='cuda:0', grad_fn=<DivBackward0>)
Memory status after this epoch: 
Memory allocated:  61.72021484375
Memory cached:  134.0
	 epoch  10 training error:  tensor(0.9187, device='cuda:0', grad_fn=<DivBackward0>)
Memory status after this epoch: 
Memory allocated:  61.72021484375
Memory cached:  132.0
	 epoch  20 training error:  tensor(0.1693, device='cuda:0', grad_fn=<DivBackward0>)
Memory status after this epoch: 
Memory allocated:  61.72021484375
Memory cached:  132.0
	 epoch  30 training error:  tensor(0.2192, device='cuda:0', grad_fn=<DivBackward0>)
Memory status after this epoch: 
Memory allocated:  61.72021484375
Memory cached:  132.0
	 epoch  40 training error:  tensor(0.1822, device='cuda:0', grad_fn=<DivBackward0>)
Memory status after this epoch: 
Memory allocated:  61.72021484375
Memory cached:  132.0
	 epoch  50 training error:  tensor(0.2441, device='cuda:0', grad_fn=<DivBackward0>)
Memory status after this epoch: 
Memory allocated:  61.72021484375
Memory cached:  132.0
	 epoch  60 training error:  tensor(0.1577, device='cuda:0', grad_fn=<DivBackward0>)
Memory status after this epoch: 
Memory allocated:  61.72021484375
Memory cached:  132.0
	 epoch  70 training error:  tensor(0.0936, device='cuda:0', grad_fn=<DivBackward0>)
Memory status after this epoch: 
Memory allocated:  61.72021484375
Memory cached:  132.0
	 epoch  80 training error:  tensor(0.1136, device='cuda:0', grad_fn=<DivBackward0>)
Memory status after this epoch: 
Memory allocated:  61.72021484375
Memory cached:  132.0
	 epoch  90 training error:  tensor(0.1003, device='cuda:0', grad_fn=<DivBackward0>)
Memory status after this epoch: 
Memory allocated:  61.72021484375
Memory cached:  132.0
[I 2023-12-02 22:59:20,102] Trial 6 finished with value: 0.07033988833427429 and parameters: {'W_layers': 4, 'W_layer_units_exponent_0': 10, 'W_layer_units_exponent_1': 7, 'W_layer_units_exponent_2': 9, 'W_layer_units_exponent_3': 9, 'D_layers': 6, 'D_layer_units_exponent_0': 7, 'D_layer_units_exponent_1': 9, 'D_layer_units_exponent_2': 6, 'D_layer_units_exponent_3': 4, 'D_layer_units_exponent_4': 6, 'D_layer_units_exponent_5': 4, 'log_learning_rate': -3.219440227237649, 'log_learning_rate_D': -3.012538522079453, 'training_batch_size': 10, 'training_p': 8}. Best is trial 1 with value: 0.039891041815280914.
Time for this trial:  49.569122076034546
Memory status after this trial: 
Memory allocated:  125.556640625
Memory cached:  132.0
--------------------  Trial  7   --------------------
Start timing: 
Parameters: 
{'W_layers': 4, 'W_layer_units_exponent_0': 6, 'W_layer_units_exponent_1': 10, 'W_layer_units_exponent_2': 10, 'W_layer_units_exponent_3': 10, 'D_layers': 7, 'D_layer_units_exponent_0': 6, 'D_layer_units_exponent_1': 4, 'D_layer_units_exponent_2': 4, 'D_layer_units_exponent_3': 9, 'D_layer_units_exponent_4': 4, 'D_layer_units_exponent_5': 7, 'D_layer_units_exponent_6': 8, 'log_learning_rate': -1.9696868193032024, 'log_learning_rate_D': -1.3204013122722134, 'training_batch_size': 8, 'training_p': 8}
	 epoch  0 training error:  tensor(1.0760, device='cuda:0', grad_fn=<DivBackward0>)
Memory status after this epoch: 
Memory allocated:  86.95849609375
Memory cached:  174.0
[W 2023-12-02 22:59:22,652] Trial 7 failed with parameters: {'W_layers': 4, 'W_layer_units_exponent_0': 6, 'W_layer_units_exponent_1': 10, 'W_layer_units_exponent_2': 10, 'W_layer_units_exponent_3': 10, 'D_layers': 7, 'D_layer_units_exponent_0': 6, 'D_layer_units_exponent_1': 4, 'D_layer_units_exponent_2': 4, 'D_layer_units_exponent_3': 9, 'D_layer_units_exponent_4': 4, 'D_layer_units_exponent_5': 7, 'D_layer_units_exponent_6': 8, 'log_learning_rate': -1.9696868193032024, 'log_learning_rate_D': -1.3204013122722134, 'training_batch_size': 8, 'training_p': 8} because of the following error: The value nan is not acceptable.
[W 2023-12-02 22:59:22,653] Trial 7 failed with value tensor(nan, device='cuda:0', grad_fn=<DivBackward0>).
Time for this trial:  2.4314522743225098
Memory status after this trial: 
Memory allocated:  164.93408203125
Memory cached:  172.0
--------------------  Trial  8   --------------------
Start timing: 
Parameters: 
{'W_layers': 8, 'W_layer_units_exponent_0': 4, 'W_layer_units_exponent_1': 10, 'W_layer_units_exponent_2': 4, 'W_layer_units_exponent_3': 7, 'W_layer_units_exponent_4': 9, 'W_layer_units_exponent_5': 7, 'W_layer_units_exponent_6': 5, 'W_layer_units_exponent_7': 9, 'D_layers': 4, 'D_layer_units_exponent_0': 8, 'D_layer_units_exponent_1': 7, 'D_layer_units_exponent_2': 4, 'D_layer_units_exponent_3': 6, 'log_learning_rate': -3.163322445106711, 'log_learning_rate_D': -3.5320166069984147, 'training_batch_size': 7, 'training_p': 8}
	 epoch  0 training error:  tensor(1.4424, device='cuda:0', grad_fn=<DivBackward0>)
Memory status after this epoch: 
Memory allocated:  56.52490234375
Memory cached:  134.0
	 epoch  10 training error:  tensor(0.2973, device='cuda:0', grad_fn=<DivBackward0>)
Memory status after this epoch: 
Memory allocated:  56.52490234375
Memory cached:  134.0
	 epoch  20 training error:  tensor(0.1263, device='cuda:0', grad_fn=<DivBackward0>)
Memory status after this epoch: 
Memory allocated:  56.52490234375
Memory cached:  134.0
	 epoch  30 training error:  tensor(0.1084, device='cuda:0', grad_fn=<DivBackward0>)
Memory status after this epoch: 
Memory allocated:  56.52490234375
Memory cached:  134.0
	 epoch  40 training error:  tensor(0.0780, device='cuda:0', grad_fn=<DivBackward0>)
Memory status after this epoch: 
Memory allocated:  56.52490234375
Memory cached:  134.0
	 epoch  50 training error:  tensor(0.0659, device='cuda:0', grad_fn=<DivBackward0>)
Memory status after this epoch: 
Memory allocated:  56.52490234375
Memory cached:  134.0
	 epoch  60 training error:  tensor(0.0603, device='cuda:0', grad_fn=<DivBackward0>)
Memory status after this epoch: 
Memory allocated:  56.52490234375
Memory cached:  134.0
	 epoch  70 training error:  tensor(0.0535, device='cuda:0', grad_fn=<DivBackward0>)
Memory status after this epoch: 
Memory allocated:  56.52490234375
Memory cached:  134.0
	 epoch  80 training error:  tensor(0.0464, device='cuda:0', grad_fn=<DivBackward0>)
Memory status after this epoch: 
Memory allocated:  56.52490234375
Memory cached:  134.0
	 epoch  90 training error:  tensor(0.0567, device='cuda:0', grad_fn=<DivBackward0>)
Memory status after this epoch: 
Memory allocated:  56.52490234375
Memory cached:  134.0
[I 2023-12-02 23:00:15,867] Trial 8 finished with value: 0.05131523683667183 and parameters: {'W_layers': 8, 'W_layer_units_exponent_0': 4, 'W_layer_units_exponent_1': 10, 'W_layer_units_exponent_2': 4, 'W_layer_units_exponent_3': 7, 'W_layer_units_exponent_4': 9, 'W_layer_units_exponent_5': 7, 'W_layer_units_exponent_6': 5, 'W_layer_units_exponent_7': 9, 'D_layers': 4, 'D_layer_units_exponent_0': 8, 'D_layer_units_exponent_1': 7, 'D_layer_units_exponent_2': 4, 'D_layer_units_exponent_3': 6, 'log_learning_rate': -3.163322445106711, 'log_learning_rate_D': -3.5320166069984147, 'training_batch_size': 7, 'training_p': 8}. Best is trial 1 with value: 0.039891041815280914.
Time for this trial:  53.0638587474823
Memory status after this trial: 
Memory allocated:  119.81396484375
Memory cached:  132.0
--------------------  Trial  9   --------------------
Start timing: 
Parameters: 
{'W_layers': 3, 'W_layer_units_exponent_0': 5, 'W_layer_units_exponent_1': 4, 'W_layer_units_exponent_2': 10, 'D_layers': 2, 'D_layer_units_exponent_0': 6, 'D_layer_units_exponent_1': 9, 'log_learning_rate': -1.5434938710149142, 'log_learning_rate_D': -4.14494865837571, 'training_batch_size': 6, 'training_p': 8}
	 epoch  0 training error:  tensor(6.1935, device='cuda:0', grad_fn=<DivBackward0>)
Memory status after this epoch: 
Memory allocated:  53.85205078125
Memory cached:  130.0
	 epoch  10 training error:  tensor(11.2305, device='cuda:0', grad_fn=<DivBackward0>)
Memory status after this epoch: 
Memory allocated:  53.85205078125
Memory cached:  130.0
	 epoch  20 training error:  tensor(1.1714, device='cuda:0', grad_fn=<DivBackward0>)
Memory status after this epoch: 
Memory allocated:  53.85205078125
Memory cached:  130.0
	 epoch  30 training error:  tensor(0.8554, device='cuda:0', grad_fn=<DivBackward0>)
Memory status after this epoch: 
Memory allocated:  53.85205078125
Memory cached:  130.0
	 epoch  40 training error:  tensor(0.2570, device='cuda:0', grad_fn=<DivBackward0>)
Memory status after this epoch: 
Memory allocated:  53.85205078125
Memory cached:  130.0
	 epoch  50 training error:  tensor(0.5049, device='cuda:0', grad_fn=<DivBackward0>)
Memory status after this epoch: 
Memory allocated:  53.85205078125
Memory cached:  130.0
	 epoch  60 training error:  tensor(0.2252, device='cuda:0', grad_fn=<DivBackward0>)
Memory status after this epoch: 
Memory allocated:  53.85205078125
Memory cached:  130.0
	 epoch  70 training error:  tensor(0.3160, device='cuda:0', grad_fn=<DivBackward0>)
Memory status after this epoch: 
Memory allocated:  53.85205078125
Memory cached:  130.0
	 epoch  80 training error:  tensor(0.1104, device='cuda:0', grad_fn=<DivBackward0>)
Memory status after this epoch: 
Memory allocated:  53.85205078125
Memory cached:  130.0
	 epoch  90 training error:  tensor(0.0855, device='cuda:0', grad_fn=<DivBackward0>)
Memory status after this epoch: 
Memory allocated:  53.85205078125
Memory cached:  130.0
[I 2023-12-02 23:01:11,068] Trial 9 finished with value: 0.05386148765683174 and parameters: {'W_layers': 3, 'W_layer_units_exponent_0': 5, 'W_layer_units_exponent_1': 4, 'W_layer_units_exponent_2': 10, 'D_layers': 2, 'D_layer_units_exponent_0': 6, 'D_layer_units_exponent_1': 9, 'log_learning_rate': -1.5434938710149142, 'log_learning_rate_D': -4.14494865837571, 'training_batch_size': 6, 'training_p': 8}. Best is trial 1 with value: 0.039891041815280914.
Time for this trial:  55.072333097457886
Memory status after this trial: 
Memory allocated:  91.21875
Memory cached:  130.0
--------------------  Trial  10   --------------------
Start timing: 
Parameters: 
{'W_layers': 6, 'W_layer_units_exponent_0': 7, 'W_layer_units_exponent_1': 4, 'W_layer_units_exponent_2': 9, 'W_layer_units_exponent_3': 5, 'W_layer_units_exponent_4': 10, 'W_layer_units_exponent_5': 4, 'D_layers': 4, 'D_layer_units_exponent_0': 9, 'D_layer_units_exponent_1': 8, 'D_layer_units_exponent_2': 9, 'D_layer_units_exponent_3': 4, 'log_learning_rate': -1.9495103908387903, 'log_learning_rate_D': -3.5066135701401655, 'training_batch_size': 11, 'training_p': 5}
	 epoch  0 training error:  tensor(0.3767, device='cuda:0', grad_fn=<DivBackward0>)
Memory status after this epoch: 
Memory allocated:  58.42724609375
Memory cached:  132.0
	 epoch  10 training error:  tensor(4.2602, device='cuda:0', grad_fn=<DivBackward0>)
Memory status after this epoch: 
Memory allocated:  58.42724609375
Memory cached:  132.0
	 epoch  20 training error:  tensor(1.1135, device='cuda:0', grad_fn=<DivBackward0>)
Memory status after this epoch: 
Memory allocated:  58.42724609375
Memory cached:  132.0
	 epoch  30 training error:  tensor(0.1377, device='cuda:0', grad_fn=<DivBackward0>)
Memory status after this epoch: 
Memory allocated:  58.42724609375
Memory cached:  132.0
	 epoch  40 training error:  tensor(0.3821, device='cuda:0', grad_fn=<DivBackward0>)
Memory status after this epoch: 
Memory allocated:  58.42724609375
Memory cached:  132.0
	 epoch  50 training error:  tensor(0.1594, device='cuda:0', grad_fn=<DivBackward0>)
Memory status after this epoch: 
Memory allocated:  58.42724609375
Memory cached:  132.0
	 epoch  60 training error:  tensor(0.1545, device='cuda:0', grad_fn=<DivBackward0>)
Memory status after this epoch: 
Memory allocated:  58.42724609375
Memory cached:  132.0
	 epoch  70 training error:  tensor(0.1428, device='cuda:0', grad_fn=<DivBackward0>)
Memory status after this epoch: 
Memory allocated:  58.42724609375
Memory cached:  132.0
	 epoch  80 training error:  tensor(0.1428, device='cuda:0', grad_fn=<DivBackward0>)
Memory status after this epoch: 
Memory allocated:  58.42724609375
Memory cached:  132.0
	 epoch  90 training error:  tensor(0.1371, device='cuda:0', grad_fn=<DivBackward0>)
Memory status after this epoch: 
Memory allocated:  58.42724609375
Memory cached:  132.0
[I 2023-12-02 23:02:01,836] Trial 10 finished with value: 0.13259494304656982 and parameters: {'W_layers': 6, 'W_layer_units_exponent_0': 7, 'W_layer_units_exponent_1': 4, 'W_layer_units_exponent_2': 9, 'W_layer_units_exponent_3': 5, 'W_layer_units_exponent_4': 10, 'W_layer_units_exponent_5': 4, 'D_layers': 4, 'D_layer_units_exponent_0': 9, 'D_layer_units_exponent_1': 8, 'D_layer_units_exponent_2': 9, 'D_layer_units_exponent_3': 4, 'log_learning_rate': -1.9495103908387903, 'log_learning_rate_D': -3.5066135701401655, 'training_batch_size': 11, 'training_p': 5}. Best is trial 1 with value: 0.039891041815280914.
Time for this trial:  50.642258167266846
Memory status after this trial: 
Memory allocated:  124.96923828125
Memory cached:  132.0
--------------------  Trial  11   --------------------
Start timing: 
Parameters: 
{'W_layers': 2, 'W_layer_units_exponent_0': 6, 'W_layer_units_exponent_1': 5, 'D_layers': 2, 'D_layer_units_exponent_0': 7, 'D_layer_units_exponent_1': 10, 'log_learning_rate': -3.279734714635154, 'log_learning_rate_D': -4.775584707756857, 'training_batch_size': 11, 'training_p': 7}
	 epoch  0 training error:  tensor(1.9159, device='cuda:0', grad_fn=<DivBackward0>)
Memory status after this epoch: 
Memory allocated:  55.14013671875
Memory cached:  132.0
	 epoch  10 training error:  tensor(0.7011, device='cuda:0', grad_fn=<DivBackward0>)
Memory status after this epoch: 
Memory allocated:  55.14013671875
Memory cached:  132.0
	 epoch  20 training error:  tensor(0.3518, device='cuda:0', grad_fn=<DivBackward0>)
Memory status after this epoch: 
Memory allocated:  55.14013671875
Memory cached:  132.0
	 epoch  30 training error:  tensor(0.1659, device='cuda:0', grad_fn=<DivBackward0>)
Memory status after this epoch: 
Memory allocated:  55.14013671875
Memory cached:  132.0
	 epoch  40 training error:  tensor(0.0995, device='cuda:0', grad_fn=<DivBackward0>)
Memory status after this epoch: 
Memory allocated:  55.14013671875
Memory cached:  132.0
	 epoch  50 training error:  tensor(0.0795, device='cuda:0', grad_fn=<DivBackward0>)
Memory status after this epoch: 
Memory allocated:  55.14013671875
Memory cached:  132.0
	 epoch  60 training error:  tensor(0.0735, device='cuda:0', grad_fn=<DivBackward0>)
Memory status after this epoch: 
Memory allocated:  55.14013671875
Memory cached:  132.0
	 epoch  70 training error:  tensor(0.0670, device='cuda:0', grad_fn=<DivBackward0>)
Memory status after this epoch: 
Memory allocated:  55.14013671875
Memory cached:  132.0
	 epoch  80 training error:  tensor(0.0647, device='cuda:0', grad_fn=<DivBackward0>)
Memory status after this epoch: 
Memory allocated:  55.14013671875
Memory cached:  132.0
	 epoch  90 training error:  tensor(0.0643, device='cuda:0', grad_fn=<DivBackward0>)
Memory status after this epoch: 
Memory allocated:  55.14013671875
Memory cached:  132.0
