[I 2023-12-06 12:00:22,211] Trial 59 finished with value: 0.3362296521663666 and parameters: {'W_layers': 4, 'W_layer_units_exponent_0': 4, 'W_layer_units_exponent_1': 9, 'W_layer_units_exponent_2': 4, 'W_layer_units_exponent_3': 6, 'D_layers': 4, 'D_layer_units_exponent_0': 8, 'D_layer_units_exponent_1': 4, 'D_layer_units_exponent_2': 10, 'D_layer_units_exponent_3': 7, 'log_learning_rate': -1.8340586704417468, 'log_learning_rate_D': -2.0202523879809173, 'training_batch_size': 10, 'training_p': 3}. Best is trial 54 with value: 0.3324073851108551.
Time for this trial:  15.561792612075806
Memory status after this trial: 
Memory allocated:  24.63427734375
Memory cached:  38.0
--------------------  Trial  60   --------------------
Start timing: 
Parameters: 
{'W_layers': 4, 'W_layer_units_exponent_0': 4, 'W_layer_units_exponent_1': 9, 'W_layer_units_exponent_2': 4, 'W_layer_units_exponent_3': 6, 'D_layers': 4, 'D_layer_units_exponent_0': 8, 'D_layer_units_exponent_1': 5, 'D_layer_units_exponent_2': 9, 'D_layer_units_exponent_3': 7, 'log_learning_rate': -2.243549323735346, 'log_learning_rate_D': -2.0258951730006194, 'training_batch_size': 9, 'training_p': 2}
	 epoch  0 training error:  tensor(0.8112, device='cuda:0', grad_fn=<DivBackward0>)
Memory status after this epoch: 
Memory allocated:  11.20068359375
Memory cached:  38.0
	 epoch  10 training error:  tensor(0.5421, device='cuda:0', grad_fn=<DivBackward0>)
Memory status after this epoch: 
Memory allocated:  11.20068359375
Memory cached:  38.0
	 epoch  20 training error:  tensor(0.3851, device='cuda:0', grad_fn=<DivBackward0>)
Memory status after this epoch: 
Memory allocated:  11.20068359375
Memory cached:  38.0
	 epoch  30 training error:  tensor(0.3847, device='cuda:0', grad_fn=<DivBackward0>)
Memory status after this epoch: 
Memory allocated:  11.20068359375
Memory cached:  38.0
	 epoch  40 training error:  tensor(0.3646, device='cuda:0', grad_fn=<DivBackward0>)
Memory status after this epoch: 
Memory allocated:  11.20068359375
Memory cached:  38.0
	 epoch  50 training error:  tensor(0.3596, device='cuda:0', grad_fn=<DivBackward0>)
Memory status after this epoch: 
Memory allocated:  11.20068359375
Memory cached:  38.0
	 epoch  60 training error:  tensor(0.3564, device='cuda:0', grad_fn=<DivBackward0>)
Memory status after this epoch: 
Memory allocated:  11.20068359375
Memory cached:  38.0
	 epoch  70 training error:  tensor(0.3529, device='cuda:0', grad_fn=<DivBackward0>)
Memory status after this epoch: 
Memory allocated:  11.20068359375
Memory cached:  38.0
	 epoch  80 training error:  tensor(0.3509, device='cuda:0', grad_fn=<DivBackward0>)
Memory status after this epoch: 
Memory allocated:  11.20068359375
Memory cached:  38.0
	 epoch  90 training error:  tensor(0.3490, device='cuda:0', grad_fn=<DivBackward0>)
Memory status after this epoch: 
Memory allocated:  11.20068359375
Memory cached:  38.0
[I 2023-12-06 12:00:37,849] Trial 60 finished with value: 0.3386245667934418 and parameters: {'W_layers': 4, 'W_layer_units_exponent_0': 4, 'W_layer_units_exponent_1': 9, 'W_layer_units_exponent_2': 4, 'W_layer_units_exponent_3': 6, 'D_layers': 4, 'D_layer_units_exponent_0': 8, 'D_layer_units_exponent_1': 5, 'D_layer_units_exponent_2': 9, 'D_layer_units_exponent_3': 7, 'log_learning_rate': -2.243549323735346, 'log_learning_rate_D': -2.0258951730006194, 'training_batch_size': 9, 'training_p': 2}. Best is trial 54 with value: 0.3324073851108551.
Time for this trial:  15.460539102554321
Memory status after this trial: 
Memory allocated:  24.63427734375
Memory cached:  38.0
--------------------  Trial  61   --------------------
Start timing: 
Parameters: 
{'W_layers': 3, 'W_layer_units_exponent_0': 4, 'W_layer_units_exponent_1': 10, 'W_layer_units_exponent_2': 4, 'D_layers': 4, 'D_layer_units_exponent_0': 9, 'D_layer_units_exponent_1': 4, 'D_layer_units_exponent_2': 10, 'D_layer_units_exponent_3': 7, 'log_learning_rate': -1.8054538354436387, 'log_learning_rate_D': -1.9007402262528585, 'training_batch_size': 10, 'training_p': 3}
	 epoch  0 training error:  tensor(1.1912, device='cuda:0', grad_fn=<DivBackward0>)
Memory status after this epoch: 
Memory allocated:  11.69580078125
Memory cached:  38.0
	 epoch  10 training error:  tensor(0.8233, device='cuda:0', grad_fn=<DivBackward0>)
Memory status after this epoch: 
Memory allocated:  11.69580078125
Memory cached:  38.0
	 epoch  20 training error:  tensor(0.7140, device='cuda:0', grad_fn=<DivBackward0>)
Memory status after this epoch: 
Memory allocated:  11.69580078125
Memory cached:  38.0
	 epoch  30 training error:  tensor(0.6727, device='cuda:0', grad_fn=<DivBackward0>)
Memory status after this epoch: 
Memory allocated:  11.69580078125
Memory cached:  38.0
	 epoch  40 training error:  tensor(0.6421, device='cuda:0', grad_fn=<DivBackward0>)
Memory status after this epoch: 
Memory allocated:  11.69580078125
Memory cached:  38.0
	 epoch  50 training error:  tensor(0.6318, device='cuda:0', grad_fn=<DivBackward0>)
Memory status after this epoch: 
Memory allocated:  11.69580078125
Memory cached:  38.0
	 epoch  60 training error:  tensor(0.6336, device='cuda:0', grad_fn=<DivBackward0>)
Memory status after this epoch: 
Memory allocated:  11.69580078125
Memory cached:  38.0
	 epoch  70 training error:  tensor(0.6316, device='cuda:0', grad_fn=<DivBackward0>)
Memory status after this epoch: 
Memory allocated:  11.69580078125
Memory cached:  38.0
	 epoch  80 training error:  tensor(0.6318, device='cuda:0', grad_fn=<DivBackward0>)
Memory status after this epoch: 
Memory allocated:  11.69580078125
Memory cached:  38.0
	 epoch  90 training error:  tensor(0.6315, device='cuda:0', grad_fn=<DivBackward0>)
Memory status after this epoch: 
Memory allocated:  11.69580078125
Memory cached:  38.0
[I 2023-12-06 12:00:53,358] Trial 61 finished with value: 0.6107246279716492 and parameters: {'W_layers': 3, 'W_layer_units_exponent_0': 4, 'W_layer_units_exponent_1': 10, 'W_layer_units_exponent_2': 4, 'D_layers': 4, 'D_layer_units_exponent_0': 9, 'D_layer_units_exponent_1': 4, 'D_layer_units_exponent_2': 10, 'D_layer_units_exponent_3': 7, 'log_learning_rate': -1.8054538354436387, 'log_learning_rate_D': -1.9007402262528585, 'training_batch_size': 10, 'training_p': 3}. Best is trial 54 with value: 0.3324073851108551.
Time for this trial:  15.351192235946655
Memory status after this trial: 
Memory allocated:  35.00830078125
Memory cached:  58.0
--------------------  Trial  62   --------------------
Start timing: 
Parameters: 
{'W_layers': 4, 'W_layer_units_exponent_0': 5, 'W_layer_units_exponent_1': 8, 'W_layer_units_exponent_2': 4, 'W_layer_units_exponent_3': 5, 'D_layers': 5, 'D_layer_units_exponent_0': 8, 'D_layer_units_exponent_1': 4, 'D_layer_units_exponent_2': 10, 'D_layer_units_exponent_3': 7, 'D_layer_units_exponent_4': 8, 'log_learning_rate': -1.863447811006852, 'log_learning_rate_D': -1.523377509306521, 'training_batch_size': 10, 'training_p': 3}
	 epoch  0 training error:  tensor(0.9495, device='cuda:0', grad_fn=<DivBackward0>)
Memory status after this epoch: 
Memory allocated:  11.48876953125
Memory cached:  38.0
	 epoch  10 training error:  tensor(0.4609, device='cuda:0', grad_fn=<DivBackward0>)
Memory status after this epoch: 
Memory allocated:  11.48876953125
Memory cached:  38.0
	 epoch  20 training error:  tensor(0.4452, device='cuda:0', grad_fn=<DivBackward0>)
Memory status after this epoch: 
Memory allocated:  11.48876953125
Memory cached:  38.0
	 epoch  30 training error:  tensor(0.3869, device='cuda:0', grad_fn=<DivBackward0>)
Memory status after this epoch: 
Memory allocated:  11.48876953125
Memory cached:  38.0
	 epoch  40 training error:  tensor(0.3754, device='cuda:0', grad_fn=<DivBackward0>)
Memory status after this epoch: 
Memory allocated:  11.48876953125
Memory cached:  38.0
	 epoch  50 training error:  tensor(0.3654, device='cuda:0', grad_fn=<DivBackward0>)
Memory status after this epoch: 
Memory allocated:  11.48876953125
Memory cached:  38.0
	 epoch  60 training error:  tensor(0.3615, device='cuda:0', grad_fn=<DivBackward0>)
Memory status after this epoch: 
Memory allocated:  11.48876953125
Memory cached:  38.0
	 epoch  70 training error:  tensor(0.3580, device='cuda:0', grad_fn=<DivBackward0>)
Memory status after this epoch: 
Memory allocated:  11.48876953125
Memory cached:  38.0
	 epoch  80 training error:  tensor(0.3559, device='cuda:0', grad_fn=<DivBackward0>)
Memory status after this epoch: 
Memory allocated:  11.48876953125
Memory cached:  38.0
	 epoch  90 training error:  tensor(0.3546, device='cuda:0', grad_fn=<DivBackward0>)
Memory status after this epoch: 
Memory allocated:  11.48876953125
Memory cached:  38.0
[I 2023-12-06 12:01:08,854] Trial 62 finished with value: 0.33520933985710144 and parameters: {'W_layers': 4, 'W_layer_units_exponent_0': 5, 'W_layer_units_exponent_1': 8, 'W_layer_units_exponent_2': 4, 'W_layer_units_exponent_3': 5, 'D_layers': 5, 'D_layer_units_exponent_0': 8, 'D_layer_units_exponent_1': 4, 'D_layer_units_exponent_2': 10, 'D_layer_units_exponent_3': 7, 'D_layer_units_exponent_4': 8, 'log_learning_rate': -1.863447811006852, 'log_learning_rate_D': -1.523377509306521, 'training_batch_size': 10, 'training_p': 3}. Best is trial 54 with value: 0.3324073851108551.
Time for this trial:  15.332152128219604
Memory status after this trial: 
Memory allocated:  18.37158203125
Memory cached:  38.0
--------------------  Trial  63   --------------------
Start timing: 
Parameters: 
{'W_layers': 4, 'W_layer_units_exponent_0': 5, 'W_layer_units_exponent_1': 9, 'W_layer_units_exponent_2': 5, 'W_layer_units_exponent_3': 6, 'D_layers': 5, 'D_layer_units_exponent_0': 8, 'D_layer_units_exponent_1': 5, 'D_layer_units_exponent_2': 10, 'D_layer_units_exponent_3': 7, 'D_layer_units_exponent_4': 9, 'log_learning_rate': -1.7877740844823446, 'log_learning_rate_D': -1.4995033335084758, 'training_batch_size': 10, 'training_p': 3}
	 epoch  0 training error:  tensor(1.0812, device='cuda:0', grad_fn=<DivBackward0>)
Memory status after this epoch: 
Memory allocated:  12.03271484375
Memory cached:  38.0
	 epoch  10 training error:  tensor(1.3407, device='cuda:0', grad_fn=<DivBackward0>)
Memory status after this epoch: 
Memory allocated:  12.03271484375
Memory cached:  38.0
	 epoch  20 training error:  tensor(0.5173, device='cuda:0', grad_fn=<DivBackward0>)
Memory status after this epoch: 
Memory allocated:  12.03271484375
Memory cached:  38.0
	 epoch  30 training error:  tensor(0.4480, device='cuda:0', grad_fn=<DivBackward0>)
Memory status after this epoch: 
Memory allocated:  12.03271484375
Memory cached:  38.0
	 epoch  40 training error:  tensor(0.3877, device='cuda:0', grad_fn=<DivBackward0>)
Memory status after this epoch: 
Memory allocated:  12.03271484375
Memory cached:  38.0
	 epoch  50 training error:  tensor(0.3701, device='cuda:0', grad_fn=<DivBackward0>)
Memory status after this epoch: 
Memory allocated:  12.03271484375
Memory cached:  38.0
	 epoch  60 training error:  tensor(0.3621, device='cuda:0', grad_fn=<DivBackward0>)
Memory status after this epoch: 
Memory allocated:  12.03271484375
Memory cached:  38.0
	 epoch  70 training error:  tensor(0.3586, device='cuda:0', grad_fn=<DivBackward0>)
Memory status after this epoch: 
Memory allocated:  12.03271484375
Memory cached:  38.0
	 epoch  80 training error:  tensor(0.3564, device='cuda:0', grad_fn=<DivBackward0>)
Memory status after this epoch: 
Memory allocated:  12.03271484375
Memory cached:  38.0
	 epoch  90 training error:  tensor(0.3628, device='cuda:0', grad_fn=<DivBackward0>)
Memory status after this epoch: 
Memory allocated:  12.03271484375
Memory cached:  38.0
[I 2023-12-06 12:01:24,629] Trial 63 finished with value: 0.34058311581611633 and parameters: {'W_layers': 4, 'W_layer_units_exponent_0': 5, 'W_layer_units_exponent_1': 9, 'W_layer_units_exponent_2': 5, 'W_layer_units_exponent_3': 6, 'D_layers': 5, 'D_layer_units_exponent_0': 8, 'D_layer_units_exponent_1': 5, 'D_layer_units_exponent_2': 10, 'D_layer_units_exponent_3': 7, 'D_layer_units_exponent_4': 9, 'log_learning_rate': -1.7877740844823446, 'log_learning_rate_D': -1.4995033335084758, 'training_batch_size': 10, 'training_p': 3}. Best is trial 54 with value: 0.3324073851108551.
Time for this trial:  15.608845233917236
Memory status after this trial: 
Memory allocated:  25.49951171875
Memory cached:  38.0
--------------------  Trial  64   --------------------
Start timing: 
Parameters: 
{'W_layers': 4, 'W_layer_units_exponent_0': 4, 'W_layer_units_exponent_1': 8, 'W_layer_units_exponent_2': 4, 'W_layer_units_exponent_3': 5, 'D_layers': 4, 'D_layer_units_exponent_0': 8, 'D_layer_units_exponent_1': 4, 'D_layer_units_exponent_2': 10, 'D_layer_units_exponent_3': 7, 'log_learning_rate': -2.0936926048502653, 'log_learning_rate_D': -1.7156151984836723, 'training_batch_size': 10, 'training_p': 3}
	 epoch  0 training error:  tensor(0.8081, device='cuda:0', grad_fn=<DivBackward0>)
Memory status after this epoch: 
Memory allocated:  11.30029296875
Memory cached:  38.0
	 epoch  10 training error:  tensor(0.4565, device='cuda:0', grad_fn=<DivBackward0>)
Memory status after this epoch: 
Memory allocated:  11.30029296875
Memory cached:  38.0
	 epoch  20 training error:  tensor(0.4075, device='cuda:0', grad_fn=<DivBackward0>)
Memory status after this epoch: 
Memory allocated:  11.30029296875
Memory cached:  38.0
	 epoch  30 training error:  tensor(0.3878, device='cuda:0', grad_fn=<DivBackward0>)
Memory status after this epoch: 
Memory allocated:  11.30029296875
Memory cached:  38.0
	 epoch  40 training error:  tensor(0.3734, device='cuda:0', grad_fn=<DivBackward0>)
Memory status after this epoch: 
Memory allocated:  11.30029296875
Memory cached:  38.0
	 epoch  50 training error:  tensor(0.3657, device='cuda:0', grad_fn=<DivBackward0>)
Memory status after this epoch: 
Memory allocated:  11.30029296875
Memory cached:  38.0
	 epoch  60 training error:  tensor(0.3624, device='cuda:0', grad_fn=<DivBackward0>)
Memory status after this epoch: 
Memory allocated:  11.30029296875
Memory cached:  38.0
	 epoch  70 training error:  tensor(0.3577, device='cuda:0', grad_fn=<DivBackward0>)
Memory status after this epoch: 
Memory allocated:  11.30029296875
Memory cached:  38.0
	 epoch  80 training error:  tensor(0.3591, device='cuda:0', grad_fn=<DivBackward0>)
Memory status after this epoch: 
Memory allocated:  11.30029296875
Memory cached:  38.0
	 epoch  90 training error:  tensor(0.3592, device='cuda:0', grad_fn=<DivBackward0>)
Memory status after this epoch: 
Memory allocated:  11.30029296875
Memory cached:  38.0
[I 2023-12-06 12:01:39,505] Trial 64 finished with value: 0.3387869894504547 and parameters: {'W_layers': 4, 'W_layer_units_exponent_0': 4, 'W_layer_units_exponent_1': 8, 'W_layer_units_exponent_2': 4, 'W_layer_units_exponent_3': 5, 'D_layers': 4, 'D_layer_units_exponent_0': 8, 'D_layer_units_exponent_1': 4, 'D_layer_units_exponent_2': 10, 'D_layer_units_exponent_3': 7, 'log_learning_rate': -2.0936926048502653, 'log_learning_rate_D': -1.7156151984836723, 'training_batch_size': 10, 'training_p': 3}. Best is trial 54 with value: 0.3324073851108551.
Time for this trial:  14.71913743019104
Memory status after this trial: 
Memory allocated:  17.97412109375
Memory cached:  38.0
--------------------  Trial  65   --------------------
Start timing: 
Parameters: 
{'W_layers': 3, 'W_layer_units_exponent_0': 5, 'W_layer_units_exponent_1': 9, 'W_layer_units_exponent_2': 5, 'D_layers': 3, 'D_layer_units_exponent_0': 9, 'D_layer_units_exponent_1': 5, 'D_layer_units_exponent_2': 10, 'log_learning_rate': -1.5027646628944038, 'log_learning_rate_D': -1.5054778603613839, 'training_batch_size': 10, 'training_p': 3}
	 epoch  0 training error:  tensor(1.4777, device='cuda:0', grad_fn=<DivBackward0>)
Memory status after this epoch: 
Memory allocated:  11.28125
Memory cached:  38.0
	 epoch  10 training error:  tensor(0.6791, device='cuda:0', grad_fn=<DivBackward0>)
Memory status after this epoch: 
Memory allocated:  11.28125
Memory cached:  38.0
	 epoch  20 training error:  tensor(0.6581, device='cuda:0', grad_fn=<DivBackward0>)
Memory status after this epoch: 
Memory allocated:  11.28125
Memory cached:  38.0
	 epoch  30 training error:  tensor(0.6670, device='cuda:0', grad_fn=<DivBackward0>)
Memory status after this epoch: 
Memory allocated:  11.28125
Memory cached:  38.0
	 epoch  40 training error:  tensor(0.6655, device='cuda:0', grad_fn=<DivBackward0>)
Memory status after this epoch: 
Memory allocated:  11.28125
Memory cached:  38.0
	 epoch  50 training error:  tensor(0.6804, device='cuda:0', grad_fn=<DivBackward0>)
Memory status after this epoch: 
Memory allocated:  11.28125
Memory cached:  38.0
	 epoch  60 training error:  tensor(0.6518, device='cuda:0', grad_fn=<DivBackward0>)
Memory status after this epoch: 
Memory allocated:  11.28125
Memory cached:  38.0
	 epoch  70 training error:  tensor(0.6388, device='cuda:0', grad_fn=<DivBackward0>)
Memory status after this epoch: 
Memory allocated:  11.28125
Memory cached:  38.0
	 epoch  80 training error:  tensor(0.6329, device='cuda:0', grad_fn=<DivBackward0>)
Memory status after this epoch: 
Memory allocated:  11.28125
Memory cached:  38.0
	 epoch  90 training error:  tensor(0.6316, device='cuda:0', grad_fn=<DivBackward0>)
Memory status after this epoch: 
Memory allocated:  11.28125
Memory cached:  38.0
[I 2023-12-06 12:01:54,988] Trial 65 finished with value: 0.6100220680236816 and parameters: {'W_layers': 3, 'W_layer_units_exponent_0': 5, 'W_layer_units_exponent_1': 9, 'W_layer_units_exponent_2': 5, 'D_layers': 3, 'D_layer_units_exponent_0': 9, 'D_layer_units_exponent_1': 5, 'D_layer_units_exponent_2': 10, 'log_learning_rate': -1.5027646628944038, 'log_learning_rate_D': -1.5054778603613839, 'training_batch_size': 10, 'training_p': 3}. Best is trial 54 with value: 0.3324073851108551.
Time for this trial:  15.325179815292358
Memory status after this trial: 
Memory allocated:  24.01806640625
Memory cached:  38.0
--------------------  Trial  66   --------------------
Start timing: 
Parameters: 
{'W_layers': 5, 'W_layer_units_exponent_0': 6, 'W_layer_units_exponent_1': 9, 'W_layer_units_exponent_2': 4, 'W_layer_units_exponent_3': 6, 'W_layer_units_exponent_4': 8, 'D_layers': 4, 'D_layer_units_exponent_0': 7, 'D_layer_units_exponent_1': 4, 'D_layer_units_exponent_2': 9, 'D_layer_units_exponent_3': 7, 'log_learning_rate': -1.6082873643599966, 'log_learning_rate_D': -1.792340093629083, 'training_batch_size': 9, 'training_p': 2}
	 epoch  0 training error:  tensor(0.9616, device='cuda:0', grad_fn=<DivBackward0>)
Memory status after this epoch: 
Memory allocated:  11.775390625
Memory cached:  38.0
	 epoch  10 training error:  tensor(5.2975, device='cuda:0', grad_fn=<DivBackward0>)
Memory status after this epoch: 
Memory allocated:  11.775390625
Memory cached:  38.0
	 epoch  20 training error:  tensor(2.7328, device='cuda:0', grad_fn=<DivBackward0>)
Memory status after this epoch: 
Memory allocated:  11.775390625
Memory cached:  38.0
	 epoch  30 training error:  tensor(0.7410, device='cuda:0', grad_fn=<DivBackward0>)
Memory status after this epoch: 
Memory allocated:  11.775390625
Memory cached:  38.0
	 epoch  40 training error:  tensor(0.6378, device='cuda:0', grad_fn=<DivBackward0>)
Memory status after this epoch: 
Memory allocated:  11.775390625
Memory cached:  38.0
	 epoch  50 training error:  tensor(0.8265, device='cuda:0', grad_fn=<DivBackward0>)
Memory status after this epoch: 
Memory allocated:  11.775390625
Memory cached:  38.0
	 epoch  60 training error:  tensor(0.6804, device='cuda:0', grad_fn=<DivBackward0>)
Memory status after this epoch: 
Memory allocated:  11.775390625
Memory cached:  38.0
	 epoch  70 training error:  tensor(0.8226, device='cuda:0', grad_fn=<DivBackward0>)
Memory status after this epoch: 
Memory allocated:  11.775390625
Memory cached:  38.0
	 epoch  80 training error:  tensor(0.6531, device='cuda:0', grad_fn=<DivBackward0>)
Memory status after this epoch: 
Memory allocated:  11.775390625
Memory cached:  38.0
	 epoch  90 training error:  tensor(0.6301, device='cuda:0', grad_fn=<DivBackward0>)
Memory status after this epoch: 
Memory allocated:  11.775390625
Memory cached:  38.0
