[I 2024-01-11 12:00:54,037] Trial 67 finished with value: 0.21626029908657074 and parameters: {'W_layers': 8, 'W_layer_units_exponent_0': 7, 'W_layer_units_exponent_1': 6, 'W_layer_units_exponent_2': 10, 'W_layer_units_exponent_3': 5, 'W_layer_units_exponent_4': 9, 'W_layer_units_exponent_5': 4, 'W_layer_units_exponent_6': 9, 'W_layer_units_exponent_7': 9, 'D_layers': 3, 'D_layer_units_exponent_0': 5, 'D_layer_units_exponent_1': 10, 'D_layer_units_exponent_2': 9, 'D_dagger_layers': 3, 'D_dagger_layer_units_exponent_0': 4, 'D_dagger_layer_units_exponent_1': 8, 'D_dagger_layer_units_exponent_2': 4, 'log_learning_rate': -2.9389977727268515, 'log_learning_rate_D': -2.420023231183298, 'log_learning_rate_D_dagger': -3.4290468030825503, 'training_batch_size': 8, 'training_p': 2}. Best is trial 58 with value: 0.2080806940793991.
Time for this trial:  24.5119149684906
Memory status after this trial: 
Memory allocated:  552.34912109375
Memory cached:  570.0
--------------------  Trial  68   --------------------
Start timing: 
Parameters: 
{'W_layers': 8, 'W_layer_units_exponent_0': 8, 'W_layer_units_exponent_1': 7, 'W_layer_units_exponent_2': 9, 'W_layer_units_exponent_3': 5, 'W_layer_units_exponent_4': 8, 'W_layer_units_exponent_5': 5, 'W_layer_units_exponent_6': 8, 'W_layer_units_exponent_7': 6, 'D_layers': 4, 'D_layer_units_exponent_0': 6, 'D_layer_units_exponent_1': 10, 'D_layer_units_exponent_2': 9, 'D_layer_units_exponent_3': 6, 'D_dagger_layers': 2, 'D_dagger_layer_units_exponent_0': 5, 'D_dagger_layer_units_exponent_1': 9, 'log_learning_rate': -2.484961234417919, 'log_learning_rate_D': -2.490674999309714, 'log_learning_rate_D_dagger': -3.0215624314170357, 'training_batch_size': 9, 'training_p': 2}
	 epoch  0 training error:  tensor(0.9076, device='cuda:0', grad_fn=<DivBackward0>)
Memory status after this epoch: 
Memory allocated:  226.126953125
Memory cached:  300.0
	 epoch  10 training error:  tensor(0.3221, device='cuda:0', grad_fn=<DivBackward0>)
Memory status after this epoch: 
Memory allocated:  226.126953125
Memory cached:  300.0
	 epoch  20 training error:  tensor(0.2377, device='cuda:0', grad_fn=<DivBackward0>)
Memory status after this epoch: 
Memory allocated:  226.126953125
Memory cached:  300.0
	 epoch  30 training error:  tensor(0.2202, device='cuda:0', grad_fn=<DivBackward0>)
Memory status after this epoch: 
Memory allocated:  226.126953125
Memory cached:  300.0
	 epoch  40 training error:  tensor(0.2024, device='cuda:0', grad_fn=<DivBackward0>)
Memory status after this epoch: 
Memory allocated:  226.126953125
Memory cached:  300.0
	 epoch  50 training error:  tensor(0.1910, device='cuda:0', grad_fn=<DivBackward0>)
Memory status after this epoch: 
Memory allocated:  226.126953125
Memory cached:  300.0
	 epoch  60 training error:  tensor(0.1889, device='cuda:0', grad_fn=<DivBackward0>)
Memory status after this epoch: 
Memory allocated:  226.126953125
Memory cached:  300.0
	 epoch  70 training error:  tensor(0.1915, device='cuda:0', grad_fn=<DivBackward0>)
Memory status after this epoch: 
Memory allocated:  226.126953125
Memory cached:  300.0
	 epoch  80 training error:  tensor(0.1860, device='cuda:0', grad_fn=<DivBackward0>)
Memory status after this epoch: 
Memory allocated:  226.126953125
Memory cached:  300.0
	 epoch  90 training error:  tensor(0.1839, device='cuda:0', grad_fn=<DivBackward0>)
Memory status after this epoch: 
Memory allocated:  226.126953125
Memory cached:  300.0
[I 2024-01-11 12:01:17,244] Trial 68 finished with value: 0.2084455043077469 and parameters: {'W_layers': 8, 'W_layer_units_exponent_0': 8, 'W_layer_units_exponent_1': 7, 'W_layer_units_exponent_2': 9, 'W_layer_units_exponent_3': 5, 'W_layer_units_exponent_4': 8, 'W_layer_units_exponent_5': 5, 'W_layer_units_exponent_6': 8, 'W_layer_units_exponent_7': 6, 'D_layers': 4, 'D_layer_units_exponent_0': 6, 'D_layer_units_exponent_1': 10, 'D_layer_units_exponent_2': 9, 'D_layer_units_exponent_3': 6, 'D_dagger_layers': 2, 'D_dagger_layer_units_exponent_0': 5, 'D_dagger_layer_units_exponent_1': 9, 'log_learning_rate': -2.484961234417919, 'log_learning_rate_D': -2.490674999309714, 'log_learning_rate_D_dagger': -3.0215624314170357, 'training_batch_size': 9, 'training_p': 2}. Best is trial 58 with value: 0.2080806940793991.
Time for this trial:  22.786755323410034
Memory status after this trial: 
Memory allocated:  438.66162109375
Memory cached:  476.0
--------------------  Trial  69   --------------------
Start timing: 
Parameters: 
{'W_layers': 7, 'W_layer_units_exponent_0': 8, 'W_layer_units_exponent_1': 8, 'W_layer_units_exponent_2': 9, 'W_layer_units_exponent_3': 4, 'W_layer_units_exponent_4': 7, 'W_layer_units_exponent_5': 6, 'W_layer_units_exponent_6': 7, 'D_layers': 4, 'D_layer_units_exponent_0': 7, 'D_layer_units_exponent_1': 10, 'D_layer_units_exponent_2': 9, 'D_layer_units_exponent_3': 6, 'D_dagger_layers': 2, 'D_dagger_layer_units_exponent_0': 5, 'D_dagger_layer_units_exponent_1': 8, 'log_learning_rate': -2.5360397932647976, 'log_learning_rate_D': -3.0090084541204845, 'log_learning_rate_D_dagger': -3.0769572422414013, 'training_batch_size': 9, 'training_p': 2}
	 epoch  0 training error:  tensor(0.9692, device='cuda:0', grad_fn=<DivBackward0>)
Memory status after this epoch: 
Memory allocated:  227.271484375
Memory cached:  300.0
	 epoch  10 training error:  tensor(0.3558, device='cuda:0', grad_fn=<DivBackward0>)
Memory status after this epoch: 
Memory allocated:  227.271484375
Memory cached:  300.0
	 epoch  20 training error:  tensor(0.2941, device='cuda:0', grad_fn=<DivBackward0>)
Memory status after this epoch: 
Memory allocated:  227.271484375
Memory cached:  300.0
	 epoch  30 training error:  tensor(0.2490, device='cuda:0', grad_fn=<DivBackward0>)
Memory status after this epoch: 
Memory allocated:  227.271484375
Memory cached:  300.0
	 epoch  40 training error:  tensor(0.2256, device='cuda:0', grad_fn=<DivBackward0>)
Memory status after this epoch: 
Memory allocated:  227.271484375
Memory cached:  300.0
	 epoch  50 training error:  tensor(0.2081, device='cuda:0', grad_fn=<DivBackward0>)
Memory status after this epoch: 
Memory allocated:  227.271484375
Memory cached:  300.0
	 epoch  60 training error:  tensor(0.1968, device='cuda:0', grad_fn=<DivBackward0>)
Memory status after this epoch: 
Memory allocated:  227.271484375
Memory cached:  300.0
	 epoch  70 training error:  tensor(0.1934, device='cuda:0', grad_fn=<DivBackward0>)
Memory status after this epoch: 
Memory allocated:  227.271484375
Memory cached:  300.0
	 epoch  80 training error:  tensor(0.1887, device='cuda:0', grad_fn=<DivBackward0>)
Memory status after this epoch: 
Memory allocated:  227.271484375
Memory cached:  300.0
	 epoch  90 training error:  tensor(0.1867, device='cuda:0', grad_fn=<DivBackward0>)
Memory status after this epoch: 
Memory allocated:  227.271484375
Memory cached:  300.0
[I 2024-01-11 12:01:40,398] Trial 69 finished with value: 0.21005426347255707 and parameters: {'W_layers': 7, 'W_layer_units_exponent_0': 8, 'W_layer_units_exponent_1': 8, 'W_layer_units_exponent_2': 9, 'W_layer_units_exponent_3': 4, 'W_layer_units_exponent_4': 7, 'W_layer_units_exponent_5': 6, 'W_layer_units_exponent_6': 7, 'D_layers': 4, 'D_layer_units_exponent_0': 7, 'D_layer_units_exponent_1': 10, 'D_layer_units_exponent_2': 9, 'D_layer_units_exponent_3': 6, 'D_dagger_layers': 2, 'D_dagger_layer_units_exponent_0': 5, 'D_dagger_layer_units_exponent_1': 8, 'log_learning_rate': -2.5360397932647976, 'log_learning_rate_D': -3.0090084541204845, 'log_learning_rate_D_dagger': -3.0769572422414013, 'training_batch_size': 9, 'training_p': 2}. Best is trial 58 with value: 0.2080806940793991.
Time for this trial:  22.732588291168213
Memory status after this trial: 
Memory allocated:  395.33349609375
Memory cached:  416.0
--------------------  Trial  70   --------------------
Start timing: 
Parameters: 
{'W_layers': 8, 'W_layer_units_exponent_0': 8, 'W_layer_units_exponent_1': 4, 'W_layer_units_exponent_2': 9, 'W_layer_units_exponent_3': 4, 'W_layer_units_exponent_4': 9, 'W_layer_units_exponent_5': 5, 'W_layer_units_exponent_6': 8, 'W_layer_units_exponent_7': 6, 'D_layers': 5, 'D_layer_units_exponent_0': 7, 'D_layer_units_exponent_1': 10, 'D_layer_units_exponent_2': 9, 'D_layer_units_exponent_3': 5, 'D_layer_units_exponent_4': 10, 'D_dagger_layers': 2, 'D_dagger_layer_units_exponent_0': 4, 'D_dagger_layer_units_exponent_1': 9, 'log_learning_rate': -2.715810022910484, 'log_learning_rate_D': -2.278681735748568, 'log_learning_rate_D_dagger': -3.2932708507754826, 'training_batch_size': 9, 'training_p': 2}
	 epoch  0 training error:  tensor(1.0319, device='cuda:0', grad_fn=<DivBackward0>)
Memory status after this epoch: 
Memory allocated:  225.01318359375
Memory cached:  300.0
	 epoch  10 training error:  tensor(0.5039, device='cuda:0', grad_fn=<DivBackward0>)
Memory status after this epoch: 
Memory allocated:  225.01318359375
Memory cached:  300.0
	 epoch  20 training error:  tensor(0.2585, device='cuda:0', grad_fn=<DivBackward0>)
Memory status after this epoch: 
Memory allocated:  225.01318359375
Memory cached:  300.0
	 epoch  30 training error:  tensor(0.2587, device='cuda:0', grad_fn=<DivBackward0>)
Memory status after this epoch: 
Memory allocated:  225.01318359375
Memory cached:  300.0
	 epoch  40 training error:  tensor(0.2306, device='cuda:0', grad_fn=<DivBackward0>)
Memory status after this epoch: 
Memory allocated:  225.01318359375
Memory cached:  300.0
	 epoch  50 training error:  tensor(0.2249, device='cuda:0', grad_fn=<DivBackward0>)
Memory status after this epoch: 
Memory allocated:  225.01318359375
Memory cached:  300.0
	 epoch  60 training error:  tensor(0.2153, device='cuda:0', grad_fn=<DivBackward0>)
Memory status after this epoch: 
Memory allocated:  225.01318359375
Memory cached:  300.0
	 epoch  70 training error:  tensor(0.2105, device='cuda:0', grad_fn=<DivBackward0>)
Memory status after this epoch: 
Memory allocated:  225.01318359375
Memory cached:  300.0
	 epoch  80 training error:  tensor(0.2054, device='cuda:0', grad_fn=<DivBackward0>)
Memory status after this epoch: 
Memory allocated:  225.01318359375
Memory cached:  300.0
	 epoch  90 training error:  tensor(0.2003, device='cuda:0', grad_fn=<DivBackward0>)
Memory status after this epoch: 
Memory allocated:  225.01318359375
Memory cached:  300.0
[I 2024-01-11 12:02:03,706] Trial 70 finished with value: 0.21500380337238312 and parameters: {'W_layers': 8, 'W_layer_units_exponent_0': 8, 'W_layer_units_exponent_1': 4, 'W_layer_units_exponent_2': 9, 'W_layer_units_exponent_3': 4, 'W_layer_units_exponent_4': 9, 'W_layer_units_exponent_5': 5, 'W_layer_units_exponent_6': 8, 'W_layer_units_exponent_7': 6, 'D_layers': 5, 'D_layer_units_exponent_0': 7, 'D_layer_units_exponent_1': 10, 'D_layer_units_exponent_2': 9, 'D_layer_units_exponent_3': 5, 'D_layer_units_exponent_4': 10, 'D_dagger_layers': 2, 'D_dagger_layer_units_exponent_0': 4, 'D_dagger_layer_units_exponent_1': 9, 'log_learning_rate': -2.715810022910484, 'log_learning_rate_D': -2.278681735748568, 'log_learning_rate_D_dagger': -3.2932708507754826, 'training_batch_size': 9, 'training_p': 2}. Best is trial 58 with value: 0.2080806940793991.
Time for this trial:  22.892378568649292
Memory status after this trial: 
Memory allocated:  450.28271484375
Memory cached:  492.0
--------------------  Trial  71   --------------------
Start timing: 
Parameters: 
{'W_layers': 7, 'W_layer_units_exponent_0': 8, 'W_layer_units_exponent_1': 8, 'W_layer_units_exponent_2': 9, 'W_layer_units_exponent_3': 4, 'W_layer_units_exponent_4': 7, 'W_layer_units_exponent_5': 6, 'W_layer_units_exponent_6': 7, 'D_layers': 4, 'D_layer_units_exponent_0': 7, 'D_layer_units_exponent_1': 10, 'D_layer_units_exponent_2': 9, 'D_layer_units_exponent_3': 6, 'D_dagger_layers': 2, 'D_dagger_layer_units_exponent_0': 5, 'D_dagger_layer_units_exponent_1': 8, 'log_learning_rate': -2.526466817508755, 'log_learning_rate_D': -3.0206117952452356, 'log_learning_rate_D_dagger': -3.0978632183685364, 'training_batch_size': 9, 'training_p': 2}
	 epoch  0 training error:  tensor(1.1596, device='cuda:0', grad_fn=<DivBackward0>)
Memory status after this epoch: 
Memory allocated:  227.271484375
Memory cached:  300.0
	 epoch  10 training error:  tensor(0.3628, device='cuda:0', grad_fn=<DivBackward0>)
Memory status after this epoch: 
Memory allocated:  227.271484375
Memory cached:  300.0
	 epoch  20 training error:  tensor(0.2629, device='cuda:0', grad_fn=<DivBackward0>)
Memory status after this epoch: 
Memory allocated:  227.271484375
Memory cached:  300.0
	 epoch  30 training error:  tensor(0.2248, device='cuda:0', grad_fn=<DivBackward0>)
Memory status after this epoch: 
Memory allocated:  227.271484375
Memory cached:  300.0
	 epoch  40 training error:  tensor(0.2174, device='cuda:0', grad_fn=<DivBackward0>)
Memory status after this epoch: 
Memory allocated:  227.271484375
Memory cached:  300.0
	 epoch  50 training error:  tensor(0.2076, device='cuda:0', grad_fn=<DivBackward0>)
Memory status after this epoch: 
Memory allocated:  227.271484375
Memory cached:  300.0
	 epoch  60 training error:  tensor(0.1988, device='cuda:0', grad_fn=<DivBackward0>)
Memory status after this epoch: 
Memory allocated:  227.271484375
Memory cached:  300.0
	 epoch  70 training error:  tensor(0.1964, device='cuda:0', grad_fn=<DivBackward0>)
Memory status after this epoch: 
Memory allocated:  227.271484375
Memory cached:  300.0
	 epoch  80 training error:  tensor(0.1917, device='cuda:0', grad_fn=<DivBackward0>)
Memory status after this epoch: 
Memory allocated:  227.271484375
Memory cached:  300.0
	 epoch  90 training error:  tensor(0.1867, device='cuda:0', grad_fn=<DivBackward0>)
Memory status after this epoch: 
Memory allocated:  227.271484375
Memory cached:  300.0
[I 2024-01-11 12:02:26,307] Trial 71 finished with value: 0.20896020531654358 and parameters: {'W_layers': 7, 'W_layer_units_exponent_0': 8, 'W_layer_units_exponent_1': 8, 'W_layer_units_exponent_2': 9, 'W_layer_units_exponent_3': 4, 'W_layer_units_exponent_4': 7, 'W_layer_units_exponent_5': 6, 'W_layer_units_exponent_6': 7, 'D_layers': 4, 'D_layer_units_exponent_0': 7, 'D_layer_units_exponent_1': 10, 'D_layer_units_exponent_2': 9, 'D_layer_units_exponent_3': 6, 'D_dagger_layers': 2, 'D_dagger_layer_units_exponent_0': 5, 'D_dagger_layer_units_exponent_1': 8, 'log_learning_rate': -2.526466817508755, 'log_learning_rate_D': -3.0206117952452356, 'log_learning_rate_D_dagger': -3.0978632183685364, 'training_batch_size': 9, 'training_p': 2}. Best is trial 58 with value: 0.2080806940793991.
Time for this trial:  22.214842319488525
Memory status after this trial: 
Memory allocated:  395.33349609375
Memory cached:  416.0
--------------------  Trial  72   --------------------
Start timing: 
Parameters: 
{'W_layers': 7, 'W_layer_units_exponent_0': 8, 'W_layer_units_exponent_1': 8, 'W_layer_units_exponent_2': 9, 'W_layer_units_exponent_3': 5, 'W_layer_units_exponent_4': 7, 'W_layer_units_exponent_5': 6, 'W_layer_units_exponent_6': 7, 'D_layers': 4, 'D_layer_units_exponent_0': 6, 'D_layer_units_exponent_1': 10, 'D_layer_units_exponent_2': 9, 'D_layer_units_exponent_3': 6, 'D_dagger_layers': 2, 'D_dagger_layer_units_exponent_0': 5, 'D_dagger_layer_units_exponent_1': 7, 'log_learning_rate': -2.5081214567218653, 'log_learning_rate_D': -2.7489379879456792, 'log_learning_rate_D_dagger': -3.014529331331372, 'training_batch_size': 9, 'training_p': 2}
	 epoch  0 training error:  tensor(0.8615, device='cuda:0', grad_fn=<DivBackward0>)
Memory status after this epoch: 
Memory allocated:  227.111328125
Memory cached:  300.0
	 epoch  10 training error:  tensor(0.3250, device='cuda:0', grad_fn=<DivBackward0>)
Memory status after this epoch: 
Memory allocated:  227.111328125
Memory cached:  300.0
	 epoch  20 training error:  tensor(0.2495, device='cuda:0', grad_fn=<DivBackward0>)
Memory status after this epoch: 
Memory allocated:  227.111328125
Memory cached:  300.0
	 epoch  30 training error:  tensor(0.2188, device='cuda:0', grad_fn=<DivBackward0>)
Memory status after this epoch: 
Memory allocated:  227.111328125
Memory cached:  300.0
	 epoch  40 training error:  tensor(0.2162, device='cuda:0', grad_fn=<DivBackward0>)
Memory status after this epoch: 
Memory allocated:  227.111328125
Memory cached:  300.0
	 epoch  50 training error:  tensor(0.2072, device='cuda:0', grad_fn=<DivBackward0>)
Memory status after this epoch: 
Memory allocated:  227.111328125
Memory cached:  300.0
	 epoch  60 training error:  tensor(0.2010, device='cuda:0', grad_fn=<DivBackward0>)
Memory status after this epoch: 
Memory allocated:  227.111328125
Memory cached:  300.0
	 epoch  70 training error:  tensor(0.1966, device='cuda:0', grad_fn=<DivBackward0>)
Memory status after this epoch: 
Memory allocated:  227.111328125
Memory cached:  300.0
	 epoch  80 training error:  tensor(0.1916, device='cuda:0', grad_fn=<DivBackward0>)
Memory status after this epoch: 
Memory allocated:  227.111328125
Memory cached:  300.0
	 epoch  90 training error:  tensor(0.1888, device='cuda:0', grad_fn=<DivBackward0>)
Memory status after this epoch: 
Memory allocated:  227.111328125
Memory cached:  300.0
[I 2024-01-11 12:02:49,067] Trial 72 finished with value: 0.20901034772396088 and parameters: {'W_layers': 7, 'W_layer_units_exponent_0': 8, 'W_layer_units_exponent_1': 8, 'W_layer_units_exponent_2': 9, 'W_layer_units_exponent_3': 5, 'W_layer_units_exponent_4': 7, 'W_layer_units_exponent_5': 6, 'W_layer_units_exponent_6': 7, 'D_layers': 4, 'D_layer_units_exponent_0': 6, 'D_layer_units_exponent_1': 10, 'D_layer_units_exponent_2': 9, 'D_layer_units_exponent_3': 6, 'D_dagger_layers': 2, 'D_dagger_layer_units_exponent_0': 5, 'D_dagger_layer_units_exponent_1': 7, 'log_learning_rate': -2.5081214567218653, 'log_learning_rate_D': -2.7489379879456792, 'log_learning_rate_D_dagger': -3.014529331331372, 'training_batch_size': 9, 'training_p': 2}. Best is trial 58 with value: 0.2080806940793991.
Time for this trial:  22.33000159263611
Memory status after this trial: 
Memory allocated:  385.36865234375
Memory cached:  416.0
--------------------  Trial  73   --------------------
Start timing: 
Parameters: 
{'W_layers': 7, 'W_layer_units_exponent_0': 8, 'W_layer_units_exponent_1': 7, 'W_layer_units_exponent_2': 9, 'W_layer_units_exponent_3': 4, 'W_layer_units_exponent_4': 6, 'W_layer_units_exponent_5': 5, 'W_layer_units_exponent_6': 7, 'D_layers': 4, 'D_layer_units_exponent_0': 7, 'D_layer_units_exponent_1': 10, 'D_layer_units_exponent_2': 8, 'D_layer_units_exponent_3': 6, 'D_dagger_layers': 2, 'D_dagger_layer_units_exponent_0': 5, 'D_dagger_layer_units_exponent_1': 10, 'log_learning_rate': -2.243583473104812, 'log_learning_rate_D': -2.4112064980032684, 'log_learning_rate_D_dagger': -3.1850691145346612, 'training_batch_size': 9, 'training_p': 2}
	 epoch  0 training error:  tensor(0.9570, device='cuda:0', grad_fn=<DivBackward0>)
Memory status after this epoch: 
Memory allocated:  224.5107421875
Memory cached:  300.0
	 epoch  10 training error:  tensor(0.2285, device='cuda:0', grad_fn=<DivBackward0>)
Memory status after this epoch: 
Memory allocated:  224.5107421875
Memory cached:  300.0
	 epoch  20 training error:  tensor(0.2338, device='cuda:0', grad_fn=<DivBackward0>)
Memory status after this epoch: 
Memory allocated:  224.5107421875
Memory cached:  300.0
	 epoch  30 training error:  tensor(0.2244, device='cuda:0', grad_fn=<DivBackward0>)
Memory status after this epoch: 
Memory allocated:  224.5107421875
Memory cached:  300.0
	 epoch  40 training error:  tensor(0.2074, device='cuda:0', grad_fn=<DivBackward0>)
Memory status after this epoch: 
Memory allocated:  224.5107421875
Memory cached:  300.0
	 epoch  50 training error:  tensor(0.1944, device='cuda:0', grad_fn=<DivBackward0>)
Memory status after this epoch: 
Memory allocated:  224.5107421875
Memory cached:  300.0
	 epoch  60 training error:  tensor(0.1906, device='cuda:0', grad_fn=<DivBackward0>)
Memory status after this epoch: 
Memory allocated:  224.5107421875
Memory cached:  300.0
	 epoch  70 training error:  tensor(0.1854, device='cuda:0', grad_fn=<DivBackward0>)
Memory status after this epoch: 
Memory allocated:  224.5107421875
Memory cached:  300.0
	 epoch  80 training error:  tensor(0.1885, device='cuda:0', grad_fn=<DivBackward0>)
Memory status after this epoch: 
Memory allocated:  224.5107421875
Memory cached:  300.0
	 epoch  90 training error:  tensor(0.1846, device='cuda:0', grad_fn=<DivBackward0>)
Memory status after this epoch: 
Memory allocated:  224.5107421875
Memory cached:  300.0
