[I 2024-01-10 17:25:25,361] Trial 22 finished with value: 0.5769440531730652 and parameters: {'W_layers': 2, 'W_layer_units_exponent_0': 6, 'W_layer_units_exponent_1': 4, 'D_layers': 8, 'D_layer_units_exponent_0': 10, 'D_layer_units_exponent_1': 4, 'D_layer_units_exponent_2': 7, 'D_layer_units_exponent_3': 7, 'D_layer_units_exponent_4': 6, 'D_layer_units_exponent_5': 9, 'D_layer_units_exponent_6': 6, 'D_layer_units_exponent_7': 10, 'D_dagger_layers': 6, 'D_dagger_layer_units_exponent_0': 9, 'D_dagger_layer_units_exponent_1': 8, 'D_dagger_layer_units_exponent_2': 10, 'D_dagger_layer_units_exponent_3': 5, 'D_dagger_layer_units_exponent_4': 10, 'D_dagger_layer_units_exponent_5': 4, 'log_learning_rate': -3.528761527601212, 'log_learning_rate_D': -1.8576727488046845, 'log_learning_rate_D_dagger': -2.683965126758266, 'training_batch_size': 8, 'training_p': 6}. Best is trial 9 with value: 0.18485425412654877.
Time for this trial:  267.8549876213074
Memory status after this trial: 
Memory allocated:  978.8291015625
Memory cached:  998.0
--------------------  Trial  23   --------------------
Start timing: 
Parameters: 
{'W_layers': 3, 'W_layer_units_exponent_0': 8, 'W_layer_units_exponent_1': 5, 'W_layer_units_exponent_2': 6, 'D_layers': 7, 'D_layer_units_exponent_0': 9, 'D_layer_units_exponent_1': 6, 'D_layer_units_exponent_2': 6, 'D_layer_units_exponent_3': 5, 'D_layer_units_exponent_4': 8, 'D_layer_units_exponent_5': 4, 'D_layer_units_exponent_6': 4, 'D_dagger_layers': 5, 'D_dagger_layer_units_exponent_0': 10, 'D_dagger_layer_units_exponent_1': 7, 'D_dagger_layer_units_exponent_2': 9, 'D_dagger_layer_units_exponent_3': 4, 'D_dagger_layer_units_exponent_4': 8, 'log_learning_rate': -3.967541389709878, 'log_learning_rate_D': -2.4310547567373955, 'log_learning_rate_D_dagger': -3.231211175779037, 'training_batch_size': 7, 'training_p': 6}
	 epoch  0 training error:  tensor(1.0568, device='cuda:0', grad_fn=<DivBackward0>)
Memory status after this epoch: 
Memory allocated:  366.19384765625
Memory cached:  650.0
	 epoch  10 training error:  tensor(0.3880, device='cuda:0', grad_fn=<DivBackward0>)
Memory status after this epoch: 
Memory allocated:  366.19384765625
Memory cached:  692.0
	 epoch  20 training error:  tensor(0.3507, device='cuda:0', grad_fn=<DivBackward0>)
Memory status after this epoch: 
Memory allocated:  366.19384765625
Memory cached:  694.0
	 epoch  30 training error:  tensor(0.3406, device='cuda:0', grad_fn=<DivBackward0>)
Memory status after this epoch: 
Memory allocated:  366.19384765625
Memory cached:  690.0
	 epoch  40 training error:  tensor(0.3246, device='cuda:0', grad_fn=<DivBackward0>)
Memory status after this epoch: 
Memory allocated:  366.19384765625
Memory cached:  690.0
	 epoch  50 training error:  tensor(0.3302, device='cuda:0', grad_fn=<DivBackward0>)
Memory status after this epoch: 
Memory allocated:  366.19384765625
Memory cached:  688.0
	 epoch  60 training error:  tensor(0.3298, device='cuda:0', grad_fn=<DivBackward0>)
Memory status after this epoch: 
Memory allocated:  366.19384765625
Memory cached:  690.0
	 epoch  70 training error:  tensor(0.5732, device='cuda:0', grad_fn=<DivBackward0>)
Memory status after this epoch: 
Memory allocated:  366.19384765625
Memory cached:  690.0
	 epoch  80 training error:  tensor(0.5793, device='cuda:0', grad_fn=<DivBackward0>)
Memory status after this epoch: 
Memory allocated:  366.19384765625
Memory cached:  692.0
	 epoch  90 training error:  tensor(0.5822, device='cuda:0', grad_fn=<DivBackward0>)
Memory status after this epoch: 
Memory allocated:  366.19384765625
Memory cached:  692.0
[I 2024-01-10 17:31:35,194] Trial 23 finished with value: 0.44754624366760254 and parameters: {'W_layers': 3, 'W_layer_units_exponent_0': 8, 'W_layer_units_exponent_1': 5, 'W_layer_units_exponent_2': 6, 'D_layers': 7, 'D_layer_units_exponent_0': 9, 'D_layer_units_exponent_1': 6, 'D_layer_units_exponent_2': 6, 'D_layer_units_exponent_3': 5, 'D_layer_units_exponent_4': 8, 'D_layer_units_exponent_5': 4, 'D_layer_units_exponent_6': 4, 'D_dagger_layers': 5, 'D_dagger_layer_units_exponent_0': 10, 'D_dagger_layer_units_exponent_1': 7, 'D_dagger_layer_units_exponent_2': 9, 'D_dagger_layer_units_exponent_3': 4, 'D_dagger_layer_units_exponent_4': 8, 'log_learning_rate': -3.967541389709878, 'log_learning_rate_D': -2.4310547567373955, 'log_learning_rate_D_dagger': -3.231211175779037, 'training_batch_size': 7, 'training_p': 6}. Best is trial 9 with value: 0.18485425412654877.
Time for this trial:  369.4227433204651
Memory status after this trial: 
Memory allocated:  705.189453125
Memory cached:  720.0
--------------------  Trial  24   --------------------
Start timing: 
Parameters: 
{'W_layers': 2, 'W_layer_units_exponent_0': 5, 'W_layer_units_exponent_1': 6, 'D_layers': 8, 'D_layer_units_exponent_0': 10, 'D_layer_units_exponent_1': 5, 'D_layer_units_exponent_2': 9, 'D_layer_units_exponent_3': 6, 'D_layer_units_exponent_4': 9, 'D_layer_units_exponent_5': 6, 'D_layer_units_exponent_6': 6, 'D_layer_units_exponent_7': 7, 'D_dagger_layers': 3, 'D_dagger_layer_units_exponent_0': 4, 'D_dagger_layer_units_exponent_1': 9, 'D_dagger_layer_units_exponent_2': 10, 'log_learning_rate': -3.290038556216947, 'log_learning_rate_D': -1.36382807923319, 'log_learning_rate_D_dagger': -2.793463061186602, 'training_batch_size': 6, 'training_p': 7}
	 epoch  0 training error:  tensor(1.0958, device='cuda:0', grad_fn=<DivBackward0>)
Memory status after this epoch: 
Memory allocated:  372.70654296875
Memory cached:  660.0
	 epoch  10 training error:  tensor(0.8227, device='cuda:0', grad_fn=<DivBackward0>)
Memory status after this epoch: 
Memory allocated:  372.70654296875
Memory cached:  678.0
	 epoch  20 training error:  tensor(0.7649, device='cuda:0', grad_fn=<DivBackward0>)
Memory status after this epoch: 
Memory allocated:  372.70654296875
Memory cached:  688.0
	 epoch  30 training error:  tensor(0.7284, device='cuda:0', grad_fn=<DivBackward0>)
Memory status after this epoch: 
Memory allocated:  372.70654296875
Memory cached:  680.0
	 epoch  40 training error:  tensor(0.7038, device='cuda:0', grad_fn=<DivBackward0>)
Memory status after this epoch: 
Memory allocated:  372.70654296875
Memory cached:  678.0
	 epoch  50 training error:  tensor(0.6885, device='cuda:0', grad_fn=<DivBackward0>)
Memory status after this epoch: 
Memory allocated:  372.70654296875
Memory cached:  678.0
	 epoch  60 training error:  tensor(0.6778, device='cuda:0', grad_fn=<DivBackward0>)
Memory status after this epoch: 
Memory allocated:  372.70654296875
Memory cached:  676.0
	 epoch  70 training error:  tensor(0.6745, device='cuda:0', grad_fn=<DivBackward0>)
Memory status after this epoch: 
Memory allocated:  372.70654296875
Memory cached:  680.0
	 epoch  80 training error:  tensor(0.6723, device='cuda:0', grad_fn=<DivBackward0>)
Memory status after this epoch: 
Memory allocated:  372.70654296875
Memory cached:  682.0
	 epoch  90 training error:  tensor(0.6704, device='cuda:0', grad_fn=<DivBackward0>)
Memory status after this epoch: 
Memory allocated:  372.70654296875
Memory cached:  680.0
[I 2024-01-10 17:39:24,523] Trial 24 finished with value: 0.5892871618270874 and parameters: {'W_layers': 2, 'W_layer_units_exponent_0': 5, 'W_layer_units_exponent_1': 6, 'D_layers': 8, 'D_layer_units_exponent_0': 10, 'D_layer_units_exponent_1': 5, 'D_layer_units_exponent_2': 9, 'D_layer_units_exponent_3': 6, 'D_layer_units_exponent_4': 9, 'D_layer_units_exponent_5': 6, 'D_layer_units_exponent_6': 6, 'D_layer_units_exponent_7': 7, 'D_dagger_layers': 3, 'D_dagger_layer_units_exponent_0': 4, 'D_dagger_layer_units_exponent_1': 9, 'D_dagger_layer_units_exponent_2': 10, 'log_learning_rate': -3.290038556216947, 'log_learning_rate_D': -1.36382807923319, 'log_learning_rate_D_dagger': -2.793463061186602, 'training_batch_size': 6, 'training_p': 7}. Best is trial 9 with value: 0.18485425412654877.
Time for this trial:  468.9489104747772
Memory status after this trial: 
Memory allocated:  778.97119140625
Memory cached:  790.0
--------------------  Trial  25   --------------------
Start timing: 
Parameters: 
{'W_layers': 4, 'W_layer_units_exponent_0': 6, 'W_layer_units_exponent_1': 7, 'W_layer_units_exponent_2': 9, 'W_layer_units_exponent_3': 5, 'D_layers': 6, 'D_layer_units_exponent_0': 8, 'D_layer_units_exponent_1': 4, 'D_layer_units_exponent_2': 5, 'D_layer_units_exponent_3': 7, 'D_layer_units_exponent_4': 5, 'D_layer_units_exponent_5': 8, 'D_dagger_layers': 4, 'D_dagger_layer_units_exponent_0': 9, 'D_dagger_layer_units_exponent_1': 8, 'D_dagger_layer_units_exponent_2': 8, 'D_dagger_layer_units_exponent_3': 5, 'log_learning_rate': -4.4700040995551955, 'log_learning_rate_D': -1.7839869138219537, 'log_learning_rate_D_dagger': -3.3522081622819817, 'training_batch_size': 7, 'training_p': 3}
	 epoch  0 training error:  tensor(0.9976, device='cuda:0', grad_fn=<DivBackward0>)
Memory status after this epoch: 
Memory allocated:  366.85009765625
Memory cached:  636.0
	 epoch  10 training error:  tensor(0.2892, device='cuda:0', grad_fn=<DivBackward0>)
Memory status after this epoch: 
Memory allocated:  366.85009765625
Memory cached:  656.0
	 epoch  20 training error:  tensor(0.2663, device='cuda:0', grad_fn=<DivBackward0>)
Memory status after this epoch: 
Memory allocated:  366.85009765625
Memory cached:  658.0
	 epoch  30 training error:  tensor(0.2519, device='cuda:0', grad_fn=<DivBackward0>)
Memory status after this epoch: 
Memory allocated:  366.85009765625
Memory cached:  654.0
	 epoch  40 training error:  tensor(0.2454, device='cuda:0', grad_fn=<DivBackward0>)
Memory status after this epoch: 
Memory allocated:  366.85009765625
Memory cached:  658.0
	 epoch  50 training error:  tensor(0.2383, device='cuda:0', grad_fn=<DivBackward0>)
Memory status after this epoch: 
Memory allocated:  366.85009765625
Memory cached:  656.0
	 epoch  60 training error:  tensor(0.2398, device='cuda:0', grad_fn=<DivBackward0>)
Memory status after this epoch: 
Memory allocated:  366.85009765625
Memory cached:  660.0
	 epoch  70 training error:  tensor(0.2446, device='cuda:0', grad_fn=<DivBackward0>)
Memory status after this epoch: 
Memory allocated:  366.85009765625
Memory cached:  662.0
	 epoch  80 training error:  tensor(0.2392, device='cuda:0', grad_fn=<DivBackward0>)
Memory status after this epoch: 
Memory allocated:  366.85009765625
Memory cached:  654.0
	 epoch  90 training error:  tensor(0.2442, device='cuda:0', grad_fn=<DivBackward0>)
Memory status after this epoch: 
Memory allocated:  366.85009765625
Memory cached:  652.0
[I 2024-01-10 17:45:13,511] Trial 25 finished with value: 0.1993643343448639 and parameters: {'W_layers': 4, 'W_layer_units_exponent_0': 6, 'W_layer_units_exponent_1': 7, 'W_layer_units_exponent_2': 9, 'W_layer_units_exponent_3': 5, 'D_layers': 6, 'D_layer_units_exponent_0': 8, 'D_layer_units_exponent_1': 4, 'D_layer_units_exponent_2': 5, 'D_layer_units_exponent_3': 7, 'D_layer_units_exponent_4': 5, 'D_layer_units_exponent_5': 8, 'D_dagger_layers': 4, 'D_dagger_layer_units_exponent_0': 9, 'D_dagger_layer_units_exponent_1': 8, 'D_dagger_layer_units_exponent_2': 8, 'D_dagger_layer_units_exponent_3': 5, 'log_learning_rate': -4.4700040995551955, 'log_learning_rate_D': -1.7839869138219537, 'log_learning_rate_D_dagger': -3.3522081622819817, 'training_batch_size': 7, 'training_p': 3}. Best is trial 9 with value: 0.18485425412654877.
Time for this trial:  348.58909010887146
Memory status after this trial: 
Memory allocated:  627.44140625
Memory cached:  652.0
--------------------  Trial  26   --------------------
Start timing: 
Parameters: 
{'W_layers': 5, 'W_layer_units_exponent_0': 8, 'W_layer_units_exponent_1': 7, 'W_layer_units_exponent_2': 9, 'W_layer_units_exponent_3': 5, 'W_layer_units_exponent_4': 4, 'D_layers': 6, 'D_layer_units_exponent_0': 8, 'D_layer_units_exponent_1': 4, 'D_layer_units_exponent_2': 4, 'D_layer_units_exponent_3': 8, 'D_layer_units_exponent_4': 6, 'D_layer_units_exponent_5': 8, 'D_dagger_layers': 4, 'D_dagger_layer_units_exponent_0': 7, 'D_dagger_layer_units_exponent_1': 7, 'D_dagger_layer_units_exponent_2': 6, 'D_dagger_layer_units_exponent_3': 5, 'log_learning_rate': -4.641795073923252, 'log_learning_rate_D': -1.7252697289913665, 'log_learning_rate_D_dagger': -3.3526059298765545, 'training_batch_size': 8, 'training_p': 3}
	 epoch  0 training error:  tensor(0.9922, device='cuda:0', grad_fn=<DivBackward0>)
Memory status after this epoch: 
Memory allocated:  364.85791015625
Memory cached:  640.0
	 epoch  10 training error:  tensor(0.5278, device='cuda:0', grad_fn=<DivBackward0>)
Memory status after this epoch: 
Memory allocated:  364.85791015625
Memory cached:  670.0
	 epoch  20 training error:  tensor(0.3387, device='cuda:0', grad_fn=<DivBackward0>)
Memory status after this epoch: 
Memory allocated:  364.85791015625
Memory cached:  680.0
	 epoch  30 training error:  tensor(0.2868, device='cuda:0', grad_fn=<DivBackward0>)
Memory status after this epoch: 
Memory allocated:  364.85791015625
Memory cached:  670.0
	 epoch  40 training error:  tensor(0.2737, device='cuda:0', grad_fn=<DivBackward0>)
Memory status after this epoch: 
Memory allocated:  364.85791015625
Memory cached:  670.0
	 epoch  50 training error:  tensor(0.2658, device='cuda:0', grad_fn=<DivBackward0>)
Memory status after this epoch: 
Memory allocated:  364.85791015625
Memory cached:  664.0
	 epoch  60 training error:  tensor(0.2614, device='cuda:0', grad_fn=<DivBackward0>)
Memory status after this epoch: 
Memory allocated:  364.85791015625
Memory cached:  664.0
	 epoch  70 training error:  tensor(0.2567, device='cuda:0', grad_fn=<DivBackward0>)
Memory status after this epoch: 
Memory allocated:  364.85791015625
Memory cached:  670.0
	 epoch  80 training error:  tensor(0.2517, device='cuda:0', grad_fn=<DivBackward0>)
Memory status after this epoch: 
Memory allocated:  364.85791015625
Memory cached:  672.0
	 epoch  90 training error:  tensor(0.2467, device='cuda:0', grad_fn=<DivBackward0>)
Memory status after this epoch: 
Memory allocated:  364.85791015625
Memory cached:  672.0
[I 2024-01-10 17:48:41,617] Trial 26 finished with value: 0.21192021667957306 and parameters: {'W_layers': 5, 'W_layer_units_exponent_0': 8, 'W_layer_units_exponent_1': 7, 'W_layer_units_exponent_2': 9, 'W_layer_units_exponent_3': 5, 'W_layer_units_exponent_4': 4, 'D_layers': 6, 'D_layer_units_exponent_0': 8, 'D_layer_units_exponent_1': 4, 'D_layer_units_exponent_2': 4, 'D_layer_units_exponent_3': 8, 'D_layer_units_exponent_4': 6, 'D_layer_units_exponent_5': 8, 'D_dagger_layers': 4, 'D_dagger_layer_units_exponent_0': 7, 'D_dagger_layer_units_exponent_1': 7, 'D_dagger_layer_units_exponent_2': 6, 'D_dagger_layer_units_exponent_3': 5, 'log_learning_rate': -4.641795073923252, 'log_learning_rate_D': -1.7252697289913665, 'log_learning_rate_D_dagger': -3.3526059298765545, 'training_batch_size': 8, 'training_p': 3}. Best is trial 9 with value: 0.18485425412654877.
Time for this trial:  207.68414783477783
Memory status after this trial: 
Memory allocated:  588.91357421875
Memory cached:  654.0
--------------------  Trial  27   --------------------
Start timing: 
Parameters: 
{'W_layers': 4, 'W_layer_units_exponent_0': 7, 'W_layer_units_exponent_1': 7, 'W_layer_units_exponent_2': 8, 'W_layer_units_exponent_3': 5, 'D_layers': 5, 'D_layer_units_exponent_0': 7, 'D_layer_units_exponent_1': 4, 'D_layer_units_exponent_2': 5, 'D_layer_units_exponent_3': 7, 'D_layer_units_exponent_4': 5, 'D_dagger_layers': 3, 'D_dagger_layer_units_exponent_0': 10, 'D_dagger_layer_units_exponent_1': 6, 'D_dagger_layer_units_exponent_2': 8, 'log_learning_rate': -4.506058545400425, 'log_learning_rate_D': -1.0112649886644394, 'log_learning_rate_D_dagger': -3.7092376117728785, 'training_batch_size': 7, 'training_p': 3}
	 epoch  0 training error:  tensor(1.0313, device='cuda:0', grad_fn=<DivBackward0>)
Memory status after this epoch: 
Memory allocated:  364.32666015625
Memory cached:  634.0
	 epoch  10 training error:  tensor(0.5612, device='cuda:0', grad_fn=<DivBackward0>)
Memory status after this epoch: 
Memory allocated:  364.32666015625
Memory cached:  656.0
	 epoch  20 training error:  tensor(0.4152, device='cuda:0', grad_fn=<DivBackward0>)
Memory status after this epoch: 
Memory allocated:  364.32666015625
Memory cached:  650.0
	 epoch  30 training error:  tensor(0.6411, device='cuda:0', grad_fn=<DivBackward0>)
Memory status after this epoch: 
Memory allocated:  364.32666015625
Memory cached:  656.0
	 epoch  40 training error:  tensor(0.6366, device='cuda:0', grad_fn=<DivBackward0>)
Memory status after this epoch: 
Memory allocated:  364.32666015625
Memory cached:  652.0
	 epoch  50 training error:  tensor(0.6374, device='cuda:0', grad_fn=<DivBackward0>)
Memory status after this epoch: 
Memory allocated:  364.32666015625
Memory cached:  646.0
	 epoch  60 training error:  tensor(0.6374, device='cuda:0', grad_fn=<DivBackward0>)
Memory status after this epoch: 
Memory allocated:  364.32666015625
Memory cached:  652.0
	 epoch  70 training error:  tensor(0.6354, device='cuda:0', grad_fn=<DivBackward0>)
Memory status after this epoch: 
Memory allocated:  364.32666015625
Memory cached:  652.0
	 epoch  80 training error:  tensor(0.6339, device='cuda:0', grad_fn=<DivBackward0>)
Memory status after this epoch: 
Memory allocated:  364.32666015625
Memory cached:  652.0
	 epoch  90 training error:  tensor(0.6756, device='cuda:0', grad_fn=<DivBackward0>)
Memory status after this epoch: 
Memory allocated:  364.32666015625
Memory cached:  654.0
[I 2024-01-10 17:53:53,575] Trial 27 finished with value: 0.5734894871711731 and parameters: {'W_layers': 4, 'W_layer_units_exponent_0': 7, 'W_layer_units_exponent_1': 7, 'W_layer_units_exponent_2': 8, 'W_layer_units_exponent_3': 5, 'D_layers': 5, 'D_layer_units_exponent_0': 7, 'D_layer_units_exponent_1': 4, 'D_layer_units_exponent_2': 5, 'D_layer_units_exponent_3': 7, 'D_layer_units_exponent_4': 5, 'D_dagger_layers': 3, 'D_dagger_layer_units_exponent_0': 10, 'D_dagger_layer_units_exponent_1': 6, 'D_dagger_layer_units_exponent_2': 8, 'log_learning_rate': -4.506058545400425, 'log_learning_rate_D': -1.0112649886644394, 'log_learning_rate_D_dagger': -3.7092376117728785, 'training_batch_size': 7, 'training_p': 3}. Best is trial 9 with value: 0.18485425412654877.
Time for this trial:  311.594087600708
Memory status after this trial: 
Memory allocated:  595.7939453125
Memory cached:  650.0
--------------------  Trial  28   --------------------
Start timing: 
Parameters: 
{'W_layers': 4, 'W_layer_units_exponent_0': 5, 'W_layer_units_exponent_1': 8, 'W_layer_units_exponent_2': 7, 'W_layer_units_exponent_3': 7, 'D_layers': 5, 'D_layer_units_exponent_0': 6, 'D_layer_units_exponent_1': 6, 'D_layer_units_exponent_2': 5, 'D_layer_units_exponent_3': 9, 'D_layer_units_exponent_4': 5, 'D_dagger_layers': 2, 'D_dagger_layer_units_exponent_0': 8, 'D_dagger_layer_units_exponent_1': 5, 'log_learning_rate': -3.941045086808207, 'log_learning_rate_D': -1.332757072583356, 'log_learning_rate_D_dagger': -3.256862170394479, 'training_batch_size': 10, 'training_p': 3}
	 epoch  0 training error:  tensor(0.8861, device='cuda:0', grad_fn=<DivBackward0>)
Memory status after this epoch: 
Memory allocated:  363.64501953125
Memory cached:  634.0
	 epoch  10 training error:  tensor(0.6244, device='cuda:0', grad_fn=<DivBackward0>)
Memory status after this epoch: 
Memory allocated:  363.64501953125
Memory cached:  640.0
	 epoch  20 training error:  tensor(0.5976, device='cuda:0', grad_fn=<DivBackward0>)
Memory status after this epoch: 
Memory allocated:  363.64501953125
Memory cached:  646.0
	 epoch  30 training error:  tensor(0.7309, device='cuda:0', grad_fn=<DivBackward0>)
Memory status after this epoch: 
Memory allocated:  363.64501953125
Memory cached:  642.0
	 epoch  40 training error:  tensor(0.6416, device='cuda:0', grad_fn=<DivBackward0>)
Memory status after this epoch: 
Memory allocated:  363.64501953125
Memory cached:  644.0
	 epoch  50 training error:  tensor(0.6306, device='cuda:0', grad_fn=<DivBackward0>)
Memory status after this epoch: 
Memory allocated:  363.64501953125
Memory cached:  642.0
	 epoch  60 training error:  tensor(0.6285, device='cuda:0', grad_fn=<DivBackward0>)
Memory status after this epoch: 
Memory allocated:  363.64501953125
Memory cached:  646.0
	 epoch  70 training error:  tensor(0.6275, device='cuda:0', grad_fn=<DivBackward0>)
Memory status after this epoch: 
Memory allocated:  363.64501953125
Memory cached:  650.0
	 epoch  80 training error:  tensor(0.6271, device='cuda:0', grad_fn=<DivBackward0>)
Memory status after this epoch: 
Memory allocated:  363.64501953125
Memory cached:  644.0
	 epoch  90 training error:  tensor(0.6268, device='cuda:0', grad_fn=<DivBackward0>)
Memory status after this epoch: 
Memory allocated:  363.64501953125
Memory cached:  642.0
