[I 2024-01-13 13:54:46,431] Trial 197 finished with value: 0.1717064082622528 and parameters: {'W_layers': 2, 'W_layer_units_exponent_0': 6, 'W_layer_units_exponent_1': 5, 'D_layers': 5, 'D_layer_units_exponent_0': 5, 'D_layer_units_exponent_1': 6, 'D_layer_units_exponent_2': 8, 'D_layer_units_exponent_3': 10, 'D_layer_units_exponent_4': 7, 'D_dagger_layers': 5, 'D_dagger_layer_units_exponent_0': 9, 'D_dagger_layer_units_exponent_1': 9, 'D_dagger_layer_units_exponent_2': 7, 'D_dagger_layer_units_exponent_3': 6, 'D_dagger_layer_units_exponent_4': 4, 'log_learning_rate': -2.486276935669752, 'log_learning_rate_D': -3.2312841493497224, 'log_learning_rate_D_dagger': -2.6082965685930244, 'training_batch_size': 6, 'training_p': 8}. Best is trial 188 with value: 0.05394549295306206.
Time for this trial:  432.0270881652832
Memory status after this trial: 
Memory allocated:  608.88671875
Memory cached:  616.0
--------------------  Trial  198   --------------------
Start timing: 
Parameters: 
{'W_layers': 2, 'W_layer_units_exponent_0': 5, 'W_layer_units_exponent_1': 4, 'D_layers': 5, 'D_layer_units_exponent_0': 5, 'D_layer_units_exponent_1': 7, 'D_layer_units_exponent_2': 8, 'D_layer_units_exponent_3': 10, 'D_layer_units_exponent_4': 7, 'D_dagger_layers': 5, 'D_dagger_layer_units_exponent_0': 9, 'D_dagger_layer_units_exponent_1': 9, 'D_dagger_layer_units_exponent_2': 7, 'D_dagger_layer_units_exponent_3': 6, 'D_dagger_layer_units_exponent_4': 4, 'log_learning_rate': -2.2829750444824644, 'log_learning_rate_D': -3.337740573345288, 'log_learning_rate_D_dagger': -2.525658671906686, 'training_batch_size': 6, 'training_p': 8}
	 epoch  0 training error:  tensor(0.9201, device='cuda:0', grad_fn=<DivBackward0>)
Memory status after this epoch: 
Memory allocated:  316.349609375
Memory cached:  576.0
	 epoch  10 training error:  tensor(0.5552, device='cuda:0', grad_fn=<DivBackward0>)
Memory status after this epoch: 
Memory allocated:  316.349609375
Memory cached:  594.0
	 epoch  20 training error:  tensor(0.5414, device='cuda:0', grad_fn=<DivBackward0>)
Memory status after this epoch: 
Memory allocated:  316.349609375
Memory cached:  592.0
	 epoch  30 training error:  tensor(0.5132, device='cuda:0', grad_fn=<DivBackward0>)
Memory status after this epoch: 
Memory allocated:  316.349609375
Memory cached:  590.0
	 epoch  40 training error:  tensor(0.3778, device='cuda:0', grad_fn=<DivBackward0>)
Memory status after this epoch: 
Memory allocated:  316.349609375
Memory cached:  590.0
	 epoch  50 training error:  tensor(0.3299, device='cuda:0', grad_fn=<DivBackward0>)
Memory status after this epoch: 
Memory allocated:  316.349609375
Memory cached:  590.0
	 epoch  60 training error:  tensor(0.2487, device='cuda:0', grad_fn=<DivBackward0>)
Memory status after this epoch: 
Memory allocated:  316.349609375
Memory cached:  590.0
	 epoch  70 training error:  tensor(0.2040, device='cuda:0', grad_fn=<DivBackward0>)
Memory status after this epoch: 
Memory allocated:  316.349609375
Memory cached:  590.0
	 epoch  80 training error:  tensor(0.1428, device='cuda:0', grad_fn=<DivBackward0>)
Memory status after this epoch: 
Memory allocated:  316.349609375
Memory cached:  588.0
	 epoch  90 training error:  tensor(0.1075, device='cuda:0', grad_fn=<DivBackward0>)
Memory status after this epoch: 
Memory allocated:  316.349609375
Memory cached:  592.0
[I 2024-01-13 14:02:01,971] Trial 198 finished with value: 0.0741431787610054 and parameters: {'W_layers': 2, 'W_layer_units_exponent_0': 5, 'W_layer_units_exponent_1': 4, 'D_layers': 5, 'D_layer_units_exponent_0': 5, 'D_layer_units_exponent_1': 7, 'D_layer_units_exponent_2': 8, 'D_layer_units_exponent_3': 10, 'D_layer_units_exponent_4': 7, 'D_dagger_layers': 5, 'D_dagger_layer_units_exponent_0': 9, 'D_dagger_layer_units_exponent_1': 9, 'D_dagger_layer_units_exponent_2': 7, 'D_dagger_layer_units_exponent_3': 6, 'D_dagger_layer_units_exponent_4': 4, 'log_learning_rate': -2.2829750444824644, 'log_learning_rate_D': -3.337740573345288, 'log_learning_rate_D_dagger': -2.525658671906686, 'training_batch_size': 6, 'training_p': 8}. Best is trial 188 with value: 0.05394549295306206.
Time for this trial:  435.09768891334534
Memory status after this trial: 
Memory allocated:  610.900390625
Memory cached:  618.0
--------------------  Trial  199   --------------------
Start timing: 
Parameters: 
{'W_layers': 2, 'W_layer_units_exponent_0': 5, 'W_layer_units_exponent_1': 4, 'D_layers': 5, 'D_layer_units_exponent_0': 5, 'D_layer_units_exponent_1': 7, 'D_layer_units_exponent_2': 8, 'D_layer_units_exponent_3': 10, 'D_layer_units_exponent_4': 7, 'D_dagger_layers': 5, 'D_dagger_layer_units_exponent_0': 9, 'D_dagger_layer_units_exponent_1': 7, 'D_dagger_layer_units_exponent_2': 7, 'D_dagger_layer_units_exponent_3': 6, 'D_dagger_layer_units_exponent_4': 4, 'log_learning_rate': -2.3477292006139825, 'log_learning_rate_D': -3.178326173998159, 'log_learning_rate_D_dagger': -2.722915077473236, 'training_batch_size': 6, 'training_p': 8}
	 epoch  0 training error:  tensor(0.8198, device='cuda:0', grad_fn=<DivBackward0>)
Memory status after this epoch: 
Memory allocated:  312.59375
Memory cached:  574.0
	 epoch  10 training error:  tensor(0.5576, device='cuda:0', grad_fn=<DivBackward0>)
Memory status after this epoch: 
Memory allocated:  312.59375
Memory cached:  586.0
	 epoch  20 training error:  tensor(0.5313, device='cuda:0', grad_fn=<DivBackward0>)
Memory status after this epoch: 
Memory allocated:  312.59375
Memory cached:  588.0
	 epoch  30 training error:  tensor(0.5310, device='cuda:0', grad_fn=<DivBackward0>)
Memory status after this epoch: 
Memory allocated:  312.59375
Memory cached:  586.0
	 epoch  40 training error:  tensor(0.5354, device='cuda:0', grad_fn=<DivBackward0>)
Memory status after this epoch: 
Memory allocated:  312.59375
Memory cached:  584.0
	 epoch  50 training error:  tensor(0.3472, device='cuda:0', grad_fn=<DivBackward0>)
Memory status after this epoch: 
Memory allocated:  312.59375
Memory cached:  584.0
	 epoch  60 training error:  tensor(0.2533, device='cuda:0', grad_fn=<DivBackward0>)
Memory status after this epoch: 
Memory allocated:  312.59375
Memory cached:  580.0
	 epoch  70 training error:  tensor(0.2220, device='cuda:0', grad_fn=<DivBackward0>)
Memory status after this epoch: 
Memory allocated:  312.59375
Memory cached:  586.0
	 epoch  80 training error:  tensor(0.1528, device='cuda:0', grad_fn=<DivBackward0>)
Memory status after this epoch: 
Memory allocated:  312.59375
Memory cached:  586.0
	 epoch  90 training error:  tensor(0.1710, device='cuda:0', grad_fn=<DivBackward0>)
Memory status after this epoch: 
Memory allocated:  312.59375
Memory cached:  588.0
[I 2024-01-13 14:09:13,710] Trial 199 finished with value: 0.05983700975775719 and parameters: {'W_layers': 2, 'W_layer_units_exponent_0': 5, 'W_layer_units_exponent_1': 4, 'D_layers': 5, 'D_layer_units_exponent_0': 5, 'D_layer_units_exponent_1': 7, 'D_layer_units_exponent_2': 8, 'D_layer_units_exponent_3': 10, 'D_layer_units_exponent_4': 7, 'D_dagger_layers': 5, 'D_dagger_layer_units_exponent_0': 9, 'D_dagger_layer_units_exponent_1': 7, 'D_dagger_layer_units_exponent_2': 7, 'D_dagger_layer_units_exponent_3': 6, 'D_dagger_layer_units_exponent_4': 4, 'log_learning_rate': -2.3477292006139825, 'log_learning_rate_D': -3.178326173998159, 'log_learning_rate_D_dagger': -2.722915077473236, 'training_batch_size': 6, 'training_p': 8}. Best is trial 188 with value: 0.05394549295306206.
[I 2024-01-13 14:09:13,881] A new study created in RDB with name: my_study
Time for this trial:  431.3059046268463
Memory status after this trial: 
Memory allocated:  568.0068359375
Memory cached:  586.0
--------------------  Trial  0   --------------------
Start timing: 
Parameters: 
{'W_layers': 3, 'W_layer_units_exponent_0': 4, 'W_layer_units_exponent_1': 9, 'W_layer_units_exponent_2': 9, 'D_layers': 4, 'D_layer_units_exponent_0': 6, 'D_layer_units_exponent_1': 7, 'D_layer_units_exponent_2': 9, 'D_layer_units_exponent_3': 4, 'D_dagger_layers': 2, 'D_dagger_layer_units_exponent_0': 10, 'D_dagger_layer_units_exponent_1': 10, 'log_learning_rate': -4.204575484659257, 'log_learning_rate_D': -2.563525584193561, 'log_learning_rate_D_dagger': -3.7771468510796335, 'training_batch_size': 8, 'training_p': 7}
/home/shengduo/anaconda3/lib/python3.9/site-packages/torch/nn/init.py:405: UserWarning: Initializing zero-element tensors is a no-op
  warnings.warn("Initializing zero-element tensors is a no-op")
	 epoch  0 training error:  tensor(1.1061, device='cuda:0', grad_fn=<DivBackward0>)
Memory status after this epoch: 
Memory allocated:  20.83837890625
Memory cached:  28.0
	 epoch  10 training error:  tensor(0.5330, device='cuda:0', grad_fn=<DivBackward0>)
Memory status after this epoch: 
Memory allocated:  20.83837890625
Memory cached:  28.0
	 epoch  20 training error:  tensor(0.5761, device='cuda:0', grad_fn=<DivBackward0>)
Memory status after this epoch: 
Memory allocated:  20.83837890625
Memory cached:  28.0
	 epoch  30 training error:  tensor(0.5206, device='cuda:0', grad_fn=<DivBackward0>)
Memory status after this epoch: 
Memory allocated:  20.83837890625
Memory cached:  28.0
	 epoch  40 training error:  tensor(0.5251, device='cuda:0', grad_fn=<DivBackward0>)
Memory status after this epoch: 
Memory allocated:  20.83837890625
Memory cached:  28.0
	 epoch  50 training error:  tensor(0.5224, device='cuda:0', grad_fn=<DivBackward0>)
Memory status after this epoch: 
Memory allocated:  20.83837890625
Memory cached:  28.0
	 epoch  60 training error:  tensor(0.5192, device='cuda:0', grad_fn=<DivBackward0>)
Memory status after this epoch: 
Memory allocated:  20.83837890625
Memory cached:  28.0
	 epoch  70 training error:  tensor(0.5247, device='cuda:0', grad_fn=<DivBackward0>)
Memory status after this epoch: 
Memory allocated:  20.83837890625
Memory cached:  28.0
	 epoch  80 training error:  tensor(0.5357, device='cuda:0', grad_fn=<DivBackward0>)
Memory status after this epoch: 
Memory allocated:  20.83837890625
Memory cached:  28.0
	 epoch  90 training error:  tensor(0.5232, device='cuda:0', grad_fn=<DivBackward0>)
Memory status after this epoch: 
Memory allocated:  20.83837890625
Memory cached:  28.0
[I 2024-01-13 14:09:40,801] Trial 0 finished with value: 0.38561680912971497 and parameters: {'W_layers': 3, 'W_layer_units_exponent_0': 4, 'W_layer_units_exponent_1': 9, 'W_layer_units_exponent_2': 9, 'D_layers': 4, 'D_layer_units_exponent_0': 6, 'D_layer_units_exponent_1': 7, 'D_layer_units_exponent_2': 9, 'D_layer_units_exponent_3': 4, 'D_dagger_layers': 2, 'D_dagger_layer_units_exponent_0': 10, 'D_dagger_layer_units_exponent_1': 10, 'log_learning_rate': -4.204575484659257, 'log_learning_rate_D': -2.563525584193561, 'log_learning_rate_D_dagger': -3.7771468510796335, 'training_batch_size': 8, 'training_p': 7}. Best is trial 0 with value: 0.38561680912971497.
res:  tensor(0.3856, device='cuda:0', grad_fn=<DivBackward0>)
self.bestValue:  10000000.0
Save this model!
Time for this trial:  26.686078786849976
Memory status after this trial: 
Memory allocated:  321.70361328125
Memory cached:  378.0
--------------------  Trial  1   --------------------
Start timing: 
Parameters: 
{'W_layers': 5, 'W_layer_units_exponent_0': 8, 'W_layer_units_exponent_1': 8, 'W_layer_units_exponent_2': 9, 'W_layer_units_exponent_3': 10, 'W_layer_units_exponent_4': 10, 'D_layers': 5, 'D_layer_units_exponent_0': 4, 'D_layer_units_exponent_1': 4, 'D_layer_units_exponent_2': 4, 'D_layer_units_exponent_3': 5, 'D_layer_units_exponent_4': 7, 'D_dagger_layers': 8, 'D_dagger_layer_units_exponent_0': 5, 'D_dagger_layer_units_exponent_1': 7, 'D_dagger_layer_units_exponent_2': 6, 'D_dagger_layer_units_exponent_3': 8, 'D_dagger_layer_units_exponent_4': 7, 'D_dagger_layer_units_exponent_5': 8, 'D_dagger_layer_units_exponent_6': 8, 'D_dagger_layer_units_exponent_7': 6, 'log_learning_rate': -3.3127051958525078, 'log_learning_rate_D': -4.889686249188575, 'log_learning_rate_D_dagger': -3.526270399061664, 'training_batch_size': 10, 'training_p': 6}
	 epoch  0 training error:  tensor(0.9585, device='cuda:0', grad_fn=<DivBackward0>)
Memory status after this epoch: 
Memory allocated:  353.44287109375
Memory cached:  384.0
	 epoch  10 training error:  tensor(0.6108, device='cuda:0', grad_fn=<DivBackward0>)
Memory status after this epoch: 
Memory allocated:  353.44287109375
Memory cached:  384.0
	 epoch  20 training error:  tensor(0.5131, device='cuda:0', grad_fn=<DivBackward0>)
Memory status after this epoch: 
Memory allocated:  353.44287109375
Memory cached:  384.0
	 epoch  30 training error:  tensor(0.5136, device='cuda:0', grad_fn=<DivBackward0>)
Memory status after this epoch: 
Memory allocated:  353.44287109375
Memory cached:  384.0
	 epoch  40 training error:  tensor(0.4997, device='cuda:0', grad_fn=<DivBackward0>)
Memory status after this epoch: 
Memory allocated:  353.44287109375
Memory cached:  384.0
	 epoch  50 training error:  tensor(0.5018, device='cuda:0', grad_fn=<DivBackward0>)
Memory status after this epoch: 
Memory allocated:  353.44287109375
Memory cached:  384.0
	 epoch  60 training error:  tensor(0.5023, device='cuda:0', grad_fn=<DivBackward0>)
Memory status after this epoch: 
Memory allocated:  353.44287109375
Memory cached:  384.0
	 epoch  70 training error:  tensor(0.5038, device='cuda:0', grad_fn=<DivBackward0>)
Memory status after this epoch: 
Memory allocated:  353.44287109375
Memory cached:  384.0
	 epoch  80 training error:  tensor(0.5004, device='cuda:0', grad_fn=<DivBackward0>)
Memory status after this epoch: 
Memory allocated:  353.44287109375
Memory cached:  384.0
	 epoch  90 training error:  tensor(0.4969, device='cuda:0', grad_fn=<DivBackward0>)
Memory status after this epoch: 
Memory allocated:  353.44287109375
Memory cached:  384.0
[I 2024-01-13 14:10:12,080] Trial 1 finished with value: 0.38426265120506287 and parameters: {'W_layers': 5, 'W_layer_units_exponent_0': 8, 'W_layer_units_exponent_1': 8, 'W_layer_units_exponent_2': 9, 'W_layer_units_exponent_3': 10, 'W_layer_units_exponent_4': 10, 'D_layers': 5, 'D_layer_units_exponent_0': 4, 'D_layer_units_exponent_1': 4, 'D_layer_units_exponent_2': 4, 'D_layer_units_exponent_3': 5, 'D_layer_units_exponent_4': 7, 'D_dagger_layers': 8, 'D_dagger_layer_units_exponent_0': 5, 'D_dagger_layer_units_exponent_1': 7, 'D_dagger_layer_units_exponent_2': 6, 'D_dagger_layer_units_exponent_3': 8, 'D_dagger_layer_units_exponent_4': 7, 'D_dagger_layer_units_exponent_5': 8, 'D_dagger_layer_units_exponent_6': 8, 'D_dagger_layer_units_exponent_7': 6, 'log_learning_rate': -3.3127051958525078, 'log_learning_rate_D': -4.889686249188575, 'log_learning_rate_D_dagger': -3.526270399061664, 'training_batch_size': 10, 'training_p': 6}. Best is trial 1 with value: 0.38426265120506287.
res:  tensor(0.3843, device='cuda:0', grad_fn=<DivBackward0>)
self.bestValue:  tensor(0.3856, device='cuda:0', grad_fn=<DivBackward0>)
Save this model!
Time for this trial:  31.043437719345093
Memory status after this trial: 
Memory allocated:  464.82763671875
Memory cached:  570.0
--------------------  Trial  2   --------------------
Start timing: 
Parameters: 
{'W_layers': 5, 'W_layer_units_exponent_0': 10, 'W_layer_units_exponent_1': 8, 'W_layer_units_exponent_2': 5, 'W_layer_units_exponent_3': 4, 'W_layer_units_exponent_4': 6, 'D_layers': 8, 'D_layer_units_exponent_0': 8, 'D_layer_units_exponent_1': 5, 'D_layer_units_exponent_2': 4, 'D_layer_units_exponent_3': 9, 'D_layer_units_exponent_4': 4, 'D_layer_units_exponent_5': 5, 'D_layer_units_exponent_6': 8, 'D_layer_units_exponent_7': 5, 'D_dagger_layers': 7, 'D_dagger_layer_units_exponent_0': 9, 'D_dagger_layer_units_exponent_1': 7, 'D_dagger_layer_units_exponent_2': 9, 'D_dagger_layer_units_exponent_3': 7, 'D_dagger_layer_units_exponent_4': 7, 'D_dagger_layer_units_exponent_5': 6, 'D_dagger_layer_units_exponent_6': 7, 'log_learning_rate': -1.9794074054906532, 'log_learning_rate_D': -3.703647843563464, 'log_learning_rate_D_dagger': -1.6043594862219028, 'training_batch_size': 6, 'training_p': 4}
	 epoch  0 training error:  tensor(17.2248, device='cuda:0', grad_fn=<DivBackward0>)
Memory status after this epoch: 
Memory allocated:  472.73486328125
Memory cached:  574.0
	 epoch  10 training error:  tensor(3.8179, device='cuda:0', grad_fn=<DivBackward0>)
Memory status after this epoch: 
Memory allocated:  472.73486328125
Memory cached:  574.0
	 epoch  20 training error:  tensor(0.6240, device='cuda:0', grad_fn=<DivBackward0>)
Memory status after this epoch: 
Memory allocated:  472.73486328125
Memory cached:  574.0
	 epoch  30 training error:  tensor(0.4571, device='cuda:0', grad_fn=<DivBackward0>)
Memory status after this epoch: 
Memory allocated:  472.73486328125
Memory cached:  574.0
	 epoch  40 training error:  tensor(0.5831, device='cuda:0', grad_fn=<DivBackward0>)
Memory status after this epoch: 
Memory allocated:  472.73486328125
Memory cached:  576.0
	 epoch  50 training error:  tensor(0.4366, device='cuda:0', grad_fn=<DivBackward0>)
Memory status after this epoch: 
Memory allocated:  472.73486328125
Memory cached:  576.0
	 epoch  60 training error:  tensor(0.4368, device='cuda:0', grad_fn=<DivBackward0>)
Memory status after this epoch: 
Memory allocated:  472.73486328125
Memory cached:  574.0
	 epoch  70 training error:  tensor(0.4382, device='cuda:0', grad_fn=<DivBackward0>)
Memory status after this epoch: 
Memory allocated:  472.73486328125
Memory cached:  574.0
	 epoch  80 training error:  tensor(0.4251, device='cuda:0', grad_fn=<DivBackward0>)
Memory status after this epoch: 
Memory allocated:  472.73486328125
Memory cached:  576.0
	 epoch  90 training error:  tensor(0.4304, device='cuda:0', grad_fn=<DivBackward0>)
Memory status after this epoch: 
Memory allocated:  472.73486328125
Memory cached:  576.0
[I 2024-01-13 14:10:38,840] Trial 2 finished with value: 0.34362173080444336 and parameters: {'W_layers': 5, 'W_layer_units_exponent_0': 10, 'W_layer_units_exponent_1': 8, 'W_layer_units_exponent_2': 5, 'W_layer_units_exponent_3': 4, 'W_layer_units_exponent_4': 6, 'D_layers': 8, 'D_layer_units_exponent_0': 8, 'D_layer_units_exponent_1': 5, 'D_layer_units_exponent_2': 4, 'D_layer_units_exponent_3': 9, 'D_layer_units_exponent_4': 4, 'D_layer_units_exponent_5': 5, 'D_layer_units_exponent_6': 8, 'D_layer_units_exponent_7': 5, 'D_dagger_layers': 7, 'D_dagger_layer_units_exponent_0': 9, 'D_dagger_layer_units_exponent_1': 7, 'D_dagger_layer_units_exponent_2': 9, 'D_dagger_layer_units_exponent_3': 7, 'D_dagger_layer_units_exponent_4': 7, 'D_dagger_layer_units_exponent_5': 6, 'D_dagger_layer_units_exponent_6': 7, 'log_learning_rate': -1.9794074054906532, 'log_learning_rate_D': -3.703647843563464, 'log_learning_rate_D_dagger': -1.6043594862219028, 'training_batch_size': 6, 'training_p': 4}. Best is trial 2 with value: 0.34362173080444336.
res:  tensor(0.3436, device='cuda:0', grad_fn=<DivBackward0>)
self.bestValue:  tensor(0.3843, device='cuda:0', grad_fn=<DivBackward0>)
Save this model!
Time for this trial:  26.492886543273926
Memory status after this trial: 
Memory allocated:  326.36962890625
Memory cached:  410.0
--------------------  Trial  3   --------------------
Start timing: 
Parameters: 
{'W_layers': 3, 'W_layer_units_exponent_0': 8, 'W_layer_units_exponent_1': 5, 'W_layer_units_exponent_2': 6, 'D_layers': 3, 'D_layer_units_exponent_0': 8, 'D_layer_units_exponent_1': 9, 'D_layer_units_exponent_2': 4, 'D_dagger_layers': 2, 'D_dagger_layer_units_exponent_0': 7, 'D_dagger_layer_units_exponent_1': 5, 'log_learning_rate': -2.1819811503761333, 'log_learning_rate_D': -1.929837609783871, 'log_learning_rate_D_dagger': -4.926924642859077, 'training_batch_size': 10, 'training_p': 3}
	 epoch  0 training error:  tensor(1.0065, device='cuda:0', grad_fn=<DivBackward0>)
Memory status after this epoch: 
Memory allocated:  327.20751953125
Memory cached:  406.0
	 epoch  10 training error:  tensor(0.5121, device='cuda:0', grad_fn=<DivBackward0>)
Memory status after this epoch: 
Memory allocated:  327.20751953125
Memory cached:  406.0
	 epoch  20 training error:  tensor(0.4819, device='cuda:0', grad_fn=<DivBackward0>)
Memory status after this epoch: 
Memory allocated:  327.20751953125
Memory cached:  406.0
	 epoch  30 training error:  tensor(0.4880, device='cuda:0', grad_fn=<DivBackward0>)
Memory status after this epoch: 
Memory allocated:  327.20751953125
Memory cached:  406.0
	 epoch  40 training error:  tensor(0.4903, device='cuda:0', grad_fn=<DivBackward0>)
Memory status after this epoch: 
Memory allocated:  327.20751953125
Memory cached:  406.0
	 epoch  50 training error:  tensor(0.4842, device='cuda:0', grad_fn=<DivBackward0>)
Memory status after this epoch: 
Memory allocated:  327.20751953125
Memory cached:  406.0
	 epoch  60 training error:  tensor(0.4754, device='cuda:0', grad_fn=<DivBackward0>)
Memory status after this epoch: 
Memory allocated:  327.20751953125
Memory cached:  406.0
	 epoch  70 training error:  tensor(0.4716, device='cuda:0', grad_fn=<DivBackward0>)
Memory status after this epoch: 
Memory allocated:  327.20751953125
Memory cached:  406.0
	 epoch  80 training error:  tensor(0.4725, device='cuda:0', grad_fn=<DivBackward0>)
Memory status after this epoch: 
Memory allocated:  327.20751953125
Memory cached:  406.0
	 epoch  90 training error:  tensor(0.4671, device='cuda:0', grad_fn=<DivBackward0>)
Memory status after this epoch: 
Memory allocated:  327.20751953125
Memory cached:  406.0
