[I 2024-01-26 06:12:55,861] Trial 453 finished with value: 0.17020568251609802 and parameters: {'W_layers': 8, 'W_layer_units_exponent_0': 4, 'W_layer_units_exponent_1': 4, 'W_layer_units_exponent_2': 5, 'W_layer_units_exponent_3': 6, 'W_layer_units_exponent_4': 10, 'W_layer_units_exponent_5': 10, 'W_layer_units_exponent_6': 10, 'W_layer_units_exponent_7': 10, 'D_layers': 7, 'D_layer_units_exponent_0': 8, 'D_layer_units_exponent_1': 7, 'D_layer_units_exponent_2': 5, 'D_layer_units_exponent_3': 6, 'D_layer_units_exponent_4': 9, 'D_layer_units_exponent_5': 8, 'D_layer_units_exponent_6': 9, 'D_dagger_layers': 8, 'D_dagger_layer_units_exponent_0': 8, 'D_dagger_layer_units_exponent_1': 10, 'D_dagger_layer_units_exponent_2': 5, 'D_dagger_layer_units_exponent_3': 4, 'D_dagger_layer_units_exponent_4': 10, 'D_dagger_layer_units_exponent_5': 9, 'D_dagger_layer_units_exponent_6': 4, 'D_dagger_layer_units_exponent_7': 8, 'log_learning_rate': -2.6400541815007346, 'log_learning_rate_D': -3.6721588090593063, 'log_learning_rate_D_dagger': -3.882664700959802, 'training_batch_size': 6, 'training_p': 4}. Best is trial 332 with value: 0.05854595825076103.
Time for this trial:  725.5971682071686
Memory status after this trial: 
Memory allocated:  1700.76123046875
Memory cached:  1732.0
--------------------  Trial  454   --------------------
Start timing: 
Parameters: 
{'W_layers': 8, 'W_layer_units_exponent_0': 4, 'W_layer_units_exponent_1': 4, 'W_layer_units_exponent_2': 6, 'W_layer_units_exponent_3': 6, 'W_layer_units_exponent_4': 9, 'W_layer_units_exponent_5': 4, 'W_layer_units_exponent_6': 10, 'W_layer_units_exponent_7': 10, 'D_layers': 7, 'D_layer_units_exponent_0': 8, 'D_layer_units_exponent_1': 7, 'D_layer_units_exponent_2': 5, 'D_layer_units_exponent_3': 8, 'D_layer_units_exponent_4': 10, 'D_layer_units_exponent_5': 7, 'D_layer_units_exponent_6': 9, 'D_dagger_layers': 8, 'D_dagger_layer_units_exponent_0': 8, 'D_dagger_layer_units_exponent_1': 10, 'D_dagger_layer_units_exponent_2': 5, 'D_dagger_layer_units_exponent_3': 4, 'D_dagger_layer_units_exponent_4': 10, 'D_dagger_layer_units_exponent_5': 7, 'D_dagger_layer_units_exponent_6': 4, 'D_dagger_layer_units_exponent_7': 7, 'log_learning_rate': -3.9648498703831723, 'log_learning_rate_D': -3.570446442065668, 'log_learning_rate_D_dagger': -3.7903244990296203, 'training_batch_size': 6, 'training_p': 6}
	 epoch  0 training error:  tensor(0.9591, device='cuda:0', grad_fn=<DivBackward0>)
Memory status after this epoch: 
Memory allocated:  753.44091796875
Memory cached:  1288.0
	 epoch  10 training error:  tensor(0.3898, device='cuda:0', grad_fn=<DivBackward0>)
Memory status after this epoch: 
Memory allocated:  753.44091796875
Memory cached:  1326.0
	 epoch  20 training error:  tensor(0.3495, device='cuda:0', grad_fn=<DivBackward0>)
Memory status after this epoch: 
Memory allocated:  753.44091796875
Memory cached:  1322.0
	 epoch  30 training error:  tensor(0.3209, device='cuda:0', grad_fn=<DivBackward0>)
Memory status after this epoch: 
Memory allocated:  753.44091796875
Memory cached:  1320.0
	 epoch  40 training error:  tensor(0.3375, device='cuda:0', grad_fn=<DivBackward0>)
Memory status after this epoch: 
Memory allocated:  753.44091796875
Memory cached:  1324.0
	 epoch  50 training error:  tensor(0.3164, device='cuda:0', grad_fn=<DivBackward0>)
Memory status after this epoch: 
Memory allocated:  753.44091796875
Memory cached:  1330.0
	 epoch  60 training error:  tensor(0.3071, device='cuda:0', grad_fn=<DivBackward0>)
Memory status after this epoch: 
Memory allocated:  753.44091796875
Memory cached:  1328.0
	 epoch  70 training error:  tensor(0.2005, device='cuda:0', grad_fn=<DivBackward0>)
Memory status after this epoch: 
Memory allocated:  753.44091796875
Memory cached:  1326.0
	 epoch  80 training error:  tensor(0.1624, device='cuda:0', grad_fn=<DivBackward0>)
Memory status after this epoch: 
Memory allocated:  753.44091796875
Memory cached:  1328.0
	 epoch  90 training error:  tensor(0.1557, device='cuda:0', grad_fn=<DivBackward0>)
Memory status after this epoch: 
Memory allocated:  753.44091796875
Memory cached:  1328.0
[I 2024-01-26 06:24:49,952] Trial 454 finished with value: 0.08863280713558197 and parameters: {'W_layers': 8, 'W_layer_units_exponent_0': 4, 'W_layer_units_exponent_1': 4, 'W_layer_units_exponent_2': 6, 'W_layer_units_exponent_3': 6, 'W_layer_units_exponent_4': 9, 'W_layer_units_exponent_5': 4, 'W_layer_units_exponent_6': 10, 'W_layer_units_exponent_7': 10, 'D_layers': 7, 'D_layer_units_exponent_0': 8, 'D_layer_units_exponent_1': 7, 'D_layer_units_exponent_2': 5, 'D_layer_units_exponent_3': 8, 'D_layer_units_exponent_4': 10, 'D_layer_units_exponent_5': 7, 'D_layer_units_exponent_6': 9, 'D_dagger_layers': 8, 'D_dagger_layer_units_exponent_0': 8, 'D_dagger_layer_units_exponent_1': 10, 'D_dagger_layer_units_exponent_2': 5, 'D_dagger_layer_units_exponent_3': 4, 'D_dagger_layer_units_exponent_4': 10, 'D_dagger_layer_units_exponent_5': 7, 'D_dagger_layer_units_exponent_6': 4, 'D_dagger_layer_units_exponent_7': 7, 'log_learning_rate': -3.9648498703831723, 'log_learning_rate_D': -3.570446442065668, 'log_learning_rate_D_dagger': -3.7903244990296203, 'training_batch_size': 6, 'training_p': 6}. Best is trial 332 with value: 0.05854595825076103.
Time for this trial:  713.3874056339264
Memory status after this trial: 
Memory allocated:  1532.17919921875
Memory cached:  1546.0
--------------------  Trial  455   --------------------
Start timing: 
Parameters: 
{'W_layers': 8, 'W_layer_units_exponent_0': 4, 'W_layer_units_exponent_1': 4, 'W_layer_units_exponent_2': 6, 'W_layer_units_exponent_3': 6, 'W_layer_units_exponent_4': 9, 'W_layer_units_exponent_5': 4, 'W_layer_units_exponent_6': 10, 'W_layer_units_exponent_7': 8, 'D_layers': 7, 'D_layer_units_exponent_0': 8, 'D_layer_units_exponent_1': 7, 'D_layer_units_exponent_2': 5, 'D_layer_units_exponent_3': 9, 'D_layer_units_exponent_4': 7, 'D_layer_units_exponent_5': 7, 'D_layer_units_exponent_6': 9, 'D_dagger_layers': 8, 'D_dagger_layer_units_exponent_0': 8, 'D_dagger_layer_units_exponent_1': 10, 'D_dagger_layer_units_exponent_2': 5, 'D_dagger_layer_units_exponent_3': 4, 'D_dagger_layer_units_exponent_4': 9, 'D_dagger_layer_units_exponent_5': 9, 'D_dagger_layer_units_exponent_6': 4, 'D_dagger_layer_units_exponent_7': 5, 'log_learning_rate': -3.613693649601055, 'log_learning_rate_D': -3.8246410963147675, 'log_learning_rate_D_dagger': -3.7021944853166864, 'training_batch_size': 6, 'training_p': 5}
	 epoch  0 training error:  tensor(0.9487, device='cuda:0', grad_fn=<DivBackward0>)
Memory status after this epoch: 
Memory allocated:  738.72607421875
Memory cached:  1266.0
	 epoch  10 training error:  tensor(0.3798, device='cuda:0', grad_fn=<DivBackward0>)
Memory status after this epoch: 
Memory allocated:  738.72607421875
Memory cached:  1320.0
	 epoch  20 training error:  tensor(0.3357, device='cuda:0', grad_fn=<DivBackward0>)
Memory status after this epoch: 
Memory allocated:  738.72607421875
Memory cached:  1310.0
	 epoch  30 training error:  tensor(0.3271, device='cuda:0', grad_fn=<DivBackward0>)
Memory status after this epoch: 
Memory allocated:  738.72607421875
Memory cached:  1312.0
	 epoch  40 training error:  tensor(0.3079, device='cuda:0', grad_fn=<DivBackward0>)
Memory status after this epoch: 
Memory allocated:  738.72607421875
Memory cached:  1306.0
	 epoch  50 training error:  tensor(0.3090, device='cuda:0', grad_fn=<DivBackward0>)
Memory status after this epoch: 
Memory allocated:  738.72607421875
Memory cached:  1314.0
	 epoch  60 training error:  tensor(0.2990, device='cuda:0', grad_fn=<DivBackward0>)
Memory status after this epoch: 
Memory allocated:  738.72607421875
Memory cached:  1314.0
	 epoch  70 training error:  tensor(0.3051, device='cuda:0', grad_fn=<DivBackward0>)
Memory status after this epoch: 
Memory allocated:  738.72607421875
Memory cached:  1310.0
	 epoch  80 training error:  tensor(0.2951, device='cuda:0', grad_fn=<DivBackward0>)
Memory status after this epoch: 
Memory allocated:  738.72607421875
Memory cached:  1308.0
	 epoch  90 training error:  tensor(0.2936, device='cuda:0', grad_fn=<DivBackward0>)
Memory status after this epoch: 
Memory allocated:  738.72607421875
Memory cached:  1314.0
[I 2024-01-26 06:36:31,854] Trial 455 finished with value: 0.16407489776611328 and parameters: {'W_layers': 8, 'W_layer_units_exponent_0': 4, 'W_layer_units_exponent_1': 4, 'W_layer_units_exponent_2': 6, 'W_layer_units_exponent_3': 6, 'W_layer_units_exponent_4': 9, 'W_layer_units_exponent_5': 4, 'W_layer_units_exponent_6': 10, 'W_layer_units_exponent_7': 8, 'D_layers': 7, 'D_layer_units_exponent_0': 8, 'D_layer_units_exponent_1': 7, 'D_layer_units_exponent_2': 5, 'D_layer_units_exponent_3': 9, 'D_layer_units_exponent_4': 7, 'D_layer_units_exponent_5': 7, 'D_layer_units_exponent_6': 9, 'D_dagger_layers': 8, 'D_dagger_layer_units_exponent_0': 8, 'D_dagger_layer_units_exponent_1': 10, 'D_dagger_layer_units_exponent_2': 5, 'D_dagger_layer_units_exponent_3': 4, 'D_dagger_layer_units_exponent_4': 9, 'D_dagger_layer_units_exponent_5': 9, 'D_dagger_layer_units_exponent_6': 4, 'D_dagger_layer_units_exponent_7': 5, 'log_learning_rate': -3.613693649601055, 'log_learning_rate_D': -3.8246410963147675, 'log_learning_rate_D_dagger': -3.7021944853166864, 'training_batch_size': 6, 'training_p': 5}. Best is trial 332 with value: 0.05854595825076103.
Time for this trial:  701.1976208686829
Memory status after this trial: 
Memory allocated:  1364.37255859375
Memory cached:  1386.0
--------------------  Trial  456   --------------------
Start timing: 
Parameters: 
{'W_layers': 8, 'W_layer_units_exponent_0': 4, 'W_layer_units_exponent_1': 4, 'W_layer_units_exponent_2': 6, 'W_layer_units_exponent_3': 6, 'W_layer_units_exponent_4': 10, 'W_layer_units_exponent_5': 4, 'W_layer_units_exponent_6': 10, 'W_layer_units_exponent_7': 6, 'D_layers': 6, 'D_layer_units_exponent_0': 8, 'D_layer_units_exponent_1': 7, 'D_layer_units_exponent_2': 5, 'D_layer_units_exponent_3': 7, 'D_layer_units_exponent_4': 10, 'D_layer_units_exponent_5': 4, 'D_dagger_layers': 8, 'D_dagger_layer_units_exponent_0': 8, 'D_dagger_layer_units_exponent_1': 10, 'D_dagger_layer_units_exponent_2': 5, 'D_dagger_layer_units_exponent_3': 4, 'D_dagger_layer_units_exponent_4': 10, 'D_dagger_layer_units_exponent_5': 7, 'D_dagger_layer_units_exponent_6': 4, 'D_dagger_layer_units_exponent_7': 5, 'log_learning_rate': -3.7672096740604735, 'log_learning_rate_D': -3.3472837539891387, 'log_learning_rate_D_dagger': -3.9995520587876885, 'training_batch_size': 6, 'training_p': 5}
	 epoch  0 training error:  tensor(0.9882, device='cuda:0', grad_fn=<DivBackward0>)
Memory status after this epoch: 
Memory allocated:  734.19482421875
Memory cached:  1250.0
	 epoch  10 training error:  tensor(0.4137, device='cuda:0', grad_fn=<DivBackward0>)
Memory status after this epoch: 
Memory allocated:  734.19482421875
Memory cached:  1252.0
	 epoch  20 training error:  tensor(0.3542, device='cuda:0', grad_fn=<DivBackward0>)
Memory status after this epoch: 
Memory allocated:  734.19482421875
Memory cached:  1250.0
	 epoch  30 training error:  tensor(0.3161, device='cuda:0', grad_fn=<DivBackward0>)
Memory status after this epoch: 
Memory allocated:  734.19482421875
Memory cached:  1248.0
	 epoch  40 training error:  tensor(0.3034, device='cuda:0', grad_fn=<DivBackward0>)
Memory status after this epoch: 
Memory allocated:  734.19482421875
Memory cached:  1252.0
	 epoch  50 training error:  tensor(0.2988, device='cuda:0', grad_fn=<DivBackward0>)
Memory status after this epoch: 
Memory allocated:  734.19482421875
Memory cached:  1254.0
	 epoch  60 training error:  tensor(0.2930, device='cuda:0', grad_fn=<DivBackward0>)
Memory status after this epoch: 
Memory allocated:  734.19482421875
Memory cached:  1250.0
	 epoch  70 training error:  tensor(0.2867, device='cuda:0', grad_fn=<DivBackward0>)
Memory status after this epoch: 
Memory allocated:  734.19482421875
Memory cached:  1250.0
	 epoch  80 training error:  tensor(0.2866, device='cuda:0', grad_fn=<DivBackward0>)
Memory status after this epoch: 
Memory allocated:  734.19482421875
Memory cached:  1250.0
	 epoch  90 training error:  tensor(0.2238, device='cuda:0', grad_fn=<DivBackward0>)
Memory status after this epoch: 
Memory allocated:  734.19482421875
Memory cached:  1250.0
[I 2024-01-26 06:47:54,270] Trial 456 finished with value: 0.09826695173978806 and parameters: {'W_layers': 8, 'W_layer_units_exponent_0': 4, 'W_layer_units_exponent_1': 4, 'W_layer_units_exponent_2': 6, 'W_layer_units_exponent_3': 6, 'W_layer_units_exponent_4': 10, 'W_layer_units_exponent_5': 4, 'W_layer_units_exponent_6': 10, 'W_layer_units_exponent_7': 6, 'D_layers': 6, 'D_layer_units_exponent_0': 8, 'D_layer_units_exponent_1': 7, 'D_layer_units_exponent_2': 5, 'D_layer_units_exponent_3': 7, 'D_layer_units_exponent_4': 10, 'D_layer_units_exponent_5': 4, 'D_dagger_layers': 8, 'D_dagger_layer_units_exponent_0': 8, 'D_dagger_layer_units_exponent_1': 10, 'D_dagger_layer_units_exponent_2': 5, 'D_dagger_layer_units_exponent_3': 4, 'D_dagger_layer_units_exponent_4': 10, 'D_dagger_layer_units_exponent_5': 7, 'D_dagger_layer_units_exponent_6': 4, 'D_dagger_layer_units_exponent_7': 5, 'log_learning_rate': -3.7672096740604735, 'log_learning_rate_D': -3.3472837539891387, 'log_learning_rate_D_dagger': -3.9995520587876885, 'training_batch_size': 6, 'training_p': 5}. Best is trial 332 with value: 0.05854595825076103.
Time for this trial:  681.7022848129272
Memory status after this trial: 
Memory allocated:  1408.53759765625
Memory cached:  1428.0
--------------------  Trial  457   --------------------
Start timing: 
Parameters: 
{'W_layers': 8, 'W_layer_units_exponent_0': 4, 'W_layer_units_exponent_1': 4, 'W_layer_units_exponent_2': 6, 'W_layer_units_exponent_3': 6, 'W_layer_units_exponent_4': 5, 'W_layer_units_exponent_5': 4, 'W_layer_units_exponent_6': 10, 'W_layer_units_exponent_7': 10, 'D_layers': 7, 'D_layer_units_exponent_0': 8, 'D_layer_units_exponent_1': 7, 'D_layer_units_exponent_2': 5, 'D_layer_units_exponent_3': 9, 'D_layer_units_exponent_4': 10, 'D_layer_units_exponent_5': 7, 'D_layer_units_exponent_6': 9, 'D_dagger_layers': 8, 'D_dagger_layer_units_exponent_0': 8, 'D_dagger_layer_units_exponent_1': 10, 'D_dagger_layer_units_exponent_2': 5, 'D_dagger_layer_units_exponent_3': 9, 'D_dagger_layer_units_exponent_4': 10, 'D_dagger_layer_units_exponent_5': 5, 'D_dagger_layer_units_exponent_6': 4, 'D_dagger_layer_units_exponent_7': 4, 'log_learning_rate': -1.1126655514262755, 'log_learning_rate_D': -3.2382701343763287, 'log_learning_rate_D_dagger': -3.831029278339868, 'training_batch_size': 6, 'training_p': 5}
	 epoch  0 training error:  tensor(225.6601, device='cuda:0', grad_fn=<DivBackward0>)
Memory status after this epoch: 
Memory allocated:  763.42529296875
Memory cached:  1270.0
	 epoch  10 training error:  tensor(115.7631, device='cuda:0', grad_fn=<DivBackward0>)
Memory status after this epoch: 
Memory allocated:  763.42529296875
Memory cached:  1296.0
	 epoch  20 training error:  tensor(11.2825, device='cuda:0', grad_fn=<DivBackward0>)
Memory status after this epoch: 
Memory allocated:  763.42529296875
Memory cached:  1296.0
	 epoch  30 training error:  tensor(0.6326, device='cuda:0', grad_fn=<DivBackward0>)
Memory status after this epoch: 
Memory allocated:  763.42529296875
Memory cached:  1294.0
	 epoch  40 training error:  tensor(0.3603, device='cuda:0', grad_fn=<DivBackward0>)
Memory status after this epoch: 
Memory allocated:  763.42529296875
Memory cached:  1302.0
	 epoch  50 training error:  tensor(0.3524, device='cuda:0', grad_fn=<DivBackward0>)
Memory status after this epoch: 
Memory allocated:  763.42529296875
Memory cached:  1304.0
	 epoch  60 training error:  tensor(0.3225, device='cuda:0', grad_fn=<DivBackward0>)
Memory status after this epoch: 
Memory allocated:  763.42529296875
Memory cached:  1296.0
	 epoch  70 training error:  tensor(0.3402, device='cuda:0', grad_fn=<DivBackward0>)
Memory status after this epoch: 
Memory allocated:  763.42529296875
Memory cached:  1302.0
	 epoch  80 training error:  tensor(0.3346, device='cuda:0', grad_fn=<DivBackward0>)
Memory status after this epoch: 
Memory allocated:  763.42529296875
Memory cached:  1294.0
	 epoch  90 training error:  tensor(0.3119, device='cuda:0', grad_fn=<DivBackward0>)
Memory status after this epoch: 
Memory allocated:  763.42529296875
Memory cached:  1296.0
[I 2024-01-26 06:59:50,346] Trial 457 finished with value: 0.19297955930233002 and parameters: {'W_layers': 8, 'W_layer_units_exponent_0': 4, 'W_layer_units_exponent_1': 4, 'W_layer_units_exponent_2': 6, 'W_layer_units_exponent_3': 6, 'W_layer_units_exponent_4': 5, 'W_layer_units_exponent_5': 4, 'W_layer_units_exponent_6': 10, 'W_layer_units_exponent_7': 10, 'D_layers': 7, 'D_layer_units_exponent_0': 8, 'D_layer_units_exponent_1': 7, 'D_layer_units_exponent_2': 5, 'D_layer_units_exponent_3': 9, 'D_layer_units_exponent_4': 10, 'D_layer_units_exponent_5': 7, 'D_layer_units_exponent_6': 9, 'D_dagger_layers': 8, 'D_dagger_layer_units_exponent_0': 8, 'D_dagger_layer_units_exponent_1': 10, 'D_dagger_layer_units_exponent_2': 5, 'D_dagger_layer_units_exponent_3': 9, 'D_dagger_layer_units_exponent_4': 10, 'D_dagger_layer_units_exponent_5': 5, 'D_dagger_layer_units_exponent_6': 4, 'D_dagger_layer_units_exponent_7': 4, 'log_learning_rate': -1.1126655514262755, 'log_learning_rate_D': -3.2382701343763287, 'log_learning_rate_D_dagger': -3.831029278339868, 'training_batch_size': 6, 'training_p': 5}. Best is trial 332 with value: 0.05854595825076103.
Time for this trial:  715.3525104522705
Memory status after this trial: 
Memory allocated:  1545.44287109375
Memory cached:  1568.0
--------------------  Trial  458   --------------------
Start timing: 
Parameters: 
{'W_layers': 8, 'W_layer_units_exponent_0': 4, 'W_layer_units_exponent_1': 4, 'W_layer_units_exponent_2': 6, 'W_layer_units_exponent_3': 6, 'W_layer_units_exponent_4': 8, 'W_layer_units_exponent_5': 4, 'W_layer_units_exponent_6': 10, 'W_layer_units_exponent_7': 10, 'D_layers': 7, 'D_layer_units_exponent_0': 8, 'D_layer_units_exponent_1': 7, 'D_layer_units_exponent_2': 5, 'D_layer_units_exponent_3': 5, 'D_layer_units_exponent_4': 10, 'D_layer_units_exponent_5': 7, 'D_layer_units_exponent_6': 9, 'D_dagger_layers': 7, 'D_dagger_layer_units_exponent_0': 8, 'D_dagger_layer_units_exponent_1': 10, 'D_dagger_layer_units_exponent_2': 5, 'D_dagger_layer_units_exponent_3': 4, 'D_dagger_layer_units_exponent_4': 10, 'D_dagger_layer_units_exponent_5': 6, 'D_dagger_layer_units_exponent_6': 7, 'log_learning_rate': -3.8436964045190245, 'log_learning_rate_D': -3.502754958903047, 'log_learning_rate_D_dagger': -3.6195137965790125, 'training_batch_size': 6, 'training_p': 5}
	 epoch  0 training error:  tensor(0.9266, device='cuda:0', grad_fn=<DivBackward0>)
Memory status after this epoch: 
Memory allocated:  748.57373046875
Memory cached:  1268.0
	 epoch  10 training error:  tensor(0.3621, device='cuda:0', grad_fn=<DivBackward0>)
Memory status after this epoch: 
Memory allocated:  748.57373046875
Memory cached:  1286.0
	 epoch  20 training error:  tensor(0.3272, device='cuda:0', grad_fn=<DivBackward0>)
Memory status after this epoch: 
Memory allocated:  748.57373046875
Memory cached:  1276.0
	 epoch  30 training error:  tensor(0.3111, device='cuda:0', grad_fn=<DivBackward0>)
Memory status after this epoch: 
Memory allocated:  748.57373046875
Memory cached:  1282.0
	 epoch  40 training error:  tensor(0.3067, device='cuda:0', grad_fn=<DivBackward0>)
Memory status after this epoch: 
Memory allocated:  748.57373046875
Memory cached:  1284.0
	 epoch  50 training error:  tensor(0.2989, device='cuda:0', grad_fn=<DivBackward0>)
Memory status after this epoch: 
Memory allocated:  748.57373046875
Memory cached:  1288.0
	 epoch  60 training error:  tensor(0.2951, device='cuda:0', grad_fn=<DivBackward0>)
Memory status after this epoch: 
Memory allocated:  748.57373046875
Memory cached:  1286.0
	 epoch  70 training error:  tensor(0.2711, device='cuda:0', grad_fn=<DivBackward0>)
Memory status after this epoch: 
Memory allocated:  748.57373046875
Memory cached:  1290.0
	 epoch  80 training error:  tensor(0.2153, device='cuda:0', grad_fn=<DivBackward0>)
Memory status after this epoch: 
Memory allocated:  748.57373046875
Memory cached:  1290.0
	 epoch  90 training error:  tensor(0.2009, device='cuda:0', grad_fn=<DivBackward0>)
Memory status after this epoch: 
Memory allocated:  748.57373046875
Memory cached:  1284.0
