[I 2023-12-07 03:00:22,386] Trial 71 finished with value: 0.2750888466835022 and parameters: {'W_layers': 7, 'W_layer_units_exponent_0': 7, 'W_layer_units_exponent_1': 6, 'W_layer_units_exponent_2': 10, 'W_layer_units_exponent_3': 6, 'W_layer_units_exponent_4': 8, 'W_layer_units_exponent_5': 8, 'W_layer_units_exponent_6': 6, 'D_layers': 2, 'D_layer_units_exponent_0': 9, 'D_layer_units_exponent_1': 5, 'D_dagger_layers': 7, 'D_dagger_layer_units_exponent_0': 9, 'D_dagger_layer_units_exponent_1': 10, 'D_dagger_layer_units_exponent_2': 9, 'D_dagger_layer_units_exponent_3': 6, 'D_dagger_layer_units_exponent_4': 9, 'D_dagger_layer_units_exponent_5': 7, 'D_dagger_layer_units_exponent_6': 9, 'log_learning_rate': -3.1933747555102605, 'log_learning_rate_D': -3.236806038510884, 'log_learning_rate_D_dagger': -3.227302348118616, 'training_batch_size': 12, 'training_p': 5}. Best is trial 45 with value: 0.17419132590293884.
Time for this trial:  220.35658860206604
Memory status after this trial: 
Memory allocated:  748.55322265625
Memory cached:  786.0
--------------------  Trial  72   --------------------
Start timing: 
Parameters: 
{'W_layers': 7, 'W_layer_units_exponent_0': 7, 'W_layer_units_exponent_1': 6, 'W_layer_units_exponent_2': 10, 'W_layer_units_exponent_3': 6, 'W_layer_units_exponent_4': 7, 'W_layer_units_exponent_5': 7, 'W_layer_units_exponent_6': 6, 'D_layers': 2, 'D_layer_units_exponent_0': 9, 'D_layer_units_exponent_1': 4, 'D_dagger_layers': 7, 'D_dagger_layer_units_exponent_0': 9, 'D_dagger_layer_units_exponent_1': 10, 'D_dagger_layer_units_exponent_2': 9, 'D_dagger_layer_units_exponent_3': 6, 'D_dagger_layer_units_exponent_4': 9, 'D_dagger_layer_units_exponent_5': 6, 'D_dagger_layer_units_exponent_6': 9, 'log_learning_rate': -3.1314361930898755, 'log_learning_rate_D': -3.1969574614385277, 'log_learning_rate_D_dagger': -3.0071520799905285, 'training_batch_size': 12, 'training_p': 5}
	 epoch  0 training error:  tensor(0.9926, device='cuda:0', grad_fn=<DivBackward0>)
Memory status after this epoch: 
Memory allocated:  460.0703125
Memory cached:  768.0
	 epoch  10 training error:  tensor(0.5203, device='cuda:0', grad_fn=<DivBackward0>)
Memory status after this epoch: 
Memory allocated:  460.0703125
Memory cached:  788.0
	 epoch  20 training error:  tensor(0.4366, device='cuda:0', grad_fn=<DivBackward0>)
Memory status after this epoch: 
Memory allocated:  460.0703125
Memory cached:  786.0
	 epoch  30 training error:  tensor(0.3795, device='cuda:0', grad_fn=<DivBackward0>)
Memory status after this epoch: 
Memory allocated:  460.0703125
Memory cached:  790.0
	 epoch  40 training error:  tensor(0.3573, device='cuda:0', grad_fn=<DivBackward0>)
Memory status after this epoch: 
Memory allocated:  460.0703125
Memory cached:  788.0
	 epoch  50 training error:  tensor(0.3480, device='cuda:0', grad_fn=<DivBackward0>)
Memory status after this epoch: 
Memory allocated:  460.0703125
Memory cached:  786.0
	 epoch  60 training error:  tensor(0.3191, device='cuda:0', grad_fn=<DivBackward0>)
Memory status after this epoch: 
Memory allocated:  460.0703125
Memory cached:  792.0
	 epoch  70 training error:  tensor(0.3343, device='cuda:0', grad_fn=<DivBackward0>)
Memory status after this epoch: 
Memory allocated:  460.0703125
Memory cached:  790.0
	 epoch  80 training error:  tensor(0.3016, device='cuda:0', grad_fn=<DivBackward0>)
Memory status after this epoch: 
Memory allocated:  460.0703125
Memory cached:  790.0
	 epoch  90 training error:  tensor(0.5235, device='cuda:0', grad_fn=<DivBackward0>)
Memory status after this epoch: 
Memory allocated:  460.0703125
Memory cached:  786.0
[I 2023-12-07 03:03:59,656] Trial 72 finished with value: 0.34641507267951965 and parameters: {'W_layers': 7, 'W_layer_units_exponent_0': 7, 'W_layer_units_exponent_1': 6, 'W_layer_units_exponent_2': 10, 'W_layer_units_exponent_3': 6, 'W_layer_units_exponent_4': 7, 'W_layer_units_exponent_5': 7, 'W_layer_units_exponent_6': 6, 'D_layers': 2, 'D_layer_units_exponent_0': 9, 'D_layer_units_exponent_1': 4, 'D_dagger_layers': 7, 'D_dagger_layer_units_exponent_0': 9, 'D_dagger_layer_units_exponent_1': 10, 'D_dagger_layer_units_exponent_2': 9, 'D_dagger_layer_units_exponent_3': 6, 'D_dagger_layer_units_exponent_4': 9, 'D_dagger_layer_units_exponent_5': 6, 'D_dagger_layer_units_exponent_6': 9, 'log_learning_rate': -3.1314361930898755, 'log_learning_rate_D': -3.1969574614385277, 'log_learning_rate_D_dagger': -3.0071520799905285, 'training_batch_size': 12, 'training_p': 5}. Best is trial 45 with value: 0.17419132590293884.
Time for this trial:  216.98456931114197
Memory status after this trial: 
Memory allocated:  729.81884765625
Memory cached:  782.0
--------------------  Trial  73   --------------------
Start timing: 
Parameters: 
{'W_layers': 7, 'W_layer_units_exponent_0': 6, 'W_layer_units_exponent_1': 6, 'W_layer_units_exponent_2': 9, 'W_layer_units_exponent_3': 6, 'W_layer_units_exponent_4': 9, 'W_layer_units_exponent_5': 9, 'W_layer_units_exponent_6': 7, 'D_layers': 2, 'D_layer_units_exponent_0': 10, 'D_layer_units_exponent_1': 5, 'D_dagger_layers': 7, 'D_dagger_layer_units_exponent_0': 10, 'D_dagger_layer_units_exponent_1': 10, 'D_dagger_layer_units_exponent_2': 8, 'D_dagger_layer_units_exponent_3': 7, 'D_dagger_layer_units_exponent_4': 9, 'D_dagger_layer_units_exponent_5': 7, 'D_dagger_layer_units_exponent_6': 9, 'log_learning_rate': -2.836406752222511, 'log_learning_rate_D': -3.599649171133104, 'log_learning_rate_D_dagger': -3.543548155780293, 'training_batch_size': 12, 'training_p': 5}
	 epoch  0 training error:  tensor(0.9932, device='cuda:0', grad_fn=<DivBackward0>)
Memory status after this epoch: 
Memory allocated:  469.921875
Memory cached:  774.0
	 epoch  10 training error:  tensor(0.4508, device='cuda:0', grad_fn=<DivBackward0>)
Memory status after this epoch: 
Memory allocated:  469.921875
Memory cached:  792.0
	 epoch  20 training error:  tensor(0.4066, device='cuda:0', grad_fn=<DivBackward0>)
Memory status after this epoch: 
Memory allocated:  469.921875
Memory cached:  798.0
	 epoch  30 training error:  tensor(0.3819, device='cuda:0', grad_fn=<DivBackward0>)
Memory status after this epoch: 
Memory allocated:  469.921875
Memory cached:  794.0
	 epoch  40 training error:  tensor(0.3496, device='cuda:0', grad_fn=<DivBackward0>)
Memory status after this epoch: 
Memory allocated:  469.921875
Memory cached:  798.0
	 epoch  50 training error:  tensor(0.3330, device='cuda:0', grad_fn=<DivBackward0>)
Memory status after this epoch: 
Memory allocated:  469.921875
Memory cached:  792.0
	 epoch  60 training error:  tensor(0.3373, device='cuda:0', grad_fn=<DivBackward0>)
Memory status after this epoch: 
Memory allocated:  469.921875
Memory cached:  796.0
	 epoch  70 training error:  tensor(0.3167, device='cuda:0', grad_fn=<DivBackward0>)
Memory status after this epoch: 
Memory allocated:  469.921875
Memory cached:  794.0
	 epoch  80 training error:  tensor(0.3208, device='cuda:0', grad_fn=<DivBackward0>)
Memory status after this epoch: 
Memory allocated:  469.921875
Memory cached:  796.0
	 epoch  90 training error:  tensor(0.3123, device='cuda:0', grad_fn=<DivBackward0>)
Memory status after this epoch: 
Memory allocated:  469.921875
Memory cached:  796.0
[I 2023-12-07 03:07:48,121] Trial 73 finished with value: 0.25607091188430786 and parameters: {'W_layers': 7, 'W_layer_units_exponent_0': 6, 'W_layer_units_exponent_1': 6, 'W_layer_units_exponent_2': 9, 'W_layer_units_exponent_3': 6, 'W_layer_units_exponent_4': 9, 'W_layer_units_exponent_5': 9, 'W_layer_units_exponent_6': 7, 'D_layers': 2, 'D_layer_units_exponent_0': 10, 'D_layer_units_exponent_1': 5, 'D_dagger_layers': 7, 'D_dagger_layer_units_exponent_0': 10, 'D_dagger_layer_units_exponent_1': 10, 'D_dagger_layer_units_exponent_2': 8, 'D_dagger_layer_units_exponent_3': 7, 'D_dagger_layer_units_exponent_4': 9, 'D_dagger_layer_units_exponent_5': 7, 'D_dagger_layer_units_exponent_6': 9, 'log_learning_rate': -2.836406752222511, 'log_learning_rate_D': -3.599649171133104, 'log_learning_rate_D_dagger': -3.543548155780293, 'training_batch_size': 12, 'training_p': 5}. Best is trial 45 with value: 0.17419132590293884.
Time for this trial:  228.18583059310913
Memory status after this trial: 
Memory allocated:  796.08642578125
Memory cached:  836.0
--------------------  Trial  74   --------------------
Start timing: 
Parameters: 
{'W_layers': 7, 'W_layer_units_exponent_0': 7, 'W_layer_units_exponent_1': 5, 'W_layer_units_exponent_2': 10, 'W_layer_units_exponent_3': 6, 'W_layer_units_exponent_4': 8, 'W_layer_units_exponent_5': 7, 'W_layer_units_exponent_6': 6, 'D_layers': 3, 'D_layer_units_exponent_0': 9, 'D_layer_units_exponent_1': 6, 'D_layer_units_exponent_2': 5, 'D_dagger_layers': 6, 'D_dagger_layer_units_exponent_0': 9, 'D_dagger_layer_units_exponent_1': 10, 'D_dagger_layer_units_exponent_2': 9, 'D_dagger_layer_units_exponent_3': 7, 'D_dagger_layer_units_exponent_4': 9, 'D_dagger_layer_units_exponent_5': 6, 'log_learning_rate': -3.230965111988487, 'log_learning_rate_D': -3.3055671971008804, 'log_learning_rate_D_dagger': -3.1601127855224074, 'training_batch_size': 12, 'training_p': 6}
	 epoch  0 training error:  tensor(0.9888, device='cuda:0', grad_fn=<DivBackward0>)
Memory status after this epoch: 
Memory allocated:  460.779296875
Memory cached:  768.0
	 epoch  10 training error:  tensor(0.4457, device='cuda:0', grad_fn=<DivBackward0>)
Memory status after this epoch: 
Memory allocated:  460.779296875
Memory cached:  770.0
	 epoch  20 training error:  tensor(0.4253, device='cuda:0', grad_fn=<DivBackward0>)
Memory status after this epoch: 
Memory allocated:  460.779296875
Memory cached:  768.0
	 epoch  30 training error:  tensor(0.3636, device='cuda:0', grad_fn=<DivBackward0>)
Memory status after this epoch: 
Memory allocated:  460.779296875
Memory cached:  770.0
	 epoch  40 training error:  tensor(0.3707, device='cuda:0', grad_fn=<DivBackward0>)
Memory status after this epoch: 
Memory allocated:  460.779296875
Memory cached:  770.0
	 epoch  50 training error:  tensor(0.3463, device='cuda:0', grad_fn=<DivBackward0>)
Memory status after this epoch: 
Memory allocated:  460.779296875
Memory cached:  770.0
	 epoch  60 training error:  tensor(0.3225, device='cuda:0', grad_fn=<DivBackward0>)
Memory status after this epoch: 
Memory allocated:  460.779296875
Memory cached:  768.0
	 epoch  70 training error:  tensor(0.3218, device='cuda:0', grad_fn=<DivBackward0>)
Memory status after this epoch: 
Memory allocated:  460.779296875
Memory cached:  772.0
	 epoch  80 training error:  tensor(0.3198, device='cuda:0', grad_fn=<DivBackward0>)
Memory status after this epoch: 
Memory allocated:  460.779296875
Memory cached:  770.0
	 epoch  90 training error:  tensor(0.3166, device='cuda:0', grad_fn=<DivBackward0>)
Memory status after this epoch: 
Memory allocated:  460.779296875
Memory cached:  770.0
[I 2023-12-07 03:11:25,604] Trial 74 finished with value: 0.3123222887516022 and parameters: {'W_layers': 7, 'W_layer_units_exponent_0': 7, 'W_layer_units_exponent_1': 5, 'W_layer_units_exponent_2': 10, 'W_layer_units_exponent_3': 6, 'W_layer_units_exponent_4': 8, 'W_layer_units_exponent_5': 7, 'W_layer_units_exponent_6': 6, 'D_layers': 3, 'D_layer_units_exponent_0': 9, 'D_layer_units_exponent_1': 6, 'D_layer_units_exponent_2': 5, 'D_dagger_layers': 6, 'D_dagger_layer_units_exponent_0': 9, 'D_dagger_layer_units_exponent_1': 10, 'D_dagger_layer_units_exponent_2': 9, 'D_dagger_layer_units_exponent_3': 7, 'D_dagger_layer_units_exponent_4': 9, 'D_dagger_layer_units_exponent_5': 6, 'log_learning_rate': -3.230965111988487, 'log_learning_rate_D': -3.3055671971008804, 'log_learning_rate_D_dagger': -3.1601127855224074, 'training_batch_size': 12, 'training_p': 6}. Best is trial 45 with value: 0.17419132590293884.
Time for this trial:  217.20295000076294
Memory status after this trial: 
Memory allocated:  718.75634765625
Memory cached:  766.0
--------------------  Trial  75   --------------------
Start timing: 
Parameters: 
{'W_layers': 8, 'W_layer_units_exponent_0': 6, 'W_layer_units_exponent_1': 6, 'W_layer_units_exponent_2': 10, 'W_layer_units_exponent_3': 8, 'W_layer_units_exponent_4': 7, 'W_layer_units_exponent_5': 6, 'W_layer_units_exponent_6': 7, 'W_layer_units_exponent_7': 8, 'D_layers': 2, 'D_layer_units_exponent_0': 5, 'D_layer_units_exponent_1': 8, 'D_dagger_layers': 8, 'D_dagger_layer_units_exponent_0': 9, 'D_dagger_layer_units_exponent_1': 7, 'D_dagger_layer_units_exponent_2': 8, 'D_dagger_layer_units_exponent_3': 6, 'D_dagger_layer_units_exponent_4': 8, 'D_dagger_layer_units_exponent_5': 5, 'D_dagger_layer_units_exponent_6': 8, 'D_dagger_layer_units_exponent_7': 7, 'log_learning_rate': -3.0321259463229215, 'log_learning_rate_D': -3.4798764859720475, 'log_learning_rate_D_dagger': -3.4020969730397006, 'training_batch_size': 12, 'training_p': 5}
	 epoch  0 training error:  tensor(1.0146, device='cuda:0', grad_fn=<DivBackward0>)
Memory status after this epoch: 
Memory allocated:  448.478515625
Memory cached:  784.0
	 epoch  10 training error:  tensor(0.4665, device='cuda:0', grad_fn=<DivBackward0>)
Memory status after this epoch: 
Memory allocated:  448.478515625
Memory cached:  824.0
	 epoch  20 training error:  tensor(0.4332, device='cuda:0', grad_fn=<DivBackward0>)
Memory status after this epoch: 
Memory allocated:  448.478515625
Memory cached:  828.0
	 epoch  30 training error:  tensor(0.4056, device='cuda:0', grad_fn=<DivBackward0>)
Memory status after this epoch: 
Memory allocated:  448.478515625
Memory cached:  826.0
	 epoch  40 training error:  tensor(0.3793, device='cuda:0', grad_fn=<DivBackward0>)
Memory status after this epoch: 
Memory allocated:  448.478515625
Memory cached:  830.0
	 epoch  50 training error:  tensor(0.3514, device='cuda:0', grad_fn=<DivBackward0>)
Memory status after this epoch: 
Memory allocated:  448.478515625
Memory cached:  822.0
	 epoch  60 training error:  tensor(0.3314, device='cuda:0', grad_fn=<DivBackward0>)
Memory status after this epoch: 
Memory allocated:  448.478515625
Memory cached:  826.0
	 epoch  70 training error:  tensor(0.3209, device='cuda:0', grad_fn=<DivBackward0>)
Memory status after this epoch: 
Memory allocated:  448.478515625
Memory cached:  818.0
	 epoch  80 training error:  tensor(0.3145, device='cuda:0', grad_fn=<DivBackward0>)
Memory status after this epoch: 
Memory allocated:  448.478515625
Memory cached:  826.0
	 epoch  90 training error:  tensor(0.3111, device='cuda:0', grad_fn=<DivBackward0>)
Memory status after this epoch: 
Memory allocated:  448.478515625
Memory cached:  824.0
[I 2023-12-07 03:15:06,744] Trial 75 finished with value: 0.29724565148353577 and parameters: {'W_layers': 8, 'W_layer_units_exponent_0': 6, 'W_layer_units_exponent_1': 6, 'W_layer_units_exponent_2': 10, 'W_layer_units_exponent_3': 8, 'W_layer_units_exponent_4': 7, 'W_layer_units_exponent_5': 6, 'W_layer_units_exponent_6': 7, 'W_layer_units_exponent_7': 8, 'D_layers': 2, 'D_layer_units_exponent_0': 5, 'D_layer_units_exponent_1': 8, 'D_dagger_layers': 8, 'D_dagger_layer_units_exponent_0': 9, 'D_dagger_layer_units_exponent_1': 7, 'D_dagger_layer_units_exponent_2': 8, 'D_dagger_layer_units_exponent_3': 6, 'D_dagger_layer_units_exponent_4': 8, 'D_dagger_layer_units_exponent_5': 5, 'D_dagger_layer_units_exponent_6': 8, 'D_dagger_layer_units_exponent_7': 7, 'log_learning_rate': -3.0321259463229215, 'log_learning_rate_D': -3.4798764859720475, 'log_learning_rate_D_dagger': -3.4020969730397006, 'training_batch_size': 12, 'training_p': 5}. Best is trial 45 with value: 0.17419132590293884.
Time for this trial:  220.850830078125
Memory status after this trial: 
Memory allocated:  647.6083984375
Memory cached:  802.0
--------------------  Trial  76   --------------------
Start timing: 
Parameters: 
{'W_layers': 6, 'W_layer_units_exponent_0': 8, 'W_layer_units_exponent_1': 7, 'W_layer_units_exponent_2': 9, 'W_layer_units_exponent_3': 9, 'W_layer_units_exponent_4': 8, 'W_layer_units_exponent_5': 4, 'D_layers': 7, 'D_layer_units_exponent_0': 9, 'D_layer_units_exponent_1': 4, 'D_layer_units_exponent_2': 9, 'D_layer_units_exponent_3': 9, 'D_layer_units_exponent_4': 10, 'D_layer_units_exponent_5': 5, 'D_layer_units_exponent_6': 8, 'D_dagger_layers': 7, 'D_dagger_layer_units_exponent_0': 10, 'D_dagger_layer_units_exponent_1': 5, 'D_dagger_layer_units_exponent_2': 10, 'D_dagger_layer_units_exponent_3': 5, 'D_dagger_layer_units_exponent_4': 5, 'D_dagger_layer_units_exponent_5': 5, 'D_dagger_layer_units_exponent_6': 6, 'log_learning_rate': -3.5282489134101795, 'log_learning_rate_D': -3.1674245474208913, 'log_learning_rate_D_dagger': -3.637026280142835, 'training_batch_size': 11, 'training_p': 5}
	 epoch  0 training error:  tensor(1.0124, device='cuda:0', grad_fn=<DivBackward0>)
Memory status after this epoch: 
Memory allocated:  461.361328125
Memory cached:  774.0
	 epoch  10 training error:  tensor(0.5862, device='cuda:0', grad_fn=<DivBackward0>)
Memory status after this epoch: 
Memory allocated:  461.361328125
Memory cached:  816.0
	 epoch  20 training error:  tensor(0.4790, device='cuda:0', grad_fn=<DivBackward0>)
Memory status after this epoch: 
Memory allocated:  461.361328125
Memory cached:  814.0
	 epoch  30 training error:  tensor(0.4261, device='cuda:0', grad_fn=<DivBackward0>)
Memory status after this epoch: 
Memory allocated:  461.361328125
Memory cached:  808.0
	 epoch  40 training error:  tensor(0.3769, device='cuda:0', grad_fn=<DivBackward0>)
Memory status after this epoch: 
Memory allocated:  461.361328125
Memory cached:  812.0
	 epoch  50 training error:  tensor(0.3457, device='cuda:0', grad_fn=<DivBackward0>)
Memory status after this epoch: 
Memory allocated:  461.361328125
Memory cached:  816.0
	 epoch  60 training error:  tensor(0.3194, device='cuda:0', grad_fn=<DivBackward0>)
Memory status after this epoch: 
Memory allocated:  461.361328125
Memory cached:  810.0
	 epoch  70 training error:  tensor(0.3123, device='cuda:0', grad_fn=<DivBackward0>)
Memory status after this epoch: 
Memory allocated:  461.361328125
Memory cached:  812.0
	 epoch  80 training error:  tensor(0.2948, device='cuda:0', grad_fn=<DivBackward0>)
Memory status after this epoch: 
Memory allocated:  461.361328125
Memory cached:  806.0
	 epoch  90 training error:  tensor(0.2919, device='cuda:0', grad_fn=<DivBackward0>)
Memory status after this epoch: 
Memory allocated:  461.361328125
Memory cached:  812.0
