[I 2024-01-13 14:52:51,230] Trial 98 finished with value: 0.3147523105144501 and parameters: {'W_layers': 7, 'W_layer_units_exponent_0': 9, 'W_layer_units_exponent_1': 10, 'W_layer_units_exponent_2': 7, 'W_layer_units_exponent_3': 8, 'W_layer_units_exponent_4': 4, 'W_layer_units_exponent_5': 8, 'W_layer_units_exponent_6': 5, 'D_layers': 4, 'D_layer_units_exponent_0': 8, 'D_layer_units_exponent_1': 10, 'D_layer_units_exponent_2': 9, 'D_layer_units_exponent_3': 5, 'D_dagger_layers': 5, 'D_dagger_layer_units_exponent_0': 10, 'D_dagger_layer_units_exponent_1': 5, 'D_dagger_layer_units_exponent_2': 7, 'D_dagger_layer_units_exponent_3': 6, 'D_dagger_layer_units_exponent_4': 5, 'log_learning_rate': -4.822137747324356, 'log_learning_rate_D': -3.363749325208402, 'log_learning_rate_D_dagger': -3.108331200360139, 'training_batch_size': 10, 'training_p': 3}. Best is trial 96 with value: 0.2868298888206482.
Time for this trial:  20.584356546401978
Memory status after this trial: 
Memory allocated:  741.34228515625
Memory cached:  764.0
--------------------  Trial  99   --------------------
Start timing: 
Parameters: 
{'W_layers': 8, 'W_layer_units_exponent_0': 8, 'W_layer_units_exponent_1': 9, 'W_layer_units_exponent_2': 7, 'W_layer_units_exponent_3': 8, 'W_layer_units_exponent_4': 4, 'W_layer_units_exponent_5': 8, 'W_layer_units_exponent_6': 5, 'W_layer_units_exponent_7': 7, 'D_layers': 4, 'D_layer_units_exponent_0': 9, 'D_layer_units_exponent_1': 8, 'D_layer_units_exponent_2': 8, 'D_layer_units_exponent_3': 6, 'D_dagger_layers': 5, 'D_dagger_layer_units_exponent_0': 10, 'D_dagger_layer_units_exponent_1': 4, 'D_dagger_layer_units_exponent_2': 7, 'D_dagger_layer_units_exponent_3': 6, 'D_dagger_layer_units_exponent_4': 4, 'log_learning_rate': -4.261836150928643, 'log_learning_rate_D': -3.2308881396181266, 'log_learning_rate_D_dagger': -3.469467819466674, 'training_batch_size': 10, 'training_p': 2}
	 epoch  0 training error:  tensor(0.9945, device='cuda:0', grad_fn=<DivBackward0>)
Memory status after this epoch: 
Memory allocated:  358.94384765625
Memory cached:  542.0
	 epoch  10 training error:  tensor(0.3560, device='cuda:0', grad_fn=<DivBackward0>)
Memory status after this epoch: 
Memory allocated:  358.94384765625
Memory cached:  542.0
	 epoch  20 training error:  tensor(0.3253, device='cuda:0', grad_fn=<DivBackward0>)
Memory status after this epoch: 
Memory allocated:  358.94384765625
Memory cached:  542.0
	 epoch  30 training error:  tensor(0.2963, device='cuda:0', grad_fn=<DivBackward0>)
Memory status after this epoch: 
Memory allocated:  358.94384765625
Memory cached:  542.0
	 epoch  40 training error:  tensor(0.2886, device='cuda:0', grad_fn=<DivBackward0>)
Memory status after this epoch: 
Memory allocated:  358.94384765625
Memory cached:  542.0
	 epoch  50 training error:  tensor(0.2862, device='cuda:0', grad_fn=<DivBackward0>)
Memory status after this epoch: 
Memory allocated:  358.94384765625
Memory cached:  542.0
	 epoch  60 training error:  tensor(0.2846, device='cuda:0', grad_fn=<DivBackward0>)
Memory status after this epoch: 
Memory allocated:  358.94384765625
Memory cached:  542.0
	 epoch  70 training error:  tensor(0.2837, device='cuda:0', grad_fn=<DivBackward0>)
Memory status after this epoch: 
Memory allocated:  358.94384765625
Memory cached:  542.0
	 epoch  80 training error:  tensor(0.2847, device='cuda:0', grad_fn=<DivBackward0>)
Memory status after this epoch: 
Memory allocated:  358.94384765625
Memory cached:  542.0
	 epoch  90 training error:  tensor(0.2832, device='cuda:0', grad_fn=<DivBackward0>)
Memory status after this epoch: 
Memory allocated:  358.94384765625
Memory cached:  542.0
[I 2024-01-13 14:53:13,037] Trial 99 finished with value: 0.2888549268245697 and parameters: {'W_layers': 8, 'W_layer_units_exponent_0': 8, 'W_layer_units_exponent_1': 9, 'W_layer_units_exponent_2': 7, 'W_layer_units_exponent_3': 8, 'W_layer_units_exponent_4': 4, 'W_layer_units_exponent_5': 8, 'W_layer_units_exponent_6': 5, 'W_layer_units_exponent_7': 7, 'D_layers': 4, 'D_layer_units_exponent_0': 9, 'D_layer_units_exponent_1': 8, 'D_layer_units_exponent_2': 8, 'D_layer_units_exponent_3': 6, 'D_dagger_layers': 5, 'D_dagger_layer_units_exponent_0': 10, 'D_dagger_layer_units_exponent_1': 4, 'D_dagger_layer_units_exponent_2': 7, 'D_dagger_layer_units_exponent_3': 6, 'D_dagger_layer_units_exponent_4': 4, 'log_learning_rate': -4.261836150928643, 'log_learning_rate_D': -3.2308881396181266, 'log_learning_rate_D_dagger': -3.469467819466674, 'training_batch_size': 10, 'training_p': 2}. Best is trial 96 with value: 0.2868298888206482.
Time for this trial:  21.35181760787964
Memory status after this trial: 
Memory allocated:  663.87646484375
Memory cached:  682.0
--------------------  Trial  100   --------------------
Start timing: 
Parameters: 
{'W_layers': 7, 'W_layer_units_exponent_0': 8, 'W_layer_units_exponent_1': 10, 'W_layer_units_exponent_2': 8, 'W_layer_units_exponent_3': 8, 'W_layer_units_exponent_4': 4, 'W_layer_units_exponent_5': 9, 'W_layer_units_exponent_6': 6, 'D_layers': 3, 'D_layer_units_exponent_0': 8, 'D_layer_units_exponent_1': 10, 'D_layer_units_exponent_2': 8, 'D_dagger_layers': 5, 'D_dagger_layer_units_exponent_0': 10, 'D_dagger_layer_units_exponent_1': 6, 'D_dagger_layer_units_exponent_2': 10, 'D_dagger_layer_units_exponent_3': 9, 'D_dagger_layer_units_exponent_4': 4, 'log_learning_rate': -4.609671526321346, 'log_learning_rate_D': -3.6771954379402496, 'log_learning_rate_D_dagger': -2.875002996544183, 'training_batch_size': 7, 'training_p': 2}
	 epoch  0 training error:  tensor(0.9909, device='cuda:0', grad_fn=<DivBackward0>)
Memory status after this epoch: 
Memory allocated:  376.06884765625
Memory cached:  542.0
	 epoch  10 training error:  tensor(0.3266, device='cuda:0', grad_fn=<DivBackward0>)
Memory status after this epoch: 
Memory allocated:  376.06884765625
Memory cached:  542.0
	 epoch  20 training error:  tensor(0.2929, device='cuda:0', grad_fn=<DivBackward0>)
Memory status after this epoch: 
Memory allocated:  376.06884765625
Memory cached:  544.0
	 epoch  30 training error:  tensor(0.2905, device='cuda:0', grad_fn=<DivBackward0>)
Memory status after this epoch: 
Memory allocated:  376.06884765625
Memory cached:  542.0
	 epoch  40 training error:  tensor(0.2934, device='cuda:0', grad_fn=<DivBackward0>)
Memory status after this epoch: 
Memory allocated:  376.06884765625
Memory cached:  544.0
	 epoch  50 training error:  tensor(0.2891, device='cuda:0', grad_fn=<DivBackward0>)
Memory status after this epoch: 
Memory allocated:  376.06884765625
Memory cached:  544.0
	 epoch  60 training error:  tensor(0.2866, device='cuda:0', grad_fn=<DivBackward0>)
Memory status after this epoch: 
Memory allocated:  376.06884765625
Memory cached:  544.0
	 epoch  70 training error:  tensor(0.2904, device='cuda:0', grad_fn=<DivBackward0>)
Memory status after this epoch: 
Memory allocated:  376.06884765625
Memory cached:  544.0
	 epoch  80 training error:  tensor(0.2833, device='cuda:0', grad_fn=<DivBackward0>)
Memory status after this epoch: 
Memory allocated:  376.06884765625
Memory cached:  544.0
	 epoch  90 training error:  tensor(0.2891, device='cuda:0', grad_fn=<DivBackward0>)
Memory status after this epoch: 
Memory allocated:  376.06884765625
Memory cached:  544.0
[I 2024-01-13 14:53:43,187] Trial 100 finished with value: 0.2890525460243225 and parameters: {'W_layers': 7, 'W_layer_units_exponent_0': 8, 'W_layer_units_exponent_1': 10, 'W_layer_units_exponent_2': 8, 'W_layer_units_exponent_3': 8, 'W_layer_units_exponent_4': 4, 'W_layer_units_exponent_5': 9, 'W_layer_units_exponent_6': 6, 'D_layers': 3, 'D_layer_units_exponent_0': 8, 'D_layer_units_exponent_1': 10, 'D_layer_units_exponent_2': 8, 'D_dagger_layers': 5, 'D_dagger_layer_units_exponent_0': 10, 'D_dagger_layer_units_exponent_1': 6, 'D_dagger_layer_units_exponent_2': 10, 'D_dagger_layer_units_exponent_3': 9, 'D_dagger_layer_units_exponent_4': 4, 'log_learning_rate': -4.609671526321346, 'log_learning_rate_D': -3.6771954379402496, 'log_learning_rate_D_dagger': -2.875002996544183, 'training_batch_size': 7, 'training_p': 2}. Best is trial 96 with value: 0.2868298888206482.
Time for this trial:  29.77390694618225
Memory status after this trial: 
Memory allocated:  911.41357421875
Memory cached:  952.0
--------------------  Trial  101   --------------------
Start timing: 
Parameters: 
{'W_layers': 8, 'W_layer_units_exponent_0': 8, 'W_layer_units_exponent_1': 10, 'W_layer_units_exponent_2': 7, 'W_layer_units_exponent_3': 8, 'W_layer_units_exponent_4': 4, 'W_layer_units_exponent_5': 7, 'W_layer_units_exponent_6': 5, 'W_layer_units_exponent_7': 4, 'D_layers': 2, 'D_layer_units_exponent_0': 8, 'D_layer_units_exponent_1': 9, 'D_dagger_layers': 5, 'D_dagger_layer_units_exponent_0': 10, 'D_dagger_layer_units_exponent_1': 4, 'D_dagger_layer_units_exponent_2': 8, 'D_dagger_layer_units_exponent_3': 6, 'D_dagger_layer_units_exponent_4': 4, 'log_learning_rate': -4.445606315234632, 'log_learning_rate_D': -3.082185811031032, 'log_learning_rate_D_dagger': -3.0043798586449397, 'training_batch_size': 12, 'training_p': 2}
	 epoch  0 training error:  tensor(0.9623, device='cuda:0', grad_fn=<DivBackward0>)
Memory status after this epoch: 
Memory allocated:  361.64697265625
Memory cached:  544.0
	 epoch  10 training error:  tensor(0.3638, device='cuda:0', grad_fn=<DivBackward0>)
Memory status after this epoch: 
Memory allocated:  361.64697265625
Memory cached:  544.0
	 epoch  20 training error:  tensor(0.2888, device='cuda:0', grad_fn=<DivBackward0>)
Memory status after this epoch: 
Memory allocated:  361.64697265625
Memory cached:  544.0
	 epoch  30 training error:  tensor(0.2934, device='cuda:0', grad_fn=<DivBackward0>)
Memory status after this epoch: 
Memory allocated:  361.64697265625
Memory cached:  544.0
	 epoch  40 training error:  tensor(0.2822, device='cuda:0', grad_fn=<DivBackward0>)
Memory status after this epoch: 
Memory allocated:  361.64697265625
Memory cached:  544.0
	 epoch  50 training error:  tensor(0.2968, device='cuda:0', grad_fn=<DivBackward0>)
Memory status after this epoch: 
Memory allocated:  361.64697265625
Memory cached:  544.0
	 epoch  60 training error:  tensor(0.2860, device='cuda:0', grad_fn=<DivBackward0>)
Memory status after this epoch: 
Memory allocated:  361.64697265625
Memory cached:  544.0
	 epoch  70 training error:  tensor(0.2824, device='cuda:0', grad_fn=<DivBackward0>)
Memory status after this epoch: 
Memory allocated:  361.64697265625
Memory cached:  544.0
	 epoch  80 training error:  tensor(0.2912, device='cuda:0', grad_fn=<DivBackward0>)
Memory status after this epoch: 
Memory allocated:  361.64697265625
Memory cached:  544.0
	 epoch  90 training error:  tensor(0.2832, device='cuda:0', grad_fn=<DivBackward0>)
Memory status after this epoch: 
Memory allocated:  361.64697265625
Memory cached:  544.0
[I 2024-01-13 14:54:05,266] Trial 101 finished with value: 0.2895350754261017 and parameters: {'W_layers': 8, 'W_layer_units_exponent_0': 8, 'W_layer_units_exponent_1': 10, 'W_layer_units_exponent_2': 7, 'W_layer_units_exponent_3': 8, 'W_layer_units_exponent_4': 4, 'W_layer_units_exponent_5': 7, 'W_layer_units_exponent_6': 5, 'W_layer_units_exponent_7': 4, 'D_layers': 2, 'D_layer_units_exponent_0': 8, 'D_layer_units_exponent_1': 9, 'D_dagger_layers': 5, 'D_dagger_layer_units_exponent_0': 10, 'D_dagger_layer_units_exponent_1': 4, 'D_dagger_layer_units_exponent_2': 8, 'D_dagger_layer_units_exponent_3': 6, 'D_dagger_layer_units_exponent_4': 4, 'log_learning_rate': -4.445606315234632, 'log_learning_rate_D': -3.082185811031032, 'log_learning_rate_D_dagger': -3.0043798586449397, 'training_batch_size': 12, 'training_p': 2}. Best is trial 96 with value: 0.2868298888206482.
Time for this trial:  21.650774717330933
Memory status after this trial: 
Memory allocated:  710.19287109375
Memory cached:  730.0
--------------------  Trial  102   --------------------
Start timing: 
Parameters: 
{'W_layers': 6, 'W_layer_units_exponent_0': 7, 'W_layer_units_exponent_1': 10, 'W_layer_units_exponent_2': 7, 'W_layer_units_exponent_3': 8, 'W_layer_units_exponent_4': 4, 'W_layer_units_exponent_5': 9, 'D_layers': 2, 'D_layer_units_exponent_0': 7, 'D_layer_units_exponent_1': 10, 'D_dagger_layers': 5, 'D_dagger_layer_units_exponent_0': 9, 'D_dagger_layer_units_exponent_1': 4, 'D_dagger_layer_units_exponent_2': 9, 'D_dagger_layer_units_exponent_3': 5, 'D_dagger_layer_units_exponent_4': 4, 'log_learning_rate': -4.16901081433925, 'log_learning_rate_D': -3.0099809295725355, 'log_learning_rate_D_dagger': -3.0759935980305784, 'training_batch_size': 12, 'training_p': 2}
	 epoch  0 training error:  tensor(1.0021, device='cuda:0', grad_fn=<DivBackward0>)
Memory status after this epoch: 
Memory allocated:  359.595703125
Memory cached:  542.0
	 epoch  10 training error:  tensor(0.3159, device='cuda:0', grad_fn=<DivBackward0>)
Memory status after this epoch: 
Memory allocated:  359.595703125
Memory cached:  542.0
	 epoch  20 training error:  tensor(0.3218, device='cuda:0', grad_fn=<DivBackward0>)
Memory status after this epoch: 
Memory allocated:  359.595703125
Memory cached:  542.0
	 epoch  30 training error:  tensor(0.3123, device='cuda:0', grad_fn=<DivBackward0>)
Memory status after this epoch: 
Memory allocated:  359.595703125
Memory cached:  542.0
	 epoch  40 training error:  tensor(0.2945, device='cuda:0', grad_fn=<DivBackward0>)
Memory status after this epoch: 
Memory allocated:  359.595703125
Memory cached:  542.0
	 epoch  50 training error:  tensor(0.2910, device='cuda:0', grad_fn=<DivBackward0>)
Memory status after this epoch: 
Memory allocated:  359.595703125
Memory cached:  542.0
	 epoch  60 training error:  tensor(0.2875, device='cuda:0', grad_fn=<DivBackward0>)
Memory status after this epoch: 
Memory allocated:  359.595703125
Memory cached:  542.0
	 epoch  70 training error:  tensor(0.2849, device='cuda:0', grad_fn=<DivBackward0>)
Memory status after this epoch: 
Memory allocated:  359.595703125
Memory cached:  542.0
	 epoch  80 training error:  tensor(0.2810, device='cuda:0', grad_fn=<DivBackward0>)
Memory status after this epoch: 
Memory allocated:  359.595703125
Memory cached:  542.0
	 epoch  90 training error:  tensor(0.2851, device='cuda:0', grad_fn=<DivBackward0>)
Memory status after this epoch: 
Memory allocated:  359.595703125
Memory cached:  542.0
[I 2024-01-13 14:54:28,077] Trial 102 finished with value: 0.2921352982521057 and parameters: {'W_layers': 6, 'W_layer_units_exponent_0': 7, 'W_layer_units_exponent_1': 10, 'W_layer_units_exponent_2': 7, 'W_layer_units_exponent_3': 8, 'W_layer_units_exponent_4': 4, 'W_layer_units_exponent_5': 9, 'D_layers': 2, 'D_layer_units_exponent_0': 7, 'D_layer_units_exponent_1': 10, 'D_dagger_layers': 5, 'D_dagger_layer_units_exponent_0': 9, 'D_dagger_layer_units_exponent_1': 4, 'D_dagger_layer_units_exponent_2': 9, 'D_dagger_layer_units_exponent_3': 5, 'D_dagger_layer_units_exponent_4': 4, 'log_learning_rate': -4.16901081433925, 'log_learning_rate_D': -3.0099809295725355, 'log_learning_rate_D_dagger': -3.0759935980305784, 'training_batch_size': 12, 'training_p': 2}. Best is trial 96 with value: 0.2868298888206482.
Time for this trial:  22.40022349357605
Memory status after this trial: 
Memory allocated:  692.39599609375
Memory cached:  726.0
--------------------  Trial  103   --------------------
Start timing: 
Parameters: 
{'W_layers': 8, 'W_layer_units_exponent_0': 9, 'W_layer_units_exponent_1': 10, 'W_layer_units_exponent_2': 7, 'W_layer_units_exponent_3': 8, 'W_layer_units_exponent_4': 5, 'W_layer_units_exponent_5': 8, 'W_layer_units_exponent_6': 6, 'W_layer_units_exponent_7': 8, 'D_layers': 3, 'D_layer_units_exponent_0': 8, 'D_layer_units_exponent_1': 7, 'D_layer_units_exponent_2': 9, 'D_dagger_layers': 7, 'D_dagger_layer_units_exponent_0': 10, 'D_dagger_layer_units_exponent_1': 4, 'D_dagger_layer_units_exponent_2': 7, 'D_dagger_layer_units_exponent_3': 6, 'D_dagger_layer_units_exponent_4': 4, 'D_dagger_layer_units_exponent_5': 5, 'D_dagger_layer_units_exponent_6': 9, 'log_learning_rate': -4.564104557165137, 'log_learning_rate_D': -3.1869750747181578, 'log_learning_rate_D_dagger': -3.189781160500364, 'training_batch_size': 12, 'training_p': 2}
	 epoch  0 training error:  tensor(1.0099, device='cuda:0', grad_fn=<DivBackward0>)
Memory status after this epoch: 
Memory allocated:  366.6123046875
Memory cached:  544.0
	 epoch  10 training error:  tensor(0.4510, device='cuda:0', grad_fn=<DivBackward0>)
Memory status after this epoch: 
Memory allocated:  366.6123046875
Memory cached:  544.0
	 epoch  20 training error:  tensor(0.3501, device='cuda:0', grad_fn=<DivBackward0>)
Memory status after this epoch: 
Memory allocated:  366.6123046875
Memory cached:  544.0
	 epoch  30 training error:  tensor(0.2994, device='cuda:0', grad_fn=<DivBackward0>)
Memory status after this epoch: 
Memory allocated:  366.6123046875
Memory cached:  544.0
	 epoch  40 training error:  tensor(0.2856, device='cuda:0', grad_fn=<DivBackward0>)
Memory status after this epoch: 
Memory allocated:  366.6123046875
Memory cached:  544.0
	 epoch  50 training error:  tensor(0.2843, device='cuda:0', grad_fn=<DivBackward0>)
Memory status after this epoch: 
Memory allocated:  366.6123046875
Memory cached:  544.0
	 epoch  60 training error:  tensor(0.2907, device='cuda:0', grad_fn=<DivBackward0>)
Memory status after this epoch: 
Memory allocated:  366.6123046875
Memory cached:  544.0
	 epoch  70 training error:  tensor(0.2860, device='cuda:0', grad_fn=<DivBackward0>)
Memory status after this epoch: 
Memory allocated:  366.6123046875
Memory cached:  544.0
	 epoch  80 training error:  tensor(0.2879, device='cuda:0', grad_fn=<DivBackward0>)
Memory status after this epoch: 
Memory allocated:  366.6123046875
Memory cached:  544.0
	 epoch  90 training error:  tensor(0.2910, device='cuda:0', grad_fn=<DivBackward0>)
Memory status after this epoch: 
Memory allocated:  366.6123046875
Memory cached:  544.0
[I 2024-01-13 14:54:51,351] Trial 103 finished with value: 0.2879706025123596 and parameters: {'W_layers': 8, 'W_layer_units_exponent_0': 9, 'W_layer_units_exponent_1': 10, 'W_layer_units_exponent_2': 7, 'W_layer_units_exponent_3': 8, 'W_layer_units_exponent_4': 5, 'W_layer_units_exponent_5': 8, 'W_layer_units_exponent_6': 6, 'W_layer_units_exponent_7': 8, 'D_layers': 3, 'D_layer_units_exponent_0': 8, 'D_layer_units_exponent_1': 7, 'D_layer_units_exponent_2': 9, 'D_dagger_layers': 7, 'D_dagger_layer_units_exponent_0': 10, 'D_dagger_layer_units_exponent_1': 4, 'D_dagger_layer_units_exponent_2': 7, 'D_dagger_layer_units_exponent_3': 6, 'D_dagger_layer_units_exponent_4': 4, 'D_dagger_layer_units_exponent_5': 5, 'D_dagger_layer_units_exponent_6': 9, 'log_learning_rate': -4.564104557165137, 'log_learning_rate_D': -3.1869750747181578, 'log_learning_rate_D_dagger': -3.189781160500364, 'training_batch_size': 12, 'training_p': 2}. Best is trial 96 with value: 0.2868298888206482.
Time for this trial:  22.84303569793701
Memory status after this trial: 
Memory allocated:  820.20263671875
Memory cached:  846.0
--------------------  Trial  104   --------------------
Start timing: 
Parameters: 
{'W_layers': 8, 'W_layer_units_exponent_0': 10, 'W_layer_units_exponent_1': 10, 'W_layer_units_exponent_2': 8, 'W_layer_units_exponent_3': 8, 'W_layer_units_exponent_4': 4, 'W_layer_units_exponent_5': 8, 'W_layer_units_exponent_6': 6, 'W_layer_units_exponent_7': 9, 'D_layers': 3, 'D_layer_units_exponent_0': 8, 'D_layer_units_exponent_1': 7, 'D_layer_units_exponent_2': 9, 'D_dagger_layers': 7, 'D_dagger_layer_units_exponent_0': 10, 'D_dagger_layer_units_exponent_1': 4, 'D_dagger_layer_units_exponent_2': 7, 'D_dagger_layer_units_exponent_3': 6, 'D_dagger_layer_units_exponent_4': 4, 'D_dagger_layer_units_exponent_5': 5, 'D_dagger_layer_units_exponent_6': 9, 'log_learning_rate': -4.984785224233342, 'log_learning_rate_D': -3.213595260613966, 'log_learning_rate_D_dagger': -3.247295528058061, 'training_batch_size': 12, 'training_p': 2}
	 epoch  0 training error:  tensor(1.0026, device='cuda:0', grad_fn=<DivBackward0>)
Memory status after this epoch: 
Memory allocated:  378.1064453125
Memory cached:  542.0
	 epoch  10 training error:  tensor(0.4453, device='cuda:0', grad_fn=<DivBackward0>)
Memory status after this epoch: 
Memory allocated:  378.1064453125
Memory cached:  542.0
	 epoch  20 training error:  tensor(0.3463, device='cuda:0', grad_fn=<DivBackward0>)
Memory status after this epoch: 
Memory allocated:  378.1064453125
Memory cached:  542.0
	 epoch  30 training error:  tensor(0.3023, device='cuda:0', grad_fn=<DivBackward0>)
Memory status after this epoch: 
Memory allocated:  378.1064453125
Memory cached:  542.0
	 epoch  40 training error:  tensor(0.2917, device='cuda:0', grad_fn=<DivBackward0>)
Memory status after this epoch: 
Memory allocated:  378.1064453125
Memory cached:  542.0
	 epoch  50 training error:  tensor(0.2841, device='cuda:0', grad_fn=<DivBackward0>)
Memory status after this epoch: 
Memory allocated:  378.1064453125
Memory cached:  542.0
	 epoch  60 training error:  tensor(0.2897, device='cuda:0', grad_fn=<DivBackward0>)
Memory status after this epoch: 
Memory allocated:  378.1064453125
Memory cached:  542.0
	 epoch  70 training error:  tensor(0.2856, device='cuda:0', grad_fn=<DivBackward0>)
Memory status after this epoch: 
Memory allocated:  378.1064453125
Memory cached:  542.0
	 epoch  80 training error:  tensor(0.2814, device='cuda:0', grad_fn=<DivBackward0>)
Memory status after this epoch: 
Memory allocated:  378.1064453125
Memory cached:  542.0
	 epoch  90 training error:  tensor(0.2851, device='cuda:0', grad_fn=<DivBackward0>)
Memory status after this epoch: 
Memory allocated:  378.1064453125
Memory cached:  542.0
