[I 2023-12-04 00:11:53,452] Trial 34 finished with value: 0.09675294160842896 and parameters: {'W_layers': 7, 'W_layer_units_exponent_0': 7, 'W_layer_units_exponent_1': 6, 'W_layer_units_exponent_2': 7, 'W_layer_units_exponent_3': 5, 'W_layer_units_exponent_4': 7, 'W_layer_units_exponent_5': 9, 'W_layer_units_exponent_6': 7, 'D_layers': 6, 'D_layer_units_exponent_0': 8, 'D_layer_units_exponent_1': 5, 'D_layer_units_exponent_2': 9, 'D_layer_units_exponent_3': 8, 'D_layer_units_exponent_4': 5, 'D_layer_units_exponent_5': 9, 'log_learning_rate': -2.931451821647639, 'log_learning_rate_D': -2.357304247808223, 'training_batch_size': 10, 'training_p': 2}. Best is trial 20 with value: 0.09674614667892456.
Time for this trial:  13.993747234344482
Memory status after this trial: 
Memory allocated:  63.61376953125
Memory cached:  106.0
--------------------  Trial  35   --------------------
Start timing: 
Parameters: 
{'W_layers': 6, 'W_layer_units_exponent_0': 6, 'W_layer_units_exponent_1': 4, 'W_layer_units_exponent_2': 6, 'W_layer_units_exponent_3': 9, 'W_layer_units_exponent_4': 10, 'W_layer_units_exponent_5': 4, 'D_layers': 7, 'D_layer_units_exponent_0': 7, 'D_layer_units_exponent_1': 5, 'D_layer_units_exponent_2': 10, 'D_layer_units_exponent_3': 5, 'D_layer_units_exponent_4': 4, 'D_layer_units_exponent_5': 10, 'D_layer_units_exponent_6': 10, 'log_learning_rate': -3.2158258627863945, 'log_learning_rate_D': -3.0645204170499714, 'training_batch_size': 8, 'training_p': 3}
	 epoch  0 training error:  tensor(0.9826, device='cuda:0', grad_fn=<DivBackward0>)
Memory status after this epoch: 
Memory allocated:  50.35302734375
Memory cached:  92.0
	 epoch  10 training error:  tensor(0.1755, device='cuda:0', grad_fn=<DivBackward0>)
Memory status after this epoch: 
Memory allocated:  50.35302734375
Memory cached:  92.0
	 epoch  20 training error:  tensor(0.1696, device='cuda:0', grad_fn=<DivBackward0>)
Memory status after this epoch: 
Memory allocated:  50.35302734375
Memory cached:  92.0
	 epoch  30 training error:  tensor(0.1174, device='cuda:0', grad_fn=<DivBackward0>)
Memory status after this epoch: 
Memory allocated:  50.35302734375
Memory cached:  92.0
	 epoch  40 training error:  tensor(0.1161, device='cuda:0', grad_fn=<DivBackward0>)
Memory status after this epoch: 
Memory allocated:  50.35302734375
Memory cached:  92.0
	 epoch  50 training error:  tensor(0.1169, device='cuda:0', grad_fn=<DivBackward0>)
Memory status after this epoch: 
Memory allocated:  50.35302734375
Memory cached:  92.0
	 epoch  60 training error:  tensor(0.1161, device='cuda:0', grad_fn=<DivBackward0>)
Memory status after this epoch: 
Memory allocated:  50.35302734375
Memory cached:  92.0
	 epoch  70 training error:  tensor(0.1156, device='cuda:0', grad_fn=<DivBackward0>)
Memory status after this epoch: 
Memory allocated:  50.35302734375
Memory cached:  92.0
	 epoch  80 training error:  tensor(0.1155, device='cuda:0', grad_fn=<DivBackward0>)
Memory status after this epoch: 
Memory allocated:  50.35302734375
Memory cached:  92.0
	 epoch  90 training error:  tensor(0.1154, device='cuda:0', grad_fn=<DivBackward0>)
Memory status after this epoch: 
Memory allocated:  50.35302734375
Memory cached:  92.0
[I 2023-12-04 00:12:07,640] Trial 35 finished with value: 0.09954278916120529 and parameters: {'W_layers': 6, 'W_layer_units_exponent_0': 6, 'W_layer_units_exponent_1': 4, 'W_layer_units_exponent_2': 6, 'W_layer_units_exponent_3': 9, 'W_layer_units_exponent_4': 10, 'W_layer_units_exponent_5': 4, 'D_layers': 7, 'D_layer_units_exponent_0': 7, 'D_layer_units_exponent_1': 5, 'D_layer_units_exponent_2': 10, 'D_layer_units_exponent_3': 5, 'D_layer_units_exponent_4': 4, 'D_layer_units_exponent_5': 10, 'D_layer_units_exponent_6': 10, 'log_learning_rate': -3.2158258627863945, 'log_learning_rate_D': -3.0645204170499714, 'training_batch_size': 8, 'training_p': 3}. Best is trial 20 with value: 0.09674614667892456.
Time for this trial:  13.99953579902649
Memory status after this trial: 
Memory allocated:  80.66162109375
Memory cached:  92.0
--------------------  Trial  36   --------------------
Start timing: 
Parameters: 
{'W_layers': 5, 'W_layer_units_exponent_0': 6, 'W_layer_units_exponent_1': 5, 'W_layer_units_exponent_2': 8, 'W_layer_units_exponent_3': 4, 'W_layer_units_exponent_4': 7, 'D_layers': 6, 'D_layer_units_exponent_0': 9, 'D_layer_units_exponent_1': 4, 'D_layer_units_exponent_2': 8, 'D_layer_units_exponent_3': 4, 'D_layer_units_exponent_4': 6, 'D_layer_units_exponent_5': 7, 'log_learning_rate': -2.577229876417915, 'log_learning_rate_D': -3.391641334024639, 'training_batch_size': 6, 'training_p': 3}
	 epoch  0 training error:  tensor(0.8932, device='cuda:0', grad_fn=<DivBackward0>)
Memory status after this epoch: 
Memory allocated:  37.11767578125
Memory cached:  92.0
	 epoch  10 training error:  tensor(0.1369, device='cuda:0', grad_fn=<DivBackward0>)
Memory status after this epoch: 
Memory allocated:  37.11767578125
Memory cached:  92.0
	 epoch  20 training error:  tensor(0.1182, device='cuda:0', grad_fn=<DivBackward0>)
Memory status after this epoch: 
Memory allocated:  37.11767578125
Memory cached:  92.0
	 epoch  30 training error:  tensor(0.1158, device='cuda:0', grad_fn=<DivBackward0>)
Memory status after this epoch: 
Memory allocated:  37.11767578125
Memory cached:  92.0
	 epoch  40 training error:  tensor(0.1155, device='cuda:0', grad_fn=<DivBackward0>)
Memory status after this epoch: 
Memory allocated:  37.11767578125
Memory cached:  92.0
	 epoch  50 training error:  tensor(0.1155, device='cuda:0', grad_fn=<DivBackward0>)
Memory status after this epoch: 
Memory allocated:  37.11767578125
Memory cached:  92.0
	 epoch  60 training error:  tensor(0.1155, device='cuda:0', grad_fn=<DivBackward0>)
Memory status after this epoch: 
Memory allocated:  37.11767578125
Memory cached:  92.0
	 epoch  70 training error:  tensor(0.1156, device='cuda:0', grad_fn=<DivBackward0>)
Memory status after this epoch: 
Memory allocated:  37.11767578125
Memory cached:  92.0
	 epoch  80 training error:  tensor(0.1158, device='cuda:0', grad_fn=<DivBackward0>)
Memory status after this epoch: 
Memory allocated:  37.11767578125
Memory cached:  92.0
	 epoch  90 training error:  tensor(0.1155, device='cuda:0', grad_fn=<DivBackward0>)
Memory status after this epoch: 
Memory allocated:  37.11767578125
Memory cached:  92.0
[I 2023-12-04 00:12:21,933] Trial 36 finished with value: 0.10033237934112549 and parameters: {'W_layers': 5, 'W_layer_units_exponent_0': 6, 'W_layer_units_exponent_1': 5, 'W_layer_units_exponent_2': 8, 'W_layer_units_exponent_3': 4, 'W_layer_units_exponent_4': 7, 'D_layers': 6, 'D_layer_units_exponent_0': 9, 'D_layer_units_exponent_1': 4, 'D_layer_units_exponent_2': 8, 'D_layer_units_exponent_3': 4, 'D_layer_units_exponent_4': 6, 'D_layer_units_exponent_5': 7, 'log_learning_rate': -2.577229876417915, 'log_learning_rate_D': -3.391641334024639, 'training_batch_size': 6, 'training_p': 3}. Best is trial 20 with value: 0.09674614667892456.
Time for this trial:  14.12039852142334
Memory status after this trial: 
Memory allocated:  48.26416015625
Memory cached:  94.0
--------------------  Trial  37   --------------------
Start timing: 
Parameters: 
{'W_layers': 3, 'W_layer_units_exponent_0': 8, 'W_layer_units_exponent_1': 4, 'W_layer_units_exponent_2': 5, 'D_layers': 7, 'D_layer_units_exponent_0': 5, 'D_layer_units_exponent_1': 5, 'D_layer_units_exponent_2': 6, 'D_layer_units_exponent_3': 8, 'D_layer_units_exponent_4': 5, 'D_layer_units_exponent_5': 9, 'D_layer_units_exponent_6': 7, 'log_learning_rate': -2.870936857868059, 'log_learning_rate_D': -2.8451545482963394, 'training_batch_size': 8, 'training_p': 2}
	 epoch  0 training error:  tensor(0.9781, device='cuda:0', grad_fn=<DivBackward0>)
Memory status after this epoch: 
Memory allocated:  37.28173828125
Memory cached:  94.0
	 epoch  10 training error:  tensor(0.3013, device='cuda:0', grad_fn=<DivBackward0>)
Memory status after this epoch: 
Memory allocated:  37.28173828125
Memory cached:  94.0
	 epoch  20 training error:  tensor(0.2048, device='cuda:0', grad_fn=<DivBackward0>)
Memory status after this epoch: 
Memory allocated:  37.28173828125
Memory cached:  94.0
	 epoch  30 training error:  tensor(0.1323, device='cuda:0', grad_fn=<DivBackward0>)
Memory status after this epoch: 
Memory allocated:  37.28173828125
Memory cached:  94.0
	 epoch  40 training error:  tensor(0.0973, device='cuda:0', grad_fn=<DivBackward0>)
Memory status after this epoch: 
Memory allocated:  37.28173828125
Memory cached:  94.0
	 epoch  50 training error:  tensor(0.0952, device='cuda:0', grad_fn=<DivBackward0>)
Memory status after this epoch: 
Memory allocated:  37.28173828125
Memory cached:  94.0
	 epoch  60 training error:  tensor(0.0954, device='cuda:0', grad_fn=<DivBackward0>)
Memory status after this epoch: 
Memory allocated:  37.28173828125
Memory cached:  94.0
	 epoch  70 training error:  tensor(0.0946, device='cuda:0', grad_fn=<DivBackward0>)
Memory status after this epoch: 
Memory allocated:  37.28173828125
Memory cached:  94.0
	 epoch  80 training error:  tensor(0.0940, device='cuda:0', grad_fn=<DivBackward0>)
Memory status after this epoch: 
Memory allocated:  37.28173828125
Memory cached:  94.0
	 epoch  90 training error:  tensor(0.0940, device='cuda:0', grad_fn=<DivBackward0>)
Memory status after this epoch: 
Memory allocated:  37.28173828125
Memory cached:  94.0
[I 2023-12-04 00:12:34,933] Trial 37 finished with value: 0.09679774940013885 and parameters: {'W_layers': 3, 'W_layer_units_exponent_0': 8, 'W_layer_units_exponent_1': 4, 'W_layer_units_exponent_2': 5, 'D_layers': 7, 'D_layer_units_exponent_0': 5, 'D_layer_units_exponent_1': 5, 'D_layer_units_exponent_2': 6, 'D_layer_units_exponent_3': 8, 'D_layer_units_exponent_4': 5, 'D_layer_units_exponent_5': 9, 'D_layer_units_exponent_6': 7, 'log_learning_rate': -2.870936857868059, 'log_learning_rate_D': -2.8451545482963394, 'training_batch_size': 8, 'training_p': 2}. Best is trial 20 with value: 0.09674614667892456.
Time for this trial:  12.832394361495972
Memory status after this trial: 
Memory allocated:  43.78076171875
Memory cached:  92.0
--------------------  Trial  38   --------------------
Start timing: 
Parameters: 
{'W_layers': 7, 'W_layer_units_exponent_0': 5, 'W_layer_units_exponent_1': 6, 'W_layer_units_exponent_2': 9, 'W_layer_units_exponent_3': 4, 'W_layer_units_exponent_4': 6, 'W_layer_units_exponent_5': 5, 'W_layer_units_exponent_6': 6, 'D_layers': 5, 'D_layer_units_exponent_0': 6, 'D_layer_units_exponent_1': 7, 'D_layer_units_exponent_2': 9, 'D_layer_units_exponent_3': 7, 'D_layer_units_exponent_4': 4, 'log_learning_rate': -2.3020055609383387, 'log_learning_rate_D': -1.7707709406412153, 'training_batch_size': 9, 'training_p': 3}
	 epoch  0 training error:  tensor(0.9770, device='cuda:0', grad_fn=<DivBackward0>)
Memory status after this epoch: 
Memory allocated:  38.0712890625
Memory cached:  92.0
	 epoch  10 training error:  tensor(0.1468, device='cuda:0', grad_fn=<DivBackward0>)
Memory status after this epoch: 
Memory allocated:  38.0712890625
Memory cached:  92.0
	 epoch  20 training error:  tensor(0.1202, device='cuda:0', grad_fn=<DivBackward0>)
Memory status after this epoch: 
Memory allocated:  38.0712890625
Memory cached:  92.0
	 epoch  30 training error:  tensor(0.1296, device='cuda:0', grad_fn=<DivBackward0>)
Memory status after this epoch: 
Memory allocated:  38.0712890625
Memory cached:  92.0
	 epoch  40 training error:  tensor(0.1220, device='cuda:0', grad_fn=<DivBackward0>)
Memory status after this epoch: 
Memory allocated:  38.0712890625
Memory cached:  92.0
	 epoch  50 training error:  tensor(0.1182, device='cuda:0', grad_fn=<DivBackward0>)
Memory status after this epoch: 
Memory allocated:  38.0712890625
Memory cached:  92.0
	 epoch  60 training error:  tensor(0.1166, device='cuda:0', grad_fn=<DivBackward0>)
Memory status after this epoch: 
Memory allocated:  38.0712890625
Memory cached:  92.0
	 epoch  70 training error:  tensor(0.1159, device='cuda:0', grad_fn=<DivBackward0>)
Memory status after this epoch: 
Memory allocated:  38.0712890625
Memory cached:  92.0
	 epoch  80 training error:  tensor(0.1156, device='cuda:0', grad_fn=<DivBackward0>)
Memory status after this epoch: 
Memory allocated:  38.0712890625
Memory cached:  92.0
	 epoch  90 training error:  tensor(0.1154, device='cuda:0', grad_fn=<DivBackward0>)
Memory status after this epoch: 
Memory allocated:  38.0712890625
Memory cached:  92.0
[I 2023-12-04 00:12:48,813] Trial 38 finished with value: 0.09964247792959213 and parameters: {'W_layers': 7, 'W_layer_units_exponent_0': 5, 'W_layer_units_exponent_1': 6, 'W_layer_units_exponent_2': 9, 'W_layer_units_exponent_3': 4, 'W_layer_units_exponent_4': 6, 'W_layer_units_exponent_5': 5, 'W_layer_units_exponent_6': 6, 'D_layers': 5, 'D_layer_units_exponent_0': 6, 'D_layer_units_exponent_1': 7, 'D_layer_units_exponent_2': 9, 'D_layer_units_exponent_3': 7, 'D_layer_units_exponent_4': 4, 'log_learning_rate': -2.3020055609383387, 'log_learning_rate_D': -1.7707709406412153, 'training_batch_size': 9, 'training_p': 3}. Best is trial 20 with value: 0.09674614667892456.
Time for this trial:  13.69884467124939
Memory status after this trial: 
Memory allocated:  55.10205078125
Memory cached:  96.0
--------------------  Trial  39   --------------------
Start timing: 
Parameters: 
{'W_layers': 4, 'W_layer_units_exponent_0': 9, 'W_layer_units_exponent_1': 7, 'W_layer_units_exponent_2': 8, 'W_layer_units_exponent_3': 5, 'D_layers': 5, 'D_layer_units_exponent_0': 8, 'D_layer_units_exponent_1': 9, 'D_layer_units_exponent_2': 6, 'D_layer_units_exponent_3': 5, 'D_layer_units_exponent_4': 9, 'log_learning_rate': -3.68043311659991, 'log_learning_rate_D': -2.117862147675525, 'training_batch_size': 12, 'training_p': 2}
	 epoch  0 training error:  tensor(1.0498, device='cuda:0', grad_fn=<DivBackward0>)
Memory status after this epoch: 
Memory allocated:  39.13134765625
Memory cached:  92.0
	 epoch  10 training error:  tensor(0.5800, device='cuda:0', grad_fn=<DivBackward0>)
Memory status after this epoch: 
Memory allocated:  39.13134765625
Memory cached:  92.0
	 epoch  20 training error:  tensor(0.1876, device='cuda:0', grad_fn=<DivBackward0>)
Memory status after this epoch: 
Memory allocated:  39.13134765625
Memory cached:  92.0
	 epoch  30 training error:  tensor(0.1262, device='cuda:0', grad_fn=<DivBackward0>)
Memory status after this epoch: 
Memory allocated:  39.13134765625
Memory cached:  92.0
	 epoch  40 training error:  tensor(0.1098, device='cuda:0', grad_fn=<DivBackward0>)
Memory status after this epoch: 
Memory allocated:  39.13134765625
Memory cached:  92.0
	 epoch  50 training error:  tensor(0.0942, device='cuda:0', grad_fn=<DivBackward0>)
Memory status after this epoch: 
Memory allocated:  39.13134765625
Memory cached:  92.0
	 epoch  60 training error:  tensor(0.0945, device='cuda:0', grad_fn=<DivBackward0>)
Memory status after this epoch: 
Memory allocated:  39.13134765625
Memory cached:  92.0
	 epoch  70 training error:  tensor(0.0945, device='cuda:0', grad_fn=<DivBackward0>)
Memory status after this epoch: 
Memory allocated:  39.13134765625
Memory cached:  92.0
	 epoch  80 training error:  tensor(0.0942, device='cuda:0', grad_fn=<DivBackward0>)
Memory status after this epoch: 
Memory allocated:  39.13134765625
Memory cached:  92.0
	 epoch  90 training error:  tensor(0.0941, device='cuda:0', grad_fn=<DivBackward0>)
Memory status after this epoch: 
Memory allocated:  39.13134765625
Memory cached:  92.0
[I 2023-12-04 00:13:02,392] Trial 39 finished with value: 0.0968681201338768 and parameters: {'W_layers': 4, 'W_layer_units_exponent_0': 9, 'W_layer_units_exponent_1': 7, 'W_layer_units_exponent_2': 8, 'W_layer_units_exponent_3': 5, 'D_layers': 5, 'D_layer_units_exponent_0': 8, 'D_layer_units_exponent_1': 9, 'D_layer_units_exponent_2': 6, 'D_layer_units_exponent_3': 5, 'D_layer_units_exponent_4': 9, 'log_learning_rate': -3.68043311659991, 'log_learning_rate_D': -2.117862147675525, 'training_batch_size': 12, 'training_p': 2}. Best is trial 20 with value: 0.09674614667892456.
Time for this trial:  13.410725355148315
Memory status after this trial: 
Memory allocated:  59.31689453125
Memory cached:  94.0
--------------------  Trial  40   --------------------
Start timing: 
Parameters: 
{'W_layers': 5, 'W_layer_units_exponent_0': 10, 'W_layer_units_exponent_1': 9, 'W_layer_units_exponent_2': 7, 'W_layer_units_exponent_3': 6, 'W_layer_units_exponent_4': 5, 'D_layers': 5, 'D_layer_units_exponent_0': 7, 'D_layer_units_exponent_1': 6, 'D_layer_units_exponent_2': 8, 'D_layer_units_exponent_3': 6, 'D_layer_units_exponent_4': 5, 'log_learning_rate': -3.2577743808200066, 'log_learning_rate_D': -2.5902727944637607, 'training_batch_size': 11, 'training_p': 8}
	 epoch  0 training error:  tensor(1.0038, device='cuda:0', grad_fn=<DivBackward0>)
Memory status after this epoch: 
Memory allocated:  46.15673828125
Memory cached:  92.0
	 epoch  10 training error:  tensor(0.2381, device='cuda:0', grad_fn=<DivBackward0>)
Memory status after this epoch: 
Memory allocated:  46.15673828125
Memory cached:  92.0
	 epoch  20 training error:  tensor(0.2009, device='cuda:0', grad_fn=<DivBackward0>)
Memory status after this epoch: 
Memory allocated:  46.15673828125
Memory cached:  92.0
	 epoch  30 training error:  tensor(0.1675, device='cuda:0', grad_fn=<DivBackward0>)
Memory status after this epoch: 
Memory allocated:  46.15673828125
Memory cached:  92.0
	 epoch  40 training error:  tensor(0.1574, device='cuda:0', grad_fn=<DivBackward0>)
Memory status after this epoch: 
Memory allocated:  46.15673828125
Memory cached:  92.0
	 epoch  50 training error:  tensor(0.1563, device='cuda:0', grad_fn=<DivBackward0>)
Memory status after this epoch: 
Memory allocated:  46.15673828125
Memory cached:  92.0
	 epoch  60 training error:  tensor(0.1544, device='cuda:0', grad_fn=<DivBackward0>)
Memory status after this epoch: 
Memory allocated:  46.15673828125
Memory cached:  92.0
	 epoch  70 training error:  tensor(0.1542, device='cuda:0', grad_fn=<DivBackward0>)
Memory status after this epoch: 
Memory allocated:  46.15673828125
Memory cached:  92.0
	 epoch  80 training error:  tensor(0.1542, device='cuda:0', grad_fn=<DivBackward0>)
Memory status after this epoch: 
Memory allocated:  46.15673828125
Memory cached:  92.0
	 epoch  90 training error:  tensor(0.1542, device='cuda:0', grad_fn=<DivBackward0>)
Memory status after this epoch: 
Memory allocated:  46.15673828125
Memory cached:  92.0
[I 2023-12-04 00:13:16,640] Trial 40 finished with value: 0.12566450238227844 and parameters: {'W_layers': 5, 'W_layer_units_exponent_0': 10, 'W_layer_units_exponent_1': 9, 'W_layer_units_exponent_2': 7, 'W_layer_units_exponent_3': 6, 'W_layer_units_exponent_4': 5, 'D_layers': 5, 'D_layer_units_exponent_0': 7, 'D_layer_units_exponent_1': 6, 'D_layer_units_exponent_2': 8, 'D_layer_units_exponent_3': 6, 'D_layer_units_exponent_4': 5, 'log_learning_rate': -3.2577743808200066, 'log_learning_rate_D': -2.5902727944637607, 'training_batch_size': 11, 'training_p': 8}. Best is trial 20 with value: 0.09674614667892456.
Time for this trial:  14.07297134399414
Memory status after this trial: 
Memory allocated:  81.67138671875
Memory cached:  94.0
--------------------  Trial  41   --------------------
Start timing: 
Parameters: 
{'W_layers': 7, 'W_layer_units_exponent_0': 7, 'W_layer_units_exponent_1': 6, 'W_layer_units_exponent_2': 7, 'W_layer_units_exponent_3': 5, 'W_layer_units_exponent_4': 7, 'W_layer_units_exponent_5': 9, 'W_layer_units_exponent_6': 8, 'D_layers': 6, 'D_layer_units_exponent_0': 8, 'D_layer_units_exponent_1': 5, 'D_layer_units_exponent_2': 9, 'D_layer_units_exponent_3': 8, 'D_layer_units_exponent_4': 5, 'D_layer_units_exponent_5': 9, 'log_learning_rate': -2.922562903201256, 'log_learning_rate_D': -2.3495287959037388, 'training_batch_size': 10, 'training_p': 2}
	 epoch  0 training error:  tensor(0.9775, device='cuda:0', grad_fn=<DivBackward0>)
Memory status after this epoch: 
Memory allocated:  40.87060546875
Memory cached:  92.0
	 epoch  10 training error:  tensor(0.2335, device='cuda:0', grad_fn=<DivBackward0>)
Memory status after this epoch: 
Memory allocated:  40.87060546875
Memory cached:  94.0
	 epoch  20 training error:  tensor(0.1364, device='cuda:0', grad_fn=<DivBackward0>)
Memory status after this epoch: 
Memory allocated:  40.87060546875
Memory cached:  94.0
	 epoch  30 training error:  tensor(0.1022, device='cuda:0', grad_fn=<DivBackward0>)
Memory status after this epoch: 
Memory allocated:  40.87060546875
Memory cached:  94.0
	 epoch  40 training error:  tensor(0.0943, device='cuda:0', grad_fn=<DivBackward0>)
Memory status after this epoch: 
Memory allocated:  40.87060546875
Memory cached:  94.0
	 epoch  50 training error:  tensor(0.0952, device='cuda:0', grad_fn=<DivBackward0>)
Memory status after this epoch: 
Memory allocated:  40.87060546875
Memory cached:  94.0
	 epoch  60 training error:  tensor(0.0940, device='cuda:0', grad_fn=<DivBackward0>)
Memory status after this epoch: 
Memory allocated:  40.87060546875
Memory cached:  94.0
	 epoch  70 training error:  tensor(0.0942, device='cuda:0', grad_fn=<DivBackward0>)
Memory status after this epoch: 
Memory allocated:  40.87060546875
Memory cached:  94.0
	 epoch  80 training error:  tensor(0.0940, device='cuda:0', grad_fn=<DivBackward0>)
Memory status after this epoch: 
Memory allocated:  40.87060546875
Memory cached:  94.0
	 epoch  90 training error:  tensor(0.0940, device='cuda:0', grad_fn=<DivBackward0>)
Memory status after this epoch: 
Memory allocated:  40.87060546875
Memory cached:  94.0
