[I 2024-01-26 08:13:56,303] Trial 346 finished with value: 0.16750675439834595 and parameters: {'W_layers': 8, 'W_layer_units_exponent_0': 8, 'W_layer_units_exponent_1': 7, 'W_layer_units_exponent_2': 5, 'W_layer_units_exponent_3': 6, 'W_layer_units_exponent_4': 5, 'W_layer_units_exponent_5': 10, 'W_layer_units_exponent_6': 6, 'W_layer_units_exponent_7': 5, 'D_layers': 4, 'D_layer_units_exponent_0': 4, 'D_layer_units_exponent_1': 7, 'D_layer_units_exponent_2': 4, 'D_layer_units_exponent_3': 4, 'D_dagger_layers': 5, 'D_dagger_layer_units_exponent_0': 10, 'D_dagger_layer_units_exponent_1': 7, 'D_dagger_layer_units_exponent_2': 9, 'D_dagger_layer_units_exponent_3': 6, 'D_dagger_layer_units_exponent_4': 4, 'log_learning_rate': -3.704875113749017, 'log_learning_rate_D': -4.953394936467082, 'log_learning_rate_D_dagger': -3.401226812235764, 'training_batch_size': 9, 'training_p': 2}. Best is trial 338 with value: 0.16543452441692352.
Time for this trial:  23.64580988883972
Memory status after this trial: 
Memory allocated:  860.80322265625
Memory cached:  872.0
--------------------  Trial  347   --------------------
Start timing: 
Parameters: 
{'W_layers': 7, 'W_layer_units_exponent_0': 8, 'W_layer_units_exponent_1': 7, 'W_layer_units_exponent_2': 5, 'W_layer_units_exponent_3': 6, 'W_layer_units_exponent_4': 5, 'W_layer_units_exponent_5': 9, 'W_layer_units_exponent_6': 5, 'D_layers': 4, 'D_layer_units_exponent_0': 4, 'D_layer_units_exponent_1': 7, 'D_layer_units_exponent_2': 4, 'D_layer_units_exponent_3': 4, 'D_dagger_layers': 5, 'D_dagger_layer_units_exponent_0': 10, 'D_dagger_layer_units_exponent_1': 7, 'D_dagger_layer_units_exponent_2': 9, 'D_dagger_layer_units_exponent_3': 6, 'D_dagger_layer_units_exponent_4': 4, 'log_learning_rate': -3.8242911835861806, 'log_learning_rate_D': -4.666204789243198, 'log_learning_rate_D_dagger': -1.5038655596361963, 'training_batch_size': 9, 'training_p': 2}
	 epoch  0 training error:  tensor(0.9617, device='cuda:0', grad_fn=<DivBackward0>)
Memory status after this epoch: 
Memory allocated:  494.8095703125
Memory cached:  696.0
	 epoch  10 training error:  tensor(0.9771, device='cuda:0', grad_fn=<DivBackward0>)
Memory status after this epoch: 
Memory allocated:  494.8095703125
Memory cached:  696.0
	 epoch  20 training error:  tensor(0.8243, device='cuda:0', grad_fn=<DivBackward0>)
Memory status after this epoch: 
Memory allocated:  494.8095703125
Memory cached:  696.0
	 epoch  30 training error:  tensor(0.6554, device='cuda:0', grad_fn=<DivBackward0>)
Memory status after this epoch: 
Memory allocated:  494.8095703125
Memory cached:  696.0
	 epoch  40 training error:  tensor(0.6318, device='cuda:0', grad_fn=<DivBackward0>)
Memory status after this epoch: 
Memory allocated:  494.8095703125
Memory cached:  696.0
	 epoch  50 training error:  tensor(0.6318, device='cuda:0', grad_fn=<DivBackward0>)
Memory status after this epoch: 
Memory allocated:  494.8095703125
Memory cached:  696.0
	 epoch  60 training error:  tensor(0.6291, device='cuda:0', grad_fn=<DivBackward0>)
Memory status after this epoch: 
Memory allocated:  494.8095703125
Memory cached:  696.0
	 epoch  70 training error:  tensor(0.6274, device='cuda:0', grad_fn=<DivBackward0>)
Memory status after this epoch: 
Memory allocated:  494.8095703125
Memory cached:  696.0
	 epoch  80 training error:  tensor(0.6270, device='cuda:0', grad_fn=<DivBackward0>)
Memory status after this epoch: 
Memory allocated:  494.8095703125
Memory cached:  696.0
	 epoch  90 training error:  tensor(0.6270, device='cuda:0', grad_fn=<DivBackward0>)
Memory status after this epoch: 
Memory allocated:  494.8095703125
Memory cached:  696.0
[I 2024-01-26 08:14:19,800] Trial 347 finished with value: 0.5563411116600037 and parameters: {'W_layers': 7, 'W_layer_units_exponent_0': 8, 'W_layer_units_exponent_1': 7, 'W_layer_units_exponent_2': 5, 'W_layer_units_exponent_3': 6, 'W_layer_units_exponent_4': 5, 'W_layer_units_exponent_5': 9, 'W_layer_units_exponent_6': 5, 'D_layers': 4, 'D_layer_units_exponent_0': 4, 'D_layer_units_exponent_1': 7, 'D_layer_units_exponent_2': 4, 'D_layer_units_exponent_3': 4, 'D_dagger_layers': 5, 'D_dagger_layer_units_exponent_0': 10, 'D_dagger_layer_units_exponent_1': 7, 'D_dagger_layer_units_exponent_2': 9, 'D_dagger_layer_units_exponent_3': 6, 'D_dagger_layer_units_exponent_4': 4, 'log_learning_rate': -3.8242911835861806, 'log_learning_rate_D': -4.666204789243198, 'log_learning_rate_D_dagger': -1.5038655596361963, 'training_batch_size': 9, 'training_p': 2}. Best is trial 338 with value: 0.16543452441692352.
Time for this trial:  22.96696901321411
Memory status after this trial: 
Memory allocated:  797.54052734375
Memory cached:  812.0
--------------------  Trial  348   --------------------
Start timing: 
Parameters: 
{'W_layers': 7, 'W_layer_units_exponent_0': 8, 'W_layer_units_exponent_1': 7, 'W_layer_units_exponent_2': 5, 'W_layer_units_exponent_3': 6, 'W_layer_units_exponent_4': 5, 'W_layer_units_exponent_5': 9, 'W_layer_units_exponent_6': 7, 'D_layers': 4, 'D_layer_units_exponent_0': 4, 'D_layer_units_exponent_1': 7, 'D_layer_units_exponent_2': 4, 'D_layer_units_exponent_3': 4, 'D_dagger_layers': 5, 'D_dagger_layer_units_exponent_0': 10, 'D_dagger_layer_units_exponent_1': 7, 'D_dagger_layer_units_exponent_2': 9, 'D_dagger_layer_units_exponent_3': 6, 'D_dagger_layer_units_exponent_4': 4, 'log_learning_rate': -3.929123846940732, 'log_learning_rate_D': -4.827849249437947, 'log_learning_rate_D_dagger': -3.5335441574539015, 'training_batch_size': 9, 'training_p': 2}
	 epoch  0 training error:  tensor(1.0247, device='cuda:0', grad_fn=<DivBackward0>)
Memory status after this epoch: 
Memory allocated:  495.5595703125
Memory cached:  696.0
	 epoch  10 training error:  tensor(0.2911, device='cuda:0', grad_fn=<DivBackward0>)
Memory status after this epoch: 
Memory allocated:  495.5595703125
Memory cached:  696.0
	 epoch  20 training error:  tensor(0.2557, device='cuda:0', grad_fn=<DivBackward0>)
Memory status after this epoch: 
Memory allocated:  495.5595703125
Memory cached:  696.0
	 epoch  30 training error:  tensor(0.2349, device='cuda:0', grad_fn=<DivBackward0>)
Memory status after this epoch: 
Memory allocated:  495.5595703125
Memory cached:  696.0
	 epoch  40 training error:  tensor(0.2163, device='cuda:0', grad_fn=<DivBackward0>)
Memory status after this epoch: 
Memory allocated:  495.5595703125
Memory cached:  696.0
	 epoch  50 training error:  tensor(0.1988, device='cuda:0', grad_fn=<DivBackward0>)
Memory status after this epoch: 
Memory allocated:  495.5595703125
Memory cached:  696.0
	 epoch  60 training error:  tensor(0.1918, device='cuda:0', grad_fn=<DivBackward0>)
Memory status after this epoch: 
Memory allocated:  495.5595703125
Memory cached:  696.0
	 epoch  70 training error:  tensor(0.1878, device='cuda:0', grad_fn=<DivBackward0>)
Memory status after this epoch: 
Memory allocated:  495.5595703125
Memory cached:  696.0
	 epoch  80 training error:  tensor(0.1867, device='cuda:0', grad_fn=<DivBackward0>)
Memory status after this epoch: 
Memory allocated:  495.5595703125
Memory cached:  696.0
	 epoch  90 training error:  tensor(0.1866, device='cuda:0', grad_fn=<DivBackward0>)
Memory status after this epoch: 
Memory allocated:  495.5595703125
Memory cached:  696.0
[I 2024-01-26 08:14:43,635] Trial 348 finished with value: 0.16629479825496674 and parameters: {'W_layers': 7, 'W_layer_units_exponent_0': 8, 'W_layer_units_exponent_1': 7, 'W_layer_units_exponent_2': 5, 'W_layer_units_exponent_3': 6, 'W_layer_units_exponent_4': 5, 'W_layer_units_exponent_5': 9, 'W_layer_units_exponent_6': 7, 'D_layers': 4, 'D_layer_units_exponent_0': 4, 'D_layer_units_exponent_1': 7, 'D_layer_units_exponent_2': 4, 'D_layer_units_exponent_3': 4, 'D_dagger_layers': 5, 'D_dagger_layer_units_exponent_0': 10, 'D_dagger_layer_units_exponent_1': 7, 'D_dagger_layer_units_exponent_2': 9, 'D_dagger_layer_units_exponent_3': 6, 'D_dagger_layer_units_exponent_4': 4, 'log_learning_rate': -3.929123846940732, 'log_learning_rate_D': -4.827849249437947, 'log_learning_rate_D_dagger': -3.5335441574539015, 'training_batch_size': 9, 'training_p': 2}. Best is trial 338 with value: 0.16543452441692352.
Time for this trial:  23.23468804359436
Memory status after this trial: 
Memory allocated:  806.70458984375
Memory cached:  830.0
--------------------  Trial  349   --------------------
Start timing: 
Parameters: 
{'W_layers': 7, 'W_layer_units_exponent_0': 8, 'W_layer_units_exponent_1': 7, 'W_layer_units_exponent_2': 5, 'W_layer_units_exponent_3': 6, 'W_layer_units_exponent_4': 5, 'W_layer_units_exponent_5': 9, 'W_layer_units_exponent_6': 6, 'D_layers': 4, 'D_layer_units_exponent_0': 4, 'D_layer_units_exponent_1': 7, 'D_layer_units_exponent_2': 4, 'D_layer_units_exponent_3': 4, 'D_dagger_layers': 5, 'D_dagger_layer_units_exponent_0': 10, 'D_dagger_layer_units_exponent_1': 7, 'D_dagger_layer_units_exponent_2': 9, 'D_dagger_layer_units_exponent_3': 6, 'D_dagger_layer_units_exponent_4': 4, 'log_learning_rate': -3.895889944555148, 'log_learning_rate_D': -4.827522453691439, 'log_learning_rate_D_dagger': -3.5767426545331578, 'training_batch_size': 9, 'training_p': 2}
	 epoch  0 training error:  tensor(1.0370, device='cuda:0', grad_fn=<DivBackward0>)
Memory status after this epoch: 
Memory allocated:  495.0595703125
Memory cached:  696.0
	 epoch  10 training error:  tensor(0.3470, device='cuda:0', grad_fn=<DivBackward0>)
Memory status after this epoch: 
Memory allocated:  495.0595703125
Memory cached:  696.0
	 epoch  20 training error:  tensor(0.2698, device='cuda:0', grad_fn=<DivBackward0>)
Memory status after this epoch: 
Memory allocated:  495.0595703125
Memory cached:  696.0
	 epoch  30 training error:  tensor(0.2257, device='cuda:0', grad_fn=<DivBackward0>)
Memory status after this epoch: 
Memory allocated:  495.0595703125
Memory cached:  696.0
	 epoch  40 training error:  tensor(0.2119, device='cuda:0', grad_fn=<DivBackward0>)
Memory status after this epoch: 
Memory allocated:  495.0595703125
Memory cached:  696.0
	 epoch  50 training error:  tensor(0.1940, device='cuda:0', grad_fn=<DivBackward0>)
Memory status after this epoch: 
Memory allocated:  495.0595703125
Memory cached:  696.0
	 epoch  60 training error:  tensor(0.1908, device='cuda:0', grad_fn=<DivBackward0>)
Memory status after this epoch: 
Memory allocated:  495.0595703125
Memory cached:  696.0
	 epoch  70 training error:  tensor(0.1876, device='cuda:0', grad_fn=<DivBackward0>)
Memory status after this epoch: 
Memory allocated:  495.0595703125
Memory cached:  696.0
	 epoch  80 training error:  tensor(0.1870, device='cuda:0', grad_fn=<DivBackward0>)
Memory status after this epoch: 
Memory allocated:  495.0595703125
Memory cached:  696.0
	 epoch  90 training error:  tensor(0.1865, device='cuda:0', grad_fn=<DivBackward0>)
Memory status after this epoch: 
Memory allocated:  495.0595703125
Memory cached:  696.0
[I 2024-01-26 08:15:07,314] Trial 349 finished with value: 0.1656644642353058 and parameters: {'W_layers': 7, 'W_layer_units_exponent_0': 8, 'W_layer_units_exponent_1': 7, 'W_layer_units_exponent_2': 5, 'W_layer_units_exponent_3': 6, 'W_layer_units_exponent_4': 5, 'W_layer_units_exponent_5': 9, 'W_layer_units_exponent_6': 6, 'D_layers': 4, 'D_layer_units_exponent_0': 4, 'D_layer_units_exponent_1': 7, 'D_layer_units_exponent_2': 4, 'D_layer_units_exponent_3': 4, 'D_dagger_layers': 5, 'D_dagger_layer_units_exponent_0': 10, 'D_dagger_layer_units_exponent_1': 7, 'D_dagger_layer_units_exponent_2': 9, 'D_dagger_layer_units_exponent_3': 6, 'D_dagger_layer_units_exponent_4': 4, 'log_learning_rate': -3.895889944555148, 'log_learning_rate_D': -4.827522453691439, 'log_learning_rate_D_dagger': -3.5767426545331578, 'training_batch_size': 9, 'training_p': 2}. Best is trial 338 with value: 0.16543452441692352.
Time for this trial:  23.15860152244568
Memory status after this trial: 
Memory allocated:  800.59521484375
Memory cached:  816.0
--------------------  Trial  350   --------------------
Start timing: 
Parameters: 
{'W_layers': 7, 'W_layer_units_exponent_0': 8, 'W_layer_units_exponent_1': 7, 'W_layer_units_exponent_2': 5, 'W_layer_units_exponent_3': 6, 'W_layer_units_exponent_4': 5, 'W_layer_units_exponent_5': 9, 'W_layer_units_exponent_6': 6, 'D_layers': 4, 'D_layer_units_exponent_0': 4, 'D_layer_units_exponent_1': 7, 'D_layer_units_exponent_2': 4, 'D_layer_units_exponent_3': 4, 'D_dagger_layers': 5, 'D_dagger_layer_units_exponent_0': 10, 'D_dagger_layer_units_exponent_1': 7, 'D_dagger_layer_units_exponent_2': 9, 'D_dagger_layer_units_exponent_3': 6, 'D_dagger_layer_units_exponent_4': 4, 'log_learning_rate': -3.905744323266157, 'log_learning_rate_D': -4.832674070196897, 'log_learning_rate_D_dagger': -2.5895508276143144, 'training_batch_size': 9, 'training_p': 2}
	 epoch  0 training error:  tensor(0.9902, device='cuda:0', grad_fn=<DivBackward0>)
Memory status after this epoch: 
Memory allocated:  495.0595703125
Memory cached:  696.0
	 epoch  10 training error:  tensor(0.2568, device='cuda:0', grad_fn=<DivBackward0>)
Memory status after this epoch: 
Memory allocated:  495.0595703125
Memory cached:  696.0
	 epoch  20 training error:  tensor(0.2112, device='cuda:0', grad_fn=<DivBackward0>)
Memory status after this epoch: 
Memory allocated:  495.0595703125
Memory cached:  696.0
	 epoch  30 training error:  tensor(0.2063, device='cuda:0', grad_fn=<DivBackward0>)
Memory status after this epoch: 
Memory allocated:  495.0595703125
Memory cached:  696.0
	 epoch  40 training error:  tensor(0.1895, device='cuda:0', grad_fn=<DivBackward0>)
Memory status after this epoch: 
Memory allocated:  495.0595703125
Memory cached:  696.0
	 epoch  50 training error:  tensor(0.1868, device='cuda:0', grad_fn=<DivBackward0>)
Memory status after this epoch: 
Memory allocated:  495.0595703125
Memory cached:  696.0
	 epoch  60 training error:  tensor(0.2156, device='cuda:0', grad_fn=<DivBackward0>)
Memory status after this epoch: 
Memory allocated:  495.0595703125
Memory cached:  696.0
	 epoch  70 training error:  tensor(0.2058, device='cuda:0', grad_fn=<DivBackward0>)
Memory status after this epoch: 
Memory allocated:  495.0595703125
Memory cached:  696.0
	 epoch  80 training error:  tensor(0.1978, device='cuda:0', grad_fn=<DivBackward0>)
Memory status after this epoch: 
Memory allocated:  495.0595703125
Memory cached:  696.0
	 epoch  90 training error:  tensor(0.1993, device='cuda:0', grad_fn=<DivBackward0>)
Memory status after this epoch: 
Memory allocated:  495.0595703125
Memory cached:  696.0
[I 2024-01-26 08:15:30,656] Trial 350 finished with value: 0.17481286823749542 and parameters: {'W_layers': 7, 'W_layer_units_exponent_0': 8, 'W_layer_units_exponent_1': 7, 'W_layer_units_exponent_2': 5, 'W_layer_units_exponent_3': 6, 'W_layer_units_exponent_4': 5, 'W_layer_units_exponent_5': 9, 'W_layer_units_exponent_6': 6, 'D_layers': 4, 'D_layer_units_exponent_0': 4, 'D_layer_units_exponent_1': 7, 'D_layer_units_exponent_2': 4, 'D_layer_units_exponent_3': 4, 'D_dagger_layers': 5, 'D_dagger_layer_units_exponent_0': 10, 'D_dagger_layer_units_exponent_1': 7, 'D_dagger_layer_units_exponent_2': 9, 'D_dagger_layer_units_exponent_3': 6, 'D_dagger_layer_units_exponent_4': 4, 'log_learning_rate': -3.905744323266157, 'log_learning_rate_D': -4.832674070196897, 'log_learning_rate_D_dagger': -2.5895508276143144, 'training_batch_size': 9, 'training_p': 2}. Best is trial 338 with value: 0.16543452441692352.
Time for this trial:  22.796752214431763
Memory status after this trial: 
Memory allocated:  800.59521484375
Memory cached:  816.0
--------------------  Trial  351   --------------------
Start timing: 
Parameters: 
{'W_layers': 7, 'W_layer_units_exponent_0': 8, 'W_layer_units_exponent_1': 7, 'W_layer_units_exponent_2': 5, 'W_layer_units_exponent_3': 6, 'W_layer_units_exponent_4': 10, 'W_layer_units_exponent_5': 9, 'W_layer_units_exponent_6': 5, 'D_layers': 4, 'D_layer_units_exponent_0': 4, 'D_layer_units_exponent_1': 7, 'D_layer_units_exponent_2': 4, 'D_layer_units_exponent_3': 4, 'D_dagger_layers': 5, 'D_dagger_layer_units_exponent_0': 10, 'D_dagger_layer_units_exponent_1': 7, 'D_dagger_layer_units_exponent_2': 9, 'D_dagger_layer_units_exponent_3': 6, 'D_dagger_layer_units_exponent_4': 4, 'log_learning_rate': -3.905230034066989, 'log_learning_rate_D': -4.903547684008339, 'log_learning_rate_D_dagger': -3.5704389583493823, 'training_batch_size': 9, 'training_p': 2}
	 epoch  0 training error:  tensor(1.0051, device='cuda:0', grad_fn=<DivBackward0>)
Memory status after this epoch: 
Memory allocated:  504.2919921875
Memory cached:  696.0
	 epoch  10 training error:  tensor(0.3234, device='cuda:0', grad_fn=<DivBackward0>)
Memory status after this epoch: 
Memory allocated:  504.2919921875
Memory cached:  696.0
	 epoch  20 training error:  tensor(0.2464, device='cuda:0', grad_fn=<DivBackward0>)
Memory status after this epoch: 
Memory allocated:  504.2919921875
Memory cached:  696.0
	 epoch  30 training error:  tensor(0.2286, device='cuda:0', grad_fn=<DivBackward0>)
Memory status after this epoch: 
Memory allocated:  504.2919921875
Memory cached:  696.0
	 epoch  40 training error:  tensor(0.2050, device='cuda:0', grad_fn=<DivBackward0>)
Memory status after this epoch: 
Memory allocated:  504.2919921875
Memory cached:  696.0
	 epoch  50 training error:  tensor(0.1957, device='cuda:0', grad_fn=<DivBackward0>)
Memory status after this epoch: 
Memory allocated:  504.2919921875
Memory cached:  696.0
	 epoch  60 training error:  tensor(0.1887, device='cuda:0', grad_fn=<DivBackward0>)
Memory status after this epoch: 
Memory allocated:  504.2919921875
Memory cached:  696.0
	 epoch  70 training error:  tensor(0.1906, device='cuda:0', grad_fn=<DivBackward0>)
Memory status after this epoch: 
Memory allocated:  504.2919921875
Memory cached:  696.0
	 epoch  80 training error:  tensor(0.1878, device='cuda:0', grad_fn=<DivBackward0>)
Memory status after this epoch: 
Memory allocated:  504.2919921875
Memory cached:  696.0
	 epoch  90 training error:  tensor(0.1855, device='cuda:0', grad_fn=<DivBackward0>)
Memory status after this epoch: 
Memory allocated:  504.2919921875
Memory cached:  696.0
[I 2024-01-26 08:15:55,788] Trial 351 finished with value: 0.16659846901893616 and parameters: {'W_layers': 7, 'W_layer_units_exponent_0': 8, 'W_layer_units_exponent_1': 7, 'W_layer_units_exponent_2': 5, 'W_layer_units_exponent_3': 6, 'W_layer_units_exponent_4': 10, 'W_layer_units_exponent_5': 9, 'W_layer_units_exponent_6': 5, 'D_layers': 4, 'D_layer_units_exponent_0': 4, 'D_layer_units_exponent_1': 7, 'D_layer_units_exponent_2': 4, 'D_layer_units_exponent_3': 4, 'D_dagger_layers': 5, 'D_dagger_layer_units_exponent_0': 10, 'D_dagger_layer_units_exponent_1': 7, 'D_dagger_layer_units_exponent_2': 9, 'D_dagger_layer_units_exponent_3': 6, 'D_dagger_layer_units_exponent_4': 4, 'log_learning_rate': -3.905230034066989, 'log_learning_rate_D': -4.903547684008339, 'log_learning_rate_D_dagger': -3.5704389583493823, 'training_batch_size': 9, 'training_p': 2}. Best is trial 338 with value: 0.16543452441692352.
Time for this trial:  24.687906503677368
Memory status after this trial: 
Memory allocated:  910.06689453125
Memory cached:  934.0
--------------------  Trial  352   --------------------
Start timing: 
Parameters: 
{'W_layers': 7, 'W_layer_units_exponent_0': 8, 'W_layer_units_exponent_1': 7, 'W_layer_units_exponent_2': 5, 'W_layer_units_exponent_3': 6, 'W_layer_units_exponent_4': 5, 'W_layer_units_exponent_5': 9, 'W_layer_units_exponent_6': 5, 'D_layers': 4, 'D_layer_units_exponent_0': 4, 'D_layer_units_exponent_1': 7, 'D_layer_units_exponent_2': 4, 'D_layer_units_exponent_3': 4, 'D_dagger_layers': 5, 'D_dagger_layer_units_exponent_0': 10, 'D_dagger_layer_units_exponent_1': 7, 'D_dagger_layer_units_exponent_2': 9, 'D_dagger_layer_units_exponent_3': 6, 'D_dagger_layer_units_exponent_4': 4, 'log_learning_rate': -3.909431024135797, 'log_learning_rate_D': -4.918597965695021, 'log_learning_rate_D_dagger': -3.588888290093274, 'training_batch_size': 9, 'training_p': 2}
	 epoch  0 training error:  tensor(0.9905, device='cuda:0', grad_fn=<DivBackward0>)
Memory status after this epoch: 
Memory allocated:  494.8095703125
Memory cached:  696.0
	 epoch  10 training error:  tensor(0.3252, device='cuda:0', grad_fn=<DivBackward0>)
Memory status after this epoch: 
Memory allocated:  494.8095703125
Memory cached:  696.0
	 epoch  20 training error:  tensor(0.2701, device='cuda:0', grad_fn=<DivBackward0>)
Memory status after this epoch: 
Memory allocated:  494.8095703125
Memory cached:  696.0
	 epoch  30 training error:  tensor(0.2263, device='cuda:0', grad_fn=<DivBackward0>)
Memory status after this epoch: 
Memory allocated:  494.8095703125
Memory cached:  696.0
	 epoch  40 training error:  tensor(0.2110, device='cuda:0', grad_fn=<DivBackward0>)
Memory status after this epoch: 
Memory allocated:  494.8095703125
Memory cached:  696.0
	 epoch  50 training error:  tensor(0.1925, device='cuda:0', grad_fn=<DivBackward0>)
Memory status after this epoch: 
Memory allocated:  494.8095703125
Memory cached:  696.0
	 epoch  60 training error:  tensor(0.1889, device='cuda:0', grad_fn=<DivBackward0>)
Memory status after this epoch: 
Memory allocated:  494.8095703125
Memory cached:  696.0
	 epoch  70 training error:  tensor(0.1867, device='cuda:0', grad_fn=<DivBackward0>)
Memory status after this epoch: 
Memory allocated:  494.8095703125
Memory cached:  696.0
	 epoch  80 training error:  tensor(0.1860, device='cuda:0', grad_fn=<DivBackward0>)
Memory status after this epoch: 
Memory allocated:  494.8095703125
Memory cached:  696.0
	 epoch  90 training error:  tensor(0.1865, device='cuda:0', grad_fn=<DivBackward0>)
Memory status after this epoch: 
Memory allocated:  494.8095703125
Memory cached:  696.0
