[I 2023-12-04 01:19:10,457] Trial 48 finished with value: 0.07422485202550888 and parameters: {'W_layers': 7, 'W_layer_units_exponent_0': 7, 'W_layer_units_exponent_1': 5, 'W_layer_units_exponent_2': 8, 'W_layer_units_exponent_3': 6, 'W_layer_units_exponent_4': 6, 'W_layer_units_exponent_5': 4, 'W_layer_units_exponent_6': 10, 'D_layers': 5, 'D_layer_units_exponent_0': 7, 'D_layer_units_exponent_1': 4, 'D_layer_units_exponent_2': 5, 'D_layer_units_exponent_3': 6, 'D_layer_units_exponent_4': 6, 'log_learning_rate': -3.2336528219201908, 'log_learning_rate_D': -3.4342899575202788, 'training_batch_size': 7, 'training_p': 3}. Best is trial 21 with value: 0.010489757172763348.
Time for this trial:  48.64277744293213
Memory status after this trial: 
Memory allocated:  160.71435546875
Memory cached:  190.0
--------------------  Trial  49   --------------------
Start timing: 
Parameters: 
{'W_layers': 4, 'W_layer_units_exponent_0': 5, 'W_layer_units_exponent_1': 9, 'W_layer_units_exponent_2': 6, 'W_layer_units_exponent_3': 8, 'D_layers': 7, 'D_layer_units_exponent_0': 5, 'D_layer_units_exponent_1': 9, 'D_layer_units_exponent_2': 9, 'D_layer_units_exponent_3': 5, 'D_layer_units_exponent_4': 7, 'D_layer_units_exponent_5': 8, 'D_layer_units_exponent_6': 10, 'log_learning_rate': -2.849727554313486, 'log_learning_rate_D': -2.6408128324420943, 'training_batch_size': 10, 'training_p': 5}
	 epoch  0 training error:  tensor(1.0091, device='cuda:0', grad_fn=<DivBackward0>)
Memory status after this epoch: 
Memory allocated:  127.0390625
Memory cached:  188.0
	 epoch  10 training error:  tensor(0.2302, device='cuda:0', grad_fn=<DivBackward0>)
Memory status after this epoch: 
Memory allocated:  127.0390625
Memory cached:  190.0
	 epoch  20 training error:  tensor(0.1906, device='cuda:0', grad_fn=<DivBackward0>)
Memory status after this epoch: 
Memory allocated:  127.0390625
Memory cached:  190.0
	 epoch  30 training error:  tensor(0.1344, device='cuda:0', grad_fn=<DivBackward0>)
Memory status after this epoch: 
Memory allocated:  127.0390625
Memory cached:  190.0
	 epoch  40 training error:  tensor(0.0876, device='cuda:0', grad_fn=<DivBackward0>)
Memory status after this epoch: 
Memory allocated:  127.0390625
Memory cached:  190.0
	 epoch  50 training error:  tensor(0.0572, device='cuda:0', grad_fn=<DivBackward0>)
Memory status after this epoch: 
Memory allocated:  127.0390625
Memory cached:  190.0
	 epoch  60 training error:  tensor(0.0463, device='cuda:0', grad_fn=<DivBackward0>)
Memory status after this epoch: 
Memory allocated:  127.0390625
Memory cached:  190.0
	 epoch  70 training error:  tensor(0.0315, device='cuda:0', grad_fn=<DivBackward0>)
Memory status after this epoch: 
Memory allocated:  127.0390625
Memory cached:  190.0
	 epoch  80 training error:  tensor(0.0840, device='cuda:0', grad_fn=<DivBackward0>)
Memory status after this epoch: 
Memory allocated:  127.0390625
Memory cached:  190.0
	 epoch  90 training error:  tensor(0.0307, device='cuda:0', grad_fn=<DivBackward0>)
Memory status after this epoch: 
Memory allocated:  127.0390625
Memory cached:  190.0
[I 2023-12-04 01:20:00,073] Trial 49 finished with value: 0.01700778491795063 and parameters: {'W_layers': 4, 'W_layer_units_exponent_0': 5, 'W_layer_units_exponent_1': 9, 'W_layer_units_exponent_2': 6, 'W_layer_units_exponent_3': 8, 'D_layers': 7, 'D_layer_units_exponent_0': 5, 'D_layer_units_exponent_1': 9, 'D_layer_units_exponent_2': 9, 'D_layer_units_exponent_3': 5, 'D_layer_units_exponent_4': 7, 'D_layer_units_exponent_5': 8, 'D_layer_units_exponent_6': 10, 'log_learning_rate': -2.849727554313486, 'log_learning_rate_D': -2.6408128324420943, 'training_batch_size': 10, 'training_p': 5}. Best is trial 21 with value: 0.010489757172763348.
[I 2023-12-04 01:20:00,096] A new study created in memory with name: no-name-b37e5946-5d5f-476f-b4f4-e8215abf1bf0
Time for this trial:  49.4384241104126
Memory status after this trial: 
Memory allocated:  198.36474609375
Memory cached:  230.0
--------------------  Trial  0   --------------------
Start timing: 
Parameters: 
{'W_layers': 5, 'W_layer_units_exponent_0': 9, 'W_layer_units_exponent_1': 4, 'W_layer_units_exponent_2': 7, 'W_layer_units_exponent_3': 9, 'W_layer_units_exponent_4': 10, 'D_layers': 5, 'D_layer_units_exponent_0': 10, 'D_layer_units_exponent_1': 8, 'D_layer_units_exponent_2': 5, 'D_layer_units_exponent_3': 6, 'D_layer_units_exponent_4': 4, 'log_learning_rate': -4.095924546862624, 'log_learning_rate_D': -3.430309268052161, 'training_batch_size': 6, 'training_p': 6}
	 epoch  0 training error:  tensor(0.9954, device='cuda:0', grad_fn=<DivBackward0>)
Memory status after this epoch: 
Memory allocated:  13.6513671875
Memory cached:  32.0
	 epoch  10 training error:  tensor(0.3508, device='cuda:0', grad_fn=<DivBackward0>)
Memory status after this epoch: 
Memory allocated:  13.6513671875
Memory cached:  32.0
	 epoch  20 training error:  tensor(0.2181, device='cuda:0', grad_fn=<DivBackward0>)
Memory status after this epoch: 
Memory allocated:  13.6513671875
Memory cached:  30.0
	 epoch  30 training error:  tensor(0.1975, device='cuda:0', grad_fn=<DivBackward0>)
Memory status after this epoch: 
Memory allocated:  13.6513671875
Memory cached:  32.0
	 epoch  40 training error:  tensor(0.1816, device='cuda:0', grad_fn=<DivBackward0>)
Memory status after this epoch: 
Memory allocated:  13.6513671875
Memory cached:  30.0
	 epoch  50 training error:  tensor(0.1582, device='cuda:0', grad_fn=<DivBackward0>)
Memory status after this epoch: 
Memory allocated:  13.6513671875
Memory cached:  32.0
	 epoch  60 training error:  tensor(0.1126, device='cuda:0', grad_fn=<DivBackward0>)
Memory status after this epoch: 
Memory allocated:  13.6513671875
Memory cached:  30.0
	 epoch  70 training error:  tensor(0.0737, device='cuda:0', grad_fn=<DivBackward0>)
Memory status after this epoch: 
Memory allocated:  13.6513671875
Memory cached:  32.0
	 epoch  80 training error:  tensor(0.0558, device='cuda:0', grad_fn=<DivBackward0>)
Memory status after this epoch: 
Memory allocated:  13.6513671875
Memory cached:  30.0
	 epoch  90 training error:  tensor(0.0505, device='cuda:0', grad_fn=<DivBackward0>)
Memory status after this epoch: 
Memory allocated:  13.6513671875
Memory cached:  32.0
[I 2023-12-04 01:21:13,660] Trial 0 finished with value: 0.027389800176024437 and parameters: {'W_layers': 5, 'W_layer_units_exponent_0': 9, 'W_layer_units_exponent_1': 4, 'W_layer_units_exponent_2': 7, 'W_layer_units_exponent_3': 9, 'W_layer_units_exponent_4': 10, 'D_layers': 5, 'D_layer_units_exponent_0': 10, 'D_layer_units_exponent_1': 8, 'D_layer_units_exponent_2': 5, 'D_layer_units_exponent_3': 6, 'D_layer_units_exponent_4': 4, 'log_learning_rate': -4.095924546862624, 'log_learning_rate_D': -3.430309268052161, 'training_batch_size': 6, 'training_p': 6}. Best is trial 0 with value: 0.027389800176024437.
res:  tensor(0.0274, device='cuda:0', grad_fn=<DivBackward0>)
self.bestValue:  10000000.0
Save this model!
Time for this trial:  73.46207046508789
Memory status after this trial: 
Memory allocated:  88.85205078125
Memory cached:  108.0
--------------------  Trial  1   --------------------
Start timing: 
Parameters: 
{'W_layers': 2, 'W_layer_units_exponent_0': 10, 'W_layer_units_exponent_1': 8, 'D_layers': 7, 'D_layer_units_exponent_0': 4, 'D_layer_units_exponent_1': 10, 'D_layer_units_exponent_2': 7, 'D_layer_units_exponent_3': 7, 'D_layer_units_exponent_4': 7, 'D_layer_units_exponent_5': 10, 'D_layer_units_exponent_6': 9, 'log_learning_rate': -1.4353401854029602, 'log_learning_rate_D': -4.589498170716842, 'training_batch_size': 11, 'training_p': 7}
	 epoch  0 training error:  tensor(0.9820, device='cuda:0', grad_fn=<DivBackward0>)
Memory status after this epoch: 
Memory allocated:  105.9296875
Memory cached:  116.0
	 epoch  10 training error:  tensor(0.3198, device='cuda:0', grad_fn=<DivBackward0>)
Memory status after this epoch: 
Memory allocated:  105.9296875
Memory cached:  118.0
	 epoch  20 training error:  tensor(0.8735, device='cuda:0', grad_fn=<DivBackward0>)
Memory status after this epoch: 
Memory allocated:  105.9296875
Memory cached:  118.0
	 epoch  30 training error:  tensor(0.2467, device='cuda:0', grad_fn=<DivBackward0>)
Memory status after this epoch: 
Memory allocated:  105.9296875
Memory cached:  118.0
	 epoch  40 training error:  tensor(0.1809, device='cuda:0', grad_fn=<DivBackward0>)
Memory status after this epoch: 
Memory allocated:  105.9296875
Memory cached:  118.0
	 epoch  50 training error:  tensor(0.1607, device='cuda:0', grad_fn=<DivBackward0>)
Memory status after this epoch: 
Memory allocated:  105.9296875
Memory cached:  118.0
	 epoch  60 training error:  tensor(0.3602, device='cuda:0', grad_fn=<DivBackward0>)
Memory status after this epoch: 
Memory allocated:  105.9296875
Memory cached:  118.0
	 epoch  70 training error:  tensor(0.1900, device='cuda:0', grad_fn=<DivBackward0>)
Memory status after this epoch: 
Memory allocated:  105.9296875
Memory cached:  118.0
	 epoch  80 training error:  tensor(0.3489, device='cuda:0', grad_fn=<DivBackward0>)
Memory status after this epoch: 
Memory allocated:  105.9296875
Memory cached:  118.0
	 epoch  90 training error:  tensor(0.3232, device='cuda:0', grad_fn=<DivBackward0>)
Memory status after this epoch: 
Memory allocated:  105.9296875
Memory cached:  118.0
[I 2023-12-04 01:22:00,177] Trial 1 finished with value: 0.6612984538078308 and parameters: {'W_layers': 2, 'W_layer_units_exponent_0': 10, 'W_layer_units_exponent_1': 8, 'D_layers': 7, 'D_layer_units_exponent_0': 4, 'D_layer_units_exponent_1': 10, 'D_layer_units_exponent_2': 7, 'D_layer_units_exponent_3': 7, 'D_layer_units_exponent_4': 7, 'D_layer_units_exponent_5': 10, 'D_layer_units_exponent_6': 9, 'log_learning_rate': -1.4353401854029602, 'log_learning_rate_D': -4.589498170716842, 'training_batch_size': 11, 'training_p': 7}. Best is trial 0 with value: 0.027389800176024437.
Time for this trial:  46.42004990577698
Memory status after this trial: 
Memory allocated:  193.9873046875
Memory cached:  212.0
--------------------  Trial  2   --------------------
Start timing: 
Parameters: 
{'W_layers': 7, 'W_layer_units_exponent_0': 5, 'W_layer_units_exponent_1': 5, 'W_layer_units_exponent_2': 6, 'W_layer_units_exponent_3': 6, 'W_layer_units_exponent_4': 5, 'W_layer_units_exponent_5': 10, 'W_layer_units_exponent_6': 10, 'D_layers': 5, 'D_layer_units_exponent_0': 7, 'D_layer_units_exponent_1': 7, 'D_layer_units_exponent_2': 5, 'D_layer_units_exponent_3': 4, 'D_layer_units_exponent_4': 7, 'log_learning_rate': -1.3211702038251278, 'log_learning_rate_D': -3.2159213419541794, 'training_batch_size': 11, 'training_p': 7}
	 epoch  0 training error:  tensor(0.9973, device='cuda:0', grad_fn=<DivBackward0>)
Memory status after this epoch: 
Memory allocated:  105.986328125
Memory cached:  114.0
	 epoch  10 training error:  tensor(30.5954, device='cuda:0', grad_fn=<DivBackward0>)
Memory status after this epoch: 
Memory allocated:  105.986328125
Memory cached:  116.0
	 epoch  20 training error:  tensor(3.5018, device='cuda:0', grad_fn=<DivBackward0>)
Memory status after this epoch: 
Memory allocated:  105.986328125
Memory cached:  116.0
	 epoch  30 training error:  tensor(12.3519, device='cuda:0', grad_fn=<DivBackward0>)
Memory status after this epoch: 
Memory allocated:  105.986328125
Memory cached:  116.0
	 epoch  40 training error:  tensor(21.9626, device='cuda:0', grad_fn=<DivBackward0>)
Memory status after this epoch: 
Memory allocated:  105.986328125
Memory cached:  116.0
	 epoch  50 training error:  tensor(27.6770, device='cuda:0', grad_fn=<DivBackward0>)
Memory status after this epoch: 
Memory allocated:  105.986328125
Memory cached:  116.0
	 epoch  60 training error:  tensor(21.2715, device='cuda:0', grad_fn=<DivBackward0>)
Memory status after this epoch: 
Memory allocated:  105.986328125
Memory cached:  116.0
	 epoch  70 training error:  tensor(12.9871, device='cuda:0', grad_fn=<DivBackward0>)
Memory status after this epoch: 
Memory allocated:  105.986328125
Memory cached:  116.0
	 epoch  80 training error:  tensor(3.5997, device='cuda:0', grad_fn=<DivBackward0>)
Memory status after this epoch: 
Memory allocated:  105.986328125
Memory cached:  116.0
	 epoch  90 training error:  tensor(2.9031, device='cuda:0', grad_fn=<DivBackward0>)
Memory status after this epoch: 
Memory allocated:  105.986328125
Memory cached:  116.0
[I 2023-12-04 01:22:50,323] Trial 2 finished with value: 0.9720637202262878 and parameters: {'W_layers': 7, 'W_layer_units_exponent_0': 5, 'W_layer_units_exponent_1': 5, 'W_layer_units_exponent_2': 6, 'W_layer_units_exponent_3': 6, 'W_layer_units_exponent_4': 5, 'W_layer_units_exponent_5': 10, 'W_layer_units_exponent_6': 10, 'D_layers': 5, 'D_layer_units_exponent_0': 7, 'D_layer_units_exponent_1': 7, 'D_layer_units_exponent_2': 5, 'D_layer_units_exponent_3': 4, 'D_layer_units_exponent_4': 7, 'log_learning_rate': -1.3211702038251278, 'log_learning_rate_D': -3.2159213419541794, 'training_batch_size': 11, 'training_p': 7}. Best is trial 0 with value: 0.027389800176024437.
Time for this trial:  50.03109908103943
Memory status after this trial: 
Memory allocated:  159.43798828125
Memory cached:  170.0
--------------------  Trial  3   --------------------
Start timing: 
Parameters: 
{'W_layers': 8, 'W_layer_units_exponent_0': 7, 'W_layer_units_exponent_1': 4, 'W_layer_units_exponent_2': 6, 'W_layer_units_exponent_3': 8, 'W_layer_units_exponent_4': 5, 'W_layer_units_exponent_5': 5, 'W_layer_units_exponent_6': 10, 'W_layer_units_exponent_7': 10, 'D_layers': 8, 'D_layer_units_exponent_0': 8, 'D_layer_units_exponent_1': 6, 'D_layer_units_exponent_2': 9, 'D_layer_units_exponent_3': 8, 'D_layer_units_exponent_4': 10, 'D_layer_units_exponent_5': 4, 'D_layer_units_exponent_6': 7, 'D_layer_units_exponent_7': 6, 'log_learning_rate': -2.7103408828179267, 'log_learning_rate_D': -3.2025367949447805, 'training_batch_size': 12, 'training_p': 8}
	 epoch  0 training error:  tensor(1.0027, device='cuda:0', grad_fn=<DivBackward0>)
Memory status after this epoch: 
Memory allocated:  113.146484375
Memory cached:  118.0
	 epoch  10 training error:  tensor(0.2406, device='cuda:0', grad_fn=<DivBackward0>)
Memory status after this epoch: 
Memory allocated:  113.146484375
Memory cached:  120.0
	 epoch  20 training error:  tensor(0.2235, device='cuda:0', grad_fn=<DivBackward0>)
Memory status after this epoch: 
Memory allocated:  113.146484375
Memory cached:  120.0
	 epoch  30 training error:  tensor(0.1578, device='cuda:0', grad_fn=<DivBackward0>)
Memory status after this epoch: 
Memory allocated:  113.146484375
Memory cached:  120.0
	 epoch  40 training error:  tensor(0.1347, device='cuda:0', grad_fn=<DivBackward0>)
Memory status after this epoch: 
Memory allocated:  113.146484375
Memory cached:  120.0
	 epoch  50 training error:  tensor(0.1250, device='cuda:0', grad_fn=<DivBackward0>)
Memory status after this epoch: 
Memory allocated:  113.146484375
Memory cached:  120.0
	 epoch  60 training error:  tensor(0.0589, device='cuda:0', grad_fn=<DivBackward0>)
Memory status after this epoch: 
Memory allocated:  113.146484375
Memory cached:  120.0
	 epoch  70 training error:  tensor(0.0745, device='cuda:0', grad_fn=<DivBackward0>)
Memory status after this epoch: 
Memory allocated:  113.146484375
Memory cached:  120.0
	 epoch  80 training error:  tensor(0.0626, device='cuda:0', grad_fn=<DivBackward0>)
Memory status after this epoch: 
Memory allocated:  113.146484375
Memory cached:  120.0
	 epoch  90 training error:  tensor(0.0397, device='cuda:0', grad_fn=<DivBackward0>)
Memory status after this epoch: 
Memory allocated:  113.146484375
Memory cached:  120.0
[I 2023-12-04 01:23:51,801] Trial 3 finished with value: 0.07413359731435776 and parameters: {'W_layers': 8, 'W_layer_units_exponent_0': 7, 'W_layer_units_exponent_1': 4, 'W_layer_units_exponent_2': 6, 'W_layer_units_exponent_3': 8, 'W_layer_units_exponent_4': 5, 'W_layer_units_exponent_5': 5, 'W_layer_units_exponent_6': 10, 'W_layer_units_exponent_7': 10, 'D_layers': 8, 'D_layer_units_exponent_0': 8, 'D_layer_units_exponent_1': 6, 'D_layer_units_exponent_2': 9, 'D_layer_units_exponent_3': 8, 'D_layer_units_exponent_4': 10, 'D_layer_units_exponent_5': 4, 'D_layer_units_exponent_6': 7, 'D_layer_units_exponent_7': 6, 'log_learning_rate': -2.7103408828179267, 'log_learning_rate_D': -3.2025367949447805, 'training_batch_size': 12, 'training_p': 8}. Best is trial 0 with value: 0.027389800176024437.
Time for this trial:  61.356847524642944
Memory status after this trial: 
Memory allocated:  212.830078125
Memory cached:  226.0
--------------------  Trial  4   --------------------
Start timing: 
Parameters: 
{'W_layers': 4, 'W_layer_units_exponent_0': 7, 'W_layer_units_exponent_1': 8, 'W_layer_units_exponent_2': 4, 'W_layer_units_exponent_3': 5, 'D_layers': 8, 'D_layer_units_exponent_0': 8, 'D_layer_units_exponent_1': 4, 'D_layer_units_exponent_2': 5, 'D_layer_units_exponent_3': 10, 'D_layer_units_exponent_4': 4, 'D_layer_units_exponent_5': 9, 'D_layer_units_exponent_6': 7, 'D_layer_units_exponent_7': 5, 'log_learning_rate': -4.153100660654964, 'log_learning_rate_D': -2.1755857986350167, 'training_batch_size': 7, 'training_p': 3}
	 epoch  0 training error:  tensor(0.9996, device='cuda:0', grad_fn=<DivBackward0>)
Memory status after this epoch: 
Memory allocated:  91.576171875
Memory cached:  110.0
	 epoch  10 training error:  tensor(0.8321, device='cuda:0', grad_fn=<DivBackward0>)
Memory status after this epoch: 
Memory allocated:  91.576171875
Memory cached:  114.0
	 epoch  20 training error:  tensor(0.7038, device='cuda:0', grad_fn=<DivBackward0>)
Memory status after this epoch: 
Memory allocated:  91.576171875
Memory cached:  114.0
	 epoch  30 training error:  tensor(0.4627, device='cuda:0', grad_fn=<DivBackward0>)
Memory status after this epoch: 
Memory allocated:  91.576171875
Memory cached:  114.0
	 epoch  40 training error:  tensor(0.3687, device='cuda:0', grad_fn=<DivBackward0>)
Memory status after this epoch: 
Memory allocated:  91.576171875
Memory cached:  114.0
	 epoch  50 training error:  tensor(0.2427, device='cuda:0', grad_fn=<DivBackward0>)
Memory status after this epoch: 
Memory allocated:  91.576171875
Memory cached:  114.0
	 epoch  60 training error:  tensor(0.2012, device='cuda:0', grad_fn=<DivBackward0>)
Memory status after this epoch: 
Memory allocated:  91.576171875
Memory cached:  114.0
	 epoch  70 training error:  tensor(0.1952, device='cuda:0', grad_fn=<DivBackward0>)
Memory status after this epoch: 
Memory allocated:  91.576171875
Memory cached:  114.0
[W 2023-12-04 01:24:32,454] Trial 4 failed with parameters: {'W_layers': 4, 'W_layer_units_exponent_0': 7, 'W_layer_units_exponent_1': 8, 'W_layer_units_exponent_2': 4, 'W_layer_units_exponent_3': 5, 'D_layers': 8, 'D_layer_units_exponent_0': 8, 'D_layer_units_exponent_1': 4, 'D_layer_units_exponent_2': 5, 'D_layer_units_exponent_3': 10, 'D_layer_units_exponent_4': 4, 'D_layer_units_exponent_5': 9, 'D_layer_units_exponent_6': 7, 'D_layer_units_exponent_7': 5, 'log_learning_rate': -4.153100660654964, 'log_learning_rate_D': -2.1755857986350167, 'training_batch_size': 7, 'training_p': 3} because of the following error: The value nan is not acceptable.
[W 2023-12-04 01:24:32,455] Trial 4 failed with value tensor(nan, device='cuda:0', grad_fn=<DivBackward0>).
Time for this trial:  40.53358554840088
Memory status after this trial: 
Memory allocated:  146.15673828125
Memory cached:  164.0
--------------------  Trial  5   --------------------
Start timing: 
Parameters: 
{'W_layers': 3, 'W_layer_units_exponent_0': 6, 'W_layer_units_exponent_1': 10, 'W_layer_units_exponent_2': 8, 'D_layers': 5, 'D_layer_units_exponent_0': 6, 'D_layer_units_exponent_1': 7, 'D_layer_units_exponent_2': 4, 'D_layer_units_exponent_3': 10, 'D_layer_units_exponent_4': 9, 'log_learning_rate': -2.8032617098848243, 'log_learning_rate_D': -4.617265110587931, 'training_batch_size': 10, 'training_p': 7}
	 epoch  0 training error:  tensor(1.0211, device='cuda:0', grad_fn=<DivBackward0>)
Memory status after this epoch: 
Memory allocated:  102.4296875
Memory cached:  114.0
	 epoch  10 training error:  tensor(0.2850, device='cuda:0', grad_fn=<DivBackward0>)
Memory status after this epoch: 
Memory allocated:  102.4296875
Memory cached:  120.0
	 epoch  20 training error:  tensor(0.1999, device='cuda:0', grad_fn=<DivBackward0>)
Memory status after this epoch: 
Memory allocated:  102.4296875
Memory cached:  120.0
	 epoch  30 training error:  tensor(0.1565, device='cuda:0', grad_fn=<DivBackward0>)
Memory status after this epoch: 
Memory allocated:  102.4296875
Memory cached:  120.0
	 epoch  40 training error:  tensor(0.1489, device='cuda:0', grad_fn=<DivBackward0>)
Memory status after this epoch: 
Memory allocated:  102.4296875
Memory cached:  120.0
	 epoch  50 training error:  tensor(0.1487, device='cuda:0', grad_fn=<DivBackward0>)
Memory status after this epoch: 
Memory allocated:  102.4296875
Memory cached:  120.0
	 epoch  60 training error:  tensor(0.1454, device='cuda:0', grad_fn=<DivBackward0>)
Memory status after this epoch: 
Memory allocated:  102.4296875
Memory cached:  120.0
	 epoch  70 training error:  tensor(0.1432, device='cuda:0', grad_fn=<DivBackward0>)
Memory status after this epoch: 
Memory allocated:  102.4296875
Memory cached:  120.0
	 epoch  80 training error:  tensor(0.1389, device='cuda:0', grad_fn=<DivBackward0>)
Memory status after this epoch: 
Memory allocated:  102.4296875
Memory cached:  120.0
	 epoch  90 training error:  tensor(0.1298, device='cuda:0', grad_fn=<DivBackward0>)
Memory status after this epoch: 
Memory allocated:  102.4296875
Memory cached:  120.0
