[I 2023-12-07 04:00:01,092] Trial 47 finished with value: 0.5100037455558777 and parameters: {'W_layers': 4, 'W_layer_units_exponent_0': 9, 'W_layer_units_exponent_1': 5, 'W_layer_units_exponent_2': 8, 'W_layer_units_exponent_3': 9, 'D_layers': 2, 'D_layer_units_exponent_0': 8, 'D_layer_units_exponent_1': 4, 'D_dagger_layers': 8, 'D_dagger_layer_units_exponent_0': 6, 'D_dagger_layer_units_exponent_1': 10, 'D_dagger_layer_units_exponent_2': 6, 'D_dagger_layer_units_exponent_3': 5, 'D_dagger_layer_units_exponent_4': 5, 'D_dagger_layer_units_exponent_5': 4, 'D_dagger_layer_units_exponent_6': 9, 'D_dagger_layer_units_exponent_7': 8, 'log_learning_rate': -2.3450796310535393, 'log_learning_rate_D': -3.7906645045260436, 'log_learning_rate_D_dagger': -3.091385533122903, 'training_batch_size': 8, 'training_p': 2}. Best is trial 47 with value: 0.5100037455558777.
res:  tensor(0.5100, device='cuda:0', grad_fn=<DivBackward0>)
self.bestValue:  tensor(0.5139, device='cuda:0', grad_fn=<DivBackward0>)
Save this model!
Time for this trial:  19.706904411315918
Memory status after this trial: 
Memory allocated:  177.7841796875
Memory cached:  396.0
--------------------  Trial  48   --------------------
Start timing: 
Parameters: 
{'W_layers': 5, 'W_layer_units_exponent_0': 9, 'W_layer_units_exponent_1': 5, 'W_layer_units_exponent_2': 8, 'W_layer_units_exponent_3': 9, 'W_layer_units_exponent_4': 9, 'D_layers': 2, 'D_layer_units_exponent_0': 8, 'D_layer_units_exponent_1': 4, 'D_dagger_layers': 8, 'D_dagger_layer_units_exponent_0': 6, 'D_dagger_layer_units_exponent_1': 4, 'D_dagger_layer_units_exponent_2': 5, 'D_dagger_layer_units_exponent_3': 4, 'D_dagger_layer_units_exponent_4': 5, 'D_dagger_layer_units_exponent_5': 4, 'D_dagger_layer_units_exponent_6': 9, 'D_dagger_layer_units_exponent_7': 8, 'log_learning_rate': -2.708719785192053, 'log_learning_rate_D': -3.656754705725051, 'log_learning_rate_D_dagger': -3.063004571753117, 'training_batch_size': 8, 'training_p': 2}
	 epoch  0 training error:  tensor(1.0035, device='cuda:0', grad_fn=<DivBackward0>)
Memory status after this epoch: 
Memory allocated:  186.455078125
Memory cached:  400.0
	 epoch  10 training error:  tensor(0.9359, device='cuda:0', grad_fn=<DivBackward0>)
Memory status after this epoch: 
Memory allocated:  186.455078125
Memory cached:  402.0
	 epoch  20 training error:  tensor(0.8169, device='cuda:0', grad_fn=<DivBackward0>)
Memory status after this epoch: 
Memory allocated:  186.455078125
Memory cached:  402.0
	 epoch  30 training error:  tensor(0.7472, device='cuda:0', grad_fn=<DivBackward0>)
Memory status after this epoch: 
Memory allocated:  186.455078125
Memory cached:  402.0
	 epoch  40 training error:  tensor(0.7353, device='cuda:0', grad_fn=<DivBackward0>)
Memory status after this epoch: 
Memory allocated:  186.455078125
Memory cached:  402.0
	 epoch  50 training error:  tensor(0.7303, device='cuda:0', grad_fn=<DivBackward0>)
Memory status after this epoch: 
Memory allocated:  186.455078125
Memory cached:  402.0
	 epoch  60 training error:  tensor(0.7234, device='cuda:0', grad_fn=<DivBackward0>)
Memory status after this epoch: 
Memory allocated:  186.455078125
Memory cached:  402.0
	 epoch  70 training error:  tensor(0.7084, device='cuda:0', grad_fn=<DivBackward0>)
Memory status after this epoch: 
Memory allocated:  186.455078125
Memory cached:  402.0
	 epoch  80 training error:  tensor(0.6646, device='cuda:0', grad_fn=<DivBackward0>)
Memory status after this epoch: 
Memory allocated:  186.455078125
Memory cached:  402.0
	 epoch  90 training error:  tensor(0.6247, device='cuda:0', grad_fn=<DivBackward0>)
Memory status after this epoch: 
Memory allocated:  186.455078125
Memory cached:  402.0
[I 2023-12-07 04:00:20,860] Trial 48 finished with value: 0.5140605568885803 and parameters: {'W_layers': 5, 'W_layer_units_exponent_0': 9, 'W_layer_units_exponent_1': 5, 'W_layer_units_exponent_2': 8, 'W_layer_units_exponent_3': 9, 'W_layer_units_exponent_4': 9, 'D_layers': 2, 'D_layer_units_exponent_0': 8, 'D_layer_units_exponent_1': 4, 'D_dagger_layers': 8, 'D_dagger_layer_units_exponent_0': 6, 'D_dagger_layer_units_exponent_1': 4, 'D_dagger_layer_units_exponent_2': 5, 'D_dagger_layer_units_exponent_3': 4, 'D_dagger_layer_units_exponent_4': 5, 'D_dagger_layer_units_exponent_5': 4, 'D_dagger_layer_units_exponent_6': 9, 'D_dagger_layer_units_exponent_7': 8, 'log_learning_rate': -2.708719785192053, 'log_learning_rate_D': -3.656754705725051, 'log_learning_rate_D_dagger': -3.063004571753117, 'training_batch_size': 8, 'training_p': 2}. Best is trial 47 with value: 0.5100037455558777.
Time for this trial:  19.521533012390137
Memory status after this trial: 
Memory allocated:  328.13525390625
Memory cached:  398.0
--------------------  Trial  49   --------------------
Start timing: 
Parameters: 
{'W_layers': 6, 'W_layer_units_exponent_0': 9, 'W_layer_units_exponent_1': 5, 'W_layer_units_exponent_2': 6, 'W_layer_units_exponent_3': 10, 'W_layer_units_exponent_4': 9, 'W_layer_units_exponent_5': 6, 'D_layers': 2, 'D_layer_units_exponent_0': 8, 'D_layer_units_exponent_1': 4, 'D_dagger_layers': 8, 'D_dagger_layer_units_exponent_0': 6, 'D_dagger_layer_units_exponent_1': 4, 'D_dagger_layer_units_exponent_2': 5, 'D_dagger_layer_units_exponent_3': 4, 'D_dagger_layer_units_exponent_4': 5, 'D_dagger_layer_units_exponent_5': 4, 'D_dagger_layer_units_exponent_6': 9, 'D_dagger_layer_units_exponent_7': 8, 'log_learning_rate': -2.684910026540687, 'log_learning_rate_D': -3.6293778275318176, 'log_learning_rate_D_dagger': -2.952742162520582, 'training_batch_size': 8, 'training_p': 2}
	 epoch  0 training error:  tensor(1.0045, device='cuda:0', grad_fn=<DivBackward0>)
Memory status after this epoch: 
Memory allocated:  190.14453125
Memory cached:  398.0
	 epoch  10 training error:  tensor(0.9102, device='cuda:0', grad_fn=<DivBackward0>)
Memory status after this epoch: 
Memory allocated:  190.14453125
Memory cached:  398.0
	 epoch  20 training error:  tensor(0.7479, device='cuda:0', grad_fn=<DivBackward0>)
Memory status after this epoch: 
Memory allocated:  190.14453125
Memory cached:  398.0
	 epoch  30 training error:  tensor(0.7351, device='cuda:0', grad_fn=<DivBackward0>)
Memory status after this epoch: 
Memory allocated:  190.14453125
Memory cached:  398.0
	 epoch  40 training error:  tensor(0.7235, device='cuda:0', grad_fn=<DivBackward0>)
Memory status after this epoch: 
Memory allocated:  190.14453125
Memory cached:  398.0
	 epoch  50 training error:  tensor(0.7103, device='cuda:0', grad_fn=<DivBackward0>)
Memory status after this epoch: 
Memory allocated:  190.14453125
Memory cached:  398.0
	 epoch  60 training error:  tensor(0.6939, device='cuda:0', grad_fn=<DivBackward0>)
Memory status after this epoch: 
Memory allocated:  190.14453125
Memory cached:  398.0
	 epoch  70 training error:  tensor(0.6673, device='cuda:0', grad_fn=<DivBackward0>)
Memory status after this epoch: 
Memory allocated:  190.14453125
Memory cached:  398.0
	 epoch  80 training error:  tensor(0.6232, device='cuda:0', grad_fn=<DivBackward0>)
Memory status after this epoch: 
Memory allocated:  190.14453125
Memory cached:  398.0
	 epoch  90 training error:  tensor(0.5820, device='cuda:0', grad_fn=<DivBackward0>)
Memory status after this epoch: 
Memory allocated:  190.14453125
Memory cached:  398.0
[I 2023-12-07 04:00:41,430] Trial 49 finished with value: 0.5098726749420166 and parameters: {'W_layers': 6, 'W_layer_units_exponent_0': 9, 'W_layer_units_exponent_1': 5, 'W_layer_units_exponent_2': 6, 'W_layer_units_exponent_3': 10, 'W_layer_units_exponent_4': 9, 'W_layer_units_exponent_5': 6, 'D_layers': 2, 'D_layer_units_exponent_0': 8, 'D_layer_units_exponent_1': 4, 'D_dagger_layers': 8, 'D_dagger_layer_units_exponent_0': 6, 'D_dagger_layer_units_exponent_1': 4, 'D_dagger_layer_units_exponent_2': 5, 'D_dagger_layer_units_exponent_3': 4, 'D_dagger_layer_units_exponent_4': 5, 'D_dagger_layer_units_exponent_5': 4, 'D_dagger_layer_units_exponent_6': 9, 'D_dagger_layer_units_exponent_7': 8, 'log_learning_rate': -2.684910026540687, 'log_learning_rate_D': -3.6293778275318176, 'log_learning_rate_D_dagger': -2.952742162520582, 'training_batch_size': 8, 'training_p': 2}. Best is trial 49 with value: 0.5098726749420166.
res:  tensor(0.5099, device='cuda:0', grad_fn=<DivBackward0>)
self.bestValue:  tensor(0.5100, device='cuda:0', grad_fn=<DivBackward0>)
Save this model!
Time for this trial:  20.36174464225769
Memory status after this trial: 
Memory allocated:  175.6826171875
Memory cached:  358.0
--------------------  Trial  50   --------------------
Start timing: 
Parameters: 
{'W_layers': 7, 'W_layer_units_exponent_0': 9, 'W_layer_units_exponent_1': 5, 'W_layer_units_exponent_2': 6, 'W_layer_units_exponent_3': 10, 'W_layer_units_exponent_4': 9, 'W_layer_units_exponent_5': 6, 'W_layer_units_exponent_6': 6, 'D_layers': 2, 'D_layer_units_exponent_0': 8, 'D_layer_units_exponent_1': 4, 'D_dagger_layers': 8, 'D_dagger_layer_units_exponent_0': 6, 'D_dagger_layer_units_exponent_1': 4, 'D_dagger_layer_units_exponent_2': 5, 'D_dagger_layer_units_exponent_3': 4, 'D_dagger_layer_units_exponent_4': 5, 'D_dagger_layer_units_exponent_5': 4, 'D_dagger_layer_units_exponent_6': 9, 'D_dagger_layer_units_exponent_7': 8, 'log_learning_rate': -2.9702795456053637, 'log_learning_rate_D': -3.6897910308869086, 'log_learning_rate_D_dagger': -2.7386920081820354, 'training_batch_size': 8, 'training_p': 2}
	 epoch  0 training error:  tensor(0.9930, device='cuda:0', grad_fn=<DivBackward0>)
Memory status after this epoch: 
Memory allocated:  188.248046875
Memory cached:  364.0
	 epoch  10 training error:  tensor(0.8768, device='cuda:0', grad_fn=<DivBackward0>)
Memory status after this epoch: 
Memory allocated:  188.248046875
Memory cached:  364.0
	 epoch  20 training error:  tensor(0.8535, device='cuda:0', grad_fn=<DivBackward0>)
Memory status after this epoch: 
Memory allocated:  188.248046875
Memory cached:  364.0
	 epoch  30 training error:  tensor(0.7707, device='cuda:0', grad_fn=<DivBackward0>)
Memory status after this epoch: 
Memory allocated:  188.248046875
Memory cached:  364.0
	 epoch  40 training error:  tensor(0.7438, device='cuda:0', grad_fn=<DivBackward0>)
Memory status after this epoch: 
Memory allocated:  188.248046875
Memory cached:  364.0
	 epoch  50 training error:  tensor(0.7290, device='cuda:0', grad_fn=<DivBackward0>)
Memory status after this epoch: 
Memory allocated:  188.248046875
Memory cached:  364.0
	 epoch  60 training error:  tensor(0.7234, device='cuda:0', grad_fn=<DivBackward0>)
Memory status after this epoch: 
Memory allocated:  188.248046875
Memory cached:  364.0
	 epoch  70 training error:  tensor(0.7175, device='cuda:0', grad_fn=<DivBackward0>)
Memory status after this epoch: 
Memory allocated:  188.248046875
Memory cached:  364.0
	 epoch  80 training error:  tensor(0.7068, device='cuda:0', grad_fn=<DivBackward0>)
Memory status after this epoch: 
Memory allocated:  188.248046875
Memory cached:  364.0
	 epoch  90 training error:  tensor(0.6944, device='cuda:0', grad_fn=<DivBackward0>)
Memory status after this epoch: 
Memory allocated:  188.248046875
Memory cached:  364.0
[I 2023-12-07 04:01:02,436] Trial 50 finished with value: 0.6857919692993164 and parameters: {'W_layers': 7, 'W_layer_units_exponent_0': 9, 'W_layer_units_exponent_1': 5, 'W_layer_units_exponent_2': 6, 'W_layer_units_exponent_3': 10, 'W_layer_units_exponent_4': 9, 'W_layer_units_exponent_5': 6, 'W_layer_units_exponent_6': 6, 'D_layers': 2, 'D_layer_units_exponent_0': 8, 'D_layer_units_exponent_1': 4, 'D_dagger_layers': 8, 'D_dagger_layer_units_exponent_0': 6, 'D_dagger_layer_units_exponent_1': 4, 'D_dagger_layer_units_exponent_2': 5, 'D_dagger_layer_units_exponent_3': 4, 'D_dagger_layer_units_exponent_4': 5, 'D_dagger_layer_units_exponent_5': 4, 'D_dagger_layer_units_exponent_6': 9, 'D_dagger_layer_units_exponent_7': 8, 'log_learning_rate': -2.9702795456053637, 'log_learning_rate_D': -3.6897910308869086, 'log_learning_rate_D_dagger': -2.7386920081820354, 'training_batch_size': 8, 'training_p': 2}. Best is trial 49 with value: 0.5098726749420166.
Time for this trial:  20.801925659179688
Memory status after this trial: 
Memory allocated:  354.78564453125
Memory cached:  380.0
--------------------  Trial  51   --------------------
Start timing: 
Parameters: 
{'W_layers': 6, 'W_layer_units_exponent_0': 9, 'W_layer_units_exponent_1': 5, 'W_layer_units_exponent_2': 6, 'W_layer_units_exponent_3': 10, 'W_layer_units_exponent_4': 10, 'W_layer_units_exponent_5': 4, 'D_layers': 2, 'D_layer_units_exponent_0': 8, 'D_layer_units_exponent_1': 4, 'D_dagger_layers': 8, 'D_dagger_layer_units_exponent_0': 5, 'D_dagger_layer_units_exponent_1': 5, 'D_dagger_layer_units_exponent_2': 5, 'D_dagger_layer_units_exponent_3': 4, 'D_dagger_layer_units_exponent_4': 5, 'D_dagger_layer_units_exponent_5': 4, 'D_dagger_layer_units_exponent_6': 9, 'D_dagger_layer_units_exponent_7': 8, 'log_learning_rate': -2.6524946480745224, 'log_learning_rate_D': -3.4003476304370537, 'log_learning_rate_D_dagger': -3.0285732385226, 'training_batch_size': 7, 'training_p': 2}
	 epoch  0 training error:  tensor(0.9919, device='cuda:0', grad_fn=<DivBackward0>)
Memory status after this epoch: 
Memory allocated:  197.02734375
Memory cached:  362.0
	 epoch  10 training error:  tensor(0.9345, device='cuda:0', grad_fn=<DivBackward0>)
Memory status after this epoch: 
Memory allocated:  197.02734375
Memory cached:  366.0
	 epoch  20 training error:  tensor(0.7670, device='cuda:0', grad_fn=<DivBackward0>)
Memory status after this epoch: 
Memory allocated:  197.02734375
Memory cached:  366.0
	 epoch  30 training error:  tensor(0.7220, device='cuda:0', grad_fn=<DivBackward0>)
Memory status after this epoch: 
Memory allocated:  197.02734375
Memory cached:  366.0
	 epoch  40 training error:  tensor(0.7181, device='cuda:0', grad_fn=<DivBackward0>)
Memory status after this epoch: 
Memory allocated:  197.02734375
Memory cached:  364.0
	 epoch  50 training error:  tensor(0.7069, device='cuda:0', grad_fn=<DivBackward0>)
Memory status after this epoch: 
Memory allocated:  197.02734375
Memory cached:  366.0
	 epoch  60 training error:  tensor(0.6944, device='cuda:0', grad_fn=<DivBackward0>)
Memory status after this epoch: 
Memory allocated:  197.02734375
Memory cached:  368.0
	 epoch  70 training error:  tensor(0.6731, device='cuda:0', grad_fn=<DivBackward0>)
Memory status after this epoch: 
Memory allocated:  197.02734375
Memory cached:  366.0
	 epoch  80 training error:  tensor(0.7252, device='cuda:0', grad_fn=<DivBackward0>)
Memory status after this epoch: 
Memory allocated:  197.02734375
Memory cached:  366.0
	 epoch  90 training error:  tensor(0.6272, device='cuda:0', grad_fn=<DivBackward0>)
Memory status after this epoch: 
Memory allocated:  197.02734375
Memory cached:  366.0
[I 2023-12-07 04:01:23,795] Trial 51 finished with value: 0.5783652663230896 and parameters: {'W_layers': 6, 'W_layer_units_exponent_0': 9, 'W_layer_units_exponent_1': 5, 'W_layer_units_exponent_2': 6, 'W_layer_units_exponent_3': 10, 'W_layer_units_exponent_4': 10, 'W_layer_units_exponent_5': 4, 'D_layers': 2, 'D_layer_units_exponent_0': 8, 'D_layer_units_exponent_1': 4, 'D_dagger_layers': 8, 'D_dagger_layer_units_exponent_0': 5, 'D_dagger_layer_units_exponent_1': 5, 'D_dagger_layer_units_exponent_2': 5, 'D_dagger_layer_units_exponent_3': 4, 'D_dagger_layer_units_exponent_4': 5, 'D_dagger_layer_units_exponent_5': 4, 'D_dagger_layer_units_exponent_6': 9, 'D_dagger_layer_units_exponent_7': 8, 'log_learning_rate': -2.6524946480745224, 'log_learning_rate_D': -3.4003476304370537, 'log_learning_rate_D_dagger': -3.0285732385226, 'training_batch_size': 7, 'training_p': 2}. Best is trial 49 with value: 0.5098726749420166.
Time for this trial:  21.12953281402588
Memory status after this trial: 
Memory allocated:  379.18212890625
Memory cached:  416.0
--------------------  Trial  52   --------------------
Start timing: 
Parameters: 
{'W_layers': 6, 'W_layer_units_exponent_0': 9, 'W_layer_units_exponent_1': 5, 'W_layer_units_exponent_2': 5, 'W_layer_units_exponent_3': 9, 'W_layer_units_exponent_4': 9, 'W_layer_units_exponent_5': 6, 'D_layers': 2, 'D_layer_units_exponent_0': 9, 'D_layer_units_exponent_1': 4, 'D_dagger_layers': 8, 'D_dagger_layer_units_exponent_0': 6, 'D_dagger_layer_units_exponent_1': 5, 'D_dagger_layer_units_exponent_2': 4, 'D_dagger_layer_units_exponent_3': 4, 'D_dagger_layer_units_exponent_4': 5, 'D_dagger_layer_units_exponent_5': 4, 'D_dagger_layer_units_exponent_6': 8, 'D_dagger_layer_units_exponent_7': 8, 'log_learning_rate': -2.4454789260521883, 'log_learning_rate_D': -3.734835306115613, 'log_learning_rate_D_dagger': -3.2954488187072473, 'training_batch_size': 8, 'training_p': 2}
	 epoch  0 training error:  tensor(1.0104, device='cuda:0', grad_fn=<DivBackward0>)
Memory status after this epoch: 
Memory allocated:  181.9501953125
Memory cached:  358.0
	 epoch  10 training error:  tensor(0.9426, device='cuda:0', grad_fn=<DivBackward0>)
Memory status after this epoch: 
Memory allocated:  181.9501953125
Memory cached:  360.0
	 epoch  20 training error:  tensor(0.8720, device='cuda:0', grad_fn=<DivBackward0>)
Memory status after this epoch: 
Memory allocated:  181.9501953125
Memory cached:  360.0
	 epoch  30 training error:  tensor(0.7288, device='cuda:0', grad_fn=<DivBackward0>)
Memory status after this epoch: 
Memory allocated:  181.9501953125
Memory cached:  360.0
	 epoch  40 training error:  tensor(0.7188, device='cuda:0', grad_fn=<DivBackward0>)
Memory status after this epoch: 
Memory allocated:  181.9501953125
Memory cached:  360.0
	 epoch  50 training error:  tensor(0.7174, device='cuda:0', grad_fn=<DivBackward0>)
Memory status after this epoch: 
Memory allocated:  181.9501953125
Memory cached:  360.0
	 epoch  60 training error:  tensor(0.7143, device='cuda:0', grad_fn=<DivBackward0>)
Memory status after this epoch: 
Memory allocated:  181.9501953125
Memory cached:  360.0
	 epoch  70 training error:  tensor(0.7099, device='cuda:0', grad_fn=<DivBackward0>)
Memory status after this epoch: 
Memory allocated:  181.9501953125
Memory cached:  360.0
	 epoch  80 training error:  tensor(0.7042, device='cuda:0', grad_fn=<DivBackward0>)
Memory status after this epoch: 
Memory allocated:  181.9501953125
Memory cached:  360.0
	 epoch  90 training error:  tensor(0.6954, device='cuda:0', grad_fn=<DivBackward0>)
Memory status after this epoch: 
Memory allocated:  181.9501953125
Memory cached:  360.0
