[I 2024-01-01 21:18:25,097] Trial 333 finished with value: 0.4272003173828125 and parameters: {'W_layers': 5, 'W_layer_units_exponent_0': 7, 'W_layer_units_exponent_1': 6, 'W_layer_units_exponent_2': 6, 'W_layer_units_exponent_3': 4, 'W_layer_units_exponent_4': 5, 'D_layers': 5, 'D_layer_units_exponent_0': 10, 'D_layer_units_exponent_1': 9, 'D_layer_units_exponent_2': 10, 'D_layer_units_exponent_3': 10, 'D_layer_units_exponent_4': 5, 'D_dagger_layers': 4, 'D_dagger_layer_units_exponent_0': 10, 'D_dagger_layer_units_exponent_1': 5, 'D_dagger_layer_units_exponent_2': 5, 'D_dagger_layer_units_exponent_3': 7, 'log_learning_rate': -1.8833859751137223, 'log_learning_rate_D': -3.6973896030041233, 'log_learning_rate_D_dagger': -3.6539418868426883, 'training_batch_size': 8, 'training_p': 5}. Best is trial 220 with value: 0.11745021492242813.
Time for this trial:  201.09942650794983
Memory status after this trial: 
Memory allocated:  490.31640625
Memory cached:  516.0
--------------------  Trial  334   --------------------
Start timing: 
Parameters: 
{'W_layers': 5, 'W_layer_units_exponent_0': 7, 'W_layer_units_exponent_1': 7, 'W_layer_units_exponent_2': 6, 'W_layer_units_exponent_3': 4, 'W_layer_units_exponent_4': 5, 'D_layers': 4, 'D_layer_units_exponent_0': 10, 'D_layer_units_exponent_1': 9, 'D_layer_units_exponent_2': 10, 'D_layer_units_exponent_3': 8, 'D_dagger_layers': 4, 'D_dagger_layer_units_exponent_0': 10, 'D_dagger_layer_units_exponent_1': 5, 'D_dagger_layer_units_exponent_2': 4, 'D_dagger_layer_units_exponent_3': 7, 'log_learning_rate': -1.8257290991213715, 'log_learning_rate_D': -3.8329539193170157, 'log_learning_rate_D_dagger': -2.0719752040088366, 'training_batch_size': 10, 'training_p': 5}
	 epoch  0 training error:  tensor(1.0466, device='cuda:0', grad_fn=<DivBackward0>)
Memory status after this epoch: 
Memory allocated:  223.30712890625
Memory cached:  418.0
	 epoch  10 training error:  tensor(0.5774, device='cuda:0', grad_fn=<DivBackward0>)
Memory status after this epoch: 
Memory allocated:  223.30712890625
Memory cached:  446.0
	 epoch  20 training error:  tensor(0.5641, device='cuda:0', grad_fn=<DivBackward0>)
Memory status after this epoch: 
Memory allocated:  223.30712890625
Memory cached:  446.0
	 epoch  30 training error:  tensor(0.4969, device='cuda:0', grad_fn=<DivBackward0>)
Memory status after this epoch: 
Memory allocated:  223.30712890625
Memory cached:  448.0
	 epoch  40 training error:  tensor(0.4894, device='cuda:0', grad_fn=<DivBackward0>)
Memory status after this epoch: 
Memory allocated:  223.30712890625
Memory cached:  446.0
	 epoch  50 training error:  tensor(0.4901, device='cuda:0', grad_fn=<DivBackward0>)
Memory status after this epoch: 
Memory allocated:  223.30712890625
Memory cached:  436.0
	 epoch  60 training error:  tensor(0.4787, device='cuda:0', grad_fn=<DivBackward0>)
Memory status after this epoch: 
Memory allocated:  223.30712890625
Memory cached:  444.0
	 epoch  70 training error:  tensor(0.4767, device='cuda:0', grad_fn=<DivBackward0>)
Memory status after this epoch: 
Memory allocated:  223.30712890625
Memory cached:  450.0
	 epoch  80 training error:  tensor(0.4542, device='cuda:0', grad_fn=<DivBackward0>)
Memory status after this epoch: 
Memory allocated:  223.30712890625
Memory cached:  454.0
	 epoch  90 training error:  tensor(0.5270, device='cuda:0', grad_fn=<DivBackward0>)
Memory status after this epoch: 
Memory allocated:  223.30712890625
Memory cached:  446.0
[I 2024-01-01 21:21:33,708] Trial 334 finished with value: 0.3808293044567108 and parameters: {'W_layers': 5, 'W_layer_units_exponent_0': 7, 'W_layer_units_exponent_1': 7, 'W_layer_units_exponent_2': 6, 'W_layer_units_exponent_3': 4, 'W_layer_units_exponent_4': 5, 'D_layers': 4, 'D_layer_units_exponent_0': 10, 'D_layer_units_exponent_1': 9, 'D_layer_units_exponent_2': 10, 'D_layer_units_exponent_3': 8, 'D_dagger_layers': 4, 'D_dagger_layer_units_exponent_0': 10, 'D_dagger_layer_units_exponent_1': 5, 'D_dagger_layer_units_exponent_2': 4, 'D_dagger_layer_units_exponent_3': 7, 'log_learning_rate': -1.8257290991213715, 'log_learning_rate_D': -3.8329539193170157, 'log_learning_rate_D_dagger': -2.0719752040088366, 'training_batch_size': 10, 'training_p': 5}. Best is trial 220 with value: 0.11745021492242813.
Time for this trial:  188.11703372001648
Memory status after this trial: 
Memory allocated:  442.8798828125
Memory cached:  458.0
--------------------  Trial  335   --------------------
Start timing: 
Parameters: 
{'W_layers': 5, 'W_layer_units_exponent_0': 7, 'W_layer_units_exponent_1': 7, 'W_layer_units_exponent_2': 6, 'W_layer_units_exponent_3': 5, 'W_layer_units_exponent_4': 5, 'D_layers': 5, 'D_layer_units_exponent_0': 10, 'D_layer_units_exponent_1': 9, 'D_layer_units_exponent_2': 7, 'D_layer_units_exponent_3': 8, 'D_layer_units_exponent_4': 5, 'D_dagger_layers': 4, 'D_dagger_layer_units_exponent_0': 10, 'D_dagger_layer_units_exponent_1': 5, 'D_dagger_layer_units_exponent_2': 5, 'D_dagger_layer_units_exponent_3': 8, 'log_learning_rate': -1.982190837865079, 'log_learning_rate_D': -3.998847589004657, 'log_learning_rate_D_dagger': -2.7095231237244124, 'training_batch_size': 11, 'training_p': 5}
	 epoch  0 training error:  tensor(0.9722, device='cuda:0', grad_fn=<DivBackward0>)
Memory status after this epoch: 
Memory allocated:  213.04736328125
Memory cached:  412.0
	 epoch  10 training error:  tensor(0.5063, device='cuda:0', grad_fn=<DivBackward0>)
Memory status after this epoch: 
Memory allocated:  213.04736328125
Memory cached:  418.0
	 epoch  20 training error:  tensor(0.4788, device='cuda:0', grad_fn=<DivBackward0>)
Memory status after this epoch: 
Memory allocated:  213.04736328125
Memory cached:  416.0
	 epoch  30 training error:  tensor(0.4979, device='cuda:0', grad_fn=<DivBackward0>)
Memory status after this epoch: 
Memory allocated:  213.04736328125
Memory cached:  416.0
	 epoch  40 training error:  tensor(0.4736, device='cuda:0', grad_fn=<DivBackward0>)
Memory status after this epoch: 
Memory allocated:  213.04736328125
Memory cached:  414.0
	 epoch  50 training error:  tensor(0.4714, device='cuda:0', grad_fn=<DivBackward0>)
Memory status after this epoch: 
Memory allocated:  213.04736328125
Memory cached:  416.0
	 epoch  60 training error:  tensor(0.4581, device='cuda:0', grad_fn=<DivBackward0>)
Memory status after this epoch: 
Memory allocated:  213.04736328125
Memory cached:  418.0
	 epoch  70 training error:  tensor(0.4339, device='cuda:0', grad_fn=<DivBackward0>)
Memory status after this epoch: 
Memory allocated:  213.04736328125
Memory cached:  418.0
	 epoch  80 training error:  tensor(0.3518, device='cuda:0', grad_fn=<DivBackward0>)
Memory status after this epoch: 
Memory allocated:  213.04736328125
Memory cached:  408.0
	 epoch  90 training error:  tensor(0.2975, device='cuda:0', grad_fn=<DivBackward0>)
Memory status after this epoch: 
Memory allocated:  213.04736328125
Memory cached:  414.0
[I 2024-01-01 21:24:47,484] Trial 335 finished with value: 0.18569497764110565 and parameters: {'W_layers': 5, 'W_layer_units_exponent_0': 7, 'W_layer_units_exponent_1': 7, 'W_layer_units_exponent_2': 6, 'W_layer_units_exponent_3': 5, 'W_layer_units_exponent_4': 5, 'D_layers': 5, 'D_layer_units_exponent_0': 10, 'D_layer_units_exponent_1': 9, 'D_layer_units_exponent_2': 7, 'D_layer_units_exponent_3': 8, 'D_layer_units_exponent_4': 5, 'D_dagger_layers': 4, 'D_dagger_layer_units_exponent_0': 10, 'D_dagger_layer_units_exponent_1': 5, 'D_dagger_layer_units_exponent_2': 5, 'D_dagger_layer_units_exponent_3': 8, 'log_learning_rate': -1.982190837865079, 'log_learning_rate_D': -3.998847589004657, 'log_learning_rate_D_dagger': -2.7095231237244124, 'training_batch_size': 11, 'training_p': 5}. Best is trial 220 with value: 0.11745021492242813.
Time for this trial:  193.25301098823547
Memory status after this trial: 
Memory allocated:  400.9873046875
Memory cached:  420.0
--------------------  Trial  336   --------------------
Start timing: 
Parameters: 
{'W_layers': 5, 'W_layer_units_exponent_0': 7, 'W_layer_units_exponent_1': 7, 'W_layer_units_exponent_2': 6, 'W_layer_units_exponent_3': 4, 'W_layer_units_exponent_4': 6, 'D_layers': 5, 'D_layer_units_exponent_0': 10, 'D_layer_units_exponent_1': 9, 'D_layer_units_exponent_2': 10, 'D_layer_units_exponent_3': 7, 'D_layer_units_exponent_4': 5, 'D_dagger_layers': 4, 'D_dagger_layer_units_exponent_0': 10, 'D_dagger_layer_units_exponent_1': 5, 'D_dagger_layer_units_exponent_2': 5, 'D_dagger_layer_units_exponent_3': 6, 'log_learning_rate': -2.046999490933204, 'log_learning_rate_D': -3.9290777618076147, 'log_learning_rate_D_dagger': -2.6254332514023275, 'training_batch_size': 7, 'training_p': 5}
	 epoch  0 training error:  tensor(1.0395, device='cuda:0', grad_fn=<DivBackward0>)
Memory status after this epoch: 
Memory allocated:  221.38330078125
Memory cached:  408.0
	 epoch  10 training error:  tensor(0.5017, device='cuda:0', grad_fn=<DivBackward0>)
Memory status after this epoch: 
Memory allocated:  221.38330078125
Memory cached:  442.0
	 epoch  20 training error:  tensor(0.4900, device='cuda:0', grad_fn=<DivBackward0>)
Memory status after this epoch: 
Memory allocated:  221.38330078125
Memory cached:  424.0
	 epoch  30 training error:  tensor(0.5114, device='cuda:0', grad_fn=<DivBackward0>)
Memory status after this epoch: 
Memory allocated:  221.38330078125
Memory cached:  428.0
	 epoch  40 training error:  tensor(0.4769, device='cuda:0', grad_fn=<DivBackward0>)
Memory status after this epoch: 
Memory allocated:  221.38330078125
Memory cached:  438.0
	 epoch  50 training error:  tensor(0.4598, device='cuda:0', grad_fn=<DivBackward0>)
Memory status after this epoch: 
Memory allocated:  221.38330078125
Memory cached:  424.0
	 epoch  60 training error:  tensor(0.3946, device='cuda:0', grad_fn=<DivBackward0>)
Memory status after this epoch: 
Memory allocated:  221.38330078125
Memory cached:  428.0
	 epoch  70 training error:  tensor(0.2688, device='cuda:0', grad_fn=<DivBackward0>)
Memory status after this epoch: 
Memory allocated:  221.38330078125
Memory cached:  430.0
	 epoch  80 training error:  tensor(0.2466, device='cuda:0', grad_fn=<DivBackward0>)
Memory status after this epoch: 
Memory allocated:  221.38330078125
Memory cached:  432.0
	 epoch  90 training error:  tensor(0.2547, device='cuda:0', grad_fn=<DivBackward0>)
Memory status after this epoch: 
Memory allocated:  221.38330078125
Memory cached:  434.0
[I 2024-01-01 21:28:05,430] Trial 336 finished with value: 0.1439986377954483 and parameters: {'W_layers': 5, 'W_layer_units_exponent_0': 7, 'W_layer_units_exponent_1': 7, 'W_layer_units_exponent_2': 6, 'W_layer_units_exponent_3': 4, 'W_layer_units_exponent_4': 6, 'D_layers': 5, 'D_layer_units_exponent_0': 10, 'D_layer_units_exponent_1': 9, 'D_layer_units_exponent_2': 10, 'D_layer_units_exponent_3': 7, 'D_layer_units_exponent_4': 5, 'D_dagger_layers': 4, 'D_dagger_layer_units_exponent_0': 10, 'D_dagger_layer_units_exponent_1': 5, 'D_dagger_layer_units_exponent_2': 5, 'D_dagger_layer_units_exponent_3': 6, 'log_learning_rate': -2.046999490933204, 'log_learning_rate_D': -3.9290777618076147, 'log_learning_rate_D_dagger': -2.6254332514023275, 'training_batch_size': 7, 'training_p': 5}. Best is trial 220 with value: 0.11745021492242813.
Time for this trial:  197.42393565177917
Memory status after this trial: 
Memory allocated:  437.7529296875
Memory cached:  452.0
--------------------  Trial  337   --------------------
Start timing: 
Parameters: 
{'W_layers': 5, 'W_layer_units_exponent_0': 7, 'W_layer_units_exponent_1': 9, 'W_layer_units_exponent_2': 6, 'W_layer_units_exponent_3': 4, 'W_layer_units_exponent_4': 5, 'D_layers': 5, 'D_layer_units_exponent_0': 10, 'D_layer_units_exponent_1': 9, 'D_layer_units_exponent_2': 10, 'D_layer_units_exponent_3': 8, 'D_layer_units_exponent_4': 5, 'D_dagger_layers': 4, 'D_dagger_layer_units_exponent_0': 10, 'D_dagger_layer_units_exponent_1': 5, 'D_dagger_layer_units_exponent_2': 4, 'D_dagger_layer_units_exponent_3': 7, 'log_learning_rate': -1.910220922252048, 'log_learning_rate_D': -4.116926781971482, 'log_learning_rate_D_dagger': -1.896635435839288, 'training_batch_size': 12, 'training_p': 5}
	 epoch  0 training error:  tensor(0.9398, device='cuda:0', grad_fn=<DivBackward0>)
Memory status after this epoch: 
Memory allocated:  224.56298828125
Memory cached:  404.0
	 epoch  10 training error:  tensor(0.8053, device='cuda:0', grad_fn=<DivBackward0>)
Memory status after this epoch: 
Memory allocated:  224.56298828125
Memory cached:  458.0
	 epoch  20 training error:  tensor(0.5013, device='cuda:0', grad_fn=<DivBackward0>)
Memory status after this epoch: 
Memory allocated:  224.56298828125
Memory cached:  432.0
	 epoch  30 training error:  tensor(0.4965, device='cuda:0', grad_fn=<DivBackward0>)
Memory status after this epoch: 
Memory allocated:  224.56298828125
Memory cached:  460.0
	 epoch  40 training error:  tensor(0.5418, device='cuda:0', grad_fn=<DivBackward0>)
Memory status after this epoch: 
Memory allocated:  224.56298828125
Memory cached:  454.0
	 epoch  50 training error:  tensor(0.5473, device='cuda:0', grad_fn=<DivBackward0>)
Memory status after this epoch: 
Memory allocated:  224.56298828125
Memory cached:  452.0
	 epoch  60 training error:  tensor(0.5104, device='cuda:0', grad_fn=<DivBackward0>)
Memory status after this epoch: 
Memory allocated:  224.56298828125
Memory cached:  442.0
	 epoch  70 training error:  tensor(0.4916, device='cuda:0', grad_fn=<DivBackward0>)
Memory status after this epoch: 
Memory allocated:  224.56298828125
Memory cached:  454.0
	 epoch  80 training error:  tensor(0.5086, device='cuda:0', grad_fn=<DivBackward0>)
Memory status after this epoch: 
Memory allocated:  224.56298828125
Memory cached:  450.0
	 epoch  90 training error:  tensor(0.5052, device='cuda:0', grad_fn=<DivBackward0>)
Memory status after this epoch: 
Memory allocated:  224.56298828125
Memory cached:  452.0
[I 2024-01-01 21:31:25,422] Trial 337 finished with value: 0.37982508540153503 and parameters: {'W_layers': 5, 'W_layer_units_exponent_0': 7, 'W_layer_units_exponent_1': 9, 'W_layer_units_exponent_2': 6, 'W_layer_units_exponent_3': 4, 'W_layer_units_exponent_4': 5, 'D_layers': 5, 'D_layer_units_exponent_0': 10, 'D_layer_units_exponent_1': 9, 'D_layer_units_exponent_2': 10, 'D_layer_units_exponent_3': 8, 'D_layer_units_exponent_4': 5, 'D_dagger_layers': 4, 'D_dagger_layer_units_exponent_0': 10, 'D_dagger_layer_units_exponent_1': 5, 'D_dagger_layer_units_exponent_2': 4, 'D_dagger_layer_units_exponent_3': 7, 'log_learning_rate': -1.910220922252048, 'log_learning_rate_D': -4.116926781971482, 'log_learning_rate_D_dagger': -1.896635435839288, 'training_batch_size': 12, 'training_p': 5}. Best is trial 220 with value: 0.11745021492242813.
Time for this trial:  199.41228580474854
Memory status after this trial: 
Memory allocated:  467.3994140625
Memory cached:  484.0
--------------------  Trial  338   --------------------
Start timing: 
Parameters: 
{'W_layers': 5, 'W_layer_units_exponent_0': 7, 'W_layer_units_exponent_1': 6, 'W_layer_units_exponent_2': 6, 'W_layer_units_exponent_3': 5, 'W_layer_units_exponent_4': 4, 'D_layers': 5, 'D_layer_units_exponent_0': 10, 'D_layer_units_exponent_1': 8, 'D_layer_units_exponent_2': 9, 'D_layer_units_exponent_3': 8, 'D_layer_units_exponent_4': 5, 'D_dagger_layers': 4, 'D_dagger_layer_units_exponent_0': 7, 'D_dagger_layer_units_exponent_1': 5, 'D_dagger_layer_units_exponent_2': 8, 'D_dagger_layer_units_exponent_3': 8, 'log_learning_rate': -1.7629951986729357, 'log_learning_rate_D': -3.775084643335181, 'log_learning_rate_D_dagger': -2.9452748783814156, 'training_batch_size': 6, 'training_p': 5}
	 epoch  0 training error:  tensor(1.0737, device='cuda:0', grad_fn=<DivBackward0>)
Memory status after this epoch: 
Memory allocated:  211.88720703125
Memory cached:  420.0
	 epoch  10 training error:  tensor(0.4832, device='cuda:0', grad_fn=<DivBackward0>)
Memory status after this epoch: 
Memory allocated:  211.88720703125
Memory cached:  462.0
	 epoch  20 training error:  tensor(0.4802, device='cuda:0', grad_fn=<DivBackward0>)
Memory status after this epoch: 
Memory allocated:  211.88720703125
Memory cached:  452.0
	 epoch  30 training error:  tensor(0.4824, device='cuda:0', grad_fn=<DivBackward0>)
Memory status after this epoch: 
Memory allocated:  211.88720703125
Memory cached:  470.0
	 epoch  40 training error:  tensor(0.4858, device='cuda:0', grad_fn=<DivBackward0>)
Memory status after this epoch: 
Memory allocated:  211.88720703125
Memory cached:  466.0
	 epoch  50 training error:  tensor(0.4854, device='cuda:0', grad_fn=<DivBackward0>)
Memory status after this epoch: 
Memory allocated:  211.88720703125
Memory cached:  466.0
	 epoch  60 training error:  tensor(0.4746, device='cuda:0', grad_fn=<DivBackward0>)
Memory status after this epoch: 
Memory allocated:  211.88720703125
Memory cached:  446.0
	 epoch  70 training error:  tensor(0.4729, device='cuda:0', grad_fn=<DivBackward0>)
Memory status after this epoch: 
Memory allocated:  211.88720703125
Memory cached:  454.0
	 epoch  80 training error:  tensor(0.4705, device='cuda:0', grad_fn=<DivBackward0>)
Memory status after this epoch: 
Memory allocated:  211.88720703125
Memory cached:  446.0
	 epoch  90 training error:  tensor(0.4897, device='cuda:0', grad_fn=<DivBackward0>)
Memory status after this epoch: 
Memory allocated:  211.88720703125
Memory cached:  460.0
[I 2024-01-01 21:36:57,980] Trial 338 finished with value: 0.27619367837905884 and parameters: {'W_layers': 5, 'W_layer_units_exponent_0': 7, 'W_layer_units_exponent_1': 6, 'W_layer_units_exponent_2': 6, 'W_layer_units_exponent_3': 5, 'W_layer_units_exponent_4': 4, 'D_layers': 5, 'D_layer_units_exponent_0': 10, 'D_layer_units_exponent_1': 8, 'D_layer_units_exponent_2': 9, 'D_layer_units_exponent_3': 8, 'D_layer_units_exponent_4': 5, 'D_dagger_layers': 4, 'D_dagger_layer_units_exponent_0': 7, 'D_dagger_layer_units_exponent_1': 5, 'D_dagger_layer_units_exponent_2': 8, 'D_dagger_layer_units_exponent_3': 8, 'log_learning_rate': -1.7629951986729357, 'log_learning_rate_D': -3.775084643335181, 'log_learning_rate_D_dagger': -2.9452748783814156, 'training_batch_size': 6, 'training_p': 5}. Best is trial 220 with value: 0.11745021492242813.
Time for this trial:  332.0426321029663
Memory status after this trial: 
Memory allocated:  367.3193359375
Memory cached:  434.0
--------------------  Trial  339   --------------------
Start timing: 
Parameters: 
{'W_layers': 5, 'W_layer_units_exponent_0': 7, 'W_layer_units_exponent_1': 8, 'W_layer_units_exponent_2': 6, 'W_layer_units_exponent_3': 4, 'W_layer_units_exponent_4': 5, 'D_layers': 5, 'D_layer_units_exponent_0': 10, 'D_layer_units_exponent_1': 9, 'D_layer_units_exponent_2': 10, 'D_layer_units_exponent_3': 4, 'D_layer_units_exponent_4': 6, 'D_dagger_layers': 4, 'D_dagger_layer_units_exponent_0': 10, 'D_dagger_layer_units_exponent_1': 5, 'D_dagger_layer_units_exponent_2': 5, 'D_dagger_layer_units_exponent_3': 7, 'log_learning_rate': -1.6587422855803475, 'log_learning_rate_D': -3.8649316777412848, 'log_learning_rate_D_dagger': -2.7779600433849896, 'training_batch_size': 6, 'training_p': 5}
	 epoch  0 training error:  tensor(1.9710, device='cuda:0', grad_fn=<DivBackward0>)
Memory status after this epoch: 
Memory allocated:  220.01220703125
Memory cached:  404.0
	 epoch  10 training error:  tensor(0.5569, device='cuda:0', grad_fn=<DivBackward0>)
Memory status after this epoch: 
Memory allocated:  220.01220703125
Memory cached:  416.0
	 epoch  20 training error:  tensor(0.5102, device='cuda:0', grad_fn=<DivBackward0>)
Memory status after this epoch: 
Memory allocated:  220.01220703125
Memory cached:  408.0
	 epoch  30 training error:  tensor(0.4820, device='cuda:0', grad_fn=<DivBackward0>)
Memory status after this epoch: 
Memory allocated:  220.01220703125
Memory cached:  408.0
	 epoch  40 training error:  tensor(0.4956, device='cuda:0', grad_fn=<DivBackward0>)
Memory status after this epoch: 
Memory allocated:  220.01220703125
Memory cached:  408.0
	 epoch  50 training error:  tensor(0.4790, device='cuda:0', grad_fn=<DivBackward0>)
Memory status after this epoch: 
Memory allocated:  220.01220703125
Memory cached:  408.0
	 epoch  60 training error:  tensor(0.3664, device='cuda:0', grad_fn=<DivBackward0>)
Memory status after this epoch: 
Memory allocated:  220.01220703125
Memory cached:  414.0
	 epoch  70 training error:  tensor(0.4095, device='cuda:0', grad_fn=<DivBackward0>)
Memory status after this epoch: 
Memory allocated:  220.01220703125
Memory cached:  408.0
	 epoch  80 training error:  tensor(0.2512, device='cuda:0', grad_fn=<DivBackward0>)
Memory status after this epoch: 
Memory allocated:  220.01220703125
Memory cached:  406.0
	 epoch  90 training error:  tensor(0.2251, device='cuda:0', grad_fn=<DivBackward0>)
Memory status after this epoch: 
Memory allocated:  220.01220703125
Memory cached:  412.0
