[I 2023-12-05 01:03:12,767] Trial 0 finished with value: 0.4625491797924042 and parameters: {'W_layers': 6, 'W_layer_units_exponent_0': 4, 'W_layer_units_exponent_1': 10, 'W_layer_units_exponent_2': 9, 'W_layer_units_exponent_3': 9, 'W_layer_units_exponent_4': 7, 'W_layer_units_exponent_5': 4, 'D_layers': 5, 'D_layer_units_exponent_0': 6, 'D_layer_units_exponent_1': 9, 'D_layer_units_exponent_2': 7, 'D_layer_units_exponent_3': 5, 'D_layer_units_exponent_4': 6, 'log_learning_rate': -1.8693418501342447, 'log_learning_rate_D': -1.0117917274381036, 'training_batch_size': 12, 'training_p': 8}. Best is trial 0 with value: 0.4625491797924042.
res:  tensor(0.4625, device='cuda:0', grad_fn=<DivBackward0>)
self.bestValue:  10000000.0
Save this model!
Time for this trial:  16.330169200897217
Memory status after this trial: 
Memory allocated:  57.708984375
Memory cached:  86.0
--------------------  Trial  1   --------------------
Start timing: 
Parameters: 
{'W_layers': 6, 'W_layer_units_exponent_0': 10, 'W_layer_units_exponent_1': 10, 'W_layer_units_exponent_2': 4, 'W_layer_units_exponent_3': 4, 'W_layer_units_exponent_4': 6, 'W_layer_units_exponent_5': 10, 'D_layers': 4, 'D_layer_units_exponent_0': 4, 'D_layer_units_exponent_1': 7, 'D_layer_units_exponent_2': 10, 'D_layer_units_exponent_3': 7, 'log_learning_rate': -1.565701266154055, 'log_learning_rate_D': -2.7279550331269427, 'training_batch_size': 8, 'training_p': 5}
	 epoch  0 training error:  tensor(0.9886, device='cuda:0', grad_fn=<DivBackward0>)
Memory status after this epoch: 
Memory allocated:  76.12451171875
Memory cached:  88.0
	 epoch  10 training error:  tensor(6.2105, device='cuda:0', grad_fn=<DivBackward0>)
Memory status after this epoch: 
Memory allocated:  76.12451171875
Memory cached:  88.0
	 epoch  20 training error:  tensor(2.4775, device='cuda:0', grad_fn=<DivBackward0>)
Memory status after this epoch: 
Memory allocated:  76.12451171875
Memory cached:  88.0
	 epoch  30 training error:  tensor(2.8423, device='cuda:0', grad_fn=<DivBackward0>)
Memory status after this epoch: 
Memory allocated:  76.12451171875
Memory cached:  88.0
	 epoch  40 training error:  tensor(1.3126, device='cuda:0', grad_fn=<DivBackward0>)
Memory status after this epoch: 
Memory allocated:  76.12451171875
Memory cached:  88.0
	 epoch  50 training error:  tensor(1.8944, device='cuda:0', grad_fn=<DivBackward0>)
Memory status after this epoch: 
Memory allocated:  76.12451171875
Memory cached:  88.0
	 epoch  60 training error:  tensor(1.2335, device='cuda:0', grad_fn=<DivBackward0>)
Memory status after this epoch: 
Memory allocated:  76.12451171875
Memory cached:  88.0
	 epoch  70 training error:  tensor(1.6596, device='cuda:0', grad_fn=<DivBackward0>)
Memory status after this epoch: 
Memory allocated:  76.12451171875
Memory cached:  88.0
	 epoch  80 training error:  tensor(1.2156, device='cuda:0', grad_fn=<DivBackward0>)
Memory status after this epoch: 
Memory allocated:  76.12451171875
Memory cached:  88.0
	 epoch  90 training error:  tensor(1.5723, device='cuda:0', grad_fn=<DivBackward0>)
Memory status after this epoch: 
Memory allocated:  76.12451171875
Memory cached:  88.0
[I 2023-12-05 01:03:29,175] Trial 1 finished with value: 1.2990466356277466 and parameters: {'W_layers': 6, 'W_layer_units_exponent_0': 10, 'W_layer_units_exponent_1': 10, 'W_layer_units_exponent_2': 4, 'W_layer_units_exponent_3': 4, 'W_layer_units_exponent_4': 6, 'W_layer_units_exponent_5': 10, 'D_layers': 4, 'D_layer_units_exponent_0': 4, 'D_layer_units_exponent_1': 7, 'D_layer_units_exponent_2': 10, 'D_layer_units_exponent_3': 7, 'log_learning_rate': -1.565701266154055, 'log_learning_rate_D': -2.7279550331269427, 'training_batch_size': 8, 'training_p': 5}. Best is trial 0 with value: 0.4625491797924042.
Time for this trial:  16.326614141464233
Memory status after this trial: 
Memory allocated:  138.94482421875
Memory cached:  188.0
--------------------  Trial  2   --------------------
Start timing: 
Parameters: 
{'W_layers': 5, 'W_layer_units_exponent_0': 9, 'W_layer_units_exponent_1': 6, 'W_layer_units_exponent_2': 8, 'W_layer_units_exponent_3': 9, 'W_layer_units_exponent_4': 8, 'D_layers': 4, 'D_layer_units_exponent_0': 6, 'D_layer_units_exponent_1': 5, 'D_layer_units_exponent_2': 7, 'D_layer_units_exponent_3': 10, 'log_learning_rate': -1.9326265999834256, 'log_learning_rate_D': -4.9155665094454335, 'training_batch_size': 7, 'training_p': 4}
	 epoch  0 training error:  tensor(0.9321, device='cuda:0', grad_fn=<DivBackward0>)
Memory status after this epoch: 
Memory allocated:  63.06591796875
Memory cached:  90.0
	 epoch  10 training error:  tensor(4.1726, device='cuda:0', grad_fn=<DivBackward0>)
Memory status after this epoch: 
Memory allocated:  63.06591796875
Memory cached:  90.0
	 epoch  20 training error:  tensor(3.1505, device='cuda:0', grad_fn=<DivBackward0>)
Memory status after this epoch: 
Memory allocated:  63.06591796875
Memory cached:  90.0
	 epoch  30 training error:  tensor(1.0790, device='cuda:0', grad_fn=<DivBackward0>)
Memory status after this epoch: 
Memory allocated:  63.06591796875
Memory cached:  90.0
	 epoch  40 training error:  tensor(1.1524, device='cuda:0', grad_fn=<DivBackward0>)
Memory status after this epoch: 
Memory allocated:  63.06591796875
Memory cached:  90.0
	 epoch  50 training error:  tensor(0.7659, device='cuda:0', grad_fn=<DivBackward0>)
Memory status after this epoch: 
Memory allocated:  63.06591796875
Memory cached:  90.0
	 epoch  60 training error:  tensor(0.6714, device='cuda:0', grad_fn=<DivBackward0>)
Memory status after this epoch: 
Memory allocated:  63.06591796875
Memory cached:  90.0
	 epoch  70 training error:  tensor(0.6889, device='cuda:0', grad_fn=<DivBackward0>)
Memory status after this epoch: 
Memory allocated:  63.06591796875
Memory cached:  90.0
	 epoch  80 training error:  tensor(0.6212, device='cuda:0', grad_fn=<DivBackward0>)
Memory status after this epoch: 
Memory allocated:  63.06591796875
Memory cached:  90.0
	 epoch  90 training error:  tensor(0.5842, device='cuda:0', grad_fn=<DivBackward0>)
Memory status after this epoch: 
Memory allocated:  63.06591796875
Memory cached:  90.0
[I 2023-12-05 01:03:44,966] Trial 2 finished with value: 0.4704669415950775 and parameters: {'W_layers': 5, 'W_layer_units_exponent_0': 9, 'W_layer_units_exponent_1': 6, 'W_layer_units_exponent_2': 8, 'W_layer_units_exponent_3': 9, 'W_layer_units_exponent_4': 8, 'D_layers': 4, 'D_layer_units_exponent_0': 6, 'D_layer_units_exponent_1': 5, 'D_layer_units_exponent_2': 7, 'D_layer_units_exponent_3': 10, 'log_learning_rate': -1.9326265999834256, 'log_learning_rate_D': -4.9155665094454335, 'training_batch_size': 7, 'training_p': 4}. Best is trial 0 with value: 0.4625491797924042.
Time for this trial:  15.69416880607605
Memory status after this trial: 
Memory allocated:  97.98779296875
Memory cached:  110.0
--------------------  Trial  3   --------------------
Start timing: 
Parameters: 
{'W_layers': 4, 'W_layer_units_exponent_0': 10, 'W_layer_units_exponent_1': 8, 'W_layer_units_exponent_2': 5, 'W_layer_units_exponent_3': 9, 'D_layers': 5, 'D_layer_units_exponent_0': 4, 'D_layer_units_exponent_1': 8, 'D_layer_units_exponent_2': 7, 'D_layer_units_exponent_3': 6, 'D_layer_units_exponent_4': 6, 'log_learning_rate': -3.5518961580989203, 'log_learning_rate_D': -1.5178324559207228, 'training_batch_size': 9, 'training_p': 7}
	 epoch  0 training error:  tensor(0.9073, device='cuda:0', grad_fn=<DivBackward0>)
Memory status after this epoch: 
Memory allocated:  62.3759765625
Memory cached:  90.0
	 epoch  10 training error:  tensor(0.6189, device='cuda:0', grad_fn=<DivBackward0>)
Memory status after this epoch: 
Memory allocated:  62.3759765625
Memory cached:  92.0
	 epoch  20 training error:  tensor(0.6068, device='cuda:0', grad_fn=<DivBackward0>)
Memory status after this epoch: 
Memory allocated:  62.3759765625
Memory cached:  92.0
	 epoch  30 training error:  tensor(0.5967, device='cuda:0', grad_fn=<DivBackward0>)
Memory status after this epoch: 
Memory allocated:  62.3759765625
Memory cached:  92.0
	 epoch  40 training error:  tensor(0.5951, device='cuda:0', grad_fn=<DivBackward0>)
Memory status after this epoch: 
Memory allocated:  62.3759765625
Memory cached:  92.0
	 epoch  50 training error:  tensor(0.5941, device='cuda:0', grad_fn=<DivBackward0>)
Memory status after this epoch: 
Memory allocated:  62.3759765625
Memory cached:  92.0
	 epoch  60 training error:  tensor(0.5940, device='cuda:0', grad_fn=<DivBackward0>)
Memory status after this epoch: 
Memory allocated:  62.3759765625
Memory cached:  92.0
	 epoch  70 training error:  tensor(0.5940, device='cuda:0', grad_fn=<DivBackward0>)
Memory status after this epoch: 
Memory allocated:  62.3759765625
Memory cached:  92.0
	 epoch  80 training error:  tensor(0.5939, device='cuda:0', grad_fn=<DivBackward0>)
Memory status after this epoch: 
Memory allocated:  62.3759765625
Memory cached:  92.0
	 epoch  90 training error:  tensor(0.5939, device='cuda:0', grad_fn=<DivBackward0>)
Memory status after this epoch: 
Memory allocated:  62.3759765625
Memory cached:  92.0
[I 2023-12-05 01:04:00,848] Trial 3 finished with value: 0.619888961315155 and parameters: {'W_layers': 4, 'W_layer_units_exponent_0': 10, 'W_layer_units_exponent_1': 8, 'W_layer_units_exponent_2': 5, 'W_layer_units_exponent_3': 9, 'D_layers': 5, 'D_layer_units_exponent_0': 4, 'D_layer_units_exponent_1': 8, 'D_layer_units_exponent_2': 7, 'D_layer_units_exponent_3': 6, 'D_layer_units_exponent_4': 6, 'log_learning_rate': -3.5518961580989203, 'log_learning_rate_D': -1.5178324559207228, 'training_batch_size': 9, 'training_p': 7}. Best is trial 0 with value: 0.4625491797924042.
Time for this trial:  15.791252136230469
Memory status after this trial: 
Memory allocated:  103.31396484375
Memory cached:  108.0
--------------------  Trial  4   --------------------
Start timing: 
Parameters: 
{'W_layers': 5, 'W_layer_units_exponent_0': 4, 'W_layer_units_exponent_1': 9, 'W_layer_units_exponent_2': 10, 'W_layer_units_exponent_3': 6, 'W_layer_units_exponent_4': 7, 'D_layers': 4, 'D_layer_units_exponent_0': 4, 'D_layer_units_exponent_1': 5, 'D_layer_units_exponent_2': 9, 'D_layer_units_exponent_3': 10, 'log_learning_rate': -2.2788378661674034, 'log_learning_rate_D': -1.4292138409006818, 'training_batch_size': 11, 'training_p': 8}
	 epoch  0 training error:  tensor(0.9626, device='cuda:0', grad_fn=<DivBackward0>)
Memory status after this epoch: 
Memory allocated:  69.6591796875
Memory cached:  102.0
	 epoch  10 training error:  tensor(0.6995, device='cuda:0', grad_fn=<DivBackward0>)
Memory status after this epoch: 
Memory allocated:  69.6591796875
Memory cached:  102.0
	 epoch  20 training error:  tensor(0.6147, device='cuda:0', grad_fn=<DivBackward0>)
Memory status after this epoch: 
Memory allocated:  69.6591796875
Memory cached:  102.0
	 epoch  30 training error:  tensor(0.6327, device='cuda:0', grad_fn=<DivBackward0>)
Memory status after this epoch: 
Memory allocated:  69.6591796875
Memory cached:  102.0
	 epoch  40 training error:  tensor(0.6128, device='cuda:0', grad_fn=<DivBackward0>)
Memory status after this epoch: 
Memory allocated:  69.6591796875
Memory cached:  102.0
	 epoch  50 training error:  tensor(0.6014, device='cuda:0', grad_fn=<DivBackward0>)
Memory status after this epoch: 
Memory allocated:  69.6591796875
Memory cached:  102.0
	 epoch  60 training error:  tensor(0.5966, device='cuda:0', grad_fn=<DivBackward0>)
Memory status after this epoch: 
Memory allocated:  69.6591796875
Memory cached:  102.0
	 epoch  70 training error:  tensor(0.5950, device='cuda:0', grad_fn=<DivBackward0>)
Memory status after this epoch: 
Memory allocated:  69.6591796875
Memory cached:  102.0
	 epoch  80 training error:  tensor(0.5945, device='cuda:0', grad_fn=<DivBackward0>)
Memory status after this epoch: 
Memory allocated:  69.6591796875
Memory cached:  102.0
	 epoch  90 training error:  tensor(0.5946, device='cuda:0', grad_fn=<DivBackward0>)
Memory status after this epoch: 
Memory allocated:  69.6591796875
Memory cached:  102.0
[I 2023-12-05 01:04:16,439] Trial 4 finished with value: 0.6539621949195862 and parameters: {'W_layers': 5, 'W_layer_units_exponent_0': 4, 'W_layer_units_exponent_1': 9, 'W_layer_units_exponent_2': 10, 'W_layer_units_exponent_3': 6, 'W_layer_units_exponent_4': 7, 'D_layers': 4, 'D_layer_units_exponent_0': 4, 'D_layer_units_exponent_1': 5, 'D_layer_units_exponent_2': 9, 'D_layer_units_exponent_3': 10, 'log_learning_rate': -2.2788378661674034, 'log_learning_rate_D': -1.4292138409006818, 'training_batch_size': 11, 'training_p': 8}. Best is trial 0 with value: 0.4625491797924042.
Time for this trial:  15.504717826843262
Memory status after this trial: 
Memory allocated:  102.96533203125
Memory cached:  126.0
--------------------  Trial  5   --------------------
Start timing: 
Parameters: 
{'W_layers': 4, 'W_layer_units_exponent_0': 10, 'W_layer_units_exponent_1': 8, 'W_layer_units_exponent_2': 7, 'W_layer_units_exponent_3': 9, 'D_layers': 8, 'D_layer_units_exponent_0': 7, 'D_layer_units_exponent_1': 6, 'D_layer_units_exponent_2': 6, 'D_layer_units_exponent_3': 4, 'D_layer_units_exponent_4': 5, 'D_layer_units_exponent_5': 9, 'D_layer_units_exponent_6': 10, 'D_layer_units_exponent_7': 9, 'log_learning_rate': -1.218910590837329, 'log_learning_rate_D': -4.357130135959759, 'training_batch_size': 10, 'training_p': 7}
	 epoch  0 training error:  tensor(1.0404, device='cuda:0', grad_fn=<DivBackward0>)
Memory status after this epoch: 
Memory allocated:  67.9990234375
Memory cached:  90.0
	 epoch  10 training error:  tensor(1103.4873, device='cuda:0', grad_fn=<DivBackward0>)
Memory status after this epoch: 
Memory allocated:  67.9990234375
Memory cached:  90.0
	 epoch  20 training error:  tensor(82.6216, device='cuda:0', grad_fn=<DivBackward0>)
Memory status after this epoch: 
Memory allocated:  67.9990234375
Memory cached:  90.0
	 epoch  30 training error:  tensor(14.1720, device='cuda:0', grad_fn=<DivBackward0>)
Memory status after this epoch: 
Memory allocated:  67.9990234375
Memory cached:  90.0
	 epoch  40 training error:  tensor(28.3277, device='cuda:0', grad_fn=<DivBackward0>)
Memory status after this epoch: 
Memory allocated:  67.9990234375
Memory cached:  90.0
	 epoch  50 training error:  tensor(18.2074, device='cuda:0', grad_fn=<DivBackward0>)
Memory status after this epoch: 
Memory allocated:  67.9990234375
Memory cached:  90.0
	 epoch  60 training error:  tensor(16.2904, device='cuda:0', grad_fn=<DivBackward0>)
Memory status after this epoch: 
Memory allocated:  67.9990234375
Memory cached:  90.0
	 epoch  70 training error:  tensor(14.9383, device='cuda:0', grad_fn=<DivBackward0>)
Memory status after this epoch: 
Memory allocated:  67.9990234375
Memory cached:  90.0
	 epoch  80 training error:  tensor(5.2401, device='cuda:0', grad_fn=<DivBackward0>)
Memory status after this epoch: 
Memory allocated:  67.9990234375
Memory cached:  90.0
	 epoch  90 training error:  tensor(0.8154, device='cuda:0', grad_fn=<DivBackward0>)
Memory status after this epoch: 
Memory allocated:  67.9990234375
Memory cached:  90.0
[I 2023-12-05 01:04:32,401] Trial 5 finished with value: 0.4343257546424866 and parameters: {'W_layers': 4, 'W_layer_units_exponent_0': 10, 'W_layer_units_exponent_1': 8, 'W_layer_units_exponent_2': 7, 'W_layer_units_exponent_3': 9, 'D_layers': 8, 'D_layer_units_exponent_0': 7, 'D_layer_units_exponent_1': 6, 'D_layer_units_exponent_2': 6, 'D_layer_units_exponent_3': 4, 'D_layer_units_exponent_4': 5, 'D_layer_units_exponent_5': 9, 'D_layer_units_exponent_6': 10, 'D_layer_units_exponent_7': 9, 'log_learning_rate': -1.218910590837329, 'log_learning_rate_D': -4.357130135959759, 'training_batch_size': 10, 'training_p': 7}. Best is trial 5 with value: 0.4343257546424866.
res:  tensor(0.4343, device='cuda:0', grad_fn=<DivBackward0>)
self.bestValue:  tensor(0.4625, device='cuda:0', grad_fn=<DivBackward0>)
Save this model!
Time for this trial:  15.872663736343384
Memory status after this trial: 
Memory allocated:  47.333984375
Memory cached:  90.0
--------------------  Trial  6   --------------------
Start timing: 
Parameters: 
{'W_layers': 8, 'W_layer_units_exponent_0': 6, 'W_layer_units_exponent_1': 8, 'W_layer_units_exponent_2': 8, 'W_layer_units_exponent_3': 8, 'W_layer_units_exponent_4': 8, 'W_layer_units_exponent_5': 5, 'W_layer_units_exponent_6': 5, 'W_layer_units_exponent_7': 8, 'D_layers': 5, 'D_layer_units_exponent_0': 9, 'D_layer_units_exponent_1': 5, 'D_layer_units_exponent_2': 10, 'D_layer_units_exponent_3': 6, 'D_layer_units_exponent_4': 5, 'log_learning_rate': -2.1035164096835888, 'log_learning_rate_D': -4.382833607697538, 'training_batch_size': 10, 'training_p': 4}
	 epoch  0 training error:  tensor(1.0540, device='cuda:0', grad_fn=<DivBackward0>)
Memory status after this epoch: 
Memory allocated:  51.3701171875
Memory cached:  92.0
	 epoch  10 training error:  tensor(0.7388, device='cuda:0', grad_fn=<DivBackward0>)
Memory status after this epoch: 
Memory allocated:  51.3701171875
Memory cached:  92.0
	 epoch  20 training error:  tensor(0.7963, device='cuda:0', grad_fn=<DivBackward0>)
Memory status after this epoch: 
Memory allocated:  51.3701171875
Memory cached:  92.0
	 epoch  30 training error:  tensor(0.9125, device='cuda:0', grad_fn=<DivBackward0>)
Memory status after this epoch: 
Memory allocated:  51.3701171875
Memory cached:  92.0
	 epoch  40 training error:  tensor(0.6747, device='cuda:0', grad_fn=<DivBackward0>)
Memory status after this epoch: 
Memory allocated:  51.3701171875
Memory cached:  92.0
	 epoch  50 training error:  tensor(0.5987, device='cuda:0', grad_fn=<DivBackward0>)
Memory status after this epoch: 
Memory allocated:  51.3701171875
Memory cached:  92.0
	 epoch  60 training error:  tensor(0.5863, device='cuda:0', grad_fn=<DivBackward0>)
Memory status after this epoch: 
Memory allocated:  51.3701171875
Memory cached:  92.0
	 epoch  70 training error:  tensor(0.5828, device='cuda:0', grad_fn=<DivBackward0>)
Memory status after this epoch: 
Memory allocated:  51.3701171875
Memory cached:  92.0
	 epoch  80 training error:  tensor(0.5826, device='cuda:0', grad_fn=<DivBackward0>)
Memory status after this epoch: 
Memory allocated:  51.3701171875
Memory cached:  92.0
	 epoch  90 training error:  tensor(0.5826, device='cuda:0', grad_fn=<DivBackward0>)
Memory status after this epoch: 
Memory allocated:  51.3701171875
Memory cached:  92.0
[I 2023-12-05 01:04:48,096] Trial 6 finished with value: 0.48648443818092346 and parameters: {'W_layers': 8, 'W_layer_units_exponent_0': 6, 'W_layer_units_exponent_1': 8, 'W_layer_units_exponent_2': 8, 'W_layer_units_exponent_3': 8, 'W_layer_units_exponent_4': 8, 'W_layer_units_exponent_5': 5, 'W_layer_units_exponent_6': 5, 'W_layer_units_exponent_7': 8, 'D_layers': 5, 'D_layer_units_exponent_0': 9, 'D_layer_units_exponent_1': 5, 'D_layer_units_exponent_2': 10, 'D_layer_units_exponent_3': 6, 'D_layer_units_exponent_4': 5, 'log_learning_rate': -2.1035164096835888, 'log_learning_rate_D': -4.382833607697538, 'training_batch_size': 10, 'training_p': 4}. Best is trial 5 with value: 0.4343257546424866.
Time for this trial:  15.601450443267822
Memory status after this trial: 
Memory allocated:  82.12548828125
Memory cached:  92.0
--------------------  Trial  7   --------------------
Start timing: 
Parameters: 
{'W_layers': 4, 'W_layer_units_exponent_0': 8, 'W_layer_units_exponent_1': 5, 'W_layer_units_exponent_2': 8, 'W_layer_units_exponent_3': 7, 'D_layers': 2, 'D_layer_units_exponent_0': 10, 'D_layer_units_exponent_1': 10, 'log_learning_rate': -1.111365117477919, 'log_learning_rate_D': -1.5983800949724198, 'training_batch_size': 12, 'training_p': 5}
	 epoch  0 training error:  tensor(1.0730, device='cuda:0', grad_fn=<DivBackward0>)
Memory status after this epoch: 
Memory allocated:  52.15380859375
Memory cached:  92.0
	 epoch  10 training error:  tensor(13.2259, device='cuda:0', grad_fn=<DivBackward0>)
Memory status after this epoch: 
Memory allocated:  52.15380859375
Memory cached:  92.0
	 epoch  20 training error:  tensor(15.4253, device='cuda:0', grad_fn=<DivBackward0>)
Memory status after this epoch: 
Memory allocated:  52.15380859375
Memory cached:  92.0
	 epoch  30 training error:  tensor(43.1652, device='cuda:0', grad_fn=<DivBackward0>)
Memory status after this epoch: 
Memory allocated:  52.15380859375
Memory cached:  92.0
	 epoch  40 training error:  tensor(13.3255, device='cuda:0', grad_fn=<DivBackward0>)
Memory status after this epoch: 
Memory allocated:  52.15380859375
Memory cached:  92.0
	 epoch  50 training error:  tensor(2.6283, device='cuda:0', grad_fn=<DivBackward0>)
Memory status after this epoch: 
Memory allocated:  52.15380859375
Memory cached:  92.0
	 epoch  60 training error:  tensor(0.8935, device='cuda:0', grad_fn=<DivBackward0>)
Memory status after this epoch: 
Memory allocated:  52.15380859375
Memory cached:  92.0
	 epoch  70 training error:  tensor(0.6057, device='cuda:0', grad_fn=<DivBackward0>)
Memory status after this epoch: 
Memory allocated:  52.15380859375
Memory cached:  92.0
	 epoch  80 training error:  tensor(0.7290, device='cuda:0', grad_fn=<DivBackward0>)
Memory status after this epoch: 
Memory allocated:  52.15380859375
Memory cached:  92.0
	 epoch  90 training error:  tensor(0.6288, device='cuda:0', grad_fn=<DivBackward0>)
Memory status after this epoch: 
Memory allocated:  52.15380859375
Memory cached:  92.0
