[I 2023-12-03 08:42:37,026] Trial 10 finished with value: 0.11261756718158722 and parameters: {'W_layers': 4, 'W_layer_units_exponent_0': 9, 'W_layer_units_exponent_1': 10, 'W_layer_units_exponent_2': 8, 'W_layer_units_exponent_3': 9, 'D_layers': 8, 'D_layer_units_exponent_0': 9, 'D_layer_units_exponent_1': 4, 'D_layer_units_exponent_2': 4, 'D_layer_units_exponent_3': 8, 'D_layer_units_exponent_4': 10, 'D_layer_units_exponent_5': 4, 'D_layer_units_exponent_6': 4, 'D_layer_units_exponent_7': 10, 'D_dagger_layers': 2, 'D_dagger_layer_units_exponent_0': 7, 'D_dagger_layer_units_exponent_1': 4, 'log_learning_rate': -2.2397726140041017, 'log_learning_rate_D': -3.506433484274877, 'log_learning_rate_D_dagger': -4.830203739306582, 'training_batch_size': 8, 'training_p': 4}. Best is trial 6 with value: 0.10427726805210114.
Time for this trial:  201.57152485847473
Memory status after this trial: 
Memory allocated:  451.06591796875
Memory cached:  474.0
--------------------  Trial  11   --------------------
Start timing: 
Parameters: 
{'W_layers': 5, 'W_layer_units_exponent_0': 8, 'W_layer_units_exponent_1': 6, 'W_layer_units_exponent_2': 4, 'W_layer_units_exponent_3': 7, 'W_layer_units_exponent_4': 4, 'D_layers': 7, 'D_layer_units_exponent_0': 10, 'D_layer_units_exponent_1': 9, 'D_layer_units_exponent_2': 8, 'D_layer_units_exponent_3': 4, 'D_layer_units_exponent_4': 8, 'D_layer_units_exponent_5': 10, 'D_layer_units_exponent_6': 10, 'D_dagger_layers': 3, 'D_dagger_layer_units_exponent_0': 7, 'D_dagger_layer_units_exponent_1': 9, 'D_dagger_layer_units_exponent_2': 8, 'log_learning_rate': -4.979205685360096, 'log_learning_rate_D': -4.892945995802683, 'log_learning_rate_D_dagger': -4.8633214488077705, 'training_batch_size': 7, 'training_p': 7}
	 epoch  0 training error:  tensor(1.0001, device='cuda:0', grad_fn=<DivBackward0>)
Memory status after this epoch: 
Memory allocated:  202.853515625
Memory cached:  388.0
	 epoch  10 training error:  tensor(0.9723, device='cuda:0', grad_fn=<DivBackward0>)
Memory status after this epoch: 
Memory allocated:  202.853515625
Memory cached:  410.0
	 epoch  20 training error:  tensor(0.9443, device='cuda:0', grad_fn=<DivBackward0>)
Memory status after this epoch: 
Memory allocated:  202.853515625
Memory cached:  416.0
	 epoch  30 training error:  tensor(0.9156, device='cuda:0', grad_fn=<DivBackward0>)
Memory status after this epoch: 
Memory allocated:  202.853515625
Memory cached:  398.0
	 epoch  40 training error:  tensor(0.8866, device='cuda:0', grad_fn=<DivBackward0>)
Memory status after this epoch: 
Memory allocated:  202.853515625
Memory cached:  402.0
	 epoch  50 training error:  tensor(0.8575, device='cuda:0', grad_fn=<DivBackward0>)
Memory status after this epoch: 
Memory allocated:  202.853515625
Memory cached:  402.0
	 epoch  60 training error:  tensor(0.8273, device='cuda:0', grad_fn=<DivBackward0>)
Memory status after this epoch: 
Memory allocated:  202.853515625
Memory cached:  410.0
	 epoch  70 training error:  tensor(0.7958, device='cuda:0', grad_fn=<DivBackward0>)
Memory status after this epoch: 
Memory allocated:  202.853515625
Memory cached:  400.0
	 epoch  80 training error:  tensor(0.7626, device='cuda:0', grad_fn=<DivBackward0>)
Memory status after this epoch: 
Memory allocated:  202.853515625
Memory cached:  406.0
	 epoch  90 training error:  tensor(0.7276, device='cuda:0', grad_fn=<DivBackward0>)
Memory status after this epoch: 
Memory allocated:  202.853515625
Memory cached:  418.0
[I 2023-12-03 08:46:11,458] Trial 11 finished with value: 0.6701672673225403 and parameters: {'W_layers': 5, 'W_layer_units_exponent_0': 8, 'W_layer_units_exponent_1': 6, 'W_layer_units_exponent_2': 4, 'W_layer_units_exponent_3': 7, 'W_layer_units_exponent_4': 4, 'D_layers': 7, 'D_layer_units_exponent_0': 10, 'D_layer_units_exponent_1': 9, 'D_layer_units_exponent_2': 8, 'D_layer_units_exponent_3': 4, 'D_layer_units_exponent_4': 8, 'D_layer_units_exponent_5': 10, 'D_layer_units_exponent_6': 10, 'D_dagger_layers': 3, 'D_dagger_layer_units_exponent_0': 7, 'D_dagger_layer_units_exponent_1': 9, 'D_dagger_layer_units_exponent_2': 8, 'log_learning_rate': -4.979205685360096, 'log_learning_rate_D': -4.892945995802683, 'log_learning_rate_D_dagger': -4.8633214488077705, 'training_batch_size': 7, 'training_p': 7}. Best is trial 6 with value: 0.10427726805210114.
Time for this trial:  214.18448996543884
Memory status after this trial: 
Memory allocated:  467.9599609375
Memory cached:  482.0
--------------------  Trial  12   --------------------
Start timing: 
Parameters: 
{'W_layers': 5, 'W_layer_units_exponent_0': 7, 'W_layer_units_exponent_1': 6, 'W_layer_units_exponent_2': 10, 'W_layer_units_exponent_3': 6, 'W_layer_units_exponent_4': 4, 'D_layers': 7, 'D_layer_units_exponent_0': 9, 'D_layer_units_exponent_1': 4, 'D_layer_units_exponent_2': 4, 'D_layer_units_exponent_3': 6, 'D_layer_units_exponent_4': 7, 'D_layer_units_exponent_5': 10, 'D_layer_units_exponent_6': 7, 'D_dagger_layers': 6, 'D_dagger_layer_units_exponent_0': 6, 'D_dagger_layer_units_exponent_1': 8, 'D_dagger_layer_units_exponent_2': 8, 'D_dagger_layer_units_exponent_3': 7, 'D_dagger_layer_units_exponent_4': 10, 'D_dagger_layer_units_exponent_5': 10, 'log_learning_rate': -2.667774425741057, 'log_learning_rate_D': -3.756759402719541, 'log_learning_rate_D_dagger': -2.7598761104541416, 'training_batch_size': 9, 'training_p': 7}
	 epoch  0 training error:  tensor(0.9973, device='cuda:0', grad_fn=<DivBackward0>)
Memory status after this epoch: 
Memory allocated:  195.49609375
Memory cached:  374.0
	 epoch  10 training error:  tensor(0.3122, device='cuda:0', grad_fn=<DivBackward0>)
Memory status after this epoch: 
Memory allocated:  195.49609375
Memory cached:  418.0
	 epoch  20 training error:  tensor(0.1931, device='cuda:0', grad_fn=<DivBackward0>)
Memory status after this epoch: 
Memory allocated:  195.49609375
Memory cached:  418.0
	 epoch  30 training error:  tensor(0.1912, device='cuda:0', grad_fn=<DivBackward0>)
Memory status after this epoch: 
Memory allocated:  195.49609375
Memory cached:  412.0
	 epoch  40 training error:  tensor(0.1867, device='cuda:0', grad_fn=<DivBackward0>)
Memory status after this epoch: 
Memory allocated:  195.49609375
Memory cached:  396.0
	 epoch  50 training error:  tensor(0.1471, device='cuda:0', grad_fn=<DivBackward0>)
Memory status after this epoch: 
Memory allocated:  195.49609375
Memory cached:  390.0
	 epoch  60 training error:  tensor(0.1459, device='cuda:0', grad_fn=<DivBackward0>)
Memory status after this epoch: 
Memory allocated:  195.49609375
Memory cached:  390.0
	 epoch  70 training error:  tensor(0.1482, device='cuda:0', grad_fn=<DivBackward0>)
Memory status after this epoch: 
Memory allocated:  195.49609375
Memory cached:  402.0
	 epoch  80 training error:  tensor(0.1452, device='cuda:0', grad_fn=<DivBackward0>)
Memory status after this epoch: 
Memory allocated:  195.49609375
Memory cached:  402.0
	 epoch  90 training error:  tensor(0.1461, device='cuda:0', grad_fn=<DivBackward0>)
Memory status after this epoch: 
Memory allocated:  195.49609375
Memory cached:  400.0
[I 2023-12-03 08:50:09,779] Trial 12 finished with value: 0.1160394698381424 and parameters: {'W_layers': 5, 'W_layer_units_exponent_0': 7, 'W_layer_units_exponent_1': 6, 'W_layer_units_exponent_2': 10, 'W_layer_units_exponent_3': 6, 'W_layer_units_exponent_4': 4, 'D_layers': 7, 'D_layer_units_exponent_0': 9, 'D_layer_units_exponent_1': 4, 'D_layer_units_exponent_2': 4, 'D_layer_units_exponent_3': 6, 'D_layer_units_exponent_4': 7, 'D_layer_units_exponent_5': 10, 'D_layer_units_exponent_6': 7, 'D_dagger_layers': 6, 'D_dagger_layer_units_exponent_0': 6, 'D_dagger_layer_units_exponent_1': 8, 'D_dagger_layer_units_exponent_2': 8, 'D_dagger_layer_units_exponent_3': 7, 'D_dagger_layer_units_exponent_4': 10, 'D_dagger_layer_units_exponent_5': 10, 'log_learning_rate': -2.667774425741057, 'log_learning_rate_D': -3.756759402719541, 'log_learning_rate_D_dagger': -2.7598761104541416, 'training_batch_size': 9, 'training_p': 7}. Best is trial 6 with value: 0.10427726805210114.
Time for this trial:  238.05093622207642
Memory status after this trial: 
Memory allocated:  490.30126953125
Memory cached:  508.0
--------------------  Trial  13   --------------------
Start timing: 
Parameters: 
{'W_layers': 6, 'W_layer_units_exponent_0': 4, 'W_layer_units_exponent_1': 7, 'W_layer_units_exponent_2': 4, 'W_layer_units_exponent_3': 6, 'W_layer_units_exponent_4': 10, 'W_layer_units_exponent_5': 4, 'D_layers': 6, 'D_layer_units_exponent_0': 8, 'D_layer_units_exponent_1': 5, 'D_layer_units_exponent_2': 10, 'D_layer_units_exponent_3': 5, 'D_layer_units_exponent_4': 7, 'D_layer_units_exponent_5': 7, 'D_dagger_layers': 4, 'D_dagger_layer_units_exponent_0': 8, 'D_dagger_layer_units_exponent_1': 9, 'D_dagger_layer_units_exponent_2': 6, 'D_dagger_layer_units_exponent_3': 6, 'log_learning_rate': -1.9711859302042307, 'log_learning_rate_D': -4.124063855566074, 'log_learning_rate_D_dagger': -1.0306314304528503, 'training_batch_size': 12, 'training_p': 4}
	 epoch  0 training error:  tensor(1.0091, device='cuda:0', grad_fn=<DivBackward0>)
Memory status after this epoch: 
Memory allocated:  174.61328125
Memory cached:  348.0
	 epoch  10 training error:  tensor(24.0715, device='cuda:0', grad_fn=<DivBackward0>)
Memory status after this epoch: 
Memory allocated:  174.61328125
Memory cached:  362.0
	 epoch  20 training error:  tensor(54.4150, device='cuda:0', grad_fn=<DivBackward0>)
Memory status after this epoch: 
Memory allocated:  174.61328125
Memory cached:  360.0
	 epoch  30 training error:  tensor(106.9578, device='cuda:0', grad_fn=<DivBackward0>)
Memory status after this epoch: 
Memory allocated:  174.61328125
Memory cached:  364.0
	 epoch  40 training error:  tensor(19.2337, device='cuda:0', grad_fn=<DivBackward0>)
Memory status after this epoch: 
Memory allocated:  174.61328125
Memory cached:  362.0
	 epoch  50 training error:  tensor(1.5984, device='cuda:0', grad_fn=<DivBackward0>)
Memory status after this epoch: 
Memory allocated:  174.61328125
Memory cached:  366.0
	 epoch  60 training error:  tensor(1.4679, device='cuda:0', grad_fn=<DivBackward0>)
Memory status after this epoch: 
Memory allocated:  174.61328125
Memory cached:  358.0
	 epoch  70 training error:  tensor(1.7242, device='cuda:0', grad_fn=<DivBackward0>)
Memory status after this epoch: 
Memory allocated:  174.61328125
Memory cached:  362.0
	 epoch  80 training error:  tensor(0.2421, device='cuda:0', grad_fn=<DivBackward0>)
Memory status after this epoch: 
Memory allocated:  174.61328125
Memory cached:  368.0
	 epoch  90 training error:  tensor(0.2190, device='cuda:0', grad_fn=<DivBackward0>)
Memory status after this epoch: 
Memory allocated:  174.61328125
Memory cached:  360.0
[I 2023-12-03 08:53:38,305] Trial 13 finished with value: 0.09877533465623856 and parameters: {'W_layers': 6, 'W_layer_units_exponent_0': 4, 'W_layer_units_exponent_1': 7, 'W_layer_units_exponent_2': 4, 'W_layer_units_exponent_3': 6, 'W_layer_units_exponent_4': 10, 'W_layer_units_exponent_5': 4, 'D_layers': 6, 'D_layer_units_exponent_0': 8, 'D_layer_units_exponent_1': 5, 'D_layer_units_exponent_2': 10, 'D_layer_units_exponent_3': 5, 'D_layer_units_exponent_4': 7, 'D_layer_units_exponent_5': 7, 'D_dagger_layers': 4, 'D_dagger_layer_units_exponent_0': 8, 'D_dagger_layer_units_exponent_1': 9, 'D_dagger_layer_units_exponent_2': 6, 'D_dagger_layer_units_exponent_3': 6, 'log_learning_rate': -1.9711859302042307, 'log_learning_rate_D': -4.124063855566074, 'log_learning_rate_D_dagger': -1.0306314304528503, 'training_batch_size': 12, 'training_p': 4}. Best is trial 13 with value: 0.09877533465623856.
res:  tensor(0.0988, device='cuda:0', grad_fn=<DivBackward0>)
self.bestValue:  tensor(0.1043, device='cuda:0', grad_fn=<DivBackward0>)
Save this model!
Time for this trial:  208.2415976524353
Memory status after this trial: 
Memory allocated:  202.10498046875
Memory cached:  374.0
--------------------  Trial  14   --------------------
Start timing: 
Parameters: 
{'W_layers': 7, 'W_layer_units_exponent_0': 4, 'W_layer_units_exponent_1': 8, 'W_layer_units_exponent_2': 4, 'W_layer_units_exponent_3': 8, 'W_layer_units_exponent_4': 10, 'W_layer_units_exponent_5': 4, 'W_layer_units_exponent_6': 10, 'D_layers': 6, 'D_layer_units_exponent_0': 8, 'D_layer_units_exponent_1': 5, 'D_layer_units_exponent_2': 8, 'D_layer_units_exponent_3': 7, 'D_layer_units_exponent_4': 9, 'D_layer_units_exponent_5': 6, 'D_dagger_layers': 4, 'D_dagger_layer_units_exponent_0': 8, 'D_dagger_layer_units_exponent_1': 9, 'D_dagger_layer_units_exponent_2': 6, 'D_dagger_layer_units_exponent_3': 5, 'log_learning_rate': -1.900557014457824, 'log_learning_rate_D': -3.740735499333878, 'log_learning_rate_D_dagger': -1.120107213644098, 'training_batch_size': 7, 'training_p': 3}
	 epoch  0 training error:  tensor(1.0039, device='cuda:0', grad_fn=<DivBackward0>)
Memory status after this epoch: 
Memory allocated:  211.77587890625
Memory cached:  370.0
	 epoch  10 training error:  tensor(8.2083, device='cuda:0', grad_fn=<DivBackward0>)
Memory status after this epoch: 
Memory allocated:  211.77587890625
Memory cached:  400.0
	 epoch  20 training error:  tensor(0.1687, device='cuda:0', grad_fn=<DivBackward0>)
Memory status after this epoch: 
Memory allocated:  211.77587890625
Memory cached:  390.0
	 epoch  30 training error:  tensor(24.3647, device='cuda:0', grad_fn=<DivBackward0>)
Memory status after this epoch: 
Memory allocated:  211.77587890625
Memory cached:  396.0
	 epoch  40 training error:  tensor(0.6871, device='cuda:0', grad_fn=<DivBackward0>)
Memory status after this epoch: 
Memory allocated:  211.77587890625
Memory cached:  394.0
	 epoch  50 training error:  tensor(1.6947, device='cuda:0', grad_fn=<DivBackward0>)
Memory status after this epoch: 
Memory allocated:  211.77587890625
Memory cached:  386.0
	 epoch  60 training error:  tensor(1.0896, device='cuda:0', grad_fn=<DivBackward0>)
Memory status after this epoch: 
Memory allocated:  211.77587890625
Memory cached:  386.0
	 epoch  70 training error:  tensor(0.4014, device='cuda:0', grad_fn=<DivBackward0>)
Memory status after this epoch: 
Memory allocated:  211.77587890625
Memory cached:  398.0
	 epoch  80 training error:  tensor(0.5952, device='cuda:0', grad_fn=<DivBackward0>)
Memory status after this epoch: 
Memory allocated:  211.77587890625
Memory cached:  400.0
	 epoch  90 training error:  tensor(0.1872, device='cuda:0', grad_fn=<DivBackward0>)
Memory status after this epoch: 
Memory allocated:  211.77587890625
Memory cached:  392.0
[I 2023-12-03 08:57:25,201] Trial 14 finished with value: 0.16437192261219025 and parameters: {'W_layers': 7, 'W_layer_units_exponent_0': 4, 'W_layer_units_exponent_1': 8, 'W_layer_units_exponent_2': 4, 'W_layer_units_exponent_3': 8, 'W_layer_units_exponent_4': 10, 'W_layer_units_exponent_5': 4, 'W_layer_units_exponent_6': 10, 'D_layers': 6, 'D_layer_units_exponent_0': 8, 'D_layer_units_exponent_1': 5, 'D_layer_units_exponent_2': 8, 'D_layer_units_exponent_3': 7, 'D_layer_units_exponent_4': 9, 'D_layer_units_exponent_5': 6, 'D_dagger_layers': 4, 'D_dagger_layer_units_exponent_0': 8, 'D_dagger_layer_units_exponent_1': 9, 'D_dagger_layer_units_exponent_2': 6, 'D_dagger_layer_units_exponent_3': 5, 'log_learning_rate': -1.900557014457824, 'log_learning_rate_D': -3.740735499333878, 'log_learning_rate_D_dagger': -1.120107213644098, 'training_batch_size': 7, 'training_p': 3}. Best is trial 13 with value: 0.09877533465623856.
Time for this trial:  226.67588186264038
Memory status after this trial: 
Memory allocated:  450.72802734375
Memory cached:  456.0
--------------------  Trial  15   --------------------
Start timing: 
Parameters: 
{'W_layers': 6, 'W_layer_units_exponent_0': 10, 'W_layer_units_exponent_1': 7, 'W_layer_units_exponent_2': 5, 'W_layer_units_exponent_3': 6, 'W_layer_units_exponent_4': 10, 'W_layer_units_exponent_5': 4, 'D_layers': 4, 'D_layer_units_exponent_0': 8, 'D_layer_units_exponent_1': 5, 'D_layer_units_exponent_2': 5, 'D_layer_units_exponent_3': 10, 'D_dagger_layers': 4, 'D_dagger_layer_units_exponent_0': 10, 'D_dagger_layer_units_exponent_1': 9, 'D_dagger_layer_units_exponent_2': 9, 'D_dagger_layer_units_exponent_3': 6, 'log_learning_rate': -2.0798246486546703, 'log_learning_rate_D': -4.998459041941581, 'log_learning_rate_D_dagger': -1.0358344786078502, 'training_batch_size': 12, 'training_p': 4}
	 epoch  0 training error:  tensor(0.9920, device='cuda:0', grad_fn=<DivBackward0>)
Memory status after this epoch: 
Memory allocated:  218.92431640625
Memory cached:  390.0
	 epoch  10 training error:  tensor(829.8732, device='cuda:0', grad_fn=<DivBackward0>)
Memory status after this epoch: 
Memory allocated:  218.92431640625
Memory cached:  394.0
	 epoch  20 training error:  tensor(5.9166, device='cuda:0', grad_fn=<DivBackward0>)
Memory status after this epoch: 
Memory allocated:  218.92431640625
Memory cached:  394.0
	 epoch  30 training error:  tensor(8.6198, device='cuda:0', grad_fn=<DivBackward0>)
Memory status after this epoch: 
Memory allocated:  218.92431640625
Memory cached:  390.0
	 epoch  40 training error:  tensor(0.3752, device='cuda:0', grad_fn=<DivBackward0>)
Memory status after this epoch: 
Memory allocated:  218.92431640625
Memory cached:  394.0
	 epoch  50 training error:  tensor(0.1637, device='cuda:0', grad_fn=<DivBackward0>)
Memory status after this epoch: 
Memory allocated:  218.92431640625
Memory cached:  396.0
	 epoch  60 training error:  tensor(0.1655, device='cuda:0', grad_fn=<DivBackward0>)
Memory status after this epoch: 
Memory allocated:  218.92431640625
Memory cached:  394.0
	 epoch  70 training error:  tensor(0.1640, device='cuda:0', grad_fn=<DivBackward0>)
Memory status after this epoch: 
Memory allocated:  218.92431640625
Memory cached:  396.0
	 epoch  80 training error:  tensor(0.1637, device='cuda:0', grad_fn=<DivBackward0>)
Memory status after this epoch: 
Memory allocated:  218.92431640625
Memory cached:  394.0
	 epoch  90 training error:  tensor(0.1636, device='cuda:0', grad_fn=<DivBackward0>)
Memory status after this epoch: 
Memory allocated:  218.92431640625
Memory cached:  390.0
[I 2023-12-03 09:00:55,914] Trial 15 finished with value: 0.11525850743055344 and parameters: {'W_layers': 6, 'W_layer_units_exponent_0': 10, 'W_layer_units_exponent_1': 7, 'W_layer_units_exponent_2': 5, 'W_layer_units_exponent_3': 6, 'W_layer_units_exponent_4': 10, 'W_layer_units_exponent_5': 4, 'D_layers': 4, 'D_layer_units_exponent_0': 8, 'D_layer_units_exponent_1': 5, 'D_layer_units_exponent_2': 5, 'D_layer_units_exponent_3': 10, 'D_dagger_layers': 4, 'D_dagger_layer_units_exponent_0': 10, 'D_dagger_layer_units_exponent_1': 9, 'D_dagger_layer_units_exponent_2': 9, 'D_dagger_layer_units_exponent_3': 6, 'log_learning_rate': -2.0798246486546703, 'log_learning_rate_D': -4.998459041941581, 'log_learning_rate_D_dagger': -1.0358344786078502, 'training_batch_size': 12, 'training_p': 4}. Best is trial 13 with value: 0.09877533465623856.
Time for this trial:  210.4521701335907
Memory status after this trial: 
Memory allocated:  508.767578125
Memory cached:  530.0
--------------------  Trial  16   --------------------
Start timing: 
Parameters: 
{'W_layers': 4, 'W_layer_units_exponent_0': 4, 'W_layer_units_exponent_1': 8, 'W_layer_units_exponent_2': 8, 'W_layer_units_exponent_3': 7, 'D_layers': 6, 'D_layer_units_exponent_0': 8, 'D_layer_units_exponent_1': 6, 'D_layer_units_exponent_2': 8, 'D_layer_units_exponent_3': 5, 'D_layer_units_exponent_4': 6, 'D_layer_units_exponent_5': 7, 'D_dagger_layers': 3, 'D_dagger_layer_units_exponent_0': 8, 'D_dagger_layer_units_exponent_1': 4, 'D_dagger_layer_units_exponent_2': 6, 'log_learning_rate': -1.656842175441653, 'log_learning_rate_D': -3.2838184331789653, 'log_learning_rate_D_dagger': -2.2270521280797997, 'training_batch_size': 8, 'training_p': 4}
	 epoch  0 training error:  tensor(0.9890, device='cuda:0', grad_fn=<DivBackward0>)
Memory status after this epoch: 
Memory allocated:  204.66845703125
Memory cached:  374.0
	 epoch  10 training error:  tensor(0.6231, device='cuda:0', grad_fn=<DivBackward0>)
Memory status after this epoch: 
Memory allocated:  204.66845703125
Memory cached:  372.0
	 epoch  20 training error:  tensor(0.1826, device='cuda:0', grad_fn=<DivBackward0>)
Memory status after this epoch: 
Memory allocated:  204.66845703125
Memory cached:  372.0
	 epoch  30 training error:  tensor(0.1394, device='cuda:0', grad_fn=<DivBackward0>)
Memory status after this epoch: 
Memory allocated:  204.66845703125
Memory cached:  370.0
	 epoch  40 training error:  tensor(0.1323, device='cuda:0', grad_fn=<DivBackward0>)
Memory status after this epoch: 
Memory allocated:  204.66845703125
Memory cached:  376.0
	 epoch  50 training error:  tensor(0.1260, device='cuda:0', grad_fn=<DivBackward0>)
Memory status after this epoch: 
Memory allocated:  204.66845703125
Memory cached:  382.0
	 epoch  60 training error:  tensor(0.1210, device='cuda:0', grad_fn=<DivBackward0>)
Memory status after this epoch: 
Memory allocated:  204.66845703125
Memory cached:  378.0
	 epoch  70 training error:  tensor(0.1165, device='cuda:0', grad_fn=<DivBackward0>)
Memory status after this epoch: 
Memory allocated:  204.66845703125
Memory cached:  374.0
	 epoch  80 training error:  tensor(0.1032, device='cuda:0', grad_fn=<DivBackward0>)
Memory status after this epoch: 
Memory allocated:  204.66845703125
Memory cached:  378.0
	 epoch  90 training error:  tensor(0.0811, device='cuda:0', grad_fn=<DivBackward0>)
Memory status after this epoch: 
Memory allocated:  204.66845703125
Memory cached:  376.0
