[I 2023-12-03 02:45:20,588] Trial 16 finished with value: 0.13025423884391785 and parameters: {'W_layers': 6, 'W_layer_units_exponent_0': 8, 'W_layer_units_exponent_1': 8, 'W_layer_units_exponent_2': 6, 'W_layer_units_exponent_3': 9, 'W_layer_units_exponent_4': 9, 'W_layer_units_exponent_5': 6, 'D_layers': 7, 'D_layer_units_exponent_0': 9, 'D_layer_units_exponent_1': 8, 'D_layer_units_exponent_2': 8, 'D_layer_units_exponent_3': 6, 'D_layer_units_exponent_4': 5, 'D_layer_units_exponent_5': 7, 'D_layer_units_exponent_6': 4, 'D_dagger_layers': 6, 'D_dagger_layer_units_exponent_0': 8, 'D_dagger_layer_units_exponent_1': 7, 'D_dagger_layer_units_exponent_2': 8, 'D_dagger_layer_units_exponent_3': 5, 'D_dagger_layer_units_exponent_4': 7, 'D_dagger_layer_units_exponent_5': 4, 'log_learning_rate': -3.252959172234083, 'log_learning_rate_D': -1.6827321170098615, 'log_learning_rate_D_dagger': -2.849236055537598, 'training_batch_size': 7, 'training_p': 3}. Best is trial 12 with value: 0.053665149956941605.
Time for this trial:  232.95187616348267
Memory status after this trial: 
Memory allocated:  452.95751953125
Memory cached:  460.0
--------------------  Trial  17   --------------------
Start timing: 
Parameters: 
{'W_layers': 5, 'W_layer_units_exponent_0': 8, 'W_layer_units_exponent_1': 5, 'W_layer_units_exponent_2': 6, 'W_layer_units_exponent_3': 6, 'W_layer_units_exponent_4': 8, 'D_layers': 2, 'D_layer_units_exponent_0': 8, 'D_layer_units_exponent_1': 6, 'D_dagger_layers': 3, 'D_dagger_layer_units_exponent_0': 9, 'D_dagger_layer_units_exponent_1': 10, 'D_dagger_layer_units_exponent_2': 9, 'log_learning_rate': -2.549144461985737, 'log_learning_rate_D': -2.343867467155518, 'log_learning_rate_D_dagger': -4.168078399925929, 'training_batch_size': 8, 'training_p': 4}
	 epoch  0 training error:  tensor(0.6777, device='cuda:0', grad_fn=<DivBackward0>)
Memory status after this epoch: 
Memory allocated:  265.17333984375
Memory cached:  484.0
	 epoch  10 training error:  tensor(0.3359, device='cuda:0', grad_fn=<DivBackward0>)
Memory status after this epoch: 
Memory allocated:  265.17333984375
Memory cached:  488.0
	 epoch  20 training error:  tensor(0.2497, device='cuda:0', grad_fn=<DivBackward0>)
Memory status after this epoch: 
Memory allocated:  265.17333984375
Memory cached:  490.0
	 epoch  30 training error:  tensor(0.1169, device='cuda:0', grad_fn=<DivBackward0>)
Memory status after this epoch: 
Memory allocated:  265.17333984375
Memory cached:  490.0
	 epoch  40 training error:  tensor(0.0820, device='cuda:0', grad_fn=<DivBackward0>)
Memory status after this epoch: 
Memory allocated:  265.17333984375
Memory cached:  490.0
	 epoch  50 training error:  tensor(0.0646, device='cuda:0', grad_fn=<DivBackward0>)
Memory status after this epoch: 
Memory allocated:  265.17333984375
Memory cached:  488.0
	 epoch  60 training error:  tensor(0.0526, device='cuda:0', grad_fn=<DivBackward0>)
Memory status after this epoch: 
Memory allocated:  265.17333984375
Memory cached:  486.0
	 epoch  70 training error:  tensor(0.0497, device='cuda:0', grad_fn=<DivBackward0>)
Memory status after this epoch: 
Memory allocated:  265.17333984375
Memory cached:  488.0
	 epoch  80 training error:  tensor(0.0529, device='cuda:0', grad_fn=<DivBackward0>)
Memory status after this epoch: 
Memory allocated:  265.17333984375
Memory cached:  486.0
	 epoch  90 training error:  tensor(0.0480, device='cuda:0', grad_fn=<DivBackward0>)
Memory status after this epoch: 
Memory allocated:  265.17333984375
Memory cached:  490.0
[I 2023-12-03 02:48:00,164] Trial 17 finished with value: 0.04461294040083885 and parameters: {'W_layers': 5, 'W_layer_units_exponent_0': 8, 'W_layer_units_exponent_1': 5, 'W_layer_units_exponent_2': 6, 'W_layer_units_exponent_3': 6, 'W_layer_units_exponent_4': 8, 'D_layers': 2, 'D_layer_units_exponent_0': 8, 'D_layer_units_exponent_1': 6, 'D_dagger_layers': 3, 'D_dagger_layer_units_exponent_0': 9, 'D_dagger_layer_units_exponent_1': 10, 'D_dagger_layer_units_exponent_2': 9, 'log_learning_rate': -2.549144461985737, 'log_learning_rate_D': -2.343867467155518, 'log_learning_rate_D_dagger': -4.168078399925929, 'training_batch_size': 8, 'training_p': 4}. Best is trial 17 with value: 0.04461294040083885.
res:  tensor(0.0446, device='cuda:0', grad_fn=<DivBackward0>)
self.bestValue:  tensor(0.0537, device='cuda:0', grad_fn=<DivBackward0>)
Save this model!
Time for this trial:  159.33186388015747
Memory status after this trial: 
Memory allocated:  164.65576171875
Memory cached:  460.0
--------------------  Trial  18   --------------------
Start timing: 
Parameters: 
{'W_layers': 5, 'W_layer_units_exponent_0': 8, 'W_layer_units_exponent_1': 4, 'W_layer_units_exponent_2': 5, 'W_layer_units_exponent_3': 6, 'W_layer_units_exponent_4': 8, 'D_layers': 2, 'D_layer_units_exponent_0': 8, 'D_layer_units_exponent_1': 6, 'D_dagger_layers': 3, 'D_dagger_layer_units_exponent_0': 10, 'D_dagger_layer_units_exponent_1': 4, 'D_dagger_layer_units_exponent_2': 9, 'log_learning_rate': -2.4984633633540603, 'log_learning_rate_D': -2.3649951063377417, 'log_learning_rate_D_dagger': -4.295511279189726, 'training_batch_size': 8, 'training_p': 6}
	 epoch  0 training error:  tensor(1.3500, device='cuda:0', grad_fn=<DivBackward0>)
Memory status after this epoch: 
Memory allocated:  165.78173828125
Memory cached:  440.0
	 epoch  10 training error:  tensor(0.3679, device='cuda:0', grad_fn=<DivBackward0>)
Memory status after this epoch: 
Memory allocated:  165.78173828125
Memory cached:  456.0
	 epoch  20 training error:  tensor(0.1159, device='cuda:0', grad_fn=<DivBackward0>)
Memory status after this epoch: 
Memory allocated:  165.78173828125
Memory cached:  450.0
	 epoch  30 training error:  tensor(0.1165, device='cuda:0', grad_fn=<DivBackward0>)
Memory status after this epoch: 
Memory allocated:  165.78173828125
Memory cached:  452.0
	 epoch  40 training error:  tensor(0.0958, device='cuda:0', grad_fn=<DivBackward0>)
Memory status after this epoch: 
Memory allocated:  165.78173828125
Memory cached:  452.0
	 epoch  50 training error:  tensor(0.0848, device='cuda:0', grad_fn=<DivBackward0>)
Memory status after this epoch: 
Memory allocated:  165.78173828125
Memory cached:  450.0
	 epoch  60 training error:  tensor(0.0922, device='cuda:0', grad_fn=<DivBackward0>)
Memory status after this epoch: 
Memory allocated:  165.78173828125
Memory cached:  452.0
	 epoch  70 training error:  tensor(0.0806, device='cuda:0', grad_fn=<DivBackward0>)
Memory status after this epoch: 
Memory allocated:  165.78173828125
Memory cached:  446.0
	 epoch  80 training error:  tensor(0.0854, device='cuda:0', grad_fn=<DivBackward0>)
Memory status after this epoch: 
Memory allocated:  165.78173828125
Memory cached:  450.0
	 epoch  90 training error:  tensor(0.0815, device='cuda:0', grad_fn=<DivBackward0>)
Memory status after this epoch: 
Memory allocated:  165.78173828125
Memory cached:  454.0
[I 2023-12-03 02:50:32,581] Trial 18 finished with value: 0.06268718093633652 and parameters: {'W_layers': 5, 'W_layer_units_exponent_0': 8, 'W_layer_units_exponent_1': 4, 'W_layer_units_exponent_2': 5, 'W_layer_units_exponent_3': 6, 'W_layer_units_exponent_4': 8, 'D_layers': 2, 'D_layer_units_exponent_0': 8, 'D_layer_units_exponent_1': 6, 'D_dagger_layers': 3, 'D_dagger_layer_units_exponent_0': 10, 'D_dagger_layer_units_exponent_1': 4, 'D_dagger_layer_units_exponent_2': 9, 'log_learning_rate': -2.4984633633540603, 'log_learning_rate_D': -2.3649951063377417, 'log_learning_rate_D_dagger': -4.295511279189726, 'training_batch_size': 8, 'training_p': 6}. Best is trial 17 with value: 0.04461294040083885.
Time for this trial:  152.22534441947937
Memory status after this trial: 
Memory allocated:  292.65625
Memory cached:  446.0
--------------------  Trial  19   --------------------
Start timing: 
Parameters: 
{'W_layers': 3, 'W_layer_units_exponent_0': 9, 'W_layer_units_exponent_1': 5, 'W_layer_units_exponent_2': 6, 'D_layers': 3, 'D_layer_units_exponent_0': 9, 'D_layer_units_exponent_1': 7, 'D_layer_units_exponent_2': 10, 'D_dagger_layers': 3, 'D_dagger_layer_units_exponent_0': 9, 'D_dagger_layer_units_exponent_1': 9, 'D_dagger_layer_units_exponent_2': 9, 'log_learning_rate': -3.0685564430579726, 'log_learning_rate_D': -1.4008620088699943, 'log_learning_rate_D_dagger': -4.996320141943886, 'training_batch_size': 7, 'training_p': 5}
	 epoch  0 training error:  tensor(1.0001, device='cuda:0', grad_fn=<DivBackward0>)
Memory status after this epoch: 
Memory allocated:  176.10205078125
Memory cached:  440.0
	 epoch  10 training error:  tensor(0.1912, device='cuda:0', grad_fn=<DivBackward0>)
Memory status after this epoch: 
Memory allocated:  176.10205078125
Memory cached:  446.0
	 epoch  20 training error:  tensor(0.1432, device='cuda:0', grad_fn=<DivBackward0>)
Memory status after this epoch: 
Memory allocated:  176.10205078125
Memory cached:  448.0
	 epoch  30 training error:  tensor(0.1592, device='cuda:0', grad_fn=<DivBackward0>)
Memory status after this epoch: 
Memory allocated:  176.10205078125
Memory cached:  450.0
	 epoch  40 training error:  tensor(0.1557, device='cuda:0', grad_fn=<DivBackward0>)
Memory status after this epoch: 
Memory allocated:  176.10205078125
Memory cached:  446.0
	 epoch  50 training error:  tensor(0.1462, device='cuda:0', grad_fn=<DivBackward0>)
Memory status after this epoch: 
Memory allocated:  176.10205078125
Memory cached:  448.0
	 epoch  60 training error:  tensor(0.1365, device='cuda:0', grad_fn=<DivBackward0>)
Memory status after this epoch: 
Memory allocated:  176.10205078125
Memory cached:  446.0
	 epoch  70 training error:  tensor(0.1427, device='cuda:0', grad_fn=<DivBackward0>)
Memory status after this epoch: 
Memory allocated:  176.10205078125
Memory cached:  448.0
	 epoch  80 training error:  tensor(0.1391, device='cuda:0', grad_fn=<DivBackward0>)
Memory status after this epoch: 
Memory allocated:  176.10205078125
Memory cached:  446.0
	 epoch  90 training error:  tensor(0.1365, device='cuda:0', grad_fn=<DivBackward0>)
Memory status after this epoch: 
Memory allocated:  176.10205078125
Memory cached:  448.0
[I 2023-12-03 02:53:07,327] Trial 19 finished with value: 0.12894557416439056 and parameters: {'W_layers': 3, 'W_layer_units_exponent_0': 9, 'W_layer_units_exponent_1': 5, 'W_layer_units_exponent_2': 6, 'D_layers': 3, 'D_layer_units_exponent_0': 9, 'D_layer_units_exponent_1': 7, 'D_layer_units_exponent_2': 10, 'D_dagger_layers': 3, 'D_dagger_layer_units_exponent_0': 9, 'D_dagger_layer_units_exponent_1': 9, 'D_dagger_layer_units_exponent_2': 9, 'log_learning_rate': -3.0685564430579726, 'log_learning_rate_D': -1.4008620088699943, 'log_learning_rate_D_dagger': -4.996320141943886, 'training_batch_size': 7, 'training_p': 5}. Best is trial 17 with value: 0.04461294040083885.
Time for this trial:  154.53668093681335
Memory status after this trial: 
Memory allocated:  361.0390625
Memory cached:  442.0
--------------------  Trial  20   --------------------
Start timing: 
Parameters: 
{'W_layers': 2, 'W_layer_units_exponent_0': 8, 'W_layer_units_exponent_1': 4, 'D_layers': 2, 'D_layer_units_exponent_0': 8, 'D_layer_units_exponent_1': 6, 'D_dagger_layers': 6, 'D_dagger_layer_units_exponent_0': 10, 'D_dagger_layer_units_exponent_1': 8, 'D_dagger_layer_units_exponent_2': 10, 'D_dagger_layer_units_exponent_3': 8, 'D_dagger_layer_units_exponent_4': 6, 'D_dagger_layer_units_exponent_5': 6, 'log_learning_rate': -2.51735896932646, 'log_learning_rate_D': -2.0939113456026437, 'log_learning_rate_D_dagger': -4.158030629178363, 'training_batch_size': 8, 'training_p': 4}
	 epoch  0 training error:  tensor(1.6959, device='cuda:0', grad_fn=<DivBackward0>)
Memory status after this epoch: 
Memory allocated:  177.43212890625
Memory cached:  444.0
	 epoch  10 training error:  tensor(0.8808, device='cuda:0', grad_fn=<DivBackward0>)
Memory status after this epoch: 
Memory allocated:  177.43212890625
Memory cached:  452.0
	 epoch  20 training error:  tensor(0.3343, device='cuda:0', grad_fn=<DivBackward0>)
Memory status after this epoch: 
Memory allocated:  177.43212890625
Memory cached:  450.0
	 epoch  30 training error:  tensor(0.6563, device='cuda:0', grad_fn=<DivBackward0>)
Memory status after this epoch: 
Memory allocated:  177.43212890625
Memory cached:  452.0
	 epoch  40 training error:  tensor(0.4128, device='cuda:0', grad_fn=<DivBackward0>)
Memory status after this epoch: 
Memory allocated:  177.43212890625
Memory cached:  448.0
	 epoch  50 training error:  tensor(0.4954, device='cuda:0', grad_fn=<DivBackward0>)
Memory status after this epoch: 
Memory allocated:  177.43212890625
Memory cached:  446.0
	 epoch  60 training error:  tensor(0.3169, device='cuda:0', grad_fn=<DivBackward0>)
Memory status after this epoch: 
Memory allocated:  177.43212890625
Memory cached:  448.0
	 epoch  70 training error:  tensor(0.4303, device='cuda:0', grad_fn=<DivBackward0>)
Memory status after this epoch: 
Memory allocated:  177.43212890625
Memory cached:  448.0
	 epoch  80 training error:  tensor(0.2945, device='cuda:0', grad_fn=<DivBackward0>)
Memory status after this epoch: 
Memory allocated:  177.43212890625
Memory cached:  448.0
	 epoch  90 training error:  tensor(0.3366, device='cuda:0', grad_fn=<DivBackward0>)
Memory status after this epoch: 
Memory allocated:  177.43212890625
Memory cached:  452.0
[I 2023-12-03 02:55:45,383] Trial 20 finished with value: 0.23820295929908752 and parameters: {'W_layers': 2, 'W_layer_units_exponent_0': 8, 'W_layer_units_exponent_1': 4, 'D_layers': 2, 'D_layer_units_exponent_0': 8, 'D_layer_units_exponent_1': 6, 'D_dagger_layers': 6, 'D_dagger_layer_units_exponent_0': 10, 'D_dagger_layer_units_exponent_1': 8, 'D_dagger_layer_units_exponent_2': 10, 'D_dagger_layer_units_exponent_3': 8, 'D_dagger_layer_units_exponent_4': 6, 'D_dagger_layer_units_exponent_5': 6, 'log_learning_rate': -2.51735896932646, 'log_learning_rate_D': -2.0939113456026437, 'log_learning_rate_D_dagger': -4.158030629178363, 'training_batch_size': 8, 'training_p': 4}. Best is trial 17 with value: 0.04461294040083885.
Time for this trial:  157.85664248466492
Memory status after this trial: 
Memory allocated:  345.4052734375
Memory cached:  444.0
--------------------  Trial  21   --------------------
Start timing: 
Parameters: 
{'W_layers': 5, 'W_layer_units_exponent_0': 7, 'W_layer_units_exponent_1': 6, 'W_layer_units_exponent_2': 8, 'W_layer_units_exponent_3': 6, 'W_layer_units_exponent_4': 8, 'D_layers': 5, 'D_layer_units_exponent_0': 10, 'D_layer_units_exponent_1': 5, 'D_layer_units_exponent_2': 5, 'D_layer_units_exponent_3': 5, 'D_layer_units_exponent_4': 8, 'D_dagger_layers': 4, 'D_dagger_layer_units_exponent_0': 8, 'D_dagger_layer_units_exponent_1': 10, 'D_dagger_layer_units_exponent_2': 6, 'D_dagger_layer_units_exponent_3': 5, 'log_learning_rate': -3.0777202291856147, 'log_learning_rate_D': -2.6146596336130705, 'log_learning_rate_D_dagger': -3.4802851608421417, 'training_batch_size': 6, 'training_p': 2}
	 epoch  0 training error:  tensor(0.9652, device='cuda:0', grad_fn=<DivBackward0>)
Memory status after this epoch: 
Memory allocated:  171.39208984375
Memory cached:  438.0
	 epoch  10 training error:  tensor(0.1548, device='cuda:0', grad_fn=<DivBackward0>)
Memory status after this epoch: 
Memory allocated:  171.39208984375
Memory cached:  444.0
	 epoch  20 training error:  tensor(0.0589, device='cuda:0', grad_fn=<DivBackward0>)
Memory status after this epoch: 
Memory allocated:  171.39208984375
Memory cached:  444.0
	 epoch  30 training error:  tensor(0.0627, device='cuda:0', grad_fn=<DivBackward0>)
Memory status after this epoch: 
Memory allocated:  171.39208984375
Memory cached:  440.0
	 epoch  40 training error:  tensor(0.0461, device='cuda:0', grad_fn=<DivBackward0>)
Memory status after this epoch: 
Memory allocated:  171.39208984375
Memory cached:  444.0
	 epoch  50 training error:  tensor(0.0696, device='cuda:0', grad_fn=<DivBackward0>)
Memory status after this epoch: 
Memory allocated:  171.39208984375
Memory cached:  446.0
	 epoch  60 training error:  tensor(0.0478, device='cuda:0', grad_fn=<DivBackward0>)
Memory status after this epoch: 
Memory allocated:  171.39208984375
Memory cached:  444.0
	 epoch  70 training error:  tensor(0.0421, device='cuda:0', grad_fn=<DivBackward0>)
Memory status after this epoch: 
Memory allocated:  171.39208984375
Memory cached:  444.0
	 epoch  80 training error:  tensor(0.0638, device='cuda:0', grad_fn=<DivBackward0>)
Memory status after this epoch: 
Memory allocated:  171.39208984375
Memory cached:  444.0
	 epoch  90 training error:  tensor(0.0589, device='cuda:0', grad_fn=<DivBackward0>)
Memory status after this epoch: 
Memory allocated:  171.39208984375
Memory cached:  444.0
[I 2023-12-03 03:01:18,063] Trial 21 finished with value: 0.043347932398319244 and parameters: {'W_layers': 5, 'W_layer_units_exponent_0': 7, 'W_layer_units_exponent_1': 6, 'W_layer_units_exponent_2': 8, 'W_layer_units_exponent_3': 6, 'W_layer_units_exponent_4': 8, 'D_layers': 5, 'D_layer_units_exponent_0': 10, 'D_layer_units_exponent_1': 5, 'D_layer_units_exponent_2': 5, 'D_layer_units_exponent_3': 5, 'D_layer_units_exponent_4': 8, 'D_dagger_layers': 4, 'D_dagger_layer_units_exponent_0': 8, 'D_dagger_layer_units_exponent_1': 10, 'D_dagger_layer_units_exponent_2': 6, 'D_dagger_layer_units_exponent_3': 5, 'log_learning_rate': -3.0777202291856147, 'log_learning_rate_D': -2.6146596336130705, 'log_learning_rate_D_dagger': -3.4802851608421417, 'training_batch_size': 6, 'training_p': 2}. Best is trial 21 with value: 0.043347932398319244.
res:  tensor(0.0433, device='cuda:0', grad_fn=<DivBackward0>)
self.bestValue:  tensor(0.0446, device='cuda:0', grad_fn=<DivBackward0>)
Save this model!
Time for this trial:  332.41596126556396
Memory status after this trial: 
Memory allocated:  186.91796875
Memory cached:  376.0
--------------------  Trial  22   --------------------
Start timing: 
Parameters: 
{'W_layers': 6, 'W_layer_units_exponent_0': 7, 'W_layer_units_exponent_1': 6, 'W_layer_units_exponent_2': 6, 'W_layer_units_exponent_3': 6, 'W_layer_units_exponent_4': 9, 'W_layer_units_exponent_5': 7, 'D_layers': 5, 'D_layer_units_exponent_0': 10, 'D_layer_units_exponent_1': 5, 'D_layer_units_exponent_2': 6, 'D_layer_units_exponent_3': 5, 'D_layer_units_exponent_4': 9, 'D_dagger_layers': 5, 'D_dagger_layer_units_exponent_0': 9, 'D_dagger_layer_units_exponent_1': 10, 'D_dagger_layer_units_exponent_2': 9, 'D_dagger_layer_units_exponent_3': 5, 'D_dagger_layer_units_exponent_4': 4, 'log_learning_rate': -2.9843802227264553, 'log_learning_rate_D': -2.3337067751459357, 'log_learning_rate_D_dagger': -3.789032185315974, 'training_batch_size': 7, 'training_p': 2}
	 epoch  0 training error:  tensor(1.2602, device='cuda:0', grad_fn=<DivBackward0>)
Memory status after this epoch: 
Memory allocated:  205.8720703125
Memory cached:  392.0
	 epoch  10 training error:  tensor(0.1403, device='cuda:0', grad_fn=<DivBackward0>)
Memory status after this epoch: 
Memory allocated:  205.8720703125
Memory cached:  422.0
	 epoch  20 training error:  tensor(0.1628, device='cuda:0', grad_fn=<DivBackward0>)
Memory status after this epoch: 
Memory allocated:  205.8720703125
Memory cached:  422.0
	 epoch  30 training error:  tensor(0.1120, device='cuda:0', grad_fn=<DivBackward0>)
Memory status after this epoch: 
Memory allocated:  205.8720703125
Memory cached:  410.0
	 epoch  40 training error:  tensor(0.0689, device='cuda:0', grad_fn=<DivBackward0>)
Memory status after this epoch: 
Memory allocated:  205.8720703125
Memory cached:  418.0
	 epoch  50 training error:  tensor(0.0579, device='cuda:0', grad_fn=<DivBackward0>)
Memory status after this epoch: 
Memory allocated:  205.8720703125
Memory cached:  424.0
	 epoch  60 training error:  tensor(0.0646, device='cuda:0', grad_fn=<DivBackward0>)
Memory status after this epoch: 
Memory allocated:  205.8720703125
Memory cached:  418.0
	 epoch  70 training error:  tensor(0.0531, device='cuda:0', grad_fn=<DivBackward0>)
Memory status after this epoch: 
Memory allocated:  205.8720703125
Memory cached:  420.0
	 epoch  80 training error:  tensor(0.0591, device='cuda:0', grad_fn=<DivBackward0>)
Memory status after this epoch: 
Memory allocated:  205.8720703125
Memory cached:  420.0
	 epoch  90 training error:  tensor(0.0478, device='cuda:0', grad_fn=<DivBackward0>)
Memory status after this epoch: 
Memory allocated:  205.8720703125
Memory cached:  424.0
