[I 2024-01-24 18:33:50,091] Trial 268 finished with value: 0.11702390015125275 and parameters: {'W_layers': 7, 'W_layer_units_exponent_0': 5, 'W_layer_units_exponent_1': 5, 'W_layer_units_exponent_2': 7, 'W_layer_units_exponent_3': 10, 'W_layer_units_exponent_4': 7, 'W_layer_units_exponent_5': 4, 'W_layer_units_exponent_6': 10, 'D_layers': 8, 'D_layer_units_exponent_0': 7, 'D_layer_units_exponent_1': 9, 'D_layer_units_exponent_2': 4, 'D_layer_units_exponent_3': 10, 'D_layer_units_exponent_4': 5, 'D_layer_units_exponent_5': 5, 'D_layer_units_exponent_6': 10, 'D_layer_units_exponent_7': 8, 'D_dagger_layers': 4, 'D_dagger_layer_units_exponent_0': 9, 'D_dagger_layer_units_exponent_1': 10, 'D_dagger_layer_units_exponent_2': 5, 'D_dagger_layer_units_exponent_3': 9, 'log_learning_rate': -3.216024443452587, 'log_learning_rate_D': -4.146131022760258, 'log_learning_rate_D_dagger': -3.5462742801104694, 'training_batch_size': 6, 'training_p': 5}. Best is trial 265 with value: 0.09173846244812012.
Time for this trial:  628.6415512561798
Memory status after this trial: 
Memory allocated:  1559.1337890625
Memory cached:  1578.0
--------------------  Trial  269   --------------------
Start timing: 
Parameters: 
{'W_layers': 7, 'W_layer_units_exponent_0': 5, 'W_layer_units_exponent_1': 5, 'W_layer_units_exponent_2': 7, 'W_layer_units_exponent_3': 10, 'W_layer_units_exponent_4': 7, 'W_layer_units_exponent_5': 4, 'W_layer_units_exponent_6': 10, 'D_layers': 8, 'D_layer_units_exponent_0': 7, 'D_layer_units_exponent_1': 9, 'D_layer_units_exponent_2': 4, 'D_layer_units_exponent_3': 10, 'D_layer_units_exponent_4': 5, 'D_layer_units_exponent_5': 5, 'D_layer_units_exponent_6': 10, 'D_layer_units_exponent_7': 7, 'D_dagger_layers': 4, 'D_dagger_layer_units_exponent_0': 9, 'D_dagger_layer_units_exponent_1': 10, 'D_dagger_layer_units_exponent_2': 5, 'D_dagger_layer_units_exponent_3': 9, 'log_learning_rate': -3.3510553175348283, 'log_learning_rate_D': -4.161598853748804, 'log_learning_rate_D_dagger': -3.5555509644090715, 'training_batch_size': 6, 'training_p': 5}
	 epoch  0 training error:  tensor(0.7143, device='cuda:0', grad_fn=<DivBackward0>)
Memory status after this epoch: 
Memory allocated:  797.35400390625
Memory cached:  1116.0
	 epoch  10 training error:  tensor(0.3439, device='cuda:0', grad_fn=<DivBackward0>)
Memory status after this epoch: 
Memory allocated:  797.35400390625
Memory cached:  1144.0
	 epoch  20 training error:  tensor(0.3298, device='cuda:0', grad_fn=<DivBackward0>)
Memory status after this epoch: 
Memory allocated:  797.35400390625
Memory cached:  1138.0
	 epoch  30 training error:  tensor(0.3214, device='cuda:0', grad_fn=<DivBackward0>)
Memory status after this epoch: 
Memory allocated:  797.35400390625
Memory cached:  1138.0
	 epoch  40 training error:  tensor(0.3097, device='cuda:0', grad_fn=<DivBackward0>)
Memory status after this epoch: 
Memory allocated:  797.35400390625
Memory cached:  1148.0
	 epoch  50 training error:  tensor(0.2994, device='cuda:0', grad_fn=<DivBackward0>)
Memory status after this epoch: 
Memory allocated:  797.35400390625
Memory cached:  1138.0
	 epoch  60 training error:  tensor(0.2899, device='cuda:0', grad_fn=<DivBackward0>)
Memory status after this epoch: 
Memory allocated:  797.35400390625
Memory cached:  1140.0
	 epoch  70 training error:  tensor(0.2267, device='cuda:0', grad_fn=<DivBackward0>)
Memory status after this epoch: 
Memory allocated:  797.35400390625
Memory cached:  1142.0
	 epoch  80 training error:  tensor(0.1994, device='cuda:0', grad_fn=<DivBackward0>)
Memory status after this epoch: 
Memory allocated:  797.35400390625
Memory cached:  1136.0
	 epoch  90 training error:  tensor(0.2165, device='cuda:0', grad_fn=<DivBackward0>)
Memory status after this epoch: 
Memory allocated:  797.35400390625
Memory cached:  1142.0
[I 2024-01-24 18:44:18,606] Trial 269 finished with value: 0.09208991378545761 and parameters: {'W_layers': 7, 'W_layer_units_exponent_0': 5, 'W_layer_units_exponent_1': 5, 'W_layer_units_exponent_2': 7, 'W_layer_units_exponent_3': 10, 'W_layer_units_exponent_4': 7, 'W_layer_units_exponent_5': 4, 'W_layer_units_exponent_6': 10, 'D_layers': 8, 'D_layer_units_exponent_0': 7, 'D_layer_units_exponent_1': 9, 'D_layer_units_exponent_2': 4, 'D_layer_units_exponent_3': 10, 'D_layer_units_exponent_4': 5, 'D_layer_units_exponent_5': 5, 'D_layer_units_exponent_6': 10, 'D_layer_units_exponent_7': 7, 'D_dagger_layers': 4, 'D_dagger_layer_units_exponent_0': 9, 'D_dagger_layer_units_exponent_1': 10, 'D_dagger_layer_units_exponent_2': 5, 'D_dagger_layer_units_exponent_3': 9, 'log_learning_rate': -3.3510553175348283, 'log_learning_rate_D': -4.161598853748804, 'log_learning_rate_D_dagger': -3.5555509644090715, 'training_batch_size': 6, 'training_p': 5}. Best is trial 265 with value: 0.09173846244812012.
Time for this trial:  627.950352191925
Memory status after this trial: 
Memory allocated:  1546.5302734375
Memory cached:  1566.0
--------------------  Trial  270   --------------------
Start timing: 
Parameters: 
{'W_layers': 7, 'W_layer_units_exponent_0': 5, 'W_layer_units_exponent_1': 5, 'W_layer_units_exponent_2': 7, 'W_layer_units_exponent_3': 10, 'W_layer_units_exponent_4': 7, 'W_layer_units_exponent_5': 4, 'W_layer_units_exponent_6': 10, 'D_layers': 8, 'D_layer_units_exponent_0': 7, 'D_layer_units_exponent_1': 9, 'D_layer_units_exponent_2': 4, 'D_layer_units_exponent_3': 10, 'D_layer_units_exponent_4': 5, 'D_layer_units_exponent_5': 5, 'D_layer_units_exponent_6': 10, 'D_layer_units_exponent_7': 7, 'D_dagger_layers': 4, 'D_dagger_layer_units_exponent_0': 9, 'D_dagger_layer_units_exponent_1': 10, 'D_dagger_layer_units_exponent_2': 5, 'D_dagger_layer_units_exponent_3': 9, 'log_learning_rate': -3.3303552747231433, 'log_learning_rate_D': -4.177300967824709, 'log_learning_rate_D_dagger': -3.595834464012346, 'training_batch_size': 6, 'training_p': 5}
	 epoch  0 training error:  tensor(0.7528, device='cuda:0', grad_fn=<DivBackward0>)
Memory status after this epoch: 
Memory allocated:  797.35400390625
Memory cached:  1114.0
	 epoch  10 training error:  tensor(0.3312, device='cuda:0', grad_fn=<DivBackward0>)
Memory status after this epoch: 
Memory allocated:  797.35400390625
Memory cached:  1142.0
	 epoch  20 training error:  tensor(0.3131, device='cuda:0', grad_fn=<DivBackward0>)
Memory status after this epoch: 
Memory allocated:  797.35400390625
Memory cached:  1138.0
	 epoch  30 training error:  tensor(0.3069, device='cuda:0', grad_fn=<DivBackward0>)
Memory status after this epoch: 
Memory allocated:  797.35400390625
Memory cached:  1140.0
	 epoch  40 training error:  tensor(0.3018, device='cuda:0', grad_fn=<DivBackward0>)
Memory status after this epoch: 
Memory allocated:  797.35400390625
Memory cached:  1148.0
	 epoch  50 training error:  tensor(0.2931, device='cuda:0', grad_fn=<DivBackward0>)
Memory status after this epoch: 
Memory allocated:  797.35400390625
Memory cached:  1138.0
	 epoch  60 training error:  tensor(0.2786, device='cuda:0', grad_fn=<DivBackward0>)
Memory status after this epoch: 
Memory allocated:  797.35400390625
Memory cached:  1140.0
	 epoch  70 training error:  tensor(0.1972, device='cuda:0', grad_fn=<DivBackward0>)
Memory status after this epoch: 
Memory allocated:  797.35400390625
Memory cached:  1136.0
	 epoch  80 training error:  tensor(0.1972, device='cuda:0', grad_fn=<DivBackward0>)
Memory status after this epoch: 
Memory allocated:  797.35400390625
Memory cached:  1144.0
	 epoch  90 training error:  tensor(0.1757, device='cuda:0', grad_fn=<DivBackward0>)
Memory status after this epoch: 
Memory allocated:  797.35400390625
Memory cached:  1134.0
[I 2024-01-24 18:54:44,643] Trial 270 finished with value: 0.1424901932477951 and parameters: {'W_layers': 7, 'W_layer_units_exponent_0': 5, 'W_layer_units_exponent_1': 5, 'W_layer_units_exponent_2': 7, 'W_layer_units_exponent_3': 10, 'W_layer_units_exponent_4': 7, 'W_layer_units_exponent_5': 4, 'W_layer_units_exponent_6': 10, 'D_layers': 8, 'D_layer_units_exponent_0': 7, 'D_layer_units_exponent_1': 9, 'D_layer_units_exponent_2': 4, 'D_layer_units_exponent_3': 10, 'D_layer_units_exponent_4': 5, 'D_layer_units_exponent_5': 5, 'D_layer_units_exponent_6': 10, 'D_layer_units_exponent_7': 7, 'D_dagger_layers': 4, 'D_dagger_layer_units_exponent_0': 9, 'D_dagger_layer_units_exponent_1': 10, 'D_dagger_layer_units_exponent_2': 5, 'D_dagger_layer_units_exponent_3': 9, 'log_learning_rate': -3.3303552747231433, 'log_learning_rate_D': -4.177300967824709, 'log_learning_rate_D_dagger': -3.595834464012346, 'training_batch_size': 6, 'training_p': 5}. Best is trial 265 with value: 0.09173846244812012.
Time for this trial:  625.4621217250824
Memory status after this trial: 
Memory allocated:  1546.5302734375
Memory cached:  1566.0
--------------------  Trial  271   --------------------
Start timing: 
Parameters: 
{'W_layers': 7, 'W_layer_units_exponent_0': 5, 'W_layer_units_exponent_1': 4, 'W_layer_units_exponent_2': 7, 'W_layer_units_exponent_3': 10, 'W_layer_units_exponent_4': 7, 'W_layer_units_exponent_5': 4, 'W_layer_units_exponent_6': 10, 'D_layers': 8, 'D_layer_units_exponent_0': 7, 'D_layer_units_exponent_1': 9, 'D_layer_units_exponent_2': 4, 'D_layer_units_exponent_3': 10, 'D_layer_units_exponent_4': 5, 'D_layer_units_exponent_5': 5, 'D_layer_units_exponent_6': 10, 'D_layer_units_exponent_7': 8, 'D_dagger_layers': 4, 'D_dagger_layer_units_exponent_0': 9, 'D_dagger_layer_units_exponent_1': 10, 'D_dagger_layer_units_exponent_2': 5, 'D_dagger_layer_units_exponent_3': 9, 'log_learning_rate': -3.2220504205071117, 'log_learning_rate_D': -4.148999453686083, 'log_learning_rate_D_dagger': -3.5332550964277134, 'training_batch_size': 6, 'training_p': 5}
	 epoch  0 training error:  tensor(0.7660, device='cuda:0', grad_fn=<DivBackward0>)
Memory status after this epoch: 
Memory allocated:  799.31884765625
Memory cached:  1124.0
	 epoch  10 training error:  tensor(0.3347, device='cuda:0', grad_fn=<DivBackward0>)
Memory status after this epoch: 
Memory allocated:  799.31884765625
Memory cached:  1150.0
	 epoch  20 training error:  tensor(0.3235, device='cuda:0', grad_fn=<DivBackward0>)
Memory status after this epoch: 
Memory allocated:  799.31884765625
Memory cached:  1146.0
	 epoch  30 training error:  tensor(0.3193, device='cuda:0', grad_fn=<DivBackward0>)
Memory status after this epoch: 
Memory allocated:  799.31884765625
Memory cached:  1152.0
	 epoch  40 training error:  tensor(0.3216, device='cuda:0', grad_fn=<DivBackward0>)
Memory status after this epoch: 
Memory allocated:  799.31884765625
Memory cached:  1148.0
	 epoch  50 training error:  tensor(0.3002, device='cuda:0', grad_fn=<DivBackward0>)
Memory status after this epoch: 
Memory allocated:  799.31884765625
Memory cached:  1154.0
	 epoch  60 training error:  tensor(0.2983, device='cuda:0', grad_fn=<DivBackward0>)
Memory status after this epoch: 
Memory allocated:  799.31884765625
Memory cached:  1156.0
	 epoch  70 training error:  tensor(0.2961, device='cuda:0', grad_fn=<DivBackward0>)
Memory status after this epoch: 
Memory allocated:  799.31884765625
Memory cached:  1148.0
	 epoch  80 training error:  tensor(0.2366, device='cuda:0', grad_fn=<DivBackward0>)
Memory status after this epoch: 
Memory allocated:  799.31884765625
Memory cached:  1150.0
	 epoch  90 training error:  tensor(0.1879, device='cuda:0', grad_fn=<DivBackward0>)
Memory status after this epoch: 
Memory allocated:  799.31884765625
Memory cached:  1150.0
[I 2024-01-24 19:05:14,629] Trial 271 finished with value: 0.09481501579284668 and parameters: {'W_layers': 7, 'W_layer_units_exponent_0': 5, 'W_layer_units_exponent_1': 4, 'W_layer_units_exponent_2': 7, 'W_layer_units_exponent_3': 10, 'W_layer_units_exponent_4': 7, 'W_layer_units_exponent_5': 4, 'W_layer_units_exponent_6': 10, 'D_layers': 8, 'D_layer_units_exponent_0': 7, 'D_layer_units_exponent_1': 9, 'D_layer_units_exponent_2': 4, 'D_layer_units_exponent_3': 10, 'D_layer_units_exponent_4': 5, 'D_layer_units_exponent_5': 5, 'D_layer_units_exponent_6': 10, 'D_layer_units_exponent_7': 8, 'D_dagger_layers': 4, 'D_dagger_layer_units_exponent_0': 9, 'D_dagger_layer_units_exponent_1': 10, 'D_dagger_layer_units_exponent_2': 5, 'D_dagger_layer_units_exponent_3': 9, 'log_learning_rate': -3.2220504205071117, 'log_learning_rate_D': -4.148999453686083, 'log_learning_rate_D_dagger': -3.5332550964277134, 'training_batch_size': 6, 'training_p': 5}. Best is trial 265 with value: 0.09173846244812012.
Time for this trial:  629.4167854785919
Memory status after this trial: 
Memory allocated:  1557.4052734375
Memory cached:  1576.0
--------------------  Trial  272   --------------------
Start timing: 
Parameters: 
{'W_layers': 7, 'W_layer_units_exponent_0': 5, 'W_layer_units_exponent_1': 4, 'W_layer_units_exponent_2': 7, 'W_layer_units_exponent_3': 10, 'W_layer_units_exponent_4': 7, 'W_layer_units_exponent_5': 4, 'W_layer_units_exponent_6': 10, 'D_layers': 8, 'D_layer_units_exponent_0': 7, 'D_layer_units_exponent_1': 9, 'D_layer_units_exponent_2': 4, 'D_layer_units_exponent_3': 10, 'D_layer_units_exponent_4': 5, 'D_layer_units_exponent_5': 5, 'D_layer_units_exponent_6': 10, 'D_layer_units_exponent_7': 8, 'D_dagger_layers': 4, 'D_dagger_layer_units_exponent_0': 9, 'D_dagger_layer_units_exponent_1': 10, 'D_dagger_layer_units_exponent_2': 5, 'D_dagger_layer_units_exponent_3': 9, 'log_learning_rate': -3.1371977031057012, 'log_learning_rate_D': -4.130369379068915, 'log_learning_rate_D_dagger': -3.535413443675523, 'training_batch_size': 6, 'training_p': 5}
	 epoch  0 training error:  tensor(0.7292, device='cuda:0', grad_fn=<DivBackward0>)
Memory status after this epoch: 
Memory allocated:  799.31884765625
Memory cached:  1132.0
	 epoch  10 training error:  tensor(0.3426, device='cuda:0', grad_fn=<DivBackward0>)
Memory status after this epoch: 
Memory allocated:  799.31884765625
Memory cached:  1144.0
	 epoch  20 training error:  tensor(0.3248, device='cuda:0', grad_fn=<DivBackward0>)
Memory status after this epoch: 
Memory allocated:  799.31884765625
Memory cached:  1148.0
	 epoch  30 training error:  tensor(0.3302, device='cuda:0', grad_fn=<DivBackward0>)
Memory status after this epoch: 
Memory allocated:  799.31884765625
Memory cached:  1150.0
	 epoch  40 training error:  tensor(0.3120, device='cuda:0', grad_fn=<DivBackward0>)
Memory status after this epoch: 
Memory allocated:  799.31884765625
Memory cached:  1150.0
	 epoch  50 training error:  tensor(0.3206, device='cuda:0', grad_fn=<DivBackward0>)
Memory status after this epoch: 
Memory allocated:  799.31884765625
Memory cached:  1138.0
	 epoch  60 training error:  tensor(0.3039, device='cuda:0', grad_fn=<DivBackward0>)
Memory status after this epoch: 
Memory allocated:  799.31884765625
Memory cached:  1150.0
	 epoch  70 training error:  tensor(0.2897, device='cuda:0', grad_fn=<DivBackward0>)
Memory status after this epoch: 
Memory allocated:  799.31884765625
Memory cached:  1148.0
	 epoch  80 training error:  tensor(0.2308, device='cuda:0', grad_fn=<DivBackward0>)
Memory status after this epoch: 
Memory allocated:  799.31884765625
Memory cached:  1150.0
	 epoch  90 training error:  tensor(0.2133, device='cuda:0', grad_fn=<DivBackward0>)
Memory status after this epoch: 
Memory allocated:  799.31884765625
Memory cached:  1144.0
[I 2024-01-24 19:15:45,290] Trial 272 finished with value: 0.12569989264011383 and parameters: {'W_layers': 7, 'W_layer_units_exponent_0': 5, 'W_layer_units_exponent_1': 4, 'W_layer_units_exponent_2': 7, 'W_layer_units_exponent_3': 10, 'W_layer_units_exponent_4': 7, 'W_layer_units_exponent_5': 4, 'W_layer_units_exponent_6': 10, 'D_layers': 8, 'D_layer_units_exponent_0': 7, 'D_layer_units_exponent_1': 9, 'D_layer_units_exponent_2': 4, 'D_layer_units_exponent_3': 10, 'D_layer_units_exponent_4': 5, 'D_layer_units_exponent_5': 5, 'D_layer_units_exponent_6': 10, 'D_layer_units_exponent_7': 8, 'D_dagger_layers': 4, 'D_dagger_layer_units_exponent_0': 9, 'D_dagger_layer_units_exponent_1': 10, 'D_dagger_layer_units_exponent_2': 5, 'D_dagger_layer_units_exponent_3': 9, 'log_learning_rate': -3.1371977031057012, 'log_learning_rate_D': -4.130369379068915, 'log_learning_rate_D_dagger': -3.535413443675523, 'training_batch_size': 6, 'training_p': 5}. Best is trial 265 with value: 0.09173846244812012.
Time for this trial:  630.0993747711182
Memory status after this trial: 
Memory allocated:  1557.4052734375
Memory cached:  1576.0
--------------------  Trial  273   --------------------
Start timing: 
Parameters: 
{'W_layers': 7, 'W_layer_units_exponent_0': 5, 'W_layer_units_exponent_1': 4, 'W_layer_units_exponent_2': 7, 'W_layer_units_exponent_3': 10, 'W_layer_units_exponent_4': 7, 'W_layer_units_exponent_5': 4, 'W_layer_units_exponent_6': 10, 'D_layers': 8, 'D_layer_units_exponent_0': 7, 'D_layer_units_exponent_1': 9, 'D_layer_units_exponent_2': 4, 'D_layer_units_exponent_3': 10, 'D_layer_units_exponent_4': 5, 'D_layer_units_exponent_5': 5, 'D_layer_units_exponent_6': 10, 'D_layer_units_exponent_7': 8, 'D_dagger_layers': 8, 'D_dagger_layer_units_exponent_0': 9, 'D_dagger_layer_units_exponent_1': 10, 'D_dagger_layer_units_exponent_2': 5, 'D_dagger_layer_units_exponent_3': 9, 'D_dagger_layer_units_exponent_4': 7, 'D_dagger_layer_units_exponent_5': 9, 'D_dagger_layer_units_exponent_6': 4, 'D_dagger_layer_units_exponent_7': 4, 'log_learning_rate': -3.18963779452728, 'log_learning_rate_D': -4.258624972967546, 'log_learning_rate_D_dagger': -3.4325278787990885, 'training_batch_size': 6, 'training_p': 5}
	 epoch  0 training error:  tensor(0.8860, device='cuda:0', grad_fn=<DivBackward0>)
Memory status after this epoch: 
Memory allocated:  801.45556640625
Memory cached:  1132.0
	 epoch  10 training error:  tensor(0.3392, device='cuda:0', grad_fn=<DivBackward0>)
Memory status after this epoch: 
Memory allocated:  801.45556640625
Memory cached:  1176.0
	 epoch  20 training error:  tensor(0.3179, device='cuda:0', grad_fn=<DivBackward0>)
Memory status after this epoch: 
Memory allocated:  801.45556640625
Memory cached:  1176.0
	 epoch  30 training error:  tensor(0.3121, device='cuda:0', grad_fn=<DivBackward0>)
Memory status after this epoch: 
Memory allocated:  801.45556640625
Memory cached:  1184.0
	 epoch  40 training error:  tensor(0.3072, device='cuda:0', grad_fn=<DivBackward0>)
Memory status after this epoch: 
Memory allocated:  801.45556640625
Memory cached:  1180.0
	 epoch  50 training error:  tensor(0.2956, device='cuda:0', grad_fn=<DivBackward0>)
Memory status after this epoch: 
Memory allocated:  801.45556640625
Memory cached:  1184.0
	 epoch  60 training error:  tensor(0.2890, device='cuda:0', grad_fn=<DivBackward0>)
Memory status after this epoch: 
Memory allocated:  801.45556640625
Memory cached:  1182.0
	 epoch  70 training error:  tensor(0.2374, device='cuda:0', grad_fn=<DivBackward0>)
Memory status after this epoch: 
Memory allocated:  801.45556640625
Memory cached:  1192.0
	 epoch  80 training error:  tensor(0.2248, device='cuda:0', grad_fn=<DivBackward0>)
Memory status after this epoch: 
Memory allocated:  801.45556640625
Memory cached:  1180.0
	 epoch  90 training error:  tensor(0.2089, device='cuda:0', grad_fn=<DivBackward0>)
Memory status after this epoch: 
Memory allocated:  801.45556640625
Memory cached:  1182.0
