[I 2024-02-18 10:48:39,004] Trial 163 finished with value: 0.08332312107086182 and parameters: {'W_layers': 3, 'W_layer_units_exponent_0': 4, 'W_layer_units_exponent_1': 8, 'W_layer_units_exponent_2': 6, 'D_layers': 8, 'D_layer_units_exponent_0': 7, 'D_layer_units_exponent_1': 10, 'D_layer_units_exponent_2': 7, 'D_layer_units_exponent_3': 8, 'D_layer_units_exponent_4': 6, 'D_layer_units_exponent_5': 7, 'D_layer_units_exponent_6': 8, 'D_layer_units_exponent_7': 8, 'D_dagger_layers': 5, 'D_dagger_layer_units_exponent_0': 7, 'D_dagger_layer_units_exponent_1': 4, 'D_dagger_layer_units_exponent_2': 7, 'D_dagger_layer_units_exponent_3': 8, 'D_dagger_layer_units_exponent_4': 5, 'log_learning_rate': -1.573062670323744, 'log_learning_rate_D': -2.022692235444005, 'log_learning_rate_D_dagger': -2.9378226998386068, 'training_batch_size': 9, 'training_p': 2}. Best is trial 151 with value: 0.0829155370593071.
Time for this trial:  19.193790912628174
Memory status after this trial: 
Memory allocated:  387.09423828125
Memory cached:  398.0
--------------------  Trial  164   --------------------
Start timing: 
Parameters: 
{'W_layers': 2, 'W_layer_units_exponent_0': 4, 'W_layer_units_exponent_1': 8, 'D_layers': 8, 'D_layer_units_exponent_0': 7, 'D_layer_units_exponent_1': 10, 'D_layer_units_exponent_2': 7, 'D_layer_units_exponent_3': 8, 'D_layer_units_exponent_4': 6, 'D_layer_units_exponent_5': 8, 'D_layer_units_exponent_6': 8, 'D_layer_units_exponent_7': 8, 'D_dagger_layers': 5, 'D_dagger_layer_units_exponent_0': 7, 'D_dagger_layer_units_exponent_1': 4, 'D_dagger_layer_units_exponent_2': 7, 'D_dagger_layer_units_exponent_3': 8, 'D_dagger_layer_units_exponent_4': 5, 'log_learning_rate': -1.5477765310371834, 'log_learning_rate_D': -2.054086438713754, 'log_learning_rate_D_dagger': -2.946661242034926, 'training_batch_size': 9, 'training_p': 2}
	 epoch  0 training error:  tensor(0.7538, device='cuda:0', grad_fn=<DivBackward0>)
Memory status after this epoch: 
Memory allocated:  198.453125
Memory cached:  360.0
	 epoch  10 training error:  tensor(0.8382, device='cuda:0', grad_fn=<DivBackward0>)
Memory status after this epoch: 
Memory allocated:  198.453125
Memory cached:  360.0
	 epoch  20 training error:  tensor(0.3446, device='cuda:0', grad_fn=<DivBackward0>)
Memory status after this epoch: 
Memory allocated:  198.453125
Memory cached:  360.0
	 epoch  30 training error:  tensor(0.2771, device='cuda:0', grad_fn=<DivBackward0>)
Memory status after this epoch: 
Memory allocated:  198.453125
Memory cached:  360.0
	 epoch  40 training error:  tensor(0.1401, device='cuda:0', grad_fn=<DivBackward0>)
Memory status after this epoch: 
Memory allocated:  198.453125
Memory cached:  360.0
	 epoch  50 training error:  tensor(0.1210, device='cuda:0', grad_fn=<DivBackward0>)
Memory status after this epoch: 
Memory allocated:  198.453125
Memory cached:  360.0
	 epoch  60 training error:  tensor(0.0944, device='cuda:0', grad_fn=<DivBackward0>)
Memory status after this epoch: 
Memory allocated:  198.453125
Memory cached:  360.0
	 epoch  70 training error:  tensor(0.0873, device='cuda:0', grad_fn=<DivBackward0>)
Memory status after this epoch: 
Memory allocated:  198.453125
Memory cached:  360.0
	 epoch  80 training error:  tensor(0.0850, device='cuda:0', grad_fn=<DivBackward0>)
Memory status after this epoch: 
Memory allocated:  198.453125
Memory cached:  360.0
	 epoch  90 training error:  tensor(0.0837, device='cuda:0', grad_fn=<DivBackward0>)
Memory status after this epoch: 
Memory allocated:  198.453125
Memory cached:  360.0
[I 2024-02-18 10:48:58,107] Trial 164 finished with value: 0.0839715227484703 and parameters: {'W_layers': 2, 'W_layer_units_exponent_0': 4, 'W_layer_units_exponent_1': 8, 'D_layers': 8, 'D_layer_units_exponent_0': 7, 'D_layer_units_exponent_1': 10, 'D_layer_units_exponent_2': 7, 'D_layer_units_exponent_3': 8, 'D_layer_units_exponent_4': 6, 'D_layer_units_exponent_5': 8, 'D_layer_units_exponent_6': 8, 'D_layer_units_exponent_7': 8, 'D_dagger_layers': 5, 'D_dagger_layer_units_exponent_0': 7, 'D_dagger_layer_units_exponent_1': 4, 'D_dagger_layer_units_exponent_2': 7, 'D_dagger_layer_units_exponent_3': 8, 'D_dagger_layer_units_exponent_4': 5, 'log_learning_rate': -1.5477765310371834, 'log_learning_rate_D': -2.054086438713754, 'log_learning_rate_D_dagger': -2.946661242034926, 'training_batch_size': 9, 'training_p': 2}. Best is trial 151 with value: 0.0829155370593071.
Time for this trial:  18.69285488128662
Memory status after this trial: 
Memory allocated:  366.31298828125
Memory cached:  398.0
--------------------  Trial  165   --------------------
Start timing: 
Parameters: 
{'W_layers': 3, 'W_layer_units_exponent_0': 4, 'W_layer_units_exponent_1': 8, 'W_layer_units_exponent_2': 6, 'D_layers': 8, 'D_layer_units_exponent_0': 7, 'D_layer_units_exponent_1': 10, 'D_layer_units_exponent_2': 7, 'D_layer_units_exponent_3': 8, 'D_layer_units_exponent_4': 6, 'D_layer_units_exponent_5': 7, 'D_layer_units_exponent_6': 8, 'D_layer_units_exponent_7': 9, 'D_dagger_layers': 5, 'D_dagger_layer_units_exponent_0': 7, 'D_dagger_layer_units_exponent_1': 4, 'D_dagger_layer_units_exponent_2': 7, 'D_dagger_layer_units_exponent_3': 8, 'D_dagger_layer_units_exponent_4': 5, 'log_learning_rate': -1.682243303086586, 'log_learning_rate_D': -1.9327356544480563, 'log_learning_rate_D_dagger': -2.8601958058611405, 'training_batch_size': 9, 'training_p': 2}
	 epoch  0 training error:  tensor(0.8708, device='cuda:0', grad_fn=<DivBackward0>)
Memory status after this epoch: 
Memory allocated:  198.79833984375
Memory cached:  360.0
	 epoch  10 training error:  tensor(0.9029, device='cuda:0', grad_fn=<DivBackward0>)
Memory status after this epoch: 
Memory allocated:  198.79833984375
Memory cached:  360.0
	 epoch  20 training error:  tensor(0.3267, device='cuda:0', grad_fn=<DivBackward0>)
Memory status after this epoch: 
Memory allocated:  198.79833984375
Memory cached:  360.0
	 epoch  30 training error:  tensor(0.1487, device='cuda:0', grad_fn=<DivBackward0>)
Memory status after this epoch: 
Memory allocated:  198.79833984375
Memory cached:  360.0
	 epoch  40 training error:  tensor(0.1271, device='cuda:0', grad_fn=<DivBackward0>)
Memory status after this epoch: 
Memory allocated:  198.79833984375
Memory cached:  360.0
	 epoch  50 training error:  tensor(0.1001, device='cuda:0', grad_fn=<DivBackward0>)
Memory status after this epoch: 
Memory allocated:  198.79833984375
Memory cached:  360.0
	 epoch  60 training error:  tensor(0.0937, device='cuda:0', grad_fn=<DivBackward0>)
Memory status after this epoch: 
Memory allocated:  198.79833984375
Memory cached:  360.0
	 epoch  70 training error:  tensor(0.0918, device='cuda:0', grad_fn=<DivBackward0>)
Memory status after this epoch: 
Memory allocated:  198.79833984375
Memory cached:  360.0
	 epoch  80 training error:  tensor(0.0876, device='cuda:0', grad_fn=<DivBackward0>)
Memory status after this epoch: 
Memory allocated:  198.79833984375
Memory cached:  360.0
	 epoch  90 training error:  tensor(0.0861, device='cuda:0', grad_fn=<DivBackward0>)
Memory status after this epoch: 
Memory allocated:  198.79833984375
Memory cached:  360.0
[I 2024-02-18 10:49:17,806] Trial 165 finished with value: 0.08627817034721375 and parameters: {'W_layers': 3, 'W_layer_units_exponent_0': 4, 'W_layer_units_exponent_1': 8, 'W_layer_units_exponent_2': 6, 'D_layers': 8, 'D_layer_units_exponent_0': 7, 'D_layer_units_exponent_1': 10, 'D_layer_units_exponent_2': 7, 'D_layer_units_exponent_3': 8, 'D_layer_units_exponent_4': 6, 'D_layer_units_exponent_5': 7, 'D_layer_units_exponent_6': 8, 'D_layer_units_exponent_7': 9, 'D_dagger_layers': 5, 'D_dagger_layer_units_exponent_0': 7, 'D_dagger_layer_units_exponent_1': 4, 'D_dagger_layer_units_exponent_2': 7, 'D_dagger_layer_units_exponent_3': 8, 'D_dagger_layer_units_exponent_4': 5, 'log_learning_rate': -1.682243303086586, 'log_learning_rate_D': -1.9327356544480563, 'log_learning_rate_D_dagger': -2.8601958058611405, 'training_batch_size': 9, 'training_p': 2}. Best is trial 151 with value: 0.0829155370593071.
Time for this trial:  19.304822206497192
Memory status after this trial: 
Memory allocated:  387.09423828125
Memory cached:  398.0
--------------------  Trial  166   --------------------
Start timing: 
Parameters: 
{'W_layers': 4, 'W_layer_units_exponent_0': 4, 'W_layer_units_exponent_1': 8, 'W_layer_units_exponent_2': 6, 'W_layer_units_exponent_3': 6, 'D_layers': 8, 'D_layer_units_exponent_0': 7, 'D_layer_units_exponent_1': 10, 'D_layer_units_exponent_2': 7, 'D_layer_units_exponent_3': 8, 'D_layer_units_exponent_4': 6, 'D_layer_units_exponent_5': 6, 'D_layer_units_exponent_6': 9, 'D_layer_units_exponent_7': 8, 'D_dagger_layers': 7, 'D_dagger_layer_units_exponent_0': 7, 'D_dagger_layer_units_exponent_1': 4, 'D_dagger_layer_units_exponent_2': 7, 'D_dagger_layer_units_exponent_3': 8, 'D_dagger_layer_units_exponent_4': 5, 'D_dagger_layer_units_exponent_5': 9, 'D_dagger_layer_units_exponent_6': 4, 'log_learning_rate': -1.4319610580701223, 'log_learning_rate_D': -2.241969030741239, 'log_learning_rate_D_dagger': -3.0458830601401408, 'training_batch_size': 9, 'training_p': 2}
	 epoch  0 training error:  tensor(0.8253, device='cuda:0', grad_fn=<DivBackward0>)
Memory status after this epoch: 
Memory allocated:  199.23095703125
Memory cached:  360.0
	 epoch  10 training error:  tensor(0.7063, device='cuda:0', grad_fn=<DivBackward0>)
Memory status after this epoch: 
Memory allocated:  199.23095703125
Memory cached:  360.0
	 epoch  20 training error:  tensor(0.4677, device='cuda:0', grad_fn=<DivBackward0>)
Memory status after this epoch: 
Memory allocated:  199.23095703125
Memory cached:  360.0
	 epoch  30 training error:  tensor(0.2416, device='cuda:0', grad_fn=<DivBackward0>)
Memory status after this epoch: 
Memory allocated:  199.23095703125
Memory cached:  360.0
	 epoch  40 training error:  tensor(0.1683, device='cuda:0', grad_fn=<DivBackward0>)
Memory status after this epoch: 
Memory allocated:  199.23095703125
Memory cached:  360.0
	 epoch  50 training error:  tensor(0.1133, device='cuda:0', grad_fn=<DivBackward0>)
Memory status after this epoch: 
Memory allocated:  199.23095703125
Memory cached:  360.0
	 epoch  60 training error:  tensor(0.0886, device='cuda:0', grad_fn=<DivBackward0>)
Memory status after this epoch: 
Memory allocated:  199.23095703125
Memory cached:  360.0
	 epoch  70 training error:  tensor(0.0859, device='cuda:0', grad_fn=<DivBackward0>)
Memory status after this epoch: 
Memory allocated:  199.23095703125
Memory cached:  360.0
	 epoch  80 training error:  tensor(0.0841, device='cuda:0', grad_fn=<DivBackward0>)
Memory status after this epoch: 
Memory allocated:  199.23095703125
Memory cached:  360.0
	 epoch  90 training error:  tensor(0.0828, device='cuda:0', grad_fn=<DivBackward0>)
Memory status after this epoch: 
Memory allocated:  199.23095703125
Memory cached:  360.0
[I 2024-02-18 10:49:40,115] Trial 166 finished with value: 0.0835643783211708 and parameters: {'W_layers': 4, 'W_layer_units_exponent_0': 4, 'W_layer_units_exponent_1': 8, 'W_layer_units_exponent_2': 6, 'W_layer_units_exponent_3': 6, 'D_layers': 8, 'D_layer_units_exponent_0': 7, 'D_layer_units_exponent_1': 10, 'D_layer_units_exponent_2': 7, 'D_layer_units_exponent_3': 8, 'D_layer_units_exponent_4': 6, 'D_layer_units_exponent_5': 6, 'D_layer_units_exponent_6': 9, 'D_layer_units_exponent_7': 8, 'D_dagger_layers': 7, 'D_dagger_layer_units_exponent_0': 7, 'D_dagger_layer_units_exponent_1': 4, 'D_dagger_layer_units_exponent_2': 7, 'D_dagger_layer_units_exponent_3': 8, 'D_dagger_layer_units_exponent_4': 5, 'D_dagger_layer_units_exponent_5': 9, 'D_dagger_layer_units_exponent_6': 4, 'log_learning_rate': -1.4319610580701223, 'log_learning_rate_D': -2.241969030741239, 'log_learning_rate_D_dagger': -3.0458830601401408, 'training_batch_size': 9, 'training_p': 2}. Best is trial 151 with value: 0.0829155370593071.
Time for this trial:  21.869488954544067
Memory status after this trial: 
Memory allocated:  516.99072265625
Memory cached:  530.0
--------------------  Trial  167   --------------------
Start timing: 
Parameters: 
{'W_layers': 4, 'W_layer_units_exponent_0': 4, 'W_layer_units_exponent_1': 8, 'W_layer_units_exponent_2': 6, 'W_layer_units_exponent_3': 6, 'D_layers': 8, 'D_layer_units_exponent_0': 7, 'D_layer_units_exponent_1': 10, 'D_layer_units_exponent_2': 7, 'D_layer_units_exponent_3': 9, 'D_layer_units_exponent_4': 6, 'D_layer_units_exponent_5': 9, 'D_layer_units_exponent_6': 9, 'D_layer_units_exponent_7': 8, 'D_dagger_layers': 5, 'D_dagger_layer_units_exponent_0': 4, 'D_dagger_layer_units_exponent_1': 4, 'D_dagger_layer_units_exponent_2': 8, 'D_dagger_layer_units_exponent_3': 8, 'D_dagger_layer_units_exponent_4': 5, 'log_learning_rate': -1.5891415154059634, 'log_learning_rate_D': -1.9980382680350919, 'log_learning_rate_D_dagger': -2.76936746121775, 'training_batch_size': 9, 'training_p': 2}
	 epoch  0 training error:  tensor(1.1045, device='cuda:0', grad_fn=<DivBackward0>)
Memory status after this epoch: 
Memory allocated:  200.5263671875
Memory cached:  360.0
	 epoch  10 training error:  tensor(0.3025, device='cuda:0', grad_fn=<DivBackward0>)
Memory status after this epoch: 
Memory allocated:  200.5263671875
Memory cached:  360.0
	 epoch  20 training error:  tensor(0.2224, device='cuda:0', grad_fn=<DivBackward0>)
Memory status after this epoch: 
Memory allocated:  200.5263671875
Memory cached:  360.0
	 epoch  30 training error:  tensor(0.1374, device='cuda:0', grad_fn=<DivBackward0>)
Memory status after this epoch: 
Memory allocated:  200.5263671875
Memory cached:  360.0
	 epoch  40 training error:  tensor(0.1023, device='cuda:0', grad_fn=<DivBackward0>)
Memory status after this epoch: 
Memory allocated:  200.5263671875
Memory cached:  360.0
	 epoch  50 training error:  tensor(0.1041, device='cuda:0', grad_fn=<DivBackward0>)
Memory status after this epoch: 
Memory allocated:  200.5263671875
Memory cached:  360.0
	 epoch  60 training error:  tensor(0.0995, device='cuda:0', grad_fn=<DivBackward0>)
Memory status after this epoch: 
Memory allocated:  200.5263671875
Memory cached:  360.0
	 epoch  70 training error:  tensor(0.0949, device='cuda:0', grad_fn=<DivBackward0>)
Memory status after this epoch: 
Memory allocated:  200.5263671875
Memory cached:  360.0
	 epoch  80 training error:  tensor(0.0956, device='cuda:0', grad_fn=<DivBackward0>)
Memory status after this epoch: 
Memory allocated:  200.5263671875
Memory cached:  360.0
	 epoch  90 training error:  tensor(0.0909, device='cuda:0', grad_fn=<DivBackward0>)
Memory status after this epoch: 
Memory allocated:  200.5263671875
Memory cached:  360.0
[I 2024-02-18 10:49:59,659] Trial 167 finished with value: 0.0873652920126915 and parameters: {'W_layers': 4, 'W_layer_units_exponent_0': 4, 'W_layer_units_exponent_1': 8, 'W_layer_units_exponent_2': 6, 'W_layer_units_exponent_3': 6, 'D_layers': 8, 'D_layer_units_exponent_0': 7, 'D_layer_units_exponent_1': 10, 'D_layer_units_exponent_2': 7, 'D_layer_units_exponent_3': 9, 'D_layer_units_exponent_4': 6, 'D_layer_units_exponent_5': 9, 'D_layer_units_exponent_6': 9, 'D_layer_units_exponent_7': 8, 'D_dagger_layers': 5, 'D_dagger_layer_units_exponent_0': 4, 'D_dagger_layer_units_exponent_1': 4, 'D_dagger_layer_units_exponent_2': 8, 'D_dagger_layer_units_exponent_3': 8, 'D_dagger_layer_units_exponent_4': 5, 'log_learning_rate': -1.5891415154059634, 'log_learning_rate_D': -1.9980382680350919, 'log_learning_rate_D_dagger': -2.76936746121775, 'training_batch_size': 9, 'training_p': 2}. Best is trial 151 with value: 0.0829155370593071.
Time for this trial:  19.087432622909546
Memory status after this trial: 
Memory allocated:  404.46923828125
Memory cached:  438.0
--------------------  Trial  168   --------------------
Start timing: 
Parameters: 
{'W_layers': 2, 'W_layer_units_exponent_0': 4, 'W_layer_units_exponent_1': 9, 'D_layers': 8, 'D_layer_units_exponent_0': 7, 'D_layer_units_exponent_1': 10, 'D_layer_units_exponent_2': 8, 'D_layer_units_exponent_3': 7, 'D_layer_units_exponent_4': 7, 'D_layer_units_exponent_5': 7, 'D_layer_units_exponent_6': 8, 'D_layer_units_exponent_7': 7, 'D_dagger_layers': 5, 'D_dagger_layer_units_exponent_0': 7, 'D_dagger_layer_units_exponent_1': 4, 'D_dagger_layer_units_exponent_2': 7, 'D_dagger_layer_units_exponent_3': 8, 'D_dagger_layer_units_exponent_4': 4, 'log_learning_rate': -1.8822147094005948, 'log_learning_rate_D': -2.146748993842263, 'log_learning_rate_D_dagger': -2.941919665669321, 'training_batch_size': 9, 'training_p': 2}
	 epoch  0 training error:  tensor(1.1729, device='cuda:0', grad_fn=<DivBackward0>)
Memory status after this epoch: 
Memory allocated:  198.70947265625
Memory cached:  360.0
	 epoch  10 training error:  tensor(1.0146, device='cuda:0', grad_fn=<DivBackward0>)
Memory status after this epoch: 
Memory allocated:  198.70947265625
Memory cached:  360.0
	 epoch  20 training error:  tensor(0.3256, device='cuda:0', grad_fn=<DivBackward0>)
Memory status after this epoch: 
Memory allocated:  198.70947265625
Memory cached:  360.0
	 epoch  30 training error:  tensor(0.1792, device='cuda:0', grad_fn=<DivBackward0>)
Memory status after this epoch: 
Memory allocated:  198.70947265625
Memory cached:  360.0
	 epoch  40 training error:  tensor(0.1722, device='cuda:0', grad_fn=<DivBackward0>)
Memory status after this epoch: 
Memory allocated:  198.70947265625
Memory cached:  360.0
	 epoch  50 training error:  tensor(0.1205, device='cuda:0', grad_fn=<DivBackward0>)
Memory status after this epoch: 
Memory allocated:  198.70947265625
Memory cached:  360.0
	 epoch  60 training error:  tensor(0.0997, device='cuda:0', grad_fn=<DivBackward0>)
Memory status after this epoch: 
Memory allocated:  198.70947265625
Memory cached:  360.0
	 epoch  70 training error:  tensor(0.0898, device='cuda:0', grad_fn=<DivBackward0>)
Memory status after this epoch: 
Memory allocated:  198.70947265625
Memory cached:  360.0
	 epoch  80 training error:  tensor(0.0879, device='cuda:0', grad_fn=<DivBackward0>)
Memory status after this epoch: 
Memory allocated:  198.70947265625
Memory cached:  360.0
	 epoch  90 training error:  tensor(0.0923, device='cuda:0', grad_fn=<DivBackward0>)
Memory status after this epoch: 
Memory allocated:  198.70947265625
Memory cached:  360.0
[I 2024-02-18 10:50:19,837] Trial 168 finished with value: 0.08581637591123581 and parameters: {'W_layers': 2, 'W_layer_units_exponent_0': 4, 'W_layer_units_exponent_1': 9, 'D_layers': 8, 'D_layer_units_exponent_0': 7, 'D_layer_units_exponent_1': 10, 'D_layer_units_exponent_2': 8, 'D_layer_units_exponent_3': 7, 'D_layer_units_exponent_4': 7, 'D_layer_units_exponent_5': 7, 'D_layer_units_exponent_6': 8, 'D_layer_units_exponent_7': 7, 'D_dagger_layers': 5, 'D_dagger_layer_units_exponent_0': 7, 'D_dagger_layer_units_exponent_1': 4, 'D_dagger_layer_units_exponent_2': 7, 'D_dagger_layer_units_exponent_3': 8, 'D_dagger_layer_units_exponent_4': 4, 'log_learning_rate': -1.8822147094005948, 'log_learning_rate_D': -2.146748993842263, 'log_learning_rate_D_dagger': -2.941919665669321, 'training_batch_size': 9, 'training_p': 2}. Best is trial 151 with value: 0.0829155370593071.
Time for this trial:  19.792136192321777
Memory status after this trial: 
Memory allocated:  411.48095703125
Memory cached:  448.0
--------------------  Trial  169   --------------------
Start timing: 
Parameters: 
{'W_layers': 3, 'W_layer_units_exponent_0': 4, 'W_layer_units_exponent_1': 8, 'W_layer_units_exponent_2': 6, 'D_layers': 8, 'D_layer_units_exponent_0': 8, 'D_layer_units_exponent_1': 7, 'D_layer_units_exponent_2': 7, 'D_layer_units_exponent_3': 8, 'D_layer_units_exponent_4': 5, 'D_layer_units_exponent_5': 8, 'D_layer_units_exponent_6': 7, 'D_layer_units_exponent_7': 9, 'D_dagger_layers': 5, 'D_dagger_layer_units_exponent_0': 7, 'D_dagger_layer_units_exponent_1': 4, 'D_dagger_layer_units_exponent_2': 7, 'D_dagger_layer_units_exponent_3': 8, 'D_dagger_layer_units_exponent_4': 6, 'log_learning_rate': -1.8118682205242238, 'log_learning_rate_D': -1.895265424530217, 'log_learning_rate_D_dagger': -2.668138933801167, 'training_batch_size': 9, 'training_p': 2}
	 epoch  0 training error:  tensor(0.9398, device='cuda:0', grad_fn=<DivBackward0>)
Memory status after this epoch: 
Memory allocated:  197.82666015625
Memory cached:  360.0
	 epoch  10 training error:  tensor(0.6635, device='cuda:0', grad_fn=<DivBackward0>)
Memory status after this epoch: 
Memory allocated:  197.82666015625
Memory cached:  360.0
	 epoch  20 training error:  tensor(0.2310, device='cuda:0', grad_fn=<DivBackward0>)
Memory status after this epoch: 
Memory allocated:  197.82666015625
Memory cached:  360.0
	 epoch  30 training error:  tensor(0.1469, device='cuda:0', grad_fn=<DivBackward0>)
Memory status after this epoch: 
Memory allocated:  197.82666015625
Memory cached:  360.0
	 epoch  40 training error:  tensor(0.1173, device='cuda:0', grad_fn=<DivBackward0>)
Memory status after this epoch: 
Memory allocated:  197.82666015625
Memory cached:  360.0
	 epoch  50 training error:  tensor(0.0890, device='cuda:0', grad_fn=<DivBackward0>)
Memory status after this epoch: 
Memory allocated:  197.82666015625
Memory cached:  360.0
	 epoch  60 training error:  tensor(0.0864, device='cuda:0', grad_fn=<DivBackward0>)
Memory status after this epoch: 
Memory allocated:  197.82666015625
Memory cached:  360.0
	 epoch  70 training error:  tensor(0.0850, device='cuda:0', grad_fn=<DivBackward0>)
Memory status after this epoch: 
Memory allocated:  197.82666015625
Memory cached:  360.0
	 epoch  80 training error:  tensor(0.0834, device='cuda:0', grad_fn=<DivBackward0>)
Memory status after this epoch: 
Memory allocated:  197.82666015625
Memory cached:  360.0
	 epoch  90 training error:  tensor(0.0828, device='cuda:0', grad_fn=<DivBackward0>)
Memory status after this epoch: 
Memory allocated:  197.82666015625
Memory cached:  360.0
