[I 2023-12-04 01:25:15,615] Trial 5 finished with value: 0.09339424222707748 and parameters: {'W_layers': 3, 'W_layer_units_exponent_0': 6, 'W_layer_units_exponent_1': 10, 'W_layer_units_exponent_2': 8, 'D_layers': 5, 'D_layer_units_exponent_0': 6, 'D_layer_units_exponent_1': 7, 'D_layer_units_exponent_2': 4, 'D_layer_units_exponent_3': 10, 'D_layer_units_exponent_4': 9, 'log_learning_rate': -2.8032617098848243, 'log_learning_rate_D': -4.617265110587931, 'training_batch_size': 10, 'training_p': 7}. Best is trial 0 with value: 0.027389800176024437.
Time for this trial:  43.04471516609192
Memory status after this trial: 
Memory allocated:  166.1484375
Memory cached:  182.0
--------------------  Trial  6   --------------------
Start timing: 
Parameters: 
{'W_layers': 6, 'W_layer_units_exponent_0': 8, 'W_layer_units_exponent_1': 5, 'W_layer_units_exponent_2': 6, 'W_layer_units_exponent_3': 5, 'W_layer_units_exponent_4': 9, 'W_layer_units_exponent_5': 5, 'D_layers': 4, 'D_layer_units_exponent_0': 8, 'D_layer_units_exponent_1': 6, 'D_layer_units_exponent_2': 5, 'D_layer_units_exponent_3': 9, 'log_learning_rate': -3.2813682275069618, 'log_learning_rate_D': -4.87188112512266, 'training_batch_size': 9, 'training_p': 2}
	 epoch  0 training error:  tensor(1.0509, device='cuda:0', grad_fn=<DivBackward0>)
Memory status after this epoch: 
Memory allocated:  90.283203125
Memory cached:  112.0
	 epoch  10 training error:  tensor(0.5286, device='cuda:0', grad_fn=<DivBackward0>)
Memory status after this epoch: 
Memory allocated:  90.283203125
Memory cached:  114.0
	 epoch  20 training error:  tensor(0.2392, device='cuda:0', grad_fn=<DivBackward0>)
Memory status after this epoch: 
Memory allocated:  90.283203125
Memory cached:  114.0
	 epoch  30 training error:  tensor(0.1463, device='cuda:0', grad_fn=<DivBackward0>)
Memory status after this epoch: 
Memory allocated:  90.283203125
Memory cached:  114.0
	 epoch  40 training error:  tensor(0.1188, device='cuda:0', grad_fn=<DivBackward0>)
Memory status after this epoch: 
Memory allocated:  90.283203125
Memory cached:  114.0
	 epoch  50 training error:  tensor(0.1042, device='cuda:0', grad_fn=<DivBackward0>)
Memory status after this epoch: 
Memory allocated:  90.283203125
Memory cached:  114.0
	 epoch  60 training error:  tensor(0.0936, device='cuda:0', grad_fn=<DivBackward0>)
Memory status after this epoch: 
Memory allocated:  90.283203125
Memory cached:  114.0
	 epoch  70 training error:  tensor(0.0942, device='cuda:0', grad_fn=<DivBackward0>)
Memory status after this epoch: 
Memory allocated:  90.283203125
Memory cached:  114.0
	 epoch  80 training error:  tensor(0.0931, device='cuda:0', grad_fn=<DivBackward0>)
Memory status after this epoch: 
Memory allocated:  90.283203125
Memory cached:  114.0
	 epoch  90 training error:  tensor(0.0924, device='cuda:0', grad_fn=<DivBackward0>)
Memory status after this epoch: 
Memory allocated:  90.283203125
Memory cached:  114.0
[I 2023-12-04 01:26:00,800] Trial 6 finished with value: 0.0947946235537529 and parameters: {'W_layers': 6, 'W_layer_units_exponent_0': 8, 'W_layer_units_exponent_1': 5, 'W_layer_units_exponent_2': 6, 'W_layer_units_exponent_3': 5, 'W_layer_units_exponent_4': 9, 'W_layer_units_exponent_5': 5, 'D_layers': 4, 'D_layer_units_exponent_0': 8, 'D_layer_units_exponent_1': 6, 'D_layer_units_exponent_2': 5, 'D_layer_units_exponent_3': 9, 'log_learning_rate': -3.2813682275069618, 'log_learning_rate_D': -4.87188112512266, 'training_batch_size': 9, 'training_p': 2}. Best is trial 0 with value: 0.027389800176024437.
Time for this trial:  45.074811697006226
Memory status after this trial: 
Memory allocated:  130.541015625
Memory cached:  148.0
--------------------  Trial  7   --------------------
Start timing: 
Parameters: 
{'W_layers': 6, 'W_layer_units_exponent_0': 6, 'W_layer_units_exponent_1': 8, 'W_layer_units_exponent_2': 5, 'W_layer_units_exponent_3': 7, 'W_layer_units_exponent_4': 9, 'W_layer_units_exponent_5': 4, 'D_layers': 4, 'D_layer_units_exponent_0': 9, 'D_layer_units_exponent_1': 8, 'D_layer_units_exponent_2': 4, 'D_layer_units_exponent_3': 5, 'log_learning_rate': -2.830668702315605, 'log_learning_rate_D': -2.322341437047149, 'training_batch_size': 8, 'training_p': 5}
	 epoch  0 training error:  tensor(1.0280, device='cuda:0', grad_fn=<DivBackward0>)
Memory status after this epoch: 
Memory allocated:  92.6484375
Memory cached:  114.0
	 epoch  10 training error:  tensor(0.2383, device='cuda:0', grad_fn=<DivBackward0>)
Memory status after this epoch: 
Memory allocated:  92.6484375
Memory cached:  118.0
	 epoch  20 training error:  tensor(0.1922, device='cuda:0', grad_fn=<DivBackward0>)
Memory status after this epoch: 
Memory allocated:  92.6484375
Memory cached:  118.0
	 epoch  30 training error:  tensor(0.1656, device='cuda:0', grad_fn=<DivBackward0>)
Memory status after this epoch: 
Memory allocated:  92.6484375
Memory cached:  118.0
	 epoch  40 training error:  tensor(0.0965, device='cuda:0', grad_fn=<DivBackward0>)
Memory status after this epoch: 
Memory allocated:  92.6484375
Memory cached:  118.0
	 epoch  50 training error:  tensor(0.0913, device='cuda:0', grad_fn=<DivBackward0>)
Memory status after this epoch: 
Memory allocated:  92.6484375
Memory cached:  118.0
	 epoch  60 training error:  tensor(0.0723, device='cuda:0', grad_fn=<DivBackward0>)
Memory status after this epoch: 
Memory allocated:  92.6484375
Memory cached:  118.0
	 epoch  70 training error:  tensor(0.0341, device='cuda:0', grad_fn=<DivBackward0>)
Memory status after this epoch: 
Memory allocated:  92.6484375
Memory cached:  118.0
	 epoch  80 training error:  tensor(0.0268, device='cuda:0', grad_fn=<DivBackward0>)
Memory status after this epoch: 
Memory allocated:  92.6484375
Memory cached:  118.0
	 epoch  90 training error:  tensor(0.0286, device='cuda:0', grad_fn=<DivBackward0>)
Memory status after this epoch: 
Memory allocated:  92.6484375
Memory cached:  118.0
[I 2023-12-04 01:26:45,947] Trial 7 finished with value: 0.06463190168142319 and parameters: {'W_layers': 6, 'W_layer_units_exponent_0': 6, 'W_layer_units_exponent_1': 8, 'W_layer_units_exponent_2': 5, 'W_layer_units_exponent_3': 7, 'W_layer_units_exponent_4': 9, 'W_layer_units_exponent_5': 4, 'D_layers': 4, 'D_layer_units_exponent_0': 9, 'D_layer_units_exponent_1': 8, 'D_layer_units_exponent_2': 4, 'D_layer_units_exponent_3': 5, 'log_learning_rate': -2.830668702315605, 'log_learning_rate_D': -2.322341437047149, 'training_batch_size': 8, 'training_p': 5}. Best is trial 0 with value: 0.027389800176024437.
Time for this trial:  45.0490448474884
Memory status after this trial: 
Memory allocated:  132.61279296875
Memory cached:  152.0
--------------------  Trial  8   --------------------
Start timing: 
Parameters: 
{'W_layers': 3, 'W_layer_units_exponent_0': 9, 'W_layer_units_exponent_1': 8, 'W_layer_units_exponent_2': 9, 'D_layers': 2, 'D_layer_units_exponent_0': 4, 'D_layer_units_exponent_1': 9, 'log_learning_rate': -4.498234478015943, 'log_learning_rate_D': -1.2568162878281344, 'training_batch_size': 6, 'training_p': 8}
	 epoch  0 training error:  tensor(0.9808, device='cuda:0', grad_fn=<DivBackward0>)
Memory status after this epoch: 
Memory allocated:  93.1689453125
Memory cached:  116.0
	 epoch  10 training error:  tensor(1.1752, device='cuda:0', grad_fn=<DivBackward0>)
Memory status after this epoch: 
Memory allocated:  93.1689453125
Memory cached:  116.0
	 epoch  20 training error:  tensor(0.6674, device='cuda:0', grad_fn=<DivBackward0>)
Memory status after this epoch: 
Memory allocated:  93.1689453125
Memory cached:  116.0
	 epoch  30 training error:  tensor(0.5686, device='cuda:0', grad_fn=<DivBackward0>)
Memory status after this epoch: 
Memory allocated:  93.1689453125
Memory cached:  116.0
	 epoch  40 training error:  tensor(0.5220, device='cuda:0', grad_fn=<DivBackward0>)
Memory status after this epoch: 
Memory allocated:  93.1689453125
Memory cached:  116.0
	 epoch  50 training error:  tensor(0.4896, device='cuda:0', grad_fn=<DivBackward0>)
Memory status after this epoch: 
Memory allocated:  93.1689453125
Memory cached:  116.0
	 epoch  60 training error:  tensor(0.4612, device='cuda:0', grad_fn=<DivBackward0>)
Memory status after this epoch: 
Memory allocated:  93.1689453125
Memory cached:  116.0
	 epoch  70 training error:  tensor(0.4338, device='cuda:0', grad_fn=<DivBackward0>)
Memory status after this epoch: 
Memory allocated:  93.1689453125
Memory cached:  116.0
	 epoch  80 training error:  tensor(0.4063, device='cuda:0', grad_fn=<DivBackward0>)
Memory status after this epoch: 
Memory allocated:  93.1689453125
Memory cached:  116.0
	 epoch  90 training error:  tensor(0.3772, device='cuda:0', grad_fn=<DivBackward0>)
Memory status after this epoch: 
Memory allocated:  93.1689453125
Memory cached:  116.0
[I 2023-12-04 01:27:39,132] Trial 8 finished with value: 0.17079024016857147 and parameters: {'W_layers': 3, 'W_layer_units_exponent_0': 9, 'W_layer_units_exponent_1': 8, 'W_layer_units_exponent_2': 9, 'D_layers': 2, 'D_layer_units_exponent_0': 4, 'D_layer_units_exponent_1': 9, 'log_learning_rate': -4.498234478015943, 'log_learning_rate_D': -1.2568162878281344, 'training_batch_size': 6, 'training_p': 8}. Best is trial 0 with value: 0.027389800176024437.
Time for this trial:  53.08622694015503
Memory status after this trial: 
Memory allocated:  132.51171875
Memory cached:  152.0
--------------------  Trial  9   --------------------
Start timing: 
Parameters: 
{'W_layers': 4, 'W_layer_units_exponent_0': 4, 'W_layer_units_exponent_1': 8, 'W_layer_units_exponent_2': 10, 'W_layer_units_exponent_3': 6, 'D_layers': 4, 'D_layer_units_exponent_0': 9, 'D_layer_units_exponent_1': 4, 'D_layer_units_exponent_2': 5, 'D_layer_units_exponent_3': 4, 'log_learning_rate': -4.34751214722619, 'log_learning_rate_D': -4.235941414370801, 'training_batch_size': 9, 'training_p': 8}
	 epoch  0 training error:  tensor(0.9880, device='cuda:0', grad_fn=<DivBackward0>)
Memory status after this epoch: 
Memory allocated:  94.212890625
Memory cached:  112.0
	 epoch  10 training error:  tensor(0.8520, device='cuda:0', grad_fn=<DivBackward0>)
Memory status after this epoch: 
Memory allocated:  94.212890625
Memory cached:  114.0
	 epoch  20 training error:  tensor(0.7172, device='cuda:0', grad_fn=<DivBackward0>)
Memory status after this epoch: 
Memory allocated:  94.212890625
Memory cached:  114.0
	 epoch  30 training error:  tensor(0.5781, device='cuda:0', grad_fn=<DivBackward0>)
Memory status after this epoch: 
Memory allocated:  94.212890625
Memory cached:  114.0
	 epoch  40 training error:  tensor(0.4327, device='cuda:0', grad_fn=<DivBackward0>)
Memory status after this epoch: 
Memory allocated:  94.212890625
Memory cached:  114.0
	 epoch  50 training error:  tensor(0.2887, device='cuda:0', grad_fn=<DivBackward0>)
Memory status after this epoch: 
Memory allocated:  94.212890625
Memory cached:  114.0
	 epoch  60 training error:  tensor(0.2813, device='cuda:0', grad_fn=<DivBackward0>)
Memory status after this epoch: 
Memory allocated:  94.212890625
Memory cached:  114.0
	 epoch  70 training error:  tensor(0.2514, device='cuda:0', grad_fn=<DivBackward0>)
Memory status after this epoch: 
Memory allocated:  94.212890625
Memory cached:  114.0
	 epoch  80 training error:  tensor(0.2415, device='cuda:0', grad_fn=<DivBackward0>)
Memory status after this epoch: 
Memory allocated:  94.212890625
Memory cached:  114.0
	 epoch  90 training error:  tensor(0.2265, device='cuda:0', grad_fn=<DivBackward0>)
Memory status after this epoch: 
Memory allocated:  94.212890625
Memory cached:  114.0
[I 2023-12-04 01:28:20,852] Trial 9 finished with value: 0.11845576763153076 and parameters: {'W_layers': 4, 'W_layer_units_exponent_0': 4, 'W_layer_units_exponent_1': 8, 'W_layer_units_exponent_2': 10, 'W_layer_units_exponent_3': 6, 'D_layers': 4, 'D_layer_units_exponent_0': 9, 'D_layer_units_exponent_1': 4, 'D_layer_units_exponent_2': 5, 'D_layer_units_exponent_3': 4, 'log_learning_rate': -4.34751214722619, 'log_learning_rate_D': -4.235941414370801, 'training_batch_size': 9, 'training_p': 8}. Best is trial 0 with value: 0.027389800176024437.
Time for this trial:  41.6270534992218
Memory status after this trial: 
Memory allocated:  136.0859375
Memory cached:  154.0
--------------------  Trial  10   --------------------
Start timing: 
Parameters: 
{'W_layers': 3, 'W_layer_units_exponent_0': 7, 'W_layer_units_exponent_1': 9, 'W_layer_units_exponent_2': 9, 'D_layers': 5, 'D_layer_units_exponent_0': 8, 'D_layer_units_exponent_1': 9, 'D_layer_units_exponent_2': 6, 'D_layer_units_exponent_3': 10, 'D_layer_units_exponent_4': 5, 'log_learning_rate': -2.89506608387948, 'log_learning_rate_D': -3.1109194352161498, 'training_batch_size': 8, 'training_p': 3}
	 epoch  0 training error:  tensor(0.9648, device='cuda:0', grad_fn=<DivBackward0>)
Memory status after this epoch: 
Memory allocated:  98.005859375
Memory cached:  116.0
	 epoch  10 training error:  tensor(0.1221, device='cuda:0', grad_fn=<DivBackward0>)
Memory status after this epoch: 
Memory allocated:  98.005859375
Memory cached:  118.0
	 epoch  20 training error:  tensor(0.1152, device='cuda:0', grad_fn=<DivBackward0>)
Memory status after this epoch: 
Memory allocated:  98.005859375
Memory cached:  118.0
	 epoch  30 training error:  tensor(0.0970, device='cuda:0', grad_fn=<DivBackward0>)
Memory status after this epoch: 
Memory allocated:  98.005859375
Memory cached:  118.0
	 epoch  40 training error:  tensor(0.0767, device='cuda:0', grad_fn=<DivBackward0>)
Memory status after this epoch: 
Memory allocated:  98.005859375
Memory cached:  118.0
	 epoch  50 training error:  tensor(0.0265, device='cuda:0', grad_fn=<DivBackward0>)
Memory status after this epoch: 
Memory allocated:  98.005859375
Memory cached:  118.0
	 epoch  60 training error:  tensor(0.0496, device='cuda:0', grad_fn=<DivBackward0>)
Memory status after this epoch: 
Memory allocated:  98.005859375
Memory cached:  118.0
	 epoch  70 training error:  tensor(0.0492, device='cuda:0', grad_fn=<DivBackward0>)
Memory status after this epoch: 
Memory allocated:  98.005859375
Memory cached:  118.0
	 epoch  80 training error:  tensor(0.0707, device='cuda:0', grad_fn=<DivBackward0>)
Memory status after this epoch: 
Memory allocated:  98.005859375
Memory cached:  118.0
	 epoch  90 training error:  tensor(0.0439, device='cuda:0', grad_fn=<DivBackward0>)
Memory status after this epoch: 
Memory allocated:  98.005859375
Memory cached:  118.0
[I 2023-12-04 01:29:04,385] Trial 10 finished with value: 0.033093925565481186 and parameters: {'W_layers': 3, 'W_layer_units_exponent_0': 7, 'W_layer_units_exponent_1': 9, 'W_layer_units_exponent_2': 9, 'D_layers': 5, 'D_layer_units_exponent_0': 8, 'D_layer_units_exponent_1': 9, 'D_layer_units_exponent_2': 6, 'D_layer_units_exponent_3': 10, 'D_layer_units_exponent_4': 5, 'log_learning_rate': -2.89506608387948, 'log_learning_rate_D': -3.1109194352161498, 'training_batch_size': 8, 'training_p': 3}. Best is trial 0 with value: 0.027389800176024437.
Time for this trial:  43.43871831893921
Memory status after this trial: 
Memory allocated:  162.732421875
Memory cached:  184.0
--------------------  Trial  11   --------------------
Start timing: 
Parameters: 
{'W_layers': 5, 'W_layer_units_exponent_0': 10, 'W_layer_units_exponent_1': 6, 'W_layer_units_exponent_2': 4, 'W_layer_units_exponent_3': 10, 'W_layer_units_exponent_4': 10, 'D_layers': 7, 'D_layer_units_exponent_0': 10, 'D_layer_units_exponent_1': 4, 'D_layer_units_exponent_2': 10, 'D_layer_units_exponent_3': 6, 'D_layer_units_exponent_4': 4, 'D_layer_units_exponent_5': 7, 'D_layer_units_exponent_6': 4, 'log_learning_rate': -4.807167938889431, 'log_learning_rate_D': -3.898331207491409, 'training_batch_size': 6, 'training_p': 5}
	 epoch  0 training error:  tensor(0.9880, device='cuda:0', grad_fn=<DivBackward0>)
Memory status after this epoch: 
Memory allocated:  108.1279296875
Memory cached:  118.0
	 epoch  10 training error:  tensor(0.7234, device='cuda:0', grad_fn=<DivBackward0>)
Memory status after this epoch: 
Memory allocated:  108.1279296875
Memory cached:  118.0
	 epoch  20 training error:  tensor(0.4218, device='cuda:0', grad_fn=<DivBackward0>)
Memory status after this epoch: 
Memory allocated:  108.1279296875
Memory cached:  118.0
	 epoch  30 training error:  tensor(0.2361, device='cuda:0', grad_fn=<DivBackward0>)
Memory status after this epoch: 
Memory allocated:  108.1279296875
Memory cached:  118.0
	 epoch  40 training error:  tensor(0.2012, device='cuda:0', grad_fn=<DivBackward0>)
Memory status after this epoch: 
Memory allocated:  108.1279296875
Memory cached:  118.0
	 epoch  50 training error:  tensor(0.1920, device='cuda:0', grad_fn=<DivBackward0>)
Memory status after this epoch: 
Memory allocated:  108.1279296875
Memory cached:  118.0
	 epoch  60 training error:  tensor(0.1832, device='cuda:0', grad_fn=<DivBackward0>)
Memory status after this epoch: 
Memory allocated:  108.1279296875
Memory cached:  118.0
	 epoch  70 training error:  tensor(0.1730, device='cuda:0', grad_fn=<DivBackward0>)
Memory status after this epoch: 
Memory allocated:  108.1279296875
Memory cached:  118.0
	 epoch  80 training error:  tensor(0.1609, device='cuda:0', grad_fn=<DivBackward0>)
Memory status after this epoch: 
Memory allocated:  108.1279296875
Memory cached:  118.0
	 epoch  90 training error:  tensor(0.1403, device='cuda:0', grad_fn=<DivBackward0>)
Memory status after this epoch: 
Memory allocated:  108.1279296875
Memory cached:  118.0
[I 2023-12-04 01:30:29,607] Trial 11 finished with value: 0.07137628644704819 and parameters: {'W_layers': 5, 'W_layer_units_exponent_0': 10, 'W_layer_units_exponent_1': 6, 'W_layer_units_exponent_2': 4, 'W_layer_units_exponent_3': 10, 'W_layer_units_exponent_4': 10, 'D_layers': 7, 'D_layer_units_exponent_0': 10, 'D_layer_units_exponent_1': 4, 'D_layer_units_exponent_2': 10, 'D_layer_units_exponent_3': 6, 'D_layer_units_exponent_4': 4, 'D_layer_units_exponent_5': 7, 'D_layer_units_exponent_6': 4, 'log_learning_rate': -4.807167938889431, 'log_learning_rate_D': -3.898331207491409, 'training_batch_size': 6, 'training_p': 5}. Best is trial 0 with value: 0.027389800176024437.
Time for this trial:  85.03310799598694
Memory status after this trial: 
Memory allocated:  222.9365234375
Memory cached:  234.0
--------------------  Trial  12   --------------------
Start timing: 
Parameters: 
{'W_layers': 4, 'W_layer_units_exponent_0': 8, 'W_layer_units_exponent_1': 10, 'W_layer_units_exponent_2': 8, 'W_layer_units_exponent_3': 10, 'D_layers': 6, 'D_layer_units_exponent_0': 10, 'D_layer_units_exponent_1': 9, 'D_layer_units_exponent_2': 7, 'D_layer_units_exponent_3': 7, 'D_layer_units_exponent_4': 4, 'D_layer_units_exponent_5': 4, 'log_learning_rate': -3.715337338531186, 'log_learning_rate_D': -3.4940823375950454, 'training_batch_size': 7, 'training_p': 3}
	 epoch  0 training error:  tensor(0.9949, device='cuda:0', grad_fn=<DivBackward0>)
Memory status after this epoch: 
Memory allocated:  110.455078125
Memory cached:  124.0
	 epoch  10 training error:  tensor(0.3500, device='cuda:0', grad_fn=<DivBackward0>)
Memory status after this epoch: 
Memory allocated:  110.455078125
Memory cached:  126.0
	 epoch  20 training error:  tensor(0.1571, device='cuda:0', grad_fn=<DivBackward0>)
Memory status after this epoch: 
Memory allocated:  110.455078125
Memory cached:  126.0
	 epoch  30 training error:  tensor(0.1206, device='cuda:0', grad_fn=<DivBackward0>)
Memory status after this epoch: 
Memory allocated:  110.455078125
Memory cached:  126.0
	 epoch  40 training error:  tensor(0.1109, device='cuda:0', grad_fn=<DivBackward0>)
Memory status after this epoch: 
Memory allocated:  110.455078125
Memory cached:  126.0
	 epoch  50 training error:  tensor(0.1033, device='cuda:0', grad_fn=<DivBackward0>)
Memory status after this epoch: 
Memory allocated:  110.455078125
Memory cached:  126.0
	 epoch  60 training error:  tensor(0.0844, device='cuda:0', grad_fn=<DivBackward0>)
Memory status after this epoch: 
Memory allocated:  110.455078125
Memory cached:  126.0
	 epoch  70 training error:  tensor(0.0714, device='cuda:0', grad_fn=<DivBackward0>)
Memory status after this epoch: 
Memory allocated:  110.455078125
Memory cached:  126.0
	 epoch  80 training error:  tensor(0.0492, device='cuda:0', grad_fn=<DivBackward0>)
Memory status after this epoch: 
Memory allocated:  110.455078125
Memory cached:  126.0
	 epoch  90 training error:  tensor(0.0287, device='cuda:0', grad_fn=<DivBackward0>)
Memory status after this epoch: 
Memory allocated:  110.455078125
Memory cached:  126.0
